<?xml version="1.0" encoding="UTF-8"?>
<testsuite xmlns:xsi="http://www.w3.org/2001/XMLSchema-instance" xsi:noNamespaceSchemaLocation="https://maven.apache.org/surefire/maven-surefire-plugin/xsd/surefire-test-report.xsd" name="org.apache.hadoop.ozone.client.rpc.TestBlockOutputStreamWithFailures" time="419.351" tests="5" errors="1" skipped="0" failures="0">
  <properties>
    <property name="awt.toolkit" value="sun.awt.X11.XToolkit"/>
    <property name="file.encoding.pkg" value="sun.io"/>
    <property name="java.specification.version" value="1.8"/>
    <property name="sun.cpu.isalist" value=""/>
    <property name="sun.jnu.encoding" value="UTF-8"/>
    <property name="java.class.path" value="/home/runner/work/ozone/ozone/hadoop-ozone/integration-test/target/test-classes:/home/runner/work/ozone/ozone/hadoop-ozone/integration-test/target/classes:/home/runner/.m2/repository/org/apache/ozone/ozone-common/1.2.0-SNAPSHOT/ozone-common-1.2.0-SNAPSHOT.jar:/home/runner/.m2/repository/org/apache/commons/commons-compress/1.21/commons-compress-1.21.jar:/home/runner/.m2/repository/org/apache/ozone/hdds-common/1.2.0-SNAPSHOT/hdds-common-1.2.0-SNAPSHOT.jar:/home/runner/.m2/repository/org/apache/ozone/hdds-client/1.2.0-SNAPSHOT/hdds-client-1.2.0-SNAPSHOT.jar:/home/runner/.m2/repository/org/apache/ozone/ozone-interface-client/1.2.0-SNAPSHOT/ozone-interface-client-1.2.0-SNAPSHOT.jar:/home/runner/.m2/repository/org/apache/ozone/hdds-test-utils/1.2.0-SNAPSHOT/hdds-test-utils-1.2.0-SNAPSHOT.jar:/home/runner/.m2/repository/com/google/guava/guava/30.1.1-jre/guava-30.1.1-jre.jar:/home/runner/.m2/repository/com/google/guava/failureaccess/1.0.1/failureaccess-1.0.1.jar:/home/runner/.m2/repository/com/google/guava/listenablefuture/9999.0-empty-to-avoid-conflict-with-guava/listenablefuture-9999.0-empty-to-avoid-conflict-with-guava.jar:/home/runner/.m2/repository/com/google/code/findbugs/jsr305/3.0.0/jsr305-3.0.0.jar:/home/runner/.m2/repository/org/checkerframework/checker-qual/3.8.0/checker-qual-3.8.0.jar:/home/runner/.m2/repository/com/google/errorprone/error_prone_annotations/2.2.0/error_prone_annotations-2.2.0.jar:/home/runner/.m2/repository/com/google/j2objc/j2objc-annotations/1.3/j2objc-annotations-1.3.jar:/home/runner/.m2/repository/commons-io/commons-io/2.11.0/commons-io-2.11.0.jar:/home/runner/.m2/repository/commons-logging/commons-logging/1.2/commons-logging-1.2.jar:/home/runner/.m2/repository/log4j/log4j/1.2.17/log4j-1.2.17.jar:/home/runner/.m2/repository/org/slf4j/slf4j-api/1.7.30/slf4j-api-1.7.30.jar:/home/runner/.m2/repository/org/apache/ozone/hdds-server-scm/1.2.0-SNAPSHOT/hdds-server-scm-1.2.0-SNAPSHOT.jar:/home/runner/.m2/repository/org/apache/ozone/hdds-container-service/1.2.0-SNAPSHOT/hdds-container-service-1.2.0-SNAPSHOT.jar:/home/runner/.m2/repository/org/apache/ozone/hdds-hadoop-dependency-server/1.2.0-SNAPSHOT/hdds-hadoop-dependency-server-1.2.0-SNAPSHOT.jar:/home/runner/.m2/repository/org/apache/hadoop/hadoop-hdfs/3.3.1/hadoop-hdfs-3.3.1.jar:/home/runner/.m2/repository/org/apache/ozone/hdds-server-framework/1.2.0-SNAPSHOT/hdds-server-framework-1.2.0-SNAPSHOT.jar:/home/runner/.m2/repository/org/apache/ozone/hdds-interface-server/1.2.0-SNAPSHOT/hdds-interface-server-1.2.0-SNAPSHOT.jar:/home/runner/.m2/repository/org/eclipse/jetty/jetty-servlet/9.4.43.v20210629/jetty-servlet-9.4.43.v20210629.jar:/home/runner/.m2/repository/org/eclipse/jetty/jetty-security/9.4.43.v20210629/jetty-security-9.4.43.v20210629.jar:/home/runner/.m2/repository/org/rocksdb/rocksdbjni/6.25.3/rocksdbjni-6.25.3.jar:/home/runner/.m2/repository/io/prometheus/simpleclient_dropwizard/0.7.0/simpleclient_dropwizard-0.7.0.jar:/home/runner/.m2/repository/io/prometheus/simpleclient/0.7.0/simpleclient-0.7.0.jar:/home/runner/.m2/repository/io/prometheus/simpleclient_common/0.7.0/simpleclient_common-0.7.0.jar:/home/runner/.m2/repository/com/fasterxml/jackson/datatype/jackson-datatype-jsr310/2.12.1/jackson-datatype-jsr310-2.12.1.jar:/home/runner/.m2/repository/io/dropwizard/metrics/metrics-core/3.2.4/metrics-core-3.2.4.jar:/home/runner/.m2/repository/org/apache/hadoop/hadoop-hdfs-client/3.3.1/hadoop-hdfs-client-3.3.1.jar:/home/runner/.m2/repository/org/bouncycastle/bcprov-jdk15on/1.67/bcprov-jdk15on-1.67.jar:/home/runner/.m2/repository/com/google/protobuf/protobuf-java/2.5.0/protobuf-java-2.5.0.jar:/home/runner/.m2/repository/org/apache/ozone/ozone-manager/1.2.0-SNAPSHOT/ozone-manager-1.2.0-SNAPSHOT.jar:/home/runner/.m2/repository/org/aspectj/aspectjrt/1.9.7/aspectjrt-1.9.7.jar:/home/runner/.m2/repository/org/aspectj/aspectjweaver/1.9.7/aspectjweaver-1.9.7.jar:/home/runner/.m2/repository/org/apache/ozone/hdds-interface-client/1.2.0-SNAPSHOT/hdds-interface-client-1.2.0-SNAPSHOT.jar:/home/runner/.m2/repository/org/apache/hadoop/thirdparty/hadoop-shaded-protobuf_3_7/1.1.1/hadoop-shaded-protobuf_3_7-1.1.1.jar:/home/runner/.m2/repository/org/apache/ozone/ozone-interface-storage/1.2.0-SNAPSHOT/ozone-interface-storage-1.2.0-SNAPSHOT.jar:/home/runner/.m2/repository/org/reflections/reflections/0.9.11/reflections-0.9.11.jar:/home/runner/.m2/repository/org/apache/hadoop/hadoop-minikdc/3.3.1/hadoop-minikdc-3.3.1.jar:/home/runner/.m2/repository/org/apache/kerby/kerb-simplekdc/1.0.1/kerb-simplekdc-1.0.1.jar:/home/runner/.m2/repository/org/apache/kerby/kerb-client/1.0.1/kerb-client-1.0.1.jar:/home/runner/.m2/repository/org/apache/kerby/kerby-config/1.0.1/kerby-config-1.0.1.jar:/home/runner/.m2/repository/org/apache/kerby/kerb-common/1.0.1/kerb-common-1.0.1.jar:/home/runner/.m2/repository/org/apache/kerby/kerb-crypto/1.0.1/kerb-crypto-1.0.1.jar:/home/runner/.m2/repository/org/apache/kerby/kerb-util/1.0.1/kerb-util-1.0.1.jar:/home/runner/.m2/repository/org/apache/kerby/token-provider/1.0.1/token-provider-1.0.1.jar:/home/runner/.m2/repository/org/apache/kerby/kerb-admin/1.0.1/kerb-admin-1.0.1.jar:/home/runner/.m2/repository/org/apache/kerby/kerb-server/1.0.1/kerb-server-1.0.1.jar:/home/runner/.m2/repository/org/apache/kerby/kerb-identity/1.0.1/kerb-identity-1.0.1.jar:/home/runner/.m2/repository/org/apache/kerby/kerby-xdr/1.0.1/kerby-xdr-1.0.1.jar:/home/runner/.m2/repository/org/slf4j/slf4j-log4j12/1.7.30/slf4j-log4j12-1.7.30.jar:/home/runner/.m2/repository/org/apache/ozone/ozone-s3gateway/1.2.0-SNAPSHOT/ozone-s3gateway-1.2.0-SNAPSHOT.jar:/home/runner/.m2/repository/org/javassist/javassist/3.21.0-GA/javassist-3.21.0-GA.jar:/home/runner/.m2/repository/org/jboss/weld/servlet/weld-servlet/2.4.7.Final/weld-servlet-2.4.7.Final.jar:/home/runner/.m2/repository/org/glassfish/jersey/containers/jersey-container-servlet-core/2.33/jersey-container-servlet-core-2.33.jar:/home/runner/.m2/repository/org/glassfish/hk2/external/jakarta.inject/2.6.1/jakarta.inject-2.6.1.jar:/home/runner/.m2/repository/org/glassfish/jersey/core/jersey-common/2.33/jersey-common-2.33.jar:/home/runner/.m2/repository/jakarta/ws/rs/jakarta.ws.rs-api/2.1.6/jakarta.ws.rs-api-2.1.6.jar:/home/runner/.m2/repository/org/glassfish/jersey/ext/cdi/jersey-cdi1x/2.33/jersey-cdi1x-2.33.jar:/home/runner/.m2/repository/org/glassfish/jersey/inject/jersey-hk2/2.33/jersey-hk2-2.33.jar:/home/runner/.m2/repository/org/glassfish/hk2/hk2-locator/2.6.1/hk2-locator-2.6.1.jar:/home/runner/.m2/repository/org/glassfish/jersey/media/jersey-media-jaxb/2.33/jersey-media-jaxb-2.33.jar:/home/runner/.m2/repository/org/glassfish/hk2/osgi-resource-locator/1.0.3/osgi-resource-locator-1.0.3.jar:/home/runner/.m2/repository/org/glassfish/hk2/hk2-api/2.5.0/hk2-api-2.5.0.jar:/home/runner/.m2/repository/org/glassfish/hk2/hk2-utils/2.5.0/hk2-utils-2.5.0.jar:/home/runner/.m2/repository/org/glassfish/hk2/external/aopalliance-repackaged/2.5.0/aopalliance-repackaged-2.5.0.jar:/home/runner/.m2/repository/com/fasterxml/jackson/dataformat/jackson-dataformat-xml/2.12.1/jackson-dataformat-xml-2.12.1.jar:/home/runner/.m2/repository/com/fasterxml/jackson/core/jackson-core/2.12.1/jackson-core-2.12.1.jar:/home/runner/.m2/repository/com/fasterxml/jackson/module/jackson-module-jaxb-annotations/2.12.1/jackson-module-jaxb-annotations-2.12.1.jar:/home/runner/.m2/repository/jakarta/xml/bind/jakarta.xml.bind-api/2.3.2/jakarta.xml.bind-api-2.3.2.jar:/home/runner/.m2/repository/org/codehaus/woodstox/stax2-api/3.1.4/stax2-api-3.1.4.jar:/home/runner/.m2/repository/com/fasterxml/woodstox/woodstox-core/5.0.3/woodstox-core-5.0.3.jar:/home/runner/.m2/repository/javax/enterprise/cdi-api/1.2/cdi-api-1.2.jar:/home/runner/.m2/repository/javax/el/javax.el-api/3.0.0/javax.el-api-3.0.0.jar:/home/runner/.m2/repository/javax/interceptor/javax.interceptor-api/1.2/javax.interceptor-api-1.2.jar:/home/runner/.m2/repository/javax/inject/javax.inject/1/javax.inject-1.jar:/home/runner/.m2/repository/javax/xml/bind/jaxb-api/2.3.0/jaxb-api-2.3.0.jar:/home/runner/.m2/repository/org/glassfish/jaxb/jaxb-runtime/2.3.0.1/jaxb-runtime-2.3.0.1.jar:/home/runner/.m2/repository/org/glassfish/jaxb/jaxb-core/2.3.0.1/jaxb-core-2.3.0.1.jar:/home/runner/.m2/repository/org/glassfish/jaxb/txw2/2.3.0.1/txw2-2.3.0.1.jar:/home/runner/.m2/repository/com/sun/istack/istack-commons-runtime/3.0.5/istack-commons-runtime-3.0.5.jar:/home/runner/.m2/repository/org/jvnet/staxex/stax-ex/1.7.8/stax-ex-1.7.8.jar:/home/runner/.m2/repository/com/sun/xml/fastinfoset/FastInfoset/1.2.13/FastInfoset-1.2.13.jar:/home/runner/.m2/repository/javax/activation/activation/1.1.1/activation-1.1.1.jar:/home/runner/.m2/repository/org/apache/ozone/ozone-csi/1.2.0-SNAPSHOT/ozone-csi-1.2.0-SNAPSHOT.jar:/home/runner/.m2/repository/com/google/protobuf/protobuf-java-util/3.12.0/protobuf-java-util-3.12.0.jar:/home/runner/.m2/repository/com/google/code/gson/gson/2.2.4/gson-2.2.4.jar:/home/runner/.m2/repository/org/apache/ozone/hdds-config/1.2.0-SNAPSHOT/hdds-config-1.2.0-SNAPSHOT.jar:/home/runner/.m2/repository/io/grpc/grpc-netty/1.33.0/grpc-netty-1.33.0.jar:/home/runner/.m2/repository/io/grpc/grpc-core/1.33.0/grpc-core-1.33.0.jar:/home/runner/.m2/repository/com/google/android/annotations/4.1.1.4/annotations-4.1.1.4.jar:/home/runner/.m2/repository/io/netty/netty-codec-http2/4.1.63.Final/netty-codec-http2-4.1.63.Final.jar:/home/runner/.m2/repository/io/netty/netty-codec-http/4.1.63.Final/netty-codec-http-4.1.63.Final.jar:/home/runner/.m2/repository/io/netty/netty-handler-proxy/4.1.63.Final/netty-handler-proxy-4.1.63.Final.jar:/home/runner/.m2/repository/io/netty/netty-codec-socks/4.1.63.Final/netty-codec-socks-4.1.63.Final.jar:/home/runner/.m2/repository/io/perfmark/perfmark-api/0.19.0/perfmark-api-0.19.0.jar:/home/runner/.m2/repository/org/codehaus/mojo/animal-sniffer-annotations/1.18/animal-sniffer-annotations-1.18.jar:/home/runner/.m2/repository/io/netty/netty-transport-native-epoll/4.1.63.Final/netty-transport-native-epoll-4.1.63.Final.jar:/home/runner/.m2/repository/io/netty/netty-common/4.1.63.Final/netty-common-4.1.63.Final.jar:/home/runner/.m2/repository/io/netty/netty-buffer/4.1.63.Final/netty-buffer-4.1.63.Final.jar:/home/runner/.m2/repository/io/netty/netty-transport-native-unix-common/4.1.63.Final/netty-transport-native-unix-common-4.1.63.Final.jar:/home/runner/.m2/repository/io/grpc/grpc-protobuf/1.33.0/grpc-protobuf-1.33.0.jar:/home/runner/.m2/repository/io/grpc/grpc-api/1.33.0/grpc-api-1.33.0.jar:/home/runner/.m2/repository/io/grpc/grpc-context/1.33.0/grpc-context-1.33.0.jar:/home/runner/.m2/repository/com/google/api/grpc/proto-google-common-protos/1.17.0/proto-google-common-protos-1.17.0.jar:/home/runner/.m2/repository/io/grpc/grpc-protobuf-lite/1.33.0/grpc-protobuf-lite-1.33.0.jar:/home/runner/.m2/repository/io/grpc/grpc-stub/1.33.0/grpc-stub-1.33.0.jar:/home/runner/.m2/repository/org/apache/ozone/ozone-recon/1.2.0-SNAPSHOT/ozone-recon-1.2.0-SNAPSHOT.jar:/home/runner/.m2/repository/org/apache/ozone/ozone-reconcodegen/1.2.0-SNAPSHOT/ozone-reconcodegen-1.2.0-SNAPSHOT.jar:/home/runner/.m2/repository/com/google/inject/extensions/guice-multibindings/4.0/guice-multibindings-4.0.jar:/home/runner/.m2/repository/com/google/inject/guice/4.0/guice-4.0.jar:/home/runner/.m2/repository/aopalliance/aopalliance/1.0/aopalliance-1.0.jar:/home/runner/.m2/repository/com/google/inject/extensions/guice-assistedinject/4.0/guice-assistedinject-4.0.jar:/home/runner/.m2/repository/com/google/inject/extensions/guice-servlet/4.0/guice-servlet-4.0.jar:/home/runner/.m2/repository/org/glassfish/jersey/containers/jersey-container-servlet/2.33/jersey-container-servlet-2.33.jar:/home/runner/.m2/repository/org/glassfish/hk2/guice-bridge/2.5.0/guice-bridge-2.5.0.jar:/home/runner/.m2/repository/org/glassfish/jersey/core/jersey-server/2.33/jersey-server-2.33.jar:/home/runner/.m2/repository/org/glassfish/jersey/core/jersey-client/2.33/jersey-client-2.33.jar:/home/runner/.m2/repository/jakarta/annotation/jakarta.annotation-api/1.3.5/jakarta.annotation-api-1.3.5.jar:/home/runner/.m2/repository/jakarta/validation/jakarta.validation-api/2.0.2/jakarta.validation-api-2.0.2.jar:/home/runner/.m2/repository/org/glassfish/jersey/media/jersey-media-json-jackson/2.33/jersey-media-json-jackson-2.33.jar:/home/runner/.m2/repository/org/glassfish/jersey/ext/jersey-entity-filtering/2.33/jersey-entity-filtering-2.33.jar:/home/runner/.m2/repository/org/jooq/jooq/3.11.10/jooq-3.11.10.jar:/home/runner/.m2/repository/org/jooq/jooq-meta/3.11.10/jooq-meta-3.11.10.jar:/home/runner/.m2/repository/org/jooq/jooq-codegen/3.11.10/jooq-codegen-3.11.10.jar:/home/runner/.m2/repository/com/jolbox/bonecp/0.8.0.RELEASE/bonecp-0.8.0.RELEASE.jar:/home/runner/.m2/repository/org/apache/derby/derby/10.14.2.0/derby-10.14.2.0.jar:/home/runner/.m2/repository/org/xerial/sqlite-jdbc/3.25.2/sqlite-jdbc-3.25.2.jar:/home/runner/.m2/repository/org/springframework/spring-jdbc/5.2.18.RELEASE/spring-jdbc-5.2.18.RELEASE.jar:/home/runner/.m2/repository/org/springframework/spring-beans/5.2.18.RELEASE/spring-beans-5.2.18.RELEASE.jar:/home/runner/.m2/repository/org/springframework/spring-core/5.2.18.RELEASE/spring-core-5.2.18.RELEASE.jar:/home/runner/.m2/repository/org/springframework/spring-jcl/5.2.18.RELEASE/spring-jcl-5.2.18.RELEASE.jar:/home/runner/.m2/repository/org/springframework/spring-tx/5.2.18.RELEASE/spring-tx-5.2.18.RELEASE.jar:/home/runner/.m2/repository/org/apache/ozone/ozone-client/1.2.0-SNAPSHOT/ozone-client-1.2.0-SNAPSHOT.jar:/home/runner/.m2/repository/org/apache/ozone/ozone-filesystem/1.2.0-SNAPSHOT/ozone-filesystem-1.2.0-SNAPSHOT.jar:/home/runner/.m2/repository/org/apache/ozone/ozone-filesystem-common/1.2.0-SNAPSHOT/ozone-filesystem-common-1.2.0-SNAPSHOT.jar:/home/runner/.m2/repository/org/apache/ozone/ozone-tools/1.2.0-SNAPSHOT/ozone-tools-1.2.0-SNAPSHOT.jar:/home/runner/.m2/repository/org/apache/ratis/ratis-tools/2.2.0/ratis-tools-2.2.0.jar:/home/runner/.m2/repository/com/amazonaws/aws-java-sdk-core/1.11.1034/aws-java-sdk-core-1.11.1034.jar:/home/runner/.m2/repository/org/apache/httpcomponents/httpclient/4.5.13/httpclient-4.5.13.jar:/home/runner/.m2/repository/org/apache/httpcomponents/httpcore/4.4.13/httpcore-4.4.13.jar:/home/runner/.m2/repository/software/amazon/ion/ion-java/1.0.2/ion-java-1.0.2.jar:/home/runner/.m2/repository/com/fasterxml/jackson/dataformat/jackson-dataformat-cbor/2.12.1/jackson-dataformat-cbor-2.12.1.jar:/home/runner/.m2/repository/joda-time/joda-time/2.8.1/joda-time-2.8.1.jar:/home/runner/.m2/repository/com/amazonaws/aws-java-sdk-s3/1.11.1034/aws-java-sdk-s3-1.11.1034.jar:/home/runner/.m2/repository/com/amazonaws/aws-java-sdk-kms/1.11.1034/aws-java-sdk-kms-1.11.1034.jar:/home/runner/.m2/repository/com/amazonaws/jmespath-java/1.11.1034/jmespath-java-1.11.1034.jar:/home/runner/.m2/repository/org/kohsuke/metainf-services/metainf-services/1.8/metainf-services-1.8.jar:/home/runner/.m2/repository/org/apache/ozone/hdds-tools/1.2.0-SNAPSHOT/hdds-tools-1.2.0-SNAPSHOT.jar:/home/runner/.m2/repository/commons-cli/commons-cli/1.2/commons-cli-1.2.jar:/home/runner/.m2/repository/org/apache/commons/commons-lang3/3.7/commons-lang3-3.7.jar:/home/runner/.m2/repository/org/apache/ozone/ozone-manager/1.2.0-SNAPSHOT/ozone-manager-1.2.0-SNAPSHOT-tests.jar:/home/runner/.m2/repository/org/apache/ozone/hdds-common/1.2.0-SNAPSHOT/hdds-common-1.2.0-SNAPSHOT-tests.jar:/home/runner/.m2/repository/org/apache/ozone/hdds-hadoop-dependency-client/1.2.0-SNAPSHOT/hdds-hadoop-dependency-client-1.2.0-SNAPSHOT.jar:/home/runner/.m2/repository/info/picocli/picocli/4.6.1/picocli-4.6.1.jar:/home/runner/.m2/repository/com/fasterxml/jackson/core/jackson-annotations/2.12.1/jackson-annotations-2.12.1.jar:/home/runner/.m2/repository/javax/annotation/javax.annotation-api/1.2/javax.annotation-api-1.2.jar:/home/runner/.m2/repository/org/apache/ratis/ratis-server/2.2.0/ratis-server-2.2.0.jar:/home/runner/.m2/repository/org/apache/ratis/ratis-client/2.2.0/ratis-client-2.2.0.jar:/home/runner/.m2/repository/org/apache/ratis/ratis-server-api/2.2.0/ratis-server-api-2.2.0.jar:/home/runner/.m2/repository/org/apache/ratis/ratis-metrics/2.2.0/ratis-metrics-2.2.0.jar:/home/runner/.m2/repository/org/apache/ratis/ratis-netty/2.2.0/ratis-netty-2.2.0.jar:/home/runner/.m2/repository/org/apache/ratis/ratis-grpc/2.2.0/ratis-grpc-2.2.0.jar:/home/runner/.m2/repository/org/apache/logging/log4j/log4j-api/2.13.3/log4j-api-2.13.3.jar:/home/runner/.m2/repository/org/apache/logging/log4j/log4j-core/2.13.3/log4j-core-2.13.3.jar:/home/runner/.m2/repository/com/lmax/disruptor/3.4.2/disruptor-3.4.2.jar:/home/runner/.m2/repository/org/apache/commons/commons-pool2/2.6.0/commons-pool2-2.6.0.jar:/home/runner/.m2/repository/org/bouncycastle/bcpkix-jdk15on/1.67/bcpkix-jdk15on-1.67.jar:/home/runner/.m2/repository/commons-validator/commons-validator/1.6/commons-validator-1.6.jar:/home/runner/.m2/repository/commons-beanutils/commons-beanutils/1.9.4/commons-beanutils-1.9.4.jar:/home/runner/.m2/repository/commons-digester/commons-digester/1.8.1/commons-digester-1.8.1.jar:/home/runner/.m2/repository/commons-collections/commons-collections/3.2.2/commons-collections-3.2.2.jar:/home/runner/.m2/repository/io/jaegertracing/jaeger-client/1.6.0/jaeger-client-1.6.0.jar:/home/runner/.m2/repository/io/jaegertracing/jaeger-thrift/1.6.0/jaeger-thrift-1.6.0.jar:/home/runner/.m2/repository/org/apache/thrift/libthrift/0.14.1/libthrift-0.14.1.jar:/home/runner/.m2/repository/com/squareup/okhttp3/okhttp/4.9.0/okhttp-4.9.0.jar:/home/runner/.m2/repository/com/squareup/okio/okio/2.8.0/okio-2.8.0.jar:/home/runner/.m2/repository/io/jaegertracing/jaeger-core/1.6.0/jaeger-core-1.6.0.jar:/home/runner/.m2/repository/io/jaegertracing/jaeger-tracerresolver/1.6.0/jaeger-tracerresolver-1.6.0.jar:/home/runner/.m2/repository/io/opentracing/contrib/opentracing-tracerresolver/0.1.8/opentracing-tracerresolver-0.1.8.jar:/home/runner/.m2/repository/org/jetbrains/kotlin/kotlin-stdlib/1.4.31/kotlin-stdlib-1.4.31.jar:/home/runner/.m2/repository/org/jetbrains/kotlin/kotlin-stdlib-common/1.4.31/kotlin-stdlib-common-1.4.31.jar:/home/runner/.m2/repository/org/jetbrains/annotations/13.0/annotations-13.0.jar:/home/runner/.m2/repository/io/opentracing/opentracing-util/0.33.0/opentracing-util-0.33.0.jar:/home/runner/.m2/repository/io/opentracing/opentracing-api/0.33.0/opentracing-api-0.33.0.jar:/home/runner/.m2/repository/io/opentracing/opentracing-noop/0.33.0/opentracing-noop-0.33.0.jar:/home/runner/.m2/repository/org/yaml/snakeyaml/1.26/snakeyaml-1.26.jar:/home/runner/.m2/repository/org/apache/ozone/hdds-interface-admin/1.2.0-SNAPSHOT/hdds-interface-admin-1.2.0-SNAPSHOT.jar:/home/runner/.m2/repository/junit/junit/4.13.1/junit-4.13.1.jar:/home/runner/.m2/repository/org/hamcrest/hamcrest-core/1.3/hamcrest-core-1.3.jar:/home/runner/.m2/repository/org/junit/jupiter/junit-jupiter-api/5.7.0/junit-jupiter-api-5.7.0.jar:/home/runner/.m2/repository/org/apiguardian/apiguardian-api/1.1.0/apiguardian-api-1.1.0.jar:/home/runner/.m2/repository/org/opentest4j/opentest4j/1.2.0/opentest4j-1.2.0.jar:/home/runner/.m2/repository/org/junit/platform/junit-platform-commons/1.7.0/junit-platform-commons-1.7.0.jar:/home/runner/.m2/repository/org/junit/jupiter/junit-jupiter-engine/5.7.0/junit-jupiter-engine-5.7.0.jar:/home/runner/.m2/repository/org/junit/platform/junit-platform-engine/1.7.0/junit-platform-engine-1.7.0.jar:/home/runner/.m2/repository/org/junit/vintage/junit-vintage-engine/5.7.0/junit-vintage-engine-5.7.0.jar:/home/runner/.m2/repository/org/junit/platform/junit-platform-launcher/1.7.0/junit-platform-launcher-1.7.0.jar:/home/runner/.m2/repository/org/openjdk/jmh/jmh-core/1.19/jmh-core-1.19.jar:/home/runner/.m2/repository/net/sf/jopt-simple/jopt-simple/4.6/jopt-simple-4.6.jar:/home/runner/.m2/repository/org/apache/commons/commons-math3/3.1.1/commons-math3-3.1.1.jar:/home/runner/.m2/repository/org/openjdk/jmh/jmh-generator-annprocess/1.19/jmh-generator-annprocess-1.19.jar:/home/runner/.m2/repository/org/mockito/mockito-core/2.28.2/mockito-core-2.28.2.jar:/home/runner/.m2/repository/net/bytebuddy/byte-buddy/1.9.10/byte-buddy-1.9.10.jar:/home/runner/.m2/repository/net/bytebuddy/byte-buddy-agent/1.9.10/byte-buddy-agent-1.9.10.jar:/home/runner/.m2/repository/org/objenesis/objenesis/1.0/objenesis-1.0.jar:/home/runner/.m2/repository/org/apache/hadoop/hadoop-kms/3.3.1/hadoop-kms-3.3.1.jar:/home/runner/.m2/repository/org/apache/hadoop/hadoop-auth/3.3.1/hadoop-auth-3.3.1.jar:/home/runner/.m2/repository/com/nimbusds/nimbus-jose-jwt/7.9/nimbus-jose-jwt-7.9.jar:/home/runner/.m2/repository/com/github/stephenc/jcip/jcip-annotations/1.0-1/jcip-annotations-1.0-1.jar:/home/runner/.m2/repository/net/minidev/json-smart/2.3.1/json-smart-2.3.1.jar:/home/runner/.m2/repository/net/minidev/accessors-smart/2.3.1/accessors-smart-2.3.1.jar:/home/runner/.m2/repository/org/ow2/asm/asm/5.0.4/asm-5.0.4.jar:/home/runner/.m2/repository/org/apache/zookeeper/zookeeper/3.5.6/zookeeper-3.5.6.jar:/home/runner/.m2/repository/org/apache/zookeeper/zookeeper-jute/3.5.6/zookeeper-jute-3.5.6.jar:/home/runner/.m2/repository/org/apache/yetus/audience-annotations/0.5.0/audience-annotations-0.5.0.jar:/home/runner/.m2/repository/org/apache/curator/curator-framework/4.2.0/curator-framework-4.2.0.jar:/home/runner/.m2/repository/org/apache/hadoop/thirdparty/hadoop-shaded-guava/1.1.1/hadoop-shaded-guava-1.1.1.jar:/home/runner/.m2/repository/com/sun/jersey/jersey-core/1.19/jersey-core-1.19.jar:/home/runner/.m2/repository/javax/ws/rs/jsr311-api/1.1.1/jsr311-api-1.1.1.jar:/home/runner/.m2/repository/com/sun/jersey/jersey-server/1.19/jersey-server-1.19.jar:/home/runner/.m2/repository/javax/servlet/javax.servlet-api/3.1.0/javax.servlet-api-3.1.0.jar:/home/runner/.m2/repository/org/eclipse/jetty/jetty-server/9.4.43.v20210629/jetty-server-9.4.43.v20210629.jar:/home/runner/.m2/repository/org/eclipse/jetty/jetty-http/9.4.43.v20210629/jetty-http-9.4.43.v20210629.jar:/home/runner/.m2/repository/org/eclipse/jetty/jetty-io/9.4.43.v20210629/jetty-io-9.4.43.v20210629.jar:/home/runner/.m2/repository/org/eclipse/jetty/jetty-webapp/9.4.43.v20210629/jetty-webapp-9.4.43.v20210629.jar:/home/runner/.m2/repository/org/eclipse/jetty/jetty-xml/9.4.43.v20210629/jetty-xml-9.4.43.v20210629.jar:/home/runner/.m2/repository/org/apache/hadoop/hadoop-common/3.3.1/hadoop-common-3.3.1.jar:/home/runner/.m2/repository/commons-net/commons-net/3.6/commons-net-3.6.jar:/home/runner/.m2/repository/jakarta/activation/jakarta.activation-api/1.2.1/jakarta.activation-api-1.2.1.jar:/home/runner/.m2/repository/com/sun/jersey/jersey-servlet/1.19/jersey-servlet-1.19.jar:/home/runner/.m2/repository/com/sun/jersey/jersey-json/1.19/jersey-json-1.19.jar:/home/runner/.m2/repository/org/codehaus/jettison/jettison/1.1/jettison-1.1.jar:/home/runner/.m2/repository/com/sun/xml/bind/jaxb-impl/2.2.3-1/jaxb-impl-2.2.3-1.jar:/home/runner/.m2/repository/org/codehaus/jackson/jackson-jaxrs/1.9.2/jackson-jaxrs-1.9.2.jar:/home/runner/.m2/repository/org/codehaus/jackson/jackson-xc/1.9.2/jackson-xc-1.9.2.jar:/home/runner/.m2/repository/org/apache/commons/commons-configuration2/2.1.1/commons-configuration2-2.1.1.jar:/home/runner/.m2/repository/org/apache/commons/commons-text/1.4/commons-text-1.4.jar:/home/runner/.m2/repository/com/google/re2j/re2j/1.1/re2j-1.1.jar:/home/runner/.m2/repository/com/jcraft/jsch/0.1.54/jsch-0.1.54.jar:/home/runner/.m2/repository/org/apache/curator/curator-client/4.2.0/curator-client-4.2.0.jar:/home/runner/.m2/repository/org/apache/curator/curator-recipes/4.2.0/curator-recipes-4.2.0.jar:/home/runner/.m2/repository/org/apache/kerby/kerb-core/1.0.1/kerb-core-1.0.1.jar:/home/runner/.m2/repository/org/apache/kerby/kerby-pkix/1.0.1/kerby-pkix-1.0.1.jar:/home/runner/.m2/repository/org/apache/kerby/kerby-asn1/1.0.1/kerby-asn1-1.0.1.jar:/home/runner/.m2/repository/org/apache/kerby/kerby-util/1.0.1/kerby-util-1.0.1.jar:/home/runner/.m2/repository/dnsjava/dnsjava/2.1.7/dnsjava-2.1.7.jar:/home/runner/.m2/repository/org/xerial/snappy/snappy-java/1.1.8.2/snappy-java-1.1.8.2.jar:/home/runner/.m2/repository/org/slf4j/jul-to-slf4j/1.7.30/jul-to-slf4j-1.7.30.jar:/home/runner/.m2/repository/org/eclipse/jetty/jetty-util/9.4.43.v20210629/jetty-util-9.4.43.v20210629.jar:/home/runner/.m2/repository/com/fasterxml/jackson/core/jackson-databind/2.12.1/jackson-databind-2.12.1.jar:/home/runner/.m2/repository/org/apache/hadoop/hadoop-kms/3.3.1/hadoop-kms-3.3.1-tests.jar:/home/runner/.m2/repository/org/apache/ozone/hdds-server-scm/1.2.0-SNAPSHOT/hdds-server-scm-1.2.0-SNAPSHOT-tests.jar:/home/runner/.m2/repository/org/apache/ozone/hdds-container-service/1.2.0-SNAPSHOT/hdds-container-service-1.2.0-SNAPSHOT-tests.jar:/home/runner/.m2/repository/commons-codec/commons-codec/1.11/commons-codec-1.11.jar:/home/runner/.m2/repository/io/netty/netty-transport/4.1.63.Final/netty-transport-4.1.63.Final.jar:/home/runner/.m2/repository/io/netty/netty-resolver/4.1.63.Final/netty-resolver-4.1.63.Final.jar:/home/runner/.m2/repository/io/netty/netty-codec/4.1.63.Final/netty-codec-4.1.63.Final.jar:/home/runner/.m2/repository/io/netty/netty-handler/4.1.63.Final/netty-handler-4.1.63.Final.jar:/home/runner/.m2/repository/org/apache/ozone/hdds-hadoop-dependency-test/1.2.0-SNAPSHOT/hdds-hadoop-dependency-test-1.2.0-SNAPSHOT.jar:/home/runner/.m2/repository/org/apache/hadoop/hadoop-common/3.3.1/hadoop-common-3.3.1-tests.jar:/home/runner/.m2/repository/org/assertj/assertj-core/3.12.2/assertj-core-3.12.2.jar:/home/runner/.m2/repository/org/apache/hadoop/hadoop-hdfs/3.3.1/hadoop-hdfs-3.3.1-tests.jar:/home/runner/.m2/repository/org/eclipse/jetty/jetty-util-ajax/9.4.43.v20210629/jetty-util-ajax-9.4.43.v20210629.jar:/home/runner/.m2/repository/commons-daemon/commons-daemon/1.0.13/commons-daemon-1.0.13.jar:/home/runner/.m2/repository/io/netty/netty/3.10.6.Final/netty-3.10.6.Final.jar:/home/runner/.m2/repository/io/netty/netty-all/4.1.63.Final/netty-all-4.1.63.Final.jar:/home/runner/.m2/repository/org/apache/htrace/htrace-core4/4.1.0-incubating/htrace-core4-4.1.0-incubating.jar:/home/runner/.m2/repository/org/fusesource/leveldbjni/leveldbjni-all/1.8/leveldbjni-all-1.8.jar:/home/runner/.m2/repository/org/apache/hadoop/hadoop-distcp/3.3.1/hadoop-distcp-3.3.1.jar:/home/runner/.m2/repository/org/apache/hadoop/hadoop-mapreduce-client-jobclient/3.3.1/hadoop-mapreduce-client-jobclient-3.3.1.jar:/home/runner/.m2/repository/org/apache/hadoop/hadoop-mapreduce-client-common/3.3.1/hadoop-mapreduce-client-common-3.3.1.jar:/home/runner/.m2/repository/org/apache/hadoop/hadoop-yarn-common/3.3.1/hadoop-yarn-common-3.3.1.jar:/home/runner/.m2/repository/org/apache/hadoop/hadoop-yarn-api/3.3.1/hadoop-yarn-api-3.3.1.jar:/home/runner/.m2/repository/com/sun/jersey/jersey-client/1.19/jersey-client-1.19.jar:/home/runner/.m2/repository/com/sun/jersey/contribs/jersey-guice/1.19/jersey-guice-1.19.jar:/home/runner/.m2/repository/com/fasterxml/jackson/jaxrs/jackson-jaxrs-json-provider/2.12.1/jackson-jaxrs-json-provider-2.12.1.jar:/home/runner/.m2/repository/com/fasterxml/jackson/jaxrs/jackson-jaxrs-base/2.12.1/jackson-jaxrs-base-2.12.1.jar:/home/runner/.m2/repository/org/apache/hadoop/hadoop-yarn-client/3.3.1/hadoop-yarn-client-3.3.1.jar:/home/runner/.m2/repository/org/eclipse/jetty/websocket/websocket-client/9.4.40.v20210413/websocket-client-9.4.40.v20210413.jar:/home/runner/.m2/repository/org/eclipse/jetty/jetty-client/9.4.40.v20210413/jetty-client-9.4.40.v20210413.jar:/home/runner/.m2/repository/org/eclipse/jetty/websocket/websocket-common/9.4.40.v20210413/websocket-common-9.4.40.v20210413.jar:/home/runner/.m2/repository/org/eclipse/jetty/websocket/websocket-api/9.4.40.v20210413/websocket-api-9.4.40.v20210413.jar:/home/runner/.m2/repository/org/jline/jline/3.9.0/jline-3.9.0.jar:/home/runner/.m2/repository/org/apache/hadoop/hadoop-mapreduce-client-core/3.3.1/hadoop-mapreduce-client-core-3.3.1.jar:/home/runner/.m2/repository/org/apache/avro/avro/1.7.7/avro-1.7.7.jar:/home/runner/.m2/repository/org/codehaus/jackson/jackson-core-asl/1.9.13/jackson-core-asl-1.9.13.jar:/home/runner/.m2/repository/org/codehaus/jackson/jackson-mapper-asl/1.9.13/jackson-mapper-asl-1.9.13.jar:/home/runner/.m2/repository/com/thoughtworks/paranamer/paranamer/2.3/paranamer-2.3.jar:/home/runner/.m2/repository/org/apache/hadoop/hadoop-annotations/3.3.1/hadoop-annotations-3.3.1.jar:/usr/lib/jvm/adoptopenjdk-8-hotspot-amd64/jre/../lib/tools.jar:/home/runner/.m2/repository/org/apache/hadoop/hadoop-distcp/3.3.1/hadoop-distcp-3.3.1-tests.jar:/home/runner/.m2/repository/org/apache/ratis/ratis-common/2.2.0/ratis-common-2.2.0.jar:/home/runner/.m2/repository/org/apache/ratis/ratis-thirdparty-misc/0.7.0/ratis-thirdparty-misc-0.7.0.jar:/home/runner/.m2/repository/org/apache/ratis/ratis-proto/2.2.0/ratis-proto-2.2.0.jar:"/>
    <property name="java.vm.vendor" value="AdoptOpenJDK"/>
    <property name="sun.arch.data.model" value="64"/>
    <property name="test.build.dir" value="/home/runner/work/ozone/ozone/hadoop-ozone/integration-test/target/test-dir"/>
    <property name="test.cache.data" value=""/>
    <property name="java.vendor.url" value="https://adoptopenjdk.net/"/>
    <property name="user.timezone" value=""/>
    <property name="java.vm.specification.version" value="1.8"/>
    <property name="os.name" value="Linux"/>
    <property name="test.build.data" value="/home/runner/work/ozone/ozone/hadoop-ozone/integration-test/target/test-dir"/>
    <property name="sun.java.launcher" value="SUN_STANDARD"/>
    <property name="sun.boot.library.path" value="/usr/lib/jvm/adoptopenjdk-8-hotspot-amd64/jre/lib/amd64"/>
    <property name="sun.java.command" value="/home/runner/work/ozone/ozone/hadoop-ozone/integration-test/target/surefire/surefirebooter1395437201631007045.jar /home/runner/work/ozone/ozone/hadoop-ozone/integration-test/target/surefire 2021-11-15T19-20-54_397-jvmRun1 surefire34772289880448082tmp surefire_06716861335803635752tmp"/>
    <property name="surefire.test.class.path" value="/home/runner/work/ozone/ozone/hadoop-ozone/integration-test/target/test-classes:/home/runner/work/ozone/ozone/hadoop-ozone/integration-test/target/classes:/home/runner/.m2/repository/org/apache/ozone/ozone-common/1.2.0-SNAPSHOT/ozone-common-1.2.0-SNAPSHOT.jar:/home/runner/.m2/repository/org/apache/commons/commons-compress/1.21/commons-compress-1.21.jar:/home/runner/.m2/repository/org/apache/ozone/hdds-common/1.2.0-SNAPSHOT/hdds-common-1.2.0-SNAPSHOT.jar:/home/runner/.m2/repository/org/apache/ozone/hdds-client/1.2.0-SNAPSHOT/hdds-client-1.2.0-SNAPSHOT.jar:/home/runner/.m2/repository/org/apache/ozone/ozone-interface-client/1.2.0-SNAPSHOT/ozone-interface-client-1.2.0-SNAPSHOT.jar:/home/runner/.m2/repository/org/apache/ozone/hdds-test-utils/1.2.0-SNAPSHOT/hdds-test-utils-1.2.0-SNAPSHOT.jar:/home/runner/.m2/repository/com/google/guava/guava/30.1.1-jre/guava-30.1.1-jre.jar:/home/runner/.m2/repository/com/google/guava/failureaccess/1.0.1/failureaccess-1.0.1.jar:/home/runner/.m2/repository/com/google/guava/listenablefuture/9999.0-empty-to-avoid-conflict-with-guava/listenablefuture-9999.0-empty-to-avoid-conflict-with-guava.jar:/home/runner/.m2/repository/com/google/code/findbugs/jsr305/3.0.0/jsr305-3.0.0.jar:/home/runner/.m2/repository/org/checkerframework/checker-qual/3.8.0/checker-qual-3.8.0.jar:/home/runner/.m2/repository/com/google/errorprone/error_prone_annotations/2.2.0/error_prone_annotations-2.2.0.jar:/home/runner/.m2/repository/com/google/j2objc/j2objc-annotations/1.3/j2objc-annotations-1.3.jar:/home/runner/.m2/repository/commons-io/commons-io/2.11.0/commons-io-2.11.0.jar:/home/runner/.m2/repository/commons-logging/commons-logging/1.2/commons-logging-1.2.jar:/home/runner/.m2/repository/log4j/log4j/1.2.17/log4j-1.2.17.jar:/home/runner/.m2/repository/org/slf4j/slf4j-api/1.7.30/slf4j-api-1.7.30.jar:/home/runner/.m2/repository/org/apache/ozone/hdds-server-scm/1.2.0-SNAPSHOT/hdds-server-scm-1.2.0-SNAPSHOT.jar:/home/runner/.m2/repository/org/apache/ozone/hdds-container-service/1.2.0-SNAPSHOT/hdds-container-service-1.2.0-SNAPSHOT.jar:/home/runner/.m2/repository/org/apache/ozone/hdds-hadoop-dependency-server/1.2.0-SNAPSHOT/hdds-hadoop-dependency-server-1.2.0-SNAPSHOT.jar:/home/runner/.m2/repository/org/apache/hadoop/hadoop-hdfs/3.3.1/hadoop-hdfs-3.3.1.jar:/home/runner/.m2/repository/org/apache/ozone/hdds-server-framework/1.2.0-SNAPSHOT/hdds-server-framework-1.2.0-SNAPSHOT.jar:/home/runner/.m2/repository/org/apache/ozone/hdds-interface-server/1.2.0-SNAPSHOT/hdds-interface-server-1.2.0-SNAPSHOT.jar:/home/runner/.m2/repository/org/eclipse/jetty/jetty-servlet/9.4.43.v20210629/jetty-servlet-9.4.43.v20210629.jar:/home/runner/.m2/repository/org/eclipse/jetty/jetty-security/9.4.43.v20210629/jetty-security-9.4.43.v20210629.jar:/home/runner/.m2/repository/org/rocksdb/rocksdbjni/6.25.3/rocksdbjni-6.25.3.jar:/home/runner/.m2/repository/io/prometheus/simpleclient_dropwizard/0.7.0/simpleclient_dropwizard-0.7.0.jar:/home/runner/.m2/repository/io/prometheus/simpleclient/0.7.0/simpleclient-0.7.0.jar:/home/runner/.m2/repository/io/prometheus/simpleclient_common/0.7.0/simpleclient_common-0.7.0.jar:/home/runner/.m2/repository/com/fasterxml/jackson/datatype/jackson-datatype-jsr310/2.12.1/jackson-datatype-jsr310-2.12.1.jar:/home/runner/.m2/repository/io/dropwizard/metrics/metrics-core/3.2.4/metrics-core-3.2.4.jar:/home/runner/.m2/repository/org/apache/hadoop/hadoop-hdfs-client/3.3.1/hadoop-hdfs-client-3.3.1.jar:/home/runner/.m2/repository/org/bouncycastle/bcprov-jdk15on/1.67/bcprov-jdk15on-1.67.jar:/home/runner/.m2/repository/com/google/protobuf/protobuf-java/2.5.0/protobuf-java-2.5.0.jar:/home/runner/.m2/repository/org/apache/ozone/ozone-manager/1.2.0-SNAPSHOT/ozone-manager-1.2.0-SNAPSHOT.jar:/home/runner/.m2/repository/org/aspectj/aspectjrt/1.9.7/aspectjrt-1.9.7.jar:/home/runner/.m2/repository/org/aspectj/aspectjweaver/1.9.7/aspectjweaver-1.9.7.jar:/home/runner/.m2/repository/org/apache/ozone/hdds-interface-client/1.2.0-SNAPSHOT/hdds-interface-client-1.2.0-SNAPSHOT.jar:/home/runner/.m2/repository/org/apache/hadoop/thirdparty/hadoop-shaded-protobuf_3_7/1.1.1/hadoop-shaded-protobuf_3_7-1.1.1.jar:/home/runner/.m2/repository/org/apache/ozone/ozone-interface-storage/1.2.0-SNAPSHOT/ozone-interface-storage-1.2.0-SNAPSHOT.jar:/home/runner/.m2/repository/org/reflections/reflections/0.9.11/reflections-0.9.11.jar:/home/runner/.m2/repository/org/apache/hadoop/hadoop-minikdc/3.3.1/hadoop-minikdc-3.3.1.jar:/home/runner/.m2/repository/org/apache/kerby/kerb-simplekdc/1.0.1/kerb-simplekdc-1.0.1.jar:/home/runner/.m2/repository/org/apache/kerby/kerb-client/1.0.1/kerb-client-1.0.1.jar:/home/runner/.m2/repository/org/apache/kerby/kerby-config/1.0.1/kerby-config-1.0.1.jar:/home/runner/.m2/repository/org/apache/kerby/kerb-common/1.0.1/kerb-common-1.0.1.jar:/home/runner/.m2/repository/org/apache/kerby/kerb-crypto/1.0.1/kerb-crypto-1.0.1.jar:/home/runner/.m2/repository/org/apache/kerby/kerb-util/1.0.1/kerb-util-1.0.1.jar:/home/runner/.m2/repository/org/apache/kerby/token-provider/1.0.1/token-provider-1.0.1.jar:/home/runner/.m2/repository/org/apache/kerby/kerb-admin/1.0.1/kerb-admin-1.0.1.jar:/home/runner/.m2/repository/org/apache/kerby/kerb-server/1.0.1/kerb-server-1.0.1.jar:/home/runner/.m2/repository/org/apache/kerby/kerb-identity/1.0.1/kerb-identity-1.0.1.jar:/home/runner/.m2/repository/org/apache/kerby/kerby-xdr/1.0.1/kerby-xdr-1.0.1.jar:/home/runner/.m2/repository/org/slf4j/slf4j-log4j12/1.7.30/slf4j-log4j12-1.7.30.jar:/home/runner/.m2/repository/org/apache/ozone/ozone-s3gateway/1.2.0-SNAPSHOT/ozone-s3gateway-1.2.0-SNAPSHOT.jar:/home/runner/.m2/repository/org/javassist/javassist/3.21.0-GA/javassist-3.21.0-GA.jar:/home/runner/.m2/repository/org/jboss/weld/servlet/weld-servlet/2.4.7.Final/weld-servlet-2.4.7.Final.jar:/home/runner/.m2/repository/org/glassfish/jersey/containers/jersey-container-servlet-core/2.33/jersey-container-servlet-core-2.33.jar:/home/runner/.m2/repository/org/glassfish/hk2/external/jakarta.inject/2.6.1/jakarta.inject-2.6.1.jar:/home/runner/.m2/repository/org/glassfish/jersey/core/jersey-common/2.33/jersey-common-2.33.jar:/home/runner/.m2/repository/jakarta/ws/rs/jakarta.ws.rs-api/2.1.6/jakarta.ws.rs-api-2.1.6.jar:/home/runner/.m2/repository/org/glassfish/jersey/ext/cdi/jersey-cdi1x/2.33/jersey-cdi1x-2.33.jar:/home/runner/.m2/repository/org/glassfish/jersey/inject/jersey-hk2/2.33/jersey-hk2-2.33.jar:/home/runner/.m2/repository/org/glassfish/hk2/hk2-locator/2.6.1/hk2-locator-2.6.1.jar:/home/runner/.m2/repository/org/glassfish/jersey/media/jersey-media-jaxb/2.33/jersey-media-jaxb-2.33.jar:/home/runner/.m2/repository/org/glassfish/hk2/osgi-resource-locator/1.0.3/osgi-resource-locator-1.0.3.jar:/home/runner/.m2/repository/org/glassfish/hk2/hk2-api/2.5.0/hk2-api-2.5.0.jar:/home/runner/.m2/repository/org/glassfish/hk2/hk2-utils/2.5.0/hk2-utils-2.5.0.jar:/home/runner/.m2/repository/org/glassfish/hk2/external/aopalliance-repackaged/2.5.0/aopalliance-repackaged-2.5.0.jar:/home/runner/.m2/repository/com/fasterxml/jackson/dataformat/jackson-dataformat-xml/2.12.1/jackson-dataformat-xml-2.12.1.jar:/home/runner/.m2/repository/com/fasterxml/jackson/core/jackson-core/2.12.1/jackson-core-2.12.1.jar:/home/runner/.m2/repository/com/fasterxml/jackson/module/jackson-module-jaxb-annotations/2.12.1/jackson-module-jaxb-annotations-2.12.1.jar:/home/runner/.m2/repository/jakarta/xml/bind/jakarta.xml.bind-api/2.3.2/jakarta.xml.bind-api-2.3.2.jar:/home/runner/.m2/repository/org/codehaus/woodstox/stax2-api/3.1.4/stax2-api-3.1.4.jar:/home/runner/.m2/repository/com/fasterxml/woodstox/woodstox-core/5.0.3/woodstox-core-5.0.3.jar:/home/runner/.m2/repository/javax/enterprise/cdi-api/1.2/cdi-api-1.2.jar:/home/runner/.m2/repository/javax/el/javax.el-api/3.0.0/javax.el-api-3.0.0.jar:/home/runner/.m2/repository/javax/interceptor/javax.interceptor-api/1.2/javax.interceptor-api-1.2.jar:/home/runner/.m2/repository/javax/inject/javax.inject/1/javax.inject-1.jar:/home/runner/.m2/repository/javax/xml/bind/jaxb-api/2.3.0/jaxb-api-2.3.0.jar:/home/runner/.m2/repository/org/glassfish/jaxb/jaxb-runtime/2.3.0.1/jaxb-runtime-2.3.0.1.jar:/home/runner/.m2/repository/org/glassfish/jaxb/jaxb-core/2.3.0.1/jaxb-core-2.3.0.1.jar:/home/runner/.m2/repository/org/glassfish/jaxb/txw2/2.3.0.1/txw2-2.3.0.1.jar:/home/runner/.m2/repository/com/sun/istack/istack-commons-runtime/3.0.5/istack-commons-runtime-3.0.5.jar:/home/runner/.m2/repository/org/jvnet/staxex/stax-ex/1.7.8/stax-ex-1.7.8.jar:/home/runner/.m2/repository/com/sun/xml/fastinfoset/FastInfoset/1.2.13/FastInfoset-1.2.13.jar:/home/runner/.m2/repository/javax/activation/activation/1.1.1/activation-1.1.1.jar:/home/runner/.m2/repository/org/apache/ozone/ozone-csi/1.2.0-SNAPSHOT/ozone-csi-1.2.0-SNAPSHOT.jar:/home/runner/.m2/repository/com/google/protobuf/protobuf-java-util/3.12.0/protobuf-java-util-3.12.0.jar:/home/runner/.m2/repository/com/google/code/gson/gson/2.2.4/gson-2.2.4.jar:/home/runner/.m2/repository/org/apache/ozone/hdds-config/1.2.0-SNAPSHOT/hdds-config-1.2.0-SNAPSHOT.jar:/home/runner/.m2/repository/io/grpc/grpc-netty/1.33.0/grpc-netty-1.33.0.jar:/home/runner/.m2/repository/io/grpc/grpc-core/1.33.0/grpc-core-1.33.0.jar:/home/runner/.m2/repository/com/google/android/annotations/4.1.1.4/annotations-4.1.1.4.jar:/home/runner/.m2/repository/io/netty/netty-codec-http2/4.1.63.Final/netty-codec-http2-4.1.63.Final.jar:/home/runner/.m2/repository/io/netty/netty-codec-http/4.1.63.Final/netty-codec-http-4.1.63.Final.jar:/home/runner/.m2/repository/io/netty/netty-handler-proxy/4.1.63.Final/netty-handler-proxy-4.1.63.Final.jar:/home/runner/.m2/repository/io/netty/netty-codec-socks/4.1.63.Final/netty-codec-socks-4.1.63.Final.jar:/home/runner/.m2/repository/io/perfmark/perfmark-api/0.19.0/perfmark-api-0.19.0.jar:/home/runner/.m2/repository/org/codehaus/mojo/animal-sniffer-annotations/1.18/animal-sniffer-annotations-1.18.jar:/home/runner/.m2/repository/io/netty/netty-transport-native-epoll/4.1.63.Final/netty-transport-native-epoll-4.1.63.Final.jar:/home/runner/.m2/repository/io/netty/netty-common/4.1.63.Final/netty-common-4.1.63.Final.jar:/home/runner/.m2/repository/io/netty/netty-buffer/4.1.63.Final/netty-buffer-4.1.63.Final.jar:/home/runner/.m2/repository/io/netty/netty-transport-native-unix-common/4.1.63.Final/netty-transport-native-unix-common-4.1.63.Final.jar:/home/runner/.m2/repository/io/grpc/grpc-protobuf/1.33.0/grpc-protobuf-1.33.0.jar:/home/runner/.m2/repository/io/grpc/grpc-api/1.33.0/grpc-api-1.33.0.jar:/home/runner/.m2/repository/io/grpc/grpc-context/1.33.0/grpc-context-1.33.0.jar:/home/runner/.m2/repository/com/google/api/grpc/proto-google-common-protos/1.17.0/proto-google-common-protos-1.17.0.jar:/home/runner/.m2/repository/io/grpc/grpc-protobuf-lite/1.33.0/grpc-protobuf-lite-1.33.0.jar:/home/runner/.m2/repository/io/grpc/grpc-stub/1.33.0/grpc-stub-1.33.0.jar:/home/runner/.m2/repository/org/apache/ozone/ozone-recon/1.2.0-SNAPSHOT/ozone-recon-1.2.0-SNAPSHOT.jar:/home/runner/.m2/repository/org/apache/ozone/ozone-reconcodegen/1.2.0-SNAPSHOT/ozone-reconcodegen-1.2.0-SNAPSHOT.jar:/home/runner/.m2/repository/com/google/inject/extensions/guice-multibindings/4.0/guice-multibindings-4.0.jar:/home/runner/.m2/repository/com/google/inject/guice/4.0/guice-4.0.jar:/home/runner/.m2/repository/aopalliance/aopalliance/1.0/aopalliance-1.0.jar:/home/runner/.m2/repository/com/google/inject/extensions/guice-assistedinject/4.0/guice-assistedinject-4.0.jar:/home/runner/.m2/repository/com/google/inject/extensions/guice-servlet/4.0/guice-servlet-4.0.jar:/home/runner/.m2/repository/org/glassfish/jersey/containers/jersey-container-servlet/2.33/jersey-container-servlet-2.33.jar:/home/runner/.m2/repository/org/glassfish/hk2/guice-bridge/2.5.0/guice-bridge-2.5.0.jar:/home/runner/.m2/repository/org/glassfish/jersey/core/jersey-server/2.33/jersey-server-2.33.jar:/home/runner/.m2/repository/org/glassfish/jersey/core/jersey-client/2.33/jersey-client-2.33.jar:/home/runner/.m2/repository/jakarta/annotation/jakarta.annotation-api/1.3.5/jakarta.annotation-api-1.3.5.jar:/home/runner/.m2/repository/jakarta/validation/jakarta.validation-api/2.0.2/jakarta.validation-api-2.0.2.jar:/home/runner/.m2/repository/org/glassfish/jersey/media/jersey-media-json-jackson/2.33/jersey-media-json-jackson-2.33.jar:/home/runner/.m2/repository/org/glassfish/jersey/ext/jersey-entity-filtering/2.33/jersey-entity-filtering-2.33.jar:/home/runner/.m2/repository/org/jooq/jooq/3.11.10/jooq-3.11.10.jar:/home/runner/.m2/repository/org/jooq/jooq-meta/3.11.10/jooq-meta-3.11.10.jar:/home/runner/.m2/repository/org/jooq/jooq-codegen/3.11.10/jooq-codegen-3.11.10.jar:/home/runner/.m2/repository/com/jolbox/bonecp/0.8.0.RELEASE/bonecp-0.8.0.RELEASE.jar:/home/runner/.m2/repository/org/apache/derby/derby/10.14.2.0/derby-10.14.2.0.jar:/home/runner/.m2/repository/org/xerial/sqlite-jdbc/3.25.2/sqlite-jdbc-3.25.2.jar:/home/runner/.m2/repository/org/springframework/spring-jdbc/5.2.18.RELEASE/spring-jdbc-5.2.18.RELEASE.jar:/home/runner/.m2/repository/org/springframework/spring-beans/5.2.18.RELEASE/spring-beans-5.2.18.RELEASE.jar:/home/runner/.m2/repository/org/springframework/spring-core/5.2.18.RELEASE/spring-core-5.2.18.RELEASE.jar:/home/runner/.m2/repository/org/springframework/spring-jcl/5.2.18.RELEASE/spring-jcl-5.2.18.RELEASE.jar:/home/runner/.m2/repository/org/springframework/spring-tx/5.2.18.RELEASE/spring-tx-5.2.18.RELEASE.jar:/home/runner/.m2/repository/org/apache/ozone/ozone-client/1.2.0-SNAPSHOT/ozone-client-1.2.0-SNAPSHOT.jar:/home/runner/.m2/repository/org/apache/ozone/ozone-filesystem/1.2.0-SNAPSHOT/ozone-filesystem-1.2.0-SNAPSHOT.jar:/home/runner/.m2/repository/org/apache/ozone/ozone-filesystem-common/1.2.0-SNAPSHOT/ozone-filesystem-common-1.2.0-SNAPSHOT.jar:/home/runner/.m2/repository/org/apache/ozone/ozone-tools/1.2.0-SNAPSHOT/ozone-tools-1.2.0-SNAPSHOT.jar:/home/runner/.m2/repository/org/apache/ratis/ratis-tools/2.2.0/ratis-tools-2.2.0.jar:/home/runner/.m2/repository/com/amazonaws/aws-java-sdk-core/1.11.1034/aws-java-sdk-core-1.11.1034.jar:/home/runner/.m2/repository/org/apache/httpcomponents/httpclient/4.5.13/httpclient-4.5.13.jar:/home/runner/.m2/repository/org/apache/httpcomponents/httpcore/4.4.13/httpcore-4.4.13.jar:/home/runner/.m2/repository/software/amazon/ion/ion-java/1.0.2/ion-java-1.0.2.jar:/home/runner/.m2/repository/com/fasterxml/jackson/dataformat/jackson-dataformat-cbor/2.12.1/jackson-dataformat-cbor-2.12.1.jar:/home/runner/.m2/repository/joda-time/joda-time/2.8.1/joda-time-2.8.1.jar:/home/runner/.m2/repository/com/amazonaws/aws-java-sdk-s3/1.11.1034/aws-java-sdk-s3-1.11.1034.jar:/home/runner/.m2/repository/com/amazonaws/aws-java-sdk-kms/1.11.1034/aws-java-sdk-kms-1.11.1034.jar:/home/runner/.m2/repository/com/amazonaws/jmespath-java/1.11.1034/jmespath-java-1.11.1034.jar:/home/runner/.m2/repository/org/kohsuke/metainf-services/metainf-services/1.8/metainf-services-1.8.jar:/home/runner/.m2/repository/org/apache/ozone/hdds-tools/1.2.0-SNAPSHOT/hdds-tools-1.2.0-SNAPSHOT.jar:/home/runner/.m2/repository/commons-cli/commons-cli/1.2/commons-cli-1.2.jar:/home/runner/.m2/repository/org/apache/commons/commons-lang3/3.7/commons-lang3-3.7.jar:/home/runner/.m2/repository/org/apache/ozone/ozone-manager/1.2.0-SNAPSHOT/ozone-manager-1.2.0-SNAPSHOT-tests.jar:/home/runner/.m2/repository/org/apache/ozone/hdds-common/1.2.0-SNAPSHOT/hdds-common-1.2.0-SNAPSHOT-tests.jar:/home/runner/.m2/repository/org/apache/ozone/hdds-hadoop-dependency-client/1.2.0-SNAPSHOT/hdds-hadoop-dependency-client-1.2.0-SNAPSHOT.jar:/home/runner/.m2/repository/info/picocli/picocli/4.6.1/picocli-4.6.1.jar:/home/runner/.m2/repository/com/fasterxml/jackson/core/jackson-annotations/2.12.1/jackson-annotations-2.12.1.jar:/home/runner/.m2/repository/javax/annotation/javax.annotation-api/1.2/javax.annotation-api-1.2.jar:/home/runner/.m2/repository/org/apache/ratis/ratis-server/2.2.0/ratis-server-2.2.0.jar:/home/runner/.m2/repository/org/apache/ratis/ratis-client/2.2.0/ratis-client-2.2.0.jar:/home/runner/.m2/repository/org/apache/ratis/ratis-server-api/2.2.0/ratis-server-api-2.2.0.jar:/home/runner/.m2/repository/org/apache/ratis/ratis-metrics/2.2.0/ratis-metrics-2.2.0.jar:/home/runner/.m2/repository/org/apache/ratis/ratis-netty/2.2.0/ratis-netty-2.2.0.jar:/home/runner/.m2/repository/org/apache/ratis/ratis-grpc/2.2.0/ratis-grpc-2.2.0.jar:/home/runner/.m2/repository/org/apache/logging/log4j/log4j-api/2.13.3/log4j-api-2.13.3.jar:/home/runner/.m2/repository/org/apache/logging/log4j/log4j-core/2.13.3/log4j-core-2.13.3.jar:/home/runner/.m2/repository/com/lmax/disruptor/3.4.2/disruptor-3.4.2.jar:/home/runner/.m2/repository/org/apache/commons/commons-pool2/2.6.0/commons-pool2-2.6.0.jar:/home/runner/.m2/repository/org/bouncycastle/bcpkix-jdk15on/1.67/bcpkix-jdk15on-1.67.jar:/home/runner/.m2/repository/commons-validator/commons-validator/1.6/commons-validator-1.6.jar:/home/runner/.m2/repository/commons-beanutils/commons-beanutils/1.9.4/commons-beanutils-1.9.4.jar:/home/runner/.m2/repository/commons-digester/commons-digester/1.8.1/commons-digester-1.8.1.jar:/home/runner/.m2/repository/commons-collections/commons-collections/3.2.2/commons-collections-3.2.2.jar:/home/runner/.m2/repository/io/jaegertracing/jaeger-client/1.6.0/jaeger-client-1.6.0.jar:/home/runner/.m2/repository/io/jaegertracing/jaeger-thrift/1.6.0/jaeger-thrift-1.6.0.jar:/home/runner/.m2/repository/org/apache/thrift/libthrift/0.14.1/libthrift-0.14.1.jar:/home/runner/.m2/repository/com/squareup/okhttp3/okhttp/4.9.0/okhttp-4.9.0.jar:/home/runner/.m2/repository/com/squareup/okio/okio/2.8.0/okio-2.8.0.jar:/home/runner/.m2/repository/io/jaegertracing/jaeger-core/1.6.0/jaeger-core-1.6.0.jar:/home/runner/.m2/repository/io/jaegertracing/jaeger-tracerresolver/1.6.0/jaeger-tracerresolver-1.6.0.jar:/home/runner/.m2/repository/io/opentracing/contrib/opentracing-tracerresolver/0.1.8/opentracing-tracerresolver-0.1.8.jar:/home/runner/.m2/repository/org/jetbrains/kotlin/kotlin-stdlib/1.4.31/kotlin-stdlib-1.4.31.jar:/home/runner/.m2/repository/org/jetbrains/kotlin/kotlin-stdlib-common/1.4.31/kotlin-stdlib-common-1.4.31.jar:/home/runner/.m2/repository/org/jetbrains/annotations/13.0/annotations-13.0.jar:/home/runner/.m2/repository/io/opentracing/opentracing-util/0.33.0/opentracing-util-0.33.0.jar:/home/runner/.m2/repository/io/opentracing/opentracing-api/0.33.0/opentracing-api-0.33.0.jar:/home/runner/.m2/repository/io/opentracing/opentracing-noop/0.33.0/opentracing-noop-0.33.0.jar:/home/runner/.m2/repository/org/yaml/snakeyaml/1.26/snakeyaml-1.26.jar:/home/runner/.m2/repository/org/apache/ozone/hdds-interface-admin/1.2.0-SNAPSHOT/hdds-interface-admin-1.2.0-SNAPSHOT.jar:/home/runner/.m2/repository/junit/junit/4.13.1/junit-4.13.1.jar:/home/runner/.m2/repository/org/hamcrest/hamcrest-core/1.3/hamcrest-core-1.3.jar:/home/runner/.m2/repository/org/junit/jupiter/junit-jupiter-api/5.7.0/junit-jupiter-api-5.7.0.jar:/home/runner/.m2/repository/org/apiguardian/apiguardian-api/1.1.0/apiguardian-api-1.1.0.jar:/home/runner/.m2/repository/org/opentest4j/opentest4j/1.2.0/opentest4j-1.2.0.jar:/home/runner/.m2/repository/org/junit/platform/junit-platform-commons/1.7.0/junit-platform-commons-1.7.0.jar:/home/runner/.m2/repository/org/junit/jupiter/junit-jupiter-engine/5.7.0/junit-jupiter-engine-5.7.0.jar:/home/runner/.m2/repository/org/junit/platform/junit-platform-engine/1.7.0/junit-platform-engine-1.7.0.jar:/home/runner/.m2/repository/org/junit/vintage/junit-vintage-engine/5.7.0/junit-vintage-engine-5.7.0.jar:/home/runner/.m2/repository/org/junit/platform/junit-platform-launcher/1.7.0/junit-platform-launcher-1.7.0.jar:/home/runner/.m2/repository/org/openjdk/jmh/jmh-core/1.19/jmh-core-1.19.jar:/home/runner/.m2/repository/net/sf/jopt-simple/jopt-simple/4.6/jopt-simple-4.6.jar:/home/runner/.m2/repository/org/apache/commons/commons-math3/3.1.1/commons-math3-3.1.1.jar:/home/runner/.m2/repository/org/openjdk/jmh/jmh-generator-annprocess/1.19/jmh-generator-annprocess-1.19.jar:/home/runner/.m2/repository/org/mockito/mockito-core/2.28.2/mockito-core-2.28.2.jar:/home/runner/.m2/repository/net/bytebuddy/byte-buddy/1.9.10/byte-buddy-1.9.10.jar:/home/runner/.m2/repository/net/bytebuddy/byte-buddy-agent/1.9.10/byte-buddy-agent-1.9.10.jar:/home/runner/.m2/repository/org/objenesis/objenesis/1.0/objenesis-1.0.jar:/home/runner/.m2/repository/org/apache/hadoop/hadoop-kms/3.3.1/hadoop-kms-3.3.1.jar:/home/runner/.m2/repository/org/apache/hadoop/hadoop-auth/3.3.1/hadoop-auth-3.3.1.jar:/home/runner/.m2/repository/com/nimbusds/nimbus-jose-jwt/7.9/nimbus-jose-jwt-7.9.jar:/home/runner/.m2/repository/com/github/stephenc/jcip/jcip-annotations/1.0-1/jcip-annotations-1.0-1.jar:/home/runner/.m2/repository/net/minidev/json-smart/2.3.1/json-smart-2.3.1.jar:/home/runner/.m2/repository/net/minidev/accessors-smart/2.3.1/accessors-smart-2.3.1.jar:/home/runner/.m2/repository/org/ow2/asm/asm/5.0.4/asm-5.0.4.jar:/home/runner/.m2/repository/org/apache/zookeeper/zookeeper/3.5.6/zookeeper-3.5.6.jar:/home/runner/.m2/repository/org/apache/zookeeper/zookeeper-jute/3.5.6/zookeeper-jute-3.5.6.jar:/home/runner/.m2/repository/org/apache/yetus/audience-annotations/0.5.0/audience-annotations-0.5.0.jar:/home/runner/.m2/repository/org/apache/curator/curator-framework/4.2.0/curator-framework-4.2.0.jar:/home/runner/.m2/repository/org/apache/hadoop/thirdparty/hadoop-shaded-guava/1.1.1/hadoop-shaded-guava-1.1.1.jar:/home/runner/.m2/repository/com/sun/jersey/jersey-core/1.19/jersey-core-1.19.jar:/home/runner/.m2/repository/javax/ws/rs/jsr311-api/1.1.1/jsr311-api-1.1.1.jar:/home/runner/.m2/repository/com/sun/jersey/jersey-server/1.19/jersey-server-1.19.jar:/home/runner/.m2/repository/javax/servlet/javax.servlet-api/3.1.0/javax.servlet-api-3.1.0.jar:/home/runner/.m2/repository/org/eclipse/jetty/jetty-server/9.4.43.v20210629/jetty-server-9.4.43.v20210629.jar:/home/runner/.m2/repository/org/eclipse/jetty/jetty-http/9.4.43.v20210629/jetty-http-9.4.43.v20210629.jar:/home/runner/.m2/repository/org/eclipse/jetty/jetty-io/9.4.43.v20210629/jetty-io-9.4.43.v20210629.jar:/home/runner/.m2/repository/org/eclipse/jetty/jetty-webapp/9.4.43.v20210629/jetty-webapp-9.4.43.v20210629.jar:/home/runner/.m2/repository/org/eclipse/jetty/jetty-xml/9.4.43.v20210629/jetty-xml-9.4.43.v20210629.jar:/home/runner/.m2/repository/org/apache/hadoop/hadoop-common/3.3.1/hadoop-common-3.3.1.jar:/home/runner/.m2/repository/commons-net/commons-net/3.6/commons-net-3.6.jar:/home/runner/.m2/repository/jakarta/activation/jakarta.activation-api/1.2.1/jakarta.activation-api-1.2.1.jar:/home/runner/.m2/repository/com/sun/jersey/jersey-servlet/1.19/jersey-servlet-1.19.jar:/home/runner/.m2/repository/com/sun/jersey/jersey-json/1.19/jersey-json-1.19.jar:/home/runner/.m2/repository/org/codehaus/jettison/jettison/1.1/jettison-1.1.jar:/home/runner/.m2/repository/com/sun/xml/bind/jaxb-impl/2.2.3-1/jaxb-impl-2.2.3-1.jar:/home/runner/.m2/repository/org/codehaus/jackson/jackson-jaxrs/1.9.2/jackson-jaxrs-1.9.2.jar:/home/runner/.m2/repository/org/codehaus/jackson/jackson-xc/1.9.2/jackson-xc-1.9.2.jar:/home/runner/.m2/repository/org/apache/commons/commons-configuration2/2.1.1/commons-configuration2-2.1.1.jar:/home/runner/.m2/repository/org/apache/commons/commons-text/1.4/commons-text-1.4.jar:/home/runner/.m2/repository/com/google/re2j/re2j/1.1/re2j-1.1.jar:/home/runner/.m2/repository/com/jcraft/jsch/0.1.54/jsch-0.1.54.jar:/home/runner/.m2/repository/org/apache/curator/curator-client/4.2.0/curator-client-4.2.0.jar:/home/runner/.m2/repository/org/apache/curator/curator-recipes/4.2.0/curator-recipes-4.2.0.jar:/home/runner/.m2/repository/org/apache/kerby/kerb-core/1.0.1/kerb-core-1.0.1.jar:/home/runner/.m2/repository/org/apache/kerby/kerby-pkix/1.0.1/kerby-pkix-1.0.1.jar:/home/runner/.m2/repository/org/apache/kerby/kerby-asn1/1.0.1/kerby-asn1-1.0.1.jar:/home/runner/.m2/repository/org/apache/kerby/kerby-util/1.0.1/kerby-util-1.0.1.jar:/home/runner/.m2/repository/dnsjava/dnsjava/2.1.7/dnsjava-2.1.7.jar:/home/runner/.m2/repository/org/xerial/snappy/snappy-java/1.1.8.2/snappy-java-1.1.8.2.jar:/home/runner/.m2/repository/org/slf4j/jul-to-slf4j/1.7.30/jul-to-slf4j-1.7.30.jar:/home/runner/.m2/repository/org/eclipse/jetty/jetty-util/9.4.43.v20210629/jetty-util-9.4.43.v20210629.jar:/home/runner/.m2/repository/com/fasterxml/jackson/core/jackson-databind/2.12.1/jackson-databind-2.12.1.jar:/home/runner/.m2/repository/org/apache/hadoop/hadoop-kms/3.3.1/hadoop-kms-3.3.1-tests.jar:/home/runner/.m2/repository/org/apache/ozone/hdds-server-scm/1.2.0-SNAPSHOT/hdds-server-scm-1.2.0-SNAPSHOT-tests.jar:/home/runner/.m2/repository/org/apache/ozone/hdds-container-service/1.2.0-SNAPSHOT/hdds-container-service-1.2.0-SNAPSHOT-tests.jar:/home/runner/.m2/repository/commons-codec/commons-codec/1.11/commons-codec-1.11.jar:/home/runner/.m2/repository/io/netty/netty-transport/4.1.63.Final/netty-transport-4.1.63.Final.jar:/home/runner/.m2/repository/io/netty/netty-resolver/4.1.63.Final/netty-resolver-4.1.63.Final.jar:/home/runner/.m2/repository/io/netty/netty-codec/4.1.63.Final/netty-codec-4.1.63.Final.jar:/home/runner/.m2/repository/io/netty/netty-handler/4.1.63.Final/netty-handler-4.1.63.Final.jar:/home/runner/.m2/repository/org/apache/ozone/hdds-hadoop-dependency-test/1.2.0-SNAPSHOT/hdds-hadoop-dependency-test-1.2.0-SNAPSHOT.jar:/home/runner/.m2/repository/org/apache/hadoop/hadoop-common/3.3.1/hadoop-common-3.3.1-tests.jar:/home/runner/.m2/repository/org/assertj/assertj-core/3.12.2/assertj-core-3.12.2.jar:/home/runner/.m2/repository/org/apache/hadoop/hadoop-hdfs/3.3.1/hadoop-hdfs-3.3.1-tests.jar:/home/runner/.m2/repository/org/eclipse/jetty/jetty-util-ajax/9.4.43.v20210629/jetty-util-ajax-9.4.43.v20210629.jar:/home/runner/.m2/repository/commons-daemon/commons-daemon/1.0.13/commons-daemon-1.0.13.jar:/home/runner/.m2/repository/io/netty/netty/3.10.6.Final/netty-3.10.6.Final.jar:/home/runner/.m2/repository/io/netty/netty-all/4.1.63.Final/netty-all-4.1.63.Final.jar:/home/runner/.m2/repository/org/apache/htrace/htrace-core4/4.1.0-incubating/htrace-core4-4.1.0-incubating.jar:/home/runner/.m2/repository/org/fusesource/leveldbjni/leveldbjni-all/1.8/leveldbjni-all-1.8.jar:/home/runner/.m2/repository/org/apache/hadoop/hadoop-distcp/3.3.1/hadoop-distcp-3.3.1.jar:/home/runner/.m2/repository/org/apache/hadoop/hadoop-mapreduce-client-jobclient/3.3.1/hadoop-mapreduce-client-jobclient-3.3.1.jar:/home/runner/.m2/repository/org/apache/hadoop/hadoop-mapreduce-client-common/3.3.1/hadoop-mapreduce-client-common-3.3.1.jar:/home/runner/.m2/repository/org/apache/hadoop/hadoop-yarn-common/3.3.1/hadoop-yarn-common-3.3.1.jar:/home/runner/.m2/repository/org/apache/hadoop/hadoop-yarn-api/3.3.1/hadoop-yarn-api-3.3.1.jar:/home/runner/.m2/repository/com/sun/jersey/jersey-client/1.19/jersey-client-1.19.jar:/home/runner/.m2/repository/com/sun/jersey/contribs/jersey-guice/1.19/jersey-guice-1.19.jar:/home/runner/.m2/repository/com/fasterxml/jackson/jaxrs/jackson-jaxrs-json-provider/2.12.1/jackson-jaxrs-json-provider-2.12.1.jar:/home/runner/.m2/repository/com/fasterxml/jackson/jaxrs/jackson-jaxrs-base/2.12.1/jackson-jaxrs-base-2.12.1.jar:/home/runner/.m2/repository/org/apache/hadoop/hadoop-yarn-client/3.3.1/hadoop-yarn-client-3.3.1.jar:/home/runner/.m2/repository/org/eclipse/jetty/websocket/websocket-client/9.4.40.v20210413/websocket-client-9.4.40.v20210413.jar:/home/runner/.m2/repository/org/eclipse/jetty/jetty-client/9.4.40.v20210413/jetty-client-9.4.40.v20210413.jar:/home/runner/.m2/repository/org/eclipse/jetty/websocket/websocket-common/9.4.40.v20210413/websocket-common-9.4.40.v20210413.jar:/home/runner/.m2/repository/org/eclipse/jetty/websocket/websocket-api/9.4.40.v20210413/websocket-api-9.4.40.v20210413.jar:/home/runner/.m2/repository/org/jline/jline/3.9.0/jline-3.9.0.jar:/home/runner/.m2/repository/org/apache/hadoop/hadoop-mapreduce-client-core/3.3.1/hadoop-mapreduce-client-core-3.3.1.jar:/home/runner/.m2/repository/org/apache/avro/avro/1.7.7/avro-1.7.7.jar:/home/runner/.m2/repository/org/codehaus/jackson/jackson-core-asl/1.9.13/jackson-core-asl-1.9.13.jar:/home/runner/.m2/repository/org/codehaus/jackson/jackson-mapper-asl/1.9.13/jackson-mapper-asl-1.9.13.jar:/home/runner/.m2/repository/com/thoughtworks/paranamer/paranamer/2.3/paranamer-2.3.jar:/home/runner/.m2/repository/org/apache/hadoop/hadoop-annotations/3.3.1/hadoop-annotations-3.3.1.jar:/usr/lib/jvm/adoptopenjdk-8-hotspot-amd64/jre/../lib/tools.jar:/home/runner/.m2/repository/org/apache/hadoop/hadoop-distcp/3.3.1/hadoop-distcp-3.3.1-tests.jar:/home/runner/.m2/repository/org/apache/ratis/ratis-common/2.2.0/ratis-common-2.2.0.jar:/home/runner/.m2/repository/org/apache/ratis/ratis-thirdparty-misc/0.7.0/ratis-thirdparty-misc-0.7.0.jar:/home/runner/.m2/repository/org/apache/ratis/ratis-proto/2.2.0/ratis-proto-2.2.0.jar:"/>
    <property name="sun.cpu.endian" value="little"/>
    <property name="user.home" value="/home/runner"/>
    <property name="user.language" value="en"/>
    <property name="java.specification.vendor" value="Oracle Corporation"/>
    <property name="java.home" value="/usr/lib/jvm/adoptopenjdk-8-hotspot-amd64/jre"/>
    <property name="java.security.krb5.conf" value="/home/runner/work/ozone/ozone/hadoop-ozone/integration-test/target/test-classes/krb5.conf"/>
    <property name="basedir" value="/home/runner/work/ozone/ozone/hadoop-ozone/integration-test"/>
    <property name="file.separator" value="/"/>
    <property name="line.separator" value="&#10;"/>
    <property name="java.vm.specification.vendor" value="Oracle Corporation"/>
    <property name="java.specification.name" value="Java Platform API Specification"/>
    <property name="java.awt.graphicsenv" value="sun.awt.X11GraphicsEnvironment"/>
    <property name="skip.installnpx" value="true"/>
    <property name="surefire.real.class.path" value="/home/runner/work/ozone/ozone/hadoop-ozone/integration-test/target/surefire/surefirebooter1395437201631007045.jar:/home/runner/.m2/repository/org/jacoco/org.jacoco.agent/0.8.5/org.jacoco.agent-0.8.5-runtime.jar"/>
    <property name="hadoop.log.dir" value="/home/runner/work/ozone/ozone/hadoop-ozone/integration-test/target/log"/>
    <property name="sun.boot.class.path" value="/usr/lib/jvm/adoptopenjdk-8-hotspot-amd64/jre/lib/resources.jar:/usr/lib/jvm/adoptopenjdk-8-hotspot-amd64/jre/lib/rt.jar:/usr/lib/jvm/adoptopenjdk-8-hotspot-amd64/jre/lib/sunrsasign.jar:/usr/lib/jvm/adoptopenjdk-8-hotspot-amd64/jre/lib/jsse.jar:/usr/lib/jvm/adoptopenjdk-8-hotspot-amd64/jre/lib/jce.jar:/usr/lib/jvm/adoptopenjdk-8-hotspot-amd64/jre/lib/charsets.jar:/usr/lib/jvm/adoptopenjdk-8-hotspot-amd64/jre/lib/jfr.jar:/usr/lib/jvm/adoptopenjdk-8-hotspot-amd64/jre/classes"/>
    <property name="sun.management.compiler" value="HotSpot 64-Bit Tiered Compilers"/>
    <property name="skip.npx" value="true"/>
    <property name="java.runtime.version" value="1.8.0_292-b10"/>
    <property name="java.net.preferIPv4Stack" value="true"/>
    <property name="user.name" value="runner"/>
    <property name="path.separator" value=":"/>
    <property name="java.security.egd" value="file:///dev/urandom"/>
    <property name="os.version" value="5.4.0-1062-azure"/>
    <property name="java.endorsed.dirs" value="/usr/lib/jvm/adoptopenjdk-8-hotspot-amd64/jre/lib/endorsed"/>
    <property name="java.runtime.name" value="OpenJDK Runtime Environment"/>
    <property name="file.encoding" value="UTF-8"/>
    <property name="java.vm.name" value="OpenJDK 64-Bit Server VM"/>
    <property name="test.build.webapps" value=""/>
    <property name="localRepository" value="/home/runner/.m2/repository"/>
    <property name="java.vendor.url.bug" value="https://github.com/AdoptOpenJDK/openjdk-support/issues"/>
    <property name="java.io.tmpdir" value="/tmp"/>
    <property name="require.test.libhadoop" value=""/>
    <property name="java.version" value="1.8.0_292"/>
    <property name="user.dir" value="/home/runner/work/ozone/ozone/hadoop-ozone/integration-test"/>
    <property name="os.arch" value="amd64"/>
    <property name="java.vm.specification.name" value="Java Virtual Machine Specification"/>
    <property name="test.build.classes" value="/home/runner/work/ozone/ozone/hadoop-ozone/integration-test/target/test-classes"/>
    <property name="java.awt.printerjob" value="sun.print.PSPrinterJob"/>
    <property name="sun.os.patch.level" value="unknown"/>
    <property name="hadoop.tmp.dir" value="/home/runner/work/ozone/ozone/hadoop-ozone/integration-test/target/tmp"/>
    <property name="java.library.path" value="/usr/java/packages/lib/amd64:/usr/lib64:/lib64:/lib:/usr/lib"/>
    <property name="java.vm.info" value="mixed mode"/>
    <property name="java.vendor" value="AdoptOpenJDK"/>
    <property name="java.vm.version" value="25.292-b10"/>
    <property name="java.ext.dirs" value="/usr/lib/jvm/adoptopenjdk-8-hotspot-amd64/jre/lib/ext:/usr/java/packages/lib/ext"/>
    <property name="sun.io.unicode.encoding" value="UnicodeLittle"/>
    <property name="java.class.version" value="52.0"/>
  </properties>
  <testcase name="test2DatanodesFailure" classname="org.apache.hadoop.ozone.client.rpc.TestBlockOutputStreamWithFailures" time="73.506">
    <error message="java.io.IOException: INTERNAL_ERROR org.apache.hadoop.ozone.om.exceptions.OMException: Allocated 0 blocks. Requested 1 blocks" type="java.io.IOException">java.io.IOException: java.io.IOException: INTERNAL_ERROR org.apache.hadoop.ozone.om.exceptions.OMException: Allocated 0 blocks. Requested 1 blocks
	at org.apache.hadoop.ozone.client.io.KeyOutputStream.handleWrite(KeyOutputStream.java:243)
	at org.apache.hadoop.ozone.client.io.KeyOutputStream.write(KeyOutputStream.java:213)
	at org.apache.hadoop.ozone.client.io.OzoneOutputStream.write(OzoneOutputStream.java:50)
	at java.io.OutputStream.write(OutputStream.java:75)
	at org.apache.hadoop.ozone.client.rpc.TestBlockOutputStreamWithFailures.test2DatanodesFailure(TestBlockOutputStreamWithFailures.java:414)
	at sun.reflect.NativeMethodAccessorImpl.invoke0(Native Method)
	at sun.reflect.NativeMethodAccessorImpl.invoke(NativeMethodAccessorImpl.java:62)
	at sun.reflect.DelegatingMethodAccessorImpl.invoke(DelegatingMethodAccessorImpl.java:43)
	at java.lang.reflect.Method.invoke(Method.java:498)
	at org.junit.runners.model.FrameworkMethod$1.runReflectiveCall(FrameworkMethod.java:59)
	at org.junit.internal.runners.model.ReflectiveCallable.run(ReflectiveCallable.java:12)
	at org.junit.runners.model.FrameworkMethod.invokeExplosively(FrameworkMethod.java:56)
	at org.junit.internal.runners.statements.InvokeMethod.evaluate(InvokeMethod.java:17)
	at org.junit.internal.runners.statements.RunBefores.evaluate(RunBefores.java:26)
	at org.junit.internal.runners.statements.RunAfters.evaluate(RunAfters.java:27)
	at org.junit.internal.runners.statements.FailOnTimeout$CallableStatement.call(FailOnTimeout.java:288)
	at org.junit.internal.runners.statements.FailOnTimeout$CallableStatement.call(FailOnTimeout.java:282)
	at java.util.concurrent.FutureTask.run(FutureTask.java:266)
	at java.lang.Thread.run(Thread.java:748)
Caused by: java.io.IOException: INTERNAL_ERROR org.apache.hadoop.ozone.om.exceptions.OMException: Allocated 0 blocks. Requested 1 blocks
	at org.apache.hadoop.ozone.client.io.KeyOutputStream.handleWrite(KeyOutputStream.java:243)
	at org.apache.hadoop.ozone.client.io.KeyOutputStream.handleRetry(KeyOutputStream.java:415)
	at org.apache.hadoop.ozone.client.io.KeyOutputStream.handleException(KeyOutputStream.java:360)
	at org.apache.hadoop.ozone.client.io.KeyOutputStream.handleFlushOrClose(KeyOutputStream.java:471)
	at org.apache.hadoop.ozone.client.io.KeyOutputStream.handleWrite(KeyOutputStream.java:237)
	... 18 more
Caused by: INTERNAL_ERROR org.apache.hadoop.ozone.om.exceptions.OMException: Allocated 0 blocks. Requested 1 blocks
	at org.apache.hadoop.ozone.om.protocolPB.OzoneManagerProtocolClientSideTranslatorPB.handleError(OzoneManagerProtocolClientSideTranslatorPB.java:632)
	at org.apache.hadoop.ozone.om.protocolPB.OzoneManagerProtocolClientSideTranslatorPB.allocateBlock(OzoneManagerProtocolClientSideTranslatorPB.java:662)
	at org.apache.hadoop.ozone.client.io.BlockOutputStreamEntryPool.allocateNewBlock(BlockOutputStreamEntryPool.java:305)
	at org.apache.hadoop.ozone.client.io.BlockOutputStreamEntryPool.allocateBlockIfNeeded(BlockOutputStreamEntryPool.java:366)
	at org.apache.hadoop.ozone.client.io.KeyOutputStream.handleWrite(KeyOutputStream.java:222)
	... 22 more
</error>
    <system-out><![CDATA[2021-11-15 19:20:58,219 [Time-limited test] WARN  server.ServerUtils (ServerUtils.java:getScmDbDir(148)) - ozone.scm.db.dirs is not configured. We recommend adding this setting. Falling back to ozone.metadata.dirs instead.
2021-11-15 19:20:58,325 [Time-limited test] INFO  ha.SCMHANodeDetails (SCMHANodeDetails.java:loadSCMHAConfig(157)) - ServiceID for StorageContainerManager is null
2021-11-15 19:20:58,326 [Time-limited test] INFO  ha.SCMHANodeDetails (SCMHANodeDetails.java:loadSCMHAConfig(162)) - ozone.scm.default.service.id is not defined, falling back to ozone.scm.service.ids to find serviceID for StorageContainerManager if it is HA enabled cluster
2021-11-15 19:20:58,434 [Time-limited test] WARN  server.ServerUtils (ServerUtils.java:getScmDbDir(148)) - ozone.scm.db.dirs is not configured. We recommend adding this setting. Falling back to ozone.metadata.dirs instead.
2021-11-15 19:20:58,436 [Time-limited test] INFO  upgrade.AbstractLayoutVersionManager (AbstractLayoutVersionManager.java:init(79)) - Initializing Layout version manager with metadata layout = SCM_HA (version = 2), software layout = SCM_HA (version = 2)
2021-11-15 19:20:58,690 [Time-limited test] INFO  reflections.Reflections (Reflections.java:scan(232)) - Reflections took 164 ms to scan 7 urls, producing 119 keys and 279 values 
2021-11-15 19:20:59,323 [Time-limited test] WARN  utils.HAUtils (HAUtils.java:getMetaDir(342)) - ozone.scm.db.dirs is not configured. We recommend adding this setting. Falling back to ozone.metadata.dirs instead.
2021-11-15 19:20:59,485 [Time-limited test] WARN  db.DBStoreBuilder (DBStoreBuilder.java:applyDBDefinition(145)) - ozone.scm.db.dirs is not configured. We recommend adding this setting. Falling back to ozone.metadata.dirs instead.
2021-11-15 19:20:59,684 [Time-limited test] INFO  net.NodeSchemaLoader (NodeSchemaLoader.java:loadSchemaFromFile(129)) - Loading schema from [jar:file:/home/runner/.m2/repository/org/apache/ozone/hdds-common/1.2.0-SNAPSHOT/hdds-common-1.2.0-SNAPSHOT.jar!/network-topology-default.xml]
2021-11-15 19:20:59,686 [Time-limited test] INFO  net.NodeSchemaLoader (NodeSchemaLoader.java:loadSchema(176)) - Loading network topology layer schema file
2021-11-15 19:20:59,737 [Time-limited test] INFO  metrics.MetricRegistries (MetricRegistriesLoader.java:load(64)) - Loaded MetricRegistries class org.apache.ratis.metrics.impl.MetricRegistriesImpl
2021-11-15 19:20:59,753 [Time-limited test] INFO  ha.SequenceIdGenerator (SequenceIdGenerator.java:upgradeToSequenceId(347)) - upgrade localId to 107544261427200000
2021-11-15 19:20:59,754 [Time-limited test] INFO  ha.SequenceIdGenerator (SequenceIdGenerator.java:upgradeToSequenceId(357)) - upgrade delTxnId to 0
2021-11-15 19:20:59,759 [Time-limited test] INFO  ha.SequenceIdGenerator (SequenceIdGenerator.java:upgradeToSequenceId(371)) - upgrade containerId to 0
2021-11-15 19:20:59,765 [Time-limited test] INFO  ha.SequenceIdGenerator (SequenceIdGenerator.java:<init>(218)) - Init the HA SequenceIdGenerator.
2021-11-15 19:20:59,813 [Time-limited test] WARN  server.ServerUtils (ServerUtils.java:sanitizeUserArgs(67)) - ozone.scm.dead.node.interval value = 10000 is smaller than min = 20000 based on the key value of ozone.scm.stale.node.interval, reset to the min value 20000.
2021-11-15 19:20:59,821 [Time-limited test] INFO  node.SCMNodeManager (SCMNodeManager.java:<init>(144)) - Entering startup safe mode.
2021-11-15 19:20:59,892 [Time-limited test] INFO  algorithms.ContainerPlacementPolicyFactory (ContainerPlacementPolicyFactory.java:getPolicy(60)) - Create container placement policy of type org.apache.hadoop.hdds.scm.container.placement.algorithms.SCMContainerPlacementRandom
2021-11-15 19:20:59,902 [Time-limited test] INFO  pipeline.PipelineStateManagerImpl (PipelineStateManagerImpl.java:initialize(78)) - No pipeline exists in current db
2021-11-15 19:20:59,940 [Time-limited test] INFO  algorithms.LeaderChoosePolicyFactory (LeaderChoosePolicyFactory.java:getPolicy(57)) - Create leader choose policy of type org.apache.hadoop.hdds.scm.pipeline.leader.choose.algorithms.MinLeaderCountChoosePolicy
2021-11-15 19:20:59,947 [Time-limited test] INFO  ha.SCMServiceManager (SCMServiceManager.java:register(43)) - Registering service BackgroundPipelineCreator.
2021-11-15 19:20:59,948 [Time-limited test] INFO  pipeline.BackgroundPipelineCreator (BackgroundPipelineCreator.java:start(130)) - Starting RatisPipelineUtilsThread.
2021-11-15 19:20:59,986 [Time-limited test] INFO  algorithms.PipelineChoosePolicyFactory (PipelineChoosePolicyFactory.java:createPipelineChoosePolicyFromClass(73)) - Create pipeline choose policy of type org.apache.hadoop.hdds.scm.pipeline.choose.algorithms.RandomPipelineChoosePolicy
2021-11-15 19:21:00,010 [Time-limited test] INFO  ha.SCMServiceManager (SCMServiceManager.java:register(43)) - Registering service SCMBlockDeletingService.
2021-11-15 19:21:00,036 [Time-limited test] INFO  ha.SCMServiceManager (SCMServiceManager.java:register(43)) - Registering service ReplicationManager.
2021-11-15 19:21:00,041 [Time-limited test] INFO  container.ReplicationManager (ReplicationManager.java:start(319)) - Starting Replication Monitor Thread.
2021-11-15 19:21:00,049 [ReplicationMonitor] INFO  container.ReplicationManager (ReplicationManager.java:processAll(371)) - Replication Monitor Thread took 1 milliseconds for processing 0 containers.
2021-11-15 19:21:00,057 [Time-limited test] INFO  safemode.ContainerSafeModeRule (ContainerSafeModeRule.java:<init>(89)) - containers with one replica threshold count 0
2021-11-15 19:21:00,061 [Time-limited test] INFO  safemode.HealthyPipelineSafeModeRule (HealthyPipelineSafeModeRule.java:initializeRule(156)) - Total pipeline count is 0, healthy pipeline threshold count is 1
2021-11-15 19:21:00,080 [Time-limited test] INFO  safemode.OneReplicaPipelineSafeModeRule (OneReplicaPipelineSafeModeRule.java:initializeRule(180)) - Total pipeline count is 0, pipeline's with at least one datanode reported threshold count is 0
2021-11-15 19:21:00,457 [Time-limited test] INFO  ipc.CallQueueManager (CallQueueManager.java:<init>(90)) - Using callQueue: class java.util.concurrent.LinkedBlockingQueue, queueCapacity: 2000, scheduler: class org.apache.hadoop.ipc.DefaultRpcScheduler, ipcBackoff: false.
2021-11-15 19:21:00,497 [Socket Reader #1 for port 0] INFO  ipc.Server (Server.java:run(1265)) - Starting Socket Reader #1 for port 0
2021-11-15 19:21:00,544 [Listener at 0.0.0.0/44671] INFO  ipc.CallQueueManager (CallQueueManager.java:<init>(90)) - Using callQueue: class java.util.concurrent.LinkedBlockingQueue, queueCapacity: 2000, scheduler: class org.apache.hadoop.ipc.DefaultRpcScheduler, ipcBackoff: false.
2021-11-15 19:21:00,549 [Socket Reader #1 for port 0] INFO  ipc.Server (Server.java:run(1265)) - Starting Socket Reader #1 for port 0
2021-11-15 19:21:00,566 [Listener at 0.0.0.0/39849] INFO  ipc.CallQueueManager (CallQueueManager.java:<init>(90)) - Using callQueue: class java.util.concurrent.LinkedBlockingQueue, queueCapacity: 2000, scheduler: class org.apache.hadoop.ipc.DefaultRpcScheduler, ipcBackoff: false.
2021-11-15 19:21:00,567 [Socket Reader #1 for port 0] INFO  ipc.Server (Server.java:run(1265)) - Starting Socket Reader #1 for port 0
2021-11-15 19:21:00,625 [Listener at 0.0.0.0/37373] INFO  algorithms.ContainerPlacementPolicyFactory (ContainerPlacementPolicyFactory.java:getPolicy(60)) - Create container placement policy of type org.apache.hadoop.hdds.scm.container.placement.algorithms.SCMContainerPlacementRandom
2021-11-15 19:21:00,631 [Listener at 0.0.0.0/37373] INFO  server.StorageContainerManager (StorageContainerManager.java:<init>(388)) - 
Container Balancer status:
Key                            Value
Running                        false
Container Balancer Configuration values:
Key                                                Value
Threshold                                          0.1
Max Datanodes to Involve per Iteration(ratio)      0.2
Max Size to Move per Iteration                     32212254720B

2021-11-15 19:21:00,632 [Listener at 0.0.0.0/37373] WARN  events.EventQueue (EventQueue.java:fireEvent(194)) - No event handler registered for event TypedEvent{payloadType=SafeModeStatus, name='Safe mode status'}
2021-11-15 19:21:00,632 [Listener at 0.0.0.0/37373] INFO  ha.SCMContext (SCMContext.java:updateSafeModeStatus(205)) - Update SafeModeStatus from SafeModeStatus{safeModeStatus=true, preCheckPassed=false} to SafeModeStatus{safeModeStatus=true, preCheckPassed=false}.
2021-11-15 19:21:00,636 [Listener at 0.0.0.0/37373] INFO  server.StorageContainerManager (StorageContainerManager.java:start(1303)) - StorageContainerLocationProtocol RPC server is listening at /0.0.0.0:37373
2021-11-15 19:21:00,703 [Listener at 0.0.0.0/37373] WARN  impl.MetricsConfig (MetricsConfig.java:loadFirst(136)) - Cannot locate configuration: tried hadoop-metrics2-storagecontainermanager.properties,hadoop-metrics2.properties
2021-11-15 19:21:00,720 [Listener at 0.0.0.0/37373] INFO  impl.MetricsSystemImpl (MetricsSystemImpl.java:startTimer(378)) - Scheduled Metric snapshot period at 10 second(s).
2021-11-15 19:21:00,721 [Listener at 0.0.0.0/37373] INFO  impl.MetricsSystemImpl (MetricsSystemImpl.java:start(191)) - StorageContainerManager metrics system started
2021-11-15 19:21:01,058 [Listener at 0.0.0.0/37373] INFO  server.SCMClientProtocolServer (SCMClientProtocolServer.java:start(164)) - RPC server for Client  is listening at /0.0.0.0:37373
2021-11-15 19:21:01,059 [IPC Server Responder] INFO  ipc.Server (Server.java:run(1507)) - IPC Server Responder: starting
2021-11-15 19:21:01,060 [IPC Server listener on 0] INFO  ipc.Server (Server.java:run(1344)) - IPC Server listener on 0: starting
2021-11-15 19:21:01,072 [Listener at 0.0.0.0/37373] INFO  server.StorageContainerManager (StorageContainerManager.java:start(1318)) - ScmBlockLocationProtocol RPC server is listening at /0.0.0.0:39849
2021-11-15 19:21:01,072 [Listener at 0.0.0.0/37373] INFO  server.SCMBlockProtocolServer (SCMBlockProtocolServer.java:start(151)) - RPC server for Block Protocol is listening at /0.0.0.0:39849
2021-11-15 19:21:01,073 [IPC Server Responder] INFO  ipc.Server (Server.java:run(1507)) - IPC Server Responder: starting
2021-11-15 19:21:01,073 [IPC Server listener on 0] INFO  ipc.Server (Server.java:run(1344)) - IPC Server listener on 0: starting
2021-11-15 19:21:01,076 [Listener at 0.0.0.0/37373] INFO  server.StorageContainerManager (StorageContainerManager.java:start(1324)) - ScmDatanodeProtocl RPC server is listening at /0.0.0.0:44671
2021-11-15 19:21:01,077 [Listener at 0.0.0.0/37373] INFO  server.SCMDatanodeProtocolServer (SCMDatanodeProtocolServer.java:start(181)) - RPC server for DataNodes is listening at /0.0.0.0:44671
2021-11-15 19:21:01,077 [IPC Server Responder] INFO  ipc.Server (Server.java:run(1507)) - IPC Server Responder: starting
2021-11-15 19:21:01,079 [IPC Server listener on 0] INFO  ipc.Server (Server.java:run(1344)) - IPC Server listener on 0: starting
2021-11-15 19:21:01,102 [org.apache.hadoop.util.JvmPauseMonitor$Monitor@4ffd1cd8] INFO  util.JvmPauseMonitor (JvmPauseMonitor.java:run(188)) - Starting JVM pause monitor
2021-11-15 19:21:01,109 [Listener at 0.0.0.0/37373] INFO  http.BaseHttpServer (BaseHttpServer.java:newHttpServer2BuilderForOzone(209)) - Starting Web-server for scm at: http://0.0.0.0:0
2021-11-15 19:21:01,109 [Listener at 0.0.0.0/37373] INFO  http.BaseHttpServer (BaseHttpServer.java:<init>(107)) - Hadoop Security Enabled: false Ozone Security Enabled: false Ozone HTTP Security Enabled: false 
2021-11-15 19:21:01,136 [Listener at 0.0.0.0/37373] INFO  util.log (Log.java:initialized(170)) - Logging initialized @4372ms to org.eclipse.jetty.util.log.Slf4jLog
2021-11-15 19:21:01,239 [Listener at 0.0.0.0/37373] INFO  server.AuthenticationFilter (AuthenticationFilter.java:constructSecretProvider(240)) - Unable to initialize FileSignerSecretProvider, falling back to use random secrets.
2021-11-15 19:21:01,244 [Listener at 0.0.0.0/37373] WARN  http.HttpRequestLog (HttpRequestLog.java:getRequestLog(103)) - Jetty request log can only be enabled using Log4j
2021-11-15 19:21:01,248 [Listener at 0.0.0.0/37373] INFO  http.HttpServer2 (HttpServer2.java:addGlobalFilter(1030)) - Added global filter 'safety' (class=org.apache.hadoop.hdds.server.http.HttpServer2$QuotingInputFilter)
2021-11-15 19:21:01,250 [Listener at 0.0.0.0/37373] INFO  http.HttpServer2 (HttpServer2.java:addFilter(1006)) - Added filter static_user_filter (class=org.apache.hadoop.http.lib.StaticUserWebFilter$StaticUserFilter) to context scm
2021-11-15 19:21:01,251 [Listener at 0.0.0.0/37373] INFO  http.HttpServer2 (HttpServer2.java:addFilter(1014)) - Added filter static_user_filter (class=org.apache.hadoop.http.lib.StaticUserWebFilter$StaticUserFilter) to context static
2021-11-15 19:21:01,251 [Listener at 0.0.0.0/37373] INFO  http.HttpServer2 (HttpServer2.java:addFilter(1014)) - Added filter static_user_filter (class=org.apache.hadoop.http.lib.StaticUserWebFilter$StaticUserFilter) to context logs
2021-11-15 19:21:01,296 [Listener at 0.0.0.0/37373] INFO  http.HttpServer2 (HttpServer2.java:bindListener(1249)) - Jetty bound to port 40471
2021-11-15 19:21:01,297 [Listener at 0.0.0.0/37373] INFO  server.Server (Server.java:doStart(375)) - jetty-9.4.43.v20210629; built: 2021-06-30T11:07:22.254Z; git: 526006ecfa3af7f1a27ef3a288e2bef7ea9dd7e8; jvm 1.8.0_292-b10
2021-11-15 19:21:01,331 [Listener at 0.0.0.0/37373] INFO  server.session (DefaultSessionIdManager.java:doStart(334)) - DefaultSessionIdManager workerName=node0
2021-11-15 19:21:01,331 [Listener at 0.0.0.0/37373] INFO  server.session (DefaultSessionIdManager.java:doStart(339)) - No SessionScavenger set, using defaults
2021-11-15 19:21:01,334 [Listener at 0.0.0.0/37373] INFO  server.session (HouseKeeper.java:startScavenging(132)) - node0 Scavenging every 660000ms
2021-11-15 19:21:01,348 [Listener at 0.0.0.0/37373] INFO  handler.ContextHandler (ContextHandler.java:doStart(915)) - Started o.e.j.s.ServletContextHandler@3eac6337{logs,/logs,file:///home/runner/work/ozone/ozone/hadoop-ozone/integration-test/target/log,AVAILABLE}
2021-11-15 19:21:01,348 [Listener at 0.0.0.0/37373] INFO  handler.ContextHandler (ContextHandler.java:doStart(915)) - Started o.e.j.s.ServletContextHandler@36af45df{static,/static,file:///home/runner/work/ozone/ozone/hadoop-ozone/integration-test/target/test-classes/webapps/static,AVAILABLE}
2021-11-15 19:21:01,392 [Listener at 0.0.0.0/37373] INFO  handler.ContextHandler (ContextHandler.java:doStart(915)) - Started o.e.j.w.WebAppContext@18aed87d{scm,/,file:///home/runner/work/ozone/ozone/hadoop-ozone/integration-test/target/test-classes/webapps/scm/,AVAILABLE}{file:/home/runner/work/ozone/ozone/hadoop-ozone/integration-test/target/test-classes/webapps/scm}
2021-11-15 19:21:01,400 [Listener at 0.0.0.0/37373] INFO  server.AbstractConnector (AbstractConnector.java:doStart(331)) - Started ServerConnector@9b6a815{HTTP/1.1, (http/1.1)}{0.0.0.0:40471}
2021-11-15 19:21:01,401 [Listener at 0.0.0.0/37373] INFO  server.Server (Server.java:doStart(415)) - Started @4637ms
2021-11-15 19:21:01,403 [Listener at 0.0.0.0/37373] INFO  impl.MetricsSinkAdapter (MetricsSinkAdapter.java:start(204)) - Sink prometheus started
2021-11-15 19:21:01,403 [Listener at 0.0.0.0/37373] INFO  impl.MetricsSystemImpl (MetricsSystemImpl.java:registerSink(305)) - Registered sink prometheus
2021-11-15 19:21:01,406 [Listener at 0.0.0.0/37373] INFO  http.BaseHttpServer (BaseHttpServer.java:updateConnectorAddress(329)) - HTTP server of scm listening at http://0.0.0.0:40471
2021-11-15 19:21:01,407 [Listener at 0.0.0.0/37373] WARN  server.ServerUtils (ServerUtils.java:getDBPath(225)) - ozone.om.db.dirs is not configured. We recommend adding this setting. Falling back to ozone.metadata.dirs instead.
2021-11-15 19:21:01,537 [Listener at 0.0.0.0/37373] INFO  ha.OMHANodeDetails (OMHANodeDetails.java:loadOMHAConfig(112)) - ozone.om.internal.service.id is not defined, falling back to ozone.om.service.ids to find serviceID for OzoneManager if it is HA enabled cluster
2021-11-15 19:21:01,540 [Listener at 0.0.0.0/37373] INFO  ha.OMHANodeDetails (OMHANodeDetails.java:loadOMHAConfig(219)) - Configuration does not have ozone.om.address set. Falling back to the default OM address /127.0.0.1:0
2021-11-15 19:21:01,540 [Listener at 0.0.0.0/37373] INFO  ha.OMHANodeDetails (OMHANodeDetails.java:getOMNodeDetails(247)) - OM Service ID is not set. Setting it to the default ID: omServiceIdDefault
2021-11-15 19:21:01,540 [Listener at 0.0.0.0/37373] INFO  ha.OMHANodeDetails (OMHANodeDetails.java:getOMNodeDetails(254)) - OM Node ID is not set. Setting it to the default ID: om1
2021-11-15 19:21:01,544 [Listener at 0.0.0.0/37373] WARN  server.ServerUtils (ServerUtils.java:getDBPath(225)) - ozone.om.db.dirs is not configured. We recommend adding this setting. Falling back to ozone.metadata.dirs instead.
2021-11-15 19:21:01,547 [Listener at 0.0.0.0/37373] INFO  upgrade.AbstractLayoutVersionManager (AbstractLayoutVersionManager.java:init(79)) - Initializing Layout version manager with metadata layout = INITIAL_VERSION (version = 0), software layout = INITIAL_VERSION (version = 0)
2021-11-15 19:21:01,610 [Listener at 0.0.0.0/37373] INFO  reflections.Reflections (Reflections.java:scan(232)) - Reflections took 59 ms to scan 2 urls, producing 131 keys and 344 values [using 2 cores]
2021-11-15 19:21:01,615 [Listener at 0.0.0.0/37373] INFO  upgrade.OMLayoutVersionManager (OMLayoutVersionManager.java:lambda$0(115)) - Skipping Upgrade Action MockOmUpgradeAction since it has been finalized.
2021-11-15 19:21:01,617 [Listener at 0.0.0.0/37373] WARN  server.ServerUtils (ServerUtils.java:getDBPath(225)) - ozone.om.db.dirs is not configured. We recommend adding this setting. Falling back to ozone.metadata.dirs instead.
2021-11-15 19:21:02,023 [Listener at 0.0.0.0/37373] WARN  server.ServerUtils (ServerUtils.java:getDBPath(225)) - ozone.om.db.dirs is not configured. We recommend adding this setting. Falling back to ozone.metadata.dirs instead.
2021-11-15 19:21:02,030 [Listener at 0.0.0.0/37373] INFO  codec.OmKeyInfoCodec (OmKeyInfoCodec.java:<init>(50)) - OmKeyInfoCodec ignorePipeline = true
2021-11-15 19:21:02,031 [Listener at 0.0.0.0/37373] INFO  codec.RepeatedOmKeyInfoCodec (RepeatedOmKeyInfoCodec.java:<init>(42)) - RepeatedOmKeyInfoCodec ignorePipeline = true
2021-11-15 19:21:02,280 [Listener at 0.0.0.0/37373] INFO  om.OzoneManager (OzoneManager.java:addS3GVolumeToDB(3457)) - Created Volume s3v With Owner runner required for S3Gateway operations.
2021-11-15 19:21:02,350 [Listener at 0.0.0.0/37373] WARN  server.ServerUtils (ServerUtils.java:getDefaultRatisDirectory(237)) - Storage directory for Ratis is not configured. It is a good idea to map this to an SSD disk. Falling back to ozone.metadata.dirs
2021-11-15 19:21:02,350 [Listener at 0.0.0.0/37373] WARN  utils.OzoneManagerRatisUtils (OzoneManagerRatisUtils.java:getOMRatisSnapshotDirectory(425)) - ozone.om.ratis.snapshot.dir is not configured. Falling back to ozone.metadata.dirs config
2021-11-15 19:21:02,381 [Listener at 0.0.0.0/37373] WARN  server.ServerUtils (ServerUtils.java:getDefaultRatisDirectory(237)) - Storage directory for Ratis is not configured. It is a good idea to map this to an SSD disk. Falling back to ozone.metadata.dirs
2021-11-15 19:21:02,409 [Listener at 0.0.0.0/37373] INFO  ratis.OzoneManagerRatisServer (OzoneManagerRatisServer.java:<init>(159)) - Instantiating OM Ratis server with groupID: omServiceIdDefault and peers: localhost:9872
2021-11-15 19:21:02,418 [Listener at 0.0.0.0/37373] INFO  ratis.OzoneManagerStateMachine (OzoneManagerStateMachine.java:loadSnapshotInfoFromDB(605)) - LastAppliedIndex is set from TransactionInfo from OM DB as (t:0, i:~)
2021-11-15 19:21:02,448 [Listener at 0.0.0.0/37373] INFO  server.RaftServer (ConfUtils.java:logGet(44)) - raft.rpc.type = GRPC (default)
2021-11-15 19:21:02,534 [Listener at 0.0.0.0/37373] INFO  grpc.GrpcFactory (GrpcFactory.java:checkPooledByteBufAllocatorUseCacheForAllThreads(48)) - PERFORMANCE WARNING: useCacheForAllThreads is true that may cause Netty to create a lot garbage objects and, as a result, trigger GC.
	It is recommended to disable useCacheForAllThreads by setting -Dorg.apache.ratis.thirdparty.io.netty.allocator.useCacheForAllThreads=false in command line.
2021-11-15 19:21:02,538 [Listener at 0.0.0.0/37373] INFO  grpc.GrpcConfigKeys (ConfUtils.java:logGet(44)) - raft.grpc.admin.port = -1 (default)
2021-11-15 19:21:02,539 [Listener at 0.0.0.0/37373] INFO  grpc.GrpcConfigKeys (ConfUtils.java:logGet(44)) - raft.grpc.server.port = 9872 (custom)
2021-11-15 19:21:02,539 [Listener at 0.0.0.0/37373] INFO  grpc.GrpcConfigKeys (ConfUtils.java:logGet(44)) - raft.grpc.client.port = -1 (default)
2021-11-15 19:21:02,539 [Listener at 0.0.0.0/37373] INFO  grpc.GrpcConfigKeys (ConfUtils.java:logGet(44)) - raft.grpc.server.port = 9872 (custom)
2021-11-15 19:21:02,539 [Listener at 0.0.0.0/37373] INFO  grpc.GrpcConfigKeys (ConfUtils.java:logGet(44)) - raft.grpc.server.port = 9872 (custom)
2021-11-15 19:21:02,540 [Listener at 0.0.0.0/37373] INFO  server.GrpcService (ConfUtils.java:logGet(44)) - raft.grpc.message.size.max = 33554432 (custom)
2021-11-15 19:21:02,541 [Listener at 0.0.0.0/37373] INFO  server.RaftServerConfigKeys (ConfUtils.java:logGet(44)) - raft.server.log.appender.buffer.byte-limit = 33554432 (custom)
2021-11-15 19:21:02,542 [Listener at 0.0.0.0/37373] INFO  server.GrpcService (ConfUtils.java:logGet(44)) - raft.grpc.flow.control.window = 1MB (=1048576) (default)
2021-11-15 19:21:02,544 [Listener at 0.0.0.0/37373] INFO  server.RaftServerConfigKeys (ConfUtils.java:logGet(44)) - raft.server.rpc.request.timeout = 3000ms (default)
2021-11-15 19:21:02,855 [Listener at 0.0.0.0/37373] INFO  impl.DataStreamServerImpl (ConfUtils.java:logGet(44)) - raft.datastream.type = DISABLED (default)
2021-11-15 19:21:02,857 [Listener at 0.0.0.0/37373] INFO  server.RaftServerConfigKeys (ConfUtils.java:logGet(44)) - raft.server.rpc.slowness.timeout = 120s (custom)
2021-11-15 19:21:02,857 [Listener at 0.0.0.0/37373] INFO  server.RaftServerConfigKeys (ConfUtils.java:logGet(44)) - raft.server.leaderelection.leader.step-down.wait-time = 10s (default)
2021-11-15 19:21:02,872 [Listener at 0.0.0.0/37373] INFO  server.RaftServerConfigKeys (ConfUtils.java:logGet(44)) - raft.server.storage.dir = [/home/runner/work/ozone/ozone/hadoop-ozone/integration-test/target/test-dir/MiniOzoneClusterImpl-edab3eb4-5721-4c35-be90-debfdbe0e37e/ozone-meta/ratis] (custom)
2021-11-15 19:21:02,878 [Listener at 0.0.0.0/37373] INFO  server.RaftServer (RaftServerProxy.java:addNew(95)) - om1: addNew group-C5BA1605619E:[om1|rpc:localhost:9872|priority:0] returns group-C5BA1605619E:java.util.concurrent.CompletableFuture@378021ee[Not completed]
2021-11-15 19:21:02,878 [Listener at 0.0.0.0/37373] INFO  om.OzoneManager (OzoneManager.java:initializeRatisServer(1639)) - OzoneManager Ratis server initialized at port 9872
2021-11-15 19:21:02,898 [Listener at 0.0.0.0/37373] INFO  ipc.CallQueueManager (CallQueueManager.java:<init>(90)) - Using callQueue: class java.util.concurrent.LinkedBlockingQueue, queueCapacity: 2000, scheduler: class org.apache.hadoop.ipc.DefaultRpcScheduler, ipcBackoff: false.
2021-11-15 19:21:02,906 [pool-39-thread-1] INFO  server.RaftServer$Division (RaftServerImpl.java:<init>(184)) - om1: new RaftServerImpl for group-C5BA1605619E:[om1|rpc:localhost:9872|priority:0] with OzoneManagerStateMachine:uninitialized
2021-11-15 19:21:02,912 [Socket Reader #1 for port 0] INFO  ipc.Server (Server.java:run(1265)) - Starting Socket Reader #1 for port 0
2021-11-15 19:21:02,920 [pool-39-thread-1] INFO  server.RaftServerConfigKeys (ConfUtils.java:logGet(44)) - raft.server.rpc.timeout.min = 1s (custom)
2021-11-15 19:21:02,920 [pool-39-thread-1] INFO  server.RaftServerConfigKeys (ConfUtils.java:logGet(44)) - raft.server.rpc.timeout.max = 1200ms (custom)
2021-11-15 19:21:02,920 [pool-39-thread-1] INFO  server.RaftServerConfigKeys (ConfUtils.java:logGet(44)) - raft.server.rpc.sleep.time = 25ms (default)
2021-11-15 19:21:02,920 [pool-39-thread-1] INFO  server.RaftServerConfigKeys (ConfUtils.java:logGet(44)) - raft.server.rpc.slowness.timeout = 120s (custom)
2021-11-15 19:21:02,920 [pool-39-thread-1] INFO  server.RaftServerConfigKeys (ConfUtils.java:logGet(44)) - raft.server.leaderelection.leader.step-down.wait-time = 10s (default)
2021-11-15 19:21:02,921 [pool-39-thread-1] INFO  server.RaftServerConfigKeys (ConfUtils.java:logGet(44)) - raft.server.sleep.deviation.threshold = 300ms (default)
2021-11-15 19:21:02,921 [pool-39-thread-1] INFO  server.RaftServerConfigKeys (ConfUtils.java:logGet(44)) - raft.server.log.appender.install.snapshot.enabled = false (custom)
2021-11-15 19:21:02,926 [pool-39-thread-1] INFO  server.RaftServer$Division (ServerState.java:<init>(105)) - om1@group-C5BA1605619E: ConfigurationManager, init=-1: [om1|rpc:localhost:9872|priority:0], old=null, confs=<EMPTY_MAP>
2021-11-15 19:21:02,926 [pool-39-thread-1] INFO  server.RaftServerConfigKeys (ConfUtils.java:logGet(44)) - raft.server.storage.dir = [/home/runner/work/ozone/ozone/hadoop-ozone/integration-test/target/test-dir/MiniOzoneClusterImpl-edab3eb4-5721-4c35-be90-debfdbe0e37e/ozone-meta/ratis] (custom)
2021-11-15 19:21:02,936 [pool-39-thread-1] INFO  server.RaftServerConfigKeys (ConfUtils.java:logGet(44)) - raft.server.log.corruption.policy = EXCEPTION (default)
2021-11-15 19:21:02,937 [pool-39-thread-1] INFO  server.RaftServerConfigKeys (ConfUtils.java:logGet(44)) - raft.server.storage.free-space.min = 0MB (=0) (default)
2021-11-15 19:21:02,939 [pool-39-thread-1] INFO  storage.RaftStorageDirectory (RaftStorageDirectoryImpl.java:analyzeStorage(135)) - The storage directory /home/runner/work/ozone/ozone/hadoop-ozone/integration-test/target/test-dir/MiniOzoneClusterImpl-edab3eb4-5721-4c35-be90-debfdbe0e37e/ozone-meta/ratis/bf265839-605b-3f16-9796-c5ba1605619e does not exist. Creating ...
2021-11-15 19:21:02,950 [pool-39-thread-1] INFO  storage.RaftStorageDirectory (RaftStorageDirectoryImpl.java:tryLock(230)) - Lock on /home/runner/work/ozone/ozone/hadoop-ozone/integration-test/target/test-dir/MiniOzoneClusterImpl-edab3eb4-5721-4c35-be90-debfdbe0e37e/ozone-meta/ratis/bf265839-605b-3f16-9796-c5ba1605619e/in_use.lock acquired by nodename 2800@fv-az151-339
2021-11-15 19:21:02,962 [Listener at 127.0.0.1/38415] INFO  om.OzoneManager (OzoneManager.java:initFSOLayout(3662)) - Configured ozone.om.metadata.layout=SIMPLE and disabled optimized OM FS operations
2021-11-15 19:21:02,963 [Listener at 127.0.0.1/38415] INFO  impl.MetricsSystemImpl (MetricsSystemImpl.java:init(158)) - OzoneManager metrics system started (again)
2021-11-15 19:21:02,964 [pool-39-thread-1] INFO  storage.RaftStorage (RaftStorageImpl.java:format(89)) - Storage directory /home/runner/work/ozone/ozone/hadoop-ozone/integration-test/target/test-dir/MiniOzoneClusterImpl-edab3eb4-5721-4c35-be90-debfdbe0e37e/ozone-meta/ratis/bf265839-605b-3f16-9796-c5ba1605619e has been successfully formatted.
2021-11-15 19:21:02,967 [pool-39-thread-1] INFO  server.RaftServerConfigKeys (ConfUtils.java:logGet(44)) - raft.server.notification.no-leader.timeout = 120s (custom)
2021-11-15 19:21:02,968 [pool-39-thread-1] INFO  server.RaftServerConfigKeys (ConfUtils.java:logGet(44)) - raft.server.log.use.memory = false (default)
2021-11-15 19:21:02,984 [pool-39-thread-1] INFO  server.RaftServerConfigKeys (ConfUtils.java:logGet(44)) - raft.server.log.purge.gap = 1000000 (custom)
2021-11-15 19:21:02,984 [pool-39-thread-1] INFO  server.RaftServerConfigKeys (ConfUtils.java:logGet(44)) - raft.server.log.appender.buffer.byte-limit = 33554432 (custom)
2021-11-15 19:21:03,000 [Listener at 127.0.0.1/38415] INFO  om.OzoneManager (OzoneManager.java:start(1323)) - OzoneManager RPC server is listening at localhost/127.0.0.1:38415
2021-11-15 19:21:03,000 [Listener at 127.0.0.1/38415] INFO  ratis.OzoneManagerRatisServer (OzoneManagerRatisServer.java:start(522)) - Starting OzoneManagerRatisServer om1 at port 9872
2021-11-15 19:21:03,006 [pool-39-thread-1] INFO  server.RaftServerConfigKeys (ConfUtils.java:logGet(44)) - raft.server.log.segment.size.max = 4194304 (custom)
2021-11-15 19:21:03,015 [pool-39-thread-1] INFO  server.RaftServerConfigKeys (ConfUtils.java:logGet(44)) - raft.server.log.segment.cache.num.max = 2 (custom)
2021-11-15 19:21:03,015 [pool-39-thread-1] INFO  server.RaftServerConfigKeys (ConfUtils.java:logGet(44)) - raft.server.log.segment.cache.size.max = 200MB (=209715200) (default)
2021-11-15 19:21:03,022 [pool-39-thread-1] INFO  segmented.SegmentedRaftLogWorker (SegmentedRaftLogWorker.java:<init>(182)) - new om1@group-C5BA1605619E-SegmentedRaftLogWorker for RaftStorageImpl:Storage Directory /home/runner/work/ozone/ozone/hadoop-ozone/integration-test/target/test-dir/MiniOzoneClusterImpl-edab3eb4-5721-4c35-be90-debfdbe0e37e/ozone-meta/ratis/bf265839-605b-3f16-9796-c5ba1605619e
2021-11-15 19:21:03,022 [pool-39-thread-1] INFO  server.RaftServerConfigKeys (ConfUtils.java:logGet(44)) - raft.server.log.queue.byte-limit = 64MB (=67108864) (default)
2021-11-15 19:21:03,022 [pool-39-thread-1] INFO  server.RaftServerConfigKeys (ConfUtils.java:logGet(44)) - raft.server.log.queue.element-limit = 4096 (default)
2021-11-15 19:21:03,023 [pool-39-thread-1] INFO  server.RaftServerConfigKeys (ConfUtils.java:logGet(44)) - raft.server.log.segment.size.max = 4194304 (custom)
2021-11-15 19:21:03,024 [pool-39-thread-1] INFO  server.RaftServerConfigKeys (ConfUtils.java:logGet(44)) - raft.server.log.preallocated.size = 4194304 (custom)
2021-11-15 19:21:03,024 [pool-39-thread-1] INFO  server.RaftServerConfigKeys (ConfUtils.java:logGet(44)) - raft.server.log.force.sync.num = 128 (default)
2021-11-15 19:21:03,025 [pool-39-thread-1] INFO  server.RaftServerConfigKeys (ConfUtils.java:logGet(44)) - raft.server.log.statemachine.data.sync = true (default)
2021-11-15 19:21:03,025 [pool-39-thread-1] INFO  server.RaftServerConfigKeys (ConfUtils.java:logGet(44)) - raft.server.log.statemachine.data.sync.timeout = 10s (default)
2021-11-15 19:21:03,026 [pool-39-thread-1] INFO  server.RaftServerConfigKeys (ConfUtils.java:logGet(44)) - raft.server.log.statemachine.data.sync.timeout.retry = -1 (default)
2021-11-15 19:21:03,034 [pool-39-thread-1] INFO  server.RaftServerConfigKeys (ConfUtils.java:logGet(44)) - raft.server.log.write.buffer.size = 64KB (=65536) (default)
2021-11-15 19:21:03,035 [pool-39-thread-1] INFO  server.RaftServerConfigKeys (ConfUtils.java:logGet(44)) - raft.server.log.statemachine.data.caching.enabled = false (default)
2021-11-15 19:21:03,040 [pool-39-thread-1] INFO  segmented.SegmentedRaftLogWorker (SegmentedRaftLogWorker.java:lambda$new$0(133)) - om1@group-C5BA1605619E-SegmentedRaftLogWorker: flushIndex: setUnconditionally 0 -> -1
2021-11-15 19:21:03,041 [pool-39-thread-1] INFO  segmented.SegmentedRaftLogWorker (SegmentedRaftLogWorker.java:lambda$new$0(133)) - om1@group-C5BA1605619E-SegmentedRaftLogWorker: safeCacheEvictIndex: setUnconditionally 0 -> -1
2021-11-15 19:21:03,047 [pool-39-thread-1] INFO  server.RaftServerConfigKeys (ConfUtils.java:logGet(44)) - raft.server.snapshot.auto.trigger.enabled = true (custom)
2021-11-15 19:21:03,048 [pool-39-thread-1] INFO  server.RaftServerConfigKeys (ConfUtils.java:logGet(44)) - raft.server.snapshot.auto.trigger.threshold = 400000 (default)
2021-11-15 19:21:03,048 [pool-39-thread-1] INFO  server.RaftServerConfigKeys (ConfUtils.java:logGet(44)) - raft.server.snapshot.retention.file.num = -1 (default)
2021-11-15 19:21:03,049 [pool-39-thread-1] INFO  server.RaftServerConfigKeys (ConfUtils.java:logGet(44)) - raft.server.log.purge.upto.snapshot.index = true (custom)
2021-11-15 19:21:03,050 [pool-39-thread-1] INFO  server.RaftServerConfigKeys (ConfUtils.java:logGet(44)) - raft.server.retrycache.expirytime = 300s (custom)
2021-11-15 19:21:03,051 [pool-39-thread-1] INFO  server.RaftServerConfigKeys (ConfUtils.java:logGet(44)) - raft.server.retrycache.statistics.expirytime = 100μs (default)
2021-11-15 19:21:03,099 [Listener at 127.0.0.1/38415] INFO  server.RaftServer$Division (RaftServerImpl.java:start(301)) - om1@group-C5BA1605619E: start as a follower, conf=-1: [om1|rpc:localhost:9872|priority:0], old=null
2021-11-15 19:21:03,100 [Listener at 127.0.0.1/38415] INFO  server.RaftServer$Division (RaftServerImpl.java:setRole(290)) - om1@group-C5BA1605619E: changes role from      null to FOLLOWER at term 0 for startAsFollower
2021-11-15 19:21:03,101 [Listener at 127.0.0.1/38415] INFO  impl.RoleInfo (RoleInfo.java:updateAndGet(130)) - om1: start om1@group-C5BA1605619E-FollowerState
2021-11-15 19:21:03,109 [Listener at 127.0.0.1/38415] INFO  util.JmxRegister (JmxRegister.java:tryRegister(44)) - Successfully registered JMX Bean with object name Ratis:service=RaftServer,group=group-C5BA1605619E,id=om1
2021-11-15 19:21:03,113 [Listener at 127.0.0.1/38415] INFO  server.RaftServer (RaftServerProxy.java:lambda$start$5(374)) - om1: start RPC server
2021-11-15 19:21:03,176 [Listener at 127.0.0.1/38415] INFO  server.GrpcService (GrpcService.java:startImpl(253)) - om1: GrpcService started, listening on 9872
2021-11-15 19:21:03,184 [Listener at 127.0.0.1/38415] INFO  om.OzoneManager (OzoneManager.java:start(1341)) - Version File has different layout version (0) than OM DB (null). That is expected if this OM has never been finalized to a newer layout version.
2021-11-15 19:21:03,186 [org.apache.ratis.util.JvmPauseMonitor$$Lambda$531/1332130488@4d6b5374] INFO  util.JvmPauseMonitor (JvmPauseMonitor.java:run(103)) - JvmPauseMonitor-om1: Started
2021-11-15 19:21:03,204 [Listener at 127.0.0.1/38415] INFO  http.BaseHttpServer (BaseHttpServer.java:newHttpServer2BuilderForOzone(209)) - Starting Web-server for ozoneManager at: http://0.0.0.0:0
2021-11-15 19:21:03,204 [Listener at 127.0.0.1/38415] INFO  http.BaseHttpServer (BaseHttpServer.java:<init>(107)) - Hadoop Security Enabled: false Ozone Security Enabled: false Ozone HTTP Security Enabled: false 
2021-11-15 19:21:03,206 [Listener at 127.0.0.1/38415] INFO  server.AuthenticationFilter (AuthenticationFilter.java:constructSecretProvider(240)) - Unable to initialize FileSignerSecretProvider, falling back to use random secrets.
2021-11-15 19:21:03,211 [Listener at 127.0.0.1/38415] WARN  http.HttpRequestLog (HttpRequestLog.java:getRequestLog(103)) - Jetty request log can only be enabled using Log4j
2021-11-15 19:21:03,212 [Listener at 127.0.0.1/38415] INFO  http.HttpServer2 (HttpServer2.java:addGlobalFilter(1030)) - Added global filter 'safety' (class=org.apache.hadoop.hdds.server.http.HttpServer2$QuotingInputFilter)
2021-11-15 19:21:03,213 [Listener at 127.0.0.1/38415] INFO  http.HttpServer2 (HttpServer2.java:addFilter(1006)) - Added filter static_user_filter (class=org.apache.hadoop.http.lib.StaticUserWebFilter$StaticUserFilter) to context ozoneManager
2021-11-15 19:21:03,213 [Listener at 127.0.0.1/38415] INFO  http.HttpServer2 (HttpServer2.java:addFilter(1014)) - Added filter static_user_filter (class=org.apache.hadoop.http.lib.StaticUserWebFilter$StaticUserFilter) to context static
2021-11-15 19:21:03,213 [Listener at 127.0.0.1/38415] INFO  http.HttpServer2 (HttpServer2.java:addFilter(1014)) - Added filter static_user_filter (class=org.apache.hadoop.http.lib.StaticUserWebFilter$StaticUserFilter) to context logs
2021-11-15 19:21:03,215 [Listener at 127.0.0.1/38415] INFO  http.HttpServer2 (HttpServer2.java:bindListener(1249)) - Jetty bound to port 44381
2021-11-15 19:21:03,215 [Listener at 127.0.0.1/38415] INFO  server.Server (Server.java:doStart(375)) - jetty-9.4.43.v20210629; built: 2021-06-30T11:07:22.254Z; git: 526006ecfa3af7f1a27ef3a288e2bef7ea9dd7e8; jvm 1.8.0_292-b10
2021-11-15 19:21:03,225 [Listener at 127.0.0.1/38415] INFO  server.session (DefaultSessionIdManager.java:doStart(334)) - DefaultSessionIdManager workerName=node0
2021-11-15 19:21:03,225 [Listener at 127.0.0.1/38415] INFO  server.session (DefaultSessionIdManager.java:doStart(339)) - No SessionScavenger set, using defaults
2021-11-15 19:21:03,225 [Listener at 127.0.0.1/38415] INFO  server.session (HouseKeeper.java:startScavenging(132)) - node0 Scavenging every 600000ms
2021-11-15 19:21:03,226 [Listener at 127.0.0.1/38415] INFO  handler.ContextHandler (ContextHandler.java:doStart(915)) - Started o.e.j.s.ServletContextHandler@7b00fe7d{logs,/logs,file:///home/runner/work/ozone/ozone/hadoop-ozone/integration-test/target/log,AVAILABLE}
2021-11-15 19:21:03,227 [Listener at 127.0.0.1/38415] INFO  handler.ContextHandler (ContextHandler.java:doStart(915)) - Started o.e.j.s.ServletContextHandler@1c5f6245{static,/static,file:///home/runner/work/ozone/ozone/hadoop-ozone/integration-test/target/test-classes/webapps/static,AVAILABLE}
2021-11-15 19:21:03,230 [Listener at 127.0.0.1/38415] INFO  handler.ContextHandler (ContextHandler.java:doStart(915)) - Started o.e.j.w.WebAppContext@e4745e2{ozoneManager,/,file:///home/runner/work/ozone/ozone/hadoop-ozone/integration-test/target/test-classes/webapps/ozoneManager/,AVAILABLE}{file:/home/runner/work/ozone/ozone/hadoop-ozone/integration-test/target/test-classes/webapps/ozoneManager}
2021-11-15 19:21:03,237 [Listener at 127.0.0.1/38415] INFO  server.AbstractConnector (AbstractConnector.java:doStart(331)) - Started ServerConnector@c91cf47{HTTP/1.1, (http/1.1)}{0.0.0.0:44381}
2021-11-15 19:21:03,239 [Listener at 127.0.0.1/38415] INFO  server.Server (Server.java:doStart(415)) - Started @6475ms
2021-11-15 19:21:03,242 [Listener at 127.0.0.1/38415] WARN  impl.MetricsSystemImpl (MetricsSystemImpl.java:register(279)) - Sink prometheus already exists!
2021-11-15 19:21:03,243 [Listener at 127.0.0.1/38415] INFO  http.BaseHttpServer (BaseHttpServer.java:updateConnectorAddress(329)) - HTTP server of ozoneManager listening at http://0.0.0.0:44381
2021-11-15 19:21:03,244 [IPC Server Responder] INFO  ipc.Server (Server.java:run(1507)) - IPC Server Responder: starting
2021-11-15 19:21:03,244 [IPC Server listener on 0] INFO  ipc.Server (Server.java:run(1344)) - IPC Server listener on 0: starting
2021-11-15 19:21:03,254 [Listener at 127.0.0.1/38415] INFO  om.OzoneManager (OzoneManager.java:startTrashEmptier(1597)) - Trash Interval set to 0. Files deleted will not move to trash
2021-11-15 19:21:03,258 [org.apache.hadoop.util.JvmPauseMonitor$Monitor@1f75d5b2] INFO  util.JvmPauseMonitor (JvmPauseMonitor.java:run(188)) - Starting JVM pause monitor
2021-11-15 19:21:03,405 [Listener at 127.0.0.1/38415] WARN  impl.MetricRegistriesImpl (MetricRegistriesImpl.java:addReporterRegistration(111)) - New reporters are added after registries were created. Some metrics will be missing from the reporter. Please add reporter before adding any new registry.
2021-11-15 19:21:03,405 [Listener at 127.0.0.1/38415] WARN  impl.MetricRegistriesImpl (MetricRegistriesImpl.java:addReporterRegistration(111)) - New reporters are added after registries were created. Some metrics will be missing from the reporter. Please add reporter before adding any new registry.
2021-11-15 19:21:03,405 [Listener at 127.0.0.1/38415] INFO  impl.MetricsSystemImpl (MetricsSystemImpl.java:init(158)) - HddsDatanode metrics system started (again)
2021-11-15 19:21:03,423 [Listener at 127.0.0.1/38415] INFO  ozone.HddsDatanodeService (HddsDatanodeService.java:start(234)) - HddsDatanodeService host:fv-az151-339.yf2hydr00wburbhx3j5hxtcipe.bx.internal.cloudapp.net ip:10.1.0.16
2021-11-15 19:21:03,451 [Listener at 127.0.0.1/38415] INFO  upgrade.AbstractLayoutVersionManager (AbstractLayoutVersionManager.java:init(79)) - Initializing Layout version manager with metadata layout = SCM_HA (version = 2), software layout = SCM_HA (version = 2)
2021-11-15 19:21:03,493 [Listener at 127.0.0.1/38415] INFO  reflections.Reflections (Reflections.java:scan(232)) - Reflections took 41 ms to scan 7 urls, producing 119 keys and 279 values 
2021-11-15 19:21:03,496 [Listener at 127.0.0.1/38415] INFO  statemachine.DatanodeStateMachine (DatanodeStateMachine.java:getEndPointTaskThreadPoolSize(219)) - Datanode State Machine Task Thread Pool size 2
2021-11-15 19:21:03,558 [Listener at 127.0.0.1/38415] INFO  volume.HddsVolume (HddsVolume.java:<init>(120)) - Creating HddsVolume: /home/runner/work/ozone/ozone/hadoop-ozone/integration-test/target/test-dir/MiniOzoneClusterImpl-edab3eb4-5721-4c35-be90-debfdbe0e37e/datanode-0/data-0/containers/hdds of storage type : DISK capacity : 9223372036854775807
2021-11-15 19:21:03,560 [Listener at 127.0.0.1/38415] INFO  volume.MutableVolumeSet (MutableVolumeSet.java:initializeVolumeSet(168)) - Added Volume : /home/runner/work/ozone/ozone/hadoop-ozone/integration-test/target/test-dir/MiniOzoneClusterImpl-edab3eb4-5721-4c35-be90-debfdbe0e37e/datanode-0/data-0/containers/hdds to VolumeSet
2021-11-15 19:21:03,561 [Listener at 127.0.0.1/38415] INFO  volume.ThrottledAsyncChecker (ThrottledAsyncChecker.java:schedule(141)) - Scheduling a check for /home/runner/work/ozone/ozone/hadoop-ozone/integration-test/target/test-dir/MiniOzoneClusterImpl-edab3eb4-5721-4c35-be90-debfdbe0e37e/datanode-0/data-0/containers/hdds
2021-11-15 19:21:03,580 [Listener at 127.0.0.1/38415] INFO  volume.StorageVolumeChecker (StorageVolumeChecker.java:checkAllVolumes(202)) - Scheduled health check for volume /home/runner/work/ozone/ozone/hadoop-ozone/integration-test/target/test-dir/MiniOzoneClusterImpl-edab3eb4-5721-4c35-be90-debfdbe0e37e/datanode-0/data-0/containers/hdds
2021-11-15 19:21:03,600 [Listener at 127.0.0.1/38415] INFO  volume.MutableVolumeSet (MutableVolumeSet.java:initializeVolumeSet(168)) - Added Volume : /home/runner/work/ozone/ozone/hadoop-ozone/integration-test/target/test-dir/MiniOzoneClusterImpl-edab3eb4-5721-4c35-be90-debfdbe0e37e/datanode-0/data/ratis to VolumeSet
2021-11-15 19:21:03,600 [Listener at 127.0.0.1/38415] INFO  volume.ThrottledAsyncChecker (ThrottledAsyncChecker.java:schedule(141)) - Scheduling a check for /home/runner/work/ozone/ozone/hadoop-ozone/integration-test/target/test-dir/MiniOzoneClusterImpl-edab3eb4-5721-4c35-be90-debfdbe0e37e/datanode-0/data/ratis
2021-11-15 19:21:03,601 [Listener at 127.0.0.1/38415] INFO  volume.StorageVolumeChecker (StorageVolumeChecker.java:checkAllVolumes(202)) - Scheduled health check for volume /home/runner/work/ozone/ozone/hadoop-ozone/integration-test/target/test-dir/MiniOzoneClusterImpl-edab3eb4-5721-4c35-be90-debfdbe0e37e/datanode-0/data/ratis
2021-11-15 19:21:03,620 [Thread-129] INFO  ozoneimpl.ContainerReader (ContainerReader.java:readVolume(172)) - Finish verifying containers on volume /home/runner/work/ozone/ozone/hadoop-ozone/integration-test/target/test-dir/MiniOzoneClusterImpl-edab3eb4-5721-4c35-be90-debfdbe0e37e/datanode-0/data-0/containers/hdds
2021-11-15 19:21:03,620 [Listener at 127.0.0.1/38415] INFO  ozoneimpl.OzoneContainer (OzoneContainer.java:buildContainerSet(236)) - Build ContainerSet costs 0s
2021-11-15 19:21:03,688 [Listener at 127.0.0.1/38415] INFO  server.RaftServer (ConfUtils.java:logGet(44)) - raft.rpc.type = GRPC (default)
2021-11-15 19:21:03,688 [Listener at 127.0.0.1/38415] INFO  grpc.GrpcFactory (GrpcFactory.java:checkPooledByteBufAllocatorUseCacheForAllThreads(48)) - PERFORMANCE WARNING: useCacheForAllThreads is true that may cause Netty to create a lot garbage objects and, as a result, trigger GC.
	It is recommended to disable useCacheForAllThreads by setting -Dorg.apache.ratis.thirdparty.io.netty.allocator.useCacheForAllThreads=false in command line.
2021-11-15 19:21:03,688 [Listener at 127.0.0.1/38415] INFO  grpc.GrpcConfigKeys (ConfUtils.java:logGet(44)) - raft.grpc.admin.port = 0 (custom)
2021-11-15 19:21:03,689 [Listener at 127.0.0.1/38415] INFO  grpc.GrpcConfigKeys (ConfUtils.java:logGet(44)) - raft.grpc.client.port = 0 (custom)
2021-11-15 19:21:03,689 [Listener at 127.0.0.1/38415] INFO  grpc.GrpcConfigKeys (ConfUtils.java:logGet(44)) - raft.grpc.server.port = 0 (default)
2021-11-15 19:21:03,689 [Listener at 127.0.0.1/38415] INFO  server.GrpcService (ConfUtils.java:logGet(44)) - raft.grpc.message.size.max = 32MB (=33554432) (custom)
2021-11-15 19:21:03,689 [Listener at 127.0.0.1/38415] INFO  server.RaftServerConfigKeys (ConfUtils.java:logGet(44)) - raft.server.log.appender.buffer.byte-limit = 33554432 (custom)
2021-11-15 19:21:03,689 [Listener at 127.0.0.1/38415] INFO  server.GrpcService (ConfUtils.java:logGet(44)) - raft.grpc.flow.control.window = 5MB (=5242880) (custom)
2021-11-15 19:21:03,689 [Listener at 127.0.0.1/38415] INFO  server.RaftServerConfigKeys (ConfUtils.java:logGet(44)) - raft.server.rpc.request.timeout = 3000ms (default)
2021-11-15 19:21:03,691 [Listener at 127.0.0.1/38415] INFO  impl.DataStreamServerImpl (ConfUtils.java:logGet(44)) - raft.datastream.type = DISABLED (default)
2021-11-15 19:21:03,691 [Listener at 127.0.0.1/38415] INFO  server.RaftServerConfigKeys (ConfUtils.java:logGet(44)) - raft.server.rpc.slowness.timeout = 300000ms (custom)
2021-11-15 19:21:03,691 [Listener at 127.0.0.1/38415] INFO  server.RaftServerConfigKeys (ConfUtils.java:logGet(44)) - raft.server.leaderelection.leader.step-down.wait-time = 10s (default)
2021-11-15 19:21:03,691 [Listener at 127.0.0.1/38415] INFO  server.RaftServerConfigKeys (ConfUtils.java:logGet(44)) - raft.server.storage.dir = [/home/runner/work/ozone/ozone/hadoop-ozone/integration-test/target/test-dir/MiniOzoneClusterImpl-edab3eb4-5721-4c35-be90-debfdbe0e37e/datanode-0/data/ratis] (custom)
2021-11-15 19:21:03,757 [Listener at 127.0.0.1/38415] INFO  http.BaseHttpServer (BaseHttpServer.java:newHttpServer2BuilderForOzone(209)) - Starting Web-server for hddsDatanode at: http://0.0.0.0:0
2021-11-15 19:21:03,757 [Listener at 127.0.0.1/38415] INFO  http.BaseHttpServer (BaseHttpServer.java:<init>(107)) - Hadoop Security Enabled: false Ozone Security Enabled: false Ozone HTTP Security Enabled: false 
2021-11-15 19:21:03,758 [Listener at 127.0.0.1/38415] INFO  server.AuthenticationFilter (AuthenticationFilter.java:constructSecretProvider(240)) - Unable to initialize FileSignerSecretProvider, falling back to use random secrets.
2021-11-15 19:21:03,759 [Listener at 127.0.0.1/38415] WARN  http.HttpRequestLog (HttpRequestLog.java:getRequestLog(103)) - Jetty request log can only be enabled using Log4j
2021-11-15 19:21:03,760 [Listener at 127.0.0.1/38415] INFO  http.HttpServer2 (HttpServer2.java:addGlobalFilter(1030)) - Added global filter 'safety' (class=org.apache.hadoop.hdds.server.http.HttpServer2$QuotingInputFilter)
2021-11-15 19:21:03,761 [Listener at 127.0.0.1/38415] INFO  http.HttpServer2 (HttpServer2.java:addFilter(1006)) - Added filter static_user_filter (class=org.apache.hadoop.http.lib.StaticUserWebFilter$StaticUserFilter) to context hddsDatanode
2021-11-15 19:21:03,761 [Listener at 127.0.0.1/38415] INFO  http.HttpServer2 (HttpServer2.java:addFilter(1014)) - Added filter static_user_filter (class=org.apache.hadoop.http.lib.StaticUserWebFilter$StaticUserFilter) to context logs
2021-11-15 19:21:03,761 [Listener at 127.0.0.1/38415] INFO  http.HttpServer2 (HttpServer2.java:addFilter(1014)) - Added filter static_user_filter (class=org.apache.hadoop.http.lib.StaticUserWebFilter$StaticUserFilter) to context static
2021-11-15 19:21:03,762 [Listener at 127.0.0.1/38415] INFO  http.HttpServer2 (HttpServer2.java:bindListener(1249)) - Jetty bound to port 32935
2021-11-15 19:21:03,762 [Listener at 127.0.0.1/38415] INFO  server.Server (Server.java:doStart(375)) - jetty-9.4.43.v20210629; built: 2021-06-30T11:07:22.254Z; git: 526006ecfa3af7f1a27ef3a288e2bef7ea9dd7e8; jvm 1.8.0_292-b10
2021-11-15 19:21:03,764 [Listener at 127.0.0.1/38415] INFO  server.session (DefaultSessionIdManager.java:doStart(334)) - DefaultSessionIdManager workerName=node0
2021-11-15 19:21:03,764 [Listener at 127.0.0.1/38415] INFO  server.session (DefaultSessionIdManager.java:doStart(339)) - No SessionScavenger set, using defaults
2021-11-15 19:21:03,764 [Listener at 127.0.0.1/38415] INFO  server.session (HouseKeeper.java:startScavenging(132)) - node0 Scavenging every 660000ms
2021-11-15 19:21:03,765 [Listener at 127.0.0.1/38415] INFO  handler.ContextHandler (ContextHandler.java:doStart(915)) - Started o.e.j.s.ServletContextHandler@d1c9d1a{logs,/logs,file:///home/runner/work/ozone/ozone/hadoop-ozone/integration-test/target/log,AVAILABLE}
2021-11-15 19:21:03,766 [Listener at 127.0.0.1/38415] INFO  handler.ContextHandler (ContextHandler.java:doStart(915)) - Started o.e.j.s.ServletContextHandler@57327c49{static,/static,jar:file:/home/runner/.m2/repository/org/apache/ozone/hdds-container-service/1.2.0-SNAPSHOT/hdds-container-service-1.2.0-SNAPSHOT.jar!/webapps/static,AVAILABLE}
2021-11-15 19:21:03,835 [Listener at 127.0.0.1/38415] INFO  handler.ContextHandler (ContextHandler.java:doStart(915)) - Started o.e.j.w.WebAppContext@ea07399{hddsDatanode,/,file:///tmp/jetty-0_0_0_0-32935-hdds-container-service-1_2_0-SNAPSHOT_jar-_-any-1839951193175404396/webapp/,AVAILABLE}{jar:file:/home/runner/.m2/repository/org/apache/ozone/hdds-container-service/1.2.0-SNAPSHOT/hdds-container-service-1.2.0-SNAPSHOT.jar!/webapps/hddsDatanode}
2021-11-15 19:21:03,837 [Listener at 127.0.0.1/38415] INFO  server.AbstractConnector (AbstractConnector.java:doStart(331)) - Started ServerConnector@ee88043{HTTP/1.1, (http/1.1)}{0.0.0.0:32935}
2021-11-15 19:21:03,838 [Listener at 127.0.0.1/38415] INFO  server.Server (Server.java:doStart(415)) - Started @7074ms
2021-11-15 19:21:03,838 [Listener at 127.0.0.1/38415] WARN  impl.MetricsSystemImpl (MetricsSystemImpl.java:register(279)) - Sink prometheus already exists!
2021-11-15 19:21:03,839 [Listener at 127.0.0.1/38415] INFO  http.BaseHttpServer (BaseHttpServer.java:updateConnectorAddress(329)) - HTTP server of hddsDatanode listening at http://0.0.0.0:32935
2021-11-15 19:21:03,841 [Listener at 127.0.0.1/38415] WARN  impl.MetricRegistriesImpl (MetricRegistriesImpl.java:addReporterRegistration(111)) - New reporters are added after registries were created. Some metrics will be missing from the reporter. Please add reporter before adding any new registry.
2021-11-15 19:21:03,841 [Listener at 127.0.0.1/38415] WARN  impl.MetricRegistriesImpl (MetricRegistriesImpl.java:addReporterRegistration(111)) - New reporters are added after registries were created. Some metrics will be missing from the reporter. Please add reporter before adding any new registry.
2021-11-15 19:21:03,841 [Listener at 127.0.0.1/38415] INFO  impl.MetricsSystemImpl (MetricsSystemImpl.java:init(158)) - HddsDatanode metrics system started (again)
2021-11-15 19:21:03,848 [Datanode State Machine Daemon Thread] INFO  statemachine.DatanodeStateMachine (DatanodeStateMachine.java:lambda$startDaemon$0(467)) - Ozone container server started.
2021-11-15 19:21:03,864 [org.apache.hadoop.util.JvmPauseMonitor$Monitor@25e2998f] INFO  util.JvmPauseMonitor (JvmPauseMonitor.java:run(188)) - Starting JVM pause monitor
2021-11-15 19:21:03,877 [Listener at 127.0.0.1/38415] INFO  ozone.HddsDatanodeService (HddsDatanodeService.java:start(234)) - HddsDatanodeService host:fv-az151-339.yf2hydr00wburbhx3j5hxtcipe.bx.internal.cloudapp.net ip:10.1.0.16
2021-11-15 19:21:03,915 [Listener at 127.0.0.1/38415] INFO  upgrade.AbstractLayoutVersionManager (AbstractLayoutVersionManager.java:init(79)) - Initializing Layout version manager with metadata layout = SCM_HA (version = 2), software layout = SCM_HA (version = 2)
2021-11-15 19:21:04,026 [Listener at 127.0.0.1/38415] INFO  reflections.Reflections (Reflections.java:scan(232)) - Reflections took 110 ms to scan 7 urls, producing 119 keys and 279 values 
2021-11-15 19:21:04,034 [Listener at 127.0.0.1/38415] INFO  statemachine.DatanodeStateMachine (DatanodeStateMachine.java:getEndPointTaskThreadPoolSize(219)) - Datanode State Machine Task Thread Pool size 2
2021-11-15 19:21:04,048 [Listener at 127.0.0.1/38415] INFO  volume.HddsVolume (HddsVolume.java:<init>(120)) - Creating HddsVolume: /home/runner/work/ozone/ozone/hadoop-ozone/integration-test/target/test-dir/MiniOzoneClusterImpl-edab3eb4-5721-4c35-be90-debfdbe0e37e/datanode-1/data-0/containers/hdds of storage type : DISK capacity : 9223372036854775807
2021-11-15 19:21:04,050 [Listener at 127.0.0.1/38415] INFO  volume.MutableVolumeSet (MutableVolumeSet.java:initializeVolumeSet(168)) - Added Volume : /home/runner/work/ozone/ozone/hadoop-ozone/integration-test/target/test-dir/MiniOzoneClusterImpl-edab3eb4-5721-4c35-be90-debfdbe0e37e/datanode-1/data-0/containers/hdds to VolumeSet
2021-11-15 19:21:04,051 [Listener at 127.0.0.1/38415] INFO  volume.ThrottledAsyncChecker (ThrottledAsyncChecker.java:schedule(141)) - Scheduling a check for /home/runner/work/ozone/ozone/hadoop-ozone/integration-test/target/test-dir/MiniOzoneClusterImpl-edab3eb4-5721-4c35-be90-debfdbe0e37e/datanode-1/data-0/containers/hdds
2021-11-15 19:21:04,053 [Listener at 127.0.0.1/38415] INFO  volume.StorageVolumeChecker (StorageVolumeChecker.java:checkAllVolumes(202)) - Scheduled health check for volume /home/runner/work/ozone/ozone/hadoop-ozone/integration-test/target/test-dir/MiniOzoneClusterImpl-edab3eb4-5721-4c35-be90-debfdbe0e37e/datanode-1/data-0/containers/hdds
2021-11-15 19:21:04,085 [Listener at 127.0.0.1/38415] INFO  volume.MutableVolumeSet (MutableVolumeSet.java:initializeVolumeSet(168)) - Added Volume : /home/runner/work/ozone/ozone/hadoop-ozone/integration-test/target/test-dir/MiniOzoneClusterImpl-edab3eb4-5721-4c35-be90-debfdbe0e37e/datanode-1/data/ratis to VolumeSet
2021-11-15 19:21:04,087 [Listener at 127.0.0.1/38415] INFO  volume.ThrottledAsyncChecker (ThrottledAsyncChecker.java:schedule(141)) - Scheduling a check for /home/runner/work/ozone/ozone/hadoop-ozone/integration-test/target/test-dir/MiniOzoneClusterImpl-edab3eb4-5721-4c35-be90-debfdbe0e37e/datanode-1/data/ratis
2021-11-15 19:21:04,087 [Datanode State Machine Task Thread - 0] INFO  datanode.InitDatanodeState (InitDatanodeState.java:persistContainerDatanodeDetails(145)) - DatanodeDetails is persisted to /home/runner/work/ozone/ozone/hadoop-ozone/integration-test/target/test-dir/MiniOzoneClusterImpl-edab3eb4-5721-4c35-be90-debfdbe0e37e/datanode-0/meta/datanode.id
2021-11-15 19:21:04,088 [Listener at 127.0.0.1/38415] INFO  volume.StorageVolumeChecker (StorageVolumeChecker.java:checkAllVolumes(202)) - Scheduled health check for volume /home/runner/work/ozone/ozone/hadoop-ozone/integration-test/target/test-dir/MiniOzoneClusterImpl-edab3eb4-5721-4c35-be90-debfdbe0e37e/datanode-1/data/ratis
2021-11-15 19:21:04,102 [Thread-141] INFO  ozoneimpl.ContainerReader (ContainerReader.java:readVolume(172)) - Finish verifying containers on volume /home/runner/work/ozone/ozone/hadoop-ozone/integration-test/target/test-dir/MiniOzoneClusterImpl-edab3eb4-5721-4c35-be90-debfdbe0e37e/datanode-1/data-0/containers/hdds
2021-11-15 19:21:04,103 [Listener at 127.0.0.1/38415] INFO  ozoneimpl.OzoneContainer (OzoneContainer.java:buildContainerSet(236)) - Build ContainerSet costs 0s
2021-11-15 19:21:04,107 [Listener at 127.0.0.1/38415] INFO  server.RaftServer (ConfUtils.java:logGet(44)) - raft.rpc.type = GRPC (default)
2021-11-15 19:21:04,107 [Listener at 127.0.0.1/38415] INFO  grpc.GrpcFactory (GrpcFactory.java:checkPooledByteBufAllocatorUseCacheForAllThreads(48)) - PERFORMANCE WARNING: useCacheForAllThreads is true that may cause Netty to create a lot garbage objects and, as a result, trigger GC.
	It is recommended to disable useCacheForAllThreads by setting -Dorg.apache.ratis.thirdparty.io.netty.allocator.useCacheForAllThreads=false in command line.
2021-11-15 19:21:04,107 [Listener at 127.0.0.1/38415] INFO  grpc.GrpcConfigKeys (ConfUtils.java:logGet(44)) - raft.grpc.admin.port = 0 (custom)
2021-11-15 19:21:04,108 [Listener at 127.0.0.1/38415] INFO  grpc.GrpcConfigKeys (ConfUtils.java:logGet(44)) - raft.grpc.client.port = 0 (custom)
2021-11-15 19:21:04,108 [Listener at 127.0.0.1/38415] INFO  grpc.GrpcConfigKeys (ConfUtils.java:logGet(44)) - raft.grpc.server.port = 0 (default)
2021-11-15 19:21:04,108 [Listener at 127.0.0.1/38415] INFO  server.GrpcService (ConfUtils.java:logGet(44)) - raft.grpc.message.size.max = 32MB (=33554432) (custom)
2021-11-15 19:21:04,108 [Listener at 127.0.0.1/38415] INFO  server.RaftServerConfigKeys (ConfUtils.java:logGet(44)) - raft.server.log.appender.buffer.byte-limit = 33554432 (custom)
2021-11-15 19:21:04,108 [Listener at 127.0.0.1/38415] INFO  server.GrpcService (ConfUtils.java:logGet(44)) - raft.grpc.flow.control.window = 5MB (=5242880) (custom)
2021-11-15 19:21:04,109 [Listener at 127.0.0.1/38415] INFO  server.RaftServerConfigKeys (ConfUtils.java:logGet(44)) - raft.server.rpc.request.timeout = 3000ms (default)
2021-11-15 19:21:04,110 [Listener at 127.0.0.1/38415] INFO  impl.DataStreamServerImpl (ConfUtils.java:logGet(44)) - raft.datastream.type = DISABLED (default)
2021-11-15 19:21:04,110 [Listener at 127.0.0.1/38415] INFO  server.RaftServerConfigKeys (ConfUtils.java:logGet(44)) - raft.server.rpc.slowness.timeout = 300000ms (custom)
2021-11-15 19:21:04,110 [Listener at 127.0.0.1/38415] INFO  server.RaftServerConfigKeys (ConfUtils.java:logGet(44)) - raft.server.leaderelection.leader.step-down.wait-time = 10s (default)
2021-11-15 19:21:04,110 [Listener at 127.0.0.1/38415] INFO  server.RaftServerConfigKeys (ConfUtils.java:logGet(44)) - raft.server.storage.dir = [/home/runner/work/ozone/ozone/hadoop-ozone/integration-test/target/test-dir/MiniOzoneClusterImpl-edab3eb4-5721-4c35-be90-debfdbe0e37e/datanode-1/data/ratis] (custom)
2021-11-15 19:21:04,120 [Listener at 127.0.0.1/38415] INFO  http.BaseHttpServer (BaseHttpServer.java:newHttpServer2BuilderForOzone(209)) - Starting Web-server for hddsDatanode at: http://0.0.0.0:0
2021-11-15 19:21:04,120 [Listener at 127.0.0.1/38415] INFO  http.BaseHttpServer (BaseHttpServer.java:<init>(107)) - Hadoop Security Enabled: false Ozone Security Enabled: false Ozone HTTP Security Enabled: false 
2021-11-15 19:21:04,121 [Listener at 127.0.0.1/38415] INFO  server.AuthenticationFilter (AuthenticationFilter.java:constructSecretProvider(240)) - Unable to initialize FileSignerSecretProvider, falling back to use random secrets.
2021-11-15 19:21:04,122 [Listener at 127.0.0.1/38415] WARN  http.HttpRequestLog (HttpRequestLog.java:getRequestLog(103)) - Jetty request log can only be enabled using Log4j
2021-11-15 19:21:04,123 [Listener at 127.0.0.1/38415] INFO  http.HttpServer2 (HttpServer2.java:addGlobalFilter(1030)) - Added global filter 'safety' (class=org.apache.hadoop.hdds.server.http.HttpServer2$QuotingInputFilter)
2021-11-15 19:21:04,123 [Listener at 127.0.0.1/38415] INFO  http.HttpServer2 (HttpServer2.java:addFilter(1006)) - Added filter static_user_filter (class=org.apache.hadoop.http.lib.StaticUserWebFilter$StaticUserFilter) to context hddsDatanode
2021-11-15 19:21:04,123 [Listener at 127.0.0.1/38415] INFO  http.HttpServer2 (HttpServer2.java:addFilter(1014)) - Added filter static_user_filter (class=org.apache.hadoop.http.lib.StaticUserWebFilter$StaticUserFilter) to context logs
2021-11-15 19:21:04,124 [Listener at 127.0.0.1/38415] INFO  http.HttpServer2 (HttpServer2.java:addFilter(1014)) - Added filter static_user_filter (class=org.apache.hadoop.http.lib.StaticUserWebFilter$StaticUserFilter) to context static
2021-11-15 19:21:04,125 [Listener at 127.0.0.1/38415] INFO  http.HttpServer2 (HttpServer2.java:bindListener(1249)) - Jetty bound to port 32959
2021-11-15 19:21:04,125 [Listener at 127.0.0.1/38415] INFO  server.Server (Server.java:doStart(375)) - jetty-9.4.43.v20210629; built: 2021-06-30T11:07:22.254Z; git: 526006ecfa3af7f1a27ef3a288e2bef7ea9dd7e8; jvm 1.8.0_292-b10
2021-11-15 19:21:04,127 [Listener at 127.0.0.1/38415] INFO  server.session (DefaultSessionIdManager.java:doStart(334)) - DefaultSessionIdManager workerName=node0
2021-11-15 19:21:04,127 [Listener at 127.0.0.1/38415] INFO  server.session (DefaultSessionIdManager.java:doStart(339)) - No SessionScavenger set, using defaults
2021-11-15 19:21:04,127 [Listener at 127.0.0.1/38415] INFO  server.session (HouseKeeper.java:startScavenging(132)) - node0 Scavenging every 600000ms
2021-11-15 19:21:04,128 [Listener at 127.0.0.1/38415] INFO  handler.ContextHandler (ContextHandler.java:doStart(915)) - Started o.e.j.s.ServletContextHandler@558f5cdf{logs,/logs,file:///home/runner/work/ozone/ozone/hadoop-ozone/integration-test/target/log,AVAILABLE}
2021-11-15 19:21:04,128 [Listener at 127.0.0.1/38415] INFO  handler.ContextHandler (ContextHandler.java:doStart(915)) - Started o.e.j.s.ServletContextHandler@e817f8e{static,/static,jar:file:/home/runner/.m2/repository/org/apache/ozone/hdds-container-service/1.2.0-SNAPSHOT/hdds-container-service-1.2.0-SNAPSHOT.jar!/webapps/static,AVAILABLE}
2021-11-15 19:21:04,182 [Listener at 127.0.0.1/38415] INFO  handler.ContextHandler (ContextHandler.java:doStart(915)) - Started o.e.j.w.WebAppContext@3958ca99{hddsDatanode,/,file:///tmp/jetty-0_0_0_0-32959-hdds-container-service-1_2_0-SNAPSHOT_jar-_-any-2848202024802283062/webapp/,AVAILABLE}{jar:file:/home/runner/.m2/repository/org/apache/ozone/hdds-container-service/1.2.0-SNAPSHOT/hdds-container-service-1.2.0-SNAPSHOT.jar!/webapps/hddsDatanode}
2021-11-15 19:21:04,184 [Listener at 127.0.0.1/38415] INFO  server.AbstractConnector (AbstractConnector.java:doStart(331)) - Started ServerConnector@3788bcbe{HTTP/1.1, (http/1.1)}{0.0.0.0:32959}
2021-11-15 19:21:04,185 [Listener at 127.0.0.1/38415] INFO  server.Server (Server.java:doStart(415)) - Started @7421ms
2021-11-15 19:21:04,185 [Listener at 127.0.0.1/38415] WARN  impl.MetricsSystemImpl (MetricsSystemImpl.java:register(279)) - Sink prometheus already exists!
2021-11-15 19:21:04,186 [Listener at 127.0.0.1/38415] INFO  http.BaseHttpServer (BaseHttpServer.java:updateConnectorAddress(329)) - HTTP server of hddsDatanode listening at http://0.0.0.0:32959
2021-11-15 19:21:04,186 [Datanode State Machine Daemon Thread] INFO  statemachine.DatanodeStateMachine (DatanodeStateMachine.java:lambda$startDaemon$0(467)) - Ozone container server started.
2021-11-15 19:21:04,187 [Listener at 127.0.0.1/38415] WARN  impl.MetricRegistriesImpl (MetricRegistriesImpl.java:addReporterRegistration(111)) - New reporters are added after registries were created. Some metrics will be missing from the reporter. Please add reporter before adding any new registry.
2021-11-15 19:21:04,187 [Listener at 127.0.0.1/38415] WARN  impl.MetricRegistriesImpl (MetricRegistriesImpl.java:addReporterRegistration(111)) - New reporters are added after registries were created. Some metrics will be missing from the reporter. Please add reporter before adding any new registry.
2021-11-15 19:21:04,187 [Listener at 127.0.0.1/38415] INFO  impl.MetricsSystemImpl (MetricsSystemImpl.java:init(158)) - HddsDatanode metrics system started (again)
2021-11-15 19:21:04,204 [Listener at 127.0.0.1/38415] INFO  ozone.HddsDatanodeService (HddsDatanodeService.java:start(234)) - HddsDatanodeService host:fv-az151-339.yf2hydr00wburbhx3j5hxtcipe.bx.internal.cloudapp.net ip:10.1.0.16
2021-11-15 19:21:04,220 [org.apache.hadoop.util.JvmPauseMonitor$Monitor@17d12f28] INFO  util.JvmPauseMonitor (JvmPauseMonitor.java:run(188)) - Starting JVM pause monitor
2021-11-15 19:21:04,229 [Datanode State Machine Task Thread - 0] INFO  datanode.InitDatanodeState (InitDatanodeState.java:persistContainerDatanodeDetails(145)) - DatanodeDetails is persisted to /home/runner/work/ozone/ozone/hadoop-ozone/integration-test/target/test-dir/MiniOzoneClusterImpl-edab3eb4-5721-4c35-be90-debfdbe0e37e/datanode-1/meta/datanode.id
2021-11-15 19:21:04,235 [Listener at 127.0.0.1/38415] INFO  upgrade.AbstractLayoutVersionManager (AbstractLayoutVersionManager.java:init(79)) - Initializing Layout version manager with metadata layout = SCM_HA (version = 2), software layout = SCM_HA (version = 2)
2021-11-15 19:21:04,241 [om1@group-C5BA1605619E-FollowerState] INFO  impl.FollowerState (FollowerState.java:run(134)) - om1@group-C5BA1605619E-FollowerState: change to CANDIDATE, lastRpcElapsedTime:1140321523ns, electionTimeout:1132ms
2021-11-15 19:21:04,242 [om1@group-C5BA1605619E-FollowerState] INFO  impl.RoleInfo (RoleInfo.java:shutdownFollowerState(108)) - om1: shutdown om1@group-C5BA1605619E-FollowerState
2021-11-15 19:21:04,244 [om1@group-C5BA1605619E-FollowerState] INFO  server.RaftServer$Division (RaftServerImpl.java:setRole(290)) - om1@group-C5BA1605619E: changes role from  FOLLOWER to CANDIDATE at term 0 for changeToCandidate
2021-11-15 19:21:04,247 [om1@group-C5BA1605619E-FollowerState] INFO  server.RaftServerConfigKeys (ConfUtils.java:logGet(44)) - raft.server.leaderelection.pre-vote = false (custom)
2021-11-15 19:21:04,247 [om1@group-C5BA1605619E-FollowerState] INFO  impl.RoleInfo (RoleInfo.java:updateAndGet(130)) - om1: start om1@group-C5BA1605619E-LeaderElection1
2021-11-15 19:21:04,265 [om1@group-C5BA1605619E-LeaderElection1] INFO  impl.LeaderElection (LeaderElection.java:askForVotes(306)) - om1@group-C5BA1605619E-LeaderElection1 ELECTION round 0: submit vote requests at term 1 for -1: [om1|rpc:localhost:9872|priority:0], old=null
2021-11-15 19:21:04,267 [om1@group-C5BA1605619E-LeaderElection1] INFO  impl.LeaderElection (LeaderElection.java:askForVotes(308)) - om1@group-C5BA1605619E-LeaderElection1 ELECTION round 0: result PASSED (term=1)
2021-11-15 19:21:04,268 [om1@group-C5BA1605619E-LeaderElection1] INFO  impl.RoleInfo (RoleInfo.java:shutdownLeaderElection(121)) - om1: shutdown om1@group-C5BA1605619E-LeaderElection1
2021-11-15 19:21:04,271 [om1@group-C5BA1605619E-LeaderElection1] INFO  server.RaftServer$Division (RaftServerImpl.java:setRole(290)) - om1@group-C5BA1605619E: changes role from CANDIDATE to LEADER at term 1 for changeToLeader
2021-11-15 19:21:04,271 [om1@group-C5BA1605619E-LeaderElection1] INFO  server.RaftServer$Division (ServerState.java:setLeader(285)) - om1@group-C5BA1605619E: change Leader from null to om1 at term 1 for becomeLeader, leader elected after 1304ms
2021-11-15 19:21:04,298 [om1@group-C5BA1605619E-LeaderElection1] INFO  server.RaftServerConfigKeys (ConfUtils.java:logGet(44)) - raft.server.staging.catchup.gap = 1000 (default)
2021-11-15 19:21:04,311 [Listener at 127.0.0.1/38415] INFO  reflections.Reflections (Reflections.java:scan(232)) - Reflections took 75 ms to scan 7 urls, producing 119 keys and 279 values 
2021-11-15 19:21:04,314 [om1@group-C5BA1605619E-LeaderElection1] INFO  server.RaftServerConfigKeys (ConfUtils.java:logGet(44)) - raft.server.write.element-limit = 4096 (default)
2021-11-15 19:21:04,317 [om1@group-C5BA1605619E-LeaderElection1] INFO  server.RaftServerConfigKeys (ConfUtils.java:logGet(44)) - raft.server.write.byte-limit = 64MB (=67108864) (default)
2021-11-15 19:21:04,320 [Listener at 127.0.0.1/38415] INFO  statemachine.DatanodeStateMachine (DatanodeStateMachine.java:getEndPointTaskThreadPoolSize(219)) - Datanode State Machine Task Thread Pool size 2
2021-11-15 19:21:04,324 [om1@group-C5BA1605619E-LeaderElection1] INFO  server.RaftServerConfigKeys (ConfUtils.java:logGet(44)) - raft.server.watch.timeout = 10s (default)
2021-11-15 19:21:04,324 [om1@group-C5BA1605619E-LeaderElection1] INFO  server.RaftServerConfigKeys (ConfUtils.java:logGet(44)) - raft.server.watch.timeout.denomination = 1s (default)
2021-11-15 19:21:04,325 [om1@group-C5BA1605619E-LeaderElection1] INFO  server.RaftServerConfigKeys (ConfUtils.java:logGet(44)) - raft.server.watch.element-limit = 65536 (default)
2021-11-15 19:21:04,330 [Listener at 127.0.0.1/38415] INFO  volume.HddsVolume (HddsVolume.java:<init>(120)) - Creating HddsVolume: /home/runner/work/ozone/ozone/hadoop-ozone/integration-test/target/test-dir/MiniOzoneClusterImpl-edab3eb4-5721-4c35-be90-debfdbe0e37e/datanode-2/data-0/containers/hdds of storage type : DISK capacity : 9223372036854775807
2021-11-15 19:21:04,330 [Listener at 127.0.0.1/38415] INFO  volume.MutableVolumeSet (MutableVolumeSet.java:initializeVolumeSet(168)) - Added Volume : /home/runner/work/ozone/ozone/hadoop-ozone/integration-test/target/test-dir/MiniOzoneClusterImpl-edab3eb4-5721-4c35-be90-debfdbe0e37e/datanode-2/data-0/containers/hdds to VolumeSet
2021-11-15 19:21:04,331 [Listener at 127.0.0.1/38415] INFO  volume.ThrottledAsyncChecker (ThrottledAsyncChecker.java:schedule(141)) - Scheduling a check for /home/runner/work/ozone/ozone/hadoop-ozone/integration-test/target/test-dir/MiniOzoneClusterImpl-edab3eb4-5721-4c35-be90-debfdbe0e37e/datanode-2/data-0/containers/hdds
2021-11-15 19:21:04,332 [om1@group-C5BA1605619E-LeaderElection1] INFO  server.RaftServerConfigKeys (ConfUtils.java:logGet(44)) - raft.server.write.element-limit = 4096 (default)
2021-11-15 19:21:04,334 [om1@group-C5BA1605619E-LeaderElection1] INFO  server.RaftServerConfigKeys (ConfUtils.java:logGet(44)) - raft.server.write.follower.gap.ratio.max = -1.0 (default)
2021-11-15 19:21:04,337 [om1@group-C5BA1605619E-LeaderElection1] INFO  impl.RoleInfo (RoleInfo.java:updateAndGet(130)) - om1: start om1@group-C5BA1605619E-LeaderStateImpl
2021-11-15 19:21:04,340 [Listener at 127.0.0.1/38415] INFO  volume.StorageVolumeChecker (StorageVolumeChecker.java:checkAllVolumes(202)) - Scheduled health check for volume /home/runner/work/ozone/ozone/hadoop-ozone/integration-test/target/test-dir/MiniOzoneClusterImpl-edab3eb4-5721-4c35-be90-debfdbe0e37e/datanode-2/data-0/containers/hdds
2021-11-15 19:21:04,518 [Listener at 127.0.0.1/38415] INFO  volume.MutableVolumeSet (MutableVolumeSet.java:initializeVolumeSet(168)) - Added Volume : /home/runner/work/ozone/ozone/hadoop-ozone/integration-test/target/test-dir/MiniOzoneClusterImpl-edab3eb4-5721-4c35-be90-debfdbe0e37e/datanode-2/data/ratis to VolumeSet
2021-11-15 19:21:04,518 [Listener at 127.0.0.1/38415] INFO  volume.ThrottledAsyncChecker (ThrottledAsyncChecker.java:schedule(141)) - Scheduling a check for /home/runner/work/ozone/ozone/hadoop-ozone/integration-test/target/test-dir/MiniOzoneClusterImpl-edab3eb4-5721-4c35-be90-debfdbe0e37e/datanode-2/data/ratis
2021-11-15 19:21:04,518 [Listener at 127.0.0.1/38415] INFO  volume.StorageVolumeChecker (StorageVolumeChecker.java:checkAllVolumes(202)) - Scheduled health check for volume /home/runner/work/ozone/ozone/hadoop-ozone/integration-test/target/test-dir/MiniOzoneClusterImpl-edab3eb4-5721-4c35-be90-debfdbe0e37e/datanode-2/data/ratis
2021-11-15 19:21:04,537 [Thread-155] INFO  ozoneimpl.ContainerReader (ContainerReader.java:readVolume(172)) - Finish verifying containers on volume /home/runner/work/ozone/ozone/hadoop-ozone/integration-test/target/test-dir/MiniOzoneClusterImpl-edab3eb4-5721-4c35-be90-debfdbe0e37e/datanode-2/data-0/containers/hdds
2021-11-15 19:21:04,541 [Listener at 127.0.0.1/38415] INFO  ozoneimpl.OzoneContainer (OzoneContainer.java:buildContainerSet(236)) - Build ContainerSet costs 0s
2021-11-15 19:21:04,544 [Listener at 127.0.0.1/38415] INFO  server.RaftServer (ConfUtils.java:logGet(44)) - raft.rpc.type = GRPC (default)
2021-11-15 19:21:04,544 [Listener at 127.0.0.1/38415] INFO  grpc.GrpcFactory (GrpcFactory.java:checkPooledByteBufAllocatorUseCacheForAllThreads(48)) - PERFORMANCE WARNING: useCacheForAllThreads is true that may cause Netty to create a lot garbage objects and, as a result, trigger GC.
	It is recommended to disable useCacheForAllThreads by setting -Dorg.apache.ratis.thirdparty.io.netty.allocator.useCacheForAllThreads=false in command line.
2021-11-15 19:21:04,544 [Listener at 127.0.0.1/38415] INFO  grpc.GrpcConfigKeys (ConfUtils.java:logGet(44)) - raft.grpc.admin.port = 0 (custom)
2021-11-15 19:21:04,544 [Listener at 127.0.0.1/38415] INFO  grpc.GrpcConfigKeys (ConfUtils.java:logGet(44)) - raft.grpc.client.port = 0 (custom)
2021-11-15 19:21:04,545 [Listener at 127.0.0.1/38415] INFO  grpc.GrpcConfigKeys (ConfUtils.java:logGet(44)) - raft.grpc.server.port = 0 (default)
2021-11-15 19:21:04,545 [Listener at 127.0.0.1/38415] INFO  server.GrpcService (ConfUtils.java:logGet(44)) - raft.grpc.message.size.max = 32MB (=33554432) (custom)
2021-11-15 19:21:04,545 [Listener at 127.0.0.1/38415] INFO  server.RaftServerConfigKeys (ConfUtils.java:logGet(44)) - raft.server.log.appender.buffer.byte-limit = 33554432 (custom)
2021-11-15 19:21:04,545 [Listener at 127.0.0.1/38415] INFO  server.GrpcService (ConfUtils.java:logGet(44)) - raft.grpc.flow.control.window = 5MB (=5242880) (custom)
2021-11-15 19:21:04,545 [Listener at 127.0.0.1/38415] INFO  server.RaftServerConfigKeys (ConfUtils.java:logGet(44)) - raft.server.rpc.request.timeout = 3000ms (default)
2021-11-15 19:21:04,546 [Listener at 127.0.0.1/38415] INFO  impl.DataStreamServerImpl (ConfUtils.java:logGet(44)) - raft.datastream.type = DISABLED (default)
2021-11-15 19:21:04,546 [Listener at 127.0.0.1/38415] INFO  server.RaftServerConfigKeys (ConfUtils.java:logGet(44)) - raft.server.rpc.slowness.timeout = 300000ms (custom)
2021-11-15 19:21:04,546 [Listener at 127.0.0.1/38415] INFO  server.RaftServerConfigKeys (ConfUtils.java:logGet(44)) - raft.server.leaderelection.leader.step-down.wait-time = 10s (default)
2021-11-15 19:21:04,546 [Listener at 127.0.0.1/38415] INFO  server.RaftServerConfigKeys (ConfUtils.java:logGet(44)) - raft.server.storage.dir = [/home/runner/work/ozone/ozone/hadoop-ozone/integration-test/target/test-dir/MiniOzoneClusterImpl-edab3eb4-5721-4c35-be90-debfdbe0e37e/datanode-2/data/ratis] (custom)
2021-11-15 19:21:04,541 [om1@group-C5BA1605619E-LeaderElection1] INFO  segmented.SegmentedRaftLogWorker (SegmentedRaftLogWorker.java:startLogSegment(394)) - om1@group-C5BA1605619E-SegmentedRaftLogWorker: Starting segment from index:0
2021-11-15 19:21:04,559 [Listener at 127.0.0.1/38415] INFO  http.BaseHttpServer (BaseHttpServer.java:newHttpServer2BuilderForOzone(209)) - Starting Web-server for hddsDatanode at: http://0.0.0.0:0
2021-11-15 19:21:04,560 [Listener at 127.0.0.1/38415] INFO  http.BaseHttpServer (BaseHttpServer.java:<init>(107)) - Hadoop Security Enabled: false Ozone Security Enabled: false Ozone HTTP Security Enabled: false 
2021-11-15 19:21:04,561 [Listener at 127.0.0.1/38415] INFO  server.AuthenticationFilter (AuthenticationFilter.java:constructSecretProvider(240)) - Unable to initialize FileSignerSecretProvider, falling back to use random secrets.
2021-11-15 19:21:04,561 [Listener at 127.0.0.1/38415] WARN  http.HttpRequestLog (HttpRequestLog.java:getRequestLog(103)) - Jetty request log can only be enabled using Log4j
2021-11-15 19:21:04,562 [Listener at 127.0.0.1/38415] INFO  http.HttpServer2 (HttpServer2.java:addGlobalFilter(1030)) - Added global filter 'safety' (class=org.apache.hadoop.hdds.server.http.HttpServer2$QuotingInputFilter)
2021-11-15 19:21:04,563 [Listener at 127.0.0.1/38415] INFO  http.HttpServer2 (HttpServer2.java:addFilter(1006)) - Added filter static_user_filter (class=org.apache.hadoop.http.lib.StaticUserWebFilter$StaticUserFilter) to context hddsDatanode
2021-11-15 19:21:04,563 [Listener at 127.0.0.1/38415] INFO  http.HttpServer2 (HttpServer2.java:addFilter(1014)) - Added filter static_user_filter (class=org.apache.hadoop.http.lib.StaticUserWebFilter$StaticUserFilter) to context logs
2021-11-15 19:21:04,563 [Listener at 127.0.0.1/38415] INFO  http.HttpServer2 (HttpServer2.java:addFilter(1014)) - Added filter static_user_filter (class=org.apache.hadoop.http.lib.StaticUserWebFilter$StaticUserFilter) to context static
2021-11-15 19:21:04,565 [Listener at 127.0.0.1/38415] INFO  http.HttpServer2 (HttpServer2.java:bindListener(1249)) - Jetty bound to port 41013
2021-11-15 19:21:04,565 [Listener at 127.0.0.1/38415] INFO  server.Server (Server.java:doStart(375)) - jetty-9.4.43.v20210629; built: 2021-06-30T11:07:22.254Z; git: 526006ecfa3af7f1a27ef3a288e2bef7ea9dd7e8; jvm 1.8.0_292-b10
2021-11-15 19:21:04,592 [Listener at 127.0.0.1/38415] INFO  server.session (DefaultSessionIdManager.java:doStart(334)) - DefaultSessionIdManager workerName=node0
2021-11-15 19:21:04,592 [Listener at 127.0.0.1/38415] INFO  server.session (DefaultSessionIdManager.java:doStart(339)) - No SessionScavenger set, using defaults
2021-11-15 19:21:04,592 [Listener at 127.0.0.1/38415] INFO  server.session (HouseKeeper.java:startScavenging(132)) - node0 Scavenging every 660000ms
2021-11-15 19:21:04,601 [Listener at 127.0.0.1/38415] INFO  handler.ContextHandler (ContextHandler.java:doStart(915)) - Started o.e.j.s.ServletContextHandler@4531f4f4{logs,/logs,file:///home/runner/work/ozone/ozone/hadoop-ozone/integration-test/target/log,AVAILABLE}
2021-11-15 19:21:04,601 [Listener at 127.0.0.1/38415] INFO  handler.ContextHandler (ContextHandler.java:doStart(915)) - Started o.e.j.s.ServletContextHandler@47bacf96{static,/static,jar:file:/home/runner/.m2/repository/org/apache/ozone/hdds-container-service/1.2.0-SNAPSHOT/hdds-container-service-1.2.0-SNAPSHOT.jar!/webapps/static,AVAILABLE}
2021-11-15 19:21:04,633 [om1@group-C5BA1605619E-LeaderElection1] INFO  server.RaftServer$Division (ServerState.java:setRaftConf(387)) - om1@group-C5BA1605619E: set configuration 0: [om1|rpc:localhost:9872|admin:|client:|dataStream:|priority:0], old=null
2021-11-15 19:21:04,668 [Listener at 127.0.0.1/38415] INFO  handler.ContextHandler (ContextHandler.java:doStart(915)) - Started o.e.j.w.WebAppContext@62a16a92{hddsDatanode,/,file:///tmp/jetty-0_0_0_0-41013-hdds-container-service-1_2_0-SNAPSHOT_jar-_-any-644437123688758167/webapp/,AVAILABLE}{jar:file:/home/runner/.m2/repository/org/apache/ozone/hdds-container-service/1.2.0-SNAPSHOT/hdds-container-service-1.2.0-SNAPSHOT.jar!/webapps/hddsDatanode}
2021-11-15 19:21:04,669 [om1@group-C5BA1605619E-SegmentedRaftLogWorker] INFO  segmented.SegmentedRaftLogWorker (SegmentedRaftLogWorker.java:execute(601)) - om1@group-C5BA1605619E-SegmentedRaftLogWorker: created new log segment /home/runner/work/ozone/ozone/hadoop-ozone/integration-test/target/test-dir/MiniOzoneClusterImpl-edab3eb4-5721-4c35-be90-debfdbe0e37e/ozone-meta/ratis/bf265839-605b-3f16-9796-c5ba1605619e/current/log_inprogress_0
2021-11-15 19:21:04,673 [Listener at 127.0.0.1/38415] INFO  server.AbstractConnector (AbstractConnector.java:doStart(331)) - Started ServerConnector@16fac3f1{HTTP/1.1, (http/1.1)}{0.0.0.0:41013}
2021-11-15 19:21:04,675 [Listener at 127.0.0.1/38415] INFO  server.Server (Server.java:doStart(415)) - Started @7911ms
2021-11-15 19:21:04,675 [Listener at 127.0.0.1/38415] WARN  impl.MetricsSystemImpl (MetricsSystemImpl.java:register(279)) - Sink prometheus already exists!
2021-11-15 19:21:04,676 [Listener at 127.0.0.1/38415] INFO  http.BaseHttpServer (BaseHttpServer.java:updateConnectorAddress(329)) - HTTP server of hddsDatanode listening at http://0.0.0.0:41013
2021-11-15 19:21:04,676 [Listener at 127.0.0.1/38415] WARN  impl.MetricRegistriesImpl (MetricRegistriesImpl.java:addReporterRegistration(111)) - New reporters are added after registries were created. Some metrics will be missing from the reporter. Please add reporter before adding any new registry.
2021-11-15 19:21:04,676 [Listener at 127.0.0.1/38415] WARN  impl.MetricRegistriesImpl (MetricRegistriesImpl.java:addReporterRegistration(111)) - New reporters are added after registries were created. Some metrics will be missing from the reporter. Please add reporter before adding any new registry.
2021-11-15 19:21:04,676 [Listener at 127.0.0.1/38415] INFO  impl.MetricsSystemImpl (MetricsSystemImpl.java:init(158)) - HddsDatanode metrics system started (again)
2021-11-15 19:21:04,690 [Datanode State Machine Daemon Thread] INFO  statemachine.DatanodeStateMachine (DatanodeStateMachine.java:lambda$startDaemon$0(467)) - Ozone container server started.
2021-11-15 19:21:04,706 [Listener at 127.0.0.1/38415] INFO  ozone.HddsDatanodeService (HddsDatanodeService.java:start(234)) - HddsDatanodeService host:fv-az151-339.yf2hydr00wburbhx3j5hxtcipe.bx.internal.cloudapp.net ip:10.1.0.16
2021-11-15 19:21:04,732 [org.apache.hadoop.util.JvmPauseMonitor$Monitor@5c1b0bfd] INFO  util.JvmPauseMonitor (JvmPauseMonitor.java:run(188)) - Starting JVM pause monitor
2021-11-15 19:21:04,734 [Datanode State Machine Task Thread - 0] INFO  datanode.InitDatanodeState (InitDatanodeState.java:persistContainerDatanodeDetails(145)) - DatanodeDetails is persisted to /home/runner/work/ozone/ozone/hadoop-ozone/integration-test/target/test-dir/MiniOzoneClusterImpl-edab3eb4-5721-4c35-be90-debfdbe0e37e/datanode-2/meta/datanode.id
2021-11-15 19:21:04,746 [Listener at 127.0.0.1/38415] INFO  upgrade.AbstractLayoutVersionManager (AbstractLayoutVersionManager.java:init(79)) - Initializing Layout version manager with metadata layout = SCM_HA (version = 2), software layout = SCM_HA (version = 2)
2021-11-15 19:21:04,788 [Listener at 127.0.0.1/38415] INFO  reflections.Reflections (Reflections.java:scan(232)) - Reflections took 41 ms to scan 7 urls, producing 119 keys and 279 values 
2021-11-15 19:21:04,789 [Listener at 127.0.0.1/38415] INFO  statemachine.DatanodeStateMachine (DatanodeStateMachine.java:getEndPointTaskThreadPoolSize(219)) - Datanode State Machine Task Thread Pool size 2
2021-11-15 19:21:04,791 [Listener at 127.0.0.1/38415] INFO  volume.HddsVolume (HddsVolume.java:<init>(120)) - Creating HddsVolume: /home/runner/work/ozone/ozone/hadoop-ozone/integration-test/target/test-dir/MiniOzoneClusterImpl-edab3eb4-5721-4c35-be90-debfdbe0e37e/datanode-3/data-0/containers/hdds of storage type : DISK capacity : 9223372036854775807
2021-11-15 19:21:04,791 [Listener at 127.0.0.1/38415] INFO  volume.MutableVolumeSet (MutableVolumeSet.java:initializeVolumeSet(168)) - Added Volume : /home/runner/work/ozone/ozone/hadoop-ozone/integration-test/target/test-dir/MiniOzoneClusterImpl-edab3eb4-5721-4c35-be90-debfdbe0e37e/datanode-3/data-0/containers/hdds to VolumeSet
2021-11-15 19:21:04,791 [Listener at 127.0.0.1/38415] INFO  volume.ThrottledAsyncChecker (ThrottledAsyncChecker.java:schedule(141)) - Scheduling a check for /home/runner/work/ozone/ozone/hadoop-ozone/integration-test/target/test-dir/MiniOzoneClusterImpl-edab3eb4-5721-4c35-be90-debfdbe0e37e/datanode-3/data-0/containers/hdds
2021-11-15 19:21:04,792 [Listener at 127.0.0.1/38415] INFO  volume.StorageVolumeChecker (StorageVolumeChecker.java:checkAllVolumes(202)) - Scheduled health check for volume /home/runner/work/ozone/ozone/hadoop-ozone/integration-test/target/test-dir/MiniOzoneClusterImpl-edab3eb4-5721-4c35-be90-debfdbe0e37e/datanode-3/data-0/containers/hdds
2021-11-15 19:21:04,807 [Listener at 127.0.0.1/38415] INFO  volume.MutableVolumeSet (MutableVolumeSet.java:initializeVolumeSet(168)) - Added Volume : /home/runner/work/ozone/ozone/hadoop-ozone/integration-test/target/test-dir/MiniOzoneClusterImpl-edab3eb4-5721-4c35-be90-debfdbe0e37e/datanode-3/data/ratis to VolumeSet
2021-11-15 19:21:04,807 [Listener at 127.0.0.1/38415] INFO  volume.ThrottledAsyncChecker (ThrottledAsyncChecker.java:schedule(141)) - Scheduling a check for /home/runner/work/ozone/ozone/hadoop-ozone/integration-test/target/test-dir/MiniOzoneClusterImpl-edab3eb4-5721-4c35-be90-debfdbe0e37e/datanode-3/data/ratis
2021-11-15 19:21:04,808 [Listener at 127.0.0.1/38415] INFO  volume.StorageVolumeChecker (StorageVolumeChecker.java:checkAllVolumes(202)) - Scheduled health check for volume /home/runner/work/ozone/ozone/hadoop-ozone/integration-test/target/test-dir/MiniOzoneClusterImpl-edab3eb4-5721-4c35-be90-debfdbe0e37e/datanode-3/data/ratis
2021-11-15 19:21:04,825 [Thread-167] INFO  ozoneimpl.ContainerReader (ContainerReader.java:readVolume(172)) - Finish verifying containers on volume /home/runner/work/ozone/ozone/hadoop-ozone/integration-test/target/test-dir/MiniOzoneClusterImpl-edab3eb4-5721-4c35-be90-debfdbe0e37e/datanode-3/data-0/containers/hdds
2021-11-15 19:21:04,825 [Listener at 127.0.0.1/38415] INFO  ozoneimpl.OzoneContainer (OzoneContainer.java:buildContainerSet(236)) - Build ContainerSet costs 0s
2021-11-15 19:21:04,828 [Listener at 127.0.0.1/38415] INFO  server.RaftServer (ConfUtils.java:logGet(44)) - raft.rpc.type = GRPC (default)
2021-11-15 19:21:04,828 [Listener at 127.0.0.1/38415] INFO  grpc.GrpcFactory (GrpcFactory.java:checkPooledByteBufAllocatorUseCacheForAllThreads(48)) - PERFORMANCE WARNING: useCacheForAllThreads is true that may cause Netty to create a lot garbage objects and, as a result, trigger GC.
	It is recommended to disable useCacheForAllThreads by setting -Dorg.apache.ratis.thirdparty.io.netty.allocator.useCacheForAllThreads=false in command line.
2021-11-15 19:21:04,829 [Listener at 127.0.0.1/38415] INFO  grpc.GrpcConfigKeys (ConfUtils.java:logGet(44)) - raft.grpc.admin.port = 0 (custom)
2021-11-15 19:21:04,829 [Listener at 127.0.0.1/38415] INFO  grpc.GrpcConfigKeys (ConfUtils.java:logGet(44)) - raft.grpc.client.port = 0 (custom)
2021-11-15 19:21:04,829 [Listener at 127.0.0.1/38415] INFO  grpc.GrpcConfigKeys (ConfUtils.java:logGet(44)) - raft.grpc.server.port = 0 (default)
2021-11-15 19:21:04,829 [Listener at 127.0.0.1/38415] INFO  server.GrpcService (ConfUtils.java:logGet(44)) - raft.grpc.message.size.max = 32MB (=33554432) (custom)
2021-11-15 19:21:04,829 [Listener at 127.0.0.1/38415] INFO  server.RaftServerConfigKeys (ConfUtils.java:logGet(44)) - raft.server.log.appender.buffer.byte-limit = 33554432 (custom)
2021-11-15 19:21:04,829 [Listener at 127.0.0.1/38415] INFO  server.GrpcService (ConfUtils.java:logGet(44)) - raft.grpc.flow.control.window = 5MB (=5242880) (custom)
2021-11-15 19:21:04,829 [Listener at 127.0.0.1/38415] INFO  server.RaftServerConfigKeys (ConfUtils.java:logGet(44)) - raft.server.rpc.request.timeout = 3000ms (default)
2021-11-15 19:21:04,834 [Listener at 127.0.0.1/38415] INFO  impl.DataStreamServerImpl (ConfUtils.java:logGet(44)) - raft.datastream.type = DISABLED (default)
2021-11-15 19:21:04,835 [Listener at 127.0.0.1/38415] INFO  server.RaftServerConfigKeys (ConfUtils.java:logGet(44)) - raft.server.rpc.slowness.timeout = 300000ms (custom)
2021-11-15 19:21:04,835 [Listener at 127.0.0.1/38415] INFO  server.RaftServerConfigKeys (ConfUtils.java:logGet(44)) - raft.server.leaderelection.leader.step-down.wait-time = 10s (default)
2021-11-15 19:21:04,835 [Listener at 127.0.0.1/38415] INFO  server.RaftServerConfigKeys (ConfUtils.java:logGet(44)) - raft.server.storage.dir = [/home/runner/work/ozone/ozone/hadoop-ozone/integration-test/target/test-dir/MiniOzoneClusterImpl-edab3eb4-5721-4c35-be90-debfdbe0e37e/datanode-3/data/ratis] (custom)
2021-11-15 19:21:04,845 [Listener at 127.0.0.1/38415] INFO  http.BaseHttpServer (BaseHttpServer.java:newHttpServer2BuilderForOzone(209)) - Starting Web-server for hddsDatanode at: http://0.0.0.0:0
2021-11-15 19:21:04,845 [Listener at 127.0.0.1/38415] INFO  http.BaseHttpServer (BaseHttpServer.java:<init>(107)) - Hadoop Security Enabled: false Ozone Security Enabled: false Ozone HTTP Security Enabled: false 
2021-11-15 19:21:04,846 [Listener at 127.0.0.1/38415] INFO  server.AuthenticationFilter (AuthenticationFilter.java:constructSecretProvider(240)) - Unable to initialize FileSignerSecretProvider, falling back to use random secrets.
2021-11-15 19:21:04,851 [Listener at 127.0.0.1/38415] WARN  http.HttpRequestLog (HttpRequestLog.java:getRequestLog(103)) - Jetty request log can only be enabled using Log4j
2021-11-15 19:21:04,852 [Listener at 127.0.0.1/38415] INFO  http.HttpServer2 (HttpServer2.java:addGlobalFilter(1030)) - Added global filter 'safety' (class=org.apache.hadoop.hdds.server.http.HttpServer2$QuotingInputFilter)
2021-11-15 19:21:04,853 [Listener at 127.0.0.1/38415] INFO  http.HttpServer2 (HttpServer2.java:addFilter(1006)) - Added filter static_user_filter (class=org.apache.hadoop.http.lib.StaticUserWebFilter$StaticUserFilter) to context hddsDatanode
2021-11-15 19:21:04,853 [Listener at 127.0.0.1/38415] INFO  http.HttpServer2 (HttpServer2.java:addFilter(1014)) - Added filter static_user_filter (class=org.apache.hadoop.http.lib.StaticUserWebFilter$StaticUserFilter) to context logs
2021-11-15 19:21:04,853 [Listener at 127.0.0.1/38415] INFO  http.HttpServer2 (HttpServer2.java:addFilter(1014)) - Added filter static_user_filter (class=org.apache.hadoop.http.lib.StaticUserWebFilter$StaticUserFilter) to context static
2021-11-15 19:21:04,854 [Listener at 127.0.0.1/38415] INFO  http.HttpServer2 (HttpServer2.java:bindListener(1249)) - Jetty bound to port 33445
2021-11-15 19:21:04,854 [Listener at 127.0.0.1/38415] INFO  server.Server (Server.java:doStart(375)) - jetty-9.4.43.v20210629; built: 2021-06-30T11:07:22.254Z; git: 526006ecfa3af7f1a27ef3a288e2bef7ea9dd7e8; jvm 1.8.0_292-b10
2021-11-15 19:21:04,858 [om1@group-C5BA1605619E-StateMachineUpdater] INFO  ratis.OzoneManagerStateMachine (OzoneManagerStateMachine.java:notifyConfigurationChanged(188)) - Received Configuration change notification from Ratis. New Peer list:
[id: "om1"
address: "localhost:9872"
]
2021-11-15 19:21:04,864 [Listener at 127.0.0.1/38415] INFO  server.session (DefaultSessionIdManager.java:doStart(334)) - DefaultSessionIdManager workerName=node0
2021-11-15 19:21:04,864 [Listener at 127.0.0.1/38415] INFO  server.session (DefaultSessionIdManager.java:doStart(339)) - No SessionScavenger set, using defaults
2021-11-15 19:21:04,865 [Listener at 127.0.0.1/38415] INFO  server.session (HouseKeeper.java:startScavenging(132)) - node0 Scavenging every 660000ms
2021-11-15 19:21:04,867 [Listener at 127.0.0.1/38415] INFO  handler.ContextHandler (ContextHandler.java:doStart(915)) - Started o.e.j.s.ServletContextHandler@79b95af9{logs,/logs,file:///home/runner/work/ozone/ozone/hadoop-ozone/integration-test/target/log,AVAILABLE}
2021-11-15 19:21:04,867 [Listener at 127.0.0.1/38415] INFO  handler.ContextHandler (ContextHandler.java:doStart(915)) - Started o.e.j.s.ServletContextHandler@1fa0683f{static,/static,jar:file:/home/runner/.m2/repository/org/apache/ozone/hdds-container-service/1.2.0-SNAPSHOT/hdds-container-service-1.2.0-SNAPSHOT.jar!/webapps/static,AVAILABLE}
2021-11-15 19:21:04,914 [Listener at 127.0.0.1/38415] INFO  handler.ContextHandler (ContextHandler.java:doStart(915)) - Started o.e.j.w.WebAppContext@543995d{hddsDatanode,/,file:///tmp/jetty-0_0_0_0-33445-hdds-container-service-1_2_0-SNAPSHOT_jar-_-any-6587717501679491368/webapp/,AVAILABLE}{jar:file:/home/runner/.m2/repository/org/apache/ozone/hdds-container-service/1.2.0-SNAPSHOT/hdds-container-service-1.2.0-SNAPSHOT.jar!/webapps/hddsDatanode}
2021-11-15 19:21:04,915 [Listener at 127.0.0.1/38415] INFO  server.AbstractConnector (AbstractConnector.java:doStart(331)) - Started ServerConnector@361a6a05{HTTP/1.1, (http/1.1)}{0.0.0.0:33445}
2021-11-15 19:21:04,915 [Listener at 127.0.0.1/38415] INFO  server.Server (Server.java:doStart(415)) - Started @8151ms
2021-11-15 19:21:04,915 [Listener at 127.0.0.1/38415] WARN  impl.MetricsSystemImpl (MetricsSystemImpl.java:register(279)) - Sink prometheus already exists!
2021-11-15 19:21:04,916 [Listener at 127.0.0.1/38415] INFO  http.BaseHttpServer (BaseHttpServer.java:updateConnectorAddress(329)) - HTTP server of hddsDatanode listening at http://0.0.0.0:33445
2021-11-15 19:21:04,917 [Listener at 127.0.0.1/38415] WARN  impl.MetricRegistriesImpl (MetricRegistriesImpl.java:addReporterRegistration(111)) - New reporters are added after registries were created. Some metrics will be missing from the reporter. Please add reporter before adding any new registry.
2021-11-15 19:21:04,917 [Listener at 127.0.0.1/38415] WARN  impl.MetricRegistriesImpl (MetricRegistriesImpl.java:addReporterRegistration(111)) - New reporters are added after registries were created. Some metrics will be missing from the reporter. Please add reporter before adding any new registry.
2021-11-15 19:21:04,917 [Listener at 127.0.0.1/38415] INFO  impl.MetricsSystemImpl (MetricsSystemImpl.java:init(158)) - HddsDatanode metrics system started (again)
2021-11-15 19:21:04,919 [Datanode State Machine Daemon Thread] INFO  statemachine.DatanodeStateMachine (DatanodeStateMachine.java:lambda$startDaemon$0(467)) - Ozone container server started.
2021-11-15 19:21:04,934 [Listener at 127.0.0.1/38415] INFO  ozone.HddsDatanodeService (HddsDatanodeService.java:start(234)) - HddsDatanodeService host:fv-az151-339.yf2hydr00wburbhx3j5hxtcipe.bx.internal.cloudapp.net ip:10.1.0.16
2021-11-15 19:21:04,941 [org.apache.hadoop.util.JvmPauseMonitor$Monitor@7050716] INFO  util.JvmPauseMonitor (JvmPauseMonitor.java:run(188)) - Starting JVM pause monitor
2021-11-15 19:21:04,943 [Datanode State Machine Task Thread - 0] INFO  datanode.InitDatanodeState (InitDatanodeState.java:persistContainerDatanodeDetails(145)) - DatanodeDetails is persisted to /home/runner/work/ozone/ozone/hadoop-ozone/integration-test/target/test-dir/MiniOzoneClusterImpl-edab3eb4-5721-4c35-be90-debfdbe0e37e/datanode-3/meta/datanode.id
2021-11-15 19:21:04,962 [Listener at 127.0.0.1/38415] INFO  upgrade.AbstractLayoutVersionManager (AbstractLayoutVersionManager.java:init(79)) - Initializing Layout version manager with metadata layout = SCM_HA (version = 2), software layout = SCM_HA (version = 2)
2021-11-15 19:21:05,005 [Listener at 127.0.0.1/38415] INFO  reflections.Reflections (Reflections.java:scan(232)) - Reflections took 42 ms to scan 7 urls, producing 119 keys and 279 values 
2021-11-15 19:21:05,006 [Listener at 127.0.0.1/38415] INFO  statemachine.DatanodeStateMachine (DatanodeStateMachine.java:getEndPointTaskThreadPoolSize(219)) - Datanode State Machine Task Thread Pool size 2
2021-11-15 19:21:05,008 [Listener at 127.0.0.1/38415] INFO  volume.HddsVolume (HddsVolume.java:<init>(120)) - Creating HddsVolume: /home/runner/work/ozone/ozone/hadoop-ozone/integration-test/target/test-dir/MiniOzoneClusterImpl-edab3eb4-5721-4c35-be90-debfdbe0e37e/datanode-4/data-0/containers/hdds of storage type : DISK capacity : 9223372036854775807
2021-11-15 19:21:05,008 [Listener at 127.0.0.1/38415] INFO  volume.MutableVolumeSet (MutableVolumeSet.java:initializeVolumeSet(168)) - Added Volume : /home/runner/work/ozone/ozone/hadoop-ozone/integration-test/target/test-dir/MiniOzoneClusterImpl-edab3eb4-5721-4c35-be90-debfdbe0e37e/datanode-4/data-0/containers/hdds to VolumeSet
2021-11-15 19:21:05,008 [Listener at 127.0.0.1/38415] INFO  volume.ThrottledAsyncChecker (ThrottledAsyncChecker.java:schedule(141)) - Scheduling a check for /home/runner/work/ozone/ozone/hadoop-ozone/integration-test/target/test-dir/MiniOzoneClusterImpl-edab3eb4-5721-4c35-be90-debfdbe0e37e/datanode-4/data-0/containers/hdds
2021-11-15 19:21:05,016 [Listener at 127.0.0.1/38415] INFO  volume.StorageVolumeChecker (StorageVolumeChecker.java:checkAllVolumes(202)) - Scheduled health check for volume /home/runner/work/ozone/ozone/hadoop-ozone/integration-test/target/test-dir/MiniOzoneClusterImpl-edab3eb4-5721-4c35-be90-debfdbe0e37e/datanode-4/data-0/containers/hdds
2021-11-15 19:21:05,031 [Listener at 127.0.0.1/38415] INFO  volume.MutableVolumeSet (MutableVolumeSet.java:initializeVolumeSet(168)) - Added Volume : /home/runner/work/ozone/ozone/hadoop-ozone/integration-test/target/test-dir/MiniOzoneClusterImpl-edab3eb4-5721-4c35-be90-debfdbe0e37e/datanode-4/data/ratis to VolumeSet
2021-11-15 19:21:05,031 [Listener at 127.0.0.1/38415] INFO  volume.ThrottledAsyncChecker (ThrottledAsyncChecker.java:schedule(141)) - Scheduling a check for /home/runner/work/ozone/ozone/hadoop-ozone/integration-test/target/test-dir/MiniOzoneClusterImpl-edab3eb4-5721-4c35-be90-debfdbe0e37e/datanode-4/data/ratis
2021-11-15 19:21:05,031 [Listener at 127.0.0.1/38415] INFO  volume.StorageVolumeChecker (StorageVolumeChecker.java:checkAllVolumes(202)) - Scheduled health check for volume /home/runner/work/ozone/ozone/hadoop-ozone/integration-test/target/test-dir/MiniOzoneClusterImpl-edab3eb4-5721-4c35-be90-debfdbe0e37e/datanode-4/data/ratis
2021-11-15 19:21:05,045 [Thread-179] INFO  ozoneimpl.ContainerReader (ContainerReader.java:readVolume(172)) - Finish verifying containers on volume /home/runner/work/ozone/ozone/hadoop-ozone/integration-test/target/test-dir/MiniOzoneClusterImpl-edab3eb4-5721-4c35-be90-debfdbe0e37e/datanode-4/data-0/containers/hdds
2021-11-15 19:21:05,045 [Listener at 127.0.0.1/38415] INFO  ozoneimpl.OzoneContainer (OzoneContainer.java:buildContainerSet(236)) - Build ContainerSet costs 0s
2021-11-15 19:21:05,048 [Listener at 127.0.0.1/38415] INFO  server.RaftServer (ConfUtils.java:logGet(44)) - raft.rpc.type = GRPC (default)
2021-11-15 19:21:05,048 [Listener at 127.0.0.1/38415] INFO  grpc.GrpcFactory (GrpcFactory.java:checkPooledByteBufAllocatorUseCacheForAllThreads(48)) - PERFORMANCE WARNING: useCacheForAllThreads is true that may cause Netty to create a lot garbage objects and, as a result, trigger GC.
	It is recommended to disable useCacheForAllThreads by setting -Dorg.apache.ratis.thirdparty.io.netty.allocator.useCacheForAllThreads=false in command line.
2021-11-15 19:21:05,049 [Listener at 127.0.0.1/38415] INFO  grpc.GrpcConfigKeys (ConfUtils.java:logGet(44)) - raft.grpc.admin.port = 0 (custom)
2021-11-15 19:21:05,049 [Listener at 127.0.0.1/38415] INFO  grpc.GrpcConfigKeys (ConfUtils.java:logGet(44)) - raft.grpc.client.port = 0 (custom)
2021-11-15 19:21:05,049 [Listener at 127.0.0.1/38415] INFO  grpc.GrpcConfigKeys (ConfUtils.java:logGet(44)) - raft.grpc.server.port = 0 (default)
2021-11-15 19:21:05,049 [Listener at 127.0.0.1/38415] INFO  server.GrpcService (ConfUtils.java:logGet(44)) - raft.grpc.message.size.max = 32MB (=33554432) (custom)
2021-11-15 19:21:05,049 [Listener at 127.0.0.1/38415] INFO  server.RaftServerConfigKeys (ConfUtils.java:logGet(44)) - raft.server.log.appender.buffer.byte-limit = 33554432 (custom)
2021-11-15 19:21:05,049 [Listener at 127.0.0.1/38415] INFO  server.GrpcService (ConfUtils.java:logGet(44)) - raft.grpc.flow.control.window = 5MB (=5242880) (custom)
2021-11-15 19:21:05,049 [Listener at 127.0.0.1/38415] INFO  server.RaftServerConfigKeys (ConfUtils.java:logGet(44)) - raft.server.rpc.request.timeout = 3000ms (default)
2021-11-15 19:21:05,050 [Listener at 127.0.0.1/38415] INFO  impl.DataStreamServerImpl (ConfUtils.java:logGet(44)) - raft.datastream.type = DISABLED (default)
2021-11-15 19:21:05,050 [Listener at 127.0.0.1/38415] INFO  server.RaftServerConfigKeys (ConfUtils.java:logGet(44)) - raft.server.rpc.slowness.timeout = 300000ms (custom)
2021-11-15 19:21:05,050 [Listener at 127.0.0.1/38415] INFO  server.RaftServerConfigKeys (ConfUtils.java:logGet(44)) - raft.server.leaderelection.leader.step-down.wait-time = 10s (default)
2021-11-15 19:21:05,051 [Listener at 127.0.0.1/38415] INFO  server.RaftServerConfigKeys (ConfUtils.java:logGet(44)) - raft.server.storage.dir = [/home/runner/work/ozone/ozone/hadoop-ozone/integration-test/target/test-dir/MiniOzoneClusterImpl-edab3eb4-5721-4c35-be90-debfdbe0e37e/datanode-4/data/ratis] (custom)
2021-11-15 19:21:05,058 [Listener at 127.0.0.1/38415] INFO  http.BaseHttpServer (BaseHttpServer.java:newHttpServer2BuilderForOzone(209)) - Starting Web-server for hddsDatanode at: http://0.0.0.0:0
2021-11-15 19:21:05,058 [Listener at 127.0.0.1/38415] INFO  http.BaseHttpServer (BaseHttpServer.java:<init>(107)) - Hadoop Security Enabled: false Ozone Security Enabled: false Ozone HTTP Security Enabled: false 
2021-11-15 19:21:05,060 [Listener at 127.0.0.1/38415] INFO  server.AuthenticationFilter (AuthenticationFilter.java:constructSecretProvider(240)) - Unable to initialize FileSignerSecretProvider, falling back to use random secrets.
2021-11-15 19:21:05,060 [Listener at 127.0.0.1/38415] WARN  http.HttpRequestLog (HttpRequestLog.java:getRequestLog(103)) - Jetty request log can only be enabled using Log4j
2021-11-15 19:21:05,061 [Listener at 127.0.0.1/38415] INFO  http.HttpServer2 (HttpServer2.java:addGlobalFilter(1030)) - Added global filter 'safety' (class=org.apache.hadoop.hdds.server.http.HttpServer2$QuotingInputFilter)
2021-11-15 19:21:05,062 [Listener at 127.0.0.1/38415] INFO  http.HttpServer2 (HttpServer2.java:addFilter(1006)) - Added filter static_user_filter (class=org.apache.hadoop.http.lib.StaticUserWebFilter$StaticUserFilter) to context hddsDatanode
2021-11-15 19:21:05,062 [Listener at 127.0.0.1/38415] INFO  http.HttpServer2 (HttpServer2.java:addFilter(1014)) - Added filter static_user_filter (class=org.apache.hadoop.http.lib.StaticUserWebFilter$StaticUserFilter) to context logs
2021-11-15 19:21:05,062 [Listener at 127.0.0.1/38415] INFO  http.HttpServer2 (HttpServer2.java:addFilter(1014)) - Added filter static_user_filter (class=org.apache.hadoop.http.lib.StaticUserWebFilter$StaticUserFilter) to context static
2021-11-15 19:21:05,063 [Listener at 127.0.0.1/38415] INFO  http.HttpServer2 (HttpServer2.java:bindListener(1249)) - Jetty bound to port 41503
2021-11-15 19:21:05,063 [Listener at 127.0.0.1/38415] INFO  server.Server (Server.java:doStart(375)) - jetty-9.4.43.v20210629; built: 2021-06-30T11:07:22.254Z; git: 526006ecfa3af7f1a27ef3a288e2bef7ea9dd7e8; jvm 1.8.0_292-b10
2021-11-15 19:21:05,064 [Listener at 127.0.0.1/38415] INFO  server.session (DefaultSessionIdManager.java:doStart(334)) - DefaultSessionIdManager workerName=node0
2021-11-15 19:21:05,064 [Listener at 127.0.0.1/38415] INFO  server.session (DefaultSessionIdManager.java:doStart(339)) - No SessionScavenger set, using defaults
2021-11-15 19:21:05,064 [Listener at 127.0.0.1/38415] INFO  server.session (HouseKeeper.java:startScavenging(132)) - node0 Scavenging every 660000ms
2021-11-15 19:21:05,065 [Listener at 127.0.0.1/38415] INFO  handler.ContextHandler (ContextHandler.java:doStart(915)) - Started o.e.j.s.ServletContextHandler@711c8e6{logs,/logs,file:///home/runner/work/ozone/ozone/hadoop-ozone/integration-test/target/log,AVAILABLE}
2021-11-15 19:21:05,066 [Listener at 127.0.0.1/38415] INFO  handler.ContextHandler (ContextHandler.java:doStart(915)) - Started o.e.j.s.ServletContextHandler@5d586f00{static,/static,jar:file:/home/runner/.m2/repository/org/apache/ozone/hdds-container-service/1.2.0-SNAPSHOT/hdds-container-service-1.2.0-SNAPSHOT.jar!/webapps/static,AVAILABLE}
2021-11-15 19:21:05,112 [Listener at 127.0.0.1/38415] INFO  handler.ContextHandler (ContextHandler.java:doStart(915)) - Started o.e.j.w.WebAppContext@7cc8cb4c{hddsDatanode,/,file:///tmp/jetty-0_0_0_0-41503-hdds-container-service-1_2_0-SNAPSHOT_jar-_-any-1286110271317152080/webapp/,AVAILABLE}{jar:file:/home/runner/.m2/repository/org/apache/ozone/hdds-container-service/1.2.0-SNAPSHOT/hdds-container-service-1.2.0-SNAPSHOT.jar!/webapps/hddsDatanode}
2021-11-15 19:21:05,114 [Listener at 127.0.0.1/38415] INFO  server.AbstractConnector (AbstractConnector.java:doStart(331)) - Started ServerConnector@202bcc5a{HTTP/1.1, (http/1.1)}{0.0.0.0:41503}
2021-11-15 19:21:05,114 [Listener at 127.0.0.1/38415] INFO  server.Server (Server.java:doStart(415)) - Started @8350ms
2021-11-15 19:21:05,114 [Listener at 127.0.0.1/38415] WARN  impl.MetricsSystemImpl (MetricsSystemImpl.java:register(279)) - Sink prometheus already exists!
2021-11-15 19:21:05,114 [Listener at 127.0.0.1/38415] INFO  http.BaseHttpServer (BaseHttpServer.java:updateConnectorAddress(329)) - HTTP server of hddsDatanode listening at http://0.0.0.0:41503
2021-11-15 19:21:05,119 [Datanode State Machine Daemon Thread] INFO  statemachine.DatanodeStateMachine (DatanodeStateMachine.java:lambda$startDaemon$0(467)) - Ozone container server started.
2021-11-15 19:21:05,120 [Listener at 127.0.0.1/38415] WARN  impl.MetricRegistriesImpl (MetricRegistriesImpl.java:addReporterRegistration(111)) - New reporters are added after registries were created. Some metrics will be missing from the reporter. Please add reporter before adding any new registry.
2021-11-15 19:21:05,123 [Listener at 127.0.0.1/38415] WARN  impl.MetricRegistriesImpl (MetricRegistriesImpl.java:addReporterRegistration(111)) - New reporters are added after registries were created. Some metrics will be missing from the reporter. Please add reporter before adding any new registry.
2021-11-15 19:21:05,123 [Listener at 127.0.0.1/38415] INFO  impl.MetricsSystemImpl (MetricsSystemImpl.java:init(158)) - HddsDatanode metrics system started (again)
2021-11-15 19:21:05,136 [org.apache.hadoop.util.JvmPauseMonitor$Monitor@4fb6f231] INFO  util.JvmPauseMonitor (JvmPauseMonitor.java:run(188)) - Starting JVM pause monitor
2021-11-15 19:21:05,147 [Listener at 127.0.0.1/38415] INFO  ozone.HddsDatanodeService (HddsDatanodeService.java:start(234)) - HddsDatanodeService host:fv-az151-339.yf2hydr00wburbhx3j5hxtcipe.bx.internal.cloudapp.net ip:10.1.0.16
2021-11-15 19:21:05,149 [Datanode State Machine Task Thread - 0] INFO  datanode.InitDatanodeState (InitDatanodeState.java:persistContainerDatanodeDetails(145)) - DatanodeDetails is persisted to /home/runner/work/ozone/ozone/hadoop-ozone/integration-test/target/test-dir/MiniOzoneClusterImpl-edab3eb4-5721-4c35-be90-debfdbe0e37e/datanode-4/meta/datanode.id
2021-11-15 19:21:05,168 [Listener at 127.0.0.1/38415] INFO  upgrade.AbstractLayoutVersionManager (AbstractLayoutVersionManager.java:init(79)) - Initializing Layout version manager with metadata layout = SCM_HA (version = 2), software layout = SCM_HA (version = 2)
2021-11-15 19:21:05,214 [Listener at 127.0.0.1/38415] INFO  reflections.Reflections (Reflections.java:scan(232)) - Reflections took 41 ms to scan 7 urls, producing 119 keys and 279 values 
2021-11-15 19:21:05,215 [Listener at 127.0.0.1/38415] INFO  statemachine.DatanodeStateMachine (DatanodeStateMachine.java:getEndPointTaskThreadPoolSize(219)) - Datanode State Machine Task Thread Pool size 2
2021-11-15 19:21:05,222 [Listener at 127.0.0.1/38415] INFO  volume.HddsVolume (HddsVolume.java:<init>(120)) - Creating HddsVolume: /home/runner/work/ozone/ozone/hadoop-ozone/integration-test/target/test-dir/MiniOzoneClusterImpl-edab3eb4-5721-4c35-be90-debfdbe0e37e/datanode-5/data-0/containers/hdds of storage type : DISK capacity : 9223372036854775807
2021-11-15 19:21:05,223 [Listener at 127.0.0.1/38415] INFO  volume.MutableVolumeSet (MutableVolumeSet.java:initializeVolumeSet(168)) - Added Volume : /home/runner/work/ozone/ozone/hadoop-ozone/integration-test/target/test-dir/MiniOzoneClusterImpl-edab3eb4-5721-4c35-be90-debfdbe0e37e/datanode-5/data-0/containers/hdds to VolumeSet
2021-11-15 19:21:05,223 [Listener at 127.0.0.1/38415] INFO  volume.ThrottledAsyncChecker (ThrottledAsyncChecker.java:schedule(141)) - Scheduling a check for /home/runner/work/ozone/ozone/hadoop-ozone/integration-test/target/test-dir/MiniOzoneClusterImpl-edab3eb4-5721-4c35-be90-debfdbe0e37e/datanode-5/data-0/containers/hdds
2021-11-15 19:21:05,224 [Listener at 127.0.0.1/38415] INFO  volume.StorageVolumeChecker (StorageVolumeChecker.java:checkAllVolumes(202)) - Scheduled health check for volume /home/runner/work/ozone/ozone/hadoop-ozone/integration-test/target/test-dir/MiniOzoneClusterImpl-edab3eb4-5721-4c35-be90-debfdbe0e37e/datanode-5/data-0/containers/hdds
2021-11-15 19:21:05,239 [Listener at 127.0.0.1/38415] INFO  volume.MutableVolumeSet (MutableVolumeSet.java:initializeVolumeSet(168)) - Added Volume : /home/runner/work/ozone/ozone/hadoop-ozone/integration-test/target/test-dir/MiniOzoneClusterImpl-edab3eb4-5721-4c35-be90-debfdbe0e37e/datanode-5/data/ratis to VolumeSet
2021-11-15 19:21:05,239 [Listener at 127.0.0.1/38415] INFO  volume.ThrottledAsyncChecker (ThrottledAsyncChecker.java:schedule(141)) - Scheduling a check for /home/runner/work/ozone/ozone/hadoop-ozone/integration-test/target/test-dir/MiniOzoneClusterImpl-edab3eb4-5721-4c35-be90-debfdbe0e37e/datanode-5/data/ratis
2021-11-15 19:21:05,239 [Listener at 127.0.0.1/38415] INFO  volume.StorageVolumeChecker (StorageVolumeChecker.java:checkAllVolumes(202)) - Scheduled health check for volume /home/runner/work/ozone/ozone/hadoop-ozone/integration-test/target/test-dir/MiniOzoneClusterImpl-edab3eb4-5721-4c35-be90-debfdbe0e37e/datanode-5/data/ratis
2021-11-15 19:21:05,255 [Thread-191] INFO  ozoneimpl.ContainerReader (ContainerReader.java:readVolume(172)) - Finish verifying containers on volume /home/runner/work/ozone/ozone/hadoop-ozone/integration-test/target/test-dir/MiniOzoneClusterImpl-edab3eb4-5721-4c35-be90-debfdbe0e37e/datanode-5/data-0/containers/hdds
2021-11-15 19:21:05,255 [Listener at 127.0.0.1/38415] INFO  ozoneimpl.OzoneContainer (OzoneContainer.java:buildContainerSet(236)) - Build ContainerSet costs 0s
2021-11-15 19:21:05,260 [Listener at 127.0.0.1/38415] INFO  server.RaftServer (ConfUtils.java:logGet(44)) - raft.rpc.type = GRPC (default)
2021-11-15 19:21:05,261 [Listener at 127.0.0.1/38415] INFO  grpc.GrpcFactory (GrpcFactory.java:checkPooledByteBufAllocatorUseCacheForAllThreads(48)) - PERFORMANCE WARNING: useCacheForAllThreads is true that may cause Netty to create a lot garbage objects and, as a result, trigger GC.
	It is recommended to disable useCacheForAllThreads by setting -Dorg.apache.ratis.thirdparty.io.netty.allocator.useCacheForAllThreads=false in command line.
2021-11-15 19:21:05,261 [Listener at 127.0.0.1/38415] INFO  grpc.GrpcConfigKeys (ConfUtils.java:logGet(44)) - raft.grpc.admin.port = 0 (custom)
2021-11-15 19:21:05,261 [Listener at 127.0.0.1/38415] INFO  grpc.GrpcConfigKeys (ConfUtils.java:logGet(44)) - raft.grpc.client.port = 0 (custom)
2021-11-15 19:21:05,261 [Listener at 127.0.0.1/38415] INFO  grpc.GrpcConfigKeys (ConfUtils.java:logGet(44)) - raft.grpc.server.port = 0 (default)
2021-11-15 19:21:05,261 [Listener at 127.0.0.1/38415] INFO  server.GrpcService (ConfUtils.java:logGet(44)) - raft.grpc.message.size.max = 32MB (=33554432) (custom)
2021-11-15 19:21:05,261 [Listener at 127.0.0.1/38415] INFO  server.RaftServerConfigKeys (ConfUtils.java:logGet(44)) - raft.server.log.appender.buffer.byte-limit = 33554432 (custom)
2021-11-15 19:21:05,261 [Listener at 127.0.0.1/38415] INFO  server.GrpcService (ConfUtils.java:logGet(44)) - raft.grpc.flow.control.window = 5MB (=5242880) (custom)
2021-11-15 19:21:05,261 [Listener at 127.0.0.1/38415] INFO  server.RaftServerConfigKeys (ConfUtils.java:logGet(44)) - raft.server.rpc.request.timeout = 3000ms (default)
2021-11-15 19:21:05,262 [Listener at 127.0.0.1/38415] INFO  impl.DataStreamServerImpl (ConfUtils.java:logGet(44)) - raft.datastream.type = DISABLED (default)
2021-11-15 19:21:05,262 [Listener at 127.0.0.1/38415] INFO  server.RaftServerConfigKeys (ConfUtils.java:logGet(44)) - raft.server.rpc.slowness.timeout = 300000ms (custom)
2021-11-15 19:21:05,262 [Listener at 127.0.0.1/38415] INFO  server.RaftServerConfigKeys (ConfUtils.java:logGet(44)) - raft.server.leaderelection.leader.step-down.wait-time = 10s (default)
2021-11-15 19:21:05,263 [Listener at 127.0.0.1/38415] INFO  server.RaftServerConfigKeys (ConfUtils.java:logGet(44)) - raft.server.storage.dir = [/home/runner/work/ozone/ozone/hadoop-ozone/integration-test/target/test-dir/MiniOzoneClusterImpl-edab3eb4-5721-4c35-be90-debfdbe0e37e/datanode-5/data/ratis] (custom)
2021-11-15 19:21:05,266 [Listener at 127.0.0.1/38415] INFO  http.BaseHttpServer (BaseHttpServer.java:newHttpServer2BuilderForOzone(209)) - Starting Web-server for hddsDatanode at: http://0.0.0.0:0
2021-11-15 19:21:05,266 [Listener at 127.0.0.1/38415] INFO  http.BaseHttpServer (BaseHttpServer.java:<init>(107)) - Hadoop Security Enabled: false Ozone Security Enabled: false Ozone HTTP Security Enabled: false 
2021-11-15 19:21:05,267 [Listener at 127.0.0.1/38415] INFO  server.AuthenticationFilter (AuthenticationFilter.java:constructSecretProvider(240)) - Unable to initialize FileSignerSecretProvider, falling back to use random secrets.
2021-11-15 19:21:05,268 [Listener at 127.0.0.1/38415] WARN  http.HttpRequestLog (HttpRequestLog.java:getRequestLog(103)) - Jetty request log can only be enabled using Log4j
2021-11-15 19:21:05,268 [Listener at 127.0.0.1/38415] INFO  http.HttpServer2 (HttpServer2.java:addGlobalFilter(1030)) - Added global filter 'safety' (class=org.apache.hadoop.hdds.server.http.HttpServer2$QuotingInputFilter)
2021-11-15 19:21:05,269 [Listener at 127.0.0.1/38415] INFO  http.HttpServer2 (HttpServer2.java:addFilter(1006)) - Added filter static_user_filter (class=org.apache.hadoop.http.lib.StaticUserWebFilter$StaticUserFilter) to context hddsDatanode
2021-11-15 19:21:05,269 [Listener at 127.0.0.1/38415] INFO  http.HttpServer2 (HttpServer2.java:addFilter(1014)) - Added filter static_user_filter (class=org.apache.hadoop.http.lib.StaticUserWebFilter$StaticUserFilter) to context logs
2021-11-15 19:21:05,269 [Listener at 127.0.0.1/38415] INFO  http.HttpServer2 (HttpServer2.java:addFilter(1014)) - Added filter static_user_filter (class=org.apache.hadoop.http.lib.StaticUserWebFilter$StaticUserFilter) to context static
2021-11-15 19:21:05,270 [Listener at 127.0.0.1/38415] INFO  http.HttpServer2 (HttpServer2.java:bindListener(1249)) - Jetty bound to port 32791
2021-11-15 19:21:05,270 [Listener at 127.0.0.1/38415] INFO  server.Server (Server.java:doStart(375)) - jetty-9.4.43.v20210629; built: 2021-06-30T11:07:22.254Z; git: 526006ecfa3af7f1a27ef3a288e2bef7ea9dd7e8; jvm 1.8.0_292-b10
2021-11-15 19:21:05,274 [Listener at 127.0.0.1/38415] INFO  server.session (DefaultSessionIdManager.java:doStart(334)) - DefaultSessionIdManager workerName=node0
2021-11-15 19:21:05,274 [Listener at 127.0.0.1/38415] INFO  server.session (DefaultSessionIdManager.java:doStart(339)) - No SessionScavenger set, using defaults
2021-11-15 19:21:05,275 [Listener at 127.0.0.1/38415] INFO  server.session (HouseKeeper.java:startScavenging(132)) - node0 Scavenging every 660000ms
2021-11-15 19:21:05,276 [Listener at 127.0.0.1/38415] INFO  handler.ContextHandler (ContextHandler.java:doStart(915)) - Started o.e.j.s.ServletContextHandler@190bc422{logs,/logs,file:///home/runner/work/ozone/ozone/hadoop-ozone/integration-test/target/log,AVAILABLE}
2021-11-15 19:21:05,276 [Listener at 127.0.0.1/38415] INFO  handler.ContextHandler (ContextHandler.java:doStart(915)) - Started o.e.j.s.ServletContextHandler@430667d9{static,/static,jar:file:/home/runner/.m2/repository/org/apache/ozone/hdds-container-service/1.2.0-SNAPSHOT/hdds-container-service-1.2.0-SNAPSHOT.jar!/webapps/static,AVAILABLE}
2021-11-15 19:21:05,330 [Listener at 127.0.0.1/38415] INFO  handler.ContextHandler (ContextHandler.java:doStart(915)) - Started o.e.j.w.WebAppContext@2ac6345b{hddsDatanode,/,file:///tmp/jetty-0_0_0_0-32791-hdds-container-service-1_2_0-SNAPSHOT_jar-_-any-2665491104773565389/webapp/,AVAILABLE}{jar:file:/home/runner/.m2/repository/org/apache/ozone/hdds-container-service/1.2.0-SNAPSHOT/hdds-container-service-1.2.0-SNAPSHOT.jar!/webapps/hddsDatanode}
2021-11-15 19:21:05,331 [Listener at 127.0.0.1/38415] INFO  server.AbstractConnector (AbstractConnector.java:doStart(331)) - Started ServerConnector@135cb094{HTTP/1.1, (http/1.1)}{0.0.0.0:32791}
2021-11-15 19:21:05,331 [Listener at 127.0.0.1/38415] INFO  server.Server (Server.java:doStart(415)) - Started @8567ms
2021-11-15 19:21:05,331 [Listener at 127.0.0.1/38415] WARN  impl.MetricsSystemImpl (MetricsSystemImpl.java:register(279)) - Sink prometheus already exists!
2021-11-15 19:21:05,332 [Listener at 127.0.0.1/38415] INFO  http.BaseHttpServer (BaseHttpServer.java:updateConnectorAddress(329)) - HTTP server of hddsDatanode listening at http://0.0.0.0:32791
2021-11-15 19:21:05,333 [Datanode State Machine Daemon Thread] INFO  statemachine.DatanodeStateMachine (DatanodeStateMachine.java:lambda$startDaemon$0(467)) - Ozone container server started.
2021-11-15 19:21:05,334 [Listener at 127.0.0.1/38415] WARN  impl.MetricRegistriesImpl (MetricRegistriesImpl.java:addReporterRegistration(111)) - New reporters are added after registries were created. Some metrics will be missing from the reporter. Please add reporter before adding any new registry.
2021-11-15 19:21:05,334 [Listener at 127.0.0.1/38415] WARN  impl.MetricRegistriesImpl (MetricRegistriesImpl.java:addReporterRegistration(111)) - New reporters are added after registries were created. Some metrics will be missing from the reporter. Please add reporter before adding any new registry.
2021-11-15 19:21:05,334 [Listener at 127.0.0.1/38415] INFO  impl.MetricsSystemImpl (MetricsSystemImpl.java:init(158)) - HddsDatanode metrics system started (again)
2021-11-15 19:21:05,344 [org.apache.hadoop.util.JvmPauseMonitor$Monitor@193408e1] INFO  util.JvmPauseMonitor (JvmPauseMonitor.java:run(188)) - Starting JVM pause monitor
2021-11-15 19:21:05,349 [Listener at 127.0.0.1/38415] INFO  ozone.HddsDatanodeService (HddsDatanodeService.java:start(234)) - HddsDatanodeService host:fv-az151-339.yf2hydr00wburbhx3j5hxtcipe.bx.internal.cloudapp.net ip:10.1.0.16
2021-11-15 19:21:05,365 [Datanode State Machine Task Thread - 0] INFO  datanode.InitDatanodeState (InitDatanodeState.java:persistContainerDatanodeDetails(145)) - DatanodeDetails is persisted to /home/runner/work/ozone/ozone/hadoop-ozone/integration-test/target/test-dir/MiniOzoneClusterImpl-edab3eb4-5721-4c35-be90-debfdbe0e37e/datanode-5/meta/datanode.id
2021-11-15 19:21:05,381 [Listener at 127.0.0.1/38415] INFO  upgrade.AbstractLayoutVersionManager (AbstractLayoutVersionManager.java:init(79)) - Initializing Layout version manager with metadata layout = SCM_HA (version = 2), software layout = SCM_HA (version = 2)
2021-11-15 19:21:05,421 [Listener at 127.0.0.1/38415] INFO  reflections.Reflections (Reflections.java:scan(232)) - Reflections took 38 ms to scan 7 urls, producing 119 keys and 279 values 
2021-11-15 19:21:05,425 [Listener at 127.0.0.1/38415] INFO  statemachine.DatanodeStateMachine (DatanodeStateMachine.java:getEndPointTaskThreadPoolSize(219)) - Datanode State Machine Task Thread Pool size 2
2021-11-15 19:21:05,431 [Listener at 127.0.0.1/38415] INFO  volume.HddsVolume (HddsVolume.java:<init>(120)) - Creating HddsVolume: /home/runner/work/ozone/ozone/hadoop-ozone/integration-test/target/test-dir/MiniOzoneClusterImpl-edab3eb4-5721-4c35-be90-debfdbe0e37e/datanode-6/data-0/containers/hdds of storage type : DISK capacity : 9223372036854775807
2021-11-15 19:21:05,431 [Listener at 127.0.0.1/38415] INFO  volume.MutableVolumeSet (MutableVolumeSet.java:initializeVolumeSet(168)) - Added Volume : /home/runner/work/ozone/ozone/hadoop-ozone/integration-test/target/test-dir/MiniOzoneClusterImpl-edab3eb4-5721-4c35-be90-debfdbe0e37e/datanode-6/data-0/containers/hdds to VolumeSet
2021-11-15 19:21:05,431 [Listener at 127.0.0.1/38415] INFO  volume.ThrottledAsyncChecker (ThrottledAsyncChecker.java:schedule(141)) - Scheduling a check for /home/runner/work/ozone/ozone/hadoop-ozone/integration-test/target/test-dir/MiniOzoneClusterImpl-edab3eb4-5721-4c35-be90-debfdbe0e37e/datanode-6/data-0/containers/hdds
2021-11-15 19:21:05,432 [Listener at 127.0.0.1/38415] INFO  volume.StorageVolumeChecker (StorageVolumeChecker.java:checkAllVolumes(202)) - Scheduled health check for volume /home/runner/work/ozone/ozone/hadoop-ozone/integration-test/target/test-dir/MiniOzoneClusterImpl-edab3eb4-5721-4c35-be90-debfdbe0e37e/datanode-6/data-0/containers/hdds
2021-11-15 19:21:05,448 [Listener at 127.0.0.1/38415] INFO  volume.MutableVolumeSet (MutableVolumeSet.java:initializeVolumeSet(168)) - Added Volume : /home/runner/work/ozone/ozone/hadoop-ozone/integration-test/target/test-dir/MiniOzoneClusterImpl-edab3eb4-5721-4c35-be90-debfdbe0e37e/datanode-6/data/ratis to VolumeSet
2021-11-15 19:21:05,448 [Listener at 127.0.0.1/38415] INFO  volume.ThrottledAsyncChecker (ThrottledAsyncChecker.java:schedule(141)) - Scheduling a check for /home/runner/work/ozone/ozone/hadoop-ozone/integration-test/target/test-dir/MiniOzoneClusterImpl-edab3eb4-5721-4c35-be90-debfdbe0e37e/datanode-6/data/ratis
2021-11-15 19:21:05,448 [Listener at 127.0.0.1/38415] INFO  volume.StorageVolumeChecker (StorageVolumeChecker.java:checkAllVolumes(202)) - Scheduled health check for volume /home/runner/work/ozone/ozone/hadoop-ozone/integration-test/target/test-dir/MiniOzoneClusterImpl-edab3eb4-5721-4c35-be90-debfdbe0e37e/datanode-6/data/ratis
2021-11-15 19:21:05,462 [Thread-203] INFO  ozoneimpl.ContainerReader (ContainerReader.java:readVolume(172)) - Finish verifying containers on volume /home/runner/work/ozone/ozone/hadoop-ozone/integration-test/target/test-dir/MiniOzoneClusterImpl-edab3eb4-5721-4c35-be90-debfdbe0e37e/datanode-6/data-0/containers/hdds
2021-11-15 19:21:05,462 [Listener at 127.0.0.1/38415] INFO  ozoneimpl.OzoneContainer (OzoneContainer.java:buildContainerSet(236)) - Build ContainerSet costs 0s
2021-11-15 19:21:05,465 [Listener at 127.0.0.1/38415] INFO  server.RaftServer (ConfUtils.java:logGet(44)) - raft.rpc.type = GRPC (default)
2021-11-15 19:21:05,465 [Listener at 127.0.0.1/38415] INFO  grpc.GrpcFactory (GrpcFactory.java:checkPooledByteBufAllocatorUseCacheForAllThreads(48)) - PERFORMANCE WARNING: useCacheForAllThreads is true that may cause Netty to create a lot garbage objects and, as a result, trigger GC.
	It is recommended to disable useCacheForAllThreads by setting -Dorg.apache.ratis.thirdparty.io.netty.allocator.useCacheForAllThreads=false in command line.
2021-11-15 19:21:05,466 [Listener at 127.0.0.1/38415] INFO  grpc.GrpcConfigKeys (ConfUtils.java:logGet(44)) - raft.grpc.admin.port = 0 (custom)
2021-11-15 19:21:05,466 [Listener at 127.0.0.1/38415] INFO  grpc.GrpcConfigKeys (ConfUtils.java:logGet(44)) - raft.grpc.client.port = 0 (custom)
2021-11-15 19:21:05,466 [Listener at 127.0.0.1/38415] INFO  grpc.GrpcConfigKeys (ConfUtils.java:logGet(44)) - raft.grpc.server.port = 0 (default)
2021-11-15 19:21:05,466 [Listener at 127.0.0.1/38415] INFO  server.GrpcService (ConfUtils.java:logGet(44)) - raft.grpc.message.size.max = 32MB (=33554432) (custom)
2021-11-15 19:21:05,467 [Listener at 127.0.0.1/38415] INFO  server.RaftServerConfigKeys (ConfUtils.java:logGet(44)) - raft.server.log.appender.buffer.byte-limit = 33554432 (custom)
2021-11-15 19:21:05,467 [Listener at 127.0.0.1/38415] INFO  server.GrpcService (ConfUtils.java:logGet(44)) - raft.grpc.flow.control.window = 5MB (=5242880) (custom)
2021-11-15 19:21:05,467 [Listener at 127.0.0.1/38415] INFO  server.RaftServerConfigKeys (ConfUtils.java:logGet(44)) - raft.server.rpc.request.timeout = 3000ms (default)
2021-11-15 19:21:05,468 [Listener at 127.0.0.1/38415] INFO  impl.DataStreamServerImpl (ConfUtils.java:logGet(44)) - raft.datastream.type = DISABLED (default)
2021-11-15 19:21:05,468 [Listener at 127.0.0.1/38415] INFO  server.RaftServerConfigKeys (ConfUtils.java:logGet(44)) - raft.server.rpc.slowness.timeout = 300000ms (custom)
2021-11-15 19:21:05,468 [Listener at 127.0.0.1/38415] INFO  server.RaftServerConfigKeys (ConfUtils.java:logGet(44)) - raft.server.leaderelection.leader.step-down.wait-time = 10s (default)
2021-11-15 19:21:05,468 [Listener at 127.0.0.1/38415] INFO  server.RaftServerConfigKeys (ConfUtils.java:logGet(44)) - raft.server.storage.dir = [/home/runner/work/ozone/ozone/hadoop-ozone/integration-test/target/test-dir/MiniOzoneClusterImpl-edab3eb4-5721-4c35-be90-debfdbe0e37e/datanode-6/data/ratis] (custom)
2021-11-15 19:21:05,472 [Listener at 127.0.0.1/38415] INFO  http.BaseHttpServer (BaseHttpServer.java:newHttpServer2BuilderForOzone(209)) - Starting Web-server for hddsDatanode at: http://0.0.0.0:0
2021-11-15 19:21:05,472 [Listener at 127.0.0.1/38415] INFO  http.BaseHttpServer (BaseHttpServer.java:<init>(107)) - Hadoop Security Enabled: false Ozone Security Enabled: false Ozone HTTP Security Enabled: false 
2021-11-15 19:21:05,473 [Listener at 127.0.0.1/38415] INFO  server.AuthenticationFilter (AuthenticationFilter.java:constructSecretProvider(240)) - Unable to initialize FileSignerSecretProvider, falling back to use random secrets.
2021-11-15 19:21:05,474 [Listener at 127.0.0.1/38415] WARN  http.HttpRequestLog (HttpRequestLog.java:getRequestLog(103)) - Jetty request log can only be enabled using Log4j
2021-11-15 19:21:05,474 [Listener at 127.0.0.1/38415] INFO  http.HttpServer2 (HttpServer2.java:addGlobalFilter(1030)) - Added global filter 'safety' (class=org.apache.hadoop.hdds.server.http.HttpServer2$QuotingInputFilter)
2021-11-15 19:21:05,475 [Listener at 127.0.0.1/38415] INFO  http.HttpServer2 (HttpServer2.java:addFilter(1006)) - Added filter static_user_filter (class=org.apache.hadoop.http.lib.StaticUserWebFilter$StaticUserFilter) to context hddsDatanode
2021-11-15 19:21:05,476 [Listener at 127.0.0.1/38415] INFO  http.HttpServer2 (HttpServer2.java:addFilter(1014)) - Added filter static_user_filter (class=org.apache.hadoop.http.lib.StaticUserWebFilter$StaticUserFilter) to context static
2021-11-15 19:21:05,476 [Listener at 127.0.0.1/38415] INFO  http.HttpServer2 (HttpServer2.java:addFilter(1014)) - Added filter static_user_filter (class=org.apache.hadoop.http.lib.StaticUserWebFilter$StaticUserFilter) to context logs
2021-11-15 19:21:05,476 [Listener at 127.0.0.1/38415] INFO  http.HttpServer2 (HttpServer2.java:bindListener(1249)) - Jetty bound to port 46679
2021-11-15 19:21:05,476 [Listener at 127.0.0.1/38415] INFO  server.Server (Server.java:doStart(375)) - jetty-9.4.43.v20210629; built: 2021-06-30T11:07:22.254Z; git: 526006ecfa3af7f1a27ef3a288e2bef7ea9dd7e8; jvm 1.8.0_292-b10
2021-11-15 19:21:05,481 [Listener at 127.0.0.1/38415] INFO  server.session (DefaultSessionIdManager.java:doStart(334)) - DefaultSessionIdManager workerName=node0
2021-11-15 19:21:05,481 [Listener at 127.0.0.1/38415] INFO  server.session (DefaultSessionIdManager.java:doStart(339)) - No SessionScavenger set, using defaults
2021-11-15 19:21:05,481 [Listener at 127.0.0.1/38415] INFO  server.session (HouseKeeper.java:startScavenging(132)) - node0 Scavenging every 600000ms
2021-11-15 19:21:05,484 [Listener at 127.0.0.1/38415] INFO  handler.ContextHandler (ContextHandler.java:doStart(915)) - Started o.e.j.s.ServletContextHandler@983bcd8{logs,/logs,file:///home/runner/work/ozone/ozone/hadoop-ozone/integration-test/target/log,AVAILABLE}
2021-11-15 19:21:05,484 [Listener at 127.0.0.1/38415] INFO  handler.ContextHandler (ContextHandler.java:doStart(915)) - Started o.e.j.s.ServletContextHandler@37aed35e{static,/static,jar:file:/home/runner/.m2/repository/org/apache/ozone/hdds-container-service/1.2.0-SNAPSHOT/hdds-container-service-1.2.0-SNAPSHOT.jar!/webapps/static,AVAILABLE}
2021-11-15 19:21:05,532 [Listener at 127.0.0.1/38415] INFO  handler.ContextHandler (ContextHandler.java:doStart(915)) - Started o.e.j.w.WebAppContext@6d5ed26d{hddsDatanode,/,file:///tmp/jetty-0_0_0_0-46679-hdds-container-service-1_2_0-SNAPSHOT_jar-_-any-5067107279524986696/webapp/,AVAILABLE}{jar:file:/home/runner/.m2/repository/org/apache/ozone/hdds-container-service/1.2.0-SNAPSHOT/hdds-container-service-1.2.0-SNAPSHOT.jar!/webapps/hddsDatanode}
2021-11-15 19:21:05,534 [Listener at 127.0.0.1/38415] INFO  server.AbstractConnector (AbstractConnector.java:doStart(331)) - Started ServerConnector@5543dcf8{HTTP/1.1, (http/1.1)}{0.0.0.0:46679}
2021-11-15 19:21:05,535 [Listener at 127.0.0.1/38415] INFO  server.Server (Server.java:doStart(415)) - Started @8771ms
2021-11-15 19:21:05,535 [Listener at 127.0.0.1/38415] WARN  impl.MetricsSystemImpl (MetricsSystemImpl.java:register(279)) - Sink prometheus already exists!
2021-11-15 19:21:05,536 [Listener at 127.0.0.1/38415] INFO  http.BaseHttpServer (BaseHttpServer.java:updateConnectorAddress(329)) - HTTP server of hddsDatanode listening at http://0.0.0.0:46679
2021-11-15 19:21:05,537 [Listener at 127.0.0.1/38415] INFO  ozone.MiniOzoneClusterImpl (MiniOzoneClusterImpl.java:lambda$waitForClusterToBeReady$0(235)) - Waiting for nodes to be ready. Got 0 of 7 DN Heartbeats.
2021-11-15 19:21:05,537 [Listener at 127.0.0.1/38415] INFO  ozone.MiniOzoneClusterImpl (MiniOzoneClusterImpl.java:lambda$waitForClusterToBeReady$0(238)) - Waiting for cluster to exit safe mode
2021-11-15 19:21:05,537 [Listener at 127.0.0.1/38415] INFO  ozone.MiniOzoneClusterImpl (MiniOzoneClusterImpl.java:lambda$waitForClusterToBeReady$0(240)) - SCM became leader
2021-11-15 19:21:05,538 [Datanode State Machine Daemon Thread] INFO  statemachine.DatanodeStateMachine (DatanodeStateMachine.java:lambda$startDaemon$0(467)) - Ozone container server started.
2021-11-15 19:21:05,548 [org.apache.hadoop.util.JvmPauseMonitor$Monitor@1acae4d8] INFO  util.JvmPauseMonitor (JvmPauseMonitor.java:run(188)) - Starting JVM pause monitor
2021-11-15 19:21:05,550 [Datanode State Machine Task Thread - 0] INFO  datanode.InitDatanodeState (InitDatanodeState.java:persistContainerDatanodeDetails(145)) - DatanodeDetails is persisted to /home/runner/work/ozone/ozone/hadoop-ozone/integration-test/target/test-dir/MiniOzoneClusterImpl-edab3eb4-5721-4c35-be90-debfdbe0e37e/datanode-6/meta/datanode.id
2021-11-15 19:21:05,933 [EndpointStateMachine task thread for /0.0.0.0:44671 - 0 ] INFO  ozoneimpl.OzoneContainer (OzoneContainer.java:start(304)) - Attempting to start container services.
2021-11-15 19:21:05,935 [EndpointStateMachine task thread for /0.0.0.0:44671 - 0 ] INFO  ozoneimpl.OzoneContainer (OzoneContainer.java:startContainerScrub(249)) - Background container scanner has been disabled.
2021-11-15 19:21:05,937 [EndpointStateMachine task thread for /0.0.0.0:44671 - 0 ] INFO  replication.ReplicationServer (ReplicationServer.java:start(107)) - ReplicationServer is started using port 44751
2021-11-15 19:21:05,939 [EndpointStateMachine task thread for /0.0.0.0:44671 - 0 ] INFO  ratis.XceiverServerRatis (XceiverServerRatis.java:start(484)) - Starting XceiverServerRatis c038e53c-4808-40a4-bcac-87a6adf6dbd8
2021-11-15 19:21:05,944 [EndpointStateMachine task thread for /0.0.0.0:44671 - 0 ] INFO  server.RaftServer (RaftServerProxy.java:lambda$start$5(374)) - c038e53c-4808-40a4-bcac-87a6adf6dbd8: start RPC server
2021-11-15 19:21:05,951 [EndpointStateMachine task thread for /0.0.0.0:44671 - 0 ] INFO  server.GrpcService (GrpcService.java:startImpl(253)) - c038e53c-4808-40a4-bcac-87a6adf6dbd8: GrpcService started, listening on 46879
2021-11-15 19:21:05,952 [EndpointStateMachine task thread for /0.0.0.0:44671 - 0 ] INFO  ratis.XceiverServerRatis (XceiverServerRatis.java:getRealPort(505)) - XceiverServerRatis c038e53c-4808-40a4-bcac-87a6adf6dbd8 is started using port 46879 for RATIS
2021-11-15 19:21:05,952 [EndpointStateMachine task thread for /0.0.0.0:44671 - 0 ] INFO  ratis.XceiverServerRatis (XceiverServerRatis.java:getRealPort(505)) - XceiverServerRatis c038e53c-4808-40a4-bcac-87a6adf6dbd8 is started using port 46879 for RATIS_ADMIN
2021-11-15 19:21:05,952 [EndpointStateMachine task thread for /0.0.0.0:44671 - 0 ] INFO  ratis.XceiverServerRatis (XceiverServerRatis.java:getRealPort(505)) - XceiverServerRatis c038e53c-4808-40a4-bcac-87a6adf6dbd8 is started using port 46879 for RATIS_SERVER
2021-11-15 19:21:05,959 [EndpointStateMachine task thread for /0.0.0.0:44671 - 0 ] INFO  server.XceiverServerGrpc (XceiverServerGrpc.java:start(135)) - XceiverServerGrpc c038e53c-4808-40a4-bcac-87a6adf6dbd8 is started using port 36917
2021-11-15 19:21:05,959 [org.apache.ratis.util.JvmPauseMonitor$$Lambda$531/1332130488@3fd9de1e] INFO  util.JvmPauseMonitor (JvmPauseMonitor.java:run(103)) - JvmPauseMonitor-c038e53c-4808-40a4-bcac-87a6adf6dbd8: Started
2021-11-15 19:21:06,225 [EndpointStateMachine task thread for /0.0.0.0:44671 - 0 ] INFO  ozoneimpl.OzoneContainer (OzoneContainer.java:start(304)) - Attempting to start container services.
2021-11-15 19:21:06,226 [EndpointStateMachine task thread for /0.0.0.0:44671 - 0 ] INFO  ozoneimpl.OzoneContainer (OzoneContainer.java:startContainerScrub(249)) - Background container scanner has been disabled.
2021-11-15 19:21:06,228 [EndpointStateMachine task thread for /0.0.0.0:44671 - 0 ] INFO  replication.ReplicationServer (ReplicationServer.java:start(107)) - ReplicationServer is started using port 40269
2021-11-15 19:21:06,229 [EndpointStateMachine task thread for /0.0.0.0:44671 - 0 ] INFO  ratis.XceiverServerRatis (XceiverServerRatis.java:start(484)) - Starting XceiverServerRatis bce623f1-3c31-45ef-9861-869f671ae311
2021-11-15 19:21:06,230 [EndpointStateMachine task thread for /0.0.0.0:44671 - 0 ] INFO  server.RaftServer (RaftServerProxy.java:lambda$start$5(374)) - bce623f1-3c31-45ef-9861-869f671ae311: start RPC server
2021-11-15 19:21:06,231 [EndpointStateMachine task thread for /0.0.0.0:44671 - 0 ] INFO  server.GrpcService (GrpcService.java:startImpl(253)) - bce623f1-3c31-45ef-9861-869f671ae311: GrpcService started, listening on 38881
2021-11-15 19:21:06,231 [EndpointStateMachine task thread for /0.0.0.0:44671 - 0 ] INFO  ratis.XceiverServerRatis (XceiverServerRatis.java:getRealPort(505)) - XceiverServerRatis bce623f1-3c31-45ef-9861-869f671ae311 is started using port 38881 for RATIS
2021-11-15 19:21:06,231 [EndpointStateMachine task thread for /0.0.0.0:44671 - 0 ] INFO  ratis.XceiverServerRatis (XceiverServerRatis.java:getRealPort(505)) - XceiverServerRatis bce623f1-3c31-45ef-9861-869f671ae311 is started using port 38881 for RATIS_ADMIN
2021-11-15 19:21:06,231 [EndpointStateMachine task thread for /0.0.0.0:44671 - 0 ] INFO  ratis.XceiverServerRatis (XceiverServerRatis.java:getRealPort(505)) - XceiverServerRatis bce623f1-3c31-45ef-9861-869f671ae311 is started using port 38881 for RATIS_SERVER
2021-11-15 19:21:06,232 [org.apache.ratis.util.JvmPauseMonitor$$Lambda$531/1332130488@3c4fbe2b] INFO  util.JvmPauseMonitor (JvmPauseMonitor.java:run(103)) - JvmPauseMonitor-bce623f1-3c31-45ef-9861-869f671ae311: Started
2021-11-15 19:21:06,232 [EndpointStateMachine task thread for /0.0.0.0:44671 - 0 ] INFO  server.XceiverServerGrpc (XceiverServerGrpc.java:start(135)) - XceiverServerGrpc bce623f1-3c31-45ef-9861-869f671ae311 is started using port 43405
2021-11-15 19:21:06,538 [Listener at 127.0.0.1/38415] INFO  ozone.MiniOzoneClusterImpl (MiniOzoneClusterImpl.java:lambda$waitForClusterToBeReady$0(235)) - Waiting for nodes to be ready. Got 0 of 7 DN Heartbeats.
2021-11-15 19:21:06,538 [Listener at 127.0.0.1/38415] INFO  ozone.MiniOzoneClusterImpl (MiniOzoneClusterImpl.java:lambda$waitForClusterToBeReady$0(238)) - Waiting for cluster to exit safe mode
2021-11-15 19:21:06,538 [Listener at 127.0.0.1/38415] INFO  ozone.MiniOzoneClusterImpl (MiniOzoneClusterImpl.java:lambda$waitForClusterToBeReady$0(240)) - SCM became leader
2021-11-15 19:21:06,739 [EndpointStateMachine task thread for /0.0.0.0:44671 - 0 ] INFO  ozoneimpl.OzoneContainer (OzoneContainer.java:start(304)) - Attempting to start container services.
2021-11-15 19:21:06,739 [EndpointStateMachine task thread for /0.0.0.0:44671 - 0 ] INFO  ozoneimpl.OzoneContainer (OzoneContainer.java:startContainerScrub(249)) - Background container scanner has been disabled.
2021-11-15 19:21:06,741 [EndpointStateMachine task thread for /0.0.0.0:44671 - 0 ] INFO  replication.ReplicationServer (ReplicationServer.java:start(107)) - ReplicationServer is started using port 34173
2021-11-15 19:21:06,742 [EndpointStateMachine task thread for /0.0.0.0:44671 - 0 ] INFO  ratis.XceiverServerRatis (XceiverServerRatis.java:start(484)) - Starting XceiverServerRatis 5f24cb3a-787a-4f69-a830-2d3d8b70745a
2021-11-15 19:21:06,744 [EndpointStateMachine task thread for /0.0.0.0:44671 - 0 ] INFO  server.RaftServer (RaftServerProxy.java:lambda$start$5(374)) - 5f24cb3a-787a-4f69-a830-2d3d8b70745a: start RPC server
2021-11-15 19:21:06,745 [EndpointStateMachine task thread for /0.0.0.0:44671 - 0 ] INFO  server.GrpcService (GrpcService.java:startImpl(253)) - 5f24cb3a-787a-4f69-a830-2d3d8b70745a: GrpcService started, listening on 34579
2021-11-15 19:21:06,745 [EndpointStateMachine task thread for /0.0.0.0:44671 - 0 ] INFO  ratis.XceiverServerRatis (XceiverServerRatis.java:getRealPort(505)) - XceiverServerRatis 5f24cb3a-787a-4f69-a830-2d3d8b70745a is started using port 34579 for RATIS
2021-11-15 19:21:06,745 [EndpointStateMachine task thread for /0.0.0.0:44671 - 0 ] INFO  ratis.XceiverServerRatis (XceiverServerRatis.java:getRealPort(505)) - XceiverServerRatis 5f24cb3a-787a-4f69-a830-2d3d8b70745a is started using port 34579 for RATIS_ADMIN
2021-11-15 19:21:06,746 [EndpointStateMachine task thread for /0.0.0.0:44671 - 0 ] INFO  ratis.XceiverServerRatis (XceiverServerRatis.java:getRealPort(505)) - XceiverServerRatis 5f24cb3a-787a-4f69-a830-2d3d8b70745a is started using port 34579 for RATIS_SERVER
2021-11-15 19:21:06,746 [org.apache.ratis.util.JvmPauseMonitor$$Lambda$531/1332130488@2efd2858] INFO  util.JvmPauseMonitor (JvmPauseMonitor.java:run(103)) - JvmPauseMonitor-5f24cb3a-787a-4f69-a830-2d3d8b70745a: Started
2021-11-15 19:21:06,748 [EndpointStateMachine task thread for /0.0.0.0:44671 - 0 ] INFO  server.XceiverServerGrpc (XceiverServerGrpc.java:start(135)) - XceiverServerGrpc 5f24cb3a-787a-4f69-a830-2d3d8b70745a is started using port 37973
2021-11-15 19:21:06,949 [EndpointStateMachine task thread for /0.0.0.0:44671 - 0 ] INFO  ozoneimpl.OzoneContainer (OzoneContainer.java:start(304)) - Attempting to start container services.
2021-11-15 19:21:06,949 [EndpointStateMachine task thread for /0.0.0.0:44671 - 0 ] INFO  ozoneimpl.OzoneContainer (OzoneContainer.java:startContainerScrub(249)) - Background container scanner has been disabled.
2021-11-15 19:21:06,951 [EndpointStateMachine task thread for /0.0.0.0:44671 - 0 ] INFO  replication.ReplicationServer (ReplicationServer.java:start(107)) - ReplicationServer is started using port 38157
2021-11-15 19:21:06,951 [EndpointStateMachine task thread for /0.0.0.0:44671 - 0 ] INFO  ratis.XceiverServerRatis (XceiverServerRatis.java:start(484)) - Starting XceiverServerRatis 1d1c653c-c24c-4f9f-93f8-363bcaedc7a6
2021-11-15 19:21:06,952 [EndpointStateMachine task thread for /0.0.0.0:44671 - 0 ] INFO  server.RaftServer (RaftServerProxy.java:lambda$start$5(374)) - 1d1c653c-c24c-4f9f-93f8-363bcaedc7a6: start RPC server
2021-11-15 19:21:06,953 [EndpointStateMachine task thread for /0.0.0.0:44671 - 0 ] INFO  server.GrpcService (GrpcService.java:startImpl(253)) - 1d1c653c-c24c-4f9f-93f8-363bcaedc7a6: GrpcService started, listening on 44043
2021-11-15 19:21:06,954 [EndpointStateMachine task thread for /0.0.0.0:44671 - 0 ] INFO  ratis.XceiverServerRatis (XceiverServerRatis.java:getRealPort(505)) - XceiverServerRatis 1d1c653c-c24c-4f9f-93f8-363bcaedc7a6 is started using port 44043 for RATIS
2021-11-15 19:21:06,954 [EndpointStateMachine task thread for /0.0.0.0:44671 - 0 ] INFO  ratis.XceiverServerRatis (XceiverServerRatis.java:getRealPort(505)) - XceiverServerRatis 1d1c653c-c24c-4f9f-93f8-363bcaedc7a6 is started using port 44043 for RATIS_ADMIN
2021-11-15 19:21:06,954 [EndpointStateMachine task thread for /0.0.0.0:44671 - 0 ] INFO  ratis.XceiverServerRatis (XceiverServerRatis.java:getRealPort(505)) - XceiverServerRatis 1d1c653c-c24c-4f9f-93f8-363bcaedc7a6 is started using port 44043 for RATIS_SERVER
2021-11-15 19:21:06,954 [org.apache.ratis.util.JvmPauseMonitor$$Lambda$531/1332130488@769c8291] INFO  util.JvmPauseMonitor (JvmPauseMonitor.java:run(103)) - JvmPauseMonitor-1d1c653c-c24c-4f9f-93f8-363bcaedc7a6: Started
2021-11-15 19:21:06,960 [EndpointStateMachine task thread for /0.0.0.0:44671 - 0 ] INFO  server.XceiverServerGrpc (XceiverServerGrpc.java:start(135)) - XceiverServerGrpc 1d1c653c-c24c-4f9f-93f8-363bcaedc7a6 is started using port 34479
2021-11-15 19:21:07,142 [EndpointStateMachine task thread for /0.0.0.0:44671 - 0 ] INFO  ozoneimpl.OzoneContainer (OzoneContainer.java:start(304)) - Attempting to start container services.
2021-11-15 19:21:07,142 [EndpointStateMachine task thread for /0.0.0.0:44671 - 0 ] INFO  ozoneimpl.OzoneContainer (OzoneContainer.java:startContainerScrub(249)) - Background container scanner has been disabled.
2021-11-15 19:21:07,144 [EndpointStateMachine task thread for /0.0.0.0:44671 - 0 ] INFO  replication.ReplicationServer (ReplicationServer.java:start(107)) - ReplicationServer is started using port 42181
2021-11-15 19:21:07,144 [EndpointStateMachine task thread for /0.0.0.0:44671 - 0 ] INFO  ratis.XceiverServerRatis (XceiverServerRatis.java:start(484)) - Starting XceiverServerRatis d87a46af-94f7-42aa-b022-652610ab08cb
2021-11-15 19:21:07,145 [EndpointStateMachine task thread for /0.0.0.0:44671 - 0 ] INFO  server.RaftServer (RaftServerProxy.java:lambda$start$5(374)) - d87a46af-94f7-42aa-b022-652610ab08cb: start RPC server
2021-11-15 19:21:07,146 [EndpointStateMachine task thread for /0.0.0.0:44671 - 0 ] INFO  server.GrpcService (GrpcService.java:startImpl(253)) - d87a46af-94f7-42aa-b022-652610ab08cb: GrpcService started, listening on 36541
2021-11-15 19:21:07,147 [EndpointStateMachine task thread for /0.0.0.0:44671 - 0 ] INFO  ratis.XceiverServerRatis (XceiverServerRatis.java:getRealPort(505)) - XceiverServerRatis d87a46af-94f7-42aa-b022-652610ab08cb is started using port 36541 for RATIS
2021-11-15 19:21:07,147 [EndpointStateMachine task thread for /0.0.0.0:44671 - 0 ] INFO  ratis.XceiverServerRatis (XceiverServerRatis.java:getRealPort(505)) - XceiverServerRatis d87a46af-94f7-42aa-b022-652610ab08cb is started using port 36541 for RATIS_ADMIN
2021-11-15 19:21:07,147 [EndpointStateMachine task thread for /0.0.0.0:44671 - 0 ] INFO  ratis.XceiverServerRatis (XceiverServerRatis.java:getRealPort(505)) - XceiverServerRatis d87a46af-94f7-42aa-b022-652610ab08cb is started using port 36541 for RATIS_SERVER
2021-11-15 19:21:07,147 [org.apache.ratis.util.JvmPauseMonitor$$Lambda$531/1332130488@4b10ba3d] INFO  util.JvmPauseMonitor (JvmPauseMonitor.java:run(103)) - JvmPauseMonitor-d87a46af-94f7-42aa-b022-652610ab08cb: Started
2021-11-15 19:21:07,149 [EndpointStateMachine task thread for /0.0.0.0:44671 - 0 ] INFO  server.XceiverServerGrpc (XceiverServerGrpc.java:start(135)) - XceiverServerGrpc d87a46af-94f7-42aa-b022-652610ab08cb is started using port 40489
2021-11-15 19:21:07,353 [EndpointStateMachine task thread for /0.0.0.0:44671 - 0 ] INFO  ozoneimpl.OzoneContainer (OzoneContainer.java:start(304)) - Attempting to start container services.
2021-11-15 19:21:07,353 [EndpointStateMachine task thread for /0.0.0.0:44671 - 0 ] INFO  ozoneimpl.OzoneContainer (OzoneContainer.java:startContainerScrub(249)) - Background container scanner has been disabled.
2021-11-15 19:21:07,356 [EndpointStateMachine task thread for /0.0.0.0:44671 - 0 ] INFO  replication.ReplicationServer (ReplicationServer.java:start(107)) - ReplicationServer is started using port 33017
2021-11-15 19:21:07,357 [EndpointStateMachine task thread for /0.0.0.0:44671 - 0 ] INFO  ratis.XceiverServerRatis (XceiverServerRatis.java:start(484)) - Starting XceiverServerRatis 72af5abb-0a78-4b64-9517-3021125997b8
2021-11-15 19:21:07,360 [EndpointStateMachine task thread for /0.0.0.0:44671 - 0 ] INFO  server.RaftServer (RaftServerProxy.java:lambda$start$5(374)) - 72af5abb-0a78-4b64-9517-3021125997b8: start RPC server
2021-11-15 19:21:07,362 [EndpointStateMachine task thread for /0.0.0.0:44671 - 0 ] INFO  server.GrpcService (GrpcService.java:startImpl(253)) - 72af5abb-0a78-4b64-9517-3021125997b8: GrpcService started, listening on 45855
2021-11-15 19:21:07,362 [EndpointStateMachine task thread for /0.0.0.0:44671 - 0 ] INFO  ratis.XceiverServerRatis (XceiverServerRatis.java:getRealPort(505)) - XceiverServerRatis 72af5abb-0a78-4b64-9517-3021125997b8 is started using port 45855 for RATIS
2021-11-15 19:21:07,362 [EndpointStateMachine task thread for /0.0.0.0:44671 - 0 ] INFO  ratis.XceiverServerRatis (XceiverServerRatis.java:getRealPort(505)) - XceiverServerRatis 72af5abb-0a78-4b64-9517-3021125997b8 is started using port 45855 for RATIS_ADMIN
2021-11-15 19:21:07,362 [EndpointStateMachine task thread for /0.0.0.0:44671 - 0 ] INFO  ratis.XceiverServerRatis (XceiverServerRatis.java:getRealPort(505)) - XceiverServerRatis 72af5abb-0a78-4b64-9517-3021125997b8 is started using port 45855 for RATIS_SERVER
2021-11-15 19:21:07,362 [org.apache.ratis.util.JvmPauseMonitor$$Lambda$531/1332130488@9bb4ab9] INFO  util.JvmPauseMonitor (JvmPauseMonitor.java:run(103)) - JvmPauseMonitor-72af5abb-0a78-4b64-9517-3021125997b8: Started
2021-11-15 19:21:07,363 [EndpointStateMachine task thread for /0.0.0.0:44671 - 0 ] INFO  server.XceiverServerGrpc (XceiverServerGrpc.java:start(135)) - XceiverServerGrpc 72af5abb-0a78-4b64-9517-3021125997b8 is started using port 38721
2021-11-15 19:21:07,538 [Listener at 127.0.0.1/38415] INFO  ozone.MiniOzoneClusterImpl (MiniOzoneClusterImpl.java:lambda$waitForClusterToBeReady$0(235)) - Waiting for nodes to be ready. Got 0 of 7 DN Heartbeats.
2021-11-15 19:21:07,539 [Listener at 127.0.0.1/38415] INFO  ozone.MiniOzoneClusterImpl (MiniOzoneClusterImpl.java:lambda$waitForClusterToBeReady$0(238)) - Waiting for cluster to exit safe mode
2021-11-15 19:21:07,539 [Listener at 127.0.0.1/38415] INFO  ozone.MiniOzoneClusterImpl (MiniOzoneClusterImpl.java:lambda$waitForClusterToBeReady$0(240)) - SCM became leader
2021-11-15 19:21:07,553 [EndpointStateMachine task thread for /0.0.0.0:44671 - 0 ] INFO  ozoneimpl.OzoneContainer (OzoneContainer.java:start(304)) - Attempting to start container services.
2021-11-15 19:21:07,555 [EndpointStateMachine task thread for /0.0.0.0:44671 - 0 ] INFO  ozoneimpl.OzoneContainer (OzoneContainer.java:startContainerScrub(249)) - Background container scanner has been disabled.
2021-11-15 19:21:07,561 [EndpointStateMachine task thread for /0.0.0.0:44671 - 0 ] INFO  replication.ReplicationServer (ReplicationServer.java:start(107)) - ReplicationServer is started using port 33023
2021-11-15 19:21:07,562 [EndpointStateMachine task thread for /0.0.0.0:44671 - 0 ] INFO  ratis.XceiverServerRatis (XceiverServerRatis.java:start(484)) - Starting XceiverServerRatis 087c2b0c-5b45-457f-ac23-38cb521b1b9c
2021-11-15 19:21:07,562 [EndpointStateMachine task thread for /0.0.0.0:44671 - 0 ] INFO  server.RaftServer (RaftServerProxy.java:lambda$start$5(374)) - 087c2b0c-5b45-457f-ac23-38cb521b1b9c: start RPC server
2021-11-15 19:21:07,564 [EndpointStateMachine task thread for /0.0.0.0:44671 - 0 ] INFO  server.GrpcService (GrpcService.java:startImpl(253)) - 087c2b0c-5b45-457f-ac23-38cb521b1b9c: GrpcService started, listening on 32799
2021-11-15 19:21:07,564 [EndpointStateMachine task thread for /0.0.0.0:44671 - 0 ] INFO  ratis.XceiverServerRatis (XceiverServerRatis.java:getRealPort(505)) - XceiverServerRatis 087c2b0c-5b45-457f-ac23-38cb521b1b9c is started using port 32799 for RATIS
2021-11-15 19:21:07,564 [org.apache.ratis.util.JvmPauseMonitor$$Lambda$531/1332130488@2b57d1ae] INFO  util.JvmPauseMonitor (JvmPauseMonitor.java:run(103)) - JvmPauseMonitor-087c2b0c-5b45-457f-ac23-38cb521b1b9c: Started
2021-11-15 19:21:07,564 [EndpointStateMachine task thread for /0.0.0.0:44671 - 0 ] INFO  ratis.XceiverServerRatis (XceiverServerRatis.java:getRealPort(505)) - XceiverServerRatis 087c2b0c-5b45-457f-ac23-38cb521b1b9c is started using port 32799 for RATIS_ADMIN
2021-11-15 19:21:07,564 [EndpointStateMachine task thread for /0.0.0.0:44671 - 0 ] INFO  ratis.XceiverServerRatis (XceiverServerRatis.java:getRealPort(505)) - XceiverServerRatis 087c2b0c-5b45-457f-ac23-38cb521b1b9c is started using port 32799 for RATIS_SERVER
2021-11-15 19:21:07,565 [EndpointStateMachine task thread for /0.0.0.0:44671 - 0 ] INFO  server.XceiverServerGrpc (XceiverServerGrpc.java:start(135)) - XceiverServerGrpc 087c2b0c-5b45-457f-ac23-38cb521b1b9c is started using port 33851
2021-11-15 19:21:07,902 [IPC Server handler 3 on default port 44671] INFO  net.NetworkTopologyImpl (NetworkTopologyImpl.java:add(112)) - Added a new node: /default-rack/c038e53c-4808-40a4-bcac-87a6adf6dbd8
2021-11-15 19:21:07,904 [IPC Server handler 3 on default port 44671] INFO  node.SCMNodeManager (SCMNodeManager.java:register(389)) - Registered Data node : c038e53c-4808-40a4-bcac-87a6adf6dbd8{ip: 10.1.0.16, host: fv-az151-339.yf2hydr00wburbhx3j5hxtcipe.bx.internal.cloudapp.net, ports: [REPLICATION=44751, RATIS=46879, RATIS_ADMIN=46879, RATIS_SERVER=46879, STANDALONE=36917], networkLocation: /default-rack, certSerialId: null, persistedOpState: null, persistedOpStateExpiryEpochSec: 0}
2021-11-15 19:21:07,907 [EventQueue-NewNodeForNewNodeHandler] INFO  pipeline.BackgroundPipelineCreator (BackgroundPipelineCreator.java:notifyEventTriggered(285)) - trigger a one-shot run on RatisPipelineUtilsThread.
2021-11-15 19:21:07,914 [EventQueue-NodeRegistrationContainerReportForDataNodeSafeModeRule] INFO  safemode.SCMSafeModeManager (DataNodeSafeModeRule.java:process(71)) - SCM in safe mode. 1 DataNodes registered, 3 required.
2021-11-15 19:21:07,920 [EventQueue-NodeRegistrationContainerReportForContainerSafeModeRule] INFO  safemode.SCMSafeModeManager (SCMSafeModeManager.java:validateSafeModeExitRules(204)) - ContainerSafeModeRule rule is successfully validated
2021-11-15 19:21:07,920 [RatisPipelineUtilsThread - 0] INFO  pipeline.RatisPipelineProvider (RatisPipelineProvider.java:lambda$create$0(183)) - Sending CreatePipelineCommand for pipeline:PipelineID=d55c095a-c301-4040-a45b-284d524b4e6f to datanode:c038e53c-4808-40a4-bcac-87a6adf6dbd8
2021-11-15 19:21:07,920 [EventQueue-PipelineReportForOneReplicaPipelineSafeModeRule] INFO  safemode.SCMSafeModeManager (SCMSafeModeManager.java:validateSafeModeExitRules(204)) - AtleastOneDatanodeReportedRule rule is successfully validated
2021-11-15 19:21:07,928 [RatisPipelineUtilsThread - 0] INFO  pipeline.PipelineStateManagerImpl (PipelineStateManagerImpl.java:addPipeline(101)) - Created pipeline Pipeline[ Id: d55c095a-c301-4040-a45b-284d524b4e6f, Nodes: c038e53c-4808-40a4-bcac-87a6adf6dbd8{ip: 10.1.0.16, host: fv-az151-339.yf2hydr00wburbhx3j5hxtcipe.bx.internal.cloudapp.net, ports: [REPLICATION=44751, RATIS=46879, RATIS_ADMIN=46879, RATIS_SERVER=46879, STANDALONE=36917], networkLocation: /default-rack, certSerialId: null, persistedOpState: IN_SERVICE, persistedOpStateExpiryEpochSec: 0}, ReplicationConfig: RATIS/ONE, State:ALLOCATED, leaderId:, CreationTimestamp2021-11-15T19:21:07.917Z[Etc/UTC]].
2021-11-15 19:21:08,223 [IPC Server handler 1 on default port 44671] INFO  net.NetworkTopologyImpl (NetworkTopologyImpl.java:add(112)) - Added a new node: /default-rack/bce623f1-3c31-45ef-9861-869f671ae311
2021-11-15 19:21:08,223 [IPC Server handler 1 on default port 44671] INFO  node.SCMNodeManager (SCMNodeManager.java:register(389)) - Registered Data node : bce623f1-3c31-45ef-9861-869f671ae311{ip: 10.1.0.16, host: fv-az151-339.yf2hydr00wburbhx3j5hxtcipe.bx.internal.cloudapp.net, ports: [REPLICATION=40269, RATIS=38881, RATIS_ADMIN=38881, RATIS_SERVER=38881, STANDALONE=43405], networkLocation: /default-rack, certSerialId: null, persistedOpState: null, persistedOpStateExpiryEpochSec: 0}
2021-11-15 19:21:08,224 [EventQueue-NewNodeForNewNodeHandler] INFO  pipeline.BackgroundPipelineCreator (BackgroundPipelineCreator.java:notifyEventTriggered(285)) - trigger a one-shot run on RatisPipelineUtilsThread.
2021-11-15 19:21:08,228 [EventQueue-NodeRegistrationContainerReportForDataNodeSafeModeRule] INFO  safemode.SCMSafeModeManager (DataNodeSafeModeRule.java:process(71)) - SCM in safe mode. 2 DataNodes registered, 3 required.
2021-11-15 19:21:08,229 [RatisPipelineUtilsThread - 0] INFO  pipeline.RatisPipelineProvider (RatisPipelineProvider.java:lambda$create$0(183)) - Sending CreatePipelineCommand for pipeline:PipelineID=cb4ced81-55c2-466a-a183-60cd51394f2c to datanode:bce623f1-3c31-45ef-9861-869f671ae311
2021-11-15 19:21:08,229 [RatisPipelineUtilsThread - 0] INFO  pipeline.PipelineStateManagerImpl (PipelineStateManagerImpl.java:addPipeline(101)) - Created pipeline Pipeline[ Id: cb4ced81-55c2-466a-a183-60cd51394f2c, Nodes: bce623f1-3c31-45ef-9861-869f671ae311{ip: 10.1.0.16, host: fv-az151-339.yf2hydr00wburbhx3j5hxtcipe.bx.internal.cloudapp.net, ports: [REPLICATION=40269, RATIS=38881, RATIS_ADMIN=38881, RATIS_SERVER=38881, STANDALONE=43405], networkLocation: /default-rack, certSerialId: null, persistedOpState: IN_SERVICE, persistedOpStateExpiryEpochSec: 0}, ReplicationConfig: RATIS/ONE, State:ALLOCATED, leaderId:, CreationTimestamp2021-11-15T19:21:08.229Z[Etc/UTC]].
2021-11-15 19:21:08,539 [Listener at 127.0.0.1/38415] INFO  ozone.MiniOzoneClusterImpl (MiniOzoneClusterImpl.java:lambda$waitForClusterToBeReady$0(235)) - Waiting for nodes to be ready. Got 2 of 7 DN Heartbeats.
2021-11-15 19:21:08,539 [Listener at 127.0.0.1/38415] INFO  ozone.MiniOzoneClusterImpl (MiniOzoneClusterImpl.java:lambda$waitForClusterToBeReady$0(238)) - Waiting for cluster to exit safe mode
2021-11-15 19:21:08,539 [Listener at 127.0.0.1/38415] INFO  ozone.MiniOzoneClusterImpl (MiniOzoneClusterImpl.java:lambda$waitForClusterToBeReady$0(240)) - SCM became leader
2021-11-15 19:21:08,734 [IPC Server handler 3 on default port 44671] INFO  net.NetworkTopologyImpl (NetworkTopologyImpl.java:add(112)) - Added a new node: /default-rack/5f24cb3a-787a-4f69-a830-2d3d8b70745a
2021-11-15 19:21:08,735 [IPC Server handler 3 on default port 44671] INFO  node.SCMNodeManager (SCMNodeManager.java:register(389)) - Registered Data node : 5f24cb3a-787a-4f69-a830-2d3d8b70745a{ip: 10.1.0.16, host: fv-az151-339.yf2hydr00wburbhx3j5hxtcipe.bx.internal.cloudapp.net, ports: [REPLICATION=34173, RATIS=34579, RATIS_ADMIN=34579, RATIS_SERVER=34579, STANDALONE=37973], networkLocation: /default-rack, certSerialId: null, persistedOpState: null, persistedOpStateExpiryEpochSec: 0}
2021-11-15 19:21:08,735 [EventQueue-NewNodeForNewNodeHandler] INFO  pipeline.BackgroundPipelineCreator (BackgroundPipelineCreator.java:notifyEventTriggered(285)) - trigger a one-shot run on RatisPipelineUtilsThread.
2021-11-15 19:21:08,736 [EventQueue-NodeRegistrationContainerReportForDataNodeSafeModeRule] INFO  safemode.SCMSafeModeManager (DataNodeSafeModeRule.java:process(71)) - SCM in safe mode. 3 DataNodes registered, 3 required.
2021-11-15 19:21:08,737 [EventQueue-NodeRegistrationContainerReportForDataNodeSafeModeRule] INFO  safemode.SCMSafeModeManager (SCMSafeModeManager.java:validateSafeModeExitRules(204)) - DataNodeSafeModeRule rule is successfully validated
2021-11-15 19:21:08,737 [EventQueue-NodeRegistrationContainerReportForDataNodeSafeModeRule] INFO  safemode.SCMSafeModeManager (SCMSafeModeManager.java:completePreCheck(233)) - All SCM safe mode pre check rules have passed
2021-11-15 19:21:08,737 [EventQueue-NodeRegistrationContainerReportForDataNodeSafeModeRule] WARN  events.EventQueue (EventQueue.java:fireEvent(194)) - No event handler registered for event TypedEvent{payloadType=SafeModeStatus, name='Safe mode status'}
2021-11-15 19:21:08,737 [EventQueue-NodeRegistrationContainerReportForDataNodeSafeModeRule] INFO  ha.SCMContext (SCMContext.java:updateSafeModeStatus(205)) - Update SafeModeStatus from SafeModeStatus{safeModeStatus=true, preCheckPassed=false} to SafeModeStatus{safeModeStatus=true, preCheckPassed=true}.
2021-11-15 19:21:08,737 [EventQueue-NodeRegistrationContainerReportForDataNodeSafeModeRule] INFO  pipeline.BackgroundPipelineCreator (BackgroundPipelineCreator.java:notifyEventTriggered(285)) - trigger a one-shot run on RatisPipelineUtilsThread.
2021-11-15 19:21:08,737 [RatisPipelineUtilsThread - 0] INFO  pipeline.RatisPipelineProvider (RatisPipelineProvider.java:lambda$create$0(183)) - Sending CreatePipelineCommand for pipeline:PipelineID=afdadf34-f482-47b6-b37b-e9b8733c2d53 to datanode:5f24cb3a-787a-4f69-a830-2d3d8b70745a
2021-11-15 19:21:08,737 [RatisPipelineUtilsThread - 0] INFO  pipeline.PipelineStateManagerImpl (PipelineStateManagerImpl.java:addPipeline(101)) - Created pipeline Pipeline[ Id: afdadf34-f482-47b6-b37b-e9b8733c2d53, Nodes: 5f24cb3a-787a-4f69-a830-2d3d8b70745a{ip: 10.1.0.16, host: fv-az151-339.yf2hydr00wburbhx3j5hxtcipe.bx.internal.cloudapp.net, ports: [REPLICATION=34173, RATIS=34579, RATIS_ADMIN=34579, RATIS_SERVER=34579, STANDALONE=37973], networkLocation: /default-rack, certSerialId: null, persistedOpState: IN_SERVICE, persistedOpStateExpiryEpochSec: 0}, ReplicationConfig: RATIS/ONE, State:ALLOCATED, leaderId:, CreationTimestamp2021-11-15T19:21:08.737Z[Etc/UTC]].
2021-11-15 19:21:08,741 [RatisPipelineUtilsThread - 0] INFO  pipeline.RatisPipelineProvider (RatisPipelineProvider.java:lambda$create$0(183)) - Sending CreatePipelineCommand for pipeline:PipelineID=430698ac-9a5d-4310-9d5d-9b0d820938df to datanode:c038e53c-4808-40a4-bcac-87a6adf6dbd8
2021-11-15 19:21:08,741 [RatisPipelineUtilsThread - 0] INFO  pipeline.RatisPipelineProvider (RatisPipelineProvider.java:lambda$create$0(183)) - Sending CreatePipelineCommand for pipeline:PipelineID=430698ac-9a5d-4310-9d5d-9b0d820938df to datanode:5f24cb3a-787a-4f69-a830-2d3d8b70745a
2021-11-15 19:21:08,742 [RatisPipelineUtilsThread - 0] INFO  pipeline.RatisPipelineProvider (RatisPipelineProvider.java:lambda$create$0(183)) - Sending CreatePipelineCommand for pipeline:PipelineID=430698ac-9a5d-4310-9d5d-9b0d820938df to datanode:bce623f1-3c31-45ef-9861-869f671ae311
2021-11-15 19:21:08,742 [RatisPipelineUtilsThread - 0] INFO  pipeline.PipelineStateManagerImpl (PipelineStateManagerImpl.java:addPipeline(101)) - Created pipeline Pipeline[ Id: 430698ac-9a5d-4310-9d5d-9b0d820938df, Nodes: c038e53c-4808-40a4-bcac-87a6adf6dbd8{ip: 10.1.0.16, host: fv-az151-339.yf2hydr00wburbhx3j5hxtcipe.bx.internal.cloudapp.net, ports: [REPLICATION=44751, RATIS=46879, RATIS_ADMIN=46879, RATIS_SERVER=46879, STANDALONE=36917], networkLocation: /default-rack, certSerialId: null, persistedOpState: IN_SERVICE, persistedOpStateExpiryEpochSec: 0}5f24cb3a-787a-4f69-a830-2d3d8b70745a{ip: 10.1.0.16, host: fv-az151-339.yf2hydr00wburbhx3j5hxtcipe.bx.internal.cloudapp.net, ports: [REPLICATION=34173, RATIS=34579, RATIS_ADMIN=34579, RATIS_SERVER=34579, STANDALONE=37973], networkLocation: /default-rack, certSerialId: null, persistedOpState: IN_SERVICE, persistedOpStateExpiryEpochSec: 0}bce623f1-3c31-45ef-9861-869f671ae311{ip: 10.1.0.16, host: fv-az151-339.yf2hydr00wburbhx3j5hxtcipe.bx.internal.cloudapp.net, ports: [REPLICATION=40269, RATIS=38881, RATIS_ADMIN=38881, RATIS_SERVER=38881, STANDALONE=43405], networkLocation: /default-rack, certSerialId: null, persistedOpState: IN_SERVICE, persistedOpStateExpiryEpochSec: 0}, ReplicationConfig: RATIS/THREE, State:ALLOCATED, leaderId:, CreationTimestamp2021-11-15T19:21:08.741Z[Etc/UTC]].
2021-11-15 19:21:08,743 [RatisPipelineUtilsThread - 0] INFO  pipeline.RatisPipelineProvider (RatisPipelineProvider.java:lambda$create$0(183)) - Sending CreatePipelineCommand for pipeline:PipelineID=35d75f5e-aa39-420d-bbb8-3123cd3c107d to datanode:bce623f1-3c31-45ef-9861-869f671ae311
2021-11-15 19:21:08,744 [RatisPipelineUtilsThread - 0] INFO  pipeline.RatisPipelineProvider (RatisPipelineProvider.java:lambda$create$0(183)) - Sending CreatePipelineCommand for pipeline:PipelineID=35d75f5e-aa39-420d-bbb8-3123cd3c107d to datanode:5f24cb3a-787a-4f69-a830-2d3d8b70745a
2021-11-15 19:21:08,744 [RatisPipelineUtilsThread - 0] INFO  pipeline.RatisPipelineProvider (RatisPipelineProvider.java:lambda$create$0(183)) - Sending CreatePipelineCommand for pipeline:PipelineID=35d75f5e-aa39-420d-bbb8-3123cd3c107d to datanode:c038e53c-4808-40a4-bcac-87a6adf6dbd8
2021-11-15 19:21:08,745 [RatisPipelineUtilsThread - 0] INFO  pipeline.PipelineStateManagerImpl (PipelineStateManagerImpl.java:addPipeline(101)) - Created pipeline Pipeline[ Id: 35d75f5e-aa39-420d-bbb8-3123cd3c107d, Nodes: bce623f1-3c31-45ef-9861-869f671ae311{ip: 10.1.0.16, host: fv-az151-339.yf2hydr00wburbhx3j5hxtcipe.bx.internal.cloudapp.net, ports: [REPLICATION=40269, RATIS=38881, RATIS_ADMIN=38881, RATIS_SERVER=38881, STANDALONE=43405], networkLocation: /default-rack, certSerialId: null, persistedOpState: IN_SERVICE, persistedOpStateExpiryEpochSec: 0}5f24cb3a-787a-4f69-a830-2d3d8b70745a{ip: 10.1.0.16, host: fv-az151-339.yf2hydr00wburbhx3j5hxtcipe.bx.internal.cloudapp.net, ports: [REPLICATION=34173, RATIS=34579, RATIS_ADMIN=34579, RATIS_SERVER=34579, STANDALONE=37973], networkLocation: /default-rack, certSerialId: null, persistedOpState: IN_SERVICE, persistedOpStateExpiryEpochSec: 0}c038e53c-4808-40a4-bcac-87a6adf6dbd8{ip: 10.1.0.16, host: fv-az151-339.yf2hydr00wburbhx3j5hxtcipe.bx.internal.cloudapp.net, ports: [REPLICATION=44751, RATIS=46879, RATIS_ADMIN=46879, RATIS_SERVER=46879, STANDALONE=36917], networkLocation: /default-rack, certSerialId: null, persistedOpState: IN_SERVICE, persistedOpStateExpiryEpochSec: 0}, ReplicationConfig: RATIS/THREE, State:ALLOCATED, leaderId:, CreationTimestamp2021-11-15T19:21:08.743Z[Etc/UTC]].
2021-11-15 19:21:08,745 [RatisPipelineUtilsThread - 0] INFO  pipeline.PipelineManagerImpl (PipelineManagerImpl.java:recordMetricsForPipeline(620)) - Pipeline: PipelineID=35d75f5e-aa39-420d-bbb8-3123cd3c107d contains same datanodes as previous pipelines: PipelineID=430698ac-9a5d-4310-9d5d-9b0d820938df nodeIds: bce623f1-3c31-45ef-9861-869f671ae311, 5f24cb3a-787a-4f69-a830-2d3d8b70745a, c038e53c-4808-40a4-bcac-87a6adf6dbd8
2021-11-15 19:21:08,944 [IPC Server handler 4 on default port 44671] INFO  net.NetworkTopologyImpl (NetworkTopologyImpl.java:add(112)) - Added a new node: /default-rack/1d1c653c-c24c-4f9f-93f8-363bcaedc7a6
2021-11-15 19:21:08,945 [IPC Server handler 4 on default port 44671] INFO  node.SCMNodeManager (SCMNodeManager.java:register(389)) - Registered Data node : 1d1c653c-c24c-4f9f-93f8-363bcaedc7a6{ip: 10.1.0.16, host: fv-az151-339.yf2hydr00wburbhx3j5hxtcipe.bx.internal.cloudapp.net, ports: [REPLICATION=38157, RATIS=44043, RATIS_ADMIN=44043, RATIS_SERVER=44043, STANDALONE=34479], networkLocation: /default-rack, certSerialId: null, persistedOpState: null, persistedOpStateExpiryEpochSec: 0}
2021-11-15 19:21:08,945 [EventQueue-NewNodeForNewNodeHandler] INFO  pipeline.BackgroundPipelineCreator (BackgroundPipelineCreator.java:notifyEventTriggered(285)) - trigger a one-shot run on RatisPipelineUtilsThread.
2021-11-15 19:21:08,946 [RatisPipelineUtilsThread - 0] INFO  pipeline.RatisPipelineProvider (RatisPipelineProvider.java:lambda$create$0(183)) - Sending CreatePipelineCommand for pipeline:PipelineID=6d4605b9-3d7e-4b83-bb0d-82c3bff6ec3d to datanode:1d1c653c-c24c-4f9f-93f8-363bcaedc7a6
2021-11-15 19:21:08,947 [RatisPipelineUtilsThread - 0] INFO  pipeline.PipelineStateManagerImpl (PipelineStateManagerImpl.java:addPipeline(101)) - Created pipeline Pipeline[ Id: 6d4605b9-3d7e-4b83-bb0d-82c3bff6ec3d, Nodes: 1d1c653c-c24c-4f9f-93f8-363bcaedc7a6{ip: 10.1.0.16, host: fv-az151-339.yf2hydr00wburbhx3j5hxtcipe.bx.internal.cloudapp.net, ports: [REPLICATION=38157, RATIS=44043, RATIS_ADMIN=44043, RATIS_SERVER=44043, STANDALONE=34479], networkLocation: /default-rack, certSerialId: null, persistedOpState: IN_SERVICE, persistedOpStateExpiryEpochSec: 0}, ReplicationConfig: RATIS/ONE, State:ALLOCATED, leaderId:, CreationTimestamp2021-11-15T19:21:08.946Z[Etc/UTC]].
2021-11-15 19:21:09,139 [IPC Server handler 0 on default port 44671] INFO  net.NetworkTopologyImpl (NetworkTopologyImpl.java:add(112)) - Added a new node: /default-rack/d87a46af-94f7-42aa-b022-652610ab08cb
2021-11-15 19:21:09,139 [IPC Server handler 0 on default port 44671] INFO  node.SCMNodeManager (SCMNodeManager.java:register(389)) - Registered Data node : d87a46af-94f7-42aa-b022-652610ab08cb{ip: 10.1.0.16, host: fv-az151-339.yf2hydr00wburbhx3j5hxtcipe.bx.internal.cloudapp.net, ports: [REPLICATION=42181, RATIS=36541, RATIS_ADMIN=36541, RATIS_SERVER=36541, STANDALONE=40489], networkLocation: /default-rack, certSerialId: null, persistedOpState: null, persistedOpStateExpiryEpochSec: 0}
2021-11-15 19:21:09,139 [EventQueue-NewNodeForNewNodeHandler] INFO  pipeline.BackgroundPipelineCreator (BackgroundPipelineCreator.java:notifyEventTriggered(285)) - trigger a one-shot run on RatisPipelineUtilsThread.
2021-11-15 19:21:09,141 [RatisPipelineUtilsThread - 0] INFO  pipeline.RatisPipelineProvider (RatisPipelineProvider.java:lambda$create$0(183)) - Sending CreatePipelineCommand for pipeline:PipelineID=46048c11-004b-4b6b-9774-b749a3b4ac58 to datanode:d87a46af-94f7-42aa-b022-652610ab08cb
2021-11-15 19:21:09,142 [RatisPipelineUtilsThread - 0] INFO  pipeline.PipelineStateManagerImpl (PipelineStateManagerImpl.java:addPipeline(101)) - Created pipeline Pipeline[ Id: 46048c11-004b-4b6b-9774-b749a3b4ac58, Nodes: d87a46af-94f7-42aa-b022-652610ab08cb{ip: 10.1.0.16, host: fv-az151-339.yf2hydr00wburbhx3j5hxtcipe.bx.internal.cloudapp.net, ports: [REPLICATION=42181, RATIS=36541, RATIS_ADMIN=36541, RATIS_SERVER=36541, STANDALONE=40489], networkLocation: /default-rack, certSerialId: null, persistedOpState: IN_SERVICE, persistedOpStateExpiryEpochSec: 0}, ReplicationConfig: RATIS/ONE, State:ALLOCATED, leaderId:, CreationTimestamp2021-11-15T19:21:09.141Z[Etc/UTC]].
2021-11-15 19:21:09,348 [IPC Server handler 2 on default port 44671] INFO  net.NetworkTopologyImpl (NetworkTopologyImpl.java:add(112)) - Added a new node: /default-rack/72af5abb-0a78-4b64-9517-3021125997b8
2021-11-15 19:21:09,349 [IPC Server handler 2 on default port 44671] INFO  node.SCMNodeManager (SCMNodeManager.java:register(389)) - Registered Data node : 72af5abb-0a78-4b64-9517-3021125997b8{ip: 10.1.0.16, host: fv-az151-339.yf2hydr00wburbhx3j5hxtcipe.bx.internal.cloudapp.net, ports: [REPLICATION=33017, RATIS=45855, RATIS_ADMIN=45855, RATIS_SERVER=45855, STANDALONE=38721], networkLocation: /default-rack, certSerialId: null, persistedOpState: null, persistedOpStateExpiryEpochSec: 0}
2021-11-15 19:21:09,349 [EventQueue-NewNodeForNewNodeHandler] INFO  pipeline.BackgroundPipelineCreator (BackgroundPipelineCreator.java:notifyEventTriggered(285)) - trigger a one-shot run on RatisPipelineUtilsThread.
2021-11-15 19:21:09,351 [RatisPipelineUtilsThread - 0] INFO  pipeline.RatisPipelineProvider (RatisPipelineProvider.java:lambda$create$0(183)) - Sending CreatePipelineCommand for pipeline:PipelineID=836c2ec7-88bd-49ae-8ce0-45bd587a8a14 to datanode:72af5abb-0a78-4b64-9517-3021125997b8
2021-11-15 19:21:09,352 [RatisPipelineUtilsThread - 0] INFO  pipeline.PipelineStateManagerImpl (PipelineStateManagerImpl.java:addPipeline(101)) - Created pipeline Pipeline[ Id: 836c2ec7-88bd-49ae-8ce0-45bd587a8a14, Nodes: 72af5abb-0a78-4b64-9517-3021125997b8{ip: 10.1.0.16, host: fv-az151-339.yf2hydr00wburbhx3j5hxtcipe.bx.internal.cloudapp.net, ports: [REPLICATION=33017, RATIS=45855, RATIS_ADMIN=45855, RATIS_SERVER=45855, STANDALONE=38721], networkLocation: /default-rack, certSerialId: null, persistedOpState: IN_SERVICE, persistedOpStateExpiryEpochSec: 0}, ReplicationConfig: RATIS/ONE, State:ALLOCATED, leaderId:, CreationTimestamp2021-11-15T19:21:09.351Z[Etc/UTC]].
2021-11-15 19:21:09,353 [RatisPipelineUtilsThread - 0] INFO  pipeline.RatisPipelineProvider (RatisPipelineProvider.java:lambda$create$0(183)) - Sending CreatePipelineCommand for pipeline:PipelineID=9084c998-2231-478f-90fe-7123d4b11fd3 to datanode:d87a46af-94f7-42aa-b022-652610ab08cb
2021-11-15 19:21:09,354 [RatisPipelineUtilsThread - 0] INFO  pipeline.RatisPipelineProvider (RatisPipelineProvider.java:lambda$create$0(183)) - Sending CreatePipelineCommand for pipeline:PipelineID=9084c998-2231-478f-90fe-7123d4b11fd3 to datanode:72af5abb-0a78-4b64-9517-3021125997b8
2021-11-15 19:21:09,354 [RatisPipelineUtilsThread - 0] INFO  pipeline.RatisPipelineProvider (RatisPipelineProvider.java:lambda$create$0(183)) - Sending CreatePipelineCommand for pipeline:PipelineID=9084c998-2231-478f-90fe-7123d4b11fd3 to datanode:1d1c653c-c24c-4f9f-93f8-363bcaedc7a6
2021-11-15 19:21:09,355 [RatisPipelineUtilsThread - 0] INFO  pipeline.PipelineStateManagerImpl (PipelineStateManagerImpl.java:addPipeline(101)) - Created pipeline Pipeline[ Id: 9084c998-2231-478f-90fe-7123d4b11fd3, Nodes: d87a46af-94f7-42aa-b022-652610ab08cb{ip: 10.1.0.16, host: fv-az151-339.yf2hydr00wburbhx3j5hxtcipe.bx.internal.cloudapp.net, ports: [REPLICATION=42181, RATIS=36541, RATIS_ADMIN=36541, RATIS_SERVER=36541, STANDALONE=40489], networkLocation: /default-rack, certSerialId: null, persistedOpState: IN_SERVICE, persistedOpStateExpiryEpochSec: 0}72af5abb-0a78-4b64-9517-3021125997b8{ip: 10.1.0.16, host: fv-az151-339.yf2hydr00wburbhx3j5hxtcipe.bx.internal.cloudapp.net, ports: [REPLICATION=33017, RATIS=45855, RATIS_ADMIN=45855, RATIS_SERVER=45855, STANDALONE=38721], networkLocation: /default-rack, certSerialId: null, persistedOpState: IN_SERVICE, persistedOpStateExpiryEpochSec: 0}1d1c653c-c24c-4f9f-93f8-363bcaedc7a6{ip: 10.1.0.16, host: fv-az151-339.yf2hydr00wburbhx3j5hxtcipe.bx.internal.cloudapp.net, ports: [REPLICATION=38157, RATIS=44043, RATIS_ADMIN=44043, RATIS_SERVER=44043, STANDALONE=34479], networkLocation: /default-rack, certSerialId: null, persistedOpState: IN_SERVICE, persistedOpStateExpiryEpochSec: 0}, ReplicationConfig: RATIS/THREE, State:ALLOCATED, leaderId:, CreationTimestamp2021-11-15T19:21:09.353Z[Etc/UTC]].
2021-11-15 19:21:09,356 [RatisPipelineUtilsThread - 0] INFO  pipeline.RatisPipelineProvider (RatisPipelineProvider.java:lambda$create$0(183)) - Sending CreatePipelineCommand for pipeline:PipelineID=ffb0f6a7-cf28-4210-b9d6-6011d7d31fa9 to datanode:1d1c653c-c24c-4f9f-93f8-363bcaedc7a6
2021-11-15 19:21:09,356 [RatisPipelineUtilsThread - 0] INFO  pipeline.RatisPipelineProvider (RatisPipelineProvider.java:lambda$create$0(183)) - Sending CreatePipelineCommand for pipeline:PipelineID=ffb0f6a7-cf28-4210-b9d6-6011d7d31fa9 to datanode:d87a46af-94f7-42aa-b022-652610ab08cb
2021-11-15 19:21:09,356 [RatisPipelineUtilsThread - 0] INFO  pipeline.RatisPipelineProvider (RatisPipelineProvider.java:lambda$create$0(183)) - Sending CreatePipelineCommand for pipeline:PipelineID=ffb0f6a7-cf28-4210-b9d6-6011d7d31fa9 to datanode:72af5abb-0a78-4b64-9517-3021125997b8
2021-11-15 19:21:09,357 [RatisPipelineUtilsThread - 0] INFO  pipeline.PipelineStateManagerImpl (PipelineStateManagerImpl.java:addPipeline(101)) - Created pipeline Pipeline[ Id: ffb0f6a7-cf28-4210-b9d6-6011d7d31fa9, Nodes: 1d1c653c-c24c-4f9f-93f8-363bcaedc7a6{ip: 10.1.0.16, host: fv-az151-339.yf2hydr00wburbhx3j5hxtcipe.bx.internal.cloudapp.net, ports: [REPLICATION=38157, RATIS=44043, RATIS_ADMIN=44043, RATIS_SERVER=44043, STANDALONE=34479], networkLocation: /default-rack, certSerialId: null, persistedOpState: IN_SERVICE, persistedOpStateExpiryEpochSec: 0}d87a46af-94f7-42aa-b022-652610ab08cb{ip: 10.1.0.16, host: fv-az151-339.yf2hydr00wburbhx3j5hxtcipe.bx.internal.cloudapp.net, ports: [REPLICATION=42181, RATIS=36541, RATIS_ADMIN=36541, RATIS_SERVER=36541, STANDALONE=40489], networkLocation: /default-rack, certSerialId: null, persistedOpState: IN_SERVICE, persistedOpStateExpiryEpochSec: 0}72af5abb-0a78-4b64-9517-3021125997b8{ip: 10.1.0.16, host: fv-az151-339.yf2hydr00wburbhx3j5hxtcipe.bx.internal.cloudapp.net, ports: [REPLICATION=33017, RATIS=45855, RATIS_ADMIN=45855, RATIS_SERVER=45855, STANDALONE=38721], networkLocation: /default-rack, certSerialId: null, persistedOpState: IN_SERVICE, persistedOpStateExpiryEpochSec: 0}, ReplicationConfig: RATIS/THREE, State:ALLOCATED, leaderId:, CreationTimestamp2021-11-15T19:21:09.356Z[Etc/UTC]].
2021-11-15 19:21:09,357 [RatisPipelineUtilsThread - 0] INFO  pipeline.PipelineManagerImpl (PipelineManagerImpl.java:recordMetricsForPipeline(620)) - Pipeline: PipelineID=ffb0f6a7-cf28-4210-b9d6-6011d7d31fa9 contains same datanodes as previous pipelines: PipelineID=9084c998-2231-478f-90fe-7123d4b11fd3 nodeIds: 1d1c653c-c24c-4f9f-93f8-363bcaedc7a6, d87a46af-94f7-42aa-b022-652610ab08cb, 72af5abb-0a78-4b64-9517-3021125997b8
2021-11-15 19:21:09,540 [Listener at 127.0.0.1/38415] INFO  ozone.MiniOzoneClusterImpl (MiniOzoneClusterImpl.java:lambda$waitForClusterToBeReady$0(235)) - Waiting for nodes to be ready. Got 6 of 7 DN Heartbeats.
2021-11-15 19:21:09,541 [Listener at 127.0.0.1/38415] INFO  ozone.MiniOzoneClusterImpl (MiniOzoneClusterImpl.java:lambda$waitForClusterToBeReady$0(238)) - Waiting for cluster to exit safe mode
2021-11-15 19:21:09,541 [Listener at 127.0.0.1/38415] INFO  ozone.MiniOzoneClusterImpl (MiniOzoneClusterImpl.java:lambda$waitForClusterToBeReady$0(240)) - SCM became leader
2021-11-15 19:21:09,550 [IPC Server handler 3 on default port 44671] INFO  net.NetworkTopologyImpl (NetworkTopologyImpl.java:add(112)) - Added a new node: /default-rack/087c2b0c-5b45-457f-ac23-38cb521b1b9c
2021-11-15 19:21:09,550 [IPC Server handler 3 on default port 44671] INFO  node.SCMNodeManager (SCMNodeManager.java:register(389)) - Registered Data node : 087c2b0c-5b45-457f-ac23-38cb521b1b9c{ip: 10.1.0.16, host: fv-az151-339.yf2hydr00wburbhx3j5hxtcipe.bx.internal.cloudapp.net, ports: [REPLICATION=33023, RATIS=32799, RATIS_ADMIN=32799, RATIS_SERVER=32799, STANDALONE=33851], networkLocation: /default-rack, certSerialId: null, persistedOpState: null, persistedOpStateExpiryEpochSec: 0}
2021-11-15 19:21:09,551 [EventQueue-NewNodeForNewNodeHandler] INFO  pipeline.BackgroundPipelineCreator (BackgroundPipelineCreator.java:notifyEventTriggered(285)) - trigger a one-shot run on RatisPipelineUtilsThread.
2021-11-15 19:21:09,551 [RatisPipelineUtilsThread - 0] INFO  pipeline.RatisPipelineProvider (RatisPipelineProvider.java:lambda$create$0(183)) - Sending CreatePipelineCommand for pipeline:PipelineID=2090d85a-f2c5-459e-8366-9613f75efcd4 to datanode:087c2b0c-5b45-457f-ac23-38cb521b1b9c
2021-11-15 19:21:09,552 [RatisPipelineUtilsThread - 0] INFO  pipeline.PipelineStateManagerImpl (PipelineStateManagerImpl.java:addPipeline(101)) - Created pipeline Pipeline[ Id: 2090d85a-f2c5-459e-8366-9613f75efcd4, Nodes: 087c2b0c-5b45-457f-ac23-38cb521b1b9c{ip: 10.1.0.16, host: fv-az151-339.yf2hydr00wburbhx3j5hxtcipe.bx.internal.cloudapp.net, ports: [REPLICATION=33023, RATIS=32799, RATIS_ADMIN=32799, RATIS_SERVER=32799, STANDALONE=33851], networkLocation: /default-rack, certSerialId: null, persistedOpState: IN_SERVICE, persistedOpStateExpiryEpochSec: 0}, ReplicationConfig: RATIS/ONE, State:ALLOCATED, leaderId:, CreationTimestamp2021-11-15T19:21:09.551Z[Etc/UTC]].
2021-11-15 19:21:10,542 [Listener at 127.0.0.1/38415] INFO  ozone.MiniOzoneClusterImpl (MiniOzoneClusterImpl.java:lambda$waitForClusterToBeReady$0(235)) - Nodes are ready. Got 7 of 7 DN Heartbeats.
2021-11-15 19:21:10,542 [Listener at 127.0.0.1/38415] INFO  ozone.MiniOzoneClusterImpl (MiniOzoneClusterImpl.java:lambda$waitForClusterToBeReady$0(238)) - Waiting for cluster to exit safe mode
2021-11-15 19:21:10,542 [Listener at 127.0.0.1/38415] INFO  ozone.MiniOzoneClusterImpl (MiniOzoneClusterImpl.java:lambda$waitForClusterToBeReady$0(240)) - SCM became leader
2021-11-15 19:21:10,885 [Command processor thread] INFO  server.RaftServer (RaftServerProxy.java:addNew(95)) - c038e53c-4808-40a4-bcac-87a6adf6dbd8: addNew group-284D524B4E6F:[c038e53c-4808-40a4-bcac-87a6adf6dbd8|rpc:10.1.0.16:46879|priority:1] returns group-284D524B4E6F:java.util.concurrent.CompletableFuture@3287278e[Not completed]
2021-11-15 19:21:10,896 [pool-55-thread-1] INFO  server.RaftServer$Division (RaftServerImpl.java:<init>(184)) - c038e53c-4808-40a4-bcac-87a6adf6dbd8: new RaftServerImpl for group-284D524B4E6F:[c038e53c-4808-40a4-bcac-87a6adf6dbd8|rpc:10.1.0.16:46879|priority:1] with ContainerStateMachine:uninitialized
2021-11-15 19:21:10,896 [pool-55-thread-1] INFO  server.RaftServerConfigKeys (ConfUtils.java:logGet(44)) - raft.server.rpc.timeout.min = 5s (custom)
2021-11-15 19:21:10,896 [pool-55-thread-1] INFO  server.RaftServerConfigKeys (ConfUtils.java:logGet(44)) - raft.server.rpc.timeout.max = 5200ms (custom)
2021-11-15 19:21:10,896 [pool-55-thread-1] INFO  server.RaftServerConfigKeys (ConfUtils.java:logGet(44)) - raft.server.rpc.sleep.time = 25ms (default)
2021-11-15 19:21:10,897 [pool-55-thread-1] INFO  server.RaftServerConfigKeys (ConfUtils.java:logGet(44)) - raft.server.rpc.slowness.timeout = 300000ms (custom)
2021-11-15 19:21:10,897 [pool-55-thread-1] INFO  server.RaftServerConfigKeys (ConfUtils.java:logGet(44)) - raft.server.leaderelection.leader.step-down.wait-time = 10s (default)
2021-11-15 19:21:10,897 [pool-55-thread-1] INFO  server.RaftServerConfigKeys (ConfUtils.java:logGet(44)) - raft.server.sleep.deviation.threshold = 300ms (default)
2021-11-15 19:21:10,897 [pool-55-thread-1] INFO  server.RaftServerConfigKeys (ConfUtils.java:logGet(44)) - raft.server.log.appender.install.snapshot.enabled = false (custom)
2021-11-15 19:21:10,898 [pool-55-thread-1] INFO  server.RaftServer$Division (ServerState.java:<init>(105)) - c038e53c-4808-40a4-bcac-87a6adf6dbd8@group-284D524B4E6F: ConfigurationManager, init=-1: [c038e53c-4808-40a4-bcac-87a6adf6dbd8|rpc:10.1.0.16:46879|priority:1], old=null, confs=<EMPTY_MAP>
2021-11-15 19:21:10,898 [pool-55-thread-1] INFO  server.RaftServerConfigKeys (ConfUtils.java:logGet(44)) - raft.server.storage.dir = [/home/runner/work/ozone/ozone/hadoop-ozone/integration-test/target/test-dir/MiniOzoneClusterImpl-edab3eb4-5721-4c35-be90-debfdbe0e37e/datanode-0/data/ratis] (custom)
2021-11-15 19:21:10,898 [pool-55-thread-1] INFO  server.RaftServerConfigKeys (ConfUtils.java:logGet(44)) - raft.server.log.corruption.policy = EXCEPTION (default)
2021-11-15 19:21:10,898 [pool-55-thread-1] INFO  server.RaftServerConfigKeys (ConfUtils.java:logGet(44)) - raft.server.storage.free-space.min = 0MB (=0) (default)
2021-11-15 19:21:10,898 [pool-55-thread-1] INFO  storage.RaftStorageDirectory (RaftStorageDirectoryImpl.java:analyzeStorage(135)) - The storage directory /home/runner/work/ozone/ozone/hadoop-ozone/integration-test/target/test-dir/MiniOzoneClusterImpl-edab3eb4-5721-4c35-be90-debfdbe0e37e/datanode-0/data/ratis/d55c095a-c301-4040-a45b-284d524b4e6f does not exist. Creating ...
2021-11-15 19:21:10,900 [pool-55-thread-1] INFO  storage.RaftStorageDirectory (RaftStorageDirectoryImpl.java:tryLock(230)) - Lock on /home/runner/work/ozone/ozone/hadoop-ozone/integration-test/target/test-dir/MiniOzoneClusterImpl-edab3eb4-5721-4c35-be90-debfdbe0e37e/datanode-0/data/ratis/d55c095a-c301-4040-a45b-284d524b4e6f/in_use.lock acquired by nodename 2800@fv-az151-339
2021-11-15 19:21:10,902 [pool-55-thread-1] INFO  storage.RaftStorage (RaftStorageImpl.java:format(89)) - Storage directory /home/runner/work/ozone/ozone/hadoop-ozone/integration-test/target/test-dir/MiniOzoneClusterImpl-edab3eb4-5721-4c35-be90-debfdbe0e37e/datanode-0/data/ratis/d55c095a-c301-4040-a45b-284d524b4e6f has been successfully formatted.
2021-11-15 19:21:10,906 [pool-55-thread-1] INFO  ratis.ContainerStateMachine (ContainerStateMachine.java:loadSnapshot(224)) - group-284D524B4E6F: The snapshot info is null. Setting the last applied indexto:(t:0, i:~)
2021-11-15 19:21:10,906 [pool-55-thread-1] INFO  server.RaftServerConfigKeys (ConfUtils.java:logGet(44)) - raft.server.notification.no-leader.timeout = 300000ms (custom)
2021-11-15 19:21:10,906 [pool-55-thread-1] INFO  server.RaftServerConfigKeys (ConfUtils.java:logGet(44)) - raft.server.log.use.memory = false (default)
2021-11-15 19:21:10,906 [pool-55-thread-1] INFO  server.RaftServerConfigKeys (ConfUtils.java:logGet(44)) - raft.server.log.purge.gap = 1000000 (custom)
2021-11-15 19:21:10,907 [pool-55-thread-1] INFO  server.RaftServerConfigKeys (ConfUtils.java:logGet(44)) - raft.server.log.appender.buffer.byte-limit = 33554432 (custom)
2021-11-15 19:21:10,907 [pool-55-thread-1] INFO  server.RaftServerConfigKeys (ConfUtils.java:logGet(44)) - raft.server.log.segment.size.max = 1048576 (custom)
2021-11-15 19:21:10,911 [pool-55-thread-1] INFO  server.RaftServerConfigKeys (ConfUtils.java:logGet(44)) - raft.server.log.segment.cache.num.max = 2 (custom)
2021-11-15 19:21:10,912 [pool-55-thread-1] INFO  server.RaftServerConfigKeys (ConfUtils.java:logGet(44)) - raft.server.log.segment.cache.size.max = 200MB (=209715200) (default)
2021-11-15 19:21:10,912 [pool-55-thread-1] INFO  segmented.SegmentedRaftLogWorker (SegmentedRaftLogWorker.java:<init>(182)) - new c038e53c-4808-40a4-bcac-87a6adf6dbd8@group-284D524B4E6F-SegmentedRaftLogWorker for RaftStorageImpl:Storage Directory /home/runner/work/ozone/ozone/hadoop-ozone/integration-test/target/test-dir/MiniOzoneClusterImpl-edab3eb4-5721-4c35-be90-debfdbe0e37e/datanode-0/data/ratis/d55c095a-c301-4040-a45b-284d524b4e6f
2021-11-15 19:21:10,912 [pool-55-thread-1] INFO  server.RaftServerConfigKeys (ConfUtils.java:logGet(44)) - raft.server.log.queue.byte-limit = 2147483647 (custom)
2021-11-15 19:21:10,912 [pool-55-thread-1] INFO  server.RaftServerConfigKeys (ConfUtils.java:logGet(44)) - raft.server.log.queue.element-limit = 1024 (custom)
2021-11-15 19:21:10,912 [pool-55-thread-1] INFO  server.RaftServerConfigKeys (ConfUtils.java:logGet(44)) - raft.server.log.segment.size.max = 1048576 (custom)
2021-11-15 19:21:10,912 [pool-55-thread-1] INFO  server.RaftServerConfigKeys (ConfUtils.java:logGet(44)) - raft.server.log.preallocated.size = 16384 (custom)
2021-11-15 19:21:10,912 [pool-55-thread-1] INFO  server.RaftServerConfigKeys (ConfUtils.java:logGet(44)) - raft.server.log.force.sync.num = 128 (default)
2021-11-15 19:21:10,912 [pool-55-thread-1] INFO  server.RaftServerConfigKeys (ConfUtils.java:logGet(44)) - raft.server.log.statemachine.data.sync = true (default)
2021-11-15 19:21:10,912 [pool-55-thread-1] INFO  server.RaftServerConfigKeys (ConfUtils.java:logGet(44)) - raft.server.log.statemachine.data.sync.timeout = 10s (default)
2021-11-15 19:21:10,912 [pool-55-thread-1] INFO  server.RaftServerConfigKeys (ConfUtils.java:logGet(44)) - raft.server.log.statemachine.data.sync.timeout.retry = -1 (default)
2021-11-15 19:21:10,919 [pool-55-thread-1] INFO  server.RaftServerConfigKeys (ConfUtils.java:logGet(44)) - raft.server.log.write.buffer.size = 1048576 (custom)
2021-11-15 19:21:10,925 [EventQueue-PipelineReportForPipelineReportHandler] INFO  pipeline.PipelineManagerImpl (PipelineManagerImpl.java:openPipeline(289)) - Pipeline Pipeline[ Id: d55c095a-c301-4040-a45b-284d524b4e6f, Nodes: c038e53c-4808-40a4-bcac-87a6adf6dbd8{ip: 10.1.0.16, host: fv-az151-339.yf2hydr00wburbhx3j5hxtcipe.bx.internal.cloudapp.net, ports: [REPLICATION=44751, RATIS=46879, RATIS_ADMIN=46879, RATIS_SERVER=46879, STANDALONE=36917], networkLocation: /default-rack, certSerialId: null, persistedOpState: IN_SERVICE, persistedOpStateExpiryEpochSec: 0}, ReplicationConfig: RATIS/ONE, State:ALLOCATED, leaderId:c038e53c-4808-40a4-bcac-87a6adf6dbd8, CreationTimestamp2021-11-15T19:21:07.917Z[Etc/UTC]] moved to OPEN state
2021-11-15 19:21:10,929 [pool-55-thread-1] INFO  server.RaftServerConfigKeys (ConfUtils.java:logGet(44)) - raft.server.log.statemachine.data.caching.enabled = true (custom)
2021-11-15 19:21:10,929 [pool-55-thread-1] INFO  segmented.SegmentedRaftLogWorker (SegmentedRaftLogWorker.java:lambda$new$0(133)) - c038e53c-4808-40a4-bcac-87a6adf6dbd8@group-284D524B4E6F-SegmentedRaftLogWorker: flushIndex: setUnconditionally 0 -> -1
2021-11-15 19:21:10,929 [pool-55-thread-1] INFO  segmented.SegmentedRaftLogWorker (SegmentedRaftLogWorker.java:lambda$new$0(133)) - c038e53c-4808-40a4-bcac-87a6adf6dbd8@group-284D524B4E6F-SegmentedRaftLogWorker: safeCacheEvictIndex: setUnconditionally 0 -> -1
2021-11-15 19:21:10,929 [pool-55-thread-1] INFO  server.RaftServerConfigKeys (ConfUtils.java:logGet(44)) - raft.server.snapshot.auto.trigger.enabled = true (custom)
2021-11-15 19:21:10,929 [pool-55-thread-1] INFO  server.RaftServerConfigKeys (ConfUtils.java:logGet(44)) - raft.server.snapshot.auto.trigger.threshold = 10000 (custom)
2021-11-15 19:21:10,930 [pool-55-thread-1] INFO  server.RaftServerConfigKeys (ConfUtils.java:logGet(44)) - raft.server.snapshot.retention.file.num = 5 (custom)
2021-11-15 19:21:10,930 [pool-55-thread-1] INFO  server.RaftServerConfigKeys (ConfUtils.java:logGet(44)) - raft.server.log.purge.upto.snapshot.index = false (default)
2021-11-15 19:21:10,930 [pool-55-thread-1] INFO  server.RaftServerConfigKeys (ConfUtils.java:logGet(44)) - raft.server.retrycache.expirytime = 600000ms (custom)
2021-11-15 19:21:10,930 [pool-55-thread-1] INFO  server.RaftServerConfigKeys (ConfUtils.java:logGet(44)) - raft.server.retrycache.statistics.expirytime = 100μs (default)
2021-11-15 19:21:10,932 [pool-55-thread-1] INFO  server.RaftServer$Division (RaftServerImpl.java:start(301)) - c038e53c-4808-40a4-bcac-87a6adf6dbd8@group-284D524B4E6F: start as a follower, conf=-1: [c038e53c-4808-40a4-bcac-87a6adf6dbd8|rpc:10.1.0.16:46879|priority:1], old=null
2021-11-15 19:21:10,932 [pool-55-thread-1] INFO  server.RaftServer$Division (RaftServerImpl.java:setRole(290)) - c038e53c-4808-40a4-bcac-87a6adf6dbd8@group-284D524B4E6F: changes role from      null to FOLLOWER at term 0 for startAsFollower
2021-11-15 19:21:10,932 [pool-55-thread-1] INFO  impl.RoleInfo (RoleInfo.java:updateAndGet(130)) - c038e53c-4808-40a4-bcac-87a6adf6dbd8: start c038e53c-4808-40a4-bcac-87a6adf6dbd8@group-284D524B4E6F-FollowerState
2021-11-15 19:21:10,933 [pool-55-thread-1] INFO  util.JmxRegister (JmxRegister.java:tryRegister(44)) - Successfully registered JMX Bean with object name Ratis:service=RaftServer,group=group-284D524B4E6F,id=c038e53c-4808-40a4-bcac-87a6adf6dbd8
2021-11-15 19:21:10,936 [EventQueue-OpenPipelineForHealthyPipelineSafeModeRule] INFO  safemode.SCMSafeModeManager (HealthyPipelineSafeModeRule.java:process(124)) - SCM in safe mode. Healthy pipelines reported count is 0, required healthy pipeline reported count is 1
2021-11-15 19:21:10,953 [Command processor thread] INFO  ratis.XceiverServerRatis (XceiverServerRatis.java:addGroup(768)) - Created group PipelineID=d55c095a-c301-4040-a45b-284d524b4e6f
2021-11-15 19:21:10,954 [Command processor thread] INFO  commandhandler.CreatePipelineCommandHandler (CreatePipelineCommandHandler.java:handle(106)) - Created Pipeline RATIS ONE PipelineID=d55c095a-c301-4040-a45b-284d524b4e6f.
2021-11-15 19:21:10,954 [Command processor thread] INFO  server.RaftServer (RaftServerProxy.java:addNew(95)) - c038e53c-4808-40a4-bcac-87a6adf6dbd8: addNew group-9B0D820938DF:[c038e53c-4808-40a4-bcac-87a6adf6dbd8|rpc:10.1.0.16:46879|priority:0, 5f24cb3a-787a-4f69-a830-2d3d8b70745a|rpc:10.1.0.16:34579|priority:1, bce623f1-3c31-45ef-9861-869f671ae311|rpc:10.1.0.16:38881|priority:0] returns group-9B0D820938DF:java.util.concurrent.CompletableFuture@15587362[Not completed]
2021-11-15 19:21:10,955 [pool-55-thread-1] INFO  server.RaftServer$Division (RaftServerImpl.java:<init>(184)) - c038e53c-4808-40a4-bcac-87a6adf6dbd8: new RaftServerImpl for group-9B0D820938DF:[c038e53c-4808-40a4-bcac-87a6adf6dbd8|rpc:10.1.0.16:46879|priority:0, 5f24cb3a-787a-4f69-a830-2d3d8b70745a|rpc:10.1.0.16:34579|priority:1, bce623f1-3c31-45ef-9861-869f671ae311|rpc:10.1.0.16:38881|priority:0] with ContainerStateMachine:uninitialized
2021-11-15 19:21:10,955 [pool-55-thread-1] INFO  server.RaftServerConfigKeys (ConfUtils.java:logGet(44)) - raft.server.rpc.timeout.min = 5s (custom)
2021-11-15 19:21:10,955 [pool-55-thread-1] INFO  server.RaftServerConfigKeys (ConfUtils.java:logGet(44)) - raft.server.rpc.timeout.max = 5200ms (custom)
2021-11-15 19:21:10,956 [pool-55-thread-1] INFO  server.RaftServerConfigKeys (ConfUtils.java:logGet(44)) - raft.server.rpc.sleep.time = 25ms (default)
2021-11-15 19:21:10,963 [pool-55-thread-1] INFO  server.RaftServerConfigKeys (ConfUtils.java:logGet(44)) - raft.server.rpc.slowness.timeout = 300000ms (custom)
2021-11-15 19:21:10,963 [pool-55-thread-1] INFO  server.RaftServerConfigKeys (ConfUtils.java:logGet(44)) - raft.server.leaderelection.leader.step-down.wait-time = 10s (default)
2021-11-15 19:21:10,963 [pool-55-thread-1] INFO  server.RaftServerConfigKeys (ConfUtils.java:logGet(44)) - raft.server.sleep.deviation.threshold = 300ms (default)
2021-11-15 19:21:10,963 [pool-55-thread-1] INFO  server.RaftServerConfigKeys (ConfUtils.java:logGet(44)) - raft.server.log.appender.install.snapshot.enabled = false (custom)
2021-11-15 19:21:10,963 [pool-55-thread-1] INFO  server.RaftServer$Division (ServerState.java:<init>(105)) - c038e53c-4808-40a4-bcac-87a6adf6dbd8@group-9B0D820938DF: ConfigurationManager, init=-1: [c038e53c-4808-40a4-bcac-87a6adf6dbd8|rpc:10.1.0.16:46879|priority:0, 5f24cb3a-787a-4f69-a830-2d3d8b70745a|rpc:10.1.0.16:34579|priority:1, bce623f1-3c31-45ef-9861-869f671ae311|rpc:10.1.0.16:38881|priority:0], old=null, confs=<EMPTY_MAP>
2021-11-15 19:21:10,963 [pool-55-thread-1] INFO  server.RaftServerConfigKeys (ConfUtils.java:logGet(44)) - raft.server.storage.dir = [/home/runner/work/ozone/ozone/hadoop-ozone/integration-test/target/test-dir/MiniOzoneClusterImpl-edab3eb4-5721-4c35-be90-debfdbe0e37e/datanode-0/data/ratis] (custom)
2021-11-15 19:21:10,963 [pool-55-thread-1] INFO  server.RaftServerConfigKeys (ConfUtils.java:logGet(44)) - raft.server.log.corruption.policy = EXCEPTION (default)
2021-11-15 19:21:10,964 [pool-55-thread-1] INFO  server.RaftServerConfigKeys (ConfUtils.java:logGet(44)) - raft.server.storage.free-space.min = 0MB (=0) (default)
2021-11-15 19:21:10,964 [pool-55-thread-1] INFO  storage.RaftStorageDirectory (RaftStorageDirectoryImpl.java:analyzeStorage(135)) - The storage directory /home/runner/work/ozone/ozone/hadoop-ozone/integration-test/target/test-dir/MiniOzoneClusterImpl-edab3eb4-5721-4c35-be90-debfdbe0e37e/datanode-0/data/ratis/430698ac-9a5d-4310-9d5d-9b0d820938df does not exist. Creating ...
2021-11-15 19:21:10,965 [pool-55-thread-1] INFO  storage.RaftStorageDirectory (RaftStorageDirectoryImpl.java:tryLock(230)) - Lock on /home/runner/work/ozone/ozone/hadoop-ozone/integration-test/target/test-dir/MiniOzoneClusterImpl-edab3eb4-5721-4c35-be90-debfdbe0e37e/datanode-0/data/ratis/430698ac-9a5d-4310-9d5d-9b0d820938df/in_use.lock acquired by nodename 2800@fv-az151-339
2021-11-15 19:21:10,967 [pool-55-thread-1] INFO  storage.RaftStorage (RaftStorageImpl.java:format(89)) - Storage directory /home/runner/work/ozone/ozone/hadoop-ozone/integration-test/target/test-dir/MiniOzoneClusterImpl-edab3eb4-5721-4c35-be90-debfdbe0e37e/datanode-0/data/ratis/430698ac-9a5d-4310-9d5d-9b0d820938df has been successfully formatted.
2021-11-15 19:21:10,968 [pool-55-thread-1] INFO  ratis.ContainerStateMachine (ContainerStateMachine.java:loadSnapshot(224)) - group-9B0D820938DF: The snapshot info is null. Setting the last applied indexto:(t:0, i:~)
2021-11-15 19:21:10,969 [pool-55-thread-1] INFO  server.RaftServerConfigKeys (ConfUtils.java:logGet(44)) - raft.server.notification.no-leader.timeout = 300000ms (custom)
2021-11-15 19:21:10,969 [pool-55-thread-1] INFO  server.RaftServerConfigKeys (ConfUtils.java:logGet(44)) - raft.server.log.use.memory = false (default)
2021-11-15 19:21:10,969 [pool-55-thread-1] INFO  server.RaftServerConfigKeys (ConfUtils.java:logGet(44)) - raft.server.log.purge.gap = 1000000 (custom)
2021-11-15 19:21:10,969 [pool-55-thread-1] INFO  server.RaftServerConfigKeys (ConfUtils.java:logGet(44)) - raft.server.log.appender.buffer.byte-limit = 33554432 (custom)
2021-11-15 19:21:10,970 [EventQueue-OpenPipelineForHealthyPipelineSafeModeRule] INFO  safemode.SCMSafeModeManager (HealthyPipelineSafeModeRule.java:process(124)) - SCM in safe mode. Healthy pipelines reported count is 0, required healthy pipeline reported count is 1
2021-11-15 19:21:10,976 [pool-55-thread-1] INFO  server.RaftServerConfigKeys (ConfUtils.java:logGet(44)) - raft.server.log.segment.size.max = 1048576 (custom)
2021-11-15 19:21:10,977 [pool-55-thread-1] INFO  server.RaftServerConfigKeys (ConfUtils.java:logGet(44)) - raft.server.log.segment.cache.num.max = 2 (custom)
2021-11-15 19:21:10,977 [pool-55-thread-1] INFO  server.RaftServerConfigKeys (ConfUtils.java:logGet(44)) - raft.server.log.segment.cache.size.max = 200MB (=209715200) (default)
2021-11-15 19:21:10,978 [pool-55-thread-1] INFO  segmented.SegmentedRaftLogWorker (SegmentedRaftLogWorker.java:<init>(182)) - new c038e53c-4808-40a4-bcac-87a6adf6dbd8@group-9B0D820938DF-SegmentedRaftLogWorker for RaftStorageImpl:Storage Directory /home/runner/work/ozone/ozone/hadoop-ozone/integration-test/target/test-dir/MiniOzoneClusterImpl-edab3eb4-5721-4c35-be90-debfdbe0e37e/datanode-0/data/ratis/430698ac-9a5d-4310-9d5d-9b0d820938df
2021-11-15 19:21:10,978 [pool-55-thread-1] INFO  server.RaftServerConfigKeys (ConfUtils.java:logGet(44)) - raft.server.log.queue.byte-limit = 2147483647 (custom)
2021-11-15 19:21:10,978 [pool-55-thread-1] INFO  server.RaftServerConfigKeys (ConfUtils.java:logGet(44)) - raft.server.log.queue.element-limit = 1024 (custom)
2021-11-15 19:21:10,978 [pool-55-thread-1] INFO  server.RaftServerConfigKeys (ConfUtils.java:logGet(44)) - raft.server.log.segment.size.max = 1048576 (custom)
2021-11-15 19:21:10,978 [pool-55-thread-1] INFO  server.RaftServerConfigKeys (ConfUtils.java:logGet(44)) - raft.server.log.preallocated.size = 16384 (custom)
2021-11-15 19:21:10,978 [pool-55-thread-1] INFO  server.RaftServerConfigKeys (ConfUtils.java:logGet(44)) - raft.server.log.force.sync.num = 128 (default)
2021-11-15 19:21:10,978 [pool-55-thread-1] INFO  server.RaftServerConfigKeys (ConfUtils.java:logGet(44)) - raft.server.log.statemachine.data.sync = true (default)
2021-11-15 19:21:10,978 [pool-55-thread-1] INFO  server.RaftServerConfigKeys (ConfUtils.java:logGet(44)) - raft.server.log.statemachine.data.sync.timeout = 10s (default)
2021-11-15 19:21:10,978 [pool-55-thread-1] INFO  server.RaftServerConfigKeys (ConfUtils.java:logGet(44)) - raft.server.log.statemachine.data.sync.timeout.retry = -1 (default)
2021-11-15 19:21:10,979 [pool-55-thread-1] INFO  server.RaftServerConfigKeys (ConfUtils.java:logGet(44)) - raft.server.log.write.buffer.size = 1048576 (custom)
2021-11-15 19:21:10,980 [pool-55-thread-1] INFO  server.RaftServerConfigKeys (ConfUtils.java:logGet(44)) - raft.server.log.statemachine.data.caching.enabled = true (custom)
2021-11-15 19:21:10,980 [pool-55-thread-1] INFO  segmented.SegmentedRaftLogWorker (SegmentedRaftLogWorker.java:lambda$new$0(133)) - c038e53c-4808-40a4-bcac-87a6adf6dbd8@group-9B0D820938DF-SegmentedRaftLogWorker: flushIndex: setUnconditionally 0 -> -1
2021-11-15 19:21:10,980 [pool-55-thread-1] INFO  segmented.SegmentedRaftLogWorker (SegmentedRaftLogWorker.java:lambda$new$0(133)) - c038e53c-4808-40a4-bcac-87a6adf6dbd8@group-9B0D820938DF-SegmentedRaftLogWorker: safeCacheEvictIndex: setUnconditionally 0 -> -1
2021-11-15 19:21:10,980 [pool-55-thread-1] INFO  server.RaftServerConfigKeys (ConfUtils.java:logGet(44)) - raft.server.snapshot.auto.trigger.enabled = true (custom)
2021-11-15 19:21:10,980 [pool-55-thread-1] INFO  server.RaftServerConfigKeys (ConfUtils.java:logGet(44)) - raft.server.snapshot.auto.trigger.threshold = 10000 (custom)
2021-11-15 19:21:10,980 [pool-55-thread-1] INFO  server.RaftServerConfigKeys (ConfUtils.java:logGet(44)) - raft.server.snapshot.retention.file.num = 5 (custom)
2021-11-15 19:21:10,980 [pool-55-thread-1] INFO  server.RaftServerConfigKeys (ConfUtils.java:logGet(44)) - raft.server.log.purge.upto.snapshot.index = false (default)
2021-11-15 19:21:10,980 [pool-55-thread-1] INFO  server.RaftServerConfigKeys (ConfUtils.java:logGet(44)) - raft.server.retrycache.expirytime = 600000ms (custom)
2021-11-15 19:21:10,980 [pool-55-thread-1] INFO  server.RaftServerConfigKeys (ConfUtils.java:logGet(44)) - raft.server.retrycache.statistics.expirytime = 100μs (default)
2021-11-15 19:21:10,982 [pool-55-thread-1] INFO  server.RaftServer$Division (RaftServerImpl.java:start(301)) - c038e53c-4808-40a4-bcac-87a6adf6dbd8@group-9B0D820938DF: start as a follower, conf=-1: [c038e53c-4808-40a4-bcac-87a6adf6dbd8|rpc:10.1.0.16:46879|priority:0, 5f24cb3a-787a-4f69-a830-2d3d8b70745a|rpc:10.1.0.16:34579|priority:1, bce623f1-3c31-45ef-9861-869f671ae311|rpc:10.1.0.16:38881|priority:0], old=null
2021-11-15 19:21:10,982 [pool-55-thread-1] INFO  server.RaftServer$Division (RaftServerImpl.java:setRole(290)) - c038e53c-4808-40a4-bcac-87a6adf6dbd8@group-9B0D820938DF: changes role from      null to FOLLOWER at term 0 for startAsFollower
2021-11-15 19:21:10,983 [pool-55-thread-1] INFO  impl.RoleInfo (RoleInfo.java:updateAndGet(130)) - c038e53c-4808-40a4-bcac-87a6adf6dbd8: start c038e53c-4808-40a4-bcac-87a6adf6dbd8@group-9B0D820938DF-FollowerState
2021-11-15 19:21:10,983 [pool-55-thread-1] INFO  util.JmxRegister (JmxRegister.java:tryRegister(44)) - Successfully registered JMX Bean with object name Ratis:service=RaftServer,group=group-9B0D820938DF,id=c038e53c-4808-40a4-bcac-87a6adf6dbd8
2021-11-15 19:21:10,985 [Command processor thread] INFO  ratis.XceiverServerRatis (XceiverServerRatis.java:addGroup(768)) - Created group PipelineID=430698ac-9a5d-4310-9d5d-9b0d820938df
2021-11-15 19:21:11,223 [Command processor thread] INFO  server.RaftServer (RaftServerProxy.java:addNew(95)) - bce623f1-3c31-45ef-9861-869f671ae311: addNew group-60CD51394F2C:[bce623f1-3c31-45ef-9861-869f671ae311|rpc:10.1.0.16:38881|priority:1] returns group-60CD51394F2C:java.util.concurrent.CompletableFuture@21fb2cc4[Not completed]
2021-11-15 19:21:11,233 [pool-74-thread-1] INFO  server.RaftServer$Division (RaftServerImpl.java:<init>(184)) - bce623f1-3c31-45ef-9861-869f671ae311: new RaftServerImpl for group-60CD51394F2C:[bce623f1-3c31-45ef-9861-869f671ae311|rpc:10.1.0.16:38881|priority:1] with ContainerStateMachine:uninitialized
2021-11-15 19:21:11,242 [pool-74-thread-1] INFO  server.RaftServerConfigKeys (ConfUtils.java:logGet(44)) - raft.server.rpc.timeout.min = 5s (custom)
2021-11-15 19:21:11,242 [pool-74-thread-1] INFO  server.RaftServerConfigKeys (ConfUtils.java:logGet(44)) - raft.server.rpc.timeout.max = 5200ms (custom)
2021-11-15 19:21:11,242 [pool-74-thread-1] INFO  server.RaftServerConfigKeys (ConfUtils.java:logGet(44)) - raft.server.rpc.sleep.time = 25ms (default)
2021-11-15 19:21:11,242 [pool-74-thread-1] INFO  server.RaftServerConfigKeys (ConfUtils.java:logGet(44)) - raft.server.rpc.slowness.timeout = 300000ms (custom)
2021-11-15 19:21:11,242 [pool-74-thread-1] INFO  server.RaftServerConfigKeys (ConfUtils.java:logGet(44)) - raft.server.leaderelection.leader.step-down.wait-time = 10s (default)
2021-11-15 19:21:11,242 [pool-74-thread-1] INFO  server.RaftServerConfigKeys (ConfUtils.java:logGet(44)) - raft.server.sleep.deviation.threshold = 300ms (default)
2021-11-15 19:21:11,242 [pool-74-thread-1] INFO  server.RaftServerConfigKeys (ConfUtils.java:logGet(44)) - raft.server.log.appender.install.snapshot.enabled = false (custom)
2021-11-15 19:21:11,243 [pool-74-thread-1] INFO  server.RaftServer$Division (ServerState.java:<init>(105)) - bce623f1-3c31-45ef-9861-869f671ae311@group-60CD51394F2C: ConfigurationManager, init=-1: [bce623f1-3c31-45ef-9861-869f671ae311|rpc:10.1.0.16:38881|priority:1], old=null, confs=<EMPTY_MAP>
2021-11-15 19:21:11,243 [pool-74-thread-1] INFO  server.RaftServerConfigKeys (ConfUtils.java:logGet(44)) - raft.server.storage.dir = [/home/runner/work/ozone/ozone/hadoop-ozone/integration-test/target/test-dir/MiniOzoneClusterImpl-edab3eb4-5721-4c35-be90-debfdbe0e37e/datanode-1/data/ratis] (custom)
2021-11-15 19:21:11,243 [pool-74-thread-1] INFO  server.RaftServerConfigKeys (ConfUtils.java:logGet(44)) - raft.server.log.corruption.policy = EXCEPTION (default)
2021-11-15 19:21:11,243 [pool-74-thread-1] INFO  server.RaftServerConfigKeys (ConfUtils.java:logGet(44)) - raft.server.storage.free-space.min = 0MB (=0) (default)
2021-11-15 19:21:11,243 [pool-74-thread-1] INFO  storage.RaftStorageDirectory (RaftStorageDirectoryImpl.java:analyzeStorage(135)) - The storage directory /home/runner/work/ozone/ozone/hadoop-ozone/integration-test/target/test-dir/MiniOzoneClusterImpl-edab3eb4-5721-4c35-be90-debfdbe0e37e/datanode-1/data/ratis/cb4ced81-55c2-466a-a183-60cd51394f2c does not exist. Creating ...
2021-11-15 19:21:11,245 [pool-74-thread-1] INFO  storage.RaftStorageDirectory (RaftStorageDirectoryImpl.java:tryLock(230)) - Lock on /home/runner/work/ozone/ozone/hadoop-ozone/integration-test/target/test-dir/MiniOzoneClusterImpl-edab3eb4-5721-4c35-be90-debfdbe0e37e/datanode-1/data/ratis/cb4ced81-55c2-466a-a183-60cd51394f2c/in_use.lock acquired by nodename 2800@fv-az151-339
2021-11-15 19:21:11,247 [pool-74-thread-1] INFO  storage.RaftStorage (RaftStorageImpl.java:format(89)) - Storage directory /home/runner/work/ozone/ozone/hadoop-ozone/integration-test/target/test-dir/MiniOzoneClusterImpl-edab3eb4-5721-4c35-be90-debfdbe0e37e/datanode-1/data/ratis/cb4ced81-55c2-466a-a183-60cd51394f2c has been successfully formatted.
2021-11-15 19:21:11,248 [pool-74-thread-1] INFO  ratis.ContainerStateMachine (ContainerStateMachine.java:loadSnapshot(224)) - group-60CD51394F2C: The snapshot info is null. Setting the last applied indexto:(t:0, i:~)
2021-11-15 19:21:11,248 [pool-74-thread-1] INFO  server.RaftServerConfigKeys (ConfUtils.java:logGet(44)) - raft.server.notification.no-leader.timeout = 300000ms (custom)
2021-11-15 19:21:11,249 [pool-74-thread-1] INFO  server.RaftServerConfigKeys (ConfUtils.java:logGet(44)) - raft.server.log.use.memory = false (default)
2021-11-15 19:21:11,249 [pool-74-thread-1] INFO  server.RaftServerConfigKeys (ConfUtils.java:logGet(44)) - raft.server.log.purge.gap = 1000000 (custom)
2021-11-15 19:21:11,249 [pool-74-thread-1] INFO  server.RaftServerConfigKeys (ConfUtils.java:logGet(44)) - raft.server.log.appender.buffer.byte-limit = 33554432 (custom)
2021-11-15 19:21:11,249 [pool-74-thread-1] INFO  server.RaftServerConfigKeys (ConfUtils.java:logGet(44)) - raft.server.log.segment.size.max = 1048576 (custom)
2021-11-15 19:21:11,250 [pool-74-thread-1] INFO  server.RaftServerConfigKeys (ConfUtils.java:logGet(44)) - raft.server.log.segment.cache.num.max = 2 (custom)
2021-11-15 19:21:11,250 [pool-74-thread-1] INFO  server.RaftServerConfigKeys (ConfUtils.java:logGet(44)) - raft.server.log.segment.cache.size.max = 200MB (=209715200) (default)
2021-11-15 19:21:11,250 [pool-74-thread-1] INFO  segmented.SegmentedRaftLogWorker (SegmentedRaftLogWorker.java:<init>(182)) - new bce623f1-3c31-45ef-9861-869f671ae311@group-60CD51394F2C-SegmentedRaftLogWorker for RaftStorageImpl:Storage Directory /home/runner/work/ozone/ozone/hadoop-ozone/integration-test/target/test-dir/MiniOzoneClusterImpl-edab3eb4-5721-4c35-be90-debfdbe0e37e/datanode-1/data/ratis/cb4ced81-55c2-466a-a183-60cd51394f2c
2021-11-15 19:21:11,250 [pool-74-thread-1] INFO  server.RaftServerConfigKeys (ConfUtils.java:logGet(44)) - raft.server.log.queue.byte-limit = 2147483647 (custom)
2021-11-15 19:21:11,250 [pool-74-thread-1] INFO  server.RaftServerConfigKeys (ConfUtils.java:logGet(44)) - raft.server.log.queue.element-limit = 1024 (custom)
2021-11-15 19:21:11,250 [pool-74-thread-1] INFO  server.RaftServerConfigKeys (ConfUtils.java:logGet(44)) - raft.server.log.segment.size.max = 1048576 (custom)
2021-11-15 19:21:11,250 [pool-74-thread-1] INFO  server.RaftServerConfigKeys (ConfUtils.java:logGet(44)) - raft.server.log.preallocated.size = 16384 (custom)
2021-11-15 19:21:11,250 [pool-74-thread-1] INFO  server.RaftServerConfigKeys (ConfUtils.java:logGet(44)) - raft.server.log.force.sync.num = 128 (default)
2021-11-15 19:21:11,250 [pool-74-thread-1] INFO  server.RaftServerConfigKeys (ConfUtils.java:logGet(44)) - raft.server.log.statemachine.data.sync = true (default)
2021-11-15 19:21:11,250 [pool-74-thread-1] INFO  server.RaftServerConfigKeys (ConfUtils.java:logGet(44)) - raft.server.log.statemachine.data.sync.timeout = 10s (default)
2021-11-15 19:21:11,250 [pool-74-thread-1] INFO  server.RaftServerConfigKeys (ConfUtils.java:logGet(44)) - raft.server.log.statemachine.data.sync.timeout.retry = -1 (default)
2021-11-15 19:21:11,252 [pool-74-thread-1] INFO  server.RaftServerConfigKeys (ConfUtils.java:logGet(44)) - raft.server.log.write.buffer.size = 1048576 (custom)
2021-11-15 19:21:11,252 [pool-74-thread-1] INFO  server.RaftServerConfigKeys (ConfUtils.java:logGet(44)) - raft.server.log.statemachine.data.caching.enabled = true (custom)
2021-11-15 19:21:11,256 [pool-74-thread-1] INFO  segmented.SegmentedRaftLogWorker (SegmentedRaftLogWorker.java:lambda$new$0(133)) - bce623f1-3c31-45ef-9861-869f671ae311@group-60CD51394F2C-SegmentedRaftLogWorker: flushIndex: setUnconditionally 0 -> -1
2021-11-15 19:21:11,257 [EventQueue-PipelineReportForPipelineReportHandler] INFO  pipeline.PipelineManagerImpl (PipelineManagerImpl.java:openPipeline(289)) - Pipeline Pipeline[ Id: cb4ced81-55c2-466a-a183-60cd51394f2c, Nodes: bce623f1-3c31-45ef-9861-869f671ae311{ip: 10.1.0.16, host: fv-az151-339.yf2hydr00wburbhx3j5hxtcipe.bx.internal.cloudapp.net, ports: [REPLICATION=40269, RATIS=38881, RATIS_ADMIN=38881, RATIS_SERVER=38881, STANDALONE=43405], networkLocation: /default-rack, certSerialId: null, persistedOpState: IN_SERVICE, persistedOpStateExpiryEpochSec: 0}, ReplicationConfig: RATIS/ONE, State:ALLOCATED, leaderId:bce623f1-3c31-45ef-9861-869f671ae311, CreationTimestamp2021-11-15T19:21:08.229Z[Etc/UTC]] moved to OPEN state
2021-11-15 19:21:11,257 [pool-74-thread-1] INFO  segmented.SegmentedRaftLogWorker (SegmentedRaftLogWorker.java:lambda$new$0(133)) - bce623f1-3c31-45ef-9861-869f671ae311@group-60CD51394F2C-SegmentedRaftLogWorker: safeCacheEvictIndex: setUnconditionally 0 -> -1
2021-11-15 19:21:11,257 [EventQueue-OpenPipelineForHealthyPipelineSafeModeRule] INFO  safemode.SCMSafeModeManager (HealthyPipelineSafeModeRule.java:process(124)) - SCM in safe mode. Healthy pipelines reported count is 0, required healthy pipeline reported count is 1
2021-11-15 19:21:11,258 [pool-74-thread-1] INFO  server.RaftServerConfigKeys (ConfUtils.java:logGet(44)) - raft.server.snapshot.auto.trigger.enabled = true (custom)
2021-11-15 19:21:11,263 [pool-74-thread-1] INFO  server.RaftServerConfigKeys (ConfUtils.java:logGet(44)) - raft.server.snapshot.auto.trigger.threshold = 10000 (custom)
2021-11-15 19:21:11,263 [pool-74-thread-1] INFO  server.RaftServerConfigKeys (ConfUtils.java:logGet(44)) - raft.server.snapshot.retention.file.num = 5 (custom)
2021-11-15 19:21:11,263 [pool-74-thread-1] INFO  server.RaftServerConfigKeys (ConfUtils.java:logGet(44)) - raft.server.log.purge.upto.snapshot.index = false (default)
2021-11-15 19:21:11,263 [pool-74-thread-1] INFO  server.RaftServerConfigKeys (ConfUtils.java:logGet(44)) - raft.server.retrycache.expirytime = 600000ms (custom)
2021-11-15 19:21:11,263 [pool-74-thread-1] INFO  server.RaftServerConfigKeys (ConfUtils.java:logGet(44)) - raft.server.retrycache.statistics.expirytime = 100μs (default)
2021-11-15 19:21:11,265 [pool-74-thread-1] INFO  server.RaftServer$Division (RaftServerImpl.java:start(301)) - bce623f1-3c31-45ef-9861-869f671ae311@group-60CD51394F2C: start as a follower, conf=-1: [bce623f1-3c31-45ef-9861-869f671ae311|rpc:10.1.0.16:38881|priority:1], old=null
2021-11-15 19:21:11,265 [pool-74-thread-1] INFO  server.RaftServer$Division (RaftServerImpl.java:setRole(290)) - bce623f1-3c31-45ef-9861-869f671ae311@group-60CD51394F2C: changes role from      null to FOLLOWER at term 0 for startAsFollower
2021-11-15 19:21:11,265 [pool-74-thread-1] INFO  impl.RoleInfo (RoleInfo.java:updateAndGet(130)) - bce623f1-3c31-45ef-9861-869f671ae311: start bce623f1-3c31-45ef-9861-869f671ae311@group-60CD51394F2C-FollowerState
2021-11-15 19:21:11,279 [pool-74-thread-1] INFO  util.JmxRegister (JmxRegister.java:tryRegister(44)) - Successfully registered JMX Bean with object name Ratis:service=RaftServer,group=group-60CD51394F2C,id=bce623f1-3c31-45ef-9861-869f671ae311
2021-11-15 19:21:11,293 [Command processor thread] INFO  ratis.XceiverServerRatis (XceiverServerRatis.java:addGroup(768)) - Created group PipelineID=cb4ced81-55c2-466a-a183-60cd51394f2c
2021-11-15 19:21:11,293 [Command processor thread] INFO  commandhandler.CreatePipelineCommandHandler (CreatePipelineCommandHandler.java:handle(106)) - Created Pipeline RATIS ONE PipelineID=cb4ced81-55c2-466a-a183-60cd51394f2c.
2021-11-15 19:21:11,301 [Command processor thread] INFO  server.RaftServer (RaftServerProxy.java:addNew(95)) - bce623f1-3c31-45ef-9861-869f671ae311: addNew group-9B0D820938DF:[c038e53c-4808-40a4-bcac-87a6adf6dbd8|rpc:10.1.0.16:46879|priority:0, 5f24cb3a-787a-4f69-a830-2d3d8b70745a|rpc:10.1.0.16:34579|priority:1, bce623f1-3c31-45ef-9861-869f671ae311|rpc:10.1.0.16:38881|priority:0] returns group-9B0D820938DF:java.util.concurrent.CompletableFuture@25c4bc23[Not completed]
2021-11-15 19:21:11,302 [pool-74-thread-1] INFO  server.RaftServer$Division (RaftServerImpl.java:<init>(184)) - bce623f1-3c31-45ef-9861-869f671ae311: new RaftServerImpl for group-9B0D820938DF:[c038e53c-4808-40a4-bcac-87a6adf6dbd8|rpc:10.1.0.16:46879|priority:0, 5f24cb3a-787a-4f69-a830-2d3d8b70745a|rpc:10.1.0.16:34579|priority:1, bce623f1-3c31-45ef-9861-869f671ae311|rpc:10.1.0.16:38881|priority:0] with ContainerStateMachine:uninitialized
2021-11-15 19:21:11,303 [pool-74-thread-1] INFO  server.RaftServerConfigKeys (ConfUtils.java:logGet(44)) - raft.server.rpc.timeout.min = 5s (custom)
2021-11-15 19:21:11,303 [pool-74-thread-1] INFO  server.RaftServerConfigKeys (ConfUtils.java:logGet(44)) - raft.server.rpc.timeout.max = 5200ms (custom)
2021-11-15 19:21:11,303 [pool-74-thread-1] INFO  server.RaftServerConfigKeys (ConfUtils.java:logGet(44)) - raft.server.rpc.sleep.time = 25ms (default)
2021-11-15 19:21:11,303 [pool-74-thread-1] INFO  server.RaftServerConfigKeys (ConfUtils.java:logGet(44)) - raft.server.rpc.slowness.timeout = 300000ms (custom)
2021-11-15 19:21:11,303 [pool-74-thread-1] INFO  server.RaftServerConfigKeys (ConfUtils.java:logGet(44)) - raft.server.leaderelection.leader.step-down.wait-time = 10s (default)
2021-11-15 19:21:11,303 [pool-74-thread-1] INFO  server.RaftServerConfigKeys (ConfUtils.java:logGet(44)) - raft.server.sleep.deviation.threshold = 300ms (default)
2021-11-15 19:21:11,303 [pool-74-thread-1] INFO  server.RaftServerConfigKeys (ConfUtils.java:logGet(44)) - raft.server.log.appender.install.snapshot.enabled = false (custom)
2021-11-15 19:21:11,303 [pool-74-thread-1] INFO  server.RaftServer$Division (ServerState.java:<init>(105)) - bce623f1-3c31-45ef-9861-869f671ae311@group-9B0D820938DF: ConfigurationManager, init=-1: [c038e53c-4808-40a4-bcac-87a6adf6dbd8|rpc:10.1.0.16:46879|priority:0, 5f24cb3a-787a-4f69-a830-2d3d8b70745a|rpc:10.1.0.16:34579|priority:1, bce623f1-3c31-45ef-9861-869f671ae311|rpc:10.1.0.16:38881|priority:0], old=null, confs=<EMPTY_MAP>
2021-11-15 19:21:11,303 [pool-74-thread-1] INFO  server.RaftServerConfigKeys (ConfUtils.java:logGet(44)) - raft.server.storage.dir = [/home/runner/work/ozone/ozone/hadoop-ozone/integration-test/target/test-dir/MiniOzoneClusterImpl-edab3eb4-5721-4c35-be90-debfdbe0e37e/datanode-1/data/ratis] (custom)
2021-11-15 19:21:11,303 [pool-74-thread-1] INFO  server.RaftServerConfigKeys (ConfUtils.java:logGet(44)) - raft.server.log.corruption.policy = EXCEPTION (default)
2021-11-15 19:21:11,303 [pool-74-thread-1] INFO  server.RaftServerConfigKeys (ConfUtils.java:logGet(44)) - raft.server.storage.free-space.min = 0MB (=0) (default)
2021-11-15 19:21:11,303 [pool-74-thread-1] INFO  storage.RaftStorageDirectory (RaftStorageDirectoryImpl.java:analyzeStorage(135)) - The storage directory /home/runner/work/ozone/ozone/hadoop-ozone/integration-test/target/test-dir/MiniOzoneClusterImpl-edab3eb4-5721-4c35-be90-debfdbe0e37e/datanode-1/data/ratis/430698ac-9a5d-4310-9d5d-9b0d820938df does not exist. Creating ...
2021-11-15 19:21:11,305 [pool-74-thread-1] INFO  storage.RaftStorageDirectory (RaftStorageDirectoryImpl.java:tryLock(230)) - Lock on /home/runner/work/ozone/ozone/hadoop-ozone/integration-test/target/test-dir/MiniOzoneClusterImpl-edab3eb4-5721-4c35-be90-debfdbe0e37e/datanode-1/data/ratis/430698ac-9a5d-4310-9d5d-9b0d820938df/in_use.lock acquired by nodename 2800@fv-az151-339
2021-11-15 19:21:11,306 [pool-74-thread-1] INFO  storage.RaftStorage (RaftStorageImpl.java:format(89)) - Storage directory /home/runner/work/ozone/ozone/hadoop-ozone/integration-test/target/test-dir/MiniOzoneClusterImpl-edab3eb4-5721-4c35-be90-debfdbe0e37e/datanode-1/data/ratis/430698ac-9a5d-4310-9d5d-9b0d820938df has been successfully formatted.
2021-11-15 19:21:11,307 [pool-74-thread-1] INFO  ratis.ContainerStateMachine (ContainerStateMachine.java:loadSnapshot(224)) - group-9B0D820938DF: The snapshot info is null. Setting the last applied indexto:(t:0, i:~)
2021-11-15 19:21:11,307 [pool-74-thread-1] INFO  server.RaftServerConfigKeys (ConfUtils.java:logGet(44)) - raft.server.notification.no-leader.timeout = 300000ms (custom)
2021-11-15 19:21:11,307 [pool-74-thread-1] INFO  server.RaftServerConfigKeys (ConfUtils.java:logGet(44)) - raft.server.log.use.memory = false (default)
2021-11-15 19:21:11,307 [pool-74-thread-1] INFO  server.RaftServerConfigKeys (ConfUtils.java:logGet(44)) - raft.server.log.purge.gap = 1000000 (custom)
2021-11-15 19:21:11,307 [pool-74-thread-1] INFO  server.RaftServerConfigKeys (ConfUtils.java:logGet(44)) - raft.server.log.appender.buffer.byte-limit = 33554432 (custom)
2021-11-15 19:21:11,307 [pool-74-thread-1] INFO  server.RaftServerConfigKeys (ConfUtils.java:logGet(44)) - raft.server.log.segment.size.max = 1048576 (custom)
2021-11-15 19:21:11,308 [pool-74-thread-1] INFO  server.RaftServerConfigKeys (ConfUtils.java:logGet(44)) - raft.server.log.segment.cache.num.max = 2 (custom)
2021-11-15 19:21:11,308 [pool-74-thread-1] INFO  server.RaftServerConfigKeys (ConfUtils.java:logGet(44)) - raft.server.log.segment.cache.size.max = 200MB (=209715200) (default)
2021-11-15 19:21:11,308 [pool-74-thread-1] INFO  segmented.SegmentedRaftLogWorker (SegmentedRaftLogWorker.java:<init>(182)) - new bce623f1-3c31-45ef-9861-869f671ae311@group-9B0D820938DF-SegmentedRaftLogWorker for RaftStorageImpl:Storage Directory /home/runner/work/ozone/ozone/hadoop-ozone/integration-test/target/test-dir/MiniOzoneClusterImpl-edab3eb4-5721-4c35-be90-debfdbe0e37e/datanode-1/data/ratis/430698ac-9a5d-4310-9d5d-9b0d820938df
2021-11-15 19:21:11,309 [pool-74-thread-1] INFO  server.RaftServerConfigKeys (ConfUtils.java:logGet(44)) - raft.server.log.queue.byte-limit = 2147483647 (custom)
2021-11-15 19:21:11,309 [pool-74-thread-1] INFO  server.RaftServerConfigKeys (ConfUtils.java:logGet(44)) - raft.server.log.queue.element-limit = 1024 (custom)
2021-11-15 19:21:11,309 [pool-74-thread-1] INFO  server.RaftServerConfigKeys (ConfUtils.java:logGet(44)) - raft.server.log.segment.size.max = 1048576 (custom)
2021-11-15 19:21:11,309 [pool-74-thread-1] INFO  server.RaftServerConfigKeys (ConfUtils.java:logGet(44)) - raft.server.log.preallocated.size = 16384 (custom)
2021-11-15 19:21:11,309 [pool-74-thread-1] INFO  server.RaftServerConfigKeys (ConfUtils.java:logGet(44)) - raft.server.log.force.sync.num = 128 (default)
2021-11-15 19:21:11,309 [pool-74-thread-1] INFO  server.RaftServerConfigKeys (ConfUtils.java:logGet(44)) - raft.server.log.statemachine.data.sync = true (default)
2021-11-15 19:21:11,309 [pool-74-thread-1] INFO  server.RaftServerConfigKeys (ConfUtils.java:logGet(44)) - raft.server.log.statemachine.data.sync.timeout = 10s (default)
2021-11-15 19:21:11,309 [pool-74-thread-1] INFO  server.RaftServerConfigKeys (ConfUtils.java:logGet(44)) - raft.server.log.statemachine.data.sync.timeout.retry = -1 (default)
2021-11-15 19:21:11,310 [pool-74-thread-1] INFO  server.RaftServerConfigKeys (ConfUtils.java:logGet(44)) - raft.server.log.write.buffer.size = 1048576 (custom)
2021-11-15 19:21:11,310 [pool-74-thread-1] INFO  server.RaftServerConfigKeys (ConfUtils.java:logGet(44)) - raft.server.log.statemachine.data.caching.enabled = true (custom)
2021-11-15 19:21:11,311 [pool-74-thread-1] INFO  segmented.SegmentedRaftLogWorker (SegmentedRaftLogWorker.java:lambda$new$0(133)) - bce623f1-3c31-45ef-9861-869f671ae311@group-9B0D820938DF-SegmentedRaftLogWorker: flushIndex: setUnconditionally 0 -> -1
2021-11-15 19:21:11,311 [pool-74-thread-1] INFO  segmented.SegmentedRaftLogWorker (SegmentedRaftLogWorker.java:lambda$new$0(133)) - bce623f1-3c31-45ef-9861-869f671ae311@group-9B0D820938DF-SegmentedRaftLogWorker: safeCacheEvictIndex: setUnconditionally 0 -> -1
2021-11-15 19:21:11,317 [pool-74-thread-1] INFO  server.RaftServerConfigKeys (ConfUtils.java:logGet(44)) - raft.server.snapshot.auto.trigger.enabled = true (custom)
2021-11-15 19:21:11,317 [pool-74-thread-1] INFO  server.RaftServerConfigKeys (ConfUtils.java:logGet(44)) - raft.server.snapshot.auto.trigger.threshold = 10000 (custom)
2021-11-15 19:21:11,318 [pool-74-thread-1] INFO  server.RaftServerConfigKeys (ConfUtils.java:logGet(44)) - raft.server.snapshot.retention.file.num = 5 (custom)
2021-11-15 19:21:11,318 [pool-74-thread-1] INFO  server.RaftServerConfigKeys (ConfUtils.java:logGet(44)) - raft.server.log.purge.upto.snapshot.index = false (default)
2021-11-15 19:21:11,318 [pool-74-thread-1] INFO  server.RaftServerConfigKeys (ConfUtils.java:logGet(44)) - raft.server.retrycache.expirytime = 600000ms (custom)
2021-11-15 19:21:11,318 [pool-74-thread-1] INFO  server.RaftServerConfigKeys (ConfUtils.java:logGet(44)) - raft.server.retrycache.statistics.expirytime = 100μs (default)
2021-11-15 19:21:11,319 [EventQueue-OpenPipelineForHealthyPipelineSafeModeRule] INFO  safemode.SCMSafeModeManager (HealthyPipelineSafeModeRule.java:process(124)) - SCM in safe mode. Healthy pipelines reported count is 0, required healthy pipeline reported count is 1
2021-11-15 19:21:11,320 [pool-74-thread-1] INFO  server.RaftServer$Division (RaftServerImpl.java:start(301)) - bce623f1-3c31-45ef-9861-869f671ae311@group-9B0D820938DF: start as a follower, conf=-1: [c038e53c-4808-40a4-bcac-87a6adf6dbd8|rpc:10.1.0.16:46879|priority:0, 5f24cb3a-787a-4f69-a830-2d3d8b70745a|rpc:10.1.0.16:34579|priority:1, bce623f1-3c31-45ef-9861-869f671ae311|rpc:10.1.0.16:38881|priority:0], old=null
2021-11-15 19:21:11,321 [pool-74-thread-1] INFO  server.RaftServer$Division (RaftServerImpl.java:setRole(290)) - bce623f1-3c31-45ef-9861-869f671ae311@group-9B0D820938DF: changes role from      null to FOLLOWER at term 0 for startAsFollower
2021-11-15 19:21:11,321 [pool-74-thread-1] INFO  impl.RoleInfo (RoleInfo.java:updateAndGet(130)) - bce623f1-3c31-45ef-9861-869f671ae311: start bce623f1-3c31-45ef-9861-869f671ae311@group-9B0D820938DF-FollowerState
2021-11-15 19:21:11,325 [pool-74-thread-1] INFO  util.JmxRegister (JmxRegister.java:tryRegister(44)) - Successfully registered JMX Bean with object name Ratis:service=RaftServer,group=group-9B0D820938DF,id=bce623f1-3c31-45ef-9861-869f671ae311
2021-11-15 19:21:11,328 [Command processor thread] INFO  ratis.XceiverServerRatis (XceiverServerRatis.java:addGroup(768)) - Created group PipelineID=430698ac-9a5d-4310-9d5d-9b0d820938df
2021-11-15 19:21:11,542 [Listener at 127.0.0.1/38415] INFO  ozone.MiniOzoneClusterImpl (MiniOzoneClusterImpl.java:lambda$waitForClusterToBeReady$0(235)) - Nodes are ready. Got 7 of 7 DN Heartbeats.
2021-11-15 19:21:11,542 [Listener at 127.0.0.1/38415] INFO  ozone.MiniOzoneClusterImpl (MiniOzoneClusterImpl.java:lambda$waitForClusterToBeReady$0(238)) - Waiting for cluster to exit safe mode
2021-11-15 19:21:11,542 [Listener at 127.0.0.1/38415] INFO  ozone.MiniOzoneClusterImpl (MiniOzoneClusterImpl.java:lambda$waitForClusterToBeReady$0(240)) - SCM became leader
2021-11-15 19:21:11,568 [grpc-default-executor-1] INFO  server.RaftServer (RaftServerProxy.java:addNew(95)) - 5f24cb3a-787a-4f69-a830-2d3d8b70745a: addNew group-9B0D820938DF:[c038e53c-4808-40a4-bcac-87a6adf6dbd8|rpc:10.1.0.16:46879|dataStream:|priority:0, 5f24cb3a-787a-4f69-a830-2d3d8b70745a|rpc:10.1.0.16:34579|dataStream:|priority:1, bce623f1-3c31-45ef-9861-869f671ae311|rpc:10.1.0.16:38881|dataStream:|priority:0] returns group-9B0D820938DF:java.util.concurrent.CompletableFuture@14442c79[Not completed]
2021-11-15 19:21:11,570 [pool-93-thread-1] INFO  server.RaftServer$Division (RaftServerImpl.java:<init>(184)) - 5f24cb3a-787a-4f69-a830-2d3d8b70745a: new RaftServerImpl for group-9B0D820938DF:[c038e53c-4808-40a4-bcac-87a6adf6dbd8|rpc:10.1.0.16:46879|dataStream:|priority:0, 5f24cb3a-787a-4f69-a830-2d3d8b70745a|rpc:10.1.0.16:34579|dataStream:|priority:1, bce623f1-3c31-45ef-9861-869f671ae311|rpc:10.1.0.16:38881|dataStream:|priority:0] with ContainerStateMachine:uninitialized
2021-11-15 19:21:11,572 [pool-93-thread-1] INFO  server.RaftServerConfigKeys (ConfUtils.java:logGet(44)) - raft.server.rpc.timeout.min = 5s (custom)
2021-11-15 19:21:11,572 [pool-93-thread-1] INFO  server.RaftServerConfigKeys (ConfUtils.java:logGet(44)) - raft.server.rpc.timeout.max = 5200ms (custom)
2021-11-15 19:21:11,572 [pool-93-thread-1] INFO  server.RaftServerConfigKeys (ConfUtils.java:logGet(44)) - raft.server.rpc.sleep.time = 25ms (default)
2021-11-15 19:21:11,572 [pool-93-thread-1] INFO  server.RaftServerConfigKeys (ConfUtils.java:logGet(44)) - raft.server.rpc.slowness.timeout = 300000ms (custom)
2021-11-15 19:21:11,572 [pool-93-thread-1] INFO  server.RaftServerConfigKeys (ConfUtils.java:logGet(44)) - raft.server.leaderelection.leader.step-down.wait-time = 10s (default)
2021-11-15 19:21:11,572 [pool-93-thread-1] INFO  server.RaftServerConfigKeys (ConfUtils.java:logGet(44)) - raft.server.sleep.deviation.threshold = 300ms (default)
2021-11-15 19:21:11,572 [pool-93-thread-1] INFO  server.RaftServerConfigKeys (ConfUtils.java:logGet(44)) - raft.server.log.appender.install.snapshot.enabled = false (custom)
2021-11-15 19:21:11,572 [pool-93-thread-1] INFO  server.RaftServer$Division (ServerState.java:<init>(105)) - 5f24cb3a-787a-4f69-a830-2d3d8b70745a@group-9B0D820938DF: ConfigurationManager, init=-1: [c038e53c-4808-40a4-bcac-87a6adf6dbd8|rpc:10.1.0.16:46879|dataStream:|priority:0, 5f24cb3a-787a-4f69-a830-2d3d8b70745a|rpc:10.1.0.16:34579|dataStream:|priority:1, bce623f1-3c31-45ef-9861-869f671ae311|rpc:10.1.0.16:38881|dataStream:|priority:0], old=null, confs=<EMPTY_MAP>
2021-11-15 19:21:11,572 [pool-93-thread-1] INFO  server.RaftServerConfigKeys (ConfUtils.java:logGet(44)) - raft.server.storage.dir = [/home/runner/work/ozone/ozone/hadoop-ozone/integration-test/target/test-dir/MiniOzoneClusterImpl-edab3eb4-5721-4c35-be90-debfdbe0e37e/datanode-2/data/ratis] (custom)
2021-11-15 19:21:11,573 [pool-93-thread-1] INFO  server.RaftServerConfigKeys (ConfUtils.java:logGet(44)) - raft.server.log.corruption.policy = EXCEPTION (default)
2021-11-15 19:21:11,573 [pool-93-thread-1] INFO  server.RaftServerConfigKeys (ConfUtils.java:logGet(44)) - raft.server.storage.free-space.min = 0MB (=0) (default)
2021-11-15 19:21:11,573 [pool-93-thread-1] INFO  storage.RaftStorageDirectory (RaftStorageDirectoryImpl.java:analyzeStorage(135)) - The storage directory /home/runner/work/ozone/ozone/hadoop-ozone/integration-test/target/test-dir/MiniOzoneClusterImpl-edab3eb4-5721-4c35-be90-debfdbe0e37e/datanode-2/data/ratis/430698ac-9a5d-4310-9d5d-9b0d820938df does not exist. Creating ...
2021-11-15 19:21:11,577 [pool-93-thread-1] INFO  storage.RaftStorageDirectory (RaftStorageDirectoryImpl.java:tryLock(230)) - Lock on /home/runner/work/ozone/ozone/hadoop-ozone/integration-test/target/test-dir/MiniOzoneClusterImpl-edab3eb4-5721-4c35-be90-debfdbe0e37e/datanode-2/data/ratis/430698ac-9a5d-4310-9d5d-9b0d820938df/in_use.lock acquired by nodename 2800@fv-az151-339
2021-11-15 19:21:11,579 [pool-93-thread-1] INFO  storage.RaftStorage (RaftStorageImpl.java:format(89)) - Storage directory /home/runner/work/ozone/ozone/hadoop-ozone/integration-test/target/test-dir/MiniOzoneClusterImpl-edab3eb4-5721-4c35-be90-debfdbe0e37e/datanode-2/data/ratis/430698ac-9a5d-4310-9d5d-9b0d820938df has been successfully formatted.
2021-11-15 19:21:11,586 [pool-93-thread-1] INFO  ratis.ContainerStateMachine (ContainerStateMachine.java:loadSnapshot(224)) - group-9B0D820938DF: The snapshot info is null. Setting the last applied indexto:(t:0, i:~)
2021-11-15 19:21:11,586 [pool-93-thread-1] INFO  server.RaftServerConfigKeys (ConfUtils.java:logGet(44)) - raft.server.notification.no-leader.timeout = 300000ms (custom)
2021-11-15 19:21:11,586 [pool-93-thread-1] INFO  server.RaftServerConfigKeys (ConfUtils.java:logGet(44)) - raft.server.log.use.memory = false (default)
2021-11-15 19:21:11,595 [pool-93-thread-1] INFO  server.RaftServerConfigKeys (ConfUtils.java:logGet(44)) - raft.server.log.purge.gap = 1000000 (custom)
2021-11-15 19:21:11,595 [pool-93-thread-1] INFO  server.RaftServerConfigKeys (ConfUtils.java:logGet(44)) - raft.server.log.appender.buffer.byte-limit = 33554432 (custom)
2021-11-15 19:21:11,595 [pool-93-thread-1] INFO  server.RaftServerConfigKeys (ConfUtils.java:logGet(44)) - raft.server.log.segment.size.max = 1048576 (custom)
2021-11-15 19:21:11,604 [pool-93-thread-1] INFO  server.RaftServerConfigKeys (ConfUtils.java:logGet(44)) - raft.server.log.segment.cache.num.max = 2 (custom)
2021-11-15 19:21:11,604 [pool-93-thread-1] INFO  server.RaftServerConfigKeys (ConfUtils.java:logGet(44)) - raft.server.log.segment.cache.size.max = 200MB (=209715200) (default)
2021-11-15 19:21:11,604 [pool-93-thread-1] INFO  segmented.SegmentedRaftLogWorker (SegmentedRaftLogWorker.java:<init>(182)) - new 5f24cb3a-787a-4f69-a830-2d3d8b70745a@group-9B0D820938DF-SegmentedRaftLogWorker for RaftStorageImpl:Storage Directory /home/runner/work/ozone/ozone/hadoop-ozone/integration-test/target/test-dir/MiniOzoneClusterImpl-edab3eb4-5721-4c35-be90-debfdbe0e37e/datanode-2/data/ratis/430698ac-9a5d-4310-9d5d-9b0d820938df
2021-11-15 19:21:11,607 [pool-93-thread-1] INFO  server.RaftServerConfigKeys (ConfUtils.java:logGet(44)) - raft.server.log.queue.byte-limit = 2147483647 (custom)
2021-11-15 19:21:11,607 [pool-93-thread-1] INFO  server.RaftServerConfigKeys (ConfUtils.java:logGet(44)) - raft.server.log.queue.element-limit = 1024 (custom)
2021-11-15 19:21:11,607 [pool-93-thread-1] INFO  server.RaftServerConfigKeys (ConfUtils.java:logGet(44)) - raft.server.log.segment.size.max = 1048576 (custom)
2021-11-15 19:21:11,607 [pool-93-thread-1] INFO  server.RaftServerConfigKeys (ConfUtils.java:logGet(44)) - raft.server.log.preallocated.size = 16384 (custom)
2021-11-15 19:21:11,607 [pool-93-thread-1] INFO  server.RaftServerConfigKeys (ConfUtils.java:logGet(44)) - raft.server.log.force.sync.num = 128 (default)
2021-11-15 19:21:11,607 [pool-93-thread-1] INFO  server.RaftServerConfigKeys (ConfUtils.java:logGet(44)) - raft.server.log.statemachine.data.sync = true (default)
2021-11-15 19:21:11,607 [pool-93-thread-1] INFO  server.RaftServerConfigKeys (ConfUtils.java:logGet(44)) - raft.server.log.statemachine.data.sync.timeout = 10s (default)
2021-11-15 19:21:11,608 [pool-93-thread-1] INFO  server.RaftServerConfigKeys (ConfUtils.java:logGet(44)) - raft.server.log.statemachine.data.sync.timeout.retry = -1 (default)
2021-11-15 19:21:11,608 [pool-93-thread-1] INFO  server.RaftServerConfigKeys (ConfUtils.java:logGet(44)) - raft.server.log.write.buffer.size = 1048576 (custom)
2021-11-15 19:21:11,609 [pool-93-thread-1] INFO  server.RaftServerConfigKeys (ConfUtils.java:logGet(44)) - raft.server.log.statemachine.data.caching.enabled = true (custom)
2021-11-15 19:21:11,609 [pool-93-thread-1] INFO  segmented.SegmentedRaftLogWorker (SegmentedRaftLogWorker.java:lambda$new$0(133)) - 5f24cb3a-787a-4f69-a830-2d3d8b70745a@group-9B0D820938DF-SegmentedRaftLogWorker: flushIndex: setUnconditionally 0 -> -1
2021-11-15 19:21:11,610 [pool-93-thread-1] INFO  segmented.SegmentedRaftLogWorker (SegmentedRaftLogWorker.java:lambda$new$0(133)) - 5f24cb3a-787a-4f69-a830-2d3d8b70745a@group-9B0D820938DF-SegmentedRaftLogWorker: safeCacheEvictIndex: setUnconditionally 0 -> -1
2021-11-15 19:21:11,616 [pool-93-thread-1] INFO  server.RaftServerConfigKeys (ConfUtils.java:logGet(44)) - raft.server.snapshot.auto.trigger.enabled = true (custom)
2021-11-15 19:21:11,616 [pool-93-thread-1] INFO  server.RaftServerConfigKeys (ConfUtils.java:logGet(44)) - raft.server.snapshot.auto.trigger.threshold = 10000 (custom)
2021-11-15 19:21:11,616 [pool-93-thread-1] INFO  server.RaftServerConfigKeys (ConfUtils.java:logGet(44)) - raft.server.snapshot.retention.file.num = 5 (custom)
2021-11-15 19:21:11,616 [pool-93-thread-1] INFO  server.RaftServerConfigKeys (ConfUtils.java:logGet(44)) - raft.server.log.purge.upto.snapshot.index = false (default)
2021-11-15 19:21:11,616 [pool-93-thread-1] INFO  server.RaftServerConfigKeys (ConfUtils.java:logGet(44)) - raft.server.retrycache.expirytime = 600000ms (custom)
2021-11-15 19:21:11,616 [pool-93-thread-1] INFO  server.RaftServerConfigKeys (ConfUtils.java:logGet(44)) - raft.server.retrycache.statistics.expirytime = 100μs (default)
2021-11-15 19:21:11,620 [pool-93-thread-1] INFO  server.RaftServer$Division (RaftServerImpl.java:start(301)) - 5f24cb3a-787a-4f69-a830-2d3d8b70745a@group-9B0D820938DF: start as a follower, conf=-1: [c038e53c-4808-40a4-bcac-87a6adf6dbd8|rpc:10.1.0.16:46879|dataStream:|priority:0, 5f24cb3a-787a-4f69-a830-2d3d8b70745a|rpc:10.1.0.16:34579|dataStream:|priority:1, bce623f1-3c31-45ef-9861-869f671ae311|rpc:10.1.0.16:38881|dataStream:|priority:0], old=null
2021-11-15 19:21:11,620 [pool-93-thread-1] INFO  server.RaftServer$Division (RaftServerImpl.java:setRole(290)) - 5f24cb3a-787a-4f69-a830-2d3d8b70745a@group-9B0D820938DF: changes role from      null to FOLLOWER at term 0 for startAsFollower
2021-11-15 19:21:11,620 [pool-93-thread-1] INFO  impl.RoleInfo (RoleInfo.java:updateAndGet(130)) - 5f24cb3a-787a-4f69-a830-2d3d8b70745a: start 5f24cb3a-787a-4f69-a830-2d3d8b70745a@group-9B0D820938DF-FollowerState
2021-11-15 19:21:11,624 [pool-93-thread-1] INFO  util.JmxRegister (JmxRegister.java:tryRegister(44)) - Successfully registered JMX Bean with object name Ratis:service=RaftServer,group=group-9B0D820938DF,id=5f24cb3a-787a-4f69-a830-2d3d8b70745a
2021-11-15 19:21:11,689 [Command processor thread] INFO  commandhandler.CreatePipelineCommandHandler (CreatePipelineCommandHandler.java:handle(106)) - Created Pipeline RATIS THREE PipelineID=430698ac-9a5d-4310-9d5d-9b0d820938df.
2021-11-15 19:21:11,691 [pool-74-thread-1] INFO  server.RaftServer$Division (RaftServerImpl.java:<init>(184)) - bce623f1-3c31-45ef-9861-869f671ae311: new RaftServerImpl for group-3123CD3C107D:[c038e53c-4808-40a4-bcac-87a6adf6dbd8|rpc:10.1.0.16:46879|priority:0, 5f24cb3a-787a-4f69-a830-2d3d8b70745a|rpc:10.1.0.16:34579|priority:0, bce623f1-3c31-45ef-9861-869f671ae311|rpc:10.1.0.16:38881|priority:1] with ContainerStateMachine:uninitialized
2021-11-15 19:21:11,691 [pool-74-thread-1] INFO  server.RaftServerConfigKeys (ConfUtils.java:logGet(44)) - raft.server.rpc.timeout.min = 5s (custom)
2021-11-15 19:21:11,691 [pool-74-thread-1] INFO  server.RaftServerConfigKeys (ConfUtils.java:logGet(44)) - raft.server.rpc.timeout.max = 5200ms (custom)
2021-11-15 19:21:11,691 [pool-74-thread-1] INFO  server.RaftServerConfigKeys (ConfUtils.java:logGet(44)) - raft.server.rpc.sleep.time = 25ms (default)
2021-11-15 19:21:11,691 [pool-74-thread-1] INFO  server.RaftServerConfigKeys (ConfUtils.java:logGet(44)) - raft.server.rpc.slowness.timeout = 300000ms (custom)
2021-11-15 19:21:11,691 [pool-74-thread-1] INFO  server.RaftServerConfigKeys (ConfUtils.java:logGet(44)) - raft.server.leaderelection.leader.step-down.wait-time = 10s (default)
2021-11-15 19:21:11,691 [pool-74-thread-1] INFO  server.RaftServerConfigKeys (ConfUtils.java:logGet(44)) - raft.server.sleep.deviation.threshold = 300ms (default)
2021-11-15 19:21:11,691 [pool-74-thread-1] INFO  server.RaftServerConfigKeys (ConfUtils.java:logGet(44)) - raft.server.log.appender.install.snapshot.enabled = false (custom)
2021-11-15 19:21:11,691 [pool-74-thread-1] INFO  server.RaftServer$Division (ServerState.java:<init>(105)) - bce623f1-3c31-45ef-9861-869f671ae311@group-3123CD3C107D: ConfigurationManager, init=-1: [c038e53c-4808-40a4-bcac-87a6adf6dbd8|rpc:10.1.0.16:46879|priority:0, 5f24cb3a-787a-4f69-a830-2d3d8b70745a|rpc:10.1.0.16:34579|priority:0, bce623f1-3c31-45ef-9861-869f671ae311|rpc:10.1.0.16:38881|priority:1], old=null, confs=<EMPTY_MAP>
2021-11-15 19:21:11,692 [pool-74-thread-1] INFO  server.RaftServerConfigKeys (ConfUtils.java:logGet(44)) - raft.server.storage.dir = [/home/runner/work/ozone/ozone/hadoop-ozone/integration-test/target/test-dir/MiniOzoneClusterImpl-edab3eb4-5721-4c35-be90-debfdbe0e37e/datanode-1/data/ratis] (custom)
2021-11-15 19:21:11,692 [pool-74-thread-1] INFO  server.RaftServerConfigKeys (ConfUtils.java:logGet(44)) - raft.server.log.corruption.policy = EXCEPTION (default)
2021-11-15 19:21:11,692 [pool-74-thread-1] INFO  server.RaftServerConfigKeys (ConfUtils.java:logGet(44)) - raft.server.storage.free-space.min = 0MB (=0) (default)
2021-11-15 19:21:11,692 [pool-74-thread-1] INFO  storage.RaftStorageDirectory (RaftStorageDirectoryImpl.java:analyzeStorage(135)) - The storage directory /home/runner/work/ozone/ozone/hadoop-ozone/integration-test/target/test-dir/MiniOzoneClusterImpl-edab3eb4-5721-4c35-be90-debfdbe0e37e/datanode-1/data/ratis/35d75f5e-aa39-420d-bbb8-3123cd3c107d does not exist. Creating ...
2021-11-15 19:21:11,693 [Command processor thread] INFO  server.RaftServer (RaftServerProxy.java:addNew(95)) - bce623f1-3c31-45ef-9861-869f671ae311: addNew group-3123CD3C107D:[c038e53c-4808-40a4-bcac-87a6adf6dbd8|rpc:10.1.0.16:46879|priority:0, 5f24cb3a-787a-4f69-a830-2d3d8b70745a|rpc:10.1.0.16:34579|priority:0, bce623f1-3c31-45ef-9861-869f671ae311|rpc:10.1.0.16:38881|priority:1] returns group-3123CD3C107D:java.util.concurrent.CompletableFuture@79521ed5[Not completed]
2021-11-15 19:21:11,694 [pool-74-thread-1] INFO  storage.RaftStorageDirectory (RaftStorageDirectoryImpl.java:tryLock(230)) - Lock on /home/runner/work/ozone/ozone/hadoop-ozone/integration-test/target/test-dir/MiniOzoneClusterImpl-edab3eb4-5721-4c35-be90-debfdbe0e37e/datanode-1/data/ratis/35d75f5e-aa39-420d-bbb8-3123cd3c107d/in_use.lock acquired by nodename 2800@fv-az151-339
2021-11-15 19:21:11,696 [pool-74-thread-1] INFO  storage.RaftStorage (RaftStorageImpl.java:format(89)) - Storage directory /home/runner/work/ozone/ozone/hadoop-ozone/integration-test/target/test-dir/MiniOzoneClusterImpl-edab3eb4-5721-4c35-be90-debfdbe0e37e/datanode-1/data/ratis/35d75f5e-aa39-420d-bbb8-3123cd3c107d has been successfully formatted.
2021-11-15 19:21:11,696 [pool-74-thread-1] INFO  ratis.ContainerStateMachine (ContainerStateMachine.java:loadSnapshot(224)) - group-3123CD3C107D: The snapshot info is null. Setting the last applied indexto:(t:0, i:~)
2021-11-15 19:21:11,696 [pool-74-thread-1] INFO  server.RaftServerConfigKeys (ConfUtils.java:logGet(44)) - raft.server.notification.no-leader.timeout = 300000ms (custom)
2021-11-15 19:21:11,696 [pool-74-thread-1] INFO  server.RaftServerConfigKeys (ConfUtils.java:logGet(44)) - raft.server.log.use.memory = false (default)
2021-11-15 19:21:11,697 [pool-74-thread-1] INFO  server.RaftServerConfigKeys (ConfUtils.java:logGet(44)) - raft.server.log.purge.gap = 1000000 (custom)
2021-11-15 19:21:11,698 [pool-74-thread-1] INFO  server.RaftServerConfigKeys (ConfUtils.java:logGet(44)) - raft.server.log.appender.buffer.byte-limit = 33554432 (custom)
2021-11-15 19:21:11,698 [pool-74-thread-1] INFO  server.RaftServerConfigKeys (ConfUtils.java:logGet(44)) - raft.server.log.segment.size.max = 1048576 (custom)
2021-11-15 19:21:11,698 [EventQueue-OpenPipelineForHealthyPipelineSafeModeRule] INFO  safemode.SCMSafeModeManager (HealthyPipelineSafeModeRule.java:process(124)) - SCM in safe mode. Healthy pipelines reported count is 0, required healthy pipeline reported count is 1
2021-11-15 19:21:11,699 [pool-74-thread-1] INFO  server.RaftServerConfigKeys (ConfUtils.java:logGet(44)) - raft.server.log.segment.cache.num.max = 2 (custom)
2021-11-15 19:21:11,699 [pool-74-thread-1] INFO  server.RaftServerConfigKeys (ConfUtils.java:logGet(44)) - raft.server.log.segment.cache.size.max = 200MB (=209715200) (default)
2021-11-15 19:21:11,699 [pool-74-thread-1] INFO  segmented.SegmentedRaftLogWorker (SegmentedRaftLogWorker.java:<init>(182)) - new bce623f1-3c31-45ef-9861-869f671ae311@group-3123CD3C107D-SegmentedRaftLogWorker for RaftStorageImpl:Storage Directory /home/runner/work/ozone/ozone/hadoop-ozone/integration-test/target/test-dir/MiniOzoneClusterImpl-edab3eb4-5721-4c35-be90-debfdbe0e37e/datanode-1/data/ratis/35d75f5e-aa39-420d-bbb8-3123cd3c107d
2021-11-15 19:21:11,699 [pool-74-thread-1] INFO  server.RaftServerConfigKeys (ConfUtils.java:logGet(44)) - raft.server.log.queue.byte-limit = 2147483647 (custom)
2021-11-15 19:21:11,699 [pool-74-thread-1] INFO  server.RaftServerConfigKeys (ConfUtils.java:logGet(44)) - raft.server.log.queue.element-limit = 1024 (custom)
2021-11-15 19:21:11,699 [pool-74-thread-1] INFO  server.RaftServerConfigKeys (ConfUtils.java:logGet(44)) - raft.server.log.segment.size.max = 1048576 (custom)
2021-11-15 19:21:11,699 [pool-74-thread-1] INFO  server.RaftServerConfigKeys (ConfUtils.java:logGet(44)) - raft.server.log.preallocated.size = 16384 (custom)
2021-11-15 19:21:11,699 [pool-74-thread-1] INFO  server.RaftServerConfigKeys (ConfUtils.java:logGet(44)) - raft.server.log.force.sync.num = 128 (default)
2021-11-15 19:21:11,700 [pool-74-thread-1] INFO  server.RaftServerConfigKeys (ConfUtils.java:logGet(44)) - raft.server.log.statemachine.data.sync = true (default)
2021-11-15 19:21:11,700 [pool-74-thread-1] INFO  server.RaftServerConfigKeys (ConfUtils.java:logGet(44)) - raft.server.log.statemachine.data.sync.timeout = 10s (default)
2021-11-15 19:21:11,700 [pool-74-thread-1] INFO  server.RaftServerConfigKeys (ConfUtils.java:logGet(44)) - raft.server.log.statemachine.data.sync.timeout.retry = -1 (default)
2021-11-15 19:21:11,700 [pool-74-thread-1] INFO  server.RaftServerConfigKeys (ConfUtils.java:logGet(44)) - raft.server.log.write.buffer.size = 1048576 (custom)
2021-11-15 19:21:11,701 [pool-74-thread-1] INFO  server.RaftServerConfigKeys (ConfUtils.java:logGet(44)) - raft.server.log.statemachine.data.caching.enabled = true (custom)
2021-11-15 19:21:11,701 [pool-74-thread-1] INFO  segmented.SegmentedRaftLogWorker (SegmentedRaftLogWorker.java:lambda$new$0(133)) - bce623f1-3c31-45ef-9861-869f671ae311@group-3123CD3C107D-SegmentedRaftLogWorker: flushIndex: setUnconditionally 0 -> -1
2021-11-15 19:21:11,701 [pool-74-thread-1] INFO  segmented.SegmentedRaftLogWorker (SegmentedRaftLogWorker.java:lambda$new$0(133)) - bce623f1-3c31-45ef-9861-869f671ae311@group-3123CD3C107D-SegmentedRaftLogWorker: safeCacheEvictIndex: setUnconditionally 0 -> -1
2021-11-15 19:21:11,704 [pool-74-thread-1] INFO  server.RaftServerConfigKeys (ConfUtils.java:logGet(44)) - raft.server.snapshot.auto.trigger.enabled = true (custom)
2021-11-15 19:21:11,705 [pool-74-thread-1] INFO  server.RaftServerConfigKeys (ConfUtils.java:logGet(44)) - raft.server.snapshot.auto.trigger.threshold = 10000 (custom)
2021-11-15 19:21:11,711 [pool-74-thread-1] INFO  server.RaftServerConfigKeys (ConfUtils.java:logGet(44)) - raft.server.snapshot.retention.file.num = 5 (custom)
2021-11-15 19:21:11,711 [pool-74-thread-1] INFO  server.RaftServerConfigKeys (ConfUtils.java:logGet(44)) - raft.server.log.purge.upto.snapshot.index = false (default)
2021-11-15 19:21:11,711 [pool-74-thread-1] INFO  server.RaftServerConfigKeys (ConfUtils.java:logGet(44)) - raft.server.retrycache.expirytime = 600000ms (custom)
2021-11-15 19:21:11,711 [pool-74-thread-1] INFO  server.RaftServerConfigKeys (ConfUtils.java:logGet(44)) - raft.server.retrycache.statistics.expirytime = 100μs (default)
2021-11-15 19:21:11,713 [pool-74-thread-1] INFO  server.RaftServer$Division (RaftServerImpl.java:start(301)) - bce623f1-3c31-45ef-9861-869f671ae311@group-3123CD3C107D: start as a follower, conf=-1: [c038e53c-4808-40a4-bcac-87a6adf6dbd8|rpc:10.1.0.16:46879|priority:0, 5f24cb3a-787a-4f69-a830-2d3d8b70745a|rpc:10.1.0.16:34579|priority:0, bce623f1-3c31-45ef-9861-869f671ae311|rpc:10.1.0.16:38881|priority:1], old=null
2021-11-15 19:21:11,713 [pool-74-thread-1] INFO  server.RaftServer$Division (RaftServerImpl.java:setRole(290)) - bce623f1-3c31-45ef-9861-869f671ae311@group-3123CD3C107D: changes role from      null to FOLLOWER at term 0 for startAsFollower
2021-11-15 19:21:11,713 [pool-74-thread-1] INFO  impl.RoleInfo (RoleInfo.java:updateAndGet(130)) - bce623f1-3c31-45ef-9861-869f671ae311: start bce623f1-3c31-45ef-9861-869f671ae311@group-3123CD3C107D-FollowerState
2021-11-15 19:21:11,718 [pool-74-thread-1] INFO  util.JmxRegister (JmxRegister.java:tryRegister(44)) - Successfully registered JMX Bean with object name Ratis:service=RaftServer,group=group-3123CD3C107D,id=bce623f1-3c31-45ef-9861-869f671ae311
2021-11-15 19:21:11,720 [Command processor thread] INFO  ratis.XceiverServerRatis (XceiverServerRatis.java:addGroup(768)) - Created group PipelineID=35d75f5e-aa39-420d-bbb8-3123cd3c107d
2021-11-15 19:21:11,732 [Command processor thread] INFO  server.RaftServer (RaftServerProxy.java:addNew(95)) - 5f24cb3a-787a-4f69-a830-2d3d8b70745a: addNew group-E9B8733C2D53:[5f24cb3a-787a-4f69-a830-2d3d8b70745a|rpc:10.1.0.16:34579|priority:1] returns group-E9B8733C2D53:java.util.concurrent.CompletableFuture@2670ffaf[Not completed]
2021-11-15 19:21:11,733 [pool-93-thread-1] INFO  server.RaftServer$Division (RaftServerImpl.java:<init>(184)) - 5f24cb3a-787a-4f69-a830-2d3d8b70745a: new RaftServerImpl for group-E9B8733C2D53:[5f24cb3a-787a-4f69-a830-2d3d8b70745a|rpc:10.1.0.16:34579|priority:1] with ContainerStateMachine:uninitialized
2021-11-15 19:21:11,733 [pool-93-thread-1] INFO  server.RaftServerConfigKeys (ConfUtils.java:logGet(44)) - raft.server.rpc.timeout.min = 5s (custom)
2021-11-15 19:21:11,733 [pool-93-thread-1] INFO  server.RaftServerConfigKeys (ConfUtils.java:logGet(44)) - raft.server.rpc.timeout.max = 5200ms (custom)
2021-11-15 19:21:11,733 [pool-93-thread-1] INFO  server.RaftServerConfigKeys (ConfUtils.java:logGet(44)) - raft.server.rpc.sleep.time = 25ms (default)
2021-11-15 19:21:11,733 [pool-93-thread-1] INFO  server.RaftServerConfigKeys (ConfUtils.java:logGet(44)) - raft.server.rpc.slowness.timeout = 300000ms (custom)
2021-11-15 19:21:11,733 [pool-93-thread-1] INFO  server.RaftServerConfigKeys (ConfUtils.java:logGet(44)) - raft.server.leaderelection.leader.step-down.wait-time = 10s (default)
2021-11-15 19:21:11,734 [pool-93-thread-1] INFO  server.RaftServerConfigKeys (ConfUtils.java:logGet(44)) - raft.server.sleep.deviation.threshold = 300ms (default)
2021-11-15 19:21:11,734 [pool-93-thread-1] INFO  server.RaftServerConfigKeys (ConfUtils.java:logGet(44)) - raft.server.log.appender.install.snapshot.enabled = false (custom)
2021-11-15 19:21:11,734 [pool-93-thread-1] INFO  server.RaftServer$Division (ServerState.java:<init>(105)) - 5f24cb3a-787a-4f69-a830-2d3d8b70745a@group-E9B8733C2D53: ConfigurationManager, init=-1: [5f24cb3a-787a-4f69-a830-2d3d8b70745a|rpc:10.1.0.16:34579|priority:1], old=null, confs=<EMPTY_MAP>
2021-11-15 19:21:11,734 [pool-93-thread-1] INFO  server.RaftServerConfigKeys (ConfUtils.java:logGet(44)) - raft.server.storage.dir = [/home/runner/work/ozone/ozone/hadoop-ozone/integration-test/target/test-dir/MiniOzoneClusterImpl-edab3eb4-5721-4c35-be90-debfdbe0e37e/datanode-2/data/ratis] (custom)
2021-11-15 19:21:11,734 [pool-93-thread-1] INFO  server.RaftServerConfigKeys (ConfUtils.java:logGet(44)) - raft.server.log.corruption.policy = EXCEPTION (default)
2021-11-15 19:21:11,734 [pool-93-thread-1] INFO  server.RaftServerConfigKeys (ConfUtils.java:logGet(44)) - raft.server.storage.free-space.min = 0MB (=0) (default)
2021-11-15 19:21:11,734 [pool-93-thread-1] INFO  storage.RaftStorageDirectory (RaftStorageDirectoryImpl.java:analyzeStorage(135)) - The storage directory /home/runner/work/ozone/ozone/hadoop-ozone/integration-test/target/test-dir/MiniOzoneClusterImpl-edab3eb4-5721-4c35-be90-debfdbe0e37e/datanode-2/data/ratis/afdadf34-f482-47b6-b37b-e9b8733c2d53 does not exist. Creating ...
2021-11-15 19:21:11,740 [pool-93-thread-1] INFO  storage.RaftStorageDirectory (RaftStorageDirectoryImpl.java:tryLock(230)) - Lock on /home/runner/work/ozone/ozone/hadoop-ozone/integration-test/target/test-dir/MiniOzoneClusterImpl-edab3eb4-5721-4c35-be90-debfdbe0e37e/datanode-2/data/ratis/afdadf34-f482-47b6-b37b-e9b8733c2d53/in_use.lock acquired by nodename 2800@fv-az151-339
2021-11-15 19:21:11,742 [pool-93-thread-1] INFO  storage.RaftStorage (RaftStorageImpl.java:format(89)) - Storage directory /home/runner/work/ozone/ozone/hadoop-ozone/integration-test/target/test-dir/MiniOzoneClusterImpl-edab3eb4-5721-4c35-be90-debfdbe0e37e/datanode-2/data/ratis/afdadf34-f482-47b6-b37b-e9b8733c2d53 has been successfully formatted.
2021-11-15 19:21:11,742 [pool-93-thread-1] INFO  ratis.ContainerStateMachine (ContainerStateMachine.java:loadSnapshot(224)) - group-E9B8733C2D53: The snapshot info is null. Setting the last applied indexto:(t:0, i:~)
2021-11-15 19:21:11,743 [pool-93-thread-1] INFO  server.RaftServerConfigKeys (ConfUtils.java:logGet(44)) - raft.server.notification.no-leader.timeout = 300000ms (custom)
2021-11-15 19:21:11,743 [pool-93-thread-1] INFO  server.RaftServerConfigKeys (ConfUtils.java:logGet(44)) - raft.server.log.use.memory = false (default)
2021-11-15 19:21:11,743 [pool-93-thread-1] INFO  server.RaftServerConfigKeys (ConfUtils.java:logGet(44)) - raft.server.log.purge.gap = 1000000 (custom)
2021-11-15 19:21:11,743 [pool-93-thread-1] INFO  server.RaftServerConfigKeys (ConfUtils.java:logGet(44)) - raft.server.log.appender.buffer.byte-limit = 33554432 (custom)
2021-11-15 19:21:11,743 [pool-93-thread-1] INFO  server.RaftServerConfigKeys (ConfUtils.java:logGet(44)) - raft.server.log.segment.size.max = 1048576 (custom)
2021-11-15 19:21:11,744 [pool-93-thread-1] INFO  server.RaftServerConfigKeys (ConfUtils.java:logGet(44)) - raft.server.log.segment.cache.num.max = 2 (custom)
2021-11-15 19:21:11,744 [pool-93-thread-1] INFO  server.RaftServerConfigKeys (ConfUtils.java:logGet(44)) - raft.server.log.segment.cache.size.max = 200MB (=209715200) (default)
2021-11-15 19:21:11,744 [pool-93-thread-1] INFO  segmented.SegmentedRaftLogWorker (SegmentedRaftLogWorker.java:<init>(182)) - new 5f24cb3a-787a-4f69-a830-2d3d8b70745a@group-E9B8733C2D53-SegmentedRaftLogWorker for RaftStorageImpl:Storage Directory /home/runner/work/ozone/ozone/hadoop-ozone/integration-test/target/test-dir/MiniOzoneClusterImpl-edab3eb4-5721-4c35-be90-debfdbe0e37e/datanode-2/data/ratis/afdadf34-f482-47b6-b37b-e9b8733c2d53
2021-11-15 19:21:11,744 [pool-93-thread-1] INFO  server.RaftServerConfigKeys (ConfUtils.java:logGet(44)) - raft.server.log.queue.byte-limit = 2147483647 (custom)
2021-11-15 19:21:11,749 [pool-93-thread-1] INFO  server.RaftServerConfigKeys (ConfUtils.java:logGet(44)) - raft.server.log.queue.element-limit = 1024 (custom)
2021-11-15 19:21:11,749 [pool-93-thread-1] INFO  server.RaftServerConfigKeys (ConfUtils.java:logGet(44)) - raft.server.log.segment.size.max = 1048576 (custom)
2021-11-15 19:21:11,749 [EventQueue-PipelineReportForPipelineReportHandler] INFO  pipeline.PipelineManagerImpl (PipelineManagerImpl.java:openPipeline(289)) - Pipeline Pipeline[ Id: afdadf34-f482-47b6-b37b-e9b8733c2d53, Nodes: 5f24cb3a-787a-4f69-a830-2d3d8b70745a{ip: 10.1.0.16, host: fv-az151-339.yf2hydr00wburbhx3j5hxtcipe.bx.internal.cloudapp.net, ports: [REPLICATION=34173, RATIS=34579, RATIS_ADMIN=34579, RATIS_SERVER=34579, STANDALONE=37973], networkLocation: /default-rack, certSerialId: null, persistedOpState: IN_SERVICE, persistedOpStateExpiryEpochSec: 0}, ReplicationConfig: RATIS/ONE, State:ALLOCATED, leaderId:5f24cb3a-787a-4f69-a830-2d3d8b70745a, CreationTimestamp2021-11-15T19:21:08.737Z[Etc/UTC]] moved to OPEN state
2021-11-15 19:21:11,750 [pool-93-thread-1] INFO  server.RaftServerConfigKeys (ConfUtils.java:logGet(44)) - raft.server.log.preallocated.size = 16384 (custom)
2021-11-15 19:21:11,750 [pool-93-thread-1] INFO  server.RaftServerConfigKeys (ConfUtils.java:logGet(44)) - raft.server.log.force.sync.num = 128 (default)
2021-11-15 19:21:11,750 [pool-93-thread-1] INFO  server.RaftServerConfigKeys (ConfUtils.java:logGet(44)) - raft.server.log.statemachine.data.sync = true (default)
2021-11-15 19:21:11,750 [pool-93-thread-1] INFO  server.RaftServerConfigKeys (ConfUtils.java:logGet(44)) - raft.server.log.statemachine.data.sync.timeout = 10s (default)
2021-11-15 19:21:11,750 [pool-93-thread-1] INFO  server.RaftServerConfigKeys (ConfUtils.java:logGet(44)) - raft.server.log.statemachine.data.sync.timeout.retry = -1 (default)
2021-11-15 19:21:11,750 [EventQueue-OpenPipelineForHealthyPipelineSafeModeRule] INFO  safemode.SCMSafeModeManager (HealthyPipelineSafeModeRule.java:process(124)) - SCM in safe mode. Healthy pipelines reported count is 0, required healthy pipeline reported count is 1
2021-11-15 19:21:11,753 [grpc-default-executor-0] INFO  server.RaftServer (RaftServerProxy.java:addNew(95)) - 5f24cb3a-787a-4f69-a830-2d3d8b70745a: addNew group-3123CD3C107D:[c038e53c-4808-40a4-bcac-87a6adf6dbd8|rpc:10.1.0.16:46879|dataStream:|priority:0, 5f24cb3a-787a-4f69-a830-2d3d8b70745a|rpc:10.1.0.16:34579|dataStream:|priority:0, bce623f1-3c31-45ef-9861-869f671ae311|rpc:10.1.0.16:38881|dataStream:|priority:1] returns group-3123CD3C107D:java.util.concurrent.CompletableFuture@18979ef4[Not completed]
2021-11-15 19:21:11,751 [pool-93-thread-1] INFO  server.RaftServerConfigKeys (ConfUtils.java:logGet(44)) - raft.server.log.write.buffer.size = 1048576 (custom)
2021-11-15 19:21:11,754 [pool-93-thread-1] INFO  server.RaftServerConfigKeys (ConfUtils.java:logGet(44)) - raft.server.log.statemachine.data.caching.enabled = true (custom)
2021-11-15 19:21:11,754 [pool-93-thread-1] INFO  segmented.SegmentedRaftLogWorker (SegmentedRaftLogWorker.java:lambda$new$0(133)) - 5f24cb3a-787a-4f69-a830-2d3d8b70745a@group-E9B8733C2D53-SegmentedRaftLogWorker: flushIndex: setUnconditionally 0 -> -1
2021-11-15 19:21:11,754 [pool-93-thread-1] INFO  segmented.SegmentedRaftLogWorker (SegmentedRaftLogWorker.java:lambda$new$0(133)) - 5f24cb3a-787a-4f69-a830-2d3d8b70745a@group-E9B8733C2D53-SegmentedRaftLogWorker: safeCacheEvictIndex: setUnconditionally 0 -> -1
2021-11-15 19:21:11,754 [pool-93-thread-1] INFO  server.RaftServerConfigKeys (ConfUtils.java:logGet(44)) - raft.server.snapshot.auto.trigger.enabled = true (custom)
2021-11-15 19:21:11,754 [pool-93-thread-1] INFO  server.RaftServerConfigKeys (ConfUtils.java:logGet(44)) - raft.server.snapshot.auto.trigger.threshold = 10000 (custom)
2021-11-15 19:21:11,754 [pool-93-thread-1] INFO  server.RaftServerConfigKeys (ConfUtils.java:logGet(44)) - raft.server.snapshot.retention.file.num = 5 (custom)
2021-11-15 19:21:11,754 [pool-93-thread-1] INFO  server.RaftServerConfigKeys (ConfUtils.java:logGet(44)) - raft.server.log.purge.upto.snapshot.index = false (default)
2021-11-15 19:21:11,754 [pool-93-thread-1] INFO  server.RaftServerConfigKeys (ConfUtils.java:logGet(44)) - raft.server.retrycache.expirytime = 600000ms (custom)
2021-11-15 19:21:11,754 [pool-93-thread-1] INFO  server.RaftServerConfigKeys (ConfUtils.java:logGet(44)) - raft.server.retrycache.statistics.expirytime = 100μs (default)
2021-11-15 19:21:11,756 [pool-93-thread-1] INFO  server.RaftServer$Division (RaftServerImpl.java:<init>(184)) - 5f24cb3a-787a-4f69-a830-2d3d8b70745a: new RaftServerImpl for group-3123CD3C107D:[c038e53c-4808-40a4-bcac-87a6adf6dbd8|rpc:10.1.0.16:46879|dataStream:|priority:0, 5f24cb3a-787a-4f69-a830-2d3d8b70745a|rpc:10.1.0.16:34579|dataStream:|priority:0, bce623f1-3c31-45ef-9861-869f671ae311|rpc:10.1.0.16:38881|dataStream:|priority:1] with ContainerStateMachine:uninitialized
2021-11-15 19:21:11,756 [pool-93-thread-1] INFO  server.RaftServerConfigKeys (ConfUtils.java:logGet(44)) - raft.server.rpc.timeout.min = 5s (custom)
2021-11-15 19:21:11,756 [pool-93-thread-1] INFO  server.RaftServerConfigKeys (ConfUtils.java:logGet(44)) - raft.server.rpc.timeout.max = 5200ms (custom)
2021-11-15 19:21:11,756 [pool-93-thread-1] INFO  server.RaftServerConfigKeys (ConfUtils.java:logGet(44)) - raft.server.rpc.sleep.time = 25ms (default)
2021-11-15 19:21:11,756 [pool-93-thread-1] INFO  server.RaftServerConfigKeys (ConfUtils.java:logGet(44)) - raft.server.rpc.slowness.timeout = 300000ms (custom)
2021-11-15 19:21:11,757 [pool-93-thread-1] INFO  server.RaftServerConfigKeys (ConfUtils.java:logGet(44)) - raft.server.leaderelection.leader.step-down.wait-time = 10s (default)
2021-11-15 19:21:11,757 [pool-93-thread-1] INFO  server.RaftServerConfigKeys (ConfUtils.java:logGet(44)) - raft.server.sleep.deviation.threshold = 300ms (default)
2021-11-15 19:21:11,757 [pool-93-thread-1] INFO  server.RaftServerConfigKeys (ConfUtils.java:logGet(44)) - raft.server.log.appender.install.snapshot.enabled = false (custom)
2021-11-15 19:21:11,757 [pool-93-thread-1] INFO  server.RaftServer$Division (ServerState.java:<init>(105)) - 5f24cb3a-787a-4f69-a830-2d3d8b70745a@group-3123CD3C107D: ConfigurationManager, init=-1: [c038e53c-4808-40a4-bcac-87a6adf6dbd8|rpc:10.1.0.16:46879|dataStream:|priority:0, 5f24cb3a-787a-4f69-a830-2d3d8b70745a|rpc:10.1.0.16:34579|dataStream:|priority:0, bce623f1-3c31-45ef-9861-869f671ae311|rpc:10.1.0.16:38881|dataStream:|priority:1], old=null, confs=<EMPTY_MAP>
2021-11-15 19:21:11,757 [pool-93-thread-1] INFO  server.RaftServerConfigKeys (ConfUtils.java:logGet(44)) - raft.server.storage.dir = [/home/runner/work/ozone/ozone/hadoop-ozone/integration-test/target/test-dir/MiniOzoneClusterImpl-edab3eb4-5721-4c35-be90-debfdbe0e37e/datanode-2/data/ratis] (custom)
2021-11-15 19:21:11,757 [pool-93-thread-1] INFO  server.RaftServerConfigKeys (ConfUtils.java:logGet(44)) - raft.server.log.corruption.policy = EXCEPTION (default)
2021-11-15 19:21:11,757 [pool-93-thread-1] INFO  server.RaftServerConfigKeys (ConfUtils.java:logGet(44)) - raft.server.storage.free-space.min = 0MB (=0) (default)
2021-11-15 19:21:11,757 [pool-93-thread-1] INFO  storage.RaftStorageDirectory (RaftStorageDirectoryImpl.java:analyzeStorage(135)) - The storage directory /home/runner/work/ozone/ozone/hadoop-ozone/integration-test/target/test-dir/MiniOzoneClusterImpl-edab3eb4-5721-4c35-be90-debfdbe0e37e/datanode-2/data/ratis/35d75f5e-aa39-420d-bbb8-3123cd3c107d does not exist. Creating ...
2021-11-15 19:21:11,761 [pool-93-thread-1] INFO  storage.RaftStorageDirectory (RaftStorageDirectoryImpl.java:tryLock(230)) - Lock on /home/runner/work/ozone/ozone/hadoop-ozone/integration-test/target/test-dir/MiniOzoneClusterImpl-edab3eb4-5721-4c35-be90-debfdbe0e37e/datanode-2/data/ratis/35d75f5e-aa39-420d-bbb8-3123cd3c107d/in_use.lock acquired by nodename 2800@fv-az151-339
2021-11-15 19:21:11,763 [pool-93-thread-1] INFO  storage.RaftStorage (RaftStorageImpl.java:format(89)) - Storage directory /home/runner/work/ozone/ozone/hadoop-ozone/integration-test/target/test-dir/MiniOzoneClusterImpl-edab3eb4-5721-4c35-be90-debfdbe0e37e/datanode-2/data/ratis/35d75f5e-aa39-420d-bbb8-3123cd3c107d has been successfully formatted.
2021-11-15 19:21:11,764 [pool-93-thread-1] INFO  ratis.ContainerStateMachine (ContainerStateMachine.java:loadSnapshot(224)) - group-3123CD3C107D: The snapshot info is null. Setting the last applied indexto:(t:0, i:~)
2021-11-15 19:21:11,764 [pool-93-thread-1] INFO  server.RaftServerConfigKeys (ConfUtils.java:logGet(44)) - raft.server.notification.no-leader.timeout = 300000ms (custom)
2021-11-15 19:21:11,765 [pool-93-thread-1] INFO  server.RaftServerConfigKeys (ConfUtils.java:logGet(44)) - raft.server.log.use.memory = false (default)
2021-11-15 19:21:11,765 [pool-93-thread-1] INFO  server.RaftServerConfigKeys (ConfUtils.java:logGet(44)) - raft.server.log.purge.gap = 1000000 (custom)
2021-11-15 19:21:11,765 [pool-93-thread-1] INFO  server.RaftServerConfigKeys (ConfUtils.java:logGet(44)) - raft.server.log.appender.buffer.byte-limit = 33554432 (custom)
2021-11-15 19:21:11,765 [pool-93-thread-1] INFO  server.RaftServerConfigKeys (ConfUtils.java:logGet(44)) - raft.server.log.segment.size.max = 1048576 (custom)
2021-11-15 19:21:11,765 [pool-93-thread-1] INFO  server.RaftServerConfigKeys (ConfUtils.java:logGet(44)) - raft.server.log.segment.cache.num.max = 2 (custom)
2021-11-15 19:21:11,765 [pool-93-thread-1] INFO  server.RaftServerConfigKeys (ConfUtils.java:logGet(44)) - raft.server.log.segment.cache.size.max = 200MB (=209715200) (default)
2021-11-15 19:21:11,765 [pool-93-thread-1] INFO  segmented.SegmentedRaftLogWorker (SegmentedRaftLogWorker.java:<init>(182)) - new 5f24cb3a-787a-4f69-a830-2d3d8b70745a@group-3123CD3C107D-SegmentedRaftLogWorker for RaftStorageImpl:Storage Directory /home/runner/work/ozone/ozone/hadoop-ozone/integration-test/target/test-dir/MiniOzoneClusterImpl-edab3eb4-5721-4c35-be90-debfdbe0e37e/datanode-2/data/ratis/35d75f5e-aa39-420d-bbb8-3123cd3c107d
2021-11-15 19:21:11,765 [pool-93-thread-1] INFO  server.RaftServerConfigKeys (ConfUtils.java:logGet(44)) - raft.server.log.queue.byte-limit = 2147483647 (custom)
2021-11-15 19:21:11,765 [pool-93-thread-1] INFO  server.RaftServerConfigKeys (ConfUtils.java:logGet(44)) - raft.server.log.queue.element-limit = 1024 (custom)
2021-11-15 19:21:11,766 [pool-93-thread-1] INFO  server.RaftServerConfigKeys (ConfUtils.java:logGet(44)) - raft.server.log.segment.size.max = 1048576 (custom)
2021-11-15 19:21:11,766 [pool-93-thread-1] INFO  server.RaftServerConfigKeys (ConfUtils.java:logGet(44)) - raft.server.log.preallocated.size = 16384 (custom)
2021-11-15 19:21:11,766 [pool-93-thread-1] INFO  server.RaftServerConfigKeys (ConfUtils.java:logGet(44)) - raft.server.log.force.sync.num = 128 (default)
2021-11-15 19:21:11,766 [pool-93-thread-1] INFO  server.RaftServerConfigKeys (ConfUtils.java:logGet(44)) - raft.server.log.statemachine.data.sync = true (default)
2021-11-15 19:21:11,766 [pool-93-thread-1] INFO  server.RaftServerConfigKeys (ConfUtils.java:logGet(44)) - raft.server.log.statemachine.data.sync.timeout = 10s (default)
2021-11-15 19:21:11,766 [pool-93-thread-1] INFO  server.RaftServerConfigKeys (ConfUtils.java:logGet(44)) - raft.server.log.statemachine.data.sync.timeout.retry = -1 (default)
2021-11-15 19:21:11,767 [pool-93-thread-1] INFO  server.RaftServerConfigKeys (ConfUtils.java:logGet(44)) - raft.server.log.write.buffer.size = 1048576 (custom)
2021-11-15 19:21:11,768 [pool-93-thread-1] INFO  server.RaftServerConfigKeys (ConfUtils.java:logGet(44)) - raft.server.log.statemachine.data.caching.enabled = true (custom)
2021-11-15 19:21:11,768 [pool-93-thread-1] INFO  segmented.SegmentedRaftLogWorker (SegmentedRaftLogWorker.java:lambda$new$0(133)) - 5f24cb3a-787a-4f69-a830-2d3d8b70745a@group-3123CD3C107D-SegmentedRaftLogWorker: flushIndex: setUnconditionally 0 -> -1
2021-11-15 19:21:11,768 [pool-93-thread-1] INFO  segmented.SegmentedRaftLogWorker (SegmentedRaftLogWorker.java:lambda$new$0(133)) - 5f24cb3a-787a-4f69-a830-2d3d8b70745a@group-3123CD3C107D-SegmentedRaftLogWorker: safeCacheEvictIndex: setUnconditionally 0 -> -1
2021-11-15 19:21:11,769 [EventQueue-OpenPipelineForHealthyPipelineSafeModeRule] INFO  safemode.SCMSafeModeManager (HealthyPipelineSafeModeRule.java:process(124)) - SCM in safe mode. Healthy pipelines reported count is 0, required healthy pipeline reported count is 1
2021-11-15 19:21:11,776 [pool-93-thread-1] INFO  server.RaftServerConfigKeys (ConfUtils.java:logGet(44)) - raft.server.snapshot.auto.trigger.enabled = true (custom)
2021-11-15 19:21:11,777 [pool-93-thread-1] INFO  server.RaftServerConfigKeys (ConfUtils.java:logGet(44)) - raft.server.snapshot.auto.trigger.threshold = 10000 (custom)
2021-11-15 19:21:11,777 [pool-93-thread-1] INFO  server.RaftServerConfigKeys (ConfUtils.java:logGet(44)) - raft.server.snapshot.retention.file.num = 5 (custom)
2021-11-15 19:21:11,777 [pool-93-thread-1] INFO  server.RaftServerConfigKeys (ConfUtils.java:logGet(44)) - raft.server.log.purge.upto.snapshot.index = false (default)
2021-11-15 19:21:11,777 [pool-93-thread-1] INFO  server.RaftServerConfigKeys (ConfUtils.java:logGet(44)) - raft.server.retrycache.expirytime = 600000ms (custom)
2021-11-15 19:21:11,777 [pool-93-thread-1] INFO  server.RaftServerConfigKeys (ConfUtils.java:logGet(44)) - raft.server.retrycache.statistics.expirytime = 100μs (default)
2021-11-15 19:21:11,778 [pool-93-thread-1] INFO  server.RaftServer$Division (RaftServerImpl.java:start(301)) - 5f24cb3a-787a-4f69-a830-2d3d8b70745a@group-E9B8733C2D53: start as a follower, conf=-1: [5f24cb3a-787a-4f69-a830-2d3d8b70745a|rpc:10.1.0.16:34579|priority:1], old=null
2021-11-15 19:21:11,778 [pool-93-thread-1] INFO  server.RaftServer$Division (RaftServerImpl.java:setRole(290)) - 5f24cb3a-787a-4f69-a830-2d3d8b70745a@group-E9B8733C2D53: changes role from      null to FOLLOWER at term 0 for startAsFollower
2021-11-15 19:21:11,778 [pool-93-thread-1] INFO  impl.RoleInfo (RoleInfo.java:updateAndGet(130)) - 5f24cb3a-787a-4f69-a830-2d3d8b70745a: start 5f24cb3a-787a-4f69-a830-2d3d8b70745a@group-E9B8733C2D53-FollowerState
2021-11-15 19:21:11,781 [pool-93-thread-1] INFO  util.JmxRegister (JmxRegister.java:tryRegister(44)) - Successfully registered JMX Bean with object name Ratis:service=RaftServer,group=group-E9B8733C2D53,id=5f24cb3a-787a-4f69-a830-2d3d8b70745a
2021-11-15 19:21:11,785 [Command processor thread] INFO  ratis.XceiverServerRatis (XceiverServerRatis.java:addGroup(768)) - Created group PipelineID=afdadf34-f482-47b6-b37b-e9b8733c2d53
2021-11-15 19:21:11,785 [pool-93-thread-1] INFO  server.RaftServer$Division (RaftServerImpl.java:start(301)) - 5f24cb3a-787a-4f69-a830-2d3d8b70745a@group-3123CD3C107D: start as a follower, conf=-1: [c038e53c-4808-40a4-bcac-87a6adf6dbd8|rpc:10.1.0.16:46879|dataStream:|priority:0, 5f24cb3a-787a-4f69-a830-2d3d8b70745a|rpc:10.1.0.16:34579|dataStream:|priority:0, bce623f1-3c31-45ef-9861-869f671ae311|rpc:10.1.0.16:38881|dataStream:|priority:1], old=null
2021-11-15 19:21:11,785 [pool-93-thread-1] INFO  server.RaftServer$Division (RaftServerImpl.java:setRole(290)) - 5f24cb3a-787a-4f69-a830-2d3d8b70745a@group-3123CD3C107D: changes role from      null to FOLLOWER at term 0 for startAsFollower
2021-11-15 19:21:11,786 [pool-93-thread-1] INFO  impl.RoleInfo (RoleInfo.java:updateAndGet(130)) - 5f24cb3a-787a-4f69-a830-2d3d8b70745a: start 5f24cb3a-787a-4f69-a830-2d3d8b70745a@group-3123CD3C107D-FollowerState
2021-11-15 19:21:11,786 [pool-93-thread-1] INFO  util.JmxRegister (JmxRegister.java:tryRegister(44)) - Successfully registered JMX Bean with object name Ratis:service=RaftServer,group=group-3123CD3C107D,id=5f24cb3a-787a-4f69-a830-2d3d8b70745a
2021-11-15 19:21:11,785 [Command processor thread] INFO  commandhandler.CreatePipelineCommandHandler (CreatePipelineCommandHandler.java:handle(106)) - Created Pipeline RATIS ONE PipelineID=afdadf34-f482-47b6-b37b-e9b8733c2d53.
2021-11-15 19:21:11,787 [Command processor thread] INFO  commandhandler.CreatePipelineCommandHandler (CreatePipelineCommandHandler.java:handle(106)) - Created Pipeline RATIS THREE PipelineID=430698ac-9a5d-4310-9d5d-9b0d820938df.
2021-11-15 19:21:11,788 [Command processor thread] INFO  server.RaftServer (RaftServerProxy.java:addNew(95)) - c038e53c-4808-40a4-bcac-87a6adf6dbd8: addNew group-3123CD3C107D:[c038e53c-4808-40a4-bcac-87a6adf6dbd8|rpc:10.1.0.16:46879|priority:0, 5f24cb3a-787a-4f69-a830-2d3d8b70745a|rpc:10.1.0.16:34579|priority:0, bce623f1-3c31-45ef-9861-869f671ae311|rpc:10.1.0.16:38881|priority:1] returns group-3123CD3C107D:java.util.concurrent.CompletableFuture@3cfe9acc[Not completed]
2021-11-15 19:21:11,789 [pool-55-thread-1] INFO  server.RaftServer$Division (RaftServerImpl.java:<init>(184)) - c038e53c-4808-40a4-bcac-87a6adf6dbd8: new RaftServerImpl for group-3123CD3C107D:[c038e53c-4808-40a4-bcac-87a6adf6dbd8|rpc:10.1.0.16:46879|priority:0, 5f24cb3a-787a-4f69-a830-2d3d8b70745a|rpc:10.1.0.16:34579|priority:0, bce623f1-3c31-45ef-9861-869f671ae311|rpc:10.1.0.16:38881|priority:1] with ContainerStateMachine:uninitialized
2021-11-15 19:21:11,789 [pool-55-thread-1] INFO  server.RaftServerConfigKeys (ConfUtils.java:logGet(44)) - raft.server.rpc.timeout.min = 5s (custom)
2021-11-15 19:21:11,789 [pool-55-thread-1] INFO  server.RaftServerConfigKeys (ConfUtils.java:logGet(44)) - raft.server.rpc.timeout.max = 5200ms (custom)
2021-11-15 19:21:11,789 [pool-55-thread-1] INFO  server.RaftServerConfigKeys (ConfUtils.java:logGet(44)) - raft.server.rpc.sleep.time = 25ms (default)
2021-11-15 19:21:11,789 [pool-55-thread-1] INFO  server.RaftServerConfigKeys (ConfUtils.java:logGet(44)) - raft.server.rpc.slowness.timeout = 300000ms (custom)
2021-11-15 19:21:11,789 [pool-55-thread-1] INFO  server.RaftServerConfigKeys (ConfUtils.java:logGet(44)) - raft.server.leaderelection.leader.step-down.wait-time = 10s (default)
2021-11-15 19:21:11,789 [pool-55-thread-1] INFO  server.RaftServerConfigKeys (ConfUtils.java:logGet(44)) - raft.server.sleep.deviation.threshold = 300ms (default)
2021-11-15 19:21:11,789 [pool-55-thread-1] INFO  server.RaftServerConfigKeys (ConfUtils.java:logGet(44)) - raft.server.log.appender.install.snapshot.enabled = false (custom)
2021-11-15 19:21:11,789 [pool-55-thread-1] INFO  server.RaftServer$Division (ServerState.java:<init>(105)) - c038e53c-4808-40a4-bcac-87a6adf6dbd8@group-3123CD3C107D: ConfigurationManager, init=-1: [c038e53c-4808-40a4-bcac-87a6adf6dbd8|rpc:10.1.0.16:46879|priority:0, 5f24cb3a-787a-4f69-a830-2d3d8b70745a|rpc:10.1.0.16:34579|priority:0, bce623f1-3c31-45ef-9861-869f671ae311|rpc:10.1.0.16:38881|priority:1], old=null, confs=<EMPTY_MAP>
2021-11-15 19:21:11,789 [pool-55-thread-1] INFO  server.RaftServerConfigKeys (ConfUtils.java:logGet(44)) - raft.server.storage.dir = [/home/runner/work/ozone/ozone/hadoop-ozone/integration-test/target/test-dir/MiniOzoneClusterImpl-edab3eb4-5721-4c35-be90-debfdbe0e37e/datanode-0/data/ratis] (custom)
2021-11-15 19:21:11,789 [pool-55-thread-1] INFO  server.RaftServerConfigKeys (ConfUtils.java:logGet(44)) - raft.server.log.corruption.policy = EXCEPTION (default)
2021-11-15 19:21:11,789 [pool-55-thread-1] INFO  server.RaftServerConfigKeys (ConfUtils.java:logGet(44)) - raft.server.storage.free-space.min = 0MB (=0) (default)
2021-11-15 19:21:11,789 [pool-55-thread-1] INFO  storage.RaftStorageDirectory (RaftStorageDirectoryImpl.java:analyzeStorage(135)) - The storage directory /home/runner/work/ozone/ozone/hadoop-ozone/integration-test/target/test-dir/MiniOzoneClusterImpl-edab3eb4-5721-4c35-be90-debfdbe0e37e/datanode-0/data/ratis/35d75f5e-aa39-420d-bbb8-3123cd3c107d does not exist. Creating ...
2021-11-15 19:21:11,791 [pool-55-thread-1] INFO  storage.RaftStorageDirectory (RaftStorageDirectoryImpl.java:tryLock(230)) - Lock on /home/runner/work/ozone/ozone/hadoop-ozone/integration-test/target/test-dir/MiniOzoneClusterImpl-edab3eb4-5721-4c35-be90-debfdbe0e37e/datanode-0/data/ratis/35d75f5e-aa39-420d-bbb8-3123cd3c107d/in_use.lock acquired by nodename 2800@fv-az151-339
2021-11-15 19:21:11,793 [pool-55-thread-1] INFO  storage.RaftStorage (RaftStorageImpl.java:format(89)) - Storage directory /home/runner/work/ozone/ozone/hadoop-ozone/integration-test/target/test-dir/MiniOzoneClusterImpl-edab3eb4-5721-4c35-be90-debfdbe0e37e/datanode-0/data/ratis/35d75f5e-aa39-420d-bbb8-3123cd3c107d has been successfully formatted.
2021-11-15 19:21:11,793 [pool-55-thread-1] INFO  ratis.ContainerStateMachine (ContainerStateMachine.java:loadSnapshot(224)) - group-3123CD3C107D: The snapshot info is null. Setting the last applied indexto:(t:0, i:~)
2021-11-15 19:21:11,793 [pool-55-thread-1] INFO  server.RaftServerConfigKeys (ConfUtils.java:logGet(44)) - raft.server.notification.no-leader.timeout = 300000ms (custom)
2021-11-15 19:21:11,793 [pool-55-thread-1] INFO  server.RaftServerConfigKeys (ConfUtils.java:logGet(44)) - raft.server.log.use.memory = false (default)
2021-11-15 19:21:11,793 [pool-55-thread-1] INFO  server.RaftServerConfigKeys (ConfUtils.java:logGet(44)) - raft.server.log.purge.gap = 1000000 (custom)
2021-11-15 19:21:11,793 [pool-55-thread-1] INFO  server.RaftServerConfigKeys (ConfUtils.java:logGet(44)) - raft.server.log.appender.buffer.byte-limit = 33554432 (custom)
2021-11-15 19:21:11,794 [pool-55-thread-1] INFO  server.RaftServerConfigKeys (ConfUtils.java:logGet(44)) - raft.server.log.segment.size.max = 1048576 (custom)
2021-11-15 19:21:11,795 [pool-55-thread-1] INFO  server.RaftServerConfigKeys (ConfUtils.java:logGet(44)) - raft.server.log.segment.cache.num.max = 2 (custom)
2021-11-15 19:21:11,795 [pool-55-thread-1] INFO  server.RaftServerConfigKeys (ConfUtils.java:logGet(44)) - raft.server.log.segment.cache.size.max = 200MB (=209715200) (default)
2021-11-15 19:21:11,795 [pool-55-thread-1] INFO  segmented.SegmentedRaftLogWorker (SegmentedRaftLogWorker.java:<init>(182)) - new c038e53c-4808-40a4-bcac-87a6adf6dbd8@group-3123CD3C107D-SegmentedRaftLogWorker for RaftStorageImpl:Storage Directory /home/runner/work/ozone/ozone/hadoop-ozone/integration-test/target/test-dir/MiniOzoneClusterImpl-edab3eb4-5721-4c35-be90-debfdbe0e37e/datanode-0/data/ratis/35d75f5e-aa39-420d-bbb8-3123cd3c107d
2021-11-15 19:21:11,795 [EventQueue-OpenPipelineForHealthyPipelineSafeModeRule] INFO  safemode.SCMSafeModeManager (HealthyPipelineSafeModeRule.java:process(124)) - SCM in safe mode. Healthy pipelines reported count is 0, required healthy pipeline reported count is 1
2021-11-15 19:21:11,795 [pool-55-thread-1] INFO  server.RaftServerConfigKeys (ConfUtils.java:logGet(44)) - raft.server.log.queue.byte-limit = 2147483647 (custom)
2021-11-15 19:21:11,795 [pool-55-thread-1] INFO  server.RaftServerConfigKeys (ConfUtils.java:logGet(44)) - raft.server.log.queue.element-limit = 1024 (custom)
2021-11-15 19:21:11,795 [pool-55-thread-1] INFO  server.RaftServerConfigKeys (ConfUtils.java:logGet(44)) - raft.server.log.segment.size.max = 1048576 (custom)
2021-11-15 19:21:11,796 [pool-55-thread-1] INFO  server.RaftServerConfigKeys (ConfUtils.java:logGet(44)) - raft.server.log.preallocated.size = 16384 (custom)
2021-11-15 19:21:11,796 [pool-55-thread-1] INFO  server.RaftServerConfigKeys (ConfUtils.java:logGet(44)) - raft.server.log.force.sync.num = 128 (default)
2021-11-15 19:21:11,796 [pool-55-thread-1] INFO  server.RaftServerConfigKeys (ConfUtils.java:logGet(44)) - raft.server.log.statemachine.data.sync = true (default)
2021-11-15 19:21:11,796 [pool-55-thread-1] INFO  server.RaftServerConfigKeys (ConfUtils.java:logGet(44)) - raft.server.log.statemachine.data.sync.timeout = 10s (default)
2021-11-15 19:21:11,796 [pool-55-thread-1] INFO  server.RaftServerConfigKeys (ConfUtils.java:logGet(44)) - raft.server.log.statemachine.data.sync.timeout.retry = -1 (default)
2021-11-15 19:21:11,797 [pool-55-thread-1] INFO  server.RaftServerConfigKeys (ConfUtils.java:logGet(44)) - raft.server.log.write.buffer.size = 1048576 (custom)
2021-11-15 19:21:11,797 [pool-55-thread-1] INFO  server.RaftServerConfigKeys (ConfUtils.java:logGet(44)) - raft.server.log.statemachine.data.caching.enabled = true (custom)
2021-11-15 19:21:11,798 [pool-55-thread-1] INFO  segmented.SegmentedRaftLogWorker (SegmentedRaftLogWorker.java:lambda$new$0(133)) - c038e53c-4808-40a4-bcac-87a6adf6dbd8@group-3123CD3C107D-SegmentedRaftLogWorker: flushIndex: setUnconditionally 0 -> -1
2021-11-15 19:21:11,798 [pool-55-thread-1] INFO  segmented.SegmentedRaftLogWorker (SegmentedRaftLogWorker.java:lambda$new$0(133)) - c038e53c-4808-40a4-bcac-87a6adf6dbd8@group-3123CD3C107D-SegmentedRaftLogWorker: safeCacheEvictIndex: setUnconditionally 0 -> -1
2021-11-15 19:21:11,798 [pool-55-thread-1] INFO  server.RaftServerConfigKeys (ConfUtils.java:logGet(44)) - raft.server.snapshot.auto.trigger.enabled = true (custom)
2021-11-15 19:21:11,798 [pool-55-thread-1] INFO  server.RaftServerConfigKeys (ConfUtils.java:logGet(44)) - raft.server.snapshot.auto.trigger.threshold = 10000 (custom)
2021-11-15 19:21:11,798 [pool-55-thread-1] INFO  server.RaftServerConfigKeys (ConfUtils.java:logGet(44)) - raft.server.snapshot.retention.file.num = 5 (custom)
2021-11-15 19:21:11,798 [pool-55-thread-1] INFO  server.RaftServerConfigKeys (ConfUtils.java:logGet(44)) - raft.server.log.purge.upto.snapshot.index = false (default)
2021-11-15 19:21:11,798 [pool-55-thread-1] INFO  server.RaftServerConfigKeys (ConfUtils.java:logGet(44)) - raft.server.retrycache.expirytime = 600000ms (custom)
2021-11-15 19:21:11,798 [pool-55-thread-1] INFO  server.RaftServerConfigKeys (ConfUtils.java:logGet(44)) - raft.server.retrycache.statistics.expirytime = 100μs (default)
2021-11-15 19:21:11,799 [pool-55-thread-1] INFO  server.RaftServer$Division (RaftServerImpl.java:start(301)) - c038e53c-4808-40a4-bcac-87a6adf6dbd8@group-3123CD3C107D: start as a follower, conf=-1: [c038e53c-4808-40a4-bcac-87a6adf6dbd8|rpc:10.1.0.16:46879|priority:0, 5f24cb3a-787a-4f69-a830-2d3d8b70745a|rpc:10.1.0.16:34579|priority:0, bce623f1-3c31-45ef-9861-869f671ae311|rpc:10.1.0.16:38881|priority:1], old=null
2021-11-15 19:21:11,799 [pool-55-thread-1] INFO  server.RaftServer$Division (RaftServerImpl.java:setRole(290)) - c038e53c-4808-40a4-bcac-87a6adf6dbd8@group-3123CD3C107D: changes role from      null to FOLLOWER at term 0 for startAsFollower
2021-11-15 19:21:11,799 [pool-55-thread-1] INFO  impl.RoleInfo (RoleInfo.java:updateAndGet(130)) - c038e53c-4808-40a4-bcac-87a6adf6dbd8: start c038e53c-4808-40a4-bcac-87a6adf6dbd8@group-3123CD3C107D-FollowerState
2021-11-15 19:21:11,800 [pool-55-thread-1] INFO  util.JmxRegister (JmxRegister.java:tryRegister(44)) - Successfully registered JMX Bean with object name Ratis:service=RaftServer,group=group-3123CD3C107D,id=c038e53c-4808-40a4-bcac-87a6adf6dbd8
2021-11-15 19:21:11,803 [Command processor thread] INFO  ratis.XceiverServerRatis (XceiverServerRatis.java:addGroup(768)) - Created group PipelineID=35d75f5e-aa39-420d-bbb8-3123cd3c107d
2021-11-15 19:21:11,850 [Command processor thread] INFO  commandhandler.CreatePipelineCommandHandler (CreatePipelineCommandHandler.java:handle(106)) - Created Pipeline RATIS THREE PipelineID=35d75f5e-aa39-420d-bbb8-3123cd3c107d.
2021-11-15 19:21:11,864 [Command processor thread] INFO  commandhandler.CreatePipelineCommandHandler (CreatePipelineCommandHandler.java:handle(106)) - Created Pipeline RATIS THREE PipelineID=35d75f5e-aa39-420d-bbb8-3123cd3c107d.
2021-11-15 19:21:11,943 [Command processor thread] INFO  server.RaftServer (RaftServerProxy.java:addNew(95)) - 1d1c653c-c24c-4f9f-93f8-363bcaedc7a6: addNew group-82C3BFF6EC3D:[1d1c653c-c24c-4f9f-93f8-363bcaedc7a6|rpc:10.1.0.16:44043|priority:1] returns group-82C3BFF6EC3D:java.util.concurrent.CompletableFuture@6ba4d28b[Not completed]
2021-11-15 19:21:11,947 [pool-112-thread-1] INFO  server.RaftServer$Division (RaftServerImpl.java:<init>(184)) - 1d1c653c-c24c-4f9f-93f8-363bcaedc7a6: new RaftServerImpl for group-82C3BFF6EC3D:[1d1c653c-c24c-4f9f-93f8-363bcaedc7a6|rpc:10.1.0.16:44043|priority:1] with ContainerStateMachine:uninitialized
2021-11-15 19:21:11,952 [pool-112-thread-1] INFO  server.RaftServerConfigKeys (ConfUtils.java:logGet(44)) - raft.server.rpc.timeout.min = 5s (custom)
2021-11-15 19:21:11,952 [pool-112-thread-1] INFO  server.RaftServerConfigKeys (ConfUtils.java:logGet(44)) - raft.server.rpc.timeout.max = 5200ms (custom)
2021-11-15 19:21:11,952 [pool-112-thread-1] INFO  server.RaftServerConfigKeys (ConfUtils.java:logGet(44)) - raft.server.rpc.sleep.time = 25ms (default)
2021-11-15 19:21:11,952 [pool-112-thread-1] INFO  server.RaftServerConfigKeys (ConfUtils.java:logGet(44)) - raft.server.rpc.slowness.timeout = 300000ms (custom)
2021-11-15 19:21:11,952 [pool-112-thread-1] INFO  server.RaftServerConfigKeys (ConfUtils.java:logGet(44)) - raft.server.leaderelection.leader.step-down.wait-time = 10s (default)
2021-11-15 19:21:11,953 [pool-112-thread-1] INFO  server.RaftServerConfigKeys (ConfUtils.java:logGet(44)) - raft.server.sleep.deviation.threshold = 300ms (default)
2021-11-15 19:21:11,953 [pool-112-thread-1] INFO  server.RaftServerConfigKeys (ConfUtils.java:logGet(44)) - raft.server.log.appender.install.snapshot.enabled = false (custom)
2021-11-15 19:21:11,953 [pool-112-thread-1] INFO  server.RaftServer$Division (ServerState.java:<init>(105)) - 1d1c653c-c24c-4f9f-93f8-363bcaedc7a6@group-82C3BFF6EC3D: ConfigurationManager, init=-1: [1d1c653c-c24c-4f9f-93f8-363bcaedc7a6|rpc:10.1.0.16:44043|priority:1], old=null, confs=<EMPTY_MAP>
2021-11-15 19:21:11,953 [pool-112-thread-1] INFO  server.RaftServerConfigKeys (ConfUtils.java:logGet(44)) - raft.server.storage.dir = [/home/runner/work/ozone/ozone/hadoop-ozone/integration-test/target/test-dir/MiniOzoneClusterImpl-edab3eb4-5721-4c35-be90-debfdbe0e37e/datanode-3/data/ratis] (custom)
2021-11-15 19:21:11,953 [pool-112-thread-1] INFO  server.RaftServerConfigKeys (ConfUtils.java:logGet(44)) - raft.server.log.corruption.policy = EXCEPTION (default)
2021-11-15 19:21:11,953 [pool-112-thread-1] INFO  server.RaftServerConfigKeys (ConfUtils.java:logGet(44)) - raft.server.storage.free-space.min = 0MB (=0) (default)
2021-11-15 19:21:11,953 [pool-112-thread-1] INFO  storage.RaftStorageDirectory (RaftStorageDirectoryImpl.java:analyzeStorage(135)) - The storage directory /home/runner/work/ozone/ozone/hadoop-ozone/integration-test/target/test-dir/MiniOzoneClusterImpl-edab3eb4-5721-4c35-be90-debfdbe0e37e/datanode-3/data/ratis/6d4605b9-3d7e-4b83-bb0d-82c3bff6ec3d does not exist. Creating ...
2021-11-15 19:21:11,955 [pool-112-thread-1] INFO  storage.RaftStorageDirectory (RaftStorageDirectoryImpl.java:tryLock(230)) - Lock on /home/runner/work/ozone/ozone/hadoop-ozone/integration-test/target/test-dir/MiniOzoneClusterImpl-edab3eb4-5721-4c35-be90-debfdbe0e37e/datanode-3/data/ratis/6d4605b9-3d7e-4b83-bb0d-82c3bff6ec3d/in_use.lock acquired by nodename 2800@fv-az151-339
2021-11-15 19:21:11,956 [pool-112-thread-1] INFO  storage.RaftStorage (RaftStorageImpl.java:format(89)) - Storage directory /home/runner/work/ozone/ozone/hadoop-ozone/integration-test/target/test-dir/MiniOzoneClusterImpl-edab3eb4-5721-4c35-be90-debfdbe0e37e/datanode-3/data/ratis/6d4605b9-3d7e-4b83-bb0d-82c3bff6ec3d has been successfully formatted.
2021-11-15 19:21:11,957 [pool-112-thread-1] INFO  ratis.ContainerStateMachine (ContainerStateMachine.java:loadSnapshot(224)) - group-82C3BFF6EC3D: The snapshot info is null. Setting the last applied indexto:(t:0, i:~)
2021-11-15 19:21:11,958 [pool-112-thread-1] INFO  server.RaftServerConfigKeys (ConfUtils.java:logGet(44)) - raft.server.notification.no-leader.timeout = 300000ms (custom)
2021-11-15 19:21:11,958 [pool-112-thread-1] INFO  server.RaftServerConfigKeys (ConfUtils.java:logGet(44)) - raft.server.log.use.memory = false (default)
2021-11-15 19:21:11,958 [pool-112-thread-1] INFO  server.RaftServerConfigKeys (ConfUtils.java:logGet(44)) - raft.server.log.purge.gap = 1000000 (custom)
2021-11-15 19:21:11,958 [EventQueue-PipelineReportForPipelineReportHandler] INFO  pipeline.PipelineManagerImpl (PipelineManagerImpl.java:openPipeline(289)) - Pipeline Pipeline[ Id: 6d4605b9-3d7e-4b83-bb0d-82c3bff6ec3d, Nodes: 1d1c653c-c24c-4f9f-93f8-363bcaedc7a6{ip: 10.1.0.16, host: fv-az151-339.yf2hydr00wburbhx3j5hxtcipe.bx.internal.cloudapp.net, ports: [REPLICATION=38157, RATIS=44043, RATIS_ADMIN=44043, RATIS_SERVER=44043, STANDALONE=34479], networkLocation: /default-rack, certSerialId: null, persistedOpState: IN_SERVICE, persistedOpStateExpiryEpochSec: 0}, ReplicationConfig: RATIS/ONE, State:ALLOCATED, leaderId:1d1c653c-c24c-4f9f-93f8-363bcaedc7a6, CreationTimestamp2021-11-15T19:21:08.946Z[Etc/UTC]] moved to OPEN state
2021-11-15 19:21:11,960 [pool-112-thread-1] INFO  server.RaftServerConfigKeys (ConfUtils.java:logGet(44)) - raft.server.log.appender.buffer.byte-limit = 33554432 (custom)
2021-11-15 19:21:11,962 [EventQueue-OpenPipelineForHealthyPipelineSafeModeRule] INFO  safemode.SCMSafeModeManager (HealthyPipelineSafeModeRule.java:process(124)) - SCM in safe mode. Healthy pipelines reported count is 0, required healthy pipeline reported count is 1
2021-11-15 19:21:11,964 [pool-112-thread-1] INFO  server.RaftServerConfigKeys (ConfUtils.java:logGet(44)) - raft.server.log.segment.size.max = 1048576 (custom)
2021-11-15 19:21:11,964 [pool-112-thread-1] INFO  server.RaftServerConfigKeys (ConfUtils.java:logGet(44)) - raft.server.log.segment.cache.num.max = 2 (custom)
2021-11-15 19:21:11,964 [pool-112-thread-1] INFO  server.RaftServerConfigKeys (ConfUtils.java:logGet(44)) - raft.server.log.segment.cache.size.max = 200MB (=209715200) (default)
2021-11-15 19:21:11,965 [pool-112-thread-1] INFO  segmented.SegmentedRaftLogWorker (SegmentedRaftLogWorker.java:<init>(182)) - new 1d1c653c-c24c-4f9f-93f8-363bcaedc7a6@group-82C3BFF6EC3D-SegmentedRaftLogWorker for RaftStorageImpl:Storage Directory /home/runner/work/ozone/ozone/hadoop-ozone/integration-test/target/test-dir/MiniOzoneClusterImpl-edab3eb4-5721-4c35-be90-debfdbe0e37e/datanode-3/data/ratis/6d4605b9-3d7e-4b83-bb0d-82c3bff6ec3d
2021-11-15 19:21:11,965 [pool-112-thread-1] INFO  server.RaftServerConfigKeys (ConfUtils.java:logGet(44)) - raft.server.log.queue.byte-limit = 2147483647 (custom)
2021-11-15 19:21:11,965 [pool-112-thread-1] INFO  server.RaftServerConfigKeys (ConfUtils.java:logGet(44)) - raft.server.log.queue.element-limit = 1024 (custom)
2021-11-15 19:21:11,965 [pool-112-thread-1] INFO  server.RaftServerConfigKeys (ConfUtils.java:logGet(44)) - raft.server.log.segment.size.max = 1048576 (custom)
2021-11-15 19:21:11,965 [pool-112-thread-1] INFO  server.RaftServerConfigKeys (ConfUtils.java:logGet(44)) - raft.server.log.preallocated.size = 16384 (custom)
2021-11-15 19:21:11,965 [pool-112-thread-1] INFO  server.RaftServerConfigKeys (ConfUtils.java:logGet(44)) - raft.server.log.force.sync.num = 128 (default)
2021-11-15 19:21:11,965 [pool-112-thread-1] INFO  server.RaftServerConfigKeys (ConfUtils.java:logGet(44)) - raft.server.log.statemachine.data.sync = true (default)
2021-11-15 19:21:11,965 [pool-112-thread-1] INFO  server.RaftServerConfigKeys (ConfUtils.java:logGet(44)) - raft.server.log.statemachine.data.sync.timeout = 10s (default)
2021-11-15 19:21:11,965 [pool-112-thread-1] INFO  server.RaftServerConfigKeys (ConfUtils.java:logGet(44)) - raft.server.log.statemachine.data.sync.timeout.retry = -1 (default)
2021-11-15 19:21:11,966 [pool-112-thread-1] INFO  server.RaftServerConfigKeys (ConfUtils.java:logGet(44)) - raft.server.log.write.buffer.size = 1048576 (custom)
2021-11-15 19:21:11,966 [pool-112-thread-1] INFO  server.RaftServerConfigKeys (ConfUtils.java:logGet(44)) - raft.server.log.statemachine.data.caching.enabled = true (custom)
2021-11-15 19:21:11,966 [pool-112-thread-1] INFO  segmented.SegmentedRaftLogWorker (SegmentedRaftLogWorker.java:lambda$new$0(133)) - 1d1c653c-c24c-4f9f-93f8-363bcaedc7a6@group-82C3BFF6EC3D-SegmentedRaftLogWorker: flushIndex: setUnconditionally 0 -> -1
2021-11-15 19:21:11,967 [pool-112-thread-1] INFO  segmented.SegmentedRaftLogWorker (SegmentedRaftLogWorker.java:lambda$new$0(133)) - 1d1c653c-c24c-4f9f-93f8-363bcaedc7a6@group-82C3BFF6EC3D-SegmentedRaftLogWorker: safeCacheEvictIndex: setUnconditionally 0 -> -1
2021-11-15 19:21:11,967 [pool-112-thread-1] INFO  server.RaftServerConfigKeys (ConfUtils.java:logGet(44)) - raft.server.snapshot.auto.trigger.enabled = true (custom)
2021-11-15 19:21:11,967 [pool-112-thread-1] INFO  server.RaftServerConfigKeys (ConfUtils.java:logGet(44)) - raft.server.snapshot.auto.trigger.threshold = 10000 (custom)
2021-11-15 19:21:11,967 [pool-112-thread-1] INFO  server.RaftServerConfigKeys (ConfUtils.java:logGet(44)) - raft.server.snapshot.retention.file.num = 5 (custom)
2021-11-15 19:21:11,967 [pool-112-thread-1] INFO  server.RaftServerConfigKeys (ConfUtils.java:logGet(44)) - raft.server.log.purge.upto.snapshot.index = false (default)
2021-11-15 19:21:11,967 [pool-112-thread-1] INFO  server.RaftServerConfigKeys (ConfUtils.java:logGet(44)) - raft.server.retrycache.expirytime = 600000ms (custom)
2021-11-15 19:21:11,967 [pool-112-thread-1] INFO  server.RaftServerConfigKeys (ConfUtils.java:logGet(44)) - raft.server.retrycache.statistics.expirytime = 100μs (default)
2021-11-15 19:21:11,968 [pool-112-thread-1] INFO  server.RaftServer$Division (RaftServerImpl.java:start(301)) - 1d1c653c-c24c-4f9f-93f8-363bcaedc7a6@group-82C3BFF6EC3D: start as a follower, conf=-1: [1d1c653c-c24c-4f9f-93f8-363bcaedc7a6|rpc:10.1.0.16:44043|priority:1], old=null
2021-11-15 19:21:11,968 [pool-112-thread-1] INFO  server.RaftServer$Division (RaftServerImpl.java:setRole(290)) - 1d1c653c-c24c-4f9f-93f8-363bcaedc7a6@group-82C3BFF6EC3D: changes role from      null to FOLLOWER at term 0 for startAsFollower
2021-11-15 19:21:11,968 [pool-112-thread-1] INFO  impl.RoleInfo (RoleInfo.java:updateAndGet(130)) - 1d1c653c-c24c-4f9f-93f8-363bcaedc7a6: start 1d1c653c-c24c-4f9f-93f8-363bcaedc7a6@group-82C3BFF6EC3D-FollowerState
2021-11-15 19:21:11,969 [pool-112-thread-1] INFO  util.JmxRegister (JmxRegister.java:tryRegister(44)) - Successfully registered JMX Bean with object name Ratis:service=RaftServer,group=group-82C3BFF6EC3D,id=1d1c653c-c24c-4f9f-93f8-363bcaedc7a6
2021-11-15 19:21:11,973 [Command processor thread] INFO  ratis.XceiverServerRatis (XceiverServerRatis.java:addGroup(768)) - Created group PipelineID=6d4605b9-3d7e-4b83-bb0d-82c3bff6ec3d
2021-11-15 19:21:11,973 [Command processor thread] INFO  commandhandler.CreatePipelineCommandHandler (CreatePipelineCommandHandler.java:handle(106)) - Created Pipeline RATIS ONE PipelineID=6d4605b9-3d7e-4b83-bb0d-82c3bff6ec3d.
2021-11-15 19:21:11,973 [Command processor thread] INFO  server.RaftServer (RaftServerProxy.java:addNew(95)) - 1d1c653c-c24c-4f9f-93f8-363bcaedc7a6: addNew group-7123D4B11FD3:[72af5abb-0a78-4b64-9517-3021125997b8|rpc:10.1.0.16:45855|priority:0, 1d1c653c-c24c-4f9f-93f8-363bcaedc7a6|rpc:10.1.0.16:44043|priority:1, d87a46af-94f7-42aa-b022-652610ab08cb|rpc:10.1.0.16:36541|priority:0] returns group-7123D4B11FD3:java.util.concurrent.CompletableFuture@6f9b4b27[Not completed]
2021-11-15 19:21:11,974 [pool-112-thread-1] INFO  server.RaftServer$Division (RaftServerImpl.java:<init>(184)) - 1d1c653c-c24c-4f9f-93f8-363bcaedc7a6: new RaftServerImpl for group-7123D4B11FD3:[72af5abb-0a78-4b64-9517-3021125997b8|rpc:10.1.0.16:45855|priority:0, 1d1c653c-c24c-4f9f-93f8-363bcaedc7a6|rpc:10.1.0.16:44043|priority:1, d87a46af-94f7-42aa-b022-652610ab08cb|rpc:10.1.0.16:36541|priority:0] with ContainerStateMachine:uninitialized
2021-11-15 19:21:11,974 [pool-112-thread-1] INFO  server.RaftServerConfigKeys (ConfUtils.java:logGet(44)) - raft.server.rpc.timeout.min = 5s (custom)
2021-11-15 19:21:11,974 [pool-112-thread-1] INFO  server.RaftServerConfigKeys (ConfUtils.java:logGet(44)) - raft.server.rpc.timeout.max = 5200ms (custom)
2021-11-15 19:21:11,974 [pool-112-thread-1] INFO  server.RaftServerConfigKeys (ConfUtils.java:logGet(44)) - raft.server.rpc.sleep.time = 25ms (default)
2021-11-15 19:21:11,974 [pool-112-thread-1] INFO  server.RaftServerConfigKeys (ConfUtils.java:logGet(44)) - raft.server.rpc.slowness.timeout = 300000ms (custom)
2021-11-15 19:21:11,974 [pool-112-thread-1] INFO  server.RaftServerConfigKeys (ConfUtils.java:logGet(44)) - raft.server.leaderelection.leader.step-down.wait-time = 10s (default)
2021-11-15 19:21:11,974 [pool-112-thread-1] INFO  server.RaftServerConfigKeys (ConfUtils.java:logGet(44)) - raft.server.sleep.deviation.threshold = 300ms (default)
2021-11-15 19:21:11,974 [pool-112-thread-1] INFO  server.RaftServerConfigKeys (ConfUtils.java:logGet(44)) - raft.server.log.appender.install.snapshot.enabled = false (custom)
2021-11-15 19:21:11,974 [pool-112-thread-1] INFO  server.RaftServer$Division (ServerState.java:<init>(105)) - 1d1c653c-c24c-4f9f-93f8-363bcaedc7a6@group-7123D4B11FD3: ConfigurationManager, init=-1: [72af5abb-0a78-4b64-9517-3021125997b8|rpc:10.1.0.16:45855|priority:0, 1d1c653c-c24c-4f9f-93f8-363bcaedc7a6|rpc:10.1.0.16:44043|priority:1, d87a46af-94f7-42aa-b022-652610ab08cb|rpc:10.1.0.16:36541|priority:0], old=null, confs=<EMPTY_MAP>
2021-11-15 19:21:11,974 [pool-112-thread-1] INFO  server.RaftServerConfigKeys (ConfUtils.java:logGet(44)) - raft.server.storage.dir = [/home/runner/work/ozone/ozone/hadoop-ozone/integration-test/target/test-dir/MiniOzoneClusterImpl-edab3eb4-5721-4c35-be90-debfdbe0e37e/datanode-3/data/ratis] (custom)
2021-11-15 19:21:11,974 [pool-112-thread-1] INFO  server.RaftServerConfigKeys (ConfUtils.java:logGet(44)) - raft.server.log.corruption.policy = EXCEPTION (default)
2021-11-15 19:21:11,974 [pool-112-thread-1] INFO  server.RaftServerConfigKeys (ConfUtils.java:logGet(44)) - raft.server.storage.free-space.min = 0MB (=0) (default)
2021-11-15 19:21:11,975 [pool-112-thread-1] INFO  storage.RaftStorageDirectory (RaftStorageDirectoryImpl.java:analyzeStorage(135)) - The storage directory /home/runner/work/ozone/ozone/hadoop-ozone/integration-test/target/test-dir/MiniOzoneClusterImpl-edab3eb4-5721-4c35-be90-debfdbe0e37e/datanode-3/data/ratis/9084c998-2231-478f-90fe-7123d4b11fd3 does not exist. Creating ...
2021-11-15 19:21:11,976 [pool-112-thread-1] INFO  storage.RaftStorageDirectory (RaftStorageDirectoryImpl.java:tryLock(230)) - Lock on /home/runner/work/ozone/ozone/hadoop-ozone/integration-test/target/test-dir/MiniOzoneClusterImpl-edab3eb4-5721-4c35-be90-debfdbe0e37e/datanode-3/data/ratis/9084c998-2231-478f-90fe-7123d4b11fd3/in_use.lock acquired by nodename 2800@fv-az151-339
2021-11-15 19:21:11,977 [pool-112-thread-1] INFO  storage.RaftStorage (RaftStorageImpl.java:format(89)) - Storage directory /home/runner/work/ozone/ozone/hadoop-ozone/integration-test/target/test-dir/MiniOzoneClusterImpl-edab3eb4-5721-4c35-be90-debfdbe0e37e/datanode-3/data/ratis/9084c998-2231-478f-90fe-7123d4b11fd3 has been successfully formatted.
2021-11-15 19:21:11,977 [pool-112-thread-1] INFO  ratis.ContainerStateMachine (ContainerStateMachine.java:loadSnapshot(224)) - group-7123D4B11FD3: The snapshot info is null. Setting the last applied indexto:(t:0, i:~)
2021-11-15 19:21:11,977 [pool-112-thread-1] INFO  server.RaftServerConfigKeys (ConfUtils.java:logGet(44)) - raft.server.notification.no-leader.timeout = 300000ms (custom)
2021-11-15 19:21:11,978 [pool-112-thread-1] INFO  server.RaftServerConfigKeys (ConfUtils.java:logGet(44)) - raft.server.log.use.memory = false (default)
2021-11-15 19:21:11,978 [pool-112-thread-1] INFO  server.RaftServerConfigKeys (ConfUtils.java:logGet(44)) - raft.server.log.purge.gap = 1000000 (custom)
2021-11-15 19:21:11,978 [pool-112-thread-1] INFO  server.RaftServerConfigKeys (ConfUtils.java:logGet(44)) - raft.server.log.appender.buffer.byte-limit = 33554432 (custom)
2021-11-15 19:21:11,978 [pool-112-thread-1] INFO  server.RaftServerConfigKeys (ConfUtils.java:logGet(44)) - raft.server.log.segment.size.max = 1048576 (custom)
2021-11-15 19:21:11,978 [pool-112-thread-1] INFO  server.RaftServerConfigKeys (ConfUtils.java:logGet(44)) - raft.server.log.segment.cache.num.max = 2 (custom)
2021-11-15 19:21:11,978 [pool-112-thread-1] INFO  server.RaftServerConfigKeys (ConfUtils.java:logGet(44)) - raft.server.log.segment.cache.size.max = 200MB (=209715200) (default)
2021-11-15 19:21:11,979 [pool-112-thread-1] INFO  segmented.SegmentedRaftLogWorker (SegmentedRaftLogWorker.java:<init>(182)) - new 1d1c653c-c24c-4f9f-93f8-363bcaedc7a6@group-7123D4B11FD3-SegmentedRaftLogWorker for RaftStorageImpl:Storage Directory /home/runner/work/ozone/ozone/hadoop-ozone/integration-test/target/test-dir/MiniOzoneClusterImpl-edab3eb4-5721-4c35-be90-debfdbe0e37e/datanode-3/data/ratis/9084c998-2231-478f-90fe-7123d4b11fd3
2021-11-15 19:21:11,979 [pool-112-thread-1] INFO  server.RaftServerConfigKeys (ConfUtils.java:logGet(44)) - raft.server.log.queue.byte-limit = 2147483647 (custom)
2021-11-15 19:21:11,980 [EventQueue-OpenPipelineForHealthyPipelineSafeModeRule] INFO  safemode.SCMSafeModeManager (HealthyPipelineSafeModeRule.java:process(124)) - SCM in safe mode. Healthy pipelines reported count is 0, required healthy pipeline reported count is 1
2021-11-15 19:21:11,980 [pool-112-thread-1] INFO  server.RaftServerConfigKeys (ConfUtils.java:logGet(44)) - raft.server.log.queue.element-limit = 1024 (custom)
2021-11-15 19:21:11,983 [pool-112-thread-1] INFO  server.RaftServerConfigKeys (ConfUtils.java:logGet(44)) - raft.server.log.segment.size.max = 1048576 (custom)
2021-11-15 19:21:11,984 [pool-112-thread-1] INFO  server.RaftServerConfigKeys (ConfUtils.java:logGet(44)) - raft.server.log.preallocated.size = 16384 (custom)
2021-11-15 19:21:11,984 [pool-112-thread-1] INFO  server.RaftServerConfigKeys (ConfUtils.java:logGet(44)) - raft.server.log.force.sync.num = 128 (default)
2021-11-15 19:21:11,984 [pool-112-thread-1] INFO  server.RaftServerConfigKeys (ConfUtils.java:logGet(44)) - raft.server.log.statemachine.data.sync = true (default)
2021-11-15 19:21:11,984 [pool-112-thread-1] INFO  server.RaftServerConfigKeys (ConfUtils.java:logGet(44)) - raft.server.log.statemachine.data.sync.timeout = 10s (default)
2021-11-15 19:21:11,985 [pool-112-thread-1] INFO  server.RaftServerConfigKeys (ConfUtils.java:logGet(44)) - raft.server.log.statemachine.data.sync.timeout.retry = -1 (default)
2021-11-15 19:21:11,985 [pool-112-thread-1] INFO  server.RaftServerConfigKeys (ConfUtils.java:logGet(44)) - raft.server.log.write.buffer.size = 1048576 (custom)
2021-11-15 19:21:11,986 [pool-112-thread-1] INFO  server.RaftServerConfigKeys (ConfUtils.java:logGet(44)) - raft.server.log.statemachine.data.caching.enabled = true (custom)
2021-11-15 19:21:11,986 [pool-112-thread-1] INFO  segmented.SegmentedRaftLogWorker (SegmentedRaftLogWorker.java:lambda$new$0(133)) - 1d1c653c-c24c-4f9f-93f8-363bcaedc7a6@group-7123D4B11FD3-SegmentedRaftLogWorker: flushIndex: setUnconditionally 0 -> -1
2021-11-15 19:21:11,987 [pool-112-thread-1] INFO  segmented.SegmentedRaftLogWorker (SegmentedRaftLogWorker.java:lambda$new$0(133)) - 1d1c653c-c24c-4f9f-93f8-363bcaedc7a6@group-7123D4B11FD3-SegmentedRaftLogWorker: safeCacheEvictIndex: setUnconditionally 0 -> -1
2021-11-15 19:21:11,987 [pool-112-thread-1] INFO  server.RaftServerConfigKeys (ConfUtils.java:logGet(44)) - raft.server.snapshot.auto.trigger.enabled = true (custom)
2021-11-15 19:21:11,987 [pool-112-thread-1] INFO  server.RaftServerConfigKeys (ConfUtils.java:logGet(44)) - raft.server.snapshot.auto.trigger.threshold = 10000 (custom)
2021-11-15 19:21:11,987 [pool-112-thread-1] INFO  server.RaftServerConfigKeys (ConfUtils.java:logGet(44)) - raft.server.snapshot.retention.file.num = 5 (custom)
2021-11-15 19:21:11,987 [pool-112-thread-1] INFO  server.RaftServerConfigKeys (ConfUtils.java:logGet(44)) - raft.server.log.purge.upto.snapshot.index = false (default)
2021-11-15 19:21:11,987 [pool-112-thread-1] INFO  server.RaftServerConfigKeys (ConfUtils.java:logGet(44)) - raft.server.retrycache.expirytime = 600000ms (custom)
2021-11-15 19:21:11,987 [pool-112-thread-1] INFO  server.RaftServerConfigKeys (ConfUtils.java:logGet(44)) - raft.server.retrycache.statistics.expirytime = 100μs (default)
2021-11-15 19:21:11,988 [pool-112-thread-1] INFO  server.RaftServer$Division (RaftServerImpl.java:start(301)) - 1d1c653c-c24c-4f9f-93f8-363bcaedc7a6@group-7123D4B11FD3: start as a follower, conf=-1: [72af5abb-0a78-4b64-9517-3021125997b8|rpc:10.1.0.16:45855|priority:0, 1d1c653c-c24c-4f9f-93f8-363bcaedc7a6|rpc:10.1.0.16:44043|priority:1, d87a46af-94f7-42aa-b022-652610ab08cb|rpc:10.1.0.16:36541|priority:0], old=null
2021-11-15 19:21:11,988 [pool-112-thread-1] INFO  server.RaftServer$Division (RaftServerImpl.java:setRole(290)) - 1d1c653c-c24c-4f9f-93f8-363bcaedc7a6@group-7123D4B11FD3: changes role from      null to FOLLOWER at term 0 for startAsFollower
2021-11-15 19:21:11,988 [pool-112-thread-1] INFO  impl.RoleInfo (RoleInfo.java:updateAndGet(130)) - 1d1c653c-c24c-4f9f-93f8-363bcaedc7a6: start 1d1c653c-c24c-4f9f-93f8-363bcaedc7a6@group-7123D4B11FD3-FollowerState
2021-11-15 19:21:11,989 [pool-112-thread-1] INFO  util.JmxRegister (JmxRegister.java:tryRegister(44)) - Successfully registered JMX Bean with object name Ratis:service=RaftServer,group=group-7123D4B11FD3,id=1d1c653c-c24c-4f9f-93f8-363bcaedc7a6
2021-11-15 19:21:11,992 [Command processor thread] INFO  ratis.XceiverServerRatis (XceiverServerRatis.java:addGroup(768)) - Created group PipelineID=9084c998-2231-478f-90fe-7123d4b11fd3
2021-11-15 19:21:12,016 [grpc-default-executor-0] INFO  server.RaftServer (RaftServerProxy.java:addNew(95)) - d87a46af-94f7-42aa-b022-652610ab08cb: addNew group-7123D4B11FD3:[72af5abb-0a78-4b64-9517-3021125997b8|rpc:10.1.0.16:45855|dataStream:|priority:0, 1d1c653c-c24c-4f9f-93f8-363bcaedc7a6|rpc:10.1.0.16:44043|dataStream:|priority:1, d87a46af-94f7-42aa-b022-652610ab08cb|rpc:10.1.0.16:36541|dataStream:|priority:0] returns group-7123D4B11FD3:java.util.concurrent.CompletableFuture@58ec7a91[Not completed]
2021-11-15 19:21:12,018 [pool-131-thread-1] INFO  server.RaftServer$Division (RaftServerImpl.java:<init>(184)) - d87a46af-94f7-42aa-b022-652610ab08cb: new RaftServerImpl for group-7123D4B11FD3:[72af5abb-0a78-4b64-9517-3021125997b8|rpc:10.1.0.16:45855|dataStream:|priority:0, 1d1c653c-c24c-4f9f-93f8-363bcaedc7a6|rpc:10.1.0.16:44043|dataStream:|priority:1, d87a46af-94f7-42aa-b022-652610ab08cb|rpc:10.1.0.16:36541|dataStream:|priority:0] with ContainerStateMachine:uninitialized
2021-11-15 19:21:12,018 [pool-131-thread-1] INFO  server.RaftServerConfigKeys (ConfUtils.java:logGet(44)) - raft.server.rpc.timeout.min = 5s (custom)
2021-11-15 19:21:12,018 [pool-131-thread-1] INFO  server.RaftServerConfigKeys (ConfUtils.java:logGet(44)) - raft.server.rpc.timeout.max = 5200ms (custom)
2021-11-15 19:21:12,018 [pool-131-thread-1] INFO  server.RaftServerConfigKeys (ConfUtils.java:logGet(44)) - raft.server.rpc.sleep.time = 25ms (default)
2021-11-15 19:21:12,018 [pool-131-thread-1] INFO  server.RaftServerConfigKeys (ConfUtils.java:logGet(44)) - raft.server.rpc.slowness.timeout = 300000ms (custom)
2021-11-15 19:21:12,018 [pool-131-thread-1] INFO  server.RaftServerConfigKeys (ConfUtils.java:logGet(44)) - raft.server.leaderelection.leader.step-down.wait-time = 10s (default)
2021-11-15 19:21:12,018 [pool-131-thread-1] INFO  server.RaftServerConfigKeys (ConfUtils.java:logGet(44)) - raft.server.sleep.deviation.threshold = 300ms (default)
2021-11-15 19:21:12,018 [pool-131-thread-1] INFO  server.RaftServerConfigKeys (ConfUtils.java:logGet(44)) - raft.server.log.appender.install.snapshot.enabled = false (custom)
2021-11-15 19:21:12,018 [pool-131-thread-1] INFO  server.RaftServer$Division (ServerState.java:<init>(105)) - d87a46af-94f7-42aa-b022-652610ab08cb@group-7123D4B11FD3: ConfigurationManager, init=-1: [72af5abb-0a78-4b64-9517-3021125997b8|rpc:10.1.0.16:45855|dataStream:|priority:0, 1d1c653c-c24c-4f9f-93f8-363bcaedc7a6|rpc:10.1.0.16:44043|dataStream:|priority:1, d87a46af-94f7-42aa-b022-652610ab08cb|rpc:10.1.0.16:36541|dataStream:|priority:0], old=null, confs=<EMPTY_MAP>
2021-11-15 19:21:12,018 [pool-131-thread-1] INFO  server.RaftServerConfigKeys (ConfUtils.java:logGet(44)) - raft.server.storage.dir = [/home/runner/work/ozone/ozone/hadoop-ozone/integration-test/target/test-dir/MiniOzoneClusterImpl-edab3eb4-5721-4c35-be90-debfdbe0e37e/datanode-4/data/ratis] (custom)
2021-11-15 19:21:12,018 [pool-131-thread-1] INFO  server.RaftServerConfigKeys (ConfUtils.java:logGet(44)) - raft.server.log.corruption.policy = EXCEPTION (default)
2021-11-15 19:21:12,018 [pool-131-thread-1] INFO  server.RaftServerConfigKeys (ConfUtils.java:logGet(44)) - raft.server.storage.free-space.min = 0MB (=0) (default)
2021-11-15 19:21:12,018 [pool-131-thread-1] INFO  storage.RaftStorageDirectory (RaftStorageDirectoryImpl.java:analyzeStorage(135)) - The storage directory /home/runner/work/ozone/ozone/hadoop-ozone/integration-test/target/test-dir/MiniOzoneClusterImpl-edab3eb4-5721-4c35-be90-debfdbe0e37e/datanode-4/data/ratis/9084c998-2231-478f-90fe-7123d4b11fd3 does not exist. Creating ...
2021-11-15 19:21:12,019 [pool-131-thread-1] INFO  storage.RaftStorageDirectory (RaftStorageDirectoryImpl.java:tryLock(230)) - Lock on /home/runner/work/ozone/ozone/hadoop-ozone/integration-test/target/test-dir/MiniOzoneClusterImpl-edab3eb4-5721-4c35-be90-debfdbe0e37e/datanode-4/data/ratis/9084c998-2231-478f-90fe-7123d4b11fd3/in_use.lock acquired by nodename 2800@fv-az151-339
2021-11-15 19:21:12,022 [pool-131-thread-1] INFO  storage.RaftStorage (RaftStorageImpl.java:format(89)) - Storage directory /home/runner/work/ozone/ozone/hadoop-ozone/integration-test/target/test-dir/MiniOzoneClusterImpl-edab3eb4-5721-4c35-be90-debfdbe0e37e/datanode-4/data/ratis/9084c998-2231-478f-90fe-7123d4b11fd3 has been successfully formatted.
2021-11-15 19:21:12,023 [pool-131-thread-1] INFO  ratis.ContainerStateMachine (ContainerStateMachine.java:loadSnapshot(224)) - group-7123D4B11FD3: The snapshot info is null. Setting the last applied indexto:(t:0, i:~)
2021-11-15 19:21:12,023 [pool-131-thread-1] INFO  server.RaftServerConfigKeys (ConfUtils.java:logGet(44)) - raft.server.notification.no-leader.timeout = 300000ms (custom)
2021-11-15 19:21:12,025 [pool-131-thread-1] INFO  server.RaftServerConfigKeys (ConfUtils.java:logGet(44)) - raft.server.log.use.memory = false (default)
2021-11-15 19:21:12,025 [pool-131-thread-1] INFO  server.RaftServerConfigKeys (ConfUtils.java:logGet(44)) - raft.server.log.purge.gap = 1000000 (custom)
2021-11-15 19:21:12,025 [pool-131-thread-1] INFO  server.RaftServerConfigKeys (ConfUtils.java:logGet(44)) - raft.server.log.appender.buffer.byte-limit = 33554432 (custom)
2021-11-15 19:21:12,026 [pool-131-thread-1] INFO  server.RaftServerConfigKeys (ConfUtils.java:logGet(44)) - raft.server.log.segment.size.max = 1048576 (custom)
2021-11-15 19:21:12,026 [pool-131-thread-1] INFO  server.RaftServerConfigKeys (ConfUtils.java:logGet(44)) - raft.server.log.segment.cache.num.max = 2 (custom)
2021-11-15 19:21:12,026 [pool-131-thread-1] INFO  server.RaftServerConfigKeys (ConfUtils.java:logGet(44)) - raft.server.log.segment.cache.size.max = 200MB (=209715200) (default)
2021-11-15 19:21:12,026 [pool-131-thread-1] INFO  segmented.SegmentedRaftLogWorker (SegmentedRaftLogWorker.java:<init>(182)) - new d87a46af-94f7-42aa-b022-652610ab08cb@group-7123D4B11FD3-SegmentedRaftLogWorker for RaftStorageImpl:Storage Directory /home/runner/work/ozone/ozone/hadoop-ozone/integration-test/target/test-dir/MiniOzoneClusterImpl-edab3eb4-5721-4c35-be90-debfdbe0e37e/datanode-4/data/ratis/9084c998-2231-478f-90fe-7123d4b11fd3
2021-11-15 19:21:12,026 [pool-131-thread-1] INFO  server.RaftServerConfigKeys (ConfUtils.java:logGet(44)) - raft.server.log.queue.byte-limit = 2147483647 (custom)
2021-11-15 19:21:12,026 [pool-131-thread-1] INFO  server.RaftServerConfigKeys (ConfUtils.java:logGet(44)) - raft.server.log.queue.element-limit = 1024 (custom)
2021-11-15 19:21:12,026 [pool-131-thread-1] INFO  server.RaftServerConfigKeys (ConfUtils.java:logGet(44)) - raft.server.log.segment.size.max = 1048576 (custom)
2021-11-15 19:21:12,026 [pool-131-thread-1] INFO  server.RaftServerConfigKeys (ConfUtils.java:logGet(44)) - raft.server.log.preallocated.size = 16384 (custom)
2021-11-15 19:21:12,026 [pool-131-thread-1] INFO  server.RaftServerConfigKeys (ConfUtils.java:logGet(44)) - raft.server.log.force.sync.num = 128 (default)
2021-11-15 19:21:12,027 [pool-131-thread-1] INFO  server.RaftServerConfigKeys (ConfUtils.java:logGet(44)) - raft.server.log.statemachine.data.sync = true (default)
2021-11-15 19:21:12,027 [pool-131-thread-1] INFO  server.RaftServerConfigKeys (ConfUtils.java:logGet(44)) - raft.server.log.statemachine.data.sync.timeout = 10s (default)
2021-11-15 19:21:12,027 [pool-131-thread-1] INFO  server.RaftServerConfigKeys (ConfUtils.java:logGet(44)) - raft.server.log.statemachine.data.sync.timeout.retry = -1 (default)
2021-11-15 19:21:12,027 [pool-131-thread-1] INFO  server.RaftServerConfigKeys (ConfUtils.java:logGet(44)) - raft.server.log.write.buffer.size = 1048576 (custom)
2021-11-15 19:21:12,028 [pool-131-thread-1] INFO  server.RaftServerConfigKeys (ConfUtils.java:logGet(44)) - raft.server.log.statemachine.data.caching.enabled = true (custom)
2021-11-15 19:21:12,028 [pool-131-thread-1] INFO  segmented.SegmentedRaftLogWorker (SegmentedRaftLogWorker.java:lambda$new$0(133)) - d87a46af-94f7-42aa-b022-652610ab08cb@group-7123D4B11FD3-SegmentedRaftLogWorker: flushIndex: setUnconditionally 0 -> -1
2021-11-15 19:21:12,028 [pool-131-thread-1] INFO  segmented.SegmentedRaftLogWorker (SegmentedRaftLogWorker.java:lambda$new$0(133)) - d87a46af-94f7-42aa-b022-652610ab08cb@group-7123D4B11FD3-SegmentedRaftLogWorker: safeCacheEvictIndex: setUnconditionally 0 -> -1
2021-11-15 19:21:12,031 [pool-131-thread-1] INFO  server.RaftServerConfigKeys (ConfUtils.java:logGet(44)) - raft.server.snapshot.auto.trigger.enabled = true (custom)
2021-11-15 19:21:12,031 [pool-131-thread-1] INFO  server.RaftServerConfigKeys (ConfUtils.java:logGet(44)) - raft.server.snapshot.auto.trigger.threshold = 10000 (custom)
2021-11-15 19:21:12,031 [pool-131-thread-1] INFO  server.RaftServerConfigKeys (ConfUtils.java:logGet(44)) - raft.server.snapshot.retention.file.num = 5 (custom)
2021-11-15 19:21:12,031 [pool-131-thread-1] INFO  server.RaftServerConfigKeys (ConfUtils.java:logGet(44)) - raft.server.log.purge.upto.snapshot.index = false (default)
2021-11-15 19:21:12,031 [pool-131-thread-1] INFO  server.RaftServerConfigKeys (ConfUtils.java:logGet(44)) - raft.server.retrycache.expirytime = 600000ms (custom)
2021-11-15 19:21:12,031 [pool-131-thread-1] INFO  server.RaftServerConfigKeys (ConfUtils.java:logGet(44)) - raft.server.retrycache.statistics.expirytime = 100μs (default)
2021-11-15 19:21:12,032 [pool-131-thread-1] INFO  server.RaftServer$Division (RaftServerImpl.java:start(301)) - d87a46af-94f7-42aa-b022-652610ab08cb@group-7123D4B11FD3: start as a follower, conf=-1: [72af5abb-0a78-4b64-9517-3021125997b8|rpc:10.1.0.16:45855|dataStream:|priority:0, 1d1c653c-c24c-4f9f-93f8-363bcaedc7a6|rpc:10.1.0.16:44043|dataStream:|priority:1, d87a46af-94f7-42aa-b022-652610ab08cb|rpc:10.1.0.16:36541|dataStream:|priority:0], old=null
2021-11-15 19:21:12,032 [pool-131-thread-1] INFO  server.RaftServer$Division (RaftServerImpl.java:setRole(290)) - d87a46af-94f7-42aa-b022-652610ab08cb@group-7123D4B11FD3: changes role from      null to FOLLOWER at term 0 for startAsFollower
2021-11-15 19:21:12,033 [pool-131-thread-1] INFO  impl.RoleInfo (RoleInfo.java:updateAndGet(130)) - d87a46af-94f7-42aa-b022-652610ab08cb: start d87a46af-94f7-42aa-b022-652610ab08cb@group-7123D4B11FD3-FollowerState
2021-11-15 19:21:12,033 [pool-131-thread-1] INFO  util.JmxRegister (JmxRegister.java:tryRegister(44)) - Successfully registered JMX Bean with object name Ratis:service=RaftServer,group=group-7123D4B11FD3,id=d87a46af-94f7-42aa-b022-652610ab08cb
2021-11-15 19:21:12,046 [grpc-default-executor-0] INFO  server.RaftServer (RaftServerProxy.java:addNew(95)) - 72af5abb-0a78-4b64-9517-3021125997b8: addNew group-7123D4B11FD3:[72af5abb-0a78-4b64-9517-3021125997b8|rpc:10.1.0.16:45855|dataStream:|priority:0, 1d1c653c-c24c-4f9f-93f8-363bcaedc7a6|rpc:10.1.0.16:44043|dataStream:|priority:1, d87a46af-94f7-42aa-b022-652610ab08cb|rpc:10.1.0.16:36541|dataStream:|priority:0] returns group-7123D4B11FD3:java.util.concurrent.CompletableFuture@7126386b[Not completed]
2021-11-15 19:21:12,048 [pool-150-thread-1] INFO  server.RaftServer$Division (RaftServerImpl.java:<init>(184)) - 72af5abb-0a78-4b64-9517-3021125997b8: new RaftServerImpl for group-7123D4B11FD3:[72af5abb-0a78-4b64-9517-3021125997b8|rpc:10.1.0.16:45855|dataStream:|priority:0, 1d1c653c-c24c-4f9f-93f8-363bcaedc7a6|rpc:10.1.0.16:44043|dataStream:|priority:1, d87a46af-94f7-42aa-b022-652610ab08cb|rpc:10.1.0.16:36541|dataStream:|priority:0] with ContainerStateMachine:uninitialized
2021-11-15 19:21:12,048 [pool-150-thread-1] INFO  server.RaftServerConfigKeys (ConfUtils.java:logGet(44)) - raft.server.rpc.timeout.min = 5s (custom)
2021-11-15 19:21:12,048 [pool-150-thread-1] INFO  server.RaftServerConfigKeys (ConfUtils.java:logGet(44)) - raft.server.rpc.timeout.max = 5200ms (custom)
2021-11-15 19:21:12,048 [pool-150-thread-1] INFO  server.RaftServerConfigKeys (ConfUtils.java:logGet(44)) - raft.server.rpc.sleep.time = 25ms (default)
2021-11-15 19:21:12,048 [pool-150-thread-1] INFO  server.RaftServerConfigKeys (ConfUtils.java:logGet(44)) - raft.server.rpc.slowness.timeout = 300000ms (custom)
2021-11-15 19:21:12,048 [pool-150-thread-1] INFO  server.RaftServerConfigKeys (ConfUtils.java:logGet(44)) - raft.server.leaderelection.leader.step-down.wait-time = 10s (default)
2021-11-15 19:21:12,048 [pool-150-thread-1] INFO  server.RaftServerConfigKeys (ConfUtils.java:logGet(44)) - raft.server.sleep.deviation.threshold = 300ms (default)
2021-11-15 19:21:12,048 [pool-150-thread-1] INFO  server.RaftServerConfigKeys (ConfUtils.java:logGet(44)) - raft.server.log.appender.install.snapshot.enabled = false (custom)
2021-11-15 19:21:12,049 [pool-150-thread-1] INFO  server.RaftServer$Division (ServerState.java:<init>(105)) - 72af5abb-0a78-4b64-9517-3021125997b8@group-7123D4B11FD3: ConfigurationManager, init=-1: [72af5abb-0a78-4b64-9517-3021125997b8|rpc:10.1.0.16:45855|dataStream:|priority:0, 1d1c653c-c24c-4f9f-93f8-363bcaedc7a6|rpc:10.1.0.16:44043|dataStream:|priority:1, d87a46af-94f7-42aa-b022-652610ab08cb|rpc:10.1.0.16:36541|dataStream:|priority:0], old=null, confs=<EMPTY_MAP>
2021-11-15 19:21:12,049 [pool-150-thread-1] INFO  server.RaftServerConfigKeys (ConfUtils.java:logGet(44)) - raft.server.storage.dir = [/home/runner/work/ozone/ozone/hadoop-ozone/integration-test/target/test-dir/MiniOzoneClusterImpl-edab3eb4-5721-4c35-be90-debfdbe0e37e/datanode-5/data/ratis] (custom)
2021-11-15 19:21:12,049 [pool-150-thread-1] INFO  server.RaftServerConfigKeys (ConfUtils.java:logGet(44)) - raft.server.log.corruption.policy = EXCEPTION (default)
2021-11-15 19:21:12,049 [pool-150-thread-1] INFO  server.RaftServerConfigKeys (ConfUtils.java:logGet(44)) - raft.server.storage.free-space.min = 0MB (=0) (default)
2021-11-15 19:21:12,049 [pool-150-thread-1] INFO  storage.RaftStorageDirectory (RaftStorageDirectoryImpl.java:analyzeStorage(135)) - The storage directory /home/runner/work/ozone/ozone/hadoop-ozone/integration-test/target/test-dir/MiniOzoneClusterImpl-edab3eb4-5721-4c35-be90-debfdbe0e37e/datanode-5/data/ratis/9084c998-2231-478f-90fe-7123d4b11fd3 does not exist. Creating ...
2021-11-15 19:21:12,051 [pool-150-thread-1] INFO  storage.RaftStorageDirectory (RaftStorageDirectoryImpl.java:tryLock(230)) - Lock on /home/runner/work/ozone/ozone/hadoop-ozone/integration-test/target/test-dir/MiniOzoneClusterImpl-edab3eb4-5721-4c35-be90-debfdbe0e37e/datanode-5/data/ratis/9084c998-2231-478f-90fe-7123d4b11fd3/in_use.lock acquired by nodename 2800@fv-az151-339
2021-11-15 19:21:12,052 [pool-150-thread-1] INFO  storage.RaftStorage (RaftStorageImpl.java:format(89)) - Storage directory /home/runner/work/ozone/ozone/hadoop-ozone/integration-test/target/test-dir/MiniOzoneClusterImpl-edab3eb4-5721-4c35-be90-debfdbe0e37e/datanode-5/data/ratis/9084c998-2231-478f-90fe-7123d4b11fd3 has been successfully formatted.
2021-11-15 19:21:12,053 [pool-150-thread-1] INFO  ratis.ContainerStateMachine (ContainerStateMachine.java:loadSnapshot(224)) - group-7123D4B11FD3: The snapshot info is null. Setting the last applied indexto:(t:0, i:~)
2021-11-15 19:21:12,053 [pool-150-thread-1] INFO  server.RaftServerConfigKeys (ConfUtils.java:logGet(44)) - raft.server.notification.no-leader.timeout = 300000ms (custom)
2021-11-15 19:21:12,053 [pool-150-thread-1] INFO  server.RaftServerConfigKeys (ConfUtils.java:logGet(44)) - raft.server.log.use.memory = false (default)
2021-11-15 19:21:12,053 [pool-150-thread-1] INFO  server.RaftServerConfigKeys (ConfUtils.java:logGet(44)) - raft.server.log.purge.gap = 1000000 (custom)
2021-11-15 19:21:12,053 [pool-150-thread-1] INFO  server.RaftServerConfigKeys (ConfUtils.java:logGet(44)) - raft.server.log.appender.buffer.byte-limit = 33554432 (custom)
2021-11-15 19:21:12,054 [pool-150-thread-1] INFO  server.RaftServerConfigKeys (ConfUtils.java:logGet(44)) - raft.server.log.segment.size.max = 1048576 (custom)
2021-11-15 19:21:12,056 [pool-150-thread-1] INFO  server.RaftServerConfigKeys (ConfUtils.java:logGet(44)) - raft.server.log.segment.cache.num.max = 2 (custom)
2021-11-15 19:21:12,056 [pool-150-thread-1] INFO  server.RaftServerConfigKeys (ConfUtils.java:logGet(44)) - raft.server.log.segment.cache.size.max = 200MB (=209715200) (default)
2021-11-15 19:21:12,056 [pool-150-thread-1] INFO  segmented.SegmentedRaftLogWorker (SegmentedRaftLogWorker.java:<init>(182)) - new 72af5abb-0a78-4b64-9517-3021125997b8@group-7123D4B11FD3-SegmentedRaftLogWorker for RaftStorageImpl:Storage Directory /home/runner/work/ozone/ozone/hadoop-ozone/integration-test/target/test-dir/MiniOzoneClusterImpl-edab3eb4-5721-4c35-be90-debfdbe0e37e/datanode-5/data/ratis/9084c998-2231-478f-90fe-7123d4b11fd3
2021-11-15 19:21:12,056 [pool-150-thread-1] INFO  server.RaftServerConfigKeys (ConfUtils.java:logGet(44)) - raft.server.log.queue.byte-limit = 2147483647 (custom)
2021-11-15 19:21:12,056 [pool-150-thread-1] INFO  server.RaftServerConfigKeys (ConfUtils.java:logGet(44)) - raft.server.log.queue.element-limit = 1024 (custom)
2021-11-15 19:21:12,056 [pool-150-thread-1] INFO  server.RaftServerConfigKeys (ConfUtils.java:logGet(44)) - raft.server.log.segment.size.max = 1048576 (custom)
2021-11-15 19:21:12,056 [pool-150-thread-1] INFO  server.RaftServerConfigKeys (ConfUtils.java:logGet(44)) - raft.server.log.preallocated.size = 16384 (custom)
2021-11-15 19:21:12,056 [pool-150-thread-1] INFO  server.RaftServerConfigKeys (ConfUtils.java:logGet(44)) - raft.server.log.force.sync.num = 128 (default)
2021-11-15 19:21:12,056 [pool-150-thread-1] INFO  server.RaftServerConfigKeys (ConfUtils.java:logGet(44)) - raft.server.log.statemachine.data.sync = true (default)
2021-11-15 19:21:12,056 [pool-150-thread-1] INFO  server.RaftServerConfigKeys (ConfUtils.java:logGet(44)) - raft.server.log.statemachine.data.sync.timeout = 10s (default)
2021-11-15 19:21:12,056 [pool-150-thread-1] INFO  server.RaftServerConfigKeys (ConfUtils.java:logGet(44)) - raft.server.log.statemachine.data.sync.timeout.retry = -1 (default)
2021-11-15 19:21:12,057 [pool-150-thread-1] INFO  server.RaftServerConfigKeys (ConfUtils.java:logGet(44)) - raft.server.log.write.buffer.size = 1048576 (custom)
2021-11-15 19:21:12,058 [pool-150-thread-1] INFO  server.RaftServerConfigKeys (ConfUtils.java:logGet(44)) - raft.server.log.statemachine.data.caching.enabled = true (custom)
2021-11-15 19:21:12,058 [pool-150-thread-1] INFO  segmented.SegmentedRaftLogWorker (SegmentedRaftLogWorker.java:lambda$new$0(133)) - 72af5abb-0a78-4b64-9517-3021125997b8@group-7123D4B11FD3-SegmentedRaftLogWorker: flushIndex: setUnconditionally 0 -> -1
2021-11-15 19:21:12,058 [pool-150-thread-1] INFO  segmented.SegmentedRaftLogWorker (SegmentedRaftLogWorker.java:lambda$new$0(133)) - 72af5abb-0a78-4b64-9517-3021125997b8@group-7123D4B11FD3-SegmentedRaftLogWorker: safeCacheEvictIndex: setUnconditionally 0 -> -1
2021-11-15 19:21:12,058 [pool-150-thread-1] INFO  server.RaftServerConfigKeys (ConfUtils.java:logGet(44)) - raft.server.snapshot.auto.trigger.enabled = true (custom)
2021-11-15 19:21:12,058 [pool-150-thread-1] INFO  server.RaftServerConfigKeys (ConfUtils.java:logGet(44)) - raft.server.snapshot.auto.trigger.threshold = 10000 (custom)
2021-11-15 19:21:12,058 [pool-150-thread-1] INFO  server.RaftServerConfigKeys (ConfUtils.java:logGet(44)) - raft.server.snapshot.retention.file.num = 5 (custom)
2021-11-15 19:21:12,058 [pool-150-thread-1] INFO  server.RaftServerConfigKeys (ConfUtils.java:logGet(44)) - raft.server.log.purge.upto.snapshot.index = false (default)
2021-11-15 19:21:12,058 [pool-150-thread-1] INFO  server.RaftServerConfigKeys (ConfUtils.java:logGet(44)) - raft.server.retrycache.expirytime = 600000ms (custom)
2021-11-15 19:21:12,059 [pool-150-thread-1] INFO  server.RaftServerConfigKeys (ConfUtils.java:logGet(44)) - raft.server.retrycache.statistics.expirytime = 100μs (default)
2021-11-15 19:21:12,060 [pool-150-thread-1] INFO  server.RaftServer$Division (RaftServerImpl.java:start(301)) - 72af5abb-0a78-4b64-9517-3021125997b8@group-7123D4B11FD3: start as a follower, conf=-1: [72af5abb-0a78-4b64-9517-3021125997b8|rpc:10.1.0.16:45855|dataStream:|priority:0, 1d1c653c-c24c-4f9f-93f8-363bcaedc7a6|rpc:10.1.0.16:44043|dataStream:|priority:1, d87a46af-94f7-42aa-b022-652610ab08cb|rpc:10.1.0.16:36541|dataStream:|priority:0], old=null
2021-11-15 19:21:12,060 [pool-150-thread-1] INFO  server.RaftServer$Division (RaftServerImpl.java:setRole(290)) - 72af5abb-0a78-4b64-9517-3021125997b8@group-7123D4B11FD3: changes role from      null to FOLLOWER at term 0 for startAsFollower
2021-11-15 19:21:12,060 [pool-150-thread-1] INFO  impl.RoleInfo (RoleInfo.java:updateAndGet(130)) - 72af5abb-0a78-4b64-9517-3021125997b8: start 72af5abb-0a78-4b64-9517-3021125997b8@group-7123D4B11FD3-FollowerState
2021-11-15 19:21:12,060 [pool-150-thread-1] INFO  util.JmxRegister (JmxRegister.java:tryRegister(44)) - Successfully registered JMX Bean with object name Ratis:service=RaftServer,group=group-7123D4B11FD3,id=72af5abb-0a78-4b64-9517-3021125997b8
2021-11-15 19:21:12,067 [Command processor thread] INFO  commandhandler.CreatePipelineCommandHandler (CreatePipelineCommandHandler.java:handle(106)) - Created Pipeline RATIS THREE PipelineID=9084c998-2231-478f-90fe-7123d4b11fd3.
2021-11-15 19:21:12,067 [Command processor thread] INFO  server.RaftServer (RaftServerProxy.java:addNew(95)) - 1d1c653c-c24c-4f9f-93f8-363bcaedc7a6: addNew group-6011D7D31FA9:[72af5abb-0a78-4b64-9517-3021125997b8|rpc:10.1.0.16:45855|priority:0, 1d1c653c-c24c-4f9f-93f8-363bcaedc7a6|rpc:10.1.0.16:44043|priority:0, d87a46af-94f7-42aa-b022-652610ab08cb|rpc:10.1.0.16:36541|priority:1] returns group-6011D7D31FA9:java.util.concurrent.CompletableFuture@1cf00e14[Not completed]
2021-11-15 19:21:12,068 [pool-112-thread-1] INFO  server.RaftServer$Division (RaftServerImpl.java:<init>(184)) - 1d1c653c-c24c-4f9f-93f8-363bcaedc7a6: new RaftServerImpl for group-6011D7D31FA9:[72af5abb-0a78-4b64-9517-3021125997b8|rpc:10.1.0.16:45855|priority:0, 1d1c653c-c24c-4f9f-93f8-363bcaedc7a6|rpc:10.1.0.16:44043|priority:0, d87a46af-94f7-42aa-b022-652610ab08cb|rpc:10.1.0.16:36541|priority:1] with ContainerStateMachine:uninitialized
2021-11-15 19:21:12,068 [pool-112-thread-1] INFO  server.RaftServerConfigKeys (ConfUtils.java:logGet(44)) - raft.server.rpc.timeout.min = 5s (custom)
2021-11-15 19:21:12,068 [pool-112-thread-1] INFO  server.RaftServerConfigKeys (ConfUtils.java:logGet(44)) - raft.server.rpc.timeout.max = 5200ms (custom)
2021-11-15 19:21:12,068 [pool-112-thread-1] INFO  server.RaftServerConfigKeys (ConfUtils.java:logGet(44)) - raft.server.rpc.sleep.time = 25ms (default)
2021-11-15 19:21:12,068 [pool-112-thread-1] INFO  server.RaftServerConfigKeys (ConfUtils.java:logGet(44)) - raft.server.rpc.slowness.timeout = 300000ms (custom)
2021-11-15 19:21:12,068 [pool-112-thread-1] INFO  server.RaftServerConfigKeys (ConfUtils.java:logGet(44)) - raft.server.leaderelection.leader.step-down.wait-time = 10s (default)
2021-11-15 19:21:12,068 [pool-112-thread-1] INFO  server.RaftServerConfigKeys (ConfUtils.java:logGet(44)) - raft.server.sleep.deviation.threshold = 300ms (default)
2021-11-15 19:21:12,068 [pool-112-thread-1] INFO  server.RaftServerConfigKeys (ConfUtils.java:logGet(44)) - raft.server.log.appender.install.snapshot.enabled = false (custom)
2021-11-15 19:21:12,068 [pool-112-thread-1] INFO  server.RaftServer$Division (ServerState.java:<init>(105)) - 1d1c653c-c24c-4f9f-93f8-363bcaedc7a6@group-6011D7D31FA9: ConfigurationManager, init=-1: [72af5abb-0a78-4b64-9517-3021125997b8|rpc:10.1.0.16:45855|priority:0, 1d1c653c-c24c-4f9f-93f8-363bcaedc7a6|rpc:10.1.0.16:44043|priority:0, d87a46af-94f7-42aa-b022-652610ab08cb|rpc:10.1.0.16:36541|priority:1], old=null, confs=<EMPTY_MAP>
2021-11-15 19:21:12,068 [pool-112-thread-1] INFO  server.RaftServerConfigKeys (ConfUtils.java:logGet(44)) - raft.server.storage.dir = [/home/runner/work/ozone/ozone/hadoop-ozone/integration-test/target/test-dir/MiniOzoneClusterImpl-edab3eb4-5721-4c35-be90-debfdbe0e37e/datanode-3/data/ratis] (custom)
2021-11-15 19:21:12,068 [pool-112-thread-1] INFO  server.RaftServerConfigKeys (ConfUtils.java:logGet(44)) - raft.server.log.corruption.policy = EXCEPTION (default)
2021-11-15 19:21:12,068 [pool-112-thread-1] INFO  server.RaftServerConfigKeys (ConfUtils.java:logGet(44)) - raft.server.storage.free-space.min = 0MB (=0) (default)
2021-11-15 19:21:12,068 [pool-112-thread-1] INFO  storage.RaftStorageDirectory (RaftStorageDirectoryImpl.java:analyzeStorage(135)) - The storage directory /home/runner/work/ozone/ozone/hadoop-ozone/integration-test/target/test-dir/MiniOzoneClusterImpl-edab3eb4-5721-4c35-be90-debfdbe0e37e/datanode-3/data/ratis/ffb0f6a7-cf28-4210-b9d6-6011d7d31fa9 does not exist. Creating ...
2021-11-15 19:21:12,070 [pool-112-thread-1] INFO  storage.RaftStorageDirectory (RaftStorageDirectoryImpl.java:tryLock(230)) - Lock on /home/runner/work/ozone/ozone/hadoop-ozone/integration-test/target/test-dir/MiniOzoneClusterImpl-edab3eb4-5721-4c35-be90-debfdbe0e37e/datanode-3/data/ratis/ffb0f6a7-cf28-4210-b9d6-6011d7d31fa9/in_use.lock acquired by nodename 2800@fv-az151-339
2021-11-15 19:21:12,071 [pool-112-thread-1] INFO  storage.RaftStorage (RaftStorageImpl.java:format(89)) - Storage directory /home/runner/work/ozone/ozone/hadoop-ozone/integration-test/target/test-dir/MiniOzoneClusterImpl-edab3eb4-5721-4c35-be90-debfdbe0e37e/datanode-3/data/ratis/ffb0f6a7-cf28-4210-b9d6-6011d7d31fa9 has been successfully formatted.
2021-11-15 19:21:12,071 [pool-112-thread-1] INFO  ratis.ContainerStateMachine (ContainerStateMachine.java:loadSnapshot(224)) - group-6011D7D31FA9: The snapshot info is null. Setting the last applied indexto:(t:0, i:~)
2021-11-15 19:21:12,072 [pool-112-thread-1] INFO  server.RaftServerConfigKeys (ConfUtils.java:logGet(44)) - raft.server.notification.no-leader.timeout = 300000ms (custom)
2021-11-15 19:21:12,072 [pool-112-thread-1] INFO  server.RaftServerConfigKeys (ConfUtils.java:logGet(44)) - raft.server.log.use.memory = false (default)
2021-11-15 19:21:12,072 [pool-112-thread-1] INFO  server.RaftServerConfigKeys (ConfUtils.java:logGet(44)) - raft.server.log.purge.gap = 1000000 (custom)
2021-11-15 19:21:12,072 [pool-112-thread-1] INFO  server.RaftServerConfigKeys (ConfUtils.java:logGet(44)) - raft.server.log.appender.buffer.byte-limit = 33554432 (custom)
2021-11-15 19:21:12,072 [pool-112-thread-1] INFO  server.RaftServerConfigKeys (ConfUtils.java:logGet(44)) - raft.server.log.segment.size.max = 1048576 (custom)
2021-11-15 19:21:12,073 [EventQueue-OpenPipelineForHealthyPipelineSafeModeRule] INFO  safemode.SCMSafeModeManager (HealthyPipelineSafeModeRule.java:process(124)) - SCM in safe mode. Healthy pipelines reported count is 0, required healthy pipeline reported count is 1
2021-11-15 19:21:12,073 [pool-112-thread-1] INFO  server.RaftServerConfigKeys (ConfUtils.java:logGet(44)) - raft.server.log.segment.cache.num.max = 2 (custom)
2021-11-15 19:21:12,073 [pool-112-thread-1] INFO  server.RaftServerConfigKeys (ConfUtils.java:logGet(44)) - raft.server.log.segment.cache.size.max = 200MB (=209715200) (default)
2021-11-15 19:21:12,073 [pool-112-thread-1] INFO  segmented.SegmentedRaftLogWorker (SegmentedRaftLogWorker.java:<init>(182)) - new 1d1c653c-c24c-4f9f-93f8-363bcaedc7a6@group-6011D7D31FA9-SegmentedRaftLogWorker for RaftStorageImpl:Storage Directory /home/runner/work/ozone/ozone/hadoop-ozone/integration-test/target/test-dir/MiniOzoneClusterImpl-edab3eb4-5721-4c35-be90-debfdbe0e37e/datanode-3/data/ratis/ffb0f6a7-cf28-4210-b9d6-6011d7d31fa9
2021-11-15 19:21:12,073 [pool-112-thread-1] INFO  server.RaftServerConfigKeys (ConfUtils.java:logGet(44)) - raft.server.log.queue.byte-limit = 2147483647 (custom)
2021-11-15 19:21:12,074 [pool-112-thread-1] INFO  server.RaftServerConfigKeys (ConfUtils.java:logGet(44)) - raft.server.log.queue.element-limit = 1024 (custom)
2021-11-15 19:21:12,074 [pool-112-thread-1] INFO  server.RaftServerConfigKeys (ConfUtils.java:logGet(44)) - raft.server.log.segment.size.max = 1048576 (custom)
2021-11-15 19:21:12,074 [pool-112-thread-1] INFO  server.RaftServerConfigKeys (ConfUtils.java:logGet(44)) - raft.server.log.preallocated.size = 16384 (custom)
2021-11-15 19:21:12,074 [pool-112-thread-1] INFO  server.RaftServerConfigKeys (ConfUtils.java:logGet(44)) - raft.server.log.force.sync.num = 128 (default)
2021-11-15 19:21:12,074 [pool-112-thread-1] INFO  server.RaftServerConfigKeys (ConfUtils.java:logGet(44)) - raft.server.log.statemachine.data.sync = true (default)
2021-11-15 19:21:12,074 [pool-112-thread-1] INFO  server.RaftServerConfigKeys (ConfUtils.java:logGet(44)) - raft.server.log.statemachine.data.sync.timeout = 10s (default)
2021-11-15 19:21:12,074 [pool-112-thread-1] INFO  server.RaftServerConfigKeys (ConfUtils.java:logGet(44)) - raft.server.log.statemachine.data.sync.timeout.retry = -1 (default)
2021-11-15 19:21:12,075 [pool-112-thread-1] INFO  server.RaftServerConfigKeys (ConfUtils.java:logGet(44)) - raft.server.log.write.buffer.size = 1048576 (custom)
2021-11-15 19:21:12,075 [pool-112-thread-1] INFO  server.RaftServerConfigKeys (ConfUtils.java:logGet(44)) - raft.server.log.statemachine.data.caching.enabled = true (custom)
2021-11-15 19:21:12,076 [pool-112-thread-1] INFO  segmented.SegmentedRaftLogWorker (SegmentedRaftLogWorker.java:lambda$new$0(133)) - 1d1c653c-c24c-4f9f-93f8-363bcaedc7a6@group-6011D7D31FA9-SegmentedRaftLogWorker: flushIndex: setUnconditionally 0 -> -1
2021-11-15 19:21:12,076 [pool-112-thread-1] INFO  segmented.SegmentedRaftLogWorker (SegmentedRaftLogWorker.java:lambda$new$0(133)) - 1d1c653c-c24c-4f9f-93f8-363bcaedc7a6@group-6011D7D31FA9-SegmentedRaftLogWorker: safeCacheEvictIndex: setUnconditionally 0 -> -1
2021-11-15 19:21:12,080 [pool-112-thread-1] INFO  server.RaftServerConfigKeys (ConfUtils.java:logGet(44)) - raft.server.snapshot.auto.trigger.enabled = true (custom)
2021-11-15 19:21:12,080 [pool-112-thread-1] INFO  server.RaftServerConfigKeys (ConfUtils.java:logGet(44)) - raft.server.snapshot.auto.trigger.threshold = 10000 (custom)
2021-11-15 19:21:12,080 [pool-112-thread-1] INFO  server.RaftServerConfigKeys (ConfUtils.java:logGet(44)) - raft.server.snapshot.retention.file.num = 5 (custom)
2021-11-15 19:21:12,080 [pool-112-thread-1] INFO  server.RaftServerConfigKeys (ConfUtils.java:logGet(44)) - raft.server.log.purge.upto.snapshot.index = false (default)
2021-11-15 19:21:12,080 [pool-112-thread-1] INFO  server.RaftServerConfigKeys (ConfUtils.java:logGet(44)) - raft.server.retrycache.expirytime = 600000ms (custom)
2021-11-15 19:21:12,080 [pool-112-thread-1] INFO  server.RaftServerConfigKeys (ConfUtils.java:logGet(44)) - raft.server.retrycache.statistics.expirytime = 100μs (default)
2021-11-15 19:21:12,081 [pool-112-thread-1] INFO  server.RaftServer$Division (RaftServerImpl.java:start(301)) - 1d1c653c-c24c-4f9f-93f8-363bcaedc7a6@group-6011D7D31FA9: start as a follower, conf=-1: [72af5abb-0a78-4b64-9517-3021125997b8|rpc:10.1.0.16:45855|priority:0, 1d1c653c-c24c-4f9f-93f8-363bcaedc7a6|rpc:10.1.0.16:44043|priority:0, d87a46af-94f7-42aa-b022-652610ab08cb|rpc:10.1.0.16:36541|priority:1], old=null
2021-11-15 19:21:12,081 [pool-112-thread-1] INFO  server.RaftServer$Division (RaftServerImpl.java:setRole(290)) - 1d1c653c-c24c-4f9f-93f8-363bcaedc7a6@group-6011D7D31FA9: changes role from      null to FOLLOWER at term 0 for startAsFollower
2021-11-15 19:21:12,082 [pool-112-thread-1] INFO  impl.RoleInfo (RoleInfo.java:updateAndGet(130)) - 1d1c653c-c24c-4f9f-93f8-363bcaedc7a6: start 1d1c653c-c24c-4f9f-93f8-363bcaedc7a6@group-6011D7D31FA9-FollowerState
2021-11-15 19:21:12,087 [pool-112-thread-1] INFO  util.JmxRegister (JmxRegister.java:tryRegister(44)) - Successfully registered JMX Bean with object name Ratis:service=RaftServer,group=group-6011D7D31FA9,id=1d1c653c-c24c-4f9f-93f8-363bcaedc7a6
2021-11-15 19:21:12,088 [Command processor thread] INFO  ratis.XceiverServerRatis (XceiverServerRatis.java:addGroup(768)) - Created group PipelineID=ffb0f6a7-cf28-4210-b9d6-6011d7d31fa9
2021-11-15 19:21:12,098 [grpc-default-executor-0] INFO  server.RaftServer (RaftServerProxy.java:addNew(95)) - d87a46af-94f7-42aa-b022-652610ab08cb: addNew group-6011D7D31FA9:[72af5abb-0a78-4b64-9517-3021125997b8|rpc:10.1.0.16:45855|dataStream:|priority:0, 1d1c653c-c24c-4f9f-93f8-363bcaedc7a6|rpc:10.1.0.16:44043|dataStream:|priority:0, d87a46af-94f7-42aa-b022-652610ab08cb|rpc:10.1.0.16:36541|dataStream:|priority:1] returns group-6011D7D31FA9:java.util.concurrent.CompletableFuture@19eff59b[Not completed]
2021-11-15 19:21:12,098 [pool-131-thread-1] INFO  server.RaftServer$Division (RaftServerImpl.java:<init>(184)) - d87a46af-94f7-42aa-b022-652610ab08cb: new RaftServerImpl for group-6011D7D31FA9:[72af5abb-0a78-4b64-9517-3021125997b8|rpc:10.1.0.16:45855|dataStream:|priority:0, 1d1c653c-c24c-4f9f-93f8-363bcaedc7a6|rpc:10.1.0.16:44043|dataStream:|priority:0, d87a46af-94f7-42aa-b022-652610ab08cb|rpc:10.1.0.16:36541|dataStream:|priority:1] with ContainerStateMachine:uninitialized
2021-11-15 19:21:12,098 [pool-131-thread-1] INFO  server.RaftServerConfigKeys (ConfUtils.java:logGet(44)) - raft.server.rpc.timeout.min = 5s (custom)
2021-11-15 19:21:12,098 [pool-131-thread-1] INFO  server.RaftServerConfigKeys (ConfUtils.java:logGet(44)) - raft.server.rpc.timeout.max = 5200ms (custom)
2021-11-15 19:21:12,099 [pool-131-thread-1] INFO  server.RaftServerConfigKeys (ConfUtils.java:logGet(44)) - raft.server.rpc.sleep.time = 25ms (default)
2021-11-15 19:21:12,099 [pool-131-thread-1] INFO  server.RaftServerConfigKeys (ConfUtils.java:logGet(44)) - raft.server.rpc.slowness.timeout = 300000ms (custom)
2021-11-15 19:21:12,099 [pool-131-thread-1] INFO  server.RaftServerConfigKeys (ConfUtils.java:logGet(44)) - raft.server.leaderelection.leader.step-down.wait-time = 10s (default)
2021-11-15 19:21:12,099 [pool-131-thread-1] INFO  server.RaftServerConfigKeys (ConfUtils.java:logGet(44)) - raft.server.sleep.deviation.threshold = 300ms (default)
2021-11-15 19:21:12,099 [pool-131-thread-1] INFO  server.RaftServerConfigKeys (ConfUtils.java:logGet(44)) - raft.server.log.appender.install.snapshot.enabled = false (custom)
2021-11-15 19:21:12,099 [pool-131-thread-1] INFO  server.RaftServer$Division (ServerState.java:<init>(105)) - d87a46af-94f7-42aa-b022-652610ab08cb@group-6011D7D31FA9: ConfigurationManager, init=-1: [72af5abb-0a78-4b64-9517-3021125997b8|rpc:10.1.0.16:45855|dataStream:|priority:0, 1d1c653c-c24c-4f9f-93f8-363bcaedc7a6|rpc:10.1.0.16:44043|dataStream:|priority:0, d87a46af-94f7-42aa-b022-652610ab08cb|rpc:10.1.0.16:36541|dataStream:|priority:1], old=null, confs=<EMPTY_MAP>
2021-11-15 19:21:12,099 [pool-131-thread-1] INFO  server.RaftServerConfigKeys (ConfUtils.java:logGet(44)) - raft.server.storage.dir = [/home/runner/work/ozone/ozone/hadoop-ozone/integration-test/target/test-dir/MiniOzoneClusterImpl-edab3eb4-5721-4c35-be90-debfdbe0e37e/datanode-4/data/ratis] (custom)
2021-11-15 19:21:12,099 [pool-131-thread-1] INFO  server.RaftServerConfigKeys (ConfUtils.java:logGet(44)) - raft.server.log.corruption.policy = EXCEPTION (default)
2021-11-15 19:21:12,099 [pool-131-thread-1] INFO  server.RaftServerConfigKeys (ConfUtils.java:logGet(44)) - raft.server.storage.free-space.min = 0MB (=0) (default)
2021-11-15 19:21:12,099 [pool-131-thread-1] INFO  storage.RaftStorageDirectory (RaftStorageDirectoryImpl.java:analyzeStorage(135)) - The storage directory /home/runner/work/ozone/ozone/hadoop-ozone/integration-test/target/test-dir/MiniOzoneClusterImpl-edab3eb4-5721-4c35-be90-debfdbe0e37e/datanode-4/data/ratis/ffb0f6a7-cf28-4210-b9d6-6011d7d31fa9 does not exist. Creating ...
2021-11-15 19:21:12,100 [pool-131-thread-1] INFO  storage.RaftStorageDirectory (RaftStorageDirectoryImpl.java:tryLock(230)) - Lock on /home/runner/work/ozone/ozone/hadoop-ozone/integration-test/target/test-dir/MiniOzoneClusterImpl-edab3eb4-5721-4c35-be90-debfdbe0e37e/datanode-4/data/ratis/ffb0f6a7-cf28-4210-b9d6-6011d7d31fa9/in_use.lock acquired by nodename 2800@fv-az151-339
2021-11-15 19:21:12,102 [pool-131-thread-1] INFO  storage.RaftStorage (RaftStorageImpl.java:format(89)) - Storage directory /home/runner/work/ozone/ozone/hadoop-ozone/integration-test/target/test-dir/MiniOzoneClusterImpl-edab3eb4-5721-4c35-be90-debfdbe0e37e/datanode-4/data/ratis/ffb0f6a7-cf28-4210-b9d6-6011d7d31fa9 has been successfully formatted.
2021-11-15 19:21:12,102 [pool-131-thread-1] INFO  ratis.ContainerStateMachine (ContainerStateMachine.java:loadSnapshot(224)) - group-6011D7D31FA9: The snapshot info is null. Setting the last applied indexto:(t:0, i:~)
2021-11-15 19:21:12,102 [pool-131-thread-1] INFO  server.RaftServerConfigKeys (ConfUtils.java:logGet(44)) - raft.server.notification.no-leader.timeout = 300000ms (custom)
2021-11-15 19:21:12,102 [pool-131-thread-1] INFO  server.RaftServerConfigKeys (ConfUtils.java:logGet(44)) - raft.server.log.use.memory = false (default)
2021-11-15 19:21:12,104 [pool-131-thread-1] INFO  server.RaftServerConfigKeys (ConfUtils.java:logGet(44)) - raft.server.log.purge.gap = 1000000 (custom)
2021-11-15 19:21:12,104 [pool-131-thread-1] INFO  server.RaftServerConfigKeys (ConfUtils.java:logGet(44)) - raft.server.log.appender.buffer.byte-limit = 33554432 (custom)
2021-11-15 19:21:12,104 [pool-131-thread-1] INFO  server.RaftServerConfigKeys (ConfUtils.java:logGet(44)) - raft.server.log.segment.size.max = 1048576 (custom)
2021-11-15 19:21:12,104 [pool-131-thread-1] INFO  server.RaftServerConfigKeys (ConfUtils.java:logGet(44)) - raft.server.log.segment.cache.num.max = 2 (custom)
2021-11-15 19:21:12,104 [pool-131-thread-1] INFO  server.RaftServerConfigKeys (ConfUtils.java:logGet(44)) - raft.server.log.segment.cache.size.max = 200MB (=209715200) (default)
2021-11-15 19:21:12,104 [pool-131-thread-1] INFO  segmented.SegmentedRaftLogWorker (SegmentedRaftLogWorker.java:<init>(182)) - new d87a46af-94f7-42aa-b022-652610ab08cb@group-6011D7D31FA9-SegmentedRaftLogWorker for RaftStorageImpl:Storage Directory /home/runner/work/ozone/ozone/hadoop-ozone/integration-test/target/test-dir/MiniOzoneClusterImpl-edab3eb4-5721-4c35-be90-debfdbe0e37e/datanode-4/data/ratis/ffb0f6a7-cf28-4210-b9d6-6011d7d31fa9
2021-11-15 19:21:12,104 [pool-131-thread-1] INFO  server.RaftServerConfigKeys (ConfUtils.java:logGet(44)) - raft.server.log.queue.byte-limit = 2147483647 (custom)
2021-11-15 19:21:12,104 [pool-131-thread-1] INFO  server.RaftServerConfigKeys (ConfUtils.java:logGet(44)) - raft.server.log.queue.element-limit = 1024 (custom)
2021-11-15 19:21:12,104 [pool-131-thread-1] INFO  server.RaftServerConfigKeys (ConfUtils.java:logGet(44)) - raft.server.log.segment.size.max = 1048576 (custom)
2021-11-15 19:21:12,104 [pool-131-thread-1] INFO  server.RaftServerConfigKeys (ConfUtils.java:logGet(44)) - raft.server.log.preallocated.size = 16384 (custom)
2021-11-15 19:21:12,105 [pool-131-thread-1] INFO  server.RaftServerConfigKeys (ConfUtils.java:logGet(44)) - raft.server.log.force.sync.num = 128 (default)
2021-11-15 19:21:12,105 [pool-131-thread-1] INFO  server.RaftServerConfigKeys (ConfUtils.java:logGet(44)) - raft.server.log.statemachine.data.sync = true (default)
2021-11-15 19:21:12,105 [pool-131-thread-1] INFO  server.RaftServerConfigKeys (ConfUtils.java:logGet(44)) - raft.server.log.statemachine.data.sync.timeout = 10s (default)
2021-11-15 19:21:12,105 [pool-131-thread-1] INFO  server.RaftServerConfigKeys (ConfUtils.java:logGet(44)) - raft.server.log.statemachine.data.sync.timeout.retry = -1 (default)
2021-11-15 19:21:12,105 [pool-131-thread-1] INFO  server.RaftServerConfigKeys (ConfUtils.java:logGet(44)) - raft.server.log.write.buffer.size = 1048576 (custom)
2021-11-15 19:21:12,108 [pool-131-thread-1] INFO  server.RaftServerConfigKeys (ConfUtils.java:logGet(44)) - raft.server.log.statemachine.data.caching.enabled = true (custom)
2021-11-15 19:21:12,108 [pool-131-thread-1] INFO  segmented.SegmentedRaftLogWorker (SegmentedRaftLogWorker.java:lambda$new$0(133)) - d87a46af-94f7-42aa-b022-652610ab08cb@group-6011D7D31FA9-SegmentedRaftLogWorker: flushIndex: setUnconditionally 0 -> -1
2021-11-15 19:21:12,108 [pool-131-thread-1] INFO  segmented.SegmentedRaftLogWorker (SegmentedRaftLogWorker.java:lambda$new$0(133)) - d87a46af-94f7-42aa-b022-652610ab08cb@group-6011D7D31FA9-SegmentedRaftLogWorker: safeCacheEvictIndex: setUnconditionally 0 -> -1
2021-11-15 19:21:12,112 [pool-131-thread-1] INFO  server.RaftServerConfigKeys (ConfUtils.java:logGet(44)) - raft.server.snapshot.auto.trigger.enabled = true (custom)
2021-11-15 19:21:12,112 [pool-131-thread-1] INFO  server.RaftServerConfigKeys (ConfUtils.java:logGet(44)) - raft.server.snapshot.auto.trigger.threshold = 10000 (custom)
2021-11-15 19:21:12,112 [pool-131-thread-1] INFO  server.RaftServerConfigKeys (ConfUtils.java:logGet(44)) - raft.server.snapshot.retention.file.num = 5 (custom)
2021-11-15 19:21:12,112 [pool-131-thread-1] INFO  server.RaftServerConfigKeys (ConfUtils.java:logGet(44)) - raft.server.log.purge.upto.snapshot.index = false (default)
2021-11-15 19:21:12,112 [pool-131-thread-1] INFO  server.RaftServerConfigKeys (ConfUtils.java:logGet(44)) - raft.server.retrycache.expirytime = 600000ms (custom)
2021-11-15 19:21:12,112 [pool-131-thread-1] INFO  server.RaftServerConfigKeys (ConfUtils.java:logGet(44)) - raft.server.retrycache.statistics.expirytime = 100μs (default)
2021-11-15 19:21:12,113 [pool-131-thread-1] INFO  server.RaftServer$Division (RaftServerImpl.java:start(301)) - d87a46af-94f7-42aa-b022-652610ab08cb@group-6011D7D31FA9: start as a follower, conf=-1: [72af5abb-0a78-4b64-9517-3021125997b8|rpc:10.1.0.16:45855|dataStream:|priority:0, 1d1c653c-c24c-4f9f-93f8-363bcaedc7a6|rpc:10.1.0.16:44043|dataStream:|priority:0, d87a46af-94f7-42aa-b022-652610ab08cb|rpc:10.1.0.16:36541|dataStream:|priority:1], old=null
2021-11-15 19:21:12,115 [pool-131-thread-1] INFO  server.RaftServer$Division (RaftServerImpl.java:setRole(290)) - d87a46af-94f7-42aa-b022-652610ab08cb@group-6011D7D31FA9: changes role from      null to FOLLOWER at term 0 for startAsFollower
2021-11-15 19:21:12,115 [pool-131-thread-1] INFO  impl.RoleInfo (RoleInfo.java:updateAndGet(130)) - d87a46af-94f7-42aa-b022-652610ab08cb: start d87a46af-94f7-42aa-b022-652610ab08cb@group-6011D7D31FA9-FollowerState
2021-11-15 19:21:12,115 [pool-131-thread-1] INFO  util.JmxRegister (JmxRegister.java:tryRegister(44)) - Successfully registered JMX Bean with object name Ratis:service=RaftServer,group=group-6011D7D31FA9,id=d87a46af-94f7-42aa-b022-652610ab08cb
2021-11-15 19:21:12,130 [grpc-default-executor-0] INFO  server.RaftServer (RaftServerProxy.java:addNew(95)) - 72af5abb-0a78-4b64-9517-3021125997b8: addNew group-6011D7D31FA9:[72af5abb-0a78-4b64-9517-3021125997b8|rpc:10.1.0.16:45855|dataStream:|priority:0, 1d1c653c-c24c-4f9f-93f8-363bcaedc7a6|rpc:10.1.0.16:44043|dataStream:|priority:0, d87a46af-94f7-42aa-b022-652610ab08cb|rpc:10.1.0.16:36541|dataStream:|priority:1] returns group-6011D7D31FA9:java.util.concurrent.CompletableFuture@167dd015[Not completed]
2021-11-15 19:21:12,131 [pool-150-thread-1] INFO  server.RaftServer$Division (RaftServerImpl.java:<init>(184)) - 72af5abb-0a78-4b64-9517-3021125997b8: new RaftServerImpl for group-6011D7D31FA9:[72af5abb-0a78-4b64-9517-3021125997b8|rpc:10.1.0.16:45855|dataStream:|priority:0, 1d1c653c-c24c-4f9f-93f8-363bcaedc7a6|rpc:10.1.0.16:44043|dataStream:|priority:0, d87a46af-94f7-42aa-b022-652610ab08cb|rpc:10.1.0.16:36541|dataStream:|priority:1] with ContainerStateMachine:uninitialized
2021-11-15 19:21:12,131 [pool-150-thread-1] INFO  server.RaftServerConfigKeys (ConfUtils.java:logGet(44)) - raft.server.rpc.timeout.min = 5s (custom)
2021-11-15 19:21:12,131 [pool-150-thread-1] INFO  server.RaftServerConfigKeys (ConfUtils.java:logGet(44)) - raft.server.rpc.timeout.max = 5200ms (custom)
2021-11-15 19:21:12,131 [pool-150-thread-1] INFO  server.RaftServerConfigKeys (ConfUtils.java:logGet(44)) - raft.server.rpc.sleep.time = 25ms (default)
2021-11-15 19:21:12,131 [pool-150-thread-1] INFO  server.RaftServerConfigKeys (ConfUtils.java:logGet(44)) - raft.server.rpc.slowness.timeout = 300000ms (custom)
2021-11-15 19:21:12,132 [pool-150-thread-1] INFO  server.RaftServerConfigKeys (ConfUtils.java:logGet(44)) - raft.server.leaderelection.leader.step-down.wait-time = 10s (default)
2021-11-15 19:21:12,132 [pool-150-thread-1] INFO  server.RaftServerConfigKeys (ConfUtils.java:logGet(44)) - raft.server.sleep.deviation.threshold = 300ms (default)
2021-11-15 19:21:12,132 [pool-150-thread-1] INFO  server.RaftServerConfigKeys (ConfUtils.java:logGet(44)) - raft.server.log.appender.install.snapshot.enabled = false (custom)
2021-11-15 19:21:12,132 [pool-150-thread-1] INFO  server.RaftServer$Division (ServerState.java:<init>(105)) - 72af5abb-0a78-4b64-9517-3021125997b8@group-6011D7D31FA9: ConfigurationManager, init=-1: [72af5abb-0a78-4b64-9517-3021125997b8|rpc:10.1.0.16:45855|dataStream:|priority:0, 1d1c653c-c24c-4f9f-93f8-363bcaedc7a6|rpc:10.1.0.16:44043|dataStream:|priority:0, d87a46af-94f7-42aa-b022-652610ab08cb|rpc:10.1.0.16:36541|dataStream:|priority:1], old=null, confs=<EMPTY_MAP>
2021-11-15 19:21:12,132 [pool-150-thread-1] INFO  server.RaftServerConfigKeys (ConfUtils.java:logGet(44)) - raft.server.storage.dir = [/home/runner/work/ozone/ozone/hadoop-ozone/integration-test/target/test-dir/MiniOzoneClusterImpl-edab3eb4-5721-4c35-be90-debfdbe0e37e/datanode-5/data/ratis] (custom)
2021-11-15 19:21:12,132 [pool-150-thread-1] INFO  server.RaftServerConfigKeys (ConfUtils.java:logGet(44)) - raft.server.log.corruption.policy = EXCEPTION (default)
2021-11-15 19:21:12,132 [pool-150-thread-1] INFO  server.RaftServerConfigKeys (ConfUtils.java:logGet(44)) - raft.server.storage.free-space.min = 0MB (=0) (default)
2021-11-15 19:21:12,132 [pool-150-thread-1] INFO  storage.RaftStorageDirectory (RaftStorageDirectoryImpl.java:analyzeStorage(135)) - The storage directory /home/runner/work/ozone/ozone/hadoop-ozone/integration-test/target/test-dir/MiniOzoneClusterImpl-edab3eb4-5721-4c35-be90-debfdbe0e37e/datanode-5/data/ratis/ffb0f6a7-cf28-4210-b9d6-6011d7d31fa9 does not exist. Creating ...
2021-11-15 19:21:12,133 [pool-150-thread-1] INFO  storage.RaftStorageDirectory (RaftStorageDirectoryImpl.java:tryLock(230)) - Lock on /home/runner/work/ozone/ozone/hadoop-ozone/integration-test/target/test-dir/MiniOzoneClusterImpl-edab3eb4-5721-4c35-be90-debfdbe0e37e/datanode-5/data/ratis/ffb0f6a7-cf28-4210-b9d6-6011d7d31fa9/in_use.lock acquired by nodename 2800@fv-az151-339
2021-11-15 19:21:12,135 [pool-150-thread-1] INFO  storage.RaftStorage (RaftStorageImpl.java:format(89)) - Storage directory /home/runner/work/ozone/ozone/hadoop-ozone/integration-test/target/test-dir/MiniOzoneClusterImpl-edab3eb4-5721-4c35-be90-debfdbe0e37e/datanode-5/data/ratis/ffb0f6a7-cf28-4210-b9d6-6011d7d31fa9 has been successfully formatted.
2021-11-15 19:21:12,135 [pool-150-thread-1] INFO  ratis.ContainerStateMachine (ContainerStateMachine.java:loadSnapshot(224)) - group-6011D7D31FA9: The snapshot info is null. Setting the last applied indexto:(t:0, i:~)
2021-11-15 19:21:12,135 [pool-150-thread-1] INFO  server.RaftServerConfigKeys (ConfUtils.java:logGet(44)) - raft.server.notification.no-leader.timeout = 300000ms (custom)
2021-11-15 19:21:12,135 [pool-150-thread-1] INFO  server.RaftServerConfigKeys (ConfUtils.java:logGet(44)) - raft.server.log.use.memory = false (default)
2021-11-15 19:21:12,135 [pool-150-thread-1] INFO  server.RaftServerConfigKeys (ConfUtils.java:logGet(44)) - raft.server.log.purge.gap = 1000000 (custom)
2021-11-15 19:21:12,135 [pool-150-thread-1] INFO  server.RaftServerConfigKeys (ConfUtils.java:logGet(44)) - raft.server.log.appender.buffer.byte-limit = 33554432 (custom)
2021-11-15 19:21:12,135 [Command processor thread] INFO  server.RaftServer (RaftServerProxy.java:addNew(95)) - d87a46af-94f7-42aa-b022-652610ab08cb: addNew group-B749A3B4AC58:[d87a46af-94f7-42aa-b022-652610ab08cb|rpc:10.1.0.16:36541|priority:1] returns group-B749A3B4AC58:java.util.concurrent.CompletableFuture@1c9e43f8[Not completed]
2021-11-15 19:21:12,135 [pool-150-thread-1] INFO  server.RaftServerConfigKeys (ConfUtils.java:logGet(44)) - raft.server.log.segment.size.max = 1048576 (custom)
2021-11-15 19:21:12,136 [pool-150-thread-1] INFO  server.RaftServerConfigKeys (ConfUtils.java:logGet(44)) - raft.server.log.segment.cache.num.max = 2 (custom)
2021-11-15 19:21:12,136 [pool-150-thread-1] INFO  server.RaftServerConfigKeys (ConfUtils.java:logGet(44)) - raft.server.log.segment.cache.size.max = 200MB (=209715200) (default)
2021-11-15 19:21:12,136 [pool-150-thread-1] INFO  segmented.SegmentedRaftLogWorker (SegmentedRaftLogWorker.java:<init>(182)) - new 72af5abb-0a78-4b64-9517-3021125997b8@group-6011D7D31FA9-SegmentedRaftLogWorker for RaftStorageImpl:Storage Directory /home/runner/work/ozone/ozone/hadoop-ozone/integration-test/target/test-dir/MiniOzoneClusterImpl-edab3eb4-5721-4c35-be90-debfdbe0e37e/datanode-5/data/ratis/ffb0f6a7-cf28-4210-b9d6-6011d7d31fa9
2021-11-15 19:21:12,136 [pool-150-thread-1] INFO  server.RaftServerConfigKeys (ConfUtils.java:logGet(44)) - raft.server.log.queue.byte-limit = 2147483647 (custom)
2021-11-15 19:21:12,136 [pool-150-thread-1] INFO  server.RaftServerConfigKeys (ConfUtils.java:logGet(44)) - raft.server.log.queue.element-limit = 1024 (custom)
2021-11-15 19:21:12,136 [pool-150-thread-1] INFO  server.RaftServerConfigKeys (ConfUtils.java:logGet(44)) - raft.server.log.segment.size.max = 1048576 (custom)
2021-11-15 19:21:12,136 [pool-150-thread-1] INFO  server.RaftServerConfigKeys (ConfUtils.java:logGet(44)) - raft.server.log.preallocated.size = 16384 (custom)
2021-11-15 19:21:12,136 [pool-150-thread-1] INFO  server.RaftServerConfigKeys (ConfUtils.java:logGet(44)) - raft.server.log.force.sync.num = 128 (default)
2021-11-15 19:21:12,136 [pool-150-thread-1] INFO  server.RaftServerConfigKeys (ConfUtils.java:logGet(44)) - raft.server.log.statemachine.data.sync = true (default)
2021-11-15 19:21:12,136 [pool-150-thread-1] INFO  server.RaftServerConfigKeys (ConfUtils.java:logGet(44)) - raft.server.log.statemachine.data.sync.timeout = 10s (default)
2021-11-15 19:21:12,136 [pool-150-thread-1] INFO  server.RaftServerConfigKeys (ConfUtils.java:logGet(44)) - raft.server.log.statemachine.data.sync.timeout.retry = -1 (default)
2021-11-15 19:21:12,136 [pool-131-thread-1] INFO  server.RaftServer$Division (RaftServerImpl.java:<init>(184)) - d87a46af-94f7-42aa-b022-652610ab08cb: new RaftServerImpl for group-B749A3B4AC58:[d87a46af-94f7-42aa-b022-652610ab08cb|rpc:10.1.0.16:36541|priority:1] with ContainerStateMachine:uninitialized
2021-11-15 19:21:12,137 [pool-131-thread-1] INFO  server.RaftServerConfigKeys (ConfUtils.java:logGet(44)) - raft.server.rpc.timeout.min = 5s (custom)
2021-11-15 19:21:12,137 [pool-131-thread-1] INFO  server.RaftServerConfigKeys (ConfUtils.java:logGet(44)) - raft.server.rpc.timeout.max = 5200ms (custom)
2021-11-15 19:21:12,137 [pool-131-thread-1] INFO  server.RaftServerConfigKeys (ConfUtils.java:logGet(44)) - raft.server.rpc.sleep.time = 25ms (default)
2021-11-15 19:21:12,137 [pool-131-thread-1] INFO  server.RaftServerConfigKeys (ConfUtils.java:logGet(44)) - raft.server.rpc.slowness.timeout = 300000ms (custom)
2021-11-15 19:21:12,137 [pool-131-thread-1] INFO  server.RaftServerConfigKeys (ConfUtils.java:logGet(44)) - raft.server.leaderelection.leader.step-down.wait-time = 10s (default)
2021-11-15 19:21:12,137 [pool-131-thread-1] INFO  server.RaftServerConfigKeys (ConfUtils.java:logGet(44)) - raft.server.sleep.deviation.threshold = 300ms (default)
2021-11-15 19:21:12,137 [pool-131-thread-1] INFO  server.RaftServerConfigKeys (ConfUtils.java:logGet(44)) - raft.server.log.appender.install.snapshot.enabled = false (custom)
2021-11-15 19:21:12,137 [pool-131-thread-1] INFO  server.RaftServer$Division (ServerState.java:<init>(105)) - d87a46af-94f7-42aa-b022-652610ab08cb@group-B749A3B4AC58: ConfigurationManager, init=-1: [d87a46af-94f7-42aa-b022-652610ab08cb|rpc:10.1.0.16:36541|priority:1], old=null, confs=<EMPTY_MAP>
2021-11-15 19:21:12,137 [pool-131-thread-1] INFO  server.RaftServerConfigKeys (ConfUtils.java:logGet(44)) - raft.server.storage.dir = [/home/runner/work/ozone/ozone/hadoop-ozone/integration-test/target/test-dir/MiniOzoneClusterImpl-edab3eb4-5721-4c35-be90-debfdbe0e37e/datanode-4/data/ratis] (custom)
2021-11-15 19:21:12,137 [pool-150-thread-1] INFO  server.RaftServerConfigKeys (ConfUtils.java:logGet(44)) - raft.server.log.write.buffer.size = 1048576 (custom)
2021-11-15 19:21:12,137 [pool-131-thread-1] INFO  server.RaftServerConfigKeys (ConfUtils.java:logGet(44)) - raft.server.log.corruption.policy = EXCEPTION (default)
2021-11-15 19:21:12,137 [pool-131-thread-1] INFO  server.RaftServerConfigKeys (ConfUtils.java:logGet(44)) - raft.server.storage.free-space.min = 0MB (=0) (default)
2021-11-15 19:21:12,137 [pool-131-thread-1] INFO  storage.RaftStorageDirectory (RaftStorageDirectoryImpl.java:analyzeStorage(135)) - The storage directory /home/runner/work/ozone/ozone/hadoop-ozone/integration-test/target/test-dir/MiniOzoneClusterImpl-edab3eb4-5721-4c35-be90-debfdbe0e37e/datanode-4/data/ratis/46048c11-004b-4b6b-9774-b749a3b4ac58 does not exist. Creating ...
2021-11-15 19:21:12,139 [pool-131-thread-1] INFO  storage.RaftStorageDirectory (RaftStorageDirectoryImpl.java:tryLock(230)) - Lock on /home/runner/work/ozone/ozone/hadoop-ozone/integration-test/target/test-dir/MiniOzoneClusterImpl-edab3eb4-5721-4c35-be90-debfdbe0e37e/datanode-4/data/ratis/46048c11-004b-4b6b-9774-b749a3b4ac58/in_use.lock acquired by nodename 2800@fv-az151-339
2021-11-15 19:21:12,140 [pool-150-thread-1] INFO  server.RaftServerConfigKeys (ConfUtils.java:logGet(44)) - raft.server.log.statemachine.data.caching.enabled = true (custom)
2021-11-15 19:21:12,140 [pool-150-thread-1] INFO  segmented.SegmentedRaftLogWorker (SegmentedRaftLogWorker.java:lambda$new$0(133)) - 72af5abb-0a78-4b64-9517-3021125997b8@group-6011D7D31FA9-SegmentedRaftLogWorker: flushIndex: setUnconditionally 0 -> -1
2021-11-15 19:21:12,140 [pool-150-thread-1] INFO  segmented.SegmentedRaftLogWorker (SegmentedRaftLogWorker.java:lambda$new$0(133)) - 72af5abb-0a78-4b64-9517-3021125997b8@group-6011D7D31FA9-SegmentedRaftLogWorker: safeCacheEvictIndex: setUnconditionally 0 -> -1
2021-11-15 19:21:12,140 [pool-150-thread-1] INFO  server.RaftServerConfigKeys (ConfUtils.java:logGet(44)) - raft.server.snapshot.auto.trigger.enabled = true (custom)
2021-11-15 19:21:12,140 [pool-150-thread-1] INFO  server.RaftServerConfigKeys (ConfUtils.java:logGet(44)) - raft.server.snapshot.auto.trigger.threshold = 10000 (custom)
2021-11-15 19:21:12,140 [pool-150-thread-1] INFO  server.RaftServerConfigKeys (ConfUtils.java:logGet(44)) - raft.server.snapshot.retention.file.num = 5 (custom)
2021-11-15 19:21:12,140 [pool-150-thread-1] INFO  server.RaftServerConfigKeys (ConfUtils.java:logGet(44)) - raft.server.log.purge.upto.snapshot.index = false (default)
2021-11-15 19:21:12,141 [pool-150-thread-1] INFO  server.RaftServerConfigKeys (ConfUtils.java:logGet(44)) - raft.server.retrycache.expirytime = 600000ms (custom)
2021-11-15 19:21:12,141 [pool-131-thread-1] INFO  storage.RaftStorage (RaftStorageImpl.java:format(89)) - Storage directory /home/runner/work/ozone/ozone/hadoop-ozone/integration-test/target/test-dir/MiniOzoneClusterImpl-edab3eb4-5721-4c35-be90-debfdbe0e37e/datanode-4/data/ratis/46048c11-004b-4b6b-9774-b749a3b4ac58 has been successfully formatted.
2021-11-15 19:21:12,141 [pool-131-thread-1] INFO  ratis.ContainerStateMachine (ContainerStateMachine.java:loadSnapshot(224)) - group-B749A3B4AC58: The snapshot info is null. Setting the last applied indexto:(t:0, i:~)
2021-11-15 19:21:12,141 [pool-131-thread-1] INFO  server.RaftServerConfigKeys (ConfUtils.java:logGet(44)) - raft.server.notification.no-leader.timeout = 300000ms (custom)
2021-11-15 19:21:12,141 [pool-131-thread-1] INFO  server.RaftServerConfigKeys (ConfUtils.java:logGet(44)) - raft.server.log.use.memory = false (default)
2021-11-15 19:21:12,141 [pool-131-thread-1] INFO  server.RaftServerConfigKeys (ConfUtils.java:logGet(44)) - raft.server.log.purge.gap = 1000000 (custom)
2021-11-15 19:21:12,141 [pool-131-thread-1] INFO  server.RaftServerConfigKeys (ConfUtils.java:logGet(44)) - raft.server.log.appender.buffer.byte-limit = 33554432 (custom)
2021-11-15 19:21:12,141 [pool-131-thread-1] INFO  server.RaftServerConfigKeys (ConfUtils.java:logGet(44)) - raft.server.log.segment.size.max = 1048576 (custom)
2021-11-15 19:21:12,142 [pool-131-thread-1] INFO  server.RaftServerConfigKeys (ConfUtils.java:logGet(44)) - raft.server.log.segment.cache.num.max = 2 (custom)
2021-11-15 19:21:12,142 [pool-131-thread-1] INFO  server.RaftServerConfigKeys (ConfUtils.java:logGet(44)) - raft.server.log.segment.cache.size.max = 200MB (=209715200) (default)
2021-11-15 19:21:12,142 [pool-131-thread-1] INFO  segmented.SegmentedRaftLogWorker (SegmentedRaftLogWorker.java:<init>(182)) - new d87a46af-94f7-42aa-b022-652610ab08cb@group-B749A3B4AC58-SegmentedRaftLogWorker for RaftStorageImpl:Storage Directory /home/runner/work/ozone/ozone/hadoop-ozone/integration-test/target/test-dir/MiniOzoneClusterImpl-edab3eb4-5721-4c35-be90-debfdbe0e37e/datanode-4/data/ratis/46048c11-004b-4b6b-9774-b749a3b4ac58
2021-11-15 19:21:12,142 [pool-131-thread-1] INFO  server.RaftServerConfigKeys (ConfUtils.java:logGet(44)) - raft.server.log.queue.byte-limit = 2147483647 (custom)
2021-11-15 19:21:12,142 [pool-131-thread-1] INFO  server.RaftServerConfigKeys (ConfUtils.java:logGet(44)) - raft.server.log.queue.element-limit = 1024 (custom)
2021-11-15 19:21:12,142 [pool-131-thread-1] INFO  server.RaftServerConfigKeys (ConfUtils.java:logGet(44)) - raft.server.log.segment.size.max = 1048576 (custom)
2021-11-15 19:21:12,142 [pool-131-thread-1] INFO  server.RaftServerConfigKeys (ConfUtils.java:logGet(44)) - raft.server.log.preallocated.size = 16384 (custom)
2021-11-15 19:21:12,142 [pool-131-thread-1] INFO  server.RaftServerConfigKeys (ConfUtils.java:logGet(44)) - raft.server.log.force.sync.num = 128 (default)
2021-11-15 19:21:12,142 [pool-131-thread-1] INFO  server.RaftServerConfigKeys (ConfUtils.java:logGet(44)) - raft.server.log.statemachine.data.sync = true (default)
2021-11-15 19:21:12,142 [pool-131-thread-1] INFO  server.RaftServerConfigKeys (ConfUtils.java:logGet(44)) - raft.server.log.statemachine.data.sync.timeout = 10s (default)
2021-11-15 19:21:12,142 [pool-131-thread-1] INFO  server.RaftServerConfigKeys (ConfUtils.java:logGet(44)) - raft.server.log.statemachine.data.sync.timeout.retry = -1 (default)
2021-11-15 19:21:12,143 [pool-131-thread-1] INFO  server.RaftServerConfigKeys (ConfUtils.java:logGet(44)) - raft.server.log.write.buffer.size = 1048576 (custom)
2021-11-15 19:21:12,144 [pool-150-thread-1] INFO  server.RaftServerConfigKeys (ConfUtils.java:logGet(44)) - raft.server.retrycache.statistics.expirytime = 100μs (default)
2021-11-15 19:21:12,144 [pool-131-thread-1] INFO  server.RaftServerConfigKeys (ConfUtils.java:logGet(44)) - raft.server.log.statemachine.data.caching.enabled = true (custom)
2021-11-15 19:21:12,144 [pool-131-thread-1] INFO  segmented.SegmentedRaftLogWorker (SegmentedRaftLogWorker.java:lambda$new$0(133)) - d87a46af-94f7-42aa-b022-652610ab08cb@group-B749A3B4AC58-SegmentedRaftLogWorker: flushIndex: setUnconditionally 0 -> -1
2021-11-15 19:21:12,144 [pool-131-thread-1] INFO  segmented.SegmentedRaftLogWorker (SegmentedRaftLogWorker.java:lambda$new$0(133)) - d87a46af-94f7-42aa-b022-652610ab08cb@group-B749A3B4AC58-SegmentedRaftLogWorker: safeCacheEvictIndex: setUnconditionally 0 -> -1
2021-11-15 19:21:12,145 [pool-150-thread-1] INFO  server.RaftServer$Division (RaftServerImpl.java:start(301)) - 72af5abb-0a78-4b64-9517-3021125997b8@group-6011D7D31FA9: start as a follower, conf=-1: [72af5abb-0a78-4b64-9517-3021125997b8|rpc:10.1.0.16:45855|dataStream:|priority:0, 1d1c653c-c24c-4f9f-93f8-363bcaedc7a6|rpc:10.1.0.16:44043|dataStream:|priority:0, d87a46af-94f7-42aa-b022-652610ab08cb|rpc:10.1.0.16:36541|dataStream:|priority:1], old=null
2021-11-15 19:21:12,145 [pool-150-thread-1] INFO  server.RaftServer$Division (RaftServerImpl.java:setRole(290)) - 72af5abb-0a78-4b64-9517-3021125997b8@group-6011D7D31FA9: changes role from      null to FOLLOWER at term 0 for startAsFollower
2021-11-15 19:21:12,146 [EventQueue-PipelineReportForPipelineReportHandler] INFO  pipeline.PipelineManagerImpl (PipelineManagerImpl.java:openPipeline(289)) - Pipeline Pipeline[ Id: 46048c11-004b-4b6b-9774-b749a3b4ac58, Nodes: d87a46af-94f7-42aa-b022-652610ab08cb{ip: 10.1.0.16, host: fv-az151-339.yf2hydr00wburbhx3j5hxtcipe.bx.internal.cloudapp.net, ports: [REPLICATION=42181, RATIS=36541, RATIS_ADMIN=36541, RATIS_SERVER=36541, STANDALONE=40489], networkLocation: /default-rack, certSerialId: null, persistedOpState: IN_SERVICE, persistedOpStateExpiryEpochSec: 0}, ReplicationConfig: RATIS/ONE, State:ALLOCATED, leaderId:d87a46af-94f7-42aa-b022-652610ab08cb, CreationTimestamp2021-11-15T19:21:09.141Z[Etc/UTC]] moved to OPEN state
2021-11-15 19:21:12,146 [EventQueue-OpenPipelineForHealthyPipelineSafeModeRule] INFO  safemode.SCMSafeModeManager (HealthyPipelineSafeModeRule.java:process(124)) - SCM in safe mode. Healthy pipelines reported count is 0, required healthy pipeline reported count is 1
2021-11-15 19:21:12,148 [pool-150-thread-1] INFO  impl.RoleInfo (RoleInfo.java:updateAndGet(130)) - 72af5abb-0a78-4b64-9517-3021125997b8: start 72af5abb-0a78-4b64-9517-3021125997b8@group-6011D7D31FA9-FollowerState
2021-11-15 19:21:12,148 [pool-131-thread-1] INFO  server.RaftServerConfigKeys (ConfUtils.java:logGet(44)) - raft.server.snapshot.auto.trigger.enabled = true (custom)
2021-11-15 19:21:12,148 [pool-131-thread-1] INFO  server.RaftServerConfigKeys (ConfUtils.java:logGet(44)) - raft.server.snapshot.auto.trigger.threshold = 10000 (custom)
2021-11-15 19:21:12,148 [pool-131-thread-1] INFO  server.RaftServerConfigKeys (ConfUtils.java:logGet(44)) - raft.server.snapshot.retention.file.num = 5 (custom)
2021-11-15 19:21:12,148 [pool-131-thread-1] INFO  server.RaftServerConfigKeys (ConfUtils.java:logGet(44)) - raft.server.log.purge.upto.snapshot.index = false (default)
2021-11-15 19:21:12,148 [pool-150-thread-1] INFO  util.JmxRegister (JmxRegister.java:tryRegister(44)) - Successfully registered JMX Bean with object name Ratis:service=RaftServer,group=group-6011D7D31FA9,id=72af5abb-0a78-4b64-9517-3021125997b8
2021-11-15 19:21:12,148 [pool-131-thread-1] INFO  server.RaftServerConfigKeys (ConfUtils.java:logGet(44)) - raft.server.retrycache.expirytime = 600000ms (custom)
2021-11-15 19:21:12,148 [pool-131-thread-1] INFO  server.RaftServerConfigKeys (ConfUtils.java:logGet(44)) - raft.server.retrycache.statistics.expirytime = 100μs (default)
2021-11-15 19:21:12,151 [pool-131-thread-1] INFO  server.RaftServer$Division (RaftServerImpl.java:start(301)) - d87a46af-94f7-42aa-b022-652610ab08cb@group-B749A3B4AC58: start as a follower, conf=-1: [d87a46af-94f7-42aa-b022-652610ab08cb|rpc:10.1.0.16:36541|priority:1], old=null
2021-11-15 19:21:12,151 [pool-131-thread-1] INFO  server.RaftServer$Division (RaftServerImpl.java:setRole(290)) - d87a46af-94f7-42aa-b022-652610ab08cb@group-B749A3B4AC58: changes role from      null to FOLLOWER at term 0 for startAsFollower
2021-11-15 19:21:12,152 [pool-131-thread-1] INFO  impl.RoleInfo (RoleInfo.java:updateAndGet(130)) - d87a46af-94f7-42aa-b022-652610ab08cb: start d87a46af-94f7-42aa-b022-652610ab08cb@group-B749A3B4AC58-FollowerState
2021-11-15 19:21:12,153 [pool-131-thread-1] INFO  util.JmxRegister (JmxRegister.java:tryRegister(44)) - Successfully registered JMX Bean with object name Ratis:service=RaftServer,group=group-B749A3B4AC58,id=d87a46af-94f7-42aa-b022-652610ab08cb
2021-11-15 19:21:12,155 [Command processor thread] INFO  ratis.XceiverServerRatis (XceiverServerRatis.java:addGroup(768)) - Created group PipelineID=46048c11-004b-4b6b-9774-b749a3b4ac58
2021-11-15 19:21:12,155 [Command processor thread] INFO  commandhandler.CreatePipelineCommandHandler (CreatePipelineCommandHandler.java:handle(106)) - Created Pipeline RATIS ONE PipelineID=46048c11-004b-4b6b-9774-b749a3b4ac58.
2021-11-15 19:21:12,158 [Command processor thread] INFO  commandhandler.CreatePipelineCommandHandler (CreatePipelineCommandHandler.java:handle(106)) - Created Pipeline RATIS THREE PipelineID=ffb0f6a7-cf28-4210-b9d6-6011d7d31fa9.
2021-11-15 19:21:12,345 [Command processor thread] INFO  server.RaftServer (RaftServerProxy.java:addNew(95)) - 72af5abb-0a78-4b64-9517-3021125997b8: addNew group-45BD587A8A14:[72af5abb-0a78-4b64-9517-3021125997b8|rpc:10.1.0.16:45855|priority:1] returns group-45BD587A8A14:java.util.concurrent.CompletableFuture@1e0401ee[Not completed]
2021-11-15 19:21:12,347 [pool-150-thread-1] INFO  server.RaftServer$Division (RaftServerImpl.java:<init>(184)) - 72af5abb-0a78-4b64-9517-3021125997b8: new RaftServerImpl for group-45BD587A8A14:[72af5abb-0a78-4b64-9517-3021125997b8|rpc:10.1.0.16:45855|priority:1] with ContainerStateMachine:uninitialized
2021-11-15 19:21:12,347 [pool-150-thread-1] INFO  server.RaftServerConfigKeys (ConfUtils.java:logGet(44)) - raft.server.rpc.timeout.min = 5s (custom)
2021-11-15 19:21:12,347 [pool-150-thread-1] INFO  server.RaftServerConfigKeys (ConfUtils.java:logGet(44)) - raft.server.rpc.timeout.max = 5200ms (custom)
2021-11-15 19:21:12,347 [pool-150-thread-1] INFO  server.RaftServerConfigKeys (ConfUtils.java:logGet(44)) - raft.server.rpc.sleep.time = 25ms (default)
2021-11-15 19:21:12,347 [pool-150-thread-1] INFO  server.RaftServerConfigKeys (ConfUtils.java:logGet(44)) - raft.server.rpc.slowness.timeout = 300000ms (custom)
2021-11-15 19:21:12,347 [pool-150-thread-1] INFO  server.RaftServerConfigKeys (ConfUtils.java:logGet(44)) - raft.server.leaderelection.leader.step-down.wait-time = 10s (default)
2021-11-15 19:21:12,347 [pool-150-thread-1] INFO  server.RaftServerConfigKeys (ConfUtils.java:logGet(44)) - raft.server.sleep.deviation.threshold = 300ms (default)
2021-11-15 19:21:12,347 [pool-150-thread-1] INFO  server.RaftServerConfigKeys (ConfUtils.java:logGet(44)) - raft.server.log.appender.install.snapshot.enabled = false (custom)
2021-11-15 19:21:12,347 [pool-150-thread-1] INFO  server.RaftServer$Division (ServerState.java:<init>(105)) - 72af5abb-0a78-4b64-9517-3021125997b8@group-45BD587A8A14: ConfigurationManager, init=-1: [72af5abb-0a78-4b64-9517-3021125997b8|rpc:10.1.0.16:45855|priority:1], old=null, confs=<EMPTY_MAP>
2021-11-15 19:21:12,347 [pool-150-thread-1] INFO  server.RaftServerConfigKeys (ConfUtils.java:logGet(44)) - raft.server.storage.dir = [/home/runner/work/ozone/ozone/hadoop-ozone/integration-test/target/test-dir/MiniOzoneClusterImpl-edab3eb4-5721-4c35-be90-debfdbe0e37e/datanode-5/data/ratis] (custom)
2021-11-15 19:21:12,348 [pool-150-thread-1] INFO  server.RaftServerConfigKeys (ConfUtils.java:logGet(44)) - raft.server.log.corruption.policy = EXCEPTION (default)
2021-11-15 19:21:12,348 [pool-150-thread-1] INFO  server.RaftServerConfigKeys (ConfUtils.java:logGet(44)) - raft.server.storage.free-space.min = 0MB (=0) (default)
2021-11-15 19:21:12,348 [pool-150-thread-1] INFO  storage.RaftStorageDirectory (RaftStorageDirectoryImpl.java:analyzeStorage(135)) - The storage directory /home/runner/work/ozone/ozone/hadoop-ozone/integration-test/target/test-dir/MiniOzoneClusterImpl-edab3eb4-5721-4c35-be90-debfdbe0e37e/datanode-5/data/ratis/836c2ec7-88bd-49ae-8ce0-45bd587a8a14 does not exist. Creating ...
2021-11-15 19:21:12,349 [pool-150-thread-1] INFO  storage.RaftStorageDirectory (RaftStorageDirectoryImpl.java:tryLock(230)) - Lock on /home/runner/work/ozone/ozone/hadoop-ozone/integration-test/target/test-dir/MiniOzoneClusterImpl-edab3eb4-5721-4c35-be90-debfdbe0e37e/datanode-5/data/ratis/836c2ec7-88bd-49ae-8ce0-45bd587a8a14/in_use.lock acquired by nodename 2800@fv-az151-339
2021-11-15 19:21:12,351 [pool-150-thread-1] INFO  storage.RaftStorage (RaftStorageImpl.java:format(89)) - Storage directory /home/runner/work/ozone/ozone/hadoop-ozone/integration-test/target/test-dir/MiniOzoneClusterImpl-edab3eb4-5721-4c35-be90-debfdbe0e37e/datanode-5/data/ratis/836c2ec7-88bd-49ae-8ce0-45bd587a8a14 has been successfully formatted.
2021-11-15 19:21:12,351 [pool-150-thread-1] INFO  ratis.ContainerStateMachine (ContainerStateMachine.java:loadSnapshot(224)) - group-45BD587A8A14: The snapshot info is null. Setting the last applied indexto:(t:0, i:~)
2021-11-15 19:21:12,351 [pool-150-thread-1] INFO  server.RaftServerConfigKeys (ConfUtils.java:logGet(44)) - raft.server.notification.no-leader.timeout = 300000ms (custom)
2021-11-15 19:21:12,351 [pool-150-thread-1] INFO  server.RaftServerConfigKeys (ConfUtils.java:logGet(44)) - raft.server.log.use.memory = false (default)
2021-11-15 19:21:12,351 [pool-150-thread-1] INFO  server.RaftServerConfigKeys (ConfUtils.java:logGet(44)) - raft.server.log.purge.gap = 1000000 (custom)
2021-11-15 19:21:12,351 [pool-150-thread-1] INFO  server.RaftServerConfigKeys (ConfUtils.java:logGet(44)) - raft.server.log.appender.buffer.byte-limit = 33554432 (custom)
2021-11-15 19:21:12,352 [pool-150-thread-1] INFO  server.RaftServerConfigKeys (ConfUtils.java:logGet(44)) - raft.server.log.segment.size.max = 1048576 (custom)
2021-11-15 19:21:12,353 [EventQueue-PipelineReportForPipelineReportHandler] INFO  pipeline.PipelineManagerImpl (PipelineManagerImpl.java:openPipeline(289)) - Pipeline Pipeline[ Id: 836c2ec7-88bd-49ae-8ce0-45bd587a8a14, Nodes: 72af5abb-0a78-4b64-9517-3021125997b8{ip: 10.1.0.16, host: fv-az151-339.yf2hydr00wburbhx3j5hxtcipe.bx.internal.cloudapp.net, ports: [REPLICATION=33017, RATIS=45855, RATIS_ADMIN=45855, RATIS_SERVER=45855, STANDALONE=38721], networkLocation: /default-rack, certSerialId: null, persistedOpState: IN_SERVICE, persistedOpStateExpiryEpochSec: 0}, ReplicationConfig: RATIS/ONE, State:ALLOCATED, leaderId:72af5abb-0a78-4b64-9517-3021125997b8, CreationTimestamp2021-11-15T19:21:09.351Z[Etc/UTC]] moved to OPEN state
2021-11-15 19:21:12,353 [pool-150-thread-1] INFO  server.RaftServerConfigKeys (ConfUtils.java:logGet(44)) - raft.server.log.segment.cache.num.max = 2 (custom)
2021-11-15 19:21:12,353 [pool-150-thread-1] INFO  server.RaftServerConfigKeys (ConfUtils.java:logGet(44)) - raft.server.log.segment.cache.size.max = 200MB (=209715200) (default)
2021-11-15 19:21:12,353 [pool-150-thread-1] INFO  segmented.SegmentedRaftLogWorker (SegmentedRaftLogWorker.java:<init>(182)) - new 72af5abb-0a78-4b64-9517-3021125997b8@group-45BD587A8A14-SegmentedRaftLogWorker for RaftStorageImpl:Storage Directory /home/runner/work/ozone/ozone/hadoop-ozone/integration-test/target/test-dir/MiniOzoneClusterImpl-edab3eb4-5721-4c35-be90-debfdbe0e37e/datanode-5/data/ratis/836c2ec7-88bd-49ae-8ce0-45bd587a8a14
2021-11-15 19:21:12,353 [pool-150-thread-1] INFO  server.RaftServerConfigKeys (ConfUtils.java:logGet(44)) - raft.server.log.queue.byte-limit = 2147483647 (custom)
2021-11-15 19:21:12,353 [pool-150-thread-1] INFO  server.RaftServerConfigKeys (ConfUtils.java:logGet(44)) - raft.server.log.queue.element-limit = 1024 (custom)
2021-11-15 19:21:12,353 [EventQueue-OpenPipelineForHealthyPipelineSafeModeRule] INFO  safemode.SCMSafeModeManager (HealthyPipelineSafeModeRule.java:process(124)) - SCM in safe mode. Healthy pipelines reported count is 0, required healthy pipeline reported count is 1
2021-11-15 19:21:12,353 [pool-150-thread-1] INFO  server.RaftServerConfigKeys (ConfUtils.java:logGet(44)) - raft.server.log.segment.size.max = 1048576 (custom)
2021-11-15 19:21:12,355 [pool-150-thread-1] INFO  server.RaftServerConfigKeys (ConfUtils.java:logGet(44)) - raft.server.log.preallocated.size = 16384 (custom)
2021-11-15 19:21:12,355 [pool-150-thread-1] INFO  server.RaftServerConfigKeys (ConfUtils.java:logGet(44)) - raft.server.log.force.sync.num = 128 (default)
2021-11-15 19:21:12,355 [pool-150-thread-1] INFO  server.RaftServerConfigKeys (ConfUtils.java:logGet(44)) - raft.server.log.statemachine.data.sync = true (default)
2021-11-15 19:21:12,355 [pool-150-thread-1] INFO  server.RaftServerConfigKeys (ConfUtils.java:logGet(44)) - raft.server.log.statemachine.data.sync.timeout = 10s (default)
2021-11-15 19:21:12,355 [pool-150-thread-1] INFO  server.RaftServerConfigKeys (ConfUtils.java:logGet(44)) - raft.server.log.statemachine.data.sync.timeout.retry = -1 (default)
2021-11-15 19:21:12,356 [pool-150-thread-1] INFO  server.RaftServerConfigKeys (ConfUtils.java:logGet(44)) - raft.server.log.write.buffer.size = 1048576 (custom)
2021-11-15 19:21:12,357 [pool-150-thread-1] INFO  server.RaftServerConfigKeys (ConfUtils.java:logGet(44)) - raft.server.log.statemachine.data.caching.enabled = true (custom)
2021-11-15 19:21:12,357 [pool-150-thread-1] INFO  segmented.SegmentedRaftLogWorker (SegmentedRaftLogWorker.java:lambda$new$0(133)) - 72af5abb-0a78-4b64-9517-3021125997b8@group-45BD587A8A14-SegmentedRaftLogWorker: flushIndex: setUnconditionally 0 -> -1
2021-11-15 19:21:12,357 [pool-150-thread-1] INFO  segmented.SegmentedRaftLogWorker (SegmentedRaftLogWorker.java:lambda$new$0(133)) - 72af5abb-0a78-4b64-9517-3021125997b8@group-45BD587A8A14-SegmentedRaftLogWorker: safeCacheEvictIndex: setUnconditionally 0 -> -1
2021-11-15 19:21:12,357 [pool-150-thread-1] INFO  server.RaftServerConfigKeys (ConfUtils.java:logGet(44)) - raft.server.snapshot.auto.trigger.enabled = true (custom)
2021-11-15 19:21:12,357 [pool-150-thread-1] INFO  server.RaftServerConfigKeys (ConfUtils.java:logGet(44)) - raft.server.snapshot.auto.trigger.threshold = 10000 (custom)
2021-11-15 19:21:12,357 [pool-150-thread-1] INFO  server.RaftServerConfigKeys (ConfUtils.java:logGet(44)) - raft.server.snapshot.retention.file.num = 5 (custom)
2021-11-15 19:21:12,357 [pool-150-thread-1] INFO  server.RaftServerConfigKeys (ConfUtils.java:logGet(44)) - raft.server.log.purge.upto.snapshot.index = false (default)
2021-11-15 19:21:12,357 [pool-150-thread-1] INFO  server.RaftServerConfigKeys (ConfUtils.java:logGet(44)) - raft.server.retrycache.expirytime = 600000ms (custom)
2021-11-15 19:21:12,357 [pool-150-thread-1] INFO  server.RaftServerConfigKeys (ConfUtils.java:logGet(44)) - raft.server.retrycache.statistics.expirytime = 100μs (default)
2021-11-15 19:21:12,358 [pool-150-thread-1] INFO  server.RaftServer$Division (RaftServerImpl.java:start(301)) - 72af5abb-0a78-4b64-9517-3021125997b8@group-45BD587A8A14: start as a follower, conf=-1: [72af5abb-0a78-4b64-9517-3021125997b8|rpc:10.1.0.16:45855|priority:1], old=null
2021-11-15 19:21:12,358 [pool-150-thread-1] INFO  server.RaftServer$Division (RaftServerImpl.java:setRole(290)) - 72af5abb-0a78-4b64-9517-3021125997b8@group-45BD587A8A14: changes role from      null to FOLLOWER at term 0 for startAsFollower
2021-11-15 19:21:12,358 [pool-150-thread-1] INFO  impl.RoleInfo (RoleInfo.java:updateAndGet(130)) - 72af5abb-0a78-4b64-9517-3021125997b8: start 72af5abb-0a78-4b64-9517-3021125997b8@group-45BD587A8A14-FollowerState
2021-11-15 19:21:12,359 [pool-150-thread-1] INFO  util.JmxRegister (JmxRegister.java:tryRegister(44)) - Successfully registered JMX Bean with object name Ratis:service=RaftServer,group=group-45BD587A8A14,id=72af5abb-0a78-4b64-9517-3021125997b8
2021-11-15 19:21:12,360 [Command processor thread] INFO  ratis.XceiverServerRatis (XceiverServerRatis.java:addGroup(768)) - Created group PipelineID=836c2ec7-88bd-49ae-8ce0-45bd587a8a14
2021-11-15 19:21:12,360 [Command processor thread] INFO  commandhandler.CreatePipelineCommandHandler (CreatePipelineCommandHandler.java:handle(106)) - Created Pipeline RATIS ONE PipelineID=836c2ec7-88bd-49ae-8ce0-45bd587a8a14.
2021-11-15 19:21:12,543 [Listener at 127.0.0.1/38415] INFO  ozone.MiniOzoneClusterImpl (MiniOzoneClusterImpl.java:lambda$waitForClusterToBeReady$0(235)) - Nodes are ready. Got 7 of 7 DN Heartbeats.
2021-11-15 19:21:12,543 [Listener at 127.0.0.1/38415] INFO  ozone.MiniOzoneClusterImpl (MiniOzoneClusterImpl.java:lambda$waitForClusterToBeReady$0(238)) - Waiting for cluster to exit safe mode
2021-11-15 19:21:12,543 [Listener at 127.0.0.1/38415] INFO  ozone.MiniOzoneClusterImpl (MiniOzoneClusterImpl.java:lambda$waitForClusterToBeReady$0(240)) - SCM became leader
2021-11-15 19:21:12,549 [Command processor thread] INFO  server.RaftServer (RaftServerProxy.java:addNew(95)) - 087c2b0c-5b45-457f-ac23-38cb521b1b9c: addNew group-9613F75EFCD4:[087c2b0c-5b45-457f-ac23-38cb521b1b9c|rpc:10.1.0.16:32799|priority:1] returns group-9613F75EFCD4:java.util.concurrent.CompletableFuture@5686f4af[Not completed]
2021-11-15 19:21:12,550 [pool-169-thread-1] INFO  server.RaftServer$Division (RaftServerImpl.java:<init>(184)) - 087c2b0c-5b45-457f-ac23-38cb521b1b9c: new RaftServerImpl for group-9613F75EFCD4:[087c2b0c-5b45-457f-ac23-38cb521b1b9c|rpc:10.1.0.16:32799|priority:1] with ContainerStateMachine:uninitialized
2021-11-15 19:21:12,551 [pool-169-thread-1] INFO  server.RaftServerConfigKeys (ConfUtils.java:logGet(44)) - raft.server.rpc.timeout.min = 5s (custom)
2021-11-15 19:21:12,552 [pool-169-thread-1] INFO  server.RaftServerConfigKeys (ConfUtils.java:logGet(44)) - raft.server.rpc.timeout.max = 5200ms (custom)
2021-11-15 19:21:12,552 [pool-169-thread-1] INFO  server.RaftServerConfigKeys (ConfUtils.java:logGet(44)) - raft.server.rpc.sleep.time = 25ms (default)
2021-11-15 19:21:12,552 [pool-169-thread-1] INFO  server.RaftServerConfigKeys (ConfUtils.java:logGet(44)) - raft.server.rpc.slowness.timeout = 300000ms (custom)
2021-11-15 19:21:12,552 [pool-169-thread-1] INFO  server.RaftServerConfigKeys (ConfUtils.java:logGet(44)) - raft.server.leaderelection.leader.step-down.wait-time = 10s (default)
2021-11-15 19:21:12,552 [pool-169-thread-1] INFO  server.RaftServerConfigKeys (ConfUtils.java:logGet(44)) - raft.server.sleep.deviation.threshold = 300ms (default)
2021-11-15 19:21:12,552 [pool-169-thread-1] INFO  server.RaftServerConfigKeys (ConfUtils.java:logGet(44)) - raft.server.log.appender.install.snapshot.enabled = false (custom)
2021-11-15 19:21:12,552 [pool-169-thread-1] INFO  server.RaftServer$Division (ServerState.java:<init>(105)) - 087c2b0c-5b45-457f-ac23-38cb521b1b9c@group-9613F75EFCD4: ConfigurationManager, init=-1: [087c2b0c-5b45-457f-ac23-38cb521b1b9c|rpc:10.1.0.16:32799|priority:1], old=null, confs=<EMPTY_MAP>
2021-11-15 19:21:12,552 [pool-169-thread-1] INFO  server.RaftServerConfigKeys (ConfUtils.java:logGet(44)) - raft.server.storage.dir = [/home/runner/work/ozone/ozone/hadoop-ozone/integration-test/target/test-dir/MiniOzoneClusterImpl-edab3eb4-5721-4c35-be90-debfdbe0e37e/datanode-6/data/ratis] (custom)
2021-11-15 19:21:12,553 [pool-169-thread-1] INFO  server.RaftServerConfigKeys (ConfUtils.java:logGet(44)) - raft.server.log.corruption.policy = EXCEPTION (default)
2021-11-15 19:21:12,553 [pool-169-thread-1] INFO  server.RaftServerConfigKeys (ConfUtils.java:logGet(44)) - raft.server.storage.free-space.min = 0MB (=0) (default)
2021-11-15 19:21:12,553 [pool-169-thread-1] INFO  storage.RaftStorageDirectory (RaftStorageDirectoryImpl.java:analyzeStorage(135)) - The storage directory /home/runner/work/ozone/ozone/hadoop-ozone/integration-test/target/test-dir/MiniOzoneClusterImpl-edab3eb4-5721-4c35-be90-debfdbe0e37e/datanode-6/data/ratis/2090d85a-f2c5-459e-8366-9613f75efcd4 does not exist. Creating ...
2021-11-15 19:21:12,556 [pool-169-thread-1] INFO  storage.RaftStorageDirectory (RaftStorageDirectoryImpl.java:tryLock(230)) - Lock on /home/runner/work/ozone/ozone/hadoop-ozone/integration-test/target/test-dir/MiniOzoneClusterImpl-edab3eb4-5721-4c35-be90-debfdbe0e37e/datanode-6/data/ratis/2090d85a-f2c5-459e-8366-9613f75efcd4/in_use.lock acquired by nodename 2800@fv-az151-339
2021-11-15 19:21:12,557 [pool-169-thread-1] INFO  storage.RaftStorage (RaftStorageImpl.java:format(89)) - Storage directory /home/runner/work/ozone/ozone/hadoop-ozone/integration-test/target/test-dir/MiniOzoneClusterImpl-edab3eb4-5721-4c35-be90-debfdbe0e37e/datanode-6/data/ratis/2090d85a-f2c5-459e-8366-9613f75efcd4 has been successfully formatted.
2021-11-15 19:21:12,558 [pool-169-thread-1] INFO  ratis.ContainerStateMachine (ContainerStateMachine.java:loadSnapshot(224)) - group-9613F75EFCD4: The snapshot info is null. Setting the last applied indexto:(t:0, i:~)
2021-11-15 19:21:12,558 [pool-169-thread-1] INFO  server.RaftServerConfigKeys (ConfUtils.java:logGet(44)) - raft.server.notification.no-leader.timeout = 300000ms (custom)
2021-11-15 19:21:12,558 [pool-169-thread-1] INFO  server.RaftServerConfigKeys (ConfUtils.java:logGet(44)) - raft.server.log.use.memory = false (default)
2021-11-15 19:21:12,559 [pool-169-thread-1] INFO  server.RaftServerConfigKeys (ConfUtils.java:logGet(44)) - raft.server.log.purge.gap = 1000000 (custom)
2021-11-15 19:21:12,559 [pool-169-thread-1] INFO  server.RaftServerConfigKeys (ConfUtils.java:logGet(44)) - raft.server.log.appender.buffer.byte-limit = 33554432 (custom)
2021-11-15 19:21:12,559 [pool-169-thread-1] INFO  server.RaftServerConfigKeys (ConfUtils.java:logGet(44)) - raft.server.log.segment.size.max = 1048576 (custom)
2021-11-15 19:21:12,560 [EventQueue-PipelineReportForPipelineReportHandler] INFO  pipeline.PipelineManagerImpl (PipelineManagerImpl.java:openPipeline(289)) - Pipeline Pipeline[ Id: 2090d85a-f2c5-459e-8366-9613f75efcd4, Nodes: 087c2b0c-5b45-457f-ac23-38cb521b1b9c{ip: 10.1.0.16, host: fv-az151-339.yf2hydr00wburbhx3j5hxtcipe.bx.internal.cloudapp.net, ports: [REPLICATION=33023, RATIS=32799, RATIS_ADMIN=32799, RATIS_SERVER=32799, STANDALONE=33851], networkLocation: /default-rack, certSerialId: null, persistedOpState: IN_SERVICE, persistedOpStateExpiryEpochSec: 0}, ReplicationConfig: RATIS/ONE, State:ALLOCATED, leaderId:087c2b0c-5b45-457f-ac23-38cb521b1b9c, CreationTimestamp2021-11-15T19:21:09.551Z[Etc/UTC]] moved to OPEN state
2021-11-15 19:21:12,561 [EventQueue-OpenPipelineForHealthyPipelineSafeModeRule] INFO  safemode.SCMSafeModeManager (HealthyPipelineSafeModeRule.java:process(124)) - SCM in safe mode. Healthy pipelines reported count is 0, required healthy pipeline reported count is 1
2021-11-15 19:21:12,561 [pool-169-thread-1] INFO  server.RaftServerConfigKeys (ConfUtils.java:logGet(44)) - raft.server.log.segment.cache.num.max = 2 (custom)
2021-11-15 19:21:12,562 [pool-169-thread-1] INFO  server.RaftServerConfigKeys (ConfUtils.java:logGet(44)) - raft.server.log.segment.cache.size.max = 200MB (=209715200) (default)
2021-11-15 19:21:12,562 [pool-169-thread-1] INFO  segmented.SegmentedRaftLogWorker (SegmentedRaftLogWorker.java:<init>(182)) - new 087c2b0c-5b45-457f-ac23-38cb521b1b9c@group-9613F75EFCD4-SegmentedRaftLogWorker for RaftStorageImpl:Storage Directory /home/runner/work/ozone/ozone/hadoop-ozone/integration-test/target/test-dir/MiniOzoneClusterImpl-edab3eb4-5721-4c35-be90-debfdbe0e37e/datanode-6/data/ratis/2090d85a-f2c5-459e-8366-9613f75efcd4
2021-11-15 19:21:12,562 [pool-169-thread-1] INFO  server.RaftServerConfigKeys (ConfUtils.java:logGet(44)) - raft.server.log.queue.byte-limit = 2147483647 (custom)
2021-11-15 19:21:12,562 [pool-169-thread-1] INFO  server.RaftServerConfigKeys (ConfUtils.java:logGet(44)) - raft.server.log.queue.element-limit = 1024 (custom)
2021-11-15 19:21:12,562 [pool-169-thread-1] INFO  server.RaftServerConfigKeys (ConfUtils.java:logGet(44)) - raft.server.log.segment.size.max = 1048576 (custom)
2021-11-15 19:21:12,562 [pool-169-thread-1] INFO  server.RaftServerConfigKeys (ConfUtils.java:logGet(44)) - raft.server.log.preallocated.size = 16384 (custom)
2021-11-15 19:21:12,562 [pool-169-thread-1] INFO  server.RaftServerConfigKeys (ConfUtils.java:logGet(44)) - raft.server.log.force.sync.num = 128 (default)
2021-11-15 19:21:12,562 [pool-169-thread-1] INFO  server.RaftServerConfigKeys (ConfUtils.java:logGet(44)) - raft.server.log.statemachine.data.sync = true (default)
2021-11-15 19:21:12,562 [pool-169-thread-1] INFO  server.RaftServerConfigKeys (ConfUtils.java:logGet(44)) - raft.server.log.statemachine.data.sync.timeout = 10s (default)
2021-11-15 19:21:12,562 [pool-169-thread-1] INFO  server.RaftServerConfigKeys (ConfUtils.java:logGet(44)) - raft.server.log.statemachine.data.sync.timeout.retry = -1 (default)
2021-11-15 19:21:12,563 [pool-169-thread-1] INFO  server.RaftServerConfigKeys (ConfUtils.java:logGet(44)) - raft.server.log.write.buffer.size = 1048576 (custom)
2021-11-15 19:21:12,564 [pool-169-thread-1] INFO  server.RaftServerConfigKeys (ConfUtils.java:logGet(44)) - raft.server.log.statemachine.data.caching.enabled = true (custom)
2021-11-15 19:21:12,564 [pool-169-thread-1] INFO  segmented.SegmentedRaftLogWorker (SegmentedRaftLogWorker.java:lambda$new$0(133)) - 087c2b0c-5b45-457f-ac23-38cb521b1b9c@group-9613F75EFCD4-SegmentedRaftLogWorker: flushIndex: setUnconditionally 0 -> -1
2021-11-15 19:21:12,564 [pool-169-thread-1] INFO  segmented.SegmentedRaftLogWorker (SegmentedRaftLogWorker.java:lambda$new$0(133)) - 087c2b0c-5b45-457f-ac23-38cb521b1b9c@group-9613F75EFCD4-SegmentedRaftLogWorker: safeCacheEvictIndex: setUnconditionally 0 -> -1
2021-11-15 19:21:12,564 [pool-169-thread-1] INFO  server.RaftServerConfigKeys (ConfUtils.java:logGet(44)) - raft.server.snapshot.auto.trigger.enabled = true (custom)
2021-11-15 19:21:12,564 [pool-169-thread-1] INFO  server.RaftServerConfigKeys (ConfUtils.java:logGet(44)) - raft.server.snapshot.auto.trigger.threshold = 10000 (custom)
2021-11-15 19:21:12,564 [pool-169-thread-1] INFO  server.RaftServerConfigKeys (ConfUtils.java:logGet(44)) - raft.server.snapshot.retention.file.num = 5 (custom)
2021-11-15 19:21:12,564 [pool-169-thread-1] INFO  server.RaftServerConfigKeys (ConfUtils.java:logGet(44)) - raft.server.log.purge.upto.snapshot.index = false (default)
2021-11-15 19:21:12,564 [pool-169-thread-1] INFO  server.RaftServerConfigKeys (ConfUtils.java:logGet(44)) - raft.server.retrycache.expirytime = 600000ms (custom)
2021-11-15 19:21:12,564 [pool-169-thread-1] INFO  server.RaftServerConfigKeys (ConfUtils.java:logGet(44)) - raft.server.retrycache.statistics.expirytime = 100μs (default)
2021-11-15 19:21:12,565 [pool-169-thread-1] INFO  server.RaftServer$Division (RaftServerImpl.java:start(301)) - 087c2b0c-5b45-457f-ac23-38cb521b1b9c@group-9613F75EFCD4: start as a follower, conf=-1: [087c2b0c-5b45-457f-ac23-38cb521b1b9c|rpc:10.1.0.16:32799|priority:1], old=null
2021-11-15 19:21:12,565 [pool-169-thread-1] INFO  server.RaftServer$Division (RaftServerImpl.java:setRole(290)) - 087c2b0c-5b45-457f-ac23-38cb521b1b9c@group-9613F75EFCD4: changes role from      null to FOLLOWER at term 0 for startAsFollower
2021-11-15 19:21:12,566 [pool-169-thread-1] INFO  impl.RoleInfo (RoleInfo.java:updateAndGet(130)) - 087c2b0c-5b45-457f-ac23-38cb521b1b9c: start 087c2b0c-5b45-457f-ac23-38cb521b1b9c@group-9613F75EFCD4-FollowerState
2021-11-15 19:21:12,577 [pool-169-thread-1] INFO  util.JmxRegister (JmxRegister.java:tryRegister(44)) - Successfully registered JMX Bean with object name Ratis:service=RaftServer,group=group-9613F75EFCD4,id=087c2b0c-5b45-457f-ac23-38cb521b1b9c
2021-11-15 19:21:12,578 [Command processor thread] INFO  ratis.XceiverServerRatis (XceiverServerRatis.java:addGroup(768)) - Created group PipelineID=2090d85a-f2c5-459e-8366-9613f75efcd4
2021-11-15 19:21:12,578 [Command processor thread] INFO  commandhandler.CreatePipelineCommandHandler (CreatePipelineCommandHandler.java:handle(106)) - Created Pipeline RATIS ONE PipelineID=2090d85a-f2c5-459e-8366-9613f75efcd4.
2021-11-15 19:21:13,543 [Listener at 127.0.0.1/38415] INFO  ozone.MiniOzoneClusterImpl (MiniOzoneClusterImpl.java:lambda$waitForClusterToBeReady$0(235)) - Nodes are ready. Got 7 of 7 DN Heartbeats.
2021-11-15 19:21:13,544 [Listener at 127.0.0.1/38415] INFO  ozone.MiniOzoneClusterImpl (MiniOzoneClusterImpl.java:lambda$waitForClusterToBeReady$0(238)) - Waiting for cluster to exit safe mode
2021-11-15 19:21:13,544 [Listener at 127.0.0.1/38415] INFO  ozone.MiniOzoneClusterImpl (MiniOzoneClusterImpl.java:lambda$waitForClusterToBeReady$0(240)) - SCM became leader
2021-11-15 19:21:14,544 [Listener at 127.0.0.1/38415] INFO  ozone.MiniOzoneClusterImpl (MiniOzoneClusterImpl.java:lambda$waitForClusterToBeReady$0(235)) - Nodes are ready. Got 7 of 7 DN Heartbeats.
2021-11-15 19:21:14,544 [Listener at 127.0.0.1/38415] INFO  ozone.MiniOzoneClusterImpl (MiniOzoneClusterImpl.java:lambda$waitForClusterToBeReady$0(238)) - Waiting for cluster to exit safe mode
2021-11-15 19:21:14,545 [Listener at 127.0.0.1/38415] INFO  ozone.MiniOzoneClusterImpl (MiniOzoneClusterImpl.java:lambda$waitForClusterToBeReady$0(240)) - SCM became leader
2021-11-15 19:21:15,545 [Listener at 127.0.0.1/38415] INFO  ozone.MiniOzoneClusterImpl (MiniOzoneClusterImpl.java:lambda$waitForClusterToBeReady$0(235)) - Nodes are ready. Got 7 of 7 DN Heartbeats.
2021-11-15 19:21:15,545 [Listener at 127.0.0.1/38415] INFO  ozone.MiniOzoneClusterImpl (MiniOzoneClusterImpl.java:lambda$waitForClusterToBeReady$0(238)) - Waiting for cluster to exit safe mode
2021-11-15 19:21:15,545 [Listener at 127.0.0.1/38415] INFO  ozone.MiniOzoneClusterImpl (MiniOzoneClusterImpl.java:lambda$waitForClusterToBeReady$0(240)) - SCM became leader
2021-11-15 19:21:15,972 [c038e53c-4808-40a4-bcac-87a6adf6dbd8@group-284D524B4E6F-FollowerState] INFO  impl.FollowerState (FollowerState.java:run(134)) - c038e53c-4808-40a4-bcac-87a6adf6dbd8@group-284D524B4E6F-FollowerState: change to CANDIDATE, lastRpcElapsedTime:5039923732ns, electionTimeout:5036ms
2021-11-15 19:21:15,973 [c038e53c-4808-40a4-bcac-87a6adf6dbd8@group-284D524B4E6F-FollowerState] INFO  impl.RoleInfo (RoleInfo.java:shutdownFollowerState(108)) - c038e53c-4808-40a4-bcac-87a6adf6dbd8: shutdown c038e53c-4808-40a4-bcac-87a6adf6dbd8@group-284D524B4E6F-FollowerState
2021-11-15 19:21:15,973 [c038e53c-4808-40a4-bcac-87a6adf6dbd8@group-284D524B4E6F-FollowerState] INFO  server.RaftServer$Division (RaftServerImpl.java:setRole(290)) - c038e53c-4808-40a4-bcac-87a6adf6dbd8@group-284D524B4E6F: changes role from  FOLLOWER to CANDIDATE at term 0 for changeToCandidate
2021-11-15 19:21:15,973 [c038e53c-4808-40a4-bcac-87a6adf6dbd8@group-284D524B4E6F-FollowerState] INFO  server.RaftServerConfigKeys (ConfUtils.java:logGet(44)) - raft.server.leaderelection.pre-vote = false (custom)
2021-11-15 19:21:15,973 [c038e53c-4808-40a4-bcac-87a6adf6dbd8@group-284D524B4E6F-FollowerState] INFO  impl.RoleInfo (RoleInfo.java:updateAndGet(130)) - c038e53c-4808-40a4-bcac-87a6adf6dbd8: start c038e53c-4808-40a4-bcac-87a6adf6dbd8@group-284D524B4E6F-LeaderElection2
2021-11-15 19:21:15,978 [c038e53c-4808-40a4-bcac-87a6adf6dbd8@group-284D524B4E6F-LeaderElection2] INFO  impl.LeaderElection (LeaderElection.java:askForVotes(306)) - c038e53c-4808-40a4-bcac-87a6adf6dbd8@group-284D524B4E6F-LeaderElection2 ELECTION round 0: submit vote requests at term 1 for -1: [c038e53c-4808-40a4-bcac-87a6adf6dbd8|rpc:10.1.0.16:46879|priority:1], old=null
2021-11-15 19:21:15,978 [c038e53c-4808-40a4-bcac-87a6adf6dbd8@group-284D524B4E6F-LeaderElection2] INFO  impl.LeaderElection (LeaderElection.java:askForVotes(308)) - c038e53c-4808-40a4-bcac-87a6adf6dbd8@group-284D524B4E6F-LeaderElection2 ELECTION round 0: result PASSED (term=1)
2021-11-15 19:21:15,978 [c038e53c-4808-40a4-bcac-87a6adf6dbd8@group-284D524B4E6F-LeaderElection2] INFO  impl.RoleInfo (RoleInfo.java:shutdownLeaderElection(121)) - c038e53c-4808-40a4-bcac-87a6adf6dbd8: shutdown c038e53c-4808-40a4-bcac-87a6adf6dbd8@group-284D524B4E6F-LeaderElection2
2021-11-15 19:21:15,978 [c038e53c-4808-40a4-bcac-87a6adf6dbd8@group-284D524B4E6F-LeaderElection2] INFO  server.RaftServer$Division (RaftServerImpl.java:setRole(290)) - c038e53c-4808-40a4-bcac-87a6adf6dbd8@group-284D524B4E6F: changes role from CANDIDATE to LEADER at term 1 for changeToLeader
2021-11-15 19:21:15,978 [c038e53c-4808-40a4-bcac-87a6adf6dbd8@group-284D524B4E6F-LeaderElection2] INFO  ratis.XceiverServerRatis (XceiverServerRatis.java:handleLeaderChangedNotification(866)) - Leader change notification received for group: group-284D524B4E6F with new leaderId: c038e53c-4808-40a4-bcac-87a6adf6dbd8
2021-11-15 19:21:15,979 [c038e53c-4808-40a4-bcac-87a6adf6dbd8@group-284D524B4E6F-LeaderElection2] INFO  server.RaftServer$Division (ServerState.java:setLeader(285)) - c038e53c-4808-40a4-bcac-87a6adf6dbd8@group-284D524B4E6F: change Leader from null to c038e53c-4808-40a4-bcac-87a6adf6dbd8 at term 1 for becomeLeader, leader elected after 5072ms
2021-11-15 19:21:15,979 [c038e53c-4808-40a4-bcac-87a6adf6dbd8@group-284D524B4E6F-LeaderElection2] INFO  server.RaftServerConfigKeys (ConfUtils.java:logGet(44)) - raft.server.staging.catchup.gap = 1000 (default)
2021-11-15 19:21:15,980 [c038e53c-4808-40a4-bcac-87a6adf6dbd8@group-284D524B4E6F-LeaderElection2] INFO  server.RaftServerConfigKeys (ConfUtils.java:logGet(44)) - raft.server.write.element-limit = 1024 (custom)
2021-11-15 19:21:15,980 [c038e53c-4808-40a4-bcac-87a6adf6dbd8@group-284D524B4E6F-LeaderElection2] INFO  server.RaftServerConfigKeys (ConfUtils.java:logGet(44)) - raft.server.write.byte-limit = 1024 M (=1073741824) (custom)
2021-11-15 19:21:15,981 [c038e53c-4808-40a4-bcac-87a6adf6dbd8@group-284D524B4E6F-LeaderElection2] INFO  server.RaftServerConfigKeys (ConfUtils.java:logGet(44)) - raft.server.watch.timeout = 3000ms (custom)
2021-11-15 19:21:15,981 [c038e53c-4808-40a4-bcac-87a6adf6dbd8@group-284D524B4E6F-LeaderElection2] INFO  server.RaftServerConfigKeys (ConfUtils.java:logGet(44)) - raft.server.watch.timeout.denomination = 1s (default)
2021-11-15 19:21:15,981 [c038e53c-4808-40a4-bcac-87a6adf6dbd8@group-284D524B4E6F-LeaderElection2] INFO  server.RaftServerConfigKeys (ConfUtils.java:logGet(44)) - raft.server.watch.element-limit = 65536 (default)
2021-11-15 19:21:15,981 [c038e53c-4808-40a4-bcac-87a6adf6dbd8@group-284D524B4E6F-LeaderElection2] INFO  server.RaftServerConfigKeys (ConfUtils.java:logGet(44)) - raft.server.write.element-limit = 1024 (custom)
2021-11-15 19:21:15,981 [c038e53c-4808-40a4-bcac-87a6adf6dbd8@group-284D524B4E6F-LeaderElection2] INFO  server.RaftServerConfigKeys (ConfUtils.java:logGet(44)) - raft.server.write.follower.gap.ratio.max = -1.0 (default)
2021-11-15 19:21:15,981 [c038e53c-4808-40a4-bcac-87a6adf6dbd8@group-284D524B4E6F-LeaderElection2] INFO  impl.RoleInfo (RoleInfo.java:updateAndGet(130)) - c038e53c-4808-40a4-bcac-87a6adf6dbd8: start c038e53c-4808-40a4-bcac-87a6adf6dbd8@group-284D524B4E6F-LeaderStateImpl
2021-11-15 19:21:15,982 [c038e53c-4808-40a4-bcac-87a6adf6dbd8@group-284D524B4E6F-LeaderElection2] INFO  segmented.SegmentedRaftLogWorker (SegmentedRaftLogWorker.java:startLogSegment(394)) - c038e53c-4808-40a4-bcac-87a6adf6dbd8@group-284D524B4E6F-SegmentedRaftLogWorker: Starting segment from index:0
2021-11-15 19:21:15,984 [EventQueue-OpenPipelineForHealthyPipelineSafeModeRule] INFO  safemode.SCMSafeModeManager (HealthyPipelineSafeModeRule.java:process(124)) - SCM in safe mode. Healthy pipelines reported count is 0, required healthy pipeline reported count is 1
2021-11-15 19:21:15,985 [c038e53c-4808-40a4-bcac-87a6adf6dbd8@group-284D524B4E6F-SegmentedRaftLogWorker] INFO  segmented.SegmentedRaftLogWorker (SegmentedRaftLogWorker.java:execute(601)) - c038e53c-4808-40a4-bcac-87a6adf6dbd8@group-284D524B4E6F-SegmentedRaftLogWorker: created new log segment /home/runner/work/ozone/ozone/hadoop-ozone/integration-test/target/test-dir/MiniOzoneClusterImpl-edab3eb4-5721-4c35-be90-debfdbe0e37e/datanode-0/data/ratis/d55c095a-c301-4040-a45b-284d524b4e6f/current/log_inprogress_0
2021-11-15 19:21:15,992 [c038e53c-4808-40a4-bcac-87a6adf6dbd8@group-284D524B4E6F-LeaderElection2] INFO  server.RaftServer$Division (ServerState.java:setRaftConf(387)) - c038e53c-4808-40a4-bcac-87a6adf6dbd8@group-284D524B4E6F: set configuration 0: [c038e53c-4808-40a4-bcac-87a6adf6dbd8|rpc:10.1.0.16:46879|dataStream:|priority:1], old=null
2021-11-15 19:21:16,088 [c038e53c-4808-40a4-bcac-87a6adf6dbd8@group-9B0D820938DF-FollowerState] INFO  impl.FollowerState (FollowerState.java:run(134)) - c038e53c-4808-40a4-bcac-87a6adf6dbd8@group-9B0D820938DF-FollowerState: change to CANDIDATE, lastRpcElapsedTime:5105375827ns, electionTimeout:5104ms
2021-11-15 19:21:16,089 [c038e53c-4808-40a4-bcac-87a6adf6dbd8@group-9B0D820938DF-FollowerState] INFO  impl.RoleInfo (RoleInfo.java:shutdownFollowerState(108)) - c038e53c-4808-40a4-bcac-87a6adf6dbd8: shutdown c038e53c-4808-40a4-bcac-87a6adf6dbd8@group-9B0D820938DF-FollowerState
2021-11-15 19:21:16,089 [c038e53c-4808-40a4-bcac-87a6adf6dbd8@group-9B0D820938DF-FollowerState] INFO  server.RaftServer$Division (RaftServerImpl.java:setRole(290)) - c038e53c-4808-40a4-bcac-87a6adf6dbd8@group-9B0D820938DF: changes role from  FOLLOWER to CANDIDATE at term 0 for changeToCandidate
2021-11-15 19:21:16,089 [c038e53c-4808-40a4-bcac-87a6adf6dbd8@group-9B0D820938DF-FollowerState] INFO  server.RaftServerConfigKeys (ConfUtils.java:logGet(44)) - raft.server.leaderelection.pre-vote = false (custom)
2021-11-15 19:21:16,089 [c038e53c-4808-40a4-bcac-87a6adf6dbd8@group-9B0D820938DF-FollowerState] INFO  impl.RoleInfo (RoleInfo.java:updateAndGet(130)) - c038e53c-4808-40a4-bcac-87a6adf6dbd8: start c038e53c-4808-40a4-bcac-87a6adf6dbd8@group-9B0D820938DF-LeaderElection3
2021-11-15 19:21:16,092 [c038e53c-4808-40a4-bcac-87a6adf6dbd8@group-9B0D820938DF-LeaderElection3] INFO  impl.LeaderElection (LeaderElection.java:askForVotes(306)) - c038e53c-4808-40a4-bcac-87a6adf6dbd8@group-9B0D820938DF-LeaderElection3 ELECTION round 0: submit vote requests at term 1 for -1: [c038e53c-4808-40a4-bcac-87a6adf6dbd8|rpc:10.1.0.16:46879|priority:0, 5f24cb3a-787a-4f69-a830-2d3d8b70745a|rpc:10.1.0.16:34579|priority:1, bce623f1-3c31-45ef-9861-869f671ae311|rpc:10.1.0.16:38881|priority:0], old=null
2021-11-15 19:21:16,122 [grpc-default-executor-1] INFO  server.RaftServer$Division (RaftServerImpl.java:requestVote(1046)) - bce623f1-3c31-45ef-9861-869f671ae311@group-9B0D820938DF: receive requestVote(ELECTION, c038e53c-4808-40a4-bcac-87a6adf6dbd8, group-9B0D820938DF, 1, (t:0, i:0))
2021-11-15 19:21:16,124 [grpc-default-executor-1] INFO  impl.VoteContext (VoteContext.java:log(48)) - bce623f1-3c31-45ef-9861-869f671ae311@group-9B0D820938DF-FOLLOWER: accept ELECTION from c038e53c-4808-40a4-bcac-87a6adf6dbd8: our priority 0 <= candidate's priority 0
2021-11-15 19:21:16,124 [grpc-default-executor-0] INFO  server.RaftServer$Division (RaftServerImpl.java:requestVote(1046)) - 5f24cb3a-787a-4f69-a830-2d3d8b70745a@group-9B0D820938DF: receive requestVote(ELECTION, c038e53c-4808-40a4-bcac-87a6adf6dbd8, group-9B0D820938DF, 1, (t:0, i:0))
2021-11-15 19:21:16,124 [grpc-default-executor-1] INFO  server.RaftServer$Division (RaftServerImpl.java:setRole(290)) - bce623f1-3c31-45ef-9861-869f671ae311@group-9B0D820938DF: changes role from  FOLLOWER to FOLLOWER at term 1 for candidate:c038e53c-4808-40a4-bcac-87a6adf6dbd8
2021-11-15 19:21:16,124 [grpc-default-executor-0] INFO  impl.VoteContext (VoteContext.java:log(48)) - 5f24cb3a-787a-4f69-a830-2d3d8b70745a@group-9B0D820938DF-FOLLOWER: reject ELECTION from c038e53c-4808-40a4-bcac-87a6adf6dbd8: our priority 1 > candidate's priority 0
2021-11-15 19:21:16,124 [grpc-default-executor-1] INFO  impl.RoleInfo (RoleInfo.java:shutdownFollowerState(108)) - bce623f1-3c31-45ef-9861-869f671ae311: shutdown bce623f1-3c31-45ef-9861-869f671ae311@group-9B0D820938DF-FollowerState
2021-11-15 19:21:16,125 [grpc-default-executor-0] INFO  server.RaftServer$Division (RaftServerImpl.java:setRole(290)) - 5f24cb3a-787a-4f69-a830-2d3d8b70745a@group-9B0D820938DF: changes role from  FOLLOWER to FOLLOWER at term 1 for candidate:c038e53c-4808-40a4-bcac-87a6adf6dbd8
2021-11-15 19:21:16,125 [grpc-default-executor-0] INFO  impl.RoleInfo (RoleInfo.java:shutdownFollowerState(108)) - 5f24cb3a-787a-4f69-a830-2d3d8b70745a: shutdown 5f24cb3a-787a-4f69-a830-2d3d8b70745a@group-9B0D820938DF-FollowerState
2021-11-15 19:21:16,125 [bce623f1-3c31-45ef-9861-869f671ae311@group-9B0D820938DF-FollowerState] INFO  impl.FollowerState (FollowerState.java:run(143)) - bce623f1-3c31-45ef-9861-869f671ae311@group-9B0D820938DF-FollowerState was interrupted: {}
java.lang.InterruptedException: sleep interrupted
	at java.lang.Thread.sleep(Native Method)
	at java.lang.Thread.sleep(Thread.java:340)
	at java.util.concurrent.TimeUnit.sleep(TimeUnit.java:386)
	at org.apache.ratis.util.TimeDuration.sleep(TimeDuration.java:324)
	at org.apache.ratis.util.TimeDuration.sleep(TimeDuration.java:309)
	at org.apache.ratis.server.impl.FollowerState.run(FollowerState.java:118)
2021-11-15 19:21:16,126 [grpc-default-executor-1] INFO  impl.RoleInfo (RoleInfo.java:updateAndGet(130)) - bce623f1-3c31-45ef-9861-869f671ae311: start bce623f1-3c31-45ef-9861-869f671ae311@group-9B0D820938DF-FollowerState
2021-11-15 19:21:16,126 [5f24cb3a-787a-4f69-a830-2d3d8b70745a@group-9B0D820938DF-FollowerState] INFO  impl.FollowerState (FollowerState.java:run(143)) - 5f24cb3a-787a-4f69-a830-2d3d8b70745a@group-9B0D820938DF-FollowerState was interrupted: {}
java.lang.InterruptedException: sleep interrupted
	at java.lang.Thread.sleep(Native Method)
	at java.lang.Thread.sleep(Thread.java:340)
	at java.util.concurrent.TimeUnit.sleep(TimeUnit.java:386)
	at org.apache.ratis.util.TimeDuration.sleep(TimeDuration.java:324)
	at org.apache.ratis.util.TimeDuration.sleep(TimeDuration.java:309)
	at org.apache.ratis.server.impl.FollowerState.run(FollowerState.java:118)
2021-11-15 19:21:16,126 [grpc-default-executor-0] INFO  impl.RoleInfo (RoleInfo.java:updateAndGet(130)) - 5f24cb3a-787a-4f69-a830-2d3d8b70745a: start 5f24cb3a-787a-4f69-a830-2d3d8b70745a@group-9B0D820938DF-FollowerState
2021-11-15 19:21:16,133 [grpc-default-executor-0] INFO  server.RaftServer$Division (RaftServerImpl.java:requestVote(1078)) - 5f24cb3a-787a-4f69-a830-2d3d8b70745a@group-9B0D820938DF replies to ELECTION vote request: c038e53c-4808-40a4-bcac-87a6adf6dbd8<-5f24cb3a-787a-4f69-a830-2d3d8b70745a#0:FAIL-t1. Peer's state: 5f24cb3a-787a-4f69-a830-2d3d8b70745a@group-9B0D820938DF:t1, leader=null, voted=null, raftlog=5f24cb3a-787a-4f69-a830-2d3d8b70745a@group-9B0D820938DF-SegmentedRaftLog:OPENED:c-1, conf=-1: [c038e53c-4808-40a4-bcac-87a6adf6dbd8|rpc:10.1.0.16:46879|dataStream:|priority:0, 5f24cb3a-787a-4f69-a830-2d3d8b70745a|rpc:10.1.0.16:34579|dataStream:|priority:1, bce623f1-3c31-45ef-9861-869f671ae311|rpc:10.1.0.16:38881|dataStream:|priority:0], old=null
2021-11-15 19:21:16,133 [grpc-default-executor-1] INFO  server.RaftServer$Division (RaftServerImpl.java:requestVote(1078)) - bce623f1-3c31-45ef-9861-869f671ae311@group-9B0D820938DF replies to ELECTION vote request: c038e53c-4808-40a4-bcac-87a6adf6dbd8<-bce623f1-3c31-45ef-9861-869f671ae311#0:OK-t1. Peer's state: bce623f1-3c31-45ef-9861-869f671ae311@group-9B0D820938DF:t1, leader=null, voted=c038e53c-4808-40a4-bcac-87a6adf6dbd8, raftlog=bce623f1-3c31-45ef-9861-869f671ae311@group-9B0D820938DF-SegmentedRaftLog:OPENED:c-1, conf=-1: [c038e53c-4808-40a4-bcac-87a6adf6dbd8|rpc:10.1.0.16:46879|priority:0, 5f24cb3a-787a-4f69-a830-2d3d8b70745a|rpc:10.1.0.16:34579|priority:1, bce623f1-3c31-45ef-9861-869f671ae311|rpc:10.1.0.16:38881|priority:0], old=null
2021-11-15 19:21:16,137 [c038e53c-4808-40a4-bcac-87a6adf6dbd8@group-9B0D820938DF-LeaderElection3] INFO  impl.LeaderElection (LeaderElection.java:logAndReturn(89)) - c038e53c-4808-40a4-bcac-87a6adf6dbd8@group-9B0D820938DF-LeaderElection3: ELECTION REJECTED received 2 response(s) and 0 exception(s):
2021-11-15 19:21:16,137 [c038e53c-4808-40a4-bcac-87a6adf6dbd8@group-9B0D820938DF-LeaderElection3] INFO  impl.LeaderElection (LeaderElection.java:logAndReturn(93)) -   Response 0: c038e53c-4808-40a4-bcac-87a6adf6dbd8<-5f24cb3a-787a-4f69-a830-2d3d8b70745a#0:FAIL-t1
2021-11-15 19:21:16,137 [c038e53c-4808-40a4-bcac-87a6adf6dbd8@group-9B0D820938DF-LeaderElection3] INFO  impl.LeaderElection (LeaderElection.java:logAndReturn(93)) -   Response 1: c038e53c-4808-40a4-bcac-87a6adf6dbd8<-bce623f1-3c31-45ef-9861-869f671ae311#0:OK-t1
2021-11-15 19:21:16,137 [c038e53c-4808-40a4-bcac-87a6adf6dbd8@group-9B0D820938DF-LeaderElection3] INFO  impl.LeaderElection (LeaderElection.java:askForVotes(308)) - c038e53c-4808-40a4-bcac-87a6adf6dbd8@group-9B0D820938DF-LeaderElection3 ELECTION round 0: result REJECTED
2021-11-15 19:21:16,137 [c038e53c-4808-40a4-bcac-87a6adf6dbd8@group-9B0D820938DF-LeaderElection3] INFO  server.RaftServer$Division (RaftServerImpl.java:setRole(290)) - c038e53c-4808-40a4-bcac-87a6adf6dbd8@group-9B0D820938DF: changes role from CANDIDATE to FOLLOWER at term 1 for REJECTED
2021-11-15 19:21:16,138 [c038e53c-4808-40a4-bcac-87a6adf6dbd8@group-9B0D820938DF-LeaderElection3] INFO  impl.RoleInfo (RoleInfo.java:shutdownLeaderElection(121)) - c038e53c-4808-40a4-bcac-87a6adf6dbd8: shutdown c038e53c-4808-40a4-bcac-87a6adf6dbd8@group-9B0D820938DF-LeaderElection3
2021-11-15 19:21:16,138 [c038e53c-4808-40a4-bcac-87a6adf6dbd8@group-9B0D820938DF-LeaderElection3] INFO  impl.RoleInfo (RoleInfo.java:updateAndGet(130)) - c038e53c-4808-40a4-bcac-87a6adf6dbd8: start c038e53c-4808-40a4-bcac-87a6adf6dbd8@group-9B0D820938DF-FollowerState
2021-11-15 19:21:16,421 [bce623f1-3c31-45ef-9861-869f671ae311@group-60CD51394F2C-FollowerState] INFO  impl.FollowerState (FollowerState.java:run(134)) - bce623f1-3c31-45ef-9861-869f671ae311@group-60CD51394F2C-FollowerState: change to CANDIDATE, lastRpcElapsedTime:5155954101ns, electionTimeout:5133ms
2021-11-15 19:21:16,423 [bce623f1-3c31-45ef-9861-869f671ae311@group-60CD51394F2C-FollowerState] INFO  impl.RoleInfo (RoleInfo.java:shutdownFollowerState(108)) - bce623f1-3c31-45ef-9861-869f671ae311: shutdown bce623f1-3c31-45ef-9861-869f671ae311@group-60CD51394F2C-FollowerState
2021-11-15 19:21:16,423 [bce623f1-3c31-45ef-9861-869f671ae311@group-60CD51394F2C-FollowerState] INFO  server.RaftServer$Division (RaftServerImpl.java:setRole(290)) - bce623f1-3c31-45ef-9861-869f671ae311@group-60CD51394F2C: changes role from  FOLLOWER to CANDIDATE at term 0 for changeToCandidate
2021-11-15 19:21:16,423 [bce623f1-3c31-45ef-9861-869f671ae311@group-60CD51394F2C-FollowerState] INFO  server.RaftServerConfigKeys (ConfUtils.java:logGet(44)) - raft.server.leaderelection.pre-vote = false (custom)
2021-11-15 19:21:16,423 [bce623f1-3c31-45ef-9861-869f671ae311@group-60CD51394F2C-FollowerState] INFO  impl.RoleInfo (RoleInfo.java:updateAndGet(130)) - bce623f1-3c31-45ef-9861-869f671ae311: start bce623f1-3c31-45ef-9861-869f671ae311@group-60CD51394F2C-LeaderElection4
2021-11-15 19:21:16,428 [bce623f1-3c31-45ef-9861-869f671ae311@group-60CD51394F2C-LeaderElection4] INFO  impl.LeaderElection (LeaderElection.java:askForVotes(306)) - bce623f1-3c31-45ef-9861-869f671ae311@group-60CD51394F2C-LeaderElection4 ELECTION round 0: submit vote requests at term 1 for -1: [bce623f1-3c31-45ef-9861-869f671ae311|rpc:10.1.0.16:38881|priority:1], old=null
2021-11-15 19:21:16,428 [bce623f1-3c31-45ef-9861-869f671ae311@group-60CD51394F2C-LeaderElection4] INFO  impl.LeaderElection (LeaderElection.java:askForVotes(308)) - bce623f1-3c31-45ef-9861-869f671ae311@group-60CD51394F2C-LeaderElection4 ELECTION round 0: result PASSED (term=1)
2021-11-15 19:21:16,428 [bce623f1-3c31-45ef-9861-869f671ae311@group-60CD51394F2C-LeaderElection4] INFO  impl.RoleInfo (RoleInfo.java:shutdownLeaderElection(121)) - bce623f1-3c31-45ef-9861-869f671ae311: shutdown bce623f1-3c31-45ef-9861-869f671ae311@group-60CD51394F2C-LeaderElection4
2021-11-15 19:21:16,428 [bce623f1-3c31-45ef-9861-869f671ae311@group-60CD51394F2C-LeaderElection4] INFO  server.RaftServer$Division (RaftServerImpl.java:setRole(290)) - bce623f1-3c31-45ef-9861-869f671ae311@group-60CD51394F2C: changes role from CANDIDATE to LEADER at term 1 for changeToLeader
2021-11-15 19:21:16,428 [bce623f1-3c31-45ef-9861-869f671ae311@group-60CD51394F2C-LeaderElection4] INFO  ratis.XceiverServerRatis (XceiverServerRatis.java:handleLeaderChangedNotification(866)) - Leader change notification received for group: group-60CD51394F2C with new leaderId: bce623f1-3c31-45ef-9861-869f671ae311
2021-11-15 19:21:16,429 [bce623f1-3c31-45ef-9861-869f671ae311@group-60CD51394F2C-LeaderElection4] INFO  server.RaftServer$Division (ServerState.java:setLeader(285)) - bce623f1-3c31-45ef-9861-869f671ae311@group-60CD51394F2C: change Leader from null to bce623f1-3c31-45ef-9861-869f671ae311 at term 1 for becomeLeader, leader elected after 5179ms
2021-11-15 19:21:16,429 [bce623f1-3c31-45ef-9861-869f671ae311@group-60CD51394F2C-LeaderElection4] INFO  server.RaftServerConfigKeys (ConfUtils.java:logGet(44)) - raft.server.staging.catchup.gap = 1000 (default)
2021-11-15 19:21:16,430 [bce623f1-3c31-45ef-9861-869f671ae311@group-60CD51394F2C-LeaderElection4] INFO  server.RaftServerConfigKeys (ConfUtils.java:logGet(44)) - raft.server.write.element-limit = 1024 (custom)
2021-11-15 19:21:16,430 [bce623f1-3c31-45ef-9861-869f671ae311@group-60CD51394F2C-LeaderElection4] INFO  server.RaftServerConfigKeys (ConfUtils.java:logGet(44)) - raft.server.write.byte-limit = 1024 M (=1073741824) (custom)
2021-11-15 19:21:16,430 [bce623f1-3c31-45ef-9861-869f671ae311@group-60CD51394F2C-LeaderElection4] INFO  server.RaftServerConfigKeys (ConfUtils.java:logGet(44)) - raft.server.watch.timeout = 3000ms (custom)
2021-11-15 19:21:16,430 [bce623f1-3c31-45ef-9861-869f671ae311@group-60CD51394F2C-LeaderElection4] INFO  server.RaftServerConfigKeys (ConfUtils.java:logGet(44)) - raft.server.watch.timeout.denomination = 1s (default)
2021-11-15 19:21:16,430 [bce623f1-3c31-45ef-9861-869f671ae311@group-60CD51394F2C-LeaderElection4] INFO  server.RaftServerConfigKeys (ConfUtils.java:logGet(44)) - raft.server.watch.element-limit = 65536 (default)
2021-11-15 19:21:16,430 [bce623f1-3c31-45ef-9861-869f671ae311@group-60CD51394F2C-LeaderElection4] INFO  server.RaftServerConfigKeys (ConfUtils.java:logGet(44)) - raft.server.write.element-limit = 1024 (custom)
2021-11-15 19:21:16,430 [bce623f1-3c31-45ef-9861-869f671ae311@group-60CD51394F2C-LeaderElection4] INFO  server.RaftServerConfigKeys (ConfUtils.java:logGet(44)) - raft.server.write.follower.gap.ratio.max = -1.0 (default)
2021-11-15 19:21:16,431 [bce623f1-3c31-45ef-9861-869f671ae311@group-60CD51394F2C-LeaderElection4] INFO  impl.RoleInfo (RoleInfo.java:updateAndGet(130)) - bce623f1-3c31-45ef-9861-869f671ae311: start bce623f1-3c31-45ef-9861-869f671ae311@group-60CD51394F2C-LeaderStateImpl
2021-11-15 19:21:16,431 [bce623f1-3c31-45ef-9861-869f671ae311@group-60CD51394F2C-LeaderElection4] INFO  segmented.SegmentedRaftLogWorker (SegmentedRaftLogWorker.java:startLogSegment(394)) - bce623f1-3c31-45ef-9861-869f671ae311@group-60CD51394F2C-SegmentedRaftLogWorker: Starting segment from index:0
2021-11-15 19:21:16,431 [EventQueue-OpenPipelineForHealthyPipelineSafeModeRule] INFO  safemode.SCMSafeModeManager (HealthyPipelineSafeModeRule.java:process(124)) - SCM in safe mode. Healthy pipelines reported count is 0, required healthy pipeline reported count is 1
2021-11-15 19:21:16,433 [bce623f1-3c31-45ef-9861-869f671ae311@group-60CD51394F2C-SegmentedRaftLogWorker] INFO  segmented.SegmentedRaftLogWorker (SegmentedRaftLogWorker.java:execute(601)) - bce623f1-3c31-45ef-9861-869f671ae311@group-60CD51394F2C-SegmentedRaftLogWorker: created new log segment /home/runner/work/ozone/ozone/hadoop-ozone/integration-test/target/test-dir/MiniOzoneClusterImpl-edab3eb4-5721-4c35-be90-debfdbe0e37e/datanode-1/data/ratis/cb4ced81-55c2-466a-a183-60cd51394f2c/current/log_inprogress_0
2021-11-15 19:21:16,436 [bce623f1-3c31-45ef-9861-869f671ae311@group-60CD51394F2C-LeaderElection4] INFO  server.RaftServer$Division (ServerState.java:setRaftConf(387)) - bce623f1-3c31-45ef-9861-869f671ae311@group-60CD51394F2C: set configuration 0: [bce623f1-3c31-45ef-9861-869f671ae311|rpc:10.1.0.16:38881|dataStream:|priority:1], old=null
2021-11-15 19:21:16,545 [Listener at 127.0.0.1/38415] INFO  ozone.MiniOzoneClusterImpl (MiniOzoneClusterImpl.java:lambda$waitForClusterToBeReady$0(235)) - Nodes are ready. Got 7 of 7 DN Heartbeats.
2021-11-15 19:21:16,546 [Listener at 127.0.0.1/38415] INFO  ozone.MiniOzoneClusterImpl (MiniOzoneClusterImpl.java:lambda$waitForClusterToBeReady$0(238)) - Waiting for cluster to exit safe mode
2021-11-15 19:21:16,546 [Listener at 127.0.0.1/38415] INFO  ozone.MiniOzoneClusterImpl (MiniOzoneClusterImpl.java:lambda$waitForClusterToBeReady$0(240)) - SCM became leader
2021-11-15 19:21:16,809 [c038e53c-4808-40a4-bcac-87a6adf6dbd8@group-3123CD3C107D-FollowerState] INFO  impl.FollowerState (FollowerState.java:run(134)) - c038e53c-4808-40a4-bcac-87a6adf6dbd8@group-3123CD3C107D-FollowerState: change to CANDIDATE, lastRpcElapsedTime:5009090286ns, electionTimeout:5008ms
2021-11-15 19:21:16,809 [c038e53c-4808-40a4-bcac-87a6adf6dbd8@group-3123CD3C107D-FollowerState] INFO  impl.RoleInfo (RoleInfo.java:shutdownFollowerState(108)) - c038e53c-4808-40a4-bcac-87a6adf6dbd8: shutdown c038e53c-4808-40a4-bcac-87a6adf6dbd8@group-3123CD3C107D-FollowerState
2021-11-15 19:21:16,809 [c038e53c-4808-40a4-bcac-87a6adf6dbd8@group-3123CD3C107D-FollowerState] INFO  server.RaftServer$Division (RaftServerImpl.java:setRole(290)) - c038e53c-4808-40a4-bcac-87a6adf6dbd8@group-3123CD3C107D: changes role from  FOLLOWER to CANDIDATE at term 0 for changeToCandidate
2021-11-15 19:21:16,809 [c038e53c-4808-40a4-bcac-87a6adf6dbd8@group-3123CD3C107D-FollowerState] INFO  server.RaftServerConfigKeys (ConfUtils.java:logGet(44)) - raft.server.leaderelection.pre-vote = false (custom)
2021-11-15 19:21:16,809 [c038e53c-4808-40a4-bcac-87a6adf6dbd8@group-3123CD3C107D-FollowerState] INFO  impl.RoleInfo (RoleInfo.java:updateAndGet(130)) - c038e53c-4808-40a4-bcac-87a6adf6dbd8: start c038e53c-4808-40a4-bcac-87a6adf6dbd8@group-3123CD3C107D-LeaderElection5
2021-11-15 19:21:16,814 [c038e53c-4808-40a4-bcac-87a6adf6dbd8@group-3123CD3C107D-LeaderElection5] INFO  impl.LeaderElection (LeaderElection.java:askForVotes(306)) - c038e53c-4808-40a4-bcac-87a6adf6dbd8@group-3123CD3C107D-LeaderElection5 ELECTION round 0: submit vote requests at term 1 for -1: [c038e53c-4808-40a4-bcac-87a6adf6dbd8|rpc:10.1.0.16:46879|priority:0, 5f24cb3a-787a-4f69-a830-2d3d8b70745a|rpc:10.1.0.16:34579|priority:0, bce623f1-3c31-45ef-9861-869f671ae311|rpc:10.1.0.16:38881|priority:1], old=null
2021-11-15 19:21:16,820 [grpc-default-executor-1] INFO  server.RaftServer$Division (RaftServerImpl.java:requestVote(1046)) - bce623f1-3c31-45ef-9861-869f671ae311@group-3123CD3C107D: receive requestVote(ELECTION, c038e53c-4808-40a4-bcac-87a6adf6dbd8, group-3123CD3C107D, 1, (t:0, i:0))
2021-11-15 19:21:16,820 [grpc-default-executor-1] INFO  impl.VoteContext (VoteContext.java:log(48)) - bce623f1-3c31-45ef-9861-869f671ae311@group-3123CD3C107D-FOLLOWER: reject ELECTION from c038e53c-4808-40a4-bcac-87a6adf6dbd8: our priority 1 > candidate's priority 0
2021-11-15 19:21:16,820 [grpc-default-executor-1] INFO  server.RaftServer$Division (RaftServerImpl.java:setRole(290)) - bce623f1-3c31-45ef-9861-869f671ae311@group-3123CD3C107D: changes role from  FOLLOWER to FOLLOWER at term 1 for candidate:c038e53c-4808-40a4-bcac-87a6adf6dbd8
2021-11-15 19:21:16,820 [grpc-default-executor-1] INFO  impl.RoleInfo (RoleInfo.java:shutdownFollowerState(108)) - bce623f1-3c31-45ef-9861-869f671ae311: shutdown bce623f1-3c31-45ef-9861-869f671ae311@group-3123CD3C107D-FollowerState
2021-11-15 19:21:16,820 [grpc-default-executor-1] INFO  impl.RoleInfo (RoleInfo.java:updateAndGet(130)) - bce623f1-3c31-45ef-9861-869f671ae311: start bce623f1-3c31-45ef-9861-869f671ae311@group-3123CD3C107D-FollowerState
2021-11-15 19:21:16,820 [bce623f1-3c31-45ef-9861-869f671ae311@group-3123CD3C107D-FollowerState] INFO  impl.FollowerState (FollowerState.java:run(143)) - bce623f1-3c31-45ef-9861-869f671ae311@group-3123CD3C107D-FollowerState was interrupted: {}
java.lang.InterruptedException: sleep interrupted
	at java.lang.Thread.sleep(Native Method)
	at java.lang.Thread.sleep(Thread.java:340)
	at java.util.concurrent.TimeUnit.sleep(TimeUnit.java:386)
	at org.apache.ratis.util.TimeDuration.sleep(TimeDuration.java:324)
	at org.apache.ratis.util.TimeDuration.sleep(TimeDuration.java:309)
	at org.apache.ratis.server.impl.FollowerState.run(FollowerState.java:118)
2021-11-15 19:21:16,822 [grpc-default-executor-0] INFO  server.RaftServer$Division (RaftServerImpl.java:requestVote(1046)) - 5f24cb3a-787a-4f69-a830-2d3d8b70745a@group-3123CD3C107D: receive requestVote(ELECTION, c038e53c-4808-40a4-bcac-87a6adf6dbd8, group-3123CD3C107D, 1, (t:0, i:0))
2021-11-15 19:21:16,823 [grpc-default-executor-0] INFO  impl.VoteContext (VoteContext.java:log(48)) - 5f24cb3a-787a-4f69-a830-2d3d8b70745a@group-3123CD3C107D-FOLLOWER: accept ELECTION from c038e53c-4808-40a4-bcac-87a6adf6dbd8: our priority 0 <= candidate's priority 0
2021-11-15 19:21:16,823 [grpc-default-executor-0] INFO  server.RaftServer$Division (RaftServerImpl.java:setRole(290)) - 5f24cb3a-787a-4f69-a830-2d3d8b70745a@group-3123CD3C107D: changes role from  FOLLOWER to FOLLOWER at term 1 for candidate:c038e53c-4808-40a4-bcac-87a6adf6dbd8
2021-11-15 19:21:16,823 [grpc-default-executor-0] INFO  impl.RoleInfo (RoleInfo.java:shutdownFollowerState(108)) - 5f24cb3a-787a-4f69-a830-2d3d8b70745a: shutdown 5f24cb3a-787a-4f69-a830-2d3d8b70745a@group-3123CD3C107D-FollowerState
2021-11-15 19:21:16,823 [grpc-default-executor-0] INFO  impl.RoleInfo (RoleInfo.java:updateAndGet(130)) - 5f24cb3a-787a-4f69-a830-2d3d8b70745a: start 5f24cb3a-787a-4f69-a830-2d3d8b70745a@group-3123CD3C107D-FollowerState
2021-11-15 19:21:16,823 [5f24cb3a-787a-4f69-a830-2d3d8b70745a@group-3123CD3C107D-FollowerState] INFO  impl.FollowerState (FollowerState.java:run(143)) - 5f24cb3a-787a-4f69-a830-2d3d8b70745a@group-3123CD3C107D-FollowerState was interrupted: {}
java.lang.InterruptedException: sleep interrupted
	at java.lang.Thread.sleep(Native Method)
	at java.lang.Thread.sleep(Thread.java:340)
	at java.util.concurrent.TimeUnit.sleep(TimeUnit.java:386)
	at org.apache.ratis.util.TimeDuration.sleep(TimeDuration.java:324)
	at org.apache.ratis.util.TimeDuration.sleep(TimeDuration.java:309)
	at org.apache.ratis.server.impl.FollowerState.run(FollowerState.java:118)
2021-11-15 19:21:16,828 [grpc-default-executor-0] INFO  server.RaftServer$Division (RaftServerImpl.java:requestVote(1078)) - 5f24cb3a-787a-4f69-a830-2d3d8b70745a@group-3123CD3C107D replies to ELECTION vote request: c038e53c-4808-40a4-bcac-87a6adf6dbd8<-5f24cb3a-787a-4f69-a830-2d3d8b70745a#0:OK-t1. Peer's state: 5f24cb3a-787a-4f69-a830-2d3d8b70745a@group-3123CD3C107D:t1, leader=null, voted=c038e53c-4808-40a4-bcac-87a6adf6dbd8, raftlog=5f24cb3a-787a-4f69-a830-2d3d8b70745a@group-3123CD3C107D-SegmentedRaftLog:OPENED:c-1, conf=-1: [c038e53c-4808-40a4-bcac-87a6adf6dbd8|rpc:10.1.0.16:46879|dataStream:|priority:0, 5f24cb3a-787a-4f69-a830-2d3d8b70745a|rpc:10.1.0.16:34579|dataStream:|priority:0, bce623f1-3c31-45ef-9861-869f671ae311|rpc:10.1.0.16:38881|dataStream:|priority:1], old=null
2021-11-15 19:21:16,830 [grpc-default-executor-1] INFO  server.RaftServer$Division (RaftServerImpl.java:requestVote(1078)) - bce623f1-3c31-45ef-9861-869f671ae311@group-3123CD3C107D replies to ELECTION vote request: c038e53c-4808-40a4-bcac-87a6adf6dbd8<-bce623f1-3c31-45ef-9861-869f671ae311#0:FAIL-t1. Peer's state: bce623f1-3c31-45ef-9861-869f671ae311@group-3123CD3C107D:t1, leader=null, voted=null, raftlog=bce623f1-3c31-45ef-9861-869f671ae311@group-3123CD3C107D-SegmentedRaftLog:OPENED:c-1, conf=-1: [c038e53c-4808-40a4-bcac-87a6adf6dbd8|rpc:10.1.0.16:46879|priority:0, 5f24cb3a-787a-4f69-a830-2d3d8b70745a|rpc:10.1.0.16:34579|priority:0, bce623f1-3c31-45ef-9861-869f671ae311|rpc:10.1.0.16:38881|priority:1], old=null
2021-11-15 19:21:16,831 [c038e53c-4808-40a4-bcac-87a6adf6dbd8@group-3123CD3C107D-LeaderElection5] INFO  impl.LeaderElection (LeaderElection.java:logAndReturn(89)) - c038e53c-4808-40a4-bcac-87a6adf6dbd8@group-3123CD3C107D-LeaderElection5: ELECTION REJECTED received 2 response(s) and 0 exception(s):
2021-11-15 19:21:16,832 [c038e53c-4808-40a4-bcac-87a6adf6dbd8@group-3123CD3C107D-LeaderElection5] INFO  impl.LeaderElection (LeaderElection.java:logAndReturn(93)) -   Response 0: c038e53c-4808-40a4-bcac-87a6adf6dbd8<-5f24cb3a-787a-4f69-a830-2d3d8b70745a#0:OK-t1
2021-11-15 19:21:16,832 [c038e53c-4808-40a4-bcac-87a6adf6dbd8@group-3123CD3C107D-LeaderElection5] INFO  impl.LeaderElection (LeaderElection.java:logAndReturn(93)) -   Response 1: c038e53c-4808-40a4-bcac-87a6adf6dbd8<-bce623f1-3c31-45ef-9861-869f671ae311#0:FAIL-t1
2021-11-15 19:21:16,832 [c038e53c-4808-40a4-bcac-87a6adf6dbd8@group-3123CD3C107D-LeaderElection5] INFO  impl.LeaderElection (LeaderElection.java:askForVotes(308)) - c038e53c-4808-40a4-bcac-87a6adf6dbd8@group-3123CD3C107D-LeaderElection5 ELECTION round 0: result REJECTED
2021-11-15 19:21:16,832 [c038e53c-4808-40a4-bcac-87a6adf6dbd8@group-3123CD3C107D-LeaderElection5] INFO  server.RaftServer$Division (RaftServerImpl.java:setRole(290)) - c038e53c-4808-40a4-bcac-87a6adf6dbd8@group-3123CD3C107D: changes role from CANDIDATE to FOLLOWER at term 1 for REJECTED
2021-11-15 19:21:16,834 [c038e53c-4808-40a4-bcac-87a6adf6dbd8@group-3123CD3C107D-LeaderElection5] INFO  impl.RoleInfo (RoleInfo.java:shutdownLeaderElection(121)) - c038e53c-4808-40a4-bcac-87a6adf6dbd8: shutdown c038e53c-4808-40a4-bcac-87a6adf6dbd8@group-3123CD3C107D-LeaderElection5
2021-11-15 19:21:16,834 [c038e53c-4808-40a4-bcac-87a6adf6dbd8@group-3123CD3C107D-LeaderElection5] INFO  impl.RoleInfo (RoleInfo.java:updateAndGet(130)) - c038e53c-4808-40a4-bcac-87a6adf6dbd8: start c038e53c-4808-40a4-bcac-87a6adf6dbd8@group-3123CD3C107D-FollowerState
2021-11-15 19:21:16,851 [5f24cb3a-787a-4f69-a830-2d3d8b70745a@group-E9B8733C2D53-FollowerState] INFO  impl.FollowerState (FollowerState.java:run(134)) - 5f24cb3a-787a-4f69-a830-2d3d8b70745a@group-E9B8733C2D53-FollowerState: change to CANDIDATE, lastRpcElapsedTime:5073057159ns, electionTimeout:5067ms
2021-11-15 19:21:16,852 [5f24cb3a-787a-4f69-a830-2d3d8b70745a@group-E9B8733C2D53-FollowerState] INFO  impl.RoleInfo (RoleInfo.java:shutdownFollowerState(108)) - 5f24cb3a-787a-4f69-a830-2d3d8b70745a: shutdown 5f24cb3a-787a-4f69-a830-2d3d8b70745a@group-E9B8733C2D53-FollowerState
2021-11-15 19:21:16,852 [5f24cb3a-787a-4f69-a830-2d3d8b70745a@group-E9B8733C2D53-FollowerState] INFO  server.RaftServer$Division (RaftServerImpl.java:setRole(290)) - 5f24cb3a-787a-4f69-a830-2d3d8b70745a@group-E9B8733C2D53: changes role from  FOLLOWER to CANDIDATE at term 0 for changeToCandidate
2021-11-15 19:21:16,852 [5f24cb3a-787a-4f69-a830-2d3d8b70745a@group-E9B8733C2D53-FollowerState] INFO  server.RaftServerConfigKeys (ConfUtils.java:logGet(44)) - raft.server.leaderelection.pre-vote = false (custom)
2021-11-15 19:21:16,852 [5f24cb3a-787a-4f69-a830-2d3d8b70745a@group-E9B8733C2D53-FollowerState] INFO  impl.RoleInfo (RoleInfo.java:updateAndGet(130)) - 5f24cb3a-787a-4f69-a830-2d3d8b70745a: start 5f24cb3a-787a-4f69-a830-2d3d8b70745a@group-E9B8733C2D53-LeaderElection6
2021-11-15 19:21:16,856 [5f24cb3a-787a-4f69-a830-2d3d8b70745a@group-E9B8733C2D53-LeaderElection6] INFO  impl.LeaderElection (LeaderElection.java:askForVotes(306)) - 5f24cb3a-787a-4f69-a830-2d3d8b70745a@group-E9B8733C2D53-LeaderElection6 ELECTION round 0: submit vote requests at term 1 for -1: [5f24cb3a-787a-4f69-a830-2d3d8b70745a|rpc:10.1.0.16:34579|priority:1], old=null
2021-11-15 19:21:16,856 [5f24cb3a-787a-4f69-a830-2d3d8b70745a@group-E9B8733C2D53-LeaderElection6] INFO  impl.LeaderElection (LeaderElection.java:askForVotes(308)) - 5f24cb3a-787a-4f69-a830-2d3d8b70745a@group-E9B8733C2D53-LeaderElection6 ELECTION round 0: result PASSED (term=1)
2021-11-15 19:21:16,856 [5f24cb3a-787a-4f69-a830-2d3d8b70745a@group-E9B8733C2D53-LeaderElection6] INFO  impl.RoleInfo (RoleInfo.java:shutdownLeaderElection(121)) - 5f24cb3a-787a-4f69-a830-2d3d8b70745a: shutdown 5f24cb3a-787a-4f69-a830-2d3d8b70745a@group-E9B8733C2D53-LeaderElection6
2021-11-15 19:21:16,856 [5f24cb3a-787a-4f69-a830-2d3d8b70745a@group-E9B8733C2D53-LeaderElection6] INFO  server.RaftServer$Division (RaftServerImpl.java:setRole(290)) - 5f24cb3a-787a-4f69-a830-2d3d8b70745a@group-E9B8733C2D53: changes role from CANDIDATE to LEADER at term 1 for changeToLeader
2021-11-15 19:21:16,856 [5f24cb3a-787a-4f69-a830-2d3d8b70745a@group-E9B8733C2D53-LeaderElection6] INFO  ratis.XceiverServerRatis (XceiverServerRatis.java:handleLeaderChangedNotification(866)) - Leader change notification received for group: group-E9B8733C2D53 with new leaderId: 5f24cb3a-787a-4f69-a830-2d3d8b70745a
2021-11-15 19:21:16,856 [5f24cb3a-787a-4f69-a830-2d3d8b70745a@group-E9B8733C2D53-LeaderElection6] INFO  server.RaftServer$Division (ServerState.java:setLeader(285)) - 5f24cb3a-787a-4f69-a830-2d3d8b70745a@group-E9B8733C2D53: change Leader from null to 5f24cb3a-787a-4f69-a830-2d3d8b70745a at term 1 for becomeLeader, leader elected after 5113ms
2021-11-15 19:21:16,856 [5f24cb3a-787a-4f69-a830-2d3d8b70745a@group-E9B8733C2D53-LeaderElection6] INFO  server.RaftServerConfigKeys (ConfUtils.java:logGet(44)) - raft.server.staging.catchup.gap = 1000 (default)
2021-11-15 19:21:16,857 [5f24cb3a-787a-4f69-a830-2d3d8b70745a@group-E9B8733C2D53-LeaderElection6] INFO  server.RaftServerConfigKeys (ConfUtils.java:logGet(44)) - raft.server.write.element-limit = 1024 (custom)
2021-11-15 19:21:16,857 [5f24cb3a-787a-4f69-a830-2d3d8b70745a@group-E9B8733C2D53-LeaderElection6] INFO  server.RaftServerConfigKeys (ConfUtils.java:logGet(44)) - raft.server.write.byte-limit = 1024 M (=1073741824) (custom)
2021-11-15 19:21:16,857 [5f24cb3a-787a-4f69-a830-2d3d8b70745a@group-E9B8733C2D53-LeaderElection6] INFO  server.RaftServerConfigKeys (ConfUtils.java:logGet(44)) - raft.server.watch.timeout = 3000ms (custom)
2021-11-15 19:21:16,857 [5f24cb3a-787a-4f69-a830-2d3d8b70745a@group-E9B8733C2D53-LeaderElection6] INFO  server.RaftServerConfigKeys (ConfUtils.java:logGet(44)) - raft.server.watch.timeout.denomination = 1s (default)
2021-11-15 19:21:16,857 [5f24cb3a-787a-4f69-a830-2d3d8b70745a@group-E9B8733C2D53-LeaderElection6] INFO  server.RaftServerConfigKeys (ConfUtils.java:logGet(44)) - raft.server.watch.element-limit = 65536 (default)
2021-11-15 19:21:16,857 [5f24cb3a-787a-4f69-a830-2d3d8b70745a@group-E9B8733C2D53-LeaderElection6] INFO  server.RaftServerConfigKeys (ConfUtils.java:logGet(44)) - raft.server.write.element-limit = 1024 (custom)
2021-11-15 19:21:16,858 [5f24cb3a-787a-4f69-a830-2d3d8b70745a@group-E9B8733C2D53-LeaderElection6] INFO  server.RaftServerConfigKeys (ConfUtils.java:logGet(44)) - raft.server.write.follower.gap.ratio.max = -1.0 (default)
2021-11-15 19:21:16,858 [5f24cb3a-787a-4f69-a830-2d3d8b70745a@group-E9B8733C2D53-LeaderElection6] INFO  impl.RoleInfo (RoleInfo.java:updateAndGet(130)) - 5f24cb3a-787a-4f69-a830-2d3d8b70745a: start 5f24cb3a-787a-4f69-a830-2d3d8b70745a@group-E9B8733C2D53-LeaderStateImpl
2021-11-15 19:21:16,858 [5f24cb3a-787a-4f69-a830-2d3d8b70745a@group-E9B8733C2D53-LeaderElection6] INFO  segmented.SegmentedRaftLogWorker (SegmentedRaftLogWorker.java:startLogSegment(394)) - 5f24cb3a-787a-4f69-a830-2d3d8b70745a@group-E9B8733C2D53-SegmentedRaftLogWorker: Starting segment from index:0
2021-11-15 19:21:16,859 [5f24cb3a-787a-4f69-a830-2d3d8b70745a@group-E9B8733C2D53-SegmentedRaftLogWorker] INFO  segmented.SegmentedRaftLogWorker (SegmentedRaftLogWorker.java:execute(601)) - 5f24cb3a-787a-4f69-a830-2d3d8b70745a@group-E9B8733C2D53-SegmentedRaftLogWorker: created new log segment /home/runner/work/ozone/ozone/hadoop-ozone/integration-test/target/test-dir/MiniOzoneClusterImpl-edab3eb4-5721-4c35-be90-debfdbe0e37e/datanode-2/data/ratis/afdadf34-f482-47b6-b37b-e9b8733c2d53/current/log_inprogress_0
2021-11-15 19:21:16,861 [EventQueue-OpenPipelineForHealthyPipelineSafeModeRule] INFO  safemode.SCMSafeModeManager (HealthyPipelineSafeModeRule.java:process(124)) - SCM in safe mode. Healthy pipelines reported count is 0, required healthy pipeline reported count is 1
2021-11-15 19:21:16,864 [5f24cb3a-787a-4f69-a830-2d3d8b70745a@group-E9B8733C2D53-LeaderElection6] INFO  server.RaftServer$Division (ServerState.java:setRaftConf(387)) - 5f24cb3a-787a-4f69-a830-2d3d8b70745a@group-E9B8733C2D53: set configuration 0: [5f24cb3a-787a-4f69-a830-2d3d8b70745a|rpc:10.1.0.16:34579|dataStream:|priority:1], old=null
2021-11-15 19:21:17,000 [1d1c653c-c24c-4f9f-93f8-363bcaedc7a6@group-82C3BFF6EC3D-FollowerState] INFO  impl.FollowerState (FollowerState.java:run(134)) - 1d1c653c-c24c-4f9f-93f8-363bcaedc7a6@group-82C3BFF6EC3D-FollowerState: change to CANDIDATE, lastRpcElapsedTime:5031887724ns, electionTimeout:5031ms
2021-11-15 19:21:17,001 [1d1c653c-c24c-4f9f-93f8-363bcaedc7a6@group-82C3BFF6EC3D-FollowerState] INFO  impl.RoleInfo (RoleInfo.java:shutdownFollowerState(108)) - 1d1c653c-c24c-4f9f-93f8-363bcaedc7a6: shutdown 1d1c653c-c24c-4f9f-93f8-363bcaedc7a6@group-82C3BFF6EC3D-FollowerState
2021-11-15 19:21:17,001 [1d1c653c-c24c-4f9f-93f8-363bcaedc7a6@group-82C3BFF6EC3D-FollowerState] INFO  server.RaftServer$Division (RaftServerImpl.java:setRole(290)) - 1d1c653c-c24c-4f9f-93f8-363bcaedc7a6@group-82C3BFF6EC3D: changes role from  FOLLOWER to CANDIDATE at term 0 for changeToCandidate
2021-11-15 19:21:17,002 [1d1c653c-c24c-4f9f-93f8-363bcaedc7a6@group-82C3BFF6EC3D-FollowerState] INFO  server.RaftServerConfigKeys (ConfUtils.java:logGet(44)) - raft.server.leaderelection.pre-vote = false (custom)
2021-11-15 19:21:17,002 [1d1c653c-c24c-4f9f-93f8-363bcaedc7a6@group-82C3BFF6EC3D-FollowerState] INFO  impl.RoleInfo (RoleInfo.java:updateAndGet(130)) - 1d1c653c-c24c-4f9f-93f8-363bcaedc7a6: start 1d1c653c-c24c-4f9f-93f8-363bcaedc7a6@group-82C3BFF6EC3D-LeaderElection7
2021-11-15 19:21:17,004 [1d1c653c-c24c-4f9f-93f8-363bcaedc7a6@group-82C3BFF6EC3D-LeaderElection7] INFO  impl.LeaderElection (LeaderElection.java:askForVotes(306)) - 1d1c653c-c24c-4f9f-93f8-363bcaedc7a6@group-82C3BFF6EC3D-LeaderElection7 ELECTION round 0: submit vote requests at term 1 for -1: [1d1c653c-c24c-4f9f-93f8-363bcaedc7a6|rpc:10.1.0.16:44043|priority:1], old=null
2021-11-15 19:21:17,004 [1d1c653c-c24c-4f9f-93f8-363bcaedc7a6@group-82C3BFF6EC3D-LeaderElection7] INFO  impl.LeaderElection (LeaderElection.java:askForVotes(308)) - 1d1c653c-c24c-4f9f-93f8-363bcaedc7a6@group-82C3BFF6EC3D-LeaderElection7 ELECTION round 0: result PASSED (term=1)
2021-11-15 19:21:17,005 [1d1c653c-c24c-4f9f-93f8-363bcaedc7a6@group-82C3BFF6EC3D-LeaderElection7] INFO  impl.RoleInfo (RoleInfo.java:shutdownLeaderElection(121)) - 1d1c653c-c24c-4f9f-93f8-363bcaedc7a6: shutdown 1d1c653c-c24c-4f9f-93f8-363bcaedc7a6@group-82C3BFF6EC3D-LeaderElection7
2021-11-15 19:21:17,005 [1d1c653c-c24c-4f9f-93f8-363bcaedc7a6@group-82C3BFF6EC3D-LeaderElection7] INFO  server.RaftServer$Division (RaftServerImpl.java:setRole(290)) - 1d1c653c-c24c-4f9f-93f8-363bcaedc7a6@group-82C3BFF6EC3D: changes role from CANDIDATE to LEADER at term 1 for changeToLeader
2021-11-15 19:21:17,005 [1d1c653c-c24c-4f9f-93f8-363bcaedc7a6@group-82C3BFF6EC3D-LeaderElection7] INFO  ratis.XceiverServerRatis (XceiverServerRatis.java:handleLeaderChangedNotification(866)) - Leader change notification received for group: group-82C3BFF6EC3D with new leaderId: 1d1c653c-c24c-4f9f-93f8-363bcaedc7a6
2021-11-15 19:21:17,005 [1d1c653c-c24c-4f9f-93f8-363bcaedc7a6@group-82C3BFF6EC3D-LeaderElection7] INFO  server.RaftServer$Division (ServerState.java:setLeader(285)) - 1d1c653c-c24c-4f9f-93f8-363bcaedc7a6@group-82C3BFF6EC3D: change Leader from null to 1d1c653c-c24c-4f9f-93f8-363bcaedc7a6 at term 1 for becomeLeader, leader elected after 5047ms
2021-11-15 19:21:17,005 [1d1c653c-c24c-4f9f-93f8-363bcaedc7a6@group-82C3BFF6EC3D-LeaderElection7] INFO  server.RaftServerConfigKeys (ConfUtils.java:logGet(44)) - raft.server.staging.catchup.gap = 1000 (default)
2021-11-15 19:21:17,006 [EventQueue-OpenPipelineForHealthyPipelineSafeModeRule] INFO  safemode.SCMSafeModeManager (HealthyPipelineSafeModeRule.java:process(124)) - SCM in safe mode. Healthy pipelines reported count is 0, required healthy pipeline reported count is 1
2021-11-15 19:21:17,006 [1d1c653c-c24c-4f9f-93f8-363bcaedc7a6@group-82C3BFF6EC3D-LeaderElection7] INFO  server.RaftServerConfigKeys (ConfUtils.java:logGet(44)) - raft.server.write.element-limit = 1024 (custom)
2021-11-15 19:21:17,006 [1d1c653c-c24c-4f9f-93f8-363bcaedc7a6@group-82C3BFF6EC3D-LeaderElection7] INFO  server.RaftServerConfigKeys (ConfUtils.java:logGet(44)) - raft.server.write.byte-limit = 1024 M (=1073741824) (custom)
2021-11-15 19:21:17,007 [1d1c653c-c24c-4f9f-93f8-363bcaedc7a6@group-82C3BFF6EC3D-LeaderElection7] INFO  server.RaftServerConfigKeys (ConfUtils.java:logGet(44)) - raft.server.watch.timeout = 3000ms (custom)
2021-11-15 19:21:17,007 [1d1c653c-c24c-4f9f-93f8-363bcaedc7a6@group-82C3BFF6EC3D-LeaderElection7] INFO  server.RaftServerConfigKeys (ConfUtils.java:logGet(44)) - raft.server.watch.timeout.denomination = 1s (default)
2021-11-15 19:21:17,007 [1d1c653c-c24c-4f9f-93f8-363bcaedc7a6@group-82C3BFF6EC3D-LeaderElection7] INFO  server.RaftServerConfigKeys (ConfUtils.java:logGet(44)) - raft.server.watch.element-limit = 65536 (default)
2021-11-15 19:21:17,008 [1d1c653c-c24c-4f9f-93f8-363bcaedc7a6@group-82C3BFF6EC3D-LeaderElection7] INFO  server.RaftServerConfigKeys (ConfUtils.java:logGet(44)) - raft.server.write.element-limit = 1024 (custom)
2021-11-15 19:21:17,008 [1d1c653c-c24c-4f9f-93f8-363bcaedc7a6@group-82C3BFF6EC3D-LeaderElection7] INFO  server.RaftServerConfigKeys (ConfUtils.java:logGet(44)) - raft.server.write.follower.gap.ratio.max = -1.0 (default)
2021-11-15 19:21:17,008 [1d1c653c-c24c-4f9f-93f8-363bcaedc7a6@group-82C3BFF6EC3D-LeaderElection7] INFO  impl.RoleInfo (RoleInfo.java:updateAndGet(130)) - 1d1c653c-c24c-4f9f-93f8-363bcaedc7a6: start 1d1c653c-c24c-4f9f-93f8-363bcaedc7a6@group-82C3BFF6EC3D-LeaderStateImpl
2021-11-15 19:21:17,008 [1d1c653c-c24c-4f9f-93f8-363bcaedc7a6@group-82C3BFF6EC3D-LeaderElection7] INFO  segmented.SegmentedRaftLogWorker (SegmentedRaftLogWorker.java:startLogSegment(394)) - 1d1c653c-c24c-4f9f-93f8-363bcaedc7a6@group-82C3BFF6EC3D-SegmentedRaftLogWorker: Starting segment from index:0
2021-11-15 19:21:17,011 [1d1c653c-c24c-4f9f-93f8-363bcaedc7a6@group-82C3BFF6EC3D-SegmentedRaftLogWorker] INFO  segmented.SegmentedRaftLogWorker (SegmentedRaftLogWorker.java:execute(601)) - 1d1c653c-c24c-4f9f-93f8-363bcaedc7a6@group-82C3BFF6EC3D-SegmentedRaftLogWorker: created new log segment /home/runner/work/ozone/ozone/hadoop-ozone/integration-test/target/test-dir/MiniOzoneClusterImpl-edab3eb4-5721-4c35-be90-debfdbe0e37e/datanode-3/data/ratis/6d4605b9-3d7e-4b83-bb0d-82c3bff6ec3d/current/log_inprogress_0
2021-11-15 19:21:17,013 [1d1c653c-c24c-4f9f-93f8-363bcaedc7a6@group-82C3BFF6EC3D-LeaderElection7] INFO  server.RaftServer$Division (ServerState.java:setRaftConf(387)) - 1d1c653c-c24c-4f9f-93f8-363bcaedc7a6@group-82C3BFF6EC3D: set configuration 0: [1d1c653c-c24c-4f9f-93f8-363bcaedc7a6|rpc:10.1.0.16:44043|dataStream:|priority:1], old=null
2021-11-15 19:21:17,043 [1d1c653c-c24c-4f9f-93f8-363bcaedc7a6@group-7123D4B11FD3-FollowerState] INFO  impl.FollowerState (FollowerState.java:run(134)) - 1d1c653c-c24c-4f9f-93f8-363bcaedc7a6@group-7123D4B11FD3-FollowerState: change to CANDIDATE, lastRpcElapsedTime:5055142636ns, electionTimeout:5054ms
2021-11-15 19:21:17,043 [1d1c653c-c24c-4f9f-93f8-363bcaedc7a6@group-7123D4B11FD3-FollowerState] INFO  impl.RoleInfo (RoleInfo.java:shutdownFollowerState(108)) - 1d1c653c-c24c-4f9f-93f8-363bcaedc7a6: shutdown 1d1c653c-c24c-4f9f-93f8-363bcaedc7a6@group-7123D4B11FD3-FollowerState
2021-11-15 19:21:17,044 [1d1c653c-c24c-4f9f-93f8-363bcaedc7a6@group-7123D4B11FD3-FollowerState] INFO  server.RaftServer$Division (RaftServerImpl.java:setRole(290)) - 1d1c653c-c24c-4f9f-93f8-363bcaedc7a6@group-7123D4B11FD3: changes role from  FOLLOWER to CANDIDATE at term 0 for changeToCandidate
2021-11-15 19:21:17,044 [1d1c653c-c24c-4f9f-93f8-363bcaedc7a6@group-7123D4B11FD3-FollowerState] INFO  server.RaftServerConfigKeys (ConfUtils.java:logGet(44)) - raft.server.leaderelection.pre-vote = false (custom)
2021-11-15 19:21:17,044 [1d1c653c-c24c-4f9f-93f8-363bcaedc7a6@group-7123D4B11FD3-FollowerState] INFO  impl.RoleInfo (RoleInfo.java:updateAndGet(130)) - 1d1c653c-c24c-4f9f-93f8-363bcaedc7a6: start 1d1c653c-c24c-4f9f-93f8-363bcaedc7a6@group-7123D4B11FD3-LeaderElection8
2021-11-15 19:21:17,055 [1d1c653c-c24c-4f9f-93f8-363bcaedc7a6@group-7123D4B11FD3-LeaderElection8] INFO  impl.LeaderElection (LeaderElection.java:askForVotes(306)) - 1d1c653c-c24c-4f9f-93f8-363bcaedc7a6@group-7123D4B11FD3-LeaderElection8 ELECTION round 0: submit vote requests at term 1 for -1: [72af5abb-0a78-4b64-9517-3021125997b8|rpc:10.1.0.16:45855|priority:0, 1d1c653c-c24c-4f9f-93f8-363bcaedc7a6|rpc:10.1.0.16:44043|priority:1, d87a46af-94f7-42aa-b022-652610ab08cb|rpc:10.1.0.16:36541|priority:0], old=null
2021-11-15 19:21:17,064 [grpc-default-executor-0] INFO  server.RaftServer$Division (RaftServerImpl.java:requestVote(1046)) - 72af5abb-0a78-4b64-9517-3021125997b8@group-7123D4B11FD3: receive requestVote(ELECTION, 1d1c653c-c24c-4f9f-93f8-363bcaedc7a6, group-7123D4B11FD3, 1, (t:0, i:0))
2021-11-15 19:21:17,064 [grpc-default-executor-0] INFO  impl.VoteContext (VoteContext.java:log(48)) - 72af5abb-0a78-4b64-9517-3021125997b8@group-7123D4B11FD3-FOLLOWER: accept ELECTION from 1d1c653c-c24c-4f9f-93f8-363bcaedc7a6: our priority 0 <= candidate's priority 1
2021-11-15 19:21:17,064 [grpc-default-executor-0] INFO  server.RaftServer$Division (RaftServerImpl.java:setRole(290)) - 72af5abb-0a78-4b64-9517-3021125997b8@group-7123D4B11FD3: changes role from  FOLLOWER to FOLLOWER at term 1 for candidate:1d1c653c-c24c-4f9f-93f8-363bcaedc7a6
2021-11-15 19:21:17,064 [grpc-default-executor-0] INFO  impl.RoleInfo (RoleInfo.java:shutdownFollowerState(108)) - 72af5abb-0a78-4b64-9517-3021125997b8: shutdown 72af5abb-0a78-4b64-9517-3021125997b8@group-7123D4B11FD3-FollowerState
2021-11-15 19:21:17,064 [grpc-default-executor-0] INFO  impl.RoleInfo (RoleInfo.java:updateAndGet(130)) - 72af5abb-0a78-4b64-9517-3021125997b8: start 72af5abb-0a78-4b64-9517-3021125997b8@group-7123D4B11FD3-FollowerState
2021-11-15 19:21:17,064 [72af5abb-0a78-4b64-9517-3021125997b8@group-7123D4B11FD3-FollowerState] INFO  impl.FollowerState (FollowerState.java:run(143)) - 72af5abb-0a78-4b64-9517-3021125997b8@group-7123D4B11FD3-FollowerState was interrupted: {}
java.lang.InterruptedException: sleep interrupted
	at java.lang.Thread.sleep(Native Method)
	at java.lang.Thread.sleep(Thread.java:340)
	at java.util.concurrent.TimeUnit.sleep(TimeUnit.java:386)
	at org.apache.ratis.util.TimeDuration.sleep(TimeDuration.java:324)
	at org.apache.ratis.util.TimeDuration.sleep(TimeDuration.java:309)
	at org.apache.ratis.server.impl.FollowerState.run(FollowerState.java:118)
2021-11-15 19:21:17,075 [grpc-default-executor-0] INFO  server.RaftServer$Division (RaftServerImpl.java:requestVote(1078)) - 72af5abb-0a78-4b64-9517-3021125997b8@group-7123D4B11FD3 replies to ELECTION vote request: 1d1c653c-c24c-4f9f-93f8-363bcaedc7a6<-72af5abb-0a78-4b64-9517-3021125997b8#0:OK-t1. Peer's state: 72af5abb-0a78-4b64-9517-3021125997b8@group-7123D4B11FD3:t1, leader=null, voted=1d1c653c-c24c-4f9f-93f8-363bcaedc7a6, raftlog=72af5abb-0a78-4b64-9517-3021125997b8@group-7123D4B11FD3-SegmentedRaftLog:OPENED:c-1, conf=-1: [72af5abb-0a78-4b64-9517-3021125997b8|rpc:10.1.0.16:45855|dataStream:|priority:0, 1d1c653c-c24c-4f9f-93f8-363bcaedc7a6|rpc:10.1.0.16:44043|dataStream:|priority:1, d87a46af-94f7-42aa-b022-652610ab08cb|rpc:10.1.0.16:36541|dataStream:|priority:0], old=null
2021-11-15 19:21:17,078 [grpc-default-executor-1] INFO  server.RaftServer$Division (RaftServerImpl.java:requestVote(1046)) - d87a46af-94f7-42aa-b022-652610ab08cb@group-7123D4B11FD3: receive requestVote(ELECTION, 1d1c653c-c24c-4f9f-93f8-363bcaedc7a6, group-7123D4B11FD3, 1, (t:0, i:0))
2021-11-15 19:21:17,079 [grpc-default-executor-1] INFO  impl.VoteContext (VoteContext.java:log(48)) - d87a46af-94f7-42aa-b022-652610ab08cb@group-7123D4B11FD3-FOLLOWER: accept ELECTION from 1d1c653c-c24c-4f9f-93f8-363bcaedc7a6: our priority 0 <= candidate's priority 1
2021-11-15 19:21:17,079 [grpc-default-executor-1] INFO  server.RaftServer$Division (RaftServerImpl.java:setRole(290)) - d87a46af-94f7-42aa-b022-652610ab08cb@group-7123D4B11FD3: changes role from  FOLLOWER to FOLLOWER at term 1 for candidate:1d1c653c-c24c-4f9f-93f8-363bcaedc7a6
2021-11-15 19:21:17,079 [grpc-default-executor-1] INFO  impl.RoleInfo (RoleInfo.java:shutdownFollowerState(108)) - d87a46af-94f7-42aa-b022-652610ab08cb: shutdown d87a46af-94f7-42aa-b022-652610ab08cb@group-7123D4B11FD3-FollowerState
2021-11-15 19:21:17,079 [grpc-default-executor-1] INFO  impl.RoleInfo (RoleInfo.java:updateAndGet(130)) - d87a46af-94f7-42aa-b022-652610ab08cb: start d87a46af-94f7-42aa-b022-652610ab08cb@group-7123D4B11FD3-FollowerState
2021-11-15 19:21:17,079 [d87a46af-94f7-42aa-b022-652610ab08cb@group-7123D4B11FD3-FollowerState] INFO  impl.FollowerState (FollowerState.java:run(143)) - d87a46af-94f7-42aa-b022-652610ab08cb@group-7123D4B11FD3-FollowerState was interrupted: {}
java.lang.InterruptedException: sleep interrupted
	at java.lang.Thread.sleep(Native Method)
	at java.lang.Thread.sleep(Thread.java:340)
	at java.util.concurrent.TimeUnit.sleep(TimeUnit.java:386)
	at org.apache.ratis.util.TimeDuration.sleep(TimeDuration.java:324)
	at org.apache.ratis.util.TimeDuration.sleep(TimeDuration.java:309)
	at org.apache.ratis.server.impl.FollowerState.run(FollowerState.java:118)
2021-11-15 19:21:17,082 [1d1c653c-c24c-4f9f-93f8-363bcaedc7a6@group-7123D4B11FD3-LeaderElection8] INFO  impl.LeaderElection (LeaderElection.java:logAndReturn(89)) - 1d1c653c-c24c-4f9f-93f8-363bcaedc7a6@group-7123D4B11FD3-LeaderElection8: ELECTION PASSED received 1 response(s) and 0 exception(s):
2021-11-15 19:21:17,083 [1d1c653c-c24c-4f9f-93f8-363bcaedc7a6@group-7123D4B11FD3-LeaderElection8] INFO  impl.LeaderElection (LeaderElection.java:logAndReturn(93)) -   Response 0: 1d1c653c-c24c-4f9f-93f8-363bcaedc7a6<-72af5abb-0a78-4b64-9517-3021125997b8#0:OK-t1
2021-11-15 19:21:17,083 [1d1c653c-c24c-4f9f-93f8-363bcaedc7a6@group-7123D4B11FD3-LeaderElection8] INFO  impl.LeaderElection (LeaderElection.java:askForVotes(308)) - 1d1c653c-c24c-4f9f-93f8-363bcaedc7a6@group-7123D4B11FD3-LeaderElection8 ELECTION round 0: result PASSED
2021-11-15 19:21:17,083 [1d1c653c-c24c-4f9f-93f8-363bcaedc7a6@group-7123D4B11FD3-LeaderElection8] INFO  impl.RoleInfo (RoleInfo.java:shutdownLeaderElection(121)) - 1d1c653c-c24c-4f9f-93f8-363bcaedc7a6: shutdown 1d1c653c-c24c-4f9f-93f8-363bcaedc7a6@group-7123D4B11FD3-LeaderElection8
2021-11-15 19:21:17,083 [1d1c653c-c24c-4f9f-93f8-363bcaedc7a6@group-7123D4B11FD3-LeaderElection8] INFO  server.RaftServer$Division (RaftServerImpl.java:setRole(290)) - 1d1c653c-c24c-4f9f-93f8-363bcaedc7a6@group-7123D4B11FD3: changes role from CANDIDATE to LEADER at term 1 for changeToLeader
2021-11-15 19:21:17,083 [1d1c653c-c24c-4f9f-93f8-363bcaedc7a6@group-7123D4B11FD3-LeaderElection8] INFO  ratis.XceiverServerRatis (XceiverServerRatis.java:handleLeaderChangedNotification(866)) - Leader change notification received for group: group-7123D4B11FD3 with new leaderId: 1d1c653c-c24c-4f9f-93f8-363bcaedc7a6
2021-11-15 19:21:17,083 [1d1c653c-c24c-4f9f-93f8-363bcaedc7a6@group-7123D4B11FD3-LeaderElection8] INFO  server.RaftServer$Division (ServerState.java:setLeader(285)) - 1d1c653c-c24c-4f9f-93f8-363bcaedc7a6@group-7123D4B11FD3: change Leader from null to 1d1c653c-c24c-4f9f-93f8-363bcaedc7a6 at term 1 for becomeLeader, leader elected after 5105ms
2021-11-15 19:21:17,084 [1d1c653c-c24c-4f9f-93f8-363bcaedc7a6@group-7123D4B11FD3-LeaderElection8] INFO  server.RaftServerConfigKeys (ConfUtils.java:logGet(44)) - raft.server.staging.catchup.gap = 1000 (default)
2021-11-15 19:21:17,084 [1d1c653c-c24c-4f9f-93f8-363bcaedc7a6@group-7123D4B11FD3-LeaderElection8] INFO  server.RaftServerConfigKeys (ConfUtils.java:logGet(44)) - raft.server.write.element-limit = 1024 (custom)
2021-11-15 19:21:17,084 [1d1c653c-c24c-4f9f-93f8-363bcaedc7a6@group-7123D4B11FD3-LeaderElection8] INFO  server.RaftServerConfigKeys (ConfUtils.java:logGet(44)) - raft.server.write.byte-limit = 1024 M (=1073741824) (custom)
2021-11-15 19:21:17,084 [1d1c653c-c24c-4f9f-93f8-363bcaedc7a6@group-7123D4B11FD3-LeaderElection8] INFO  server.RaftServerConfigKeys (ConfUtils.java:logGet(44)) - raft.server.watch.timeout = 3000ms (custom)
2021-11-15 19:21:17,084 [1d1c653c-c24c-4f9f-93f8-363bcaedc7a6@group-7123D4B11FD3-LeaderElection8] INFO  server.RaftServerConfigKeys (ConfUtils.java:logGet(44)) - raft.server.watch.timeout.denomination = 1s (default)
2021-11-15 19:21:17,084 [1d1c653c-c24c-4f9f-93f8-363bcaedc7a6@group-7123D4B11FD3-LeaderElection8] INFO  server.RaftServerConfigKeys (ConfUtils.java:logGet(44)) - raft.server.watch.element-limit = 65536 (default)
2021-11-15 19:21:17,084 [1d1c653c-c24c-4f9f-93f8-363bcaedc7a6@group-7123D4B11FD3-LeaderElection8] INFO  server.RaftServerConfigKeys (ConfUtils.java:logGet(44)) - raft.server.write.element-limit = 1024 (custom)
2021-11-15 19:21:17,084 [1d1c653c-c24c-4f9f-93f8-363bcaedc7a6@group-7123D4B11FD3-LeaderElection8] INFO  server.RaftServerConfigKeys (ConfUtils.java:logGet(44)) - raft.server.write.follower.gap.ratio.max = -1.0 (default)
2021-11-15 19:21:17,088 [EventQueue-PipelineReportForPipelineReportHandler] INFO  pipeline.PipelineManagerImpl (PipelineManagerImpl.java:openPipeline(289)) - Pipeline Pipeline[ Id: 9084c998-2231-478f-90fe-7123d4b11fd3, Nodes: d87a46af-94f7-42aa-b022-652610ab08cb{ip: 10.1.0.16, host: fv-az151-339.yf2hydr00wburbhx3j5hxtcipe.bx.internal.cloudapp.net, ports: [REPLICATION=42181, RATIS=36541, RATIS_ADMIN=36541, RATIS_SERVER=36541, STANDALONE=40489], networkLocation: /default-rack, certSerialId: null, persistedOpState: IN_SERVICE, persistedOpStateExpiryEpochSec: 0}72af5abb-0a78-4b64-9517-3021125997b8{ip: 10.1.0.16, host: fv-az151-339.yf2hydr00wburbhx3j5hxtcipe.bx.internal.cloudapp.net, ports: [REPLICATION=33017, RATIS=45855, RATIS_ADMIN=45855, RATIS_SERVER=45855, STANDALONE=38721], networkLocation: /default-rack, certSerialId: null, persistedOpState: IN_SERVICE, persistedOpStateExpiryEpochSec: 0}1d1c653c-c24c-4f9f-93f8-363bcaedc7a6{ip: 10.1.0.16, host: fv-az151-339.yf2hydr00wburbhx3j5hxtcipe.bx.internal.cloudapp.net, ports: [REPLICATION=38157, RATIS=44043, RATIS_ADMIN=44043, RATIS_SERVER=44043, STANDALONE=34479], networkLocation: /default-rack, certSerialId: null, persistedOpState: IN_SERVICE, persistedOpStateExpiryEpochSec: 0}, ReplicationConfig: RATIS/THREE, State:ALLOCATED, leaderId:1d1c653c-c24c-4f9f-93f8-363bcaedc7a6, CreationTimestamp2021-11-15T19:21:09.353Z[Etc/UTC]] moved to OPEN state
2021-11-15 19:21:17,089 [EventQueue-OpenPipelineForHealthyPipelineSafeModeRule] INFO  safemode.SCMSafeModeManager (HealthyPipelineSafeModeRule.java:process(124)) - SCM in safe mode. Healthy pipelines reported count is 0, required healthy pipeline reported count is 1
2021-11-15 19:21:17,089 [EventQueue-OpenPipelineForHealthyPipelineSafeModeRule] INFO  safemode.SCMSafeModeManager (HealthyPipelineSafeModeRule.java:process(124)) - SCM in safe mode. Healthy pipelines reported count is 1, required healthy pipeline reported count is 1
2021-11-15 19:21:17,089 [EventQueue-OpenPipelineForHealthyPipelineSafeModeRule] INFO  safemode.SCMSafeModeManager (SCMSafeModeManager.java:validateSafeModeExitRules(204)) - HealthyPipelineSafeModeRule rule is successfully validated
2021-11-15 19:21:17,089 [EventQueue-OpenPipelineForHealthyPipelineSafeModeRule] INFO  safemode.SCMSafeModeManager (SCMSafeModeManager.java:validateSafeModeExitRules(219)) - ScmSafeModeManager, all rules are successfully validated
2021-11-15 19:21:17,089 [EventQueue-OpenPipelineForHealthyPipelineSafeModeRule] INFO  safemode.SCMSafeModeManager (SCMSafeModeManager.java:exitSafeMode(248)) - SCM exiting safe mode.
2021-11-15 19:21:17,089 [EventQueue-OpenPipelineForHealthyPipelineSafeModeRule] WARN  events.EventQueue (EventQueue.java:fireEvent(194)) - No event handler registered for event TypedEvent{payloadType=SafeModeStatus, name='Safe mode status'}
2021-11-15 19:21:17,089 [EventQueue-OpenPipelineForHealthyPipelineSafeModeRule] INFO  ha.SCMContext (SCMContext.java:updateSafeModeStatus(205)) - Update SafeModeStatus from SafeModeStatus{safeModeStatus=true, preCheckPassed=true} to SafeModeStatus{safeModeStatus=false, preCheckPassed=true}.
2021-11-15 19:21:17,089 [EventQueue-OpenPipelineForHealthyPipelineSafeModeRule] INFO  pipeline.BackgroundPipelineCreator (BackgroundPipelineCreator.java:notifyStatusChanged(264)) - Service BackgroundPipelineCreator transitions to RUNNING.
2021-11-15 19:21:17,089 [EventQueue-OpenPipelineForHealthyPipelineSafeModeRule] INFO  container.ReplicationManager (ReplicationManager.java:notifyStatusChanged(1746)) - Service ReplicationManager transitions to RUNNING.
2021-11-15 19:21:17,091 [grpc-default-executor-1] INFO  server.RaftServer$Division (RaftServerImpl.java:requestVote(1078)) - d87a46af-94f7-42aa-b022-652610ab08cb@group-7123D4B11FD3 replies to ELECTION vote request: 1d1c653c-c24c-4f9f-93f8-363bcaedc7a6<-d87a46af-94f7-42aa-b022-652610ab08cb#0:OK-t1. Peer's state: d87a46af-94f7-42aa-b022-652610ab08cb@group-7123D4B11FD3:t1, leader=null, voted=1d1c653c-c24c-4f9f-93f8-363bcaedc7a6, raftlog=d87a46af-94f7-42aa-b022-652610ab08cb@group-7123D4B11FD3-SegmentedRaftLog:OPENED:c-1, conf=-1: [72af5abb-0a78-4b64-9517-3021125997b8|rpc:10.1.0.16:45855|dataStream:|priority:0, 1d1c653c-c24c-4f9f-93f8-363bcaedc7a6|rpc:10.1.0.16:44043|dataStream:|priority:1, d87a46af-94f7-42aa-b022-652610ab08cb|rpc:10.1.0.16:36541|dataStream:|priority:0], old=null
2021-11-15 19:21:17,101 [1d1c653c-c24c-4f9f-93f8-363bcaedc7a6@group-7123D4B11FD3-LeaderElection8] INFO  server.RaftServerConfigKeys (ConfUtils.java:logGet(44)) - raft.server.log.appender.snapshot.chunk.size.max = 16MB (=16777216) (default)
2021-11-15 19:21:17,102 [1d1c653c-c24c-4f9f-93f8-363bcaedc7a6@group-7123D4B11FD3-LeaderElection8] INFO  server.RaftServerConfigKeys (ConfUtils.java:logGet(44)) - raft.server.log.appender.buffer.byte-limit = 33554432 (custom)
2021-11-15 19:21:17,102 [1d1c653c-c24c-4f9f-93f8-363bcaedc7a6@group-7123D4B11FD3-LeaderElection8] INFO  server.RaftServerConfigKeys (ConfUtils.java:logGet(44)) - raft.server.log.appender.buffer.element-limit = 1 (custom)
2021-11-15 19:21:17,105 [1d1c653c-c24c-4f9f-93f8-363bcaedc7a6@group-7123D4B11FD3-LeaderElection8] INFO  grpc.GrpcConfigKeys (ConfUtils.java:logGet(44)) - raft.grpc.server.leader.outstanding.appends.max = 128 (default)
2021-11-15 19:21:17,105 [1d1c653c-c24c-4f9f-93f8-363bcaedc7a6@group-7123D4B11FD3-LeaderElection8] INFO  server.RaftServerConfigKeys (ConfUtils.java:logGet(44)) - raft.server.rpc.request.timeout = 3000ms (default)
2021-11-15 19:21:17,105 [1d1c653c-c24c-4f9f-93f8-363bcaedc7a6@group-7123D4B11FD3-LeaderElection8] INFO  server.RaftServerConfigKeys (ConfUtils.java:logGet(44)) - raft.server.log.appender.install.snapshot.enabled = false (custom)
2021-11-15 19:21:17,109 [1d1c653c-c24c-4f9f-93f8-363bcaedc7a6@group-7123D4B11FD3-LeaderElection8] INFO  server.RaftServerConfigKeys (ConfUtils.java:logGet(44)) - raft.server.log.appender.snapshot.chunk.size.max = 16MB (=16777216) (default)
2021-11-15 19:21:17,109 [1d1c653c-c24c-4f9f-93f8-363bcaedc7a6@group-7123D4B11FD3-LeaderElection8] INFO  server.RaftServerConfigKeys (ConfUtils.java:logGet(44)) - raft.server.log.appender.buffer.byte-limit = 33554432 (custom)
2021-11-15 19:21:17,109 [1d1c653c-c24c-4f9f-93f8-363bcaedc7a6@group-7123D4B11FD3-LeaderElection8] INFO  server.RaftServerConfigKeys (ConfUtils.java:logGet(44)) - raft.server.log.appender.buffer.element-limit = 1 (custom)
2021-11-15 19:21:17,109 [1d1c653c-c24c-4f9f-93f8-363bcaedc7a6@group-7123D4B11FD3-LeaderElection8] INFO  grpc.GrpcConfigKeys (ConfUtils.java:logGet(44)) - raft.grpc.server.leader.outstanding.appends.max = 128 (default)
2021-11-15 19:21:17,110 [1d1c653c-c24c-4f9f-93f8-363bcaedc7a6@group-7123D4B11FD3-LeaderElection8] INFO  server.RaftServerConfigKeys (ConfUtils.java:logGet(44)) - raft.server.rpc.request.timeout = 3000ms (default)
2021-11-15 19:21:17,110 [1d1c653c-c24c-4f9f-93f8-363bcaedc7a6@group-7123D4B11FD3-LeaderElection8] INFO  server.RaftServerConfigKeys (ConfUtils.java:logGet(44)) - raft.server.log.appender.install.snapshot.enabled = false (custom)
2021-11-15 19:21:17,111 [1d1c653c-c24c-4f9f-93f8-363bcaedc7a6@group-7123D4B11FD3-LeaderElection8] INFO  impl.RoleInfo (RoleInfo.java:updateAndGet(130)) - 1d1c653c-c24c-4f9f-93f8-363bcaedc7a6: start 1d1c653c-c24c-4f9f-93f8-363bcaedc7a6@group-7123D4B11FD3-LeaderStateImpl
2021-11-15 19:21:17,111 [1d1c653c-c24c-4f9f-93f8-363bcaedc7a6@group-7123D4B11FD3-LeaderElection8] INFO  segmented.SegmentedRaftLogWorker (SegmentedRaftLogWorker.java:startLogSegment(394)) - 1d1c653c-c24c-4f9f-93f8-363bcaedc7a6@group-7123D4B11FD3-SegmentedRaftLogWorker: Starting segment from index:0
2021-11-15 19:21:17,113 [1d1c653c-c24c-4f9f-93f8-363bcaedc7a6@group-7123D4B11FD3-SegmentedRaftLogWorker] INFO  segmented.SegmentedRaftLogWorker (SegmentedRaftLogWorker.java:execute(601)) - 1d1c653c-c24c-4f9f-93f8-363bcaedc7a6@group-7123D4B11FD3-SegmentedRaftLogWorker: created new log segment /home/runner/work/ozone/ozone/hadoop-ozone/integration-test/target/test-dir/MiniOzoneClusterImpl-edab3eb4-5721-4c35-be90-debfdbe0e37e/datanode-3/data/ratis/9084c998-2231-478f-90fe-7123d4b11fd3/current/log_inprogress_0
2021-11-15 19:21:17,124 [1d1c653c-c24c-4f9f-93f8-363bcaedc7a6@group-7123D4B11FD3-LeaderElection8] INFO  server.RaftServer$Division (ServerState.java:setRaftConf(387)) - 1d1c653c-c24c-4f9f-93f8-363bcaedc7a6@group-7123D4B11FD3: set configuration 0: [72af5abb-0a78-4b64-9517-3021125997b8|rpc:10.1.0.16:45855|dataStream:|priority:0, 1d1c653c-c24c-4f9f-93f8-363bcaedc7a6|rpc:10.1.0.16:44043|dataStream:|priority:1, d87a46af-94f7-42aa-b022-652610ab08cb|rpc:10.1.0.16:36541|dataStream:|priority:0], old=null
2021-11-15 19:21:17,152 [grpc-default-executor-0] INFO  ratis.XceiverServerRatis (XceiverServerRatis.java:handleLeaderChangedNotification(866)) - Leader change notification received for group: group-7123D4B11FD3 with new leaderId: 1d1c653c-c24c-4f9f-93f8-363bcaedc7a6
2021-11-15 19:21:17,152 [grpc-default-executor-1] INFO  ratis.XceiverServerRatis (XceiverServerRatis.java:handleLeaderChangedNotification(866)) - Leader change notification received for group: group-7123D4B11FD3 with new leaderId: 1d1c653c-c24c-4f9f-93f8-363bcaedc7a6
2021-11-15 19:21:17,152 [grpc-default-executor-1] INFO  server.RaftServer$Division (ServerState.java:setLeader(285)) - 72af5abb-0a78-4b64-9517-3021125997b8@group-7123D4B11FD3: change Leader from null to 1d1c653c-c24c-4f9f-93f8-363bcaedc7a6 at term 1 for appendEntries, leader elected after 5099ms
2021-11-15 19:21:17,152 [grpc-default-executor-0] INFO  server.RaftServer$Division (ServerState.java:setLeader(285)) - d87a46af-94f7-42aa-b022-652610ab08cb@group-7123D4B11FD3: change Leader from null to 1d1c653c-c24c-4f9f-93f8-363bcaedc7a6 at term 1 for appendEntries, leader elected after 5129ms
2021-11-15 19:21:17,175 [grpc-default-executor-1] INFO  server.RaftServer$Division (ServerState.java:setRaftConf(387)) - d87a46af-94f7-42aa-b022-652610ab08cb@group-7123D4B11FD3: set configuration 0: [72af5abb-0a78-4b64-9517-3021125997b8|rpc:10.1.0.16:45855|dataStream:|priority:0, 1d1c653c-c24c-4f9f-93f8-363bcaedc7a6|rpc:10.1.0.16:44043|dataStream:|priority:1, d87a46af-94f7-42aa-b022-652610ab08cb|rpc:10.1.0.16:36541|dataStream:|priority:0], old=null
2021-11-15 19:21:17,176 [grpc-default-executor-1] INFO  segmented.SegmentedRaftLogWorker (SegmentedRaftLogWorker.java:startLogSegment(394)) - d87a46af-94f7-42aa-b022-652610ab08cb@group-7123D4B11FD3-SegmentedRaftLogWorker: Starting segment from index:0
2021-11-15 19:21:17,175 [grpc-default-executor-2] INFO  server.RaftServer$Division (ServerState.java:setRaftConf(387)) - 72af5abb-0a78-4b64-9517-3021125997b8@group-7123D4B11FD3: set configuration 0: [72af5abb-0a78-4b64-9517-3021125997b8|rpc:10.1.0.16:45855|dataStream:|priority:0, 1d1c653c-c24c-4f9f-93f8-363bcaedc7a6|rpc:10.1.0.16:44043|dataStream:|priority:1, d87a46af-94f7-42aa-b022-652610ab08cb|rpc:10.1.0.16:36541|dataStream:|priority:0], old=null
2021-11-15 19:21:17,177 [grpc-default-executor-2] INFO  segmented.SegmentedRaftLogWorker (SegmentedRaftLogWorker.java:startLogSegment(394)) - 72af5abb-0a78-4b64-9517-3021125997b8@group-7123D4B11FD3-SegmentedRaftLogWorker: Starting segment from index:0
2021-11-15 19:21:17,179 [72af5abb-0a78-4b64-9517-3021125997b8@group-7123D4B11FD3-SegmentedRaftLogWorker] INFO  segmented.SegmentedRaftLogWorker (SegmentedRaftLogWorker.java:execute(601)) - 72af5abb-0a78-4b64-9517-3021125997b8@group-7123D4B11FD3-SegmentedRaftLogWorker: created new log segment /home/runner/work/ozone/ozone/hadoop-ozone/integration-test/target/test-dir/MiniOzoneClusterImpl-edab3eb4-5721-4c35-be90-debfdbe0e37e/datanode-5/data/ratis/9084c998-2231-478f-90fe-7123d4b11fd3/current/log_inprogress_0
2021-11-15 19:21:17,180 [d87a46af-94f7-42aa-b022-652610ab08cb@group-7123D4B11FD3-SegmentedRaftLogWorker] INFO  segmented.SegmentedRaftLogWorker (SegmentedRaftLogWorker.java:execute(601)) - d87a46af-94f7-42aa-b022-652610ab08cb@group-7123D4B11FD3-SegmentedRaftLogWorker: created new log segment /home/runner/work/ozone/ozone/hadoop-ozone/integration-test/target/test-dir/MiniOzoneClusterImpl-edab3eb4-5721-4c35-be90-debfdbe0e37e/datanode-4/data/ratis/9084c998-2231-478f-90fe-7123d4b11fd3/current/log_inprogress_0
2021-11-15 19:21:17,198 [d87a46af-94f7-42aa-b022-652610ab08cb@group-B749A3B4AC58-FollowerState] INFO  impl.FollowerState (FollowerState.java:run(134)) - d87a46af-94f7-42aa-b022-652610ab08cb@group-B749A3B4AC58-FollowerState: change to CANDIDATE, lastRpcElapsedTime:5046693671ns, electionTimeout:5045ms
2021-11-15 19:21:17,199 [d87a46af-94f7-42aa-b022-652610ab08cb@group-B749A3B4AC58-FollowerState] INFO  impl.RoleInfo (RoleInfo.java:shutdownFollowerState(108)) - d87a46af-94f7-42aa-b022-652610ab08cb: shutdown d87a46af-94f7-42aa-b022-652610ab08cb@group-B749A3B4AC58-FollowerState
2021-11-15 19:21:17,199 [d87a46af-94f7-42aa-b022-652610ab08cb@group-B749A3B4AC58-FollowerState] INFO  server.RaftServer$Division (RaftServerImpl.java:setRole(290)) - d87a46af-94f7-42aa-b022-652610ab08cb@group-B749A3B4AC58: changes role from  FOLLOWER to CANDIDATE at term 0 for changeToCandidate
2021-11-15 19:21:17,199 [d87a46af-94f7-42aa-b022-652610ab08cb@group-B749A3B4AC58-FollowerState] INFO  server.RaftServerConfigKeys (ConfUtils.java:logGet(44)) - raft.server.leaderelection.pre-vote = false (custom)
2021-11-15 19:21:17,199 [d87a46af-94f7-42aa-b022-652610ab08cb@group-B749A3B4AC58-FollowerState] INFO  impl.RoleInfo (RoleInfo.java:updateAndGet(130)) - d87a46af-94f7-42aa-b022-652610ab08cb: start d87a46af-94f7-42aa-b022-652610ab08cb@group-B749A3B4AC58-LeaderElection9
2021-11-15 19:21:17,202 [72af5abb-0a78-4b64-9517-3021125997b8@group-6011D7D31FA9-FollowerState] INFO  impl.FollowerState (FollowerState.java:run(134)) - 72af5abb-0a78-4b64-9517-3021125997b8@group-6011D7D31FA9-FollowerState: change to CANDIDATE, lastRpcElapsedTime:5054439146ns, electionTimeout:5051ms
2021-11-15 19:21:17,202 [72af5abb-0a78-4b64-9517-3021125997b8@group-6011D7D31FA9-FollowerState] INFO  impl.RoleInfo (RoleInfo.java:shutdownFollowerState(108)) - 72af5abb-0a78-4b64-9517-3021125997b8: shutdown 72af5abb-0a78-4b64-9517-3021125997b8@group-6011D7D31FA9-FollowerState
2021-11-15 19:21:17,202 [72af5abb-0a78-4b64-9517-3021125997b8@group-6011D7D31FA9-FollowerState] INFO  server.RaftServer$Division (RaftServerImpl.java:setRole(290)) - 72af5abb-0a78-4b64-9517-3021125997b8@group-6011D7D31FA9: changes role from  FOLLOWER to CANDIDATE at term 0 for changeToCandidate
2021-11-15 19:21:17,203 [72af5abb-0a78-4b64-9517-3021125997b8@group-6011D7D31FA9-FollowerState] INFO  server.RaftServerConfigKeys (ConfUtils.java:logGet(44)) - raft.server.leaderelection.pre-vote = false (custom)
2021-11-15 19:21:17,203 [72af5abb-0a78-4b64-9517-3021125997b8@group-6011D7D31FA9-FollowerState] INFO  impl.RoleInfo (RoleInfo.java:updateAndGet(130)) - 72af5abb-0a78-4b64-9517-3021125997b8: start 72af5abb-0a78-4b64-9517-3021125997b8@group-6011D7D31FA9-LeaderElection10
2021-11-15 19:21:17,205 [1d1c653c-c24c-4f9f-93f8-363bcaedc7a6@group-6011D7D31FA9-FollowerState] INFO  impl.FollowerState (FollowerState.java:run(134)) - 1d1c653c-c24c-4f9f-93f8-363bcaedc7a6@group-6011D7D31FA9-FollowerState: change to CANDIDATE, lastRpcElapsedTime:5123829624ns, electionTimeout:5117ms
2021-11-15 19:21:17,207 [1d1c653c-c24c-4f9f-93f8-363bcaedc7a6@group-6011D7D31FA9-FollowerState] INFO  impl.RoleInfo (RoleInfo.java:shutdownFollowerState(108)) - 1d1c653c-c24c-4f9f-93f8-363bcaedc7a6: shutdown 1d1c653c-c24c-4f9f-93f8-363bcaedc7a6@group-6011D7D31FA9-FollowerState
2021-11-15 19:21:17,207 [1d1c653c-c24c-4f9f-93f8-363bcaedc7a6@group-6011D7D31FA9-FollowerState] INFO  server.RaftServer$Division (RaftServerImpl.java:setRole(290)) - 1d1c653c-c24c-4f9f-93f8-363bcaedc7a6@group-6011D7D31FA9: changes role from  FOLLOWER to CANDIDATE at term 0 for changeToCandidate
2021-11-15 19:21:17,207 [1d1c653c-c24c-4f9f-93f8-363bcaedc7a6@group-6011D7D31FA9-FollowerState] INFO  server.RaftServerConfigKeys (ConfUtils.java:logGet(44)) - raft.server.leaderelection.pre-vote = false (custom)
2021-11-15 19:21:17,207 [1d1c653c-c24c-4f9f-93f8-363bcaedc7a6@group-6011D7D31FA9-FollowerState] INFO  impl.RoleInfo (RoleInfo.java:updateAndGet(130)) - 1d1c653c-c24c-4f9f-93f8-363bcaedc7a6: start 1d1c653c-c24c-4f9f-93f8-363bcaedc7a6@group-6011D7D31FA9-LeaderElection11
2021-11-15 19:21:17,208 [72af5abb-0a78-4b64-9517-3021125997b8@group-6011D7D31FA9-LeaderElection10] INFO  impl.LeaderElection (LeaderElection.java:askForVotes(306)) - 72af5abb-0a78-4b64-9517-3021125997b8@group-6011D7D31FA9-LeaderElection10 ELECTION round 0: submit vote requests at term 1 for -1: [72af5abb-0a78-4b64-9517-3021125997b8|rpc:10.1.0.16:45855|dataStream:|priority:0, 1d1c653c-c24c-4f9f-93f8-363bcaedc7a6|rpc:10.1.0.16:44043|dataStream:|priority:0, d87a46af-94f7-42aa-b022-652610ab08cb|rpc:10.1.0.16:36541|dataStream:|priority:1], old=null
2021-11-15 19:21:17,209 [d87a46af-94f7-42aa-b022-652610ab08cb@group-B749A3B4AC58-LeaderElection9] INFO  impl.LeaderElection (LeaderElection.java:askForVotes(306)) - d87a46af-94f7-42aa-b022-652610ab08cb@group-B749A3B4AC58-LeaderElection9 ELECTION round 0: submit vote requests at term 1 for -1: [d87a46af-94f7-42aa-b022-652610ab08cb|rpc:10.1.0.16:36541|priority:1], old=null
2021-11-15 19:21:17,209 [d87a46af-94f7-42aa-b022-652610ab08cb@group-B749A3B4AC58-LeaderElection9] INFO  impl.LeaderElection (LeaderElection.java:askForVotes(308)) - d87a46af-94f7-42aa-b022-652610ab08cb@group-B749A3B4AC58-LeaderElection9 ELECTION round 0: result PASSED (term=1)
2021-11-15 19:21:17,209 [d87a46af-94f7-42aa-b022-652610ab08cb@group-B749A3B4AC58-LeaderElection9] INFO  impl.RoleInfo (RoleInfo.java:shutdownLeaderElection(121)) - d87a46af-94f7-42aa-b022-652610ab08cb: shutdown d87a46af-94f7-42aa-b022-652610ab08cb@group-B749A3B4AC58-LeaderElection9
2021-11-15 19:21:17,209 [d87a46af-94f7-42aa-b022-652610ab08cb@group-B749A3B4AC58-LeaderElection9] INFO  server.RaftServer$Division (RaftServerImpl.java:setRole(290)) - d87a46af-94f7-42aa-b022-652610ab08cb@group-B749A3B4AC58: changes role from CANDIDATE to LEADER at term 1 for changeToLeader
2021-11-15 19:21:17,209 [d87a46af-94f7-42aa-b022-652610ab08cb@group-B749A3B4AC58-LeaderElection9] INFO  ratis.XceiverServerRatis (XceiverServerRatis.java:handleLeaderChangedNotification(866)) - Leader change notification received for group: group-B749A3B4AC58 with new leaderId: d87a46af-94f7-42aa-b022-652610ab08cb
2021-11-15 19:21:17,210 [1d1c653c-c24c-4f9f-93f8-363bcaedc7a6@group-6011D7D31FA9-LeaderElection11] INFO  impl.LeaderElection (LeaderElection.java:askForVotes(306)) - 1d1c653c-c24c-4f9f-93f8-363bcaedc7a6@group-6011D7D31FA9-LeaderElection11 ELECTION round 0: submit vote requests at term 1 for -1: [72af5abb-0a78-4b64-9517-3021125997b8|rpc:10.1.0.16:45855|priority:0, 1d1c653c-c24c-4f9f-93f8-363bcaedc7a6|rpc:10.1.0.16:44043|priority:0, d87a46af-94f7-42aa-b022-652610ab08cb|rpc:10.1.0.16:36541|priority:1], old=null
2021-11-15 19:21:17,240 [grpc-default-executor-1] INFO  server.RaftServer$Division (RaftServerImpl.java:requestVote(1046)) - 72af5abb-0a78-4b64-9517-3021125997b8@group-6011D7D31FA9: receive requestVote(ELECTION, 1d1c653c-c24c-4f9f-93f8-363bcaedc7a6, group-6011D7D31FA9, 1, (t:0, i:0))
2021-11-15 19:21:17,240 [grpc-default-executor-1] INFO  impl.VoteContext (VoteContext.java:log(48)) - 72af5abb-0a78-4b64-9517-3021125997b8@group-6011D7D31FA9-CANDIDATE: reject ELECTION from 1d1c653c-c24c-4f9f-93f8-363bcaedc7a6: already has voted for 72af5abb-0a78-4b64-9517-3021125997b8 at current term 1
2021-11-15 19:21:17,240 [grpc-default-executor-1] INFO  server.RaftServer$Division (RaftServerImpl.java:requestVote(1078)) - 72af5abb-0a78-4b64-9517-3021125997b8@group-6011D7D31FA9 replies to ELECTION vote request: 1d1c653c-c24c-4f9f-93f8-363bcaedc7a6<-72af5abb-0a78-4b64-9517-3021125997b8#0:FAIL-t1. Peer's state: 72af5abb-0a78-4b64-9517-3021125997b8@group-6011D7D31FA9:t1, leader=null, voted=72af5abb-0a78-4b64-9517-3021125997b8, raftlog=72af5abb-0a78-4b64-9517-3021125997b8@group-6011D7D31FA9-SegmentedRaftLog:OPENED:c-1, conf=-1: [72af5abb-0a78-4b64-9517-3021125997b8|rpc:10.1.0.16:45855|dataStream:|priority:0, 1d1c653c-c24c-4f9f-93f8-363bcaedc7a6|rpc:10.1.0.16:44043|dataStream:|priority:0, d87a46af-94f7-42aa-b022-652610ab08cb|rpc:10.1.0.16:36541|dataStream:|priority:1], old=null
2021-11-15 19:21:17,243 [d87a46af-94f7-42aa-b022-652610ab08cb@group-6011D7D31FA9-FollowerState] INFO  impl.FollowerState (FollowerState.java:run(134)) - d87a46af-94f7-42aa-b022-652610ab08cb@group-6011D7D31FA9-FollowerState: change to CANDIDATE, lastRpcElapsedTime:5128428472ns, electionTimeout:5128ms
2021-11-15 19:21:17,243 [grpc-default-executor-2] INFO  server.RaftServer$Division (RaftServerImpl.java:requestVote(1046)) - d87a46af-94f7-42aa-b022-652610ab08cb@group-6011D7D31FA9: receive requestVote(ELECTION, 1d1c653c-c24c-4f9f-93f8-363bcaedc7a6, group-6011D7D31FA9, 1, (t:0, i:0))
2021-11-15 19:21:17,245 [d87a46af-94f7-42aa-b022-652610ab08cb@group-6011D7D31FA9-FollowerState] INFO  impl.RoleInfo (RoleInfo.java:shutdownFollowerState(108)) - d87a46af-94f7-42aa-b022-652610ab08cb: shutdown d87a46af-94f7-42aa-b022-652610ab08cb@group-6011D7D31FA9-FollowerState
2021-11-15 19:21:17,245 [d87a46af-94f7-42aa-b022-652610ab08cb@group-6011D7D31FA9-FollowerState] INFO  server.RaftServer$Division (RaftServerImpl.java:setRole(290)) - d87a46af-94f7-42aa-b022-652610ab08cb@group-6011D7D31FA9: changes role from  FOLLOWER to CANDIDATE at term 0 for changeToCandidate
2021-11-15 19:21:17,245 [d87a46af-94f7-42aa-b022-652610ab08cb@group-6011D7D31FA9-FollowerState] INFO  server.RaftServerConfigKeys (ConfUtils.java:logGet(44)) - raft.server.leaderelection.pre-vote = false (custom)
2021-11-15 19:21:17,245 [d87a46af-94f7-42aa-b022-652610ab08cb@group-6011D7D31FA9-FollowerState] INFO  impl.RoleInfo (RoleInfo.java:updateAndGet(130)) - d87a46af-94f7-42aa-b022-652610ab08cb: start d87a46af-94f7-42aa-b022-652610ab08cb@group-6011D7D31FA9-LeaderElection12
2021-11-15 19:21:17,248 [d87a46af-94f7-42aa-b022-652610ab08cb@group-B749A3B4AC58-LeaderElection9] INFO  server.RaftServer$Division (ServerState.java:setLeader(285)) - d87a46af-94f7-42aa-b022-652610ab08cb@group-B749A3B4AC58: change Leader from null to d87a46af-94f7-42aa-b022-652610ab08cb at term 1 for becomeLeader, leader elected after 5068ms
2021-11-15 19:21:17,248 [d87a46af-94f7-42aa-b022-652610ab08cb@group-B749A3B4AC58-LeaderElection9] INFO  server.RaftServerConfigKeys (ConfUtils.java:logGet(44)) - raft.server.staging.catchup.gap = 1000 (default)
2021-11-15 19:21:17,248 [grpc-default-executor-2] INFO  impl.VoteContext (VoteContext.java:log(48)) - d87a46af-94f7-42aa-b022-652610ab08cb@group-6011D7D31FA9-CANDIDATE: reject ELECTION from 1d1c653c-c24c-4f9f-93f8-363bcaedc7a6: our priority 1 > candidate's priority 0
2021-11-15 19:21:17,249 [grpc-default-executor-2] INFO  server.RaftServer$Division (RaftServerImpl.java:setRole(290)) - d87a46af-94f7-42aa-b022-652610ab08cb@group-6011D7D31FA9: changes role from CANDIDATE to FOLLOWER at term 1 for candidate:1d1c653c-c24c-4f9f-93f8-363bcaedc7a6
2021-11-15 19:21:17,249 [grpc-default-executor-2] INFO  impl.RoleInfo (RoleInfo.java:shutdownLeaderElection(121)) - d87a46af-94f7-42aa-b022-652610ab08cb: shutdown d87a46af-94f7-42aa-b022-652610ab08cb@group-6011D7D31FA9-LeaderElection12
2021-11-15 19:21:17,249 [d87a46af-94f7-42aa-b022-652610ab08cb@group-B749A3B4AC58-LeaderElection9] INFO  server.RaftServerConfigKeys (ConfUtils.java:logGet(44)) - raft.server.write.element-limit = 1024 (custom)
2021-11-15 19:21:17,251 [grpc-default-executor-1] INFO  server.RaftServer$Division (RaftServerImpl.java:requestVote(1046)) - 1d1c653c-c24c-4f9f-93f8-363bcaedc7a6@group-6011D7D31FA9: receive requestVote(ELECTION, 72af5abb-0a78-4b64-9517-3021125997b8, group-6011D7D31FA9, 1, (t:0, i:0))
2021-11-15 19:21:17,252 [grpc-default-executor-1] INFO  impl.VoteContext (VoteContext.java:log(48)) - 1d1c653c-c24c-4f9f-93f8-363bcaedc7a6@group-6011D7D31FA9-CANDIDATE: reject ELECTION from 72af5abb-0a78-4b64-9517-3021125997b8: already has voted for 1d1c653c-c24c-4f9f-93f8-363bcaedc7a6 at current term 1
2021-11-15 19:21:17,252 [grpc-default-executor-1] INFO  server.RaftServer$Division (RaftServerImpl.java:requestVote(1078)) - 1d1c653c-c24c-4f9f-93f8-363bcaedc7a6@group-6011D7D31FA9 replies to ELECTION vote request: 72af5abb-0a78-4b64-9517-3021125997b8<-1d1c653c-c24c-4f9f-93f8-363bcaedc7a6#0:FAIL-t1. Peer's state: 1d1c653c-c24c-4f9f-93f8-363bcaedc7a6@group-6011D7D31FA9:t1, leader=null, voted=1d1c653c-c24c-4f9f-93f8-363bcaedc7a6, raftlog=1d1c653c-c24c-4f9f-93f8-363bcaedc7a6@group-6011D7D31FA9-SegmentedRaftLog:OPENED:c-1, conf=-1: [72af5abb-0a78-4b64-9517-3021125997b8|rpc:10.1.0.16:45855|priority:0, 1d1c653c-c24c-4f9f-93f8-363bcaedc7a6|rpc:10.1.0.16:44043|priority:0, d87a46af-94f7-42aa-b022-652610ab08cb|rpc:10.1.0.16:36541|priority:1], old=null
2021-11-15 19:21:17,249 [grpc-default-executor-2] INFO  impl.RoleInfo (RoleInfo.java:updateAndGet(130)) - d87a46af-94f7-42aa-b022-652610ab08cb: start d87a46af-94f7-42aa-b022-652610ab08cb@group-6011D7D31FA9-FollowerState
2021-11-15 19:21:17,255 [d87a46af-94f7-42aa-b022-652610ab08cb@group-6011D7D31FA9-LeaderElection12] INFO  impl.LeaderElection (LeaderElection.java:run(230)) - d87a46af-94f7-42aa-b022-652610ab08cb@group-6011D7D31FA9-LeaderElection12: skip running since this is already CLOSING
2021-11-15 19:21:17,255 [d87a46af-94f7-42aa-b022-652610ab08cb@group-B749A3B4AC58-LeaderElection9] INFO  server.RaftServerConfigKeys (ConfUtils.java:logGet(44)) - raft.server.write.byte-limit = 1024 M (=1073741824) (custom)
2021-11-15 19:21:17,263 [d87a46af-94f7-42aa-b022-652610ab08cb@group-B749A3B4AC58-LeaderElection9] INFO  server.RaftServerConfigKeys (ConfUtils.java:logGet(44)) - raft.server.watch.timeout = 3000ms (custom)
2021-11-15 19:21:17,263 [d87a46af-94f7-42aa-b022-652610ab08cb@group-B749A3B4AC58-LeaderElection9] INFO  server.RaftServerConfigKeys (ConfUtils.java:logGet(44)) - raft.server.watch.timeout.denomination = 1s (default)
2021-11-15 19:21:17,263 [d87a46af-94f7-42aa-b022-652610ab08cb@group-B749A3B4AC58-LeaderElection9] INFO  server.RaftServerConfigKeys (ConfUtils.java:logGet(44)) - raft.server.watch.element-limit = 65536 (default)
2021-11-15 19:21:17,263 [d87a46af-94f7-42aa-b022-652610ab08cb@group-B749A3B4AC58-LeaderElection9] INFO  server.RaftServerConfigKeys (ConfUtils.java:logGet(44)) - raft.server.write.element-limit = 1024 (custom)
2021-11-15 19:21:17,263 [d87a46af-94f7-42aa-b022-652610ab08cb@group-B749A3B4AC58-LeaderElection9] INFO  server.RaftServerConfigKeys (ConfUtils.java:logGet(44)) - raft.server.write.follower.gap.ratio.max = -1.0 (default)
2021-11-15 19:21:17,263 [d87a46af-94f7-42aa-b022-652610ab08cb@group-B749A3B4AC58-LeaderElection9] INFO  impl.RoleInfo (RoleInfo.java:updateAndGet(130)) - d87a46af-94f7-42aa-b022-652610ab08cb: start d87a46af-94f7-42aa-b022-652610ab08cb@group-B749A3B4AC58-LeaderStateImpl
2021-11-15 19:21:17,263 [d87a46af-94f7-42aa-b022-652610ab08cb@group-B749A3B4AC58-LeaderElection9] INFO  segmented.SegmentedRaftLogWorker (SegmentedRaftLogWorker.java:startLogSegment(394)) - d87a46af-94f7-42aa-b022-652610ab08cb@group-B749A3B4AC58-SegmentedRaftLogWorker: Starting segment from index:0
2021-11-15 19:21:17,254 [grpc-default-executor-0] INFO  server.RaftServer$Division (RaftServerImpl.java:requestVote(1046)) - d87a46af-94f7-42aa-b022-652610ab08cb@group-6011D7D31FA9: receive requestVote(ELECTION, 72af5abb-0a78-4b64-9517-3021125997b8, group-6011D7D31FA9, 1, (t:0, i:0))
2021-11-15 19:21:17,268 [d87a46af-94f7-42aa-b022-652610ab08cb@group-B749A3B4AC58-LeaderElection9] INFO  server.RaftServer$Division (ServerState.java:setRaftConf(387)) - d87a46af-94f7-42aa-b022-652610ab08cb@group-B749A3B4AC58: set configuration 0: [d87a46af-94f7-42aa-b022-652610ab08cb|rpc:10.1.0.16:36541|dataStream:|priority:1], old=null
2021-11-15 19:21:17,392 [72af5abb-0a78-4b64-9517-3021125997b8@group-45BD587A8A14-FollowerState] INFO  impl.FollowerState (FollowerState.java:run(134)) - 72af5abb-0a78-4b64-9517-3021125997b8@group-45BD587A8A14-FollowerState: change to CANDIDATE, lastRpcElapsedTime:5033347017ns, electionTimeout:5032ms
2021-11-15 19:21:17,392 [72af5abb-0a78-4b64-9517-3021125997b8@group-45BD587A8A14-FollowerState] INFO  impl.RoleInfo (RoleInfo.java:shutdownFollowerState(108)) - 72af5abb-0a78-4b64-9517-3021125997b8: shutdown 72af5abb-0a78-4b64-9517-3021125997b8@group-45BD587A8A14-FollowerState
2021-11-15 19:21:17,392 [72af5abb-0a78-4b64-9517-3021125997b8@group-45BD587A8A14-FollowerState] INFO  server.RaftServer$Division (RaftServerImpl.java:setRole(290)) - 72af5abb-0a78-4b64-9517-3021125997b8@group-45BD587A8A14: changes role from  FOLLOWER to CANDIDATE at term 0 for changeToCandidate
2021-11-15 19:21:17,392 [72af5abb-0a78-4b64-9517-3021125997b8@group-45BD587A8A14-FollowerState] INFO  server.RaftServerConfigKeys (ConfUtils.java:logGet(44)) - raft.server.leaderelection.pre-vote = false (custom)
2021-11-15 19:21:17,392 [72af5abb-0a78-4b64-9517-3021125997b8@group-45BD587A8A14-FollowerState] INFO  impl.RoleInfo (RoleInfo.java:updateAndGet(130)) - 72af5abb-0a78-4b64-9517-3021125997b8: start 72af5abb-0a78-4b64-9517-3021125997b8@group-45BD587A8A14-LeaderElection13
2021-11-15 19:21:17,546 [Listener at 127.0.0.1/38415] INFO  ozone.MiniOzoneClusterImpl (MiniOzoneClusterImpl.java:lambda$waitForClusterToBeReady$0(235)) - Nodes are ready. Got 7 of 7 DN Heartbeats.
2021-11-15 19:21:17,546 [Listener at 127.0.0.1/38415] INFO  ozone.MiniOzoneClusterImpl (MiniOzoneClusterImpl.java:lambda$waitForClusterToBeReady$0(238)) - Cluster exits safe mode
2021-11-15 19:21:17,546 [Listener at 127.0.0.1/38415] INFO  ozone.MiniOzoneClusterImpl (MiniOzoneClusterImpl.java:lambda$waitForClusterToBeReady$0(240)) - SCM became leader
2021-11-15 19:21:17,766 [72af5abb-0a78-4b64-9517-3021125997b8@group-45BD587A8A14-LeaderElection13] INFO  impl.LeaderElection (LeaderElection.java:askForVotes(306)) - 72af5abb-0a78-4b64-9517-3021125997b8@group-45BD587A8A14-LeaderElection13 ELECTION round 0: submit vote requests at term 1 for -1: [72af5abb-0a78-4b64-9517-3021125997b8|rpc:10.1.0.16:45855|priority:1], old=null
2021-11-15 19:21:17,766 [grpc-default-executor-2] INFO  server.RaftServer$Division (RaftServerImpl.java:requestVote(1078)) - d87a46af-94f7-42aa-b022-652610ab08cb@group-6011D7D31FA9 replies to ELECTION vote request: 1d1c653c-c24c-4f9f-93f8-363bcaedc7a6<-d87a46af-94f7-42aa-b022-652610ab08cb#0:FAIL-t1. Peer's state: d87a46af-94f7-42aa-b022-652610ab08cb@group-6011D7D31FA9:t1, leader=null, voted=null, raftlog=d87a46af-94f7-42aa-b022-652610ab08cb@group-6011D7D31FA9-SegmentedRaftLog:OPENED:c-1, conf=-1: [72af5abb-0a78-4b64-9517-3021125997b8|rpc:10.1.0.16:45855|dataStream:|priority:0, 1d1c653c-c24c-4f9f-93f8-363bcaedc7a6|rpc:10.1.0.16:44043|dataStream:|priority:0, d87a46af-94f7-42aa-b022-652610ab08cb|rpc:10.1.0.16:36541|dataStream:|priority:1], old=null
2021-11-15 19:21:17,767 [d87a46af-94f7-42aa-b022-652610ab08cb@group-B749A3B4AC58-SegmentedRaftLogWorker] INFO  segmented.SegmentedRaftLogWorker (SegmentedRaftLogWorker.java:execute(601)) - d87a46af-94f7-42aa-b022-652610ab08cb@group-B749A3B4AC58-SegmentedRaftLogWorker: created new log segment /home/runner/work/ozone/ozone/hadoop-ozone/integration-test/target/test-dir/MiniOzoneClusterImpl-edab3eb4-5721-4c35-be90-debfdbe0e37e/datanode-4/data/ratis/46048c11-004b-4b6b-9774-b749a3b4ac58/current/log_inprogress_0
2021-11-15 19:21:17,770 [1d1c653c-c24c-4f9f-93f8-363bcaedc7a6@group-6011D7D31FA9-LeaderElection11] INFO  impl.LeaderElection (LeaderElection.java:logAndReturn(89)) - 1d1c653c-c24c-4f9f-93f8-363bcaedc7a6@group-6011D7D31FA9-LeaderElection11: ELECTION REJECTED received 2 response(s) and 0 exception(s):
2021-11-15 19:21:17,774 [1d1c653c-c24c-4f9f-93f8-363bcaedc7a6@group-6011D7D31FA9-LeaderElection11] INFO  impl.LeaderElection (LeaderElection.java:logAndReturn(93)) -   Response 0: 1d1c653c-c24c-4f9f-93f8-363bcaedc7a6<-72af5abb-0a78-4b64-9517-3021125997b8#0:FAIL-t1
2021-11-15 19:21:17,774 [1d1c653c-c24c-4f9f-93f8-363bcaedc7a6@group-6011D7D31FA9-LeaderElection11] INFO  impl.LeaderElection (LeaderElection.java:logAndReturn(93)) -   Response 1: 1d1c653c-c24c-4f9f-93f8-363bcaedc7a6<-d87a46af-94f7-42aa-b022-652610ab08cb#0:FAIL-t1
2021-11-15 19:21:17,774 [1d1c653c-c24c-4f9f-93f8-363bcaedc7a6@group-6011D7D31FA9-LeaderElection11] INFO  impl.LeaderElection (LeaderElection.java:askForVotes(308)) - 1d1c653c-c24c-4f9f-93f8-363bcaedc7a6@group-6011D7D31FA9-LeaderElection11 ELECTION round 0: result REJECTED
2021-11-15 19:21:17,774 [1d1c653c-c24c-4f9f-93f8-363bcaedc7a6@group-6011D7D31FA9-LeaderElection11] INFO  server.RaftServer$Division (RaftServerImpl.java:setRole(290)) - 1d1c653c-c24c-4f9f-93f8-363bcaedc7a6@group-6011D7D31FA9: changes role from CANDIDATE to FOLLOWER at term 1 for REJECTED
2021-11-15 19:21:17,775 [1d1c653c-c24c-4f9f-93f8-363bcaedc7a6@group-6011D7D31FA9-LeaderElection11] INFO  impl.RoleInfo (RoleInfo.java:shutdownLeaderElection(121)) - 1d1c653c-c24c-4f9f-93f8-363bcaedc7a6: shutdown 1d1c653c-c24c-4f9f-93f8-363bcaedc7a6@group-6011D7D31FA9-LeaderElection11
2021-11-15 19:21:17,775 [1d1c653c-c24c-4f9f-93f8-363bcaedc7a6@group-6011D7D31FA9-LeaderElection11] INFO  impl.RoleInfo (RoleInfo.java:updateAndGet(130)) - 1d1c653c-c24c-4f9f-93f8-363bcaedc7a6: start 1d1c653c-c24c-4f9f-93f8-363bcaedc7a6@group-6011D7D31FA9-FollowerState
2021-11-15 19:21:17,766 [72af5abb-0a78-4b64-9517-3021125997b8@group-45BD587A8A14-LeaderElection13] INFO  impl.LeaderElection (LeaderElection.java:askForVotes(308)) - 72af5abb-0a78-4b64-9517-3021125997b8@group-45BD587A8A14-LeaderElection13 ELECTION round 0: result PASSED (term=1)
2021-11-15 19:21:17,775 [72af5abb-0a78-4b64-9517-3021125997b8@group-45BD587A8A14-LeaderElection13] INFO  impl.RoleInfo (RoleInfo.java:shutdownLeaderElection(121)) - 72af5abb-0a78-4b64-9517-3021125997b8: shutdown 72af5abb-0a78-4b64-9517-3021125997b8@group-45BD587A8A14-LeaderElection13
2021-11-15 19:21:17,775 [72af5abb-0a78-4b64-9517-3021125997b8@group-45BD587A8A14-LeaderElection13] INFO  server.RaftServer$Division (RaftServerImpl.java:setRole(290)) - 72af5abb-0a78-4b64-9517-3021125997b8@group-45BD587A8A14: changes role from CANDIDATE to LEADER at term 1 for changeToLeader
2021-11-15 19:21:17,775 [72af5abb-0a78-4b64-9517-3021125997b8@group-45BD587A8A14-LeaderElection13] INFO  ratis.XceiverServerRatis (XceiverServerRatis.java:handleLeaderChangedNotification(866)) - Leader change notification received for group: group-45BD587A8A14 with new leaderId: 72af5abb-0a78-4b64-9517-3021125997b8
2021-11-15 19:21:17,770 [grpc-default-executor-0] INFO  impl.VoteContext (VoteContext.java:log(48)) - d87a46af-94f7-42aa-b022-652610ab08cb@group-6011D7D31FA9-FOLLOWER: reject ELECTION from 72af5abb-0a78-4b64-9517-3021125997b8: our priority 1 > candidate's priority 0
2021-11-15 19:21:17,775 [grpc-default-executor-0] INFO  server.RaftServer$Division (RaftServerImpl.java:setRole(290)) - d87a46af-94f7-42aa-b022-652610ab08cb@group-6011D7D31FA9: changes role from  FOLLOWER to FOLLOWER at term 1 for candidate:72af5abb-0a78-4b64-9517-3021125997b8
2021-11-15 19:21:17,775 [grpc-default-executor-0] INFO  impl.RoleInfo (RoleInfo.java:shutdownFollowerState(108)) - d87a46af-94f7-42aa-b022-652610ab08cb: shutdown d87a46af-94f7-42aa-b022-652610ab08cb@group-6011D7D31FA9-FollowerState
2021-11-15 19:21:17,778 [087c2b0c-5b45-457f-ac23-38cb521b1b9c@group-9613F75EFCD4-FollowerState] INFO  impl.FollowerState (FollowerState.java:run(134)) - 087c2b0c-5b45-457f-ac23-38cb521b1b9c@group-9613F75EFCD4-FollowerState: change to CANDIDATE, lastRpcElapsedTime:5212459861ns, electionTimeout:5199ms
2021-11-15 19:21:17,778 [087c2b0c-5b45-457f-ac23-38cb521b1b9c@group-9613F75EFCD4-FollowerState] INFO  impl.RoleInfo (RoleInfo.java:shutdownFollowerState(108)) - 087c2b0c-5b45-457f-ac23-38cb521b1b9c: shutdown 087c2b0c-5b45-457f-ac23-38cb521b1b9c@group-9613F75EFCD4-FollowerState
2021-11-15 19:21:17,778 [087c2b0c-5b45-457f-ac23-38cb521b1b9c@group-9613F75EFCD4-FollowerState] INFO  server.RaftServer$Division (RaftServerImpl.java:setRole(290)) - 087c2b0c-5b45-457f-ac23-38cb521b1b9c@group-9613F75EFCD4: changes role from  FOLLOWER to CANDIDATE at term 0 for changeToCandidate
2021-11-15 19:21:17,779 [087c2b0c-5b45-457f-ac23-38cb521b1b9c@group-9613F75EFCD4-FollowerState] INFO  server.RaftServerConfigKeys (ConfUtils.java:logGet(44)) - raft.server.leaderelection.pre-vote = false (custom)
2021-11-15 19:21:17,779 [087c2b0c-5b45-457f-ac23-38cb521b1b9c@group-9613F75EFCD4-FollowerState] INFO  impl.RoleInfo (RoleInfo.java:updateAndGet(130)) - 087c2b0c-5b45-457f-ac23-38cb521b1b9c: start 087c2b0c-5b45-457f-ac23-38cb521b1b9c@group-9613F75EFCD4-LeaderElection14
2021-11-15 19:21:17,784 [grpc-default-executor-0] INFO  impl.RoleInfo (RoleInfo.java:updateAndGet(130)) - d87a46af-94f7-42aa-b022-652610ab08cb: start d87a46af-94f7-42aa-b022-652610ab08cb@group-6011D7D31FA9-FollowerState
2021-11-15 19:21:17,784 [d87a46af-94f7-42aa-b022-652610ab08cb@group-6011D7D31FA9-FollowerState] INFO  impl.FollowerState (FollowerState.java:run(143)) - d87a46af-94f7-42aa-b022-652610ab08cb@group-6011D7D31FA9-FollowerState was interrupted: {}
java.lang.InterruptedException: sleep interrupted
	at java.lang.Thread.sleep(Native Method)
	at java.lang.Thread.sleep(Thread.java:340)
	at java.util.concurrent.TimeUnit.sleep(TimeUnit.java:386)
	at org.apache.ratis.util.TimeDuration.sleep(TimeDuration.java:324)
	at org.apache.ratis.util.TimeDuration.sleep(TimeDuration.java:309)
	at org.apache.ratis.server.impl.FollowerState.run(FollowerState.java:118)
2021-11-15 19:21:17,784 [grpc-default-executor-0] INFO  server.RaftServer$Division (RaftServerImpl.java:requestVote(1078)) - d87a46af-94f7-42aa-b022-652610ab08cb@group-6011D7D31FA9 replies to ELECTION vote request: 72af5abb-0a78-4b64-9517-3021125997b8<-d87a46af-94f7-42aa-b022-652610ab08cb#0:FAIL-t1. Peer's state: d87a46af-94f7-42aa-b022-652610ab08cb@group-6011D7D31FA9:t1, leader=null, voted=null, raftlog=d87a46af-94f7-42aa-b022-652610ab08cb@group-6011D7D31FA9-SegmentedRaftLog:OPENED:c-1, conf=-1: [72af5abb-0a78-4b64-9517-3021125997b8|rpc:10.1.0.16:45855|dataStream:|priority:0, 1d1c653c-c24c-4f9f-93f8-363bcaedc7a6|rpc:10.1.0.16:44043|dataStream:|priority:0, d87a46af-94f7-42aa-b022-652610ab08cb|rpc:10.1.0.16:36541|dataStream:|priority:1], old=null
2021-11-15 19:21:17,784 [72af5abb-0a78-4b64-9517-3021125997b8@group-45BD587A8A14-LeaderElection13] INFO  server.RaftServer$Division (ServerState.java:setLeader(285)) - 72af5abb-0a78-4b64-9517-3021125997b8@group-45BD587A8A14: change Leader from null to 72af5abb-0a78-4b64-9517-3021125997b8 at term 1 for becomeLeader, leader elected after 5423ms
2021-11-15 19:21:17,784 [72af5abb-0a78-4b64-9517-3021125997b8@group-45BD587A8A14-LeaderElection13] INFO  server.RaftServerConfigKeys (ConfUtils.java:logGet(44)) - raft.server.staging.catchup.gap = 1000 (default)
2021-11-15 19:21:17,785 [72af5abb-0a78-4b64-9517-3021125997b8@group-45BD587A8A14-LeaderElection13] INFO  server.RaftServerConfigKeys (ConfUtils.java:logGet(44)) - raft.server.write.element-limit = 1024 (custom)
2021-11-15 19:21:17,785 [72af5abb-0a78-4b64-9517-3021125997b8@group-45BD587A8A14-LeaderElection13] INFO  server.RaftServerConfigKeys (ConfUtils.java:logGet(44)) - raft.server.write.byte-limit = 1024 M (=1073741824) (custom)
2021-11-15 19:21:17,785 [72af5abb-0a78-4b64-9517-3021125997b8@group-45BD587A8A14-LeaderElection13] INFO  server.RaftServerConfigKeys (ConfUtils.java:logGet(44)) - raft.server.watch.timeout = 3000ms (custom)
2021-11-15 19:21:17,785 [72af5abb-0a78-4b64-9517-3021125997b8@group-45BD587A8A14-LeaderElection13] INFO  server.RaftServerConfigKeys (ConfUtils.java:logGet(44)) - raft.server.watch.timeout.denomination = 1s (default)
2021-11-15 19:21:17,785 [72af5abb-0a78-4b64-9517-3021125997b8@group-45BD587A8A14-LeaderElection13] INFO  server.RaftServerConfigKeys (ConfUtils.java:logGet(44)) - raft.server.watch.element-limit = 65536 (default)
2021-11-15 19:21:17,785 [72af5abb-0a78-4b64-9517-3021125997b8@group-45BD587A8A14-LeaderElection13] INFO  server.RaftServerConfigKeys (ConfUtils.java:logGet(44)) - raft.server.write.element-limit = 1024 (custom)
2021-11-15 19:21:17,785 [72af5abb-0a78-4b64-9517-3021125997b8@group-45BD587A8A14-LeaderElection13] INFO  server.RaftServerConfigKeys (ConfUtils.java:logGet(44)) - raft.server.write.follower.gap.ratio.max = -1.0 (default)
2021-11-15 19:21:17,793 [72af5abb-0a78-4b64-9517-3021125997b8@group-45BD587A8A14-LeaderElection13] INFO  impl.RoleInfo (RoleInfo.java:updateAndGet(130)) - 72af5abb-0a78-4b64-9517-3021125997b8: start 72af5abb-0a78-4b64-9517-3021125997b8@group-45BD587A8A14-LeaderStateImpl
2021-11-15 19:21:17,793 [72af5abb-0a78-4b64-9517-3021125997b8@group-45BD587A8A14-LeaderElection13] INFO  segmented.SegmentedRaftLogWorker (SegmentedRaftLogWorker.java:startLogSegment(394)) - 72af5abb-0a78-4b64-9517-3021125997b8@group-45BD587A8A14-SegmentedRaftLogWorker: Starting segment from index:0
2021-11-15 19:21:17,795 [72af5abb-0a78-4b64-9517-3021125997b8@group-45BD587A8A14-SegmentedRaftLogWorker] INFO  segmented.SegmentedRaftLogWorker (SegmentedRaftLogWorker.java:execute(601)) - 72af5abb-0a78-4b64-9517-3021125997b8@group-45BD587A8A14-SegmentedRaftLogWorker: created new log segment /home/runner/work/ozone/ozone/hadoop-ozone/integration-test/target/test-dir/MiniOzoneClusterImpl-edab3eb4-5721-4c35-be90-debfdbe0e37e/datanode-5/data/ratis/836c2ec7-88bd-49ae-8ce0-45bd587a8a14/current/log_inprogress_0
2021-11-15 19:21:17,803 [72af5abb-0a78-4b64-9517-3021125997b8@group-45BD587A8A14-LeaderElection13] INFO  server.RaftServer$Division (ServerState.java:setRaftConf(387)) - 72af5abb-0a78-4b64-9517-3021125997b8@group-45BD587A8A14: set configuration 0: [72af5abb-0a78-4b64-9517-3021125997b8|rpc:10.1.0.16:45855|dataStream:|priority:1], old=null
2021-11-15 19:21:17,799 [087c2b0c-5b45-457f-ac23-38cb521b1b9c@group-9613F75EFCD4-LeaderElection14] INFO  impl.LeaderElection (LeaderElection.java:askForVotes(306)) - 087c2b0c-5b45-457f-ac23-38cb521b1b9c@group-9613F75EFCD4-LeaderElection14 ELECTION round 0: submit vote requests at term 1 for -1: [087c2b0c-5b45-457f-ac23-38cb521b1b9c|rpc:10.1.0.16:32799|priority:1], old=null
2021-11-15 19:21:17,803 [087c2b0c-5b45-457f-ac23-38cb521b1b9c@group-9613F75EFCD4-LeaderElection14] INFO  impl.LeaderElection (LeaderElection.java:askForVotes(308)) - 087c2b0c-5b45-457f-ac23-38cb521b1b9c@group-9613F75EFCD4-LeaderElection14 ELECTION round 0: result PASSED (term=1)
2021-11-15 19:21:17,803 [087c2b0c-5b45-457f-ac23-38cb521b1b9c@group-9613F75EFCD4-LeaderElection14] INFO  impl.RoleInfo (RoleInfo.java:shutdownLeaderElection(121)) - 087c2b0c-5b45-457f-ac23-38cb521b1b9c: shutdown 087c2b0c-5b45-457f-ac23-38cb521b1b9c@group-9613F75EFCD4-LeaderElection14
2021-11-15 19:21:17,803 [087c2b0c-5b45-457f-ac23-38cb521b1b9c@group-9613F75EFCD4-LeaderElection14] INFO  server.RaftServer$Division (RaftServerImpl.java:setRole(290)) - 087c2b0c-5b45-457f-ac23-38cb521b1b9c@group-9613F75EFCD4: changes role from CANDIDATE to LEADER at term 1 for changeToLeader
2021-11-15 19:21:17,803 [087c2b0c-5b45-457f-ac23-38cb521b1b9c@group-9613F75EFCD4-LeaderElection14] INFO  ratis.XceiverServerRatis (XceiverServerRatis.java:handleLeaderChangedNotification(866)) - Leader change notification received for group: group-9613F75EFCD4 with new leaderId: 087c2b0c-5b45-457f-ac23-38cb521b1b9c
2021-11-15 19:21:17,803 [087c2b0c-5b45-457f-ac23-38cb521b1b9c@group-9613F75EFCD4-LeaderElection14] INFO  server.RaftServer$Division (ServerState.java:setLeader(285)) - 087c2b0c-5b45-457f-ac23-38cb521b1b9c@group-9613F75EFCD4: change Leader from null to 087c2b0c-5b45-457f-ac23-38cb521b1b9c at term 1 for becomeLeader, leader elected after 5244ms
2021-11-15 19:21:17,803 [087c2b0c-5b45-457f-ac23-38cb521b1b9c@group-9613F75EFCD4-LeaderElection14] INFO  server.RaftServerConfigKeys (ConfUtils.java:logGet(44)) - raft.server.staging.catchup.gap = 1000 (default)
2021-11-15 19:21:17,804 [087c2b0c-5b45-457f-ac23-38cb521b1b9c@group-9613F75EFCD4-LeaderElection14] INFO  server.RaftServerConfigKeys (ConfUtils.java:logGet(44)) - raft.server.write.element-limit = 1024 (custom)
2021-11-15 19:21:17,804 [087c2b0c-5b45-457f-ac23-38cb521b1b9c@group-9613F75EFCD4-LeaderElection14] INFO  server.RaftServerConfigKeys (ConfUtils.java:logGet(44)) - raft.server.write.byte-limit = 1024 M (=1073741824) (custom)
2021-11-15 19:21:17,804 [087c2b0c-5b45-457f-ac23-38cb521b1b9c@group-9613F75EFCD4-LeaderElection14] INFO  server.RaftServerConfigKeys (ConfUtils.java:logGet(44)) - raft.server.watch.timeout = 3000ms (custom)
2021-11-15 19:21:17,804 [087c2b0c-5b45-457f-ac23-38cb521b1b9c@group-9613F75EFCD4-LeaderElection14] INFO  server.RaftServerConfigKeys (ConfUtils.java:logGet(44)) - raft.server.watch.timeout.denomination = 1s (default)
2021-11-15 19:21:17,804 [087c2b0c-5b45-457f-ac23-38cb521b1b9c@group-9613F75EFCD4-LeaderElection14] INFO  server.RaftServerConfigKeys (ConfUtils.java:logGet(44)) - raft.server.watch.element-limit = 65536 (default)
2021-11-15 19:21:17,804 [087c2b0c-5b45-457f-ac23-38cb521b1b9c@group-9613F75EFCD4-LeaderElection14] INFO  server.RaftServerConfigKeys (ConfUtils.java:logGet(44)) - raft.server.write.element-limit = 1024 (custom)
2021-11-15 19:21:17,804 [087c2b0c-5b45-457f-ac23-38cb521b1b9c@group-9613F75EFCD4-LeaderElection14] INFO  server.RaftServerConfigKeys (ConfUtils.java:logGet(44)) - raft.server.write.follower.gap.ratio.max = -1.0 (default)
2021-11-15 19:21:17,804 [087c2b0c-5b45-457f-ac23-38cb521b1b9c@group-9613F75EFCD4-LeaderElection14] INFO  impl.RoleInfo (RoleInfo.java:updateAndGet(130)) - 087c2b0c-5b45-457f-ac23-38cb521b1b9c: start 087c2b0c-5b45-457f-ac23-38cb521b1b9c@group-9613F75EFCD4-LeaderStateImpl
2021-11-15 19:21:17,804 [087c2b0c-5b45-457f-ac23-38cb521b1b9c@group-9613F75EFCD4-LeaderElection14] INFO  segmented.SegmentedRaftLogWorker (SegmentedRaftLogWorker.java:startLogSegment(394)) - 087c2b0c-5b45-457f-ac23-38cb521b1b9c@group-9613F75EFCD4-SegmentedRaftLogWorker: Starting segment from index:0
2021-11-15 19:21:17,798 [72af5abb-0a78-4b64-9517-3021125997b8@group-6011D7D31FA9-LeaderElection10] INFO  impl.LeaderElection (LeaderElection.java:logAndReturn(89)) - 72af5abb-0a78-4b64-9517-3021125997b8@group-6011D7D31FA9-LeaderElection10: ELECTION REJECTED received 2 response(s) and 0 exception(s):
2021-11-15 19:21:17,805 [72af5abb-0a78-4b64-9517-3021125997b8@group-6011D7D31FA9-LeaderElection10] INFO  impl.LeaderElection (LeaderElection.java:logAndReturn(93)) -   Response 0: 72af5abb-0a78-4b64-9517-3021125997b8<-1d1c653c-c24c-4f9f-93f8-363bcaedc7a6#0:FAIL-t1
2021-11-15 19:21:17,805 [72af5abb-0a78-4b64-9517-3021125997b8@group-6011D7D31FA9-LeaderElection10] INFO  impl.LeaderElection (LeaderElection.java:logAndReturn(93)) -   Response 1: 72af5abb-0a78-4b64-9517-3021125997b8<-d87a46af-94f7-42aa-b022-652610ab08cb#0:FAIL-t1
2021-11-15 19:21:17,808 [087c2b0c-5b45-457f-ac23-38cb521b1b9c@group-9613F75EFCD4-SegmentedRaftLogWorker] INFO  segmented.SegmentedRaftLogWorker (SegmentedRaftLogWorker.java:execute(601)) - 087c2b0c-5b45-457f-ac23-38cb521b1b9c@group-9613F75EFCD4-SegmentedRaftLogWorker: created new log segment /home/runner/work/ozone/ozone/hadoop-ozone/integration-test/target/test-dir/MiniOzoneClusterImpl-edab3eb4-5721-4c35-be90-debfdbe0e37e/datanode-6/data/ratis/2090d85a-f2c5-459e-8366-9613f75efcd4/current/log_inprogress_0
2021-11-15 19:21:17,810 [72af5abb-0a78-4b64-9517-3021125997b8@group-6011D7D31FA9-LeaderElection10] INFO  impl.LeaderElection (LeaderElection.java:askForVotes(308)) - 72af5abb-0a78-4b64-9517-3021125997b8@group-6011D7D31FA9-LeaderElection10 ELECTION round 0: result REJECTED
2021-11-15 19:21:17,810 [72af5abb-0a78-4b64-9517-3021125997b8@group-6011D7D31FA9-LeaderElection10] INFO  server.RaftServer$Division (RaftServerImpl.java:setRole(290)) - 72af5abb-0a78-4b64-9517-3021125997b8@group-6011D7D31FA9: changes role from CANDIDATE to FOLLOWER at term 1 for REJECTED
2021-11-15 19:21:17,810 [72af5abb-0a78-4b64-9517-3021125997b8@group-6011D7D31FA9-LeaderElection10] INFO  impl.RoleInfo (RoleInfo.java:shutdownLeaderElection(121)) - 72af5abb-0a78-4b64-9517-3021125997b8: shutdown 72af5abb-0a78-4b64-9517-3021125997b8@group-6011D7D31FA9-LeaderElection10
2021-11-15 19:21:17,810 [72af5abb-0a78-4b64-9517-3021125997b8@group-6011D7D31FA9-LeaderElection10] INFO  impl.RoleInfo (RoleInfo.java:updateAndGet(130)) - 72af5abb-0a78-4b64-9517-3021125997b8: start 72af5abb-0a78-4b64-9517-3021125997b8@group-6011D7D31FA9-FollowerState
2021-11-15 19:21:17,816 [087c2b0c-5b45-457f-ac23-38cb521b1b9c@group-9613F75EFCD4-LeaderElection14] INFO  server.RaftServer$Division (ServerState.java:setRaftConf(387)) - 087c2b0c-5b45-457f-ac23-38cb521b1b9c@group-9613F75EFCD4: set configuration 0: [087c2b0c-5b45-457f-ac23-38cb521b1b9c|rpc:10.1.0.16:32799|dataStream:|priority:1], old=null
2021-11-15 19:21:17,821 [Listener at 127.0.0.1/38415] INFO  rpc.RpcClient (RpcClient.java:createVolume(349)) - Creating Volume: testblockoutputstream, with runner as owner and space quota set to -1 bytes, counts quota set to -1
2021-11-15 19:21:18,110 [OM StateMachine ApplyTransaction Thread - 0] INFO  volume.OMVolumeCreateRequest (OMVolumeCreateRequest.java:validateAndUpdateCache(195)) - created volume:testblockoutputstream for user:runner
2021-11-15 19:21:18,140 [Listener at 127.0.0.1/38415] INFO  rpc.RpcClient (RpcClient.java:createBucket(509)) - Creating Bucket: testblockoutputstream/testblockoutputstream, with Versioning false and Storage Type set to DISK and Encryption set to false 
2021-11-15 19:21:18,218 [IPC Server handler 0 on default port 39849] INFO  ha.SequenceIdGenerator (SequenceIdGenerator.java:getNextId(127)) - Allocate a batch for containerId, change lastId from 0 to 1000.
2021-11-15 19:21:18,231 [IPC Server handler 0 on default port 39849] WARN  ha.SequenceIdGenerator (SequenceIdGenerator.java:allocateBatch(235)) - Failed to allocate a batch for localId, expected lastId is 0, actual lastId is 107544261427200000.
2021-11-15 19:21:18,232 [IPC Server handler 0 on default port 39849] INFO  ha.SequenceIdGenerator (SequenceIdGenerator.java:getNextId(127)) - Allocate a batch for localId, change lastId from 107544261427200000 to 107544261427201000.
2021-11-15 19:21:18,320 [Listener at 127.0.0.1/38415] INFO  impl.MetricsSystemImpl (MetricsSystemImpl.java:init(158)) - XceiverClientMetrics metrics system started (again)
2021-11-15 19:21:21,143 [c038e53c-4808-40a4-bcac-87a6adf6dbd8@group-9B0D820938DF-FollowerState] INFO  impl.FollowerState (FollowerState.java:run(134)) - c038e53c-4808-40a4-bcac-87a6adf6dbd8@group-9B0D820938DF-FollowerState: change to CANDIDATE, lastRpcElapsedTime:5005063449ns, electionTimeout:5001ms
2021-11-15 19:21:21,143 [c038e53c-4808-40a4-bcac-87a6adf6dbd8@group-9B0D820938DF-FollowerState] INFO  impl.RoleInfo (RoleInfo.java:shutdownFollowerState(108)) - c038e53c-4808-40a4-bcac-87a6adf6dbd8: shutdown c038e53c-4808-40a4-bcac-87a6adf6dbd8@group-9B0D820938DF-FollowerState
2021-11-15 19:21:21,143 [c038e53c-4808-40a4-bcac-87a6adf6dbd8@group-9B0D820938DF-FollowerState] INFO  server.RaftServer$Division (RaftServerImpl.java:setRole(290)) - c038e53c-4808-40a4-bcac-87a6adf6dbd8@group-9B0D820938DF: changes role from  FOLLOWER to CANDIDATE at term 1 for changeToCandidate
2021-11-15 19:21:21,143 [c038e53c-4808-40a4-bcac-87a6adf6dbd8@group-9B0D820938DF-FollowerState] INFO  server.RaftServerConfigKeys (ConfUtils.java:logGet(44)) - raft.server.leaderelection.pre-vote = false (custom)
2021-11-15 19:21:21,143 [c038e53c-4808-40a4-bcac-87a6adf6dbd8@group-9B0D820938DF-FollowerState] INFO  impl.RoleInfo (RoleInfo.java:updateAndGet(130)) - c038e53c-4808-40a4-bcac-87a6adf6dbd8: start c038e53c-4808-40a4-bcac-87a6adf6dbd8@group-9B0D820938DF-LeaderElection15
2021-11-15 19:21:21,147 [c038e53c-4808-40a4-bcac-87a6adf6dbd8@group-9B0D820938DF-LeaderElection15] INFO  impl.LeaderElection (LeaderElection.java:askForVotes(306)) - c038e53c-4808-40a4-bcac-87a6adf6dbd8@group-9B0D820938DF-LeaderElection15 ELECTION round 0: submit vote requests at term 2 for -1: [c038e53c-4808-40a4-bcac-87a6adf6dbd8|rpc:10.1.0.16:46879|priority:0, 5f24cb3a-787a-4f69-a830-2d3d8b70745a|rpc:10.1.0.16:34579|priority:1, bce623f1-3c31-45ef-9861-869f671ae311|rpc:10.1.0.16:38881|priority:0], old=null
2021-11-15 19:21:21,152 [grpc-default-executor-1] INFO  server.RaftServer$Division (RaftServerImpl.java:requestVote(1046)) - 5f24cb3a-787a-4f69-a830-2d3d8b70745a@group-9B0D820938DF: receive requestVote(ELECTION, c038e53c-4808-40a4-bcac-87a6adf6dbd8, group-9B0D820938DF, 2, (t:0, i:0))
2021-11-15 19:21:21,154 [grpc-default-executor-1] INFO  impl.VoteContext (VoteContext.java:log(48)) - 5f24cb3a-787a-4f69-a830-2d3d8b70745a@group-9B0D820938DF-FOLLOWER: reject ELECTION from c038e53c-4808-40a4-bcac-87a6adf6dbd8: our priority 1 > candidate's priority 0
2021-11-15 19:21:21,154 [grpc-default-executor-1] INFO  server.RaftServer$Division (RaftServerImpl.java:setRole(290)) - 5f24cb3a-787a-4f69-a830-2d3d8b70745a@group-9B0D820938DF: changes role from  FOLLOWER to FOLLOWER at term 2 for candidate:c038e53c-4808-40a4-bcac-87a6adf6dbd8
2021-11-15 19:21:21,154 [grpc-default-executor-1] INFO  impl.RoleInfo (RoleInfo.java:shutdownFollowerState(108)) - 5f24cb3a-787a-4f69-a830-2d3d8b70745a: shutdown 5f24cb3a-787a-4f69-a830-2d3d8b70745a@group-9B0D820938DF-FollowerState
2021-11-15 19:21:21,154 [grpc-default-executor-1] INFO  impl.RoleInfo (RoleInfo.java:updateAndGet(130)) - 5f24cb3a-787a-4f69-a830-2d3d8b70745a: start 5f24cb3a-787a-4f69-a830-2d3d8b70745a@group-9B0D820938DF-FollowerState
2021-11-15 19:21:21,154 [5f24cb3a-787a-4f69-a830-2d3d8b70745a@group-9B0D820938DF-FollowerState] INFO  impl.FollowerState (FollowerState.java:run(143)) - 5f24cb3a-787a-4f69-a830-2d3d8b70745a@group-9B0D820938DF-FollowerState was interrupted: {}
java.lang.InterruptedException: sleep interrupted
	at java.lang.Thread.sleep(Native Method)
	at java.lang.Thread.sleep(Thread.java:340)
	at java.util.concurrent.TimeUnit.sleep(TimeUnit.java:386)
	at org.apache.ratis.util.TimeDuration.sleep(TimeDuration.java:324)
	at org.apache.ratis.util.TimeDuration.sleep(TimeDuration.java:309)
	at org.apache.ratis.server.impl.FollowerState.run(FollowerState.java:118)
2021-11-15 19:21:21,156 [grpc-default-executor-1] INFO  server.RaftServer$Division (RaftServerImpl.java:requestVote(1078)) - 5f24cb3a-787a-4f69-a830-2d3d8b70745a@group-9B0D820938DF replies to ELECTION vote request: c038e53c-4808-40a4-bcac-87a6adf6dbd8<-5f24cb3a-787a-4f69-a830-2d3d8b70745a#0:FAIL-t2. Peer's state: 5f24cb3a-787a-4f69-a830-2d3d8b70745a@group-9B0D820938DF:t2, leader=null, voted=null, raftlog=5f24cb3a-787a-4f69-a830-2d3d8b70745a@group-9B0D820938DF-SegmentedRaftLog:OPENED:c-1, conf=-1: [c038e53c-4808-40a4-bcac-87a6adf6dbd8|rpc:10.1.0.16:46879|dataStream:|priority:0, 5f24cb3a-787a-4f69-a830-2d3d8b70745a|rpc:10.1.0.16:34579|dataStream:|priority:1, bce623f1-3c31-45ef-9861-869f671ae311|rpc:10.1.0.16:38881|dataStream:|priority:0], old=null
2021-11-15 19:21:21,157 [c038e53c-4808-40a4-bcac-87a6adf6dbd8@group-9B0D820938DF-LeaderElection15] INFO  impl.LeaderElection (LeaderElection.java:logAndReturn(89)) - c038e53c-4808-40a4-bcac-87a6adf6dbd8@group-9B0D820938DF-LeaderElection15: ELECTION REJECTED received 1 response(s) and 0 exception(s):
2021-11-15 19:21:21,158 [c038e53c-4808-40a4-bcac-87a6adf6dbd8@group-9B0D820938DF-LeaderElection15] INFO  impl.LeaderElection (LeaderElection.java:logAndReturn(93)) -   Response 0: c038e53c-4808-40a4-bcac-87a6adf6dbd8<-5f24cb3a-787a-4f69-a830-2d3d8b70745a#0:FAIL-t2
2021-11-15 19:21:21,158 [c038e53c-4808-40a4-bcac-87a6adf6dbd8@group-9B0D820938DF-LeaderElection15] INFO  impl.LeaderElection (LeaderElection.java:askForVotes(308)) - c038e53c-4808-40a4-bcac-87a6adf6dbd8@group-9B0D820938DF-LeaderElection15 ELECTION round 0: result REJECTED
2021-11-15 19:21:21,158 [c038e53c-4808-40a4-bcac-87a6adf6dbd8@group-9B0D820938DF-LeaderElection15] INFO  server.RaftServer$Division (RaftServerImpl.java:setRole(290)) - c038e53c-4808-40a4-bcac-87a6adf6dbd8@group-9B0D820938DF: changes role from CANDIDATE to FOLLOWER at term 2 for REJECTED
2021-11-15 19:21:21,160 [c038e53c-4808-40a4-bcac-87a6adf6dbd8@group-9B0D820938DF-LeaderElection15] INFO  impl.RoleInfo (RoleInfo.java:shutdownLeaderElection(121)) - c038e53c-4808-40a4-bcac-87a6adf6dbd8: shutdown c038e53c-4808-40a4-bcac-87a6adf6dbd8@group-9B0D820938DF-LeaderElection15
2021-11-15 19:21:21,160 [c038e53c-4808-40a4-bcac-87a6adf6dbd8@group-9B0D820938DF-LeaderElection15] INFO  impl.RoleInfo (RoleInfo.java:updateAndGet(130)) - c038e53c-4808-40a4-bcac-87a6adf6dbd8: start c038e53c-4808-40a4-bcac-87a6adf6dbd8@group-9B0D820938DF-FollowerState
2021-11-15 19:21:21,163 [grpc-default-executor-1] INFO  server.RaftServer$Division (RaftServerImpl.java:requestVote(1046)) - bce623f1-3c31-45ef-9861-869f671ae311@group-9B0D820938DF: receive requestVote(ELECTION, c038e53c-4808-40a4-bcac-87a6adf6dbd8, group-9B0D820938DF, 2, (t:0, i:0))
2021-11-15 19:21:21,164 [grpc-default-executor-1] INFO  impl.VoteContext (VoteContext.java:log(48)) - bce623f1-3c31-45ef-9861-869f671ae311@group-9B0D820938DF-FOLLOWER: accept ELECTION from c038e53c-4808-40a4-bcac-87a6adf6dbd8: our priority 0 <= candidate's priority 0
2021-11-15 19:21:21,164 [grpc-default-executor-1] INFO  server.RaftServer$Division (RaftServerImpl.java:setRole(290)) - bce623f1-3c31-45ef-9861-869f671ae311@group-9B0D820938DF: changes role from  FOLLOWER to FOLLOWER at term 2 for candidate:c038e53c-4808-40a4-bcac-87a6adf6dbd8
2021-11-15 19:21:21,164 [grpc-default-executor-1] INFO  impl.RoleInfo (RoleInfo.java:shutdownFollowerState(108)) - bce623f1-3c31-45ef-9861-869f671ae311: shutdown bce623f1-3c31-45ef-9861-869f671ae311@group-9B0D820938DF-FollowerState
2021-11-15 19:21:21,164 [grpc-default-executor-1] INFO  impl.RoleInfo (RoleInfo.java:updateAndGet(130)) - bce623f1-3c31-45ef-9861-869f671ae311: start bce623f1-3c31-45ef-9861-869f671ae311@group-9B0D820938DF-FollowerState
2021-11-15 19:21:21,165 [bce623f1-3c31-45ef-9861-869f671ae311@group-9B0D820938DF-FollowerState] INFO  impl.FollowerState (FollowerState.java:run(143)) - bce623f1-3c31-45ef-9861-869f671ae311@group-9B0D820938DF-FollowerState was interrupted: {}
java.lang.InterruptedException: sleep interrupted
	at java.lang.Thread.sleep(Native Method)
	at java.lang.Thread.sleep(Thread.java:340)
	at java.util.concurrent.TimeUnit.sleep(TimeUnit.java:386)
	at org.apache.ratis.util.TimeDuration.sleep(TimeDuration.java:324)
	at org.apache.ratis.util.TimeDuration.sleep(TimeDuration.java:309)
	at org.apache.ratis.server.impl.FollowerState.run(FollowerState.java:118)
2021-11-15 19:21:21,166 [grpc-default-executor-1] INFO  server.RaftServer$Division (RaftServerImpl.java:requestVote(1078)) - bce623f1-3c31-45ef-9861-869f671ae311@group-9B0D820938DF replies to ELECTION vote request: c038e53c-4808-40a4-bcac-87a6adf6dbd8<-bce623f1-3c31-45ef-9861-869f671ae311#0:OK-t2. Peer's state: bce623f1-3c31-45ef-9861-869f671ae311@group-9B0D820938DF:t2, leader=null, voted=c038e53c-4808-40a4-bcac-87a6adf6dbd8, raftlog=bce623f1-3c31-45ef-9861-869f671ae311@group-9B0D820938DF-SegmentedRaftLog:OPENED:c-1, conf=-1: [c038e53c-4808-40a4-bcac-87a6adf6dbd8|rpc:10.1.0.16:46879|priority:0, 5f24cb3a-787a-4f69-a830-2d3d8b70745a|rpc:10.1.0.16:34579|priority:1, bce623f1-3c31-45ef-9861-869f671ae311|rpc:10.1.0.16:38881|priority:0], old=null
2021-11-15 19:21:22,020 [c038e53c-4808-40a4-bcac-87a6adf6dbd8@group-3123CD3C107D-FollowerState] INFO  impl.FollowerState (FollowerState.java:run(134)) - c038e53c-4808-40a4-bcac-87a6adf6dbd8@group-3123CD3C107D-FollowerState: change to CANDIDATE, lastRpcElapsedTime:5186755550ns, electionTimeout:5184ms
2021-11-15 19:21:22,021 [c038e53c-4808-40a4-bcac-87a6adf6dbd8@group-3123CD3C107D-FollowerState] INFO  impl.RoleInfo (RoleInfo.java:shutdownFollowerState(108)) - c038e53c-4808-40a4-bcac-87a6adf6dbd8: shutdown c038e53c-4808-40a4-bcac-87a6adf6dbd8@group-3123CD3C107D-FollowerState
2021-11-15 19:21:22,021 [c038e53c-4808-40a4-bcac-87a6adf6dbd8@group-3123CD3C107D-FollowerState] INFO  server.RaftServer$Division (RaftServerImpl.java:setRole(290)) - c038e53c-4808-40a4-bcac-87a6adf6dbd8@group-3123CD3C107D: changes role from  FOLLOWER to CANDIDATE at term 1 for changeToCandidate
2021-11-15 19:21:22,021 [c038e53c-4808-40a4-bcac-87a6adf6dbd8@group-3123CD3C107D-FollowerState] INFO  server.RaftServerConfigKeys (ConfUtils.java:logGet(44)) - raft.server.leaderelection.pre-vote = false (custom)
2021-11-15 19:21:22,021 [c038e53c-4808-40a4-bcac-87a6adf6dbd8@group-3123CD3C107D-FollowerState] INFO  impl.RoleInfo (RoleInfo.java:updateAndGet(130)) - c038e53c-4808-40a4-bcac-87a6adf6dbd8: start c038e53c-4808-40a4-bcac-87a6adf6dbd8@group-3123CD3C107D-LeaderElection16
2021-11-15 19:21:22,024 [c038e53c-4808-40a4-bcac-87a6adf6dbd8@group-3123CD3C107D-LeaderElection16] INFO  impl.LeaderElection (LeaderElection.java:askForVotes(306)) - c038e53c-4808-40a4-bcac-87a6adf6dbd8@group-3123CD3C107D-LeaderElection16 ELECTION round 0: submit vote requests at term 2 for -1: [c038e53c-4808-40a4-bcac-87a6adf6dbd8|rpc:10.1.0.16:46879|priority:0, 5f24cb3a-787a-4f69-a830-2d3d8b70745a|rpc:10.1.0.16:34579|priority:0, bce623f1-3c31-45ef-9861-869f671ae311|rpc:10.1.0.16:38881|priority:1], old=null
2021-11-15 19:21:22,029 [grpc-default-executor-1] INFO  server.RaftServer$Division (RaftServerImpl.java:requestVote(1046)) - bce623f1-3c31-45ef-9861-869f671ae311@group-3123CD3C107D: receive requestVote(ELECTION, c038e53c-4808-40a4-bcac-87a6adf6dbd8, group-3123CD3C107D, 2, (t:0, i:0))
2021-11-15 19:21:22,029 [grpc-default-executor-1] INFO  impl.VoteContext (VoteContext.java:log(48)) - bce623f1-3c31-45ef-9861-869f671ae311@group-3123CD3C107D-FOLLOWER: reject ELECTION from c038e53c-4808-40a4-bcac-87a6adf6dbd8: our priority 1 > candidate's priority 0
2021-11-15 19:21:22,029 [grpc-default-executor-1] INFO  server.RaftServer$Division (RaftServerImpl.java:setRole(290)) - bce623f1-3c31-45ef-9861-869f671ae311@group-3123CD3C107D: changes role from  FOLLOWER to FOLLOWER at term 2 for candidate:c038e53c-4808-40a4-bcac-87a6adf6dbd8
2021-11-15 19:21:22,029 [grpc-default-executor-1] INFO  impl.RoleInfo (RoleInfo.java:shutdownFollowerState(108)) - bce623f1-3c31-45ef-9861-869f671ae311: shutdown bce623f1-3c31-45ef-9861-869f671ae311@group-3123CD3C107D-FollowerState
2021-11-15 19:21:22,029 [grpc-default-executor-1] INFO  impl.RoleInfo (RoleInfo.java:updateAndGet(130)) - bce623f1-3c31-45ef-9861-869f671ae311: start bce623f1-3c31-45ef-9861-869f671ae311@group-3123CD3C107D-FollowerState
2021-11-15 19:21:22,034 [grpc-default-executor-2] INFO  server.RaftServer$Division (RaftServerImpl.java:requestVote(1046)) - 5f24cb3a-787a-4f69-a830-2d3d8b70745a@group-3123CD3C107D: receive requestVote(ELECTION, c038e53c-4808-40a4-bcac-87a6adf6dbd8, group-3123CD3C107D, 2, (t:0, i:0))
2021-11-15 19:21:22,034 [grpc-default-executor-2] INFO  impl.VoteContext (VoteContext.java:log(48)) - 5f24cb3a-787a-4f69-a830-2d3d8b70745a@group-3123CD3C107D-FOLLOWER: accept ELECTION from c038e53c-4808-40a4-bcac-87a6adf6dbd8: our priority 0 <= candidate's priority 0
2021-11-15 19:21:22,034 [grpc-default-executor-2] INFO  server.RaftServer$Division (RaftServerImpl.java:setRole(290)) - 5f24cb3a-787a-4f69-a830-2d3d8b70745a@group-3123CD3C107D: changes role from  FOLLOWER to FOLLOWER at term 2 for candidate:c038e53c-4808-40a4-bcac-87a6adf6dbd8
2021-11-15 19:21:22,034 [grpc-default-executor-2] INFO  impl.RoleInfo (RoleInfo.java:shutdownFollowerState(108)) - 5f24cb3a-787a-4f69-a830-2d3d8b70745a: shutdown 5f24cb3a-787a-4f69-a830-2d3d8b70745a@group-3123CD3C107D-FollowerState
2021-11-15 19:21:22,034 [grpc-default-executor-2] INFO  impl.RoleInfo (RoleInfo.java:updateAndGet(130)) - 5f24cb3a-787a-4f69-a830-2d3d8b70745a: start 5f24cb3a-787a-4f69-a830-2d3d8b70745a@group-3123CD3C107D-FollowerState
2021-11-15 19:21:22,034 [bce623f1-3c31-45ef-9861-869f671ae311@group-3123CD3C107D-FollowerState] INFO  impl.FollowerState (FollowerState.java:run(143)) - bce623f1-3c31-45ef-9861-869f671ae311@group-3123CD3C107D-FollowerState was interrupted: {}
java.lang.InterruptedException: sleep interrupted
	at java.lang.Thread.sleep(Native Method)
	at java.lang.Thread.sleep(Thread.java:340)
	at java.util.concurrent.TimeUnit.sleep(TimeUnit.java:386)
	at org.apache.ratis.util.TimeDuration.sleep(TimeDuration.java:324)
	at org.apache.ratis.util.TimeDuration.sleep(TimeDuration.java:309)
	at org.apache.ratis.server.impl.FollowerState.run(FollowerState.java:118)
2021-11-15 19:21:22,034 [5f24cb3a-787a-4f69-a830-2d3d8b70745a@group-3123CD3C107D-FollowerState] INFO  impl.FollowerState (FollowerState.java:run(143)) - 5f24cb3a-787a-4f69-a830-2d3d8b70745a@group-3123CD3C107D-FollowerState was interrupted: {}
java.lang.InterruptedException: sleep interrupted
	at java.lang.Thread.sleep(Native Method)
	at java.lang.Thread.sleep(Thread.java:340)
	at java.util.concurrent.TimeUnit.sleep(TimeUnit.java:386)
	at org.apache.ratis.util.TimeDuration.sleep(TimeDuration.java:324)
	at org.apache.ratis.util.TimeDuration.sleep(TimeDuration.java:309)
	at org.apache.ratis.server.impl.FollowerState.run(FollowerState.java:118)
2021-11-15 19:21:22,035 [grpc-default-executor-1] INFO  server.RaftServer$Division (RaftServerImpl.java:requestVote(1078)) - bce623f1-3c31-45ef-9861-869f671ae311@group-3123CD3C107D replies to ELECTION vote request: c038e53c-4808-40a4-bcac-87a6adf6dbd8<-bce623f1-3c31-45ef-9861-869f671ae311#0:FAIL-t2. Peer's state: bce623f1-3c31-45ef-9861-869f671ae311@group-3123CD3C107D:t2, leader=null, voted=null, raftlog=bce623f1-3c31-45ef-9861-869f671ae311@group-3123CD3C107D-SegmentedRaftLog:OPENED:c-1, conf=-1: [c038e53c-4808-40a4-bcac-87a6adf6dbd8|rpc:10.1.0.16:46879|priority:0, 5f24cb3a-787a-4f69-a830-2d3d8b70745a|rpc:10.1.0.16:34579|priority:0, bce623f1-3c31-45ef-9861-869f671ae311|rpc:10.1.0.16:38881|priority:1], old=null
2021-11-15 19:21:22,037 [grpc-default-executor-2] INFO  server.RaftServer$Division (RaftServerImpl.java:requestVote(1078)) - 5f24cb3a-787a-4f69-a830-2d3d8b70745a@group-3123CD3C107D replies to ELECTION vote request: c038e53c-4808-40a4-bcac-87a6adf6dbd8<-5f24cb3a-787a-4f69-a830-2d3d8b70745a#0:OK-t2. Peer's state: 5f24cb3a-787a-4f69-a830-2d3d8b70745a@group-3123CD3C107D:t2, leader=null, voted=c038e53c-4808-40a4-bcac-87a6adf6dbd8, raftlog=5f24cb3a-787a-4f69-a830-2d3d8b70745a@group-3123CD3C107D-SegmentedRaftLog:OPENED:c-1, conf=-1: [c038e53c-4808-40a4-bcac-87a6adf6dbd8|rpc:10.1.0.16:46879|dataStream:|priority:0, 5f24cb3a-787a-4f69-a830-2d3d8b70745a|rpc:10.1.0.16:34579|dataStream:|priority:0, bce623f1-3c31-45ef-9861-869f671ae311|rpc:10.1.0.16:38881|dataStream:|priority:1], old=null
2021-11-15 19:21:22,038 [c038e53c-4808-40a4-bcac-87a6adf6dbd8@group-3123CD3C107D-LeaderElection16] INFO  impl.LeaderElection (LeaderElection.java:logAndReturn(89)) - c038e53c-4808-40a4-bcac-87a6adf6dbd8@group-3123CD3C107D-LeaderElection16: ELECTION REJECTED received 1 response(s) and 0 exception(s):
2021-11-15 19:21:22,039 [c038e53c-4808-40a4-bcac-87a6adf6dbd8@group-3123CD3C107D-LeaderElection16] INFO  impl.LeaderElection (LeaderElection.java:logAndReturn(93)) -   Response 0: c038e53c-4808-40a4-bcac-87a6adf6dbd8<-bce623f1-3c31-45ef-9861-869f671ae311#0:FAIL-t2
2021-11-15 19:21:22,039 [c038e53c-4808-40a4-bcac-87a6adf6dbd8@group-3123CD3C107D-LeaderElection16] INFO  impl.LeaderElection (LeaderElection.java:askForVotes(308)) - c038e53c-4808-40a4-bcac-87a6adf6dbd8@group-3123CD3C107D-LeaderElection16 ELECTION round 0: result REJECTED
2021-11-15 19:21:22,039 [c038e53c-4808-40a4-bcac-87a6adf6dbd8@group-3123CD3C107D-LeaderElection16] INFO  server.RaftServer$Division (RaftServerImpl.java:setRole(290)) - c038e53c-4808-40a4-bcac-87a6adf6dbd8@group-3123CD3C107D: changes role from CANDIDATE to FOLLOWER at term 2 for REJECTED
2021-11-15 19:21:22,039 [c038e53c-4808-40a4-bcac-87a6adf6dbd8@group-3123CD3C107D-LeaderElection16] INFO  impl.RoleInfo (RoleInfo.java:shutdownLeaderElection(121)) - c038e53c-4808-40a4-bcac-87a6adf6dbd8: shutdown c038e53c-4808-40a4-bcac-87a6adf6dbd8@group-3123CD3C107D-LeaderElection16
2021-11-15 19:21:22,039 [c038e53c-4808-40a4-bcac-87a6adf6dbd8@group-3123CD3C107D-LeaderElection16] INFO  impl.RoleInfo (RoleInfo.java:updateAndGet(130)) - c038e53c-4808-40a4-bcac-87a6adf6dbd8: start c038e53c-4808-40a4-bcac-87a6adf6dbd8@group-3123CD3C107D-FollowerState
2021-11-15 19:21:22,797 [1d1c653c-c24c-4f9f-93f8-363bcaedc7a6@group-6011D7D31FA9-FollowerState] INFO  impl.FollowerState (FollowerState.java:run(134)) - 1d1c653c-c24c-4f9f-93f8-363bcaedc7a6@group-6011D7D31FA9-FollowerState: change to CANDIDATE, lastRpcElapsedTime:5022646455ns, electionTimeout:5013ms
2021-11-15 19:21:22,799 [1d1c653c-c24c-4f9f-93f8-363bcaedc7a6@group-6011D7D31FA9-FollowerState] INFO  impl.RoleInfo (RoleInfo.java:shutdownFollowerState(108)) - 1d1c653c-c24c-4f9f-93f8-363bcaedc7a6: shutdown 1d1c653c-c24c-4f9f-93f8-363bcaedc7a6@group-6011D7D31FA9-FollowerState
2021-11-15 19:21:22,799 [1d1c653c-c24c-4f9f-93f8-363bcaedc7a6@group-6011D7D31FA9-FollowerState] INFO  server.RaftServer$Division (RaftServerImpl.java:setRole(290)) - 1d1c653c-c24c-4f9f-93f8-363bcaedc7a6@group-6011D7D31FA9: changes role from  FOLLOWER to CANDIDATE at term 1 for changeToCandidate
2021-11-15 19:21:22,799 [1d1c653c-c24c-4f9f-93f8-363bcaedc7a6@group-6011D7D31FA9-FollowerState] INFO  server.RaftServerConfigKeys (ConfUtils.java:logGet(44)) - raft.server.leaderelection.pre-vote = false (custom)
2021-11-15 19:21:22,799 [1d1c653c-c24c-4f9f-93f8-363bcaedc7a6@group-6011D7D31FA9-FollowerState] INFO  impl.RoleInfo (RoleInfo.java:updateAndGet(130)) - 1d1c653c-c24c-4f9f-93f8-363bcaedc7a6: start 1d1c653c-c24c-4f9f-93f8-363bcaedc7a6@group-6011D7D31FA9-LeaderElection17
2021-11-15 19:21:22,801 [1d1c653c-c24c-4f9f-93f8-363bcaedc7a6@group-6011D7D31FA9-LeaderElection17] INFO  impl.LeaderElection (LeaderElection.java:askForVotes(306)) - 1d1c653c-c24c-4f9f-93f8-363bcaedc7a6@group-6011D7D31FA9-LeaderElection17 ELECTION round 0: submit vote requests at term 2 for -1: [72af5abb-0a78-4b64-9517-3021125997b8|rpc:10.1.0.16:45855|priority:0, 1d1c653c-c24c-4f9f-93f8-363bcaedc7a6|rpc:10.1.0.16:44043|priority:0, d87a46af-94f7-42aa-b022-652610ab08cb|rpc:10.1.0.16:36541|priority:1], old=null
2021-11-15 19:21:22,805 [grpc-default-executor-2] INFO  server.RaftServer$Division (RaftServerImpl.java:requestVote(1046)) - d87a46af-94f7-42aa-b022-652610ab08cb@group-6011D7D31FA9: receive requestVote(ELECTION, 1d1c653c-c24c-4f9f-93f8-363bcaedc7a6, group-6011D7D31FA9, 2, (t:0, i:0))
2021-11-15 19:21:22,805 [grpc-default-executor-2] INFO  impl.VoteContext (VoteContext.java:log(48)) - d87a46af-94f7-42aa-b022-652610ab08cb@group-6011D7D31FA9-FOLLOWER: reject ELECTION from 1d1c653c-c24c-4f9f-93f8-363bcaedc7a6: our priority 1 > candidate's priority 0
2021-11-15 19:21:22,805 [grpc-default-executor-2] INFO  server.RaftServer$Division (RaftServerImpl.java:setRole(290)) - d87a46af-94f7-42aa-b022-652610ab08cb@group-6011D7D31FA9: changes role from  FOLLOWER to FOLLOWER at term 2 for candidate:1d1c653c-c24c-4f9f-93f8-363bcaedc7a6
2021-11-15 19:21:22,805 [grpc-default-executor-2] INFO  impl.RoleInfo (RoleInfo.java:shutdownFollowerState(108)) - d87a46af-94f7-42aa-b022-652610ab08cb: shutdown d87a46af-94f7-42aa-b022-652610ab08cb@group-6011D7D31FA9-FollowerState
2021-11-15 19:21:22,805 [grpc-default-executor-2] INFO  impl.RoleInfo (RoleInfo.java:updateAndGet(130)) - d87a46af-94f7-42aa-b022-652610ab08cb: start d87a46af-94f7-42aa-b022-652610ab08cb@group-6011D7D31FA9-FollowerState
2021-11-15 19:21:22,806 [d87a46af-94f7-42aa-b022-652610ab08cb@group-6011D7D31FA9-FollowerState] INFO  impl.FollowerState (FollowerState.java:run(143)) - d87a46af-94f7-42aa-b022-652610ab08cb@group-6011D7D31FA9-FollowerState was interrupted: {}
java.lang.InterruptedException: sleep interrupted
	at java.lang.Thread.sleep(Native Method)
	at java.lang.Thread.sleep(Thread.java:340)
	at java.util.concurrent.TimeUnit.sleep(TimeUnit.java:386)
	at org.apache.ratis.util.TimeDuration.sleep(TimeDuration.java:324)
	at org.apache.ratis.util.TimeDuration.sleep(TimeDuration.java:309)
	at org.apache.ratis.server.impl.FollowerState.run(FollowerState.java:118)
2021-11-15 19:21:22,815 [grpc-default-executor-2] INFO  server.RaftServer$Division (RaftServerImpl.java:requestVote(1078)) - d87a46af-94f7-42aa-b022-652610ab08cb@group-6011D7D31FA9 replies to ELECTION vote request: 1d1c653c-c24c-4f9f-93f8-363bcaedc7a6<-d87a46af-94f7-42aa-b022-652610ab08cb#0:FAIL-t2. Peer's state: d87a46af-94f7-42aa-b022-652610ab08cb@group-6011D7D31FA9:t2, leader=null, voted=null, raftlog=d87a46af-94f7-42aa-b022-652610ab08cb@group-6011D7D31FA9-SegmentedRaftLog:OPENED:c-1, conf=-1: [72af5abb-0a78-4b64-9517-3021125997b8|rpc:10.1.0.16:45855|dataStream:|priority:0, 1d1c653c-c24c-4f9f-93f8-363bcaedc7a6|rpc:10.1.0.16:44043|dataStream:|priority:0, d87a46af-94f7-42aa-b022-652610ab08cb|rpc:10.1.0.16:36541|dataStream:|priority:1], old=null
2021-11-15 19:21:22,819 [1d1c653c-c24c-4f9f-93f8-363bcaedc7a6@group-6011D7D31FA9-LeaderElection17] INFO  impl.LeaderElection (LeaderElection.java:logAndReturn(89)) - 1d1c653c-c24c-4f9f-93f8-363bcaedc7a6@group-6011D7D31FA9-LeaderElection17: ELECTION REJECTED received 1 response(s) and 0 exception(s):
2021-11-15 19:21:22,819 [1d1c653c-c24c-4f9f-93f8-363bcaedc7a6@group-6011D7D31FA9-LeaderElection17] INFO  impl.LeaderElection (LeaderElection.java:logAndReturn(93)) -   Response 0: 1d1c653c-c24c-4f9f-93f8-363bcaedc7a6<-d87a46af-94f7-42aa-b022-652610ab08cb#0:FAIL-t2
2021-11-15 19:21:22,819 [1d1c653c-c24c-4f9f-93f8-363bcaedc7a6@group-6011D7D31FA9-LeaderElection17] INFO  impl.LeaderElection (LeaderElection.java:askForVotes(308)) - 1d1c653c-c24c-4f9f-93f8-363bcaedc7a6@group-6011D7D31FA9-LeaderElection17 ELECTION round 0: result REJECTED
2021-11-15 19:21:22,819 [1d1c653c-c24c-4f9f-93f8-363bcaedc7a6@group-6011D7D31FA9-LeaderElection17] INFO  server.RaftServer$Division (RaftServerImpl.java:setRole(290)) - 1d1c653c-c24c-4f9f-93f8-363bcaedc7a6@group-6011D7D31FA9: changes role from CANDIDATE to FOLLOWER at term 2 for REJECTED
2021-11-15 19:21:22,819 [1d1c653c-c24c-4f9f-93f8-363bcaedc7a6@group-6011D7D31FA9-LeaderElection17] INFO  impl.RoleInfo (RoleInfo.java:shutdownLeaderElection(121)) - 1d1c653c-c24c-4f9f-93f8-363bcaedc7a6: shutdown 1d1c653c-c24c-4f9f-93f8-363bcaedc7a6@group-6011D7D31FA9-LeaderElection17
2021-11-15 19:21:22,819 [1d1c653c-c24c-4f9f-93f8-363bcaedc7a6@group-6011D7D31FA9-LeaderElection17] INFO  impl.RoleInfo (RoleInfo.java:updateAndGet(130)) - 1d1c653c-c24c-4f9f-93f8-363bcaedc7a6: start 1d1c653c-c24c-4f9f-93f8-363bcaedc7a6@group-6011D7D31FA9-FollowerState
2021-11-15 19:21:22,821 [grpc-default-executor-2] INFO  server.RaftServer$Division (RaftServerImpl.java:requestVote(1046)) - 72af5abb-0a78-4b64-9517-3021125997b8@group-6011D7D31FA9: receive requestVote(ELECTION, 1d1c653c-c24c-4f9f-93f8-363bcaedc7a6, group-6011D7D31FA9, 2, (t:0, i:0))
2021-11-15 19:21:22,824 [grpc-default-executor-2] INFO  impl.VoteContext (VoteContext.java:log(48)) - 72af5abb-0a78-4b64-9517-3021125997b8@group-6011D7D31FA9-FOLLOWER: accept ELECTION from 1d1c653c-c24c-4f9f-93f8-363bcaedc7a6: our priority 0 <= candidate's priority 0
2021-11-15 19:21:22,824 [grpc-default-executor-2] INFO  server.RaftServer$Division (RaftServerImpl.java:setRole(290)) - 72af5abb-0a78-4b64-9517-3021125997b8@group-6011D7D31FA9: changes role from  FOLLOWER to FOLLOWER at term 2 for candidate:1d1c653c-c24c-4f9f-93f8-363bcaedc7a6
2021-11-15 19:21:22,824 [grpc-default-executor-2] INFO  impl.RoleInfo (RoleInfo.java:shutdownFollowerState(108)) - 72af5abb-0a78-4b64-9517-3021125997b8: shutdown 72af5abb-0a78-4b64-9517-3021125997b8@group-6011D7D31FA9-FollowerState
2021-11-15 19:21:22,824 [grpc-default-executor-2] INFO  impl.RoleInfo (RoleInfo.java:updateAndGet(130)) - 72af5abb-0a78-4b64-9517-3021125997b8: start 72af5abb-0a78-4b64-9517-3021125997b8@group-6011D7D31FA9-FollowerState
2021-11-15 19:21:22,824 [72af5abb-0a78-4b64-9517-3021125997b8@group-6011D7D31FA9-FollowerState] INFO  impl.FollowerState (FollowerState.java:run(143)) - 72af5abb-0a78-4b64-9517-3021125997b8@group-6011D7D31FA9-FollowerState was interrupted: {}
java.lang.InterruptedException: sleep interrupted
	at java.lang.Thread.sleep(Native Method)
	at java.lang.Thread.sleep(Thread.java:340)
	at java.util.concurrent.TimeUnit.sleep(TimeUnit.java:386)
	at org.apache.ratis.util.TimeDuration.sleep(TimeDuration.java:324)
	at org.apache.ratis.util.TimeDuration.sleep(TimeDuration.java:309)
	at org.apache.ratis.server.impl.FollowerState.run(FollowerState.java:118)
2021-11-15 19:21:22,829 [grpc-default-executor-2] INFO  server.RaftServer$Division (RaftServerImpl.java:requestVote(1078)) - 72af5abb-0a78-4b64-9517-3021125997b8@group-6011D7D31FA9 replies to ELECTION vote request: 1d1c653c-c24c-4f9f-93f8-363bcaedc7a6<-72af5abb-0a78-4b64-9517-3021125997b8#0:OK-t2. Peer's state: 72af5abb-0a78-4b64-9517-3021125997b8@group-6011D7D31FA9:t2, leader=null, voted=1d1c653c-c24c-4f9f-93f8-363bcaedc7a6, raftlog=72af5abb-0a78-4b64-9517-3021125997b8@group-6011D7D31FA9-SegmentedRaftLog:OPENED:c-1, conf=-1: [72af5abb-0a78-4b64-9517-3021125997b8|rpc:10.1.0.16:45855|dataStream:|priority:0, 1d1c653c-c24c-4f9f-93f8-363bcaedc7a6|rpc:10.1.0.16:44043|dataStream:|priority:0, d87a46af-94f7-42aa-b022-652610ab08cb|rpc:10.1.0.16:36541|dataStream:|priority:1], old=null
2021-11-15 19:21:24,020 [Listener at 127.0.0.1/38415] INFO  ozoneimpl.OzoneContainer (OzoneContainer.java:stop(325)) - Attempting to stop container services.
2021-11-15 19:21:24,023 [Listener at 127.0.0.1/38415] INFO  server.RaftServer (RaftServerProxy.java:lambda$close$6(391)) - d87a46af-94f7-42aa-b022-652610ab08cb: close
2021-11-15 19:21:24,023 [Listener at 127.0.0.1/38415] INFO  server.RaftServer$Division (RaftServerImpl.java:lambda$close$4(412)) - d87a46af-94f7-42aa-b022-652610ab08cb@group-6011D7D31FA9: shutdown
2021-11-15 19:21:24,024 [ForkJoinPool.commonPool-worker-1] INFO  server.RaftServer$Division (RaftServerImpl.java:lambda$close$4(412)) - d87a46af-94f7-42aa-b022-652610ab08cb@group-7123D4B11FD3: shutdown
2021-11-15 19:21:24,025 [ForkJoinPool.commonPool-worker-1] INFO  util.JmxRegister (JmxRegister.java:unregister(73)) - Successfully un-registered JMX Bean with object name Ratis:service=RaftServer,group=group-7123D4B11FD3,id=d87a46af-94f7-42aa-b022-652610ab08cb
2021-11-15 19:21:24,025 [ForkJoinPool.commonPool-worker-1] INFO  impl.RoleInfo (RoleInfo.java:shutdownFollowerState(108)) - d87a46af-94f7-42aa-b022-652610ab08cb: shutdown d87a46af-94f7-42aa-b022-652610ab08cb@group-7123D4B11FD3-FollowerState
2021-11-15 19:21:24,025 [Listener at 127.0.0.1/38415] INFO  util.JmxRegister (JmxRegister.java:unregister(73)) - Successfully un-registered JMX Bean with object name Ratis:service=RaftServer,group=group-6011D7D31FA9,id=d87a46af-94f7-42aa-b022-652610ab08cb
2021-11-15 19:21:24,025 [Listener at 127.0.0.1/38415] INFO  impl.RoleInfo (RoleInfo.java:shutdownFollowerState(108)) - d87a46af-94f7-42aa-b022-652610ab08cb: shutdown d87a46af-94f7-42aa-b022-652610ab08cb@group-6011D7D31FA9-FollowerState
2021-11-15 19:21:24,026 [d87a46af-94f7-42aa-b022-652610ab08cb@group-7123D4B11FD3-FollowerState] INFO  impl.FollowerState (FollowerState.java:run(143)) - d87a46af-94f7-42aa-b022-652610ab08cb@group-7123D4B11FD3-FollowerState was interrupted: {}
java.lang.InterruptedException: sleep interrupted
	at java.lang.Thread.sleep(Native Method)
	at java.lang.Thread.sleep(Thread.java:340)
	at java.util.concurrent.TimeUnit.sleep(TimeUnit.java:386)
	at org.apache.ratis.util.TimeDuration.sleep(TimeDuration.java:324)
	at org.apache.ratis.util.TimeDuration.sleep(TimeDuration.java:309)
	at org.apache.ratis.server.impl.FollowerState.run(FollowerState.java:118)
2021-11-15 19:21:24,026 [Listener at 127.0.0.1/38415] INFO  impl.StateMachineUpdater (StateMachineUpdater.java:stopAndJoin(149)) - d87a46af-94f7-42aa-b022-652610ab08cb@group-6011D7D31FA9-StateMachineUpdater: set stopIndex = -1
2021-11-15 19:21:24,026 [d87a46af-94f7-42aa-b022-652610ab08cb@group-6011D7D31FA9-FollowerState] INFO  impl.FollowerState (FollowerState.java:run(143)) - d87a46af-94f7-42aa-b022-652610ab08cb@group-6011D7D31FA9-FollowerState was interrupted: {}
java.lang.InterruptedException: sleep interrupted
	at java.lang.Thread.sleep(Native Method)
	at java.lang.Thread.sleep(Thread.java:340)
	at java.util.concurrent.TimeUnit.sleep(TimeUnit.java:386)
	at org.apache.ratis.util.TimeDuration.sleep(TimeDuration.java:324)
	at org.apache.ratis.util.TimeDuration.sleep(TimeDuration.java:309)
	at org.apache.ratis.server.impl.FollowerState.run(FollowerState.java:118)
2021-11-15 19:21:24,027 [ForkJoinPool.commonPool-worker-1] INFO  impl.StateMachineUpdater (StateMachineUpdater.java:stopAndJoin(149)) - d87a46af-94f7-42aa-b022-652610ab08cb@group-7123D4B11FD3-StateMachineUpdater: set stopIndex = 15
2021-11-15 19:21:24,027 [Listener at 127.0.0.1/38415] INFO  server.RaftServer$Division (ServerState.java:close(419)) - d87a46af-94f7-42aa-b022-652610ab08cb@group-6011D7D31FA9: closes. applyIndex: -1
2021-11-15 19:21:24,028 [d87a46af-94f7-42aa-b022-652610ab08cb@group-7123D4B11FD3-StateMachineUpdater] INFO  ratis.ContainerStateMachine (ContainerStateMachine.java:takeSnapshot(292)) - group-7123D4B11FD3: Taking a snapshot at:(t:1, i:15) file /home/runner/work/ozone/ozone/hadoop-ozone/integration-test/target/test-dir/MiniOzoneClusterImpl-edab3eb4-5721-4c35-be90-debfdbe0e37e/datanode-4/data/ratis/9084c998-2231-478f-90fe-7123d4b11fd3/sm/snapshot.1_15
2021-11-15 19:21:24,049 [d87a46af-94f7-42aa-b022-652610ab08cb@group-6011D7D31FA9-SegmentedRaftLogWorker] INFO  segmented.SegmentedRaftLogWorker (SegmentedRaftLogWorker.java:run(327)) - d87a46af-94f7-42aa-b022-652610ab08cb@group-6011D7D31FA9-SegmentedRaftLogWorker was interrupted, exiting. There are 0 tasks remaining in the queue.
2021-11-15 19:21:24,050 [Listener at 127.0.0.1/38415] INFO  segmented.SegmentedRaftLogWorker (SegmentedRaftLogWorker.java:close(237)) - d87a46af-94f7-42aa-b022-652610ab08cb@group-6011D7D31FA9-SegmentedRaftLogWorker close()
2021-11-15 19:21:24,058 [Listener at 127.0.0.1/38415] INFO  server.RaftServer$Division (RaftServerImpl.java:lambda$close$4(412)) - d87a46af-94f7-42aa-b022-652610ab08cb@group-B749A3B4AC58: shutdown
2021-11-15 19:21:24,058 [Listener at 127.0.0.1/38415] INFO  util.JmxRegister (JmxRegister.java:unregister(73)) - Successfully un-registered JMX Bean with object name Ratis:service=RaftServer,group=group-B749A3B4AC58,id=d87a46af-94f7-42aa-b022-652610ab08cb
2021-11-15 19:21:24,058 [Listener at 127.0.0.1/38415] INFO  impl.RoleInfo (RoleInfo.java:shutdownLeaderState(91)) - d87a46af-94f7-42aa-b022-652610ab08cb: shutdown d87a46af-94f7-42aa-b022-652610ab08cb@group-B749A3B4AC58-LeaderStateImpl
2021-11-15 19:21:24,059 [Listener at 127.0.0.1/38415] INFO  impl.PendingRequests (PendingRequests.java:sendNotLeaderResponses(282)) - d87a46af-94f7-42aa-b022-652610ab08cb@group-B749A3B4AC58-PendingRequests: sendNotLeaderResponses
2021-11-15 19:21:24,060 [d87a46af-94f7-42aa-b022-652610ab08cb@group-B749A3B4AC58-StateMachineUpdater] INFO  ratis.ContainerStateMachine (ContainerStateMachine.java:takeSnapshot(292)) - group-B749A3B4AC58: Taking a snapshot at:(t:1, i:0) file /home/runner/work/ozone/ozone/hadoop-ozone/integration-test/target/test-dir/MiniOzoneClusterImpl-edab3eb4-5721-4c35-be90-debfdbe0e37e/datanode-4/data/ratis/46048c11-004b-4b6b-9774-b749a3b4ac58/sm/snapshot.1_0
2021-11-15 19:21:24,061 [Listener at 127.0.0.1/38415] INFO  impl.StateMachineUpdater (StateMachineUpdater.java:stopAndJoin(149)) - d87a46af-94f7-42aa-b022-652610ab08cb@group-B749A3B4AC58-StateMachineUpdater: set stopIndex = 0
2021-11-15 19:21:24,066 [d87a46af-94f7-42aa-b022-652610ab08cb@group-B749A3B4AC58-StateMachineUpdater] INFO  ratis.ContainerStateMachine (ContainerStateMachine.java:takeSnapshot(303)) - group-B749A3B4AC58: Finished taking a snapshot at:(t:1, i:0) file:/home/runner/work/ozone/ozone/hadoop-ozone/integration-test/target/test-dir/MiniOzoneClusterImpl-edab3eb4-5721-4c35-be90-debfdbe0e37e/datanode-4/data/ratis/46048c11-004b-4b6b-9774-b749a3b4ac58/sm/snapshot.1_0 took: 5 ms
2021-11-15 19:21:24,067 [d87a46af-94f7-42aa-b022-652610ab08cb@group-B749A3B4AC58-StateMachineUpdater] INFO  impl.StateMachineUpdater (StateMachineUpdater.java:takeSnapshot(281)) - d87a46af-94f7-42aa-b022-652610ab08cb@group-B749A3B4AC58-StateMachineUpdater: Took a snapshot at index 0
2021-11-15 19:21:24,067 [d87a46af-94f7-42aa-b022-652610ab08cb@group-B749A3B4AC58-StateMachineUpdater] INFO  impl.StateMachineUpdater (StateMachineUpdater.java:lambda$new$0(89)) - d87a46af-94f7-42aa-b022-652610ab08cb@group-B749A3B4AC58-StateMachineUpdater: snapshotIndex: updateIncreasingly -1 -> 0
2021-11-15 19:21:24,073 [Listener at 127.0.0.1/38415] INFO  server.RaftServer$Division (ServerState.java:close(419)) - d87a46af-94f7-42aa-b022-652610ab08cb@group-B749A3B4AC58: closes. applyIndex: 0
2021-11-15 19:21:24,073 [d87a46af-94f7-42aa-b022-652610ab08cb@group-B749A3B4AC58-SegmentedRaftLogWorker] INFO  segmented.SegmentedRaftLogWorker (SegmentedRaftLogWorker.java:run(327)) - d87a46af-94f7-42aa-b022-652610ab08cb@group-B749A3B4AC58-SegmentedRaftLogWorker was interrupted, exiting. There are 0 tasks remaining in the queue.
2021-11-15 19:21:24,074 [Listener at 127.0.0.1/38415] INFO  segmented.SegmentedRaftLogWorker (SegmentedRaftLogWorker.java:close(237)) - d87a46af-94f7-42aa-b022-652610ab08cb@group-B749A3B4AC58-SegmentedRaftLogWorker close()
2021-11-15 19:21:24,079 [d87a46af-94f7-42aa-b022-652610ab08cb@group-7123D4B11FD3-StateMachineUpdater] INFO  ratis.ContainerStateMachine (ContainerStateMachine.java:takeSnapshot(303)) - group-7123D4B11FD3: Finished taking a snapshot at:(t:1, i:15) file:/home/runner/work/ozone/ozone/hadoop-ozone/integration-test/target/test-dir/MiniOzoneClusterImpl-edab3eb4-5721-4c35-be90-debfdbe0e37e/datanode-4/data/ratis/9084c998-2231-478f-90fe-7123d4b11fd3/sm/snapshot.1_15 took: 50 ms
2021-11-15 19:21:24,079 [d87a46af-94f7-42aa-b022-652610ab08cb@group-7123D4B11FD3-StateMachineUpdater] INFO  impl.StateMachineUpdater (StateMachineUpdater.java:takeSnapshot(281)) - d87a46af-94f7-42aa-b022-652610ab08cb@group-7123D4B11FD3-StateMachineUpdater: Took a snapshot at index 15
2021-11-15 19:21:24,079 [d87a46af-94f7-42aa-b022-652610ab08cb@group-7123D4B11FD3-StateMachineUpdater] INFO  impl.StateMachineUpdater (StateMachineUpdater.java:lambda$new$0(89)) - d87a46af-94f7-42aa-b022-652610ab08cb@group-7123D4B11FD3-StateMachineUpdater: snapshotIndex: updateIncreasingly -1 -> 15
2021-11-15 19:21:24,081 [ForkJoinPool.commonPool-worker-1] INFO  server.RaftServer$Division (ServerState.java:close(419)) - d87a46af-94f7-42aa-b022-652610ab08cb@group-7123D4B11FD3: closes. applyIndex: 15
2021-11-15 19:21:24,082 [d87a46af-94f7-42aa-b022-652610ab08cb@group-7123D4B11FD3-SegmentedRaftLogWorker] INFO  segmented.SegmentedRaftLogWorker (SegmentedRaftLogWorker.java:run(327)) - d87a46af-94f7-42aa-b022-652610ab08cb@group-7123D4B11FD3-SegmentedRaftLogWorker was interrupted, exiting. There are 0 tasks remaining in the queue.
2021-11-15 19:21:24,082 [ForkJoinPool.commonPool-worker-1] INFO  segmented.SegmentedRaftLogWorker (SegmentedRaftLogWorker.java:close(237)) - d87a46af-94f7-42aa-b022-652610ab08cb@group-7123D4B11FD3-SegmentedRaftLogWorker close()
2021-11-15 19:21:24,084 [Listener at 127.0.0.1/38415] INFO  server.GrpcService (GrpcService.java:closeImpl(262)) - d87a46af-94f7-42aa-b022-652610ab08cb: shutdown server with port 36541 now
2021-11-15 19:21:24,091 [grpc-default-executor-1] WARN  server.GrpcServerProtocolService (LogUtils.java:warn(122)) - d87a46af-94f7-42aa-b022-652610ab08cb: installSnapshot onError, lastRequest: 1d1c653c-c24c-4f9f-93f8-363bcaedc7a6->d87a46af-94f7-42aa-b022-652610ab08cb#44-t1,previous=(t:1, i:14),leaderCommit=13,initializing? true,entries: size=1, first=(t:1, i:15), METADATAENTRY(c:13): org.apache.ratis.thirdparty.io.grpc.StatusRuntimeException: CANCELLED: client cancelled
2021-11-15 19:21:24,096 [Listener at 127.0.0.1/38415] INFO  server.GrpcService (GrpcService.java:closeImpl(271)) - d87a46af-94f7-42aa-b022-652610ab08cb: shutdown server with port 36541 successfully
2021-11-15 19:21:24,096 [org.apache.ratis.util.JvmPauseMonitor$$Lambda$531/1332130488@4b10ba3d] INFO  util.JvmPauseMonitor (JvmPauseMonitor.java:run(109)) - JvmPauseMonitor-d87a46af-94f7-42aa-b022-652610ab08cb: Stopped
2021-11-15 19:21:24,098 [Listener at 127.0.0.1/38415] INFO  utils.BackgroundService (BackgroundService.java:shutdown(132)) - Shutting down service BlockDeletingService
2021-11-15 19:21:24,114 [grpc-default-executor-1] WARN  server.GrpcLogAppender (LogUtils.java:warn(122)) - 1d1c653c-c24c-4f9f-93f8-363bcaedc7a6@group-7123D4B11FD3->d87a46af-94f7-42aa-b022-652610ab08cb-AppendLogResponseHandler: Failed appendEntries: org.apache.ratis.thirdparty.io.grpc.StatusRuntimeException: CANCELLED: HTTP/2 error code: CANCEL
Received Rst Stream
2021-11-15 19:21:24,116 [grpc-default-executor-1] INFO  leader.FollowerInfo (FollowerInfoImpl.java:lambda$new$0(47)) - 1d1c653c-c24c-4f9f-93f8-363bcaedc7a6@group-7123D4B11FD3->d87a46af-94f7-42aa-b022-652610ab08cb: nextIndex: updateUnconditionally 16 -> 15
2021-11-15 19:21:24,129 [grpc-default-executor-2] WARN  server.GrpcLogAppender (LogUtils.java:warn(122)) - 1d1c653c-c24c-4f9f-93f8-363bcaedc7a6@group-7123D4B11FD3->d87a46af-94f7-42aa-b022-652610ab08cb-AppendLogResponseHandler: Failed appendEntries: org.apache.ratis.thirdparty.io.grpc.StatusRuntimeException: UNAVAILABLE: io exception
2021-11-15 19:21:24,131 [grpc-default-executor-2] INFO  leader.FollowerInfo (FollowerInfoImpl.java:lambda$new$0(47)) - 1d1c653c-c24c-4f9f-93f8-363bcaedc7a6@group-7123D4B11FD3->d87a46af-94f7-42aa-b022-652610ab08cb: nextIndex: updateUnconditionally 16 -> 15
2021-11-15 19:21:26,191 [c038e53c-4808-40a4-bcac-87a6adf6dbd8@group-9B0D820938DF-FollowerState] INFO  impl.FollowerState (FollowerState.java:run(134)) - c038e53c-4808-40a4-bcac-87a6adf6dbd8@group-9B0D820938DF-FollowerState: change to CANDIDATE, lastRpcElapsedTime:5030673115ns, electionTimeout:5028ms
2021-11-15 19:21:26,191 [c038e53c-4808-40a4-bcac-87a6adf6dbd8@group-9B0D820938DF-FollowerState] INFO  impl.RoleInfo (RoleInfo.java:shutdownFollowerState(108)) - c038e53c-4808-40a4-bcac-87a6adf6dbd8: shutdown c038e53c-4808-40a4-bcac-87a6adf6dbd8@group-9B0D820938DF-FollowerState
2021-11-15 19:21:26,191 [c038e53c-4808-40a4-bcac-87a6adf6dbd8@group-9B0D820938DF-FollowerState] INFO  server.RaftServer$Division (RaftServerImpl.java:setRole(290)) - c038e53c-4808-40a4-bcac-87a6adf6dbd8@group-9B0D820938DF: changes role from  FOLLOWER to CANDIDATE at term 2 for changeToCandidate
2021-11-15 19:21:26,192 [c038e53c-4808-40a4-bcac-87a6adf6dbd8@group-9B0D820938DF-FollowerState] INFO  server.RaftServerConfigKeys (ConfUtils.java:logGet(44)) - raft.server.leaderelection.pre-vote = false (custom)
2021-11-15 19:21:26,192 [c038e53c-4808-40a4-bcac-87a6adf6dbd8@group-9B0D820938DF-FollowerState] INFO  impl.RoleInfo (RoleInfo.java:updateAndGet(130)) - c038e53c-4808-40a4-bcac-87a6adf6dbd8: start c038e53c-4808-40a4-bcac-87a6adf6dbd8@group-9B0D820938DF-LeaderElection18
2021-11-15 19:21:26,202 [c038e53c-4808-40a4-bcac-87a6adf6dbd8@group-9B0D820938DF-LeaderElection18] INFO  impl.LeaderElection (LeaderElection.java:askForVotes(306)) - c038e53c-4808-40a4-bcac-87a6adf6dbd8@group-9B0D820938DF-LeaderElection18 ELECTION round 0: submit vote requests at term 3 for -1: [c038e53c-4808-40a4-bcac-87a6adf6dbd8|rpc:10.1.0.16:46879|priority:0, 5f24cb3a-787a-4f69-a830-2d3d8b70745a|rpc:10.1.0.16:34579|priority:1, bce623f1-3c31-45ef-9861-869f671ae311|rpc:10.1.0.16:38881|priority:0], old=null
2021-11-15 19:21:26,208 [grpc-default-executor-2] INFO  server.RaftServer$Division (RaftServerImpl.java:requestVote(1046)) - 5f24cb3a-787a-4f69-a830-2d3d8b70745a@group-9B0D820938DF: receive requestVote(ELECTION, c038e53c-4808-40a4-bcac-87a6adf6dbd8, group-9B0D820938DF, 3, (t:0, i:0))
2021-11-15 19:21:26,208 [grpc-default-executor-2] INFO  impl.VoteContext (VoteContext.java:log(48)) - 5f24cb3a-787a-4f69-a830-2d3d8b70745a@group-9B0D820938DF-FOLLOWER: reject ELECTION from c038e53c-4808-40a4-bcac-87a6adf6dbd8: our priority 1 > candidate's priority 0
2021-11-15 19:21:26,208 [grpc-default-executor-2] INFO  server.RaftServer$Division (RaftServerImpl.java:setRole(290)) - 5f24cb3a-787a-4f69-a830-2d3d8b70745a@group-9B0D820938DF: changes role from  FOLLOWER to FOLLOWER at term 3 for candidate:c038e53c-4808-40a4-bcac-87a6adf6dbd8
2021-11-15 19:21:26,208 [grpc-default-executor-2] INFO  impl.RoleInfo (RoleInfo.java:shutdownFollowerState(108)) - 5f24cb3a-787a-4f69-a830-2d3d8b70745a: shutdown 5f24cb3a-787a-4f69-a830-2d3d8b70745a@group-9B0D820938DF-FollowerState
2021-11-15 19:21:26,208 [grpc-default-executor-2] INFO  impl.RoleInfo (RoleInfo.java:updateAndGet(130)) - 5f24cb3a-787a-4f69-a830-2d3d8b70745a: start 5f24cb3a-787a-4f69-a830-2d3d8b70745a@group-9B0D820938DF-FollowerState
2021-11-15 19:21:26,208 [5f24cb3a-787a-4f69-a830-2d3d8b70745a@group-9B0D820938DF-FollowerState] INFO  impl.FollowerState (FollowerState.java:run(143)) - 5f24cb3a-787a-4f69-a830-2d3d8b70745a@group-9B0D820938DF-FollowerState was interrupted: {}
java.lang.InterruptedException: sleep interrupted
	at java.lang.Thread.sleep(Native Method)
	at java.lang.Thread.sleep(Thread.java:340)
	at java.util.concurrent.TimeUnit.sleep(TimeUnit.java:386)
	at org.apache.ratis.util.TimeDuration.sleep(TimeDuration.java:324)
	at org.apache.ratis.util.TimeDuration.sleep(TimeDuration.java:309)
	at org.apache.ratis.server.impl.FollowerState.run(FollowerState.java:118)
2021-11-15 19:21:26,218 [grpc-default-executor-2] INFO  server.RaftServer$Division (RaftServerImpl.java:requestVote(1078)) - 5f24cb3a-787a-4f69-a830-2d3d8b70745a@group-9B0D820938DF replies to ELECTION vote request: c038e53c-4808-40a4-bcac-87a6adf6dbd8<-5f24cb3a-787a-4f69-a830-2d3d8b70745a#0:FAIL-t3. Peer's state: 5f24cb3a-787a-4f69-a830-2d3d8b70745a@group-9B0D820938DF:t3, leader=null, voted=null, raftlog=5f24cb3a-787a-4f69-a830-2d3d8b70745a@group-9B0D820938DF-SegmentedRaftLog:OPENED:c-1, conf=-1: [c038e53c-4808-40a4-bcac-87a6adf6dbd8|rpc:10.1.0.16:46879|dataStream:|priority:0, 5f24cb3a-787a-4f69-a830-2d3d8b70745a|rpc:10.1.0.16:34579|dataStream:|priority:1, bce623f1-3c31-45ef-9861-869f671ae311|rpc:10.1.0.16:38881|dataStream:|priority:0], old=null
2021-11-15 19:21:26,220 [c038e53c-4808-40a4-bcac-87a6adf6dbd8@group-9B0D820938DF-LeaderElection18] INFO  impl.LeaderElection (LeaderElection.java:logAndReturn(89)) - c038e53c-4808-40a4-bcac-87a6adf6dbd8@group-9B0D820938DF-LeaderElection18: ELECTION REJECTED received 1 response(s) and 0 exception(s):
2021-11-15 19:21:26,220 [c038e53c-4808-40a4-bcac-87a6adf6dbd8@group-9B0D820938DF-LeaderElection18] INFO  impl.LeaderElection (LeaderElection.java:logAndReturn(93)) -   Response 0: c038e53c-4808-40a4-bcac-87a6adf6dbd8<-5f24cb3a-787a-4f69-a830-2d3d8b70745a#0:FAIL-t3
2021-11-15 19:21:26,220 [c038e53c-4808-40a4-bcac-87a6adf6dbd8@group-9B0D820938DF-LeaderElection18] INFO  impl.LeaderElection (LeaderElection.java:askForVotes(308)) - c038e53c-4808-40a4-bcac-87a6adf6dbd8@group-9B0D820938DF-LeaderElection18 ELECTION round 0: result REJECTED
2021-11-15 19:21:26,220 [c038e53c-4808-40a4-bcac-87a6adf6dbd8@group-9B0D820938DF-LeaderElection18] INFO  server.RaftServer$Division (RaftServerImpl.java:setRole(290)) - c038e53c-4808-40a4-bcac-87a6adf6dbd8@group-9B0D820938DF: changes role from CANDIDATE to FOLLOWER at term 3 for REJECTED
2021-11-15 19:21:26,220 [c038e53c-4808-40a4-bcac-87a6adf6dbd8@group-9B0D820938DF-LeaderElection18] INFO  impl.RoleInfo (RoleInfo.java:shutdownLeaderElection(121)) - c038e53c-4808-40a4-bcac-87a6adf6dbd8: shutdown c038e53c-4808-40a4-bcac-87a6adf6dbd8@group-9B0D820938DF-LeaderElection18
2021-11-15 19:21:26,220 [c038e53c-4808-40a4-bcac-87a6adf6dbd8@group-9B0D820938DF-LeaderElection18] INFO  impl.RoleInfo (RoleInfo.java:updateAndGet(130)) - c038e53c-4808-40a4-bcac-87a6adf6dbd8: start c038e53c-4808-40a4-bcac-87a6adf6dbd8@group-9B0D820938DF-FollowerState
2021-11-15 19:21:26,223 [grpc-default-executor-1] INFO  server.RaftServer$Division (RaftServerImpl.java:requestVote(1046)) - bce623f1-3c31-45ef-9861-869f671ae311@group-9B0D820938DF: receive requestVote(ELECTION, c038e53c-4808-40a4-bcac-87a6adf6dbd8, group-9B0D820938DF, 3, (t:0, i:0))
2021-11-15 19:21:26,224 [grpc-default-executor-1] INFO  impl.VoteContext (VoteContext.java:log(48)) - bce623f1-3c31-45ef-9861-869f671ae311@group-9B0D820938DF-FOLLOWER: accept ELECTION from c038e53c-4808-40a4-bcac-87a6adf6dbd8: our priority 0 <= candidate's priority 0
2021-11-15 19:21:26,224 [grpc-default-executor-1] INFO  server.RaftServer$Division (RaftServerImpl.java:setRole(290)) - bce623f1-3c31-45ef-9861-869f671ae311@group-9B0D820938DF: changes role from  FOLLOWER to FOLLOWER at term 3 for candidate:c038e53c-4808-40a4-bcac-87a6adf6dbd8
2021-11-15 19:21:26,224 [grpc-default-executor-1] INFO  impl.RoleInfo (RoleInfo.java:shutdownFollowerState(108)) - bce623f1-3c31-45ef-9861-869f671ae311: shutdown bce623f1-3c31-45ef-9861-869f671ae311@group-9B0D820938DF-FollowerState
2021-11-15 19:21:26,224 [grpc-default-executor-1] INFO  impl.RoleInfo (RoleInfo.java:updateAndGet(130)) - bce623f1-3c31-45ef-9861-869f671ae311: start bce623f1-3c31-45ef-9861-869f671ae311@group-9B0D820938DF-FollowerState
2021-11-15 19:21:26,224 [bce623f1-3c31-45ef-9861-869f671ae311@group-9B0D820938DF-FollowerState] INFO  impl.FollowerState (FollowerState.java:run(143)) - bce623f1-3c31-45ef-9861-869f671ae311@group-9B0D820938DF-FollowerState was interrupted: {}
java.lang.InterruptedException: sleep interrupted
	at java.lang.Thread.sleep(Native Method)
	at java.lang.Thread.sleep(Thread.java:340)
	at java.util.concurrent.TimeUnit.sleep(TimeUnit.java:386)
	at org.apache.ratis.util.TimeDuration.sleep(TimeDuration.java:324)
	at org.apache.ratis.util.TimeDuration.sleep(TimeDuration.java:309)
	at org.apache.ratis.server.impl.FollowerState.run(FollowerState.java:118)
2021-11-15 19:21:26,236 [grpc-default-executor-1] INFO  server.RaftServer$Division (RaftServerImpl.java:requestVote(1078)) - bce623f1-3c31-45ef-9861-869f671ae311@group-9B0D820938DF replies to ELECTION vote request: c038e53c-4808-40a4-bcac-87a6adf6dbd8<-bce623f1-3c31-45ef-9861-869f671ae311#0:OK-t3. Peer's state: bce623f1-3c31-45ef-9861-869f671ae311@group-9B0D820938DF:t3, leader=null, voted=c038e53c-4808-40a4-bcac-87a6adf6dbd8, raftlog=bce623f1-3c31-45ef-9861-869f671ae311@group-9B0D820938DF-SegmentedRaftLog:OPENED:c-1, conf=-1: [c038e53c-4808-40a4-bcac-87a6adf6dbd8|rpc:10.1.0.16:46879|priority:0, 5f24cb3a-787a-4f69-a830-2d3d8b70745a|rpc:10.1.0.16:34579|priority:1, bce623f1-3c31-45ef-9861-869f671ae311|rpc:10.1.0.16:38881|priority:0], old=null
2021-11-15 19:21:26,624 [grpc-default-executor-1] WARN  server.GrpcLogAppender (LogUtils.java:warn(122)) - 1d1c653c-c24c-4f9f-93f8-363bcaedc7a6@group-7123D4B11FD3->d87a46af-94f7-42aa-b022-652610ab08cb-AppendLogResponseHandler: Failed appendEntries: org.apache.ratis.thirdparty.io.grpc.StatusRuntimeException: UNAVAILABLE: io exception
2021-11-15 19:21:26,625 [grpc-default-executor-1] INFO  leader.FollowerInfo (FollowerInfoImpl.java:lambda$new$0(47)) - 1d1c653c-c24c-4f9f-93f8-363bcaedc7a6@group-7123D4B11FD3->d87a46af-94f7-42aa-b022-652610ab08cb: nextIndex: updateUnconditionally 16 -> 15
2021-11-15 19:21:27,087 [c038e53c-4808-40a4-bcac-87a6adf6dbd8@group-3123CD3C107D-FollowerState] INFO  impl.FollowerState (FollowerState.java:run(134)) - c038e53c-4808-40a4-bcac-87a6adf6dbd8@group-3123CD3C107D-FollowerState: change to CANDIDATE, lastRpcElapsedTime:5047223282ns, electionTimeout:5042ms
2021-11-15 19:21:27,088 [c038e53c-4808-40a4-bcac-87a6adf6dbd8@group-3123CD3C107D-FollowerState] INFO  impl.RoleInfo (RoleInfo.java:shutdownFollowerState(108)) - c038e53c-4808-40a4-bcac-87a6adf6dbd8: shutdown c038e53c-4808-40a4-bcac-87a6adf6dbd8@group-3123CD3C107D-FollowerState
2021-11-15 19:21:27,088 [c038e53c-4808-40a4-bcac-87a6adf6dbd8@group-3123CD3C107D-FollowerState] INFO  server.RaftServer$Division (RaftServerImpl.java:setRole(290)) - c038e53c-4808-40a4-bcac-87a6adf6dbd8@group-3123CD3C107D: changes role from  FOLLOWER to CANDIDATE at term 2 for changeToCandidate
2021-11-15 19:21:27,088 [c038e53c-4808-40a4-bcac-87a6adf6dbd8@group-3123CD3C107D-FollowerState] INFO  server.RaftServerConfigKeys (ConfUtils.java:logGet(44)) - raft.server.leaderelection.pre-vote = false (custom)
2021-11-15 19:21:27,088 [c038e53c-4808-40a4-bcac-87a6adf6dbd8@group-3123CD3C107D-FollowerState] INFO  impl.RoleInfo (RoleInfo.java:updateAndGet(130)) - c038e53c-4808-40a4-bcac-87a6adf6dbd8: start c038e53c-4808-40a4-bcac-87a6adf6dbd8@group-3123CD3C107D-LeaderElection19
2021-11-15 19:21:27,093 [c038e53c-4808-40a4-bcac-87a6adf6dbd8@group-3123CD3C107D-LeaderElection19] INFO  impl.LeaderElection (LeaderElection.java:askForVotes(306)) - c038e53c-4808-40a4-bcac-87a6adf6dbd8@group-3123CD3C107D-LeaderElection19 ELECTION round 0: submit vote requests at term 3 for -1: [c038e53c-4808-40a4-bcac-87a6adf6dbd8|rpc:10.1.0.16:46879|priority:0, 5f24cb3a-787a-4f69-a830-2d3d8b70745a|rpc:10.1.0.16:34579|priority:0, bce623f1-3c31-45ef-9861-869f671ae311|rpc:10.1.0.16:38881|priority:1], old=null
2021-11-15 19:21:27,101 [grpc-default-executor-1] INFO  server.RaftServer$Division (RaftServerImpl.java:requestVote(1046)) - 5f24cb3a-787a-4f69-a830-2d3d8b70745a@group-3123CD3C107D: receive requestVote(ELECTION, c038e53c-4808-40a4-bcac-87a6adf6dbd8, group-3123CD3C107D, 3, (t:0, i:0))
2021-11-15 19:21:27,101 [grpc-default-executor-1] INFO  impl.VoteContext (VoteContext.java:log(48)) - 5f24cb3a-787a-4f69-a830-2d3d8b70745a@group-3123CD3C107D-FOLLOWER: accept ELECTION from c038e53c-4808-40a4-bcac-87a6adf6dbd8: our priority 0 <= candidate's priority 0
2021-11-15 19:21:27,101 [grpc-default-executor-1] INFO  server.RaftServer$Division (RaftServerImpl.java:setRole(290)) - 5f24cb3a-787a-4f69-a830-2d3d8b70745a@group-3123CD3C107D: changes role from  FOLLOWER to FOLLOWER at term 3 for candidate:c038e53c-4808-40a4-bcac-87a6adf6dbd8
2021-11-15 19:21:27,101 [grpc-default-executor-1] INFO  impl.RoleInfo (RoleInfo.java:shutdownFollowerState(108)) - 5f24cb3a-787a-4f69-a830-2d3d8b70745a: shutdown 5f24cb3a-787a-4f69-a830-2d3d8b70745a@group-3123CD3C107D-FollowerState
2021-11-15 19:21:27,101 [grpc-default-executor-1] INFO  impl.RoleInfo (RoleInfo.java:updateAndGet(130)) - 5f24cb3a-787a-4f69-a830-2d3d8b70745a: start 5f24cb3a-787a-4f69-a830-2d3d8b70745a@group-3123CD3C107D-FollowerState
2021-11-15 19:21:27,101 [5f24cb3a-787a-4f69-a830-2d3d8b70745a@group-3123CD3C107D-FollowerState] INFO  impl.FollowerState (FollowerState.java:run(143)) - 5f24cb3a-787a-4f69-a830-2d3d8b70745a@group-3123CD3C107D-FollowerState was interrupted: {}
java.lang.InterruptedException: sleep interrupted
	at java.lang.Thread.sleep(Native Method)
	at java.lang.Thread.sleep(Thread.java:340)
	at java.util.concurrent.TimeUnit.sleep(TimeUnit.java:386)
	at org.apache.ratis.util.TimeDuration.sleep(TimeDuration.java:324)
	at org.apache.ratis.util.TimeDuration.sleep(TimeDuration.java:309)
	at org.apache.ratis.server.impl.FollowerState.run(FollowerState.java:118)
2021-11-15 19:21:27,102 [Listener at 127.0.0.1/38415] INFO  statemachine.DatanodeStateMachine (DatanodeStateMachine.java:stopDaemon(526)) - Ozone container server stopped.
2021-11-15 19:21:27,104 [Listener at 127.0.0.1/38415] INFO  handler.ContextHandler (ContextHandler.java:doStop(1153)) - Stopped o.e.j.w.WebAppContext@7cc8cb4c{hddsDatanode,/,null,STOPPED}{jar:file:/home/runner/.m2/repository/org/apache/ozone/hdds-container-service/1.2.0-SNAPSHOT/hdds-container-service-1.2.0-SNAPSHOT.jar!/webapps/hddsDatanode}
2021-11-15 19:21:27,105 [grpc-default-executor-1] INFO  server.RaftServer$Division (RaftServerImpl.java:requestVote(1078)) - 5f24cb3a-787a-4f69-a830-2d3d8b70745a@group-3123CD3C107D replies to ELECTION vote request: c038e53c-4808-40a4-bcac-87a6adf6dbd8<-5f24cb3a-787a-4f69-a830-2d3d8b70745a#0:OK-t3. Peer's state: 5f24cb3a-787a-4f69-a830-2d3d8b70745a@group-3123CD3C107D:t3, leader=null, voted=c038e53c-4808-40a4-bcac-87a6adf6dbd8, raftlog=5f24cb3a-787a-4f69-a830-2d3d8b70745a@group-3123CD3C107D-SegmentedRaftLog:OPENED:c-1, conf=-1: [c038e53c-4808-40a4-bcac-87a6adf6dbd8|rpc:10.1.0.16:46879|dataStream:|priority:0, 5f24cb3a-787a-4f69-a830-2d3d8b70745a|rpc:10.1.0.16:34579|dataStream:|priority:0, bce623f1-3c31-45ef-9861-869f671ae311|rpc:10.1.0.16:38881|dataStream:|priority:1], old=null
2021-11-15 19:21:27,107 [grpc-default-executor-1] INFO  server.RaftServer$Division (RaftServerImpl.java:requestVote(1046)) - bce623f1-3c31-45ef-9861-869f671ae311@group-3123CD3C107D: receive requestVote(ELECTION, c038e53c-4808-40a4-bcac-87a6adf6dbd8, group-3123CD3C107D, 3, (t:0, i:0))
2021-11-15 19:21:27,107 [grpc-default-executor-1] INFO  impl.VoteContext (VoteContext.java:log(48)) - bce623f1-3c31-45ef-9861-869f671ae311@group-3123CD3C107D-FOLLOWER: reject ELECTION from c038e53c-4808-40a4-bcac-87a6adf6dbd8: our priority 1 > candidate's priority 0
2021-11-15 19:21:27,107 [grpc-default-executor-1] INFO  server.RaftServer$Division (RaftServerImpl.java:setRole(290)) - bce623f1-3c31-45ef-9861-869f671ae311@group-3123CD3C107D: changes role from  FOLLOWER to FOLLOWER at term 3 for candidate:c038e53c-4808-40a4-bcac-87a6adf6dbd8
2021-11-15 19:21:27,107 [grpc-default-executor-1] INFO  impl.RoleInfo (RoleInfo.java:shutdownFollowerState(108)) - bce623f1-3c31-45ef-9861-869f671ae311: shutdown bce623f1-3c31-45ef-9861-869f671ae311@group-3123CD3C107D-FollowerState
2021-11-15 19:21:27,107 [grpc-default-executor-1] INFO  impl.RoleInfo (RoleInfo.java:updateAndGet(130)) - bce623f1-3c31-45ef-9861-869f671ae311: start bce623f1-3c31-45ef-9861-869f671ae311@group-3123CD3C107D-FollowerState
2021-11-15 19:21:27,108 [bce623f1-3c31-45ef-9861-869f671ae311@group-3123CD3C107D-FollowerState] INFO  impl.FollowerState (FollowerState.java:run(143)) - bce623f1-3c31-45ef-9861-869f671ae311@group-3123CD3C107D-FollowerState was interrupted: {}
java.lang.InterruptedException: sleep interrupted
	at java.lang.Thread.sleep(Native Method)
	at java.lang.Thread.sleep(Thread.java:340)
	at java.util.concurrent.TimeUnit.sleep(TimeUnit.java:386)
	at org.apache.ratis.util.TimeDuration.sleep(TimeDuration.java:324)
	at org.apache.ratis.util.TimeDuration.sleep(TimeDuration.java:309)
	at org.apache.ratis.server.impl.FollowerState.run(FollowerState.java:118)
2021-11-15 19:21:27,114 [grpc-default-executor-1] INFO  server.RaftServer$Division (RaftServerImpl.java:requestVote(1078)) - bce623f1-3c31-45ef-9861-869f671ae311@group-3123CD3C107D replies to ELECTION vote request: c038e53c-4808-40a4-bcac-87a6adf6dbd8<-bce623f1-3c31-45ef-9861-869f671ae311#0:FAIL-t3. Peer's state: bce623f1-3c31-45ef-9861-869f671ae311@group-3123CD3C107D:t3, leader=null, voted=null, raftlog=bce623f1-3c31-45ef-9861-869f671ae311@group-3123CD3C107D-SegmentedRaftLog:OPENED:c-1, conf=-1: [c038e53c-4808-40a4-bcac-87a6adf6dbd8|rpc:10.1.0.16:46879|priority:0, 5f24cb3a-787a-4f69-a830-2d3d8b70745a|rpc:10.1.0.16:34579|priority:0, bce623f1-3c31-45ef-9861-869f671ae311|rpc:10.1.0.16:38881|priority:1], old=null
2021-11-15 19:21:27,115 [c038e53c-4808-40a4-bcac-87a6adf6dbd8@group-3123CD3C107D-LeaderElection19] INFO  impl.LeaderElection (LeaderElection.java:logAndReturn(89)) - c038e53c-4808-40a4-bcac-87a6adf6dbd8@group-3123CD3C107D-LeaderElection19: ELECTION REJECTED received 2 response(s) and 0 exception(s):
2021-11-15 19:21:27,115 [c038e53c-4808-40a4-bcac-87a6adf6dbd8@group-3123CD3C107D-LeaderElection19] INFO  impl.LeaderElection (LeaderElection.java:logAndReturn(93)) -   Response 0: c038e53c-4808-40a4-bcac-87a6adf6dbd8<-5f24cb3a-787a-4f69-a830-2d3d8b70745a#0:OK-t3
2021-11-15 19:21:27,115 [c038e53c-4808-40a4-bcac-87a6adf6dbd8@group-3123CD3C107D-LeaderElection19] INFO  impl.LeaderElection (LeaderElection.java:logAndReturn(93)) -   Response 1: c038e53c-4808-40a4-bcac-87a6adf6dbd8<-bce623f1-3c31-45ef-9861-869f671ae311#0:FAIL-t3
2021-11-15 19:21:27,115 [c038e53c-4808-40a4-bcac-87a6adf6dbd8@group-3123CD3C107D-LeaderElection19] INFO  impl.LeaderElection (LeaderElection.java:askForVotes(308)) - c038e53c-4808-40a4-bcac-87a6adf6dbd8@group-3123CD3C107D-LeaderElection19 ELECTION round 0: result REJECTED
2021-11-15 19:21:27,115 [c038e53c-4808-40a4-bcac-87a6adf6dbd8@group-3123CD3C107D-LeaderElection19] INFO  server.RaftServer$Division (RaftServerImpl.java:setRole(290)) - c038e53c-4808-40a4-bcac-87a6adf6dbd8@group-3123CD3C107D: changes role from CANDIDATE to FOLLOWER at term 3 for REJECTED
2021-11-15 19:21:27,115 [c038e53c-4808-40a4-bcac-87a6adf6dbd8@group-3123CD3C107D-LeaderElection19] INFO  impl.RoleInfo (RoleInfo.java:shutdownLeaderElection(121)) - c038e53c-4808-40a4-bcac-87a6adf6dbd8: shutdown c038e53c-4808-40a4-bcac-87a6adf6dbd8@group-3123CD3C107D-LeaderElection19
2021-11-15 19:21:27,115 [c038e53c-4808-40a4-bcac-87a6adf6dbd8@group-3123CD3C107D-LeaderElection19] INFO  impl.RoleInfo (RoleInfo.java:updateAndGet(130)) - c038e53c-4808-40a4-bcac-87a6adf6dbd8: start c038e53c-4808-40a4-bcac-87a6adf6dbd8@group-3123CD3C107D-FollowerState
2021-11-15 19:21:27,116 [Listener at 127.0.0.1/38415] INFO  server.AbstractConnector (AbstractConnector.java:doStop(381)) - Stopped ServerConnector@202bcc5a{HTTP/1.1, (http/1.1)}{0.0.0.0:0}
2021-11-15 19:21:27,120 [Listener at 127.0.0.1/38415] INFO  server.session (HouseKeeper.java:stopScavenging(149)) - node0 Stopped scavenging
2021-11-15 19:21:27,121 [Listener at 127.0.0.1/38415] INFO  handler.ContextHandler (ContextHandler.java:doStop(1153)) - Stopped o.e.j.s.ServletContextHandler@5d586f00{static,/static,jar:file:/home/runner/.m2/repository/org/apache/ozone/hdds-container-service/1.2.0-SNAPSHOT/hdds-container-service-1.2.0-SNAPSHOT.jar!/webapps/static,STOPPED}
2021-11-15 19:21:27,121 [Listener at 127.0.0.1/38415] INFO  handler.ContextHandler (ContextHandler.java:doStop(1153)) - Stopped o.e.j.s.ServletContextHandler@711c8e6{logs,/logs,file:///home/runner/work/ozone/ozone/hadoop-ozone/integration-test/target/log,STOPPED}
2021-11-15 19:21:27,891 [72af5abb-0a78-4b64-9517-3021125997b8@group-6011D7D31FA9-FollowerState] INFO  impl.FollowerState (FollowerState.java:run(134)) - 72af5abb-0a78-4b64-9517-3021125997b8@group-6011D7D31FA9-FollowerState: change to CANDIDATE, lastRpcElapsedTime:5062079526ns, electionTimeout:5062ms
2021-11-15 19:21:27,891 [72af5abb-0a78-4b64-9517-3021125997b8@group-6011D7D31FA9-FollowerState] INFO  impl.RoleInfo (RoleInfo.java:shutdownFollowerState(108)) - 72af5abb-0a78-4b64-9517-3021125997b8: shutdown 72af5abb-0a78-4b64-9517-3021125997b8@group-6011D7D31FA9-FollowerState
2021-11-15 19:21:27,891 [72af5abb-0a78-4b64-9517-3021125997b8@group-6011D7D31FA9-FollowerState] INFO  server.RaftServer$Division (RaftServerImpl.java:setRole(290)) - 72af5abb-0a78-4b64-9517-3021125997b8@group-6011D7D31FA9: changes role from  FOLLOWER to CANDIDATE at term 2 for changeToCandidate
2021-11-15 19:21:27,891 [72af5abb-0a78-4b64-9517-3021125997b8@group-6011D7D31FA9-FollowerState] INFO  server.RaftServerConfigKeys (ConfUtils.java:logGet(44)) - raft.server.leaderelection.pre-vote = false (custom)
2021-11-15 19:21:27,891 [72af5abb-0a78-4b64-9517-3021125997b8@group-6011D7D31FA9-FollowerState] INFO  impl.RoleInfo (RoleInfo.java:updateAndGet(130)) - 72af5abb-0a78-4b64-9517-3021125997b8: start 72af5abb-0a78-4b64-9517-3021125997b8@group-6011D7D31FA9-LeaderElection20
2021-11-15 19:21:27,903 [72af5abb-0a78-4b64-9517-3021125997b8@group-6011D7D31FA9-LeaderElection20] INFO  impl.LeaderElection (LeaderElection.java:askForVotes(306)) - 72af5abb-0a78-4b64-9517-3021125997b8@group-6011D7D31FA9-LeaderElection20 ELECTION round 0: submit vote requests at term 3 for -1: [72af5abb-0a78-4b64-9517-3021125997b8|rpc:10.1.0.16:45855|dataStream:|priority:0, 1d1c653c-c24c-4f9f-93f8-363bcaedc7a6|rpc:10.1.0.16:44043|dataStream:|priority:0, d87a46af-94f7-42aa-b022-652610ab08cb|rpc:10.1.0.16:36541|dataStream:|priority:1], old=null
2021-11-15 19:21:27,909 [grpc-default-executor-1] INFO  server.RaftServer$Division (RaftServerImpl.java:requestVote(1046)) - 1d1c653c-c24c-4f9f-93f8-363bcaedc7a6@group-6011D7D31FA9: receive requestVote(ELECTION, 72af5abb-0a78-4b64-9517-3021125997b8, group-6011D7D31FA9, 3, (t:0, i:0))
2021-11-15 19:21:27,909 [grpc-default-executor-1] INFO  impl.VoteContext (VoteContext.java:log(48)) - 1d1c653c-c24c-4f9f-93f8-363bcaedc7a6@group-6011D7D31FA9-FOLLOWER: accept ELECTION from 72af5abb-0a78-4b64-9517-3021125997b8: our priority 0 <= candidate's priority 0
2021-11-15 19:21:27,909 [grpc-default-executor-1] INFO  server.RaftServer$Division (RaftServerImpl.java:setRole(290)) - 1d1c653c-c24c-4f9f-93f8-363bcaedc7a6@group-6011D7D31FA9: changes role from  FOLLOWER to FOLLOWER at term 3 for candidate:72af5abb-0a78-4b64-9517-3021125997b8
2021-11-15 19:21:27,909 [grpc-default-executor-1] INFO  impl.RoleInfo (RoleInfo.java:shutdownFollowerState(108)) - 1d1c653c-c24c-4f9f-93f8-363bcaedc7a6: shutdown 1d1c653c-c24c-4f9f-93f8-363bcaedc7a6@group-6011D7D31FA9-FollowerState
2021-11-15 19:21:27,909 [grpc-default-executor-1] INFO  impl.RoleInfo (RoleInfo.java:updateAndGet(130)) - 1d1c653c-c24c-4f9f-93f8-363bcaedc7a6: start 1d1c653c-c24c-4f9f-93f8-363bcaedc7a6@group-6011D7D31FA9-FollowerState
2021-11-15 19:21:27,909 [1d1c653c-c24c-4f9f-93f8-363bcaedc7a6@group-6011D7D31FA9-FollowerState] INFO  impl.FollowerState (FollowerState.java:run(143)) - 1d1c653c-c24c-4f9f-93f8-363bcaedc7a6@group-6011D7D31FA9-FollowerState was interrupted: {}
java.lang.InterruptedException: sleep interrupted
	at java.lang.Thread.sleep(Native Method)
	at java.lang.Thread.sleep(Thread.java:340)
	at java.util.concurrent.TimeUnit.sleep(TimeUnit.java:386)
	at org.apache.ratis.util.TimeDuration.sleep(TimeDuration.java:324)
	at org.apache.ratis.util.TimeDuration.sleep(TimeDuration.java:309)
	at org.apache.ratis.server.impl.FollowerState.run(FollowerState.java:118)
2021-11-15 19:21:27,919 [grpc-default-executor-1] INFO  server.RaftServer$Division (RaftServerImpl.java:requestVote(1078)) - 1d1c653c-c24c-4f9f-93f8-363bcaedc7a6@group-6011D7D31FA9 replies to ELECTION vote request: 72af5abb-0a78-4b64-9517-3021125997b8<-1d1c653c-c24c-4f9f-93f8-363bcaedc7a6#0:OK-t3. Peer's state: 1d1c653c-c24c-4f9f-93f8-363bcaedc7a6@group-6011D7D31FA9:t3, leader=null, voted=72af5abb-0a78-4b64-9517-3021125997b8, raftlog=1d1c653c-c24c-4f9f-93f8-363bcaedc7a6@group-6011D7D31FA9-SegmentedRaftLog:OPENED:c-1, conf=-1: [72af5abb-0a78-4b64-9517-3021125997b8|rpc:10.1.0.16:45855|priority:0, 1d1c653c-c24c-4f9f-93f8-363bcaedc7a6|rpc:10.1.0.16:44043|priority:0, d87a46af-94f7-42aa-b022-652610ab08cb|rpc:10.1.0.16:36541|priority:1], old=null
2021-11-15 19:21:27,926 [72af5abb-0a78-4b64-9517-3021125997b8@group-6011D7D31FA9-LeaderElection20] INFO  impl.LeaderElection (LogUtils.java:infoOrTrace(137)) - 72af5abb-0a78-4b64-9517-3021125997b8@group-6011D7D31FA9-LeaderElection20 got exception when requesting votes: java.util.concurrent.ExecutionException: org.apache.ratis.thirdparty.io.grpc.StatusRuntimeException: UNAVAILABLE: io exception
2021-11-15 19:21:27,926 [72af5abb-0a78-4b64-9517-3021125997b8@group-6011D7D31FA9-LeaderElection20] INFO  impl.LeaderElection (LeaderElection.java:logAndReturn(89)) - 72af5abb-0a78-4b64-9517-3021125997b8@group-6011D7D31FA9-LeaderElection20: ELECTION PASSED received 1 response(s) and 1 exception(s):
2021-11-15 19:21:27,926 [72af5abb-0a78-4b64-9517-3021125997b8@group-6011D7D31FA9-LeaderElection20] INFO  impl.LeaderElection (LeaderElection.java:logAndReturn(93)) -   Response 0: 72af5abb-0a78-4b64-9517-3021125997b8<-1d1c653c-c24c-4f9f-93f8-363bcaedc7a6#0:OK-t3
2021-11-15 19:21:27,926 [72af5abb-0a78-4b64-9517-3021125997b8@group-6011D7D31FA9-LeaderElection20] INFO  impl.LeaderElection (LogUtils.java:infoOrTrace(137)) -   Exception 1: java.util.concurrent.ExecutionException: org.apache.ratis.thirdparty.io.grpc.StatusRuntimeException: UNAVAILABLE: io exception
2021-11-15 19:21:27,926 [72af5abb-0a78-4b64-9517-3021125997b8@group-6011D7D31FA9-LeaderElection20] INFO  impl.LeaderElection (LeaderElection.java:askForVotes(308)) - 72af5abb-0a78-4b64-9517-3021125997b8@group-6011D7D31FA9-LeaderElection20 ELECTION round 0: result PASSED
2021-11-15 19:21:27,926 [72af5abb-0a78-4b64-9517-3021125997b8@group-6011D7D31FA9-LeaderElection20] INFO  impl.RoleInfo (RoleInfo.java:shutdownLeaderElection(121)) - 72af5abb-0a78-4b64-9517-3021125997b8: shutdown 72af5abb-0a78-4b64-9517-3021125997b8@group-6011D7D31FA9-LeaderElection20
2021-11-15 19:21:27,926 [72af5abb-0a78-4b64-9517-3021125997b8@group-6011D7D31FA9-LeaderElection20] INFO  server.RaftServer$Division (RaftServerImpl.java:setRole(290)) - 72af5abb-0a78-4b64-9517-3021125997b8@group-6011D7D31FA9: changes role from CANDIDATE to LEADER at term 3 for changeToLeader
2021-11-15 19:21:27,926 [72af5abb-0a78-4b64-9517-3021125997b8@group-6011D7D31FA9-LeaderElection20] INFO  ratis.XceiverServerRatis (XceiverServerRatis.java:handleLeaderChangedNotification(866)) - Leader change notification received for group: group-6011D7D31FA9 with new leaderId: 72af5abb-0a78-4b64-9517-3021125997b8
2021-11-15 19:21:27,927 [72af5abb-0a78-4b64-9517-3021125997b8@group-6011D7D31FA9-LeaderElection20] INFO  server.RaftServer$Division (ServerState.java:setLeader(285)) - 72af5abb-0a78-4b64-9517-3021125997b8@group-6011D7D31FA9: change Leader from null to 72af5abb-0a78-4b64-9517-3021125997b8 at term 3 for becomeLeader, leader elected after 15791ms
2021-11-15 19:21:27,927 [72af5abb-0a78-4b64-9517-3021125997b8@group-6011D7D31FA9-LeaderElection20] INFO  server.RaftServerConfigKeys (ConfUtils.java:logGet(44)) - raft.server.staging.catchup.gap = 1000 (default)
2021-11-15 19:21:27,927 [72af5abb-0a78-4b64-9517-3021125997b8@group-6011D7D31FA9-LeaderElection20] INFO  server.RaftServerConfigKeys (ConfUtils.java:logGet(44)) - raft.server.write.element-limit = 1024 (custom)
2021-11-15 19:21:27,927 [72af5abb-0a78-4b64-9517-3021125997b8@group-6011D7D31FA9-LeaderElection20] INFO  server.RaftServerConfigKeys (ConfUtils.java:logGet(44)) - raft.server.write.byte-limit = 1024 M (=1073741824) (custom)
2021-11-15 19:21:27,927 [72af5abb-0a78-4b64-9517-3021125997b8@group-6011D7D31FA9-LeaderElection20] INFO  server.RaftServerConfigKeys (ConfUtils.java:logGet(44)) - raft.server.watch.timeout = 3000ms (custom)
2021-11-15 19:21:27,927 [72af5abb-0a78-4b64-9517-3021125997b8@group-6011D7D31FA9-LeaderElection20] INFO  server.RaftServerConfigKeys (ConfUtils.java:logGet(44)) - raft.server.watch.timeout.denomination = 1s (default)
2021-11-15 19:21:27,927 [72af5abb-0a78-4b64-9517-3021125997b8@group-6011D7D31FA9-LeaderElection20] INFO  server.RaftServerConfigKeys (ConfUtils.java:logGet(44)) - raft.server.watch.element-limit = 65536 (default)
2021-11-15 19:21:27,927 [72af5abb-0a78-4b64-9517-3021125997b8@group-6011D7D31FA9-LeaderElection20] INFO  server.RaftServerConfigKeys (ConfUtils.java:logGet(44)) - raft.server.write.element-limit = 1024 (custom)
2021-11-15 19:21:27,928 [72af5abb-0a78-4b64-9517-3021125997b8@group-6011D7D31FA9-LeaderElection20] INFO  server.RaftServerConfigKeys (ConfUtils.java:logGet(44)) - raft.server.write.follower.gap.ratio.max = -1.0 (default)
2021-11-15 19:21:27,928 [72af5abb-0a78-4b64-9517-3021125997b8@group-6011D7D31FA9-LeaderElection20] INFO  server.RaftServerConfigKeys (ConfUtils.java:logGet(44)) - raft.server.log.appender.snapshot.chunk.size.max = 16MB (=16777216) (default)
2021-11-15 19:21:27,928 [72af5abb-0a78-4b64-9517-3021125997b8@group-6011D7D31FA9-LeaderElection20] INFO  server.RaftServerConfigKeys (ConfUtils.java:logGet(44)) - raft.server.log.appender.buffer.byte-limit = 33554432 (custom)
2021-11-15 19:21:27,928 [72af5abb-0a78-4b64-9517-3021125997b8@group-6011D7D31FA9-LeaderElection20] INFO  server.RaftServerConfigKeys (ConfUtils.java:logGet(44)) - raft.server.log.appender.buffer.element-limit = 1 (custom)
2021-11-15 19:21:27,928 [72af5abb-0a78-4b64-9517-3021125997b8@group-6011D7D31FA9-LeaderElection20] INFO  grpc.GrpcConfigKeys (ConfUtils.java:logGet(44)) - raft.grpc.server.leader.outstanding.appends.max = 128 (default)
2021-11-15 19:21:27,930 [72af5abb-0a78-4b64-9517-3021125997b8@group-6011D7D31FA9-LeaderElection20] INFO  server.RaftServerConfigKeys (ConfUtils.java:logGet(44)) - raft.server.rpc.request.timeout = 3000ms (default)
2021-11-15 19:21:27,930 [72af5abb-0a78-4b64-9517-3021125997b8@group-6011D7D31FA9-LeaderElection20] INFO  server.RaftServerConfigKeys (ConfUtils.java:logGet(44)) - raft.server.log.appender.install.snapshot.enabled = false (custom)
2021-11-15 19:21:27,931 [72af5abb-0a78-4b64-9517-3021125997b8@group-6011D7D31FA9-LeaderElection20] INFO  server.RaftServerConfigKeys (ConfUtils.java:logGet(44)) - raft.server.log.appender.snapshot.chunk.size.max = 16MB (=16777216) (default)
2021-11-15 19:21:27,931 [72af5abb-0a78-4b64-9517-3021125997b8@group-6011D7D31FA9-LeaderElection20] INFO  server.RaftServerConfigKeys (ConfUtils.java:logGet(44)) - raft.server.log.appender.buffer.byte-limit = 33554432 (custom)
2021-11-15 19:21:27,931 [72af5abb-0a78-4b64-9517-3021125997b8@group-6011D7D31FA9-LeaderElection20] INFO  server.RaftServerConfigKeys (ConfUtils.java:logGet(44)) - raft.server.log.appender.buffer.element-limit = 1 (custom)
2021-11-15 19:21:27,931 [72af5abb-0a78-4b64-9517-3021125997b8@group-6011D7D31FA9-LeaderElection20] INFO  grpc.GrpcConfigKeys (ConfUtils.java:logGet(44)) - raft.grpc.server.leader.outstanding.appends.max = 128 (default)
2021-11-15 19:21:27,931 [72af5abb-0a78-4b64-9517-3021125997b8@group-6011D7D31FA9-LeaderElection20] INFO  server.RaftServerConfigKeys (ConfUtils.java:logGet(44)) - raft.server.rpc.request.timeout = 3000ms (default)
2021-11-15 19:21:27,931 [72af5abb-0a78-4b64-9517-3021125997b8@group-6011D7D31FA9-LeaderElection20] INFO  server.RaftServerConfigKeys (ConfUtils.java:logGet(44)) - raft.server.log.appender.install.snapshot.enabled = false (custom)
2021-11-15 19:21:27,940 [72af5abb-0a78-4b64-9517-3021125997b8@group-6011D7D31FA9-LeaderElection20] INFO  impl.RoleInfo (RoleInfo.java:updateAndGet(130)) - 72af5abb-0a78-4b64-9517-3021125997b8: start 72af5abb-0a78-4b64-9517-3021125997b8@group-6011D7D31FA9-LeaderStateImpl
2021-11-15 19:21:27,940 [72af5abb-0a78-4b64-9517-3021125997b8@group-6011D7D31FA9-LeaderElection20] INFO  segmented.SegmentedRaftLogWorker (SegmentedRaftLogWorker.java:startLogSegment(394)) - 72af5abb-0a78-4b64-9517-3021125997b8@group-6011D7D31FA9-SegmentedRaftLogWorker: Starting segment from index:0
2021-11-15 19:21:27,943 [72af5abb-0a78-4b64-9517-3021125997b8@group-6011D7D31FA9-SegmentedRaftLogWorker] INFO  segmented.SegmentedRaftLogWorker (SegmentedRaftLogWorker.java:execute(601)) - 72af5abb-0a78-4b64-9517-3021125997b8@group-6011D7D31FA9-SegmentedRaftLogWorker: created new log segment /home/runner/work/ozone/ozone/hadoop-ozone/integration-test/target/test-dir/MiniOzoneClusterImpl-edab3eb4-5721-4c35-be90-debfdbe0e37e/datanode-5/data/ratis/ffb0f6a7-cf28-4210-b9d6-6011d7d31fa9/current/log_inprogress_0
2021-11-15 19:21:27,960 [72af5abb-0a78-4b64-9517-3021125997b8@group-6011D7D31FA9-LeaderElection20] INFO  server.RaftServer$Division (ServerState.java:setRaftConf(387)) - 72af5abb-0a78-4b64-9517-3021125997b8@group-6011D7D31FA9: set configuration 0: [72af5abb-0a78-4b64-9517-3021125997b8|rpc:10.1.0.16:45855|dataStream:|priority:0, 1d1c653c-c24c-4f9f-93f8-363bcaedc7a6|rpc:10.1.0.16:44043|dataStream:|priority:0, d87a46af-94f7-42aa-b022-652610ab08cb|rpc:10.1.0.16:36541|dataStream:|priority:1], old=null
2021-11-15 19:21:27,969 [grpc-default-executor-2] INFO  ratis.XceiverServerRatis (XceiverServerRatis.java:handleLeaderChangedNotification(866)) - Leader change notification received for group: group-6011D7D31FA9 with new leaderId: 72af5abb-0a78-4b64-9517-3021125997b8
2021-11-15 19:21:27,969 [grpc-default-executor-2] INFO  server.RaftServer$Division (ServerState.java:setLeader(285)) - 1d1c653c-c24c-4f9f-93f8-363bcaedc7a6@group-6011D7D31FA9: change Leader from null to 72af5abb-0a78-4b64-9517-3021125997b8 at term 3 for appendEntries, leader elected after 15897ms
2021-11-15 19:21:27,969 [grpc-default-executor-1] WARN  server.GrpcLogAppender (LogUtils.java:warn(122)) - 72af5abb-0a78-4b64-9517-3021125997b8@group-6011D7D31FA9->d87a46af-94f7-42aa-b022-652610ab08cb-AppendLogResponseHandler: Failed appendEntries: org.apache.ratis.thirdparty.io.grpc.StatusRuntimeException: UNAVAILABLE: io exception
2021-11-15 19:21:27,970 [grpc-default-executor-1] WARN  server.GrpcLogAppender (GrpcLogAppender.java:resetClient(110)) - 72af5abb-0a78-4b64-9517-3021125997b8@group-6011D7D31FA9->d87a46af-94f7-42aa-b022-652610ab08cb-GrpcLogAppender: Leader has not got in touch with Follower 72af5abb-0a78-4b64-9517-3021125997b8@group-6011D7D31FA9->d87a46af-94f7-42aa-b022-652610ab08cb(c-1,m0,n0, attendVote=true, lastRpcSendTime=5242, lastRpcResponseTime=5242) yet, just keep nextIndex unchanged and retry.
2021-11-15 19:21:27,980 [grpc-default-executor-2] INFO  server.RaftServer$Division (ServerState.java:setRaftConf(387)) - 1d1c653c-c24c-4f9f-93f8-363bcaedc7a6@group-6011D7D31FA9: set configuration 0: [72af5abb-0a78-4b64-9517-3021125997b8|rpc:10.1.0.16:45855|dataStream:|priority:0, 1d1c653c-c24c-4f9f-93f8-363bcaedc7a6|rpc:10.1.0.16:44043|dataStream:|priority:0, d87a46af-94f7-42aa-b022-652610ab08cb|rpc:10.1.0.16:36541|dataStream:|priority:1], old=null
2021-11-15 19:21:27,980 [grpc-default-executor-2] INFO  segmented.SegmentedRaftLogWorker (SegmentedRaftLogWorker.java:startLogSegment(394)) - 1d1c653c-c24c-4f9f-93f8-363bcaedc7a6@group-6011D7D31FA9-SegmentedRaftLogWorker: Starting segment from index:0
2021-11-15 19:21:27,981 [grpc-default-executor-2] WARN  server.GrpcLogAppender (LogUtils.java:warn(122)) - 72af5abb-0a78-4b64-9517-3021125997b8@group-6011D7D31FA9->d87a46af-94f7-42aa-b022-652610ab08cb-AppendLogResponseHandler: Failed appendEntries: org.apache.ratis.thirdparty.io.grpc.StatusRuntimeException: UNAVAILABLE: io exception
2021-11-15 19:21:27,981 [grpc-default-executor-2] WARN  server.GrpcLogAppender (GrpcLogAppender.java:resetClient(110)) - 72af5abb-0a78-4b64-9517-3021125997b8@group-6011D7D31FA9->d87a46af-94f7-42aa-b022-652610ab08cb-GrpcLogAppender: Leader has not got in touch with Follower 72af5abb-0a78-4b64-9517-3021125997b8@group-6011D7D31FA9->d87a46af-94f7-42aa-b022-652610ab08cb(c-1,m0,n1, attendVote=true, lastRpcSendTime=0, lastRpcResponseTime=5253) yet, just keep nextIndex unchanged and retry.
2021-11-15 19:21:27,983 [1d1c653c-c24c-4f9f-93f8-363bcaedc7a6@group-6011D7D31FA9-SegmentedRaftLogWorker] INFO  segmented.SegmentedRaftLogWorker (SegmentedRaftLogWorker.java:execute(601)) - 1d1c653c-c24c-4f9f-93f8-363bcaedc7a6@group-6011D7D31FA9-SegmentedRaftLogWorker: created new log segment /home/runner/work/ozone/ozone/hadoop-ozone/integration-test/target/test-dir/MiniOzoneClusterImpl-edab3eb4-5721-4c35-be90-debfdbe0e37e/datanode-3/data/ratis/ffb0f6a7-cf28-4210-b9d6-6011d7d31fa9/current/log_inprogress_0
2021-11-15 19:21:28,748 [EventQueue-StaleNodeForStaleNodeHandler] INFO  node.StaleNodeHandler (StaleNodeHandler.java:onMessage(58)) - Datanode d87a46af-94f7-42aa-b022-652610ab08cb{ip: 10.1.0.16, host: fv-az151-339.yf2hydr00wburbhx3j5hxtcipe.bx.internal.cloudapp.net, ports: [REPLICATION=42181, RATIS=36541, RATIS_ADMIN=36541, RATIS_SERVER=36541, STANDALONE=40489], networkLocation: /default-rack, certSerialId: null, persistedOpState: IN_SERVICE, persistedOpStateExpiryEpochSec: 0} moved to stale state. Finalizing its pipelines [PipelineID=ffb0f6a7-cf28-4210-b9d6-6011d7d31fa9, PipelineID=46048c11-004b-4b6b-9774-b749a3b4ac58, PipelineID=9084c998-2231-478f-90fe-7123d4b11fd3]
2021-11-15 19:21:28,749 [EventQueue-StaleNodeForStaleNodeHandler] INFO  pipeline.PipelineManagerImpl (PipelineManagerImpl.java:closePipeline(349)) - Pipeline Pipeline[ Id: ffb0f6a7-cf28-4210-b9d6-6011d7d31fa9, Nodes: 1d1c653c-c24c-4f9f-93f8-363bcaedc7a6{ip: 10.1.0.16, host: fv-az151-339.yf2hydr00wburbhx3j5hxtcipe.bx.internal.cloudapp.net, ports: [REPLICATION=38157, RATIS=44043, RATIS_ADMIN=44043, RATIS_SERVER=44043, STANDALONE=34479], networkLocation: /default-rack, certSerialId: null, persistedOpState: IN_SERVICE, persistedOpStateExpiryEpochSec: 0}d87a46af-94f7-42aa-b022-652610ab08cb{ip: 10.1.0.16, host: fv-az151-339.yf2hydr00wburbhx3j5hxtcipe.bx.internal.cloudapp.net, ports: [REPLICATION=42181, RATIS=36541, RATIS_ADMIN=36541, RATIS_SERVER=36541, STANDALONE=40489], networkLocation: /default-rack, certSerialId: null, persistedOpState: IN_SERVICE, persistedOpStateExpiryEpochSec: 0}72af5abb-0a78-4b64-9517-3021125997b8{ip: 10.1.0.16, host: fv-az151-339.yf2hydr00wburbhx3j5hxtcipe.bx.internal.cloudapp.net, ports: [REPLICATION=33017, RATIS=45855, RATIS_ADMIN=45855, RATIS_SERVER=45855, STANDALONE=38721], networkLocation: /default-rack, certSerialId: null, persistedOpState: IN_SERVICE, persistedOpStateExpiryEpochSec: 0}, ReplicationConfig: RATIS/THREE, State:ALLOCATED, leaderId:, CreationTimestamp2021-11-15T19:21:09.356Z[Etc/UTC]] moved to CLOSED state
2021-11-15 19:21:28,749 [EventQueue-StaleNodeForStaleNodeHandler] INFO  pipeline.PipelineManagerImpl (PipelineManagerImpl.java:closePipeline(349)) - Pipeline Pipeline[ Id: 46048c11-004b-4b6b-9774-b749a3b4ac58, Nodes: d87a46af-94f7-42aa-b022-652610ab08cb{ip: 10.1.0.16, host: fv-az151-339.yf2hydr00wburbhx3j5hxtcipe.bx.internal.cloudapp.net, ports: [REPLICATION=42181, RATIS=36541, RATIS_ADMIN=36541, RATIS_SERVER=36541, STANDALONE=40489], networkLocation: /default-rack, certSerialId: null, persistedOpState: IN_SERVICE, persistedOpStateExpiryEpochSec: 0}, ReplicationConfig: RATIS/ONE, State:OPEN, leaderId:d87a46af-94f7-42aa-b022-652610ab08cb, CreationTimestamp2021-11-15T19:21:09.141Z[Etc/UTC]] moved to CLOSED state
2021-11-15 19:21:28,750 [EventQueue-StaleNodeForStaleNodeHandler] INFO  pipeline.PipelineManagerImpl (PipelineManagerImpl.java:closePipeline(349)) - Pipeline Pipeline[ Id: 9084c998-2231-478f-90fe-7123d4b11fd3, Nodes: d87a46af-94f7-42aa-b022-652610ab08cb{ip: 10.1.0.16, host: fv-az151-339.yf2hydr00wburbhx3j5hxtcipe.bx.internal.cloudapp.net, ports: [REPLICATION=42181, RATIS=36541, RATIS_ADMIN=36541, RATIS_SERVER=36541, STANDALONE=40489], networkLocation: /default-rack, certSerialId: null, persistedOpState: IN_SERVICE, persistedOpStateExpiryEpochSec: 0}72af5abb-0a78-4b64-9517-3021125997b8{ip: 10.1.0.16, host: fv-az151-339.yf2hydr00wburbhx3j5hxtcipe.bx.internal.cloudapp.net, ports: [REPLICATION=33017, RATIS=45855, RATIS_ADMIN=45855, RATIS_SERVER=45855, STANDALONE=38721], networkLocation: /default-rack, certSerialId: null, persistedOpState: IN_SERVICE, persistedOpStateExpiryEpochSec: 0}1d1c653c-c24c-4f9f-93f8-363bcaedc7a6{ip: 10.1.0.16, host: fv-az151-339.yf2hydr00wburbhx3j5hxtcipe.bx.internal.cloudapp.net, ports: [REPLICATION=38157, RATIS=44043, RATIS_ADMIN=44043, RATIS_SERVER=44043, STANDALONE=34479], networkLocation: /default-rack, certSerialId: null, persistedOpState: IN_SERVICE, persistedOpStateExpiryEpochSec: 0}, ReplicationConfig: RATIS/THREE, State:OPEN, leaderId:1d1c653c-c24c-4f9f-93f8-363bcaedc7a6, CreationTimestamp2021-11-15T19:21:09.353Z[Etc/UTC]] moved to CLOSED state
2021-11-15 19:21:28,763 [EventQueue-CloseContainerForCloseContainerEventHandler] INFO  container.CloseContainerEventHandler (CloseContainerEventHandler.java:onMessage(69)) - Close container Event triggered for container : #1
2021-11-15 19:21:29,126 [grpc-default-executor-2] WARN  server.GrpcLogAppender (LogUtils.java:warn(122)) - 1d1c653c-c24c-4f9f-93f8-363bcaedc7a6@group-7123D4B11FD3->d87a46af-94f7-42aa-b022-652610ab08cb-AppendLogResponseHandler: Failed appendEntries: org.apache.ratis.thirdparty.io.grpc.StatusRuntimeException: UNAVAILABLE: io exception
2021-11-15 19:21:29,126 [grpc-default-executor-2] INFO  leader.FollowerInfo (FollowerInfoImpl.java:lambda$new$0(47)) - 1d1c653c-c24c-4f9f-93f8-363bcaedc7a6@group-7123D4B11FD3->d87a46af-94f7-42aa-b022-652610ab08cb: nextIndex: updateUnconditionally 16 -> 15
2021-11-15 19:21:30,482 [grpc-default-executor-2] WARN  server.GrpcLogAppender (LogUtils.java:warn(122)) - 72af5abb-0a78-4b64-9517-3021125997b8@group-6011D7D31FA9->d87a46af-94f7-42aa-b022-652610ab08cb-AppendLogResponseHandler: Failed appendEntries: org.apache.ratis.thirdparty.io.grpc.StatusRuntimeException: UNAVAILABLE: io exception
2021-11-15 19:21:30,482 [grpc-default-executor-2] WARN  server.GrpcLogAppender (GrpcLogAppender.java:resetClient(110)) - 72af5abb-0a78-4b64-9517-3021125997b8@group-6011D7D31FA9->d87a46af-94f7-42aa-b022-652610ab08cb-GrpcLogAppender: Leader has not got in touch with Follower 72af5abb-0a78-4b64-9517-3021125997b8@group-6011D7D31FA9->d87a46af-94f7-42aa-b022-652610ab08cb(c-1,m0,n1, attendVote=true, lastRpcSendTime=0, lastRpcResponseTime=7754) yet, just keep nextIndex unchanged and retry.
2021-11-15 19:21:31,289 [bce623f1-3c31-45ef-9861-869f671ae311@group-9B0D820938DF-FollowerState] INFO  impl.FollowerState (FollowerState.java:run(134)) - bce623f1-3c31-45ef-9861-869f671ae311@group-9B0D820938DF-FollowerState: change to CANDIDATE, lastRpcElapsedTime:5053246283ns, electionTimeout:5050ms
2021-11-15 19:21:31,289 [bce623f1-3c31-45ef-9861-869f671ae311@group-9B0D820938DF-FollowerState] INFO  impl.RoleInfo (RoleInfo.java:shutdownFollowerState(108)) - bce623f1-3c31-45ef-9861-869f671ae311: shutdown bce623f1-3c31-45ef-9861-869f671ae311@group-9B0D820938DF-FollowerState
2021-11-15 19:21:31,289 [bce623f1-3c31-45ef-9861-869f671ae311@group-9B0D820938DF-FollowerState] INFO  server.RaftServer$Division (RaftServerImpl.java:setRole(290)) - bce623f1-3c31-45ef-9861-869f671ae311@group-9B0D820938DF: changes role from  FOLLOWER to CANDIDATE at term 3 for changeToCandidate
2021-11-15 19:21:31,290 [bce623f1-3c31-45ef-9861-869f671ae311@group-9B0D820938DF-FollowerState] INFO  server.RaftServerConfigKeys (ConfUtils.java:logGet(44)) - raft.server.leaderelection.pre-vote = false (custom)
2021-11-15 19:21:31,290 [bce623f1-3c31-45ef-9861-869f671ae311@group-9B0D820938DF-FollowerState] INFO  impl.RoleInfo (RoleInfo.java:updateAndGet(130)) - bce623f1-3c31-45ef-9861-869f671ae311: start bce623f1-3c31-45ef-9861-869f671ae311@group-9B0D820938DF-LeaderElection21
2021-11-15 19:21:31,292 [5f24cb3a-787a-4f69-a830-2d3d8b70745a@group-9B0D820938DF-FollowerState] INFO  impl.FollowerState (FollowerState.java:run(134)) - 5f24cb3a-787a-4f69-a830-2d3d8b70745a@group-9B0D820938DF-FollowerState: change to CANDIDATE, lastRpcElapsedTime:5083435628ns, electionTimeout:5070ms
2021-11-15 19:21:31,292 [5f24cb3a-787a-4f69-a830-2d3d8b70745a@group-9B0D820938DF-FollowerState] INFO  impl.RoleInfo (RoleInfo.java:shutdownFollowerState(108)) - 5f24cb3a-787a-4f69-a830-2d3d8b70745a: shutdown 5f24cb3a-787a-4f69-a830-2d3d8b70745a@group-9B0D820938DF-FollowerState
2021-11-15 19:21:31,292 [5f24cb3a-787a-4f69-a830-2d3d8b70745a@group-9B0D820938DF-FollowerState] INFO  server.RaftServer$Division (RaftServerImpl.java:setRole(290)) - 5f24cb3a-787a-4f69-a830-2d3d8b70745a@group-9B0D820938DF: changes role from  FOLLOWER to CANDIDATE at term 3 for changeToCandidate
2021-11-15 19:21:31,292 [5f24cb3a-787a-4f69-a830-2d3d8b70745a@group-9B0D820938DF-FollowerState] INFO  server.RaftServerConfigKeys (ConfUtils.java:logGet(44)) - raft.server.leaderelection.pre-vote = false (custom)
2021-11-15 19:21:31,292 [5f24cb3a-787a-4f69-a830-2d3d8b70745a@group-9B0D820938DF-FollowerState] INFO  impl.RoleInfo (RoleInfo.java:updateAndGet(130)) - 5f24cb3a-787a-4f69-a830-2d3d8b70745a: start 5f24cb3a-787a-4f69-a830-2d3d8b70745a@group-9B0D820938DF-LeaderElection22
2021-11-15 19:21:31,304 [5f24cb3a-787a-4f69-a830-2d3d8b70745a@group-9B0D820938DF-LeaderElection22] INFO  impl.LeaderElection (LeaderElection.java:askForVotes(306)) - 5f24cb3a-787a-4f69-a830-2d3d8b70745a@group-9B0D820938DF-LeaderElection22 ELECTION round 0: submit vote requests at term 4 for -1: [c038e53c-4808-40a4-bcac-87a6adf6dbd8|rpc:10.1.0.16:46879|dataStream:|priority:0, 5f24cb3a-787a-4f69-a830-2d3d8b70745a|rpc:10.1.0.16:34579|dataStream:|priority:1, bce623f1-3c31-45ef-9861-869f671ae311|rpc:10.1.0.16:38881|dataStream:|priority:0], old=null
2021-11-15 19:21:31,304 [bce623f1-3c31-45ef-9861-869f671ae311@group-9B0D820938DF-LeaderElection21] INFO  impl.LeaderElection (LeaderElection.java:askForVotes(306)) - bce623f1-3c31-45ef-9861-869f671ae311@group-9B0D820938DF-LeaderElection21 ELECTION round 0: submit vote requests at term 4 for -1: [c038e53c-4808-40a4-bcac-87a6adf6dbd8|rpc:10.1.0.16:46879|priority:0, 5f24cb3a-787a-4f69-a830-2d3d8b70745a|rpc:10.1.0.16:34579|priority:1, bce623f1-3c31-45ef-9861-869f671ae311|rpc:10.1.0.16:38881|priority:0], old=null
2021-11-15 19:21:31,312 [c038e53c-4808-40a4-bcac-87a6adf6dbd8@group-9B0D820938DF-FollowerState] INFO  impl.FollowerState (FollowerState.java:run(134)) - c038e53c-4808-40a4-bcac-87a6adf6dbd8@group-9B0D820938DF-FollowerState: change to CANDIDATE, lastRpcElapsedTime:5092321030ns, electionTimeout:5087ms
2021-11-15 19:21:31,312 [c038e53c-4808-40a4-bcac-87a6adf6dbd8@group-9B0D820938DF-FollowerState] INFO  impl.RoleInfo (RoleInfo.java:shutdownFollowerState(108)) - c038e53c-4808-40a4-bcac-87a6adf6dbd8: shutdown c038e53c-4808-40a4-bcac-87a6adf6dbd8@group-9B0D820938DF-FollowerState
2021-11-15 19:21:31,312 [c038e53c-4808-40a4-bcac-87a6adf6dbd8@group-9B0D820938DF-FollowerState] INFO  server.RaftServer$Division (RaftServerImpl.java:setRole(290)) - c038e53c-4808-40a4-bcac-87a6adf6dbd8@group-9B0D820938DF: changes role from  FOLLOWER to CANDIDATE at term 3 for changeToCandidate
2021-11-15 19:21:31,313 [c038e53c-4808-40a4-bcac-87a6adf6dbd8@group-9B0D820938DF-FollowerState] INFO  server.RaftServerConfigKeys (ConfUtils.java:logGet(44)) - raft.server.leaderelection.pre-vote = false (custom)
2021-11-15 19:21:31,313 [c038e53c-4808-40a4-bcac-87a6adf6dbd8@group-9B0D820938DF-FollowerState] INFO  impl.RoleInfo (RoleInfo.java:updateAndGet(130)) - c038e53c-4808-40a4-bcac-87a6adf6dbd8: start c038e53c-4808-40a4-bcac-87a6adf6dbd8@group-9B0D820938DF-LeaderElection23
2021-11-15 19:21:31,357 [c038e53c-4808-40a4-bcac-87a6adf6dbd8@group-9B0D820938DF-LeaderElection23] INFO  impl.LeaderElection (LeaderElection.java:askForVotes(306)) - c038e53c-4808-40a4-bcac-87a6adf6dbd8@group-9B0D820938DF-LeaderElection23 ELECTION round 0: submit vote requests at term 4 for -1: [c038e53c-4808-40a4-bcac-87a6adf6dbd8|rpc:10.1.0.16:46879|priority:0, 5f24cb3a-787a-4f69-a830-2d3d8b70745a|rpc:10.1.0.16:34579|priority:1, bce623f1-3c31-45ef-9861-869f671ae311|rpc:10.1.0.16:38881|priority:0], old=null
2021-11-15 19:21:31,358 [grpc-default-executor-1] INFO  server.RaftServer$Division (RaftServerImpl.java:requestVote(1046)) - c038e53c-4808-40a4-bcac-87a6adf6dbd8@group-9B0D820938DF: receive requestVote(ELECTION, bce623f1-3c31-45ef-9861-869f671ae311, group-9B0D820938DF, 4, (t:0, i:0))
2021-11-15 19:21:31,358 [grpc-default-executor-1] INFO  impl.VoteContext (VoteContext.java:log(48)) - c038e53c-4808-40a4-bcac-87a6adf6dbd8@group-9B0D820938DF-CANDIDATE: reject ELECTION from bce623f1-3c31-45ef-9861-869f671ae311: already has voted for c038e53c-4808-40a4-bcac-87a6adf6dbd8 at current term 4
2021-11-15 19:21:31,358 [grpc-default-executor-1] INFO  server.RaftServer$Division (RaftServerImpl.java:requestVote(1078)) - c038e53c-4808-40a4-bcac-87a6adf6dbd8@group-9B0D820938DF replies to ELECTION vote request: bce623f1-3c31-45ef-9861-869f671ae311<-c038e53c-4808-40a4-bcac-87a6adf6dbd8#0:FAIL-t4. Peer's state: c038e53c-4808-40a4-bcac-87a6adf6dbd8@group-9B0D820938DF:t4, leader=null, voted=c038e53c-4808-40a4-bcac-87a6adf6dbd8, raftlog=c038e53c-4808-40a4-bcac-87a6adf6dbd8@group-9B0D820938DF-SegmentedRaftLog:OPENED:c-1, conf=-1: [c038e53c-4808-40a4-bcac-87a6adf6dbd8|rpc:10.1.0.16:46879|priority:0, 5f24cb3a-787a-4f69-a830-2d3d8b70745a|rpc:10.1.0.16:34579|priority:1, bce623f1-3c31-45ef-9861-869f671ae311|rpc:10.1.0.16:38881|priority:0], old=null
2021-11-15 19:21:31,377 [grpc-default-executor-1] INFO  server.RaftServer$Division (RaftServerImpl.java:requestVote(1046)) - bce623f1-3c31-45ef-9861-869f671ae311@group-9B0D820938DF: receive requestVote(ELECTION, 5f24cb3a-787a-4f69-a830-2d3d8b70745a, group-9B0D820938DF, 4, (t:0, i:0))
2021-11-15 19:21:31,377 [grpc-default-executor-1] INFO  impl.VoteContext (VoteContext.java:log(48)) - bce623f1-3c31-45ef-9861-869f671ae311@group-9B0D820938DF-CANDIDATE: reject ELECTION from 5f24cb3a-787a-4f69-a830-2d3d8b70745a: already has voted for bce623f1-3c31-45ef-9861-869f671ae311 at current term 4
2021-11-15 19:21:31,377 [grpc-default-executor-1] INFO  server.RaftServer$Division (RaftServerImpl.java:requestVote(1078)) - bce623f1-3c31-45ef-9861-869f671ae311@group-9B0D820938DF replies to ELECTION vote request: 5f24cb3a-787a-4f69-a830-2d3d8b70745a<-bce623f1-3c31-45ef-9861-869f671ae311#0:FAIL-t4. Peer's state: bce623f1-3c31-45ef-9861-869f671ae311@group-9B0D820938DF:t4, leader=null, voted=bce623f1-3c31-45ef-9861-869f671ae311, raftlog=bce623f1-3c31-45ef-9861-869f671ae311@group-9B0D820938DF-SegmentedRaftLog:OPENED:c-1, conf=-1: [c038e53c-4808-40a4-bcac-87a6adf6dbd8|rpc:10.1.0.16:46879|priority:0, 5f24cb3a-787a-4f69-a830-2d3d8b70745a|rpc:10.1.0.16:34579|priority:1, bce623f1-3c31-45ef-9861-869f671ae311|rpc:10.1.0.16:38881|priority:0], old=null
2021-11-15 19:21:31,378 [grpc-default-executor-2] INFO  server.RaftServer$Division (RaftServerImpl.java:requestVote(1046)) - c038e53c-4808-40a4-bcac-87a6adf6dbd8@group-9B0D820938DF: receive requestVote(ELECTION, 5f24cb3a-787a-4f69-a830-2d3d8b70745a, group-9B0D820938DF, 4, (t:0, i:0))
2021-11-15 19:21:31,378 [grpc-default-executor-2] INFO  impl.VoteContext (VoteContext.java:log(48)) - c038e53c-4808-40a4-bcac-87a6adf6dbd8@group-9B0D820938DF-CANDIDATE: reject ELECTION from 5f24cb3a-787a-4f69-a830-2d3d8b70745a: already has voted for c038e53c-4808-40a4-bcac-87a6adf6dbd8 at current term 4
2021-11-15 19:21:31,378 [grpc-default-executor-2] INFO  server.RaftServer$Division (RaftServerImpl.java:requestVote(1078)) - c038e53c-4808-40a4-bcac-87a6adf6dbd8@group-9B0D820938DF replies to ELECTION vote request: 5f24cb3a-787a-4f69-a830-2d3d8b70745a<-c038e53c-4808-40a4-bcac-87a6adf6dbd8#0:FAIL-t4. Peer's state: c038e53c-4808-40a4-bcac-87a6adf6dbd8@group-9B0D820938DF:t4, leader=null, voted=c038e53c-4808-40a4-bcac-87a6adf6dbd8, raftlog=c038e53c-4808-40a4-bcac-87a6adf6dbd8@group-9B0D820938DF-SegmentedRaftLog:OPENED:c-1, conf=-1: [c038e53c-4808-40a4-bcac-87a6adf6dbd8|rpc:10.1.0.16:46879|priority:0, 5f24cb3a-787a-4f69-a830-2d3d8b70745a|rpc:10.1.0.16:34579|priority:1, bce623f1-3c31-45ef-9861-869f671ae311|rpc:10.1.0.16:38881|priority:0], old=null
2021-11-15 19:21:31,379 [grpc-default-executor-0] INFO  server.RaftServer$Division (RaftServerImpl.java:requestVote(1046)) - 5f24cb3a-787a-4f69-a830-2d3d8b70745a@group-9B0D820938DF: receive requestVote(ELECTION, bce623f1-3c31-45ef-9861-869f671ae311, group-9B0D820938DF, 4, (t:0, i:0))
2021-11-15 19:21:31,379 [grpc-default-executor-0] INFO  impl.VoteContext (VoteContext.java:log(48)) - 5f24cb3a-787a-4f69-a830-2d3d8b70745a@group-9B0D820938DF-CANDIDATE: reject ELECTION from bce623f1-3c31-45ef-9861-869f671ae311: already has voted for 5f24cb3a-787a-4f69-a830-2d3d8b70745a at current term 4
2021-11-15 19:21:31,379 [grpc-default-executor-0] INFO  server.RaftServer$Division (RaftServerImpl.java:requestVote(1078)) - 5f24cb3a-787a-4f69-a830-2d3d8b70745a@group-9B0D820938DF replies to ELECTION vote request: bce623f1-3c31-45ef-9861-869f671ae311<-5f24cb3a-787a-4f69-a830-2d3d8b70745a#0:FAIL-t4. Peer's state: 5f24cb3a-787a-4f69-a830-2d3d8b70745a@group-9B0D820938DF:t4, leader=null, voted=5f24cb3a-787a-4f69-a830-2d3d8b70745a, raftlog=5f24cb3a-787a-4f69-a830-2d3d8b70745a@group-9B0D820938DF-SegmentedRaftLog:OPENED:c-1, conf=-1: [c038e53c-4808-40a4-bcac-87a6adf6dbd8|rpc:10.1.0.16:46879|dataStream:|priority:0, 5f24cb3a-787a-4f69-a830-2d3d8b70745a|rpc:10.1.0.16:34579|dataStream:|priority:1, bce623f1-3c31-45ef-9861-869f671ae311|rpc:10.1.0.16:38881|dataStream:|priority:0], old=null
2021-11-15 19:21:31,388 [grpc-default-executor-1] INFO  server.RaftServer$Division (RaftServerImpl.java:requestVote(1046)) - 5f24cb3a-787a-4f69-a830-2d3d8b70745a@group-9B0D820938DF: receive requestVote(ELECTION, c038e53c-4808-40a4-bcac-87a6adf6dbd8, group-9B0D820938DF, 4, (t:0, i:0))
2021-11-15 19:21:31,388 [grpc-default-executor-1] INFO  impl.VoteContext (VoteContext.java:log(48)) - 5f24cb3a-787a-4f69-a830-2d3d8b70745a@group-9B0D820938DF-CANDIDATE: reject ELECTION from c038e53c-4808-40a4-bcac-87a6adf6dbd8: already has voted for 5f24cb3a-787a-4f69-a830-2d3d8b70745a at current term 4
2021-11-15 19:21:31,388 [grpc-default-executor-1] INFO  server.RaftServer$Division (RaftServerImpl.java:requestVote(1078)) - 5f24cb3a-787a-4f69-a830-2d3d8b70745a@group-9B0D820938DF replies to ELECTION vote request: c038e53c-4808-40a4-bcac-87a6adf6dbd8<-5f24cb3a-787a-4f69-a830-2d3d8b70745a#0:FAIL-t4. Peer's state: 5f24cb3a-787a-4f69-a830-2d3d8b70745a@group-9B0D820938DF:t4, leader=null, voted=5f24cb3a-787a-4f69-a830-2d3d8b70745a, raftlog=5f24cb3a-787a-4f69-a830-2d3d8b70745a@group-9B0D820938DF-SegmentedRaftLog:OPENED:c-1, conf=-1: [c038e53c-4808-40a4-bcac-87a6adf6dbd8|rpc:10.1.0.16:46879|dataStream:|priority:0, 5f24cb3a-787a-4f69-a830-2d3d8b70745a|rpc:10.1.0.16:34579|dataStream:|priority:1, bce623f1-3c31-45ef-9861-869f671ae311|rpc:10.1.0.16:38881|dataStream:|priority:0], old=null
2021-11-15 19:21:31,389 [bce623f1-3c31-45ef-9861-869f671ae311@group-9B0D820938DF-LeaderElection21] INFO  impl.LeaderElection (LeaderElection.java:logAndReturn(89)) - bce623f1-3c31-45ef-9861-869f671ae311@group-9B0D820938DF-LeaderElection21: ELECTION REJECTED received 2 response(s) and 0 exception(s):
2021-11-15 19:21:31,389 [bce623f1-3c31-45ef-9861-869f671ae311@group-9B0D820938DF-LeaderElection21] INFO  impl.LeaderElection (LeaderElection.java:logAndReturn(93)) -   Response 0: bce623f1-3c31-45ef-9861-869f671ae311<-c038e53c-4808-40a4-bcac-87a6adf6dbd8#0:FAIL-t4
2021-11-15 19:21:31,389 [bce623f1-3c31-45ef-9861-869f671ae311@group-9B0D820938DF-LeaderElection21] INFO  impl.LeaderElection (LeaderElection.java:logAndReturn(93)) -   Response 1: bce623f1-3c31-45ef-9861-869f671ae311<-5f24cb3a-787a-4f69-a830-2d3d8b70745a#0:FAIL-t4
2021-11-15 19:21:31,390 [bce623f1-3c31-45ef-9861-869f671ae311@group-9B0D820938DF-LeaderElection21] INFO  impl.LeaderElection (LeaderElection.java:askForVotes(308)) - bce623f1-3c31-45ef-9861-869f671ae311@group-9B0D820938DF-LeaderElection21 ELECTION round 0: result REJECTED
2021-11-15 19:21:31,390 [bce623f1-3c31-45ef-9861-869f671ae311@group-9B0D820938DF-LeaderElection21] INFO  server.RaftServer$Division (RaftServerImpl.java:setRole(290)) - bce623f1-3c31-45ef-9861-869f671ae311@group-9B0D820938DF: changes role from CANDIDATE to FOLLOWER at term 4 for REJECTED
2021-11-15 19:21:31,390 [bce623f1-3c31-45ef-9861-869f671ae311@group-9B0D820938DF-LeaderElection21] INFO  impl.RoleInfo (RoleInfo.java:shutdownLeaderElection(121)) - bce623f1-3c31-45ef-9861-869f671ae311: shutdown bce623f1-3c31-45ef-9861-869f671ae311@group-9B0D820938DF-LeaderElection21
2021-11-15 19:21:31,390 [bce623f1-3c31-45ef-9861-869f671ae311@group-9B0D820938DF-LeaderElection21] INFO  impl.RoleInfo (RoleInfo.java:updateAndGet(130)) - bce623f1-3c31-45ef-9861-869f671ae311: start bce623f1-3c31-45ef-9861-869f671ae311@group-9B0D820938DF-FollowerState
2021-11-15 19:21:31,397 [5f24cb3a-787a-4f69-a830-2d3d8b70745a@group-9B0D820938DF-LeaderElection22] INFO  impl.LeaderElection (LeaderElection.java:logAndReturn(89)) - 5f24cb3a-787a-4f69-a830-2d3d8b70745a@group-9B0D820938DF-LeaderElection22: ELECTION REJECTED received 2 response(s) and 0 exception(s):
2021-11-15 19:21:31,397 [5f24cb3a-787a-4f69-a830-2d3d8b70745a@group-9B0D820938DF-LeaderElection22] INFO  impl.LeaderElection (LeaderElection.java:logAndReturn(93)) -   Response 0: 5f24cb3a-787a-4f69-a830-2d3d8b70745a<-c038e53c-4808-40a4-bcac-87a6adf6dbd8#0:FAIL-t4
2021-11-15 19:21:31,397 [5f24cb3a-787a-4f69-a830-2d3d8b70745a@group-9B0D820938DF-LeaderElection22] INFO  impl.LeaderElection (LeaderElection.java:logAndReturn(93)) -   Response 1: 5f24cb3a-787a-4f69-a830-2d3d8b70745a<-bce623f1-3c31-45ef-9861-869f671ae311#0:FAIL-t4
2021-11-15 19:21:31,397 [5f24cb3a-787a-4f69-a830-2d3d8b70745a@group-9B0D820938DF-LeaderElection22] INFO  impl.LeaderElection (LeaderElection.java:askForVotes(308)) - 5f24cb3a-787a-4f69-a830-2d3d8b70745a@group-9B0D820938DF-LeaderElection22 ELECTION round 0: result REJECTED
2021-11-15 19:21:31,397 [5f24cb3a-787a-4f69-a830-2d3d8b70745a@group-9B0D820938DF-LeaderElection22] INFO  server.RaftServer$Division (RaftServerImpl.java:setRole(290)) - 5f24cb3a-787a-4f69-a830-2d3d8b70745a@group-9B0D820938DF: changes role from CANDIDATE to FOLLOWER at term 4 for REJECTED
2021-11-15 19:21:31,397 [5f24cb3a-787a-4f69-a830-2d3d8b70745a@group-9B0D820938DF-LeaderElection22] INFO  impl.RoleInfo (RoleInfo.java:shutdownLeaderElection(121)) - 5f24cb3a-787a-4f69-a830-2d3d8b70745a: shutdown 5f24cb3a-787a-4f69-a830-2d3d8b70745a@group-9B0D820938DF-LeaderElection22
2021-11-15 19:21:31,397 [5f24cb3a-787a-4f69-a830-2d3d8b70745a@group-9B0D820938DF-LeaderElection22] INFO  impl.RoleInfo (RoleInfo.java:updateAndGet(130)) - 5f24cb3a-787a-4f69-a830-2d3d8b70745a: start 5f24cb3a-787a-4f69-a830-2d3d8b70745a@group-9B0D820938DF-FollowerState
2021-11-15 19:21:31,404 [c038e53c-4808-40a4-bcac-87a6adf6dbd8@group-9B0D820938DF-LeaderElection23] INFO  impl.LeaderElection (LeaderElection.java:logAndReturn(89)) - c038e53c-4808-40a4-bcac-87a6adf6dbd8@group-9B0D820938DF-LeaderElection23: ELECTION REJECTED received 1 response(s) and 0 exception(s):
2021-11-15 19:21:31,404 [grpc-default-executor-1] INFO  server.RaftServer$Division (RaftServerImpl.java:requestVote(1046)) - bce623f1-3c31-45ef-9861-869f671ae311@group-9B0D820938DF: receive requestVote(ELECTION, c038e53c-4808-40a4-bcac-87a6adf6dbd8, group-9B0D820938DF, 4, (t:0, i:0))
2021-11-15 19:21:31,404 [grpc-default-executor-1] INFO  impl.VoteContext (VoteContext.java:log(48)) - bce623f1-3c31-45ef-9861-869f671ae311@group-9B0D820938DF-FOLLOWER: reject ELECTION from c038e53c-4808-40a4-bcac-87a6adf6dbd8: already has voted for bce623f1-3c31-45ef-9861-869f671ae311 at current term 4
2021-11-15 19:21:31,404 [grpc-default-executor-1] INFO  server.RaftServer$Division (RaftServerImpl.java:requestVote(1078)) - bce623f1-3c31-45ef-9861-869f671ae311@group-9B0D820938DF replies to ELECTION vote request: c038e53c-4808-40a4-bcac-87a6adf6dbd8<-bce623f1-3c31-45ef-9861-869f671ae311#0:FAIL-t4. Peer's state: bce623f1-3c31-45ef-9861-869f671ae311@group-9B0D820938DF:t4, leader=null, voted=bce623f1-3c31-45ef-9861-869f671ae311, raftlog=bce623f1-3c31-45ef-9861-869f671ae311@group-9B0D820938DF-SegmentedRaftLog:OPENED:c-1, conf=-1: [c038e53c-4808-40a4-bcac-87a6adf6dbd8|rpc:10.1.0.16:46879|priority:0, 5f24cb3a-787a-4f69-a830-2d3d8b70745a|rpc:10.1.0.16:34579|priority:1, bce623f1-3c31-45ef-9861-869f671ae311|rpc:10.1.0.16:38881|priority:0], old=null
2021-11-15 19:21:31,404 [c038e53c-4808-40a4-bcac-87a6adf6dbd8@group-9B0D820938DF-LeaderElection23] INFO  impl.LeaderElection (LeaderElection.java:logAndReturn(93)) -   Response 0: c038e53c-4808-40a4-bcac-87a6adf6dbd8<-5f24cb3a-787a-4f69-a830-2d3d8b70745a#0:FAIL-t4
2021-11-15 19:21:31,404 [c038e53c-4808-40a4-bcac-87a6adf6dbd8@group-9B0D820938DF-LeaderElection23] INFO  impl.LeaderElection (LeaderElection.java:askForVotes(308)) - c038e53c-4808-40a4-bcac-87a6adf6dbd8@group-9B0D820938DF-LeaderElection23 ELECTION round 0: result REJECTED
2021-11-15 19:21:31,404 [c038e53c-4808-40a4-bcac-87a6adf6dbd8@group-9B0D820938DF-LeaderElection23] INFO  server.RaftServer$Division (RaftServerImpl.java:setRole(290)) - c038e53c-4808-40a4-bcac-87a6adf6dbd8@group-9B0D820938DF: changes role from CANDIDATE to FOLLOWER at term 4 for REJECTED
2021-11-15 19:21:31,404 [c038e53c-4808-40a4-bcac-87a6adf6dbd8@group-9B0D820938DF-LeaderElection23] INFO  impl.RoleInfo (RoleInfo.java:shutdownLeaderElection(121)) - c038e53c-4808-40a4-bcac-87a6adf6dbd8: shutdown c038e53c-4808-40a4-bcac-87a6adf6dbd8@group-9B0D820938DF-LeaderElection23
2021-11-15 19:21:31,405 [c038e53c-4808-40a4-bcac-87a6adf6dbd8@group-9B0D820938DF-LeaderElection23] INFO  impl.RoleInfo (RoleInfo.java:updateAndGet(130)) - c038e53c-4808-40a4-bcac-87a6adf6dbd8: start c038e53c-4808-40a4-bcac-87a6adf6dbd8@group-9B0D820938DF-FollowerState
2021-11-15 19:21:31,626 [grpc-default-executor-1] WARN  server.GrpcLogAppender (LogUtils.java:warn(122)) - 1d1c653c-c24c-4f9f-93f8-363bcaedc7a6@group-7123D4B11FD3->d87a46af-94f7-42aa-b022-652610ab08cb-AppendLogResponseHandler: Failed appendEntries: org.apache.ratis.thirdparty.io.grpc.StatusRuntimeException: UNAVAILABLE: io exception
2021-11-15 19:21:31,626 [grpc-default-executor-1] INFO  leader.FollowerInfo (FollowerInfoImpl.java:lambda$new$0(47)) - 1d1c653c-c24c-4f9f-93f8-363bcaedc7a6@group-7123D4B11FD3->d87a46af-94f7-42aa-b022-652610ab08cb: nextIndex: updateUnconditionally 16 -> 15
2021-11-15 19:21:31,646 [grpc-default-executor-1] WARN  server.GrpcLogAppender (LogUtils.java:warn(122)) - 1d1c653c-c24c-4f9f-93f8-363bcaedc7a6@group-7123D4B11FD3->d87a46af-94f7-42aa-b022-652610ab08cb-AppendLogResponseHandler: Failed appendEntries: org.apache.ratis.thirdparty.io.grpc.StatusRuntimeException: UNAVAILABLE: io exception
2021-11-15 19:21:31,647 [grpc-default-executor-1] INFO  leader.FollowerInfo (FollowerInfoImpl.java:lambda$new$0(47)) - 1d1c653c-c24c-4f9f-93f8-363bcaedc7a6@group-7123D4B11FD3->d87a46af-94f7-42aa-b022-652610ab08cb: nextIndex: updateUnconditionally 16 -> 15
2021-11-15 19:21:31,655 [grpc-default-executor-1] WARN  server.GrpcLogAppender (LogUtils.java:warn(122)) - 1d1c653c-c24c-4f9f-93f8-363bcaedc7a6@group-7123D4B11FD3->d87a46af-94f7-42aa-b022-652610ab08cb-AppendLogResponseHandler: Failed appendEntries: org.apache.ratis.thirdparty.io.grpc.StatusRuntimeException: UNAVAILABLE: io exception
2021-11-15 19:21:31,657 [grpc-default-executor-1] INFO  leader.FollowerInfo (FollowerInfoImpl.java:lambda$new$0(47)) - 1d1c653c-c24c-4f9f-93f8-363bcaedc7a6@group-7123D4B11FD3->d87a46af-94f7-42aa-b022-652610ab08cb: nextIndex: updateUnconditionally 16 -> 15
2021-11-15 19:21:31,665 [pool-187-thread-9] INFO  keyvalue.KeyValueContainer (KeyValueContainer.java:flushAndSyncDB(397)) - Container 1 is synced with bcsId 13.
2021-11-15 19:21:31,665 [pool-187-thread-9] INFO  keyvalue.KeyValueContainer (KeyValueContainer.java:flushAndSyncDB(397)) - Container 1 is synced with bcsId 13.
2021-11-15 19:21:31,668 [pool-187-thread-9] INFO  keyvalue.KeyValueContainer (KeyValueContainer.java:close(334)) - Container 1 is closed with bcsId 13.
2021-11-15 19:21:31,684 [grpc-default-executor-1] WARN  server.GrpcLogAppender (LogUtils.java:warn(122)) - 1d1c653c-c24c-4f9f-93f8-363bcaedc7a6@group-7123D4B11FD3->d87a46af-94f7-42aa-b022-652610ab08cb-AppendLogResponseHandler: Failed appendEntries: org.apache.ratis.thirdparty.io.grpc.StatusRuntimeException: UNAVAILABLE: io exception
2021-11-15 19:21:31,685 [grpc-default-executor-1] INFO  leader.FollowerInfo (FollowerInfoImpl.java:lambda$new$0(47)) - 1d1c653c-c24c-4f9f-93f8-363bcaedc7a6@group-7123D4B11FD3->d87a46af-94f7-42aa-b022-652610ab08cb: nextIndex: updateUnconditionally 16 -> 15
2021-11-15 19:21:31,685 [EventQueue-IncrementalContainerReportForIncrementalContainerReportHandler] INFO  container.IncrementalContainerReportHandler (AbstractContainerReportHandler.java:updateContainerState(223)) - Moving container #1 to CLOSED state, datanode 1d1c653c-c24c-4f9f-93f8-363bcaedc7a6{ip: 10.1.0.16, host: fv-az151-339.yf2hydr00wburbhx3j5hxtcipe.bx.internal.cloudapp.net, ports: [REPLICATION=38157, RATIS=44043, RATIS_ADMIN=44043, RATIS_SERVER=44043, STANDALONE=34479], networkLocation: /default-rack, certSerialId: null, persistedOpState: IN_SERVICE, persistedOpStateExpiryEpochSec: 0} reported CLOSED replica.
2021-11-15 19:21:31,686 [grpc-default-executor-1] WARN  server.GrpcLogAppender (LogUtils.java:warn(122)) - 1d1c653c-c24c-4f9f-93f8-363bcaedc7a6@group-7123D4B11FD3->d87a46af-94f7-42aa-b022-652610ab08cb-AppendLogResponseHandler: Failed appendEntries: org.apache.ratis.thirdparty.io.grpc.StatusRuntimeException: UNAVAILABLE: io exception
2021-11-15 19:21:31,686 [grpc-default-executor-1] INFO  leader.FollowerInfo (FollowerInfoImpl.java:lambda$new$0(47)) - 1d1c653c-c24c-4f9f-93f8-363bcaedc7a6@group-7123D4B11FD3->d87a46af-94f7-42aa-b022-652610ab08cb: nextIndex: updateUnconditionally 16 -> 15
2021-11-15 19:21:31,710 [pool-189-thread-9] INFO  keyvalue.KeyValueContainer (KeyValueContainer.java:flushAndSyncDB(397)) - Container 1 is synced with bcsId 13.
2021-11-15 19:21:31,712 [pool-189-thread-9] INFO  keyvalue.KeyValueContainer (KeyValueContainer.java:flushAndSyncDB(397)) - Container 1 is synced with bcsId 13.
2021-11-15 19:21:31,715 [pool-189-thread-9] INFO  keyvalue.KeyValueContainer (KeyValueContainer.java:close(334)) - Container 1 is closed with bcsId 13.
2021-11-15 19:21:32,127 [Listener at 127.0.0.1/38415] INFO  ozoneimpl.OzoneContainer (OzoneContainer.java:stop(325)) - Attempting to stop container services.
2021-11-15 19:21:32,127 [Listener at 127.0.0.1/38415] INFO  server.RaftServer (RaftServerProxy.java:lambda$close$6(391)) - 72af5abb-0a78-4b64-9517-3021125997b8: close
2021-11-15 19:21:32,127 [Listener at 127.0.0.1/38415] INFO  server.RaftServer$Division (RaftServerImpl.java:lambda$close$4(412)) - 72af5abb-0a78-4b64-9517-3021125997b8@group-6011D7D31FA9: shutdown
2021-11-15 19:21:32,128 [Listener at 127.0.0.1/38415] INFO  util.JmxRegister (JmxRegister.java:unregister(73)) - Successfully un-registered JMX Bean with object name Ratis:service=RaftServer,group=group-6011D7D31FA9,id=72af5abb-0a78-4b64-9517-3021125997b8
2021-11-15 19:21:32,128 [Listener at 127.0.0.1/38415] INFO  impl.RoleInfo (RoleInfo.java:shutdownLeaderState(91)) - 72af5abb-0a78-4b64-9517-3021125997b8: shutdown 72af5abb-0a78-4b64-9517-3021125997b8@group-6011D7D31FA9-LeaderStateImpl
2021-11-15 19:21:32,128 [Listener at 127.0.0.1/38415] INFO  impl.PendingRequests (PendingRequests.java:sendNotLeaderResponses(282)) - 72af5abb-0a78-4b64-9517-3021125997b8@group-6011D7D31FA9-PendingRequests: sendNotLeaderResponses
2021-11-15 19:21:32,128 [Listener at 127.0.0.1/38415] INFO  impl.StateMachineUpdater (StateMachineUpdater.java:stopAndJoin(149)) - 72af5abb-0a78-4b64-9517-3021125997b8@group-6011D7D31FA9-StateMachineUpdater: set stopIndex = 0
2021-11-15 19:21:32,129 [ForkJoinPool.commonPool-worker-1] INFO  server.RaftServer$Division (RaftServerImpl.java:lambda$close$4(412)) - 72af5abb-0a78-4b64-9517-3021125997b8@group-45BD587A8A14: shutdown
2021-11-15 19:21:32,129 [ForkJoinPool.commonPool-worker-1] INFO  util.JmxRegister (JmxRegister.java:unregister(73)) - Successfully un-registered JMX Bean with object name Ratis:service=RaftServer,group=group-45BD587A8A14,id=72af5abb-0a78-4b64-9517-3021125997b8
2021-11-15 19:21:32,129 [ForkJoinPool.commonPool-worker-1] INFO  impl.RoleInfo (RoleInfo.java:shutdownLeaderState(91)) - 72af5abb-0a78-4b64-9517-3021125997b8: shutdown 72af5abb-0a78-4b64-9517-3021125997b8@group-45BD587A8A14-LeaderStateImpl
2021-11-15 19:21:32,129 [72af5abb-0a78-4b64-9517-3021125997b8@group-6011D7D31FA9->1d1c653c-c24c-4f9f-93f8-363bcaedc7a6-GrpcLogAppender-LogAppenderDaemon] WARN  server.GrpcLogAppender (GrpcLogAppender.java:mayWait(177)) - 72af5abb-0a78-4b64-9517-3021125997b8@group-6011D7D31FA9->1d1c653c-c24c-4f9f-93f8-363bcaedc7a6-GrpcLogAppender: Wait interrupted by java.lang.InterruptedException
2021-11-15 19:21:32,130 [grpc-default-executor-1] INFO  server.GrpcServerProtocolService (GrpcServerProtocolService.java:onCompleted(140)) - 1d1c653c-c24c-4f9f-93f8-363bcaedc7a6: Completed APPEND_ENTRIES, lastRequest: 72af5abb-0a78-4b64-9517-3021125997b8->1d1c653c-c24c-4f9f-93f8-363bcaedc7a6#1-t3,previous=(t:0, i:0),leaderCommit=0,initializing? true,entries: size=1, first=(t:3, i:0), CONFIGURATIONENTRY
2021-11-15 19:21:32,131 [72af5abb-0a78-4b64-9517-3021125997b8@group-6011D7D31FA9-StateMachineUpdater] INFO  ratis.ContainerStateMachine (ContainerStateMachine.java:takeSnapshot(292)) - group-6011D7D31FA9: Taking a snapshot at:(t:3, i:0) file /home/runner/work/ozone/ozone/hadoop-ozone/integration-test/target/test-dir/MiniOzoneClusterImpl-edab3eb4-5721-4c35-be90-debfdbe0e37e/datanode-5/data/ratis/ffb0f6a7-cf28-4210-b9d6-6011d7d31fa9/sm/snapshot.3_0
2021-11-15 19:21:32,129 [ForkJoinPool.commonPool-worker-1] INFO  impl.PendingRequests (PendingRequests.java:sendNotLeaderResponses(282)) - 72af5abb-0a78-4b64-9517-3021125997b8@group-45BD587A8A14-PendingRequests: sendNotLeaderResponses
2021-11-15 19:21:32,137 [ForkJoinPool.commonPool-worker-1] INFO  impl.StateMachineUpdater (StateMachineUpdater.java:stopAndJoin(149)) - 72af5abb-0a78-4b64-9517-3021125997b8@group-45BD587A8A14-StateMachineUpdater: set stopIndex = 0
2021-11-15 19:21:32,136 [grpc-default-executor-3] INFO  server.GrpcLogAppender (GrpcLogAppender.java:onCompleted(346)) - 72af5abb-0a78-4b64-9517-3021125997b8@group-6011D7D31FA9->1d1c653c-c24c-4f9f-93f8-363bcaedc7a6-AppendLogResponseHandler: follower responses appendEntries COMPLETED
2021-11-15 19:21:32,137 [grpc-default-executor-3] INFO  leader.FollowerInfo (FollowerInfoImpl.java:lambda$new$0(47)) - 72af5abb-0a78-4b64-9517-3021125997b8@group-6011D7D31FA9->1d1c653c-c24c-4f9f-93f8-363bcaedc7a6: nextIndex: updateUnconditionally 1 -> 0
2021-11-15 19:21:32,140 [72af5abb-0a78-4b64-9517-3021125997b8@group-6011D7D31FA9-StateMachineUpdater] INFO  ratis.ContainerStateMachine (ContainerStateMachine.java:takeSnapshot(303)) - group-6011D7D31FA9: Finished taking a snapshot at:(t:3, i:0) file:/home/runner/work/ozone/ozone/hadoop-ozone/integration-test/target/test-dir/MiniOzoneClusterImpl-edab3eb4-5721-4c35-be90-debfdbe0e37e/datanode-5/data/ratis/ffb0f6a7-cf28-4210-b9d6-6011d7d31fa9/sm/snapshot.3_0 took: 9 ms
2021-11-15 19:21:32,140 [72af5abb-0a78-4b64-9517-3021125997b8@group-6011D7D31FA9-StateMachineUpdater] INFO  impl.StateMachineUpdater (StateMachineUpdater.java:takeSnapshot(281)) - 72af5abb-0a78-4b64-9517-3021125997b8@group-6011D7D31FA9-StateMachineUpdater: Took a snapshot at index 0
2021-11-15 19:21:32,140 [72af5abb-0a78-4b64-9517-3021125997b8@group-6011D7D31FA9-StateMachineUpdater] INFO  impl.StateMachineUpdater (StateMachineUpdater.java:lambda$new$0(89)) - 72af5abb-0a78-4b64-9517-3021125997b8@group-6011D7D31FA9-StateMachineUpdater: snapshotIndex: updateIncreasingly -1 -> 0
2021-11-15 19:21:32,140 [5f24cb3a-787a-4f69-a830-2d3d8b70745a@group-3123CD3C107D-FollowerState] INFO  impl.FollowerState (FollowerState.java:run(134)) - 5f24cb3a-787a-4f69-a830-2d3d8b70745a@group-3123CD3C107D-FollowerState: change to CANDIDATE, lastRpcElapsedTime:5035048577ns, electionTimeout:5033ms
2021-11-15 19:21:32,140 [5f24cb3a-787a-4f69-a830-2d3d8b70745a@group-3123CD3C107D-FollowerState] INFO  impl.RoleInfo (RoleInfo.java:shutdownFollowerState(108)) - 5f24cb3a-787a-4f69-a830-2d3d8b70745a: shutdown 5f24cb3a-787a-4f69-a830-2d3d8b70745a@group-3123CD3C107D-FollowerState
2021-11-15 19:21:32,140 [5f24cb3a-787a-4f69-a830-2d3d8b70745a@group-3123CD3C107D-FollowerState] INFO  server.RaftServer$Division (RaftServerImpl.java:setRole(290)) - 5f24cb3a-787a-4f69-a830-2d3d8b70745a@group-3123CD3C107D: changes role from  FOLLOWER to CANDIDATE at term 3 for changeToCandidate
2021-11-15 19:21:32,140 [5f24cb3a-787a-4f69-a830-2d3d8b70745a@group-3123CD3C107D-FollowerState] INFO  server.RaftServerConfigKeys (ConfUtils.java:logGet(44)) - raft.server.leaderelection.pre-vote = false (custom)
2021-11-15 19:21:32,141 [5f24cb3a-787a-4f69-a830-2d3d8b70745a@group-3123CD3C107D-FollowerState] INFO  impl.RoleInfo (RoleInfo.java:updateAndGet(130)) - 5f24cb3a-787a-4f69-a830-2d3d8b70745a: start 5f24cb3a-787a-4f69-a830-2d3d8b70745a@group-3123CD3C107D-LeaderElection24
2021-11-15 19:21:32,141 [72af5abb-0a78-4b64-9517-3021125997b8@group-45BD587A8A14-StateMachineUpdater] INFO  ratis.ContainerStateMachine (ContainerStateMachine.java:takeSnapshot(292)) - group-45BD587A8A14: Taking a snapshot at:(t:1, i:0) file /home/runner/work/ozone/ozone/hadoop-ozone/integration-test/target/test-dir/MiniOzoneClusterImpl-edab3eb4-5721-4c35-be90-debfdbe0e37e/datanode-5/data/ratis/836c2ec7-88bd-49ae-8ce0-45bd587a8a14/sm/snapshot.1_0
2021-11-15 19:21:32,143 [72af5abb-0a78-4b64-9517-3021125997b8@group-45BD587A8A14-StateMachineUpdater] INFO  ratis.ContainerStateMachine (ContainerStateMachine.java:takeSnapshot(303)) - group-45BD587A8A14: Finished taking a snapshot at:(t:1, i:0) file:/home/runner/work/ozone/ozone/hadoop-ozone/integration-test/target/test-dir/MiniOzoneClusterImpl-edab3eb4-5721-4c35-be90-debfdbe0e37e/datanode-5/data/ratis/836c2ec7-88bd-49ae-8ce0-45bd587a8a14/sm/snapshot.1_0 took: 6 ms
2021-11-15 19:21:32,144 [72af5abb-0a78-4b64-9517-3021125997b8@group-45BD587A8A14-StateMachineUpdater] INFO  impl.StateMachineUpdater (StateMachineUpdater.java:takeSnapshot(281)) - 72af5abb-0a78-4b64-9517-3021125997b8@group-45BD587A8A14-StateMachineUpdater: Took a snapshot at index 0
2021-11-15 19:21:32,144 [72af5abb-0a78-4b64-9517-3021125997b8@group-45BD587A8A14-StateMachineUpdater] INFO  impl.StateMachineUpdater (StateMachineUpdater.java:lambda$new$0(89)) - 72af5abb-0a78-4b64-9517-3021125997b8@group-45BD587A8A14-StateMachineUpdater: snapshotIndex: updateIncreasingly -1 -> 0
2021-11-15 19:21:32,144 [ForkJoinPool.commonPool-worker-1] INFO  server.RaftServer$Division (ServerState.java:close(419)) - 72af5abb-0a78-4b64-9517-3021125997b8@group-45BD587A8A14: closes. applyIndex: 0
2021-11-15 19:21:32,144 [Listener at 127.0.0.1/38415] INFO  server.RaftServer$Division (ServerState.java:close(419)) - 72af5abb-0a78-4b64-9517-3021125997b8@group-6011D7D31FA9: closes. applyIndex: 0
2021-11-15 19:21:32,146 [72af5abb-0a78-4b64-9517-3021125997b8@group-6011D7D31FA9-SegmentedRaftLogWorker] INFO  segmented.SegmentedRaftLogWorker (SegmentedRaftLogWorker.java:run(327)) - 72af5abb-0a78-4b64-9517-3021125997b8@group-6011D7D31FA9-SegmentedRaftLogWorker was interrupted, exiting. There are 0 tasks remaining in the queue.
2021-11-15 19:21:32,146 [72af5abb-0a78-4b64-9517-3021125997b8@group-45BD587A8A14-SegmentedRaftLogWorker] INFO  segmented.SegmentedRaftLogWorker (SegmentedRaftLogWorker.java:run(327)) - 72af5abb-0a78-4b64-9517-3021125997b8@group-45BD587A8A14-SegmentedRaftLogWorker was interrupted, exiting. There are 0 tasks remaining in the queue.
2021-11-15 19:21:32,147 [Listener at 127.0.0.1/38415] INFO  segmented.SegmentedRaftLogWorker (SegmentedRaftLogWorker.java:close(237)) - 72af5abb-0a78-4b64-9517-3021125997b8@group-6011D7D31FA9-SegmentedRaftLogWorker close()
2021-11-15 19:21:32,148 [ForkJoinPool.commonPool-worker-1] INFO  segmented.SegmentedRaftLogWorker (SegmentedRaftLogWorker.java:close(237)) - 72af5abb-0a78-4b64-9517-3021125997b8@group-45BD587A8A14-SegmentedRaftLogWorker close()
2021-11-15 19:21:32,150 [ForkJoinPool.commonPool-worker-1] INFO  server.RaftServer$Division (RaftServerImpl.java:lambda$close$4(412)) - 72af5abb-0a78-4b64-9517-3021125997b8@group-7123D4B11FD3: shutdown
2021-11-15 19:21:32,150 [ForkJoinPool.commonPool-worker-1] INFO  util.JmxRegister (JmxRegister.java:unregister(73)) - Successfully un-registered JMX Bean with object name Ratis:service=RaftServer,group=group-7123D4B11FD3,id=72af5abb-0a78-4b64-9517-3021125997b8
2021-11-15 19:21:32,150 [ForkJoinPool.commonPool-worker-1] INFO  impl.RoleInfo (RoleInfo.java:shutdownFollowerState(108)) - 72af5abb-0a78-4b64-9517-3021125997b8: shutdown 72af5abb-0a78-4b64-9517-3021125997b8@group-7123D4B11FD3-FollowerState
2021-11-15 19:21:32,150 [ForkJoinPool.commonPool-worker-1] INFO  impl.StateMachineUpdater (StateMachineUpdater.java:stopAndJoin(149)) - 72af5abb-0a78-4b64-9517-3021125997b8@group-7123D4B11FD3-StateMachineUpdater: set stopIndex = 16
2021-11-15 19:21:32,150 [72af5abb-0a78-4b64-9517-3021125997b8@group-7123D4B11FD3-FollowerState] INFO  impl.FollowerState (FollowerState.java:run(143)) - 72af5abb-0a78-4b64-9517-3021125997b8@group-7123D4B11FD3-FollowerState was interrupted: {}
java.lang.InterruptedException: sleep interrupted
	at java.lang.Thread.sleep(Native Method)
	at java.lang.Thread.sleep(Thread.java:340)
	at java.util.concurrent.TimeUnit.sleep(TimeUnit.java:386)
	at org.apache.ratis.util.TimeDuration.sleep(TimeDuration.java:324)
	at org.apache.ratis.util.TimeDuration.sleep(TimeDuration.java:309)
	at org.apache.ratis.server.impl.FollowerState.run(FollowerState.java:118)
2021-11-15 19:21:32,150 [72af5abb-0a78-4b64-9517-3021125997b8@group-7123D4B11FD3-StateMachineUpdater] INFO  ratis.ContainerStateMachine (ContainerStateMachine.java:takeSnapshot(292)) - group-7123D4B11FD3: Taking a snapshot at:(t:1, i:16) file /home/runner/work/ozone/ozone/hadoop-ozone/integration-test/target/test-dir/MiniOzoneClusterImpl-edab3eb4-5721-4c35-be90-debfdbe0e37e/datanode-5/data/ratis/9084c998-2231-478f-90fe-7123d4b11fd3/sm/snapshot.1_16
2021-11-15 19:21:32,151 [5f24cb3a-787a-4f69-a830-2d3d8b70745a@group-3123CD3C107D-LeaderElection24] INFO  impl.LeaderElection (LeaderElection.java:askForVotes(306)) - 5f24cb3a-787a-4f69-a830-2d3d8b70745a@group-3123CD3C107D-LeaderElection24 ELECTION round 0: submit vote requests at term 4 for -1: [c038e53c-4808-40a4-bcac-87a6adf6dbd8|rpc:10.1.0.16:46879|dataStream:|priority:0, 5f24cb3a-787a-4f69-a830-2d3d8b70745a|rpc:10.1.0.16:34579|dataStream:|priority:0, bce623f1-3c31-45ef-9861-869f671ae311|rpc:10.1.0.16:38881|dataStream:|priority:1], old=null
2021-11-15 19:21:32,152 [72af5abb-0a78-4b64-9517-3021125997b8@group-7123D4B11FD3-StateMachineUpdater] INFO  ratis.ContainerStateMachine (ContainerStateMachine.java:takeSnapshot(303)) - group-7123D4B11FD3: Finished taking a snapshot at:(t:1, i:16) file:/home/runner/work/ozone/ozone/hadoop-ozone/integration-test/target/test-dir/MiniOzoneClusterImpl-edab3eb4-5721-4c35-be90-debfdbe0e37e/datanode-5/data/ratis/9084c998-2231-478f-90fe-7123d4b11fd3/sm/snapshot.1_16 took: 1 ms
2021-11-15 19:21:32,152 [72af5abb-0a78-4b64-9517-3021125997b8@group-7123D4B11FD3-StateMachineUpdater] INFO  impl.StateMachineUpdater (StateMachineUpdater.java:takeSnapshot(281)) - 72af5abb-0a78-4b64-9517-3021125997b8@group-7123D4B11FD3-StateMachineUpdater: Took a snapshot at index 16
2021-11-15 19:21:32,152 [72af5abb-0a78-4b64-9517-3021125997b8@group-7123D4B11FD3-StateMachineUpdater] INFO  impl.StateMachineUpdater (StateMachineUpdater.java:lambda$new$0(89)) - 72af5abb-0a78-4b64-9517-3021125997b8@group-7123D4B11FD3-StateMachineUpdater: snapshotIndex: updateIncreasingly -1 -> 16
2021-11-15 19:21:32,153 [ForkJoinPool.commonPool-worker-1] INFO  server.RaftServer$Division (ServerState.java:close(419)) - 72af5abb-0a78-4b64-9517-3021125997b8@group-7123D4B11FD3: closes. applyIndex: 16
2021-11-15 19:21:32,153 [72af5abb-0a78-4b64-9517-3021125997b8@group-7123D4B11FD3-SegmentedRaftLogWorker] INFO  segmented.SegmentedRaftLogWorker (SegmentedRaftLogWorker.java:run(327)) - 72af5abb-0a78-4b64-9517-3021125997b8@group-7123D4B11FD3-SegmentedRaftLogWorker was interrupted, exiting. There are 0 tasks remaining in the queue.
2021-11-15 19:21:32,160 [ForkJoinPool.commonPool-worker-1] INFO  segmented.SegmentedRaftLogWorker (SegmentedRaftLogWorker.java:close(237)) - 72af5abb-0a78-4b64-9517-3021125997b8@group-7123D4B11FD3-SegmentedRaftLogWorker close()
2021-11-15 19:21:32,162 [grpc-default-executor-1] INFO  server.RaftServer$Division (RaftServerImpl.java:requestVote(1046)) - c038e53c-4808-40a4-bcac-87a6adf6dbd8@group-3123CD3C107D: receive requestVote(ELECTION, 5f24cb3a-787a-4f69-a830-2d3d8b70745a, group-3123CD3C107D, 4, (t:0, i:0))
2021-11-15 19:21:32,162 [grpc-default-executor-1] INFO  impl.VoteContext (VoteContext.java:log(48)) - c038e53c-4808-40a4-bcac-87a6adf6dbd8@group-3123CD3C107D-FOLLOWER: accept ELECTION from 5f24cb3a-787a-4f69-a830-2d3d8b70745a: our priority 0 <= candidate's priority 0
2021-11-15 19:21:32,162 [grpc-default-executor-1] INFO  server.RaftServer$Division (RaftServerImpl.java:setRole(290)) - c038e53c-4808-40a4-bcac-87a6adf6dbd8@group-3123CD3C107D: changes role from  FOLLOWER to FOLLOWER at term 4 for candidate:5f24cb3a-787a-4f69-a830-2d3d8b70745a
2021-11-15 19:21:32,162 [grpc-default-executor-1] INFO  impl.RoleInfo (RoleInfo.java:shutdownFollowerState(108)) - c038e53c-4808-40a4-bcac-87a6adf6dbd8: shutdown c038e53c-4808-40a4-bcac-87a6adf6dbd8@group-3123CD3C107D-FollowerState
2021-11-15 19:21:32,162 [grpc-default-executor-1] INFO  impl.RoleInfo (RoleInfo.java:updateAndGet(130)) - c038e53c-4808-40a4-bcac-87a6adf6dbd8: start c038e53c-4808-40a4-bcac-87a6adf6dbd8@group-3123CD3C107D-FollowerState
2021-11-15 19:21:32,163 [c038e53c-4808-40a4-bcac-87a6adf6dbd8@group-3123CD3C107D-FollowerState] INFO  impl.FollowerState (FollowerState.java:run(143)) - c038e53c-4808-40a4-bcac-87a6adf6dbd8@group-3123CD3C107D-FollowerState was interrupted: {}
java.lang.InterruptedException: sleep interrupted
	at java.lang.Thread.sleep(Native Method)
	at java.lang.Thread.sleep(Thread.java:340)
	at java.util.concurrent.TimeUnit.sleep(TimeUnit.java:386)
	at org.apache.ratis.util.TimeDuration.sleep(TimeDuration.java:324)
	at org.apache.ratis.util.TimeDuration.sleep(TimeDuration.java:309)
	at org.apache.ratis.server.impl.FollowerState.run(FollowerState.java:118)
2021-11-15 19:21:32,164 [grpc-default-executor-3] INFO  server.RaftServer$Division (RaftServerImpl.java:requestVote(1046)) - bce623f1-3c31-45ef-9861-869f671ae311@group-3123CD3C107D: receive requestVote(ELECTION, 5f24cb3a-787a-4f69-a830-2d3d8b70745a, group-3123CD3C107D, 4, (t:0, i:0))
2021-11-15 19:21:32,170 [grpc-default-executor-3] INFO  impl.VoteContext (VoteContext.java:log(48)) - bce623f1-3c31-45ef-9861-869f671ae311@group-3123CD3C107D-FOLLOWER: reject ELECTION from 5f24cb3a-787a-4f69-a830-2d3d8b70745a: our priority 1 > candidate's priority 0
2021-11-15 19:21:32,170 [grpc-default-executor-3] INFO  server.RaftServer$Division (RaftServerImpl.java:setRole(290)) - bce623f1-3c31-45ef-9861-869f671ae311@group-3123CD3C107D: changes role from  FOLLOWER to FOLLOWER at term 4 for candidate:5f24cb3a-787a-4f69-a830-2d3d8b70745a
2021-11-15 19:21:32,170 [grpc-default-executor-3] INFO  impl.RoleInfo (RoleInfo.java:shutdownFollowerState(108)) - bce623f1-3c31-45ef-9861-869f671ae311: shutdown bce623f1-3c31-45ef-9861-869f671ae311@group-3123CD3C107D-FollowerState
2021-11-15 19:21:32,170 [grpc-default-executor-3] INFO  impl.RoleInfo (RoleInfo.java:updateAndGet(130)) - bce623f1-3c31-45ef-9861-869f671ae311: start bce623f1-3c31-45ef-9861-869f671ae311@group-3123CD3C107D-FollowerState
2021-11-15 19:21:32,170 [bce623f1-3c31-45ef-9861-869f671ae311@group-3123CD3C107D-FollowerState] INFO  impl.FollowerState (FollowerState.java:run(143)) - bce623f1-3c31-45ef-9861-869f671ae311@group-3123CD3C107D-FollowerState was interrupted: {}
java.lang.InterruptedException: sleep interrupted
	at java.lang.Thread.sleep(Native Method)
	at java.lang.Thread.sleep(Thread.java:340)
	at java.util.concurrent.TimeUnit.sleep(TimeUnit.java:386)
	at org.apache.ratis.util.TimeDuration.sleep(TimeDuration.java:324)
	at org.apache.ratis.util.TimeDuration.sleep(TimeDuration.java:309)
	at org.apache.ratis.server.impl.FollowerState.run(FollowerState.java:118)
2021-11-15 19:21:32,170 [Listener at 127.0.0.1/38415] INFO  server.GrpcService (GrpcService.java:closeImpl(262)) - 72af5abb-0a78-4b64-9517-3021125997b8: shutdown server with port 45855 now
2021-11-15 19:21:32,172 [grpc-default-executor-1] INFO  server.RaftServer$Division (RaftServerImpl.java:requestVote(1078)) - c038e53c-4808-40a4-bcac-87a6adf6dbd8@group-3123CD3C107D replies to ELECTION vote request: 5f24cb3a-787a-4f69-a830-2d3d8b70745a<-c038e53c-4808-40a4-bcac-87a6adf6dbd8#0:OK-t4. Peer's state: c038e53c-4808-40a4-bcac-87a6adf6dbd8@group-3123CD3C107D:t4, leader=null, voted=5f24cb3a-787a-4f69-a830-2d3d8b70745a, raftlog=c038e53c-4808-40a4-bcac-87a6adf6dbd8@group-3123CD3C107D-SegmentedRaftLog:OPENED:c-1, conf=-1: [c038e53c-4808-40a4-bcac-87a6adf6dbd8|rpc:10.1.0.16:46879|priority:0, 5f24cb3a-787a-4f69-a830-2d3d8b70745a|rpc:10.1.0.16:34579|priority:0, bce623f1-3c31-45ef-9861-869f671ae311|rpc:10.1.0.16:38881|priority:1], old=null
2021-11-15 19:21:32,172 [grpc-default-executor-1] WARN  server.GrpcLogAppender (LogUtils.java:warn(122)) - 1d1c653c-c24c-4f9f-93f8-363bcaedc7a6@group-7123D4B11FD3->72af5abb-0a78-4b64-9517-3021125997b8-AppendLogResponseHandler: Failed appendEntries: org.apache.ratis.thirdparty.io.grpc.StatusRuntimeException: CANCELLED: HTTP/2 error code: CANCEL
Received Rst Stream
2021-11-15 19:21:32,173 [grpc-default-executor-1] INFO  leader.FollowerInfo (FollowerInfoImpl.java:lambda$new$0(47)) - 1d1c653c-c24c-4f9f-93f8-363bcaedc7a6@group-7123D4B11FD3->72af5abb-0a78-4b64-9517-3021125997b8: nextIndex: updateUnconditionally 18 -> 17
2021-11-15 19:21:32,173 [grpc-default-executor-2] WARN  server.GrpcServerProtocolService (LogUtils.java:warn(122)) - 72af5abb-0a78-4b64-9517-3021125997b8: installSnapshot onError, lastRequest: 1d1c653c-c24c-4f9f-93f8-363bcaedc7a6->72af5abb-0a78-4b64-9517-3021125997b8#303-t1,previous=(t:1, i:16),leaderCommit=16,initializing? true,entries: size=1, first=(t:1, i:17), METADATAENTRY(c:16): org.apache.ratis.thirdparty.io.grpc.StatusRuntimeException: CANCELLED: client cancelled
2021-11-15 19:21:32,179 [Listener at 127.0.0.1/38415] INFO  server.GrpcService (GrpcService.java:closeImpl(271)) - 72af5abb-0a78-4b64-9517-3021125997b8: shutdown server with port 45855 successfully
2021-11-15 19:21:32,179 [grpc-default-executor-3] INFO  server.RaftServer$Division (RaftServerImpl.java:requestVote(1078)) - bce623f1-3c31-45ef-9861-869f671ae311@group-3123CD3C107D replies to ELECTION vote request: 5f24cb3a-787a-4f69-a830-2d3d8b70745a<-bce623f1-3c31-45ef-9861-869f671ae311#0:FAIL-t4. Peer's state: bce623f1-3c31-45ef-9861-869f671ae311@group-3123CD3C107D:t4, leader=null, voted=null, raftlog=bce623f1-3c31-45ef-9861-869f671ae311@group-3123CD3C107D-SegmentedRaftLog:OPENED:c-1, conf=-1: [c038e53c-4808-40a4-bcac-87a6adf6dbd8|rpc:10.1.0.16:46879|priority:0, 5f24cb3a-787a-4f69-a830-2d3d8b70745a|rpc:10.1.0.16:34579|priority:0, bce623f1-3c31-45ef-9861-869f671ae311|rpc:10.1.0.16:38881|priority:1], old=null
2021-11-15 19:21:32,179 [org.apache.ratis.util.JvmPauseMonitor$$Lambda$531/1332130488@9bb4ab9] INFO  util.JvmPauseMonitor (JvmPauseMonitor.java:run(109)) - JvmPauseMonitor-72af5abb-0a78-4b64-9517-3021125997b8: Stopped
2021-11-15 19:21:32,180 [5f24cb3a-787a-4f69-a830-2d3d8b70745a@group-3123CD3C107D-LeaderElection24] INFO  impl.LeaderElection (LeaderElection.java:logAndReturn(89)) - 5f24cb3a-787a-4f69-a830-2d3d8b70745a@group-3123CD3C107D-LeaderElection24: ELECTION REJECTED received 2 response(s) and 0 exception(s):
2021-11-15 19:21:32,180 [5f24cb3a-787a-4f69-a830-2d3d8b70745a@group-3123CD3C107D-LeaderElection24] INFO  impl.LeaderElection (LeaderElection.java:logAndReturn(93)) -   Response 0: 5f24cb3a-787a-4f69-a830-2d3d8b70745a<-c038e53c-4808-40a4-bcac-87a6adf6dbd8#0:OK-t4
2021-11-15 19:21:32,180 [5f24cb3a-787a-4f69-a830-2d3d8b70745a@group-3123CD3C107D-LeaderElection24] INFO  impl.LeaderElection (LeaderElection.java:logAndReturn(93)) -   Response 1: 5f24cb3a-787a-4f69-a830-2d3d8b70745a<-bce623f1-3c31-45ef-9861-869f671ae311#0:FAIL-t4
2021-11-15 19:21:32,180 [5f24cb3a-787a-4f69-a830-2d3d8b70745a@group-3123CD3C107D-LeaderElection24] INFO  impl.LeaderElection (LeaderElection.java:askForVotes(308)) - 5f24cb3a-787a-4f69-a830-2d3d8b70745a@group-3123CD3C107D-LeaderElection24 ELECTION round 0: result REJECTED
2021-11-15 19:21:32,180 [5f24cb3a-787a-4f69-a830-2d3d8b70745a@group-3123CD3C107D-LeaderElection24] INFO  server.RaftServer$Division (RaftServerImpl.java:setRole(290)) - 5f24cb3a-787a-4f69-a830-2d3d8b70745a@group-3123CD3C107D: changes role from CANDIDATE to FOLLOWER at term 4 for REJECTED
2021-11-15 19:21:32,180 [5f24cb3a-787a-4f69-a830-2d3d8b70745a@group-3123CD3C107D-LeaderElection24] INFO  impl.RoleInfo (RoleInfo.java:shutdownLeaderElection(121)) - 5f24cb3a-787a-4f69-a830-2d3d8b70745a: shutdown 5f24cb3a-787a-4f69-a830-2d3d8b70745a@group-3123CD3C107D-LeaderElection24
2021-11-15 19:21:32,180 [5f24cb3a-787a-4f69-a830-2d3d8b70745a@group-3123CD3C107D-LeaderElection24] INFO  impl.RoleInfo (RoleInfo.java:updateAndGet(130)) - 5f24cb3a-787a-4f69-a830-2d3d8b70745a: start 5f24cb3a-787a-4f69-a830-2d3d8b70745a@group-3123CD3C107D-FollowerState
2021-11-15 19:21:32,183 [Listener at 127.0.0.1/38415] INFO  utils.BackgroundService (BackgroundService.java:shutdown(132)) - Shutting down service BlockDeletingService
2021-11-15 19:21:32,196 [grpc-default-executor-2] WARN  server.GrpcLogAppender (LogUtils.java:warn(122)) - 1d1c653c-c24c-4f9f-93f8-363bcaedc7a6@group-7123D4B11FD3->72af5abb-0a78-4b64-9517-3021125997b8-AppendLogResponseHandler: Failed appendEntries: org.apache.ratis.thirdparty.io.grpc.StatusRuntimeException: UNAVAILABLE: io exception
2021-11-15 19:21:32,196 [grpc-default-executor-2] INFO  leader.FollowerInfo (FollowerInfoImpl.java:lambda$new$0(47)) - 1d1c653c-c24c-4f9f-93f8-363bcaedc7a6@group-7123D4B11FD3->72af5abb-0a78-4b64-9517-3021125997b8: nextIndex: updateUnconditionally 18 -> 17
2021-11-15 19:21:34,187 [grpc-default-executor-2] WARN  server.GrpcLogAppender (LogUtils.java:warn(122)) - 1d1c653c-c24c-4f9f-93f8-363bcaedc7a6@group-7123D4B11FD3->d87a46af-94f7-42aa-b022-652610ab08cb-AppendLogResponseHandler: Failed appendEntries: org.apache.ratis.thirdparty.io.grpc.StatusRuntimeException: UNAVAILABLE: io exception
2021-11-15 19:21:34,187 [grpc-default-executor-2] INFO  leader.FollowerInfo (FollowerInfoImpl.java:lambda$new$0(47)) - 1d1c653c-c24c-4f9f-93f8-363bcaedc7a6@group-7123D4B11FD3->d87a46af-94f7-42aa-b022-652610ab08cb: nextIndex: updateUnconditionally 16 -> 15
2021-11-15 19:21:34,682 [grpc-default-executor-2] WARN  server.GrpcLogAppender (LogUtils.java:warn(122)) - 1d1c653c-c24c-4f9f-93f8-363bcaedc7a6@group-7123D4B11FD3->72af5abb-0a78-4b64-9517-3021125997b8-AppendLogResponseHandler: Failed appendEntries: org.apache.ratis.thirdparty.io.grpc.StatusRuntimeException: UNAVAILABLE: io exception
2021-11-15 19:21:34,683 [grpc-default-executor-2] INFO  leader.FollowerInfo (FollowerInfoImpl.java:lambda$new$0(47)) - 1d1c653c-c24c-4f9f-93f8-363bcaedc7a6@group-7123D4B11FD3->72af5abb-0a78-4b64-9517-3021125997b8: nextIndex: updateUnconditionally 18 -> 17
2021-11-15 19:21:35,192 [Listener at 127.0.0.1/38415] INFO  statemachine.DatanodeStateMachine (DatanodeStateMachine.java:stopDaemon(526)) - Ozone container server stopped.
2021-11-15 19:21:35,193 [Listener at 127.0.0.1/38415] INFO  handler.ContextHandler (ContextHandler.java:doStop(1153)) - Stopped o.e.j.w.WebAppContext@2ac6345b{hddsDatanode,/,null,STOPPED}{jar:file:/home/runner/.m2/repository/org/apache/ozone/hdds-container-service/1.2.0-SNAPSHOT/hdds-container-service-1.2.0-SNAPSHOT.jar!/webapps/hddsDatanode}
2021-11-15 19:21:35,193 [Listener at 127.0.0.1/38415] INFO  server.AbstractConnector (AbstractConnector.java:doStop(381)) - Stopped ServerConnector@135cb094{HTTP/1.1, (http/1.1)}{0.0.0.0:0}
2021-11-15 19:21:35,194 [Listener at 127.0.0.1/38415] INFO  server.session (HouseKeeper.java:stopScavenging(149)) - node0 Stopped scavenging
2021-11-15 19:21:35,194 [Listener at 127.0.0.1/38415] INFO  handler.ContextHandler (ContextHandler.java:doStop(1153)) - Stopped o.e.j.s.ServletContextHandler@430667d9{static,/static,jar:file:/home/runner/.m2/repository/org/apache/ozone/hdds-container-service/1.2.0-SNAPSHOT/hdds-container-service-1.2.0-SNAPSHOT.jar!/webapps/static,STOPPED}
2021-11-15 19:21:35,194 [Listener at 127.0.0.1/38415] INFO  handler.ContextHandler (ContextHandler.java:doStop(1153)) - Stopped o.e.j.s.ServletContextHandler@190bc422{logs,/logs,file:///home/runner/work/ozone/ozone/hadoop-ozone/integration-test/target/log,STOPPED}
19:21:35.200 [grpc-default-executor-2] ERROR DNAudit - user=null | ip=null | op=WRITE_CHUNK {blockData=conID: 1 locID: 107544261427200001 bcsId: 13} | ret=FAILURE
org.apache.hadoop.hdds.scm.container.common.helpers.ContainerNotOpenException: Container 1 in CLOSED state
	at org.apache.hadoop.ozone.container.common.impl.HddsDispatcher.validateContainerCommand(HddsDispatcher.java:481) ~[hdds-container-service-1.2.0-SNAPSHOT.jar:?]
	at org.apache.hadoop.ozone.container.common.transport.server.ratis.ContainerStateMachine.startTransaction(ContainerStateMachine.java:318) ~[hdds-container-service-1.2.0-SNAPSHOT.jar:?]
	at org.apache.ratis.server.impl.RaftServerImpl.submitClientRequestAsync(RaftServerImpl.java:797) ~[ratis-server-2.2.0.jar:2.2.0]
	at org.apache.ratis.server.impl.RaftServerProxy.lambda$submitClientRequestAsync$9(RaftServerProxy.java:417) ~[ratis-server-2.2.0.jar:2.2.0]
	at org.apache.ratis.server.impl.RaftServerProxy.lambda$null$7(RaftServerProxy.java:412) ~[ratis-server-2.2.0.jar:2.2.0]
	at org.apache.ratis.util.JavaUtils.callAsUnchecked(JavaUtils.java:115) ~[ratis-common-2.2.0.jar:2.2.0]
	at org.apache.ratis.server.impl.RaftServerProxy.lambda$submitRequest$8(RaftServerProxy.java:412) ~[ratis-server-2.2.0.jar:2.2.0]
	at java.util.concurrent.CompletableFuture.uniComposeStage(CompletableFuture.java:995) ~[?:1.8.0_292]
	at java.util.concurrent.CompletableFuture.thenCompose(CompletableFuture.java:2137) ~[?:1.8.0_292]
	at org.apache.ratis.server.impl.RaftServerProxy.submitRequest(RaftServerProxy.java:411) ~[ratis-server-2.2.0.jar:2.2.0]
	at org.apache.ratis.server.impl.RaftServerProxy.submitClientRequestAsync(RaftServerProxy.java:417) ~[ratis-server-2.2.0.jar:2.2.0]
	at org.apache.ratis.grpc.client.GrpcClientProtocolService$RequestStreamObserver.processClientRequest(GrpcClientProtocolService.java:222) ~[ratis-grpc-2.2.0.jar:2.2.0]
	at org.apache.ratis.grpc.client.GrpcClientProtocolService$OrderedRequestStreamObserver.processClientRequest(GrpcClientProtocolService.java:328) ~[ratis-grpc-2.2.0.jar:2.2.0]
	at org.apache.ratis.util.SlidingWindow$Server.processRequestsFromHead(SlidingWindow.java:431) [ratis-common-2.2.0.jar:2.2.0]
	at org.apache.ratis.util.SlidingWindow$Server.receivedRequest(SlidingWindow.java:423) [ratis-common-2.2.0.jar:2.2.0]
	at org.apache.ratis.grpc.client.GrpcClientProtocolService$OrderedRequestStreamObserver.processClientRequest(GrpcClientProtocolService.java:352) [ratis-grpc-2.2.0.jar:2.2.0]
	at org.apache.ratis.grpc.client.GrpcClientProtocolService$RequestStreamObserver.onNext(GrpcClientProtocolService.java:242) [ratis-grpc-2.2.0.jar:2.2.0]
	at org.apache.ratis.grpc.client.GrpcClientProtocolService$RequestStreamObserver.onNext(GrpcClientProtocolService.java:165) [ratis-grpc-2.2.0.jar:2.2.0]
	at org.apache.ratis.thirdparty.io.grpc.stub.ServerCalls$StreamingServerCallHandler$StreamingServerCallListener.onMessage(ServerCalls.java:255) [ratis-thirdparty-misc-0.7.0.jar:0.7.0]
	at org.apache.ratis.thirdparty.io.grpc.ForwardingServerCallListener.onMessage(ForwardingServerCallListener.java:33) [ratis-thirdparty-misc-0.7.0.jar:0.7.0]
	at org.apache.ratis.thirdparty.io.grpc.internal.ServerCallImpl$ServerStreamListenerImpl.messagesAvailableInternal(ServerCallImpl.java:309) [ratis-thirdparty-misc-0.7.0.jar:0.7.0]
	at org.apache.ratis.thirdparty.io.grpc.internal.ServerCallImpl$ServerStreamListenerImpl.messagesAvailable(ServerCallImpl.java:292) [ratis-thirdparty-misc-0.7.0.jar:0.7.0]
	at org.apache.ratis.thirdparty.io.grpc.internal.ServerImpl$JumpToApplicationThreadServerStreamListener$1MessagesAvailable.runInContext(ServerImpl.java:782) [ratis-thirdparty-misc-0.7.0.jar:0.7.0]
	at org.apache.ratis.thirdparty.io.grpc.internal.ContextRunnable.run(ContextRunnable.java:37) [ratis-thirdparty-misc-0.7.0.jar:0.7.0]
	at org.apache.ratis.thirdparty.io.grpc.internal.SerializingExecutor.run(SerializingExecutor.java:123) [ratis-thirdparty-misc-0.7.0.jar:0.7.0]
	at java.util.concurrent.ThreadPoolExecutor.runWorker(ThreadPoolExecutor.java:1149) [?:1.8.0_292]
	at java.util.concurrent.ThreadPoolExecutor$Worker.run(ThreadPoolExecutor.java:624) [?:1.8.0_292]
	at java.lang.Thread.run(Thread.java:748) [?:1.8.0_292]
19:21:35.244 [grpc-default-executor-2] ERROR DNAudit - user=null | ip=null | op=WRITE_CHUNK {blockData=conID: 1 locID: 107544261427200001 bcsId: 13} | ret=FAILURE
org.apache.hadoop.hdds.scm.container.common.helpers.ContainerNotOpenException: Container 1 in CLOSED state
	at org.apache.hadoop.ozone.container.common.impl.HddsDispatcher.validateContainerCommand(HddsDispatcher.java:481) ~[hdds-container-service-1.2.0-SNAPSHOT.jar:?]
	at org.apache.hadoop.ozone.container.common.transport.server.ratis.ContainerStateMachine.startTransaction(ContainerStateMachine.java:318) ~[hdds-container-service-1.2.0-SNAPSHOT.jar:?]
	at org.apache.ratis.server.impl.RaftServerImpl.submitClientRequestAsync(RaftServerImpl.java:797) ~[ratis-server-2.2.0.jar:2.2.0]
	at org.apache.ratis.server.impl.RaftServerProxy.lambda$submitClientRequestAsync$9(RaftServerProxy.java:417) ~[ratis-server-2.2.0.jar:2.2.0]
	at org.apache.ratis.server.impl.RaftServerProxy.lambda$null$7(RaftServerProxy.java:412) ~[ratis-server-2.2.0.jar:2.2.0]
	at org.apache.ratis.util.JavaUtils.callAsUnchecked(JavaUtils.java:115) ~[ratis-common-2.2.0.jar:2.2.0]
	at org.apache.ratis.server.impl.RaftServerProxy.lambda$submitRequest$8(RaftServerProxy.java:412) ~[ratis-server-2.2.0.jar:2.2.0]
	at java.util.concurrent.CompletableFuture.uniComposeStage(CompletableFuture.java:995) ~[?:1.8.0_292]
	at java.util.concurrent.CompletableFuture.thenCompose(CompletableFuture.java:2137) ~[?:1.8.0_292]
	at org.apache.ratis.server.impl.RaftServerProxy.submitRequest(RaftServerProxy.java:411) ~[ratis-server-2.2.0.jar:2.2.0]
	at org.apache.ratis.server.impl.RaftServerProxy.submitClientRequestAsync(RaftServerProxy.java:417) ~[ratis-server-2.2.0.jar:2.2.0]
	at org.apache.ratis.grpc.client.GrpcClientProtocolService$RequestStreamObserver.processClientRequest(GrpcClientProtocolService.java:222) ~[ratis-grpc-2.2.0.jar:2.2.0]
	at org.apache.ratis.grpc.client.GrpcClientProtocolService$OrderedRequestStreamObserver.processClientRequest(GrpcClientProtocolService.java:328) ~[ratis-grpc-2.2.0.jar:2.2.0]
	at org.apache.ratis.util.SlidingWindow$Server.processRequestsFromHead(SlidingWindow.java:431) [ratis-common-2.2.0.jar:2.2.0]
	at org.apache.ratis.util.SlidingWindow$Server.receivedRequest(SlidingWindow.java:423) [ratis-common-2.2.0.jar:2.2.0]
	at org.apache.ratis.grpc.client.GrpcClientProtocolService$OrderedRequestStreamObserver.processClientRequest(GrpcClientProtocolService.java:352) [ratis-grpc-2.2.0.jar:2.2.0]
	at org.apache.ratis.grpc.client.GrpcClientProtocolService$RequestStreamObserver.onNext(GrpcClientProtocolService.java:242) [ratis-grpc-2.2.0.jar:2.2.0]
	at org.apache.ratis.grpc.client.GrpcClientProtocolService$RequestStreamObserver.onNext(GrpcClientProtocolService.java:165) [ratis-grpc-2.2.0.jar:2.2.0]
	at org.apache.ratis.thirdparty.io.grpc.stub.ServerCalls$StreamingServerCallHandler$StreamingServerCallListener.onMessage(ServerCalls.java:255) [ratis-thirdparty-misc-0.7.0.jar:0.7.0]
	at org.apache.ratis.thirdparty.io.grpc.ForwardingServerCallListener.onMessage(ForwardingServerCallListener.java:33) [ratis-thirdparty-misc-0.7.0.jar:0.7.0]
	at org.apache.ratis.thirdparty.io.grpc.internal.ServerCallImpl$ServerStreamListenerImpl.messagesAvailableInternal(ServerCallImpl.java:309) [ratis-thirdparty-misc-0.7.0.jar:0.7.0]
	at org.apache.ratis.thirdparty.io.grpc.internal.ServerCallImpl$ServerStreamListenerImpl.messagesAvailable(ServerCallImpl.java:292) [ratis-thirdparty-misc-0.7.0.jar:0.7.0]
	at org.apache.ratis.thirdparty.io.grpc.internal.ServerImpl$JumpToApplicationThreadServerStreamListener$1MessagesAvailable.runInContext(ServerImpl.java:782) [ratis-thirdparty-misc-0.7.0.jar:0.7.0]
	at org.apache.ratis.thirdparty.io.grpc.internal.ContextRunnable.run(ContextRunnable.java:37) [ratis-thirdparty-misc-0.7.0.jar:0.7.0]
	at org.apache.ratis.thirdparty.io.grpc.internal.SerializingExecutor.run(SerializingExecutor.java:123) [ratis-thirdparty-misc-0.7.0.jar:0.7.0]
	at java.util.concurrent.ThreadPoolExecutor.runWorker(ThreadPoolExecutor.java:1149) [?:1.8.0_292]
	at java.util.concurrent.ThreadPoolExecutor$Worker.run(ThreadPoolExecutor.java:624) [?:1.8.0_292]
	at java.lang.Thread.run(Thread.java:748) [?:1.8.0_292]
19:21:35.247 [grpc-default-executor-2] ERROR DNAudit - user=null | ip=null | op=PUT_BLOCK {blockData=[blockId=conID: 1 locID: 107544261427200001 bcsId: 0, size=650]} | ret=FAILURE
org.apache.hadoop.hdds.scm.container.common.helpers.ContainerNotOpenException: Container 1 in CLOSED state
	at org.apache.hadoop.ozone.container.common.impl.HddsDispatcher.validateContainerCommand(HddsDispatcher.java:481) ~[hdds-container-service-1.2.0-SNAPSHOT.jar:?]
	at org.apache.hadoop.ozone.container.common.transport.server.ratis.ContainerStateMachine.startTransaction(ContainerStateMachine.java:318) ~[hdds-container-service-1.2.0-SNAPSHOT.jar:?]
	at org.apache.ratis.server.impl.RaftServerImpl.submitClientRequestAsync(RaftServerImpl.java:797) ~[ratis-server-2.2.0.jar:2.2.0]
	at org.apache.ratis.server.impl.RaftServerProxy.lambda$submitClientRequestAsync$9(RaftServerProxy.java:417) ~[ratis-server-2.2.0.jar:2.2.0]
	at org.apache.ratis.server.impl.RaftServerProxy.lambda$null$7(RaftServerProxy.java:412) ~[ratis-server-2.2.0.jar:2.2.0]
	at org.apache.ratis.util.JavaUtils.callAsUnchecked(JavaUtils.java:115) ~[ratis-common-2.2.0.jar:2.2.0]
	at org.apache.ratis.server.impl.RaftServerProxy.lambda$submitRequest$8(RaftServerProxy.java:412) ~[ratis-server-2.2.0.jar:2.2.0]
	at java.util.concurrent.CompletableFuture.uniComposeStage(CompletableFuture.java:995) ~[?:1.8.0_292]
	at java.util.concurrent.CompletableFuture.thenCompose(CompletableFuture.java:2137) ~[?:1.8.0_292]
	at org.apache.ratis.server.impl.RaftServerProxy.submitRequest(RaftServerProxy.java:411) ~[ratis-server-2.2.0.jar:2.2.0]
	at org.apache.ratis.server.impl.RaftServerProxy.submitClientRequestAsync(RaftServerProxy.java:417) ~[ratis-server-2.2.0.jar:2.2.0]
	at org.apache.ratis.grpc.client.GrpcClientProtocolService$RequestStreamObserver.processClientRequest(GrpcClientProtocolService.java:222) ~[ratis-grpc-2.2.0.jar:2.2.0]
	at org.apache.ratis.grpc.client.GrpcClientProtocolService$OrderedRequestStreamObserver.processClientRequest(GrpcClientProtocolService.java:328) ~[ratis-grpc-2.2.0.jar:2.2.0]
	at org.apache.ratis.util.SlidingWindow$Server.processRequestsFromHead(SlidingWindow.java:431) [ratis-common-2.2.0.jar:2.2.0]
	at org.apache.ratis.util.SlidingWindow$Server.receivedRequest(SlidingWindow.java:423) [ratis-common-2.2.0.jar:2.2.0]
	at org.apache.ratis.grpc.client.GrpcClientProtocolService$OrderedRequestStreamObserver.processClientRequest(GrpcClientProtocolService.java:352) [ratis-grpc-2.2.0.jar:2.2.0]
	at org.apache.ratis.grpc.client.GrpcClientProtocolService$RequestStreamObserver.onNext(GrpcClientProtocolService.java:242) [ratis-grpc-2.2.0.jar:2.2.0]
	at org.apache.ratis.grpc.client.GrpcClientProtocolService$RequestStreamObserver.onNext(GrpcClientProtocolService.java:165) [ratis-grpc-2.2.0.jar:2.2.0]
	at org.apache.ratis.thirdparty.io.grpc.stub.ServerCalls$StreamingServerCallHandler$StreamingServerCallListener.onMessage(ServerCalls.java:255) [ratis-thirdparty-misc-0.7.0.jar:0.7.0]
	at org.apache.ratis.thirdparty.io.grpc.ForwardingServerCallListener.onMessage(ForwardingServerCallListener.java:33) [ratis-thirdparty-misc-0.7.0.jar:0.7.0]
	at org.apache.ratis.thirdparty.io.grpc.internal.ServerCallImpl$ServerStreamListenerImpl.messagesAvailableInternal(ServerCallImpl.java:309) [ratis-thirdparty-misc-0.7.0.jar:0.7.0]
	at org.apache.ratis.thirdparty.io.grpc.internal.ServerCallImpl$ServerStreamListenerImpl.messagesAvailable(ServerCallImpl.java:292) [ratis-thirdparty-misc-0.7.0.jar:0.7.0]
	at org.apache.ratis.thirdparty.io.grpc.internal.ServerImpl$JumpToApplicationThreadServerStreamListener$1MessagesAvailable.runInContext(ServerImpl.java:782) [ratis-thirdparty-misc-0.7.0.jar:0.7.0]
	at org.apache.ratis.thirdparty.io.grpc.internal.ContextRunnable.run(ContextRunnable.java:37) [ratis-thirdparty-misc-0.7.0.jar:0.7.0]
	at org.apache.ratis.thirdparty.io.grpc.internal.SerializingExecutor.run(SerializingExecutor.java:123) [ratis-thirdparty-misc-0.7.0.jar:0.7.0]
	at java.util.concurrent.ThreadPoolExecutor.runWorker(ThreadPoolExecutor.java:1149) [?:1.8.0_292]
	at java.util.concurrent.ThreadPoolExecutor$Worker.run(ThreadPoolExecutor.java:624) [?:1.8.0_292]
	at java.lang.Thread.run(Thread.java:748) [?:1.8.0_292]
19:21:35.270 [grpc-default-executor-2] ERROR DNAudit - user=null | ip=null | op=WRITE_CHUNK {blockData=conID: 1 locID: 107544261427200001 bcsId: 13} | ret=FAILURE
org.apache.hadoop.hdds.scm.container.common.helpers.ContainerNotOpenException: Container 1 in CLOSED state
	at org.apache.hadoop.ozone.container.common.impl.HddsDispatcher.validateContainerCommand(HddsDispatcher.java:481) ~[hdds-container-service-1.2.0-SNAPSHOT.jar:?]
	at org.apache.hadoop.ozone.container.common.transport.server.ratis.ContainerStateMachine.startTransaction(ContainerStateMachine.java:318) ~[hdds-container-service-1.2.0-SNAPSHOT.jar:?]
	at org.apache.ratis.server.impl.RaftServerImpl.submitClientRequestAsync(RaftServerImpl.java:797) ~[ratis-server-2.2.0.jar:2.2.0]
	at org.apache.ratis.server.impl.RaftServerProxy.lambda$submitClientRequestAsync$9(RaftServerProxy.java:417) ~[ratis-server-2.2.0.jar:2.2.0]
	at org.apache.ratis.server.impl.RaftServerProxy.lambda$null$7(RaftServerProxy.java:412) ~[ratis-server-2.2.0.jar:2.2.0]
	at org.apache.ratis.util.JavaUtils.callAsUnchecked(JavaUtils.java:115) ~[ratis-common-2.2.0.jar:2.2.0]
	at org.apache.ratis.server.impl.RaftServerProxy.lambda$submitRequest$8(RaftServerProxy.java:412) ~[ratis-server-2.2.0.jar:2.2.0]
	at java.util.concurrent.CompletableFuture.uniComposeStage(CompletableFuture.java:995) ~[?:1.8.0_292]
	at java.util.concurrent.CompletableFuture.thenCompose(CompletableFuture.java:2137) ~[?:1.8.0_292]
	at org.apache.ratis.server.impl.RaftServerProxy.submitRequest(RaftServerProxy.java:411) ~[ratis-server-2.2.0.jar:2.2.0]
	at org.apache.ratis.server.impl.RaftServerProxy.submitClientRequestAsync(RaftServerProxy.java:417) ~[ratis-server-2.2.0.jar:2.2.0]
	at org.apache.ratis.grpc.client.GrpcClientProtocolService$RequestStreamObserver.processClientRequest(GrpcClientProtocolService.java:222) ~[ratis-grpc-2.2.0.jar:2.2.0]
	at org.apache.ratis.grpc.client.GrpcClientProtocolService$OrderedRequestStreamObserver.processClientRequest(GrpcClientProtocolService.java:328) ~[ratis-grpc-2.2.0.jar:2.2.0]
	at org.apache.ratis.util.SlidingWindow$Server.processRequestsFromHead(SlidingWindow.java:431) [ratis-common-2.2.0.jar:2.2.0]
	at org.apache.ratis.util.SlidingWindow$Server.receivedRequest(SlidingWindow.java:423) [ratis-common-2.2.0.jar:2.2.0]
	at org.apache.ratis.grpc.client.GrpcClientProtocolService$OrderedRequestStreamObserver.processClientRequest(GrpcClientProtocolService.java:352) [ratis-grpc-2.2.0.jar:2.2.0]
	at org.apache.ratis.grpc.client.GrpcClientProtocolService$RequestStreamObserver.onNext(GrpcClientProtocolService.java:242) [ratis-grpc-2.2.0.jar:2.2.0]
	at org.apache.ratis.grpc.client.GrpcClientProtocolService$RequestStreamObserver.onNext(GrpcClientProtocolService.java:165) [ratis-grpc-2.2.0.jar:2.2.0]
	at org.apache.ratis.thirdparty.io.grpc.stub.ServerCalls$StreamingServerCallHandler$StreamingServerCallListener.onMessage(ServerCalls.java:255) [ratis-thirdparty-misc-0.7.0.jar:0.7.0]
	at org.apache.ratis.thirdparty.io.grpc.ForwardingServerCallListener.onMessage(ForwardingServerCallListener.java:33) [ratis-thirdparty-misc-0.7.0.jar:0.7.0]
	at org.apache.ratis.thirdparty.io.grpc.internal.ServerCallImpl$ServerStreamListenerImpl.messagesAvailableInternal(ServerCallImpl.java:309) [ratis-thirdparty-misc-0.7.0.jar:0.7.0]
	at org.apache.ratis.thirdparty.io.grpc.internal.ServerCallImpl$ServerStreamListenerImpl.messagesAvailable(ServerCallImpl.java:292) [ratis-thirdparty-misc-0.7.0.jar:0.7.0]
	at org.apache.ratis.thirdparty.io.grpc.internal.ServerImpl$JumpToApplicationThreadServerStreamListener$1MessagesAvailable.runInContext(ServerImpl.java:782) [ratis-thirdparty-misc-0.7.0.jar:0.7.0]
	at org.apache.ratis.thirdparty.io.grpc.internal.ContextRunnable.run(ContextRunnable.java:37) [ratis-thirdparty-misc-0.7.0.jar:0.7.0]
	at org.apache.ratis.thirdparty.io.grpc.internal.SerializingExecutor.run(SerializingExecutor.java:123) [ratis-thirdparty-misc-0.7.0.jar:0.7.0]
	at java.util.concurrent.ThreadPoolExecutor.runWorker(ThreadPoolExecutor.java:1149) [?:1.8.0_292]
	at java.util.concurrent.ThreadPoolExecutor$Worker.run(ThreadPoolExecutor.java:624) [?:1.8.0_292]
	at java.lang.Thread.run(Thread.java:748) [?:1.8.0_292]
19:21:35.280 [grpc-default-executor-2] ERROR DNAudit - user=null | ip=null | op=WRITE_CHUNK {blockData=conID: 1 locID: 107544261427200001 bcsId: 13} | ret=FAILURE
org.apache.hadoop.hdds.scm.container.common.helpers.ContainerNotOpenException: Container 1 in CLOSED state
	at org.apache.hadoop.ozone.container.common.impl.HddsDispatcher.validateContainerCommand(HddsDispatcher.java:481) ~[hdds-container-service-1.2.0-SNAPSHOT.jar:?]
	at org.apache.hadoop.ozone.container.common.transport.server.ratis.ContainerStateMachine.startTransaction(ContainerStateMachine.java:318) ~[hdds-container-service-1.2.0-SNAPSHOT.jar:?]
	at org.apache.ratis.server.impl.RaftServerImpl.submitClientRequestAsync(RaftServerImpl.java:797) ~[ratis-server-2.2.0.jar:2.2.0]
	at org.apache.ratis.server.impl.RaftServerProxy.lambda$submitClientRequestAsync$9(RaftServerProxy.java:417) ~[ratis-server-2.2.0.jar:2.2.0]
	at org.apache.ratis.server.impl.RaftServerProxy.lambda$null$7(RaftServerProxy.java:412) ~[ratis-server-2.2.0.jar:2.2.0]
	at org.apache.ratis.util.JavaUtils.callAsUnchecked(JavaUtils.java:115) ~[ratis-common-2.2.0.jar:2.2.0]
	at org.apache.ratis.server.impl.RaftServerProxy.lambda$submitRequest$8(RaftServerProxy.java:412) ~[ratis-server-2.2.0.jar:2.2.0]
	at java.util.concurrent.CompletableFuture.uniComposeStage(CompletableFuture.java:995) ~[?:1.8.0_292]
	at java.util.concurrent.CompletableFuture.thenCompose(CompletableFuture.java:2137) ~[?:1.8.0_292]
	at org.apache.ratis.server.impl.RaftServerProxy.submitRequest(RaftServerProxy.java:411) ~[ratis-server-2.2.0.jar:2.2.0]
	at org.apache.ratis.server.impl.RaftServerProxy.submitClientRequestAsync(RaftServerProxy.java:417) ~[ratis-server-2.2.0.jar:2.2.0]
	at org.apache.ratis.grpc.client.GrpcClientProtocolService$RequestStreamObserver.processClientRequest(GrpcClientProtocolService.java:222) ~[ratis-grpc-2.2.0.jar:2.2.0]
	at org.apache.ratis.grpc.client.GrpcClientProtocolService$OrderedRequestStreamObserver.processClientRequest(GrpcClientProtocolService.java:328) ~[ratis-grpc-2.2.0.jar:2.2.0]
	at org.apache.ratis.util.SlidingWindow$Server.processRequestsFromHead(SlidingWindow.java:431) [ratis-common-2.2.0.jar:2.2.0]
	at org.apache.ratis.util.SlidingWindow$Server.receivedRequest(SlidingWindow.java:423) [ratis-common-2.2.0.jar:2.2.0]
	at org.apache.ratis.grpc.client.GrpcClientProtocolService$OrderedRequestStreamObserver.processClientRequest(GrpcClientProtocolService.java:352) [ratis-grpc-2.2.0.jar:2.2.0]
	at org.apache.ratis.grpc.client.GrpcClientProtocolService$RequestStreamObserver.onNext(GrpcClientProtocolService.java:242) [ratis-grpc-2.2.0.jar:2.2.0]
	at org.apache.ratis.grpc.client.GrpcClientProtocolService$RequestStreamObserver.onNext(GrpcClientProtocolService.java:165) [ratis-grpc-2.2.0.jar:2.2.0]
	at org.apache.ratis.thirdparty.io.grpc.stub.ServerCalls$StreamingServerCallHandler$StreamingServerCallListener.onMessage(ServerCalls.java:255) [ratis-thirdparty-misc-0.7.0.jar:0.7.0]
	at org.apache.ratis.thirdparty.io.grpc.ForwardingServerCallListener.onMessage(ForwardingServerCallListener.java:33) [ratis-thirdparty-misc-0.7.0.jar:0.7.0]
	at org.apache.ratis.thirdparty.io.grpc.internal.ServerCallImpl$ServerStreamListenerImpl.messagesAvailableInternal(ServerCallImpl.java:309) [ratis-thirdparty-misc-0.7.0.jar:0.7.0]
	at org.apache.ratis.thirdparty.io.grpc.internal.ServerCallImpl$ServerStreamListenerImpl.messagesAvailable(ServerCallImpl.java:292) [ratis-thirdparty-misc-0.7.0.jar:0.7.0]
	at org.apache.ratis.thirdparty.io.grpc.internal.ServerImpl$JumpToApplicationThreadServerStreamListener$1MessagesAvailable.runInContext(ServerImpl.java:782) [ratis-thirdparty-misc-0.7.0.jar:0.7.0]
	at org.apache.ratis.thirdparty.io.grpc.internal.ContextRunnable.run(ContextRunnable.java:37) [ratis-thirdparty-misc-0.7.0.jar:0.7.0]
	at org.apache.ratis.thirdparty.io.grpc.internal.SerializingExecutor.run(SerializingExecutor.java:123) [ratis-thirdparty-misc-0.7.0.jar:0.7.0]
	at java.util.concurrent.ThreadPoolExecutor.runWorker(ThreadPoolExecutor.java:1149) [?:1.8.0_292]
	at java.util.concurrent.ThreadPoolExecutor$Worker.run(ThreadPoolExecutor.java:624) [?:1.8.0_292]
	at java.lang.Thread.run(Thread.java:748) [?:1.8.0_292]
19:21:35.284 [grpc-default-executor-2] ERROR DNAudit - user=null | ip=null | op=PUT_BLOCK {blockData=[blockId=conID: 1 locID: 107544261427200001 bcsId: 0, size=800]} | ret=FAILURE
org.apache.hadoop.hdds.scm.container.common.helpers.ContainerNotOpenException: Container 1 in CLOSED state
	at org.apache.hadoop.ozone.container.common.impl.HddsDispatcher.validateContainerCommand(HddsDispatcher.java:481) ~[hdds-container-service-1.2.0-SNAPSHOT.jar:?]
	at org.apache.hadoop.ozone.container.common.transport.server.ratis.ContainerStateMachine.startTransaction(ContainerStateMachine.java:318) ~[hdds-container-service-1.2.0-SNAPSHOT.jar:?]
	at org.apache.ratis.server.impl.RaftServerImpl.submitClientRequestAsync(RaftServerImpl.java:797) ~[ratis-server-2.2.0.jar:2.2.0]
	at org.apache.ratis.server.impl.RaftServerProxy.lambda$submitClientRequestAsync$9(RaftServerProxy.java:417) ~[ratis-server-2.2.0.jar:2.2.0]
	at org.apache.ratis.server.impl.RaftServerProxy.lambda$null$7(RaftServerProxy.java:412) ~[ratis-server-2.2.0.jar:2.2.0]
	at org.apache.ratis.util.JavaUtils.callAsUnchecked(JavaUtils.java:115) ~[ratis-common-2.2.0.jar:2.2.0]
	at org.apache.ratis.server.impl.RaftServerProxy.lambda$submitRequest$8(RaftServerProxy.java:412) ~[ratis-server-2.2.0.jar:2.2.0]
	at java.util.concurrent.CompletableFuture.uniComposeStage(CompletableFuture.java:995) ~[?:1.8.0_292]
	at java.util.concurrent.CompletableFuture.thenCompose(CompletableFuture.java:2137) ~[?:1.8.0_292]
	at org.apache.ratis.server.impl.RaftServerProxy.submitRequest(RaftServerProxy.java:411) ~[ratis-server-2.2.0.jar:2.2.0]
	at org.apache.ratis.server.impl.RaftServerProxy.submitClientRequestAsync(RaftServerProxy.java:417) ~[ratis-server-2.2.0.jar:2.2.0]
	at org.apache.ratis.grpc.client.GrpcClientProtocolService$RequestStreamObserver.processClientRequest(GrpcClientProtocolService.java:222) ~[ratis-grpc-2.2.0.jar:2.2.0]
	at org.apache.ratis.grpc.client.GrpcClientProtocolService$OrderedRequestStreamObserver.processClientRequest(GrpcClientProtocolService.java:328) ~[ratis-grpc-2.2.0.jar:2.2.0]
	at org.apache.ratis.util.SlidingWindow$Server.processRequestsFromHead(SlidingWindow.java:431) [ratis-common-2.2.0.jar:2.2.0]
	at org.apache.ratis.util.SlidingWindow$Server.receivedRequest(SlidingWindow.java:423) [ratis-common-2.2.0.jar:2.2.0]
	at org.apache.ratis.grpc.client.GrpcClientProtocolService$OrderedRequestStreamObserver.processClientRequest(GrpcClientProtocolService.java:352) [ratis-grpc-2.2.0.jar:2.2.0]
	at org.apache.ratis.grpc.client.GrpcClientProtocolService$RequestStreamObserver.onNext(GrpcClientProtocolService.java:242) [ratis-grpc-2.2.0.jar:2.2.0]
	at org.apache.ratis.grpc.client.GrpcClientProtocolService$RequestStreamObserver.onNext(GrpcClientProtocolService.java:165) [ratis-grpc-2.2.0.jar:2.2.0]
	at org.apache.ratis.thirdparty.io.grpc.stub.ServerCalls$StreamingServerCallHandler$StreamingServerCallListener.onMessage(ServerCalls.java:255) [ratis-thirdparty-misc-0.7.0.jar:0.7.0]
	at org.apache.ratis.thirdparty.io.grpc.ForwardingServerCallListener.onMessage(ForwardingServerCallListener.java:33) [ratis-thirdparty-misc-0.7.0.jar:0.7.0]
	at org.apache.ratis.thirdparty.io.grpc.internal.ServerCallImpl$ServerStreamListenerImpl.messagesAvailableInternal(ServerCallImpl.java:309) [ratis-thirdparty-misc-0.7.0.jar:0.7.0]
	at org.apache.ratis.thirdparty.io.grpc.internal.ServerCallImpl$ServerStreamListenerImpl.messagesAvailable(ServerCallImpl.java:292) [ratis-thirdparty-misc-0.7.0.jar:0.7.0]
	at org.apache.ratis.thirdparty.io.grpc.internal.ServerImpl$JumpToApplicationThreadServerStreamListener$1MessagesAvailable.runInContext(ServerImpl.java:782) [ratis-thirdparty-misc-0.7.0.jar:0.7.0]
	at org.apache.ratis.thirdparty.io.grpc.internal.ContextRunnable.run(ContextRunnable.java:37) [ratis-thirdparty-misc-0.7.0.jar:0.7.0]
	at org.apache.ratis.thirdparty.io.grpc.internal.SerializingExecutor.run(SerializingExecutor.java:123) [ratis-thirdparty-misc-0.7.0.jar:0.7.0]
	at java.util.concurrent.ThreadPoolExecutor.runWorker(ThreadPoolExecutor.java:1149) [?:1.8.0_292]
	at java.util.concurrent.ThreadPoolExecutor$Worker.run(ThreadPoolExecutor.java:624) [?:1.8.0_292]
	at java.lang.Thread.run(Thread.java:748) [?:1.8.0_292]
2021-11-15 19:21:35,349 [IPC Server handler 16 on default port 39849] INFO  pipeline.RatisPipelineProvider (RatisPipelineProvider.java:lambda$create$0(183)) - Sending CreatePipelineCommand for pipeline:PipelineID=ccacdba9-3741-41e6-9681-614a0f279f51 to datanode:087c2b0c-5b45-457f-ac23-38cb521b1b9c
2021-11-15 19:21:35,350 [IPC Server handler 16 on default port 39849] INFO  pipeline.RatisPipelineProvider (RatisPipelineProvider.java:lambda$create$0(183)) - Sending CreatePipelineCommand for pipeline:PipelineID=ccacdba9-3741-41e6-9681-614a0f279f51 to datanode:1d1c653c-c24c-4f9f-93f8-363bcaedc7a6
2021-11-15 19:21:35,350 [IPC Server handler 16 on default port 39849] INFO  pipeline.RatisPipelineProvider (RatisPipelineProvider.java:lambda$create$0(183)) - Sending CreatePipelineCommand for pipeline:PipelineID=ccacdba9-3741-41e6-9681-614a0f279f51 to datanode:72af5abb-0a78-4b64-9517-3021125997b8
2021-11-15 19:21:35,350 [IPC Server handler 16 on default port 39849] INFO  pipeline.PipelineStateManagerImpl (PipelineStateManagerImpl.java:addPipeline(101)) - Created pipeline Pipeline[ Id: ccacdba9-3741-41e6-9681-614a0f279f51, Nodes: 087c2b0c-5b45-457f-ac23-38cb521b1b9c{ip: 10.1.0.16, host: fv-az151-339.yf2hydr00wburbhx3j5hxtcipe.bx.internal.cloudapp.net, ports: [REPLICATION=33023, RATIS=32799, RATIS_ADMIN=32799, RATIS_SERVER=32799, STANDALONE=33851], networkLocation: /default-rack, certSerialId: null, persistedOpState: IN_SERVICE, persistedOpStateExpiryEpochSec: 0}1d1c653c-c24c-4f9f-93f8-363bcaedc7a6{ip: 10.1.0.16, host: fv-az151-339.yf2hydr00wburbhx3j5hxtcipe.bx.internal.cloudapp.net, ports: [REPLICATION=38157, RATIS=44043, RATIS_ADMIN=44043, RATIS_SERVER=44043, STANDALONE=34479], networkLocation: /default-rack, certSerialId: null, persistedOpState: IN_SERVICE, persistedOpStateExpiryEpochSec: 0}72af5abb-0a78-4b64-9517-3021125997b8{ip: 10.1.0.16, host: fv-az151-339.yf2hydr00wburbhx3j5hxtcipe.bx.internal.cloudapp.net, ports: [REPLICATION=33017, RATIS=45855, RATIS_ADMIN=45855, RATIS_SERVER=45855, STANDALONE=38721], networkLocation: /default-rack, certSerialId: null, persistedOpState: IN_SERVICE, persistedOpStateExpiryEpochSec: 0}, ReplicationConfig: RATIS/THREE, State:ALLOCATED, leaderId:, CreationTimestamp2021-11-15T19:21:35.349Z[Etc/UTC]].
2021-11-15 19:21:36,536 [5f24cb3a-787a-4f69-a830-2d3d8b70745a@group-9B0D820938DF-FollowerState] INFO  impl.FollowerState (FollowerState.java:run(134)) - 5f24cb3a-787a-4f69-a830-2d3d8b70745a@group-9B0D820938DF-FollowerState: change to CANDIDATE, lastRpcElapsedTime:5139104197ns, electionTimeout:5131ms
2021-11-15 19:21:36,537 [5f24cb3a-787a-4f69-a830-2d3d8b70745a@group-9B0D820938DF-FollowerState] INFO  impl.RoleInfo (RoleInfo.java:shutdownFollowerState(108)) - 5f24cb3a-787a-4f69-a830-2d3d8b70745a: shutdown 5f24cb3a-787a-4f69-a830-2d3d8b70745a@group-9B0D820938DF-FollowerState
2021-11-15 19:21:36,537 [5f24cb3a-787a-4f69-a830-2d3d8b70745a@group-9B0D820938DF-FollowerState] INFO  server.RaftServer$Division (RaftServerImpl.java:setRole(290)) - 5f24cb3a-787a-4f69-a830-2d3d8b70745a@group-9B0D820938DF: changes role from  FOLLOWER to CANDIDATE at term 4 for changeToCandidate
2021-11-15 19:21:36,537 [5f24cb3a-787a-4f69-a830-2d3d8b70745a@group-9B0D820938DF-FollowerState] INFO  server.RaftServerConfigKeys (ConfUtils.java:logGet(44)) - raft.server.leaderelection.pre-vote = false (custom)
2021-11-15 19:21:36,537 [5f24cb3a-787a-4f69-a830-2d3d8b70745a@group-9B0D820938DF-FollowerState] INFO  impl.RoleInfo (RoleInfo.java:updateAndGet(130)) - 5f24cb3a-787a-4f69-a830-2d3d8b70745a: start 5f24cb3a-787a-4f69-a830-2d3d8b70745a@group-9B0D820938DF-LeaderElection25
2021-11-15 19:21:36,554 [5f24cb3a-787a-4f69-a830-2d3d8b70745a@group-9B0D820938DF-LeaderElection25] INFO  impl.LeaderElection (LeaderElection.java:askForVotes(306)) - 5f24cb3a-787a-4f69-a830-2d3d8b70745a@group-9B0D820938DF-LeaderElection25 ELECTION round 0: submit vote requests at term 5 for -1: [c038e53c-4808-40a4-bcac-87a6adf6dbd8|rpc:10.1.0.16:46879|dataStream:|priority:0, 5f24cb3a-787a-4f69-a830-2d3d8b70745a|rpc:10.1.0.16:34579|dataStream:|priority:1, bce623f1-3c31-45ef-9861-869f671ae311|rpc:10.1.0.16:38881|dataStream:|priority:0], old=null
2021-11-15 19:21:36,564 [grpc-default-executor-2] INFO  server.RaftServer$Division (RaftServerImpl.java:requestVote(1046)) - c038e53c-4808-40a4-bcac-87a6adf6dbd8@group-9B0D820938DF: receive requestVote(ELECTION, 5f24cb3a-787a-4f69-a830-2d3d8b70745a, group-9B0D820938DF, 5, (t:0, i:0))
2021-11-15 19:21:36,565 [grpc-default-executor-2] INFO  impl.VoteContext (VoteContext.java:log(48)) - c038e53c-4808-40a4-bcac-87a6adf6dbd8@group-9B0D820938DF-FOLLOWER: accept ELECTION from 5f24cb3a-787a-4f69-a830-2d3d8b70745a: our priority 0 <= candidate's priority 1
2021-11-15 19:21:36,565 [grpc-default-executor-2] INFO  server.RaftServer$Division (RaftServerImpl.java:setRole(290)) - c038e53c-4808-40a4-bcac-87a6adf6dbd8@group-9B0D820938DF: changes role from  FOLLOWER to FOLLOWER at term 5 for candidate:5f24cb3a-787a-4f69-a830-2d3d8b70745a
2021-11-15 19:21:36,565 [grpc-default-executor-2] INFO  impl.RoleInfo (RoleInfo.java:shutdownFollowerState(108)) - c038e53c-4808-40a4-bcac-87a6adf6dbd8: shutdown c038e53c-4808-40a4-bcac-87a6adf6dbd8@group-9B0D820938DF-FollowerState
2021-11-15 19:21:36,565 [grpc-default-executor-2] INFO  impl.RoleInfo (RoleInfo.java:updateAndGet(130)) - c038e53c-4808-40a4-bcac-87a6adf6dbd8: start c038e53c-4808-40a4-bcac-87a6adf6dbd8@group-9B0D820938DF-FollowerState
2021-11-15 19:21:36,565 [c038e53c-4808-40a4-bcac-87a6adf6dbd8@group-9B0D820938DF-FollowerState] INFO  impl.FollowerState (FollowerState.java:run(143)) - c038e53c-4808-40a4-bcac-87a6adf6dbd8@group-9B0D820938DF-FollowerState was interrupted: {}
java.lang.InterruptedException: sleep interrupted
	at java.lang.Thread.sleep(Native Method)
	at java.lang.Thread.sleep(Thread.java:340)
	at java.util.concurrent.TimeUnit.sleep(TimeUnit.java:386)
	at org.apache.ratis.util.TimeDuration.sleep(TimeDuration.java:324)
	at org.apache.ratis.util.TimeDuration.sleep(TimeDuration.java:309)
	at org.apache.ratis.server.impl.FollowerState.run(FollowerState.java:118)
2021-11-15 19:21:36,566 [grpc-default-executor-3] INFO  server.RaftServer$Division (RaftServerImpl.java:requestVote(1046)) - bce623f1-3c31-45ef-9861-869f671ae311@group-9B0D820938DF: receive requestVote(ELECTION, 5f24cb3a-787a-4f69-a830-2d3d8b70745a, group-9B0D820938DF, 5, (t:0, i:0))
2021-11-15 19:21:36,566 [grpc-default-executor-3] INFO  impl.VoteContext (VoteContext.java:log(48)) - bce623f1-3c31-45ef-9861-869f671ae311@group-9B0D820938DF-FOLLOWER: accept ELECTION from 5f24cb3a-787a-4f69-a830-2d3d8b70745a: our priority 0 <= candidate's priority 1
2021-11-15 19:21:36,566 [grpc-default-executor-3] INFO  server.RaftServer$Division (RaftServerImpl.java:setRole(290)) - bce623f1-3c31-45ef-9861-869f671ae311@group-9B0D820938DF: changes role from  FOLLOWER to FOLLOWER at term 5 for candidate:5f24cb3a-787a-4f69-a830-2d3d8b70745a
2021-11-15 19:21:36,566 [grpc-default-executor-3] INFO  impl.RoleInfo (RoleInfo.java:shutdownFollowerState(108)) - bce623f1-3c31-45ef-9861-869f671ae311: shutdown bce623f1-3c31-45ef-9861-869f671ae311@group-9B0D820938DF-FollowerState
2021-11-15 19:21:36,576 [bce623f1-3c31-45ef-9861-869f671ae311@group-9B0D820938DF-FollowerState] INFO  impl.FollowerState (FollowerState.java:run(143)) - bce623f1-3c31-45ef-9861-869f671ae311@group-9B0D820938DF-FollowerState was interrupted: {}
java.lang.InterruptedException: sleep interrupted
	at java.lang.Thread.sleep(Native Method)
	at java.lang.Thread.sleep(Thread.java:340)
	at java.util.concurrent.TimeUnit.sleep(TimeUnit.java:386)
	at org.apache.ratis.util.TimeDuration.sleep(TimeDuration.java:324)
	at org.apache.ratis.util.TimeDuration.sleep(TimeDuration.java:309)
	at org.apache.ratis.server.impl.FollowerState.run(FollowerState.java:118)
2021-11-15 19:21:36,576 [grpc-default-executor-3] INFO  impl.RoleInfo (RoleInfo.java:updateAndGet(130)) - bce623f1-3c31-45ef-9861-869f671ae311: start bce623f1-3c31-45ef-9861-869f671ae311@group-9B0D820938DF-FollowerState
2021-11-15 19:21:36,586 [grpc-default-executor-2] INFO  server.RaftServer$Division (RaftServerImpl.java:requestVote(1078)) - c038e53c-4808-40a4-bcac-87a6adf6dbd8@group-9B0D820938DF replies to ELECTION vote request: 5f24cb3a-787a-4f69-a830-2d3d8b70745a<-c038e53c-4808-40a4-bcac-87a6adf6dbd8#0:OK-t5. Peer's state: c038e53c-4808-40a4-bcac-87a6adf6dbd8@group-9B0D820938DF:t5, leader=null, voted=5f24cb3a-787a-4f69-a830-2d3d8b70745a, raftlog=c038e53c-4808-40a4-bcac-87a6adf6dbd8@group-9B0D820938DF-SegmentedRaftLog:OPENED:c-1, conf=-1: [c038e53c-4808-40a4-bcac-87a6adf6dbd8|rpc:10.1.0.16:46879|priority:0, 5f24cb3a-787a-4f69-a830-2d3d8b70745a|rpc:10.1.0.16:34579|priority:1, bce623f1-3c31-45ef-9861-869f671ae311|rpc:10.1.0.16:38881|priority:0], old=null
2021-11-15 19:21:36,588 [5f24cb3a-787a-4f69-a830-2d3d8b70745a@group-9B0D820938DF-LeaderElection25] INFO  impl.LeaderElection (LeaderElection.java:logAndReturn(89)) - 5f24cb3a-787a-4f69-a830-2d3d8b70745a@group-9B0D820938DF-LeaderElection25: ELECTION PASSED received 1 response(s) and 0 exception(s):
2021-11-15 19:21:36,588 [5f24cb3a-787a-4f69-a830-2d3d8b70745a@group-9B0D820938DF-LeaderElection25] INFO  impl.LeaderElection (LeaderElection.java:logAndReturn(93)) -   Response 0: 5f24cb3a-787a-4f69-a830-2d3d8b70745a<-c038e53c-4808-40a4-bcac-87a6adf6dbd8#0:OK-t5
2021-11-15 19:21:36,588 [5f24cb3a-787a-4f69-a830-2d3d8b70745a@group-9B0D820938DF-LeaderElection25] INFO  impl.LeaderElection (LeaderElection.java:askForVotes(308)) - 5f24cb3a-787a-4f69-a830-2d3d8b70745a@group-9B0D820938DF-LeaderElection25 ELECTION round 0: result PASSED
2021-11-15 19:21:36,588 [5f24cb3a-787a-4f69-a830-2d3d8b70745a@group-9B0D820938DF-LeaderElection25] INFO  impl.RoleInfo (RoleInfo.java:shutdownLeaderElection(121)) - 5f24cb3a-787a-4f69-a830-2d3d8b70745a: shutdown 5f24cb3a-787a-4f69-a830-2d3d8b70745a@group-9B0D820938DF-LeaderElection25
2021-11-15 19:21:36,588 [5f24cb3a-787a-4f69-a830-2d3d8b70745a@group-9B0D820938DF-LeaderElection25] INFO  server.RaftServer$Division (RaftServerImpl.java:setRole(290)) - 5f24cb3a-787a-4f69-a830-2d3d8b70745a@group-9B0D820938DF: changes role from CANDIDATE to LEADER at term 5 for changeToLeader
2021-11-15 19:21:36,588 [5f24cb3a-787a-4f69-a830-2d3d8b70745a@group-9B0D820938DF-LeaderElection25] INFO  ratis.XceiverServerRatis (XceiverServerRatis.java:handleLeaderChangedNotification(866)) - Leader change notification received for group: group-9B0D820938DF with new leaderId: 5f24cb3a-787a-4f69-a830-2d3d8b70745a
2021-11-15 19:21:36,588 [5f24cb3a-787a-4f69-a830-2d3d8b70745a@group-9B0D820938DF-LeaderElection25] INFO  server.RaftServer$Division (ServerState.java:setLeader(285)) - 5f24cb3a-787a-4f69-a830-2d3d8b70745a@group-9B0D820938DF: change Leader from null to 5f24cb3a-787a-4f69-a830-2d3d8b70745a at term 5 for becomeLeader, leader elected after 25002ms
2021-11-15 19:21:36,588 [grpc-default-executor-3] INFO  server.RaftServer$Division (RaftServerImpl.java:requestVote(1078)) - bce623f1-3c31-45ef-9861-869f671ae311@group-9B0D820938DF replies to ELECTION vote request: 5f24cb3a-787a-4f69-a830-2d3d8b70745a<-bce623f1-3c31-45ef-9861-869f671ae311#0:OK-t5. Peer's state: bce623f1-3c31-45ef-9861-869f671ae311@group-9B0D820938DF:t5, leader=null, voted=5f24cb3a-787a-4f69-a830-2d3d8b70745a, raftlog=bce623f1-3c31-45ef-9861-869f671ae311@group-9B0D820938DF-SegmentedRaftLog:OPENED:c-1, conf=-1: [c038e53c-4808-40a4-bcac-87a6adf6dbd8|rpc:10.1.0.16:46879|priority:0, 5f24cb3a-787a-4f69-a830-2d3d8b70745a|rpc:10.1.0.16:34579|priority:1, bce623f1-3c31-45ef-9861-869f671ae311|rpc:10.1.0.16:38881|priority:0], old=null
2021-11-15 19:21:36,588 [5f24cb3a-787a-4f69-a830-2d3d8b70745a@group-9B0D820938DF-LeaderElection25] INFO  server.RaftServerConfigKeys (ConfUtils.java:logGet(44)) - raft.server.staging.catchup.gap = 1000 (default)
2021-11-15 19:21:36,590 [5f24cb3a-787a-4f69-a830-2d3d8b70745a@group-9B0D820938DF-LeaderElection25] INFO  server.RaftServerConfigKeys (ConfUtils.java:logGet(44)) - raft.server.write.element-limit = 1024 (custom)
2021-11-15 19:21:36,590 [5f24cb3a-787a-4f69-a830-2d3d8b70745a@group-9B0D820938DF-LeaderElection25] INFO  server.RaftServerConfigKeys (ConfUtils.java:logGet(44)) - raft.server.write.byte-limit = 1024 M (=1073741824) (custom)
2021-11-15 19:21:36,590 [EventQueue-PipelineReportForPipelineReportHandler] INFO  pipeline.PipelineManagerImpl (PipelineManagerImpl.java:openPipeline(289)) - Pipeline Pipeline[ Id: 430698ac-9a5d-4310-9d5d-9b0d820938df, Nodes: c038e53c-4808-40a4-bcac-87a6adf6dbd8{ip: 10.1.0.16, host: fv-az151-339.yf2hydr00wburbhx3j5hxtcipe.bx.internal.cloudapp.net, ports: [REPLICATION=44751, RATIS=46879, RATIS_ADMIN=46879, RATIS_SERVER=46879, STANDALONE=36917], networkLocation: /default-rack, certSerialId: null, persistedOpState: IN_SERVICE, persistedOpStateExpiryEpochSec: 0}5f24cb3a-787a-4f69-a830-2d3d8b70745a{ip: 10.1.0.16, host: fv-az151-339.yf2hydr00wburbhx3j5hxtcipe.bx.internal.cloudapp.net, ports: [REPLICATION=34173, RATIS=34579, RATIS_ADMIN=34579, RATIS_SERVER=34579, STANDALONE=37973], networkLocation: /default-rack, certSerialId: null, persistedOpState: IN_SERVICE, persistedOpStateExpiryEpochSec: 0}bce623f1-3c31-45ef-9861-869f671ae311{ip: 10.1.0.16, host: fv-az151-339.yf2hydr00wburbhx3j5hxtcipe.bx.internal.cloudapp.net, ports: [REPLICATION=40269, RATIS=38881, RATIS_ADMIN=38881, RATIS_SERVER=38881, STANDALONE=43405], networkLocation: /default-rack, certSerialId: null, persistedOpState: IN_SERVICE, persistedOpStateExpiryEpochSec: 0}, ReplicationConfig: RATIS/THREE, State:ALLOCATED, leaderId:5f24cb3a-787a-4f69-a830-2d3d8b70745a, CreationTimestamp2021-11-15T19:21:08.741Z[Etc/UTC]] moved to OPEN state
2021-11-15 19:21:36,590 [5f24cb3a-787a-4f69-a830-2d3d8b70745a@group-9B0D820938DF-LeaderElection25] INFO  server.RaftServerConfigKeys (ConfUtils.java:logGet(44)) - raft.server.watch.timeout = 3000ms (custom)
2021-11-15 19:21:36,590 [5f24cb3a-787a-4f69-a830-2d3d8b70745a@group-9B0D820938DF-LeaderElection25] INFO  server.RaftServerConfigKeys (ConfUtils.java:logGet(44)) - raft.server.watch.timeout.denomination = 1s (default)
2021-11-15 19:21:36,591 [5f24cb3a-787a-4f69-a830-2d3d8b70745a@group-9B0D820938DF-LeaderElection25] INFO  server.RaftServerConfigKeys (ConfUtils.java:logGet(44)) - raft.server.watch.element-limit = 65536 (default)
2021-11-15 19:21:36,591 [5f24cb3a-787a-4f69-a830-2d3d8b70745a@group-9B0D820938DF-LeaderElection25] INFO  server.RaftServerConfigKeys (ConfUtils.java:logGet(44)) - raft.server.write.element-limit = 1024 (custom)
2021-11-15 19:21:36,591 [5f24cb3a-787a-4f69-a830-2d3d8b70745a@group-9B0D820938DF-LeaderElection25] INFO  server.RaftServerConfigKeys (ConfUtils.java:logGet(44)) - raft.server.write.follower.gap.ratio.max = -1.0 (default)
2021-11-15 19:21:36,591 [5f24cb3a-787a-4f69-a830-2d3d8b70745a@group-9B0D820938DF-LeaderElection25] INFO  server.RaftServerConfigKeys (ConfUtils.java:logGet(44)) - raft.server.log.appender.snapshot.chunk.size.max = 16MB (=16777216) (default)
2021-11-15 19:21:36,591 [5f24cb3a-787a-4f69-a830-2d3d8b70745a@group-9B0D820938DF-LeaderElection25] INFO  server.RaftServerConfigKeys (ConfUtils.java:logGet(44)) - raft.server.log.appender.buffer.byte-limit = 33554432 (custom)
2021-11-15 19:21:36,591 [5f24cb3a-787a-4f69-a830-2d3d8b70745a@group-9B0D820938DF-LeaderElection25] INFO  server.RaftServerConfigKeys (ConfUtils.java:logGet(44)) - raft.server.log.appender.buffer.element-limit = 1 (custom)
2021-11-15 19:21:36,591 [5f24cb3a-787a-4f69-a830-2d3d8b70745a@group-9B0D820938DF-LeaderElection25] INFO  grpc.GrpcConfigKeys (ConfUtils.java:logGet(44)) - raft.grpc.server.leader.outstanding.appends.max = 128 (default)
2021-11-15 19:21:36,591 [5f24cb3a-787a-4f69-a830-2d3d8b70745a@group-9B0D820938DF-LeaderElection25] INFO  server.RaftServerConfigKeys (ConfUtils.java:logGet(44)) - raft.server.rpc.request.timeout = 3000ms (default)
2021-11-15 19:21:36,591 [5f24cb3a-787a-4f69-a830-2d3d8b70745a@group-9B0D820938DF-LeaderElection25] INFO  server.RaftServerConfigKeys (ConfUtils.java:logGet(44)) - raft.server.log.appender.install.snapshot.enabled = false (custom)
2021-11-15 19:21:36,592 [5f24cb3a-787a-4f69-a830-2d3d8b70745a@group-9B0D820938DF-LeaderElection25] INFO  server.RaftServerConfigKeys (ConfUtils.java:logGet(44)) - raft.server.log.appender.snapshot.chunk.size.max = 16MB (=16777216) (default)
2021-11-15 19:21:36,592 [5f24cb3a-787a-4f69-a830-2d3d8b70745a@group-9B0D820938DF-LeaderElection25] INFO  server.RaftServerConfigKeys (ConfUtils.java:logGet(44)) - raft.server.log.appender.buffer.byte-limit = 33554432 (custom)
2021-11-15 19:21:36,592 [5f24cb3a-787a-4f69-a830-2d3d8b70745a@group-9B0D820938DF-LeaderElection25] INFO  server.RaftServerConfigKeys (ConfUtils.java:logGet(44)) - raft.server.log.appender.buffer.element-limit = 1 (custom)
2021-11-15 19:21:36,592 [5f24cb3a-787a-4f69-a830-2d3d8b70745a@group-9B0D820938DF-LeaderElection25] INFO  grpc.GrpcConfigKeys (ConfUtils.java:logGet(44)) - raft.grpc.server.leader.outstanding.appends.max = 128 (default)
2021-11-15 19:21:36,593 [5f24cb3a-787a-4f69-a830-2d3d8b70745a@group-9B0D820938DF-LeaderElection25] INFO  server.RaftServerConfigKeys (ConfUtils.java:logGet(44)) - raft.server.rpc.request.timeout = 3000ms (default)
2021-11-15 19:21:36,593 [5f24cb3a-787a-4f69-a830-2d3d8b70745a@group-9B0D820938DF-LeaderElection25] INFO  server.RaftServerConfigKeys (ConfUtils.java:logGet(44)) - raft.server.log.appender.install.snapshot.enabled = false (custom)
2021-11-15 19:21:36,593 [5f24cb3a-787a-4f69-a830-2d3d8b70745a@group-9B0D820938DF-LeaderElection25] INFO  impl.RoleInfo (RoleInfo.java:updateAndGet(130)) - 5f24cb3a-787a-4f69-a830-2d3d8b70745a: start 5f24cb3a-787a-4f69-a830-2d3d8b70745a@group-9B0D820938DF-LeaderStateImpl
2021-11-15 19:21:36,594 [5f24cb3a-787a-4f69-a830-2d3d8b70745a@group-9B0D820938DF-LeaderElection25] INFO  segmented.SegmentedRaftLogWorker (SegmentedRaftLogWorker.java:startLogSegment(394)) - 5f24cb3a-787a-4f69-a830-2d3d8b70745a@group-9B0D820938DF-SegmentedRaftLogWorker: Starting segment from index:0
2021-11-15 19:21:36,595 [5f24cb3a-787a-4f69-a830-2d3d8b70745a@group-9B0D820938DF-SegmentedRaftLogWorker] INFO  segmented.SegmentedRaftLogWorker (SegmentedRaftLogWorker.java:execute(601)) - 5f24cb3a-787a-4f69-a830-2d3d8b70745a@group-9B0D820938DF-SegmentedRaftLogWorker: created new log segment /home/runner/work/ozone/ozone/hadoop-ozone/integration-test/target/test-dir/MiniOzoneClusterImpl-edab3eb4-5721-4c35-be90-debfdbe0e37e/datanode-2/data/ratis/430698ac-9a5d-4310-9d5d-9b0d820938df/current/log_inprogress_0
2021-11-15 19:21:36,620 [grpc-default-executor-2] INFO  ratis.XceiverServerRatis (XceiverServerRatis.java:handleLeaderChangedNotification(866)) - Leader change notification received for group: group-9B0D820938DF with new leaderId: 5f24cb3a-787a-4f69-a830-2d3d8b70745a
2021-11-15 19:21:36,620 [grpc-default-executor-2] INFO  server.RaftServer$Division (ServerState.java:setLeader(285)) - bce623f1-3c31-45ef-9861-869f671ae311@group-9B0D820938DF: change Leader from null to 5f24cb3a-787a-4f69-a830-2d3d8b70745a at term 5 for appendEntries, leader elected after 25313ms
2021-11-15 19:21:36,630 [grpc-default-executor-0] INFO  ratis.XceiverServerRatis (XceiverServerRatis.java:handleLeaderChangedNotification(866)) - Leader change notification received for group: group-9B0D820938DF with new leaderId: 5f24cb3a-787a-4f69-a830-2d3d8b70745a
2021-11-15 19:21:36,630 [grpc-default-executor-0] INFO  server.RaftServer$Division (ServerState.java:setLeader(285)) - c038e53c-4808-40a4-bcac-87a6adf6dbd8@group-9B0D820938DF: change Leader from null to 5f24cb3a-787a-4f69-a830-2d3d8b70745a at term 5 for appendEntries, leader elected after 25661ms
2021-11-15 19:21:36,652 [5f24cb3a-787a-4f69-a830-2d3d8b70745a@group-9B0D820938DF-LeaderElection25] INFO  server.RaftServer$Division (ServerState.java:setRaftConf(387)) - 5f24cb3a-787a-4f69-a830-2d3d8b70745a@group-9B0D820938DF: set configuration 0: [c038e53c-4808-40a4-bcac-87a6adf6dbd8|rpc:10.1.0.16:46879|dataStream:|priority:0, 5f24cb3a-787a-4f69-a830-2d3d8b70745a|rpc:10.1.0.16:34579|dataStream:|priority:1, bce623f1-3c31-45ef-9861-869f671ae311|rpc:10.1.0.16:38881|dataStream:|priority:0], old=null
2021-11-15 19:21:36,652 [grpc-default-executor-2] INFO  server.RaftServer$Division (ServerState.java:setRaftConf(387)) - bce623f1-3c31-45ef-9861-869f671ae311@group-9B0D820938DF: set configuration 0: [c038e53c-4808-40a4-bcac-87a6adf6dbd8|rpc:10.1.0.16:46879|dataStream:|priority:0, 5f24cb3a-787a-4f69-a830-2d3d8b70745a|rpc:10.1.0.16:34579|dataStream:|priority:1, bce623f1-3c31-45ef-9861-869f671ae311|rpc:10.1.0.16:38881|dataStream:|priority:0], old=null
2021-11-15 19:21:36,652 [grpc-default-executor-2] INFO  segmented.SegmentedRaftLogWorker (SegmentedRaftLogWorker.java:startLogSegment(394)) - bce623f1-3c31-45ef-9861-869f671ae311@group-9B0D820938DF-SegmentedRaftLogWorker: Starting segment from index:0
2021-11-15 19:21:36,655 [EventQueue-StaleNodeForStaleNodeHandler] INFO  node.StaleNodeHandler (StaleNodeHandler.java:onMessage(58)) - Datanode 72af5abb-0a78-4b64-9517-3021125997b8{ip: 10.1.0.16, host: fv-az151-339.yf2hydr00wburbhx3j5hxtcipe.bx.internal.cloudapp.net, ports: [REPLICATION=33017, RATIS=45855, RATIS_ADMIN=45855, RATIS_SERVER=45855, STANDALONE=38721], networkLocation: /default-rack, certSerialId: null, persistedOpState: IN_SERVICE, persistedOpStateExpiryEpochSec: 0} moved to stale state. Finalizing its pipelines [PipelineID=ffb0f6a7-cf28-4210-b9d6-6011d7d31fa9, PipelineID=836c2ec7-88bd-49ae-8ce0-45bd587a8a14, PipelineID=9084c998-2231-478f-90fe-7123d4b11fd3, PipelineID=ccacdba9-3741-41e6-9681-614a0f279f51]
2021-11-15 19:21:36,655 [EventQueue-StaleNodeForStaleNodeHandler] INFO  pipeline.PipelineManagerImpl (PipelineManagerImpl.java:closePipeline(349)) - Pipeline Pipeline[ Id: 836c2ec7-88bd-49ae-8ce0-45bd587a8a14, Nodes: 72af5abb-0a78-4b64-9517-3021125997b8{ip: 10.1.0.16, host: fv-az151-339.yf2hydr00wburbhx3j5hxtcipe.bx.internal.cloudapp.net, ports: [REPLICATION=33017, RATIS=45855, RATIS_ADMIN=45855, RATIS_SERVER=45855, STANDALONE=38721], networkLocation: /default-rack, certSerialId: null, persistedOpState: IN_SERVICE, persistedOpStateExpiryEpochSec: 0}, ReplicationConfig: RATIS/ONE, State:OPEN, leaderId:72af5abb-0a78-4b64-9517-3021125997b8, CreationTimestamp2021-11-15T19:21:09.351Z[Etc/UTC]] moved to CLOSED state
2021-11-15 19:21:36,656 [EventQueue-StaleNodeForStaleNodeHandler] INFO  pipeline.PipelineManagerImpl (PipelineManagerImpl.java:closePipeline(349)) - Pipeline Pipeline[ Id: ccacdba9-3741-41e6-9681-614a0f279f51, Nodes: 087c2b0c-5b45-457f-ac23-38cb521b1b9c{ip: 10.1.0.16, host: fv-az151-339.yf2hydr00wburbhx3j5hxtcipe.bx.internal.cloudapp.net, ports: [REPLICATION=33023, RATIS=32799, RATIS_ADMIN=32799, RATIS_SERVER=32799, STANDALONE=33851], networkLocation: /default-rack, certSerialId: null, persistedOpState: IN_SERVICE, persistedOpStateExpiryEpochSec: 0}1d1c653c-c24c-4f9f-93f8-363bcaedc7a6{ip: 10.1.0.16, host: fv-az151-339.yf2hydr00wburbhx3j5hxtcipe.bx.internal.cloudapp.net, ports: [REPLICATION=38157, RATIS=44043, RATIS_ADMIN=44043, RATIS_SERVER=44043, STANDALONE=34479], networkLocation: /default-rack, certSerialId: null, persistedOpState: IN_SERVICE, persistedOpStateExpiryEpochSec: 0}72af5abb-0a78-4b64-9517-3021125997b8{ip: 10.1.0.16, host: fv-az151-339.yf2hydr00wburbhx3j5hxtcipe.bx.internal.cloudapp.net, ports: [REPLICATION=33017, RATIS=45855, RATIS_ADMIN=45855, RATIS_SERVER=45855, STANDALONE=38721], networkLocation: /default-rack, certSerialId: null, persistedOpState: IN_SERVICE, persistedOpStateExpiryEpochSec: 0}, ReplicationConfig: RATIS/THREE, State:ALLOCATED, leaderId:, CreationTimestamp2021-11-15T19:21:35.349Z[Etc/UTC]] moved to CLOSED state
2021-11-15 19:21:36,662 [bce623f1-3c31-45ef-9861-869f671ae311@group-9B0D820938DF-SegmentedRaftLogWorker] INFO  segmented.SegmentedRaftLogWorker (SegmentedRaftLogWorker.java:execute(601)) - bce623f1-3c31-45ef-9861-869f671ae311@group-9B0D820938DF-SegmentedRaftLogWorker: created new log segment /home/runner/work/ozone/ozone/hadoop-ozone/integration-test/target/test-dir/MiniOzoneClusterImpl-edab3eb4-5721-4c35-be90-debfdbe0e37e/datanode-1/data/ratis/430698ac-9a5d-4310-9d5d-9b0d820938df/current/log_inprogress_0
2021-11-15 19:21:36,672 [grpc-default-executor-2] INFO  server.RaftServer$Division (ServerState.java:setRaftConf(387)) - c038e53c-4808-40a4-bcac-87a6adf6dbd8@group-9B0D820938DF: set configuration 0: [c038e53c-4808-40a4-bcac-87a6adf6dbd8|rpc:10.1.0.16:46879|dataStream:|priority:0, 5f24cb3a-787a-4f69-a830-2d3d8b70745a|rpc:10.1.0.16:34579|dataStream:|priority:1, bce623f1-3c31-45ef-9861-869f671ae311|rpc:10.1.0.16:38881|dataStream:|priority:0], old=null
2021-11-15 19:21:36,673 [grpc-default-executor-2] INFO  segmented.SegmentedRaftLogWorker (SegmentedRaftLogWorker.java:startLogSegment(394)) - c038e53c-4808-40a4-bcac-87a6adf6dbd8@group-9B0D820938DF-SegmentedRaftLogWorker: Starting segment from index:0
2021-11-15 19:21:36,687 [grpc-default-executor-3] WARN  server.GrpcLogAppender (LogUtils.java:warn(122)) - 1d1c653c-c24c-4f9f-93f8-363bcaedc7a6@group-7123D4B11FD3->d87a46af-94f7-42aa-b022-652610ab08cb-AppendLogResponseHandler: Failed appendEntries: org.apache.ratis.thirdparty.io.grpc.StatusRuntimeException: UNAVAILABLE: io exception
2021-11-15 19:21:36,688 [grpc-default-executor-3] INFO  leader.FollowerInfo (FollowerInfoImpl.java:lambda$new$0(47)) - 1d1c653c-c24c-4f9f-93f8-363bcaedc7a6@group-7123D4B11FD3->d87a46af-94f7-42aa-b022-652610ab08cb: nextIndex: updateUnconditionally 16 -> 15
2021-11-15 19:21:36,688 [c038e53c-4808-40a4-bcac-87a6adf6dbd8@group-9B0D820938DF-SegmentedRaftLogWorker] INFO  segmented.SegmentedRaftLogWorker (SegmentedRaftLogWorker.java:execute(601)) - c038e53c-4808-40a4-bcac-87a6adf6dbd8@group-9B0D820938DF-SegmentedRaftLogWorker: created new log segment /home/runner/work/ozone/ozone/hadoop-ozone/integration-test/target/test-dir/MiniOzoneClusterImpl-edab3eb4-5721-4c35-be90-debfdbe0e37e/datanode-0/data/ratis/430698ac-9a5d-4310-9d5d-9b0d820938df/current/log_inprogress_0
2021-11-15 19:21:37,183 [grpc-default-executor-2] WARN  server.GrpcLogAppender (LogUtils.java:warn(122)) - 1d1c653c-c24c-4f9f-93f8-363bcaedc7a6@group-7123D4B11FD3->72af5abb-0a78-4b64-9517-3021125997b8-AppendLogResponseHandler: Failed appendEntries: org.apache.ratis.thirdparty.io.grpc.StatusRuntimeException: UNAVAILABLE: io exception
2021-11-15 19:21:37,184 [grpc-default-executor-2] INFO  leader.FollowerInfo (FollowerInfoImpl.java:lambda$new$0(47)) - 1d1c653c-c24c-4f9f-93f8-363bcaedc7a6@group-7123D4B11FD3->72af5abb-0a78-4b64-9517-3021125997b8: nextIndex: updateUnconditionally 18 -> 17
2021-11-15 19:21:37,185 [c038e53c-4808-40a4-bcac-87a6adf6dbd8@group-3123CD3C107D-FollowerState] INFO  impl.FollowerState (FollowerState.java:run(134)) - c038e53c-4808-40a4-bcac-87a6adf6dbd8@group-3123CD3C107D-FollowerState: change to CANDIDATE, lastRpcElapsedTime:5013033974ns, electionTimeout:5012ms
2021-11-15 19:21:37,185 [c038e53c-4808-40a4-bcac-87a6adf6dbd8@group-3123CD3C107D-FollowerState] INFO  impl.RoleInfo (RoleInfo.java:shutdownFollowerState(108)) - c038e53c-4808-40a4-bcac-87a6adf6dbd8: shutdown c038e53c-4808-40a4-bcac-87a6adf6dbd8@group-3123CD3C107D-FollowerState
2021-11-15 19:21:37,185 [c038e53c-4808-40a4-bcac-87a6adf6dbd8@group-3123CD3C107D-FollowerState] INFO  server.RaftServer$Division (RaftServerImpl.java:setRole(290)) - c038e53c-4808-40a4-bcac-87a6adf6dbd8@group-3123CD3C107D: changes role from  FOLLOWER to CANDIDATE at term 4 for changeToCandidate
2021-11-15 19:21:37,185 [c038e53c-4808-40a4-bcac-87a6adf6dbd8@group-3123CD3C107D-FollowerState] INFO  server.RaftServerConfigKeys (ConfUtils.java:logGet(44)) - raft.server.leaderelection.pre-vote = false (custom)
2021-11-15 19:21:37,185 [c038e53c-4808-40a4-bcac-87a6adf6dbd8@group-3123CD3C107D-FollowerState] INFO  impl.RoleInfo (RoleInfo.java:updateAndGet(130)) - c038e53c-4808-40a4-bcac-87a6adf6dbd8: start c038e53c-4808-40a4-bcac-87a6adf6dbd8@group-3123CD3C107D-LeaderElection26
2021-11-15 19:21:37,196 [c038e53c-4808-40a4-bcac-87a6adf6dbd8@group-3123CD3C107D-LeaderElection26] INFO  impl.LeaderElection (LeaderElection.java:askForVotes(306)) - c038e53c-4808-40a4-bcac-87a6adf6dbd8@group-3123CD3C107D-LeaderElection26 ELECTION round 0: submit vote requests at term 5 for -1: [c038e53c-4808-40a4-bcac-87a6adf6dbd8|rpc:10.1.0.16:46879|priority:0, 5f24cb3a-787a-4f69-a830-2d3d8b70745a|rpc:10.1.0.16:34579|priority:0, bce623f1-3c31-45ef-9861-869f671ae311|rpc:10.1.0.16:38881|priority:1], old=null
2021-11-15 19:21:37,206 [grpc-default-executor-2] INFO  server.RaftServer$Division (RaftServerImpl.java:requestVote(1046)) - 5f24cb3a-787a-4f69-a830-2d3d8b70745a@group-3123CD3C107D: receive requestVote(ELECTION, c038e53c-4808-40a4-bcac-87a6adf6dbd8, group-3123CD3C107D, 5, (t:0, i:0))
2021-11-15 19:21:37,206 [grpc-default-executor-2] INFO  impl.VoteContext (VoteContext.java:log(48)) - 5f24cb3a-787a-4f69-a830-2d3d8b70745a@group-3123CD3C107D-FOLLOWER: accept ELECTION from c038e53c-4808-40a4-bcac-87a6adf6dbd8: our priority 0 <= candidate's priority 0
2021-11-15 19:21:37,206 [grpc-default-executor-2] INFO  server.RaftServer$Division (RaftServerImpl.java:setRole(290)) - 5f24cb3a-787a-4f69-a830-2d3d8b70745a@group-3123CD3C107D: changes role from  FOLLOWER to FOLLOWER at term 5 for candidate:c038e53c-4808-40a4-bcac-87a6adf6dbd8
2021-11-15 19:21:37,206 [grpc-default-executor-2] INFO  impl.RoleInfo (RoleInfo.java:shutdownFollowerState(108)) - 5f24cb3a-787a-4f69-a830-2d3d8b70745a: shutdown 5f24cb3a-787a-4f69-a830-2d3d8b70745a@group-3123CD3C107D-FollowerState
2021-11-15 19:21:37,222 [grpc-default-executor-2] INFO  impl.RoleInfo (RoleInfo.java:updateAndGet(130)) - 5f24cb3a-787a-4f69-a830-2d3d8b70745a: start 5f24cb3a-787a-4f69-a830-2d3d8b70745a@group-3123CD3C107D-FollowerState
2021-11-15 19:21:37,222 [5f24cb3a-787a-4f69-a830-2d3d8b70745a@group-3123CD3C107D-FollowerState] INFO  impl.FollowerState (FollowerState.java:run(143)) - 5f24cb3a-787a-4f69-a830-2d3d8b70745a@group-3123CD3C107D-FollowerState was interrupted: {}
java.lang.InterruptedException: sleep interrupted
	at java.lang.Thread.sleep(Native Method)
	at java.lang.Thread.sleep(Thread.java:340)
	at java.util.concurrent.TimeUnit.sleep(TimeUnit.java:386)
	at org.apache.ratis.util.TimeDuration.sleep(TimeDuration.java:324)
	at org.apache.ratis.util.TimeDuration.sleep(TimeDuration.java:309)
	at org.apache.ratis.server.impl.FollowerState.run(FollowerState.java:118)
2021-11-15 19:21:37,227 [grpc-default-executor-0] INFO  server.RaftServer$Division (RaftServerImpl.java:requestVote(1046)) - bce623f1-3c31-45ef-9861-869f671ae311@group-3123CD3C107D: receive requestVote(ELECTION, c038e53c-4808-40a4-bcac-87a6adf6dbd8, group-3123CD3C107D, 5, (t:0, i:0))
2021-11-15 19:21:37,236 [grpc-default-executor-0] INFO  impl.VoteContext (VoteContext.java:log(48)) - bce623f1-3c31-45ef-9861-869f671ae311@group-3123CD3C107D-FOLLOWER: reject ELECTION from c038e53c-4808-40a4-bcac-87a6adf6dbd8: our priority 1 > candidate's priority 0
2021-11-15 19:21:37,236 [grpc-default-executor-0] INFO  server.RaftServer$Division (RaftServerImpl.java:setRole(290)) - bce623f1-3c31-45ef-9861-869f671ae311@group-3123CD3C107D: changes role from  FOLLOWER to FOLLOWER at term 5 for candidate:c038e53c-4808-40a4-bcac-87a6adf6dbd8
2021-11-15 19:21:37,237 [grpc-default-executor-0] INFO  impl.RoleInfo (RoleInfo.java:shutdownFollowerState(108)) - bce623f1-3c31-45ef-9861-869f671ae311: shutdown bce623f1-3c31-45ef-9861-869f671ae311@group-3123CD3C107D-FollowerState
2021-11-15 19:21:37,237 [grpc-default-executor-0] INFO  impl.RoleInfo (RoleInfo.java:updateAndGet(130)) - bce623f1-3c31-45ef-9861-869f671ae311: start bce623f1-3c31-45ef-9861-869f671ae311@group-3123CD3C107D-FollowerState
2021-11-15 19:21:37,237 [bce623f1-3c31-45ef-9861-869f671ae311@group-3123CD3C107D-FollowerState] INFO  impl.FollowerState (FollowerState.java:run(143)) - bce623f1-3c31-45ef-9861-869f671ae311@group-3123CD3C107D-FollowerState was interrupted: {}
java.lang.InterruptedException: sleep interrupted
	at java.lang.Thread.sleep(Native Method)
	at java.lang.Thread.sleep(Thread.java:340)
	at java.util.concurrent.TimeUnit.sleep(TimeUnit.java:386)
	at org.apache.ratis.util.TimeDuration.sleep(TimeDuration.java:324)
	at org.apache.ratis.util.TimeDuration.sleep(TimeDuration.java:309)
	at org.apache.ratis.server.impl.FollowerState.run(FollowerState.java:118)
2021-11-15 19:21:37,241 [grpc-default-executor-0] INFO  server.RaftServer$Division (RaftServerImpl.java:requestVote(1078)) - bce623f1-3c31-45ef-9861-869f671ae311@group-3123CD3C107D replies to ELECTION vote request: c038e53c-4808-40a4-bcac-87a6adf6dbd8<-bce623f1-3c31-45ef-9861-869f671ae311#0:FAIL-t5. Peer's state: bce623f1-3c31-45ef-9861-869f671ae311@group-3123CD3C107D:t5, leader=null, voted=null, raftlog=bce623f1-3c31-45ef-9861-869f671ae311@group-3123CD3C107D-SegmentedRaftLog:OPENED:c-1, conf=-1: [c038e53c-4808-40a4-bcac-87a6adf6dbd8|rpc:10.1.0.16:46879|priority:0, 5f24cb3a-787a-4f69-a830-2d3d8b70745a|rpc:10.1.0.16:34579|priority:0, bce623f1-3c31-45ef-9861-869f671ae311|rpc:10.1.0.16:38881|priority:1], old=null
2021-11-15 19:21:37,243 [grpc-default-executor-2] INFO  server.RaftServer$Division (RaftServerImpl.java:requestVote(1078)) - 5f24cb3a-787a-4f69-a830-2d3d8b70745a@group-3123CD3C107D replies to ELECTION vote request: c038e53c-4808-40a4-bcac-87a6adf6dbd8<-5f24cb3a-787a-4f69-a830-2d3d8b70745a#0:OK-t5. Peer's state: 5f24cb3a-787a-4f69-a830-2d3d8b70745a@group-3123CD3C107D:t5, leader=null, voted=c038e53c-4808-40a4-bcac-87a6adf6dbd8, raftlog=5f24cb3a-787a-4f69-a830-2d3d8b70745a@group-3123CD3C107D-SegmentedRaftLog:OPENED:c-1, conf=-1: [c038e53c-4808-40a4-bcac-87a6adf6dbd8|rpc:10.1.0.16:46879|dataStream:|priority:0, 5f24cb3a-787a-4f69-a830-2d3d8b70745a|rpc:10.1.0.16:34579|dataStream:|priority:0, bce623f1-3c31-45ef-9861-869f671ae311|rpc:10.1.0.16:38881|dataStream:|priority:1], old=null
2021-11-15 19:21:37,243 [c038e53c-4808-40a4-bcac-87a6adf6dbd8@group-3123CD3C107D-LeaderElection26] INFO  impl.LeaderElection (LeaderElection.java:logAndReturn(89)) - c038e53c-4808-40a4-bcac-87a6adf6dbd8@group-3123CD3C107D-LeaderElection26: ELECTION REJECTED received 1 response(s) and 0 exception(s):
2021-11-15 19:21:37,243 [c038e53c-4808-40a4-bcac-87a6adf6dbd8@group-3123CD3C107D-LeaderElection26] INFO  impl.LeaderElection (LeaderElection.java:logAndReturn(93)) -   Response 0: c038e53c-4808-40a4-bcac-87a6adf6dbd8<-bce623f1-3c31-45ef-9861-869f671ae311#0:FAIL-t5
2021-11-15 19:21:37,243 [c038e53c-4808-40a4-bcac-87a6adf6dbd8@group-3123CD3C107D-LeaderElection26] INFO  impl.LeaderElection (LeaderElection.java:askForVotes(308)) - c038e53c-4808-40a4-bcac-87a6adf6dbd8@group-3123CD3C107D-LeaderElection26 ELECTION round 0: result REJECTED
2021-11-15 19:21:37,243 [c038e53c-4808-40a4-bcac-87a6adf6dbd8@group-3123CD3C107D-LeaderElection26] INFO  server.RaftServer$Division (RaftServerImpl.java:setRole(290)) - c038e53c-4808-40a4-bcac-87a6adf6dbd8@group-3123CD3C107D: changes role from CANDIDATE to FOLLOWER at term 5 for REJECTED
2021-11-15 19:21:37,243 [c038e53c-4808-40a4-bcac-87a6adf6dbd8@group-3123CD3C107D-LeaderElection26] INFO  impl.RoleInfo (RoleInfo.java:shutdownLeaderElection(121)) - c038e53c-4808-40a4-bcac-87a6adf6dbd8: shutdown c038e53c-4808-40a4-bcac-87a6adf6dbd8@group-3123CD3C107D-LeaderElection26
2021-11-15 19:21:37,243 [c038e53c-4808-40a4-bcac-87a6adf6dbd8@group-3123CD3C107D-LeaderElection26] INFO  impl.RoleInfo (RoleInfo.java:updateAndGet(130)) - c038e53c-4808-40a4-bcac-87a6adf6dbd8: start c038e53c-4808-40a4-bcac-87a6adf6dbd8@group-3123CD3C107D-FollowerState
2021-11-15 19:21:37,676 [Command processor thread] INFO  server.RaftServer (RaftServerProxy.java:addNew(95)) - 1d1c653c-c24c-4f9f-93f8-363bcaedc7a6: addNew group-614A0F279F51:[72af5abb-0a78-4b64-9517-3021125997b8|rpc:10.1.0.16:45855|priority:0, 1d1c653c-c24c-4f9f-93f8-363bcaedc7a6|rpc:10.1.0.16:44043|priority:0, 087c2b0c-5b45-457f-ac23-38cb521b1b9c|rpc:10.1.0.16:32799|priority:1] returns group-614A0F279F51:java.util.concurrent.CompletableFuture@20f597cb[Not completed]
2021-11-15 19:21:37,677 [pool-112-thread-1] INFO  server.RaftServer$Division (RaftServerImpl.java:<init>(184)) - 1d1c653c-c24c-4f9f-93f8-363bcaedc7a6: new RaftServerImpl for group-614A0F279F51:[72af5abb-0a78-4b64-9517-3021125997b8|rpc:10.1.0.16:45855|priority:0, 1d1c653c-c24c-4f9f-93f8-363bcaedc7a6|rpc:10.1.0.16:44043|priority:0, 087c2b0c-5b45-457f-ac23-38cb521b1b9c|rpc:10.1.0.16:32799|priority:1] with ContainerStateMachine:uninitialized
2021-11-15 19:21:37,677 [pool-112-thread-1] INFO  server.RaftServerConfigKeys (ConfUtils.java:logGet(44)) - raft.server.rpc.timeout.min = 5s (custom)
2021-11-15 19:21:37,677 [pool-112-thread-1] INFO  server.RaftServerConfigKeys (ConfUtils.java:logGet(44)) - raft.server.rpc.timeout.max = 5200ms (custom)
2021-11-15 19:21:37,677 [pool-112-thread-1] INFO  server.RaftServerConfigKeys (ConfUtils.java:logGet(44)) - raft.server.rpc.sleep.time = 25ms (default)
2021-11-15 19:21:37,677 [pool-112-thread-1] INFO  server.RaftServerConfigKeys (ConfUtils.java:logGet(44)) - raft.server.rpc.slowness.timeout = 300000ms (custom)
2021-11-15 19:21:37,677 [pool-112-thread-1] INFO  server.RaftServerConfigKeys (ConfUtils.java:logGet(44)) - raft.server.leaderelection.leader.step-down.wait-time = 10s (default)
2021-11-15 19:21:37,677 [pool-112-thread-1] INFO  server.RaftServerConfigKeys (ConfUtils.java:logGet(44)) - raft.server.sleep.deviation.threshold = 300ms (default)
2021-11-15 19:21:37,677 [pool-112-thread-1] INFO  server.RaftServerConfigKeys (ConfUtils.java:logGet(44)) - raft.server.log.appender.install.snapshot.enabled = false (custom)
2021-11-15 19:21:37,677 [pool-112-thread-1] INFO  server.RaftServer$Division (ServerState.java:<init>(105)) - 1d1c653c-c24c-4f9f-93f8-363bcaedc7a6@group-614A0F279F51: ConfigurationManager, init=-1: [72af5abb-0a78-4b64-9517-3021125997b8|rpc:10.1.0.16:45855|priority:0, 1d1c653c-c24c-4f9f-93f8-363bcaedc7a6|rpc:10.1.0.16:44043|priority:0, 087c2b0c-5b45-457f-ac23-38cb521b1b9c|rpc:10.1.0.16:32799|priority:1], old=null, confs=<EMPTY_MAP>
2021-11-15 19:21:37,677 [pool-112-thread-1] INFO  server.RaftServerConfigKeys (ConfUtils.java:logGet(44)) - raft.server.storage.dir = [/home/runner/work/ozone/ozone/hadoop-ozone/integration-test/target/test-dir/MiniOzoneClusterImpl-edab3eb4-5721-4c35-be90-debfdbe0e37e/datanode-3/data/ratis] (custom)
2021-11-15 19:21:37,678 [pool-112-thread-1] INFO  server.RaftServerConfigKeys (ConfUtils.java:logGet(44)) - raft.server.log.corruption.policy = EXCEPTION (default)
2021-11-15 19:21:37,678 [pool-112-thread-1] INFO  server.RaftServerConfigKeys (ConfUtils.java:logGet(44)) - raft.server.storage.free-space.min = 0MB (=0) (default)
2021-11-15 19:21:37,678 [pool-112-thread-1] INFO  storage.RaftStorageDirectory (RaftStorageDirectoryImpl.java:analyzeStorage(135)) - The storage directory /home/runner/work/ozone/ozone/hadoop-ozone/integration-test/target/test-dir/MiniOzoneClusterImpl-edab3eb4-5721-4c35-be90-debfdbe0e37e/datanode-3/data/ratis/ccacdba9-3741-41e6-9681-614a0f279f51 does not exist. Creating ...
2021-11-15 19:21:37,679 [pool-112-thread-1] INFO  storage.RaftStorageDirectory (RaftStorageDirectoryImpl.java:tryLock(230)) - Lock on /home/runner/work/ozone/ozone/hadoop-ozone/integration-test/target/test-dir/MiniOzoneClusterImpl-edab3eb4-5721-4c35-be90-debfdbe0e37e/datanode-3/data/ratis/ccacdba9-3741-41e6-9681-614a0f279f51/in_use.lock acquired by nodename 2800@fv-az151-339
2021-11-15 19:21:37,681 [pool-112-thread-1] INFO  storage.RaftStorage (RaftStorageImpl.java:format(89)) - Storage directory /home/runner/work/ozone/ozone/hadoop-ozone/integration-test/target/test-dir/MiniOzoneClusterImpl-edab3eb4-5721-4c35-be90-debfdbe0e37e/datanode-3/data/ratis/ccacdba9-3741-41e6-9681-614a0f279f51 has been successfully formatted.
2021-11-15 19:21:37,681 [pool-112-thread-1] INFO  ratis.ContainerStateMachine (ContainerStateMachine.java:loadSnapshot(224)) - group-614A0F279F51: The snapshot info is null. Setting the last applied indexto:(t:0, i:~)
2021-11-15 19:21:37,681 [pool-112-thread-1] INFO  server.RaftServerConfigKeys (ConfUtils.java:logGet(44)) - raft.server.notification.no-leader.timeout = 300000ms (custom)
2021-11-15 19:21:37,681 [pool-112-thread-1] INFO  server.RaftServerConfigKeys (ConfUtils.java:logGet(44)) - raft.server.log.use.memory = false (default)
2021-11-15 19:21:37,682 [pool-112-thread-1] INFO  server.RaftServerConfigKeys (ConfUtils.java:logGet(44)) - raft.server.log.purge.gap = 1000000 (custom)
2021-11-15 19:21:37,682 [pool-112-thread-1] INFO  server.RaftServerConfigKeys (ConfUtils.java:logGet(44)) - raft.server.log.appender.buffer.byte-limit = 33554432 (custom)
2021-11-15 19:21:37,682 [pool-112-thread-1] INFO  server.RaftServerConfigKeys (ConfUtils.java:logGet(44)) - raft.server.log.segment.size.max = 1048576 (custom)
2021-11-15 19:21:37,682 [pool-112-thread-1] INFO  server.RaftServerConfigKeys (ConfUtils.java:logGet(44)) - raft.server.log.segment.cache.num.max = 2 (custom)
2021-11-15 19:21:37,683 [pool-112-thread-1] INFO  server.RaftServerConfigKeys (ConfUtils.java:logGet(44)) - raft.server.log.segment.cache.size.max = 200MB (=209715200) (default)
2021-11-15 19:21:37,683 [pool-112-thread-1] INFO  segmented.SegmentedRaftLogWorker (SegmentedRaftLogWorker.java:<init>(182)) - new 1d1c653c-c24c-4f9f-93f8-363bcaedc7a6@group-614A0F279F51-SegmentedRaftLogWorker for RaftStorageImpl:Storage Directory /home/runner/work/ozone/ozone/hadoop-ozone/integration-test/target/test-dir/MiniOzoneClusterImpl-edab3eb4-5721-4c35-be90-debfdbe0e37e/datanode-3/data/ratis/ccacdba9-3741-41e6-9681-614a0f279f51
2021-11-15 19:21:37,683 [pool-112-thread-1] INFO  server.RaftServerConfigKeys (ConfUtils.java:logGet(44)) - raft.server.log.queue.byte-limit = 2147483647 (custom)
2021-11-15 19:21:37,683 [pool-112-thread-1] INFO  server.RaftServerConfigKeys (ConfUtils.java:logGet(44)) - raft.server.log.queue.element-limit = 1024 (custom)
2021-11-15 19:21:37,683 [pool-112-thread-1] INFO  server.RaftServerConfigKeys (ConfUtils.java:logGet(44)) - raft.server.log.segment.size.max = 1048576 (custom)
2021-11-15 19:21:37,683 [pool-112-thread-1] INFO  server.RaftServerConfigKeys (ConfUtils.java:logGet(44)) - raft.server.log.preallocated.size = 16384 (custom)
2021-11-15 19:21:37,683 [pool-112-thread-1] INFO  server.RaftServerConfigKeys (ConfUtils.java:logGet(44)) - raft.server.log.force.sync.num = 128 (default)
2021-11-15 19:21:37,683 [pool-112-thread-1] INFO  server.RaftServerConfigKeys (ConfUtils.java:logGet(44)) - raft.server.log.statemachine.data.sync = true (default)
2021-11-15 19:21:37,683 [pool-112-thread-1] INFO  server.RaftServerConfigKeys (ConfUtils.java:logGet(44)) - raft.server.log.statemachine.data.sync.timeout = 10s (default)
2021-11-15 19:21:37,683 [pool-112-thread-1] INFO  server.RaftServerConfigKeys (ConfUtils.java:logGet(44)) - raft.server.log.statemachine.data.sync.timeout.retry = -1 (default)
2021-11-15 19:21:37,684 [pool-112-thread-1] INFO  server.RaftServerConfigKeys (ConfUtils.java:logGet(44)) - raft.server.log.write.buffer.size = 1048576 (custom)
2021-11-15 19:21:37,685 [pool-112-thread-1] INFO  server.RaftServerConfigKeys (ConfUtils.java:logGet(44)) - raft.server.log.statemachine.data.caching.enabled = true (custom)
2021-11-15 19:21:37,685 [pool-112-thread-1] INFO  segmented.SegmentedRaftLogWorker (SegmentedRaftLogWorker.java:lambda$new$0(133)) - 1d1c653c-c24c-4f9f-93f8-363bcaedc7a6@group-614A0F279F51-SegmentedRaftLogWorker: flushIndex: setUnconditionally 0 -> -1
2021-11-15 19:21:37,685 [pool-112-thread-1] INFO  segmented.SegmentedRaftLogWorker (SegmentedRaftLogWorker.java:lambda$new$0(133)) - 1d1c653c-c24c-4f9f-93f8-363bcaedc7a6@group-614A0F279F51-SegmentedRaftLogWorker: safeCacheEvictIndex: setUnconditionally 0 -> -1
2021-11-15 19:21:37,688 [pool-112-thread-1] INFO  server.RaftServerConfigKeys (ConfUtils.java:logGet(44)) - raft.server.snapshot.auto.trigger.enabled = true (custom)
2021-11-15 19:21:37,688 [pool-112-thread-1] INFO  server.RaftServerConfigKeys (ConfUtils.java:logGet(44)) - raft.server.snapshot.auto.trigger.threshold = 10000 (custom)
2021-11-15 19:21:37,688 [pool-112-thread-1] INFO  server.RaftServerConfigKeys (ConfUtils.java:logGet(44)) - raft.server.snapshot.retention.file.num = 5 (custom)
2021-11-15 19:21:37,688 [pool-112-thread-1] INFO  server.RaftServerConfigKeys (ConfUtils.java:logGet(44)) - raft.server.log.purge.upto.snapshot.index = false (default)
2021-11-15 19:21:37,688 [pool-112-thread-1] INFO  server.RaftServerConfigKeys (ConfUtils.java:logGet(44)) - raft.server.retrycache.expirytime = 600000ms (custom)
2021-11-15 19:21:37,688 [pool-112-thread-1] INFO  server.RaftServerConfigKeys (ConfUtils.java:logGet(44)) - raft.server.retrycache.statistics.expirytime = 100μs (default)
2021-11-15 19:21:37,689 [pool-112-thread-1] INFO  server.RaftServer$Division (RaftServerImpl.java:start(301)) - 1d1c653c-c24c-4f9f-93f8-363bcaedc7a6@group-614A0F279F51: start as a follower, conf=-1: [72af5abb-0a78-4b64-9517-3021125997b8|rpc:10.1.0.16:45855|priority:0, 1d1c653c-c24c-4f9f-93f8-363bcaedc7a6|rpc:10.1.0.16:44043|priority:0, 087c2b0c-5b45-457f-ac23-38cb521b1b9c|rpc:10.1.0.16:32799|priority:1], old=null
2021-11-15 19:21:37,689 [pool-112-thread-1] INFO  server.RaftServer$Division (RaftServerImpl.java:setRole(290)) - 1d1c653c-c24c-4f9f-93f8-363bcaedc7a6@group-614A0F279F51: changes role from      null to FOLLOWER at term 0 for startAsFollower
2021-11-15 19:21:37,690 [pool-112-thread-1] INFO  impl.RoleInfo (RoleInfo.java:updateAndGet(130)) - 1d1c653c-c24c-4f9f-93f8-363bcaedc7a6: start 1d1c653c-c24c-4f9f-93f8-363bcaedc7a6@group-614A0F279F51-FollowerState
2021-11-15 19:21:37,694 [pool-112-thread-1] INFO  util.JmxRegister (JmxRegister.java:tryRegister(44)) - Successfully registered JMX Bean with object name Ratis:service=RaftServer,group=group-614A0F279F51,id=1d1c653c-c24c-4f9f-93f8-363bcaedc7a6
2021-11-15 19:21:37,704 [Command processor thread] INFO  ratis.XceiverServerRatis (XceiverServerRatis.java:addGroup(768)) - Created group PipelineID=ccacdba9-3741-41e6-9681-614a0f279f51
2021-11-15 19:21:37,714 [grpc-default-executor-0] INFO  server.RaftServer (RaftServerProxy.java:addNew(95)) - 087c2b0c-5b45-457f-ac23-38cb521b1b9c: addNew group-614A0F279F51:[72af5abb-0a78-4b64-9517-3021125997b8|rpc:10.1.0.16:45855|dataStream:|priority:0, 1d1c653c-c24c-4f9f-93f8-363bcaedc7a6|rpc:10.1.0.16:44043|dataStream:|priority:0, 087c2b0c-5b45-457f-ac23-38cb521b1b9c|rpc:10.1.0.16:32799|dataStream:|priority:1] returns group-614A0F279F51:java.util.concurrent.CompletableFuture@6e0c2b8[Not completed]
2021-11-15 19:21:37,715 [pool-169-thread-1] INFO  server.RaftServer$Division (RaftServerImpl.java:<init>(184)) - 087c2b0c-5b45-457f-ac23-38cb521b1b9c: new RaftServerImpl for group-614A0F279F51:[72af5abb-0a78-4b64-9517-3021125997b8|rpc:10.1.0.16:45855|dataStream:|priority:0, 1d1c653c-c24c-4f9f-93f8-363bcaedc7a6|rpc:10.1.0.16:44043|dataStream:|priority:0, 087c2b0c-5b45-457f-ac23-38cb521b1b9c|rpc:10.1.0.16:32799|dataStream:|priority:1] with ContainerStateMachine:uninitialized
2021-11-15 19:21:37,715 [pool-169-thread-1] INFO  server.RaftServerConfigKeys (ConfUtils.java:logGet(44)) - raft.server.rpc.timeout.min = 5s (custom)
2021-11-15 19:21:37,715 [pool-169-thread-1] INFO  server.RaftServerConfigKeys (ConfUtils.java:logGet(44)) - raft.server.rpc.timeout.max = 5200ms (custom)
2021-11-15 19:21:37,715 [pool-169-thread-1] INFO  server.RaftServerConfigKeys (ConfUtils.java:logGet(44)) - raft.server.rpc.sleep.time = 25ms (default)
2021-11-15 19:21:37,715 [pool-169-thread-1] INFO  server.RaftServerConfigKeys (ConfUtils.java:logGet(44)) - raft.server.rpc.slowness.timeout = 300000ms (custom)
2021-11-15 19:21:37,715 [pool-169-thread-1] INFO  server.RaftServerConfigKeys (ConfUtils.java:logGet(44)) - raft.server.leaderelection.leader.step-down.wait-time = 10s (default)
2021-11-15 19:21:37,715 [pool-169-thread-1] INFO  server.RaftServerConfigKeys (ConfUtils.java:logGet(44)) - raft.server.sleep.deviation.threshold = 300ms (default)
2021-11-15 19:21:37,715 [pool-169-thread-1] INFO  server.RaftServerConfigKeys (ConfUtils.java:logGet(44)) - raft.server.log.appender.install.snapshot.enabled = false (custom)
2021-11-15 19:21:37,716 [pool-169-thread-1] INFO  server.RaftServer$Division (ServerState.java:<init>(105)) - 087c2b0c-5b45-457f-ac23-38cb521b1b9c@group-614A0F279F51: ConfigurationManager, init=-1: [72af5abb-0a78-4b64-9517-3021125997b8|rpc:10.1.0.16:45855|dataStream:|priority:0, 1d1c653c-c24c-4f9f-93f8-363bcaedc7a6|rpc:10.1.0.16:44043|dataStream:|priority:0, 087c2b0c-5b45-457f-ac23-38cb521b1b9c|rpc:10.1.0.16:32799|dataStream:|priority:1], old=null, confs=<EMPTY_MAP>
2021-11-15 19:21:37,716 [pool-169-thread-1] INFO  server.RaftServerConfigKeys (ConfUtils.java:logGet(44)) - raft.server.storage.dir = [/home/runner/work/ozone/ozone/hadoop-ozone/integration-test/target/test-dir/MiniOzoneClusterImpl-edab3eb4-5721-4c35-be90-debfdbe0e37e/datanode-6/data/ratis] (custom)
2021-11-15 19:21:37,716 [pool-169-thread-1] INFO  server.RaftServerConfigKeys (ConfUtils.java:logGet(44)) - raft.server.log.corruption.policy = EXCEPTION (default)
2021-11-15 19:21:37,716 [pool-169-thread-1] INFO  server.RaftServerConfigKeys (ConfUtils.java:logGet(44)) - raft.server.storage.free-space.min = 0MB (=0) (default)
2021-11-15 19:21:37,716 [pool-169-thread-1] INFO  storage.RaftStorageDirectory (RaftStorageDirectoryImpl.java:analyzeStorage(135)) - The storage directory /home/runner/work/ozone/ozone/hadoop-ozone/integration-test/target/test-dir/MiniOzoneClusterImpl-edab3eb4-5721-4c35-be90-debfdbe0e37e/datanode-6/data/ratis/ccacdba9-3741-41e6-9681-614a0f279f51 does not exist. Creating ...
2021-11-15 19:21:37,717 [pool-169-thread-1] INFO  storage.RaftStorageDirectory (RaftStorageDirectoryImpl.java:tryLock(230)) - Lock on /home/runner/work/ozone/ozone/hadoop-ozone/integration-test/target/test-dir/MiniOzoneClusterImpl-edab3eb4-5721-4c35-be90-debfdbe0e37e/datanode-6/data/ratis/ccacdba9-3741-41e6-9681-614a0f279f51/in_use.lock acquired by nodename 2800@fv-az151-339
2021-11-15 19:21:37,720 [pool-169-thread-1] INFO  storage.RaftStorage (RaftStorageImpl.java:format(89)) - Storage directory /home/runner/work/ozone/ozone/hadoop-ozone/integration-test/target/test-dir/MiniOzoneClusterImpl-edab3eb4-5721-4c35-be90-debfdbe0e37e/datanode-6/data/ratis/ccacdba9-3741-41e6-9681-614a0f279f51 has been successfully formatted.
2021-11-15 19:21:37,720 [pool-169-thread-1] INFO  ratis.ContainerStateMachine (ContainerStateMachine.java:loadSnapshot(224)) - group-614A0F279F51: The snapshot info is null. Setting the last applied indexto:(t:0, i:~)
2021-11-15 19:21:37,721 [pool-169-thread-1] INFO  server.RaftServerConfigKeys (ConfUtils.java:logGet(44)) - raft.server.notification.no-leader.timeout = 300000ms (custom)
2021-11-15 19:21:37,721 [pool-169-thread-1] INFO  server.RaftServerConfigKeys (ConfUtils.java:logGet(44)) - raft.server.log.use.memory = false (default)
2021-11-15 19:21:37,721 [pool-169-thread-1] INFO  server.RaftServerConfigKeys (ConfUtils.java:logGet(44)) - raft.server.log.purge.gap = 1000000 (custom)
2021-11-15 19:21:37,721 [pool-169-thread-1] INFO  server.RaftServerConfigKeys (ConfUtils.java:logGet(44)) - raft.server.log.appender.buffer.byte-limit = 33554432 (custom)
2021-11-15 19:21:37,723 [pool-169-thread-1] INFO  server.RaftServerConfigKeys (ConfUtils.java:logGet(44)) - raft.server.log.segment.size.max = 1048576 (custom)
2021-11-15 19:21:37,723 [pool-169-thread-1] INFO  server.RaftServerConfigKeys (ConfUtils.java:logGet(44)) - raft.server.log.segment.cache.num.max = 2 (custom)
2021-11-15 19:21:37,723 [pool-169-thread-1] INFO  server.RaftServerConfigKeys (ConfUtils.java:logGet(44)) - raft.server.log.segment.cache.size.max = 200MB (=209715200) (default)
2021-11-15 19:21:37,723 [pool-169-thread-1] INFO  segmented.SegmentedRaftLogWorker (SegmentedRaftLogWorker.java:<init>(182)) - new 087c2b0c-5b45-457f-ac23-38cb521b1b9c@group-614A0F279F51-SegmentedRaftLogWorker for RaftStorageImpl:Storage Directory /home/runner/work/ozone/ozone/hadoop-ozone/integration-test/target/test-dir/MiniOzoneClusterImpl-edab3eb4-5721-4c35-be90-debfdbe0e37e/datanode-6/data/ratis/ccacdba9-3741-41e6-9681-614a0f279f51
2021-11-15 19:21:37,723 [pool-169-thread-1] INFO  server.RaftServerConfigKeys (ConfUtils.java:logGet(44)) - raft.server.log.queue.byte-limit = 2147483647 (custom)
2021-11-15 19:21:37,723 [pool-169-thread-1] INFO  server.RaftServerConfigKeys (ConfUtils.java:logGet(44)) - raft.server.log.queue.element-limit = 1024 (custom)
2021-11-15 19:21:37,723 [pool-169-thread-1] INFO  server.RaftServerConfigKeys (ConfUtils.java:logGet(44)) - raft.server.log.segment.size.max = 1048576 (custom)
2021-11-15 19:21:37,723 [pool-169-thread-1] INFO  server.RaftServerConfigKeys (ConfUtils.java:logGet(44)) - raft.server.log.preallocated.size = 16384 (custom)
2021-11-15 19:21:37,723 [pool-169-thread-1] INFO  server.RaftServerConfigKeys (ConfUtils.java:logGet(44)) - raft.server.log.force.sync.num = 128 (default)
2021-11-15 19:21:37,724 [pool-169-thread-1] INFO  server.RaftServerConfigKeys (ConfUtils.java:logGet(44)) - raft.server.log.statemachine.data.sync = true (default)
2021-11-15 19:21:37,724 [pool-169-thread-1] INFO  server.RaftServerConfigKeys (ConfUtils.java:logGet(44)) - raft.server.log.statemachine.data.sync.timeout = 10s (default)
2021-11-15 19:21:37,724 [pool-169-thread-1] INFO  server.RaftServerConfigKeys (ConfUtils.java:logGet(44)) - raft.server.log.statemachine.data.sync.timeout.retry = -1 (default)
2021-11-15 19:21:37,724 [pool-169-thread-1] INFO  server.RaftServerConfigKeys (ConfUtils.java:logGet(44)) - raft.server.log.write.buffer.size = 1048576 (custom)
2021-11-15 19:21:37,725 [pool-169-thread-1] INFO  server.RaftServerConfigKeys (ConfUtils.java:logGet(44)) - raft.server.log.statemachine.data.caching.enabled = true (custom)
2021-11-15 19:21:37,725 [pool-169-thread-1] INFO  segmented.SegmentedRaftLogWorker (SegmentedRaftLogWorker.java:lambda$new$0(133)) - 087c2b0c-5b45-457f-ac23-38cb521b1b9c@group-614A0F279F51-SegmentedRaftLogWorker: flushIndex: setUnconditionally 0 -> -1
2021-11-15 19:21:37,726 [pool-169-thread-1] INFO  segmented.SegmentedRaftLogWorker (SegmentedRaftLogWorker.java:lambda$new$0(133)) - 087c2b0c-5b45-457f-ac23-38cb521b1b9c@group-614A0F279F51-SegmentedRaftLogWorker: safeCacheEvictIndex: setUnconditionally 0 -> -1
2021-11-15 19:21:37,732 [pool-169-thread-1] INFO  server.RaftServerConfigKeys (ConfUtils.java:logGet(44)) - raft.server.snapshot.auto.trigger.enabled = true (custom)
2021-11-15 19:21:37,732 [pool-169-thread-1] INFO  server.RaftServerConfigKeys (ConfUtils.java:logGet(44)) - raft.server.snapshot.auto.trigger.threshold = 10000 (custom)
2021-11-15 19:21:37,732 [pool-169-thread-1] INFO  server.RaftServerConfigKeys (ConfUtils.java:logGet(44)) - raft.server.snapshot.retention.file.num = 5 (custom)
2021-11-15 19:21:37,732 [pool-169-thread-1] INFO  server.RaftServerConfigKeys (ConfUtils.java:logGet(44)) - raft.server.log.purge.upto.snapshot.index = false (default)
2021-11-15 19:21:37,732 [pool-169-thread-1] INFO  server.RaftServerConfigKeys (ConfUtils.java:logGet(44)) - raft.server.retrycache.expirytime = 600000ms (custom)
2021-11-15 19:21:37,732 [pool-169-thread-1] INFO  server.RaftServerConfigKeys (ConfUtils.java:logGet(44)) - raft.server.retrycache.statistics.expirytime = 100μs (default)
2021-11-15 19:21:37,733 [pool-169-thread-1] INFO  server.RaftServer$Division (RaftServerImpl.java:start(301)) - 087c2b0c-5b45-457f-ac23-38cb521b1b9c@group-614A0F279F51: start as a follower, conf=-1: [72af5abb-0a78-4b64-9517-3021125997b8|rpc:10.1.0.16:45855|dataStream:|priority:0, 1d1c653c-c24c-4f9f-93f8-363bcaedc7a6|rpc:10.1.0.16:44043|dataStream:|priority:0, 087c2b0c-5b45-457f-ac23-38cb521b1b9c|rpc:10.1.0.16:32799|dataStream:|priority:1], old=null
2021-11-15 19:21:37,733 [pool-169-thread-1] INFO  server.RaftServer$Division (RaftServerImpl.java:setRole(290)) - 087c2b0c-5b45-457f-ac23-38cb521b1b9c@group-614A0F279F51: changes role from      null to FOLLOWER at term 0 for startAsFollower
2021-11-15 19:21:37,733 [pool-169-thread-1] INFO  impl.RoleInfo (RoleInfo.java:updateAndGet(130)) - 087c2b0c-5b45-457f-ac23-38cb521b1b9c: start 087c2b0c-5b45-457f-ac23-38cb521b1b9c@group-614A0F279F51-FollowerState
2021-11-15 19:21:37,741 [pool-169-thread-1] INFO  util.JmxRegister (JmxRegister.java:tryRegister(44)) - Successfully registered JMX Bean with object name Ratis:service=RaftServer,group=group-614A0F279F51,id=087c2b0c-5b45-457f-ac23-38cb521b1b9c
2021-11-15 19:21:37,757 [Command processor thread] WARN  commandhandler.CreatePipelineCommandHandler (CreatePipelineCommandHandler.java:lambda$handle$1(103)) - Add group failed for 72af5abb-0a78-4b64-9517-3021125997b8{ip: 10.1.0.16, host: fv-az151-339.yf2hydr00wburbhx3j5hxtcipe.bx.internal.cloudapp.net, ports: [REPLICATION=33017, RATIS=45855, RATIS_ADMIN=45855, RATIS_SERVER=45855, STANDALONE=38721], networkLocation: /default-rack, certSerialId: null, persistedOpState: IN_SERVICE, persistedOpStateExpiryEpochSec: 0}
java.io.IOException: org.apache.ratis.thirdparty.io.grpc.StatusRuntimeException: UNAVAILABLE: io exception
	at org.apache.ratis.grpc.GrpcUtil.unwrapException(GrpcUtil.java:92)
	at org.apache.ratis.grpc.client.GrpcClientProtocolClient.blockingCall(GrpcClientProtocolClient.java:218)
	at org.apache.ratis.grpc.client.GrpcClientProtocolClient.groupAdd(GrpcClientProtocolClient.java:179)
	at org.apache.ratis.grpc.client.GrpcClientRpc.sendRequest(GrpcClientRpc.java:96)
	at org.apache.ratis.client.impl.BlockingImpl.sendRequest(BlockingImpl.java:130)
	at org.apache.ratis.client.impl.GroupManagementImpl.add(GroupManagementImpl.java:51)
	at org.apache.hadoop.ozone.container.common.statemachine.commandhandler.CreatePipelineCommandHandler.lambda$handle$1(CreatePipelineCommandHandler.java:99)
	at java.util.stream.ForEachOps$ForEachOp$OfRef.accept(ForEachOps.java:183)
	at java.util.stream.ReferencePipeline$2$1.accept(ReferencePipeline.java:175)
	at java.util.ArrayList$ArrayListSpliterator.forEachRemaining(ArrayList.java:1384)
	at java.util.stream.AbstractPipeline.copyInto(AbstractPipeline.java:482)
	at java.util.stream.AbstractPipeline.wrapAndCopyInto(AbstractPipeline.java:472)
	at java.util.stream.ForEachOps$ForEachOp.evaluateSequential(ForEachOps.java:150)
	at java.util.stream.ForEachOps$ForEachOp$OfRef.evaluateSequential(ForEachOps.java:173)
	at java.util.stream.AbstractPipeline.evaluate(AbstractPipeline.java:234)
	at java.util.stream.ReferencePipeline.forEach(ReferencePipeline.java:485)
	at org.apache.hadoop.ozone.container.common.statemachine.commandhandler.CreatePipelineCommandHandler.handle(CreatePipelineCommandHandler.java:95)
	at org.apache.hadoop.ozone.container.common.statemachine.commandhandler.CommandDispatcher.handle(CommandDispatcher.java:99)
	at org.apache.hadoop.ozone.container.common.statemachine.DatanodeStateMachine.lambda$initCommandHandlerThread$2(DatanodeStateMachine.java:567)
	at java.lang.Thread.run(Thread.java:748)
Caused by: org.apache.ratis.thirdparty.io.grpc.StatusRuntimeException: UNAVAILABLE: io exception
	at org.apache.ratis.thirdparty.io.grpc.stub.ClientCalls.toStatusRuntimeException(ClientCalls.java:262)
	at org.apache.ratis.thirdparty.io.grpc.stub.ClientCalls.getUnchecked(ClientCalls.java:243)
	at org.apache.ratis.thirdparty.io.grpc.stub.ClientCalls.blockingUnaryCall(ClientCalls.java:156)
	at org.apache.ratis.proto.grpc.AdminProtocolServiceGrpc$AdminProtocolServiceBlockingStub.groupManagement(AdminProtocolServiceGrpc.java:413)
	at org.apache.ratis.grpc.client.GrpcClientProtocolClient.lambda$groupAdd$5(GrpcClientProtocolClient.java:181)
	at org.apache.ratis.grpc.client.GrpcClientProtocolClient.blockingCall(GrpcClientProtocolClient.java:216)
	... 18 more
Caused by: org.apache.ratis.thirdparty.io.netty.channel.AbstractChannel$AnnotatedConnectException: finishConnect(..) failed: Connection refused: /10.1.0.16:45855
Caused by: java.net.ConnectException: finishConnect(..) failed: Connection refused
	at org.apache.ratis.thirdparty.io.netty.channel.unix.Errors.newConnectException0(Errors.java:155)
	at org.apache.ratis.thirdparty.io.netty.channel.unix.Errors.handleConnectErrno(Errors.java:128)
	at org.apache.ratis.thirdparty.io.netty.channel.unix.Socket.finishConnect(Socket.java:278)
	at org.apache.ratis.thirdparty.io.netty.channel.epoll.AbstractEpollChannel$AbstractEpollUnsafe.doFinishConnect(AbstractEpollChannel.java:710)
	at org.apache.ratis.thirdparty.io.netty.channel.epoll.AbstractEpollChannel$AbstractEpollUnsafe.finishConnect(AbstractEpollChannel.java:687)
	at org.apache.ratis.thirdparty.io.netty.channel.epoll.AbstractEpollChannel$AbstractEpollUnsafe.epollOutReady(AbstractEpollChannel.java:567)
	at org.apache.ratis.thirdparty.io.netty.channel.epoll.EpollEventLoop.processReady(EpollEventLoop.java:470)
	at org.apache.ratis.thirdparty.io.netty.channel.epoll.EpollEventLoop.run(EpollEventLoop.java:378)
	at org.apache.ratis.thirdparty.io.netty.util.concurrent.SingleThreadEventExecutor$4.run(SingleThreadEventExecutor.java:989)
	at org.apache.ratis.thirdparty.io.netty.util.internal.ThreadExecutorMap$2.run(ThreadExecutorMap.java:74)
	at org.apache.ratis.thirdparty.io.netty.util.concurrent.FastThreadLocalRunnable.run(FastThreadLocalRunnable.java:30)
	at java.lang.Thread.run(Thread.java:748)
2021-11-15 19:21:37,758 [Command processor thread] INFO  commandhandler.CreatePipelineCommandHandler (CreatePipelineCommandHandler.java:handle(106)) - Created Pipeline RATIS THREE PipelineID=ccacdba9-3741-41e6-9681-614a0f279f51.
2021-11-15 19:21:38,062 [1d1c653c-c24c-4f9f-93f8-363bcaedc7a6@group-6011D7D31FA9-FollowerState] INFO  impl.FollowerState (FollowerState.java:run(134)) - 1d1c653c-c24c-4f9f-93f8-363bcaedc7a6@group-6011D7D31FA9-FollowerState: change to CANDIDATE, lastRpcElapsedTime:7561730544ns, electionTimeout:5106ms
2021-11-15 19:21:38,062 [1d1c653c-c24c-4f9f-93f8-363bcaedc7a6@group-6011D7D31FA9-FollowerState] INFO  impl.RoleInfo (RoleInfo.java:shutdownFollowerState(108)) - 1d1c653c-c24c-4f9f-93f8-363bcaedc7a6: shutdown 1d1c653c-c24c-4f9f-93f8-363bcaedc7a6@group-6011D7D31FA9-FollowerState
2021-11-15 19:21:38,062 [1d1c653c-c24c-4f9f-93f8-363bcaedc7a6@group-6011D7D31FA9-FollowerState] INFO  server.RaftServer$Division (RaftServerImpl.java:setRole(290)) - 1d1c653c-c24c-4f9f-93f8-363bcaedc7a6@group-6011D7D31FA9: changes role from  FOLLOWER to CANDIDATE at term 3 for changeToCandidate
2021-11-15 19:21:38,063 [1d1c653c-c24c-4f9f-93f8-363bcaedc7a6@group-6011D7D31FA9-FollowerState] INFO  server.RaftServerConfigKeys (ConfUtils.java:logGet(44)) - raft.server.leaderelection.pre-vote = false (custom)
2021-11-15 19:21:38,063 [1d1c653c-c24c-4f9f-93f8-363bcaedc7a6@group-6011D7D31FA9-FollowerState] INFO  impl.RoleInfo (RoleInfo.java:updateAndGet(130)) - 1d1c653c-c24c-4f9f-93f8-363bcaedc7a6: start 1d1c653c-c24c-4f9f-93f8-363bcaedc7a6@group-6011D7D31FA9-LeaderElection27
2021-11-15 19:21:38,076 [1d1c653c-c24c-4f9f-93f8-363bcaedc7a6@group-6011D7D31FA9-LeaderElection27] INFO  server.RaftServer$Division (ServerState.java:setLeader(285)) - 1d1c653c-c24c-4f9f-93f8-363bcaedc7a6@group-6011D7D31FA9: change Leader from 72af5abb-0a78-4b64-9517-3021125997b8 to null at term 3 for ELECTION
2021-11-15 19:21:38,077 [1d1c653c-c24c-4f9f-93f8-363bcaedc7a6@group-6011D7D31FA9-LeaderElection27] INFO  impl.LeaderElection (LeaderElection.java:askForVotes(306)) - 1d1c653c-c24c-4f9f-93f8-363bcaedc7a6@group-6011D7D31FA9-LeaderElection27 ELECTION round 0: submit vote requests at term 4 for 0: [72af5abb-0a78-4b64-9517-3021125997b8|rpc:10.1.0.16:45855|dataStream:|priority:0, 1d1c653c-c24c-4f9f-93f8-363bcaedc7a6|rpc:10.1.0.16:44043|dataStream:|priority:0, d87a46af-94f7-42aa-b022-652610ab08cb|rpc:10.1.0.16:36541|dataStream:|priority:1], old=null
2021-11-15 19:21:38,084 [1d1c653c-c24c-4f9f-93f8-363bcaedc7a6@group-6011D7D31FA9-LeaderElection27] INFO  impl.LeaderElection (LogUtils.java:infoOrTrace(137)) - 1d1c653c-c24c-4f9f-93f8-363bcaedc7a6@group-6011D7D31FA9-LeaderElection27 got exception when requesting votes: java.util.concurrent.ExecutionException: org.apache.ratis.thirdparty.io.grpc.StatusRuntimeException: UNAVAILABLE: io exception
2021-11-15 19:21:38,088 [1d1c653c-c24c-4f9f-93f8-363bcaedc7a6@group-6011D7D31FA9-LeaderElection27] INFO  impl.LeaderElection (LogUtils.java:infoOrTrace(137)) - 1d1c653c-c24c-4f9f-93f8-363bcaedc7a6@group-6011D7D31FA9-LeaderElection27 got exception when requesting votes: java.util.concurrent.ExecutionException: org.apache.ratis.thirdparty.io.grpc.StatusRuntimeException: UNAVAILABLE: io exception
2021-11-15 19:21:38,088 [1d1c653c-c24c-4f9f-93f8-363bcaedc7a6@group-6011D7D31FA9-LeaderElection27] INFO  impl.LeaderElection (LeaderElection.java:logAndReturn(89)) - 1d1c653c-c24c-4f9f-93f8-363bcaedc7a6@group-6011D7D31FA9-LeaderElection27: ELECTION REJECTED received 0 response(s) and 2 exception(s):
2021-11-15 19:21:38,088 [1d1c653c-c24c-4f9f-93f8-363bcaedc7a6@group-6011D7D31FA9-LeaderElection27] INFO  impl.LeaderElection (LogUtils.java:infoOrTrace(137)) -   Exception 0: java.util.concurrent.ExecutionException: org.apache.ratis.thirdparty.io.grpc.StatusRuntimeException: UNAVAILABLE: io exception
2021-11-15 19:21:38,088 [1d1c653c-c24c-4f9f-93f8-363bcaedc7a6@group-6011D7D31FA9-LeaderElection27] INFO  impl.LeaderElection (LogUtils.java:infoOrTrace(137)) -   Exception 1: java.util.concurrent.ExecutionException: org.apache.ratis.thirdparty.io.grpc.StatusRuntimeException: UNAVAILABLE: io exception
2021-11-15 19:21:38,088 [1d1c653c-c24c-4f9f-93f8-363bcaedc7a6@group-6011D7D31FA9-LeaderElection27] INFO  impl.LeaderElection (LeaderElection.java:askForVotes(308)) - 1d1c653c-c24c-4f9f-93f8-363bcaedc7a6@group-6011D7D31FA9-LeaderElection27 ELECTION round 0: result REJECTED
2021-11-15 19:21:38,088 [1d1c653c-c24c-4f9f-93f8-363bcaedc7a6@group-6011D7D31FA9-LeaderElection27] INFO  server.RaftServer$Division (RaftServerImpl.java:setRole(290)) - 1d1c653c-c24c-4f9f-93f8-363bcaedc7a6@group-6011D7D31FA9: changes role from CANDIDATE to FOLLOWER at term 4 for REJECTED
2021-11-15 19:21:38,088 [1d1c653c-c24c-4f9f-93f8-363bcaedc7a6@group-6011D7D31FA9-LeaderElection27] INFO  impl.RoleInfo (RoleInfo.java:shutdownLeaderElection(121)) - 1d1c653c-c24c-4f9f-93f8-363bcaedc7a6: shutdown 1d1c653c-c24c-4f9f-93f8-363bcaedc7a6@group-6011D7D31FA9-LeaderElection27
2021-11-15 19:21:38,089 [1d1c653c-c24c-4f9f-93f8-363bcaedc7a6@group-6011D7D31FA9-LeaderElection27] INFO  impl.RoleInfo (RoleInfo.java:updateAndGet(130)) - 1d1c653c-c24c-4f9f-93f8-363bcaedc7a6: start 1d1c653c-c24c-4f9f-93f8-363bcaedc7a6@group-6011D7D31FA9-FollowerState
2021-11-15 19:21:38,676 [EventQueue-DeadNodeForDeadNodeHandler] INFO  node.DeadNodeHandler (DeadNodeHandler.java:onMessage(80)) - A dead datanode is detected. d87a46af-94f7-42aa-b022-652610ab08cb{ip: 10.1.0.16, host: fv-az151-339.yf2hydr00wburbhx3j5hxtcipe.bx.internal.cloudapp.net, ports: [REPLICATION=42181, RATIS=36541, RATIS_ADMIN=36541, RATIS_SERVER=36541, STANDALONE=40489], networkLocation: /default-rack, certSerialId: null, persistedOpState: IN_SERVICE, persistedOpStateExpiryEpochSec: 0}
2021-11-15 19:21:38,677 [EventQueue-DeadNodeForDeadNodeHandler] INFO  pipeline.RatisPipelineProvider (RatisPipelineProvider.java:lambda$close$1(222)) - Send pipeline:PipelineID=ffb0f6a7-cf28-4210-b9d6-6011d7d31fa9 close command to datanode 1d1c653c-c24c-4f9f-93f8-363bcaedc7a6
2021-11-15 19:21:38,677 [EventQueue-DeadNodeForDeadNodeHandler] INFO  pipeline.RatisPipelineProvider (RatisPipelineProvider.java:lambda$close$1(222)) - Send pipeline:PipelineID=ffb0f6a7-cf28-4210-b9d6-6011d7d31fa9 close command to datanode d87a46af-94f7-42aa-b022-652610ab08cb
2021-11-15 19:21:38,677 [EventQueue-DeadNodeForDeadNodeHandler] INFO  pipeline.RatisPipelineProvider (RatisPipelineProvider.java:lambda$close$1(222)) - Send pipeline:PipelineID=ffb0f6a7-cf28-4210-b9d6-6011d7d31fa9 close command to datanode 72af5abb-0a78-4b64-9517-3021125997b8
2021-11-15 19:21:38,679 [EventQueue-DeadNodeForDeadNodeHandler] INFO  pipeline.PipelineStateManagerImpl (PipelineStateManagerImpl.java:removePipeline(223)) - Pipeline Pipeline[ Id: ffb0f6a7-cf28-4210-b9d6-6011d7d31fa9, Nodes: 1d1c653c-c24c-4f9f-93f8-363bcaedc7a6{ip: 10.1.0.16, host: fv-az151-339.yf2hydr00wburbhx3j5hxtcipe.bx.internal.cloudapp.net, ports: [REPLICATION=38157, RATIS=44043, RATIS_ADMIN=44043, RATIS_SERVER=44043, STANDALONE=34479], networkLocation: /default-rack, certSerialId: null, persistedOpState: IN_SERVICE, persistedOpStateExpiryEpochSec: 0}d87a46af-94f7-42aa-b022-652610ab08cb{ip: 10.1.0.16, host: fv-az151-339.yf2hydr00wburbhx3j5hxtcipe.bx.internal.cloudapp.net, ports: [REPLICATION=42181, RATIS=36541, RATIS_ADMIN=36541, RATIS_SERVER=36541, STANDALONE=40489], networkLocation: /default-rack, certSerialId: null, persistedOpState: IN_SERVICE, persistedOpStateExpiryEpochSec: 0}72af5abb-0a78-4b64-9517-3021125997b8{ip: 10.1.0.16, host: fv-az151-339.yf2hydr00wburbhx3j5hxtcipe.bx.internal.cloudapp.net, ports: [REPLICATION=33017, RATIS=45855, RATIS_ADMIN=45855, RATIS_SERVER=45855, STANDALONE=38721], networkLocation: /default-rack, certSerialId: null, persistedOpState: IN_SERVICE, persistedOpStateExpiryEpochSec: 0}, ReplicationConfig: RATIS/THREE, State:CLOSED, leaderId:, CreationTimestamp2021-11-15T19:21:09.356Z[Etc/UTC]] removed.
2021-11-15 19:21:38,679 [EventQueue-DeadNodeForDeadNodeHandler] INFO  pipeline.RatisPipelineProvider (RatisPipelineProvider.java:lambda$close$1(222)) - Send pipeline:PipelineID=46048c11-004b-4b6b-9774-b749a3b4ac58 close command to datanode d87a46af-94f7-42aa-b022-652610ab08cb
2021-11-15 19:21:38,679 [EventQueue-DeadNodeForDeadNodeHandler] INFO  pipeline.PipelineStateManagerImpl (PipelineStateManagerImpl.java:removePipeline(223)) - Pipeline Pipeline[ Id: 46048c11-004b-4b6b-9774-b749a3b4ac58, Nodes: d87a46af-94f7-42aa-b022-652610ab08cb{ip: 10.1.0.16, host: fv-az151-339.yf2hydr00wburbhx3j5hxtcipe.bx.internal.cloudapp.net, ports: [REPLICATION=42181, RATIS=36541, RATIS_ADMIN=36541, RATIS_SERVER=36541, STANDALONE=40489], networkLocation: /default-rack, certSerialId: null, persistedOpState: IN_SERVICE, persistedOpStateExpiryEpochSec: 0}, ReplicationConfig: RATIS/ONE, State:CLOSED, leaderId:d87a46af-94f7-42aa-b022-652610ab08cb, CreationTimestamp2021-11-15T19:21:09.141Z[Etc/UTC]] removed.
2021-11-15 19:21:38,679 [EventQueue-DeadNodeForDeadNodeHandler] INFO  pipeline.RatisPipelineProvider (RatisPipelineProvider.java:lambda$close$1(222)) - Send pipeline:PipelineID=9084c998-2231-478f-90fe-7123d4b11fd3 close command to datanode d87a46af-94f7-42aa-b022-652610ab08cb
2021-11-15 19:21:38,680 [EventQueue-DeadNodeForDeadNodeHandler] INFO  pipeline.RatisPipelineProvider (RatisPipelineProvider.java:lambda$close$1(222)) - Send pipeline:PipelineID=9084c998-2231-478f-90fe-7123d4b11fd3 close command to datanode 72af5abb-0a78-4b64-9517-3021125997b8
2021-11-15 19:21:38,680 [EventQueue-DeadNodeForDeadNodeHandler] INFO  pipeline.RatisPipelineProvider (RatisPipelineProvider.java:lambda$close$1(222)) - Send pipeline:PipelineID=9084c998-2231-478f-90fe-7123d4b11fd3 close command to datanode 1d1c653c-c24c-4f9f-93f8-363bcaedc7a6
2021-11-15 19:21:38,681 [EventQueue-DeadNodeForDeadNodeHandler] INFO  pipeline.PipelineStateManagerImpl (PipelineStateManagerImpl.java:removePipeline(223)) - Pipeline Pipeline[ Id: 9084c998-2231-478f-90fe-7123d4b11fd3, Nodes: d87a46af-94f7-42aa-b022-652610ab08cb{ip: 10.1.0.16, host: fv-az151-339.yf2hydr00wburbhx3j5hxtcipe.bx.internal.cloudapp.net, ports: [REPLICATION=42181, RATIS=36541, RATIS_ADMIN=36541, RATIS_SERVER=36541, STANDALONE=40489], networkLocation: /default-rack, certSerialId: null, persistedOpState: IN_SERVICE, persistedOpStateExpiryEpochSec: 0}72af5abb-0a78-4b64-9517-3021125997b8{ip: 10.1.0.16, host: fv-az151-339.yf2hydr00wburbhx3j5hxtcipe.bx.internal.cloudapp.net, ports: [REPLICATION=33017, RATIS=45855, RATIS_ADMIN=45855, RATIS_SERVER=45855, STANDALONE=38721], networkLocation: /default-rack, certSerialId: null, persistedOpState: IN_SERVICE, persistedOpStateExpiryEpochSec: 0}1d1c653c-c24c-4f9f-93f8-363bcaedc7a6{ip: 10.1.0.16, host: fv-az151-339.yf2hydr00wburbhx3j5hxtcipe.bx.internal.cloudapp.net, ports: [REPLICATION=38157, RATIS=44043, RATIS_ADMIN=44043, RATIS_SERVER=44043, STANDALONE=34479], networkLocation: /default-rack, certSerialId: null, persistedOpState: IN_SERVICE, persistedOpStateExpiryEpochSec: 0}, ReplicationConfig: RATIS/THREE, State:CLOSED, leaderId:1d1c653c-c24c-4f9f-93f8-363bcaedc7a6, CreationTimestamp2021-11-15T19:21:09.353Z[Etc/UTC]] removed.
2021-11-15 19:21:38,689 [EventQueue-DeadNodeForDeadNodeHandler] INFO  net.NetworkTopologyImpl (NetworkTopologyImpl.java:remove(137)) - Removed a node: /default-rack/d87a46af-94f7-42aa-b022-652610ab08cb
2021-11-15 19:21:39,189 [grpc-default-executor-0] WARN  server.GrpcLogAppender (LogUtils.java:warn(122)) - 1d1c653c-c24c-4f9f-93f8-363bcaedc7a6@group-7123D4B11FD3->d87a46af-94f7-42aa-b022-652610ab08cb-AppendLogResponseHandler: Failed appendEntries: org.apache.ratis.thirdparty.io.grpc.StatusRuntimeException: UNAVAILABLE: io exception
2021-11-15 19:21:39,190 [grpc-default-executor-0] INFO  leader.FollowerInfo (FollowerInfoImpl.java:lambda$new$0(47)) - 1d1c653c-c24c-4f9f-93f8-363bcaedc7a6@group-7123D4B11FD3->d87a46af-94f7-42aa-b022-652610ab08cb: nextIndex: updateUnconditionally 15 -> 14
2021-11-15 19:21:39,192 [grpc-default-executor-0] WARN  server.GrpcLogAppender (LogUtils.java:warn(122)) - 1d1c653c-c24c-4f9f-93f8-363bcaedc7a6@group-7123D4B11FD3->d87a46af-94f7-42aa-b022-652610ab08cb-AppendLogResponseHandler: Failed appendEntries: org.apache.ratis.thirdparty.io.grpc.StatusRuntimeException: UNAVAILABLE: io exception
2021-11-15 19:21:39,193 [grpc-default-executor-0] INFO  leader.FollowerInfo (FollowerInfoImpl.java:lambda$new$0(47)) - 1d1c653c-c24c-4f9f-93f8-363bcaedc7a6@group-7123D4B11FD3->d87a46af-94f7-42aa-b022-652610ab08cb: nextIndex: updateUnconditionally 15 -> 14
2021-11-15 19:21:39,682 [Command processor thread] INFO  server.RaftServer (RaftServerProxy.java:remove(106)) - 1d1c653c-c24c-4f9f-93f8-363bcaedc7a6: remove  FOLLOWER 1d1c653c-c24c-4f9f-93f8-363bcaedc7a6@group-6011D7D31FA9:t4, leader=null, voted=1d1c653c-c24c-4f9f-93f8-363bcaedc7a6, raftlog=1d1c653c-c24c-4f9f-93f8-363bcaedc7a6@group-6011D7D31FA9-SegmentedRaftLog:OPENED:c0, conf=0: [72af5abb-0a78-4b64-9517-3021125997b8|rpc:10.1.0.16:45855|dataStream:|priority:0, 1d1c653c-c24c-4f9f-93f8-363bcaedc7a6|rpc:10.1.0.16:44043|dataStream:|priority:0, d87a46af-94f7-42aa-b022-652610ab08cb|rpc:10.1.0.16:36541|dataStream:|priority:1], old=null RUNNING
2021-11-15 19:21:39,684 [Command processor thread] INFO  server.RaftServer$Division (RaftServerImpl.java:lambda$close$4(412)) - 1d1c653c-c24c-4f9f-93f8-363bcaedc7a6@group-6011D7D31FA9: shutdown
2021-11-15 19:21:39,684 [Command processor thread] INFO  util.JmxRegister (JmxRegister.java:unregister(73)) - Successfully un-registered JMX Bean with object name Ratis:service=RaftServer,group=group-6011D7D31FA9,id=1d1c653c-c24c-4f9f-93f8-363bcaedc7a6
2021-11-15 19:21:39,684 [Command processor thread] INFO  impl.RoleInfo (RoleInfo.java:shutdownFollowerState(108)) - 1d1c653c-c24c-4f9f-93f8-363bcaedc7a6: shutdown 1d1c653c-c24c-4f9f-93f8-363bcaedc7a6@group-6011D7D31FA9-FollowerState
2021-11-15 19:21:39,684 [grpc-default-executor-0] WARN  server.GrpcLogAppender (LogUtils.java:warn(122)) - 1d1c653c-c24c-4f9f-93f8-363bcaedc7a6@group-7123D4B11FD3->72af5abb-0a78-4b64-9517-3021125997b8-AppendLogResponseHandler: Failed appendEntries: org.apache.ratis.thirdparty.io.grpc.StatusRuntimeException: UNAVAILABLE: io exception
2021-11-15 19:21:39,684 [grpc-default-executor-0] INFO  leader.FollowerInfo (FollowerInfoImpl.java:lambda$new$0(47)) - 1d1c653c-c24c-4f9f-93f8-363bcaedc7a6@group-7123D4B11FD3->72af5abb-0a78-4b64-9517-3021125997b8: nextIndex: updateUnconditionally 18 -> 17
2021-11-15 19:21:39,685 [1d1c653c-c24c-4f9f-93f8-363bcaedc7a6@group-6011D7D31FA9-FollowerState] INFO  impl.FollowerState (FollowerState.java:run(143)) - 1d1c653c-c24c-4f9f-93f8-363bcaedc7a6@group-6011D7D31FA9-FollowerState was interrupted: {}
java.lang.InterruptedException: sleep interrupted
	at java.lang.Thread.sleep(Native Method)
	at java.lang.Thread.sleep(Thread.java:340)
	at java.util.concurrent.TimeUnit.sleep(TimeUnit.java:386)
	at org.apache.ratis.util.TimeDuration.sleep(TimeDuration.java:324)
	at org.apache.ratis.util.TimeDuration.sleep(TimeDuration.java:309)
	at org.apache.ratis.server.impl.FollowerState.run(FollowerState.java:118)
2021-11-15 19:21:39,685 [1d1c653c-c24c-4f9f-93f8-363bcaedc7a6@group-6011D7D31FA9-StateMachineUpdater] INFO  ratis.ContainerStateMachine (ContainerStateMachine.java:takeSnapshot(292)) - group-6011D7D31FA9: Taking a snapshot at:(t:3, i:0) file /home/runner/work/ozone/ozone/hadoop-ozone/integration-test/target/test-dir/MiniOzoneClusterImpl-edab3eb4-5721-4c35-be90-debfdbe0e37e/datanode-3/data/ratis/ffb0f6a7-cf28-4210-b9d6-6011d7d31fa9/sm/snapshot.3_0
2021-11-15 19:21:39,686 [1d1c653c-c24c-4f9f-93f8-363bcaedc7a6@group-6011D7D31FA9-StateMachineUpdater] INFO  ratis.ContainerStateMachine (ContainerStateMachine.java:takeSnapshot(303)) - group-6011D7D31FA9: Finished taking a snapshot at:(t:3, i:0) file:/home/runner/work/ozone/ozone/hadoop-ozone/integration-test/target/test-dir/MiniOzoneClusterImpl-edab3eb4-5721-4c35-be90-debfdbe0e37e/datanode-3/data/ratis/ffb0f6a7-cf28-4210-b9d6-6011d7d31fa9/sm/snapshot.3_0 took: 1 ms
2021-11-15 19:21:39,686 [1d1c653c-c24c-4f9f-93f8-363bcaedc7a6@group-6011D7D31FA9-StateMachineUpdater] INFO  impl.StateMachineUpdater (StateMachineUpdater.java:takeSnapshot(281)) - 1d1c653c-c24c-4f9f-93f8-363bcaedc7a6@group-6011D7D31FA9-StateMachineUpdater: Took a snapshot at index 0
2021-11-15 19:21:39,686 [1d1c653c-c24c-4f9f-93f8-363bcaedc7a6@group-6011D7D31FA9-StateMachineUpdater] INFO  impl.StateMachineUpdater (StateMachineUpdater.java:lambda$new$0(89)) - 1d1c653c-c24c-4f9f-93f8-363bcaedc7a6@group-6011D7D31FA9-StateMachineUpdater: snapshotIndex: updateIncreasingly -1 -> 0
2021-11-15 19:21:39,684 [Command processor thread] INFO  impl.StateMachineUpdater (StateMachineUpdater.java:stopAndJoin(149)) - 1d1c653c-c24c-4f9f-93f8-363bcaedc7a6@group-6011D7D31FA9-StateMachineUpdater: set stopIndex = 0
2021-11-15 19:21:39,688 [Command processor thread] INFO  server.RaftServer$Division (ServerState.java:close(419)) - 1d1c653c-c24c-4f9f-93f8-363bcaedc7a6@group-6011D7D31FA9: closes. applyIndex: 0
2021-11-15 19:21:39,688 [1d1c653c-c24c-4f9f-93f8-363bcaedc7a6@group-6011D7D31FA9-SegmentedRaftLogWorker] INFO  segmented.SegmentedRaftLogWorker (SegmentedRaftLogWorker.java:run(327)) - 1d1c653c-c24c-4f9f-93f8-363bcaedc7a6@group-6011D7D31FA9-SegmentedRaftLogWorker was interrupted, exiting. There are 0 tasks remaining in the queue.
2021-11-15 19:21:39,689 [Command processor thread] INFO  segmented.SegmentedRaftLogWorker (SegmentedRaftLogWorker.java:close(237)) - 1d1c653c-c24c-4f9f-93f8-363bcaedc7a6@group-6011D7D31FA9-SegmentedRaftLogWorker close()
2021-11-15 19:21:39,694 [Command processor thread] INFO  server.RaftServer$Division (RaftServerImpl.java:groupRemove(382)) - 1d1c653c-c24c-4f9f-93f8-363bcaedc7a6@group-6011D7D31FA9: Succeed to remove RaftStorageDirectory Storage Directory /home/runner/work/ozone/ozone/hadoop-ozone/integration-test/target/test-dir/MiniOzoneClusterImpl-edab3eb4-5721-4c35-be90-debfdbe0e37e/datanode-3/data/ratis/ffb0f6a7-cf28-4210-b9d6-6011d7d31fa9
2021-11-15 19:21:39,694 [Command processor thread] INFO  commandhandler.ClosePipelineCommandHandler (ClosePipelineCommandHandler.java:handle(78)) - Close Pipeline PipelineID=ffb0f6a7-cf28-4210-b9d6-6011d7d31fa9 command on datanode 1d1c653c-c24c-4f9f-93f8-363bcaedc7a6.
2021-11-15 19:21:39,694 [Command processor thread] INFO  server.RaftServer (RaftServerProxy.java:remove(106)) - 1d1c653c-c24c-4f9f-93f8-363bcaedc7a6: remove    LEADER 1d1c653c-c24c-4f9f-93f8-363bcaedc7a6@group-7123D4B11FD3:t1, leader=1d1c653c-c24c-4f9f-93f8-363bcaedc7a6, voted=1d1c653c-c24c-4f9f-93f8-363bcaedc7a6, raftlog=1d1c653c-c24c-4f9f-93f8-363bcaedc7a6@group-7123D4B11FD3-SegmentedRaftLog:OPENED:c17, conf=0: [72af5abb-0a78-4b64-9517-3021125997b8|rpc:10.1.0.16:45855|dataStream:|priority:0, 1d1c653c-c24c-4f9f-93f8-363bcaedc7a6|rpc:10.1.0.16:44043|dataStream:|priority:1, d87a46af-94f7-42aa-b022-652610ab08cb|rpc:10.1.0.16:36541|dataStream:|priority:0], old=null RUNNING
2021-11-15 19:21:39,694 [Command processor thread] INFO  server.RaftServer$Division (RaftServerImpl.java:lambda$close$4(412)) - 1d1c653c-c24c-4f9f-93f8-363bcaedc7a6@group-7123D4B11FD3: shutdown
2021-11-15 19:21:39,694 [Command processor thread] INFO  util.JmxRegister (JmxRegister.java:unregister(73)) - Successfully un-registered JMX Bean with object name Ratis:service=RaftServer,group=group-7123D4B11FD3,id=1d1c653c-c24c-4f9f-93f8-363bcaedc7a6
2021-11-15 19:21:39,694 [Command processor thread] INFO  impl.RoleInfo (RoleInfo.java:shutdownLeaderState(91)) - 1d1c653c-c24c-4f9f-93f8-363bcaedc7a6: shutdown 1d1c653c-c24c-4f9f-93f8-363bcaedc7a6@group-7123D4B11FD3-LeaderStateImpl
2021-11-15 19:21:39,695 [1d1c653c-c24c-4f9f-93f8-363bcaedc7a6@group-7123D4B11FD3->d87a46af-94f7-42aa-b022-652610ab08cb-GrpcLogAppender-LogAppenderDaemon] WARN  server.GrpcLogAppender (GrpcLogAppender.java:mayWait(177)) - 1d1c653c-c24c-4f9f-93f8-363bcaedc7a6@group-7123D4B11FD3->d87a46af-94f7-42aa-b022-652610ab08cb-GrpcLogAppender: Wait interrupted by java.lang.InterruptedException
2021-11-15 19:21:39,695 [1d1c653c-c24c-4f9f-93f8-363bcaedc7a6@group-7123D4B11FD3->72af5abb-0a78-4b64-9517-3021125997b8-GrpcLogAppender-LogAppenderDaemon] WARN  server.GrpcLogAppender (GrpcLogAppender.java:mayWait(177)) - 1d1c653c-c24c-4f9f-93f8-363bcaedc7a6@group-7123D4B11FD3->72af5abb-0a78-4b64-9517-3021125997b8-GrpcLogAppender: Wait interrupted by java.lang.InterruptedException
2021-11-15 19:21:39,695 [Command processor thread] INFO  impl.PendingRequests (PendingRequests.java:sendNotLeaderResponses(282)) - 1d1c653c-c24c-4f9f-93f8-363bcaedc7a6@group-7123D4B11FD3-PendingRequests: sendNotLeaderResponses
2021-11-15 19:21:39,706 [1d1c653c-c24c-4f9f-93f8-363bcaedc7a6@group-7123D4B11FD3-StateMachineUpdater] INFO  ratis.ContainerStateMachine (ContainerStateMachine.java:takeSnapshot(292)) - group-7123D4B11FD3: Taking a snapshot at:(t:1, i:17) file /home/runner/work/ozone/ozone/hadoop-ozone/integration-test/target/test-dir/MiniOzoneClusterImpl-edab3eb4-5721-4c35-be90-debfdbe0e37e/datanode-3/data/ratis/9084c998-2231-478f-90fe-7123d4b11fd3/sm/snapshot.1_17
2021-11-15 19:21:39,708 [1d1c653c-c24c-4f9f-93f8-363bcaedc7a6@group-7123D4B11FD3-StateMachineUpdater] INFO  ratis.ContainerStateMachine (ContainerStateMachine.java:takeSnapshot(303)) - group-7123D4B11FD3: Finished taking a snapshot at:(t:1, i:17) file:/home/runner/work/ozone/ozone/hadoop-ozone/integration-test/target/test-dir/MiniOzoneClusterImpl-edab3eb4-5721-4c35-be90-debfdbe0e37e/datanode-3/data/ratis/9084c998-2231-478f-90fe-7123d4b11fd3/sm/snapshot.1_17 took: 2 ms
2021-11-15 19:21:39,708 [1d1c653c-c24c-4f9f-93f8-363bcaedc7a6@group-7123D4B11FD3-StateMachineUpdater] INFO  impl.StateMachineUpdater (StateMachineUpdater.java:takeSnapshot(281)) - 1d1c653c-c24c-4f9f-93f8-363bcaedc7a6@group-7123D4B11FD3-StateMachineUpdater: Took a snapshot at index 17
2021-11-15 19:21:39,708 [1d1c653c-c24c-4f9f-93f8-363bcaedc7a6@group-7123D4B11FD3-StateMachineUpdater] INFO  impl.StateMachineUpdater (StateMachineUpdater.java:lambda$new$0(89)) - 1d1c653c-c24c-4f9f-93f8-363bcaedc7a6@group-7123D4B11FD3-StateMachineUpdater: snapshotIndex: updateIncreasingly -1 -> 17
2021-11-15 19:21:39,712 [Command processor thread] INFO  impl.StateMachineUpdater (StateMachineUpdater.java:stopAndJoin(149)) - 1d1c653c-c24c-4f9f-93f8-363bcaedc7a6@group-7123D4B11FD3-StateMachineUpdater: set stopIndex = 17
2021-11-15 19:21:39,712 [Command processor thread] INFO  server.RaftServer$Division (ServerState.java:close(419)) - 1d1c653c-c24c-4f9f-93f8-363bcaedc7a6@group-7123D4B11FD3: closes. applyIndex: 17
2021-11-15 19:21:39,712 [1d1c653c-c24c-4f9f-93f8-363bcaedc7a6@group-7123D4B11FD3-SegmentedRaftLogWorker] INFO  segmented.SegmentedRaftLogWorker (SegmentedRaftLogWorker.java:run(327)) - 1d1c653c-c24c-4f9f-93f8-363bcaedc7a6@group-7123D4B11FD3-SegmentedRaftLogWorker was interrupted, exiting. There are 0 tasks remaining in the queue.
2021-11-15 19:21:39,713 [Command processor thread] INFO  segmented.SegmentedRaftLogWorker (SegmentedRaftLogWorker.java:close(237)) - 1d1c653c-c24c-4f9f-93f8-363bcaedc7a6@group-7123D4B11FD3-SegmentedRaftLogWorker close()
2021-11-15 19:21:39,717 [Command processor thread] INFO  server.RaftServer$Division (RaftServerImpl.java:groupRemove(382)) - 1d1c653c-c24c-4f9f-93f8-363bcaedc7a6@group-7123D4B11FD3: Succeed to remove RaftStorageDirectory Storage Directory /home/runner/work/ozone/ozone/hadoop-ozone/integration-test/target/test-dir/MiniOzoneClusterImpl-edab3eb4-5721-4c35-be90-debfdbe0e37e/datanode-3/data/ratis/9084c998-2231-478f-90fe-7123d4b11fd3
2021-11-15 19:21:39,717 [Command processor thread] INFO  commandhandler.ClosePipelineCommandHandler (ClosePipelineCommandHandler.java:handle(78)) - Close Pipeline PipelineID=9084c998-2231-478f-90fe-7123d4b11fd3 command on datanode 1d1c653c-c24c-4f9f-93f8-363bcaedc7a6.
2021-11-15 19:21:42,299 [bce623f1-3c31-45ef-9861-869f671ae311@group-3123CD3C107D-FollowerState] INFO  impl.FollowerState (FollowerState.java:run(134)) - bce623f1-3c31-45ef-9861-869f671ae311@group-3123CD3C107D-FollowerState: change to CANDIDATE, lastRpcElapsedTime:5061925295ns, electionTimeout:5058ms
2021-11-15 19:21:42,299 [bce623f1-3c31-45ef-9861-869f671ae311@group-3123CD3C107D-FollowerState] INFO  impl.RoleInfo (RoleInfo.java:shutdownFollowerState(108)) - bce623f1-3c31-45ef-9861-869f671ae311: shutdown bce623f1-3c31-45ef-9861-869f671ae311@group-3123CD3C107D-FollowerState
2021-11-15 19:21:42,299 [bce623f1-3c31-45ef-9861-869f671ae311@group-3123CD3C107D-FollowerState] INFO  server.RaftServer$Division (RaftServerImpl.java:setRole(290)) - bce623f1-3c31-45ef-9861-869f671ae311@group-3123CD3C107D: changes role from  FOLLOWER to CANDIDATE at term 5 for changeToCandidate
2021-11-15 19:21:42,299 [bce623f1-3c31-45ef-9861-869f671ae311@group-3123CD3C107D-FollowerState] INFO  server.RaftServerConfigKeys (ConfUtils.java:logGet(44)) - raft.server.leaderelection.pre-vote = false (custom)
2021-11-15 19:21:42,299 [bce623f1-3c31-45ef-9861-869f671ae311@group-3123CD3C107D-FollowerState] INFO  impl.RoleInfo (RoleInfo.java:updateAndGet(130)) - bce623f1-3c31-45ef-9861-869f671ae311: start bce623f1-3c31-45ef-9861-869f671ae311@group-3123CD3C107D-LeaderElection28
2021-11-15 19:21:42,310 [bce623f1-3c31-45ef-9861-869f671ae311@group-3123CD3C107D-LeaderElection28] INFO  impl.LeaderElection (LeaderElection.java:askForVotes(306)) - bce623f1-3c31-45ef-9861-869f671ae311@group-3123CD3C107D-LeaderElection28 ELECTION round 0: submit vote requests at term 6 for -1: [c038e53c-4808-40a4-bcac-87a6adf6dbd8|rpc:10.1.0.16:46879|priority:0, 5f24cb3a-787a-4f69-a830-2d3d8b70745a|rpc:10.1.0.16:34579|priority:0, bce623f1-3c31-45ef-9861-869f671ae311|rpc:10.1.0.16:38881|priority:1], old=null
2021-11-15 19:21:42,321 [grpc-default-executor-2] INFO  server.RaftServer$Division (RaftServerImpl.java:requestVote(1046)) - c038e53c-4808-40a4-bcac-87a6adf6dbd8@group-3123CD3C107D: receive requestVote(ELECTION, bce623f1-3c31-45ef-9861-869f671ae311, group-3123CD3C107D, 6, (t:0, i:0))
2021-11-15 19:21:42,322 [grpc-default-executor-2] INFO  impl.VoteContext (VoteContext.java:log(48)) - c038e53c-4808-40a4-bcac-87a6adf6dbd8@group-3123CD3C107D-FOLLOWER: accept ELECTION from bce623f1-3c31-45ef-9861-869f671ae311: our priority 0 <= candidate's priority 1
2021-11-15 19:21:42,322 [grpc-default-executor-2] INFO  server.RaftServer$Division (RaftServerImpl.java:setRole(290)) - c038e53c-4808-40a4-bcac-87a6adf6dbd8@group-3123CD3C107D: changes role from  FOLLOWER to FOLLOWER at term 6 for candidate:bce623f1-3c31-45ef-9861-869f671ae311
2021-11-15 19:21:42,322 [grpc-default-executor-2] INFO  impl.RoleInfo (RoleInfo.java:shutdownFollowerState(108)) - c038e53c-4808-40a4-bcac-87a6adf6dbd8: shutdown c038e53c-4808-40a4-bcac-87a6adf6dbd8@group-3123CD3C107D-FollowerState
2021-11-15 19:21:42,326 [c038e53c-4808-40a4-bcac-87a6adf6dbd8@group-3123CD3C107D-FollowerState] INFO  impl.FollowerState (FollowerState.java:run(143)) - c038e53c-4808-40a4-bcac-87a6adf6dbd8@group-3123CD3C107D-FollowerState was interrupted: {}
java.lang.InterruptedException: sleep interrupted
	at java.lang.Thread.sleep(Native Method)
	at java.lang.Thread.sleep(Thread.java:340)
	at java.util.concurrent.TimeUnit.sleep(TimeUnit.java:386)
	at org.apache.ratis.util.TimeDuration.sleep(TimeDuration.java:324)
	at org.apache.ratis.util.TimeDuration.sleep(TimeDuration.java:309)
	at org.apache.ratis.server.impl.FollowerState.run(FollowerState.java:118)
2021-11-15 19:21:42,326 [grpc-default-executor-2] INFO  impl.RoleInfo (RoleInfo.java:updateAndGet(130)) - c038e53c-4808-40a4-bcac-87a6adf6dbd8: start c038e53c-4808-40a4-bcac-87a6adf6dbd8@group-3123CD3C107D-FollowerState
2021-11-15 19:21:42,328 [grpc-default-executor-0] INFO  server.RaftServer$Division (RaftServerImpl.java:requestVote(1046)) - 5f24cb3a-787a-4f69-a830-2d3d8b70745a@group-3123CD3C107D: receive requestVote(ELECTION, bce623f1-3c31-45ef-9861-869f671ae311, group-3123CD3C107D, 6, (t:0, i:0))
2021-11-15 19:21:42,328 [grpc-default-executor-0] INFO  impl.VoteContext (VoteContext.java:log(48)) - 5f24cb3a-787a-4f69-a830-2d3d8b70745a@group-3123CD3C107D-FOLLOWER: accept ELECTION from bce623f1-3c31-45ef-9861-869f671ae311: our priority 0 <= candidate's priority 1
2021-11-15 19:21:42,328 [grpc-default-executor-0] INFO  server.RaftServer$Division (RaftServerImpl.java:setRole(290)) - 5f24cb3a-787a-4f69-a830-2d3d8b70745a@group-3123CD3C107D: changes role from  FOLLOWER to FOLLOWER at term 6 for candidate:bce623f1-3c31-45ef-9861-869f671ae311
2021-11-15 19:21:42,328 [grpc-default-executor-0] INFO  impl.RoleInfo (RoleInfo.java:shutdownFollowerState(108)) - 5f24cb3a-787a-4f69-a830-2d3d8b70745a: shutdown 5f24cb3a-787a-4f69-a830-2d3d8b70745a@group-3123CD3C107D-FollowerState
2021-11-15 19:21:42,333 [grpc-default-executor-0] INFO  impl.RoleInfo (RoleInfo.java:updateAndGet(130)) - 5f24cb3a-787a-4f69-a830-2d3d8b70745a: start 5f24cb3a-787a-4f69-a830-2d3d8b70745a@group-3123CD3C107D-FollowerState
2021-11-15 19:21:42,333 [5f24cb3a-787a-4f69-a830-2d3d8b70745a@group-3123CD3C107D-FollowerState] INFO  impl.FollowerState (FollowerState.java:run(143)) - 5f24cb3a-787a-4f69-a830-2d3d8b70745a@group-3123CD3C107D-FollowerState was interrupted: {}
java.lang.InterruptedException: sleep interrupted
	at java.lang.Thread.sleep(Native Method)
	at java.lang.Thread.sleep(Thread.java:340)
	at java.util.concurrent.TimeUnit.sleep(TimeUnit.java:386)
	at org.apache.ratis.util.TimeDuration.sleep(TimeDuration.java:324)
	at org.apache.ratis.util.TimeDuration.sleep(TimeDuration.java:309)
	at org.apache.ratis.server.impl.FollowerState.run(FollowerState.java:118)
2021-11-15 19:21:42,334 [grpc-default-executor-2] INFO  server.RaftServer$Division (RaftServerImpl.java:requestVote(1078)) - c038e53c-4808-40a4-bcac-87a6adf6dbd8@group-3123CD3C107D replies to ELECTION vote request: bce623f1-3c31-45ef-9861-869f671ae311<-c038e53c-4808-40a4-bcac-87a6adf6dbd8#0:OK-t6. Peer's state: c038e53c-4808-40a4-bcac-87a6adf6dbd8@group-3123CD3C107D:t6, leader=null, voted=bce623f1-3c31-45ef-9861-869f671ae311, raftlog=c038e53c-4808-40a4-bcac-87a6adf6dbd8@group-3123CD3C107D-SegmentedRaftLog:OPENED:c-1, conf=-1: [c038e53c-4808-40a4-bcac-87a6adf6dbd8|rpc:10.1.0.16:46879|priority:0, 5f24cb3a-787a-4f69-a830-2d3d8b70745a|rpc:10.1.0.16:34579|priority:0, bce623f1-3c31-45ef-9861-869f671ae311|rpc:10.1.0.16:38881|priority:1], old=null
2021-11-15 19:21:42,339 [bce623f1-3c31-45ef-9861-869f671ae311@group-3123CD3C107D-LeaderElection28] INFO  impl.LeaderElection (LeaderElection.java:logAndReturn(89)) - bce623f1-3c31-45ef-9861-869f671ae311@group-3123CD3C107D-LeaderElection28: ELECTION PASSED received 1 response(s) and 0 exception(s):
2021-11-15 19:21:42,339 [bce623f1-3c31-45ef-9861-869f671ae311@group-3123CD3C107D-LeaderElection28] INFO  impl.LeaderElection (LeaderElection.java:logAndReturn(93)) -   Response 0: bce623f1-3c31-45ef-9861-869f671ae311<-c038e53c-4808-40a4-bcac-87a6adf6dbd8#0:OK-t6
2021-11-15 19:21:42,339 [bce623f1-3c31-45ef-9861-869f671ae311@group-3123CD3C107D-LeaderElection28] INFO  impl.LeaderElection (LeaderElection.java:askForVotes(308)) - bce623f1-3c31-45ef-9861-869f671ae311@group-3123CD3C107D-LeaderElection28 ELECTION round 0: result PASSED
2021-11-15 19:21:42,339 [bce623f1-3c31-45ef-9861-869f671ae311@group-3123CD3C107D-LeaderElection28] INFO  impl.RoleInfo (RoleInfo.java:shutdownLeaderElection(121)) - bce623f1-3c31-45ef-9861-869f671ae311: shutdown bce623f1-3c31-45ef-9861-869f671ae311@group-3123CD3C107D-LeaderElection28
2021-11-15 19:21:42,339 [bce623f1-3c31-45ef-9861-869f671ae311@group-3123CD3C107D-LeaderElection28] INFO  server.RaftServer$Division (RaftServerImpl.java:setRole(290)) - bce623f1-3c31-45ef-9861-869f671ae311@group-3123CD3C107D: changes role from CANDIDATE to LEADER at term 6 for changeToLeader
2021-11-15 19:21:42,339 [bce623f1-3c31-45ef-9861-869f671ae311@group-3123CD3C107D-LeaderElection28] INFO  ratis.XceiverServerRatis (XceiverServerRatis.java:handleLeaderChangedNotification(866)) - Leader change notification received for group: group-3123CD3C107D with new leaderId: bce623f1-3c31-45ef-9861-869f671ae311
2021-11-15 19:21:42,339 [bce623f1-3c31-45ef-9861-869f671ae311@group-3123CD3C107D-LeaderElection28] INFO  server.RaftServer$Division (ServerState.java:setLeader(285)) - bce623f1-3c31-45ef-9861-869f671ae311@group-3123CD3C107D: change Leader from null to bce623f1-3c31-45ef-9861-869f671ae311 at term 6 for becomeLeader, leader elected after 30643ms
2021-11-15 19:21:42,340 [bce623f1-3c31-45ef-9861-869f671ae311@group-3123CD3C107D-LeaderElection28] INFO  server.RaftServerConfigKeys (ConfUtils.java:logGet(44)) - raft.server.staging.catchup.gap = 1000 (default)
2021-11-15 19:21:42,340 [bce623f1-3c31-45ef-9861-869f671ae311@group-3123CD3C107D-LeaderElection28] INFO  server.RaftServerConfigKeys (ConfUtils.java:logGet(44)) - raft.server.write.element-limit = 1024 (custom)
2021-11-15 19:21:42,340 [bce623f1-3c31-45ef-9861-869f671ae311@group-3123CD3C107D-LeaderElection28] INFO  server.RaftServerConfigKeys (ConfUtils.java:logGet(44)) - raft.server.write.byte-limit = 1024 M (=1073741824) (custom)
2021-11-15 19:21:42,340 [grpc-default-executor-0] INFO  server.RaftServer$Division (RaftServerImpl.java:requestVote(1078)) - 5f24cb3a-787a-4f69-a830-2d3d8b70745a@group-3123CD3C107D replies to ELECTION vote request: bce623f1-3c31-45ef-9861-869f671ae311<-5f24cb3a-787a-4f69-a830-2d3d8b70745a#0:OK-t6. Peer's state: 5f24cb3a-787a-4f69-a830-2d3d8b70745a@group-3123CD3C107D:t6, leader=null, voted=bce623f1-3c31-45ef-9861-869f671ae311, raftlog=5f24cb3a-787a-4f69-a830-2d3d8b70745a@group-3123CD3C107D-SegmentedRaftLog:OPENED:c-1, conf=-1: [c038e53c-4808-40a4-bcac-87a6adf6dbd8|rpc:10.1.0.16:46879|dataStream:|priority:0, 5f24cb3a-787a-4f69-a830-2d3d8b70745a|rpc:10.1.0.16:34579|dataStream:|priority:0, bce623f1-3c31-45ef-9861-869f671ae311|rpc:10.1.0.16:38881|dataStream:|priority:1], old=null
2021-11-15 19:21:42,343 [EventQueue-PipelineReportForPipelineReportHandler] INFO  pipeline.PipelineManagerImpl (PipelineManagerImpl.java:openPipeline(289)) - Pipeline Pipeline[ Id: 35d75f5e-aa39-420d-bbb8-3123cd3c107d, Nodes: bce623f1-3c31-45ef-9861-869f671ae311{ip: 10.1.0.16, host: fv-az151-339.yf2hydr00wburbhx3j5hxtcipe.bx.internal.cloudapp.net, ports: [REPLICATION=40269, RATIS=38881, RATIS_ADMIN=38881, RATIS_SERVER=38881, STANDALONE=43405], networkLocation: /default-rack, certSerialId: null, persistedOpState: IN_SERVICE, persistedOpStateExpiryEpochSec: 0}5f24cb3a-787a-4f69-a830-2d3d8b70745a{ip: 10.1.0.16, host: fv-az151-339.yf2hydr00wburbhx3j5hxtcipe.bx.internal.cloudapp.net, ports: [REPLICATION=34173, RATIS=34579, RATIS_ADMIN=34579, RATIS_SERVER=34579, STANDALONE=37973], networkLocation: /default-rack, certSerialId: null, persistedOpState: IN_SERVICE, persistedOpStateExpiryEpochSec: 0}c038e53c-4808-40a4-bcac-87a6adf6dbd8{ip: 10.1.0.16, host: fv-az151-339.yf2hydr00wburbhx3j5hxtcipe.bx.internal.cloudapp.net, ports: [REPLICATION=44751, RATIS=46879, RATIS_ADMIN=46879, RATIS_SERVER=46879, STANDALONE=36917], networkLocation: /default-rack, certSerialId: null, persistedOpState: IN_SERVICE, persistedOpStateExpiryEpochSec: 0}, ReplicationConfig: RATIS/THREE, State:ALLOCATED, leaderId:bce623f1-3c31-45ef-9861-869f671ae311, CreationTimestamp2021-11-15T19:21:08.743Z[Etc/UTC]] moved to OPEN state
2021-11-15 19:21:42,340 [bce623f1-3c31-45ef-9861-869f671ae311@group-3123CD3C107D-LeaderElection28] INFO  server.RaftServerConfigKeys (ConfUtils.java:logGet(44)) - raft.server.watch.timeout = 3000ms (custom)
2021-11-15 19:21:42,347 [bce623f1-3c31-45ef-9861-869f671ae311@group-3123CD3C107D-LeaderElection28] INFO  server.RaftServerConfigKeys (ConfUtils.java:logGet(44)) - raft.server.watch.timeout.denomination = 1s (default)
2021-11-15 19:21:42,347 [bce623f1-3c31-45ef-9861-869f671ae311@group-3123CD3C107D-LeaderElection28] INFO  server.RaftServerConfigKeys (ConfUtils.java:logGet(44)) - raft.server.watch.element-limit = 65536 (default)
2021-11-15 19:21:42,347 [bce623f1-3c31-45ef-9861-869f671ae311@group-3123CD3C107D-LeaderElection28] INFO  server.RaftServerConfigKeys (ConfUtils.java:logGet(44)) - raft.server.write.element-limit = 1024 (custom)
2021-11-15 19:21:42,347 [bce623f1-3c31-45ef-9861-869f671ae311@group-3123CD3C107D-LeaderElection28] INFO  server.RaftServerConfigKeys (ConfUtils.java:logGet(44)) - raft.server.write.follower.gap.ratio.max = -1.0 (default)
2021-11-15 19:21:42,347 [bce623f1-3c31-45ef-9861-869f671ae311@group-3123CD3C107D-LeaderElection28] INFO  server.RaftServerConfigKeys (ConfUtils.java:logGet(44)) - raft.server.log.appender.snapshot.chunk.size.max = 16MB (=16777216) (default)
2021-11-15 19:21:42,347 [bce623f1-3c31-45ef-9861-869f671ae311@group-3123CD3C107D-LeaderElection28] INFO  server.RaftServerConfigKeys (ConfUtils.java:logGet(44)) - raft.server.log.appender.buffer.byte-limit = 33554432 (custom)
2021-11-15 19:21:42,347 [bce623f1-3c31-45ef-9861-869f671ae311@group-3123CD3C107D-LeaderElection28] INFO  server.RaftServerConfigKeys (ConfUtils.java:logGet(44)) - raft.server.log.appender.buffer.element-limit = 1 (custom)
2021-11-15 19:21:42,347 [bce623f1-3c31-45ef-9861-869f671ae311@group-3123CD3C107D-LeaderElection28] INFO  grpc.GrpcConfigKeys (ConfUtils.java:logGet(44)) - raft.grpc.server.leader.outstanding.appends.max = 128 (default)
2021-11-15 19:21:42,347 [bce623f1-3c31-45ef-9861-869f671ae311@group-3123CD3C107D-LeaderElection28] INFO  server.RaftServerConfigKeys (ConfUtils.java:logGet(44)) - raft.server.rpc.request.timeout = 3000ms (default)
2021-11-15 19:21:42,347 [bce623f1-3c31-45ef-9861-869f671ae311@group-3123CD3C107D-LeaderElection28] INFO  server.RaftServerConfigKeys (ConfUtils.java:logGet(44)) - raft.server.log.appender.install.snapshot.enabled = false (custom)
2021-11-15 19:21:42,348 [bce623f1-3c31-45ef-9861-869f671ae311@group-3123CD3C107D-LeaderElection28] INFO  server.RaftServerConfigKeys (ConfUtils.java:logGet(44)) - raft.server.log.appender.snapshot.chunk.size.max = 16MB (=16777216) (default)
2021-11-15 19:21:42,348 [bce623f1-3c31-45ef-9861-869f671ae311@group-3123CD3C107D-LeaderElection28] INFO  server.RaftServerConfigKeys (ConfUtils.java:logGet(44)) - raft.server.log.appender.buffer.byte-limit = 33554432 (custom)
2021-11-15 19:21:42,348 [bce623f1-3c31-45ef-9861-869f671ae311@group-3123CD3C107D-LeaderElection28] INFO  server.RaftServerConfigKeys (ConfUtils.java:logGet(44)) - raft.server.log.appender.buffer.element-limit = 1 (custom)
2021-11-15 19:21:42,348 [bce623f1-3c31-45ef-9861-869f671ae311@group-3123CD3C107D-LeaderElection28] INFO  grpc.GrpcConfigKeys (ConfUtils.java:logGet(44)) - raft.grpc.server.leader.outstanding.appends.max = 128 (default)
2021-11-15 19:21:42,348 [bce623f1-3c31-45ef-9861-869f671ae311@group-3123CD3C107D-LeaderElection28] INFO  server.RaftServerConfigKeys (ConfUtils.java:logGet(44)) - raft.server.rpc.request.timeout = 3000ms (default)
2021-11-15 19:21:42,348 [bce623f1-3c31-45ef-9861-869f671ae311@group-3123CD3C107D-LeaderElection28] INFO  server.RaftServerConfigKeys (ConfUtils.java:logGet(44)) - raft.server.log.appender.install.snapshot.enabled = false (custom)
2021-11-15 19:21:42,349 [bce623f1-3c31-45ef-9861-869f671ae311@group-3123CD3C107D-LeaderElection28] INFO  impl.RoleInfo (RoleInfo.java:updateAndGet(130)) - bce623f1-3c31-45ef-9861-869f671ae311: start bce623f1-3c31-45ef-9861-869f671ae311@group-3123CD3C107D-LeaderStateImpl
2021-11-15 19:21:42,349 [bce623f1-3c31-45ef-9861-869f671ae311@group-3123CD3C107D-LeaderElection28] INFO  segmented.SegmentedRaftLogWorker (SegmentedRaftLogWorker.java:startLogSegment(394)) - bce623f1-3c31-45ef-9861-869f671ae311@group-3123CD3C107D-SegmentedRaftLogWorker: Starting segment from index:0
2021-11-15 19:21:42,352 [bce623f1-3c31-45ef-9861-869f671ae311@group-3123CD3C107D-SegmentedRaftLogWorker] INFO  segmented.SegmentedRaftLogWorker (SegmentedRaftLogWorker.java:execute(601)) - bce623f1-3c31-45ef-9861-869f671ae311@group-3123CD3C107D-SegmentedRaftLogWorker: created new log segment /home/runner/work/ozone/ozone/hadoop-ozone/integration-test/target/test-dir/MiniOzoneClusterImpl-edab3eb4-5721-4c35-be90-debfdbe0e37e/datanode-1/data/ratis/35d75f5e-aa39-420d-bbb8-3123cd3c107d/current/log_inprogress_0
2021-11-15 19:21:42,372 [grpc-default-executor-2] INFO  ratis.XceiverServerRatis (XceiverServerRatis.java:handleLeaderChangedNotification(866)) - Leader change notification received for group: group-3123CD3C107D with new leaderId: bce623f1-3c31-45ef-9861-869f671ae311
2021-11-15 19:21:42,373 [grpc-default-executor-2] INFO  server.RaftServer$Division (ServerState.java:setLeader(285)) - 5f24cb3a-787a-4f69-a830-2d3d8b70745a@group-3123CD3C107D: change Leader from null to bce623f1-3c31-45ef-9861-869f671ae311 at term 6 for appendEntries, leader elected after 30607ms
2021-11-15 19:21:42,380 [grpc-default-executor-3] INFO  ratis.XceiverServerRatis (XceiverServerRatis.java:handleLeaderChangedNotification(866)) - Leader change notification received for group: group-3123CD3C107D with new leaderId: bce623f1-3c31-45ef-9861-869f671ae311
2021-11-15 19:21:42,380 [grpc-default-executor-3] INFO  server.RaftServer$Division (ServerState.java:setLeader(285)) - c038e53c-4808-40a4-bcac-87a6adf6dbd8@group-3123CD3C107D: change Leader from null to bce623f1-3c31-45ef-9861-869f671ae311 at term 6 for appendEntries, leader elected after 30586ms
2021-11-15 19:21:42,390 [bce623f1-3c31-45ef-9861-869f671ae311@group-3123CD3C107D-LeaderElection28] INFO  server.RaftServer$Division (ServerState.java:setRaftConf(387)) - bce623f1-3c31-45ef-9861-869f671ae311@group-3123CD3C107D: set configuration 0: [c038e53c-4808-40a4-bcac-87a6adf6dbd8|rpc:10.1.0.16:46879|dataStream:|priority:0, 5f24cb3a-787a-4f69-a830-2d3d8b70745a|rpc:10.1.0.16:34579|dataStream:|priority:0, bce623f1-3c31-45ef-9861-869f671ae311|rpc:10.1.0.16:38881|dataStream:|priority:1], old=null
2021-11-15 19:21:42,390 [grpc-default-executor-2] INFO  server.RaftServer$Division (ServerState.java:setRaftConf(387)) - 5f24cb3a-787a-4f69-a830-2d3d8b70745a@group-3123CD3C107D: set configuration 0: [c038e53c-4808-40a4-bcac-87a6adf6dbd8|rpc:10.1.0.16:46879|dataStream:|priority:0, 5f24cb3a-787a-4f69-a830-2d3d8b70745a|rpc:10.1.0.16:34579|dataStream:|priority:0, bce623f1-3c31-45ef-9861-869f671ae311|rpc:10.1.0.16:38881|dataStream:|priority:1], old=null
2021-11-15 19:21:42,390 [grpc-default-executor-2] INFO  segmented.SegmentedRaftLogWorker (SegmentedRaftLogWorker.java:startLogSegment(394)) - 5f24cb3a-787a-4f69-a830-2d3d8b70745a@group-3123CD3C107D-SegmentedRaftLogWorker: Starting segment from index:0
2021-11-15 19:21:42,392 [5f24cb3a-787a-4f69-a830-2d3d8b70745a@group-3123CD3C107D-SegmentedRaftLogWorker] INFO  segmented.SegmentedRaftLogWorker (SegmentedRaftLogWorker.java:execute(601)) - 5f24cb3a-787a-4f69-a830-2d3d8b70745a@group-3123CD3C107D-SegmentedRaftLogWorker: created new log segment /home/runner/work/ozone/ozone/hadoop-ozone/integration-test/target/test-dir/MiniOzoneClusterImpl-edab3eb4-5721-4c35-be90-debfdbe0e37e/datanode-2/data/ratis/35d75f5e-aa39-420d-bbb8-3123cd3c107d/current/log_inprogress_0
2021-11-15 19:21:42,401 [grpc-default-executor-3] INFO  server.RaftServer$Division (ServerState.java:setRaftConf(387)) - c038e53c-4808-40a4-bcac-87a6adf6dbd8@group-3123CD3C107D: set configuration 0: [c038e53c-4808-40a4-bcac-87a6adf6dbd8|rpc:10.1.0.16:46879|dataStream:|priority:0, 5f24cb3a-787a-4f69-a830-2d3d8b70745a|rpc:10.1.0.16:34579|dataStream:|priority:0, bce623f1-3c31-45ef-9861-869f671ae311|rpc:10.1.0.16:38881|dataStream:|priority:1], old=null
2021-11-15 19:21:42,402 [grpc-default-executor-3] INFO  segmented.SegmentedRaftLogWorker (SegmentedRaftLogWorker.java:startLogSegment(394)) - c038e53c-4808-40a4-bcac-87a6adf6dbd8@group-3123CD3C107D-SegmentedRaftLogWorker: Starting segment from index:0
2021-11-15 19:21:42,403 [c038e53c-4808-40a4-bcac-87a6adf6dbd8@group-3123CD3C107D-SegmentedRaftLogWorker] INFO  segmented.SegmentedRaftLogWorker (SegmentedRaftLogWorker.java:execute(601)) - c038e53c-4808-40a4-bcac-87a6adf6dbd8@group-3123CD3C107D-SegmentedRaftLogWorker: created new log segment /home/runner/work/ozone/ozone/hadoop-ozone/integration-test/target/test-dir/MiniOzoneClusterImpl-edab3eb4-5721-4c35-be90-debfdbe0e37e/datanode-0/data/ratis/35d75f5e-aa39-420d-bbb8-3123cd3c107d/current/log_inprogress_0
2021-11-15 19:21:42,727 [1d1c653c-c24c-4f9f-93f8-363bcaedc7a6@group-614A0F279F51-FollowerState] INFO  impl.FollowerState (FollowerState.java:run(134)) - 1d1c653c-c24c-4f9f-93f8-363bcaedc7a6@group-614A0F279F51-FollowerState: change to CANDIDATE, lastRpcElapsedTime:5037115836ns, electionTimeout:5032ms
2021-11-15 19:21:42,727 [1d1c653c-c24c-4f9f-93f8-363bcaedc7a6@group-614A0F279F51-FollowerState] INFO  impl.RoleInfo (RoleInfo.java:shutdownFollowerState(108)) - 1d1c653c-c24c-4f9f-93f8-363bcaedc7a6: shutdown 1d1c653c-c24c-4f9f-93f8-363bcaedc7a6@group-614A0F279F51-FollowerState
2021-11-15 19:21:42,727 [1d1c653c-c24c-4f9f-93f8-363bcaedc7a6@group-614A0F279F51-FollowerState] INFO  server.RaftServer$Division (RaftServerImpl.java:setRole(290)) - 1d1c653c-c24c-4f9f-93f8-363bcaedc7a6@group-614A0F279F51: changes role from  FOLLOWER to CANDIDATE at term 0 for changeToCandidate
2021-11-15 19:21:42,727 [1d1c653c-c24c-4f9f-93f8-363bcaedc7a6@group-614A0F279F51-FollowerState] INFO  server.RaftServerConfigKeys (ConfUtils.java:logGet(44)) - raft.server.leaderelection.pre-vote = false (custom)
2021-11-15 19:21:42,727 [1d1c653c-c24c-4f9f-93f8-363bcaedc7a6@group-614A0F279F51-FollowerState] INFO  impl.RoleInfo (RoleInfo.java:updateAndGet(130)) - 1d1c653c-c24c-4f9f-93f8-363bcaedc7a6: start 1d1c653c-c24c-4f9f-93f8-363bcaedc7a6@group-614A0F279F51-LeaderElection29
2021-11-15 19:21:42,736 [1d1c653c-c24c-4f9f-93f8-363bcaedc7a6@group-614A0F279F51-LeaderElection29] INFO  impl.LeaderElection (LeaderElection.java:askForVotes(306)) - 1d1c653c-c24c-4f9f-93f8-363bcaedc7a6@group-614A0F279F51-LeaderElection29 ELECTION round 0: submit vote requests at term 1 for -1: [72af5abb-0a78-4b64-9517-3021125997b8|rpc:10.1.0.16:45855|priority:0, 1d1c653c-c24c-4f9f-93f8-363bcaedc7a6|rpc:10.1.0.16:44043|priority:0, 087c2b0c-5b45-457f-ac23-38cb521b1b9c|rpc:10.1.0.16:32799|priority:1], old=null
2021-11-15 19:21:42,752 [1d1c653c-c24c-4f9f-93f8-363bcaedc7a6@group-614A0F279F51-LeaderElection29] INFO  impl.LeaderElection (LogUtils.java:infoOrTrace(137)) - 1d1c653c-c24c-4f9f-93f8-363bcaedc7a6@group-614A0F279F51-LeaderElection29 got exception when requesting votes: java.util.concurrent.ExecutionException: org.apache.ratis.thirdparty.io.grpc.StatusRuntimeException: UNAVAILABLE: io exception
2021-11-15 19:21:42,762 [grpc-default-executor-3] INFO  server.RaftServer$Division (RaftServerImpl.java:requestVote(1046)) - 087c2b0c-5b45-457f-ac23-38cb521b1b9c@group-614A0F279F51: receive requestVote(ELECTION, 1d1c653c-c24c-4f9f-93f8-363bcaedc7a6, group-614A0F279F51, 1, (t:0, i:0))
2021-11-15 19:21:42,762 [grpc-default-executor-3] INFO  impl.VoteContext (VoteContext.java:log(48)) - 087c2b0c-5b45-457f-ac23-38cb521b1b9c@group-614A0F279F51-FOLLOWER: reject ELECTION from 1d1c653c-c24c-4f9f-93f8-363bcaedc7a6: our priority 1 > candidate's priority 0
2021-11-15 19:21:42,763 [grpc-default-executor-3] INFO  server.RaftServer$Division (RaftServerImpl.java:setRole(290)) - 087c2b0c-5b45-457f-ac23-38cb521b1b9c@group-614A0F279F51: changes role from  FOLLOWER to FOLLOWER at term 1 for candidate:1d1c653c-c24c-4f9f-93f8-363bcaedc7a6
2021-11-15 19:21:42,763 [grpc-default-executor-3] INFO  impl.RoleInfo (RoleInfo.java:shutdownFollowerState(108)) - 087c2b0c-5b45-457f-ac23-38cb521b1b9c: shutdown 087c2b0c-5b45-457f-ac23-38cb521b1b9c@group-614A0F279F51-FollowerState
2021-11-15 19:21:42,763 [grpc-default-executor-3] INFO  impl.RoleInfo (RoleInfo.java:updateAndGet(130)) - 087c2b0c-5b45-457f-ac23-38cb521b1b9c: start 087c2b0c-5b45-457f-ac23-38cb521b1b9c@group-614A0F279F51-FollowerState
2021-11-15 19:21:42,763 [087c2b0c-5b45-457f-ac23-38cb521b1b9c@group-614A0F279F51-FollowerState] INFO  impl.FollowerState (FollowerState.java:run(143)) - 087c2b0c-5b45-457f-ac23-38cb521b1b9c@group-614A0F279F51-FollowerState was interrupted: {}
java.lang.InterruptedException: sleep interrupted
	at java.lang.Thread.sleep(Native Method)
	at java.lang.Thread.sleep(Thread.java:340)
	at java.util.concurrent.TimeUnit.sleep(TimeUnit.java:386)
	at org.apache.ratis.util.TimeDuration.sleep(TimeDuration.java:324)
	at org.apache.ratis.util.TimeDuration.sleep(TimeDuration.java:309)
	at org.apache.ratis.server.impl.FollowerState.run(FollowerState.java:118)
2021-11-15 19:21:42,776 [grpc-default-executor-3] INFO  server.RaftServer$Division (RaftServerImpl.java:requestVote(1078)) - 087c2b0c-5b45-457f-ac23-38cb521b1b9c@group-614A0F279F51 replies to ELECTION vote request: 1d1c653c-c24c-4f9f-93f8-363bcaedc7a6<-087c2b0c-5b45-457f-ac23-38cb521b1b9c#0:FAIL-t1. Peer's state: 087c2b0c-5b45-457f-ac23-38cb521b1b9c@group-614A0F279F51:t1, leader=null, voted=null, raftlog=087c2b0c-5b45-457f-ac23-38cb521b1b9c@group-614A0F279F51-SegmentedRaftLog:OPENED:c-1, conf=-1: [72af5abb-0a78-4b64-9517-3021125997b8|rpc:10.1.0.16:45855|dataStream:|priority:0, 1d1c653c-c24c-4f9f-93f8-363bcaedc7a6|rpc:10.1.0.16:44043|dataStream:|priority:0, 087c2b0c-5b45-457f-ac23-38cb521b1b9c|rpc:10.1.0.16:32799|dataStream:|priority:1], old=null
2021-11-15 19:21:42,777 [1d1c653c-c24c-4f9f-93f8-363bcaedc7a6@group-614A0F279F51-LeaderElection29] INFO  impl.LeaderElection (LeaderElection.java:logAndReturn(89)) - 1d1c653c-c24c-4f9f-93f8-363bcaedc7a6@group-614A0F279F51-LeaderElection29: ELECTION REJECTED received 1 response(s) and 1 exception(s):
2021-11-15 19:21:42,777 [1d1c653c-c24c-4f9f-93f8-363bcaedc7a6@group-614A0F279F51-LeaderElection29] INFO  impl.LeaderElection (LeaderElection.java:logAndReturn(93)) -   Response 0: 1d1c653c-c24c-4f9f-93f8-363bcaedc7a6<-087c2b0c-5b45-457f-ac23-38cb521b1b9c#0:FAIL-t1
2021-11-15 19:21:42,777 [1d1c653c-c24c-4f9f-93f8-363bcaedc7a6@group-614A0F279F51-LeaderElection29] INFO  impl.LeaderElection (LogUtils.java:infoOrTrace(137)) -   Exception 1: java.util.concurrent.ExecutionException: org.apache.ratis.thirdparty.io.grpc.StatusRuntimeException: UNAVAILABLE: io exception
2021-11-15 19:21:42,777 [1d1c653c-c24c-4f9f-93f8-363bcaedc7a6@group-614A0F279F51-LeaderElection29] INFO  impl.LeaderElection (LeaderElection.java:askForVotes(308)) - 1d1c653c-c24c-4f9f-93f8-363bcaedc7a6@group-614A0F279F51-LeaderElection29 ELECTION round 0: result REJECTED
2021-11-15 19:21:42,777 [1d1c653c-c24c-4f9f-93f8-363bcaedc7a6@group-614A0F279F51-LeaderElection29] INFO  server.RaftServer$Division (RaftServerImpl.java:setRole(290)) - 1d1c653c-c24c-4f9f-93f8-363bcaedc7a6@group-614A0F279F51: changes role from CANDIDATE to FOLLOWER at term 1 for REJECTED
2021-11-15 19:21:42,777 [1d1c653c-c24c-4f9f-93f8-363bcaedc7a6@group-614A0F279F51-LeaderElection29] INFO  impl.RoleInfo (RoleInfo.java:shutdownLeaderElection(121)) - 1d1c653c-c24c-4f9f-93f8-363bcaedc7a6: shutdown 1d1c653c-c24c-4f9f-93f8-363bcaedc7a6@group-614A0F279F51-LeaderElection29
2021-11-15 19:21:42,778 [1d1c653c-c24c-4f9f-93f8-363bcaedc7a6@group-614A0F279F51-LeaderElection29] INFO  impl.RoleInfo (RoleInfo.java:updateAndGet(130)) - 1d1c653c-c24c-4f9f-93f8-363bcaedc7a6: start 1d1c653c-c24c-4f9f-93f8-363bcaedc7a6@group-614A0F279F51-FollowerState
2021-11-15 19:21:46,694 [EventQueue-DeadNodeForDeadNodeHandler] INFO  node.DeadNodeHandler (DeadNodeHandler.java:onMessage(80)) - A dead datanode is detected. 72af5abb-0a78-4b64-9517-3021125997b8{ip: 10.1.0.16, host: fv-az151-339.yf2hydr00wburbhx3j5hxtcipe.bx.internal.cloudapp.net, ports: [REPLICATION=33017, RATIS=45855, RATIS_ADMIN=45855, RATIS_SERVER=45855, STANDALONE=38721], networkLocation: /default-rack, certSerialId: null, persistedOpState: IN_SERVICE, persistedOpStateExpiryEpochSec: 0}
2021-11-15 19:21:46,694 [EventQueue-DeadNodeForDeadNodeHandler] INFO  pipeline.RatisPipelineProvider (RatisPipelineProvider.java:lambda$close$1(222)) - Send pipeline:PipelineID=836c2ec7-88bd-49ae-8ce0-45bd587a8a14 close command to datanode 72af5abb-0a78-4b64-9517-3021125997b8
2021-11-15 19:21:46,694 [EventQueue-DeadNodeForDeadNodeHandler] INFO  pipeline.PipelineStateManagerImpl (PipelineStateManagerImpl.java:removePipeline(223)) - Pipeline Pipeline[ Id: 836c2ec7-88bd-49ae-8ce0-45bd587a8a14, Nodes: 72af5abb-0a78-4b64-9517-3021125997b8{ip: 10.1.0.16, host: fv-az151-339.yf2hydr00wburbhx3j5hxtcipe.bx.internal.cloudapp.net, ports: [REPLICATION=33017, RATIS=45855, RATIS_ADMIN=45855, RATIS_SERVER=45855, STANDALONE=38721], networkLocation: /default-rack, certSerialId: null, persistedOpState: IN_SERVICE, persistedOpStateExpiryEpochSec: 0}, ReplicationConfig: RATIS/ONE, State:CLOSED, leaderId:72af5abb-0a78-4b64-9517-3021125997b8, CreationTimestamp2021-11-15T19:21:09.351Z[Etc/UTC]] removed.
2021-11-15 19:21:46,694 [EventQueue-DeadNodeForDeadNodeHandler] INFO  pipeline.RatisPipelineProvider (RatisPipelineProvider.java:lambda$close$1(222)) - Send pipeline:PipelineID=ccacdba9-3741-41e6-9681-614a0f279f51 close command to datanode 087c2b0c-5b45-457f-ac23-38cb521b1b9c
2021-11-15 19:21:46,695 [EventQueue-DeadNodeForDeadNodeHandler] INFO  pipeline.RatisPipelineProvider (RatisPipelineProvider.java:lambda$close$1(222)) - Send pipeline:PipelineID=ccacdba9-3741-41e6-9681-614a0f279f51 close command to datanode 1d1c653c-c24c-4f9f-93f8-363bcaedc7a6
2021-11-15 19:21:46,695 [EventQueue-DeadNodeForDeadNodeHandler] INFO  pipeline.RatisPipelineProvider (RatisPipelineProvider.java:lambda$close$1(222)) - Send pipeline:PipelineID=ccacdba9-3741-41e6-9681-614a0f279f51 close command to datanode 72af5abb-0a78-4b64-9517-3021125997b8
2021-11-15 19:21:46,695 [EventQueue-DeadNodeForDeadNodeHandler] INFO  pipeline.PipelineStateManagerImpl (PipelineStateManagerImpl.java:removePipeline(223)) - Pipeline Pipeline[ Id: ccacdba9-3741-41e6-9681-614a0f279f51, Nodes: 087c2b0c-5b45-457f-ac23-38cb521b1b9c{ip: 10.1.0.16, host: fv-az151-339.yf2hydr00wburbhx3j5hxtcipe.bx.internal.cloudapp.net, ports: [REPLICATION=33023, RATIS=32799, RATIS_ADMIN=32799, RATIS_SERVER=32799, STANDALONE=33851], networkLocation: /default-rack, certSerialId: null, persistedOpState: IN_SERVICE, persistedOpStateExpiryEpochSec: 0}1d1c653c-c24c-4f9f-93f8-363bcaedc7a6{ip: 10.1.0.16, host: fv-az151-339.yf2hydr00wburbhx3j5hxtcipe.bx.internal.cloudapp.net, ports: [REPLICATION=38157, RATIS=44043, RATIS_ADMIN=44043, RATIS_SERVER=44043, STANDALONE=34479], networkLocation: /default-rack, certSerialId: null, persistedOpState: IN_SERVICE, persistedOpStateExpiryEpochSec: 0}72af5abb-0a78-4b64-9517-3021125997b8{ip: 10.1.0.16, host: fv-az151-339.yf2hydr00wburbhx3j5hxtcipe.bx.internal.cloudapp.net, ports: [REPLICATION=33017, RATIS=45855, RATIS_ADMIN=45855, RATIS_SERVER=45855, STANDALONE=38721], networkLocation: /default-rack, certSerialId: null, persistedOpState: IN_SERVICE, persistedOpStateExpiryEpochSec: 0}, ReplicationConfig: RATIS/THREE, State:CLOSED, leaderId:, CreationTimestamp2021-11-15T19:21:35.349Z[Etc/UTC]] removed.
2021-11-15 19:21:46,695 [EventQueue-DeadNodeForDeadNodeHandler] INFO  net.NetworkTopologyImpl (NetworkTopologyImpl.java:remove(137)) - Removed a node: /default-rack/72af5abb-0a78-4b64-9517-3021125997b8
2021-11-15 19:21:46,786 [IPC Server handler 16 on default port 39849] WARN  pipeline.WritableRatisContainerProvider (WritableRatisContainerProvider.java:getContainer(125)) - Pipeline creation failed for repConfig RATIS/THREE Datanodes may be used up.
org.apache.hadoop.hdds.scm.pipeline.PipelineNotFoundException: Pipeline PipelineID=ccacdba9-3741-41e6-9681-614a0f279f51 cannot be found
	at org.apache.hadoop.hdds.scm.pipeline.PipelineManagerImpl.waitPipelineReady(PipelineManagerImpl.java:487)
	at org.apache.hadoop.hdds.scm.pipeline.WritableRatisContainerProvider.getContainer(WritableRatisContainerProvider.java:122)
	at org.apache.hadoop.hdds.scm.pipeline.WritableContainerFactory.getContainer(WritableContainerFactory.java:52)
	at org.apache.hadoop.hdds.scm.block.BlockManagerImpl.allocateBlock(BlockManagerImpl.java:176)
	at org.apache.hadoop.hdds.scm.server.SCMBlockProtocolServer.allocateBlock(SCMBlockProtocolServer.java:194)
	at org.apache.hadoop.hdds.scm.protocol.ScmBlockLocationProtocolServerSideTranslatorPB.allocateScmBlock(ScmBlockLocationProtocolServerSideTranslatorPB.java:180)
	at org.apache.hadoop.hdds.scm.protocol.ScmBlockLocationProtocolServerSideTranslatorPB.processMessage(ScmBlockLocationProtocolServerSideTranslatorPB.java:130)
	at org.apache.hadoop.hdds.server.OzoneProtocolMessageDispatcher.processRequest(OzoneProtocolMessageDispatcher.java:87)
	at org.apache.hadoop.hdds.scm.protocol.ScmBlockLocationProtocolServerSideTranslatorPB.send(ScmBlockLocationProtocolServerSideTranslatorPB.java:112)
	at org.apache.hadoop.hdds.protocol.proto.ScmBlockLocationProtocolProtos$ScmBlockLocationProtocolService$2.callBlockingMethod(ScmBlockLocationProtocolProtos.java:13937)
	at org.apache.hadoop.ipc.ProtobufRpcEngine$Server.processCall(ProtobufRpcEngine.java:466)
	at org.apache.hadoop.ipc.ProtobufRpcEngine2$Server$ProtoBufRpcInvoker.call(ProtobufRpcEngine2.java:574)
	at org.apache.hadoop.ipc.ProtobufRpcEngine2$Server$ProtoBufRpcInvoker.call(ProtobufRpcEngine2.java:552)
	at org.apache.hadoop.ipc.RPC$Server.call(RPC.java:1093)
	at org.apache.hadoop.ipc.Server$RpcCall.run(Server.java:1035)
	at org.apache.hadoop.ipc.Server$RpcCall.run(Server.java:963)
	at java.security.AccessController.doPrivileged(Native Method)
	at javax.security.auth.Subject.doAs(Subject.java:422)
	at org.apache.hadoop.security.UserGroupInformation.doAs(UserGroupInformation.java:1878)
	at org.apache.hadoop.ipc.Server$Handler.run(Server.java:2966)
2021-11-15 19:21:46,786 [IPC Server handler 16 on default port 39849] ERROR pipeline.WritableRatisContainerProvider (WritableRatisContainerProvider.java:getContainer(164)) - Unable to allocate a block for the size: 800, repConfig: RATIS/THREE
2021-11-15 19:21:46,786 [IPC Server handler 16 on default port 39849] ERROR block.BlockManagerImpl (BlockManagerImpl.java:allocateBlock(184)) - Unable to allocate a block for the size: 800, replicationConfig: RATIS/THREE
2021-11-15 19:21:46,792 [Listener at 127.0.0.1/38415] INFO  ozone.MiniOzoneClusterImpl (MiniOzoneClusterImpl.java:shutdown(453)) - Shutting down the Mini Ozone Cluster
2021-11-15 19:21:46,792 [Listener at 127.0.0.1/38415] INFO  ozone.MiniOzoneClusterImpl (MiniOzoneClusterImpl.java:stop(468)) - Stopping the Mini Ozone Cluster
2021-11-15 19:21:46,792 [Listener at 127.0.0.1/38415] INFO  ozone.MiniOzoneClusterImpl (MiniOzoneClusterImpl.java:stopOM(550)) - Stopping the OzoneManager
2021-11-15 19:21:46,792 [Listener at 127.0.0.1/38415] INFO  om.OzoneManager (OzoneManager.java:stop(1698)) - Stopping Ozone Manager
2021-11-15 19:21:46,792 [Listener at 127.0.0.1/38415] INFO  ipc.Server (Server.java:stop(3414)) - Stopping server on 38415
2021-11-15 19:21:46,795 [IPC Server listener on 0] INFO  ipc.Server (Server.java:run(1376)) - Stopping IPC Server listener on 0
2021-11-15 19:21:46,796 [IPC Server Responder] INFO  ipc.Server (Server.java:run(1512)) - Stopping IPC Server Responder
2021-11-15 19:21:46,797 [Listener at 127.0.0.1/38415] INFO  server.RaftServer (RaftServerProxy.java:lambda$close$6(391)) - om1: close
2021-11-15 19:21:46,797 [Listener at 127.0.0.1/38415] INFO  server.RaftServer$Division (RaftServerImpl.java:lambda$close$4(412)) - om1@group-C5BA1605619E: shutdown
2021-11-15 19:21:46,797 [Listener at 127.0.0.1/38415] INFO  util.JmxRegister (JmxRegister.java:unregister(73)) - Successfully un-registered JMX Bean with object name Ratis:service=RaftServer,group=group-C5BA1605619E,id=om1
2021-11-15 19:21:46,797 [Listener at 127.0.0.1/38415] INFO  impl.RoleInfo (RoleInfo.java:shutdownLeaderState(91)) - om1: shutdown om1@group-C5BA1605619E-LeaderStateImpl
2021-11-15 19:21:46,798 [Listener at 127.0.0.1/38415] INFO  impl.PendingRequests (PendingRequests.java:sendNotLeaderResponses(282)) - om1@group-C5BA1605619E-PendingRequests: sendNotLeaderResponses
2021-11-15 19:21:46,800 [om1@group-C5BA1605619E-StateMachineUpdater] INFO  ratis.OzoneManagerStateMachine (OzoneManagerStateMachine.java:takeSnapshot(417)) - Current Snapshot Index (t:1, i:6)
2021-11-15 19:21:46,801 [om1@group-C5BA1605619E-StateMachineUpdater] INFO  impl.StateMachineUpdater (StateMachineUpdater.java:takeSnapshot(281)) - om1@group-C5BA1605619E-StateMachineUpdater: Took a snapshot at index 6
2021-11-15 19:21:46,801 [om1@group-C5BA1605619E-StateMachineUpdater] INFO  impl.StateMachineUpdater (StateMachineUpdater.java:lambda$new$0(89)) - om1@group-C5BA1605619E-StateMachineUpdater: snapshotIndex: updateIncreasingly -1 -> 6
2021-11-15 19:21:46,801 [om1@group-C5BA1605619E-StateMachineUpdater] INFO  ratis.OzoneManagerStateMachine (OzoneManagerStateMachine.java:close(471)) - StateMachine has shutdown. Shutdown OzoneManager if not already shutdown.
2021-11-15 19:21:46,803 [Listener at 127.0.0.1/38415] INFO  impl.StateMachineUpdater (StateMachineUpdater.java:stopAndJoin(149)) - om1@group-C5BA1605619E-StateMachineUpdater: set stopIndex = 6
2021-11-15 19:21:46,803 [Listener at 127.0.0.1/38415] INFO  server.RaftServer$Division (ServerState.java:close(419)) - om1@group-C5BA1605619E: closes. applyIndex: 6
2021-11-15 19:21:46,803 [om1@group-C5BA1605619E-SegmentedRaftLogWorker] INFO  segmented.SegmentedRaftLogWorker (SegmentedRaftLogWorker.java:run(327)) - om1@group-C5BA1605619E-SegmentedRaftLogWorker was interrupted, exiting. There are 0 tasks remaining in the queue.
2021-11-15 19:21:46,813 [Listener at 127.0.0.1/38415] INFO  segmented.SegmentedRaftLogWorker (SegmentedRaftLogWorker.java:close(237)) - om1@group-C5BA1605619E-SegmentedRaftLogWorker close()
2021-11-15 19:21:46,814 [Listener at 127.0.0.1/38415] INFO  server.GrpcService (GrpcService.java:closeImpl(262)) - om1: shutdown server with port 9872 now
2021-11-15 19:21:46,814 [Listener at 127.0.0.1/38415] INFO  server.GrpcService (GrpcService.java:closeImpl(271)) - om1: shutdown server with port 9872 successfully
2021-11-15 19:21:46,815 [org.apache.ratis.util.JvmPauseMonitor$$Lambda$531/1332130488@4d6b5374] INFO  util.JvmPauseMonitor (JvmPauseMonitor.java:run(109)) - JvmPauseMonitor-om1: Stopped
2021-11-15 19:21:46,815 [Listener at 127.0.0.1/38415] INFO  ratis.OzoneManagerDoubleBuffer (OzoneManagerDoubleBuffer.java:stop(437)) - Stopping OMDoubleBuffer flush thread
2021-11-15 19:21:46,815 [OMDoubleBufferFlushThread] INFO  ratis.OzoneManagerDoubleBuffer (OzoneManagerDoubleBuffer.java:flushTransactions(356)) - OMDoubleBuffer flush thread OMDoubleBufferFlushThread is interrupted and will exit. OMDoubleBufferFlushThread
2021-11-15 19:21:46,824 [Listener at 127.0.0.1/38415] INFO  utils.BackgroundService (BackgroundService.java:shutdown(132)) - Shutting down service KeyDeletingService
2021-11-15 19:21:46,825 [Listener at 127.0.0.1/38415] INFO  utils.BackgroundService (BackgroundService.java:shutdown(132)) - Shutting down service DirectoryDeletingService
2021-11-15 19:21:46,828 [Listener at 127.0.0.1/38415] INFO  handler.ContextHandler (ContextHandler.java:doStop(1153)) - Stopped o.e.j.w.WebAppContext@e4745e2{ozoneManager,/,null,STOPPED}{file:/home/runner/work/ozone/ozone/hadoop-ozone/integration-test/target/test-classes/webapps/ozoneManager}
2021-11-15 19:21:46,833 [Listener at 127.0.0.1/38415] INFO  server.AbstractConnector (AbstractConnector.java:doStop(381)) - Stopped ServerConnector@c91cf47{HTTP/1.1, (http/1.1)}{0.0.0.0:0}
2021-11-15 19:21:46,834 [Listener at 127.0.0.1/38415] INFO  server.session (HouseKeeper.java:stopScavenging(149)) - node0 Stopped scavenging
2021-11-15 19:21:46,834 [Listener at 127.0.0.1/38415] INFO  handler.ContextHandler (ContextHandler.java:doStop(1153)) - Stopped o.e.j.s.ServletContextHandler@1c5f6245{static,/static,file:///home/runner/work/ozone/ozone/hadoop-ozone/integration-test/target/test-classes/webapps/static,STOPPED}
2021-11-15 19:21:46,834 [Listener at 127.0.0.1/38415] INFO  handler.ContextHandler (ContextHandler.java:doStop(1153)) - Stopped o.e.j.s.ServletContextHandler@7b00fe7d{logs,/logs,file:///home/runner/work/ozone/ozone/hadoop-ozone/integration-test/target/log,STOPPED}
2021-11-15 19:21:46,840 [Listener at 127.0.0.1/38415] INFO  ozone.MiniOzoneClusterImpl (MiniOzoneClusterImpl.java:stopDatanodes(527)) - Stopping the HddsDatanodes
2021-11-15 19:21:47,725 [Command processor thread] INFO  server.RaftServer (RaftServerProxy.java:remove(106)) - 087c2b0c-5b45-457f-ac23-38cb521b1b9c: remove  FOLLOWER 087c2b0c-5b45-457f-ac23-38cb521b1b9c@group-614A0F279F51:t1, leader=null, voted=null, raftlog=087c2b0c-5b45-457f-ac23-38cb521b1b9c@group-614A0F279F51-SegmentedRaftLog:OPENED:c-1, conf=-1: [72af5abb-0a78-4b64-9517-3021125997b8|rpc:10.1.0.16:45855|dataStream:|priority:0, 1d1c653c-c24c-4f9f-93f8-363bcaedc7a6|rpc:10.1.0.16:44043|dataStream:|priority:0, 087c2b0c-5b45-457f-ac23-38cb521b1b9c|rpc:10.1.0.16:32799|dataStream:|priority:1], old=null RUNNING
2021-11-15 19:21:47,726 [Command processor thread] INFO  server.RaftServer$Division (RaftServerImpl.java:lambda$close$4(412)) - 087c2b0c-5b45-457f-ac23-38cb521b1b9c@group-614A0F279F51: shutdown
2021-11-15 19:21:47,726 [Command processor thread] INFO  util.JmxRegister (JmxRegister.java:unregister(73)) - Successfully un-registered JMX Bean with object name Ratis:service=RaftServer,group=group-614A0F279F51,id=087c2b0c-5b45-457f-ac23-38cb521b1b9c
2021-11-15 19:21:47,726 [Command processor thread] INFO  impl.RoleInfo (RoleInfo.java:shutdownFollowerState(108)) - 087c2b0c-5b45-457f-ac23-38cb521b1b9c: shutdown 087c2b0c-5b45-457f-ac23-38cb521b1b9c@group-614A0F279F51-FollowerState
2021-11-15 19:21:47,726 [Command processor thread] INFO  impl.StateMachineUpdater (StateMachineUpdater.java:stopAndJoin(149)) - 087c2b0c-5b45-457f-ac23-38cb521b1b9c@group-614A0F279F51-StateMachineUpdater: set stopIndex = -1
2021-11-15 19:21:47,726 [087c2b0c-5b45-457f-ac23-38cb521b1b9c@group-614A0F279F51-FollowerState] INFO  impl.FollowerState (FollowerState.java:run(143)) - 087c2b0c-5b45-457f-ac23-38cb521b1b9c@group-614A0F279F51-FollowerState was interrupted: {}
java.lang.InterruptedException: sleep interrupted
	at java.lang.Thread.sleep(Native Method)
	at java.lang.Thread.sleep(Thread.java:340)
	at java.util.concurrent.TimeUnit.sleep(TimeUnit.java:386)
	at org.apache.ratis.util.TimeDuration.sleep(TimeDuration.java:324)
	at org.apache.ratis.util.TimeDuration.sleep(TimeDuration.java:309)
	at org.apache.ratis.server.impl.FollowerState.run(FollowerState.java:118)
2021-11-15 19:21:47,727 [Command processor thread] INFO  server.RaftServer$Division (ServerState.java:close(419)) - 087c2b0c-5b45-457f-ac23-38cb521b1b9c@group-614A0F279F51: closes. applyIndex: -1
2021-11-15 19:21:47,730 [087c2b0c-5b45-457f-ac23-38cb521b1b9c@group-614A0F279F51-SegmentedRaftLogWorker] INFO  segmented.SegmentedRaftLogWorker (SegmentedRaftLogWorker.java:run(327)) - 087c2b0c-5b45-457f-ac23-38cb521b1b9c@group-614A0F279F51-SegmentedRaftLogWorker was interrupted, exiting. There are 0 tasks remaining in the queue.
2021-11-15 19:21:47,730 [Command processor thread] INFO  segmented.SegmentedRaftLogWorker (SegmentedRaftLogWorker.java:close(237)) - 087c2b0c-5b45-457f-ac23-38cb521b1b9c@group-614A0F279F51-SegmentedRaftLogWorker close()
2021-11-15 19:21:47,732 [Command processor thread] INFO  server.RaftServer$Division (RaftServerImpl.java:groupRemove(382)) - 087c2b0c-5b45-457f-ac23-38cb521b1b9c@group-614A0F279F51: Succeed to remove RaftStorageDirectory Storage Directory /home/runner/work/ozone/ozone/hadoop-ozone/integration-test/target/test-dir/MiniOzoneClusterImpl-edab3eb4-5721-4c35-be90-debfdbe0e37e/datanode-6/data/ratis/ccacdba9-3741-41e6-9681-614a0f279f51
2021-11-15 19:21:47,732 [Command processor thread] INFO  commandhandler.ClosePipelineCommandHandler (ClosePipelineCommandHandler.java:handle(78)) - Close Pipeline PipelineID=ccacdba9-3741-41e6-9681-614a0f279f51 command on datanode 087c2b0c-5b45-457f-ac23-38cb521b1b9c.
2021-11-15 19:21:47,847 [1d1c653c-c24c-4f9f-93f8-363bcaedc7a6@group-614A0F279F51-FollowerState] INFO  impl.FollowerState (FollowerState.java:run(134)) - 1d1c653c-c24c-4f9f-93f8-363bcaedc7a6@group-614A0F279F51-FollowerState: change to CANDIDATE, lastRpcElapsedTime:5069730706ns, electionTimeout:5064ms
2021-11-15 19:21:47,847 [1d1c653c-c24c-4f9f-93f8-363bcaedc7a6@group-614A0F279F51-FollowerState] INFO  impl.RoleInfo (RoleInfo.java:shutdownFollowerState(108)) - 1d1c653c-c24c-4f9f-93f8-363bcaedc7a6: shutdown 1d1c653c-c24c-4f9f-93f8-363bcaedc7a6@group-614A0F279F51-FollowerState
2021-11-15 19:21:47,848 [1d1c653c-c24c-4f9f-93f8-363bcaedc7a6@group-614A0F279F51-FollowerState] INFO  server.RaftServer$Division (RaftServerImpl.java:setRole(290)) - 1d1c653c-c24c-4f9f-93f8-363bcaedc7a6@group-614A0F279F51: changes role from  FOLLOWER to CANDIDATE at term 1 for changeToCandidate
2021-11-15 19:21:47,848 [1d1c653c-c24c-4f9f-93f8-363bcaedc7a6@group-614A0F279F51-FollowerState] INFO  server.RaftServerConfigKeys (ConfUtils.java:logGet(44)) - raft.server.leaderelection.pre-vote = false (custom)
2021-11-15 19:21:47,848 [1d1c653c-c24c-4f9f-93f8-363bcaedc7a6@group-614A0F279F51-FollowerState] INFO  impl.RoleInfo (RoleInfo.java:updateAndGet(130)) - 1d1c653c-c24c-4f9f-93f8-363bcaedc7a6: start 1d1c653c-c24c-4f9f-93f8-363bcaedc7a6@group-614A0F279F51-LeaderElection30
2021-11-15 19:21:47,858 [1d1c653c-c24c-4f9f-93f8-363bcaedc7a6@group-614A0F279F51-LeaderElection30] INFO  impl.LeaderElection (LeaderElection.java:askForVotes(306)) - 1d1c653c-c24c-4f9f-93f8-363bcaedc7a6@group-614A0F279F51-LeaderElection30 ELECTION round 0: submit vote requests at term 2 for -1: [72af5abb-0a78-4b64-9517-3021125997b8|rpc:10.1.0.16:45855|priority:0, 1d1c653c-c24c-4f9f-93f8-363bcaedc7a6|rpc:10.1.0.16:44043|priority:0, 087c2b0c-5b45-457f-ac23-38cb521b1b9c|rpc:10.1.0.16:32799|priority:1], old=null
2021-11-15 19:21:47,866 [1d1c653c-c24c-4f9f-93f8-363bcaedc7a6@group-614A0F279F51-LeaderElection30] INFO  impl.LeaderElection (LogUtils.java:infoOrTrace(137)) - 1d1c653c-c24c-4f9f-93f8-363bcaedc7a6@group-614A0F279F51-LeaderElection30 got exception when requesting votes: java.util.concurrent.ExecutionException: org.apache.ratis.thirdparty.io.grpc.StatusRuntimeException: UNAVAILABLE: io exception
2021-11-15 19:21:47,869 [grpc-default-executor-2] WARN  server.GrpcServerProtocolService (LogUtils.java:warn(124)) - 087c2b0c-5b45-457f-ac23-38cb521b1b9c: Failed requestVote 1d1c653c-c24c-4f9f-93f8-363bcaedc7a6->087c2b0c-5b45-457f-ac23-38cb521b1b9c#0
org.apache.ratis.protocol.exceptions.GroupMismatchException: 087c2b0c-5b45-457f-ac23-38cb521b1b9c: group-614A0F279F51 not found.
	at org.apache.ratis.server.impl.RaftServerProxy$ImplMap.get(RaftServerProxy.java:147)
	at org.apache.ratis.server.impl.RaftServerProxy.getImplFuture(RaftServerProxy.java:339)
	at org.apache.ratis.server.impl.RaftServerProxy.getImpl(RaftServerProxy.java:348)
	at org.apache.ratis.server.impl.RaftServerProxy.getImpl(RaftServerProxy.java:343)
	at org.apache.ratis.server.impl.RaftServerProxy.requestVote(RaftServerProxy.java:548)
	at org.apache.ratis.grpc.server.GrpcServerProtocolService.requestVote(GrpcServerProtocolService.java:172)
	at org.apache.ratis.proto.grpc.RaftServerProtocolServiceGrpc$MethodHandlers.invoke(RaftServerProtocolServiceGrpc.java:394)
	at org.apache.ratis.thirdparty.io.grpc.stub.ServerCalls$UnaryServerCallHandler$UnaryServerCallListener.onHalfClose(ServerCalls.java:182)
	at org.apache.ratis.thirdparty.io.grpc.PartialForwardingServerCallListener.onHalfClose(PartialForwardingServerCallListener.java:35)
	at org.apache.ratis.thirdparty.io.grpc.ForwardingServerCallListener.onHalfClose(ForwardingServerCallListener.java:23)
	at org.apache.ratis.thirdparty.io.grpc.internal.ServerCallImpl$ServerStreamListenerImpl.halfClosed(ServerCallImpl.java:331)
	at org.apache.ratis.thirdparty.io.grpc.internal.ServerImpl$JumpToApplicationThreadServerStreamListener$1HalfClosed.runInContext(ServerImpl.java:814)
	at org.apache.ratis.thirdparty.io.grpc.internal.ContextRunnable.run(ContextRunnable.java:37)
	at org.apache.ratis.thirdparty.io.grpc.internal.SerializingExecutor.run(SerializingExecutor.java:123)
	at java.util.concurrent.ThreadPoolExecutor.runWorker(ThreadPoolExecutor.java:1149)
	at java.util.concurrent.ThreadPoolExecutor$Worker.run(ThreadPoolExecutor.java:624)
	at java.lang.Thread.run(Thread.java:748)
2021-11-15 19:21:47,877 [1d1c653c-c24c-4f9f-93f8-363bcaedc7a6@group-614A0F279F51-LeaderElection30] INFO  impl.LeaderElection (LogUtils.java:infoOrTrace(137)) - 1d1c653c-c24c-4f9f-93f8-363bcaedc7a6@group-614A0F279F51-LeaderElection30 got exception when requesting votes: java.util.concurrent.ExecutionException: org.apache.ratis.thirdparty.io.grpc.StatusRuntimeException: INTERNAL: 087c2b0c-5b45-457f-ac23-38cb521b1b9c: group-614A0F279F51 not found.
2021-11-15 19:21:47,877 [1d1c653c-c24c-4f9f-93f8-363bcaedc7a6@group-614A0F279F51-LeaderElection30] INFO  impl.LeaderElection (LeaderElection.java:logAndReturn(89)) - 1d1c653c-c24c-4f9f-93f8-363bcaedc7a6@group-614A0F279F51-LeaderElection30: ELECTION REJECTED received 0 response(s) and 2 exception(s):
2021-11-15 19:21:47,877 [1d1c653c-c24c-4f9f-93f8-363bcaedc7a6@group-614A0F279F51-LeaderElection30] INFO  impl.LeaderElection (LogUtils.java:infoOrTrace(137)) -   Exception 0: java.util.concurrent.ExecutionException: org.apache.ratis.thirdparty.io.grpc.StatusRuntimeException: UNAVAILABLE: io exception
2021-11-15 19:21:47,877 [1d1c653c-c24c-4f9f-93f8-363bcaedc7a6@group-614A0F279F51-LeaderElection30] INFO  impl.LeaderElection (LogUtils.java:infoOrTrace(137)) -   Exception 1: java.util.concurrent.ExecutionException: org.apache.ratis.thirdparty.io.grpc.StatusRuntimeException: INTERNAL: 087c2b0c-5b45-457f-ac23-38cb521b1b9c: group-614A0F279F51 not found.
2021-11-15 19:21:47,877 [1d1c653c-c24c-4f9f-93f8-363bcaedc7a6@group-614A0F279F51-LeaderElection30] INFO  impl.LeaderElection (LeaderElection.java:askForVotes(308)) - 1d1c653c-c24c-4f9f-93f8-363bcaedc7a6@group-614A0F279F51-LeaderElection30 ELECTION round 0: result REJECTED
2021-11-15 19:21:47,877 [1d1c653c-c24c-4f9f-93f8-363bcaedc7a6@group-614A0F279F51-LeaderElection30] INFO  server.RaftServer$Division (RaftServerImpl.java:setRole(290)) - 1d1c653c-c24c-4f9f-93f8-363bcaedc7a6@group-614A0F279F51: changes role from CANDIDATE to FOLLOWER at term 2 for REJECTED
2021-11-15 19:21:47,877 [1d1c653c-c24c-4f9f-93f8-363bcaedc7a6@group-614A0F279F51-LeaderElection30] INFO  impl.RoleInfo (RoleInfo.java:shutdownLeaderElection(121)) - 1d1c653c-c24c-4f9f-93f8-363bcaedc7a6: shutdown 1d1c653c-c24c-4f9f-93f8-363bcaedc7a6@group-614A0F279F51-LeaderElection30
2021-11-15 19:21:47,877 [1d1c653c-c24c-4f9f-93f8-363bcaedc7a6@group-614A0F279F51-LeaderElection30] INFO  impl.RoleInfo (RoleInfo.java:updateAndGet(130)) - 1d1c653c-c24c-4f9f-93f8-363bcaedc7a6: start 1d1c653c-c24c-4f9f-93f8-363bcaedc7a6@group-614A0F279F51-FollowerState
2021-11-15 19:21:51,846 [Listener at 127.0.0.1/38415] INFO  ozoneimpl.OzoneContainer (OzoneContainer.java:stop(325)) - Attempting to stop container services.
2021-11-15 19:21:51,847 [Listener at 127.0.0.1/38415] INFO  server.RaftServer (RaftServerProxy.java:lambda$close$6(391)) - 1d1c653c-c24c-4f9f-93f8-363bcaedc7a6: close
2021-11-15 19:21:51,847 [Listener at 127.0.0.1/38415] INFO  server.RaftServer$Division (RaftServerImpl.java:lambda$close$4(412)) - 1d1c653c-c24c-4f9f-93f8-363bcaedc7a6@group-82C3BFF6EC3D: shutdown
2021-11-15 19:21:51,847 [Listener at 127.0.0.1/38415] INFO  util.JmxRegister (JmxRegister.java:unregister(73)) - Successfully un-registered JMX Bean with object name Ratis:service=RaftServer,group=group-82C3BFF6EC3D,id=1d1c653c-c24c-4f9f-93f8-363bcaedc7a6
2021-11-15 19:21:51,847 [Listener at 127.0.0.1/38415] INFO  impl.RoleInfo (RoleInfo.java:shutdownLeaderState(91)) - 1d1c653c-c24c-4f9f-93f8-363bcaedc7a6: shutdown 1d1c653c-c24c-4f9f-93f8-363bcaedc7a6@group-82C3BFF6EC3D-LeaderStateImpl
2021-11-15 19:21:51,848 [Listener at 127.0.0.1/38415] INFO  impl.PendingRequests (PendingRequests.java:sendNotLeaderResponses(282)) - 1d1c653c-c24c-4f9f-93f8-363bcaedc7a6@group-82C3BFF6EC3D-PendingRequests: sendNotLeaderResponses
2021-11-15 19:21:51,848 [Listener at 127.0.0.1/38415] INFO  impl.StateMachineUpdater (StateMachineUpdater.java:stopAndJoin(149)) - 1d1c653c-c24c-4f9f-93f8-363bcaedc7a6@group-82C3BFF6EC3D-StateMachineUpdater: set stopIndex = 0
2021-11-15 19:21:51,848 [1d1c653c-c24c-4f9f-93f8-363bcaedc7a6@group-82C3BFF6EC3D-StateMachineUpdater] INFO  ratis.ContainerStateMachine (ContainerStateMachine.java:takeSnapshot(292)) - group-82C3BFF6EC3D: Taking a snapshot at:(t:1, i:0) file /home/runner/work/ozone/ozone/hadoop-ozone/integration-test/target/test-dir/MiniOzoneClusterImpl-edab3eb4-5721-4c35-be90-debfdbe0e37e/datanode-3/data/ratis/6d4605b9-3d7e-4b83-bb0d-82c3bff6ec3d/sm/snapshot.1_0
2021-11-15 19:21:51,849 [ForkJoinPool.commonPool-worker-0] INFO  ozoneimpl.OzoneContainer (OzoneContainer.java:stop(325)) - Attempting to stop container services.
2021-11-15 19:21:51,850 [ForkJoinPool.commonPool-worker-0] INFO  server.RaftServer (RaftServerProxy.java:lambda$close$6(391)) - bce623f1-3c31-45ef-9861-869f671ae311: close
2021-11-15 19:21:51,850 [ForkJoinPool.commonPool-worker-0] INFO  server.RaftServer$Division (RaftServerImpl.java:lambda$close$4(412)) - bce623f1-3c31-45ef-9861-869f671ae311@group-9B0D820938DF: shutdown
2021-11-15 19:21:51,850 [ForkJoinPool.commonPool-worker-0] INFO  util.JmxRegister (JmxRegister.java:unregister(73)) - Successfully un-registered JMX Bean with object name Ratis:service=RaftServer,group=group-9B0D820938DF,id=bce623f1-3c31-45ef-9861-869f671ae311
2021-11-15 19:21:51,850 [ForkJoinPool.commonPool-worker-0] INFO  impl.RoleInfo (RoleInfo.java:shutdownFollowerState(108)) - bce623f1-3c31-45ef-9861-869f671ae311: shutdown bce623f1-3c31-45ef-9861-869f671ae311@group-9B0D820938DF-FollowerState
2021-11-15 19:21:51,850 [ForkJoinPool.commonPool-worker-0] INFO  impl.StateMachineUpdater (StateMachineUpdater.java:stopAndJoin(149)) - bce623f1-3c31-45ef-9861-869f671ae311@group-9B0D820938DF-StateMachineUpdater: set stopIndex = 0
2021-11-15 19:21:51,850 [bce623f1-3c31-45ef-9861-869f671ae311@group-9B0D820938DF-FollowerState] INFO  impl.FollowerState (FollowerState.java:run(143)) - bce623f1-3c31-45ef-9861-869f671ae311@group-9B0D820938DF-FollowerState was interrupted: {}
java.lang.InterruptedException: sleep interrupted
	at java.lang.Thread.sleep(Native Method)
	at java.lang.Thread.sleep(Thread.java:340)
	at java.util.concurrent.TimeUnit.sleep(TimeUnit.java:386)
	at org.apache.ratis.util.TimeDuration.sleep(TimeDuration.java:324)
	at org.apache.ratis.util.TimeDuration.sleep(TimeDuration.java:309)
	at org.apache.ratis.server.impl.FollowerState.run(FollowerState.java:118)
2021-11-15 19:21:51,850 [bce623f1-3c31-45ef-9861-869f671ae311@group-9B0D820938DF-StateMachineUpdater] INFO  ratis.ContainerStateMachine (ContainerStateMachine.java:takeSnapshot(292)) - group-9B0D820938DF: Taking a snapshot at:(t:5, i:0) file /home/runner/work/ozone/ozone/hadoop-ozone/integration-test/target/test-dir/MiniOzoneClusterImpl-edab3eb4-5721-4c35-be90-debfdbe0e37e/datanode-1/data/ratis/430698ac-9a5d-4310-9d5d-9b0d820938df/sm/snapshot.5_0
2021-11-15 19:21:51,850 [1d1c653c-c24c-4f9f-93f8-363bcaedc7a6@group-82C3BFF6EC3D-StateMachineUpdater] INFO  ratis.ContainerStateMachine (ContainerStateMachine.java:takeSnapshot(303)) - group-82C3BFF6EC3D: Finished taking a snapshot at:(t:1, i:0) file:/home/runner/work/ozone/ozone/hadoop-ozone/integration-test/target/test-dir/MiniOzoneClusterImpl-edab3eb4-5721-4c35-be90-debfdbe0e37e/datanode-3/data/ratis/6d4605b9-3d7e-4b83-bb0d-82c3bff6ec3d/sm/snapshot.1_0 took: 2 ms
2021-11-15 19:21:51,851 [1d1c653c-c24c-4f9f-93f8-363bcaedc7a6@group-82C3BFF6EC3D-StateMachineUpdater] INFO  impl.StateMachineUpdater (StateMachineUpdater.java:takeSnapshot(281)) - 1d1c653c-c24c-4f9f-93f8-363bcaedc7a6@group-82C3BFF6EC3D-StateMachineUpdater: Took a snapshot at index 0
2021-11-15 19:21:51,851 [1d1c653c-c24c-4f9f-93f8-363bcaedc7a6@group-82C3BFF6EC3D-StateMachineUpdater] INFO  impl.StateMachineUpdater (StateMachineUpdater.java:lambda$new$0(89)) - 1d1c653c-c24c-4f9f-93f8-363bcaedc7a6@group-82C3BFF6EC3D-StateMachineUpdater: snapshotIndex: updateIncreasingly -1 -> 0
2021-11-15 19:21:51,851 [bce623f1-3c31-45ef-9861-869f671ae311@group-9B0D820938DF-StateMachineUpdater] INFO  ratis.ContainerStateMachine (ContainerStateMachine.java:takeSnapshot(303)) - group-9B0D820938DF: Finished taking a snapshot at:(t:5, i:0) file:/home/runner/work/ozone/ozone/hadoop-ozone/integration-test/target/test-dir/MiniOzoneClusterImpl-edab3eb4-5721-4c35-be90-debfdbe0e37e/datanode-1/data/ratis/430698ac-9a5d-4310-9d5d-9b0d820938df/sm/snapshot.5_0 took: 1 ms
2021-11-15 19:21:51,851 [Listener at 127.0.0.1/38415] INFO  server.RaftServer$Division (ServerState.java:close(419)) - 1d1c653c-c24c-4f9f-93f8-363bcaedc7a6@group-82C3BFF6EC3D: closes. applyIndex: 0
2021-11-15 19:21:51,851 [1d1c653c-c24c-4f9f-93f8-363bcaedc7a6@group-82C3BFF6EC3D-SegmentedRaftLogWorker] INFO  segmented.SegmentedRaftLogWorker (SegmentedRaftLogWorker.java:run(327)) - 1d1c653c-c24c-4f9f-93f8-363bcaedc7a6@group-82C3BFF6EC3D-SegmentedRaftLogWorker was interrupted, exiting. There are 0 tasks remaining in the queue.
2021-11-15 19:21:51,851 [bce623f1-3c31-45ef-9861-869f671ae311@group-9B0D820938DF-StateMachineUpdater] INFO  impl.StateMachineUpdater (StateMachineUpdater.java:takeSnapshot(281)) - bce623f1-3c31-45ef-9861-869f671ae311@group-9B0D820938DF-StateMachineUpdater: Took a snapshot at index 0
2021-11-15 19:21:51,852 [bce623f1-3c31-45ef-9861-869f671ae311@group-9B0D820938DF-StateMachineUpdater] INFO  impl.StateMachineUpdater (StateMachineUpdater.java:lambda$new$0(89)) - bce623f1-3c31-45ef-9861-869f671ae311@group-9B0D820938DF-StateMachineUpdater: snapshotIndex: updateIncreasingly -1 -> 0
2021-11-15 19:21:51,852 [ForkJoinPool.commonPool-worker-0] INFO  server.RaftServer$Division (ServerState.java:close(419)) - bce623f1-3c31-45ef-9861-869f671ae311@group-9B0D820938DF: closes. applyIndex: 0
2021-11-15 19:21:51,852 [bce623f1-3c31-45ef-9861-869f671ae311@group-9B0D820938DF-SegmentedRaftLogWorker] INFO  segmented.SegmentedRaftLogWorker (SegmentedRaftLogWorker.java:run(327)) - bce623f1-3c31-45ef-9861-869f671ae311@group-9B0D820938DF-SegmentedRaftLogWorker was interrupted, exiting. There are 0 tasks remaining in the queue.
2021-11-15 19:21:51,855 [ForkJoinPool.commonPool-worker-0] INFO  segmented.SegmentedRaftLogWorker (SegmentedRaftLogWorker.java:close(237)) - bce623f1-3c31-45ef-9861-869f671ae311@group-9B0D820938DF-SegmentedRaftLogWorker close()
2021-11-15 19:21:51,856 [Listener at 127.0.0.1/38415] INFO  segmented.SegmentedRaftLogWorker (SegmentedRaftLogWorker.java:close(237)) - 1d1c653c-c24c-4f9f-93f8-363bcaedc7a6@group-82C3BFF6EC3D-SegmentedRaftLogWorker close()
2021-11-15 19:21:51,856 [ForkJoinPool.commonPool-worker-0] INFO  server.RaftServer$Division (RaftServerImpl.java:lambda$close$4(412)) - bce623f1-3c31-45ef-9861-869f671ae311@group-3123CD3C107D: shutdown
2021-11-15 19:21:51,857 [ForkJoinPool.commonPool-worker-0] INFO  util.JmxRegister (JmxRegister.java:unregister(73)) - Successfully un-registered JMX Bean with object name Ratis:service=RaftServer,group=group-3123CD3C107D,id=bce623f1-3c31-45ef-9861-869f671ae311
2021-11-15 19:21:51,857 [ForkJoinPool.commonPool-worker-0] INFO  impl.RoleInfo (RoleInfo.java:shutdownLeaderState(91)) - bce623f1-3c31-45ef-9861-869f671ae311: shutdown bce623f1-3c31-45ef-9861-869f671ae311@group-3123CD3C107D-LeaderStateImpl
2021-11-15 19:21:51,857 [bce623f1-3c31-45ef-9861-869f671ae311@group-3123CD3C107D->5f24cb3a-787a-4f69-a830-2d3d8b70745a-GrpcLogAppender-LogAppenderDaemon] WARN  server.GrpcLogAppender (GrpcLogAppender.java:mayWait(177)) - bce623f1-3c31-45ef-9861-869f671ae311@group-3123CD3C107D->5f24cb3a-787a-4f69-a830-2d3d8b70745a-GrpcLogAppender: Wait interrupted by java.lang.InterruptedException
2021-11-15 19:21:51,857 [ForkJoinPool.commonPool-worker-0] INFO  impl.PendingRequests (PendingRequests.java:sendNotLeaderResponses(282)) - bce623f1-3c31-45ef-9861-869f671ae311@group-3123CD3C107D-PendingRequests: sendNotLeaderResponses
2021-11-15 19:21:51,857 [ForkJoinPool.commonPool-worker-0] INFO  impl.StateMachineUpdater (StateMachineUpdater.java:stopAndJoin(149)) - bce623f1-3c31-45ef-9861-869f671ae311@group-3123CD3C107D-StateMachineUpdater: set stopIndex = 0
2021-11-15 19:21:51,857 [bce623f1-3c31-45ef-9861-869f671ae311@group-3123CD3C107D-StateMachineUpdater] INFO  ratis.ContainerStateMachine (ContainerStateMachine.java:takeSnapshot(292)) - group-3123CD3C107D: Taking a snapshot at:(t:6, i:0) file /home/runner/work/ozone/ozone/hadoop-ozone/integration-test/target/test-dir/MiniOzoneClusterImpl-edab3eb4-5721-4c35-be90-debfdbe0e37e/datanode-1/data/ratis/35d75f5e-aa39-420d-bbb8-3123cd3c107d/sm/snapshot.6_0
2021-11-15 19:21:51,857 [Listener at 127.0.0.1/38415] INFO  server.RaftServer$Division (RaftServerImpl.java:lambda$close$4(412)) - 1d1c653c-c24c-4f9f-93f8-363bcaedc7a6@group-614A0F279F51: shutdown
2021-11-15 19:21:51,858 [Listener at 127.0.0.1/38415] INFO  util.JmxRegister (JmxRegister.java:unregister(73)) - Successfully un-registered JMX Bean with object name Ratis:service=RaftServer,group=group-614A0F279F51,id=1d1c653c-c24c-4f9f-93f8-363bcaedc7a6
2021-11-15 19:21:51,858 [Listener at 127.0.0.1/38415] INFO  impl.RoleInfo (RoleInfo.java:shutdownFollowerState(108)) - 1d1c653c-c24c-4f9f-93f8-363bcaedc7a6: shutdown 1d1c653c-c24c-4f9f-93f8-363bcaedc7a6@group-614A0F279F51-FollowerState
2021-11-15 19:21:51,858 [Listener at 127.0.0.1/38415] INFO  impl.StateMachineUpdater (StateMachineUpdater.java:stopAndJoin(149)) - 1d1c653c-c24c-4f9f-93f8-363bcaedc7a6@group-614A0F279F51-StateMachineUpdater: set stopIndex = -1
2021-11-15 19:21:51,858 [Listener at 127.0.0.1/38415] INFO  server.RaftServer$Division (ServerState.java:close(419)) - 1d1c653c-c24c-4f9f-93f8-363bcaedc7a6@group-614A0F279F51: closes. applyIndex: -1
2021-11-15 19:21:51,858 [1d1c653c-c24c-4f9f-93f8-363bcaedc7a6@group-614A0F279F51-SegmentedRaftLogWorker] INFO  segmented.SegmentedRaftLogWorker (SegmentedRaftLogWorker.java:run(327)) - 1d1c653c-c24c-4f9f-93f8-363bcaedc7a6@group-614A0F279F51-SegmentedRaftLogWorker was interrupted, exiting. There are 0 tasks remaining in the queue.
2021-11-15 19:21:51,858 [grpc-default-executor-2] INFO  server.GrpcServerProtocolService (GrpcServerProtocolService.java:onCompleted(140)) - 5f24cb3a-787a-4f69-a830-2d3d8b70745a: Completed APPEND_ENTRIES, lastRequest: bce623f1-3c31-45ef-9861-869f671ae311->5f24cb3a-787a-4f69-a830-2d3d8b70745a#1-t6,previous=(t:0, i:0),leaderCommit=-1,initializing? true,entries: size=1, first=(t:6, i:0), CONFIGURATIONENTRY
2021-11-15 19:21:51,858 [Listener at 127.0.0.1/38415] INFO  segmented.SegmentedRaftLogWorker (SegmentedRaftLogWorker.java:close(237)) - 1d1c653c-c24c-4f9f-93f8-363bcaedc7a6@group-614A0F279F51-SegmentedRaftLogWorker close()
2021-11-15 19:21:51,858 [1d1c653c-c24c-4f9f-93f8-363bcaedc7a6@group-614A0F279F51-FollowerState] INFO  impl.FollowerState (FollowerState.java:run(143)) - 1d1c653c-c24c-4f9f-93f8-363bcaedc7a6@group-614A0F279F51-FollowerState was interrupted: {}
java.lang.InterruptedException: sleep interrupted
	at java.lang.Thread.sleep(Native Method)
	at java.lang.Thread.sleep(Thread.java:340)
	at java.util.concurrent.TimeUnit.sleep(TimeUnit.java:386)
	at org.apache.ratis.util.TimeDuration.sleep(TimeDuration.java:324)
	at org.apache.ratis.util.TimeDuration.sleep(TimeDuration.java:309)
	at org.apache.ratis.server.impl.FollowerState.run(FollowerState.java:118)
2021-11-15 19:21:51,858 [bce623f1-3c31-45ef-9861-869f671ae311@group-3123CD3C107D->c038e53c-4808-40a4-bcac-87a6adf6dbd8-GrpcLogAppender-LogAppenderDaemon] WARN  server.GrpcLogAppender (GrpcLogAppender.java:mayWait(177)) - bce623f1-3c31-45ef-9861-869f671ae311@group-3123CD3C107D->c038e53c-4808-40a4-bcac-87a6adf6dbd8-GrpcLogAppender: Wait interrupted by java.lang.InterruptedException
2021-11-15 19:21:51,861 [bce623f1-3c31-45ef-9861-869f671ae311@group-3123CD3C107D-StateMachineUpdater] INFO  ratis.ContainerStateMachine (ContainerStateMachine.java:takeSnapshot(303)) - group-3123CD3C107D: Finished taking a snapshot at:(t:6, i:0) file:/home/runner/work/ozone/ozone/hadoop-ozone/integration-test/target/test-dir/MiniOzoneClusterImpl-edab3eb4-5721-4c35-be90-debfdbe0e37e/datanode-1/data/ratis/35d75f5e-aa39-420d-bbb8-3123cd3c107d/sm/snapshot.6_0 took: 4 ms
2021-11-15 19:21:51,862 [bce623f1-3c31-45ef-9861-869f671ae311@group-3123CD3C107D-StateMachineUpdater] INFO  impl.StateMachineUpdater (StateMachineUpdater.java:takeSnapshot(281)) - bce623f1-3c31-45ef-9861-869f671ae311@group-3123CD3C107D-StateMachineUpdater: Took a snapshot at index 0
2021-11-15 19:21:51,862 [bce623f1-3c31-45ef-9861-869f671ae311@group-3123CD3C107D-StateMachineUpdater] INFO  impl.StateMachineUpdater (StateMachineUpdater.java:lambda$new$0(89)) - bce623f1-3c31-45ef-9861-869f671ae311@group-3123CD3C107D-StateMachineUpdater: snapshotIndex: updateIncreasingly -1 -> 0
2021-11-15 19:21:51,862 [ForkJoinPool.commonPool-worker-0] INFO  server.RaftServer$Division (ServerState.java:close(419)) - bce623f1-3c31-45ef-9861-869f671ae311@group-3123CD3C107D: closes. applyIndex: 0
2021-11-15 19:21:51,861 [grpc-default-executor-3] INFO  server.GrpcLogAppender (GrpcLogAppender.java:onCompleted(346)) - bce623f1-3c31-45ef-9861-869f671ae311@group-3123CD3C107D->5f24cb3a-787a-4f69-a830-2d3d8b70745a-AppendLogResponseHandler: follower responses appendEntries COMPLETED
2021-11-15 19:21:51,859 [Listener at 127.0.0.1/38415] INFO  server.GrpcService (GrpcService.java:closeImpl(262)) - 1d1c653c-c24c-4f9f-93f8-363bcaedc7a6: shutdown server with port 44043 now
2021-11-15 19:21:51,862 [grpc-default-executor-3] INFO  leader.FollowerInfo (FollowerInfoImpl.java:lambda$new$0(47)) - bce623f1-3c31-45ef-9861-869f671ae311@group-3123CD3C107D->5f24cb3a-787a-4f69-a830-2d3d8b70745a: nextIndex: updateUnconditionally 1 -> 0
2021-11-15 19:21:51,862 [bce623f1-3c31-45ef-9861-869f671ae311@group-3123CD3C107D-SegmentedRaftLogWorker] INFO  segmented.SegmentedRaftLogWorker (SegmentedRaftLogWorker.java:run(327)) - bce623f1-3c31-45ef-9861-869f671ae311@group-3123CD3C107D-SegmentedRaftLogWorker was interrupted, exiting. There are 0 tasks remaining in the queue.
2021-11-15 19:21:51,861 [grpc-default-executor-0] INFO  server.GrpcServerProtocolService (GrpcServerProtocolService.java:onCompleted(140)) - c038e53c-4808-40a4-bcac-87a6adf6dbd8: Completed APPEND_ENTRIES, lastRequest: bce623f1-3c31-45ef-9861-869f671ae311->c038e53c-4808-40a4-bcac-87a6adf6dbd8#1-t6,previous=(t:0, i:0),leaderCommit=-1,initializing? true,entries: size=1, first=(t:6, i:0), CONFIGURATIONENTRY
2021-11-15 19:21:51,863 [ForkJoinPool.commonPool-worker-0] INFO  segmented.SegmentedRaftLogWorker (SegmentedRaftLogWorker.java:close(237)) - bce623f1-3c31-45ef-9861-869f671ae311@group-3123CD3C107D-SegmentedRaftLogWorker close()
2021-11-15 19:21:51,863 [grpc-default-executor-3] INFO  server.GrpcLogAppender (GrpcLogAppender.java:onCompleted(346)) - bce623f1-3c31-45ef-9861-869f671ae311@group-3123CD3C107D->c038e53c-4808-40a4-bcac-87a6adf6dbd8-AppendLogResponseHandler: follower responses appendEntries COMPLETED
2021-11-15 19:21:51,864 [ForkJoinPool.commonPool-worker-0] INFO  server.RaftServer$Division (RaftServerImpl.java:lambda$close$4(412)) - bce623f1-3c31-45ef-9861-869f671ae311@group-60CD51394F2C: shutdown
2021-11-15 19:21:51,864 [ForkJoinPool.commonPool-worker-0] INFO  util.JmxRegister (JmxRegister.java:unregister(73)) - Successfully un-registered JMX Bean with object name Ratis:service=RaftServer,group=group-60CD51394F2C,id=bce623f1-3c31-45ef-9861-869f671ae311
2021-11-15 19:21:51,864 [ForkJoinPool.commonPool-worker-0] INFO  impl.RoleInfo (RoleInfo.java:shutdownLeaderState(91)) - bce623f1-3c31-45ef-9861-869f671ae311: shutdown bce623f1-3c31-45ef-9861-869f671ae311@group-60CD51394F2C-LeaderStateImpl
2021-11-15 19:21:51,864 [ForkJoinPool.commonPool-worker-0] INFO  impl.PendingRequests (PendingRequests.java:sendNotLeaderResponses(282)) - bce623f1-3c31-45ef-9861-869f671ae311@group-60CD51394F2C-PendingRequests: sendNotLeaderResponses
2021-11-15 19:21:51,866 [grpc-default-executor-3] INFO  leader.FollowerInfo (FollowerInfoImpl.java:lambda$new$0(47)) - bce623f1-3c31-45ef-9861-869f671ae311@group-3123CD3C107D->c038e53c-4808-40a4-bcac-87a6adf6dbd8: nextIndex: updateUnconditionally 1 -> 0
2021-11-15 19:21:51,867 [Listener at 127.0.0.1/38415] INFO  server.GrpcService (GrpcService.java:closeImpl(271)) - 1d1c653c-c24c-4f9f-93f8-363bcaedc7a6: shutdown server with port 44043 successfully
2021-11-15 19:21:51,867 [org.apache.ratis.util.JvmPauseMonitor$$Lambda$531/1332130488@769c8291] INFO  util.JvmPauseMonitor (JvmPauseMonitor.java:run(109)) - JvmPauseMonitor-1d1c653c-c24c-4f9f-93f8-363bcaedc7a6: Stopped
2021-11-15 19:21:51,868 [ForkJoinPool.commonPool-worker-0] INFO  impl.StateMachineUpdater (StateMachineUpdater.java:stopAndJoin(149)) - bce623f1-3c31-45ef-9861-869f671ae311@group-60CD51394F2C-StateMachineUpdater: set stopIndex = 0
2021-11-15 19:21:51,868 [grpc-default-executor-2] WARN  client.GrpcClientProtocolService (LogUtils.java:warn(122)) - 1-UnorderedRequestStreamObserver1: onError: org.apache.ratis.thirdparty.io.grpc.StatusRuntimeException: CANCELLED: client cancelled
2021-11-15 19:21:51,869 [bce623f1-3c31-45ef-9861-869f671ae311@group-60CD51394F2C-StateMachineUpdater] INFO  ratis.ContainerStateMachine (ContainerStateMachine.java:takeSnapshot(292)) - group-60CD51394F2C: Taking a snapshot at:(t:1, i:0) file /home/runner/work/ozone/ozone/hadoop-ozone/integration-test/target/test-dir/MiniOzoneClusterImpl-edab3eb4-5721-4c35-be90-debfdbe0e37e/datanode-1/data/ratis/cb4ced81-55c2-466a-a183-60cd51394f2c/sm/snapshot.1_0
2021-11-15 19:21:51,869 [Listener at 127.0.0.1/38415] INFO  utils.BackgroundService (BackgroundService.java:shutdown(132)) - Shutting down service BlockDeletingService
2021-11-15 19:21:51,869 [bce623f1-3c31-45ef-9861-869f671ae311@group-60CD51394F2C-StateMachineUpdater] INFO  ratis.ContainerStateMachine (ContainerStateMachine.java:takeSnapshot(303)) - group-60CD51394F2C: Finished taking a snapshot at:(t:1, i:0) file:/home/runner/work/ozone/ozone/hadoop-ozone/integration-test/target/test-dir/MiniOzoneClusterImpl-edab3eb4-5721-4c35-be90-debfdbe0e37e/datanode-1/data/ratis/cb4ced81-55c2-466a-a183-60cd51394f2c/sm/snapshot.1_0 took: 1 ms
2021-11-15 19:21:51,870 [bce623f1-3c31-45ef-9861-869f671ae311@group-60CD51394F2C-StateMachineUpdater] INFO  impl.StateMachineUpdater (StateMachineUpdater.java:takeSnapshot(281)) - bce623f1-3c31-45ef-9861-869f671ae311@group-60CD51394F2C-StateMachineUpdater: Took a snapshot at index 0
2021-11-15 19:21:51,870 [bce623f1-3c31-45ef-9861-869f671ae311@group-60CD51394F2C-StateMachineUpdater] INFO  impl.StateMachineUpdater (StateMachineUpdater.java:lambda$new$0(89)) - bce623f1-3c31-45ef-9861-869f671ae311@group-60CD51394F2C-StateMachineUpdater: snapshotIndex: updateIncreasingly -1 -> 0
2021-11-15 19:21:51,870 [ForkJoinPool.commonPool-worker-0] INFO  server.RaftServer$Division (ServerState.java:close(419)) - bce623f1-3c31-45ef-9861-869f671ae311@group-60CD51394F2C: closes. applyIndex: 0
2021-11-15 19:21:51,870 [bce623f1-3c31-45ef-9861-869f671ae311@group-60CD51394F2C-SegmentedRaftLogWorker] INFO  segmented.SegmentedRaftLogWorker (SegmentedRaftLogWorker.java:run(327)) - bce623f1-3c31-45ef-9861-869f671ae311@group-60CD51394F2C-SegmentedRaftLogWorker was interrupted, exiting. There are 0 tasks remaining in the queue.
2021-11-15 19:21:51,870 [ForkJoinPool.commonPool-worker-0] INFO  segmented.SegmentedRaftLogWorker (SegmentedRaftLogWorker.java:close(237)) - bce623f1-3c31-45ef-9861-869f671ae311@group-60CD51394F2C-SegmentedRaftLogWorker close()
2021-11-15 19:21:51,871 [ForkJoinPool.commonPool-worker-0] INFO  server.GrpcService (GrpcService.java:closeImpl(262)) - bce623f1-3c31-45ef-9861-869f671ae311: shutdown server with port 38881 now
2021-11-15 19:21:51,872 [grpc-default-executor-2] WARN  server.GrpcServerProtocolService (LogUtils.java:warn(122)) - bce623f1-3c31-45ef-9861-869f671ae311: installSnapshot onError, lastRequest: 5f24cb3a-787a-4f69-a830-2d3d8b70745a->bce623f1-3c31-45ef-9861-869f671ae311#1-t5,previous=(t:0, i:0),leaderCommit=-1,initializing? true,entries: size=1, first=(t:5, i:0), CONFIGURATIONENTRY: org.apache.ratis.thirdparty.io.grpc.StatusRuntimeException: CANCELLED: client cancelled
2021-11-15 19:21:51,873 [grpc-default-executor-2] WARN  server.GrpcLogAppender (LogUtils.java:warn(122)) - 5f24cb3a-787a-4f69-a830-2d3d8b70745a@group-9B0D820938DF->bce623f1-3c31-45ef-9861-869f671ae311-AppendLogResponseHandler: Failed appendEntries: org.apache.ratis.thirdparty.io.grpc.StatusRuntimeException: CANCELLED: HTTP/2 error code: CANCEL
Received Rst Stream
2021-11-15 19:21:51,873 [grpc-default-executor-2] WARN  server.GrpcLogAppender (GrpcLogAppender.java:resetClient(110)) - 5f24cb3a-787a-4f69-a830-2d3d8b70745a@group-9B0D820938DF->bce623f1-3c31-45ef-9861-869f671ae311-GrpcLogAppender: Leader has not got in touch with Follower 5f24cb3a-787a-4f69-a830-2d3d8b70745a@group-9B0D820938DF->bce623f1-3c31-45ef-9861-869f671ae311(c0,m0,n1, attendVote=true, lastRpcSendTime=133, lastRpcResponseTime=126) yet, just keep nextIndex unchanged and retry.
2021-11-15 19:21:51,884 [ForkJoinPool.commonPool-worker-0] INFO  server.GrpcService (GrpcService.java:closeImpl(271)) - bce623f1-3c31-45ef-9861-869f671ae311: shutdown server with port 38881 successfully
2021-11-15 19:21:51,884 [org.apache.ratis.util.JvmPauseMonitor$$Lambda$531/1332130488@3c4fbe2b] INFO  util.JvmPauseMonitor (JvmPauseMonitor.java:run(109)) - JvmPauseMonitor-bce623f1-3c31-45ef-9861-869f671ae311: Stopped
2021-11-15 19:21:51,906 [ForkJoinPool.commonPool-worker-0] INFO  utils.BackgroundService (BackgroundService.java:shutdown(132)) - Shutting down service BlockDeletingService
2021-11-15 19:21:54,257 [grpc-default-executor-1] WARN  server.GrpcLogAppender (LogUtils.java:warn(122)) - 5f24cb3a-787a-4f69-a830-2d3d8b70745a@group-9B0D820938DF->bce623f1-3c31-45ef-9861-869f671ae311-AppendLogResponseHandler: Failed appendEntries: org.apache.ratis.thirdparty.io.grpc.StatusRuntimeException: UNAVAILABLE: io exception
2021-11-15 19:21:54,258 [grpc-default-executor-1] WARN  server.GrpcLogAppender (GrpcLogAppender.java:resetClient(110)) - 5f24cb3a-787a-4f69-a830-2d3d8b70745a@group-9B0D820938DF->bce623f1-3c31-45ef-9861-869f671ae311-GrpcLogAppender: Leader has not got in touch with Follower 5f24cb3a-787a-4f69-a830-2d3d8b70745a@group-9B0D820938DF->bce623f1-3c31-45ef-9861-869f671ae311(c0,m0,n1, attendVote=true, lastRpcSendTime=2518, lastRpcResponseTime=2511) yet, just keep nextIndex unchanged and retry.
2021-11-15 19:21:54,876 [Listener at 127.0.0.1/38415] INFO  statemachine.DatanodeStateMachine (DatanodeStateMachine.java:stopDaemon(526)) - Ozone container server stopped.
2021-11-15 19:21:54,877 [Listener at 127.0.0.1/38415] INFO  handler.ContextHandler (ContextHandler.java:doStop(1153)) - Stopped o.e.j.w.WebAppContext@543995d{hddsDatanode,/,null,STOPPED}{jar:file:/home/runner/.m2/repository/org/apache/ozone/hdds-container-service/1.2.0-SNAPSHOT/hdds-container-service-1.2.0-SNAPSHOT.jar!/webapps/hddsDatanode}
2021-11-15 19:21:54,878 [Listener at 127.0.0.1/38415] INFO  server.AbstractConnector (AbstractConnector.java:doStop(381)) - Stopped ServerConnector@361a6a05{HTTP/1.1, (http/1.1)}{0.0.0.0:0}
2021-11-15 19:21:54,878 [Listener at 127.0.0.1/38415] INFO  server.session (HouseKeeper.java:stopScavenging(149)) - node0 Stopped scavenging
2021-11-15 19:21:54,878 [Listener at 127.0.0.1/38415] INFO  handler.ContextHandler (ContextHandler.java:doStop(1153)) - Stopped o.e.j.s.ServletContextHandler@1fa0683f{static,/static,jar:file:/home/runner/.m2/repository/org/apache/ozone/hdds-container-service/1.2.0-SNAPSHOT/hdds-container-service-1.2.0-SNAPSHOT.jar!/webapps/static,STOPPED}
2021-11-15 19:21:54,878 [Listener at 127.0.0.1/38415] INFO  handler.ContextHandler (ContextHandler.java:doStop(1153)) - Stopped o.e.j.s.ServletContextHandler@79b95af9{logs,/logs,file:///home/runner/work/ozone/ozone/hadoop-ozone/integration-test/target/log,STOPPED}
2021-11-15 19:21:54,923 [ForkJoinPool.commonPool-worker-0] INFO  statemachine.DatanodeStateMachine (DatanodeStateMachine.java:stopDaemon(526)) - Ozone container server stopped.
2021-11-15 19:21:54,960 [ForkJoinPool.commonPool-worker-0] INFO  handler.ContextHandler (ContextHandler.java:doStop(1153)) - Stopped o.e.j.w.WebAppContext@3958ca99{hddsDatanode,/,null,STOPPED}{jar:file:/home/runner/.m2/repository/org/apache/ozone/hdds-container-service/1.2.0-SNAPSHOT/hdds-container-service-1.2.0-SNAPSHOT.jar!/webapps/hddsDatanode}
2021-11-15 19:21:54,961 [ForkJoinPool.commonPool-worker-0] INFO  server.AbstractConnector (AbstractConnector.java:doStop(381)) - Stopped ServerConnector@3788bcbe{HTTP/1.1, (http/1.1)}{0.0.0.0:0}
2021-11-15 19:21:54,974 [ForkJoinPool.commonPool-worker-0] INFO  server.session (HouseKeeper.java:stopScavenging(149)) - node0 Stopped scavenging
2021-11-15 19:21:54,981 [ForkJoinPool.commonPool-worker-0] INFO  handler.ContextHandler (ContextHandler.java:doStop(1153)) - Stopped o.e.j.s.ServletContextHandler@e817f8e{static,/static,jar:file:/home/runner/.m2/repository/org/apache/ozone/hdds-container-service/1.2.0-SNAPSHOT/hdds-container-service-1.2.0-SNAPSHOT.jar!/webapps/static,STOPPED}
2021-11-15 19:21:54,990 [ForkJoinPool.commonPool-worker-0] INFO  handler.ContextHandler (ContextHandler.java:doStop(1153)) - Stopped o.e.j.s.ServletContextHandler@558f5cdf{logs,/logs,file:///home/runner/work/ozone/ozone/hadoop-ozone/integration-test/target/log,STOPPED}
2021-11-15 19:21:56,414 [EventQueue-StaleNodeForStaleNodeHandler] INFO  node.StaleNodeHandler (StaleNodeHandler.java:onMessage(58)) - Datanode bce623f1-3c31-45ef-9861-869f671ae311{ip: 10.1.0.16, host: fv-az151-339.yf2hydr00wburbhx3j5hxtcipe.bx.internal.cloudapp.net, ports: [REPLICATION=40269, RATIS=38881, RATIS_ADMIN=38881, RATIS_SERVER=38881, STANDALONE=43405], networkLocation: /default-rack, certSerialId: null, persistedOpState: IN_SERVICE, persistedOpStateExpiryEpochSec: 0} moved to stale state. Finalizing its pipelines [PipelineID=430698ac-9a5d-4310-9d5d-9b0d820938df, PipelineID=35d75f5e-aa39-420d-bbb8-3123cd3c107d, PipelineID=cb4ced81-55c2-466a-a183-60cd51394f2c]
2021-11-15 19:21:56,415 [EventQueue-StaleNodeForStaleNodeHandler] INFO  pipeline.PipelineManagerImpl (PipelineManagerImpl.java:closePipeline(349)) - Pipeline Pipeline[ Id: 430698ac-9a5d-4310-9d5d-9b0d820938df, Nodes: c038e53c-4808-40a4-bcac-87a6adf6dbd8{ip: 10.1.0.16, host: fv-az151-339.yf2hydr00wburbhx3j5hxtcipe.bx.internal.cloudapp.net, ports: [REPLICATION=44751, RATIS=46879, RATIS_ADMIN=46879, RATIS_SERVER=46879, STANDALONE=36917], networkLocation: /default-rack, certSerialId: null, persistedOpState: IN_SERVICE, persistedOpStateExpiryEpochSec: 0}5f24cb3a-787a-4f69-a830-2d3d8b70745a{ip: 10.1.0.16, host: fv-az151-339.yf2hydr00wburbhx3j5hxtcipe.bx.internal.cloudapp.net, ports: [REPLICATION=34173, RATIS=34579, RATIS_ADMIN=34579, RATIS_SERVER=34579, STANDALONE=37973], networkLocation: /default-rack, certSerialId: null, persistedOpState: IN_SERVICE, persistedOpStateExpiryEpochSec: 0}bce623f1-3c31-45ef-9861-869f671ae311{ip: 10.1.0.16, host: fv-az151-339.yf2hydr00wburbhx3j5hxtcipe.bx.internal.cloudapp.net, ports: [REPLICATION=40269, RATIS=38881, RATIS_ADMIN=38881, RATIS_SERVER=38881, STANDALONE=43405], networkLocation: /default-rack, certSerialId: null, persistedOpState: IN_SERVICE, persistedOpStateExpiryEpochSec: 0}, ReplicationConfig: RATIS/THREE, State:OPEN, leaderId:5f24cb3a-787a-4f69-a830-2d3d8b70745a, CreationTimestamp2021-11-15T19:21:08.741Z[Etc/UTC]] moved to CLOSED state
2021-11-15 19:21:56,416 [EventQueue-StaleNodeForStaleNodeHandler] INFO  pipeline.PipelineManagerImpl (PipelineManagerImpl.java:closePipeline(349)) - Pipeline Pipeline[ Id: 35d75f5e-aa39-420d-bbb8-3123cd3c107d, Nodes: bce623f1-3c31-45ef-9861-869f671ae311{ip: 10.1.0.16, host: fv-az151-339.yf2hydr00wburbhx3j5hxtcipe.bx.internal.cloudapp.net, ports: [REPLICATION=40269, RATIS=38881, RATIS_ADMIN=38881, RATIS_SERVER=38881, STANDALONE=43405], networkLocation: /default-rack, certSerialId: null, persistedOpState: IN_SERVICE, persistedOpStateExpiryEpochSec: 0}5f24cb3a-787a-4f69-a830-2d3d8b70745a{ip: 10.1.0.16, host: fv-az151-339.yf2hydr00wburbhx3j5hxtcipe.bx.internal.cloudapp.net, ports: [REPLICATION=34173, RATIS=34579, RATIS_ADMIN=34579, RATIS_SERVER=34579, STANDALONE=37973], networkLocation: /default-rack, certSerialId: null, persistedOpState: IN_SERVICE, persistedOpStateExpiryEpochSec: 0}c038e53c-4808-40a4-bcac-87a6adf6dbd8{ip: 10.1.0.16, host: fv-az151-339.yf2hydr00wburbhx3j5hxtcipe.bx.internal.cloudapp.net, ports: [REPLICATION=44751, RATIS=46879, RATIS_ADMIN=46879, RATIS_SERVER=46879, STANDALONE=36917], networkLocation: /default-rack, certSerialId: null, persistedOpState: IN_SERVICE, persistedOpStateExpiryEpochSec: 0}, ReplicationConfig: RATIS/THREE, State:OPEN, leaderId:bce623f1-3c31-45ef-9861-869f671ae311, CreationTimestamp2021-11-15T19:21:08.743Z[Etc/UTC]] moved to CLOSED state
2021-11-15 19:21:56,416 [EventQueue-StaleNodeForStaleNodeHandler] INFO  pipeline.PipelineManagerImpl (PipelineManagerImpl.java:closePipeline(349)) - Pipeline Pipeline[ Id: cb4ced81-55c2-466a-a183-60cd51394f2c, Nodes: bce623f1-3c31-45ef-9861-869f671ae311{ip: 10.1.0.16, host: fv-az151-339.yf2hydr00wburbhx3j5hxtcipe.bx.internal.cloudapp.net, ports: [REPLICATION=40269, RATIS=38881, RATIS_ADMIN=38881, RATIS_SERVER=38881, STANDALONE=43405], networkLocation: /default-rack, certSerialId: null, persistedOpState: IN_SERVICE, persistedOpStateExpiryEpochSec: 0}, ReplicationConfig: RATIS/ONE, State:OPEN, leaderId:bce623f1-3c31-45ef-9861-869f671ae311, CreationTimestamp2021-11-15T19:21:08.229Z[Etc/UTC]] moved to CLOSED state
2021-11-15 19:21:56,714 [EventQueue-StaleNodeForStaleNodeHandler] INFO  node.StaleNodeHandler (StaleNodeHandler.java:onMessage(58)) - Datanode 1d1c653c-c24c-4f9f-93f8-363bcaedc7a6{ip: 10.1.0.16, host: fv-az151-339.yf2hydr00wburbhx3j5hxtcipe.bx.internal.cloudapp.net, ports: [REPLICATION=38157, RATIS=44043, RATIS_ADMIN=44043, RATIS_SERVER=44043, STANDALONE=34479], networkLocation: /default-rack, certSerialId: null, persistedOpState: IN_SERVICE, persistedOpStateExpiryEpochSec: 0} moved to stale state. Finalizing its pipelines [PipelineID=6d4605b9-3d7e-4b83-bb0d-82c3bff6ec3d]
2021-11-15 19:21:56,715 [EventQueue-StaleNodeForStaleNodeHandler] INFO  pipeline.PipelineManagerImpl (PipelineManagerImpl.java:closePipeline(349)) - Pipeline Pipeline[ Id: 6d4605b9-3d7e-4b83-bb0d-82c3bff6ec3d, Nodes: 1d1c653c-c24c-4f9f-93f8-363bcaedc7a6{ip: 10.1.0.16, host: fv-az151-339.yf2hydr00wburbhx3j5hxtcipe.bx.internal.cloudapp.net, ports: [REPLICATION=38157, RATIS=44043, RATIS_ADMIN=44043, RATIS_SERVER=44043, STANDALONE=34479], networkLocation: /default-rack, certSerialId: null, persistedOpState: IN_SERVICE, persistedOpStateExpiryEpochSec: 0}, ReplicationConfig: RATIS/ONE, State:OPEN, leaderId:1d1c653c-c24c-4f9f-93f8-363bcaedc7a6, CreationTimestamp2021-11-15T19:21:08.946Z[Etc/UTC]] moved to CLOSED state
2021-11-15 19:21:56,765 [grpc-default-executor-2] WARN  server.GrpcLogAppender (LogUtils.java:warn(122)) - 5f24cb3a-787a-4f69-a830-2d3d8b70745a@group-9B0D820938DF->bce623f1-3c31-45ef-9861-869f671ae311-AppendLogResponseHandler: Failed appendEntries: org.apache.ratis.thirdparty.io.grpc.StatusRuntimeException: UNAVAILABLE: io exception
2021-11-15 19:21:56,766 [grpc-default-executor-2] WARN  server.GrpcLogAppender (GrpcLogAppender.java:resetClient(110)) - 5f24cb3a-787a-4f69-a830-2d3d8b70745a@group-9B0D820938DF->bce623f1-3c31-45ef-9861-869f671ae311-GrpcLogAppender: Leader has not got in touch with Follower 5f24cb3a-787a-4f69-a830-2d3d8b70745a@group-9B0D820938DF->bce623f1-3c31-45ef-9861-869f671ae311(c0,m0,n1, attendVote=true, lastRpcSendTime=2507, lastRpcResponseTime=5018) yet, just keep nextIndex unchanged and retry.
2021-11-15 19:21:57,660 [c038e53c-4808-40a4-bcac-87a6adf6dbd8@group-3123CD3C107D-FollowerState] INFO  impl.FollowerState (FollowerState.java:run(134)) - c038e53c-4808-40a4-bcac-87a6adf6dbd8@group-3123CD3C107D-FollowerState: change to CANDIDATE, lastRpcElapsedTime:7720711124ns, electionTimeout:5053ms
2021-11-15 19:21:57,661 [c038e53c-4808-40a4-bcac-87a6adf6dbd8@group-3123CD3C107D-FollowerState] INFO  impl.RoleInfo (RoleInfo.java:shutdownFollowerState(108)) - c038e53c-4808-40a4-bcac-87a6adf6dbd8: shutdown c038e53c-4808-40a4-bcac-87a6adf6dbd8@group-3123CD3C107D-FollowerState
2021-11-15 19:21:57,661 [c038e53c-4808-40a4-bcac-87a6adf6dbd8@group-3123CD3C107D-FollowerState] INFO  server.RaftServer$Division (RaftServerImpl.java:setRole(290)) - c038e53c-4808-40a4-bcac-87a6adf6dbd8@group-3123CD3C107D: changes role from  FOLLOWER to CANDIDATE at term 6 for changeToCandidate
2021-11-15 19:21:57,661 [c038e53c-4808-40a4-bcac-87a6adf6dbd8@group-3123CD3C107D-FollowerState] INFO  server.RaftServerConfigKeys (ConfUtils.java:logGet(44)) - raft.server.leaderelection.pre-vote = false (custom)
2021-11-15 19:21:57,661 [c038e53c-4808-40a4-bcac-87a6adf6dbd8@group-3123CD3C107D-FollowerState] INFO  impl.RoleInfo (RoleInfo.java:updateAndGet(130)) - c038e53c-4808-40a4-bcac-87a6adf6dbd8: start c038e53c-4808-40a4-bcac-87a6adf6dbd8@group-3123CD3C107D-LeaderElection31
2021-11-15 19:21:57,663 [5f24cb3a-787a-4f69-a830-2d3d8b70745a@group-3123CD3C107D-FollowerState] INFO  impl.FollowerState (FollowerState.java:run(134)) - 5f24cb3a-787a-4f69-a830-2d3d8b70745a@group-3123CD3C107D-FollowerState: change to CANDIDATE, lastRpcElapsedTime:7732538818ns, electionTimeout:5041ms
2021-11-15 19:21:57,663 [5f24cb3a-787a-4f69-a830-2d3d8b70745a@group-3123CD3C107D-FollowerState] INFO  impl.RoleInfo (RoleInfo.java:shutdownFollowerState(108)) - 5f24cb3a-787a-4f69-a830-2d3d8b70745a: shutdown 5f24cb3a-787a-4f69-a830-2d3d8b70745a@group-3123CD3C107D-FollowerState
2021-11-15 19:21:57,663 [5f24cb3a-787a-4f69-a830-2d3d8b70745a@group-3123CD3C107D-FollowerState] INFO  server.RaftServer$Division (RaftServerImpl.java:setRole(290)) - 5f24cb3a-787a-4f69-a830-2d3d8b70745a@group-3123CD3C107D: changes role from  FOLLOWER to CANDIDATE at term 6 for changeToCandidate
2021-11-15 19:21:57,667 [5f24cb3a-787a-4f69-a830-2d3d8b70745a@group-3123CD3C107D-FollowerState] INFO  server.RaftServerConfigKeys (ConfUtils.java:logGet(44)) - raft.server.leaderelection.pre-vote = false (custom)
2021-11-15 19:21:57,667 [5f24cb3a-787a-4f69-a830-2d3d8b70745a@group-3123CD3C107D-FollowerState] INFO  impl.RoleInfo (RoleInfo.java:updateAndGet(130)) - 5f24cb3a-787a-4f69-a830-2d3d8b70745a: start 5f24cb3a-787a-4f69-a830-2d3d8b70745a@group-3123CD3C107D-LeaderElection32
2021-11-15 19:21:57,667 [c038e53c-4808-40a4-bcac-87a6adf6dbd8@group-3123CD3C107D-LeaderElection31] INFO  server.RaftServer$Division (ServerState.java:setLeader(285)) - c038e53c-4808-40a4-bcac-87a6adf6dbd8@group-3123CD3C107D: change Leader from bce623f1-3c31-45ef-9861-869f671ae311 to null at term 6 for ELECTION
2021-11-15 19:21:57,676 [c038e53c-4808-40a4-bcac-87a6adf6dbd8@group-3123CD3C107D-LeaderElection31] INFO  impl.LeaderElection (LeaderElection.java:askForVotes(306)) - c038e53c-4808-40a4-bcac-87a6adf6dbd8@group-3123CD3C107D-LeaderElection31 ELECTION round 0: submit vote requests at term 7 for 0: [c038e53c-4808-40a4-bcac-87a6adf6dbd8|rpc:10.1.0.16:46879|dataStream:|priority:0, 5f24cb3a-787a-4f69-a830-2d3d8b70745a|rpc:10.1.0.16:34579|dataStream:|priority:0, bce623f1-3c31-45ef-9861-869f671ae311|rpc:10.1.0.16:38881|dataStream:|priority:1], old=null
2021-11-15 19:21:57,677 [5f24cb3a-787a-4f69-a830-2d3d8b70745a@group-3123CD3C107D-LeaderElection32] INFO  server.RaftServer$Division (ServerState.java:setLeader(285)) - 5f24cb3a-787a-4f69-a830-2d3d8b70745a@group-3123CD3C107D: change Leader from bce623f1-3c31-45ef-9861-869f671ae311 to null at term 6 for ELECTION
2021-11-15 19:21:57,689 [5f24cb3a-787a-4f69-a830-2d3d8b70745a@group-3123CD3C107D-LeaderElection32] INFO  impl.LeaderElection (LeaderElection.java:askForVotes(306)) - 5f24cb3a-787a-4f69-a830-2d3d8b70745a@group-3123CD3C107D-LeaderElection32 ELECTION round 0: submit vote requests at term 7 for 0: [c038e53c-4808-40a4-bcac-87a6adf6dbd8|rpc:10.1.0.16:46879|dataStream:|priority:0, 5f24cb3a-787a-4f69-a830-2d3d8b70745a|rpc:10.1.0.16:34579|dataStream:|priority:0, bce623f1-3c31-45ef-9861-869f671ae311|rpc:10.1.0.16:38881|dataStream:|priority:1], old=null
2021-11-15 19:21:57,692 [grpc-default-executor-1] INFO  server.RaftServer$Division (RaftServerImpl.java:requestVote(1046)) - 5f24cb3a-787a-4f69-a830-2d3d8b70745a@group-3123CD3C107D: receive requestVote(ELECTION, c038e53c-4808-40a4-bcac-87a6adf6dbd8, group-3123CD3C107D, 7, (t:6, i:0))
2021-11-15 19:21:57,692 [grpc-default-executor-1] INFO  impl.VoteContext (VoteContext.java:log(48)) - 5f24cb3a-787a-4f69-a830-2d3d8b70745a@group-3123CD3C107D-CANDIDATE: reject ELECTION from c038e53c-4808-40a4-bcac-87a6adf6dbd8: already has voted for 5f24cb3a-787a-4f69-a830-2d3d8b70745a at current term 7
2021-11-15 19:21:57,692 [grpc-default-executor-1] INFO  server.RaftServer$Division (RaftServerImpl.java:requestVote(1078)) - 5f24cb3a-787a-4f69-a830-2d3d8b70745a@group-3123CD3C107D replies to ELECTION vote request: c038e53c-4808-40a4-bcac-87a6adf6dbd8<-5f24cb3a-787a-4f69-a830-2d3d8b70745a#0:FAIL-t7. Peer's state: 5f24cb3a-787a-4f69-a830-2d3d8b70745a@group-3123CD3C107D:t7, leader=null, voted=5f24cb3a-787a-4f69-a830-2d3d8b70745a, raftlog=5f24cb3a-787a-4f69-a830-2d3d8b70745a@group-3123CD3C107D-SegmentedRaftLog:OPENED:c0, conf=0: [c038e53c-4808-40a4-bcac-87a6adf6dbd8|rpc:10.1.0.16:46879|dataStream:|priority:0, 5f24cb3a-787a-4f69-a830-2d3d8b70745a|rpc:10.1.0.16:34579|dataStream:|priority:0, bce623f1-3c31-45ef-9861-869f671ae311|rpc:10.1.0.16:38881|dataStream:|priority:1], old=null
2021-11-15 19:21:57,702 [grpc-default-executor-1] INFO  server.RaftServer$Division (RaftServerImpl.java:requestVote(1046)) - c038e53c-4808-40a4-bcac-87a6adf6dbd8@group-3123CD3C107D: receive requestVote(ELECTION, 5f24cb3a-787a-4f69-a830-2d3d8b70745a, group-3123CD3C107D, 7, (t:6, i:0))
2021-11-15 19:21:57,702 [grpc-default-executor-1] INFO  impl.VoteContext (VoteContext.java:log(48)) - c038e53c-4808-40a4-bcac-87a6adf6dbd8@group-3123CD3C107D-CANDIDATE: reject ELECTION from 5f24cb3a-787a-4f69-a830-2d3d8b70745a: already has voted for c038e53c-4808-40a4-bcac-87a6adf6dbd8 at current term 7
2021-11-15 19:21:57,703 [grpc-default-executor-1] INFO  server.RaftServer$Division (RaftServerImpl.java:requestVote(1078)) - c038e53c-4808-40a4-bcac-87a6adf6dbd8@group-3123CD3C107D replies to ELECTION vote request: 5f24cb3a-787a-4f69-a830-2d3d8b70745a<-c038e53c-4808-40a4-bcac-87a6adf6dbd8#0:FAIL-t7. Peer's state: c038e53c-4808-40a4-bcac-87a6adf6dbd8@group-3123CD3C107D:t7, leader=null, voted=c038e53c-4808-40a4-bcac-87a6adf6dbd8, raftlog=c038e53c-4808-40a4-bcac-87a6adf6dbd8@group-3123CD3C107D-SegmentedRaftLog:OPENED:c0, conf=0: [c038e53c-4808-40a4-bcac-87a6adf6dbd8|rpc:10.1.0.16:46879|dataStream:|priority:0, 5f24cb3a-787a-4f69-a830-2d3d8b70745a|rpc:10.1.0.16:34579|dataStream:|priority:0, bce623f1-3c31-45ef-9861-869f671ae311|rpc:10.1.0.16:38881|dataStream:|priority:1], old=null
2021-11-15 19:21:57,706 [c038e53c-4808-40a4-bcac-87a6adf6dbd8@group-3123CD3C107D-LeaderElection31] INFO  impl.LeaderElection (LogUtils.java:infoOrTrace(137)) - c038e53c-4808-40a4-bcac-87a6adf6dbd8@group-3123CD3C107D-LeaderElection31 got exception when requesting votes: java.util.concurrent.ExecutionException: org.apache.ratis.thirdparty.io.grpc.StatusRuntimeException: UNAVAILABLE: io exception
2021-11-15 19:21:57,706 [c038e53c-4808-40a4-bcac-87a6adf6dbd8@group-3123CD3C107D-LeaderElection31] INFO  impl.LeaderElection (LeaderElection.java:logAndReturn(89)) - c038e53c-4808-40a4-bcac-87a6adf6dbd8@group-3123CD3C107D-LeaderElection31: ELECTION REJECTED received 1 response(s) and 1 exception(s):
2021-11-15 19:21:57,706 [c038e53c-4808-40a4-bcac-87a6adf6dbd8@group-3123CD3C107D-LeaderElection31] INFO  impl.LeaderElection (LeaderElection.java:logAndReturn(93)) -   Response 0: c038e53c-4808-40a4-bcac-87a6adf6dbd8<-5f24cb3a-787a-4f69-a830-2d3d8b70745a#0:FAIL-t7
2021-11-15 19:21:57,706 [c038e53c-4808-40a4-bcac-87a6adf6dbd8@group-3123CD3C107D-LeaderElection31] INFO  impl.LeaderElection (LogUtils.java:infoOrTrace(137)) -   Exception 1: java.util.concurrent.ExecutionException: org.apache.ratis.thirdparty.io.grpc.StatusRuntimeException: UNAVAILABLE: io exception
2021-11-15 19:21:57,706 [c038e53c-4808-40a4-bcac-87a6adf6dbd8@group-3123CD3C107D-LeaderElection31] INFO  impl.LeaderElection (LeaderElection.java:askForVotes(308)) - c038e53c-4808-40a4-bcac-87a6adf6dbd8@group-3123CD3C107D-LeaderElection31 ELECTION round 0: result REJECTED
2021-11-15 19:21:57,706 [c038e53c-4808-40a4-bcac-87a6adf6dbd8@group-3123CD3C107D-LeaderElection31] INFO  server.RaftServer$Division (RaftServerImpl.java:setRole(290)) - c038e53c-4808-40a4-bcac-87a6adf6dbd8@group-3123CD3C107D: changes role from CANDIDATE to FOLLOWER at term 7 for REJECTED
2021-11-15 19:21:57,706 [c038e53c-4808-40a4-bcac-87a6adf6dbd8@group-3123CD3C107D-LeaderElection31] INFO  impl.RoleInfo (RoleInfo.java:shutdownLeaderElection(121)) - c038e53c-4808-40a4-bcac-87a6adf6dbd8: shutdown c038e53c-4808-40a4-bcac-87a6adf6dbd8@group-3123CD3C107D-LeaderElection31
2021-11-15 19:21:57,706 [c038e53c-4808-40a4-bcac-87a6adf6dbd8@group-3123CD3C107D-LeaderElection31] INFO  impl.RoleInfo (RoleInfo.java:updateAndGet(130)) - c038e53c-4808-40a4-bcac-87a6adf6dbd8: start c038e53c-4808-40a4-bcac-87a6adf6dbd8@group-3123CD3C107D-FollowerState
2021-11-15 19:21:57,707 [5f24cb3a-787a-4f69-a830-2d3d8b70745a@group-3123CD3C107D-LeaderElection32] INFO  impl.LeaderElection (LogUtils.java:infoOrTrace(137)) - 5f24cb3a-787a-4f69-a830-2d3d8b70745a@group-3123CD3C107D-LeaderElection32 got exception when requesting votes: java.util.concurrent.ExecutionException: org.apache.ratis.thirdparty.io.grpc.StatusRuntimeException: UNAVAILABLE: io exception
2021-11-15 19:21:57,707 [5f24cb3a-787a-4f69-a830-2d3d8b70745a@group-3123CD3C107D-LeaderElection32] INFO  impl.LeaderElection (LeaderElection.java:logAndReturn(89)) - 5f24cb3a-787a-4f69-a830-2d3d8b70745a@group-3123CD3C107D-LeaderElection32: ELECTION REJECTED received 1 response(s) and 1 exception(s):
2021-11-15 19:21:57,707 [5f24cb3a-787a-4f69-a830-2d3d8b70745a@group-3123CD3C107D-LeaderElection32] INFO  impl.LeaderElection (LeaderElection.java:logAndReturn(93)) -   Response 0: 5f24cb3a-787a-4f69-a830-2d3d8b70745a<-c038e53c-4808-40a4-bcac-87a6adf6dbd8#0:FAIL-t7
2021-11-15 19:21:57,707 [5f24cb3a-787a-4f69-a830-2d3d8b70745a@group-3123CD3C107D-LeaderElection32] INFO  impl.LeaderElection (LogUtils.java:infoOrTrace(137)) -   Exception 1: java.util.concurrent.ExecutionException: org.apache.ratis.thirdparty.io.grpc.StatusRuntimeException: UNAVAILABLE: io exception
2021-11-15 19:21:57,707 [5f24cb3a-787a-4f69-a830-2d3d8b70745a@group-3123CD3C107D-LeaderElection32] INFO  impl.LeaderElection (LeaderElection.java:askForVotes(308)) - 5f24cb3a-787a-4f69-a830-2d3d8b70745a@group-3123CD3C107D-LeaderElection32 ELECTION round 0: result REJECTED
2021-11-15 19:21:57,707 [5f24cb3a-787a-4f69-a830-2d3d8b70745a@group-3123CD3C107D-LeaderElection32] INFO  server.RaftServer$Division (RaftServerImpl.java:setRole(290)) - 5f24cb3a-787a-4f69-a830-2d3d8b70745a@group-3123CD3C107D: changes role from CANDIDATE to FOLLOWER at term 7 for REJECTED
2021-11-15 19:21:57,707 [5f24cb3a-787a-4f69-a830-2d3d8b70745a@group-3123CD3C107D-LeaderElection32] INFO  impl.RoleInfo (RoleInfo.java:shutdownLeaderElection(121)) - 5f24cb3a-787a-4f69-a830-2d3d8b70745a: shutdown 5f24cb3a-787a-4f69-a830-2d3d8b70745a@group-3123CD3C107D-LeaderElection32
2021-11-15 19:21:57,707 [5f24cb3a-787a-4f69-a830-2d3d8b70745a@group-3123CD3C107D-LeaderElection32] INFO  impl.RoleInfo (RoleInfo.java:updateAndGet(130)) - 5f24cb3a-787a-4f69-a830-2d3d8b70745a: start 5f24cb3a-787a-4f69-a830-2d3d8b70745a@group-3123CD3C107D-FollowerState
2021-11-15 19:21:59,268 [grpc-default-executor-1] WARN  server.GrpcLogAppender (LogUtils.java:warn(122)) - 5f24cb3a-787a-4f69-a830-2d3d8b70745a@group-9B0D820938DF->bce623f1-3c31-45ef-9861-869f671ae311-AppendLogResponseHandler: Failed appendEntries: org.apache.ratis.thirdparty.io.grpc.StatusRuntimeException: UNAVAILABLE: io exception
2021-11-15 19:21:59,269 [grpc-default-executor-1] WARN  server.GrpcLogAppender (GrpcLogAppender.java:resetClient(110)) - 5f24cb3a-787a-4f69-a830-2d3d8b70745a@group-9B0D820938DF->bce623f1-3c31-45ef-9861-869f671ae311-GrpcLogAppender: Leader has not got in touch with Follower 5f24cb3a-787a-4f69-a830-2d3d8b70745a@group-9B0D820938DF->bce623f1-3c31-45ef-9861-869f671ae311(c0,m0,n1, attendVote=true, lastRpcSendTime=0, lastRpcResponseTime=7522) yet, just keep nextIndex unchanged and retry.
2021-11-15 19:21:59,881 [Listener at 127.0.0.1/38415] INFO  ozoneimpl.OzoneContainer (OzoneContainer.java:stop(325)) - Attempting to stop container services.
2021-11-15 19:21:59,882 [Listener at 127.0.0.1/38415] INFO  server.RaftServer (RaftServerProxy.java:lambda$close$6(391)) - 087c2b0c-5b45-457f-ac23-38cb521b1b9c: close
2021-11-15 19:21:59,882 [Listener at 127.0.0.1/38415] INFO  server.RaftServer$Division (RaftServerImpl.java:lambda$close$4(412)) - 087c2b0c-5b45-457f-ac23-38cb521b1b9c@group-9613F75EFCD4: shutdown
2021-11-15 19:21:59,882 [Listener at 127.0.0.1/38415] INFO  util.JmxRegister (JmxRegister.java:unregister(73)) - Successfully un-registered JMX Bean with object name Ratis:service=RaftServer,group=group-9613F75EFCD4,id=087c2b0c-5b45-457f-ac23-38cb521b1b9c
2021-11-15 19:21:59,882 [Listener at 127.0.0.1/38415] INFO  impl.RoleInfo (RoleInfo.java:shutdownLeaderState(91)) - 087c2b0c-5b45-457f-ac23-38cb521b1b9c: shutdown 087c2b0c-5b45-457f-ac23-38cb521b1b9c@group-9613F75EFCD4-LeaderStateImpl
2021-11-15 19:21:59,882 [Listener at 127.0.0.1/38415] INFO  impl.PendingRequests (PendingRequests.java:sendNotLeaderResponses(282)) - 087c2b0c-5b45-457f-ac23-38cb521b1b9c@group-9613F75EFCD4-PendingRequests: sendNotLeaderResponses
2021-11-15 19:21:59,883 [Listener at 127.0.0.1/38415] INFO  impl.StateMachineUpdater (StateMachineUpdater.java:stopAndJoin(149)) - 087c2b0c-5b45-457f-ac23-38cb521b1b9c@group-9613F75EFCD4-StateMachineUpdater: set stopIndex = 0
2021-11-15 19:21:59,883 [087c2b0c-5b45-457f-ac23-38cb521b1b9c@group-9613F75EFCD4-StateMachineUpdater] INFO  ratis.ContainerStateMachine (ContainerStateMachine.java:takeSnapshot(292)) - group-9613F75EFCD4: Taking a snapshot at:(t:1, i:0) file /home/runner/work/ozone/ozone/hadoop-ozone/integration-test/target/test-dir/MiniOzoneClusterImpl-edab3eb4-5721-4c35-be90-debfdbe0e37e/datanode-6/data/ratis/2090d85a-f2c5-459e-8366-9613f75efcd4/sm/snapshot.1_0
2021-11-15 19:21:59,884 [087c2b0c-5b45-457f-ac23-38cb521b1b9c@group-9613F75EFCD4-StateMachineUpdater] INFO  ratis.ContainerStateMachine (ContainerStateMachine.java:takeSnapshot(303)) - group-9613F75EFCD4: Finished taking a snapshot at:(t:1, i:0) file:/home/runner/work/ozone/ozone/hadoop-ozone/integration-test/target/test-dir/MiniOzoneClusterImpl-edab3eb4-5721-4c35-be90-debfdbe0e37e/datanode-6/data/ratis/2090d85a-f2c5-459e-8366-9613f75efcd4/sm/snapshot.1_0 took: 1 ms
2021-11-15 19:21:59,884 [087c2b0c-5b45-457f-ac23-38cb521b1b9c@group-9613F75EFCD4-StateMachineUpdater] INFO  impl.StateMachineUpdater (StateMachineUpdater.java:takeSnapshot(281)) - 087c2b0c-5b45-457f-ac23-38cb521b1b9c@group-9613F75EFCD4-StateMachineUpdater: Took a snapshot at index 0
2021-11-15 19:21:59,884 [087c2b0c-5b45-457f-ac23-38cb521b1b9c@group-9613F75EFCD4-StateMachineUpdater] INFO  impl.StateMachineUpdater (StateMachineUpdater.java:lambda$new$0(89)) - 087c2b0c-5b45-457f-ac23-38cb521b1b9c@group-9613F75EFCD4-StateMachineUpdater: snapshotIndex: updateIncreasingly -1 -> 0
2021-11-15 19:21:59,885 [Listener at 127.0.0.1/38415] INFO  server.RaftServer$Division (ServerState.java:close(419)) - 087c2b0c-5b45-457f-ac23-38cb521b1b9c@group-9613F75EFCD4: closes. applyIndex: 0
2021-11-15 19:21:59,885 [087c2b0c-5b45-457f-ac23-38cb521b1b9c@group-9613F75EFCD4-SegmentedRaftLogWorker] INFO  segmented.SegmentedRaftLogWorker (SegmentedRaftLogWorker.java:run(327)) - 087c2b0c-5b45-457f-ac23-38cb521b1b9c@group-9613F75EFCD4-SegmentedRaftLogWorker was interrupted, exiting. There are 0 tasks remaining in the queue.
2021-11-15 19:21:59,888 [Listener at 127.0.0.1/38415] INFO  segmented.SegmentedRaftLogWorker (SegmentedRaftLogWorker.java:close(237)) - 087c2b0c-5b45-457f-ac23-38cb521b1b9c@group-9613F75EFCD4-SegmentedRaftLogWorker close()
2021-11-15 19:21:59,892 [Listener at 127.0.0.1/38415] INFO  server.GrpcService (GrpcService.java:closeImpl(262)) - 087c2b0c-5b45-457f-ac23-38cb521b1b9c: shutdown server with port 32799 now
2021-11-15 19:21:59,893 [Listener at 127.0.0.1/38415] INFO  server.GrpcService (GrpcService.java:closeImpl(271)) - 087c2b0c-5b45-457f-ac23-38cb521b1b9c: shutdown server with port 32799 successfully
2021-11-15 19:21:59,893 [org.apache.ratis.util.JvmPauseMonitor$$Lambda$531/1332130488@2b57d1ae] INFO  util.JvmPauseMonitor (JvmPauseMonitor.java:run(109)) - JvmPauseMonitor-087c2b0c-5b45-457f-ac23-38cb521b1b9c: Stopped
2021-11-15 19:21:59,895 [Listener at 127.0.0.1/38415] INFO  utils.BackgroundService (BackgroundService.java:shutdown(132)) - Shutting down service BlockDeletingService
2021-11-15 19:21:59,993 [ForkJoinPool.commonPool-worker-0] INFO  ozoneimpl.OzoneContainer (OzoneContainer.java:stop(325)) - Attempting to stop container services.
2021-11-15 19:21:59,993 [ForkJoinPool.commonPool-worker-0] INFO  server.RaftServer (RaftServerProxy.java:lambda$close$6(391)) - 5f24cb3a-787a-4f69-a830-2d3d8b70745a: close
2021-11-15 19:21:59,994 [ForkJoinPool.commonPool-worker-0] INFO  server.RaftServer$Division (RaftServerImpl.java:lambda$close$4(412)) - 5f24cb3a-787a-4f69-a830-2d3d8b70745a@group-9B0D820938DF: shutdown
2021-11-15 19:21:59,994 [ForkJoinPool.commonPool-worker-0] INFO  util.JmxRegister (JmxRegister.java:unregister(73)) - Successfully un-registered JMX Bean with object name Ratis:service=RaftServer,group=group-9B0D820938DF,id=5f24cb3a-787a-4f69-a830-2d3d8b70745a
2021-11-15 19:21:59,994 [ForkJoinPool.commonPool-worker-0] INFO  impl.RoleInfo (RoleInfo.java:shutdownLeaderState(91)) - 5f24cb3a-787a-4f69-a830-2d3d8b70745a: shutdown 5f24cb3a-787a-4f69-a830-2d3d8b70745a@group-9B0D820938DF-LeaderStateImpl
2021-11-15 19:21:59,994 [ForkJoinPool.commonPool-worker-0] INFO  impl.PendingRequests (PendingRequests.java:sendNotLeaderResponses(282)) - 5f24cb3a-787a-4f69-a830-2d3d8b70745a@group-9B0D820938DF-PendingRequests: sendNotLeaderResponses
2021-11-15 19:21:59,994 [ForkJoinPool.commonPool-worker-0] INFO  impl.StateMachineUpdater (StateMachineUpdater.java:stopAndJoin(149)) - 5f24cb3a-787a-4f69-a830-2d3d8b70745a@group-9B0D820938DF-StateMachineUpdater: set stopIndex = 0
2021-11-15 19:21:59,995 [5f24cb3a-787a-4f69-a830-2d3d8b70745a@group-9B0D820938DF-StateMachineUpdater] INFO  ratis.ContainerStateMachine (ContainerStateMachine.java:takeSnapshot(292)) - group-9B0D820938DF: Taking a snapshot at:(t:5, i:0) file /home/runner/work/ozone/ozone/hadoop-ozone/integration-test/target/test-dir/MiniOzoneClusterImpl-edab3eb4-5721-4c35-be90-debfdbe0e37e/datanode-2/data/ratis/430698ac-9a5d-4310-9d5d-9b0d820938df/sm/snapshot.5_0
2021-11-15 19:21:59,995 [5f24cb3a-787a-4f69-a830-2d3d8b70745a@group-9B0D820938DF->c038e53c-4808-40a4-bcac-87a6adf6dbd8-GrpcLogAppender-LogAppenderDaemon] WARN  server.GrpcLogAppender (GrpcLogAppender.java:mayWait(177)) - 5f24cb3a-787a-4f69-a830-2d3d8b70745a@group-9B0D820938DF->c038e53c-4808-40a4-bcac-87a6adf6dbd8-GrpcLogAppender: Wait interrupted by java.lang.InterruptedException
2021-11-15 19:22:00,004 [5f24cb3a-787a-4f69-a830-2d3d8b70745a@group-9B0D820938DF-StateMachineUpdater] INFO  ratis.ContainerStateMachine (ContainerStateMachine.java:takeSnapshot(303)) - group-9B0D820938DF: Finished taking a snapshot at:(t:5, i:0) file:/home/runner/work/ozone/ozone/hadoop-ozone/integration-test/target/test-dir/MiniOzoneClusterImpl-edab3eb4-5721-4c35-be90-debfdbe0e37e/datanode-2/data/ratis/430698ac-9a5d-4310-9d5d-9b0d820938df/sm/snapshot.5_0 took: 4 ms
2021-11-15 19:22:00,004 [5f24cb3a-787a-4f69-a830-2d3d8b70745a@group-9B0D820938DF-StateMachineUpdater] INFO  impl.StateMachineUpdater (StateMachineUpdater.java:takeSnapshot(281)) - 5f24cb3a-787a-4f69-a830-2d3d8b70745a@group-9B0D820938DF-StateMachineUpdater: Took a snapshot at index 0
2021-11-15 19:22:00,004 [5f24cb3a-787a-4f69-a830-2d3d8b70745a@group-9B0D820938DF-StateMachineUpdater] INFO  impl.StateMachineUpdater (StateMachineUpdater.java:lambda$new$0(89)) - 5f24cb3a-787a-4f69-a830-2d3d8b70745a@group-9B0D820938DF-StateMachineUpdater: snapshotIndex: updateIncreasingly -1 -> 0
2021-11-15 19:22:00,004 [ForkJoinPool.commonPool-worker-0] INFO  server.RaftServer$Division (ServerState.java:close(419)) - 5f24cb3a-787a-4f69-a830-2d3d8b70745a@group-9B0D820938DF: closes. applyIndex: 0
2021-11-15 19:22:00,005 [grpc-default-executor-1] INFO  server.GrpcServerProtocolService (GrpcServerProtocolService.java:onCompleted(140)) - c038e53c-4808-40a4-bcac-87a6adf6dbd8: Completed APPEND_ENTRIES, lastRequest: 5f24cb3a-787a-4f69-a830-2d3d8b70745a->c038e53c-4808-40a4-bcac-87a6adf6dbd8#1-t5,previous=(t:0, i:0),leaderCommit=-1,initializing? true,entries: size=1, first=(t:5, i:0), CONFIGURATIONENTRY
2021-11-15 19:22:00,005 [5f24cb3a-787a-4f69-a830-2d3d8b70745a@group-9B0D820938DF-SegmentedRaftLogWorker] INFO  segmented.SegmentedRaftLogWorker (SegmentedRaftLogWorker.java:run(327)) - 5f24cb3a-787a-4f69-a830-2d3d8b70745a@group-9B0D820938DF-SegmentedRaftLogWorker was interrupted, exiting. There are 0 tasks remaining in the queue.
2021-11-15 19:22:00,007 [grpc-default-executor-1] INFO  server.GrpcLogAppender (GrpcLogAppender.java:onCompleted(346)) - 5f24cb3a-787a-4f69-a830-2d3d8b70745a@group-9B0D820938DF->c038e53c-4808-40a4-bcac-87a6adf6dbd8-AppendLogResponseHandler: follower responses appendEntries COMPLETED
2021-11-15 19:22:00,007 [grpc-default-executor-1] INFO  leader.FollowerInfo (FollowerInfoImpl.java:lambda$new$0(47)) - 5f24cb3a-787a-4f69-a830-2d3d8b70745a@group-9B0D820938DF->c038e53c-4808-40a4-bcac-87a6adf6dbd8: nextIndex: updateUnconditionally 1 -> 0
2021-11-15 19:22:00,007 [ForkJoinPool.commonPool-worker-0] INFO  segmented.SegmentedRaftLogWorker (SegmentedRaftLogWorker.java:close(237)) - 5f24cb3a-787a-4f69-a830-2d3d8b70745a@group-9B0D820938DF-SegmentedRaftLogWorker close()
2021-11-15 19:22:00,020 [ForkJoinPool.commonPool-worker-0] INFO  server.RaftServer$Division (RaftServerImpl.java:lambda$close$4(412)) - 5f24cb3a-787a-4f69-a830-2d3d8b70745a@group-E9B8733C2D53: shutdown
2021-11-15 19:22:00,020 [ForkJoinPool.commonPool-worker-0] INFO  util.JmxRegister (JmxRegister.java:unregister(73)) - Successfully un-registered JMX Bean with object name Ratis:service=RaftServer,group=group-E9B8733C2D53,id=5f24cb3a-787a-4f69-a830-2d3d8b70745a
2021-11-15 19:22:00,020 [ForkJoinPool.commonPool-worker-0] INFO  impl.RoleInfo (RoleInfo.java:shutdownLeaderState(91)) - 5f24cb3a-787a-4f69-a830-2d3d8b70745a: shutdown 5f24cb3a-787a-4f69-a830-2d3d8b70745a@group-E9B8733C2D53-LeaderStateImpl
2021-11-15 19:22:00,024 [ForkJoinPool.commonPool-worker-0] INFO  impl.PendingRequests (PendingRequests.java:sendNotLeaderResponses(282)) - 5f24cb3a-787a-4f69-a830-2d3d8b70745a@group-E9B8733C2D53-PendingRequests: sendNotLeaderResponses
2021-11-15 19:22:00,024 [5f24cb3a-787a-4f69-a830-2d3d8b70745a@group-E9B8733C2D53-StateMachineUpdater] INFO  ratis.ContainerStateMachine (ContainerStateMachine.java:takeSnapshot(292)) - group-E9B8733C2D53: Taking a snapshot at:(t:1, i:0) file /home/runner/work/ozone/ozone/hadoop-ozone/integration-test/target/test-dir/MiniOzoneClusterImpl-edab3eb4-5721-4c35-be90-debfdbe0e37e/datanode-2/data/ratis/afdadf34-f482-47b6-b37b-e9b8733c2d53/sm/snapshot.1_0
2021-11-15 19:22:00,024 [ForkJoinPool.commonPool-worker-0] INFO  impl.StateMachineUpdater (StateMachineUpdater.java:stopAndJoin(149)) - 5f24cb3a-787a-4f69-a830-2d3d8b70745a@group-E9B8733C2D53-StateMachineUpdater: set stopIndex = 0
2021-11-15 19:22:00,025 [5f24cb3a-787a-4f69-a830-2d3d8b70745a@group-E9B8733C2D53-StateMachineUpdater] INFO  ratis.ContainerStateMachine (ContainerStateMachine.java:takeSnapshot(303)) - group-E9B8733C2D53: Finished taking a snapshot at:(t:1, i:0) file:/home/runner/work/ozone/ozone/hadoop-ozone/integration-test/target/test-dir/MiniOzoneClusterImpl-edab3eb4-5721-4c35-be90-debfdbe0e37e/datanode-2/data/ratis/afdadf34-f482-47b6-b37b-e9b8733c2d53/sm/snapshot.1_0 took: 1 ms
2021-11-15 19:22:00,026 [5f24cb3a-787a-4f69-a830-2d3d8b70745a@group-E9B8733C2D53-StateMachineUpdater] INFO  impl.StateMachineUpdater (StateMachineUpdater.java:takeSnapshot(281)) - 5f24cb3a-787a-4f69-a830-2d3d8b70745a@group-E9B8733C2D53-StateMachineUpdater: Took a snapshot at index 0
2021-11-15 19:22:00,026 [5f24cb3a-787a-4f69-a830-2d3d8b70745a@group-E9B8733C2D53-StateMachineUpdater] INFO  impl.StateMachineUpdater (StateMachineUpdater.java:lambda$new$0(89)) - 5f24cb3a-787a-4f69-a830-2d3d8b70745a@group-E9B8733C2D53-StateMachineUpdater: snapshotIndex: updateIncreasingly -1 -> 0
2021-11-15 19:22:00,026 [ForkJoinPool.commonPool-worker-0] INFO  server.RaftServer$Division (ServerState.java:close(419)) - 5f24cb3a-787a-4f69-a830-2d3d8b70745a@group-E9B8733C2D53: closes. applyIndex: 0
2021-11-15 19:22:00,026 [5f24cb3a-787a-4f69-a830-2d3d8b70745a@group-E9B8733C2D53-SegmentedRaftLogWorker] INFO  segmented.SegmentedRaftLogWorker (SegmentedRaftLogWorker.java:run(327)) - 5f24cb3a-787a-4f69-a830-2d3d8b70745a@group-E9B8733C2D53-SegmentedRaftLogWorker was interrupted, exiting. There are 0 tasks remaining in the queue.
2021-11-15 19:22:00,026 [ForkJoinPool.commonPool-worker-0] INFO  segmented.SegmentedRaftLogWorker (SegmentedRaftLogWorker.java:close(237)) - 5f24cb3a-787a-4f69-a830-2d3d8b70745a@group-E9B8733C2D53-SegmentedRaftLogWorker close()
2021-11-15 19:22:00,027 [ForkJoinPool.commonPool-worker-0] INFO  server.RaftServer$Division (RaftServerImpl.java:lambda$close$4(412)) - 5f24cb3a-787a-4f69-a830-2d3d8b70745a@group-3123CD3C107D: shutdown
2021-11-15 19:22:00,028 [ForkJoinPool.commonPool-worker-0] INFO  util.JmxRegister (JmxRegister.java:unregister(73)) - Successfully un-registered JMX Bean with object name Ratis:service=RaftServer,group=group-3123CD3C107D,id=5f24cb3a-787a-4f69-a830-2d3d8b70745a
2021-11-15 19:22:00,028 [ForkJoinPool.commonPool-worker-0] INFO  impl.RoleInfo (RoleInfo.java:shutdownFollowerState(108)) - 5f24cb3a-787a-4f69-a830-2d3d8b70745a: shutdown 5f24cb3a-787a-4f69-a830-2d3d8b70745a@group-3123CD3C107D-FollowerState
2021-11-15 19:22:00,028 [5f24cb3a-787a-4f69-a830-2d3d8b70745a@group-3123CD3C107D-FollowerState] INFO  impl.FollowerState (FollowerState.java:run(143)) - 5f24cb3a-787a-4f69-a830-2d3d8b70745a@group-3123CD3C107D-FollowerState was interrupted: {}
java.lang.InterruptedException: sleep interrupted
	at java.lang.Thread.sleep(Native Method)
	at java.lang.Thread.sleep(Thread.java:340)
	at java.util.concurrent.TimeUnit.sleep(TimeUnit.java:386)
	at org.apache.ratis.util.TimeDuration.sleep(TimeDuration.java:324)
	at org.apache.ratis.util.TimeDuration.sleep(TimeDuration.java:309)
	at org.apache.ratis.server.impl.FollowerState.run(FollowerState.java:118)
2021-11-15 19:22:00,028 [5f24cb3a-787a-4f69-a830-2d3d8b70745a@group-3123CD3C107D-StateMachineUpdater] INFO  ratis.ContainerStateMachine (ContainerStateMachine.java:takeSnapshot(292)) - group-3123CD3C107D: Taking a snapshot at:(t:6, i:0) file /home/runner/work/ozone/ozone/hadoop-ozone/integration-test/target/test-dir/MiniOzoneClusterImpl-edab3eb4-5721-4c35-be90-debfdbe0e37e/datanode-2/data/ratis/35d75f5e-aa39-420d-bbb8-3123cd3c107d/sm/snapshot.6_0
2021-11-15 19:22:00,028 [ForkJoinPool.commonPool-worker-0] INFO  impl.StateMachineUpdater (StateMachineUpdater.java:stopAndJoin(149)) - 5f24cb3a-787a-4f69-a830-2d3d8b70745a@group-3123CD3C107D-StateMachineUpdater: set stopIndex = 0
2021-11-15 19:22:00,029 [5f24cb3a-787a-4f69-a830-2d3d8b70745a@group-3123CD3C107D-StateMachineUpdater] INFO  ratis.ContainerStateMachine (ContainerStateMachine.java:takeSnapshot(303)) - group-3123CD3C107D: Finished taking a snapshot at:(t:6, i:0) file:/home/runner/work/ozone/ozone/hadoop-ozone/integration-test/target/test-dir/MiniOzoneClusterImpl-edab3eb4-5721-4c35-be90-debfdbe0e37e/datanode-2/data/ratis/35d75f5e-aa39-420d-bbb8-3123cd3c107d/sm/snapshot.6_0 took: 1 ms
2021-11-15 19:22:00,029 [5f24cb3a-787a-4f69-a830-2d3d8b70745a@group-3123CD3C107D-StateMachineUpdater] INFO  impl.StateMachineUpdater (StateMachineUpdater.java:takeSnapshot(281)) - 5f24cb3a-787a-4f69-a830-2d3d8b70745a@group-3123CD3C107D-StateMachineUpdater: Took a snapshot at index 0
2021-11-15 19:22:00,029 [5f24cb3a-787a-4f69-a830-2d3d8b70745a@group-3123CD3C107D-StateMachineUpdater] INFO  impl.StateMachineUpdater (StateMachineUpdater.java:lambda$new$0(89)) - 5f24cb3a-787a-4f69-a830-2d3d8b70745a@group-3123CD3C107D-StateMachineUpdater: snapshotIndex: updateIncreasingly -1 -> 0
2021-11-15 19:22:00,030 [ForkJoinPool.commonPool-worker-0] INFO  server.RaftServer$Division (ServerState.java:close(419)) - 5f24cb3a-787a-4f69-a830-2d3d8b70745a@group-3123CD3C107D: closes. applyIndex: 0
2021-11-15 19:22:00,030 [5f24cb3a-787a-4f69-a830-2d3d8b70745a@group-3123CD3C107D-SegmentedRaftLogWorker] INFO  segmented.SegmentedRaftLogWorker (SegmentedRaftLogWorker.java:run(327)) - 5f24cb3a-787a-4f69-a830-2d3d8b70745a@group-3123CD3C107D-SegmentedRaftLogWorker was interrupted, exiting. There are 0 tasks remaining in the queue.
2021-11-15 19:22:00,030 [ForkJoinPool.commonPool-worker-0] INFO  segmented.SegmentedRaftLogWorker (SegmentedRaftLogWorker.java:close(237)) - 5f24cb3a-787a-4f69-a830-2d3d8b70745a@group-3123CD3C107D-SegmentedRaftLogWorker close()
2021-11-15 19:22:00,032 [ForkJoinPool.commonPool-worker-0] INFO  server.GrpcService (GrpcService.java:closeImpl(262)) - 5f24cb3a-787a-4f69-a830-2d3d8b70745a: shutdown server with port 34579 now
2021-11-15 19:22:00,038 [ForkJoinPool.commonPool-worker-0] INFO  server.GrpcService (GrpcService.java:closeImpl(271)) - 5f24cb3a-787a-4f69-a830-2d3d8b70745a: shutdown server with port 34579 successfully
2021-11-15 19:22:00,038 [org.apache.ratis.util.JvmPauseMonitor$$Lambda$531/1332130488@2efd2858] INFO  util.JvmPauseMonitor (JvmPauseMonitor.java:run(109)) - JvmPauseMonitor-5f24cb3a-787a-4f69-a830-2d3d8b70745a: Stopped
2021-11-15 19:22:00,040 [ForkJoinPool.commonPool-worker-0] INFO  utils.BackgroundService (BackgroundService.java:shutdown(132)) - Shutting down service BlockDeletingService
2021-11-15 19:22:02,830 [c038e53c-4808-40a4-bcac-87a6adf6dbd8@group-3123CD3C107D-FollowerState] INFO  impl.FollowerState (FollowerState.java:run(134)) - c038e53c-4808-40a4-bcac-87a6adf6dbd8@group-3123CD3C107D-FollowerState: change to CANDIDATE, lastRpcElapsedTime:5123585234ns, electionTimeout:5114ms
2021-11-15 19:22:02,830 [c038e53c-4808-40a4-bcac-87a6adf6dbd8@group-3123CD3C107D-FollowerState] INFO  impl.RoleInfo (RoleInfo.java:shutdownFollowerState(108)) - c038e53c-4808-40a4-bcac-87a6adf6dbd8: shutdown c038e53c-4808-40a4-bcac-87a6adf6dbd8@group-3123CD3C107D-FollowerState
2021-11-15 19:22:02,830 [c038e53c-4808-40a4-bcac-87a6adf6dbd8@group-3123CD3C107D-FollowerState] INFO  server.RaftServer$Division (RaftServerImpl.java:setRole(290)) - c038e53c-4808-40a4-bcac-87a6adf6dbd8@group-3123CD3C107D: changes role from  FOLLOWER to CANDIDATE at term 7 for changeToCandidate
2021-11-15 19:22:02,830 [c038e53c-4808-40a4-bcac-87a6adf6dbd8@group-3123CD3C107D-FollowerState] INFO  server.RaftServerConfigKeys (ConfUtils.java:logGet(44)) - raft.server.leaderelection.pre-vote = false (custom)
2021-11-15 19:22:02,830 [c038e53c-4808-40a4-bcac-87a6adf6dbd8@group-3123CD3C107D-FollowerState] INFO  impl.RoleInfo (RoleInfo.java:updateAndGet(130)) - c038e53c-4808-40a4-bcac-87a6adf6dbd8: start c038e53c-4808-40a4-bcac-87a6adf6dbd8@group-3123CD3C107D-LeaderElection33
2021-11-15 19:22:02,856 [c038e53c-4808-40a4-bcac-87a6adf6dbd8@group-3123CD3C107D-LeaderElection33] INFO  impl.LeaderElection (LeaderElection.java:askForVotes(306)) - c038e53c-4808-40a4-bcac-87a6adf6dbd8@group-3123CD3C107D-LeaderElection33 ELECTION round 0: submit vote requests at term 8 for 0: [c038e53c-4808-40a4-bcac-87a6adf6dbd8|rpc:10.1.0.16:46879|dataStream:|priority:0, 5f24cb3a-787a-4f69-a830-2d3d8b70745a|rpc:10.1.0.16:34579|dataStream:|priority:0, bce623f1-3c31-45ef-9861-869f671ae311|rpc:10.1.0.16:38881|dataStream:|priority:1], old=null
2021-11-15 19:22:02,881 [c038e53c-4808-40a4-bcac-87a6adf6dbd8@group-3123CD3C107D-LeaderElection33] INFO  impl.LeaderElection (LogUtils.java:infoOrTrace(137)) - c038e53c-4808-40a4-bcac-87a6adf6dbd8@group-3123CD3C107D-LeaderElection33 got exception when requesting votes: java.util.concurrent.ExecutionException: org.apache.ratis.thirdparty.io.grpc.StatusRuntimeException: UNAVAILABLE: io exception
2021-11-15 19:22:02,888 [c038e53c-4808-40a4-bcac-87a6adf6dbd8@group-3123CD3C107D-LeaderElection33] INFO  impl.LeaderElection (LogUtils.java:infoOrTrace(137)) - c038e53c-4808-40a4-bcac-87a6adf6dbd8@group-3123CD3C107D-LeaderElection33 got exception when requesting votes: java.util.concurrent.ExecutionException: org.apache.ratis.thirdparty.io.grpc.StatusRuntimeException: UNAVAILABLE: io exception
2021-11-15 19:22:02,888 [c038e53c-4808-40a4-bcac-87a6adf6dbd8@group-3123CD3C107D-LeaderElection33] INFO  impl.LeaderElection (LeaderElection.java:logAndReturn(89)) - c038e53c-4808-40a4-bcac-87a6adf6dbd8@group-3123CD3C107D-LeaderElection33: ELECTION REJECTED received 0 response(s) and 2 exception(s):
2021-11-15 19:22:02,888 [c038e53c-4808-40a4-bcac-87a6adf6dbd8@group-3123CD3C107D-LeaderElection33] INFO  impl.LeaderElection (LogUtils.java:infoOrTrace(137)) -   Exception 0: java.util.concurrent.ExecutionException: org.apache.ratis.thirdparty.io.grpc.StatusRuntimeException: UNAVAILABLE: io exception
2021-11-15 19:22:02,888 [c038e53c-4808-40a4-bcac-87a6adf6dbd8@group-3123CD3C107D-LeaderElection33] INFO  impl.LeaderElection (LogUtils.java:infoOrTrace(137)) -   Exception 1: java.util.concurrent.ExecutionException: org.apache.ratis.thirdparty.io.grpc.StatusRuntimeException: UNAVAILABLE: io exception
2021-11-15 19:22:02,888 [c038e53c-4808-40a4-bcac-87a6adf6dbd8@group-3123CD3C107D-LeaderElection33] INFO  impl.LeaderElection (LeaderElection.java:askForVotes(308)) - c038e53c-4808-40a4-bcac-87a6adf6dbd8@group-3123CD3C107D-LeaderElection33 ELECTION round 0: result REJECTED
2021-11-15 19:22:02,889 [c038e53c-4808-40a4-bcac-87a6adf6dbd8@group-3123CD3C107D-LeaderElection33] INFO  server.RaftServer$Division (RaftServerImpl.java:setRole(290)) - c038e53c-4808-40a4-bcac-87a6adf6dbd8@group-3123CD3C107D: changes role from CANDIDATE to FOLLOWER at term 8 for REJECTED
2021-11-15 19:22:02,889 [c038e53c-4808-40a4-bcac-87a6adf6dbd8@group-3123CD3C107D-LeaderElection33] INFO  impl.RoleInfo (RoleInfo.java:shutdownLeaderElection(121)) - c038e53c-4808-40a4-bcac-87a6adf6dbd8: shutdown c038e53c-4808-40a4-bcac-87a6adf6dbd8@group-3123CD3C107D-LeaderElection33
2021-11-15 19:22:02,889 [c038e53c-4808-40a4-bcac-87a6adf6dbd8@group-3123CD3C107D-LeaderElection33] INFO  impl.RoleInfo (RoleInfo.java:updateAndGet(130)) - c038e53c-4808-40a4-bcac-87a6adf6dbd8: start c038e53c-4808-40a4-bcac-87a6adf6dbd8@group-3123CD3C107D-FollowerState
2021-11-15 19:22:02,913 [Listener at 127.0.0.1/38415] INFO  statemachine.DatanodeStateMachine (DatanodeStateMachine.java:stopDaemon(526)) - Ozone container server stopped.
2021-11-15 19:22:02,914 [Listener at 127.0.0.1/38415] INFO  handler.ContextHandler (ContextHandler.java:doStop(1153)) - Stopped o.e.j.w.WebAppContext@6d5ed26d{hddsDatanode,/,null,STOPPED}{jar:file:/home/runner/.m2/repository/org/apache/ozone/hdds-container-service/1.2.0-SNAPSHOT/hdds-container-service-1.2.0-SNAPSHOT.jar!/webapps/hddsDatanode}
2021-11-15 19:22:02,915 [Listener at 127.0.0.1/38415] INFO  server.AbstractConnector (AbstractConnector.java:doStop(381)) - Stopped ServerConnector@5543dcf8{HTTP/1.1, (http/1.1)}{0.0.0.0:0}
2021-11-15 19:22:02,915 [Listener at 127.0.0.1/38415] INFO  server.session (HouseKeeper.java:stopScavenging(149)) - node0 Stopped scavenging
2021-11-15 19:22:02,915 [Listener at 127.0.0.1/38415] INFO  handler.ContextHandler (ContextHandler.java:doStop(1153)) - Stopped o.e.j.s.ServletContextHandler@37aed35e{static,/static,jar:file:/home/runner/.m2/repository/org/apache/ozone/hdds-container-service/1.2.0-SNAPSHOT/hdds-container-service-1.2.0-SNAPSHOT.jar!/webapps/static,STOPPED}
2021-11-15 19:22:02,916 [Listener at 127.0.0.1/38415] INFO  handler.ContextHandler (ContextHandler.java:doStop(1153)) - Stopped o.e.j.s.ServletContextHandler@983bcd8{logs,/logs,file:///home/runner/work/ozone/ozone/hadoop-ozone/integration-test/target/log,STOPPED}
2021-11-15 19:22:03,060 [ForkJoinPool.commonPool-worker-0] INFO  statemachine.DatanodeStateMachine (DatanodeStateMachine.java:stopDaemon(526)) - Ozone container server stopped.
2021-11-15 19:22:03,063 [ForkJoinPool.commonPool-worker-0] INFO  handler.ContextHandler (ContextHandler.java:doStop(1153)) - Stopped o.e.j.w.WebAppContext@62a16a92{hddsDatanode,/,null,STOPPED}{jar:file:/home/runner/.m2/repository/org/apache/ozone/hdds-container-service/1.2.0-SNAPSHOT/hdds-container-service-1.2.0-SNAPSHOT.jar!/webapps/hddsDatanode}
2021-11-15 19:22:03,076 [ForkJoinPool.commonPool-worker-0] INFO  server.AbstractConnector (AbstractConnector.java:doStop(381)) - Stopped ServerConnector@16fac3f1{HTTP/1.1, (http/1.1)}{0.0.0.0:0}
2021-11-15 19:22:03,076 [ForkJoinPool.commonPool-worker-0] INFO  server.session (HouseKeeper.java:stopScavenging(149)) - node0 Stopped scavenging
2021-11-15 19:22:03,080 [ForkJoinPool.commonPool-worker-0] INFO  handler.ContextHandler (ContextHandler.java:doStop(1153)) - Stopped o.e.j.s.ServletContextHandler@47bacf96{static,/static,jar:file:/home/runner/.m2/repository/org/apache/ozone/hdds-container-service/1.2.0-SNAPSHOT/hdds-container-service-1.2.0-SNAPSHOT.jar!/webapps/static,STOPPED}
2021-11-15 19:22:03,080 [ForkJoinPool.commonPool-worker-0] INFO  handler.ContextHandler (ContextHandler.java:doStop(1153)) - Stopped o.e.j.s.ServletContextHandler@4531f4f4{logs,/logs,file:///home/runner/work/ozone/ozone/hadoop-ozone/integration-test/target/log,STOPPED}
2021-11-15 19:22:04,648 [EventQueue-StaleNodeForStaleNodeHandler] INFO  node.StaleNodeHandler (StaleNodeHandler.java:onMessage(58)) - Datanode 5f24cb3a-787a-4f69-a830-2d3d8b70745a{ip: 10.1.0.16, host: fv-az151-339.yf2hydr00wburbhx3j5hxtcipe.bx.internal.cloudapp.net, ports: [REPLICATION=34173, RATIS=34579, RATIS_ADMIN=34579, RATIS_SERVER=34579, STANDALONE=37973], networkLocation: /default-rack, certSerialId: null, persistedOpState: IN_SERVICE, persistedOpStateExpiryEpochSec: 0} moved to stale state. Finalizing its pipelines [PipelineID=430698ac-9a5d-4310-9d5d-9b0d820938df, PipelineID=afdadf34-f482-47b6-b37b-e9b8733c2d53, PipelineID=35d75f5e-aa39-420d-bbb8-3123cd3c107d]
2021-11-15 19:22:04,649 [EventQueue-StaleNodeForStaleNodeHandler] INFO  pipeline.PipelineManagerImpl (PipelineManagerImpl.java:closePipeline(349)) - Pipeline Pipeline[ Id: afdadf34-f482-47b6-b37b-e9b8733c2d53, Nodes: 5f24cb3a-787a-4f69-a830-2d3d8b70745a{ip: 10.1.0.16, host: fv-az151-339.yf2hydr00wburbhx3j5hxtcipe.bx.internal.cloudapp.net, ports: [REPLICATION=34173, RATIS=34579, RATIS_ADMIN=34579, RATIS_SERVER=34579, STANDALONE=37973], networkLocation: /default-rack, certSerialId: null, persistedOpState: IN_SERVICE, persistedOpStateExpiryEpochSec: 0}, ReplicationConfig: RATIS/ONE, State:OPEN, leaderId:5f24cb3a-787a-4f69-a830-2d3d8b70745a, CreationTimestamp2021-11-15T19:21:08.737Z[Etc/UTC]] moved to CLOSED state
2021-11-15 19:22:04,748 [EventQueue-StaleNodeForStaleNodeHandler] INFO  node.StaleNodeHandler (StaleNodeHandler.java:onMessage(58)) - Datanode 087c2b0c-5b45-457f-ac23-38cb521b1b9c{ip: 10.1.0.16, host: fv-az151-339.yf2hydr00wburbhx3j5hxtcipe.bx.internal.cloudapp.net, ports: [REPLICATION=33023, RATIS=32799, RATIS_ADMIN=32799, RATIS_SERVER=32799, STANDALONE=33851], networkLocation: /default-rack, certSerialId: null, persistedOpState: IN_SERVICE, persistedOpStateExpiryEpochSec: 0} moved to stale state. Finalizing its pipelines [PipelineID=2090d85a-f2c5-459e-8366-9613f75efcd4]
2021-11-15 19:22:04,749 [EventQueue-StaleNodeForStaleNodeHandler] INFO  pipeline.PipelineManagerImpl (PipelineManagerImpl.java:closePipeline(349)) - Pipeline Pipeline[ Id: 2090d85a-f2c5-459e-8366-9613f75efcd4, Nodes: 087c2b0c-5b45-457f-ac23-38cb521b1b9c{ip: 10.1.0.16, host: fv-az151-339.yf2hydr00wburbhx3j5hxtcipe.bx.internal.cloudapp.net, ports: [REPLICATION=33023, RATIS=32799, RATIS_ADMIN=32799, RATIS_SERVER=32799, STANDALONE=33851], networkLocation: /default-rack, certSerialId: null, persistedOpState: IN_SERVICE, persistedOpStateExpiryEpochSec: 0}, ReplicationConfig: RATIS/ONE, State:OPEN, leaderId:087c2b0c-5b45-457f-ac23-38cb521b1b9c, CreationTimestamp2021-11-15T19:21:09.551Z[Etc/UTC]] moved to CLOSED state
2021-11-15 19:22:06,351 [EventQueue-DeadNodeForDeadNodeHandler] INFO  node.DeadNodeHandler (DeadNodeHandler.java:onMessage(80)) - A dead datanode is detected. bce623f1-3c31-45ef-9861-869f671ae311{ip: 10.1.0.16, host: fv-az151-339.yf2hydr00wburbhx3j5hxtcipe.bx.internal.cloudapp.net, ports: [REPLICATION=40269, RATIS=38881, RATIS_ADMIN=38881, RATIS_SERVER=38881, STANDALONE=43405], networkLocation: /default-rack, certSerialId: null, persistedOpState: IN_SERVICE, persistedOpStateExpiryEpochSec: 0}
2021-11-15 19:22:06,351 [EventQueue-DeadNodeForDeadNodeHandler] INFO  pipeline.RatisPipelineProvider (RatisPipelineProvider.java:lambda$close$1(222)) - Send pipeline:PipelineID=430698ac-9a5d-4310-9d5d-9b0d820938df close command to datanode c038e53c-4808-40a4-bcac-87a6adf6dbd8
2021-11-15 19:22:06,351 [EventQueue-DeadNodeForDeadNodeHandler] INFO  pipeline.RatisPipelineProvider (RatisPipelineProvider.java:lambda$close$1(222)) - Send pipeline:PipelineID=430698ac-9a5d-4310-9d5d-9b0d820938df close command to datanode 5f24cb3a-787a-4f69-a830-2d3d8b70745a
2021-11-15 19:22:06,351 [EventQueue-DeadNodeForDeadNodeHandler] INFO  pipeline.RatisPipelineProvider (RatisPipelineProvider.java:lambda$close$1(222)) - Send pipeline:PipelineID=430698ac-9a5d-4310-9d5d-9b0d820938df close command to datanode bce623f1-3c31-45ef-9861-869f671ae311
2021-11-15 19:22:06,352 [EventQueue-DeadNodeForDeadNodeHandler] INFO  pipeline.PipelineStateManagerImpl (PipelineStateManagerImpl.java:removePipeline(223)) - Pipeline Pipeline[ Id: 430698ac-9a5d-4310-9d5d-9b0d820938df, Nodes: c038e53c-4808-40a4-bcac-87a6adf6dbd8{ip: 10.1.0.16, host: fv-az151-339.yf2hydr00wburbhx3j5hxtcipe.bx.internal.cloudapp.net, ports: [REPLICATION=44751, RATIS=46879, RATIS_ADMIN=46879, RATIS_SERVER=46879, STANDALONE=36917], networkLocation: /default-rack, certSerialId: null, persistedOpState: IN_SERVICE, persistedOpStateExpiryEpochSec: 0}5f24cb3a-787a-4f69-a830-2d3d8b70745a{ip: 10.1.0.16, host: fv-az151-339.yf2hydr00wburbhx3j5hxtcipe.bx.internal.cloudapp.net, ports: [REPLICATION=34173, RATIS=34579, RATIS_ADMIN=34579, RATIS_SERVER=34579, STANDALONE=37973], networkLocation: /default-rack, certSerialId: null, persistedOpState: IN_SERVICE, persistedOpStateExpiryEpochSec: 0}bce623f1-3c31-45ef-9861-869f671ae311{ip: 10.1.0.16, host: fv-az151-339.yf2hydr00wburbhx3j5hxtcipe.bx.internal.cloudapp.net, ports: [REPLICATION=40269, RATIS=38881, RATIS_ADMIN=38881, RATIS_SERVER=38881, STANDALONE=43405], networkLocation: /default-rack, certSerialId: null, persistedOpState: IN_SERVICE, persistedOpStateExpiryEpochSec: 0}, ReplicationConfig: RATIS/THREE, State:CLOSED, leaderId:5f24cb3a-787a-4f69-a830-2d3d8b70745a, CreationTimestamp2021-11-15T19:21:08.741Z[Etc/UTC]] removed.
2021-11-15 19:22:06,352 [EventQueue-DeadNodeForDeadNodeHandler] INFO  pipeline.RatisPipelineProvider (RatisPipelineProvider.java:lambda$close$1(222)) - Send pipeline:PipelineID=35d75f5e-aa39-420d-bbb8-3123cd3c107d close command to datanode bce623f1-3c31-45ef-9861-869f671ae311
2021-11-15 19:22:06,352 [EventQueue-DeadNodeForDeadNodeHandler] INFO  pipeline.RatisPipelineProvider (RatisPipelineProvider.java:lambda$close$1(222)) - Send pipeline:PipelineID=35d75f5e-aa39-420d-bbb8-3123cd3c107d close command to datanode 5f24cb3a-787a-4f69-a830-2d3d8b70745a
2021-11-15 19:22:06,352 [EventQueue-DeadNodeForDeadNodeHandler] INFO  pipeline.RatisPipelineProvider (RatisPipelineProvider.java:lambda$close$1(222)) - Send pipeline:PipelineID=35d75f5e-aa39-420d-bbb8-3123cd3c107d close command to datanode c038e53c-4808-40a4-bcac-87a6adf6dbd8
2021-11-15 19:22:06,352 [EventQueue-DeadNodeForDeadNodeHandler] INFO  pipeline.PipelineStateManagerImpl (PipelineStateManagerImpl.java:removePipeline(223)) - Pipeline Pipeline[ Id: 35d75f5e-aa39-420d-bbb8-3123cd3c107d, Nodes: bce623f1-3c31-45ef-9861-869f671ae311{ip: 10.1.0.16, host: fv-az151-339.yf2hydr00wburbhx3j5hxtcipe.bx.internal.cloudapp.net, ports: [REPLICATION=40269, RATIS=38881, RATIS_ADMIN=38881, RATIS_SERVER=38881, STANDALONE=43405], networkLocation: /default-rack, certSerialId: null, persistedOpState: IN_SERVICE, persistedOpStateExpiryEpochSec: 0}5f24cb3a-787a-4f69-a830-2d3d8b70745a{ip: 10.1.0.16, host: fv-az151-339.yf2hydr00wburbhx3j5hxtcipe.bx.internal.cloudapp.net, ports: [REPLICATION=34173, RATIS=34579, RATIS_ADMIN=34579, RATIS_SERVER=34579, STANDALONE=37973], networkLocation: /default-rack, certSerialId: null, persistedOpState: IN_SERVICE, persistedOpStateExpiryEpochSec: 0}c038e53c-4808-40a4-bcac-87a6adf6dbd8{ip: 10.1.0.16, host: fv-az151-339.yf2hydr00wburbhx3j5hxtcipe.bx.internal.cloudapp.net, ports: [REPLICATION=44751, RATIS=46879, RATIS_ADMIN=46879, RATIS_SERVER=46879, STANDALONE=36917], networkLocation: /default-rack, certSerialId: null, persistedOpState: IN_SERVICE, persistedOpStateExpiryEpochSec: 0}, ReplicationConfig: RATIS/THREE, State:CLOSED, leaderId:bce623f1-3c31-45ef-9861-869f671ae311, CreationTimestamp2021-11-15T19:21:08.743Z[Etc/UTC]] removed.
2021-11-15 19:22:06,352 [EventQueue-DeadNodeForDeadNodeHandler] INFO  pipeline.RatisPipelineProvider (RatisPipelineProvider.java:lambda$close$1(222)) - Send pipeline:PipelineID=cb4ced81-55c2-466a-a183-60cd51394f2c close command to datanode bce623f1-3c31-45ef-9861-869f671ae311
2021-11-15 19:22:06,352 [EventQueue-DeadNodeForDeadNodeHandler] INFO  pipeline.PipelineStateManagerImpl (PipelineStateManagerImpl.java:removePipeline(223)) - Pipeline Pipeline[ Id: cb4ced81-55c2-466a-a183-60cd51394f2c, Nodes: bce623f1-3c31-45ef-9861-869f671ae311{ip: 10.1.0.16, host: fv-az151-339.yf2hydr00wburbhx3j5hxtcipe.bx.internal.cloudapp.net, ports: [REPLICATION=40269, RATIS=38881, RATIS_ADMIN=38881, RATIS_SERVER=38881, STANDALONE=43405], networkLocation: /default-rack, certSerialId: null, persistedOpState: IN_SERVICE, persistedOpStateExpiryEpochSec: 0}, ReplicationConfig: RATIS/ONE, State:CLOSED, leaderId:bce623f1-3c31-45ef-9861-869f671ae311, CreationTimestamp2021-11-15T19:21:08.229Z[Etc/UTC]] removed.
2021-11-15 19:22:06,352 [EventQueue-DeadNodeForDeadNodeHandler] INFO  net.NetworkTopologyImpl (NetworkTopologyImpl.java:remove(137)) - Removed a node: /default-rack/bce623f1-3c31-45ef-9861-869f671ae311
2021-11-15 19:22:06,752 [EventQueue-DeadNodeForDeadNodeHandler] INFO  node.DeadNodeHandler (DeadNodeHandler.java:onMessage(80)) - A dead datanode is detected. 1d1c653c-c24c-4f9f-93f8-363bcaedc7a6{ip: 10.1.0.16, host: fv-az151-339.yf2hydr00wburbhx3j5hxtcipe.bx.internal.cloudapp.net, ports: [REPLICATION=38157, RATIS=44043, RATIS_ADMIN=44043, RATIS_SERVER=44043, STANDALONE=34479], networkLocation: /default-rack, certSerialId: null, persistedOpState: IN_SERVICE, persistedOpStateExpiryEpochSec: 0}
2021-11-15 19:22:06,752 [EventQueue-DeadNodeForDeadNodeHandler] INFO  pipeline.RatisPipelineProvider (RatisPipelineProvider.java:lambda$close$1(222)) - Send pipeline:PipelineID=6d4605b9-3d7e-4b83-bb0d-82c3bff6ec3d close command to datanode 1d1c653c-c24c-4f9f-93f8-363bcaedc7a6
2021-11-15 19:22:06,752 [EventQueue-DeadNodeForDeadNodeHandler] INFO  pipeline.PipelineStateManagerImpl (PipelineStateManagerImpl.java:removePipeline(223)) - Pipeline Pipeline[ Id: 6d4605b9-3d7e-4b83-bb0d-82c3bff6ec3d, Nodes: 1d1c653c-c24c-4f9f-93f8-363bcaedc7a6{ip: 10.1.0.16, host: fv-az151-339.yf2hydr00wburbhx3j5hxtcipe.bx.internal.cloudapp.net, ports: [REPLICATION=38157, RATIS=44043, RATIS_ADMIN=44043, RATIS_SERVER=44043, STANDALONE=34479], networkLocation: /default-rack, certSerialId: null, persistedOpState: IN_SERVICE, persistedOpStateExpiryEpochSec: 0}, ReplicationConfig: RATIS/ONE, State:CLOSED, leaderId:1d1c653c-c24c-4f9f-93f8-363bcaedc7a6, CreationTimestamp2021-11-15T19:21:08.946Z[Etc/UTC]] removed.
2021-11-15 19:22:06,752 [EventQueue-DeadNodeForDeadNodeHandler] INFO  net.NetworkTopologyImpl (NetworkTopologyImpl.java:remove(137)) - Removed a node: /default-rack/1d1c653c-c24c-4f9f-93f8-363bcaedc7a6
2021-11-15 19:22:07,315 [c038e53c-4808-40a4-bcac-87a6adf6dbd8@group-9B0D820938DF-FollowerState] INFO  impl.FollowerState (FollowerState.java:run(134)) - c038e53c-4808-40a4-bcac-87a6adf6dbd8@group-9B0D820938DF-FollowerState: change to CANDIDATE, lastRpcElapsedTime:8019233371ns, electionTimeout:5075ms
2021-11-15 19:22:07,315 [c038e53c-4808-40a4-bcac-87a6adf6dbd8@group-9B0D820938DF-FollowerState] INFO  impl.RoleInfo (RoleInfo.java:shutdownFollowerState(108)) - c038e53c-4808-40a4-bcac-87a6adf6dbd8: shutdown c038e53c-4808-40a4-bcac-87a6adf6dbd8@group-9B0D820938DF-FollowerState
2021-11-15 19:22:07,315 [c038e53c-4808-40a4-bcac-87a6adf6dbd8@group-9B0D820938DF-FollowerState] INFO  server.RaftServer$Division (RaftServerImpl.java:setRole(290)) - c038e53c-4808-40a4-bcac-87a6adf6dbd8@group-9B0D820938DF: changes role from  FOLLOWER to CANDIDATE at term 5 for changeToCandidate
2021-11-15 19:22:07,315 [c038e53c-4808-40a4-bcac-87a6adf6dbd8@group-9B0D820938DF-FollowerState] INFO  server.RaftServerConfigKeys (ConfUtils.java:logGet(44)) - raft.server.leaderelection.pre-vote = false (custom)
2021-11-15 19:22:07,315 [c038e53c-4808-40a4-bcac-87a6adf6dbd8@group-9B0D820938DF-FollowerState] INFO  impl.RoleInfo (RoleInfo.java:updateAndGet(130)) - c038e53c-4808-40a4-bcac-87a6adf6dbd8: start c038e53c-4808-40a4-bcac-87a6adf6dbd8@group-9B0D820938DF-LeaderElection34
2021-11-15 19:22:07,326 [c038e53c-4808-40a4-bcac-87a6adf6dbd8@group-9B0D820938DF-LeaderElection34] INFO  server.RaftServer$Division (ServerState.java:setLeader(285)) - c038e53c-4808-40a4-bcac-87a6adf6dbd8@group-9B0D820938DF: change Leader from 5f24cb3a-787a-4f69-a830-2d3d8b70745a to null at term 5 for ELECTION
2021-11-15 19:22:07,330 [c038e53c-4808-40a4-bcac-87a6adf6dbd8@group-9B0D820938DF-LeaderElection34] INFO  impl.LeaderElection (LeaderElection.java:askForVotes(306)) - c038e53c-4808-40a4-bcac-87a6adf6dbd8@group-9B0D820938DF-LeaderElection34 ELECTION round 0: submit vote requests at term 6 for 0: [c038e53c-4808-40a4-bcac-87a6adf6dbd8|rpc:10.1.0.16:46879|dataStream:|priority:0, 5f24cb3a-787a-4f69-a830-2d3d8b70745a|rpc:10.1.0.16:34579|dataStream:|priority:1, bce623f1-3c31-45ef-9861-869f671ae311|rpc:10.1.0.16:38881|dataStream:|priority:0], old=null
2021-11-15 19:22:07,346 [c038e53c-4808-40a4-bcac-87a6adf6dbd8@group-9B0D820938DF-LeaderElection34] INFO  impl.LeaderElection (LogUtils.java:infoOrTrace(137)) - c038e53c-4808-40a4-bcac-87a6adf6dbd8@group-9B0D820938DF-LeaderElection34 got exception when requesting votes: java.util.concurrent.ExecutionException: org.apache.ratis.thirdparty.io.grpc.StatusRuntimeException: UNAVAILABLE: io exception
2021-11-15 19:22:07,347 [c038e53c-4808-40a4-bcac-87a6adf6dbd8@group-9B0D820938DF-LeaderElection34] INFO  impl.LeaderElection (LogUtils.java:infoOrTrace(137)) - c038e53c-4808-40a4-bcac-87a6adf6dbd8@group-9B0D820938DF-LeaderElection34 got exception when requesting votes: java.util.concurrent.ExecutionException: org.apache.ratis.thirdparty.io.grpc.StatusRuntimeException: UNAVAILABLE: io exception
2021-11-15 19:22:07,347 [c038e53c-4808-40a4-bcac-87a6adf6dbd8@group-9B0D820938DF-LeaderElection34] INFO  impl.LeaderElection (LeaderElection.java:logAndReturn(89)) - c038e53c-4808-40a4-bcac-87a6adf6dbd8@group-9B0D820938DF-LeaderElection34: ELECTION REJECTED received 0 response(s) and 2 exception(s):
2021-11-15 19:22:07,347 [c038e53c-4808-40a4-bcac-87a6adf6dbd8@group-9B0D820938DF-LeaderElection34] INFO  impl.LeaderElection (LogUtils.java:infoOrTrace(137)) -   Exception 0: java.util.concurrent.ExecutionException: org.apache.ratis.thirdparty.io.grpc.StatusRuntimeException: UNAVAILABLE: io exception
2021-11-15 19:22:07,347 [c038e53c-4808-40a4-bcac-87a6adf6dbd8@group-9B0D820938DF-LeaderElection34] INFO  impl.LeaderElection (LogUtils.java:infoOrTrace(137)) -   Exception 1: java.util.concurrent.ExecutionException: org.apache.ratis.thirdparty.io.grpc.StatusRuntimeException: UNAVAILABLE: io exception
2021-11-15 19:22:07,347 [c038e53c-4808-40a4-bcac-87a6adf6dbd8@group-9B0D820938DF-LeaderElection34] INFO  impl.LeaderElection (LeaderElection.java:askForVotes(308)) - c038e53c-4808-40a4-bcac-87a6adf6dbd8@group-9B0D820938DF-LeaderElection34 ELECTION round 0: result REJECTED
2021-11-15 19:22:07,347 [c038e53c-4808-40a4-bcac-87a6adf6dbd8@group-9B0D820938DF-LeaderElection34] INFO  server.RaftServer$Division (RaftServerImpl.java:setRole(290)) - c038e53c-4808-40a4-bcac-87a6adf6dbd8@group-9B0D820938DF: changes role from CANDIDATE to FOLLOWER at term 6 for REJECTED
2021-11-15 19:22:07,347 [c038e53c-4808-40a4-bcac-87a6adf6dbd8@group-9B0D820938DF-LeaderElection34] INFO  impl.RoleInfo (RoleInfo.java:shutdownLeaderElection(121)) - c038e53c-4808-40a4-bcac-87a6adf6dbd8: shutdown c038e53c-4808-40a4-bcac-87a6adf6dbd8@group-9B0D820938DF-LeaderElection34
2021-11-15 19:22:07,347 [c038e53c-4808-40a4-bcac-87a6adf6dbd8@group-9B0D820938DF-LeaderElection34] INFO  impl.RoleInfo (RoleInfo.java:updateAndGet(130)) - c038e53c-4808-40a4-bcac-87a6adf6dbd8: start c038e53c-4808-40a4-bcac-87a6adf6dbd8@group-9B0D820938DF-FollowerState
2021-11-15 19:22:07,918 [Listener at 127.0.0.1/38415] INFO  ozoneimpl.OzoneContainer (OzoneContainer.java:stop(325)) - Attempting to stop container services.
2021-11-15 19:22:07,923 [Listener at 127.0.0.1/38415] INFO  server.RaftServer (RaftServerProxy.java:lambda$close$6(391)) - c038e53c-4808-40a4-bcac-87a6adf6dbd8: close
2021-11-15 19:22:07,928 [Listener at 127.0.0.1/38415] INFO  server.RaftServer$Division (RaftServerImpl.java:lambda$close$4(412)) - c038e53c-4808-40a4-bcac-87a6adf6dbd8@group-9B0D820938DF: shutdown
2021-11-15 19:22:07,928 [Listener at 127.0.0.1/38415] INFO  util.JmxRegister (JmxRegister.java:unregister(73)) - Successfully un-registered JMX Bean with object name Ratis:service=RaftServer,group=group-9B0D820938DF,id=c038e53c-4808-40a4-bcac-87a6adf6dbd8
2021-11-15 19:22:07,928 [Listener at 127.0.0.1/38415] INFO  impl.RoleInfo (RoleInfo.java:shutdownFollowerState(108)) - c038e53c-4808-40a4-bcac-87a6adf6dbd8: shutdown c038e53c-4808-40a4-bcac-87a6adf6dbd8@group-9B0D820938DF-FollowerState
2021-11-15 19:22:07,928 [Listener at 127.0.0.1/38415] INFO  impl.StateMachineUpdater (StateMachineUpdater.java:stopAndJoin(149)) - c038e53c-4808-40a4-bcac-87a6adf6dbd8@group-9B0D820938DF-StateMachineUpdater: set stopIndex = 0
2021-11-15 19:22:07,928 [c038e53c-4808-40a4-bcac-87a6adf6dbd8@group-9B0D820938DF-FollowerState] INFO  impl.FollowerState (FollowerState.java:run(143)) - c038e53c-4808-40a4-bcac-87a6adf6dbd8@group-9B0D820938DF-FollowerState was interrupted: {}
java.lang.InterruptedException: sleep interrupted
	at java.lang.Thread.sleep(Native Method)
	at java.lang.Thread.sleep(Thread.java:340)
	at java.util.concurrent.TimeUnit.sleep(TimeUnit.java:386)
	at org.apache.ratis.util.TimeDuration.sleep(TimeDuration.java:324)
	at org.apache.ratis.util.TimeDuration.sleep(TimeDuration.java:309)
	at org.apache.ratis.server.impl.FollowerState.run(FollowerState.java:118)
2021-11-15 19:22:07,928 [c038e53c-4808-40a4-bcac-87a6adf6dbd8@group-9B0D820938DF-StateMachineUpdater] INFO  ratis.ContainerStateMachine (ContainerStateMachine.java:takeSnapshot(292)) - group-9B0D820938DF: Taking a snapshot at:(t:5, i:0) file /home/runner/work/ozone/ozone/hadoop-ozone/integration-test/target/test-dir/MiniOzoneClusterImpl-edab3eb4-5721-4c35-be90-debfdbe0e37e/datanode-0/data/ratis/430698ac-9a5d-4310-9d5d-9b0d820938df/sm/snapshot.5_0
2021-11-15 19:22:07,929 [c038e53c-4808-40a4-bcac-87a6adf6dbd8@group-9B0D820938DF-StateMachineUpdater] INFO  ratis.ContainerStateMachine (ContainerStateMachine.java:takeSnapshot(303)) - group-9B0D820938DF: Finished taking a snapshot at:(t:5, i:0) file:/home/runner/work/ozone/ozone/hadoop-ozone/integration-test/target/test-dir/MiniOzoneClusterImpl-edab3eb4-5721-4c35-be90-debfdbe0e37e/datanode-0/data/ratis/430698ac-9a5d-4310-9d5d-9b0d820938df/sm/snapshot.5_0 took: 1 ms
2021-11-15 19:22:07,930 [c038e53c-4808-40a4-bcac-87a6adf6dbd8@group-9B0D820938DF-StateMachineUpdater] INFO  impl.StateMachineUpdater (StateMachineUpdater.java:takeSnapshot(281)) - c038e53c-4808-40a4-bcac-87a6adf6dbd8@group-9B0D820938DF-StateMachineUpdater: Took a snapshot at index 0
2021-11-15 19:22:07,930 [c038e53c-4808-40a4-bcac-87a6adf6dbd8@group-9B0D820938DF-StateMachineUpdater] INFO  impl.StateMachineUpdater (StateMachineUpdater.java:lambda$new$0(89)) - c038e53c-4808-40a4-bcac-87a6adf6dbd8@group-9B0D820938DF-StateMachineUpdater: snapshotIndex: updateIncreasingly -1 -> 0
2021-11-15 19:22:07,932 [Listener at 127.0.0.1/38415] INFO  server.RaftServer$Division (ServerState.java:close(419)) - c038e53c-4808-40a4-bcac-87a6adf6dbd8@group-9B0D820938DF: closes. applyIndex: 0
2021-11-15 19:22:07,932 [c038e53c-4808-40a4-bcac-87a6adf6dbd8@group-9B0D820938DF-SegmentedRaftLogWorker] INFO  segmented.SegmentedRaftLogWorker (SegmentedRaftLogWorker.java:run(327)) - c038e53c-4808-40a4-bcac-87a6adf6dbd8@group-9B0D820938DF-SegmentedRaftLogWorker was interrupted, exiting. There are 0 tasks remaining in the queue.
2021-11-15 19:22:07,933 [Listener at 127.0.0.1/38415] INFO  segmented.SegmentedRaftLogWorker (SegmentedRaftLogWorker.java:close(237)) - c038e53c-4808-40a4-bcac-87a6adf6dbd8@group-9B0D820938DF-SegmentedRaftLogWorker close()
2021-11-15 19:22:07,937 [Listener at 127.0.0.1/38415] INFO  server.RaftServer$Division (RaftServerImpl.java:lambda$close$4(412)) - c038e53c-4808-40a4-bcac-87a6adf6dbd8@group-284D524B4E6F: shutdown
2021-11-15 19:22:07,937 [Listener at 127.0.0.1/38415] INFO  util.JmxRegister (JmxRegister.java:unregister(73)) - Successfully un-registered JMX Bean with object name Ratis:service=RaftServer,group=group-284D524B4E6F,id=c038e53c-4808-40a4-bcac-87a6adf6dbd8
2021-11-15 19:22:07,937 [Listener at 127.0.0.1/38415] INFO  impl.RoleInfo (RoleInfo.java:shutdownLeaderState(91)) - c038e53c-4808-40a4-bcac-87a6adf6dbd8: shutdown c038e53c-4808-40a4-bcac-87a6adf6dbd8@group-284D524B4E6F-LeaderStateImpl
2021-11-15 19:22:07,937 [Listener at 127.0.0.1/38415] INFO  impl.PendingRequests (PendingRequests.java:sendNotLeaderResponses(282)) - c038e53c-4808-40a4-bcac-87a6adf6dbd8@group-284D524B4E6F-PendingRequests: sendNotLeaderResponses
2021-11-15 19:22:07,938 [Listener at 127.0.0.1/38415] INFO  impl.StateMachineUpdater (StateMachineUpdater.java:stopAndJoin(149)) - c038e53c-4808-40a4-bcac-87a6adf6dbd8@group-284D524B4E6F-StateMachineUpdater: set stopIndex = 0
2021-11-15 19:22:07,938 [c038e53c-4808-40a4-bcac-87a6adf6dbd8@group-284D524B4E6F-StateMachineUpdater] INFO  ratis.ContainerStateMachine (ContainerStateMachine.java:takeSnapshot(292)) - group-284D524B4E6F: Taking a snapshot at:(t:1, i:0) file /home/runner/work/ozone/ozone/hadoop-ozone/integration-test/target/test-dir/MiniOzoneClusterImpl-edab3eb4-5721-4c35-be90-debfdbe0e37e/datanode-0/data/ratis/d55c095a-c301-4040-a45b-284d524b4e6f/sm/snapshot.1_0
2021-11-15 19:22:07,940 [c038e53c-4808-40a4-bcac-87a6adf6dbd8@group-284D524B4E6F-StateMachineUpdater] INFO  ratis.ContainerStateMachine (ContainerStateMachine.java:takeSnapshot(303)) - group-284D524B4E6F: Finished taking a snapshot at:(t:1, i:0) file:/home/runner/work/ozone/ozone/hadoop-ozone/integration-test/target/test-dir/MiniOzoneClusterImpl-edab3eb4-5721-4c35-be90-debfdbe0e37e/datanode-0/data/ratis/d55c095a-c301-4040-a45b-284d524b4e6f/sm/snapshot.1_0 took: 1 ms
2021-11-15 19:22:07,940 [c038e53c-4808-40a4-bcac-87a6adf6dbd8@group-284D524B4E6F-StateMachineUpdater] INFO  impl.StateMachineUpdater (StateMachineUpdater.java:takeSnapshot(281)) - c038e53c-4808-40a4-bcac-87a6adf6dbd8@group-284D524B4E6F-StateMachineUpdater: Took a snapshot at index 0
2021-11-15 19:22:07,940 [c038e53c-4808-40a4-bcac-87a6adf6dbd8@group-284D524B4E6F-StateMachineUpdater] INFO  impl.StateMachineUpdater (StateMachineUpdater.java:lambda$new$0(89)) - c038e53c-4808-40a4-bcac-87a6adf6dbd8@group-284D524B4E6F-StateMachineUpdater: snapshotIndex: updateIncreasingly -1 -> 0
2021-11-15 19:22:07,944 [Listener at 127.0.0.1/38415] INFO  server.RaftServer$Division (ServerState.java:close(419)) - c038e53c-4808-40a4-bcac-87a6adf6dbd8@group-284D524B4E6F: closes. applyIndex: 0
2021-11-15 19:22:07,948 [c038e53c-4808-40a4-bcac-87a6adf6dbd8@group-284D524B4E6F-SegmentedRaftLogWorker] INFO  segmented.SegmentedRaftLogWorker (SegmentedRaftLogWorker.java:run(327)) - c038e53c-4808-40a4-bcac-87a6adf6dbd8@group-284D524B4E6F-SegmentedRaftLogWorker was interrupted, exiting. There are 0 tasks remaining in the queue.
2021-11-15 19:22:07,948 [Listener at 127.0.0.1/38415] INFO  segmented.SegmentedRaftLogWorker (SegmentedRaftLogWorker.java:close(237)) - c038e53c-4808-40a4-bcac-87a6adf6dbd8@group-284D524B4E6F-SegmentedRaftLogWorker close()
2021-11-15 19:22:07,948 [Listener at 127.0.0.1/38415] INFO  server.RaftServer$Division (RaftServerImpl.java:lambda$close$4(412)) - c038e53c-4808-40a4-bcac-87a6adf6dbd8@group-3123CD3C107D: shutdown
2021-11-15 19:22:07,948 [Listener at 127.0.0.1/38415] INFO  util.JmxRegister (JmxRegister.java:unregister(73)) - Successfully un-registered JMX Bean with object name Ratis:service=RaftServer,group=group-3123CD3C107D,id=c038e53c-4808-40a4-bcac-87a6adf6dbd8
2021-11-15 19:22:07,948 [Listener at 127.0.0.1/38415] INFO  impl.RoleInfo (RoleInfo.java:shutdownFollowerState(108)) - c038e53c-4808-40a4-bcac-87a6adf6dbd8: shutdown c038e53c-4808-40a4-bcac-87a6adf6dbd8@group-3123CD3C107D-FollowerState
2021-11-15 19:22:07,948 [c038e53c-4808-40a4-bcac-87a6adf6dbd8@group-3123CD3C107D-FollowerState] INFO  impl.FollowerState (FollowerState.java:run(143)) - c038e53c-4808-40a4-bcac-87a6adf6dbd8@group-3123CD3C107D-FollowerState was interrupted: {}
java.lang.InterruptedException: sleep interrupted
	at java.lang.Thread.sleep(Native Method)
	at java.lang.Thread.sleep(Thread.java:340)
	at java.util.concurrent.TimeUnit.sleep(TimeUnit.java:386)
	at org.apache.ratis.util.TimeDuration.sleep(TimeDuration.java:324)
	at org.apache.ratis.util.TimeDuration.sleep(TimeDuration.java:309)
	at org.apache.ratis.server.impl.FollowerState.run(FollowerState.java:118)
2021-11-15 19:22:07,948 [c038e53c-4808-40a4-bcac-87a6adf6dbd8@group-3123CD3C107D-StateMachineUpdater] INFO  ratis.ContainerStateMachine (ContainerStateMachine.java:takeSnapshot(292)) - group-3123CD3C107D: Taking a snapshot at:(t:6, i:0) file /home/runner/work/ozone/ozone/hadoop-ozone/integration-test/target/test-dir/MiniOzoneClusterImpl-edab3eb4-5721-4c35-be90-debfdbe0e37e/datanode-0/data/ratis/35d75f5e-aa39-420d-bbb8-3123cd3c107d/sm/snapshot.6_0
2021-11-15 19:22:07,949 [Listener at 127.0.0.1/38415] INFO  impl.StateMachineUpdater (StateMachineUpdater.java:stopAndJoin(149)) - c038e53c-4808-40a4-bcac-87a6adf6dbd8@group-3123CD3C107D-StateMachineUpdater: set stopIndex = 0
2021-11-15 19:22:07,950 [c038e53c-4808-40a4-bcac-87a6adf6dbd8@group-3123CD3C107D-StateMachineUpdater] INFO  ratis.ContainerStateMachine (ContainerStateMachine.java:takeSnapshot(303)) - group-3123CD3C107D: Finished taking a snapshot at:(t:6, i:0) file:/home/runner/work/ozone/ozone/hadoop-ozone/integration-test/target/test-dir/MiniOzoneClusterImpl-edab3eb4-5721-4c35-be90-debfdbe0e37e/datanode-0/data/ratis/35d75f5e-aa39-420d-bbb8-3123cd3c107d/sm/snapshot.6_0 took: 1 ms
2021-11-15 19:22:07,950 [c038e53c-4808-40a4-bcac-87a6adf6dbd8@group-3123CD3C107D-StateMachineUpdater] INFO  impl.StateMachineUpdater (StateMachineUpdater.java:takeSnapshot(281)) - c038e53c-4808-40a4-bcac-87a6adf6dbd8@group-3123CD3C107D-StateMachineUpdater: Took a snapshot at index 0
2021-11-15 19:22:07,950 [c038e53c-4808-40a4-bcac-87a6adf6dbd8@group-3123CD3C107D-StateMachineUpdater] INFO  impl.StateMachineUpdater (StateMachineUpdater.java:lambda$new$0(89)) - c038e53c-4808-40a4-bcac-87a6adf6dbd8@group-3123CD3C107D-StateMachineUpdater: snapshotIndex: updateIncreasingly -1 -> 0
2021-11-15 19:22:07,950 [Listener at 127.0.0.1/38415] INFO  server.RaftServer$Division (ServerState.java:close(419)) - c038e53c-4808-40a4-bcac-87a6adf6dbd8@group-3123CD3C107D: closes. applyIndex: 0
2021-11-15 19:22:07,950 [c038e53c-4808-40a4-bcac-87a6adf6dbd8@group-3123CD3C107D-SegmentedRaftLogWorker] INFO  segmented.SegmentedRaftLogWorker (SegmentedRaftLogWorker.java:run(327)) - c038e53c-4808-40a4-bcac-87a6adf6dbd8@group-3123CD3C107D-SegmentedRaftLogWorker was interrupted, exiting. There are 0 tasks remaining in the queue.
2021-11-15 19:22:07,950 [Listener at 127.0.0.1/38415] INFO  segmented.SegmentedRaftLogWorker (SegmentedRaftLogWorker.java:close(237)) - c038e53c-4808-40a4-bcac-87a6adf6dbd8@group-3123CD3C107D-SegmentedRaftLogWorker close()
2021-11-15 19:22:07,951 [Listener at 127.0.0.1/38415] INFO  server.GrpcService (GrpcService.java:closeImpl(262)) - c038e53c-4808-40a4-bcac-87a6adf6dbd8: shutdown server with port 46879 now
2021-11-15 19:22:07,953 [Listener at 127.0.0.1/38415] INFO  server.GrpcService (GrpcService.java:closeImpl(271)) - c038e53c-4808-40a4-bcac-87a6adf6dbd8: shutdown server with port 46879 successfully
2021-11-15 19:22:07,953 [org.apache.ratis.util.JvmPauseMonitor$$Lambda$531/1332130488@3fd9de1e] INFO  util.JvmPauseMonitor (JvmPauseMonitor.java:run(109)) - JvmPauseMonitor-c038e53c-4808-40a4-bcac-87a6adf6dbd8: Stopped
2021-11-15 19:22:07,955 [Listener at 127.0.0.1/38415] INFO  utils.BackgroundService (BackgroundService.java:shutdown(132)) - Shutting down service BlockDeletingService
2021-11-15 19:22:10,969 [Listener at 127.0.0.1/38415] INFO  statemachine.DatanodeStateMachine (DatanodeStateMachine.java:stopDaemon(526)) - Ozone container server stopped.
2021-11-15 19:22:10,970 [Listener at 127.0.0.1/38415] INFO  handler.ContextHandler (ContextHandler.java:doStop(1153)) - Stopped o.e.j.w.WebAppContext@ea07399{hddsDatanode,/,null,STOPPED}{jar:file:/home/runner/.m2/repository/org/apache/ozone/hdds-container-service/1.2.0-SNAPSHOT/hdds-container-service-1.2.0-SNAPSHOT.jar!/webapps/hddsDatanode}
2021-11-15 19:22:10,972 [Listener at 127.0.0.1/38415] INFO  server.AbstractConnector (AbstractConnector.java:doStop(381)) - Stopped ServerConnector@ee88043{HTTP/1.1, (http/1.1)}{0.0.0.0:0}
2021-11-15 19:22:10,972 [Listener at 127.0.0.1/38415] INFO  server.session (HouseKeeper.java:stopScavenging(149)) - node0 Stopped scavenging
2021-11-15 19:22:10,972 [Listener at 127.0.0.1/38415] INFO  handler.ContextHandler (ContextHandler.java:doStop(1153)) - Stopped o.e.j.s.ServletContextHandler@57327c49{static,/static,jar:file:/home/runner/.m2/repository/org/apache/ozone/hdds-container-service/1.2.0-SNAPSHOT/hdds-container-service-1.2.0-SNAPSHOT.jar!/webapps/static,STOPPED}
2021-11-15 19:22:10,972 [Listener at 127.0.0.1/38415] INFO  handler.ContextHandler (ContextHandler.java:doStop(1153)) - Stopped o.e.j.s.ServletContextHandler@d1c9d1a{logs,/logs,file:///home/runner/work/ozone/ozone/hadoop-ozone/integration-test/target/log,STOPPED}
2021-11-15 19:22:10,975 [Listener at 127.0.0.1/38415] INFO  ozone.MiniOzoneClusterImpl (MiniOzoneClusterImpl.java:stopSCM(542)) - Stopping the StorageContainerManager
2021-11-15 19:22:10,975 [Listener at 127.0.0.1/38415] INFO  server.StorageContainerManager (StorageContainerManager.java:stop(1395)) - Stopping Container Balancer service.
2021-11-15 19:22:10,975 [Listener at 127.0.0.1/38415] INFO  balancer.ContainerBalancer (ContainerBalancer.java:stop(773)) - Container Balancer is not running.
2021-11-15 19:22:10,975 [Listener at 127.0.0.1/38415] INFO  server.StorageContainerManager (StorageContainerManager.java:stop(1402)) - Stopping Replication Manager Service.
2021-11-15 19:22:10,975 [Listener at 127.0.0.1/38415] INFO  container.ReplicationManager (ReplicationManager.java:stop(350)) - Stopping Replication Monitor Thread.
2021-11-15 19:22:10,975 [Listener at 127.0.0.1/38415] INFO  server.StorageContainerManager (StorageContainerManager.java:stop(1409)) - Stopping the Datanode Admin Monitor.
2021-11-15 19:22:10,976 [Listener at 127.0.0.1/38415] INFO  server.StorageContainerManager (StorageContainerManager.java:stop(1416)) - Stopping Lease Manager of the command watchers
2021-11-15 19:22:10,976 [Listener at 127.0.0.1/38415] INFO  server.StorageContainerManager (StorageContainerManager.java:stop(1423)) - Stopping datanode service RPC server
2021-11-15 19:22:10,976 [Listener at 127.0.0.1/38415] INFO  server.SCMDatanodeProtocolServer (SCMDatanodeProtocolServer.java:stop(389)) - Stopping the RPC server for DataNodes
2021-11-15 19:22:10,976 [Listener at 127.0.0.1/38415] INFO  ipc.Server (Server.java:stop(3414)) - Stopping server on 44671
2021-11-15 19:22:10,982 [IPC Server listener on 0] INFO  ipc.Server (Server.java:run(1376)) - Stopping IPC Server listener on 0
2021-11-15 19:22:10,983 [IPC Server Responder] INFO  ipc.Server (Server.java:run(1512)) - Stopping IPC Server Responder
2021-11-15 19:22:11,070 [SCM Heartbeat Processing Thread - 0] WARN  node.NodeStateManager (NodeStateManager.java:scheduleNextHealthCheck(799)) - Current Thread is interrupted, shutting down HB processing thread for Node Manager.
2021-11-15 19:22:11,071 [Listener at 127.0.0.1/38415] INFO  server.StorageContainerManager (StorageContainerManager.java:stop(1431)) - Stopping block service RPC server
2021-11-15 19:22:11,071 [Listener at 127.0.0.1/38415] INFO  server.SCMBlockProtocolServer (SCMBlockProtocolServer.java:stop(160)) - Stopping the RPC server for Block Protocol
2021-11-15 19:22:11,071 [Listener at 127.0.0.1/38415] INFO  ipc.Server (Server.java:stop(3414)) - Stopping server on 39849
2021-11-15 19:22:11,072 [IPC Server listener on 0] INFO  ipc.Server (Server.java:run(1376)) - Stopping IPC Server listener on 0
2021-11-15 19:22:11,072 [IPC Server Responder] INFO  ipc.Server (Server.java:run(1512)) - Stopping IPC Server Responder
2021-11-15 19:22:11,073 [Listener at 127.0.0.1/38415] INFO  server.StorageContainerManager (StorageContainerManager.java:stop(1438)) - Stopping the StorageContainerLocationProtocol RPC server
2021-11-15 19:22:11,073 [Listener at 127.0.0.1/38415] INFO  server.SCMClientProtocolServer (SCMClientProtocolServer.java:stop(173)) - Stopping the RPC server for Client Protocol
2021-11-15 19:22:11,073 [Listener at 127.0.0.1/38415] INFO  ipc.Server (Server.java:stop(3414)) - Stopping server on 37373
2021-11-15 19:22:11,074 [IPC Server Responder] INFO  ipc.Server (Server.java:run(1512)) - Stopping IPC Server Responder
2021-11-15 19:22:11,074 [IPC Server listener on 0] INFO  ipc.Server (Server.java:run(1376)) - Stopping IPC Server listener on 0
2021-11-15 19:22:11,074 [Listener at 127.0.0.1/38415] INFO  server.StorageContainerManager (StorageContainerManager.java:stop(1445)) - Stopping Storage Container Manager HTTP server.
2021-11-15 19:22:11,075 [Listener at 127.0.0.1/38415] INFO  handler.ContextHandler (ContextHandler.java:doStop(1153)) - Stopped o.e.j.w.WebAppContext@18aed87d{scm,/,null,STOPPED}{file:/home/runner/work/ozone/ozone/hadoop-ozone/integration-test/target/test-classes/webapps/scm}
2021-11-15 19:22:11,076 [Listener at 127.0.0.1/38415] INFO  server.AbstractConnector (AbstractConnector.java:doStop(381)) - Stopped ServerConnector@9b6a815{HTTP/1.1, (http/1.1)}{0.0.0.0:0}
2021-11-15 19:22:11,076 [Listener at 127.0.0.1/38415] INFO  server.session (HouseKeeper.java:stopScavenging(149)) - node0 Stopped scavenging
2021-11-15 19:22:11,076 [Listener at 127.0.0.1/38415] INFO  handler.ContextHandler (ContextHandler.java:doStop(1153)) - Stopped o.e.j.s.ServletContextHandler@36af45df{static,/static,file:///home/runner/work/ozone/ozone/hadoop-ozone/integration-test/target/test-classes/webapps/static,STOPPED}
2021-11-15 19:22:11,076 [Listener at 127.0.0.1/38415] INFO  handler.ContextHandler (ContextHandler.java:doStop(1153)) - Stopped o.e.j.s.ServletContextHandler@3eac6337{logs,/logs,file:///home/runner/work/ozone/ozone/hadoop-ozone/integration-test/target/log,STOPPED}
2021-11-15 19:22:11,077 [Listener at 127.0.0.1/38415] INFO  server.StorageContainerManager (StorageContainerManager.java:stop(1456)) - Stopping Block Manager Service.
2021-11-15 19:22:11,078 [Listener at 127.0.0.1/38415] INFO  utils.BackgroundService (BackgroundService.java:shutdown(132)) - Shutting down service SCMBlockDeletingService
2021-11-15 19:22:11,078 [Listener at 127.0.0.1/38415] INFO  utils.BackgroundService (BackgroundService.java:shutdown(132)) - Shutting down service SCMBlockDeletingService
2021-11-15 19:22:11,078 [Listener at 127.0.0.1/38415] INFO  server.StorageContainerManager (StorageContainerManager.java:stop(1483)) - Stopping SCM Event Queue.
2021-11-15 19:22:11,092 [Listener at 127.0.0.1/38415] INFO  server.StorageContainerManager (StorageContainerManager.java:stop(1494)) - Stopping SCM HA services.
2021-11-15 19:22:11,092 [Listener at 127.0.0.1/38415] INFO  pipeline.BackgroundPipelineCreator (BackgroundPipelineCreator.java:stop(158)) - Stopping RatisPipelineUtilsThread.
2021-11-15 19:22:11,092 [Listener at 127.0.0.1/38415] INFO  server.StorageContainerManager (StorageContainerManager.java:stop(1504)) - Stopping SCM MetadataStore.
2021-11-15 19:22:11,094 [Listener at 127.0.0.1/38415] INFO  impl.MetricsSystemImpl (MetricsSystemImpl.java:stop(210)) - Stopping XceiverClientMetrics metrics system...
2021-11-15 19:22:11,132 [prometheus] INFO  impl.MetricsSinkAdapter (MetricsSinkAdapter.java:publishMetricsFromQueue(141)) - prometheus thread interrupted.
2021-11-15 19:22:11,132 [Listener at 127.0.0.1/38415] INFO  impl.MetricsSystemImpl (MetricsSystemImpl.java:stop(216)) - XceiverClientMetrics metrics system stopped.
]]></system-out>
  </testcase>
  <testcase name="testDatanodeFailureWithPreAllocation" classname="org.apache.hadoop.ozone.client.rpc.TestBlockOutputStreamWithFailures" time="98.224"/>
  <testcase name="testDatanodeFailureWithSingleNodeRatis" classname="org.apache.hadoop.ozone.client.rpc.TestBlockOutputStreamWithFailures" time="111.951"/>
  <testcase name="testWatchForCommitDatanodeFailure" classname="org.apache.hadoop.ozone.client.rpc.TestBlockOutputStreamWithFailures" time="58.457"/>
  <testcase name="testContainerClose" classname="org.apache.hadoop.ozone.client.rpc.TestBlockOutputStreamWithFailures" time="77.201"/>
</testsuite>