<?xml version="1.0" encoding="UTF-8"?>
<testsuite xmlns:xsi="http://www.w3.org/2001/XMLSchema-instance" xsi:noNamespaceSchemaLocation="https://maven.apache.org/surefire/maven-surefire-plugin/xsd/surefire-test-report.xsd" name="org.apache.hadoop.ozone.om.TestOzoneManagerHAWithData" time="286.065" tests="11" errors="1" skipped="1" failures="0">
  <properties>
    <property name="awt.toolkit" value="sun.awt.X11.XToolkit"/>
    <property name="file.encoding.pkg" value="sun.io"/>
    <property name="java.specification.version" value="1.8"/>
    <property name="sun.cpu.isalist" value=""/>
    <property name="sun.jnu.encoding" value="ANSI_X3.4-1968"/>
    <property name="java.class.path" value="/github/workspace/mnt/ozone/hadoop-ozone/integration-test/target/test-classes:/github/workspace/mnt/ozone/hadoop-ozone/integration-test/target/classes:/home/user/.m2/repository/org/apache/hadoop/hadoop-ozone-common/0.6.0-SNAPSHOT/hadoop-ozone-common-0.6.0-SNAPSHOT.jar:/home/user/.m2/repository/org/apache/commons/commons-compress/1.4.1/commons-compress-1.4.1.jar:/home/user/.m2/repository/org/tukaani/xz/1.0/xz-1.0.jar:/home/user/.m2/repository/org/apache/hadoop/hadoop-hdds-common/0.6.0-SNAPSHOT/hadoop-hdds-common-0.6.0-SNAPSHOT.jar:/home/user/.m2/repository/org/apache/hadoop/hadoop-hdds-hadoop-dependency-client/0.6.0-SNAPSHOT/hadoop-hdds-hadoop-dependency-client-0.6.0-SNAPSHOT.jar:/home/user/.m2/repository/info/picocli/picocli/3.9.6/picocli-3.9.6.jar:/home/user/.m2/repository/com/fasterxml/jackson/core/jackson-annotations/2.10.3/jackson-annotations-2.10.3.jar:/home/user/.m2/repository/javax/annotation/javax.annotation-api/1.2/javax.annotation-api-1.2.jar:/home/user/.m2/repository/org/apache/ratis/ratis-server/0.6.0-6ab75ae-SNAPSHOT/ratis-server-0.6.0-6ab75ae-SNAPSHOT.jar:/home/user/.m2/repository/org/apache/ratis/ratis-client/0.6.0-6ab75ae-SNAPSHOT/ratis-client-0.6.0-6ab75ae-SNAPSHOT.jar:/home/user/.m2/repository/org/apache/ratis/ratis-metrics/0.6.0-6ab75ae-SNAPSHOT/ratis-metrics-0.6.0-6ab75ae-SNAPSHOT.jar:/home/user/.m2/repository/org/apache/ratis/ratis-netty/0.6.0-6ab75ae-SNAPSHOT/ratis-netty-0.6.0-6ab75ae-SNAPSHOT.jar:/home/user/.m2/repository/org/apache/ratis/ratis-grpc/0.6.0-6ab75ae-SNAPSHOT/ratis-grpc-0.6.0-6ab75ae-SNAPSHOT.jar:/home/user/.m2/repository/org/apache/logging/log4j/log4j-api/2.11.0/log4j-api-2.11.0.jar:/home/user/.m2/repository/org/apache/logging/log4j/log4j-core/2.11.0/log4j-core-2.11.0.jar:/home/user/.m2/repository/com/lmax/disruptor/3.4.2/disruptor-3.4.2.jar:/home/user/.m2/repository/org/apache/commons/commons-pool2/2.6.0/commons-pool2-2.6.0.jar:/home/user/.m2/repository/org/bouncycastle/bcpkix-jdk15on/1.60/bcpkix-jdk15on-1.60.jar:/home/user/.m2/repository/commons-validator/commons-validator/1.6/commons-validator-1.6.jar:/home/user/.m2/repository/commons-digester/commons-digester/1.8.1/commons-digester-1.8.1.jar:/home/user/.m2/repository/io/jaegertracing/jaeger-client/1.2.0/jaeger-client-1.2.0.jar:/home/user/.m2/repository/io/jaegertracing/jaeger-thrift/1.2.0/jaeger-thrift-1.2.0.jar:/home/user/.m2/repository/org/apache/thrift/libthrift/0.13.0/libthrift-0.13.0.jar:/home/user/.m2/repository/com/squareup/okhttp3/okhttp/4.2.2/okhttp-4.2.2.jar:/home/user/.m2/repository/com/squareup/okio/okio/2.2.2/okio-2.2.2.jar:/home/user/.m2/repository/org/jetbrains/kotlin/kotlin-stdlib/1.3.50/kotlin-stdlib-1.3.50.jar:/home/user/.m2/repository/org/jetbrains/kotlin/kotlin-stdlib-common/1.3.50/kotlin-stdlib-common-1.3.50.jar:/home/user/.m2/repository/org/jetbrains/annotations/13.0/annotations-13.0.jar:/home/user/.m2/repository/io/jaegertracing/jaeger-core/1.2.0/jaeger-core-1.2.0.jar:/home/user/.m2/repository/io/jaegertracing/jaeger-tracerresolver/1.2.0/jaeger-tracerresolver-1.2.0.jar:/home/user/.m2/repository/io/opentracing/contrib/opentracing-tracerresolver/0.1.8/opentracing-tracerresolver-0.1.8.jar:/home/user/.m2/repository/io/opentracing/opentracing-util/0.33.0/opentracing-util-0.33.0.jar:/home/user/.m2/repository/io/opentracing/opentracing-api/0.33.0/opentracing-api-0.33.0.jar:/home/user/.m2/repository/io/opentracing/opentracing-noop/0.33.0/opentracing-noop-0.33.0.jar:/home/user/.m2/repository/org/apache/hadoop/hadoop-hdds-client/0.6.0-SNAPSHOT/hadoop-hdds-client-0.6.0-SNAPSHOT.jar:/home/user/.m2/repository/org/apache/hadoop/hadoop-ozone-interface-client/0.6.0-SNAPSHOT/hadoop-ozone-interface-client-0.6.0-SNAPSHOT.jar:/home/user/.m2/repository/org/apache/hadoop/hadoop-hdds-test-utils/0.6.0-SNAPSHOT/hadoop-hdds-test-utils-0.6.0-SNAPSHOT.jar:/home/user/.m2/repository/com/google/guava/guava/28.2-jre/guava-28.2-jre.jar:/home/user/.m2/repository/com/google/guava/failureaccess/1.0.1/failureaccess-1.0.1.jar:/home/user/.m2/repository/com/google/guava/listenablefuture/9999.0-empty-to-avoid-conflict-with-guava/listenablefuture-9999.0-empty-to-avoid-conflict-with-guava.jar:/home/user/.m2/repository/com/google/code/findbugs/jsr305/3.0.0/jsr305-3.0.0.jar:/home/user/.m2/repository/org/checkerframework/checker-qual/2.10.0/checker-qual-2.10.0.jar:/home/user/.m2/repository/com/google/errorprone/error_prone_annotations/2.2.0/error_prone_annotations-2.2.0.jar:/home/user/.m2/repository/com/google/j2objc/j2objc-annotations/1.3/j2objc-annotations-1.3.jar:/home/user/.m2/repository/commons-io/commons-io/2.5/commons-io-2.5.jar:/home/user/.m2/repository/commons-logging/commons-logging/1.2/commons-logging-1.2.jar:/home/user/.m2/repository/log4j/log4j/1.2.17/log4j-1.2.17.jar:/home/user/.m2/repository/org/slf4j/slf4j-api/1.7.25/slf4j-api-1.7.25.jar:/home/user/.m2/repository/org/apache/hadoop/hadoop-hdds-server-scm/0.6.0-SNAPSHOT/hadoop-hdds-server-scm-0.6.0-SNAPSHOT.jar:/home/user/.m2/repository/org/apache/hadoop/hadoop-hdds-container-service/0.6.0-SNAPSHOT/hadoop-hdds-container-service-0.6.0-SNAPSHOT.jar:/home/user/.m2/repository/org/apache/hadoop/hadoop-hdds-hadoop-dependency-server/0.6.0-SNAPSHOT/hadoop-hdds-hadoop-dependency-server-0.6.0-SNAPSHOT.jar:/home/user/.m2/repository/org/apache/hadoop/hadoop-hdds-server-framework/0.6.0-SNAPSHOT/hadoop-hdds-server-framework-0.6.0-SNAPSHOT.jar:/home/user/.m2/repository/org/apache/hadoop/hadoop-hdds-interface-server/0.6.0-SNAPSHOT/hadoop-hdds-interface-server-0.6.0-SNAPSHOT.jar:/home/user/.m2/repository/org/apache/hadoop/hadoop-hdds-interface-admin/0.6.0-SNAPSHOT/hadoop-hdds-interface-admin-0.6.0-SNAPSHOT.jar:/home/user/.m2/repository/org/rocksdb/rocksdbjni/6.8.1/rocksdbjni-6.8.1.jar:/home/user/.m2/repository/io/prometheus/simpleclient_dropwizard/0.7.0/simpleclient_dropwizard-0.7.0.jar:/home/user/.m2/repository/io/prometheus/simpleclient/0.7.0/simpleclient-0.7.0.jar:/home/user/.m2/repository/io/prometheus/simpleclient_common/0.7.0/simpleclient_common-0.7.0.jar:/home/user/.m2/repository/com/fasterxml/jackson/datatype/jackson-datatype-jsr310/2.10.3/jackson-datatype-jsr310-2.10.3.jar:/home/user/.m2/repository/org/apache/hadoop/hadoop-hdds-docs/0.6.0-SNAPSHOT/hadoop-hdds-docs-0.6.0-SNAPSHOT.jar:/home/user/.m2/repository/io/dropwizard/metrics/metrics-core/3.2.4/metrics-core-3.2.4.jar:/home/user/.m2/repository/org/apache/hadoop/hadoop-hdfs-client/3.2.1/hadoop-hdfs-client-3.2.1.jar:/home/user/.m2/repository/org/bouncycastle/bcprov-jdk15on/1.60/bcprov-jdk15on-1.60.jar:/home/user/.m2/repository/org/apache/hadoop/hadoop-ozone-ozone-manager/0.6.0-SNAPSHOT/hadoop-ozone-ozone-manager-0.6.0-SNAPSHOT.jar:/home/user/.m2/repository/org/apache/hadoop/hadoop-hdds-interface-client/0.6.0-SNAPSHOT/hadoop-hdds-interface-client-0.6.0-SNAPSHOT.jar:/home/user/.m2/repository/org/apache/ratis/ratis-thirdparty-misc/0.4.0/ratis-thirdparty-misc-0.4.0.jar:/home/user/.m2/repository/org/apache/hadoop/hadoop-minikdc/3.2.1/hadoop-minikdc-3.2.1.jar:/home/user/.m2/repository/org/apache/kerby/kerb-simplekdc/1.0.1/kerb-simplekdc-1.0.1.jar:/home/user/.m2/repository/org/apache/kerby/kerb-client/1.0.1/kerb-client-1.0.1.jar:/home/user/.m2/repository/org/apache/kerby/kerby-config/1.0.1/kerby-config-1.0.1.jar:/home/user/.m2/repository/org/apache/kerby/kerb-core/1.0.1/kerb-core-1.0.1.jar:/home/user/.m2/repository/org/apache/kerby/kerby-pkix/1.0.1/kerby-pkix-1.0.1.jar:/home/user/.m2/repository/org/apache/kerby/kerby-asn1/1.0.1/kerby-asn1-1.0.1.jar:/home/user/.m2/repository/org/apache/kerby/kerby-util/1.0.1/kerby-util-1.0.1.jar:/home/user/.m2/repository/org/apache/kerby/kerb-common/1.0.1/kerb-common-1.0.1.jar:/home/user/.m2/repository/org/apache/kerby/kerb-crypto/1.0.1/kerb-crypto-1.0.1.jar:/home/user/.m2/repository/org/apache/kerby/kerb-util/1.0.1/kerb-util-1.0.1.jar:/home/user/.m2/repository/org/apache/kerby/token-provider/1.0.1/token-provider-1.0.1.jar:/home/user/.m2/repository/org/apache/kerby/kerb-admin/1.0.1/kerb-admin-1.0.1.jar:/home/user/.m2/repository/org/apache/kerby/kerb-server/1.0.1/kerb-server-1.0.1.jar:/home/user/.m2/repository/org/apache/kerby/kerb-identity/1.0.1/kerb-identity-1.0.1.jar:/home/user/.m2/repository/org/apache/kerby/kerby-xdr/1.0.1/kerby-xdr-1.0.1.jar:/home/user/.m2/repository/org/slf4j/slf4j-log4j12/1.7.25/slf4j-log4j12-1.7.25.jar:/home/user/.m2/repository/org/apache/hadoop/hadoop-ozone-s3gateway/0.6.0-SNAPSHOT/hadoop-ozone-s3gateway-0.6.0-SNAPSHOT.jar:/home/user/.m2/repository/org/jboss/weld/servlet/weld-servlet/2.4.7.Final/weld-servlet-2.4.7.Final.jar:/home/user/.m2/repository/org/glassfish/jersey/containers/jersey-container-servlet-core/2.27/jersey-container-servlet-core-2.27.jar:/home/user/.m2/repository/org/glassfish/hk2/external/javax.inject/2.5.0-b42/javax.inject-2.5.0-b42.jar:/home/user/.m2/repository/org/glassfish/jersey/core/jersey-common/2.27/jersey-common-2.27.jar:/home/user/.m2/repository/org/glassfish/hk2/osgi-resource-locator/1.0.1/osgi-resource-locator-1.0.1.jar:/home/user/.m2/repository/javax/ws/rs/javax.ws.rs-api/2.1/javax.ws.rs-api-2.1.jar:/home/user/.m2/repository/org/glassfish/jersey/ext/cdi/jersey-cdi1x/2.27/jersey-cdi1x-2.27.jar:/home/user/.m2/repository/org/glassfish/jersey/inject/jersey-hk2/2.27/jersey-hk2-2.27.jar:/home/user/.m2/repository/org/glassfish/hk2/hk2-locator/2.5.0-b42/hk2-locator-2.5.0-b42.jar:/home/user/.m2/repository/org/javassist/javassist/3.22.0-CR2/javassist-3.22.0-CR2.jar:/home/user/.m2/repository/org/glassfish/hk2/hk2-api/2.5.0/hk2-api-2.5.0.jar:/home/user/.m2/repository/org/glassfish/hk2/external/jakarta.inject/2.5.0/jakarta.inject-2.5.0.jar:/home/user/.m2/repository/org/glassfish/hk2/hk2-utils/2.5.0/hk2-utils-2.5.0.jar:/home/user/.m2/repository/jakarta/annotation/jakarta.annotation-api/1.3.4/jakarta.annotation-api-1.3.4.jar:/home/user/.m2/repository/org/glassfish/hk2/external/aopalliance-repackaged/2.5.0/aopalliance-repackaged-2.5.0.jar:/home/user/.m2/repository/com/fasterxml/jackson/dataformat/jackson-dataformat-xml/2.10.3/jackson-dataformat-xml-2.10.3.jar:/home/user/.m2/repository/com/fasterxml/jackson/core/jackson-core/2.10.3/jackson-core-2.10.3.jar:/home/user/.m2/repository/com/fasterxml/jackson/module/jackson-module-jaxb-annotations/2.10.3/jackson-module-jaxb-annotations-2.10.3.jar:/home/user/.m2/repository/jakarta/xml/bind/jakarta.xml.bind-api/2.3.2/jakarta.xml.bind-api-2.3.2.jar:/home/user/.m2/repository/jakarta/activation/jakarta.activation-api/1.2.1/jakarta.activation-api-1.2.1.jar:/home/user/.m2/repository/org/codehaus/woodstox/stax2-api/3.1.4/stax2-api-3.1.4.jar:/home/user/.m2/repository/com/fasterxml/woodstox/woodstox-core/5.0.3/woodstox-core-5.0.3.jar:/home/user/.m2/repository/javax/enterprise/cdi-api/1.2/cdi-api-1.2.jar:/home/user/.m2/repository/javax/el/javax.el-api/3.0.0/javax.el-api-3.0.0.jar:/home/user/.m2/repository/javax/interceptor/javax.interceptor-api/1.2/javax.interceptor-api-1.2.jar:/home/user/.m2/repository/javax/inject/javax.inject/1/javax.inject-1.jar:/home/user/.m2/repository/com/sun/xml/bind/jaxb-impl/2.3.0.1/jaxb-impl-2.3.0.1.jar:/home/user/.m2/repository/com/sun/xml/bind/jaxb-core/2.3.0.1/jaxb-core-2.3.0.1.jar:/home/user/.m2/repository/javax/xml/bind/jaxb-api/2.3.0/jaxb-api-2.3.0.jar:/home/user/.m2/repository/javax/activation/activation/1.1.1/activation-1.1.1.jar:/home/user/.m2/repository/org/apache/hadoop/hadoop-ozone-csi/0.6.0-SNAPSHOT/hadoop-ozone-csi-0.6.0-SNAPSHOT.jar:/home/user/.m2/repository/com/google/protobuf/protobuf-java-util/3.11.0/protobuf-java-util-3.11.0.jar:/home/user/.m2/repository/com/google/code/gson/gson/2.2.4/gson-2.2.4.jar:/home/user/.m2/repository/org/apache/hadoop/hadoop-hdds-config/0.6.0-SNAPSHOT/hadoop-hdds-config-0.6.0-SNAPSHOT.jar:/home/user/.m2/repository/com/google/protobuf/protobuf-java/2.5.0/protobuf-java-2.5.0.jar:/home/user/.m2/repository/io/grpc/grpc-netty/1.29.0/grpc-netty-1.29.0.jar:/home/user/.m2/repository/io/grpc/grpc-core/1.29.0/grpc-core-1.29.0.jar:/home/user/.m2/repository/com/google/android/annotations/4.1.1.4/annotations-4.1.1.4.jar:/home/user/.m2/repository/io/perfmark/perfmark-api/0.19.0/perfmark-api-0.19.0.jar:/home/user/.m2/repository/io/netty/netty-codec-http2/4.1.48.Final/netty-codec-http2-4.1.48.Final.jar:/home/user/.m2/repository/io/netty/netty-codec/4.1.48.Final/netty-codec-4.1.48.Final.jar:/home/user/.m2/repository/io/netty/netty-handler/4.1.48.Final/netty-handler-4.1.48.Final.jar:/home/user/.m2/repository/io/netty/netty-codec-http/4.1.48.Final/netty-codec-http-4.1.48.Final.jar:/home/user/.m2/repository/io/netty/netty-handler-proxy/4.1.48.Final/netty-handler-proxy-4.1.48.Final.jar:/home/user/.m2/repository/io/netty/netty-codec-socks/4.1.48.Final/netty-codec-socks-4.1.48.Final.jar:/home/user/.m2/repository/io/netty/netty-transport-native-epoll/4.1.48.Final/netty-transport-native-epoll-4.1.48.Final.jar:/home/user/.m2/repository/io/netty/netty-common/4.1.48.Final/netty-common-4.1.48.Final.jar:/home/user/.m2/repository/io/netty/netty-buffer/4.1.48.Final/netty-buffer-4.1.48.Final.jar:/home/user/.m2/repository/io/netty/netty-transport/4.1.48.Final/netty-transport-4.1.48.Final.jar:/home/user/.m2/repository/io/netty/netty-resolver/4.1.48.Final/netty-resolver-4.1.48.Final.jar:/home/user/.m2/repository/io/netty/netty-transport-native-unix-common/4.1.48.Final/netty-transport-native-unix-common-4.1.48.Final.jar:/home/user/.m2/repository/io/grpc/grpc-protobuf/1.29.0/grpc-protobuf-1.29.0.jar:/home/user/.m2/repository/io/grpc/grpc-api/1.29.0/grpc-api-1.29.0.jar:/home/user/.m2/repository/io/grpc/grpc-context/1.29.0/grpc-context-1.29.0.jar:/home/user/.m2/repository/org/codehaus/mojo/animal-sniffer-annotations/1.18/animal-sniffer-annotations-1.18.jar:/home/user/.m2/repository/com/google/api/grpc/proto-google-common-protos/1.17.0/proto-google-common-protos-1.17.0.jar:/home/user/.m2/repository/io/grpc/grpc-protobuf-lite/1.29.0/grpc-protobuf-lite-1.29.0.jar:/home/user/.m2/repository/io/grpc/grpc-stub/1.29.0/grpc-stub-1.29.0.jar:/home/user/.m2/repository/org/apache/hadoop/hadoop-ozone-recon/0.6.0-SNAPSHOT/hadoop-ozone-recon-0.6.0-SNAPSHOT.jar:/home/user/.m2/repository/org/apache/hadoop/hadoop-ozone-reconcodegen/0.6.0-SNAPSHOT/hadoop-ozone-reconcodegen-0.6.0-SNAPSHOT.jar:/home/user/.m2/repository/com/google/inject/extensions/guice-multibindings/4.0/guice-multibindings-4.0.jar:/home/user/.m2/repository/com/google/inject/guice/4.0/guice-4.0.jar:/home/user/.m2/repository/aopalliance/aopalliance/1.0/aopalliance-1.0.jar:/home/user/.m2/repository/com/google/inject/extensions/guice-assistedinject/4.0/guice-assistedinject-4.0.jar:/home/user/.m2/repository/com/google/inject/extensions/guice-servlet/4.0/guice-servlet-4.0.jar:/home/user/.m2/repository/org/glassfish/jersey/containers/jersey-container-servlet/2.27/jersey-container-servlet-2.27.jar:/home/user/.m2/repository/org/glassfish/hk2/guice-bridge/2.5.0/guice-bridge-2.5.0.jar:/home/user/.m2/repository/org/glassfish/jersey/core/jersey-server/2.27/jersey-server-2.27.jar:/home/user/.m2/repository/org/glassfish/jersey/core/jersey-client/2.27/jersey-client-2.27.jar:/home/user/.m2/repository/org/glassfish/jersey/media/jersey-media-jaxb/2.27/jersey-media-jaxb-2.27.jar:/home/user/.m2/repository/javax/validation/validation-api/1.1.0.Final/validation-api-1.1.0.Final.jar:/home/user/.m2/repository/org/glassfish/jersey/media/jersey-media-json-jackson/2.27/jersey-media-json-jackson-2.27.jar:/home/user/.m2/repository/org/glassfish/jersey/ext/jersey-entity-filtering/2.27/jersey-entity-filtering-2.27.jar:/home/user/.m2/repository/org/jooq/jooq/3.11.10/jooq-3.11.10.jar:/home/user/.m2/repository/org/jooq/jooq-meta/3.11.10/jooq-meta-3.11.10.jar:/home/user/.m2/repository/org/jooq/jooq-codegen/3.11.10/jooq-codegen-3.11.10.jar:/home/user/.m2/repository/com/jolbox/bonecp/0.8.0.RELEASE/bonecp-0.8.0.RELEASE.jar:/home/user/.m2/repository/org/apache/derby/derby/10.14.2.0/derby-10.14.2.0.jar:/home/user/.m2/repository/org/xerial/sqlite-jdbc/3.25.2/sqlite-jdbc-3.25.2.jar:/home/user/.m2/repository/org/springframework/spring-jdbc/5.2.5.RELEASE/spring-jdbc-5.2.5.RELEASE.jar:/home/user/.m2/repository/org/springframework/spring-beans/5.2.5.RELEASE/spring-beans-5.2.5.RELEASE.jar:/home/user/.m2/repository/org/springframework/spring-core/5.2.5.RELEASE/spring-core-5.2.5.RELEASE.jar:/home/user/.m2/repository/org/springframework/spring-jcl/5.2.5.RELEASE/spring-jcl-5.2.5.RELEASE.jar:/home/user/.m2/repository/org/springframework/spring-tx/5.2.5.RELEASE/spring-tx-5.2.5.RELEASE.jar:/home/user/.m2/repository/org/apache/hadoop/hadoop-ozone-client/0.6.0-SNAPSHOT/hadoop-ozone-client-0.6.0-SNAPSHOT.jar:/home/user/.m2/repository/org/apache/hadoop/hadoop-ozone-filesystem/0.6.0-SNAPSHOT/hadoop-ozone-filesystem-0.6.0-SNAPSHOT.jar:/home/user/.m2/repository/org/apache/hadoop/hadoop-ozone-filesystem-common/0.6.0-SNAPSHOT/hadoop-ozone-filesystem-common-0.6.0-SNAPSHOT.jar:/home/user/.m2/repository/org/apache/hadoop/hadoop-ozone-tools/0.6.0-SNAPSHOT/hadoop-ozone-tools-0.6.0-SNAPSHOT.jar:/home/user/.m2/repository/org/apache/hadoop/hadoop-hdfs/3.2.1/hadoop-hdfs-3.2.1.jar:/home/user/.m2/repository/org/apache/ratis/ratis-tools/0.6.0-6ab75ae-SNAPSHOT/ratis-tools-0.6.0-6ab75ae-SNAPSHOT.jar:/home/user/.m2/repository/org/apache/ratis/ratis-proto/0.6.0-6ab75ae-SNAPSHOT/ratis-proto-0.6.0-6ab75ae-SNAPSHOT.jar:/home/user/.m2/repository/org/apache/ratis/ratis-common/0.6.0-6ab75ae-SNAPSHOT/ratis-common-0.6.0-6ab75ae-SNAPSHOT.jar:/home/user/.m2/repository/com/amazonaws/aws-java-sdk-core/1.11.615/aws-java-sdk-core-1.11.615.jar:/home/user/.m2/repository/org/apache/httpcomponents/httpclient/4.5.2/httpclient-4.5.2.jar:/home/user/.m2/repository/org/apache/httpcomponents/httpcore/4.4.4/httpcore-4.4.4.jar:/home/user/.m2/repository/software/amazon/ion/ion-java/1.0.2/ion-java-1.0.2.jar:/home/user/.m2/repository/com/fasterxml/jackson/dataformat/jackson-dataformat-cbor/2.10.3/jackson-dataformat-cbor-2.10.3.jar:/home/user/.m2/repository/joda-time/joda-time/2.8.1/joda-time-2.8.1.jar:/home/user/.m2/repository/com/amazonaws/aws-java-sdk-s3/1.11.615/aws-java-sdk-s3-1.11.615.jar:/home/user/.m2/repository/com/amazonaws/aws-java-sdk-kms/1.11.615/aws-java-sdk-kms-1.11.615.jar:/home/user/.m2/repository/com/amazonaws/jmespath-java/1.11.615/jmespath-java-1.11.615.jar:/home/user/.m2/repository/org/apache/hadoop/hadoop-hdds-tools/0.6.0-SNAPSHOT/hadoop-hdds-tools-0.6.0-SNAPSHOT.jar:/home/user/.m2/repository/commons-cli/commons-cli/1.2/commons-cli-1.2.jar:/home/user/.m2/repository/org/apache/commons/commons-lang3/3.7/commons-lang3-3.7.jar:/home/user/.m2/repository/org/apache/hadoop/hadoop-ozone-ozone-manager/0.6.0-SNAPSHOT/hadoop-ozone-ozone-manager-0.6.0-SNAPSHOT-tests.jar:/home/user/.m2/repository/junit/junit/4.11/junit-4.11.jar:/home/user/.m2/repository/org/hamcrest/hamcrest-core/1.3/hamcrest-core-1.3.jar:/home/user/.m2/repository/org/openjdk/jmh/jmh-core/1.19/jmh-core-1.19.jar:/home/user/.m2/repository/net/sf/jopt-simple/jopt-simple/4.6/jopt-simple-4.6.jar:/home/user/.m2/repository/org/apache/commons/commons-math3/3.1.1/commons-math3-3.1.1.jar:/home/user/.m2/repository/org/openjdk/jmh/jmh-generator-annprocess/1.19/jmh-generator-annprocess-1.19.jar:/home/user/.m2/repository/org/mockito/mockito-all/1.8.5/mockito-all-1.8.5.jar:/home/user/.m2/repository/org/apache/hadoop/hadoop-kms/3.2.1/hadoop-kms-3.2.1.jar:/home/user/.m2/repository/org/apache/hadoop/hadoop-auth/3.2.1/hadoop-auth-3.2.1.jar:/home/user/.m2/repository/com/nimbusds/nimbus-jose-jwt/7.9/nimbus-jose-jwt-7.9.jar:/home/user/.m2/repository/com/github/stephenc/jcip/jcip-annotations/1.0-1/jcip-annotations-1.0-1.jar:/home/user/.m2/repository/net/minidev/json-smart/2.3/json-smart-2.3.jar:/home/user/.m2/repository/net/minidev/accessors-smart/1.2/accessors-smart-1.2.jar:/home/user/.m2/repository/org/ow2/asm/asm/5.0.4/asm-5.0.4.jar:/home/user/.m2/repository/org/apache/zookeeper/zookeeper/3.4.13/zookeeper-3.4.13.jar:/home/user/.m2/repository/org/apache/yetus/audience-annotations/0.5.0/audience-annotations-0.5.0.jar:/home/user/.m2/repository/org/apache/curator/curator-framework/2.13.0/curator-framework-2.13.0.jar:/home/user/.m2/repository/com/sun/jersey/jersey-core/1.19/jersey-core-1.19.jar:/home/user/.m2/repository/javax/ws/rs/jsr311-api/1.1.1/jsr311-api-1.1.1.jar:/home/user/.m2/repository/com/sun/jersey/jersey-server/1.19/jersey-server-1.19.jar:/home/user/.m2/repository/javax/servlet/javax.servlet-api/3.1.0/javax.servlet-api-3.1.0.jar:/home/user/.m2/repository/org/eclipse/jetty/jetty-server/9.4.26.v20200117/jetty-server-9.4.26.v20200117.jar:/home/user/.m2/repository/org/eclipse/jetty/jetty-http/9.4.26.v20200117/jetty-http-9.4.26.v20200117.jar:/home/user/.m2/repository/org/eclipse/jetty/jetty-io/9.4.26.v20200117/jetty-io-9.4.26.v20200117.jar:/home/user/.m2/repository/org/eclipse/jetty/jetty-webapp/9.4.26.v20200117/jetty-webapp-9.4.26.v20200117.jar:/home/user/.m2/repository/org/eclipse/jetty/jetty-xml/9.4.26.v20200117/jetty-xml-9.4.26.v20200117.jar:/home/user/.m2/repository/org/eclipse/jetty/jetty-servlet/9.4.26.v20200117/jetty-servlet-9.4.26.v20200117.jar:/home/user/.m2/repository/org/eclipse/jetty/jetty-security/9.4.26.v20200117/jetty-security-9.4.26.v20200117.jar:/home/user/.m2/repository/org/apache/hadoop/hadoop-common/3.2.1/hadoop-common-3.2.1.jar:/home/user/.m2/repository/commons-net/commons-net/3.6/commons-net-3.6.jar:/home/user/.m2/repository/commons-collections/commons-collections/3.2.2/commons-collections-3.2.2.jar:/home/user/.m2/repository/com/sun/jersey/jersey-servlet/1.19/jersey-servlet-1.19.jar:/home/user/.m2/repository/com/sun/jersey/jersey-json/1.19/jersey-json-1.19.jar:/home/user/.m2/repository/org/codehaus/jettison/jettison/1.1/jettison-1.1.jar:/home/user/.m2/repository/org/codehaus/jackson/jackson-jaxrs/1.9.2/jackson-jaxrs-1.9.2.jar:/home/user/.m2/repository/org/codehaus/jackson/jackson-xc/1.9.2/jackson-xc-1.9.2.jar:/home/user/.m2/repository/commons-beanutils/commons-beanutils/1.9.4/commons-beanutils-1.9.4.jar:/home/user/.m2/repository/org/apache/commons/commons-configuration2/2.1.1/commons-configuration2-2.1.1.jar:/home/user/.m2/repository/org/apache/commons/commons-text/1.4/commons-text-1.4.jar:/home/user/.m2/repository/com/google/re2j/re2j/1.1/re2j-1.1.jar:/home/user/.m2/repository/com/jcraft/jsch/0.1.54/jsch-0.1.54.jar:/home/user/.m2/repository/org/apache/curator/curator-client/2.13.0/curator-client-2.13.0.jar:/home/user/.m2/repository/org/apache/curator/curator-recipes/2.13.0/curator-recipes-2.13.0.jar:/home/user/.m2/repository/dnsjava/dnsjava/2.1.7/dnsjava-2.1.7.jar:/home/user/.m2/repository/org/slf4j/jul-to-slf4j/1.7.25/jul-to-slf4j-1.7.25.jar:/home/user/.m2/repository/org/eclipse/jetty/jetty-util/9.4.26.v20200117/jetty-util-9.4.26.v20200117.jar:/home/user/.m2/repository/com/fasterxml/jackson/core/jackson-databind/2.10.3/jackson-databind-2.10.3.jar:/home/user/.m2/repository/org/apache/hadoop/hadoop-kms/3.2.1/hadoop-kms-3.2.1-tests.jar:/home/user/.m2/repository/org/apache/hadoop/hadoop-hdds-server-scm/0.6.0-SNAPSHOT/hadoop-hdds-server-scm-0.6.0-SNAPSHOT-tests.jar:/home/user/.m2/repository/org/apache/hadoop/hadoop-hdds-container-service/0.6.0-SNAPSHOT/hadoop-hdds-container-service-0.6.0-SNAPSHOT-tests.jar:/home/user/.m2/repository/org/apache/hadoop/hadoop-hdds-common/0.6.0-SNAPSHOT/hadoop-hdds-common-0.6.0-SNAPSHOT-tests.jar:/home/user/.m2/repository/org/yaml/snakeyaml/1.16/snakeyaml-1.16.jar:/home/user/.m2/repository/org/apache/hadoop/hadoop-hdds-hadoop-dependency-test/0.6.0-SNAPSHOT/hadoop-hdds-hadoop-dependency-test-0.6.0-SNAPSHOT.jar:/home/user/.m2/repository/org/apache/hadoop/hadoop-common/3.2.1/hadoop-common-3.2.1-tests.jar:/home/user/.m2/repository/javax/servlet/jsp/jsp-api/2.1/jsp-api-2.1.jar:/home/user/.m2/repository/org/apache/hadoop/hadoop-hdfs/3.2.1/hadoop-hdfs-3.2.1-tests.jar:/home/user/.m2/repository/org/eclipse/jetty/jetty-util-ajax/9.4.26.v20200117/jetty-util-ajax-9.4.26.v20200117.jar:/home/user/.m2/repository/commons-codec/commons-codec/1.11/commons-codec-1.11.jar:/home/user/.m2/repository/commons-daemon/commons-daemon/1.0.13/commons-daemon-1.0.13.jar:/home/user/.m2/repository/io/netty/netty/3.10.5.Final/netty-3.10.5.Final.jar:/home/user/.m2/repository/io/netty/netty-all/4.1.48.Final/netty-all-4.1.48.Final.jar:/home/user/.m2/repository/org/apache/htrace/htrace-core4/4.1.0-incubating/htrace-core4-4.1.0-incubating.jar:/home/user/.m2/repository/org/fusesource/leveldbjni/leveldbjni-all/1.8/leveldbjni-all-1.8.jar:/home/user/.m2/repository/org/apache/hadoop/hadoop-distcp/3.2.1/hadoop-distcp-3.2.1.jar:/home/user/.m2/repository/org/apache/hadoop/hadoop-mapreduce-client-jobclient/3.2.1/hadoop-mapreduce-client-jobclient-3.2.1.jar:/home/user/.m2/repository/org/apache/hadoop/hadoop-mapreduce-client-common/3.2.1/hadoop-mapreduce-client-common-3.2.1.jar:/home/user/.m2/repository/org/apache/hadoop/hadoop-yarn-common/3.2.1/hadoop-yarn-common-3.2.1.jar:/home/user/.m2/repository/org/apache/hadoop/hadoop-yarn-api/3.2.1/hadoop-yarn-api-3.2.1.jar:/home/user/.m2/repository/com/sun/jersey/jersey-client/1.19/jersey-client-1.19.jar:/home/user/.m2/repository/com/sun/jersey/contribs/jersey-guice/1.19/jersey-guice-1.19.jar:/home/user/.m2/repository/com/fasterxml/jackson/jaxrs/jackson-jaxrs-json-provider/2.10.3/jackson-jaxrs-json-provider-2.10.3.jar:/home/user/.m2/repository/com/fasterxml/jackson/jaxrs/jackson-jaxrs-base/2.10.3/jackson-jaxrs-base-2.10.3.jar:/home/user/.m2/repository/org/apache/hadoop/hadoop-yarn-client/3.2.1/hadoop-yarn-client-3.2.1.jar:/home/user/.m2/repository/org/apache/hadoop/hadoop-mapreduce-client-core/3.2.1/hadoop-mapreduce-client-core-3.2.1.jar:/home/user/.m2/repository/org/apache/avro/avro/1.7.7/avro-1.7.7.jar:/home/user/.m2/repository/org/codehaus/jackson/jackson-core-asl/1.9.13/jackson-core-asl-1.9.13.jar:/home/user/.m2/repository/org/codehaus/jackson/jackson-mapper-asl/1.9.13/jackson-mapper-asl-1.9.13.jar:/home/user/.m2/repository/com/thoughtworks/paranamer/paranamer/2.3/paranamer-2.3.jar:/home/user/.m2/repository/org/xerial/snappy/snappy-java/1.0.5/snappy-java-1.0.5.jar:/home/user/.m2/repository/org/apache/hadoop/hadoop-annotations/3.2.1/hadoop-annotations-3.2.1.jar:/usr/lib/jvm/java-1.8.0-openjdk-1.8.0.232.b09-0.el7_7.x86_64/jre/../lib/tools.jar:/home/user/.m2/repository/org/apache/hadoop/hadoop-distcp/3.2.1/hadoop-distcp-3.2.1-tests.jar:"/>
    <property name="java.vm.vendor" value="Oracle Corporation"/>
    <property name="sun.arch.data.model" value="64"/>
    <property name="test.build.dir" value="/github/workspace/mnt/ozone/hadoop-ozone/integration-test/target/test-dir"/>
    <property name="test.cache.data" value=""/>
    <property name="java.vendor.url" value="http://java.oracle.com/"/>
    <property name="user.timezone" value=""/>
    <property name="java.vm.specification.version" value="1.8"/>
    <property name="os.name" value="Linux"/>
    <property name="test.build.data" value="/github/workspace/mnt/ozone/hadoop-ozone/integration-test/target/test-dir"/>
    <property name="user.country" value="US"/>
    <property name="sun.java.launcher" value="SUN_STANDARD"/>
    <property name="sun.boot.library.path" value="/usr/lib/jvm/java-1.8.0-openjdk-1.8.0.232.b09-0.el7_7.x86_64/jre/lib/amd64"/>
    <property name="sun.java.command" value="/github/workspace/mnt/ozone/hadoop-ozone/integration-test/target/surefire/surefirebooter247959559116083173.jar /github/workspace/mnt/ozone/hadoop-ozone/integration-test/target/surefire 2020-06-23T00-27-05_581-jvmRun1 surefire6024428514067947560tmp surefire_302470790054143318377tmp"/>
    <property name="surefire.test.class.path" value="/github/workspace/mnt/ozone/hadoop-ozone/integration-test/target/test-classes:/github/workspace/mnt/ozone/hadoop-ozone/integration-test/target/classes:/home/user/.m2/repository/org/apache/hadoop/hadoop-ozone-common/0.6.0-SNAPSHOT/hadoop-ozone-common-0.6.0-SNAPSHOT.jar:/home/user/.m2/repository/org/apache/commons/commons-compress/1.4.1/commons-compress-1.4.1.jar:/home/user/.m2/repository/org/tukaani/xz/1.0/xz-1.0.jar:/home/user/.m2/repository/org/apache/hadoop/hadoop-hdds-common/0.6.0-SNAPSHOT/hadoop-hdds-common-0.6.0-SNAPSHOT.jar:/home/user/.m2/repository/org/apache/hadoop/hadoop-hdds-hadoop-dependency-client/0.6.0-SNAPSHOT/hadoop-hdds-hadoop-dependency-client-0.6.0-SNAPSHOT.jar:/home/user/.m2/repository/info/picocli/picocli/3.9.6/picocli-3.9.6.jar:/home/user/.m2/repository/com/fasterxml/jackson/core/jackson-annotations/2.10.3/jackson-annotations-2.10.3.jar:/home/user/.m2/repository/javax/annotation/javax.annotation-api/1.2/javax.annotation-api-1.2.jar:/home/user/.m2/repository/org/apache/ratis/ratis-server/0.6.0-6ab75ae-SNAPSHOT/ratis-server-0.6.0-6ab75ae-SNAPSHOT.jar:/home/user/.m2/repository/org/apache/ratis/ratis-client/0.6.0-6ab75ae-SNAPSHOT/ratis-client-0.6.0-6ab75ae-SNAPSHOT.jar:/home/user/.m2/repository/org/apache/ratis/ratis-metrics/0.6.0-6ab75ae-SNAPSHOT/ratis-metrics-0.6.0-6ab75ae-SNAPSHOT.jar:/home/user/.m2/repository/org/apache/ratis/ratis-netty/0.6.0-6ab75ae-SNAPSHOT/ratis-netty-0.6.0-6ab75ae-SNAPSHOT.jar:/home/user/.m2/repository/org/apache/ratis/ratis-grpc/0.6.0-6ab75ae-SNAPSHOT/ratis-grpc-0.6.0-6ab75ae-SNAPSHOT.jar:/home/user/.m2/repository/org/apache/logging/log4j/log4j-api/2.11.0/log4j-api-2.11.0.jar:/home/user/.m2/repository/org/apache/logging/log4j/log4j-core/2.11.0/log4j-core-2.11.0.jar:/home/user/.m2/repository/com/lmax/disruptor/3.4.2/disruptor-3.4.2.jar:/home/user/.m2/repository/org/apache/commons/commons-pool2/2.6.0/commons-pool2-2.6.0.jar:/home/user/.m2/repository/org/bouncycastle/bcpkix-jdk15on/1.60/bcpkix-jdk15on-1.60.jar:/home/user/.m2/repository/commons-validator/commons-validator/1.6/commons-validator-1.6.jar:/home/user/.m2/repository/commons-digester/commons-digester/1.8.1/commons-digester-1.8.1.jar:/home/user/.m2/repository/io/jaegertracing/jaeger-client/1.2.0/jaeger-client-1.2.0.jar:/home/user/.m2/repository/io/jaegertracing/jaeger-thrift/1.2.0/jaeger-thrift-1.2.0.jar:/home/user/.m2/repository/org/apache/thrift/libthrift/0.13.0/libthrift-0.13.0.jar:/home/user/.m2/repository/com/squareup/okhttp3/okhttp/4.2.2/okhttp-4.2.2.jar:/home/user/.m2/repository/com/squareup/okio/okio/2.2.2/okio-2.2.2.jar:/home/user/.m2/repository/org/jetbrains/kotlin/kotlin-stdlib/1.3.50/kotlin-stdlib-1.3.50.jar:/home/user/.m2/repository/org/jetbrains/kotlin/kotlin-stdlib-common/1.3.50/kotlin-stdlib-common-1.3.50.jar:/home/user/.m2/repository/org/jetbrains/annotations/13.0/annotations-13.0.jar:/home/user/.m2/repository/io/jaegertracing/jaeger-core/1.2.0/jaeger-core-1.2.0.jar:/home/user/.m2/repository/io/jaegertracing/jaeger-tracerresolver/1.2.0/jaeger-tracerresolver-1.2.0.jar:/home/user/.m2/repository/io/opentracing/contrib/opentracing-tracerresolver/0.1.8/opentracing-tracerresolver-0.1.8.jar:/home/user/.m2/repository/io/opentracing/opentracing-util/0.33.0/opentracing-util-0.33.0.jar:/home/user/.m2/repository/io/opentracing/opentracing-api/0.33.0/opentracing-api-0.33.0.jar:/home/user/.m2/repository/io/opentracing/opentracing-noop/0.33.0/opentracing-noop-0.33.0.jar:/home/user/.m2/repository/org/apache/hadoop/hadoop-hdds-client/0.6.0-SNAPSHOT/hadoop-hdds-client-0.6.0-SNAPSHOT.jar:/home/user/.m2/repository/org/apache/hadoop/hadoop-ozone-interface-client/0.6.0-SNAPSHOT/hadoop-ozone-interface-client-0.6.0-SNAPSHOT.jar:/home/user/.m2/repository/org/apache/hadoop/hadoop-hdds-test-utils/0.6.0-SNAPSHOT/hadoop-hdds-test-utils-0.6.0-SNAPSHOT.jar:/home/user/.m2/repository/com/google/guava/guava/28.2-jre/guava-28.2-jre.jar:/home/user/.m2/repository/com/google/guava/failureaccess/1.0.1/failureaccess-1.0.1.jar:/home/user/.m2/repository/com/google/guava/listenablefuture/9999.0-empty-to-avoid-conflict-with-guava/listenablefuture-9999.0-empty-to-avoid-conflict-with-guava.jar:/home/user/.m2/repository/com/google/code/findbugs/jsr305/3.0.0/jsr305-3.0.0.jar:/home/user/.m2/repository/org/checkerframework/checker-qual/2.10.0/checker-qual-2.10.0.jar:/home/user/.m2/repository/com/google/errorprone/error_prone_annotations/2.2.0/error_prone_annotations-2.2.0.jar:/home/user/.m2/repository/com/google/j2objc/j2objc-annotations/1.3/j2objc-annotations-1.3.jar:/home/user/.m2/repository/commons-io/commons-io/2.5/commons-io-2.5.jar:/home/user/.m2/repository/commons-logging/commons-logging/1.2/commons-logging-1.2.jar:/home/user/.m2/repository/log4j/log4j/1.2.17/log4j-1.2.17.jar:/home/user/.m2/repository/org/slf4j/slf4j-api/1.7.25/slf4j-api-1.7.25.jar:/home/user/.m2/repository/org/apache/hadoop/hadoop-hdds-server-scm/0.6.0-SNAPSHOT/hadoop-hdds-server-scm-0.6.0-SNAPSHOT.jar:/home/user/.m2/repository/org/apache/hadoop/hadoop-hdds-container-service/0.6.0-SNAPSHOT/hadoop-hdds-container-service-0.6.0-SNAPSHOT.jar:/home/user/.m2/repository/org/apache/hadoop/hadoop-hdds-hadoop-dependency-server/0.6.0-SNAPSHOT/hadoop-hdds-hadoop-dependency-server-0.6.0-SNAPSHOT.jar:/home/user/.m2/repository/org/apache/hadoop/hadoop-hdds-server-framework/0.6.0-SNAPSHOT/hadoop-hdds-server-framework-0.6.0-SNAPSHOT.jar:/home/user/.m2/repository/org/apache/hadoop/hadoop-hdds-interface-server/0.6.0-SNAPSHOT/hadoop-hdds-interface-server-0.6.0-SNAPSHOT.jar:/home/user/.m2/repository/org/apache/hadoop/hadoop-hdds-interface-admin/0.6.0-SNAPSHOT/hadoop-hdds-interface-admin-0.6.0-SNAPSHOT.jar:/home/user/.m2/repository/org/rocksdb/rocksdbjni/6.8.1/rocksdbjni-6.8.1.jar:/home/user/.m2/repository/io/prometheus/simpleclient_dropwizard/0.7.0/simpleclient_dropwizard-0.7.0.jar:/home/user/.m2/repository/io/prometheus/simpleclient/0.7.0/simpleclient-0.7.0.jar:/home/user/.m2/repository/io/prometheus/simpleclient_common/0.7.0/simpleclient_common-0.7.0.jar:/home/user/.m2/repository/com/fasterxml/jackson/datatype/jackson-datatype-jsr310/2.10.3/jackson-datatype-jsr310-2.10.3.jar:/home/user/.m2/repository/org/apache/hadoop/hadoop-hdds-docs/0.6.0-SNAPSHOT/hadoop-hdds-docs-0.6.0-SNAPSHOT.jar:/home/user/.m2/repository/io/dropwizard/metrics/metrics-core/3.2.4/metrics-core-3.2.4.jar:/home/user/.m2/repository/org/apache/hadoop/hadoop-hdfs-client/3.2.1/hadoop-hdfs-client-3.2.1.jar:/home/user/.m2/repository/org/bouncycastle/bcprov-jdk15on/1.60/bcprov-jdk15on-1.60.jar:/home/user/.m2/repository/org/apache/hadoop/hadoop-ozone-ozone-manager/0.6.0-SNAPSHOT/hadoop-ozone-ozone-manager-0.6.0-SNAPSHOT.jar:/home/user/.m2/repository/org/apache/hadoop/hadoop-hdds-interface-client/0.6.0-SNAPSHOT/hadoop-hdds-interface-client-0.6.0-SNAPSHOT.jar:/home/user/.m2/repository/org/apache/ratis/ratis-thirdparty-misc/0.4.0/ratis-thirdparty-misc-0.4.0.jar:/home/user/.m2/repository/org/apache/hadoop/hadoop-minikdc/3.2.1/hadoop-minikdc-3.2.1.jar:/home/user/.m2/repository/org/apache/kerby/kerb-simplekdc/1.0.1/kerb-simplekdc-1.0.1.jar:/home/user/.m2/repository/org/apache/kerby/kerb-client/1.0.1/kerb-client-1.0.1.jar:/home/user/.m2/repository/org/apache/kerby/kerby-config/1.0.1/kerby-config-1.0.1.jar:/home/user/.m2/repository/org/apache/kerby/kerb-core/1.0.1/kerb-core-1.0.1.jar:/home/user/.m2/repository/org/apache/kerby/kerby-pkix/1.0.1/kerby-pkix-1.0.1.jar:/home/user/.m2/repository/org/apache/kerby/kerby-asn1/1.0.1/kerby-asn1-1.0.1.jar:/home/user/.m2/repository/org/apache/kerby/kerby-util/1.0.1/kerby-util-1.0.1.jar:/home/user/.m2/repository/org/apache/kerby/kerb-common/1.0.1/kerb-common-1.0.1.jar:/home/user/.m2/repository/org/apache/kerby/kerb-crypto/1.0.1/kerb-crypto-1.0.1.jar:/home/user/.m2/repository/org/apache/kerby/kerb-util/1.0.1/kerb-util-1.0.1.jar:/home/user/.m2/repository/org/apache/kerby/token-provider/1.0.1/token-provider-1.0.1.jar:/home/user/.m2/repository/org/apache/kerby/kerb-admin/1.0.1/kerb-admin-1.0.1.jar:/home/user/.m2/repository/org/apache/kerby/kerb-server/1.0.1/kerb-server-1.0.1.jar:/home/user/.m2/repository/org/apache/kerby/kerb-identity/1.0.1/kerb-identity-1.0.1.jar:/home/user/.m2/repository/org/apache/kerby/kerby-xdr/1.0.1/kerby-xdr-1.0.1.jar:/home/user/.m2/repository/org/slf4j/slf4j-log4j12/1.7.25/slf4j-log4j12-1.7.25.jar:/home/user/.m2/repository/org/apache/hadoop/hadoop-ozone-s3gateway/0.6.0-SNAPSHOT/hadoop-ozone-s3gateway-0.6.0-SNAPSHOT.jar:/home/user/.m2/repository/org/jboss/weld/servlet/weld-servlet/2.4.7.Final/weld-servlet-2.4.7.Final.jar:/home/user/.m2/repository/org/glassfish/jersey/containers/jersey-container-servlet-core/2.27/jersey-container-servlet-core-2.27.jar:/home/user/.m2/repository/org/glassfish/hk2/external/javax.inject/2.5.0-b42/javax.inject-2.5.0-b42.jar:/home/user/.m2/repository/org/glassfish/jersey/core/jersey-common/2.27/jersey-common-2.27.jar:/home/user/.m2/repository/org/glassfish/hk2/osgi-resource-locator/1.0.1/osgi-resource-locator-1.0.1.jar:/home/user/.m2/repository/javax/ws/rs/javax.ws.rs-api/2.1/javax.ws.rs-api-2.1.jar:/home/user/.m2/repository/org/glassfish/jersey/ext/cdi/jersey-cdi1x/2.27/jersey-cdi1x-2.27.jar:/home/user/.m2/repository/org/glassfish/jersey/inject/jersey-hk2/2.27/jersey-hk2-2.27.jar:/home/user/.m2/repository/org/glassfish/hk2/hk2-locator/2.5.0-b42/hk2-locator-2.5.0-b42.jar:/home/user/.m2/repository/org/javassist/javassist/3.22.0-CR2/javassist-3.22.0-CR2.jar:/home/user/.m2/repository/org/glassfish/hk2/hk2-api/2.5.0/hk2-api-2.5.0.jar:/home/user/.m2/repository/org/glassfish/hk2/external/jakarta.inject/2.5.0/jakarta.inject-2.5.0.jar:/home/user/.m2/repository/org/glassfish/hk2/hk2-utils/2.5.0/hk2-utils-2.5.0.jar:/home/user/.m2/repository/jakarta/annotation/jakarta.annotation-api/1.3.4/jakarta.annotation-api-1.3.4.jar:/home/user/.m2/repository/org/glassfish/hk2/external/aopalliance-repackaged/2.5.0/aopalliance-repackaged-2.5.0.jar:/home/user/.m2/repository/com/fasterxml/jackson/dataformat/jackson-dataformat-xml/2.10.3/jackson-dataformat-xml-2.10.3.jar:/home/user/.m2/repository/com/fasterxml/jackson/core/jackson-core/2.10.3/jackson-core-2.10.3.jar:/home/user/.m2/repository/com/fasterxml/jackson/module/jackson-module-jaxb-annotations/2.10.3/jackson-module-jaxb-annotations-2.10.3.jar:/home/user/.m2/repository/jakarta/xml/bind/jakarta.xml.bind-api/2.3.2/jakarta.xml.bind-api-2.3.2.jar:/home/user/.m2/repository/jakarta/activation/jakarta.activation-api/1.2.1/jakarta.activation-api-1.2.1.jar:/home/user/.m2/repository/org/codehaus/woodstox/stax2-api/3.1.4/stax2-api-3.1.4.jar:/home/user/.m2/repository/com/fasterxml/woodstox/woodstox-core/5.0.3/woodstox-core-5.0.3.jar:/home/user/.m2/repository/javax/enterprise/cdi-api/1.2/cdi-api-1.2.jar:/home/user/.m2/repository/javax/el/javax.el-api/3.0.0/javax.el-api-3.0.0.jar:/home/user/.m2/repository/javax/interceptor/javax.interceptor-api/1.2/javax.interceptor-api-1.2.jar:/home/user/.m2/repository/javax/inject/javax.inject/1/javax.inject-1.jar:/home/user/.m2/repository/com/sun/xml/bind/jaxb-impl/2.3.0.1/jaxb-impl-2.3.0.1.jar:/home/user/.m2/repository/com/sun/xml/bind/jaxb-core/2.3.0.1/jaxb-core-2.3.0.1.jar:/home/user/.m2/repository/javax/xml/bind/jaxb-api/2.3.0/jaxb-api-2.3.0.jar:/home/user/.m2/repository/javax/activation/activation/1.1.1/activation-1.1.1.jar:/home/user/.m2/repository/org/apache/hadoop/hadoop-ozone-csi/0.6.0-SNAPSHOT/hadoop-ozone-csi-0.6.0-SNAPSHOT.jar:/home/user/.m2/repository/com/google/protobuf/protobuf-java-util/3.11.0/protobuf-java-util-3.11.0.jar:/home/user/.m2/repository/com/google/code/gson/gson/2.2.4/gson-2.2.4.jar:/home/user/.m2/repository/org/apache/hadoop/hadoop-hdds-config/0.6.0-SNAPSHOT/hadoop-hdds-config-0.6.0-SNAPSHOT.jar:/home/user/.m2/repository/com/google/protobuf/protobuf-java/2.5.0/protobuf-java-2.5.0.jar:/home/user/.m2/repository/io/grpc/grpc-netty/1.29.0/grpc-netty-1.29.0.jar:/home/user/.m2/repository/io/grpc/grpc-core/1.29.0/grpc-core-1.29.0.jar:/home/user/.m2/repository/com/google/android/annotations/4.1.1.4/annotations-4.1.1.4.jar:/home/user/.m2/repository/io/perfmark/perfmark-api/0.19.0/perfmark-api-0.19.0.jar:/home/user/.m2/repository/io/netty/netty-codec-http2/4.1.48.Final/netty-codec-http2-4.1.48.Final.jar:/home/user/.m2/repository/io/netty/netty-codec/4.1.48.Final/netty-codec-4.1.48.Final.jar:/home/user/.m2/repository/io/netty/netty-handler/4.1.48.Final/netty-handler-4.1.48.Final.jar:/home/user/.m2/repository/io/netty/netty-codec-http/4.1.48.Final/netty-codec-http-4.1.48.Final.jar:/home/user/.m2/repository/io/netty/netty-handler-proxy/4.1.48.Final/netty-handler-proxy-4.1.48.Final.jar:/home/user/.m2/repository/io/netty/netty-codec-socks/4.1.48.Final/netty-codec-socks-4.1.48.Final.jar:/home/user/.m2/repository/io/netty/netty-transport-native-epoll/4.1.48.Final/netty-transport-native-epoll-4.1.48.Final.jar:/home/user/.m2/repository/io/netty/netty-common/4.1.48.Final/netty-common-4.1.48.Final.jar:/home/user/.m2/repository/io/netty/netty-buffer/4.1.48.Final/netty-buffer-4.1.48.Final.jar:/home/user/.m2/repository/io/netty/netty-transport/4.1.48.Final/netty-transport-4.1.48.Final.jar:/home/user/.m2/repository/io/netty/netty-resolver/4.1.48.Final/netty-resolver-4.1.48.Final.jar:/home/user/.m2/repository/io/netty/netty-transport-native-unix-common/4.1.48.Final/netty-transport-native-unix-common-4.1.48.Final.jar:/home/user/.m2/repository/io/grpc/grpc-protobuf/1.29.0/grpc-protobuf-1.29.0.jar:/home/user/.m2/repository/io/grpc/grpc-api/1.29.0/grpc-api-1.29.0.jar:/home/user/.m2/repository/io/grpc/grpc-context/1.29.0/grpc-context-1.29.0.jar:/home/user/.m2/repository/org/codehaus/mojo/animal-sniffer-annotations/1.18/animal-sniffer-annotations-1.18.jar:/home/user/.m2/repository/com/google/api/grpc/proto-google-common-protos/1.17.0/proto-google-common-protos-1.17.0.jar:/home/user/.m2/repository/io/grpc/grpc-protobuf-lite/1.29.0/grpc-protobuf-lite-1.29.0.jar:/home/user/.m2/repository/io/grpc/grpc-stub/1.29.0/grpc-stub-1.29.0.jar:/home/user/.m2/repository/org/apache/hadoop/hadoop-ozone-recon/0.6.0-SNAPSHOT/hadoop-ozone-recon-0.6.0-SNAPSHOT.jar:/home/user/.m2/repository/org/apache/hadoop/hadoop-ozone-reconcodegen/0.6.0-SNAPSHOT/hadoop-ozone-reconcodegen-0.6.0-SNAPSHOT.jar:/home/user/.m2/repository/com/google/inject/extensions/guice-multibindings/4.0/guice-multibindings-4.0.jar:/home/user/.m2/repository/com/google/inject/guice/4.0/guice-4.0.jar:/home/user/.m2/repository/aopalliance/aopalliance/1.0/aopalliance-1.0.jar:/home/user/.m2/repository/com/google/inject/extensions/guice-assistedinject/4.0/guice-assistedinject-4.0.jar:/home/user/.m2/repository/com/google/inject/extensions/guice-servlet/4.0/guice-servlet-4.0.jar:/home/user/.m2/repository/org/glassfish/jersey/containers/jersey-container-servlet/2.27/jersey-container-servlet-2.27.jar:/home/user/.m2/repository/org/glassfish/hk2/guice-bridge/2.5.0/guice-bridge-2.5.0.jar:/home/user/.m2/repository/org/glassfish/jersey/core/jersey-server/2.27/jersey-server-2.27.jar:/home/user/.m2/repository/org/glassfish/jersey/core/jersey-client/2.27/jersey-client-2.27.jar:/home/user/.m2/repository/org/glassfish/jersey/media/jersey-media-jaxb/2.27/jersey-media-jaxb-2.27.jar:/home/user/.m2/repository/javax/validation/validation-api/1.1.0.Final/validation-api-1.1.0.Final.jar:/home/user/.m2/repository/org/glassfish/jersey/media/jersey-media-json-jackson/2.27/jersey-media-json-jackson-2.27.jar:/home/user/.m2/repository/org/glassfish/jersey/ext/jersey-entity-filtering/2.27/jersey-entity-filtering-2.27.jar:/home/user/.m2/repository/org/jooq/jooq/3.11.10/jooq-3.11.10.jar:/home/user/.m2/repository/org/jooq/jooq-meta/3.11.10/jooq-meta-3.11.10.jar:/home/user/.m2/repository/org/jooq/jooq-codegen/3.11.10/jooq-codegen-3.11.10.jar:/home/user/.m2/repository/com/jolbox/bonecp/0.8.0.RELEASE/bonecp-0.8.0.RELEASE.jar:/home/user/.m2/repository/org/apache/derby/derby/10.14.2.0/derby-10.14.2.0.jar:/home/user/.m2/repository/org/xerial/sqlite-jdbc/3.25.2/sqlite-jdbc-3.25.2.jar:/home/user/.m2/repository/org/springframework/spring-jdbc/5.2.5.RELEASE/spring-jdbc-5.2.5.RELEASE.jar:/home/user/.m2/repository/org/springframework/spring-beans/5.2.5.RELEASE/spring-beans-5.2.5.RELEASE.jar:/home/user/.m2/repository/org/springframework/spring-core/5.2.5.RELEASE/spring-core-5.2.5.RELEASE.jar:/home/user/.m2/repository/org/springframework/spring-jcl/5.2.5.RELEASE/spring-jcl-5.2.5.RELEASE.jar:/home/user/.m2/repository/org/springframework/spring-tx/5.2.5.RELEASE/spring-tx-5.2.5.RELEASE.jar:/home/user/.m2/repository/org/apache/hadoop/hadoop-ozone-client/0.6.0-SNAPSHOT/hadoop-ozone-client-0.6.0-SNAPSHOT.jar:/home/user/.m2/repository/org/apache/hadoop/hadoop-ozone-filesystem/0.6.0-SNAPSHOT/hadoop-ozone-filesystem-0.6.0-SNAPSHOT.jar:/home/user/.m2/repository/org/apache/hadoop/hadoop-ozone-filesystem-common/0.6.0-SNAPSHOT/hadoop-ozone-filesystem-common-0.6.0-SNAPSHOT.jar:/home/user/.m2/repository/org/apache/hadoop/hadoop-ozone-tools/0.6.0-SNAPSHOT/hadoop-ozone-tools-0.6.0-SNAPSHOT.jar:/home/user/.m2/repository/org/apache/hadoop/hadoop-hdfs/3.2.1/hadoop-hdfs-3.2.1.jar:/home/user/.m2/repository/org/apache/ratis/ratis-tools/0.6.0-6ab75ae-SNAPSHOT/ratis-tools-0.6.0-6ab75ae-SNAPSHOT.jar:/home/user/.m2/repository/org/apache/ratis/ratis-proto/0.6.0-6ab75ae-SNAPSHOT/ratis-proto-0.6.0-6ab75ae-SNAPSHOT.jar:/home/user/.m2/repository/org/apache/ratis/ratis-common/0.6.0-6ab75ae-SNAPSHOT/ratis-common-0.6.0-6ab75ae-SNAPSHOT.jar:/home/user/.m2/repository/com/amazonaws/aws-java-sdk-core/1.11.615/aws-java-sdk-core-1.11.615.jar:/home/user/.m2/repository/org/apache/httpcomponents/httpclient/4.5.2/httpclient-4.5.2.jar:/home/user/.m2/repository/org/apache/httpcomponents/httpcore/4.4.4/httpcore-4.4.4.jar:/home/user/.m2/repository/software/amazon/ion/ion-java/1.0.2/ion-java-1.0.2.jar:/home/user/.m2/repository/com/fasterxml/jackson/dataformat/jackson-dataformat-cbor/2.10.3/jackson-dataformat-cbor-2.10.3.jar:/home/user/.m2/repository/joda-time/joda-time/2.8.1/joda-time-2.8.1.jar:/home/user/.m2/repository/com/amazonaws/aws-java-sdk-s3/1.11.615/aws-java-sdk-s3-1.11.615.jar:/home/user/.m2/repository/com/amazonaws/aws-java-sdk-kms/1.11.615/aws-java-sdk-kms-1.11.615.jar:/home/user/.m2/repository/com/amazonaws/jmespath-java/1.11.615/jmespath-java-1.11.615.jar:/home/user/.m2/repository/org/apache/hadoop/hadoop-hdds-tools/0.6.0-SNAPSHOT/hadoop-hdds-tools-0.6.0-SNAPSHOT.jar:/home/user/.m2/repository/commons-cli/commons-cli/1.2/commons-cli-1.2.jar:/home/user/.m2/repository/org/apache/commons/commons-lang3/3.7/commons-lang3-3.7.jar:/home/user/.m2/repository/org/apache/hadoop/hadoop-ozone-ozone-manager/0.6.0-SNAPSHOT/hadoop-ozone-ozone-manager-0.6.0-SNAPSHOT-tests.jar:/home/user/.m2/repository/junit/junit/4.11/junit-4.11.jar:/home/user/.m2/repository/org/hamcrest/hamcrest-core/1.3/hamcrest-core-1.3.jar:/home/user/.m2/repository/org/openjdk/jmh/jmh-core/1.19/jmh-core-1.19.jar:/home/user/.m2/repository/net/sf/jopt-simple/jopt-simple/4.6/jopt-simple-4.6.jar:/home/user/.m2/repository/org/apache/commons/commons-math3/3.1.1/commons-math3-3.1.1.jar:/home/user/.m2/repository/org/openjdk/jmh/jmh-generator-annprocess/1.19/jmh-generator-annprocess-1.19.jar:/home/user/.m2/repository/org/mockito/mockito-all/1.8.5/mockito-all-1.8.5.jar:/home/user/.m2/repository/org/apache/hadoop/hadoop-kms/3.2.1/hadoop-kms-3.2.1.jar:/home/user/.m2/repository/org/apache/hadoop/hadoop-auth/3.2.1/hadoop-auth-3.2.1.jar:/home/user/.m2/repository/com/nimbusds/nimbus-jose-jwt/7.9/nimbus-jose-jwt-7.9.jar:/home/user/.m2/repository/com/github/stephenc/jcip/jcip-annotations/1.0-1/jcip-annotations-1.0-1.jar:/home/user/.m2/repository/net/minidev/json-smart/2.3/json-smart-2.3.jar:/home/user/.m2/repository/net/minidev/accessors-smart/1.2/accessors-smart-1.2.jar:/home/user/.m2/repository/org/ow2/asm/asm/5.0.4/asm-5.0.4.jar:/home/user/.m2/repository/org/apache/zookeeper/zookeeper/3.4.13/zookeeper-3.4.13.jar:/home/user/.m2/repository/org/apache/yetus/audience-annotations/0.5.0/audience-annotations-0.5.0.jar:/home/user/.m2/repository/org/apache/curator/curator-framework/2.13.0/curator-framework-2.13.0.jar:/home/user/.m2/repository/com/sun/jersey/jersey-core/1.19/jersey-core-1.19.jar:/home/user/.m2/repository/javax/ws/rs/jsr311-api/1.1.1/jsr311-api-1.1.1.jar:/home/user/.m2/repository/com/sun/jersey/jersey-server/1.19/jersey-server-1.19.jar:/home/user/.m2/repository/javax/servlet/javax.servlet-api/3.1.0/javax.servlet-api-3.1.0.jar:/home/user/.m2/repository/org/eclipse/jetty/jetty-server/9.4.26.v20200117/jetty-server-9.4.26.v20200117.jar:/home/user/.m2/repository/org/eclipse/jetty/jetty-http/9.4.26.v20200117/jetty-http-9.4.26.v20200117.jar:/home/user/.m2/repository/org/eclipse/jetty/jetty-io/9.4.26.v20200117/jetty-io-9.4.26.v20200117.jar:/home/user/.m2/repository/org/eclipse/jetty/jetty-webapp/9.4.26.v20200117/jetty-webapp-9.4.26.v20200117.jar:/home/user/.m2/repository/org/eclipse/jetty/jetty-xml/9.4.26.v20200117/jetty-xml-9.4.26.v20200117.jar:/home/user/.m2/repository/org/eclipse/jetty/jetty-servlet/9.4.26.v20200117/jetty-servlet-9.4.26.v20200117.jar:/home/user/.m2/repository/org/eclipse/jetty/jetty-security/9.4.26.v20200117/jetty-security-9.4.26.v20200117.jar:/home/user/.m2/repository/org/apache/hadoop/hadoop-common/3.2.1/hadoop-common-3.2.1.jar:/home/user/.m2/repository/commons-net/commons-net/3.6/commons-net-3.6.jar:/home/user/.m2/repository/commons-collections/commons-collections/3.2.2/commons-collections-3.2.2.jar:/home/user/.m2/repository/com/sun/jersey/jersey-servlet/1.19/jersey-servlet-1.19.jar:/home/user/.m2/repository/com/sun/jersey/jersey-json/1.19/jersey-json-1.19.jar:/home/user/.m2/repository/org/codehaus/jettison/jettison/1.1/jettison-1.1.jar:/home/user/.m2/repository/org/codehaus/jackson/jackson-jaxrs/1.9.2/jackson-jaxrs-1.9.2.jar:/home/user/.m2/repository/org/codehaus/jackson/jackson-xc/1.9.2/jackson-xc-1.9.2.jar:/home/user/.m2/repository/commons-beanutils/commons-beanutils/1.9.4/commons-beanutils-1.9.4.jar:/home/user/.m2/repository/org/apache/commons/commons-configuration2/2.1.1/commons-configuration2-2.1.1.jar:/home/user/.m2/repository/org/apache/commons/commons-text/1.4/commons-text-1.4.jar:/home/user/.m2/repository/com/google/re2j/re2j/1.1/re2j-1.1.jar:/home/user/.m2/repository/com/jcraft/jsch/0.1.54/jsch-0.1.54.jar:/home/user/.m2/repository/org/apache/curator/curator-client/2.13.0/curator-client-2.13.0.jar:/home/user/.m2/repository/org/apache/curator/curator-recipes/2.13.0/curator-recipes-2.13.0.jar:/home/user/.m2/repository/dnsjava/dnsjava/2.1.7/dnsjava-2.1.7.jar:/home/user/.m2/repository/org/slf4j/jul-to-slf4j/1.7.25/jul-to-slf4j-1.7.25.jar:/home/user/.m2/repository/org/eclipse/jetty/jetty-util/9.4.26.v20200117/jetty-util-9.4.26.v20200117.jar:/home/user/.m2/repository/com/fasterxml/jackson/core/jackson-databind/2.10.3/jackson-databind-2.10.3.jar:/home/user/.m2/repository/org/apache/hadoop/hadoop-kms/3.2.1/hadoop-kms-3.2.1-tests.jar:/home/user/.m2/repository/org/apache/hadoop/hadoop-hdds-server-scm/0.6.0-SNAPSHOT/hadoop-hdds-server-scm-0.6.0-SNAPSHOT-tests.jar:/home/user/.m2/repository/org/apache/hadoop/hadoop-hdds-container-service/0.6.0-SNAPSHOT/hadoop-hdds-container-service-0.6.0-SNAPSHOT-tests.jar:/home/user/.m2/repository/org/apache/hadoop/hadoop-hdds-common/0.6.0-SNAPSHOT/hadoop-hdds-common-0.6.0-SNAPSHOT-tests.jar:/home/user/.m2/repository/org/yaml/snakeyaml/1.16/snakeyaml-1.16.jar:/home/user/.m2/repository/org/apache/hadoop/hadoop-hdds-hadoop-dependency-test/0.6.0-SNAPSHOT/hadoop-hdds-hadoop-dependency-test-0.6.0-SNAPSHOT.jar:/home/user/.m2/repository/org/apache/hadoop/hadoop-common/3.2.1/hadoop-common-3.2.1-tests.jar:/home/user/.m2/repository/javax/servlet/jsp/jsp-api/2.1/jsp-api-2.1.jar:/home/user/.m2/repository/org/apache/hadoop/hadoop-hdfs/3.2.1/hadoop-hdfs-3.2.1-tests.jar:/home/user/.m2/repository/org/eclipse/jetty/jetty-util-ajax/9.4.26.v20200117/jetty-util-ajax-9.4.26.v20200117.jar:/home/user/.m2/repository/commons-codec/commons-codec/1.11/commons-codec-1.11.jar:/home/user/.m2/repository/commons-daemon/commons-daemon/1.0.13/commons-daemon-1.0.13.jar:/home/user/.m2/repository/io/netty/netty/3.10.5.Final/netty-3.10.5.Final.jar:/home/user/.m2/repository/io/netty/netty-all/4.1.48.Final/netty-all-4.1.48.Final.jar:/home/user/.m2/repository/org/apache/htrace/htrace-core4/4.1.0-incubating/htrace-core4-4.1.0-incubating.jar:/home/user/.m2/repository/org/fusesource/leveldbjni/leveldbjni-all/1.8/leveldbjni-all-1.8.jar:/home/user/.m2/repository/org/apache/hadoop/hadoop-distcp/3.2.1/hadoop-distcp-3.2.1.jar:/home/user/.m2/repository/org/apache/hadoop/hadoop-mapreduce-client-jobclient/3.2.1/hadoop-mapreduce-client-jobclient-3.2.1.jar:/home/user/.m2/repository/org/apache/hadoop/hadoop-mapreduce-client-common/3.2.1/hadoop-mapreduce-client-common-3.2.1.jar:/home/user/.m2/repository/org/apache/hadoop/hadoop-yarn-common/3.2.1/hadoop-yarn-common-3.2.1.jar:/home/user/.m2/repository/org/apache/hadoop/hadoop-yarn-api/3.2.1/hadoop-yarn-api-3.2.1.jar:/home/user/.m2/repository/com/sun/jersey/jersey-client/1.19/jersey-client-1.19.jar:/home/user/.m2/repository/com/sun/jersey/contribs/jersey-guice/1.19/jersey-guice-1.19.jar:/home/user/.m2/repository/com/fasterxml/jackson/jaxrs/jackson-jaxrs-json-provider/2.10.3/jackson-jaxrs-json-provider-2.10.3.jar:/home/user/.m2/repository/com/fasterxml/jackson/jaxrs/jackson-jaxrs-base/2.10.3/jackson-jaxrs-base-2.10.3.jar:/home/user/.m2/repository/org/apache/hadoop/hadoop-yarn-client/3.2.1/hadoop-yarn-client-3.2.1.jar:/home/user/.m2/repository/org/apache/hadoop/hadoop-mapreduce-client-core/3.2.1/hadoop-mapreduce-client-core-3.2.1.jar:/home/user/.m2/repository/org/apache/avro/avro/1.7.7/avro-1.7.7.jar:/home/user/.m2/repository/org/codehaus/jackson/jackson-core-asl/1.9.13/jackson-core-asl-1.9.13.jar:/home/user/.m2/repository/org/codehaus/jackson/jackson-mapper-asl/1.9.13/jackson-mapper-asl-1.9.13.jar:/home/user/.m2/repository/com/thoughtworks/paranamer/paranamer/2.3/paranamer-2.3.jar:/home/user/.m2/repository/org/xerial/snappy/snappy-java/1.0.5/snappy-java-1.0.5.jar:/home/user/.m2/repository/org/apache/hadoop/hadoop-annotations/3.2.1/hadoop-annotations-3.2.1.jar:/usr/lib/jvm/java-1.8.0-openjdk-1.8.0.232.b09-0.el7_7.x86_64/jre/../lib/tools.jar:/home/user/.m2/repository/org/apache/hadoop/hadoop-distcp/3.2.1/hadoop-distcp-3.2.1-tests.jar:"/>
    <property name="sun.cpu.endian" value="little"/>
    <property name="user.home" value="/home/user"/>
    <property name="user.language" value="en"/>
    <property name="java.specification.vendor" value="Oracle Corporation"/>
    <property name="java.home" value="/usr/lib/jvm/java-1.8.0-openjdk-1.8.0.232.b09-0.el7_7.x86_64/jre"/>
    <property name="java.security.krb5.conf" value="/github/workspace/mnt/ozone/hadoop-ozone/integration-test/target/test-classes/krb5.conf"/>
    <property name="basedir" value="/github/workspace/mnt/ozone/hadoop-ozone/integration-test"/>
    <property name="file.separator" value="/"/>
    <property name="line.separator" value="&#10;"/>
    <property name="java.vm.specification.vendor" value="Oracle Corporation"/>
    <property name="java.specification.name" value="Java Platform API Specification"/>
    <property name="java.awt.graphicsenv" value="sun.awt.X11GraphicsEnvironment"/>
    <property name="skip.installnpx" value="true"/>
    <property name="surefire.real.class.path" value="/github/workspace/mnt/ozone/hadoop-ozone/integration-test/target/surefire/surefirebooter247959559116083173.jar:/home/user/.m2/repository/org/jacoco/org.jacoco.agent/0.8.5/org.jacoco.agent-0.8.5-runtime.jar"/>
    <property name="hadoop.log.dir" value="/github/workspace/mnt/ozone/hadoop-ozone/integration-test/target/log"/>
    <property name="sun.boot.class.path" value="/usr/lib/jvm/java-1.8.0-openjdk-1.8.0.232.b09-0.el7_7.x86_64/jre/lib/resources.jar:/usr/lib/jvm/java-1.8.0-openjdk-1.8.0.232.b09-0.el7_7.x86_64/jre/lib/rt.jar:/usr/lib/jvm/java-1.8.0-openjdk-1.8.0.232.b09-0.el7_7.x86_64/jre/lib/sunrsasign.jar:/usr/lib/jvm/java-1.8.0-openjdk-1.8.0.232.b09-0.el7_7.x86_64/jre/lib/jsse.jar:/usr/lib/jvm/java-1.8.0-openjdk-1.8.0.232.b09-0.el7_7.x86_64/jre/lib/jce.jar:/usr/lib/jvm/java-1.8.0-openjdk-1.8.0.232.b09-0.el7_7.x86_64/jre/lib/charsets.jar:/usr/lib/jvm/java-1.8.0-openjdk-1.8.0.232.b09-0.el7_7.x86_64/jre/lib/jfr.jar:/usr/lib/jvm/java-1.8.0-openjdk-1.8.0.232.b09-0.el7_7.x86_64/jre/classes"/>
    <property name="sun.management.compiler" value="HotSpot 64-Bit Tiered Compilers"/>
    <property name="skip.npx" value="true"/>
    <property name="java.runtime.version" value="1.8.0_232-b09"/>
    <property name="java.net.preferIPv4Stack" value="true"/>
    <property name="user.name" value="jenkins1001"/>
    <property name="path.separator" value=":"/>
    <property name="java.security.egd" value="file:///dev/urandom"/>
    <property name="os.version" value="5.3.0-1028-azure"/>
    <property name="java.endorsed.dirs" value="/usr/lib/jvm/java-1.8.0-openjdk-1.8.0.232.b09-0.el7_7.x86_64/jre/lib/endorsed"/>
    <property name="java.runtime.name" value="OpenJDK Runtime Environment"/>
    <property name="file.encoding" value="ANSI_X3.4-1968"/>
    <property name="java.vm.name" value="OpenJDK 64-Bit Server VM"/>
    <property name="test.build.webapps" value=""/>
    <property name="localRepository" value="/home/user/.m2/repository"/>
    <property name="java.vendor.url.bug" value="http://bugreport.sun.com/bugreport/"/>
    <property name="java.io.tmpdir" value="/tmp"/>
    <property name="require.test.libhadoop" value=""/>
    <property name="java.version" value="1.8.0_232"/>
    <property name="user.dir" value="/github/workspace/mnt/ozone/hadoop-ozone/integration-test"/>
    <property name="os.arch" value="amd64"/>
    <property name="java.vm.specification.name" value="Java Virtual Machine Specification"/>
    <property name="test.build.classes" value="/github/workspace/mnt/ozone/hadoop-ozone/integration-test/target/test-classes"/>
    <property name="java.awt.printerjob" value="sun.print.PSPrinterJob"/>
    <property name="sun.os.patch.level" value="unknown"/>
    <property name="hadoop.tmp.dir" value="/github/workspace/mnt/ozone/hadoop-ozone/integration-test/target/tmp"/>
    <property name="java.library.path" value="/usr/lib:/usr/java/packages/lib/amd64:/usr/lib64:/lib64:/lib:/usr/lib"/>
    <property name="java.vm.info" value="mixed mode"/>
    <property name="java.vendor" value="Oracle Corporation"/>
    <property name="java.vm.version" value="25.232-b09"/>
    <property name="java.ext.dirs" value="/usr/lib/jvm/java-1.8.0-openjdk-1.8.0.232.b09-0.el7_7.x86_64/jre/lib/ext:/usr/java/packages/lib/ext"/>
    <property name="sun.io.unicode.encoding" value="UnicodeLittle"/>
    <property name="java.class.version" value="52.0"/>
  </properties>
  <testcase name="testMultipartUpload" classname="org.apache.hadoop.ozone.om.TestOzoneManagerHAWithData" time="28.723"/>
  <testcase name="testOMRatisSnapshot" classname="org.apache.hadoop.ozone.om.TestOzoneManagerHAWithData" time="24.066"/>
  <testcase name="testFileOperationsWithRecursive" classname="org.apache.hadoop.ozone.om.TestOzoneManagerHAWithData" time="24.456"/>
  <testcase name="testMultipartUploadWithOneOmNodeDown" classname="org.apache.hadoop.ozone.om.TestOzoneManagerHAWithData" time="28.566"/>
  <testcase name="testAllOMNodesRunning" classname="org.apache.hadoop.ozone.om.TestOzoneManagerHAWithData" time="23.245"/>
  <testcase name="testIncrementalWaitTimeWithSameNodeFailover" classname="org.apache.hadoop.ozone.om.TestOzoneManagerHAWithData" time="42.125">
    <error message="omNode-1@group-523986131536 is in LEADER state but not ready yet.&#10;	at org.apache.hadoop.ozone.om.ratis.OzoneManagerRatisServer.processReply(OzoneManagerRatisServer.java:177)&#10;	at org.apache.hadoop.ozone.om.ratis.OzoneManagerRatisServer.submitRequest(OzoneManagerRatisServer.java:136)&#10;	at org.apache.hadoop.ozone.protocolPB.OzoneManagerProtocolServerSideTranslatorPB.submitRequestToRatis(OzoneManagerProtocolServerSideTranslatorPB.java:177)&#10;	at org.apache.hadoop.ozone.protocolPB.OzoneManagerProtocolServerSideTranslatorPB.processRequest(OzoneManagerProtocolServerSideTranslatorPB.java:134)&#10;	at org.apache.hadoop.hdds.server.OzoneProtocolMessageDispatcher.processRequest(OzoneProtocolMessageDispatcher.java:74)&#10;	at org.apache.hadoop.ozone.protocolPB.OzoneManagerProtocolServerSideTranslatorPB.submitRequest(OzoneManagerProtocolServerSideTranslatorPB.java:113)&#10;	at org.apache.hadoop.ozone.protocol.proto.OzoneManagerProtocolProtos$OzoneManagerService$2.callBlockingMethod(OzoneManagerProtocolProtos.java)&#10;	at org.apache.hadoop.ipc.ProtobufRpcEngine$Server$ProtoBufRpcInvoker.call(ProtobufRpcEngine.java:528)&#10;	at org.apache.hadoop.ipc.RPC$Server.call(RPC.java:1070)&#10;	at org.apache.hadoop.ipc.Server$RpcCall.run(Server.java:999)&#10;	at org.apache.hadoop.ipc.Server$RpcCall.run(Server.java:927)&#10;	at java.security.AccessController.doPrivileged(Native Method)&#10;	at javax.security.auth.Subject.doAs(Subject.java:422)&#10;	at org.apache.hadoop.security.UserGroupInformation.doAs(UserGroupInformation.java:1730)&#10;	at org.apache.hadoop.ipc.Server$Handler.run(Server.java:2915)&#10;" type="org.apache.hadoop.ipc.RemoteException(org.apache.hadoop.ozone.om.exceptions.OMLeaderNotReadyException)">org.apache.hadoop.ipc.RemoteException(org.apache.hadoop.ozone.om.exceptions.OMLeaderNotReadyException): omNode-1@group-523986131536 is in LEADER state but not ready yet.
	at org.apache.hadoop.ozone.om.ratis.OzoneManagerRatisServer.processReply(OzoneManagerRatisServer.java:177)
	at org.apache.hadoop.ozone.om.ratis.OzoneManagerRatisServer.submitRequest(OzoneManagerRatisServer.java:136)
	at org.apache.hadoop.ozone.protocolPB.OzoneManagerProtocolServerSideTranslatorPB.submitRequestToRatis(OzoneManagerProtocolServerSideTranslatorPB.java:177)
	at org.apache.hadoop.ozone.protocolPB.OzoneManagerProtocolServerSideTranslatorPB.processRequest(OzoneManagerProtocolServerSideTranslatorPB.java:134)
	at org.apache.hadoop.hdds.server.OzoneProtocolMessageDispatcher.processRequest(OzoneProtocolMessageDispatcher.java:74)
	at org.apache.hadoop.ozone.protocolPB.OzoneManagerProtocolServerSideTranslatorPB.submitRequest(OzoneManagerProtocolServerSideTranslatorPB.java:113)
	at org.apache.hadoop.ozone.protocol.proto.OzoneManagerProtocolProtos$OzoneManagerService$2.callBlockingMethod(OzoneManagerProtocolProtos.java)
	at org.apache.hadoop.ipc.ProtobufRpcEngine$Server$ProtoBufRpcInvoker.call(ProtobufRpcEngine.java:528)
	at org.apache.hadoop.ipc.RPC$Server.call(RPC.java:1070)
	at org.apache.hadoop.ipc.Server$RpcCall.run(Server.java:999)
	at org.apache.hadoop.ipc.Server$RpcCall.run(Server.java:927)
	at java.security.AccessController.doPrivileged(Native Method)
	at javax.security.auth.Subject.doAs(Subject.java:422)
	at org.apache.hadoop.security.UserGroupInformation.doAs(UserGroupInformation.java:1730)
	at org.apache.hadoop.ipc.Server$Handler.run(Server.java:2915)

	at org.apache.hadoop.ipc.Client.getRpcResponse(Client.java:1545)
	at org.apache.hadoop.ipc.Client.call(Client.java:1491)
	at org.apache.hadoop.ipc.Client.call(Client.java:1388)
	at org.apache.hadoop.ipc.ProtobufRpcEngine$Invoker.invoke(ProtobufRpcEngine.java:233)
	at org.apache.hadoop.ipc.ProtobufRpcEngine$Invoker.invoke(ProtobufRpcEngine.java:118)
	at com.sun.proxy.$Proxy39.submitRequest(Unknown Source)
	at sun.reflect.GeneratedMethodAccessor40.invoke(Unknown Source)
	at sun.reflect.DelegatingMethodAccessorImpl.invoke(DelegatingMethodAccessorImpl.java:43)
	at java.lang.reflect.Method.invoke(Method.java:498)
	at org.apache.hadoop.io.retry.RetryInvocationHandler.invokeMethod(RetryInvocationHandler.java:422)
	at org.apache.hadoop.io.retry.RetryInvocationHandler$Call.invokeMethod(RetryInvocationHandler.java:165)
	at org.apache.hadoop.io.retry.RetryInvocationHandler$Call.invoke(RetryInvocationHandler.java:157)
	at org.apache.hadoop.io.retry.RetryInvocationHandler$Call.invokeOnce(RetryInvocationHandler.java:95)
	at org.apache.hadoop.io.retry.RetryInvocationHandler.invoke(RetryInvocationHandler.java:359)
	at com.sun.proxy.$Proxy39.submitRequest(Unknown Source)
	at org.apache.hadoop.ozone.om.protocolPB.Hadoop3OmTransport.submitRequest(Hadoop3OmTransport.java:86)
	at org.apache.hadoop.ozone.om.protocolPB.OzoneManagerProtocolClientSideTranslatorPB.submitRequest(OzoneManagerProtocolClientSideTranslatorPB.java:209)
	at org.apache.hadoop.ozone.om.protocolPB.OzoneManagerProtocolClientSideTranslatorPB.createVolume(OzoneManagerProtocolClientSideTranslatorPB.java:229)
	at org.apache.hadoop.ozone.client.rpc.RpcClient.createVolume(RpcClient.java:315)
	at org.apache.hadoop.ozone.client.ObjectStore.createVolume(ObjectStore.java:106)
	at org.apache.hadoop.ozone.om.TestOzoneManagerHAWithData.createKeyTest(TestOzoneManagerHAWithData.java:365)
	at org.apache.hadoop.ozone.om.TestOzoneManagerHAWithData.testIncrementalWaitTimeWithSameNodeFailover(TestOzoneManagerHAWithData.java:303)
	at sun.reflect.NativeMethodAccessorImpl.invoke0(Native Method)
	at sun.reflect.NativeMethodAccessorImpl.invoke(NativeMethodAccessorImpl.java:62)
	at sun.reflect.DelegatingMethodAccessorImpl.invoke(DelegatingMethodAccessorImpl.java:43)
	at java.lang.reflect.Method.invoke(Method.java:498)
	at org.junit.runners.model.FrameworkMethod$1.runReflectiveCall(FrameworkMethod.java:47)
	at org.junit.internal.runners.model.ReflectiveCallable.run(ReflectiveCallable.java:12)
	at org.junit.runners.model.FrameworkMethod.invokeExplosively(FrameworkMethod.java:44)
	at org.junit.internal.runners.statements.InvokeMethod.evaluate(InvokeMethod.java:17)
	at org.junit.internal.runners.statements.RunBefores.evaluate(RunBefores.java:26)
	at org.junit.internal.runners.statements.RunAfters.evaluate(RunAfters.java:27)
	at org.junit.rules.ExpectedException$ExpectedExceptionStatement.evaluate(ExpectedException.java:168)
	at org.junit.internal.runners.statements.FailOnTimeout$StatementThread.run(FailOnTimeout.java:74)
</error>
    <system-out><![CDATA[2020-06-23 00:53:37,840 [Thread-2229] WARN  server.ServerUtils (ServerUtils.java:getScmDbDir(148)) - ozone.scm.db.dirs is not configured. We recommend adding this setting. Falling back to ozone.metadata.dirs instead.
2020-06-23 00:53:37,842 [Thread-2229] WARN  server.ServerUtils (ServerUtils.java:getScmDbDir(148)) - ozone.scm.db.dirs is not configured. We recommend adding this setting. Falling back to ozone.metadata.dirs instead.
2020-06-23 00:53:37,842 [Thread-2229] WARN  db.DBStoreBuilder (DBStoreBuilder.java:createDBStoreBuilder(277)) - ozone.scm.db.dirs is not configured. We recommend adding this setting. Falling back to ozone.metadata.dirs instead.
2020-06-23 00:53:37,871 [Thread-2229] INFO  net.NodeSchemaLoader (NodeSchemaLoader.java:loadSchemaFromFile(126)) - Loading file from sun.misc.CompoundEnumeration@3736dafa
2020-06-23 00:53:37,871 [Thread-2229] INFO  net.NodeSchemaLoader (NodeSchemaLoader.java:loadSchema(172)) - Loading network topology layer schema file
2020-06-23 00:53:37,877 [Thread-2229] WARN  server.ServerUtils (ServerUtils.java:sanitizeUserArgs(73)) - ozone.scm.stale.node.interval value = 300000 is larger than max = 100000 based on the key value of ozone.scm.heartbeat.thread.interval, reset to the max value 100000.
2020-06-23 00:53:37,877 [Thread-2229] WARN  server.ServerUtils (ServerUtils.java:sanitizeUserArgs(73)) - ozone.scm.stale.node.interval value = 300000 is larger than max = 100000 based on the key value of ozone.scm.heartbeat.thread.interval, reset to the max value 100000.
2020-06-23 00:53:37,877 [Thread-2229] INFO  node.SCMNodeManager (SCMNodeManager.java:<init>(116)) - Entering startup safe mode.
2020-06-23 00:53:37,878 [Thread-2229] INFO  algorithms.ContainerPlacementPolicyFactory (ContainerPlacementPolicyFactory.java:getPolicy(60)) - Create container placement policy of type org.apache.hadoop.hdds.scm.container.placement.algorithms.SCMContainerPlacementRandom
2020-06-23 00:53:37,879 [Thread-2229] INFO  pipeline.SCMPipelineManager (SCMPipelineManager.java:initializePipelineState(158)) - No pipeline exists in current db
2020-06-23 00:53:37,881 [Thread-2229] INFO  safemode.HealthyPipelineSafeModeRule (HealthyPipelineSafeModeRule.java:<init>(89)) - Total pipeline count is 0, healthy pipeline threshold count is 0
2020-06-23 00:53:37,881 [Thread-2229] INFO  safemode.OneReplicaPipelineSafeModeRule (OneReplicaPipelineSafeModeRule.java:<init>(79)) - Total pipeline count is 0, pipeline's with at least one datanode reported threshold count is 0
2020-06-23 00:53:37,882 [RatisPipelineUtilsThread] ERROR pipeline.SCMPipelineManager (SCMPipelineManager.java:createPipeline(222)) - Failed to create pipeline of type RATIS and factor ONE. Exception: Cannot create pipeline of factor 1 using 0 nodes. Used 0 nodes. Healthy nodes 0
2020-06-23 00:53:37,882 [Thread-2229] INFO  ipc.CallQueueManager (CallQueueManager.java:<init>(84)) - Using callQueue: class java.util.concurrent.LinkedBlockingQueue, queueCapacity: 2000, scheduler: class org.apache.hadoop.ipc.DefaultRpcScheduler, ipcBackoff: false.
2020-06-23 00:53:37,882 [Socket Reader #1 for port 0] INFO  ipc.Server (Server.java:run(1219)) - Starting Socket Reader #1 for port 0
2020-06-23 00:53:37,883 [Listener at 0.0.0.0/43151] INFO  ipc.CallQueueManager (CallQueueManager.java:<init>(84)) - Using callQueue: class java.util.concurrent.LinkedBlockingQueue, queueCapacity: 2000, scheduler: class org.apache.hadoop.ipc.DefaultRpcScheduler, ipcBackoff: false.
2020-06-23 00:53:37,885 [Listener at 0.0.0.0/35939] INFO  ipc.CallQueueManager (CallQueueManager.java:<init>(84)) - Using callQueue: class java.util.concurrent.LinkedBlockingQueue, queueCapacity: 2000, scheduler: class org.apache.hadoop.ipc.DefaultRpcScheduler, ipcBackoff: false.
2020-06-23 00:53:37,886 [Socket Reader #1 for port 0] INFO  ipc.Server (Server.java:run(1219)) - Starting Socket Reader #1 for port 0
2020-06-23 00:53:37,891 [Listener at 0.0.0.0/41219] INFO  http.BaseHttpServer (BaseHttpServer.java:newHttpServer2BuilderForOzone(205)) - Starting Web-server for scm at: http://0.0.0.0:0
2020-06-23 00:53:37,892 [Listener at 0.0.0.0/41219] INFO  http.BaseHttpServer (BaseHttpServer.java:<init>(106)) - Hadoop Security Enabled: false Ozone Security Enabled: false Ozone HTTP Security Enabled: false 
2020-06-23 00:53:37,893 [Listener at 0.0.0.0/41219] INFO  server.AuthenticationFilter (AuthenticationFilter.java:constructSecretProvider(240)) - Unable to initialize FileSignerSecretProvider, falling back to use random secrets.
2020-06-23 00:53:37,893 [Listener at 0.0.0.0/41219] WARN  http.HttpRequestLog (HttpRequestLog.java:getRequestLog(103)) - Jetty request log can only be enabled using Log4j
2020-06-23 00:53:37,894 [Listener at 0.0.0.0/41219] INFO  http.HttpServer2 (HttpServer2.java:addGlobalFilter(993)) - Added global filter 'safety' (class=org.apache.hadoop.hdds.server.http.HttpServer2$QuotingInputFilter)
2020-06-23 00:53:37,894 [Listener at 0.0.0.0/41219] INFO  http.HttpServer2 (HttpServer2.java:addFilter(969)) - Added filter authentication (class=org.apache.hadoop.security.authentication.server.AuthenticationFilter) to context scm
2020-06-23 00:53:37,894 [Listener at 0.0.0.0/41219] INFO  http.HttpServer2 (HttpServer2.java:addFilter(977)) - Added filter authentication (class=org.apache.hadoop.security.authentication.server.AuthenticationFilter) to context static
2020-06-23 00:53:37,894 [Listener at 0.0.0.0/41219] INFO  http.HttpServer2 (HttpServer2.java:addFilter(977)) - Added filter authentication (class=org.apache.hadoop.security.authentication.server.AuthenticationFilter) to context logs
2020-06-23 00:53:37,895 [Socket Reader #1 for port 0] INFO  ipc.Server (Server.java:run(1219)) - Starting Socket Reader #1 for port 0
2020-06-23 00:53:37,905 [Listener at 0.0.0.0/41219] INFO  server.StorageContainerManager (StorageContainerManager.java:start(782)) - StorageContainerLocationProtocol RPC server is listening at /0.0.0.0:41219
2020-06-23 00:53:37,906 [Listener at 0.0.0.0/41219] WARN  impl.MetricsConfig (MetricsConfig.java:loadFirst(134)) - Cannot locate configuration: tried hadoop-metrics2-storagecontainermanager.properties,hadoop-metrics2.properties
2020-06-23 00:53:37,907 [Listener at 0.0.0.0/41219] INFO  impl.MetricsSystemImpl (MetricsSystemImpl.java:startTimer(374)) - Scheduled Metric snapshot period at 10 second(s).
2020-06-23 00:53:37,907 [Listener at 0.0.0.0/41219] INFO  impl.MetricsSystemImpl (MetricsSystemImpl.java:start(191)) - StorageContainerManager metrics system started
2020-06-23 00:53:37,948 [Listener at 0.0.0.0/41219] WARN  impl.MetricsSystemImpl (MetricsSystemImpl.java:register(276)) - Sink prometheus already exists!
2020-06-23 00:53:37,951 [Listener at 0.0.0.0/41219] INFO  server.SCMClientProtocolServer (SCMClientProtocolServer.java:start(156)) - RPC server for Client  is listening at /0.0.0.0:41219
2020-06-23 00:53:37,955 [IPC Server Responder] INFO  ipc.Server (Server.java:run(1460)) - IPC Server Responder: starting
2020-06-23 00:53:37,955 [IPC Server listener on 0] INFO  ipc.Server (Server.java:run(1298)) - IPC Server listener on 0: starting
2020-06-23 00:53:37,960 [Listener at 0.0.0.0/41219] INFO  server.StorageContainerManager (StorageContainerManager.java:start(794)) - ScmBlockLocationProtocol RPC server is listening at /0.0.0.0:35939
2020-06-23 00:53:37,960 [Listener at 0.0.0.0/41219] INFO  server.SCMBlockProtocolServer (SCMBlockProtocolServer.java:start(149)) - RPC server for Block Protocol is listening at /0.0.0.0:35939
2020-06-23 00:53:37,960 [IPC Server Responder] INFO  ipc.Server (Server.java:run(1460)) - IPC Server Responder: starting
2020-06-23 00:53:37,961 [IPC Server listener on 0] INFO  ipc.Server (Server.java:run(1298)) - IPC Server listener on 0: starting
2020-06-23 00:53:37,964 [Listener at 0.0.0.0/41219] INFO  server.StorageContainerManager (StorageContainerManager.java:start(800)) - ScmDatanodeProtocl RPC server is listening at /0.0.0.0:43151
2020-06-23 00:53:37,964 [Listener at 0.0.0.0/41219] INFO  server.SCMDatanodeProtocolServer (SCMDatanodeProtocolServer.java:start(172)) - RPC server for DataNodes is listening at /0.0.0.0:43151
2020-06-23 00:53:37,964 [IPC Server Responder] INFO  ipc.Server (Server.java:run(1460)) - IPC Server Responder: starting
2020-06-23 00:53:37,972 [IPC Server listener on 0] INFO  ipc.Server (Server.java:run(1298)) - IPC Server listener on 0: starting
2020-06-23 00:53:37,986 [Listener at 0.0.0.0/41219] INFO  http.HttpServer2 (HttpServer2.java:bindListener(1211)) - Jetty bound to port 35625
2020-06-23 00:53:37,986 [Listener at 0.0.0.0/41219] INFO  server.Server (Server.java:doStart(359)) - jetty-9.4.26.v20200117; built: 2020-01-17T12:35:33.676Z; git: 7b38981d25d14afb4a12ff1f2596756144edf695; jvm 1.8.0_232-b09
2020-06-23 00:53:37,988 [Listener at 0.0.0.0/41219] INFO  server.session (DefaultSessionIdManager.java:doStart(333)) - DefaultSessionIdManager workerName=node0
2020-06-23 00:53:37,988 [Listener at 0.0.0.0/41219] INFO  server.session (DefaultSessionIdManager.java:doStart(338)) - No SessionScavenger set, using defaults
2020-06-23 00:53:37,988 [Listener at 0.0.0.0/41219] INFO  server.session (HouseKeeper.java:startScavenging(140)) - node0 Scavenging every 660000ms
2020-06-23 00:53:37,988 [Listener at 0.0.0.0/41219] INFO  server.AuthenticationFilter (AuthenticationFilter.java:constructSecretProvider(240)) - Unable to initialize FileSignerSecretProvider, falling back to use random secrets.
2020-06-23 00:53:37,993 [Listener at 0.0.0.0/41219] INFO  handler.ContextHandler (ContextHandler.java:doStart(825)) - Started o.e.j.s.ServletContextHandler@11bf9a20{logs,/logs,file:///github/workspace/mnt/ozone/hadoop-ozone/integration-test/target/log,AVAILABLE}
2020-06-23 00:53:37,994 [Listener at 0.0.0.0/41219] INFO  handler.ContextHandler (ContextHandler.java:doStart(825)) - Started o.e.j.s.ServletContextHandler@35631755{static,/static,file:///github/workspace/mnt/ozone/hadoop-ozone/integration-test/target/test-classes/webapps/static,AVAILABLE}
2020-06-23 00:53:37,996 [Listener at 0.0.0.0/41219] INFO  handler.ContextHandler (ContextHandler.java:doStart(825)) - Started o.e.j.w.WebAppContext@3f7e5d35{scm,/,file:///github/workspace/mnt/ozone/hadoop-ozone/integration-test/target/test-classes/webapps/scm/,AVAILABLE}{file:/github/workspace/mnt/ozone/hadoop-ozone/integration-test/target/test-classes/webapps/scm}
2020-06-23 00:53:37,998 [Listener at 0.0.0.0/41219] INFO  server.AbstractConnector (AbstractConnector.java:doStart(330)) - Started ServerConnector@166d7717{HTTP/1.1,[http/1.1]}{0.0.0.0:35625}
2020-06-23 00:53:37,998 [Listener at 0.0.0.0/41219] INFO  server.Server (Server.java:doStart(399)) - Started @130029ms
2020-06-23 00:53:37,998 [Listener at 0.0.0.0/41219] WARN  impl.MetricsSystemImpl (MetricsSystemImpl.java:register(276)) - Sink prometheus already exists!
2020-06-23 00:53:38,001 [Listener at 0.0.0.0/41219] INFO  http.BaseHttpServer (BaseHttpServer.java:updateConnectorAddress(325)) - HTTP server of scm listening at http://0.0.0.0:35625
2020-06-23 00:53:38,002 [Listener at 0.0.0.0/41219] WARN  server.ServerUtils (ServerUtils.java:getDBPath(225)) - ozone.om.db.dirs is not configured. We recommend adding this setting. Falling back to ozone.metadata.dirs instead.
2020-06-23 00:53:38,010 [Listener at 0.0.0.0/41219] INFO  ha.OMHANodeDetails (OMHANodeDetails.java:loadOMHAConfig(110)) - ServiceID for OzoneManager is om-service-test1
2020-06-23 00:53:38,010 [Listener at 0.0.0.0/41219] INFO  ha.OMHANodeDetails (OMHANodeDetails.java:loadOMHAConfig(188)) - Found matching OM address with OMServiceId: om-service-test1, OMNodeId: omNode-1, RPC Address: localhost:10488 and Ratis port: 10492
2020-06-23 00:53:38,010 [Listener at 0.0.0.0/41219] INFO  ha.OMHANodeDetails (OMHANodeDetails.java:setOMNodeSpecificConfigs(314)) - Setting configuration key ozone.om.http-address with value of key ozone.om.http-address.omNode-1: 127.0.0.1:10490
2020-06-23 00:53:38,010 [Listener at 0.0.0.0/41219] INFO  ha.OMHANodeDetails (OMHANodeDetails.java:setOMNodeSpecificConfigs(314)) - Setting configuration key ozone.om.https-address with value of key ozone.om.https-address.omNode-1: 127.0.0.1:10491
2020-06-23 00:53:38,010 [Listener at 0.0.0.0/41219] INFO  ha.OMHANodeDetails (OMHANodeDetails.java:setOMNodeSpecificConfigs(314)) - Setting configuration key ozone.om.address with value of key ozone.om.address.omNode-1: 127.0.0.1:10488
2020-06-23 00:53:38,011 [Listener at 0.0.0.0/41219] WARN  server.ServerUtils (ServerUtils.java:getDBPath(225)) - ozone.om.db.dirs is not configured. We recommend adding this setting. Falling back to ozone.metadata.dirs instead.
2020-06-23 00:53:38,011 [Listener at 0.0.0.0/41219] WARN  server.ServerUtils (ServerUtils.java:getDBPath(225)) - ozone.om.db.dirs is not configured. We recommend adding this setting. Falling back to ozone.metadata.dirs instead.
2020-06-23 00:53:38,013 [org.apache.hadoop.util.JvmPauseMonitor$Monitor@3e997c13] INFO  util.JvmPauseMonitor (JvmPauseMonitor.java:run(188)) - Starting JVM pause monitor
2020-06-23 00:53:38,021 [Listener at 0.0.0.0/41219] WARN  server.ServerUtils (ServerUtils.java:getDBPath(225)) - ozone.om.db.dirs is not configured. We recommend adding this setting. Falling back to ozone.metadata.dirs instead.
2020-06-23 00:53:38,077 [Listener at 0.0.0.0/41219] WARN  server.ServerUtils (ServerUtils.java:getDefaultRatisDirectory(237)) - Storage directory for Ratis is not configured. It is a good idea to map this to an SSD disk. Falling back to ozone.metadata.dirs
2020-06-23 00:53:38,078 [Listener at 0.0.0.0/41219] INFO  ratis.OzoneManagerRatisServer (OzoneManagerRatisServer.java:<init>(268)) - Instantiating OM Ratis server with GroupID: om-service-test1 and Raft Peers: localhost:10492, localhost:10498, localhost:10504
2020-06-23 00:53:38,078 [Listener at 0.0.0.0/41219] INFO  ratis.OzoneManagerStateMachine (OzoneManagerStateMachine.java:loadSnapshotInfoFromDB(539)) - LastAppliedIndex is set from TransactionInfo from OM DB as (t:0, i:~)
2020-06-23 00:53:38,079 [Listener at 0.0.0.0/41219] INFO  impl.RaftServerProxy (ConfUtils.java:logGet(44)) - raft.rpc.type = GRPC (default)
2020-06-23 00:53:38,079 [Listener at 0.0.0.0/41219] INFO  grpc.GrpcFactory (GrpcFactory.java:checkPooledByteBufAllocatorUseCacheForAllThreads(45)) - PERFORMANCE WARNING: useCacheForAllThreads is true that may cause Netty to create a lot garbage objects and, as a result, trigger GC.
	It is recommended to disable useCacheForAllThreads by setting -Dorg.apache.ratis.thirdparty.io.netty.allocator.useCacheForAllThreads=false in command line.
2020-06-23 00:53:38,079 [Listener at 0.0.0.0/41219] INFO  grpc.GrpcConfigKeys (ConfUtils.java:logGet(44)) - raft.grpc.server.port = 10492 (custom)
2020-06-23 00:53:38,079 [Listener at 0.0.0.0/41219] INFO  server.GrpcService (ConfUtils.java:logGet(44)) - raft.grpc.message.size.max = 33554432 (custom)
2020-06-23 00:53:38,079 [Listener at 0.0.0.0/41219] INFO  server.RaftServerConfigKeys (ConfUtils.java:logGet(44)) - raft.server.log.appender.buffer.byte-limit = 33554432 (custom)
2020-06-23 00:53:38,079 [Listener at 0.0.0.0/41219] INFO  server.GrpcService (ConfUtils.java:logGet(44)) - raft.grpc.flow.control.window = 1MB (=1048576) (default)
2020-06-23 00:53:38,079 [Listener at 0.0.0.0/41219] INFO  server.RaftServerConfigKeys (ConfUtils.java:logGet(44)) - raft.server.rpc.request.timeout = 3000ms (default)
2020-06-23 00:53:38,080 [Listener at 0.0.0.0/41219] INFO  server.RaftServerConfigKeys (ConfUtils.java:logGet(44)) - raft.server.storage.dir = [/github/workspace/mnt/ozone/hadoop-ozone/integration-test/target/test-dir/MiniOzoneClusterImpl-f92917fd-56ab-4efb-8d16-f1477a8498e7/omNode-1/ratis] (custom)
2020-06-23 00:53:38,081 [Listener at 0.0.0.0/41219] INFO  impl.RaftServerProxy (RaftServerProxy.java:addNew(89)) - omNode-1: addNew group-523986131536:[omNode-3:localhost:10504, omNode-1:localhost:10492, omNode-2:localhost:10498] returns group-523986131536:java.util.concurrent.CompletableFuture@5df8ec76[Not completed]
2020-06-23 00:53:38,081 [pool-599-thread-1] INFO  impl.RaftServerImpl (RaftServerImpl.java:<init>(99)) - omNode-1: new RaftServerImpl for group-523986131536:[omNode-3:localhost:10504, omNode-1:localhost:10492, omNode-2:localhost:10498] with OzoneManagerStateMachine:uninitialized
2020-06-23 00:53:38,081 [pool-599-thread-1] INFO  server.RaftServerConfigKeys (ConfUtils.java:logGet(44)) - raft.server.rpc.timeout.min = 1s (custom)
2020-06-23 00:53:38,081 [pool-599-thread-1] INFO  server.RaftServerConfigKeys (ConfUtils.java:logGet(44)) - raft.server.rpc.timeout.max = 1200ms (custom)
2020-06-23 00:53:38,081 [pool-599-thread-1] INFO  server.RaftServerConfigKeys (ConfUtils.java:logGet(44)) - raft.server.rpcslowness.timeout = 2s (custom)
2020-06-23 00:53:38,081 [pool-599-thread-1] INFO  server.RaftServerConfigKeys (ConfUtils.java:logGet(44)) - raft.server.sleep.deviation.threshold = 300 (default)
2020-06-23 00:53:38,081 [pool-599-thread-1] INFO  server.RaftServerConfigKeys (ConfUtils.java:logGet(44)) - raft.server.log.appender.install.snapshot.enabled = false (custom)
2020-06-23 00:53:38,081 [pool-599-thread-1] INFO  impl.RaftServerImpl (ServerState.java:<init>(103)) - omNode-1@group-523986131536: ConfigurationManager, init=-1: [omNode-3:localhost:10504, omNode-1:localhost:10492, omNode-2:localhost:10498], old=null, confs=<EMPTY_MAP>
2020-06-23 00:53:38,082 [pool-599-thread-1] INFO  server.RaftServerConfigKeys (ConfUtils.java:logGet(44)) - raft.server.storage.dir = [/github/workspace/mnt/ozone/hadoop-ozone/integration-test/target/test-dir/MiniOzoneClusterImpl-f92917fd-56ab-4efb-8d16-f1477a8498e7/omNode-1/ratis] (custom)
2020-06-23 00:53:38,082 [pool-599-thread-1] INFO  server.RaftServerConfigKeys (ConfUtils.java:logGet(44)) - raft.server.log.corruption.policy = EXCEPTION (default)
2020-06-23 00:53:38,082 [pool-599-thread-1] INFO  storage.RaftStorageDirectory (RaftStorageDirectory.java:analyzeStorage(261)) - The storage directory /github/workspace/mnt/ozone/hadoop-ozone/integration-test/target/test-dir/MiniOzoneClusterImpl-f92917fd-56ab-4efb-8d16-f1477a8498e7/omNode-1/ratis/c9bc4cf4-3bc3-3c60-a66b-523986131536 does not exist. Creating ...
2020-06-23 00:53:38,082 [Listener at 0.0.0.0/41219] INFO  om.OzoneManager (OzoneManager.java:initializeRatisServer(1226)) - OzoneManager Ratis server initialized at port 10492
2020-06-23 00:53:38,082 [Listener at 0.0.0.0/41219] WARN  server.ServerUtils (ServerUtils.java:getDefaultRatisDirectory(237)) - Storage directory for Ratis is not configured. It is a good idea to map this to an SSD disk. Falling back to ozone.metadata.dirs
2020-06-23 00:53:38,083 [Listener at 0.0.0.0/41219] WARN  server.ServerUtils (ServerUtils.java:getDefaultRatisDirectory(237)) - Storage directory for Ratis is not configured. It is a good idea to map this to an SSD disk. Falling back to ozone.metadata.dirs
2020-06-23 00:53:38,083 [Listener at 0.0.0.0/41219] INFO  snapshot.OzoneManagerSnapshotProvider (OzoneManagerSnapshotProvider.java:<init>(77)) - Initializing OM Snapshot Provider
2020-06-23 00:53:38,083 [pool-599-thread-1] INFO  storage.RaftStorageDirectory (RaftStorageDirectory.java:tryLock(343)) - Lock on /github/workspace/mnt/ozone/hadoop-ozone/integration-test/target/test-dir/MiniOzoneClusterImpl-f92917fd-56ab-4efb-8d16-f1477a8498e7/omNode-1/ratis/c9bc4cf4-3bc3-3c60-a66b-523986131536/in_use.lock acquired by nodename 28562@9d1457b60c89
2020-06-23 00:53:38,084 [pool-599-thread-1] INFO  storage.RaftStorage (RaftStorage.java:format(84)) - Storage directory /github/workspace/mnt/ozone/hadoop-ozone/integration-test/target/test-dir/MiniOzoneClusterImpl-f92917fd-56ab-4efb-8d16-f1477a8498e7/omNode-1/ratis/c9bc4cf4-3bc3-3c60-a66b-523986131536 has been successfully formatted.
2020-06-23 00:53:38,084 [pool-599-thread-1] INFO  ratis.OzoneManagerStateMachine (OzoneManagerStateMachine.java:getLatestSnapshot(147)) - Latest Snapshot Info 0#-1
2020-06-23 00:53:38,084 [pool-599-thread-1] INFO  server.RaftServerConfigKeys (ConfUtils.java:logGet(44)) - raft.server.notification.no-leader.timeout = 2s (custom)
2020-06-23 00:53:38,084 [pool-599-thread-1] INFO  server.RaftServerConfigKeys (ConfUtils.java:logGet(44)) - raft.server.log.use.memory = false (default)
2020-06-23 00:53:38,084 [pool-599-thread-1] INFO  server.RaftServerConfigKeys (ConfUtils.java:logGet(44)) - raft.server.log.purge.gap = 50 (custom)
2020-06-23 00:53:38,084 [pool-599-thread-1] INFO  server.RaftServerConfigKeys (ConfUtils.java:logGet(44)) - raft.server.log.appender.buffer.byte-limit = 33554432 (custom)
2020-06-23 00:53:38,084 [pool-599-thread-1] INFO  server.RaftServerConfigKeys (ConfUtils.java:logGet(44)) - raft.server.log.segment.size.max = 16384 (custom)
2020-06-23 00:53:38,084 [pool-599-thread-1] INFO  metrics.RatisMetrics (RatisMetrics.java:lambda$create$0(36)) - Creating Metrics Registry : ratis.log_worker.omNode-1@group-523986131536
2020-06-23 00:53:38,085 [pool-599-thread-1] INFO  server.RaftServerConfigKeys (ConfUtils.java:logGet(44)) - raft.server.log.segment.cache.num.max = 2 (custom)
2020-06-23 00:53:38,085 [pool-599-thread-1] INFO  segmented.SegmentedRaftLogWorker (SegmentedRaftLogWorker.java:<init>(180)) - new omNode-1@group-523986131536-SegmentedRaftLogWorker for RaftStorage:Storage Directory /github/workspace/mnt/ozone/hadoop-ozone/integration-test/target/test-dir/MiniOzoneClusterImpl-f92917fd-56ab-4efb-8d16-f1477a8498e7/omNode-1/ratis/c9bc4cf4-3bc3-3c60-a66b-523986131536
2020-06-23 00:53:38,086 [pool-599-thread-1] INFO  server.RaftServerConfigKeys (ConfUtils.java:logGet(44)) - raft.server.log.queue.byte-limit = 64MB (=67108864) (default)
2020-06-23 00:53:38,086 [pool-599-thread-1] INFO  server.RaftServerConfigKeys (ConfUtils.java:logGet(44)) - raft.server.log.queue.element-limit = 4096 (default)
2020-06-23 00:53:38,086 [pool-599-thread-1] INFO  server.RaftServerConfigKeys (ConfUtils.java:logGet(44)) - raft.server.log.segment.size.max = 16384 (custom)
2020-06-23 00:53:38,086 [pool-599-thread-1] INFO  server.RaftServerConfigKeys (ConfUtils.java:logGet(44)) - raft.server.log.preallocated.size = 16384 (custom)
2020-06-23 00:53:38,086 [pool-599-thread-1] INFO  server.RaftServerConfigKeys (ConfUtils.java:logGet(44)) - raft.server.log.write.buffer.size = 64KB (=65536) (default)
2020-06-23 00:53:38,086 [pool-599-thread-1] INFO  server.RaftServerConfigKeys (ConfUtils.java:logGet(44)) - raft.server.log.force.sync.num = 128 (default)
2020-06-23 00:53:38,086 [pool-599-thread-1] INFO  server.RaftServerConfigKeys (ConfUtils.java:logGet(44)) - raft.server.log.statemachine.data.sync = true (default)
2020-06-23 00:53:38,086 [pool-599-thread-1] INFO  server.RaftServerConfigKeys (ConfUtils.java:logGet(44)) - raft.server.log.statemachine.data.sync.timeout = 10s (default)
2020-06-23 00:53:38,086 [pool-599-thread-1] INFO  server.RaftServerConfigKeys (ConfUtils.java:logGet(44)) - raft.server.log.statemachine.data.sync.timeout.retry = -1 (default)
2020-06-23 00:53:38,085 [Listener at 0.0.0.0/41219] INFO  ipc.CallQueueManager (CallQueueManager.java:<init>(84)) - Using callQueue: class java.util.concurrent.LinkedBlockingQueue, queueCapacity: 2000, scheduler: class org.apache.hadoop.ipc.DefaultRpcScheduler, ipcBackoff: false.
2020-06-23 00:53:38,087 [Socket Reader #1 for port 10488] INFO  ipc.Server (Server.java:run(1219)) - Starting Socket Reader #1 for port 10488
2020-06-23 00:53:38,088 [pool-599-thread-1] INFO  server.RaftServerConfigKeys (ConfUtils.java:logGet(44)) - raft.server.log.statemachine.data.caching.enabled = false (default)
2020-06-23 00:53:38,088 [pool-599-thread-1] INFO  segmented.SegmentedRaftLogWorker (SegmentedRaftLogWorker.java:lambda$new$0(129)) - omNode-1@group-523986131536-SegmentedRaftLogWorker: flushIndex: setUnconditionally 0 -> -1
2020-06-23 00:53:38,088 [pool-599-thread-1] INFO  segmented.SegmentedRaftLogWorker (SegmentedRaftLogWorker.java:lambda$new$0(129)) - omNode-1@group-523986131536-SegmentedRaftLogWorker: safeCacheEvictIndex: setUnconditionally 0 -> -1
2020-06-23 00:53:38,088 [pool-599-thread-1] INFO  server.RaftServerConfigKeys (ConfUtils.java:logGet(44)) - raft.server.snapshot.auto.trigger.enabled = true (custom)
2020-06-23 00:53:38,088 [pool-599-thread-1] INFO  server.RaftServerConfigKeys (ConfUtils.java:logGet(44)) - raft.server.snapshot.auto.trigger.threshold = 50 (custom)
2020-06-23 00:53:38,088 [pool-599-thread-1] INFO  server.RaftServerConfigKeys (ConfUtils.java:logGet(44)) - raft.server.snapshot.retention.file.num = -1 (default)
2020-06-23 00:53:38,088 [pool-599-thread-1] INFO  server.RaftServerConfigKeys (ConfUtils.java:logGet(44)) - raft.server.log.purge.upto.snapshot.index = false (default)
2020-06-23 00:53:38,088 [pool-599-thread-1] INFO  server.RaftServerConfigKeys (ConfUtils.java:logGet(44)) - raft.server.retrycache.expirytime = 600000ms (custom)
2020-06-23 00:53:38,088 [pool-599-thread-1] INFO  metrics.RatisMetrics (RatisMetrics.java:lambda$create$0(36)) - Creating Metrics Registry : ratis.leader_election.omNode-1@group-523986131536
2020-06-23 00:53:38,090 [pool-599-thread-1] INFO  metrics.RatisMetrics (RatisMetrics.java:lambda$create$0(36)) - Creating Metrics Registry : ratis.server.omNode-1@group-523986131536
2020-06-23 00:53:38,103 [Listener at 127.0.0.1/10488] INFO  impl.MetricsSystemImpl (MetricsSystemImpl.java:init(158)) - OzoneManager metrics system started (again)
2020-06-23 00:53:38,104 [Listener at 127.0.0.1/10488] INFO  om.OzoneManager (OzoneManager.java:start(1085)) - OzoneManager RPC server is listening at localhost/127.0.0.1:10488
2020-06-23 00:53:38,104 [Listener at 127.0.0.1/10488] INFO  ratis.OzoneManagerRatisServer (OzoneManagerRatisServer.java:start(365)) - Starting OzoneManagerRatisServer omNode-1 at port 10492
2020-06-23 00:53:38,105 [Listener at 127.0.0.1/10488] INFO  impl.RaftServerImpl (RaftServerImpl.java:start(186)) - omNode-1@group-523986131536: start as a follower, conf=-1: [omNode-3:localhost:10504, omNode-1:localhost:10492, omNode-2:localhost:10498], old=null
2020-06-23 00:53:38,105 [Listener at 127.0.0.1/10488] INFO  impl.RaftServerImpl (RaftServerImpl.java:setRole(175)) - omNode-1@group-523986131536: changes role from      null to FOLLOWER at term 0 for startAsFollower
2020-06-23 00:53:38,105 [Listener at 127.0.0.1/10488] INFO  impl.RoleInfo (RoleInfo.java:updateAndGet(143)) - omNode-1: start FollowerState
2020-06-23 00:53:38,106 [Listener at 127.0.0.1/10488] INFO  util.JmxRegister (JmxRegister.java:tryRegister(44)) - Successfully registered JMX Bean with object name Ratis:service=RaftServer,group=group-523986131536,id=omNode-1
2020-06-23 00:53:38,106 [Listener at 127.0.0.1/10488] INFO  metrics.RatisMetrics (RatisMetrics.java:lambda$create$0(36)) - Creating Metrics Registry : ratis.state_machine.omNode-1@group-523986131536
2020-06-23 00:53:38,108 [Listener at 127.0.0.1/10488] INFO  impl.RaftServerProxy (RaftServerProxy.java:lambda$start$3(304)) - omNode-1: start RPC server
2020-06-23 00:53:38,108 [Listener at 127.0.0.1/10488] INFO  server.GrpcService (GrpcService.java:startImpl(160)) - omNode-1: GrpcService started, listening on 0.0.0.0/0.0.0.0:10492
2020-06-23 00:53:38,110 [IPC Server Responder] INFO  ipc.Server (Server.java:run(1460)) - IPC Server Responder: starting
2020-06-23 00:53:38,114 [IPC Server listener on 10488] INFO  ipc.Server (Server.java:run(1298)) - IPC Server listener on 10488: starting
2020-06-23 00:53:38,128 [Listener at 127.0.0.1/10488] INFO  http.BaseHttpServer (BaseHttpServer.java:newHttpServer2BuilderForOzone(205)) - Starting Web-server for ozoneManager at: http://0.0.0.0:10490
2020-06-23 00:53:38,128 [Listener at 127.0.0.1/10488] INFO  http.BaseHttpServer (BaseHttpServer.java:<init>(106)) - Hadoop Security Enabled: false Ozone Security Enabled: false Ozone HTTP Security Enabled: false 
2020-06-23 00:53:38,129 [Listener at 127.0.0.1/10488] INFO  server.AuthenticationFilter (AuthenticationFilter.java:constructSecretProvider(240)) - Unable to initialize FileSignerSecretProvider, falling back to use random secrets.
2020-06-23 00:53:38,130 [Listener at 127.0.0.1/10488] WARN  http.HttpRequestLog (HttpRequestLog.java:getRequestLog(103)) - Jetty request log can only be enabled using Log4j
2020-06-23 00:53:38,131 [Listener at 127.0.0.1/10488] INFO  http.HttpServer2 (HttpServer2.java:addGlobalFilter(993)) - Added global filter 'safety' (class=org.apache.hadoop.hdds.server.http.HttpServer2$QuotingInputFilter)
2020-06-23 00:53:38,131 [Listener at 127.0.0.1/10488] INFO  http.HttpServer2 (HttpServer2.java:addFilter(969)) - Added filter authentication (class=org.apache.hadoop.security.authentication.server.AuthenticationFilter) to context ozoneManager
2020-06-23 00:53:38,131 [Listener at 127.0.0.1/10488] INFO  http.HttpServer2 (HttpServer2.java:addFilter(977)) - Added filter authentication (class=org.apache.hadoop.security.authentication.server.AuthenticationFilter) to context static
2020-06-23 00:53:38,131 [Listener at 127.0.0.1/10488] INFO  http.HttpServer2 (HttpServer2.java:addFilter(977)) - Added filter authentication (class=org.apache.hadoop.security.authentication.server.AuthenticationFilter) to context logs
2020-06-23 00:53:38,132 [Listener at 127.0.0.1/10488] INFO  http.HttpServer2 (HttpServer2.java:bindListener(1211)) - Jetty bound to port 10490
2020-06-23 00:53:38,132 [Listener at 127.0.0.1/10488] INFO  server.Server (Server.java:doStart(359)) - jetty-9.4.26.v20200117; built: 2020-01-17T12:35:33.676Z; git: 7b38981d25d14afb4a12ff1f2596756144edf695; jvm 1.8.0_232-b09
2020-06-23 00:53:38,134 [Listener at 127.0.0.1/10488] INFO  server.session (DefaultSessionIdManager.java:doStart(333)) - DefaultSessionIdManager workerName=node0
2020-06-23 00:53:38,135 [Listener at 127.0.0.1/10488] INFO  server.session (DefaultSessionIdManager.java:doStart(338)) - No SessionScavenger set, using defaults
2020-06-23 00:53:38,135 [Listener at 127.0.0.1/10488] INFO  server.session (HouseKeeper.java:startScavenging(140)) - node0 Scavenging every 600000ms
2020-06-23 00:53:38,136 [Listener at 127.0.0.1/10488] INFO  server.AuthenticationFilter (AuthenticationFilter.java:constructSecretProvider(240)) - Unable to initialize FileSignerSecretProvider, falling back to use random secrets.
2020-06-23 00:53:38,136 [Listener at 127.0.0.1/10488] INFO  handler.ContextHandler (ContextHandler.java:doStart(825)) - Started o.e.j.s.ServletContextHandler@78fe3d32{logs,/logs,file:///github/workspace/mnt/ozone/hadoop-ozone/integration-test/target/log,AVAILABLE}
2020-06-23 00:53:38,136 [Listener at 127.0.0.1/10488] INFO  handler.ContextHandler (ContextHandler.java:doStart(825)) - Started o.e.j.s.ServletContextHandler@57d0745{static,/static,file:///github/workspace/mnt/ozone/hadoop-ozone/integration-test/target/test-classes/webapps/static,AVAILABLE}
2020-06-23 00:53:38,140 [Listener at 127.0.0.1/10488] INFO  handler.ContextHandler (ContextHandler.java:doStart(825)) - Started o.e.j.w.WebAppContext@ded5fbf{ozoneManager,/,file:///github/workspace/mnt/ozone/hadoop-ozone/integration-test/target/test-classes/webapps/ozoneManager/,AVAILABLE}{file:/github/workspace/mnt/ozone/hadoop-ozone/integration-test/target/test-classes/webapps/ozoneManager}
2020-06-23 00:53:38,141 [Listener at 127.0.0.1/10488] INFO  server.AbstractConnector (AbstractConnector.java:doStart(330)) - Started ServerConnector@484463b{HTTP/1.1,[http/1.1]}{0.0.0.0:10490}
2020-06-23 00:53:38,141 [Listener at 127.0.0.1/10488] INFO  server.Server (Server.java:doStart(399)) - Started @130171ms
2020-06-23 00:53:38,141 [Listener at 127.0.0.1/10488] WARN  impl.MetricsSystemImpl (MetricsSystemImpl.java:register(276)) - Sink prometheus already exists!
2020-06-23 00:53:38,144 [Listener at 127.0.0.1/10488] INFO  http.BaseHttpServer (BaseHttpServer.java:updateConnectorAddress(325)) - HTTP server of ozoneManager listening at http://0.0.0.0:10490
2020-06-23 00:53:38,145 [Listener at 127.0.0.1/10488] INFO  ozone.MiniOzoneHAClusterImpl (MiniOzoneHAClusterImpl.java:createOMService(380)) - Started OzoneManager RPC server at localhost/127.0.0.1:10488
2020-06-23 00:53:38,145 [org.apache.hadoop.util.JvmPauseMonitor$Monitor@70da1e9e] INFO  util.JvmPauseMonitor (JvmPauseMonitor.java:run(188)) - Starting JVM pause monitor
2020-06-23 00:53:38,145 [Listener at 127.0.0.1/10488] WARN  server.ServerUtils (ServerUtils.java:getDBPath(225)) - ozone.om.db.dirs is not configured. We recommend adding this setting. Falling back to ozone.metadata.dirs instead.
2020-06-23 00:53:38,147 [Listener at 127.0.0.1/10488] INFO  ha.OMHANodeDetails (OMHANodeDetails.java:loadOMHAConfig(110)) - ServiceID for OzoneManager is om-service-test1
2020-06-23 00:53:38,147 [Listener at 127.0.0.1/10488] INFO  ha.OMHANodeDetails (OMHANodeDetails.java:loadOMHAConfig(188)) - Found matching OM address with OMServiceId: om-service-test1, OMNodeId: omNode-2, RPC Address: localhost:10494 and Ratis port: 10498
2020-06-23 00:53:38,147 [Listener at 127.0.0.1/10488] INFO  ha.OMHANodeDetails (OMHANodeDetails.java:setOMNodeSpecificConfigs(314)) - Setting configuration key ozone.om.http-address with value of key ozone.om.http-address.omNode-2: 127.0.0.1:10496
2020-06-23 00:53:38,147 [Listener at 127.0.0.1/10488] INFO  ha.OMHANodeDetails (OMHANodeDetails.java:setOMNodeSpecificConfigs(314)) - Setting configuration key ozone.om.https-address with value of key ozone.om.https-address.omNode-2: 127.0.0.1:10497
2020-06-23 00:53:38,147 [Listener at 127.0.0.1/10488] INFO  ha.OMHANodeDetails (OMHANodeDetails.java:setOMNodeSpecificConfigs(314)) - Setting configuration key ozone.om.address with value of key ozone.om.address.omNode-2: 127.0.0.1:10494
2020-06-23 00:53:38,147 [Listener at 127.0.0.1/10488] WARN  server.ServerUtils (ServerUtils.java:getDBPath(225)) - ozone.om.db.dirs is not configured. We recommend adding this setting. Falling back to ozone.metadata.dirs instead.
2020-06-23 00:53:38,147 [Listener at 127.0.0.1/10488] WARN  server.ServerUtils (ServerUtils.java:getDBPath(225)) - ozone.om.db.dirs is not configured. We recommend adding this setting. Falling back to ozone.metadata.dirs instead.
2020-06-23 00:53:38,153 [Listener at 127.0.0.1/10488] WARN  server.ServerUtils (ServerUtils.java:getDBPath(225)) - ozone.om.db.dirs is not configured. We recommend adding this setting. Falling back to ozone.metadata.dirs instead.
2020-06-23 00:53:38,203 [Listener at 127.0.0.1/10488] WARN  server.ServerUtils (ServerUtils.java:getDefaultRatisDirectory(237)) - Storage directory for Ratis is not configured. It is a good idea to map this to an SSD disk. Falling back to ozone.metadata.dirs
2020-06-23 00:53:38,204 [Listener at 127.0.0.1/10488] INFO  ratis.OzoneManagerRatisServer (OzoneManagerRatisServer.java:<init>(268)) - Instantiating OM Ratis server with GroupID: om-service-test1 and Raft Peers: localhost:10498, localhost:10492, localhost:10504
2020-06-23 00:53:38,204 [Listener at 127.0.0.1/10488] INFO  ratis.OzoneManagerStateMachine (OzoneManagerStateMachine.java:loadSnapshotInfoFromDB(539)) - LastAppliedIndex is set from TransactionInfo from OM DB as (t:0, i:~)
2020-06-23 00:53:38,204 [Listener at 127.0.0.1/10488] INFO  impl.RaftServerProxy (ConfUtils.java:logGet(44)) - raft.rpc.type = GRPC (default)
2020-06-23 00:53:38,204 [Listener at 127.0.0.1/10488] INFO  grpc.GrpcFactory (GrpcFactory.java:checkPooledByteBufAllocatorUseCacheForAllThreads(45)) - PERFORMANCE WARNING: useCacheForAllThreads is true that may cause Netty to create a lot garbage objects and, as a result, trigger GC.
	It is recommended to disable useCacheForAllThreads by setting -Dorg.apache.ratis.thirdparty.io.netty.allocator.useCacheForAllThreads=false in command line.
2020-06-23 00:53:38,205 [Listener at 127.0.0.1/10488] INFO  grpc.GrpcConfigKeys (ConfUtils.java:logGet(44)) - raft.grpc.server.port = 10498 (custom)
2020-06-23 00:53:38,205 [Listener at 127.0.0.1/10488] INFO  server.GrpcService (ConfUtils.java:logGet(44)) - raft.grpc.message.size.max = 33554432 (custom)
2020-06-23 00:53:38,205 [Listener at 127.0.0.1/10488] INFO  server.RaftServerConfigKeys (ConfUtils.java:logGet(44)) - raft.server.log.appender.buffer.byte-limit = 33554432 (custom)
2020-06-23 00:53:38,205 [Listener at 127.0.0.1/10488] INFO  server.GrpcService (ConfUtils.java:logGet(44)) - raft.grpc.flow.control.window = 1MB (=1048576) (default)
2020-06-23 00:53:38,205 [Listener at 127.0.0.1/10488] INFO  server.RaftServerConfigKeys (ConfUtils.java:logGet(44)) - raft.server.rpc.request.timeout = 3000ms (default)
2020-06-23 00:53:38,206 [Listener at 127.0.0.1/10488] INFO  server.RaftServerConfigKeys (ConfUtils.java:logGet(44)) - raft.server.storage.dir = [/github/workspace/mnt/ozone/hadoop-ozone/integration-test/target/test-dir/MiniOzoneClusterImpl-f92917fd-56ab-4efb-8d16-f1477a8498e7/omNode-2/ratis] (custom)
2020-06-23 00:53:38,206 [Listener at 127.0.0.1/10488] INFO  impl.RaftServerProxy (RaftServerProxy.java:addNew(89)) - omNode-2: addNew group-523986131536:[omNode-3:localhost:10504, omNode-1:localhost:10492, omNode-2:localhost:10498] returns group-523986131536:java.util.concurrent.CompletableFuture@4155e9a7[Not completed]
2020-06-23 00:53:38,207 [pool-616-thread-1] INFO  impl.RaftServerImpl (RaftServerImpl.java:<init>(99)) - omNode-2: new RaftServerImpl for group-523986131536:[omNode-3:localhost:10504, omNode-1:localhost:10492, omNode-2:localhost:10498] with OzoneManagerStateMachine:uninitialized
2020-06-23 00:53:38,207 [pool-616-thread-1] INFO  server.RaftServerConfigKeys (ConfUtils.java:logGet(44)) - raft.server.rpc.timeout.min = 1s (custom)
2020-06-23 00:53:38,207 [pool-616-thread-1] INFO  server.RaftServerConfigKeys (ConfUtils.java:logGet(44)) - raft.server.rpc.timeout.max = 1200ms (custom)
2020-06-23 00:53:38,207 [pool-616-thread-1] INFO  server.RaftServerConfigKeys (ConfUtils.java:logGet(44)) - raft.server.rpcslowness.timeout = 2s (custom)
2020-06-23 00:53:38,207 [pool-616-thread-1] INFO  server.RaftServerConfigKeys (ConfUtils.java:logGet(44)) - raft.server.sleep.deviation.threshold = 300 (default)
2020-06-23 00:53:38,207 [pool-616-thread-1] INFO  server.RaftServerConfigKeys (ConfUtils.java:logGet(44)) - raft.server.log.appender.install.snapshot.enabled = false (custom)
2020-06-23 00:53:38,207 [pool-616-thread-1] INFO  impl.RaftServerImpl (ServerState.java:<init>(103)) - omNode-2@group-523986131536: ConfigurationManager, init=-1: [omNode-3:localhost:10504, omNode-1:localhost:10492, omNode-2:localhost:10498], old=null, confs=<EMPTY_MAP>
2020-06-23 00:53:38,207 [pool-616-thread-1] INFO  server.RaftServerConfigKeys (ConfUtils.java:logGet(44)) - raft.server.storage.dir = [/github/workspace/mnt/ozone/hadoop-ozone/integration-test/target/test-dir/MiniOzoneClusterImpl-f92917fd-56ab-4efb-8d16-f1477a8498e7/omNode-2/ratis] (custom)
2020-06-23 00:53:38,207 [pool-616-thread-1] INFO  server.RaftServerConfigKeys (ConfUtils.java:logGet(44)) - raft.server.log.corruption.policy = EXCEPTION (default)
2020-06-23 00:53:38,207 [pool-616-thread-1] INFO  storage.RaftStorageDirectory (RaftStorageDirectory.java:analyzeStorage(261)) - The storage directory /github/workspace/mnt/ozone/hadoop-ozone/integration-test/target/test-dir/MiniOzoneClusterImpl-f92917fd-56ab-4efb-8d16-f1477a8498e7/omNode-2/ratis/c9bc4cf4-3bc3-3c60-a66b-523986131536 does not exist. Creating ...
2020-06-23 00:53:38,208 [pool-616-thread-1] INFO  storage.RaftStorageDirectory (RaftStorageDirectory.java:tryLock(343)) - Lock on /github/workspace/mnt/ozone/hadoop-ozone/integration-test/target/test-dir/MiniOzoneClusterImpl-f92917fd-56ab-4efb-8d16-f1477a8498e7/omNode-2/ratis/c9bc4cf4-3bc3-3c60-a66b-523986131536/in_use.lock acquired by nodename 28562@9d1457b60c89
2020-06-23 00:53:38,209 [pool-616-thread-1] INFO  storage.RaftStorage (RaftStorage.java:format(84)) - Storage directory /github/workspace/mnt/ozone/hadoop-ozone/integration-test/target/test-dir/MiniOzoneClusterImpl-f92917fd-56ab-4efb-8d16-f1477a8498e7/omNode-2/ratis/c9bc4cf4-3bc3-3c60-a66b-523986131536 has been successfully formatted.
2020-06-23 00:53:38,210 [pool-616-thread-1] INFO  ratis.OzoneManagerStateMachine (OzoneManagerStateMachine.java:getLatestSnapshot(147)) - Latest Snapshot Info 0#-1
2020-06-23 00:53:38,210 [pool-616-thread-1] INFO  server.RaftServerConfigKeys (ConfUtils.java:logGet(44)) - raft.server.notification.no-leader.timeout = 2s (custom)
2020-06-23 00:53:38,210 [pool-616-thread-1] INFO  server.RaftServerConfigKeys (ConfUtils.java:logGet(44)) - raft.server.log.use.memory = false (default)
2020-06-23 00:53:38,210 [pool-616-thread-1] INFO  server.RaftServerConfigKeys (ConfUtils.java:logGet(44)) - raft.server.log.purge.gap = 50 (custom)
2020-06-23 00:53:38,210 [pool-616-thread-1] INFO  server.RaftServerConfigKeys (ConfUtils.java:logGet(44)) - raft.server.log.appender.buffer.byte-limit = 33554432 (custom)
2020-06-23 00:53:38,210 [pool-616-thread-1] INFO  server.RaftServerConfigKeys (ConfUtils.java:logGet(44)) - raft.server.log.segment.size.max = 16384 (custom)
2020-06-23 00:53:38,210 [pool-616-thread-1] INFO  metrics.RatisMetrics (RatisMetrics.java:lambda$create$0(36)) - Creating Metrics Registry : ratis.log_worker.omNode-2@group-523986131536
2020-06-23 00:53:38,210 [pool-616-thread-1] INFO  server.RaftServerConfigKeys (ConfUtils.java:logGet(44)) - raft.server.log.segment.cache.num.max = 2 (custom)
2020-06-23 00:53:38,210 [pool-616-thread-1] INFO  segmented.SegmentedRaftLogWorker (SegmentedRaftLogWorker.java:<init>(180)) - new omNode-2@group-523986131536-SegmentedRaftLogWorker for RaftStorage:Storage Directory /github/workspace/mnt/ozone/hadoop-ozone/integration-test/target/test-dir/MiniOzoneClusterImpl-f92917fd-56ab-4efb-8d16-f1477a8498e7/omNode-2/ratis/c9bc4cf4-3bc3-3c60-a66b-523986131536
2020-06-23 00:53:38,210 [pool-616-thread-1] INFO  server.RaftServerConfigKeys (ConfUtils.java:logGet(44)) - raft.server.log.queue.byte-limit = 64MB (=67108864) (default)
2020-06-23 00:53:38,210 [pool-616-thread-1] INFO  server.RaftServerConfigKeys (ConfUtils.java:logGet(44)) - raft.server.log.queue.element-limit = 4096 (default)
2020-06-23 00:53:38,210 [pool-616-thread-1] INFO  server.RaftServerConfigKeys (ConfUtils.java:logGet(44)) - raft.server.log.segment.size.max = 16384 (custom)
2020-06-23 00:53:38,210 [pool-616-thread-1] INFO  server.RaftServerConfigKeys (ConfUtils.java:logGet(44)) - raft.server.log.preallocated.size = 16384 (custom)
2020-06-23 00:53:38,211 [pool-616-thread-1] INFO  server.RaftServerConfigKeys (ConfUtils.java:logGet(44)) - raft.server.log.write.buffer.size = 64KB (=65536) (default)
2020-06-23 00:53:38,211 [pool-616-thread-1] INFO  server.RaftServerConfigKeys (ConfUtils.java:logGet(44)) - raft.server.log.force.sync.num = 128 (default)
2020-06-23 00:53:38,211 [pool-616-thread-1] INFO  server.RaftServerConfigKeys (ConfUtils.java:logGet(44)) - raft.server.log.statemachine.data.sync = true (default)
2020-06-23 00:53:38,211 [pool-616-thread-1] INFO  server.RaftServerConfigKeys (ConfUtils.java:logGet(44)) - raft.server.log.statemachine.data.sync.timeout = 10s (default)
2020-06-23 00:53:38,211 [pool-616-thread-1] INFO  server.RaftServerConfigKeys (ConfUtils.java:logGet(44)) - raft.server.log.statemachine.data.sync.timeout.retry = -1 (default)
2020-06-23 00:53:38,211 [Listener at 127.0.0.1/10488] INFO  om.OzoneManager (OzoneManager.java:initializeRatisServer(1226)) - OzoneManager Ratis server initialized at port 10498
2020-06-23 00:53:38,211 [Listener at 127.0.0.1/10488] WARN  server.ServerUtils (ServerUtils.java:getDefaultRatisDirectory(237)) - Storage directory for Ratis is not configured. It is a good idea to map this to an SSD disk. Falling back to ozone.metadata.dirs
2020-06-23 00:53:38,211 [Listener at 127.0.0.1/10488] WARN  server.ServerUtils (ServerUtils.java:getDefaultRatisDirectory(237)) - Storage directory for Ratis is not configured. It is a good idea to map this to an SSD disk. Falling back to ozone.metadata.dirs
2020-06-23 00:53:38,211 [Listener at 127.0.0.1/10488] INFO  snapshot.OzoneManagerSnapshotProvider (OzoneManagerSnapshotProvider.java:<init>(77)) - Initializing OM Snapshot Provider
2020-06-23 00:53:38,213 [Listener at 127.0.0.1/10488] INFO  ipc.CallQueueManager (CallQueueManager.java:<init>(84)) - Using callQueue: class java.util.concurrent.LinkedBlockingQueue, queueCapacity: 2000, scheduler: class org.apache.hadoop.ipc.DefaultRpcScheduler, ipcBackoff: false.
2020-06-23 00:53:38,215 [Socket Reader #1 for port 10494] INFO  ipc.Server (Server.java:run(1219)) - Starting Socket Reader #1 for port 10494
2020-06-23 00:53:38,217 [pool-616-thread-1] INFO  server.RaftServerConfigKeys (ConfUtils.java:logGet(44)) - raft.server.log.statemachine.data.caching.enabled = false (default)
2020-06-23 00:53:38,217 [pool-616-thread-1] INFO  segmented.SegmentedRaftLogWorker (SegmentedRaftLogWorker.java:lambda$new$0(129)) - omNode-2@group-523986131536-SegmentedRaftLogWorker: flushIndex: setUnconditionally 0 -> -1
2020-06-23 00:53:38,217 [pool-616-thread-1] INFO  segmented.SegmentedRaftLogWorker (SegmentedRaftLogWorker.java:lambda$new$0(129)) - omNode-2@group-523986131536-SegmentedRaftLogWorker: safeCacheEvictIndex: setUnconditionally 0 -> -1
2020-06-23 00:53:38,218 [pool-616-thread-1] INFO  server.RaftServerConfigKeys (ConfUtils.java:logGet(44)) - raft.server.snapshot.auto.trigger.enabled = true (custom)
2020-06-23 00:53:38,218 [pool-616-thread-1] INFO  server.RaftServerConfigKeys (ConfUtils.java:logGet(44)) - raft.server.snapshot.auto.trigger.threshold = 50 (custom)
2020-06-23 00:53:38,218 [pool-616-thread-1] INFO  server.RaftServerConfigKeys (ConfUtils.java:logGet(44)) - raft.server.snapshot.retention.file.num = -1 (default)
2020-06-23 00:53:38,218 [pool-616-thread-1] INFO  server.RaftServerConfigKeys (ConfUtils.java:logGet(44)) - raft.server.log.purge.upto.snapshot.index = false (default)
2020-06-23 00:53:38,218 [pool-616-thread-1] INFO  server.RaftServerConfigKeys (ConfUtils.java:logGet(44)) - raft.server.retrycache.expirytime = 600000ms (custom)
2020-06-23 00:53:38,218 [pool-616-thread-1] INFO  metrics.RatisMetrics (RatisMetrics.java:lambda$create$0(36)) - Creating Metrics Registry : ratis.leader_election.omNode-2@group-523986131536
2020-06-23 00:53:38,219 [pool-616-thread-1] INFO  metrics.RatisMetrics (RatisMetrics.java:lambda$create$0(36)) - Creating Metrics Registry : ratis.server.omNode-2@group-523986131536
2020-06-23 00:53:38,234 [Listener at 127.0.0.1/10494] INFO  impl.MetricsSystemImpl (MetricsSystemImpl.java:init(158)) - OzoneManager metrics system started (again)
2020-06-23 00:53:38,235 [Listener at 127.0.0.1/10494] INFO  om.OzoneManager (OzoneManager.java:start(1085)) - OzoneManager RPC server is listening at localhost/127.0.0.1:10494
2020-06-23 00:53:38,236 [Listener at 127.0.0.1/10494] INFO  ratis.OzoneManagerRatisServer (OzoneManagerRatisServer.java:start(365)) - Starting OzoneManagerRatisServer omNode-2 at port 10498
2020-06-23 00:53:38,236 [Listener at 127.0.0.1/10494] INFO  impl.RaftServerImpl (RaftServerImpl.java:start(186)) - omNode-2@group-523986131536: start as a follower, conf=-1: [omNode-3:localhost:10504, omNode-1:localhost:10492, omNode-2:localhost:10498], old=null
2020-06-23 00:53:38,236 [Listener at 127.0.0.1/10494] INFO  impl.RaftServerImpl (RaftServerImpl.java:setRole(175)) - omNode-2@group-523986131536: changes role from      null to FOLLOWER at term 0 for startAsFollower
2020-06-23 00:53:38,237 [Listener at 127.0.0.1/10494] INFO  impl.RoleInfo (RoleInfo.java:updateAndGet(143)) - omNode-2: start FollowerState
2020-06-23 00:53:38,237 [Listener at 127.0.0.1/10494] INFO  util.JmxRegister (JmxRegister.java:tryRegister(44)) - Successfully registered JMX Bean with object name Ratis:service=RaftServer,group=group-523986131536,id=omNode-2
2020-06-23 00:53:38,237 [Listener at 127.0.0.1/10494] INFO  metrics.RatisMetrics (RatisMetrics.java:lambda$create$0(36)) - Creating Metrics Registry : ratis.state_machine.omNode-2@group-523986131536
2020-06-23 00:53:38,238 [Listener at 127.0.0.1/10494] INFO  impl.RaftServerProxy (RaftServerProxy.java:lambda$start$3(304)) - omNode-2: start RPC server
2020-06-23 00:53:38,239 [Listener at 127.0.0.1/10494] INFO  server.GrpcService (GrpcService.java:startImpl(160)) - omNode-2: GrpcService started, listening on 0.0.0.0/0.0.0.0:10498
2020-06-23 00:53:38,244 [IPC Server Responder] INFO  ipc.Server (Server.java:run(1460)) - IPC Server Responder: starting
2020-06-23 00:53:38,244 [IPC Server listener on 10494] INFO  ipc.Server (Server.java:run(1298)) - IPC Server listener on 10494: starting
2020-06-23 00:53:38,255 [Listener at 127.0.0.1/10494] INFO  http.BaseHttpServer (BaseHttpServer.java:newHttpServer2BuilderForOzone(205)) - Starting Web-server for ozoneManager at: http://0.0.0.0:10496
2020-06-23 00:53:38,255 [Listener at 127.0.0.1/10494] INFO  http.BaseHttpServer (BaseHttpServer.java:<init>(106)) - Hadoop Security Enabled: false Ozone Security Enabled: false Ozone HTTP Security Enabled: false 
2020-06-23 00:53:38,256 [Listener at 127.0.0.1/10494] INFO  server.AuthenticationFilter (AuthenticationFilter.java:constructSecretProvider(240)) - Unable to initialize FileSignerSecretProvider, falling back to use random secrets.
2020-06-23 00:53:38,257 [Listener at 127.0.0.1/10494] WARN  http.HttpRequestLog (HttpRequestLog.java:getRequestLog(103)) - Jetty request log can only be enabled using Log4j
2020-06-23 00:53:38,258 [Listener at 127.0.0.1/10494] INFO  http.HttpServer2 (HttpServer2.java:addGlobalFilter(993)) - Added global filter 'safety' (class=org.apache.hadoop.hdds.server.http.HttpServer2$QuotingInputFilter)
2020-06-23 00:53:38,258 [Listener at 127.0.0.1/10494] INFO  http.HttpServer2 (HttpServer2.java:addFilter(969)) - Added filter authentication (class=org.apache.hadoop.security.authentication.server.AuthenticationFilter) to context ozoneManager
2020-06-23 00:53:38,258 [Listener at 127.0.0.1/10494] INFO  http.HttpServer2 (HttpServer2.java:addFilter(977)) - Added filter authentication (class=org.apache.hadoop.security.authentication.server.AuthenticationFilter) to context logs
2020-06-23 00:53:38,258 [Listener at 127.0.0.1/10494] INFO  http.HttpServer2 (HttpServer2.java:addFilter(977)) - Added filter authentication (class=org.apache.hadoop.security.authentication.server.AuthenticationFilter) to context static
2020-06-23 00:53:38,259 [Listener at 127.0.0.1/10494] INFO  http.HttpServer2 (HttpServer2.java:bindListener(1211)) - Jetty bound to port 10496
2020-06-23 00:53:38,259 [Listener at 127.0.0.1/10494] INFO  server.Server (Server.java:doStart(359)) - jetty-9.4.26.v20200117; built: 2020-01-17T12:35:33.676Z; git: 7b38981d25d14afb4a12ff1f2596756144edf695; jvm 1.8.0_232-b09
2020-06-23 00:53:38,260 [Listener at 127.0.0.1/10494] INFO  server.session (DefaultSessionIdManager.java:doStart(333)) - DefaultSessionIdManager workerName=node0
2020-06-23 00:53:38,260 [Listener at 127.0.0.1/10494] INFO  server.session (DefaultSessionIdManager.java:doStart(338)) - No SessionScavenger set, using defaults
2020-06-23 00:53:38,260 [Listener at 127.0.0.1/10494] INFO  server.session (HouseKeeper.java:startScavenging(140)) - node0 Scavenging every 660000ms
2020-06-23 00:53:38,261 [Listener at 127.0.0.1/10494] INFO  server.AuthenticationFilter (AuthenticationFilter.java:constructSecretProvider(240)) - Unable to initialize FileSignerSecretProvider, falling back to use random secrets.
2020-06-23 00:53:38,261 [Listener at 127.0.0.1/10494] INFO  handler.ContextHandler (ContextHandler.java:doStart(825)) - Started o.e.j.s.ServletContextHandler@691952db{logs,/logs,file:///github/workspace/mnt/ozone/hadoop-ozone/integration-test/target/log,AVAILABLE}
2020-06-23 00:53:38,261 [Listener at 127.0.0.1/10494] INFO  handler.ContextHandler (ContextHandler.java:doStart(825)) - Started o.e.j.s.ServletContextHandler@41c47ad3{static,/static,file:///github/workspace/mnt/ozone/hadoop-ozone/integration-test/target/test-classes/webapps/static,AVAILABLE}
2020-06-23 00:53:38,264 [Listener at 127.0.0.1/10494] INFO  handler.ContextHandler (ContextHandler.java:doStart(825)) - Started o.e.j.w.WebAppContext@3b306aaa{ozoneManager,/,file:///github/workspace/mnt/ozone/hadoop-ozone/integration-test/target/test-classes/webapps/ozoneManager/,AVAILABLE}{file:/github/workspace/mnt/ozone/hadoop-ozone/integration-test/target/test-classes/webapps/ozoneManager}
2020-06-23 00:53:38,266 [Listener at 127.0.0.1/10494] INFO  server.AbstractConnector (AbstractConnector.java:doStart(330)) - Started ServerConnector@3fb57afc{HTTP/1.1,[http/1.1]}{0.0.0.0:10496}
2020-06-23 00:53:38,266 [Listener at 127.0.0.1/10494] INFO  server.Server (Server.java:doStart(399)) - Started @130297ms
2020-06-23 00:53:38,266 [Listener at 127.0.0.1/10494] WARN  impl.MetricsSystemImpl (MetricsSystemImpl.java:register(276)) - Sink prometheus already exists!
2020-06-23 00:53:38,269 [Listener at 127.0.0.1/10494] INFO  http.BaseHttpServer (BaseHttpServer.java:updateConnectorAddress(325)) - HTTP server of ozoneManager listening at http://0.0.0.0:10496
2020-06-23 00:53:38,271 [Listener at 127.0.0.1/10494] INFO  ozone.MiniOzoneHAClusterImpl (MiniOzoneHAClusterImpl.java:createOMService(380)) - Started OzoneManager RPC server at localhost/127.0.0.1:10494
2020-06-23 00:53:38,271 [Listener at 127.0.0.1/10494] WARN  server.ServerUtils (ServerUtils.java:getDBPath(225)) - ozone.om.db.dirs is not configured. We recommend adding this setting. Falling back to ozone.metadata.dirs instead.
2020-06-23 00:53:38,273 [org.apache.hadoop.util.JvmPauseMonitor$Monitor@4597da52] INFO  util.JvmPauseMonitor (JvmPauseMonitor.java:run(188)) - Starting JVM pause monitor
2020-06-23 00:53:38,273 [Listener at 127.0.0.1/10494] INFO  ha.OMHANodeDetails (OMHANodeDetails.java:loadOMHAConfig(110)) - ServiceID for OzoneManager is om-service-test1
2020-06-23 00:53:38,273 [Listener at 127.0.0.1/10494] INFO  ha.OMHANodeDetails (OMHANodeDetails.java:loadOMHAConfig(188)) - Found matching OM address with OMServiceId: om-service-test1, OMNodeId: omNode-3, RPC Address: localhost:10500 and Ratis port: 10504
2020-06-23 00:53:38,273 [Listener at 127.0.0.1/10494] INFO  ha.OMHANodeDetails (OMHANodeDetails.java:setOMNodeSpecificConfigs(314)) - Setting configuration key ozone.om.http-address with value of key ozone.om.http-address.omNode-3: 127.0.0.1:10502
2020-06-23 00:53:38,274 [Listener at 127.0.0.1/10494] INFO  ha.OMHANodeDetails (OMHANodeDetails.java:setOMNodeSpecificConfigs(314)) - Setting configuration key ozone.om.https-address with value of key ozone.om.https-address.omNode-3: 127.0.0.1:10503
2020-06-23 00:53:38,274 [Listener at 127.0.0.1/10494] INFO  ha.OMHANodeDetails (OMHANodeDetails.java:setOMNodeSpecificConfigs(314)) - Setting configuration key ozone.om.address with value of key ozone.om.address.omNode-3: 127.0.0.1:10500
2020-06-23 00:53:38,274 [Listener at 127.0.0.1/10494] WARN  server.ServerUtils (ServerUtils.java:getDBPath(225)) - ozone.om.db.dirs is not configured. We recommend adding this setting. Falling back to ozone.metadata.dirs instead.
2020-06-23 00:53:38,274 [Listener at 127.0.0.1/10494] WARN  server.ServerUtils (ServerUtils.java:getDBPath(225)) - ozone.om.db.dirs is not configured. We recommend adding this setting. Falling back to ozone.metadata.dirs instead.
2020-06-23 00:53:38,276 [Listener at 127.0.0.1/10494] WARN  server.ServerUtils (ServerUtils.java:getDBPath(225)) - ozone.om.db.dirs is not configured. We recommend adding this setting. Falling back to ozone.metadata.dirs instead.
2020-06-23 00:53:38,329 [Listener at 127.0.0.1/10494] WARN  server.ServerUtils (ServerUtils.java:getDefaultRatisDirectory(237)) - Storage directory for Ratis is not configured. It is a good idea to map this to an SSD disk. Falling back to ozone.metadata.dirs
2020-06-23 00:53:38,330 [Listener at 127.0.0.1/10494] INFO  ratis.OzoneManagerRatisServer (OzoneManagerRatisServer.java:<init>(268)) - Instantiating OM Ratis server with GroupID: om-service-test1 and Raft Peers: localhost:10504, localhost:10492, localhost:10498
2020-06-23 00:53:38,330 [Listener at 127.0.0.1/10494] INFO  ratis.OzoneManagerStateMachine (OzoneManagerStateMachine.java:loadSnapshotInfoFromDB(539)) - LastAppliedIndex is set from TransactionInfo from OM DB as (t:0, i:~)
2020-06-23 00:53:38,331 [Listener at 127.0.0.1/10494] INFO  impl.RaftServerProxy (ConfUtils.java:logGet(44)) - raft.rpc.type = GRPC (default)
2020-06-23 00:53:38,331 [Listener at 127.0.0.1/10494] INFO  grpc.GrpcFactory (GrpcFactory.java:checkPooledByteBufAllocatorUseCacheForAllThreads(45)) - PERFORMANCE WARNING: useCacheForAllThreads is true that may cause Netty to create a lot garbage objects and, as a result, trigger GC.
	It is recommended to disable useCacheForAllThreads by setting -Dorg.apache.ratis.thirdparty.io.netty.allocator.useCacheForAllThreads=false in command line.
2020-06-23 00:53:38,331 [Listener at 127.0.0.1/10494] INFO  grpc.GrpcConfigKeys (ConfUtils.java:logGet(44)) - raft.grpc.server.port = 10504 (custom)
2020-06-23 00:53:38,332 [Listener at 127.0.0.1/10494] INFO  server.GrpcService (ConfUtils.java:logGet(44)) - raft.grpc.message.size.max = 33554432 (custom)
2020-06-23 00:53:38,332 [Listener at 127.0.0.1/10494] INFO  server.RaftServerConfigKeys (ConfUtils.java:logGet(44)) - raft.server.log.appender.buffer.byte-limit = 33554432 (custom)
2020-06-23 00:53:38,332 [Listener at 127.0.0.1/10494] INFO  server.GrpcService (ConfUtils.java:logGet(44)) - raft.grpc.flow.control.window = 1MB (=1048576) (default)
2020-06-23 00:53:38,332 [Listener at 127.0.0.1/10494] INFO  server.RaftServerConfigKeys (ConfUtils.java:logGet(44)) - raft.server.rpc.request.timeout = 3000ms (default)
2020-06-23 00:53:38,333 [Listener at 127.0.0.1/10494] INFO  server.RaftServerConfigKeys (ConfUtils.java:logGet(44)) - raft.server.storage.dir = [/github/workspace/mnt/ozone/hadoop-ozone/integration-test/target/test-dir/MiniOzoneClusterImpl-f92917fd-56ab-4efb-8d16-f1477a8498e7/omNode-3/ratis] (custom)
2020-06-23 00:53:38,333 [Listener at 127.0.0.1/10494] INFO  impl.RaftServerProxy (RaftServerProxy.java:addNew(89)) - omNode-3: addNew group-523986131536:[omNode-3:localhost:10504, omNode-1:localhost:10492, omNode-2:localhost:10498] returns group-523986131536:java.util.concurrent.CompletableFuture@5c883eea[Not completed]
2020-06-23 00:53:38,333 [pool-633-thread-1] INFO  impl.RaftServerImpl (RaftServerImpl.java:<init>(99)) - omNode-3: new RaftServerImpl for group-523986131536:[omNode-3:localhost:10504, omNode-1:localhost:10492, omNode-2:localhost:10498] with OzoneManagerStateMachine:uninitialized
2020-06-23 00:53:38,333 [pool-633-thread-1] INFO  server.RaftServerConfigKeys (ConfUtils.java:logGet(44)) - raft.server.rpc.timeout.min = 1s (custom)
2020-06-23 00:53:38,333 [pool-633-thread-1] INFO  server.RaftServerConfigKeys (ConfUtils.java:logGet(44)) - raft.server.rpc.timeout.max = 1200ms (custom)
2020-06-23 00:53:38,333 [pool-633-thread-1] INFO  server.RaftServerConfigKeys (ConfUtils.java:logGet(44)) - raft.server.rpcslowness.timeout = 2s (custom)
2020-06-23 00:53:38,334 [pool-633-thread-1] INFO  server.RaftServerConfigKeys (ConfUtils.java:logGet(44)) - raft.server.sleep.deviation.threshold = 300 (default)
2020-06-23 00:53:38,334 [pool-633-thread-1] INFO  server.RaftServerConfigKeys (ConfUtils.java:logGet(44)) - raft.server.log.appender.install.snapshot.enabled = false (custom)
2020-06-23 00:53:38,334 [pool-633-thread-1] INFO  impl.RaftServerImpl (ServerState.java:<init>(103)) - omNode-3@group-523986131536: ConfigurationManager, init=-1: [omNode-3:localhost:10504, omNode-1:localhost:10492, omNode-2:localhost:10498], old=null, confs=<EMPTY_MAP>
2020-06-23 00:53:38,334 [pool-633-thread-1] INFO  server.RaftServerConfigKeys (ConfUtils.java:logGet(44)) - raft.server.storage.dir = [/github/workspace/mnt/ozone/hadoop-ozone/integration-test/target/test-dir/MiniOzoneClusterImpl-f92917fd-56ab-4efb-8d16-f1477a8498e7/omNode-3/ratis] (custom)
2020-06-23 00:53:38,334 [pool-633-thread-1] INFO  server.RaftServerConfigKeys (ConfUtils.java:logGet(44)) - raft.server.log.corruption.policy = EXCEPTION (default)
2020-06-23 00:53:38,334 [pool-633-thread-1] INFO  storage.RaftStorageDirectory (RaftStorageDirectory.java:analyzeStorage(261)) - The storage directory /github/workspace/mnt/ozone/hadoop-ozone/integration-test/target/test-dir/MiniOzoneClusterImpl-f92917fd-56ab-4efb-8d16-f1477a8498e7/omNode-3/ratis/c9bc4cf4-3bc3-3c60-a66b-523986131536 does not exist. Creating ...
2020-06-23 00:53:38,334 [Listener at 127.0.0.1/10494] INFO  om.OzoneManager (OzoneManager.java:initializeRatisServer(1226)) - OzoneManager Ratis server initialized at port 10504
2020-06-23 00:53:38,335 [Listener at 127.0.0.1/10494] WARN  server.ServerUtils (ServerUtils.java:getDefaultRatisDirectory(237)) - Storage directory for Ratis is not configured. It is a good idea to map this to an SSD disk. Falling back to ozone.metadata.dirs
2020-06-23 00:53:38,335 [Listener at 127.0.0.1/10494] WARN  server.ServerUtils (ServerUtils.java:getDefaultRatisDirectory(237)) - Storage directory for Ratis is not configured. It is a good idea to map this to an SSD disk. Falling back to ozone.metadata.dirs
2020-06-23 00:53:38,335 [Listener at 127.0.0.1/10494] INFO  snapshot.OzoneManagerSnapshotProvider (OzoneManagerSnapshotProvider.java:<init>(77)) - Initializing OM Snapshot Provider
2020-06-23 00:53:38,335 [pool-633-thread-1] INFO  storage.RaftStorageDirectory (RaftStorageDirectory.java:tryLock(343)) - Lock on /github/workspace/mnt/ozone/hadoop-ozone/integration-test/target/test-dir/MiniOzoneClusterImpl-f92917fd-56ab-4efb-8d16-f1477a8498e7/omNode-3/ratis/c9bc4cf4-3bc3-3c60-a66b-523986131536/in_use.lock acquired by nodename 28562@9d1457b60c89
2020-06-23 00:53:38,336 [Listener at 127.0.0.1/10494] INFO  ipc.CallQueueManager (CallQueueManager.java:<init>(84)) - Using callQueue: class java.util.concurrent.LinkedBlockingQueue, queueCapacity: 2000, scheduler: class org.apache.hadoop.ipc.DefaultRpcScheduler, ipcBackoff: false.
2020-06-23 00:53:38,338 [Socket Reader #1 for port 10500] INFO  ipc.Server (Server.java:run(1219)) - Starting Socket Reader #1 for port 10500
2020-06-23 00:53:38,338 [pool-633-thread-1] INFO  storage.RaftStorage (RaftStorage.java:format(84)) - Storage directory /github/workspace/mnt/ozone/hadoop-ozone/integration-test/target/test-dir/MiniOzoneClusterImpl-f92917fd-56ab-4efb-8d16-f1477a8498e7/omNode-3/ratis/c9bc4cf4-3bc3-3c60-a66b-523986131536 has been successfully formatted.
2020-06-23 00:53:38,338 [pool-633-thread-1] INFO  ratis.OzoneManagerStateMachine (OzoneManagerStateMachine.java:getLatestSnapshot(147)) - Latest Snapshot Info 0#-1
2020-06-23 00:53:38,338 [pool-633-thread-1] INFO  server.RaftServerConfigKeys (ConfUtils.java:logGet(44)) - raft.server.notification.no-leader.timeout = 2s (custom)
2020-06-23 00:53:38,338 [pool-633-thread-1] INFO  server.RaftServerConfigKeys (ConfUtils.java:logGet(44)) - raft.server.log.use.memory = false (default)
2020-06-23 00:53:38,338 [pool-633-thread-1] INFO  server.RaftServerConfigKeys (ConfUtils.java:logGet(44)) - raft.server.log.purge.gap = 50 (custom)
2020-06-23 00:53:38,338 [pool-633-thread-1] INFO  server.RaftServerConfigKeys (ConfUtils.java:logGet(44)) - raft.server.log.appender.buffer.byte-limit = 33554432 (custom)
2020-06-23 00:53:38,338 [pool-633-thread-1] INFO  server.RaftServerConfigKeys (ConfUtils.java:logGet(44)) - raft.server.log.segment.size.max = 16384 (custom)
2020-06-23 00:53:38,338 [pool-633-thread-1] INFO  metrics.RatisMetrics (RatisMetrics.java:lambda$create$0(36)) - Creating Metrics Registry : ratis.log_worker.omNode-3@group-523986131536
2020-06-23 00:53:38,338 [pool-633-thread-1] INFO  server.RaftServerConfigKeys (ConfUtils.java:logGet(44)) - raft.server.log.segment.cache.num.max = 2 (custom)
2020-06-23 00:53:38,339 [pool-633-thread-1] INFO  segmented.SegmentedRaftLogWorker (SegmentedRaftLogWorker.java:<init>(180)) - new omNode-3@group-523986131536-SegmentedRaftLogWorker for RaftStorage:Storage Directory /github/workspace/mnt/ozone/hadoop-ozone/integration-test/target/test-dir/MiniOzoneClusterImpl-f92917fd-56ab-4efb-8d16-f1477a8498e7/omNode-3/ratis/c9bc4cf4-3bc3-3c60-a66b-523986131536
2020-06-23 00:53:38,339 [pool-633-thread-1] INFO  server.RaftServerConfigKeys (ConfUtils.java:logGet(44)) - raft.server.log.queue.byte-limit = 64MB (=67108864) (default)
2020-06-23 00:53:38,339 [pool-633-thread-1] INFO  server.RaftServerConfigKeys (ConfUtils.java:logGet(44)) - raft.server.log.queue.element-limit = 4096 (default)
2020-06-23 00:53:38,339 [pool-633-thread-1] INFO  server.RaftServerConfigKeys (ConfUtils.java:logGet(44)) - raft.server.log.segment.size.max = 16384 (custom)
2020-06-23 00:53:38,339 [pool-633-thread-1] INFO  server.RaftServerConfigKeys (ConfUtils.java:logGet(44)) - raft.server.log.preallocated.size = 16384 (custom)
2020-06-23 00:53:38,339 [pool-633-thread-1] INFO  server.RaftServerConfigKeys (ConfUtils.java:logGet(44)) - raft.server.log.write.buffer.size = 64KB (=65536) (default)
2020-06-23 00:53:38,339 [pool-633-thread-1] INFO  server.RaftServerConfigKeys (ConfUtils.java:logGet(44)) - raft.server.log.force.sync.num = 128 (default)
2020-06-23 00:53:38,339 [pool-633-thread-1] INFO  server.RaftServerConfigKeys (ConfUtils.java:logGet(44)) - raft.server.log.statemachine.data.sync = true (default)
2020-06-23 00:53:38,339 [pool-633-thread-1] INFO  server.RaftServerConfigKeys (ConfUtils.java:logGet(44)) - raft.server.log.statemachine.data.sync.timeout = 10s (default)
2020-06-23 00:53:38,339 [pool-633-thread-1] INFO  server.RaftServerConfigKeys (ConfUtils.java:logGet(44)) - raft.server.log.statemachine.data.sync.timeout.retry = -1 (default)
2020-06-23 00:53:38,345 [pool-633-thread-1] INFO  server.RaftServerConfigKeys (ConfUtils.java:logGet(44)) - raft.server.log.statemachine.data.caching.enabled = false (default)
2020-06-23 00:53:38,348 [pool-633-thread-1] INFO  segmented.SegmentedRaftLogWorker (SegmentedRaftLogWorker.java:lambda$new$0(129)) - omNode-3@group-523986131536-SegmentedRaftLogWorker: flushIndex: setUnconditionally 0 -> -1
2020-06-23 00:53:38,348 [pool-633-thread-1] INFO  segmented.SegmentedRaftLogWorker (SegmentedRaftLogWorker.java:lambda$new$0(129)) - omNode-3@group-523986131536-SegmentedRaftLogWorker: safeCacheEvictIndex: setUnconditionally 0 -> -1
2020-06-23 00:53:38,348 [pool-633-thread-1] INFO  server.RaftServerConfigKeys (ConfUtils.java:logGet(44)) - raft.server.snapshot.auto.trigger.enabled = true (custom)
2020-06-23 00:53:38,348 [pool-633-thread-1] INFO  server.RaftServerConfigKeys (ConfUtils.java:logGet(44)) - raft.server.snapshot.auto.trigger.threshold = 50 (custom)
2020-06-23 00:53:38,348 [pool-633-thread-1] INFO  server.RaftServerConfigKeys (ConfUtils.java:logGet(44)) - raft.server.snapshot.retention.file.num = -1 (default)
2020-06-23 00:53:38,348 [pool-633-thread-1] INFO  server.RaftServerConfigKeys (ConfUtils.java:logGet(44)) - raft.server.log.purge.upto.snapshot.index = false (default)
2020-06-23 00:53:38,348 [pool-633-thread-1] INFO  server.RaftServerConfigKeys (ConfUtils.java:logGet(44)) - raft.server.retrycache.expirytime = 600000ms (custom)
2020-06-23 00:53:38,348 [pool-633-thread-1] INFO  metrics.RatisMetrics (RatisMetrics.java:lambda$create$0(36)) - Creating Metrics Registry : ratis.leader_election.omNode-3@group-523986131536
2020-06-23 00:53:38,349 [pool-633-thread-1] INFO  metrics.RatisMetrics (RatisMetrics.java:lambda$create$0(36)) - Creating Metrics Registry : ratis.server.omNode-3@group-523986131536
2020-06-23 00:53:38,366 [Listener at 127.0.0.1/10500] INFO  impl.MetricsSystemImpl (MetricsSystemImpl.java:init(158)) - OzoneManager metrics system started (again)
2020-06-23 00:53:38,368 [Listener at 127.0.0.1/10500] INFO  om.OzoneManager (OzoneManager.java:start(1085)) - OzoneManager RPC server is listening at localhost/127.0.0.1:10500
2020-06-23 00:53:38,368 [Listener at 127.0.0.1/10500] INFO  ratis.OzoneManagerRatisServer (OzoneManagerRatisServer.java:start(365)) - Starting OzoneManagerRatisServer omNode-3 at port 10504
2020-06-23 00:53:38,369 [Listener at 127.0.0.1/10500] INFO  impl.RaftServerImpl (RaftServerImpl.java:start(186)) - omNode-3@group-523986131536: start as a follower, conf=-1: [omNode-3:localhost:10504, omNode-1:localhost:10492, omNode-2:localhost:10498], old=null
2020-06-23 00:53:38,370 [Listener at 127.0.0.1/10500] INFO  impl.RaftServerImpl (RaftServerImpl.java:setRole(175)) - omNode-3@group-523986131536: changes role from      null to FOLLOWER at term 0 for startAsFollower
2020-06-23 00:53:38,370 [Listener at 127.0.0.1/10500] INFO  impl.RoleInfo (RoleInfo.java:updateAndGet(143)) - omNode-3: start FollowerState
2020-06-23 00:53:38,370 [Listener at 127.0.0.1/10500] INFO  util.JmxRegister (JmxRegister.java:tryRegister(44)) - Successfully registered JMX Bean with object name Ratis:service=RaftServer,group=group-523986131536,id=omNode-3
2020-06-23 00:53:38,370 [Listener at 127.0.0.1/10500] INFO  metrics.RatisMetrics (RatisMetrics.java:lambda$create$0(36)) - Creating Metrics Registry : ratis.state_machine.omNode-3@group-523986131536
2020-06-23 00:53:38,371 [Listener at 127.0.0.1/10500] INFO  impl.RaftServerProxy (RaftServerProxy.java:lambda$start$3(304)) - omNode-3: start RPC server
2020-06-23 00:53:38,372 [Listener at 127.0.0.1/10500] INFO  server.GrpcService (GrpcService.java:startImpl(160)) - omNode-3: GrpcService started, listening on 0.0.0.0/0.0.0.0:10504
2020-06-23 00:53:38,373 [IPC Server Responder] INFO  ipc.Server (Server.java:run(1460)) - IPC Server Responder: starting
2020-06-23 00:53:38,376 [IPC Server listener on 10500] INFO  ipc.Server (Server.java:run(1298)) - IPC Server listener on 10500: starting
2020-06-23 00:53:38,385 [Listener at 127.0.0.1/10500] INFO  http.BaseHttpServer (BaseHttpServer.java:newHttpServer2BuilderForOzone(205)) - Starting Web-server for ozoneManager at: http://0.0.0.0:10502
2020-06-23 00:53:38,385 [Listener at 127.0.0.1/10500] INFO  http.BaseHttpServer (BaseHttpServer.java:<init>(106)) - Hadoop Security Enabled: false Ozone Security Enabled: false Ozone HTTP Security Enabled: false 
2020-06-23 00:53:38,386 [Listener at 127.0.0.1/10500] INFO  server.AuthenticationFilter (AuthenticationFilter.java:constructSecretProvider(240)) - Unable to initialize FileSignerSecretProvider, falling back to use random secrets.
2020-06-23 00:53:38,386 [Listener at 127.0.0.1/10500] WARN  http.HttpRequestLog (HttpRequestLog.java:getRequestLog(103)) - Jetty request log can only be enabled using Log4j
2020-06-23 00:53:38,387 [Listener at 127.0.0.1/10500] INFO  http.HttpServer2 (HttpServer2.java:addGlobalFilter(993)) - Added global filter 'safety' (class=org.apache.hadoop.hdds.server.http.HttpServer2$QuotingInputFilter)
2020-06-23 00:53:38,388 [Listener at 127.0.0.1/10500] INFO  http.HttpServer2 (HttpServer2.java:addFilter(969)) - Added filter authentication (class=org.apache.hadoop.security.authentication.server.AuthenticationFilter) to context ozoneManager
2020-06-23 00:53:38,388 [Listener at 127.0.0.1/10500] INFO  http.HttpServer2 (HttpServer2.java:addFilter(977)) - Added filter authentication (class=org.apache.hadoop.security.authentication.server.AuthenticationFilter) to context static
2020-06-23 00:53:38,388 [Listener at 127.0.0.1/10500] INFO  http.HttpServer2 (HttpServer2.java:addFilter(977)) - Added filter authentication (class=org.apache.hadoop.security.authentication.server.AuthenticationFilter) to context logs
2020-06-23 00:53:38,388 [Listener at 127.0.0.1/10500] INFO  http.HttpServer2 (HttpServer2.java:bindListener(1211)) - Jetty bound to port 10502
2020-06-23 00:53:38,388 [Listener at 127.0.0.1/10500] INFO  server.Server (Server.java:doStart(359)) - jetty-9.4.26.v20200117; built: 2020-01-17T12:35:33.676Z; git: 7b38981d25d14afb4a12ff1f2596756144edf695; jvm 1.8.0_232-b09
2020-06-23 00:53:38,389 [Listener at 127.0.0.1/10500] INFO  server.session (DefaultSessionIdManager.java:doStart(333)) - DefaultSessionIdManager workerName=node0
2020-06-23 00:53:38,389 [Listener at 127.0.0.1/10500] INFO  server.session (DefaultSessionIdManager.java:doStart(338)) - No SessionScavenger set, using defaults
2020-06-23 00:53:38,390 [Listener at 127.0.0.1/10500] INFO  server.session (HouseKeeper.java:startScavenging(140)) - node0 Scavenging every 660000ms
2020-06-23 00:53:38,390 [Listener at 127.0.0.1/10500] INFO  server.AuthenticationFilter (AuthenticationFilter.java:constructSecretProvider(240)) - Unable to initialize FileSignerSecretProvider, falling back to use random secrets.
2020-06-23 00:53:38,391 [Listener at 127.0.0.1/10500] INFO  handler.ContextHandler (ContextHandler.java:doStart(825)) - Started o.e.j.s.ServletContextHandler@4144f82f{logs,/logs,file:///github/workspace/mnt/ozone/hadoop-ozone/integration-test/target/log,AVAILABLE}
2020-06-23 00:53:38,391 [Listener at 127.0.0.1/10500] INFO  handler.ContextHandler (ContextHandler.java:doStart(825)) - Started o.e.j.s.ServletContextHandler@40a8d1b0{static,/static,file:///github/workspace/mnt/ozone/hadoop-ozone/integration-test/target/test-classes/webapps/static,AVAILABLE}
2020-06-23 00:53:38,393 [Listener at 127.0.0.1/10500] INFO  handler.ContextHandler (ContextHandler.java:doStart(825)) - Started o.e.j.w.WebAppContext@f11a475{ozoneManager,/,file:///github/workspace/mnt/ozone/hadoop-ozone/integration-test/target/test-classes/webapps/ozoneManager/,AVAILABLE}{file:/github/workspace/mnt/ozone/hadoop-ozone/integration-test/target/test-classes/webapps/ozoneManager}
2020-06-23 00:53:38,395 [Listener at 127.0.0.1/10500] INFO  server.AbstractConnector (AbstractConnector.java:doStart(330)) - Started ServerConnector@1d1aa31e{HTTP/1.1,[http/1.1]}{0.0.0.0:10502}
2020-06-23 00:53:38,395 [Listener at 127.0.0.1/10500] INFO  server.Server (Server.java:doStart(399)) - Started @130425ms
2020-06-23 00:53:38,395 [Listener at 127.0.0.1/10500] WARN  impl.MetricsSystemImpl (MetricsSystemImpl.java:register(276)) - Sink prometheus already exists!
2020-06-23 00:53:38,397 [Listener at 127.0.0.1/10500] INFO  http.BaseHttpServer (BaseHttpServer.java:updateConnectorAddress(325)) - HTTP server of ozoneManager listening at http://0.0.0.0:10502
2020-06-23 00:53:38,398 [Listener at 127.0.0.1/10500] INFO  ozone.MiniOzoneHAClusterImpl (MiniOzoneHAClusterImpl.java:createOMService(380)) - Started OzoneManager RPC server at localhost/127.0.0.1:10500
2020-06-23 00:53:38,398 [org.apache.hadoop.util.JvmPauseMonitor$Monitor@30415a89] INFO  util.JvmPauseMonitor (JvmPauseMonitor.java:run(188)) - Starting JVM pause monitor
2020-06-23 00:53:38,404 [Listener at 127.0.0.1/10500] INFO  impl.MetricsSystemImpl (MetricsSystemImpl.java:init(158)) - HddsDatanode metrics system started (again)
2020-06-23 00:53:38,406 [Listener at 127.0.0.1/10500] INFO  ozone.HddsDatanodeService (HddsDatanodeService.java:start(197)) - HddsDatanodeService host:9d1457b60c89 ip:172.17.0.2
2020-06-23 00:53:38,412 [Listener at 127.0.0.1/10500] INFO  volume.HddsVolume (HddsVolume.java:<init>(176)) - Creating Volume: /github/workspace/mnt/ozone/hadoop-ozone/integration-test/target/test-dir/MiniOzoneClusterImpl-f92917fd-56ab-4efb-8d16-f1477a8498e7/datanode-0/data-0/containers/hdds of storage type : DISK and capacity : 9223372036854775807
2020-06-23 00:53:38,412 [Listener at 127.0.0.1/10500] INFO  volume.MutableVolumeSet (MutableVolumeSet.java:initializeVolumeSet(181)) - Added Volume : /github/workspace/mnt/ozone/hadoop-ozone/integration-test/target/test-dir/MiniOzoneClusterImpl-f92917fd-56ab-4efb-8d16-f1477a8498e7/datanode-0/data-0/containers/hdds to VolumeSet
2020-06-23 00:53:38,412 [Listener at 127.0.0.1/10500] INFO  volume.ThrottledAsyncChecker (ThrottledAsyncChecker.java:schedule(141)) - Scheduling a check for /github/workspace/mnt/ozone/hadoop-ozone/integration-test/target/test-dir/MiniOzoneClusterImpl-f92917fd-56ab-4efb-8d16-f1477a8498e7/datanode-0/data-0/containers/hdds
2020-06-23 00:53:38,413 [Listener at 127.0.0.1/10500] INFO  volume.HddsVolumeChecker (HddsVolumeChecker.java:checkAllVolumes(200)) - Scheduled health check for volume /github/workspace/mnt/ozone/hadoop-ozone/integration-test/target/test-dir/MiniOzoneClusterImpl-f92917fd-56ab-4efb-8d16-f1477a8498e7/datanode-0/data-0/containers/hdds
2020-06-23 00:53:38,428 [Listener at 127.0.0.1/10500] INFO  impl.RaftServerProxy (ConfUtils.java:logGet(44)) - raft.rpc.type = GRPC (default)
2020-06-23 00:53:38,429 [Listener at 127.0.0.1/10500] INFO  grpc.GrpcFactory (GrpcFactory.java:checkPooledByteBufAllocatorUseCacheForAllThreads(45)) - PERFORMANCE WARNING: useCacheForAllThreads is true that may cause Netty to create a lot garbage objects and, as a result, trigger GC.
	It is recommended to disable useCacheForAllThreads by setting -Dorg.apache.ratis.thirdparty.io.netty.allocator.useCacheForAllThreads=false in command line.
2020-06-23 00:53:38,429 [Listener at 127.0.0.1/10500] INFO  grpc.GrpcConfigKeys (ConfUtils.java:logGet(44)) - raft.grpc.server.port = 0 (default)
2020-06-23 00:53:38,429 [Listener at 127.0.0.1/10500] INFO  server.GrpcService (ConfUtils.java:logGet(44)) - raft.grpc.message.size.max = 32MB (=33554432) (custom)
2020-06-23 00:53:38,429 [Listener at 127.0.0.1/10500] INFO  server.RaftServerConfigKeys (ConfUtils.java:logGet(44)) - raft.server.log.appender.buffer.byte-limit = 33554432 (custom)
2020-06-23 00:53:38,429 [Listener at 127.0.0.1/10500] INFO  server.GrpcService (ConfUtils.java:logGet(44)) - raft.grpc.flow.control.window = 5MB (=5242880) (custom)
2020-06-23 00:53:38,429 [Listener at 127.0.0.1/10500] INFO  server.RaftServerConfigKeys (ConfUtils.java:logGet(44)) - raft.server.rpc.request.timeout = 60s (custom)
2020-06-23 00:53:38,430 [Listener at 127.0.0.1/10500] INFO  server.RaftServerConfigKeys (ConfUtils.java:logGet(44)) - raft.server.storage.dir = [/github/workspace/mnt/ozone/hadoop-ozone/integration-test/target/test-dir/MiniOzoneClusterImpl-f92917fd-56ab-4efb-8d16-f1477a8498e7/datanode-0/data/ratis] (custom)
2020-06-23 00:53:38,435 [Listener at 127.0.0.1/10500] INFO  http.BaseHttpServer (BaseHttpServer.java:newHttpServer2BuilderForOzone(205)) - Starting Web-server for hddsDatanode at: http://0.0.0.0:0
2020-06-23 00:53:38,435 [Listener at 127.0.0.1/10500] INFO  http.BaseHttpServer (BaseHttpServer.java:<init>(106)) - Hadoop Security Enabled: false Ozone Security Enabled: false Ozone HTTP Security Enabled: false 
2020-06-23 00:53:38,435 [Listener at 127.0.0.1/10500] INFO  server.AuthenticationFilter (AuthenticationFilter.java:constructSecretProvider(240)) - Unable to initialize FileSignerSecretProvider, falling back to use random secrets.
2020-06-23 00:53:38,436 [Listener at 127.0.0.1/10500] WARN  http.HttpRequestLog (HttpRequestLog.java:getRequestLog(103)) - Jetty request log can only be enabled using Log4j
2020-06-23 00:53:38,436 [Listener at 127.0.0.1/10500] INFO  http.HttpServer2 (HttpServer2.java:addGlobalFilter(993)) - Added global filter 'safety' (class=org.apache.hadoop.hdds.server.http.HttpServer2$QuotingInputFilter)
2020-06-23 00:53:38,437 [Listener at 127.0.0.1/10500] INFO  http.HttpServer2 (HttpServer2.java:addFilter(969)) - Added filter authentication (class=org.apache.hadoop.security.authentication.server.AuthenticationFilter) to context hddsDatanode
2020-06-23 00:53:38,437 [Listener at 127.0.0.1/10500] INFO  http.HttpServer2 (HttpServer2.java:addFilter(977)) - Added filter authentication (class=org.apache.hadoop.security.authentication.server.AuthenticationFilter) to context static
2020-06-23 00:53:38,437 [Listener at 127.0.0.1/10500] INFO  http.HttpServer2 (HttpServer2.java:addFilter(977)) - Added filter authentication (class=org.apache.hadoop.security.authentication.server.AuthenticationFilter) to context logs
2020-06-23 00:53:38,437 [Listener at 127.0.0.1/10500] INFO  http.HttpServer2 (HttpServer2.java:bindListener(1211)) - Jetty bound to port 42741
2020-06-23 00:53:38,437 [Listener at 127.0.0.1/10500] INFO  server.Server (Server.java:doStart(359)) - jetty-9.4.26.v20200117; built: 2020-01-17T12:35:33.676Z; git: 7b38981d25d14afb4a12ff1f2596756144edf695; jvm 1.8.0_232-b09
2020-06-23 00:53:38,438 [Listener at 127.0.0.1/10500] INFO  server.session (DefaultSessionIdManager.java:doStart(333)) - DefaultSessionIdManager workerName=node0
2020-06-23 00:53:38,439 [Listener at 127.0.0.1/10500] INFO  server.session (DefaultSessionIdManager.java:doStart(338)) - No SessionScavenger set, using defaults
2020-06-23 00:53:38,439 [Listener at 127.0.0.1/10500] INFO  server.session (HouseKeeper.java:startScavenging(140)) - node0 Scavenging every 600000ms
2020-06-23 00:53:38,439 [Listener at 127.0.0.1/10500] INFO  server.AuthenticationFilter (AuthenticationFilter.java:constructSecretProvider(240)) - Unable to initialize FileSignerSecretProvider, falling back to use random secrets.
2020-06-23 00:53:38,440 [Listener at 127.0.0.1/10500] INFO  handler.ContextHandler (ContextHandler.java:doStart(825)) - Started o.e.j.s.ServletContextHandler@3dda94f7{logs,/logs,file:///github/workspace/mnt/ozone/hadoop-ozone/integration-test/target/log,AVAILABLE}
2020-06-23 00:53:38,440 [Listener at 127.0.0.1/10500] INFO  handler.ContextHandler (ContextHandler.java:doStart(825)) - Started o.e.j.s.ServletContextHandler@324b8e3b{static,/static,jar:file:/home/user/.m2/repository/org/apache/hadoop/hadoop-hdds-container-service/0.6.0-SNAPSHOT/hadoop-hdds-container-service-0.6.0-SNAPSHOT.jar!/webapps/static,AVAILABLE}
2020-06-23 00:53:38,456 [Listener at 127.0.0.1/10500] INFO  handler.ContextHandler (ContextHandler.java:doStart(825)) - Started o.e.j.w.WebAppContext@5d3dcac6{hddsDatanode,/,file:///tmp/jetty-0_0_0_0-42741-hadoop-hdds-container-service-0_6_0-SNAPSHOT_jar-_-any-6710802372380904634.dir/webapp/,AVAILABLE}{jar:file:/home/user/.m2/repository/org/apache/hadoop/hadoop-hdds-container-service/0.6.0-SNAPSHOT/hadoop-hdds-container-service-0.6.0-SNAPSHOT.jar!/webapps/hddsDatanode}
2020-06-23 00:53:38,459 [Listener at 127.0.0.1/10500] INFO  server.AbstractConnector (AbstractConnector.java:doStart(330)) - Started ServerConnector@3eddef01{HTTP/1.1,[http/1.1]}{0.0.0.0:42741}
2020-06-23 00:53:38,459 [Listener at 127.0.0.1/10500] INFO  server.Server (Server.java:doStart(399)) - Started @130490ms
2020-06-23 00:53:38,459 [Listener at 127.0.0.1/10500] WARN  impl.MetricsSystemImpl (MetricsSystemImpl.java:register(276)) - Sink prometheus already exists!
2020-06-23 00:53:38,462 [Listener at 127.0.0.1/10500] INFO  http.BaseHttpServer (BaseHttpServer.java:updateConnectorAddress(325)) - HTTP server of hddsDatanode listening at http://0.0.0.0:42741
2020-06-23 00:53:38,462 [Listener at 127.0.0.1/10500] INFO  impl.MetricsSystemImpl (MetricsSystemImpl.java:init(158)) - HddsDatanode metrics system started (again)
2020-06-23 00:53:38,465 [Listener at 127.0.0.1/10500] INFO  ozone.HddsDatanodeService (HddsDatanodeService.java:start(197)) - HddsDatanodeService host:9d1457b60c89 ip:172.17.0.2
2020-06-23 00:53:38,466 [org.apache.hadoop.util.JvmPauseMonitor$Monitor@15e1fbe6] INFO  util.JvmPauseMonitor (JvmPauseMonitor.java:run(188)) - Starting JVM pause monitor
2020-06-23 00:53:38,466 [Listener at 127.0.0.1/10500] INFO  volume.HddsVolume (HddsVolume.java:<init>(176)) - Creating Volume: /github/workspace/mnt/ozone/hadoop-ozone/integration-test/target/test-dir/MiniOzoneClusterImpl-f92917fd-56ab-4efb-8d16-f1477a8498e7/datanode-1/data-0/containers/hdds of storage type : DISK and capacity : 9223372036854775807
2020-06-23 00:53:38,466 [Listener at 127.0.0.1/10500] INFO  volume.MutableVolumeSet (MutableVolumeSet.java:initializeVolumeSet(181)) - Added Volume : /github/workspace/mnt/ozone/hadoop-ozone/integration-test/target/test-dir/MiniOzoneClusterImpl-f92917fd-56ab-4efb-8d16-f1477a8498e7/datanode-1/data-0/containers/hdds to VolumeSet
2020-06-23 00:53:38,467 [Listener at 127.0.0.1/10500] INFO  volume.ThrottledAsyncChecker (ThrottledAsyncChecker.java:schedule(141)) - Scheduling a check for /github/workspace/mnt/ozone/hadoop-ozone/integration-test/target/test-dir/MiniOzoneClusterImpl-f92917fd-56ab-4efb-8d16-f1477a8498e7/datanode-1/data-0/containers/hdds
2020-06-23 00:53:38,467 [Listener at 127.0.0.1/10500] INFO  volume.HddsVolumeChecker (HddsVolumeChecker.java:checkAllVolumes(200)) - Scheduled health check for volume /github/workspace/mnt/ozone/hadoop-ozone/integration-test/target/test-dir/MiniOzoneClusterImpl-f92917fd-56ab-4efb-8d16-f1477a8498e7/datanode-1/data-0/containers/hdds
2020-06-23 00:53:38,468 [Datanode State Machine Thread - 0] INFO  datanode.InitDatanodeState (InitDatanodeState.java:persistContainerDatanodeDetails(145)) - DatanodeDetails is persisted to /github/workspace/mnt/ozone/hadoop-ozone/integration-test/target/test-dir/MiniOzoneClusterImpl-f92917fd-56ab-4efb-8d16-f1477a8498e7/datanode-0/meta/datanode.id
2020-06-23 00:53:38,482 [Listener at 127.0.0.1/10500] INFO  impl.RaftServerProxy (ConfUtils.java:logGet(44)) - raft.rpc.type = GRPC (default)
2020-06-23 00:53:38,482 [Listener at 127.0.0.1/10500] INFO  grpc.GrpcFactory (GrpcFactory.java:checkPooledByteBufAllocatorUseCacheForAllThreads(45)) - PERFORMANCE WARNING: useCacheForAllThreads is true that may cause Netty to create a lot garbage objects and, as a result, trigger GC.
	It is recommended to disable useCacheForAllThreads by setting -Dorg.apache.ratis.thirdparty.io.netty.allocator.useCacheForAllThreads=false in command line.
2020-06-23 00:53:38,482 [Listener at 127.0.0.1/10500] INFO  grpc.GrpcConfigKeys (ConfUtils.java:logGet(44)) - raft.grpc.server.port = 0 (default)
2020-06-23 00:53:38,482 [Listener at 127.0.0.1/10500] INFO  server.GrpcService (ConfUtils.java:logGet(44)) - raft.grpc.message.size.max = 32MB (=33554432) (custom)
2020-06-23 00:53:38,482 [Listener at 127.0.0.1/10500] INFO  server.RaftServerConfigKeys (ConfUtils.java:logGet(44)) - raft.server.log.appender.buffer.byte-limit = 33554432 (custom)
2020-06-23 00:53:38,482 [Listener at 127.0.0.1/10500] INFO  server.GrpcService (ConfUtils.java:logGet(44)) - raft.grpc.flow.control.window = 5MB (=5242880) (custom)
2020-06-23 00:53:38,482 [Listener at 127.0.0.1/10500] INFO  server.RaftServerConfigKeys (ConfUtils.java:logGet(44)) - raft.server.rpc.request.timeout = 60s (custom)
2020-06-23 00:53:38,483 [Listener at 127.0.0.1/10500] INFO  server.RaftServerConfigKeys (ConfUtils.java:logGet(44)) - raft.server.storage.dir = [/github/workspace/mnt/ozone/hadoop-ozone/integration-test/target/test-dir/MiniOzoneClusterImpl-f92917fd-56ab-4efb-8d16-f1477a8498e7/datanode-1/data/ratis] (custom)
2020-06-23 00:53:38,487 [Listener at 127.0.0.1/10500] INFO  http.BaseHttpServer (BaseHttpServer.java:newHttpServer2BuilderForOzone(205)) - Starting Web-server for hddsDatanode at: http://0.0.0.0:0
2020-06-23 00:53:38,488 [Listener at 127.0.0.1/10500] INFO  http.BaseHttpServer (BaseHttpServer.java:<init>(106)) - Hadoop Security Enabled: false Ozone Security Enabled: false Ozone HTTP Security Enabled: false 
2020-06-23 00:53:38,488 [Listener at 127.0.0.1/10500] INFO  server.AuthenticationFilter (AuthenticationFilter.java:constructSecretProvider(240)) - Unable to initialize FileSignerSecretProvider, falling back to use random secrets.
2020-06-23 00:53:38,489 [Listener at 127.0.0.1/10500] WARN  http.HttpRequestLog (HttpRequestLog.java:getRequestLog(103)) - Jetty request log can only be enabled using Log4j
2020-06-23 00:53:38,489 [Listener at 127.0.0.1/10500] INFO  http.HttpServer2 (HttpServer2.java:addGlobalFilter(993)) - Added global filter 'safety' (class=org.apache.hadoop.hdds.server.http.HttpServer2$QuotingInputFilter)
2020-06-23 00:53:38,490 [Listener at 127.0.0.1/10500] INFO  http.HttpServer2 (HttpServer2.java:addFilter(969)) - Added filter authentication (class=org.apache.hadoop.security.authentication.server.AuthenticationFilter) to context hddsDatanode
2020-06-23 00:53:38,490 [Listener at 127.0.0.1/10500] INFO  http.HttpServer2 (HttpServer2.java:addFilter(977)) - Added filter authentication (class=org.apache.hadoop.security.authentication.server.AuthenticationFilter) to context logs
2020-06-23 00:53:38,490 [Listener at 127.0.0.1/10500] INFO  http.HttpServer2 (HttpServer2.java:addFilter(977)) - Added filter authentication (class=org.apache.hadoop.security.authentication.server.AuthenticationFilter) to context static
2020-06-23 00:53:38,490 [Listener at 127.0.0.1/10500] INFO  http.HttpServer2 (HttpServer2.java:bindListener(1211)) - Jetty bound to port 42193
2020-06-23 00:53:38,490 [Listener at 127.0.0.1/10500] INFO  server.Server (Server.java:doStart(359)) - jetty-9.4.26.v20200117; built: 2020-01-17T12:35:33.676Z; git: 7b38981d25d14afb4a12ff1f2596756144edf695; jvm 1.8.0_232-b09
2020-06-23 00:53:38,491 [Listener at 127.0.0.1/10500] INFO  server.session (DefaultSessionIdManager.java:doStart(333)) - DefaultSessionIdManager workerName=node0
2020-06-23 00:53:38,492 [Listener at 127.0.0.1/10500] INFO  server.session (DefaultSessionIdManager.java:doStart(338)) - No SessionScavenger set, using defaults
2020-06-23 00:53:38,492 [Listener at 127.0.0.1/10500] INFO  server.session (HouseKeeper.java:startScavenging(140)) - node0 Scavenging every 660000ms
2020-06-23 00:53:38,492 [Listener at 127.0.0.1/10500] INFO  server.AuthenticationFilter (AuthenticationFilter.java:constructSecretProvider(240)) - Unable to initialize FileSignerSecretProvider, falling back to use random secrets.
2020-06-23 00:53:38,493 [Listener at 127.0.0.1/10500] INFO  handler.ContextHandler (ContextHandler.java:doStart(825)) - Started o.e.j.s.ServletContextHandler@29ab6b52{logs,/logs,file:///github/workspace/mnt/ozone/hadoop-ozone/integration-test/target/log,AVAILABLE}
2020-06-23 00:53:38,493 [Listener at 127.0.0.1/10500] INFO  handler.ContextHandler (ContextHandler.java:doStart(825)) - Started o.e.j.s.ServletContextHandler@606aa360{static,/static,jar:file:/home/user/.m2/repository/org/apache/hadoop/hadoop-hdds-container-service/0.6.0-SNAPSHOT/hadoop-hdds-container-service-0.6.0-SNAPSHOT.jar!/webapps/static,AVAILABLE}
2020-06-23 00:53:38,510 [Listener at 127.0.0.1/10500] INFO  handler.ContextHandler (ContextHandler.java:doStart(825)) - Started o.e.j.w.WebAppContext@5b31443c{hddsDatanode,/,file:///tmp/jetty-0_0_0_0-42193-hadoop-hdds-container-service-0_6_0-SNAPSHOT_jar-_-any-354249222551485329.dir/webapp/,AVAILABLE}{jar:file:/home/user/.m2/repository/org/apache/hadoop/hadoop-hdds-container-service/0.6.0-SNAPSHOT/hadoop-hdds-container-service-0.6.0-SNAPSHOT.jar!/webapps/hddsDatanode}
2020-06-23 00:53:38,512 [Listener at 127.0.0.1/10500] INFO  server.AbstractConnector (AbstractConnector.java:doStart(330)) - Started ServerConnector@2769b7da{HTTP/1.1,[http/1.1]}{0.0.0.0:42193}
2020-06-23 00:53:38,512 [Listener at 127.0.0.1/10500] INFO  server.Server (Server.java:doStart(399)) - Started @130543ms
2020-06-23 00:53:38,512 [Listener at 127.0.0.1/10500] WARN  impl.MetricsSystemImpl (MetricsSystemImpl.java:register(276)) - Sink prometheus already exists!
2020-06-23 00:53:38,515 [Listener at 127.0.0.1/10500] INFO  http.BaseHttpServer (BaseHttpServer.java:updateConnectorAddress(325)) - HTTP server of hddsDatanode listening at http://0.0.0.0:42193
2020-06-23 00:53:38,515 [Listener at 127.0.0.1/10500] INFO  impl.MetricsSystemImpl (MetricsSystemImpl.java:init(158)) - HddsDatanode metrics system started (again)
2020-06-23 00:53:38,518 [Listener at 127.0.0.1/10500] INFO  ozone.HddsDatanodeService (HddsDatanodeService.java:start(197)) - HddsDatanodeService host:9d1457b60c89 ip:172.17.0.2
2020-06-23 00:53:38,519 [Listener at 127.0.0.1/10500] INFO  volume.HddsVolume (HddsVolume.java:<init>(176)) - Creating Volume: /github/workspace/mnt/ozone/hadoop-ozone/integration-test/target/test-dir/MiniOzoneClusterImpl-f92917fd-56ab-4efb-8d16-f1477a8498e7/datanode-2/data-0/containers/hdds of storage type : DISK and capacity : 9223372036854775807
2020-06-23 00:53:38,519 [Listener at 127.0.0.1/10500] INFO  volume.MutableVolumeSet (MutableVolumeSet.java:initializeVolumeSet(181)) - Added Volume : /github/workspace/mnt/ozone/hadoop-ozone/integration-test/target/test-dir/MiniOzoneClusterImpl-f92917fd-56ab-4efb-8d16-f1477a8498e7/datanode-2/data-0/containers/hdds to VolumeSet
2020-06-23 00:53:38,519 [Listener at 127.0.0.1/10500] INFO  volume.ThrottledAsyncChecker (ThrottledAsyncChecker.java:schedule(141)) - Scheduling a check for /github/workspace/mnt/ozone/hadoop-ozone/integration-test/target/test-dir/MiniOzoneClusterImpl-f92917fd-56ab-4efb-8d16-f1477a8498e7/datanode-2/data-0/containers/hdds
2020-06-23 00:53:38,520 [Listener at 127.0.0.1/10500] INFO  volume.HddsVolumeChecker (HddsVolumeChecker.java:checkAllVolumes(200)) - Scheduled health check for volume /github/workspace/mnt/ozone/hadoop-ozone/integration-test/target/test-dir/MiniOzoneClusterImpl-f92917fd-56ab-4efb-8d16-f1477a8498e7/datanode-2/data-0/containers/hdds
2020-06-23 00:53:38,543 [org.apache.hadoop.util.JvmPauseMonitor$Monitor@32900bc9] INFO  util.JvmPauseMonitor (JvmPauseMonitor.java:run(188)) - Starting JVM pause monitor
2020-06-23 00:53:38,545 [Listener at 127.0.0.1/10500] INFO  impl.RaftServerProxy (ConfUtils.java:logGet(44)) - raft.rpc.type = GRPC (default)
2020-06-23 00:53:38,545 [Listener at 127.0.0.1/10500] INFO  grpc.GrpcFactory (GrpcFactory.java:checkPooledByteBufAllocatorUseCacheForAllThreads(45)) - PERFORMANCE WARNING: useCacheForAllThreads is true that may cause Netty to create a lot garbage objects and, as a result, trigger GC.
	It is recommended to disable useCacheForAllThreads by setting -Dorg.apache.ratis.thirdparty.io.netty.allocator.useCacheForAllThreads=false in command line.
2020-06-23 00:53:38,545 [Listener at 127.0.0.1/10500] INFO  grpc.GrpcConfigKeys (ConfUtils.java:logGet(44)) - raft.grpc.server.port = 0 (default)
2020-06-23 00:53:38,545 [Listener at 127.0.0.1/10500] INFO  server.GrpcService (ConfUtils.java:logGet(44)) - raft.grpc.message.size.max = 32MB (=33554432) (custom)
2020-06-23 00:53:38,545 [Listener at 127.0.0.1/10500] INFO  server.RaftServerConfigKeys (ConfUtils.java:logGet(44)) - raft.server.log.appender.buffer.byte-limit = 33554432 (custom)
2020-06-23 00:53:38,545 [Listener at 127.0.0.1/10500] INFO  server.GrpcService (ConfUtils.java:logGet(44)) - raft.grpc.flow.control.window = 5MB (=5242880) (custom)
2020-06-23 00:53:38,545 [Listener at 127.0.0.1/10500] INFO  server.RaftServerConfigKeys (ConfUtils.java:logGet(44)) - raft.server.rpc.request.timeout = 60s (custom)
2020-06-23 00:53:38,546 [Listener at 127.0.0.1/10500] INFO  server.RaftServerConfigKeys (ConfUtils.java:logGet(44)) - raft.server.storage.dir = [/github/workspace/mnt/ozone/hadoop-ozone/integration-test/target/test-dir/MiniOzoneClusterImpl-f92917fd-56ab-4efb-8d16-f1477a8498e7/datanode-2/data/ratis] (custom)
2020-06-23 00:53:38,550 [Listener at 127.0.0.1/10500] INFO  http.BaseHttpServer (BaseHttpServer.java:newHttpServer2BuilderForOzone(205)) - Starting Web-server for hddsDatanode at: http://0.0.0.0:0
2020-06-23 00:53:38,551 [Listener at 127.0.0.1/10500] INFO  http.BaseHttpServer (BaseHttpServer.java:<init>(106)) - Hadoop Security Enabled: false Ozone Security Enabled: false Ozone HTTP Security Enabled: false 
2020-06-23 00:53:38,551 [Listener at 127.0.0.1/10500] INFO  server.AuthenticationFilter (AuthenticationFilter.java:constructSecretProvider(240)) - Unable to initialize FileSignerSecretProvider, falling back to use random secrets.
2020-06-23 00:53:38,552 [Datanode State Machine Thread - 0] INFO  datanode.InitDatanodeState (InitDatanodeState.java:persistContainerDatanodeDetails(145)) - DatanodeDetails is persisted to /github/workspace/mnt/ozone/hadoop-ozone/integration-test/target/test-dir/MiniOzoneClusterImpl-f92917fd-56ab-4efb-8d16-f1477a8498e7/datanode-1/meta/datanode.id
2020-06-23 00:53:38,552 [Listener at 127.0.0.1/10500] WARN  http.HttpRequestLog (HttpRequestLog.java:getRequestLog(103)) - Jetty request log can only be enabled using Log4j
2020-06-23 00:53:38,556 [Listener at 127.0.0.1/10500] INFO  http.HttpServer2 (HttpServer2.java:addGlobalFilter(993)) - Added global filter 'safety' (class=org.apache.hadoop.hdds.server.http.HttpServer2$QuotingInputFilter)
2020-06-23 00:53:38,556 [Listener at 127.0.0.1/10500] INFO  http.HttpServer2 (HttpServer2.java:addFilter(969)) - Added filter authentication (class=org.apache.hadoop.security.authentication.server.AuthenticationFilter) to context hddsDatanode
2020-06-23 00:53:38,556 [Listener at 127.0.0.1/10500] INFO  http.HttpServer2 (HttpServer2.java:addFilter(977)) - Added filter authentication (class=org.apache.hadoop.security.authentication.server.AuthenticationFilter) to context logs
2020-06-23 00:53:38,556 [Listener at 127.0.0.1/10500] INFO  http.HttpServer2 (HttpServer2.java:addFilter(977)) - Added filter authentication (class=org.apache.hadoop.security.authentication.server.AuthenticationFilter) to context static
2020-06-23 00:53:38,558 [Listener at 127.0.0.1/10500] INFO  http.HttpServer2 (HttpServer2.java:bindListener(1211)) - Jetty bound to port 34029
2020-06-23 00:53:38,558 [Listener at 127.0.0.1/10500] INFO  server.Server (Server.java:doStart(359)) - jetty-9.4.26.v20200117; built: 2020-01-17T12:35:33.676Z; git: 7b38981d25d14afb4a12ff1f2596756144edf695; jvm 1.8.0_232-b09
2020-06-23 00:53:38,559 [Listener at 127.0.0.1/10500] INFO  server.session (DefaultSessionIdManager.java:doStart(333)) - DefaultSessionIdManager workerName=node0
2020-06-23 00:53:38,560 [Listener at 127.0.0.1/10500] INFO  server.session (DefaultSessionIdManager.java:doStart(338)) - No SessionScavenger set, using defaults
2020-06-23 00:53:38,560 [Listener at 127.0.0.1/10500] INFO  server.session (HouseKeeper.java:startScavenging(140)) - node0 Scavenging every 660000ms
2020-06-23 00:53:38,560 [Listener at 127.0.0.1/10500] INFO  server.AuthenticationFilter (AuthenticationFilter.java:constructSecretProvider(240)) - Unable to initialize FileSignerSecretProvider, falling back to use random secrets.
2020-06-23 00:53:38,561 [Listener at 127.0.0.1/10500] INFO  handler.ContextHandler (ContextHandler.java:doStart(825)) - Started o.e.j.s.ServletContextHandler@90186f2{logs,/logs,file:///github/workspace/mnt/ozone/hadoop-ozone/integration-test/target/log,AVAILABLE}
2020-06-23 00:53:38,561 [Listener at 127.0.0.1/10500] INFO  handler.ContextHandler (ContextHandler.java:doStart(825)) - Started o.e.j.s.ServletContextHandler@9a16914{static,/static,jar:file:/home/user/.m2/repository/org/apache/hadoop/hadoop-hdds-container-service/0.6.0-SNAPSHOT/hadoop-hdds-container-service-0.6.0-SNAPSHOT.jar!/webapps/static,AVAILABLE}
2020-06-23 00:53:38,580 [Listener at 127.0.0.1/10500] INFO  handler.ContextHandler (ContextHandler.java:doStart(825)) - Started o.e.j.w.WebAppContext@a6f75c9{hddsDatanode,/,file:///tmp/jetty-0_0_0_0-34029-hadoop-hdds-container-service-0_6_0-SNAPSHOT_jar-_-any-267464599576234712.dir/webapp/,AVAILABLE}{jar:file:/home/user/.m2/repository/org/apache/hadoop/hadoop-hdds-container-service/0.6.0-SNAPSHOT/hadoop-hdds-container-service-0.6.0-SNAPSHOT.jar!/webapps/hddsDatanode}
2020-06-23 00:53:38,582 [Listener at 127.0.0.1/10500] INFO  server.AbstractConnector (AbstractConnector.java:doStart(330)) - Started ServerConnector@10761a95{HTTP/1.1,[http/1.1]}{0.0.0.0:34029}
2020-06-23 00:53:38,582 [Listener at 127.0.0.1/10500] INFO  server.Server (Server.java:doStart(399)) - Started @130612ms
2020-06-23 00:53:38,582 [Listener at 127.0.0.1/10500] WARN  impl.MetricsSystemImpl (MetricsSystemImpl.java:register(276)) - Sink prometheus already exists!
2020-06-23 00:53:38,585 [Listener at 127.0.0.1/10500] INFO  http.BaseHttpServer (BaseHttpServer.java:updateConnectorAddress(325)) - HTTP server of hddsDatanode listening at http://0.0.0.0:34029
2020-06-23 00:53:38,585 [Listener at 127.0.0.1/10500] INFO  ozone.MiniOzoneClusterImpl (MiniOzoneClusterImpl.java:lambda$waitForClusterToBeReady$0(177)) - Waiting for nodes to be ready. Got 0 of 3 DN Heartbeats.
2020-06-23 00:53:38,585 [Listener at 127.0.0.1/10500] INFO  ozone.MiniOzoneClusterImpl (MiniOzoneClusterImpl.java:lambda$waitForClusterToBeReady$0(180)) - Waiting for cluster to exit safe mode
2020-06-23 00:53:38,595 [org.apache.hadoop.util.JvmPauseMonitor$Monitor@443424ee] INFO  util.JvmPauseMonitor (JvmPauseMonitor.java:run(188)) - Starting JVM pause monitor
2020-06-23 00:53:38,597 [Datanode State Machine Thread - 0] INFO  datanode.InitDatanodeState (InitDatanodeState.java:persistContainerDatanodeDetails(145)) - DatanodeDetails is persisted to /github/workspace/mnt/ozone/hadoop-ozone/integration-test/target/test-dir/MiniOzoneClusterImpl-f92917fd-56ab-4efb-8d16-f1477a8498e7/datanode-2/meta/datanode.id
2020-06-23 00:53:39,252 [Thread-2362] INFO  impl.FollowerState (FollowerState.java:run(108)) - omNode-2@group-523986131536-FollowerState: change to CANDIDATE, lastRpcTime:1015ms, electionTimeout:1015ms
2020-06-23 00:53:39,252 [Thread-2362] INFO  impl.RoleInfo (RoleInfo.java:shutdownFollowerState(121)) - omNode-2: shutdown FollowerState
2020-06-23 00:53:39,253 [Thread-2362] INFO  impl.RaftServerImpl (RaftServerImpl.java:setRole(175)) - omNode-2@group-523986131536: changes role from  FOLLOWER to CANDIDATE at term 0 for changeToCandidate
2020-06-23 00:53:39,253 [Thread-2362] INFO  impl.RoleInfo (RoleInfo.java:updateAndGet(143)) - omNode-2: start LeaderElection
2020-06-23 00:53:39,255 [omNode-2@group-523986131536-LeaderElection37] INFO  impl.LeaderElection (LeaderElection.java:askForVotes(206)) - omNode-2@group-523986131536-LeaderElection37: begin an election at term 1 for -1: [omNode-3:localhost:10504, omNode-1:localhost:10492, omNode-2:localhost:10498], old=null
2020-06-23 00:53:39,256 [omNode-2@group-523986131536-LeaderElection37] INFO  ratis.OzoneManagerStateMachine (OzoneManagerStateMachine.java:getLatestSnapshot(147)) - Latest Snapshot Info 0#-1
2020-06-23 00:53:39,270 [grpc-default-executor-0] INFO  impl.RaftServerImpl (RaftServerImpl.java:setRole(175)) - omNode-3@group-523986131536: changes role from  FOLLOWER to FOLLOWER at term 1 for recognizeCandidate:omNode-2
2020-06-23 00:53:39,270 [grpc-default-executor-0] INFO  impl.RoleInfo (RoleInfo.java:shutdownFollowerState(121)) - omNode-3: shutdown FollowerState
2020-06-23 00:53:39,270 [grpc-default-executor-0] INFO  impl.RoleInfo (RoleInfo.java:updateAndGet(143)) - omNode-3: start FollowerState
2020-06-23 00:53:39,270 [Thread-2401] INFO  impl.FollowerState (FollowerState.java:run(117)) - omNode-3@group-523986131536-FollowerState was interrupted: java.lang.InterruptedException: sleep interrupted
2020-06-23 00:53:39,276 [grpc-default-executor-5] INFO  impl.RaftServerImpl (RaftServerImpl.java:setRole(175)) - omNode-1@group-523986131536: changes role from  FOLLOWER to FOLLOWER at term 1 for recognizeCandidate:omNode-2
2020-06-23 00:53:39,277 [grpc-default-executor-5] INFO  impl.RoleInfo (RoleInfo.java:shutdownFollowerState(121)) - omNode-1: shutdown FollowerState
2020-06-23 00:53:39,277 [grpc-default-executor-5] INFO  impl.RoleInfo (RoleInfo.java:updateAndGet(143)) - omNode-1: start FollowerState
2020-06-23 00:53:39,277 [Thread-2323] INFO  impl.FollowerState (FollowerState.java:run(117)) - omNode-1@group-523986131536-FollowerState was interrupted: java.lang.InterruptedException: sleep interrupted
2020-06-23 00:53:39,277 [grpc-default-executor-5] INFO  ratis.OzoneManagerStateMachine (OzoneManagerStateMachine.java:getLatestSnapshot(147)) - Latest Snapshot Info 0#-1
2020-06-23 00:53:39,278 [grpc-default-executor-0] INFO  ratis.OzoneManagerStateMachine (OzoneManagerStateMachine.java:getLatestSnapshot(147)) - Latest Snapshot Info 0#-1
2020-06-23 00:53:39,280 [omNode-2@group-523986131536-LeaderElection37] INFO  impl.LeaderElection (LeaderElection.java:logAndReturn(61)) - omNode-2@group-523986131536-LeaderElection37: Election PASSED; received 1 response(s) [omNode-2<-omNode-3#0:OK-t1] and 0 exception(s); omNode-2@group-523986131536:t1, leader=null, voted=omNode-2, raftlog=omNode-2@group-523986131536-SegmentedRaftLog:OPENED:c-1,f-1,i0, conf=-1: [omNode-3:localhost:10504, omNode-1:localhost:10492, omNode-2:localhost:10498], old=null
2020-06-23 00:53:39,281 [omNode-2@group-523986131536-LeaderElection37] INFO  impl.RoleInfo (RoleInfo.java:shutdownLeaderElection(134)) - omNode-2: shutdown LeaderElection
2020-06-23 00:53:39,281 [omNode-2@group-523986131536-LeaderElection37] INFO  impl.RaftServerImpl (RaftServerImpl.java:setRole(175)) - omNode-2@group-523986131536: changes role from CANDIDATE to LEADER at term 1 for changeToLeader
2020-06-23 00:53:39,281 [omNode-2@group-523986131536-LeaderElection37] INFO  impl.RaftServerImpl (ServerState.java:setLeader(255)) - omNode-2@group-523986131536: change Leader from null to omNode-2 at term 1 for becomeLeader, leader elected after 1071ms
2020-06-23 00:53:39,281 [omNode-2@group-523986131536-LeaderElection37] INFO  server.RaftServerConfigKeys (ConfUtils.java:logGet(44)) - raft.server.staging.catchup.gap = 1000 (default)
2020-06-23 00:53:39,281 [omNode-2@group-523986131536-LeaderElection37] INFO  server.RaftServerConfigKeys (ConfUtils.java:logGet(44)) - raft.server.rpc.sleep.time = 25ms (default)
2020-06-23 00:53:39,281 [omNode-2@group-523986131536-LeaderElection37] INFO  metrics.RatisMetrics (RatisMetrics.java:lambda$create$0(36)) - Creating Metrics Registry : ratis.log_appender.omNode-2@group-523986131536
2020-06-23 00:53:39,282 [omNode-2@group-523986131536-LeaderElection37] INFO  server.RaftServerConfigKeys (ConfUtils.java:logGet(44)) - raft.server.write.element-limit = 4096 (default)
2020-06-23 00:53:39,282 [omNode-2@group-523986131536-LeaderElection37] INFO  server.RaftServerConfigKeys (ConfUtils.java:logGet(44)) - raft.server.write.byte-limit = 64MB (=67108864) (default)
2020-06-23 00:53:39,282 [omNode-2@group-523986131536-LeaderElection37] INFO  server.RaftServerConfigKeys (ConfUtils.java:logGet(44)) - raft.server.watch.timeout = 10s (default)
2020-06-23 00:53:39,282 [omNode-2@group-523986131536-LeaderElection37] INFO  server.RaftServerConfigKeys (ConfUtils.java:logGet(44)) - raft.server.watch.timeout.denomination = 1s (default)
2020-06-23 00:53:39,282 [omNode-2@group-523986131536-LeaderElection37] INFO  server.RaftServerConfigKeys (ConfUtils.java:logGet(44)) - raft.server.watch.element-limit = 65536 (default)
2020-06-23 00:53:39,282 [omNode-2@group-523986131536-LeaderElection37] INFO  server.RaftServerConfigKeys (ConfUtils.java:logGet(44)) - raft.server.log.appender.snapshot.chunk.size.max = 16MB (=16777216) (default)
2020-06-23 00:53:39,282 [omNode-2@group-523986131536-LeaderElection37] INFO  server.RaftServerConfigKeys (ConfUtils.java:logGet(44)) - raft.server.log.appender.buffer.byte-limit = 33554432 (custom)
2020-06-23 00:53:39,282 [omNode-2@group-523986131536-LeaderElection37] INFO  server.RaftServerConfigKeys (ConfUtils.java:logGet(44)) - raft.server.log.appender.buffer.element-limit = 1024 (custom)
2020-06-23 00:53:39,283 [omNode-2@group-523986131536-LeaderElection37] INFO  grpc.GrpcConfigKeys (ConfUtils.java:logGet(44)) - raft.grpc.server.leader.outstanding.appends.max = 128 (default)
2020-06-23 00:53:39,283 [omNode-2@group-523986131536-LeaderElection37] INFO  server.RaftServerConfigKeys (ConfUtils.java:logGet(44)) - raft.server.rpc.request.timeout = 3000ms (default)
2020-06-23 00:53:39,283 [omNode-2@group-523986131536-LeaderElection37] INFO  server.RaftServerConfigKeys (ConfUtils.java:logGet(44)) - raft.server.log.appender.install.snapshot.enabled = false (custom)
2020-06-23 00:53:39,283 [omNode-2@group-523986131536-LeaderElection37] INFO  metrics.RatisMetrics (RatisMetrics.java:lambda$create$0(36)) - Creating Metrics Registry : ratis_grpc.log_appender.omNode-2@group-523986131536
2020-06-23 00:53:39,284 [omNode-2@group-523986131536-LeaderElection37] INFO  server.RaftServerConfigKeys (ConfUtils.java:logGet(44)) - raft.server.log.appender.snapshot.chunk.size.max = 16MB (=16777216) (default)
2020-06-23 00:53:39,285 [omNode-2@group-523986131536-LeaderElection37] INFO  server.RaftServerConfigKeys (ConfUtils.java:logGet(44)) - raft.server.log.appender.buffer.byte-limit = 33554432 (custom)
2020-06-23 00:53:39,285 [omNode-2@group-523986131536-LeaderElection37] INFO  server.RaftServerConfigKeys (ConfUtils.java:logGet(44)) - raft.server.log.appender.buffer.element-limit = 1024 (custom)
2020-06-23 00:53:39,285 [omNode-2@group-523986131536-LeaderElection37] INFO  grpc.GrpcConfigKeys (ConfUtils.java:logGet(44)) - raft.grpc.server.leader.outstanding.appends.max = 128 (default)
2020-06-23 00:53:39,285 [omNode-2@group-523986131536-LeaderElection37] INFO  server.RaftServerConfigKeys (ConfUtils.java:logGet(44)) - raft.server.rpc.request.timeout = 3000ms (default)
2020-06-23 00:53:39,285 [omNode-2@group-523986131536-LeaderElection37] INFO  server.RaftServerConfigKeys (ConfUtils.java:logGet(44)) - raft.server.log.appender.install.snapshot.enabled = false (custom)
2020-06-23 00:53:39,286 [omNode-2@group-523986131536-LeaderElection37] INFO  impl.RoleInfo (RoleInfo.java:updateAndGet(143)) - omNode-2: start LeaderState
2020-06-23 00:53:39,287 [omNode-2@group-523986131536-LeaderElection37] INFO  segmented.SegmentedRaftLogWorker (SegmentedRaftLogWorker.java:startLogSegment(397)) - omNode-2@group-523986131536-SegmentedRaftLogWorker: Starting segment from index:0
2020-06-23 00:53:39,288 [omNode-2@group-523986131536-SegmentedRaftLogWorker] INFO  segmented.SegmentedRaftLogWorker (SegmentedRaftLogWorker.java:execute(596)) - omNode-2@group-523986131536-SegmentedRaftLogWorker: created new log segment /github/workspace/mnt/ozone/hadoop-ozone/integration-test/target/test-dir/MiniOzoneClusterImpl-f92917fd-56ab-4efb-8d16-f1477a8498e7/omNode-2/ratis/c9bc4cf4-3bc3-3c60-a66b-523986131536/current/log_inprogress_0
2020-06-23 00:53:39,292 [omNode-2@group-523986131536-LeaderElection37] INFO  impl.RaftServerImpl (ServerState.java:setRaftConf(356)) - omNode-2@group-523986131536: set configuration 0: [omNode-3:localhost:10504, omNode-1:localhost:10492, omNode-2:localhost:10498], old=null at 0
2020-06-23 00:53:39,298 [grpc-default-executor-0] INFO  impl.RaftServerImpl (ServerState.java:setLeader(255)) - omNode-3@group-523986131536: change Leader from null to omNode-2 at term 1 for appendEntries, leader elected after 960ms
2020-06-23 00:53:39,300 [grpc-default-executor-5] INFO  impl.RaftServerImpl (ServerState.java:setLeader(255)) - omNode-1@group-523986131536: change Leader from null to omNode-2 at term 1 for appendEntries, leader elected after 1216ms
2020-06-23 00:53:39,307 [grpc-default-executor-0] INFO  ratis.OzoneManagerStateMachine (OzoneManagerStateMachine.java:getLatestSnapshot(147)) - Latest Snapshot Info 0#-1
2020-06-23 00:53:39,308 [grpc-default-executor-0] INFO  impl.RaftServerImpl (ServerState.java:setRaftConf(356)) - omNode-3@group-523986131536: set configuration 0: [omNode-3:localhost:10504, omNode-1:localhost:10492, omNode-2:localhost:10498], old=null at 0
2020-06-23 00:53:39,308 [grpc-default-executor-0] INFO  segmented.SegmentedRaftLogWorker (SegmentedRaftLogWorker.java:startLogSegment(397)) - omNode-3@group-523986131536-SegmentedRaftLogWorker: Starting segment from index:0
2020-06-23 00:53:39,309 [grpc-default-executor-5] INFO  ratis.OzoneManagerStateMachine (OzoneManagerStateMachine.java:getLatestSnapshot(147)) - Latest Snapshot Info 0#-1
2020-06-23 00:53:39,309 [grpc-default-executor-5] INFO  impl.RaftServerImpl (ServerState.java:setRaftConf(356)) - omNode-1@group-523986131536: set configuration 0: [omNode-3:localhost:10504, omNode-1:localhost:10492, omNode-2:localhost:10498], old=null at 0
2020-06-23 00:53:39,309 [grpc-default-executor-5] INFO  segmented.SegmentedRaftLogWorker (SegmentedRaftLogWorker.java:startLogSegment(397)) - omNode-1@group-523986131536-SegmentedRaftLogWorker: Starting segment from index:0
2020-06-23 00:53:39,316 [omNode-1@group-523986131536-SegmentedRaftLogWorker] INFO  segmented.SegmentedRaftLogWorker (SegmentedRaftLogWorker.java:execute(596)) - omNode-1@group-523986131536-SegmentedRaftLogWorker: created new log segment /github/workspace/mnt/ozone/hadoop-ozone/integration-test/target/test-dir/MiniOzoneClusterImpl-f92917fd-56ab-4efb-8d16-f1477a8498e7/omNode-1/ratis/c9bc4cf4-3bc3-3c60-a66b-523986131536/current/log_inprogress_0
2020-06-23 00:53:39,319 [omNode-3@group-523986131536-SegmentedRaftLogWorker] INFO  segmented.SegmentedRaftLogWorker (SegmentedRaftLogWorker.java:execute(596)) - omNode-3@group-523986131536-SegmentedRaftLogWorker: created new log segment /github/workspace/mnt/ozone/hadoop-ozone/integration-test/target/test-dir/MiniOzoneClusterImpl-f92917fd-56ab-4efb-8d16-f1477a8498e7/omNode-3/ratis/c9bc4cf4-3bc3-3c60-a66b-523986131536/current/log_inprogress_0
2020-06-23 00:53:39,585 [Listener at 127.0.0.1/10500] INFO  ozone.MiniOzoneClusterImpl (MiniOzoneClusterImpl.java:lambda$waitForClusterToBeReady$0(177)) - Waiting for nodes to be ready. Got 0 of 3 DN Heartbeats.
2020-06-23 00:53:39,585 [Listener at 127.0.0.1/10500] INFO  ozone.MiniOzoneClusterImpl (MiniOzoneClusterImpl.java:lambda$waitForClusterToBeReady$0(180)) - Waiting for cluster to exit safe mode
2020-06-23 00:53:39,822 [grpc-default-executor-5] INFO  ratis.OzoneManagerStateMachine (OzoneManagerStateMachine.java:getLatestSnapshot(147)) - Latest Snapshot Info 0#-1
2020-06-23 00:53:39,823 [grpc-default-executor-0] INFO  ratis.OzoneManagerStateMachine (OzoneManagerStateMachine.java:getLatestSnapshot(147)) - Latest Snapshot Info 0#-1
2020-06-23 00:53:40,325 [grpc-default-executor-0] INFO  ratis.OzoneManagerStateMachine (OzoneManagerStateMachine.java:getLatestSnapshot(147)) - Latest Snapshot Info 0#-1
2020-06-23 00:53:40,325 [grpc-default-executor-5] INFO  ratis.OzoneManagerStateMachine (OzoneManagerStateMachine.java:getLatestSnapshot(147)) - Latest Snapshot Info 0#-1
2020-06-23 00:53:40,475 [Datanode State Machine Thread - 0] INFO  ozoneimpl.OzoneContainer (OzoneContainer.java:start(232)) - Attempting to start container services.
2020-06-23 00:53:40,476 [Datanode State Machine Thread - 0] INFO  ozoneimpl.OzoneContainer (OzoneContainer.java:startContainerScrub(196)) - Background container scanner has been disabled.
2020-06-23 00:53:40,476 [Datanode State Machine Thread - 0] INFO  ratis.XceiverServerRatis (XceiverServerRatis.java:start(425)) - Starting XceiverServerRatis 56bede4d-db5a-43f7-a72a-ad210340bea2 at port 0
2020-06-23 00:53:40,478 [Datanode State Machine Thread - 0] INFO  impl.RaftServerProxy (RaftServerProxy.java:lambda$start$3(304)) - 56bede4d-db5a-43f7-a72a-ad210340bea2: start RPC server
2020-06-23 00:53:40,479 [Datanode State Machine Thread - 0] INFO  server.GrpcService (GrpcService.java:startImpl(160)) - 56bede4d-db5a-43f7-a72a-ad210340bea2: GrpcService started, listening on 0.0.0.0/0.0.0.0:45017
2020-06-23 00:53:40,479 [Datanode State Machine Thread - 0] INFO  ratis.XceiverServerRatis (XceiverServerRatis.java:start(437)) - XceiverServerRatis 56bede4d-db5a-43f7-a72a-ad210340bea2 is started using port 45017
2020-06-23 00:53:40,485 [Datanode State Machine Thread - 0] INFO  server.XceiverServerGrpc (XceiverServerGrpc.java:start(145)) - XceiverServerGrpc 56bede4d-db5a-43f7-a72a-ad210340bea2 is started using port 42655
2020-06-23 00:53:40,547 [Datanode State Machine Thread - 0] INFO  ozoneimpl.OzoneContainer (OzoneContainer.java:start(232)) - Attempting to start container services.
2020-06-23 00:53:40,547 [Datanode State Machine Thread - 0] INFO  ozoneimpl.OzoneContainer (OzoneContainer.java:startContainerScrub(196)) - Background container scanner has been disabled.
2020-06-23 00:53:40,547 [Datanode State Machine Thread - 0] INFO  ratis.XceiverServerRatis (XceiverServerRatis.java:start(425)) - Starting XceiverServerRatis 7547e213-9149-4a92-9829-cadc9d981393 at port 0
2020-06-23 00:53:40,548 [Datanode State Machine Thread - 0] INFO  impl.RaftServerProxy (RaftServerProxy.java:lambda$start$3(304)) - 7547e213-9149-4a92-9829-cadc9d981393: start RPC server
2020-06-23 00:53:40,552 [Datanode State Machine Thread - 0] INFO  server.GrpcService (GrpcService.java:startImpl(160)) - 7547e213-9149-4a92-9829-cadc9d981393: GrpcService started, listening on 0.0.0.0/0.0.0.0:46277
2020-06-23 00:53:40,552 [Datanode State Machine Thread - 0] INFO  ratis.XceiverServerRatis (XceiverServerRatis.java:start(437)) - XceiverServerRatis 7547e213-9149-4a92-9829-cadc9d981393 is started using port 46277
2020-06-23 00:53:40,553 [Datanode State Machine Thread - 0] INFO  server.XceiverServerGrpc (XceiverServerGrpc.java:start(145)) - XceiverServerGrpc 7547e213-9149-4a92-9829-cadc9d981393 is started using port 42583
2020-06-23 00:53:40,586 [Listener at 127.0.0.1/10500] INFO  ozone.MiniOzoneClusterImpl (MiniOzoneClusterImpl.java:lambda$waitForClusterToBeReady$0(177)) - Waiting for nodes to be ready. Got 0 of 3 DN Heartbeats.
2020-06-23 00:53:40,586 [Listener at 127.0.0.1/10500] INFO  ozone.MiniOzoneClusterImpl (MiniOzoneClusterImpl.java:lambda$waitForClusterToBeReady$0(180)) - Waiting for cluster to exit safe mode
2020-06-23 00:53:40,597 [Datanode State Machine Thread - 0] INFO  ozoneimpl.OzoneContainer (OzoneContainer.java:start(232)) - Attempting to start container services.
2020-06-23 00:53:40,597 [Datanode State Machine Thread - 0] INFO  ozoneimpl.OzoneContainer (OzoneContainer.java:startContainerScrub(196)) - Background container scanner has been disabled.
2020-06-23 00:53:40,598 [Datanode State Machine Thread - 0] INFO  ratis.XceiverServerRatis (XceiverServerRatis.java:start(425)) - Starting XceiverServerRatis 2e41215c-8520-439a-b0d0-78bebb885bfb at port 0
2020-06-23 00:53:40,598 [Datanode State Machine Thread - 0] INFO  impl.RaftServerProxy (RaftServerProxy.java:lambda$start$3(304)) - 2e41215c-8520-439a-b0d0-78bebb885bfb: start RPC server
2020-06-23 00:53:40,599 [Datanode State Machine Thread - 0] INFO  server.GrpcService (GrpcService.java:startImpl(160)) - 2e41215c-8520-439a-b0d0-78bebb885bfb: GrpcService started, listening on 0.0.0.0/0.0.0.0:43419
2020-06-23 00:53:40,599 [Datanode State Machine Thread - 0] INFO  ratis.XceiverServerRatis (XceiverServerRatis.java:start(437)) - XceiverServerRatis 2e41215c-8520-439a-b0d0-78bebb885bfb is started using port 43419
2020-06-23 00:53:40,600 [Datanode State Machine Thread - 0] INFO  server.XceiverServerGrpc (XceiverServerGrpc.java:start(145)) - XceiverServerGrpc 2e41215c-8520-439a-b0d0-78bebb885bfb is started using port 40135
2020-06-23 00:53:40,827 [grpc-default-executor-0] INFO  ratis.OzoneManagerStateMachine (OzoneManagerStateMachine.java:getLatestSnapshot(147)) - Latest Snapshot Info 0#-1
2020-06-23 00:53:40,827 [grpc-default-executor-5] INFO  ratis.OzoneManagerStateMachine (OzoneManagerStateMachine.java:getLatestSnapshot(147)) - Latest Snapshot Info 0#-1
2020-06-23 00:53:41,330 [grpc-default-executor-5] INFO  ratis.OzoneManagerStateMachine (OzoneManagerStateMachine.java:getLatestSnapshot(147)) - Latest Snapshot Info 0#-1
2020-06-23 00:53:41,330 [grpc-default-executor-0] INFO  ratis.OzoneManagerStateMachine (OzoneManagerStateMachine.java:getLatestSnapshot(147)) - Latest Snapshot Info 0#-1
2020-06-23 00:53:41,586 [Listener at 127.0.0.1/10500] INFO  ozone.MiniOzoneClusterImpl (MiniOzoneClusterImpl.java:lambda$waitForClusterToBeReady$0(177)) - Waiting for nodes to be ready. Got 0 of 3 DN Heartbeats.
2020-06-23 00:53:41,586 [Listener at 127.0.0.1/10500] INFO  ozone.MiniOzoneClusterImpl (MiniOzoneClusterImpl.java:lambda$waitForClusterToBeReady$0(180)) - Waiting for cluster to exit safe mode
2020-06-23 00:53:41,832 [grpc-default-executor-0] INFO  ratis.OzoneManagerStateMachine (OzoneManagerStateMachine.java:getLatestSnapshot(147)) - Latest Snapshot Info 0#-1
2020-06-23 00:53:41,834 [grpc-default-executor-0] INFO  ratis.OzoneManagerStateMachine (OzoneManagerStateMachine.java:getLatestSnapshot(147)) - Latest Snapshot Info 0#-1
2020-06-23 00:53:42,334 [grpc-default-executor-0] INFO  ratis.OzoneManagerStateMachine (OzoneManagerStateMachine.java:getLatestSnapshot(147)) - Latest Snapshot Info 0#-1
2020-06-23 00:53:42,335 [grpc-default-executor-0] INFO  ratis.OzoneManagerStateMachine (OzoneManagerStateMachine.java:getLatestSnapshot(147)) - Latest Snapshot Info 0#-1
2020-06-23 00:53:42,470 [IPC Server handler 0 on default port 43151] INFO  net.NetworkTopology (NetworkTopologyImpl.java:add(111)) - Added a new node: /default-rack/56bede4d-db5a-43f7-a72a-ad210340bea2
2020-06-23 00:53:42,470 [IPC Server handler 0 on default port 43151] INFO  node.SCMNodeManager (SCMNodeManager.java:register(268)) - Registered Data node : 56bede4d-db5a-43f7-a72a-ad210340bea2{ip: 172.17.0.2, host: 9d1457b60c89, networkLocation: /default-rack, certSerialId: null}
2020-06-23 00:53:42,472 [EventQueue-NodeRegistrationContainerReportForDataNodeSafeModeRule] INFO  safemode.SCMSafeModeManager (DataNodeSafeModeRule.java:process(71)) - SCM in safe mode. 1 DataNodes registered, 1 required.
2020-06-23 00:53:42,472 [EventQueue-NodeRegistrationContainerReportForDataNodeSafeModeRule] INFO  safemode.SCMSafeModeManager (SCMSafeModeManager.java:validateSafeModeExitRules(214)) - DataNodeSafeModeRule rule is successfully validated
2020-06-23 00:53:42,472 [EventQueue-NodeRegistrationContainerReportForDataNodeSafeModeRule] INFO  safemode.SCMSafeModeManager (SCMSafeModeManager.java:completePreCheck(242)) - All SCM safe mode pre check rules have passed
2020-06-23 00:53:42,473 [RatisPipelineUtilsThread] INFO  pipeline.RatisPipelineProvider (RatisPipelineProvider.java:lambda$create$0(138)) - Sending CreatePipelineCommand for pipeline:PipelineID=7a000cba-6fbd-4e60-8cfe-e13c97f4cac6 to datanode:56bede4d-db5a-43f7-a72a-ad210340bea2
2020-06-23 00:53:42,474 [EventQueue-NodeRegistrationContainerReportForContainerSafeModeRule] INFO  safemode.SCMSafeModeManager (SCMSafeModeManager.java:validateSafeModeExitRules(214)) - ContainerSafeModeRule rule is successfully validated
2020-06-23 00:53:42,475 [RatisPipelineUtilsThread] INFO  pipeline.PipelineStateManager (PipelineStateManager.java:addPipeline(54)) - Created pipeline Pipeline[ Id: 7a000cba-6fbd-4e60-8cfe-e13c97f4cac6, Nodes: 56bede4d-db5a-43f7-a72a-ad210340bea2{ip: 172.17.0.2, host: 9d1457b60c89, networkLocation: /default-rack, certSerialId: null}, Type:RATIS, Factor:ONE, State:ALLOCATED, leaderId:, CreationTimestamp2020-06-23T00:53:42.473Z]
2020-06-23 00:53:42,475 [RatisPipelineUtilsThread] ERROR pipeline.SCMPipelineManager (SCMPipelineManager.java:createPipeline(222)) - Failed to create pipeline of type RATIS and factor ONE. Exception: Cannot create pipeline of factor 1 using 0 nodes. Used 1 nodes. Healthy nodes 1
2020-06-23 00:53:42,476 [RatisPipelineUtilsThread] WARN  pipeline.PipelinePlacementPolicy (PipelinePlacementPolicy.java:filterViableNodes(133)) - Pipeline creation failed due to no sufficient healthy datanodes. Required 3. Found 1.
2020-06-23 00:53:42,476 [RatisPipelineUtilsThread] ERROR pipeline.SCMPipelineManager (SCMPipelineManager.java:createPipeline(222)) - Failed to create pipeline of type RATIS and factor THREE. Exception: Pipeline creation failed due to no sufficient healthy datanodes. Required 3. Found 1.
2020-06-23 00:53:42,544 [IPC Server handler 1 on default port 43151] INFO  net.NetworkTopology (NetworkTopologyImpl.java:add(111)) - Added a new node: /default-rack/7547e213-9149-4a92-9829-cadc9d981393
2020-06-23 00:53:42,544 [IPC Server handler 1 on default port 43151] INFO  node.SCMNodeManager (SCMNodeManager.java:register(268)) - Registered Data node : 7547e213-9149-4a92-9829-cadc9d981393{ip: 172.17.0.2, host: 9d1457b60c89, networkLocation: /default-rack, certSerialId: null}
2020-06-23 00:53:42,545 [RatisPipelineUtilsThread] INFO  pipeline.RatisPipelineProvider (RatisPipelineProvider.java:lambda$create$0(138)) - Sending CreatePipelineCommand for pipeline:PipelineID=a5db8de6-794a-4b33-9212-a93d650c4efd to datanode:7547e213-9149-4a92-9829-cadc9d981393
2020-06-23 00:53:42,545 [EventQueue-NodeRegistrationContainerReportForDataNodeSafeModeRule] INFO  safemode.SCMSafeModeManager (SCMSafeModeManager.java:validateSafeModeExitRules(214)) - DataNodeSafeModeRule rule is successfully validated
2020-06-23 00:53:42,545 [RatisPipelineUtilsThread] INFO  pipeline.PipelineStateManager (PipelineStateManager.java:addPipeline(54)) - Created pipeline Pipeline[ Id: a5db8de6-794a-4b33-9212-a93d650c4efd, Nodes: 7547e213-9149-4a92-9829-cadc9d981393{ip: 172.17.0.2, host: 9d1457b60c89, networkLocation: /default-rack, certSerialId: null}, Type:RATIS, Factor:ONE, State:ALLOCATED, leaderId:, CreationTimestamp2020-06-23T00:53:42.545Z]
2020-06-23 00:53:42,546 [RatisPipelineUtilsThread] ERROR pipeline.SCMPipelineManager (SCMPipelineManager.java:createPipeline(222)) - Failed to create pipeline of type RATIS and factor ONE. Exception: Cannot create pipeline of factor 1 using 0 nodes. Used 2 nodes. Healthy nodes 2
2020-06-23 00:53:42,546 [RatisPipelineUtilsThread] WARN  pipeline.PipelinePlacementPolicy (PipelinePlacementPolicy.java:filterViableNodes(133)) - Pipeline creation failed due to no sufficient healthy datanodes. Required 3. Found 2.
2020-06-23 00:53:42,546 [RatisPipelineUtilsThread] ERROR pipeline.SCMPipelineManager (SCMPipelineManager.java:createPipeline(222)) - Failed to create pipeline of type RATIS and factor THREE. Exception: Pipeline creation failed due to no sufficient healthy datanodes. Required 3. Found 2.
2020-06-23 00:53:42,546 [EventQueue-NodeRegistrationContainerReportForContainerSafeModeRule] INFO  safemode.SCMSafeModeManager (SCMSafeModeManager.java:validateSafeModeExitRules(214)) - ContainerSafeModeRule rule is successfully validated
2020-06-23 00:53:42,587 [Listener at 127.0.0.1/10500] INFO  ozone.MiniOzoneClusterImpl (MiniOzoneClusterImpl.java:lambda$waitForClusterToBeReady$0(177)) - Waiting for nodes to be ready. Got 2 of 3 DN Heartbeats.
2020-06-23 00:53:42,587 [Listener at 127.0.0.1/10500] INFO  ozone.MiniOzoneClusterImpl (MiniOzoneClusterImpl.java:lambda$waitForClusterToBeReady$0(180)) - Waiting for cluster to exit safe mode
2020-06-23 00:53:42,596 [IPC Server handler 2 on default port 43151] INFO  net.NetworkTopology (NetworkTopologyImpl.java:add(111)) - Added a new node: /default-rack/2e41215c-8520-439a-b0d0-78bebb885bfb
2020-06-23 00:53:42,596 [IPC Server handler 2 on default port 43151] INFO  node.SCMNodeManager (SCMNodeManager.java:register(268)) - Registered Data node : 2e41215c-8520-439a-b0d0-78bebb885bfb{ip: 172.17.0.2, host: 9d1457b60c89, networkLocation: /default-rack, certSerialId: null}
2020-06-23 00:53:42,596 [RatisPipelineUtilsThread] INFO  pipeline.RatisPipelineProvider (RatisPipelineProvider.java:lambda$create$0(138)) - Sending CreatePipelineCommand for pipeline:PipelineID=b4c70398-d29d-4dad-8ac9-eac400b73b2d to datanode:2e41215c-8520-439a-b0d0-78bebb885bfb
2020-06-23 00:53:42,597 [EventQueue-NodeRegistrationContainerReportForContainerSafeModeRule] INFO  safemode.SCMSafeModeManager (SCMSafeModeManager.java:validateSafeModeExitRules(214)) - ContainerSafeModeRule rule is successfully validated
2020-06-23 00:53:42,597 [RatisPipelineUtilsThread] INFO  pipeline.PipelineStateManager (PipelineStateManager.java:addPipeline(54)) - Created pipeline Pipeline[ Id: b4c70398-d29d-4dad-8ac9-eac400b73b2d, Nodes: 2e41215c-8520-439a-b0d0-78bebb885bfb{ip: 172.17.0.2, host: 9d1457b60c89, networkLocation: /default-rack, certSerialId: null}, Type:RATIS, Factor:ONE, State:ALLOCATED, leaderId:, CreationTimestamp2020-06-23T00:53:42.596Z]
2020-06-23 00:53:42,597 [EventQueue-NodeRegistrationContainerReportForDataNodeSafeModeRule] INFO  safemode.SCMSafeModeManager (SCMSafeModeManager.java:validateSafeModeExitRules(214)) - DataNodeSafeModeRule rule is successfully validated
2020-06-23 00:53:42,597 [RatisPipelineUtilsThread] ERROR pipeline.SCMPipelineManager (SCMPipelineManager.java:createPipeline(222)) - Failed to create pipeline of type RATIS and factor ONE. Exception: Cannot create pipeline of factor 1 using 0 nodes. Used 3 nodes. Healthy nodes 3
2020-06-23 00:53:42,597 [RatisPipelineUtilsThread] INFO  pipeline.RatisPipelineProvider (RatisPipelineProvider.java:lambda$create$0(138)) - Sending CreatePipelineCommand for pipeline:PipelineID=eb4083b8-a49f-4903-add2-a3cf4f4f47ce to datanode:7547e213-9149-4a92-9829-cadc9d981393
2020-06-23 00:53:42,598 [RatisPipelineUtilsThread] INFO  pipeline.RatisPipelineProvider (RatisPipelineProvider.java:lambda$create$0(138)) - Sending CreatePipelineCommand for pipeline:PipelineID=eb4083b8-a49f-4903-add2-a3cf4f4f47ce to datanode:56bede4d-db5a-43f7-a72a-ad210340bea2
2020-06-23 00:53:42,598 [RatisPipelineUtilsThread] INFO  pipeline.RatisPipelineProvider (RatisPipelineProvider.java:lambda$create$0(138)) - Sending CreatePipelineCommand for pipeline:PipelineID=eb4083b8-a49f-4903-add2-a3cf4f4f47ce to datanode:2e41215c-8520-439a-b0d0-78bebb885bfb
2020-06-23 00:53:42,598 [RatisPipelineUtilsThread] INFO  pipeline.PipelineStateManager (PipelineStateManager.java:addPipeline(54)) - Created pipeline Pipeline[ Id: eb4083b8-a49f-4903-add2-a3cf4f4f47ce, Nodes: 7547e213-9149-4a92-9829-cadc9d981393{ip: 172.17.0.2, host: 9d1457b60c89, networkLocation: /default-rack, certSerialId: null}56bede4d-db5a-43f7-a72a-ad210340bea2{ip: 172.17.0.2, host: 9d1457b60c89, networkLocation: /default-rack, certSerialId: null}2e41215c-8520-439a-b0d0-78bebb885bfb{ip: 172.17.0.2, host: 9d1457b60c89, networkLocation: /default-rack, certSerialId: null}, Type:RATIS, Factor:THREE, State:ALLOCATED, leaderId:, CreationTimestamp2020-06-23T00:53:42.597Z]
2020-06-23 00:53:42,599 [RatisPipelineUtilsThread] ERROR pipeline.SCMPipelineManager (SCMPipelineManager.java:createPipeline(222)) - Failed to create pipeline of type RATIS and factor THREE. Exception: Pipeline creation failed because nodes are engaged in other pipelines and every node can only be engaged in max 2 pipelines. Required 3. Found 0
2020-06-23 00:53:42,836 [grpc-default-executor-0] INFO  ratis.OzoneManagerStateMachine (OzoneManagerStateMachine.java:getLatestSnapshot(147)) - Latest Snapshot Info 0#-1
2020-06-23 00:53:42,838 [grpc-default-executor-5] INFO  ratis.OzoneManagerStateMachine (OzoneManagerStateMachine.java:getLatestSnapshot(147)) - Latest Snapshot Info 0#-1
2020-06-23 00:53:43,340 [grpc-default-executor-0] INFO  ratis.OzoneManagerStateMachine (OzoneManagerStateMachine.java:getLatestSnapshot(147)) - Latest Snapshot Info 0#-1
2020-06-23 00:53:43,340 [grpc-default-executor-5] INFO  ratis.OzoneManagerStateMachine (OzoneManagerStateMachine.java:getLatestSnapshot(147)) - Latest Snapshot Info 0#-1
2020-06-23 00:53:43,587 [Listener at 127.0.0.1/10500] INFO  ozone.MiniOzoneClusterImpl (MiniOzoneClusterImpl.java:lambda$waitForClusterToBeReady$0(177)) - Nodes are ready. Got 3 of 3 DN Heartbeats.
2020-06-23 00:53:43,587 [Listener at 127.0.0.1/10500] INFO  ozone.MiniOzoneClusterImpl (MiniOzoneClusterImpl.java:lambda$waitForClusterToBeReady$0(180)) - Waiting for cluster to exit safe mode
2020-06-23 00:53:43,842 [grpc-default-executor-5] INFO  ratis.OzoneManagerStateMachine (OzoneManagerStateMachine.java:getLatestSnapshot(147)) - Latest Snapshot Info 0#-1
2020-06-23 00:53:43,842 [grpc-default-executor-0] INFO  ratis.OzoneManagerStateMachine (OzoneManagerStateMachine.java:getLatestSnapshot(147)) - Latest Snapshot Info 0#-1
2020-06-23 00:53:44,349 [grpc-default-executor-0] INFO  ratis.OzoneManagerStateMachine (OzoneManagerStateMachine.java:getLatestSnapshot(147)) - Latest Snapshot Info 0#-1
2020-06-23 00:53:44,355 [grpc-default-executor-0] INFO  ratis.OzoneManagerStateMachine (OzoneManagerStateMachine.java:getLatestSnapshot(147)) - Latest Snapshot Info 0#-1
2020-06-23 00:53:44,587 [Listener at 127.0.0.1/10500] INFO  ozone.MiniOzoneClusterImpl (MiniOzoneClusterImpl.java:lambda$waitForClusterToBeReady$0(177)) - Nodes are ready. Got 3 of 3 DN Heartbeats.
2020-06-23 00:53:44,588 [Listener at 127.0.0.1/10500] INFO  ozone.MiniOzoneClusterImpl (MiniOzoneClusterImpl.java:lambda$waitForClusterToBeReady$0(180)) - Waiting for cluster to exit safe mode
2020-06-23 00:53:44,851 [grpc-default-executor-0] INFO  ratis.OzoneManagerStateMachine (OzoneManagerStateMachine.java:getLatestSnapshot(147)) - Latest Snapshot Info 0#-1
2020-06-23 00:53:44,857 [grpc-default-executor-0] INFO  ratis.OzoneManagerStateMachine (OzoneManagerStateMachine.java:getLatestSnapshot(147)) - Latest Snapshot Info 0#-1
2020-06-23 00:53:45,353 [grpc-default-executor-0] INFO  ratis.OzoneManagerStateMachine (OzoneManagerStateMachine.java:getLatestSnapshot(147)) - Latest Snapshot Info 0#-1
2020-06-23 00:53:45,359 [grpc-default-executor-0] INFO  ratis.OzoneManagerStateMachine (OzoneManagerStateMachine.java:getLatestSnapshot(147)) - Latest Snapshot Info 0#-1
2020-06-23 00:53:45,469 [Command processor thread] INFO  impl.RaftServerProxy (RaftServerProxy.java:addNew(89)) - 56bede4d-db5a-43f7-a72a-ad210340bea2: addNew group-E13C97F4CAC6:[56bede4d-db5a-43f7-a72a-ad210340bea2:172.17.0.2:45017] returns group-E13C97F4CAC6:java.util.concurrent.CompletableFuture@8c2078c[Not completed]
2020-06-23 00:53:45,471 [pool-646-thread-1] INFO  impl.RaftServerImpl (RaftServerImpl.java:<init>(99)) - 56bede4d-db5a-43f7-a72a-ad210340bea2: new RaftServerImpl for group-E13C97F4CAC6:[56bede4d-db5a-43f7-a72a-ad210340bea2:172.17.0.2:45017] with ContainerStateMachine:uninitialized
2020-06-23 00:53:45,471 [pool-646-thread-1] INFO  server.RaftServerConfigKeys (ConfUtils.java:logGet(44)) - raft.server.rpc.timeout.min = 5s (custom)
2020-06-23 00:53:45,471 [pool-646-thread-1] INFO  server.RaftServerConfigKeys (ConfUtils.java:logGet(44)) - raft.server.rpc.timeout.max = 5200ms (custom)
2020-06-23 00:53:45,471 [pool-646-thread-1] INFO  server.RaftServerConfigKeys (ConfUtils.java:logGet(44)) - raft.server.rpcslowness.timeout = 300s (custom)
2020-06-23 00:53:45,471 [pool-646-thread-1] INFO  server.RaftServerConfigKeys (ConfUtils.java:logGet(44)) - raft.server.sleep.deviation.threshold = 300 (default)
2020-06-23 00:53:45,471 [pool-646-thread-1] INFO  server.RaftServerConfigKeys (ConfUtils.java:logGet(44)) - raft.server.log.appender.install.snapshot.enabled = false (custom)
2020-06-23 00:53:45,471 [pool-646-thread-1] INFO  impl.RaftServerImpl (ServerState.java:<init>(103)) - 56bede4d-db5a-43f7-a72a-ad210340bea2@group-E13C97F4CAC6: ConfigurationManager, init=-1: [56bede4d-db5a-43f7-a72a-ad210340bea2:172.17.0.2:45017], old=null, confs=<EMPTY_MAP>
2020-06-23 00:53:45,471 [pool-646-thread-1] INFO  server.RaftServerConfigKeys (ConfUtils.java:logGet(44)) - raft.server.storage.dir = [/github/workspace/mnt/ozone/hadoop-ozone/integration-test/target/test-dir/MiniOzoneClusterImpl-f92917fd-56ab-4efb-8d16-f1477a8498e7/datanode-0/data/ratis] (custom)
2020-06-23 00:53:45,472 [pool-646-thread-1] INFO  server.RaftServerConfigKeys (ConfUtils.java:logGet(44)) - raft.server.log.corruption.policy = EXCEPTION (default)
2020-06-23 00:53:45,472 [pool-646-thread-1] INFO  storage.RaftStorageDirectory (RaftStorageDirectory.java:analyzeStorage(261)) - The storage directory /github/workspace/mnt/ozone/hadoop-ozone/integration-test/target/test-dir/MiniOzoneClusterImpl-f92917fd-56ab-4efb-8d16-f1477a8498e7/datanode-0/data/ratis/7a000cba-6fbd-4e60-8cfe-e13c97f4cac6 does not exist. Creating ...
2020-06-23 00:53:45,473 [pool-646-thread-1] INFO  storage.RaftStorageDirectory (RaftStorageDirectory.java:tryLock(343)) - Lock on /github/workspace/mnt/ozone/hadoop-ozone/integration-test/target/test-dir/MiniOzoneClusterImpl-f92917fd-56ab-4efb-8d16-f1477a8498e7/datanode-0/data/ratis/7a000cba-6fbd-4e60-8cfe-e13c97f4cac6/in_use.lock acquired by nodename 28562@9d1457b60c89
2020-06-23 00:53:45,475 [pool-646-thread-1] INFO  storage.RaftStorage (RaftStorage.java:format(84)) - Storage directory /github/workspace/mnt/ozone/hadoop-ozone/integration-test/target/test-dir/MiniOzoneClusterImpl-f92917fd-56ab-4efb-8d16-f1477a8498e7/datanode-0/data/ratis/7a000cba-6fbd-4e60-8cfe-e13c97f4cac6 has been successfully formatted.
2020-06-23 00:53:45,477 [pool-646-thread-1] INFO  ratis.ContainerStateMachine (ContainerStateMachine.java:loadSnapshot(226)) - group-E13C97F4CAC6: The snapshot info is null. Setting the last applied indexto:(t:0, i:~)
2020-06-23 00:53:45,477 [pool-646-thread-1] INFO  server.RaftServerConfigKeys (ConfUtils.java:logGet(44)) - raft.server.notification.no-leader.timeout = 60s (default)
2020-06-23 00:53:45,477 [pool-646-thread-1] INFO  server.RaftServerConfigKeys (ConfUtils.java:logGet(44)) - raft.server.log.use.memory = false (default)
2020-06-23 00:53:45,477 [pool-646-thread-1] INFO  server.RaftServerConfigKeys (ConfUtils.java:logGet(44)) - raft.server.log.purge.gap = 1000000 (custom)
2020-06-23 00:53:45,477 [pool-646-thread-1] INFO  server.RaftServerConfigKeys (ConfUtils.java:logGet(44)) - raft.server.log.appender.buffer.byte-limit = 33554432 (custom)
2020-06-23 00:53:45,477 [pool-646-thread-1] INFO  server.RaftServerConfigKeys (ConfUtils.java:logGet(44)) - raft.server.log.segment.size.max = 1048576 (custom)
2020-06-23 00:53:45,477 [pool-646-thread-1] INFO  metrics.RatisMetrics (RatisMetrics.java:lambda$create$0(36)) - Creating Metrics Registry : ratis.log_worker.56bede4d-db5a-43f7-a72a-ad210340bea2@group-E13C97F4CAC6
2020-06-23 00:53:45,477 [pool-646-thread-1] INFO  server.RaftServerConfigKeys (ConfUtils.java:logGet(44)) - raft.server.log.segment.cache.num.max = 2 (custom)
2020-06-23 00:53:45,477 [pool-646-thread-1] INFO  segmented.SegmentedRaftLogWorker (SegmentedRaftLogWorker.java:<init>(180)) - new 56bede4d-db5a-43f7-a72a-ad210340bea2@group-E13C97F4CAC6-SegmentedRaftLogWorker for RaftStorage:Storage Directory /github/workspace/mnt/ozone/hadoop-ozone/integration-test/target/test-dir/MiniOzoneClusterImpl-f92917fd-56ab-4efb-8d16-f1477a8498e7/datanode-0/data/ratis/7a000cba-6fbd-4e60-8cfe-e13c97f4cac6
2020-06-23 00:53:45,477 [pool-646-thread-1] INFO  server.RaftServerConfigKeys (ConfUtils.java:logGet(44)) - raft.server.log.queue.byte-limit = 2147483647 (custom)
2020-06-23 00:53:45,477 [EventQueue-PipelineReportForPipelineReportHandler] INFO  pipeline.PipelineStateManager (PipelineStateManager.java:openPipeline(131)) - Pipeline Pipeline[ Id: 7a000cba-6fbd-4e60-8cfe-e13c97f4cac6, Nodes: 56bede4d-db5a-43f7-a72a-ad210340bea2{ip: 172.17.0.2, host: 9d1457b60c89, networkLocation: /default-rack, certSerialId: null}, Type:RATIS, Factor:ONE, State:ALLOCATED, leaderId:56bede4d-db5a-43f7-a72a-ad210340bea2, CreationTimestamp2020-06-23T00:53:42.473Z] moved to OPEN state
2020-06-23 00:53:45,478 [pool-646-thread-1] INFO  server.RaftServerConfigKeys (ConfUtils.java:logGet(44)) - raft.server.log.queue.element-limit = 1024 (custom)
2020-06-23 00:53:45,479 [EventQueue-OpenPipelineForOneReplicaPipelineSafeModeRule] INFO  safemode.SCMSafeModeManager (SCMSafeModeManager.java:validateSafeModeExitRules(214)) - AtleastOneDatanodeReportedRule rule is successfully validated
2020-06-23 00:53:45,479 [pool-646-thread-1] INFO  server.RaftServerConfigKeys (ConfUtils.java:logGet(44)) - raft.server.log.segment.size.max = 1048576 (custom)
2020-06-23 00:53:45,480 [pool-646-thread-1] INFO  server.RaftServerConfigKeys (ConfUtils.java:logGet(44)) - raft.server.log.preallocated.size = 16384 (custom)
2020-06-23 00:53:45,481 [pool-646-thread-1] INFO  server.RaftServerConfigKeys (ConfUtils.java:logGet(44)) - raft.server.log.write.buffer.size = 1048576 (custom)
2020-06-23 00:53:45,481 [pool-646-thread-1] INFO  server.RaftServerConfigKeys (ConfUtils.java:logGet(44)) - raft.server.log.force.sync.num = 128 (default)
2020-06-23 00:53:45,481 [pool-646-thread-1] INFO  server.RaftServerConfigKeys (ConfUtils.java:logGet(44)) - raft.server.log.statemachine.data.sync = true (default)
2020-06-23 00:53:45,481 [pool-646-thread-1] INFO  server.RaftServerConfigKeys (ConfUtils.java:logGet(44)) - raft.server.log.statemachine.data.sync.timeout = 10s (default)
2020-06-23 00:53:45,481 [pool-646-thread-1] INFO  server.RaftServerConfigKeys (ConfUtils.java:logGet(44)) - raft.server.log.statemachine.data.sync.timeout.retry = -1 (default)
2020-06-23 00:53:45,483 [pool-646-thread-1] INFO  server.RaftServerConfigKeys (ConfUtils.java:logGet(44)) - raft.server.log.statemachine.data.caching.enabled = true (custom)
2020-06-23 00:53:45,483 [pool-646-thread-1] INFO  segmented.SegmentedRaftLogWorker (SegmentedRaftLogWorker.java:lambda$new$0(129)) - 56bede4d-db5a-43f7-a72a-ad210340bea2@group-E13C97F4CAC6-SegmentedRaftLogWorker: flushIndex: setUnconditionally 0 -> -1
2020-06-23 00:53:45,483 [pool-646-thread-1] INFO  segmented.SegmentedRaftLogWorker (SegmentedRaftLogWorker.java:lambda$new$0(129)) - 56bede4d-db5a-43f7-a72a-ad210340bea2@group-E13C97F4CAC6-SegmentedRaftLogWorker: safeCacheEvictIndex: setUnconditionally 0 -> -1
2020-06-23 00:53:45,483 [EventQueue-OpenPipelineForHealthyPipelineSafeModeRule] INFO  safemode.SCMSafeModeManager (HealthyPipelineSafeModeRule.java:process(132)) - SCM in safe mode. Healthy pipelines reported count is 0, required healthy pipeline reported count is 1
2020-06-23 00:53:45,483 [pool-646-thread-1] INFO  server.RaftServerConfigKeys (ConfUtils.java:logGet(44)) - raft.server.snapshot.auto.trigger.enabled = true (custom)
2020-06-23 00:53:45,483 [pool-646-thread-1] INFO  server.RaftServerConfigKeys (ConfUtils.java:logGet(44)) - raft.server.snapshot.auto.trigger.threshold = 10000 (custom)
2020-06-23 00:53:45,483 [pool-646-thread-1] INFO  server.RaftServerConfigKeys (ConfUtils.java:logGet(44)) - raft.server.snapshot.retention.file.num = 5 (custom)
2020-06-23 00:53:45,483 [pool-646-thread-1] INFO  server.RaftServerConfigKeys (ConfUtils.java:logGet(44)) - raft.server.log.purge.upto.snapshot.index = false (default)
2020-06-23 00:53:45,483 [pool-646-thread-1] INFO  server.RaftServerConfigKeys (ConfUtils.java:logGet(44)) - raft.server.retrycache.expirytime = 600000ms (custom)
2020-06-23 00:53:45,484 [pool-646-thread-1] INFO  metrics.RatisMetrics (RatisMetrics.java:lambda$create$0(36)) - Creating Metrics Registry : ratis.leader_election.56bede4d-db5a-43f7-a72a-ad210340bea2@group-E13C97F4CAC6
2020-06-23 00:53:45,484 [pool-646-thread-1] INFO  metrics.RatisMetrics (RatisMetrics.java:lambda$create$0(36)) - Creating Metrics Registry : ratis.server.56bede4d-db5a-43f7-a72a-ad210340bea2@group-E13C97F4CAC6
2020-06-23 00:53:45,486 [pool-646-thread-1] INFO  impl.RaftServerImpl (RaftServerImpl.java:start(186)) - 56bede4d-db5a-43f7-a72a-ad210340bea2@group-E13C97F4CAC6: start as a follower, conf=-1: [56bede4d-db5a-43f7-a72a-ad210340bea2:172.17.0.2:45017], old=null
2020-06-23 00:53:45,486 [pool-646-thread-1] INFO  impl.RaftServerImpl (RaftServerImpl.java:setRole(175)) - 56bede4d-db5a-43f7-a72a-ad210340bea2@group-E13C97F4CAC6: changes role from      null to FOLLOWER at term 0 for startAsFollower
2020-06-23 00:53:45,486 [pool-646-thread-1] INFO  impl.RoleInfo (RoleInfo.java:updateAndGet(143)) - 56bede4d-db5a-43f7-a72a-ad210340bea2: start FollowerState
2020-06-23 00:53:45,486 [pool-646-thread-1] INFO  util.JmxRegister (JmxRegister.java:tryRegister(44)) - Successfully registered JMX Bean with object name Ratis:service=RaftServer,group=group-E13C97F4CAC6,id=56bede4d-db5a-43f7-a72a-ad210340bea2
2020-06-23 00:53:45,486 [pool-646-thread-1] INFO  metrics.RatisMetrics (RatisMetrics.java:lambda$create$0(36)) - Creating Metrics Registry : ratis.state_machine.56bede4d-db5a-43f7-a72a-ad210340bea2@group-E13C97F4CAC6
2020-06-23 00:53:45,487 [Command processor thread] INFO  commandhandler.CreatePipelineCommandHandler (CreatePipelineCommandHandler.java:handle(109)) - Created Pipeline RATIS ONE #id: "7a000cba-6fbd-4e60-8cfe-e13c97f4cac6"
.
2020-06-23 00:53:45,487 [Command processor thread] INFO  impl.RaftServerProxy (RaftServerProxy.java:addNew(89)) - 56bede4d-db5a-43f7-a72a-ad210340bea2: addNew group-A3CF4F4F47CE:[7547e213-9149-4a92-9829-cadc9d981393:172.17.0.2:46277, 2e41215c-8520-439a-b0d0-78bebb885bfb:172.17.0.2:43419, 56bede4d-db5a-43f7-a72a-ad210340bea2:172.17.0.2:45017] returns group-A3CF4F4F47CE:java.util.concurrent.CompletableFuture@cfd924c[Not completed]
2020-06-23 00:53:45,488 [pool-646-thread-1] INFO  impl.RaftServerImpl (RaftServerImpl.java:<init>(99)) - 56bede4d-db5a-43f7-a72a-ad210340bea2: new RaftServerImpl for group-A3CF4F4F47CE:[7547e213-9149-4a92-9829-cadc9d981393:172.17.0.2:46277, 2e41215c-8520-439a-b0d0-78bebb885bfb:172.17.0.2:43419, 56bede4d-db5a-43f7-a72a-ad210340bea2:172.17.0.2:45017] with ContainerStateMachine:uninitialized
2020-06-23 00:53:45,488 [pool-646-thread-1] INFO  server.RaftServerConfigKeys (ConfUtils.java:logGet(44)) - raft.server.rpc.timeout.min = 5s (custom)
2020-06-23 00:53:45,488 [pool-646-thread-1] INFO  server.RaftServerConfigKeys (ConfUtils.java:logGet(44)) - raft.server.rpc.timeout.max = 5200ms (custom)
2020-06-23 00:53:45,488 [pool-646-thread-1] INFO  server.RaftServerConfigKeys (ConfUtils.java:logGet(44)) - raft.server.rpcslowness.timeout = 300s (custom)
2020-06-23 00:53:45,488 [pool-646-thread-1] INFO  server.RaftServerConfigKeys (ConfUtils.java:logGet(44)) - raft.server.sleep.deviation.threshold = 300 (default)
2020-06-23 00:53:45,488 [pool-646-thread-1] INFO  server.RaftServerConfigKeys (ConfUtils.java:logGet(44)) - raft.server.log.appender.install.snapshot.enabled = false (custom)
2020-06-23 00:53:45,488 [pool-646-thread-1] INFO  impl.RaftServerImpl (ServerState.java:<init>(103)) - 56bede4d-db5a-43f7-a72a-ad210340bea2@group-A3CF4F4F47CE: ConfigurationManager, init=-1: [7547e213-9149-4a92-9829-cadc9d981393:172.17.0.2:46277, 2e41215c-8520-439a-b0d0-78bebb885bfb:172.17.0.2:43419, 56bede4d-db5a-43f7-a72a-ad210340bea2:172.17.0.2:45017], old=null, confs=<EMPTY_MAP>
2020-06-23 00:53:45,488 [pool-646-thread-1] INFO  server.RaftServerConfigKeys (ConfUtils.java:logGet(44)) - raft.server.storage.dir = [/github/workspace/mnt/ozone/hadoop-ozone/integration-test/target/test-dir/MiniOzoneClusterImpl-f92917fd-56ab-4efb-8d16-f1477a8498e7/datanode-0/data/ratis] (custom)
2020-06-23 00:53:45,489 [pool-646-thread-1] INFO  server.RaftServerConfigKeys (ConfUtils.java:logGet(44)) - raft.server.log.corruption.policy = EXCEPTION (default)
2020-06-23 00:53:45,489 [pool-646-thread-1] INFO  storage.RaftStorageDirectory (RaftStorageDirectory.java:analyzeStorage(261)) - The storage directory /github/workspace/mnt/ozone/hadoop-ozone/integration-test/target/test-dir/MiniOzoneClusterImpl-f92917fd-56ab-4efb-8d16-f1477a8498e7/datanode-0/data/ratis/eb4083b8-a49f-4903-add2-a3cf4f4f47ce does not exist. Creating ...
2020-06-23 00:53:45,490 [pool-646-thread-1] INFO  storage.RaftStorageDirectory (RaftStorageDirectory.java:tryLock(343)) - Lock on /github/workspace/mnt/ozone/hadoop-ozone/integration-test/target/test-dir/MiniOzoneClusterImpl-f92917fd-56ab-4efb-8d16-f1477a8498e7/datanode-0/data/ratis/eb4083b8-a49f-4903-add2-a3cf4f4f47ce/in_use.lock acquired by nodename 28562@9d1457b60c89
2020-06-23 00:53:45,491 [pool-646-thread-1] INFO  storage.RaftStorage (RaftStorage.java:format(84)) - Storage directory /github/workspace/mnt/ozone/hadoop-ozone/integration-test/target/test-dir/MiniOzoneClusterImpl-f92917fd-56ab-4efb-8d16-f1477a8498e7/datanode-0/data/ratis/eb4083b8-a49f-4903-add2-a3cf4f4f47ce has been successfully formatted.
2020-06-23 00:53:45,491 [pool-646-thread-1] INFO  ratis.ContainerStateMachine (ContainerStateMachine.java:loadSnapshot(226)) - group-A3CF4F4F47CE: The snapshot info is null. Setting the last applied indexto:(t:0, i:~)
2020-06-23 00:53:45,491 [pool-646-thread-1] INFO  server.RaftServerConfigKeys (ConfUtils.java:logGet(44)) - raft.server.notification.no-leader.timeout = 60s (default)
2020-06-23 00:53:45,491 [pool-646-thread-1] INFO  server.RaftServerConfigKeys (ConfUtils.java:logGet(44)) - raft.server.log.use.memory = false (default)
2020-06-23 00:53:45,491 [pool-646-thread-1] INFO  server.RaftServerConfigKeys (ConfUtils.java:logGet(44)) - raft.server.log.purge.gap = 1000000 (custom)
2020-06-23 00:53:45,491 [pool-646-thread-1] INFO  server.RaftServerConfigKeys (ConfUtils.java:logGet(44)) - raft.server.log.appender.buffer.byte-limit = 33554432 (custom)
2020-06-23 00:53:45,491 [pool-646-thread-1] INFO  server.RaftServerConfigKeys (ConfUtils.java:logGet(44)) - raft.server.log.segment.size.max = 1048576 (custom)
2020-06-23 00:53:45,492 [pool-646-thread-1] INFO  metrics.RatisMetrics (RatisMetrics.java:lambda$create$0(36)) - Creating Metrics Registry : ratis.log_worker.56bede4d-db5a-43f7-a72a-ad210340bea2@group-A3CF4F4F47CE
2020-06-23 00:53:45,492 [pool-646-thread-1] INFO  server.RaftServerConfigKeys (ConfUtils.java:logGet(44)) - raft.server.log.segment.cache.num.max = 2 (custom)
2020-06-23 00:53:45,492 [pool-646-thread-1] INFO  segmented.SegmentedRaftLogWorker (SegmentedRaftLogWorker.java:<init>(180)) - new 56bede4d-db5a-43f7-a72a-ad210340bea2@group-A3CF4F4F47CE-SegmentedRaftLogWorker for RaftStorage:Storage Directory /github/workspace/mnt/ozone/hadoop-ozone/integration-test/target/test-dir/MiniOzoneClusterImpl-f92917fd-56ab-4efb-8d16-f1477a8498e7/datanode-0/data/ratis/eb4083b8-a49f-4903-add2-a3cf4f4f47ce
2020-06-23 00:53:45,492 [pool-646-thread-1] INFO  server.RaftServerConfigKeys (ConfUtils.java:logGet(44)) - raft.server.log.queue.byte-limit = 2147483647 (custom)
2020-06-23 00:53:45,492 [pool-646-thread-1] INFO  server.RaftServerConfigKeys (ConfUtils.java:logGet(44)) - raft.server.log.queue.element-limit = 1024 (custom)
2020-06-23 00:53:45,492 [pool-646-thread-1] INFO  server.RaftServerConfigKeys (ConfUtils.java:logGet(44)) - raft.server.log.segment.size.max = 1048576 (custom)
2020-06-23 00:53:45,492 [pool-646-thread-1] INFO  server.RaftServerConfigKeys (ConfUtils.java:logGet(44)) - raft.server.log.preallocated.size = 16384 (custom)
2020-06-23 00:53:45,492 [pool-646-thread-1] INFO  server.RaftServerConfigKeys (ConfUtils.java:logGet(44)) - raft.server.log.write.buffer.size = 1048576 (custom)
2020-06-23 00:53:45,492 [pool-646-thread-1] INFO  server.RaftServerConfigKeys (ConfUtils.java:logGet(44)) - raft.server.log.force.sync.num = 128 (default)
2020-06-23 00:53:45,492 [pool-646-thread-1] INFO  server.RaftServerConfigKeys (ConfUtils.java:logGet(44)) - raft.server.log.statemachine.data.sync = true (default)
2020-06-23 00:53:45,492 [pool-646-thread-1] INFO  server.RaftServerConfigKeys (ConfUtils.java:logGet(44)) - raft.server.log.statemachine.data.sync.timeout = 10s (default)
2020-06-23 00:53:45,492 [pool-646-thread-1] INFO  server.RaftServerConfigKeys (ConfUtils.java:logGet(44)) - raft.server.log.statemachine.data.sync.timeout.retry = -1 (default)
2020-06-23 00:53:45,495 [pool-646-thread-1] INFO  server.RaftServerConfigKeys (ConfUtils.java:logGet(44)) - raft.server.log.statemachine.data.caching.enabled = true (custom)
2020-06-23 00:53:45,495 [pool-646-thread-1] INFO  segmented.SegmentedRaftLogWorker (SegmentedRaftLogWorker.java:lambda$new$0(129)) - 56bede4d-db5a-43f7-a72a-ad210340bea2@group-A3CF4F4F47CE-SegmentedRaftLogWorker: flushIndex: setUnconditionally 0 -> -1
2020-06-23 00:53:45,495 [pool-646-thread-1] INFO  segmented.SegmentedRaftLogWorker (SegmentedRaftLogWorker.java:lambda$new$0(129)) - 56bede4d-db5a-43f7-a72a-ad210340bea2@group-A3CF4F4F47CE-SegmentedRaftLogWorker: safeCacheEvictIndex: setUnconditionally 0 -> -1
2020-06-23 00:53:45,495 [pool-646-thread-1] INFO  server.RaftServerConfigKeys (ConfUtils.java:logGet(44)) - raft.server.snapshot.auto.trigger.enabled = true (custom)
2020-06-23 00:53:45,495 [pool-646-thread-1] INFO  server.RaftServerConfigKeys (ConfUtils.java:logGet(44)) - raft.server.snapshot.auto.trigger.threshold = 10000 (custom)
2020-06-23 00:53:45,495 [pool-646-thread-1] INFO  server.RaftServerConfigKeys (ConfUtils.java:logGet(44)) - raft.server.snapshot.retention.file.num = 5 (custom)
2020-06-23 00:53:45,495 [pool-646-thread-1] INFO  server.RaftServerConfigKeys (ConfUtils.java:logGet(44)) - raft.server.log.purge.upto.snapshot.index = false (default)
2020-06-23 00:53:45,495 [pool-646-thread-1] INFO  server.RaftServerConfigKeys (ConfUtils.java:logGet(44)) - raft.server.retrycache.expirytime = 600000ms (custom)
2020-06-23 00:53:45,496 [pool-646-thread-1] INFO  metrics.RatisMetrics (RatisMetrics.java:lambda$create$0(36)) - Creating Metrics Registry : ratis.leader_election.56bede4d-db5a-43f7-a72a-ad210340bea2@group-A3CF4F4F47CE
2020-06-23 00:53:45,496 [pool-646-thread-1] INFO  metrics.RatisMetrics (RatisMetrics.java:lambda$create$0(36)) - Creating Metrics Registry : ratis.server.56bede4d-db5a-43f7-a72a-ad210340bea2@group-A3CF4F4F47CE
2020-06-23 00:53:45,498 [pool-646-thread-1] INFO  impl.RaftServerImpl (RaftServerImpl.java:start(186)) - 56bede4d-db5a-43f7-a72a-ad210340bea2@group-A3CF4F4F47CE: start as a follower, conf=-1: [7547e213-9149-4a92-9829-cadc9d981393:172.17.0.2:46277, 2e41215c-8520-439a-b0d0-78bebb885bfb:172.17.0.2:43419, 56bede4d-db5a-43f7-a72a-ad210340bea2:172.17.0.2:45017], old=null
2020-06-23 00:53:45,498 [pool-646-thread-1] INFO  impl.RaftServerImpl (RaftServerImpl.java:setRole(175)) - 56bede4d-db5a-43f7-a72a-ad210340bea2@group-A3CF4F4F47CE: changes role from      null to FOLLOWER at term 0 for startAsFollower
2020-06-23 00:53:45,498 [pool-646-thread-1] INFO  impl.RoleInfo (RoleInfo.java:updateAndGet(143)) - 56bede4d-db5a-43f7-a72a-ad210340bea2: start FollowerState
2020-06-23 00:53:45,506 [pool-646-thread-1] INFO  util.JmxRegister (JmxRegister.java:tryRegister(44)) - Successfully registered JMX Bean with object name Ratis:service=RaftServer,group=group-A3CF4F4F47CE,id=56bede4d-db5a-43f7-a72a-ad210340bea2
2020-06-23 00:53:45,506 [pool-646-thread-1] INFO  metrics.RatisMetrics (RatisMetrics.java:lambda$create$0(36)) - Creating Metrics Registry : ratis.state_machine.56bede4d-db5a-43f7-a72a-ad210340bea2@group-A3CF4F4F47CE
2020-06-23 00:53:45,515 [grpc-default-executor-0] INFO  impl.RaftServerProxy (RaftServerProxy.java:addNew(89)) - 7547e213-9149-4a92-9829-cadc9d981393: addNew group-A3CF4F4F47CE:[7547e213-9149-4a92-9829-cadc9d981393:172.17.0.2:46277, 2e41215c-8520-439a-b0d0-78bebb885bfb:172.17.0.2:43419, 56bede4d-db5a-43f7-a72a-ad210340bea2:172.17.0.2:45017] returns group-A3CF4F4F47CE:java.util.concurrent.CompletableFuture@4385bbae[Not completed]
2020-06-23 00:53:45,519 [pool-662-thread-1] INFO  impl.RaftServerImpl (RaftServerImpl.java:<init>(99)) - 7547e213-9149-4a92-9829-cadc9d981393: new RaftServerImpl for group-A3CF4F4F47CE:[7547e213-9149-4a92-9829-cadc9d981393:172.17.0.2:46277, 2e41215c-8520-439a-b0d0-78bebb885bfb:172.17.0.2:43419, 56bede4d-db5a-43f7-a72a-ad210340bea2:172.17.0.2:45017] with ContainerStateMachine:uninitialized
2020-06-23 00:53:45,519 [pool-662-thread-1] INFO  server.RaftServerConfigKeys (ConfUtils.java:logGet(44)) - raft.server.rpc.timeout.min = 5s (custom)
2020-06-23 00:53:45,519 [pool-662-thread-1] INFO  server.RaftServerConfigKeys (ConfUtils.java:logGet(44)) - raft.server.rpc.timeout.max = 5200ms (custom)
2020-06-23 00:53:45,519 [pool-662-thread-1] INFO  server.RaftServerConfigKeys (ConfUtils.java:logGet(44)) - raft.server.rpcslowness.timeout = 300s (custom)
2020-06-23 00:53:45,520 [pool-662-thread-1] INFO  server.RaftServerConfigKeys (ConfUtils.java:logGet(44)) - raft.server.sleep.deviation.threshold = 300 (default)
2020-06-23 00:53:45,520 [pool-662-thread-1] INFO  server.RaftServerConfigKeys (ConfUtils.java:logGet(44)) - raft.server.log.appender.install.snapshot.enabled = false (custom)
2020-06-23 00:53:45,520 [pool-662-thread-1] INFO  impl.RaftServerImpl (ServerState.java:<init>(103)) - 7547e213-9149-4a92-9829-cadc9d981393@group-A3CF4F4F47CE: ConfigurationManager, init=-1: [7547e213-9149-4a92-9829-cadc9d981393:172.17.0.2:46277, 2e41215c-8520-439a-b0d0-78bebb885bfb:172.17.0.2:43419, 56bede4d-db5a-43f7-a72a-ad210340bea2:172.17.0.2:45017], old=null, confs=<EMPTY_MAP>
2020-06-23 00:53:45,520 [pool-662-thread-1] INFO  server.RaftServerConfigKeys (ConfUtils.java:logGet(44)) - raft.server.storage.dir = [/github/workspace/mnt/ozone/hadoop-ozone/integration-test/target/test-dir/MiniOzoneClusterImpl-f92917fd-56ab-4efb-8d16-f1477a8498e7/datanode-1/data/ratis] (custom)
2020-06-23 00:53:45,520 [pool-662-thread-1] INFO  server.RaftServerConfigKeys (ConfUtils.java:logGet(44)) - raft.server.log.corruption.policy = EXCEPTION (default)
2020-06-23 00:53:45,520 [pool-662-thread-1] INFO  storage.RaftStorageDirectory (RaftStorageDirectory.java:analyzeStorage(261)) - The storage directory /github/workspace/mnt/ozone/hadoop-ozone/integration-test/target/test-dir/MiniOzoneClusterImpl-f92917fd-56ab-4efb-8d16-f1477a8498e7/datanode-1/data/ratis/eb4083b8-a49f-4903-add2-a3cf4f4f47ce does not exist. Creating ...
2020-06-23 00:53:45,521 [pool-662-thread-1] INFO  storage.RaftStorageDirectory (RaftStorageDirectory.java:tryLock(343)) - Lock on /github/workspace/mnt/ozone/hadoop-ozone/integration-test/target/test-dir/MiniOzoneClusterImpl-f92917fd-56ab-4efb-8d16-f1477a8498e7/datanode-1/data/ratis/eb4083b8-a49f-4903-add2-a3cf4f4f47ce/in_use.lock acquired by nodename 28562@9d1457b60c89
2020-06-23 00:53:45,522 [pool-662-thread-1] INFO  storage.RaftStorage (RaftStorage.java:format(84)) - Storage directory /github/workspace/mnt/ozone/hadoop-ozone/integration-test/target/test-dir/MiniOzoneClusterImpl-f92917fd-56ab-4efb-8d16-f1477a8498e7/datanode-1/data/ratis/eb4083b8-a49f-4903-add2-a3cf4f4f47ce has been successfully formatted.
2020-06-23 00:53:45,523 [pool-662-thread-1] INFO  ratis.ContainerStateMachine (ContainerStateMachine.java:loadSnapshot(226)) - group-A3CF4F4F47CE: The snapshot info is null. Setting the last applied indexto:(t:0, i:~)
2020-06-23 00:53:45,523 [pool-662-thread-1] INFO  server.RaftServerConfigKeys (ConfUtils.java:logGet(44)) - raft.server.notification.no-leader.timeout = 60s (default)
2020-06-23 00:53:45,523 [pool-662-thread-1] INFO  server.RaftServerConfigKeys (ConfUtils.java:logGet(44)) - raft.server.log.use.memory = false (default)
2020-06-23 00:53:45,523 [pool-662-thread-1] INFO  server.RaftServerConfigKeys (ConfUtils.java:logGet(44)) - raft.server.log.purge.gap = 1000000 (custom)
2020-06-23 00:53:45,524 [pool-662-thread-1] INFO  server.RaftServerConfigKeys (ConfUtils.java:logGet(44)) - raft.server.log.appender.buffer.byte-limit = 33554432 (custom)
2020-06-23 00:53:45,524 [pool-662-thread-1] INFO  server.RaftServerConfigKeys (ConfUtils.java:logGet(44)) - raft.server.log.segment.size.max = 1048576 (custom)
2020-06-23 00:53:45,524 [pool-662-thread-1] INFO  metrics.RatisMetrics (RatisMetrics.java:lambda$create$0(36)) - Creating Metrics Registry : ratis.log_worker.7547e213-9149-4a92-9829-cadc9d981393@group-A3CF4F4F47CE
2020-06-23 00:53:45,524 [pool-662-thread-1] INFO  server.RaftServerConfigKeys (ConfUtils.java:logGet(44)) - raft.server.log.segment.cache.num.max = 2 (custom)
2020-06-23 00:53:45,524 [pool-662-thread-1] INFO  segmented.SegmentedRaftLogWorker (SegmentedRaftLogWorker.java:<init>(180)) - new 7547e213-9149-4a92-9829-cadc9d981393@group-A3CF4F4F47CE-SegmentedRaftLogWorker for RaftStorage:Storage Directory /github/workspace/mnt/ozone/hadoop-ozone/integration-test/target/test-dir/MiniOzoneClusterImpl-f92917fd-56ab-4efb-8d16-f1477a8498e7/datanode-1/data/ratis/eb4083b8-a49f-4903-add2-a3cf4f4f47ce
2020-06-23 00:53:45,524 [pool-662-thread-1] INFO  server.RaftServerConfigKeys (ConfUtils.java:logGet(44)) - raft.server.log.queue.byte-limit = 2147483647 (custom)
2020-06-23 00:53:45,524 [pool-662-thread-1] INFO  server.RaftServerConfigKeys (ConfUtils.java:logGet(44)) - raft.server.log.queue.element-limit = 1024 (custom)
2020-06-23 00:53:45,525 [pool-662-thread-1] INFO  server.RaftServerConfigKeys (ConfUtils.java:logGet(44)) - raft.server.log.segment.size.max = 1048576 (custom)
2020-06-23 00:53:45,525 [pool-662-thread-1] INFO  server.RaftServerConfigKeys (ConfUtils.java:logGet(44)) - raft.server.log.preallocated.size = 16384 (custom)
2020-06-23 00:53:45,525 [pool-662-thread-1] INFO  server.RaftServerConfigKeys (ConfUtils.java:logGet(44)) - raft.server.log.write.buffer.size = 1048576 (custom)
2020-06-23 00:53:45,525 [pool-662-thread-1] INFO  server.RaftServerConfigKeys (ConfUtils.java:logGet(44)) - raft.server.log.force.sync.num = 128 (default)
2020-06-23 00:53:45,525 [pool-662-thread-1] INFO  server.RaftServerConfigKeys (ConfUtils.java:logGet(44)) - raft.server.log.statemachine.data.sync = true (default)
2020-06-23 00:53:45,525 [pool-662-thread-1] INFO  server.RaftServerConfigKeys (ConfUtils.java:logGet(44)) - raft.server.log.statemachine.data.sync.timeout = 10s (default)
2020-06-23 00:53:45,525 [pool-662-thread-1] INFO  server.RaftServerConfigKeys (ConfUtils.java:logGet(44)) - raft.server.log.statemachine.data.sync.timeout.retry = -1 (default)
2020-06-23 00:53:45,527 [pool-662-thread-1] INFO  server.RaftServerConfigKeys (ConfUtils.java:logGet(44)) - raft.server.log.statemachine.data.caching.enabled = true (custom)
2020-06-23 00:53:45,527 [pool-662-thread-1] INFO  segmented.SegmentedRaftLogWorker (SegmentedRaftLogWorker.java:lambda$new$0(129)) - 7547e213-9149-4a92-9829-cadc9d981393@group-A3CF4F4F47CE-SegmentedRaftLogWorker: flushIndex: setUnconditionally 0 -> -1
2020-06-23 00:53:45,527 [pool-662-thread-1] INFO  segmented.SegmentedRaftLogWorker (SegmentedRaftLogWorker.java:lambda$new$0(129)) - 7547e213-9149-4a92-9829-cadc9d981393@group-A3CF4F4F47CE-SegmentedRaftLogWorker: safeCacheEvictIndex: setUnconditionally 0 -> -1
2020-06-23 00:53:45,531 [pool-662-thread-1] INFO  server.RaftServerConfigKeys (ConfUtils.java:logGet(44)) - raft.server.snapshot.auto.trigger.enabled = true (custom)
2020-06-23 00:53:45,531 [pool-662-thread-1] INFO  server.RaftServerConfigKeys (ConfUtils.java:logGet(44)) - raft.server.snapshot.auto.trigger.threshold = 10000 (custom)
2020-06-23 00:53:45,531 [pool-662-thread-1] INFO  server.RaftServerConfigKeys (ConfUtils.java:logGet(44)) - raft.server.snapshot.retention.file.num = 5 (custom)
2020-06-23 00:53:45,531 [pool-662-thread-1] INFO  server.RaftServerConfigKeys (ConfUtils.java:logGet(44)) - raft.server.log.purge.upto.snapshot.index = false (default)
2020-06-23 00:53:45,531 [pool-662-thread-1] INFO  server.RaftServerConfigKeys (ConfUtils.java:logGet(44)) - raft.server.retrycache.expirytime = 600000ms (custom)
2020-06-23 00:53:45,531 [pool-662-thread-1] INFO  metrics.RatisMetrics (RatisMetrics.java:lambda$create$0(36)) - Creating Metrics Registry : ratis.leader_election.7547e213-9149-4a92-9829-cadc9d981393@group-A3CF4F4F47CE
2020-06-23 00:53:45,532 [pool-662-thread-1] INFO  metrics.RatisMetrics (RatisMetrics.java:lambda$create$0(36)) - Creating Metrics Registry : ratis.server.7547e213-9149-4a92-9829-cadc9d981393@group-A3CF4F4F47CE
2020-06-23 00:53:45,533 [pool-662-thread-1] INFO  impl.RaftServerImpl (RaftServerImpl.java:start(186)) - 7547e213-9149-4a92-9829-cadc9d981393@group-A3CF4F4F47CE: start as a follower, conf=-1: [7547e213-9149-4a92-9829-cadc9d981393:172.17.0.2:46277, 2e41215c-8520-439a-b0d0-78bebb885bfb:172.17.0.2:43419, 56bede4d-db5a-43f7-a72a-ad210340bea2:172.17.0.2:45017], old=null
2020-06-23 00:53:45,534 [pool-662-thread-1] INFO  impl.RaftServerImpl (RaftServerImpl.java:setRole(175)) - 7547e213-9149-4a92-9829-cadc9d981393@group-A3CF4F4F47CE: changes role from      null to FOLLOWER at term 0 for startAsFollower
2020-06-23 00:53:45,534 [pool-662-thread-1] INFO  impl.RoleInfo (RoleInfo.java:updateAndGet(143)) - 7547e213-9149-4a92-9829-cadc9d981393: start FollowerState
2020-06-23 00:53:45,534 [pool-662-thread-1] INFO  util.JmxRegister (JmxRegister.java:tryRegister(44)) - Successfully registered JMX Bean with object name Ratis:service=RaftServer,group=group-A3CF4F4F47CE,id=7547e213-9149-4a92-9829-cadc9d981393
2020-06-23 00:53:45,534 [pool-662-thread-1] INFO  metrics.RatisMetrics (RatisMetrics.java:lambda$create$0(36)) - Creating Metrics Registry : ratis.state_machine.7547e213-9149-4a92-9829-cadc9d981393@group-A3CF4F4F47CE
2020-06-23 00:53:45,543 [Command processor thread] INFO  impl.RaftServerProxy (RaftServerProxy.java:addNew(89)) - 7547e213-9149-4a92-9829-cadc9d981393: addNew group-A93D650C4EFD:[7547e213-9149-4a92-9829-cadc9d981393:172.17.0.2:46277] returns group-A93D650C4EFD:java.util.concurrent.CompletableFuture@2a619aea[Not completed]
2020-06-23 00:53:45,543 [pool-662-thread-1] INFO  impl.RaftServerImpl (RaftServerImpl.java:<init>(99)) - 7547e213-9149-4a92-9829-cadc9d981393: new RaftServerImpl for group-A93D650C4EFD:[7547e213-9149-4a92-9829-cadc9d981393:172.17.0.2:46277] with ContainerStateMachine:uninitialized
2020-06-23 00:53:45,543 [pool-662-thread-1] INFO  server.RaftServerConfigKeys (ConfUtils.java:logGet(44)) - raft.server.rpc.timeout.min = 5s (custom)
2020-06-23 00:53:45,543 [pool-662-thread-1] INFO  server.RaftServerConfigKeys (ConfUtils.java:logGet(44)) - raft.server.rpc.timeout.max = 5200ms (custom)
2020-06-23 00:53:45,543 [pool-662-thread-1] INFO  server.RaftServerConfigKeys (ConfUtils.java:logGet(44)) - raft.server.rpcslowness.timeout = 300s (custom)
2020-06-23 00:53:45,543 [pool-662-thread-1] INFO  server.RaftServerConfigKeys (ConfUtils.java:logGet(44)) - raft.server.sleep.deviation.threshold = 300 (default)
2020-06-23 00:53:45,543 [pool-662-thread-1] INFO  server.RaftServerConfigKeys (ConfUtils.java:logGet(44)) - raft.server.log.appender.install.snapshot.enabled = false (custom)
2020-06-23 00:53:45,544 [pool-662-thread-1] INFO  impl.RaftServerImpl (ServerState.java:<init>(103)) - 7547e213-9149-4a92-9829-cadc9d981393@group-A93D650C4EFD: ConfigurationManager, init=-1: [7547e213-9149-4a92-9829-cadc9d981393:172.17.0.2:46277], old=null, confs=<EMPTY_MAP>
2020-06-23 00:53:45,544 [pool-662-thread-1] INFO  server.RaftServerConfigKeys (ConfUtils.java:logGet(44)) - raft.server.storage.dir = [/github/workspace/mnt/ozone/hadoop-ozone/integration-test/target/test-dir/MiniOzoneClusterImpl-f92917fd-56ab-4efb-8d16-f1477a8498e7/datanode-1/data/ratis] (custom)
2020-06-23 00:53:45,544 [pool-662-thread-1] INFO  server.RaftServerConfigKeys (ConfUtils.java:logGet(44)) - raft.server.log.corruption.policy = EXCEPTION (default)
2020-06-23 00:53:45,544 [pool-662-thread-1] INFO  storage.RaftStorageDirectory (RaftStorageDirectory.java:analyzeStorage(261)) - The storage directory /github/workspace/mnt/ozone/hadoop-ozone/integration-test/target/test-dir/MiniOzoneClusterImpl-f92917fd-56ab-4efb-8d16-f1477a8498e7/datanode-1/data/ratis/a5db8de6-794a-4b33-9212-a93d650c4efd does not exist. Creating ...
2020-06-23 00:53:45,546 [pool-662-thread-1] INFO  storage.RaftStorageDirectory (RaftStorageDirectory.java:tryLock(343)) - Lock on /github/workspace/mnt/ozone/hadoop-ozone/integration-test/target/test-dir/MiniOzoneClusterImpl-f92917fd-56ab-4efb-8d16-f1477a8498e7/datanode-1/data/ratis/a5db8de6-794a-4b33-9212-a93d650c4efd/in_use.lock acquired by nodename 28562@9d1457b60c89
2020-06-23 00:53:45,547 [pool-662-thread-1] INFO  storage.RaftStorage (RaftStorage.java:format(84)) - Storage directory /github/workspace/mnt/ozone/hadoop-ozone/integration-test/target/test-dir/MiniOzoneClusterImpl-f92917fd-56ab-4efb-8d16-f1477a8498e7/datanode-1/data/ratis/a5db8de6-794a-4b33-9212-a93d650c4efd has been successfully formatted.
2020-06-23 00:53:45,548 [pool-662-thread-1] INFO  ratis.ContainerStateMachine (ContainerStateMachine.java:loadSnapshot(226)) - group-A93D650C4EFD: The snapshot info is null. Setting the last applied indexto:(t:0, i:~)
2020-06-23 00:53:45,548 [pool-662-thread-1] INFO  server.RaftServerConfigKeys (ConfUtils.java:logGet(44)) - raft.server.notification.no-leader.timeout = 60s (default)
2020-06-23 00:53:45,548 [pool-662-thread-1] INFO  server.RaftServerConfigKeys (ConfUtils.java:logGet(44)) - raft.server.log.use.memory = false (default)
2020-06-23 00:53:45,548 [pool-662-thread-1] INFO  server.RaftServerConfigKeys (ConfUtils.java:logGet(44)) - raft.server.log.purge.gap = 1000000 (custom)
2020-06-23 00:53:45,548 [pool-662-thread-1] INFO  server.RaftServerConfigKeys (ConfUtils.java:logGet(44)) - raft.server.log.appender.buffer.byte-limit = 33554432 (custom)
2020-06-23 00:53:45,548 [EventQueue-PipelineReportForPipelineReportHandler] INFO  pipeline.PipelineStateManager (PipelineStateManager.java:openPipeline(131)) - Pipeline Pipeline[ Id: a5db8de6-794a-4b33-9212-a93d650c4efd, Nodes: 7547e213-9149-4a92-9829-cadc9d981393{ip: 172.17.0.2, host: 9d1457b60c89, networkLocation: /default-rack, certSerialId: null}, Type:RATIS, Factor:ONE, State:ALLOCATED, leaderId:7547e213-9149-4a92-9829-cadc9d981393, CreationTimestamp2020-06-23T00:53:42.545Z] moved to OPEN state
2020-06-23 00:53:45,549 [EventQueue-OpenPipelineForOneReplicaPipelineSafeModeRule] INFO  safemode.SCMSafeModeManager (SCMSafeModeManager.java:validateSafeModeExitRules(214)) - AtleastOneDatanodeReportedRule rule is successfully validated
2020-06-23 00:53:45,549 [EventQueue-OpenPipelineForHealthyPipelineSafeModeRule] INFO  safemode.SCMSafeModeManager (HealthyPipelineSafeModeRule.java:process(132)) - SCM in safe mode. Healthy pipelines reported count is 0, required healthy pipeline reported count is 1
2020-06-23 00:53:45,549 [pool-662-thread-1] INFO  server.RaftServerConfigKeys (ConfUtils.java:logGet(44)) - raft.server.log.segment.size.max = 1048576 (custom)
2020-06-23 00:53:45,549 [pool-662-thread-1] INFO  metrics.RatisMetrics (RatisMetrics.java:lambda$create$0(36)) - Creating Metrics Registry : ratis.log_worker.7547e213-9149-4a92-9829-cadc9d981393@group-A93D650C4EFD
2020-06-23 00:53:45,549 [pool-662-thread-1] INFO  server.RaftServerConfigKeys (ConfUtils.java:logGet(44)) - raft.server.log.segment.cache.num.max = 2 (custom)
2020-06-23 00:53:45,549 [pool-662-thread-1] INFO  segmented.SegmentedRaftLogWorker (SegmentedRaftLogWorker.java:<init>(180)) - new 7547e213-9149-4a92-9829-cadc9d981393@group-A93D650C4EFD-SegmentedRaftLogWorker for RaftStorage:Storage Directory /github/workspace/mnt/ozone/hadoop-ozone/integration-test/target/test-dir/MiniOzoneClusterImpl-f92917fd-56ab-4efb-8d16-f1477a8498e7/datanode-1/data/ratis/a5db8de6-794a-4b33-9212-a93d650c4efd
2020-06-23 00:53:45,549 [pool-662-thread-1] INFO  server.RaftServerConfigKeys (ConfUtils.java:logGet(44)) - raft.server.log.queue.byte-limit = 2147483647 (custom)
2020-06-23 00:53:45,549 [pool-662-thread-1] INFO  server.RaftServerConfigKeys (ConfUtils.java:logGet(44)) - raft.server.log.queue.element-limit = 1024 (custom)
2020-06-23 00:53:45,549 [pool-662-thread-1] INFO  server.RaftServerConfigKeys (ConfUtils.java:logGet(44)) - raft.server.log.segment.size.max = 1048576 (custom)
2020-06-23 00:53:45,549 [pool-662-thread-1] INFO  server.RaftServerConfigKeys (ConfUtils.java:logGet(44)) - raft.server.log.preallocated.size = 16384 (custom)
2020-06-23 00:53:45,549 [pool-662-thread-1] INFO  server.RaftServerConfigKeys (ConfUtils.java:logGet(44)) - raft.server.log.write.buffer.size = 1048576 (custom)
2020-06-23 00:53:45,549 [pool-662-thread-1] INFO  server.RaftServerConfigKeys (ConfUtils.java:logGet(44)) - raft.server.log.force.sync.num = 128 (default)
2020-06-23 00:53:45,550 [pool-662-thread-1] INFO  server.RaftServerConfigKeys (ConfUtils.java:logGet(44)) - raft.server.log.statemachine.data.sync = true (default)
2020-06-23 00:53:45,552 [pool-662-thread-1] INFO  server.RaftServerConfigKeys (ConfUtils.java:logGet(44)) - raft.server.log.statemachine.data.sync.timeout = 10s (default)
2020-06-23 00:53:45,552 [pool-662-thread-1] INFO  server.RaftServerConfigKeys (ConfUtils.java:logGet(44)) - raft.server.log.statemachine.data.sync.timeout.retry = -1 (default)
2020-06-23 00:53:45,554 [pool-662-thread-1] INFO  server.RaftServerConfigKeys (ConfUtils.java:logGet(44)) - raft.server.log.statemachine.data.caching.enabled = true (custom)
2020-06-23 00:53:45,554 [pool-662-thread-1] INFO  segmented.SegmentedRaftLogWorker (SegmentedRaftLogWorker.java:lambda$new$0(129)) - 7547e213-9149-4a92-9829-cadc9d981393@group-A93D650C4EFD-SegmentedRaftLogWorker: flushIndex: setUnconditionally 0 -> -1
2020-06-23 00:53:45,554 [pool-662-thread-1] INFO  segmented.SegmentedRaftLogWorker (SegmentedRaftLogWorker.java:lambda$new$0(129)) - 7547e213-9149-4a92-9829-cadc9d981393@group-A93D650C4EFD-SegmentedRaftLogWorker: safeCacheEvictIndex: setUnconditionally 0 -> -1
2020-06-23 00:53:45,555 [pool-662-thread-1] INFO  server.RaftServerConfigKeys (ConfUtils.java:logGet(44)) - raft.server.snapshot.auto.trigger.enabled = true (custom)
2020-06-23 00:53:45,555 [pool-662-thread-1] INFO  server.RaftServerConfigKeys (ConfUtils.java:logGet(44)) - raft.server.snapshot.auto.trigger.threshold = 10000 (custom)
2020-06-23 00:53:45,555 [pool-662-thread-1] INFO  server.RaftServerConfigKeys (ConfUtils.java:logGet(44)) - raft.server.snapshot.retention.file.num = 5 (custom)
2020-06-23 00:53:45,555 [pool-662-thread-1] INFO  server.RaftServerConfigKeys (ConfUtils.java:logGet(44)) - raft.server.log.purge.upto.snapshot.index = false (default)
2020-06-23 00:53:45,555 [pool-662-thread-1] INFO  server.RaftServerConfigKeys (ConfUtils.java:logGet(44)) - raft.server.retrycache.expirytime = 600000ms (custom)
2020-06-23 00:53:45,555 [pool-662-thread-1] INFO  metrics.RatisMetrics (RatisMetrics.java:lambda$create$0(36)) - Creating Metrics Registry : ratis.leader_election.7547e213-9149-4a92-9829-cadc9d981393@group-A93D650C4EFD
2020-06-23 00:53:45,556 [pool-662-thread-1] INFO  metrics.RatisMetrics (RatisMetrics.java:lambda$create$0(36)) - Creating Metrics Registry : ratis.server.7547e213-9149-4a92-9829-cadc9d981393@group-A93D650C4EFD
2020-06-23 00:53:45,557 [pool-662-thread-1] INFO  impl.RaftServerImpl (RaftServerImpl.java:start(186)) - 7547e213-9149-4a92-9829-cadc9d981393@group-A93D650C4EFD: start as a follower, conf=-1: [7547e213-9149-4a92-9829-cadc9d981393:172.17.0.2:46277], old=null
2020-06-23 00:53:45,557 [pool-662-thread-1] INFO  impl.RaftServerImpl (RaftServerImpl.java:setRole(175)) - 7547e213-9149-4a92-9829-cadc9d981393@group-A93D650C4EFD: changes role from      null to FOLLOWER at term 0 for startAsFollower
2020-06-23 00:53:45,557 [pool-662-thread-1] INFO  impl.RoleInfo (RoleInfo.java:updateAndGet(143)) - 7547e213-9149-4a92-9829-cadc9d981393: start FollowerState
2020-06-23 00:53:45,561 [grpc-default-executor-0] INFO  impl.RaftServerProxy (RaftServerProxy.java:addNew(89)) - 2e41215c-8520-439a-b0d0-78bebb885bfb: addNew group-A3CF4F4F47CE:[7547e213-9149-4a92-9829-cadc9d981393:172.17.0.2:46277, 2e41215c-8520-439a-b0d0-78bebb885bfb:172.17.0.2:43419, 56bede4d-db5a-43f7-a72a-ad210340bea2:172.17.0.2:45017] returns group-A3CF4F4F47CE:java.util.concurrent.CompletableFuture@ef8582c[Not completed]
2020-06-23 00:53:45,562 [pool-678-thread-1] INFO  impl.RaftServerImpl (RaftServerImpl.java:<init>(99)) - 2e41215c-8520-439a-b0d0-78bebb885bfb: new RaftServerImpl for group-A3CF4F4F47CE:[7547e213-9149-4a92-9829-cadc9d981393:172.17.0.2:46277, 2e41215c-8520-439a-b0d0-78bebb885bfb:172.17.0.2:43419, 56bede4d-db5a-43f7-a72a-ad210340bea2:172.17.0.2:45017] with ContainerStateMachine:uninitialized
2020-06-23 00:53:45,562 [pool-678-thread-1] INFO  server.RaftServerConfigKeys (ConfUtils.java:logGet(44)) - raft.server.rpc.timeout.min = 5s (custom)
2020-06-23 00:53:45,562 [pool-678-thread-1] INFO  server.RaftServerConfigKeys (ConfUtils.java:logGet(44)) - raft.server.rpc.timeout.max = 5200ms (custom)
2020-06-23 00:53:45,562 [pool-678-thread-1] INFO  server.RaftServerConfigKeys (ConfUtils.java:logGet(44)) - raft.server.rpcslowness.timeout = 300s (custom)
2020-06-23 00:53:45,562 [pool-678-thread-1] INFO  server.RaftServerConfigKeys (ConfUtils.java:logGet(44)) - raft.server.sleep.deviation.threshold = 300 (default)
2020-06-23 00:53:45,562 [pool-678-thread-1] INFO  server.RaftServerConfigKeys (ConfUtils.java:logGet(44)) - raft.server.log.appender.install.snapshot.enabled = false (custom)
2020-06-23 00:53:45,562 [pool-678-thread-1] INFO  impl.RaftServerImpl (ServerState.java:<init>(103)) - 2e41215c-8520-439a-b0d0-78bebb885bfb@group-A3CF4F4F47CE: ConfigurationManager, init=-1: [7547e213-9149-4a92-9829-cadc9d981393:172.17.0.2:46277, 2e41215c-8520-439a-b0d0-78bebb885bfb:172.17.0.2:43419, 56bede4d-db5a-43f7-a72a-ad210340bea2:172.17.0.2:45017], old=null, confs=<EMPTY_MAP>
2020-06-23 00:53:45,562 [pool-678-thread-1] INFO  server.RaftServerConfigKeys (ConfUtils.java:logGet(44)) - raft.server.storage.dir = [/github/workspace/mnt/ozone/hadoop-ozone/integration-test/target/test-dir/MiniOzoneClusterImpl-f92917fd-56ab-4efb-8d16-f1477a8498e7/datanode-2/data/ratis] (custom)
2020-06-23 00:53:45,562 [pool-678-thread-1] INFO  server.RaftServerConfigKeys (ConfUtils.java:logGet(44)) - raft.server.log.corruption.policy = EXCEPTION (default)
2020-06-23 00:53:45,563 [pool-678-thread-1] INFO  storage.RaftStorageDirectory (RaftStorageDirectory.java:analyzeStorage(261)) - The storage directory /github/workspace/mnt/ozone/hadoop-ozone/integration-test/target/test-dir/MiniOzoneClusterImpl-f92917fd-56ab-4efb-8d16-f1477a8498e7/datanode-2/data/ratis/eb4083b8-a49f-4903-add2-a3cf4f4f47ce does not exist. Creating ...
2020-06-23 00:53:45,563 [pool-662-thread-1] INFO  util.JmxRegister (JmxRegister.java:tryRegister(44)) - Successfully registered JMX Bean with object name Ratis:service=RaftServer,group=group-A93D650C4EFD,id=7547e213-9149-4a92-9829-cadc9d981393
2020-06-23 00:53:45,563 [pool-662-thread-1] INFO  metrics.RatisMetrics (RatisMetrics.java:lambda$create$0(36)) - Creating Metrics Registry : ratis.state_machine.7547e213-9149-4a92-9829-cadc9d981393@group-A93D650C4EFD
2020-06-23 00:53:45,564 [Command processor thread] INFO  commandhandler.CreatePipelineCommandHandler (CreatePipelineCommandHandler.java:handle(109)) - Created Pipeline RATIS ONE #id: "a5db8de6-794a-4b33-9212-a93d650c4efd"
.
2020-06-23 00:53:45,568 [pool-678-thread-1] INFO  storage.RaftStorageDirectory (RaftStorageDirectory.java:tryLock(343)) - Lock on /github/workspace/mnt/ozone/hadoop-ozone/integration-test/target/test-dir/MiniOzoneClusterImpl-f92917fd-56ab-4efb-8d16-f1477a8498e7/datanode-2/data/ratis/eb4083b8-a49f-4903-add2-a3cf4f4f47ce/in_use.lock acquired by nodename 28562@9d1457b60c89
2020-06-23 00:53:45,569 [pool-678-thread-1] INFO  storage.RaftStorage (RaftStorage.java:format(84)) - Storage directory /github/workspace/mnt/ozone/hadoop-ozone/integration-test/target/test-dir/MiniOzoneClusterImpl-f92917fd-56ab-4efb-8d16-f1477a8498e7/datanode-2/data/ratis/eb4083b8-a49f-4903-add2-a3cf4f4f47ce has been successfully formatted.
2020-06-23 00:53:45,570 [pool-678-thread-1] INFO  ratis.ContainerStateMachine (ContainerStateMachine.java:loadSnapshot(226)) - group-A3CF4F4F47CE: The snapshot info is null. Setting the last applied indexto:(t:0, i:~)
2020-06-23 00:53:45,570 [pool-678-thread-1] INFO  server.RaftServerConfigKeys (ConfUtils.java:logGet(44)) - raft.server.notification.no-leader.timeout = 60s (default)
2020-06-23 00:53:45,570 [pool-678-thread-1] INFO  server.RaftServerConfigKeys (ConfUtils.java:logGet(44)) - raft.server.log.use.memory = false (default)
2020-06-23 00:53:45,571 [pool-678-thread-1] INFO  server.RaftServerConfigKeys (ConfUtils.java:logGet(44)) - raft.server.log.purge.gap = 1000000 (custom)
2020-06-23 00:53:45,572 [pool-678-thread-1] INFO  server.RaftServerConfigKeys (ConfUtils.java:logGet(44)) - raft.server.log.appender.buffer.byte-limit = 33554432 (custom)
2020-06-23 00:53:45,572 [pool-678-thread-1] INFO  server.RaftServerConfigKeys (ConfUtils.java:logGet(44)) - raft.server.log.segment.size.max = 1048576 (custom)
2020-06-23 00:53:45,572 [pool-678-thread-1] INFO  metrics.RatisMetrics (RatisMetrics.java:lambda$create$0(36)) - Creating Metrics Registry : ratis.log_worker.2e41215c-8520-439a-b0d0-78bebb885bfb@group-A3CF4F4F47CE
2020-06-23 00:53:45,572 [pool-678-thread-1] INFO  server.RaftServerConfigKeys (ConfUtils.java:logGet(44)) - raft.server.log.segment.cache.num.max = 2 (custom)
2020-06-23 00:53:45,572 [pool-678-thread-1] INFO  segmented.SegmentedRaftLogWorker (SegmentedRaftLogWorker.java:<init>(180)) - new 2e41215c-8520-439a-b0d0-78bebb885bfb@group-A3CF4F4F47CE-SegmentedRaftLogWorker for RaftStorage:Storage Directory /github/workspace/mnt/ozone/hadoop-ozone/integration-test/target/test-dir/MiniOzoneClusterImpl-f92917fd-56ab-4efb-8d16-f1477a8498e7/datanode-2/data/ratis/eb4083b8-a49f-4903-add2-a3cf4f4f47ce
2020-06-23 00:53:45,572 [pool-678-thread-1] INFO  server.RaftServerConfigKeys (ConfUtils.java:logGet(44)) - raft.server.log.queue.byte-limit = 2147483647 (custom)
2020-06-23 00:53:45,572 [pool-678-thread-1] INFO  server.RaftServerConfigKeys (ConfUtils.java:logGet(44)) - raft.server.log.queue.element-limit = 1024 (custom)
2020-06-23 00:53:45,572 [pool-678-thread-1] INFO  server.RaftServerConfigKeys (ConfUtils.java:logGet(44)) - raft.server.log.segment.size.max = 1048576 (custom)
2020-06-23 00:53:45,572 [pool-678-thread-1] INFO  server.RaftServerConfigKeys (ConfUtils.java:logGet(44)) - raft.server.log.preallocated.size = 16384 (custom)
2020-06-23 00:53:45,572 [pool-678-thread-1] INFO  server.RaftServerConfigKeys (ConfUtils.java:logGet(44)) - raft.server.log.write.buffer.size = 1048576 (custom)
2020-06-23 00:53:45,572 [pool-678-thread-1] INFO  server.RaftServerConfigKeys (ConfUtils.java:logGet(44)) - raft.server.log.force.sync.num = 128 (default)
2020-06-23 00:53:45,572 [pool-678-thread-1] INFO  server.RaftServerConfigKeys (ConfUtils.java:logGet(44)) - raft.server.log.statemachine.data.sync = true (default)
2020-06-23 00:53:45,573 [pool-678-thread-1] INFO  server.RaftServerConfigKeys (ConfUtils.java:logGet(44)) - raft.server.log.statemachine.data.sync.timeout = 10s (default)
2020-06-23 00:53:45,573 [pool-678-thread-1] INFO  server.RaftServerConfigKeys (ConfUtils.java:logGet(44)) - raft.server.log.statemachine.data.sync.timeout.retry = -1 (default)
2020-06-23 00:53:45,574 [pool-678-thread-1] INFO  server.RaftServerConfigKeys (ConfUtils.java:logGet(44)) - raft.server.log.statemachine.data.caching.enabled = true (custom)
2020-06-23 00:53:45,574 [pool-678-thread-1] INFO  segmented.SegmentedRaftLogWorker (SegmentedRaftLogWorker.java:lambda$new$0(129)) - 2e41215c-8520-439a-b0d0-78bebb885bfb@group-A3CF4F4F47CE-SegmentedRaftLogWorker: flushIndex: setUnconditionally 0 -> -1
2020-06-23 00:53:45,575 [pool-678-thread-1] INFO  segmented.SegmentedRaftLogWorker (SegmentedRaftLogWorker.java:lambda$new$0(129)) - 2e41215c-8520-439a-b0d0-78bebb885bfb@group-A3CF4F4F47CE-SegmentedRaftLogWorker: safeCacheEvictIndex: setUnconditionally 0 -> -1
2020-06-23 00:53:45,575 [pool-678-thread-1] INFO  server.RaftServerConfigKeys (ConfUtils.java:logGet(44)) - raft.server.snapshot.auto.trigger.enabled = true (custom)
2020-06-23 00:53:45,575 [pool-678-thread-1] INFO  server.RaftServerConfigKeys (ConfUtils.java:logGet(44)) - raft.server.snapshot.auto.trigger.threshold = 10000 (custom)
2020-06-23 00:53:45,575 [pool-678-thread-1] INFO  server.RaftServerConfigKeys (ConfUtils.java:logGet(44)) - raft.server.snapshot.retention.file.num = 5 (custom)
2020-06-23 00:53:45,575 [pool-678-thread-1] INFO  server.RaftServerConfigKeys (ConfUtils.java:logGet(44)) - raft.server.log.purge.upto.snapshot.index = false (default)
2020-06-23 00:53:45,575 [pool-678-thread-1] INFO  server.RaftServerConfigKeys (ConfUtils.java:logGet(44)) - raft.server.retrycache.expirytime = 600000ms (custom)
2020-06-23 00:53:45,575 [pool-678-thread-1] INFO  metrics.RatisMetrics (RatisMetrics.java:lambda$create$0(36)) - Creating Metrics Registry : ratis.leader_election.2e41215c-8520-439a-b0d0-78bebb885bfb@group-A3CF4F4F47CE
2020-06-23 00:53:45,576 [pool-678-thread-1] INFO  metrics.RatisMetrics (RatisMetrics.java:lambda$create$0(36)) - Creating Metrics Registry : ratis.server.2e41215c-8520-439a-b0d0-78bebb885bfb@group-A3CF4F4F47CE
2020-06-23 00:53:45,577 [pool-678-thread-1] INFO  impl.RaftServerImpl (RaftServerImpl.java:start(186)) - 2e41215c-8520-439a-b0d0-78bebb885bfb@group-A3CF4F4F47CE: start as a follower, conf=-1: [7547e213-9149-4a92-9829-cadc9d981393:172.17.0.2:46277, 2e41215c-8520-439a-b0d0-78bebb885bfb:172.17.0.2:43419, 56bede4d-db5a-43f7-a72a-ad210340bea2:172.17.0.2:45017], old=null
2020-06-23 00:53:45,577 [pool-678-thread-1] INFO  impl.RaftServerImpl (RaftServerImpl.java:setRole(175)) - 2e41215c-8520-439a-b0d0-78bebb885bfb@group-A3CF4F4F47CE: changes role from      null to FOLLOWER at term 0 for startAsFollower
2020-06-23 00:53:45,577 [pool-678-thread-1] INFO  impl.RoleInfo (RoleInfo.java:updateAndGet(143)) - 2e41215c-8520-439a-b0d0-78bebb885bfb: start FollowerState
2020-06-23 00:53:45,579 [pool-678-thread-1] INFO  util.JmxRegister (JmxRegister.java:tryRegister(44)) - Successfully registered JMX Bean with object name Ratis:service=RaftServer,group=group-A3CF4F4F47CE,id=2e41215c-8520-439a-b0d0-78bebb885bfb
2020-06-23 00:53:45,579 [pool-678-thread-1] INFO  metrics.RatisMetrics (RatisMetrics.java:lambda$create$0(36)) - Creating Metrics Registry : ratis.state_machine.2e41215c-8520-439a-b0d0-78bebb885bfb@group-A3CF4F4F47CE
2020-06-23 00:53:45,586 [Command processor thread] INFO  commandhandler.CreatePipelineCommandHandler (CreatePipelineCommandHandler.java:handle(109)) - Created Pipeline RATIS THREE #id: "eb4083b8-a49f-4903-add2-a3cf4f4f47ce"
.
2020-06-23 00:53:45,588 [Listener at 127.0.0.1/10500] INFO  ozone.MiniOzoneClusterImpl (MiniOzoneClusterImpl.java:lambda$waitForClusterToBeReady$0(177)) - Nodes are ready. Got 3 of 3 DN Heartbeats.
2020-06-23 00:53:45,588 [Listener at 127.0.0.1/10500] INFO  ozone.MiniOzoneClusterImpl (MiniOzoneClusterImpl.java:lambda$waitForClusterToBeReady$0(180)) - Waiting for cluster to exit safe mode
2020-06-23 00:53:45,595 [Command processor thread] INFO  impl.RaftServerProxy (RaftServerProxy.java:addNew(89)) - 2e41215c-8520-439a-b0d0-78bebb885bfb: addNew group-EAC400B73B2D:[2e41215c-8520-439a-b0d0-78bebb885bfb:172.17.0.2:43419] returns group-EAC400B73B2D:java.util.concurrent.CompletableFuture@42e5df74[Not completed]
2020-06-23 00:53:45,595 [pool-678-thread-1] INFO  impl.RaftServerImpl (RaftServerImpl.java:<init>(99)) - 2e41215c-8520-439a-b0d0-78bebb885bfb: new RaftServerImpl for group-EAC400B73B2D:[2e41215c-8520-439a-b0d0-78bebb885bfb:172.17.0.2:43419] with ContainerStateMachine:uninitialized
2020-06-23 00:53:45,595 [pool-678-thread-1] INFO  server.RaftServerConfigKeys (ConfUtils.java:logGet(44)) - raft.server.rpc.timeout.min = 5s (custom)
2020-06-23 00:53:45,595 [pool-678-thread-1] INFO  server.RaftServerConfigKeys (ConfUtils.java:logGet(44)) - raft.server.rpc.timeout.max = 5200ms (custom)
2020-06-23 00:53:45,596 [pool-678-thread-1] INFO  server.RaftServerConfigKeys (ConfUtils.java:logGet(44)) - raft.server.rpcslowness.timeout = 300s (custom)
2020-06-23 00:53:45,596 [pool-678-thread-1] INFO  server.RaftServerConfigKeys (ConfUtils.java:logGet(44)) - raft.server.sleep.deviation.threshold = 300 (default)
2020-06-23 00:53:45,596 [pool-678-thread-1] INFO  server.RaftServerConfigKeys (ConfUtils.java:logGet(44)) - raft.server.log.appender.install.snapshot.enabled = false (custom)
2020-06-23 00:53:45,596 [pool-678-thread-1] INFO  impl.RaftServerImpl (ServerState.java:<init>(103)) - 2e41215c-8520-439a-b0d0-78bebb885bfb@group-EAC400B73B2D: ConfigurationManager, init=-1: [2e41215c-8520-439a-b0d0-78bebb885bfb:172.17.0.2:43419], old=null, confs=<EMPTY_MAP>
2020-06-23 00:53:45,596 [pool-678-thread-1] INFO  server.RaftServerConfigKeys (ConfUtils.java:logGet(44)) - raft.server.storage.dir = [/github/workspace/mnt/ozone/hadoop-ozone/integration-test/target/test-dir/MiniOzoneClusterImpl-f92917fd-56ab-4efb-8d16-f1477a8498e7/datanode-2/data/ratis] (custom)
2020-06-23 00:53:45,596 [pool-678-thread-1] INFO  server.RaftServerConfigKeys (ConfUtils.java:logGet(44)) - raft.server.log.corruption.policy = EXCEPTION (default)
2020-06-23 00:53:45,596 [pool-678-thread-1] INFO  storage.RaftStorageDirectory (RaftStorageDirectory.java:analyzeStorage(261)) - The storage directory /github/workspace/mnt/ozone/hadoop-ozone/integration-test/target/test-dir/MiniOzoneClusterImpl-f92917fd-56ab-4efb-8d16-f1477a8498e7/datanode-2/data/ratis/b4c70398-d29d-4dad-8ac9-eac400b73b2d does not exist. Creating ...
2020-06-23 00:53:45,599 [pool-678-thread-1] INFO  storage.RaftStorageDirectory (RaftStorageDirectory.java:tryLock(343)) - Lock on /github/workspace/mnt/ozone/hadoop-ozone/integration-test/target/test-dir/MiniOzoneClusterImpl-f92917fd-56ab-4efb-8d16-f1477a8498e7/datanode-2/data/ratis/b4c70398-d29d-4dad-8ac9-eac400b73b2d/in_use.lock acquired by nodename 28562@9d1457b60c89
2020-06-23 00:53:45,601 [pool-678-thread-1] INFO  storage.RaftStorage (RaftStorage.java:format(84)) - Storage directory /github/workspace/mnt/ozone/hadoop-ozone/integration-test/target/test-dir/MiniOzoneClusterImpl-f92917fd-56ab-4efb-8d16-f1477a8498e7/datanode-2/data/ratis/b4c70398-d29d-4dad-8ac9-eac400b73b2d has been successfully formatted.
2020-06-23 00:53:45,602 [pool-678-thread-1] INFO  ratis.ContainerStateMachine (ContainerStateMachine.java:loadSnapshot(226)) - group-EAC400B73B2D: The snapshot info is null. Setting the last applied indexto:(t:0, i:~)
2020-06-23 00:53:45,602 [pool-678-thread-1] INFO  server.RaftServerConfigKeys (ConfUtils.java:logGet(44)) - raft.server.notification.no-leader.timeout = 60s (default)
2020-06-23 00:53:45,602 [pool-678-thread-1] INFO  server.RaftServerConfigKeys (ConfUtils.java:logGet(44)) - raft.server.log.use.memory = false (default)
2020-06-23 00:53:45,602 [pool-678-thread-1] INFO  server.RaftServerConfigKeys (ConfUtils.java:logGet(44)) - raft.server.log.purge.gap = 1000000 (custom)
2020-06-23 00:53:45,602 [pool-678-thread-1] INFO  server.RaftServerConfigKeys (ConfUtils.java:logGet(44)) - raft.server.log.appender.buffer.byte-limit = 33554432 (custom)
2020-06-23 00:53:45,602 [pool-678-thread-1] INFO  server.RaftServerConfigKeys (ConfUtils.java:logGet(44)) - raft.server.log.segment.size.max = 1048576 (custom)
2020-06-23 00:53:45,602 [pool-678-thread-1] INFO  metrics.RatisMetrics (RatisMetrics.java:lambda$create$0(36)) - Creating Metrics Registry : ratis.log_worker.2e41215c-8520-439a-b0d0-78bebb885bfb@group-EAC400B73B2D
2020-06-23 00:53:45,603 [pool-678-thread-1] INFO  server.RaftServerConfigKeys (ConfUtils.java:logGet(44)) - raft.server.log.segment.cache.num.max = 2 (custom)
2020-06-23 00:53:45,603 [EventQueue-PipelineReportForPipelineReportHandler] INFO  pipeline.PipelineStateManager (PipelineStateManager.java:openPipeline(131)) - Pipeline Pipeline[ Id: b4c70398-d29d-4dad-8ac9-eac400b73b2d, Nodes: 2e41215c-8520-439a-b0d0-78bebb885bfb{ip: 172.17.0.2, host: 9d1457b60c89, networkLocation: /default-rack, certSerialId: null}, Type:RATIS, Factor:ONE, State:ALLOCATED, leaderId:2e41215c-8520-439a-b0d0-78bebb885bfb, CreationTimestamp2020-06-23T00:53:42.596Z] moved to OPEN state
2020-06-23 00:53:45,603 [pool-678-thread-1] INFO  segmented.SegmentedRaftLogWorker (SegmentedRaftLogWorker.java:<init>(180)) - new 2e41215c-8520-439a-b0d0-78bebb885bfb@group-EAC400B73B2D-SegmentedRaftLogWorker for RaftStorage:Storage Directory /github/workspace/mnt/ozone/hadoop-ozone/integration-test/target/test-dir/MiniOzoneClusterImpl-f92917fd-56ab-4efb-8d16-f1477a8498e7/datanode-2/data/ratis/b4c70398-d29d-4dad-8ac9-eac400b73b2d
2020-06-23 00:53:45,603 [EventQueue-OpenPipelineForHealthyPipelineSafeModeRule] INFO  safemode.SCMSafeModeManager (HealthyPipelineSafeModeRule.java:process(132)) - SCM in safe mode. Healthy pipelines reported count is 0, required healthy pipeline reported count is 1
2020-06-23 00:53:45,603 [EventQueue-OpenPipelineForOneReplicaPipelineSafeModeRule] INFO  safemode.SCMSafeModeManager (SCMSafeModeManager.java:validateSafeModeExitRules(214)) - AtleastOneDatanodeReportedRule rule is successfully validated
2020-06-23 00:53:45,603 [pool-678-thread-1] INFO  server.RaftServerConfigKeys (ConfUtils.java:logGet(44)) - raft.server.log.queue.byte-limit = 2147483647 (custom)
2020-06-23 00:53:45,603 [pool-678-thread-1] INFO  server.RaftServerConfigKeys (ConfUtils.java:logGet(44)) - raft.server.log.queue.element-limit = 1024 (custom)
2020-06-23 00:53:45,606 [pool-678-thread-1] INFO  server.RaftServerConfigKeys (ConfUtils.java:logGet(44)) - raft.server.log.segment.size.max = 1048576 (custom)
2020-06-23 00:53:45,606 [pool-678-thread-1] INFO  server.RaftServerConfigKeys (ConfUtils.java:logGet(44)) - raft.server.log.preallocated.size = 16384 (custom)
2020-06-23 00:53:45,606 [pool-678-thread-1] INFO  server.RaftServerConfigKeys (ConfUtils.java:logGet(44)) - raft.server.log.write.buffer.size = 1048576 (custom)
2020-06-23 00:53:45,606 [pool-678-thread-1] INFO  server.RaftServerConfigKeys (ConfUtils.java:logGet(44)) - raft.server.log.force.sync.num = 128 (default)
2020-06-23 00:53:45,606 [pool-678-thread-1] INFO  server.RaftServerConfigKeys (ConfUtils.java:logGet(44)) - raft.server.log.statemachine.data.sync = true (default)
2020-06-23 00:53:45,606 [pool-678-thread-1] INFO  server.RaftServerConfigKeys (ConfUtils.java:logGet(44)) - raft.server.log.statemachine.data.sync.timeout = 10s (default)
2020-06-23 00:53:45,606 [pool-678-thread-1] INFO  server.RaftServerConfigKeys (ConfUtils.java:logGet(44)) - raft.server.log.statemachine.data.sync.timeout.retry = -1 (default)
2020-06-23 00:53:45,608 [pool-678-thread-1] INFO  server.RaftServerConfigKeys (ConfUtils.java:logGet(44)) - raft.server.log.statemachine.data.caching.enabled = true (custom)
2020-06-23 00:53:45,609 [pool-678-thread-1] INFO  segmented.SegmentedRaftLogWorker (SegmentedRaftLogWorker.java:lambda$new$0(129)) - 2e41215c-8520-439a-b0d0-78bebb885bfb@group-EAC400B73B2D-SegmentedRaftLogWorker: flushIndex: setUnconditionally 0 -> -1
2020-06-23 00:53:45,609 [pool-678-thread-1] INFO  segmented.SegmentedRaftLogWorker (SegmentedRaftLogWorker.java:lambda$new$0(129)) - 2e41215c-8520-439a-b0d0-78bebb885bfb@group-EAC400B73B2D-SegmentedRaftLogWorker: safeCacheEvictIndex: setUnconditionally 0 -> -1
2020-06-23 00:53:45,609 [pool-678-thread-1] INFO  server.RaftServerConfigKeys (ConfUtils.java:logGet(44)) - raft.server.snapshot.auto.trigger.enabled = true (custom)
2020-06-23 00:53:45,609 [pool-678-thread-1] INFO  server.RaftServerConfigKeys (ConfUtils.java:logGet(44)) - raft.server.snapshot.auto.trigger.threshold = 10000 (custom)
2020-06-23 00:53:45,609 [pool-678-thread-1] INFO  server.RaftServerConfigKeys (ConfUtils.java:logGet(44)) - raft.server.snapshot.retention.file.num = 5 (custom)
2020-06-23 00:53:45,609 [pool-678-thread-1] INFO  server.RaftServerConfigKeys (ConfUtils.java:logGet(44)) - raft.server.log.purge.upto.snapshot.index = false (default)
2020-06-23 00:53:45,609 [pool-678-thread-1] INFO  server.RaftServerConfigKeys (ConfUtils.java:logGet(44)) - raft.server.retrycache.expirytime = 600000ms (custom)
2020-06-23 00:53:45,609 [pool-678-thread-1] INFO  metrics.RatisMetrics (RatisMetrics.java:lambda$create$0(36)) - Creating Metrics Registry : ratis.leader_election.2e41215c-8520-439a-b0d0-78bebb885bfb@group-EAC400B73B2D
2020-06-23 00:53:45,610 [pool-678-thread-1] INFO  metrics.RatisMetrics (RatisMetrics.java:lambda$create$0(36)) - Creating Metrics Registry : ratis.server.2e41215c-8520-439a-b0d0-78bebb885bfb@group-EAC400B73B2D
2020-06-23 00:53:45,611 [pool-678-thread-1] INFO  impl.RaftServerImpl (RaftServerImpl.java:start(186)) - 2e41215c-8520-439a-b0d0-78bebb885bfb@group-EAC400B73B2D: start as a follower, conf=-1: [2e41215c-8520-439a-b0d0-78bebb885bfb:172.17.0.2:43419], old=null
2020-06-23 00:53:45,611 [pool-678-thread-1] INFO  impl.RaftServerImpl (RaftServerImpl.java:setRole(175)) - 2e41215c-8520-439a-b0d0-78bebb885bfb@group-EAC400B73B2D: changes role from      null to FOLLOWER at term 0 for startAsFollower
2020-06-23 00:53:45,611 [pool-678-thread-1] INFO  impl.RoleInfo (RoleInfo.java:updateAndGet(143)) - 2e41215c-8520-439a-b0d0-78bebb885bfb: start FollowerState
2020-06-23 00:53:45,612 [pool-678-thread-1] INFO  util.JmxRegister (JmxRegister.java:tryRegister(44)) - Successfully registered JMX Bean with object name Ratis:service=RaftServer,group=group-EAC400B73B2D,id=2e41215c-8520-439a-b0d0-78bebb885bfb
2020-06-23 00:53:45,612 [pool-678-thread-1] INFO  metrics.RatisMetrics (RatisMetrics.java:lambda$create$0(36)) - Creating Metrics Registry : ratis.state_machine.2e41215c-8520-439a-b0d0-78bebb885bfb@group-EAC400B73B2D
2020-06-23 00:53:45,613 [Command processor thread] INFO  commandhandler.CreatePipelineCommandHandler (CreatePipelineCommandHandler.java:handle(109)) - Created Pipeline RATIS ONE #id: "b4c70398-d29d-4dad-8ac9-eac400b73b2d"
.
2020-06-23 00:53:45,855 [grpc-default-executor-0] INFO  ratis.OzoneManagerStateMachine (OzoneManagerStateMachine.java:getLatestSnapshot(147)) - Latest Snapshot Info 0#-1
2020-06-23 00:53:45,860 [grpc-default-executor-0] INFO  ratis.OzoneManagerStateMachine (OzoneManagerStateMachine.java:getLatestSnapshot(147)) - Latest Snapshot Info 0#-1
2020-06-23 00:53:46,357 [grpc-default-executor-0] INFO  ratis.OzoneManagerStateMachine (OzoneManagerStateMachine.java:getLatestSnapshot(147)) - Latest Snapshot Info 0#-1
2020-06-23 00:53:46,362 [grpc-default-executor-0] INFO  ratis.OzoneManagerStateMachine (OzoneManagerStateMachine.java:getLatestSnapshot(147)) - Latest Snapshot Info 0#-1
2020-06-23 00:53:46,588 [Listener at 127.0.0.1/10500] INFO  ozone.MiniOzoneClusterImpl (MiniOzoneClusterImpl.java:lambda$waitForClusterToBeReady$0(177)) - Nodes are ready. Got 3 of 3 DN Heartbeats.
2020-06-23 00:53:46,588 [Listener at 127.0.0.1/10500] INFO  ozone.MiniOzoneClusterImpl (MiniOzoneClusterImpl.java:lambda$waitForClusterToBeReady$0(180)) - Waiting for cluster to exit safe mode
2020-06-23 00:53:46,859 [grpc-default-executor-0] INFO  ratis.OzoneManagerStateMachine (OzoneManagerStateMachine.java:getLatestSnapshot(147)) - Latest Snapshot Info 0#-1
2020-06-23 00:53:46,863 [grpc-default-executor-0] INFO  ratis.OzoneManagerStateMachine (OzoneManagerStateMachine.java:getLatestSnapshot(147)) - Latest Snapshot Info 0#-1
2020-06-23 00:53:47,361 [grpc-default-executor-0] INFO  ratis.OzoneManagerStateMachine (OzoneManagerStateMachine.java:getLatestSnapshot(147)) - Latest Snapshot Info 0#-1
2020-06-23 00:53:47,365 [grpc-default-executor-0] INFO  ratis.OzoneManagerStateMachine (OzoneManagerStateMachine.java:getLatestSnapshot(147)) - Latest Snapshot Info 0#-1
2020-06-23 00:53:47,589 [Listener at 127.0.0.1/10500] INFO  ozone.MiniOzoneClusterImpl (MiniOzoneClusterImpl.java:lambda$waitForClusterToBeReady$0(177)) - Nodes are ready. Got 3 of 3 DN Heartbeats.
2020-06-23 00:53:47,589 [Listener at 127.0.0.1/10500] INFO  ozone.MiniOzoneClusterImpl (MiniOzoneClusterImpl.java:lambda$waitForClusterToBeReady$0(180)) - Waiting for cluster to exit safe mode
2020-06-23 00:53:47,863 [grpc-default-executor-0] INFO  ratis.OzoneManagerStateMachine (OzoneManagerStateMachine.java:getLatestSnapshot(147)) - Latest Snapshot Info 0#-1
2020-06-23 00:53:47,866 [grpc-default-executor-0] INFO  ratis.OzoneManagerStateMachine (OzoneManagerStateMachine.java:getLatestSnapshot(147)) - Latest Snapshot Info 0#-1
2020-06-23 00:53:48,366 [grpc-default-executor-0] INFO  ratis.OzoneManagerStateMachine (OzoneManagerStateMachine.java:getLatestSnapshot(147)) - Latest Snapshot Info 0#-1
2020-06-23 00:53:48,368 [grpc-default-executor-0] INFO  ratis.OzoneManagerStateMachine (OzoneManagerStateMachine.java:getLatestSnapshot(147)) - Latest Snapshot Info 0#-1
2020-06-23 00:53:48,589 [Listener at 127.0.0.1/10500] INFO  ozone.MiniOzoneClusterImpl (MiniOzoneClusterImpl.java:lambda$waitForClusterToBeReady$0(177)) - Nodes are ready. Got 3 of 3 DN Heartbeats.
2020-06-23 00:53:48,589 [Listener at 127.0.0.1/10500] INFO  ozone.MiniOzoneClusterImpl (MiniOzoneClusterImpl.java:lambda$waitForClusterToBeReady$0(180)) - Waiting for cluster to exit safe mode
2020-06-23 00:53:48,868 [grpc-default-executor-0] INFO  ratis.OzoneManagerStateMachine (OzoneManagerStateMachine.java:getLatestSnapshot(147)) - Latest Snapshot Info 0#-1
2020-06-23 00:53:48,870 [grpc-default-executor-0] INFO  ratis.OzoneManagerStateMachine (OzoneManagerStateMachine.java:getLatestSnapshot(147)) - Latest Snapshot Info 0#-1
2020-06-23 00:53:49,371 [grpc-default-executor-0] INFO  ratis.OzoneManagerStateMachine (OzoneManagerStateMachine.java:getLatestSnapshot(147)) - Latest Snapshot Info 0#-1
2020-06-23 00:53:49,375 [grpc-default-executor-0] INFO  ratis.OzoneManagerStateMachine (OzoneManagerStateMachine.java:getLatestSnapshot(147)) - Latest Snapshot Info 0#-1
2020-06-23 00:53:49,590 [Listener at 127.0.0.1/10500] INFO  ozone.MiniOzoneClusterImpl (MiniOzoneClusterImpl.java:lambda$waitForClusterToBeReady$0(177)) - Nodes are ready. Got 3 of 3 DN Heartbeats.
2020-06-23 00:53:49,590 [Listener at 127.0.0.1/10500] INFO  ozone.MiniOzoneClusterImpl (MiniOzoneClusterImpl.java:lambda$waitForClusterToBeReady$0(180)) - Waiting for cluster to exit safe mode
2020-06-23 00:53:49,873 [grpc-default-executor-0] INFO  ratis.OzoneManagerStateMachine (OzoneManagerStateMachine.java:getLatestSnapshot(147)) - Latest Snapshot Info 0#-1
2020-06-23 00:53:49,877 [grpc-default-executor-0] INFO  ratis.OzoneManagerStateMachine (OzoneManagerStateMachine.java:getLatestSnapshot(147)) - Latest Snapshot Info 0#-1
2020-06-23 00:53:50,375 [grpc-default-executor-0] INFO  ratis.OzoneManagerStateMachine (OzoneManagerStateMachine.java:getLatestSnapshot(147)) - Latest Snapshot Info 0#-1
2020-06-23 00:53:50,379 [grpc-default-executor-0] INFO  ratis.OzoneManagerStateMachine (OzoneManagerStateMachine.java:getLatestSnapshot(147)) - Latest Snapshot Info 0#-1
2020-06-23 00:53:50,590 [Listener at 127.0.0.1/10500] INFO  ozone.MiniOzoneClusterImpl (MiniOzoneClusterImpl.java:lambda$waitForClusterToBeReady$0(177)) - Nodes are ready. Got 3 of 3 DN Heartbeats.
2020-06-23 00:53:50,590 [Listener at 127.0.0.1/10500] INFO  ozone.MiniOzoneClusterImpl (MiniOzoneClusterImpl.java:lambda$waitForClusterToBeReady$0(180)) - Waiting for cluster to exit safe mode
2020-06-23 00:53:50,650 [Thread-2528] INFO  impl.FollowerState (FollowerState.java:run(108)) - 7547e213-9149-4a92-9829-cadc9d981393@group-A93D650C4EFD-FollowerState: change to CANDIDATE, lastRpcTime:5092ms, electionTimeout:5086ms
2020-06-23 00:53:50,651 [Thread-2528] INFO  impl.RoleInfo (RoleInfo.java:shutdownFollowerState(121)) - 7547e213-9149-4a92-9829-cadc9d981393: shutdown FollowerState
2020-06-23 00:53:50,651 [Thread-2528] INFO  impl.RaftServerImpl (RaftServerImpl.java:setRole(175)) - 7547e213-9149-4a92-9829-cadc9d981393@group-A93D650C4EFD: changes role from  FOLLOWER to CANDIDATE at term 0 for changeToCandidate
2020-06-23 00:53:50,651 [Thread-2528] INFO  impl.RoleInfo (RoleInfo.java:updateAndGet(143)) - 7547e213-9149-4a92-9829-cadc9d981393: start LeaderElection
2020-06-23 00:53:50,653 [Thread-2521] INFO  impl.FollowerState (FollowerState.java:run(108)) - 56bede4d-db5a-43f7-a72a-ad210340bea2@group-E13C97F4CAC6-FollowerState: change to CANDIDATE, lastRpcTime:5167ms, electionTimeout:5167ms
2020-06-23 00:53:50,654 [Thread-2521] INFO  impl.RoleInfo (RoleInfo.java:shutdownFollowerState(121)) - 56bede4d-db5a-43f7-a72a-ad210340bea2: shutdown FollowerState
2020-06-23 00:53:50,654 [Thread-2521] INFO  impl.RaftServerImpl (RaftServerImpl.java:setRole(175)) - 56bede4d-db5a-43f7-a72a-ad210340bea2@group-E13C97F4CAC6: changes role from  FOLLOWER to CANDIDATE at term 0 for changeToCandidate
2020-06-23 00:53:50,654 [Thread-2521] INFO  impl.RoleInfo (RoleInfo.java:updateAndGet(143)) - 56bede4d-db5a-43f7-a72a-ad210340bea2: start LeaderElection
2020-06-23 00:53:50,665 [7547e213-9149-4a92-9829-cadc9d981393@group-A93D650C4EFD-LeaderElection38] INFO  impl.LeaderElection (LeaderElection.java:askForVotes(206)) - 7547e213-9149-4a92-9829-cadc9d981393@group-A93D650C4EFD-LeaderElection38: begin an election at term 1 for -1: [7547e213-9149-4a92-9829-cadc9d981393:172.17.0.2:46277], old=null
2020-06-23 00:53:50,665 [7547e213-9149-4a92-9829-cadc9d981393@group-A93D650C4EFD-LeaderElection38] INFO  impl.RoleInfo (RoleInfo.java:shutdownLeaderElection(134)) - 7547e213-9149-4a92-9829-cadc9d981393: shutdown LeaderElection
2020-06-23 00:53:50,665 [7547e213-9149-4a92-9829-cadc9d981393@group-A93D650C4EFD-LeaderElection38] INFO  impl.RaftServerImpl (RaftServerImpl.java:setRole(175)) - 7547e213-9149-4a92-9829-cadc9d981393@group-A93D650C4EFD: changes role from CANDIDATE to LEADER at term 1 for changeToLeader
2020-06-23 00:53:50,665 [7547e213-9149-4a92-9829-cadc9d981393@group-A93D650C4EFD-LeaderElection38] INFO  ratis.XceiverServerRatis (XceiverServerRatis.java:handleLeaderChangedNotification(762)) - Leader change notification received for group: group-A93D650C4EFD with new leaderId: 7547e213-9149-4a92-9829-cadc9d981393
2020-06-23 00:53:50,665 [7547e213-9149-4a92-9829-cadc9d981393@group-A93D650C4EFD-LeaderElection38] INFO  impl.RaftServerImpl (ServerState.java:setLeader(255)) - 7547e213-9149-4a92-9829-cadc9d981393@group-A93D650C4EFD: change Leader from null to 7547e213-9149-4a92-9829-cadc9d981393 at term 1 for becomeLeader, leader elected after 5117ms
2020-06-23 00:53:50,665 [7547e213-9149-4a92-9829-cadc9d981393@group-A93D650C4EFD-LeaderElection38] INFO  server.RaftServerConfigKeys (ConfUtils.java:logGet(44)) - raft.server.staging.catchup.gap = 1000 (default)
2020-06-23 00:53:50,665 [7547e213-9149-4a92-9829-cadc9d981393@group-A93D650C4EFD-LeaderElection38] INFO  server.RaftServerConfigKeys (ConfUtils.java:logGet(44)) - raft.server.rpc.sleep.time = 25ms (default)
2020-06-23 00:53:50,667 [7547e213-9149-4a92-9829-cadc9d981393@group-A93D650C4EFD-LeaderElection38] INFO  metrics.RatisMetrics (RatisMetrics.java:lambda$create$0(36)) - Creating Metrics Registry : ratis.log_appender.7547e213-9149-4a92-9829-cadc9d981393@group-A93D650C4EFD
2020-06-23 00:53:50,668 [7547e213-9149-4a92-9829-cadc9d981393@group-A93D650C4EFD-LeaderElection38] INFO  server.RaftServerConfigKeys (ConfUtils.java:logGet(44)) - raft.server.write.element-limit = 1024 (custom)
2020-06-23 00:53:50,668 [7547e213-9149-4a92-9829-cadc9d981393@group-A93D650C4EFD-LeaderElection38] INFO  server.RaftServerConfigKeys (ConfUtils.java:logGet(44)) - raft.server.write.byte-limit = 1073741824 (custom)
2020-06-23 00:53:50,668 [7547e213-9149-4a92-9829-cadc9d981393@group-A93D650C4EFD-LeaderElection38] INFO  server.RaftServerConfigKeys (ConfUtils.java:logGet(44)) - raft.server.watch.timeout = 180s (custom)
2020-06-23 00:53:50,668 [7547e213-9149-4a92-9829-cadc9d981393@group-A93D650C4EFD-LeaderElection38] INFO  server.RaftServerConfigKeys (ConfUtils.java:logGet(44)) - raft.server.watch.timeout.denomination = 1s (default)
2020-06-23 00:53:50,668 [7547e213-9149-4a92-9829-cadc9d981393@group-A93D650C4EFD-LeaderElection38] INFO  server.RaftServerConfigKeys (ConfUtils.java:logGet(44)) - raft.server.watch.element-limit = 65536 (default)
2020-06-23 00:53:50,669 [7547e213-9149-4a92-9829-cadc9d981393@group-A93D650C4EFD-LeaderElection38] INFO  impl.RoleInfo (RoleInfo.java:updateAndGet(143)) - 7547e213-9149-4a92-9829-cadc9d981393: start LeaderState
2020-06-23 00:53:50,669 [7547e213-9149-4a92-9829-cadc9d981393@group-A93D650C4EFD-LeaderElection38] INFO  segmented.SegmentedRaftLogWorker (SegmentedRaftLogWorker.java:startLogSegment(397)) - 7547e213-9149-4a92-9829-cadc9d981393@group-A93D650C4EFD-SegmentedRaftLogWorker: Starting segment from index:0
2020-06-23 00:53:50,670 [56bede4d-db5a-43f7-a72a-ad210340bea2@group-E13C97F4CAC6-LeaderElection39] INFO  impl.LeaderElection (LeaderElection.java:askForVotes(206)) - 56bede4d-db5a-43f7-a72a-ad210340bea2@group-E13C97F4CAC6-LeaderElection39: begin an election at term 1 for -1: [56bede4d-db5a-43f7-a72a-ad210340bea2:172.17.0.2:45017], old=null
2020-06-23 00:53:50,670 [56bede4d-db5a-43f7-a72a-ad210340bea2@group-E13C97F4CAC6-LeaderElection39] INFO  impl.RoleInfo (RoleInfo.java:shutdownLeaderElection(134)) - 56bede4d-db5a-43f7-a72a-ad210340bea2: shutdown LeaderElection
2020-06-23 00:53:50,670 [56bede4d-db5a-43f7-a72a-ad210340bea2@group-E13C97F4CAC6-LeaderElection39] INFO  impl.RaftServerImpl (RaftServerImpl.java:setRole(175)) - 56bede4d-db5a-43f7-a72a-ad210340bea2@group-E13C97F4CAC6: changes role from CANDIDATE to LEADER at term 1 for changeToLeader
2020-06-23 00:53:50,670 [56bede4d-db5a-43f7-a72a-ad210340bea2@group-E13C97F4CAC6-LeaderElection39] INFO  ratis.XceiverServerRatis (XceiverServerRatis.java:handleLeaderChangedNotification(762)) - Leader change notification received for group: group-E13C97F4CAC6 with new leaderId: 56bede4d-db5a-43f7-a72a-ad210340bea2
2020-06-23 00:53:50,670 [7547e213-9149-4a92-9829-cadc9d981393@group-A93D650C4EFD-LeaderElection38] INFO  impl.RaftServerImpl (ServerState.java:setRaftConf(356)) - 7547e213-9149-4a92-9829-cadc9d981393@group-A93D650C4EFD: set configuration 0: [7547e213-9149-4a92-9829-cadc9d981393:172.17.0.2:46277], old=null at 0
2020-06-23 00:53:50,670 [56bede4d-db5a-43f7-a72a-ad210340bea2@group-E13C97F4CAC6-LeaderElection39] INFO  impl.RaftServerImpl (ServerState.java:setLeader(255)) - 56bede4d-db5a-43f7-a72a-ad210340bea2@group-E13C97F4CAC6: change Leader from null to 56bede4d-db5a-43f7-a72a-ad210340bea2 at term 1 for becomeLeader, leader elected after 5193ms
2020-06-23 00:53:50,670 [56bede4d-db5a-43f7-a72a-ad210340bea2@group-E13C97F4CAC6-LeaderElection39] INFO  server.RaftServerConfigKeys (ConfUtils.java:logGet(44)) - raft.server.staging.catchup.gap = 1000 (default)
2020-06-23 00:53:50,671 [56bede4d-db5a-43f7-a72a-ad210340bea2@group-E13C97F4CAC6-LeaderElection39] INFO  server.RaftServerConfigKeys (ConfUtils.java:logGet(44)) - raft.server.rpc.sleep.time = 25ms (default)
2020-06-23 00:53:50,671 [56bede4d-db5a-43f7-a72a-ad210340bea2@group-E13C97F4CAC6-LeaderElection39] INFO  metrics.RatisMetrics (RatisMetrics.java:lambda$create$0(36)) - Creating Metrics Registry : ratis.log_appender.56bede4d-db5a-43f7-a72a-ad210340bea2@group-E13C97F4CAC6
2020-06-23 00:53:50,671 [56bede4d-db5a-43f7-a72a-ad210340bea2@group-E13C97F4CAC6-LeaderElection39] INFO  server.RaftServerConfigKeys (ConfUtils.java:logGet(44)) - raft.server.write.element-limit = 1024 (custom)
2020-06-23 00:53:50,671 [56bede4d-db5a-43f7-a72a-ad210340bea2@group-E13C97F4CAC6-LeaderElection39] INFO  server.RaftServerConfigKeys (ConfUtils.java:logGet(44)) - raft.server.write.byte-limit = 1073741824 (custom)
2020-06-23 00:53:50,671 [7547e213-9149-4a92-9829-cadc9d981393@group-A93D650C4EFD-SegmentedRaftLogWorker] INFO  segmented.SegmentedRaftLogWorker (SegmentedRaftLogWorker.java:execute(596)) - 7547e213-9149-4a92-9829-cadc9d981393@group-A93D650C4EFD-SegmentedRaftLogWorker: created new log segment /github/workspace/mnt/ozone/hadoop-ozone/integration-test/target/test-dir/MiniOzoneClusterImpl-f92917fd-56ab-4efb-8d16-f1477a8498e7/datanode-1/data/ratis/a5db8de6-794a-4b33-9212-a93d650c4efd/current/log_inprogress_0
2020-06-23 00:53:50,673 [56bede4d-db5a-43f7-a72a-ad210340bea2@group-E13C97F4CAC6-LeaderElection39] INFO  server.RaftServerConfigKeys (ConfUtils.java:logGet(44)) - raft.server.watch.timeout = 180s (custom)
2020-06-23 00:53:50,673 [56bede4d-db5a-43f7-a72a-ad210340bea2@group-E13C97F4CAC6-LeaderElection39] INFO  server.RaftServerConfigKeys (ConfUtils.java:logGet(44)) - raft.server.watch.timeout.denomination = 1s (default)
2020-06-23 00:53:50,673 [56bede4d-db5a-43f7-a72a-ad210340bea2@group-E13C97F4CAC6-LeaderElection39] INFO  server.RaftServerConfigKeys (ConfUtils.java:logGet(44)) - raft.server.watch.element-limit = 65536 (default)
2020-06-23 00:53:50,673 [56bede4d-db5a-43f7-a72a-ad210340bea2@group-E13C97F4CAC6-LeaderElection39] INFO  impl.RoleInfo (RoleInfo.java:updateAndGet(143)) - 56bede4d-db5a-43f7-a72a-ad210340bea2: start LeaderState
2020-06-23 00:53:50,674 [56bede4d-db5a-43f7-a72a-ad210340bea2@group-E13C97F4CAC6-LeaderElection39] INFO  segmented.SegmentedRaftLogWorker (SegmentedRaftLogWorker.java:startLogSegment(397)) - 56bede4d-db5a-43f7-a72a-ad210340bea2@group-E13C97F4CAC6-SegmentedRaftLogWorker: Starting segment from index:0
2020-06-23 00:53:50,675 [56bede4d-db5a-43f7-a72a-ad210340bea2@group-E13C97F4CAC6-LeaderElection39] INFO  impl.RaftServerImpl (ServerState.java:setRaftConf(356)) - 56bede4d-db5a-43f7-a72a-ad210340bea2@group-E13C97F4CAC6: set configuration 0: [56bede4d-db5a-43f7-a72a-ad210340bea2:172.17.0.2:45017], old=null at 0
2020-06-23 00:53:50,675 [56bede4d-db5a-43f7-a72a-ad210340bea2@group-E13C97F4CAC6-SegmentedRaftLogWorker] INFO  segmented.SegmentedRaftLogWorker (SegmentedRaftLogWorker.java:execute(596)) - 56bede4d-db5a-43f7-a72a-ad210340bea2@group-E13C97F4CAC6-SegmentedRaftLogWorker: created new log segment /github/workspace/mnt/ozone/hadoop-ozone/integration-test/target/test-dir/MiniOzoneClusterImpl-f92917fd-56ab-4efb-8d16-f1477a8498e7/datanode-0/data/ratis/7a000cba-6fbd-4e60-8cfe-e13c97f4cac6/current/log_inprogress_0
2020-06-23 00:53:50,706 [Thread-2523] INFO  impl.FollowerState (FollowerState.java:run(108)) - 56bede4d-db5a-43f7-a72a-ad210340bea2@group-A3CF4F4F47CE-FollowerState: change to CANDIDATE, lastRpcTime:5207ms, electionTimeout:5199ms
2020-06-23 00:53:50,706 [Thread-2523] INFO  impl.RoleInfo (RoleInfo.java:shutdownFollowerState(121)) - 56bede4d-db5a-43f7-a72a-ad210340bea2: shutdown FollowerState
2020-06-23 00:53:50,706 [Thread-2523] INFO  impl.RaftServerImpl (RaftServerImpl.java:setRole(175)) - 56bede4d-db5a-43f7-a72a-ad210340bea2@group-A3CF4F4F47CE: changes role from  FOLLOWER to CANDIDATE at term 0 for changeToCandidate
2020-06-23 00:53:50,706 [Thread-2523] INFO  impl.RoleInfo (RoleInfo.java:updateAndGet(143)) - 56bede4d-db5a-43f7-a72a-ad210340bea2: start LeaderElection
2020-06-23 00:53:50,711 [56bede4d-db5a-43f7-a72a-ad210340bea2@group-A3CF4F4F47CE-LeaderElection40] INFO  impl.LeaderElection (LeaderElection.java:askForVotes(206)) - 56bede4d-db5a-43f7-a72a-ad210340bea2@group-A3CF4F4F47CE-LeaderElection40: begin an election at term 1 for -1: [7547e213-9149-4a92-9829-cadc9d981393:172.17.0.2:46277, 2e41215c-8520-439a-b0d0-78bebb885bfb:172.17.0.2:43419, 56bede4d-db5a-43f7-a72a-ad210340bea2:172.17.0.2:45017], old=null
2020-06-23 00:53:50,726 [grpc-default-executor-0] INFO  impl.RaftServerImpl (RaftServerImpl.java:setRole(175)) - 7547e213-9149-4a92-9829-cadc9d981393@group-A3CF4F4F47CE: changes role from  FOLLOWER to FOLLOWER at term 1 for recognizeCandidate:56bede4d-db5a-43f7-a72a-ad210340bea2
2020-06-23 00:53:50,727 [grpc-default-executor-0] INFO  impl.RoleInfo (RoleInfo.java:shutdownFollowerState(121)) - 7547e213-9149-4a92-9829-cadc9d981393: shutdown FollowerState
2020-06-23 00:53:50,727 [grpc-default-executor-0] INFO  impl.RoleInfo (RoleInfo.java:updateAndGet(143)) - 7547e213-9149-4a92-9829-cadc9d981393: start FollowerState
2020-06-23 00:53:50,727 [Thread-2525] INFO  impl.FollowerState (FollowerState.java:run(117)) - 7547e213-9149-4a92-9829-cadc9d981393@group-A3CF4F4F47CE-FollowerState was interrupted: java.lang.InterruptedException: sleep interrupted
2020-06-23 00:53:50,736 [grpc-default-executor-0] INFO  impl.RaftServerImpl (RaftServerImpl.java:setRole(175)) - 2e41215c-8520-439a-b0d0-78bebb885bfb@group-A3CF4F4F47CE: changes role from  FOLLOWER to FOLLOWER at term 1 for recognizeCandidate:56bede4d-db5a-43f7-a72a-ad210340bea2
2020-06-23 00:53:50,736 [grpc-default-executor-0] INFO  impl.RoleInfo (RoleInfo.java:shutdownFollowerState(121)) - 2e41215c-8520-439a-b0d0-78bebb885bfb: shutdown FollowerState
2020-06-23 00:53:50,736 [grpc-default-executor-0] INFO  impl.RoleInfo (RoleInfo.java:updateAndGet(143)) - 2e41215c-8520-439a-b0d0-78bebb885bfb: start FollowerState
2020-06-23 00:53:50,736 [Thread-2530] INFO  impl.FollowerState (FollowerState.java:run(117)) - 2e41215c-8520-439a-b0d0-78bebb885bfb@group-A3CF4F4F47CE-FollowerState was interrupted: java.lang.InterruptedException: sleep interrupted
2020-06-23 00:53:50,742 [56bede4d-db5a-43f7-a72a-ad210340bea2@group-A3CF4F4F47CE-LeaderElection40] INFO  impl.LeaderElection (LeaderElection.java:logAndReturn(61)) - 56bede4d-db5a-43f7-a72a-ad210340bea2@group-A3CF4F4F47CE-LeaderElection40: Election PASSED; received 1 response(s) [56bede4d-db5a-43f7-a72a-ad210340bea2<-7547e213-9149-4a92-9829-cadc9d981393#0:OK-t1] and 0 exception(s); 56bede4d-db5a-43f7-a72a-ad210340bea2@group-A3CF4F4F47CE:t1, leader=null, voted=56bede4d-db5a-43f7-a72a-ad210340bea2, raftlog=56bede4d-db5a-43f7-a72a-ad210340bea2@group-A3CF4F4F47CE-SegmentedRaftLog:OPENED:c-1,f-1,i0, conf=-1: [7547e213-9149-4a92-9829-cadc9d981393:172.17.0.2:46277, 2e41215c-8520-439a-b0d0-78bebb885bfb:172.17.0.2:43419, 56bede4d-db5a-43f7-a72a-ad210340bea2:172.17.0.2:45017], old=null
2020-06-23 00:53:50,742 [56bede4d-db5a-43f7-a72a-ad210340bea2@group-A3CF4F4F47CE-LeaderElection40] INFO  impl.RoleInfo (RoleInfo.java:shutdownLeaderElection(134)) - 56bede4d-db5a-43f7-a72a-ad210340bea2: shutdown LeaderElection
2020-06-23 00:53:50,742 [56bede4d-db5a-43f7-a72a-ad210340bea2@group-A3CF4F4F47CE-LeaderElection40] INFO  impl.RaftServerImpl (RaftServerImpl.java:setRole(175)) - 56bede4d-db5a-43f7-a72a-ad210340bea2@group-A3CF4F4F47CE: changes role from CANDIDATE to LEADER at term 1 for changeToLeader
2020-06-23 00:53:50,742 [56bede4d-db5a-43f7-a72a-ad210340bea2@group-A3CF4F4F47CE-LeaderElection40] INFO  ratis.XceiverServerRatis (XceiverServerRatis.java:handleLeaderChangedNotification(762)) - Leader change notification received for group: group-A3CF4F4F47CE with new leaderId: 56bede4d-db5a-43f7-a72a-ad210340bea2
2020-06-23 00:53:50,742 [56bede4d-db5a-43f7-a72a-ad210340bea2@group-A3CF4F4F47CE-LeaderElection40] INFO  impl.RaftServerImpl (ServerState.java:setLeader(255)) - 56bede4d-db5a-43f7-a72a-ad210340bea2@group-A3CF4F4F47CE: change Leader from null to 56bede4d-db5a-43f7-a72a-ad210340bea2 at term 1 for becomeLeader, leader elected after 5251ms
2020-06-23 00:53:50,742 [56bede4d-db5a-43f7-a72a-ad210340bea2@group-A3CF4F4F47CE-LeaderElection40] INFO  server.RaftServerConfigKeys (ConfUtils.java:logGet(44)) - raft.server.staging.catchup.gap = 1000 (default)
2020-06-23 00:53:50,742 [56bede4d-db5a-43f7-a72a-ad210340bea2@group-A3CF4F4F47CE-LeaderElection40] INFO  server.RaftServerConfigKeys (ConfUtils.java:logGet(44)) - raft.server.rpc.sleep.time = 25ms (default)
2020-06-23 00:53:50,743 [56bede4d-db5a-43f7-a72a-ad210340bea2@group-A3CF4F4F47CE-LeaderElection40] INFO  metrics.RatisMetrics (RatisMetrics.java:lambda$create$0(36)) - Creating Metrics Registry : ratis.log_appender.56bede4d-db5a-43f7-a72a-ad210340bea2@group-A3CF4F4F47CE
2020-06-23 00:53:50,743 [56bede4d-db5a-43f7-a72a-ad210340bea2@group-A3CF4F4F47CE-LeaderElection40] INFO  server.RaftServerConfigKeys (ConfUtils.java:logGet(44)) - raft.server.write.element-limit = 1024 (custom)
2020-06-23 00:53:50,743 [56bede4d-db5a-43f7-a72a-ad210340bea2@group-A3CF4F4F47CE-LeaderElection40] INFO  server.RaftServerConfigKeys (ConfUtils.java:logGet(44)) - raft.server.write.byte-limit = 1073741824 (custom)
2020-06-23 00:53:50,743 [56bede4d-db5a-43f7-a72a-ad210340bea2@group-A3CF4F4F47CE-LeaderElection40] INFO  server.RaftServerConfigKeys (ConfUtils.java:logGet(44)) - raft.server.watch.timeout = 180s (custom)
2020-06-23 00:53:50,743 [56bede4d-db5a-43f7-a72a-ad210340bea2@group-A3CF4F4F47CE-LeaderElection40] INFO  server.RaftServerConfigKeys (ConfUtils.java:logGet(44)) - raft.server.watch.timeout.denomination = 1s (default)
2020-06-23 00:53:50,743 [56bede4d-db5a-43f7-a72a-ad210340bea2@group-A3CF4F4F47CE-LeaderElection40] INFO  server.RaftServerConfigKeys (ConfUtils.java:logGet(44)) - raft.server.watch.element-limit = 65536 (default)
2020-06-23 00:53:50,744 [56bede4d-db5a-43f7-a72a-ad210340bea2@group-A3CF4F4F47CE-LeaderElection40] INFO  server.RaftServerConfigKeys (ConfUtils.java:logGet(44)) - raft.server.log.appender.snapshot.chunk.size.max = 16MB (=16777216) (default)
2020-06-23 00:53:50,744 [56bede4d-db5a-43f7-a72a-ad210340bea2@group-A3CF4F4F47CE-LeaderElection40] INFO  server.RaftServerConfigKeys (ConfUtils.java:logGet(44)) - raft.server.log.appender.buffer.byte-limit = 33554432 (custom)
2020-06-23 00:53:50,744 [56bede4d-db5a-43f7-a72a-ad210340bea2@group-A3CF4F4F47CE-LeaderElection40] INFO  server.RaftServerConfigKeys (ConfUtils.java:logGet(44)) - raft.server.log.appender.buffer.element-limit = 1 (custom)
2020-06-23 00:53:50,744 [56bede4d-db5a-43f7-a72a-ad210340bea2@group-A3CF4F4F47CE-LeaderElection40] INFO  grpc.GrpcConfigKeys (ConfUtils.java:logGet(44)) - raft.grpc.server.leader.outstanding.appends.max = 128 (default)
2020-06-23 00:53:50,744 [56bede4d-db5a-43f7-a72a-ad210340bea2@group-A3CF4F4F47CE-LeaderElection40] INFO  server.RaftServerConfigKeys (ConfUtils.java:logGet(44)) - raft.server.rpc.request.timeout = 60s (custom)
2020-06-23 00:53:50,744 [56bede4d-db5a-43f7-a72a-ad210340bea2@group-A3CF4F4F47CE-LeaderElection40] INFO  server.RaftServerConfigKeys (ConfUtils.java:logGet(44)) - raft.server.log.appender.install.snapshot.enabled = false (custom)
2020-06-23 00:53:50,744 [56bede4d-db5a-43f7-a72a-ad210340bea2@group-A3CF4F4F47CE-LeaderElection40] INFO  metrics.RatisMetrics (RatisMetrics.java:lambda$create$0(36)) - Creating Metrics Registry : ratis_grpc.log_appender.56bede4d-db5a-43f7-a72a-ad210340bea2@group-A3CF4F4F47CE
2020-06-23 00:53:50,748 [56bede4d-db5a-43f7-a72a-ad210340bea2@group-A3CF4F4F47CE-LeaderElection40] INFO  server.RaftServerConfigKeys (ConfUtils.java:logGet(44)) - raft.server.log.appender.snapshot.chunk.size.max = 16MB (=16777216) (default)
2020-06-23 00:53:50,748 [56bede4d-db5a-43f7-a72a-ad210340bea2@group-A3CF4F4F47CE-LeaderElection40] INFO  server.RaftServerConfigKeys (ConfUtils.java:logGet(44)) - raft.server.log.appender.buffer.byte-limit = 33554432 (custom)
2020-06-23 00:53:50,748 [56bede4d-db5a-43f7-a72a-ad210340bea2@group-A3CF4F4F47CE-LeaderElection40] INFO  server.RaftServerConfigKeys (ConfUtils.java:logGet(44)) - raft.server.log.appender.buffer.element-limit = 1 (custom)
2020-06-23 00:53:50,748 [56bede4d-db5a-43f7-a72a-ad210340bea2@group-A3CF4F4F47CE-LeaderElection40] INFO  grpc.GrpcConfigKeys (ConfUtils.java:logGet(44)) - raft.grpc.server.leader.outstanding.appends.max = 128 (default)
2020-06-23 00:53:50,748 [56bede4d-db5a-43f7-a72a-ad210340bea2@group-A3CF4F4F47CE-LeaderElection40] INFO  server.RaftServerConfigKeys (ConfUtils.java:logGet(44)) - raft.server.rpc.request.timeout = 60s (custom)
2020-06-23 00:53:50,748 [56bede4d-db5a-43f7-a72a-ad210340bea2@group-A3CF4F4F47CE-LeaderElection40] INFO  server.RaftServerConfigKeys (ConfUtils.java:logGet(44)) - raft.server.log.appender.install.snapshot.enabled = false (custom)
2020-06-23 00:53:50,748 [EventQueue-PipelineReportForPipelineReportHandler] INFO  pipeline.PipelineStateManager (PipelineStateManager.java:openPipeline(131)) - Pipeline Pipeline[ Id: eb4083b8-a49f-4903-add2-a3cf4f4f47ce, Nodes: 7547e213-9149-4a92-9829-cadc9d981393{ip: 172.17.0.2, host: 9d1457b60c89, networkLocation: /default-rack, certSerialId: null}56bede4d-db5a-43f7-a72a-ad210340bea2{ip: 172.17.0.2, host: 9d1457b60c89, networkLocation: /default-rack, certSerialId: null}2e41215c-8520-439a-b0d0-78bebb885bfb{ip: 172.17.0.2, host: 9d1457b60c89, networkLocation: /default-rack, certSerialId: null}, Type:RATIS, Factor:THREE, State:ALLOCATED, leaderId:56bede4d-db5a-43f7-a72a-ad210340bea2, CreationTimestamp2020-06-23T00:53:42.597Z] moved to OPEN state
2020-06-23 00:53:50,749 [EventQueue-OpenPipelineForOneReplicaPipelineSafeModeRule] INFO  safemode.SCMSafeModeManager (SCMSafeModeManager.java:validateSafeModeExitRules(214)) - AtleastOneDatanodeReportedRule rule is successfully validated
2020-06-23 00:53:50,749 [EventQueue-OpenPipelineForHealthyPipelineSafeModeRule] INFO  safemode.SCMSafeModeManager (HealthyPipelineSafeModeRule.java:process(132)) - SCM in safe mode. Healthy pipelines reported count is 1, required healthy pipeline reported count is 1
2020-06-23 00:53:50,750 [EventQueue-OpenPipelineForHealthyPipelineSafeModeRule] INFO  safemode.SCMSafeModeManager (SCMSafeModeManager.java:validateSafeModeExitRules(214)) - HealthyPipelineSafeModeRule rule is successfully validated
2020-06-23 00:53:50,750 [EventQueue-OpenPipelineForHealthyPipelineSafeModeRule] INFO  safemode.SCMSafeModeManager (SCMSafeModeManager.java:validateSafeModeExitRules(228)) - ScmSafeModeManager, all rules are successfully validated
2020-06-23 00:53:50,750 [EventQueue-OpenPipelineForHealthyPipelineSafeModeRule] INFO  safemode.SCMSafeModeManager (SCMSafeModeManager.java:exitSafeMode(257)) - SCM exiting safe mode.
2020-06-23 00:53:50,751 [56bede4d-db5a-43f7-a72a-ad210340bea2@group-A3CF4F4F47CE-LeaderElection40] INFO  impl.RoleInfo (RoleInfo.java:updateAndGet(143)) - 56bede4d-db5a-43f7-a72a-ad210340bea2: start LeaderState
2020-06-23 00:53:50,752 [56bede4d-db5a-43f7-a72a-ad210340bea2@group-A3CF4F4F47CE-LeaderElection40] INFO  segmented.SegmentedRaftLogWorker (SegmentedRaftLogWorker.java:startLogSegment(397)) - 56bede4d-db5a-43f7-a72a-ad210340bea2@group-A3CF4F4F47CE-SegmentedRaftLogWorker: Starting segment from index:0
2020-06-23 00:53:50,754 [56bede4d-db5a-43f7-a72a-ad210340bea2@group-A3CF4F4F47CE-SegmentedRaftLogWorker] INFO  segmented.SegmentedRaftLogWorker (SegmentedRaftLogWorker.java:execute(596)) - 56bede4d-db5a-43f7-a72a-ad210340bea2@group-A3CF4F4F47CE-SegmentedRaftLogWorker: created new log segment /github/workspace/mnt/ozone/hadoop-ozone/integration-test/target/test-dir/MiniOzoneClusterImpl-f92917fd-56ab-4efb-8d16-f1477a8498e7/datanode-0/data/ratis/eb4083b8-a49f-4903-add2-a3cf4f4f47ce/current/log_inprogress_0
2020-06-23 00:53:50,758 [Thread-2533] INFO  impl.FollowerState (FollowerState.java:run(108)) - 2e41215c-8520-439a-b0d0-78bebb885bfb@group-EAC400B73B2D-FollowerState: change to CANDIDATE, lastRpcTime:5146ms, electionTimeout:5145ms
2020-06-23 00:53:50,758 [Thread-2533] INFO  impl.RoleInfo (RoleInfo.java:shutdownFollowerState(121)) - 2e41215c-8520-439a-b0d0-78bebb885bfb: shutdown FollowerState
2020-06-23 00:53:50,758 [Thread-2533] INFO  impl.RaftServerImpl (RaftServerImpl.java:setRole(175)) - 2e41215c-8520-439a-b0d0-78bebb885bfb@group-EAC400B73B2D: changes role from  FOLLOWER to CANDIDATE at term 0 for changeToCandidate
2020-06-23 00:53:50,759 [Thread-2533] INFO  impl.RoleInfo (RoleInfo.java:updateAndGet(143)) - 2e41215c-8520-439a-b0d0-78bebb885bfb: start LeaderElection
2020-06-23 00:53:50,770 [grpc-default-executor-5] INFO  ratis.XceiverServerRatis (XceiverServerRatis.java:handleLeaderChangedNotification(762)) - Leader change notification received for group: group-A3CF4F4F47CE with new leaderId: 56bede4d-db5a-43f7-a72a-ad210340bea2
2020-06-23 00:53:50,770 [grpc-default-executor-5] INFO  impl.RaftServerImpl (ServerState.java:setLeader(255)) - 7547e213-9149-4a92-9829-cadc9d981393@group-A3CF4F4F47CE: change Leader from null to 56bede4d-db5a-43f7-a72a-ad210340bea2 at term 1 for appendEntries, leader elected after 5246ms
2020-06-23 00:53:50,774 [56bede4d-db5a-43f7-a72a-ad210340bea2@group-A3CF4F4F47CE-LeaderElection40] INFO  impl.RaftServerImpl (ServerState.java:setRaftConf(356)) - 56bede4d-db5a-43f7-a72a-ad210340bea2@group-A3CF4F4F47CE: set configuration 0: [7547e213-9149-4a92-9829-cadc9d981393:172.17.0.2:46277, 2e41215c-8520-439a-b0d0-78bebb885bfb:172.17.0.2:43419, 56bede4d-db5a-43f7-a72a-ad210340bea2:172.17.0.2:45017], old=null at 0
2020-06-23 00:53:50,775 [grpc-default-executor-5] INFO  impl.RaftServerImpl (ServerState.java:setRaftConf(356)) - 7547e213-9149-4a92-9829-cadc9d981393@group-A3CF4F4F47CE: set configuration 0: [7547e213-9149-4a92-9829-cadc9d981393:172.17.0.2:46277, 2e41215c-8520-439a-b0d0-78bebb885bfb:172.17.0.2:43419, 56bede4d-db5a-43f7-a72a-ad210340bea2:172.17.0.2:45017], old=null at 0
2020-06-23 00:53:50,775 [grpc-default-executor-5] INFO  segmented.SegmentedRaftLogWorker (SegmentedRaftLogWorker.java:startLogSegment(397)) - 7547e213-9149-4a92-9829-cadc9d981393@group-A3CF4F4F47CE-SegmentedRaftLogWorker: Starting segment from index:0
2020-06-23 00:53:50,777 [7547e213-9149-4a92-9829-cadc9d981393@group-A3CF4F4F47CE-SegmentedRaftLogWorker] INFO  segmented.SegmentedRaftLogWorker (SegmentedRaftLogWorker.java:execute(596)) - 7547e213-9149-4a92-9829-cadc9d981393@group-A3CF4F4F47CE-SegmentedRaftLogWorker: created new log segment /github/workspace/mnt/ozone/hadoop-ozone/integration-test/target/test-dir/MiniOzoneClusterImpl-f92917fd-56ab-4efb-8d16-f1477a8498e7/datanode-1/data/ratis/eb4083b8-a49f-4903-add2-a3cf4f4f47ce/current/log_inprogress_0
2020-06-23 00:53:50,785 [2e41215c-8520-439a-b0d0-78bebb885bfb@group-EAC400B73B2D-LeaderElection41] INFO  impl.LeaderElection (LeaderElection.java:askForVotes(206)) - 2e41215c-8520-439a-b0d0-78bebb885bfb@group-EAC400B73B2D-LeaderElection41: begin an election at term 1 for -1: [2e41215c-8520-439a-b0d0-78bebb885bfb:172.17.0.2:43419], old=null
2020-06-23 00:53:50,785 [2e41215c-8520-439a-b0d0-78bebb885bfb@group-EAC400B73B2D-LeaderElection41] INFO  impl.RoleInfo (RoleInfo.java:shutdownLeaderElection(134)) - 2e41215c-8520-439a-b0d0-78bebb885bfb: shutdown LeaderElection
2020-06-23 00:53:50,785 [2e41215c-8520-439a-b0d0-78bebb885bfb@group-EAC400B73B2D-LeaderElection41] INFO  impl.RaftServerImpl (RaftServerImpl.java:setRole(175)) - 2e41215c-8520-439a-b0d0-78bebb885bfb@group-EAC400B73B2D: changes role from CANDIDATE to LEADER at term 1 for changeToLeader
2020-06-23 00:53:50,785 [2e41215c-8520-439a-b0d0-78bebb885bfb@group-EAC400B73B2D-LeaderElection41] INFO  ratis.XceiverServerRatis (XceiverServerRatis.java:handleLeaderChangedNotification(762)) - Leader change notification received for group: group-EAC400B73B2D with new leaderId: 2e41215c-8520-439a-b0d0-78bebb885bfb
2020-06-23 00:53:50,785 [2e41215c-8520-439a-b0d0-78bebb885bfb@group-EAC400B73B2D-LeaderElection41] INFO  impl.RaftServerImpl (ServerState.java:setLeader(255)) - 2e41215c-8520-439a-b0d0-78bebb885bfb@group-EAC400B73B2D: change Leader from null to 2e41215c-8520-439a-b0d0-78bebb885bfb at term 1 for becomeLeader, leader elected after 5183ms
2020-06-23 00:53:50,785 [2e41215c-8520-439a-b0d0-78bebb885bfb@group-EAC400B73B2D-LeaderElection41] INFO  server.RaftServerConfigKeys (ConfUtils.java:logGet(44)) - raft.server.staging.catchup.gap = 1000 (default)
2020-06-23 00:53:50,786 [2e41215c-8520-439a-b0d0-78bebb885bfb@group-EAC400B73B2D-LeaderElection41] INFO  server.RaftServerConfigKeys (ConfUtils.java:logGet(44)) - raft.server.rpc.sleep.time = 25ms (default)
2020-06-23 00:53:50,786 [2e41215c-8520-439a-b0d0-78bebb885bfb@group-EAC400B73B2D-LeaderElection41] INFO  metrics.RatisMetrics (RatisMetrics.java:lambda$create$0(36)) - Creating Metrics Registry : ratis.log_appender.2e41215c-8520-439a-b0d0-78bebb885bfb@group-EAC400B73B2D
2020-06-23 00:53:50,786 [2e41215c-8520-439a-b0d0-78bebb885bfb@group-EAC400B73B2D-LeaderElection41] INFO  server.RaftServerConfigKeys (ConfUtils.java:logGet(44)) - raft.server.write.element-limit = 1024 (custom)
2020-06-23 00:53:50,786 [2e41215c-8520-439a-b0d0-78bebb885bfb@group-EAC400B73B2D-LeaderElection41] INFO  server.RaftServerConfigKeys (ConfUtils.java:logGet(44)) - raft.server.write.byte-limit = 1073741824 (custom)
2020-06-23 00:53:50,787 [grpc-default-executor-5] INFO  ratis.XceiverServerRatis (XceiverServerRatis.java:handleLeaderChangedNotification(762)) - Leader change notification received for group: group-A3CF4F4F47CE with new leaderId: 56bede4d-db5a-43f7-a72a-ad210340bea2
2020-06-23 00:53:50,788 [grpc-default-executor-5] INFO  impl.RaftServerImpl (ServerState.java:setLeader(255)) - 2e41215c-8520-439a-b0d0-78bebb885bfb@group-A3CF4F4F47CE: change Leader from null to 56bede4d-db5a-43f7-a72a-ad210340bea2 at term 1 for appendEntries, leader elected after 5217ms
2020-06-23 00:53:50,790 [grpc-default-executor-5] INFO  impl.RaftServerImpl (ServerState.java:setRaftConf(356)) - 2e41215c-8520-439a-b0d0-78bebb885bfb@group-A3CF4F4F47CE: set configuration 0: [7547e213-9149-4a92-9829-cadc9d981393:172.17.0.2:46277, 2e41215c-8520-439a-b0d0-78bebb885bfb:172.17.0.2:43419, 56bede4d-db5a-43f7-a72a-ad210340bea2:172.17.0.2:45017], old=null at 0
2020-06-23 00:53:50,791 [2e41215c-8520-439a-b0d0-78bebb885bfb@group-EAC400B73B2D-LeaderElection41] INFO  server.RaftServerConfigKeys (ConfUtils.java:logGet(44)) - raft.server.watch.timeout = 180s (custom)
2020-06-23 00:53:50,791 [2e41215c-8520-439a-b0d0-78bebb885bfb@group-EAC400B73B2D-LeaderElection41] INFO  server.RaftServerConfigKeys (ConfUtils.java:logGet(44)) - raft.server.watch.timeout.denomination = 1s (default)
2020-06-23 00:53:50,791 [2e41215c-8520-439a-b0d0-78bebb885bfb@group-EAC400B73B2D-LeaderElection41] INFO  server.RaftServerConfigKeys (ConfUtils.java:logGet(44)) - raft.server.watch.element-limit = 65536 (default)
2020-06-23 00:53:50,791 [2e41215c-8520-439a-b0d0-78bebb885bfb@group-EAC400B73B2D-LeaderElection41] INFO  impl.RoleInfo (RoleInfo.java:updateAndGet(143)) - 2e41215c-8520-439a-b0d0-78bebb885bfb: start LeaderState
2020-06-23 00:53:50,792 [grpc-default-executor-5] INFO  segmented.SegmentedRaftLogWorker (SegmentedRaftLogWorker.java:startLogSegment(397)) - 2e41215c-8520-439a-b0d0-78bebb885bfb@group-A3CF4F4F47CE-SegmentedRaftLogWorker: Starting segment from index:0
2020-06-23 00:53:50,792 [2e41215c-8520-439a-b0d0-78bebb885bfb@group-EAC400B73B2D-LeaderElection41] INFO  segmented.SegmentedRaftLogWorker (SegmentedRaftLogWorker.java:startLogSegment(397)) - 2e41215c-8520-439a-b0d0-78bebb885bfb@group-EAC400B73B2D-SegmentedRaftLogWorker: Starting segment from index:0
2020-06-23 00:53:50,794 [2e41215c-8520-439a-b0d0-78bebb885bfb@group-EAC400B73B2D-SegmentedRaftLogWorker] INFO  segmented.SegmentedRaftLogWorker (SegmentedRaftLogWorker.java:execute(596)) - 2e41215c-8520-439a-b0d0-78bebb885bfb@group-EAC400B73B2D-SegmentedRaftLogWorker: created new log segment /github/workspace/mnt/ozone/hadoop-ozone/integration-test/target/test-dir/MiniOzoneClusterImpl-f92917fd-56ab-4efb-8d16-f1477a8498e7/datanode-2/data/ratis/b4c70398-d29d-4dad-8ac9-eac400b73b2d/current/log_inprogress_0
2020-06-23 00:53:50,795 [2e41215c-8520-439a-b0d0-78bebb885bfb@group-EAC400B73B2D-LeaderElection41] INFO  impl.RaftServerImpl (ServerState.java:setRaftConf(356)) - 2e41215c-8520-439a-b0d0-78bebb885bfb@group-EAC400B73B2D: set configuration 0: [2e41215c-8520-439a-b0d0-78bebb885bfb:172.17.0.2:43419], old=null at 0
2020-06-23 00:53:50,797 [2e41215c-8520-439a-b0d0-78bebb885bfb@group-A3CF4F4F47CE-SegmentedRaftLogWorker] INFO  segmented.SegmentedRaftLogWorker (SegmentedRaftLogWorker.java:execute(596)) - 2e41215c-8520-439a-b0d0-78bebb885bfb@group-A3CF4F4F47CE-SegmentedRaftLogWorker: created new log segment /github/workspace/mnt/ozone/hadoop-ozone/integration-test/target/test-dir/MiniOzoneClusterImpl-f92917fd-56ab-4efb-8d16-f1477a8498e7/datanode-2/data/ratis/eb4083b8-a49f-4903-add2-a3cf4f4f47ce/current/log_inprogress_0
2020-06-23 00:53:50,878 [grpc-default-executor-5] INFO  ratis.OzoneManagerStateMachine (OzoneManagerStateMachine.java:getLatestSnapshot(147)) - Latest Snapshot Info 0#-1
2020-06-23 00:53:50,880 [grpc-default-executor-5] INFO  ratis.OzoneManagerStateMachine (OzoneManagerStateMachine.java:getLatestSnapshot(147)) - Latest Snapshot Info 0#-1
2020-06-23 00:53:51,380 [grpc-default-executor-5] INFO  ratis.OzoneManagerStateMachine (OzoneManagerStateMachine.java:getLatestSnapshot(147)) - Latest Snapshot Info 0#-1
2020-06-23 00:53:51,382 [grpc-default-executor-5] INFO  ratis.OzoneManagerStateMachine (OzoneManagerStateMachine.java:getLatestSnapshot(147)) - Latest Snapshot Info 0#-1
2020-06-23 00:53:51,591 [Listener at 127.0.0.1/10500] INFO  ozone.MiniOzoneClusterImpl (MiniOzoneClusterImpl.java:lambda$waitForClusterToBeReady$0(177)) - Nodes are ready. Got 3 of 3 DN Heartbeats.
2020-06-23 00:53:51,591 [Listener at 127.0.0.1/10500] INFO  ozone.MiniOzoneClusterImpl (MiniOzoneClusterImpl.java:lambda$waitForClusterToBeReady$0(180)) - Cluster exits safe mode
2020-06-23 00:53:51,603 [IPC Server handler 1 on default port 10488] INFO  ipc.Server (Server.java:logException(2976)) - IPC Server handler 1 on default port 10488, call Call#441 Retry#0 org.apache.hadoop.ozone.om.protocol.OzoneManagerProtocol.submitRequest from 127.0.0.1:59102
org.apache.hadoop.ozone.om.exceptions.OMNotLeaderException: OM:omNode-1 is not the leader. Suggested leader is OM:omNode-2.
	at org.apache.hadoop.ozone.protocolPB.OzoneManagerProtocolServerSideTranslatorPB.createNotLeaderException(OzoneManagerProtocolServerSideTranslatorPB.java:198)
	at org.apache.hadoop.ozone.protocolPB.OzoneManagerProtocolServerSideTranslatorPB.submitReadRequestToOM(OzoneManagerProtocolServerSideTranslatorPB.java:186)
	at org.apache.hadoop.ozone.protocolPB.OzoneManagerProtocolServerSideTranslatorPB.processRequest(OzoneManagerProtocolServerSideTranslatorPB.java:123)
	at org.apache.hadoop.hdds.server.OzoneProtocolMessageDispatcher.processRequest(OzoneProtocolMessageDispatcher.java:74)
	at org.apache.hadoop.ozone.protocolPB.OzoneManagerProtocolServerSideTranslatorPB.submitRequest(OzoneManagerProtocolServerSideTranslatorPB.java:113)
	at org.apache.hadoop.ozone.protocol.proto.OzoneManagerProtocolProtos$OzoneManagerService$2.callBlockingMethod(OzoneManagerProtocolProtos.java)
	at org.apache.hadoop.ipc.ProtobufRpcEngine$Server$ProtoBufRpcInvoker.call(ProtobufRpcEngine.java:528)
	at org.apache.hadoop.ipc.RPC$Server.call(RPC.java:1070)
	at org.apache.hadoop.ipc.Server$RpcCall.run(Server.java:999)
	at org.apache.hadoop.ipc.Server$RpcCall.run(Server.java:927)
	at java.security.AccessController.doPrivileged(Native Method)
	at javax.security.auth.Subject.doAs(Subject.java:422)
	at org.apache.hadoop.security.UserGroupInformation.doAs(UserGroupInformation.java:1730)
	at org.apache.hadoop.ipc.Server$Handler.run(Server.java:2915)
2020-06-23 00:53:51,605 [Listener at 127.0.0.1/10500] INFO  protocolPB.Hadoop3OmTransport (Hadoop3OmTransport.java:shouldRetry(136)) - RetryProxy: OM:omNode-1 is not the leader. Suggested leader is OM:omNode-2.
	at org.apache.hadoop.ozone.protocolPB.OzoneManagerProtocolServerSideTranslatorPB.createNotLeaderException(OzoneManagerProtocolServerSideTranslatorPB.java:198)
	at org.apache.hadoop.ozone.protocolPB.OzoneManagerProtocolServerSideTranslatorPB.submitReadRequestToOM(OzoneManagerProtocolServerSideTranslatorPB.java:186)
	at org.apache.hadoop.ozone.protocolPB.OzoneManagerProtocolServerSideTranslatorPB.processRequest(OzoneManagerProtocolServerSideTranslatorPB.java:123)
	at org.apache.hadoop.hdds.server.OzoneProtocolMessageDispatcher.processRequest(OzoneProtocolMessageDispatcher.java:74)
	at org.apache.hadoop.ozone.protocolPB.OzoneManagerProtocolServerSideTranslatorPB.submitRequest(OzoneManagerProtocolServerSideTranslatorPB.java:113)
	at org.apache.hadoop.ozone.protocol.proto.OzoneManagerProtocolProtos$OzoneManagerService$2.callBlockingMethod(OzoneManagerProtocolProtos.java)
	at org.apache.hadoop.ipc.ProtobufRpcEngine$Server$ProtoBufRpcInvoker.call(ProtobufRpcEngine.java:528)
	at org.apache.hadoop.ipc.RPC$Server.call(RPC.java:1070)
	at org.apache.hadoop.ipc.Server$RpcCall.run(Server.java:999)
	at org.apache.hadoop.ipc.Server$RpcCall.run(Server.java:927)
	at java.security.AccessController.doPrivileged(Native Method)
	at javax.security.auth.Subject.doAs(Subject.java:422)
	at org.apache.hadoop.security.UserGroupInformation.doAs(UserGroupInformation.java:1730)
	at org.apache.hadoop.ipc.Server$Handler.run(Server.java:2915)

2020-06-23 00:53:51,629 [Listener at 127.0.0.1/10500] INFO  ipc.Server (Server.java:stop(3359)) - Stopping server on 10494
2020-06-23 00:53:51,631 [IPC Server Responder] INFO  ipc.Server (Server.java:run(1465)) - Stopping IPC Server Responder
2020-06-23 00:53:51,632 [Listener at 127.0.0.1/10500] INFO  impl.RaftServerProxy (RaftServerProxy.java:lambda$close$4(319)) - omNode-2: close
2020-06-23 00:53:51,633 [Listener at 127.0.0.1/10500] INFO  impl.RaftServerImpl (RaftServerImpl.java:lambda$shutdown$3(252)) - omNode-2@group-523986131536: shutdown
2020-06-23 00:53:51,631 [IPC Server listener on 10494] INFO  ipc.Server (Server.java:run(1330)) - Stopping IPC Server listener on 10494
2020-06-23 00:53:51,633 [Listener at 127.0.0.1/10500] INFO  util.JmxRegister (JmxRegister.java:unregister(73)) - Successfully un-registered JMX Bean with object name Ratis:service=RaftServer,group=group-523986131536,id=omNode-2
2020-06-23 00:53:51,633 [Listener at 127.0.0.1/10500] INFO  impl.RoleInfo (RoleInfo.java:shutdownLeaderState(104)) - omNode-2: shutdown LeaderState
2020-06-23 00:53:51,633 [Listener at 127.0.0.1/10500] INFO  metrics.RatisMetrics (RatisMetrics.java:unregister(43)) - Unregistering Metrics Registry : ratis_grpc.log_appender.omNode-2@group-523986131536
2020-06-23 00:53:51,636 [Listener at 127.0.0.1/10500] INFO  metrics.RatisMetrics (RatisMetrics.java:unregister(43)) - Unregistering Metrics Registry : ratis_grpc.log_appender.omNode-2@group-523986131536
2020-06-23 00:53:51,636 [org.apache.ratis.server.impl.LogAppender$AppenderDaemon$$Lambda$336/241851659@4b8e71b3] WARN  server.GrpcLogAppender (GrpcLogAppender.java:mayWait(153)) - omNode-2@group-523986131536->omNode-3-GrpcLogAppender: Wait interrupted by java.lang.InterruptedException
2020-06-23 00:53:51,637 [Listener at 127.0.0.1/10500] INFO  impl.PendingRequests (PendingRequests.java:sendNotLeaderResponses(249)) - omNode-2@group-523986131536-PendingRequests: sendNotLeaderResponses
2020-06-23 00:53:51,637 [org.apache.ratis.server.impl.LogAppender$AppenderDaemon$$Lambda$336/241851659@4e4d79eb] WARN  server.GrpcLogAppender (GrpcLogAppender.java:mayWait(153)) - omNode-2@group-523986131536->omNode-1-GrpcLogAppender: Wait interrupted by java.lang.InterruptedException
2020-06-23 00:53:51,637 [grpc-default-executor-5] INFO  server.GrpcServerProtocolService (GrpcServerProtocolService.java:onCompleted(138)) - omNode-3: Completed APPEND_ENTRIES, lastRequest: omNode-2->omNode-3#1-t1, previous=(t:0, i:0), leaderCommit=0, initializing? false, entries: size=1, first=(t:1, i:0), CONFIGURATIONENTRY
2020-06-23 00:53:51,638 [Listener at 127.0.0.1/10500] INFO  metrics.RatisMetrics (RatisMetrics.java:unregister(43)) - Unregistering Metrics Registry : ratis.log_appender.omNode-2@group-523986131536
2020-06-23 00:53:51,638 [grpc-default-executor-0] INFO  server.GrpcServerProtocolService (GrpcServerProtocolService.java:onCompleted(138)) - omNode-1: Completed APPEND_ENTRIES, lastRequest: omNode-2->omNode-1#1-t1, previous=(t:0, i:0), leaderCommit=0, initializing? false, entries: size=1, first=(t:1, i:0), CONFIGURATIONENTRY
2020-06-23 00:53:51,638 [Listener at 127.0.0.1/10500] INFO  metrics.RatisMetrics (RatisMetrics.java:unregister(43)) - Unregistering Metrics Registry : ratis.server.omNode-2@group-523986131536
2020-06-23 00:53:51,638 [grpc-default-executor-0] INFO  server.GrpcLogAppender (GrpcLogAppender.java:onCompleted(319)) - omNode-2@group-523986131536->omNode-3-AppendLogResponseHandler: follower responses appendEntries COMPLETED
2020-06-23 00:53:51,639 [Listener at 127.0.0.1/10500] INFO  impl.StateMachineUpdater (StateMachineUpdater.java:stopAndJoin(142)) - omNode-2@group-523986131536-StateMachineUpdater: set stopIndex = 0
2020-06-23 00:53:51,639 [omNode-2@group-523986131536-StateMachineUpdater] INFO  ratis.OzoneManagerStateMachine (OzoneManagerStateMachine.java:takeSnapshot(355)) - Current Snapshot Index (t:1, i:0)
2020-06-23 00:53:51,639 [grpc-default-executor-1] INFO  server.GrpcLogAppender (GrpcLogAppender.java:onCompleted(319)) - omNode-2@group-523986131536->omNode-1-AppendLogResponseHandler: follower responses appendEntries COMPLETED
2020-06-23 00:53:51,639 [omNode-2@group-523986131536-StateMachineUpdater] INFO  impl.StateMachineUpdater (StateMachineUpdater.java:takeSnapshot(277)) - omNode-2@group-523986131536-StateMachineUpdater: Took a snapshot at index 0
2020-06-23 00:53:51,640 [omNode-2@group-523986131536-StateMachineUpdater] INFO  impl.StateMachineUpdater (StateMachineUpdater.java:lambda$new$0(87)) - omNode-2@group-523986131536-StateMachineUpdater: snapshotIndex: updateIncreasingly -1 -> 0
2020-06-23 00:53:51,640 [omNode-2@group-523986131536-StateMachineUpdater] INFO  metrics.RatisMetrics (RatisMetrics.java:unregister(43)) - Unregistering Metrics Registry : ratis.state_machine.omNode-2@group-523986131536
2020-06-23 00:53:51,641 [grpc-default-executor-1] INFO  impl.FollowerInfo (FollowerInfo.java:lambda$new$0(51)) - omNode-2@group-523986131536->omNode-1: nextIndex: updateUnconditionally 1 -> 0
2020-06-23 00:53:51,641 [grpc-default-executor-0] INFO  impl.FollowerInfo (FollowerInfo.java:lambda$new$0(51)) - omNode-2@group-523986131536->omNode-3: nextIndex: updateUnconditionally 1 -> 0
2020-06-23 00:53:51,641 [Listener at 127.0.0.1/10500] INFO  impl.RaftServerImpl (ServerState.java:close(387)) - omNode-2@group-523986131536: closes. applyIndex: 0
2020-06-23 00:53:51,641 [omNode-2@group-523986131536-SegmentedRaftLogWorker] INFO  segmented.SegmentedRaftLogWorker (SegmentedRaftLogWorker.java:run(327)) - omNode-2@group-523986131536-SegmentedRaftLogWorker was interrupted, exiting. There are 0 tasks remaining in the queue.
2020-06-23 00:53:51,642 [Listener at 127.0.0.1/10500] INFO  segmented.SegmentedRaftLogWorker (SegmentedRaftLogWorker.java:close(234)) - omNode-2@group-523986131536-SegmentedRaftLogWorker close()
2020-06-23 00:53:51,643 [Listener at 127.0.0.1/10500] INFO  metrics.RatisMetrics (RatisMetrics.java:unregister(43)) - Unregistering Metrics Registry : ratis.log_worker.omNode-2@group-523986131536
2020-06-23 00:53:51,643 [Listener at 127.0.0.1/10500] INFO  metrics.RatisMetrics (RatisMetrics.java:unregister(43)) - Unregistering Metrics Registry : ratis.leader_election.omNode-2@group-523986131536
2020-06-23 00:53:51,643 [Listener at 127.0.0.1/10500] INFO  metrics.RatisMetrics (RatisMetrics.java:unregister(43)) - Unregistering Metrics Registry : ratis.server.omNode-2@group-523986131536
2020-06-23 00:53:51,643 [Listener at 127.0.0.1/10500] INFO  server.GrpcService (GrpcService.java:closeImpl(166)) - omNode-2: shutdown server with port 10498 now
2020-06-23 00:53:51,644 [Listener at 127.0.0.1/10500] INFO  server.GrpcService (GrpcService.java:closeImpl(174)) - omNode-2: shutdown server with port 10498 successfully
2020-06-23 00:53:51,644 [Listener at 127.0.0.1/10500] INFO  ratis.OzoneManagerDoubleBuffer (OzoneManagerDoubleBuffer.java:stop(410)) - Stopping OMDoubleBuffer flush thread
2020-06-23 00:53:51,644 [OMDoubleBufferFlushThread] INFO  ratis.OzoneManagerDoubleBuffer (OzoneManagerDoubleBuffer.java:flushTransactions(342)) - OMDoubleBuffer flush thread OMDoubleBufferFlushThread is interrupted and will exit. OMDoubleBufferFlushThread
2020-06-23 00:53:51,644 [Listener at 127.0.0.1/10500] INFO  ratis.OzoneManagerStateMachine (HadoopExecutors.java:shutdown(118)) - Gracefully shutting down executor service. Waiting max 5 SECONDS
2020-06-23 00:53:51,644 [Listener at 127.0.0.1/10500] INFO  ratis.OzoneManagerStateMachine (HadoopExecutors.java:shutdown(129)) - Succesfully shutdown executor service
2020-06-23 00:53:51,644 [Listener at 127.0.0.1/10500] INFO  ratis.OzoneManagerStateMachine (HadoopExecutors.java:shutdown(118)) - Gracefully shutting down executor service. Waiting max 5 SECONDS
2020-06-23 00:53:51,644 [Listener at 127.0.0.1/10500] INFO  ratis.OzoneManagerStateMachine (HadoopExecutors.java:shutdown(129)) - Succesfully shutdown executor service
2020-06-23 00:53:51,644 [Listener at 127.0.0.1/10500] INFO  utils.BackgroundService (BackgroundService.java:shutdown(157)) - Shutting down service KeyDeletingService
2020-06-23 00:53:51,645 [Listener at 127.0.0.1/10500] INFO  handler.ContextHandler (ContextHandler.java:doStop(1016)) - Stopped o.e.j.w.WebAppContext@3b306aaa{ozoneManager,/,null,UNAVAILABLE}{file:/github/workspace/mnt/ozone/hadoop-ozone/integration-test/target/test-classes/webapps/ozoneManager}
2020-06-23 00:53:51,645 [Listener at 127.0.0.1/10500] INFO  server.AbstractConnector (AbstractConnector.java:doStop(380)) - Stopped ServerConnector@3fb57afc{HTTP/1.1,[http/1.1]}{0.0.0.0:10496}
2020-06-23 00:53:51,646 [Listener at 127.0.0.1/10500] INFO  server.session (HouseKeeper.java:stopScavenging(158)) - node0 Stopped scavenging
2020-06-23 00:53:51,646 [Listener at 127.0.0.1/10500] INFO  handler.ContextHandler (ContextHandler.java:doStop(1016)) - Stopped o.e.j.s.ServletContextHandler@41c47ad3{static,/static,file:///github/workspace/mnt/ozone/hadoop-ozone/integration-test/target/test-classes/webapps/static,UNAVAILABLE}
2020-06-23 00:53:51,646 [Listener at 127.0.0.1/10500] INFO  handler.ContextHandler (ContextHandler.java:doStop(1016)) - Stopped o.e.j.s.ServletContextHandler@691952db{logs,/logs,file:///github/workspace/mnt/ozone/hadoop-ozone/integration-test/target/log,UNAVAILABLE}
2020-06-23 00:53:52,421 [Thread-2472] INFO  impl.FollowerState (FollowerState.java:run(108)) - omNode-1@group-523986131536-FollowerState: change to CANDIDATE, lastRpcTime:1039ms, electionTimeout:1026ms
2020-06-23 00:53:52,422 [Thread-2472] INFO  impl.RoleInfo (RoleInfo.java:shutdownFollowerState(121)) - omNode-1: shutdown FollowerState
2020-06-23 00:53:52,422 [Thread-2472] INFO  impl.RaftServerImpl (RaftServerImpl.java:setRole(175)) - omNode-1@group-523986131536: changes role from  FOLLOWER to CANDIDATE at term 1 for changeToCandidate
2020-06-23 00:53:52,422 [Thread-2472] INFO  impl.RoleInfo (RoleInfo.java:updateAndGet(143)) - omNode-1: start LeaderElection
2020-06-23 00:53:52,427 [omNode-1@group-523986131536-LeaderElection42] INFO  impl.RaftServerImpl (ServerState.java:setLeader(255)) - omNode-1@group-523986131536: change Leader from omNode-2 to null at term 1 for initElection
2020-06-23 00:53:52,428 [omNode-1@group-523986131536-LeaderElection42] INFO  impl.LeaderElection (LeaderElection.java:askForVotes(206)) - omNode-1@group-523986131536-LeaderElection42: begin an election at term 2 for 0: [omNode-3:localhost:10504, omNode-1:localhost:10492, omNode-2:localhost:10498], old=null
2020-06-23 00:53:52,438 [omNode-1@group-523986131536-LeaderElection42] INFO  impl.LeaderElection (LogUtils.java:infoOrTrace(137)) - omNode-1@group-523986131536-LeaderElection42 got exception when requesting votes: java.util.concurrent.ExecutionException: org.apache.ratis.thirdparty.io.grpc.StatusRuntimeException: UNAVAILABLE: io exception
2020-06-23 00:53:52,442 [grpc-default-executor-0] INFO  impl.RaftServerImpl (ServerState.java:setLeader(255)) - omNode-3@group-523986131536: change Leader from omNode-2 to null at term 2 for updateCurrentTerm
2020-06-23 00:53:52,443 [grpc-default-executor-0] INFO  impl.RaftServerImpl (RaftServerImpl.java:setRole(175)) - omNode-3@group-523986131536: changes role from  FOLLOWER to FOLLOWER at term 2 for recognizeCandidate:omNode-1
2020-06-23 00:53:52,443 [grpc-default-executor-0] INFO  impl.RoleInfo (RoleInfo.java:shutdownFollowerState(121)) - omNode-3: shutdown FollowerState
2020-06-23 00:53:52,443 [grpc-default-executor-0] INFO  impl.RoleInfo (RoleInfo.java:updateAndGet(143)) - omNode-3: start FollowerState
2020-06-23 00:53:52,444 [Thread-2471] INFO  impl.FollowerState (FollowerState.java:run(117)) - omNode-3@group-523986131536-FollowerState was interrupted: java.lang.InterruptedException: sleep interrupted
2020-06-23 00:53:52,444 [grpc-default-executor-0] INFO  ratis.OzoneManagerStateMachine (OzoneManagerStateMachine.java:getLatestSnapshot(147)) - Latest Snapshot Info 0#-1
2020-06-23 00:53:52,446 [omNode-1@group-523986131536-LeaderElection42] INFO  impl.LeaderElection (LeaderElection.java:logAndReturn(61)) - omNode-1@group-523986131536-LeaderElection42: Election PASSED; received 1 response(s) [omNode-1<-omNode-3#0:OK-t2] and 1 exception(s); omNode-1@group-523986131536:t2, leader=null, voted=omNode-1, raftlog=omNode-1@group-523986131536-SegmentedRaftLog:OPENED:c0,f0,i0, conf=0: [omNode-3:localhost:10504, omNode-1:localhost:10492, omNode-2:localhost:10498], old=null
2020-06-23 00:53:52,446 [omNode-1@group-523986131536-LeaderElection42] INFO  impl.LeaderElection (LogUtils.java:infoOrTrace(137)) -   Exception 0: java.util.concurrent.ExecutionException: org.apache.ratis.thirdparty.io.grpc.StatusRuntimeException: UNAVAILABLE: io exception
2020-06-23 00:53:52,446 [omNode-1@group-523986131536-LeaderElection42] INFO  impl.RoleInfo (RoleInfo.java:shutdownLeaderElection(134)) - omNode-1: shutdown LeaderElection
2020-06-23 00:53:52,446 [omNode-1@group-523986131536-LeaderElection42] INFO  impl.RaftServerImpl (RaftServerImpl.java:setRole(175)) - omNode-1@group-523986131536: changes role from CANDIDATE to LEADER at term 2 for changeToLeader
2020-06-23 00:53:52,446 [omNode-1@group-523986131536-LeaderElection42] INFO  impl.RaftServerImpl (ServerState.java:setLeader(255)) - omNode-1@group-523986131536: change Leader from null to omNode-1 at term 2 for becomeLeader, leader elected after 19ms
2020-06-23 00:53:52,446 [omNode-1@group-523986131536-LeaderElection42] INFO  server.RaftServerConfigKeys (ConfUtils.java:logGet(44)) - raft.server.staging.catchup.gap = 1000 (default)
2020-06-23 00:53:52,446 [omNode-1@group-523986131536-LeaderElection42] INFO  server.RaftServerConfigKeys (ConfUtils.java:logGet(44)) - raft.server.rpc.sleep.time = 25ms (default)
2020-06-23 00:53:52,446 [omNode-1@group-523986131536-LeaderElection42] INFO  metrics.RatisMetrics (RatisMetrics.java:lambda$create$0(36)) - Creating Metrics Registry : ratis.log_appender.omNode-1@group-523986131536
2020-06-23 00:53:52,446 [omNode-1@group-523986131536-LeaderElection42] INFO  server.RaftServerConfigKeys (ConfUtils.java:logGet(44)) - raft.server.write.element-limit = 4096 (default)
2020-06-23 00:53:52,446 [omNode-1@group-523986131536-LeaderElection42] INFO  server.RaftServerConfigKeys (ConfUtils.java:logGet(44)) - raft.server.write.byte-limit = 64MB (=67108864) (default)
2020-06-23 00:53:52,447 [omNode-1@group-523986131536-LeaderElection42] INFO  server.RaftServerConfigKeys (ConfUtils.java:logGet(44)) - raft.server.watch.timeout = 10s (default)
2020-06-23 00:53:52,447 [omNode-1@group-523986131536-LeaderElection42] INFO  server.RaftServerConfigKeys (ConfUtils.java:logGet(44)) - raft.server.watch.timeout.denomination = 1s (default)
2020-06-23 00:53:52,447 [omNode-1@group-523986131536-LeaderElection42] INFO  server.RaftServerConfigKeys (ConfUtils.java:logGet(44)) - raft.server.watch.element-limit = 65536 (default)
2020-06-23 00:53:52,447 [omNode-1@group-523986131536-LeaderElection42] INFO  server.RaftServerConfigKeys (ConfUtils.java:logGet(44)) - raft.server.log.appender.snapshot.chunk.size.max = 16MB (=16777216) (default)
2020-06-23 00:53:52,447 [omNode-1@group-523986131536-LeaderElection42] INFO  server.RaftServerConfigKeys (ConfUtils.java:logGet(44)) - raft.server.log.appender.buffer.byte-limit = 33554432 (custom)
2020-06-23 00:53:52,447 [omNode-1@group-523986131536-LeaderElection42] INFO  server.RaftServerConfigKeys (ConfUtils.java:logGet(44)) - raft.server.log.appender.buffer.element-limit = 1024 (custom)
2020-06-23 00:53:52,447 [omNode-1@group-523986131536-LeaderElection42] INFO  grpc.GrpcConfigKeys (ConfUtils.java:logGet(44)) - raft.grpc.server.leader.outstanding.appends.max = 128 (default)
2020-06-23 00:53:52,448 [omNode-1@group-523986131536-LeaderElection42] INFO  server.RaftServerConfigKeys (ConfUtils.java:logGet(44)) - raft.server.rpc.request.timeout = 3000ms (default)
2020-06-23 00:53:52,448 [omNode-1@group-523986131536-LeaderElection42] INFO  server.RaftServerConfigKeys (ConfUtils.java:logGet(44)) - raft.server.log.appender.install.snapshot.enabled = false (custom)
2020-06-23 00:53:52,448 [omNode-1@group-523986131536-LeaderElection42] INFO  metrics.RatisMetrics (RatisMetrics.java:lambda$create$0(36)) - Creating Metrics Registry : ratis_grpc.log_appender.omNode-1@group-523986131536
2020-06-23 00:53:52,449 [omNode-1@group-523986131536-LeaderElection42] INFO  server.RaftServerConfigKeys (ConfUtils.java:logGet(44)) - raft.server.log.appender.snapshot.chunk.size.max = 16MB (=16777216) (default)
2020-06-23 00:53:52,449 [omNode-1@group-523986131536-LeaderElection42] INFO  server.RaftServerConfigKeys (ConfUtils.java:logGet(44)) - raft.server.log.appender.buffer.byte-limit = 33554432 (custom)
2020-06-23 00:53:52,449 [omNode-1@group-523986131536-LeaderElection42] INFO  server.RaftServerConfigKeys (ConfUtils.java:logGet(44)) - raft.server.log.appender.buffer.element-limit = 1024 (custom)
2020-06-23 00:53:52,449 [omNode-1@group-523986131536-LeaderElection42] INFO  grpc.GrpcConfigKeys (ConfUtils.java:logGet(44)) - raft.grpc.server.leader.outstanding.appends.max = 128 (default)
2020-06-23 00:53:52,449 [omNode-1@group-523986131536-LeaderElection42] INFO  server.RaftServerConfigKeys (ConfUtils.java:logGet(44)) - raft.server.rpc.request.timeout = 3000ms (default)
2020-06-23 00:53:52,450 [omNode-1@group-523986131536-LeaderElection42] INFO  server.RaftServerConfigKeys (ConfUtils.java:logGet(44)) - raft.server.log.appender.install.snapshot.enabled = false (custom)
2020-06-23 00:53:52,451 [omNode-1@group-523986131536-LeaderElection42] INFO  impl.RoleInfo (RoleInfo.java:updateAndGet(143)) - omNode-1: start LeaderState
2020-06-23 00:53:52,451 [omNode-1@group-523986131536-LeaderElection42] INFO  segmented.SegmentedRaftLogWorker (SegmentedRaftLogWorker.java:rollLogSegment(402)) - omNode-1@group-523986131536-SegmentedRaftLogWorker: Rolling segment log-0_0 to index:0
2020-06-23 00:53:52,452 [omNode-1@group-523986131536-SegmentedRaftLogWorker] INFO  segmented.SegmentedRaftLogWorker (SegmentedRaftLogWorker.java:execute(553)) - omNode-1@group-523986131536-SegmentedRaftLogWorker: Rolled log segment from /github/workspace/mnt/ozone/hadoop-ozone/integration-test/target/test-dir/MiniOzoneClusterImpl-f92917fd-56ab-4efb-8d16-f1477a8498e7/omNode-1/ratis/c9bc4cf4-3bc3-3c60-a66b-523986131536/current/log_inprogress_0 to /github/workspace/mnt/ozone/hadoop-ozone/integration-test/target/test-dir/MiniOzoneClusterImpl-f92917fd-56ab-4efb-8d16-f1477a8498e7/omNode-1/ratis/c9bc4cf4-3bc3-3c60-a66b-523986131536/current/log_0-0
2020-06-23 00:53:52,452 [omNode-1@group-523986131536-LeaderElection42] INFO  impl.RaftServerImpl (ServerState.java:setRaftConf(356)) - omNode-1@group-523986131536: set configuration 1: [omNode-3:localhost:10504, omNode-1:localhost:10492, omNode-2:localhost:10498], old=null at 1
2020-06-23 00:53:52,453 [omNode-1@group-523986131536-SegmentedRaftLogWorker] INFO  segmented.SegmentedRaftLogWorker (SegmentedRaftLogWorker.java:execute(596)) - omNode-1@group-523986131536-SegmentedRaftLogWorker: created new log segment /github/workspace/mnt/ozone/hadoop-ozone/integration-test/target/test-dir/MiniOzoneClusterImpl-f92917fd-56ab-4efb-8d16-f1477a8498e7/omNode-1/ratis/c9bc4cf4-3bc3-3c60-a66b-523986131536/current/log_inprogress_1
2020-06-23 00:53:52,456 [grpc-default-executor-0] WARN  server.GrpcLogAppender (LogUtils.java:warn(122)) - omNode-1@group-523986131536->omNode-2-AppendLogResponseHandler: Failed appendEntries: org.apache.ratis.thirdparty.io.grpc.StatusRuntimeException: UNAVAILABLE: io exception
2020-06-23 00:53:52,458 [grpc-default-executor-0] INFO  impl.FollowerInfo (FollowerInfo.java:lambda$new$0(51)) - omNode-1@group-523986131536->omNode-2: nextIndex: updateUnconditionally 1 -> 0
2020-06-23 00:53:52,461 [grpc-default-executor-0] INFO  impl.RaftServerImpl (ServerState.java:setLeader(255)) - omNode-3@group-523986131536: change Leader from null to omNode-1 at term 2 for appendEntries, leader elected after 19ms
2020-06-23 00:53:52,461 [grpc-default-executor-0] INFO  ratis.OzoneManagerStateMachine (OzoneManagerStateMachine.java:getLatestSnapshot(147)) - Latest Snapshot Info 0#-1
2020-06-23 00:53:52,467 [grpc-default-executor-0] INFO  ratis.OzoneManagerStateMachine (OzoneManagerStateMachine.java:getLatestSnapshot(147)) - Latest Snapshot Info 0#-1
2020-06-23 00:53:52,467 [grpc-default-executor-0] INFO  ratis.OzoneManagerStateMachine (OzoneManagerStateMachine.java:getLatestSnapshot(147)) - Latest Snapshot Info 0#-1
2020-06-23 00:53:52,468 [grpc-default-executor-1] WARN  server.GrpcLogAppender (LogUtils.java:warn(122)) - omNode-1@group-523986131536->omNode-2-AppendLogResponseHandler: Failed appendEntries: org.apache.ratis.thirdparty.io.grpc.StatusRuntimeException: UNAVAILABLE: io exception
2020-06-23 00:53:52,468 [grpc-default-executor-0] INFO  impl.RaftServerImpl (ServerState.java:setRaftConf(356)) - omNode-3@group-523986131536: set configuration 1: [omNode-3:localhost:10504, omNode-1:localhost:10492, omNode-2:localhost:10498], old=null at 1
2020-06-23 00:53:52,468 [grpc-default-executor-0] INFO  segmented.SegmentedRaftLogWorker (SegmentedRaftLogWorker.java:rollLogSegment(402)) - omNode-3@group-523986131536-SegmentedRaftLogWorker: Rolling segment log-0_0 to index:0
2020-06-23 00:53:52,469 [omNode-3@group-523986131536-SegmentedRaftLogWorker] INFO  segmented.SegmentedRaftLogWorker (SegmentedRaftLogWorker.java:execute(553)) - omNode-3@group-523986131536-SegmentedRaftLogWorker: Rolled log segment from /github/workspace/mnt/ozone/hadoop-ozone/integration-test/target/test-dir/MiniOzoneClusterImpl-f92917fd-56ab-4efb-8d16-f1477a8498e7/omNode-3/ratis/c9bc4cf4-3bc3-3c60-a66b-523986131536/current/log_inprogress_0 to /github/workspace/mnt/ozone/hadoop-ozone/integration-test/target/test-dir/MiniOzoneClusterImpl-f92917fd-56ab-4efb-8d16-f1477a8498e7/omNode-3/ratis/c9bc4cf4-3bc3-3c60-a66b-523986131536/current/log_0-0
2020-06-23 00:53:52,470 [omNode-3@group-523986131536-SegmentedRaftLogWorker] INFO  segmented.SegmentedRaftLogWorker (SegmentedRaftLogWorker.java:execute(596)) - omNode-3@group-523986131536-SegmentedRaftLogWorker: created new log segment /github/workspace/mnt/ozone/hadoop-ozone/integration-test/target/test-dir/MiniOzoneClusterImpl-f92917fd-56ab-4efb-8d16-f1477a8498e7/omNode-3/ratis/c9bc4cf4-3bc3-3c60-a66b-523986131536/current/log_inprogress_1
2020-06-23 00:53:52,470 [grpc-default-executor-1] INFO  impl.FollowerInfo (FollowerInfo.java:lambda$new$0(51)) - omNode-1@group-523986131536->omNode-2: nextIndex: updateUnconditionally 2 -> 1
2020-06-23 00:53:52,973 [grpc-default-executor-0] INFO  ratis.OzoneManagerStateMachine (OzoneManagerStateMachine.java:getLatestSnapshot(147)) - Latest Snapshot Info 0#-1
2020-06-23 00:53:52,974 [grpc-default-executor-5] WARN  server.GrpcLogAppender (LogUtils.java:warn(122)) - omNode-1@group-523986131536->omNode-2-AppendLogResponseHandler: Failed appendEntries: org.apache.ratis.thirdparty.io.grpc.StatusRuntimeException: UNAVAILABLE: io exception
2020-06-23 00:53:52,976 [grpc-default-executor-5] INFO  impl.FollowerInfo (FollowerInfo.java:lambda$new$0(51)) - omNode-1@group-523986131536->omNode-2: nextIndex: updateUnconditionally 2 -> 1
2020-06-23 00:53:53,476 [grpc-default-executor-0] WARN  server.GrpcLogAppender (LogUtils.java:warn(122)) - omNode-1@group-523986131536->omNode-2-AppendLogResponseHandler: Failed appendEntries: org.apache.ratis.thirdparty.io.grpc.StatusRuntimeException: UNAVAILABLE: io exception
2020-06-23 00:53:53,478 [grpc-default-executor-0] INFO  impl.FollowerInfo (FollowerInfo.java:lambda$new$0(51)) - omNode-1@group-523986131536->omNode-2: nextIndex: updateUnconditionally 2 -> 1
2020-06-23 00:53:53,478 [grpc-default-executor-0] INFO  ratis.OzoneManagerStateMachine (OzoneManagerStateMachine.java:getLatestSnapshot(147)) - Latest Snapshot Info 0#-1
2020-06-23 00:53:53,751 [EventQueue-Delayed safe mode statusForReplicationManager] INFO  container.ReplicationManager (ReplicationManager.java:start(176)) - Starting Replication Monitor Thread.
2020-06-23 00:53:53,753 [ReplicationMonitor] INFO  container.ReplicationManager (ReplicationManager.java:run(240)) - Replication Monitor Thread took 0 milliseconds for processing 0 containers.
2020-06-23 00:53:53,979 [grpc-default-executor-5] WARN  server.GrpcLogAppender (LogUtils.java:warn(122)) - omNode-1@group-523986131536->omNode-2-AppendLogResponseHandler: Failed appendEntries: org.apache.ratis.thirdparty.io.grpc.StatusRuntimeException: UNAVAILABLE: io exception
2020-06-23 00:53:53,980 [grpc-default-executor-0] INFO  ratis.OzoneManagerStateMachine (OzoneManagerStateMachine.java:getLatestSnapshot(147)) - Latest Snapshot Info 0#-1
2020-06-23 00:53:53,982 [grpc-default-executor-5] INFO  impl.FollowerInfo (FollowerInfo.java:lambda$new$0(51)) - omNode-1@group-523986131536->omNode-2: nextIndex: updateUnconditionally 2 -> 1
2020-06-23 00:53:54,485 [grpc-default-executor-5] INFO  ratis.OzoneManagerStateMachine (OzoneManagerStateMachine.java:getLatestSnapshot(147)) - Latest Snapshot Info 0#-1
2020-06-23 00:53:54,485 [grpc-default-executor-0] WARN  server.GrpcLogAppender (LogUtils.java:warn(122)) - omNode-1@group-523986131536->omNode-2-AppendLogResponseHandler: Failed appendEntries: org.apache.ratis.thirdparty.io.grpc.StatusRuntimeException: UNAVAILABLE: io exception
2020-06-23 00:53:54,492 [grpc-default-executor-0] INFO  impl.FollowerInfo (FollowerInfo.java:lambda$new$0(51)) - omNode-1@group-523986131536->omNode-2: nextIndex: updateUnconditionally 1 -> 0
2020-06-23 00:53:54,494 [grpc-default-executor-5] WARN  server.GrpcLogAppender (LogUtils.java:warn(122)) - omNode-1@group-523986131536->omNode-2-AppendLogResponseHandler: Failed appendEntries: org.apache.ratis.thirdparty.io.grpc.StatusRuntimeException: UNAVAILABLE: io exception
2020-06-23 00:53:54,495 [grpc-default-executor-5] INFO  impl.FollowerInfo (FollowerInfo.java:lambda$new$0(51)) - omNode-1@group-523986131536->omNode-2: nextIndex: updateUnconditionally 2 -> 1
2020-06-23 00:53:54,993 [grpc-default-executor-5] INFO  ratis.OzoneManagerStateMachine (OzoneManagerStateMachine.java:getLatestSnapshot(147)) - Latest Snapshot Info 0#-1
2020-06-23 00:53:54,997 [grpc-default-executor-0] WARN  server.GrpcLogAppender (LogUtils.java:warn(122)) - omNode-1@group-523986131536->omNode-2-AppendLogResponseHandler: Failed appendEntries: org.apache.ratis.thirdparty.io.grpc.StatusRuntimeException: UNAVAILABLE: io exception
2020-06-23 00:53:54,998 [grpc-default-executor-0] INFO  impl.FollowerInfo (FollowerInfo.java:lambda$new$0(51)) - omNode-1@group-523986131536->omNode-2: nextIndex: updateUnconditionally 2 -> 1
2020-06-23 00:53:55,462 [java.util.concurrent.ThreadPoolExecutor$Worker@6d96ac33[State = -1, empty queue]] WARN  server.GrpcLogAppender (GrpcLogAppender.java:timeoutAppendRequest(219)) - omNode-1@group-523986131536->omNode-3-GrpcLogAppender:  appendEntries Timeout, request=AppendEntriesRequest:cid=1,entriesCount=1,lastEntry=(t:2, i:1)
2020-06-23 00:53:55,495 [grpc-default-executor-0] INFO  ratis.OzoneManagerStateMachine (OzoneManagerStateMachine.java:getLatestSnapshot(147)) - Latest Snapshot Info 0#-1
2020-06-23 00:53:55,499 [grpc-default-executor-5] WARN  server.GrpcLogAppender (LogUtils.java:warn(122)) - omNode-1@group-523986131536->omNode-2-AppendLogResponseHandler: Failed appendEntries: org.apache.ratis.thirdparty.io.grpc.StatusRuntimeException: UNAVAILABLE: io exception
2020-06-23 00:53:55,501 [grpc-default-executor-5] INFO  impl.FollowerInfo (FollowerInfo.java:lambda$new$0(51)) - omNode-1@group-523986131536->omNode-2: nextIndex: updateUnconditionally 2 -> 1
2020-06-23 00:53:55,660 [Listener at 127.0.0.1/10500] INFO  rpc.RpcClient (RpcClient.java:createVolume(310)) - Creating Volume: volume38750, with user95668 as owner.
2020-06-23 00:53:55,667 [Listener at 127.0.0.1/10500] INFO  protocolPB.Hadoop3OmTransport (Hadoop3OmTransport.java:shouldRetry(178)) - RetryProxy: End of File Exception between local host is: "9d1457b60c89/172.17.0.2"; destination host is: "localhost":10494; : java.io.EOFException; For more details see:  http://wiki.apache.org/hadoop/EOFException
2020-06-23 00:53:55,667 [Listener at 127.0.0.1/10500] INFO  retry.RetryInvocationHandler (RetryInvocationHandler.java:log(411)) - com.google.protobuf.ServiceException: java.io.EOFException: End of File Exception between local host is: "9d1457b60c89/172.17.0.2"; destination host is: "localhost":10494; : java.io.EOFException; For more details see:  http://wiki.apache.org/hadoop/EOFException, while invoking $Proxy39.submitRequest over nodeId=omNode-2,nodeAddress=127.0.0.1:10494. Trying to failover immediately.
2020-06-23 00:53:55,678 [IPC Server handler 0 on default port 10500] INFO  ipc.Server (Server.java:logException(2976)) - IPC Server handler 0 on default port 10500, call Call#455 Retry#1 org.apache.hadoop.ozone.om.protocol.OzoneManagerProtocol.submitRequest from 127.0.0.1:44866
org.apache.hadoop.ozone.om.exceptions.OMNotLeaderException: OM:omNode-3 is not the leader. Suggested leader is OM:omNode-1.
	at org.apache.hadoop.ozone.protocolPB.OzoneManagerProtocolServerSideTranslatorPB.createNotLeaderException(OzoneManagerProtocolServerSideTranslatorPB.java:198)
	at org.apache.hadoop.ozone.protocolPB.OzoneManagerProtocolServerSideTranslatorPB.processRequest(OzoneManagerProtocolServerSideTranslatorPB.java:141)
	at org.apache.hadoop.hdds.server.OzoneProtocolMessageDispatcher.processRequest(OzoneProtocolMessageDispatcher.java:74)
	at org.apache.hadoop.ozone.protocolPB.OzoneManagerProtocolServerSideTranslatorPB.submitRequest(OzoneManagerProtocolServerSideTranslatorPB.java:113)
	at org.apache.hadoop.ozone.protocol.proto.OzoneManagerProtocolProtos$OzoneManagerService$2.callBlockingMethod(OzoneManagerProtocolProtos.java)
	at org.apache.hadoop.ipc.ProtobufRpcEngine$Server$ProtoBufRpcInvoker.call(ProtobufRpcEngine.java:528)
	at org.apache.hadoop.ipc.RPC$Server.call(RPC.java:1070)
	at org.apache.hadoop.ipc.Server$RpcCall.run(Server.java:999)
	at org.apache.hadoop.ipc.Server$RpcCall.run(Server.java:927)
	at java.security.AccessController.doPrivileged(Native Method)
	at javax.security.auth.Subject.doAs(Subject.java:422)
	at org.apache.hadoop.security.UserGroupInformation.doAs(UserGroupInformation.java:1730)
	at org.apache.hadoop.ipc.Server$Handler.run(Server.java:2915)
2020-06-23 00:53:55,679 [Listener at 127.0.0.1/10500] INFO  protocolPB.Hadoop3OmTransport (Hadoop3OmTransport.java:shouldRetry(136)) - RetryProxy: OM:omNode-3 is not the leader. Suggested leader is OM:omNode-1.
	at org.apache.hadoop.ozone.protocolPB.OzoneManagerProtocolServerSideTranslatorPB.createNotLeaderException(OzoneManagerProtocolServerSideTranslatorPB.java:198)
	at org.apache.hadoop.ozone.protocolPB.OzoneManagerProtocolServerSideTranslatorPB.processRequest(OzoneManagerProtocolServerSideTranslatorPB.java:141)
	at org.apache.hadoop.hdds.server.OzoneProtocolMessageDispatcher.processRequest(OzoneProtocolMessageDispatcher.java:74)
	at org.apache.hadoop.ozone.protocolPB.OzoneManagerProtocolServerSideTranslatorPB.submitRequest(OzoneManagerProtocolServerSideTranslatorPB.java:113)
	at org.apache.hadoop.ozone.protocol.proto.OzoneManagerProtocolProtos$OzoneManagerService$2.callBlockingMethod(OzoneManagerProtocolProtos.java)
	at org.apache.hadoop.ipc.ProtobufRpcEngine$Server$ProtoBufRpcInvoker.call(ProtobufRpcEngine.java:528)
	at org.apache.hadoop.ipc.RPC$Server.call(RPC.java:1070)
	at org.apache.hadoop.ipc.Server$RpcCall.run(Server.java:999)
	at org.apache.hadoop.ipc.Server$RpcCall.run(Server.java:927)
	at java.security.AccessController.doPrivileged(Native Method)
	at javax.security.auth.Subject.doAs(Subject.java:422)
	at org.apache.hadoop.security.UserGroupInformation.doAs(UserGroupInformation.java:1730)
	at org.apache.hadoop.ipc.Server$Handler.run(Server.java:2915)

2020-06-23 00:53:55,679 [Listener at 127.0.0.1/10500] INFO  retry.RetryInvocationHandler (RetryInvocationHandler.java:log(411)) - com.google.protobuf.ServiceException: org.apache.hadoop.ipc.RemoteException(org.apache.hadoop.ozone.om.exceptions.OMNotLeaderException): OM:omNode-3 is not the leader. Suggested leader is OM:omNode-1.
	at org.apache.hadoop.ozone.protocolPB.OzoneManagerProtocolServerSideTranslatorPB.createNotLeaderException(OzoneManagerProtocolServerSideTranslatorPB.java:198)
	at org.apache.hadoop.ozone.protocolPB.OzoneManagerProtocolServerSideTranslatorPB.processRequest(OzoneManagerProtocolServerSideTranslatorPB.java:141)
	at org.apache.hadoop.hdds.server.OzoneProtocolMessageDispatcher.processRequest(OzoneProtocolMessageDispatcher.java:74)
	at org.apache.hadoop.ozone.protocolPB.OzoneManagerProtocolServerSideTranslatorPB.submitRequest(OzoneManagerProtocolServerSideTranslatorPB.java:113)
	at org.apache.hadoop.ozone.protocol.proto.OzoneManagerProtocolProtos$OzoneManagerService$2.callBlockingMethod(OzoneManagerProtocolProtos.java)
	at org.apache.hadoop.ipc.ProtobufRpcEngine$Server$ProtoBufRpcInvoker.call(ProtobufRpcEngine.java:528)
	at org.apache.hadoop.ipc.RPC$Server.call(RPC.java:1070)
	at org.apache.hadoop.ipc.Server$RpcCall.run(Server.java:999)
	at org.apache.hadoop.ipc.Server$RpcCall.run(Server.java:927)
	at java.security.AccessController.doPrivileged(Native Method)
	at javax.security.auth.Subject.doAs(Subject.java:422)
	at org.apache.hadoop.security.UserGroupInformation.doAs(UserGroupInformation.java:1730)
	at org.apache.hadoop.ipc.Server$Handler.run(Server.java:2915)
, while invoking $Proxy39.submitRequest over nodeId=omNode-3,nodeAddress=127.0.0.1:10500 after 1 failover attempts. Trying to failover after sleeping for 2000ms.
2020-06-23 00:53:55,997 [grpc-default-executor-5] INFO  ratis.OzoneManagerStateMachine (OzoneManagerStateMachine.java:getLatestSnapshot(147)) - Latest Snapshot Info 0#-1
2020-06-23 00:53:56,002 [grpc-default-executor-0] WARN  server.GrpcLogAppender (LogUtils.java:warn(122)) - omNode-1@group-523986131536->omNode-2-AppendLogResponseHandler: Failed appendEntries: org.apache.ratis.thirdparty.io.grpc.StatusRuntimeException: UNAVAILABLE: io exception
2020-06-23 00:53:56,004 [grpc-default-executor-0] INFO  impl.FollowerInfo (FollowerInfo.java:lambda$new$0(51)) - omNode-1@group-523986131536->omNode-2: nextIndex: updateUnconditionally 2 -> 1
2020-06-23 00:53:56,500 [grpc-default-executor-0] INFO  ratis.OzoneManagerStateMachine (OzoneManagerStateMachine.java:getLatestSnapshot(147)) - Latest Snapshot Info 0#-1
2020-06-23 00:53:56,505 [grpc-default-executor-5] WARN  server.GrpcLogAppender (LogUtils.java:warn(122)) - omNode-1@group-523986131536->omNode-2-AppendLogResponseHandler: Failed appendEntries: org.apache.ratis.thirdparty.io.grpc.StatusRuntimeException: UNAVAILABLE: io exception
2020-06-23 00:53:56,507 [grpc-default-executor-5] INFO  impl.FollowerInfo (FollowerInfo.java:lambda$new$0(51)) - omNode-1@group-523986131536->omNode-2: nextIndex: updateUnconditionally 2 -> 1
2020-06-23 00:53:57,004 [grpc-default-executor-0] INFO  ratis.OzoneManagerStateMachine (OzoneManagerStateMachine.java:getLatestSnapshot(147)) - Latest Snapshot Info 0#-1
2020-06-23 00:53:57,009 [grpc-default-executor-5] WARN  server.GrpcLogAppender (LogUtils.java:warn(122)) - omNode-1@group-523986131536->omNode-2-AppendLogResponseHandler: Failed appendEntries: org.apache.ratis.thirdparty.io.grpc.StatusRuntimeException: UNAVAILABLE: io exception
2020-06-23 00:53:57,013 [grpc-default-executor-5] INFO  impl.FollowerInfo (FollowerInfo.java:lambda$new$0(51)) - omNode-1@group-523986131536->omNode-2: nextIndex: updateUnconditionally 2 -> 1
2020-06-23 00:53:57,506 [grpc-default-executor-5] INFO  ratis.OzoneManagerStateMachine (OzoneManagerStateMachine.java:getLatestSnapshot(147)) - Latest Snapshot Info 0#-1
2020-06-23 00:53:57,511 [grpc-default-executor-0] WARN  server.GrpcLogAppender (LogUtils.java:warn(122)) - omNode-1@group-523986131536->omNode-2-AppendLogResponseHandler: Failed appendEntries: org.apache.ratis.thirdparty.io.grpc.StatusRuntimeException: UNAVAILABLE: io exception
2020-06-23 00:53:57,512 [grpc-default-executor-0] INFO  impl.FollowerInfo (FollowerInfo.java:lambda$new$0(51)) - omNode-1@group-523986131536->omNode-2: nextIndex: updateUnconditionally 2 -> 1
2020-06-23 00:53:57,682 [IPC Server handler 0 on default port 10488] INFO  ipc.Server (Server.java:logException(2976)) - IPC Server handler 0 on default port 10488, call Call#455 Retry#2 org.apache.hadoop.ozone.om.protocol.OzoneManagerProtocol.submitRequest from 127.0.0.1:59102
org.apache.hadoop.ozone.om.exceptions.OMLeaderNotReadyException: omNode-1@group-523986131536 is in LEADER state but not ready yet.
	at org.apache.hadoop.ozone.om.ratis.OzoneManagerRatisServer.processReply(OzoneManagerRatisServer.java:177)
	at org.apache.hadoop.ozone.om.ratis.OzoneManagerRatisServer.submitRequest(OzoneManagerRatisServer.java:136)
	at org.apache.hadoop.ozone.protocolPB.OzoneManagerProtocolServerSideTranslatorPB.submitRequestToRatis(OzoneManagerProtocolServerSideTranslatorPB.java:177)
	at org.apache.hadoop.ozone.protocolPB.OzoneManagerProtocolServerSideTranslatorPB.processRequest(OzoneManagerProtocolServerSideTranslatorPB.java:134)
	at org.apache.hadoop.hdds.server.OzoneProtocolMessageDispatcher.processRequest(OzoneProtocolMessageDispatcher.java:74)
	at org.apache.hadoop.ozone.protocolPB.OzoneManagerProtocolServerSideTranslatorPB.submitRequest(OzoneManagerProtocolServerSideTranslatorPB.java:113)
	at org.apache.hadoop.ozone.protocol.proto.OzoneManagerProtocolProtos$OzoneManagerService$2.callBlockingMethod(OzoneManagerProtocolProtos.java)
	at org.apache.hadoop.ipc.ProtobufRpcEngine$Server$ProtoBufRpcInvoker.call(ProtobufRpcEngine.java:528)
	at org.apache.hadoop.ipc.RPC$Server.call(RPC.java:1070)
	at org.apache.hadoop.ipc.Server$RpcCall.run(Server.java:999)
	at org.apache.hadoop.ipc.Server$RpcCall.run(Server.java:927)
	at java.security.AccessController.doPrivileged(Native Method)
	at javax.security.auth.Subject.doAs(Subject.java:422)
	at org.apache.hadoop.security.UserGroupInformation.doAs(UserGroupInformation.java:1730)
	at org.apache.hadoop.ipc.Server$Handler.run(Server.java:2915)
2020-06-23 00:53:57,686 [Listener at 127.0.0.1/10500] INFO  protocolPB.Hadoop3OmTransport (Hadoop3OmTransport.java:shouldRetry(156)) - RetryProxy: omNode-1@group-523986131536 is in LEADER state but not ready yet.
	at org.apache.hadoop.ozone.om.ratis.OzoneManagerRatisServer.processReply(OzoneManagerRatisServer.java:177)
	at org.apache.hadoop.ozone.om.ratis.OzoneManagerRatisServer.submitRequest(OzoneManagerRatisServer.java:136)
	at org.apache.hadoop.ozone.protocolPB.OzoneManagerProtocolServerSideTranslatorPB.submitRequestToRatis(OzoneManagerProtocolServerSideTranslatorPB.java:177)
	at org.apache.hadoop.ozone.protocolPB.OzoneManagerProtocolServerSideTranslatorPB.processRequest(OzoneManagerProtocolServerSideTranslatorPB.java:134)
	at org.apache.hadoop.hdds.server.OzoneProtocolMessageDispatcher.processRequest(OzoneProtocolMessageDispatcher.java:74)
	at org.apache.hadoop.ozone.protocolPB.OzoneManagerProtocolServerSideTranslatorPB.submitRequest(OzoneManagerProtocolServerSideTranslatorPB.java:113)
	at org.apache.hadoop.ozone.protocol.proto.OzoneManagerProtocolProtos$OzoneManagerService$2.callBlockingMethod(OzoneManagerProtocolProtos.java)
	at org.apache.hadoop.ipc.ProtobufRpcEngine$Server$ProtoBufRpcInvoker.call(ProtobufRpcEngine.java:528)
	at org.apache.hadoop.ipc.RPC$Server.call(RPC.java:1070)
	at org.apache.hadoop.ipc.Server$RpcCall.run(Server.java:999)
	at org.apache.hadoop.ipc.Server$RpcCall.run(Server.java:927)
	at java.security.AccessController.doPrivileged(Native Method)
	at javax.security.auth.Subject.doAs(Subject.java:422)
	at org.apache.hadoop.security.UserGroupInformation.doAs(UserGroupInformation.java:1730)
	at org.apache.hadoop.ipc.Server$Handler.run(Server.java:2915)

2020-06-23 00:53:57,686 [Listener at 127.0.0.1/10500] INFO  retry.RetryInvocationHandler (RetryInvocationHandler.java:log(411)) - com.google.protobuf.ServiceException: org.apache.hadoop.ipc.RemoteException(org.apache.hadoop.ozone.om.exceptions.OMLeaderNotReadyException): omNode-1@group-523986131536 is in LEADER state but not ready yet.
	at org.apache.hadoop.ozone.om.ratis.OzoneManagerRatisServer.processReply(OzoneManagerRatisServer.java:177)
	at org.apache.hadoop.ozone.om.ratis.OzoneManagerRatisServer.submitRequest(OzoneManagerRatisServer.java:136)
	at org.apache.hadoop.ozone.protocolPB.OzoneManagerProtocolServerSideTranslatorPB.submitRequestToRatis(OzoneManagerProtocolServerSideTranslatorPB.java:177)
	at org.apache.hadoop.ozone.protocolPB.OzoneManagerProtocolServerSideTranslatorPB.processRequest(OzoneManagerProtocolServerSideTranslatorPB.java:134)
	at org.apache.hadoop.hdds.server.OzoneProtocolMessageDispatcher.processRequest(OzoneProtocolMessageDispatcher.java:74)
	at org.apache.hadoop.ozone.protocolPB.OzoneManagerProtocolServerSideTranslatorPB.submitRequest(OzoneManagerProtocolServerSideTranslatorPB.java:113)
	at org.apache.hadoop.ozone.protocol.proto.OzoneManagerProtocolProtos$OzoneManagerService$2.callBlockingMethod(OzoneManagerProtocolProtos.java)
	at org.apache.hadoop.ipc.ProtobufRpcEngine$Server$ProtoBufRpcInvoker.call(ProtobufRpcEngine.java:528)
	at org.apache.hadoop.ipc.RPC$Server.call(RPC.java:1070)
	at org.apache.hadoop.ipc.Server$RpcCall.run(Server.java:999)
	at org.apache.hadoop.ipc.Server$RpcCall.run(Server.java:927)
	at java.security.AccessController.doPrivileged(Native Method)
	at javax.security.auth.Subject.doAs(Subject.java:422)
	at org.apache.hadoop.security.UserGroupInformation.doAs(UserGroupInformation.java:1730)
	at org.apache.hadoop.ipc.Server$Handler.run(Server.java:2915)
, while invoking $Proxy39.submitRequest over nodeId=omNode-1,nodeAddress=127.0.0.1:10488 after 2 failover attempts. Trying to failover after sleeping for 2000ms.
2020-06-23 00:53:58,008 [grpc-default-executor-0] INFO  ratis.OzoneManagerStateMachine (OzoneManagerStateMachine.java:getLatestSnapshot(147)) - Latest Snapshot Info 0#-1
2020-06-23 00:53:58,015 [grpc-default-executor-5] WARN  server.GrpcLogAppender (LogUtils.java:warn(122)) - omNode-1@group-523986131536->omNode-2-AppendLogResponseHandler: Failed appendEntries: org.apache.ratis.thirdparty.io.grpc.StatusRuntimeException: UNAVAILABLE: io exception
2020-06-23 00:53:58,017 [grpc-default-executor-5] INFO  impl.FollowerInfo (FollowerInfo.java:lambda$new$0(51)) - omNode-1@group-523986131536->omNode-2: nextIndex: updateUnconditionally 2 -> 1
2020-06-23 00:53:58,513 [grpc-default-executor-5] INFO  ratis.OzoneManagerStateMachine (OzoneManagerStateMachine.java:getLatestSnapshot(147)) - Latest Snapshot Info 0#-1
2020-06-23 00:53:58,517 [grpc-default-executor-0] WARN  server.GrpcLogAppender (LogUtils.java:warn(122)) - omNode-1@group-523986131536->omNode-2-AppendLogResponseHandler: Failed appendEntries: org.apache.ratis.thirdparty.io.grpc.StatusRuntimeException: UNAVAILABLE: io exception
2020-06-23 00:53:58,518 [grpc-default-executor-0] INFO  impl.FollowerInfo (FollowerInfo.java:lambda$new$0(51)) - omNode-1@group-523986131536->omNode-2: nextIndex: updateUnconditionally 2 -> 1
2020-06-23 00:53:59,016 [grpc-default-executor-0] INFO  ratis.OzoneManagerStateMachine (OzoneManagerStateMachine.java:getLatestSnapshot(147)) - Latest Snapshot Info 0#-1
2020-06-23 00:53:59,020 [grpc-default-executor-0] WARN  server.GrpcLogAppender (LogUtils.java:warn(122)) - omNode-1@group-523986131536->omNode-2-AppendLogResponseHandler: Failed appendEntries: org.apache.ratis.thirdparty.io.grpc.StatusRuntimeException: UNAVAILABLE: io exception
2020-06-23 00:53:59,021 [grpc-default-executor-0] INFO  impl.FollowerInfo (FollowerInfo.java:lambda$new$0(51)) - omNode-1@group-523986131536->omNode-2: nextIndex: updateUnconditionally 2 -> 1
2020-06-23 00:53:59,520 [grpc-default-executor-0] INFO  ratis.OzoneManagerStateMachine (OzoneManagerStateMachine.java:getLatestSnapshot(147)) - Latest Snapshot Info 0#-1
2020-06-23 00:53:59,523 [grpc-default-executor-5] WARN  server.GrpcLogAppender (LogUtils.java:warn(122)) - omNode-1@group-523986131536->omNode-2-AppendLogResponseHandler: Failed appendEntries: org.apache.ratis.thirdparty.io.grpc.StatusRuntimeException: UNAVAILABLE: io exception
2020-06-23 00:53:59,524 [grpc-default-executor-5] INFO  impl.FollowerInfo (FollowerInfo.java:lambda$new$0(51)) - omNode-1@group-523986131536->omNode-2: nextIndex: updateUnconditionally 2 -> 1
2020-06-23 00:53:59,687 [IPC Server handler 2 on default port 10488] INFO  ipc.Server (Server.java:logException(2976)) - IPC Server handler 2 on default port 10488, call Call#455 Retry#3 org.apache.hadoop.ozone.om.protocol.OzoneManagerProtocol.submitRequest from 127.0.0.1:59102
org.apache.hadoop.ozone.om.exceptions.OMLeaderNotReadyException: omNode-1@group-523986131536 is in LEADER state but not ready yet.
	at org.apache.hadoop.ozone.om.ratis.OzoneManagerRatisServer.processReply(OzoneManagerRatisServer.java:177)
	at org.apache.hadoop.ozone.om.ratis.OzoneManagerRatisServer.submitRequest(OzoneManagerRatisServer.java:136)
	at org.apache.hadoop.ozone.protocolPB.OzoneManagerProtocolServerSideTranslatorPB.submitRequestToRatis(OzoneManagerProtocolServerSideTranslatorPB.java:177)
	at org.apache.hadoop.ozone.protocolPB.OzoneManagerProtocolServerSideTranslatorPB.processRequest(OzoneManagerProtocolServerSideTranslatorPB.java:134)
	at org.apache.hadoop.hdds.server.OzoneProtocolMessageDispatcher.processRequest(OzoneProtocolMessageDispatcher.java:74)
	at org.apache.hadoop.ozone.protocolPB.OzoneManagerProtocolServerSideTranslatorPB.submitRequest(OzoneManagerProtocolServerSideTranslatorPB.java:113)
	at org.apache.hadoop.ozone.protocol.proto.OzoneManagerProtocolProtos$OzoneManagerService$2.callBlockingMethod(OzoneManagerProtocolProtos.java)
	at org.apache.hadoop.ipc.ProtobufRpcEngine$Server$ProtoBufRpcInvoker.call(ProtobufRpcEngine.java:528)
	at org.apache.hadoop.ipc.RPC$Server.call(RPC.java:1070)
	at org.apache.hadoop.ipc.Server$RpcCall.run(Server.java:999)
	at org.apache.hadoop.ipc.Server$RpcCall.run(Server.java:927)
	at java.security.AccessController.doPrivileged(Native Method)
	at javax.security.auth.Subject.doAs(Subject.java:422)
	at org.apache.hadoop.security.UserGroupInformation.doAs(UserGroupInformation.java:1730)
	at org.apache.hadoop.ipc.Server$Handler.run(Server.java:2915)
2020-06-23 00:53:59,689 [Listener at 127.0.0.1/10500] INFO  protocolPB.Hadoop3OmTransport (Hadoop3OmTransport.java:shouldRetry(156)) - RetryProxy: omNode-1@group-523986131536 is in LEADER state but not ready yet.
	at org.apache.hadoop.ozone.om.ratis.OzoneManagerRatisServer.processReply(OzoneManagerRatisServer.java:177)
	at org.apache.hadoop.ozone.om.ratis.OzoneManagerRatisServer.submitRequest(OzoneManagerRatisServer.java:136)
	at org.apache.hadoop.ozone.protocolPB.OzoneManagerProtocolServerSideTranslatorPB.submitRequestToRatis(OzoneManagerProtocolServerSideTranslatorPB.java:177)
	at org.apache.hadoop.ozone.protocolPB.OzoneManagerProtocolServerSideTranslatorPB.processRequest(OzoneManagerProtocolServerSideTranslatorPB.java:134)
	at org.apache.hadoop.hdds.server.OzoneProtocolMessageDispatcher.processRequest(OzoneProtocolMessageDispatcher.java:74)
	at org.apache.hadoop.ozone.protocolPB.OzoneManagerProtocolServerSideTranslatorPB.submitRequest(OzoneManagerProtocolServerSideTranslatorPB.java:113)
	at org.apache.hadoop.ozone.protocol.proto.OzoneManagerProtocolProtos$OzoneManagerService$2.callBlockingMethod(OzoneManagerProtocolProtos.java)
	at org.apache.hadoop.ipc.ProtobufRpcEngine$Server$ProtoBufRpcInvoker.call(ProtobufRpcEngine.java:528)
	at org.apache.hadoop.ipc.RPC$Server.call(RPC.java:1070)
	at org.apache.hadoop.ipc.Server$RpcCall.run(Server.java:999)
	at org.apache.hadoop.ipc.Server$RpcCall.run(Server.java:927)
	at java.security.AccessController.doPrivileged(Native Method)
	at javax.security.auth.Subject.doAs(Subject.java:422)
	at org.apache.hadoop.security.UserGroupInformation.doAs(UserGroupInformation.java:1730)
	at org.apache.hadoop.ipc.Server$Handler.run(Server.java:2915)

2020-06-23 00:53:59,689 [Listener at 127.0.0.1/10500] INFO  retry.RetryInvocationHandler (RetryInvocationHandler.java:log(411)) - com.google.protobuf.ServiceException: org.apache.hadoop.ipc.RemoteException(org.apache.hadoop.ozone.om.exceptions.OMLeaderNotReadyException): omNode-1@group-523986131536 is in LEADER state but not ready yet.
	at org.apache.hadoop.ozone.om.ratis.OzoneManagerRatisServer.processReply(OzoneManagerRatisServer.java:177)
	at org.apache.hadoop.ozone.om.ratis.OzoneManagerRatisServer.submitRequest(OzoneManagerRatisServer.java:136)
	at org.apache.hadoop.ozone.protocolPB.OzoneManagerProtocolServerSideTranslatorPB.submitRequestToRatis(OzoneManagerProtocolServerSideTranslatorPB.java:177)
	at org.apache.hadoop.ozone.protocolPB.OzoneManagerProtocolServerSideTranslatorPB.processRequest(OzoneManagerProtocolServerSideTranslatorPB.java:134)
	at org.apache.hadoop.hdds.server.OzoneProtocolMessageDispatcher.processRequest(OzoneProtocolMessageDispatcher.java:74)
	at org.apache.hadoop.ozone.protocolPB.OzoneManagerProtocolServerSideTranslatorPB.submitRequest(OzoneManagerProtocolServerSideTranslatorPB.java:113)
	at org.apache.hadoop.ozone.protocol.proto.OzoneManagerProtocolProtos$OzoneManagerService$2.callBlockingMethod(OzoneManagerProtocolProtos.java)
	at org.apache.hadoop.ipc.ProtobufRpcEngine$Server$ProtoBufRpcInvoker.call(ProtobufRpcEngine.java:528)
	at org.apache.hadoop.ipc.RPC$Server.call(RPC.java:1070)
	at org.apache.hadoop.ipc.Server$RpcCall.run(Server.java:999)
	at org.apache.hadoop.ipc.Server$RpcCall.run(Server.java:927)
	at java.security.AccessController.doPrivileged(Native Method)
	at javax.security.auth.Subject.doAs(Subject.java:422)
	at org.apache.hadoop.security.UserGroupInformation.doAs(UserGroupInformation.java:1730)
	at org.apache.hadoop.ipc.Server$Handler.run(Server.java:2915)
, while invoking $Proxy39.submitRequest over nodeId=omNode-1,nodeAddress=127.0.0.1:10488 after 3 failover attempts. Trying to failover after sleeping for 4000ms.
2020-06-23 00:54:00,022 [grpc-default-executor-5] INFO  ratis.OzoneManagerStateMachine (OzoneManagerStateMachine.java:getLatestSnapshot(147)) - Latest Snapshot Info 0#-1
2020-06-23 00:54:00,033 [grpc-default-executor-0] WARN  server.GrpcLogAppender (LogUtils.java:warn(122)) - omNode-1@group-523986131536->omNode-2-AppendLogResponseHandler: Failed appendEntries: org.apache.ratis.thirdparty.io.grpc.StatusRuntimeException: UNAVAILABLE: io exception
2020-06-23 00:54:00,035 [grpc-default-executor-0] INFO  impl.FollowerInfo (FollowerInfo.java:lambda$new$0(51)) - omNode-1@group-523986131536->omNode-2: nextIndex: updateUnconditionally 2 -> 1
2020-06-23 00:54:00,526 [grpc-default-executor-0] INFO  ratis.OzoneManagerStateMachine (OzoneManagerStateMachine.java:getLatestSnapshot(147)) - Latest Snapshot Info 0#-1
2020-06-23 00:54:00,532 [grpc-default-executor-0] WARN  server.GrpcLogAppender (LogUtils.java:warn(122)) - omNode-1@group-523986131536->omNode-2-AppendLogResponseHandler: Failed appendEntries: org.apache.ratis.thirdparty.io.grpc.StatusRuntimeException: UNAVAILABLE: io exception
2020-06-23 00:54:00,534 [grpc-default-executor-0] INFO  impl.FollowerInfo (FollowerInfo.java:lambda$new$0(51)) - omNode-1@group-523986131536->omNode-2: nextIndex: updateUnconditionally 2 -> 1
2020-06-23 00:54:01,033 [grpc-default-executor-5] WARN  server.GrpcLogAppender (LogUtils.java:warn(122)) - omNode-1@group-523986131536->omNode-2-AppendLogResponseHandler: Failed appendEntries: org.apache.ratis.thirdparty.io.grpc.StatusRuntimeException: UNAVAILABLE: io exception
2020-06-23 00:54:01,034 [grpc-default-executor-5] INFO  impl.FollowerInfo (FollowerInfo.java:lambda$new$0(51)) - omNode-1@group-523986131536->omNode-2: nextIndex: updateUnconditionally 2 -> 1
2020-06-23 00:54:01,035 [grpc-default-executor-5] INFO  ratis.OzoneManagerStateMachine (OzoneManagerStateMachine.java:getLatestSnapshot(147)) - Latest Snapshot Info 0#-1
2020-06-23 00:54:01,535 [grpc-default-executor-0] WARN  server.GrpcLogAppender (LogUtils.java:warn(122)) - omNode-1@group-523986131536->omNode-2-AppendLogResponseHandler: Failed appendEntries: org.apache.ratis.thirdparty.io.grpc.StatusRuntimeException: UNAVAILABLE: io exception
2020-06-23 00:54:01,539 [grpc-default-executor-0] INFO  impl.FollowerInfo (FollowerInfo.java:lambda$new$0(51)) - omNode-1@group-523986131536->omNode-2: nextIndex: updateUnconditionally 2 -> 1
2020-06-23 00:54:01,540 [grpc-default-executor-0] INFO  ratis.OzoneManagerStateMachine (OzoneManagerStateMachine.java:getLatestSnapshot(147)) - Latest Snapshot Info 0#-1
2020-06-23 00:54:01,547 [grpc-default-executor-0] WARN  server.GrpcLogAppender (LogUtils.java:warn(122)) - omNode-1@group-523986131536->omNode-2-AppendLogResponseHandler: Failed appendEntries: org.apache.ratis.thirdparty.io.grpc.StatusRuntimeException: UNAVAILABLE: io exception
2020-06-23 00:54:01,547 [grpc-default-executor-0] INFO  impl.FollowerInfo (FollowerInfo.java:lambda$new$0(51)) - omNode-1@group-523986131536->omNode-2: nextIndex: updateUnconditionally 2 -> 1
2020-06-23 00:54:02,042 [grpc-default-executor-0] INFO  ratis.OzoneManagerStateMachine (OzoneManagerStateMachine.java:getLatestSnapshot(147)) - Latest Snapshot Info 0#-1
2020-06-23 00:54:02,050 [grpc-default-executor-5] WARN  server.GrpcLogAppender (LogUtils.java:warn(122)) - omNode-1@group-523986131536->omNode-2-AppendLogResponseHandler: Failed appendEntries: org.apache.ratis.thirdparty.io.grpc.StatusRuntimeException: UNAVAILABLE: io exception
2020-06-23 00:54:02,051 [grpc-default-executor-5] INFO  impl.FollowerInfo (FollowerInfo.java:lambda$new$0(51)) - omNode-1@group-523986131536->omNode-2: nextIndex: updateUnconditionally 2 -> 1
2020-06-23 00:54:02,544 [grpc-default-executor-5] INFO  ratis.OzoneManagerStateMachine (OzoneManagerStateMachine.java:getLatestSnapshot(147)) - Latest Snapshot Info 0#-1
2020-06-23 00:54:02,553 [grpc-default-executor-0] WARN  server.GrpcLogAppender (LogUtils.java:warn(122)) - omNode-1@group-523986131536->omNode-2-AppendLogResponseHandler: Failed appendEntries: org.apache.ratis.thirdparty.io.grpc.StatusRuntimeException: UNAVAILABLE: io exception
2020-06-23 00:54:02,554 [grpc-default-executor-0] INFO  impl.FollowerInfo (FollowerInfo.java:lambda$new$0(51)) - omNode-1@group-523986131536->omNode-2: nextIndex: updateUnconditionally 2 -> 1
2020-06-23 00:54:03,046 [grpc-default-executor-0] INFO  ratis.OzoneManagerStateMachine (OzoneManagerStateMachine.java:getLatestSnapshot(147)) - Latest Snapshot Info 0#-1
2020-06-23 00:54:03,054 [grpc-default-executor-5] WARN  server.GrpcLogAppender (LogUtils.java:warn(122)) - omNode-1@group-523986131536->omNode-2-AppendLogResponseHandler: Failed appendEntries: org.apache.ratis.thirdparty.io.grpc.StatusRuntimeException: UNAVAILABLE: io exception
2020-06-23 00:54:03,055 [grpc-default-executor-5] INFO  impl.FollowerInfo (FollowerInfo.java:lambda$new$0(51)) - omNode-1@group-523986131536->omNode-2: nextIndex: updateUnconditionally 2 -> 1
2020-06-23 00:54:03,549 [grpc-default-executor-5] INFO  ratis.OzoneManagerStateMachine (OzoneManagerStateMachine.java:getLatestSnapshot(147)) - Latest Snapshot Info 0#-1
2020-06-23 00:54:03,556 [grpc-default-executor-0] WARN  server.GrpcLogAppender (LogUtils.java:warn(122)) - omNode-1@group-523986131536->omNode-2-AppendLogResponseHandler: Failed appendEntries: org.apache.ratis.thirdparty.io.grpc.StatusRuntimeException: UNAVAILABLE: io exception
2020-06-23 00:54:03,557 [grpc-default-executor-0] INFO  impl.FollowerInfo (FollowerInfo.java:lambda$new$0(51)) - omNode-1@group-523986131536->omNode-2: nextIndex: updateUnconditionally 2 -> 1
2020-06-23 00:54:03,690 [IPC Server handler 3 on default port 10488] INFO  ipc.Server (Server.java:logException(2976)) - IPC Server handler 3 on default port 10488, call Call#455 Retry#4 org.apache.hadoop.ozone.om.protocol.OzoneManagerProtocol.submitRequest from 127.0.0.1:59102
org.apache.hadoop.ozone.om.exceptions.OMLeaderNotReadyException: omNode-1@group-523986131536 is in LEADER state but not ready yet.
	at org.apache.hadoop.ozone.om.ratis.OzoneManagerRatisServer.processReply(OzoneManagerRatisServer.java:177)
	at org.apache.hadoop.ozone.om.ratis.OzoneManagerRatisServer.submitRequest(OzoneManagerRatisServer.java:136)
	at org.apache.hadoop.ozone.protocolPB.OzoneManagerProtocolServerSideTranslatorPB.submitRequestToRatis(OzoneManagerProtocolServerSideTranslatorPB.java:177)
	at org.apache.hadoop.ozone.protocolPB.OzoneManagerProtocolServerSideTranslatorPB.processRequest(OzoneManagerProtocolServerSideTranslatorPB.java:134)
	at org.apache.hadoop.hdds.server.OzoneProtocolMessageDispatcher.processRequest(OzoneProtocolMessageDispatcher.java:74)
	at org.apache.hadoop.ozone.protocolPB.OzoneManagerProtocolServerSideTranslatorPB.submitRequest(OzoneManagerProtocolServerSideTranslatorPB.java:113)
	at org.apache.hadoop.ozone.protocol.proto.OzoneManagerProtocolProtos$OzoneManagerService$2.callBlockingMethod(OzoneManagerProtocolProtos.java)
	at org.apache.hadoop.ipc.ProtobufRpcEngine$Server$ProtoBufRpcInvoker.call(ProtobufRpcEngine.java:528)
	at org.apache.hadoop.ipc.RPC$Server.call(RPC.java:1070)
	at org.apache.hadoop.ipc.Server$RpcCall.run(Server.java:999)
	at org.apache.hadoop.ipc.Server$RpcCall.run(Server.java:927)
	at java.security.AccessController.doPrivileged(Native Method)
	at javax.security.auth.Subject.doAs(Subject.java:422)
	at org.apache.hadoop.security.UserGroupInformation.doAs(UserGroupInformation.java:1730)
	at org.apache.hadoop.ipc.Server$Handler.run(Server.java:2915)
2020-06-23 00:54:03,693 [Listener at 127.0.0.1/10500] INFO  protocolPB.Hadoop3OmTransport (Hadoop3OmTransport.java:shouldRetry(156)) - RetryProxy: omNode-1@group-523986131536 is in LEADER state but not ready yet.
	at org.apache.hadoop.ozone.om.ratis.OzoneManagerRatisServer.processReply(OzoneManagerRatisServer.java:177)
	at org.apache.hadoop.ozone.om.ratis.OzoneManagerRatisServer.submitRequest(OzoneManagerRatisServer.java:136)
	at org.apache.hadoop.ozone.protocolPB.OzoneManagerProtocolServerSideTranslatorPB.submitRequestToRatis(OzoneManagerProtocolServerSideTranslatorPB.java:177)
	at org.apache.hadoop.ozone.protocolPB.OzoneManagerProtocolServerSideTranslatorPB.processRequest(OzoneManagerProtocolServerSideTranslatorPB.java:134)
	at org.apache.hadoop.hdds.server.OzoneProtocolMessageDispatcher.processRequest(OzoneProtocolMessageDispatcher.java:74)
	at org.apache.hadoop.ozone.protocolPB.OzoneManagerProtocolServerSideTranslatorPB.submitRequest(OzoneManagerProtocolServerSideTranslatorPB.java:113)
	at org.apache.hadoop.ozone.protocol.proto.OzoneManagerProtocolProtos$OzoneManagerService$2.callBlockingMethod(OzoneManagerProtocolProtos.java)
	at org.apache.hadoop.ipc.ProtobufRpcEngine$Server$ProtoBufRpcInvoker.call(ProtobufRpcEngine.java:528)
	at org.apache.hadoop.ipc.RPC$Server.call(RPC.java:1070)
	at org.apache.hadoop.ipc.Server$RpcCall.run(Server.java:999)
	at org.apache.hadoop.ipc.Server$RpcCall.run(Server.java:927)
	at java.security.AccessController.doPrivileged(Native Method)
	at javax.security.auth.Subject.doAs(Subject.java:422)
	at org.apache.hadoop.security.UserGroupInformation.doAs(UserGroupInformation.java:1730)
	at org.apache.hadoop.ipc.Server$Handler.run(Server.java:2915)

2020-06-23 00:54:03,693 [Listener at 127.0.0.1/10500] INFO  retry.RetryInvocationHandler (RetryInvocationHandler.java:log(411)) - com.google.protobuf.ServiceException: org.apache.hadoop.ipc.RemoteException(org.apache.hadoop.ozone.om.exceptions.OMLeaderNotReadyException): omNode-1@group-523986131536 is in LEADER state but not ready yet.
	at org.apache.hadoop.ozone.om.ratis.OzoneManagerRatisServer.processReply(OzoneManagerRatisServer.java:177)
	at org.apache.hadoop.ozone.om.ratis.OzoneManagerRatisServer.submitRequest(OzoneManagerRatisServer.java:136)
	at org.apache.hadoop.ozone.protocolPB.OzoneManagerProtocolServerSideTranslatorPB.submitRequestToRatis(OzoneManagerProtocolServerSideTranslatorPB.java:177)
	at org.apache.hadoop.ozone.protocolPB.OzoneManagerProtocolServerSideTranslatorPB.processRequest(OzoneManagerProtocolServerSideTranslatorPB.java:134)
	at org.apache.hadoop.hdds.server.OzoneProtocolMessageDispatcher.processRequest(OzoneProtocolMessageDispatcher.java:74)
	at org.apache.hadoop.ozone.protocolPB.OzoneManagerProtocolServerSideTranslatorPB.submitRequest(OzoneManagerProtocolServerSideTranslatorPB.java:113)
	at org.apache.hadoop.ozone.protocol.proto.OzoneManagerProtocolProtos$OzoneManagerService$2.callBlockingMethod(OzoneManagerProtocolProtos.java)
	at org.apache.hadoop.ipc.ProtobufRpcEngine$Server$ProtoBufRpcInvoker.call(ProtobufRpcEngine.java:528)
	at org.apache.hadoop.ipc.RPC$Server.call(RPC.java:1070)
	at org.apache.hadoop.ipc.Server$RpcCall.run(Server.java:999)
	at org.apache.hadoop.ipc.Server$RpcCall.run(Server.java:927)
	at java.security.AccessController.doPrivileged(Native Method)
	at javax.security.auth.Subject.doAs(Subject.java:422)
	at org.apache.hadoop.security.UserGroupInformation.doAs(UserGroupInformation.java:1730)
	at org.apache.hadoop.ipc.Server$Handler.run(Server.java:2915)
, while invoking $Proxy39.submitRequest over nodeId=omNode-1,nodeAddress=127.0.0.1:10488 after 4 failover attempts. Trying to failover after sleeping for 6000ms.
2020-06-23 00:54:04,051 [grpc-default-executor-0] INFO  ratis.OzoneManagerStateMachine (OzoneManagerStateMachine.java:getLatestSnapshot(147)) - Latest Snapshot Info 0#-1
2020-06-23 00:54:04,059 [grpc-default-executor-5] WARN  server.GrpcLogAppender (LogUtils.java:warn(122)) - omNode-1@group-523986131536->omNode-2-AppendLogResponseHandler: Failed appendEntries: org.apache.ratis.thirdparty.io.grpc.StatusRuntimeException: UNAVAILABLE: io exception
2020-06-23 00:54:04,061 [grpc-default-executor-5] INFO  impl.FollowerInfo (FollowerInfo.java:lambda$new$0(51)) - omNode-1@group-523986131536->omNode-2: nextIndex: updateUnconditionally 2 -> 1
2020-06-23 00:54:04,554 [grpc-default-executor-5] INFO  ratis.OzoneManagerStateMachine (OzoneManagerStateMachine.java:getLatestSnapshot(147)) - Latest Snapshot Info 0#-1
2020-06-23 00:54:04,560 [grpc-default-executor-0] WARN  server.GrpcLogAppender (LogUtils.java:warn(122)) - omNode-1@group-523986131536->omNode-2-AppendLogResponseHandler: Failed appendEntries: org.apache.ratis.thirdparty.io.grpc.StatusRuntimeException: UNAVAILABLE: io exception
2020-06-23 00:54:04,561 [grpc-default-executor-0] INFO  impl.FollowerInfo (FollowerInfo.java:lambda$new$0(51)) - omNode-1@group-523986131536->omNode-2: nextIndex: updateUnconditionally 2 -> 1
2020-06-23 00:54:05,056 [grpc-default-executor-0] INFO  ratis.OzoneManagerStateMachine (OzoneManagerStateMachine.java:getLatestSnapshot(147)) - Latest Snapshot Info 0#-1
2020-06-23 00:54:05,063 [grpc-default-executor-5] WARN  server.GrpcLogAppender (LogUtils.java:warn(122)) - omNode-1@group-523986131536->omNode-2-AppendLogResponseHandler: Failed appendEntries: org.apache.ratis.thirdparty.io.grpc.StatusRuntimeException: UNAVAILABLE: io exception
2020-06-23 00:54:05,064 [grpc-default-executor-5] INFO  impl.FollowerInfo (FollowerInfo.java:lambda$new$0(51)) - omNode-1@group-523986131536->omNode-2: nextIndex: updateUnconditionally 2 -> 1
2020-06-23 00:54:05,559 [grpc-default-executor-5] INFO  ratis.OzoneManagerStateMachine (OzoneManagerStateMachine.java:getLatestSnapshot(147)) - Latest Snapshot Info 0#-1
2020-06-23 00:54:05,566 [grpc-default-executor-5] WARN  server.GrpcLogAppender (LogUtils.java:warn(122)) - omNode-1@group-523986131536->omNode-2-AppendLogResponseHandler: Failed appendEntries: org.apache.ratis.thirdparty.io.grpc.StatusRuntimeException: UNAVAILABLE: io exception
2020-06-23 00:54:05,567 [grpc-default-executor-5] INFO  impl.FollowerInfo (FollowerInfo.java:lambda$new$0(51)) - omNode-1@group-523986131536->omNode-2: nextIndex: updateUnconditionally 2 -> 1
2020-06-23 00:54:06,061 [grpc-default-executor-5] INFO  ratis.OzoneManagerStateMachine (OzoneManagerStateMachine.java:getLatestSnapshot(147)) - Latest Snapshot Info 0#-1
2020-06-23 00:54:06,068 [grpc-default-executor-0] WARN  server.GrpcLogAppender (LogUtils.java:warn(122)) - omNode-1@group-523986131536->omNode-2-AppendLogResponseHandler: Failed appendEntries: org.apache.ratis.thirdparty.io.grpc.StatusRuntimeException: UNAVAILABLE: io exception
2020-06-23 00:54:06,069 [grpc-default-executor-0] INFO  impl.FollowerInfo (FollowerInfo.java:lambda$new$0(51)) - omNode-1@group-523986131536->omNode-2: nextIndex: updateUnconditionally 2 -> 1
2020-06-23 00:54:06,563 [grpc-default-executor-5] INFO  ratis.OzoneManagerStateMachine (OzoneManagerStateMachine.java:getLatestSnapshot(147)) - Latest Snapshot Info 0#-1
2020-06-23 00:54:06,571 [grpc-default-executor-0] WARN  server.GrpcLogAppender (LogUtils.java:warn(122)) - omNode-1@group-523986131536->omNode-2-AppendLogResponseHandler: Failed appendEntries: org.apache.ratis.thirdparty.io.grpc.StatusRuntimeException: UNAVAILABLE: io exception
2020-06-23 00:54:06,575 [grpc-default-executor-0] INFO  impl.FollowerInfo (FollowerInfo.java:lambda$new$0(51)) - omNode-1@group-523986131536->omNode-2: nextIndex: updateUnconditionally 2 -> 1
2020-06-23 00:54:07,065 [grpc-default-executor-0] INFO  ratis.OzoneManagerStateMachine (OzoneManagerStateMachine.java:getLatestSnapshot(147)) - Latest Snapshot Info 0#-1
2020-06-23 00:54:07,073 [grpc-default-executor-5] WARN  server.GrpcLogAppender (LogUtils.java:warn(122)) - omNode-1@group-523986131536->omNode-2-AppendLogResponseHandler: Failed appendEntries: org.apache.ratis.thirdparty.io.grpc.StatusRuntimeException: UNAVAILABLE: io exception
2020-06-23 00:54:07,073 [grpc-default-executor-5] INFO  impl.FollowerInfo (FollowerInfo.java:lambda$new$0(51)) - omNode-1@group-523986131536->omNode-2: nextIndex: updateUnconditionally 2 -> 1
2020-06-23 00:54:07,567 [grpc-default-executor-0] INFO  ratis.OzoneManagerStateMachine (OzoneManagerStateMachine.java:getLatestSnapshot(147)) - Latest Snapshot Info 0#-1
2020-06-23 00:54:07,582 [grpc-default-executor-0] WARN  server.GrpcLogAppender (LogUtils.java:warn(122)) - omNode-1@group-523986131536->omNode-2-AppendLogResponseHandler: Failed appendEntries: org.apache.ratis.thirdparty.io.grpc.StatusRuntimeException: UNAVAILABLE: io exception
2020-06-23 00:54:07,582 [grpc-default-executor-0] INFO  impl.FollowerInfo (FollowerInfo.java:lambda$new$0(51)) - omNode-1@group-523986131536->omNode-2: nextIndex: updateUnconditionally 2 -> 1
2020-06-23 00:54:08,069 [grpc-default-executor-0] INFO  ratis.OzoneManagerStateMachine (OzoneManagerStateMachine.java:getLatestSnapshot(147)) - Latest Snapshot Info 0#-1
2020-06-23 00:54:08,077 [grpc-default-executor-5] WARN  server.GrpcLogAppender (LogUtils.java:warn(122)) - omNode-1@group-523986131536->omNode-2-AppendLogResponseHandler: Failed appendEntries: org.apache.ratis.thirdparty.io.grpc.StatusRuntimeException: UNAVAILABLE: io exception
2020-06-23 00:54:08,078 [grpc-default-executor-5] INFO  impl.FollowerInfo (FollowerInfo.java:lambda$new$0(51)) - omNode-1@group-523986131536->omNode-2: nextIndex: updateUnconditionally 2 -> 1
2020-06-23 00:54:08,572 [grpc-default-executor-5] INFO  ratis.OzoneManagerStateMachine (OzoneManagerStateMachine.java:getLatestSnapshot(147)) - Latest Snapshot Info 0#-1
2020-06-23 00:54:08,580 [grpc-default-executor-0] WARN  server.GrpcLogAppender (LogUtils.java:warn(122)) - omNode-1@group-523986131536->omNode-2-AppendLogResponseHandler: Failed appendEntries: org.apache.ratis.thirdparty.io.grpc.StatusRuntimeException: UNAVAILABLE: io exception
2020-06-23 00:54:08,580 [grpc-default-executor-0] INFO  impl.FollowerInfo (FollowerInfo.java:lambda$new$0(51)) - omNode-1@group-523986131536->omNode-2: nextIndex: updateUnconditionally 2 -> 1
2020-06-23 00:54:09,074 [grpc-default-executor-0] INFO  ratis.OzoneManagerStateMachine (OzoneManagerStateMachine.java:getLatestSnapshot(147)) - Latest Snapshot Info 0#-1
2020-06-23 00:54:09,081 [grpc-default-executor-5] WARN  server.GrpcLogAppender (LogUtils.java:warn(122)) - omNode-1@group-523986131536->omNode-2-AppendLogResponseHandler: Failed appendEntries: org.apache.ratis.thirdparty.io.grpc.StatusRuntimeException: UNAVAILABLE: io exception
2020-06-23 00:54:09,081 [grpc-default-executor-5] INFO  impl.FollowerInfo (FollowerInfo.java:lambda$new$0(51)) - omNode-1@group-523986131536->omNode-2: nextIndex: updateUnconditionally 2 -> 1
2020-06-23 00:54:09,576 [grpc-default-executor-5] INFO  ratis.OzoneManagerStateMachine (OzoneManagerStateMachine.java:getLatestSnapshot(147)) - Latest Snapshot Info 0#-1
2020-06-23 00:54:09,591 [grpc-default-executor-0] WARN  server.GrpcLogAppender (LogUtils.java:warn(122)) - omNode-1@group-523986131536->omNode-2-AppendLogResponseHandler: Failed appendEntries: org.apache.ratis.thirdparty.io.grpc.StatusRuntimeException: UNAVAILABLE: io exception
2020-06-23 00:54:09,591 [grpc-default-executor-0] INFO  impl.FollowerInfo (FollowerInfo.java:lambda$new$0(51)) - omNode-1@group-523986131536->omNode-2: nextIndex: updateUnconditionally 2 -> 1
2020-06-23 00:54:09,694 [IPC Server handler 4 on default port 10488] INFO  ipc.Server (Server.java:logException(2976)) - IPC Server handler 4 on default port 10488, call Call#455 Retry#5 org.apache.hadoop.ozone.om.protocol.OzoneManagerProtocol.submitRequest from 127.0.0.1:59102
org.apache.hadoop.ozone.om.exceptions.OMLeaderNotReadyException: omNode-1@group-523986131536 is in LEADER state but not ready yet.
	at org.apache.hadoop.ozone.om.ratis.OzoneManagerRatisServer.processReply(OzoneManagerRatisServer.java:177)
	at org.apache.hadoop.ozone.om.ratis.OzoneManagerRatisServer.submitRequest(OzoneManagerRatisServer.java:136)
	at org.apache.hadoop.ozone.protocolPB.OzoneManagerProtocolServerSideTranslatorPB.submitRequestToRatis(OzoneManagerProtocolServerSideTranslatorPB.java:177)
	at org.apache.hadoop.ozone.protocolPB.OzoneManagerProtocolServerSideTranslatorPB.processRequest(OzoneManagerProtocolServerSideTranslatorPB.java:134)
	at org.apache.hadoop.hdds.server.OzoneProtocolMessageDispatcher.processRequest(OzoneProtocolMessageDispatcher.java:74)
	at org.apache.hadoop.ozone.protocolPB.OzoneManagerProtocolServerSideTranslatorPB.submitRequest(OzoneManagerProtocolServerSideTranslatorPB.java:113)
	at org.apache.hadoop.ozone.protocol.proto.OzoneManagerProtocolProtos$OzoneManagerService$2.callBlockingMethod(OzoneManagerProtocolProtos.java)
	at org.apache.hadoop.ipc.ProtobufRpcEngine$Server$ProtoBufRpcInvoker.call(ProtobufRpcEngine.java:528)
	at org.apache.hadoop.ipc.RPC$Server.call(RPC.java:1070)
	at org.apache.hadoop.ipc.Server$RpcCall.run(Server.java:999)
	at org.apache.hadoop.ipc.Server$RpcCall.run(Server.java:927)
	at java.security.AccessController.doPrivileged(Native Method)
	at javax.security.auth.Subject.doAs(Subject.java:422)
	at org.apache.hadoop.security.UserGroupInformation.doAs(UserGroupInformation.java:1730)
	at org.apache.hadoop.ipc.Server$Handler.run(Server.java:2915)
2020-06-23 00:54:09,696 [Listener at 127.0.0.1/10500] INFO  protocolPB.Hadoop3OmTransport (Hadoop3OmTransport.java:shouldRetry(156)) - RetryProxy: omNode-1@group-523986131536 is in LEADER state but not ready yet.
	at org.apache.hadoop.ozone.om.ratis.OzoneManagerRatisServer.processReply(OzoneManagerRatisServer.java:177)
	at org.apache.hadoop.ozone.om.ratis.OzoneManagerRatisServer.submitRequest(OzoneManagerRatisServer.java:136)
	at org.apache.hadoop.ozone.protocolPB.OzoneManagerProtocolServerSideTranslatorPB.submitRequestToRatis(OzoneManagerProtocolServerSideTranslatorPB.java:177)
	at org.apache.hadoop.ozone.protocolPB.OzoneManagerProtocolServerSideTranslatorPB.processRequest(OzoneManagerProtocolServerSideTranslatorPB.java:134)
	at org.apache.hadoop.hdds.server.OzoneProtocolMessageDispatcher.processRequest(OzoneProtocolMessageDispatcher.java:74)
	at org.apache.hadoop.ozone.protocolPB.OzoneManagerProtocolServerSideTranslatorPB.submitRequest(OzoneManagerProtocolServerSideTranslatorPB.java:113)
	at org.apache.hadoop.ozone.protocol.proto.OzoneManagerProtocolProtos$OzoneManagerService$2.callBlockingMethod(OzoneManagerProtocolProtos.java)
	at org.apache.hadoop.ipc.ProtobufRpcEngine$Server$ProtoBufRpcInvoker.call(ProtobufRpcEngine.java:528)
	at org.apache.hadoop.ipc.RPC$Server.call(RPC.java:1070)
	at org.apache.hadoop.ipc.Server$RpcCall.run(Server.java:999)
	at org.apache.hadoop.ipc.Server$RpcCall.run(Server.java:927)
	at java.security.AccessController.doPrivileged(Native Method)
	at javax.security.auth.Subject.doAs(Subject.java:422)
	at org.apache.hadoop.security.UserGroupInformation.doAs(UserGroupInformation.java:1730)
	at org.apache.hadoop.ipc.Server$Handler.run(Server.java:2915)

2020-06-23 00:54:09,696 [Listener at 127.0.0.1/10500] ERROR protocolPB.Hadoop3OmTransport (Hadoop3OmTransport.java:getRetryAction(189)) - Failed to connect to OMs: [nodeId=omNode-3,nodeAddress=127.0.0.1:10500, nodeId=omNode-1,nodeAddress=127.0.0.1:10488, nodeId=omNode-2,nodeAddress=127.0.0.1:10494]. Attempted 5 failovers.
2020-06-23 00:54:09,697 [Listener at 127.0.0.1/10500] INFO  ozone.MiniOzoneClusterImpl (MiniOzoneClusterImpl.java:shutdown(387)) - Shutting down the Mini Ozone Cluster
2020-06-23 00:54:09,697 [Listener at 127.0.0.1/10500] INFO  ozone.MiniOzoneHAClusterImpl (MiniOzoneHAClusterImpl.java:stop(230)) - Stopping the OzoneManager omNode-3
2020-06-23 00:54:09,697 [Listener at 127.0.0.1/10500] INFO  ipc.Server (Server.java:stop(3359)) - Stopping server on 10500
2020-06-23 00:54:09,699 [IPC Server Responder] INFO  ipc.Server (Server.java:run(1465)) - Stopping IPC Server Responder
2020-06-23 00:54:09,700 [IPC Server listener on 10500] INFO  ipc.Server (Server.java:run(1330)) - Stopping IPC Server listener on 10500
2020-06-23 00:54:09,700 [Listener at 127.0.0.1/10500] INFO  impl.RaftServerProxy (RaftServerProxy.java:lambda$close$4(319)) - omNode-3: close
2020-06-23 00:54:09,701 [Listener at 127.0.0.1/10500] INFO  impl.RaftServerImpl (RaftServerImpl.java:lambda$shutdown$3(252)) - omNode-3@group-523986131536: shutdown
2020-06-23 00:54:09,701 [Listener at 127.0.0.1/10500] INFO  util.JmxRegister (JmxRegister.java:unregister(73)) - Successfully un-registered JMX Bean with object name Ratis:service=RaftServer,group=group-523986131536,id=omNode-3
2020-06-23 00:54:09,701 [Listener at 127.0.0.1/10500] INFO  impl.RoleInfo (RoleInfo.java:shutdownFollowerState(121)) - omNode-3: shutdown FollowerState
2020-06-23 00:54:09,701 [Listener at 127.0.0.1/10500] INFO  impl.StateMachineUpdater (StateMachineUpdater.java:stopAndJoin(142)) - omNode-3@group-523986131536-StateMachineUpdater: set stopIndex = 0
2020-06-23 00:54:09,701 [Thread-2591] INFO  impl.FollowerState (FollowerState.java:run(117)) - omNode-3@group-523986131536-FollowerState was interrupted: java.lang.InterruptedException: sleep interrupted
2020-06-23 00:54:09,702 [omNode-3@group-523986131536-StateMachineUpdater] INFO  ratis.OzoneManagerStateMachine (OzoneManagerStateMachine.java:takeSnapshot(355)) - Current Snapshot Index (t:1, i:0)
2020-06-23 00:54:09,702 [omNode-3@group-523986131536-StateMachineUpdater] INFO  impl.StateMachineUpdater (StateMachineUpdater.java:takeSnapshot(277)) - omNode-3@group-523986131536-StateMachineUpdater: Took a snapshot at index 0
2020-06-23 00:54:09,702 [omNode-3@group-523986131536-StateMachineUpdater] INFO  impl.StateMachineUpdater (StateMachineUpdater.java:lambda$new$0(87)) - omNode-3@group-523986131536-StateMachineUpdater: snapshotIndex: updateIncreasingly -1 -> 0
2020-06-23 00:54:09,702 [omNode-3@group-523986131536-StateMachineUpdater] INFO  metrics.RatisMetrics (RatisMetrics.java:unregister(43)) - Unregistering Metrics Registry : ratis.state_machine.omNode-3@group-523986131536
2020-06-23 00:54:09,702 [Listener at 127.0.0.1/10500] INFO  impl.RaftServerImpl (ServerState.java:close(387)) - omNode-3@group-523986131536: closes. applyIndex: 0
2020-06-23 00:54:09,703 [omNode-3@group-523986131536-SegmentedRaftLogWorker] INFO  segmented.SegmentedRaftLogWorker (SegmentedRaftLogWorker.java:run(327)) - omNode-3@group-523986131536-SegmentedRaftLogWorker was interrupted, exiting. There are 0 tasks remaining in the queue.
2020-06-23 00:54:09,703 [Listener at 127.0.0.1/10500] INFO  segmented.SegmentedRaftLogWorker (SegmentedRaftLogWorker.java:close(234)) - omNode-3@group-523986131536-SegmentedRaftLogWorker close()
2020-06-23 00:54:09,704 [Listener at 127.0.0.1/10500] INFO  metrics.RatisMetrics (RatisMetrics.java:unregister(43)) - Unregistering Metrics Registry : ratis.log_worker.omNode-3@group-523986131536
2020-06-23 00:54:09,705 [Listener at 127.0.0.1/10500] INFO  metrics.RatisMetrics (RatisMetrics.java:unregister(43)) - Unregistering Metrics Registry : ratis.leader_election.omNode-3@group-523986131536
2020-06-23 00:54:09,705 [Listener at 127.0.0.1/10500] INFO  metrics.RatisMetrics (RatisMetrics.java:unregister(43)) - Unregistering Metrics Registry : ratis.server.omNode-3@group-523986131536
2020-06-23 00:54:09,705 [Listener at 127.0.0.1/10500] INFO  server.GrpcService (GrpcService.java:closeImpl(166)) - omNode-3: shutdown server with port 10504 now
2020-06-23 00:54:09,706 [Listener at 127.0.0.1/10500] INFO  server.GrpcService (GrpcService.java:closeImpl(174)) - omNode-3: shutdown server with port 10504 successfully
2020-06-23 00:54:09,706 [Listener at 127.0.0.1/10500] INFO  ratis.OzoneManagerDoubleBuffer (OzoneManagerDoubleBuffer.java:stop(410)) - Stopping OMDoubleBuffer flush thread
2020-06-23 00:54:09,706 [grpc-default-executor-1] WARN  server.GrpcLogAppender (LogUtils.java:warn(122)) - omNode-1@group-523986131536->omNode-3-AppendLogResponseHandler: Failed appendEntries: org.apache.ratis.thirdparty.io.grpc.StatusRuntimeException: CANCELLED: HTTP/2 error code: CANCEL
Received Rst Stream
2020-06-23 00:54:09,706 [grpc-default-executor-1] INFO  impl.FollowerInfo (FollowerInfo.java:lambda$new$0(51)) - omNode-1@group-523986131536->omNode-3: nextIndex: updateUnconditionally 2 -> 1
2020-06-23 00:54:09,707 [grpc-default-executor-5] WARN  server.GrpcServerProtocolService (LogUtils.java:warn(122)) - omNode-3: installSnapshot onError, lastRequest: omNode-1->omNode-3#1-t2, previous=(t:1, i:0), leaderCommit=0, initializing? false, entries: size=1, first=(t:2, i:1), CONFIGURATIONENTRY: org.apache.ratis.thirdparty.io.grpc.StatusRuntimeException: CANCELLED: cancelled before receiving half close
2020-06-23 00:54:09,707 [OMDoubleBufferFlushThread] INFO  ratis.OzoneManagerDoubleBuffer (OzoneManagerDoubleBuffer.java:flushTransactions(342)) - OMDoubleBuffer flush thread OMDoubleBufferFlushThread is interrupted and will exit. OMDoubleBufferFlushThread
2020-06-23 00:54:09,707 [Listener at 127.0.0.1/10500] INFO  ratis.OzoneManagerStateMachine (HadoopExecutors.java:shutdown(118)) - Gracefully shutting down executor service. Waiting max 5 SECONDS
2020-06-23 00:54:09,707 [Listener at 127.0.0.1/10500] INFO  ratis.OzoneManagerStateMachine (HadoopExecutors.java:shutdown(129)) - Succesfully shutdown executor service
2020-06-23 00:54:09,707 [Listener at 127.0.0.1/10500] INFO  ratis.OzoneManagerStateMachine (HadoopExecutors.java:shutdown(118)) - Gracefully shutting down executor service. Waiting max 5 SECONDS
2020-06-23 00:54:09,707 [Listener at 127.0.0.1/10500] INFO  ratis.OzoneManagerStateMachine (HadoopExecutors.java:shutdown(129)) - Succesfully shutdown executor service
2020-06-23 00:54:09,707 [Listener at 127.0.0.1/10500] INFO  utils.BackgroundService (BackgroundService.java:shutdown(157)) - Shutting down service KeyDeletingService
2020-06-23 00:54:09,708 [Listener at 127.0.0.1/10500] INFO  handler.ContextHandler (ContextHandler.java:doStop(1016)) - Stopped o.e.j.w.WebAppContext@f11a475{ozoneManager,/,null,UNAVAILABLE}{file:/github/workspace/mnt/ozone/hadoop-ozone/integration-test/target/test-classes/webapps/ozoneManager}
2020-06-23 00:54:09,708 [Listener at 127.0.0.1/10500] INFO  server.AbstractConnector (AbstractConnector.java:doStop(380)) - Stopped ServerConnector@1d1aa31e{HTTP/1.1,[http/1.1]}{0.0.0.0:10502}
2020-06-23 00:54:09,708 [Listener at 127.0.0.1/10500] INFO  server.session (HouseKeeper.java:stopScavenging(158)) - node0 Stopped scavenging
2020-06-23 00:54:09,708 [Listener at 127.0.0.1/10500] INFO  handler.ContextHandler (ContextHandler.java:doStop(1016)) - Stopped o.e.j.s.ServletContextHandler@40a8d1b0{static,/static,file:///github/workspace/mnt/ozone/hadoop-ozone/integration-test/target/test-classes/webapps/static,UNAVAILABLE}
2020-06-23 00:54:09,709 [Listener at 127.0.0.1/10500] INFO  handler.ContextHandler (ContextHandler.java:doStop(1016)) - Stopped o.e.j.s.ServletContextHandler@4144f82f{logs,/logs,file:///github/workspace/mnt/ozone/hadoop-ozone/integration-test/target/log,UNAVAILABLE}
2020-06-23 00:54:09,710 [Listener at 127.0.0.1/10500] INFO  ozone.MiniOzoneHAClusterImpl (MiniOzoneHAClusterImpl.java:stop(230)) - Stopping the OzoneManager omNode-1
2020-06-23 00:54:09,710 [Listener at 127.0.0.1/10500] INFO  ipc.Server (Server.java:stop(3359)) - Stopping server on 10488
2020-06-23 00:54:09,712 [IPC Server listener on 10488] INFO  ipc.Server (Server.java:run(1330)) - Stopping IPC Server listener on 10488
2020-06-23 00:54:09,712 [IPC Server Responder] INFO  ipc.Server (Server.java:run(1465)) - Stopping IPC Server Responder
2020-06-23 00:54:09,713 [Listener at 127.0.0.1/10500] INFO  impl.RaftServerProxy (RaftServerProxy.java:lambda$close$4(319)) - omNode-1: close
2020-06-23 00:54:09,713 [Listener at 127.0.0.1/10500] INFO  impl.RaftServerImpl (RaftServerImpl.java:lambda$shutdown$3(252)) - omNode-1@group-523986131536: shutdown
2020-06-23 00:54:09,713 [Listener at 127.0.0.1/10500] INFO  util.JmxRegister (JmxRegister.java:unregister(73)) - Successfully un-registered JMX Bean with object name Ratis:service=RaftServer,group=group-523986131536,id=omNode-1
2020-06-23 00:54:09,713 [Listener at 127.0.0.1/10500] INFO  impl.RoleInfo (RoleInfo.java:shutdownLeaderState(104)) - omNode-1: shutdown LeaderState
2020-06-23 00:54:09,713 [Listener at 127.0.0.1/10500] INFO  metrics.RatisMetrics (RatisMetrics.java:unregister(43)) - Unregistering Metrics Registry : ratis_grpc.log_appender.omNode-1@group-523986131536
2020-06-23 00:54:09,714 [Listener at 127.0.0.1/10500] INFO  metrics.RatisMetrics (RatisMetrics.java:unregister(43)) - Unregistering Metrics Registry : ratis_grpc.log_appender.omNode-1@group-523986131536
2020-06-23 00:54:09,714 [org.apache.ratis.server.impl.LogAppender$AppenderDaemon$$Lambda$336/241851659@579c54c6] WARN  server.GrpcLogAppender (GrpcLogAppender.java:mayWait(153)) - omNode-1@group-523986131536->omNode-3-GrpcLogAppender: Wait interrupted by java.lang.InterruptedException
2020-06-23 00:54:09,715 [Listener at 127.0.0.1/10500] INFO  impl.PendingRequests (PendingRequests.java:sendNotLeaderResponses(249)) - omNode-1@group-523986131536-PendingRequests: sendNotLeaderResponses
2020-06-23 00:54:09,715 [org.apache.ratis.server.impl.LogAppender$AppenderDaemon$$Lambda$336/241851659@1358c7a0] WARN  server.GrpcLogAppender (GrpcLogAppender.java:mayWait(153)) - omNode-1@group-523986131536->omNode-2-GrpcLogAppender: Wait interrupted by java.lang.InterruptedException
2020-06-23 00:54:09,715 [Listener at 127.0.0.1/10500] INFO  metrics.RatisMetrics (RatisMetrics.java:unregister(43)) - Unregistering Metrics Registry : ratis.log_appender.omNode-1@group-523986131536
2020-06-23 00:54:09,715 [Listener at 127.0.0.1/10500] INFO  metrics.RatisMetrics (RatisMetrics.java:unregister(43)) - Unregistering Metrics Registry : ratis.server.omNode-1@group-523986131536
2020-06-23 00:54:09,716 [Listener at 127.0.0.1/10500] INFO  impl.StateMachineUpdater (StateMachineUpdater.java:stopAndJoin(142)) - omNode-1@group-523986131536-StateMachineUpdater: set stopIndex = 0
2020-06-23 00:54:09,716 [omNode-1@group-523986131536-StateMachineUpdater] INFO  ratis.OzoneManagerStateMachine (OzoneManagerStateMachine.java:takeSnapshot(355)) - Current Snapshot Index (t:1, i:0)
2020-06-23 00:54:09,716 [omNode-1@group-523986131536-StateMachineUpdater] INFO  impl.StateMachineUpdater (StateMachineUpdater.java:takeSnapshot(277)) - omNode-1@group-523986131536-StateMachineUpdater: Took a snapshot at index 0
2020-06-23 00:54:09,716 [omNode-1@group-523986131536-StateMachineUpdater] INFO  impl.StateMachineUpdater (StateMachineUpdater.java:lambda$new$0(87)) - omNode-1@group-523986131536-StateMachineUpdater: snapshotIndex: updateIncreasingly -1 -> 0
2020-06-23 00:54:09,716 [omNode-1@group-523986131536-StateMachineUpdater] INFO  metrics.RatisMetrics (RatisMetrics.java:unregister(43)) - Unregistering Metrics Registry : ratis.state_machine.omNode-1@group-523986131536
2020-06-23 00:54:09,717 [Listener at 127.0.0.1/10500] INFO  impl.RaftServerImpl (ServerState.java:close(387)) - omNode-1@group-523986131536: closes. applyIndex: 0
2020-06-23 00:54:09,717 [omNode-1@group-523986131536-SegmentedRaftLogWorker] INFO  segmented.SegmentedRaftLogWorker (SegmentedRaftLogWorker.java:run(327)) - omNode-1@group-523986131536-SegmentedRaftLogWorker was interrupted, exiting. There are 0 tasks remaining in the queue.
2020-06-23 00:54:09,717 [Listener at 127.0.0.1/10500] INFO  segmented.SegmentedRaftLogWorker (SegmentedRaftLogWorker.java:close(234)) - omNode-1@group-523986131536-SegmentedRaftLogWorker close()
2020-06-23 00:54:09,718 [Listener at 127.0.0.1/10500] INFO  metrics.RatisMetrics (RatisMetrics.java:unregister(43)) - Unregistering Metrics Registry : ratis.log_worker.omNode-1@group-523986131536
2020-06-23 00:54:09,718 [Listener at 127.0.0.1/10500] INFO  metrics.RatisMetrics (RatisMetrics.java:unregister(43)) - Unregistering Metrics Registry : ratis.leader_election.omNode-1@group-523986131536
2020-06-23 00:54:09,718 [Listener at 127.0.0.1/10500] INFO  metrics.RatisMetrics (RatisMetrics.java:unregister(43)) - Unregistering Metrics Registry : ratis.server.omNode-1@group-523986131536
2020-06-23 00:54:09,719 [Listener at 127.0.0.1/10500] INFO  server.GrpcService (GrpcService.java:closeImpl(166)) - omNode-1: shutdown server with port 10492 now
2020-06-23 00:54:09,722 [Listener at 127.0.0.1/10500] INFO  server.GrpcService (GrpcService.java:closeImpl(174)) - omNode-1: shutdown server with port 10492 successfully
2020-06-23 00:54:09,722 [Listener at 127.0.0.1/10500] INFO  ratis.OzoneManagerDoubleBuffer (OzoneManagerDoubleBuffer.java:stop(410)) - Stopping OMDoubleBuffer flush thread
2020-06-23 00:54:09,723 [OMDoubleBufferFlushThread] INFO  ratis.OzoneManagerDoubleBuffer (OzoneManagerDoubleBuffer.java:flushTransactions(342)) - OMDoubleBuffer flush thread OMDoubleBufferFlushThread is interrupted and will exit. OMDoubleBufferFlushThread
2020-06-23 00:54:09,723 [Listener at 127.0.0.1/10500] INFO  ratis.OzoneManagerStateMachine (HadoopExecutors.java:shutdown(118)) - Gracefully shutting down executor service. Waiting max 5 SECONDS
2020-06-23 00:54:09,723 [Listener at 127.0.0.1/10500] INFO  ratis.OzoneManagerStateMachine (HadoopExecutors.java:shutdown(129)) - Succesfully shutdown executor service
2020-06-23 00:54:09,723 [Listener at 127.0.0.1/10500] INFO  ratis.OzoneManagerStateMachine (HadoopExecutors.java:shutdown(118)) - Gracefully shutting down executor service. Waiting max 5 SECONDS
2020-06-23 00:54:09,723 [Listener at 127.0.0.1/10500] INFO  ratis.OzoneManagerStateMachine (HadoopExecutors.java:shutdown(129)) - Succesfully shutdown executor service
2020-06-23 00:54:09,723 [Listener at 127.0.0.1/10500] INFO  utils.BackgroundService (BackgroundService.java:shutdown(157)) - Shutting down service KeyDeletingService
2020-06-23 00:54:09,724 [Listener at 127.0.0.1/10500] INFO  handler.ContextHandler (ContextHandler.java:doStop(1016)) - Stopped o.e.j.w.WebAppContext@ded5fbf{ozoneManager,/,null,UNAVAILABLE}{file:/github/workspace/mnt/ozone/hadoop-ozone/integration-test/target/test-classes/webapps/ozoneManager}
2020-06-23 00:54:09,724 [Listener at 127.0.0.1/10500] INFO  server.AbstractConnector (AbstractConnector.java:doStop(380)) - Stopped ServerConnector@484463b{HTTP/1.1,[http/1.1]}{0.0.0.0:10490}
2020-06-23 00:54:09,725 [Listener at 127.0.0.1/10500] INFO  server.session (HouseKeeper.java:stopScavenging(158)) - node0 Stopped scavenging
2020-06-23 00:54:09,725 [Listener at 127.0.0.1/10500] INFO  handler.ContextHandler (ContextHandler.java:doStop(1016)) - Stopped o.e.j.s.ServletContextHandler@57d0745{static,/static,file:///github/workspace/mnt/ozone/hadoop-ozone/integration-test/target/test-classes/webapps/static,UNAVAILABLE}
2020-06-23 00:54:09,725 [Listener at 127.0.0.1/10500] INFO  handler.ContextHandler (ContextHandler.java:doStop(1016)) - Stopped o.e.j.s.ServletContextHandler@78fe3d32{logs,/logs,file:///github/workspace/mnt/ozone/hadoop-ozone/integration-test/target/log,UNAVAILABLE}
2020-06-23 00:54:09,727 [Listener at 127.0.0.1/10500] INFO  ozone.MiniOzoneHAClusterImpl (MiniOzoneHAClusterImpl.java:stop(230)) - Stopping the OzoneManager omNode-2
2020-06-23 00:54:09,727 [Listener at 127.0.0.1/10500] INFO  ipc.Server (Server.java:stop(3359)) - Stopping server on 10494
2020-06-23 00:54:09,727 [Listener at 127.0.0.1/10500] INFO  ozone.MiniOzoneClusterImpl (MiniOzoneClusterImpl.java:stop(402)) - Stopping the Mini Ozone Cluster
2020-06-23 00:54:09,727 [Listener at 127.0.0.1/10500] INFO  ozone.MiniOzoneClusterImpl (MiniOzoneClusterImpl.java:stopDatanodes(461)) - Stopping the HddsDatanodes
2020-06-23 00:54:09,752 [Datanode State Machine Thread - 0] INFO  statemachine.DatanodeStateMachine (DatanodeStateMachine.java:lambda$startDaemon$0(380)) - Ozone container server started.
2020-06-23 00:54:10,671 [Datanode State Machine Thread - 0] INFO  statemachine.DatanodeStateMachine (DatanodeStateMachine.java:lambda$startDaemon$0(380)) - Ozone container server started.
2020-06-23 00:54:14,728 [Listener at 127.0.0.1/10500] INFO  ozoneimpl.OzoneContainer (OzoneContainer.java:stop(246)) - Attempting to stop container services.
2020-06-23 00:54:14,728 [Listener at 127.0.0.1/10500] INFO  impl.RaftServerProxy (RaftServerProxy.java:lambda$close$4(319)) - 7547e213-9149-4a92-9829-cadc9d981393: close
2020-06-23 00:54:14,729 [Listener at 127.0.0.1/10500] INFO  impl.RaftServerImpl (RaftServerImpl.java:lambda$shutdown$3(252)) - 7547e213-9149-4a92-9829-cadc9d981393@group-A3CF4F4F47CE: shutdown
2020-06-23 00:54:14,729 [Listener at 127.0.0.1/10500] INFO  util.JmxRegister (JmxRegister.java:unregister(73)) - Successfully un-registered JMX Bean with object name Ratis:service=RaftServer,group=group-A3CF4F4F47CE,id=7547e213-9149-4a92-9829-cadc9d981393
2020-06-23 00:54:14,729 [Listener at 127.0.0.1/10500] INFO  impl.RoleInfo (RoleInfo.java:shutdownFollowerState(121)) - 7547e213-9149-4a92-9829-cadc9d981393: shutdown FollowerState
2020-06-23 00:54:14,729 [Listener at 127.0.0.1/10500] INFO  impl.StateMachineUpdater (StateMachineUpdater.java:stopAndJoin(142)) - 7547e213-9149-4a92-9829-cadc9d981393@group-A3CF4F4F47CE-StateMachineUpdater: set stopIndex = 0
2020-06-23 00:54:14,729 [ForkJoinPool.commonPool-worker-1] INFO  ozoneimpl.OzoneContainer (OzoneContainer.java:stop(246)) - Attempting to stop container services.
2020-06-23 00:54:14,730 [7547e213-9149-4a92-9829-cadc9d981393@group-A3CF4F4F47CE-StateMachineUpdater] INFO  ratis.ContainerStateMachine (ContainerStateMachine.java:takeSnapshot(288)) - group-A3CF4F4F47CE: Taking a snapshot at:(t:1, i:0) file /github/workspace/mnt/ozone/hadoop-ozone/integration-test/target/test-dir/MiniOzoneClusterImpl-f92917fd-56ab-4efb-8d16-f1477a8498e7/datanode-1/data/ratis/eb4083b8-a49f-4903-add2-a3cf4f4f47ce/sm/snapshot.1_0
2020-06-23 00:54:14,729 [Thread-2566] INFO  impl.FollowerState (FollowerState.java:run(117)) - 7547e213-9149-4a92-9829-cadc9d981393@group-A3CF4F4F47CE-FollowerState was interrupted: java.lang.InterruptedException: sleep interrupted
2020-06-23 00:54:14,730 [ForkJoinPool.commonPool-worker-1] INFO  impl.RaftServerProxy (RaftServerProxy.java:lambda$close$4(319)) - 56bede4d-db5a-43f7-a72a-ad210340bea2: close
2020-06-23 00:54:14,731 [7547e213-9149-4a92-9829-cadc9d981393@group-A3CF4F4F47CE-StateMachineUpdater] INFO  ratis.ContainerStateMachine (ContainerStateMachine.java:takeSnapshot(299)) - group-A3CF4F4F47CE: Finished taking a snapshot at:(t:1, i:0) file:/github/workspace/mnt/ozone/hadoop-ozone/integration-test/target/test-dir/MiniOzoneClusterImpl-f92917fd-56ab-4efb-8d16-f1477a8498e7/datanode-1/data/ratis/eb4083b8-a49f-4903-add2-a3cf4f4f47ce/sm/snapshot.1_0 time:1
2020-06-23 00:54:14,731 [ForkJoinPool.commonPool-worker-1] INFO  impl.RaftServerImpl (RaftServerImpl.java:lambda$shutdown$3(252)) - 56bede4d-db5a-43f7-a72a-ad210340bea2@group-E13C97F4CAC6: shutdown
2020-06-23 00:54:14,731 [ForkJoinPool.commonPool-worker-1] INFO  util.JmxRegister (JmxRegister.java:unregister(73)) - Successfully un-registered JMX Bean with object name Ratis:service=RaftServer,group=group-E13C97F4CAC6,id=56bede4d-db5a-43f7-a72a-ad210340bea2
2020-06-23 00:54:14,731 [ForkJoinPool.commonPool-worker-1] INFO  impl.RoleInfo (RoleInfo.java:shutdownLeaderState(104)) - 56bede4d-db5a-43f7-a72a-ad210340bea2: shutdown LeaderState
2020-06-23 00:54:14,732 [ForkJoinPool.commonPool-worker-1] INFO  impl.PendingRequests (PendingRequests.java:sendNotLeaderResponses(249)) - 56bede4d-db5a-43f7-a72a-ad210340bea2@group-E13C97F4CAC6-PendingRequests: sendNotLeaderResponses
2020-06-23 00:54:14,731 [7547e213-9149-4a92-9829-cadc9d981393@group-A3CF4F4F47CE-StateMachineUpdater] INFO  impl.StateMachineUpdater (StateMachineUpdater.java:takeSnapshot(277)) - 7547e213-9149-4a92-9829-cadc9d981393@group-A3CF4F4F47CE-StateMachineUpdater: Took a snapshot at index 0
2020-06-23 00:54:14,732 [7547e213-9149-4a92-9829-cadc9d981393@group-A3CF4F4F47CE-StateMachineUpdater] INFO  impl.StateMachineUpdater (StateMachineUpdater.java:lambda$new$0(87)) - 7547e213-9149-4a92-9829-cadc9d981393@group-A3CF4F4F47CE-StateMachineUpdater: snapshotIndex: updateIncreasingly -1 -> 0
2020-06-23 00:54:14,732 [ForkJoinPool.commonPool-worker-1] INFO  metrics.RatisMetrics (RatisMetrics.java:unregister(43)) - Unregistering Metrics Registry : ratis.log_appender.56bede4d-db5a-43f7-a72a-ad210340bea2@group-E13C97F4CAC6
2020-06-23 00:54:14,732 [7547e213-9149-4a92-9829-cadc9d981393@group-A3CF4F4F47CE-StateMachineUpdater] INFO  metrics.RatisMetrics (RatisMetrics.java:unregister(43)) - Unregistering Metrics Registry : ratis.state_machine.7547e213-9149-4a92-9829-cadc9d981393@group-A3CF4F4F47CE
2020-06-23 00:54:14,732 [ForkJoinPool.commonPool-worker-1] INFO  metrics.RatisMetrics (RatisMetrics.java:unregister(43)) - Unregistering Metrics Registry : ratis.server.56bede4d-db5a-43f7-a72a-ad210340bea2@group-E13C97F4CAC6
2020-06-23 00:54:14,732 [Listener at 127.0.0.1/10500] INFO  impl.RaftServerImpl (ServerState.java:close(387)) - 7547e213-9149-4a92-9829-cadc9d981393@group-A3CF4F4F47CE: closes. applyIndex: 0
2020-06-23 00:54:14,733 [7547e213-9149-4a92-9829-cadc9d981393@group-A3CF4F4F47CE-SegmentedRaftLogWorker] INFO  segmented.SegmentedRaftLogWorker (SegmentedRaftLogWorker.java:run(327)) - 7547e213-9149-4a92-9829-cadc9d981393@group-A3CF4F4F47CE-SegmentedRaftLogWorker was interrupted, exiting. There are 0 tasks remaining in the queue.
2020-06-23 00:54:14,734 [Listener at 127.0.0.1/10500] INFO  segmented.SegmentedRaftLogWorker (SegmentedRaftLogWorker.java:close(234)) - 7547e213-9149-4a92-9829-cadc9d981393@group-A3CF4F4F47CE-SegmentedRaftLogWorker close()
2020-06-23 00:54:14,735 [Listener at 127.0.0.1/10500] INFO  metrics.RatisMetrics (RatisMetrics.java:unregister(43)) - Unregistering Metrics Registry : ratis.log_worker.7547e213-9149-4a92-9829-cadc9d981393@group-A3CF4F4F47CE
2020-06-23 00:54:14,735 [Listener at 127.0.0.1/10500] INFO  metrics.RatisMetrics (RatisMetrics.java:unregister(43)) - Unregistering Metrics Registry : ratis.leader_election.7547e213-9149-4a92-9829-cadc9d981393@group-A3CF4F4F47CE
2020-06-23 00:54:14,735 [Listener at 127.0.0.1/10500] INFO  metrics.RatisMetrics (RatisMetrics.java:unregister(43)) - Unregistering Metrics Registry : ratis.server.7547e213-9149-4a92-9829-cadc9d981393@group-A3CF4F4F47CE
2020-06-23 00:54:14,735 [Listener at 127.0.0.1/10500] INFO  impl.RaftServerImpl (RaftServerImpl.java:lambda$shutdown$3(252)) - 7547e213-9149-4a92-9829-cadc9d981393@group-A93D650C4EFD: shutdown
2020-06-23 00:54:14,735 [Listener at 127.0.0.1/10500] INFO  util.JmxRegister (JmxRegister.java:unregister(73)) - Successfully un-registered JMX Bean with object name Ratis:service=RaftServer,group=group-A93D650C4EFD,id=7547e213-9149-4a92-9829-cadc9d981393
2020-06-23 00:54:14,735 [Listener at 127.0.0.1/10500] INFO  impl.RoleInfo (RoleInfo.java:shutdownLeaderState(104)) - 7547e213-9149-4a92-9829-cadc9d981393: shutdown LeaderState
2020-06-23 00:54:14,735 [Listener at 127.0.0.1/10500] INFO  impl.PendingRequests (PendingRequests.java:sendNotLeaderResponses(249)) - 7547e213-9149-4a92-9829-cadc9d981393@group-A93D650C4EFD-PendingRequests: sendNotLeaderResponses
2020-06-23 00:54:14,736 [ForkJoinPool.commonPool-worker-1] INFO  impl.StateMachineUpdater (StateMachineUpdater.java:stopAndJoin(142)) - 56bede4d-db5a-43f7-a72a-ad210340bea2@group-E13C97F4CAC6-StateMachineUpdater: set stopIndex = 0
2020-06-23 00:54:14,736 [56bede4d-db5a-43f7-a72a-ad210340bea2@group-E13C97F4CAC6-StateMachineUpdater] INFO  ratis.ContainerStateMachine (ContainerStateMachine.java:takeSnapshot(288)) - group-E13C97F4CAC6: Taking a snapshot at:(t:1, i:0) file /github/workspace/mnt/ozone/hadoop-ozone/integration-test/target/test-dir/MiniOzoneClusterImpl-f92917fd-56ab-4efb-8d16-f1477a8498e7/datanode-0/data/ratis/7a000cba-6fbd-4e60-8cfe-e13c97f4cac6/sm/snapshot.1_0
2020-06-23 00:54:14,736 [Listener at 127.0.0.1/10500] INFO  metrics.RatisMetrics (RatisMetrics.java:unregister(43)) - Unregistering Metrics Registry : ratis.log_appender.7547e213-9149-4a92-9829-cadc9d981393@group-A93D650C4EFD
2020-06-23 00:54:14,736 [Listener at 127.0.0.1/10500] INFO  metrics.RatisMetrics (RatisMetrics.java:unregister(43)) - Unregistering Metrics Registry : ratis.server.7547e213-9149-4a92-9829-cadc9d981393@group-A93D650C4EFD
2020-06-23 00:54:14,737 [56bede4d-db5a-43f7-a72a-ad210340bea2@group-E13C97F4CAC6-StateMachineUpdater] INFO  ratis.ContainerStateMachine (ContainerStateMachine.java:takeSnapshot(299)) - group-E13C97F4CAC6: Finished taking a snapshot at:(t:1, i:0) file:/github/workspace/mnt/ozone/hadoop-ozone/integration-test/target/test-dir/MiniOzoneClusterImpl-f92917fd-56ab-4efb-8d16-f1477a8498e7/datanode-0/data/ratis/7a000cba-6fbd-4e60-8cfe-e13c97f4cac6/sm/snapshot.1_0 time:1
2020-06-23 00:54:14,737 [56bede4d-db5a-43f7-a72a-ad210340bea2@group-E13C97F4CAC6-StateMachineUpdater] INFO  impl.StateMachineUpdater (StateMachineUpdater.java:takeSnapshot(277)) - 56bede4d-db5a-43f7-a72a-ad210340bea2@group-E13C97F4CAC6-StateMachineUpdater: Took a snapshot at index 0
2020-06-23 00:54:14,737 [56bede4d-db5a-43f7-a72a-ad210340bea2@group-E13C97F4CAC6-StateMachineUpdater] INFO  impl.StateMachineUpdater (StateMachineUpdater.java:lambda$new$0(87)) - 56bede4d-db5a-43f7-a72a-ad210340bea2@group-E13C97F4CAC6-StateMachineUpdater: snapshotIndex: updateIncreasingly -1 -> 0
2020-06-23 00:54:14,737 [56bede4d-db5a-43f7-a72a-ad210340bea2@group-E13C97F4CAC6-StateMachineUpdater] INFO  metrics.RatisMetrics (RatisMetrics.java:unregister(43)) - Unregistering Metrics Registry : ratis.state_machine.56bede4d-db5a-43f7-a72a-ad210340bea2@group-E13C97F4CAC6
2020-06-23 00:54:14,738 [ForkJoinPool.commonPool-worker-1] INFO  impl.RaftServerImpl (ServerState.java:close(387)) - 56bede4d-db5a-43f7-a72a-ad210340bea2@group-E13C97F4CAC6: closes. applyIndex: 0
2020-06-23 00:54:14,738 [56bede4d-db5a-43f7-a72a-ad210340bea2@group-E13C97F4CAC6-SegmentedRaftLogWorker] INFO  segmented.SegmentedRaftLogWorker (SegmentedRaftLogWorker.java:run(327)) - 56bede4d-db5a-43f7-a72a-ad210340bea2@group-E13C97F4CAC6-SegmentedRaftLogWorker was interrupted, exiting. There are 0 tasks remaining in the queue.
2020-06-23 00:54:14,738 [7547e213-9149-4a92-9829-cadc9d981393@group-A93D650C4EFD-StateMachineUpdater] INFO  ratis.ContainerStateMachine (ContainerStateMachine.java:takeSnapshot(288)) - group-A93D650C4EFD: Taking a snapshot at:(t:1, i:0) file /github/workspace/mnt/ozone/hadoop-ozone/integration-test/target/test-dir/MiniOzoneClusterImpl-f92917fd-56ab-4efb-8d16-f1477a8498e7/datanode-1/data/ratis/a5db8de6-794a-4b33-9212-a93d650c4efd/sm/snapshot.1_0
2020-06-23 00:54:14,739 [7547e213-9149-4a92-9829-cadc9d981393@group-A93D650C4EFD-StateMachineUpdater] INFO  ratis.ContainerStateMachine (ContainerStateMachine.java:takeSnapshot(299)) - group-A93D650C4EFD: Finished taking a snapshot at:(t:1, i:0) file:/github/workspace/mnt/ozone/hadoop-ozone/integration-test/target/test-dir/MiniOzoneClusterImpl-f92917fd-56ab-4efb-8d16-f1477a8498e7/datanode-1/data/ratis/a5db8de6-794a-4b33-9212-a93d650c4efd/sm/snapshot.1_0 time:0
2020-06-23 00:54:14,739 [ForkJoinPool.commonPool-worker-1] INFO  segmented.SegmentedRaftLogWorker (SegmentedRaftLogWorker.java:close(234)) - 56bede4d-db5a-43f7-a72a-ad210340bea2@group-E13C97F4CAC6-SegmentedRaftLogWorker close()
2020-06-23 00:54:14,739 [7547e213-9149-4a92-9829-cadc9d981393@group-A93D650C4EFD-StateMachineUpdater] INFO  impl.StateMachineUpdater (StateMachineUpdater.java:takeSnapshot(277)) - 7547e213-9149-4a92-9829-cadc9d981393@group-A93D650C4EFD-StateMachineUpdater: Took a snapshot at index 0
2020-06-23 00:54:14,742 [7547e213-9149-4a92-9829-cadc9d981393@group-A93D650C4EFD-StateMachineUpdater] INFO  impl.StateMachineUpdater (StateMachineUpdater.java:lambda$new$0(87)) - 7547e213-9149-4a92-9829-cadc9d981393@group-A93D650C4EFD-StateMachineUpdater: snapshotIndex: updateIncreasingly -1 -> 0
2020-06-23 00:54:14,742 [7547e213-9149-4a92-9829-cadc9d981393@group-A93D650C4EFD-StateMachineUpdater] INFO  metrics.RatisMetrics (RatisMetrics.java:unregister(43)) - Unregistering Metrics Registry : ratis.state_machine.7547e213-9149-4a92-9829-cadc9d981393@group-A93D650C4EFD
2020-06-23 00:54:14,740 [Listener at 127.0.0.1/10500] INFO  impl.StateMachineUpdater (StateMachineUpdater.java:stopAndJoin(142)) - 7547e213-9149-4a92-9829-cadc9d981393@group-A93D650C4EFD-StateMachineUpdater: set stopIndex = 0
2020-06-23 00:54:14,742 [Listener at 127.0.0.1/10500] INFO  impl.RaftServerImpl (ServerState.java:close(387)) - 7547e213-9149-4a92-9829-cadc9d981393@group-A93D650C4EFD: closes. applyIndex: 0
2020-06-23 00:54:14,742 [ForkJoinPool.commonPool-worker-1] INFO  metrics.RatisMetrics (RatisMetrics.java:unregister(43)) - Unregistering Metrics Registry : ratis.log_worker.56bede4d-db5a-43f7-a72a-ad210340bea2@group-E13C97F4CAC6
2020-06-23 00:54:14,742 [7547e213-9149-4a92-9829-cadc9d981393@group-A93D650C4EFD-SegmentedRaftLogWorker] INFO  segmented.SegmentedRaftLogWorker (SegmentedRaftLogWorker.java:run(327)) - 7547e213-9149-4a92-9829-cadc9d981393@group-A93D650C4EFD-SegmentedRaftLogWorker was interrupted, exiting. There are 0 tasks remaining in the queue.
2020-06-23 00:54:14,742 [ForkJoinPool.commonPool-worker-1] INFO  metrics.RatisMetrics (RatisMetrics.java:unregister(43)) - Unregistering Metrics Registry : ratis.leader_election.56bede4d-db5a-43f7-a72a-ad210340bea2@group-E13C97F4CAC6
2020-06-23 00:54:14,743 [ForkJoinPool.commonPool-worker-1] INFO  metrics.RatisMetrics (RatisMetrics.java:unregister(43)) - Unregistering Metrics Registry : ratis.server.56bede4d-db5a-43f7-a72a-ad210340bea2@group-E13C97F4CAC6
2020-06-23 00:54:14,743 [ForkJoinPool.commonPool-worker-1] INFO  impl.RaftServerImpl (RaftServerImpl.java:lambda$shutdown$3(252)) - 56bede4d-db5a-43f7-a72a-ad210340bea2@group-A3CF4F4F47CE: shutdown
2020-06-23 00:54:14,743 [ForkJoinPool.commonPool-worker-1] INFO  util.JmxRegister (JmxRegister.java:unregister(73)) - Successfully un-registered JMX Bean with object name Ratis:service=RaftServer,group=group-A3CF4F4F47CE,id=56bede4d-db5a-43f7-a72a-ad210340bea2
2020-06-23 00:54:14,743 [ForkJoinPool.commonPool-worker-1] INFO  impl.RoleInfo (RoleInfo.java:shutdownLeaderState(104)) - 56bede4d-db5a-43f7-a72a-ad210340bea2: shutdown LeaderState
2020-06-23 00:54:14,747 [ForkJoinPool.commonPool-worker-1] INFO  metrics.RatisMetrics (RatisMetrics.java:unregister(43)) - Unregistering Metrics Registry : ratis_grpc.log_appender.56bede4d-db5a-43f7-a72a-ad210340bea2@group-A3CF4F4F47CE
2020-06-23 00:54:14,748 [Listener at 127.0.0.1/10500] INFO  segmented.SegmentedRaftLogWorker (SegmentedRaftLogWorker.java:close(234)) - 7547e213-9149-4a92-9829-cadc9d981393@group-A93D650C4EFD-SegmentedRaftLogWorker close()
2020-06-23 00:54:14,748 [org.apache.ratis.server.impl.LogAppender$AppenderDaemon$$Lambda$336/241851659@6b5fa303] WARN  server.GrpcLogAppender (GrpcLogAppender.java:mayWait(153)) - 56bede4d-db5a-43f7-a72a-ad210340bea2@group-A3CF4F4F47CE->7547e213-9149-4a92-9829-cadc9d981393-GrpcLogAppender: Wait interrupted by java.lang.InterruptedException
2020-06-23 00:54:14,748 [grpc-default-executor-5] INFO  server.GrpcServerProtocolService (GrpcServerProtocolService.java:onCompleted(138)) - 7547e213-9149-4a92-9829-cadc9d981393: Completed APPEND_ENTRIES, lastRequest: 56bede4d-db5a-43f7-a72a-ad210340bea2->7547e213-9149-4a92-9829-cadc9d981393#1-t1, previous=(t:0, i:0), leaderCommit=-1, initializing? false, entries: size=1, first=(t:1, i:0), CONFIGURATIONENTRY
2020-06-23 00:54:14,749 [grpc-default-executor-5] INFO  server.GrpcLogAppender (GrpcLogAppender.java:onCompleted(319)) - 56bede4d-db5a-43f7-a72a-ad210340bea2@group-A3CF4F4F47CE->7547e213-9149-4a92-9829-cadc9d981393-AppendLogResponseHandler: follower responses appendEntries COMPLETED
2020-06-23 00:54:14,749 [ForkJoinPool.commonPool-worker-1] INFO  metrics.RatisMetrics (RatisMetrics.java:unregister(43)) - Unregistering Metrics Registry : ratis_grpc.log_appender.56bede4d-db5a-43f7-a72a-ad210340bea2@group-A3CF4F4F47CE
2020-06-23 00:54:14,749 [grpc-default-executor-5] INFO  impl.FollowerInfo (FollowerInfo.java:lambda$new$0(51)) - 56bede4d-db5a-43f7-a72a-ad210340bea2@group-A3CF4F4F47CE->7547e213-9149-4a92-9829-cadc9d981393: nextIndex: updateUnconditionally 1 -> 0
2020-06-23 00:54:14,751 [ForkJoinPool.commonPool-worker-1] INFO  impl.PendingRequests (PendingRequests.java:sendNotLeaderResponses(249)) - 56bede4d-db5a-43f7-a72a-ad210340bea2@group-A3CF4F4F47CE-PendingRequests: sendNotLeaderResponses
2020-06-23 00:54:14,751 [org.apache.ratis.server.impl.LogAppender$AppenderDaemon$$Lambda$336/241851659@1ca4ff8c] WARN  server.GrpcLogAppender (GrpcLogAppender.java:mayWait(153)) - 56bede4d-db5a-43f7-a72a-ad210340bea2@group-A3CF4F4F47CE->2e41215c-8520-439a-b0d0-78bebb885bfb-GrpcLogAppender: Wait interrupted by java.lang.InterruptedException
2020-06-23 00:54:14,751 [Listener at 127.0.0.1/10500] INFO  metrics.RatisMetrics (RatisMetrics.java:unregister(43)) - Unregistering Metrics Registry : ratis.log_worker.7547e213-9149-4a92-9829-cadc9d981393@group-A93D650C4EFD
2020-06-23 00:54:14,751 [Listener at 127.0.0.1/10500] INFO  metrics.RatisMetrics (RatisMetrics.java:unregister(43)) - Unregistering Metrics Registry : ratis.leader_election.7547e213-9149-4a92-9829-cadc9d981393@group-A93D650C4EFD
2020-06-23 00:54:14,752 [Listener at 127.0.0.1/10500] INFO  metrics.RatisMetrics (RatisMetrics.java:unregister(43)) - Unregistering Metrics Registry : ratis.server.7547e213-9149-4a92-9829-cadc9d981393@group-A93D650C4EFD
2020-06-23 00:54:14,752 [Listener at 127.0.0.1/10500] INFO  server.GrpcService (GrpcService.java:closeImpl(166)) - 7547e213-9149-4a92-9829-cadc9d981393: shutdown server with port 46277 now
2020-06-23 00:54:14,751 [ForkJoinPool.commonPool-worker-1] INFO  metrics.RatisMetrics (RatisMetrics.java:unregister(43)) - Unregistering Metrics Registry : ratis.log_appender.56bede4d-db5a-43f7-a72a-ad210340bea2@group-A3CF4F4F47CE
2020-06-23 00:54:14,751 [grpc-default-executor-5] INFO  server.GrpcServerProtocolService (GrpcServerProtocolService.java:onCompleted(138)) - 2e41215c-8520-439a-b0d0-78bebb885bfb: Completed APPEND_ENTRIES, lastRequest: 56bede4d-db5a-43f7-a72a-ad210340bea2->2e41215c-8520-439a-b0d0-78bebb885bfb#1-t1, previous=(t:0, i:0), leaderCommit=0, initializing? false, entries: size=1, first=(t:1, i:0), CONFIGURATIONENTRY
2020-06-23 00:54:14,753 [Listener at 127.0.0.1/10500] INFO  server.GrpcService (GrpcService.java:closeImpl(174)) - 7547e213-9149-4a92-9829-cadc9d981393: shutdown server with port 46277 successfully
2020-06-23 00:54:14,753 [grpc-default-executor-1] INFO  server.GrpcLogAppender (GrpcLogAppender.java:onCompleted(319)) - 56bede4d-db5a-43f7-a72a-ad210340bea2@group-A3CF4F4F47CE->2e41215c-8520-439a-b0d0-78bebb885bfb-AppendLogResponseHandler: follower responses appendEntries COMPLETED
2020-06-23 00:54:14,752 [ForkJoinPool.commonPool-worker-1] INFO  metrics.RatisMetrics (RatisMetrics.java:unregister(43)) - Unregistering Metrics Registry : ratis.server.56bede4d-db5a-43f7-a72a-ad210340bea2@group-A3CF4F4F47CE
2020-06-23 00:54:14,754 [grpc-default-executor-1] INFO  impl.FollowerInfo (FollowerInfo.java:lambda$new$0(51)) - 56bede4d-db5a-43f7-a72a-ad210340bea2@group-A3CF4F4F47CE->2e41215c-8520-439a-b0d0-78bebb885bfb: nextIndex: updateUnconditionally 1 -> 0
2020-06-23 00:54:14,754 [ForkJoinPool.commonPool-worker-1] INFO  impl.StateMachineUpdater (StateMachineUpdater.java:stopAndJoin(142)) - 56bede4d-db5a-43f7-a72a-ad210340bea2@group-A3CF4F4F47CE-StateMachineUpdater: set stopIndex = 0
2020-06-23 00:54:14,755 [56bede4d-db5a-43f7-a72a-ad210340bea2@group-A3CF4F4F47CE-StateMachineUpdater] INFO  ratis.ContainerStateMachine (ContainerStateMachine.java:takeSnapshot(288)) - group-A3CF4F4F47CE: Taking a snapshot at:(t:1, i:0) file /github/workspace/mnt/ozone/hadoop-ozone/integration-test/target/test-dir/MiniOzoneClusterImpl-f92917fd-56ab-4efb-8d16-f1477a8498e7/datanode-0/data/ratis/eb4083b8-a49f-4903-add2-a3cf4f4f47ce/sm/snapshot.1_0
2020-06-23 00:54:14,755 [Listener at 127.0.0.1/10500] INFO  utils.BackgroundService (BackgroundService.java:shutdown(157)) - Shutting down service BlockDeletingService
2020-06-23 00:54:14,756 [56bede4d-db5a-43f7-a72a-ad210340bea2@group-A3CF4F4F47CE-StateMachineUpdater] INFO  ratis.ContainerStateMachine (ContainerStateMachine.java:takeSnapshot(299)) - group-A3CF4F4F47CE: Finished taking a snapshot at:(t:1, i:0) file:/github/workspace/mnt/ozone/hadoop-ozone/integration-test/target/test-dir/MiniOzoneClusterImpl-f92917fd-56ab-4efb-8d16-f1477a8498e7/datanode-0/data/ratis/eb4083b8-a49f-4903-add2-a3cf4f4f47ce/sm/snapshot.1_0 time:1
2020-06-23 00:54:14,757 [Listener at 127.0.0.1/10500] INFO  statemachine.DatanodeStateMachine (DatanodeStateMachine.java:stopDaemon(428)) - Ozone container server stopped.
2020-06-23 00:54:14,758 [56bede4d-db5a-43f7-a72a-ad210340bea2@group-A3CF4F4F47CE-StateMachineUpdater] INFO  impl.StateMachineUpdater (StateMachineUpdater.java:takeSnapshot(277)) - 56bede4d-db5a-43f7-a72a-ad210340bea2@group-A3CF4F4F47CE-StateMachineUpdater: Took a snapshot at index 0
2020-06-23 00:54:14,758 [56bede4d-db5a-43f7-a72a-ad210340bea2@group-A3CF4F4F47CE-StateMachineUpdater] INFO  impl.StateMachineUpdater (StateMachineUpdater.java:lambda$new$0(87)) - 56bede4d-db5a-43f7-a72a-ad210340bea2@group-A3CF4F4F47CE-StateMachineUpdater: snapshotIndex: updateIncreasingly -1 -> 0
2020-06-23 00:54:14,758 [Listener at 127.0.0.1/10500] INFO  handler.ContextHandler (ContextHandler.java:doStop(1016)) - Stopped o.e.j.w.WebAppContext@5b31443c{hddsDatanode,/,null,UNAVAILABLE}{jar:file:/home/user/.m2/repository/org/apache/hadoop/hadoop-hdds-container-service/0.6.0-SNAPSHOT/hadoop-hdds-container-service-0.6.0-SNAPSHOT.jar!/webapps/hddsDatanode}
2020-06-23 00:54:14,758 [56bede4d-db5a-43f7-a72a-ad210340bea2@group-A3CF4F4F47CE-StateMachineUpdater] INFO  metrics.RatisMetrics (RatisMetrics.java:unregister(43)) - Unregistering Metrics Registry : ratis.state_machine.56bede4d-db5a-43f7-a72a-ad210340bea2@group-A3CF4F4F47CE
2020-06-23 00:54:14,758 [Listener at 127.0.0.1/10500] INFO  server.AbstractConnector (AbstractConnector.java:doStop(380)) - Stopped ServerConnector@2769b7da{HTTP/1.1,[http/1.1]}{0.0.0.0:0}
2020-06-23 00:54:14,759 [Listener at 127.0.0.1/10500] INFO  server.session (HouseKeeper.java:stopScavenging(158)) - node0 Stopped scavenging
2020-06-23 00:54:14,759 [ForkJoinPool.commonPool-worker-1] INFO  impl.RaftServerImpl (ServerState.java:close(387)) - 56bede4d-db5a-43f7-a72a-ad210340bea2@group-A3CF4F4F47CE: closes. applyIndex: 0
2020-06-23 00:54:14,759 [56bede4d-db5a-43f7-a72a-ad210340bea2@group-A3CF4F4F47CE-SegmentedRaftLogWorker] INFO  segmented.SegmentedRaftLogWorker (SegmentedRaftLogWorker.java:run(327)) - 56bede4d-db5a-43f7-a72a-ad210340bea2@group-A3CF4F4F47CE-SegmentedRaftLogWorker was interrupted, exiting. There are 0 tasks remaining in the queue.
2020-06-23 00:54:14,759 [Listener at 127.0.0.1/10500] INFO  handler.ContextHandler (ContextHandler.java:doStop(1016)) - Stopped o.e.j.s.ServletContextHandler@606aa360{static,/static,jar:file:/home/user/.m2/repository/org/apache/hadoop/hadoop-hdds-container-service/0.6.0-SNAPSHOT/hadoop-hdds-container-service-0.6.0-SNAPSHOT.jar!/webapps/static,UNAVAILABLE}
2020-06-23 00:54:14,760 [Listener at 127.0.0.1/10500] INFO  handler.ContextHandler (ContextHandler.java:doStop(1016)) - Stopped o.e.j.s.ServletContextHandler@29ab6b52{logs,/logs,file:///github/workspace/mnt/ozone/hadoop-ozone/integration-test/target/log,UNAVAILABLE}
2020-06-23 00:54:14,761 [ForkJoinPool.commonPool-worker-1] INFO  segmented.SegmentedRaftLogWorker (SegmentedRaftLogWorker.java:close(234)) - 56bede4d-db5a-43f7-a72a-ad210340bea2@group-A3CF4F4F47CE-SegmentedRaftLogWorker close()
2020-06-23 00:54:14,762 [ForkJoinPool.commonPool-worker-1] INFO  metrics.RatisMetrics (RatisMetrics.java:unregister(43)) - Unregistering Metrics Registry : ratis.log_worker.56bede4d-db5a-43f7-a72a-ad210340bea2@group-A3CF4F4F47CE
2020-06-23 00:54:14,762 [ForkJoinPool.commonPool-worker-1] INFO  metrics.RatisMetrics (RatisMetrics.java:unregister(43)) - Unregistering Metrics Registry : ratis.leader_election.56bede4d-db5a-43f7-a72a-ad210340bea2@group-A3CF4F4F47CE
2020-06-23 00:54:14,762 [ForkJoinPool.commonPool-worker-1] INFO  metrics.RatisMetrics (RatisMetrics.java:unregister(43)) - Unregistering Metrics Registry : ratis.server.56bede4d-db5a-43f7-a72a-ad210340bea2@group-A3CF4F4F47CE
2020-06-23 00:54:14,762 [ForkJoinPool.commonPool-worker-1] INFO  server.GrpcService (GrpcService.java:closeImpl(166)) - 56bede4d-db5a-43f7-a72a-ad210340bea2: shutdown server with port 45017 now
2020-06-23 00:54:14,762 [ForkJoinPool.commonPool-worker-1] INFO  server.GrpcService (GrpcService.java:closeImpl(174)) - 56bede4d-db5a-43f7-a72a-ad210340bea2: shutdown server with port 45017 successfully
2020-06-23 00:54:14,763 [ForkJoinPool.commonPool-worker-1] INFO  utils.BackgroundService (BackgroundService.java:shutdown(157)) - Shutting down service BlockDeletingService
2020-06-23 00:54:14,768 [ForkJoinPool.commonPool-worker-1] INFO  statemachine.DatanodeStateMachine (DatanodeStateMachine.java:stopDaemon(428)) - Ozone container server stopped.
2020-06-23 00:54:14,770 [ForkJoinPool.commonPool-worker-1] INFO  handler.ContextHandler (ContextHandler.java:doStop(1016)) - Stopped o.e.j.w.WebAppContext@5d3dcac6{hddsDatanode,/,null,UNAVAILABLE}{jar:file:/home/user/.m2/repository/org/apache/hadoop/hadoop-hdds-container-service/0.6.0-SNAPSHOT/hadoop-hdds-container-service-0.6.0-SNAPSHOT.jar!/webapps/hddsDatanode}
2020-06-23 00:54:14,771 [ForkJoinPool.commonPool-worker-1] INFO  server.AbstractConnector (AbstractConnector.java:doStop(380)) - Stopped ServerConnector@3eddef01{HTTP/1.1,[http/1.1]}{0.0.0.0:0}
2020-06-23 00:54:14,771 [ForkJoinPool.commonPool-worker-1] INFO  server.session (HouseKeeper.java:stopScavenging(158)) - node0 Stopped scavenging
2020-06-23 00:54:14,772 [ForkJoinPool.commonPool-worker-1] INFO  handler.ContextHandler (ContextHandler.java:doStop(1016)) - Stopped o.e.j.s.ServletContextHandler@324b8e3b{static,/static,jar:file:/home/user/.m2/repository/org/apache/hadoop/hadoop-hdds-container-service/0.6.0-SNAPSHOT/hadoop-hdds-container-service-0.6.0-SNAPSHOT.jar!/webapps/static,UNAVAILABLE}
2020-06-23 00:54:14,773 [ForkJoinPool.commonPool-worker-1] INFO  handler.ContextHandler (ContextHandler.java:doStop(1016)) - Stopped o.e.j.s.ServletContextHandler@3dda94f7{logs,/logs,file:///github/workspace/mnt/ozone/hadoop-ozone/integration-test/target/log,UNAVAILABLE}
2020-06-23 00:54:14,790 [Datanode State Machine Thread - 0] INFO  statemachine.DatanodeStateMachine (DatanodeStateMachine.java:lambda$startDaemon$0(380)) - Ozone container server started.
2020-06-23 00:54:19,762 [Listener at 127.0.0.1/10500] INFO  ozoneimpl.OzoneContainer (OzoneContainer.java:stop(246)) - Attempting to stop container services.
2020-06-23 00:54:19,763 [Listener at 127.0.0.1/10500] INFO  impl.RaftServerProxy (RaftServerProxy.java:lambda$close$4(319)) - 2e41215c-8520-439a-b0d0-78bebb885bfb: close
2020-06-23 00:54:19,763 [Listener at 127.0.0.1/10500] INFO  impl.RaftServerImpl (RaftServerImpl.java:lambda$shutdown$3(252)) - 2e41215c-8520-439a-b0d0-78bebb885bfb@group-A3CF4F4F47CE: shutdown
2020-06-23 00:54:19,763 [Listener at 127.0.0.1/10500] INFO  util.JmxRegister (JmxRegister.java:unregister(73)) - Successfully un-registered JMX Bean with object name Ratis:service=RaftServer,group=group-A3CF4F4F47CE,id=2e41215c-8520-439a-b0d0-78bebb885bfb
2020-06-23 00:54:19,764 [Listener at 127.0.0.1/10500] INFO  impl.RoleInfo (RoleInfo.java:shutdownFollowerState(121)) - 2e41215c-8520-439a-b0d0-78bebb885bfb: shutdown FollowerState
2020-06-23 00:54:19,764 [Listener at 127.0.0.1/10500] INFO  impl.StateMachineUpdater (StateMachineUpdater.java:stopAndJoin(142)) - 2e41215c-8520-439a-b0d0-78bebb885bfb@group-A3CF4F4F47CE-StateMachineUpdater: set stopIndex = 0
2020-06-23 00:54:19,765 [2e41215c-8520-439a-b0d0-78bebb885bfb@group-A3CF4F4F47CE-StateMachineUpdater] INFO  ratis.ContainerStateMachine (ContainerStateMachine.java:takeSnapshot(288)) - group-A3CF4F4F47CE: Taking a snapshot at:(t:1, i:0) file /github/workspace/mnt/ozone/hadoop-ozone/integration-test/target/test-dir/MiniOzoneClusterImpl-f92917fd-56ab-4efb-8d16-f1477a8498e7/datanode-2/data/ratis/eb4083b8-a49f-4903-add2-a3cf4f4f47ce/sm/snapshot.1_0
2020-06-23 00:54:19,764 [Thread-2567] INFO  impl.FollowerState (FollowerState.java:run(117)) - 2e41215c-8520-439a-b0d0-78bebb885bfb@group-A3CF4F4F47CE-FollowerState was interrupted: java.lang.InterruptedException: sleep interrupted
2020-06-23 00:54:19,766 [2e41215c-8520-439a-b0d0-78bebb885bfb@group-A3CF4F4F47CE-StateMachineUpdater] INFO  ratis.ContainerStateMachine (ContainerStateMachine.java:takeSnapshot(299)) - group-A3CF4F4F47CE: Finished taking a snapshot at:(t:1, i:0) file:/github/workspace/mnt/ozone/hadoop-ozone/integration-test/target/test-dir/MiniOzoneClusterImpl-f92917fd-56ab-4efb-8d16-f1477a8498e7/datanode-2/data/ratis/eb4083b8-a49f-4903-add2-a3cf4f4f47ce/sm/snapshot.1_0 time:1
2020-06-23 00:54:19,766 [2e41215c-8520-439a-b0d0-78bebb885bfb@group-A3CF4F4F47CE-StateMachineUpdater] INFO  impl.StateMachineUpdater (StateMachineUpdater.java:takeSnapshot(277)) - 2e41215c-8520-439a-b0d0-78bebb885bfb@group-A3CF4F4F47CE-StateMachineUpdater: Took a snapshot at index 0
2020-06-23 00:54:19,766 [2e41215c-8520-439a-b0d0-78bebb885bfb@group-A3CF4F4F47CE-StateMachineUpdater] INFO  impl.StateMachineUpdater (StateMachineUpdater.java:lambda$new$0(87)) - 2e41215c-8520-439a-b0d0-78bebb885bfb@group-A3CF4F4F47CE-StateMachineUpdater: snapshotIndex: updateIncreasingly -1 -> 0
2020-06-23 00:54:19,766 [2e41215c-8520-439a-b0d0-78bebb885bfb@group-A3CF4F4F47CE-StateMachineUpdater] INFO  metrics.RatisMetrics (RatisMetrics.java:unregister(43)) - Unregistering Metrics Registry : ratis.state_machine.2e41215c-8520-439a-b0d0-78bebb885bfb@group-A3CF4F4F47CE
2020-06-23 00:54:19,766 [Listener at 127.0.0.1/10500] INFO  impl.RaftServerImpl (ServerState.java:close(387)) - 2e41215c-8520-439a-b0d0-78bebb885bfb@group-A3CF4F4F47CE: closes. applyIndex: 0
2020-06-23 00:54:19,767 [2e41215c-8520-439a-b0d0-78bebb885bfb@group-A3CF4F4F47CE-SegmentedRaftLogWorker] INFO  segmented.SegmentedRaftLogWorker (SegmentedRaftLogWorker.java:run(327)) - 2e41215c-8520-439a-b0d0-78bebb885bfb@group-A3CF4F4F47CE-SegmentedRaftLogWorker was interrupted, exiting. There are 0 tasks remaining in the queue.
2020-06-23 00:54:19,767 [Listener at 127.0.0.1/10500] INFO  segmented.SegmentedRaftLogWorker (SegmentedRaftLogWorker.java:close(234)) - 2e41215c-8520-439a-b0d0-78bebb885bfb@group-A3CF4F4F47CE-SegmentedRaftLogWorker close()
2020-06-23 00:54:19,768 [Listener at 127.0.0.1/10500] INFO  metrics.RatisMetrics (RatisMetrics.java:unregister(43)) - Unregistering Metrics Registry : ratis.log_worker.2e41215c-8520-439a-b0d0-78bebb885bfb@group-A3CF4F4F47CE
2020-06-23 00:54:19,769 [Listener at 127.0.0.1/10500] INFO  metrics.RatisMetrics (RatisMetrics.java:unregister(43)) - Unregistering Metrics Registry : ratis.leader_election.2e41215c-8520-439a-b0d0-78bebb885bfb@group-A3CF4F4F47CE
2020-06-23 00:54:19,769 [Listener at 127.0.0.1/10500] INFO  metrics.RatisMetrics (RatisMetrics.java:unregister(43)) - Unregistering Metrics Registry : ratis.server.2e41215c-8520-439a-b0d0-78bebb885bfb@group-A3CF4F4F47CE
2020-06-23 00:54:19,769 [Listener at 127.0.0.1/10500] INFO  impl.RaftServerImpl (RaftServerImpl.java:lambda$shutdown$3(252)) - 2e41215c-8520-439a-b0d0-78bebb885bfb@group-EAC400B73B2D: shutdown
2020-06-23 00:54:19,769 [Listener at 127.0.0.1/10500] INFO  util.JmxRegister (JmxRegister.java:unregister(73)) - Successfully un-registered JMX Bean with object name Ratis:service=RaftServer,group=group-EAC400B73B2D,id=2e41215c-8520-439a-b0d0-78bebb885bfb
2020-06-23 00:54:19,769 [Listener at 127.0.0.1/10500] INFO  impl.RoleInfo (RoleInfo.java:shutdownLeaderState(104)) - 2e41215c-8520-439a-b0d0-78bebb885bfb: shutdown LeaderState
2020-06-23 00:54:19,769 [Listener at 127.0.0.1/10500] INFO  impl.PendingRequests (PendingRequests.java:sendNotLeaderResponses(249)) - 2e41215c-8520-439a-b0d0-78bebb885bfb@group-EAC400B73B2D-PendingRequests: sendNotLeaderResponses
2020-06-23 00:54:19,769 [Listener at 127.0.0.1/10500] INFO  metrics.RatisMetrics (RatisMetrics.java:unregister(43)) - Unregistering Metrics Registry : ratis.log_appender.2e41215c-8520-439a-b0d0-78bebb885bfb@group-EAC400B73B2D
2020-06-23 00:54:19,770 [Listener at 127.0.0.1/10500] INFO  metrics.RatisMetrics (RatisMetrics.java:unregister(43)) - Unregistering Metrics Registry : ratis.server.2e41215c-8520-439a-b0d0-78bebb885bfb@group-EAC400B73B2D
2020-06-23 00:54:19,771 [Listener at 127.0.0.1/10500] INFO  impl.StateMachineUpdater (StateMachineUpdater.java:stopAndJoin(142)) - 2e41215c-8520-439a-b0d0-78bebb885bfb@group-EAC400B73B2D-StateMachineUpdater: set stopIndex = 0
2020-06-23 00:54:19,771 [2e41215c-8520-439a-b0d0-78bebb885bfb@group-EAC400B73B2D-StateMachineUpdater] INFO  ratis.ContainerStateMachine (ContainerStateMachine.java:takeSnapshot(288)) - group-EAC400B73B2D: Taking a snapshot at:(t:1, i:0) file /github/workspace/mnt/ozone/hadoop-ozone/integration-test/target/test-dir/MiniOzoneClusterImpl-f92917fd-56ab-4efb-8d16-f1477a8498e7/datanode-2/data/ratis/b4c70398-d29d-4dad-8ac9-eac400b73b2d/sm/snapshot.1_0
2020-06-23 00:54:19,772 [2e41215c-8520-439a-b0d0-78bebb885bfb@group-EAC400B73B2D-StateMachineUpdater] INFO  ratis.ContainerStateMachine (ContainerStateMachine.java:takeSnapshot(299)) - group-EAC400B73B2D: Finished taking a snapshot at:(t:1, i:0) file:/github/workspace/mnt/ozone/hadoop-ozone/integration-test/target/test-dir/MiniOzoneClusterImpl-f92917fd-56ab-4efb-8d16-f1477a8498e7/datanode-2/data/ratis/b4c70398-d29d-4dad-8ac9-eac400b73b2d/sm/snapshot.1_0 time:1
2020-06-23 00:54:19,772 [2e41215c-8520-439a-b0d0-78bebb885bfb@group-EAC400B73B2D-StateMachineUpdater] INFO  impl.StateMachineUpdater (StateMachineUpdater.java:takeSnapshot(277)) - 2e41215c-8520-439a-b0d0-78bebb885bfb@group-EAC400B73B2D-StateMachineUpdater: Took a snapshot at index 0
2020-06-23 00:54:19,772 [2e41215c-8520-439a-b0d0-78bebb885bfb@group-EAC400B73B2D-StateMachineUpdater] INFO  impl.StateMachineUpdater (StateMachineUpdater.java:lambda$new$0(87)) - 2e41215c-8520-439a-b0d0-78bebb885bfb@group-EAC400B73B2D-StateMachineUpdater: snapshotIndex: updateIncreasingly -1 -> 0
2020-06-23 00:54:19,772 [2e41215c-8520-439a-b0d0-78bebb885bfb@group-EAC400B73B2D-StateMachineUpdater] INFO  metrics.RatisMetrics (RatisMetrics.java:unregister(43)) - Unregistering Metrics Registry : ratis.state_machine.2e41215c-8520-439a-b0d0-78bebb885bfb@group-EAC400B73B2D
2020-06-23 00:54:19,772 [Listener at 127.0.0.1/10500] INFO  impl.RaftServerImpl (ServerState.java:close(387)) - 2e41215c-8520-439a-b0d0-78bebb885bfb@group-EAC400B73B2D: closes. applyIndex: 0
2020-06-23 00:54:19,772 [2e41215c-8520-439a-b0d0-78bebb885bfb@group-EAC400B73B2D-SegmentedRaftLogWorker] INFO  segmented.SegmentedRaftLogWorker (SegmentedRaftLogWorker.java:run(327)) - 2e41215c-8520-439a-b0d0-78bebb885bfb@group-EAC400B73B2D-SegmentedRaftLogWorker was interrupted, exiting. There are 0 tasks remaining in the queue.
2020-06-23 00:54:19,773 [Listener at 127.0.0.1/10500] INFO  segmented.SegmentedRaftLogWorker (SegmentedRaftLogWorker.java:close(234)) - 2e41215c-8520-439a-b0d0-78bebb885bfb@group-EAC400B73B2D-SegmentedRaftLogWorker close()
2020-06-23 00:54:19,773 [Listener at 127.0.0.1/10500] INFO  metrics.RatisMetrics (RatisMetrics.java:unregister(43)) - Unregistering Metrics Registry : ratis.log_worker.2e41215c-8520-439a-b0d0-78bebb885bfb@group-EAC400B73B2D
2020-06-23 00:54:19,774 [Listener at 127.0.0.1/10500] INFO  metrics.RatisMetrics (RatisMetrics.java:unregister(43)) - Unregistering Metrics Registry : ratis.leader_election.2e41215c-8520-439a-b0d0-78bebb885bfb@group-EAC400B73B2D
2020-06-23 00:54:19,774 [Listener at 127.0.0.1/10500] INFO  metrics.RatisMetrics (RatisMetrics.java:unregister(43)) - Unregistering Metrics Registry : ratis.server.2e41215c-8520-439a-b0d0-78bebb885bfb@group-EAC400B73B2D
2020-06-23 00:54:19,774 [Listener at 127.0.0.1/10500] INFO  server.GrpcService (GrpcService.java:closeImpl(166)) - 2e41215c-8520-439a-b0d0-78bebb885bfb: shutdown server with port 43419 now
2020-06-23 00:54:19,775 [Listener at 127.0.0.1/10500] INFO  server.GrpcService (GrpcService.java:closeImpl(174)) - 2e41215c-8520-439a-b0d0-78bebb885bfb: shutdown server with port 43419 successfully
2020-06-23 00:54:19,777 [Listener at 127.0.0.1/10500] INFO  utils.BackgroundService (BackgroundService.java:shutdown(157)) - Shutting down service BlockDeletingService
2020-06-23 00:54:19,779 [Listener at 127.0.0.1/10500] INFO  statemachine.DatanodeStateMachine (DatanodeStateMachine.java:stopDaemon(428)) - Ozone container server stopped.
2020-06-23 00:54:19,779 [Listener at 127.0.0.1/10500] INFO  handler.ContextHandler (ContextHandler.java:doStop(1016)) - Stopped o.e.j.w.WebAppContext@a6f75c9{hddsDatanode,/,null,UNAVAILABLE}{jar:file:/home/user/.m2/repository/org/apache/hadoop/hadoop-hdds-container-service/0.6.0-SNAPSHOT/hadoop-hdds-container-service-0.6.0-SNAPSHOT.jar!/webapps/hddsDatanode}
2020-06-23 00:54:19,780 [Listener at 127.0.0.1/10500] INFO  server.AbstractConnector (AbstractConnector.java:doStop(380)) - Stopped ServerConnector@10761a95{HTTP/1.1,[http/1.1]}{0.0.0.0:0}
2020-06-23 00:54:19,780 [Listener at 127.0.0.1/10500] INFO  server.session (HouseKeeper.java:stopScavenging(158)) - node0 Stopped scavenging
2020-06-23 00:54:19,780 [Listener at 127.0.0.1/10500] INFO  handler.ContextHandler (ContextHandler.java:doStop(1016)) - Stopped o.e.j.s.ServletContextHandler@9a16914{static,/static,jar:file:/home/user/.m2/repository/org/apache/hadoop/hadoop-hdds-container-service/0.6.0-SNAPSHOT/hadoop-hdds-container-service-0.6.0-SNAPSHOT.jar!/webapps/static,UNAVAILABLE}
2020-06-23 00:54:19,780 [Listener at 127.0.0.1/10500] INFO  handler.ContextHandler (ContextHandler.java:doStop(1016)) - Stopped o.e.j.s.ServletContextHandler@90186f2{logs,/logs,file:///github/workspace/mnt/ozone/hadoop-ozone/integration-test/target/log,UNAVAILABLE}
2020-06-23 00:54:19,781 [Listener at 127.0.0.1/10500] INFO  ozone.MiniOzoneClusterImpl (MiniOzoneClusterImpl.java:stopSCM(476)) - Stopping the StorageContainerManager
2020-06-23 00:54:19,781 [Listener at 127.0.0.1/10500] INFO  server.StorageContainerManager (StorageContainerManager.java:stop(825)) - Stopping Replication Manager Service.
2020-06-23 00:54:19,781 [Listener at 127.0.0.1/10500] INFO  container.ReplicationManager (ReplicationManager.java:stop(217)) - Stopping Replication Monitor Thread.
2020-06-23 00:54:19,781 [Listener at 127.0.0.1/10500] INFO  server.StorageContainerManager (StorageContainerManager.java:stop(832)) - Stopping Lease Manager of the command watchers
2020-06-23 00:54:19,781 [Listener at 127.0.0.1/10500] INFO  server.StorageContainerManager (StorageContainerManager.java:stop(839)) - Stopping datanode service RPC server
2020-06-23 00:54:19,781 [CommandWatcher-LeaseManager#LeaseMonitor] ERROR lease.LeaseManager (LeaseManager.java:run(238)) - Execution was interrupted 
java.lang.InterruptedException: sleep interrupted
	at java.lang.Thread.sleep(Native Method)
	at org.apache.hadoop.ozone.lease.LeaseManager$LeaseMonitor.run(LeaseManager.java:234)
	at java.lang.Thread.run(Thread.java:748)
2020-06-23 00:54:19,781 [Listener at 127.0.0.1/10500] INFO  server.SCMDatanodeProtocolServer (SCMDatanodeProtocolServer.java:stop(361)) - Stopping the RPC server for DataNodes
2020-06-23 00:54:19,782 [Listener at 127.0.0.1/10500] INFO  ipc.Server (Server.java:stop(3359)) - Stopping server on 43151
2020-06-23 00:54:19,784 [IPC Server listener on 0] INFO  ipc.Server (Server.java:run(1330)) - Stopping IPC Server listener on 0
2020-06-23 00:54:19,784 [IPC Server Responder] INFO  ipc.Server (Server.java:run(1465)) - Stopping IPC Server Responder
2020-06-23 00:54:19,860 [SCM Heartbeat Processing Thread - 0] WARN  node.NodeStateManager (NodeStateManager.java:scheduleNextHealthCheck(661)) - Current Thread is interrupted, shutting down HB processing thread for Node Manager.
2020-06-23 00:54:19,861 [Listener at 127.0.0.1/10500] INFO  server.StorageContainerManager (StorageContainerManager.java:stop(847)) - Stopping block service RPC server
2020-06-23 00:54:19,861 [Listener at 127.0.0.1/10500] INFO  server.SCMBlockProtocolServer (SCMBlockProtocolServer.java:stop(158)) - Stopping the RPC server for Block Protocol
2020-06-23 00:54:19,861 [Listener at 127.0.0.1/10500] INFO  ipc.Server (Server.java:stop(3359)) - Stopping server on 35939
2020-06-23 00:54:19,864 [IPC Server Responder] INFO  ipc.Server (Server.java:run(1465)) - Stopping IPC Server Responder
2020-06-23 00:54:19,864 [Listener at 127.0.0.1/10500] INFO  server.StorageContainerManager (StorageContainerManager.java:stop(854)) - Stopping the StorageContainerLocationProtocol RPC server
2020-06-23 00:54:19,864 [Listener at 127.0.0.1/10500] INFO  server.SCMClientProtocolServer (SCMClientProtocolServer.java:stop(165)) - Stopping the RPC server for Client Protocol
2020-06-23 00:54:19,864 [Listener at 127.0.0.1/10500] INFO  ipc.Server (Server.java:stop(3359)) - Stopping server on 41219
2020-06-23 00:54:19,865 [IPC Server listener on 0] INFO  ipc.Server (Server.java:run(1330)) - Stopping IPC Server listener on 0
2020-06-23 00:54:19,864 [IPC Server listener on 0] INFO  ipc.Server (Server.java:run(1330)) - Stopping IPC Server listener on 0
2020-06-23 00:54:19,866 [IPC Server Responder] INFO  ipc.Server (Server.java:run(1465)) - Stopping IPC Server Responder
2020-06-23 00:54:19,866 [Listener at 127.0.0.1/10500] INFO  server.StorageContainerManager (StorageContainerManager.java:stop(861)) - Stopping Storage Container Manager HTTP server.
2020-06-23 00:54:19,867 [Listener at 127.0.0.1/10500] INFO  handler.ContextHandler (ContextHandler.java:doStop(1016)) - Stopped o.e.j.w.WebAppContext@3f7e5d35{scm,/,null,UNAVAILABLE}{file:/github/workspace/mnt/ozone/hadoop-ozone/integration-test/target/test-classes/webapps/scm}
2020-06-23 00:54:19,868 [Listener at 127.0.0.1/10500] INFO  server.AbstractConnector (AbstractConnector.java:doStop(380)) - Stopped ServerConnector@166d7717{HTTP/1.1,[http/1.1]}{0.0.0.0:0}
2020-06-23 00:54:19,868 [Listener at 127.0.0.1/10500] INFO  server.session (HouseKeeper.java:stopScavenging(158)) - node0 Stopped scavenging
2020-06-23 00:54:19,868 [Listener at 127.0.0.1/10500] INFO  handler.ContextHandler (ContextHandler.java:doStop(1016)) - Stopped o.e.j.s.ServletContextHandler@35631755{static,/static,file:///github/workspace/mnt/ozone/hadoop-ozone/integration-test/target/test-classes/webapps/static,UNAVAILABLE}
2020-06-23 00:54:19,868 [Listener at 127.0.0.1/10500] INFO  handler.ContextHandler (ContextHandler.java:doStop(1016)) - Stopped o.e.j.s.ServletContextHandler@11bf9a20{logs,/logs,file:///github/workspace/mnt/ozone/hadoop-ozone/integration-test/target/log,UNAVAILABLE}
2020-06-23 00:54:19,869 [Listener at 127.0.0.1/10500] INFO  server.StorageContainerManager (StorageContainerManager.java:stop(872)) - Stopping Block Manager Service.
2020-06-23 00:54:19,869 [Listener at 127.0.0.1/10500] INFO  utils.BackgroundService (BackgroundService.java:shutdown(157)) - Shutting down service SCMBlockDeletingService
2020-06-23 00:54:19,869 [Listener at 127.0.0.1/10500] INFO  utils.BackgroundService (BackgroundService.java:shutdown(157)) - Shutting down service SCMBlockDeletingService
2020-06-23 00:54:19,870 [Listener at 127.0.0.1/10500] INFO  server.StorageContainerManager (StorageContainerManager.java:stop(897)) - Stopping SCM Event Queue.
2020-06-23 00:54:19,872 [Listener at 127.0.0.1/10500] INFO  impl.MetricsSystemImpl (MetricsSystemImpl.java:stop(210)) - Stopping HddsDatanode metrics system...
2020-06-23 00:54:19,877 [Listener at 127.0.0.1/10500] INFO  impl.MetricsSystemImpl (MetricsSystemImpl.java:stop(216)) - HddsDatanode metrics system stopped.
]]></system-out>
    <system-err><![CDATA[Jun 23, 2020 12:53:39 AM org.apache.ratis.thirdparty.io.grpc.internal.ManagedChannelOrphanWrapper$ManagedChannelReference cleanQueue
SEVERE: *~*~*~ Channel ManagedChannelImpl{logId=498, target=172.17.0.2:45085} was not shutdown properly!!! ~*~*~*
    Make sure to call shutdown()/shutdownNow() and wait until awaitTermination() returns true.
java.lang.RuntimeException: ManagedChannel allocation site
	at org.apache.ratis.thirdparty.io.grpc.internal.ManagedChannelOrphanWrapper$ManagedChannelReference.<init>(ManagedChannelOrphanWrapper.java:94)
	at org.apache.ratis.thirdparty.io.grpc.internal.ManagedChannelOrphanWrapper.<init>(ManagedChannelOrphanWrapper.java:52)
	at org.apache.ratis.thirdparty.io.grpc.internal.ManagedChannelOrphanWrapper.<init>(ManagedChannelOrphanWrapper.java:43)
	at org.apache.ratis.thirdparty.io.grpc.internal.AbstractManagedChannelImplBuilder.build(AbstractManagedChannelImplBuilder.java:518)
	at org.apache.hadoop.hdds.scm.XceiverClientGrpc.connectToDatanode(XceiverClientGrpc.java:193)
	at org.apache.hadoop.hdds.scm.XceiverClientGrpc.connect(XceiverClientGrpc.java:142)
	at org.apache.hadoop.hdds.scm.XceiverClientManager$2.call(XceiverClientManager.java:246)
	at org.apache.hadoop.hdds.scm.XceiverClientManager$2.call(XceiverClientManager.java:230)
	at com.google.common.cache.LocalCache$LocalManualCache$1.load(LocalCache.java:4876)
	at com.google.common.cache.LocalCache$LoadingValueReference.loadFuture(LocalCache.java:3529)
	at com.google.common.cache.LocalCache$Segment.loadSync(LocalCache.java:2278)
	at com.google.common.cache.LocalCache$Segment.lockedGetOrLoad(LocalCache.java:2155)
	at com.google.common.cache.LocalCache$Segment.get(LocalCache.java:2045)
	at com.google.common.cache.LocalCache.get(LocalCache.java:3951)
	at com.google.common.cache.LocalCache$LocalManualCache.get(LocalCache.java:4871)
	at org.apache.hadoop.hdds.scm.XceiverClientManager.getClient(XceiverClientManager.java:230)
	at org.apache.hadoop.hdds.scm.XceiverClientManager.acquireClient(XceiverClientManager.java:176)
	at org.apache.hadoop.hdds.scm.XceiverClientManager.acquireClient(XceiverClientManager.java:150)
	at org.apache.hadoop.hdds.scm.storage.BlockOutputStream.<init>(BlockOutputStream.java:149)
	at org.apache.hadoop.ozone.client.io.BlockOutputStreamEntry.checkStream(BlockOutputStreamEntry.java:116)
	at org.apache.hadoop.ozone.client.io.BlockOutputStreamEntry.write(BlockOutputStreamEntry.java:134)
	at org.apache.hadoop.ozone.client.io.KeyOutputStream.writeToOutputStream(KeyOutputStream.java:242)
	at org.apache.hadoop.ozone.client.io.KeyOutputStream.handleWrite(KeyOutputStream.java:220)
	at org.apache.hadoop.ozone.client.io.KeyOutputStream.write(KeyOutputStream.java:200)
	at org.apache.hadoop.ozone.client.io.OzoneOutputStream.write(OzoneOutputStream.java:49)
	at org.apache.hadoop.ozone.om.TestOzoneManagerHAWithData.createKeyTest(TestOzoneManagerHAWithData.java:386)
	at org.apache.hadoop.ozone.om.TestOzoneManagerHAWithData.testAllOMNodesRunning(TestOzoneManagerHAWithData.java:68)
	at sun.reflect.NativeMethodAccessorImpl.invoke0(Native Method)
	at sun.reflect.NativeMethodAccessorImpl.invoke(NativeMethodAccessorImpl.java:62)
	at sun.reflect.DelegatingMethodAccessorImpl.invoke(DelegatingMethodAccessorImpl.java:43)
	at java.lang.reflect.Method.invoke(Method.java:498)
	at org.junit.runners.model.FrameworkMethod$1.runReflectiveCall(FrameworkMethod.java:47)
	at org.junit.internal.runners.model.ReflectiveCallable.run(ReflectiveCallable.java:12)
	at org.junit.runners.model.FrameworkMethod.invokeExplosively(FrameworkMethod.java:44)
	at org.junit.internal.runners.statements.InvokeMethod.evaluate(InvokeMethod.java:17)
	at org.junit.internal.runners.statements.RunBefores.evaluate(RunBefores.java:26)
	at org.junit.internal.runners.statements.RunAfters.evaluate(RunAfters.java:27)
	at org.junit.rules.ExpectedException$ExpectedExceptionStatement.evaluate(ExpectedException.java:168)
	at org.junit.internal.runners.statements.FailOnTimeout$StatementThread.run(FailOnTimeout.java:74)

]]></system-err>
  </testcase>
  <testcase name="testListParts" classname="org.apache.hadoop.ozone.om.TestOzoneManagerHAWithData" time="33.361"/>
  <testcase name="testFileOperationsWithNonRecursive" classname="org.apache.hadoop.ozone.om.TestOzoneManagerHAWithData" time="23.416"/>
  <testcase name="testOneOMNodeDown" classname="org.apache.hadoop.ozone.om.TestOzoneManagerHAWithData" time="28.178"/>
  <testcase name="testTwoOMNodesDown" classname="org.apache.hadoop.ozone.om.TestOzoneManagerHAWithData" time="0">
    <skipped message="This test is failing randomly. It will be enabled after fixing it."/>
  </testcase>
  <testcase name="testOMRestart" classname="org.apache.hadoop.ozone.om.TestOzoneManagerHAWithData" time="29.776"/>
</testsuite>