<?xml version="1.0" encoding="UTF-8"?>
<testsuite xmlns:xsi="http://www.w3.org/2001/XMLSchema-instance" xsi:noNamespaceSchemaLocation="https://maven.apache.org/surefire/maven-surefire-plugin/xsd/surefire-test-report-3.0.xsd" version="3.0" name="org.apache.hadoop.ozone.TestSecureOzoneCluster" time="140.137" tests="16" errors="0" skipped="2" failures="1">
  <properties>
    <property name="awt.toolkit" value="sun.awt.X11.XToolkit"/>
    <property name="file.encoding.pkg" value="sun.io"/>
    <property name="java.specification.version" value="1.8"/>
    <property name="sun.cpu.isalist" value=""/>
    <property name="sun.jnu.encoding" value="UTF-8"/>
    <property name="java.class.path" value="/home/runner/work/ozone/ozone/hadoop-ozone/integration-test/target/test-classes:/home/runner/work/ozone/ozone/hadoop-ozone/integration-test/target/classes:/home/runner/.m2/repository/org/apache/ozone/ozone-common/1.4.0-SNAPSHOT/ozone-common-1.4.0-SNAPSHOT.jar:/home/runner/.m2/repository/io/grpc/grpc-netty/1.51.1/grpc-netty-1.51.1.jar:/home/runner/.m2/repository/io/grpc/grpc-core/1.51.1/grpc-core-1.51.1.jar:/home/runner/.m2/repository/com/google/android/annotations/4.1.1.4/annotations-4.1.1.4.jar:/home/runner/.m2/repository/org/codehaus/mojo/animal-sniffer-annotations/1.21/animal-sniffer-annotations-1.21.jar:/home/runner/.m2/repository/com/google/errorprone/error_prone_annotations/2.2.0/error_prone_annotations-2.2.0.jar:/home/runner/.m2/repository/io/perfmark/perfmark-api/0.25.0/perfmark-api-0.25.0.jar:/home/runner/.m2/repository/io/netty/netty-codec-http2/4.1.94.Final/netty-codec-http2-4.1.94.Final.jar:/home/runner/.m2/repository/io/netty/netty-common/4.1.94.Final/netty-common-4.1.94.Final.jar:/home/runner/.m2/repository/io/netty/netty-buffer/4.1.94.Final/netty-buffer-4.1.94.Final.jar:/home/runner/.m2/repository/io/netty/netty-codec-http/4.1.94.Final/netty-codec-http-4.1.94.Final.jar:/home/runner/.m2/repository/io/netty/netty-handler-proxy/4.1.94.Final/netty-handler-proxy-4.1.94.Final.jar:/home/runner/.m2/repository/io/netty/netty-codec-socks/4.1.94.Final/netty-codec-socks-4.1.94.Final.jar:/home/runner/.m2/repository/io/netty/netty-tcnative-boringssl-static/2.0.61.Final/netty-tcnative-boringssl-static-2.0.61.Final.jar:/home/runner/.m2/repository/io/netty/netty-tcnative-classes/2.0.61.Final/netty-tcnative-classes-2.0.61.Final.jar:/home/runner/.m2/repository/io/netty/netty-tcnative-boringssl-static/2.0.61.Final/netty-tcnative-boringssl-static-2.0.61.Final-linux-x86_64.jar:/home/runner/.m2/repository/io/netty/netty-tcnative-boringssl-static/2.0.61.Final/netty-tcnative-boringssl-static-2.0.61.Final-linux-aarch_64.jar:/home/runner/.m2/repository/io/netty/netty-tcnative-boringssl-static/2.0.61.Final/netty-tcnative-boringssl-static-2.0.61.Final-osx-x86_64.jar:/home/runner/.m2/repository/io/netty/netty-tcnative-boringssl-static/2.0.61.Final/netty-tcnative-boringssl-static-2.0.61.Final-osx-aarch_64.jar:/home/runner/.m2/repository/io/netty/netty-tcnative-boringssl-static/2.0.61.Final/netty-tcnative-boringssl-static-2.0.61.Final-windows-x86_64.jar:/home/runner/.m2/repository/org/apache/commons/commons-compress/1.21/commons-compress-1.21.jar:/home/runner/.m2/repository/org/apache/ozone/hdds-common/1.4.0-SNAPSHOT/hdds-common-1.4.0-SNAPSHOT.jar:/home/runner/.m2/repository/org/apache/ozone/hdds-client/1.4.0-SNAPSHOT/hdds-client-1.4.0-SNAPSHOT.jar:/home/runner/.m2/repository/org/apache/ozone/ozone-interface-client/1.4.0-SNAPSHOT/ozone-interface-client-1.4.0-SNAPSHOT.jar:/home/runner/.m2/repository/org/apache/hadoop/hadoop-hdfs-client/3.3.6/hadoop-hdfs-client-3.3.6.jar:/home/runner/.m2/repository/com/squareup/okhttp3/okhttp/4.9.3/okhttp-4.9.3.jar:/home/runner/.m2/repository/com/squareup/okio/okio/3.4.0/okio-3.4.0.jar:/home/runner/.m2/repository/com/squareup/okio/okio-jvm/3.4.0/okio-jvm-3.4.0.jar:/home/runner/.m2/repository/org/jetbrains/kotlin/kotlin-stdlib-jdk8/1.8.0/kotlin-stdlib-jdk8-1.8.0.jar:/home/runner/.m2/repository/org/jetbrains/kotlin/kotlin-stdlib-jdk7/1.8.0/kotlin-stdlib-jdk7-1.8.0.jar:/home/runner/.m2/repository/org/jetbrains/kotlin/kotlin-stdlib-common/1.6.21/kotlin-stdlib-common-1.6.21.jar:/home/runner/.m2/repository/org/apache/ozone/hdds-test-utils/1.4.0-SNAPSHOT/hdds-test-utils-1.4.0-SNAPSHOT.jar:/home/runner/.m2/repository/com/google/guava/guava/32.0.0-jre/guava-32.0.0-jre.jar:/home/runner/.m2/repository/com/google/guava/failureaccess/1.0.1/failureaccess-1.0.1.jar:/home/runner/.m2/repository/com/google/guava/listenablefuture/9999.0-empty-to-avoid-conflict-with-guava/listenablefuture-9999.0-empty-to-avoid-conflict-with-guava.jar:/home/runner/.m2/repository/com/google/code/findbugs/jsr305/3.0.0/jsr305-3.0.0.jar:/home/runner/.m2/repository/org/checkerframework/checker-qual/3.33.0/checker-qual-3.33.0.jar:/home/runner/.m2/repository/com/google/j2objc/j2objc-annotations/2.8/j2objc-annotations-2.8.jar:/home/runner/.m2/repository/commons-io/commons-io/2.11.0/commons-io-2.11.0.jar:/home/runner/.m2/repository/commons-logging/commons-logging/1.2/commons-logging-1.2.jar:/home/runner/.m2/repository/ch/qos/reload4j/reload4j/1.2.22/reload4j-1.2.22.jar:/home/runner/.m2/repository/org/slf4j/slf4j-api/1.7.36/slf4j-api-1.7.36.jar:/home/runner/.m2/repository/org/apache/logging/log4j/log4j-api/2.17.1/log4j-api-2.17.1.jar:/home/runner/.m2/repository/org/apache/ozone/hdds-server-scm/1.4.0-SNAPSHOT/hdds-server-scm-1.4.0-SNAPSHOT.jar:/home/runner/.m2/repository/org/apache/ozone/hdds-container-service/1.4.0-SNAPSHOT/hdds-container-service-1.4.0-SNAPSHOT.jar:/home/runner/.m2/repository/org/apache/ozone/hdds-hadoop-dependency-server/1.4.0-SNAPSHOT/hdds-hadoop-dependency-server-1.4.0-SNAPSHOT.jar:/home/runner/.m2/repository/org/apache/hadoop/hadoop-hdfs/3.3.6/hadoop-hdfs-3.3.6.jar:/home/runner/.m2/repository/commons-daemon/commons-daemon/1.0.13/commons-daemon-1.0.13.jar:/home/runner/.m2/repository/org/apache/ozone/hdds-server-framework/1.4.0-SNAPSHOT/hdds-server-framework-1.4.0-SNAPSHOT.jar:/home/runner/.m2/repository/io/dropwizard/metrics/metrics-core/3.2.4/metrics-core-3.2.4.jar:/home/runner/.m2/repository/org/apache/commons/commons-text/1.10.0/commons-text-1.10.0.jar:/home/runner/.m2/repository/org/bouncycastle/bcprov-jdk15on/1.67/bcprov-jdk15on-1.67.jar:/home/runner/.m2/repository/com/google/protobuf/protobuf-java/2.5.0/protobuf-java-2.5.0.jar:/home/runner/.m2/repository/org/apache/ozone/hdds-server-framework/1.4.0-SNAPSHOT/hdds-server-framework-1.4.0-SNAPSHOT-tests.jar:/home/runner/.m2/repository/org/apache/ozone/hdds-interface-server/1.4.0-SNAPSHOT/hdds-interface-server-1.4.0-SNAPSHOT.jar:/home/runner/.m2/repository/org/apache/ozone/hdds-interface-admin/1.4.0-SNAPSHOT/hdds-interface-admin-1.4.0-SNAPSHOT.jar:/home/runner/.m2/repository/org/apache/ozone/hdds-managed-rocksdb/1.4.0-SNAPSHOT/hdds-managed-rocksdb-1.4.0-SNAPSHOT.jar:/home/runner/.m2/repository/org/rocksdb/rocksdbjni/7.7.3/rocksdbjni-7.7.3.jar:/home/runner/.m2/repository/org/slf4j/slf4j-reload4j/1.7.36/slf4j-reload4j-1.7.36.jar:/home/runner/.m2/repository/org/apache/commons/commons-configuration2/2.1.1/commons-configuration2-2.1.1.jar:/home/runner/.m2/repository/commons-fileupload/commons-fileupload/1.5/commons-fileupload-1.5.jar:/home/runner/.m2/repository/org/apache/logging/log4j/log4j-core/2.17.1/log4j-core-2.17.1.jar:/home/runner/.m2/repository/com/lmax/disruptor/3.4.2/disruptor-3.4.2.jar:/home/runner/.m2/repository/org/eclipse/jetty/jetty-util/9.4.51.v20230217/jetty-util-9.4.51.v20230217.jar:/home/runner/.m2/repository/org/eclipse/jetty/jetty-server/9.4.51.v20230217/jetty-server-9.4.51.v20230217.jar:/home/runner/.m2/repository/org/eclipse/jetty/jetty-http/9.4.51.v20230217/jetty-http-9.4.51.v20230217.jar:/home/runner/.m2/repository/org/eclipse/jetty/jetty-io/9.4.51.v20230217/jetty-io-9.4.51.v20230217.jar:/home/runner/.m2/repository/org/eclipse/jetty/jetty-servlet/9.4.51.v20230217/jetty-servlet-9.4.51.v20230217.jar:/home/runner/.m2/repository/org/eclipse/jetty/jetty-security/9.4.51.v20230217/jetty-security-9.4.51.v20230217.jar:/home/runner/.m2/repository/org/eclipse/jetty/jetty-util-ajax/9.4.51.v20230217/jetty-util-ajax-9.4.51.v20230217.jar:/home/runner/.m2/repository/org/eclipse/jetty/jetty-webapp/9.4.51.v20230217/jetty-webapp-9.4.51.v20230217.jar:/home/runner/.m2/repository/org/eclipse/jetty/jetty-xml/9.4.51.v20230217/jetty-xml-9.4.51.v20230217.jar:/home/runner/.m2/repository/org/apache/ratis/ratis-server/2.5.1/ratis-server-2.5.1.jar:/home/runner/.m2/repository/org/apache/ratis/ratis-thirdparty-misc/1.0.4/ratis-thirdparty-misc-1.0.4.jar:/home/runner/.m2/repository/org/apache/ratis/ratis-proto/2.5.1/ratis-proto-2.5.1.jar:/home/runner/.m2/repository/org/apache/ratis/ratis-common/2.5.1/ratis-common-2.5.1.jar:/home/runner/.m2/repository/org/apache/ratis/ratis-client/2.5.1/ratis-client-2.5.1.jar:/home/runner/.m2/repository/org/apache/ratis/ratis-server-api/2.5.1/ratis-server-api-2.5.1.jar:/home/runner/.m2/repository/org/apache/ratis/ratis-metrics/2.5.1/ratis-metrics-2.5.1.jar:/home/runner/.m2/repository/io/prometheus/simpleclient_dropwizard/0.7.0/simpleclient_dropwizard-0.7.0.jar:/home/runner/.m2/repository/io/prometheus/simpleclient/0.7.0/simpleclient-0.7.0.jar:/home/runner/.m2/repository/io/prometheus/simpleclient_common/0.7.0/simpleclient_common-0.7.0.jar:/home/runner/.m2/repository/com/fasterxml/jackson/datatype/jackson-datatype-jsr310/2.13.4/jackson-datatype-jsr310-2.13.4.jar:/home/runner/.m2/repository/com/fasterxml/jackson/core/jackson-core/2.13.4/jackson-core-2.13.4.jar:/home/runner/.m2/repository/com/github/spotbugs/spotbugs-annotations/3.1.12/spotbugs-annotations-3.1.12.jar:/home/runner/.m2/repository/org/apache/ozone/rocksdb-checkpoint-differ/1.4.0-SNAPSHOT/rocksdb-checkpoint-differ-1.4.0-SNAPSHOT.jar:/home/runner/.m2/repository/org/jgrapht/jgrapht-core/1.0.1/jgrapht-core-1.0.1.jar:/home/runner/.m2/repository/org/jgrapht/jgrapht-ext/1.0.1/jgrapht-ext-1.0.1.jar:/home/runner/.m2/repository/org/tinyjee/jgraphx/jgraphx/2.0.0.1/jgraphx-2.0.0.1.jar:/home/runner/.m2/repository/jgraph/jgraph/5.13.0.0/jgraph-5.13.0.0.jar:/home/runner/.m2/repository/org/antlr/antlr4-runtime/4.5.3/antlr4-runtime-4.5.3.jar:/home/runner/.m2/repository/org/awaitility/awaitility/4.2.0/awaitility-4.2.0.jar:/home/runner/.m2/repository/org/hamcrest/hamcrest/2.1/hamcrest-2.1.jar:/home/runner/.m2/repository/org/apache/ozone/ozone-manager/1.4.0-SNAPSHOT/ozone-manager-1.4.0-SNAPSHOT.jar:/home/runner/.m2/repository/org/aspectj/aspectjrt/1.9.7/aspectjrt-1.9.7.jar:/home/runner/.m2/repository/org/aspectj/aspectjweaver/1.9.7/aspectjweaver-1.9.7.jar:/home/runner/.m2/repository/org/apache/ozone/hdds-interface-client/1.4.0-SNAPSHOT/hdds-interface-client-1.4.0-SNAPSHOT.jar:/home/runner/.m2/repository/org/apache/hadoop/thirdparty/hadoop-shaded-protobuf_3_7/1.1.1/hadoop-shaded-protobuf_3_7-1.1.1.jar:/home/runner/.m2/repository/org/apache/ozone/ozone-interface-storage/1.4.0-SNAPSHOT/ozone-interface-storage-1.4.0-SNAPSHOT.jar:/home/runner/.m2/repository/org/reflections/reflections/0.9.11/reflections-0.9.11.jar:/home/runner/.m2/repository/com/sun/jersey/jersey-client/1.19/jersey-client-1.19.jar:/home/runner/.m2/repository/org/codehaus/jackson/jackson-core-asl/1.9.13/jackson-core-asl-1.9.13.jar:/home/runner/.m2/repository/org/codehaus/jackson/jackson-mapper-asl/1.9.13/jackson-mapper-asl-1.9.13.jar:/home/runner/.m2/repository/org/codehaus/jackson/jackson-jaxrs/1.9.13/jackson-jaxrs-1.9.13.jar:/home/runner/.m2/repository/org/apache/ranger/ranger-intg/2.3.0/ranger-intg-2.3.0.jar:/home/runner/.m2/repository/org/apache/ranger/ranger-plugins-common/2.3.0/ranger-plugins-common-2.3.0.jar:/home/runner/.m2/repository/commons-lang/commons-lang/2.6/commons-lang-2.6.jar:/home/runner/.m2/repository/org/apache/ranger/ranger-plugins-cred/2.3.0/ranger-plugins-cred-2.3.0.jar:/home/runner/.m2/repository/org/apache/ranger/ranger-plugins-audit/2.3.0/ranger-plugins-audit-2.3.0.jar:/home/runner/.m2/repository/org/eclipse/jetty/jetty-client/9.4.51.v20230217/jetty-client-9.4.51.v20230217.jar:/home/runner/.m2/repository/org/apache/httpcomponents/httpmime/4.5.6/httpmime-4.5.6.jar:/home/runner/.m2/repository/org/apache/httpcomponents/httpcore-nio/4.4.13/httpcore-nio-4.4.13.jar:/home/runner/.m2/repository/org/apache/httpcomponents/httpasyncclient/4.1.3/httpasyncclient-4.1.3.jar:/home/runner/.m2/repository/com/carrotsearch/hppc/0.8.0/hppc-0.8.0.jar:/home/runner/.m2/repository/org/apache/orc/orc-core/1.5.8/orc-core-1.5.8.jar:/home/runner/.m2/repository/net/java/dev/jna/jna/5.2.0/jna-5.2.0.jar:/home/runner/.m2/repository/net/java/dev/jna/jna-platform/5.2.0/jna-platform-5.2.0.jar:/home/runner/.m2/repository/com/kstruct/gethostname4j/0.0.2/gethostname4j-0.0.2.jar:/home/runner/.m2/repository/org/apache/ranger/ranger-plugin-classloader/2.3.0/ranger-plugin-classloader-2.3.0.jar:/home/runner/.m2/repository/org/apache/ozone/hdds-rocks-native/1.4.0-SNAPSHOT/hdds-rocks-native-1.4.0-SNAPSHOT.jar:/home/runner/.m2/repository/org/apache/hadoop/hadoop-minikdc/3.3.6/hadoop-minikdc-3.3.6.jar:/home/runner/.m2/repository/org/apache/kerby/kerb-simplekdc/1.0.1/kerb-simplekdc-1.0.1.jar:/home/runner/.m2/repository/org/apache/kerby/kerb-client/1.0.1/kerb-client-1.0.1.jar:/home/runner/.m2/repository/org/apache/kerby/kerby-config/1.0.1/kerby-config-1.0.1.jar:/home/runner/.m2/repository/org/apache/kerby/kerb-common/1.0.1/kerb-common-1.0.1.jar:/home/runner/.m2/repository/org/apache/kerby/kerb-crypto/1.0.1/kerb-crypto-1.0.1.jar:/home/runner/.m2/repository/org/apache/kerby/kerb-util/1.0.1/kerb-util-1.0.1.jar:/home/runner/.m2/repository/org/apache/kerby/token-provider/1.0.1/token-provider-1.0.1.jar:/home/runner/.m2/repository/org/apache/kerby/kerb-admin/1.0.1/kerb-admin-1.0.1.jar:/home/runner/.m2/repository/org/apache/kerby/kerb-server/1.0.1/kerb-server-1.0.1.jar:/home/runner/.m2/repository/org/apache/kerby/kerb-identity/1.0.1/kerb-identity-1.0.1.jar:/home/runner/.m2/repository/org/apache/kerby/kerby-xdr/1.0.1/kerby-xdr-1.0.1.jar:/home/runner/.m2/repository/org/apache/ozone/ozone-s3gateway/1.4.0-SNAPSHOT/ozone-s3gateway-1.4.0-SNAPSHOT.jar:/home/runner/.m2/repository/org/javassist/javassist/3.21.0-GA/javassist-3.21.0-GA.jar:/home/runner/.m2/repository/org/jboss/weld/servlet/weld-servlet-shaded/3.1.9.Final/weld-servlet-shaded-3.1.9.Final.jar:/home/runner/.m2/repository/org/glassfish/jersey/containers/jersey-container-servlet-core/2.34/jersey-container-servlet-core-2.34.jar:/home/runner/.m2/repository/org/glassfish/hk2/external/jakarta.inject/2.6.1/jakarta.inject-2.6.1.jar:/home/runner/.m2/repository/org/glassfish/jersey/core/jersey-common/2.34/jersey-common-2.34.jar:/home/runner/.m2/repository/jakarta/ws/rs/jakarta.ws.rs-api/2.1.6/jakarta.ws.rs-api-2.1.6.jar:/home/runner/.m2/repository/org/glassfish/jersey/ext/cdi/jersey-cdi1x/2.34/jersey-cdi1x-2.34.jar:/home/runner/.m2/repository/org/glassfish/jersey/inject/jersey-hk2/2.34/jersey-hk2-2.34.jar:/home/runner/.m2/repository/org/glassfish/hk2/hk2-locator/2.6.1/hk2-locator-2.6.1.jar:/home/runner/.m2/repository/org/glassfish/jersey/media/jersey-media-jaxb/2.34/jersey-media-jaxb-2.34.jar:/home/runner/.m2/repository/org/glassfish/hk2/osgi-resource-locator/1.0.3/osgi-resource-locator-1.0.3.jar:/home/runner/.m2/repository/org/glassfish/hk2/hk2-api/2.5.0/hk2-api-2.5.0.jar:/home/runner/.m2/repository/org/glassfish/hk2/hk2-utils/2.5.0/hk2-utils-2.5.0.jar:/home/runner/.m2/repository/org/glassfish/hk2/external/aopalliance-repackaged/2.5.0/aopalliance-repackaged-2.5.0.jar:/home/runner/.m2/repository/com/fasterxml/jackson/dataformat/jackson-dataformat-xml/2.13.4/jackson-dataformat-xml-2.13.4.jar:/home/runner/.m2/repository/org/codehaus/woodstox/stax2-api/4.2.1/stax2-api-4.2.1.jar:/home/runner/.m2/repository/com/fasterxml/woodstox/woodstox-core/5.4.0/woodstox-core-5.4.0.jar:/home/runner/.m2/repository/com/fasterxml/jackson/module/jackson-module-jaxb-annotations/2.13.4/jackson-module-jaxb-annotations-2.13.4.jar:/home/runner/.m2/repository/jakarta/xml/bind/jakarta.xml.bind-api/2.3.3/jakarta.xml.bind-api-2.3.3.jar:/home/runner/.m2/repository/jakarta/activation/jakarta.activation-api/1.2.2/jakarta.activation-api-1.2.2.jar:/home/runner/.m2/repository/javax/enterprise/cdi-api/2.0/cdi-api-2.0.jar:/home/runner/.m2/repository/javax/el/javax.el-api/3.0.0/javax.el-api-3.0.0.jar:/home/runner/.m2/repository/javax/interceptor/javax.interceptor-api/1.2/javax.interceptor-api-1.2.jar:/home/runner/.m2/repository/javax/inject/javax.inject/1/javax.inject-1.jar:/home/runner/.m2/repository/javax/xml/bind/jaxb-api/2.3.0/jaxb-api-2.3.0.jar:/home/runner/.m2/repository/org/glassfish/jaxb/jaxb-runtime/2.3.0.1/jaxb-runtime-2.3.0.1.jar:/home/runner/.m2/repository/org/glassfish/jaxb/jaxb-core/2.3.0.1/jaxb-core-2.3.0.1.jar:/home/runner/.m2/repository/org/glassfish/jaxb/txw2/2.3.0.1/txw2-2.3.0.1.jar:/home/runner/.m2/repository/com/sun/istack/istack-commons-runtime/3.0.5/istack-commons-runtime-3.0.5.jar:/home/runner/.m2/repository/org/jvnet/staxex/stax-ex/1.7.8/stax-ex-1.7.8.jar:/home/runner/.m2/repository/com/sun/xml/fastinfoset/FastInfoset/1.2.13/FastInfoset-1.2.13.jar:/home/runner/.m2/repository/javax/activation/activation/1.1.1/activation-1.1.1.jar:/home/runner/.m2/repository/io/grpc/grpc-protobuf/1.51.1/grpc-protobuf-1.51.1.jar:/home/runner/.m2/repository/com/google/api/grpc/proto-google-common-protos/2.9.0/proto-google-common-protos-2.9.0.jar:/home/runner/.m2/repository/io/grpc/grpc-protobuf-lite/1.51.1/grpc-protobuf-lite-1.51.1.jar:/home/runner/.m2/repository/io/grpc/grpc-stub/1.51.1/grpc-stub-1.51.1.jar:/home/runner/.m2/repository/io/netty/netty-transport/4.1.94.Final/netty-transport-4.1.94.Final.jar:/home/runner/.m2/repository/io/netty/netty-resolver/4.1.94.Final/netty-resolver-4.1.94.Final.jar:/home/runner/.m2/repository/org/apache/ozone/ozone-csi/1.4.0-SNAPSHOT/ozone-csi-1.4.0-SNAPSHOT.jar:/home/runner/.m2/repository/com/google/protobuf/protobuf-java-util/3.19.6/protobuf-java-util-3.19.6.jar:/home/runner/.m2/repository/com/google/code/gson/gson/2.9.0/gson-2.9.0.jar:/home/runner/.m2/repository/org/apache/ozone/hdds-config/1.4.0-SNAPSHOT/hdds-config-1.4.0-SNAPSHOT.jar:/home/runner/.m2/repository/io/netty/netty-transport-native-epoll/4.1.94.Final/netty-transport-native-epoll-4.1.94.Final-linux-x86_64.jar:/home/runner/.m2/repository/io/netty/netty-transport-classes-epoll/4.1.94.Final/netty-transport-classes-epoll-4.1.94.Final.jar:/home/runner/.m2/repository/io/netty/netty-transport-native-unix-common/4.1.94.Final/netty-transport-native-unix-common-4.1.94.Final.jar:/home/runner/.m2/repository/org/apache/ozone/ozone-recon/1.4.0-SNAPSHOT/ozone-recon-1.4.0-SNAPSHOT.jar:/home/runner/.m2/repository/org/apache/ozone/ozone-reconcodegen/1.4.0-SNAPSHOT/ozone-reconcodegen-1.4.0-SNAPSHOT.jar:/home/runner/.m2/repository/com/google/inject/guice/5.1.0/guice-5.1.0.jar:/home/runner/.m2/repository/aopalliance/aopalliance/1.0/aopalliance-1.0.jar:/home/runner/.m2/repository/com/google/inject/extensions/guice-assistedinject/5.1.0/guice-assistedinject-5.1.0.jar:/home/runner/.m2/repository/com/google/inject/extensions/guice-servlet/5.1.0/guice-servlet-5.1.0.jar:/home/runner/.m2/repository/org/glassfish/jersey/containers/jersey-container-servlet/2.34/jersey-container-servlet-2.34.jar:/home/runner/.m2/repository/org/glassfish/hk2/guice-bridge/2.5.0/guice-bridge-2.5.0.jar:/home/runner/.m2/repository/org/glassfish/jersey/core/jersey-server/2.34/jersey-server-2.34.jar:/home/runner/.m2/repository/org/glassfish/jersey/core/jersey-client/2.34/jersey-client-2.34.jar:/home/runner/.m2/repository/jakarta/annotation/jakarta.annotation-api/1.3.5/jakarta.annotation-api-1.3.5.jar:/home/runner/.m2/repository/jakarta/validation/jakarta.validation-api/2.0.2/jakarta.validation-api-2.0.2.jar:/home/runner/.m2/repository/org/glassfish/jersey/media/jersey-media-json-jackson/2.34/jersey-media-json-jackson-2.34.jar:/home/runner/.m2/repository/org/glassfish/jersey/ext/jersey-entity-filtering/2.34/jersey-entity-filtering-2.34.jar:/home/runner/.m2/repository/org/jooq/jooq/3.11.10/jooq-3.11.10.jar:/home/runner/.m2/repository/org/jooq/jooq-meta/3.11.10/jooq-meta-3.11.10.jar:/home/runner/.m2/repository/org/jooq/jooq-codegen/3.11.10/jooq-codegen-3.11.10.jar:/home/runner/.m2/repository/com/jolbox/bonecp/0.8.0.RELEASE/bonecp-0.8.0.RELEASE.jar:/home/runner/.m2/repository/org/apache/derby/derby/10.14.2.0/derby-10.14.2.0.jar:/home/runner/.m2/repository/org/xerial/sqlite-jdbc/3.41.2.2/sqlite-jdbc-3.41.2.2.jar:/home/runner/.m2/repository/org/springframework/spring-jdbc/5.3.27/spring-jdbc-5.3.27.jar:/home/runner/.m2/repository/org/springframework/spring-beans/5.3.27/spring-beans-5.3.27.jar:/home/runner/.m2/repository/org/springframework/spring-core/5.3.27/spring-core-5.3.27.jar:/home/runner/.m2/repository/org/springframework/spring-tx/5.3.27/spring-tx-5.3.27.jar:/home/runner/.m2/repository/org/apache/ozone/ozone-client/1.4.0-SNAPSHOT/ozone-client-1.4.0-SNAPSHOT.jar:/home/runner/.m2/repository/org/apache/ozone/hdds-erasurecode/1.4.0-SNAPSHOT/hdds-erasurecode-1.4.0-SNAPSHOT.jar:/home/runner/.m2/repository/org/apache/ozone/ozone-filesystem/1.4.0-SNAPSHOT/ozone-filesystem-1.4.0-SNAPSHOT.jar:/home/runner/.m2/repository/org/apache/ozone/ozone-filesystem-common/1.4.0-SNAPSHOT/ozone-filesystem-common-1.4.0-SNAPSHOT.jar:/home/runner/.m2/repository/org/apache/ozone/ozone-tools/1.4.0-SNAPSHOT/ozone-tools-1.4.0-SNAPSHOT.jar:/home/runner/.m2/repository/com/amazonaws/aws-java-sdk-core/1.12.261/aws-java-sdk-core-1.12.261.jar:/home/runner/.m2/repository/org/apache/httpcomponents/httpclient/4.5.13/httpclient-4.5.13.jar:/home/runner/.m2/repository/org/apache/httpcomponents/httpcore/4.4.13/httpcore-4.4.13.jar:/home/runner/.m2/repository/software/amazon/ion/ion-java/1.0.2/ion-java-1.0.2.jar:/home/runner/.m2/repository/com/fasterxml/jackson/dataformat/jackson-dataformat-cbor/2.13.4/jackson-dataformat-cbor-2.13.4.jar:/home/runner/.m2/repository/joda-time/joda-time/2.10.6/joda-time-2.10.6.jar:/home/runner/.m2/repository/com/amazonaws/aws-java-sdk-s3/1.12.261/aws-java-sdk-s3-1.12.261.jar:/home/runner/.m2/repository/com/amazonaws/aws-java-sdk-kms/1.12.261/aws-java-sdk-kms-1.12.261.jar:/home/runner/.m2/repository/com/amazonaws/jmespath-java/1.12.261/jmespath-java-1.12.261.jar:/home/runner/.m2/repository/org/kohsuke/metainf-services/metainf-services/1.8/metainf-services-1.8.jar:/home/runner/.m2/repository/org/apache/ozone/hdds-tools/1.4.0-SNAPSHOT/hdds-tools-1.4.0-SNAPSHOT.jar:/home/runner/.m2/repository/org/apache/ratis/ratis-tools/2.5.1/ratis-tools-2.5.1.jar:/home/runner/.m2/repository/commons-cli/commons-cli/1.2/commons-cli-1.2.jar:/home/runner/.m2/repository/org/apache/commons/commons-lang3/3.7/commons-lang3-3.7.jar:/home/runner/.m2/repository/org/apache/ozone/ozone-manager/1.4.0-SNAPSHOT/ozone-manager-1.4.0-SNAPSHOT-tests.jar:/home/runner/.m2/repository/org/apache/ozone/hdds-common/1.4.0-SNAPSHOT/hdds-common-1.4.0-SNAPSHOT-tests.jar:/home/runner/.m2/repository/org/apache/ozone/hdds-hadoop-dependency-client/1.4.0-SNAPSHOT/hdds-hadoop-dependency-client-1.4.0-SNAPSHOT.jar:/home/runner/.m2/repository/info/picocli/picocli/4.6.1/picocli-4.6.1.jar:/home/runner/.m2/repository/com/fasterxml/jackson/core/jackson-annotations/2.13.4/jackson-annotations-2.13.4.jar:/home/runner/.m2/repository/org/apache/ozone/hdds-annotation-processing/1.4.0-SNAPSHOT/hdds-annotation-processing-1.4.0-SNAPSHOT.jar:/home/runner/.m2/repository/javax/annotation/javax.annotation-api/1.2/javax.annotation-api-1.2.jar:/home/runner/.m2/repository/org/apache/ratis/ratis-netty/2.5.1/ratis-netty-2.5.1.jar:/home/runner/.m2/repository/org/apache/ratis/ratis-grpc/2.5.1/ratis-grpc-2.5.1.jar:/home/runner/.m2/repository/org/apache/commons/commons-pool2/2.6.0/commons-pool2-2.6.0.jar:/home/runner/.m2/repository/org/bouncycastle/bcpkix-jdk15on/1.67/bcpkix-jdk15on-1.67.jar:/home/runner/.m2/repository/commons-validator/commons-validator/1.6/commons-validator-1.6.jar:/home/runner/.m2/repository/commons-beanutils/commons-beanutils/1.9.4/commons-beanutils-1.9.4.jar:/home/runner/.m2/repository/commons-digester/commons-digester/1.8.1/commons-digester-1.8.1.jar:/home/runner/.m2/repository/commons-collections/commons-collections/3.2.2/commons-collections-3.2.2.jar:/home/runner/.m2/repository/io/jaegertracing/jaeger-client/1.6.0/jaeger-client-1.6.0.jar:/home/runner/.m2/repository/io/jaegertracing/jaeger-thrift/1.6.0/jaeger-thrift-1.6.0.jar:/home/runner/.m2/repository/org/apache/thrift/libthrift/0.14.1/libthrift-0.14.1.jar:/home/runner/.m2/repository/io/jaegertracing/jaeger-core/1.6.0/jaeger-core-1.6.0.jar:/home/runner/.m2/repository/io/jaegertracing/jaeger-tracerresolver/1.6.0/jaeger-tracerresolver-1.6.0.jar:/home/runner/.m2/repository/io/opentracing/contrib/opentracing-tracerresolver/0.1.8/opentracing-tracerresolver-0.1.8.jar:/home/runner/.m2/repository/org/jetbrains/kotlin/kotlin-stdlib/1.6.21/kotlin-stdlib-1.6.21.jar:/home/runner/.m2/repository/org/jetbrains/annotations/13.0/annotations-13.0.jar:/home/runner/.m2/repository/io/opentracing/opentracing-util/0.33.0/opentracing-util-0.33.0.jar:/home/runner/.m2/repository/io/opentracing/opentracing-api/0.33.0/opentracing-api-0.33.0.jar:/home/runner/.m2/repository/io/opentracing/opentracing-noop/0.33.0/opentracing-noop-0.33.0.jar:/home/runner/.m2/repository/org/yaml/snakeyaml/2.0/snakeyaml-2.0.jar:/home/runner/.m2/repository/io/grpc/grpc-api/1.51.1/grpc-api-1.51.1.jar:/home/runner/.m2/repository/io/grpc/grpc-context/1.51.1/grpc-context-1.51.1.jar:/home/runner/.m2/repository/junit/junit/4.13.1/junit-4.13.1.jar:/home/runner/.m2/repository/org/hamcrest/hamcrest-core/1.3/hamcrest-core-1.3.jar:/home/runner/.m2/repository/org/junit/jupiter/junit-jupiter-api/5.8.2/junit-jupiter-api-5.8.2.jar:/home/runner/.m2/repository/org/opentest4j/opentest4j/1.2.0/opentest4j-1.2.0.jar:/home/runner/.m2/repository/org/junit/platform/junit-platform-commons/1.8.2/junit-platform-commons-1.8.2.jar:/home/runner/.m2/repository/org/apiguardian/apiguardian-api/1.1.2/apiguardian-api-1.1.2.jar:/home/runner/.m2/repository/org/junit/jupiter/junit-jupiter-params/5.8.2/junit-jupiter-params-5.8.2.jar:/home/runner/.m2/repository/org/junit/jupiter/junit-jupiter-migrationsupport/5.8.2/junit-jupiter-migrationsupport-5.8.2.jar:/home/runner/.m2/repository/org/junit/jupiter/junit-jupiter-engine/5.8.2/junit-jupiter-engine-5.8.2.jar:/home/runner/.m2/repository/org/junit/platform/junit-platform-engine/1.8.2/junit-platform-engine-1.8.2.jar:/home/runner/.m2/repository/org/junit/vintage/junit-vintage-engine/5.8.2/junit-vintage-engine-5.8.2.jar:/home/runner/.m2/repository/org/junit/platform/junit-platform-launcher/1.8.2/junit-platform-launcher-1.8.2.jar:/home/runner/.m2/repository/org/mockito/mockito-core/3.5.9/mockito-core-3.5.9.jar:/home/runner/.m2/repository/net/bytebuddy/byte-buddy/1.10.13/byte-buddy-1.10.13.jar:/home/runner/.m2/repository/net/bytebuddy/byte-buddy-agent/1.10.13/byte-buddy-agent-1.10.13.jar:/home/runner/.m2/repository/org/objenesis/objenesis/1.0/objenesis-1.0.jar:/home/runner/.m2/repository/org/apache/hadoop/hadoop-kms/3.3.6/hadoop-kms-3.3.6.jar:/home/runner/.m2/repository/org/apache/hadoop/hadoop-auth/3.3.6/hadoop-auth-3.3.6.jar:/home/runner/.m2/repository/com/nimbusds/nimbus-jose-jwt/9.8.1/nimbus-jose-jwt-9.8.1.jar:/home/runner/.m2/repository/com/github/stephenc/jcip/jcip-annotations/1.0-1/jcip-annotations-1.0-1.jar:/home/runner/.m2/repository/org/apache/zookeeper/zookeeper/3.5.6/zookeeper-3.5.6.jar:/home/runner/.m2/repository/org/apache/zookeeper/zookeeper-jute/3.5.6/zookeeper-jute-3.5.6.jar:/home/runner/.m2/repository/org/apache/yetus/audience-annotations/0.5.0/audience-annotations-0.5.0.jar:/home/runner/.m2/repository/org/apache/curator/curator-framework/4.2.0/curator-framework-4.2.0.jar:/home/runner/.m2/repository/org/apache/hadoop/thirdparty/hadoop-shaded-guava/1.1.1/hadoop-shaded-guava-1.1.1.jar:/home/runner/.m2/repository/com/sun/jersey/jersey-core/1.19/jersey-core-1.19.jar:/home/runner/.m2/repository/javax/ws/rs/jsr311-api/1.1.1/jsr311-api-1.1.1.jar:/home/runner/.m2/repository/com/sun/jersey/jersey-server/1.19/jersey-server-1.19.jar:/home/runner/.m2/repository/javax/servlet/javax.servlet-api/3.1.0/javax.servlet-api-3.1.0.jar:/home/runner/.m2/repository/org/apache/hadoop/hadoop-common/3.3.6/hadoop-common-3.3.6.jar:/home/runner/.m2/repository/org/apache/commons/commons-math3/3.1.1/commons-math3-3.1.1.jar:/home/runner/.m2/repository/commons-net/commons-net/3.9.0/commons-net-3.9.0.jar:/home/runner/.m2/repository/com/sun/jersey/jersey-servlet/1.19/jersey-servlet-1.19.jar:/home/runner/.m2/repository/com/github/pjfanning/jersey-json/1.20/jersey-json-1.20.jar:/home/runner/.m2/repository/org/codehaus/jettison/jettison/1.1/jettison-1.1.jar:/home/runner/.m2/repository/com/sun/xml/bind/jaxb-impl/2.2.3-1/jaxb-impl-2.2.3-1.jar:/home/runner/.m2/repository/com/google/re2j/re2j/1.1/re2j-1.1.jar:/home/runner/.m2/repository/com/jcraft/jsch/0.1.54/jsch-0.1.54.jar:/home/runner/.m2/repository/org/apache/curator/curator-client/4.2.0/curator-client-4.2.0.jar:/home/runner/.m2/repository/org/apache/curator/curator-recipes/5.2.0/curator-recipes-5.2.0.jar:/home/runner/.m2/repository/org/apache/kerby/kerb-core/1.0.1/kerb-core-1.0.1.jar:/home/runner/.m2/repository/org/apache/kerby/kerby-pkix/1.0.1/kerby-pkix-1.0.1.jar:/home/runner/.m2/repository/org/apache/kerby/kerby-asn1/1.0.1/kerby-asn1-1.0.1.jar:/home/runner/.m2/repository/org/apache/kerby/kerby-util/1.0.1/kerby-util-1.0.1.jar:/home/runner/.m2/repository/dnsjava/dnsjava/2.1.7/dnsjava-2.1.7.jar:/home/runner/.m2/repository/org/xerial/snappy/snappy-java/1.1.8.2/snappy-java-1.1.8.2.jar:/home/runner/.m2/repository/com/fasterxml/jackson/core/jackson-databind/2.13.4.2/jackson-databind-2.13.4.2.jar:/home/runner/.m2/repository/org/apache/hadoop/hadoop-kms/3.3.6/hadoop-kms-3.3.6-tests.jar:/home/runner/.m2/repository/org/apache/ozone/hdds-server-scm/1.4.0-SNAPSHOT/hdds-server-scm-1.4.0-SNAPSHOT-tests.jar:/home/runner/.m2/repository/org/apache/ozone/hdds-container-service/1.4.0-SNAPSHOT/hdds-container-service-1.4.0-SNAPSHOT-tests.jar:/home/runner/.m2/repository/com/github/luben/zstd-jni/1.5.2-5/zstd-jni-1.5.2-5.jar:/home/runner/.m2/repository/commons-codec/commons-codec/1.15/commons-codec-1.15.jar:/home/runner/.m2/repository/io/netty/netty-codec/4.1.94.Final/netty-codec-4.1.94.Final.jar:/home/runner/.m2/repository/io/netty/netty-handler/4.1.94.Final/netty-handler-4.1.94.Final.jar:/home/runner/.m2/repository/org/apache/ozone/hdds-hadoop-dependency-test/1.4.0-SNAPSHOT/hdds-hadoop-dependency-test-1.4.0-SNAPSHOT.jar:/home/runner/.m2/repository/org/apache/hadoop/hadoop-common/3.3.6/hadoop-common-3.3.6-tests.jar:/home/runner/.m2/repository/org/apache/hadoop/hadoop-hdfs/3.3.6/hadoop-hdfs-3.3.6-tests.jar:/home/runner/.m2/repository/org/assertj/assertj-core/3.12.2/assertj-core-3.12.2.jar:/home/runner/.m2/repository/org/apache/hadoop/hadoop-distcp/3.3.6/hadoop-distcp-3.3.6.jar:/home/runner/.m2/repository/org/apache/hadoop/hadoop-mapreduce-client-jobclient/3.3.6/hadoop-mapreduce-client-jobclient-3.3.6.jar:/home/runner/.m2/repository/org/apache/hadoop/hadoop-mapreduce-client-common/3.3.6/hadoop-mapreduce-client-common-3.3.6.jar:/home/runner/.m2/repository/org/apache/hadoop/hadoop-yarn-common/3.3.6/hadoop-yarn-common-3.3.6.jar:/home/runner/.m2/repository/org/apache/hadoop/hadoop-yarn-api/3.3.6/hadoop-yarn-api-3.3.6.jar:/home/runner/.m2/repository/com/sun/jersey/contribs/jersey-guice/1.19/jersey-guice-1.19.jar:/home/runner/.m2/repository/com/fasterxml/jackson/jaxrs/jackson-jaxrs-json-provider/2.13.4/jackson-jaxrs-json-provider-2.13.4.jar:/home/runner/.m2/repository/com/fasterxml/jackson/jaxrs/jackson-jaxrs-base/2.13.4/jackson-jaxrs-base-2.13.4.jar:/home/runner/.m2/repository/org/apache/hadoop/hadoop-yarn-client/3.3.6/hadoop-yarn-client-3.3.6.jar:/home/runner/.m2/repository/org/eclipse/jetty/websocket/websocket-client/9.4.51.v20230217/websocket-client-9.4.51.v20230217.jar:/home/runner/.m2/repository/org/eclipse/jetty/websocket/websocket-common/9.4.51.v20230217/websocket-common-9.4.51.v20230217.jar:/home/runner/.m2/repository/org/eclipse/jetty/websocket/websocket-api/9.4.51.v20230217/websocket-api-9.4.51.v20230217.jar:/home/runner/.m2/repository/org/jline/jline/3.9.0/jline-3.9.0.jar:/home/runner/.m2/repository/org/apache/hadoop/hadoop-mapreduce-client-core/3.3.6/hadoop-mapreduce-client-core-3.3.6.jar:/home/runner/.m2/repository/org/apache/avro/avro/1.7.7/avro-1.7.7.jar:/home/runner/.m2/repository/com/thoughtworks/paranamer/paranamer/2.3/paranamer-2.3.jar:/home/runner/.m2/repository/org/apache/hadoop/hadoop-annotations/3.3.6/hadoop-annotations-3.3.6.jar:/usr/lib/jvm/temurin-8-jdk-amd64/jre/../lib/tools.jar:/home/runner/.m2/repository/io/netty/netty/3.10.6.Final/netty-3.10.6.Final.jar:/home/runner/.m2/repository/org/apache/hadoop/hadoop-distcp/3.3.6/hadoop-distcp-3.3.6-tests.jar:/home/runner/.m2/repository/org/slf4j/jul-to-slf4j/1.7.36/jul-to-slf4j-1.7.36.jar:"/>
    <property name="java.vm.vendor" value="Temurin"/>
    <property name="sun.arch.data.model" value="64"/>
    <property name="test.build.dir" value="/home/runner/work/ozone/ozone/hadoop-ozone/integration-test/target/test-dir"/>
    <property name="sun.security.krb5.debug" value="false"/>
    <property name="test.cache.data" value=""/>
    <property name="java.vendor.url" value="https://adoptium.net/"/>
    <property name="user.timezone" value="Etc/UTC"/>
    <property name="os.name" value="Linux"/>
    <property name="java.vm.specification.version" value="1.8"/>
    <property name="test.build.data" value="/home/runner/work/ozone/ozone/hadoop-ozone/integration-test/target/test-dir"/>
    <property name="sun.java.launcher" value="SUN_STANDARD"/>
    <property name="sun.boot.library.path" value="/usr/lib/jvm/temurin-8-jdk-amd64/jre/lib/amd64"/>
    <property name="sun.java.command" value="/home/runner/work/ozone/ozone/hadoop-ozone/integration-test/target/surefire/surefirebooter8375743635972796486.jar /home/runner/work/ozone/ozone/hadoop-ozone/integration-test/target/surefire 2023-09-14T11-32-11_150-jvmRun1 surefire9170127213323766631tmp surefire_151545712427654656178tmp"/>
    <property name="native.lib.tmp.dir" value="/tmp"/>
    <property name="surefire.test.class.path" value="/home/runner/work/ozone/ozone/hadoop-ozone/integration-test/target/test-classes:/home/runner/work/ozone/ozone/hadoop-ozone/integration-test/target/classes:/home/runner/.m2/repository/org/apache/ozone/ozone-common/1.4.0-SNAPSHOT/ozone-common-1.4.0-SNAPSHOT.jar:/home/runner/.m2/repository/io/grpc/grpc-netty/1.51.1/grpc-netty-1.51.1.jar:/home/runner/.m2/repository/io/grpc/grpc-core/1.51.1/grpc-core-1.51.1.jar:/home/runner/.m2/repository/com/google/android/annotations/4.1.1.4/annotations-4.1.1.4.jar:/home/runner/.m2/repository/org/codehaus/mojo/animal-sniffer-annotations/1.21/animal-sniffer-annotations-1.21.jar:/home/runner/.m2/repository/com/google/errorprone/error_prone_annotations/2.2.0/error_prone_annotations-2.2.0.jar:/home/runner/.m2/repository/io/perfmark/perfmark-api/0.25.0/perfmark-api-0.25.0.jar:/home/runner/.m2/repository/io/netty/netty-codec-http2/4.1.94.Final/netty-codec-http2-4.1.94.Final.jar:/home/runner/.m2/repository/io/netty/netty-common/4.1.94.Final/netty-common-4.1.94.Final.jar:/home/runner/.m2/repository/io/netty/netty-buffer/4.1.94.Final/netty-buffer-4.1.94.Final.jar:/home/runner/.m2/repository/io/netty/netty-codec-http/4.1.94.Final/netty-codec-http-4.1.94.Final.jar:/home/runner/.m2/repository/io/netty/netty-handler-proxy/4.1.94.Final/netty-handler-proxy-4.1.94.Final.jar:/home/runner/.m2/repository/io/netty/netty-codec-socks/4.1.94.Final/netty-codec-socks-4.1.94.Final.jar:/home/runner/.m2/repository/io/netty/netty-tcnative-boringssl-static/2.0.61.Final/netty-tcnative-boringssl-static-2.0.61.Final.jar:/home/runner/.m2/repository/io/netty/netty-tcnative-classes/2.0.61.Final/netty-tcnative-classes-2.0.61.Final.jar:/home/runner/.m2/repository/io/netty/netty-tcnative-boringssl-static/2.0.61.Final/netty-tcnative-boringssl-static-2.0.61.Final-linux-x86_64.jar:/home/runner/.m2/repository/io/netty/netty-tcnative-boringssl-static/2.0.61.Final/netty-tcnative-boringssl-static-2.0.61.Final-linux-aarch_64.jar:/home/runner/.m2/repository/io/netty/netty-tcnative-boringssl-static/2.0.61.Final/netty-tcnative-boringssl-static-2.0.61.Final-osx-x86_64.jar:/home/runner/.m2/repository/io/netty/netty-tcnative-boringssl-static/2.0.61.Final/netty-tcnative-boringssl-static-2.0.61.Final-osx-aarch_64.jar:/home/runner/.m2/repository/io/netty/netty-tcnative-boringssl-static/2.0.61.Final/netty-tcnative-boringssl-static-2.0.61.Final-windows-x86_64.jar:/home/runner/.m2/repository/org/apache/commons/commons-compress/1.21/commons-compress-1.21.jar:/home/runner/.m2/repository/org/apache/ozone/hdds-common/1.4.0-SNAPSHOT/hdds-common-1.4.0-SNAPSHOT.jar:/home/runner/.m2/repository/org/apache/ozone/hdds-client/1.4.0-SNAPSHOT/hdds-client-1.4.0-SNAPSHOT.jar:/home/runner/.m2/repository/org/apache/ozone/ozone-interface-client/1.4.0-SNAPSHOT/ozone-interface-client-1.4.0-SNAPSHOT.jar:/home/runner/.m2/repository/org/apache/hadoop/hadoop-hdfs-client/3.3.6/hadoop-hdfs-client-3.3.6.jar:/home/runner/.m2/repository/com/squareup/okhttp3/okhttp/4.9.3/okhttp-4.9.3.jar:/home/runner/.m2/repository/com/squareup/okio/okio/3.4.0/okio-3.4.0.jar:/home/runner/.m2/repository/com/squareup/okio/okio-jvm/3.4.0/okio-jvm-3.4.0.jar:/home/runner/.m2/repository/org/jetbrains/kotlin/kotlin-stdlib-jdk8/1.8.0/kotlin-stdlib-jdk8-1.8.0.jar:/home/runner/.m2/repository/org/jetbrains/kotlin/kotlin-stdlib-jdk7/1.8.0/kotlin-stdlib-jdk7-1.8.0.jar:/home/runner/.m2/repository/org/jetbrains/kotlin/kotlin-stdlib-common/1.6.21/kotlin-stdlib-common-1.6.21.jar:/home/runner/.m2/repository/org/apache/ozone/hdds-test-utils/1.4.0-SNAPSHOT/hdds-test-utils-1.4.0-SNAPSHOT.jar:/home/runner/.m2/repository/com/google/guava/guava/32.0.0-jre/guava-32.0.0-jre.jar:/home/runner/.m2/repository/com/google/guava/failureaccess/1.0.1/failureaccess-1.0.1.jar:/home/runner/.m2/repository/com/google/guava/listenablefuture/9999.0-empty-to-avoid-conflict-with-guava/listenablefuture-9999.0-empty-to-avoid-conflict-with-guava.jar:/home/runner/.m2/repository/com/google/code/findbugs/jsr305/3.0.0/jsr305-3.0.0.jar:/home/runner/.m2/repository/org/checkerframework/checker-qual/3.33.0/checker-qual-3.33.0.jar:/home/runner/.m2/repository/com/google/j2objc/j2objc-annotations/2.8/j2objc-annotations-2.8.jar:/home/runner/.m2/repository/commons-io/commons-io/2.11.0/commons-io-2.11.0.jar:/home/runner/.m2/repository/commons-logging/commons-logging/1.2/commons-logging-1.2.jar:/home/runner/.m2/repository/ch/qos/reload4j/reload4j/1.2.22/reload4j-1.2.22.jar:/home/runner/.m2/repository/org/slf4j/slf4j-api/1.7.36/slf4j-api-1.7.36.jar:/home/runner/.m2/repository/org/apache/logging/log4j/log4j-api/2.17.1/log4j-api-2.17.1.jar:/home/runner/.m2/repository/org/apache/ozone/hdds-server-scm/1.4.0-SNAPSHOT/hdds-server-scm-1.4.0-SNAPSHOT.jar:/home/runner/.m2/repository/org/apache/ozone/hdds-container-service/1.4.0-SNAPSHOT/hdds-container-service-1.4.0-SNAPSHOT.jar:/home/runner/.m2/repository/org/apache/ozone/hdds-hadoop-dependency-server/1.4.0-SNAPSHOT/hdds-hadoop-dependency-server-1.4.0-SNAPSHOT.jar:/home/runner/.m2/repository/org/apache/hadoop/hadoop-hdfs/3.3.6/hadoop-hdfs-3.3.6.jar:/home/runner/.m2/repository/commons-daemon/commons-daemon/1.0.13/commons-daemon-1.0.13.jar:/home/runner/.m2/repository/org/apache/ozone/hdds-server-framework/1.4.0-SNAPSHOT/hdds-server-framework-1.4.0-SNAPSHOT.jar:/home/runner/.m2/repository/io/dropwizard/metrics/metrics-core/3.2.4/metrics-core-3.2.4.jar:/home/runner/.m2/repository/org/apache/commons/commons-text/1.10.0/commons-text-1.10.0.jar:/home/runner/.m2/repository/org/bouncycastle/bcprov-jdk15on/1.67/bcprov-jdk15on-1.67.jar:/home/runner/.m2/repository/com/google/protobuf/protobuf-java/2.5.0/protobuf-java-2.5.0.jar:/home/runner/.m2/repository/org/apache/ozone/hdds-server-framework/1.4.0-SNAPSHOT/hdds-server-framework-1.4.0-SNAPSHOT-tests.jar:/home/runner/.m2/repository/org/apache/ozone/hdds-interface-server/1.4.0-SNAPSHOT/hdds-interface-server-1.4.0-SNAPSHOT.jar:/home/runner/.m2/repository/org/apache/ozone/hdds-interface-admin/1.4.0-SNAPSHOT/hdds-interface-admin-1.4.0-SNAPSHOT.jar:/home/runner/.m2/repository/org/apache/ozone/hdds-managed-rocksdb/1.4.0-SNAPSHOT/hdds-managed-rocksdb-1.4.0-SNAPSHOT.jar:/home/runner/.m2/repository/org/rocksdb/rocksdbjni/7.7.3/rocksdbjni-7.7.3.jar:/home/runner/.m2/repository/org/slf4j/slf4j-reload4j/1.7.36/slf4j-reload4j-1.7.36.jar:/home/runner/.m2/repository/org/apache/commons/commons-configuration2/2.1.1/commons-configuration2-2.1.1.jar:/home/runner/.m2/repository/commons-fileupload/commons-fileupload/1.5/commons-fileupload-1.5.jar:/home/runner/.m2/repository/org/apache/logging/log4j/log4j-core/2.17.1/log4j-core-2.17.1.jar:/home/runner/.m2/repository/com/lmax/disruptor/3.4.2/disruptor-3.4.2.jar:/home/runner/.m2/repository/org/eclipse/jetty/jetty-util/9.4.51.v20230217/jetty-util-9.4.51.v20230217.jar:/home/runner/.m2/repository/org/eclipse/jetty/jetty-server/9.4.51.v20230217/jetty-server-9.4.51.v20230217.jar:/home/runner/.m2/repository/org/eclipse/jetty/jetty-http/9.4.51.v20230217/jetty-http-9.4.51.v20230217.jar:/home/runner/.m2/repository/org/eclipse/jetty/jetty-io/9.4.51.v20230217/jetty-io-9.4.51.v20230217.jar:/home/runner/.m2/repository/org/eclipse/jetty/jetty-servlet/9.4.51.v20230217/jetty-servlet-9.4.51.v20230217.jar:/home/runner/.m2/repository/org/eclipse/jetty/jetty-security/9.4.51.v20230217/jetty-security-9.4.51.v20230217.jar:/home/runner/.m2/repository/org/eclipse/jetty/jetty-util-ajax/9.4.51.v20230217/jetty-util-ajax-9.4.51.v20230217.jar:/home/runner/.m2/repository/org/eclipse/jetty/jetty-webapp/9.4.51.v20230217/jetty-webapp-9.4.51.v20230217.jar:/home/runner/.m2/repository/org/eclipse/jetty/jetty-xml/9.4.51.v20230217/jetty-xml-9.4.51.v20230217.jar:/home/runner/.m2/repository/org/apache/ratis/ratis-server/2.5.1/ratis-server-2.5.1.jar:/home/runner/.m2/repository/org/apache/ratis/ratis-thirdparty-misc/1.0.4/ratis-thirdparty-misc-1.0.4.jar:/home/runner/.m2/repository/org/apache/ratis/ratis-proto/2.5.1/ratis-proto-2.5.1.jar:/home/runner/.m2/repository/org/apache/ratis/ratis-common/2.5.1/ratis-common-2.5.1.jar:/home/runner/.m2/repository/org/apache/ratis/ratis-client/2.5.1/ratis-client-2.5.1.jar:/home/runner/.m2/repository/org/apache/ratis/ratis-server-api/2.5.1/ratis-server-api-2.5.1.jar:/home/runner/.m2/repository/org/apache/ratis/ratis-metrics/2.5.1/ratis-metrics-2.5.1.jar:/home/runner/.m2/repository/io/prometheus/simpleclient_dropwizard/0.7.0/simpleclient_dropwizard-0.7.0.jar:/home/runner/.m2/repository/io/prometheus/simpleclient/0.7.0/simpleclient-0.7.0.jar:/home/runner/.m2/repository/io/prometheus/simpleclient_common/0.7.0/simpleclient_common-0.7.0.jar:/home/runner/.m2/repository/com/fasterxml/jackson/datatype/jackson-datatype-jsr310/2.13.4/jackson-datatype-jsr310-2.13.4.jar:/home/runner/.m2/repository/com/fasterxml/jackson/core/jackson-core/2.13.4/jackson-core-2.13.4.jar:/home/runner/.m2/repository/com/github/spotbugs/spotbugs-annotations/3.1.12/spotbugs-annotations-3.1.12.jar:/home/runner/.m2/repository/org/apache/ozone/rocksdb-checkpoint-differ/1.4.0-SNAPSHOT/rocksdb-checkpoint-differ-1.4.0-SNAPSHOT.jar:/home/runner/.m2/repository/org/jgrapht/jgrapht-core/1.0.1/jgrapht-core-1.0.1.jar:/home/runner/.m2/repository/org/jgrapht/jgrapht-ext/1.0.1/jgrapht-ext-1.0.1.jar:/home/runner/.m2/repository/org/tinyjee/jgraphx/jgraphx/2.0.0.1/jgraphx-2.0.0.1.jar:/home/runner/.m2/repository/jgraph/jgraph/5.13.0.0/jgraph-5.13.0.0.jar:/home/runner/.m2/repository/org/antlr/antlr4-runtime/4.5.3/antlr4-runtime-4.5.3.jar:/home/runner/.m2/repository/org/awaitility/awaitility/4.2.0/awaitility-4.2.0.jar:/home/runner/.m2/repository/org/hamcrest/hamcrest/2.1/hamcrest-2.1.jar:/home/runner/.m2/repository/org/apache/ozone/ozone-manager/1.4.0-SNAPSHOT/ozone-manager-1.4.0-SNAPSHOT.jar:/home/runner/.m2/repository/org/aspectj/aspectjrt/1.9.7/aspectjrt-1.9.7.jar:/home/runner/.m2/repository/org/aspectj/aspectjweaver/1.9.7/aspectjweaver-1.9.7.jar:/home/runner/.m2/repository/org/apache/ozone/hdds-interface-client/1.4.0-SNAPSHOT/hdds-interface-client-1.4.0-SNAPSHOT.jar:/home/runner/.m2/repository/org/apache/hadoop/thirdparty/hadoop-shaded-protobuf_3_7/1.1.1/hadoop-shaded-protobuf_3_7-1.1.1.jar:/home/runner/.m2/repository/org/apache/ozone/ozone-interface-storage/1.4.0-SNAPSHOT/ozone-interface-storage-1.4.0-SNAPSHOT.jar:/home/runner/.m2/repository/org/reflections/reflections/0.9.11/reflections-0.9.11.jar:/home/runner/.m2/repository/com/sun/jersey/jersey-client/1.19/jersey-client-1.19.jar:/home/runner/.m2/repository/org/codehaus/jackson/jackson-core-asl/1.9.13/jackson-core-asl-1.9.13.jar:/home/runner/.m2/repository/org/codehaus/jackson/jackson-mapper-asl/1.9.13/jackson-mapper-asl-1.9.13.jar:/home/runner/.m2/repository/org/codehaus/jackson/jackson-jaxrs/1.9.13/jackson-jaxrs-1.9.13.jar:/home/runner/.m2/repository/org/apache/ranger/ranger-intg/2.3.0/ranger-intg-2.3.0.jar:/home/runner/.m2/repository/org/apache/ranger/ranger-plugins-common/2.3.0/ranger-plugins-common-2.3.0.jar:/home/runner/.m2/repository/commons-lang/commons-lang/2.6/commons-lang-2.6.jar:/home/runner/.m2/repository/org/apache/ranger/ranger-plugins-cred/2.3.0/ranger-plugins-cred-2.3.0.jar:/home/runner/.m2/repository/org/apache/ranger/ranger-plugins-audit/2.3.0/ranger-plugins-audit-2.3.0.jar:/home/runner/.m2/repository/org/eclipse/jetty/jetty-client/9.4.51.v20230217/jetty-client-9.4.51.v20230217.jar:/home/runner/.m2/repository/org/apache/httpcomponents/httpmime/4.5.6/httpmime-4.5.6.jar:/home/runner/.m2/repository/org/apache/httpcomponents/httpcore-nio/4.4.13/httpcore-nio-4.4.13.jar:/home/runner/.m2/repository/org/apache/httpcomponents/httpasyncclient/4.1.3/httpasyncclient-4.1.3.jar:/home/runner/.m2/repository/com/carrotsearch/hppc/0.8.0/hppc-0.8.0.jar:/home/runner/.m2/repository/org/apache/orc/orc-core/1.5.8/orc-core-1.5.8.jar:/home/runner/.m2/repository/net/java/dev/jna/jna/5.2.0/jna-5.2.0.jar:/home/runner/.m2/repository/net/java/dev/jna/jna-platform/5.2.0/jna-platform-5.2.0.jar:/home/runner/.m2/repository/com/kstruct/gethostname4j/0.0.2/gethostname4j-0.0.2.jar:/home/runner/.m2/repository/org/apache/ranger/ranger-plugin-classloader/2.3.0/ranger-plugin-classloader-2.3.0.jar:/home/runner/.m2/repository/org/apache/ozone/hdds-rocks-native/1.4.0-SNAPSHOT/hdds-rocks-native-1.4.0-SNAPSHOT.jar:/home/runner/.m2/repository/org/apache/hadoop/hadoop-minikdc/3.3.6/hadoop-minikdc-3.3.6.jar:/home/runner/.m2/repository/org/apache/kerby/kerb-simplekdc/1.0.1/kerb-simplekdc-1.0.1.jar:/home/runner/.m2/repository/org/apache/kerby/kerb-client/1.0.1/kerb-client-1.0.1.jar:/home/runner/.m2/repository/org/apache/kerby/kerby-config/1.0.1/kerby-config-1.0.1.jar:/home/runner/.m2/repository/org/apache/kerby/kerb-common/1.0.1/kerb-common-1.0.1.jar:/home/runner/.m2/repository/org/apache/kerby/kerb-crypto/1.0.1/kerb-crypto-1.0.1.jar:/home/runner/.m2/repository/org/apache/kerby/kerb-util/1.0.1/kerb-util-1.0.1.jar:/home/runner/.m2/repository/org/apache/kerby/token-provider/1.0.1/token-provider-1.0.1.jar:/home/runner/.m2/repository/org/apache/kerby/kerb-admin/1.0.1/kerb-admin-1.0.1.jar:/home/runner/.m2/repository/org/apache/kerby/kerb-server/1.0.1/kerb-server-1.0.1.jar:/home/runner/.m2/repository/org/apache/kerby/kerb-identity/1.0.1/kerb-identity-1.0.1.jar:/home/runner/.m2/repository/org/apache/kerby/kerby-xdr/1.0.1/kerby-xdr-1.0.1.jar:/home/runner/.m2/repository/org/apache/ozone/ozone-s3gateway/1.4.0-SNAPSHOT/ozone-s3gateway-1.4.0-SNAPSHOT.jar:/home/runner/.m2/repository/org/javassist/javassist/3.21.0-GA/javassist-3.21.0-GA.jar:/home/runner/.m2/repository/org/jboss/weld/servlet/weld-servlet-shaded/3.1.9.Final/weld-servlet-shaded-3.1.9.Final.jar:/home/runner/.m2/repository/org/glassfish/jersey/containers/jersey-container-servlet-core/2.34/jersey-container-servlet-core-2.34.jar:/home/runner/.m2/repository/org/glassfish/hk2/external/jakarta.inject/2.6.1/jakarta.inject-2.6.1.jar:/home/runner/.m2/repository/org/glassfish/jersey/core/jersey-common/2.34/jersey-common-2.34.jar:/home/runner/.m2/repository/jakarta/ws/rs/jakarta.ws.rs-api/2.1.6/jakarta.ws.rs-api-2.1.6.jar:/home/runner/.m2/repository/org/glassfish/jersey/ext/cdi/jersey-cdi1x/2.34/jersey-cdi1x-2.34.jar:/home/runner/.m2/repository/org/glassfish/jersey/inject/jersey-hk2/2.34/jersey-hk2-2.34.jar:/home/runner/.m2/repository/org/glassfish/hk2/hk2-locator/2.6.1/hk2-locator-2.6.1.jar:/home/runner/.m2/repository/org/glassfish/jersey/media/jersey-media-jaxb/2.34/jersey-media-jaxb-2.34.jar:/home/runner/.m2/repository/org/glassfish/hk2/osgi-resource-locator/1.0.3/osgi-resource-locator-1.0.3.jar:/home/runner/.m2/repository/org/glassfish/hk2/hk2-api/2.5.0/hk2-api-2.5.0.jar:/home/runner/.m2/repository/org/glassfish/hk2/hk2-utils/2.5.0/hk2-utils-2.5.0.jar:/home/runner/.m2/repository/org/glassfish/hk2/external/aopalliance-repackaged/2.5.0/aopalliance-repackaged-2.5.0.jar:/home/runner/.m2/repository/com/fasterxml/jackson/dataformat/jackson-dataformat-xml/2.13.4/jackson-dataformat-xml-2.13.4.jar:/home/runner/.m2/repository/org/codehaus/woodstox/stax2-api/4.2.1/stax2-api-4.2.1.jar:/home/runner/.m2/repository/com/fasterxml/woodstox/woodstox-core/5.4.0/woodstox-core-5.4.0.jar:/home/runner/.m2/repository/com/fasterxml/jackson/module/jackson-module-jaxb-annotations/2.13.4/jackson-module-jaxb-annotations-2.13.4.jar:/home/runner/.m2/repository/jakarta/xml/bind/jakarta.xml.bind-api/2.3.3/jakarta.xml.bind-api-2.3.3.jar:/home/runner/.m2/repository/jakarta/activation/jakarta.activation-api/1.2.2/jakarta.activation-api-1.2.2.jar:/home/runner/.m2/repository/javax/enterprise/cdi-api/2.0/cdi-api-2.0.jar:/home/runner/.m2/repository/javax/el/javax.el-api/3.0.0/javax.el-api-3.0.0.jar:/home/runner/.m2/repository/javax/interceptor/javax.interceptor-api/1.2/javax.interceptor-api-1.2.jar:/home/runner/.m2/repository/javax/inject/javax.inject/1/javax.inject-1.jar:/home/runner/.m2/repository/javax/xml/bind/jaxb-api/2.3.0/jaxb-api-2.3.0.jar:/home/runner/.m2/repository/org/glassfish/jaxb/jaxb-runtime/2.3.0.1/jaxb-runtime-2.3.0.1.jar:/home/runner/.m2/repository/org/glassfish/jaxb/jaxb-core/2.3.0.1/jaxb-core-2.3.0.1.jar:/home/runner/.m2/repository/org/glassfish/jaxb/txw2/2.3.0.1/txw2-2.3.0.1.jar:/home/runner/.m2/repository/com/sun/istack/istack-commons-runtime/3.0.5/istack-commons-runtime-3.0.5.jar:/home/runner/.m2/repository/org/jvnet/staxex/stax-ex/1.7.8/stax-ex-1.7.8.jar:/home/runner/.m2/repository/com/sun/xml/fastinfoset/FastInfoset/1.2.13/FastInfoset-1.2.13.jar:/home/runner/.m2/repository/javax/activation/activation/1.1.1/activation-1.1.1.jar:/home/runner/.m2/repository/io/grpc/grpc-protobuf/1.51.1/grpc-protobuf-1.51.1.jar:/home/runner/.m2/repository/com/google/api/grpc/proto-google-common-protos/2.9.0/proto-google-common-protos-2.9.0.jar:/home/runner/.m2/repository/io/grpc/grpc-protobuf-lite/1.51.1/grpc-protobuf-lite-1.51.1.jar:/home/runner/.m2/repository/io/grpc/grpc-stub/1.51.1/grpc-stub-1.51.1.jar:/home/runner/.m2/repository/io/netty/netty-transport/4.1.94.Final/netty-transport-4.1.94.Final.jar:/home/runner/.m2/repository/io/netty/netty-resolver/4.1.94.Final/netty-resolver-4.1.94.Final.jar:/home/runner/.m2/repository/org/apache/ozone/ozone-csi/1.4.0-SNAPSHOT/ozone-csi-1.4.0-SNAPSHOT.jar:/home/runner/.m2/repository/com/google/protobuf/protobuf-java-util/3.19.6/protobuf-java-util-3.19.6.jar:/home/runner/.m2/repository/com/google/code/gson/gson/2.9.0/gson-2.9.0.jar:/home/runner/.m2/repository/org/apache/ozone/hdds-config/1.4.0-SNAPSHOT/hdds-config-1.4.0-SNAPSHOT.jar:/home/runner/.m2/repository/io/netty/netty-transport-native-epoll/4.1.94.Final/netty-transport-native-epoll-4.1.94.Final-linux-x86_64.jar:/home/runner/.m2/repository/io/netty/netty-transport-classes-epoll/4.1.94.Final/netty-transport-classes-epoll-4.1.94.Final.jar:/home/runner/.m2/repository/io/netty/netty-transport-native-unix-common/4.1.94.Final/netty-transport-native-unix-common-4.1.94.Final.jar:/home/runner/.m2/repository/org/apache/ozone/ozone-recon/1.4.0-SNAPSHOT/ozone-recon-1.4.0-SNAPSHOT.jar:/home/runner/.m2/repository/org/apache/ozone/ozone-reconcodegen/1.4.0-SNAPSHOT/ozone-reconcodegen-1.4.0-SNAPSHOT.jar:/home/runner/.m2/repository/com/google/inject/guice/5.1.0/guice-5.1.0.jar:/home/runner/.m2/repository/aopalliance/aopalliance/1.0/aopalliance-1.0.jar:/home/runner/.m2/repository/com/google/inject/extensions/guice-assistedinject/5.1.0/guice-assistedinject-5.1.0.jar:/home/runner/.m2/repository/com/google/inject/extensions/guice-servlet/5.1.0/guice-servlet-5.1.0.jar:/home/runner/.m2/repository/org/glassfish/jersey/containers/jersey-container-servlet/2.34/jersey-container-servlet-2.34.jar:/home/runner/.m2/repository/org/glassfish/hk2/guice-bridge/2.5.0/guice-bridge-2.5.0.jar:/home/runner/.m2/repository/org/glassfish/jersey/core/jersey-server/2.34/jersey-server-2.34.jar:/home/runner/.m2/repository/org/glassfish/jersey/core/jersey-client/2.34/jersey-client-2.34.jar:/home/runner/.m2/repository/jakarta/annotation/jakarta.annotation-api/1.3.5/jakarta.annotation-api-1.3.5.jar:/home/runner/.m2/repository/jakarta/validation/jakarta.validation-api/2.0.2/jakarta.validation-api-2.0.2.jar:/home/runner/.m2/repository/org/glassfish/jersey/media/jersey-media-json-jackson/2.34/jersey-media-json-jackson-2.34.jar:/home/runner/.m2/repository/org/glassfish/jersey/ext/jersey-entity-filtering/2.34/jersey-entity-filtering-2.34.jar:/home/runner/.m2/repository/org/jooq/jooq/3.11.10/jooq-3.11.10.jar:/home/runner/.m2/repository/org/jooq/jooq-meta/3.11.10/jooq-meta-3.11.10.jar:/home/runner/.m2/repository/org/jooq/jooq-codegen/3.11.10/jooq-codegen-3.11.10.jar:/home/runner/.m2/repository/com/jolbox/bonecp/0.8.0.RELEASE/bonecp-0.8.0.RELEASE.jar:/home/runner/.m2/repository/org/apache/derby/derby/10.14.2.0/derby-10.14.2.0.jar:/home/runner/.m2/repository/org/xerial/sqlite-jdbc/3.41.2.2/sqlite-jdbc-3.41.2.2.jar:/home/runner/.m2/repository/org/springframework/spring-jdbc/5.3.27/spring-jdbc-5.3.27.jar:/home/runner/.m2/repository/org/springframework/spring-beans/5.3.27/spring-beans-5.3.27.jar:/home/runner/.m2/repository/org/springframework/spring-core/5.3.27/spring-core-5.3.27.jar:/home/runner/.m2/repository/org/springframework/spring-tx/5.3.27/spring-tx-5.3.27.jar:/home/runner/.m2/repository/org/apache/ozone/ozone-client/1.4.0-SNAPSHOT/ozone-client-1.4.0-SNAPSHOT.jar:/home/runner/.m2/repository/org/apache/ozone/hdds-erasurecode/1.4.0-SNAPSHOT/hdds-erasurecode-1.4.0-SNAPSHOT.jar:/home/runner/.m2/repository/org/apache/ozone/ozone-filesystem/1.4.0-SNAPSHOT/ozone-filesystem-1.4.0-SNAPSHOT.jar:/home/runner/.m2/repository/org/apache/ozone/ozone-filesystem-common/1.4.0-SNAPSHOT/ozone-filesystem-common-1.4.0-SNAPSHOT.jar:/home/runner/.m2/repository/org/apache/ozone/ozone-tools/1.4.0-SNAPSHOT/ozone-tools-1.4.0-SNAPSHOT.jar:/home/runner/.m2/repository/com/amazonaws/aws-java-sdk-core/1.12.261/aws-java-sdk-core-1.12.261.jar:/home/runner/.m2/repository/org/apache/httpcomponents/httpclient/4.5.13/httpclient-4.5.13.jar:/home/runner/.m2/repository/org/apache/httpcomponents/httpcore/4.4.13/httpcore-4.4.13.jar:/home/runner/.m2/repository/software/amazon/ion/ion-java/1.0.2/ion-java-1.0.2.jar:/home/runner/.m2/repository/com/fasterxml/jackson/dataformat/jackson-dataformat-cbor/2.13.4/jackson-dataformat-cbor-2.13.4.jar:/home/runner/.m2/repository/joda-time/joda-time/2.10.6/joda-time-2.10.6.jar:/home/runner/.m2/repository/com/amazonaws/aws-java-sdk-s3/1.12.261/aws-java-sdk-s3-1.12.261.jar:/home/runner/.m2/repository/com/amazonaws/aws-java-sdk-kms/1.12.261/aws-java-sdk-kms-1.12.261.jar:/home/runner/.m2/repository/com/amazonaws/jmespath-java/1.12.261/jmespath-java-1.12.261.jar:/home/runner/.m2/repository/org/kohsuke/metainf-services/metainf-services/1.8/metainf-services-1.8.jar:/home/runner/.m2/repository/org/apache/ozone/hdds-tools/1.4.0-SNAPSHOT/hdds-tools-1.4.0-SNAPSHOT.jar:/home/runner/.m2/repository/org/apache/ratis/ratis-tools/2.5.1/ratis-tools-2.5.1.jar:/home/runner/.m2/repository/commons-cli/commons-cli/1.2/commons-cli-1.2.jar:/home/runner/.m2/repository/org/apache/commons/commons-lang3/3.7/commons-lang3-3.7.jar:/home/runner/.m2/repository/org/apache/ozone/ozone-manager/1.4.0-SNAPSHOT/ozone-manager-1.4.0-SNAPSHOT-tests.jar:/home/runner/.m2/repository/org/apache/ozone/hdds-common/1.4.0-SNAPSHOT/hdds-common-1.4.0-SNAPSHOT-tests.jar:/home/runner/.m2/repository/org/apache/ozone/hdds-hadoop-dependency-client/1.4.0-SNAPSHOT/hdds-hadoop-dependency-client-1.4.0-SNAPSHOT.jar:/home/runner/.m2/repository/info/picocli/picocli/4.6.1/picocli-4.6.1.jar:/home/runner/.m2/repository/com/fasterxml/jackson/core/jackson-annotations/2.13.4/jackson-annotations-2.13.4.jar:/home/runner/.m2/repository/org/apache/ozone/hdds-annotation-processing/1.4.0-SNAPSHOT/hdds-annotation-processing-1.4.0-SNAPSHOT.jar:/home/runner/.m2/repository/javax/annotation/javax.annotation-api/1.2/javax.annotation-api-1.2.jar:/home/runner/.m2/repository/org/apache/ratis/ratis-netty/2.5.1/ratis-netty-2.5.1.jar:/home/runner/.m2/repository/org/apache/ratis/ratis-grpc/2.5.1/ratis-grpc-2.5.1.jar:/home/runner/.m2/repository/org/apache/commons/commons-pool2/2.6.0/commons-pool2-2.6.0.jar:/home/runner/.m2/repository/org/bouncycastle/bcpkix-jdk15on/1.67/bcpkix-jdk15on-1.67.jar:/home/runner/.m2/repository/commons-validator/commons-validator/1.6/commons-validator-1.6.jar:/home/runner/.m2/repository/commons-beanutils/commons-beanutils/1.9.4/commons-beanutils-1.9.4.jar:/home/runner/.m2/repository/commons-digester/commons-digester/1.8.1/commons-digester-1.8.1.jar:/home/runner/.m2/repository/commons-collections/commons-collections/3.2.2/commons-collections-3.2.2.jar:/home/runner/.m2/repository/io/jaegertracing/jaeger-client/1.6.0/jaeger-client-1.6.0.jar:/home/runner/.m2/repository/io/jaegertracing/jaeger-thrift/1.6.0/jaeger-thrift-1.6.0.jar:/home/runner/.m2/repository/org/apache/thrift/libthrift/0.14.1/libthrift-0.14.1.jar:/home/runner/.m2/repository/io/jaegertracing/jaeger-core/1.6.0/jaeger-core-1.6.0.jar:/home/runner/.m2/repository/io/jaegertracing/jaeger-tracerresolver/1.6.0/jaeger-tracerresolver-1.6.0.jar:/home/runner/.m2/repository/io/opentracing/contrib/opentracing-tracerresolver/0.1.8/opentracing-tracerresolver-0.1.8.jar:/home/runner/.m2/repository/org/jetbrains/kotlin/kotlin-stdlib/1.6.21/kotlin-stdlib-1.6.21.jar:/home/runner/.m2/repository/org/jetbrains/annotations/13.0/annotations-13.0.jar:/home/runner/.m2/repository/io/opentracing/opentracing-util/0.33.0/opentracing-util-0.33.0.jar:/home/runner/.m2/repository/io/opentracing/opentracing-api/0.33.0/opentracing-api-0.33.0.jar:/home/runner/.m2/repository/io/opentracing/opentracing-noop/0.33.0/opentracing-noop-0.33.0.jar:/home/runner/.m2/repository/org/yaml/snakeyaml/2.0/snakeyaml-2.0.jar:/home/runner/.m2/repository/io/grpc/grpc-api/1.51.1/grpc-api-1.51.1.jar:/home/runner/.m2/repository/io/grpc/grpc-context/1.51.1/grpc-context-1.51.1.jar:/home/runner/.m2/repository/junit/junit/4.13.1/junit-4.13.1.jar:/home/runner/.m2/repository/org/hamcrest/hamcrest-core/1.3/hamcrest-core-1.3.jar:/home/runner/.m2/repository/org/junit/jupiter/junit-jupiter-api/5.8.2/junit-jupiter-api-5.8.2.jar:/home/runner/.m2/repository/org/opentest4j/opentest4j/1.2.0/opentest4j-1.2.0.jar:/home/runner/.m2/repository/org/junit/platform/junit-platform-commons/1.8.2/junit-platform-commons-1.8.2.jar:/home/runner/.m2/repository/org/apiguardian/apiguardian-api/1.1.2/apiguardian-api-1.1.2.jar:/home/runner/.m2/repository/org/junit/jupiter/junit-jupiter-params/5.8.2/junit-jupiter-params-5.8.2.jar:/home/runner/.m2/repository/org/junit/jupiter/junit-jupiter-migrationsupport/5.8.2/junit-jupiter-migrationsupport-5.8.2.jar:/home/runner/.m2/repository/org/junit/jupiter/junit-jupiter-engine/5.8.2/junit-jupiter-engine-5.8.2.jar:/home/runner/.m2/repository/org/junit/platform/junit-platform-engine/1.8.2/junit-platform-engine-1.8.2.jar:/home/runner/.m2/repository/org/junit/vintage/junit-vintage-engine/5.8.2/junit-vintage-engine-5.8.2.jar:/home/runner/.m2/repository/org/junit/platform/junit-platform-launcher/1.8.2/junit-platform-launcher-1.8.2.jar:/home/runner/.m2/repository/org/mockito/mockito-core/3.5.9/mockito-core-3.5.9.jar:/home/runner/.m2/repository/net/bytebuddy/byte-buddy/1.10.13/byte-buddy-1.10.13.jar:/home/runner/.m2/repository/net/bytebuddy/byte-buddy-agent/1.10.13/byte-buddy-agent-1.10.13.jar:/home/runner/.m2/repository/org/objenesis/objenesis/1.0/objenesis-1.0.jar:/home/runner/.m2/repository/org/apache/hadoop/hadoop-kms/3.3.6/hadoop-kms-3.3.6.jar:/home/runner/.m2/repository/org/apache/hadoop/hadoop-auth/3.3.6/hadoop-auth-3.3.6.jar:/home/runner/.m2/repository/com/nimbusds/nimbus-jose-jwt/9.8.1/nimbus-jose-jwt-9.8.1.jar:/home/runner/.m2/repository/com/github/stephenc/jcip/jcip-annotations/1.0-1/jcip-annotations-1.0-1.jar:/home/runner/.m2/repository/org/apache/zookeeper/zookeeper/3.5.6/zookeeper-3.5.6.jar:/home/runner/.m2/repository/org/apache/zookeeper/zookeeper-jute/3.5.6/zookeeper-jute-3.5.6.jar:/home/runner/.m2/repository/org/apache/yetus/audience-annotations/0.5.0/audience-annotations-0.5.0.jar:/home/runner/.m2/repository/org/apache/curator/curator-framework/4.2.0/curator-framework-4.2.0.jar:/home/runner/.m2/repository/org/apache/hadoop/thirdparty/hadoop-shaded-guava/1.1.1/hadoop-shaded-guava-1.1.1.jar:/home/runner/.m2/repository/com/sun/jersey/jersey-core/1.19/jersey-core-1.19.jar:/home/runner/.m2/repository/javax/ws/rs/jsr311-api/1.1.1/jsr311-api-1.1.1.jar:/home/runner/.m2/repository/com/sun/jersey/jersey-server/1.19/jersey-server-1.19.jar:/home/runner/.m2/repository/javax/servlet/javax.servlet-api/3.1.0/javax.servlet-api-3.1.0.jar:/home/runner/.m2/repository/org/apache/hadoop/hadoop-common/3.3.6/hadoop-common-3.3.6.jar:/home/runner/.m2/repository/org/apache/commons/commons-math3/3.1.1/commons-math3-3.1.1.jar:/home/runner/.m2/repository/commons-net/commons-net/3.9.0/commons-net-3.9.0.jar:/home/runner/.m2/repository/com/sun/jersey/jersey-servlet/1.19/jersey-servlet-1.19.jar:/home/runner/.m2/repository/com/github/pjfanning/jersey-json/1.20/jersey-json-1.20.jar:/home/runner/.m2/repository/org/codehaus/jettison/jettison/1.1/jettison-1.1.jar:/home/runner/.m2/repository/com/sun/xml/bind/jaxb-impl/2.2.3-1/jaxb-impl-2.2.3-1.jar:/home/runner/.m2/repository/com/google/re2j/re2j/1.1/re2j-1.1.jar:/home/runner/.m2/repository/com/jcraft/jsch/0.1.54/jsch-0.1.54.jar:/home/runner/.m2/repository/org/apache/curator/curator-client/4.2.0/curator-client-4.2.0.jar:/home/runner/.m2/repository/org/apache/curator/curator-recipes/5.2.0/curator-recipes-5.2.0.jar:/home/runner/.m2/repository/org/apache/kerby/kerb-core/1.0.1/kerb-core-1.0.1.jar:/home/runner/.m2/repository/org/apache/kerby/kerby-pkix/1.0.1/kerby-pkix-1.0.1.jar:/home/runner/.m2/repository/org/apache/kerby/kerby-asn1/1.0.1/kerby-asn1-1.0.1.jar:/home/runner/.m2/repository/org/apache/kerby/kerby-util/1.0.1/kerby-util-1.0.1.jar:/home/runner/.m2/repository/dnsjava/dnsjava/2.1.7/dnsjava-2.1.7.jar:/home/runner/.m2/repository/org/xerial/snappy/snappy-java/1.1.8.2/snappy-java-1.1.8.2.jar:/home/runner/.m2/repository/com/fasterxml/jackson/core/jackson-databind/2.13.4.2/jackson-databind-2.13.4.2.jar:/home/runner/.m2/repository/org/apache/hadoop/hadoop-kms/3.3.6/hadoop-kms-3.3.6-tests.jar:/home/runner/.m2/repository/org/apache/ozone/hdds-server-scm/1.4.0-SNAPSHOT/hdds-server-scm-1.4.0-SNAPSHOT-tests.jar:/home/runner/.m2/repository/org/apache/ozone/hdds-container-service/1.4.0-SNAPSHOT/hdds-container-service-1.4.0-SNAPSHOT-tests.jar:/home/runner/.m2/repository/com/github/luben/zstd-jni/1.5.2-5/zstd-jni-1.5.2-5.jar:/home/runner/.m2/repository/commons-codec/commons-codec/1.15/commons-codec-1.15.jar:/home/runner/.m2/repository/io/netty/netty-codec/4.1.94.Final/netty-codec-4.1.94.Final.jar:/home/runner/.m2/repository/io/netty/netty-handler/4.1.94.Final/netty-handler-4.1.94.Final.jar:/home/runner/.m2/repository/org/apache/ozone/hdds-hadoop-dependency-test/1.4.0-SNAPSHOT/hdds-hadoop-dependency-test-1.4.0-SNAPSHOT.jar:/home/runner/.m2/repository/org/apache/hadoop/hadoop-common/3.3.6/hadoop-common-3.3.6-tests.jar:/home/runner/.m2/repository/org/apache/hadoop/hadoop-hdfs/3.3.6/hadoop-hdfs-3.3.6-tests.jar:/home/runner/.m2/repository/org/assertj/assertj-core/3.12.2/assertj-core-3.12.2.jar:/home/runner/.m2/repository/org/apache/hadoop/hadoop-distcp/3.3.6/hadoop-distcp-3.3.6.jar:/home/runner/.m2/repository/org/apache/hadoop/hadoop-mapreduce-client-jobclient/3.3.6/hadoop-mapreduce-client-jobclient-3.3.6.jar:/home/runner/.m2/repository/org/apache/hadoop/hadoop-mapreduce-client-common/3.3.6/hadoop-mapreduce-client-common-3.3.6.jar:/home/runner/.m2/repository/org/apache/hadoop/hadoop-yarn-common/3.3.6/hadoop-yarn-common-3.3.6.jar:/home/runner/.m2/repository/org/apache/hadoop/hadoop-yarn-api/3.3.6/hadoop-yarn-api-3.3.6.jar:/home/runner/.m2/repository/com/sun/jersey/contribs/jersey-guice/1.19/jersey-guice-1.19.jar:/home/runner/.m2/repository/com/fasterxml/jackson/jaxrs/jackson-jaxrs-json-provider/2.13.4/jackson-jaxrs-json-provider-2.13.4.jar:/home/runner/.m2/repository/com/fasterxml/jackson/jaxrs/jackson-jaxrs-base/2.13.4/jackson-jaxrs-base-2.13.4.jar:/home/runner/.m2/repository/org/apache/hadoop/hadoop-yarn-client/3.3.6/hadoop-yarn-client-3.3.6.jar:/home/runner/.m2/repository/org/eclipse/jetty/websocket/websocket-client/9.4.51.v20230217/websocket-client-9.4.51.v20230217.jar:/home/runner/.m2/repository/org/eclipse/jetty/websocket/websocket-common/9.4.51.v20230217/websocket-common-9.4.51.v20230217.jar:/home/runner/.m2/repository/org/eclipse/jetty/websocket/websocket-api/9.4.51.v20230217/websocket-api-9.4.51.v20230217.jar:/home/runner/.m2/repository/org/jline/jline/3.9.0/jline-3.9.0.jar:/home/runner/.m2/repository/org/apache/hadoop/hadoop-mapreduce-client-core/3.3.6/hadoop-mapreduce-client-core-3.3.6.jar:/home/runner/.m2/repository/org/apache/avro/avro/1.7.7/avro-1.7.7.jar:/home/runner/.m2/repository/com/thoughtworks/paranamer/paranamer/2.3/paranamer-2.3.jar:/home/runner/.m2/repository/org/apache/hadoop/hadoop-annotations/3.3.6/hadoop-annotations-3.3.6.jar:/usr/lib/jvm/temurin-8-jdk-amd64/jre/../lib/tools.jar:/home/runner/.m2/repository/io/netty/netty/3.10.6.Final/netty-3.10.6.Final.jar:/home/runner/.m2/repository/org/apache/hadoop/hadoop-distcp/3.3.6/hadoop-distcp-3.3.6-tests.jar:/home/runner/.m2/repository/org/slf4j/jul-to-slf4j/1.7.36/jul-to-slf4j-1.7.36.jar:"/>
    <property name="sun.cpu.endian" value="little"/>
    <property name="user.home" value="/home/runner"/>
    <property name="user.language" value="en"/>
    <property name="java.specification.vendor" value="Oracle Corporation"/>
    <property name="java.home" value="/usr/lib/jvm/temurin-8-jdk-amd64/jre"/>
    <property name="java.security.krb5.conf" value="/home/runner/work/ozone/ozone/hadoop-ozone/integration-test/target/test-dir/TestSecureOzoneCluster/1694692261627/krb5.conf"/>
    <property name="file.separator" value="/"/>
    <property name="basedir" value="/home/runner/work/ozone/ozone/hadoop-ozone/integration-test"/>
    <property name="line.separator" value="&#10;"/>
    <property name="java.vm.specification.vendor" value="Oracle Corporation"/>
    <property name="java.specification.name" value="Java Platform API Specification"/>
    <property name="skip.installnpx" value="true"/>
    <property name="java.awt.graphicsenv" value="sun.awt.X11GraphicsEnvironment"/>
    <property name="surefire.real.class.path" value="/home/runner/work/ozone/ozone/hadoop-ozone/integration-test/target/surefire/surefirebooter8375743635972796486.jar:/home/runner/.m2/repository/org/jacoco/org.jacoco.agent/0.8.5/org.jacoco.agent-0.8.5-runtime.jar"/>
    <property name="sun.boot.class.path" value="/usr/lib/jvm/temurin-8-jdk-amd64/jre/lib/resources.jar:/usr/lib/jvm/temurin-8-jdk-amd64/jre/lib/rt.jar:/usr/lib/jvm/temurin-8-jdk-amd64/jre/lib/sunrsasign.jar:/usr/lib/jvm/temurin-8-jdk-amd64/jre/lib/jsse.jar:/usr/lib/jvm/temurin-8-jdk-amd64/jre/lib/jce.jar:/usr/lib/jvm/temurin-8-jdk-amd64/jre/lib/charsets.jar:/usr/lib/jvm/temurin-8-jdk-amd64/jre/lib/jfr.jar:/usr/lib/jvm/temurin-8-jdk-amd64/jre/classes"/>
    <property name="hadoop.log.dir" value="/home/runner/work/ozone/ozone/hadoop-ozone/integration-test/target/log"/>
    <property name="sun.management.compiler" value="HotSpot 64-Bit Tiered Compilers"/>
    <property name="java.runtime.version" value="1.8.0_382-b05"/>
    <property name="skip.npx" value="true"/>
    <property name="user.name" value="runner"/>
    <property name="java.net.preferIPv4Stack" value="true"/>
    <property name="path.separator" value=":"/>
    <property name="java.security.egd" value="file:///dev/urandom"/>
    <property name="os.version" value="5.15.0-1046-azure"/>
    <property name="java.endorsed.dirs" value="/usr/lib/jvm/temurin-8-jdk-amd64/jre/lib/endorsed"/>
    <property name="java.runtime.name" value="OpenJDK Runtime Environment"/>
    <property name="file.encoding" value="UTF-8"/>
    <property name="java.vm.name" value="OpenJDK 64-Bit Server VM"/>
    <property name="test.build.webapps" value=""/>
    <property name="localRepository" value="/home/runner/.m2/repository"/>
    <property name="jetty.git.hash" value="b45c405e4544384de066f814ed42ae3dceacdd49"/>
    <property name="java.vendor.url.bug" value="https://github.com/adoptium/adoptium-support/issues"/>
    <property name="require.test.libhadoop" value=""/>
    <property name="java.io.tmpdir" value="/tmp"/>
    <property name="java.version" value="1.8.0_382"/>
    <property name="user.dir" value="/home/runner/work/ozone/ozone/hadoop-ozone/integration-test"/>
    <property name="os.arch" value="amd64"/>
    <property name="test.build.classes" value="/home/runner/work/ozone/ozone/hadoop-ozone/integration-test/target/test-classes"/>
    <property name="java.vm.specification.name" value="Java Virtual Machine Specification"/>
    <property name="java.awt.printerjob" value="sun.print.PSPrinterJob"/>
    <property name="sun.os.patch.level" value="unknown"/>
    <property name="org.apache.ratis.thirdparty.io.netty.allocator.useCacheForAllThreads" value="false"/>
    <property name="hadoop.tmp.dir" value="/home/runner/work/ozone/ozone/hadoop-ozone/integration-test/target/tmp"/>
    <property name="java.library.path" value="/usr/java/packages/lib/amd64:/usr/lib64:/lib64:/lib:/usr/lib"/>
    <property name="java.vendor" value="Temurin"/>
    <property name="java.vm.info" value="mixed mode"/>
    <property name="java.vm.version" value="25.382-b05"/>
    <property name="java.specification.maintenance.version" value="5"/>
    <property name="sun.io.unicode.encoding" value="UnicodeLittle"/>
    <property name="java.ext.dirs" value="/usr/lib/jvm/temurin-8-jdk-amd64/jre/lib/ext:/usr/java/packages/lib/ext"/>
    <property name="java.class.version" value="52.0"/>
  </properties>
  <testcase name="testSCMSecurityProtocol" classname="org.apache.hadoop.ozone.TestSecureOzoneCluster" time="8.116">
    <system-out><![CDATA[2023-09-14 11:48:46,404 [Time-limited test] INFO  net.ServerSocketUtil (ServerSocketUtil.java:getPort(55)) - Using port 9860
2023-09-14 11:48:46,405 [Time-limited test] INFO  net.ServerSocketUtil (ServerSocketUtil.java:getPort(55)) - Using port 9861
2023-09-14 11:48:46,405 [Time-limited test] INFO  net.ServerSocketUtil (ServerSocketUtil.java:getPort(55)) - Using port 9863
2023-09-14 11:48:46,405 [Time-limited test] INFO  net.ServerSocketUtil (ServerSocketUtil.java:getPort(55)) - Using port 9961
2023-09-14 11:48:46,405 [Time-limited test] INFO  net.ServerSocketUtil (ServerSocketUtil.java:getPort(55)) - Using port 1200
2023-09-14 11:48:46,406 [Time-limited test] INFO  net.ServerSocketUtil (ServerSocketUtil.java:getPort(55)) - Using port 1201
2023-09-14 11:48:46,412 [Time-limited test] INFO  minikdc.MiniKdc (MiniKdc.java:<init>(225)) - Configuration:
2023-09-14 11:48:46,412 [Time-limited test] INFO  minikdc.MiniKdc (MiniKdc.java:<init>(226)) - ---------------------------------------------------------------
2023-09-14 11:48:46,413 [Time-limited test] INFO  minikdc.MiniKdc (MiniKdc.java:<init>(228)) -   debug: false
2023-09-14 11:48:46,413 [Time-limited test] INFO  minikdc.MiniKdc (MiniKdc.java:<init>(228)) -   transport: TCP
2023-09-14 11:48:46,413 [Time-limited test] INFO  minikdc.MiniKdc (MiniKdc.java:<init>(228)) -   max.ticket.lifetime: 86400000
2023-09-14 11:48:46,413 [Time-limited test] INFO  minikdc.MiniKdc (MiniKdc.java:<init>(228)) -   org.name: EXAMPLE
2023-09-14 11:48:46,414 [Time-limited test] INFO  minikdc.MiniKdc (MiniKdc.java:<init>(228)) -   kdc.port: 0
2023-09-14 11:48:46,414 [Time-limited test] INFO  minikdc.MiniKdc (MiniKdc.java:<init>(228)) -   org.domain: COM
2023-09-14 11:48:46,414 [Time-limited test] INFO  minikdc.MiniKdc (MiniKdc.java:<init>(228)) -   max.renewable.lifetime: 604800000
2023-09-14 11:48:46,414 [Time-limited test] INFO  minikdc.MiniKdc (MiniKdc.java:<init>(228)) -   instance: DefaultKrbServer
2023-09-14 11:48:46,414 [Time-limited test] INFO  minikdc.MiniKdc (MiniKdc.java:<init>(228)) -   kdc.bind.address: localhost
2023-09-14 11:48:46,414 [Time-limited test] INFO  minikdc.MiniKdc (MiniKdc.java:<init>(230)) - ---------------------------------------------------------------
2023-09-14 11:48:46,512 [Time-limited test] INFO  minikdc.MiniKdc (MiniKdc.java:start(285)) - MiniKdc started.
2023-09-14 11:48:47,522 [Time-limited test] INFO  audit.AuditLogger (AuditLogger.java:refreshDebugCmdSet(126)) - Refresh DebugCmdSet for OMAudit to [].
2023-09-14 11:48:47,869 [Time-limited test] INFO  om.OzoneManager (OzoneManager.java:getOmDetailsProto(4573)) - OzoneManager ports added:[name: "RPC"
value: 1202
]
2023-09-14 11:48:47,879 [Time-limited test] WARN  server.ServerUtils (ServerUtils.java:getScmDbDir(155)) - ozone.scm.db.dirs is not configured. We recommend adding this setting. Falling back to ozone.metadata.dirs instead.
2023-09-14 11:48:48,073 [Time-limited test] INFO  reflections.Reflections (Reflections.java:scan(232)) - Reflections took 162 ms to scan 7 urls, producing 161 keys and 379 values 
2023-09-14 11:48:48,161 [Time-limited test] INFO  ha.HASecurityUtils (HASecurityUtils.java:initializeSecurity(98)) - Initializing secure StorageContainerManager.
2023-09-14 11:48:48,316 [Time-limited test] INFO  client.SCMCertificateClient (DefaultCertificateClient.java:updateCertSerialId(1244)) - Certificate serial ID set to null
2023-09-14 11:48:48,317 [Time-limited test] ERROR client.SCMCertificateClient (DefaultCertificateClient.java:getCertPath(362)) - Default certificate serial id is not set. Can't locate the default certificate for this client.
2023-09-14 11:48:48,317 [Time-limited test] INFO  client.SCMCertificateClient (DefaultCertificateClient.java:init(715)) - Certificate client init case: 0
2023-09-14 11:48:48,321 [Time-limited test] INFO  client.SCMCertificateClient (SCMCertificateClient.java:handleCase(103)) - Creating keypair for client as keypair and certificate not found.
2023-09-14 11:48:48,661 [Time-limited test] INFO  ha.HASecurityUtils (HASecurityUtils.java:initializeSecurity(108)) - Init response: GETCERT
2023-09-14 11:48:48,849 [Time-limited test] INFO  ozone.OzoneSecurityUtil (OzoneSecurityUtil.java:getValidInetsForCurrentHost(119)) - ip:fe80:0:0:0:20d:3aff:fe15:5b9%eth0 not returned.
2023-09-14 11:48:48,850 [Time-limited test] INFO  ozone.OzoneSecurityUtil (OzoneSecurityUtil.java:getValidInetsForCurrentHost(116)) - Adding ip:10.1.136.0,host:fv-az240-193.bcold04rutgefduts2gkrghvsa.bx.internal.cloudapp.net
2023-09-14 11:48:48,850 [Time-limited test] INFO  ozone.OzoneSecurityUtil (OzoneSecurityUtil.java:getValidInetsForCurrentHost(119)) - ip:0:0:0:0:0:0:0:1%lo not returned.
2023-09-14 11:48:48,850 [Time-limited test] INFO  ozone.OzoneSecurityUtil (OzoneSecurityUtil.java:getValidInetsForCurrentHost(119)) - ip:127.0.0.1 not returned.
2023-09-14 11:48:48,902 [Time-limited test] INFO  utils.SelfSignedCertificate (SelfSignedCertificate.java:generateCertificate(157)) - Certificate 1 is issued by CN=scm-1@fv-az240-193,OU=2ff83726-2700-48a7-8ec0-67ad7111fb57,O=65afceee-8ca1-44b7-8ed3-4d31be2182fa to CN=scm-1@fv-az240-193,OU=2ff83726-2700-48a7-8ec0-67ad7111fb57,O=65afceee-8ca1-44b7-8ed3-4d31be2182fa, valid from Thu Sep 14 11:48:48 UTC 2023 to Sun Oct 22 11:48:48 UTC 2028
2023-09-14 11:48:48,915 [Time-limited test] INFO  utils.CertificateCodec (CertificateCodec.java:writeCertificate(299)) - Save certificate to /tmp/junit1606083132819022748/junit9220723356542833374/scm-meta/scm/ca/certs/certificate.crt
2023-09-14 11:48:48,915 [Time-limited test] INFO  utils.CertificateCodec (CertificateCodec.java:writeCertificate(300)) - Certificate -----BEGIN CERTIFICATE-----
MIID5zCCAs+gAwIBAgIBATANBgkqhkiG9w0BAQsFADB7MRswGQYDVQQDDBJzY20t
MUBmdi1hejI0MC0xOTMxLTArBgNVBAsMJDJmZjgzNzI2LTI3MDAtNDhhNy04ZWMw
LTY3YWQ3MTExZmI1NzEtMCsGA1UECgwkNjVhZmNlZWUtOGNhMS00NGI3LThlZDMt
NGQzMWJlMjE4MmZhMB4XDTIzMDkxNDExNDg0OFoXDTI4MTAyMjExNDg0OFowezEb
MBkGA1UEAwwSc2NtLTFAZnYtYXoyNDAtMTkzMS0wKwYDVQQLDCQyZmY4MzcyNi0y
NzAwLTQ4YTctOGVjMC02N2FkNzExMWZiNTcxLTArBgNVBAoMJDY1YWZjZWVlLThj
YTEtNDRiNy04ZWQzLTRkMzFiZTIxODJmYTCCASIwDQYJKoZIhvcNAQEBBQADggEP
ADCCAQoCggEBAK2A0lHh828xEopOYNdOYbF8afj0h0/rbo4YkO8/r4W3QtYk/uLQ
UUa3v51TAMiNmb+oU86JMLRt/RuB2F6uLGGOpuKWZOmvQtIz5q3gCkSHrJOMcLsB
42VHGmnH5v4R8/xz5T/5tj/J3vAlUGd45ZK3Usov1HWSqNEj9lr2ILCOAVegYQyh
YlHcgfelhGdqgYNmw3fnTOYEwF/HSHZasgNrDILzO6nRW34GXuf2N14pKB03fqAV
hspjPeKiQL8q6zwe20T1QiCq4n5kNLa8DbWcY8YI83PyH8VwmFa/oE0t9aMTK/U5
3VC62Mn6GddR/R3PD97lQZ4J6ZfCiVrXYm0CAwEAAaN2MHQwDwYDVR0TAQH/BAUw
AwEB/zAOBgNVHQ8BAf8EBAMCAQYwUQYDVR0RBEowSIcECgGIAIJAZnYtYXoyNDAt
MTkzLmJjb2xkMDRydXRnZWZkdXRzMmdrcmdodnNhLmJ4LmludGVybmFsLmNsb3Vk
YXBwLm5ldDANBgkqhkiG9w0BAQsFAAOCAQEAhVD7CW0bO43tEyv0Mrc+tK/GHeOy
VbOzS+Rq8Gzk1nC1Z3HBTdMAowUtAyO88ctiGN4FytOv7ZAE0Rax2Pkx+M+QZxCS
XqRxwXaaOVtm69MDK+E3T6yRjkmmKd6pFaCfHH7CD2e/oJ7pmLuturPP85aFhohH
EM6tTqp4GCEngPDw+lc6NYDXYNRsocyMOcb6bDeQXPvkQYKjgn4rCqtXRtoQEkW4
NfavR5tLB4URWPoawl9xW0szBkX6VfZno9S+cHUyYPYJNTLkdVWWP2dSyNbSgSi5
vG+veb6S7xNJlwdjH4WaNTU5uChGy8seSOSSh4ZO0QyK+aj7JZ4Xk7p7MQ==
-----END CERTIFICATE-----

2023-09-14 11:48:49,003 [Time-limited test] INFO  client.SCMCertificateClient (SCMCertificateClient.java:getCSRBuilder(165)) - Creating csr for SCM->hostName:fv-az240-193,scmId:2ff83726-2700-48a7-8ec0-67ad7111fb57,clusterId:65afceee-8ca1-44b7-8ed3-4d31be2182fa,subject:scm-sub-1953201562098@fv-az240-193
2023-09-14 11:48:49,004 [Time-limited test] INFO  ozone.OzoneSecurityUtil (OzoneSecurityUtil.java:getValidInetsForCurrentHost(119)) - ip:fe80:0:0:0:20d:3aff:fe15:5b9%eth0 not returned.
2023-09-14 11:48:49,004 [Time-limited test] INFO  ozone.OzoneSecurityUtil (OzoneSecurityUtil.java:getValidInetsForCurrentHost(116)) - Adding ip:10.1.136.0,host:fv-az240-193.bcold04rutgefduts2gkrghvsa.bx.internal.cloudapp.net
2023-09-14 11:48:49,004 [Time-limited test] INFO  ozone.OzoneSecurityUtil (OzoneSecurityUtil.java:getValidInetsForCurrentHost(119)) - ip:0:0:0:0:0:0:0:1%lo not returned.
2023-09-14 11:48:49,005 [Time-limited test] INFO  ozone.OzoneSecurityUtil (OzoneSecurityUtil.java:getValidInetsForCurrentHost(119)) - ip:127.0.0.1 not returned.
2023-09-14 11:48:49,005 [Time-limited test] INFO  ha.HASecurityUtils (HASecurityUtils.java:generateCSR(308)) - Creating csr for SCM->hostName:fv-az240-193,scmId:2ff83726-2700-48a7-8ec0-67ad7111fb57,clusterId:65afceee-8ca1-44b7-8ed3-4d31be2182fa,subject:scm-sub-1953203664604@fv-az240-193
2023-09-14 11:48:49,052 [Time-limited test] INFO  authority.DefaultApprover (DefaultApprover.java:sign(154)) - Extensions in CSR: 2.5.29.19, 2.5.29.15, 2.5.29.17
2023-09-14 11:48:49,053 [Time-limited test] INFO  authority.DefaultApprover (DefaultApprover.java:sign(158)) - Extensions to add to the certificate if they present in CSR: 2.5.29.17, 2.5.29.19, 1.3.6.1.5.5.7.1.12, 2.5.29.35, 2.5.29.37, 2.5.29.15
2023-09-14 11:48:49,076 [Time-limited test] INFO  utils.CertificateCodec (CertificateCodec.java:writeCertificate(299)) - Save certificate to /tmp/junit1606083132819022748/junit9220723356542833374/scm-meta/scm/sub-ca/certs/CA-1.crt
2023-09-14 11:48:49,076 [Time-limited test] INFO  utils.CertificateCodec (CertificateCodec.java:writeCertificate(300)) - Certificate -----BEGIN CERTIFICATE-----
MIID5zCCAs+gAwIBAgIBATANBgkqhkiG9w0BAQsFADB7MRswGQYDVQQDDBJzY20t
MUBmdi1hejI0MC0xOTMxLTArBgNVBAsMJDJmZjgzNzI2LTI3MDAtNDhhNy04ZWMw
LTY3YWQ3MTExZmI1NzEtMCsGA1UECgwkNjVhZmNlZWUtOGNhMS00NGI3LThlZDMt
NGQzMWJlMjE4MmZhMB4XDTIzMDkxNDExNDg0OFoXDTI4MTAyMjExNDg0OFowezEb
MBkGA1UEAwwSc2NtLTFAZnYtYXoyNDAtMTkzMS0wKwYDVQQLDCQyZmY4MzcyNi0y
NzAwLTQ4YTctOGVjMC02N2FkNzExMWZiNTcxLTArBgNVBAoMJDY1YWZjZWVlLThj
YTEtNDRiNy04ZWQzLTRkMzFiZTIxODJmYTCCASIwDQYJKoZIhvcNAQEBBQADggEP
ADCCAQoCggEBAK2A0lHh828xEopOYNdOYbF8afj0h0/rbo4YkO8/r4W3QtYk/uLQ
UUa3v51TAMiNmb+oU86JMLRt/RuB2F6uLGGOpuKWZOmvQtIz5q3gCkSHrJOMcLsB
42VHGmnH5v4R8/xz5T/5tj/J3vAlUGd45ZK3Usov1HWSqNEj9lr2ILCOAVegYQyh
YlHcgfelhGdqgYNmw3fnTOYEwF/HSHZasgNrDILzO6nRW34GXuf2N14pKB03fqAV
hspjPeKiQL8q6zwe20T1QiCq4n5kNLa8DbWcY8YI83PyH8VwmFa/oE0t9aMTK/U5
3VC62Mn6GddR/R3PD97lQZ4J6ZfCiVrXYm0CAwEAAaN2MHQwDwYDVR0TAQH/BAUw
AwEB/zAOBgNVHQ8BAf8EBAMCAQYwUQYDVR0RBEowSIcECgGIAIJAZnYtYXoyNDAt
MTkzLmJjb2xkMDRydXRnZWZkdXRzMmdrcmdodnNhLmJ4LmludGVybmFsLmNsb3Vk
YXBwLm5ldDANBgkqhkiG9w0BAQsFAAOCAQEAhVD7CW0bO43tEyv0Mrc+tK/GHeOy
VbOzS+Rq8Gzk1nC1Z3HBTdMAowUtAyO88ctiGN4FytOv7ZAE0Rax2Pkx+M+QZxCS
XqRxwXaaOVtm69MDK+E3T6yRjkmmKd6pFaCfHH7CD2e/oJ7pmLuturPP85aFhohH
EM6tTqp4GCEngPDw+lc6NYDXYNRsocyMOcb6bDeQXPvkQYKjgn4rCqtXRtoQEkW4
NfavR5tLB4URWPoawl9xW0szBkX6VfZno9S+cHUyYPYJNTLkdVWWP2dSyNbSgSi5
vG+veb6S7xNJlwdjH4WaNTU5uChGy8seSOSSh4ZO0QyK+aj7JZ4Xk7p7MQ==
-----END CERTIFICATE-----

2023-09-14 11:48:49,082 [Time-limited test] INFO  utils.CertificateCodec (CertificateCodec.java:writeCertificate(299)) - Save certificate to /tmp/junit1606083132819022748/junit9220723356542833374/scm-meta/scm/sub-ca/certs/1953249455525.crt
2023-09-14 11:48:49,082 [Time-limited test] INFO  utils.CertificateCodec (CertificateCodec.java:writeCertificate(300)) - Certificate -----BEGIN CERTIFICATE-----
MIID/TCCAuWgAwIBAgIGAcbGvW2lMA0GCSqGSIb3DQEBCwUAMHsxGzAZBgNVBAMM
EnNjbS0xQGZ2LWF6MjQwLTE5MzEtMCsGA1UECwwkMmZmODM3MjYtMjcwMC00OGE3
LThlYzAtNjdhZDcxMTFmYjU3MS0wKwYDVQQKDCQ2NWFmY2VlZS04Y2ExLTQ0Yjct
OGVkMy00ZDMxYmUyMTgyZmEwHhcNMjMwOTE0MTE0ODQ5WhcNMjgxMDIyMTE0ODQ5
WjCBizErMCkGA1UEAwwic2NtLXN1Yi0xOTUzMjAzNjY0NjA0QGZ2LWF6MjQwLTE5
MzEtMCsGA1UECwwkMmZmODM3MjYtMjcwMC00OGE3LThlYzAtNjdhZDcxMTFmYjU3
MS0wKwYDVQQKDCQ2NWFmY2VlZS04Y2ExLTQ0YjctOGVkMy00ZDMxYmUyMTgyZmEw
ggEiMA0GCSqGSIb3DQEBAQUAA4IBDwAwggEKAoIBAQCgycDbbZHoVQvY+UBX8CM0
4zsjTxgoGXiur7voPMigt7Epy1/37P/49XC9dOqPFsPBh5FLIhOObpoeYlbRlYW9
UE21vOvRhvw+7UXEhzR4PJ3Uw9I0EBStLh8Zxfi7IyC6am+tejLn4QhWrd9RHytl
cyypGbMSJUQYxy86Uv4MKMYvkBEpzfKxHF/vnhR6oAOOnUogwKYRKlXTNpC0R+SW
YLBWhKA29cS/ZSAi8KvhZFajnAsTs25kqS7irjQi5dFAApe86sT5U3YWRlxgCjCp
g2EQOgfuE9hsnTUYcE2zn0mokiAoMsqSi+9D+grYCEfDSzIJR2VnhuAaChFdos8H
AgMBAAGjdjB0MFEGA1UdEQRKMEiHBAoBiACCQGZ2LWF6MjQwLTE5My5iY29sZDA0
cnV0Z2VmZHV0czJna3JnaHZzYS5ieC5pbnRlcm5hbC5jbG91ZGFwcC5uZXQwDwYD
VR0TAQH/BAUwAwEB/zAOBgNVHQ8BAf8EBAMCAb4wDQYJKoZIhvcNAQELBQADggEB
AHJXSGyyr9hKU2jvbUgmDNVShZ1OeNEY16s954qa094RelgiSFx7yoz/N0yN2qYA
pPQoqXJ6cGzzSYZ0T7xQ2lD+nrk37pNWi5Zq0oOFJen5xdbp9evuVFgfb24EKT/t
ZmiRLkNnkPzpdzqK8WTlY5GCHT0EWTszkLb9K1NcZxYvdLEP3Hb7JgdNO4xuzWBj
MvMNCpycEaIjy7OCSLJnC2N3etF2usGTSk59DUJZwdXxuNzQnclB29v65xxexbY0
LLOg5WkG5F4va6z1KIT98Y5VgREn+vOS+CENMkNDC+Pyx/70jvKctpCYT5hSTM8a
//U05t7mEBD9tFvW4+VNf3Q=
-----END CERTIFICATE-----

-----BEGIN CERTIFICATE-----
MIID5zCCAs+gAwIBAgIBATANBgkqhkiG9w0BAQsFADB7MRswGQYDVQQDDBJzY20t
MUBmdi1hejI0MC0xOTMxLTArBgNVBAsMJDJmZjgzNzI2LTI3MDAtNDhhNy04ZWMw
LTY3YWQ3MTExZmI1NzEtMCsGA1UECgwkNjVhZmNlZWUtOGNhMS00NGI3LThlZDMt
NGQzMWJlMjE4MmZhMB4XDTIzMDkxNDExNDg0OFoXDTI4MTAyMjExNDg0OFowezEb
MBkGA1UEAwwSc2NtLTFAZnYtYXoyNDAtMTkzMS0wKwYDVQQLDCQyZmY4MzcyNi0y
NzAwLTQ4YTctOGVjMC02N2FkNzExMWZiNTcxLTArBgNVBAoMJDY1YWZjZWVlLThj
YTEtNDRiNy04ZWQzLTRkMzFiZTIxODJmYTCCASIwDQYJKoZIhvcNAQEBBQADggEP
ADCCAQoCggEBAK2A0lHh828xEopOYNdOYbF8afj0h0/rbo4YkO8/r4W3QtYk/uLQ
UUa3v51TAMiNmb+oU86JMLRt/RuB2F6uLGGOpuKWZOmvQtIz5q3gCkSHrJOMcLsB
42VHGmnH5v4R8/xz5T/5tj/J3vAlUGd45ZK3Usov1HWSqNEj9lr2ILCOAVegYQyh
YlHcgfelhGdqgYNmw3fnTOYEwF/HSHZasgNrDILzO6nRW34GXuf2N14pKB03fqAV
hspjPeKiQL8q6zwe20T1QiCq4n5kNLa8DbWcY8YI83PyH8VwmFa/oE0t9aMTK/U5
3VC62Mn6GddR/R3PD97lQZ4J6ZfCiVrXYm0CAwEAAaN2MHQwDwYDVR0TAQH/BAUw
AwEB/zAOBgNVHQ8BAf8EBAMCAQYwUQYDVR0RBEowSIcECgGIAIJAZnYtYXoyNDAt
MTkzLmJjb2xkMDRydXRnZWZkdXRzMmdrcmdodnNhLmJ4LmludGVybmFsLmNsb3Vk
YXBwLm5ldDANBgkqhkiG9w0BAQsFAAOCAQEAhVD7CW0bO43tEyv0Mrc+tK/GHeOy
VbOzS+Rq8Gzk1nC1Z3HBTdMAowUtAyO88ctiGN4FytOv7ZAE0Rax2Pkx+M+QZxCS
XqRxwXaaOVtm69MDK+E3T6yRjkmmKd6pFaCfHH7CD2e/oJ7pmLuturPP85aFhohH
EM6tTqp4GCEngPDw+lc6NYDXYNRsocyMOcb6bDeQXPvkQYKjgn4rCqtXRtoQEkW4
NfavR5tLB4URWPoawl9xW0szBkX6VfZno9S+cHUyYPYJNTLkdVWWP2dSyNbSgSi5
vG+veb6S7xNJlwdjH4WaNTU5uChGy8seSOSSh4ZO0QyK+aj7JZ4Xk7p7MQ==
-----END CERTIFICATE-----

2023-09-14 11:48:49,086 [Time-limited test] INFO  utils.CertificateCodec (CertificateCodec.java:writeCertificate(299)) - Save certificate to /tmp/junit1606083132819022748/junit9220723356542833374/scm-meta/scm/sub-ca/certs/certificate.crt
2023-09-14 11:48:49,086 [Time-limited test] INFO  utils.CertificateCodec (CertificateCodec.java:writeCertificate(300)) - Certificate -----BEGIN CERTIFICATE-----
MIID/TCCAuWgAwIBAgIGAcbGvW2lMA0GCSqGSIb3DQEBCwUAMHsxGzAZBgNVBAMM
EnNjbS0xQGZ2LWF6MjQwLTE5MzEtMCsGA1UECwwkMmZmODM3MjYtMjcwMC00OGE3
LThlYzAtNjdhZDcxMTFmYjU3MS0wKwYDVQQKDCQ2NWFmY2VlZS04Y2ExLTQ0Yjct
OGVkMy00ZDMxYmUyMTgyZmEwHhcNMjMwOTE0MTE0ODQ5WhcNMjgxMDIyMTE0ODQ5
WjCBizErMCkGA1UEAwwic2NtLXN1Yi0xOTUzMjAzNjY0NjA0QGZ2LWF6MjQwLTE5
MzEtMCsGA1UECwwkMmZmODM3MjYtMjcwMC00OGE3LThlYzAtNjdhZDcxMTFmYjU3
MS0wKwYDVQQKDCQ2NWFmY2VlZS04Y2ExLTQ0YjctOGVkMy00ZDMxYmUyMTgyZmEw
ggEiMA0GCSqGSIb3DQEBAQUAA4IBDwAwggEKAoIBAQCgycDbbZHoVQvY+UBX8CM0
4zsjTxgoGXiur7voPMigt7Epy1/37P/49XC9dOqPFsPBh5FLIhOObpoeYlbRlYW9
UE21vOvRhvw+7UXEhzR4PJ3Uw9I0EBStLh8Zxfi7IyC6am+tejLn4QhWrd9RHytl
cyypGbMSJUQYxy86Uv4MKMYvkBEpzfKxHF/vnhR6oAOOnUogwKYRKlXTNpC0R+SW
YLBWhKA29cS/ZSAi8KvhZFajnAsTs25kqS7irjQi5dFAApe86sT5U3YWRlxgCjCp
g2EQOgfuE9hsnTUYcE2zn0mokiAoMsqSi+9D+grYCEfDSzIJR2VnhuAaChFdos8H
AgMBAAGjdjB0MFEGA1UdEQRKMEiHBAoBiACCQGZ2LWF6MjQwLTE5My5iY29sZDA0
cnV0Z2VmZHV0czJna3JnaHZzYS5ieC5pbnRlcm5hbC5jbG91ZGFwcC5uZXQwDwYD
VR0TAQH/BAUwAwEB/zAOBgNVHQ8BAf8EBAMCAb4wDQYJKoZIhvcNAQELBQADggEB
AHJXSGyyr9hKU2jvbUgmDNVShZ1OeNEY16s954qa094RelgiSFx7yoz/N0yN2qYA
pPQoqXJ6cGzzSYZ0T7xQ2lD+nrk37pNWi5Zq0oOFJen5xdbp9evuVFgfb24EKT/t
ZmiRLkNnkPzpdzqK8WTlY5GCHT0EWTszkLb9K1NcZxYvdLEP3Hb7JgdNO4xuzWBj
MvMNCpycEaIjy7OCSLJnC2N3etF2usGTSk59DUJZwdXxuNzQnclB29v65xxexbY0
LLOg5WkG5F4va6z1KIT98Y5VgREn+vOS+CENMkNDC+Pyx/70jvKctpCYT5hSTM8a
//U05t7mEBD9tFvW4+VNf3Q=
-----END CERTIFICATE-----

-----BEGIN CERTIFICATE-----
MIID5zCCAs+gAwIBAgIBATANBgkqhkiG9w0BAQsFADB7MRswGQYDVQQDDBJzY20t
MUBmdi1hejI0MC0xOTMxLTArBgNVBAsMJDJmZjgzNzI2LTI3MDAtNDhhNy04ZWMw
LTY3YWQ3MTExZmI1NzEtMCsGA1UECgwkNjVhZmNlZWUtOGNhMS00NGI3LThlZDMt
NGQzMWJlMjE4MmZhMB4XDTIzMDkxNDExNDg0OFoXDTI4MTAyMjExNDg0OFowezEb
MBkGA1UEAwwSc2NtLTFAZnYtYXoyNDAtMTkzMS0wKwYDVQQLDCQyZmY4MzcyNi0y
NzAwLTQ4YTctOGVjMC02N2FkNzExMWZiNTcxLTArBgNVBAoMJDY1YWZjZWVlLThj
YTEtNDRiNy04ZWQzLTRkMzFiZTIxODJmYTCCASIwDQYJKoZIhvcNAQEBBQADggEP
ADCCAQoCggEBAK2A0lHh828xEopOYNdOYbF8afj0h0/rbo4YkO8/r4W3QtYk/uLQ
UUa3v51TAMiNmb+oU86JMLRt/RuB2F6uLGGOpuKWZOmvQtIz5q3gCkSHrJOMcLsB
42VHGmnH5v4R8/xz5T/5tj/J3vAlUGd45ZK3Usov1HWSqNEj9lr2ILCOAVegYQyh
YlHcgfelhGdqgYNmw3fnTOYEwF/HSHZasgNrDILzO6nRW34GXuf2N14pKB03fqAV
hspjPeKiQL8q6zwe20T1QiCq4n5kNLa8DbWcY8YI83PyH8VwmFa/oE0t9aMTK/U5
3VC62Mn6GddR/R3PD97lQZ4J6ZfCiVrXYm0CAwEAAaN2MHQwDwYDVR0TAQH/BAUw
AwEB/zAOBgNVHQ8BAf8EBAMCAQYwUQYDVR0RBEowSIcECgGIAIJAZnYtYXoyNDAt
MTkzLmJjb2xkMDRydXRnZWZkdXRzMmdrcmdodnNhLmJ4LmludGVybmFsLmNsb3Vk
YXBwLm5ldDANBgkqhkiG9w0BAQsFAAOCAQEAhVD7CW0bO43tEyv0Mrc+tK/GHeOy
VbOzS+Rq8Gzk1nC1Z3HBTdMAowUtAyO88ctiGN4FytOv7ZAE0Rax2Pkx+M+QZxCS
XqRxwXaaOVtm69MDK+E3T6yRjkmmKd6pFaCfHH7CD2e/oJ7pmLuturPP85aFhohH
EM6tTqp4GCEngPDw+lc6NYDXYNRsocyMOcb6bDeQXPvkQYKjgn4rCqtXRtoQEkW4
NfavR5tLB4URWPoawl9xW0szBkX6VfZno9S+cHUyYPYJNTLkdVWWP2dSyNbSgSi5
vG+veb6S7xNJlwdjH4WaNTU5uChGy8seSOSSh4ZO0QyK+aj7JZ4Xk7p7MQ==
-----END CERTIFICATE-----

2023-09-14 11:48:49,088 [Time-limited test] INFO  ha.HASecurityUtils (HASecurityUtils.java:initializeSecurity(121)) - Successfully stored SCM signed certificate.
2023-09-14 11:48:49,121 [Time-limited test] WARN  server.ServerUtils (ServerUtils.java:getScmDbDir(155)) - ozone.scm.db.dirs is not configured. We recommend adding this setting. Falling back to ozone.metadata.dirs instead.
2023-09-14 11:48:49,123 [Time-limited test] INFO  ha.SCMHANodeDetails (SCMHANodeDetails.java:loadSCMHAConfig(210)) - ServiceID for StorageContainerManager is null
2023-09-14 11:48:49,124 [Time-limited test] INFO  ha.SCMHANodeDetails (SCMHANodeDetails.java:loadSCMHAConfig(215)) - ozone.scm.default.service.id is not defined, falling back to ozone.scm.service.ids to find serviceID for StorageContainerManager if it is HA enabled cluster
2023-09-14 11:48:49,312 [pool-2-thread-1] INFO  request.KdcRequest (KdcRequest.java:preauth(651)) - The preauth data is empty.
2023-09-14 11:48:49,318 [pool-2-thread-1] INFO  server.KdcHandler (KdcHandler.java:handleRecoverableException(177)) - KRB error occurred while processing request:Additional pre-authentication required
2023-09-14 11:48:49,435 [pool-2-thread-1] INFO  request.AsRequest (AsRequest.java:issueTicket(112)) - AS_REQ ISSUE: authtime 1694692129433,scm/fv-az240-193.bcold04rutgefduts2gkrghvsa.bx.internal.cloudapp.net@EXAMPLE.COM for krbtgt/EXAMPLE.COM@EXAMPLE.COM
2023-09-14 11:48:49,445 [Time-limited test] INFO  security.UserGroupInformation (UserGroupInformation.java:loginUserFromKeytab(1132)) - Login successful for user scm/fv-az240-193.bcold04rutgefduts2gkrghvsa.bx.internal.cloudapp.net@EXAMPLE.COM using keytab file scm.keytab. Keytab auto renewal enabled : false
2023-09-14 11:48:49,445 [Time-limited test] INFO  server.StorageContainerManager (StorageContainerManager.java:loginAsSCMUserIfSecurityEnabled(1042)) - SCM login successful.
2023-09-14 11:48:49,476 [Time-limited test] INFO  client.SCMCertificateClient (DefaultCertificateClient.java:updateCertSerialId(1244)) - Certificate serial ID set to 1953249455525
2023-09-14 11:48:49,488 [Time-limited test] INFO  client.SCMCertificateClient (DefaultCertificateClient.java:readCertificateFile(237)) - Added certificate   [0]         Version: 3
         SerialNumber: 1953249455525
             IssuerDN: CN=scm-1@fv-az240-193,OU=2ff83726-2700-48a7-8ec0-67ad7111fb57,O=65afceee-8ca1-44b7-8ed3-4d31be2182fa
           Start Date: Thu Sep 14 11:48:49 UTC 2023
           Final Date: Sun Oct 22 11:48:49 UTC 2028
            SubjectDN: CN=scm-sub-1953203664604@fv-az240-193,OU=2ff83726-2700-48a7-8ec0-67ad7111fb57,O=65afceee-8ca1-44b7-8ed3-4d31be2182fa
           Public Key: RSA Public Key [71:e9:37:a4:a2:88:a3:6b:1b:d9:63:ed:be:07:bf:fd:7f:3c:88:d0],[56:66:d1:a4]
        modulus: a0c9c0db6d91e8550bd8f94057f02334e33b234f18281978aeafbbe83cc8a0b7b129cb5ff7ecfff8f570bd74ea8f16c3c187914b22138e6e9a1e6256d19585bd504db5bcebd186fc3eed45c48734783c9dd4c3d2341014ad2e1f19c5f8bb2320ba6a6fad7a32e7e10856addf511f2b65732ca919b312254418c72f3a52fe0c28c62f901129cdf2b11c5fef9e147aa0038e9d4a20c0a6112a55d33690b447e49660b05684a036f5c4bf652022f0abe16456a39c0b13b36e64a92ee2ae3422e5d1400297bceac4f9537616465c600a30a98361103a07ee13d86c9d3518704db39f49a892202832ca928bef43fa0ad80847c34b320947656786e01a0a115da2cf07
public exponent: 10001

  Signature Algorithm: SHA256WITHRSA
            Signature: 7257486cb2afd84a5368ef6d48260cd552859d4e
                       78d118d7ab3de78a9ad3de117a5822485c7bca8c
                       ff374c8ddaa600a4f428a9727a706cf34986744f
                       bc50da50fe9eb937ee93568b966ad2838525e9f9
                       c5d6e9f5ebee54581f6f6e04293fed6668912e43
                       6790fce9773a8af164e56391821d3d04593b3390
                       b6fd2b535c67162f74b10fdc76fb26074d3b8c6e
                       cd606332f30d0a9c9c11a223cbb38248b2670b63
                       777ad176bac1934a4e7d0d4259c1d5f1b8dcd09d
                       c941dbdbfae71c5ec5b6342cb3a0e56906e45e2f
                       6bacf52884fdf18e55811127faf392f8210d3243
                       430be3f2c7fef48ef29cb690984f98524ccf1aff
                       f534e6dee61010fdb45bd6e3e54d7f74
       Extensions: 
                       critical(false) 2.5.29.17 value = Sequence
    Tagged [7] IMPLICIT 
        DER Octet String[4] 
    Tagged [2] IMPLICIT 
        DER Octet String[64] 

                       critical(true) BasicConstraints: isCa(true)
                       critical(true) KeyUsage: 0xbe
 from file: /tmp/junit1606083132819022748/junit9220723356542833374/scm-meta/scm/sub-ca/certs/certificate.crt.
2023-09-14 11:48:49,490 [Time-limited test] INFO  client.SCMCertificateClient (DefaultCertificateClient.java:readCertificateFile(237)) - Added certificate   [0]         Version: 3
         SerialNumber: 1953249455525
             IssuerDN: CN=scm-1@fv-az240-193,OU=2ff83726-2700-48a7-8ec0-67ad7111fb57,O=65afceee-8ca1-44b7-8ed3-4d31be2182fa
           Start Date: Thu Sep 14 11:48:49 UTC 2023
           Final Date: Sun Oct 22 11:48:49 UTC 2028
            SubjectDN: CN=scm-sub-1953203664604@fv-az240-193,OU=2ff83726-2700-48a7-8ec0-67ad7111fb57,O=65afceee-8ca1-44b7-8ed3-4d31be2182fa
           Public Key: RSA Public Key [71:e9:37:a4:a2:88:a3:6b:1b:d9:63:ed:be:07:bf:fd:7f:3c:88:d0],[56:66:d1:a4]
        modulus: a0c9c0db6d91e8550bd8f94057f02334e33b234f18281978aeafbbe83cc8a0b7b129cb5ff7ecfff8f570bd74ea8f16c3c187914b22138e6e9a1e6256d19585bd504db5bcebd186fc3eed45c48734783c9dd4c3d2341014ad2e1f19c5f8bb2320ba6a6fad7a32e7e10856addf511f2b65732ca919b312254418c72f3a52fe0c28c62f901129cdf2b11c5fef9e147aa0038e9d4a20c0a6112a55d33690b447e49660b05684a036f5c4bf652022f0abe16456a39c0b13b36e64a92ee2ae3422e5d1400297bceac4f9537616465c600a30a98361103a07ee13d86c9d3518704db39f49a892202832ca928bef43fa0ad80847c34b320947656786e01a0a115da2cf07
public exponent: 10001

  Signature Algorithm: SHA256WITHRSA
            Signature: 7257486cb2afd84a5368ef6d48260cd552859d4e
                       78d118d7ab3de78a9ad3de117a5822485c7bca8c
                       ff374c8ddaa600a4f428a9727a706cf34986744f
                       bc50da50fe9eb937ee93568b966ad2838525e9f9
                       c5d6e9f5ebee54581f6f6e04293fed6668912e43
                       6790fce9773a8af164e56391821d3d04593b3390
                       b6fd2b535c67162f74b10fdc76fb26074d3b8c6e
                       cd606332f30d0a9c9c11a223cbb38248b2670b63
                       777ad176bac1934a4e7d0d4259c1d5f1b8dcd09d
                       c941dbdbfae71c5ec5b6342cb3a0e56906e45e2f
                       6bacf52884fdf18e55811127faf392f8210d3243
                       430be3f2c7fef48ef29cb690984f98524ccf1aff
                       f534e6dee61010fdb45bd6e3e54d7f74
       Extensions: 
                       critical(false) 2.5.29.17 value = Sequence
    Tagged [7] IMPLICIT 
        DER Octet String[4] 
    Tagged [2] IMPLICIT 
        DER Octet String[64] 

                       critical(true) BasicConstraints: isCa(true)
                       critical(true) KeyUsage: 0xbe
 from file: /tmp/junit1606083132819022748/junit9220723356542833374/scm-meta/scm/sub-ca/certs/1953249455525.crt.
2023-09-14 11:48:49,494 [Time-limited test] INFO  client.SCMCertificateClient (DefaultCertificateClient.java:readCertificateFile(237)) - Added certificate   [0]         Version: 3
         SerialNumber: 1
             IssuerDN: CN=scm-1@fv-az240-193,OU=2ff83726-2700-48a7-8ec0-67ad7111fb57,O=65afceee-8ca1-44b7-8ed3-4d31be2182fa
           Start Date: Thu Sep 14 11:48:48 UTC 2023
           Final Date: Sun Oct 22 11:48:48 UTC 2028
            SubjectDN: CN=scm-1@fv-az240-193,OU=2ff83726-2700-48a7-8ec0-67ad7111fb57,O=65afceee-8ca1-44b7-8ed3-4d31be2182fa
           Public Key: RSA Public Key [94:49:f8:a8:15:ff:b4:70:1a:e8:49:fd:8f:9c:9e:24:0b:1c:ed:f7],[56:66:d1:a4]
        modulus: ad80d251e1f36f31128a4e60d74e61b17c69f8f4874feb6e8e1890ef3faf85b742d624fee2d05146b7bf9d5300c88d99bfa853ce8930b46dfd1b81d85eae2c618ea6e29664e9af42d233e6ade00a4487ac938c70bb01e365471a69c7e6fe11f3fc73e53ff9b63fc9def025506778e592b752ca2fd47592a8d123f65af620b08e0157a0610ca16251dc81f7a584676a818366c377e74ce604c05fc748765ab2036b0c82f33ba9d15b7e065ee7f6375e29281d377ea01586ca633de2a240bf2aeb3c1edb44f54220aae27e6434b6bc0db59c63c608f373f21fc5709856bfa04d2df5a3132bf539dd50bad8c9fa19d751fd1dcf0fdee5419e09e997c2895ad7626d
public exponent: 10001

  Signature Algorithm: SHA256WITHRSA
            Signature: 8550fb096d1b3b8ded132bf432b73eb4afc61de3
                       b255b3b34be46af06ce4d670b56771c14dd300a3
                       052d0323bcf1cb6218de05cad3afed9004d116b1
                       d8f931f8cf906710925ea471c1769a395b66ebd3
                       032be1374fac918e49a629dea915a09f1c7ec20f
                       67bfa09ee998bbadbab3cff3968586884710cead
                       4eaa7818212780f0f0fa573a3580d760d46ca1cc
                       8c39c6fa6c37905cfbe44182a3827e2b0aab5746
                       da101245b835f6af479b4b07851158fa1ac25f71
                       5b4b330645fa55f667a3d4be70753260f6093532
                       e47555963f6752c8d6d28128b9bc6faf79be92ef
                       13499707631f859a353539b82846cbcb1e48e492
                       87864ed10c8af9a8fb259e1793ba7b31
       Extensions: 
                       critical(true) BasicConstraints: isCa(true)
                       critical(true) KeyUsage: 0x6
                       critical(false) 2.5.29.17 value = Sequence
    Tagged [7] IMPLICIT 
        DER Octet String[4] 
    Tagged [2] IMPLICIT 
        DER Octet String[64] 

 from file: /tmp/junit1606083132819022748/junit9220723356542833374/scm-meta/scm/sub-ca/certs/CA-1.crt.
2023-09-14 11:48:49,494 [Time-limited test] INFO  client.SCMCertificateClient (DefaultCertificateClient.java:loadAllCertificates(191)) - CertificateRenewerService and root ca rotation polling is disabled for scm/sub-ca
2023-09-14 11:48:49,551 [Time-limited test] WARN  utils.HAUtils (HAUtils.java:getMetaDir(339)) - ozone.scm.db.dirs is not configured. We recommend adding this setting. Falling back to ozone.metadata.dirs instead.
2023-09-14 11:48:49,680 [Time-limited test] WARN  db.DBStoreBuilder (DBStoreBuilder.java:applyDBDefinition(166)) - ozone.scm.db.dirs is not configured. We recommend adding this setting. Falling back to ozone.metadata.dirs instead.
2023-09-14 11:48:49,908 [Time-limited test] INFO  net.NodeSchemaLoader (NodeSchemaLoader.java:loadSchemaFromFile(129)) - Loading schema from [jar:file:/home/runner/.m2/repository/org/apache/ozone/hdds-common/1.4.0-SNAPSHOT/hdds-common-1.4.0-SNAPSHOT.jar!/network-topology-default.xml]
2023-09-14 11:48:49,910 [Time-limited test] INFO  net.NodeSchemaLoader (NodeSchemaLoader.java:loadSchema(176)) - Loading network topology layer schema file
2023-09-14 11:48:49,951 [Time-limited test] INFO  metrics.MetricRegistries (MetricRegistriesLoader.java:load(64)) - Loaded MetricRegistries class org.apache.ratis.metrics.impl.MetricRegistriesImpl
2023-09-14 11:48:49,963 [Time-limited test] INFO  upgrade.AbstractLayoutVersionManager (AbstractLayoutVersionManager.java:init(83)) - Initializing Layout version manager with metadata layout = HADOOP_PRC_PORTS_IN_DATANODEDETAILS (version = 7), software layout = HADOOP_PRC_PORTS_IN_DATANODEDETAILS (version = 7)
2023-09-14 11:48:50,079 [Time-limited test] INFO  ha.SequenceIdGenerator (SequenceIdGenerator.java:upgradeToSequenceId(365)) - upgrade localId to 111677748019200000
2023-09-14 11:48:50,080 [Time-limited test] INFO  ha.SequenceIdGenerator (SequenceIdGenerator.java:upgradeToSequenceId(375)) - upgrade delTxnId to 0
2023-09-14 11:48:50,086 [Time-limited test] INFO  ha.SequenceIdGenerator (SequenceIdGenerator.java:upgradeToSequenceId(392)) - upgrade containerId to 0
2023-09-14 11:48:50,088 [Time-limited test] INFO  ha.SequenceIdGenerator (SequenceIdGenerator.java:upgradeToSequenceId(428)) - upgrade rootCertificateId to 1
2023-09-14 11:48:50,090 [Time-limited test] INFO  ha.SequenceIdGenerator (SequenceIdGenerator.java:<init>(236)) - Init the HA SequenceIdGenerator.
2023-09-14 11:48:50,142 [Time-limited test] INFO  node.SCMNodeManager (SCMNodeManager.java:<init>(157)) - Entering startup safe mode.
2023-09-14 11:48:50,161 [Time-limited test] INFO  algorithms.ContainerPlacementPolicyFactory (ContainerPlacementPolicyFactory.java:getPolicyInternal(86)) - Create container placement policy of type org.apache.hadoop.hdds.scm.container.placement.algorithms.SCMContainerPlacementRackAware
2023-09-14 11:48:50,164 [Time-limited test] INFO  algorithms.ContainerPlacementPolicyFactory (ContainerPlacementPolicyFactory.java:getPolicyInternal(86)) - Create container placement policy of type org.apache.hadoop.hdds.scm.container.placement.algorithms.SCMContainerPlacementRackScatter
2023-09-14 11:48:50,172 [Time-limited test] INFO  pipeline.PipelineStateManagerImpl (PipelineStateManagerImpl.java:initialize(78)) - No pipeline exists in current db
2023-09-14 11:48:50,184 [Time-limited test] INFO  algorithms.LeaderChoosePolicyFactory (LeaderChoosePolicyFactory.java:getPolicy(57)) - Create leader choose policy of type org.apache.hadoop.hdds.scm.pipeline.leader.choose.algorithms.MinLeaderCountChoosePolicy
2023-09-14 11:48:50,184 [Time-limited test] INFO  algorithms.ContainerPlacementPolicyFactory (ContainerPlacementPolicyFactory.java:getPolicyInternal(86)) - Create container placement policy of type org.apache.hadoop.hdds.scm.container.placement.algorithms.SCMContainerPlacementRackScatter
2023-09-14 11:48:50,190 [Time-limited test] INFO  ha.SCMServiceManager (SCMServiceManager.java:register(42)) - Registering service BackgroundPipelineCreator.
2023-09-14 11:48:50,190 [Time-limited test] INFO  pipeline.BackgroundPipelineCreator (BackgroundPipelineCreator.java:start(124)) - Starting RatisPipelineUtilsThread.
2023-09-14 11:48:50,199 [Time-limited test] INFO  BackgroundPipelineScrubber (BackgroundSCMService.java:start(68)) - Starting BackgroundPipelineScrubber Service.
2023-09-14 11:48:50,200 [Time-limited test] INFO  ha.SCMServiceManager (SCMServiceManager.java:register(42)) - Registering service BackgroundPipelineScrubber.
2023-09-14 11:48:50,206 [Time-limited test] INFO  ExpiredContainerReplicaOpScrubber (BackgroundSCMService.java:start(68)) - Starting ExpiredContainerReplicaOpScrubber Service.
2023-09-14 11:48:50,206 [Time-limited test] INFO  ha.SCMServiceManager (SCMServiceManager.java:register(42)) - Registering service ExpiredContainerReplicaOpScrubber.
2023-09-14 11:48:50,229 [Time-limited test] INFO  algorithms.PipelineChoosePolicyFactory (PipelineChoosePolicyFactory.java:createPipelineChoosePolicyFromClass(78)) - Create pipeline choose policy of type org.apache.hadoop.hdds.scm.pipeline.choose.algorithms.RandomPipelineChoosePolicy
2023-09-14 11:48:50,229 [Time-limited test] INFO  algorithms.PipelineChoosePolicyFactory (PipelineChoosePolicyFactory.java:createPipelineChoosePolicyFromClass(78)) - Create pipeline choose policy of type org.apache.hadoop.hdds.scm.pipeline.choose.algorithms.RandomPipelineChoosePolicy
2023-09-14 11:48:50,252 [Time-limited test] INFO  ha.SCMServiceManager (SCMServiceManager.java:register(42)) - Registering service SCMBlockDeletingService.
2023-09-14 11:48:50,323 [Time-limited test] INFO  replication.ReplicationManager (ReplicationManager.java:start(291)) - Starting Replication Monitor Thread.
2023-09-14 11:48:50,324 [Time-limited test] INFO  ha.SCMServiceManager (SCMServiceManager.java:register(42)) - Registering service ReplicationManager.
2023-09-14 11:48:50,330 [ReplicationMonitor] INFO  replication.ReplicationManager (ReplicationManager.java:processAll(365)) - Replication Manager is not ready to run until 300000ms after safemode exit
2023-09-14 11:48:50,339 [Time-limited test] INFO  safemode.ContainerSafeModeRule (ContainerSafeModeRule.java:<init>(90)) - containers with one replica threshold count 0
2023-09-14 11:48:50,341 [Time-limited test] INFO  safemode.HealthyPipelineSafeModeRule (HealthyPipelineSafeModeRule.java:initializeRule(169)) - Total pipeline count is 0, healthy pipeline threshold count is 0
2023-09-14 11:48:50,345 [Time-limited test] INFO  safemode.OneReplicaPipelineSafeModeRule (OneReplicaPipelineSafeModeRule.java:initializeRule(180)) - Total pipeline count is 0, pipeline's with at least one datanode reported threshold count is 0
2023-09-14 11:48:50,369 [Time-limited test] INFO  authority.DefaultCAServer (DefaultCAServer.java:lambda$processVerificationStatus$0(472)) - CertificateServer validation is successful
2023-09-14 11:48:50,370 [Time-limited test] INFO  authority.DefaultCAServer (DefaultCAServer.java:lambda$processVerificationStatus$0(472)) - CertificateServer validation is successful
2023-09-14 11:48:50,372 [Time-limited test] INFO  server.StorageContainerManager (StorageContainerManager.java:persistPrimarySCMCerts(932)) - Storing sub-ca certificate serialId 1953249455525 on primary SCM
2023-09-14 11:48:50,386 [Time-limited test] INFO  server.SCMCertStore (SCMCertStore.java:storeValidScmCertificate(122)) - Scm certificate 1953249455525 for CN=scm-sub-1953203664604@fv-az240-193,OU=2ff83726-2700-48a7-8ec0-67ad7111fb57,O=65afceee-8ca1-44b7-8ed3-4d31be2182fa is stored
2023-09-14 11:48:50,386 [Time-limited test] INFO  server.StorageContainerManager (StorageContainerManager.java:persistPrimarySCMCerts(940)) - Storing root certificate serialId 1
2023-09-14 11:48:50,390 [Time-limited test] INFO  server.SCMCertStore (SCMCertStore.java:storeValidScmCertificate(122)) - Scm certificate 1 for CN=scm-1@fv-az240-193,OU=2ff83726-2700-48a7-8ec0-67ad7111fb57,O=65afceee-8ca1-44b7-8ed3-4d31be2182fa is stored
2023-09-14 11:48:50,419 [Time-limited test] INFO  ipc.CallQueueManager (CallQueueManager.java:<init>(90)) - Using callQueue: class java.util.concurrent.LinkedBlockingQueue, queueCapacity: 200, scheduler: class org.apache.hadoop.ipc.DefaultRpcScheduler, ipcBackoff: false.
2023-09-14 11:48:50,459 [Time-limited test] INFO  ipc.Server (Server.java:<init>(1287)) - Listener at 0.0.0.0:9961
2023-09-14 11:48:50,462 [Socket Reader #1 for port 9961] INFO  ipc.Server (Server.java:run(1323)) - Starting Socket Reader #1 for port 9961
2023-09-14 11:48:50,524 [Time-limited test] INFO  server.StorageContainerManager (StorageContainerManager.java:<init>(425)) - SCM start with adminUsers: [runner, scm]
2023-09-14 11:48:50,545 [Time-limited test] INFO  audit.AuditLogger (AuditLogger.java:refreshDebugCmdSet(126)) - Refresh DebugCmdSet for SCMAudit to [].
2023-09-14 11:48:50,550 [Time-limited test] INFO  ipc.CallQueueManager (CallQueueManager.java:<init>(90)) - Using callQueue: class java.util.concurrent.LinkedBlockingQueue, queueCapacity: 10000, scheduler: class org.apache.hadoop.ipc.DefaultRpcScheduler, ipcBackoff: false.
2023-09-14 11:48:50,551 [Time-limited test] INFO  ipc.Server (Server.java:<init>(1287)) - Listener at 0.0.0.0:9861
2023-09-14 11:48:50,551 [Socket Reader #1 for port 9861] INFO  ipc.Server (Server.java:run(1323)) - Starting Socket Reader #1 for port 9861
2023-09-14 11:48:50,582 [Time-limited test] INFO  audit.AuditLogger (AuditLogger.java:refreshDebugCmdSet(126)) - Refresh DebugCmdSet for SCMAudit to [].
2023-09-14 11:48:50,588 [Time-limited test] INFO  ipc.CallQueueManager (CallQueueManager.java:<init>(90)) - Using callQueue: class java.util.concurrent.LinkedBlockingQueue, queueCapacity: 10000, scheduler: class org.apache.hadoop.ipc.DefaultRpcScheduler, ipcBackoff: false.
2023-09-14 11:48:50,588 [Time-limited test] INFO  ipc.Server (Server.java:<init>(1287)) - Listener at 0.0.0.0:9863
2023-09-14 11:48:50,590 [Socket Reader #1 for port 9863] INFO  ipc.Server (Server.java:run(1323)) - Starting Socket Reader #1 for port 9863
2023-09-14 11:48:50,621 [Time-limited test] INFO  audit.AuditLogger (AuditLogger.java:refreshDebugCmdSet(126)) - Refresh DebugCmdSet for SCMAudit to [].
2023-09-14 11:48:50,631 [Time-limited test] INFO  ipc.CallQueueManager (CallQueueManager.java:<init>(90)) - Using callQueue: class java.util.concurrent.LinkedBlockingQueue, queueCapacity: 10000, scheduler: class org.apache.hadoop.ipc.DefaultRpcScheduler, ipcBackoff: false.
2023-09-14 11:48:50,632 [Time-limited test] INFO  ipc.Server (Server.java:<init>(1287)) - Listener at 0.0.0.0:9860
2023-09-14 11:48:50,632 [Socket Reader #1 for port 9860] INFO  ipc.Server (Server.java:run(1323)) - Starting Socket Reader #1 for port 9860
2023-09-14 11:48:50,692 [Time-limited test] INFO  ha.SCMServiceManager (SCMServiceManager.java:register(42)) - Registering service ContainerBalancer.
2023-09-14 11:48:50,692 [Time-limited test] INFO  server.StorageContainerManager (StorageContainerManager.java:<init>(438)) - 
Container Balancer status:
Key                            Value
Running                        false
Container Balancer Configuration values:
Key                                                Value
Threshold                                          10
Max Datanodes to Involve per Iteration(percent)    20
Max Size to Move per Iteration                     500GB
Max Size Entering Target per Iteration             26GB
Max Size Leaving Source per Iteration              26GB
Number of Iterations                               10
Time Limit for Single Container's Movement         65min
Time Limit for Single Container's Replication      50min
Interval between each Iteration                    70min
Whether to Enable Network Topology                 false
Whether to Trigger Refresh Datanode Usage Info     false
Container IDs to Exclude from Balancing            None
Datanodes Specified to be Balanced                 None
Datanodes Excluded from Balancing                  None

2023-09-14 11:48:50,692 [Time-limited test] INFO  ha.SCMContext (SCMContext.java:updateSafeModeStatus(228)) - Update SafeModeStatus from SafeModeStatus{safeModeStatus=true, preCheckPassed=false} to SafeModeStatus{safeModeStatus=true, preCheckPassed=false}.
2023-09-14 11:48:50,699 [Time-limited test] INFO  server.StorageContainerManager (StorageContainerManager.java:start(1483)) - StorageContainerLocationProtocol RPC server is listening at /0.0.0.0:9860
2023-09-14 11:48:50,778 [Time-limited test] WARN  impl.MetricsConfig (MetricsConfig.java:loadFirst(136)) - Cannot locate configuration: tried hadoop-metrics2-storagecontainermanager.properties,hadoop-metrics2.properties
2023-09-14 11:48:50,791 [Time-limited test] INFO  impl.MetricsSystemImpl (MetricsSystemImpl.java:startTimer(378)) - Scheduled Metric snapshot period at 10 second(s).
2023-09-14 11:48:50,791 [Time-limited test] INFO  impl.MetricsSystemImpl (MetricsSystemImpl.java:start(191)) - StorageContainerManager metrics system started
2023-09-14 11:48:50,849 [Time-limited test] INFO  server.SCMClientProtocolServer (SCMClientProtocolServer.java:start(201)) - RPC server for Client  is listening at /0.0.0.0:9860
2023-09-14 11:48:50,850 [IPC Server Responder] INFO  ipc.Server (Server.java:run(1562)) - IPC Server Responder: starting
2023-09-14 11:48:50,863 [Time-limited test] INFO  server.StorageContainerManager (StorageContainerManager.java:start(1496)) - ScmBlockLocationProtocol RPC server is listening at /0.0.0.0:9863
2023-09-14 11:48:50,864 [Time-limited test] INFO  server.SCMBlockProtocolServer (SCMBlockProtocolServer.java:start(154)) - RPC server for Block Protocol is listening at /0.0.0.0:9863
2023-09-14 11:48:50,865 [IPC Server listener on 9863] INFO  ipc.Server (Server.java:run(1402)) - IPC Server listener on 9863: starting
2023-09-14 11:48:50,865 [IPC Server Responder] INFO  ipc.Server (Server.java:run(1562)) - IPC Server Responder: starting
2023-09-14 11:48:50,869 [IPC Server listener on 9860] INFO  ipc.Server (Server.java:run(1402)) - IPC Server listener on 9860: starting
2023-09-14 11:48:50,924 [Time-limited test] INFO  server.SCMDatanodeProtocolServer (SCMDatanodeProtocolServer.java:start(193)) - ScmDatanodeProtocol RPC server for DataNodes is listening at /0.0.0.0:9861
2023-09-14 11:48:50,927 [IPC Server Responder] INFO  ipc.Server (Server.java:run(1562)) - IPC Server Responder: starting
2023-09-14 11:48:50,927 [IPC Server listener on 9861] INFO  ipc.Server (Server.java:run(1402)) - IPC Server listener on 9861: starting
2023-09-14 11:48:50,956 [Time-limited test] INFO  server.SCMSecurityProtocolServer (SCMSecurityProtocolServer.java:start(542)) - Starting RPC server for SCMSecurityProtocolServer. is listening at /0.0.0.0:9961
2023-09-14 11:48:50,957 [IPC Server Responder] INFO  ipc.Server (Server.java:run(1562)) - IPC Server Responder: starting
2023-09-14 11:48:50,962 [IPC Server listener on 9961] INFO  ipc.Server (Server.java:run(1402)) - IPC Server listener on 9961: starting
2023-09-14 11:48:50,962 [Time-limited test] INFO  server.SCMUpdateServiceGrpcServer (SCMUpdateServiceGrpcServer.java:start(58)) - SCMUpdateService starting
2023-09-14 11:48:51,231 [JvmPauseMonitor0] INFO  util.JvmPauseMonitor (JvmPauseMonitor.java:run(103)) - JvmPauseMonitor-2ff83726-2700-48a7-8ec0-67ad7111fb57: Started
2023-09-14 11:48:51,238 [Time-limited test] INFO  http.BaseHttpServer (BaseHttpServer.java:newHttpServer2BuilderForOzone(223)) - Starting Web-server for scm at: http://0.0.0.0:9876
2023-09-14 11:48:51,238 [Time-limited test] INFO  http.BaseHttpServer (BaseHttpServer.java:<init>(110)) - Hadoop Security Enabled: true Ozone Security Enabled: true Ozone HTTP Security Enabled: false 
2023-09-14 11:48:51,263 [Time-limited test] INFO  util.log (Log.java:initialized(170)) - Logging initialized @6557ms to org.eclipse.jetty.util.log.Slf4jLog
2023-09-14 11:48:51,357 [Time-limited test] WARN  server.AuthenticationFilter (AuthenticationFilter.java:constructSecretProvider(240)) - Unable to initialize FileSignerSecretProvider, falling back to use random secrets. Reason: Could not read signature secret file: /home/runner/hadoop-http-auth-signature-secret
2023-09-14 11:48:51,364 [Time-limited test] INFO  http.HttpRequestLog (HttpRequestLog.java:getRequestLog(86)) - Http request log for http.requests.scm is not defined
2023-09-14 11:48:51,373 [Time-limited test] INFO  http.HttpServer2 (HttpServer2.java:addGlobalFilter(1031)) - Added global filter 'safety' (class=org.apache.hadoop.hdds.server.http.HttpServer2$QuotingInputFilter)
2023-09-14 11:48:51,375 [Time-limited test] INFO  http.HttpServer2 (HttpServer2.java:addFilter(1007)) - Added filter static_user_filter (class=org.apache.hadoop.http.lib.StaticUserWebFilter$StaticUserFilter) to context scm
2023-09-14 11:48:51,376 [Time-limited test] INFO  http.HttpServer2 (HttpServer2.java:addFilter(1015)) - Added filter static_user_filter (class=org.apache.hadoop.http.lib.StaticUserWebFilter$StaticUserFilter) to context logs
2023-09-14 11:48:51,376 [Time-limited test] INFO  http.HttpServer2 (HttpServer2.java:addFilter(1015)) - Added filter static_user_filter (class=org.apache.hadoop.http.lib.StaticUserWebFilter$StaticUserFilter) to context static
2023-09-14 11:48:51,411 [Time-limited test] INFO  http.BaseHttpServer (BaseHttpServer.java:<init>(189)) - HTTP server of scm uses base directory /tmp/junit1606083132819022748/junit9220723356542833374/scm-meta/webserver
2023-09-14 11:48:51,412 [Time-limited test] INFO  http.HttpServer2 (HttpServer2.java:bindListener(1231)) - Jetty bound to port 9876
2023-09-14 11:48:51,414 [Time-limited test] INFO  server.Server (Server.java:doStart(375)) - jetty-9.4.51.v20230217; built: 2023-02-17T08:19:37.309Z; git: b45c405e4544384de066f814ed42ae3dceacdd49; jvm 1.8.0_382-b05
2023-09-14 11:48:51,442 [Time-limited test] INFO  server.session (DefaultSessionIdManager.java:doStart(334)) - DefaultSessionIdManager workerName=node0
2023-09-14 11:48:51,443 [Time-limited test] INFO  server.session (DefaultSessionIdManager.java:doStart(339)) - No SessionScavenger set, using defaults
2023-09-14 11:48:51,444 [Time-limited test] INFO  server.session (HouseKeeper.java:startScavenging(132)) - node0 Scavenging every 600000ms
2023-09-14 11:48:51,457 [Time-limited test] INFO  handler.ContextHandler (ContextHandler.java:doStart(921)) - Started o.e.j.s.ServletContextHandler@719140b5{logs,/logs,file:///home/runner/work/ozone/ozone/hadoop-ozone/integration-test/target/log,AVAILABLE}
2023-09-14 11:48:51,457 [Time-limited test] INFO  handler.ContextHandler (ContextHandler.java:doStart(921)) - Started o.e.j.s.ServletContextHandler@5d88b41f{static,/static,file:///home/runner/work/ozone/ozone/hadoop-ozone/integration-test/target/test-classes/webapps/static,AVAILABLE}
2023-09-14 11:48:51,498 [Time-limited test] INFO  handler.ContextHandler (ContextHandler.java:doStart(921)) - Started o.e.j.w.WebAppContext@5a8a25f3{scm,/,file:///home/runner/work/ozone/ozone/hadoop-ozone/integration-test/target/test-classes/webapps/scm/,AVAILABLE}{file:/home/runner/work/ozone/ozone/hadoop-ozone/integration-test/target/test-classes/webapps/scm}
2023-09-14 11:48:51,512 [Time-limited test] INFO  server.AbstractConnector (AbstractConnector.java:doStart(333)) - Started ServerConnector@34fd7c59{HTTP/1.1, (http/1.1)}{0.0.0.0:9876}
2023-09-14 11:48:51,512 [Time-limited test] INFO  server.Server (Server.java:doStart(415)) - Started @6806ms
2023-09-14 11:48:51,516 [Time-limited test] INFO  impl.MetricsSinkAdapter (MetricsSinkAdapter.java:start(204)) - Sink prometheus started
2023-09-14 11:48:51,516 [Time-limited test] INFO  impl.MetricsSystemImpl (MetricsSystemImpl.java:registerSink(305)) - Registered sink prometheus
2023-09-14 11:48:51,517 [Time-limited test] INFO  http.BaseHttpServer (BaseHttpServer.java:updateConnectorAddress(354)) - HTTP server of scm listening at http://0.0.0.0:9876
2023-09-14 11:48:51,523 [pool-2-thread-1] INFO  request.KdcRequest (KdcRequest.java:preauth(651)) - The preauth data is empty.
2023-09-14 11:48:51,523 [pool-2-thread-1] INFO  server.KdcHandler (KdcHandler.java:handleRecoverableException(177)) - KRB error occurred while processing request:Additional pre-authentication required
2023-09-14 11:48:51,528 [pool-2-thread-1] INFO  request.AsRequest (AsRequest.java:issueTicket(112)) - AS_REQ ISSUE: authtime 1694692131528,test@EXAMPLE.COM for krbtgt/EXAMPLE.COM@EXAMPLE.COM
2023-09-14 11:48:51,653 [pool-2-thread-1] INFO  request.TgsRequest (TgsRequest.java:issueTicket(115)) - TGS_REQ ISSUE: authtime 1694692131653,test for scm/fv-az240-193.bcold04rutgefduts2gkrghvsa.bx.internal.cloudapp.net@EXAMPLE.COM
2023-09-14 11:48:51,658 [pool-2-thread-2] INFO  request.TgsRequest (TgsRequest.java:issueTicket(115)) - TGS_REQ ISSUE: authtime 1694692131657,scm/fv-az240-193.bcold04rutgefduts2gkrghvsa.bx.internal.cloudapp.net for scm/fv-az240-193.bcold04rutgefduts2gkrghvsa.bx.internal.cloudapp.net@EXAMPLE.COM
2023-09-14 11:48:51,689 [Socket Reader #1 for port 9961] INFO  ipc.Server (Server.java:saslProcess(2139)) - Auth successful for test@EXAMPLE.COM (auth:KERBEROS) from fv-az240-193.bcold04rutgefduts2gkrghvsa.bx.internal.cloudapp.net:40610 / 10.1.136.0:40610
2023-09-14 11:48:51,690 [Socket Reader #1 for port 9961] INFO  ipc.Server (Server.java:saslProcess(2139)) - Auth successful for scm/fv-az240-193.bcold04rutgefduts2gkrghvsa.bx.internal.cloudapp.net@EXAMPLE.COM (auth:KERBEROS) from fv-az240-193.bcold04rutgefduts2gkrghvsa.bx.internal.cloudapp.net:38945 / 10.1.136.0:38945
2023-09-14 11:48:51,771 [IPC Server handler 0 on default port 9961] INFO  client.SCMCertificateClient (DefaultCertificateClient.java:getAllRootCaCerts(901)) - scm/sub-ca has 0 Root CA certificates
2023-09-14 11:48:51,771 [IPC Server handler 0 on default port 9961] INFO  client.SCMCertificateClient (DefaultCertificateClient.java:getAllCaCerts(909)) - scm/sub-ca has 1 CA certificates
2023-09-14 11:48:51,774 [scm/sub-ca-refreshCACertificates] INFO  client.SCMCertificateClient (DefaultCertificateClient.java:getAllRootCaCerts(901)) - scm/sub-ca has 0 Root CA certificates
2023-09-14 11:48:51,774 [scm/sub-ca-refreshCACertificates] INFO  client.SCMCertificateClient (DefaultCertificateClient.java:getAllCaCerts(909)) - scm/sub-ca has 1 CA certificates
2023-09-14 11:48:51,775 [scm/sub-ca-refreshCACertificates] INFO  client.SCMCertificateClient (SCMCertificateClient.java:run(277)) - CA certificates are not changed.
2023-09-14 11:48:51,782 [IPC Server handler 1 on default port 9961] INFO  server.SCMSecurityProtocolServer (SCMSecurityProtocolServer.java:getCertificate(407)) - Certificate with serial id 100 not found.
2023-09-14 11:48:51,790 [Time-limited test] WARN  ipc.Client (Client.java:run(733)) - Exception encountered while connecting to the server 0.0.0.0/0.0.0.0:9961
org.apache.hadoop.security.AccessControlException: Client cannot authenticate via:[KERBEROS]
	at org.apache.hadoop.security.SaslRpcClient.selectSaslClient(SaslRpcClient.java:179)
	at org.apache.hadoop.security.SaslRpcClient.saslConnect(SaslRpcClient.java:392)
	at org.apache.hadoop.ipc.Client$Connection.setupSaslConnection(Client.java:561)
	at org.apache.hadoop.ipc.Client$Connection.access$2100(Client.java:347)
	at org.apache.hadoop.ipc.Client$Connection$2.run(Client.java:783)
	at org.apache.hadoop.ipc.Client$Connection$2.run(Client.java:779)
	at java.security.AccessController.doPrivileged(Native Method)
	at javax.security.auth.Subject.doAs(Subject.java:422)
	at org.apache.hadoop.security.UserGroupInformation.doAs(UserGroupInformation.java:1899)
	at org.apache.hadoop.ipc.Client$Connection.setupIOstreams(Client.java:779)
	at org.apache.hadoop.ipc.Client$Connection.access$3800(Client.java:347)
	at org.apache.hadoop.ipc.Client.getConnection(Client.java:1632)
	at org.apache.hadoop.ipc.Client.call(Client.java:1457)
	at org.apache.hadoop.ipc.Client.call(Client.java:1410)
	at org.apache.hadoop.ipc.ProtobufRpcEngine$Invoker.invoke(ProtobufRpcEngine.java:250)
	at org.apache.hadoop.ipc.ProtobufRpcEngine$Invoker.invoke(ProtobufRpcEngine.java:132)
	at com.sun.proxy.$Proxy26.submitRequest(Unknown Source)
	at sun.reflect.NativeMethodAccessorImpl.invoke0(Native Method)
	at sun.reflect.NativeMethodAccessorImpl.invoke(NativeMethodAccessorImpl.java:62)
	at sun.reflect.DelegatingMethodAccessorImpl.invoke(DelegatingMethodAccessorImpl.java:43)
	at java.lang.reflect.Method.invoke(Method.java:498)
	at org.apache.hadoop.io.retry.RetryInvocationHandler.invokeMethod(RetryInvocationHandler.java:433)
	at org.apache.hadoop.io.retry.RetryInvocationHandler$Call.invokeMethod(RetryInvocationHandler.java:166)
	at org.apache.hadoop.io.retry.RetryInvocationHandler$Call.invoke(RetryInvocationHandler.java:158)
	at org.apache.hadoop.io.retry.RetryInvocationHandler$Call.invokeOnce(RetryInvocationHandler.java:96)
	at org.apache.hadoop.io.retry.RetryInvocationHandler.invoke(RetryInvocationHandler.java:362)
	at com.sun.proxy.$Proxy26.submitRequest(Unknown Source)
	at org.apache.hadoop.hdds.protocolPB.SCMSecurityProtocolClientSideTranslatorPB.submitRequest(SCMSecurityProtocolClientSideTranslatorPB.java:102)
	at org.apache.hadoop.hdds.protocolPB.SCMSecurityProtocolClientSideTranslatorPB.getCACert(SCMSecurityProtocolClientSideTranslatorPB.java:332)
	at org.apache.hadoop.hdds.protocolPB.SCMSecurityProtocolClientSideTranslatorPB.getCACertificate(SCMSecurityProtocolClientSideTranslatorPB.java:326)
	at org.junit.Assert.assertThrows(Assert.java:1001)
	at org.junit.Assert.assertThrows(Assert.java:981)
	at org.apache.hadoop.ozone.TestSecureOzoneCluster.testSCMSecurityProtocol(TestSecureOzoneCluster.java:405)
	at sun.reflect.NativeMethodAccessorImpl.invoke0(Native Method)
	at sun.reflect.NativeMethodAccessorImpl.invoke(NativeMethodAccessorImpl.java:62)
	at sun.reflect.DelegatingMethodAccessorImpl.invoke(DelegatingMethodAccessorImpl.java:43)
	at java.lang.reflect.Method.invoke(Method.java:498)
	at org.junit.runners.model.FrameworkMethod$1.runReflectiveCall(FrameworkMethod.java:59)
	at org.junit.internal.runners.model.ReflectiveCallable.run(ReflectiveCallable.java:12)
	at org.junit.runners.model.FrameworkMethod.invokeExplosively(FrameworkMethod.java:56)
	at org.junit.internal.runners.statements.InvokeMethod.evaluate(InvokeMethod.java:17)
	at org.junit.internal.runners.statements.RunBefores.evaluate(RunBefores.java:26)
	at org.junit.internal.runners.statements.RunAfters.evaluate(RunAfters.java:27)
	at org.junit.rules.ExternalResource$1.evaluate(ExternalResource.java:54)
	at org.junit.internal.runners.statements.FailOnTimeout$CallableStatement.call(FailOnTimeout.java:288)
	at org.junit.internal.runners.statements.FailOnTimeout$CallableStatement.call(FailOnTimeout.java:282)
	at java.util.concurrent.FutureTask.run(FutureTask.java:266)
	at java.lang.Thread.run(Thread.java:750)
2023-09-14 11:48:51,799 [Time-limited test] WARN  ipc.Client (Client.java:run(733)) - Exception encountered while connecting to the server 0.0.0.0/0.0.0.0:9961
org.apache.hadoop.security.AccessControlException: Client cannot authenticate via:[KERBEROS]
	at org.apache.hadoop.security.SaslRpcClient.selectSaslClient(SaslRpcClient.java:179)
	at org.apache.hadoop.security.SaslRpcClient.saslConnect(SaslRpcClient.java:392)
	at org.apache.hadoop.ipc.Client$Connection.setupSaslConnection(Client.java:561)
	at org.apache.hadoop.ipc.Client$Connection.access$2100(Client.java:347)
	at org.apache.hadoop.ipc.Client$Connection$2.run(Client.java:783)
	at org.apache.hadoop.ipc.Client$Connection$2.run(Client.java:779)
	at java.security.AccessController.doPrivileged(Native Method)
	at javax.security.auth.Subject.doAs(Subject.java:422)
	at org.apache.hadoop.security.UserGroupInformation.doAs(UserGroupInformation.java:1899)
	at org.apache.hadoop.ipc.Client$Connection.setupIOstreams(Client.java:779)
	at org.apache.hadoop.ipc.Client$Connection.access$3800(Client.java:347)
	at org.apache.hadoop.ipc.Client.getConnection(Client.java:1632)
	at org.apache.hadoop.ipc.Client.call(Client.java:1457)
	at org.apache.hadoop.ipc.Client.call(Client.java:1410)
	at org.apache.hadoop.ipc.ProtobufRpcEngine$Invoker.invoke(ProtobufRpcEngine.java:250)
	at org.apache.hadoop.ipc.ProtobufRpcEngine$Invoker.invoke(ProtobufRpcEngine.java:132)
	at com.sun.proxy.$Proxy26.submitRequest(Unknown Source)
	at sun.reflect.NativeMethodAccessorImpl.invoke0(Native Method)
	at sun.reflect.NativeMethodAccessorImpl.invoke(NativeMethodAccessorImpl.java:62)
	at sun.reflect.DelegatingMethodAccessorImpl.invoke(DelegatingMethodAccessorImpl.java:43)
	at java.lang.reflect.Method.invoke(Method.java:498)
	at org.apache.hadoop.io.retry.RetryInvocationHandler.invokeMethod(RetryInvocationHandler.java:433)
	at org.apache.hadoop.io.retry.RetryInvocationHandler$Call.invokeMethod(RetryInvocationHandler.java:166)
	at org.apache.hadoop.io.retry.RetryInvocationHandler$Call.invoke(RetryInvocationHandler.java:158)
	at org.apache.hadoop.io.retry.RetryInvocationHandler$Call.invokeOnce(RetryInvocationHandler.java:96)
	at org.apache.hadoop.io.retry.RetryInvocationHandler.invoke(RetryInvocationHandler.java:362)
	at com.sun.proxy.$Proxy26.submitRequest(Unknown Source)
	at org.apache.hadoop.hdds.protocolPB.SCMSecurityProtocolClientSideTranslatorPB.submitRequest(SCMSecurityProtocolClientSideTranslatorPB.java:102)
	at org.apache.hadoop.hdds.protocolPB.SCMSecurityProtocolClientSideTranslatorPB.getCertificate(SCMSecurityProtocolClientSideTranslatorPB.java:271)
	at org.apache.hadoop.ozone.TestSecureOzoneCluster.lambda$testSCMSecurityProtocol$1(TestSecureOzoneCluster.java:409)
	at org.junit.Assert.assertThrows(Assert.java:1001)
	at org.junit.Assert.assertThrows(Assert.java:981)
	at org.apache.hadoop.ozone.TestSecureOzoneCluster.testSCMSecurityProtocol(TestSecureOzoneCluster.java:408)
	at sun.reflect.NativeMethodAccessorImpl.invoke0(Native Method)
	at sun.reflect.NativeMethodAccessorImpl.invoke(NativeMethodAccessorImpl.java:62)
	at sun.reflect.DelegatingMethodAccessorImpl.invoke(DelegatingMethodAccessorImpl.java:43)
	at java.lang.reflect.Method.invoke(Method.java:498)
	at org.junit.runners.model.FrameworkMethod$1.runReflectiveCall(FrameworkMethod.java:59)
	at org.junit.internal.runners.model.ReflectiveCallable.run(ReflectiveCallable.java:12)
	at org.junit.runners.model.FrameworkMethod.invokeExplosively(FrameworkMethod.java:56)
	at org.junit.internal.runners.statements.InvokeMethod.evaluate(InvokeMethod.java:17)
	at org.junit.internal.runners.statements.RunBefores.evaluate(RunBefores.java:26)
	at org.junit.internal.runners.statements.RunAfters.evaluate(RunAfters.java:27)
	at org.junit.rules.ExternalResource$1.evaluate(ExternalResource.java:54)
	at org.junit.internal.runners.statements.FailOnTimeout$CallableStatement.call(FailOnTimeout.java:288)
	at org.junit.internal.runners.statements.FailOnTimeout$CallableStatement.call(FailOnTimeout.java:282)
	at java.util.concurrent.FutureTask.run(FutureTask.java:266)
	at java.lang.Thread.run(Thread.java:750)
2023-09-14 11:48:51,801 [Time-limited test] INFO  server.StorageContainerManager (StorageContainerManager.java:stop(1591)) - Container Balancer is not running.
2023-09-14 11:48:51,801 [Time-limited test] INFO  server.StorageContainerManager (StorageContainerManager.java:stopReplicationManager(1724)) - Stopping Replication Manager Service.
2023-09-14 11:48:51,801 [Time-limited test] INFO  replication.ReplicationManager (ReplicationManager.java:stop(323)) - Stopping Replication Monitor Thread.
2023-09-14 11:48:51,802 [Under Replicated Processor] WARN  replication.UnhealthyReplicationProcessor (UnhealthyReplicationProcessor.java:run(180)) - Under Replicated Processor interrupted. Exiting...
2023-09-14 11:48:51,802 [Over Replicated Processor] WARN  replication.UnhealthyReplicationProcessor (UnhealthyReplicationProcessor.java:run(180)) - Over Replicated Processor interrupted. Exiting...
2023-09-14 11:48:51,802 [Time-limited test] INFO  server.StorageContainerManager (StorageContainerManager.java:stop(1600)) - Stopping the Datanode Admin Monitor.
2023-09-14 11:48:51,803 [ReplicationMonitor] INFO  replication.ReplicationManager (ReplicationManager.java:run(921)) - Replication Monitor Thread is stopped
2023-09-14 11:48:51,803 [Time-limited test] INFO  server.StorageContainerManager (StorageContainerManager.java:stop(1607)) - Stopping datanode service RPC server
2023-09-14 11:48:51,804 [Time-limited test] INFO  server.SCMDatanodeProtocolServer (SCMDatanodeProtocolServer.java:stop(424)) - Stopping the RPC server for DataNodes
2023-09-14 11:48:51,804 [Time-limited test] INFO  ipc.Server (Server.java:stop(3523)) - Stopping server on 9861
2023-09-14 11:48:51,818 [IPC Server Responder] INFO  ipc.Server (Server.java:run(1567)) - Stopping IPC Server Responder
2023-09-14 11:48:51,824 [IPC Server listener on 9861] INFO  ipc.Server (Server.java:run(1434)) - Stopping IPC Server listener on 9861
2023-09-14 11:48:53,143 [SCM Heartbeat Processing Thread - 0] WARN  node.NodeStateManager (NodeStateManager.java:scheduleNextHealthCheck(874)) - Current Thread is interrupted, shutting down HB processing thread for Node Manager.
2023-09-14 11:48:53,145 [Time-limited test] INFO  server.StorageContainerManager (StorageContainerManager.java:stop(1615)) - Stopping block service RPC server
2023-09-14 11:48:53,145 [Time-limited test] INFO  server.SCMBlockProtocolServer (SCMBlockProtocolServer.java:stop(163)) - Stopping the RPC server for Block Protocol
2023-09-14 11:48:53,146 [Time-limited test] INFO  ipc.Server (Server.java:stop(3523)) - Stopping server on 9863
2023-09-14 11:48:53,152 [IPC Server Responder] INFO  ipc.Server (Server.java:run(1567)) - Stopping IPC Server Responder
2023-09-14 11:48:53,152 [IPC Server listener on 9863] INFO  ipc.Server (Server.java:run(1434)) - Stopping IPC Server listener on 9863
2023-09-14 11:48:53,154 [Time-limited test] INFO  server.StorageContainerManager (StorageContainerManager.java:stop(1622)) - Stopping the StorageContainerLocationProtocol RPC server
2023-09-14 11:48:53,154 [Time-limited test] INFO  server.SCMClientProtocolServer (SCMClientProtocolServer.java:stop(210)) - Stopping the RPC server for Client Protocol
2023-09-14 11:48:53,154 [Time-limited test] INFO  ipc.Server (Server.java:stop(3523)) - Stopping server on 9860
2023-09-14 11:48:53,164 [IPC Server listener on 9860] INFO  ipc.Server (Server.java:run(1434)) - Stopping IPC Server listener on 9860
2023-09-14 11:48:53,167 [IPC Server Responder] INFO  ipc.Server (Server.java:run(1567)) - Stopping IPC Server Responder
2023-09-14 11:48:53,167 [Time-limited test] INFO  server.StorageContainerManager (StorageContainerManager.java:stop(1629)) - Stopping Storage Container Manager HTTP server.
2023-09-14 11:48:53,171 [Time-limited test] INFO  handler.ContextHandler (ContextHandler.java:doStop(1159)) - Stopped o.e.j.w.WebAppContext@5a8a25f3{scm,/,null,STOPPED}{file:/home/runner/work/ozone/ozone/hadoop-ozone/integration-test/target/test-classes/webapps/scm}
2023-09-14 11:48:53,175 [Time-limited test] INFO  server.AbstractConnector (AbstractConnector.java:doStop(383)) - Stopped ServerConnector@34fd7c59{HTTP/1.1, (http/1.1)}{0.0.0.0:9876}
2023-09-14 11:48:53,176 [Time-limited test] INFO  server.session (HouseKeeper.java:stopScavenging(149)) - node0 Stopped scavenging
2023-09-14 11:48:53,176 [Time-limited test] INFO  handler.ContextHandler (ContextHandler.java:doStop(1159)) - Stopped o.e.j.s.ServletContextHandler@5d88b41f{static,/static,file:///home/runner/work/ozone/ozone/hadoop-ozone/integration-test/target/test-classes/webapps/static,STOPPED}
2023-09-14 11:48:53,176 [Time-limited test] INFO  handler.ContextHandler (ContextHandler.java:doStop(1159)) - Stopped o.e.j.s.ServletContextHandler@719140b5{logs,/logs,file:///home/runner/work/ozone/ozone/hadoop-ozone/integration-test/target/log,STOPPED}
2023-09-14 11:48:53,179 [Time-limited test] INFO  server.StorageContainerManager (StorageContainerManager.java:stop(1637)) - Stopping SCM LayoutVersionManager Service.
2023-09-14 11:48:53,179 [Time-limited test] INFO  server.SCMSecurityProtocolServer (SCMSecurityProtocolServer.java:stop(550)) - Stopping the SCMSecurityProtocolServer.
2023-09-14 11:48:53,180 [Time-limited test] INFO  ipc.Server (Server.java:stop(3523)) - Stopping server on 9961
2023-09-14 11:48:53,180 [IPC Server listener on 9961] INFO  ipc.Server (Server.java:run(1434)) - Stopping IPC Server listener on 9961
2023-09-14 11:48:53,180 [IPC Server Responder] INFO  ipc.Server (Server.java:run(1567)) - Stopping IPC Server Responder
2023-09-14 11:48:53,181 [Time-limited test] INFO  server.SCMUpdateServiceGrpcServer (SCMUpdateServiceGrpcServer.java:stop(73)) - SCMUpdateService stopping
2023-09-14 11:48:53,211 [Time-limited test] INFO  server.SCMUpdateServiceGrpcServer (SCMUpdateServiceGrpcServer.java:stop(85)) - SCMUpdateService stopped!
2023-09-14 11:48:53,211 [Time-limited test] INFO  server.StorageContainerManager (StorageContainerManager.java:stop(1649)) - Stopping Block Manager Service.
2023-09-14 11:48:53,212 [Time-limited test] INFO  utils.BackgroundService (BackgroundService.java:shutdown(141)) - Shutting down service SCMBlockDeletingService
2023-09-14 11:48:53,212 [Time-limited test] INFO  utils.BackgroundService (BackgroundService.java:shutdown(141)) - Shutting down service SCMBlockDeletingService
2023-09-14 11:48:53,213 [Time-limited test] INFO  server.StorageContainerManager (StorageContainerManager.java:stop(1669)) - Stopping SCM Event Queue.
2023-09-14 11:48:53,218 [JvmPauseMonitor0] INFO  util.JvmPauseMonitor (JvmPauseMonitor.java:run(109)) - JvmPauseMonitor-2ff83726-2700-48a7-8ec0-67ad7111fb57: Stopped
2023-09-14 11:48:53,218 [Time-limited test] INFO  server.StorageContainerManager (StorageContainerManager.java:stop(1680)) - Stopping SCM HA services.
2023-09-14 11:48:53,220 [Time-limited test] INFO  pipeline.BackgroundPipelineCreator (BackgroundPipelineCreator.java:stop(149)) - Stopping RatisPipelineUtilsThread.
2023-09-14 11:48:53,220 [RatisPipelineUtilsThread - 0] WARN  pipeline.BackgroundPipelineCreator (BackgroundPipelineCreator.java:run(180)) - RatisPipelineUtilsThread is interrupted.
2023-09-14 11:48:53,221 [Time-limited test] INFO  BackgroundPipelineScrubber (BackgroundSCMService.java:stop(131)) - Stopping BackgroundPipelineScrubber Service.
2023-09-14 11:48:53,221 [BackgroundPipelineScrubberThread] WARN  BackgroundPipelineScrubber (BackgroundSCMService.java:run(115)) - BackgroundPipelineScrubber is interrupted, exit
2023-09-14 11:48:53,222 [Time-limited test] INFO  impl.MetricsSystemImpl (MetricsSystemImpl.java:stop(210)) - Stopping StorageContainerManager metrics system...
2023-09-14 11:48:53,224 [prometheus] INFO  impl.MetricsSinkAdapter (MetricsSinkAdapter.java:publishMetricsFromQueue(141)) - prometheus thread interrupted.
2023-09-14 11:48:53,224 [Time-limited test] INFO  impl.MetricsSystemImpl (MetricsSystemImpl.java:stop(216)) - StorageContainerManager metrics system stopped.
2023-09-14 11:48:53,225 [Time-limited test] WARN  pipeline.BackgroundPipelineCreator (BackgroundPipelineCreator.java:stop(145)) - RatisPipelineUtilsThread is not running, just ignore.
2023-09-14 11:48:53,225 [Time-limited test] INFO  BackgroundPipelineScrubber (BackgroundSCMService.java:stop(126)) - BackgroundPipelineScrubber Service is not running, skip stop.
2023-09-14 11:48:53,225 [Time-limited test] INFO  ExpiredContainerReplicaOpScrubber (BackgroundSCMService.java:stop(131)) - Stopping ExpiredContainerReplicaOpScrubber Service.
2023-09-14 11:48:53,225 [ExpiredContainerReplicaOpScrubberThread] WARN  ExpiredContainerReplicaOpScrubber (BackgroundSCMService.java:run(115)) - ExpiredContainerReplicaOpScrubber is interrupted, exit
2023-09-14 11:48:53,225 [Time-limited test] INFO  utils.BackgroundService (BackgroundService.java:shutdown(141)) - Shutting down service SCMBlockDeletingService
2023-09-14 11:48:53,225 [Time-limited test] INFO  replication.ReplicationManager (ReplicationManager.java:stop(333)) - Replication Monitor Thread is not running.
2023-09-14 11:48:53,225 [Time-limited test] WARN  balancer.ContainerBalancer (ContainerBalancer.java:stop(326)) - Cannot stop Container Balancer because it's not running or stopping
2023-09-14 11:48:53,225 [Lease Manager-LeaseManager#LeaseMonitor] WARN  lease.LeaseManager (LeaseManager.java:run(272)) - Lease manager is interrupted. Shutting down...
java.lang.InterruptedException
	at java.util.concurrent.locks.AbstractQueuedSynchronizer.doAcquireSharedNanos(AbstractQueuedSynchronizer.java:1039)
	at java.util.concurrent.locks.AbstractQueuedSynchronizer.tryAcquireSharedNanos(AbstractQueuedSynchronizer.java:1328)
	at java.util.concurrent.Semaphore.tryAcquire(Semaphore.java:409)
	at org.apache.hadoop.ozone.lease.LeaseManager$LeaseMonitor.run(LeaseManager.java:270)
	at java.lang.Thread.run(Thread.java:750)
2023-09-14 11:48:53,226 [Time-limited test] INFO  server.StorageContainerManager (StorageContainerManager.java:stop(1715)) - Stopping SCM MetadataStore.
2023-09-14 11:48:53,235 [Time-limited test] INFO  impl.DefaultInternalKdcServerImpl (DefaultInternalKdcServerImpl.java:doStop(102)) - Default Internal kdc server stopped.
2023-09-14 11:48:54,235 [Time-limited test] INFO  minikdc.MiniKdc (MiniKdc.java:stop(359)) - MiniKdc stopped.
2023-09-14 11:48:54,236 [Time-limited test] INFO  server.StorageContainerManager (StorageContainerManager.java:stop(1580)) - Storage Container Manager is not running.
2023-09-14 11:48:54,236 [Time-limited test] INFO  server.StorageContainerManager (StorageContainerManager.java:stopReplicationManager(1724)) - Stopping Replication Manager Service.
2023-09-14 11:48:54,236 [Time-limited test] INFO  replication.ReplicationManager (ReplicationManager.java:stop(333)) - Replication Monitor Thread is not running.
2023-09-14 11:48:54,236 [Time-limited test] INFO  server.SCMSecurityProtocolServer (SCMSecurityProtocolServer.java:join(560)) - Join RPC server for SCMSecurityProtocolServer.
2023-09-14 11:48:54,236 [Time-limited test] INFO  server.SCMSecurityProtocolServer (SCMSecurityProtocolServer.java:join(562)) - Join gRPC server for SCMSecurityProtocolServer.
]]></system-out>
  </testcase>
  <testcase name="testSecureOmReInit" classname="org.apache.hadoop.ozone.TestSecureOzoneCluster" time="12.078">
    <system-out><![CDATA[2023-09-14 11:48:54,260 [Time-limited test] INFO  net.ServerSocketUtil (ServerSocketUtil.java:getPort(55)) - Using port 9860
2023-09-14 11:48:54,260 [Time-limited test] INFO  net.ServerSocketUtil (ServerSocketUtil.java:getPort(55)) - Using port 9861
2023-09-14 11:48:54,260 [Time-limited test] INFO  net.ServerSocketUtil (ServerSocketUtil.java:getPort(55)) - Using port 9863
2023-09-14 11:48:54,260 [Time-limited test] INFO  net.ServerSocketUtil (ServerSocketUtil.java:getPort(55)) - Using port 9961
2023-09-14 11:48:54,261 [Time-limited test] INFO  net.ServerSocketUtil (ServerSocketUtil.java:getPort(55)) - Using port 1200
2023-09-14 11:48:54,261 [Time-limited test] INFO  net.ServerSocketUtil (ServerSocketUtil.java:getPort(55)) - Using port 1201
2023-09-14 11:48:54,261 [Time-limited test] INFO  minikdc.MiniKdc (MiniKdc.java:<init>(225)) - Configuration:
2023-09-14 11:48:54,261 [Time-limited test] INFO  minikdc.MiniKdc (MiniKdc.java:<init>(226)) - ---------------------------------------------------------------
2023-09-14 11:48:54,261 [Time-limited test] INFO  minikdc.MiniKdc (MiniKdc.java:<init>(228)) -   debug: false
2023-09-14 11:48:54,261 [Time-limited test] INFO  minikdc.MiniKdc (MiniKdc.java:<init>(228)) -   transport: TCP
2023-09-14 11:48:54,261 [Time-limited test] INFO  minikdc.MiniKdc (MiniKdc.java:<init>(228)) -   max.ticket.lifetime: 86400000
2023-09-14 11:48:54,261 [Time-limited test] INFO  minikdc.MiniKdc (MiniKdc.java:<init>(228)) -   org.name: EXAMPLE
2023-09-14 11:48:54,261 [Time-limited test] INFO  minikdc.MiniKdc (MiniKdc.java:<init>(228)) -   kdc.port: 0
2023-09-14 11:48:54,262 [Time-limited test] INFO  minikdc.MiniKdc (MiniKdc.java:<init>(228)) -   org.domain: COM
2023-09-14 11:48:54,262 [Time-limited test] INFO  minikdc.MiniKdc (MiniKdc.java:<init>(228)) -   max.renewable.lifetime: 604800000
2023-09-14 11:48:54,262 [Time-limited test] INFO  minikdc.MiniKdc (MiniKdc.java:<init>(228)) -   instance: DefaultKrbServer
2023-09-14 11:48:54,262 [Time-limited test] INFO  minikdc.MiniKdc (MiniKdc.java:<init>(228)) -   kdc.bind.address: localhost
2023-09-14 11:48:54,262 [Time-limited test] INFO  minikdc.MiniKdc (MiniKdc.java:<init>(230)) - ---------------------------------------------------------------
2023-09-14 11:48:54,264 [Time-limited test] INFO  minikdc.MiniKdc (MiniKdc.java:start(285)) - MiniKdc started.
2023-09-14 11:48:54,390 [Time-limited test] INFO  om.OzoneManager (OzoneManager.java:getOmDetailsProto(4573)) - OzoneManager ports added:[name: "RPC"
value: 1202
]
2023-09-14 11:48:54,391 [Time-limited test] WARN  server.ServerUtils (ServerUtils.java:getScmDbDir(155)) - ozone.scm.db.dirs is not configured. We recommend adding this setting. Falling back to ozone.metadata.dirs instead.
2023-09-14 11:48:54,394 [Time-limited test] INFO  ha.HASecurityUtils (HASecurityUtils.java:initializeSecurity(98)) - Initializing secure StorageContainerManager.
2023-09-14 11:48:54,398 [Time-limited test] INFO  client.SCMCertificateClient (DefaultCertificateClient.java:updateCertSerialId(1244)) - Certificate serial ID set to null
2023-09-14 11:48:54,399 [Time-limited test] ERROR client.SCMCertificateClient (DefaultCertificateClient.java:getCertPath(362)) - Default certificate serial id is not set. Can't locate the default certificate for this client.
2023-09-14 11:48:54,399 [Time-limited test] INFO  client.SCMCertificateClient (DefaultCertificateClient.java:init(715)) - Certificate client init case: 0
2023-09-14 11:48:54,399 [Time-limited test] INFO  client.SCMCertificateClient (SCMCertificateClient.java:handleCase(103)) - Creating keypair for client as keypair and certificate not found.
2023-09-14 11:48:54,670 [Time-limited test] INFO  ha.HASecurityUtils (HASecurityUtils.java:initializeSecurity(108)) - Init response: GETCERT
2023-09-14 11:48:55,068 [Time-limited test] INFO  ozone.OzoneSecurityUtil (OzoneSecurityUtil.java:getValidInetsForCurrentHost(119)) - ip:fe80:0:0:0:20d:3aff:fe15:5b9%eth0 not returned.
2023-09-14 11:48:55,068 [Time-limited test] INFO  ozone.OzoneSecurityUtil (OzoneSecurityUtil.java:getValidInetsForCurrentHost(116)) - Adding ip:10.1.136.0,host:fv-az240-193.bcold04rutgefduts2gkrghvsa.bx.internal.cloudapp.net
2023-09-14 11:48:55,068 [Time-limited test] INFO  ozone.OzoneSecurityUtil (OzoneSecurityUtil.java:getValidInetsForCurrentHost(119)) - ip:0:0:0:0:0:0:0:1%lo not returned.
2023-09-14 11:48:55,068 [Time-limited test] INFO  ozone.OzoneSecurityUtil (OzoneSecurityUtil.java:getValidInetsForCurrentHost(119)) - ip:127.0.0.1 not returned.
2023-09-14 11:48:55,072 [Time-limited test] INFO  utils.SelfSignedCertificate (SelfSignedCertificate.java:generateCertificate(157)) - Certificate 1 is issued by CN=scm-1@fv-az240-193,OU=2e4c4fd6-4138-4921-83d5-56c55ace5a12,O=9b5dc792-94f7-495a-804a-94197503b969 to CN=scm-1@fv-az240-193,OU=2e4c4fd6-4138-4921-83d5-56c55ace5a12,O=9b5dc792-94f7-495a-804a-94197503b969, valid from Thu Sep 14 11:48:55 UTC 2023 to Sun Oct 22 11:48:55 UTC 2028
2023-09-14 11:48:55,073 [Time-limited test] INFO  utils.CertificateCodec (CertificateCodec.java:writeCertificate(299)) - Save certificate to /tmp/junit1172224296877028512/junit7723045122117657616/scm-meta/scm/ca/certs/certificate.crt
2023-09-14 11:48:55,073 [Time-limited test] INFO  utils.CertificateCodec (CertificateCodec.java:writeCertificate(300)) - Certificate -----BEGIN CERTIFICATE-----
MIID5zCCAs+gAwIBAgIBATANBgkqhkiG9w0BAQsFADB7MRswGQYDVQQDDBJzY20t
MUBmdi1hejI0MC0xOTMxLTArBgNVBAsMJDJlNGM0ZmQ2LTQxMzgtNDkyMS04M2Q1
LTU2YzU1YWNlNWExMjEtMCsGA1UECgwkOWI1ZGM3OTItOTRmNy00OTVhLTgwNGEt
OTQxOTc1MDNiOTY5MB4XDTIzMDkxNDExNDg1NVoXDTI4MTAyMjExNDg1NVowezEb
MBkGA1UEAwwSc2NtLTFAZnYtYXoyNDAtMTkzMS0wKwYDVQQLDCQyZTRjNGZkNi00
MTM4LTQ5MjEtODNkNS01NmM1NWFjZTVhMTIxLTArBgNVBAoMJDliNWRjNzkyLTk0
ZjctNDk1YS04MDRhLTk0MTk3NTAzYjk2OTCCASIwDQYJKoZIhvcNAQEBBQADggEP
ADCCAQoCggEBAI4EtuvuRFO5DIU9kEPsW9fu2g/y/Cw+b6pqwfnvNs+kbrkHjLSR
uczizAr1B4C0/soZQovaHNjV5BB9gglTLHz7BaNAtlWlGQBLxl3h5xtufUoat+Is
ePyeQ85expnNXk1VJGvHSJNcI5I8AzYkm5EtNRA1cV9WISGTr8161eL5x8eSgiB/
TcXx683WWe0rlo4TBseWWc96RuEZ8UnTmjzcG7tYTJkYRK2UrHZTaPomz7EvBD1G
VAtcgzBnfWjx+x1GMIv+cNWPCXwNgu42FmLPdnVN0+SsipMGIN1Tj9vurOqhTiAS
qxmggoiiAb32y5uw5MbYO1xE5yshnlaTS+8CAwEAAaN2MHQwDwYDVR0TAQH/BAUw
AwEB/zAOBgNVHQ8BAf8EBAMCAQYwUQYDVR0RBEowSIcECgGIAIJAZnYtYXoyNDAt
MTkzLmJjb2xkMDRydXRnZWZkdXRzMmdrcmdodnNhLmJ4LmludGVybmFsLmNsb3Vk
YXBwLm5ldDANBgkqhkiG9w0BAQsFAAOCAQEAGiDQ2dGi1iw+DTar6VGyZpcdOncI
A/Yg39FJjQBoyNiKM4Ox7ZueY7h8aEKzNYRz3UPzaj1/6LyP/glgCesF34jiXJd2
RfCSlcI5fEl36IM1UFZuXDbsmTHMnFrDztggKsXuFrcZGo+eRRh+SF6331V7KybZ
I37el8B3rhf+h4BeD1KtMBG/N/d8Tl7q55qVH642zXQdkwDxaVOt6DjTcWBPHxiE
b75oFmhzkADybKwCgA6EpMRc8aen4mTJT45NChe53b4vRqkoNyFY+YuFI4ROpsu3
wLQaYtrc9b1mBwzf62ZD46pn5MbH65uT6yxIsOHp5IUMkyfRoDOITn0gnA==
-----END CERTIFICATE-----

2023-09-14 11:48:55,076 [Time-limited test] INFO  client.SCMCertificateClient (SCMCertificateClient.java:getCSRBuilder(165)) - Creating csr for SCM->hostName:fv-az240-193,scmId:2e4c4fd6-4138-4921-83d5-56c55ace5a12,clusterId:9b5dc792-94f7-495a-804a-94197503b969,subject:scm-sub-1959273285454@fv-az240-193
2023-09-14 11:48:55,076 [Time-limited test] INFO  ozone.OzoneSecurityUtil (OzoneSecurityUtil.java:getValidInetsForCurrentHost(119)) - ip:fe80:0:0:0:20d:3aff:fe15:5b9%eth0 not returned.
2023-09-14 11:48:55,076 [Time-limited test] INFO  ozone.OzoneSecurityUtil (OzoneSecurityUtil.java:getValidInetsForCurrentHost(116)) - Adding ip:10.1.136.0,host:fv-az240-193.bcold04rutgefduts2gkrghvsa.bx.internal.cloudapp.net
2023-09-14 11:48:55,077 [Time-limited test] INFO  ozone.OzoneSecurityUtil (OzoneSecurityUtil.java:getValidInetsForCurrentHost(119)) - ip:0:0:0:0:0:0:0:1%lo not returned.
2023-09-14 11:48:55,077 [Time-limited test] INFO  ozone.OzoneSecurityUtil (OzoneSecurityUtil.java:getValidInetsForCurrentHost(119)) - ip:127.0.0.1 not returned.
2023-09-14 11:48:55,077 [Time-limited test] INFO  ha.HASecurityUtils (HASecurityUtils.java:generateCSR(308)) - Creating csr for SCM->hostName:fv-az240-193,scmId:2e4c4fd6-4138-4921-83d5-56c55ace5a12,clusterId:9b5dc792-94f7-495a-804a-94197503b969,subject:scm-sub-1959275273060@fv-az240-193
2023-09-14 11:48:55,084 [Time-limited test] INFO  authority.DefaultApprover (DefaultApprover.java:sign(154)) - Extensions in CSR: 2.5.29.19, 2.5.29.15, 2.5.29.17
2023-09-14 11:48:55,084 [Time-limited test] INFO  authority.DefaultApprover (DefaultApprover.java:sign(158)) - Extensions to add to the certificate if they present in CSR: 2.5.29.17, 2.5.29.19, 1.3.6.1.5.5.7.1.12, 2.5.29.35, 2.5.29.37, 2.5.29.15
2023-09-14 11:48:55,092 [Time-limited test] INFO  utils.CertificateCodec (CertificateCodec.java:writeCertificate(299)) - Save certificate to /tmp/junit1172224296877028512/junit7723045122117657616/scm-meta/scm/sub-ca/certs/CA-1.crt
2023-09-14 11:48:55,092 [Time-limited test] INFO  utils.CertificateCodec (CertificateCodec.java:writeCertificate(300)) - Certificate -----BEGIN CERTIFICATE-----
MIID5zCCAs+gAwIBAgIBATANBgkqhkiG9w0BAQsFADB7MRswGQYDVQQDDBJzY20t
MUBmdi1hejI0MC0xOTMxLTArBgNVBAsMJDJlNGM0ZmQ2LTQxMzgtNDkyMS04M2Q1
LTU2YzU1YWNlNWExMjEtMCsGA1UECgwkOWI1ZGM3OTItOTRmNy00OTVhLTgwNGEt
OTQxOTc1MDNiOTY5MB4XDTIzMDkxNDExNDg1NVoXDTI4MTAyMjExNDg1NVowezEb
MBkGA1UEAwwSc2NtLTFAZnYtYXoyNDAtMTkzMS0wKwYDVQQLDCQyZTRjNGZkNi00
MTM4LTQ5MjEtODNkNS01NmM1NWFjZTVhMTIxLTArBgNVBAoMJDliNWRjNzkyLTk0
ZjctNDk1YS04MDRhLTk0MTk3NTAzYjk2OTCCASIwDQYJKoZIhvcNAQEBBQADggEP
ADCCAQoCggEBAI4EtuvuRFO5DIU9kEPsW9fu2g/y/Cw+b6pqwfnvNs+kbrkHjLSR
uczizAr1B4C0/soZQovaHNjV5BB9gglTLHz7BaNAtlWlGQBLxl3h5xtufUoat+Is
ePyeQ85expnNXk1VJGvHSJNcI5I8AzYkm5EtNRA1cV9WISGTr8161eL5x8eSgiB/
TcXx683WWe0rlo4TBseWWc96RuEZ8UnTmjzcG7tYTJkYRK2UrHZTaPomz7EvBD1G
VAtcgzBnfWjx+x1GMIv+cNWPCXwNgu42FmLPdnVN0+SsipMGIN1Tj9vurOqhTiAS
qxmggoiiAb32y5uw5MbYO1xE5yshnlaTS+8CAwEAAaN2MHQwDwYDVR0TAQH/BAUw
AwEB/zAOBgNVHQ8BAf8EBAMCAQYwUQYDVR0RBEowSIcECgGIAIJAZnYtYXoyNDAt
MTkzLmJjb2xkMDRydXRnZWZkdXRzMmdrcmdodnNhLmJ4LmludGVybmFsLmNsb3Vk
YXBwLm5ldDANBgkqhkiG9w0BAQsFAAOCAQEAGiDQ2dGi1iw+DTar6VGyZpcdOncI
A/Yg39FJjQBoyNiKM4Ox7ZueY7h8aEKzNYRz3UPzaj1/6LyP/glgCesF34jiXJd2
RfCSlcI5fEl36IM1UFZuXDbsmTHMnFrDztggKsXuFrcZGo+eRRh+SF6331V7KybZ
I37el8B3rhf+h4BeD1KtMBG/N/d8Tl7q55qVH642zXQdkwDxaVOt6DjTcWBPHxiE
b75oFmhzkADybKwCgA6EpMRc8aen4mTJT45NChe53b4vRqkoNyFY+YuFI4ROpsu3
wLQaYtrc9b1mBwzf62ZD46pn5MbH65uT6yxIsOHp5IUMkyfRoDOITn0gnA==
-----END CERTIFICATE-----

2023-09-14 11:48:55,098 [Time-limited test] INFO  utils.CertificateCodec (CertificateCodec.java:writeCertificate(299)) - Save certificate to /tmp/junit1172224296877028512/junit7723045122117657616/scm-meta/scm/sub-ca/certs/1959281387279.crt
2023-09-14 11:48:55,098 [Time-limited test] INFO  utils.CertificateCodec (CertificateCodec.java:writeCertificate(300)) - Certificate -----BEGIN CERTIFICATE-----
MIID/TCCAuWgAwIBAgIGAcguRWcPMA0GCSqGSIb3DQEBCwUAMHsxGzAZBgNVBAMM
EnNjbS0xQGZ2LWF6MjQwLTE5MzEtMCsGA1UECwwkMmU0YzRmZDYtNDEzOC00OTIx
LTgzZDUtNTZjNTVhY2U1YTEyMS0wKwYDVQQKDCQ5YjVkYzc5Mi05NGY3LTQ5NWEt
ODA0YS05NDE5NzUwM2I5NjkwHhcNMjMwOTE0MTE0ODU1WhcNMjgxMDIyMTE0ODU1
WjCBizErMCkGA1UEAwwic2NtLXN1Yi0xOTU5Mjc1MjczMDYwQGZ2LWF6MjQwLTE5
MzEtMCsGA1UECwwkMmU0YzRmZDYtNDEzOC00OTIxLTgzZDUtNTZjNTVhY2U1YTEy
MS0wKwYDVQQKDCQ5YjVkYzc5Mi05NGY3LTQ5NWEtODA0YS05NDE5NzUwM2I5Njkw
ggEiMA0GCSqGSIb3DQEBAQUAA4IBDwAwggEKAoIBAQDYQq7pNnijZI1haFeNwwhB
rAMk3MBVYhZvYMkY3AZ/olHHQtmfPj3jIHg54fIc1BKuWIuKJMrSFMk8vVbHGN0b
A3Xamab9BEIVC4Gu1efKKwC9s8/q1bElvDnoUegi2KZQ9JYqkLN4ZOkHCaSXEZVP
8+4sG9TFh0JwyHSA1X1iRXHftQUOUgCpEqmghSUIA4ZskBp/YkKrgVGnMRJdSf66
ZMPTSaqURqKUP0qmhCS/Gb/DdYkOUi/tMbHkxE0ZeDtQ2FkpMmMSrRnP5Z8srrMV
ivbSCyH7GVeU+wzV7CMy1FCmfuYROW3l6N7XlqeCPVYjtHRVZiOWkSbo+NP6kHXx
AgMBAAGjdjB0MFEGA1UdEQRKMEiHBAoBiACCQGZ2LWF6MjQwLTE5My5iY29sZDA0
cnV0Z2VmZHV0czJna3JnaHZzYS5ieC5pbnRlcm5hbC5jbG91ZGFwcC5uZXQwDwYD
VR0TAQH/BAUwAwEB/zAOBgNVHQ8BAf8EBAMCAb4wDQYJKoZIhvcNAQELBQADggEB
AGdld/DJFG8m2wb2s9841VuChtdvab2zJ8In5ihuMzNNZuH67bI1nV/2rjIDPqle
kalAdvtY6BzdjPN0zmjKiPmWfTv5EXpeScolhsGmMqd6KlugYPyw9b499H08qR9C
A14XoizUUi4GylMGn1u2CfM/RjkcDOc+k+aASq+axSSJLkMuqbpJeUGVGSGOOXtt
OHnje3GjcbZVMSRV8h0mOQXB8anmu4RO0RaYZhbq1tlwdI5Ez5mZcDTxXc1HwtgX
u1h+l2+N9nQngPItVRmFOeZXmg/O8V67JFMWacOuABVgqR33tXy4no7I+tP39jUT
rJHVltcrxlLOiAjnCZ/d7iU=
-----END CERTIFICATE-----

-----BEGIN CERTIFICATE-----
MIID5zCCAs+gAwIBAgIBATANBgkqhkiG9w0BAQsFADB7MRswGQYDVQQDDBJzY20t
MUBmdi1hejI0MC0xOTMxLTArBgNVBAsMJDJlNGM0ZmQ2LTQxMzgtNDkyMS04M2Q1
LTU2YzU1YWNlNWExMjEtMCsGA1UECgwkOWI1ZGM3OTItOTRmNy00OTVhLTgwNGEt
OTQxOTc1MDNiOTY5MB4XDTIzMDkxNDExNDg1NVoXDTI4MTAyMjExNDg1NVowezEb
MBkGA1UEAwwSc2NtLTFAZnYtYXoyNDAtMTkzMS0wKwYDVQQLDCQyZTRjNGZkNi00
MTM4LTQ5MjEtODNkNS01NmM1NWFjZTVhMTIxLTArBgNVBAoMJDliNWRjNzkyLTk0
ZjctNDk1YS04MDRhLTk0MTk3NTAzYjk2OTCCASIwDQYJKoZIhvcNAQEBBQADggEP
ADCCAQoCggEBAI4EtuvuRFO5DIU9kEPsW9fu2g/y/Cw+b6pqwfnvNs+kbrkHjLSR
uczizAr1B4C0/soZQovaHNjV5BB9gglTLHz7BaNAtlWlGQBLxl3h5xtufUoat+Is
ePyeQ85expnNXk1VJGvHSJNcI5I8AzYkm5EtNRA1cV9WISGTr8161eL5x8eSgiB/
TcXx683WWe0rlo4TBseWWc96RuEZ8UnTmjzcG7tYTJkYRK2UrHZTaPomz7EvBD1G
VAtcgzBnfWjx+x1GMIv+cNWPCXwNgu42FmLPdnVN0+SsipMGIN1Tj9vurOqhTiAS
qxmggoiiAb32y5uw5MbYO1xE5yshnlaTS+8CAwEAAaN2MHQwDwYDVR0TAQH/BAUw
AwEB/zAOBgNVHQ8BAf8EBAMCAQYwUQYDVR0RBEowSIcECgGIAIJAZnYtYXoyNDAt
MTkzLmJjb2xkMDRydXRnZWZkdXRzMmdrcmdodnNhLmJ4LmludGVybmFsLmNsb3Vk
YXBwLm5ldDANBgkqhkiG9w0BAQsFAAOCAQEAGiDQ2dGi1iw+DTar6VGyZpcdOncI
A/Yg39FJjQBoyNiKM4Ox7ZueY7h8aEKzNYRz3UPzaj1/6LyP/glgCesF34jiXJd2
RfCSlcI5fEl36IM1UFZuXDbsmTHMnFrDztggKsXuFrcZGo+eRRh+SF6331V7KybZ
I37el8B3rhf+h4BeD1KtMBG/N/d8Tl7q55qVH642zXQdkwDxaVOt6DjTcWBPHxiE
b75oFmhzkADybKwCgA6EpMRc8aen4mTJT45NChe53b4vRqkoNyFY+YuFI4ROpsu3
wLQaYtrc9b1mBwzf62ZD46pn5MbH65uT6yxIsOHp5IUMkyfRoDOITn0gnA==
-----END CERTIFICATE-----

2023-09-14 11:48:55,098 [Time-limited test] INFO  utils.CertificateCodec (CertificateCodec.java:writeCertificate(299)) - Save certificate to /tmp/junit1172224296877028512/junit7723045122117657616/scm-meta/scm/sub-ca/certs/certificate.crt
2023-09-14 11:48:55,098 [Time-limited test] INFO  utils.CertificateCodec (CertificateCodec.java:writeCertificate(300)) - Certificate -----BEGIN CERTIFICATE-----
MIID/TCCAuWgAwIBAgIGAcguRWcPMA0GCSqGSIb3DQEBCwUAMHsxGzAZBgNVBAMM
EnNjbS0xQGZ2LWF6MjQwLTE5MzEtMCsGA1UECwwkMmU0YzRmZDYtNDEzOC00OTIx
LTgzZDUtNTZjNTVhY2U1YTEyMS0wKwYDVQQKDCQ5YjVkYzc5Mi05NGY3LTQ5NWEt
ODA0YS05NDE5NzUwM2I5NjkwHhcNMjMwOTE0MTE0ODU1WhcNMjgxMDIyMTE0ODU1
WjCBizErMCkGA1UEAwwic2NtLXN1Yi0xOTU5Mjc1MjczMDYwQGZ2LWF6MjQwLTE5
MzEtMCsGA1UECwwkMmU0YzRmZDYtNDEzOC00OTIxLTgzZDUtNTZjNTVhY2U1YTEy
MS0wKwYDVQQKDCQ5YjVkYzc5Mi05NGY3LTQ5NWEtODA0YS05NDE5NzUwM2I5Njkw
ggEiMA0GCSqGSIb3DQEBAQUAA4IBDwAwggEKAoIBAQDYQq7pNnijZI1haFeNwwhB
rAMk3MBVYhZvYMkY3AZ/olHHQtmfPj3jIHg54fIc1BKuWIuKJMrSFMk8vVbHGN0b
A3Xamab9BEIVC4Gu1efKKwC9s8/q1bElvDnoUegi2KZQ9JYqkLN4ZOkHCaSXEZVP
8+4sG9TFh0JwyHSA1X1iRXHftQUOUgCpEqmghSUIA4ZskBp/YkKrgVGnMRJdSf66
ZMPTSaqURqKUP0qmhCS/Gb/DdYkOUi/tMbHkxE0ZeDtQ2FkpMmMSrRnP5Z8srrMV
ivbSCyH7GVeU+wzV7CMy1FCmfuYROW3l6N7XlqeCPVYjtHRVZiOWkSbo+NP6kHXx
AgMBAAGjdjB0MFEGA1UdEQRKMEiHBAoBiACCQGZ2LWF6MjQwLTE5My5iY29sZDA0
cnV0Z2VmZHV0czJna3JnaHZzYS5ieC5pbnRlcm5hbC5jbG91ZGFwcC5uZXQwDwYD
VR0TAQH/BAUwAwEB/zAOBgNVHQ8BAf8EBAMCAb4wDQYJKoZIhvcNAQELBQADggEB
AGdld/DJFG8m2wb2s9841VuChtdvab2zJ8In5ihuMzNNZuH67bI1nV/2rjIDPqle
kalAdvtY6BzdjPN0zmjKiPmWfTv5EXpeScolhsGmMqd6KlugYPyw9b499H08qR9C
A14XoizUUi4GylMGn1u2CfM/RjkcDOc+k+aASq+axSSJLkMuqbpJeUGVGSGOOXtt
OHnje3GjcbZVMSRV8h0mOQXB8anmu4RO0RaYZhbq1tlwdI5Ez5mZcDTxXc1HwtgX
u1h+l2+N9nQngPItVRmFOeZXmg/O8V67JFMWacOuABVgqR33tXy4no7I+tP39jUT
rJHVltcrxlLOiAjnCZ/d7iU=
-----END CERTIFICATE-----

-----BEGIN CERTIFICATE-----
MIID5zCCAs+gAwIBAgIBATANBgkqhkiG9w0BAQsFADB7MRswGQYDVQQDDBJzY20t
MUBmdi1hejI0MC0xOTMxLTArBgNVBAsMJDJlNGM0ZmQ2LTQxMzgtNDkyMS04M2Q1
LTU2YzU1YWNlNWExMjEtMCsGA1UECgwkOWI1ZGM3OTItOTRmNy00OTVhLTgwNGEt
OTQxOTc1MDNiOTY5MB4XDTIzMDkxNDExNDg1NVoXDTI4MTAyMjExNDg1NVowezEb
MBkGA1UEAwwSc2NtLTFAZnYtYXoyNDAtMTkzMS0wKwYDVQQLDCQyZTRjNGZkNi00
MTM4LTQ5MjEtODNkNS01NmM1NWFjZTVhMTIxLTArBgNVBAoMJDliNWRjNzkyLTk0
ZjctNDk1YS04MDRhLTk0MTk3NTAzYjk2OTCCASIwDQYJKoZIhvcNAQEBBQADggEP
ADCCAQoCggEBAI4EtuvuRFO5DIU9kEPsW9fu2g/y/Cw+b6pqwfnvNs+kbrkHjLSR
uczizAr1B4C0/soZQovaHNjV5BB9gglTLHz7BaNAtlWlGQBLxl3h5xtufUoat+Is
ePyeQ85expnNXk1VJGvHSJNcI5I8AzYkm5EtNRA1cV9WISGTr8161eL5x8eSgiB/
TcXx683WWe0rlo4TBseWWc96RuEZ8UnTmjzcG7tYTJkYRK2UrHZTaPomz7EvBD1G
VAtcgzBnfWjx+x1GMIv+cNWPCXwNgu42FmLPdnVN0+SsipMGIN1Tj9vurOqhTiAS
qxmggoiiAb32y5uw5MbYO1xE5yshnlaTS+8CAwEAAaN2MHQwDwYDVR0TAQH/BAUw
AwEB/zAOBgNVHQ8BAf8EBAMCAQYwUQYDVR0RBEowSIcECgGIAIJAZnYtYXoyNDAt
MTkzLmJjb2xkMDRydXRnZWZkdXRzMmdrcmdodnNhLmJ4LmludGVybmFsLmNsb3Vk
YXBwLm5ldDANBgkqhkiG9w0BAQsFAAOCAQEAGiDQ2dGi1iw+DTar6VGyZpcdOncI
A/Yg39FJjQBoyNiKM4Ox7ZueY7h8aEKzNYRz3UPzaj1/6LyP/glgCesF34jiXJd2
RfCSlcI5fEl36IM1UFZuXDbsmTHMnFrDztggKsXuFrcZGo+eRRh+SF6331V7KybZ
I37el8B3rhf+h4BeD1KtMBG/N/d8Tl7q55qVH642zXQdkwDxaVOt6DjTcWBPHxiE
b75oFmhzkADybKwCgA6EpMRc8aen4mTJT45NChe53b4vRqkoNyFY+YuFI4ROpsu3
wLQaYtrc9b1mBwzf62ZD46pn5MbH65uT6yxIsOHp5IUMkyfRoDOITn0gnA==
-----END CERTIFICATE-----

2023-09-14 11:48:55,099 [Time-limited test] INFO  ha.HASecurityUtils (HASecurityUtils.java:initializeSecurity(121)) - Successfully stored SCM signed certificate.
2023-09-14 11:48:55,100 [Time-limited test] WARN  server.ServerUtils (ServerUtils.java:getScmDbDir(155)) - ozone.scm.db.dirs is not configured. We recommend adding this setting. Falling back to ozone.metadata.dirs instead.
2023-09-14 11:48:55,100 [Time-limited test] INFO  ha.SCMHANodeDetails (SCMHANodeDetails.java:loadSCMHAConfig(210)) - ServiceID for StorageContainerManager is null
2023-09-14 11:48:55,101 [Time-limited test] INFO  ha.SCMHANodeDetails (SCMHANodeDetails.java:loadSCMHAConfig(215)) - ozone.scm.default.service.id is not defined, falling back to ozone.scm.service.ids to find serviceID for StorageContainerManager if it is HA enabled cluster
2023-09-14 11:48:55,107 [pool-40-thread-1] INFO  request.KdcRequest (KdcRequest.java:preauth(651)) - The preauth data is empty.
2023-09-14 11:48:55,109 [pool-40-thread-1] INFO  server.KdcHandler (KdcHandler.java:handleRecoverableException(177)) - KRB error occurred while processing request:Additional pre-authentication required
2023-09-14 11:48:55,122 [pool-40-thread-2] INFO  request.AsRequest (AsRequest.java:issueTicket(112)) - AS_REQ ISSUE: authtime 1694692135120,scm/fv-az240-193.bcold04rutgefduts2gkrghvsa.bx.internal.cloudapp.net@EXAMPLE.COM for krbtgt/EXAMPLE.COM@EXAMPLE.COM
2023-09-14 11:48:55,124 [Time-limited test] INFO  security.UserGroupInformation (UserGroupInformation.java:loginUserFromKeytab(1132)) - Login successful for user scm/fv-az240-193.bcold04rutgefduts2gkrghvsa.bx.internal.cloudapp.net@EXAMPLE.COM using keytab file scm.keytab. Keytab auto renewal enabled : false
2023-09-14 11:48:55,124 [Time-limited test] INFO  server.StorageContainerManager (StorageContainerManager.java:loginAsSCMUserIfSecurityEnabled(1042)) - SCM login successful.
2023-09-14 11:48:55,125 [Time-limited test] INFO  client.SCMCertificateClient (DefaultCertificateClient.java:updateCertSerialId(1244)) - Certificate serial ID set to 1959281387279
2023-09-14 11:48:55,127 [Time-limited test] INFO  client.SCMCertificateClient (DefaultCertificateClient.java:readCertificateFile(237)) - Added certificate   [0]         Version: 3
         SerialNumber: 1959281387279
             IssuerDN: CN=scm-1@fv-az240-193,OU=2e4c4fd6-4138-4921-83d5-56c55ace5a12,O=9b5dc792-94f7-495a-804a-94197503b969
           Start Date: Thu Sep 14 11:48:55 UTC 2023
           Final Date: Sun Oct 22 11:48:55 UTC 2028
            SubjectDN: CN=scm-sub-1959275273060@fv-az240-193,OU=2e4c4fd6-4138-4921-83d5-56c55ace5a12,O=9b5dc792-94f7-495a-804a-94197503b969
           Public Key: RSA Public Key [1c:a1:1e:93:ff:8f:1e:44:30:a6:d2:8a:cc:a5:12:5c:e2:ec:35:cf],[56:66:d1:a4]
        modulus: d842aee93678a3648d6168578dc30841ac0324dcc05562166f60c918dc067fa251c742d99f3e3de3207839e1f21cd412ae588b8a24cad214c93cbd56c718dd1b0375da99a6fd0442150b81aed5e7ca2b00bdb3cfead5b125bc39e851e822d8a650f4962a90b37864e90709a49711954ff3ee2c1bd4c5874270c87480d57d624571dfb5050e5200a912a9a085250803866c901a7f6242ab8151a731125d49feba64c3d349aa9446a2943f4aa68424bf19bfc375890e522fed31b1e4c44d19783b50d85929326312ad19cfe59f2caeb3158af6d20b21fb195794fb0cd5ec2332d450a67ee611396de5e8ded796a7823d5623b474556623969126e8f8d3fa9075f1
public exponent: 10001

  Signature Algorithm: SHA256WITHRSA
            Signature: 676577f0c9146f26db06f6b3df38d55b8286d76f
                       69bdb327c227e6286e33334d66e1faedb2359d5f
                       f6ae32033ea95e91a94076fb58e81cdd8cf374ce
                       68ca88f9967d3bf9117a5e49ca2586c1a632a77a
                       2a5ba060fcb0f5be3df47d3ca91f42035e17a22c
                       d4522e06ca53069f5bb609f33f46391c0ce73e93
                       e6804aaf9ac524892e432ea9ba4979419519218e
                       397b6d3879e37b71a371b655312455f21d263905
                       c1f1a9e6bb844ed116986616ead6d970748e44cf
                       99997034f15dcd47c2d817bb587e976f8df67427
                       80f22d55198539e6579a0fcef15ebb24531669c3
                       ae001560a91df7b57cb89e8ec8fad3f7f63513ac
                       91d596d72bc652ce8808e7099fddee25
       Extensions: 
                       critical(false) 2.5.29.17 value = Sequence
    Tagged [7] IMPLICIT 
        DER Octet String[4] 
    Tagged [2] IMPLICIT 
        DER Octet String[64] 

                       critical(true) BasicConstraints: isCa(true)
                       critical(true) KeyUsage: 0xbe
 from file: /tmp/junit1172224296877028512/junit7723045122117657616/scm-meta/scm/sub-ca/certs/1959281387279.crt.
2023-09-14 11:48:55,136 [Time-limited test] INFO  client.SCMCertificateClient (DefaultCertificateClient.java:readCertificateFile(237)) - Added certificate   [0]         Version: 3
         SerialNumber: 1959281387279
             IssuerDN: CN=scm-1@fv-az240-193,OU=2e4c4fd6-4138-4921-83d5-56c55ace5a12,O=9b5dc792-94f7-495a-804a-94197503b969
           Start Date: Thu Sep 14 11:48:55 UTC 2023
           Final Date: Sun Oct 22 11:48:55 UTC 2028
            SubjectDN: CN=scm-sub-1959275273060@fv-az240-193,OU=2e4c4fd6-4138-4921-83d5-56c55ace5a12,O=9b5dc792-94f7-495a-804a-94197503b969
           Public Key: RSA Public Key [1c:a1:1e:93:ff:8f:1e:44:30:a6:d2:8a:cc:a5:12:5c:e2:ec:35:cf],[56:66:d1:a4]
        modulus: d842aee93678a3648d6168578dc30841ac0324dcc05562166f60c918dc067fa251c742d99f3e3de3207839e1f21cd412ae588b8a24cad214c93cbd56c718dd1b0375da99a6fd0442150b81aed5e7ca2b00bdb3cfead5b125bc39e851e822d8a650f4962a90b37864e90709a49711954ff3ee2c1bd4c5874270c87480d57d624571dfb5050e5200a912a9a085250803866c901a7f6242ab8151a731125d49feba64c3d349aa9446a2943f4aa68424bf19bfc375890e522fed31b1e4c44d19783b50d85929326312ad19cfe59f2caeb3158af6d20b21fb195794fb0cd5ec2332d450a67ee611396de5e8ded796a7823d5623b474556623969126e8f8d3fa9075f1
public exponent: 10001

  Signature Algorithm: SHA256WITHRSA
            Signature: 676577f0c9146f26db06f6b3df38d55b8286d76f
                       69bdb327c227e6286e33334d66e1faedb2359d5f
                       f6ae32033ea95e91a94076fb58e81cdd8cf374ce
                       68ca88f9967d3bf9117a5e49ca2586c1a632a77a
                       2a5ba060fcb0f5be3df47d3ca91f42035e17a22c
                       d4522e06ca53069f5bb609f33f46391c0ce73e93
                       e6804aaf9ac524892e432ea9ba4979419519218e
                       397b6d3879e37b71a371b655312455f21d263905
                       c1f1a9e6bb844ed116986616ead6d970748e44cf
                       99997034f15dcd47c2d817bb587e976f8df67427
                       80f22d55198539e6579a0fcef15ebb24531669c3
                       ae001560a91df7b57cb89e8ec8fad3f7f63513ac
                       91d596d72bc652ce8808e7099fddee25
       Extensions: 
                       critical(false) 2.5.29.17 value = Sequence
    Tagged [7] IMPLICIT 
        DER Octet String[4] 
    Tagged [2] IMPLICIT 
        DER Octet String[64] 

                       critical(true) BasicConstraints: isCa(true)
                       critical(true) KeyUsage: 0xbe
 from file: /tmp/junit1172224296877028512/junit7723045122117657616/scm-meta/scm/sub-ca/certs/certificate.crt.
2023-09-14 11:48:55,140 [Time-limited test] INFO  client.SCMCertificateClient (DefaultCertificateClient.java:readCertificateFile(237)) - Added certificate   [0]         Version: 3
         SerialNumber: 1
             IssuerDN: CN=scm-1@fv-az240-193,OU=2e4c4fd6-4138-4921-83d5-56c55ace5a12,O=9b5dc792-94f7-495a-804a-94197503b969
           Start Date: Thu Sep 14 11:48:55 UTC 2023
           Final Date: Sun Oct 22 11:48:55 UTC 2028
            SubjectDN: CN=scm-1@fv-az240-193,OU=2e4c4fd6-4138-4921-83d5-56c55ace5a12,O=9b5dc792-94f7-495a-804a-94197503b969
           Public Key: RSA Public Key [7c:d7:51:46:00:2f:07:cd:ec:3f:80:d4:33:af:8a:e7:63:a2:55:f0],[56:66:d1:a4]
        modulus: 8e04b6ebee4453b90c853d9043ec5bd7eeda0ff2fc2c3e6faa6ac1f9ef36cfa46eb9078cb491b9cce2cc0af50780b4feca19428bda1cd8d5e4107d8209532c7cfb05a340b655a519004bc65de1e71b6e7d4a1ab7e22c78fc9e43ce5ec699cd5e4d55246bc748935c23923c0336249b912d351035715f56212193afcd7ad5e2f9c7c79282207f4dc5f1ebcdd659ed2b968e1306c79659cf7a46e119f149d39a3cdc1bbb584c991844ad94ac765368fa26cfb12f043d46540b5c8330677d68f1fb1d46308bfe70d58f097c0d82ee361662cf76754dd3e4ac8a930620dd538fdbeeaceaa14e2012ab19a08288a201bdf6cb9bb0e4c6d83b5c44e72b219e56934bef
public exponent: 10001

  Signature Algorithm: SHA256WITHRSA
            Signature: 1a20d0d9d1a2d62c3e0d36abe951b266971d3a77
                       0803f620dfd1498d0068c8d88a3383b1ed9b9e63
                       b87c6842b3358473dd43f36a3d7fe8bc8ffe0960
                       09eb05df88e25c977645f09295c2397c4977e883
                       3550566e5c36ec9931cc9c5ac3ced8202ac5ee16
                       b7191a8f9e45187e485eb7df557b2b26d9237ede
                       97c077ae17fe87805e0f52ad3011bf37f77c4e5e
                       eae79a951fae36cd741d9300f16953ade838d371
                       604f1f18846fbe681668739000f26cac02800e84
                       a4c45cf1a7a7e264c94f8e4d0a17b9ddbe2f46a9
                       28372158f98b8523844ea6cbb7c0b41a62dadcf5
                       bd66070cdfeb6643e3aa67e4c6c7eb9b93eb2c48
                       b0e1e9e4850c9327d1a033884e7d209c
       Extensions: 
                       critical(true) BasicConstraints: isCa(true)
                       critical(true) KeyUsage: 0x6
                       critical(false) 2.5.29.17 value = Sequence
    Tagged [7] IMPLICIT 
        DER Octet String[4] 
    Tagged [2] IMPLICIT 
        DER Octet String[64] 

 from file: /tmp/junit1172224296877028512/junit7723045122117657616/scm-meta/scm/sub-ca/certs/CA-1.crt.
2023-09-14 11:48:55,140 [Time-limited test] INFO  client.SCMCertificateClient (DefaultCertificateClient.java:loadAllCertificates(191)) - CertificateRenewerService and root ca rotation polling is disabled for scm/sub-ca
2023-09-14 11:48:55,140 [Time-limited test] WARN  utils.HAUtils (HAUtils.java:getMetaDir(339)) - ozone.scm.db.dirs is not configured. We recommend adding this setting. Falling back to ozone.metadata.dirs instead.
2023-09-14 11:48:55,141 [Time-limited test] WARN  db.DBStoreBuilder (DBStoreBuilder.java:applyDBDefinition(166)) - ozone.scm.db.dirs is not configured. We recommend adding this setting. Falling back to ozone.metadata.dirs instead.
2023-09-14 11:48:55,235 [Time-limited test] INFO  net.NodeSchemaLoader (NodeSchemaLoader.java:loadSchemaFromFile(129)) - Loading schema from [jar:file:/home/runner/.m2/repository/org/apache/ozone/hdds-common/1.4.0-SNAPSHOT/hdds-common-1.4.0-SNAPSHOT.jar!/network-topology-default.xml]
2023-09-14 11:48:55,235 [Time-limited test] INFO  net.NodeSchemaLoader (NodeSchemaLoader.java:loadSchema(176)) - Loading network topology layer schema file
2023-09-14 11:48:55,237 [Time-limited test] INFO  upgrade.AbstractLayoutVersionManager (AbstractLayoutVersionManager.java:init(83)) - Initializing Layout version manager with metadata layout = HADOOP_PRC_PORTS_IN_DATANODEDETAILS (version = 7), software layout = HADOOP_PRC_PORTS_IN_DATANODEDETAILS (version = 7)
2023-09-14 11:48:55,240 [Time-limited test] INFO  ha.SequenceIdGenerator (SequenceIdGenerator.java:upgradeToSequenceId(365)) - upgrade localId to 111677748019200000
2023-09-14 11:48:55,240 [Time-limited test] INFO  ha.SequenceIdGenerator (SequenceIdGenerator.java:upgradeToSequenceId(375)) - upgrade delTxnId to 0
2023-09-14 11:48:55,241 [Time-limited test] INFO  ha.SequenceIdGenerator (SequenceIdGenerator.java:upgradeToSequenceId(392)) - upgrade containerId to 0
2023-09-14 11:48:55,242 [Time-limited test] INFO  ha.SequenceIdGenerator (SequenceIdGenerator.java:upgradeToSequenceId(428)) - upgrade rootCertificateId to 1
2023-09-14 11:48:55,242 [Time-limited test] INFO  ha.SequenceIdGenerator (SequenceIdGenerator.java:<init>(236)) - Init the HA SequenceIdGenerator.
2023-09-14 11:48:55,242 [Time-limited test] INFO  node.SCMNodeManager (SCMNodeManager.java:<init>(157)) - Entering startup safe mode.
2023-09-14 11:48:55,243 [Time-limited test] INFO  algorithms.ContainerPlacementPolicyFactory (ContainerPlacementPolicyFactory.java:getPolicyInternal(86)) - Create container placement policy of type org.apache.hadoop.hdds.scm.container.placement.algorithms.SCMContainerPlacementRackAware
2023-09-14 11:48:55,243 [Time-limited test] INFO  algorithms.ContainerPlacementPolicyFactory (ContainerPlacementPolicyFactory.java:getPolicyInternal(86)) - Create container placement policy of type org.apache.hadoop.hdds.scm.container.placement.algorithms.SCMContainerPlacementRackScatter
2023-09-14 11:48:55,244 [Time-limited test] INFO  pipeline.PipelineStateManagerImpl (PipelineStateManagerImpl.java:initialize(78)) - No pipeline exists in current db
2023-09-14 11:48:55,244 [Time-limited test] INFO  algorithms.LeaderChoosePolicyFactory (LeaderChoosePolicyFactory.java:getPolicy(57)) - Create leader choose policy of type org.apache.hadoop.hdds.scm.pipeline.leader.choose.algorithms.MinLeaderCountChoosePolicy
2023-09-14 11:48:55,244 [Time-limited test] INFO  algorithms.ContainerPlacementPolicyFactory (ContainerPlacementPolicyFactory.java:getPolicyInternal(86)) - Create container placement policy of type org.apache.hadoop.hdds.scm.container.placement.algorithms.SCMContainerPlacementRackScatter
2023-09-14 11:48:55,244 [Time-limited test] INFO  ha.SCMServiceManager (SCMServiceManager.java:register(42)) - Registering service BackgroundPipelineCreator.
2023-09-14 11:48:55,244 [Time-limited test] INFO  pipeline.BackgroundPipelineCreator (BackgroundPipelineCreator.java:start(124)) - Starting RatisPipelineUtilsThread.
2023-09-14 11:48:55,245 [Time-limited test] INFO  BackgroundPipelineScrubber (BackgroundSCMService.java:start(68)) - Starting BackgroundPipelineScrubber Service.
2023-09-14 11:48:55,245 [Time-limited test] INFO  ha.SCMServiceManager (SCMServiceManager.java:register(42)) - Registering service BackgroundPipelineScrubber.
2023-09-14 11:48:55,246 [Time-limited test] INFO  ExpiredContainerReplicaOpScrubber (BackgroundSCMService.java:start(68)) - Starting ExpiredContainerReplicaOpScrubber Service.
2023-09-14 11:48:55,246 [Time-limited test] INFO  ha.SCMServiceManager (SCMServiceManager.java:register(42)) - Registering service ExpiredContainerReplicaOpScrubber.
2023-09-14 11:48:55,247 [Time-limited test] INFO  algorithms.PipelineChoosePolicyFactory (PipelineChoosePolicyFactory.java:createPipelineChoosePolicyFromClass(78)) - Create pipeline choose policy of type org.apache.hadoop.hdds.scm.pipeline.choose.algorithms.RandomPipelineChoosePolicy
2023-09-14 11:48:55,247 [Time-limited test] INFO  algorithms.PipelineChoosePolicyFactory (PipelineChoosePolicyFactory.java:createPipelineChoosePolicyFromClass(78)) - Create pipeline choose policy of type org.apache.hadoop.hdds.scm.pipeline.choose.algorithms.RandomPipelineChoosePolicy
2023-09-14 11:48:55,247 [Time-limited test] INFO  ha.SCMServiceManager (SCMServiceManager.java:register(42)) - Registering service SCMBlockDeletingService.
2023-09-14 11:48:55,249 [Time-limited test] INFO  replication.ReplicationManager (ReplicationManager.java:start(291)) - Starting Replication Monitor Thread.
2023-09-14 11:48:55,252 [ReplicationMonitor] INFO  replication.ReplicationManager (ReplicationManager.java:processAll(365)) - Replication Manager is not ready to run until 300000ms after safemode exit
2023-09-14 11:48:55,252 [Time-limited test] INFO  ha.SCMServiceManager (SCMServiceManager.java:register(42)) - Registering service ReplicationManager.
2023-09-14 11:48:55,252 [Time-limited test] INFO  safemode.ContainerSafeModeRule (ContainerSafeModeRule.java:<init>(90)) - containers with one replica threshold count 0
2023-09-14 11:48:55,253 [Time-limited test] INFO  safemode.HealthyPipelineSafeModeRule (HealthyPipelineSafeModeRule.java:initializeRule(169)) - Total pipeline count is 0, healthy pipeline threshold count is 0
2023-09-14 11:48:55,253 [Time-limited test] INFO  safemode.OneReplicaPipelineSafeModeRule (OneReplicaPipelineSafeModeRule.java:initializeRule(180)) - Total pipeline count is 0, pipeline's with at least one datanode reported threshold count is 0
2023-09-14 11:48:55,258 [Time-limited test] INFO  authority.DefaultCAServer (DefaultCAServer.java:lambda$processVerificationStatus$0(472)) - CertificateServer validation is successful
2023-09-14 11:48:55,259 [Time-limited test] INFO  authority.DefaultCAServer (DefaultCAServer.java:lambda$processVerificationStatus$0(472)) - CertificateServer validation is successful
2023-09-14 11:48:55,259 [Time-limited test] INFO  server.StorageContainerManager (StorageContainerManager.java:persistPrimarySCMCerts(932)) - Storing sub-ca certificate serialId 1959281387279 on primary SCM
2023-09-14 11:48:55,261 [Time-limited test] INFO  server.SCMCertStore (SCMCertStore.java:storeValidScmCertificate(122)) - Scm certificate 1959281387279 for CN=scm-sub-1959275273060@fv-az240-193,OU=2e4c4fd6-4138-4921-83d5-56c55ace5a12,O=9b5dc792-94f7-495a-804a-94197503b969 is stored
2023-09-14 11:48:55,261 [Time-limited test] INFO  server.StorageContainerManager (StorageContainerManager.java:persistPrimarySCMCerts(940)) - Storing root certificate serialId 1
2023-09-14 11:48:55,262 [Time-limited test] INFO  server.SCMCertStore (SCMCertStore.java:storeValidScmCertificate(122)) - Scm certificate 1 for CN=scm-1@fv-az240-193,OU=2e4c4fd6-4138-4921-83d5-56c55ace5a12,O=9b5dc792-94f7-495a-804a-94197503b969 is stored
2023-09-14 11:48:55,262 [Time-limited test] INFO  ipc.CallQueueManager (CallQueueManager.java:<init>(90)) - Using callQueue: class java.util.concurrent.LinkedBlockingQueue, queueCapacity: 200, scheduler: class org.apache.hadoop.ipc.DefaultRpcScheduler, ipcBackoff: false.
2023-09-14 11:48:55,263 [Time-limited test] INFO  ipc.Server (Server.java:<init>(1287)) - Listener at 0.0.0.0:9961
2023-09-14 11:48:55,264 [Socket Reader #1 for port 9961] INFO  ipc.Server (Server.java:run(1323)) - Starting Socket Reader #1 for port 9961
2023-09-14 11:48:55,266 [Time-limited test] INFO  server.StorageContainerManager (StorageContainerManager.java:<init>(425)) - SCM start with adminUsers: [scm/fv-az240-193.bcold04rutgefduts2gkrghvsa.bx.internal.cloudapp.net@EXAMPLE.COM, scm]
2023-09-14 11:48:55,266 [Time-limited test] INFO  ipc.CallQueueManager (CallQueueManager.java:<init>(90)) - Using callQueue: class java.util.concurrent.LinkedBlockingQueue, queueCapacity: 10000, scheduler: class org.apache.hadoop.ipc.DefaultRpcScheduler, ipcBackoff: false.
2023-09-14 11:48:55,266 [Time-limited test] INFO  ipc.Server (Server.java:<init>(1287)) - Listener at 0.0.0.0:9861
2023-09-14 11:48:55,266 [Socket Reader #1 for port 9861] INFO  ipc.Server (Server.java:run(1323)) - Starting Socket Reader #1 for port 9861
2023-09-14 11:48:55,268 [Time-limited test] INFO  ipc.CallQueueManager (CallQueueManager.java:<init>(90)) - Using callQueue: class java.util.concurrent.LinkedBlockingQueue, queueCapacity: 10000, scheduler: class org.apache.hadoop.ipc.DefaultRpcScheduler, ipcBackoff: false.
2023-09-14 11:48:55,268 [Time-limited test] INFO  ipc.Server (Server.java:<init>(1287)) - Listener at 0.0.0.0:9863
2023-09-14 11:48:55,268 [Socket Reader #1 for port 9863] INFO  ipc.Server (Server.java:run(1323)) - Starting Socket Reader #1 for port 9863
2023-09-14 11:48:55,270 [Time-limited test] INFO  ipc.CallQueueManager (CallQueueManager.java:<init>(90)) - Using callQueue: class java.util.concurrent.LinkedBlockingQueue, queueCapacity: 10000, scheduler: class org.apache.hadoop.ipc.DefaultRpcScheduler, ipcBackoff: false.
2023-09-14 11:48:55,270 [Time-limited test] INFO  ipc.Server (Server.java:<init>(1287)) - Listener at 0.0.0.0:9860
2023-09-14 11:48:55,272 [Socket Reader #1 for port 9860] INFO  ipc.Server (Server.java:run(1323)) - Starting Socket Reader #1 for port 9860
2023-09-14 11:48:55,278 [Time-limited test] INFO  ha.SCMServiceManager (SCMServiceManager.java:register(42)) - Registering service ContainerBalancer.
2023-09-14 11:48:55,278 [Time-limited test] INFO  server.StorageContainerManager (StorageContainerManager.java:<init>(438)) - 
Container Balancer status:
Key                            Value
Running                        false
Container Balancer Configuration values:
Key                                                Value
Threshold                                          10
Max Datanodes to Involve per Iteration(percent)    20
Max Size to Move per Iteration                     500GB
Max Size Entering Target per Iteration             26GB
Max Size Leaving Source per Iteration              26GB
Number of Iterations                               10
Time Limit for Single Container's Movement         65min
Time Limit for Single Container's Replication      50min
Interval between each Iteration                    70min
Whether to Enable Network Topology                 false
Whether to Trigger Refresh Datanode Usage Info     false
Container IDs to Exclude from Balancing            None
Datanodes Specified to be Balanced                 None
Datanodes Excluded from Balancing                  None

2023-09-14 11:48:55,278 [Time-limited test] INFO  ha.SCMContext (SCMContext.java:updateSafeModeStatus(228)) - Update SafeModeStatus from SafeModeStatus{safeModeStatus=true, preCheckPassed=false} to SafeModeStatus{safeModeStatus=true, preCheckPassed=false}.
2023-09-14 11:48:55,278 [Time-limited test] INFO  server.StorageContainerManager (StorageContainerManager.java:start(1483)) - StorageContainerLocationProtocol RPC server is listening at /0.0.0.0:9860
2023-09-14 11:48:55,280 [Time-limited test] WARN  impl.MetricsConfig (MetricsConfig.java:loadFirst(136)) - Cannot locate configuration: tried hadoop-metrics2-storagecontainermanager.properties,hadoop-metrics2.properties
2023-09-14 11:48:55,281 [Time-limited test] INFO  impl.MetricsSystemImpl (MetricsSystemImpl.java:startTimer(378)) - Scheduled Metric snapshot period at 10 second(s).
2023-09-14 11:48:55,281 [Time-limited test] INFO  impl.MetricsSystemImpl (MetricsSystemImpl.java:start(191)) - StorageContainerManager metrics system started
2023-09-14 11:48:55,289 [Time-limited test] INFO  impl.MetricsSinkAdapter (MetricsSinkAdapter.java:start(204)) - Sink prometheus started
2023-09-14 11:48:55,289 [Time-limited test] INFO  impl.MetricsSystemImpl (MetricsSystemImpl.java:registerSink(305)) - Registered sink prometheus
2023-09-14 11:48:55,318 [Time-limited test] INFO  server.SCMClientProtocolServer (SCMClientProtocolServer.java:start(201)) - RPC server for Client  is listening at /0.0.0.0:9860
2023-09-14 11:48:55,318 [IPC Server Responder] INFO  ipc.Server (Server.java:run(1562)) - IPC Server Responder: starting
2023-09-14 11:48:55,322 [IPC Server listener on 9860] INFO  ipc.Server (Server.java:run(1402)) - IPC Server listener on 9860: starting
2023-09-14 11:48:55,346 [Time-limited test] INFO  server.StorageContainerManager (StorageContainerManager.java:start(1496)) - ScmBlockLocationProtocol RPC server is listening at /0.0.0.0:9863
2023-09-14 11:48:55,347 [Time-limited test] INFO  server.SCMBlockProtocolServer (SCMBlockProtocolServer.java:start(154)) - RPC server for Block Protocol is listening at /0.0.0.0:9863
2023-09-14 11:48:55,347 [IPC Server Responder] INFO  ipc.Server (Server.java:run(1562)) - IPC Server Responder: starting
2023-09-14 11:48:55,347 [IPC Server listener on 9863] INFO  ipc.Server (Server.java:run(1402)) - IPC Server listener on 9863: starting
2023-09-14 11:48:55,367 [Time-limited test] INFO  server.SCMDatanodeProtocolServer (SCMDatanodeProtocolServer.java:start(193)) - ScmDatanodeProtocol RPC server for DataNodes is listening at /0.0.0.0:9861
2023-09-14 11:48:55,368 [IPC Server Responder] INFO  ipc.Server (Server.java:run(1562)) - IPC Server Responder: starting
2023-09-14 11:48:55,373 [IPC Server listener on 9861] INFO  ipc.Server (Server.java:run(1402)) - IPC Server listener on 9861: starting
2023-09-14 11:48:55,381 [Time-limited test] INFO  server.SCMSecurityProtocolServer (SCMSecurityProtocolServer.java:start(542)) - Starting RPC server for SCMSecurityProtocolServer. is listening at /0.0.0.0:9961
2023-09-14 11:48:55,381 [IPC Server Responder] INFO  ipc.Server (Server.java:run(1562)) - IPC Server Responder: starting
2023-09-14 11:48:55,382 [IPC Server listener on 9961] INFO  ipc.Server (Server.java:run(1402)) - IPC Server listener on 9961: starting
2023-09-14 11:48:55,382 [Time-limited test] INFO  server.SCMUpdateServiceGrpcServer (SCMUpdateServiceGrpcServer.java:start(58)) - SCMUpdateService starting
2023-09-14 11:48:55,387 [JvmPauseMonitor1] INFO  util.JvmPauseMonitor (JvmPauseMonitor.java:run(103)) - JvmPauseMonitor-2e4c4fd6-4138-4921-83d5-56c55ace5a12: Started
2023-09-14 11:48:55,388 [Time-limited test] INFO  http.BaseHttpServer (BaseHttpServer.java:newHttpServer2BuilderForOzone(223)) - Starting Web-server for scm at: http://0.0.0.0:9876
2023-09-14 11:48:55,390 [Time-limited test] INFO  http.BaseHttpServer (BaseHttpServer.java:<init>(110)) - Hadoop Security Enabled: true Ozone Security Enabled: true Ozone HTTP Security Enabled: false 
2023-09-14 11:48:55,394 [Time-limited test] WARN  server.AuthenticationFilter (AuthenticationFilter.java:constructSecretProvider(240)) - Unable to initialize FileSignerSecretProvider, falling back to use random secrets. Reason: Could not read signature secret file: /home/runner/hadoop-http-auth-signature-secret
2023-09-14 11:48:55,395 [Time-limited test] INFO  http.HttpRequestLog (HttpRequestLog.java:getRequestLog(86)) - Http request log for http.requests.scm is not defined
2023-09-14 11:48:55,397 [Time-limited test] INFO  http.HttpServer2 (HttpServer2.java:addGlobalFilter(1031)) - Added global filter 'safety' (class=org.apache.hadoop.hdds.server.http.HttpServer2$QuotingInputFilter)
2023-09-14 11:48:55,398 [Time-limited test] INFO  http.HttpServer2 (HttpServer2.java:addFilter(1007)) - Added filter static_user_filter (class=org.apache.hadoop.http.lib.StaticUserWebFilter$StaticUserFilter) to context scm
2023-09-14 11:48:55,398 [Time-limited test] INFO  http.HttpServer2 (HttpServer2.java:addFilter(1015)) - Added filter static_user_filter (class=org.apache.hadoop.http.lib.StaticUserWebFilter$StaticUserFilter) to context logs
2023-09-14 11:48:55,398 [Time-limited test] INFO  http.HttpServer2 (HttpServer2.java:addFilter(1015)) - Added filter static_user_filter (class=org.apache.hadoop.http.lib.StaticUserWebFilter$StaticUserFilter) to context static
2023-09-14 11:48:55,399 [Time-limited test] INFO  http.BaseHttpServer (BaseHttpServer.java:<init>(189)) - HTTP server of scm uses base directory /tmp/junit1172224296877028512/junit7723045122117657616/scm-meta/webserver
2023-09-14 11:48:55,399 [Time-limited test] INFO  http.HttpServer2 (HttpServer2.java:bindListener(1231)) - Jetty bound to port 9876
2023-09-14 11:48:55,399 [Time-limited test] INFO  server.Server (Server.java:doStart(375)) - jetty-9.4.51.v20230217; built: 2023-02-17T08:19:37.309Z; git: b45c405e4544384de066f814ed42ae3dceacdd49; jvm 1.8.0_382-b05
2023-09-14 11:48:55,405 [Time-limited test] INFO  server.session (DefaultSessionIdManager.java:doStart(334)) - DefaultSessionIdManager workerName=node0
2023-09-14 11:48:55,405 [Time-limited test] INFO  server.session (DefaultSessionIdManager.java:doStart(339)) - No SessionScavenger set, using defaults
2023-09-14 11:48:55,405 [Time-limited test] INFO  server.session (HouseKeeper.java:startScavenging(132)) - node0 Scavenging every 600000ms
2023-09-14 11:48:55,406 [Time-limited test] INFO  handler.ContextHandler (ContextHandler.java:doStart(921)) - Started o.e.j.s.ServletContextHandler@63c781c0{logs,/logs,file:///home/runner/work/ozone/ozone/hadoop-ozone/integration-test/target/log,AVAILABLE}
2023-09-14 11:48:55,406 [Time-limited test] INFO  handler.ContextHandler (ContextHandler.java:doStart(921)) - Started o.e.j.s.ServletContextHandler@426954e{static,/static,file:///home/runner/work/ozone/ozone/hadoop-ozone/integration-test/target/test-classes/webapps/static,AVAILABLE}
2023-09-14 11:48:55,409 [Time-limited test] INFO  handler.ContextHandler (ContextHandler.java:doStart(921)) - Started o.e.j.w.WebAppContext@2d31a822{scm,/,file:///home/runner/work/ozone/ozone/hadoop-ozone/integration-test/target/test-classes/webapps/scm/,AVAILABLE}{file:/home/runner/work/ozone/ozone/hadoop-ozone/integration-test/target/test-classes/webapps/scm}
2023-09-14 11:48:55,418 [Time-limited test] INFO  server.AbstractConnector (AbstractConnector.java:doStart(333)) - Started ServerConnector@89ba62b{HTTP/1.1, (http/1.1)}{0.0.0.0:9876}
2023-09-14 11:48:55,418 [Time-limited test] INFO  server.Server (Server.java:doStart(415)) - Started @10713ms
2023-09-14 11:48:55,419 [Time-limited test] WARN  impl.MetricsSystemImpl (MetricsSystemImpl.java:register(279)) - Sink prometheus already exists!
2023-09-14 11:48:55,419 [Time-limited test] INFO  http.BaseHttpServer (BaseHttpServer.java:updateConnectorAddress(354)) - HTTP server of scm listening at http://0.0.0.0:9876
2023-09-14 11:48:55,420 [Time-limited test] WARN  server.ServerUtils (ServerUtils.java:getDBPath(311)) - ozone.om.db.dirs is not configured. We recommend adding this setting. Falling back to ozone.metadata.dirs instead.
2023-09-14 11:48:55,431 [Time-limited test] INFO  ha.OMHANodeDetails (OMHANodeDetails.java:loadOMHAConfig(115)) - ozone.om.internal.service.id is not defined, falling back to ozone.om.service.ids to find serviceID for OzoneManager if it is HA enabled cluster
2023-09-14 11:48:55,432 [Time-limited test] INFO  ha.OMHANodeDetails (OMHANodeDetails.java:loadOMHAConfig(226)) - Configuration does not have ozone.om.address set. Falling back to the default OM address fv-az240-193.bcold04rutgefduts2gkrghvsa.bx.internal.cloudapp.net/10.1.136.0:1202
2023-09-14 11:48:55,432 [Time-limited test] INFO  ha.OMHANodeDetails (OMHANodeDetails.java:getOMNodeDetailsForNonHA(254)) - OM Service ID is not set. Setting it to the default ID: omServiceIdDefault
2023-09-14 11:48:55,432 [Time-limited test] INFO  ha.OMHANodeDetails (OMHANodeDetails.java:getOMNodeDetailsForNonHA(261)) - OM Node ID is not set. Setting it to the default ID: om1
2023-09-14 11:48:55,435 [Time-limited test] WARN  server.ServerUtils (ServerUtils.java:getDBPath(311)) - ozone.om.db.dirs is not configured. We recommend adding this setting. Falling back to ozone.metadata.dirs instead.
2023-09-14 11:48:55,439 [Time-limited test] INFO  upgrade.AbstractLayoutVersionManager (AbstractLayoutVersionManager.java:init(83)) - Initializing Layout version manager with metadata layout = QUOTA (version = 6), software layout = QUOTA (version = 6)
2023-09-14 11:48:55,453 [pool-40-thread-2] INFO  request.TgsRequest (TgsRequest.java:issueTicket(115)) - TGS_REQ ISSUE: authtime 1694692135453,scm/fv-az240-193.bcold04rutgefduts2gkrghvsa.bx.internal.cloudapp.net for scm/fv-az240-193.bcold04rutgefduts2gkrghvsa.bx.internal.cloudapp.net@EXAMPLE.COM
2023-09-14 11:48:55,462 [Socket Reader #1 for port 9961] INFO  ipc.Server (Server.java:saslProcess(2139)) - Auth successful for scm/fv-az240-193.bcold04rutgefduts2gkrghvsa.bx.internal.cloudapp.net@EXAMPLE.COM (auth:KERBEROS) from fv-az240-193.bcold04rutgefduts2gkrghvsa.bx.internal.cloudapp.net:46653 / 10.1.136.0:46653
2023-09-14 11:48:55,484 [IPC Server handler 1 on default port 9961] INFO  client.SCMCertificateClient (DefaultCertificateClient.java:getAllRootCaCerts(901)) - scm/sub-ca has 0 Root CA certificates
2023-09-14 11:48:55,484 [IPC Server handler 1 on default port 9961] INFO  client.SCMCertificateClient (DefaultCertificateClient.java:getAllCaCerts(909)) - scm/sub-ca has 1 CA certificates
2023-09-14 11:48:55,488 [scm/sub-ca-refreshCACertificates] INFO  client.SCMCertificateClient (DefaultCertificateClient.java:getAllRootCaCerts(901)) - scm/sub-ca has 0 Root CA certificates
2023-09-14 11:48:55,488 [scm/sub-ca-refreshCACertificates] INFO  client.SCMCertificateClient (DefaultCertificateClient.java:getAllCaCerts(909)) - scm/sub-ca has 1 CA certificates
2023-09-14 11:48:55,488 [scm/sub-ca-refreshCACertificates] INFO  client.SCMCertificateClient (SCMCertificateClient.java:run(277)) - CA certificates are not changed.
2023-09-14 11:48:55,560 [Time-limited test] INFO  reflections.Reflections (Reflections.java:scan(232)) - Reflections took 116 ms to scan 2 urls, producing 187 keys and 515 values [using 2 cores]
2023-09-14 11:48:55,568 [Time-limited test] INFO  upgrade.OMLayoutVersionManager (OMLayoutVersionManager.java:lambda$0(115)) - Skipping Upgrade Action MockOmUpgradeAction since it has been finalized.
2023-09-14 11:48:55,568 [Time-limited test] INFO  upgrade.OMLayoutVersionManager (OMLayoutVersionManager.java:lambda$0(115)) - Skipping Upgrade Action QuotaRepairUpgradeAction since it has been finalized.
2023-09-14 11:48:55,571 [Time-limited test] WARN  server.ServerUtils (ServerUtils.java:getDBPath(311)) - ozone.om.db.dirs is not configured. We recommend adding this setting. Falling back to ozone.metadata.dirs instead.
2023-09-14 11:48:55,884 [Time-limited test] INFO  proxy.SCMBlockLocationFailoverProxyProvider (SCMBlockLocationFailoverProxyProvider.java:<init>(114)) - Created block location fail-over proxy with 1 nodes: [nodeId=scmNodeId,nodeAddress=/0.0.0.0:9863]
2023-09-14 11:48:55,937 [Time-limited test] INFO  om.OzoneManager (OzoneManager.java:<init>(665)) - OM start with adminUsers: [scm/fv-az240-193.bcold04rutgefduts2gkrghvsa.bx.internal.cloudapp.net@EXAMPLE.COM, scm]
2023-09-14 11:48:55,954 [Time-limited test] WARN  server.ServerUtils (ServerUtils.java:getDBPath(311)) - ozone.om.db.dirs is not configured. We recommend adding this setting. Falling back to ozone.metadata.dirs instead.
2023-09-14 11:48:55,982 [Time-limited test] INFO  helpers.OmKeyInfo (OmKeyInfo.java:getCodec(71)) - OmKeyInfo.getCodec ignorePipeline = true
2023-09-14 11:48:56,255 [Time-limited test] INFO  om.OzoneManager (OzoneManager.java:instantiateServices(794)) - S3 Multi-Tenancy is disabled
2023-09-14 11:48:56,267 [Time-limited test] INFO  security.OzoneSecretStore (OzoneSecretStore.java:loadState(69)) - Loaded 0 tokens
2023-09-14 11:48:56,267 [Time-limited test] INFO  security.OzoneDelegationTokenSecretManager (OzoneDelegationTokenSecretManager.java:loadTokenSecretState(530)) - Loading token state into token manager.
2023-09-14 11:48:56,289 [Time-limited test] INFO  om.OmSnapshotManager (OmSnapshotManager.java:<init>(174)) - Ozone filesystem snapshot feature is enabled.
2023-09-14 11:48:56,297 [Time-limited test] WARN  server.ServerUtils (ServerUtils.java:getDBPath(311)) - ozone.om.snapshot.diff.db.dir is not configured. We recommend adding this setting. Falling back to ozone.metadata.dirs instead.
2023-09-14 11:48:56,333 [Time-limited test] INFO  utils.NativeLibraryLoader (NativeLibraryLoader.java:loadLibrary(108)) - Loading Library: ozone_rocksdb_tools
2023-09-14 11:48:56,335 [Time-limited test] INFO  snapshot.SnapshotDiffManager (SnapshotDiffManager.java:closeExecutorService(1706)) - Shutting down executorService: 'SstDumpToolExecutor'
2023-09-14 11:48:56,393 [Time-limited test] INFO  om.OzoneManager (OzoneManager.java:addS3GVolumeToDB(4305)) - Created Volume s3v With Owner scm required for S3Gateway operations.
2023-09-14 11:48:56,452 [Time-limited test] WARN  server.ServerUtils (ServerUtils.java:getDefaultRatisDirectory(323)) - Storage directory for Ratis is not configured. It is a good idea to map this to an SSD disk. Falling back to ozone.metadata.dirs
2023-09-14 11:48:56,453 [Time-limited test] WARN  utils.OzoneManagerRatisUtils (OzoneManagerRatisUtils.java:getOMRatisSnapshotDirectory(464)) - ozone.om.ratis.snapshot.dir is not configured. Falling back to ozone.metadata.dirs config
2023-09-14 11:48:56,463 [Time-limited test] WARN  server.ServerUtils (ServerUtils.java:getDefaultRatisDirectory(323)) - Storage directory for Ratis is not configured. It is a good idea to map this to an SSD disk. Falling back to ozone.metadata.dirs
2023-09-14 11:48:56,491 [Time-limited test] INFO  ratis.OzoneManagerRatisServer (OzoneManagerRatisServer.java:<init>(163)) - Instantiating OM Ratis server with groupID: omServiceIdDefault and peers: fv-az240-193.bcold04rutgefduts2gkrghvsa.bx.internal.cloudapp.net:9872
2023-09-14 11:48:56,500 [Time-limited test] INFO  ratis.OzoneManagerStateMachine (OzoneManagerStateMachine.java:loadSnapshotInfoFromDB(687)) - LastAppliedIndex is set from TransactionInfo from OM DB as (t:0, i:~)
2023-09-14 11:48:56,566 [Time-limited test] INFO  server.RaftServer (ConfUtils.java:logGet(46)) - raft.rpc.type = GRPC (default)
2023-09-14 11:48:56,574 [Time-limited test] INFO  grpc.GrpcConfigKeys (ConfUtils.java:logFallback(53)) - raft.grpc.admin.host = null (fallback to raft.grpc.server.host)
2023-09-14 11:48:56,576 [Time-limited test] INFO  grpc.GrpcConfigKeys (ConfUtils.java:logFallback(53)) - raft.grpc.admin.port = 9872 (fallback to raft.grpc.server.port)
2023-09-14 11:48:56,577 [Time-limited test] INFO  grpc.GrpcConfigKeys (ConfUtils.java:logFallback(53)) - raft.grpc.client.host = null (fallback to raft.grpc.server.host)
2023-09-14 11:48:56,579 [Time-limited test] INFO  grpc.GrpcConfigKeys (ConfUtils.java:logFallback(53)) - raft.grpc.client.port = 9872 (fallback to raft.grpc.server.port)
2023-09-14 11:48:56,579 [Time-limited test] INFO  grpc.GrpcConfigKeys (ConfUtils.java:logGet(46)) - raft.grpc.server.host = null (default)
2023-09-14 11:48:56,579 [Time-limited test] INFO  grpc.GrpcConfigKeys (ConfUtils.java:logGet(46)) - raft.grpc.server.port = 9872 (custom)
2023-09-14 11:48:56,580 [Time-limited test] INFO  server.GrpcService (ConfUtils.java:logGet(46)) - raft.grpc.message.size.max = 33554432 (custom)
2023-09-14 11:48:56,581 [Time-limited test] INFO  server.RaftServerConfigKeys (ConfUtils.java:logGet(46)) - raft.server.log.appender.buffer.byte-limit = 33554432 (custom)
2023-09-14 11:48:56,581 [Time-limited test] INFO  server.GrpcService (ConfUtils.java:logGet(46)) - raft.grpc.flow.control.window = 1MB (=1048576) (default)
2023-09-14 11:48:56,582 [Time-limited test] INFO  server.RaftServerConfigKeys (ConfUtils.java:logGet(46)) - raft.server.rpc.request.timeout = 3000ms (default)
2023-09-14 11:48:56,592 [Time-limited test] INFO  grpc.GrpcConfigKeys (ConfUtils.java:logGet(46)) - raft.grpc.server.heartbeat.channel = true (default)
2023-09-14 11:48:56,595 [Time-limited test] INFO  grpc.GrpcConfigKeys (ConfUtils.java:logGet(46)) - raft.grpc.server.async.request.thread.pool.cached = true (default)
2023-09-14 11:48:56,596 [Time-limited test] INFO  grpc.GrpcConfigKeys (ConfUtils.java:logGet(46)) - raft.grpc.server.async.request.thread.pool.size = 32 (default)
2023-09-14 11:48:56,644 [Time-limited test] INFO  impl.DataStreamServerImpl (ConfUtils.java:logGet(46)) - raft.datastream.type = DISABLED (default)
2023-09-14 11:48:56,646 [Time-limited test] INFO  server.RaftServerConfigKeys (ConfUtils.java:logGet(46)) - raft.server.threadpool.proxy.cached = true (default)
2023-09-14 11:48:56,647 [Time-limited test] INFO  server.RaftServerConfigKeys (ConfUtils.java:logGet(46)) - raft.server.threadpool.proxy.size = 0 (default)
2023-09-14 11:48:56,647 [Time-limited test] INFO  server.RaftServerConfigKeys (ConfUtils.java:logGet(46)) - raft.server.rpc.slowness.timeout = 120s (custom)
2023-09-14 11:48:56,647 [Time-limited test] INFO  server.RaftServerConfigKeys (ConfUtils.java:logGet(46)) - raft.server.leaderelection.leader.step-down.wait-time = 10s (default)
2023-09-14 11:48:56,649 [Time-limited test] INFO  server.RaftServerConfigKeys (ConfUtils.java:logGet(46)) - raft.server.storage.dir = [/tmp/junit1172224296877028512/junit7723045122117657616/scm-meta/ratis] (custom)
2023-09-14 11:48:56,657 [Time-limited test] INFO  server.RaftServer (RaftServerProxy.java:addNew(98)) - om1: addNew group-C5BA1605619E:[om1|rpc:fv-az240-193.bcold04rutgefduts2gkrghvsa.bx.internal.cloudapp.net:9872|priority:0|startupRole:FOLLOWER] returns group-C5BA1605619E:java.util.concurrent.CompletableFuture@1f2d91c2[Not completed]
2023-09-14 11:48:56,657 [Time-limited test] INFO  om.OzoneManager (OzoneManager.java:initializeRatisServer(2148)) - OzoneManager Ratis server initialized at port 9872
2023-09-14 11:48:56,660 [Time-limited test] INFO  om.OzoneManager (OzoneManager.java:getRpcServer(1196)) - Creating RPC Server
2023-09-14 11:48:56,667 [om1-groupManagement] INFO  server.RaftServer$Division (RaftServerImpl.java:<init>(198)) - om1: new RaftServerImpl for group-C5BA1605619E:[om1|rpc:fv-az240-193.bcold04rutgefduts2gkrghvsa.bx.internal.cloudapp.net:9872|priority:0|startupRole:FOLLOWER] with OzoneManagerStateMachine:uninitialized
2023-09-14 11:48:56,668 [om1-groupManagement] INFO  server.RaftServerConfigKeys (ConfUtils.java:logGet(46)) - raft.server.rpc.timeout.min = 5s (custom)
2023-09-14 11:48:56,669 [om1-groupManagement] INFO  server.RaftServerConfigKeys (ConfUtils.java:logGet(46)) - raft.server.rpc.timeout.max = 5200ms (custom)
2023-09-14 11:48:56,669 [om1-groupManagement] INFO  server.RaftServerConfigKeys (ConfUtils.java:logGet(46)) - raft.server.rpc.sleep.time = 25ms (default)
2023-09-14 11:48:56,669 [om1-groupManagement] INFO  server.RaftServerConfigKeys (ConfUtils.java:logGet(46)) - raft.server.rpc.slowness.timeout = 120s (custom)
2023-09-14 11:48:56,670 [om1-groupManagement] INFO  server.RaftServerConfigKeys (ConfUtils.java:logGet(46)) - raft.server.leaderelection.leader.step-down.wait-time = 10s (default)
2023-09-14 11:48:56,670 [om1-groupManagement] INFO  server.RaftServerConfigKeys (ConfUtils.java:logGet(46)) - raft.server.sleep.deviation.threshold = 300ms (default)
2023-09-14 11:48:56,676 [om1-groupManagement] INFO  server.RaftServer$Division (ServerState.java:<init>(120)) - om1@group-C5BA1605619E: ConfigurationManager, init=-1: peers:[om1|rpc:fv-az240-193.bcold04rutgefduts2gkrghvsa.bx.internal.cloudapp.net:9872|priority:0|startupRole:FOLLOWER]|listeners:[], old=null, confs=<EMPTY_MAP>
2023-09-14 11:48:56,677 [om1-groupManagement] INFO  server.RaftServerConfigKeys (ConfUtils.java:logGet(46)) - raft.server.storage.dir = [/tmp/junit1172224296877028512/junit7723045122117657616/scm-meta/ratis] (custom)
2023-09-14 11:48:56,688 [om1-groupManagement] INFO  server.RaftServerConfigKeys (ConfUtils.java:logGet(46)) - raft.server.log.corruption.policy = EXCEPTION (default)
2023-09-14 11:48:56,689 [om1-groupManagement] INFO  server.RaftServerConfigKeys (ConfUtils.java:logGet(46)) - raft.server.storage.free-space.min = 0MB (=0) (default)
2023-09-14 11:48:56,696 [om1-groupManagement] INFO  server.RaftServerConfigKeys (ConfUtils.java:logGet(46)) - raft.server.notification.no-leader.timeout = 120s (custom)
2023-09-14 11:48:56,700 [om1-groupManagement] INFO  server.RaftServerConfigKeys (ConfUtils.java:logGet(46)) - raft.server.read.timeout = 10s (default)
2023-09-14 11:48:56,704 [om1-groupManagement] INFO  server.RaftServerConfigKeys (ConfUtils.java:logGet(46)) - raft.server.retrycache.expirytime = 300s (custom)
2023-09-14 11:48:56,704 [om1-groupManagement] INFO  server.RaftServerConfigKeys (ConfUtils.java:logGet(46)) - raft.server.retrycache.statistics.expirytime = 100μs (default)
2023-09-14 11:48:56,746 [om1-groupManagement] INFO  server.RaftServerConfigKeys (ConfUtils.java:logGet(46)) - raft.server.read.option = DEFAULT (default)
2023-09-14 11:48:56,819 [om1-groupManagement] INFO  server.RaftServerConfigKeys (ConfUtils.java:logGet(46)) - raft.server.rpc.request.timeout = 3000ms (default)
2023-09-14 11:48:56,825 [om1-groupManagement] INFO  server.RaftServerConfigKeys (ConfUtils.java:logGet(46)) - raft.server.log.appender.install.snapshot.enabled = false (custom)
2023-09-14 11:48:56,825 [om1-groupManagement] INFO  server.RaftServerConfigKeys (ConfUtils.java:logGet(46)) - raft.server.threadpool.server.cached = true (default)
2023-09-14 11:48:56,826 [om1-groupManagement] INFO  server.RaftServerConfigKeys (ConfUtils.java:logGet(46)) - raft.server.threadpool.server.size = 0 (default)
2023-09-14 11:48:56,827 [om1-groupManagement] INFO  server.RaftServerConfigKeys (ConfUtils.java:logGet(46)) - raft.server.threadpool.client.cached = true (default)
2023-09-14 11:48:56,828 [om1-groupManagement] INFO  server.RaftServerConfigKeys (ConfUtils.java:logGet(46)) - raft.server.threadpool.client.size = 0 (default)
2023-09-14 11:48:57,432 [Time-limited test] INFO  reflections.Reflections (Reflections.java:scan(232)) - Reflections took 709 ms to scan 20 urls, producing 70 keys and 6001 values [using 2 cores]
2023-09-14 11:48:57,614 [Time-limited test] INFO  ipc.CallQueueManager (CallQueueManager.java:<init>(90)) - Using callQueue: class java.util.concurrent.LinkedBlockingQueue, queueCapacity: 10000, scheduler: class org.apache.hadoop.ipc.DefaultRpcScheduler, ipcBackoff: false.
2023-09-14 11:48:57,614 [Time-limited test] INFO  ipc.Server (Server.java:<init>(1287)) - Listener at fv-az240-193.bcold04rutgefduts2gkrghvsa.bx.internal.cloudapp.net:1202
2023-09-14 11:48:57,615 [Socket Reader #1 for port 1202] INFO  ipc.Server (Server.java:run(1323)) - Starting Socket Reader #1 for port 1202
2023-09-14 11:48:57,653 [Time-limited test] INFO  ha.OMHANodeDetails (OMHANodeDetails.java:loadOMHAConfig(115)) - ozone.om.internal.service.id is not defined, falling back to ozone.om.service.ids to find serviceID for OzoneManager if it is HA enabled cluster
2023-09-14 11:48:57,654 [Time-limited test] INFO  ha.OMHANodeDetails (OMHANodeDetails.java:loadOMHAConfig(226)) - Configuration does not have ozone.om.address set. Falling back to the default OM address fv-az240-193.bcold04rutgefduts2gkrghvsa.bx.internal.cloudapp.net/10.1.136.0:1202
2023-09-14 11:48:57,654 [Time-limited test] INFO  ha.OMHANodeDetails (OMHANodeDetails.java:getOMNodeDetailsForNonHA(254)) - OM Service ID is not set. Setting it to the default ID: omServiceIdDefault
2023-09-14 11:48:57,654 [Time-limited test] INFO  ha.OMHANodeDetails (OMHANodeDetails.java:getOMNodeDetailsForNonHA(261)) - OM Node ID is not set. Setting it to the default ID: om1
2023-09-14 11:48:57,657 [pool-40-thread-2] INFO  request.KdcRequest (KdcRequest.java:preauth(651)) - The preauth data is empty.
2023-09-14 11:48:57,657 [pool-40-thread-2] INFO  server.KdcHandler (KdcHandler.java:handleRecoverableException(177)) - KRB error occurred while processing request:Additional pre-authentication required
2023-09-14 11:48:57,661 [pool-40-thread-2] INFO  request.AsRequest (AsRequest.java:issueTicket(112)) - AS_REQ ISSUE: authtime 1694692137661,scm/fv-az240-193.bcold04rutgefduts2gkrghvsa.bx.internal.cloudapp.net@EXAMPLE.COM for krbtgt/EXAMPLE.COM@EXAMPLE.COM
2023-09-14 11:48:57,664 [Time-limited test] INFO  security.UserGroupInformation (UserGroupInformation.java:loginUserFromKeytab(1132)) - Login successful for user scm/fv-az240-193.bcold04rutgefduts2gkrghvsa.bx.internal.cloudapp.net@EXAMPLE.COM using keytab file scm.keytab. Keytab auto renewal enabled : false
2023-09-14 11:48:57,664 [Time-limited test] INFO  om.OzoneManager (OzoneManager.java:loginOMUser(1164)) - Ozone Manager login successful.
2023-09-14 11:48:57,664 [Time-limited test] WARN  server.ServerUtils (ServerUtils.java:getDBPath(311)) - ozone.om.db.dirs is not configured. We recommend adding this setting. Falling back to ozone.metadata.dirs instead.
2023-09-14 11:48:57,665 [Time-limited test] INFO  proxy.SCMBlockLocationFailoverProxyProvider (SCMBlockLocationFailoverProxyProvider.java:<init>(114)) - Created block location fail-over proxy with 1 nodes: [nodeId=scmNodeId,nodeAddress=/0.0.0.0:9863]
2023-09-14 11:48:57,678 [pool-40-thread-2] INFO  request.TgsRequest (TgsRequest.java:issueTicket(115)) - TGS_REQ ISSUE: authtime 1694692137677,scm/fv-az240-193.bcold04rutgefduts2gkrghvsa.bx.internal.cloudapp.net for scm/fv-az240-193.bcold04rutgefduts2gkrghvsa.bx.internal.cloudapp.net@EXAMPLE.COM
2023-09-14 11:48:57,686 [Socket Reader #1 for port 9863] INFO  ipc.Server (Server.java:saslProcess(2139)) - Auth successful for scm/fv-az240-193.bcold04rutgefduts2gkrghvsa.bx.internal.cloudapp.net@EXAMPLE.COM (auth:KERBEROS) from fv-az240-193.bcold04rutgefduts2gkrghvsa.bx.internal.cloudapp.net:45397 / 10.1.136.0:45397
OM already initialized.Reusing existing cluster id for sd=/tmp/junit1172224296877028512/junit7723045122117657616/scm-meta/om;cid=9b5dc792-94f7-495a-804a-94197503b969;layoutVersion=6
2023-09-14 11:48:57,729 [Time-limited test] INFO  om.OzoneManager (OzoneManager.java:omInit(1375)) - OM storage initialized. Initializing security
2023-09-14 11:48:57,729 [Time-limited test] INFO  om.OzoneManager (OzoneManager.java:initializeSecurity(1388)) - Initializing secure OzoneManager.
2023-09-14 11:48:57,729 [Time-limited test] INFO  om.OzoneManager (OzoneManager.java:getOmDetailsProto(4573)) - OzoneManager ports added:[name: "RPC"
value: 1202
]
2023-09-14 11:48:57,731 [Time-limited test] INFO  security.OMCertificateClient (DefaultCertificateClient.java:updateCertSerialId(1244)) - Certificate serial ID set to null
2023-09-14 11:48:57,731 [Time-limited test] ERROR security.OMCertificateClient (DefaultCertificateClient.java:getCertPath(362)) - Default certificate serial id is not set. Can't locate the default certificate for this client.
2023-09-14 11:48:57,731 [Time-limited test] INFO  security.OMCertificateClient (DefaultCertificateClient.java:init(715)) - Certificate client init case: 0
2023-09-14 11:48:57,732 [Time-limited test] INFO  security.OMCertificateClient (CommonCertificateClient.java:handleCase(73)) - Creating keypair for client as keypair and certificate not found.
2023-09-14 11:48:58,388 [Time-limited test] INFO  om.OzoneManager (OzoneManager.java:initializeSecurity(1401)) - Init response: GETCERT
2023-09-14 11:48:58,389 [Time-limited test] INFO  ozone.OzoneSecurityUtil (OzoneSecurityUtil.java:getValidInetsForCurrentHost(119)) - ip:fe80:0:0:0:20d:3aff:fe15:5b9%eth0 not returned.
2023-09-14 11:48:58,389 [Time-limited test] INFO  ozone.OzoneSecurityUtil (OzoneSecurityUtil.java:getValidInetsForCurrentHost(116)) - Adding ip:10.1.136.0,host:fv-az240-193.bcold04rutgefduts2gkrghvsa.bx.internal.cloudapp.net
2023-09-14 11:48:58,389 [Time-limited test] INFO  ozone.OzoneSecurityUtil (OzoneSecurityUtil.java:getValidInetsForCurrentHost(119)) - ip:0:0:0:0:0:0:0:1%lo not returned.
2023-09-14 11:48:58,389 [Time-limited test] INFO  ozone.OzoneSecurityUtil (OzoneSecurityUtil.java:getValidInetsForCurrentHost(119)) - ip:127.0.0.1 not returned.
2023-09-14 11:48:58,390 [Time-limited test] INFO  security.OMCertificateClient (OMCertificateClient.java:getCSRBuilder(114)) - Creating csr for OM->dns:fv-az240-193.bcold04rutgefduts2gkrghvsa.bx.internal.cloudapp.net,ip:10.1.136.0,scmId:2e4c4fd6-4138-4921-83d5-56c55ace5a12,clusterId:9b5dc792-94f7-495a-804a-94197503b969,subject:scm@fv-az240-193.bcold04rutgefduts2gkrghvsa.bx.internal.cloudapp.net
2023-09-14 11:48:58,402 [Socket Reader #1 for port 9961] INFO  ipc.Server (Server.java:saslProcess(2139)) - Auth successful for scm/fv-az240-193.bcold04rutgefduts2gkrghvsa.bx.internal.cloudapp.net@EXAMPLE.COM (auth:KERBEROS) from fv-az240-193.bcold04rutgefduts2gkrghvsa.bx.internal.cloudapp.net:45621 / 10.1.136.0:45621
2023-09-14 11:48:58,406 [IPC Server handler 1 on default port 9961] INFO  server.SCMSecurityProtocolServer (SCMSecurityProtocolServer.java:getOMCertificate(284)) - Processing CSR for om fv-az240-193.bcold04rutgefduts2gkrghvsa.bx.internal.cloudapp.net, UUID: ee304820-a97e-410a-8807-ef93d39d2b2e
2023-09-14 11:48:58,410 [IPC Server handler 1 on default port 9961] INFO  authority.DefaultApprover (DefaultApprover.java:sign(154)) - Extensions in CSR: 2.5.29.15, 2.5.29.17
2023-09-14 11:48:58,410 [IPC Server handler 1 on default port 9961] INFO  authority.DefaultApprover (DefaultApprover.java:sign(158)) - Extensions to add to the certificate if they present in CSR: 2.5.29.17, 2.5.29.19, 1.3.6.1.5.5.7.1.12, 2.5.29.35, 2.5.29.37, 2.5.29.15
2023-09-14 11:48:58,425 [Time-limited test] INFO  utils.CertificateCodec (CertificateCodec.java:writeCertificate(299)) - Save certificate to /tmp/junit1172224296877028512/junit7723045122117657616/scm-meta/om/certs/1962608100898.crt
2023-09-14 11:48:58,425 [Time-limited test] INFO  utils.CertificateCodec (CertificateCodec.java:writeCertificate(300)) - Certificate -----BEGIN CERTIFICATE-----
MIIEHzCCAwegAwIBAgIGAcj0jwYiMA0GCSqGSIb3DQEBCwUAMIGLMSswKQYDVQQD
DCJzY20tc3ViLTE5NTkyNzUyNzMwNjBAZnYtYXoyNDAtMTkzMS0wKwYDVQQLDCQy
ZTRjNGZkNi00MTM4LTQ5MjEtODNkNS01NmM1NWFjZTVhMTIxLTArBgNVBAoMJDli
NWRjNzkyLTk0ZjctNDk1YS04MDRhLTk0MTk3NTAzYjk2OTAeFw0yMzA5MTQxMTQ4
NThaFw0yNDA5MTMxMTQ4NThaMIGtMU0wSwYDVQQDDERzY21AZnYtYXoyNDAtMTkz
LmJjb2xkMDRydXRnZWZkdXRzMmdrcmdodnNhLmJ4LmludGVybmFsLmNsb3VkYXBw
Lm5ldDEtMCsGA1UECwwkMmU0YzRmZDYtNDEzOC00OTIxLTgzZDUtNTZjNTVhY2U1
YTEyMS0wKwYDVQQKDCQ5YjVkYzc5Mi05NGY3LTQ5NWEtODA0YS05NDE5NzUwM2I5
NjkwggEiMA0GCSqGSIb3DQEBAQUAA4IBDwAwggEKAoIBAQC2qinaqVCI+zMyrXwx
M+33bzGgL4Mygf+CKxXMZHHoxJIIeAKqUKz+yXybhavXaDAvdOzR9eH8LEyfGMfc
BOpn2tzoSH3G0wC8Gv7zvjJcnutQZBiy7LuFFyVKMaUlZZEAFJ220PTo7jUBJ/9/
LDDcDBfRcpdoSsYTwNwGroxtX3ZuqzoBVHa1pF1Te7raynU24/jyVJLsXo9b2rJg
mana5q/L/bsva08O4Ms369e3kE9LC/W7ZZDESbI/b2pIVZddVbK6FaZEeSWBP5Ow
mHMkQ+tGmMsxoDzMuNo9MsgbrEMvssvTu2Ub/2ywfk9SNplzjfu8H0wLeW1sVKlJ
tClbAgMBAAGjZTBjMFEGA1UdEQRKMEiHBAoBiACCQGZ2LWF6MjQwLTE5My5iY29s
ZDA0cnV0Z2VmZHV0czJna3JnaHZzYS5ieC5pbnRlcm5hbC5jbG91ZGFwcC5uZXQw
DgYDVR0PAQH/BAQDAgO4MA0GCSqGSIb3DQEBCwUAA4IBAQB8bGiq4d72f6q+tthp
CarvB4l0TpkKV5srnLMqkeHYU7XAw6LSwRzrK6goOpPUuJq5NtW7upSoK7zNRTHT
Tn0qgSe6n209IwdpN3SFM4tdW/jY+y8YQPSheZrY2PQmLeffXEAQnn+FqmBwcmy6
Unk5zeo8Urjg83OqMOn2P0fzj2vvAZ2Yt0OXQiGw5s7ivv99QZoK2oRvkHf5gH54
BCmK9KEpUHhq/BZtcuPKLLDeXDpBmt7MAbYRgReTFqed1Tldft2g4TnOK0LRAuP1
MozbdirMS3OAJ0pvAgnsIY61oCWt6gKMlVg6uG2hW9iTLy+JfbeEGY3cLo9lSZw0
Twsc
-----END CERTIFICATE-----

-----BEGIN CERTIFICATE-----
MIID/TCCAuWgAwIBAgIGAcguRWcPMA0GCSqGSIb3DQEBCwUAMHsxGzAZBgNVBAMM
EnNjbS0xQGZ2LWF6MjQwLTE5MzEtMCsGA1UECwwkMmU0YzRmZDYtNDEzOC00OTIx
LTgzZDUtNTZjNTVhY2U1YTEyMS0wKwYDVQQKDCQ5YjVkYzc5Mi05NGY3LTQ5NWEt
ODA0YS05NDE5NzUwM2I5NjkwHhcNMjMwOTE0MTE0ODU1WhcNMjgxMDIyMTE0ODU1
WjCBizErMCkGA1UEAwwic2NtLXN1Yi0xOTU5Mjc1MjczMDYwQGZ2LWF6MjQwLTE5
MzEtMCsGA1UECwwkMmU0YzRmZDYtNDEzOC00OTIxLTgzZDUtNTZjNTVhY2U1YTEy
MS0wKwYDVQQKDCQ5YjVkYzc5Mi05NGY3LTQ5NWEtODA0YS05NDE5NzUwM2I5Njkw
ggEiMA0GCSqGSIb3DQEBAQUAA4IBDwAwggEKAoIBAQDYQq7pNnijZI1haFeNwwhB
rAMk3MBVYhZvYMkY3AZ/olHHQtmfPj3jIHg54fIc1BKuWIuKJMrSFMk8vVbHGN0b
A3Xamab9BEIVC4Gu1efKKwC9s8/q1bElvDnoUegi2KZQ9JYqkLN4ZOkHCaSXEZVP
8+4sG9TFh0JwyHSA1X1iRXHftQUOUgCpEqmghSUIA4ZskBp/YkKrgVGnMRJdSf66
ZMPTSaqURqKUP0qmhCS/Gb/DdYkOUi/tMbHkxE0ZeDtQ2FkpMmMSrRnP5Z8srrMV
ivbSCyH7GVeU+wzV7CMy1FCmfuYROW3l6N7XlqeCPVYjtHRVZiOWkSbo+NP6kHXx
AgMBAAGjdjB0MFEGA1UdEQRKMEiHBAoBiACCQGZ2LWF6MjQwLTE5My5iY29sZDA0
cnV0Z2VmZHV0czJna3JnaHZzYS5ieC5pbnRlcm5hbC5jbG91ZGFwcC5uZXQwDwYD
VR0TAQH/BAUwAwEB/zAOBgNVHQ8BAf8EBAMCAb4wDQYJKoZIhvcNAQELBQADggEB
AGdld/DJFG8m2wb2s9841VuChtdvab2zJ8In5ihuMzNNZuH67bI1nV/2rjIDPqle
kalAdvtY6BzdjPN0zmjKiPmWfTv5EXpeScolhsGmMqd6KlugYPyw9b499H08qR9C
A14XoizUUi4GylMGn1u2CfM/RjkcDOc+k+aASq+axSSJLkMuqbpJeUGVGSGOOXtt
OHnje3GjcbZVMSRV8h0mOQXB8anmu4RO0RaYZhbq1tlwdI5Ez5mZcDTxXc1HwtgX
u1h+l2+N9nQngPItVRmFOeZXmg/O8V67JFMWacOuABVgqR33tXy4no7I+tP39jUT
rJHVltcrxlLOiAjnCZ/d7iU=
-----END CERTIFICATE-----

-----BEGIN CERTIFICATE-----
MIID5zCCAs+gAwIBAgIBATANBgkqhkiG9w0BAQsFADB7MRswGQYDVQQDDBJzY20t
MUBmdi1hejI0MC0xOTMxLTArBgNVBAsMJDJlNGM0ZmQ2LTQxMzgtNDkyMS04M2Q1
LTU2YzU1YWNlNWExMjEtMCsGA1UECgwkOWI1ZGM3OTItOTRmNy00OTVhLTgwNGEt
OTQxOTc1MDNiOTY5MB4XDTIzMDkxNDExNDg1NVoXDTI4MTAyMjExNDg1NVowezEb
MBkGA1UEAwwSc2NtLTFAZnYtYXoyNDAtMTkzMS0wKwYDVQQLDCQyZTRjNGZkNi00
MTM4LTQ5MjEtODNkNS01NmM1NWFjZTVhMTIxLTArBgNVBAoMJDliNWRjNzkyLTk0
ZjctNDk1YS04MDRhLTk0MTk3NTAzYjk2OTCCASIwDQYJKoZIhvcNAQEBBQADggEP
ADCCAQoCggEBAI4EtuvuRFO5DIU9kEPsW9fu2g/y/Cw+b6pqwfnvNs+kbrkHjLSR
uczizAr1B4C0/soZQovaHNjV5BB9gglTLHz7BaNAtlWlGQBLxl3h5xtufUoat+Is
ePyeQ85expnNXk1VJGvHSJNcI5I8AzYkm5EtNRA1cV9WISGTr8161eL5x8eSgiB/
TcXx683WWe0rlo4TBseWWc96RuEZ8UnTmjzcG7tYTJkYRK2UrHZTaPomz7EvBD1G
VAtcgzBnfWjx+x1GMIv+cNWPCXwNgu42FmLPdnVN0+SsipMGIN1Tj9vurOqhTiAS
qxmggoiiAb32y5uw5MbYO1xE5yshnlaTS+8CAwEAAaN2MHQwDwYDVR0TAQH/BAUw
AwEB/zAOBgNVHQ8BAf8EBAMCAQYwUQYDVR0RBEowSIcECgGIAIJAZnYtYXoyNDAt
MTkzLmJjb2xkMDRydXRnZWZkdXRzMmdrcmdodnNhLmJ4LmludGVybmFsLmNsb3Vk
YXBwLm5ldDANBgkqhkiG9w0BAQsFAAOCAQEAGiDQ2dGi1iw+DTar6VGyZpcdOncI
A/Yg39FJjQBoyNiKM4Ox7ZueY7h8aEKzNYRz3UPzaj1/6LyP/glgCesF34jiXJd2
RfCSlcI5fEl36IM1UFZuXDbsmTHMnFrDztggKsXuFrcZGo+eRRh+SF6331V7KybZ
I37el8B3rhf+h4BeD1KtMBG/N/d8Tl7q55qVH642zXQdkwDxaVOt6DjTcWBPHxiE
b75oFmhzkADybKwCgA6EpMRc8aen4mTJT45NChe53b4vRqkoNyFY+YuFI4ROpsu3
wLQaYtrc9b1mBwzf62ZD46pn5MbH65uT6yxIsOHp5IUMkyfRoDOITn0gnA==
-----END CERTIFICATE-----

2023-09-14 11:48:58,426 [Time-limited test] INFO  utils.CertificateCodec (CertificateCodec.java:writeCertificate(299)) - Save certificate to /tmp/junit1172224296877028512/junit7723045122117657616/scm-meta/om/certs/CA-1959281387279.crt
2023-09-14 11:48:58,426 [Time-limited test] INFO  utils.CertificateCodec (CertificateCodec.java:writeCertificate(300)) - Certificate -----BEGIN CERTIFICATE-----
MIID/TCCAuWgAwIBAgIGAcguRWcPMA0GCSqGSIb3DQEBCwUAMHsxGzAZBgNVBAMM
EnNjbS0xQGZ2LWF6MjQwLTE5MzEtMCsGA1UECwwkMmU0YzRmZDYtNDEzOC00OTIx
LTgzZDUtNTZjNTVhY2U1YTEyMS0wKwYDVQQKDCQ5YjVkYzc5Mi05NGY3LTQ5NWEt
ODA0YS05NDE5NzUwM2I5NjkwHhcNMjMwOTE0MTE0ODU1WhcNMjgxMDIyMTE0ODU1
WjCBizErMCkGA1UEAwwic2NtLXN1Yi0xOTU5Mjc1MjczMDYwQGZ2LWF6MjQwLTE5
MzEtMCsGA1UECwwkMmU0YzRmZDYtNDEzOC00OTIxLTgzZDUtNTZjNTVhY2U1YTEy
MS0wKwYDVQQKDCQ5YjVkYzc5Mi05NGY3LTQ5NWEtODA0YS05NDE5NzUwM2I5Njkw
ggEiMA0GCSqGSIb3DQEBAQUAA4IBDwAwggEKAoIBAQDYQq7pNnijZI1haFeNwwhB
rAMk3MBVYhZvYMkY3AZ/olHHQtmfPj3jIHg54fIc1BKuWIuKJMrSFMk8vVbHGN0b
A3Xamab9BEIVC4Gu1efKKwC9s8/q1bElvDnoUegi2KZQ9JYqkLN4ZOkHCaSXEZVP
8+4sG9TFh0JwyHSA1X1iRXHftQUOUgCpEqmghSUIA4ZskBp/YkKrgVGnMRJdSf66
ZMPTSaqURqKUP0qmhCS/Gb/DdYkOUi/tMbHkxE0ZeDtQ2FkpMmMSrRnP5Z8srrMV
ivbSCyH7GVeU+wzV7CMy1FCmfuYROW3l6N7XlqeCPVYjtHRVZiOWkSbo+NP6kHXx
AgMBAAGjdjB0MFEGA1UdEQRKMEiHBAoBiACCQGZ2LWF6MjQwLTE5My5iY29sZDA0
cnV0Z2VmZHV0czJna3JnaHZzYS5ieC5pbnRlcm5hbC5jbG91ZGFwcC5uZXQwDwYD
VR0TAQH/BAUwAwEB/zAOBgNVHQ8BAf8EBAMCAb4wDQYJKoZIhvcNAQELBQADggEB
AGdld/DJFG8m2wb2s9841VuChtdvab2zJ8In5ihuMzNNZuH67bI1nV/2rjIDPqle
kalAdvtY6BzdjPN0zmjKiPmWfTv5EXpeScolhsGmMqd6KlugYPyw9b499H08qR9C
A14XoizUUi4GylMGn1u2CfM/RjkcDOc+k+aASq+axSSJLkMuqbpJeUGVGSGOOXtt
OHnje3GjcbZVMSRV8h0mOQXB8anmu4RO0RaYZhbq1tlwdI5Ez5mZcDTxXc1HwtgX
u1h+l2+N9nQngPItVRmFOeZXmg/O8V67JFMWacOuABVgqR33tXy4no7I+tP39jUT
rJHVltcrxlLOiAjnCZ/d7iU=
-----END CERTIFICATE-----

-----BEGIN CERTIFICATE-----
MIID5zCCAs+gAwIBAgIBATANBgkqhkiG9w0BAQsFADB7MRswGQYDVQQDDBJzY20t
MUBmdi1hejI0MC0xOTMxLTArBgNVBAsMJDJlNGM0ZmQ2LTQxMzgtNDkyMS04M2Q1
LTU2YzU1YWNlNWExMjEtMCsGA1UECgwkOWI1ZGM3OTItOTRmNy00OTVhLTgwNGEt
OTQxOTc1MDNiOTY5MB4XDTIzMDkxNDExNDg1NVoXDTI4MTAyMjExNDg1NVowezEb
MBkGA1UEAwwSc2NtLTFAZnYtYXoyNDAtMTkzMS0wKwYDVQQLDCQyZTRjNGZkNi00
MTM4LTQ5MjEtODNkNS01NmM1NWFjZTVhMTIxLTArBgNVBAoMJDliNWRjNzkyLTk0
ZjctNDk1YS04MDRhLTk0MTk3NTAzYjk2OTCCASIwDQYJKoZIhvcNAQEBBQADggEP
ADCCAQoCggEBAI4EtuvuRFO5DIU9kEPsW9fu2g/y/Cw+b6pqwfnvNs+kbrkHjLSR
uczizAr1B4C0/soZQovaHNjV5BB9gglTLHz7BaNAtlWlGQBLxl3h5xtufUoat+Is
ePyeQ85expnNXk1VJGvHSJNcI5I8AzYkm5EtNRA1cV9WISGTr8161eL5x8eSgiB/
TcXx683WWe0rlo4TBseWWc96RuEZ8UnTmjzcG7tYTJkYRK2UrHZTaPomz7EvBD1G
VAtcgzBnfWjx+x1GMIv+cNWPCXwNgu42FmLPdnVN0+SsipMGIN1Tj9vurOqhTiAS
qxmggoiiAb32y5uw5MbYO1xE5yshnlaTS+8CAwEAAaN2MHQwDwYDVR0TAQH/BAUw
AwEB/zAOBgNVHQ8BAf8EBAMCAQYwUQYDVR0RBEowSIcECgGIAIJAZnYtYXoyNDAt
MTkzLmJjb2xkMDRydXRnZWZkdXRzMmdrcmdodnNhLmJ4LmludGVybmFsLmNsb3Vk
YXBwLm5ldDANBgkqhkiG9w0BAQsFAAOCAQEAGiDQ2dGi1iw+DTar6VGyZpcdOncI
A/Yg39FJjQBoyNiKM4Ox7ZueY7h8aEKzNYRz3UPzaj1/6LyP/glgCesF34jiXJd2
RfCSlcI5fEl36IM1UFZuXDbsmTHMnFrDztggKsXuFrcZGo+eRRh+SF6331V7KybZ
I37el8B3rhf+h4BeD1KtMBG/N/d8Tl7q55qVH642zXQdkwDxaVOt6DjTcWBPHxiE
b75oFmhzkADybKwCgA6EpMRc8aen4mTJT45NChe53b4vRqkoNyFY+YuFI4ROpsu3
wLQaYtrc9b1mBwzf62ZD46pn5MbH65uT6yxIsOHp5IUMkyfRoDOITn0gnA==
-----END CERTIFICATE-----

2023-09-14 11:48:58,428 [IPC Server handler 0 on default port 9961] INFO  client.SCMCertificateClient (DefaultCertificateClient.java:getAllRootCaCerts(901)) - scm/sub-ca has 0 Root CA certificates
2023-09-14 11:48:58,428 [IPC Server handler 0 on default port 9961] INFO  client.SCMCertificateClient (DefaultCertificateClient.java:getAllCaCerts(909)) - scm/sub-ca has 1 CA certificates
2023-09-14 11:48:58,430 [Time-limited test] INFO  utils.CertificateCodec (CertificateCodec.java:writeCertificate(299)) - Save certificate to /tmp/junit1172224296877028512/junit7723045122117657616/scm-meta/om/certs/ROOTCA-1.crt
2023-09-14 11:48:58,430 [Time-limited test] INFO  utils.CertificateCodec (CertificateCodec.java:writeCertificate(300)) - Certificate -----BEGIN CERTIFICATE-----
MIID5zCCAs+gAwIBAgIBATANBgkqhkiG9w0BAQsFADB7MRswGQYDVQQDDBJzY20t
MUBmdi1hejI0MC0xOTMxLTArBgNVBAsMJDJlNGM0ZmQ2LTQxMzgtNDkyMS04M2Q1
LTU2YzU1YWNlNWExMjEtMCsGA1UECgwkOWI1ZGM3OTItOTRmNy00OTVhLTgwNGEt
OTQxOTc1MDNiOTY5MB4XDTIzMDkxNDExNDg1NVoXDTI4MTAyMjExNDg1NVowezEb
MBkGA1UEAwwSc2NtLTFAZnYtYXoyNDAtMTkzMS0wKwYDVQQLDCQyZTRjNGZkNi00
MTM4LTQ5MjEtODNkNS01NmM1NWFjZTVhMTIxLTArBgNVBAoMJDliNWRjNzkyLTk0
ZjctNDk1YS04MDRhLTk0MTk3NTAzYjk2OTCCASIwDQYJKoZIhvcNAQEBBQADggEP
ADCCAQoCggEBAI4EtuvuRFO5DIU9kEPsW9fu2g/y/Cw+b6pqwfnvNs+kbrkHjLSR
uczizAr1B4C0/soZQovaHNjV5BB9gglTLHz7BaNAtlWlGQBLxl3h5xtufUoat+Is
ePyeQ85expnNXk1VJGvHSJNcI5I8AzYkm5EtNRA1cV9WISGTr8161eL5x8eSgiB/
TcXx683WWe0rlo4TBseWWc96RuEZ8UnTmjzcG7tYTJkYRK2UrHZTaPomz7EvBD1G
VAtcgzBnfWjx+x1GMIv+cNWPCXwNgu42FmLPdnVN0+SsipMGIN1Tj9vurOqhTiAS
qxmggoiiAb32y5uw5MbYO1xE5yshnlaTS+8CAwEAAaN2MHQwDwYDVR0TAQH/BAUw
AwEB/zAOBgNVHQ8BAf8EBAMCAQYwUQYDVR0RBEowSIcECgGIAIJAZnYtYXoyNDAt
MTkzLmJjb2xkMDRydXRnZWZkdXRzMmdrcmdodnNhLmJ4LmludGVybmFsLmNsb3Vk
YXBwLm5ldDANBgkqhkiG9w0BAQsFAAOCAQEAGiDQ2dGi1iw+DTar6VGyZpcdOncI
A/Yg39FJjQBoyNiKM4Ox7ZueY7h8aEKzNYRz3UPzaj1/6LyP/glgCesF34jiXJd2
RfCSlcI5fEl36IM1UFZuXDbsmTHMnFrDztggKsXuFrcZGo+eRRh+SF6331V7KybZ
I37el8B3rhf+h4BeD1KtMBG/N/d8Tl7q55qVH642zXQdkwDxaVOt6DjTcWBPHxiE
b75oFmhzkADybKwCgA6EpMRc8aen4mTJT45NChe53b4vRqkoNyFY+YuFI4ROpsu3
wLQaYtrc9b1mBwzf62ZD46pn5MbH65uT6yxIsOHp5IUMkyfRoDOITn0gnA==
-----END CERTIFICATE-----

2023-09-14 11:48:58,430 [Time-limited test] INFO  security.OMCertificateClient (DefaultCertificateClient.java:updateCertSerialId(1244)) - Certificate serial ID set to 1962608100898
2023-09-14 11:48:58,432 [Time-limited test] INFO  security.OMCertificateClient (DefaultCertificateClient.java:readCertificateFile(237)) - Added certificate   [0]         Version: 3
         SerialNumber: 1962608100898
             IssuerDN: CN=scm-sub-1959275273060@fv-az240-193,OU=2e4c4fd6-4138-4921-83d5-56c55ace5a12,O=9b5dc792-94f7-495a-804a-94197503b969
           Start Date: Thu Sep 14 11:48:58 UTC 2023
           Final Date: Fri Sep 13 11:48:58 UTC 2024
            SubjectDN: CN=scm@fv-az240-193.bcold04rutgefduts2gkrghvsa.bx.internal.cloudapp.net,OU=2e4c4fd6-4138-4921-83d5-56c55ace5a12,O=9b5dc792-94f7-495a-804a-94197503b969
           Public Key: RSA Public Key [b4:72:0d:1a:ee:a5:7b:2c:10:40:be:36:ee:14:5f:be:25:ae:ae:97],[56:66:d1:a4]
        modulus: b6aa29daa95088fb3332ad7c3133edf76f31a02f833281ff822b15cc6471e8c492087802aa50acfec97c9b85abd768302f74ecd1f5e1fc2c4c9f18c7dc04ea67dadce8487dc6d300bc1afef3be325c9eeb506418b2ecbb8517254a31a525659100149db6d0f4e8ee350127ff7f2c30dc0c17d17297684ac613c0dc06ae8c6d5f766eab3a015476b5a45d537bbadaca7536e3f8f25492ec5e8f5bdab26099a9dae6afcbfdbb2f6b4f0ee0cb37ebd7b7904f4b0bf5bb6590c449b23f6f6a4855975d55b2ba15a6447925813f93b098732443eb4698cb31a03cccb8da3d32c81bac432fb2cbd3bb651bff6cb07e4f523699738dfbbc1f4c0b796d6c54a949b4295b
public exponent: 10001

  Signature Algorithm: SHA256WITHRSA
            Signature: 7c6c68aae1def67faabeb6d86909aaef0789744e
                       990a579b2b9cb32a91e1d853b5c0c3a2d2c11ceb
                       2ba8283a93d4b89ab936d5bbba94a82bbccd4531
                       d34e7d2a8127ba9f6d3d230769377485338b5d5b
                       f8d8fb2f1840f4a1799ad8d8f4262de7df5c4010
                       9e7f85aa6070726cba527939cdea3c52b8e0f373
                       aa30e9f63f47f38f6bef019d98b743974221b0e6
                       cee2beff7d419a0ada846f9077f9807e7804298a
                       f4a12950786afc166d72e3ca2cb0de5c3a419ade
                       cc01b61181179316a79dd5395d7edda0e139ce2b
                       42d102e3f5328cdb762acc4b7380274a6f0209ec
                       218eb5a025adea028c95583ab86da15bd8932f2f
                       897db784198ddc2e8f65499c344f0b1c
       Extensions: 
                       critical(false) 2.5.29.17 value = Sequence
    Tagged [7] IMPLICIT 
        DER Octet String[4] 
    Tagged [2] IMPLICIT 
        DER Octet String[64] 

                       critical(true) KeyUsage: 0xb8
 from file: /tmp/junit1172224296877028512/junit7723045122117657616/scm-meta/om/certs/1962608100898.crt.
2023-09-14 11:48:58,434 [Time-limited test] INFO  security.OMCertificateClient (DefaultCertificateClient.java:readCertificateFile(237)) - Added certificate   [0]         Version: 3
         SerialNumber: 1
             IssuerDN: CN=scm-1@fv-az240-193,OU=2e4c4fd6-4138-4921-83d5-56c55ace5a12,O=9b5dc792-94f7-495a-804a-94197503b969
           Start Date: Thu Sep 14 11:48:55 UTC 2023
           Final Date: Sun Oct 22 11:48:55 UTC 2028
            SubjectDN: CN=scm-1@fv-az240-193,OU=2e4c4fd6-4138-4921-83d5-56c55ace5a12,O=9b5dc792-94f7-495a-804a-94197503b969
           Public Key: RSA Public Key [7c:d7:51:46:00:2f:07:cd:ec:3f:80:d4:33:af:8a:e7:63:a2:55:f0],[56:66:d1:a4]
        modulus: 8e04b6ebee4453b90c853d9043ec5bd7eeda0ff2fc2c3e6faa6ac1f9ef36cfa46eb9078cb491b9cce2cc0af50780b4feca19428bda1cd8d5e4107d8209532c7cfb05a340b655a519004bc65de1e71b6e7d4a1ab7e22c78fc9e43ce5ec699cd5e4d55246bc748935c23923c0336249b912d351035715f56212193afcd7ad5e2f9c7c79282207f4dc5f1ebcdd659ed2b968e1306c79659cf7a46e119f149d39a3cdc1bbb584c991844ad94ac765368fa26cfb12f043d46540b5c8330677d68f1fb1d46308bfe70d58f097c0d82ee361662cf76754dd3e4ac8a930620dd538fdbeeaceaa14e2012ab19a08288a201bdf6cb9bb0e4c6d83b5c44e72b219e56934bef
public exponent: 10001

  Signature Algorithm: SHA256WITHRSA
            Signature: 1a20d0d9d1a2d62c3e0d36abe951b266971d3a77
                       0803f620dfd1498d0068c8d88a3383b1ed9b9e63
                       b87c6842b3358473dd43f36a3d7fe8bc8ffe0960
                       09eb05df88e25c977645f09295c2397c4977e883
                       3550566e5c36ec9931cc9c5ac3ced8202ac5ee16
                       b7191a8f9e45187e485eb7df557b2b26d9237ede
                       97c077ae17fe87805e0f52ad3011bf37f77c4e5e
                       eae79a951fae36cd741d9300f16953ade838d371
                       604f1f18846fbe681668739000f26cac02800e84
                       a4c45cf1a7a7e264c94f8e4d0a17b9ddbe2f46a9
                       28372158f98b8523844ea6cbb7c0b41a62dadcf5
                       bd66070cdfeb6643e3aa67e4c6c7eb9b93eb2c48
                       b0e1e9e4850c9327d1a033884e7d209c
       Extensions: 
                       critical(true) BasicConstraints: isCa(true)
                       critical(true) KeyUsage: 0x6
                       critical(false) 2.5.29.17 value = Sequence
    Tagged [7] IMPLICIT 
        DER Octet String[4] 
    Tagged [2] IMPLICIT 
        DER Octet String[64] 

 from file: /tmp/junit1172224296877028512/junit7723045122117657616/scm-meta/om/certs/ROOTCA-1.crt.
2023-09-14 11:48:58,436 [Time-limited test] INFO  security.OMCertificateClient (DefaultCertificateClient.java:readCertificateFile(237)) - Added certificate   [0]         Version: 3
         SerialNumber: 1959281387279
             IssuerDN: CN=scm-1@fv-az240-193,OU=2e4c4fd6-4138-4921-83d5-56c55ace5a12,O=9b5dc792-94f7-495a-804a-94197503b969
           Start Date: Thu Sep 14 11:48:55 UTC 2023
           Final Date: Sun Oct 22 11:48:55 UTC 2028
            SubjectDN: CN=scm-sub-1959275273060@fv-az240-193,OU=2e4c4fd6-4138-4921-83d5-56c55ace5a12,O=9b5dc792-94f7-495a-804a-94197503b969
           Public Key: RSA Public Key [1c:a1:1e:93:ff:8f:1e:44:30:a6:d2:8a:cc:a5:12:5c:e2:ec:35:cf],[56:66:d1:a4]
        modulus: d842aee93678a3648d6168578dc30841ac0324dcc05562166f60c918dc067fa251c742d99f3e3de3207839e1f21cd412ae588b8a24cad214c93cbd56c718dd1b0375da99a6fd0442150b81aed5e7ca2b00bdb3cfead5b125bc39e851e822d8a650f4962a90b37864e90709a49711954ff3ee2c1bd4c5874270c87480d57d624571dfb5050e5200a912a9a085250803866c901a7f6242ab8151a731125d49feba64c3d349aa9446a2943f4aa68424bf19bfc375890e522fed31b1e4c44d19783b50d85929326312ad19cfe59f2caeb3158af6d20b21fb195794fb0cd5ec2332d450a67ee611396de5e8ded796a7823d5623b474556623969126e8f8d3fa9075f1
public exponent: 10001

  Signature Algorithm: SHA256WITHRSA
            Signature: 676577f0c9146f26db06f6b3df38d55b8286d76f
                       69bdb327c227e6286e33334d66e1faedb2359d5f
                       f6ae32033ea95e91a94076fb58e81cdd8cf374ce
                       68ca88f9967d3bf9117a5e49ca2586c1a632a77a
                       2a5ba060fcb0f5be3df47d3ca91f42035e17a22c
                       d4522e06ca53069f5bb609f33f46391c0ce73e93
                       e6804aaf9ac524892e432ea9ba4979419519218e
                       397b6d3879e37b71a371b655312455f21d263905
                       c1f1a9e6bb844ed116986616ead6d970748e44cf
                       99997034f15dcd47c2d817bb587e976f8df67427
                       80f22d55198539e6579a0fcef15ebb24531669c3
                       ae001560a91df7b57cb89e8ec8fad3f7f63513ac
                       91d596d72bc652ce8808e7099fddee25
       Extensions: 
                       critical(false) 2.5.29.17 value = Sequence
    Tagged [7] IMPLICIT 
        DER Octet String[4] 
    Tagged [2] IMPLICIT 
        DER Octet String[64] 

                       critical(true) BasicConstraints: isCa(true)
                       critical(true) KeyUsage: 0xbe
 from file: /tmp/junit1172224296877028512/junit7723045122117657616/scm-meta/om/certs/CA-1959281387279.crt.
2023-09-14 11:48:58,442 [Time-limited test] INFO  security.OMCertificateClient (DefaultCertificateClient.java:startCertificateRenewerService(1349)) - CertificateRenewerService for om is started with first delay 31535989562 ms and interval 3333 ms.
2023-09-14 11:48:58,442 [Time-limited test] INFO  security.OMCertificateClient (DefaultCertificateClient.java:updateCertSerialId(1244)) - Certificate serial ID set to 1962608100898
2023-09-14 11:48:58,446 [Time-limited test] INFO  security.OMCertificateClient (DefaultCertificateClient.java:readCertificateFile(237)) - Added certificate   [0]         Version: 3
         SerialNumber: 1962608100898
             IssuerDN: CN=scm-sub-1959275273060@fv-az240-193,OU=2e4c4fd6-4138-4921-83d5-56c55ace5a12,O=9b5dc792-94f7-495a-804a-94197503b969
           Start Date: Thu Sep 14 11:48:58 UTC 2023
           Final Date: Fri Sep 13 11:48:58 UTC 2024
            SubjectDN: CN=scm@fv-az240-193.bcold04rutgefduts2gkrghvsa.bx.internal.cloudapp.net,OU=2e4c4fd6-4138-4921-83d5-56c55ace5a12,O=9b5dc792-94f7-495a-804a-94197503b969
           Public Key: RSA Public Key [b4:72:0d:1a:ee:a5:7b:2c:10:40:be:36:ee:14:5f:be:25:ae:ae:97],[56:66:d1:a4]
        modulus: b6aa29daa95088fb3332ad7c3133edf76f31a02f833281ff822b15cc6471e8c492087802aa50acfec97c9b85abd768302f74ecd1f5e1fc2c4c9f18c7dc04ea67dadce8487dc6d300bc1afef3be325c9eeb506418b2ecbb8517254a31a525659100149db6d0f4e8ee350127ff7f2c30dc0c17d17297684ac613c0dc06ae8c6d5f766eab3a015476b5a45d537bbadaca7536e3f8f25492ec5e8f5bdab26099a9dae6afcbfdbb2f6b4f0ee0cb37ebd7b7904f4b0bf5bb6590c449b23f6f6a4855975d55b2ba15a6447925813f93b098732443eb4698cb31a03cccb8da3d32c81bac432fb2cbd3bb651bff6cb07e4f523699738dfbbc1f4c0b796d6c54a949b4295b
public exponent: 10001

  Signature Algorithm: SHA256WITHRSA
            Signature: 7c6c68aae1def67faabeb6d86909aaef0789744e
                       990a579b2b9cb32a91e1d853b5c0c3a2d2c11ceb
                       2ba8283a93d4b89ab936d5bbba94a82bbccd4531
                       d34e7d2a8127ba9f6d3d230769377485338b5d5b
                       f8d8fb2f1840f4a1799ad8d8f4262de7df5c4010
                       9e7f85aa6070726cba527939cdea3c52b8e0f373
                       aa30e9f63f47f38f6bef019d98b743974221b0e6
                       cee2beff7d419a0ada846f9077f9807e7804298a
                       f4a12950786afc166d72e3ca2cb0de5c3a419ade
                       cc01b61181179316a79dd5395d7edda0e139ce2b
                       42d102e3f5328cdb762acc4b7380274a6f0209ec
                       218eb5a025adea028c95583ab86da15bd8932f2f
                       897db784198ddc2e8f65499c344f0b1c
       Extensions: 
                       critical(false) 2.5.29.17 value = Sequence
    Tagged [7] IMPLICIT 
        DER Octet String[4] 
    Tagged [2] IMPLICIT 
        DER Octet String[64] 

                       critical(true) KeyUsage: 0xb8
 from file: /tmp/junit1172224296877028512/junit7723045122117657616/scm-meta/om/certs/1962608100898.crt.
2023-09-14 11:48:58,447 [Time-limited test] INFO  security.OMCertificateClient (DefaultCertificateClient.java:readCertificateFile(237)) - Added certificate   [0]         Version: 3
         SerialNumber: 1
             IssuerDN: CN=scm-1@fv-az240-193,OU=2e4c4fd6-4138-4921-83d5-56c55ace5a12,O=9b5dc792-94f7-495a-804a-94197503b969
           Start Date: Thu Sep 14 11:48:55 UTC 2023
           Final Date: Sun Oct 22 11:48:55 UTC 2028
            SubjectDN: CN=scm-1@fv-az240-193,OU=2e4c4fd6-4138-4921-83d5-56c55ace5a12,O=9b5dc792-94f7-495a-804a-94197503b969
           Public Key: RSA Public Key [7c:d7:51:46:00:2f:07:cd:ec:3f:80:d4:33:af:8a:e7:63:a2:55:f0],[56:66:d1:a4]
        modulus: 8e04b6ebee4453b90c853d9043ec5bd7eeda0ff2fc2c3e6faa6ac1f9ef36cfa46eb9078cb491b9cce2cc0af50780b4feca19428bda1cd8d5e4107d8209532c7cfb05a340b655a519004bc65de1e71b6e7d4a1ab7e22c78fc9e43ce5ec699cd5e4d55246bc748935c23923c0336249b912d351035715f56212193afcd7ad5e2f9c7c79282207f4dc5f1ebcdd659ed2b968e1306c79659cf7a46e119f149d39a3cdc1bbb584c991844ad94ac765368fa26cfb12f043d46540b5c8330677d68f1fb1d46308bfe70d58f097c0d82ee361662cf76754dd3e4ac8a930620dd538fdbeeaceaa14e2012ab19a08288a201bdf6cb9bb0e4c6d83b5c44e72b219e56934bef
public exponent: 10001

  Signature Algorithm: SHA256WITHRSA
            Signature: 1a20d0d9d1a2d62c3e0d36abe951b266971d3a77
                       0803f620dfd1498d0068c8d88a3383b1ed9b9e63
                       b87c6842b3358473dd43f36a3d7fe8bc8ffe0960
                       09eb05df88e25c977645f09295c2397c4977e883
                       3550566e5c36ec9931cc9c5ac3ced8202ac5ee16
                       b7191a8f9e45187e485eb7df557b2b26d9237ede
                       97c077ae17fe87805e0f52ad3011bf37f77c4e5e
                       eae79a951fae36cd741d9300f16953ade838d371
                       604f1f18846fbe681668739000f26cac02800e84
                       a4c45cf1a7a7e264c94f8e4d0a17b9ddbe2f46a9
                       28372158f98b8523844ea6cbb7c0b41a62dadcf5
                       bd66070cdfeb6643e3aa67e4c6c7eb9b93eb2c48
                       b0e1e9e4850c9327d1a033884e7d209c
       Extensions: 
                       critical(true) BasicConstraints: isCa(true)
                       critical(true) KeyUsage: 0x6
                       critical(false) 2.5.29.17 value = Sequence
    Tagged [7] IMPLICIT 
        DER Octet String[4] 
    Tagged [2] IMPLICIT 
        DER Octet String[64] 

 from file: /tmp/junit1172224296877028512/junit7723045122117657616/scm-meta/om/certs/ROOTCA-1.crt.
2023-09-14 11:48:58,449 [Time-limited test] INFO  security.OMCertificateClient (DefaultCertificateClient.java:readCertificateFile(237)) - Added certificate   [0]         Version: 3
         SerialNumber: 1959281387279
             IssuerDN: CN=scm-1@fv-az240-193,OU=2e4c4fd6-4138-4921-83d5-56c55ace5a12,O=9b5dc792-94f7-495a-804a-94197503b969
           Start Date: Thu Sep 14 11:48:55 UTC 2023
           Final Date: Sun Oct 22 11:48:55 UTC 2028
            SubjectDN: CN=scm-sub-1959275273060@fv-az240-193,OU=2e4c4fd6-4138-4921-83d5-56c55ace5a12,O=9b5dc792-94f7-495a-804a-94197503b969
           Public Key: RSA Public Key [1c:a1:1e:93:ff:8f:1e:44:30:a6:d2:8a:cc:a5:12:5c:e2:ec:35:cf],[56:66:d1:a4]
        modulus: d842aee93678a3648d6168578dc30841ac0324dcc05562166f60c918dc067fa251c742d99f3e3de3207839e1f21cd412ae588b8a24cad214c93cbd56c718dd1b0375da99a6fd0442150b81aed5e7ca2b00bdb3cfead5b125bc39e851e822d8a650f4962a90b37864e90709a49711954ff3ee2c1bd4c5874270c87480d57d624571dfb5050e5200a912a9a085250803866c901a7f6242ab8151a731125d49feba64c3d349aa9446a2943f4aa68424bf19bfc375890e522fed31b1e4c44d19783b50d85929326312ad19cfe59f2caeb3158af6d20b21fb195794fb0cd5ec2332d450a67ee611396de5e8ded796a7823d5623b474556623969126e8f8d3fa9075f1
public exponent: 10001

  Signature Algorithm: SHA256WITHRSA
            Signature: 676577f0c9146f26db06f6b3df38d55b8286d76f
                       69bdb327c227e6286e33334d66e1faedb2359d5f
                       f6ae32033ea95e91a94076fb58e81cdd8cf374ce
                       68ca88f9967d3bf9117a5e49ca2586c1a632a77a
                       2a5ba060fcb0f5be3df47d3ca91f42035e17a22c
                       d4522e06ca53069f5bb609f33f46391c0ce73e93
                       e6804aaf9ac524892e432ea9ba4979419519218e
                       397b6d3879e37b71a371b655312455f21d263905
                       c1f1a9e6bb844ed116986616ead6d970748e44cf
                       99997034f15dcd47c2d817bb587e976f8df67427
                       80f22d55198539e6579a0fcef15ebb24531669c3
                       ae001560a91df7b57cb89e8ec8fad3f7f63513ac
                       91d596d72bc652ce8808e7099fddee25
       Extensions: 
                       critical(false) 2.5.29.17 value = Sequence
    Tagged [7] IMPLICIT 
        DER Octet String[4] 
    Tagged [2] IMPLICIT 
        DER Octet String[64] 

                       critical(true) BasicConstraints: isCa(true)
                       critical(true) KeyUsage: 0xbe
 from file: /tmp/junit1172224296877028512/junit7723045122117657616/scm-meta/om/certs/CA-1959281387279.crt.
2023-09-14 11:48:58,449 [Time-limited test] INFO  om.OzoneManager (OzoneManager.java:initializeSecurity(1411)) - Successfully stored SCM signed certificate.
2023-09-14 11:48:58,450 [Time-limited test] INFO  om.OzoneManager (OzoneManager.java:stop(2207)) - om1[fv-az240-193.bcold04rutgefduts2gkrghvsa.bx.internal.cloudapp.net:1202]: Stopping Ozone Manager
2023-09-14 11:48:58,450 [Time-limited test] INFO  ipc.Server (Server.java:stop(3523)) - Stopping server on 1202
2023-09-14 11:48:58,453 [Time-limited test] INFO  ratis.OzoneManagerStateMachine (OzoneManagerStateMachine.java:close(534)) - StateMachine has shutdown. Shutdown OzoneManager if not already shutdown.
2023-09-14 11:48:58,453 [Time-limited test] INFO  ratis.OzoneManagerDoubleBuffer (OzoneManagerDoubleBuffer.java:stopDaemon(551)) - Stopping OMDoubleBuffer flush thread
2023-09-14 11:48:58,454 [OMDoubleBufferFlushThread] INFO  ratis.OzoneManagerDoubleBuffer (OzoneManagerDoubleBuffer.java:canFlush(638)) - OMDoubleBuffer flush thread OMDoubleBufferFlushThread is interrupted and will exit.
2023-09-14 11:48:58,456 [Time-limited test] INFO  om.OzoneManager (OzoneManager.java:stopSecretManager(1071)) - Stopping OM delegation token secret manager.
2023-09-14 11:48:58,456 [Time-limited test] INFO  rocksdiff.RocksDBCheckpointDiffer (RocksDBCheckpointDiffer.java:close(343)) - Shutting down CompactionDagPruningService.
2023-09-14 11:48:58,459 [Time-limited test] INFO  snapshot.SnapshotDiffManager (SnapshotDiffManager.java:closeExecutorService(1706)) - Shutting down executorService: 'SnapDiffExecutor'
2023-09-14 11:48:58,460 [Time-limited test] INFO  snapshot.SnapshotDiffManager (SnapshotDiffManager.java:closeExecutorService(1706)) - Shutting down executorService: 'SstDumpToolExecutor'
2023-09-14 11:48:58,460 [Time-limited test] INFO  utils.BackgroundService (BackgroundService.java:shutdown(141)) - Shutting down service SnapshotDiffCleanupService
2023-09-14 11:48:58,462 [Time-limited test] INFO  ha.OMHANodeDetails (OMHANodeDetails.java:loadOMHAConfig(115)) - ozone.om.internal.service.id is not defined, falling back to ozone.om.service.ids to find serviceID for OzoneManager if it is HA enabled cluster
2023-09-14 11:48:58,462 [Time-limited test] INFO  ha.OMHANodeDetails (OMHANodeDetails.java:loadOMHAConfig(226)) - Configuration does not have ozone.om.address set. Falling back to the default OM address fv-az240-193.bcold04rutgefduts2gkrghvsa.bx.internal.cloudapp.net/10.1.136.0:1202
2023-09-14 11:48:58,462 [Time-limited test] INFO  ha.OMHANodeDetails (OMHANodeDetails.java:getOMNodeDetailsForNonHA(254)) - OM Service ID is not set. Setting it to the default ID: omServiceIdDefault
2023-09-14 11:48:58,462 [Time-limited test] INFO  ha.OMHANodeDetails (OMHANodeDetails.java:getOMNodeDetailsForNonHA(261)) - OM Node ID is not set. Setting it to the default ID: om1
2023-09-14 11:48:58,463 [Time-limited test] WARN  server.ServerUtils (ServerUtils.java:getDBPath(311)) - ozone.om.db.dirs is not configured. We recommend adding this setting. Falling back to ozone.metadata.dirs instead.
2023-09-14 11:48:58,464 [Time-limited test] INFO  upgrade.AbstractLayoutVersionManager (AbstractLayoutVersionManager.java:init(83)) - Initializing Layout version manager with metadata layout = QUOTA (version = 6), software layout = QUOTA (version = 6)
2023-09-14 11:48:58,555 [Time-limited test] INFO  reflections.Reflections (Reflections.java:scan(232)) - Reflections took 90 ms to scan 2 urls, producing 187 keys and 515 values [using 2 cores]
2023-09-14 11:48:58,556 [Time-limited test] INFO  upgrade.OMLayoutVersionManager (OMLayoutVersionManager.java:lambda$0(115)) - Skipping Upgrade Action MockOmUpgradeAction since it has been finalized.
2023-09-14 11:48:58,556 [Time-limited test] INFO  upgrade.OMLayoutVersionManager (OMLayoutVersionManager.java:lambda$0(115)) - Skipping Upgrade Action QuotaRepairUpgradeAction since it has been finalized.
2023-09-14 11:48:58,559 [pool-40-thread-2] INFO  request.KdcRequest (KdcRequest.java:preauth(651)) - The preauth data is empty.
2023-09-14 11:48:58,559 [pool-40-thread-2] INFO  server.KdcHandler (KdcHandler.java:handleRecoverableException(177)) - KRB error occurred while processing request:Additional pre-authentication required
2023-09-14 11:48:58,564 [pool-40-thread-1] INFO  request.AsRequest (AsRequest.java:issueTicket(112)) - AS_REQ ISSUE: authtime 1694692138564,scm/fv-az240-193.bcold04rutgefduts2gkrghvsa.bx.internal.cloudapp.net@EXAMPLE.COM for krbtgt/EXAMPLE.COM@EXAMPLE.COM
2023-09-14 11:48:58,565 [Time-limited test] INFO  security.UserGroupInformation (UserGroupInformation.java:loginUserFromKeytab(1132)) - Login successful for user scm/fv-az240-193.bcold04rutgefduts2gkrghvsa.bx.internal.cloudapp.net@EXAMPLE.COM using keytab file scm.keytab. Keytab auto renewal enabled : false
2023-09-14 11:48:58,565 [Time-limited test] INFO  om.OzoneManager (OzoneManager.java:loginOMUser(1164)) - Ozone Manager login successful.
2023-09-14 11:48:58,565 [Time-limited test] WARN  server.ServerUtils (ServerUtils.java:getDBPath(311)) - ozone.om.db.dirs is not configured. We recommend adding this setting. Falling back to ozone.metadata.dirs instead.
2023-09-14 11:48:58,571 [Time-limited test] INFO  proxy.SCMBlockLocationFailoverProxyProvider (SCMBlockLocationFailoverProxyProvider.java:<init>(114)) - Created block location fail-over proxy with 1 nodes: [nodeId=scmNodeId,nodeAddress=/0.0.0.0:9863]
2023-09-14 11:48:58,572 [Time-limited test] INFO  om.OzoneManager (OzoneManager.java:getOmDetailsProto(4573)) - OzoneManager ports added:[name: "RPC"
value: 1202
]
2023-09-14 11:48:58,574 [Time-limited test] INFO  security.OMCertificateClient (DefaultCertificateClient.java:updateCertSerialId(1244)) - Certificate serial ID set to 1962608100898
2023-09-14 11:48:58,576 [Time-limited test] INFO  security.OMCertificateClient (DefaultCertificateClient.java:readCertificateFile(237)) - Added certificate   [0]         Version: 3
         SerialNumber: 1962608100898
             IssuerDN: CN=scm-sub-1959275273060@fv-az240-193,OU=2e4c4fd6-4138-4921-83d5-56c55ace5a12,O=9b5dc792-94f7-495a-804a-94197503b969
           Start Date: Thu Sep 14 11:48:58 UTC 2023
           Final Date: Fri Sep 13 11:48:58 UTC 2024
            SubjectDN: CN=scm@fv-az240-193.bcold04rutgefduts2gkrghvsa.bx.internal.cloudapp.net,OU=2e4c4fd6-4138-4921-83d5-56c55ace5a12,O=9b5dc792-94f7-495a-804a-94197503b969
           Public Key: RSA Public Key [b4:72:0d:1a:ee:a5:7b:2c:10:40:be:36:ee:14:5f:be:25:ae:ae:97],[56:66:d1:a4]
        modulus: b6aa29daa95088fb3332ad7c3133edf76f31a02f833281ff822b15cc6471e8c492087802aa50acfec97c9b85abd768302f74ecd1f5e1fc2c4c9f18c7dc04ea67dadce8487dc6d300bc1afef3be325c9eeb506418b2ecbb8517254a31a525659100149db6d0f4e8ee350127ff7f2c30dc0c17d17297684ac613c0dc06ae8c6d5f766eab3a015476b5a45d537bbadaca7536e3f8f25492ec5e8f5bdab26099a9dae6afcbfdbb2f6b4f0ee0cb37ebd7b7904f4b0bf5bb6590c449b23f6f6a4855975d55b2ba15a6447925813f93b098732443eb4698cb31a03cccb8da3d32c81bac432fb2cbd3bb651bff6cb07e4f523699738dfbbc1f4c0b796d6c54a949b4295b
public exponent: 10001

  Signature Algorithm: SHA256WITHRSA
            Signature: 7c6c68aae1def67faabeb6d86909aaef0789744e
                       990a579b2b9cb32a91e1d853b5c0c3a2d2c11ceb
                       2ba8283a93d4b89ab936d5bbba94a82bbccd4531
                       d34e7d2a8127ba9f6d3d230769377485338b5d5b
                       f8d8fb2f1840f4a1799ad8d8f4262de7df5c4010
                       9e7f85aa6070726cba527939cdea3c52b8e0f373
                       aa30e9f63f47f38f6bef019d98b743974221b0e6
                       cee2beff7d419a0ada846f9077f9807e7804298a
                       f4a12950786afc166d72e3ca2cb0de5c3a419ade
                       cc01b61181179316a79dd5395d7edda0e139ce2b
                       42d102e3f5328cdb762acc4b7380274a6f0209ec
                       218eb5a025adea028c95583ab86da15bd8932f2f
                       897db784198ddc2e8f65499c344f0b1c
       Extensions: 
                       critical(false) 2.5.29.17 value = Sequence
    Tagged [7] IMPLICIT 
        DER Octet String[4] 
    Tagged [2] IMPLICIT 
        DER Octet String[64] 

                       critical(true) KeyUsage: 0xb8
 from file: /tmp/junit1172224296877028512/junit7723045122117657616/scm-meta/om/certs/1962608100898.crt.
2023-09-14 11:48:58,577 [Time-limited test] INFO  security.OMCertificateClient (DefaultCertificateClient.java:readCertificateFile(237)) - Added certificate   [0]         Version: 3
         SerialNumber: 1
             IssuerDN: CN=scm-1@fv-az240-193,OU=2e4c4fd6-4138-4921-83d5-56c55ace5a12,O=9b5dc792-94f7-495a-804a-94197503b969
           Start Date: Thu Sep 14 11:48:55 UTC 2023
           Final Date: Sun Oct 22 11:48:55 UTC 2028
            SubjectDN: CN=scm-1@fv-az240-193,OU=2e4c4fd6-4138-4921-83d5-56c55ace5a12,O=9b5dc792-94f7-495a-804a-94197503b969
           Public Key: RSA Public Key [7c:d7:51:46:00:2f:07:cd:ec:3f:80:d4:33:af:8a:e7:63:a2:55:f0],[56:66:d1:a4]
        modulus: 8e04b6ebee4453b90c853d9043ec5bd7eeda0ff2fc2c3e6faa6ac1f9ef36cfa46eb9078cb491b9cce2cc0af50780b4feca19428bda1cd8d5e4107d8209532c7cfb05a340b655a519004bc65de1e71b6e7d4a1ab7e22c78fc9e43ce5ec699cd5e4d55246bc748935c23923c0336249b912d351035715f56212193afcd7ad5e2f9c7c79282207f4dc5f1ebcdd659ed2b968e1306c79659cf7a46e119f149d39a3cdc1bbb584c991844ad94ac765368fa26cfb12f043d46540b5c8330677d68f1fb1d46308bfe70d58f097c0d82ee361662cf76754dd3e4ac8a930620dd538fdbeeaceaa14e2012ab19a08288a201bdf6cb9bb0e4c6d83b5c44e72b219e56934bef
public exponent: 10001

  Signature Algorithm: SHA256WITHRSA
            Signature: 1a20d0d9d1a2d62c3e0d36abe951b266971d3a77
                       0803f620dfd1498d0068c8d88a3383b1ed9b9e63
                       b87c6842b3358473dd43f36a3d7fe8bc8ffe0960
                       09eb05df88e25c977645f09295c2397c4977e883
                       3550566e5c36ec9931cc9c5ac3ced8202ac5ee16
                       b7191a8f9e45187e485eb7df557b2b26d9237ede
                       97c077ae17fe87805e0f52ad3011bf37f77c4e5e
                       eae79a951fae36cd741d9300f16953ade838d371
                       604f1f18846fbe681668739000f26cac02800e84
                       a4c45cf1a7a7e264c94f8e4d0a17b9ddbe2f46a9
                       28372158f98b8523844ea6cbb7c0b41a62dadcf5
                       bd66070cdfeb6643e3aa67e4c6c7eb9b93eb2c48
                       b0e1e9e4850c9327d1a033884e7d209c
       Extensions: 
                       critical(true) BasicConstraints: isCa(true)
                       critical(true) KeyUsage: 0x6
                       critical(false) 2.5.29.17 value = Sequence
    Tagged [7] IMPLICIT 
        DER Octet String[4] 
    Tagged [2] IMPLICIT 
        DER Octet String[64] 

 from file: /tmp/junit1172224296877028512/junit7723045122117657616/scm-meta/om/certs/ROOTCA-1.crt.
2023-09-14 11:48:58,579 [Time-limited test] INFO  security.OMCertificateClient (DefaultCertificateClient.java:readCertificateFile(237)) - Added certificate   [0]         Version: 3
         SerialNumber: 1959281387279
             IssuerDN: CN=scm-1@fv-az240-193,OU=2e4c4fd6-4138-4921-83d5-56c55ace5a12,O=9b5dc792-94f7-495a-804a-94197503b969
           Start Date: Thu Sep 14 11:48:55 UTC 2023
           Final Date: Sun Oct 22 11:48:55 UTC 2028
            SubjectDN: CN=scm-sub-1959275273060@fv-az240-193,OU=2e4c4fd6-4138-4921-83d5-56c55ace5a12,O=9b5dc792-94f7-495a-804a-94197503b969
           Public Key: RSA Public Key [1c:a1:1e:93:ff:8f:1e:44:30:a6:d2:8a:cc:a5:12:5c:e2:ec:35:cf],[56:66:d1:a4]
        modulus: d842aee93678a3648d6168578dc30841ac0324dcc05562166f60c918dc067fa251c742d99f3e3de3207839e1f21cd412ae588b8a24cad214c93cbd56c718dd1b0375da99a6fd0442150b81aed5e7ca2b00bdb3cfead5b125bc39e851e822d8a650f4962a90b37864e90709a49711954ff3ee2c1bd4c5874270c87480d57d624571dfb5050e5200a912a9a085250803866c901a7f6242ab8151a731125d49feba64c3d349aa9446a2943f4aa68424bf19bfc375890e522fed31b1e4c44d19783b50d85929326312ad19cfe59f2caeb3158af6d20b21fb195794fb0cd5ec2332d450a67ee611396de5e8ded796a7823d5623b474556623969126e8f8d3fa9075f1
public exponent: 10001

  Signature Algorithm: SHA256WITHRSA
            Signature: 676577f0c9146f26db06f6b3df38d55b8286d76f
                       69bdb327c227e6286e33334d66e1faedb2359d5f
                       f6ae32033ea95e91a94076fb58e81cdd8cf374ce
                       68ca88f9967d3bf9117a5e49ca2586c1a632a77a
                       2a5ba060fcb0f5be3df47d3ca91f42035e17a22c
                       d4522e06ca53069f5bb609f33f46391c0ce73e93
                       e6804aaf9ac524892e432ea9ba4979419519218e
                       397b6d3879e37b71a371b655312455f21d263905
                       c1f1a9e6bb844ed116986616ead6d970748e44cf
                       99997034f15dcd47c2d817bb587e976f8df67427
                       80f22d55198539e6579a0fcef15ebb24531669c3
                       ae001560a91df7b57cb89e8ec8fad3f7f63513ac
                       91d596d72bc652ce8808e7099fddee25
       Extensions: 
                       critical(false) 2.5.29.17 value = Sequence
    Tagged [7] IMPLICIT 
        DER Octet String[4] 
    Tagged [2] IMPLICIT 
        DER Octet String[64] 

                       critical(true) BasicConstraints: isCa(true)
                       critical(true) KeyUsage: 0xbe
 from file: /tmp/junit1172224296877028512/junit7723045122117657616/scm-meta/om/certs/CA-1959281387279.crt.
2023-09-14 11:48:58,579 [Time-limited test] INFO  security.OMCertificateClient (DefaultCertificateClient.java:startCertificateRenewerService(1349)) - CertificateRenewerService for om is started with first delay 31535989421 ms and interval 3333 ms.
2023-09-14 11:48:58,595 [Time-limited test] INFO  om.OzoneManager (OzoneManager.java:<init>(665)) - OM start with adminUsers: [scm/fv-az240-193.bcold04rutgefduts2gkrghvsa.bx.internal.cloudapp.net@EXAMPLE.COM, scm]
2023-09-14 11:48:58,597 [Time-limited test] WARN  server.ServerUtils (ServerUtils.java:getDBPath(311)) - ozone.om.db.dirs is not configured. We recommend adding this setting. Falling back to ozone.metadata.dirs instead.
2023-09-14 11:48:58,597 [Time-limited test] INFO  helpers.OmKeyInfo (OmKeyInfo.java:getCodec(71)) - OmKeyInfo.getCodec ignorePipeline = true
2023-09-14 11:48:58,658 [Time-limited test] INFO  om.OzoneManager (OzoneManager.java:instantiateServices(794)) - S3 Multi-Tenancy is disabled
2023-09-14 11:48:58,659 [Time-limited test] INFO  security.OzoneSecretStore (OzoneSecretStore.java:loadState(69)) - Loaded 0 tokens
2023-09-14 11:48:58,659 [Time-limited test] INFO  security.OzoneDelegationTokenSecretManager (OzoneDelegationTokenSecretManager.java:loadTokenSecretState(530)) - Loading token state into token manager.
2023-09-14 11:48:58,659 [Time-limited test] INFO  om.OmSnapshotManager (OmSnapshotManager.java:<init>(174)) - Ozone filesystem snapshot feature is enabled.
2023-09-14 11:48:58,659 [Time-limited test] WARN  server.ServerUtils (ServerUtils.java:getDBPath(311)) - ozone.om.snapshot.diff.db.dir is not configured. We recommend adding this setting. Falling back to ozone.metadata.dirs instead.
2023-09-14 11:48:58,683 [Time-limited test] INFO  snapshot.SnapshotDiffManager (SnapshotDiffManager.java:closeExecutorService(1706)) - Shutting down executorService: 'SstDumpToolExecutor'
2023-09-14 11:48:58,686 [Time-limited test] WARN  server.ServerUtils (ServerUtils.java:getDefaultRatisDirectory(323)) - Storage directory for Ratis is not configured. It is a good idea to map this to an SSD disk. Falling back to ozone.metadata.dirs
2023-09-14 11:48:58,686 [Time-limited test] WARN  utils.OzoneManagerRatisUtils (OzoneManagerRatisUtils.java:getOMRatisSnapshotDirectory(464)) - ozone.om.ratis.snapshot.dir is not configured. Falling back to ozone.metadata.dirs config
2023-09-14 11:48:58,687 [Time-limited test] WARN  server.ServerUtils (ServerUtils.java:getDefaultRatisDirectory(323)) - Storage directory for Ratis is not configured. It is a good idea to map this to an SSD disk. Falling back to ozone.metadata.dirs
2023-09-14 11:48:58,688 [Time-limited test] INFO  ratis.OzoneManagerRatisServer (OzoneManagerRatisServer.java:<init>(163)) - Instantiating OM Ratis server with groupID: omServiceIdDefault and peers: fv-az240-193.bcold04rutgefduts2gkrghvsa.bx.internal.cloudapp.net:9872
2023-09-14 11:48:58,689 [Time-limited test] INFO  ratis.OzoneManagerStateMachine (OzoneManagerStateMachine.java:loadSnapshotInfoFromDB(687)) - LastAppliedIndex is set from TransactionInfo from OM DB as (t:0, i:~)
2023-09-14 11:48:58,690 [Time-limited test] INFO  server.RaftServer (ConfUtils.java:logGet(46)) - raft.rpc.type = GRPC (default)
2023-09-14 11:48:58,690 [Time-limited test] INFO  grpc.GrpcConfigKeys (ConfUtils.java:logFallback(53)) - raft.grpc.admin.host = null (fallback to raft.grpc.server.host)
2023-09-14 11:48:58,690 [Time-limited test] INFO  grpc.GrpcConfigKeys (ConfUtils.java:logFallback(53)) - raft.grpc.admin.port = 9872 (fallback to raft.grpc.server.port)
2023-09-14 11:48:58,690 [Time-limited test] INFO  grpc.GrpcConfigKeys (ConfUtils.java:logFallback(53)) - raft.grpc.client.host = null (fallback to raft.grpc.server.host)
2023-09-14 11:48:58,690 [Time-limited test] INFO  grpc.GrpcConfigKeys (ConfUtils.java:logFallback(53)) - raft.grpc.client.port = 9872 (fallback to raft.grpc.server.port)
2023-09-14 11:48:58,690 [Time-limited test] INFO  grpc.GrpcConfigKeys (ConfUtils.java:logGet(46)) - raft.grpc.server.host = null (default)
2023-09-14 11:48:58,690 [Time-limited test] INFO  grpc.GrpcConfigKeys (ConfUtils.java:logGet(46)) - raft.grpc.server.port = 9872 (custom)
2023-09-14 11:48:58,691 [Time-limited test] INFO  server.GrpcService (ConfUtils.java:logGet(46)) - raft.grpc.message.size.max = 33554432 (custom)
2023-09-14 11:48:58,691 [Time-limited test] INFO  server.RaftServerConfigKeys (ConfUtils.java:logGet(46)) - raft.server.log.appender.buffer.byte-limit = 33554432 (custom)
2023-09-14 11:48:58,691 [Time-limited test] INFO  server.GrpcService (ConfUtils.java:logGet(46)) - raft.grpc.flow.control.window = 1MB (=1048576) (default)
2023-09-14 11:48:58,691 [Time-limited test] INFO  server.RaftServerConfigKeys (ConfUtils.java:logGet(46)) - raft.server.rpc.request.timeout = 3000ms (default)
2023-09-14 11:48:58,691 [Time-limited test] INFO  grpc.GrpcConfigKeys (ConfUtils.java:logGet(46)) - raft.grpc.server.heartbeat.channel = true (default)
2023-09-14 11:48:58,691 [Time-limited test] INFO  grpc.GrpcConfigKeys (ConfUtils.java:logGet(46)) - raft.grpc.server.async.request.thread.pool.cached = true (default)
2023-09-14 11:48:58,691 [Time-limited test] INFO  grpc.GrpcConfigKeys (ConfUtils.java:logGet(46)) - raft.grpc.server.async.request.thread.pool.size = 32 (default)
2023-09-14 11:48:58,692 [Time-limited test] INFO  impl.DataStreamServerImpl (ConfUtils.java:logGet(46)) - raft.datastream.type = DISABLED (default)
2023-09-14 11:48:58,692 [Time-limited test] INFO  server.RaftServerConfigKeys (ConfUtils.java:logGet(46)) - raft.server.threadpool.proxy.cached = true (default)
2023-09-14 11:48:58,693 [Time-limited test] INFO  server.RaftServerConfigKeys (ConfUtils.java:logGet(46)) - raft.server.threadpool.proxy.size = 0 (default)
2023-09-14 11:48:58,693 [Time-limited test] INFO  server.RaftServerConfigKeys (ConfUtils.java:logGet(46)) - raft.server.rpc.slowness.timeout = 120s (custom)
2023-09-14 11:48:58,693 [Time-limited test] INFO  server.RaftServerConfigKeys (ConfUtils.java:logGet(46)) - raft.server.leaderelection.leader.step-down.wait-time = 10s (default)
2023-09-14 11:48:58,693 [Time-limited test] INFO  server.RaftServerConfigKeys (ConfUtils.java:logGet(46)) - raft.server.storage.dir = [/tmp/junit1172224296877028512/junit7723045122117657616/scm-meta/ratis] (custom)
2023-09-14 11:48:58,702 [Time-limited test] INFO  server.RaftServer (RaftServerProxy.java:addNew(98)) - om1: addNew group-C5BA1605619E:[om1|rpc:fv-az240-193.bcold04rutgefduts2gkrghvsa.bx.internal.cloudapp.net:9872|priority:0|startupRole:FOLLOWER] returns group-C5BA1605619E:java.util.concurrent.CompletableFuture@2b2e39c9[Not completed]
2023-09-14 11:48:58,702 [Time-limited test] INFO  om.OzoneManager (OzoneManager.java:initializeRatisServer(2148)) - OzoneManager Ratis server initialized at port 9872
2023-09-14 11:48:58,702 [Time-limited test] INFO  om.OzoneManager (OzoneManager.java:getRpcServer(1196)) - Creating RPC Server
2023-09-14 11:48:58,703 [om1-groupManagement] INFO  server.RaftServer$Division (RaftServerImpl.java:<init>(198)) - om1: new RaftServerImpl for group-C5BA1605619E:[om1|rpc:fv-az240-193.bcold04rutgefduts2gkrghvsa.bx.internal.cloudapp.net:9872|priority:0|startupRole:FOLLOWER] with OzoneManagerStateMachine:uninitialized
2023-09-14 11:48:58,731 [om1-groupManagement] INFO  server.RaftServerConfigKeys (ConfUtils.java:logGet(46)) - raft.server.rpc.timeout.min = 5s (custom)
2023-09-14 11:48:58,731 [om1-groupManagement] INFO  server.RaftServerConfigKeys (ConfUtils.java:logGet(46)) - raft.server.rpc.timeout.max = 5200ms (custom)
2023-09-14 11:48:58,731 [om1-groupManagement] INFO  server.RaftServerConfigKeys (ConfUtils.java:logGet(46)) - raft.server.rpc.sleep.time = 25ms (default)
2023-09-14 11:48:58,731 [om1-groupManagement] INFO  server.RaftServerConfigKeys (ConfUtils.java:logGet(46)) - raft.server.rpc.slowness.timeout = 120s (custom)
2023-09-14 11:48:58,731 [om1-groupManagement] INFO  server.RaftServerConfigKeys (ConfUtils.java:logGet(46)) - raft.server.leaderelection.leader.step-down.wait-time = 10s (default)
2023-09-14 11:48:58,731 [om1-groupManagement] INFO  server.RaftServerConfigKeys (ConfUtils.java:logGet(46)) - raft.server.sleep.deviation.threshold = 300ms (default)
2023-09-14 11:48:58,731 [om1-groupManagement] INFO  server.RaftServer$Division (ServerState.java:<init>(120)) - om1@group-C5BA1605619E: ConfigurationManager, init=-1: peers:[om1|rpc:fv-az240-193.bcold04rutgefduts2gkrghvsa.bx.internal.cloudapp.net:9872|priority:0|startupRole:FOLLOWER]|listeners:[], old=null, confs=<EMPTY_MAP>
2023-09-14 11:48:58,732 [om1-groupManagement] INFO  server.RaftServerConfigKeys (ConfUtils.java:logGet(46)) - raft.server.storage.dir = [/tmp/junit1172224296877028512/junit7723045122117657616/scm-meta/ratis] (custom)
2023-09-14 11:48:58,732 [om1-groupManagement] INFO  server.RaftServerConfigKeys (ConfUtils.java:logGet(46)) - raft.server.log.corruption.policy = EXCEPTION (default)
2023-09-14 11:48:58,732 [om1-groupManagement] INFO  server.RaftServerConfigKeys (ConfUtils.java:logGet(46)) - raft.server.storage.free-space.min = 0MB (=0) (default)
2023-09-14 11:48:58,732 [om1-groupManagement] INFO  server.RaftServerConfigKeys (ConfUtils.java:logGet(46)) - raft.server.notification.no-leader.timeout = 120s (custom)
2023-09-14 11:48:58,732 [om1-groupManagement] INFO  server.RaftServerConfigKeys (ConfUtils.java:logGet(46)) - raft.server.read.timeout = 10s (default)
2023-09-14 11:48:58,732 [om1-groupManagement] INFO  server.RaftServerConfigKeys (ConfUtils.java:logGet(46)) - raft.server.retrycache.expirytime = 300s (custom)
2023-09-14 11:48:58,732 [om1-groupManagement] INFO  server.RaftServerConfigKeys (ConfUtils.java:logGet(46)) - raft.server.retrycache.statistics.expirytime = 100μs (default)
2023-09-14 11:48:58,732 [om1-groupManagement] INFO  server.RaftServerConfigKeys (ConfUtils.java:logGet(46)) - raft.server.read.option = DEFAULT (default)
2023-09-14 11:48:58,733 [om1-groupManagement] INFO  server.RaftServerConfigKeys (ConfUtils.java:logGet(46)) - raft.server.rpc.request.timeout = 3000ms (default)
2023-09-14 11:48:58,733 [om1-groupManagement] INFO  server.RaftServerConfigKeys (ConfUtils.java:logGet(46)) - raft.server.log.appender.install.snapshot.enabled = false (custom)
2023-09-14 11:48:58,733 [om1-groupManagement] INFO  server.RaftServerConfigKeys (ConfUtils.java:logGet(46)) - raft.server.threadpool.server.cached = true (default)
2023-09-14 11:48:58,733 [om1-groupManagement] INFO  server.RaftServerConfigKeys (ConfUtils.java:logGet(46)) - raft.server.threadpool.server.size = 0 (default)
2023-09-14 11:48:58,733 [om1-groupManagement] INFO  server.RaftServerConfigKeys (ConfUtils.java:logGet(46)) - raft.server.threadpool.client.cached = true (default)
2023-09-14 11:48:58,733 [om1-groupManagement] INFO  server.RaftServerConfigKeys (ConfUtils.java:logGet(46)) - raft.server.threadpool.client.size = 0 (default)
2023-09-14 11:48:59,290 [Time-limited test] INFO  reflections.Reflections (Reflections.java:scan(232)) - Reflections took 585 ms to scan 20 urls, producing 70 keys and 6001 values [using 2 cores]
2023-09-14 11:48:59,291 [Time-limited test] INFO  ipc.CallQueueManager (CallQueueManager.java:<init>(90)) - Using callQueue: class java.util.concurrent.LinkedBlockingQueue, queueCapacity: 10000, scheduler: class org.apache.hadoop.ipc.DefaultRpcScheduler, ipcBackoff: false.
2023-09-14 11:48:59,292 [Time-limited test] INFO  ipc.Server (Server.java:<init>(1287)) - Listener at fv-az240-193.bcold04rutgefduts2gkrghvsa.bx.internal.cloudapp.net:1202
2023-09-14 11:48:59,292 [Socket Reader #1 for port 1202] INFO  ipc.Server (Server.java:run(1323)) - Starting Socket Reader #1 for port 1202
2023-09-14 11:48:59,852 [Time-limited test] INFO  server.StorageContainerManager (StorageContainerManager.java:stop(1591)) - Container Balancer is not running.
2023-09-14 11:48:59,852 [Time-limited test] INFO  server.StorageContainerManager (StorageContainerManager.java:stopReplicationManager(1724)) - Stopping Replication Manager Service.
2023-09-14 11:48:59,852 [Time-limited test] INFO  replication.ReplicationManager (ReplicationManager.java:stop(323)) - Stopping Replication Monitor Thread.
2023-09-14 11:48:59,893 [ReplicationMonitor] INFO  replication.ReplicationManager (ReplicationManager.java:run(921)) - Replication Monitor Thread is stopped
2023-09-14 11:48:59,893 [Time-limited test] INFO  server.StorageContainerManager (StorageContainerManager.java:stop(1600)) - Stopping the Datanode Admin Monitor.
2023-09-14 11:48:59,893 [Time-limited test] INFO  server.StorageContainerManager (StorageContainerManager.java:stop(1607)) - Stopping datanode service RPC server
2023-09-14 11:48:59,893 [Time-limited test] INFO  server.SCMDatanodeProtocolServer (SCMDatanodeProtocolServer.java:stop(424)) - Stopping the RPC server for DataNodes
2023-09-14 11:48:59,893 [Time-limited test] INFO  ipc.Server (Server.java:stop(3523)) - Stopping server on 9861
2023-09-14 11:48:59,900 [Under Replicated Processor] WARN  replication.UnhealthyReplicationProcessor (UnhealthyReplicationProcessor.java:run(180)) - Under Replicated Processor interrupted. Exiting...
2023-09-14 11:48:59,900 [Over Replicated Processor] WARN  replication.UnhealthyReplicationProcessor (UnhealthyReplicationProcessor.java:run(180)) - Over Replicated Processor interrupted. Exiting...
2023-09-14 11:48:59,907 [IPC Server listener on 9861] INFO  ipc.Server (Server.java:run(1434)) - Stopping IPC Server listener on 9861
2023-09-14 11:48:59,908 [IPC Server Responder] INFO  ipc.Server (Server.java:run(1567)) - Stopping IPC Server Responder
2023-09-14 11:49:01,243 [SCM Heartbeat Processing Thread - 0] WARN  node.NodeStateManager (NodeStateManager.java:scheduleNextHealthCheck(874)) - Current Thread is interrupted, shutting down HB processing thread for Node Manager.
2023-09-14 11:49:01,244 [Time-limited test] INFO  server.StorageContainerManager (StorageContainerManager.java:stop(1615)) - Stopping block service RPC server
2023-09-14 11:49:01,244 [Time-limited test] INFO  server.SCMBlockProtocolServer (SCMBlockProtocolServer.java:stop(163)) - Stopping the RPC server for Block Protocol
2023-09-14 11:49:01,244 [Time-limited test] INFO  ipc.Server (Server.java:stop(3523)) - Stopping server on 9863
2023-09-14 11:49:01,251 [IPC Server listener on 9863] INFO  ipc.Server (Server.java:run(1434)) - Stopping IPC Server listener on 9863
2023-09-14 11:49:01,252 [IPC Server Responder] INFO  ipc.Server (Server.java:run(1567)) - Stopping IPC Server Responder
2023-09-14 11:49:01,254 [Time-limited test] INFO  server.StorageContainerManager (StorageContainerManager.java:stop(1622)) - Stopping the StorageContainerLocationProtocol RPC server
2023-09-14 11:49:01,254 [Time-limited test] INFO  server.SCMClientProtocolServer (SCMClientProtocolServer.java:stop(210)) - Stopping the RPC server for Client Protocol
2023-09-14 11:49:01,254 [Time-limited test] INFO  ipc.Server (Server.java:stop(3523)) - Stopping server on 9860
2023-09-14 11:49:01,265 [Time-limited test] INFO  server.StorageContainerManager (StorageContainerManager.java:stop(1629)) - Stopping Storage Container Manager HTTP server.
2023-09-14 11:49:01,265 [Time-limited test] INFO  handler.ContextHandler (ContextHandler.java:doStop(1159)) - Stopped o.e.j.w.WebAppContext@2d31a822{scm,/,null,STOPPED}{file:/home/runner/work/ozone/ozone/hadoop-ozone/integration-test/target/test-classes/webapps/scm}
2023-09-14 11:49:01,266 [IPC Server listener on 9860] INFO  ipc.Server (Server.java:run(1434)) - Stopping IPC Server listener on 9860
2023-09-14 11:49:01,266 [IPC Server Responder] INFO  ipc.Server (Server.java:run(1567)) - Stopping IPC Server Responder
2023-09-14 11:49:01,268 [Time-limited test] INFO  server.AbstractConnector (AbstractConnector.java:doStop(383)) - Stopped ServerConnector@89ba62b{HTTP/1.1, (http/1.1)}{0.0.0.0:9876}
2023-09-14 11:49:01,268 [Time-limited test] INFO  server.session (HouseKeeper.java:stopScavenging(149)) - node0 Stopped scavenging
2023-09-14 11:49:01,268 [Time-limited test] INFO  handler.ContextHandler (ContextHandler.java:doStop(1159)) - Stopped o.e.j.s.ServletContextHandler@426954e{static,/static,file:///home/runner/work/ozone/ozone/hadoop-ozone/integration-test/target/test-classes/webapps/static,STOPPED}
2023-09-14 11:49:01,268 [Time-limited test] INFO  handler.ContextHandler (ContextHandler.java:doStop(1159)) - Stopped o.e.j.s.ServletContextHandler@63c781c0{logs,/logs,file:///home/runner/work/ozone/ozone/hadoop-ozone/integration-test/target/log,STOPPED}
2023-09-14 11:49:01,270 [Time-limited test] INFO  server.StorageContainerManager (StorageContainerManager.java:stop(1637)) - Stopping SCM LayoutVersionManager Service.
2023-09-14 11:49:01,270 [Time-limited test] INFO  server.SCMSecurityProtocolServer (SCMSecurityProtocolServer.java:stop(550)) - Stopping the SCMSecurityProtocolServer.
2023-09-14 11:49:01,270 [Time-limited test] INFO  ipc.Server (Server.java:stop(3523)) - Stopping server on 9961
2023-09-14 11:49:01,273 [Time-limited test] INFO  server.SCMUpdateServiceGrpcServer (SCMUpdateServiceGrpcServer.java:stop(73)) - SCMUpdateService stopping
2023-09-14 11:49:01,273 [IPC Server listener on 9961] INFO  ipc.Server (Server.java:run(1434)) - Stopping IPC Server listener on 9961
2023-09-14 11:49:01,273 [IPC Server Responder] INFO  ipc.Server (Server.java:run(1567)) - Stopping IPC Server Responder
2023-09-14 11:49:01,275 [Time-limited test] INFO  server.SCMUpdateServiceGrpcServer (SCMUpdateServiceGrpcServer.java:stop(85)) - SCMUpdateService stopped!
2023-09-14 11:49:01,275 [Time-limited test] INFO  server.StorageContainerManager (StorageContainerManager.java:stop(1649)) - Stopping Block Manager Service.
2023-09-14 11:49:01,275 [Time-limited test] INFO  utils.BackgroundService (BackgroundService.java:shutdown(141)) - Shutting down service SCMBlockDeletingService
2023-09-14 11:49:01,276 [Time-limited test] INFO  utils.BackgroundService (BackgroundService.java:shutdown(141)) - Shutting down service SCMBlockDeletingService
2023-09-14 11:49:01,276 [Time-limited test] INFO  server.StorageContainerManager (StorageContainerManager.java:stop(1669)) - Stopping SCM Event Queue.
2023-09-14 11:49:01,277 [JvmPauseMonitor1] INFO  util.JvmPauseMonitor (JvmPauseMonitor.java:run(109)) - JvmPauseMonitor-2e4c4fd6-4138-4921-83d5-56c55ace5a12: Stopped
2023-09-14 11:49:01,277 [Time-limited test] INFO  server.StorageContainerManager (StorageContainerManager.java:stop(1680)) - Stopping SCM HA services.
2023-09-14 11:49:01,277 [Time-limited test] INFO  pipeline.BackgroundPipelineCreator (BackgroundPipelineCreator.java:stop(149)) - Stopping RatisPipelineUtilsThread.
2023-09-14 11:49:01,277 [RatisPipelineUtilsThread - 0] WARN  pipeline.BackgroundPipelineCreator (BackgroundPipelineCreator.java:run(180)) - RatisPipelineUtilsThread is interrupted.
2023-09-14 11:49:01,277 [Time-limited test] INFO  BackgroundPipelineScrubber (BackgroundSCMService.java:stop(131)) - Stopping BackgroundPipelineScrubber Service.
2023-09-14 11:49:01,277 [BackgroundPipelineScrubberThread] WARN  BackgroundPipelineScrubber (BackgroundSCMService.java:run(115)) - BackgroundPipelineScrubber is interrupted, exit
2023-09-14 11:49:01,281 [Time-limited test] INFO  impl.MetricsSystemImpl (MetricsSystemImpl.java:stop(210)) - Stopping StorageContainerManager metrics system...
2023-09-14 11:49:01,282 [prometheus] INFO  impl.MetricsSinkAdapter (MetricsSinkAdapter.java:publishMetricsFromQueue(141)) - prometheus thread interrupted.
2023-09-14 11:49:01,282 [Time-limited test] INFO  impl.MetricsSystemImpl (MetricsSystemImpl.java:stop(216)) - StorageContainerManager metrics system stopped.
2023-09-14 11:49:01,282 [Time-limited test] WARN  pipeline.BackgroundPipelineCreator (BackgroundPipelineCreator.java:stop(145)) - RatisPipelineUtilsThread is not running, just ignore.
2023-09-14 11:49:01,282 [Time-limited test] INFO  BackgroundPipelineScrubber (BackgroundSCMService.java:stop(126)) - BackgroundPipelineScrubber Service is not running, skip stop.
2023-09-14 11:49:01,282 [Time-limited test] INFO  ExpiredContainerReplicaOpScrubber (BackgroundSCMService.java:stop(131)) - Stopping ExpiredContainerReplicaOpScrubber Service.
2023-09-14 11:49:01,283 [ExpiredContainerReplicaOpScrubberThread] WARN  ExpiredContainerReplicaOpScrubber (BackgroundSCMService.java:run(115)) - ExpiredContainerReplicaOpScrubber is interrupted, exit
2023-09-14 11:49:01,283 [Time-limited test] INFO  utils.BackgroundService (BackgroundService.java:shutdown(141)) - Shutting down service SCMBlockDeletingService
2023-09-14 11:49:01,283 [Time-limited test] INFO  replication.ReplicationManager (ReplicationManager.java:stop(333)) - Replication Monitor Thread is not running.
2023-09-14 11:49:01,283 [Time-limited test] WARN  balancer.ContainerBalancer (ContainerBalancer.java:stop(326)) - Cannot stop Container Balancer because it's not running or stopping
2023-09-14 11:49:01,283 [Time-limited test] INFO  server.StorageContainerManager (StorageContainerManager.java:stop(1715)) - Stopping SCM MetadataStore.
2023-09-14 11:49:01,284 [Lease Manager-LeaseManager#LeaseMonitor] WARN  lease.LeaseManager (LeaseManager.java:run(272)) - Lease manager is interrupted. Shutting down...
java.lang.InterruptedException
	at java.util.concurrent.locks.AbstractQueuedSynchronizer.doAcquireSharedNanos(AbstractQueuedSynchronizer.java:1039)
	at java.util.concurrent.locks.AbstractQueuedSynchronizer.tryAcquireSharedNanos(AbstractQueuedSynchronizer.java:1328)
	at java.util.concurrent.Semaphore.tryAcquire(Semaphore.java:409)
	at org.apache.hadoop.ozone.lease.LeaseManager$LeaseMonitor.run(LeaseManager.java:270)
	at java.lang.Thread.run(Thread.java:750)
2023-09-14 11:49:01,285 [Time-limited test] INFO  impl.DefaultInternalKdcServerImpl (DefaultInternalKdcServerImpl.java:doStop(102)) - Default Internal kdc server stopped.
2023-09-14 11:49:02,285 [Time-limited test] INFO  minikdc.MiniKdc (MiniKdc.java:stop(359)) - MiniKdc stopped.
2023-09-14 11:49:02,285 [Time-limited test] INFO  server.StorageContainerManager (StorageContainerManager.java:stop(1580)) - Storage Container Manager is not running.
2023-09-14 11:49:02,285 [Time-limited test] INFO  server.StorageContainerManager (StorageContainerManager.java:stopReplicationManager(1724)) - Stopping Replication Manager Service.
2023-09-14 11:49:02,285 [Time-limited test] INFO  replication.ReplicationManager (ReplicationManager.java:stop(333)) - Replication Monitor Thread is not running.
2023-09-14 11:49:02,285 [Time-limited test] INFO  server.SCMSecurityProtocolServer (SCMSecurityProtocolServer.java:join(560)) - Join RPC server for SCMSecurityProtocolServer.
2023-09-14 11:49:02,285 [Time-limited test] INFO  server.SCMSecurityProtocolServer (SCMSecurityProtocolServer.java:join(562)) - Join gRPC server for SCMSecurityProtocolServer.
2023-09-14 11:49:02,286 [Time-limited test] INFO  om.OzoneManager (OzoneManager.java:stop(2207)) - om1[fv-az240-193.bcold04rutgefduts2gkrghvsa.bx.internal.cloudapp.net:1202]: Stopping Ozone Manager
2023-09-14 11:49:02,286 [Time-limited test] INFO  ipc.Server (Server.java:stop(3523)) - Stopping server on 1202
2023-09-14 11:49:06,313 [Time-limited test] INFO  om.GrpcOzoneManagerServer (GrpcOzoneManagerServer.java:stop(192)) - Server GrpcOzoneManagerServer is shutdown
2023-09-14 11:49:06,314 [Time-limited test] INFO  ratis.OzoneManagerStateMachine (OzoneManagerStateMachine.java:close(534)) - StateMachine has shutdown. Shutdown OzoneManager if not already shutdown.
2023-09-14 11:49:06,314 [Time-limited test] INFO  ratis.OzoneManagerDoubleBuffer (OzoneManagerDoubleBuffer.java:stopDaemon(551)) - Stopping OMDoubleBuffer flush thread
2023-09-14 11:49:06,314 [OMDoubleBufferFlushThread] INFO  ratis.OzoneManagerDoubleBuffer (OzoneManagerDoubleBuffer.java:canFlush(638)) - OMDoubleBuffer flush thread OMDoubleBufferFlushThread is interrupted and will exit.
2023-09-14 11:49:06,314 [Time-limited test] INFO  om.OzoneManager (OzoneManager.java:stopSecretManager(1066)) - Stopping secret key client.
2023-09-14 11:49:06,314 [Time-limited test] INFO  om.OzoneManager (OzoneManager.java:stopSecretManager(1071)) - Stopping OM delegation token secret manager.
2023-09-14 11:49:06,314 [Time-limited test] INFO  rocksdiff.RocksDBCheckpointDiffer (RocksDBCheckpointDiffer.java:close(343)) - Shutting down CompactionDagPruningService.
2023-09-14 11:49:06,316 [Time-limited test] INFO  snapshot.SnapshotDiffManager (SnapshotDiffManager.java:closeExecutorService(1706)) - Shutting down executorService: 'SnapDiffExecutor'
2023-09-14 11:49:06,316 [Time-limited test] INFO  snapshot.SnapshotDiffManager (SnapshotDiffManager.java:closeExecutorService(1706)) - Shutting down executorService: 'SstDumpToolExecutor'
2023-09-14 11:49:06,316 [Time-limited test] INFO  utils.BackgroundService (BackgroundService.java:shutdown(141)) - Shutting down service SnapshotDiffCleanupService
]]></system-out>
  </testcase>
  <testcase name="testGetSetRevokeS3Secret" classname="org.apache.hadoop.ozone.TestSecureOzoneCluster" time="10.245">
    <system-out><![CDATA[2023-09-14 11:49:06,346 [Time-limited test] INFO  net.ServerSocketUtil (ServerSocketUtil.java:getPort(55)) - Using port 9860
2023-09-14 11:49:06,346 [Time-limited test] INFO  net.ServerSocketUtil (ServerSocketUtil.java:getPort(55)) - Using port 9861
2023-09-14 11:49:06,346 [Time-limited test] INFO  net.ServerSocketUtil (ServerSocketUtil.java:getPort(55)) - Using port 9863
2023-09-14 11:49:06,346 [Time-limited test] INFO  net.ServerSocketUtil (ServerSocketUtil.java:getPort(55)) - Using port 9961
2023-09-14 11:49:06,346 [Time-limited test] INFO  net.ServerSocketUtil (ServerSocketUtil.java:getPort(55)) - Using port 1200
2023-09-14 11:49:06,346 [Time-limited test] INFO  net.ServerSocketUtil (ServerSocketUtil.java:getPort(55)) - Using port 1201
2023-09-14 11:49:06,347 [Time-limited test] INFO  minikdc.MiniKdc (MiniKdc.java:<init>(225)) - Configuration:
2023-09-14 11:49:06,347 [Time-limited test] INFO  minikdc.MiniKdc (MiniKdc.java:<init>(226)) - ---------------------------------------------------------------
2023-09-14 11:49:06,347 [Time-limited test] INFO  minikdc.MiniKdc (MiniKdc.java:<init>(228)) -   debug: false
2023-09-14 11:49:06,347 [Time-limited test] INFO  minikdc.MiniKdc (MiniKdc.java:<init>(228)) -   transport: TCP
2023-09-14 11:49:06,347 [Time-limited test] INFO  minikdc.MiniKdc (MiniKdc.java:<init>(228)) -   max.ticket.lifetime: 86400000
2023-09-14 11:49:06,347 [Time-limited test] INFO  minikdc.MiniKdc (MiniKdc.java:<init>(228)) -   org.name: EXAMPLE
2023-09-14 11:49:06,347 [Time-limited test] INFO  minikdc.MiniKdc (MiniKdc.java:<init>(228)) -   kdc.port: 0
2023-09-14 11:49:06,347 [Time-limited test] INFO  minikdc.MiniKdc (MiniKdc.java:<init>(228)) -   org.domain: COM
2023-09-14 11:49:06,347 [Time-limited test] INFO  minikdc.MiniKdc (MiniKdc.java:<init>(228)) -   max.renewable.lifetime: 604800000
2023-09-14 11:49:06,347 [Time-limited test] INFO  minikdc.MiniKdc (MiniKdc.java:<init>(228)) -   instance: DefaultKrbServer
2023-09-14 11:49:06,347 [Time-limited test] INFO  minikdc.MiniKdc (MiniKdc.java:<init>(228)) -   kdc.bind.address: localhost
2023-09-14 11:49:06,347 [Time-limited test] INFO  minikdc.MiniKdc (MiniKdc.java:<init>(230)) - ---------------------------------------------------------------
2023-09-14 11:49:06,349 [Time-limited test] INFO  minikdc.MiniKdc (MiniKdc.java:start(285)) - MiniKdc started.
2023-09-14 11:49:06,838 [Time-limited test] INFO  om.OzoneManager (OzoneManager.java:getOmDetailsProto(4573)) - OzoneManager ports added:[name: "RPC"
value: 1202
]
2023-09-14 11:49:06,838 [Time-limited test] WARN  server.ServerUtils (ServerUtils.java:getDBPath(311)) - ozone.om.db.dirs is not configured. We recommend adding this setting. Falling back to ozone.metadata.dirs instead.
2023-09-14 11:49:06,840 [Time-limited test] INFO  ha.OMHANodeDetails (OMHANodeDetails.java:loadOMHAConfig(115)) - ozone.om.internal.service.id is not defined, falling back to ozone.om.service.ids to find serviceID for OzoneManager if it is HA enabled cluster
2023-09-14 11:49:06,840 [Time-limited test] INFO  ha.OMHANodeDetails (OMHANodeDetails.java:loadOMHAConfig(226)) - Configuration does not have ozone.om.address set. Falling back to the default OM address fv-az240-193.bcold04rutgefduts2gkrghvsa.bx.internal.cloudapp.net/10.1.136.0:1202
2023-09-14 11:49:06,841 [Time-limited test] INFO  ha.OMHANodeDetails (OMHANodeDetails.java:getOMNodeDetailsForNonHA(254)) - OM Service ID is not set. Setting it to the default ID: omServiceIdDefault
2023-09-14 11:49:06,841 [Time-limited test] INFO  ha.OMHANodeDetails (OMHANodeDetails.java:getOMNodeDetailsForNonHA(261)) - OM Node ID is not set. Setting it to the default ID: om1
2023-09-14 11:49:06,841 [Time-limited test] WARN  server.ServerUtils (ServerUtils.java:getDBPath(311)) - ozone.om.db.dirs is not configured. We recommend adding this setting. Falling back to ozone.metadata.dirs instead.
2023-09-14 11:49:06,842 [Time-limited test] INFO  upgrade.AbstractLayoutVersionManager (AbstractLayoutVersionManager.java:init(83)) - Initializing Layout version manager with metadata layout = QUOTA (version = 6), software layout = QUOTA (version = 6)
2023-09-14 11:49:06,927 [Time-limited test] INFO  reflections.Reflections (Reflections.java:scan(232)) - Reflections took 84 ms to scan 2 urls, producing 187 keys and 515 values [using 2 cores]
2023-09-14 11:49:06,928 [Time-limited test] INFO  upgrade.OMLayoutVersionManager (OMLayoutVersionManager.java:lambda$0(115)) - Skipping Upgrade Action MockOmUpgradeAction since it has been finalized.
2023-09-14 11:49:06,928 [Time-limited test] INFO  upgrade.OMLayoutVersionManager (OMLayoutVersionManager.java:lambda$0(115)) - Skipping Upgrade Action QuotaRepairUpgradeAction since it has been finalized.
2023-09-14 11:49:06,931 [pool-139-thread-1] INFO  request.KdcRequest (KdcRequest.java:preauth(651)) - The preauth data is empty.
2023-09-14 11:49:06,932 [pool-139-thread-1] INFO  server.KdcHandler (KdcHandler.java:handleRecoverableException(177)) - KRB error occurred while processing request:Additional pre-authentication required
2023-09-14 11:49:06,948 [pool-139-thread-2] INFO  request.AsRequest (AsRequest.java:issueTicket(112)) - AS_REQ ISSUE: authtime 1694692146948,om/fv-az240-193.bcold04rutgefduts2gkrghvsa.bx.internal.cloudapp.net@EXAMPLE.COM for krbtgt/EXAMPLE.COM@EXAMPLE.COM
2023-09-14 11:49:06,951 [Time-limited test] INFO  security.UserGroupInformation (UserGroupInformation.java:loginUserFromKeytab(1132)) - Login successful for user om/fv-az240-193.bcold04rutgefduts2gkrghvsa.bx.internal.cloudapp.net@EXAMPLE.COM using keytab file om.keytab. Keytab auto renewal enabled : false
2023-09-14 11:49:06,951 [Time-limited test] INFO  om.OzoneManager (OzoneManager.java:loginOMUser(1164)) - Ozone Manager login successful.
2023-09-14 11:49:06,951 [Time-limited test] WARN  server.ServerUtils (ServerUtils.java:getDBPath(311)) - ozone.om.db.dirs is not configured. We recommend adding this setting. Falling back to ozone.metadata.dirs instead.
2023-09-14 11:49:06,952 [Time-limited test] INFO  proxy.SCMBlockLocationFailoverProxyProvider (SCMBlockLocationFailoverProxyProvider.java:<init>(114)) - Created block location fail-over proxy with 1 nodes: [nodeId=scmNodeId,nodeAddress=localhost/127.0.0.1:9863]
2023-09-14 11:49:06,953 [Time-limited test] INFO  om.OzoneManager (OzoneManager.java:getOmDetailsProto(4573)) - OzoneManager ports added:[name: "RPC"
value: 1202
]
2023-09-14 11:49:06,954 [Time-limited test] INFO  security.OMCertificateClient (DefaultCertificateClient.java:updateCertSerialId(1244)) - Certificate serial ID set to 9879877970576
2023-09-14 11:49:06,954 [Time-limited test] WARN  security.OMCertificateClient (DefaultCertificateClient.java:loadAllCertificates(173)) - Certificates could not be loaded.
java.nio.file.NoSuchFileException: /tmp/junit7087100724380721423/junit2818044213736716720/om-meta/om/certs
	at sun.nio.fs.UnixException.translateToIOException(UnixException.java:86)
	at sun.nio.fs.UnixException.rethrowAsIOException(UnixException.java:102)
	at sun.nio.fs.UnixException.rethrowAsIOException(UnixException.java:107)
	at sun.nio.fs.UnixFileSystemProvider.newDirectoryStream(UnixFileSystemProvider.java:427)
	at java.nio.file.Files.newDirectoryStream(Files.java:457)
	at java.nio.file.Files.list(Files.java:3451)
	at org.apache.hadoop.hdds.security.x509.certificate.client.DefaultCertificateClient.loadAllCertificates(DefaultCertificateClient.java:168)
	at org.apache.hadoop.hdds.security.x509.certificate.client.DefaultCertificateClient.updateCertSerialId(DefaultCertificateClient.java:1245)
	at org.apache.hadoop.hdds.security.x509.certificate.client.DefaultCertificateClient.<init>(DefaultCertificateClient.java:157)
	at org.apache.hadoop.hdds.security.x509.certificate.client.CommonCertificateClient.<init>(CommonCertificateClient.java:49)
	at org.apache.hadoop.ozone.security.OMCertificateClient.<init>(OMCertificateClient.java:68)
	at org.apache.hadoop.ozone.om.OzoneManager.<init>(OzoneManager.java:643)
	at org.apache.hadoop.ozone.om.OzoneManager.createOm(OzoneManager.java:757)
	at org.apache.hadoop.ozone.TestSecureOzoneCluster.setupOm(TestSecureOzoneCluster.java:701)
	at org.apache.hadoop.ozone.TestSecureOzoneCluster.testGetSetRevokeS3Secret(TestSecureOzoneCluster.java:708)
	at sun.reflect.NativeMethodAccessorImpl.invoke0(Native Method)
	at sun.reflect.NativeMethodAccessorImpl.invoke(NativeMethodAccessorImpl.java:62)
	at sun.reflect.DelegatingMethodAccessorImpl.invoke(DelegatingMethodAccessorImpl.java:43)
	at java.lang.reflect.Method.invoke(Method.java:498)
	at org.junit.runners.model.FrameworkMethod$1.runReflectiveCall(FrameworkMethod.java:59)
	at org.junit.internal.runners.model.ReflectiveCallable.run(ReflectiveCallable.java:12)
	at org.junit.runners.model.FrameworkMethod.invokeExplosively(FrameworkMethod.java:56)
	at org.junit.internal.runners.statements.InvokeMethod.evaluate(InvokeMethod.java:17)
	at org.junit.internal.runners.statements.RunBefores.evaluate(RunBefores.java:26)
	at org.junit.internal.runners.statements.RunAfters.evaluate(RunAfters.java:27)
	at org.junit.rules.ExternalResource$1.evaluate(ExternalResource.java:54)
	at org.junit.internal.runners.statements.FailOnTimeout$CallableStatement.call(FailOnTimeout.java:288)
	at org.junit.internal.runners.statements.FailOnTimeout$CallableStatement.call(FailOnTimeout.java:282)
	at java.util.concurrent.FutureTask.run(FutureTask.java:266)
	at java.lang.Thread.run(Thread.java:750)
2023-09-14 11:49:06,956 [Time-limited test] INFO  om.OzoneManager (OzoneManager.java:<init>(665)) - OM start with adminUsers: [scm/fv-az240-193.bcold04rutgefduts2gkrghvsa.bx.internal.cloudapp.net@EXAMPLE.COM, om]
2023-09-14 11:49:06,956 [Time-limited test] WARN  server.ServerUtils (ServerUtils.java:getDBPath(311)) - ozone.om.db.dirs is not configured. We recommend adding this setting. Falling back to ozone.metadata.dirs instead.
2023-09-14 11:49:06,957 [Time-limited test] INFO  helpers.OmKeyInfo (OmKeyInfo.java:getCodec(71)) - OmKeyInfo.getCodec ignorePipeline = true
2023-09-14 11:49:07,129 [Time-limited test] INFO  om.OzoneManager (OzoneManager.java:instantiateServices(794)) - S3 Multi-Tenancy is disabled
2023-09-14 11:49:07,129 [Time-limited test] INFO  security.OzoneSecretStore (OzoneSecretStore.java:loadState(69)) - Loaded 0 tokens
2023-09-14 11:49:07,129 [Time-limited test] INFO  security.OzoneDelegationTokenSecretManager (OzoneDelegationTokenSecretManager.java:loadTokenSecretState(530)) - Loading token state into token manager.
2023-09-14 11:49:07,129 [Time-limited test] INFO  om.OmSnapshotManager (OmSnapshotManager.java:<init>(174)) - Ozone filesystem snapshot feature is enabled.
2023-09-14 11:49:07,130 [Time-limited test] WARN  server.ServerUtils (ServerUtils.java:getDBPath(311)) - ozone.om.snapshot.diff.db.dir is not configured. We recommend adding this setting. Falling back to ozone.metadata.dirs instead.
2023-09-14 11:49:07,150 [Time-limited test] INFO  snapshot.SnapshotDiffManager (SnapshotDiffManager.java:closeExecutorService(1706)) - Shutting down executorService: 'SstDumpToolExecutor'
2023-09-14 11:49:07,160 [Time-limited test] INFO  om.OzoneManager (OzoneManager.java:addS3GVolumeToDB(4305)) - Created Volume s3v With Owner om required for S3Gateway operations.
2023-09-14 11:49:07,160 [Time-limited test] WARN  server.ServerUtils (ServerUtils.java:getDefaultRatisDirectory(323)) - Storage directory for Ratis is not configured. It is a good idea to map this to an SSD disk. Falling back to ozone.metadata.dirs
2023-09-14 11:49:07,161 [Time-limited test] WARN  utils.OzoneManagerRatisUtils (OzoneManagerRatisUtils.java:getOMRatisSnapshotDirectory(464)) - ozone.om.ratis.snapshot.dir is not configured. Falling back to ozone.metadata.dirs config
2023-09-14 11:49:07,161 [Time-limited test] WARN  server.ServerUtils (ServerUtils.java:getDefaultRatisDirectory(323)) - Storage directory for Ratis is not configured. It is a good idea to map this to an SSD disk. Falling back to ozone.metadata.dirs
2023-09-14 11:49:07,163 [Time-limited test] INFO  ratis.OzoneManagerRatisServer (OzoneManagerRatisServer.java:<init>(163)) - Instantiating OM Ratis server with groupID: omServiceIdDefault and peers: fv-az240-193.bcold04rutgefduts2gkrghvsa.bx.internal.cloudapp.net:9872
2023-09-14 11:49:07,163 [Time-limited test] INFO  ratis.OzoneManagerStateMachine (OzoneManagerStateMachine.java:loadSnapshotInfoFromDB(687)) - LastAppliedIndex is set from TransactionInfo from OM DB as (t:0, i:~)
2023-09-14 11:49:07,163 [Time-limited test] INFO  server.RaftServer (ConfUtils.java:logGet(46)) - raft.rpc.type = GRPC (default)
2023-09-14 11:49:07,164 [Time-limited test] INFO  grpc.GrpcConfigKeys (ConfUtils.java:logFallback(53)) - raft.grpc.admin.host = null (fallback to raft.grpc.server.host)
2023-09-14 11:49:07,164 [Time-limited test] INFO  grpc.GrpcConfigKeys (ConfUtils.java:logFallback(53)) - raft.grpc.admin.port = 9872 (fallback to raft.grpc.server.port)
2023-09-14 11:49:07,164 [Time-limited test] INFO  grpc.GrpcConfigKeys (ConfUtils.java:logFallback(53)) - raft.grpc.client.host = null (fallback to raft.grpc.server.host)
2023-09-14 11:49:07,164 [Time-limited test] INFO  grpc.GrpcConfigKeys (ConfUtils.java:logFallback(53)) - raft.grpc.client.port = 9872 (fallback to raft.grpc.server.port)
2023-09-14 11:49:07,164 [Time-limited test] INFO  grpc.GrpcConfigKeys (ConfUtils.java:logGet(46)) - raft.grpc.server.host = null (default)
2023-09-14 11:49:07,164 [Time-limited test] INFO  grpc.GrpcConfigKeys (ConfUtils.java:logGet(46)) - raft.grpc.server.port = 9872 (custom)
2023-09-14 11:49:07,164 [Time-limited test] INFO  server.GrpcService (ConfUtils.java:logGet(46)) - raft.grpc.message.size.max = 33554432 (custom)
2023-09-14 11:49:07,164 [Time-limited test] INFO  server.RaftServerConfigKeys (ConfUtils.java:logGet(46)) - raft.server.log.appender.buffer.byte-limit = 33554432 (custom)
2023-09-14 11:49:07,164 [Time-limited test] INFO  server.GrpcService (ConfUtils.java:logGet(46)) - raft.grpc.flow.control.window = 1MB (=1048576) (default)
2023-09-14 11:49:07,164 [Time-limited test] INFO  server.RaftServerConfigKeys (ConfUtils.java:logGet(46)) - raft.server.rpc.request.timeout = 3000ms (default)
2023-09-14 11:49:07,164 [Time-limited test] INFO  grpc.GrpcConfigKeys (ConfUtils.java:logGet(46)) - raft.grpc.server.heartbeat.channel = true (default)
2023-09-14 11:49:07,164 [Time-limited test] INFO  grpc.GrpcConfigKeys (ConfUtils.java:logGet(46)) - raft.grpc.server.async.request.thread.pool.cached = true (default)
2023-09-14 11:49:07,164 [Time-limited test] INFO  grpc.GrpcConfigKeys (ConfUtils.java:logGet(46)) - raft.grpc.server.async.request.thread.pool.size = 32 (default)
2023-09-14 11:49:07,166 [Time-limited test] INFO  impl.DataStreamServerImpl (ConfUtils.java:logGet(46)) - raft.datastream.type = DISABLED (default)
2023-09-14 11:49:07,166 [Time-limited test] INFO  server.RaftServerConfigKeys (ConfUtils.java:logGet(46)) - raft.server.threadpool.proxy.cached = true (default)
2023-09-14 11:49:07,166 [Time-limited test] INFO  server.RaftServerConfigKeys (ConfUtils.java:logGet(46)) - raft.server.threadpool.proxy.size = 0 (default)
2023-09-14 11:49:07,166 [Time-limited test] INFO  server.RaftServerConfigKeys (ConfUtils.java:logGet(46)) - raft.server.rpc.slowness.timeout = 120s (custom)
2023-09-14 11:49:07,167 [Time-limited test] INFO  server.RaftServerConfigKeys (ConfUtils.java:logGet(46)) - raft.server.leaderelection.leader.step-down.wait-time = 10s (default)
2023-09-14 11:49:07,167 [Time-limited test] INFO  server.RaftServerConfigKeys (ConfUtils.java:logGet(46)) - raft.server.storage.dir = [/tmp/junit7087100724380721423/junit2818044213736716720/om-meta/ratis] (custom)
2023-09-14 11:49:07,167 [Time-limited test] INFO  server.RaftServer (RaftServerProxy.java:addNew(98)) - om1: addNew group-C5BA1605619E:[om1|rpc:fv-az240-193.bcold04rutgefduts2gkrghvsa.bx.internal.cloudapp.net:9872|priority:0|startupRole:FOLLOWER] returns group-C5BA1605619E:java.util.concurrent.CompletableFuture@1d688ea1[Not completed]
2023-09-14 11:49:07,167 [om1-groupManagement] INFO  server.RaftServer$Division (OzoneManager.java:initializeRatisServer(2148)) - OzoneManager Ratis server initialized at port 9872
RaftServerImpl.java:<init>(198)) - om1: new RaftServerImpl for group-C5BA1605619E:[om1|rpc:fv-az240-193.bcold04rutgefduts2gkrghvsa.bx.internal.cloudapp.net:9872|priority:0|startupRole:FOLLOWER] with OzoneManagerStateMachine:uninitialized
2023-09-14 11:49:07,167 [Time-limited test] INFO  om.OzoneManager (OzoneManager.java:initializeRatisServer(2148)) - OzoneManager Ratis server initialized at port 9872
2023-09-14 11:49:07,168 [Time-limited test] INFO  om.OzoneManager (ConfUtils.java:logGet(46)) - raft.server.rpc.timeout.min = 5s (custom)
2023-09-14 11:49:07,168 [Time-limited test] INFO  om.OzoneManager (OzoneManager.java:getRpcServer(1196)) - Creating RPC Server
2023-09-14 11:49:07,168 [om1-groupManagement] INFO  server.RaftServerConfigKeys (ConfUtils.java:logGet(46)) - raft.server.rpc.timeout.max = 5200ms (custom)
2023-09-14 11:49:07,168 [om1-groupManagement] INFO  server.RaftServerConfigKeys (ConfUtils.java:logGet(46)) - raft.server.rpc.sleep.time = 25ms (default)
2023-09-14 11:49:07,168 [om1-groupManagement] INFO  server.RaftServerConfigKeys (ConfUtils.java:logGet(46)) - raft.server.rpc.slowness.timeout = 120s (custom)
2023-09-14 11:49:07,168 [om1-groupManagement] INFO  server.RaftServerConfigKeys (ConfUtils.java:logGet(46)) - raft.server.leaderelection.leader.step-down.wait-time = 10s (default)
2023-09-14 11:49:07,169 [om1-groupManagement] INFO  server.RaftServerConfigKeys (ConfUtils.java:logGet(46)) - raft.server.sleep.deviation.threshold = 300ms (default)
2023-09-14 11:49:07,170 [om1-groupManagement] INFO  server.RaftServer$Division (ServerState.java:<init>(120)) - om1@group-C5BA1605619E: ConfigurationManager, init=-1: peers:[om1|rpc:fv-az240-193.bcold04rutgefduts2gkrghvsa.bx.internal.cloudapp.net:9872|priority:0|startupRole:FOLLOWER]|listeners:[], old=null, confs=<EMPTY_MAP>
2023-09-14 11:49:07,177 [om1-groupManagement] INFO  server.RaftServerConfigKeys (ConfUtils.java:logGet(46)) - raft.server.storage.dir = [/tmp/junit7087100724380721423/junit2818044213736716720/om-meta/ratis] (custom)
2023-09-14 11:49:07,178 [om1-groupManagement] INFO  server.RaftServerConfigKeys (ConfUtils.java:logGet(46)) - raft.server.log.corruption.policy = EXCEPTION (default)
2023-09-14 11:49:07,178 [om1-groupManagement] INFO  server.RaftServerConfigKeys (ConfUtils.java:logGet(46)) - raft.server.storage.free-space.min = 0MB (=0) (default)
2023-09-14 11:49:07,178 [om1-groupManagement] INFO  server.RaftServerConfigKeys (ConfUtils.java:logGet(46)) - raft.server.notification.no-leader.timeout = 120s (custom)
2023-09-14 11:49:07,178 [om1-groupManagement] INFO  server.RaftServerConfigKeys (ConfUtils.java:logGet(46)) - raft.server.read.timeout = 10s (default)
2023-09-14 11:49:07,178 [om1-groupManagement] INFO  server.RaftServerConfigKeys (ConfUtils.java:logGet(46)) - raft.server.retrycache.expirytime = 300s (custom)
2023-09-14 11:49:07,180 [om1-groupManagement] INFO  server.RaftServerConfigKeys (ConfUtils.java:logGet(46)) - raft.server.retrycache.statistics.expirytime = 100μs (default)
2023-09-14 11:49:07,180 [om1-groupManagement] INFO  server.RaftServerConfigKeys (ConfUtils.java:logGet(46)) - raft.server.read.option = DEFAULT (default)
2023-09-14 11:49:07,180 [om1-groupManagement] INFO  server.RaftServerConfigKeys (ConfUtils.java:logGet(46)) - raft.server.rpc.request.timeout = 3000ms (default)
2023-09-14 11:49:07,181 [om1-groupManagement] INFO  server.RaftServerConfigKeys (ConfUtils.java:logGet(46)) - raft.server.log.appender.install.snapshot.enabled = false (custom)
2023-09-14 11:49:07,181 [om1-groupManagement] INFO  server.RaftServerConfigKeys (ConfUtils.java:logGet(46)) - raft.server.threadpool.server.cached = true (default)
2023-09-14 11:49:07,181 [om1-groupManagement] INFO  server.RaftServerConfigKeys (ConfUtils.java:logGet(46)) - raft.server.threadpool.server.size = 0 (default)
2023-09-14 11:49:07,181 [om1-groupManagement] INFO  server.RaftServerConfigKeys (ConfUtils.java:logGet(46)) - raft.server.threadpool.client.cached = true (default)
2023-09-14 11:49:07,181 [om1-groupManagement] INFO  server.RaftServerConfigKeys (ConfUtils.java:logGet(46)) - raft.server.threadpool.client.size = 0 (default)
2023-09-14 11:49:07,577 [Time-limited test] INFO  reflections.Reflections (Reflections.java:scan(232)) - Reflections took 408 ms to scan 20 urls, producing 70 keys and 6001 values [using 2 cores]
2023-09-14 11:49:07,579 [Time-limited test] INFO  ipc.CallQueueManager (CallQueueManager.java:<init>(90)) - Using callQueue: class java.util.concurrent.LinkedBlockingQueue, queueCapacity: 10000, scheduler: class org.apache.hadoop.ipc.DefaultRpcScheduler, ipcBackoff: false.
2023-09-14 11:49:07,579 [Time-limited test] INFO  ipc.Server (Server.java:<init>(1287)) - Listener at fv-az240-193.bcold04rutgefduts2gkrghvsa.bx.internal.cloudapp.net:1202
2023-09-14 11:49:07,584 [Socket Reader #1 for port 1202] INFO  ipc.Server (Server.java:run(1323)) - Starting Socket Reader #1 for port 1202
2023-09-14 11:49:08,025 [Time-limited test] INFO  utils.SelfSignedCertificate (SelfSignedCertificate.java:generateCertificate(157)) - Certificate 1 is issued by CN=rootCA@localhost,OU=scm1,O=cluster1 to CN=rootCA@localhost,OU=scm1,O=cluster1, valid from Thu Sep 14 11:49:08 UTC 2023 to Sun Oct 22 11:49:08 UTC 2028
2023-09-14 11:49:08,028 [Time-limited test] INFO  authority.DefaultApprover (DefaultApprover.java:sign(154)) - Extensions in CSR: 2.5.29.15
2023-09-14 11:49:08,028 [Time-limited test] INFO  authority.DefaultApprover (DefaultApprover.java:sign(158)) - Extensions to add to the certificate if they present in CSR: 2.5.29.17, 2.5.29.19, 1.3.6.1.5.5.7.1.12, 2.5.29.35, 2.5.29.37, 2.5.29.15
2023-09-14 11:49:08,037 [Time-limited test] INFO  ssl.ReloadingX509KeyManager (ReloadingX509KeyManager.java:loadKeyManager(222)) - Key manager is loaded with certificate chain
2023-09-14 11:49:08,039 [Time-limited test] INFO  ssl.ReloadingX509KeyManager (ReloadingX509KeyManager.java:loadKeyManager(224)) - [
[
  Version: V3
  Subject: O=cluster1, OU=scm1, CN=localhost
  Signature Algorithm: SHA256withRSA, OID = 1.2.840.113549.1.1.11

  Key:  Sun RSA public key, 2048 bits
  params: null
  modulus: 26718325067788421362542040786167457135565869786184388688321214217562079278072470989986377455996496797893991529862103523614752467626575187235385697603133511217420899194245522341948886603715595329368805656993907336727441019905167365229590666821192024328712951854927998015942941531496796134252757377059863720920598195273915183679466293062835758902621839319325696440384916325094020532457898992324313877638374065458196037973434267968599408972307753877776134140107267733834456172950976401677602313526933693667139939243656839393952404258363180061735625701069343473910244403579100236699567649312386957095006988340206670056811
  public exponent: 65537
  Validity: [From: Thu Sep 14 11:49:08 UTC 2023,
               To: Fri Sep 13 11:49:08 UTC 2024]
  Issuer: O=cluster1, OU=scm1, CN=rootCA@localhost
  SerialNumber: [    01cb31da 5a06]

Certificate Extensions: 1
[1]: ObjectId: 2.5.29.15 Criticality=true
KeyUsage [
  DigitalSignature
  Key_Encipherment
  Data_Encipherment
  Key_Agreement
]

]
  Algorithm: [SHA256withRSA]
  Signature:
0000: 97 9A 06 27 98 E4 F8 17   99 31 84 4F 31 3E 37 3F  ...'.....1.O1>7?
0010: 71 C9 E3 51 56 EC D8 F6   C1 40 25 F7 15 33 83 3A  q..QV....@%..3.:
0020: 23 0A 51 A0 F7 4B 06 37   52 A0 05 D0 C1 D5 6C 32  #.Q..K.7R.....l2
0030: 97 A4 9A 5A C3 E6 8A 79   B5 0F EB 4B 2B 72 0B BA  ...Z...y...K+r..
0040: 87 2E BE C0 54 A8 4A 85   D5 31 A0 78 C8 90 02 8C  ....T.J..1.x....
0050: EC 61 C4 4F 4D CD D6 BE   11 AE 11 A9 45 2B A2 64  .a.OM.......E+.d
0060: F5 40 B2 43 BA 59 DC 51   F8 7F 8C 28 65 81 48 68  .@.C.Y.Q...(e.Hh
0070: 35 76 89 4E 47 59 20 52   D0 1F 94 AB F0 A4 42 DE  5v.NGY R......B.
0080: 9A CF FF C4 1C 5B 60 11   F3 3A 8C 1E A5 BC 5E 3F  .....[`..:....^?
0090: 7B 4E EF 16 79 80 9F 16   12 83 6C 9D 43 2E D3 C2  .N..y.....l.C...
00A0: D4 DE E3 45 2D 08 72 38   90 EB 67 F4 66 2E 81 3F  ...E-.r8..g.f..?
00B0: 4E 14 10 40 3C 97 28 DC   31 DF 41 A3 DB E5 7A 86  N..@<.(.1.A...z.
00C0: CC 16 09 99 D8 7F 49 F8   2D 1D 3D CC A0 57 63 4F  ......I.-.=..WcO
00D0: 27 17 48 D8 FE 32 E1 E8   FB 7E BD 6A 48 E8 A4 2E  '.H..2.....jH...
00E0: C8 32 9E 68 99 3D D7 FB   61 8B 9E A6 1D 2D 2F 7B  .2.h.=..a....-/.
00F0: 26 6C 2F 97 2F 3D 45 7F   21 1A 95 DF 82 77 23 B0  &l/./=E.!....w#.

]
2023-09-14 11:49:08,040 [Time-limited test] INFO  ssl.ReloadingX509KeyManager (ReloadingX509KeyManager.java:loadKeyManager(224)) - [
[
  Version: V3
  Subject: O=cluster1, OU=scm1, CN=rootCA@localhost
  Signature Algorithm: SHA256withRSA, OID = 1.2.840.113549.1.1.11

  Key:  Sun RSA public key, 2048 bits
  params: null
  modulus: 22256319072153450288285351887547444972872908215624290109901225092793189294371638922310856342193906391896896046062363052443185123441458306926522815628654329548406001846751151040917960273454337846399520677615291410429159865804389330997627885085687993229400688838168186595348594853695748289070731763331370666641863856163846385262034715022093519993171247127631288670382528242149437668379645296742032550735597411318969984500762732448400250557204614263275044617445469365356805532976156290041048339726074475122583182647414630758510244928415502513039905259872136996348206516029440349191523201840661780434500167545352279099851
  public exponent: 65537
  Validity: [From: Thu Sep 14 11:49:08 UTC 2023,
               To: Sun Oct 22 11:49:08 UTC 2028]
  Issuer: O=cluster1, OU=scm1, CN=rootCA@localhost
  SerialNumber: [    01]

Certificate Extensions: 2
[1]: ObjectId: 2.5.29.19 Criticality=true
BasicConstraints:[
  CA:true
  PathLen:2147483647
]

[2]: ObjectId: 2.5.29.15 Criticality=true
KeyUsage [
  Key_CertSign
  Crl_Sign
]

]
  Algorithm: [SHA256withRSA]
  Signature:
0000: 3E 62 23 EC 19 C2 FD 5B   AA 48 A7 2D 89 07 CA 28  >b#....[.H.-...(
0010: 5E E6 78 10 83 B3 50 C9   61 35 A5 F0 D0 E4 31 B2  ^.x...P.a5....1.
0020: 5C 09 FC FB 27 20 02 CE   18 87 AB A0 9E AC F5 83  \...' ..........
0030: 67 53 9F 74 BB BD 37 4B   33 89 0D 5A 1F 40 BD EF  gS.t..7K3..Z.@..
0040: C1 D1 BC 5D 01 9F 96 71   8E C2 E0 1B 37 44 EB 73  ...]...q....7D.s
0050: E3 64 FC 95 31 B4 92 7C   73 3D B5 D4 2D 8F 52 6A  .d..1...s=..-.Rj
0060: CF 27 B0 74 1E 61 29 C0   91 15 C8 55 9C 7D A1 A6  .'.t.a)....U....
0070: B8 43 6C FB 87 E9 6D F6   57 60 CF A4 15 2A D5 B4  .Cl...m.W`...*..
0080: C7 9F B6 DA DE FE D7 F5   30 D7 7E 0F E7 95 88 BC  ........0.......
0090: 56 58 9D 70 B4 E4 42 65   06 B5 6E DA F0 16 D9 0E  VX.p..Be..n.....
00A0: ED 8F F0 5C E2 46 CA 54   2C CD 8C B6 0B 6A 53 50  ...\.F.T,....jSP
00B0: 35 ED 31 48 FB 13 8A 24   55 AE DA 07 EC 65 ED 8E  5.1H...$U....e..
00C0: B6 50 52 5D C4 B0 18 7C   DB E2 69 FE F9 2D 57 F8  .PR]......i..-W.
00D0: E6 0C D7 AF BD 0E AB EB   A2 78 FB 13 3D 34 A3 C5  .........x..=4..
00E0: CF 8D 38 E8 CC AB 0F 18   05 E2 50 0A 95 D4 13 77  ..8.......P....w
00F0: CB 54 31 63 8D 4B B3 B4   B9 A5 60 00 0D 4A FA F6  .T1c.K....`..J..

]
2023-09-14 11:49:08,043 [Time-limited test] INFO  ssl.ReloadingX509TrustManager (ReloadingX509TrustManager.java:insertCertsToKeystore(188)) - Trust manager is loaded with certificates
2023-09-14 11:49:08,044 [Time-limited test] INFO  ssl.ReloadingX509TrustManager (ReloadingX509TrustManager.java:insertCertsToKeystore(192)) - [
[
  Version: V3
  Subject: O=cluster1, OU=scm1, CN=rootCA@localhost
  Signature Algorithm: SHA256withRSA, OID = 1.2.840.113549.1.1.11

  Key:  Sun RSA public key, 2048 bits
  params: null
  modulus: 22256319072153450288285351887547444972872908215624290109901225092793189294371638922310856342193906391896896046062363052443185123441458306926522815628654329548406001846751151040917960273454337846399520677615291410429159865804389330997627885085687993229400688838168186595348594853695748289070731763331370666641863856163846385262034715022093519993171247127631288670382528242149437668379645296742032550735597411318969984500762732448400250557204614263275044617445469365356805532976156290041048339726074475122583182647414630758510244928415502513039905259872136996348206516029440349191523201840661780434500167545352279099851
  public exponent: 65537
  Validity: [From: Thu Sep 14 11:49:08 UTC 2023,
               To: Sun Oct 22 11:49:08 UTC 2028]
  Issuer: O=cluster1, OU=scm1, CN=rootCA@localhost
  SerialNumber: [    01]

Certificate Extensions: 2
[1]: ObjectId: 2.5.29.19 Criticality=true
BasicConstraints:[
  CA:true
  PathLen:2147483647
]

[2]: ObjectId: 2.5.29.15 Criticality=true
KeyUsage [
  Key_CertSign
  Crl_Sign
]

]
  Algorithm: [SHA256withRSA]
  Signature:
0000: 3E 62 23 EC 19 C2 FD 5B   AA 48 A7 2D 89 07 CA 28  >b#....[.H.-...(
0010: 5E E6 78 10 83 B3 50 C9   61 35 A5 F0 D0 E4 31 B2  ^.x...P.a5....1.
0020: 5C 09 FC FB 27 20 02 CE   18 87 AB A0 9E AC F5 83  \...' ..........
0030: 67 53 9F 74 BB BD 37 4B   33 89 0D 5A 1F 40 BD EF  gS.t..7K3..Z.@..
0040: C1 D1 BC 5D 01 9F 96 71   8E C2 E0 1B 37 44 EB 73  ...]...q....7D.s
0050: E3 64 FC 95 31 B4 92 7C   73 3D B5 D4 2D 8F 52 6A  .d..1...s=..-.Rj
0060: CF 27 B0 74 1E 61 29 C0   91 15 C8 55 9C 7D A1 A6  .'.t.a)....U....
0070: B8 43 6C FB 87 E9 6D F6   57 60 CF A4 15 2A D5 B4  .Cl...m.W`...*..
0080: C7 9F B6 DA DE FE D7 F5   30 D7 7E 0F E7 95 88 BC  ........0.......
0090: 56 58 9D 70 B4 E4 42 65   06 B5 6E DA F0 16 D9 0E  VX.p..Be..n.....
00A0: ED 8F F0 5C E2 46 CA 54   2C CD 8C B6 0B 6A 53 50  ...\.F.T,....jSP
00B0: 35 ED 31 48 FB 13 8A 24   55 AE DA 07 EC 65 ED 8E  5.1H...$U....e..
00C0: B6 50 52 5D C4 B0 18 7C   DB E2 69 FE F9 2D 57 F8  .PR]......i..-W.
00D0: E6 0C D7 AF BD 0E AB EB   A2 78 FB 13 3D 34 A3 C5  .........x..=4..
00E0: CF 8D 38 E8 CC AB 0F 18   05 E2 50 0A 95 D4 13 77  ..8.......P....w
00F0: CB 54 31 63 8D 4B B3 B4   B9 A5 60 00 0D 4A FA F6  .T1c.K....`..J..

]
2023-09-14 11:49:08,046 [Time-limited test] INFO  ssl.ReloadingX509KeyManager (ReloadingX509KeyManager.java:loadKeyManager(222)) - Key manager is loaded with certificate chain
2023-09-14 11:49:08,046 [Time-limited test] INFO  ssl.ReloadingX509KeyManager (ReloadingX509KeyManager.java:loadKeyManager(224)) - [
[
  Version: V3
  Subject: O=cluster1, OU=scm1, CN=localhost
  Signature Algorithm: SHA256withRSA, OID = 1.2.840.113549.1.1.11

  Key:  Sun RSA public key, 2048 bits
  params: null
  modulus: 26718325067788421362542040786167457135565869786184388688321214217562079278072470989986377455996496797893991529862103523614752467626575187235385697603133511217420899194245522341948886603715595329368805656993907336727441019905167365229590666821192024328712951854927998015942941531496796134252757377059863720920598195273915183679466293062835758902621839319325696440384916325094020532457898992324313877638374065458196037973434267968599408972307753877776134140107267733834456172950976401677602313526933693667139939243656839393952404258363180061735625701069343473910244403579100236699567649312386957095006988340206670056811
  public exponent: 65537
  Validity: [From: Thu Sep 14 11:49:08 UTC 2023,
               To: Fri Sep 13 11:49:08 UTC 2024]
  Issuer: O=cluster1, OU=scm1, CN=rootCA@localhost
  SerialNumber: [    01cb31da 5a06]

Certificate Extensions: 1
[1]: ObjectId: 2.5.29.15 Criticality=true
KeyUsage [
  DigitalSignature
  Key_Encipherment
  Data_Encipherment
  Key_Agreement
]

]
  Algorithm: [SHA256withRSA]
  Signature:
0000: 97 9A 06 27 98 E4 F8 17   99 31 84 4F 31 3E 37 3F  ...'.....1.O1>7?
0010: 71 C9 E3 51 56 EC D8 F6   C1 40 25 F7 15 33 83 3A  q..QV....@%..3.:
0020: 23 0A 51 A0 F7 4B 06 37   52 A0 05 D0 C1 D5 6C 32  #.Q..K.7R.....l2
0030: 97 A4 9A 5A C3 E6 8A 79   B5 0F EB 4B 2B 72 0B BA  ...Z...y...K+r..
0040: 87 2E BE C0 54 A8 4A 85   D5 31 A0 78 C8 90 02 8C  ....T.J..1.x....
0050: EC 61 C4 4F 4D CD D6 BE   11 AE 11 A9 45 2B A2 64  .a.OM.......E+.d
0060: F5 40 B2 43 BA 59 DC 51   F8 7F 8C 28 65 81 48 68  .@.C.Y.Q...(e.Hh
0070: 35 76 89 4E 47 59 20 52   D0 1F 94 AB F0 A4 42 DE  5v.NGY R......B.
0080: 9A CF FF C4 1C 5B 60 11   F3 3A 8C 1E A5 BC 5E 3F  .....[`..:....^?
0090: 7B 4E EF 16 79 80 9F 16   12 83 6C 9D 43 2E D3 C2  .N..y.....l.C...
00A0: D4 DE E3 45 2D 08 72 38   90 EB 67 F4 66 2E 81 3F  ...E-.r8..g.f..?
00B0: 4E 14 10 40 3C 97 28 DC   31 DF 41 A3 DB E5 7A 86  N..@<.(.1.A...z.
00C0: CC 16 09 99 D8 7F 49 F8   2D 1D 3D CC A0 57 63 4F  ......I.-.=..WcO
00D0: 27 17 48 D8 FE 32 E1 E8   FB 7E BD 6A 48 E8 A4 2E  '.H..2.....jH...
00E0: C8 32 9E 68 99 3D D7 FB   61 8B 9E A6 1D 2D 2F 7B  .2.h.=..a....-/.
00F0: 26 6C 2F 97 2F 3D 45 7F   21 1A 95 DF 82 77 23 B0  &l/./=E.!....w#.

]
2023-09-14 11:49:08,047 [Time-limited test] INFO  ssl.ReloadingX509KeyManager (ReloadingX509KeyManager.java:loadKeyManager(224)) - [
[
  Version: V3
  Subject: O=cluster1, OU=scm1, CN=rootCA@localhost
  Signature Algorithm: SHA256withRSA, OID = 1.2.840.113549.1.1.11

  Key:  Sun RSA public key, 2048 bits
  params: null
  modulus: 22256319072153450288285351887547444972872908215624290109901225092793189294371638922310856342193906391896896046062363052443185123441458306926522815628654329548406001846751151040917960273454337846399520677615291410429159865804389330997627885085687993229400688838168186595348594853695748289070731763331370666641863856163846385262034715022093519993171247127631288670382528242149437668379645296742032550735597411318969984500762732448400250557204614263275044617445469365356805532976156290041048339726074475122583182647414630758510244928415502513039905259872136996348206516029440349191523201840661780434500167545352279099851
  public exponent: 65537
  Validity: [From: Thu Sep 14 11:49:08 UTC 2023,
               To: Sun Oct 22 11:49:08 UTC 2028]
  Issuer: O=cluster1, OU=scm1, CN=rootCA@localhost
  SerialNumber: [    01]

Certificate Extensions: 2
[1]: ObjectId: 2.5.29.19 Criticality=true
BasicConstraints:[
  CA:true
  PathLen:2147483647
]

[2]: ObjectId: 2.5.29.15 Criticality=true
KeyUsage [
  Key_CertSign
  Crl_Sign
]

]
  Algorithm: [SHA256withRSA]
  Signature:
0000: 3E 62 23 EC 19 C2 FD 5B   AA 48 A7 2D 89 07 CA 28  >b#....[.H.-...(
0010: 5E E6 78 10 83 B3 50 C9   61 35 A5 F0 D0 E4 31 B2  ^.x...P.a5....1.
0020: 5C 09 FC FB 27 20 02 CE   18 87 AB A0 9E AC F5 83  \...' ..........
0030: 67 53 9F 74 BB BD 37 4B   33 89 0D 5A 1F 40 BD EF  gS.t..7K3..Z.@..
0040: C1 D1 BC 5D 01 9F 96 71   8E C2 E0 1B 37 44 EB 73  ...]...q....7D.s
0050: E3 64 FC 95 31 B4 92 7C   73 3D B5 D4 2D 8F 52 6A  .d..1...s=..-.Rj
0060: CF 27 B0 74 1E 61 29 C0   91 15 C8 55 9C 7D A1 A6  .'.t.a)....U....
0070: B8 43 6C FB 87 E9 6D F6   57 60 CF A4 15 2A D5 B4  .Cl...m.W`...*..
0080: C7 9F B6 DA DE FE D7 F5   30 D7 7E 0F E7 95 88 BC  ........0.......
0090: 56 58 9D 70 B4 E4 42 65   06 B5 6E DA F0 16 D9 0E  VX.p..Be..n.....
00A0: ED 8F F0 5C E2 46 CA 54   2C CD 8C B6 0B 6A 53 50  ...\.F.T,....jSP
00B0: 35 ED 31 48 FB 13 8A 24   55 AE DA 07 EC 65 ED 8E  5.1H...$U....e..
00C0: B6 50 52 5D C4 B0 18 7C   DB E2 69 FE F9 2D 57 F8  .PR]......i..-W.
00D0: E6 0C D7 AF BD 0E AB EB   A2 78 FB 13 3D 34 A3 C5  .........x..=4..
00E0: CF 8D 38 E8 CC AB 0F 18   05 E2 50 0A 95 D4 13 77  ..8.......P....w
00F0: CB 54 31 63 8D 4B B3 B4   B9 A5 60 00 0D 4A FA F6  .T1c.K....`..J..

]
2023-09-14 11:49:08,047 [Time-limited test] INFO  ssl.ReloadingX509TrustManager (ReloadingX509TrustManager.java:insertCertsToKeystore(188)) - Trust manager is loaded with certificates
2023-09-14 11:49:08,048 [Time-limited test] INFO  ssl.ReloadingX509TrustManager (ReloadingX509TrustManager.java:insertCertsToKeystore(192)) - [
[
  Version: V3
  Subject: O=cluster1, OU=scm1, CN=rootCA@localhost
  Signature Algorithm: SHA256withRSA, OID = 1.2.840.113549.1.1.11

  Key:  Sun RSA public key, 2048 bits
  params: null
  modulus: 22256319072153450288285351887547444972872908215624290109901225092793189294371638922310856342193906391896896046062363052443185123441458306926522815628654329548406001846751151040917960273454337846399520677615291410429159865804389330997627885085687993229400688838168186595348594853695748289070731763331370666641863856163846385262034715022093519993171247127631288670382528242149437668379645296742032550735597411318969984500762732448400250557204614263275044617445469365356805532976156290041048339726074475122583182647414630758510244928415502513039905259872136996348206516029440349191523201840661780434500167545352279099851
  public exponent: 65537
  Validity: [From: Thu Sep 14 11:49:08 UTC 2023,
               To: Sun Oct 22 11:49:08 UTC 2028]
  Issuer: O=cluster1, OU=scm1, CN=rootCA@localhost
  SerialNumber: [    01]

Certificate Extensions: 2
[1]: ObjectId: 2.5.29.19 Criticality=true
BasicConstraints:[
  CA:true
  PathLen:2147483647
]

[2]: ObjectId: 2.5.29.15 Criticality=true
KeyUsage [
  Key_CertSign
  Crl_Sign
]

]
  Algorithm: [SHA256withRSA]
  Signature:
0000: 3E 62 23 EC 19 C2 FD 5B   AA 48 A7 2D 89 07 CA 28  >b#....[.H.-...(
0010: 5E E6 78 10 83 B3 50 C9   61 35 A5 F0 D0 E4 31 B2  ^.x...P.a5....1.
0020: 5C 09 FC FB 27 20 02 CE   18 87 AB A0 9E AC F5 83  \...' ..........
0030: 67 53 9F 74 BB BD 37 4B   33 89 0D 5A 1F 40 BD EF  gS.t..7K3..Z.@..
0040: C1 D1 BC 5D 01 9F 96 71   8E C2 E0 1B 37 44 EB 73  ...]...q....7D.s
0050: E3 64 FC 95 31 B4 92 7C   73 3D B5 D4 2D 8F 52 6A  .d..1...s=..-.Rj
0060: CF 27 B0 74 1E 61 29 C0   91 15 C8 55 9C 7D A1 A6  .'.t.a)....U....
0070: B8 43 6C FB 87 E9 6D F6   57 60 CF A4 15 2A D5 B4  .Cl...m.W`...*..
0080: C7 9F B6 DA DE FE D7 F5   30 D7 7E 0F E7 95 88 BC  ........0.......
0090: 56 58 9D 70 B4 E4 42 65   06 B5 6E DA F0 16 D9 0E  VX.p..Be..n.....
00A0: ED 8F F0 5C E2 46 CA 54   2C CD 8C B6 0B 6A 53 50  ...\.F.T,....jSP
00B0: 35 ED 31 48 FB 13 8A 24   55 AE DA 07 EC 65 ED 8E  5.1H...$U....e..
00C0: B6 50 52 5D C4 B0 18 7C   DB E2 69 FE F9 2D 57 F8  .PR]......i..-W.
00D0: E6 0C D7 AF BD 0E AB EB   A2 78 FB 13 3D 34 A3 C5  .........x..=4..
00E0: CF 8D 38 E8 CC AB 0F 18   05 E2 50 0A 95 D4 13 77  ..8.......P....w
00F0: CB 54 31 63 8D 4B B3 B4   B9 A5 60 00 0D 4A FA F6  .T1c.K....`..J..

]
2023-09-14 11:49:08,051 [Time-limited test] WARN  impl.MetricsConfig (MetricsConfig.java:loadFirst(136)) - Cannot locate configuration: tried hadoop-metrics2-ozonemanager.properties,hadoop-metrics2.properties
2023-09-14 11:49:08,055 [Time-limited test] INFO  impl.MetricsSystemImpl (MetricsSystemImpl.java:startTimer(378)) - Scheduled Metric snapshot period at 10 second(s).
2023-09-14 11:49:08,055 [Time-limited test] INFO  impl.MetricsSystemImpl (MetricsSystemImpl.java:start(191)) - OzoneManager metrics system started
2023-09-14 11:49:08,059 [Time-limited test] INFO  impl.MetricsSinkAdapter (MetricsSinkAdapter.java:start(204)) - Sink prometheus started
2023-09-14 11:49:08,059 [Time-limited test] INFO  impl.MetricsSystemImpl (MetricsSystemImpl.java:registerSink(305)) - Registered sink prometheus
2023-09-14 11:49:08,074 [Time-limited test] INFO  om.OzoneManager (OzoneManager.java:start(1633)) - OzoneManager RPC server is listening at fv-az240-193.bcold04rutgefduts2gkrghvsa.bx.internal.cloudapp.net/10.1.136.0:1202
2023-09-14 11:49:08,075 [Time-limited test] INFO  ratis.OzoneManagerRatisServer (OzoneManagerRatisServer.java:start(558)) - Starting OzoneManagerRatisServer om1 at port 9872
2023-09-14 11:49:08,077 [om1-impl-thread1] INFO  storage.RaftStorageDirectory (RaftStorageDirectoryImpl.java:analyzeStorage(137)) - The storage directory /tmp/junit7087100724380721423/junit2818044213736716720/om-meta/ratis/bf265839-605b-3f16-9796-c5ba1605619e does not exist. Creating ...
2023-09-14 11:49:08,081 [om1-impl-thread1] INFO  storage.RaftStorageDirectory (RaftStorageDirectoryImpl.java:tryLock(231)) - Lock on /tmp/junit7087100724380721423/junit2818044213736716720/om-meta/ratis/bf265839-605b-3f16-9796-c5ba1605619e/in_use.lock acquired by nodename 22754@fv-az240-193
2023-09-14 11:49:08,086 [om1-impl-thread1] INFO  storage.RaftStorage (RaftStorageImpl.java:format(96)) - Storage directory /tmp/junit7087100724380721423/junit2818044213736716720/om-meta/ratis/bf265839-605b-3f16-9796-c5ba1605619e has been successfully formatted.
2023-09-14 11:49:08,089 [om1-impl-thread1] INFO  server.RaftServerConfigKeys (ConfUtils.java:logGet(46)) - raft.server.log.use.memory = false (default)
2023-09-14 11:49:08,096 [om1-impl-thread1] INFO  server.RaftServerConfigKeys (ConfUtils.java:logGet(46)) - raft.server.log.purge.gap = 1000000 (custom)
2023-09-14 11:49:08,096 [om1-impl-thread1] INFO  server.RaftServerConfigKeys (ConfUtils.java:logGet(46)) - raft.server.log.appender.buffer.byte-limit = 33554432 (custom)
2023-09-14 11:49:08,097 [om1-impl-thread1] INFO  server.RaftServerConfigKeys (ConfUtils.java:logGet(46)) - raft.server.log.statemachine.data.read.timeout = 1000ms (default)
2023-09-14 11:49:08,098 [om1-impl-thread1] INFO  server.RaftServerConfigKeys (ConfUtils.java:logGet(46)) - raft.server.log.purge.preservation.log.num = 0 (default)
2023-09-14 11:49:08,100 [om1-impl-thread1] INFO  server.RaftServerConfigKeys (ConfUtils.java:logGet(46)) - raft.server.log.segment.size.max = 4194304 (custom)
2023-09-14 11:49:08,105 [om1-impl-thread1] INFO  server.RaftServerConfigKeys (ConfUtils.java:logGet(46)) - raft.server.log.segment.cache.num.max = 2 (custom)
2023-09-14 11:49:08,105 [om1-impl-thread1] INFO  server.RaftServerConfigKeys (ConfUtils.java:logGet(46)) - raft.server.log.segment.cache.size.max = 200MB (=209715200) (default)
2023-09-14 11:49:08,105 [om1-impl-thread1] INFO  server.RaftServerConfigKeys (ConfUtils.java:logGet(46)) - raft.server.log.appender.buffer.byte-limit = 33554432 (custom)
2023-09-14 11:49:08,110 [om1-impl-thread1] INFO  segmented.SegmentedRaftLogWorker (SegmentedRaftLogWorker.java:<init>(188)) - new om1@group-C5BA1605619E-SegmentedRaftLogWorker for RaftStorageImpl:Storage Directory /tmp/junit7087100724380721423/junit2818044213736716720/om-meta/ratis/bf265839-605b-3f16-9796-c5ba1605619e
2023-09-14 11:49:08,111 [om1-impl-thread1] INFO  server.RaftServerConfigKeys (ConfUtils.java:logGet(46)) - raft.server.log.queue.byte-limit = 64MB (=67108864) (default)
2023-09-14 11:49:08,111 [om1-impl-thread1] INFO  server.RaftServerConfigKeys (ConfUtils.java:logGet(46)) - raft.server.log.queue.element-limit = 4096 (default)
2023-09-14 11:49:08,112 [om1-impl-thread1] INFO  server.RaftServerConfigKeys (ConfUtils.java:logGet(46)) - raft.server.log.segment.size.max = 4194304 (custom)
2023-09-14 11:49:08,112 [om1-impl-thread1] INFO  server.RaftServerConfigKeys (ConfUtils.java:logGet(46)) - raft.server.log.preallocated.size = 4194304 (custom)
2023-09-14 11:49:08,112 [om1-impl-thread1] INFO  server.RaftServerConfigKeys (ConfUtils.java:logGet(46)) - raft.server.log.force.sync.num = 128 (default)
2023-09-14 11:49:08,113 [om1-impl-thread1] INFO  server.RaftServerConfigKeys (ConfUtils.java:logGet(46)) - raft.server.log.statemachine.data.sync = true (default)
2023-09-14 11:49:08,113 [om1-impl-thread1] INFO  server.RaftServerConfigKeys (ConfUtils.java:logGet(46)) - raft.server.log.statemachine.data.sync.timeout = 10s (default)
2023-09-14 11:49:08,113 [om1-impl-thread1] INFO  server.RaftServerConfigKeys (ConfUtils.java:logGet(46)) - raft.server.log.statemachine.data.sync.timeout.retry = -1 (default)
2023-09-14 11:49:08,123 [om1-impl-thread1] INFO  server.RaftServerConfigKeys (ConfUtils.java:logGet(46)) - raft.server.log.write.buffer.size = 64KB (=65536) (default)
2023-09-14 11:49:08,123 [om1-impl-thread1] INFO  server.RaftServerConfigKeys (ConfUtils.java:logGet(46)) - raft.server.log.appender.buffer.byte-limit = 33554432 (custom)
2023-09-14 11:49:08,128 [om1-impl-thread1] INFO  server.RaftServerConfigKeys (ConfUtils.java:logGet(46)) - raft.server.log.unsafe-flush.enabled = false (default)
2023-09-14 11:49:08,128 [om1-impl-thread1] INFO  server.RaftServerConfigKeys (ConfUtils.java:logGet(46)) - raft.server.log.async-flush.enabled = false (default)
2023-09-14 11:49:08,129 [om1-impl-thread1] INFO  server.RaftServerConfigKeys (ConfUtils.java:logGet(46)) - raft.server.log.statemachine.data.caching.enabled = false (default)
2023-09-14 11:49:08,135 [om1-impl-thread1] INFO  segmented.SegmentedRaftLogWorker (SegmentedRaftLogWorker.java:lambda$new$0(135)) - om1@group-C5BA1605619E-SegmentedRaftLogWorker: flushIndex: setUnconditionally 0 -> -1
2023-09-14 11:49:08,135 [om1-impl-thread1] INFO  segmented.SegmentedRaftLogWorker (SegmentedRaftLogWorker.java:lambda$new$0(135)) - om1@group-C5BA1605619E-SegmentedRaftLogWorker: safeCacheEvictIndex: setUnconditionally 0 -> -1
2023-09-14 11:49:08,136 [om1-impl-thread1] INFO  server.RaftServer$Division (RaftServerImpl.java:start(342)) - om1@group-C5BA1605619E: start as a follower, conf=-1: peers:[om1|rpc:fv-az240-193.bcold04rutgefduts2gkrghvsa.bx.internal.cloudapp.net:9872|priority:0|startupRole:FOLLOWER]|listeners:[], old=null
2023-09-14 11:49:08,137 [om1-impl-thread1] INFO  server.RaftServer$Division (RaftServerImpl.java:setRole(329)) - om1@group-C5BA1605619E: changes role from      null to FOLLOWER at term 0 for startAsFollower
2023-09-14 11:49:08,138 [om1-impl-thread1] INFO  impl.RoleInfo (RoleInfo.java:updateAndGet(139)) - om1: start om1@group-C5BA1605619E-FollowerState
2023-09-14 11:49:08,139 [om1-impl-thread1] INFO  util.JmxRegister (JmxRegister.java:tryRegister(44)) - Successfully registered JMX Bean with object name Ratis:service=RaftServer,group=group-C5BA1605619E,id=om1
2023-09-14 11:49:08,140 [om1@group-C5BA1605619E-FollowerState] INFO  server.RaftServerConfigKeys (ConfUtils.java:logFallback(53)) - raft.server.rpc.first-election.timeout.min = 5s (fallback to raft.server.rpc.timeout.min)
2023-09-14 11:49:08,141 [om1@group-C5BA1605619E-FollowerState] INFO  server.RaftServerConfigKeys (ConfUtils.java:logFallback(53)) - raft.server.rpc.first-election.timeout.max = 5200ms (fallback to raft.server.rpc.timeout.max)
2023-09-14 11:49:08,141 [om1-impl-thread1] INFO  server.RaftServerConfigKeys (ConfUtils.java:logGet(46)) - raft.server.snapshot.auto.trigger.enabled = true (custom)
2023-09-14 11:49:08,141 [om1-impl-thread1] INFO  server.RaftServerConfigKeys (ConfUtils.java:logGet(46)) - raft.server.snapshot.auto.trigger.threshold = 400000 (default)
2023-09-14 11:49:08,142 [om1-impl-thread1] INFO  server.RaftServerConfigKeys (ConfUtils.java:logGet(46)) - raft.server.snapshot.retention.file.num = -1 (default)
2023-09-14 11:49:08,142 [om1-impl-thread1] INFO  server.RaftServerConfigKeys (ConfUtils.java:logGet(46)) - raft.server.log.purge.upto.snapshot.index = true (custom)
2023-09-14 11:49:08,145 [Time-limited test] INFO  server.RaftServer (RaftServerProxy.java:startImpl(400)) - om1: start RPC server
2023-09-14 11:49:08,147 [Time-limited test] INFO  server.GrpcService (GrpcService.java:startImpl(302)) - om1: GrpcService started, listening on 9872
2023-09-14 11:49:08,147 [JvmPauseMonitor2] INFOStarting OM delegation token secret manager
  util.JvmPauseMonitor (JvmPauseMonitor.java:run(103)) - JvmPauseMonitor-om1: Started
2023-09-14 11:49:08,147 [Time-limited test] INFO  om.OzoneManager (OzoneManager.java:startSecretManager(1106)) - Starting OM delegation token secret manager
2023-09-14 11:49:08,150 [Time-limited test] INFO  security.OzoneDelegationTokenSecretManager (OzoneSecretManager.java:updateCurrentKey(175)) - Updating current master key for generating tokens. Cert id 1972226382342
2023-09-14 11:49:08,152 [Time-limited test] INFO  om.OzoneManager (OzoneManager.java:start(1649)) - Version File has different layout version (6) than OM DB (null). That is expected if this OM has never been finalized to a newer layout version.
2023-09-14 11:49:08,154 [Thread[Thread-711,5,FailOnTimeoutGroup]] INFO  security.OzoneDelegationTokenSecretManager (OzoneDelegationTokenSecretManager.java:run(636)) - Starting expired delegation token remover thread, tokenRemoverScanInterval=60 min(s)
2023-09-14 11:49:08,173 [Time-limited test] INFO  http.BaseHttpServer (BaseHttpServer.java:newHttpServer2BuilderForOzone(223)) - Starting Web-server for ozoneManager at: http://0.0.0.0:9874
2023-09-14 11:49:08,173 [Time-limited test] INFO  http.BaseHttpServer (BaseHttpServer.java:<init>(110)) - Hadoop Security Enabled: true Ozone Security Enabled: true Ozone HTTP Security Enabled: false 
2023-09-14 11:49:08,174 [Time-limited test] WARN  server.AuthenticationFilter (AuthenticationFilter.java:constructSecretProvider(240)) - Unable to initialize FileSignerSecretProvider, falling back to use random secrets. Reason: Could not read signature secret file: /home/runner/hadoop-http-auth-signature-secret
2023-09-14 11:49:08,177 [Time-limited test] INFO  http.HttpRequestLog (HttpRequestLog.java:getRequestLog(86)) - Http request log for http.requests.ozoneManager is not defined
2023-09-14 11:49:08,179 [Time-limited test] INFO  http.HttpServer2 (HttpServer2.java:addGlobalFilter(1031)) - Added global filter 'safety' (class=org.apache.hadoop.hdds.server.http.HttpServer2$QuotingInputFilter)
2023-09-14 11:49:08,180 [Time-limited test] INFO  http.HttpServer2 (HttpServer2.java:addFilter(1007)) - Added filter static_user_filter (class=org.apache.hadoop.http.lib.StaticUserWebFilter$StaticUserFilter) to context ozoneManager
2023-09-14 11:49:08,180 [Time-limited test] INFO  http.HttpServer2 (HttpServer2.java:addFilter(1015)) - Added filter static_user_filter (class=org.apache.hadoop.http.lib.StaticUserWebFilter$StaticUserFilter) to context logs
2023-09-14 11:49:08,180 [Time-limited test] INFO  http.HttpServer2 (HttpServer2.java:addFilter(1015)) - Added filter static_user_filter (class=org.apache.hadoop.http.lib.StaticUserWebFilter$StaticUserFilter) to context static
2023-09-14 11:49:08,183 [Time-limited test] INFO  http.BaseHttpServer (BaseHttpServer.java:<init>(189)) - HTTP server of ozoneManager uses base directory /tmp/junit7087100724380721423/junit2818044213736716720/om-meta/webserver
2023-09-14 11:49:08,186 [Time-limited test] INFO  http.HttpServer2 (HttpServer2.java:bindListener(1231)) - Jetty bound to port 9874
2023-09-14 11:49:08,186 [Time-limited test] INFO  server.Server (Server.java:doStart(375)) - jetty-9.4.51.v20230217; built: 2023-02-17T08:19:37.309Z; git: b45c405e4544384de066f814ed42ae3dceacdd49; jvm 1.8.0_382-b05
2023-09-14 11:49:08,187 [Time-limited test] INFO  server.session (DefaultSessionIdManager.java:doStart(334)) - DefaultSessionIdManager workerName=node0
2023-09-14 11:49:08,187 [Time-limited test] INFO  server.session (DefaultSessionIdManager.java:doStart(339)) - No SessionScavenger set, using defaults
2023-09-14 11:49:08,188 [Time-limited test] INFO  server.session (HouseKeeper.java:startScavenging(132)) - node0 Scavenging every 660000ms
2023-09-14 11:49:08,188 [Time-limited test] INFO  handler.ContextHandler (ContextHandler.java:doStart(921)) - Started o.e.j.s.ServletContextHandler@280922ba{logs,/logs,file:///home/runner/work/ozone/ozone/hadoop-ozone/integration-test/target/log,AVAILABLE}
2023-09-14 11:49:08,189 [Time-limited test] INFO  handler.ContextHandler (ContextHandler.java:doStart(921)) - Started o.e.j.s.ServletContextHandler@7b96bb82{static,/static,file:///home/runner/work/ozone/ozone/hadoop-ozone/integration-test/target/test-classes/webapps/static,AVAILABLE}
2023-09-14 11:49:08,192 [Time-limited test] INFO  handler.ContextHandler (ContextHandler.java:doStart(921)) - Started o.e.j.w.WebAppContext@26352e0d{ozoneManager,/,file:///home/runner/work/ozone/ozone/hadoop-ozone/integration-test/target/test-classes/webapps/ozoneManager/,AVAILABLE}{file:/home/runner/work/ozone/ozone/hadoop-ozone/integration-test/target/test-classes/webapps/ozoneManager}
2023-09-14 11:49:08,193 [Time-limited test] INFO  server.AbstractConnector (AbstractConnector.java:doStart(333)) - Started ServerConnector@78b5b1eb{HTTP/1.1, (http/1.1)}{0.0.0.0:9874}
2023-09-14 11:49:08,193 [Time-limited test] INFO  server.Server (Server.java:doStart(415)) - Started @23487ms
2023-09-14 11:49:08,193 [Time-limited test] WARN  impl.MetricsSystemImpl (MetricsSystemImpl.java:register(279)) - Sink prometheus already exists!
2023-09-14 11:49:08,194 [Time-limited test] INFO  http.BaseHttpServer (BaseHttpServer.java:updateConnectorAddress(354)) - HTTP server of ozoneManager listening at http://0.0.0.0:9874
2023-09-14 11:49:08,194 [IPC Server Responder] INFO  ipc.Server (Server.java:run(1562)) - IPC Server Responder: starting
2023-09-14 11:49:08,194 [IPC Server listener on 1202] INFO  ipc.Server (Server.java:run(1402)) - IPC Server listener on 1202: starting
2023-09-14 11:49:08,214 [Time-limited test] INFO  om.OzoneManager (OzoneManager.java:startTrashEmptier(2101)) - Trash Interval set to 0. Files deleted won't move to trash
2023-09-14 11:49:08,273 [pool-139-thread-2] INFO  request.TgsRequest (TgsRequest.java:issueTicket(115)) - TGS_REQ ISSUE: authtime 1694692148273,om/fv-az240-193.bcold04rutgefduts2gkrghvsa.bx.internal.cloudapp.net for om/fv-az240-193.bcold04rutgefduts2gkrghvsa.bx.internal.cloudapp.net@EXAMPLE.COM
2023-09-14 11:49:08,286 [Socket Reader #1 for port 1202] INFO  ipc.Server (Server.java:saslProcess(2139)) - Auth successful for om/fv-az240-193.bcold04rutgefduts2gkrghvsa.bx.internal.cloudapp.net@EXAMPLE.COM (auth:KERBEROS) from fv-az240-193.bcold04rutgefduts2gkrghvsa.bx.internal.cloudapp.net:38905 / 10.1.136.0:38905
2023-09-14 11:49:10,385 [Time-limited test] INFO  retry.RetryInvocationHandler (RetryInvocationHandler.java:log(422)) - com.google.protobuf.ServiceException: org.apache.hadoop.ipc.RemoteException(org.apache.hadoop.ozone.om.exceptions.OMNotLeaderException): OM:om1 is not the leader. Could not determine the leader node.
	at org.apache.hadoop.ozone.om.OzoneManager.checkLeaderStatus(OzoneManager.java:4016)
	at org.apache.hadoop.ozone.om.ratis.utils.OzoneManagerRatisUtils.checkLeaderStatus(OzoneManagerRatisUtils.java:476)
	at org.apache.hadoop.ozone.protocolPB.OzoneManagerProtocolServerSideTranslatorPB.processRequest(OzoneManagerProtocolServerSideTranslatorPB.java:185)
	at org.apache.hadoop.hdds.server.OzoneProtocolMessageDispatcher.processRequest(OzoneProtocolMessageDispatcher.java:87)
	at org.apache.hadoop.ozone.protocolPB.OzoneManagerProtocolServerSideTranslatorPB.submitRequest(OzoneManagerProtocolServerSideTranslatorPB.java:148)
	at org.apache.hadoop.ozone.protocol.proto.OzoneManagerProtocolProtos$OzoneManagerService$2.callBlockingMethod(OzoneManagerProtocolProtos.java)
	at org.apache.hadoop.ipc.ProtobufRpcEngine$Server.processCall(ProtobufRpcEngine.java:484)
	at org.apache.hadoop.ipc.ProtobufRpcEngine2$Server$ProtoBufRpcInvoker.call(ProtobufRpcEngine2.java:595)
	at org.apache.hadoop.ipc.ProtobufRpcEngine2$Server$ProtoBufRpcInvoker.call(ProtobufRpcEngine2.java:573)
	at org.apache.hadoop.ipc.RPC$Server.call(RPC.java:1227)
	at org.apache.hadoop.ipc.Server$RpcCall.run(Server.java:1094)
	at org.apache.hadoop.ipc.Server$RpcCall.run(Server.java:1017)
	at java.security.AccessController.doPrivileged(Native Method)
	at javax.security.auth.Subject.doAs(Subject.java:422)
	at org.apache.hadoop.security.UserGroupInformation.doAs(UserGroupInformation.java:1899)
	at org.apache.hadoop.ipc.Server$Handler.run(Server.java:3048)
, while invoking $Proxy53.submitRequest over nodeId=null,nodeAddress=fv-az240-193.bcold04rutgefduts2gkrghvsa.bx.internal.cloudapp.net:1202 after 1 failover attempts. Trying to failover after sleeping for 4000ms. Current retry count: 1.
2023-09-14 11:49:13,319 [om1@group-C5BA1605619E-FollowerState] INFO  impl.FollowerState (FollowerState.java:run(143)) - om1@group-C5BA1605619E-FollowerState: change to CANDIDATE, lastRpcElapsedTime:5181211065ns, electionTimeout:5177ms
2023-09-14 11:49:13,320 [om1@group-C5BA1605619E-FollowerState] INFO  impl.RoleInfo (RoleInfo.java:shutdownFollowerState(110)) - om1: shutdown om1@group-C5BA1605619E-FollowerState
2023-09-14 11:49:13,321 [om1@group-C5BA1605619E-FollowerState] INFO  server.RaftServer$Division (RaftServerImpl.java:setRole(329)) - om1@group-C5BA1605619E: changes role from  FOLLOWER to CANDIDATE at term 0 for changeToCandidate
2023-09-14 11:49:13,324 [om1@group-C5BA1605619E-FollowerState] INFO  server.RaftServerConfigKeys (ConfUtils.java:logGet(46)) - raft.server.leaderelection.pre-vote = true (default)
2023-09-14 11:49:13,324 [om1@group-C5BA1605619E-FollowerState] INFO  impl.RoleInfo (RoleInfo.java:updateAndGet(139)) - om1: start om1@group-C5BA1605619E-LeaderElection1
2023-09-14 11:49:13,331 [om1@group-C5BA1605619E-LeaderElection1] INFO  impl.LeaderElection (LeaderElection.java:askForVotes(321)) - om1@group-C5BA1605619E-LeaderElection1 PRE_VOTE round 0: submit vote requests at term 0 for -1: peers:[om1|rpc:fv-az240-193.bcold04rutgefduts2gkrghvsa.bx.internal.cloudapp.net:9872|priority:0|startupRole:FOLLOWER]|listeners:[], old=null
2023-09-14 11:49:13,332 [om1@group-C5BA1605619E-LeaderElection1] INFO  impl.LeaderElection (LeaderElection.java:askForVotes(323)) - om1@group-C5BA1605619E-LeaderElection1 PRE_VOTE round 0: result PASSED (term=0)
2023-09-14 11:49:13,334 [om1@group-C5BA1605619E-LeaderElection1] INFO  impl.LeaderElection (LeaderElection.java:askForVotes(321)) - om1@group-C5BA1605619E-LeaderElection1 ELECTION round 0: submit vote requests at term 1 for -1: peers:[om1|rpc:fv-az240-193.bcold04rutgefduts2gkrghvsa.bx.internal.cloudapp.net:9872|priority:0|startupRole:FOLLOWER]|listeners:[], old=null
2023-09-14 11:49:13,334 [om1@group-C5BA1605619E-LeaderElection1] INFO  impl.LeaderElection (LeaderElection.java:askForVotes(323)) - om1@group-C5BA1605619E-LeaderElection1 ELECTION round 0: result PASSED (term=1)
2023-09-14 11:49:13,334 [om1@group-C5BA1605619E-LeaderElection1] INFO  impl.RoleInfo (RoleInfo.java:shutdownLeaderElection(130)) - om1: shutdown om1@group-C5BA1605619E-LeaderElection1
2023-09-14 11:49:13,334 [om1@group-C5BA1605619E-LeaderElection1] INFO  server.RaftServer$Division (RaftServerImpl.java:setRole(329)) - om1@group-C5BA1605619E: changes role from CANDIDATE to LEADER at term 1 for changeToLeader
2023-09-14 11:49:13,335 [om1@group-C5BA1605619E-LeaderElection1] INFO  server.RaftServer$Division (ServerState.java:setLeader(317)) - om1@group-C5BA1605619E: change Leader from null to om1 at term 1 for becomeLeader, leader elected after 6156ms
2023-09-14 11:49:13,342 [om1@group-C5BA1605619E-LeaderElection1] INFO  server.RaftServerConfigKeys (ConfUtils.java:logGet(46)) - raft.server.staging.catchup.gap = 1000 (default)
2023-09-14 11:49:13,346 [om1@group-C5BA1605619E-LeaderElection1] INFO  server.RaftServerConfigKeys (ConfUtils.java:logGet(46)) - raft.server.write.element-limit = 4096 (default)
2023-09-14 11:49:13,346 [om1@group-C5BA1605619E-LeaderElection1] INFO  server.RaftServerConfigKeys (ConfUtils.java:logGet(46)) - raft.server.write.byte-limit = 64MB (=67108864) (default)
2023-09-14 11:49:13,351 [om1@group-C5BA1605619E-LeaderElection1] INFO  server.RaftServerConfigKeys (ConfUtils.java:logGet(46)) - raft.server.watch.timeout = 10s (default)
2023-09-14 11:49:13,351 [om1@group-C5BA1605619E-LeaderElection1] INFO  server.RaftServerConfigKeys (ConfUtils.java:logGet(46)) - raft.server.watch.timeout.denomination = 1s (default)
2023-09-14 11:49:13,351 [om1@group-C5BA1605619E-LeaderElection1] INFO  server.RaftServerConfigKeys (ConfUtils.java:logGet(46)) - raft.server.watch.element-limit = 65536 (default)
2023-09-14 11:49:13,356 [om1@group-C5BA1605619E-LeaderElection1] INFO  server.RaftServerConfigKeys (ConfUtils.java:logGet(46)) - raft.server.write.element-limit = 4096 (default)
2023-09-14 11:49:13,357 [om1@group-C5BA1605619E-LeaderElection1] INFO  server.RaftServerConfigKeys (ConfUtils.java:logGet(46)) - raft.server.write.follower.gap.ratio.max = -1.0 (default)
2023-09-14 11:49:13,359 [om1@group-C5BA1605619E-LeaderElection1] INFO  impl.RoleInfo (RoleInfo.java:updateAndGet(139)) - om1: start om1@group-C5BA1605619E-LeaderStateImpl
2023-09-14 11:49:13,377 [om1@group-C5BA1605619E-LeaderElection1] INFO  segmented.SegmentedRaftLogWorker (SegmentedRaftLogWorker.java:startLogSegment(447)) - om1@group-C5BA1605619E-SegmentedRaftLogWorker: Starting segment from index:0
2023-09-14 11:49:13,421 [om1@group-C5BA1605619E-LeaderElection1] INFO  server.RaftServer$Division (ServerState.java:setRaftConf(434)) - om1@group-C5BA1605619E: set configuration 0: peers:[om1|rpc:fv-az240-193.bcold04rutgefduts2gkrghvsa.bx.internal.cloudapp.net:9872|admin:|client:|dataStream:|priority:0|startupRole:FOLLOWER]|listeners:[], old=null
2023-09-14 11:49:13,458 [om1@group-C5BA1605619E-SegmentedRaftLogWorker] INFO  segmented.SegmentedRaftLogWorker (SegmentedRaftLogWorker.java:execute(651)) - om1@group-C5BA1605619E-SegmentedRaftLogWorker: created new log segment /tmp/junit7087100724380721423/junit2818044213736716720/om-meta/ratis/bf265839-605b-3f16-9796-c5ba1605619e/current/log_inprogress_0
2023-09-14 11:49:13,541 [om1@group-C5BA1605619E-StateMachineUpdater] INFO  ratis.OzoneManagerStateMachine (OzoneManagerStateMachine.java:notifyConfigurationChanged(202)) - Received Configuration change notification from Ratis. New Peer list:
[id: "om1"
address: "fv-az240-193.bcold04rutgefduts2gkrghvsa.bx.internal.cloudapp.net:9872"
startupRole: FOLLOWER
]
11:49:14.481 [OM StateMachine ApplyTransaction Thread - 0] ERROR OMAudit - user=om/fv-az240-193.bcold04rutgefduts2gkrghvsa.bx.internal.cloudapp.net@EXAMPLE.COM | ip=10.1.136.0 | op=GET_S3_SECRET {S3GetSecretUser=om/fv-az240-193.bcold04rutgefduts2gkrghvsa.bx.internal.cloudapp.net@EXAMPLE.COM} | ret=FAILURE
org.apache.hadoop.ozone.om.exceptions.OMException: Secret for 'om/fv-az240-193.bcold04rutgefduts2gkrghvsa.bx.internal.cloudapp.net@EXAMPLE.COM' already exists
	at org.apache.hadoop.ozone.om.request.s3.security.S3GetSecretRequest.lambda$0(S3GetSecretRequest.java:178) ~[ozone-manager-1.4.0-SNAPSHOT.jar:?]
	at org.apache.hadoop.ozone.om.S3SecretLockedManager.doUnderLock(S3SecretLockedManager.java:85) ~[ozone-common-1.4.0-SNAPSHOT.jar:?]
	at org.apache.hadoop.ozone.om.request.s3.security.S3GetSecretRequest.validateAndUpdateCache(S3GetSecretRequest.java:153) ~[ozone-manager-1.4.0-SNAPSHOT.jar:?]
	at org.apache.hadoop.ozone.protocolPB.OzoneManagerRequestHandler.handleWriteRequest(OzoneManagerRequestHandler.java:373) ~[ozone-manager-1.4.0-SNAPSHOT.jar:?]
	at org.apache.hadoop.ozone.om.ratis.OzoneManagerStateMachine.runCommand(OzoneManagerStateMachine.java:568) ~[ozone-manager-1.4.0-SNAPSHOT.jar:?]
	at org.apache.hadoop.ozone.om.ratis.OzoneManagerStateMachine.lambda$1(OzoneManagerStateMachine.java:359) ~[ozone-manager-1.4.0-SNAPSHOT.jar:?]
	at java.util.concurrent.CompletableFuture$AsyncSupply.run(CompletableFuture.java:1604) [?:1.8.0_382]
	at java.util.concurrent.ThreadPoolExecutor.runWorker(ThreadPoolExecutor.java:1149) [?:1.8.0_382]
	at java.util.concurrent.ThreadPoolExecutor$Worker.run(ThreadPoolExecutor.java:624) [?:1.8.0_382]
	at java.lang.Thread.run(Thread.java:750) [?:1.8.0_382]
2023-09-14 11:49:14,491 [OM StateMachine ApplyTransaction Thread - 0] ERROR security.S3GetSecretRequest (S3GetSecretRequest.java:validateAndUpdateCache(232)) - Failed to GetSecret for accessKey 'om/fv-az240-193.bcold04rutgefduts2gkrghvsa.bx.internal.cloudapp.net@EXAMPLE.COM', createIfNotExist 'true': {}
S3_SECRET_ALREADY_EXISTS org.apache.hadoop.ozone.om.exceptions.OMException: Secret for 'om/fv-az240-193.bcold04rutgefduts2gkrghvsa.bx.internal.cloudapp.net@EXAMPLE.COM' already exists
	at org.apache.hadoop.ozone.om.request.s3.security.S3GetSecretRequest.lambda$0(S3GetSecretRequest.java:178)
	at org.apache.hadoop.ozone.om.S3SecretLockedManager.doUnderLock(S3SecretLockedManager.java:85)
	at org.apache.hadoop.ozone.om.request.s3.security.S3GetSecretRequest.validateAndUpdateCache(S3GetSecretRequest.java:153)
	at org.apache.hadoop.ozone.protocolPB.OzoneManagerRequestHandler.handleWriteRequest(OzoneManagerRequestHandler.java:373)
	at org.apache.hadoop.ozone.om.ratis.OzoneManagerStateMachine.runCommand(OzoneManagerStateMachine.java:568)
	at org.apache.hadoop.ozone.om.ratis.OzoneManagerStateMachine.lambda$1(OzoneManagerStateMachine.java:359)
	at java.util.concurrent.CompletableFuture$AsyncSupply.run(CompletableFuture.java:1604)
	at java.util.concurrent.ThreadPoolExecutor.runWorker(ThreadPoolExecutor.java:1149)
	at java.util.concurrent.ThreadPoolExecutor$Worker.run(ThreadPoolExecutor.java:624)
	at java.lang.Thread.run(Thread.java:750)
2023-09-14 11:49:14,500 [OM StateMachine ApplyTransaction Thread - 0] INFO  security.S3RevokeSecretRequest (S3RevokeSecretRequest.java:validateAndUpdateCache(127)) - Secret for om/fv-az240-193.bcold04rutgefduts2gkrghvsa.bx.internal.cloudapp.net@EXAMPLE.COM is revoked.
11:49:14.539 [OM StateMachine ApplyTransaction Thread - 0] ERROR OMAudit - user=om/fv-az240-193.bcold04rutgefduts2gkrghvsa.bx.internal.cloudapp.net@EXAMPLE.COM | ip=10.1.136.0 | op=GET_S3_SECRET {S3GetSecretUser=om/fv-az240-193.bcold04rutgefduts2gkrghvsa.bx.internal.cloudapp.net@EXAMPLE.COM} | ret=FAILURE
org.apache.hadoop.ozone.om.exceptions.OMException: Secret for 'om/fv-az240-193.bcold04rutgefduts2gkrghvsa.bx.internal.cloudapp.net@EXAMPLE.COM' already exists
	at org.apache.hadoop.ozone.om.request.s3.security.S3GetSecretRequest.lambda$0(S3GetSecretRequest.java:178) ~[ozone-manager-1.4.0-SNAPSHOT.jar:?]
	at org.apache.hadoop.ozone.om.S3SecretLockedManager.doUnderLock(S3SecretLockedManager.java:85) ~[ozone-common-1.4.0-SNAPSHOT.jar:?]
	at org.apache.hadoop.ozone.om.request.s3.security.S3GetSecretRequest.validateAndUpdateCache(S3GetSecretRequest.java:153) ~[ozone-manager-1.4.0-SNAPSHOT.jar:?]
	at org.apache.hadoop.ozone.protocolPB.OzoneManagerRequestHandler.handleWriteRequest(OzoneManagerRequestHandler.java:373) ~[ozone-manager-1.4.0-SNAPSHOT.jar:?]
	at org.apache.hadoop.ozone.om.ratis.OzoneManagerStateMachine.runCommand(OzoneManagerStateMachine.java:568) ~[ozone-manager-1.4.0-SNAPSHOT.jar:?]
	at org.apache.hadoop.ozone.om.ratis.OzoneManagerStateMachine.lambda$1(OzoneManagerStateMachine.java:359) ~[ozone-manager-1.4.0-SNAPSHOT.jar:?]
	at java.util.concurrent.CompletableFuture$AsyncSupply.run(CompletableFuture.java:1604) [?:1.8.0_382]
	at java.util.concurrent.ThreadPoolExecutor.runWorker(ThreadPoolExecutor.java:1149) [?:1.8.0_382]
	at java.util.concurrent.ThreadPoolExecutor$Worker.run(ThreadPoolExecutor.java:624) [?:1.8.0_382]
	at java.lang.Thread.run(Thread.java:750) [?:1.8.0_382]
2023-09-14 11:49:14,539 [OM StateMachine ApplyTransaction Thread - 0] ERROR security.S3GetSecretRequest (S3GetSecretRequest.java:validateAndUpdateCache(232)) - Failed to GetSecret for accessKey 'om/fv-az240-193.bcold04rutgefduts2gkrghvsa.bx.internal.cloudapp.net@EXAMPLE.COM', createIfNotExist 'true': {}
S3_SECRET_ALREADY_EXISTS org.apache.hadoop.ozone.om.exceptions.OMException: Secret for 'om/fv-az240-193.bcold04rutgefduts2gkrghvsa.bx.internal.cloudapp.net@EXAMPLE.COM' already exists
	at org.apache.hadoop.ozone.om.request.s3.security.S3GetSecretRequest.lambda$0(S3GetSecretRequest.java:178)
	at org.apache.hadoop.ozone.om.S3SecretLockedManager.doUnderLock(S3SecretLockedManager.java:85)
	at org.apache.hadoop.ozone.om.request.s3.security.S3GetSecretRequest.validateAndUpdateCache(S3GetSecretRequest.java:153)
	at org.apache.hadoop.ozone.protocolPB.OzoneManagerRequestHandler.handleWriteRequest(OzoneManagerRequestHandler.java:373)
	at org.apache.hadoop.ozone.om.ratis.OzoneManagerStateMachine.runCommand(OzoneManagerStateMachine.java:568)
	at org.apache.hadoop.ozone.om.ratis.OzoneManagerStateMachine.lambda$1(OzoneManagerStateMachine.java:359)
	at java.util.concurrent.CompletableFuture$AsyncSupply.run(CompletableFuture.java:1604)
	at java.util.concurrent.ThreadPoolExecutor.runWorker(ThreadPoolExecutor.java:1149)
	at java.util.concurrent.ThreadPoolExecutor$Worker.run(ThreadPoolExecutor.java:624)
	at java.lang.Thread.run(Thread.java:750)
2023-09-14 11:49:14,543 [OM StateMachine ApplyTransaction Thread - 0] INFO  security.S3RevokeSecretRequest (S3RevokeSecretRequest.java:validateAndUpdateCache(127)) - Secret for om/fv-az240-193.bcold04rutgefduts2gkrghvsa.bx.internal.cloudapp.net@EXAMPLE.COM is revoked.
2023-09-14 11:49:14,550 [OM StateMachine ApplyTransaction Thread - 0] INFO  security.S3RevokeSecretRequest (S3RevokeSecretRequest.java:validateAndUpdateCache(127)) - Secret for HADOOP/ALICE is revoked.
2023-09-14 11:49:14,553 [pool-139-thread-2] INFO  request.KdcRequest (KdcRequest.java:preauth(651)) - The preauth data is empty.
2023-09-14 11:49:14,554 [pool-139-thread-2] INFO  server.KdcHandler (KdcHandler.java:handleRecoverableException(177)) - KRB error occurred while processing request:Additional pre-authentication required
2023-09-14 11:49:14,557 [pool-139-thread-2] INFO  request.AsRequest (AsRequest.java:issueTicket(112)) - AS_REQ ISSUE: authtime 1694692154556,test@EXAMPLE.COM for krbtgt/EXAMPLE.COM@EXAMPLE.COM
2023-09-14 11:49:14,563 [pool-139-thread-2] INFO  request.TgsRequest (TgsRequest.java:issueTicket(115)) - TGS_REQ ISSUE: authtime 1694692154563,test for om/fv-az240-193.bcold04rutgefduts2gkrghvsa.bx.internal.cloudapp.net@EXAMPLE.COM
2023-09-14 11:49:14,569 [Socket Reader #1 for port 1202] INFO  ipc.Server (Server.java:saslProcess(2139)) - Auth successful for test@EXAMPLE.COM (auth:KERBEROS) from fv-az240-193.bcold04rutgefduts2gkrghvsa.bx.internal.cloudapp.net:41634 / 10.1.136.0:41634
2023-09-14 11:49:14,601 [Time-limited test] INFO  om.OzoneManager (OzoneManager.java:stop(2207)) - om1[fv-az240-193.bcold04rutgefduts2gkrghvsa.bx.internal.cloudapp.net:1202]: Stopping Ozone Manager
2023-09-14 11:49:14,601 [Time-limited test] INFO  ipc.Server (Server.java:stop(3523)) - Stopping server on 1202
2023-09-14 11:49:14,605 [IPC Server Responder] INFO  ipc.Server (Server.java:run(1567)) - Stopping IPC Server Responder
2023-09-14 11:49:14,606 [IPC Server listener on 1202] INFO  ipc.Server (Server.java:run(1434)) - Stopping IPC Server listener on 1202
2023-09-14 11:49:14,607 [Time-limited test] INFO  server.RaftServer (RaftServerProxy.java:lambda$close$6(416)) - om1: close
2023-09-14 11:49:14,608 [Time-limited test] INFO  server.GrpcService (GrpcService.java:closeImpl(311)) - om1: shutdown server GrpcServerProtocolService now
2023-09-14 11:49:14,608 [om1-impl-thread1] INFO  server.RaftServer$Division (RaftServerImpl.java:lambda$close$4(466)) - om1@group-C5BA1605619E: shutdown
2023-09-14 11:49:14,609 [om1-impl-thread1] INFO  util.JmxRegister (JmxRegister.java:unregister(73)) - Successfully un-registered JMX Bean with object name Ratis:service=RaftServer,group=group-C5BA1605619E,id=om1
2023-09-14 11:49:14,609 [om1-impl-thread1] INFO  impl.RoleInfo (RoleInfo.java:shutdownLeaderState(93)) - om1: shutdown om1@group-C5BA1605619E-LeaderStateImpl
2023-09-14 11:49:14,610 [om1-impl-thread1] INFO  impl.PendingRequests (PendingRequests.java:sendNotLeaderResponses(289)) - om1@group-C5BA1605619E-PendingRequests: sendNotLeaderResponses
2023-09-14 11:49:14,616 [om1-impl-thread1] INFO  impl.StateMachineUpdater (StateMachineUpdater.java:stopAndJoin(155)) - om1@group-C5BA1605619E-StateMachineUpdater: set stopIndex = 18
2023-09-14 11:49:14,616 [om1@group-C5BA1605619E-StateMachineUpdater] INFO  ratis.OzoneManagerStateMachine (OzoneManagerStateMachine.java:takeSnapshot(480)) - Current Snapshot Index (t:1, i:18)
2023-09-14 11:49:14,618 [Time-limited test] INFO  server.GrpcService (GrpcService.java:closeImpl(320)) - om1: shutdown server GrpcServerProtocolService successfully
2023-09-14 11:49:14,629 [om1@group-C5BA1605619E-StateMachineUpdater] INFO  impl.StateMachineUpdater (StateMachineUpdater.java:takeSnapshot(291)) - om1@group-C5BA1605619E-StateMachineUpdater: Took a snapshot at index 18
2023-09-14 11:49:14,629 [om1@group-C5BA1605619E-StateMachineUpdater] INFO  impl.StateMachineUpdater (StateMachineUpdater.java:lambda$new$0(97)) - om1@group-C5BA1605619E-StateMachineUpdater: snapshotIndex: updateIncreasingly -1 -> 18
2023-09-14 11:49:14,629 [om1@group-C5BA1605619E-StateMachineUpdater] INFO  ratis.OzoneManagerStateMachine (OzoneManagerStateMachine.java:close(534)) - StateMachine has shutdown. Shutdown OzoneManager if not already shutdown.
2023-09-14 11:49:14,629 [om1@group-C5BA1605619E-StateMachineUpdater] INFO  ratis.OzoneManagerDoubleBuffer (OzoneManagerDoubleBuffer.java:stopDaemon(551)) - Stopping OMDoubleBuffer flush thread
2023-09-14 11:49:14,630 [OMDoubleBufferFlushThread] INFO  ratis.OzoneManagerDoubleBuffer (OzoneManagerDoubleBuffer.java:canFlush(638)) - OMDoubleBuffer flush thread OMDoubleBufferFlushThread is interrupted and will exit.
2023-09-14 11:49:14,630 [om1-impl-thread1] INFO  server.RaftServer$Division (ServerState.java:close(472)) - om1@group-C5BA1605619E: closes. applyIndex: 18
2023-09-14 11:49:15,552 [om1-impl-thread1] INFO  segmented.SegmentedRaftLogWorker (SegmentedRaftLogWorker.java:close(252)) - om1@group-C5BA1605619E-SegmentedRaftLogWorker close()
2023-09-14 11:49:15,553 [JvmPauseMonitor2] INFO  util.JvmPauseMonitor (JvmPauseMonitor.java:run(109)) - JvmPauseMonitor-om1: Stopped
2023-09-14 11:49:15,553 [Time-limited test] INFO  ratis.OzoneManagerStateMachine (OzoneManagerStateMachine.java:close(534)) - StateMachine has shutdown. Shutdown OzoneManager if not already shutdown.
2023-09-14 11:49:15,553 [Time-limited test] INFO  ratis.OzoneManagerDoubleBuffer (OzoneManagerDoubleBuffer.java:stopDaemon(560)) - OMDoubleBuffer flush thread is not running.
2023-09-14 11:49:15,554 [Time-limited test] INFO  utils.BackgroundService (BackgroundService.java:shutdown(141)) - Shutting down service KeyDeletingService
2023-09-14 11:49:15,554 [Time-limited test] INFO  utils.BackgroundService (BackgroundService.java:shutdown(141)) - Shutting down service KeyDeletingService
2023-09-14 11:49:15,554 [Time-limited test] INFO  utils.BackgroundService (BackgroundService.java:shutdown(141)) - Shutting down service OpenKeyCleanupService
2023-09-14 11:49:15,555 [Time-limited test] INFO  utils.BackgroundService (BackgroundService.java:shutdown(141)) - Shutting down service SstFilteringService
2023-09-14 11:49:15,555 [Time-limited test] INFO  utils.BackgroundService (BackgroundService.java:shutdown(141)) - Shutting down service SnapshotDeletingService
2023-09-14 11:49:15,555 [Time-limited test] INFO  om.OzoneManager (OzoneManager.java:stopSecretManager(1066)) - Stopping secret key client.
2023-09-14 11:49:15,556 [Time-limited test] INFO  om.OzoneManager (OzoneManager.java:stopSecretManager(1071)) - Stopping OM delegation token secret manager.
2023-09-14 11:49:15,556 [Thread[Thread-711,5,FailOnTimeoutGroup]] INFO  security.OzoneDelegationTokenSecretManager (OzoneDelegationTokenSecretManager.java:run(653)) - ExpiredTokenRemover was interrupted.
java.lang.InterruptedException: sleep interrupted
	at java.lang.Thread.sleep(Native Method)
	at org.apache.hadoop.ozone.security.OzoneDelegationTokenSecretManager$ExpiredTokenRemover.run(OzoneDelegationTokenSecretManager.java:649)
	at java.lang.Thread.run(Thread.java:750)
2023-09-14 11:49:15,557 [Time-limited test] INFO  handler.ContextHandler (ContextHandler.java:doStop(1159)) - Stopped o.e.j.w.WebAppContext@26352e0d{ozoneManager,/,null,STOPPED}{file:/home/runner/work/ozone/ozone/hadoop-ozone/integration-test/target/test-classes/webapps/ozoneManager}
2023-09-14 11:49:15,557 [Time-limited test] INFO  server.AbstractConnector (AbstractConnector.java:doStop(383)) - Stopped ServerConnector@78b5b1eb{HTTP/1.1, (http/1.1)}{0.0.0.0:9874}
2023-09-14 11:49:15,557 [Time-limited test] INFO  server.session (HouseKeeper.java:stopScavenging(149)) - node0 Stopped scavenging
2023-09-14 11:49:15,558 [Time-limited test] INFO  handler.ContextHandler (ContextHandler.java:doStop(1159)) - Stopped o.e.j.s.ServletContextHandler@7b96bb82{static,/static,file:///home/runner/work/ozone/ozone/hadoop-ozone/integration-test/target/test-classes/webapps/static,STOPPED}
2023-09-14 11:49:15,558 [Time-limited test] INFO  handler.ContextHandler (ContextHandler.java:doStop(1159)) - Stopped o.e.j.s.ServletContextHandler@280922ba{logs,/logs,file:///home/runner/work/ozone/ozone/hadoop-ozone/integration-test/target/log,STOPPED}
2023-09-14 11:49:15,558 [Time-limited test] INFO  rocksdiff.RocksDBCheckpointDiffer (RocksDBCheckpointDiffer.java:close(343)) - Shutting down CompactionDagPruningService.
2023-09-14 11:49:15,560 [Time-limited test] INFO  snapshot.SnapshotDiffManager (SnapshotDiffManager.java:closeExecutorService(1706)) - Shutting down executorService: 'SnapDiffExecutor'
2023-09-14 11:49:15,560 [Time-limited test] INFO  snapshot.SnapshotDiffManager (SnapshotDiffManager.java:closeExecutorService(1706)) - Shutting down executorService: 'SstDumpToolExecutor'
2023-09-14 11:49:15,560 [Time-limited test] INFO  utils.BackgroundService (BackgroundService.java:shutdown(141)) - Shutting down service SnapshotDiffCleanupService
2023-09-14 11:49:15,562 [Time-limited test] INFO  impl.DefaultInternalKdcServerImpl (DefaultInternalKdcServerImpl.java:doStop(102)) - Default Internal kdc server stopped.
2023-09-14 11:49:16,562 [Time-limited test] INFO  minikdc.MiniKdc (MiniKdc.java:stop(359)) - MiniKdc stopped.
2023-09-14 11:49:16,562 [Time-limited test] INFO  om.OzoneManager (OzoneManager.java:stop(2207)) - om1[fv-az240-193.bcold04rutgefduts2gkrghvsa.bx.internal.cloudapp.net:1202]: Stopping Ozone Manager
]]></system-out>
  </testcase>
  <testcase name="testCertificateRotationUnRecoverableFailure" classname="org.apache.hadoop.ozone.TestSecureOzoneCluster" time="0">
    <skipped message="Run it locally since it will terminate the process."/>
  </testcase>
  <testcase name="testOMGrpcServerCertificateRenew" classname="org.apache.hadoop.ozone.TestSecureOzoneCluster" time="0">
    <skipped message="HDDS-8764"/>
  </testcase>
  <testcase name="testCertificateRotation" classname="org.apache.hadoop.ozone.TestSecureOzoneCluster" time="21.99">
    <system-out><![CDATA[2023-09-14 11:49:16,586 [Time-limited test] INFO  net.ServerSocketUtil (ServerSocketUtil.java:getPort(55)) - Using port 9860
2023-09-14 11:49:16,586 [Time-limited test] INFO  net.ServerSocketUtil (ServerSocketUtil.java:getPort(55)) - Using port 9861
2023-09-14 11:49:16,586 [Time-limited test] INFO  net.ServerSocketUtil (ServerSocketUtil.java:getPort(55)) - Using port 9863
2023-09-14 11:49:16,586 [Time-limited test] INFO  net.ServerSocketUtil (ServerSocketUtil.java:getPort(55)) - Using port 9961
2023-09-14 11:49:16,586 [Time-limited test] INFO  net.ServerSocketUtil (ServerSocketUtil.java:getPort(55)) - Using port 1200
2023-09-14 11:49:16,586 [Time-limited test] INFO  net.ServerSocketUtil (ServerSocketUtil.java:getPort(55)) - Using port 1201
2023-09-14 11:49:16,587 [Time-limited test] INFO  minikdc.MiniKdc (MiniKdc.java:<init>(225)) - Configuration:
2023-09-14 11:49:16,587 [Time-limited test] INFO  minikdc.MiniKdc (MiniKdc.java:<init>(226)) - ---------------------------------------------------------------
2023-09-14 11:49:16,587 [Time-limited test] INFO  minikdc.MiniKdc (MiniKdc.java:<init>(228)) -   debug: false
2023-09-14 11:49:16,587 [Time-limited test] INFO  minikdc.MiniKdc (MiniKdc.java:<init>(228)) -   transport: TCP
2023-09-14 11:49:16,587 [Time-limited test] INFO  minikdc.MiniKdc (MiniKdc.java:<init>(228)) -   max.ticket.lifetime: 86400000
2023-09-14 11:49:16,587 [Time-limited test] INFO  minikdc.MiniKdc (MiniKdc.java:<init>(228)) -   org.name: EXAMPLE
2023-09-14 11:49:16,587 [Time-limited test] INFO  minikdc.MiniKdc (MiniKdc.java:<init>(228)) -   kdc.port: 0
2023-09-14 11:49:16,587 [Time-limited test] INFO  minikdc.MiniKdc (MiniKdc.java:<init>(228)) -   org.domain: COM
2023-09-14 11:49:16,587 [Time-limited test] INFO  minikdc.MiniKdc (MiniKdc.java:<init>(228)) -   max.renewable.lifetime: 604800000
2023-09-14 11:49:16,587 [Time-limited test] INFO  minikdc.MiniKdc (MiniKdc.java:<init>(228)) -   instance: DefaultKrbServer
2023-09-14 11:49:16,587 [Time-limited test] INFO  minikdc.MiniKdc (MiniKdc.java:<init>(228)) -   kdc.bind.address: localhost
2023-09-14 11:49:16,587 [Time-limited test] INFO  minikdc.MiniKdc (MiniKdc.java:<init>(230)) - ---------------------------------------------------------------
2023-09-14 11:49:16,589 [Time-limited test] INFO  minikdc.MiniKdc (MiniKdc.java:start(285)) - MiniKdc started.
2023-09-14 11:49:16,962 [Time-limited test] INFO  om.OzoneManager (OzoneManager.java:getOmDetailsProto(4573)) - OzoneManager ports added:[name: "RPC"
value: 1202
]
2023-09-14 11:49:16,966 [Time-limited test] WARN  server.ServerUtils (ServerUtils.java:getDBPath(311)) - ozone.om.db.dirs is not configured. We recommend adding this setting. Falling back to ozone.metadata.dirs instead.
2023-09-14 11:49:16,975 [Time-limited test] INFO  utils.SelfSignedCertificate (SelfSignedCertificate.java:generateCertificate(157)) - Certificate 1981168 is issued by CN=localhost,OU=test,O=cluster to CN=localhost,OU=test,O=cluster, valid from Thu Sep 14 11:49:16 UTC 2023 to Thu Sep 14 11:49:36 UTC 2023
2023-09-14 11:49:16,978 [Time-limited test] INFO  utils.CertificateCodec (CertificateCodec.java:writeCertificate(299)) - Save certificate to /tmp/junit7419665086191175366/junit931400185610016417/om-meta/om/certs/certificate.crt
2023-09-14 11:49:16,978 [Time-limited test] INFO  utils.CertificateCodec (CertificateCodec.java:writeCertificate(300)) - Certificate -----BEGIN CERTIFICATE-----
MIIC5TCCAc2gAwIBAgIDHjrwMA0GCSqGSIb3DQEBCwUAMDUxEjAQBgNVBAMMCWxv
Y2FsaG9zdDENMAsGA1UECwwEdGVzdDEQMA4GA1UECgwHY2x1c3RlcjAeFw0yMzA5
MTQxMTQ5MTZaFw0yMzA5MTQxMTQ5MzZaMDUxEjAQBgNVBAMMCWxvY2FsaG9zdDEN
MAsGA1UECwwEdGVzdDEQMA4GA1UECgwHY2x1c3RlcjCCASIwDQYJKoZIhvcNAQEB
BQADggEPADCCAQoCggEBALREfd8nBSJSj+M7GeSnDM1cNxsve3h7OUfMljdWaZOG
KZk6J/9a9yhQQnA/+7If2sdEZAQ8Jjh/yhz/0pyUPSHNco+WTW3TDPL7tgce/DQp
Kgk8USLLIKFNw10l3di/0igjRl5A1JDzLkRpZF/MM2PmnSERPQbtd4GQBwOOBLKh
NigK4l5gMaWhEDMAJw+h/EYfH/tljZgzUuJ/d7RuuWhS8HtaSi8H0jDHB6bvttES
gus3mH35piv5ghovE7sdfAsrPMx7Acugbe/HN/DTJbf8JksEpvLWPuBBafejGhXC
ZxSjVWY6mo8J++4yuYC1sCH0PCokdWN7CXpHWdzyAUMCAwEAATANBgkqhkiG9w0B
AQsFAAOCAQEAPeZcaLJyXRecIDoDkJ71LQKwHduMlZw4AfyjGGvpcX9/+5Wsu3Ik
0TIAXgDxmrTSK70TFH5hxB0e8FuE8osZtHiW0y0dyaMldCjqHM9DXZrQ5IIDCejZ
5d94mEqPEUu8sRupiwWGA0N0MepFbzEfunhnmMjcn38i3+zPgdAWiu5DkRi/y+DJ
FC3q4JuehOH6WKhXmfc5eq+9aD4+A30F1Ewyl4t6dlYYrdI0BoaDVujXq0xIkkfn
QleyqzN8ZgGSb0sQj8mTSlytFgRYv5axNAhXOXGfvG0q4NngcFY8RMObdqkFteIT
0RXECyYn0a4KLBxCtjEX0EZVR/+aJ7FvEA==
-----END CERTIFICATE-----

2023-09-14 11:49:16,978 [Time-limited test] INFO  utils.CertificateCodec (CertificateCodec.java:writeCertificate(299)) - Save certificate to /tmp/junit7419665086191175366/junit931400185610016417/om-meta/om/certs/ROOTCA-1981168.crt
2023-09-14 11:49:16,978 [Time-limited test] INFO  utils.CertificateCodec (CertificateCodec.java:writeCertificate(300)) - Certificate -----BEGIN CERTIFICATE-----
MIIC5TCCAc2gAwIBAgIDHjrwMA0GCSqGSIb3DQEBCwUAMDUxEjAQBgNVBAMMCWxv
Y2FsaG9zdDENMAsGA1UECwwEdGVzdDEQMA4GA1UECgwHY2x1c3RlcjAeFw0yMzA5
MTQxMTQ5MTZaFw0yMzA5MTQxMTQ5MzZaMDUxEjAQBgNVBAMMCWxvY2FsaG9zdDEN
MAsGA1UECwwEdGVzdDEQMA4GA1UECgwHY2x1c3RlcjCCASIwDQYJKoZIhvcNAQEB
BQADggEPADCCAQoCggEBALREfd8nBSJSj+M7GeSnDM1cNxsve3h7OUfMljdWaZOG
KZk6J/9a9yhQQnA/+7If2sdEZAQ8Jjh/yhz/0pyUPSHNco+WTW3TDPL7tgce/DQp
Kgk8USLLIKFNw10l3di/0igjRl5A1JDzLkRpZF/MM2PmnSERPQbtd4GQBwOOBLKh
NigK4l5gMaWhEDMAJw+h/EYfH/tljZgzUuJ/d7RuuWhS8HtaSi8H0jDHB6bvttES
gus3mH35piv5ghovE7sdfAsrPMx7Acugbe/HN/DTJbf8JksEpvLWPuBBafejGhXC
ZxSjVWY6mo8J++4yuYC1sCH0PCokdWN7CXpHWdzyAUMCAwEAATANBgkqhkiG9w0B
AQsFAAOCAQEAPeZcaLJyXRecIDoDkJ71LQKwHduMlZw4AfyjGGvpcX9/+5Wsu3Ik
0TIAXgDxmrTSK70TFH5hxB0e8FuE8osZtHiW0y0dyaMldCjqHM9DXZrQ5IIDCejZ
5d94mEqPEUu8sRupiwWGA0N0MepFbzEfunhnmMjcn38i3+zPgdAWiu5DkRi/y+DJ
FC3q4JuehOH6WKhXmfc5eq+9aD4+A30F1Ewyl4t6dlYYrdI0BoaDVujXq0xIkkfn
QleyqzN8ZgGSb0sQj8mTSlytFgRYv5axNAhXOXGfvG0q4NngcFY8RMObdqkFteIT
0RXECyYn0a4KLBxCtjEX0EZVR/+aJ7FvEA==
-----END CERTIFICATE-----

2023-09-14 11:49:17,029 [Time-limited test] INFO  utils.SelfSignedCertificate (SelfSignedCertificate.java:generateCertificate(157)) - Certificate 1981226 is issued by CN=localhost,OU=test,O=cluster to CN=localhost,OU=test,O=cluster, valid from Thu Sep 14 11:49:26 UTC 2023 to Thu Sep 14 11:49:46 UTC 2023
2023-09-14 11:49:18,055 [Time-limited test] INFO  security.OMCertificateClient (DefaultCertificateClient.java:updateCertSerialId(1244)) - Certificate serial ID set to 1981168
2023-09-14 11:49:18,086 [Time-limited test] INFO  security.OMCertificateClient (DefaultCertificateClient.java:readCertificateFile(237)) - Added certificate   [0]         Version: 3
         SerialNumber: 1981168
             IssuerDN: CN=localhost,OU=test,O=cluster
           Start Date: Thu Sep 14 11:49:16 UTC 2023
           Final Date: Thu Sep 14 11:49:36 UTC 2023
            SubjectDN: CN=localhost,OU=test,O=cluster
           Public Key: RSA Public Key [ce:1e:33:3b:f1:b3:88:05:78:7d:35:6a:fc:9c:c6:a6:23:fe:9e:98],[56:66:d1:a4]
        modulus: b4447ddf270522528fe33b19e4a70ccd5c371b2f7b787b3947cc96375669938629993a27ff5af7285042703ffbb21fdac74464043c26387fca1cffd29c943d21cd728f964d6dd30cf2fbb6071efc34292a093c5122cb20a14dc35d25ddd8bfd22823465e40d490f32e4469645fcc3363e69d21113d06ed77819007038e04b2a136280ae25e6031a5a1103300270fa1fc461f1ffb658d983352e27f77b46eb96852f07b5a4a2f07d230c707a6efb6d11282eb37987df9a62bf9821a2f13bb1d7c0b2b3ccc7b01cba06defc737f0d325b7fc264b04a6f2d63ee04169f7a31a15c26714a355663a9a8f09fbee32b980b5b021f43c2a2475637b097a4759dcf20143
public exponent: 10001

  Signature Algorithm: SHA256WITHRSA
            Signature: 3de65c68b2725d179c203a03909ef52d02b01ddb
                       8c959c3801fca3186be9717f7ffb95acbb7224d1
                       32005e00f19ab4d22bbd13147e61c41d1ef05b84
                       f28b19b47896d32d1dc9a3257428ea1ccf435d9a
                       d0e4820309e8d9e5df78984a8f114bbcb11ba98b
                       058603437431ea456f311fba786798c8dc9f7f22
                       dfeccf81d0168aee439118bfcbe0c9142deae09b
                       9e84e1fa58a85799f7397aafbd683e3e037d05d4
                       4c32978b7a765618add23406868356e8d7ab4c48
                       9247e74257b2ab337c6601926f4b108fc9934a5c
                       ad160458bf96b134085739719fbc6d2ae0d9e070
                       563c44c39b76a905b5e213d115c40b2627d1ae0a
                       2c1c42b63117d0465547ff9a27b16f10
 from file: /tmp/junit7419665086191175366/junit931400185610016417/om-meta/om/certs/certificate.crt.
2023-09-14 11:49:18,106 [Time-limited test] INFO  security.OMCertificateClient (DefaultCertificateClient.java:readCertificateFile(237)) - Added certificate   [0]         Version: 3
         SerialNumber: 1981168
             IssuerDN: CN=localhost,OU=test,O=cluster
           Start Date: Thu Sep 14 11:49:16 UTC 2023
           Final Date: Thu Sep 14 11:49:36 UTC 2023
            SubjectDN: CN=localhost,OU=test,O=cluster
           Public Key: RSA Public Key [ce:1e:33:3b:f1:b3:88:05:78:7d:35:6a:fc:9c:c6:a6:23:fe:9e:98],[56:66:d1:a4]
        modulus: b4447ddf270522528fe33b19e4a70ccd5c371b2f7b787b3947cc96375669938629993a27ff5af7285042703ffbb21fdac74464043c26387fca1cffd29c943d21cd728f964d6dd30cf2fbb6071efc34292a093c5122cb20a14dc35d25ddd8bfd22823465e40d490f32e4469645fcc3363e69d21113d06ed77819007038e04b2a136280ae25e6031a5a1103300270fa1fc461f1ffb658d983352e27f77b46eb96852f07b5a4a2f07d230c707a6efb6d11282eb37987df9a62bf9821a2f13bb1d7c0b2b3ccc7b01cba06defc737f0d325b7fc264b04a6f2d63ee04169f7a31a15c26714a355663a9a8f09fbee32b980b5b021f43c2a2475637b097a4759dcf20143
public exponent: 10001

  Signature Algorithm: SHA256WITHRSA
            Signature: 3de65c68b2725d179c203a03909ef52d02b01ddb
                       8c959c3801fca3186be9717f7ffb95acbb7224d1
                       32005e00f19ab4d22bbd13147e61c41d1ef05b84
                       f28b19b47896d32d1dc9a3257428ea1ccf435d9a
                       d0e4820309e8d9e5df78984a8f114bbcb11ba98b
                       058603437431ea456f311fba786798c8dc9f7f22
                       dfeccf81d0168aee439118bfcbe0c9142deae09b
                       9e84e1fa58a85799f7397aafbd683e3e037d05d4
                       4c32978b7a765618add23406868356e8d7ab4c48
                       9247e74257b2ab337c6601926f4b108fc9934a5c
                       ad160458bf96b134085739719fbc6d2ae0d9e070
                       563c44c39b76a905b5e213d115c40b2627d1ae0a
                       2c1c42b63117d0465547ff9a27b16f10
 from file: /tmp/junit7419665086191175366/junit931400185610016417/om-meta/om/certs/ROOTCA-1981168.crt.
2023-09-14 11:49:18,118 [Time-limited test] INFO  security.OMCertificateClient (DefaultCertificateClient.java:startCertificateRenewerService(1349)) - CertificateRenewerService for om is started with first delay 7893 ms and interval 3333 ms.
2023-09-14 11:49:18,119 [Time-limited test] INFO  security.OMCertificateClient (DefaultCertificateClient.java:init(715)) - Certificate client init case: 7
2023-09-14 11:49:18,119 [Time-limited test] INFO  security.OMCertificateClient (CommonCertificateClient.java:handleCase(110)) - Found certificate file along with KeyPair.
2023-09-14 11:49:18,225 [Time-limited test] INFO  security.OMCertificateClient (DefaultCertificateClient.java:validateKeyPairAndCertificate(794)) - Keypair validated.
2023-09-14 11:49:18,272 [Time-limited test] INFO  security.OMCertificateClient (DefaultCertificateClient.java:validateKeyPairAndCertificate(797)) - Keypair validated with certificate.
2023-09-14 11:49:18,273 [Time-limited test] INFO  ha.OMHANodeDetails (OMHANodeDetails.java:loadOMHAConfig(115)) - ozone.om.internal.service.id is not defined, falling back to ozone.om.service.ids to find serviceID for OzoneManager if it is HA enabled cluster
2023-09-14 11:49:18,273 [Time-limited test] INFO  ha.OMHANodeDetails (OMHANodeDetails.java:loadOMHAConfig(226)) - Configuration does not have ozone.om.address set. Falling back to the default OM address fv-az240-193.bcold04rutgefduts2gkrghvsa.bx.internal.cloudapp.net/10.1.136.0:1202
2023-09-14 11:49:18,273 [Time-limited test] INFO  ha.OMHANodeDetails (OMHANodeDetails.java:getOMNodeDetailsForNonHA(254)) - OM Service ID is not set. Setting it to the default ID: omServiceIdDefault
2023-09-14 11:49:18,274 [Time-limited test] INFO  ha.OMHANodeDetails (OMHANodeDetails.java:getOMNodeDetailsForNonHA(261)) - OM Node ID is not set. Setting it to the default ID: om1
2023-09-14 11:49:18,274 [Time-limited test] WARN  server.ServerUtils (ServerUtils.java:getDBPath(311)) - ozone.om.db.dirs is not configured. We recommend adding this setting. Falling back to ozone.metadata.dirs instead.
2023-09-14 11:49:18,282 [Time-limited test] INFO  upgrade.AbstractLayoutVersionManager (AbstractLayoutVersionManager.java:init(83)) - Initializing Layout version manager with metadata layout = QUOTA (version = 6), software layout = QUOTA (version = 6)
2023-09-14 11:49:18,506 [Time-limited test] INFO  reflections.Reflections (Reflections.java:scan(232)) - Reflections took 222 ms to scan 2 urls, producing 187 keys and 515 values [using 2 cores]
2023-09-14 11:49:18,507 [Time-limited test] INFO  upgrade.OMLayoutVersionManager (OMLayoutVersionManager.java:lambda$0(115)) - Skipping Upgrade Action MockOmUpgradeAction since it has been finalized.
2023-09-14 11:49:18,507 [Time-limited test] INFO  upgrade.OMLayoutVersionManager (OMLayoutVersionManager.java:lambda$0(115)) - Skipping Upgrade Action QuotaRepairUpgradeAction since it has been finalized.
2023-09-14 11:49:18,527 [pool-170-thread-1] INFO  request.KdcRequest (KdcRequest.java:preauth(651)) - The preauth data is empty.
2023-09-14 11:49:18,531 [pool-170-thread-1] INFO  server.KdcHandler (KdcHandler.java:handleRecoverableException(177)) - KRB error occurred while processing request:Additional pre-authentication required
2023-09-14 11:49:18,552 [pool-170-thread-2] INFO  request.AsRequest (AsRequest.java:issueTicket(112)) - AS_REQ ISSUE: authtime 1694692158548,om/fv-az240-193.bcold04rutgefduts2gkrghvsa.bx.internal.cloudapp.net@EXAMPLE.COM for krbtgt/EXAMPLE.COM@EXAMPLE.COM
2023-09-14 11:49:18,554 [Time-limited test] INFO  security.UserGroupInformation (UserGroupInformation.java:loginUserFromKeytab(1132)) - Login successful for user om/fv-az240-193.bcold04rutgefduts2gkrghvsa.bx.internal.cloudapp.net@EXAMPLE.COM using keytab file om.keytab. Keytab auto renewal enabled : false
2023-09-14 11:49:18,555 [Time-limited test] INFO  om.OzoneManager (OzoneManager.java:loginOMUser(1164)) - Ozone Manager login successful.
2023-09-14 11:49:18,555 [Time-limited test] WARN  server.ServerUtils (ServerUtils.java:getDBPath(311)) - ozone.om.db.dirs is not configured. We recommend adding this setting. Falling back to ozone.metadata.dirs instead.
2023-09-14 11:49:18,557 [Time-limited test] INFO  proxy.SCMBlockLocationFailoverProxyProvider (SCMBlockLocationFailoverProxyProvider.java:<init>(114)) - Created block location fail-over proxy with 1 nodes: [nodeId=scmNodeId,nodeAddress=localhost/127.0.0.1:9863]
2023-09-14 11:49:18,559 [Time-limited test] INFO  om.OzoneManager (OzoneManager.java:getOmDetailsProto(4573)) - OzoneManager ports added:[name: "RPC"
value: 1202
]
2023-09-14 11:49:18,564 [Time-limited test] INFO  security.OMCertificateClient (DefaultCertificateClient.java:updateCertSerialId(1244)) - Certificate serial ID set to 1981168
2023-09-14 11:49:18,567 [Time-limited test] INFO  security.OMCertificateClient (DefaultCertificateClient.java:readCertificateFile(237)) - Added certificate   [0]         Version: 3
         SerialNumber: 1981168
             IssuerDN: CN=localhost,OU=test,O=cluster
           Start Date: Thu Sep 14 11:49:16 UTC 2023
           Final Date: Thu Sep 14 11:49:36 UTC 2023
            SubjectDN: CN=localhost,OU=test,O=cluster
           Public Key: RSA Public Key [ce:1e:33:3b:f1:b3:88:05:78:7d:35:6a:fc:9c:c6:a6:23:fe:9e:98],[56:66:d1:a4]
        modulus: b4447ddf270522528fe33b19e4a70ccd5c371b2f7b787b3947cc96375669938629993a27ff5af7285042703ffbb21fdac74464043c26387fca1cffd29c943d21cd728f964d6dd30cf2fbb6071efc34292a093c5122cb20a14dc35d25ddd8bfd22823465e40d490f32e4469645fcc3363e69d21113d06ed77819007038e04b2a136280ae25e6031a5a1103300270fa1fc461f1ffb658d983352e27f77b46eb96852f07b5a4a2f07d230c707a6efb6d11282eb37987df9a62bf9821a2f13bb1d7c0b2b3ccc7b01cba06defc737f0d325b7fc264b04a6f2d63ee04169f7a31a15c26714a355663a9a8f09fbee32b980b5b021f43c2a2475637b097a4759dcf20143
public exponent: 10001

  Signature Algorithm: SHA256WITHRSA
            Signature: 3de65c68b2725d179c203a03909ef52d02b01ddb
                       8c959c3801fca3186be9717f7ffb95acbb7224d1
                       32005e00f19ab4d22bbd13147e61c41d1ef05b84
                       f28b19b47896d32d1dc9a3257428ea1ccf435d9a
                       d0e4820309e8d9e5df78984a8f114bbcb11ba98b
                       058603437431ea456f311fba786798c8dc9f7f22
                       dfeccf81d0168aee439118bfcbe0c9142deae09b
                       9e84e1fa58a85799f7397aafbd683e3e037d05d4
                       4c32978b7a765618add23406868356e8d7ab4c48
                       9247e74257b2ab337c6601926f4b108fc9934a5c
                       ad160458bf96b134085739719fbc6d2ae0d9e070
                       563c44c39b76a905b5e213d115c40b2627d1ae0a
                       2c1c42b63117d0465547ff9a27b16f10
 from file: /tmp/junit7419665086191175366/junit931400185610016417/om-meta/om/certs/certificate.crt.
2023-09-14 11:49:18,571 [Time-limited test] INFO  security.OMCertificateClient (DefaultCertificateClient.java:readCertificateFile(237)) - Added certificate   [0]         Version: 3
         SerialNumber: 1981168
             IssuerDN: CN=localhost,OU=test,O=cluster
           Start Date: Thu Sep 14 11:49:16 UTC 2023
           Final Date: Thu Sep 14 11:49:36 UTC 2023
            SubjectDN: CN=localhost,OU=test,O=cluster
           Public Key: RSA Public Key [ce:1e:33:3b:f1:b3:88:05:78:7d:35:6a:fc:9c:c6:a6:23:fe:9e:98],[56:66:d1:a4]
        modulus: b4447ddf270522528fe33b19e4a70ccd5c371b2f7b787b3947cc96375669938629993a27ff5af7285042703ffbb21fdac74464043c26387fca1cffd29c943d21cd728f964d6dd30cf2fbb6071efc34292a093c5122cb20a14dc35d25ddd8bfd22823465e40d490f32e4469645fcc3363e69d21113d06ed77819007038e04b2a136280ae25e6031a5a1103300270fa1fc461f1ffb658d983352e27f77b46eb96852f07b5a4a2f07d230c707a6efb6d11282eb37987df9a62bf9821a2f13bb1d7c0b2b3ccc7b01cba06defc737f0d325b7fc264b04a6f2d63ee04169f7a31a15c26714a355663a9a8f09fbee32b980b5b021f43c2a2475637b097a4759dcf20143
public exponent: 10001

  Signature Algorithm: SHA256WITHRSA
            Signature: 3de65c68b2725d179c203a03909ef52d02b01ddb
                       8c959c3801fca3186be9717f7ffb95acbb7224d1
                       32005e00f19ab4d22bbd13147e61c41d1ef05b84
                       f28b19b47896d32d1dc9a3257428ea1ccf435d9a
                       d0e4820309e8d9e5df78984a8f114bbcb11ba98b
                       058603437431ea456f311fba786798c8dc9f7f22
                       dfeccf81d0168aee439118bfcbe0c9142deae09b
                       9e84e1fa58a85799f7397aafbd683e3e037d05d4
                       4c32978b7a765618add23406868356e8d7ab4c48
                       9247e74257b2ab337c6601926f4b108fc9934a5c
                       ad160458bf96b134085739719fbc6d2ae0d9e070
                       563c44c39b76a905b5e213d115c40b2627d1ae0a
                       2c1c42b63117d0465547ff9a27b16f10
 from file: /tmp/junit7419665086191175366/junit931400185610016417/om-meta/om/certs/ROOTCA-1981168.crt.
2023-09-14 11:49:18,578 [Time-limited test] INFO  security.OMCertificateClient (DefaultCertificateClient.java:startCertificateRenewerService(1349)) - CertificateRenewerService for om is started with first delay 7429 ms and interval 3333 ms.
2023-09-14 11:49:18,603 [Time-limited test] INFO  om.OzoneManager (OzoneManager.java:<init>(665)) - OM start with adminUsers: [om/fv-az240-193.bcold04rutgefduts2gkrghvsa.bx.internal.cloudapp.net@EXAMPLE.COM, om]
2023-09-14 11:49:18,613 [Time-limited test] WARN  server.ServerUtils (ServerUtils.java:getDBPath(311)) - ozone.om.db.dirs is not configured. We recommend adding this setting. Falling back to ozone.metadata.dirs instead.
2023-09-14 11:49:18,614 [Time-limited test] INFO  helpers.OmKeyInfo (OmKeyInfo.java:getCodec(71)) - OmKeyInfo.getCodec ignorePipeline = true
2023-09-14 11:49:18,820 [Time-limited test] INFO  om.OzoneManager (OzoneManager.java:instantiateServices(794)) - S3 Multi-Tenancy is disabled
2023-09-14 11:49:18,821 [Time-limited test] INFO  security.OzoneSecretStore (OzoneSecretStore.java:loadState(69)) - Loaded 0 tokens
2023-09-14 11:49:18,821 [Time-limited test] INFO  security.OzoneDelegationTokenSecretManager (OzoneDelegationTokenSecretManager.java:loadTokenSecretState(530)) - Loading token state into token manager.
2023-09-14 11:49:18,821 [Time-limited test] INFO  om.OmSnapshotManager (OmSnapshotManager.java:<init>(174)) - Ozone filesystem snapshot feature is enabled.
2023-09-14 11:49:18,821 [Time-limited test] WARN  server.ServerUtils (ServerUtils.java:getDBPath(311)) - ozone.om.snapshot.diff.db.dir is not configured. We recommend adding this setting. Falling back to ozone.metadata.dirs instead.
2023-09-14 11:49:18,841 [Time-limited test] INFO  snapshot.SnapshotDiffManager (SnapshotDiffManager.java:closeExecutorService(1706)) - Shutting down executorService: 'SstDumpToolExecutor'
2023-09-14 11:49:18,853 [Time-limited test] INFO  om.OzoneManager (OzoneManager.java:addS3GVolumeToDB(4305)) - Created Volume s3v With Owner om required for S3Gateway operations.
2023-09-14 11:49:18,853 [Time-limited test] WARN  server.ServerUtils (ServerUtils.java:getDefaultRatisDirectory(323)) - Storage directory for Ratis is not configured. It is a good idea to map this to an SSD disk. Falling back to ozone.metadata.dirs
2023-09-14 11:49:18,853 [Time-limited test] WARN  utils.OzoneManagerRatisUtils (OzoneManagerRatisUtils.java:getOMRatisSnapshotDirectory(464)) - ozone.om.ratis.snapshot.dir is not configured. Falling back to ozone.metadata.dirs config
2023-09-14 11:49:18,854 [Time-limited test] WARN  server.ServerUtils (ServerUtils.java:getDefaultRatisDirectory(323)) - Storage directory for Ratis is not configured. It is a good idea to map this to an SSD disk. Falling back to ozone.metadata.dirs
2023-09-14 11:49:18,857 [Time-limited test] INFO  ratis.OzoneManagerRatisServer (OzoneManagerRatisServer.java:<init>(163)) - Instantiating OM Ratis server with groupID: omServiceIdDefault and peers: fv-az240-193.bcold04rutgefduts2gkrghvsa.bx.internal.cloudapp.net:9872
2023-09-14 11:49:18,857 [Time-limited test] INFO  ratis.OzoneManagerStateMachine (OzoneManagerStateMachine.java:loadSnapshotInfoFromDB(687)) - LastAppliedIndex is set from TransactionInfo from OM DB as (t:0, i:~)
2023-09-14 11:49:18,858 [Time-limited test] INFO  server.RaftServer (ConfUtils.java:logGet(46)) - raft.rpc.type = GRPC (default)
2023-09-14 11:49:18,858 [Time-limited test] INFO  grpc.GrpcConfigKeys (ConfUtils.java:logFallback(53)) - raft.grpc.admin.host = null (fallback to raft.grpc.server.host)
2023-09-14 11:49:18,858 [Time-limited test] INFO  grpc.GrpcConfigKeys (ConfUtils.java:logFallback(53)) - raft.grpc.admin.port = 9872 (fallback to raft.grpc.server.port)
2023-09-14 11:49:18,858 [Time-limited test] INFO  grpc.GrpcConfigKeys (ConfUtils.java:logFallback(53)) - raft.grpc.client.host = null (fallback to raft.grpc.server.host)
2023-09-14 11:49:18,859 [Time-limited test] INFO  grpc.GrpcConfigKeys (ConfUtils.java:logFallback(53)) - raft.grpc.client.port = 9872 (fallback to raft.grpc.server.port)
2023-09-14 11:49:18,859 [Time-limited test] INFO  grpc.GrpcConfigKeys (ConfUtils.java:logGet(46)) - raft.grpc.server.host = null (default)
2023-09-14 11:49:18,859 [Time-limited test] INFO  grpc.GrpcConfigKeys (ConfUtils.java:logGet(46)) - raft.grpc.server.port = 9872 (custom)
2023-09-14 11:49:18,859 [Time-limited test] INFO  server.GrpcService (ConfUtils.java:logGet(46)) - raft.grpc.message.size.max = 33554432 (custom)
2023-09-14 11:49:18,859 [Time-limited test] INFO  server.RaftServerConfigKeys (ConfUtils.java:logGet(46)) - raft.server.log.appender.buffer.byte-limit = 33554432 (custom)
2023-09-14 11:49:18,859 [Time-limited test] INFO  server.GrpcService (ConfUtils.java:logGet(46)) - raft.grpc.flow.control.window = 1MB (=1048576) (default)
2023-09-14 11:49:18,860 [Time-limited test] INFO  server.RaftServerConfigKeys (ConfUtils.java:logGet(46)) - raft.server.rpc.request.timeout = 3000ms (default)
2023-09-14 11:49:18,860 [Time-limited test] INFO  grpc.GrpcConfigKeys (ConfUtils.java:logGet(46)) - raft.grpc.server.heartbeat.channel = true (default)
2023-09-14 11:49:18,860 [Time-limited test] INFO  grpc.GrpcConfigKeys (ConfUtils.java:logGet(46)) - raft.grpc.server.async.request.thread.pool.cached = true (default)
2023-09-14 11:49:18,860 [Time-limited test] INFO  grpc.GrpcConfigKeys (ConfUtils.java:logGet(46)) - raft.grpc.server.async.request.thread.pool.size = 32 (default)
2023-09-14 11:49:18,862 [Time-limited test] INFO  impl.DataStreamServerImpl (ConfUtils.java:logGet(46)) - raft.datastream.type = DISABLED (default)
2023-09-14 11:49:18,862 [Time-limited test] INFO  server.RaftServerConfigKeys (ConfUtils.java:logGet(46)) - raft.server.threadpool.proxy.cached = true (default)
2023-09-14 11:49:18,863 [Time-limited test] INFO  server.RaftServerConfigKeys (ConfUtils.java:logGet(46)) - raft.server.threadpool.proxy.size = 0 (default)
2023-09-14 11:49:18,863 [Time-limited test] INFO  server.RaftServerConfigKeys (ConfUtils.java:logGet(46)) - raft.server.rpc.slowness.timeout = 120s (custom)
2023-09-14 11:49:18,863 [Time-limited test] INFO  server.RaftServerConfigKeys (ConfUtils.java:logGet(46)) - raft.server.leaderelection.leader.step-down.wait-time = 10s (default)
2023-09-14 11:49:18,863 [Time-limited test] INFO  server.RaftServerConfigKeys (ConfUtils.java:logGet(46)) - raft.server.storage.dir = [/tmp/junit7419665086191175366/junit931400185610016417/om-meta/ratis] (custom)
2023-09-14 11:49:18,871 [Time-limited test] INFO  server.RaftServer (RaftServerProxy.java:addNew(98)) - om1: addNew group-C5BA1605619E:[om1|rpc:fv-az240-193.bcold04rutgefduts2gkrghvsa.bx.internal.cloudapp.net:9872|priority:0|startupRole:FOLLOWER] returns group-C5BA1605619E:java.util.concurrent.CompletableFuture@79b951c2[Not completed]
2023-09-14 11:49:18,871 [Time-limited test] INFO  om.OzoneManager (OzoneManager.java:initializeRatisServer(2148)) - OzoneManager Ratis server initialized at port 9872
2023-09-14 11:49:18,871 [Time-limited test] INFO  om.OzoneManager (OzoneManager.java:getRpcServer(1196)) - Creating RPC Server
2023-09-14 11:49:18,873 [om1-groupManagement] INFO  server.RaftServer$Division (RaftServerImpl.java:<init>(198)) - om1: new RaftServerImpl for group-C5BA1605619E:[om1|rpc:fv-az240-193.bcold04rutgefduts2gkrghvsa.bx.internal.cloudapp.net:9872|priority:0|startupRole:FOLLOWER] with OzoneManagerStateMachine:uninitialized
2023-09-14 11:49:18,876 [om1-groupManagement] INFO  server.RaftServerConfigKeys (ConfUtils.java:logGet(46)) - raft.server.rpc.timeout.min = 5s (custom)
2023-09-14 11:49:18,876 [om1-groupManagement] INFO  server.RaftServerConfigKeys (ConfUtils.java:logGet(46)) - raft.server.rpc.timeout.max = 5200ms (custom)
2023-09-14 11:49:18,876 [om1-groupManagement] INFO  server.RaftServerConfigKeys (ConfUtils.java:logGet(46)) - raft.server.rpc.sleep.time = 25ms (default)
2023-09-14 11:49:18,876 [om1-groupManagement] INFO  server.RaftServerConfigKeys (ConfUtils.java:logGet(46)) - raft.server.rpc.slowness.timeout = 120s (custom)
2023-09-14 11:49:18,877 [om1-groupManagement] INFO  server.RaftServerConfigKeys (ConfUtils.java:logGet(46)) - raft.server.leaderelection.leader.step-down.wait-time = 10s (default)
2023-09-14 11:49:18,877 [om1-groupManagement] INFO  server.RaftServerConfigKeys (ConfUtils.java:logGet(46)) - raft.server.sleep.deviation.threshold = 300ms (default)
2023-09-14 11:49:18,877 [om1-groupManagement] INFO  server.RaftServer$Division (ServerState.java:<init>(120)) - om1@group-C5BA1605619E: ConfigurationManager, init=-1: peers:[om1|rpc:fv-az240-193.bcold04rutgefduts2gkrghvsa.bx.internal.cloudapp.net:9872|priority:0|startupRole:FOLLOWER]|listeners:[], old=null, confs=<EMPTY_MAP>
2023-09-14 11:49:18,877 [om1-groupManagement] INFO  server.RaftServerConfigKeys (ConfUtils.java:logGet(46)) - raft.server.storage.dir = [/tmp/junit7419665086191175366/junit931400185610016417/om-meta/ratis] (custom)
2023-09-14 11:49:18,877 [om1-groupManagement] INFO  server.RaftServerConfigKeys (ConfUtils.java:logGet(46)) - raft.server.log.corruption.policy = EXCEPTION (default)
2023-09-14 11:49:18,877 [om1-groupManagement] INFO  server.RaftServerConfigKeys (ConfUtils.java:logGet(46)) - raft.server.storage.free-space.min = 0MB (=0) (default)
2023-09-14 11:49:18,877 [om1-groupManagement] INFO  server.RaftServerConfigKeys (ConfUtils.java:logGet(46)) - raft.server.notification.no-leader.timeout = 120s (custom)
2023-09-14 11:49:18,877 [om1-groupManagement] INFO  server.RaftServerConfigKeys (ConfUtils.java:logGet(46)) - raft.server.read.timeout = 10s (default)
2023-09-14 11:49:18,877 [om1-groupManagement] INFO  server.RaftServerConfigKeys (ConfUtils.java:logGet(46)) - raft.server.retrycache.expirytime = 300s (custom)
2023-09-14 11:49:18,878 [om1-groupManagement] INFO  server.RaftServerConfigKeys (ConfUtils.java:logGet(46)) - raft.server.retrycache.statistics.expirytime = 100μs (default)
2023-09-14 11:49:18,878 [om1-groupManagement] INFO  server.RaftServerConfigKeys (ConfUtils.java:logGet(46)) - raft.server.read.option = DEFAULT (default)
2023-09-14 11:49:18,879 [om1-groupManagement] INFO  server.RaftServerConfigKeys (ConfUtils.java:logGet(46)) - raft.server.rpc.request.timeout = 3000ms (default)
2023-09-14 11:49:18,879 [om1-groupManagement] INFO  server.RaftServerConfigKeys (ConfUtils.java:logGet(46)) - raft.server.log.appender.install.snapshot.enabled = false (custom)
2023-09-14 11:49:18,879 [om1-groupManagement] INFO  server.RaftServerConfigKeys (ConfUtils.java:logGet(46)) - raft.server.threadpool.server.cached = true (default)
2023-09-14 11:49:18,879 [om1-groupManagement] INFO  server.RaftServerConfigKeys (ConfUtils.java:logGet(46)) - raft.server.threadpool.server.size = 0 (default)
2023-09-14 11:49:18,879 [om1-groupManagement] INFO  server.RaftServerConfigKeys (ConfUtils.java:logGet(46)) - raft.server.threadpool.client.cached = true (default)
2023-09-14 11:49:18,879 [om1-groupManagement] INFO  server.RaftServerConfigKeys (ConfUtils.java:logGet(46)) - raft.server.threadpool.client.size = 0 (default)
2023-09-14 11:49:19,417 [Time-limited test] INFO  reflections.Reflections (Reflections.java:scan(232)) - Reflections took 544 ms to scan 20 urls, producing 70 keys and 6001 values [using 2 cores]
2023-09-14 11:49:19,425 [Time-limited test] INFO  ipc.CallQueueManager (CallQueueManager.java:<init>(90)) - Using callQueue: class java.util.concurrent.LinkedBlockingQueue, queueCapacity: 10000, scheduler: class org.apache.hadoop.ipc.DefaultRpcScheduler, ipcBackoff: false.
2023-09-14 11:49:19,425 [Time-limited test] INFO  ipc.Server (Server.java:<init>(1287)) - Listener at fv-az240-193.bcold04rutgefduts2gkrghvsa.bx.internal.cloudapp.net:1202
2023-09-14 11:49:19,426 [Socket Reader #1 for port 1202] INFO  ipc.Server (Server.java:run(1323)) - Starting Socket Reader #1 for port 1202
2023-09-14 11:49:19,514 [Time-limited test] INFO  security.OMCertificateClient (DefaultCertificateClient.java:getAllRootCaCerts(901)) - om has 1 Root CA certificates
2023-09-14 11:49:26,003 [om-CertificateRenewerService] INFO  security.OMCertificateClient (DefaultCertificateClient.java:run(1388)) - Current certificate 1981168 needs to be renewed remaining grace period PT0S. Forced renewal due to root ca rotation: false.
2023-09-14 11:49:26,961 [om-CertificateRenewerService] INFO  ozone.OzoneSecurityUtil (OzoneSecurityUtil.java:getValidInetsForCurrentHost(119)) - ip:fe80:0:0:0:20d:3aff:fe15:5b9%eth0 not returned.
2023-09-14 11:49:26,961 [om-CertificateRenewerService] INFO  ozone.OzoneSecurityUtil (OzoneSecurityUtil.java:getValidInetsForCurrentHost(116)) - Adding ip:10.1.136.0,host:fv-az240-193.bcold04rutgefduts2gkrghvsa.bx.internal.cloudapp.net
2023-09-14 11:49:26,961 [om-CertificateRenewerService] INFO  ozone.OzoneSecurityUtil (OzoneSecurityUtil.java:getValidInetsForCurrentHost(119)) - ip:0:0:0:0:0:0:0:1%lo not returned.
2023-09-14 11:49:26,961 [om-CertificateRenewerService] INFO  ozone.OzoneSecurityUtil (OzoneSecurityUtil.java:getValidInetsForCurrentHost(119)) - ip:127.0.0.1 not returned.
2023-09-14 11:49:26,962 [om-CertificateRenewerService] INFO  security.OMCertificateClient (OMCertificateClient.java:getCSRBuilder(114)) - Creating csr for OM->dns:fv-az240-193.bcold04rutgefduts2gkrghvsa.bx.internal.cloudapp.net,ip:10.1.136.0,scmId:9e9ae447-17d7-453a-987a-29470a9a59d8,clusterId:ba2b5493-031c-47fd-9e39-3740d40bee93,subject:om@fv-az240-193.bcold04rutgefduts2gkrghvsa.bx.internal.cloudapp.net
2023-09-14 11:49:26,980 [om-CertificateRenewerService] INFO  utils.CertificateCodec (CertificateCodec.java:writeCertificate(299)) - Save certificate to /tmp/junit7419665086191175366/junit931400185610016417/om-meta/om/certs-next/1981226.crt
2023-09-14 11:49:26,980 [om-CertificateRenewerService] INFO  utils.CertificateCodec (CertificateCodec.java:writeCertificate(300)) - Certificate -----BEGIN CERTIFICATE-----
MIIB4DCCAUmgAwIBAgIDHjsqMA0GCSqGSIb3DQEBCwUAMDUxEjAQBgNVBAMMCWxv
Y2FsaG9zdDENMAsGA1UECwwEdGVzdDEQMA4GA1UECgwHY2x1c3RlcjAeFw0yMzA5
MTQxMTQ5MjZaFw0yMzA5MTQxMTQ5NDZaMDUxEjAQBgNVBAMMCWxvY2FsaG9zdDEN
MAsGA1UECwwEdGVzdDEQMA4GA1UECgwHY2x1c3RlcjCBnzANBgkqhkiG9w0BAQEF
AAOBjQAwgYkCgYEAnDaKOTXjOv9hMTDo9F9aCE9Y4C4Juu6Q5Txq6CpnDO6nq590
r82QCw/fzlGb7Ic0Nrgiuu5DS4JfjVW7ZvWMSfWCkwwg2l08wyDlshJobjJZyhic
nXTnNs43aveDYSEh+jwuXQkJR4CryZC5ByD5BTwfSb5rXbaM/ru9t0cRjBECAwEA
ATANBgkqhkiG9w0BAQsFAAOBgQCbG8DJYKgccvkVyYwJkBia9h4o8WUFYHgFMeb0
DdiVwwSmdzKEsj85f9m48VlrDlSqplBJRNu1roT7GWeCK0v8xFnYnZ3Jomoa9sDL
l2Vb4us0vzZ3UbwmIpyko7/dq8Shgol0cyh2uBCNGXffDlsyTswYXCGrpb67y4KL
+Kaf6Q==
-----END CERTIFICATE-----

2023-09-14 11:49:26,981 [om-CertificateRenewerService] INFO  utils.CertificateCodec (CertificateCodec.java:writeCertificate(299)) - Save certificate to /tmp/junit7419665086191175366/junit931400185610016417/om-meta/om/certs-next/CA-1981226.crt
2023-09-14 11:49:26,981 [om-CertificateRenewerService] INFO  utils.CertificateCodec (CertificateCodec.java:writeCertificate(300)) - Certificate -----BEGIN CERTIFICATE-----
MIIB4DCCAUmgAwIBAgIDHjsqMA0GCSqGSIb3DQEBCwUAMDUxEjAQBgNVBAMMCWxv
Y2FsaG9zdDENMAsGA1UECwwEdGVzdDEQMA4GA1UECgwHY2x1c3RlcjAeFw0yMzA5
MTQxMTQ5MjZaFw0yMzA5MTQxMTQ5NDZaMDUxEjAQBgNVBAMMCWxvY2FsaG9zdDEN
MAsGA1UECwwEdGVzdDEQMA4GA1UECgwHY2x1c3RlcjCBnzANBgkqhkiG9w0BAQEF
AAOBjQAwgYkCgYEAnDaKOTXjOv9hMTDo9F9aCE9Y4C4Juu6Q5Txq6CpnDO6nq590
r82QCw/fzlGb7Ic0Nrgiuu5DS4JfjVW7ZvWMSfWCkwwg2l08wyDlshJobjJZyhic
nXTnNs43aveDYSEh+jwuXQkJR4CryZC5ByD5BTwfSb5rXbaM/ru9t0cRjBECAwEA
ATANBgkqhkiG9w0BAQsFAAOBgQCbG8DJYKgccvkVyYwJkBia9h4o8WUFYHgFMeb0
DdiVwwSmdzKEsj85f9m48VlrDlSqplBJRNu1roT7GWeCK0v8xFnYnZ3Jomoa9sDL
l2Vb4us0vzZ3UbwmIpyko7/dq8Shgol0cyh2uBCNGXffDlsyTswYXCGrpb67y4KL
+Kaf6Q==
-----END CERTIFICATE-----

2023-09-14 11:49:26,981 [om-CertificateRenewerService] INFO  security.OMCertificateClient (DefaultCertificateClient.java:updateCertSerialId(1244)) - Certificate serial ID set to 1981226
2023-09-14 11:49:26,985 [om-CertificateRenewerService] INFO  security.OMCertificateClient (DefaultCertificateClient.java:readCertificateFile(237)) - Added certificate   [0]         Version: 3
         SerialNumber: 1981168
             IssuerDN: CN=localhost,OU=test,O=cluster
           Start Date: Thu Sep 14 11:49:16 UTC 2023
           Final Date: Thu Sep 14 11:49:36 UTC 2023
            SubjectDN: CN=localhost,OU=test,O=cluster
           Public Key: RSA Public Key [ce:1e:33:3b:f1:b3:88:05:78:7d:35:6a:fc:9c:c6:a6:23:fe:9e:98],[56:66:d1:a4]
        modulus: b4447ddf270522528fe33b19e4a70ccd5c371b2f7b787b3947cc96375669938629993a27ff5af7285042703ffbb21fdac74464043c26387fca1cffd29c943d21cd728f964d6dd30cf2fbb6071efc34292a093c5122cb20a14dc35d25ddd8bfd22823465e40d490f32e4469645fcc3363e69d21113d06ed77819007038e04b2a136280ae25e6031a5a1103300270fa1fc461f1ffb658d983352e27f77b46eb96852f07b5a4a2f07d230c707a6efb6d11282eb37987df9a62bf9821a2f13bb1d7c0b2b3ccc7b01cba06defc737f0d325b7fc264b04a6f2d63ee04169f7a31a15c26714a355663a9a8f09fbee32b980b5b021f43c2a2475637b097a4759dcf20143
public exponent: 10001

  Signature Algorithm: SHA256WITHRSA
            Signature: 3de65c68b2725d179c203a03909ef52d02b01ddb
                       8c959c3801fca3186be9717f7ffb95acbb7224d1
                       32005e00f19ab4d22bbd13147e61c41d1ef05b84
                       f28b19b47896d32d1dc9a3257428ea1ccf435d9a
                       d0e4820309e8d9e5df78984a8f114bbcb11ba98b
                       058603437431ea456f311fba786798c8dc9f7f22
                       dfeccf81d0168aee439118bfcbe0c9142deae09b
                       9e84e1fa58a85799f7397aafbd683e3e037d05d4
                       4c32978b7a765618add23406868356e8d7ab4c48
                       9247e74257b2ab337c6601926f4b108fc9934a5c
                       ad160458bf96b134085739719fbc6d2ae0d9e070
                       563c44c39b76a905b5e213d115c40b2627d1ae0a
                       2c1c42b63117d0465547ff9a27b16f10
 from file: /tmp/junit7419665086191175366/junit931400185610016417/om-meta/om/certs/certificate.crt.
2023-09-14 11:49:26,992 [om-CertificateRenewerService] INFO  security.OMCertificateClient (DefaultCertificateClient.java:readCertificateFile(237)) - Added certificate   [0]         Version: 3
         SerialNumber: 1981168
             IssuerDN: CN=localhost,OU=test,O=cluster
           Start Date: Thu Sep 14 11:49:16 UTC 2023
           Final Date: Thu Sep 14 11:49:36 UTC 2023
            SubjectDN: CN=localhost,OU=test,O=cluster
           Public Key: RSA Public Key [ce:1e:33:3b:f1:b3:88:05:78:7d:35:6a:fc:9c:c6:a6:23:fe:9e:98],[56:66:d1:a4]
        modulus: b4447ddf270522528fe33b19e4a70ccd5c371b2f7b787b3947cc96375669938629993a27ff5af7285042703ffbb21fdac74464043c26387fca1cffd29c943d21cd728f964d6dd30cf2fbb6071efc34292a093c5122cb20a14dc35d25ddd8bfd22823465e40d490f32e4469645fcc3363e69d21113d06ed77819007038e04b2a136280ae25e6031a5a1103300270fa1fc461f1ffb658d983352e27f77b46eb96852f07b5a4a2f07d230c707a6efb6d11282eb37987df9a62bf9821a2f13bb1d7c0b2b3ccc7b01cba06defc737f0d325b7fc264b04a6f2d63ee04169f7a31a15c26714a355663a9a8f09fbee32b980b5b021f43c2a2475637b097a4759dcf20143
public exponent: 10001

  Signature Algorithm: SHA256WITHRSA
            Signature: 3de65c68b2725d179c203a03909ef52d02b01ddb
                       8c959c3801fca3186be9717f7ffb95acbb7224d1
                       32005e00f19ab4d22bbd13147e61c41d1ef05b84
                       f28b19b47896d32d1dc9a3257428ea1ccf435d9a
                       d0e4820309e8d9e5df78984a8f114bbcb11ba98b
                       058603437431ea456f311fba786798c8dc9f7f22
                       dfeccf81d0168aee439118bfcbe0c9142deae09b
                       9e84e1fa58a85799f7397aafbd683e3e037d05d4
                       4c32978b7a765618add23406868356e8d7ab4c48
                       9247e74257b2ab337c6601926f4b108fc9934a5c
                       ad160458bf96b134085739719fbc6d2ae0d9e070
                       563c44c39b76a905b5e213d115c40b2627d1ae0a
                       2c1c42b63117d0465547ff9a27b16f10
 from file: /tmp/junit7419665086191175366/junit931400185610016417/om-meta/om/certs/ROOTCA-1981168.crt.
2023-09-14 11:49:26,993 [om-CertificateRenewerService] INFO  security.OMCertificateClient (DefaultCertificateClient.java:renewAndStoreKeyAndCertificate(1162)) - Successful renew key and certificate. New certificate 1981226.
2023-09-14 11:49:26,993 [om-CertificateRenewerService] INFO  security.OMCertificateClient (DefaultCertificateClient.java:updateCertSerialId(1244)) - Certificate serial ID set to 1981226
2023-09-14 11:49:26,994 [om-CertificateRenewerService] INFO  security.OMCertificateClient (DefaultCertificateClient.java:readCertificateFile(237)) - Added certificate   [0]         Version: 3
         SerialNumber: 1981226
             IssuerDN: CN=localhost,OU=test,O=cluster
           Start Date: Thu Sep 14 11:49:26 UTC 2023
           Final Date: Thu Sep 14 11:49:46 UTC 2023
            SubjectDN: CN=localhost,OU=test,O=cluster
           Public Key: RSA Public Key [e7:16:5c:5b:72:f2:02:84:f1:e2:71:1f:1e:33:7b:a6:9d:46:d2:f9],[56:66:d1:a4]
        modulus: 9c368a3935e33aff613130e8f45f5a084f58e02e09baee90e53c6ae82a670ceea7ab9f74afcd900b0fdfce519bec873436b822baee434b825f8d55bb66f58c49f582930c20da5d3cc320e5b212686e3259ca189c9d74e736ce376af783612121fa3c2e5d09094780abc990b90720f9053c1f49be6b5db68cfebbbdb747118c11
public exponent: 10001

  Signature Algorithm: SHA256WITHRSA
            Signature: 9b1bc0c960a81c72f915c98c0990189af61e28f1
                       650560780531e6f40dd895c304a6773284b23f39
                       7fd9b8f1596b0e54aaa6504944dbb5ae84fb1967
                       822b4bfcc459d89d9dc9a26a1af6c0cb97655be2
                       eb34bf367751bc26229ca4a3bfddabc4a1828974
                       732876b8108d1977df0e5b324ecc185c21aba5be
                       bbcb828bf8a69fe9
 from file: /tmp/junit7419665086191175366/junit931400185610016417/om-meta/om/certs/1981226.crt.
2023-09-14 11:49:26,995 [om-CertificateRenewerService] INFO  security.OMCertificateClient (DefaultCertificateClient.java:readCertificateFile(237)) - Added certificate   [0]         Version: 3
         SerialNumber: 1981226
             IssuerDN: CN=localhost,OU=test,O=cluster
           Start Date: Thu Sep 14 11:49:26 UTC 2023
           Final Date: Thu Sep 14 11:49:46 UTC 2023
            SubjectDN: CN=localhost,OU=test,O=cluster
           Public Key: RSA Public Key [e7:16:5c:5b:72:f2:02:84:f1:e2:71:1f:1e:33:7b:a6:9d:46:d2:f9],[56:66:d1:a4]
        modulus: 9c368a3935e33aff613130e8f45f5a084f58e02e09baee90e53c6ae82a670ceea7ab9f74afcd900b0fdfce519bec873436b822baee434b825f8d55bb66f58c49f582930c20da5d3cc320e5b212686e3259ca189c9d74e736ce376af783612121fa3c2e5d09094780abc990b90720f9053c1f49be6b5db68cfebbbdb747118c11
public exponent: 10001

  Signature Algorithm: SHA256WITHRSA
            Signature: 9b1bc0c960a81c72f915c98c0990189af61e28f1
                       650560780531e6f40dd895c304a6773284b23f39
                       7fd9b8f1596b0e54aaa6504944dbb5ae84fb1967
                       822b4bfcc459d89d9dc9a26a1af6c0cb97655be2
                       eb34bf367751bc26229ca4a3bfddabc4a1828974
                       732876b8108d1977df0e5b324ecc185c21aba5be
                       bbcb828bf8a69fe9
 from file: /tmp/junit7419665086191175366/junit931400185610016417/om-meta/om/certs/CA-1981226.crt.
2023-09-14 11:49:26,995 [om-CertificateRenewerService] INFO  security.OMCertificateClient (DefaultCertificateClient.java:reloadKeyAndCertificate(1232)) - Reset and reloaded key and all certificates for new certificate 1981226.
2023-09-14 11:49:27,540 [Time-limited test] INFO  utils.SelfSignedCertificate (SelfSignedCertificate.java:generateCertificate(157)) - Certificate 1991732 is issued by CN=localhost,OU=test,O=cluster to CN=localhost,OU=test,O=cluster, valid from Thu Sep 14 11:49:27 UTC 2023 to Thu Sep 14 11:49:47 UTC 2023
2023-09-14 11:49:29,335 [om-CertificateRenewerService] INFO  security.OMCertificateClient (DefaultCertificateClient.java:run(1381)) - Current certificate 1981226 hasn't entered the renew grace period. Remaining period is PT6.665S. 
2023-09-14 11:49:32,668 [om-CertificateRenewerService] INFO  security.OMCertificateClient (DefaultCertificateClient.java:run(1381)) - Current certificate 1981226 hasn't entered the renew grace period. Remaining period is PT3.332S. 
2023-09-14 11:49:36,001 [om-CertificateRenewerService] INFO  security.OMCertificateClient (DefaultCertificateClient.java:run(1388)) - Current certificate 1981226 needs to be renewed remaining grace period PT0S. Forced renewal due to root ca rotation: false.
2023-09-14 11:49:36,734 [om-CertificateRenewerService] INFO  ozone.OzoneSecurityUtil (OzoneSecurityUtil.java:getValidInetsForCurrentHost(119)) - ip:fe80:0:0:0:20d:3aff:fe15:5b9%eth0 not returned.
2023-09-14 11:49:36,734 [om-CertificateRenewerService] INFO  ozone.OzoneSecurityUtil (OzoneSecurityUtil.java:getValidInetsForCurrentHost(116)) - Adding ip:10.1.136.0,host:fv-az240-193.bcold04rutgefduts2gkrghvsa.bx.internal.cloudapp.net
2023-09-14 11:49:36,734 [om-CertificateRenewerService] INFO  ozone.OzoneSecurityUtil (OzoneSecurityUtil.java:getValidInetsForCurrentHost(119)) - ip:0:0:0:0:0:0:0:1%lo not returned.
2023-09-14 11:49:36,734 [om-CertificateRenewerService] INFO  ozone.OzoneSecurityUtil (OzoneSecurityUtil.java:getValidInetsForCurrentHost(119)) - ip:127.0.0.1 not returned.
2023-09-14 11:49:36,735 [om-CertificateRenewerService] INFO  security.OMCertificateClient (OMCertificateClient.java:getCSRBuilder(114)) - Creating csr for OM->dns:fv-az240-193.bcold04rutgefduts2gkrghvsa.bx.internal.cloudapp.net,ip:10.1.136.0,scmId:9e9ae447-17d7-453a-987a-29470a9a59d8,clusterId:ba2b5493-031c-47fd-9e39-3740d40bee93,subject:om@fv-az240-193.bcold04rutgefduts2gkrghvsa.bx.internal.cloudapp.net
2023-09-14 11:49:36,738 [om-CertificateRenewerService] INFO  utils.CertificateCodec (CertificateCodec.java:writeCertificate(299)) - Save certificate to /tmp/junit7419665086191175366/junit931400185610016417/om-meta/om/certs-next/1991732.crt
2023-09-14 11:49:36,738 [om-CertificateRenewerService] INFO  utils.CertificateCodec (CertificateCodec.java:writeCertificate(300)) - Certificate -----BEGIN CERTIFICATE-----
MIIB4DCCAUmgAwIBAgIDHmQ0MA0GCSqGSIb3DQEBCwUAMDUxEjAQBgNVBAMMCWxv
Y2FsaG9zdDENMAsGA1UECwwEdGVzdDEQMA4GA1UECgwHY2x1c3RlcjAeFw0yMzA5
MTQxMTQ5MjdaFw0yMzA5MTQxMTQ5NDdaMDUxEjAQBgNVBAMMCWxvY2FsaG9zdDEN
MAsGA1UECwwEdGVzdDEQMA4GA1UECgwHY2x1c3RlcjCBnzANBgkqhkiG9w0BAQEF
AAOBjQAwgYkCgYEApKk3whbbRqG8zHoZhdREUGA45CFOfhXddbc8aTFvgzTGXFS0
vjqwQP1Dj4o41zP8o0SunGVWKltp1cRunTmZLdb0wVg8zmHETbuKfcrP7POF4THD
QwOJxGuWKDxIn7TyuVWjiB6a9VuBINo60+kZL4L40XGkM2+n/OHTHJZ1kgMCAwEA
ATANBgkqhkiG9w0BAQsFAAOBgQAkpgQiTm+tja0JQO0xp2VVtMat+i51SyQheabU
o+GlhoLncejsqYllstUW7NfKHbJiscEzZGikVqGh0f+4ceNGX1AypIL9/yhoTXwJ
A3N1p7hAuzIb4D5be9kVOpC7llJSVhWTWAmT7/ujCDxZaX574f6GD9QXPdfLsUtU
9YdIAQ==
-----END CERTIFICATE-----

2023-09-14 11:49:36,739 [om-CertificateRenewerService] INFO  utils.CertificateCodec (CertificateCodec.java:writeCertificate(299)) - Save certificate to /tmp/junit7419665086191175366/junit931400185610016417/om-meta/om/certs-next/CA-1991732.crt
2023-09-14 11:49:36,739 [om-CertificateRenewerService] INFO  utils.CertificateCodec (CertificateCodec.java:writeCertificate(300)) - Certificate -----BEGIN CERTIFICATE-----
MIIB4DCCAUmgAwIBAgIDHmQ0MA0GCSqGSIb3DQEBCwUAMDUxEjAQBgNVBAMMCWxv
Y2FsaG9zdDENMAsGA1UECwwEdGVzdDEQMA4GA1UECgwHY2x1c3RlcjAeFw0yMzA5
MTQxMTQ5MjdaFw0yMzA5MTQxMTQ5NDdaMDUxEjAQBgNVBAMMCWxvY2FsaG9zdDEN
MAsGA1UECwwEdGVzdDEQMA4GA1UECgwHY2x1c3RlcjCBnzANBgkqhkiG9w0BAQEF
AAOBjQAwgYkCgYEApKk3whbbRqG8zHoZhdREUGA45CFOfhXddbc8aTFvgzTGXFS0
vjqwQP1Dj4o41zP8o0SunGVWKltp1cRunTmZLdb0wVg8zmHETbuKfcrP7POF4THD
QwOJxGuWKDxIn7TyuVWjiB6a9VuBINo60+kZL4L40XGkM2+n/OHTHJZ1kgMCAwEA
ATANBgkqhkiG9w0BAQsFAAOBgQAkpgQiTm+tja0JQO0xp2VVtMat+i51SyQheabU
o+GlhoLncejsqYllstUW7NfKHbJiscEzZGikVqGh0f+4ceNGX1AypIL9/yhoTXwJ
A3N1p7hAuzIb4D5be9kVOpC7llJSVhWTWAmT7/ujCDxZaX574f6GD9QXPdfLsUtU
9YdIAQ==
-----END CERTIFICATE-----

2023-09-14 11:49:36,739 [om-CertificateRenewerService] INFO  security.OMCertificateClient (DefaultCertificateClient.java:updateCertSerialId(1244)) - Certificate serial ID set to 1991732
2023-09-14 11:49:36,740 [om-CertificateRenewerService] INFO  security.OMCertificateClient (DefaultCertificateClient.java:readCertificateFile(237)) - Added certificate   [0]         Version: 3
         SerialNumber: 1981226
             IssuerDN: CN=localhost,OU=test,O=cluster
           Start Date: Thu Sep 14 11:49:26 UTC 2023
           Final Date: Thu Sep 14 11:49:46 UTC 2023
            SubjectDN: CN=localhost,OU=test,O=cluster
           Public Key: RSA Public Key [e7:16:5c:5b:72:f2:02:84:f1:e2:71:1f:1e:33:7b:a6:9d:46:d2:f9],[56:66:d1:a4]
        modulus: 9c368a3935e33aff613130e8f45f5a084f58e02e09baee90e53c6ae82a670ceea7ab9f74afcd900b0fdfce519bec873436b822baee434b825f8d55bb66f58c49f582930c20da5d3cc320e5b212686e3259ca189c9d74e736ce376af783612121fa3c2e5d09094780abc990b90720f9053c1f49be6b5db68cfebbbdb747118c11
public exponent: 10001

  Signature Algorithm: SHA256WITHRSA
            Signature: 9b1bc0c960a81c72f915c98c0990189af61e28f1
                       650560780531e6f40dd895c304a6773284b23f39
                       7fd9b8f1596b0e54aaa6504944dbb5ae84fb1967
                       822b4bfcc459d89d9dc9a26a1af6c0cb97655be2
                       eb34bf367751bc26229ca4a3bfddabc4a1828974
                       732876b8108d1977df0e5b324ecc185c21aba5be
                       bbcb828bf8a69fe9
 from file: /tmp/junit7419665086191175366/junit931400185610016417/om-meta/om/certs/1981226.crt.
2023-09-14 11:49:36,741 [om-CertificateRenewerService] INFO  security.OMCertificateClient (DefaultCertificateClient.java:readCertificateFile(237)) - Added certificate   [0]         Version: 3
         SerialNumber: 1981226
             IssuerDN: CN=localhost,OU=test,O=cluster
           Start Date: Thu Sep 14 11:49:26 UTC 2023
           Final Date: Thu Sep 14 11:49:46 UTC 2023
            SubjectDN: CN=localhost,OU=test,O=cluster
           Public Key: RSA Public Key [e7:16:5c:5b:72:f2:02:84:f1:e2:71:1f:1e:33:7b:a6:9d:46:d2:f9],[56:66:d1:a4]
        modulus: 9c368a3935e33aff613130e8f45f5a084f58e02e09baee90e53c6ae82a670ceea7ab9f74afcd900b0fdfce519bec873436b822baee434b825f8d55bb66f58c49f582930c20da5d3cc320e5b212686e3259ca189c9d74e736ce376af783612121fa3c2e5d09094780abc990b90720f9053c1f49be6b5db68cfebbbdb747118c11
public exponent: 10001

  Signature Algorithm: SHA256WITHRSA
            Signature: 9b1bc0c960a81c72f915c98c0990189af61e28f1
                       650560780531e6f40dd895c304a6773284b23f39
                       7fd9b8f1596b0e54aaa6504944dbb5ae84fb1967
                       822b4bfcc459d89d9dc9a26a1af6c0cb97655be2
                       eb34bf367751bc26229ca4a3bfddabc4a1828974
                       732876b8108d1977df0e5b324ecc185c21aba5be
                       bbcb828bf8a69fe9
 from file: /tmp/junit7419665086191175366/junit931400185610016417/om-meta/om/certs/CA-1981226.crt.
2023-09-14 11:49:36,742 [om-CertificateRenewerService] INFO  security.OMCertificateClient (DefaultCertificateClient.java:renewAndStoreKeyAndCertificate(1162)) - Successful renew key and certificate. New certificate 1991732.
2023-09-14 11:49:36,742 [om-CertificateRenewerService] INFO  security.OMCertificateClient (DefaultCertificateClient.java:updateCertSerialId(1244)) - Certificate serial ID set to 1991732
2023-09-14 11:49:36,743 [om-CertificateRenewerService] INFO  security.OMCertificateClient (DefaultCertificateClient.java:readCertificateFile(237)) - Added certificate   [0]         Version: 3
         SerialNumber: 1991732
             IssuerDN: CN=localhost,OU=test,O=cluster
           Start Date: Thu Sep 14 11:49:27 UTC 2023
           Final Date: Thu Sep 14 11:49:47 UTC 2023
            SubjectDN: CN=localhost,OU=test,O=cluster
           Public Key: RSA Public Key [70:87:d3:c6:1d:fd:7b:9c:40:72:67:e1:fb:37:7b:d4:82:9d:a9:f4],[56:66:d1:a4]
        modulus: a4a937c216db46a1bccc7a1985d444506038e4214e7e15dd75b73c69316f8334c65c54b4be3ab040fd438f8a38d733fca344ae9c65562a5b69d5c46e9d39992dd6f4c1583cce61c44dbb8a7dcacfecf385e131c3430389c46b96283c489fb4f2b955a3881e9af55b8120da3ad3e9192f82f8d171a4336fa7fce1d31c96759203
public exponent: 10001

  Signature Algorithm: SHA256WITHRSA
            Signature: 24a604224e6fad8dad0940ed31a76555b4c6adfa
                       2e754b242179a6d4a3e1a58682e771e8eca98965
                       b2d516ecd7ca1db262b1c1336468a456a1a1d1ff
                       b871e3465f5032a482fdff28684d7c09037375a7
                       b840bb321be03e5b7bd9153a90bb965252561593
                       580993effba3083c59697e7be1fe860fd4173dd7
                       cbb14b54f5874801
 from file: /tmp/junit7419665086191175366/junit931400185610016417/om-meta/om/certs/1991732.crt.
2023-09-14 11:49:36,744 [om-CertificateRenewerService] INFO  security.OMCertificateClient (DefaultCertificateClient.java:readCertificateFile(237)) - Added certificate   [0]         Version: 3
         SerialNumber: 1991732
             IssuerDN: CN=localhost,OU=test,O=cluster
           Start Date: Thu Sep 14 11:49:27 UTC 2023
           Final Date: Thu Sep 14 11:49:47 UTC 2023
            SubjectDN: CN=localhost,OU=test,O=cluster
           Public Key: RSA Public Key [70:87:d3:c6:1d:fd:7b:9c:40:72:67:e1:fb:37:7b:d4:82:9d:a9:f4],[56:66:d1:a4]
        modulus: a4a937c216db46a1bccc7a1985d444506038e4214e7e15dd75b73c69316f8334c65c54b4be3ab040fd438f8a38d733fca344ae9c65562a5b69d5c46e9d39992dd6f4c1583cce61c44dbb8a7dcacfecf385e131c3430389c46b96283c489fb4f2b955a3881e9af55b8120da3ad3e9192f82f8d171a4336fa7fce1d31c96759203
public exponent: 10001

  Signature Algorithm: SHA256WITHRSA
            Signature: 24a604224e6fad8dad0940ed31a76555b4c6adfa
                       2e754b242179a6d4a3e1a58682e771e8eca98965
                       b2d516ecd7ca1db262b1c1336468a456a1a1d1ff
                       b871e3465f5032a482fdff28684d7c09037375a7
                       b840bb321be03e5b7bd9153a90bb965252561593
                       580993effba3083c59697e7be1fe860fd4173dd7
                       cbb14b54f5874801
 from file: /tmp/junit7419665086191175366/junit931400185610016417/om-meta/om/certs/CA-1991732.crt.
2023-09-14 11:49:36,744 [om-CertificateRenewerService] INFO  security.OMCertificateClient (DefaultCertificateClient.java:reloadKeyAndCertificate(1232)) - Reset and reloaded key and all certificates for new certificate 1991732.
2023-09-14 11:49:37,550 [Time-limited test] INFO  impl.DefaultInternalKdcServerImpl (DefaultInternalKdcServerImpl.java:doStop(102)) - Default Internal kdc server stopped.
2023-09-14 11:49:38,551 [Time-limited test] INFO  minikdc.MiniKdc (MiniKdc.java:stop(359)) - MiniKdc stopped.
2023-09-14 11:49:38,551 [Time-limited test] INFO  om.OzoneManager (OzoneManager.java:stop(2207)) - om1[fv-az240-193.bcold04rutgefduts2gkrghvsa.bx.internal.cloudapp.net:1202]: Stopping Ozone Manager
2023-09-14 11:49:38,551 [Time-limited test] INFO  ipc.Server (Server.java:stop(3523)) - Stopping server on 1202
2023-09-14 11:49:38,552 [Time-limited test] INFO  ratis.OzoneManagerStateMachine (OzoneManagerStateMachine.java:close(534)) - StateMachine has shutdown. Shutdown OzoneManager if not already shutdown.
2023-09-14 11:49:38,552 [Time-limited test] INFO  ratis.OzoneManagerDoubleBuffer (OzoneManagerDoubleBuffer.java:stopDaemon(551)) - Stopping OMDoubleBuffer flush thread
2023-09-14 11:49:38,552 [OMDoubleBufferFlushThread] INFO  ratis.OzoneManagerDoubleBuffer (OzoneManagerDoubleBuffer.java:canFlush(638)) - OMDoubleBuffer flush thread OMDoubleBufferFlushThread is interrupted and will exit.
2023-09-14 11:49:38,552 [Time-limited test] INFO  om.OzoneManager (OzoneManager.java:stopSecretManager(1066)) - Stopping secret key client.
2023-09-14 11:49:38,553 [Time-limited test] INFO  om.OzoneManager (OzoneManager.java:stopSecretManager(1071)) - Stopping OM delegation token secret manager.
2023-09-14 11:49:38,553 [Time-limited test] INFO  rocksdiff.RocksDBCheckpointDiffer (RocksDBCheckpointDiffer.java:close(343)) - Shutting down CompactionDagPruningService.
2023-09-14 11:49:38,555 [Time-limited test] INFO  snapshot.SnapshotDiffManager (SnapshotDiffManager.java:closeExecutorService(1706)) - Shutting down executorService: 'SnapDiffExecutor'
2023-09-14 11:49:38,555 [Time-limited test] INFO  snapshot.SnapshotDiffManager (SnapshotDiffManager.java:closeExecutorService(1706)) - Shutting down executorService: 'SstDumpToolExecutor'
2023-09-14 11:49:38,555 [Time-limited test] INFO  utils.BackgroundService (BackgroundService.java:shutdown(141)) - Shutting down service SnapshotDiffCleanupService
]]></system-out>
  </testcase>
  <testcase name="testSecureOmInitSuccess" classname="org.apache.hadoop.ozone.TestSecureOzoneCluster" time="5.148">
    <system-out><![CDATA[2023-09-14 11:49:38,593 [Time-limited test] INFO  net.ServerSocketUtil (ServerSocketUtil.java:getPort(55)) - Using port 9860
2023-09-14 11:49:38,597 [Time-limited test] INFO  net.ServerSocketUtil (ServerSocketUtil.java:getPort(55)) - Using port 9861
2023-09-14 11:49:38,598 [Time-limited test] INFO  net.ServerSocketUtil (ServerSocketUtil.java:getPort(55)) - Using port 9863
2023-09-14 11:49:38,598 [Time-limited test] INFO  net.ServerSocketUtil (ServerSocketUtil.java:getPort(55)) - Using port 9961
2023-09-14 11:49:38,599 [Time-limited test] INFO  net.ServerSocketUtil (ServerSocketUtil.java:getPort(55)) - Using port 1200
2023-09-14 11:49:38,599 [Time-limited test] INFO  net.ServerSocketUtil (ServerSocketUtil.java:getPort(55)) - Using port 1201
2023-09-14 11:49:38,601 [Time-limited test] INFO  minikdc.MiniKdc (MiniKdc.java:<init>(225)) - Configuration:
2023-09-14 11:49:38,601 [Time-limited test] INFO  minikdc.MiniKdc (MiniKdc.java:<init>(226)) - ---------------------------------------------------------------
2023-09-14 11:49:38,601 [Time-limited test] INFO  minikdc.MiniKdc (MiniKdc.java:<init>(228)) -   debug: false
2023-09-14 11:49:38,601 [Time-limited test] INFO  minikdc.MiniKdc (MiniKdc.java:<init>(228)) -   transport: TCP
2023-09-14 11:49:38,601 [Time-limited test] INFO  minikdc.MiniKdc (MiniKdc.java:<init>(228)) -   max.ticket.lifetime: 86400000
2023-09-14 11:49:38,601 [Time-limited test] INFO  minikdc.MiniKdc (MiniKdc.java:<init>(228)) -   org.name: EXAMPLE
2023-09-14 11:49:38,601 [Time-limited test] INFO  minikdc.MiniKdc (MiniKdc.java:<init>(228)) -   kdc.port: 0
2023-09-14 11:49:38,602 [Time-limited test] INFO  minikdc.MiniKdc (MiniKdc.java:<init>(228)) -   org.domain: COM
2023-09-14 11:49:38,602 [Time-limited test] INFO  minikdc.MiniKdc (MiniKdc.java:<init>(228)) -   max.renewable.lifetime: 604800000
2023-09-14 11:49:38,602 [Time-limited test] INFO  minikdc.MiniKdc (MiniKdc.java:<init>(228)) -   instance: DefaultKrbServer
2023-09-14 11:49:38,602 [Time-limited test] INFO  minikdc.MiniKdc (MiniKdc.java:<init>(228)) -   kdc.bind.address: localhost
2023-09-14 11:49:38,602 [Time-limited test] INFO  minikdc.MiniKdc (MiniKdc.java:<init>(230)) - ---------------------------------------------------------------
2023-09-14 11:49:38,614 [Time-limited test] INFO  minikdc.MiniKdc (MiniKdc.java:start(285)) - MiniKdc started.
2023-09-14 11:49:38,974 [Time-limited test] INFO  om.OzoneManager (OzoneManager.java:getOmDetailsProto(4573)) - OzoneManager ports added:[name: "RPC"
value: 1202
]
2023-09-14 11:49:38,975 [Time-limited test] WARN  server.ServerUtils (ServerUtils.java:getScmDbDir(155)) - ozone.scm.db.dirs is not configured. We recommend adding this setting. Falling back to ozone.metadata.dirs instead.
2023-09-14 11:49:38,975 [Time-limited test] INFO  ha.HASecurityUtils (HASecurityUtils.java:initializeSecurity(98)) - Initializing secure StorageContainerManager.
2023-09-14 11:49:38,977 [Time-limited test] INFO  client.SCMCertificateClient (DefaultCertificateClient.java:updateCertSerialId(1244)) - Certificate serial ID set to null
2023-09-14 11:49:38,977 [Time-limited test] ERROR client.SCMCertificateClient (DefaultCertificateClient.java:getCertPath(362)) - Default certificate serial id is not set. Can't locate the default certificate for this client.
2023-09-14 11:49:38,977 [Time-limited test] INFO  client.SCMCertificateClient (DefaultCertificateClient.java:init(715)) - Certificate client init case: 0
2023-09-14 11:49:38,977 [Time-limited test] INFO  client.SCMCertificateClient (SCMCertificateClient.java:handleCase(103)) - Creating keypair for client as keypair and certificate not found.
2023-09-14 11:49:39,328 [Time-limited test] INFO  ha.HASecurityUtils (HASecurityUtils.java:initializeSecurity(108)) - Init response: GETCERT
2023-09-14 11:49:39,479 [Time-limited test] INFO  ozone.OzoneSecurityUtil (OzoneSecurityUtil.java:getValidInetsForCurrentHost(119)) - ip:fe80:0:0:0:20d:3aff:fe15:5b9%eth0 not returned.
2023-09-14 11:49:39,479 [Time-limited test] INFO  ozone.OzoneSecurityUtil (OzoneSecurityUtil.java:getValidInetsForCurrentHost(116)) - Adding ip:10.1.136.0,host:fv-az240-193.bcold04rutgefduts2gkrghvsa.bx.internal.cloudapp.net
2023-09-14 11:49:39,480 [Time-limited test] INFO  ozone.OzoneSecurityUtil (OzoneSecurityUtil.java:getValidInetsForCurrentHost(119)) - ip:0:0:0:0:0:0:0:1%lo not returned.
2023-09-14 11:49:39,480 [Time-limited test] INFO  ozone.OzoneSecurityUtil (OzoneSecurityUtil.java:getValidInetsForCurrentHost(119)) - ip:127.0.0.1 not returned.
2023-09-14 11:49:39,483 [Time-limited test] INFO  utils.SelfSignedCertificate (SelfSignedCertificate.java:generateCertificate(157)) - Certificate 1 is issued by CN=scm-1@fv-az240-193,OU=d3d871d3-9576-4f43-990d-6c81ef225792,O=e1a53da4-97be-45bf-93c0-4c0113e59df2 to CN=scm-1@fv-az240-193,OU=d3d871d3-9576-4f43-990d-6c81ef225792,O=e1a53da4-97be-45bf-93c0-4c0113e59df2, valid from Thu Sep 14 11:49:39 UTC 2023 to Sun Oct 22 11:49:39 UTC 2028
2023-09-14 11:49:39,485 [Time-limited test] INFO  utils.CertificateCodec (CertificateCodec.java:writeCertificate(299)) - Save certificate to /tmp/junit5818464736876707079/junit7440823567850635185/scm-meta/scm/ca/certs/certificate.crt
2023-09-14 11:49:39,485 [Time-limited test] INFO  utils.CertificateCodec (CertificateCodec.java:writeCertificate(300)) - Certificate -----BEGIN CERTIFICATE-----
MIID5zCCAs+gAwIBAgIBATANBgkqhkiG9w0BAQsFADB7MRswGQYDVQQDDBJzY20t
MUBmdi1hejI0MC0xOTMxLTArBgNVBAsMJGQzZDg3MWQzLTk1NzYtNGY0My05OTBk
LTZjODFlZjIyNTc5MjEtMCsGA1UECgwkZTFhNTNkYTQtOTdiZS00NWJmLTkzYzAt
NGMwMTEzZTU5ZGYyMB4XDTIzMDkxNDExNDkzOVoXDTI4MTAyMjExNDkzOVowezEb
MBkGA1UEAwwSc2NtLTFAZnYtYXoyNDAtMTkzMS0wKwYDVQQLDCRkM2Q4NzFkMy05
NTc2LTRmNDMtOTkwZC02YzgxZWYyMjU3OTIxLTArBgNVBAoMJGUxYTUzZGE0LTk3
YmUtNDViZi05M2MwLTRjMDExM2U1OWRmMjCCASIwDQYJKoZIhvcNAQEBBQADggEP
ADCCAQoCggEBAMlMPd+/OHA/qJMb1Q7Fe5Gyrw/rp43Nng1jSI1wd7+HlpU2UI0N
XZ3tf5RBkWiUF4qqrsUtH7exocoCaeOcQz1VSNkNj/rTbXCz6wRYkDYJYgZ8wqyQ
yVkIPoUokVLMChwDI68nv8lzisQ/R/8YPmQcX0pTYM4/U3j3SH6CgASESfF/adY3
QPBuUPFSf9gLcf3LwbgxCGSOzJcqiHBiMve6hBPJ+Gd3DljEFDYtq+hAp7J8o017
wqZGntgpPqBsPmMs6NqqliFQN0LQBLr+Yq0pSqDJrkoM/dm3crIA6VV/tgLuqCLC
6NBwZ3Jad5RvW800rqqwdG2s1a3IQ/Pw3xUCAwEAAaN2MHQwDwYDVR0TAQH/BAUw
AwEB/zAOBgNVHQ8BAf8EBAMCAQYwUQYDVR0RBEowSIcECgGIAIJAZnYtYXoyNDAt
MTkzLmJjb2xkMDRydXRnZWZkdXRzMmdrcmdodnNhLmJ4LmludGVybmFsLmNsb3Vk
YXBwLm5ldDANBgkqhkiG9w0BAQsFAAOCAQEAI9gUSuVQlvuObA7kZAUiDf3HZMjy
+26RywWPBcQCj38U6TMFbjchW14knFdh5MMKt16Z1ocgLkZt2BXpeoE5/Ay+H++Z
dVZ40yLAoYvJIb/ZGBvDP3fYVfVB1y0RO+IRMryIdTsPWhkVQNq2HSaVX0u8NJjE
trCbSokHr2ZsYziws+FoW+io7lsx/+olDTA2TLUrE267O6AQbo1OJs0nbzICuZEA
hxjqy8Q5cnGt57AKxoKDko6aZfFTs3lWsmZbH3zqcoXYmjKUt3e9UYlqDxGD94yN
ah0nq4KdGxQ/OlR3qKuUwHtOQmz5Y9Y6ok/F1kqo1aV1+6KhTDdJMYstjw==
-----END CERTIFICATE-----

2023-09-14 11:49:39,485 [Time-limited test] INFO  client.SCMCertificateClient (SCMCertificateClient.java:getCSRBuilder(165)) - Creating csr for SCM->hostName:fv-az240-193,scmId:d3d871d3-9576-4f43-990d-6c81ef225792,clusterId:e1a53da4-97be-45bf-93c0-4c0113e59df2,subject:scm-sub-2003683819715@fv-az240-193
2023-09-14 11:49:39,486 [Time-limited test] INFO  ozone.OzoneSecurityUtil (OzoneSecurityUtil.java:getValidInetsForCurrentHost(119)) - ip:fe80:0:0:0:20d:3aff:fe15:5b9%eth0 not returned.
2023-09-14 11:49:39,486 [Time-limited test] INFO  ozone.OzoneSecurityUtil (OzoneSecurityUtil.java:getValidInetsForCurrentHost(116)) - Adding ip:10.1.136.0,host:fv-az240-193.bcold04rutgefduts2gkrghvsa.bx.internal.cloudapp.net
2023-09-14 11:49:39,486 [Time-limited test] INFO  ozone.OzoneSecurityUtil (OzoneSecurityUtil.java:getValidInetsForCurrentHost(119)) - ip:0:0:0:0:0:0:0:1%lo not returned.
2023-09-14 11:49:39,486 [Time-limited test] INFO  ozone.OzoneSecurityUtil (OzoneSecurityUtil.java:getValidInetsForCurrentHost(119)) - ip:127.0.0.1 not returned.
2023-09-14 11:49:39,486 [Time-limited test] INFO  ha.HASecurityUtils (HASecurityUtils.java:generateCSR(308)) - Creating csr for SCM->hostName:fv-az240-193,scmId:d3d871d3-9576-4f43-990d-6c81ef225792,clusterId:e1a53da4-97be-45bf-93c0-4c0113e59df2,subject:scm-sub-2003684522326@fv-az240-193
2023-09-14 11:49:39,492 [Time-limited test] INFO  authority.DefaultApprover (DefaultApprover.java:sign(154)) - Extensions in CSR: 2.5.29.19, 2.5.29.15, 2.5.29.17
2023-09-14 11:49:39,492 [Time-limited test] INFO  authority.DefaultApprover (DefaultApprover.java:sign(158)) - Extensions to add to the certificate if they present in CSR: 2.5.29.17, 2.5.29.19, 1.3.6.1.5.5.7.1.12, 2.5.29.35, 2.5.29.37, 2.5.29.15
2023-09-14 11:49:39,496 [Time-limited test] INFO  utils.CertificateCodec (CertificateCodec.java:writeCertificate(299)) - Save certificate to /tmp/junit5818464736876707079/junit7440823567850635185/scm-meta/scm/sub-ca/certs/CA-1.crt
2023-09-14 11:49:39,496 [Time-limited test] INFO  utils.CertificateCodec (CertificateCodec.java:writeCertificate(300)) - Certificate -----BEGIN CERTIFICATE-----
MIID5zCCAs+gAwIBAgIBATANBgkqhkiG9w0BAQsFADB7MRswGQYDVQQDDBJzY20t
MUBmdi1hejI0MC0xOTMxLTArBgNVBAsMJGQzZDg3MWQzLTk1NzYtNGY0My05OTBk
LTZjODFlZjIyNTc5MjEtMCsGA1UECgwkZTFhNTNkYTQtOTdiZS00NWJmLTkzYzAt
NGMwMTEzZTU5ZGYyMB4XDTIzMDkxNDExNDkzOVoXDTI4MTAyMjExNDkzOVowezEb
MBkGA1UEAwwSc2NtLTFAZnYtYXoyNDAtMTkzMS0wKwYDVQQLDCRkM2Q4NzFkMy05
NTc2LTRmNDMtOTkwZC02YzgxZWYyMjU3OTIxLTArBgNVBAoMJGUxYTUzZGE0LTk3
YmUtNDViZi05M2MwLTRjMDExM2U1OWRmMjCCASIwDQYJKoZIhvcNAQEBBQADggEP
ADCCAQoCggEBAMlMPd+/OHA/qJMb1Q7Fe5Gyrw/rp43Nng1jSI1wd7+HlpU2UI0N
XZ3tf5RBkWiUF4qqrsUtH7exocoCaeOcQz1VSNkNj/rTbXCz6wRYkDYJYgZ8wqyQ
yVkIPoUokVLMChwDI68nv8lzisQ/R/8YPmQcX0pTYM4/U3j3SH6CgASESfF/adY3
QPBuUPFSf9gLcf3LwbgxCGSOzJcqiHBiMve6hBPJ+Gd3DljEFDYtq+hAp7J8o017
wqZGntgpPqBsPmMs6NqqliFQN0LQBLr+Yq0pSqDJrkoM/dm3crIA6VV/tgLuqCLC
6NBwZ3Jad5RvW800rqqwdG2s1a3IQ/Pw3xUCAwEAAaN2MHQwDwYDVR0TAQH/BAUw
AwEB/zAOBgNVHQ8BAf8EBAMCAQYwUQYDVR0RBEowSIcECgGIAIJAZnYtYXoyNDAt
MTkzLmJjb2xkMDRydXRnZWZkdXRzMmdrcmdodnNhLmJ4LmludGVybmFsLmNsb3Vk
YXBwLm5ldDANBgkqhkiG9w0BAQsFAAOCAQEAI9gUSuVQlvuObA7kZAUiDf3HZMjy
+26RywWPBcQCj38U6TMFbjchW14knFdh5MMKt16Z1ocgLkZt2BXpeoE5/Ay+H++Z
dVZ40yLAoYvJIb/ZGBvDP3fYVfVB1y0RO+IRMryIdTsPWhkVQNq2HSaVX0u8NJjE
trCbSokHr2ZsYziws+FoW+io7lsx/+olDTA2TLUrE267O6AQbo1OJs0nbzICuZEA
hxjqy8Q5cnGt57AKxoKDko6aZfFTs3lWsmZbH3zqcoXYmjKUt3e9UYlqDxGD94yN
ah0nq4KdGxQ/OlR3qKuUwHtOQmz5Y9Y6ok/F1kqo1aV1+6KhTDdJMYstjw==
-----END CERTIFICATE-----

2023-09-14 11:49:39,497 [Time-limited test] INFO  utils.CertificateCodec (CertificateCodec.java:writeCertificate(299)) - Save certificate to /tmp/junit5818464736876707079/junit7440823567850635185/scm-meta/scm/sub-ca/certs/2003689789608.crt
2023-09-14 11:49:39,497 [Time-limited test] INFO  utils.CertificateCodec (CertificateCodec.java:writeCertificate(300)) - Certificate -----BEGIN CERTIFICATE-----
MIID/TCCAuWgAwIBAgIGAdKFN9ioMA0GCSqGSIb3DQEBCwUAMHsxGzAZBgNVBAMM
EnNjbS0xQGZ2LWF6MjQwLTE5MzEtMCsGA1UECwwkZDNkODcxZDMtOTU3Ni00ZjQz
LTk5MGQtNmM4MWVmMjI1NzkyMS0wKwYDVQQKDCRlMWE1M2RhNC05N2JlLTQ1YmYt
OTNjMC00YzAxMTNlNTlkZjIwHhcNMjMwOTE0MTE0OTM5WhcNMjgxMDIyMTE0OTM5
WjCBizErMCkGA1UEAwwic2NtLXN1Yi0yMDAzNjg0NTIyMzI2QGZ2LWF6MjQwLTE5
MzEtMCsGA1UECwwkZDNkODcxZDMtOTU3Ni00ZjQzLTk5MGQtNmM4MWVmMjI1Nzky
MS0wKwYDVQQKDCRlMWE1M2RhNC05N2JlLTQ1YmYtOTNjMC00YzAxMTNlNTlkZjIw
ggEiMA0GCSqGSIb3DQEBAQUAA4IBDwAwggEKAoIBAQDGKZ8NVmXwKLuzRvySDrqm
Uw+7fMflc8Nbc2v8QAscQA1fBpMpj0vIyudGOTsJ7q6zWm22s/Q4drm9ZgfX6tta
dkENeuI53FyJr8TEK6fkOBvtV6OyXKOmEaApsp7rrWwBARrCi6pquhV3afDgUe+8
Aeub7VSOpWi6nG+rIYAuzp09OdEDFTABi+wBfDdu2Nl6g9UdbS+LfRCDU/QnoZ0o
y/0rp59lN+rXSQHJcfnNM7tNKWQzCJNaxe2HpE710JXE4xcMM/DAdg9GwKAbILNH
1rt5p88wNg/WsAxfK8Gbr9oOrVyIib5awjlEfmADAYWoTBp4fav4sT5Nj2sNccBT
AgMBAAGjdjB0MFEGA1UdEQRKMEiHBAoBiACCQGZ2LWF6MjQwLTE5My5iY29sZDA0
cnV0Z2VmZHV0czJna3JnaHZzYS5ieC5pbnRlcm5hbC5jbG91ZGFwcC5uZXQwDwYD
VR0TAQH/BAUwAwEB/zAOBgNVHQ8BAf8EBAMCAb4wDQYJKoZIhvcNAQELBQADggEB
ACDoRFbxwddZ9JMe4lKYVR/tcKht1TpKaIYyu27m9ARG5ODtJiuJuh7ZCCEkOtd8
G2JXbmtu/Hc3YvtV4HO1MLOYCnqye6hy07eWuCUhLb7rCoSqChWn/McoNiCKdLP8
urcKqYz7VFrP+cWlTu73O9u3xZBds8+TndFvKR5tezLa57+hvuM0Dvbj6fkJnqsY
4qBjqv/7HfrGsvp6LesMGNUJFYK1V/F7du/Vb3PbLiJ4DIDFeUjtcH0BgsXpxkXI
iw64hQIdVLV2lSXx3FrAhX/lr1ei3wreL6pY0Bv1dYEW7BRePjA32+ePVMYw2/ta
g2qx05iJN//u/xxlNuO1QGU=
-----END CERTIFICATE-----

-----BEGIN CERTIFICATE-----
MIID5zCCAs+gAwIBAgIBATANBgkqhkiG9w0BAQsFADB7MRswGQYDVQQDDBJzY20t
MUBmdi1hejI0MC0xOTMxLTArBgNVBAsMJGQzZDg3MWQzLTk1NzYtNGY0My05OTBk
LTZjODFlZjIyNTc5MjEtMCsGA1UECgwkZTFhNTNkYTQtOTdiZS00NWJmLTkzYzAt
NGMwMTEzZTU5ZGYyMB4XDTIzMDkxNDExNDkzOVoXDTI4MTAyMjExNDkzOVowezEb
MBkGA1UEAwwSc2NtLTFAZnYtYXoyNDAtMTkzMS0wKwYDVQQLDCRkM2Q4NzFkMy05
NTc2LTRmNDMtOTkwZC02YzgxZWYyMjU3OTIxLTArBgNVBAoMJGUxYTUzZGE0LTk3
YmUtNDViZi05M2MwLTRjMDExM2U1OWRmMjCCASIwDQYJKoZIhvcNAQEBBQADggEP
ADCCAQoCggEBAMlMPd+/OHA/qJMb1Q7Fe5Gyrw/rp43Nng1jSI1wd7+HlpU2UI0N
XZ3tf5RBkWiUF4qqrsUtH7exocoCaeOcQz1VSNkNj/rTbXCz6wRYkDYJYgZ8wqyQ
yVkIPoUokVLMChwDI68nv8lzisQ/R/8YPmQcX0pTYM4/U3j3SH6CgASESfF/adY3
QPBuUPFSf9gLcf3LwbgxCGSOzJcqiHBiMve6hBPJ+Gd3DljEFDYtq+hAp7J8o017
wqZGntgpPqBsPmMs6NqqliFQN0LQBLr+Yq0pSqDJrkoM/dm3crIA6VV/tgLuqCLC
6NBwZ3Jad5RvW800rqqwdG2s1a3IQ/Pw3xUCAwEAAaN2MHQwDwYDVR0TAQH/BAUw
AwEB/zAOBgNVHQ8BAf8EBAMCAQYwUQYDVR0RBEowSIcECgGIAIJAZnYtYXoyNDAt
MTkzLmJjb2xkMDRydXRnZWZkdXRzMmdrcmdodnNhLmJ4LmludGVybmFsLmNsb3Vk
YXBwLm5ldDANBgkqhkiG9w0BAQsFAAOCAQEAI9gUSuVQlvuObA7kZAUiDf3HZMjy
+26RywWPBcQCj38U6TMFbjchW14knFdh5MMKt16Z1ocgLkZt2BXpeoE5/Ay+H++Z
dVZ40yLAoYvJIb/ZGBvDP3fYVfVB1y0RO+IRMryIdTsPWhkVQNq2HSaVX0u8NJjE
trCbSokHr2ZsYziws+FoW+io7lsx/+olDTA2TLUrE267O6AQbo1OJs0nbzICuZEA
hxjqy8Q5cnGt57AKxoKDko6aZfFTs3lWsmZbH3zqcoXYmjKUt3e9UYlqDxGD94yN
ah0nq4KdGxQ/OlR3qKuUwHtOQmz5Y9Y6ok/F1kqo1aV1+6KhTDdJMYstjw==
-----END CERTIFICATE-----

2023-09-14 11:49:39,497 [Time-limited test] INFO  utils.CertificateCodec (CertificateCodec.java:writeCertificate(299)) - Save certificate to /tmp/junit5818464736876707079/junit7440823567850635185/scm-meta/scm/sub-ca/certs/certificate.crt
2023-09-14 11:49:39,497 [Time-limited test] INFO  utils.CertificateCodec (CertificateCodec.java:writeCertificate(300)) - Certificate -----BEGIN CERTIFICATE-----
MIID/TCCAuWgAwIBAgIGAdKFN9ioMA0GCSqGSIb3DQEBCwUAMHsxGzAZBgNVBAMM
EnNjbS0xQGZ2LWF6MjQwLTE5MzEtMCsGA1UECwwkZDNkODcxZDMtOTU3Ni00ZjQz
LTk5MGQtNmM4MWVmMjI1NzkyMS0wKwYDVQQKDCRlMWE1M2RhNC05N2JlLTQ1YmYt
OTNjMC00YzAxMTNlNTlkZjIwHhcNMjMwOTE0MTE0OTM5WhcNMjgxMDIyMTE0OTM5
WjCBizErMCkGA1UEAwwic2NtLXN1Yi0yMDAzNjg0NTIyMzI2QGZ2LWF6MjQwLTE5
MzEtMCsGA1UECwwkZDNkODcxZDMtOTU3Ni00ZjQzLTk5MGQtNmM4MWVmMjI1Nzky
MS0wKwYDVQQKDCRlMWE1M2RhNC05N2JlLTQ1YmYtOTNjMC00YzAxMTNlNTlkZjIw
ggEiMA0GCSqGSIb3DQEBAQUAA4IBDwAwggEKAoIBAQDGKZ8NVmXwKLuzRvySDrqm
Uw+7fMflc8Nbc2v8QAscQA1fBpMpj0vIyudGOTsJ7q6zWm22s/Q4drm9ZgfX6tta
dkENeuI53FyJr8TEK6fkOBvtV6OyXKOmEaApsp7rrWwBARrCi6pquhV3afDgUe+8
Aeub7VSOpWi6nG+rIYAuzp09OdEDFTABi+wBfDdu2Nl6g9UdbS+LfRCDU/QnoZ0o
y/0rp59lN+rXSQHJcfnNM7tNKWQzCJNaxe2HpE710JXE4xcMM/DAdg9GwKAbILNH
1rt5p88wNg/WsAxfK8Gbr9oOrVyIib5awjlEfmADAYWoTBp4fav4sT5Nj2sNccBT
AgMBAAGjdjB0MFEGA1UdEQRKMEiHBAoBiACCQGZ2LWF6MjQwLTE5My5iY29sZDA0
cnV0Z2VmZHV0czJna3JnaHZzYS5ieC5pbnRlcm5hbC5jbG91ZGFwcC5uZXQwDwYD
VR0TAQH/BAUwAwEB/zAOBgNVHQ8BAf8EBAMCAb4wDQYJKoZIhvcNAQELBQADggEB
ACDoRFbxwddZ9JMe4lKYVR/tcKht1TpKaIYyu27m9ARG5ODtJiuJuh7ZCCEkOtd8
G2JXbmtu/Hc3YvtV4HO1MLOYCnqye6hy07eWuCUhLb7rCoSqChWn/McoNiCKdLP8
urcKqYz7VFrP+cWlTu73O9u3xZBds8+TndFvKR5tezLa57+hvuM0Dvbj6fkJnqsY
4qBjqv/7HfrGsvp6LesMGNUJFYK1V/F7du/Vb3PbLiJ4DIDFeUjtcH0BgsXpxkXI
iw64hQIdVLV2lSXx3FrAhX/lr1ei3wreL6pY0Bv1dYEW7BRePjA32+ePVMYw2/ta
g2qx05iJN//u/xxlNuO1QGU=
-----END CERTIFICATE-----

-----BEGIN CERTIFICATE-----
MIID5zCCAs+gAwIBAgIBATANBgkqhkiG9w0BAQsFADB7MRswGQYDVQQDDBJzY20t
MUBmdi1hejI0MC0xOTMxLTArBgNVBAsMJGQzZDg3MWQzLTk1NzYtNGY0My05OTBk
LTZjODFlZjIyNTc5MjEtMCsGA1UECgwkZTFhNTNkYTQtOTdiZS00NWJmLTkzYzAt
NGMwMTEzZTU5ZGYyMB4XDTIzMDkxNDExNDkzOVoXDTI4MTAyMjExNDkzOVowezEb
MBkGA1UEAwwSc2NtLTFAZnYtYXoyNDAtMTkzMS0wKwYDVQQLDCRkM2Q4NzFkMy05
NTc2LTRmNDMtOTkwZC02YzgxZWYyMjU3OTIxLTArBgNVBAoMJGUxYTUzZGE0LTk3
YmUtNDViZi05M2MwLTRjMDExM2U1OWRmMjCCASIwDQYJKoZIhvcNAQEBBQADggEP
ADCCAQoCggEBAMlMPd+/OHA/qJMb1Q7Fe5Gyrw/rp43Nng1jSI1wd7+HlpU2UI0N
XZ3tf5RBkWiUF4qqrsUtH7exocoCaeOcQz1VSNkNj/rTbXCz6wRYkDYJYgZ8wqyQ
yVkIPoUokVLMChwDI68nv8lzisQ/R/8YPmQcX0pTYM4/U3j3SH6CgASESfF/adY3
QPBuUPFSf9gLcf3LwbgxCGSOzJcqiHBiMve6hBPJ+Gd3DljEFDYtq+hAp7J8o017
wqZGntgpPqBsPmMs6NqqliFQN0LQBLr+Yq0pSqDJrkoM/dm3crIA6VV/tgLuqCLC
6NBwZ3Jad5RvW800rqqwdG2s1a3IQ/Pw3xUCAwEAAaN2MHQwDwYDVR0TAQH/BAUw
AwEB/zAOBgNVHQ8BAf8EBAMCAQYwUQYDVR0RBEowSIcECgGIAIJAZnYtYXoyNDAt
MTkzLmJjb2xkMDRydXRnZWZkdXRzMmdrcmdodnNhLmJ4LmludGVybmFsLmNsb3Vk
YXBwLm5ldDANBgkqhkiG9w0BAQsFAAOCAQEAI9gUSuVQlvuObA7kZAUiDf3HZMjy
+26RywWPBcQCj38U6TMFbjchW14knFdh5MMKt16Z1ocgLkZt2BXpeoE5/Ay+H++Z
dVZ40yLAoYvJIb/ZGBvDP3fYVfVB1y0RO+IRMryIdTsPWhkVQNq2HSaVX0u8NJjE
trCbSokHr2ZsYziws+FoW+io7lsx/+olDTA2TLUrE267O6AQbo1OJs0nbzICuZEA
hxjqy8Q5cnGt57AKxoKDko6aZfFTs3lWsmZbH3zqcoXYmjKUt3e9UYlqDxGD94yN
ah0nq4KdGxQ/OlR3qKuUwHtOQmz5Y9Y6ok/F1kqo1aV1+6KhTDdJMYstjw==
-----END CERTIFICATE-----

2023-09-14 11:49:39,498 [Time-limited test] INFO  ha.HASecurityUtils (HASecurityUtils.java:initializeSecurity(121)) - Successfully stored SCM signed certificate.
2023-09-14 11:49:39,499 [Time-limited test] WARN  server.ServerUtils (ServerUtils.java:getScmDbDir(155)) - ozone.scm.db.dirs is not configured. We recommend adding this setting. Falling back to ozone.metadata.dirs instead.
2023-09-14 11:49:39,500 [Time-limited test] INFO  ha.SCMHANodeDetails (SCMHANodeDetails.java:loadSCMHAConfig(210)) - ServiceID for StorageContainerManager is null
2023-09-14 11:49:39,500 [Time-limited test] INFO  ha.SCMHANodeDetails (SCMHANodeDetails.java:loadSCMHAConfig(215)) - ozone.scm.default.service.id is not defined, falling back to ozone.scm.service.ids to find serviceID for StorageContainerManager if it is HA enabled cluster
2023-09-14 11:49:39,504 [pool-201-thread-1] INFO  request.KdcRequest (KdcRequest.java:preauth(651)) - The preauth data is empty.
2023-09-14 11:49:39,505 [pool-201-thread-1] INFO  server.KdcHandler (KdcHandler.java:handleRecoverableException(177)) - KRB error occurred while processing request:Additional pre-authentication required
2023-09-14 11:49:39,511 [pool-201-thread-2] INFO  request.AsRequest (AsRequest.java:issueTicket(112)) - AS_REQ ISSUE: authtime 1694692179510,scm/fv-az240-193.bcold04rutgefduts2gkrghvsa.bx.internal.cloudapp.net@EXAMPLE.COM for krbtgt/EXAMPLE.COM@EXAMPLE.COM
2023-09-14 11:49:39,519 [Time-limited test] INFO  security.UserGroupInformation (UserGroupInformation.java:loginUserFromKeytab(1132)) - Login successful for user scm/fv-az240-193.bcold04rutgefduts2gkrghvsa.bx.internal.cloudapp.net@EXAMPLE.COM using keytab file scm.keytab. Keytab auto renewal enabled : false
2023-09-14 11:49:39,519 [Time-limited test] INFO  server.StorageContainerManager (StorageContainerManager.java:loginAsSCMUserIfSecurityEnabled(1042)) - SCM login successful.
2023-09-14 11:49:39,521 [Time-limited test] INFO  client.SCMCertificateClient (DefaultCertificateClient.java:updateCertSerialId(1244)) - Certificate serial ID set to 2003689789608
2023-09-14 11:49:39,523 [Time-limited test] INFO  client.SCMCertificateClient (DefaultCertificateClient.java:readCertificateFile(237)) - Added certificate   [0]         Version: 3
         SerialNumber: 2003689789608
             IssuerDN: CN=scm-1@fv-az240-193,OU=d3d871d3-9576-4f43-990d-6c81ef225792,O=e1a53da4-97be-45bf-93c0-4c0113e59df2
           Start Date: Thu Sep 14 11:49:39 UTC 2023
           Final Date: Sun Oct 22 11:49:39 UTC 2028
            SubjectDN: CN=scm-sub-2003684522326@fv-az240-193,OU=d3d871d3-9576-4f43-990d-6c81ef225792,O=e1a53da4-97be-45bf-93c0-4c0113e59df2
           Public Key: RSA Public Key [4b:47:50:ae:fc:37:65:27:08:b5:d6:2c:42:a4:df:79:0b:3f:2f:eb],[56:66:d1:a4]
        modulus: c6299f0d5665f028bbb346fc920ebaa6530fbb7cc7e573c35b736bfc400b1c400d5f0693298f4bc8cae746393b09eeaeb35a6db6b3f43876b9bd6607d7eadb5a76410d7ae239dc5c89afc4c42ba7e4381bed57a3b25ca3a611a029b29eebad6c01011ac28baa6aba157769f0e051efbc01eb9bed548ea568ba9c6fab21802ece9d3d39d1031530018bec017c376ed8d97a83d51d6d2f8b7d108353f427a19d28cbfd2ba79f6537ead74901c971f9cd33bb4d29643308935ac5ed87a44ef5d095c4e3170c33f0c0760f46c0a01b20b347d6bb79a7cf30360fd6b00c5f2bc19bafda0ead5c8889be5ac239447e60030185a84c1a787dabf8b13e4d8f6b0d71c053
public exponent: 10001

  Signature Algorithm: SHA256WITHRSA
            Signature: 20e84456f1c1d759f4931ee25298551fed70a86d
                       d53a4a688632bb6ee6f40446e4e0ed262b89ba1e
                       d90821243ad77c1b62576e6b6efc773762fb55e0
                       73b530b3980a7ab27ba872d3b796b825212dbeeb
                       0a84aa0a15a7fcc72836208a74b3fcbab70aa98c
                       fb545acff9c5a54eeef73bdbb7c5905db3cf939d
                       d16f291e6d7b32dae7bfa1bee3340ef6e3e9f909
                       9eab18e2a063aafffb1dfac6b2fa7a2deb0c18d5
                       091582b557f17b76efd56f73db2e22780c80c579
                       48ed707d0182c5e9c645c88b0eb885021d54b576
                       9525f1dc5ac0857fe5af57a2df0ade2faa58d01b
                       f5758116ec145e3e3037dbe78f54c630dbfb5a83
                       6ab1d3988937ffeeff1c6536e3b54065
       Extensions: 
                       critical(false) 2.5.29.17 value = Sequence
    Tagged [7] IMPLICIT 
        DER Octet String[4] 
    Tagged [2] IMPLICIT 
        DER Octet String[64] 

                       critical(true) BasicConstraints: isCa(true)
                       critical(true) KeyUsage: 0xbe
 from file: /tmp/junit5818464736876707079/junit7440823567850635185/scm-meta/scm/sub-ca/certs/certificate.crt.
2023-09-14 11:49:39,524 [Time-limited test] INFO  client.SCMCertificateClient (DefaultCertificateClient.java:readCertificateFile(237)) - Added certificate   [0]         Version: 3
         SerialNumber: 1
             IssuerDN: CN=scm-1@fv-az240-193,OU=d3d871d3-9576-4f43-990d-6c81ef225792,O=e1a53da4-97be-45bf-93c0-4c0113e59df2
           Start Date: Thu Sep 14 11:49:39 UTC 2023
           Final Date: Sun Oct 22 11:49:39 UTC 2028
            SubjectDN: CN=scm-1@fv-az240-193,OU=d3d871d3-9576-4f43-990d-6c81ef225792,O=e1a53da4-97be-45bf-93c0-4c0113e59df2
           Public Key: RSA Public Key [66:4d:4c:13:dd:d4:f5:c3:1d:1f:49:78:3b:e7:fd:2e:ea:ad:c0:20],[56:66:d1:a4]
        modulus: c94c3ddfbf38703fa8931bd50ec57b91b2af0feba78dcd9e0d63488d7077bf87969536508d0d5d9ded7f9441916894178aaaaec52d1fb7b1a1ca0269e39c433d5548d90d8ffad36d70b3eb045890360962067cc2ac90c959083e85289152cc0a1c0323af27bfc9738ac43f47ff183e641c5f4a5360ce3f5378f7487e8280048449f17f69d63740f06e50f1527fd80b71fdcbc1b83108648ecc972a88706232f7ba8413c9f867770e58c414362dabe840a7b27ca34d7bc2a6469ed8293ea06c3e632ce8daaa9621503742d004bafe62ad294aa0c9ae4a0cfdd9b772b200e9557fb602eea822c2e8d07067725a77946f5bcd34aeaab0746dacd5adc843f3f0df15
public exponent: 10001

  Signature Algorithm: SHA256WITHRSA
            Signature: 23d8144ae55096fb8e6c0ee46405220dfdc764c8
                       f2fb6e91cb058f05c4028f7f14e933056e37215b
                       5e249c5761e4c30ab75e99d687202e466dd815e9
                       7a8139fc0cbe1fef99755678d322c0a18bc921bf
                       d9181bc33f77d855f541d72d113be21132bc8875
                       3b0f5a191540dab61d26955f4bbc3498c4b6b09b
                       4a8907af666c6338b0b3e1685be8a8ee5b31ffea
                       250d30364cb52b136ebb3ba0106e8d4e26cd276f
                       3202b991008718eacbc4397271ade7b00ac68283
                       928e9a65f153b37956b2665b1f7cea7285d89a32
                       94b777bd51896a0f1183f78c8d6a1d27ab829d1b
                       143f3a5477a8ab94c07b4e426cf963d63aa24fc5
                       d64aa8d5a575fba2a14c3749318b2d8f
       Extensions: 
                       critical(true) BasicConstraints: isCa(true)
                       critical(true) KeyUsage: 0x6
                       critical(false) 2.5.29.17 value = Sequence
    Tagged [7] IMPLICIT 
        DER Octet String[4] 
    Tagged [2] IMPLICIT 
        DER Octet String[64] 

 from file: /tmp/junit5818464736876707079/junit7440823567850635185/scm-meta/scm/sub-ca/certs/CA-1.crt.
2023-09-14 11:49:39,525 [Time-limited test] INFO  client.SCMCertificateClient (DefaultCertificateClient.java:readCertificateFile(237)) - Added certificate   [0]         Version: 3
         SerialNumber: 2003689789608
             IssuerDN: CN=scm-1@fv-az240-193,OU=d3d871d3-9576-4f43-990d-6c81ef225792,O=e1a53da4-97be-45bf-93c0-4c0113e59df2
           Start Date: Thu Sep 14 11:49:39 UTC 2023
           Final Date: Sun Oct 22 11:49:39 UTC 2028
            SubjectDN: CN=scm-sub-2003684522326@fv-az240-193,OU=d3d871d3-9576-4f43-990d-6c81ef225792,O=e1a53da4-97be-45bf-93c0-4c0113e59df2
           Public Key: RSA Public Key [4b:47:50:ae:fc:37:65:27:08:b5:d6:2c:42:a4:df:79:0b:3f:2f:eb],[56:66:d1:a4]
        modulus: c6299f0d5665f028bbb346fc920ebaa6530fbb7cc7e573c35b736bfc400b1c400d5f0693298f4bc8cae746393b09eeaeb35a6db6b3f43876b9bd6607d7eadb5a76410d7ae239dc5c89afc4c42ba7e4381bed57a3b25ca3a611a029b29eebad6c01011ac28baa6aba157769f0e051efbc01eb9bed548ea568ba9c6fab21802ece9d3d39d1031530018bec017c376ed8d97a83d51d6d2f8b7d108353f427a19d28cbfd2ba79f6537ead74901c971f9cd33bb4d29643308935ac5ed87a44ef5d095c4e3170c33f0c0760f46c0a01b20b347d6bb79a7cf30360fd6b00c5f2bc19bafda0ead5c8889be5ac239447e60030185a84c1a787dabf8b13e4d8f6b0d71c053
public exponent: 10001

  Signature Algorithm: SHA256WITHRSA
            Signature: 20e84456f1c1d759f4931ee25298551fed70a86d
                       d53a4a688632bb6ee6f40446e4e0ed262b89ba1e
                       d90821243ad77c1b62576e6b6efc773762fb55e0
                       73b530b3980a7ab27ba872d3b796b825212dbeeb
                       0a84aa0a15a7fcc72836208a74b3fcbab70aa98c
                       fb545acff9c5a54eeef73bdbb7c5905db3cf939d
                       d16f291e6d7b32dae7bfa1bee3340ef6e3e9f909
                       9eab18e2a063aafffb1dfac6b2fa7a2deb0c18d5
                       091582b557f17b76efd56f73db2e22780c80c579
                       48ed707d0182c5e9c645c88b0eb885021d54b576
                       9525f1dc5ac0857fe5af57a2df0ade2faa58d01b
                       f5758116ec145e3e3037dbe78f54c630dbfb5a83
                       6ab1d3988937ffeeff1c6536e3b54065
       Extensions: 
                       critical(false) 2.5.29.17 value = Sequence
    Tagged [7] IMPLICIT 
        DER Octet String[4] 
    Tagged [2] IMPLICIT 
        DER Octet String[64] 

                       critical(true) BasicConstraints: isCa(true)
                       critical(true) KeyUsage: 0xbe
 from file: /tmp/junit5818464736876707079/junit7440823567850635185/scm-meta/scm/sub-ca/certs/2003689789608.crt.
2023-09-14 11:49:39,526 [Time-limited test] INFO  client.SCMCertificateClient (DefaultCertificateClient.java:loadAllCertificates(191)) - CertificateRenewerService and root ca rotation polling is disabled for scm/sub-ca
2023-09-14 11:49:39,526 [Time-limited test] WARN  utils.HAUtils (HAUtils.java:getMetaDir(339)) - ozone.scm.db.dirs is not configured. We recommend adding this setting. Falling back to ozone.metadata.dirs instead.
2023-09-14 11:49:39,526 [Time-limited test] WARN  db.DBStoreBuilder (DBStoreBuilder.java:applyDBDefinition(166)) - ozone.scm.db.dirs is not configured. We recommend adding this setting. Falling back to ozone.metadata.dirs instead.
2023-09-14 11:49:39,639 [Time-limited test] INFO  net.NodeSchemaLoader (NodeSchemaLoader.java:loadSchemaFromFile(129)) - Loading schema from [jar:file:/home/runner/.m2/repository/org/apache/ozone/hdds-common/1.4.0-SNAPSHOT/hdds-common-1.4.0-SNAPSHOT.jar!/network-topology-default.xml]
2023-09-14 11:49:39,639 [Time-limited test] INFO  net.NodeSchemaLoader (NodeSchemaLoader.java:loadSchema(176)) - Loading network topology layer schema file
2023-09-14 11:49:39,650 [Time-limited test] INFO  upgrade.AbstractLayoutVersionManager (AbstractLayoutVersionManager.java:init(83)) - Initializing Layout version manager with metadata layout = HADOOP_PRC_PORTS_IN_DATANODEDETAILS (version = 7), software layout = HADOOP_PRC_PORTS_IN_DATANODEDETAILS (version = 7)
2023-09-14 11:49:39,655 [Time-limited test] INFO  ha.SequenceIdGenerator (SequenceIdGenerator.java:upgradeToSequenceId(365)) - upgrade localId to 111677748019200000
2023-09-14 11:49:39,655 [Time-limited test] INFO  ha.SequenceIdGenerator (SequenceIdGenerator.java:upgradeToSequenceId(375)) - upgrade delTxnId to 0
2023-09-14 11:49:39,656 [Time-limited test] INFO  ha.SequenceIdGenerator (SequenceIdGenerator.java:upgradeToSequenceId(392)) - upgrade containerId to 0
2023-09-14 11:49:39,657 [Time-limited test] INFO  ha.SequenceIdGenerator (SequenceIdGenerator.java:upgradeToSequenceId(428)) - upgrade rootCertificateId to 1
2023-09-14 11:49:39,657 [Time-limited test] INFO  ha.SequenceIdGenerator (SequenceIdGenerator.java:<init>(236)) - Init the HA SequenceIdGenerator.
2023-09-14 11:49:39,660 [Time-limited test] INFO  node.SCMNodeManager (SCMNodeManager.java:<init>(157)) - Entering startup safe mode.
2023-09-14 11:49:39,662 [Time-limited test] INFO  algorithms.ContainerPlacementPolicyFactory (ContainerPlacementPolicyFactory.java:getPolicyInternal(86)) - Create container placement policy of type org.apache.hadoop.hdds.scm.container.placement.algorithms.SCMContainerPlacementRackAware
2023-09-14 11:49:39,662 [Time-limited test] INFO  algorithms.ContainerPlacementPolicyFactory (ContainerPlacementPolicyFactory.java:getPolicyInternal(86)) - Create container placement policy of type org.apache.hadoop.hdds.scm.container.placement.algorithms.SCMContainerPlacementRackScatter
2023-09-14 11:49:39,662 [Time-limited test] INFO  pipeline.PipelineStateManagerImpl (PipelineStateManagerImpl.java:initialize(78)) - No pipeline exists in current db
2023-09-14 11:49:39,663 [Time-limited test] INFO  algorithms.LeaderChoosePolicyFactory (LeaderChoosePolicyFactory.java:getPolicy(57)) - Create leader choose policy of type org.apache.hadoop.hdds.scm.pipeline.leader.choose.algorithms.MinLeaderCountChoosePolicy
2023-09-14 11:49:39,663 [Time-limited test] INFO  algorithms.ContainerPlacementPolicyFactory (ContainerPlacementPolicyFactory.java:getPolicyInternal(86)) - Create container placement policy of type org.apache.hadoop.hdds.scm.container.placement.algorithms.SCMContainerPlacementRackScatter
2023-09-14 11:49:39,663 [Time-limited test] INFO  ha.SCMServiceManager (SCMServiceManager.java:register(42)) - Registering service BackgroundPipelineCreator.
2023-09-14 11:49:39,664 [Time-limited test] INFO  pipeline.BackgroundPipelineCreator (BackgroundPipelineCreator.java:start(124)) - Starting RatisPipelineUtilsThread.
2023-09-14 11:49:39,675 [Time-limited test] INFO  BackgroundPipelineScrubber (BackgroundSCMService.java:start(68)) - Starting BackgroundPipelineScrubber Service.
2023-09-14 11:49:39,675 [Time-limited test] INFO  ha.SCMServiceManager (SCMServiceManager.java:register(42)) - Registering service BackgroundPipelineScrubber.
2023-09-14 11:49:39,675 [Time-limited test] INFO  ExpiredContainerReplicaOpScrubber (BackgroundSCMService.java:start(68)) - Starting ExpiredContainerReplicaOpScrubber Service.
2023-09-14 11:49:39,675 [Time-limited test] INFO  ha.SCMServiceManager (SCMServiceManager.java:register(42)) - Registering service ExpiredContainerReplicaOpScrubber.
2023-09-14 11:49:39,677 [Time-limited test] INFO  algorithms.PipelineChoosePolicyFactory (PipelineChoosePolicyFactory.java:createPipelineChoosePolicyFromClass(78)) - Create pipeline choose policy of type org.apache.hadoop.hdds.scm.pipeline.choose.algorithms.RandomPipelineChoosePolicy
2023-09-14 11:49:39,677 [Time-limited test] INFO  algorithms.PipelineChoosePolicyFactory (PipelineChoosePolicyFactory.java:createPipelineChoosePolicyFromClass(78)) - Create pipeline choose policy of type org.apache.hadoop.hdds.scm.pipeline.choose.algorithms.RandomPipelineChoosePolicy
2023-09-14 11:49:39,679 [Time-limited test] INFO  ha.SCMServiceManager (SCMServiceManager.java:register(42)) - Registering service SCMBlockDeletingService.
2023-09-14 11:49:39,682 [Time-limited test] INFO  replication.ReplicationManager (ReplicationManager.java:start(291)) - Starting Replication Monitor Thread.
2023-09-14 11:49:39,687 [ReplicationMonitor] INFO  replication.ReplicationManager (ReplicationManager.java:processAll(365)) - Replication Manager is not ready to run until 300000ms after safemode exit
2023-09-14 11:49:39,687 [Time-limited test] INFO  ha.SCMServiceManager (SCMServiceManager.java:register(42)) - Registering service ReplicationManager.
2023-09-14 11:49:39,688 [Time-limited test] INFO  safemode.ContainerSafeModeRule (ContainerSafeModeRule.java:<init>(90)) - containers with one replica threshold count 0
2023-09-14 11:49:39,689 [Time-limited test] INFO  safemode.HealthyPipelineSafeModeRule (HealthyPipelineSafeModeRule.java:initializeRule(169)) - Total pipeline count is 0, healthy pipeline threshold count is 0
2023-09-14 11:49:39,689 [Time-limited test] INFO  safemode.OneReplicaPipelineSafeModeRule (OneReplicaPipelineSafeModeRule.java:initializeRule(180)) - Total pipeline count is 0, pipeline's with at least one datanode reported threshold count is 0
2023-09-14 11:49:39,691 [Time-limited test] INFO  authority.DefaultCAServer (DefaultCAServer.java:lambda$processVerificationStatus$0(472)) - CertificateServer validation is successful
2023-09-14 11:49:39,691 [Time-limited test] INFO  authority.DefaultCAServer (DefaultCAServer.java:lambda$processVerificationStatus$0(472)) - CertificateServer validation is successful
2023-09-14 11:49:39,692 [Time-limited test] INFO  server.StorageContainerManager (StorageContainerManager.java:persistPrimarySCMCerts(932)) - Storing sub-ca certificate serialId 2003689789608 on primary SCM
2023-09-14 11:49:39,693 [Time-limited test] INFO  server.SCMCertStore (SCMCertStore.java:storeValidScmCertificate(122)) - Scm certificate 2003689789608 for CN=scm-sub-2003684522326@fv-az240-193,OU=d3d871d3-9576-4f43-990d-6c81ef225792,O=e1a53da4-97be-45bf-93c0-4c0113e59df2 is stored
2023-09-14 11:49:39,693 [Time-limited test] INFO  server.StorageContainerManager (StorageContainerManager.java:persistPrimarySCMCerts(940)) - Storing root certificate serialId 1
2023-09-14 11:49:39,694 [Time-limited test] INFO  server.SCMCertStore (SCMCertStore.java:storeValidScmCertificate(122)) - Scm certificate 1 for CN=scm-1@fv-az240-193,OU=d3d871d3-9576-4f43-990d-6c81ef225792,O=e1a53da4-97be-45bf-93c0-4c0113e59df2 is stored
2023-09-14 11:49:39,694 [Time-limited test] INFO  ipc.CallQueueManager (CallQueueManager.java:<init>(90)) - Using callQueue: class java.util.concurrent.LinkedBlockingQueue, queueCapacity: 200, scheduler: class org.apache.hadoop.ipc.DefaultRpcScheduler, ipcBackoff: false.
2023-09-14 11:49:39,695 [Time-limited test] INFO  ipc.Server (Server.java:<init>(1287)) - Listener at 0.0.0.0:9961
2023-09-14 11:49:39,702 [Socket Reader #1 for port 9961] INFO  ipc.Server (Server.java:run(1323)) - Starting Socket Reader #1 for port 9961
2023-09-14 11:49:39,710 [Time-limited test] INFO  server.StorageContainerManager (StorageContainerManager.java:<init>(425)) - SCM start with adminUsers: [om/fv-az240-193.bcold04rutgefduts2gkrghvsa.bx.internal.cloudapp.net@EXAMPLE.COM, scm]
2023-09-14 11:49:39,710 [Time-limited test] INFO  ipc.CallQueueManager (CallQueueManager.java:<init>(90)) - Using callQueue: class java.util.concurrent.LinkedBlockingQueue, queueCapacity: 10000, scheduler: class org.apache.hadoop.ipc.DefaultRpcScheduler, ipcBackoff: false.
2023-09-14 11:49:39,711 [Time-limited test] INFO  ipc.Server (Server.java:<init>(1287)) - Listener at 0.0.0.0:9861
2023-09-14 11:49:39,712 [Socket Reader #1 for port 9861] INFO  ipc.Server (Server.java:run(1323)) - Starting Socket Reader #1 for port 9861
2023-09-14 11:49:39,715 [Time-limited test] INFO  ipc.CallQueueManager (CallQueueManager.java:<init>(90)) - Using callQueue: class java.util.concurrent.LinkedBlockingQueue, queueCapacity: 10000, scheduler: class org.apache.hadoop.ipc.DefaultRpcScheduler, ipcBackoff: false.
2023-09-14 11:49:39,715 [Time-limited test] INFO  ipc.Server (Server.java:<init>(1287)) - Listener at 0.0.0.0:9863
2023-09-14 11:49:39,726 [Socket Reader #1 for port 9863] INFO  ipc.Server (Server.java:run(1323)) - Starting Socket Reader #1 for port 9863
2023-09-14 11:49:39,732 [Time-limited test] INFO  ipc.CallQueueManager (CallQueueManager.java:<init>(90)) - Using callQueue: class java.util.concurrent.LinkedBlockingQueue, queueCapacity: 10000, scheduler: class org.apache.hadoop.ipc.DefaultRpcScheduler, ipcBackoff: false.
2023-09-14 11:49:39,733 [Time-limited test] INFO  ipc.Server (Server.java:<init>(1287)) - Listener at 0.0.0.0:9860
2023-09-14 11:49:39,733 [Socket Reader #1 for port 9860] INFO  ipc.Server (Server.java:run(1323)) - Starting Socket Reader #1 for port 9860
2023-09-14 11:49:39,747 [Time-limited test] INFO  ha.SCMServiceManager (SCMServiceManager.java:register(42)) - Registering service ContainerBalancer.
2023-09-14 11:49:39,747 [Time-limited test] INFO  server.StorageContainerManager (StorageContainerManager.java:<init>(438)) - 
Container Balancer status:
Key                            Value
Running                        false
Container Balancer Configuration values:
Key                                                Value
Threshold                                          10
Max Datanodes to Involve per Iteration(percent)    20
Max Size to Move per Iteration                     500GB
Max Size Entering Target per Iteration             26GB
Max Size Leaving Source per Iteration              26GB
Number of Iterations                               10
Time Limit for Single Container's Movement         65min
Time Limit for Single Container's Replication      50min
Interval between each Iteration                    70min
Whether to Enable Network Topology                 false
Whether to Trigger Refresh Datanode Usage Info     false
Container IDs to Exclude from Balancing            None
Datanodes Specified to be Balanced                 None
Datanodes Excluded from Balancing                  None

2023-09-14 11:49:39,747 [Time-limited test] INFO  ha.SCMContext (SCMContext.java:updateSafeModeStatus(228)) - Update SafeModeStatus from SafeModeStatus{safeModeStatus=true, preCheckPassed=false} to SafeModeStatus{safeModeStatus=true, preCheckPassed=false}.
2023-09-14 11:49:39,749 [Time-limited test] INFO  server.StorageContainerManager (StorageContainerManager.java:start(1483)) - StorageContainerLocationProtocol RPC server is listening at /0.0.0.0:9860
2023-09-14 11:49:39,749 [Time-limited test] INFO  impl.MetricsSystemImpl (MetricsSystemImpl.java:init(158)) - StorageContainerManager metrics system started (again)
2023-09-14 11:49:39,771 [Time-limited test] INFO  server.SCMClientProtocolServer (SCMClientProtocolServer.java:start(201)) - RPC server for Client  is listening at /0.0.0.0:9860
2023-09-14 11:49:39,771 [IPC Server Responder] INFO  ipc.Server (Server.java:run(1562)) - IPC Server Responder: starting
2023-09-14 11:49:39,772 [IPC Server listener on 9860] INFO  ipc.Server (Server.java:run(1402)) - IPC Server listener on 9860: starting
2023-09-14 11:49:39,820 [Time-limited test] INFO  server.StorageContainerManager (StorageContainerManager.java:start(1496)) - ScmBlockLocationProtocol RPC server is listening at /0.0.0.0:9863
2023-09-14 11:49:39,821 [Time-limited test] INFO  server.SCMBlockProtocolServer (SCMBlockProtocolServer.java:start(154)) - RPC server for Block Protocol is listening at /0.0.0.0:9863
2023-09-14 11:49:39,821 [IPC Server Responder] INFO  ipc.Server (Server.java:run(1562)) - IPC Server Responder: starting
2023-09-14 11:49:39,821 [IPC Server listener on 9863] INFO  ipc.Server (Server.java:run(1402)) - IPC Server listener on 9863: starting
2023-09-14 11:49:39,829 [Time-limited test] INFO  server.SCMDatanodeProtocolServer (SCMDatanodeProtocolServer.java:start(193)) - ScmDatanodeProtocol RPC server for DataNodes is listening at /0.0.0.0:9861
2023-09-14 11:49:39,830 [IPC Server Responder] INFO  ipc.Server (Server.java:run(1562)) - IPC Server Responder: starting
2023-09-14 11:49:39,830 [IPC Server listener on 9861] INFO  ipc.Server (Server.java:run(1402)) - IPC Server listener on 9861: starting
2023-09-14 11:49:39,837 [Time-limited test] INFO  server.SCMSecurityProtocolServer (SCMSecurityProtocolServer.java:start(542)) - Starting RPC server for SCMSecurityProtocolServer. is listening at /0.0.0.0:9961
2023-09-14 11:49:39,839 [IPC Server Responder] INFO  ipc.Server (Server.java:run(1562)) - IPC Server Responder: starting
2023-09-14 11:49:39,840 [IPC Server listener on 9961] INFO  ipc.Server (Server.java:run(1402)) - IPC Server listener on 9961: starting
2023-09-14 11:49:39,841 [Time-limited test] INFO  server.SCMUpdateServiceGrpcServer (SCMUpdateServiceGrpcServer.java:start(58)) - SCMUpdateService starting
2023-09-14 11:49:39,854 [Time-limited test] INFO  http.BaseHttpServer (BaseHttpServer.java:newHttpServer2BuilderForOzone(223)) - Starting Web-server for scm at: http://0.0.0.0:9876
2023-09-14 11:49:39,854 [Time-limited test] INFO  http.BaseHttpServer (BaseHttpServer.java:<init>(110)) - Hadoop Security Enabled: true Ozone Security Enabled: true Ozone HTTP Security Enabled: false 
2023-09-14 11:49:39,856 [Time-limited test] WARN  server.AuthenticationFilter (AuthenticationFilter.java:constructSecretProvider(240)) - Unable to initialize FileSignerSecretProvider, falling back to use random secrets. Reason: Could not read signature secret file: /home/runner/hadoop-http-auth-signature-secret
2023-09-14 11:49:39,856 [JvmPauseMonitor3] INFO  util.JvmPauseMonitor (JvmPauseMonitor.java:run(103)) - JvmPauseMonitor-d3d871d3-9576-4f43-990d-6c81ef225792: Started
2023-09-14 11:49:39,864 [Time-limited test] INFO  http.HttpRequestLog (HttpRequestLog.java:getRequestLog(86)) - Http request log for http.requests.scm is not defined
2023-09-14 11:49:39,867 [Time-limited test] INFO  http.HttpServer2 (HttpServer2.java:addGlobalFilter(1031)) - Added global filter 'safety' (class=org.apache.hadoop.hdds.server.http.HttpServer2$QuotingInputFilter)
2023-09-14 11:49:39,868 [Time-limited test] INFO  http.HttpServer2 (HttpServer2.java:addFilter(1007)) - Added filter static_user_filter (class=org.apache.hadoop.http.lib.StaticUserWebFilter$StaticUserFilter) to context scm
2023-09-14 11:49:39,868 [Time-limited test] INFO  http.HttpServer2 (HttpServer2.java:addFilter(1015)) - Added filter static_user_filter (class=org.apache.hadoop.http.lib.StaticUserWebFilter$StaticUserFilter) to context static
2023-09-14 11:49:39,868 [Time-limited test] INFO  http.HttpServer2 (HttpServer2.java:addFilter(1015)) - Added filter static_user_filter (class=org.apache.hadoop.http.lib.StaticUserWebFilter$StaticUserFilter) to context logs
2023-09-14 11:49:39,869 [Time-limited test] INFO  http.BaseHttpServer (BaseHttpServer.java:<init>(189)) - HTTP server of scm uses base directory /tmp/junit5818464736876707079/junit7440823567850635185/scm-meta/webserver
2023-09-14 11:49:39,869 [Time-limited test] INFO  http.HttpServer2 (HttpServer2.java:bindListener(1231)) - Jetty bound to port 9876
2023-09-14 11:49:39,870 [Time-limited test] INFO  server.Server (Server.java:doStart(375)) - jetty-9.4.51.v20230217; built: 2023-02-17T08:19:37.309Z; git: b45c405e4544384de066f814ed42ae3dceacdd49; jvm 1.8.0_382-b05
2023-09-14 11:49:39,874 [Time-limited test] INFO  server.session (DefaultSessionIdManager.java:doStart(334)) - DefaultSessionIdManager workerName=node0
2023-09-14 11:49:39,875 [Time-limited test] INFO  server.session (DefaultSessionIdManager.java:doStart(339)) - No SessionScavenger set, using defaults
2023-09-14 11:49:39,875 [Time-limited test] INFO  server.session (HouseKeeper.java:startScavenging(132)) - node0 Scavenging every 600000ms
2023-09-14 11:49:39,877 [Time-limited test] INFO  handler.ContextHandler (ContextHandler.java:doStart(921)) - Started o.e.j.s.ServletContextHandler@33ef8f8b{logs,/logs,file:///home/runner/work/ozone/ozone/hadoop-ozone/integration-test/target/log,AVAILABLE}
2023-09-14 11:49:39,894 [Time-limited test] INFO  handler.ContextHandler (ContextHandler.java:doStart(921)) - Started o.e.j.s.ServletContextHandler@a32c000{static,/static,file:///home/runner/work/ozone/ozone/hadoop-ozone/integration-test/target/test-classes/webapps/static,AVAILABLE}
2023-09-14 11:49:39,898 [Time-limited test] INFO  handler.ContextHandler (ContextHandler.java:doStart(921)) - Started o.e.j.w.WebAppContext@2149dd21{scm,/,file:///home/runner/work/ozone/ozone/hadoop-ozone/integration-test/target/test-classes/webapps/scm/,AVAILABLE}{file:/home/runner/work/ozone/ozone/hadoop-ozone/integration-test/target/test-classes/webapps/scm}
2023-09-14 11:49:39,899 [Time-limited test] INFO  server.AbstractConnector (AbstractConnector.java:doStart(333)) - Started ServerConnector@2fa4534e{HTTP/1.1, (http/1.1)}{0.0.0.0:9876}
2023-09-14 11:49:39,900 [Time-limited test] INFO  server.Server (Server.java:doStart(415)) - Started @55194ms
2023-09-14 11:49:39,900 [Time-limited test] WARN  impl.MetricsSystemImpl (MetricsSystemImpl.java:register(279)) - Sink prometheus already exists!
2023-09-14 11:49:39,901 [Time-limited test] INFO  http.BaseHttpServer (BaseHttpServer.java:updateConnectorAddress(354)) - HTTP server of scm listening at http://0.0.0.0:9876
2023-09-14 11:49:39,902 [Time-limited test] WARN  server.ServerUtils (ServerUtils.java:getDBPath(311)) - ozone.om.db.dirs is not configured. We recommend adding this setting. Falling back to ozone.metadata.dirs instead.
2023-09-14 11:49:39,902 [Time-limited test] INFO  om.OzoneManager (OzoneManager.java:initializeSecurity(1388)) - Initializing secure OzoneManager.
2023-09-14 11:49:39,903 [Time-limited test] INFO  om.OzoneManager (OzoneManager.java:getOmDetailsProto(4573)) - OzoneManager ports added:[name: "RPC"
value: 1202
]
2023-09-14 11:49:39,904 [Time-limited test] INFO  security.OMCertificateClient (DefaultCertificateClient.java:updateCertSerialId(1244)) - Certificate serial ID set to null
2023-09-14 11:49:39,904 [Time-limited test] ERROR security.OMCertificateClient (DefaultCertificateClient.java:getCertPath(362)) - Default certificate serial id is not set. Can't locate the default certificate for this client.
2023-09-14 11:49:39,904 [Time-limited test] INFO  security.OMCertificateClient (DefaultCertificateClient.java:init(715)) - Certificate client init case: 0
2023-09-14 11:49:39,904 [Time-limited test] INFO  security.OMCertificateClient (CommonCertificateClient.java:handleCase(73)) - Creating keypair for client as keypair and certificate not found.
2023-09-14 11:49:39,938 [pool-201-thread-2] INFO  request.TgsRequest (TgsRequest.java:issueTicket(115)) - TGS_REQ ISSUE: authtime 1694692179938,scm/fv-az240-193.bcold04rutgefduts2gkrghvsa.bx.internal.cloudapp.net for scm/fv-az240-193.bcold04rutgefduts2gkrghvsa.bx.internal.cloudapp.net@EXAMPLE.COM
2023-09-14 11:49:39,946 [Socket Reader #1 for port 9961] INFO  ipc.Server (Server.java:saslProcess(2139)) - Auth successful for scm/fv-az240-193.bcold04rutgefduts2gkrghvsa.bx.internal.cloudapp.net@EXAMPLE.COM (auth:KERBEROS) from fv-az240-193.bcold04rutgefduts2gkrghvsa.bx.internal.cloudapp.net:39533 / 10.1.136.0:39533
2023-09-14 11:49:39,972 [IPC Server handler 0 on default port 9961] INFO  client.SCMCertificateClient (DefaultCertificateClient.java:getAllRootCaCerts(901)) - scm/sub-ca has 0 Root CA certificates
2023-09-14 11:49:39,972 [IPC Server handler 0 on default port 9961] INFO  client.SCMCertificateClient (DefaultCertificateClient.java:getAllCaCerts(909)) - scm/sub-ca has 1 CA certificates
2023-09-14 11:49:39,977 [scm/sub-ca-refreshCACertificates] INFO  client.SCMCertificateClient (DefaultCertificateClient.java:getAllRootCaCerts(901)) - scm/sub-ca has 0 Root CA certificates
2023-09-14 11:49:39,977 [scm/sub-ca-refreshCACertificates] INFO  client.SCMCertificateClient (DefaultCertificateClient.java:getAllCaCerts(909)) - scm/sub-ca has 1 CA certificates
2023-09-14 11:49:39,978 [scm/sub-ca-refreshCACertificates] INFO  client.SCMCertificateClient (SCMCertificateClient.java:run(277)) - CA certificates are not changed.
2023-09-14 11:49:40,264 [Time-limited test] INFO  om.OzoneManager (OzoneManager.java:initializeSecurity(1401)) - Init response: GETCERT
2023-09-14 11:49:40,264 [Time-limited test] INFO  ozone.OzoneSecurityUtil (OzoneSecurityUtil.java:getValidInetsForCurrentHost(119)) - ip:fe80:0:0:0:20d:3aff:fe15:5b9%eth0 not returned.
2023-09-14 11:49:40,265 [Time-limited test] INFO  ozone.OzoneSecurityUtil (OzoneSecurityUtil.java:getValidInetsForCurrentHost(116)) - Adding ip:10.1.136.0,host:fv-az240-193.bcold04rutgefduts2gkrghvsa.bx.internal.cloudapp.net
2023-09-14 11:49:40,265 [Time-limited test] INFO  ozone.OzoneSecurityUtil (OzoneSecurityUtil.java:getValidInetsForCurrentHost(119)) - ip:0:0:0:0:0:0:0:1%lo not returned.
2023-09-14 11:49:40,265 [Time-limited test] INFO  ozone.OzoneSecurityUtil (OzoneSecurityUtil.java:getValidInetsForCurrentHost(119)) - ip:127.0.0.1 not returned.
2023-09-14 11:49:40,265 [Time-limited test] INFO  security.OMCertificateClient (OMCertificateClient.java:getCSRBuilder(114)) - Creating csr for OM->dns:fv-az240-193.bcold04rutgefduts2gkrghvsa.bx.internal.cloudapp.net,ip:10.1.136.0,scmId:d3d871d3-9576-4f43-990d-6c81ef225792,clusterId:e1a53da4-97be-45bf-93c0-4c0113e59df2,subject:scm@fv-az240-193.bcold04rutgefduts2gkrghvsa.bx.internal.cloudapp.net
2023-09-14 11:49:40,284 [Socket Reader #1 for port 9961] INFO  ipc.Server (Server.java:saslProcess(2139)) - Auth successful for scm/fv-az240-193.bcold04rutgefduts2gkrghvsa.bx.internal.cloudapp.net@EXAMPLE.COM (auth:KERBEROS) from fv-az240-193.bcold04rutgefduts2gkrghvsa.bx.internal.cloudapp.net:34965 / 10.1.136.0:34965
2023-09-14 11:49:40,298 [IPC Server handler 1 on default port 9961] INFO  server.SCMSecurityProtocolServer (SCMSecurityProtocolServer.java:getOMCertificate(284)) - Processing CSR for om fv-az240-193.bcold04rutgefduts2gkrghvsa.bx.internal.cloudapp.net, UUID: 9e5c9bf7-5f7c-4de6-876d-eea9239ed50e
2023-09-14 11:49:40,302 [IPC Server handler 1 on default port 9961] INFO  authority.DefaultApprover (DefaultApprover.java:sign(154)) - Extensions in CSR: 2.5.29.15, 2.5.29.17
2023-09-14 11:49:40,302 [IPC Server handler 1 on default port 9961] INFO  authority.DefaultApprover (DefaultApprover.java:sign(158)) - Extensions to add to the certificate if they present in CSR: 2.5.29.17, 2.5.29.19, 1.3.6.1.5.5.7.1.12, 2.5.29.35, 2.5.29.37, 2.5.29.15
2023-09-14 11:49:40,318 [Time-limited test] INFO  utils.CertificateCodec (CertificateCodec.java:writeCertificate(299)) - Save certificate to /tmp/junit5818464736876707079/junit7440823567850635185/scm-meta/om/certs/2004500094181.crt
2023-09-14 11:49:40,318 [Time-limited test] INFO  utils.CertificateCodec (CertificateCodec.java:writeCertificate(300)) - Certificate -----BEGIN CERTIFICATE-----
MIIEHzCCAwegAwIBAgIGAdK1hBzlMA0GCSqGSIb3DQEBCwUAMIGLMSswKQYDVQQD
DCJzY20tc3ViLTIwMDM2ODQ1MjIzMjZAZnYtYXoyNDAtMTkzMS0wKwYDVQQLDCRk
M2Q4NzFkMy05NTc2LTRmNDMtOTkwZC02YzgxZWYyMjU3OTIxLTArBgNVBAoMJGUx
YTUzZGE0LTk3YmUtNDViZi05M2MwLTRjMDExM2U1OWRmMjAeFw0yMzA5MTQxMTQ5
NDBaFw0yNDA5MTMxMTQ5NDBaMIGtMU0wSwYDVQQDDERzY21AZnYtYXoyNDAtMTkz
LmJjb2xkMDRydXRnZWZkdXRzMmdrcmdodnNhLmJ4LmludGVybmFsLmNsb3VkYXBw
Lm5ldDEtMCsGA1UECwwkZDNkODcxZDMtOTU3Ni00ZjQzLTk5MGQtNmM4MWVmMjI1
NzkyMS0wKwYDVQQKDCRlMWE1M2RhNC05N2JlLTQ1YmYtOTNjMC00YzAxMTNlNTlk
ZjIwggEiMA0GCSqGSIb3DQEBAQUAA4IBDwAwggEKAoIBAQCnvg8ODQ+68s7OdtJq
rrdpQWOlLiCRNmRnLQd2RXZ9dhbMcXga+q753wal9Bkupc/DneNgCcL7me2dNnU/
6kzk0K2ILNlz9dTnqk0SSuJoIPrFqRYEgv2WxckJyD5NJB6DQwX/n4KVdXJOmpDP
vzKOltVn1R6zzFq+jBfJRkeYdzc4rc3QIKxE2zoVz2jpDggjtliIrloKA2CTTuW8
0xm/gugf8zUialbtxZu6AIT6lEJ7y3i4l0pJHMiTCicIkYvbfhE1gADN6QdBcqT+
xU0LMDFNF1nRuT6MEcD9iYc9d+o6UP055HReIui2grUc89KsonoPEFmXhmlmy9y0
rCi7AgMBAAGjZTBjMFEGA1UdEQRKMEiHBAoBiACCQGZ2LWF6MjQwLTE5My5iY29s
ZDA0cnV0Z2VmZHV0czJna3JnaHZzYS5ieC5pbnRlcm5hbC5jbG91ZGFwcC5uZXQw
DgYDVR0PAQH/BAQDAgO4MA0GCSqGSIb3DQEBCwUAA4IBAQBh4ouaug4EmxSzygXt
/CTDgwiIgU1hS2PY2QSokGoa6S0YVIY2Prss6wNesXuvl7jS/xHSXcN2Patfop8N
NYIGQsVCDlJQYAIeImgAyNLtAG8cfDfnhcCCm4ZjQcpUCozn+OIB3N7o8qPPp4dh
5PatYk24CCClw6G9iONheb+H/YxcBpX0xY4h5RrE3Ffg8aJErDLBvQu/QfM9n7+g
MjijRjkElraSzs0RWOLSHbownqiWTKJTit4lTpsOFuTEfI7qKz8plfyWAdb2NUvF
BLJwzMoiACHmGp3OjlSOm1W/n1MH4thgVrsyYtj5MFfdGVePivm3LNH4ubXRUgrn
qp19
-----END CERTIFICATE-----

-----BEGIN CERTIFICATE-----
MIID/TCCAuWgAwIBAgIGAdKFN9ioMA0GCSqGSIb3DQEBCwUAMHsxGzAZBgNVBAMM
EnNjbS0xQGZ2LWF6MjQwLTE5MzEtMCsGA1UECwwkZDNkODcxZDMtOTU3Ni00ZjQz
LTk5MGQtNmM4MWVmMjI1NzkyMS0wKwYDVQQKDCRlMWE1M2RhNC05N2JlLTQ1YmYt
OTNjMC00YzAxMTNlNTlkZjIwHhcNMjMwOTE0MTE0OTM5WhcNMjgxMDIyMTE0OTM5
WjCBizErMCkGA1UEAwwic2NtLXN1Yi0yMDAzNjg0NTIyMzI2QGZ2LWF6MjQwLTE5
MzEtMCsGA1UECwwkZDNkODcxZDMtOTU3Ni00ZjQzLTk5MGQtNmM4MWVmMjI1Nzky
MS0wKwYDVQQKDCRlMWE1M2RhNC05N2JlLTQ1YmYtOTNjMC00YzAxMTNlNTlkZjIw
ggEiMA0GCSqGSIb3DQEBAQUAA4IBDwAwggEKAoIBAQDGKZ8NVmXwKLuzRvySDrqm
Uw+7fMflc8Nbc2v8QAscQA1fBpMpj0vIyudGOTsJ7q6zWm22s/Q4drm9ZgfX6tta
dkENeuI53FyJr8TEK6fkOBvtV6OyXKOmEaApsp7rrWwBARrCi6pquhV3afDgUe+8
Aeub7VSOpWi6nG+rIYAuzp09OdEDFTABi+wBfDdu2Nl6g9UdbS+LfRCDU/QnoZ0o
y/0rp59lN+rXSQHJcfnNM7tNKWQzCJNaxe2HpE710JXE4xcMM/DAdg9GwKAbILNH
1rt5p88wNg/WsAxfK8Gbr9oOrVyIib5awjlEfmADAYWoTBp4fav4sT5Nj2sNccBT
AgMBAAGjdjB0MFEGA1UdEQRKMEiHBAoBiACCQGZ2LWF6MjQwLTE5My5iY29sZDA0
cnV0Z2VmZHV0czJna3JnaHZzYS5ieC5pbnRlcm5hbC5jbG91ZGFwcC5uZXQwDwYD
VR0TAQH/BAUwAwEB/zAOBgNVHQ8BAf8EBAMCAb4wDQYJKoZIhvcNAQELBQADggEB
ACDoRFbxwddZ9JMe4lKYVR/tcKht1TpKaIYyu27m9ARG5ODtJiuJuh7ZCCEkOtd8
G2JXbmtu/Hc3YvtV4HO1MLOYCnqye6hy07eWuCUhLb7rCoSqChWn/McoNiCKdLP8
urcKqYz7VFrP+cWlTu73O9u3xZBds8+TndFvKR5tezLa57+hvuM0Dvbj6fkJnqsY
4qBjqv/7HfrGsvp6LesMGNUJFYK1V/F7du/Vb3PbLiJ4DIDFeUjtcH0BgsXpxkXI
iw64hQIdVLV2lSXx3FrAhX/lr1ei3wreL6pY0Bv1dYEW7BRePjA32+ePVMYw2/ta
g2qx05iJN//u/xxlNuO1QGU=
-----END CERTIFICATE-----

-----BEGIN CERTIFICATE-----
MIID5zCCAs+gAwIBAgIBATANBgkqhkiG9w0BAQsFADB7MRswGQYDVQQDDBJzY20t
MUBmdi1hejI0MC0xOTMxLTArBgNVBAsMJGQzZDg3MWQzLTk1NzYtNGY0My05OTBk
LTZjODFlZjIyNTc5MjEtMCsGA1UECgwkZTFhNTNkYTQtOTdiZS00NWJmLTkzYzAt
NGMwMTEzZTU5ZGYyMB4XDTIzMDkxNDExNDkzOVoXDTI4MTAyMjExNDkzOVowezEb
MBkGA1UEAwwSc2NtLTFAZnYtYXoyNDAtMTkzMS0wKwYDVQQLDCRkM2Q4NzFkMy05
NTc2LTRmNDMtOTkwZC02YzgxZWYyMjU3OTIxLTArBgNVBAoMJGUxYTUzZGE0LTk3
YmUtNDViZi05M2MwLTRjMDExM2U1OWRmMjCCASIwDQYJKoZIhvcNAQEBBQADggEP
ADCCAQoCggEBAMlMPd+/OHA/qJMb1Q7Fe5Gyrw/rp43Nng1jSI1wd7+HlpU2UI0N
XZ3tf5RBkWiUF4qqrsUtH7exocoCaeOcQz1VSNkNj/rTbXCz6wRYkDYJYgZ8wqyQ
yVkIPoUokVLMChwDI68nv8lzisQ/R/8YPmQcX0pTYM4/U3j3SH6CgASESfF/adY3
QPBuUPFSf9gLcf3LwbgxCGSOzJcqiHBiMve6hBPJ+Gd3DljEFDYtq+hAp7J8o017
wqZGntgpPqBsPmMs6NqqliFQN0LQBLr+Yq0pSqDJrkoM/dm3crIA6VV/tgLuqCLC
6NBwZ3Jad5RvW800rqqwdG2s1a3IQ/Pw3xUCAwEAAaN2MHQwDwYDVR0TAQH/BAUw
AwEB/zAOBgNVHQ8BAf8EBAMCAQYwUQYDVR0RBEowSIcECgGIAIJAZnYtYXoyNDAt
MTkzLmJjb2xkMDRydXRnZWZkdXRzMmdrcmdodnNhLmJ4LmludGVybmFsLmNsb3Vk
YXBwLm5ldDANBgkqhkiG9w0BAQsFAAOCAQEAI9gUSuVQlvuObA7kZAUiDf3HZMjy
+26RywWPBcQCj38U6TMFbjchW14knFdh5MMKt16Z1ocgLkZt2BXpeoE5/Ay+H++Z
dVZ40yLAoYvJIb/ZGBvDP3fYVfVB1y0RO+IRMryIdTsPWhkVQNq2HSaVX0u8NJjE
trCbSokHr2ZsYziws+FoW+io7lsx/+olDTA2TLUrE267O6AQbo1OJs0nbzICuZEA
hxjqy8Q5cnGt57AKxoKDko6aZfFTs3lWsmZbH3zqcoXYmjKUt3e9UYlqDxGD94yN
ah0nq4KdGxQ/OlR3qKuUwHtOQmz5Y9Y6ok/F1kqo1aV1+6KhTDdJMYstjw==
-----END CERTIFICATE-----

2023-09-14 11:49:40,319 [Time-limited test] INFO  utils.CertificateCodec (CertificateCodec.java:writeCertificate(299)) - Save certificate to /tmp/junit5818464736876707079/junit7440823567850635185/scm-meta/om/certs/CA-2003689789608.crt
2023-09-14 11:49:40,319 [Time-limited test] INFO  utils.CertificateCodec (CertificateCodec.java:writeCertificate(300)) - Certificate -----BEGIN CERTIFICATE-----
MIID/TCCAuWgAwIBAgIGAdKFN9ioMA0GCSqGSIb3DQEBCwUAMHsxGzAZBgNVBAMM
EnNjbS0xQGZ2LWF6MjQwLTE5MzEtMCsGA1UECwwkZDNkODcxZDMtOTU3Ni00ZjQz
LTk5MGQtNmM4MWVmMjI1NzkyMS0wKwYDVQQKDCRlMWE1M2RhNC05N2JlLTQ1YmYt
OTNjMC00YzAxMTNlNTlkZjIwHhcNMjMwOTE0MTE0OTM5WhcNMjgxMDIyMTE0OTM5
WjCBizErMCkGA1UEAwwic2NtLXN1Yi0yMDAzNjg0NTIyMzI2QGZ2LWF6MjQwLTE5
MzEtMCsGA1UECwwkZDNkODcxZDMtOTU3Ni00ZjQzLTk5MGQtNmM4MWVmMjI1Nzky
MS0wKwYDVQQKDCRlMWE1M2RhNC05N2JlLTQ1YmYtOTNjMC00YzAxMTNlNTlkZjIw
ggEiMA0GCSqGSIb3DQEBAQUAA4IBDwAwggEKAoIBAQDGKZ8NVmXwKLuzRvySDrqm
Uw+7fMflc8Nbc2v8QAscQA1fBpMpj0vIyudGOTsJ7q6zWm22s/Q4drm9ZgfX6tta
dkENeuI53FyJr8TEK6fkOBvtV6OyXKOmEaApsp7rrWwBARrCi6pquhV3afDgUe+8
Aeub7VSOpWi6nG+rIYAuzp09OdEDFTABi+wBfDdu2Nl6g9UdbS+LfRCDU/QnoZ0o
y/0rp59lN+rXSQHJcfnNM7tNKWQzCJNaxe2HpE710JXE4xcMM/DAdg9GwKAbILNH
1rt5p88wNg/WsAxfK8Gbr9oOrVyIib5awjlEfmADAYWoTBp4fav4sT5Nj2sNccBT
AgMBAAGjdjB0MFEGA1UdEQRKMEiHBAoBiACCQGZ2LWF6MjQwLTE5My5iY29sZDA0
cnV0Z2VmZHV0czJna3JnaHZzYS5ieC5pbnRlcm5hbC5jbG91ZGFwcC5uZXQwDwYD
VR0TAQH/BAUwAwEB/zAOBgNVHQ8BAf8EBAMCAb4wDQYJKoZIhvcNAQELBQADggEB
ACDoRFbxwddZ9JMe4lKYVR/tcKht1TpKaIYyu27m9ARG5ODtJiuJuh7ZCCEkOtd8
G2JXbmtu/Hc3YvtV4HO1MLOYCnqye6hy07eWuCUhLb7rCoSqChWn/McoNiCKdLP8
urcKqYz7VFrP+cWlTu73O9u3xZBds8+TndFvKR5tezLa57+hvuM0Dvbj6fkJnqsY
4qBjqv/7HfrGsvp6LesMGNUJFYK1V/F7du/Vb3PbLiJ4DIDFeUjtcH0BgsXpxkXI
iw64hQIdVLV2lSXx3FrAhX/lr1ei3wreL6pY0Bv1dYEW7BRePjA32+ePVMYw2/ta
g2qx05iJN//u/xxlNuO1QGU=
-----END CERTIFICATE-----

-----BEGIN CERTIFICATE-----
MIID5zCCAs+gAwIBAgIBATANBgkqhkiG9w0BAQsFADB7MRswGQYDVQQDDBJzY20t
MUBmdi1hejI0MC0xOTMxLTArBgNVBAsMJGQzZDg3MWQzLTk1NzYtNGY0My05OTBk
LTZjODFlZjIyNTc5MjEtMCsGA1UECgwkZTFhNTNkYTQtOTdiZS00NWJmLTkzYzAt
NGMwMTEzZTU5ZGYyMB4XDTIzMDkxNDExNDkzOVoXDTI4MTAyMjExNDkzOVowezEb
MBkGA1UEAwwSc2NtLTFAZnYtYXoyNDAtMTkzMS0wKwYDVQQLDCRkM2Q4NzFkMy05
NTc2LTRmNDMtOTkwZC02YzgxZWYyMjU3OTIxLTArBgNVBAoMJGUxYTUzZGE0LTk3
YmUtNDViZi05M2MwLTRjMDExM2U1OWRmMjCCASIwDQYJKoZIhvcNAQEBBQADggEP
ADCCAQoCggEBAMlMPd+/OHA/qJMb1Q7Fe5Gyrw/rp43Nng1jSI1wd7+HlpU2UI0N
XZ3tf5RBkWiUF4qqrsUtH7exocoCaeOcQz1VSNkNj/rTbXCz6wRYkDYJYgZ8wqyQ
yVkIPoUokVLMChwDI68nv8lzisQ/R/8YPmQcX0pTYM4/U3j3SH6CgASESfF/adY3
QPBuUPFSf9gLcf3LwbgxCGSOzJcqiHBiMve6hBPJ+Gd3DljEFDYtq+hAp7J8o017
wqZGntgpPqBsPmMs6NqqliFQN0LQBLr+Yq0pSqDJrkoM/dm3crIA6VV/tgLuqCLC
6NBwZ3Jad5RvW800rqqwdG2s1a3IQ/Pw3xUCAwEAAaN2MHQwDwYDVR0TAQH/BAUw
AwEB/zAOBgNVHQ8BAf8EBAMCAQYwUQYDVR0RBEowSIcECgGIAIJAZnYtYXoyNDAt
MTkzLmJjb2xkMDRydXRnZWZkdXRzMmdrcmdodnNhLmJ4LmludGVybmFsLmNsb3Vk
YXBwLm5ldDANBgkqhkiG9w0BAQsFAAOCAQEAI9gUSuVQlvuObA7kZAUiDf3HZMjy
+26RywWPBcQCj38U6TMFbjchW14knFdh5MMKt16Z1ocgLkZt2BXpeoE5/Ay+H++Z
dVZ40yLAoYvJIb/ZGBvDP3fYVfVB1y0RO+IRMryIdTsPWhkVQNq2HSaVX0u8NJjE
trCbSokHr2ZsYziws+FoW+io7lsx/+olDTA2TLUrE267O6AQbo1OJs0nbzICuZEA
hxjqy8Q5cnGt57AKxoKDko6aZfFTs3lWsmZbH3zqcoXYmjKUt3e9UYlqDxGD94yN
ah0nq4KdGxQ/OlR3qKuUwHtOQmz5Y9Y6ok/F1kqo1aV1+6KhTDdJMYstjw==
-----END CERTIFICATE-----

2023-09-14 11:49:40,320 [IPC Server handler 0 on default port 9961] INFO  client.SCMCertificateClient (DefaultCertificateClient.java:getAllRootCaCerts(901)) - scm/sub-ca has 0 Root CA certificates
2023-09-14 11:49:40,321 [IPC Server handler 0 on default port 9961] INFO  client.SCMCertificateClient (DefaultCertificateClient.java:getAllCaCerts(909)) - scm/sub-ca has 1 CA certificates
2023-09-14 11:49:40,323 [Time-limited test] INFO  utils.CertificateCodec (CertificateCodec.java:writeCertificate(299)) - Save certificate to /tmp/junit5818464736876707079/junit7440823567850635185/scm-meta/om/certs/ROOTCA-1.crt
2023-09-14 11:49:40,323 [Time-limited test] INFO  utils.CertificateCodec (CertificateCodec.java:writeCertificate(300)) - Certificate -----BEGIN CERTIFICATE-----
MIID5zCCAs+gAwIBAgIBATANBgkqhkiG9w0BAQsFADB7MRswGQYDVQQDDBJzY20t
MUBmdi1hejI0MC0xOTMxLTArBgNVBAsMJGQzZDg3MWQzLTk1NzYtNGY0My05OTBk
LTZjODFlZjIyNTc5MjEtMCsGA1UECgwkZTFhNTNkYTQtOTdiZS00NWJmLTkzYzAt
NGMwMTEzZTU5ZGYyMB4XDTIzMDkxNDExNDkzOVoXDTI4MTAyMjExNDkzOVowezEb
MBkGA1UEAwwSc2NtLTFAZnYtYXoyNDAtMTkzMS0wKwYDVQQLDCRkM2Q4NzFkMy05
NTc2LTRmNDMtOTkwZC02YzgxZWYyMjU3OTIxLTArBgNVBAoMJGUxYTUzZGE0LTk3
YmUtNDViZi05M2MwLTRjMDExM2U1OWRmMjCCASIwDQYJKoZIhvcNAQEBBQADggEP
ADCCAQoCggEBAMlMPd+/OHA/qJMb1Q7Fe5Gyrw/rp43Nng1jSI1wd7+HlpU2UI0N
XZ3tf5RBkWiUF4qqrsUtH7exocoCaeOcQz1VSNkNj/rTbXCz6wRYkDYJYgZ8wqyQ
yVkIPoUokVLMChwDI68nv8lzisQ/R/8YPmQcX0pTYM4/U3j3SH6CgASESfF/adY3
QPBuUPFSf9gLcf3LwbgxCGSOzJcqiHBiMve6hBPJ+Gd3DljEFDYtq+hAp7J8o017
wqZGntgpPqBsPmMs6NqqliFQN0LQBLr+Yq0pSqDJrkoM/dm3crIA6VV/tgLuqCLC
6NBwZ3Jad5RvW800rqqwdG2s1a3IQ/Pw3xUCAwEAAaN2MHQwDwYDVR0TAQH/BAUw
AwEB/zAOBgNVHQ8BAf8EBAMCAQYwUQYDVR0RBEowSIcECgGIAIJAZnYtYXoyNDAt
MTkzLmJjb2xkMDRydXRnZWZkdXRzMmdrcmdodnNhLmJ4LmludGVybmFsLmNsb3Vk
YXBwLm5ldDANBgkqhkiG9w0BAQsFAAOCAQEAI9gUSuVQlvuObA7kZAUiDf3HZMjy
+26RywWPBcQCj38U6TMFbjchW14knFdh5MMKt16Z1ocgLkZt2BXpeoE5/Ay+H++Z
dVZ40yLAoYvJIb/ZGBvDP3fYVfVB1y0RO+IRMryIdTsPWhkVQNq2HSaVX0u8NJjE
trCbSokHr2ZsYziws+FoW+io7lsx/+olDTA2TLUrE267O6AQbo1OJs0nbzICuZEA
hxjqy8Q5cnGt57AKxoKDko6aZfFTs3lWsmZbH3zqcoXYmjKUt3e9UYlqDxGD94yN
ah0nq4KdGxQ/OlR3qKuUwHtOQmz5Y9Y6ok/F1kqo1aV1+6KhTDdJMYstjw==
-----END CERTIFICATE-----

2023-09-14 11:49:40,324 [Time-limited test] INFO  security.OMCertificateClient (DefaultCertificateClient.java:updateCertSerialId(1244)) - Certificate serial ID set to 2004500094181
2023-09-14 11:49:40,325 [Time-limited test] INFO  security.OMCertificateClient (DefaultCertificateClient.java:readCertificateFile(237)) - Added certificate   [0]         Version: 3
         SerialNumber: 1
             IssuerDN: CN=scm-1@fv-az240-193,OU=d3d871d3-9576-4f43-990d-6c81ef225792,O=e1a53da4-97be-45bf-93c0-4c0113e59df2
           Start Date: Thu Sep 14 11:49:39 UTC 2023
           Final Date: Sun Oct 22 11:49:39 UTC 2028
            SubjectDN: CN=scm-1@fv-az240-193,OU=d3d871d3-9576-4f43-990d-6c81ef225792,O=e1a53da4-97be-45bf-93c0-4c0113e59df2
           Public Key: RSA Public Key [66:4d:4c:13:dd:d4:f5:c3:1d:1f:49:78:3b:e7:fd:2e:ea:ad:c0:20],[56:66:d1:a4]
        modulus: c94c3ddfbf38703fa8931bd50ec57b91b2af0feba78dcd9e0d63488d7077bf87969536508d0d5d9ded7f9441916894178aaaaec52d1fb7b1a1ca0269e39c433d5548d90d8ffad36d70b3eb045890360962067cc2ac90c959083e85289152cc0a1c0323af27bfc9738ac43f47ff183e641c5f4a5360ce3f5378f7487e8280048449f17f69d63740f06e50f1527fd80b71fdcbc1b83108648ecc972a88706232f7ba8413c9f867770e58c414362dabe840a7b27ca34d7bc2a6469ed8293ea06c3e632ce8daaa9621503742d004bafe62ad294aa0c9ae4a0cfdd9b772b200e9557fb602eea822c2e8d07067725a77946f5bcd34aeaab0746dacd5adc843f3f0df15
public exponent: 10001

  Signature Algorithm: SHA256WITHRSA
            Signature: 23d8144ae55096fb8e6c0ee46405220dfdc764c8
                       f2fb6e91cb058f05c4028f7f14e933056e37215b
                       5e249c5761e4c30ab75e99d687202e466dd815e9
                       7a8139fc0cbe1fef99755678d322c0a18bc921bf
                       d9181bc33f77d855f541d72d113be21132bc8875
                       3b0f5a191540dab61d26955f4bbc3498c4b6b09b
                       4a8907af666c6338b0b3e1685be8a8ee5b31ffea
                       250d30364cb52b136ebb3ba0106e8d4e26cd276f
                       3202b991008718eacbc4397271ade7b00ac68283
                       928e9a65f153b37956b2665b1f7cea7285d89a32
                       94b777bd51896a0f1183f78c8d6a1d27ab829d1b
                       143f3a5477a8ab94c07b4e426cf963d63aa24fc5
                       d64aa8d5a575fba2a14c3749318b2d8f
       Extensions: 
                       critical(true) BasicConstraints: isCa(true)
                       critical(true) KeyUsage: 0x6
                       critical(false) 2.5.29.17 value = Sequence
    Tagged [7] IMPLICIT 
        DER Octet String[4] 
    Tagged [2] IMPLICIT 
        DER Octet String[64] 

 from file: /tmp/junit5818464736876707079/junit7440823567850635185/scm-meta/om/certs/ROOTCA-1.crt.
2023-09-14 11:49:40,327 [Time-limited test] INFO  security.OMCertificateClient (DefaultCertificateClient.java:readCertificateFile(237)) - Added certificate   [0]         Version: 3
         SerialNumber: 2003689789608
             IssuerDN: CN=scm-1@fv-az240-193,OU=d3d871d3-9576-4f43-990d-6c81ef225792,O=e1a53da4-97be-45bf-93c0-4c0113e59df2
           Start Date: Thu Sep 14 11:49:39 UTC 2023
           Final Date: Sun Oct 22 11:49:39 UTC 2028
            SubjectDN: CN=scm-sub-2003684522326@fv-az240-193,OU=d3d871d3-9576-4f43-990d-6c81ef225792,O=e1a53da4-97be-45bf-93c0-4c0113e59df2
           Public Key: RSA Public Key [4b:47:50:ae:fc:37:65:27:08:b5:d6:2c:42:a4:df:79:0b:3f:2f:eb],[56:66:d1:a4]
        modulus: c6299f0d5665f028bbb346fc920ebaa6530fbb7cc7e573c35b736bfc400b1c400d5f0693298f4bc8cae746393b09eeaeb35a6db6b3f43876b9bd6607d7eadb5a76410d7ae239dc5c89afc4c42ba7e4381bed57a3b25ca3a611a029b29eebad6c01011ac28baa6aba157769f0e051efbc01eb9bed548ea568ba9c6fab21802ece9d3d39d1031530018bec017c376ed8d97a83d51d6d2f8b7d108353f427a19d28cbfd2ba79f6537ead74901c971f9cd33bb4d29643308935ac5ed87a44ef5d095c4e3170c33f0c0760f46c0a01b20b347d6bb79a7cf30360fd6b00c5f2bc19bafda0ead5c8889be5ac239447e60030185a84c1a787dabf8b13e4d8f6b0d71c053
public exponent: 10001

  Signature Algorithm: SHA256WITHRSA
            Signature: 20e84456f1c1d759f4931ee25298551fed70a86d
                       d53a4a688632bb6ee6f40446e4e0ed262b89ba1e
                       d90821243ad77c1b62576e6b6efc773762fb55e0
                       73b530b3980a7ab27ba872d3b796b825212dbeeb
                       0a84aa0a15a7fcc72836208a74b3fcbab70aa98c
                       fb545acff9c5a54eeef73bdbb7c5905db3cf939d
                       d16f291e6d7b32dae7bfa1bee3340ef6e3e9f909
                       9eab18e2a063aafffb1dfac6b2fa7a2deb0c18d5
                       091582b557f17b76efd56f73db2e22780c80c579
                       48ed707d0182c5e9c645c88b0eb885021d54b576
                       9525f1dc5ac0857fe5af57a2df0ade2faa58d01b
                       f5758116ec145e3e3037dbe78f54c630dbfb5a83
                       6ab1d3988937ffeeff1c6536e3b54065
       Extensions: 
                       critical(false) 2.5.29.17 value = Sequence
    Tagged [7] IMPLICIT 
        DER Octet String[4] 
    Tagged [2] IMPLICIT 
        DER Octet String[64] 

                       critical(true) BasicConstraints: isCa(true)
                       critical(true) KeyUsage: 0xbe
 from file: /tmp/junit5818464736876707079/junit7440823567850635185/scm-meta/om/certs/CA-2003689789608.crt.
2023-09-14 11:49:40,329 [Time-limited test] INFO  security.OMCertificateClient (DefaultCertificateClient.java:readCertificateFile(237)) - Added certificate   [0]         Version: 3
         SerialNumber: 2004500094181
             IssuerDN: CN=scm-sub-2003684522326@fv-az240-193,OU=d3d871d3-9576-4f43-990d-6c81ef225792,O=e1a53da4-97be-45bf-93c0-4c0113e59df2
           Start Date: Thu Sep 14 11:49:40 UTC 2023
           Final Date: Fri Sep 13 11:49:40 UTC 2024
            SubjectDN: CN=scm@fv-az240-193.bcold04rutgefduts2gkrghvsa.bx.internal.cloudapp.net,OU=d3d871d3-9576-4f43-990d-6c81ef225792,O=e1a53da4-97be-45bf-93c0-4c0113e59df2
           Public Key: RSA Public Key [17:41:0c:87:c9:7d:7e:f1:8c:34:06:67:4f:60:4b:e4:1c:c3:39:a3],[56:66:d1:a4]
        modulus: a7be0f0e0d0fbaf2cece76d26aaeb7694163a52e20913664672d077645767d7616cc71781afaaef9df06a5f4192ea5cfc39de36009c2fb99ed9d36753fea4ce4d0ad882cd973f5d4e7aa4d124ae26820fac5a9160482fd96c5c909c83e4d241e834305ff9f829575724e9a90cfbf328e96d567d51eb3cc5abe8c17c9464798773738adcdd020ac44db3a15cf68e90e0823b65888ae5a0a0360934ee5bcd319bf82e81ff335226a56edc59bba0084fa94427bcb78b8974a491cc8930a2708918bdb7e11358000cde9074172a4fec54d0b30314d1759d1b93e8c11c0fd89873d77ea3a50fd39e4745e22e8b682b51cf3d2aca27a0f105997866966cbdcb4ac28bb
public exponent: 10001

  Signature Algorithm: SHA256WITHRSA
            Signature: 61e28b9aba0e049b14b3ca05edfc24c383088881
                       4d614b63d8d904a8906a1ae92d185486363ebb2c
                       eb035eb17baf97b8d2ff11d25dc3763dab5fa29f
                       0d35820642c5420e525060021e226800c8d2ed00
                       6f1c7c37e785c0829b866341ca540a8ce7f8e201
                       dcdee8f2a3cfa78761e4f6ad624db80820a5c3a1
                       bd88e36179bf87fd8c5c0695f4c58e21e51ac4dc
                       57e0f1a244ac32c1bd0bbf41f33d9fbfa03238a3
                       46390496b692cecd1158e2d21dba309ea8964ca2
                       538ade254e9b0e16e4c47c8eea2b3f2995fc9601
                       d6f6354bc504b270ccca220021e61a9dce8e548e
                       9b55bf9f5307e2d86056bb3262d8f93057dd1957
                       8f8af9b72cd1f8b9b5d1520ae7aa9d7d
       Extensions: 
                       critical(false) 2.5.29.17 value = Sequence
    Tagged [7] IMPLICIT 
        DER Octet String[4] 
    Tagged [2] IMPLICIT 
        DER Octet String[64] 

                       critical(true) KeyUsage: 0xb8
 from file: /tmp/junit5818464736876707079/junit7440823567850635185/scm-meta/om/certs/2004500094181.crt.
2023-09-14 11:49:40,333 [Time-limited test] INFO  security.OMCertificateClient (DefaultCertificateClient.java:startCertificateRenewerService(1349)) - CertificateRenewerService for om is started with first delay 31535989669 ms and interval 3333 ms.
2023-09-14 11:49:40,334 [Time-limited test] INFO  security.OMCertificateClient (DefaultCertificateClient.java:updateCertSerialId(1244)) - Certificate serial ID set to 2004500094181
2023-09-14 11:49:40,335 [Time-limited test] INFO  security.OMCertificateClient (DefaultCertificateClient.java:readCertificateFile(237)) - Added certificate   [0]         Version: 3
         SerialNumber: 1
             IssuerDN: CN=scm-1@fv-az240-193,OU=d3d871d3-9576-4f43-990d-6c81ef225792,O=e1a53da4-97be-45bf-93c0-4c0113e59df2
           Start Date: Thu Sep 14 11:49:39 UTC 2023
           Final Date: Sun Oct 22 11:49:39 UTC 2028
            SubjectDN: CN=scm-1@fv-az240-193,OU=d3d871d3-9576-4f43-990d-6c81ef225792,O=e1a53da4-97be-45bf-93c0-4c0113e59df2
           Public Key: RSA Public Key [66:4d:4c:13:dd:d4:f5:c3:1d:1f:49:78:3b:e7:fd:2e:ea:ad:c0:20],[56:66:d1:a4]
        modulus: c94c3ddfbf38703fa8931bd50ec57b91b2af0feba78dcd9e0d63488d7077bf87969536508d0d5d9ded7f9441916894178aaaaec52d1fb7b1a1ca0269e39c433d5548d90d8ffad36d70b3eb045890360962067cc2ac90c959083e85289152cc0a1c0323af27bfc9738ac43f47ff183e641c5f4a5360ce3f5378f7487e8280048449f17f69d63740f06e50f1527fd80b71fdcbc1b83108648ecc972a88706232f7ba8413c9f867770e58c414362dabe840a7b27ca34d7bc2a6469ed8293ea06c3e632ce8daaa9621503742d004bafe62ad294aa0c9ae4a0cfdd9b772b200e9557fb602eea822c2e8d07067725a77946f5bcd34aeaab0746dacd5adc843f3f0df15
public exponent: 10001

  Signature Algorithm: SHA256WITHRSA
            Signature: 23d8144ae55096fb8e6c0ee46405220dfdc764c8
                       f2fb6e91cb058f05c4028f7f14e933056e37215b
                       5e249c5761e4c30ab75e99d687202e466dd815e9
                       7a8139fc0cbe1fef99755678d322c0a18bc921bf
                       d9181bc33f77d855f541d72d113be21132bc8875
                       3b0f5a191540dab61d26955f4bbc3498c4b6b09b
                       4a8907af666c6338b0b3e1685be8a8ee5b31ffea
                       250d30364cb52b136ebb3ba0106e8d4e26cd276f
                       3202b991008718eacbc4397271ade7b00ac68283
                       928e9a65f153b37956b2665b1f7cea7285d89a32
                       94b777bd51896a0f1183f78c8d6a1d27ab829d1b
                       143f3a5477a8ab94c07b4e426cf963d63aa24fc5
                       d64aa8d5a575fba2a14c3749318b2d8f
       Extensions: 
                       critical(true) BasicConstraints: isCa(true)
                       critical(true) KeyUsage: 0x6
                       critical(false) 2.5.29.17 value = Sequence
    Tagged [7] IMPLICIT 
        DER Octet String[4] 
    Tagged [2] IMPLICIT 
        DER Octet String[64] 

 from file: /tmp/junit5818464736876707079/junit7440823567850635185/scm-meta/om/certs/ROOTCA-1.crt.
2023-09-14 11:49:40,342 [Time-limited test] INFO  security.OMCertificateClient (DefaultCertificateClient.java:readCertificateFile(237)) - Added certificate   [0]         Version: 3
         SerialNumber: 2003689789608
             IssuerDN: CN=scm-1@fv-az240-193,OU=d3d871d3-9576-4f43-990d-6c81ef225792,O=e1a53da4-97be-45bf-93c0-4c0113e59df2
           Start Date: Thu Sep 14 11:49:39 UTC 2023
           Final Date: Sun Oct 22 11:49:39 UTC 2028
            SubjectDN: CN=scm-sub-2003684522326@fv-az240-193,OU=d3d871d3-9576-4f43-990d-6c81ef225792,O=e1a53da4-97be-45bf-93c0-4c0113e59df2
           Public Key: RSA Public Key [4b:47:50:ae:fc:37:65:27:08:b5:d6:2c:42:a4:df:79:0b:3f:2f:eb],[56:66:d1:a4]
        modulus: c6299f0d5665f028bbb346fc920ebaa6530fbb7cc7e573c35b736bfc400b1c400d5f0693298f4bc8cae746393b09eeaeb35a6db6b3f43876b9bd6607d7eadb5a76410d7ae239dc5c89afc4c42ba7e4381bed57a3b25ca3a611a029b29eebad6c01011ac28baa6aba157769f0e051efbc01eb9bed548ea568ba9c6fab21802ece9d3d39d1031530018bec017c376ed8d97a83d51d6d2f8b7d108353f427a19d28cbfd2ba79f6537ead74901c971f9cd33bb4d29643308935ac5ed87a44ef5d095c4e3170c33f0c0760f46c0a01b20b347d6bb79a7cf30360fd6b00c5f2bc19bafda0ead5c8889be5ac239447e60030185a84c1a787dabf8b13e4d8f6b0d71c053
public exponent: 10001

  Signature Algorithm: SHA256WITHRSA
            Signature: 20e84456f1c1d759f4931ee25298551fed70a86d
                       d53a4a688632bb6ee6f40446e4e0ed262b89ba1e
                       d90821243ad77c1b62576e6b6efc773762fb55e0
                       73b530b3980a7ab27ba872d3b796b825212dbeeb
                       0a84aa0a15a7fcc72836208a74b3fcbab70aa98c
                       fb545acff9c5a54eeef73bdbb7c5905db3cf939d
                       d16f291e6d7b32dae7bfa1bee3340ef6e3e9f909
                       9eab18e2a063aafffb1dfac6b2fa7a2deb0c18d5
                       091582b557f17b76efd56f73db2e22780c80c579
                       48ed707d0182c5e9c645c88b0eb885021d54b576
                       9525f1dc5ac0857fe5af57a2df0ade2faa58d01b
                       f5758116ec145e3e3037dbe78f54c630dbfb5a83
                       6ab1d3988937ffeeff1c6536e3b54065
       Extensions: 
                       critical(false) 2.5.29.17 value = Sequence
    Tagged [7] IMPLICIT 
        DER Octet String[4] 
    Tagged [2] IMPLICIT 
        DER Octet String[64] 

                       critical(true) BasicConstraints: isCa(true)
                       critical(true) KeyUsage: 0xbe
 from file: /tmp/junit5818464736876707079/junit7440823567850635185/scm-meta/om/certs/CA-2003689789608.crt.
2023-09-14 11:49:40,347 [Time-limited test] INFO  security.OMCertificateClient (DefaultCertificateClient.java:readCertificateFile(237)) - Added certificate   [0]         Version: 3
         SerialNumber: 2004500094181
             IssuerDN: CN=scm-sub-2003684522326@fv-az240-193,OU=d3d871d3-9576-4f43-990d-6c81ef225792,O=e1a53da4-97be-45bf-93c0-4c0113e59df2
           Start Date: Thu Sep 14 11:49:40 UTC 2023
           Final Date: Fri Sep 13 11:49:40 UTC 2024
            SubjectDN: CN=scm@fv-az240-193.bcold04rutgefduts2gkrghvsa.bx.internal.cloudapp.net,OU=d3d871d3-9576-4f43-990d-6c81ef225792,O=e1a53da4-97be-45bf-93c0-4c0113e59df2
           Public Key: RSA Public Key [17:41:0c:87:c9:7d:7e:f1:8c:34:06:67:4f:60:4b:e4:1c:c3:39:a3],[56:66:d1:a4]
        modulus: a7be0f0e0d0fbaf2cece76d26aaeb7694163a52e20913664672d077645767d7616cc71781afaaef9df06a5f4192ea5cfc39de36009c2fb99ed9d36753fea4ce4d0ad882cd973f5d4e7aa4d124ae26820fac5a9160482fd96c5c909c83e4d241e834305ff9f829575724e9a90cfbf328e96d567d51eb3cc5abe8c17c9464798773738adcdd020ac44db3a15cf68e90e0823b65888ae5a0a0360934ee5bcd319bf82e81ff335226a56edc59bba0084fa94427bcb78b8974a491cc8930a2708918bdb7e11358000cde9074172a4fec54d0b30314d1759d1b93e8c11c0fd89873d77ea3a50fd39e4745e22e8b682b51cf3d2aca27a0f105997866966cbdcb4ac28bb
public exponent: 10001

  Signature Algorithm: SHA256WITHRSA
            Signature: 61e28b9aba0e049b14b3ca05edfc24c383088881
                       4d614b63d8d904a8906a1ae92d185486363ebb2c
                       eb035eb17baf97b8d2ff11d25dc3763dab5fa29f
                       0d35820642c5420e525060021e226800c8d2ed00
                       6f1c7c37e785c0829b866341ca540a8ce7f8e201
                       dcdee8f2a3cfa78761e4f6ad624db80820a5c3a1
                       bd88e36179bf87fd8c5c0695f4c58e21e51ac4dc
                       57e0f1a244ac32c1bd0bbf41f33d9fbfa03238a3
                       46390496b692cecd1158e2d21dba309ea8964ca2
                       538ade254e9b0e16e4c47c8eea2b3f2995fc9601
                       d6f6354bc504b270ccca220021e61a9dce8e548e
                       9b55bf9f5307e2d86056bb3262d8f93057dd1957
                       8f8af9b72cd1f8b9b5d1520ae7aa9d7d
       Extensions: 
                       critical(false) 2.5.29.17 value = Sequence
    Tagged [7] IMPLICIT 
        DER Octet String[4] 
    Tagged [2] IMPLICIT 
        DER Octet String[64] 

                       critical(true) KeyUsage: 0xb8
 from file: /tmp/junit5818464736876707079/junit7440823567850635185/scm-meta/om/certs/2004500094181.crt.
2023-09-14 11:49:40,348 [Time-limited test] INFO  om.OzoneManager (OzoneManager.java:initializeSecurity(1411)) - Successfully stored SCM signed certificate.
2023-09-14 11:49:40,350 [Time-limited test] INFO  ha.OMHANodeDetails (OMHANodeDetails.java:loadOMHAConfig(115)) - ozone.om.internal.service.id is not defined, falling back to ozone.om.service.ids to find serviceID for OzoneManager if it is HA enabled cluster
2023-09-14 11:49:40,350 [Time-limited test] INFO  ha.OMHANodeDetails (OMHANodeDetails.java:loadOMHAConfig(226)) - Configuration does not have ozone.om.address set. Falling back to the default OM address fv-az240-193.bcold04rutgefduts2gkrghvsa.bx.internal.cloudapp.net/10.1.136.0:1202
2023-09-14 11:49:40,350 [Time-limited test] INFO  ha.OMHANodeDetails (OMHANodeDetails.java:getOMNodeDetailsForNonHA(254)) - OM Service ID is not set. Setting it to the default ID: omServiceIdDefault
2023-09-14 11:49:40,350 [Time-limited test] INFO  ha.OMHANodeDetails (OMHANodeDetails.java:getOMNodeDetailsForNonHA(261)) - OM Node ID is not set. Setting it to the default ID: om1
2023-09-14 11:49:40,351 [Time-limited test] WARN  server.ServerUtils (ServerUtils.java:getDBPath(311)) - ozone.om.db.dirs is not configured. We recommend adding this setting. Falling back to ozone.metadata.dirs instead.
2023-09-14 11:49:40,352 [Time-limited test] INFO  upgrade.AbstractLayoutVersionManager (AbstractLayoutVersionManager.java:init(83)) - Initializing Layout version manager with metadata layout = QUOTA (version = 6), software layout = QUOTA (version = 6)
2023-09-14 11:49:40,425 [Time-limited test] INFO  reflections.Reflections (Reflections.java:scan(232)) - Reflections took 72 ms to scan 2 urls, producing 187 keys and 515 values [using 2 cores]
2023-09-14 11:49:40,425 [Time-limited test] INFO  upgrade.OMLayoutVersionManager (OMLayoutVersionManager.java:lambda$0(115)) - Skipping Upgrade Action MockOmUpgradeAction since it has been finalized.
2023-09-14 11:49:40,425 [Time-limited test] INFO  upgrade.OMLayoutVersionManager (OMLayoutVersionManager.java:lambda$0(115)) - Skipping Upgrade Action QuotaRepairUpgradeAction since it has been finalized.
2023-09-14 11:49:40,428 [pool-201-thread-2] INFO  request.KdcRequest (KdcRequest.java:preauth(651)) - The preauth data is empty.
2023-09-14 11:49:40,434 [pool-201-thread-2] INFO  server.KdcHandler (KdcHandler.java:handleRecoverableException(177)) - KRB error occurred while processing request:Additional pre-authentication required
2023-09-14 11:49:40,439 [pool-201-thread-2] INFO  request.AsRequest (AsRequest.java:issueTicket(112)) - AS_REQ ISSUE: authtime 1694692180438,om/fv-az240-193.bcold04rutgefduts2gkrghvsa.bx.internal.cloudapp.net@EXAMPLE.COM for krbtgt/EXAMPLE.COM@EXAMPLE.COM
2023-09-14 11:49:40,441 [Time-limited test] INFO  security.UserGroupInformation (UserGroupInformation.java:loginUserFromKeytab(1132)) - Login successful for user om/fv-az240-193.bcold04rutgefduts2gkrghvsa.bx.internal.cloudapp.net@EXAMPLE.COM using keytab file om.keytab. Keytab auto renewal enabled : false
2023-09-14 11:49:40,441 [Time-limited test] INFO  om.OzoneManager (OzoneManager.java:loginOMUser(1164)) - Ozone Manager login successful.
2023-09-14 11:49:40,441 [Time-limited test] WARN  server.ServerUtils (ServerUtils.java:getDBPath(311)) - ozone.om.db.dirs is not configured. We recommend adding this setting. Falling back to ozone.metadata.dirs instead.
2023-09-14 11:49:40,442 [Time-limited test] INFO  proxy.SCMBlockLocationFailoverProxyProvider (SCMBlockLocationFailoverProxyProvider.java:<init>(114)) - Created block location fail-over proxy with 1 nodes: [nodeId=scmNodeId,nodeAddress=/0.0.0.0:9863]
2023-09-14 11:49:40,443 [Time-limited test] INFO  om.OzoneManager (OzoneManager.java:getOmDetailsProto(4573)) - OzoneManager ports added:[name: "RPC"
value: 1202
]
2023-09-14 11:49:40,446 [Time-limited test] INFO  security.OMCertificateClient (DefaultCertificateClient.java:updateCertSerialId(1244)) - Certificate serial ID set to 2004500094181
2023-09-14 11:49:40,449 [Time-limited test] INFO  security.OMCertificateClient (DefaultCertificateClient.java:readCertificateFile(237)) - Added certificate   [0]         Version: 3
         SerialNumber: 1
             IssuerDN: CN=scm-1@fv-az240-193,OU=d3d871d3-9576-4f43-990d-6c81ef225792,O=e1a53da4-97be-45bf-93c0-4c0113e59df2
           Start Date: Thu Sep 14 11:49:39 UTC 2023
           Final Date: Sun Oct 22 11:49:39 UTC 2028
            SubjectDN: CN=scm-1@fv-az240-193,OU=d3d871d3-9576-4f43-990d-6c81ef225792,O=e1a53da4-97be-45bf-93c0-4c0113e59df2
           Public Key: RSA Public Key [66:4d:4c:13:dd:d4:f5:c3:1d:1f:49:78:3b:e7:fd:2e:ea:ad:c0:20],[56:66:d1:a4]
        modulus: c94c3ddfbf38703fa8931bd50ec57b91b2af0feba78dcd9e0d63488d7077bf87969536508d0d5d9ded7f9441916894178aaaaec52d1fb7b1a1ca0269e39c433d5548d90d8ffad36d70b3eb045890360962067cc2ac90c959083e85289152cc0a1c0323af27bfc9738ac43f47ff183e641c5f4a5360ce3f5378f7487e8280048449f17f69d63740f06e50f1527fd80b71fdcbc1b83108648ecc972a88706232f7ba8413c9f867770e58c414362dabe840a7b27ca34d7bc2a6469ed8293ea06c3e632ce8daaa9621503742d004bafe62ad294aa0c9ae4a0cfdd9b772b200e9557fb602eea822c2e8d07067725a77946f5bcd34aeaab0746dacd5adc843f3f0df15
public exponent: 10001

  Signature Algorithm: SHA256WITHRSA
            Signature: 23d8144ae55096fb8e6c0ee46405220dfdc764c8
                       f2fb6e91cb058f05c4028f7f14e933056e37215b
                       5e249c5761e4c30ab75e99d687202e466dd815e9
                       7a8139fc0cbe1fef99755678d322c0a18bc921bf
                       d9181bc33f77d855f541d72d113be21132bc8875
                       3b0f5a191540dab61d26955f4bbc3498c4b6b09b
                       4a8907af666c6338b0b3e1685be8a8ee5b31ffea
                       250d30364cb52b136ebb3ba0106e8d4e26cd276f
                       3202b991008718eacbc4397271ade7b00ac68283
                       928e9a65f153b37956b2665b1f7cea7285d89a32
                       94b777bd51896a0f1183f78c8d6a1d27ab829d1b
                       143f3a5477a8ab94c07b4e426cf963d63aa24fc5
                       d64aa8d5a575fba2a14c3749318b2d8f
       Extensions: 
                       critical(true) BasicConstraints: isCa(true)
                       critical(true) KeyUsage: 0x6
                       critical(false) 2.5.29.17 value = Sequence
    Tagged [7] IMPLICIT 
        DER Octet String[4] 
    Tagged [2] IMPLICIT 
        DER Octet String[64] 

 from file: /tmp/junit5818464736876707079/junit7440823567850635185/scm-meta/om/certs/ROOTCA-1.crt.
2023-09-14 11:49:40,452 [Time-limited test] INFO  security.OMCertificateClient (DefaultCertificateClient.java:readCertificateFile(237)) - Added certificate   [0]         Version: 3
         SerialNumber: 2003689789608
             IssuerDN: CN=scm-1@fv-az240-193,OU=d3d871d3-9576-4f43-990d-6c81ef225792,O=e1a53da4-97be-45bf-93c0-4c0113e59df2
           Start Date: Thu Sep 14 11:49:39 UTC 2023
           Final Date: Sun Oct 22 11:49:39 UTC 2028
            SubjectDN: CN=scm-sub-2003684522326@fv-az240-193,OU=d3d871d3-9576-4f43-990d-6c81ef225792,O=e1a53da4-97be-45bf-93c0-4c0113e59df2
           Public Key: RSA Public Key [4b:47:50:ae:fc:37:65:27:08:b5:d6:2c:42:a4:df:79:0b:3f:2f:eb],[56:66:d1:a4]
        modulus: c6299f0d5665f028bbb346fc920ebaa6530fbb7cc7e573c35b736bfc400b1c400d5f0693298f4bc8cae746393b09eeaeb35a6db6b3f43876b9bd6607d7eadb5a76410d7ae239dc5c89afc4c42ba7e4381bed57a3b25ca3a611a029b29eebad6c01011ac28baa6aba157769f0e051efbc01eb9bed548ea568ba9c6fab21802ece9d3d39d1031530018bec017c376ed8d97a83d51d6d2f8b7d108353f427a19d28cbfd2ba79f6537ead74901c971f9cd33bb4d29643308935ac5ed87a44ef5d095c4e3170c33f0c0760f46c0a01b20b347d6bb79a7cf30360fd6b00c5f2bc19bafda0ead5c8889be5ac239447e60030185a84c1a787dabf8b13e4d8f6b0d71c053
public exponent: 10001

  Signature Algorithm: SHA256WITHRSA
            Signature: 20e84456f1c1d759f4931ee25298551fed70a86d
                       d53a4a688632bb6ee6f40446e4e0ed262b89ba1e
                       d90821243ad77c1b62576e6b6efc773762fb55e0
                       73b530b3980a7ab27ba872d3b796b825212dbeeb
                       0a84aa0a15a7fcc72836208a74b3fcbab70aa98c
                       fb545acff9c5a54eeef73bdbb7c5905db3cf939d
                       d16f291e6d7b32dae7bfa1bee3340ef6e3e9f909
                       9eab18e2a063aafffb1dfac6b2fa7a2deb0c18d5
                       091582b557f17b76efd56f73db2e22780c80c579
                       48ed707d0182c5e9c645c88b0eb885021d54b576
                       9525f1dc5ac0857fe5af57a2df0ade2faa58d01b
                       f5758116ec145e3e3037dbe78f54c630dbfb5a83
                       6ab1d3988937ffeeff1c6536e3b54065
       Extensions: 
                       critical(false) 2.5.29.17 value = Sequence
    Tagged [7] IMPLICIT 
        DER Octet String[4] 
    Tagged [2] IMPLICIT 
        DER Octet String[64] 

                       critical(true) BasicConstraints: isCa(true)
                       critical(true) KeyUsage: 0xbe
 from file: /tmp/junit5818464736876707079/junit7440823567850635185/scm-meta/om/certs/CA-2003689789608.crt.
2023-09-14 11:49:40,455 [Time-limited test] INFO  security.OMCertificateClient (DefaultCertificateClient.java:readCertificateFile(237)) - Added certificate   [0]         Version: 3
         SerialNumber: 2004500094181
             IssuerDN: CN=scm-sub-2003684522326@fv-az240-193,OU=d3d871d3-9576-4f43-990d-6c81ef225792,O=e1a53da4-97be-45bf-93c0-4c0113e59df2
           Start Date: Thu Sep 14 11:49:40 UTC 2023
           Final Date: Fri Sep 13 11:49:40 UTC 2024
            SubjectDN: CN=scm@fv-az240-193.bcold04rutgefduts2gkrghvsa.bx.internal.cloudapp.net,OU=d3d871d3-9576-4f43-990d-6c81ef225792,O=e1a53da4-97be-45bf-93c0-4c0113e59df2
           Public Key: RSA Public Key [17:41:0c:87:c9:7d:7e:f1:8c:34:06:67:4f:60:4b:e4:1c:c3:39:a3],[56:66:d1:a4]
        modulus: a7be0f0e0d0fbaf2cece76d26aaeb7694163a52e20913664672d077645767d7616cc71781afaaef9df06a5f4192ea5cfc39de36009c2fb99ed9d36753fea4ce4d0ad882cd973f5d4e7aa4d124ae26820fac5a9160482fd96c5c909c83e4d241e834305ff9f829575724e9a90cfbf328e96d567d51eb3cc5abe8c17c9464798773738adcdd020ac44db3a15cf68e90e0823b65888ae5a0a0360934ee5bcd319bf82e81ff335226a56edc59bba0084fa94427bcb78b8974a491cc8930a2708918bdb7e11358000cde9074172a4fec54d0b30314d1759d1b93e8c11c0fd89873d77ea3a50fd39e4745e22e8b682b51cf3d2aca27a0f105997866966cbdcb4ac28bb
public exponent: 10001

  Signature Algorithm: SHA256WITHRSA
            Signature: 61e28b9aba0e049b14b3ca05edfc24c383088881
                       4d614b63d8d904a8906a1ae92d185486363ebb2c
                       eb035eb17baf97b8d2ff11d25dc3763dab5fa29f
                       0d35820642c5420e525060021e226800c8d2ed00
                       6f1c7c37e785c0829b866341ca540a8ce7f8e201
                       dcdee8f2a3cfa78761e4f6ad624db80820a5c3a1
                       bd88e36179bf87fd8c5c0695f4c58e21e51ac4dc
                       57e0f1a244ac32c1bd0bbf41f33d9fbfa03238a3
                       46390496b692cecd1158e2d21dba309ea8964ca2
                       538ade254e9b0e16e4c47c8eea2b3f2995fc9601
                       d6f6354bc504b270ccca220021e61a9dce8e548e
                       9b55bf9f5307e2d86056bb3262d8f93057dd1957
                       8f8af9b72cd1f8b9b5d1520ae7aa9d7d
       Extensions: 
                       critical(false) 2.5.29.17 value = Sequence
    Tagged [7] IMPLICIT 
        DER Octet String[4] 
    Tagged [2] IMPLICIT 
        DER Octet String[64] 

                       critical(true) KeyUsage: 0xb8
 from file: /tmp/junit5818464736876707079/junit7440823567850635185/scm-meta/om/certs/2004500094181.crt.
2023-09-14 11:49:40,458 [Time-limited test] INFO  security.OMCertificateClient (DefaultCertificateClient.java:startCertificateRenewerService(1349)) - CertificateRenewerService for om is started with first delay 31535989543 ms and interval 3333 ms.
2023-09-14 11:49:40,461 [Time-limited test] INFO  om.OzoneManager (OzoneManager.java:<init>(665)) - OM start with adminUsers: [om/fv-az240-193.bcold04rutgefduts2gkrghvsa.bx.internal.cloudapp.net@EXAMPLE.COM, om]
2023-09-14 11:49:40,464 [Time-limited test] WARN  server.ServerUtils (ServerUtils.java:getDBPath(311)) - ozone.om.db.dirs is not configured. We recommend adding this setting. Falling back to ozone.metadata.dirs instead.
2023-09-14 11:49:40,465 [Time-limited test] INFO  helpers.OmKeyInfo (OmKeyInfo.java:getCodec(71)) - OmKeyInfo.getCodec ignorePipeline = true
2023-09-14 11:49:40,658 [Time-limited test] INFO  om.OzoneManager (OzoneManager.java:instantiateServices(794)) - S3 Multi-Tenancy is disabled
2023-09-14 11:49:40,659 [Time-limited test] INFO  security.OzoneSecretStore (OzoneSecretStore.java:loadState(69)) - Loaded 0 tokens
2023-09-14 11:49:40,659 [Time-limited test] INFO  security.OzoneDelegationTokenSecretManager (OzoneDelegationTokenSecretManager.java:loadTokenSecretState(530)) - Loading token state into token manager.
2023-09-14 11:49:40,661 [Time-limited test] INFO  om.OmSnapshotManager (OmSnapshotManager.java:<init>(174)) - Ozone filesystem snapshot feature is enabled.
2023-09-14 11:49:40,661 [Time-limited test] WARN  server.ServerUtils (ServerUtils.java:getDBPath(311)) - ozone.om.snapshot.diff.db.dir is not configured. We recommend adding this setting. Falling back to ozone.metadata.dirs instead.
2023-09-14 11:49:40,679 [Time-limited test] INFO  snapshot.SnapshotDiffManager (SnapshotDiffManager.java:closeExecutorService(1706)) - Shutting down executorService: 'SstDumpToolExecutor'
2023-09-14 11:49:40,714 [Time-limited test] INFO  om.OzoneManager (OzoneManager.java:addS3GVolumeToDB(4305)) - Created Volume s3v With Owner om required for S3Gateway operations.
2023-09-14 11:49:40,714 [Time-limited test] WARN  server.ServerUtils (ServerUtils.java:getDefaultRatisDirectory(323)) - Storage directory for Ratis is not configured. It is a good idea to map this to an SSD disk. Falling back to ozone.metadata.dirs
2023-09-14 11:49:40,714 [Time-limited test] WARN  utils.OzoneManagerRatisUtils (OzoneManagerRatisUtils.java:getOMRatisSnapshotDirectory(464)) - ozone.om.ratis.snapshot.dir is not configured. Falling back to ozone.metadata.dirs config
2023-09-14 11:49:40,715 [Time-limited test] WARN  server.ServerUtils (ServerUtils.java:getDefaultRatisDirectory(323)) - Storage directory for Ratis is not configured. It is a good idea to map this to an SSD disk. Falling back to ozone.metadata.dirs
2023-09-14 11:49:40,716 [Time-limited test] INFO  ratis.OzoneManagerRatisServer (OzoneManagerRatisServer.java:<init>(163)) - Instantiating OM Ratis server with groupID: omServiceIdDefault and peers: fv-az240-193.bcold04rutgefduts2gkrghvsa.bx.internal.cloudapp.net:9872
2023-09-14 11:49:40,717 [Time-limited test] INFO  ratis.OzoneManagerStateMachine (OzoneManagerStateMachine.java:loadSnapshotInfoFromDB(687)) - LastAppliedIndex is set from TransactionInfo from OM DB as (t:0, i:~)
2023-09-14 11:49:40,726 [Time-limited test] INFO  server.RaftServer (ConfUtils.java:logGet(46)) - raft.rpc.type = GRPC (default)
2023-09-14 11:49:40,727 [Time-limited test] INFO  grpc.GrpcConfigKeys (ConfUtils.java:logFallback(53)) - raft.grpc.admin.host = null (fallback to raft.grpc.server.host)
2023-09-14 11:49:40,727 [Time-limited test] INFO  grpc.GrpcConfigKeys (ConfUtils.java:logFallback(53)) - raft.grpc.admin.port = 9872 (fallback to raft.grpc.server.port)
2023-09-14 11:49:40,727 [Time-limited test] INFO  grpc.GrpcConfigKeys (ConfUtils.java:logFallback(53)) - raft.grpc.client.host = null (fallback to raft.grpc.server.host)
2023-09-14 11:49:40,727 [Time-limited test] INFO  grpc.GrpcConfigKeys (ConfUtils.java:logFallback(53)) - raft.grpc.client.port = 9872 (fallback to raft.grpc.server.port)
2023-09-14 11:49:40,727 [Time-limited test] INFO  grpc.GrpcConfigKeys (ConfUtils.java:logGet(46)) - raft.grpc.server.host = null (default)
2023-09-14 11:49:40,727 [Time-limited test] INFO  grpc.GrpcConfigKeys (ConfUtils.java:logGet(46)) - raft.grpc.server.port = 9872 (custom)
2023-09-14 11:49:40,727 [Time-limited test] INFO  server.GrpcService (ConfUtils.java:logGet(46)) - raft.grpc.message.size.max = 33554432 (custom)
2023-09-14 11:49:40,727 [Time-limited test] INFO  server.RaftServerConfigKeys (ConfUtils.java:logGet(46)) - raft.server.log.appender.buffer.byte-limit = 33554432 (custom)
2023-09-14 11:49:40,727 [Time-limited test] INFO  server.GrpcService (ConfUtils.java:logGet(46)) - raft.grpc.flow.control.window = 1MB (=1048576) (default)
2023-09-14 11:49:40,727 [Time-limited test] INFO  server.RaftServerConfigKeys (ConfUtils.java:logGet(46)) - raft.server.rpc.request.timeout = 3000ms (default)
2023-09-14 11:49:40,727 [Time-limited test] INFO  grpc.GrpcConfigKeys (ConfUtils.java:logGet(46)) - raft.grpc.server.heartbeat.channel = true (default)
2023-09-14 11:49:40,727 [Time-limited test] INFO  grpc.GrpcConfigKeys (ConfUtils.java:logGet(46)) - raft.grpc.server.async.request.thread.pool.cached = true (default)
2023-09-14 11:49:40,727 [Time-limited test] INFO  grpc.GrpcConfigKeys (ConfUtils.java:logGet(46)) - raft.grpc.server.async.request.thread.pool.size = 32 (default)
2023-09-14 11:49:40,729 [Time-limited test] INFO  impl.DataStreamServerImpl (ConfUtils.java:logGet(46)) - raft.datastream.type = DISABLED (default)
2023-09-14 11:49:40,729 [Time-limited test] INFO  server.RaftServerConfigKeys (ConfUtils.java:logGet(46)) - raft.server.threadpool.proxy.cached = true (default)
2023-09-14 11:49:40,729 [Time-limited test] INFO  server.RaftServerConfigKeys (ConfUtils.java:logGet(46)) - raft.server.threadpool.proxy.size = 0 (default)
2023-09-14 11:49:40,729 [Time-limited test] INFO  server.RaftServerConfigKeys (ConfUtils.java:logGet(46)) - raft.server.rpc.slowness.timeout = 120s (custom)
2023-09-14 11:49:40,729 [Time-limited test] INFO  server.RaftServerConfigKeys (ConfUtils.java:logGet(46)) - raft.server.leaderelection.leader.step-down.wait-time = 10s (default)
2023-09-14 11:49:40,729 [Time-limited test] INFO  server.RaftServerConfigKeys (ConfUtils.java:logGet(46)) - raft.server.storage.dir = [/tmp/junit5818464736876707079/junit7440823567850635185/scm-meta/ratis] (custom)
2023-09-14 11:49:40,737 [Time-limited test] INFO  server.RaftServer (RaftServerProxy.java:addNew(98)) - om1: addNew group-C5BA1605619E:[om1|rpc:fv-az240-193.bcold04rutgefduts2gkrghvsa.bx.internal.cloudapp.net:9872|priority:0|startupRole:FOLLOWER] returns group-C5BA1605619E:java.util.concurrent.CompletableFuture@275747a8[Not completed]
2023-09-14 11:49:40,737 [Time-limited test] INFO  om.OzoneManager (OzoneManager.java:initializeRatisServer(2148)) - OzoneManager Ratis server initialized at port 9872
2023-09-14 11:49:40,737 [Time-limited test] INFO  om.OzoneManager (OzoneManager.java:getRpcServer(1196)) - Creating RPC Server
2023-09-14 11:49:40,739 [om1-groupManagement] INFO  server.RaftServer$Division (RaftServerImpl.java:<init>(198)) - om1: new RaftServerImpl for group-C5BA1605619E:[om1|rpc:fv-az240-193.bcold04rutgefduts2gkrghvsa.bx.internal.cloudapp.net:9872|priority:0|startupRole:FOLLOWER] with OzoneManagerStateMachine:uninitialized
2023-09-14 11:49:40,742 [om1-groupManagement] INFO  server.RaftServerConfigKeys (ConfUtils.java:logGet(46)) - raft.server.rpc.timeout.min = 5s (custom)
2023-09-14 11:49:40,743 [om1-groupManagement] INFO  server.RaftServerConfigKeys (ConfUtils.java:logGet(46)) - raft.server.rpc.timeout.max = 5200ms (custom)
2023-09-14 11:49:40,743 [om1-groupManagement] INFO  server.RaftServerConfigKeys (ConfUtils.java:logGet(46)) - raft.server.rpc.sleep.time = 25ms (default)
2023-09-14 11:49:40,743 [om1-groupManagement] INFO  server.RaftServerConfigKeys (ConfUtils.java:logGet(46)) - raft.server.rpc.slowness.timeout = 120s (custom)
2023-09-14 11:49:40,743 [om1-groupManagement] INFO  server.RaftServerConfigKeys (ConfUtils.java:logGet(46)) - raft.server.leaderelection.leader.step-down.wait-time = 10s (default)
2023-09-14 11:49:40,743 [om1-groupManagement] INFO  server.RaftServerConfigKeys (ConfUtils.java:logGet(46)) - raft.server.sleep.deviation.threshold = 300ms (default)
2023-09-14 11:49:40,743 [om1-groupManagement] INFO  server.RaftServer$Division (ServerState.java:<init>(120)) - om1@group-C5BA1605619E: ConfigurationManager, init=-1: peers:[om1|rpc:fv-az240-193.bcold04rutgefduts2gkrghvsa.bx.internal.cloudapp.net:9872|priority:0|startupRole:FOLLOWER]|listeners:[], old=null, confs=<EMPTY_MAP>
2023-09-14 11:49:40,743 [om1-groupManagement] INFO  server.RaftServerConfigKeys (ConfUtils.java:logGet(46)) - raft.server.storage.dir = [/tmp/junit5818464736876707079/junit7440823567850635185/scm-meta/ratis] (custom)
2023-09-14 11:49:40,743 [om1-groupManagement] INFO  server.RaftServerConfigKeys (ConfUtils.java:logGet(46)) - raft.server.log.corruption.policy = EXCEPTION (default)
2023-09-14 11:49:40,743 [om1-groupManagement] INFO  server.RaftServerConfigKeys (ConfUtils.java:logGet(46)) - raft.server.storage.free-space.min = 0MB (=0) (default)
2023-09-14 11:49:40,743 [om1-groupManagement] INFO  server.RaftServerConfigKeys (ConfUtils.java:logGet(46)) - raft.server.notification.no-leader.timeout = 120s (custom)
2023-09-14 11:49:40,743 [om1-groupManagement] INFO  server.RaftServerConfigKeys (ConfUtils.java:logGet(46)) - raft.server.read.timeout = 10s (default)
2023-09-14 11:49:40,743 [om1-groupManagement] INFO  server.RaftServerConfigKeys (ConfUtils.java:logGet(46)) - raft.server.retrycache.expirytime = 300s (custom)
2023-09-14 11:49:40,743 [om1-groupManagement] INFO  server.RaftServerConfigKeys (ConfUtils.java:logGet(46)) - raft.server.retrycache.statistics.expirytime = 100μs (default)
2023-09-14 11:49:40,744 [om1-groupManagement] INFO  server.RaftServerConfigKeys (ConfUtils.java:logGet(46)) - raft.server.read.option = DEFAULT (default)
2023-09-14 11:49:40,744 [om1-groupManagement] INFO  server.RaftServerConfigKeys (ConfUtils.java:logGet(46)) - raft.server.rpc.request.timeout = 3000ms (default)
2023-09-14 11:49:40,744 [om1-groupManagement] INFO  server.RaftServerConfigKeys (ConfUtils.java:logGet(46)) - raft.server.log.appender.install.snapshot.enabled = false (custom)
2023-09-14 11:49:40,744 [om1-groupManagement] INFO  server.RaftServerConfigKeys (ConfUtils.java:logGet(46)) - raft.server.threadpool.server.cached = true (default)
2023-09-14 11:49:40,744 [om1-groupManagement] INFO  server.RaftServerConfigKeys (ConfUtils.java:logGet(46)) - raft.server.threadpool.server.size = 0 (default)
2023-09-14 11:49:40,744 [om1-groupManagement] INFO  server.RaftServerConfigKeys (ConfUtils.java:logGet(46)) - raft.server.threadpool.client.cached = true (default)
2023-09-14 11:49:40,744 [om1-groupManagement] INFO  server.RaftServerConfigKeys (ConfUtils.java:logGet(46)) - raft.server.threadpool.client.size = 0 (default)
2023-09-14 11:49:41,442 [Time-limited test] INFO  reflections.Reflections (Reflections.java:scan(232)) - Reflections took 703 ms to scan 20 urls, producing 70 keys and 6001 values [using 2 cores]
2023-09-14 11:49:41,444 [Time-limited test] INFO  ipc.CallQueueManager (CallQueueManager.java:<init>(90)) - Using callQueue: class java.util.concurrent.LinkedBlockingQueue, queueCapacity: 10000, scheduler: class org.apache.hadoop.ipc.DefaultRpcScheduler, ipcBackoff: false.
2023-09-14 11:49:41,444 [Time-limited test] INFO  ipc.Server (Server.java:<init>(1287)) - Listener at fv-az240-193.bcold04rutgefduts2gkrghvsa.bx.internal.cloudapp.net:1202
2023-09-14 11:49:41,450 [Socket Reader #1 for port 1202] INFO  ipc.Server (Server.java:run(1323)) - Starting Socket Reader #1 for port 1202
2023-09-14 11:49:41,493 [Time-limited test] INFO  server.StorageContainerManager (StorageContainerManager.java:stop(1591)) - Container Balancer is not running.
2023-09-14 11:49:41,493 [Time-limited test] INFO  server.StorageContainerManager (StorageContainerManager.java:stopReplicationManager(1724)) - Stopping Replication Manager Service.
2023-09-14 11:49:41,493 [Time-limited test] INFO  replication.ReplicationManager (ReplicationManager.java:stop(323)) - Stopping Replication Monitor Thread.
2023-09-14 11:49:41,495 [Under Replicated Processor] WARN  replication.UnhealthyReplicationProcessor (UnhealthyReplicationProcessor.java:run(180)) - Under Replicated Processor interrupted. Exiting...
2023-09-14 11:49:41,495 [Over Replicated Processor] WARN  replication.UnhealthyReplicationProcessor (UnhealthyReplicationProcessor.java:run(180)) - Over Replicated Processor interrupted. Exiting...
2023-09-14 11:49:41,496 [ReplicationMonitor] INFO  replication.ReplicationManager (ReplicationManager.java:run(921)) - Replication Monitor Thread is stopped
2023-09-14 11:49:41,496 [Time-limited test] INFO  server.StorageContainerManager (StorageContainerManager.java:stop(1600)) - Stopping the Datanode Admin Monitor.
2023-09-14 11:49:41,497 [Time-limited test] INFO  server.StorageContainerManager (StorageContainerManager.java:stop(1607)) - Stopping datanode service RPC server
2023-09-14 11:49:41,497 [Time-limited test] INFO  server.SCMDatanodeProtocolServer (SCMDatanodeProtocolServer.java:stop(424)) - Stopping the RPC server for DataNodes
2023-09-14 11:49:41,498 [Time-limited test] INFO  ipc.Server (Server.java:stop(3523)) - Stopping server on 9861
2023-09-14 11:49:41,512 [IPC Server listener on 9861] INFO  ipc.Server (Server.java:run(1434)) - Stopping IPC Server listener on 9861
2023-09-14 11:49:41,513 [IPC Server Responder] INFO  ipc.Server (Server.java:run(1567)) - Stopping IPC Server Responder
2023-09-14 11:49:42,658 [SCM Heartbeat Processing Thread - 0] WARN  node.NodeStateManager (NodeStateManager.java:scheduleNextHealthCheck(874)) - Current Thread is interrupted, shutting down HB processing thread for Node Manager.
2023-09-14 11:49:42,658 [Time-limited test] INFO  server.StorageContainerManager (StorageContainerManager.java:stop(1615)) - Stopping block service RPC server
2023-09-14 11:49:42,658 [Time-limited test] INFO  server.SCMBlockProtocolServer (SCMBlockProtocolServer.java:stop(163)) - Stopping the RPC server for Block Protocol
2023-09-14 11:49:42,658 [Time-limited test] INFO  ipc.Server (Server.java:stop(3523)) - Stopping server on 9863
2023-09-14 11:49:42,661 [IPC Server listener on 9863] INFO  ipc.Server (Server.java:run(1434)) - Stopping IPC Server listener on 9863
2023-09-14 11:49:42,662 [IPC Server Responder] INFO  ipc.Server (Server.java:run(1567)) - Stopping IPC Server Responder
2023-09-14 11:49:42,662 [Time-limited test] INFO  server.StorageContainerManager (StorageContainerManager.java:stop(1622)) - Stopping the StorageContainerLocationProtocol RPC server
2023-09-14 11:49:42,662 [Time-limited test] INFO  server.SCMClientProtocolServer (SCMClientProtocolServer.java:stop(210)) - Stopping the RPC server for Client Protocol
2023-09-14 11:49:42,662 [Time-limited test] INFO  ipc.Server (Server.java:stop(3523)) - Stopping server on 9860
2023-09-14 11:49:42,666 [IPC Server Responder] INFO  ipc.Server (Server.java:run(1567)) - Stopping IPC Server Responder
2023-09-14 11:49:42,666 [IPC Server listener on 9860] INFO  ipc.Server (Server.java:run(1434)) - Stopping IPC Server listener on 9860
2023-09-14 11:49:42,666 [Time-limited test] INFO  server.StorageContainerManager (StorageContainerManager.java:stop(1629)) - Stopping Storage Container Manager HTTP server.
2023-09-14 11:49:42,667 [Time-limited test] INFO  handler.ContextHandler (ContextHandler.java:doStop(1159)) - Stopped o.e.j.w.WebAppContext@2149dd21{scm,/,null,STOPPED}{file:/home/runner/work/ozone/ozone/hadoop-ozone/integration-test/target/test-classes/webapps/scm}
2023-09-14 11:49:42,678 [Time-limited test] INFO  server.AbstractConnector (AbstractConnector.java:doStop(383)) - Stopped ServerConnector@2fa4534e{HTTP/1.1, (http/1.1)}{0.0.0.0:9876}
2023-09-14 11:49:42,678 [Time-limited test] INFO  server.session (HouseKeeper.java:stopScavenging(149)) - node0 Stopped scavenging
2023-09-14 11:49:42,679 [Time-limited test] INFO  handler.ContextHandler (ContextHandler.java:doStop(1159)) - Stopped o.e.j.s.ServletContextHandler@a32c000{static,/static,file:///home/runner/work/ozone/ozone/hadoop-ozone/integration-test/target/test-classes/webapps/static,STOPPED}
2023-09-14 11:49:42,679 [Time-limited test] INFO  handler.ContextHandler (ContextHandler.java:doStop(1159)) - Stopped o.e.j.s.ServletContextHandler@33ef8f8b{logs,/logs,file:///home/runner/work/ozone/ozone/hadoop-ozone/integration-test/target/log,STOPPED}
2023-09-14 11:49:42,682 [Time-limited test] INFO  server.StorageContainerManager (StorageContainerManager.java:stop(1637)) - Stopping SCM LayoutVersionManager Service.
2023-09-14 11:49:42,682 [Time-limited test] INFO  server.SCMSecurityProtocolServer (SCMSecurityProtocolServer.java:stop(550)) - Stopping the SCMSecurityProtocolServer.
2023-09-14 11:49:42,682 [Time-limited test] INFO  ipc.Server (Server.java:stop(3523)) - Stopping server on 9961
2023-09-14 11:49:42,684 [IPC Server Responder] INFO  ipc.Server (Server.java:run(1567)) - Stopping IPC Server Responder
2023-09-14 11:49:42,684 [IPC Server listener on 9961] INFO  ipc.Server (Server.java:run(1434)) - Stopping IPC Server listener on 9961
2023-09-14 11:49:42,684 [Time-limited test] INFO  server.SCMUpdateServiceGrpcServer (SCMUpdateServiceGrpcServer.java:stop(73)) - SCMUpdateService stopping
2023-09-14 11:49:42,685 [Time-limited test] INFO  server.SCMUpdateServiceGrpcServer (SCMUpdateServiceGrpcServer.java:stop(85)) - SCMUpdateService stopped!
2023-09-14 11:49:42,685 [Time-limited test] INFO  server.StorageContainerManager (StorageContainerManager.java:stop(1649)) - Stopping Block Manager Service.
2023-09-14 11:49:42,685 [Time-limited test] INFO  utils.BackgroundService (BackgroundService.java:shutdown(141)) - Shutting down service SCMBlockDeletingService
2023-09-14 11:49:42,685 [Time-limited test] INFO  utils.BackgroundService (BackgroundService.java:shutdown(141)) - Shutting down service SCMBlockDeletingService
2023-09-14 11:49:42,687 [Time-limited test] INFO  server.StorageContainerManager (StorageContainerManager.java:stop(1669)) - Stopping SCM Event Queue.
2023-09-14 11:49:42,687 [JvmPauseMonitor3] INFO  util.JvmPauseMonitor (JvmPauseMonitor.java:run(109)) - JvmPauseMonitor-d3d871d3-9576-4f43-990d-6c81ef225792: Stopped
2023-09-14 11:49:42,688 [Time-limited test] INFO  server.StorageContainerManager (StorageContainerManager.java:stop(1680)) - Stopping SCM HA services.
2023-09-14 11:49:42,688 [Time-limited test] INFO  pipeline.BackgroundPipelineCreator (BackgroundPipelineCreator.java:stop(149)) - Stopping RatisPipelineUtilsThread.
2023-09-14 11:49:42,688 [RatisPipelineUtilsThread - 0] WARN  pipeline.BackgroundPipelineCreator (BackgroundPipelineCreator.java:run(180)) - RatisPipelineUtilsThread is interrupted.
2023-09-14 11:49:42,688 [Time-limited test] INFO  BackgroundPipelineScrubber (BackgroundSCMService.java:stop(131)) - Stopping BackgroundPipelineScrubber Service.
2023-09-14 11:49:42,688 [BackgroundPipelineScrubberThread] WARN  BackgroundPipelineScrubber (BackgroundSCMService.java:run(115)) - BackgroundPipelineScrubber is interrupted, exit
2023-09-14 11:49:42,688 [Time-limited test] INFO  impl.MetricsSystemImpl (MetricsSystemImpl.java:stop(210)) - Stopping StorageContainerManager metrics system...
2023-09-14 11:49:42,694 [prometheus] INFO  impl.MetricsSinkAdapter (MetricsSinkAdapter.java:publishMetricsFromQueue(141)) - prometheus thread interrupted.
2023-09-14 11:49:42,694 [Time-limited test] INFO  impl.MetricsSystemImpl (MetricsSystemImpl.java:stop(216)) - StorageContainerManager metrics system stopped.
2023-09-14 11:49:42,695 [Time-limited test] WARN  pipeline.BackgroundPipelineCreator (BackgroundPipelineCreator.java:stop(145)) - RatisPipelineUtilsThread is not running, just ignore.
2023-09-14 11:49:42,695 [Time-limited test] INFO  BackgroundPipelineScrubber (BackgroundSCMService.java:stop(126)) - BackgroundPipelineScrubber Service is not running, skip stop.
2023-09-14 11:49:42,695 [ExpiredContainerReplicaOpScrubberThread] WARN  ExpiredContainerReplicaOpScrubber (BackgroundSCMService.java:run(115)) - ExpiredContainerReplicaOpScrubber is interrupted, exit
2023-09-14 11:49:42,695 [Time-limited test] INFO  ExpiredContainerReplicaOpScrubber (BackgroundSCMService.java:stop(131)) - Stopping ExpiredContainerReplicaOpScrubber Service.
2023-09-14 11:49:42,695 [Time-limited test] INFO  utils.BackgroundService (BackgroundService.java:shutdown(141)) - Shutting down service SCMBlockDeletingService
2023-09-14 11:49:42,695 [Time-limited test] INFO  replication.ReplicationManager (ReplicationManager.java:stop(333)) - Replication Monitor Thread is not running.
2023-09-14 11:49:42,695 [Time-limited test] WARN  balancer.ContainerBalancer (ContainerBalancer.java:stop(326)) - Cannot stop Container Balancer because it's not running or stopping
2023-09-14 11:49:42,695 [Time-limited test] INFO  server.StorageContainerManager (StorageContainerManager.java:stop(1715)) - Stopping SCM MetadataStore.
2023-09-14 11:49:42,696 [Time-limited test] INFO  om.OzoneManager (OzoneManager.java:stop(2207)) - om1[fv-az240-193.bcold04rutgefduts2gkrghvsa.bx.internal.cloudapp.net:1202]: Stopping Ozone Manager
2023-09-14 11:49:42,696 [Time-limited test] INFO  ipc.Server (Server.java:stop(3523)) - Stopping server on 1202
2023-09-14 11:49:42,697 [Time-limited test] INFO  ratis.OzoneManagerStateMachine (OzoneManagerStateMachine.java:close(534)) - StateMachine has shutdown. Shutdown OzoneManager if not already shutdown.
2023-09-14 11:49:42,697 [Time-limited test] INFO  ratis.OzoneManagerDoubleBuffer (OzoneManagerDoubleBuffer.java:stopDaemon(551)) - Stopping OMDoubleBuffer flush thread
2023-09-14 11:49:42,697 [OMDoubleBufferFlushThread] INFO  ratis.OzoneManagerDoubleBuffer (OzoneManagerDoubleBuffer.java:canFlush(638)) - OMDoubleBuffer flush thread OMDoubleBufferFlushThread is interrupted and will exit.
2023-09-14 11:49:42,698 [Time-limited test] INFO  om.OzoneManager (OzoneManager.java:stopSecretManager(1066)) - Stopping secret key client.
2023-09-14 11:49:42,698 [Time-limited test] INFO  om.OzoneManager (OzoneManager.java:stopSecretManager(1071)) - Stopping OM delegation token secret manager.
2023-09-14 11:49:42,698 [Time-limited test] INFO  rocksdiff.RocksDBCheckpointDiffer (RocksDBCheckpointDiffer.java:close(343)) - Shutting down CompactionDagPruningService.
2023-09-14 11:49:42,699 [Time-limited test] INFO  snapshot.SnapshotDiffManager (SnapshotDiffManager.java:closeExecutorService(1706)) - Shutting down executorService: 'SnapDiffExecutor'
2023-09-14 11:49:42,699 [Time-limited test] INFO  snapshot.SnapshotDiffManager (SnapshotDiffManager.java:closeExecutorService(1706)) - Shutting down executorService: 'SstDumpToolExecutor'
2023-09-14 11:49:42,699 [Time-limited test] INFO  utils.BackgroundService (BackgroundService.java:shutdown(141)) - Shutting down service SnapshotDiffCleanupService
2023-09-14 11:49:42,703 [Time-limited test] INFO  om.OzoneManager (OzoneManager.java:stop(2207)) - om1[fv-az240-193.bcold04rutgefduts2gkrghvsa.bx.internal.cloudapp.net:1202]: Stopping Ozone Manager
2023-09-14 11:49:42,704 [Time-limited test] INFO  impl.DefaultInternalKdcServerImpl (DefaultInternalKdcServerImpl.java:doStop(102)) - Default Internal kdc server stopped.
2023-09-14 11:49:43,704 [Time-limited test] INFO  minikdc.MiniKdc (MiniKdc.java:stop(359)) - MiniKdc stopped.
2023-09-14 11:49:43,704 [Time-limited test] INFO  server.StorageContainerManager (StorageContainerManager.java:stop(1580)) - Storage Container Manager is not running.
2023-09-14 11:49:43,705 [Time-limited test] INFO  server.StorageContainerManager (StorageContainerManager.java:stopReplicationManager(1724)) - Stopping Replication Manager Service.
2023-09-14 11:49:43,705 [Time-limited test] INFO  replication.ReplicationManager (ReplicationManager.java:stop(333)) - Replication Monitor Thread is not running.
2023-09-14 11:49:43,705 [Time-limited test] INFO  server.SCMSecurityProtocolServer (SCMSecurityProtocolServer.java:join(560)) - Join RPC server for SCMSecurityProtocolServer.
2023-09-14 11:49:43,705 [Time-limited test] INFO  server.SCMSecurityProtocolServer (SCMSecurityProtocolServer.java:join(562)) - Join gRPC server for SCMSecurityProtocolServer.
2023-09-14 11:49:43,705 [Time-limited test] INFO  om.OzoneManager (OzoneManager.java:stop(2207)) - om1[fv-az240-193.bcold04rutgefduts2gkrghvsa.bx.internal.cloudapp.net:1202]: Stopping Ozone Manager
]]></system-out>
  </testcase>
  <testcase name="testSecureOmInitializationSuccess" classname="org.apache.hadoop.ozone.TestSecureOzoneCluster" time="4.938">
    <system-out><![CDATA[2023-09-14 11:49:43,726 [Time-limited test] INFO  net.ServerSocketUtil (ServerSocketUtil.java:getPort(55)) - Using port 9860
2023-09-14 11:49:43,727 [Time-limited test] INFO  net.ServerSocketUtil (ServerSocketUtil.java:getPort(55)) - Using port 9861
2023-09-14 11:49:43,727 [Time-limited test] INFO  net.ServerSocketUtil (ServerSocketUtil.java:getPort(55)) - Using port 9863
2023-09-14 11:49:43,727 [Time-limited test] INFO  net.ServerSocketUtil (ServerSocketUtil.java:getPort(55)) - Using port 9961
2023-09-14 11:49:43,727 [Time-limited test] INFO  net.ServerSocketUtil (ServerSocketUtil.java:getPort(55)) - Using port 1200
2023-09-14 11:49:43,727 [Time-limited test] INFO  net.ServerSocketUtil (ServerSocketUtil.java:getPort(55)) - Using port 1201
2023-09-14 11:49:43,727 [Time-limited test] INFO  minikdc.MiniKdc (MiniKdc.java:<init>(225)) - Configuration:
2023-09-14 11:49:43,727 [Time-limited test] INFO  minikdc.MiniKdc (MiniKdc.java:<init>(226)) - ---------------------------------------------------------------
2023-09-14 11:49:43,727 [Time-limited test] INFO  minikdc.MiniKdc (MiniKdc.java:<init>(228)) -   debug: false
2023-09-14 11:49:43,727 [Time-limited test] INFO  minikdc.MiniKdc (MiniKdc.java:<init>(228)) -   transport: TCP
2023-09-14 11:49:43,727 [Time-limited test] INFO  minikdc.MiniKdc (MiniKdc.java:<init>(228)) -   max.ticket.lifetime: 86400000
2023-09-14 11:49:43,728 [Time-limited test] INFO  minikdc.MiniKdc (MiniKdc.java:<init>(228)) -   org.name: EXAMPLE
2023-09-14 11:49:43,728 [Time-limited test] INFO  minikdc.MiniKdc (MiniKdc.java:<init>(228)) -   kdc.port: 0
2023-09-14 11:49:43,728 [Time-limited test] INFO  minikdc.MiniKdc (MiniKdc.java:<init>(228)) -   org.domain: COM
2023-09-14 11:49:43,728 [Time-limited test] INFO  minikdc.MiniKdc (MiniKdc.java:<init>(228)) -   max.renewable.lifetime: 604800000
2023-09-14 11:49:43,728 [Time-limited test] INFO  minikdc.MiniKdc (MiniKdc.java:<init>(228)) -   instance: DefaultKrbServer
2023-09-14 11:49:43,728 [Time-limited test] INFO  minikdc.MiniKdc (MiniKdc.java:<init>(228)) -   kdc.bind.address: localhost
2023-09-14 11:49:43,728 [Time-limited test] INFO  minikdc.MiniKdc (MiniKdc.java:<init>(230)) - ---------------------------------------------------------------
2023-09-14 11:49:43,729 [Time-limited test] INFO  minikdc.MiniKdc (MiniKdc.java:start(285)) - MiniKdc started.
2023-09-14 11:49:43,849 [Time-limited test] INFO  om.OzoneManager (OzoneManager.java:getOmDetailsProto(4573)) - OzoneManager ports added:[name: "RPC"
value: 1202
]
2023-09-14 11:49:43,849 [Time-limited test] WARN  server.ServerUtils (ServerUtils.java:getScmDbDir(155)) - ozone.scm.db.dirs is not configured. We recommend adding this setting. Falling back to ozone.metadata.dirs instead.
2023-09-14 11:49:43,850 [Time-limited test] INFO  ha.HASecurityUtils (HASecurityUtils.java:initializeSecurity(98)) - Initializing secure StorageContainerManager.
2023-09-14 11:49:43,851 [Time-limited test] INFO  client.SCMCertificateClient (DefaultCertificateClient.java:updateCertSerialId(1244)) - Certificate serial ID set to null
2023-09-14 11:49:43,851 [Time-limited test] ERROR client.SCMCertificateClient (DefaultCertificateClient.java:getCertPath(362)) - Default certificate serial id is not set. Can't locate the default certificate for this client.
2023-09-14 11:49:43,851 [Time-limited test] INFO  client.SCMCertificateClient (DefaultCertificateClient.java:init(715)) - Certificate client init case: 0
2023-09-14 11:49:43,851 [Time-limited test] INFO  client.SCMCertificateClient (SCMCertificateClient.java:handleCase(103)) - Creating keypair for client as keypair and certificate not found.
2023-09-14 11:49:44,184 [Time-limited test] INFO  ha.HASecurityUtils (HASecurityUtils.java:initializeSecurity(108)) - Init response: GETCERT
2023-09-14 11:49:44,567 [Time-limited test] INFO  ozone.OzoneSecurityUtil (OzoneSecurityUtil.java:getValidInetsForCurrentHost(119)) - ip:fe80:0:0:0:20d:3aff:fe15:5b9%eth0 not returned.
2023-09-14 11:49:44,567 [Time-limited test] INFO  ozone.OzoneSecurityUtil (OzoneSecurityUtil.java:getValidInetsForCurrentHost(116)) - Adding ip:10.1.136.0,host:fv-az240-193.bcold04rutgefduts2gkrghvsa.bx.internal.cloudapp.net
2023-09-14 11:49:44,567 [Time-limited test] INFO  ozone.OzoneSecurityUtil (OzoneSecurityUtil.java:getValidInetsForCurrentHost(119)) - ip:0:0:0:0:0:0:0:1%lo not returned.
2023-09-14 11:49:44,567 [Time-limited test] INFO  ozone.OzoneSecurityUtil (OzoneSecurityUtil.java:getValidInetsForCurrentHost(119)) - ip:127.0.0.1 not returned.
2023-09-14 11:49:44,570 [Time-limited test] INFO  utils.SelfSignedCertificate (SelfSignedCertificate.java:generateCertificate(157)) - Certificate 1 is issued by CN=scm-1@fv-az240-193,OU=38310232-b46d-4c2a-b8cb-ec0473d3baa3,O=bb77cd61-b143-4a2a-b2ee-eab336344e64 to CN=scm-1@fv-az240-193,OU=38310232-b46d-4c2a-b8cb-ec0473d3baa3,O=bb77cd61-b143-4a2a-b2ee-eab336344e64, valid from Thu Sep 14 11:49:44 UTC 2023 to Sun Oct 22 11:49:44 UTC 2028
2023-09-14 11:49:44,571 [Time-limited test] INFO  utils.CertificateCodec (CertificateCodec.java:writeCertificate(299)) - Save certificate to /tmp/junit2525868181649695607/junit6389685893070886226/scm-meta/scm/ca/certs/certificate.crt
2023-09-14 11:49:44,571 [Time-limited test] INFO  utils.CertificateCodec (CertificateCodec.java:writeCertificate(300)) - Certificate -----BEGIN CERTIFICATE-----
MIID5zCCAs+gAwIBAgIBATANBgkqhkiG9w0BAQsFADB7MRswGQYDVQQDDBJzY20t
MUBmdi1hejI0MC0xOTMxLTArBgNVBAsMJDM4MzEwMjMyLWI0NmQtNGMyYS1iOGNi
LWVjMDQ3M2QzYmFhMzEtMCsGA1UECgwkYmI3N2NkNjEtYjE0My00YTJhLWIyZWUt
ZWFiMzM2MzQ0ZTY0MB4XDTIzMDkxNDExNDk0NFoXDTI4MTAyMjExNDk0NFowezEb
MBkGA1UEAwwSc2NtLTFAZnYtYXoyNDAtMTkzMS0wKwYDVQQLDCQzODMxMDIzMi1i
NDZkLTRjMmEtYjhjYi1lYzA0NzNkM2JhYTMxLTArBgNVBAoMJGJiNzdjZDYxLWIx
NDMtNGEyYS1iMmVlLWVhYjMzNjM0NGU2NDCCASIwDQYJKoZIhvcNAQEBBQADggEP
ADCCAQoCggEBAOojq7N4szq0NuzPBd1qescXY1Yz9ZDd3i7Kj1MvlYoX7N4ZulSq
EYhFsbvX4qjsNmapsPjOiW4kKkXCllqiPweIejSpMhuOqtZfa5o6Qf2VaGwutyPE
340jgC1kbiuWuvAJnUjzmIuNswkgBwUaGDTZix1gd1Ezl9Pkkw/kc+y6u8zx1GFl
jAuk38+eyXXTHHh0eDnoyybE2Mc0Xav/8jW7qMNk64IpjGdnoZSJM2+ID4o5igjt
Bldh3KJlDDpFDRppCqzJ5nms6JosoE+vz/RmJOZFkebmsaoH/FYbAvVzmMdt17sk
EnfmETBdIsNCp1O4pf5ejSa4vUr8yzGkMp8CAwEAAaN2MHQwDwYDVR0TAQH/BAUw
AwEB/zAOBgNVHQ8BAf8EBAMCAQYwUQYDVR0RBEowSIcECgGIAIJAZnYtYXoyNDAt
MTkzLmJjb2xkMDRydXRnZWZkdXRzMmdrcmdodnNhLmJ4LmludGVybmFsLmNsb3Vk
YXBwLm5ldDANBgkqhkiG9w0BAQsFAAOCAQEAKH7KiZrcFp+yYJZR3aSvGzJgZoqM
V9WNRVbDnv2+8lyid8EYIU2eq1ot1mZ8vUk2IjLB4dHEipVVJZ4kXohURWvyiAn5
G2rc63ljemGzT8tY8bQORHLpIhWWtF/W42IpiMboRLy8+ql+9OcQzhCBRh05JoVz
viwT8zeQwOdKbMNH+gCv11Ow8ZMIZ/OTdpNK+s6/E67QizkiwWSKc/LFoOfhBxsa
vA1/FYUYz+D7QdJVOd6WCA7d6UbJLMg1ZNNwEtqn4U919DFsRLJMS/wc3nuHfSZo
EVjZUkJUjGGzIRXWkbIgUTk7SoGDMRJ7oNXMU7b2O7lph744SUyd85n2qQ==
-----END CERTIFICATE-----

2023-09-14 11:49:44,572 [Time-limited test] INFO  client.SCMCertificateClient (SCMCertificateClient.java:getCSRBuilder(165)) - Creating csr for SCM->hostName:fv-az240-193,scmId:38310232-b46d-4c2a-b8cb-ec0473d3baa3,clusterId:bb77cd61-b143-4a2a-b2ee-eab336344e64,subject:scm-sub-2008770199410@fv-az240-193
2023-09-14 11:49:44,572 [Time-limited test] INFO  ozone.OzoneSecurityUtil (OzoneSecurityUtil.java:getValidInetsForCurrentHost(119)) - ip:fe80:0:0:0:20d:3aff:fe15:5b9%eth0 not returned.
2023-09-14 11:49:44,572 [Time-limited test] INFO  ozone.OzoneSecurityUtil (OzoneSecurityUtil.java:getValidInetsForCurrentHost(116)) - Adding ip:10.1.136.0,host:fv-az240-193.bcold04rutgefduts2gkrghvsa.bx.internal.cloudapp.net
2023-09-14 11:49:44,572 [Time-limited test] INFO  ozone.OzoneSecurityUtil (OzoneSecurityUtil.java:getValidInetsForCurrentHost(119)) - ip:0:0:0:0:0:0:0:1%lo not returned.
2023-09-14 11:49:44,572 [Time-limited test] INFO  ozone.OzoneSecurityUtil (OzoneSecurityUtil.java:getValidInetsForCurrentHost(119)) - ip:127.0.0.1 not returned.
2023-09-14 11:49:44,572 [Time-limited test] INFO  ha.HASecurityUtils (HASecurityUtils.java:generateCSR(308)) - Creating csr for SCM->hostName:fv-az240-193,scmId:38310232-b46d-4c2a-b8cb-ec0473d3baa3,clusterId:bb77cd61-b143-4a2a-b2ee-eab336344e64,subject:scm-sub-2008770818221@fv-az240-193
2023-09-14 11:49:44,576 [Time-limited test] INFO  authority.DefaultApprover (DefaultApprover.java:sign(154)) - Extensions in CSR: 2.5.29.19, 2.5.29.15, 2.5.29.17
2023-09-14 11:49:44,576 [Time-limited test] INFO  authority.DefaultApprover (DefaultApprover.java:sign(158)) - Extensions to add to the certificate if they present in CSR: 2.5.29.17, 2.5.29.19, 1.3.6.1.5.5.7.1.12, 2.5.29.35, 2.5.29.37, 2.5.29.15
2023-09-14 11:49:44,579 [Time-limited test] INFO  utils.CertificateCodec (CertificateCodec.java:writeCertificate(299)) - Save certificate to /tmp/junit2525868181649695607/junit6389685893070886226/scm-meta/scm/sub-ca/certs/CA-1.crt
2023-09-14 11:49:44,580 [Time-limited test] INFO  utils.CertificateCodec (CertificateCodec.java:writeCertificate(300)) - Certificate -----BEGIN CERTIFICATE-----
MIID5zCCAs+gAwIBAgIBATANBgkqhkiG9w0BAQsFADB7MRswGQYDVQQDDBJzY20t
MUBmdi1hejI0MC0xOTMxLTArBgNVBAsMJDM4MzEwMjMyLWI0NmQtNGMyYS1iOGNi
LWVjMDQ3M2QzYmFhMzEtMCsGA1UECgwkYmI3N2NkNjEtYjE0My00YTJhLWIyZWUt
ZWFiMzM2MzQ0ZTY0MB4XDTIzMDkxNDExNDk0NFoXDTI4MTAyMjExNDk0NFowezEb
MBkGA1UEAwwSc2NtLTFAZnYtYXoyNDAtMTkzMS0wKwYDVQQLDCQzODMxMDIzMi1i
NDZkLTRjMmEtYjhjYi1lYzA0NzNkM2JhYTMxLTArBgNVBAoMJGJiNzdjZDYxLWIx
NDMtNGEyYS1iMmVlLWVhYjMzNjM0NGU2NDCCASIwDQYJKoZIhvcNAQEBBQADggEP
ADCCAQoCggEBAOojq7N4szq0NuzPBd1qescXY1Yz9ZDd3i7Kj1MvlYoX7N4ZulSq
EYhFsbvX4qjsNmapsPjOiW4kKkXCllqiPweIejSpMhuOqtZfa5o6Qf2VaGwutyPE
340jgC1kbiuWuvAJnUjzmIuNswkgBwUaGDTZix1gd1Ezl9Pkkw/kc+y6u8zx1GFl
jAuk38+eyXXTHHh0eDnoyybE2Mc0Xav/8jW7qMNk64IpjGdnoZSJM2+ID4o5igjt
Bldh3KJlDDpFDRppCqzJ5nms6JosoE+vz/RmJOZFkebmsaoH/FYbAvVzmMdt17sk
EnfmETBdIsNCp1O4pf5ejSa4vUr8yzGkMp8CAwEAAaN2MHQwDwYDVR0TAQH/BAUw
AwEB/zAOBgNVHQ8BAf8EBAMCAQYwUQYDVR0RBEowSIcECgGIAIJAZnYtYXoyNDAt
MTkzLmJjb2xkMDRydXRnZWZkdXRzMmdrcmdodnNhLmJ4LmludGVybmFsLmNsb3Vk
YXBwLm5ldDANBgkqhkiG9w0BAQsFAAOCAQEAKH7KiZrcFp+yYJZR3aSvGzJgZoqM
V9WNRVbDnv2+8lyid8EYIU2eq1ot1mZ8vUk2IjLB4dHEipVVJZ4kXohURWvyiAn5
G2rc63ljemGzT8tY8bQORHLpIhWWtF/W42IpiMboRLy8+ql+9OcQzhCBRh05JoVz
viwT8zeQwOdKbMNH+gCv11Ow8ZMIZ/OTdpNK+s6/E67QizkiwWSKc/LFoOfhBxsa
vA1/FYUYz+D7QdJVOd6WCA7d6UbJLMg1ZNNwEtqn4U919DFsRLJMS/wc3nuHfSZo
EVjZUkJUjGGzIRXWkbIgUTk7SoGDMRJ7oNXMU7b2O7lph744SUyd85n2qQ==
-----END CERTIFICATE-----

2023-09-14 11:49:44,580 [Time-limited test] INFO  utils.CertificateCodec (CertificateCodec.java:writeCertificate(299)) - Save certificate to /tmp/junit2525868181649695607/junit6389685893070886226/scm-meta/scm/sub-ca/certs/2008774227280.crt
2023-09-14 11:49:44,580 [Time-limited test] INFO  utils.CertificateCodec (CertificateCodec.java:writeCertificate(300)) - Certificate -----BEGIN CERTIFICATE-----
MIID/TCCAuWgAwIBAgIGAdO0RjVQMA0GCSqGSIb3DQEBCwUAMHsxGzAZBgNVBAMM
EnNjbS0xQGZ2LWF6MjQwLTE5MzEtMCsGA1UECwwkMzgzMTAyMzItYjQ2ZC00YzJh
LWI4Y2ItZWMwNDczZDNiYWEzMS0wKwYDVQQKDCRiYjc3Y2Q2MS1iMTQzLTRhMmEt
YjJlZS1lYWIzMzYzNDRlNjQwHhcNMjMwOTE0MTE0OTQ0WhcNMjgxMDIyMTE0OTQ0
WjCBizErMCkGA1UEAwwic2NtLXN1Yi0yMDA4NzcwODE4MjIxQGZ2LWF6MjQwLTE5
MzEtMCsGA1UECwwkMzgzMTAyMzItYjQ2ZC00YzJhLWI4Y2ItZWMwNDczZDNiYWEz
MS0wKwYDVQQKDCRiYjc3Y2Q2MS1iMTQzLTRhMmEtYjJlZS1lYWIzMzYzNDRlNjQw
ggEiMA0GCSqGSIb3DQEBAQUAA4IBDwAwggEKAoIBAQCqcXJAWEwtzmpGiMRT3uvN
yN9SbKrjDZQJHltfYLRpc1sKA7lo4OqdVvOy3ndd9cdHssFUcL2/BUBy+Dz39FUZ
2jRJBBlq1q8BnSjQ6UIVFf+6iT4cxKZxNtKt8ydTNzuI42VqJXn0eQFxlgRwiuc7
ZejGQeJ4f1gC1HCknQmhGRPwlthGAW3xMmhM42ctq+tcolSRvwJizI8e1fcHSXnR
xGcy5yi1oztlKNfz1Z4x4Cg1KQOjbUORkdnjDAmTTrgyYr4RErpEWC80D1h+RSIu
keRMtM+eXHO0Kr12ykrvCCkc7Dg0WSMqChuhB2aKaRb4E+4+L1gRuSu0g0IVDIzf
AgMBAAGjdjB0MFEGA1UdEQRKMEiHBAoBiACCQGZ2LWF6MjQwLTE5My5iY29sZDA0
cnV0Z2VmZHV0czJna3JnaHZzYS5ieC5pbnRlcm5hbC5jbG91ZGFwcC5uZXQwDwYD
VR0TAQH/BAUwAwEB/zAOBgNVHQ8BAf8EBAMCAb4wDQYJKoZIhvcNAQELBQADggEB
AMsh/X4tuX384tB/S7RWF/VlWfTZHW6QZ9X3H/Q2fA1lkHiU028xK0HuR+/XVIO8
6lq77vMS4r/6fVuz0S+QQ3pIsO8AXFxTZ+zY1ILoTS+Nek2hJKFgSQuOJKBsDo13
psYm+VT5UMqOz5PosVTLM3azyQOmogi4RGhps95hoDiO5sRyilrC5TdZxKWRYREW
Ok03y2bwS0XcWNqGNBnVhOtoM6YtXhbcmnR4uxqQVQiy1LKyLDOIcjMUvBUKD4C0
vYF2nAeVHMRZDH7rweUHKhiLI1OKC9p5B4QFLBMywMFKbLDMOBBuVCaBxyj+2zWW
bAvcHjUxBDbgS274BxYjvJQ=
-----END CERTIFICATE-----

-----BEGIN CERTIFICATE-----
MIID5zCCAs+gAwIBAgIBATANBgkqhkiG9w0BAQsFADB7MRswGQYDVQQDDBJzY20t
MUBmdi1hejI0MC0xOTMxLTArBgNVBAsMJDM4MzEwMjMyLWI0NmQtNGMyYS1iOGNi
LWVjMDQ3M2QzYmFhMzEtMCsGA1UECgwkYmI3N2NkNjEtYjE0My00YTJhLWIyZWUt
ZWFiMzM2MzQ0ZTY0MB4XDTIzMDkxNDExNDk0NFoXDTI4MTAyMjExNDk0NFowezEb
MBkGA1UEAwwSc2NtLTFAZnYtYXoyNDAtMTkzMS0wKwYDVQQLDCQzODMxMDIzMi1i
NDZkLTRjMmEtYjhjYi1lYzA0NzNkM2JhYTMxLTArBgNVBAoMJGJiNzdjZDYxLWIx
NDMtNGEyYS1iMmVlLWVhYjMzNjM0NGU2NDCCASIwDQYJKoZIhvcNAQEBBQADggEP
ADCCAQoCggEBAOojq7N4szq0NuzPBd1qescXY1Yz9ZDd3i7Kj1MvlYoX7N4ZulSq
EYhFsbvX4qjsNmapsPjOiW4kKkXCllqiPweIejSpMhuOqtZfa5o6Qf2VaGwutyPE
340jgC1kbiuWuvAJnUjzmIuNswkgBwUaGDTZix1gd1Ezl9Pkkw/kc+y6u8zx1GFl
jAuk38+eyXXTHHh0eDnoyybE2Mc0Xav/8jW7qMNk64IpjGdnoZSJM2+ID4o5igjt
Bldh3KJlDDpFDRppCqzJ5nms6JosoE+vz/RmJOZFkebmsaoH/FYbAvVzmMdt17sk
EnfmETBdIsNCp1O4pf5ejSa4vUr8yzGkMp8CAwEAAaN2MHQwDwYDVR0TAQH/BAUw
AwEB/zAOBgNVHQ8BAf8EBAMCAQYwUQYDVR0RBEowSIcECgGIAIJAZnYtYXoyNDAt
MTkzLmJjb2xkMDRydXRnZWZkdXRzMmdrcmdodnNhLmJ4LmludGVybmFsLmNsb3Vk
YXBwLm5ldDANBgkqhkiG9w0BAQsFAAOCAQEAKH7KiZrcFp+yYJZR3aSvGzJgZoqM
V9WNRVbDnv2+8lyid8EYIU2eq1ot1mZ8vUk2IjLB4dHEipVVJZ4kXohURWvyiAn5
G2rc63ljemGzT8tY8bQORHLpIhWWtF/W42IpiMboRLy8+ql+9OcQzhCBRh05JoVz
viwT8zeQwOdKbMNH+gCv11Ow8ZMIZ/OTdpNK+s6/E67QizkiwWSKc/LFoOfhBxsa
vA1/FYUYz+D7QdJVOd6WCA7d6UbJLMg1ZNNwEtqn4U919DFsRLJMS/wc3nuHfSZo
EVjZUkJUjGGzIRXWkbIgUTk7SoGDMRJ7oNXMU7b2O7lph744SUyd85n2qQ==
-----END CERTIFICATE-----

2023-09-14 11:49:44,580 [Time-limited test] INFO  utils.CertificateCodec (CertificateCodec.java:writeCertificate(299)) - Save certificate to /tmp/junit2525868181649695607/junit6389685893070886226/scm-meta/scm/sub-ca/certs/certificate.crt
2023-09-14 11:49:44,580 [Time-limited test] INFO  utils.CertificateCodec (CertificateCodec.java:writeCertificate(300)) - Certificate -----BEGIN CERTIFICATE-----
MIID/TCCAuWgAwIBAgIGAdO0RjVQMA0GCSqGSIb3DQEBCwUAMHsxGzAZBgNVBAMM
EnNjbS0xQGZ2LWF6MjQwLTE5MzEtMCsGA1UECwwkMzgzMTAyMzItYjQ2ZC00YzJh
LWI4Y2ItZWMwNDczZDNiYWEzMS0wKwYDVQQKDCRiYjc3Y2Q2MS1iMTQzLTRhMmEt
YjJlZS1lYWIzMzYzNDRlNjQwHhcNMjMwOTE0MTE0OTQ0WhcNMjgxMDIyMTE0OTQ0
WjCBizErMCkGA1UEAwwic2NtLXN1Yi0yMDA4NzcwODE4MjIxQGZ2LWF6MjQwLTE5
MzEtMCsGA1UECwwkMzgzMTAyMzItYjQ2ZC00YzJhLWI4Y2ItZWMwNDczZDNiYWEz
MS0wKwYDVQQKDCRiYjc3Y2Q2MS1iMTQzLTRhMmEtYjJlZS1lYWIzMzYzNDRlNjQw
ggEiMA0GCSqGSIb3DQEBAQUAA4IBDwAwggEKAoIBAQCqcXJAWEwtzmpGiMRT3uvN
yN9SbKrjDZQJHltfYLRpc1sKA7lo4OqdVvOy3ndd9cdHssFUcL2/BUBy+Dz39FUZ
2jRJBBlq1q8BnSjQ6UIVFf+6iT4cxKZxNtKt8ydTNzuI42VqJXn0eQFxlgRwiuc7
ZejGQeJ4f1gC1HCknQmhGRPwlthGAW3xMmhM42ctq+tcolSRvwJizI8e1fcHSXnR
xGcy5yi1oztlKNfz1Z4x4Cg1KQOjbUORkdnjDAmTTrgyYr4RErpEWC80D1h+RSIu
keRMtM+eXHO0Kr12ykrvCCkc7Dg0WSMqChuhB2aKaRb4E+4+L1gRuSu0g0IVDIzf
AgMBAAGjdjB0MFEGA1UdEQRKMEiHBAoBiACCQGZ2LWF6MjQwLTE5My5iY29sZDA0
cnV0Z2VmZHV0czJna3JnaHZzYS5ieC5pbnRlcm5hbC5jbG91ZGFwcC5uZXQwDwYD
VR0TAQH/BAUwAwEB/zAOBgNVHQ8BAf8EBAMCAb4wDQYJKoZIhvcNAQELBQADggEB
AMsh/X4tuX384tB/S7RWF/VlWfTZHW6QZ9X3H/Q2fA1lkHiU028xK0HuR+/XVIO8
6lq77vMS4r/6fVuz0S+QQ3pIsO8AXFxTZ+zY1ILoTS+Nek2hJKFgSQuOJKBsDo13
psYm+VT5UMqOz5PosVTLM3azyQOmogi4RGhps95hoDiO5sRyilrC5TdZxKWRYREW
Ok03y2bwS0XcWNqGNBnVhOtoM6YtXhbcmnR4uxqQVQiy1LKyLDOIcjMUvBUKD4C0
vYF2nAeVHMRZDH7rweUHKhiLI1OKC9p5B4QFLBMywMFKbLDMOBBuVCaBxyj+2zWW
bAvcHjUxBDbgS274BxYjvJQ=
-----END CERTIFICATE-----

-----BEGIN CERTIFICATE-----
MIID5zCCAs+gAwIBAgIBATANBgkqhkiG9w0BAQsFADB7MRswGQYDVQQDDBJzY20t
MUBmdi1hejI0MC0xOTMxLTArBgNVBAsMJDM4MzEwMjMyLWI0NmQtNGMyYS1iOGNi
LWVjMDQ3M2QzYmFhMzEtMCsGA1UECgwkYmI3N2NkNjEtYjE0My00YTJhLWIyZWUt
ZWFiMzM2MzQ0ZTY0MB4XDTIzMDkxNDExNDk0NFoXDTI4MTAyMjExNDk0NFowezEb
MBkGA1UEAwwSc2NtLTFAZnYtYXoyNDAtMTkzMS0wKwYDVQQLDCQzODMxMDIzMi1i
NDZkLTRjMmEtYjhjYi1lYzA0NzNkM2JhYTMxLTArBgNVBAoMJGJiNzdjZDYxLWIx
NDMtNGEyYS1iMmVlLWVhYjMzNjM0NGU2NDCCASIwDQYJKoZIhvcNAQEBBQADggEP
ADCCAQoCggEBAOojq7N4szq0NuzPBd1qescXY1Yz9ZDd3i7Kj1MvlYoX7N4ZulSq
EYhFsbvX4qjsNmapsPjOiW4kKkXCllqiPweIejSpMhuOqtZfa5o6Qf2VaGwutyPE
340jgC1kbiuWuvAJnUjzmIuNswkgBwUaGDTZix1gd1Ezl9Pkkw/kc+y6u8zx1GFl
jAuk38+eyXXTHHh0eDnoyybE2Mc0Xav/8jW7qMNk64IpjGdnoZSJM2+ID4o5igjt
Bldh3KJlDDpFDRppCqzJ5nms6JosoE+vz/RmJOZFkebmsaoH/FYbAvVzmMdt17sk
EnfmETBdIsNCp1O4pf5ejSa4vUr8yzGkMp8CAwEAAaN2MHQwDwYDVR0TAQH/BAUw
AwEB/zAOBgNVHQ8BAf8EBAMCAQYwUQYDVR0RBEowSIcECgGIAIJAZnYtYXoyNDAt
MTkzLmJjb2xkMDRydXRnZWZkdXRzMmdrcmdodnNhLmJ4LmludGVybmFsLmNsb3Vk
YXBwLm5ldDANBgkqhkiG9w0BAQsFAAOCAQEAKH7KiZrcFp+yYJZR3aSvGzJgZoqM
V9WNRVbDnv2+8lyid8EYIU2eq1ot1mZ8vUk2IjLB4dHEipVVJZ4kXohURWvyiAn5
G2rc63ljemGzT8tY8bQORHLpIhWWtF/W42IpiMboRLy8+ql+9OcQzhCBRh05JoVz
viwT8zeQwOdKbMNH+gCv11Ow8ZMIZ/OTdpNK+s6/E67QizkiwWSKc/LFoOfhBxsa
vA1/FYUYz+D7QdJVOd6WCA7d6UbJLMg1ZNNwEtqn4U919DFsRLJMS/wc3nuHfSZo
EVjZUkJUjGGzIRXWkbIgUTk7SoGDMRJ7oNXMU7b2O7lph744SUyd85n2qQ==
-----END CERTIFICATE-----

2023-09-14 11:49:44,581 [Time-limited test] INFO  ha.HASecurityUtils (HASecurityUtils.java:initializeSecurity(121)) - Successfully stored SCM signed certificate.
2023-09-14 11:49:44,584 [Time-limited test] WARN  server.ServerUtils (ServerUtils.java:getScmDbDir(155)) - ozone.scm.db.dirs is not configured. We recommend adding this setting. Falling back to ozone.metadata.dirs instead.
2023-09-14 11:49:44,584 [Time-limited test] INFO  ha.SCMHANodeDetails (SCMHANodeDetails.java:loadSCMHAConfig(210)) - ServiceID for StorageContainerManager is null
2023-09-14 11:49:44,585 [Time-limited test] INFO  ha.SCMHANodeDetails (SCMHANodeDetails.java:loadSCMHAConfig(215)) - ozone.scm.default.service.id is not defined, falling back to ozone.scm.service.ids to find serviceID for StorageContainerManager if it is HA enabled cluster
2023-09-14 11:49:44,593 [pool-267-thread-1] INFO  request.KdcRequest (KdcRequest.java:preauth(651)) - The preauth data is empty.
2023-09-14 11:49:44,593 [pool-267-thread-1] INFO  server.KdcHandler (KdcHandler.java:handleRecoverableException(177)) - KRB error occurred while processing request:Additional pre-authentication required
2023-09-14 11:49:44,603 [pool-267-thread-2] INFO  request.AsRequest (AsRequest.java:issueTicket(112)) - AS_REQ ISSUE: authtime 1694692184597,scm/fv-az240-193.bcold04rutgefduts2gkrghvsa.bx.internal.cloudapp.net@EXAMPLE.COM for krbtgt/EXAMPLE.COM@EXAMPLE.COM
2023-09-14 11:49:44,605 [Time-limited test] INFO  security.UserGroupInformation (UserGroupInformation.java:loginUserFromKeytab(1132)) - Login successful for user scm/fv-az240-193.bcold04rutgefduts2gkrghvsa.bx.internal.cloudapp.net@EXAMPLE.COM using keytab file scm.keytab. Keytab auto renewal enabled : false
2023-09-14 11:49:44,605 [Time-limited test] INFO  server.StorageContainerManager (StorageContainerManager.java:loginAsSCMUserIfSecurityEnabled(1042)) - SCM login successful.
2023-09-14 11:49:44,607 [Time-limited test] INFO  client.SCMCertificateClient (DefaultCertificateClient.java:updateCertSerialId(1244)) - Certificate serial ID set to 2008774227280
2023-09-14 11:49:44,610 [Time-limited test] INFO  client.SCMCertificateClient (DefaultCertificateClient.java:readCertificateFile(237)) - Added certificate   [0]         Version: 3
         SerialNumber: 2008774227280
             IssuerDN: CN=scm-1@fv-az240-193,OU=38310232-b46d-4c2a-b8cb-ec0473d3baa3,O=bb77cd61-b143-4a2a-b2ee-eab336344e64
           Start Date: Thu Sep 14 11:49:44 UTC 2023
           Final Date: Sun Oct 22 11:49:44 UTC 2028
            SubjectDN: CN=scm-sub-2008770818221@fv-az240-193,OU=38310232-b46d-4c2a-b8cb-ec0473d3baa3,O=bb77cd61-b143-4a2a-b2ee-eab336344e64
           Public Key: RSA Public Key [a4:6e:ce:56:9d:61:28:3a:52:96:e1:21:43:e2:9e:e5:90:dd:93:e5],[56:66:d1:a4]
        modulus: aa717240584c2dce6a4688c453deebcdc8df526caae30d94091e5b5f60b469735b0a03b968e0ea9d56f3b2de775df5c747b2c15470bdbf054072f83cf7f45519da344904196ad6af019d28d0e9421515ffba893e1cc4a67136d2adf32753373b88e3656a2579f47901719604708ae73b65e8c641e2787f5802d470a49d09a11913f096d846016df132684ce3672dabeb5ca25491bf0262cc8f1ed5f7074979d1c46732e728b5a33b6528d7f3d59e31e028352903a36d439191d9e30c09934eb83262be1112ba44582f340f587e45222e91e44cb4cf9e5c73b42abd76ca4aef08291cec383459232a0a1ba107668a6916f813ee3e2f5811b92bb48342150c8cdf
public exponent: 10001

  Signature Algorithm: SHA256WITHRSA
            Signature: cb21fd7e2db97dfce2d07f4bb45617f56559f4d9
                       1d6e9067d5f71ff4367c0d65907894d36f312b41
                       ee47efd75483bcea5abbeef312e2bffa7d5bb3d1
                       2f90437a48b0ef005c5c5367ecd8d482e84d2f8d
                       7a4da124a160490b8e24a06c0e8d77a6c626f954
                       f950ca8ecf93e8b154cb3376b3c903a6a208b844
                       6869b3de61a0388ee6c4728a5ac2e53759c4a591
                       6111163a4d37cb66f04b45dc58da863419d584eb
                       6833a62d5e16dc9a7478bb1a905508b2d4b2b22c
                       3388723314bc150a0f80b4bd81769c07951cc459
                       0c7eebc1e5072a188b23538a0bda790784052c13
                       32c0c14a6cb0cc38106e542681c728fedb35966c
                       0bdc1e35310436e04b6ef8071623bc94
       Extensions: 
                       critical(false) 2.5.29.17 value = Sequence
    Tagged [7] IMPLICIT 
        DER Octet String[4] 
    Tagged [2] IMPLICIT 
        DER Octet String[64] 

                       critical(true) BasicConstraints: isCa(true)
                       critical(true) KeyUsage: 0xbe
 from file: /tmp/junit2525868181649695607/junit6389685893070886226/scm-meta/scm/sub-ca/certs/certificate.crt.
2023-09-14 11:49:44,611 [Time-limited test] INFO  client.SCMCertificateClient (DefaultCertificateClient.java:readCertificateFile(237)) - Added certificate   [0]         Version: 3
         SerialNumber: 2008774227280
             IssuerDN: CN=scm-1@fv-az240-193,OU=38310232-b46d-4c2a-b8cb-ec0473d3baa3,O=bb77cd61-b143-4a2a-b2ee-eab336344e64
           Start Date: Thu Sep 14 11:49:44 UTC 2023
           Final Date: Sun Oct 22 11:49:44 UTC 2028
            SubjectDN: CN=scm-sub-2008770818221@fv-az240-193,OU=38310232-b46d-4c2a-b8cb-ec0473d3baa3,O=bb77cd61-b143-4a2a-b2ee-eab336344e64
           Public Key: RSA Public Key [a4:6e:ce:56:9d:61:28:3a:52:96:e1:21:43:e2:9e:e5:90:dd:93:e5],[56:66:d1:a4]
        modulus: aa717240584c2dce6a4688c453deebcdc8df526caae30d94091e5b5f60b469735b0a03b968e0ea9d56f3b2de775df5c747b2c15470bdbf054072f83cf7f45519da344904196ad6af019d28d0e9421515ffba893e1cc4a67136d2adf32753373b88e3656a2579f47901719604708ae73b65e8c641e2787f5802d470a49d09a11913f096d846016df132684ce3672dabeb5ca25491bf0262cc8f1ed5f7074979d1c46732e728b5a33b6528d7f3d59e31e028352903a36d439191d9e30c09934eb83262be1112ba44582f340f587e45222e91e44cb4cf9e5c73b42abd76ca4aef08291cec383459232a0a1ba107668a6916f813ee3e2f5811b92bb48342150c8cdf
public exponent: 10001

  Signature Algorithm: SHA256WITHRSA
            Signature: cb21fd7e2db97dfce2d07f4bb45617f56559f4d9
                       1d6e9067d5f71ff4367c0d65907894d36f312b41
                       ee47efd75483bcea5abbeef312e2bffa7d5bb3d1
                       2f90437a48b0ef005c5c5367ecd8d482e84d2f8d
                       7a4da124a160490b8e24a06c0e8d77a6c626f954
                       f950ca8ecf93e8b154cb3376b3c903a6a208b844
                       6869b3de61a0388ee6c4728a5ac2e53759c4a591
                       6111163a4d37cb66f04b45dc58da863419d584eb
                       6833a62d5e16dc9a7478bb1a905508b2d4b2b22c
                       3388723314bc150a0f80b4bd81769c07951cc459
                       0c7eebc1e5072a188b23538a0bda790784052c13
                       32c0c14a6cb0cc38106e542681c728fedb35966c
                       0bdc1e35310436e04b6ef8071623bc94
       Extensions: 
                       critical(false) 2.5.29.17 value = Sequence
    Tagged [7] IMPLICIT 
        DER Octet String[4] 
    Tagged [2] IMPLICIT 
        DER Octet String[64] 

                       critical(true) BasicConstraints: isCa(true)
                       critical(true) KeyUsage: 0xbe
 from file: /tmp/junit2525868181649695607/junit6389685893070886226/scm-meta/scm/sub-ca/certs/2008774227280.crt.
2023-09-14 11:49:44,612 [Time-limited test] INFO  client.SCMCertificateClient (DefaultCertificateClient.java:readCertificateFile(237)) - Added certificate   [0]         Version: 3
         SerialNumber: 1
             IssuerDN: CN=scm-1@fv-az240-193,OU=38310232-b46d-4c2a-b8cb-ec0473d3baa3,O=bb77cd61-b143-4a2a-b2ee-eab336344e64
           Start Date: Thu Sep 14 11:49:44 UTC 2023
           Final Date: Sun Oct 22 11:49:44 UTC 2028
            SubjectDN: CN=scm-1@fv-az240-193,OU=38310232-b46d-4c2a-b8cb-ec0473d3baa3,O=bb77cd61-b143-4a2a-b2ee-eab336344e64
           Public Key: RSA Public Key [92:d0:45:f3:d6:58:fa:69:1c:02:0b:c1:82:31:10:3b:e9:57:5f:44],[56:66:d1:a4]
        modulus: ea23abb378b33ab436eccf05dd6a7ac717635633f590ddde2eca8f532f958a17ecde19ba54aa118845b1bbd7e2a8ec3666a9b0f8ce896e242a45c2965aa23f07887a34a9321b8eaad65f6b9a3a41fd95686c2eb723c4df8d23802d646e2b96baf0099d48f3988b8db3092007051a1834d98b1d6077513397d3e4930fe473ecbabbccf1d461658c0ba4dfcf9ec975d31c78747839e8cb26c4d8c7345dabfff235bba8c364eb82298c6767a19489336f880f8a398a08ed065761dca2650c3a450d1a690aacc9e679ace89a2ca04fafcff46624e64591e6e6b1aa07fc561b02f57398c76dd7bb241277e611305d22c342a753b8a5fe5e8d26b8bd4afccb31a4329f
public exponent: 10001

  Signature Algorithm: SHA256WITHRSA
            Signature: 287eca899adc169fb2609651dda4af1b3260668a
                       8c57d58d4556c39efdbef25ca277c118214d9eab
                       5a2dd6667cbd49362232c1e1d1c48a9555259e24
                       5e8854456bf28809f91b6adceb79637a61b34fcb
                       58f1b40e4472e9221596b45fd6e3622988c6e844
                       bcbcfaa97ef4e710ce1081461d39268573be2c13
                       f33790c0e74a6cc347fa00afd753b0f1930867f3
                       9376934afacebf13aed08b3922c1648a73f2c5a0
                       e7e1071b1abc0d7f158518cfe0fb41d25539de96
                       080edde946c92cc83564d37012daa7e14f75f431
                       6c44b24c4bfc1cde7b877d26681158d95242548c
                       61b32115d691b22051393b4a818331127ba0d5cc
                       53b6f63bb96987be38494c9df399f6a9
       Extensions: 
                       critical(true) BasicConstraints: isCa(true)
                       critical(true) KeyUsage: 0x6
                       critical(false) 2.5.29.17 value = Sequence
    Tagged [7] IMPLICIT 
        DER Octet String[4] 
    Tagged [2] IMPLICIT 
        DER Octet String[64] 

 from file: /tmp/junit2525868181649695607/junit6389685893070886226/scm-meta/scm/sub-ca/certs/CA-1.crt.
2023-09-14 11:49:44,612 [Time-limited test] INFO  client.SCMCertificateClient (DefaultCertificateClient.java:loadAllCertificates(191)) - CertificateRenewerService and root ca rotation polling is disabled for scm/sub-ca
2023-09-14 11:49:44,612 [Time-limited test] WARN  utils.HAUtils (HAUtils.java:getMetaDir(339)) - ozone.scm.db.dirs is not configured. We recommend adding this setting. Falling back to ozone.metadata.dirs instead.
2023-09-14 11:49:44,613 [Time-limited test] WARN  db.DBStoreBuilder (DBStoreBuilder.java:applyDBDefinition(166)) - ozone.scm.db.dirs is not configured. We recommend adding this setting. Falling back to ozone.metadata.dirs instead.
2023-09-14 11:49:44,709 [Time-limited test] INFO  net.NodeSchemaLoader (NodeSchemaLoader.java:loadSchemaFromFile(129)) - Loading schema from [jar:file:/home/runner/.m2/repository/org/apache/ozone/hdds-common/1.4.0-SNAPSHOT/hdds-common-1.4.0-SNAPSHOT.jar!/network-topology-default.xml]
2023-09-14 11:49:44,709 [Time-limited test] INFO  net.NodeSchemaLoader (NodeSchemaLoader.java:loadSchema(176)) - Loading network topology layer schema file
2023-09-14 11:49:44,712 [Time-limited test] INFO  upgrade.AbstractLayoutVersionManager (AbstractLayoutVersionManager.java:init(83)) - Initializing Layout version manager with metadata layout = HADOOP_PRC_PORTS_IN_DATANODEDETAILS (version = 7), software layout = HADOOP_PRC_PORTS_IN_DATANODEDETAILS (version = 7)
2023-09-14 11:49:44,715 [Time-limited test] INFO  ha.SequenceIdGenerator (SequenceIdGenerator.java:upgradeToSequenceId(365)) - upgrade localId to 111677748019200000
2023-09-14 11:49:44,716 [Time-limited test] INFO  ha.SequenceIdGenerator (SequenceIdGenerator.java:upgradeToSequenceId(375)) - upgrade delTxnId to 0
2023-09-14 11:49:44,717 [Time-limited test] INFO  ha.SequenceIdGenerator (SequenceIdGenerator.java:upgradeToSequenceId(392)) - upgrade containerId to 0
2023-09-14 11:49:44,717 [Time-limited test] INFO  ha.SequenceIdGenerator (SequenceIdGenerator.java:upgradeToSequenceId(428)) - upgrade rootCertificateId to 1
2023-09-14 11:49:44,717 [Time-limited test] INFO  ha.SequenceIdGenerator (SequenceIdGenerator.java:<init>(236)) - Init the HA SequenceIdGenerator.
2023-09-14 11:49:44,719 [Time-limited test] INFO  node.SCMNodeManager (SCMNodeManager.java:<init>(157)) - Entering startup safe mode.
2023-09-14 11:49:44,722 [Time-limited test] INFO  algorithms.ContainerPlacementPolicyFactory (ContainerPlacementPolicyFactory.java:getPolicyInternal(86)) - Create container placement policy of type org.apache.hadoop.hdds.scm.container.placement.algorithms.SCMContainerPlacementRackAware
2023-09-14 11:49:44,722 [Time-limited test] INFO  algorithms.ContainerPlacementPolicyFactory (ContainerPlacementPolicyFactory.java:getPolicyInternal(86)) - Create container placement policy of type org.apache.hadoop.hdds.scm.container.placement.algorithms.SCMContainerPlacementRackScatter
2023-09-14 11:49:44,723 [Time-limited test] INFO  pipeline.PipelineStateManagerImpl (PipelineStateManagerImpl.java:initialize(78)) - No pipeline exists in current db
2023-09-14 11:49:44,723 [Time-limited test] INFO  algorithms.LeaderChoosePolicyFactory (LeaderChoosePolicyFactory.java:getPolicy(57)) - Create leader choose policy of type org.apache.hadoop.hdds.scm.pipeline.leader.choose.algorithms.MinLeaderCountChoosePolicy
2023-09-14 11:49:44,723 [Time-limited test] INFO  algorithms.ContainerPlacementPolicyFactory (ContainerPlacementPolicyFactory.java:getPolicyInternal(86)) - Create container placement policy of type org.apache.hadoop.hdds.scm.container.placement.algorithms.SCMContainerPlacementRackScatter
2023-09-14 11:49:44,723 [Time-limited test] INFO  ha.SCMServiceManager (SCMServiceManager.java:register(42)) - Registering service BackgroundPipelineCreator.
2023-09-14 11:49:44,724 [Time-limited test] INFO  pipeline.BackgroundPipelineCreator (BackgroundPipelineCreator.java:start(124)) - Starting RatisPipelineUtilsThread.
2023-09-14 11:49:44,724 [Time-limited test] INFO  BackgroundPipelineScrubber (BackgroundSCMService.java:start(68)) - Starting BackgroundPipelineScrubber Service.
2023-09-14 11:49:44,724 [Time-limited test] INFO  ha.SCMServiceManager (SCMServiceManager.java:register(42)) - Registering service BackgroundPipelineScrubber.
2023-09-14 11:49:44,724 [Time-limited test] INFO  ExpiredContainerReplicaOpScrubber (BackgroundSCMService.java:start(68)) - Starting ExpiredContainerReplicaOpScrubber Service.
2023-09-14 11:49:44,724 [Time-limited test] INFO  ha.SCMServiceManager (SCMServiceManager.java:register(42)) - Registering service ExpiredContainerReplicaOpScrubber.
2023-09-14 11:49:44,725 [Time-limited test] INFO  algorithms.PipelineChoosePolicyFactory (PipelineChoosePolicyFactory.java:createPipelineChoosePolicyFromClass(78)) - Create pipeline choose policy of type org.apache.hadoop.hdds.scm.pipeline.choose.algorithms.RandomPipelineChoosePolicy
2023-09-14 11:49:44,726 [Time-limited test] INFO  algorithms.PipelineChoosePolicyFactory (PipelineChoosePolicyFactory.java:createPipelineChoosePolicyFromClass(78)) - Create pipeline choose policy of type org.apache.hadoop.hdds.scm.pipeline.choose.algorithms.RandomPipelineChoosePolicy
2023-09-14 11:49:44,726 [Time-limited test] INFO  ha.SCMServiceManager (SCMServiceManager.java:register(42)) - Registering service SCMBlockDeletingService.
2023-09-14 11:49:44,733 [Time-limited test] INFO  replication.ReplicationManager (ReplicationManager.java:start(291)) - Starting Replication Monitor Thread.
2023-09-14 11:49:44,734 [Time-limited test] INFO  ha.SCMServiceManager (SCMServiceManager.java:register(42)) - Registering service ReplicationManager.
2023-09-14 11:49:44,734 [ReplicationMonitor] INFO  replication.ReplicationManager (ReplicationManager.java:processAll(365)) - Replication Manager is not ready to run until 300000ms after safemode exit
2023-09-14 11:49:44,734 [Time-limited test] INFO  safemode.ContainerSafeModeRule (ContainerSafeModeRule.java:<init>(90)) - containers with one replica threshold count 0
2023-09-14 11:49:44,735 [Time-limited test] INFO  safemode.HealthyPipelineSafeModeRule (HealthyPipelineSafeModeRule.java:initializeRule(169)) - Total pipeline count is 0, healthy pipeline threshold count is 0
2023-09-14 11:49:44,736 [Time-limited test] INFO  safemode.OneReplicaPipelineSafeModeRule (OneReplicaPipelineSafeModeRule.java:initializeRule(180)) - Total pipeline count is 0, pipeline's with at least one datanode reported threshold count is 0
2023-09-14 11:49:44,737 [Time-limited test] INFO  authority.DefaultCAServer (DefaultCAServer.java:lambda$processVerificationStatus$0(472)) - CertificateServer validation is successful
2023-09-14 11:49:44,737 [Time-limited test] INFO  authority.DefaultCAServer (DefaultCAServer.java:lambda$processVerificationStatus$0(472)) - CertificateServer validation is successful
2023-09-14 11:49:44,738 [Time-limited test] INFO  server.StorageContainerManager (StorageContainerManager.java:persistPrimarySCMCerts(932)) - Storing sub-ca certificate serialId 2008774227280 on primary SCM
2023-09-14 11:49:44,739 [Time-limited test] INFO  server.SCMCertStore (SCMCertStore.java:storeValidScmCertificate(122)) - Scm certificate 2008774227280 for CN=scm-sub-2008770818221@fv-az240-193,OU=38310232-b46d-4c2a-b8cb-ec0473d3baa3,O=bb77cd61-b143-4a2a-b2ee-eab336344e64 is stored
2023-09-14 11:49:44,739 [Time-limited test] INFO  server.StorageContainerManager (StorageContainerManager.java:persistPrimarySCMCerts(940)) - Storing root certificate serialId 1
2023-09-14 11:49:44,740 [Time-limited test] INFO  server.SCMCertStore (SCMCertStore.java:storeValidScmCertificate(122)) - Scm certificate 1 for CN=scm-1@fv-az240-193,OU=38310232-b46d-4c2a-b8cb-ec0473d3baa3,O=bb77cd61-b143-4a2a-b2ee-eab336344e64 is stored
2023-09-14 11:49:44,740 [Time-limited test] INFO  ipc.CallQueueManager (CallQueueManager.java:<init>(90)) - Using callQueue: class java.util.concurrent.LinkedBlockingQueue, queueCapacity: 200, scheduler: class org.apache.hadoop.ipc.DefaultRpcScheduler, ipcBackoff: false.
2023-09-14 11:49:44,741 [Time-limited test] INFO  ipc.Server (Server.java:<init>(1287)) - Listener at 0.0.0.0:9961
2023-09-14 11:49:44,750 [Socket Reader #1 for port 9961] INFO  ipc.Server (Server.java:run(1323)) - Starting Socket Reader #1 for port 9961
2023-09-14 11:49:44,751 [Time-limited test] INFO  server.StorageContainerManager (StorageContainerManager.java:<init>(425)) - SCM start with adminUsers: [om/fv-az240-193.bcold04rutgefduts2gkrghvsa.bx.internal.cloudapp.net@EXAMPLE.COM, scm]
2023-09-14 11:49:44,752 [Time-limited test] INFO  ipc.CallQueueManager (CallQueueManager.java:<init>(90)) - Using callQueue: class java.util.concurrent.LinkedBlockingQueue, queueCapacity: 10000, scheduler: class org.apache.hadoop.ipc.DefaultRpcScheduler, ipcBackoff: false.
2023-09-14 11:49:44,752 [Time-limited test] INFO  ipc.Server (Server.java:<init>(1287)) - Listener at 0.0.0.0:9861
2023-09-14 11:49:44,755 [Socket Reader #1 for port 9861] INFO  ipc.Server (Server.java:run(1323)) - Starting Socket Reader #1 for port 9861
2023-09-14 11:49:44,756 [Time-limited test] INFO  ipc.CallQueueManager (CallQueueManager.java:<init>(90)) - Using callQueue: class java.util.concurrent.LinkedBlockingQueue, queueCapacity: 10000, scheduler: class org.apache.hadoop.ipc.DefaultRpcScheduler, ipcBackoff: false.
2023-09-14 11:49:44,756 [Time-limited test] INFO  ipc.Server (Server.java:<init>(1287)) - Listener at 0.0.0.0:9863
2023-09-14 11:49:44,756 [Socket Reader #1 for port 9863] INFO  ipc.Server (Server.java:run(1323)) - Starting Socket Reader #1 for port 9863
2023-09-14 11:49:44,757 [Time-limited test] INFO  ipc.CallQueueManager (CallQueueManager.java:<init>(90)) - Using callQueue: class java.util.concurrent.LinkedBlockingQueue, queueCapacity: 10000, scheduler: class org.apache.hadoop.ipc.DefaultRpcScheduler, ipcBackoff: false.
2023-09-14 11:49:44,757 [Time-limited test] INFO  ipc.Server (Server.java:<init>(1287)) - Listener at 0.0.0.0:9860
2023-09-14 11:49:44,758 [Socket Reader #1 for port 9860] INFO  ipc.Server (Server.java:run(1323)) - Starting Socket Reader #1 for port 9860
2023-09-14 11:49:44,774 [Time-limited test] INFO  ha.SCMServiceManager (SCMServiceManager.java:register(42)) - Registering service ContainerBalancer.
2023-09-14 11:49:44,774 [Time-limited test] INFO  server.StorageContainerManager (StorageContainerManager.java:<init>(438)) - 
Container Balancer status:
Key                            Value
Running                        false
Container Balancer Configuration values:
Key                                                Value
Threshold                                          10
Max Datanodes to Involve per Iteration(percent)    20
Max Size to Move per Iteration                     500GB
Max Size Entering Target per Iteration             26GB
Max Size Leaving Source per Iteration              26GB
Number of Iterations                               10
Time Limit for Single Container's Movement         65min
Time Limit for Single Container's Replication      50min
Interval between each Iteration                    70min
Whether to Enable Network Topology                 false
Whether to Trigger Refresh Datanode Usage Info     false
Container IDs to Exclude from Balancing            None
Datanodes Specified to be Balanced                 None
Datanodes Excluded from Balancing                  None

2023-09-14 11:49:44,774 [Time-limited test] INFO  ha.SCMContext (SCMContext.java:updateSafeModeStatus(228)) - Update SafeModeStatus from SafeModeStatus{safeModeStatus=true, preCheckPassed=false} to SafeModeStatus{safeModeStatus=true, preCheckPassed=false}.
2023-09-14 11:49:44,775 [Time-limited test] WARN  server.ServerUtils (ServerUtils.java:getDBPath(311)) - ozone.om.db.dirs is not configured. We recommend adding this setting. Falling back to ozone.metadata.dirs instead.
2023-09-14 11:49:44,777 [Time-limited test] INFO  ha.OMHANodeDetails (OMHANodeDetails.java:loadOMHAConfig(115)) - ozone.om.internal.service.id is not defined, falling back to ozone.om.service.ids to find serviceID for OzoneManager if it is HA enabled cluster
2023-09-14 11:49:44,777 [Time-limited test] INFO  ha.OMHANodeDetails (OMHANodeDetails.java:loadOMHAConfig(226)) - Configuration does not have ozone.om.address set. Falling back to the default OM address fv-az240-193.bcold04rutgefduts2gkrghvsa.bx.internal.cloudapp.net/10.1.136.0:1202
2023-09-14 11:49:44,777 [Time-limited test] INFO  ha.OMHANodeDetails (OMHANodeDetails.java:getOMNodeDetailsForNonHA(254)) - OM Service ID is not set. Setting it to the default ID: omServiceIdDefault
2023-09-14 11:49:44,777 [Time-limited test] INFO  ha.OMHANodeDetails (OMHANodeDetails.java:getOMNodeDetailsForNonHA(261)) - OM Node ID is not set. Setting it to the default ID: om1
2023-09-14 11:49:44,777 [Time-limited test] WARN  server.ServerUtils (ServerUtils.java:getDBPath(311)) - ozone.om.db.dirs is not configured. We recommend adding this setting. Falling back to ozone.metadata.dirs instead.
2023-09-14 11:49:44,778 [Time-limited test] INFO  upgrade.AbstractLayoutVersionManager (AbstractLayoutVersionManager.java:init(83)) - Initializing Layout version manager with metadata layout = QUOTA (version = 6), software layout = QUOTA (version = 6)
2023-09-14 11:49:44,862 [Time-limited test] INFO  reflections.Reflections (Reflections.java:scan(232)) - Reflections took 83 ms to scan 2 urls, producing 187 keys and 515 values [using 2 cores]
2023-09-14 11:49:44,862 [Time-limited test] INFO  upgrade.OMLayoutVersionManager (OMLayoutVersionManager.java:lambda$0(115)) - Skipping Upgrade Action MockOmUpgradeAction since it has been finalized.
2023-09-14 11:49:44,863 [Time-limited test] INFO  upgrade.OMLayoutVersionManager (OMLayoutVersionManager.java:lambda$0(115)) - Skipping Upgrade Action QuotaRepairUpgradeAction since it has been finalized.
2023-09-14 11:49:44,865 [pool-267-thread-2] INFO  request.KdcRequest (KdcRequest.java:preauth(651)) - The preauth data is empty.
2023-09-14 11:49:44,866 [pool-267-thread-2] INFO  server.KdcHandler (KdcHandler.java:handleRecoverableException(177)) - KRB error occurred while processing request:Additional pre-authentication required
2023-09-14 11:49:44,872 [pool-267-thread-2] INFO  request.AsRequest (AsRequest.java:issueTicket(112)) - AS_REQ ISSUE: authtime 1694692184871,om/fv-az240-193.bcold04rutgefduts2gkrghvsa.bx.internal.cloudapp.net@EXAMPLE.COM for krbtgt/EXAMPLE.COM@EXAMPLE.COM
2023-09-14 11:49:44,873 [Time-limited test] INFO  security.UserGroupInformation (UserGroupInformation.java:loginUserFromKeytab(1132)) - Login successful for user om/fv-az240-193.bcold04rutgefduts2gkrghvsa.bx.internal.cloudapp.net@EXAMPLE.COM using keytab file om.keytab. Keytab auto renewal enabled : false
2023-09-14 11:49:44,873 [Time-limited test] INFO  om.OzoneManager (OzoneManager.java:loginOMUser(1164)) - Ozone Manager login successful.
2023-09-14 11:49:44,873 [Time-limited test] WARN  server.ServerUtils (ServerUtils.java:getDBPath(311)) - ozone.om.db.dirs is not configured. We recommend adding this setting. Falling back to ozone.metadata.dirs instead.
2023-09-14 11:49:44,875 [Time-limited test] INFO  proxy.SCMBlockLocationFailoverProxyProvider (SCMBlockLocationFailoverProxyProvider.java:<init>(114)) - Created block location fail-over proxy with 1 nodes: [nodeId=scmNodeId,nodeAddress=/0.0.0.0:9863]
2023-09-14 11:49:44,876 [Time-limited test] INFO  om.OzoneManager (OzoneManager.java:getOmDetailsProto(4573)) - OzoneManager ports added:[name: "RPC"
value: 1202
]
2023-09-14 11:49:44,877 [Time-limited test] INFO  security.OMCertificateClient (DefaultCertificateClient.java:updateCertSerialId(1244)) - Certificate serial ID set to 9879877970576
2023-09-14 11:49:44,877 [Time-limited test] WARN  security.OMCertificateClient (DefaultCertificateClient.java:loadAllCertificates(173)) - Certificates could not be loaded.
java.nio.file.NoSuchFileException: /tmp/junit2525868181649695607/junit6389685893070886226/scm-meta/om/certs
	at sun.nio.fs.UnixException.translateToIOException(UnixException.java:86)
	at sun.nio.fs.UnixException.rethrowAsIOException(UnixException.java:102)
	at sun.nio.fs.UnixException.rethrowAsIOException(UnixException.java:107)
	at sun.nio.fs.UnixFileSystemProvider.newDirectoryStream(UnixFileSystemProvider.java:427)
	at java.nio.file.Files.newDirectoryStream(Files.java:457)
	at java.nio.file.Files.list(Files.java:3451)
	at org.apache.hadoop.hdds.security.x509.certificate.client.DefaultCertificateClient.loadAllCertificates(DefaultCertificateClient.java:168)
	at org.apache.hadoop.hdds.security.x509.certificate.client.DefaultCertificateClient.updateCertSerialId(DefaultCertificateClient.java:1245)
	at org.apache.hadoop.hdds.security.x509.certificate.client.DefaultCertificateClient.<init>(DefaultCertificateClient.java:157)
	at org.apache.hadoop.hdds.security.x509.certificate.client.CommonCertificateClient.<init>(CommonCertificateClient.java:49)
	at org.apache.hadoop.ozone.security.OMCertificateClient.<init>(OMCertificateClient.java:68)
	at org.apache.hadoop.ozone.om.OzoneManager.<init>(OzoneManager.java:643)
	at org.apache.hadoop.ozone.om.OzoneManager.createOm(OzoneManager.java:757)
	at org.apache.hadoop.ozone.TestSecureOzoneCluster.setupOm(TestSecureOzoneCluster.java:701)
	at org.apache.hadoop.ozone.TestSecureOzoneCluster.testSecureOmInitializationSuccess(TestSecureOzoneCluster.java:544)
	at sun.reflect.NativeMethodAccessorImpl.invoke0(Native Method)
	at sun.reflect.NativeMethodAccessorImpl.invoke(NativeMethodAccessorImpl.java:62)
	at sun.reflect.DelegatingMethodAccessorImpl.invoke(DelegatingMethodAccessorImpl.java:43)
	at java.lang.reflect.Method.invoke(Method.java:498)
	at org.junit.runners.model.FrameworkMethod$1.runReflectiveCall(FrameworkMethod.java:59)
	at org.junit.internal.runners.model.ReflectiveCallable.run(ReflectiveCallable.java:12)
	at org.junit.runners.model.FrameworkMethod.invokeExplosively(FrameworkMethod.java:56)
	at org.junit.internal.runners.statements.InvokeMethod.evaluate(InvokeMethod.java:17)
	at org.junit.internal.runners.statements.RunBefores.evaluate(RunBefores.java:26)
	at org.junit.internal.runners.statements.RunAfters.evaluate(RunAfters.java:27)
	at org.junit.rules.ExternalResource$1.evaluate(ExternalResource.java:54)
	at org.junit.internal.runners.statements.FailOnTimeout$CallableStatement.call(FailOnTimeout.java:288)
	at org.junit.internal.runners.statements.FailOnTimeout$CallableStatement.call(FailOnTimeout.java:282)
	at java.util.concurrent.FutureTask.run(FutureTask.java:266)
	at java.lang.Thread.run(Thread.java:750)
2023-09-14 11:49:44,879 [Time-limited test] INFO  om.OzoneManager (OzoneManager.java:<init>(665)) - OM start with adminUsers: [om/fv-az240-193.bcold04rutgefduts2gkrghvsa.bx.internal.cloudapp.net@EXAMPLE.COM, om]
2023-09-14 11:49:44,880 [Time-limited test] WARN  server.ServerUtils (ServerUtils.java:getDBPath(311)) - ozone.om.db.dirs is not configured. We recommend adding this setting. Falling back to ozone.metadata.dirs instead.
2023-09-14 11:49:44,881 [Time-limited test] INFO  helpers.OmKeyInfo (OmKeyInfo.java:getCodec(71)) - OmKeyInfo.getCodec ignorePipeline = true
2023-09-14 11:49:45,046 [Time-limited test] INFO  om.OzoneManager (OzoneManager.java:instantiateServices(794)) - S3 Multi-Tenancy is disabled
2023-09-14 11:49:45,046 [Time-limited test] INFO  security.OzoneSecretStore (OzoneSecretStore.java:loadState(69)) - Loaded 0 tokens
2023-09-14 11:49:45,046 [Time-limited test] INFO  security.OzoneDelegationTokenSecretManager (OzoneDelegationTokenSecretManager.java:loadTokenSecretState(530)) - Loading token state into token manager.
2023-09-14 11:49:45,046 [Time-limited test] INFO  om.OmSnapshotManager (OmSnapshotManager.java:<init>(174)) - Ozone filesystem snapshot feature is enabled.
2023-09-14 11:49:45,046 [Time-limited test] WARN  server.ServerUtils (ServerUtils.java:getDBPath(311)) - ozone.om.snapshot.diff.db.dir is not configured. We recommend adding this setting. Falling back to ozone.metadata.dirs instead.
2023-09-14 11:49:45,063 [Time-limited test] INFO  snapshot.SnapshotDiffManager (SnapshotDiffManager.java:closeExecutorService(1706)) - Shutting down executorService: 'SstDumpToolExecutor'
2023-09-14 11:49:45,067 [Time-limited test] INFO  om.OzoneManager (OzoneManager.java:addS3GVolumeToDB(4305)) - Created Volume s3v With Owner om required for S3Gateway operations.
2023-09-14 11:49:45,067 [Time-limited test] WARN  server.ServerUtils (ServerUtils.java:getDefaultRatisDirectory(323)) - Storage directory for Ratis is not configured. It is a good idea to map this to an SSD disk. Falling back to ozone.metadata.dirs
2023-09-14 11:49:45,067 [Time-limited test] WARN  utils.OzoneManagerRatisUtils (OzoneManagerRatisUtils.java:getOMRatisSnapshotDirectory(464)) - ozone.om.ratis.snapshot.dir is not configured. Falling back to ozone.metadata.dirs config
2023-09-14 11:49:45,068 [Time-limited test] WARN  server.ServerUtils (ServerUtils.java:getDefaultRatisDirectory(323)) - Storage directory for Ratis is not configured. It is a good idea to map this to an SSD disk. Falling back to ozone.metadata.dirs
2023-09-14 11:49:45,070 [Time-limited test] INFO  ratis.OzoneManagerRatisServer (OzoneManagerRatisServer.java:<init>(163)) - Instantiating OM Ratis server with groupID: omServiceIdDefault and peers: fv-az240-193.bcold04rutgefduts2gkrghvsa.bx.internal.cloudapp.net:9872
2023-09-14 11:49:45,071 [Time-limited test] INFO  ratis.OzoneManagerStateMachine (OzoneManagerStateMachine.java:loadSnapshotInfoFromDB(687)) - LastAppliedIndex is set from TransactionInfo from OM DB as (t:0, i:~)
2023-09-14 11:49:45,073 [Time-limited test] INFO  server.RaftServer (ConfUtils.java:logGet(46)) - raft.rpc.type = GRPC (default)
2023-09-14 11:49:45,073 [Time-limited test] INFO  grpc.GrpcConfigKeys (ConfUtils.java:logFallback(53)) - raft.grpc.admin.host = null (fallback to raft.grpc.server.host)
2023-09-14 11:49:45,073 [Time-limited test] INFO  grpc.GrpcConfigKeys (ConfUtils.java:logFallback(53)) - raft.grpc.admin.port = 9872 (fallback to raft.grpc.server.port)
2023-09-14 11:49:45,073 [Time-limited test] INFO  grpc.GrpcConfigKeys (ConfUtils.java:logFallback(53)) - raft.grpc.client.host = null (fallback to raft.grpc.server.host)
2023-09-14 11:49:45,073 [Time-limited test] INFO  grpc.GrpcConfigKeys (ConfUtils.java:logFallback(53)) - raft.grpc.client.port = 9872 (fallback to raft.grpc.server.port)
2023-09-14 11:49:45,073 [Time-limited test] INFO  grpc.GrpcConfigKeys (ConfUtils.java:logGet(46)) - raft.grpc.server.host = null (default)
2023-09-14 11:49:45,073 [Time-limited test] INFO  grpc.GrpcConfigKeys (ConfUtils.java:logGet(46)) - raft.grpc.server.port = 9872 (custom)
2023-09-14 11:49:45,073 [Time-limited test] INFO  server.GrpcService (ConfUtils.java:logGet(46)) - raft.grpc.message.size.max = 33554432 (custom)
2023-09-14 11:49:45,073 [Time-limited test] INFO  server.RaftServerConfigKeys (ConfUtils.java:logGet(46)) - raft.server.log.appender.buffer.byte-limit = 33554432 (custom)
2023-09-14 11:49:45,073 [Time-limited test] INFO  server.GrpcService (ConfUtils.java:logGet(46)) - raft.grpc.flow.control.window = 1MB (=1048576) (default)
2023-09-14 11:49:45,073 [Time-limited test] INFO  server.RaftServerConfigKeys (ConfUtils.java:logGet(46)) - raft.server.rpc.request.timeout = 3000ms (default)
2023-09-14 11:49:45,074 [Time-limited test] INFO  grpc.GrpcConfigKeys (ConfUtils.java:logGet(46)) - raft.grpc.server.heartbeat.channel = true (default)
2023-09-14 11:49:45,074 [Time-limited test] INFO  grpc.GrpcConfigKeys (ConfUtils.java:logGet(46)) - raft.grpc.server.async.request.thread.pool.cached = true (default)
2023-09-14 11:49:45,074 [Time-limited test] INFO  grpc.GrpcConfigKeys (ConfUtils.java:logGet(46)) - raft.grpc.server.async.request.thread.pool.size = 32 (default)
2023-09-14 11:49:45,075 [Time-limited test] INFO  impl.DataStreamServerImpl (ConfUtils.java:logGet(46)) - raft.datastream.type = DISABLED (default)
2023-09-14 11:49:45,075 [Time-limited test] INFO  server.RaftServerConfigKeys (ConfUtils.java:logGet(46)) - raft.server.threadpool.proxy.cached = true (default)
2023-09-14 11:49:45,075 [Time-limited test] INFO  server.RaftServerConfigKeys (ConfUtils.java:logGet(46)) - raft.server.threadpool.proxy.size = 0 (default)
2023-09-14 11:49:45,075 [Time-limited test] INFO  server.RaftServerConfigKeys (ConfUtils.java:logGet(46)) - raft.server.rpc.slowness.timeout = 120s (custom)
2023-09-14 11:49:45,075 [Time-limited test] INFO  server.RaftServerConfigKeys (ConfUtils.java:logGet(46)) - raft.server.leaderelection.leader.step-down.wait-time = 10s (default)
2023-09-14 11:49:45,075 [Time-limited test] INFO  server.RaftServerConfigKeys (ConfUtils.java:logGet(46)) - raft.server.storage.dir = [/tmp/junit2525868181649695607/junit6389685893070886226/scm-meta/ratis] (custom)
2023-09-14 11:49:45,076 [Time-limited test] INFO  server.RaftServer (RaftServerProxy.java:addNew(98)) - om1: addNew group-C5BA1605619E:[om1|rpc:fv-az240-193.bcold04rutgefduts2gkrghvsa.bx.internal.cloudapp.net:9872|priority:0|startupRole:FOLLOWER] returns group-C5BA1605619E:java.util.concurrent.CompletableFuture@f805ede[Not completed]
2023-09-14 11:49:45,076 [Time-limited test] INFO  om.OzoneManager (OzoneManager.java:initializeRatisServer(2148)) - OzoneManager Ratis server initialized at port 9872
2023-09-14 11:49:45,076 [Time-limited test] INFO  om.OzoneManager (OzoneManager.java:getRpcServer(1196)) - Creating RPC Server
2023-09-14 11:49:45,077 [om1-groupManagement] INFO  server.RaftServer$Division (RaftServerImpl.java:<init>(198)) - om1: new RaftServerImpl for group-C5BA1605619E:[om1|rpc:fv-az240-193.bcold04rutgefduts2gkrghvsa.bx.internal.cloudapp.net:9872|priority:0|startupRole:FOLLOWER] with OzoneManagerStateMachine:uninitialized
2023-09-14 11:49:45,078 [om1-groupManagement] INFO  server.RaftServerConfigKeys (ConfUtils.java:logGet(46)) - raft.server.rpc.timeout.min = 5s (custom)
2023-09-14 11:49:45,078 [om1-groupManagement] INFO  server.RaftServerConfigKeys (ConfUtils.java:logGet(46)) - raft.server.rpc.timeout.max = 5200ms (custom)
2023-09-14 11:49:45,078 [om1-groupManagement] INFO  server.RaftServerConfigKeys (ConfUtils.java:logGet(46)) - raft.server.rpc.sleep.time = 25ms (default)
2023-09-14 11:49:45,078 [om1-groupManagement] INFO  server.RaftServerConfigKeys (ConfUtils.java:logGet(46)) - raft.server.rpc.slowness.timeout = 120s (custom)
2023-09-14 11:49:45,078 [om1-groupManagement] INFO  server.RaftServerConfigKeys (ConfUtils.java:logGet(46)) - raft.server.leaderelection.leader.step-down.wait-time = 10s (default)
2023-09-14 11:49:45,078 [om1-groupManagement] INFO  server.RaftServerConfigKeys (ConfUtils.java:logGet(46)) - raft.server.sleep.deviation.threshold = 300ms (default)
2023-09-14 11:49:45,078 [om1-groupManagement] INFO  server.RaftServer$Division (ServerState.java:<init>(120)) - om1@group-C5BA1605619E: ConfigurationManager, init=-1: peers:[om1|rpc:fv-az240-193.bcold04rutgefduts2gkrghvsa.bx.internal.cloudapp.net:9872|priority:0|startupRole:FOLLOWER]|listeners:[], old=null, confs=<EMPTY_MAP>
2023-09-14 11:49:45,078 [om1-groupManagement] INFO  server.RaftServerConfigKeys (ConfUtils.java:logGet(46)) - raft.server.storage.dir = [/tmp/junit2525868181649695607/junit6389685893070886226/scm-meta/ratis] (custom)
2023-09-14 11:49:45,078 [om1-groupManagement] INFO  server.RaftServerConfigKeys (ConfUtils.java:logGet(46)) - raft.server.log.corruption.policy = EXCEPTION (default)
2023-09-14 11:49:45,078 [om1-groupManagement] INFO  server.RaftServerConfigKeys (ConfUtils.java:logGet(46)) - raft.server.storage.free-space.min = 0MB (=0) (default)
2023-09-14 11:49:45,078 [om1-groupManagement] INFO  server.RaftServerConfigKeys (ConfUtils.java:logGet(46)) - raft.server.notification.no-leader.timeout = 120s (custom)
2023-09-14 11:49:45,078 [om1-groupManagement] INFO  server.RaftServerConfigKeys (ConfUtils.java:logGet(46)) - raft.server.read.timeout = 10s (default)
2023-09-14 11:49:45,078 [om1-groupManagement] INFO  server.RaftServerConfigKeys (ConfUtils.java:logGet(46)) - raft.server.retrycache.expirytime = 300s (custom)
2023-09-14 11:49:45,078 [om1-groupManagement] INFO  server.RaftServerConfigKeys (ConfUtils.java:logGet(46)) - raft.server.retrycache.statistics.expirytime = 100μs (default)
2023-09-14 11:49:45,078 [om1-groupManagement] INFO  server.RaftServerConfigKeys (ConfUtils.java:logGet(46)) - raft.server.read.option = DEFAULT (default)
2023-09-14 11:49:45,080 [om1-groupManagement] INFO  server.RaftServerConfigKeys (ConfUtils.java:logGet(46)) - raft.server.rpc.request.timeout = 3000ms (default)
2023-09-14 11:49:45,080 [om1-groupManagement] INFO  server.RaftServerConfigKeys (ConfUtils.java:logGet(46)) - raft.server.log.appender.install.snapshot.enabled = false (custom)
2023-09-14 11:49:45,080 [om1-groupManagement] INFO  server.RaftServerConfigKeys (ConfUtils.java:logGet(46)) - raft.server.threadpool.server.cached = true (default)
2023-09-14 11:49:45,080 [om1-groupManagement] INFO  server.RaftServerConfigKeys (ConfUtils.java:logGet(46)) - raft.server.threadpool.server.size = 0 (default)
2023-09-14 11:49:45,080 [om1-groupManagement] INFO  server.RaftServerConfigKeys (ConfUtils.java:logGet(46)) - raft.server.threadpool.client.cached = true (default)
2023-09-14 11:49:45,080 [om1-groupManagement] INFO  server.RaftServerConfigKeys (ConfUtils.java:logGet(46)) - raft.server.threadpool.client.size = 0 (default)
2023-09-14 11:49:45,532 [Time-limited test] INFO  reflections.Reflections (Reflections.java:scan(232)) - Reflections took 455 ms to scan 20 urls, producing 70 keys and 6001 values [using 2 cores]
2023-09-14 11:49:45,533 [Time-limited test] INFO  ipc.CallQueueManager (CallQueueManager.java:<init>(90)) - Using callQueue: class java.util.concurrent.LinkedBlockingQueue, queueCapacity: 10000, scheduler: class org.apache.hadoop.ipc.DefaultRpcScheduler, ipcBackoff: false.
2023-09-14 11:49:45,534 [Time-limited test] INFO  ipc.Server (Server.java:<init>(1287)) - Listener at fv-az240-193.bcold04rutgefduts2gkrghvsa.bx.internal.cloudapp.net:1202
2023-09-14 11:49:45,538 [Socket Reader #1 for port 1202] INFO  ipc.Server (Server.java:run(1323)) - Starting Socket Reader #1 for port 1202
2023-09-14 11:49:45,572 [Time-limited test] WARN  impl.MetricsConfig (MetricsConfig.java:loadFirst(136)) - Cannot locate configuration: tried hadoop-metrics2-ozonemanager.properties,hadoop-metrics2.properties
2023-09-14 11:49:45,573 [Time-limited test] INFO  impl.MetricsSystemImpl (MetricsSystemImpl.java:startTimer(378)) - Scheduled Metric snapshot period at 10 second(s).
2023-09-14 11:49:45,574 [Time-limited test] INFO  impl.MetricsSystemImpl (MetricsSystemImpl.java:start(191)) - OzoneManager metrics system started
2023-09-14 11:49:45,599 [Time-limited test] INFO  impl.MetricsSinkAdapter (MetricsSinkAdapter.java:start(204)) - Sink prometheus started
2023-09-14 11:49:45,600 [Time-limited test] INFO  impl.MetricsSystemImpl (MetricsSystemImpl.java:registerSink(305)) - Registered sink prometheus
2023-09-14 11:49:45,617 [Time-limited test] INFO  om.OzoneManager (OzoneManager.java:start(1633)) - OzoneManager RPC server is listening at fv-az240-193.bcold04rutgefduts2gkrghvsa.bx.internal.cloudapp.net/10.1.136.0:1202
2023-09-14 11:49:45,617 [Time-limited test] INFO  ratis.OzoneManagerRatisServer (OzoneManagerRatisServer.java:start(558)) - Starting OzoneManagerRatisServer om1 at port 9872
2023-09-14 11:49:45,618 [om1-impl-thread1] INFO  storage.RaftStorageDirectory (RaftStorageDirectoryImpl.java:analyzeStorage(137)) - The storage directory /tmp/junit2525868181649695607/junit6389685893070886226/scm-meta/ratis/bf265839-605b-3f16-9796-c5ba1605619e does not exist. Creating ...
2023-09-14 11:49:45,619 [om1-impl-thread1] INFO  storage.RaftStorageDirectory (RaftStorageDirectoryImpl.java:tryLock(231)) - Lock on /tmp/junit2525868181649695607/junit6389685893070886226/scm-meta/ratis/bf265839-605b-3f16-9796-c5ba1605619e/in_use.lock acquired by nodename 22754@fv-az240-193
2023-09-14 11:49:45,620 [om1-impl-thread1] INFO  storage.RaftStorage (RaftStorageImpl.java:format(96)) - Storage directory /tmp/junit2525868181649695607/junit6389685893070886226/scm-meta/ratis/bf265839-605b-3f16-9796-c5ba1605619e has been successfully formatted.
2023-09-14 11:49:45,620 [om1-impl-thread1] INFO  server.RaftServerConfigKeys (ConfUtils.java:logGet(46)) - raft.server.log.use.memory = false (default)
2023-09-14 11:49:45,621 [om1-impl-thread1] INFO  server.RaftServerConfigKeys (ConfUtils.java:logGet(46)) - raft.server.log.purge.gap = 1000000 (custom)
2023-09-14 11:49:45,621 [om1-impl-thread1] INFO  server.RaftServerConfigKeys (ConfUtils.java:logGet(46)) - raft.server.log.appender.buffer.byte-limit = 33554432 (custom)
2023-09-14 11:49:45,621 [om1-impl-thread1] INFO  server.RaftServerConfigKeys (ConfUtils.java:logGet(46)) - raft.server.log.statemachine.data.read.timeout = 1000ms (default)
2023-09-14 11:49:45,621 [om1-impl-thread1] INFO  server.RaftServerConfigKeys (ConfUtils.java:logGet(46)) - raft.server.log.purge.preservation.log.num = 0 (default)
2023-09-14 11:49:45,621 [om1-impl-thread1] INFO  server.RaftServerConfigKeys (ConfUtils.java:logGet(46)) - raft.server.log.segment.size.max = 4194304 (custom)
2023-09-14 11:49:45,621 [om1-impl-thread1] INFO  server.RaftServerConfigKeys (ConfUtils.java:logGet(46)) - raft.server.log.segment.cache.num.max = 2 (custom)
2023-09-14 11:49:45,621 [om1-impl-thread1] INFO  server.RaftServerConfigKeys (ConfUtils.java:logGet(46)) - raft.server.log.segment.cache.size.max = 200MB (=209715200) (default)
2023-09-14 11:49:45,621 [om1-impl-thread1] INFO  server.RaftServerConfigKeys (ConfUtils.java:logGet(46)) - raft.server.log.appender.buffer.byte-limit = 33554432 (custom)
2023-09-14 11:49:45,621 [om1-impl-thread1] INFO  segmented.SegmentedRaftLogWorker (SegmentedRaftLogWorker.java:<init>(188)) - new om1@group-C5BA1605619E-SegmentedRaftLogWorker for RaftStorageImpl:Storage Directory /tmp/junit2525868181649695607/junit6389685893070886226/scm-meta/ratis/bf265839-605b-3f16-9796-c5ba1605619e
2023-09-14 11:49:45,621 [om1-impl-thread1] INFO  server.RaftServerConfigKeys (ConfUtils.java:logGet(46)) - raft.server.log.queue.byte-limit = 64MB (=67108864) (default)
2023-09-14 11:49:45,621 [om1-impl-thread1] INFO  server.RaftServerConfigKeys (ConfUtils.java:logGet(46)) - raft.server.log.queue.element-limit = 4096 (default)
2023-09-14 11:49:45,621 [om1-impl-thread1] INFO  server.RaftServerConfigKeys (ConfUtils.java:logGet(46)) - raft.server.log.segment.size.max = 4194304 (custom)
2023-09-14 11:49:45,621 [om1-impl-thread1] INFO  server.RaftServerConfigKeys (ConfUtils.java:logGet(46)) - raft.server.log.preallocated.size = 4194304 (custom)
2023-09-14 11:49:45,622 [om1-impl-thread1] INFO  server.RaftServerConfigKeys (ConfUtils.java:logGet(46)) - raft.server.log.force.sync.num = 128 (default)
2023-09-14 11:49:45,622 [om1-impl-thread1] INFO  server.RaftServerConfigKeys (ConfUtils.java:logGet(46)) - raft.server.log.statemachine.data.sync = true (default)
2023-09-14 11:49:45,622 [om1-impl-thread1] INFO  server.RaftServerConfigKeys (ConfUtils.java:logGet(46)) - raft.server.log.statemachine.data.sync.timeout = 10s (default)
2023-09-14 11:49:45,622 [om1-impl-thread1] INFO  server.RaftServerConfigKeys (ConfUtils.java:logGet(46)) - raft.server.log.statemachine.data.sync.timeout.retry = -1 (default)
2023-09-14 11:49:45,622 [om1-impl-thread1] INFO  server.RaftServerConfigKeys (ConfUtils.java:logGet(46)) - raft.server.log.write.buffer.size = 64KB (=65536) (default)
2023-09-14 11:49:45,622 [om1-impl-thread1] INFO  server.RaftServerConfigKeys (ConfUtils.java:logGet(46)) - raft.server.log.appender.buffer.byte-limit = 33554432 (custom)
2023-09-14 11:49:45,627 [om1-impl-thread1] INFO  server.RaftServerConfigKeys (ConfUtils.java:logGet(46)) - raft.server.log.unsafe-flush.enabled = false (default)
2023-09-14 11:49:45,628 [om1-impl-thread1] INFO  server.RaftServerConfigKeys (ConfUtils.java:logGet(46)) - raft.server.log.async-flush.enabled = false (default)
2023-09-14 11:49:45,628 [om1-impl-thread1] INFO  server.RaftServerConfigKeys (ConfUtils.java:logGet(46)) - raft.server.log.statemachine.data.caching.enabled = false (default)
2023-09-14 11:49:45,628 [om1-impl-thread1] INFO  segmented.SegmentedRaftLogWorker (SegmentedRaftLogWorker.java:lambda$new$0(135)) - om1@group-C5BA1605619E-SegmentedRaftLogWorker: flushIndex: setUnconditionally 0 -> -1
2023-09-14 11:49:45,628 [om1-impl-thread1] INFO  segmented.SegmentedRaftLogWorker (SegmentedRaftLogWorker.java:lambda$new$0(135)) - om1@group-C5BA1605619E-SegmentedRaftLogWorker: safeCacheEvictIndex: setUnconditionally 0 -> -1
2023-09-14 11:49:45,629 [om1-impl-thread1] INFO  server.RaftServer$Division (RaftServerImpl.java:start(342)) - om1@group-C5BA1605619E: start as a follower, conf=-1: peers:[om1|rpc:fv-az240-193.bcold04rutgefduts2gkrghvsa.bx.internal.cloudapp.net:9872|priority:0|startupRole:FOLLOWER]|listeners:[], old=null
2023-09-14 11:49:45,629 [om1-impl-thread1] INFO  server.RaftServer$Division (RaftServerImpl.java:setRole(329)) - om1@group-C5BA1605619E: changes role from      null to FOLLOWER at term 0 for startAsFollower
2023-09-14 11:49:45,629 [om1-impl-thread1] INFO  impl.RoleInfo (RoleInfo.java:updateAndGet(139)) - om1: start om1@group-C5BA1605619E-FollowerState
2023-09-14 11:49:45,630 [om1-impl-thread1] INFO  util.JmxRegister (JmxRegister.java:tryRegister(44)) - Successfully registered JMX Bean with object name Ratis:service=RaftServer,group=group-C5BA1605619E,id=om1
2023-09-14 11:49:45,630 [om1-impl-thread1] INFO  server.RaftServerConfigKeys (ConfUtils.java:logGet(46)) - raft.server.snapshot.auto.trigger.enabled = true (custom)
2023-09-14 11:49:45,631 [om1-impl-thread1] INFO  server.RaftServerConfigKeys (ConfUtils.java:logGet(46)) - raft.server.snapshot.auto.trigger.threshold = 400000 (default)
2023-09-14 11:49:45,631 [om1-impl-thread1] INFO  server.RaftServerConfigKeys (ConfUtils.java:logGet(46)) - raft.server.snapshot.retention.file.num = -1 (default)
2023-09-14 11:49:45,631 [om1-impl-thread1] INFO  server.RaftServerConfigKeys (ConfUtils.java:logGet(46)) - raft.server.log.purge.upto.snapshot.index = true (custom)
2023-09-14 11:49:45,632 [om1@group-C5BA1605619E-FollowerState] INFO  server.RaftServerConfigKeys (ConfUtils.java:logFallback(53)) - raft.server.rpc.first-election.timeout.min = 5s (fallback to raft.server.rpc.timeout.min)
2023-09-14 11:49:45,632 [om1@group-C5BA1605619E-FollowerState] INFO  server.RaftServerConfigKeys (ConfUtils.java:logFallback(53)) - raft.server.rpc.first-election.timeout.max = 5200ms (fallback to raft.server.rpc.timeout.max)
2023-09-14 11:49:45,634 [Time-limited test] INFO  server.RaftServer (RaftServerProxy.java:startImpl(400)) - om1: start RPC server
2023-09-14 11:49:45,635 [Time-limited test] INFO  server.GrpcService (GrpcService.java:startImpl(302)) - om1: GrpcService started, listening on 9872
2023-09-14 11:49:45,639 [Time-limited test] ERROR om.OzoneManager (OzoneManager.java:startSecretManager(1090)) - Unable to read key pair for OM.
org.apache.hadoop.hdds.security.exception.OzoneSecurityException: Error reading keypair & certificate
	at org.apache.hadoop.hdds.security.x509.certificate.client.CertificateClient.assertValidKeysAndCertificate(CertificateClient.java:215)
	at org.apache.hadoop.ozone.om.OzoneManager.startSecretManager(OzoneManager.java:1088)
	at org.apache.hadoop.ozone.om.OzoneManager.startSecretManagerIfNecessary(OzoneManager.java:2299)
	at org.apache.hadoop.ozone.om.OzoneManager.start(OzoneManager.java:1643)
	at org.apache.hadoop.ozone.TestSecureOzoneCluster.testSecureOmInitializationSuccess(TestSecureOzoneCluster.java:546)
	at sun.reflect.NativeMethodAccessorImpl.invoke0(Native Method)
	at sun.reflect.NativeMethodAccessorImpl.invoke(NativeMethodAccessorImpl.java:62)
	at sun.reflect.DelegatingMethodAccessorImpl.invoke(DelegatingMethodAccessorImpl.java:43)
	at java.lang.reflect.Method.invoke(Method.java:498)
	at org.junit.runners.model.FrameworkMethod$1.runReflectiveCall(FrameworkMethod.java:59)
	at org.junit.internal.runners.model.ReflectiveCallable.run(ReflectiveCallable.java:12)
	at org.junit.runners.model.FrameworkMethod.invokeExplosively(FrameworkMethod.java:56)
	at org.junit.internal.runners.statements.InvokeMethod.evaluate(InvokeMethod.java:17)
	at org.junit.internal.runners.statements.RunBefores.evaluate(RunBefores.java:26)
	at org.junit.internal.runners.statements.RunAfters.evaluate(RunAfters.java:27)
	at org.junit.rules.ExternalResource$1.evaluate(ExternalResource.java:54)
	at org.junit.internal.runners.statements.FailOnTimeout$CallableStatement.call(FailOnTimeout.java:288)
	at org.junit.internal.runners.statements.FailOnTimeout$CallableStatement.call(FailOnTimeout.java:282)
	at java.util.concurrent.FutureTask.run(FutureTask.java:266)
	at java.lang.Thread.run(Thread.java:750)
Caused by: java.lang.NullPointerException
	at java.util.Objects.requireNonNull(Objects.java:203)
	at org.apache.hadoop.hdds.security.x509.certificate.client.CertificateClient.assertValidKeysAndCertificate(CertificateClient.java:211)
	... 19 more
2023-09-14 11:49:45,644 [Time-limited test] INFO  impl.DefaultInternalKdcServerImpl (DefaultInternalKdcServerImpl.java:doStop(102)) - Default Internal kdc server stopped.
2023-09-14 11:49:45,644 [JvmPauseMonitor4] INFO  util.JvmPauseMonitor (JvmPauseMonitor.java:run(103)) - JvmPauseMonitor-om1: Started
2023-09-14 11:49:46,644 [Time-limited test] INFO  minikdc.MiniKdc (MiniKdc.java:stop(359)) - MiniKdc stopped.
2023-09-14 11:49:46,644 [Time-limited test] INFO  server.StorageContainerManager (StorageContainerManager.java:stop(1591)) - Container Balancer is not running.
2023-09-14 11:49:46,644 [Time-limited test] INFO  server.StorageContainerManager (StorageContainerManager.java:stopReplicationManager(1724)) - Stopping Replication Manager Service.
2023-09-14 11:49:46,644 [Time-limited test] INFO  replication.ReplicationManager (ReplicationManager.java:stop(323)) - Stopping Replication Monitor Thread.
2023-09-14 11:49:46,644 [Under Replicated Processor] WARN  replication.UnhealthyReplicationProcessor (UnhealthyReplicationProcessor.java:run(180)) - Under Replicated Processor interrupted. Exiting...
2023-09-14 11:49:46,644 [Time-limited test] INFO  server.StorageContainerManager (StorageContainerManager.java:stop(1600)) - Stopping the Datanode Admin Monitor.
2023-09-14 11:49:46,645 [Time-limited test] INFO  server.StorageContainerManager (StorageContainerManager.java:stop(1607)) - Stopping datanode service RPC server
2023-09-14 11:49:46,645 [Time-limited test] INFO  server.SCMDatanodeProtocolServer (SCMDatanodeProtocolServer.java:stop(424)) - Stopping the RPC server for DataNodes
2023-09-14 11:49:46,645 [Time-limited test] INFO  ipc.Server (Server.java:stop(3523)) - Stopping server on 9861
2023-09-14 11:49:46,645 [ReplicationMonitor] INFO  replication.ReplicationManager (ReplicationManager.java:run(921)) - Replication Monitor Thread is stopped
2023-09-14 11:49:46,645 [Over Replicated Processor] WARN  replication.UnhealthyReplicationProcessor (UnhealthyReplicationProcessor.java:run(180)) - Over Replicated Processor interrupted. Exiting...
2023-09-14 11:49:47,718 [SCM Heartbeat Processing Thread - 0] WARN  node.NodeStateManager (NodeStateManager.java:scheduleNextHealthCheck(874)) - Current Thread is interrupted, shutting down HB processing thread for Node Manager.
2023-09-14 11:49:47,718 [Time-limited test] INFO  server.StorageContainerManager (StorageContainerManager.java:stop(1615)) - Stopping block service RPC server
2023-09-14 11:49:47,719 [Time-limited test] INFO  server.SCMBlockProtocolServer (SCMBlockProtocolServer.java:stop(163)) - Stopping the RPC server for Block Protocol
2023-09-14 11:49:47,719 [Time-limited test] INFO  ipc.Server (Server.java:stop(3523)) - Stopping server on 9863
2023-09-14 11:49:47,719 [Time-limited test] INFO  server.StorageContainerManager (StorageContainerManager.java:stop(1622)) - Stopping the StorageContainerLocationProtocol RPC server
2023-09-14 11:49:47,719 [Time-limited test] INFO  server.SCMClientProtocolServer (SCMClientProtocolServer.java:stop(210)) - Stopping the RPC server for Client Protocol
2023-09-14 11:49:47,719 [Time-limited test] INFO  ipc.Server (Server.java:stop(3523)) - Stopping server on 9860
2023-09-14 11:49:47,721 [Time-limited test] INFO  server.StorageContainerManager (StorageContainerManager.java:stop(1629)) - Stopping Storage Container Manager HTTP server.
2023-09-14 11:49:47,721 [Time-limited test] INFO  server.StorageContainerManager (StorageContainerManager.java:stop(1637)) - Stopping SCM LayoutVersionManager Service.
2023-09-14 11:49:47,721 [Time-limited test] INFO  server.SCMSecurityProtocolServer (SCMSecurityProtocolServer.java:stop(550)) - Stopping the SCMSecurityProtocolServer.
2023-09-14 11:49:47,721 [Time-limited test] INFO  ipc.Server (Server.java:stop(3523)) - Stopping server on 9961
2023-09-14 11:49:47,721 [Time-limited test] INFO  server.SCMUpdateServiceGrpcServer (SCMUpdateServiceGrpcServer.java:stop(73)) - SCMUpdateService stopping
2023-09-14 11:49:47,722 [Time-limited test] INFO  server.StorageContainerManager (StorageContainerManager.java:stop(1649)) - Stopping Block Manager Service.
2023-09-14 11:49:47,722 [Time-limited test] INFO  utils.BackgroundService (BackgroundService.java:shutdown(141)) - Shutting down service SCMBlockDeletingService
2023-09-14 11:49:47,722 [Time-limited test] INFO  utils.BackgroundService (BackgroundService.java:shutdown(141)) - Shutting down service SCMBlockDeletingService
2023-09-14 11:49:47,722 [Time-limited test] INFO  server.StorageContainerManager (StorageContainerManager.java:stop(1669)) - Stopping SCM Event Queue.
2023-09-14 11:49:47,722 [Time-limited test] INFO  server.StorageContainerManager (StorageContainerManager.java:stop(1680)) - Stopping SCM HA services.
2023-09-14 11:49:47,722 [Time-limited test] INFO  pipeline.BackgroundPipelineCreator (BackgroundPipelineCreator.java:stop(149)) - Stopping RatisPipelineUtilsThread.
2023-09-14 11:49:47,722 [RatisPipelineUtilsThread - 0] WARN  pipeline.BackgroundPipelineCreator (BackgroundPipelineCreator.java:run(180)) - RatisPipelineUtilsThread is interrupted.
2023-09-14 11:49:47,722 [BackgroundPipelineScrubberThread] WARN  BackgroundPipelineScrubber (BackgroundSCMService.java:run(115)) - BackgroundPipelineScrubber is interrupted, exit
2023-09-14 11:49:47,723 [Time-limited test] INFO  BackgroundPipelineScrubber (BackgroundSCMService.java:stop(131)) - Stopping BackgroundPipelineScrubber Service.
2023-09-14 11:49:47,723 [Time-limited test] WARN  pipeline.BackgroundPipelineCreator (BackgroundPipelineCreator.java:stop(145)) - RatisPipelineUtilsThread is not running, just ignore.
2023-09-14 11:49:47,723 [Time-limited test] INFO  BackgroundPipelineScrubber (BackgroundSCMService.java:stop(126)) - BackgroundPipelineScrubber Service is not running, skip stop.
2023-09-14 11:49:47,723 [ExpiredContainerReplicaOpScrubberThread] WARN  ExpiredContainerReplicaOpScrubber (BackgroundSCMService.java:run(115)) - ExpiredContainerReplicaOpScrubber is interrupted, exit
2023-09-14 11:49:47,723 [Time-limited test] INFO  ExpiredContainerReplicaOpScrubber (BackgroundSCMService.java:stop(131)) - Stopping ExpiredContainerReplicaOpScrubber Service.
2023-09-14 11:49:47,723 [Time-limited test] INFO  utils.BackgroundService (BackgroundService.java:shutdown(141)) - Shutting down service SCMBlockDeletingService
2023-09-14 11:49:47,723 [Time-limited test] INFO  replication.ReplicationManager (ReplicationManager.java:stop(333)) - Replication Monitor Thread is not running.
2023-09-14 11:49:47,723 [Time-limited test] WARN  balancer.ContainerBalancer (ContainerBalancer.java:stop(326)) - Cannot stop Container Balancer because it's not running or stopping
2023-09-14 11:49:47,724 [Time-limited test] INFO  server.StorageContainerManager (StorageContainerManager.java:stop(1715)) - Stopping SCM MetadataStore.
2023-09-14 11:49:47,725 [Time-limited test] INFO  server.SCMSecurityProtocolServer (SCMSecurityProtocolServer.java:join(560)) - Join RPC server for SCMSecurityProtocolServer.
2023-09-14 11:49:47,725 [Time-limited test] INFO  server.SCMSecurityProtocolServer (SCMSecurityProtocolServer.java:join(562)) - Join gRPC server for SCMSecurityProtocolServer.
2023-09-14 11:49:47,725 [Time-limited test] INFO  om.OzoneManager (OzoneManager.java:stop(2207)) - om1[fv-az240-193.bcold04rutgefduts2gkrghvsa.bx.internal.cloudapp.net:1202]: Stopping Ozone Manager
2023-09-14 11:49:47,725 [Time-limited test] INFO  ipc.Server (Server.java:stop(3523)) - Stopping server on 1202
2023-09-14 11:49:47,726 [Time-limited test] INFO  server.RaftServer (RaftServerProxy.java:lambda$close$6(416)) - om1: close
2023-09-14 11:49:47,726 [Time-limited test] INFO  server.GrpcService (GrpcService.java:closeImpl(311)) - om1: shutdown server GrpcServerProtocolService now
2023-09-14 11:49:47,726 [om1-impl-thread1] INFO  server.RaftServer$Division (RaftServerImpl.java:lambda$close$4(466)) - om1@group-C5BA1605619E: shutdown
2023-09-14 11:49:47,726 [om1-impl-thread1] INFO  util.JmxRegister (JmxRegister.java:unregister(73)) - Successfully un-registered JMX Bean with object name Ratis:service=RaftServer,group=group-C5BA1605619E,id=om1
2023-09-14 11:49:47,726 [om1-impl-thread1] INFO  impl.RoleInfo (RoleInfo.java:shutdownFollowerState(110)) - om1: shutdown om1@group-C5BA1605619E-FollowerState
2023-09-14 11:49:47,726 [om1-impl-thread1] INFO  impl.StateMachineUpdater (StateMachineUpdater.java:stopAndJoin(155)) - om1@group-C5BA1605619E-StateMachineUpdater: set stopIndex = -1
2023-09-14 11:49:47,727 [om1@group-C5BA1605619E-StateMachineUpdater] INFO  ratis.OzoneManagerStateMachine (OzoneManagerStateMachine.java:close(534)) - StateMachine has shutdown. Shutdown OzoneManager if not already shutdown.
2023-09-14 11:49:47,727 [om1@group-C5BA1605619E-StateMachineUpdater] INFO  ratis.OzoneManagerDoubleBuffer (OzoneManagerDoubleBuffer.java:stopDaemon(551)) - Stopping OMDoubleBuffer flush thread
2023-09-14 11:49:47,727 [om1@group-C5BA1605619E-FollowerState] INFO  impl.FollowerState (FollowerState.java:run(152)) - om1@group-C5BA1605619E-FollowerState was interrupted
2023-09-14 11:49:47,727 [OMDoubleBufferFlushThread] INFO  ratis.OzoneManagerDoubleBuffer (OzoneManagerDoubleBuffer.java:canFlush(638)) - OMDoubleBuffer flush thread OMDoubleBufferFlushThread is interrupted and will exit.
2023-09-14 11:49:47,727 [om1-impl-thread1] INFO  server.RaftServer$Division (ServerState.java:close(472)) - om1@group-C5BA1605619E: closes. applyIndex: -1
2023-09-14 11:49:47,728 [Time-limited test] INFO  server.GrpcService (GrpcService.java:closeImpl(320)) - om1: shutdown server GrpcServerProtocolService successfully
2023-09-14 11:49:48,635 [om1-impl-thread1] INFO  segmented.SegmentedRaftLogWorker (SegmentedRaftLogWorker.java:close(252)) - om1@group-C5BA1605619E-SegmentedRaftLogWorker close()
2023-09-14 11:49:48,636 [JvmPauseMonitor4] INFO  util.JvmPauseMonitor (JvmPauseMonitor.java:run(109)) - JvmPauseMonitor-om1: Stopped
2023-09-14 11:49:48,636 [Time-limited test] INFO  ratis.OzoneManagerStateMachine (OzoneManagerStateMachine.java:close(534)) - StateMachine has shutdown. Shutdown OzoneManager if not already shutdown.
2023-09-14 11:49:48,636 [Time-limited test] INFO  ratis.OzoneManagerDoubleBuffer (OzoneManagerDoubleBuffer.java:stopDaemon(560)) - OMDoubleBuffer flush thread is not running.
2023-09-14 11:49:48,636 [Time-limited test] INFO  om.OzoneManager (OzoneManager.java:stopSecretManager(1066)) - Stopping secret key client.
2023-09-14 11:49:48,636 [Time-limited test] INFO  om.OzoneManager (OzoneManager.java:stopSecretManager(1071)) - Stopping OM delegation token secret manager.
2023-09-14 11:49:48,636 [Time-limited test] INFO  rocksdiff.RocksDBCheckpointDiffer (RocksDBCheckpointDiffer.java:close(343)) - Shutting down CompactionDagPruningService.
2023-09-14 11:49:48,642 [Time-limited test] INFO  snapshot.SnapshotDiffManager (SnapshotDiffManager.java:closeExecutorService(1706)) - Shutting down executorService: 'SnapDiffExecutor'
2023-09-14 11:49:48,642 [Time-limited test] INFO  snapshot.SnapshotDiffManager (SnapshotDiffManager.java:closeExecutorService(1706)) - Shutting down executorService: 'SstDumpToolExecutor'
2023-09-14 11:49:48,643 [Time-limited test] INFO  utils.BackgroundService (BackgroundService.java:shutdown(141)) - Shutting down service SnapshotDiffCleanupService
]]></system-out>
  </testcase>
  <testcase name="testAccessControlExceptionOnClient" classname="org.apache.hadoop.ozone.TestSecureOzoneCluster" time="10.589">
    <system-out><![CDATA[2023-09-14 11:49:48,671 [Time-limited test] INFO  net.ServerSocketUtil (ServerSocketUtil.java:getPort(55)) - Using port 9860
2023-09-14 11:49:48,671 [Time-limited test] INFO  net.ServerSocketUtil (ServerSocketUtil.java:getPort(55)) - Using port 9861
2023-09-14 11:49:48,671 [Time-limited test] INFO  net.ServerSocketUtil (ServerSocketUtil.java:getPort(55)) - Using port 9863
2023-09-14 11:49:48,671 [Time-limited test] INFO  net.ServerSocketUtil (ServerSocketUtil.java:getPort(55)) - Using port 9961
2023-09-14 11:49:48,671 [Time-limited test] INFO  net.ServerSocketUtil (ServerSocketUtil.java:getPort(55)) - Using port 1200
2023-09-14 11:49:48,672 [Time-limited test] INFO  net.ServerSocketUtil (ServerSocketUtil.java:getPort(55)) - Using port 1201
2023-09-14 11:49:48,672 [Time-limited test] INFO  minikdc.MiniKdc (MiniKdc.java:<init>(225)) - Configuration:
2023-09-14 11:49:48,672 [Time-limited test] INFO  minikdc.MiniKdc (MiniKdc.java:<init>(226)) - ---------------------------------------------------------------
2023-09-14 11:49:48,672 [Time-limited test] INFO  minikdc.MiniKdc (MiniKdc.java:<init>(228)) -   debug: false
2023-09-14 11:49:48,672 [Time-limited test] INFO  minikdc.MiniKdc (MiniKdc.java:<init>(228)) -   transport: TCP
2023-09-14 11:49:48,672 [Time-limited test] INFO  minikdc.MiniKdc (MiniKdc.java:<init>(228)) -   max.ticket.lifetime: 86400000
2023-09-14 11:49:48,672 [Time-limited test] INFO  minikdc.MiniKdc (MiniKdc.java:<init>(228)) -   org.name: EXAMPLE
2023-09-14 11:49:48,672 [Time-limited test] INFO  minikdc.MiniKdc (MiniKdc.java:<init>(228)) -   kdc.port: 0
2023-09-14 11:49:48,672 [Time-limited test] INFO  minikdc.MiniKdc (MiniKdc.java:<init>(228)) -   org.domain: COM
2023-09-14 11:49:48,672 [Time-limited test] INFO  minikdc.MiniKdc (MiniKdc.java:<init>(228)) -   max.renewable.lifetime: 604800000
2023-09-14 11:49:48,672 [Time-limited test] INFO  minikdc.MiniKdc (MiniKdc.java:<init>(228)) -   instance: DefaultKrbServer
2023-09-14 11:49:48,672 [Time-limited test] INFO  minikdc.MiniKdc (MiniKdc.java:<init>(228)) -   kdc.bind.address: localhost
2023-09-14 11:49:48,672 [Time-limited test] INFO  minikdc.MiniKdc (MiniKdc.java:<init>(230)) - ---------------------------------------------------------------
2023-09-14 11:49:48,674 [Time-limited test] INFO  minikdc.MiniKdc (MiniKdc.java:start(285)) - MiniKdc started.
2023-09-14 11:49:49,038 [Time-limited test] INFO  om.OzoneManager (OzoneManager.java:getOmDetailsProto(4573)) - OzoneManager ports added:[name: "RPC"
value: 1202
]
2023-09-14 11:49:49,038 [Time-limited test] WARN  server.ServerUtils (ServerUtils.java:getScmDbDir(155)) - ozone.scm.db.dirs is not configured. We recommend adding this setting. Falling back to ozone.metadata.dirs instead.
2023-09-14 11:49:49,039 [Time-limited test] INFO  ha.HASecurityUtils (HASecurityUtils.java:initializeSecurity(98)) - Initializing secure StorageContainerManager.
2023-09-14 11:49:49,044 [Time-limited test] INFO  client.SCMCertificateClient (DefaultCertificateClient.java:updateCertSerialId(1244)) - Certificate serial ID set to null
2023-09-14 11:49:49,044 [Time-limited test] ERROR client.SCMCertificateClient (DefaultCertificateClient.java:getCertPath(362)) - Default certificate serial id is not set. Can't locate the default certificate for this client.
2023-09-14 11:49:49,044 [Time-limited test] INFO  client.SCMCertificateClient (DefaultCertificateClient.java:init(715)) - Certificate client init case: 0
2023-09-14 11:49:49,044 [Time-limited test] INFO  client.SCMCertificateClient (SCMCertificateClient.java:handleCase(103)) - Creating keypair for client as keypair and certificate not found.
2023-09-14 11:49:49,220 [Time-limited test] INFO  ha.HASecurityUtils (HASecurityUtils.java:initializeSecurity(108)) - Init response: GETCERT
2023-09-14 11:49:49,678 [Time-limited test] INFO  ozone.OzoneSecurityUtil (OzoneSecurityUtil.java:getValidInetsForCurrentHost(119)) - ip:fe80:0:0:0:20d:3aff:fe15:5b9%eth0 not returned.
2023-09-14 11:49:49,678 [Time-limited test] INFO  ozone.OzoneSecurityUtil (OzoneSecurityUtil.java:getValidInetsForCurrentHost(116)) - Adding ip:10.1.136.0,host:fv-az240-193.bcold04rutgefduts2gkrghvsa.bx.internal.cloudapp.net
2023-09-14 11:49:49,678 [Time-limited test] INFO  ozone.OzoneSecurityUtil (OzoneSecurityUtil.java:getValidInetsForCurrentHost(119)) - ip:0:0:0:0:0:0:0:1%lo not returned.
2023-09-14 11:49:49,678 [Time-limited test] INFO  ozone.OzoneSecurityUtil (OzoneSecurityUtil.java:getValidInetsForCurrentHost(119)) - ip:127.0.0.1 not returned.
2023-09-14 11:49:49,681 [Time-limited test] INFO  utils.SelfSignedCertificate (SelfSignedCertificate.java:generateCertificate(157)) - Certificate 1 is issued by CN=scm-1@fv-az240-193,OU=eced9fe7-3420-4405-b70a-fb30b7f2cfeb,O=1b4c6f02-cdc5-4a67-8ae8-e542d844c6c1 to CN=scm-1@fv-az240-193,OU=eced9fe7-3420-4405-b70a-fb30b7f2cfeb,O=1b4c6f02-cdc5-4a67-8ae8-e542d844c6c1, valid from Thu Sep 14 11:49:49 UTC 2023 to Sun Oct 22 11:49:49 UTC 2028
2023-09-14 11:49:49,682 [Time-limited test] INFO  utils.CertificateCodec (CertificateCodec.java:writeCertificate(299)) - Save certificate to /tmp/junit3341369413038303575/junit5083890211901009540/scm-meta/scm/ca/certs/certificate.crt
2023-09-14 11:49:49,682 [Time-limited test] INFO  utils.CertificateCodec (CertificateCodec.java:writeCertificate(300)) - Certificate -----BEGIN CERTIFICATE-----
MIID5zCCAs+gAwIBAgIBATANBgkqhkiG9w0BAQsFADB7MRswGQYDVQQDDBJzY20t
MUBmdi1hejI0MC0xOTMxLTArBgNVBAsMJGVjZWQ5ZmU3LTM0MjAtNDQwNS1iNzBh
LWZiMzBiN2YyY2ZlYjEtMCsGA1UECgwkMWI0YzZmMDItY2RjNS00YTY3LThhZTgt
ZTU0MmQ4NDRjNmMxMB4XDTIzMDkxNDExNDk0OVoXDTI4MTAyMjExNDk0OVowezEb
MBkGA1UEAwwSc2NtLTFAZnYtYXoyNDAtMTkzMS0wKwYDVQQLDCRlY2VkOWZlNy0z
NDIwLTQ0MDUtYjcwYS1mYjMwYjdmMmNmZWIxLTArBgNVBAoMJDFiNGM2ZjAyLWNk
YzUtNGE2Ny04YWU4LWU1NDJkODQ0YzZjMTCCASIwDQYJKoZIhvcNAQEBBQADggEP
ADCCAQoCggEBAL3raJAyhqHMVLHHSZDcOrtR6p8B5OQj33oVHvXhu67t4RMs+aEk
l65pN6CgXsWdtGSZw5rnkFdTpJmU3GD/bDAnJYipeHnCyQGrVS5BQxavFs70mKoH
R4IbhGOGV+h00mYi83T3K3u17tS0SZF7UaTzZDY8x2PrwQ20dZ4ohv8xa+ccEo4Y
XX5kZIRjG6N7YgiLUp0TrmroPN3mQa0keLm7kWWSASLBLTMHdbUaLbM+rOE4//NY
C355YZwdUf/mc34cMAlC3/H6fsoDNGLrhpVnrfK+xi8KiDIVPqvY2YkLUCCtvX1e
+vM2JTX4ZYOaIPbW4myn6VzG/SZTj/5dglkCAwEAAaN2MHQwDwYDVR0TAQH/BAUw
AwEB/zAOBgNVHQ8BAf8EBAMCAQYwUQYDVR0RBEowSIcECgGIAIJAZnYtYXoyNDAt
MTkzLmJjb2xkMDRydXRnZWZkdXRzMmdrcmdodnNhLmJ4LmludGVybmFsLmNsb3Vk
YXBwLm5ldDANBgkqhkiG9w0BAQsFAAOCAQEAakHnN8aVIXfOeLg5vTdRzv4tW0Da
J/C/8nyv0RRElk0a1WX2IxQAFaNMNtzy3WR8BS9sy0P2sgfjh7WSih87OvYy38ge
Fyr//uxTCjJ/p0yfOs5QVvr3HUde2VMVg/cWAJr1BiKgTZskWi3BVLu0B2U+UGdb
rXztxZDi4OpscVR6vmzfJT4tbiFCKffn3EaX3GkTe+bWHqcNKyHkR3chcHQ587nh
vcj83U5L08hnvtJPY7mtUmdA+C9Q5WqoHvO6hvjbKrTb0XHlVeZ3GManl1XWPIEh
De9uT5255soxDRB7vhFj3Bppjo0KnAdoXB8ugSl03GD0N4clNvuh1KDgyA==
-----END CERTIFICATE-----

2023-09-14 11:49:49,682 [Time-limited test] INFO  client.SCMCertificateClient (SCMCertificateClient.java:getCSRBuilder(165)) - Creating csr for SCM->hostName:fv-az240-193,scmId:eced9fe7-3420-4405-b70a-fb30b7f2cfeb,clusterId:1b4c6f02-cdc5-4a67-8ae8-e542d844c6c1,subject:scm-sub-2013880933839@fv-az240-193
2023-09-14 11:49:49,683 [Time-limited test] INFO  ozone.OzoneSecurityUtil (OzoneSecurityUtil.java:getValidInetsForCurrentHost(119)) - ip:fe80:0:0:0:20d:3aff:fe15:5b9%eth0 not returned.
2023-09-14 11:49:49,683 [Time-limited test] INFO  ozone.OzoneSecurityUtil (OzoneSecurityUtil.java:getValidInetsForCurrentHost(116)) - Adding ip:10.1.136.0,host:fv-az240-193.bcold04rutgefduts2gkrghvsa.bx.internal.cloudapp.net
2023-09-14 11:49:49,683 [Time-limited test] INFO  ozone.OzoneSecurityUtil (OzoneSecurityUtil.java:getValidInetsForCurrentHost(119)) - ip:0:0:0:0:0:0:0:1%lo not returned.
2023-09-14 11:49:49,683 [Time-limited test] INFO  ozone.OzoneSecurityUtil (OzoneSecurityUtil.java:getValidInetsForCurrentHost(119)) - ip:127.0.0.1 not returned.
2023-09-14 11:49:49,683 [Time-limited test] INFO  ha.HASecurityUtils (HASecurityUtils.java:generateCSR(308)) - Creating csr for SCM->hostName:fv-az240-193,scmId:eced9fe7-3420-4405-b70a-fb30b7f2cfeb,clusterId:1b4c6f02-cdc5-4a67-8ae8-e542d844c6c1,subject:scm-sub-2013881532151@fv-az240-193
2023-09-14 11:49:49,686 [Time-limited test] INFO  authority.DefaultApprover (DefaultApprover.java:sign(154)) - Extensions in CSR: 2.5.29.19, 2.5.29.15, 2.5.29.17
2023-09-14 11:49:49,689 [Time-limited test] INFO  authority.DefaultApprover (DefaultApprover.java:sign(158)) - Extensions to add to the certificate if they present in CSR: 2.5.29.17, 2.5.29.19, 1.3.6.1.5.5.7.1.12, 2.5.29.35, 2.5.29.37, 2.5.29.15
2023-09-14 11:49:49,692 [Time-limited test] INFO  utils.CertificateCodec (CertificateCodec.java:writeCertificate(299)) - Save certificate to /tmp/junit3341369413038303575/junit5083890211901009540/scm-meta/scm/sub-ca/certs/CA-1.crt
2023-09-14 11:49:49,692 [Time-limited test] INFO  utils.CertificateCodec (CertificateCodec.java:writeCertificate(300)) - Certificate -----BEGIN CERTIFICATE-----
MIID5zCCAs+gAwIBAgIBATANBgkqhkiG9w0BAQsFADB7MRswGQYDVQQDDBJzY20t
MUBmdi1hejI0MC0xOTMxLTArBgNVBAsMJGVjZWQ5ZmU3LTM0MjAtNDQwNS1iNzBh
LWZiMzBiN2YyY2ZlYjEtMCsGA1UECgwkMWI0YzZmMDItY2RjNS00YTY3LThhZTgt
ZTU0MmQ4NDRjNmMxMB4XDTIzMDkxNDExNDk0OVoXDTI4MTAyMjExNDk0OVowezEb
MBkGA1UEAwwSc2NtLTFAZnYtYXoyNDAtMTkzMS0wKwYDVQQLDCRlY2VkOWZlNy0z
NDIwLTQ0MDUtYjcwYS1mYjMwYjdmMmNmZWIxLTArBgNVBAoMJDFiNGM2ZjAyLWNk
YzUtNGE2Ny04YWU4LWU1NDJkODQ0YzZjMTCCASIwDQYJKoZIhvcNAQEBBQADggEP
ADCCAQoCggEBAL3raJAyhqHMVLHHSZDcOrtR6p8B5OQj33oVHvXhu67t4RMs+aEk
l65pN6CgXsWdtGSZw5rnkFdTpJmU3GD/bDAnJYipeHnCyQGrVS5BQxavFs70mKoH
R4IbhGOGV+h00mYi83T3K3u17tS0SZF7UaTzZDY8x2PrwQ20dZ4ohv8xa+ccEo4Y
XX5kZIRjG6N7YgiLUp0TrmroPN3mQa0keLm7kWWSASLBLTMHdbUaLbM+rOE4//NY
C355YZwdUf/mc34cMAlC3/H6fsoDNGLrhpVnrfK+xi8KiDIVPqvY2YkLUCCtvX1e
+vM2JTX4ZYOaIPbW4myn6VzG/SZTj/5dglkCAwEAAaN2MHQwDwYDVR0TAQH/BAUw
AwEB/zAOBgNVHQ8BAf8EBAMCAQYwUQYDVR0RBEowSIcECgGIAIJAZnYtYXoyNDAt
MTkzLmJjb2xkMDRydXRnZWZkdXRzMmdrcmdodnNhLmJ4LmludGVybmFsLmNsb3Vk
YXBwLm5ldDANBgkqhkiG9w0BAQsFAAOCAQEAakHnN8aVIXfOeLg5vTdRzv4tW0Da
J/C/8nyv0RRElk0a1WX2IxQAFaNMNtzy3WR8BS9sy0P2sgfjh7WSih87OvYy38ge
Fyr//uxTCjJ/p0yfOs5QVvr3HUde2VMVg/cWAJr1BiKgTZskWi3BVLu0B2U+UGdb
rXztxZDi4OpscVR6vmzfJT4tbiFCKffn3EaX3GkTe+bWHqcNKyHkR3chcHQ587nh
vcj83U5L08hnvtJPY7mtUmdA+C9Q5WqoHvO6hvjbKrTb0XHlVeZ3GManl1XWPIEh
De9uT5255soxDRB7vhFj3Bppjo0KnAdoXB8ugSl03GD0N4clNvuh1KDgyA==
-----END CERTIFICATE-----

2023-09-14 11:49:49,693 [Time-limited test] INFO  utils.CertificateCodec (CertificateCodec.java:writeCertificate(299)) - Save certificate to /tmp/junit3341369413038303575/junit5083890211901009540/scm-meta/scm/sub-ca/certs/2013884725013.crt
2023-09-14 11:49:49,693 [Time-limited test] INFO  utils.CertificateCodec (CertificateCodec.java:writeCertificate(300)) - Certificate -----BEGIN CERTIFICATE-----
MIID/TCCAuWgAwIBAgIGAdTk4jcVMA0GCSqGSIb3DQEBCwUAMHsxGzAZBgNVBAMM
EnNjbS0xQGZ2LWF6MjQwLTE5MzEtMCsGA1UECwwkZWNlZDlmZTctMzQyMC00NDA1
LWI3MGEtZmIzMGI3ZjJjZmViMS0wKwYDVQQKDCQxYjRjNmYwMi1jZGM1LTRhNjct
OGFlOC1lNTQyZDg0NGM2YzEwHhcNMjMwOTE0MTE0OTQ5WhcNMjgxMDIyMTE0OTQ5
WjCBizErMCkGA1UEAwwic2NtLXN1Yi0yMDEzODgxNTMyMTUxQGZ2LWF6MjQwLTE5
MzEtMCsGA1UECwwkZWNlZDlmZTctMzQyMC00NDA1LWI3MGEtZmIzMGI3ZjJjZmVi
MS0wKwYDVQQKDCQxYjRjNmYwMi1jZGM1LTRhNjctOGFlOC1lNTQyZDg0NGM2YzEw
ggEiMA0GCSqGSIb3DQEBAQUAA4IBDwAwggEKAoIBAQCrsn7rKzdEyg1fW9RyFo/8
0OqWxDmYcOCZG6MEJ6gf403nEvWQ+S3HHqpSuwVYIq8BDN3DqrINi+XcTPIvoEDY
7Xn7vEF7pCr8UMh0GmCaLXO+zwkmC2t+e0Aa0J9HzPhRuvswruie749NwMAuxGFe
oi/UPkGnCo1Se+lKupYMP6j0ieSsXvocoM0wBzBtuSA4R5r5s91MPkJj0r/scLCy
ons1m200YemsyQcZEyY3s2V0Cj7/7lecOqWJMqpSWEDvShERzKEn8V0lt9kMv7KO
VcyQrgB5hKbUjtWwLdmj8zYi8RrihCPgMdugRJJYSQQnqOLVLb3JGwDJX0xQn15h
AgMBAAGjdjB0MFEGA1UdEQRKMEiHBAoBiACCQGZ2LWF6MjQwLTE5My5iY29sZDA0
cnV0Z2VmZHV0czJna3JnaHZzYS5ieC5pbnRlcm5hbC5jbG91ZGFwcC5uZXQwDwYD
VR0TAQH/BAUwAwEB/zAOBgNVHQ8BAf8EBAMCAb4wDQYJKoZIhvcNAQELBQADggEB
AD6XiBvN3PkW/Wn7vVGgpn2lK6S5vzYiGZ1TGFaO0hLpTfz5iC+tQVGZ/8Pf/qdY
2mm4bloqlbm6+O6ehZkPzi9+1hmYFxLuQDhe7I7KytrZQ5lM3g0mpbBPUsrGMfpK
dOzW1E8fvPtwVjjpiXkmAJr1yXS3nZD28Q8mye6UPcGpWDKaJ2p2h/sGDzkkrF9t
+JoTCoP40zCjHa76Tp3FaGRfVRZPxJRlde/0zFefApaiz9bTCoTg8eMfEiNhEcEf
eVlKYFq42X0NTJekGd9GayvAnfJOes51zlJ5Mts5LiLSjEQ1iAnh9STIEb73+tYA
wm0msPn7UkAx/UJLX67HOHY=
-----END CERTIFICATE-----

-----BEGIN CERTIFICATE-----
MIID5zCCAs+gAwIBAgIBATANBgkqhkiG9w0BAQsFADB7MRswGQYDVQQDDBJzY20t
MUBmdi1hejI0MC0xOTMxLTArBgNVBAsMJGVjZWQ5ZmU3LTM0MjAtNDQwNS1iNzBh
LWZiMzBiN2YyY2ZlYjEtMCsGA1UECgwkMWI0YzZmMDItY2RjNS00YTY3LThhZTgt
ZTU0MmQ4NDRjNmMxMB4XDTIzMDkxNDExNDk0OVoXDTI4MTAyMjExNDk0OVowezEb
MBkGA1UEAwwSc2NtLTFAZnYtYXoyNDAtMTkzMS0wKwYDVQQLDCRlY2VkOWZlNy0z
NDIwLTQ0MDUtYjcwYS1mYjMwYjdmMmNmZWIxLTArBgNVBAoMJDFiNGM2ZjAyLWNk
YzUtNGE2Ny04YWU4LWU1NDJkODQ0YzZjMTCCASIwDQYJKoZIhvcNAQEBBQADggEP
ADCCAQoCggEBAL3raJAyhqHMVLHHSZDcOrtR6p8B5OQj33oVHvXhu67t4RMs+aEk
l65pN6CgXsWdtGSZw5rnkFdTpJmU3GD/bDAnJYipeHnCyQGrVS5BQxavFs70mKoH
R4IbhGOGV+h00mYi83T3K3u17tS0SZF7UaTzZDY8x2PrwQ20dZ4ohv8xa+ccEo4Y
XX5kZIRjG6N7YgiLUp0TrmroPN3mQa0keLm7kWWSASLBLTMHdbUaLbM+rOE4//NY
C355YZwdUf/mc34cMAlC3/H6fsoDNGLrhpVnrfK+xi8KiDIVPqvY2YkLUCCtvX1e
+vM2JTX4ZYOaIPbW4myn6VzG/SZTj/5dglkCAwEAAaN2MHQwDwYDVR0TAQH/BAUw
AwEB/zAOBgNVHQ8BAf8EBAMCAQYwUQYDVR0RBEowSIcECgGIAIJAZnYtYXoyNDAt
MTkzLmJjb2xkMDRydXRnZWZkdXRzMmdrcmdodnNhLmJ4LmludGVybmFsLmNsb3Vk
YXBwLm5ldDANBgkqhkiG9w0BAQsFAAOCAQEAakHnN8aVIXfOeLg5vTdRzv4tW0Da
J/C/8nyv0RRElk0a1WX2IxQAFaNMNtzy3WR8BS9sy0P2sgfjh7WSih87OvYy38ge
Fyr//uxTCjJ/p0yfOs5QVvr3HUde2VMVg/cWAJr1BiKgTZskWi3BVLu0B2U+UGdb
rXztxZDi4OpscVR6vmzfJT4tbiFCKffn3EaX3GkTe+bWHqcNKyHkR3chcHQ587nh
vcj83U5L08hnvtJPY7mtUmdA+C9Q5WqoHvO6hvjbKrTb0XHlVeZ3GManl1XWPIEh
De9uT5255soxDRB7vhFj3Bppjo0KnAdoXB8ugSl03GD0N4clNvuh1KDgyA==
-----END CERTIFICATE-----

2023-09-14 11:49:49,693 [Time-limited test] INFO  utils.CertificateCodec (CertificateCodec.java:writeCertificate(299)) - Save certificate to /tmp/junit3341369413038303575/junit5083890211901009540/scm-meta/scm/sub-ca/certs/certificate.crt
2023-09-14 11:49:49,693 [Time-limited test] INFO  utils.CertificateCodec (CertificateCodec.java:writeCertificate(300)) - Certificate -----BEGIN CERTIFICATE-----
MIID/TCCAuWgAwIBAgIGAdTk4jcVMA0GCSqGSIb3DQEBCwUAMHsxGzAZBgNVBAMM
EnNjbS0xQGZ2LWF6MjQwLTE5MzEtMCsGA1UECwwkZWNlZDlmZTctMzQyMC00NDA1
LWI3MGEtZmIzMGI3ZjJjZmViMS0wKwYDVQQKDCQxYjRjNmYwMi1jZGM1LTRhNjct
OGFlOC1lNTQyZDg0NGM2YzEwHhcNMjMwOTE0MTE0OTQ5WhcNMjgxMDIyMTE0OTQ5
WjCBizErMCkGA1UEAwwic2NtLXN1Yi0yMDEzODgxNTMyMTUxQGZ2LWF6MjQwLTE5
MzEtMCsGA1UECwwkZWNlZDlmZTctMzQyMC00NDA1LWI3MGEtZmIzMGI3ZjJjZmVi
MS0wKwYDVQQKDCQxYjRjNmYwMi1jZGM1LTRhNjctOGFlOC1lNTQyZDg0NGM2YzEw
ggEiMA0GCSqGSIb3DQEBAQUAA4IBDwAwggEKAoIBAQCrsn7rKzdEyg1fW9RyFo/8
0OqWxDmYcOCZG6MEJ6gf403nEvWQ+S3HHqpSuwVYIq8BDN3DqrINi+XcTPIvoEDY
7Xn7vEF7pCr8UMh0GmCaLXO+zwkmC2t+e0Aa0J9HzPhRuvswruie749NwMAuxGFe
oi/UPkGnCo1Se+lKupYMP6j0ieSsXvocoM0wBzBtuSA4R5r5s91MPkJj0r/scLCy
ons1m200YemsyQcZEyY3s2V0Cj7/7lecOqWJMqpSWEDvShERzKEn8V0lt9kMv7KO
VcyQrgB5hKbUjtWwLdmj8zYi8RrihCPgMdugRJJYSQQnqOLVLb3JGwDJX0xQn15h
AgMBAAGjdjB0MFEGA1UdEQRKMEiHBAoBiACCQGZ2LWF6MjQwLTE5My5iY29sZDA0
cnV0Z2VmZHV0czJna3JnaHZzYS5ieC5pbnRlcm5hbC5jbG91ZGFwcC5uZXQwDwYD
VR0TAQH/BAUwAwEB/zAOBgNVHQ8BAf8EBAMCAb4wDQYJKoZIhvcNAQELBQADggEB
AD6XiBvN3PkW/Wn7vVGgpn2lK6S5vzYiGZ1TGFaO0hLpTfz5iC+tQVGZ/8Pf/qdY
2mm4bloqlbm6+O6ehZkPzi9+1hmYFxLuQDhe7I7KytrZQ5lM3g0mpbBPUsrGMfpK
dOzW1E8fvPtwVjjpiXkmAJr1yXS3nZD28Q8mye6UPcGpWDKaJ2p2h/sGDzkkrF9t
+JoTCoP40zCjHa76Tp3FaGRfVRZPxJRlde/0zFefApaiz9bTCoTg8eMfEiNhEcEf
eVlKYFq42X0NTJekGd9GayvAnfJOes51zlJ5Mts5LiLSjEQ1iAnh9STIEb73+tYA
wm0msPn7UkAx/UJLX67HOHY=
-----END CERTIFICATE-----

-----BEGIN CERTIFICATE-----
MIID5zCCAs+gAwIBAgIBATANBgkqhkiG9w0BAQsFADB7MRswGQYDVQQDDBJzY20t
MUBmdi1hejI0MC0xOTMxLTArBgNVBAsMJGVjZWQ5ZmU3LTM0MjAtNDQwNS1iNzBh
LWZiMzBiN2YyY2ZlYjEtMCsGA1UECgwkMWI0YzZmMDItY2RjNS00YTY3LThhZTgt
ZTU0MmQ4NDRjNmMxMB4XDTIzMDkxNDExNDk0OVoXDTI4MTAyMjExNDk0OVowezEb
MBkGA1UEAwwSc2NtLTFAZnYtYXoyNDAtMTkzMS0wKwYDVQQLDCRlY2VkOWZlNy0z
NDIwLTQ0MDUtYjcwYS1mYjMwYjdmMmNmZWIxLTArBgNVBAoMJDFiNGM2ZjAyLWNk
YzUtNGE2Ny04YWU4LWU1NDJkODQ0YzZjMTCCASIwDQYJKoZIhvcNAQEBBQADggEP
ADCCAQoCggEBAL3raJAyhqHMVLHHSZDcOrtR6p8B5OQj33oVHvXhu67t4RMs+aEk
l65pN6CgXsWdtGSZw5rnkFdTpJmU3GD/bDAnJYipeHnCyQGrVS5BQxavFs70mKoH
R4IbhGOGV+h00mYi83T3K3u17tS0SZF7UaTzZDY8x2PrwQ20dZ4ohv8xa+ccEo4Y
XX5kZIRjG6N7YgiLUp0TrmroPN3mQa0keLm7kWWSASLBLTMHdbUaLbM+rOE4//NY
C355YZwdUf/mc34cMAlC3/H6fsoDNGLrhpVnrfK+xi8KiDIVPqvY2YkLUCCtvX1e
+vM2JTX4ZYOaIPbW4myn6VzG/SZTj/5dglkCAwEAAaN2MHQwDwYDVR0TAQH/BAUw
AwEB/zAOBgNVHQ8BAf8EBAMCAQYwUQYDVR0RBEowSIcECgGIAIJAZnYtYXoyNDAt
MTkzLmJjb2xkMDRydXRnZWZkdXRzMmdrcmdodnNhLmJ4LmludGVybmFsLmNsb3Vk
YXBwLm5ldDANBgkqhkiG9w0BAQsFAAOCAQEAakHnN8aVIXfOeLg5vTdRzv4tW0Da
J/C/8nyv0RRElk0a1WX2IxQAFaNMNtzy3WR8BS9sy0P2sgfjh7WSih87OvYy38ge
Fyr//uxTCjJ/p0yfOs5QVvr3HUde2VMVg/cWAJr1BiKgTZskWi3BVLu0B2U+UGdb
rXztxZDi4OpscVR6vmzfJT4tbiFCKffn3EaX3GkTe+bWHqcNKyHkR3chcHQ587nh
vcj83U5L08hnvtJPY7mtUmdA+C9Q5WqoHvO6hvjbKrTb0XHlVeZ3GManl1XWPIEh
De9uT5255soxDRB7vhFj3Bppjo0KnAdoXB8ugSl03GD0N4clNvuh1KDgyA==
-----END CERTIFICATE-----

2023-09-14 11:49:49,693 [Time-limited test] INFO  ha.HASecurityUtils (HASecurityUtils.java:initializeSecurity(121)) - Successfully stored SCM signed certificate.
2023-09-14 11:49:49,695 [Time-limited test] WARN  server.ServerUtils (ServerUtils.java:getScmDbDir(155)) - ozone.scm.db.dirs is not configured. We recommend adding this setting. Falling back to ozone.metadata.dirs instead.
2023-09-14 11:49:49,696 [Time-limited test] INFO  ha.SCMHANodeDetails (SCMHANodeDetails.java:loadSCMHAConfig(210)) - ServiceID for StorageContainerManager is null
2023-09-14 11:49:49,696 [Time-limited test] INFO  ha.SCMHANodeDetails (SCMHANodeDetails.java:loadSCMHAConfig(215)) - ozone.scm.default.service.id is not defined, falling back to ozone.scm.service.ids to find serviceID for StorageContainerManager if it is HA enabled cluster
2023-09-14 11:49:49,705 [pool-328-thread-1] INFO  request.KdcRequest (KdcRequest.java:preauth(651)) - The preauth data is empty.
2023-09-14 11:49:49,705 [pool-328-thread-1] INFO  server.KdcHandler (KdcHandler.java:handleRecoverableException(177)) - KRB error occurred while processing request:Additional pre-authentication required
2023-09-14 11:49:49,710 [pool-328-thread-2] INFO  request.AsRequest (AsRequest.java:issueTicket(112)) - AS_REQ ISSUE: authtime 1694692189710,scm/fv-az240-193.bcold04rutgefduts2gkrghvsa.bx.internal.cloudapp.net@EXAMPLE.COM for krbtgt/EXAMPLE.COM@EXAMPLE.COM
2023-09-14 11:49:49,712 [Time-limited test] INFO  security.UserGroupInformation (UserGroupInformation.java:loginUserFromKeytab(1132)) - Login successful for user scm/fv-az240-193.bcold04rutgefduts2gkrghvsa.bx.internal.cloudapp.net@EXAMPLE.COM using keytab file scm.keytab. Keytab auto renewal enabled : false
2023-09-14 11:49:49,712 [Time-limited test] INFO  server.StorageContainerManager (StorageContainerManager.java:loginAsSCMUserIfSecurityEnabled(1042)) - SCM login successful.
2023-09-14 11:49:49,713 [Time-limited test] INFO  client.SCMCertificateClient (DefaultCertificateClient.java:updateCertSerialId(1244)) - Certificate serial ID set to 2013884725013
2023-09-14 11:49:49,714 [Time-limited test] INFO  client.SCMCertificateClient (DefaultCertificateClient.java:readCertificateFile(237)) - Added certificate   [0]         Version: 3
         SerialNumber: 2013884725013
             IssuerDN: CN=scm-1@fv-az240-193,OU=eced9fe7-3420-4405-b70a-fb30b7f2cfeb,O=1b4c6f02-cdc5-4a67-8ae8-e542d844c6c1
           Start Date: Thu Sep 14 11:49:49 UTC 2023
           Final Date: Sun Oct 22 11:49:49 UTC 2028
            SubjectDN: CN=scm-sub-2013881532151@fv-az240-193,OU=eced9fe7-3420-4405-b70a-fb30b7f2cfeb,O=1b4c6f02-cdc5-4a67-8ae8-e542d844c6c1
           Public Key: RSA Public Key [f9:20:95:8a:50:41:48:40:4f:67:b4:f3:1f:54:bf:b9:21:38:76:d7],[56:66:d1:a4]
        modulus: abb27eeb2b3744ca0d5f5bd472168ffcd0ea96c4399870e0991ba30427a81fe34de712f590f92dc71eaa52bb055822af010cddc3aab20d8be5dc4cf22fa040d8ed79fbbc417ba42afc50c8741a609a2d73becf09260b6b7e7b401ad09f47ccf851bafb30aee89eef8f4dc0c02ec4615ea22fd43e41a70a8d527be94aba960c3fa8f489e4ac5efa1ca0cd3007306db92038479af9b3dd4c3e4263d2bfec70b0b2a27b359b6d3461e9acc90719132637b365740a3effee579c3aa58932aa525840ef4a1111cca127f15d25b7d90cbfb28e55cc90ae007984a6d48ed5b02dd9a3f33622f11ae28423e031dba0449258490427a8e2d52dbdc91b00c95f4c509f5e61
public exponent: 10001

  Signature Algorithm: SHA256WITHRSA
            Signature: 3e97881bcddcf916fd69fbbd51a0a67da52ba4b9
                       bf3622199d5318568ed212e94dfcf9882fad4151
                       99ffc3dffea758da69b86e5a2a95b9baf8ee9e85
                       990fce2f7ed619981712ee40385eec8ecacadad9
                       43994cde0d26a5b04f52cac631fa4a74ecd6d44f
                       1fbcfb705638e9897926009af5c974b79d90f6f1
                       0f26c9ee943dc1a958329a276a7687fb060f3924
                       ac5f6df89a130a83f8d330a31daefa4e9dc56864
                       5f55164fc4946575eff4cc579f0296a2cfd6d30a
                       84e0f1e31f12236111c11f79594a605ab8d97d0d
                       4c97a419df466b2bc09df24e7ace75ce527932db
                       392e22d28c44358809e1f524c811bef7fad600c2
                       6d26b0f9fb524031fd424b5faec73876
       Extensions: 
                       critical(false) 2.5.29.17 value = Sequence
    Tagged [7] IMPLICIT 
        DER Octet String[4] 
    Tagged [2] IMPLICIT 
        DER Octet String[64] 

                       critical(true) BasicConstraints: isCa(true)
                       critical(true) KeyUsage: 0xbe
 from file: /tmp/junit3341369413038303575/junit5083890211901009540/scm-meta/scm/sub-ca/certs/certificate.crt.
2023-09-14 11:49:49,715 [Time-limited test] INFO  client.SCMCertificateClient (DefaultCertificateClient.java:readCertificateFile(237)) - Added certificate   [0]         Version: 3
         SerialNumber: 2013884725013
             IssuerDN: CN=scm-1@fv-az240-193,OU=eced9fe7-3420-4405-b70a-fb30b7f2cfeb,O=1b4c6f02-cdc5-4a67-8ae8-e542d844c6c1
           Start Date: Thu Sep 14 11:49:49 UTC 2023
           Final Date: Sun Oct 22 11:49:49 UTC 2028
            SubjectDN: CN=scm-sub-2013881532151@fv-az240-193,OU=eced9fe7-3420-4405-b70a-fb30b7f2cfeb,O=1b4c6f02-cdc5-4a67-8ae8-e542d844c6c1
           Public Key: RSA Public Key [f9:20:95:8a:50:41:48:40:4f:67:b4:f3:1f:54:bf:b9:21:38:76:d7],[56:66:d1:a4]
        modulus: abb27eeb2b3744ca0d5f5bd472168ffcd0ea96c4399870e0991ba30427a81fe34de712f590f92dc71eaa52bb055822af010cddc3aab20d8be5dc4cf22fa040d8ed79fbbc417ba42afc50c8741a609a2d73becf09260b6b7e7b401ad09f47ccf851bafb30aee89eef8f4dc0c02ec4615ea22fd43e41a70a8d527be94aba960c3fa8f489e4ac5efa1ca0cd3007306db92038479af9b3dd4c3e4263d2bfec70b0b2a27b359b6d3461e9acc90719132637b365740a3effee579c3aa58932aa525840ef4a1111cca127f15d25b7d90cbfb28e55cc90ae007984a6d48ed5b02dd9a3f33622f11ae28423e031dba0449258490427a8e2d52dbdc91b00c95f4c509f5e61
public exponent: 10001

  Signature Algorithm: SHA256WITHRSA
            Signature: 3e97881bcddcf916fd69fbbd51a0a67da52ba4b9
                       bf3622199d5318568ed212e94dfcf9882fad4151
                       99ffc3dffea758da69b86e5a2a95b9baf8ee9e85
                       990fce2f7ed619981712ee40385eec8ecacadad9
                       43994cde0d26a5b04f52cac631fa4a74ecd6d44f
                       1fbcfb705638e9897926009af5c974b79d90f6f1
                       0f26c9ee943dc1a958329a276a7687fb060f3924
                       ac5f6df89a130a83f8d330a31daefa4e9dc56864
                       5f55164fc4946575eff4cc579f0296a2cfd6d30a
                       84e0f1e31f12236111c11f79594a605ab8d97d0d
                       4c97a419df466b2bc09df24e7ace75ce527932db
                       392e22d28c44358809e1f524c811bef7fad600c2
                       6d26b0f9fb524031fd424b5faec73876
       Extensions: 
                       critical(false) 2.5.29.17 value = Sequence
    Tagged [7] IMPLICIT 
        DER Octet String[4] 
    Tagged [2] IMPLICIT 
        DER Octet String[64] 

                       critical(true) BasicConstraints: isCa(true)
                       critical(true) KeyUsage: 0xbe
 from file: /tmp/junit3341369413038303575/junit5083890211901009540/scm-meta/scm/sub-ca/certs/2013884725013.crt.
2023-09-14 11:49:49,717 [Time-limited test] INFO  client.SCMCertificateClient (DefaultCertificateClient.java:readCertificateFile(237)) - Added certificate   [0]         Version: 3
         SerialNumber: 1
             IssuerDN: CN=scm-1@fv-az240-193,OU=eced9fe7-3420-4405-b70a-fb30b7f2cfeb,O=1b4c6f02-cdc5-4a67-8ae8-e542d844c6c1
           Start Date: Thu Sep 14 11:49:49 UTC 2023
           Final Date: Sun Oct 22 11:49:49 UTC 2028
            SubjectDN: CN=scm-1@fv-az240-193,OU=eced9fe7-3420-4405-b70a-fb30b7f2cfeb,O=1b4c6f02-cdc5-4a67-8ae8-e542d844c6c1
           Public Key: RSA Public Key [8f:60:d6:4c:32:62:e1:8c:08:c7:81:c8:1a:17:8d:b5:29:66:b0:13],[56:66:d1:a4]
        modulus: bdeb68903286a1cc54b1c74990dc3abb51ea9f01e4e423df7a151ef5e1bbaeede1132cf9a12497ae6937a0a05ec59db46499c39ae7905753a49994dc60ff6c30272588a97879c2c901ab552e414316af16cef498aa0747821b84638657e874d26622f374f72b7bb5eed4b449917b51a4f364363cc763ebc10db4759e2886ff316be71c128e185d7e646484631ba37b62088b529d13ae6ae83cdde641ad2478b9bb9165920122c12d330775b51a2db33eace138fff3580b7e79619c1d51ffe6737e1c300942dff1fa7eca033462eb869567adf2bec62f0a8832153eabd8d9890b5020adbd7d5efaf3362535f865839a20f6d6e26ca7e95cc6fd26538ffe5d8259
public exponent: 10001

  Signature Algorithm: SHA256WITHRSA
            Signature: 6a41e737c6952177ce78b839bd3751cefe2d5b40
                       da27f0bff27cafd11444964d1ad565f623140015
                       a34c36dcf2dd647c052f6ccb43f6b207e387b592
                       8a1f3b3af632dfc81e172afffeec530a327fa74c
                       9f3ace5056faf71d475ed9531583f716009af506
                       22a04d9b245a2dc154bbb407653e50675bad7ced
                       c590e2e0ea6c71547abe6cdf253e2d6e214229f7
                       e7dc4697dc69137be6d61ea70d2b21e447772170
                       7439f3b9e1bdc8fcdd4e4bd3c867bed24f63b9ad
                       526740f82f50e56aa81ef3ba86f8db2ab4dbd171
                       e555e67718c6a79755d63c81210def6e4f9db9e6
                       ca310d107bbe1163dc1a698e8d0a9c07685c1f2e
                       812974dc60f437872536fba1d4a0e0c8
       Extensions: 
                       critical(true) BasicConstraints: isCa(true)
                       critical(true) KeyUsage: 0x6
                       critical(false) 2.5.29.17 value = Sequence
    Tagged [7] IMPLICIT 
        DER Octet String[4] 
    Tagged [2] IMPLICIT 
        DER Octet String[64] 

 from file: /tmp/junit3341369413038303575/junit5083890211901009540/scm-meta/scm/sub-ca/certs/CA-1.crt.
2023-09-14 11:49:49,717 [Time-limited test] INFO  client.SCMCertificateClient (DefaultCertificateClient.java:loadAllCertificates(191)) - CertificateRenewerService and root ca rotation polling is disabled for scm/sub-ca
2023-09-14 11:49:49,717 [Time-limited test] WARN  utils.HAUtils (HAUtils.java:getMetaDir(339)) - ozone.scm.db.dirs is not configured. We recommend adding this setting. Falling back to ozone.metadata.dirs instead.
2023-09-14 11:49:49,717 [Time-limited test] WARN  db.DBStoreBuilder (DBStoreBuilder.java:applyDBDefinition(166)) - ozone.scm.db.dirs is not configured. We recommend adding this setting. Falling back to ozone.metadata.dirs instead.
2023-09-14 11:49:49,808 [Time-limited test] INFO  net.NodeSchemaLoader (NodeSchemaLoader.java:loadSchemaFromFile(129)) - Loading schema from [jar:file:/home/runner/.m2/repository/org/apache/ozone/hdds-common/1.4.0-SNAPSHOT/hdds-common-1.4.0-SNAPSHOT.jar!/network-topology-default.xml]
2023-09-14 11:49:49,808 [Time-limited test] INFO  net.NodeSchemaLoader (NodeSchemaLoader.java:loadSchema(176)) - Loading network topology layer schema file
2023-09-14 11:49:49,810 [Time-limited test] INFO  upgrade.AbstractLayoutVersionManager (AbstractLayoutVersionManager.java:init(83)) - Initializing Layout version manager with metadata layout = HADOOP_PRC_PORTS_IN_DATANODEDETAILS (version = 7), software layout = HADOOP_PRC_PORTS_IN_DATANODEDETAILS (version = 7)
2023-09-14 11:49:49,812 [Time-limited test] INFO  ha.SequenceIdGenerator (SequenceIdGenerator.java:upgradeToSequenceId(365)) - upgrade localId to 111677748019200000
2023-09-14 11:49:49,812 [Time-limited test] INFO  ha.SequenceIdGenerator (SequenceIdGenerator.java:upgradeToSequenceId(375)) - upgrade delTxnId to 0
2023-09-14 11:49:49,813 [Time-limited test] INFO  ha.SequenceIdGenerator (SequenceIdGenerator.java:upgradeToSequenceId(392)) - upgrade containerId to 0
2023-09-14 11:49:49,814 [Time-limited test] INFO  ha.SequenceIdGenerator (SequenceIdGenerator.java:upgradeToSequenceId(428)) - upgrade rootCertificateId to 1
2023-09-14 11:49:49,814 [Time-limited test] INFO  ha.SequenceIdGenerator (SequenceIdGenerator.java:<init>(236)) - Init the HA SequenceIdGenerator.
2023-09-14 11:49:49,819 [Time-limited test] INFO  node.SCMNodeManager (SCMNodeManager.java:<init>(157)) - Entering startup safe mode.
2023-09-14 11:49:49,820 [Time-limited test] INFO  algorithms.ContainerPlacementPolicyFactory (ContainerPlacementPolicyFactory.java:getPolicyInternal(86)) - Create container placement policy of type org.apache.hadoop.hdds.scm.container.placement.algorithms.SCMContainerPlacementRackAware
2023-09-14 11:49:49,820 [Time-limited test] INFO  algorithms.ContainerPlacementPolicyFactory (ContainerPlacementPolicyFactory.java:getPolicyInternal(86)) - Create container placement policy of type org.apache.hadoop.hdds.scm.container.placement.algorithms.SCMContainerPlacementRackScatter
2023-09-14 11:49:49,820 [Time-limited test] INFO  pipeline.PipelineStateManagerImpl (PipelineStateManagerImpl.java:initialize(78)) - No pipeline exists in current db
2023-09-14 11:49:49,820 [Time-limited test] INFO  algorithms.LeaderChoosePolicyFactory (LeaderChoosePolicyFactory.java:getPolicy(57)) - Create leader choose policy of type org.apache.hadoop.hdds.scm.pipeline.leader.choose.algorithms.MinLeaderCountChoosePolicy
2023-09-14 11:49:49,820 [Time-limited test] INFO  algorithms.ContainerPlacementPolicyFactory (ContainerPlacementPolicyFactory.java:getPolicyInternal(86)) - Create container placement policy of type org.apache.hadoop.hdds.scm.container.placement.algorithms.SCMContainerPlacementRackScatter
2023-09-14 11:49:49,821 [Time-limited test] INFO  ha.SCMServiceManager (SCMServiceManager.java:register(42)) - Registering service BackgroundPipelineCreator.
2023-09-14 11:49:49,821 [Time-limited test] INFO  pipeline.BackgroundPipelineCreator (BackgroundPipelineCreator.java:start(124)) - Starting RatisPipelineUtilsThread.
2023-09-14 11:49:49,821 [Time-limited test] INFO  BackgroundPipelineScrubber (BackgroundSCMService.java:start(68)) - Starting BackgroundPipelineScrubber Service.
2023-09-14 11:49:49,821 [Time-limited test] INFO  ha.SCMServiceManager (SCMServiceManager.java:register(42)) - Registering service BackgroundPipelineScrubber.
2023-09-14 11:49:49,822 [Time-limited test] INFO  ExpiredContainerReplicaOpScrubber (BackgroundSCMService.java:start(68)) - Starting ExpiredContainerReplicaOpScrubber Service.
2023-09-14 11:49:49,822 [Time-limited test] INFO  ha.SCMServiceManager (SCMServiceManager.java:register(42)) - Registering service ExpiredContainerReplicaOpScrubber.
2023-09-14 11:49:49,823 [Time-limited test] INFO  algorithms.PipelineChoosePolicyFactory (PipelineChoosePolicyFactory.java:createPipelineChoosePolicyFromClass(78)) - Create pipeline choose policy of type org.apache.hadoop.hdds.scm.pipeline.choose.algorithms.RandomPipelineChoosePolicy
2023-09-14 11:49:49,823 [Time-limited test] INFO  algorithms.PipelineChoosePolicyFactory (PipelineChoosePolicyFactory.java:createPipelineChoosePolicyFromClass(78)) - Create pipeline choose policy of type org.apache.hadoop.hdds.scm.pipeline.choose.algorithms.RandomPipelineChoosePolicy
2023-09-14 11:49:49,823 [Time-limited test] INFO  ha.SCMServiceManager (SCMServiceManager.java:register(42)) - Registering service SCMBlockDeletingService.
2023-09-14 11:49:49,824 [Time-limited test] INFO  replication.ReplicationManager (ReplicationManager.java:start(291)) - Starting Replication Monitor Thread.
2023-09-14 11:49:49,826 [Time-limited test] INFO  ha.SCMServiceManager (SCMServiceManager.java:register(42)) - Registering service ReplicationManager.
2023-09-14 11:49:49,826 [Time-limited test] INFO  safemode.ContainerSafeModeRule (ContainerSafeModeRule.java:<init>(90)) - containers with one replica threshold count 0
2023-09-14 11:49:49,827 [Time-limited test] INFO  safemode.HealthyPipelineSafeModeRule (HealthyPipelineSafeModeRule.java:initializeRule(169)) - Total pipeline count is 0, healthy pipeline threshold count is 0
2023-09-14 11:49:49,827 [Time-limited test] INFO  safemode.OneReplicaPipelineSafeModeRule (OneReplicaPipelineSafeModeRule.java:initializeRule(180)) - Total pipeline count is 0, pipeline's with at least one datanode reported threshold count is 0
2023-09-14 11:49:49,828 [Time-limited test] INFO  authority.DefaultCAServer (DefaultCAServer.java:lambda$processVerificationStatus$0(472)) - CertificateServer validation is successful
2023-09-14 11:49:49,827 [ReplicationMonitor] INFO  replication.ReplicationManager (ReplicationManager.java:processAll(365)) - Replication Manager is not ready to run until 300000ms after safemode exit
2023-09-14 11:49:49,829 [Time-limited test] INFO  authority.DefaultCAServer (DefaultCAServer.java:lambda$processVerificationStatus$0(472)) - CertificateServer validation is successful
2023-09-14 11:49:49,830 [Time-limited test] INFO  server.StorageContainerManager (StorageContainerManager.java:persistPrimarySCMCerts(932)) - Storing sub-ca certificate serialId 2013884725013 on primary SCM
2023-09-14 11:49:49,832 [Time-limited test] INFO  server.SCMCertStore (SCMCertStore.java:storeValidScmCertificate(122)) - Scm certificate 2013884725013 for CN=scm-sub-2013881532151@fv-az240-193,OU=eced9fe7-3420-4405-b70a-fb30b7f2cfeb,O=1b4c6f02-cdc5-4a67-8ae8-e542d844c6c1 is stored
2023-09-14 11:49:49,833 [Time-limited test] INFO  server.StorageContainerManager (StorageContainerManager.java:persistPrimarySCMCerts(940)) - Storing root certificate serialId 1
2023-09-14 11:49:49,833 [Time-limited test] INFO  server.SCMCertStore (SCMCertStore.java:storeValidScmCertificate(122)) - Scm certificate 1 for CN=scm-1@fv-az240-193,OU=eced9fe7-3420-4405-b70a-fb30b7f2cfeb,O=1b4c6f02-cdc5-4a67-8ae8-e542d844c6c1 is stored
2023-09-14 11:49:49,834 [Time-limited test] INFO  ipc.CallQueueManager (CallQueueManager.java:<init>(90)) - Using callQueue: class java.util.concurrent.LinkedBlockingQueue, queueCapacity: 200, scheduler: class org.apache.hadoop.ipc.DefaultRpcScheduler, ipcBackoff: false.
2023-09-14 11:49:49,834 [Time-limited test] INFO  ipc.Server (Server.java:<init>(1287)) - Listener at 0.0.0.0:9961
2023-09-14 11:49:49,838 [Socket Reader #1 for port 9961] INFO  ipc.Server (Server.java:run(1323)) - Starting Socket Reader #1 for port 9961
2023-09-14 11:49:49,840 [Time-limited test] INFO  server.StorageContainerManager (StorageContainerManager.java:<init>(425)) - SCM start with adminUsers: [om/fv-az240-193.bcold04rutgefduts2gkrghvsa.bx.internal.cloudapp.net@EXAMPLE.COM, scm]
2023-09-14 11:49:49,840 [Time-limited test] INFO  ipc.CallQueueManager (CallQueueManager.java:<init>(90)) - Using callQueue: class java.util.concurrent.LinkedBlockingQueue, queueCapacity: 10000, scheduler: class org.apache.hadoop.ipc.DefaultRpcScheduler, ipcBackoff: false.
2023-09-14 11:49:49,840 [Time-limited test] INFO  ipc.Server (Server.java:<init>(1287)) - Listener at 0.0.0.0:9861
2023-09-14 11:49:49,842 [Socket Reader #1 for port 9861] INFO  ipc.Server (Server.java:run(1323)) - Starting Socket Reader #1 for port 9861
2023-09-14 11:49:49,845 [Time-limited test] INFO  ipc.CallQueueManager (CallQueueManager.java:<init>(90)) - Using callQueue: class java.util.concurrent.LinkedBlockingQueue, queueCapacity: 10000, scheduler: class org.apache.hadoop.ipc.DefaultRpcScheduler, ipcBackoff: false.
2023-09-14 11:49:49,845 [Time-limited test] INFO  ipc.Server (Server.java:<init>(1287)) - Listener at 0.0.0.0:9863
2023-09-14 11:49:49,845 [Socket Reader #1 for port 9863] INFO  ipc.Server (Server.java:run(1323)) - Starting Socket Reader #1 for port 9863
2023-09-14 11:49:49,850 [Time-limited test] INFO  ipc.CallQueueManager (CallQueueManager.java:<init>(90)) - Using callQueue: class java.util.concurrent.LinkedBlockingQueue, queueCapacity: 10000, scheduler: class org.apache.hadoop.ipc.DefaultRpcScheduler, ipcBackoff: false.
2023-09-14 11:49:49,850 [Time-limited test] INFO  ipc.Server (Server.java:<init>(1287)) - Listener at 0.0.0.0:9860
2023-09-14 11:49:49,853 [Socket Reader #1 for port 9860] INFO  ipc.Server (Server.java:run(1323)) - Starting Socket Reader #1 for port 9860
2023-09-14 11:49:49,869 [Time-limited test] INFO  ha.SCMServiceManager (SCMServiceManager.java:register(42)) - Registering service ContainerBalancer.
2023-09-14 11:49:49,869 [Time-limited test] INFO  server.StorageContainerManager (StorageContainerManager.java:<init>(438)) - 
Container Balancer status:
Key                            Value
Running                        false
Container Balancer Configuration values:
Key                                                Value
Threshold                                          10
Max Datanodes to Involve per Iteration(percent)    20
Max Size to Move per Iteration                     500GB
Max Size Entering Target per Iteration             26GB
Max Size Leaving Source per Iteration              26GB
Number of Iterations                               10
Time Limit for Single Container's Movement         65min
Time Limit for Single Container's Replication      50min
Interval between each Iteration                    70min
Whether to Enable Network Topology                 false
Whether to Trigger Refresh Datanode Usage Info     false
Container IDs to Exclude from Balancing            None
Datanodes Specified to be Balanced                 None
Datanodes Excluded from Balancing                  None

2023-09-14 11:49:49,869 [Time-limited test] INFO  ha.SCMContext (SCMContext.java:updateSafeModeStatus(228)) - Update SafeModeStatus from SafeModeStatus{safeModeStatus=true, preCheckPassed=false} to SafeModeStatus{safeModeStatus=true, preCheckPassed=false}.
2023-09-14 11:49:49,870 [Time-limited test] WARN  server.ServerUtils (ServerUtils.java:getDBPath(311)) - ozone.om.db.dirs is not configured. We recommend adding this setting. Falling back to ozone.metadata.dirs instead.
2023-09-14 11:49:49,872 [Time-limited test] INFO  ha.OMHANodeDetails (OMHANodeDetails.java:loadOMHAConfig(115)) - ozone.om.internal.service.id is not defined, falling back to ozone.om.service.ids to find serviceID for OzoneManager if it is HA enabled cluster
2023-09-14 11:49:49,872 [Time-limited test] INFO  ha.OMHANodeDetails (OMHANodeDetails.java:loadOMHAConfig(226)) - Configuration does not have ozone.om.address set. Falling back to the default OM address fv-az240-193.bcold04rutgefduts2gkrghvsa.bx.internal.cloudapp.net/10.1.136.0:1202
2023-09-14 11:49:49,872 [Time-limited test] INFO  ha.OMHANodeDetails (OMHANodeDetails.java:getOMNodeDetailsForNonHA(254)) - OM Service ID is not set. Setting it to the default ID: omServiceIdDefault
2023-09-14 11:49:49,872 [Time-limited test] INFO  ha.OMHANodeDetails (OMHANodeDetails.java:getOMNodeDetailsForNonHA(261)) - OM Node ID is not set. Setting it to the default ID: om1
2023-09-14 11:49:49,872 [Time-limited test] WARN  server.ServerUtils (ServerUtils.java:getDBPath(311)) - ozone.om.db.dirs is not configured. We recommend adding this setting. Falling back to ozone.metadata.dirs instead.
2023-09-14 11:49:49,873 [Time-limited test] INFO  upgrade.AbstractLayoutVersionManager (AbstractLayoutVersionManager.java:init(83)) - Initializing Layout version manager with metadata layout = QUOTA (version = 6), software layout = QUOTA (version = 6)
2023-09-14 11:49:49,949 [Time-limited test] INFO  reflections.Reflections (Reflections.java:scan(232)) - Reflections took 75 ms to scan 2 urls, producing 187 keys and 515 values [using 2 cores]
2023-09-14 11:49:49,949 [Time-limited test] INFO  upgrade.OMLayoutVersionManager (OMLayoutVersionManager.java:lambda$0(115)) - Skipping Upgrade Action MockOmUpgradeAction since it has been finalized.
2023-09-14 11:49:49,950 [Time-limited test] INFO  upgrade.OMLayoutVersionManager (OMLayoutVersionManager.java:lambda$0(115)) - Skipping Upgrade Action QuotaRepairUpgradeAction since it has been finalized.
2023-09-14 11:49:49,952 [pool-328-thread-2] INFO  request.KdcRequest (KdcRequest.java:preauth(651)) - The preauth data is empty.
2023-09-14 11:49:49,953 [pool-328-thread-2] INFO  server.KdcHandler (KdcHandler.java:handleRecoverableException(177)) - KRB error occurred while processing request:Additional pre-authentication required
2023-09-14 11:49:49,957 [pool-328-thread-2] INFO  request.AsRequest (AsRequest.java:issueTicket(112)) - AS_REQ ISSUE: authtime 1694692189957,om/fv-az240-193.bcold04rutgefduts2gkrghvsa.bx.internal.cloudapp.net@EXAMPLE.COM for krbtgt/EXAMPLE.COM@EXAMPLE.COM
2023-09-14 11:49:49,959 [Time-limited test] INFO  security.UserGroupInformation (UserGroupInformation.java:loginUserFromKeytab(1132)) - Login successful for user om/fv-az240-193.bcold04rutgefduts2gkrghvsa.bx.internal.cloudapp.net@EXAMPLE.COM using keytab file om.keytab. Keytab auto renewal enabled : false
2023-09-14 11:49:49,959 [Time-limited test] INFO  om.OzoneManager (OzoneManager.java:loginOMUser(1164)) - Ozone Manager login successful.
2023-09-14 11:49:49,959 [Time-limited test] WARN  server.ServerUtils (ServerUtils.java:getDBPath(311)) - ozone.om.db.dirs is not configured. We recommend adding this setting. Falling back to ozone.metadata.dirs instead.
2023-09-14 11:49:49,960 [Time-limited test] INFO  proxy.SCMBlockLocationFailoverProxyProvider (SCMBlockLocationFailoverProxyProvider.java:<init>(114)) - Created block location fail-over proxy with 1 nodes: [nodeId=scmNodeId,nodeAddress=/0.0.0.0:9863]
2023-09-14 11:49:49,961 [Time-limited test] INFO  om.OzoneManager (OzoneManager.java:getOmDetailsProto(4573)) - OzoneManager ports added:[name: "RPC"
value: 1202
]
2023-09-14 11:49:49,962 [Time-limited test] INFO  security.OMCertificateClient (DefaultCertificateClient.java:updateCertSerialId(1244)) - Certificate serial ID set to 9879877970576
2023-09-14 11:49:49,962 [Time-limited test] WARN  security.OMCertificateClient (DefaultCertificateClient.java:loadAllCertificates(173)) - Certificates could not be loaded.
java.nio.file.NoSuchFileException: /tmp/junit3341369413038303575/junit5083890211901009540/scm-meta/om/certs
	at sun.nio.fs.UnixException.translateToIOException(UnixException.java:86)
	at sun.nio.fs.UnixException.rethrowAsIOException(UnixException.java:102)
	at sun.nio.fs.UnixException.rethrowAsIOException(UnixException.java:107)
	at sun.nio.fs.UnixFileSystemProvider.newDirectoryStream(UnixFileSystemProvider.java:427)
	at java.nio.file.Files.newDirectoryStream(Files.java:457)
	at java.nio.file.Files.list(Files.java:3451)
	at org.apache.hadoop.hdds.security.x509.certificate.client.DefaultCertificateClient.loadAllCertificates(DefaultCertificateClient.java:168)
	at org.apache.hadoop.hdds.security.x509.certificate.client.DefaultCertificateClient.updateCertSerialId(DefaultCertificateClient.java:1245)
	at org.apache.hadoop.hdds.security.x509.certificate.client.DefaultCertificateClient.<init>(DefaultCertificateClient.java:157)
	at org.apache.hadoop.hdds.security.x509.certificate.client.CommonCertificateClient.<init>(CommonCertificateClient.java:49)
	at org.apache.hadoop.ozone.security.OMCertificateClient.<init>(OMCertificateClient.java:68)
	at org.apache.hadoop.ozone.om.OzoneManager.<init>(OzoneManager.java:643)
	at org.apache.hadoop.ozone.om.OzoneManager.createOm(OzoneManager.java:757)
	at org.apache.hadoop.ozone.TestSecureOzoneCluster.setupOm(TestSecureOzoneCluster.java:701)
	at org.apache.hadoop.ozone.TestSecureOzoneCluster.testAccessControlExceptionOnClient(TestSecureOzoneCluster.java:561)
	at sun.reflect.NativeMethodAccessorImpl.invoke0(Native Method)
	at sun.reflect.NativeMethodAccessorImpl.invoke(NativeMethodAccessorImpl.java:62)
	at sun.reflect.DelegatingMethodAccessorImpl.invoke(DelegatingMethodAccessorImpl.java:43)
	at java.lang.reflect.Method.invoke(Method.java:498)
	at org.junit.runners.model.FrameworkMethod$1.runReflectiveCall(FrameworkMethod.java:59)
	at org.junit.internal.runners.model.ReflectiveCallable.run(ReflectiveCallable.java:12)
	at org.junit.runners.model.FrameworkMethod.invokeExplosively(FrameworkMethod.java:56)
	at org.junit.internal.runners.statements.InvokeMethod.evaluate(InvokeMethod.java:17)
	at org.junit.internal.runners.statements.RunBefores.evaluate(RunBefores.java:26)
	at org.junit.internal.runners.statements.RunAfters.evaluate(RunAfters.java:27)
	at org.junit.rules.ExternalResource$1.evaluate(ExternalResource.java:54)
	at org.junit.internal.runners.statements.FailOnTimeout$CallableStatement.call(FailOnTimeout.java:288)
	at org.junit.internal.runners.statements.FailOnTimeout$CallableStatement.call(FailOnTimeout.java:282)
	at java.util.concurrent.FutureTask.run(FutureTask.java:266)
	at java.lang.Thread.run(Thread.java:750)
2023-09-14 11:49:49,966 [Time-limited test] INFO  om.OzoneManager (OzoneManager.java:<init>(665)) - OM start with adminUsers: [om/fv-az240-193.bcold04rutgefduts2gkrghvsa.bx.internal.cloudapp.net@EXAMPLE.COM, om]
2023-09-14 11:49:49,971 [Time-limited test] WARN  server.ServerUtils (ServerUtils.java:getDBPath(311)) - ozone.om.db.dirs is not configured. We recommend adding this setting. Falling back to ozone.metadata.dirs instead.
2023-09-14 11:49:49,971 [Time-limited test] INFO  helpers.OmKeyInfo (OmKeyInfo.java:getCodec(71)) - OmKeyInfo.getCodec ignorePipeline = true
2023-09-14 11:49:50,134 [Time-limited test] INFO  om.OzoneManager (OzoneManager.java:instantiateServices(794)) - S3 Multi-Tenancy is disabled
2023-09-14 11:49:50,135 [Time-limited test] INFO  security.OzoneSecretStore (OzoneSecretStore.java:loadState(69)) - Loaded 0 tokens
2023-09-14 11:49:50,135 [Time-limited test] INFO  security.OzoneDelegationTokenSecretManager (OzoneDelegationTokenSecretManager.java:loadTokenSecretState(530)) - Loading token state into token manager.
2023-09-14 11:49:50,135 [Time-limited test] INFO  om.OmSnapshotManager (OmSnapshotManager.java:<init>(174)) - Ozone filesystem snapshot feature is enabled.
2023-09-14 11:49:50,139 [Time-limited test] WARN  server.ServerUtils (ServerUtils.java:getDBPath(311)) - ozone.om.snapshot.diff.db.dir is not configured. We recommend adding this setting. Falling back to ozone.metadata.dirs instead.
2023-09-14 11:49:50,156 [Time-limited test] INFO  snapshot.SnapshotDiffManager (SnapshotDiffManager.java:closeExecutorService(1706)) - Shutting down executorService: 'SstDumpToolExecutor'
2023-09-14 11:49:50,158 [Time-limited test] INFO  om.OzoneManager (OzoneManager.java:addS3GVolumeToDB(4305)) - Created Volume s3v With Owner om required for S3Gateway operations.
2023-09-14 11:49:50,158 [Time-limited test] WARN  server.ServerUtils (ServerUtils.java:getDefaultRatisDirectory(323)) - Storage directory for Ratis is not configured. It is a good idea to map this to an SSD disk. Falling back to ozone.metadata.dirs
2023-09-14 11:49:50,158 [Time-limited test] WARN  utils.OzoneManagerRatisUtils (OzoneManagerRatisUtils.java:getOMRatisSnapshotDirectory(464)) - ozone.om.ratis.snapshot.dir is not configured. Falling back to ozone.metadata.dirs config
2023-09-14 11:49:50,162 [Time-limited test] WARN  server.ServerUtils (ServerUtils.java:getDefaultRatisDirectory(323)) - Storage directory for Ratis is not configured. It is a good idea to map this to an SSD disk. Falling back to ozone.metadata.dirs
2023-09-14 11:49:50,164 [Time-limited test] INFO  ratis.OzoneManagerRatisServer (OzoneManagerRatisServer.java:<init>(163)) - Instantiating OM Ratis server with groupID: omServiceIdDefault and peers: fv-az240-193.bcold04rutgefduts2gkrghvsa.bx.internal.cloudapp.net:9872
2023-09-14 11:49:50,166 [Time-limited test] INFO  ratis.OzoneManagerStateMachine (OzoneManagerStateMachine.java:loadSnapshotInfoFromDB(687)) - LastAppliedIndex is set from TransactionInfo from OM DB as (t:0, i:~)
2023-09-14 11:49:50,167 [Time-limited test] INFO  server.RaftServer (ConfUtils.java:logGet(46)) - raft.rpc.type = GRPC (default)
2023-09-14 11:49:50,167 [Time-limited test] INFO  grpc.GrpcConfigKeys (ConfUtils.java:logFallback(53)) - raft.grpc.admin.host = null (fallback to raft.grpc.server.host)
2023-09-14 11:49:50,167 [Time-limited test] INFO  grpc.GrpcConfigKeys (ConfUtils.java:logFallback(53)) - raft.grpc.admin.port = 9872 (fallback to raft.grpc.server.port)
2023-09-14 11:49:50,167 [Time-limited test] INFO  grpc.GrpcConfigKeys (ConfUtils.java:logFallback(53)) - raft.grpc.client.host = null (fallback to raft.grpc.server.host)
2023-09-14 11:49:50,167 [Time-limited test] INFO  grpc.GrpcConfigKeys (ConfUtils.java:logFallback(53)) - raft.grpc.client.port = 9872 (fallback to raft.grpc.server.port)
2023-09-14 11:49:50,167 [Time-limited test] INFO  grpc.GrpcConfigKeys (ConfUtils.java:logGet(46)) - raft.grpc.server.host = null (default)
2023-09-14 11:49:50,167 [Time-limited test] INFO  grpc.GrpcConfigKeys (ConfUtils.java:logGet(46)) - raft.grpc.server.port = 9872 (custom)
2023-09-14 11:49:50,167 [Time-limited test] INFO  server.GrpcService (ConfUtils.java:logGet(46)) - raft.grpc.message.size.max = 33554432 (custom)
2023-09-14 11:49:50,168 [Time-limited test] INFO  server.RaftServerConfigKeys (ConfUtils.java:logGet(46)) - raft.server.log.appender.buffer.byte-limit = 33554432 (custom)
2023-09-14 11:49:50,168 [Time-limited test] INFO  server.GrpcService (ConfUtils.java:logGet(46)) - raft.grpc.flow.control.window = 1MB (=1048576) (default)
2023-09-14 11:49:50,168 [Time-limited test] INFO  server.RaftServerConfigKeys (ConfUtils.java:logGet(46)) - raft.server.rpc.request.timeout = 3000ms (default)
2023-09-14 11:49:50,168 [Time-limited test] INFO  grpc.GrpcConfigKeys (ConfUtils.java:logGet(46)) - raft.grpc.server.heartbeat.channel = true (default)
2023-09-14 11:49:50,170 [Time-limited test] INFO  grpc.GrpcConfigKeys (ConfUtils.java:logGet(46)) - raft.grpc.server.async.request.thread.pool.cached = true (default)
2023-09-14 11:49:50,170 [Time-limited test] INFO  grpc.GrpcConfigKeys (ConfUtils.java:logGet(46)) - raft.grpc.server.async.request.thread.pool.size = 32 (default)
2023-09-14 11:49:50,171 [Time-limited test] INFO  impl.DataStreamServerImpl (ConfUtils.java:logGet(46)) - raft.datastream.type = DISABLED (default)
2023-09-14 11:49:50,172 [Time-limited test] INFO  server.RaftServerConfigKeys (ConfUtils.java:logGet(46)) - raft.server.threadpool.proxy.cached = true (default)
2023-09-14 11:49:50,172 [Time-limited test] INFO  server.RaftServerConfigKeys (ConfUtils.java:logGet(46)) - raft.server.threadpool.proxy.size = 0 (default)
2023-09-14 11:49:50,172 [Time-limited test] INFO  server.RaftServerConfigKeys (ConfUtils.java:logGet(46)) - raft.server.rpc.slowness.timeout = 120s (custom)
2023-09-14 11:49:50,172 [Time-limited test] INFO  server.RaftServerConfigKeys (ConfUtils.java:logGet(46)) - raft.server.leaderelection.leader.step-down.wait-time = 10s (default)
2023-09-14 11:49:50,172 [Time-limited test] INFO  server.RaftServerConfigKeys (ConfUtils.java:logGet(46)) - raft.server.storage.dir = [/tmp/junit3341369413038303575/junit5083890211901009540/scm-meta/ratis] (custom)
2023-09-14 11:49:50,172 [Time-limited test] INFO  server.RaftServer (RaftServerProxy.java:addNew(98)) - om1: addNew group-C5BA1605619E:[om1|rpc:fv-az240-193.bcold04rutgefduts2gkrghvsa.bx.internal.cloudapp.net:9872|priority:0|startupRole:FOLLOWER] returns group-C5BA1605619E:java.util.concurrent.CompletableFuture@5cc29a6f[Not completed]
2023-09-14 11:49:50,173 [Time-limited test] INFO  om.OzoneManager (OzoneManager.java:initializeRatisServer(2148)) - OzoneManager Ratis server initialized at port 9872
RaftServerImpl.java:<init>(198)) - om1: new RaftServerImpl for group-C5BA1605619E:[om1|rpc:fv-az240-193.bcold04rutgefduts2gkrghvsa.bx.internal.cloudapp.net:9872|priority:0|startupRole:FOLLOWER] with OzoneManagerStateMachine:uninitialized
2023-09-14 11:49:50,173 [Time-limited test] INFO  om.OzoneManager (OzoneManager.java:initializeRatisServer(2148)) - OzoneManager Ratis server initialized at port 9872
2023-09-14 11:49:50,173 [Time-limited test] INFO  om.OzoneManager (OzoneManager.java:getRpcServer(1196)) - Creating RPC Server
2023-09-14 11:49:50,174 [om1-groupManagement] INFO  server.RaftServerConfigKeys (ConfUtils.java:logGet(46)) - raft.server.rpc.timeout.min = 5s (custom)
2023-09-14 11:49:50,177 [om1-groupManagement] INFO  server.RaftServerConfigKeys (ConfUtils.java:logGet(46)) - raft.server.rpc.timeout.max = 5200ms (custom)
2023-09-14 11:49:50,177 [om1-groupManagement] INFO  server.RaftServerConfigKeys (ConfUtils.java:logGet(46)) - raft.server.rpc.sleep.time = 25ms (default)
2023-09-14 11:49:50,177 [om1-groupManagement] INFO  server.RaftServerConfigKeys (ConfUtils.java:logGet(46)) - raft.server.rpc.slowness.timeout = 120s (custom)
2023-09-14 11:49:50,177 [om1-groupManagement] INFO  server.RaftServerConfigKeys (ConfUtils.java:logGet(46)) - raft.server.leaderelection.leader.step-down.wait-time = 10s (default)
2023-09-14 11:49:50,178 [om1-groupManagement] INFO  server.RaftServerConfigKeys (ConfUtils.java:logGet(46)) - raft.server.sleep.deviation.threshold = 300ms (default)
2023-09-14 11:49:50,178 [om1-groupManagement] INFO  server.RaftServer$Division (ServerState.java:<init>(120)) - om1@group-C5BA1605619E: ConfigurationManager, init=-1: peers:[om1|rpc:fv-az240-193.bcold04rutgefduts2gkrghvsa.bx.internal.cloudapp.net:9872|priority:0|startupRole:FOLLOWER]|listeners:[], old=null, confs=<EMPTY_MAP>
2023-09-14 11:49:50,178 [om1-groupManagement] INFO  server.RaftServerConfigKeys (ConfUtils.java:logGet(46)) - raft.server.storage.dir = [/tmp/junit3341369413038303575/junit5083890211901009540/scm-meta/ratis] (custom)
2023-09-14 11:49:50,178 [om1-groupManagement] INFO  server.RaftServerConfigKeys (ConfUtils.java:logGet(46)) - raft.server.log.corruption.policy = EXCEPTION (default)
2023-09-14 11:49:50,178 [om1-groupManagement] INFO  server.RaftServerConfigKeys (ConfUtils.java:logGet(46)) - raft.server.storage.free-space.min = 0MB (=0) (default)
2023-09-14 11:49:50,178 [om1-groupManagement] INFO  server.RaftServerConfigKeys (ConfUtils.java:logGet(46)) - raft.server.notification.no-leader.timeout = 120s (custom)
2023-09-14 11:49:50,178 [om1-groupManagement] INFO  server.RaftServerConfigKeys (ConfUtils.java:logGet(46)) - raft.server.read.timeout = 10s (default)
2023-09-14 11:49:50,178 [om1-groupManagement] INFO  server.RaftServerConfigKeys (ConfUtils.java:logGet(46)) - raft.server.retrycache.expirytime = 300s (custom)
2023-09-14 11:49:50,178 [om1-groupManagement] INFO  server.RaftServerConfigKeys (ConfUtils.java:logGet(46)) - raft.server.retrycache.statistics.expirytime = 100μs (default)
2023-09-14 11:49:50,178 [om1-groupManagement] INFO  server.RaftServerConfigKeys (ConfUtils.java:logGet(46)) - raft.server.read.option = DEFAULT (default)
2023-09-14 11:49:50,182 [om1-groupManagement] INFO  server.RaftServerConfigKeys (ConfUtils.java:logGet(46)) - raft.server.rpc.request.timeout = 3000ms (default)
2023-09-14 11:49:50,182 [om1-groupManagement] INFO  server.RaftServerConfigKeys (ConfUtils.java:logGet(46)) - raft.server.log.appender.install.snapshot.enabled = false (custom)
2023-09-14 11:49:50,182 [om1-groupManagement] INFO  server.RaftServerConfigKeys (ConfUtils.java:logGet(46)) - raft.server.threadpool.server.cached = true (default)
2023-09-14 11:49:50,183 [om1-groupManagement] INFO  server.RaftServerConfigKeys (ConfUtils.java:logGet(46)) - raft.server.threadpool.server.size = 0 (default)
2023-09-14 11:49:50,183 [om1-groupManagement] INFO  server.RaftServerConfigKeys (ConfUtils.java:logGet(46)) - raft.server.threadpool.client.cached = true (default)
2023-09-14 11:49:50,183 [om1-groupManagement] INFO  server.RaftServerConfigKeys (ConfUtils.java:logGet(46)) - raft.server.threadpool.client.size = 0 (default)
2023-09-14 11:49:50,558 [Time-limited test] INFO  reflections.Reflections (Reflections.java:scan(232)) - Reflections took 384 ms to scan 20 urls, producing 70 keys and 6001 values [using 2 cores]
2023-09-14 11:49:50,560 [Time-limited test] INFO  ipc.CallQueueManager (CallQueueManager.java:<init>(90)) - Using callQueue: class java.util.concurrent.LinkedBlockingQueue, queueCapacity: 10000, scheduler: class org.apache.hadoop.ipc.DefaultRpcScheduler, ipcBackoff: false.
2023-09-14 11:49:50,561 [Time-limited test] INFO  ipc.Server (Server.java:<init>(1287)) - Listener at fv-az240-193.bcold04rutgefduts2gkrghvsa.bx.internal.cloudapp.net:1202
2023-09-14 11:49:50,561 [Socket Reader #1 for port 1202] INFO  ipc.Server (Server.java:run(1323)) - Starting Socket Reader #1 for port 1202
2023-09-14 11:49:51,055 [Time-limited test] INFO  utils.SelfSignedCertificate (SelfSignedCertificate.java:generateCertificate(157)) - Certificate 1 is issued by CN=rootCA@localhost,OU=scm1,O=cluster1 to CN=rootCA@localhost,OU=scm1,O=cluster1, valid from Thu Sep 14 11:49:51 UTC 2023 to Sun Oct 22 11:49:51 UTC 2028
2023-09-14 11:49:51,058 [Time-limited test] INFO  authority.DefaultApprover (DefaultApprover.java:sign(154)) - Extensions in CSR: 2.5.29.15
2023-09-14 11:49:51,059 [Time-limited test] INFO  authority.DefaultApprover (DefaultApprover.java:sign(158)) - Extensions to add to the certificate if they present in CSR: 2.5.29.17, 2.5.29.19, 1.3.6.1.5.5.7.1.12, 2.5.29.35, 2.5.29.37, 2.5.29.15
2023-09-14 11:49:51,061 [Time-limited test] INFO  ssl.ReloadingX509KeyManager (ReloadingX509KeyManager.java:loadKeyManager(222)) - Key manager is loaded with certificate chain
2023-09-14 11:49:51,062 [Time-limited test] INFO  ssl.ReloadingX509KeyManager (ReloadingX509KeyManager.java:loadKeyManager(224)) - [
[
  Version: V3
  Subject: O=cluster1, OU=scm1, CN=localhost
  Signature Algorithm: SHA256withRSA, OID = 1.2.840.113549.1.1.11

  Key:  Sun RSA public key, 2048 bits
  params: null
  modulus: 22069717402901709357764263415371655809199143365389279276326329383241657704883926739240488687207258718975884289281449007730226542645472381502729211022478161759256605851418064785812029623314890612484328906795777304260374376414649537086346951594378924772413069722046610682563847780113608623395502595733314140830841943234739112502933344105653925742793939177473997968394060646987322226110230354732768369312793978693809451442603301132857120813235024116922047178666176289056222220124853971605126564698557317886328195395346695280936200161551905026027322162435596443842208119710096054918437250610155997136542466448157464041277
  public exponent: 65537
  Validity: [From: Thu Sep 14 11:49:51 UTC 2023,
               To: Fri Sep 13 11:49:51 UTC 2024]
  Issuer: O=cluster1, OU=scm1, CN=rootCA@localhost
  SerialNumber: [    01d536a8 65e9]

Certificate Extensions: 1
[1]: ObjectId: 2.5.29.15 Criticality=true
KeyUsage [
  DigitalSignature
  Key_Encipherment
  Data_Encipherment
  Key_Agreement
]

]
  Algorithm: [SHA256withRSA]
  Signature:
0000: 84 95 AD 18 32 FE 13 7F   0F 6B 25 DE 7D DA D4 42  ....2....k%....B
0010: 91 2C 8C A0 39 7E 70 78   54 F8 83 B9 B2 91 AD E6  .,..9.pxT.......
0020: E6 20 73 88 08 52 D1 4A   7D E7 2B 67 D5 A5 77 68  . s..R.J..+g..wh
0030: 62 71 4B 94 B8 8D 96 FC   B9 D0 8F DB BB 95 B9 F8  bqK.............
0040: 12 24 61 BA D2 94 FB 40   8E 50 6E 0B FA E4 55 C2  .$a....@.Pn...U.
0050: DF 0A C3 C8 26 58 3A E9   D8 57 A2 3C 5E 2E 83 2A  ....&X:..W.<^..*
0060: 19 D6 E2 D0 D0 27 CB 90   77 AC B2 9F 1F BF 3B A0  .....'..w.....;.
0070: 7B A5 E9 44 29 87 57 04   65 33 17 26 D9 2D B0 0E  ...D).W.e3.&.-..
0080: A6 1D EB A8 4F B3 FE D8   7C 07 98 F8 52 4C 06 7A  ....O.......RL.z
0090: 66 4F 7E 9A 35 E4 61 23   C4 2B 14 8C 5C D5 3A 34  fO..5.a#.+..\.:4
00A0: 11 42 92 1D 66 5B 1C DF   AC 62 6D 09 8D 2E A6 3D  .B..f[...bm....=
00B0: 42 F9 52 E5 53 7C D2 6A   2F 3D E3 CE BE E8 CF F0  B.R.S..j/=......
00C0: C1 C9 9E 7B 6A 48 CA AE   F5 05 96 F3 6D 8C 71 B3  ....jH......m.q.
00D0: C8 A8 7E 61 A9 96 EE F6   A3 D7 F6 D9 90 42 E6 F8  ...a.........B..
00E0: 13 A4 18 FA 58 33 07 3E   9C 26 F0 AF 29 EF D7 49  ....X3.>.&..)..I
00F0: A0 0A 20 B0 12 DC C2 EE   50 ED 94 2F AD 2D AB 67  .. .....P../.-.g

]
2023-09-14 11:49:51,063 [Time-limited test] INFO  ssl.ReloadingX509KeyManager (ReloadingX509KeyManager.java:loadKeyManager(224)) - [
[
  Version: V3
  Subject: O=cluster1, OU=scm1, CN=rootCA@localhost
  Signature Algorithm: SHA256withRSA, OID = 1.2.840.113549.1.1.11

  Key:  Sun RSA public key, 2048 bits
  params: null
  modulus: 22737591743715639728477316720727195325410024367741196190052935034910152253570432607700537228455753828328939078617577616091749810672182571436428159479679444568512505877259671112058668501774242803228098057294146566470980680470636212798958561781008794324398716090034228478855527482991391928894280410190407167813481112988504513133823126416236096417784604240271677951290021538214643447093921027438978906769188096895396701758723709696490825532507197304421859634806202642347441423748933925595767985798716414655106570993513021667298034714218942127825723866621860449017569185616475498133086202356405461594496649553230034856139
  public exponent: 65537
  Validity: [From: Thu Sep 14 11:49:51 UTC 2023,
               To: Sun Oct 22 11:49:51 UTC 2028]
  Issuer: O=cluster1, OU=scm1, CN=rootCA@localhost
  SerialNumber: [    01]

Certificate Extensions: 2
[1]: ObjectId: 2.5.29.19 Criticality=true
BasicConstraints:[
  CA:true
  PathLen:2147483647
]

[2]: ObjectId: 2.5.29.15 Criticality=true
KeyUsage [
  Key_CertSign
  Crl_Sign
]

]
  Algorithm: [SHA256withRSA]
  Signature:
0000: 73 77 9F 3B E2 7B 89 C7   50 3A F6 86 31 03 9B DF  sw.;....P:..1...
0010: 84 EA 0D 15 99 8B 96 41   02 C8 DA 79 5A 23 90 E6  .......A...yZ#..
0020: EE 48 12 A3 8D A5 DC C7   0B 8E 1F 4D 9F 26 69 4E  .H.........M.&iN
0030: 70 7D DE 7A 43 BF 65 57   45 C8 86 53 49 01 81 36  p..zC.eWE..SI..6
0040: 67 5C AB 9A D1 77 E1 D2   52 A9 97 4A 3C 37 C8 5C  g\...w..R..J<7.\
0050: 2C A5 A8 EF 92 53 96 6A   55 57 06 CF 74 F6 5C 3B  ,....S.jUW..t.\;
0060: DF AB CD 47 43 CC 2C ED   A0 A9 96 00 57 A6 67 D4  ...GC.,.....W.g.
0070: 58 CE CB 85 B0 E9 48 19   62 E5 C6 AB B3 37 F2 FA  X.....H.b....7..
0080: 65 2B 52 3A 41 BA 64 D4   D4 CC 20 9B 2E 8A BC 2C  e+R:A.d... ....,
0090: E1 46 D7 BE 13 39 4A F8   8E B8 1B 99 48 1B 42 92  .F...9J.....H.B.
00A0: 19 B1 B4 D9 B3 76 69 A6   55 06 35 E8 BA 70 A9 0F  .....vi.U.5..p..
00B0: AB 8D FB E5 09 B3 17 17   3D 57 DB CA DA 60 3B 34  ........=W...`;4
00C0: 7B BE 8C 3F 61 FA F4 58   4A 82 6A 55 BD 67 A7 B4  ...?a..XJ.jU.g..
00D0: 4A 1C 2F 90 36 6D D3 6E   D3 74 D4 D6 85 B4 24 78  J./.6m.n.t....$x
00E0: 21 51 5C 69 BD 46 62 DF   2C 06 2B 4C 13 45 4A C2  !Q\i.Fb.,.+L.EJ.
00F0: 23 17 E7 CA 06 47 CB 24   DC 82 C4 6B F3 35 CC 68  #....G.$...k.5.h

]
2023-09-14 11:49:51,064 [Time-limited test] INFO  ssl.ReloadingX509TrustManager (ReloadingX509TrustManager.java:insertCertsToKeystore(188)) - Trust manager is loaded with certificates
2023-09-14 11:49:51,065 [Time-limited test] INFO  ssl.ReloadingX509TrustManager (ReloadingX509TrustManager.java:insertCertsToKeystore(192)) - [
[
  Version: V3
  Subject: O=cluster1, OU=scm1, CN=rootCA@localhost
  Signature Algorithm: SHA256withRSA, OID = 1.2.840.113549.1.1.11

  Key:  Sun RSA public key, 2048 bits
  params: null
  modulus: 22737591743715639728477316720727195325410024367741196190052935034910152253570432607700537228455753828328939078617577616091749810672182571436428159479679444568512505877259671112058668501774242803228098057294146566470980680470636212798958561781008794324398716090034228478855527482991391928894280410190407167813481112988504513133823126416236096417784604240271677951290021538214643447093921027438978906769188096895396701758723709696490825532507197304421859634806202642347441423748933925595767985798716414655106570993513021667298034714218942127825723866621860449017569185616475498133086202356405461594496649553230034856139
  public exponent: 65537
  Validity: [From: Thu Sep 14 11:49:51 UTC 2023,
               To: Sun Oct 22 11:49:51 UTC 2028]
  Issuer: O=cluster1, OU=scm1, CN=rootCA@localhost
  SerialNumber: [    01]

Certificate Extensions: 2
[1]: ObjectId: 2.5.29.19 Criticality=true
BasicConstraints:[
  CA:true
  PathLen:2147483647
]

[2]: ObjectId: 2.5.29.15 Criticality=true
KeyUsage [
  Key_CertSign
  Crl_Sign
]

]
  Algorithm: [SHA256withRSA]
  Signature:
0000: 73 77 9F 3B E2 7B 89 C7   50 3A F6 86 31 03 9B DF  sw.;....P:..1...
0010: 84 EA 0D 15 99 8B 96 41   02 C8 DA 79 5A 23 90 E6  .......A...yZ#..
0020: EE 48 12 A3 8D A5 DC C7   0B 8E 1F 4D 9F 26 69 4E  .H.........M.&iN
0030: 70 7D DE 7A 43 BF 65 57   45 C8 86 53 49 01 81 36  p..zC.eWE..SI..6
0040: 67 5C AB 9A D1 77 E1 D2   52 A9 97 4A 3C 37 C8 5C  g\...w..R..J<7.\
0050: 2C A5 A8 EF 92 53 96 6A   55 57 06 CF 74 F6 5C 3B  ,....S.jUW..t.\;
0060: DF AB CD 47 43 CC 2C ED   A0 A9 96 00 57 A6 67 D4  ...GC.,.....W.g.
0070: 58 CE CB 85 B0 E9 48 19   62 E5 C6 AB B3 37 F2 FA  X.....H.b....7..
0080: 65 2B 52 3A 41 BA 64 D4   D4 CC 20 9B 2E 8A BC 2C  e+R:A.d... ....,
0090: E1 46 D7 BE 13 39 4A F8   8E B8 1B 99 48 1B 42 92  .F...9J.....H.B.
00A0: 19 B1 B4 D9 B3 76 69 A6   55 06 35 E8 BA 70 A9 0F  .....vi.U.5..p..
00B0: AB 8D FB E5 09 B3 17 17   3D 57 DB CA DA 60 3B 34  ........=W...`;4
00C0: 7B BE 8C 3F 61 FA F4 58   4A 82 6A 55 BD 67 A7 B4  ...?a..XJ.jU.g..
00D0: 4A 1C 2F 90 36 6D D3 6E   D3 74 D4 D6 85 B4 24 78  J./.6m.n.t....$x
00E0: 21 51 5C 69 BD 46 62 DF   2C 06 2B 4C 13 45 4A C2  !Q\i.Fb.,.+L.EJ.
00F0: 23 17 E7 CA 06 47 CB 24   DC 82 C4 6B F3 35 CC 68  #....G.$...k.5.h

]
2023-09-14 11:49:51,065 [Time-limited test] INFO  ssl.ReloadingX509KeyManager (ReloadingX509KeyManager.java:loadKeyManager(222)) - Key manager is loaded with certificate chain
2023-09-14 11:49:51,066 [Time-limited test] INFO  ssl.ReloadingX509KeyManager (ReloadingX509KeyManager.java:loadKeyManager(224)) - [
[
  Version: V3
  Subject: O=cluster1, OU=scm1, CN=localhost
  Signature Algorithm: SHA256withRSA, OID = 1.2.840.113549.1.1.11

  Key:  Sun RSA public key, 2048 bits
  params: null
  modulus: 22069717402901709357764263415371655809199143365389279276326329383241657704883926739240488687207258718975884289281449007730226542645472381502729211022478161759256605851418064785812029623314890612484328906795777304260374376414649537086346951594378924772413069722046610682563847780113608623395502595733314140830841943234739112502933344105653925742793939177473997968394060646987322226110230354732768369312793978693809451442603301132857120813235024116922047178666176289056222220124853971605126564698557317886328195395346695280936200161551905026027322162435596443842208119710096054918437250610155997136542466448157464041277
  public exponent: 65537
  Validity: [From: Thu Sep 14 11:49:51 UTC 2023,
               To: Fri Sep 13 11:49:51 UTC 2024]
  Issuer: O=cluster1, OU=scm1, CN=rootCA@localhost
  SerialNumber: [    01d536a8 65e9]

Certificate Extensions: 1
[1]: ObjectId: 2.5.29.15 Criticality=true
KeyUsage [
  DigitalSignature
  Key_Encipherment
  Data_Encipherment
  Key_Agreement
]

]
  Algorithm: [SHA256withRSA]
  Signature:
0000: 84 95 AD 18 32 FE 13 7F   0F 6B 25 DE 7D DA D4 42  ....2....k%....B
0010: 91 2C 8C A0 39 7E 70 78   54 F8 83 B9 B2 91 AD E6  .,..9.pxT.......
0020: E6 20 73 88 08 52 D1 4A   7D E7 2B 67 D5 A5 77 68  . s..R.J..+g..wh
0030: 62 71 4B 94 B8 8D 96 FC   B9 D0 8F DB BB 95 B9 F8  bqK.............
0040: 12 24 61 BA D2 94 FB 40   8E 50 6E 0B FA E4 55 C2  .$a....@.Pn...U.
0050: DF 0A C3 C8 26 58 3A E9   D8 57 A2 3C 5E 2E 83 2A  ....&X:..W.<^..*
0060: 19 D6 E2 D0 D0 27 CB 90   77 AC B2 9F 1F BF 3B A0  .....'..w.....;.
0070: 7B A5 E9 44 29 87 57 04   65 33 17 26 D9 2D B0 0E  ...D).W.e3.&.-..
0080: A6 1D EB A8 4F B3 FE D8   7C 07 98 F8 52 4C 06 7A  ....O.......RL.z
0090: 66 4F 7E 9A 35 E4 61 23   C4 2B 14 8C 5C D5 3A 34  fO..5.a#.+..\.:4
00A0: 11 42 92 1D 66 5B 1C DF   AC 62 6D 09 8D 2E A6 3D  .B..f[...bm....=
00B0: 42 F9 52 E5 53 7C D2 6A   2F 3D E3 CE BE E8 CF F0  B.R.S..j/=......
00C0: C1 C9 9E 7B 6A 48 CA AE   F5 05 96 F3 6D 8C 71 B3  ....jH......m.q.
00D0: C8 A8 7E 61 A9 96 EE F6   A3 D7 F6 D9 90 42 E6 F8  ...a.........B..
00E0: 13 A4 18 FA 58 33 07 3E   9C 26 F0 AF 29 EF D7 49  ....X3.>.&..)..I
00F0: A0 0A 20 B0 12 DC C2 EE   50 ED 94 2F AD 2D AB 67  .. .....P../.-.g

]
2023-09-14 11:49:51,067 [Time-limited test] INFO  ssl.ReloadingX509KeyManager (ReloadingX509KeyManager.java:loadKeyManager(224)) - [
[
  Version: V3
  Subject: O=cluster1, OU=scm1, CN=rootCA@localhost
  Signature Algorithm: SHA256withRSA, OID = 1.2.840.113549.1.1.11

  Key:  Sun RSA public key, 2048 bits
  params: null
  modulus: 22737591743715639728477316720727195325410024367741196190052935034910152253570432607700537228455753828328939078617577616091749810672182571436428159479679444568512505877259671112058668501774242803228098057294146566470980680470636212798958561781008794324398716090034228478855527482991391928894280410190407167813481112988504513133823126416236096417784604240271677951290021538214643447093921027438978906769188096895396701758723709696490825532507197304421859634806202642347441423748933925595767985798716414655106570993513021667298034714218942127825723866621860449017569185616475498133086202356405461594496649553230034856139
  public exponent: 65537
  Validity: [From: Thu Sep 14 11:49:51 UTC 2023,
               To: Sun Oct 22 11:49:51 UTC 2028]
  Issuer: O=cluster1, OU=scm1, CN=rootCA@localhost
  SerialNumber: [    01]

Certificate Extensions: 2
[1]: ObjectId: 2.5.29.19 Criticality=true
BasicConstraints:[
  CA:true
  PathLen:2147483647
]

[2]: ObjectId: 2.5.29.15 Criticality=true
KeyUsage [
  Key_CertSign
  Crl_Sign
]

]
  Algorithm: [SHA256withRSA]
  Signature:
0000: 73 77 9F 3B E2 7B 89 C7   50 3A F6 86 31 03 9B DF  sw.;....P:..1...
0010: 84 EA 0D 15 99 8B 96 41   02 C8 DA 79 5A 23 90 E6  .......A...yZ#..
0020: EE 48 12 A3 8D A5 DC C7   0B 8E 1F 4D 9F 26 69 4E  .H.........M.&iN
0030: 70 7D DE 7A 43 BF 65 57   45 C8 86 53 49 01 81 36  p..zC.eWE..SI..6
0040: 67 5C AB 9A D1 77 E1 D2   52 A9 97 4A 3C 37 C8 5C  g\...w..R..J<7.\
0050: 2C A5 A8 EF 92 53 96 6A   55 57 06 CF 74 F6 5C 3B  ,....S.jUW..t.\;
0060: DF AB CD 47 43 CC 2C ED   A0 A9 96 00 57 A6 67 D4  ...GC.,.....W.g.
0070: 58 CE CB 85 B0 E9 48 19   62 E5 C6 AB B3 37 F2 FA  X.....H.b....7..
0080: 65 2B 52 3A 41 BA 64 D4   D4 CC 20 9B 2E 8A BC 2C  e+R:A.d... ....,
0090: E1 46 D7 BE 13 39 4A F8   8E B8 1B 99 48 1B 42 92  .F...9J.....H.B.
00A0: 19 B1 B4 D9 B3 76 69 A6   55 06 35 E8 BA 70 A9 0F  .....vi.U.5..p..
00B0: AB 8D FB E5 09 B3 17 17   3D 57 DB CA DA 60 3B 34  ........=W...`;4
00C0: 7B BE 8C 3F 61 FA F4 58   4A 82 6A 55 BD 67 A7 B4  ...?a..XJ.jU.g..
00D0: 4A 1C 2F 90 36 6D D3 6E   D3 74 D4 D6 85 B4 24 78  J./.6m.n.t....$x
00E0: 21 51 5C 69 BD 46 62 DF   2C 06 2B 4C 13 45 4A C2  !Q\i.Fb.,.+L.EJ.
00F0: 23 17 E7 CA 06 47 CB 24   DC 82 C4 6B F3 35 CC 68  #....G.$...k.5.h

]
2023-09-14 11:49:51,067 [Time-limited test] INFO  ssl.ReloadingX509TrustManager (ReloadingX509TrustManager.java:insertCertsToKeystore(188)) - Trust manager is loaded with certificates
2023-09-14 11:49:51,068 [Time-limited test] INFO  ssl.ReloadingX509TrustManager (ReloadingX509TrustManager.java:insertCertsToKeystore(192)) - [
[
  Version: V3
  Subject: O=cluster1, OU=scm1, CN=rootCA@localhost
  Signature Algorithm: SHA256withRSA, OID = 1.2.840.113549.1.1.11

  Key:  Sun RSA public key, 2048 bits
  params: null
  modulus: 22737591743715639728477316720727195325410024367741196190052935034910152253570432607700537228455753828328939078617577616091749810672182571436428159479679444568512505877259671112058668501774242803228098057294146566470980680470636212798958561781008794324398716090034228478855527482991391928894280410190407167813481112988504513133823126416236096417784604240271677951290021538214643447093921027438978906769188096895396701758723709696490825532507197304421859634806202642347441423748933925595767985798716414655106570993513021667298034714218942127825723866621860449017569185616475498133086202356405461594496649553230034856139
  public exponent: 65537
  Validity: [From: Thu Sep 14 11:49:51 UTC 2023,
               To: Sun Oct 22 11:49:51 UTC 2028]
  Issuer: O=cluster1, OU=scm1, CN=rootCA@localhost
  SerialNumber: [    01]

Certificate Extensions: 2
[1]: ObjectId: 2.5.29.19 Criticality=true
BasicConstraints:[
  CA:true
  PathLen:2147483647
]

[2]: ObjectId: 2.5.29.15 Criticality=true
KeyUsage [
  Key_CertSign
  Crl_Sign
]

]
  Algorithm: [SHA256withRSA]
  Signature:
0000: 73 77 9F 3B E2 7B 89 C7   50 3A F6 86 31 03 9B DF  sw.;....P:..1...
0010: 84 EA 0D 15 99 8B 96 41   02 C8 DA 79 5A 23 90 E6  .......A...yZ#..
0020: EE 48 12 A3 8D A5 DC C7   0B 8E 1F 4D 9F 26 69 4E  .H.........M.&iN
0030: 70 7D DE 7A 43 BF 65 57   45 C8 86 53 49 01 81 36  p..zC.eWE..SI..6
0040: 67 5C AB 9A D1 77 E1 D2   52 A9 97 4A 3C 37 C8 5C  g\...w..R..J<7.\
0050: 2C A5 A8 EF 92 53 96 6A   55 57 06 CF 74 F6 5C 3B  ,....S.jUW..t.\;
0060: DF AB CD 47 43 CC 2C ED   A0 A9 96 00 57 A6 67 D4  ...GC.,.....W.g.
0070: 58 CE CB 85 B0 E9 48 19   62 E5 C6 AB B3 37 F2 FA  X.....H.b....7..
0080: 65 2B 52 3A 41 BA 64 D4   D4 CC 20 9B 2E 8A BC 2C  e+R:A.d... ....,
0090: E1 46 D7 BE 13 39 4A F8   8E B8 1B 99 48 1B 42 92  .F...9J.....H.B.
00A0: 19 B1 B4 D9 B3 76 69 A6   55 06 35 E8 BA 70 A9 0F  .....vi.U.5..p..
00B0: AB 8D FB E5 09 B3 17 17   3D 57 DB CA DA 60 3B 34  ........=W...`;4
00C0: 7B BE 8C 3F 61 FA F4 58   4A 82 6A 55 BD 67 A7 B4  ...?a..XJ.jU.g..
00D0: 4A 1C 2F 90 36 6D D3 6E   D3 74 D4 D6 85 B4 24 78  J./.6m.n.t....$x
00E0: 21 51 5C 69 BD 46 62 DF   2C 06 2B 4C 13 45 4A C2  !Q\i.Fb.,.+L.EJ.
00F0: 23 17 E7 CA 06 47 CB 24   DC 82 C4 6B F3 35 CC 68  #....G.$...k.5.h

]
2023-09-14 11:49:51,069 [Time-limited test] INFO  impl.MetricsSystemImpl (MetricsSystemImpl.java:init(158)) - OzoneManager metrics system started (again)
2023-09-14 11:49:51,081 [Time-limited test] INFO  om.OzoneManager (OzoneManager.java:start(1633)) - OzoneManager RPC server is listening at fv-az240-193.bcold04rutgefduts2gkrghvsa.bx.internal.cloudapp.net/10.1.136.0:1202
2023-09-14 11:49:51,081 [Time-limited test] INFO  ratis.OzoneManagerRatisServer (OzoneManagerRatisServer.java:start(558)) - Starting OzoneManagerRatisServer om1 at port 9872
2023-09-14 11:49:51,081 [om1-impl-thread1] INFO  storage.RaftStorageDirectory (RaftStorageDirectoryImpl.java:analyzeStorage(137)) - The storage directory /tmp/junit3341369413038303575/junit5083890211901009540/scm-meta/ratis/bf265839-605b-3f16-9796-c5ba1605619e does not exist. Creating ...
2023-09-14 11:49:51,083 [om1-impl-thread1] INFO  storage.RaftStorageDirectory (RaftStorageDirectoryImpl.java:tryLock(231)) - Lock on /tmp/junit3341369413038303575/junit5083890211901009540/scm-meta/ratis/bf265839-605b-3f16-9796-c5ba1605619e/in_use.lock acquired by nodename 22754@fv-az240-193
2023-09-14 11:49:51,084 [om1-impl-thread1] INFO  storage.RaftStorage (RaftStorageImpl.java:format(96)) - Storage directory /tmp/junit3341369413038303575/junit5083890211901009540/scm-meta/ratis/bf265839-605b-3f16-9796-c5ba1605619e has been successfully formatted.
2023-09-14 11:49:51,084 [om1-impl-thread1] INFO  server.RaftServerConfigKeys (ConfUtils.java:logGet(46)) - raft.server.log.use.memory = false (default)
2023-09-14 11:49:51,084 [om1-impl-thread1] INFO  server.RaftServerConfigKeys (ConfUtils.java:logGet(46)) - raft.server.log.purge.gap = 1000000 (custom)
2023-09-14 11:49:51,084 [om1-impl-thread1] INFO  server.RaftServerConfigKeys (ConfUtils.java:logGet(46)) - raft.server.log.appender.buffer.byte-limit = 33554432 (custom)
2023-09-14 11:49:51,084 [om1-impl-thread1] INFO  server.RaftServerConfigKeys (ConfUtils.java:logGet(46)) - raft.server.log.statemachine.data.read.timeout = 1000ms (default)
2023-09-14 11:49:51,085 [om1-impl-thread1] INFO  server.RaftServerConfigKeys (ConfUtils.java:logGet(46)) - raft.server.log.purge.preservation.log.num = 0 (default)
2023-09-14 11:49:51,085 [om1-impl-thread1] INFO  server.RaftServerConfigKeys (ConfUtils.java:logGet(46)) - raft.server.log.segment.size.max = 4194304 (custom)
2023-09-14 11:49:51,085 [om1-impl-thread1] INFO  server.RaftServerConfigKeys (ConfUtils.java:logGet(46)) - raft.server.log.segment.cache.num.max = 2 (custom)
2023-09-14 11:49:51,085 [om1-impl-thread1] INFO  server.RaftServerConfigKeys (ConfUtils.java:logGet(46)) - raft.server.log.segment.cache.size.max = 200MB (=209715200) (default)
2023-09-14 11:49:51,085 [om1-impl-thread1] INFO  server.RaftServerConfigKeys (ConfUtils.java:logGet(46)) - raft.server.log.appender.buffer.byte-limit = 33554432 (custom)
2023-09-14 11:49:51,085 [om1-impl-thread1] INFO  segmented.SegmentedRaftLogWorker (SegmentedRaftLogWorker.java:<init>(188)) - new om1@group-C5BA1605619E-SegmentedRaftLogWorker for RaftStorageImpl:Storage Directory /tmp/junit3341369413038303575/junit5083890211901009540/scm-meta/ratis/bf265839-605b-3f16-9796-c5ba1605619e
2023-09-14 11:49:51,085 [om1-impl-thread1] INFO  server.RaftServerConfigKeys (ConfUtils.java:logGet(46)) - raft.server.log.queue.byte-limit = 64MB (=67108864) (default)
2023-09-14 11:49:51,085 [om1-impl-thread1] INFO  server.RaftServerConfigKeys (ConfUtils.java:logGet(46)) - raft.server.log.queue.element-limit = 4096 (default)
2023-09-14 11:49:51,085 [om1-impl-thread1] INFO  server.RaftServerConfigKeys (ConfUtils.java:logGet(46)) - raft.server.log.segment.size.max = 4194304 (custom)
2023-09-14 11:49:51,085 [om1-impl-thread1] INFO  server.RaftServerConfigKeys (ConfUtils.java:logGet(46)) - raft.server.log.preallocated.size = 4194304 (custom)
2023-09-14 11:49:51,085 [om1-impl-thread1] INFO  server.RaftServerConfigKeys (ConfUtils.java:logGet(46)) - raft.server.log.force.sync.num = 128 (default)
2023-09-14 11:49:51,085 [om1-impl-thread1] INFO  server.RaftServerConfigKeys (ConfUtils.java:logGet(46)) - raft.server.log.statemachine.data.sync = true (default)
2023-09-14 11:49:51,085 [om1-impl-thread1] INFO  server.RaftServerConfigKeys (ConfUtils.java:logGet(46)) - raft.server.log.statemachine.data.sync.timeout = 10s (default)
2023-09-14 11:49:51,086 [om1-impl-thread1] INFO  server.RaftServerConfigKeys (ConfUtils.java:logGet(46)) - raft.server.log.statemachine.data.sync.timeout.retry = -1 (default)
2023-09-14 11:49:51,086 [om1-impl-thread1] INFO  server.RaftServerConfigKeys (ConfUtils.java:logGet(46)) - raft.server.log.write.buffer.size = 64KB (=65536) (default)
2023-09-14 11:49:51,086 [om1-impl-thread1] INFO  server.RaftServerConfigKeys (ConfUtils.java:logGet(46)) - raft.server.log.appender.buffer.byte-limit = 33554432 (custom)
2023-09-14 11:49:51,091 [om1-impl-thread1] INFO  server.RaftServerConfigKeys (ConfUtils.java:logGet(46)) - raft.server.log.unsafe-flush.enabled = false (default)
2023-09-14 11:49:51,091 [om1-impl-thread1] INFO  server.RaftServerConfigKeys (ConfUtils.java:logGet(46)) - raft.server.log.async-flush.enabled = false (default)
2023-09-14 11:49:51,091 [om1-impl-thread1] INFO  server.RaftServerConfigKeys (ConfUtils.java:logGet(46)) - raft.server.log.statemachine.data.caching.enabled = false (default)
2023-09-14 11:49:51,091 [om1-impl-thread1] INFO  segmented.SegmentedRaftLogWorker (SegmentedRaftLogWorker.java:lambda$new$0(135)) - om1@group-C5BA1605619E-SegmentedRaftLogWorker: flushIndex: setUnconditionally 0 -> -1
2023-09-14 11:49:51,091 [om1-impl-thread1] INFO  segmented.SegmentedRaftLogWorker (SegmentedRaftLogWorker.java:lambda$new$0(135)) - om1@group-C5BA1605619E-SegmentedRaftLogWorker: safeCacheEvictIndex: setUnconditionally 0 -> -1
2023-09-14 11:49:51,091 [om1-impl-thread1] INFO  server.RaftServer$Division (RaftServerImpl.java:start(342)) - om1@group-C5BA1605619E: start as a follower, conf=-1: peers:[om1|rpc:fv-az240-193.bcold04rutgefduts2gkrghvsa.bx.internal.cloudapp.net:9872|priority:0|startupRole:FOLLOWER]|listeners:[], old=null
2023-09-14 11:49:51,092 [om1-impl-thread1] INFO  server.RaftServer$Division (RaftServerImpl.java:setRole(329)) - om1@group-C5BA1605619E: changes role from      null to FOLLOWER at term 0 for startAsFollower
2023-09-14 11:49:51,092 [om1-impl-thread1] INFO  impl.RoleInfo (RoleInfo.java:updateAndGet(139)) - om1: start om1@group-C5BA1605619E-FollowerState
2023-09-14 11:49:51,093 [om1-impl-thread1] INFO  util.JmxRegister (JmxRegister.java:tryRegister(44)) - Successfully registered JMX Bean with object name Ratis:service=RaftServer,group=group-C5BA1605619E,id=om1
2023-09-14 11:49:51,097 [om1-impl-thread1] INFO  server.RaftServerConfigKeys (ConfUtils.java:logGet(46)) - raft.server.snapshot.auto.trigger.enabled = true (custom)
2023-09-14 11:49:51,097 [om1-impl-thread1] INFO  server.RaftServerConfigKeys (ConfUtils.java:logGet(46)) - raft.server.snapshot.auto.trigger.threshold = 400000 (default)
2023-09-14 11:49:51,097 [om1-impl-thread1] INFO  server.RaftServerConfigKeys (ConfUtils.java:logGet(46)) - raft.server.snapshot.retention.file.num = -1 (default)
2023-09-14 11:49:51,097 [om1-impl-thread1] INFO  server.RaftServerConfigKeys (ConfUtils.java:logGet(46)) - raft.server.log.purge.upto.snapshot.index = true (custom)
2023-09-14 11:49:51,097 [Time-limited test] INFO  server.RaftServer (RaftServerProxy.java:startImpl(400)) - om1: start RPC server
2023-09-14 11:49:51,098 [om1@group-C5BA1605619E-FollowerState] INFO  server.RaftServerConfigKeys (ConfUtils.java:logFallback(53)) - raft.server.rpc.first-election.timeout.min = 5s (fallback to raft.server.rpc.timeout.min)
2023-09-14 11:49:51,098 [om1@group-C5BA1605619E-FollowerState] INFO  server.RaftServerConfigKeys (ConfUtils.java:logFallback(53)) - raft.server.rpc.first-election.timeout.max = 5200ms (fallback to raft.server.rpc.timeout.max)
2023-09-14 11:49:51,099 [Time-limited test] INFO  server.GrpcService (GrpcService.java:startImpl(302)) - om1: GrpcService started, listening on 9872
2023-09-14 11:49:51,099 [Time-limited test] INFO  om.OzoneManager (OzoneManager.java:startSecretManager(1106)) - Starting OM delegation token secret manager
2023-09-14 11:49:51,099 [Time-limited test] INFO  security.OzoneDelegationTokenSecretManager (OzoneSecretManager.java:updateCurrentKey(175)) - Updating current master key for generating tokens. Cert id 2015256667625
2023-09-14 11:49:51,099 [JvmPauseMonitor5] INFO  util.JvmPauseMonitor (JvmPauseMonitor.java:run(103)) - JvmPauseMonitor-om1: Started
2023-09-14 11:49:51,100 [Time-limited test] INFO  om.OzoneManager (OzoneManager.java:start(1649)) - Version File has different layout version (6) than OM DB (null). That is expected if this OM has never been finalized to a newer layout version.
2023-09-14 11:49:51,101 [Thread[Thread-1295,5,FailOnTimeoutGroup]] INFO  security.OzoneDelegationTokenSecretManager (OzoneDelegationTokenSecretManager.java:run(636)) - Starting expired delegation token remover thread, tokenRemoverScanInterval=60 min(s)
2023-09-14 11:49:51,113 [Time-limited test] INFO  http.BaseHttpServer (BaseHttpServer.java:newHttpServer2BuilderForOzone(223)) - Starting Web-server for ozoneManager at: http://0.0.0.0:9874
2023-09-14 11:49:51,113 [Time-limited test] INFO  http.BaseHttpServer (BaseHttpServer.java:<init>(110)) - Hadoop Security Enabled: true Ozone Security Enabled: true Ozone HTTP Security Enabled: false 
2023-09-14 11:49:51,114 [Time-limited test] WARN  server.AuthenticationFilter (AuthenticationFilter.java:constructSecretProvider(240)) - Unable to initialize FileSignerSecretProvider, falling back to use random secrets. Reason: Could not read signature secret file: /home/runner/hadoop-http-auth-signature-secret
2023-09-14 11:49:51,118 [Time-limited test] INFO  http.HttpRequestLog (HttpRequestLog.java:getRequestLog(86)) - Http request log for http.requests.ozoneManager is not defined
2023-09-14 11:49:51,119 [Time-limited test] INFO  http.HttpServer2 (HttpServer2.java:addGlobalFilter(1031)) - Added global filter 'safety' (class=org.apache.hadoop.hdds.server.http.HttpServer2$QuotingInputFilter)
2023-09-14 11:49:51,120 [Time-limited test] INFO  http.HttpServer2 (HttpServer2.java:addFilter(1007)) - Added filter static_user_filter (class=org.apache.hadoop.http.lib.StaticUserWebFilter$StaticUserFilter) to context ozoneManager
2023-09-14 11:49:51,120 [Time-limited test] INFO  http.HttpServer2 (HttpServer2.java:addFilter(1015)) - Added filter static_user_filter (class=org.apache.hadoop.http.lib.StaticUserWebFilter$StaticUserFilter) to context logs
2023-09-14 11:49:51,121 [Time-limited test] INFO  http.HttpServer2 (HttpServer2.java:addFilter(1015)) - Added filter static_user_filter (class=org.apache.hadoop.http.lib.StaticUserWebFilter$StaticUserFilter) to context static
2023-09-14 11:49:51,121 [Time-limited test] INFO  http.BaseHttpServer (BaseHttpServer.java:<init>(189)) - HTTP server of ozoneManager uses base directory /tmp/junit3341369413038303575/junit5083890211901009540/scm-meta/webserver
2023-09-14 11:49:51,122 [Time-limited test] INFO  http.HttpServer2 (HttpServer2.java:bindListener(1231)) - Jetty bound to port 9874
2023-09-14 11:49:51,122 [Time-limited test] INFO  server.Server (Server.java:doStart(375)) - jetty-9.4.51.v20230217; built: 2023-02-17T08:19:37.309Z; git: b45c405e4544384de066f814ed42ae3dceacdd49; jvm 1.8.0_382-b05
2023-09-14 11:49:51,125 [Time-limited test] INFO  server.session (DefaultSessionIdManager.java:doStart(334)) - DefaultSessionIdManager workerName=node0
2023-09-14 11:49:51,125 [Time-limited test] INFO  server.session (DefaultSessionIdManager.java:doStart(339)) - No SessionScavenger set, using defaults
2023-09-14 11:49:51,125 [Time-limited test] INFO  server.session (HouseKeeper.java:startScavenging(132)) - node0 Scavenging every 600000ms
2023-09-14 11:49:51,126 [Time-limited test] INFO  handler.ContextHandler (ContextHandler.java:doStart(921)) - Started o.e.j.s.ServletContextHandler@3307010e{logs,/logs,file:///home/runner/work/ozone/ozone/hadoop-ozone/integration-test/target/log,AVAILABLE}
2023-09-14 11:49:51,127 [Time-limited test] INFO  handler.ContextHandler (ContextHandler.java:doStart(921)) - Started o.e.j.s.ServletContextHandler@5e291554{static,/static,file:///home/runner/work/ozone/ozone/hadoop-ozone/integration-test/target/test-classes/webapps/static,AVAILABLE}
2023-09-14 11:49:51,134 [Time-limited test] INFO  handler.ContextHandler (ContextHandler.java:doStart(921)) - Started o.e.j.w.WebAppContext@70ec76cc{ozoneManager,/,file:///home/runner/work/ozone/ozone/hadoop-ozone/integration-test/target/test-classes/webapps/ozoneManager/,AVAILABLE}{file:/home/runner/work/ozone/ozone/hadoop-ozone/integration-test/target/test-classes/webapps/ozoneManager}
2023-09-14 11:49:51,135 [Time-limited test] INFO  server.AbstractConnector (AbstractConnector.java:doStart(333)) - Started ServerConnector@35ccafab{HTTP/1.1, (http/1.1)}{0.0.0.0:9874}
2023-09-14 11:49:51,135 [Time-limited test] INFO  server.Server (Server.java:doStart(415)) - Started @66429ms
2023-09-14 11:49:51,135 [Time-limited test] WARN  impl.MetricsSystemImpl (MetricsSystemImpl.java:register(279)) - Sink prometheus already exists!
2023-09-14 11:49:51,136 [Time-limited test] INFO  http.BaseHttpServer (BaseHttpServer.java:updateConnectorAddress(354)) - HTTP server of ozoneManager listening at http://0.0.0.0:9874
2023-09-14 11:49:51,136 [IPC Server Responder] INFO  ipc.Server (Server.java:run(1562)) - IPC Server Responder: starting
2023-09-14 11:49:51,136 [IPC Server listener on 1202] INFO  ipc.Server (Server.java:run(1402)) - IPC Server listener on 1202: starting
2023-09-14 11:49:51,143 [Time-limited test] INFO  om.OzoneManager (OzoneManager.java:startTrashEmptier(2101)) - Trash Interval set to 0. Files deleted won't move to trash
2023-09-14 11:49:51,146 [pool-328-thread-2] INFO  request.KdcRequest (KdcRequest.java:preauth(651)) - The preauth data is empty.
2023-09-14 11:49:51,146 [pool-328-thread-2] INFO  server.KdcHandler (KdcHandler.java:handleRecoverableException(177)) - KRB error occurred while processing request:Additional pre-authentication required
2023-09-14 11:49:51,153 [pool-328-thread-2] INFO  request.AsRequest (AsRequest.java:issueTicket(112)) - AS_REQ ISSUE: authtime 1694692191152,test@EXAMPLE.COM for krbtgt/EXAMPLE.COM@EXAMPLE.COM
2023-09-14 11:49:51,180 [pool-328-thread-2] INFO  request.TgsRequest (TgsRequest.java:issueTicket(115)) - TGS_REQ ISSUE: authtime 1694692191180,test for om/fv-az240-193.bcold04rutgefduts2gkrghvsa.bx.internal.cloudapp.net@EXAMPLE.COM
2023-09-14 11:49:51,187 [Socket Reader #1 for port 1202] INFO  ipc.Server (Server.java:saslProcess(2139)) - Auth successful for test@EXAMPLE.COM (auth:KERBEROS) from fv-az240-193.bcold04rutgefduts2gkrghvsa.bx.internal.cloudapp.net:42272 / 10.1.136.0:42272
2023-09-14 11:49:53,213 [Time-limited test] INFO  retry.RetryInvocationHandler (RetryInvocationHandler.java:log(422)) - com.google.protobuf.ServiceException: org.apache.hadoop.ipc.RemoteException(org.apache.hadoop.ozone.om.exceptions.OMNotLeaderException): OM:om1 is not the leader. Could not determine the leader node.
	at org.apache.hadoop.ozone.om.OzoneManager.checkLeaderStatus(OzoneManager.java:4016)
	at org.apache.hadoop.ozone.om.ratis.utils.OzoneManagerRatisUtils.checkLeaderStatus(OzoneManagerRatisUtils.java:476)
	at org.apache.hadoop.ozone.protocolPB.OzoneManagerProtocolServerSideTranslatorPB.processRequest(OzoneManagerProtocolServerSideTranslatorPB.java:185)
	at org.apache.hadoop.hdds.server.OzoneProtocolMessageDispatcher.processRequest(OzoneProtocolMessageDispatcher.java:87)
	at org.apache.hadoop.ozone.protocolPB.OzoneManagerProtocolServerSideTranslatorPB.submitRequest(OzoneManagerProtocolServerSideTranslatorPB.java:148)
	at org.apache.hadoop.ozone.protocol.proto.OzoneManagerProtocolProtos$OzoneManagerService$2.callBlockingMethod(OzoneManagerProtocolProtos.java)
	at org.apache.hadoop.ipc.ProtobufRpcEngine$Server.processCall(ProtobufRpcEngine.java:484)
	at org.apache.hadoop.ipc.ProtobufRpcEngine2$Server$ProtoBufRpcInvoker.call(ProtobufRpcEngine2.java:595)
	at org.apache.hadoop.ipc.ProtobufRpcEngine2$Server$ProtoBufRpcInvoker.call(ProtobufRpcEngine2.java:573)
	at org.apache.hadoop.ipc.RPC$Server.call(RPC.java:1227)
	at org.apache.hadoop.ipc.Server$RpcCall.run(Server.java:1094)
	at org.apache.hadoop.ipc.Server$RpcCall.run(Server.java:1017)
	at java.security.AccessController.doPrivileged(Native Method)
	at javax.security.auth.Subject.doAs(Subject.java:422)
	at org.apache.hadoop.security.UserGroupInformation.doAs(UserGroupInformation.java:1899)
	at org.apache.hadoop.ipc.Server$Handler.run(Server.java:3048)
, while invoking $Proxy53.submitRequest over nodeId=null,nodeAddress=fv-az240-193.bcold04rutgefduts2gkrghvsa.bx.internal.cloudapp.net:1202 after 1 failover attempts. Trying to failover after sleeping for 4000ms. Current retry count: 1.
2023-09-14 11:49:56,227 [om1@group-C5BA1605619E-FollowerState] INFO  impl.FollowerState (FollowerState.java:run(143)) - om1@group-C5BA1605619E-FollowerState: change to CANDIDATE, lastRpcElapsedTime:5134662419ns, electionTimeout:5129ms
2023-09-14 11:49:56,228 [om1@group-C5BA1605619E-FollowerState] INFO  impl.RoleInfo (RoleInfo.java:shutdownFollowerState(110)) - om1: shutdown om1@group-C5BA1605619E-FollowerState
2023-09-14 11:49:56,228 [om1@group-C5BA1605619E-FollowerState] INFO  server.RaftServer$Division (RaftServerImpl.java:setRole(329)) - om1@group-C5BA1605619E: changes role from  FOLLOWER to CANDIDATE at term 0 for changeToCandidate
2023-09-14 11:49:56,228 [om1@group-C5BA1605619E-FollowerState] INFO  server.RaftServerConfigKeys (ConfUtils.java:logGet(46)) - raft.server.leaderelection.pre-vote = true (default)
2023-09-14 11:49:56,228 [om1@group-C5BA1605619E-FollowerState] INFO  impl.RoleInfo (RoleInfo.java:updateAndGet(139)) - om1: start om1@group-C5BA1605619E-LeaderElection2
2023-09-14 11:49:56,230 [om1@group-C5BA1605619E-LeaderElection2] INFO  impl.LeaderElection (LeaderElection.java:askForVotes(321)) - om1@group-C5BA1605619E-LeaderElection2 PRE_VOTE round 0: submit vote requests at term 0 for -1: peers:[om1|rpc:fv-az240-193.bcold04rutgefduts2gkrghvsa.bx.internal.cloudapp.net:9872|priority:0|startupRole:FOLLOWER]|listeners:[], old=null
2023-09-14 11:49:56,230 [om1@group-C5BA1605619E-LeaderElection2] INFO  impl.LeaderElection (LeaderElection.java:askForVotes(323)) - om1@group-C5BA1605619E-LeaderElection2 PRE_VOTE round 0: result PASSED (term=0)
2023-09-14 11:49:56,231 [om1@group-C5BA1605619E-LeaderElection2] INFO  impl.LeaderElection (LeaderElection.java:askForVotes(321)) - om1@group-C5BA1605619E-LeaderElection2 ELECTION round 0: submit vote requests at term 1 for -1: peers:[om1|rpc:fv-az240-193.bcold04rutgefduts2gkrghvsa.bx.internal.cloudapp.net:9872|priority:0|startupRole:FOLLOWER]|listeners:[], old=null
2023-09-14 11:49:56,231 [om1@group-C5BA1605619E-LeaderElection2] INFO  impl.LeaderElection (LeaderElection.java:askForVotes(323)) - om1@group-C5BA1605619E-LeaderElection2 ELECTION round 0: result PASSED (term=1)
2023-09-14 11:49:56,231 [om1@group-C5BA1605619E-LeaderElection2] INFO  impl.RoleInfo (RoleInfo.java:shutdownLeaderElection(130)) - om1: shutdown om1@group-C5BA1605619E-LeaderElection2
2023-09-14 11:49:56,231 [om1@group-C5BA1605619E-LeaderElection2] INFO  server.RaftServer$Division (RaftServerImpl.java:setRole(329)) - om1@group-C5BA1605619E: changes role from CANDIDATE to LEADER at term 1 for changeToLeader
2023-09-14 11:49:56,232 [om1@group-C5BA1605619E-LeaderElection2] INFO  server.RaftServer$Division (ServerState.java:setLeader(317)) - om1@group-C5BA1605619E: change Leader from null to om1 at term 1 for becomeLeader, leader elected after 6053ms
2023-09-14 11:49:56,232 [om1@group-C5BA1605619E-LeaderElection2] INFO  server.RaftServerConfigKeys (ConfUtils.java:logGet(46)) - raft.server.staging.catchup.gap = 1000 (default)
2023-09-14 11:49:56,232 [om1@group-C5BA1605619E-LeaderElection2] INFO  server.RaftServerConfigKeys (ConfUtils.java:logGet(46)) - raft.server.write.element-limit = 4096 (default)
2023-09-14 11:49:56,232 [om1@group-C5BA1605619E-LeaderElection2] INFO  server.RaftServerConfigKeys (ConfUtils.java:logGet(46)) - raft.server.write.byte-limit = 64MB (=67108864) (default)
2023-09-14 11:49:56,233 [om1@group-C5BA1605619E-LeaderElection2] INFO  server.RaftServerConfigKeys (ConfUtils.java:logGet(46)) - raft.server.watch.timeout = 10s (default)
2023-09-14 11:49:56,233 [om1@group-C5BA1605619E-LeaderElection2] INFO  server.RaftServerConfigKeys (ConfUtils.java:logGet(46)) - raft.server.watch.timeout.denomination = 1s (default)
2023-09-14 11:49:56,233 [om1@group-C5BA1605619E-LeaderElection2] INFO  server.RaftServerConfigKeys (ConfUtils.java:logGet(46)) - raft.server.watch.element-limit = 65536 (default)
2023-09-14 11:49:56,233 [om1@group-C5BA1605619E-LeaderElection2] INFO  server.RaftServerConfigKeys (ConfUtils.java:logGet(46)) - raft.server.write.element-limit = 4096 (default)
2023-09-14 11:49:56,233 [om1@group-C5BA1605619E-LeaderElection2] INFO  server.RaftServerConfigKeys (ConfUtils.java:logGet(46)) - raft.server.write.follower.gap.ratio.max = -1.0 (default)
2023-09-14 11:49:56,233 [om1@group-C5BA1605619E-LeaderElection2] INFO  impl.RoleInfo (RoleInfo.java:updateAndGet(139)) - om1: start om1@group-C5BA1605619E-LeaderStateImpl
2023-09-14 11:49:56,234 [om1@group-C5BA1605619E-LeaderElection2] INFO  segmented.SegmentedRaftLogWorker (SegmentedRaftLogWorker.java:startLogSegment(447)) - om1@group-C5BA1605619E-SegmentedRaftLogWorker: Starting segment from index:0
2023-09-14 11:49:56,238 [om1@group-C5BA1605619E-LeaderElection2] INFO  server.RaftServer$Division (ServerState.java:setRaftConf(434)) - om1@group-C5BA1605619E: set configuration 0: peers:[om1|rpc:fv-az240-193.bcold04rutgefduts2gkrghvsa.bx.internal.cloudapp.net:9872|admin:|client:|dataStream:|priority:0|startupRole:FOLLOWER]|listeners:[], old=null
2023-09-14 11:49:56,247 [om1@group-C5BA1605619E-SegmentedRaftLogWorker] INFO  segmented.SegmentedRaftLogWorker (SegmentedRaftLogWorker.java:execute(651)) - om1@group-C5BA1605619E-SegmentedRaftLogWorker: created new log segment /tmp/junit3341369413038303575/junit5083890211901009540/scm-meta/ratis/bf265839-605b-3f16-9796-c5ba1605619e/current/log_inprogress_0
2023-09-14 11:49:56,249 [om1@group-C5BA1605619E-StateMachineUpdater] INFO  ratis.OzoneManagerStateMachine (OzoneManagerStateMachine.java:notifyConfigurationChanged(202)) - Received Configuration change notification from Ratis. New Peer list:
[id: "om1"
address: "fv-az240-193.bcold04rutgefduts2gkrghvsa.bx.internal.cloudapp.net:9872"
startupRole: FOLLOWER
]
2023-09-14 11:49:57,231 [OM StateMachine ApplyTransaction Thread - 0] INFO  volume.OMVolumeCreateRequest (OMVolumeCreateRequest.java:validateAndUpdateCache(196)) - created volume:vol1 for user:owner1
2023-09-14 11:49:57,262 [Time-limited test] WARN  ipc.Client (Client.java:run(733)) - Exception encountered while connecting to the server fv-az240-193.bcold04rutgefduts2gkrghvsa.bx.internal.cloudapp.net/10.1.136.0:1202
org.apache.hadoop.security.AccessControlException: Client cannot authenticate via:[TOKEN, KERBEROS]
	at org.apache.hadoop.security.SaslRpcClient.selectSaslClient(SaslRpcClient.java:179)
	at org.apache.hadoop.security.SaslRpcClient.saslConnect(SaslRpcClient.java:392)
	at org.apache.hadoop.ipc.Client$Connection.setupSaslConnection(Client.java:561)
	at org.apache.hadoop.ipc.Client$Connection.access$2100(Client.java:347)
	at org.apache.hadoop.ipc.Client$Connection$2.run(Client.java:783)
	at org.apache.hadoop.ipc.Client$Connection$2.run(Client.java:779)
	at java.security.AccessController.doPrivileged(Native Method)
	at javax.security.auth.Subject.doAs(Subject.java:422)
	at org.apache.hadoop.security.UserGroupInformation.doAs(UserGroupInformation.java:1899)
	at org.apache.hadoop.ipc.Client$Connection.setupIOstreams(Client.java:779)
	at org.apache.hadoop.ipc.Client$Connection.access$3800(Client.java:347)
	at org.apache.hadoop.ipc.Client.getConnection(Client.java:1632)
	at org.apache.hadoop.ipc.Client.call(Client.java:1457)
	at org.apache.hadoop.ipc.Client.call(Client.java:1410)
	at org.apache.hadoop.ipc.ProtobufRpcEngine$Invoker.invoke(ProtobufRpcEngine.java:250)
	at org.apache.hadoop.ipc.ProtobufRpcEngine$Invoker.invoke(ProtobufRpcEngine.java:132)
	at com.sun.proxy.$Proxy53.submitRequest(Unknown Source)
	at sun.reflect.GeneratedMethodAccessor24.invoke(Unknown Source)
	at sun.reflect.DelegatingMethodAccessorImpl.invoke(DelegatingMethodAccessorImpl.java:43)
	at java.lang.reflect.Method.invoke(Method.java:498)
	at org.apache.hadoop.io.retry.RetryInvocationHandler.invokeMethod(RetryInvocationHandler.java:433)
	at org.apache.hadoop.io.retry.RetryInvocationHandler$Call.invokeMethod(RetryInvocationHandler.java:166)
	at org.apache.hadoop.io.retry.RetryInvocationHandler$Call.invoke(RetryInvocationHandler.java:158)
	at org.apache.hadoop.io.retry.RetryInvocationHandler$Call.invokeOnce(RetryInvocationHandler.java:96)
	at org.apache.hadoop.io.retry.RetryInvocationHandler.invoke(RetryInvocationHandler.java:362)
	at com.sun.proxy.$Proxy53.submitRequest(Unknown Source)
	at org.apache.hadoop.ozone.om.protocolPB.Hadoop3OmTransport.submitRequest(Hadoop3OmTransport.java:80)
	at org.apache.hadoop.ozone.om.protocolPB.OzoneManagerProtocolClientSideTranslatorPB.submitRequest(OzoneManagerProtocolClientSideTranslatorPB.java:322)
	at org.apache.hadoop.ozone.om.protocolPB.OzoneManagerProtocolClientSideTranslatorPB.listVolume(OzoneManagerProtocolClientSideTranslatorPB.java:528)
	at org.apache.hadoop.ozone.om.protocolPB.OzoneManagerProtocolClientSideTranslatorPB.listAllVolumes(OzoneManagerProtocolClientSideTranslatorPB.java:517)
	at org.apache.hadoop.ozone.TestSecureOzoneCluster.lambda$testAccessControlExceptionOnClient$5(TestSecureOzoneCluster.java:599)
	at org.junit.Assert.assertThrows(Assert.java:1001)
	at org.junit.Assert.assertThrows(Assert.java:981)
	at org.apache.hadoop.ozone.TestSecureOzoneCluster.testAccessControlExceptionOnClient(TestSecureOzoneCluster.java:598)
	at sun.reflect.NativeMethodAccessorImpl.invoke0(Native Method)
	at sun.reflect.NativeMethodAccessorImpl.invoke(NativeMethodAccessorImpl.java:62)
	at sun.reflect.DelegatingMethodAccessorImpl.invoke(DelegatingMethodAccessorImpl.java:43)
	at java.lang.reflect.Method.invoke(Method.java:498)
	at org.junit.runners.model.FrameworkMethod$1.runReflectiveCall(FrameworkMethod.java:59)
	at org.junit.internal.runners.model.ReflectiveCallable.run(ReflectiveCallable.java:12)
	at org.junit.runners.model.FrameworkMethod.invokeExplosively(FrameworkMethod.java:56)
	at org.junit.internal.runners.statements.InvokeMethod.evaluate(InvokeMethod.java:17)
	at org.junit.internal.runners.statements.RunBefores.evaluate(RunBefores.java:26)
	at org.junit.internal.runners.statements.RunAfters.evaluate(RunAfters.java:27)
	at org.junit.rules.ExternalResource$1.evaluate(ExternalResource.java:54)
	at org.junit.internal.runners.statements.FailOnTimeout$CallableStatement.call(FailOnTimeout.java:288)
	at org.junit.internal.runners.statements.FailOnTimeout$CallableStatement.call(FailOnTimeout.java:282)
	at java.util.concurrent.FutureTask.run(FutureTask.java:266)
	at java.lang.Thread.run(Thread.java:750)
2023-09-14 11:49:57,266 [Time-limited test] INFO  impl.DefaultInternalKdcServerImpl (DefaultInternalKdcServerImpl.java:doStop(102)) - Default Internal kdc server stopped.
2023-09-14 11:49:58,266 [Time-limited test] INFO  minikdc.MiniKdc (MiniKdc.java:stop(359)) - MiniKdc stopped.
2023-09-14 11:49:58,266 [Time-limited test] INFO  server.StorageContainerManager (StorageContainerManager.java:stop(1591)) - Container Balancer is not running.
2023-09-14 11:49:58,267 [Time-limited test] INFO  server.StorageContainerManager (StorageContainerManager.java:stopReplicationManager(1724)) - Stopping Replication Manager Service.
2023-09-14 11:49:58,267 [Time-limited test] INFO  replication.ReplicationManager (ReplicationManager.java:stop(323)) - Stopping Replication Monitor Thread.
2023-09-14 11:49:58,267 [Under Replicated Processor] WARN  replication.UnhealthyReplicationProcessor (UnhealthyReplicationProcessor.java:run(180)) - Under Replicated Processor interrupted. Exiting...
2023-09-14 11:49:58,267 [ReplicationMonitor] INFO  replication.ReplicationManager (ReplicationManager.java:run(921)) - Replication Monitor Thread is stopped
2023-09-14 11:49:58,267 [Over Replicated Processor] WARN  replication.UnhealthyReplicationProcessor (UnhealthyReplicationProcessor.java:run(180)) - Over Replicated Processor interrupted. Exiting...
2023-09-14 11:49:58,267 [Time-limited test] INFO  server.StorageContainerManager (StorageContainerManager.java:stop(1600)) - Stopping the Datanode Admin Monitor.
2023-09-14 11:49:58,267 [Time-limited test] INFO  server.StorageContainerManager (StorageContainerManager.java:stop(1607)) - Stopping datanode service RPC server
2023-09-14 11:49:58,267 [Time-limited test] INFO  server.SCMDatanodeProtocolServer (SCMDatanodeProtocolServer.java:stop(424)) - Stopping the RPC server for DataNodes
2023-09-14 11:49:58,268 [Time-limited test] INFO  ipc.Server (Server.java:stop(3523)) - Stopping server on 9861
2023-09-14 11:49:58,815 [SCM Heartbeat Processing Thread - 0] WARN  node.NodeStateManager (NodeStateManager.java:scheduleNextHealthCheck(874)) - Current Thread is interrupted, shutting down HB processing thread for Node Manager.
2023-09-14 11:49:58,815 [Time-limited test] INFO  server.StorageContainerManager (StorageContainerManager.java:stop(1615)) - Stopping block service RPC server
2023-09-14 11:49:58,815 [Time-limited test] INFO  server.SCMBlockProtocolServer (SCMBlockProtocolServer.java:stop(163)) - Stopping the RPC server for Block Protocol
2023-09-14 11:49:58,816 [Time-limited test] INFO  ipc.Server (Server.java:stop(3523)) - Stopping server on 9863
2023-09-14 11:49:58,817 [Time-limited test] INFO  server.StorageContainerManager (StorageContainerManager.java:stop(1622)) - Stopping the StorageContainerLocationProtocol RPC server
2023-09-14 11:49:58,817 [Time-limited test] INFO  server.SCMClientProtocolServer (SCMClientProtocolServer.java:stop(210)) - Stopping the RPC server for Client Protocol
2023-09-14 11:49:58,817 [Time-limited test] INFO  ipc.Server (Server.java:stop(3523)) - Stopping server on 9860
2023-09-14 11:49:58,818 [Time-limited test] INFO  server.StorageContainerManager (StorageContainerManager.java:stop(1629)) - Stopping Storage Container Manager HTTP server.
2023-09-14 11:49:58,818 [Time-limited test] INFO  server.StorageContainerManager (StorageContainerManager.java:stop(1637)) - Stopping SCM LayoutVersionManager Service.
2023-09-14 11:49:58,818 [Time-limited test] INFO  server.SCMSecurityProtocolServer (SCMSecurityProtocolServer.java:stop(550)) - Stopping the SCMSecurityProtocolServer.
2023-09-14 11:49:58,818 [Time-limited test] INFO  ipc.Server (Server.java:stop(3523)) - Stopping server on 9961
2023-09-14 11:49:58,818 [Time-limited test] INFO  server.SCMUpdateServiceGrpcServer (SCMUpdateServiceGrpcServer.java:stop(73)) - SCMUpdateService stopping
2023-09-14 11:49:58,818 [Time-limited test] INFO  server.StorageContainerManager (StorageContainerManager.java:stop(1649)) - Stopping Block Manager Service.
2023-09-14 11:49:58,818 [Time-limited test] INFO  utils.BackgroundService (BackgroundService.java:shutdown(141)) - Shutting down service SCMBlockDeletingService
2023-09-14 11:49:58,819 [Time-limited test] INFO  utils.BackgroundService (BackgroundService.java:shutdown(141)) - Shutting down service SCMBlockDeletingService
2023-09-14 11:49:58,819 [Time-limited test] INFO  server.StorageContainerManager (StorageContainerManager.java:stop(1669)) - Stopping SCM Event Queue.
2023-09-14 11:49:58,819 [Time-limited test] INFO  server.StorageContainerManager (StorageContainerManager.java:stop(1680)) - Stopping SCM HA services.
2023-09-14 11:49:58,819 [Time-limited test] INFO  pipeline.BackgroundPipelineCreator (BackgroundPipelineCreator.java:stop(149)) - Stopping RatisPipelineUtilsThread.
2023-09-14 11:49:58,821 [RatisPipelineUtilsThread - 0] WARN  pipeline.BackgroundPipelineCreator (BackgroundPipelineCreator.java:run(180)) - RatisPipelineUtilsThread is interrupted.
2023-09-14 11:49:58,821 [Time-limited test] INFO  BackgroundPipelineScrubber (BackgroundSCMService.java:stop(131)) - Stopping BackgroundPipelineScrubber Service.
2023-09-14 11:49:58,821 [BackgroundPipelineScrubberThread] WARN  BackgroundPipelineScrubber (BackgroundSCMService.java:run(115)) - BackgroundPipelineScrubber is interrupted, exit
2023-09-14 11:49:58,821 [Time-limited test] WARN  pipeline.BackgroundPipelineCreator (BackgroundPipelineCreator.java:stop(145)) - RatisPipelineUtilsThread is not running, just ignore.
2023-09-14 11:49:58,821 [Time-limited test] INFO  BackgroundPipelineScrubber (BackgroundSCMService.java:stop(126)) - BackgroundPipelineScrubber Service is not running, skip stop.
2023-09-14 11:49:58,821 [Time-limited test] INFO  ExpiredContainerReplicaOpScrubber (BackgroundSCMService.java:stop(131)) - Stopping ExpiredContainerReplicaOpScrubber Service.
2023-09-14 11:49:58,821 [ExpiredContainerReplicaOpScrubberThread] WARN  ExpiredContainerReplicaOpScrubber (BackgroundSCMService.java:run(115)) - ExpiredContainerReplicaOpScrubber is interrupted, exit
2023-09-14 11:49:58,821 [Time-limited test] INFO  utils.BackgroundService (BackgroundService.java:shutdown(141)) - Shutting down service SCMBlockDeletingService
2023-09-14 11:49:58,822 [Time-limited test] INFO  replication.ReplicationManager (ReplicationManager.java:stop(333)) - Replication Monitor Thread is not running.
2023-09-14 11:49:58,822 [Time-limited test] WARN  balancer.ContainerBalancer (ContainerBalancer.java:stop(326)) - Cannot stop Container Balancer because it's not running or stopping
2023-09-14 11:49:58,822 [Time-limited test] INFO  server.StorageContainerManager (StorageContainerManager.java:stop(1715)) - Stopping SCM MetadataStore.
2023-09-14 11:49:58,823 [Time-limited test] INFO  server.SCMSecurityProtocolServer (SCMSecurityProtocolServer.java:join(560)) - Join RPC server for SCMSecurityProtocolServer.
2023-09-14 11:49:58,823 [Time-limited test] INFO  server.SCMSecurityProtocolServer (SCMSecurityProtocolServer.java:join(562)) - Join gRPC server for SCMSecurityProtocolServer.
2023-09-14 11:49:58,823 [Time-limited test] INFO  om.OzoneManager (OzoneManager.java:stop(2207)) - om1[fv-az240-193.bcold04rutgefduts2gkrghvsa.bx.internal.cloudapp.net:1202]: Stopping Ozone Manager
2023-09-14 11:49:58,823 [Time-limited test] INFO  ipc.Server (Server.java:stop(3523)) - Stopping server on 1202
2023-09-14 11:49:58,825 [IPC Server listener on 1202] INFO  ipc.Server (Server.java:run(1434)) - Stopping IPC Server listener on 1202
2023-09-14 11:49:58,826 [IPC Server Responder] INFO  ipc.Server (Server.java:run(1567)) - Stopping IPC Server Responder
2023-09-14 11:49:58,829 [Time-limited test] INFO  server.RaftServer (RaftServerProxy.java:lambda$close$6(416)) - om1: close
2023-09-14 11:49:58,829 [om1-impl-thread1] INFO  server.RaftServer$Division (RaftServerImpl.java:lambda$close$4(466)) - om1@group-C5BA1605619E: shutdown
2023-09-14 11:49:58,829 [om1-impl-thread1] INFO  util.JmxRegister (JmxRegister.java:unregister(73)) - Successfully un-registered JMX Bean with object name Ratis:service=RaftServer,group=group-C5BA1605619E,id=om1
2023-09-14 11:49:58,829 [om1-impl-thread1] INFO  impl.RoleInfo (RoleInfo.java:shutdownLeaderState(93)) - om1: shutdown om1@group-C5BA1605619E-LeaderStateImpl
2023-09-14 11:49:58,830 [om1-impl-thread1] INFO  impl.PendingRequests (PendingRequests.java:sendNotLeaderResponses(289)) - om1@group-C5BA1605619E-PendingRequests: sendNotLeaderResponses
2023-09-14 11:49:58,831 [Time-limited test] INFO  server.GrpcService (GrpcService.java:closeImpl(311)) - om1: shutdown server GrpcServerProtocolService now
2023-09-14 11:49:58,831 [om1@group-C5BA1605619E-StateMachineUpdater] INFO  ratis.OzoneManagerStateMachine (OzoneManagerStateMachine.java:takeSnapshot(480)) - Current Snapshot Index (t:1, i:2)
2023-09-14 11:49:58,831 [om1-impl-thread1] INFO  impl.StateMachineUpdater (StateMachineUpdater.java:stopAndJoin(155)) - om1@group-C5BA1605619E-StateMachineUpdater: set stopIndex = 2
2023-09-14 11:49:58,833 [Time-limited test] INFO  server.GrpcService (GrpcService.java:closeImpl(320)) - om1: shutdown server GrpcServerProtocolService successfully
2023-09-14 11:49:58,841 [om1@group-C5BA1605619E-StateMachineUpdater] INFO  impl.StateMachineUpdater (StateMachineUpdater.java:takeSnapshot(291)) - om1@group-C5BA1605619E-StateMachineUpdater: Took a snapshot at index 2
2023-09-14 11:49:58,841 [om1@group-C5BA1605619E-StateMachineUpdater] INFO  impl.StateMachineUpdater (StateMachineUpdater.java:lambda$new$0(97)) - om1@group-C5BA1605619E-StateMachineUpdater: snapshotIndex: updateIncreasingly -1 -> 2
2023-09-14 11:49:58,841 [om1@group-C5BA1605619E-StateMachineUpdater] INFO  ratis.OzoneManagerStateMachine (OzoneManagerStateMachine.java:close(534)) - StateMachine has shutdown. Shutdown OzoneManager if not already shutdown.
2023-09-14 11:49:58,841 [om1@group-C5BA1605619E-StateMachineUpdater] INFO  ratis.OzoneManagerDoubleBuffer (OzoneManagerDoubleBuffer.java:stopDaemon(551)) - Stopping OMDoubleBuffer flush thread
2023-09-14 11:49:58,842 [OMDoubleBufferFlushThread] INFO  ratis.OzoneManagerDoubleBuffer (OzoneManagerDoubleBuffer.java:canFlush(638)) - OMDoubleBuffer flush thread OMDoubleBufferFlushThread is interrupted and will exit.
2023-09-14 11:49:58,842 [om1-impl-thread1] INFO  server.RaftServer$Division (ServerState.java:close(472)) - om1@group-C5BA1605619E: closes. applyIndex: 2
2023-09-14 11:49:59,224 [om1-impl-thread1] INFO  segmented.SegmentedRaftLogWorker (SegmentedRaftLogWorker.java:close(252)) - om1@group-C5BA1605619E-SegmentedRaftLogWorker close()
2023-09-14 11:49:59,225 [JvmPauseMonitor5] INFO  util.JvmPauseMonitor (JvmPauseMonitor.java:run(109)) - JvmPauseMonitor-om1: Stopped
2023-09-14 11:49:59,225 [Time-limited test] INFO  ratis.OzoneManagerStateMachine (OzoneManagerStateMachine.java:close(534)) - StateMachine has shutdown. Shutdown OzoneManager if not already shutdown.
2023-09-14 11:49:59,225 [Time-limited test] INFO  ratis.OzoneManagerDoubleBuffer (OzoneManagerDoubleBuffer.java:stopDaemon(560)) - OMDoubleBuffer flush thread is not running.
2023-09-14 11:49:59,225 [Time-limited test] INFO  utils.BackgroundService (BackgroundService.java:shutdown(141)) - Shutting down service KeyDeletingService
2023-09-14 11:49:59,226 [Time-limited test] INFO  utils.BackgroundService (BackgroundService.java:shutdown(141)) - Shutting down service KeyDeletingService
2023-09-14 11:49:59,226 [Time-limited test] INFO  utils.BackgroundService (BackgroundService.java:shutdown(141)) - Shutting down service OpenKeyCleanupService
2023-09-14 11:49:59,226 [Time-limited test] INFO  utils.BackgroundService (BackgroundService.java:shutdown(141)) - Shutting down service SstFilteringService
2023-09-14 11:49:59,227 [Time-limited test] INFO  utils.BackgroundService (BackgroundService.java:shutdown(141)) - Shutting down service SnapshotDeletingService
2023-09-14 11:49:59,227 [Time-limited test] INFO  om.OzoneManager (OzoneManager.java:stopSecretManager(1066)) - Stopping secret key client.
2023-09-14 11:49:59,227 [Time-limited test] INFO  om.OzoneManager (OzoneManager.java:stopSecretManager(1071)) - Stopping OM delegation token secret manager.
2023-09-14 11:49:59,227 [Thread[Thread-1295,5,FailOnTimeoutGroup]] INFO  security.OzoneDelegationTokenSecretManager (OzoneDelegationTokenSecretManager.java:run(653)) - ExpiredTokenRemover was interrupted.
java.lang.InterruptedException: sleep interrupted
	at java.lang.Thread.sleep(Native Method)
	at org.apache.hadoop.ozone.security.OzoneDelegationTokenSecretManager$ExpiredTokenRemover.run(OzoneDelegationTokenSecretManager.java:649)
	at java.lang.Thread.run(Thread.java:750)
2023-09-14 11:49:59,228 [Time-limited test] INFO  handler.ContextHandler (ContextHandler.java:doStop(1159)) - Stopped o.e.j.w.WebAppContext@70ec76cc{ozoneManager,/,null,STOPPED}{file:/home/runner/work/ozone/ozone/hadoop-ozone/integration-test/target/test-classes/webapps/ozoneManager}
2023-09-14 11:49:59,228 [Time-limited test] INFO  server.AbstractConnector (AbstractConnector.java:doStop(383)) - Stopped ServerConnector@35ccafab{HTTP/1.1, (http/1.1)}{0.0.0.0:9874}
2023-09-14 11:49:59,229 [Time-limited test] INFO  server.session (HouseKeeper.java:stopScavenging(149)) - node0 Stopped scavenging
2023-09-14 11:49:59,229 [Time-limited test] INFO  handler.ContextHandler (ContextHandler.java:doStop(1159)) - Stopped o.e.j.s.ServletContextHandler@5e291554{static,/static,file:///home/runner/work/ozone/ozone/hadoop-ozone/integration-test/target/test-classes/webapps/static,STOPPED}
2023-09-14 11:49:59,229 [Time-limited test] INFO  handler.ContextHandler (ContextHandler.java:doStop(1159)) - Stopped o.e.j.s.ServletContextHandler@3307010e{logs,/logs,file:///home/runner/work/ozone/ozone/hadoop-ozone/integration-test/target/log,STOPPED}
2023-09-14 11:49:59,230 [Time-limited test] INFO  rocksdiff.RocksDBCheckpointDiffer (RocksDBCheckpointDiffer.java:close(343)) - Shutting down CompactionDagPruningService.
2023-09-14 11:49:59,232 [Time-limited test] INFO  snapshot.SnapshotDiffManager (SnapshotDiffManager.java:closeExecutorService(1706)) - Shutting down executorService: 'SnapDiffExecutor'
2023-09-14 11:49:59,232 [Time-limited test] INFO  snapshot.SnapshotDiffManager (SnapshotDiffManager.java:closeExecutorService(1706)) - Shutting down executorService: 'SstDumpToolExecutor'
2023-09-14 11:49:59,232 [Time-limited test] INFO  utils.BackgroundService (BackgroundService.java:shutdown(141)) - Shutting down service SnapshotDiffCleanupService
]]></system-out>
  </testcase>
  <testcase name="testDelegationTokenRenewCrossCertificateRenew" classname="org.apache.hadoop.ozone.TestSecureOzoneCluster" time="18.093">
    <failure type="org.junit.ComparisonFailure"><![CDATA[org.junit.ComparisonFailure: expected:<20[39489494221]> but was:<20[24960907187]>
	at org.junit.Assert.assertEquals(Assert.java:117)
	at org.junit.Assert.assertEquals(Assert.java:146)
	at org.apache.hadoop.ozone.TestSecureOzoneCluster.testDelegationTokenRenewCrossCertificateRenew(TestSecureOzoneCluster.java:1218)
	at sun.reflect.NativeMethodAccessorImpl.invoke0(Native Method)
	at sun.reflect.NativeMethodAccessorImpl.invoke(NativeMethodAccessorImpl.java:62)
	at sun.reflect.DelegatingMethodAccessorImpl.invoke(DelegatingMethodAccessorImpl.java:43)
	at java.lang.reflect.Method.invoke(Method.java:498)
	at org.junit.runners.model.FrameworkMethod$1.runReflectiveCall(FrameworkMethod.java:59)
	at org.junit.internal.runners.model.ReflectiveCallable.run(ReflectiveCallable.java:12)
	at org.junit.runners.model.FrameworkMethod.invokeExplosively(FrameworkMethod.java:56)
	at org.junit.internal.runners.statements.InvokeMethod.evaluate(InvokeMethod.java:17)
	at org.junit.internal.runners.statements.RunBefores.evaluate(RunBefores.java:26)
	at org.junit.internal.runners.statements.RunAfters.evaluate(RunAfters.java:27)
	at org.junit.rules.ExternalResource$1.evaluate(ExternalResource.java:54)
	at org.junit.internal.runners.statements.FailOnTimeout$CallableStatement.call(FailOnTimeout.java:288)
	at org.junit.internal.runners.statements.FailOnTimeout$CallableStatement.call(FailOnTimeout.java:282)
	at java.util.concurrent.FutureTask.run(FutureTask.java:266)
	at java.lang.Thread.run(Thread.java:750)
]]></failure>
    <system-out><![CDATA[2023-09-14 11:49:59,254 [Time-limited test] INFO  net.ServerSocketUtil (ServerSocketUtil.java:getPort(55)) - Using port 9860
2023-09-14 11:49:59,254 [Time-limited test] INFO  net.ServerSocketUtil (ServerSocketUtil.java:getPort(55)) - Using port 9861
2023-09-14 11:49:59,254 [Time-limited test] INFO  net.ServerSocketUtil (ServerSocketUtil.java:getPort(55)) - Using port 9863
2023-09-14 11:49:59,255 [Time-limited test] INFO  net.ServerSocketUtil (ServerSocketUtil.java:getPort(55)) - Using port 9961
2023-09-14 11:49:59,255 [Time-limited test] INFO  net.ServerSocketUtil (ServerSocketUtil.java:getPort(55)) - Using port 1200
2023-09-14 11:49:59,255 [Time-limited test] INFO  net.ServerSocketUtil (ServerSocketUtil.java:getPort(55)) - Using port 1201
2023-09-14 11:49:59,255 [Time-limited test] INFO  minikdc.MiniKdc (MiniKdc.java:<init>(225)) - Configuration:
2023-09-14 11:49:59,255 [Time-limited test] INFO  minikdc.MiniKdc (MiniKdc.java:<init>(226)) - ---------------------------------------------------------------
2023-09-14 11:49:59,255 [Time-limited test] INFO  minikdc.MiniKdc (MiniKdc.java:<init>(228)) -   debug: false
2023-09-14 11:49:59,255 [Time-limited test] INFO  minikdc.MiniKdc (MiniKdc.java:<init>(228)) -   transport: TCP
2023-09-14 11:49:59,255 [Time-limited test] INFO  minikdc.MiniKdc (MiniKdc.java:<init>(228)) -   max.ticket.lifetime: 86400000
2023-09-14 11:49:59,255 [Time-limited test] INFO  minikdc.MiniKdc (MiniKdc.java:<init>(228)) -   org.name: EXAMPLE
2023-09-14 11:49:59,255 [Time-limited test] INFO  minikdc.MiniKdc (MiniKdc.java:<init>(228)) -   kdc.port: 0
2023-09-14 11:49:59,255 [Time-limited test] INFO  minikdc.MiniKdc (MiniKdc.java:<init>(228)) -   org.domain: COM
2023-09-14 11:49:59,255 [Time-limited test] INFO  minikdc.MiniKdc (MiniKdc.java:<init>(228)) -   max.renewable.lifetime: 604800000
2023-09-14 11:49:59,255 [Time-limited test] INFO  minikdc.MiniKdc (MiniKdc.java:<init>(228)) -   instance: DefaultKrbServer
2023-09-14 11:49:59,255 [Time-limited test] INFO  minikdc.MiniKdc (MiniKdc.java:<init>(228)) -   kdc.bind.address: localhost
2023-09-14 11:49:59,255 [Time-limited test] INFO  minikdc.MiniKdc (MiniKdc.java:<init>(230)) - ---------------------------------------------------------------
2023-09-14 11:49:59,257 [Time-limited test] INFO  minikdc.MiniKdc (MiniKdc.java:start(285)) - MiniKdc started.
2023-09-14 11:49:59,607 [Time-limited test] INFO  om.OzoneManager (OzoneManager.java:getOmDetailsProto(4573)) - OzoneManager ports added:[name: "RPC"
value: 1202
]
2023-09-14 11:49:59,608 [Time-limited test] WARN  server.ServerUtils (ServerUtils.java:getDBPath(311)) - ozone.om.db.dirs is not configured. We recommend adding this setting. Falling back to ozone.metadata.dirs instead.
2023-09-14 11:49:59,610 [Time-limited test] INFO  ha.OMHANodeDetails (OMHANodeDetails.java:loadOMHAConfig(115)) - ozone.om.internal.service.id is not defined, falling back to ozone.om.service.ids to find serviceID for OzoneManager if it is HA enabled cluster
2023-09-14 11:49:59,611 [Time-limited test] INFO  ha.OMHANodeDetails (OMHANodeDetails.java:loadOMHAConfig(226)) - Configuration does not have ozone.om.address set. Falling back to the default OM address fv-az240-193.bcold04rutgefduts2gkrghvsa.bx.internal.cloudapp.net/10.1.136.0:1202
2023-09-14 11:49:59,611 [Time-limited test] INFO  ha.OMHANodeDetails (OMHANodeDetails.java:getOMNodeDetailsForNonHA(254)) - OM Service ID is not set. Setting it to the default ID: omServiceIdDefault
2023-09-14 11:49:59,611 [Time-limited test] INFO  ha.OMHANodeDetails (OMHANodeDetails.java:getOMNodeDetailsForNonHA(261)) - OM Node ID is not set. Setting it to the default ID: om1
2023-09-14 11:49:59,611 [Time-limited test] WARN  server.ServerUtils (ServerUtils.java:getDBPath(311)) - ozone.om.db.dirs is not configured. We recommend adding this setting. Falling back to ozone.metadata.dirs instead.
2023-09-14 11:49:59,613 [Time-limited test] INFO  upgrade.AbstractLayoutVersionManager (AbstractLayoutVersionManager.java:init(83)) - Initializing Layout version manager with metadata layout = QUOTA (version = 6), software layout = QUOTA (version = 6)
2023-09-14 11:49:59,684 [Time-limited test] INFO  reflections.Reflections (Reflections.java:scan(232)) - Reflections took 70 ms to scan 2 urls, producing 187 keys and 515 values [using 2 cores]
2023-09-14 11:49:59,685 [Time-limited test] INFO  upgrade.OMLayoutVersionManager (OMLayoutVersionManager.java:lambda$0(115)) - Skipping Upgrade Action MockOmUpgradeAction since it has been finalized.
2023-09-14 11:49:59,685 [Time-limited test] INFO  upgrade.OMLayoutVersionManager (OMLayoutVersionManager.java:lambda$0(115)) - Skipping Upgrade Action QuotaRepairUpgradeAction since it has been finalized.
2023-09-14 11:49:59,688 [pool-390-thread-1] INFO  request.KdcRequest (KdcRequest.java:preauth(651)) - The preauth data is empty.
2023-09-14 11:49:59,688 [pool-390-thread-1] INFO  server.KdcHandler (KdcHandler.java:handleRecoverableException(177)) - KRB error occurred while processing request:Additional pre-authentication required
2023-09-14 11:49:59,695 [pool-390-thread-2] INFO  request.AsRequest (AsRequest.java:issueTicket(112)) - AS_REQ ISSUE: authtime 1694692199695,om/fv-az240-193.bcold04rutgefduts2gkrghvsa.bx.internal.cloudapp.net@EXAMPLE.COM for krbtgt/EXAMPLE.COM@EXAMPLE.COM
2023-09-14 11:49:59,696 [Time-limited test] INFO  security.UserGroupInformation (UserGroupInformation.java:loginUserFromKeytab(1132)) - Login successful for user om/fv-az240-193.bcold04rutgefduts2gkrghvsa.bx.internal.cloudapp.net@EXAMPLE.COM using keytab file om.keytab. Keytab auto renewal enabled : false
2023-09-14 11:49:59,697 [Time-limited test] INFO  om.OzoneManager (OzoneManager.java:loginOMUser(1164)) - Ozone Manager login successful.
2023-09-14 11:49:59,697 [Time-limited test] WARN  server.ServerUtils (ServerUtils.java:getDBPath(311)) - ozone.om.db.dirs is not configured. We recommend adding this setting. Falling back to ozone.metadata.dirs instead.
2023-09-14 11:49:59,701 [Time-limited test] INFO  proxy.SCMBlockLocationFailoverProxyProvider (SCMBlockLocationFailoverProxyProvider.java:<init>(114)) - Created block location fail-over proxy with 1 nodes: [nodeId=scmNodeId,nodeAddress=localhost/127.0.0.1:9863]
2023-09-14 11:49:59,702 [Time-limited test] INFO  om.OzoneManager (OzoneManager.java:getOmDetailsProto(4573)) - OzoneManager ports added:[name: "RPC"
value: 1202
]
2023-09-14 11:49:59,703 [Time-limited test] INFO  security.OMCertificateClient (DefaultCertificateClient.java:updateCertSerialId(1244)) - Certificate serial ID set to 9879877970576
2023-09-14 11:49:59,703 [Time-limited test] WARN  security.OMCertificateClient (DefaultCertificateClient.java:loadAllCertificates(173)) - Certificates could not be loaded.
java.nio.file.NoSuchFileException: /tmp/junit1032785979537011144/junit8534597213499901635/om-meta/om/certs
	at sun.nio.fs.UnixException.translateToIOException(UnixException.java:86)
	at sun.nio.fs.UnixException.rethrowAsIOException(UnixException.java:102)
	at sun.nio.fs.UnixException.rethrowAsIOException(UnixException.java:107)
	at sun.nio.fs.UnixFileSystemProvider.newDirectoryStream(UnixFileSystemProvider.java:427)
	at java.nio.file.Files.newDirectoryStream(Files.java:457)
	at java.nio.file.Files.list(Files.java:3451)
	at org.apache.hadoop.hdds.security.x509.certificate.client.DefaultCertificateClient.loadAllCertificates(DefaultCertificateClient.java:168)
	at org.apache.hadoop.hdds.security.x509.certificate.client.DefaultCertificateClient.updateCertSerialId(DefaultCertificateClient.java:1245)
	at org.apache.hadoop.hdds.security.x509.certificate.client.DefaultCertificateClient.<init>(DefaultCertificateClient.java:157)
	at org.apache.hadoop.hdds.security.x509.certificate.client.CommonCertificateClient.<init>(CommonCertificateClient.java:49)
	at org.apache.hadoop.ozone.security.OMCertificateClient.<init>(OMCertificateClient.java:68)
	at org.apache.hadoop.ozone.om.OzoneManager.<init>(OzoneManager.java:643)
	at org.apache.hadoop.ozone.om.OzoneManager.createOm(OzoneManager.java:757)
	at org.apache.hadoop.ozone.TestSecureOzoneCluster.setupOm(TestSecureOzoneCluster.java:701)
	at org.apache.hadoop.ozone.TestSecureOzoneCluster.testDelegationTokenRenewCrossCertificateRenew(TestSecureOzoneCluster.java:1166)
	at sun.reflect.NativeMethodAccessorImpl.invoke0(Native Method)
	at sun.reflect.NativeMethodAccessorImpl.invoke(NativeMethodAccessorImpl.java:62)
	at sun.reflect.DelegatingMethodAccessorImpl.invoke(DelegatingMethodAccessorImpl.java:43)
	at java.lang.reflect.Method.invoke(Method.java:498)
	at org.junit.runners.model.FrameworkMethod$1.runReflectiveCall(FrameworkMethod.java:59)
	at org.junit.internal.runners.model.ReflectiveCallable.run(ReflectiveCallable.java:12)
	at org.junit.runners.model.FrameworkMethod.invokeExplosively(FrameworkMethod.java:56)
	at org.junit.internal.runners.statements.InvokeMethod.evaluate(InvokeMethod.java:17)
	at org.junit.internal.runners.statements.RunBefores.evaluate(RunBefores.java:26)
	at org.junit.internal.runners.statements.RunAfters.evaluate(RunAfters.java:27)
	at org.junit.rules.ExternalResource$1.evaluate(ExternalResource.java:54)
	at org.junit.internal.runners.statements.FailOnTimeout$CallableStatement.call(FailOnTimeout.java:288)
	at org.junit.internal.runners.statements.FailOnTimeout$CallableStatement.call(FailOnTimeout.java:282)
	at java.util.concurrent.FutureTask.run(FutureTask.java:266)
	at java.lang.Thread.run(Thread.java:750)
2023-09-14 11:49:59,705 [Time-limited test] INFO  om.OzoneManager (OzoneManager.java:<init>(665)) - OM start with adminUsers: [om/fv-az240-193.bcold04rutgefduts2gkrghvsa.bx.internal.cloudapp.net@EXAMPLE.COM, om]
2023-09-14 11:49:59,706 [Time-limited test] WARN  server.ServerUtils (ServerUtils.java:getDBPath(311)) - ozone.om.db.dirs is not configured. We recommend adding this setting. Falling back to ozone.metadata.dirs instead.
2023-09-14 11:49:59,706 [Time-limited test] INFO  helpers.OmKeyInfo (OmKeyInfo.java:getCodec(71)) - OmKeyInfo.getCodec ignorePipeline = true
2023-09-14 11:49:59,875 [Time-limited test] INFO  om.OzoneManager (OzoneManager.java:instantiateServices(794)) - S3 Multi-Tenancy is disabled
2023-09-14 11:49:59,876 [Time-limited test] INFO  security.OzoneSecretStore (OzoneSecretStore.java:loadState(69)) - Loaded 0 tokens
2023-09-14 11:49:59,877 [Time-limited test] INFO  security.OzoneDelegationTokenSecretManager (OzoneDelegationTokenSecretManager.java:loadTokenSecretState(530)) - Loading token state into token manager.
2023-09-14 11:49:59,877 [Time-limited test] INFO  om.OmSnapshotManager (OmSnapshotManager.java:<init>(174)) - Ozone filesystem snapshot feature is enabled.
2023-09-14 11:49:59,877 [Time-limited test] WARN  server.ServerUtils (ServerUtils.java:getDBPath(311)) - ozone.om.snapshot.diff.db.dir is not configured. We recommend adding this setting. Falling back to ozone.metadata.dirs instead.
2023-09-14 11:49:59,899 [Time-limited test] INFO  snapshot.SnapshotDiffManager (SnapshotDiffManager.java:closeExecutorService(1706)) - Shutting down executorService: 'SstDumpToolExecutor'
2023-09-14 11:49:59,904 [Time-limited test] INFO  om.OzoneManager (OzoneManager.java:addS3GVolumeToDB(4305)) - Created Volume s3v With Owner om required for S3Gateway operations.
2023-09-14 11:49:59,904 [Time-limited test] WARN  server.ServerUtils (ServerUtils.java:getDefaultRatisDirectory(323)) - Storage directory for Ratis is not configured. It is a good idea to map this to an SSD disk. Falling back to ozone.metadata.dirs
2023-09-14 11:49:59,904 [Time-limited test] WARN  utils.OzoneManagerRatisUtils (OzoneManagerRatisUtils.java:getOMRatisSnapshotDirectory(464)) - ozone.om.ratis.snapshot.dir is not configured. Falling back to ozone.metadata.dirs config
2023-09-14 11:49:59,905 [Time-limited test] WARN  server.ServerUtils (ServerUtils.java:getDefaultRatisDirectory(323)) - Storage directory for Ratis is not configured. It is a good idea to map this to an SSD disk. Falling back to ozone.metadata.dirs
2023-09-14 11:49:59,910 [Time-limited test] INFO  ratis.OzoneManagerRatisServer (OzoneManagerRatisServer.java:<init>(163)) - Instantiating OM Ratis server with groupID: omServiceIdDefault and peers: fv-az240-193.bcold04rutgefduts2gkrghvsa.bx.internal.cloudapp.net:9872
2023-09-14 11:49:59,911 [Time-limited test] INFO  ratis.OzoneManagerStateMachine (OzoneManagerStateMachine.java:loadSnapshotInfoFromDB(687)) - LastAppliedIndex is set from TransactionInfo from OM DB as (t:0, i:~)
2023-09-14 11:49:59,911 [Time-limited test] INFO  server.RaftServer (ConfUtils.java:logGet(46)) - raft.rpc.type = GRPC (default)
2023-09-14 11:49:59,911 [Time-limited test] INFO  grpc.GrpcConfigKeys (ConfUtils.java:logFallback(53)) - raft.grpc.admin.host = null (fallback to raft.grpc.server.host)
2023-09-14 11:49:59,911 [Time-limited test] INFO  grpc.GrpcConfigKeys (ConfUtils.java:logFallback(53)) - raft.grpc.admin.port = 9872 (fallback to raft.grpc.server.port)
2023-09-14 11:49:59,911 [Time-limited test] INFO  grpc.GrpcConfigKeys (ConfUtils.java:logFallback(53)) - raft.grpc.client.host = null (fallback to raft.grpc.server.host)
2023-09-14 11:49:59,911 [Time-limited test] INFO  grpc.GrpcConfigKeys (ConfUtils.java:logFallback(53)) - raft.grpc.client.port = 9872 (fallback to raft.grpc.server.port)
2023-09-14 11:49:59,911 [Time-limited test] INFO  grpc.GrpcConfigKeys (ConfUtils.java:logGet(46)) - raft.grpc.server.host = null (default)
2023-09-14 11:49:59,912 [Time-limited test] INFO  grpc.GrpcConfigKeys (ConfUtils.java:logGet(46)) - raft.grpc.server.port = 9872 (custom)
2023-09-14 11:49:59,912 [Time-limited test] INFO  server.GrpcService (ConfUtils.java:logGet(46)) - raft.grpc.message.size.max = 33554432 (custom)
2023-09-14 11:49:59,913 [Time-limited test] INFO  server.RaftServerConfigKeys (ConfUtils.java:logGet(46)) - raft.server.log.appender.buffer.byte-limit = 33554432 (custom)
2023-09-14 11:49:59,913 [Time-limited test] INFO  server.GrpcService (ConfUtils.java:logGet(46)) - raft.grpc.flow.control.window = 1MB (=1048576) (default)
2023-09-14 11:49:59,913 [Time-limited test] INFO  server.RaftServerConfigKeys (ConfUtils.java:logGet(46)) - raft.server.rpc.request.timeout = 3000ms (default)
2023-09-14 11:49:59,913 [Time-limited test] INFO  grpc.GrpcConfigKeys (ConfUtils.java:logGet(46)) - raft.grpc.server.heartbeat.channel = true (default)
2023-09-14 11:49:59,913 [Time-limited test] INFO  grpc.GrpcConfigKeys (ConfUtils.java:logGet(46)) - raft.grpc.server.async.request.thread.pool.cached = true (default)
2023-09-14 11:49:59,913 [Time-limited test] INFO  grpc.GrpcConfigKeys (ConfUtils.java:logGet(46)) - raft.grpc.server.async.request.thread.pool.size = 32 (default)
2023-09-14 11:49:59,915 [Time-limited test] INFO  impl.DataStreamServerImpl (ConfUtils.java:logGet(46)) - raft.datastream.type = DISABLED (default)
2023-09-14 11:49:59,915 [Time-limited test] INFO  server.RaftServerConfigKeys (ConfUtils.java:logGet(46)) - raft.server.threadpool.proxy.cached = true (default)
2023-09-14 11:49:59,915 [Time-limited test] INFO  server.RaftServerConfigKeys (ConfUtils.java:logGet(46)) - raft.server.threadpool.proxy.size = 0 (default)
2023-09-14 11:49:59,915 [Time-limited test] INFO  server.RaftServerConfigKeys (ConfUtils.java:logGet(46)) - raft.server.rpc.slowness.timeout = 120s (custom)
2023-09-14 11:49:59,915 [Time-limited test] INFO  server.RaftServerConfigKeys (ConfUtils.java:logGet(46)) - raft.server.leaderelection.leader.step-down.wait-time = 10s (default)
2023-09-14 11:49:59,915 [Time-limited test] INFO  server.RaftServerConfigKeys (ConfUtils.java:logGet(46)) - raft.server.storage.dir = [/tmp/junit1032785979537011144/junit8534597213499901635/om-meta/ratis] (custom)
2023-09-14 11:49:59,916 [Time-limited test] INFO  server.RaftServer (RaftServerProxy.java:addNew(98)) - om1: addNew group-C5BA1605619E:[om1|rpc:fv-az240-193.bcold04rutgefduts2gkrghvsa.bx.internal.cloudapp.net:9872|priority:0|startupRole:FOLLOWER] returns group-C5BA1605619E:java.util.concurrent.CompletableFuture@7ad58127[Not completed]
2023-09-14 11:49:59,916 [Time-limited test] INFO  om.OzoneManager (OzoneManager.java:initializeRatisServer(2148)) - OzoneManager Ratis server initialized at port 9872
2023-09-14 11:49:59,916 [Time-limited test] INFO  om.OzoneManager (OzoneManager.java:getRpcServer(1196)) - Creating RPC Server
2023-09-14 11:49:59,917 [om1-groupManagement] INFO  server.RaftServer$Division (RaftServerImpl.java:<init>(198)) - om1: new RaftServerImpl for group-C5BA1605619E:[om1|rpc:fv-az240-193.bcold04rutgefduts2gkrghvsa.bx.internal.cloudapp.net:9872|priority:0|startupRole:FOLLOWER] with OzoneManagerStateMachine:uninitialized
2023-09-14 11:49:59,917 [om1-groupManagement] INFO  server.RaftServerConfigKeys (ConfUtils.java:logGet(46)) - raft.server.rpc.timeout.min = 5s (custom)
2023-09-14 11:49:59,918 [om1-groupManagement] INFO  server.RaftServerConfigKeys (ConfUtils.java:logGet(46)) - raft.server.rpc.timeout.max = 5200ms (custom)
2023-09-14 11:49:59,918 [om1-groupManagement] INFO  server.RaftServerConfigKeys (ConfUtils.java:logGet(46)) - raft.server.rpc.sleep.time = 25ms (default)
2023-09-14 11:49:59,918 [om1-groupManagement] INFO  server.RaftServerConfigKeys (ConfUtils.java:logGet(46)) - raft.server.rpc.slowness.timeout = 120s (custom)
2023-09-14 11:49:59,918 [om1-groupManagement] INFO  server.RaftServerConfigKeys (ConfUtils.java:logGet(46)) - raft.server.leaderelection.leader.step-down.wait-time = 10s (default)
2023-09-14 11:49:59,918 [om1-groupManagement] INFO  server.RaftServerConfigKeys (ConfUtils.java:logGet(46)) - raft.server.sleep.deviation.threshold = 300ms (default)
2023-09-14 11:49:59,918 [om1-groupManagement] INFO  server.RaftServer$Division (ServerState.java:<init>(120)) - om1@group-C5BA1605619E: ConfigurationManager, init=-1: peers:[om1|rpc:fv-az240-193.bcold04rutgefduts2gkrghvsa.bx.internal.cloudapp.net:9872|priority:0|startupRole:FOLLOWER]|listeners:[], old=null, confs=<EMPTY_MAP>
2023-09-14 11:49:59,918 [om1-groupManagement] INFO  server.RaftServerConfigKeys (ConfUtils.java:logGet(46)) - raft.server.storage.dir = [/tmp/junit1032785979537011144/junit8534597213499901635/om-meta/ratis] (custom)
2023-09-14 11:49:59,918 [om1-groupManagement] INFO  server.RaftServerConfigKeys (ConfUtils.java:logGet(46)) - raft.server.log.corruption.policy = EXCEPTION (default)
2023-09-14 11:49:59,918 [om1-groupManagement] INFO  server.RaftServerConfigKeys (ConfUtils.java:logGet(46)) - raft.server.storage.free-space.min = 0MB (=0) (default)
2023-09-14 11:49:59,918 [om1-groupManagement] INFO  server.RaftServerConfigKeys (ConfUtils.java:logGet(46)) - raft.server.notification.no-leader.timeout = 120s (custom)
2023-09-14 11:49:59,919 [om1-groupManagement] INFO  server.RaftServerConfigKeys (ConfUtils.java:logGet(46)) - raft.server.read.timeout = 10s (default)
2023-09-14 11:49:59,919 [om1-groupManagement] INFO  server.RaftServerConfigKeys (ConfUtils.java:logGet(46)) - raft.server.retrycache.expirytime = 300s (custom)
2023-09-14 11:49:59,919 [om1-groupManagement] INFO  server.RaftServerConfigKeys (ConfUtils.java:logGet(46)) - raft.server.retrycache.statistics.expirytime = 100μs (default)
2023-09-14 11:49:59,919 [om1-groupManagement] INFO  server.RaftServerConfigKeys (ConfUtils.java:logGet(46)) - raft.server.read.option = DEFAULT (default)
2023-09-14 11:49:59,920 [om1-groupManagement] INFO  server.RaftServerConfigKeys (ConfUtils.java:logGet(46)) - raft.server.rpc.request.timeout = 3000ms (default)
2023-09-14 11:49:59,920 [om1-groupManagement] INFO  server.RaftServerConfigKeys (ConfUtils.java:logGet(46)) - raft.server.log.appender.install.snapshot.enabled = false (custom)
2023-09-14 11:49:59,920 [om1-groupManagement] INFO  server.RaftServerConfigKeys (ConfUtils.java:logGet(46)) - raft.server.threadpool.server.cached = true (default)
2023-09-14 11:49:59,920 [om1-groupManagement] INFO  server.RaftServerConfigKeys (ConfUtils.java:logGet(46)) - raft.server.threadpool.server.size = 0 (default)
2023-09-14 11:49:59,921 [om1-groupManagement] INFO  server.RaftServerConfigKeys (ConfUtils.java:logGet(46)) - raft.server.threadpool.client.cached = true (default)
2023-09-14 11:49:59,921 [om1-groupManagement] INFO  server.RaftServerConfigKeys (ConfUtils.java:logGet(46)) - raft.server.threadpool.client.size = 0 (default)
2023-09-14 11:50:00,251 [Time-limited test] INFO  reflections.Reflections (Reflections.java:scan(232)) - Reflections took 334 ms to scan 20 urls, producing 70 keys and 6001 values [using 2 cores]
2023-09-14 11:50:00,253 [Time-limited test] INFO  ipc.CallQueueManager (CallQueueManager.java:<init>(90)) - Using callQueue: class java.util.concurrent.LinkedBlockingQueue, queueCapacity: 10000, scheduler: class org.apache.hadoop.ipc.DefaultRpcScheduler, ipcBackoff: false.
2023-09-14 11:50:00,253 [Time-limited test] INFO  ipc.Server (Server.java:<init>(1287)) - Listener at fv-az240-193.bcold04rutgefduts2gkrghvsa.bx.internal.cloudapp.net:1202
2023-09-14 11:50:00,258 [Socket Reader #1 for port 1202] INFO  ipc.Server (Server.java:run(1323)) - Starting Socket Reader #1 for port 1202
2023-09-14 11:50:00,760 [Time-limited test] INFO  utils.SelfSignedCertificate (SelfSignedCertificate.java:generateCertificate(157)) - Certificate 1 is issued by CN=rootCA@localhost,OU=scm1,O=cluster1 to CN=rootCA@localhost,OU=scm1,O=cluster1, valid from Thu Sep 14 11:50:00 UTC 2023 to Sun Oct 22 11:50:00 UTC 2028
2023-09-14 11:50:00,763 [Time-limited test] INFO  authority.DefaultApprover (DefaultApprover.java:sign(154)) - Extensions in CSR: 2.5.29.15
2023-09-14 11:50:00,763 [Time-limited test] INFO  authority.DefaultApprover (DefaultApprover.java:sign(158)) - Extensions to add to the certificate if they present in CSR: 2.5.29.17, 2.5.29.19, 1.3.6.1.5.5.7.1.12, 2.5.29.35, 2.5.29.37, 2.5.29.15
2023-09-14 11:50:00,765 [Time-limited test] INFO  ssl.ReloadingX509KeyManager (ReloadingX509KeyManager.java:loadKeyManager(222)) - Key manager is loaded with certificate chain
2023-09-14 11:50:00,766 [Time-limited test] INFO  ssl.ReloadingX509KeyManager (ReloadingX509KeyManager.java:loadKeyManager(224)) - [
[
  Version: V3
  Subject: O=cluster1, OU=scm1, CN=localhost
  Signature Algorithm: SHA256withRSA, OID = 1.2.840.113549.1.1.11

  Key:  Sun RSA public key, 2048 bits
  params: null
  modulus: 18908632359694241922944430677665196641986072319673544044443439454526554731148259049044872786465793463084110355039388096487549262857834508794335614740305021343940511317627994172865561239435645816381560041556006032152706759697686287537757805929892604784386990737489363830067029128301939373858534790092797524739141765149790868753793982799905771585654176785112869819659874952752242831225432048482755218224204795046938679281519715862999378572385666898292986430411811963871681644943476148809900696083808113607538928418716528330962308782657877815738841815485452866872899192591198533177336751977531295353527791519181224346883
  public exponent: 65537
  Validity: [From: Thu Sep 14 11:50:00 UTC 2023,
               To: Thu Sep 14 11:50:40 UTC 2023]
  Issuer: O=cluster1, OU=scm1, CN=rootCA@localhost
  SerialNumber: [    01d77913 57b3]

Certificate Extensions: 1
[1]: ObjectId: 2.5.29.15 Criticality=true
KeyUsage [
  DigitalSignature
  Key_Encipherment
  Data_Encipherment
  Key_Agreement
]

]
  Algorithm: [SHA256withRSA]
  Signature:
0000: 57 2C 1B 60 0B 7C EB 99   4F 35 53 CA 23 F2 3B 96  W,.`....O5S.#.;.
0010: 57 9A B4 CF E2 10 1A F5   DF 23 4F 5D F4 6F CE C8  W........#O].o..
0020: C8 77 A8 6B B6 5A 71 81   4A 1B 85 FE 36 B4 A9 33  .w.k.Zq.J...6..3
0030: 92 DD 26 4B 64 7A 1D E6   E9 4A 48 61 63 00 35 40  ..&Kdz...JHac.5@
0040: F5 B0 52 AC DF 61 0B D1   D9 3F FB B8 E3 25 34 F5  ..R..a...?...%4.
0050: B2 CC 80 61 85 D7 CF C1   C6 83 C8 FB F8 B2 28 6F  ...a..........(o
0060: 9A 36 F9 8C 3B 02 77 E7   B3 D7 2A 83 67 2F 14 AC  .6..;.w...*.g/..
0070: C4 61 29 D9 00 C3 D8 08   B7 65 8B 14 C8 FC 4E 99  .a)......e....N.
0080: 91 59 EB 42 79 3D 68 93   D6 E5 71 20 D4 39 C4 F8  .Y.By=h...q .9..
0090: 2E 1B 94 19 EB C7 2C 2F   47 71 10 3A 88 3D F3 AC  ......,/Gq.:.=..
00A0: 6D 2D 80 AA 4A 16 25 A9   C9 30 C7 4D 55 F7 BC 9F  m-..J.%..0.MU...
00B0: 46 08 AC 22 AD EF 35 B7   87 47 60 84 FA 5E 57 91  F.."..5..G`..^W.
00C0: DA 55 8F 90 6E F3 C4 21   B1 11 BB 26 21 93 7F FE  .U..n..!...&!...
00D0: E3 71 37 44 F0 C9 FE 0A   9D 1A 1D 9C 1E 5F 80 02  .q7D........._..
00E0: 2C 94 AB 54 DA 3F AB AD   A5 C2 67 6E 0F 45 9B D0  ,..T.?....gn.E..
00F0: D8 C4 D1 BF 59 D8 29 FE   1B 39 F5 53 8D BB 96 C6  ....Y.)..9.S....

]
2023-09-14 11:50:00,766 [Time-limited test] INFO  ssl.ReloadingX509KeyManager (ReloadingX509KeyManager.java:loadKeyManager(224)) - [
[
  Version: V3
  Subject: O=cluster1, OU=scm1, CN=rootCA@localhost
  Signature Algorithm: SHA256withRSA, OID = 1.2.840.113549.1.1.11

  Key:  Sun RSA public key, 2048 bits
  params: null
  modulus: 25709100127233155254732186874970819216013209507387603395562728816989471451856210663059933988384719229718537647627838367359571943020948178899722181591405902055865006170905123314096296202697593634774203601343722585980021022783529349040248794873236912553045531969926539289628492683353685159588006226400373532747921058219670178878549087683953716997389675638777977458724889858138351845197896076501384075033439608574625479963918842167207030082123843384377920864479892198863205359522105918172769789203564292233569301968308224910221977223061526611270589844578116067497605165974334265424786392202363893538181361583128990554087
  public exponent: 65537
  Validity: [From: Thu Sep 14 11:50:00 UTC 2023,
               To: Sun Oct 22 11:50:00 UTC 2028]
  Issuer: O=cluster1, OU=scm1, CN=rootCA@localhost
  SerialNumber: [    01]

Certificate Extensions: 2
[1]: ObjectId: 2.5.29.19 Criticality=true
BasicConstraints:[
  CA:true
  PathLen:2147483647
]

[2]: ObjectId: 2.5.29.15 Criticality=true
KeyUsage [
  Key_CertSign
  Crl_Sign
]

]
  Algorithm: [SHA256withRSA]
  Signature:
0000: 2F C3 86 02 55 79 76 41   5B B2 E7 B8 0A 50 81 F8  /...UyvA[....P..
0010: 91 C8 AC 91 1B 61 90 4B   36 90 96 78 A3 66 A1 D0  .....a.K6..x.f..
0020: B6 CF E4 FD 47 9B F1 7A   72 97 3A 00 9E 9E 93 16  ....G..zr.:.....
0030: D0 4A E8 8B B1 7C 06 37   2D 5D C2 4A 39 46 4E C5  .J.....7-].J9FN.
0040: BF 33 16 21 B5 5D DF 4B   5F B8 BC A3 3F 99 11 42  .3.!.].K_...?..B
0050: DA C3 02 07 81 17 F1 DB   68 D1 EF 7C 61 22 DC E9  ........h...a"..
0060: A1 8F FA 2F AB 51 3D B0   DA BC F0 96 EB EB DB 98  .../.Q=.........
0070: B5 58 C7 50 7A A0 0F 5F   95 A8 3F EE 26 AC 9F CE  .X.Pz.._..?.&...
0080: 41 FD 60 27 93 26 39 85   4B 0B 64 0D C5 B4 92 00  A.`'.&9.K.d.....
0090: 90 75 E1 3D 7A EA 8B 08   14 33 FE 32 F8 C2 C7 AC  .u.=z....3.2....
00A0: B6 A4 22 B3 24 71 D5 2C   89 76 EC 4F 51 59 89 CD  ..".$q.,.v.OQY..
00B0: 9D E7 FB A2 D5 4A C8 51   E3 A6 7C 6D 6C D0 9E A5  .....J.Q...ml...
00C0: CE 07 8F 5E 1B C1 BC 6C   1D 31 42 7C 1E 7B 4A B4  ...^...l.1B...J.
00D0: D6 CE 22 AE E3 50 75 66   67 DF 41 3F 45 C9 4B 31  .."..Pufg.A?E.K1
00E0: 45 58 57 01 A8 AC 70 D5   A6 11 14 E7 E0 BB A7 6F  EXW...p........o
00F0: F4 F4 3F A7 17 97 18 B8   26 5B 98 BA E6 70 AD 25  ..?.....&[...p.%

]
2023-09-14 11:50:00,766 [Time-limited test] INFO  ssl.ReloadingX509TrustManager (ReloadingX509TrustManager.java:insertCertsToKeystore(188)) - Trust manager is loaded with certificates
2023-09-14 11:50:00,767 [Time-limited test] INFO  ssl.ReloadingX509TrustManager (ReloadingX509TrustManager.java:insertCertsToKeystore(192)) - [
[
  Version: V3
  Subject: O=cluster1, OU=scm1, CN=rootCA@localhost
  Signature Algorithm: SHA256withRSA, OID = 1.2.840.113549.1.1.11

  Key:  Sun RSA public key, 2048 bits
  params: null
  modulus: 25709100127233155254732186874970819216013209507387603395562728816989471451856210663059933988384719229718537647627838367359571943020948178899722181591405902055865006170905123314096296202697593634774203601343722585980021022783529349040248794873236912553045531969926539289628492683353685159588006226400373532747921058219670178878549087683953716997389675638777977458724889858138351845197896076501384075033439608574625479963918842167207030082123843384377920864479892198863205359522105918172769789203564292233569301968308224910221977223061526611270589844578116067497605165974334265424786392202363893538181361583128990554087
  public exponent: 65537
  Validity: [From: Thu Sep 14 11:50:00 UTC 2023,
               To: Sun Oct 22 11:50:00 UTC 2028]
  Issuer: O=cluster1, OU=scm1, CN=rootCA@localhost
  SerialNumber: [    01]

Certificate Extensions: 2
[1]: ObjectId: 2.5.29.19 Criticality=true
BasicConstraints:[
  CA:true
  PathLen:2147483647
]

[2]: ObjectId: 2.5.29.15 Criticality=true
KeyUsage [
  Key_CertSign
  Crl_Sign
]

]
  Algorithm: [SHA256withRSA]
  Signature:
0000: 2F C3 86 02 55 79 76 41   5B B2 E7 B8 0A 50 81 F8  /...UyvA[....P..
0010: 91 C8 AC 91 1B 61 90 4B   36 90 96 78 A3 66 A1 D0  .....a.K6..x.f..
0020: B6 CF E4 FD 47 9B F1 7A   72 97 3A 00 9E 9E 93 16  ....G..zr.:.....
0030: D0 4A E8 8B B1 7C 06 37   2D 5D C2 4A 39 46 4E C5  .J.....7-].J9FN.
0040: BF 33 16 21 B5 5D DF 4B   5F B8 BC A3 3F 99 11 42  .3.!.].K_...?..B
0050: DA C3 02 07 81 17 F1 DB   68 D1 EF 7C 61 22 DC E9  ........h...a"..
0060: A1 8F FA 2F AB 51 3D B0   DA BC F0 96 EB EB DB 98  .../.Q=.........
0070: B5 58 C7 50 7A A0 0F 5F   95 A8 3F EE 26 AC 9F CE  .X.Pz.._..?.&...
0080: 41 FD 60 27 93 26 39 85   4B 0B 64 0D C5 B4 92 00  A.`'.&9.K.d.....
0090: 90 75 E1 3D 7A EA 8B 08   14 33 FE 32 F8 C2 C7 AC  .u.=z....3.2....
00A0: B6 A4 22 B3 24 71 D5 2C   89 76 EC 4F 51 59 89 CD  ..".$q.,.v.OQY..
00B0: 9D E7 FB A2 D5 4A C8 51   E3 A6 7C 6D 6C D0 9E A5  .....J.Q...ml...
00C0: CE 07 8F 5E 1B C1 BC 6C   1D 31 42 7C 1E 7B 4A B4  ...^...l.1B...J.
00D0: D6 CE 22 AE E3 50 75 66   67 DF 41 3F 45 C9 4B 31  .."..Pufg.A?E.K1
00E0: 45 58 57 01 A8 AC 70 D5   A6 11 14 E7 E0 BB A7 6F  EXW...p........o
00F0: F4 F4 3F A7 17 97 18 B8   26 5B 98 BA E6 70 AD 25  ..?.....&[...p.%

]
2023-09-14 11:50:00,767 [Time-limited test] INFO  ssl.ReloadingX509KeyManager (ReloadingX509KeyManager.java:loadKeyManager(222)) - Key manager is loaded with certificate chain
2023-09-14 11:50:00,767 [Time-limited test] INFO  ssl.ReloadingX509KeyManager (ReloadingX509KeyManager.java:loadKeyManager(224)) - [
[
  Version: V3
  Subject: O=cluster1, OU=scm1, CN=localhost
  Signature Algorithm: SHA256withRSA, OID = 1.2.840.113549.1.1.11

  Key:  Sun RSA public key, 2048 bits
  params: null
  modulus: 18908632359694241922944430677665196641986072319673544044443439454526554731148259049044872786465793463084110355039388096487549262857834508794335614740305021343940511317627994172865561239435645816381560041556006032152706759697686287537757805929892604784386990737489363830067029128301939373858534790092797524739141765149790868753793982799905771585654176785112869819659874952752242831225432048482755218224204795046938679281519715862999378572385666898292986430411811963871681644943476148809900696083808113607538928418716528330962308782657877815738841815485452866872899192591198533177336751977531295353527791519181224346883
  public exponent: 65537
  Validity: [From: Thu Sep 14 11:50:00 UTC 2023,
               To: Thu Sep 14 11:50:40 UTC 2023]
  Issuer: O=cluster1, OU=scm1, CN=rootCA@localhost
  SerialNumber: [    01d77913 57b3]

Certificate Extensions: 1
[1]: ObjectId: 2.5.29.15 Criticality=true
KeyUsage [
  DigitalSignature
  Key_Encipherment
  Data_Encipherment
  Key_Agreement
]

]
  Algorithm: [SHA256withRSA]
  Signature:
0000: 57 2C 1B 60 0B 7C EB 99   4F 35 53 CA 23 F2 3B 96  W,.`....O5S.#.;.
0010: 57 9A B4 CF E2 10 1A F5   DF 23 4F 5D F4 6F CE C8  W........#O].o..
0020: C8 77 A8 6B B6 5A 71 81   4A 1B 85 FE 36 B4 A9 33  .w.k.Zq.J...6..3
0030: 92 DD 26 4B 64 7A 1D E6   E9 4A 48 61 63 00 35 40  ..&Kdz...JHac.5@
0040: F5 B0 52 AC DF 61 0B D1   D9 3F FB B8 E3 25 34 F5  ..R..a...?...%4.
0050: B2 CC 80 61 85 D7 CF C1   C6 83 C8 FB F8 B2 28 6F  ...a..........(o
0060: 9A 36 F9 8C 3B 02 77 E7   B3 D7 2A 83 67 2F 14 AC  .6..;.w...*.g/..
0070: C4 61 29 D9 00 C3 D8 08   B7 65 8B 14 C8 FC 4E 99  .a)......e....N.
0080: 91 59 EB 42 79 3D 68 93   D6 E5 71 20 D4 39 C4 F8  .Y.By=h...q .9..
0090: 2E 1B 94 19 EB C7 2C 2F   47 71 10 3A 88 3D F3 AC  ......,/Gq.:.=..
00A0: 6D 2D 80 AA 4A 16 25 A9   C9 30 C7 4D 55 F7 BC 9F  m-..J.%..0.MU...
00B0: 46 08 AC 22 AD EF 35 B7   87 47 60 84 FA 5E 57 91  F.."..5..G`..^W.
00C0: DA 55 8F 90 6E F3 C4 21   B1 11 BB 26 21 93 7F FE  .U..n..!...&!...
00D0: E3 71 37 44 F0 C9 FE 0A   9D 1A 1D 9C 1E 5F 80 02  .q7D........._..
00E0: 2C 94 AB 54 DA 3F AB AD   A5 C2 67 6E 0F 45 9B D0  ,..T.?....gn.E..
00F0: D8 C4 D1 BF 59 D8 29 FE   1B 39 F5 53 8D BB 96 C6  ....Y.)..9.S....

]
2023-09-14 11:50:00,768 [Time-limited test] INFO  ssl.ReloadingX509KeyManager (ReloadingX509KeyManager.java:loadKeyManager(224)) - [
[
  Version: V3
  Subject: O=cluster1, OU=scm1, CN=rootCA@localhost
  Signature Algorithm: SHA256withRSA, OID = 1.2.840.113549.1.1.11

  Key:  Sun RSA public key, 2048 bits
  params: null
  modulus: 25709100127233155254732186874970819216013209507387603395562728816989471451856210663059933988384719229718537647627838367359571943020948178899722181591405902055865006170905123314096296202697593634774203601343722585980021022783529349040248794873236912553045531969926539289628492683353685159588006226400373532747921058219670178878549087683953716997389675638777977458724889858138351845197896076501384075033439608574625479963918842167207030082123843384377920864479892198863205359522105918172769789203564292233569301968308224910221977223061526611270589844578116067497605165974334265424786392202363893538181361583128990554087
  public exponent: 65537
  Validity: [From: Thu Sep 14 11:50:00 UTC 2023,
               To: Sun Oct 22 11:50:00 UTC 2028]
  Issuer: O=cluster1, OU=scm1, CN=rootCA@localhost
  SerialNumber: [    01]

Certificate Extensions: 2
[1]: ObjectId: 2.5.29.19 Criticality=true
BasicConstraints:[
  CA:true
  PathLen:2147483647
]

[2]: ObjectId: 2.5.29.15 Criticality=true
KeyUsage [
  Key_CertSign
  Crl_Sign
]

]
  Algorithm: [SHA256withRSA]
  Signature:
0000: 2F C3 86 02 55 79 76 41   5B B2 E7 B8 0A 50 81 F8  /...UyvA[....P..
0010: 91 C8 AC 91 1B 61 90 4B   36 90 96 78 A3 66 A1 D0  .....a.K6..x.f..
0020: B6 CF E4 FD 47 9B F1 7A   72 97 3A 00 9E 9E 93 16  ....G..zr.:.....
0030: D0 4A E8 8B B1 7C 06 37   2D 5D C2 4A 39 46 4E C5  .J.....7-].J9FN.
0040: BF 33 16 21 B5 5D DF 4B   5F B8 BC A3 3F 99 11 42  .3.!.].K_...?..B
0050: DA C3 02 07 81 17 F1 DB   68 D1 EF 7C 61 22 DC E9  ........h...a"..
0060: A1 8F FA 2F AB 51 3D B0   DA BC F0 96 EB EB DB 98  .../.Q=.........
0070: B5 58 C7 50 7A A0 0F 5F   95 A8 3F EE 26 AC 9F CE  .X.Pz.._..?.&...
0080: 41 FD 60 27 93 26 39 85   4B 0B 64 0D C5 B4 92 00  A.`'.&9.K.d.....
0090: 90 75 E1 3D 7A EA 8B 08   14 33 FE 32 F8 C2 C7 AC  .u.=z....3.2....
00A0: B6 A4 22 B3 24 71 D5 2C   89 76 EC 4F 51 59 89 CD  ..".$q.,.v.OQY..
00B0: 9D E7 FB A2 D5 4A C8 51   E3 A6 7C 6D 6C D0 9E A5  .....J.Q...ml...
00C0: CE 07 8F 5E 1B C1 BC 6C   1D 31 42 7C 1E 7B 4A B4  ...^...l.1B...J.
00D0: D6 CE 22 AE E3 50 75 66   67 DF 41 3F 45 C9 4B 31  .."..Pufg.A?E.K1
00E0: 45 58 57 01 A8 AC 70 D5   A6 11 14 E7 E0 BB A7 6F  EXW...p........o
00F0: F4 F4 3F A7 17 97 18 B8   26 5B 98 BA E6 70 AD 25  ..?.....&[...p.%

]
2023-09-14 11:50:00,768 [Time-limited test] INFO  ssl.ReloadingX509TrustManager (ReloadingX509TrustManager.java:insertCertsToKeystore(188)) - Trust manager is loaded with certificates
2023-09-14 11:50:00,768 [Time-limited test] INFO  ssl.ReloadingX509TrustManager (ReloadingX509TrustManager.java:insertCertsToKeystore(192)) - [
[
  Version: V3
  Subject: O=cluster1, OU=scm1, CN=rootCA@localhost
  Signature Algorithm: SHA256withRSA, OID = 1.2.840.113549.1.1.11

  Key:  Sun RSA public key, 2048 bits
  params: null
  modulus: 25709100127233155254732186874970819216013209507387603395562728816989471451856210663059933988384719229718537647627838367359571943020948178899722181591405902055865006170905123314096296202697593634774203601343722585980021022783529349040248794873236912553045531969926539289628492683353685159588006226400373532747921058219670178878549087683953716997389675638777977458724889858138351845197896076501384075033439608574625479963918842167207030082123843384377920864479892198863205359522105918172769789203564292233569301968308224910221977223061526611270589844578116067497605165974334265424786392202363893538181361583128990554087
  public exponent: 65537
  Validity: [From: Thu Sep 14 11:50:00 UTC 2023,
               To: Sun Oct 22 11:50:00 UTC 2028]
  Issuer: O=cluster1, OU=scm1, CN=rootCA@localhost
  SerialNumber: [    01]

Certificate Extensions: 2
[1]: ObjectId: 2.5.29.19 Criticality=true
BasicConstraints:[
  CA:true
  PathLen:2147483647
]

[2]: ObjectId: 2.5.29.15 Criticality=true
KeyUsage [
  Key_CertSign
  Crl_Sign
]

]
  Algorithm: [SHA256withRSA]
  Signature:
0000: 2F C3 86 02 55 79 76 41   5B B2 E7 B8 0A 50 81 F8  /...UyvA[....P..
0010: 91 C8 AC 91 1B 61 90 4B   36 90 96 78 A3 66 A1 D0  .....a.K6..x.f..
0020: B6 CF E4 FD 47 9B F1 7A   72 97 3A 00 9E 9E 93 16  ....G..zr.:.....
0030: D0 4A E8 8B B1 7C 06 37   2D 5D C2 4A 39 46 4E C5  .J.....7-].J9FN.
0040: BF 33 16 21 B5 5D DF 4B   5F B8 BC A3 3F 99 11 42  .3.!.].K_...?..B
0050: DA C3 02 07 81 17 F1 DB   68 D1 EF 7C 61 22 DC E9  ........h...a"..
0060: A1 8F FA 2F AB 51 3D B0   DA BC F0 96 EB EB DB 98  .../.Q=.........
0070: B5 58 C7 50 7A A0 0F 5F   95 A8 3F EE 26 AC 9F CE  .X.Pz.._..?.&...
0080: 41 FD 60 27 93 26 39 85   4B 0B 64 0D C5 B4 92 00  A.`'.&9.K.d.....
0090: 90 75 E1 3D 7A EA 8B 08   14 33 FE 32 F8 C2 C7 AC  .u.=z....3.2....
00A0: B6 A4 22 B3 24 71 D5 2C   89 76 EC 4F 51 59 89 CD  ..".$q.,.v.OQY..
00B0: 9D E7 FB A2 D5 4A C8 51   E3 A6 7C 6D 6C D0 9E A5  .....J.Q...ml...
00C0: CE 07 8F 5E 1B C1 BC 6C   1D 31 42 7C 1E 7B 4A B4  ...^...l.1B...J.
00D0: D6 CE 22 AE E3 50 75 66   67 DF 41 3F 45 C9 4B 31  .."..Pufg.A?E.K1
00E0: 45 58 57 01 A8 AC 70 D5   A6 11 14 E7 E0 BB A7 6F  EXW...p........o
00F0: F4 F4 3F A7 17 97 18 B8   26 5B 98 BA E6 70 AD 25  ..?.....&[...p.%

]
2023-09-14 11:50:00,778 [Time-limited test] INFO  impl.MetricsSystemImpl (MetricsSystemImpl.java:init(158)) - OzoneManager metrics system started (again)
2023-09-14 11:50:00,790 [Time-limited test] INFO  om.OzoneManager (OzoneManager.java:start(1633)) - OzoneManager RPC server is listening at fv-az240-193.bcold04rutgefduts2gkrghvsa.bx.internal.cloudapp.net/10.1.136.0:1202
2023-09-14 11:50:00,790 [Time-limited test] INFO  ratis.OzoneManagerRatisServer (OzoneManagerRatisServer.java:start(558)) - Starting OzoneManagerRatisServer om1 at port 9872
2023-09-14 11:50:00,790 [om1-impl-thread1] INFO  storage.RaftStorageDirectory (RaftStorageDirectoryImpl.java:analyzeStorage(137)) - The storage directory /tmp/junit1032785979537011144/junit8534597213499901635/om-meta/ratis/bf265839-605b-3f16-9796-c5ba1605619e does not exist. Creating ...
2023-09-14 11:50:00,792 [om1-impl-thread1] INFO  storage.RaftStorageDirectory (RaftStorageDirectoryImpl.java:tryLock(231)) - Lock on /tmp/junit1032785979537011144/junit8534597213499901635/om-meta/ratis/bf265839-605b-3f16-9796-c5ba1605619e/in_use.lock acquired by nodename 22754@fv-az240-193
2023-09-14 11:50:00,793 [om1-impl-thread1] INFO  storage.RaftStorage (RaftStorageImpl.java:format(96)) - Storage directory /tmp/junit1032785979537011144/junit8534597213499901635/om-meta/ratis/bf265839-605b-3f16-9796-c5ba1605619e has been successfully formatted.
2023-09-14 11:50:00,793 [om1-impl-thread1] INFO  server.RaftServerConfigKeys (ConfUtils.java:logGet(46)) - raft.server.log.use.memory = false (default)
2023-09-14 11:50:00,793 [om1-impl-thread1] INFO  server.RaftServerConfigKeys (ConfUtils.java:logGet(46)) - raft.server.log.purge.gap = 1000000 (custom)
2023-09-14 11:50:00,793 [om1-impl-thread1] INFO  server.RaftServerConfigKeys (ConfUtils.java:logGet(46)) - raft.server.log.appender.buffer.byte-limit = 33554432 (custom)
2023-09-14 11:50:00,793 [om1-impl-thread1] INFO  server.RaftServerConfigKeys (ConfUtils.java:logGet(46)) - raft.server.log.statemachine.data.read.timeout = 1000ms (default)
2023-09-14 11:50:00,794 [om1-impl-thread1] INFO  server.RaftServerConfigKeys (ConfUtils.java:logGet(46)) - raft.server.log.purge.preservation.log.num = 0 (default)
2023-09-14 11:50:00,794 [om1-impl-thread1] INFO  server.RaftServerConfigKeys (ConfUtils.java:logGet(46)) - raft.server.log.segment.size.max = 4194304 (custom)
2023-09-14 11:50:00,794 [om1-impl-thread1] INFO  server.RaftServerConfigKeys (ConfUtils.java:logGet(46)) - raft.server.log.segment.cache.num.max = 2 (custom)
2023-09-14 11:50:00,794 [om1-impl-thread1] INFO  server.RaftServerConfigKeys (ConfUtils.java:logGet(46)) - raft.server.log.segment.cache.size.max = 200MB (=209715200) (default)
2023-09-14 11:50:00,794 [om1-impl-thread1] INFO  server.RaftServerConfigKeys (ConfUtils.java:logGet(46)) - raft.server.log.appender.buffer.byte-limit = 33554432 (custom)
2023-09-14 11:50:00,794 [om1-impl-thread1] INFO  segmented.SegmentedRaftLogWorker (SegmentedRaftLogWorker.java:<init>(188)) - new om1@group-C5BA1605619E-SegmentedRaftLogWorker for RaftStorageImpl:Storage Directory /tmp/junit1032785979537011144/junit8534597213499901635/om-meta/ratis/bf265839-605b-3f16-9796-c5ba1605619e
2023-09-14 11:50:00,794 [om1-impl-thread1] INFO  server.RaftServerConfigKeys (ConfUtils.java:logGet(46)) - raft.server.log.queue.byte-limit = 64MB (=67108864) (default)
2023-09-14 11:50:00,794 [om1-impl-thread1] INFO  server.RaftServerConfigKeys (ConfUtils.java:logGet(46)) - raft.server.log.queue.element-limit = 4096 (default)
2023-09-14 11:50:00,794 [om1-impl-thread1] INFO  server.RaftServerConfigKeys (ConfUtils.java:logGet(46)) - raft.server.log.segment.size.max = 4194304 (custom)
2023-09-14 11:50:00,794 [om1-impl-thread1] INFO  server.RaftServerConfigKeys (ConfUtils.java:logGet(46)) - raft.server.log.preallocated.size = 4194304 (custom)
2023-09-14 11:50:00,794 [om1-impl-thread1] INFO  server.RaftServerConfigKeys (ConfUtils.java:logGet(46)) - raft.server.log.force.sync.num = 128 (default)
2023-09-14 11:50:00,794 [om1-impl-thread1] INFO  server.RaftServerConfigKeys (ConfUtils.java:logGet(46)) - raft.server.log.statemachine.data.sync = true (default)
2023-09-14 11:50:00,794 [om1-impl-thread1] INFO  server.RaftServerConfigKeys (ConfUtils.java:logGet(46)) - raft.server.log.statemachine.data.sync.timeout = 10s (default)
2023-09-14 11:50:00,794 [om1-impl-thread1] INFO  server.RaftServerConfigKeys (ConfUtils.java:logGet(46)) - raft.server.log.statemachine.data.sync.timeout.retry = -1 (default)
2023-09-14 11:50:00,796 [om1-impl-thread1] INFO  server.RaftServerConfigKeys (ConfUtils.java:logGet(46)) - raft.server.log.write.buffer.size = 64KB (=65536) (default)
2023-09-14 11:50:00,796 [om1-impl-thread1] INFO  server.RaftServerConfigKeys (ConfUtils.java:logGet(46)) - raft.server.log.appender.buffer.byte-limit = 33554432 (custom)
2023-09-14 11:50:00,801 [om1-impl-thread1] INFO  server.RaftServerConfigKeys (ConfUtils.java:logGet(46)) - raft.server.log.unsafe-flush.enabled = false (default)
2023-09-14 11:50:00,801 [om1-impl-thread1] INFO  server.RaftServerConfigKeys (ConfUtils.java:logGet(46)) - raft.server.log.async-flush.enabled = false (default)
2023-09-14 11:50:00,801 [om1-impl-thread1] INFO  server.RaftServerConfigKeys (ConfUtils.java:logGet(46)) - raft.server.log.statemachine.data.caching.enabled = false (default)
2023-09-14 11:50:00,801 [om1-impl-thread1] INFO  segmented.SegmentedRaftLogWorker (SegmentedRaftLogWorker.java:lambda$new$0(135)) - om1@group-C5BA1605619E-SegmentedRaftLogWorker: flushIndex: setUnconditionally 0 -> -1
2023-09-14 11:50:00,801 [om1-impl-thread1] INFO  segmented.SegmentedRaftLogWorker (SegmentedRaftLogWorker.java:lambda$new$0(135)) - om1@group-C5BA1605619E-SegmentedRaftLogWorker: safeCacheEvictIndex: setUnconditionally 0 -> -1
2023-09-14 11:50:00,801 [om1-impl-thread1] INFO  server.RaftServer$Division (RaftServerImpl.java:start(342)) - om1@group-C5BA1605619E: start as a follower, conf=-1: peers:[om1|rpc:fv-az240-193.bcold04rutgefduts2gkrghvsa.bx.internal.cloudapp.net:9872|priority:0|startupRole:FOLLOWER]|listeners:[], old=null
2023-09-14 11:50:00,801 [om1-impl-thread1] INFO  server.RaftServer$Division (RaftServerImpl.java:setRole(329)) - om1@group-C5BA1605619E: changes role from      null to FOLLOWER at term 0 for startAsFollower
2023-09-14 11:50:00,803 [om1-impl-thread1] INFO  impl.RoleInfo (RoleInfo.java:updateAndGet(139)) - om1: start om1@group-C5BA1605619E-FollowerState
2023-09-14 11:50:00,804 [om1-impl-thread1] INFO  util.JmxRegister (JmxRegister.java:tryRegister(44)) - Successfully registered JMX Bean with object name Ratis:service=RaftServer,group=group-C5BA1605619E,id=om1
2023-09-14 11:50:00,804 [om1-impl-thread1] INFO  server.RaftServerConfigKeys (ConfUtils.java:logGet(46)) - raft.server.snapshot.auto.trigger.enabled = true (custom)
2023-09-14 11:50:00,805 [om1-impl-thread1] INFO  server.RaftServerConfigKeys (ConfUtils.java:logGet(46)) - raft.server.snapshot.auto.trigger.threshold = 400000 (default)
2023-09-14 11:50:00,805 [om1-impl-thread1] INFO  server.RaftServerConfigKeys (ConfUtils.java:logGet(46)) - raft.server.snapshot.retention.file.num = -1 (default)
2023-09-14 11:50:00,805 [om1-impl-thread1] INFO  server.RaftServerConfigKeys (ConfUtils.java:logGet(46)) - raft.server.log.purge.upto.snapshot.index = true (custom)
2023-09-14 11:50:00,809 [om1@group-C5BA1605619E-FollowerState] INFO  server.RaftServerConfigKeys (ConfUtils.java:logFallback(53)) - raft.server.rpc.first-election.timeout.min = 5s (fallback to raft.server.rpc.timeout.min)
2023-09-14 11:50:00,809 [om1@group-C5BA1605619E-FollowerState] INFO  server.RaftServerConfigKeys (ConfUtils.java:logFallback(53)) - raft.server.rpc.first-election.timeout.max = 5200ms (fallback to raft.server.rpc.timeout.max)
2023-09-14 11:50:00,809 [Time-limited test] INFO  server.RaftServer (RaftServerProxy.java:startImpl(400)) - om1: start RPC server
2023-09-14 11:50:00,810 [Time-limited test] INFO  server.GrpcService (GrpcService.java:startImpl(302)) - om1: GrpcService started, listening on 9872
2023-09-14 11:50:00,812 [Time-limited test] INFO  om.OzoneManager (OzoneManager.java:startSecretManager(1106)) - Starting OM delegation token secret manager
2023-09-14 11:50:00,812 [Time-limited test] INFO  security.OzoneDelegationTokenSecretManager (OzoneSecretManager.java:updateCurrentKey(175)) - Updating current master key for generating tokens. Cert id 2024960907187
2023-09-14 11:50:00,812 [JvmPauseMonitor6] INFO  util.JvmPauseMonitor (JvmPauseMonitor.java:run(103)) - JvmPauseMonitor-om1: Started
2023-09-14 11:50:00,813 [Thread[Thread-1466,5,FailOnTimeoutGroup]] INFO  security.OzoneDelegationTokenSecretManager (OzoneDelegationTokenSecretManager.java:run(636)) - Starting expired delegation token remover thread, tokenRemoverScanInterval=60 min(s)
2023-09-14 11:50:00,813 [Time-limited test] INFO  om.OzoneManager (OzoneManager.java:start(1649)) - Version File has different layout version (6) than OM DB (null). That is expected if this OM has never been finalized to a newer layout version.
2023-09-14 11:50:00,820 [Time-limited test] INFO  http.BaseHttpServer (BaseHttpServer.java:newHttpServer2BuilderForOzone(223)) - Starting Web-server for ozoneManager at: http://0.0.0.0:9874
2023-09-14 11:50:00,820 [Time-limited test] INFO  http.BaseHttpServer (BaseHttpServer.java:<init>(110)) - Hadoop Security Enabled: true Ozone Security Enabled: true Ozone HTTP Security Enabled: false 
2023-09-14 11:50:00,821 [Time-limited test] WARN  server.AuthenticationFilter (AuthenticationFilter.java:constructSecretProvider(240)) - Unable to initialize FileSignerSecretProvider, falling back to use random secrets. Reason: Could not read signature secret file: /home/runner/hadoop-http-auth-signature-secret
2023-09-14 11:50:00,822 [Time-limited test] INFO  http.HttpRequestLog (HttpRequestLog.java:getRequestLog(86)) - Http request log for http.requests.ozoneManager is not defined
2023-09-14 11:50:00,824 [Time-limited test] INFO  http.HttpServer2 (HttpServer2.java:addGlobalFilter(1031)) - Added global filter 'safety' (class=org.apache.hadoop.hdds.server.http.HttpServer2$QuotingInputFilter)
2023-09-14 11:50:00,825 [Time-limited test] INFO  http.HttpServer2 (HttpServer2.java:addFilter(1007)) - Added filter static_user_filter (class=org.apache.hadoop.http.lib.StaticUserWebFilter$StaticUserFilter) to context ozoneManager
2023-09-14 11:50:00,825 [Time-limited test] INFO  http.HttpServer2 (HttpServer2.java:addFilter(1015)) - Added filter static_user_filter (class=org.apache.hadoop.http.lib.StaticUserWebFilter$StaticUserFilter) to context static
2023-09-14 11:50:00,825 [Time-limited test] INFO  http.HttpServer2 (HttpServer2.java:addFilter(1015)) - Added filter static_user_filter (class=org.apache.hadoop.http.lib.StaticUserWebFilter$StaticUserFilter) to context logs
2023-09-14 11:50:00,826 [Time-limited test] INFO  http.BaseHttpServer (BaseHttpServer.java:<init>(189)) - HTTP server of ozoneManager uses base directory /tmp/junit1032785979537011144/junit8534597213499901635/om-meta/webserver
2023-09-14 11:50:00,826 [Time-limited test] INFO  http.HttpServer2 (HttpServer2.java:bindListener(1231)) - Jetty bound to port 9874
2023-09-14 11:50:00,826 [Time-limited test] INFO  server.Server (Server.java:doStart(375)) - jetty-9.4.51.v20230217; built: 2023-02-17T08:19:37.309Z; git: b45c405e4544384de066f814ed42ae3dceacdd49; jvm 1.8.0_382-b05
2023-09-14 11:50:00,828 [Time-limited test] INFO  server.session (DefaultSessionIdManager.java:doStart(334)) - DefaultSessionIdManager workerName=node0
2023-09-14 11:50:00,828 [Time-limited test] INFO  server.session (DefaultSessionIdManager.java:doStart(339)) - No SessionScavenger set, using defaults
2023-09-14 11:50:00,828 [Time-limited test] INFO  server.session (HouseKeeper.java:startScavenging(132)) - node0 Scavenging every 660000ms
2023-09-14 11:50:00,828 [Time-limited test] INFO  handler.ContextHandler (ContextHandler.java:doStart(921)) - Started o.e.j.s.ServletContextHandler@3edbe07f{logs,/logs,file:///home/runner/work/ozone/ozone/hadoop-ozone/integration-test/target/log,AVAILABLE}
2023-09-14 11:50:00,829 [Time-limited test] INFO  handler.ContextHandler (ContextHandler.java:doStart(921)) - Started o.e.j.s.ServletContextHandler@2b1c7e8d{static,/static,file:///home/runner/work/ozone/ozone/hadoop-ozone/integration-test/target/test-classes/webapps/static,AVAILABLE}
2023-09-14 11:50:00,832 [Time-limited test] INFO  handler.ContextHandler (ContextHandler.java:doStart(921)) - Started o.e.j.w.WebAppContext@4ca6f32a{ozoneManager,/,file:///home/runner/work/ozone/ozone/hadoop-ozone/integration-test/target/test-classes/webapps/ozoneManager/,AVAILABLE}{file:/home/runner/work/ozone/ozone/hadoop-ozone/integration-test/target/test-classes/webapps/ozoneManager}
2023-09-14 11:50:00,833 [Time-limited test] INFO  server.AbstractConnector (AbstractConnector.java:doStart(333)) - Started ServerConnector@77ac0c30{HTTP/1.1, (http/1.1)}{0.0.0.0:9874}
2023-09-14 11:50:00,833 [Time-limited test] INFO  server.Server (Server.java:doStart(415)) - Started @76127ms
2023-09-14 11:50:00,833 [Time-limited test] WARN  impl.MetricsSystemImpl (MetricsSystemImpl.java:register(279)) - Sink prometheus already exists!
2023-09-14 11:50:00,834 [Time-limited test] INFO  http.BaseHttpServer (BaseHttpServer.java:updateConnectorAddress(354)) - HTTP server of ozoneManager listening at http://0.0.0.0:9874
2023-09-14 11:50:00,834 [IPC Server Responder] INFO  ipc.Server (Server.java:run(1562)) - IPC Server Responder: starting
2023-09-14 11:50:00,835 [IPC Server listener on 1202] INFO  ipc.Server (Server.java:run(1402)) - IPC Server listener on 1202: starting
2023-09-14 11:50:00,851 [Time-limited test] INFO  om.OzoneManager (OzoneManager.java:startTrashEmptier(2101)) - Trash Interval set to 0. Files deleted won't move to trash
2023-09-14 11:50:05,855 [om1@group-C5BA1605619E-FollowerState] INFO  impl.FollowerState (FollowerState.java:run(143)) - om1@group-C5BA1605619E-FollowerState: change to CANDIDATE, lastRpcElapsedTime:5052344609ns, electionTimeout:5046ms
2023-09-14 11:50:05,856 [om1@group-C5BA1605619E-FollowerState] INFO  impl.RoleInfo (RoleInfo.java:shutdownFollowerState(110)) - om1: shutdown om1@group-C5BA1605619E-FollowerState
2023-09-14 11:50:05,856 [om1@group-C5BA1605619E-FollowerState] INFO  server.RaftServer$Division (RaftServerImpl.java:setRole(329)) - om1@group-C5BA1605619E: changes role from  FOLLOWER to CANDIDATE at term 0 for changeToCandidate
2023-09-14 11:50:05,856 [om1@group-C5BA1605619E-FollowerState] INFO  server.RaftServerConfigKeys (ConfUtils.java:logGet(46)) - raft.server.leaderelection.pre-vote = true (default)
2023-09-14 11:50:05,856 [om1@group-C5BA1605619E-FollowerState] INFO  impl.RoleInfo (RoleInfo.java:updateAndGet(139)) - om1: start om1@group-C5BA1605619E-LeaderElection3
2023-09-14 11:50:05,860 [om1@group-C5BA1605619E-LeaderElection3] INFO  impl.LeaderElection (LeaderElection.java:askForVotes(321)) - om1@group-C5BA1605619E-LeaderElection3 PRE_VOTE round 0: submit vote requests at term 0 for -1: peers:[om1|rpc:fv-az240-193.bcold04rutgefduts2gkrghvsa.bx.internal.cloudapp.net:9872|priority:0|startupRole:FOLLOWER]|listeners:[], old=null
2023-09-14 11:50:05,860 [om1@group-C5BA1605619E-LeaderElection3] INFO  impl.LeaderElection (LeaderElection.java:askForVotes(323)) - om1@group-C5BA1605619E-LeaderElection3 PRE_VOTE round 0: result PASSED (term=0)
2023-09-14 11:50:05,861 [om1@group-C5BA1605619E-LeaderElection3] INFO  impl.LeaderElection (LeaderElection.java:askForVotes(321)) - om1@group-C5BA1605619E-LeaderElection3 ELECTION round 0: submit vote requests at term 1 for -1: peers:[om1|rpc:fv-az240-193.bcold04rutgefduts2gkrghvsa.bx.internal.cloudapp.net:9872|priority:0|startupRole:FOLLOWER]|listeners:[], old=null
2023-09-14 11:50:05,861 [om1@group-C5BA1605619E-LeaderElection3] INFO  impl.LeaderElection (LeaderElection.java:askForVotes(323)) - om1@group-C5BA1605619E-LeaderElection3 ELECTION round 0: result PASSED (term=1)
2023-09-14 11:50:05,861 [om1@group-C5BA1605619E-LeaderElection3] INFO  impl.RoleInfo (RoleInfo.java:shutdownLeaderElection(130)) - om1: shutdown om1@group-C5BA1605619E-LeaderElection3
2023-09-14 11:50:05,861 [om1@group-C5BA1605619E-LeaderElection3] INFO  server.RaftServer$Division (RaftServerImpl.java:setRole(329)) - om1@group-C5BA1605619E: changes role from CANDIDATE to LEADER at term 1 for changeToLeader
2023-09-14 11:50:05,862 [om1@group-C5BA1605619E-LeaderElection3] INFO  server.RaftServer$Division (ServerState.java:setLeader(317)) - om1@group-C5BA1605619E: change Leader from null to om1 at term 1 for becomeLeader, leader elected after 5942ms
2023-09-14 11:50:05,862 [om1@group-C5BA1605619E-LeaderElection3] INFO  server.RaftServerConfigKeys (ConfUtils.java:logGet(46)) - raft.server.staging.catchup.gap = 1000 (default)
2023-09-14 11:50:05,862 [om1@group-C5BA1605619E-LeaderElection3] INFO  server.RaftServerConfigKeys (ConfUtils.java:logGet(46)) - raft.server.write.element-limit = 4096 (default)
2023-09-14 11:50:05,862 [om1@group-C5BA1605619E-LeaderElection3] INFO  server.RaftServerConfigKeys (ConfUtils.java:logGet(46)) - raft.server.write.byte-limit = 64MB (=67108864) (default)
2023-09-14 11:50:05,862 [om1@group-C5BA1605619E-LeaderElection3] INFO  server.RaftServerConfigKeys (ConfUtils.java:logGet(46)) - raft.server.watch.timeout = 10s (default)
2023-09-14 11:50:05,862 [om1@group-C5BA1605619E-LeaderElection3] INFO  server.RaftServerConfigKeys (ConfUtils.java:logGet(46)) - raft.server.watch.timeout.denomination = 1s (default)
2023-09-14 11:50:05,862 [om1@group-C5BA1605619E-LeaderElection3] INFO  server.RaftServerConfigKeys (ConfUtils.java:logGet(46)) - raft.server.watch.element-limit = 65536 (default)
2023-09-14 11:50:05,862 [om1@group-C5BA1605619E-LeaderElection3] INFO  server.RaftServerConfigKeys (ConfUtils.java:logGet(46)) - raft.server.write.element-limit = 4096 (default)
2023-09-14 11:50:05,862 [om1@group-C5BA1605619E-LeaderElection3] INFO  server.RaftServerConfigKeys (ConfUtils.java:logGet(46)) - raft.server.write.follower.gap.ratio.max = -1.0 (default)
2023-09-14 11:50:05,862 [om1@group-C5BA1605619E-LeaderElection3] INFO  impl.RoleInfo (RoleInfo.java:updateAndGet(139)) - om1: start om1@group-C5BA1605619E-LeaderStateImpl
2023-09-14 11:50:05,863 [om1@group-C5BA1605619E-LeaderElection3] INFO  segmented.SegmentedRaftLogWorker (SegmentedRaftLogWorker.java:startLogSegment(447)) - om1@group-C5BA1605619E-SegmentedRaftLogWorker: Starting segment from index:0
2023-09-14 11:50:05,865 [om1@group-C5BA1605619E-LeaderElection3] INFO  server.RaftServer$Division (ServerState.java:setRaftConf(434)) - om1@group-C5BA1605619E: set configuration 0: peers:[om1|rpc:fv-az240-193.bcold04rutgefduts2gkrghvsa.bx.internal.cloudapp.net:9872|admin:|client:|dataStream:|priority:0|startupRole:FOLLOWER]|listeners:[], old=null
2023-09-14 11:50:05,873 [om1@group-C5BA1605619E-SegmentedRaftLogWorker] INFO  segmented.SegmentedRaftLogWorker (SegmentedRaftLogWorker.java:execute(651)) - om1@group-C5BA1605619E-SegmentedRaftLogWorker: created new log segment /tmp/junit1032785979537011144/junit8534597213499901635/om-meta/ratis/bf265839-605b-3f16-9796-c5ba1605619e/current/log_inprogress_0
2023-09-14 11:50:05,874 [om1@group-C5BA1605619E-StateMachineUpdater] INFO  ratis.OzoneManagerStateMachine (OzoneManagerStateMachine.java:notifyConfigurationChanged(202)) - Received Configuration change notification from Ratis. New Peer list:
[id: "om1"
address: "fv-az240-193.bcold04rutgefduts2gkrghvsa.bx.internal.cloudapp.net:9872"
startupRole: FOLLOWER
]
2023-09-14 11:50:05,971 [pool-390-thread-2] INFO  request.TgsRequest (TgsRequest.java:issueTicket(115)) - TGS_REQ ISSUE: authtime 1694692205971,om/fv-az240-193.bcold04rutgefduts2gkrghvsa.bx.internal.cloudapp.net for om/fv-az240-193.bcold04rutgefduts2gkrghvsa.bx.internal.cloudapp.net@EXAMPLE.COM
2023-09-14 11:50:05,978 [Socket Reader #1 for port 1202] INFO  ipc.Server (Server.java:saslProcess(2139)) - Auth successful for om/fv-az240-193.bcold04rutgefduts2gkrghvsa.bx.internal.cloudapp.net@EXAMPLE.COM (auth:KERBEROS) from fv-az240-193.bcold04rutgefduts2gkrghvsa.bx.internal.cloudapp.net:43283 / 10.1.136.0:43283
2023-09-14 11:50:15,186 [CertificateRenewerService] INFO  utils.SelfSignedCertificate (SelfSignedCertificate.java:generateCertificate(157)) - Certificate 2 is issued by CN=rootCA-new@localhost,OU=scm1,O=cluster1 to CN=rootCA-new@localhost,OU=scm1,O=cluster1, valid from Thu Sep 14 11:50:15 UTC 2023 to Sun Oct 22 11:50:15 UTC 2028
2023-09-14 11:50:15,291 [CertificateRenewerService] INFO  authority.DefaultApprover (DefaultApprover.java:sign(154)) - Extensions in CSR: 2.5.29.15
2023-09-14 11:50:15,291 [CertificateRenewerService] INFO  authority.DefaultApprover (DefaultApprover.java:sign(158)) - Extensions to add to the certificate if they present in CSR: 2.5.29.17, 2.5.29.19, 1.3.6.1.5.5.7.1.12, 2.5.29.35, 2.5.29.37, 2.5.29.15
Thu Sep 14 11:50:15 UTC 2023 certificated is renewed
2023-09-14 11:50:15,295 [CertificateRenewerService] INFO  ssl.PemFileBasedKeyStoresFactory (PemFileBasedKeyStoresFactory.java:notifyCertificateRenewed(157)) - CertificateClientTestImpl notify certificate renewed
2023-09-14 11:50:15,295 [CertificateRenewerService] INFO  ssl.ReloadingX509KeyManager (ReloadingX509KeyManager.java:loadKeyManager(222)) - Key manager is loaded with certificate chain
2023-09-14 11:50:15,296 [CertificateRenewerService] INFO  ssl.ReloadingX509KeyManager (ReloadingX509KeyManager.java:loadKeyManager(224)) - [
[
  Version: V3
  Subject: O=cluster1, OU=scm1, CN=localhost
  Signature Algorithm: SHA256withRSA, OID = 1.2.840.113549.1.1.11

  Key:  Sun RSA public key, 2048 bits
  params: null
  modulus: 26690611665484243939351914501601852587772537545824522733085884812148308702813702527286920356702198185143031665678692907558991750289552111949991280151025616398153870585996497520646936882546391225363232858103662048197916105562391153394512341227035468108203067023021702413971406385928692499997192631641019671892962628912290205436312313831165779800652595278855088784699385196924508242123041911460411900423062088465118803389347546183898893466317880510113612133122177312586837535888440288661568778693202763408999770214909776886568685049519508161541850916477220627114729396978874190096202210551771335045798173995559158817277
  public exponent: 65537
  Validity: [From: Thu Sep 14 11:50:15 UTC 2023,
               To: Thu Sep 14 11:50:55 UTC 2023]
  Issuer: O=cluster1, OU=scm1, CN=rootCA-new@localhost
  SerialNumber: [    01dadb0b fccd]

Certificate Extensions: 1
[1]: ObjectId: 2.5.29.15 Criticality=true
KeyUsage [
  DigitalSignature
  Key_Agreement
]

]
  Algorithm: [SHA256withRSA]
  Signature:
0000: 62 BA EB 2A B3 3F C7 41   2F 6D 71 EB 92 C9 4B C9  b..*.?.A/mq...K.
0010: 08 FF DB FF C6 35 CD 2E   5C E9 87 58 4D 1D 1E 8E  .....5..\..XM...
0020: 55 C2 16 2A DA B4 B3 7F   E6 34 B0 03 3A DE 36 80  U..*.....4..:.6.
0030: 52 C4 E8 02 75 8E EC A4   21 A8 A4 1D D7 87 78 80  R...u...!.....x.
0040: E1 2E 42 07 E8 2C 33 67   8D 7D E4 9B 17 D5 55 9F  ..B..,3g......U.
0050: E8 9A 0C 0A C9 DE 4D 70   18 12 FB 0A A4 55 DB A0  ......Mp.....U..
0060: 54 D5 CB 99 3F A6 6A 8B   53 32 AF 32 FC ED 82 E6  T...?.j.S2.2....
0070: 2A 13 F2 54 C3 F0 22 05   58 10 99 58 27 B1 49 18  *..T..".X..X'.I.
0080: 81 2A 73 DF 5C 5C C9 97   E1 FD 38 02 DC 52 A4 F0  .*s.\\....8..R..
0090: 64 E0 0D 46 F5 F1 21 20   3C FE 7A CE 3A 5B CC 5F  d..F..! <.z.:[._
00A0: 3F B4 58 78 97 61 EF 1B   DE D1 5D D5 AD 42 7A 8D  ?.Xx.a....]..Bz.
00B0: 3C C8 D5 1C 5D D2 29 D5   7B 13 CB 64 77 8B AD CE  <...].)....dw...
00C0: DE DF 94 80 0B 0C C8 13   1C 77 D5 2D AC A1 12 20  .........w.-... 
00D0: 4E AC 8F 39 4A 54 A1 87   E5 A7 B1 49 D5 0F E7 CB  N..9JT.....I....
00E0: E5 5A BA 5E 20 17 6E 64   FC C4 94 77 6E 4F D7 5D  .Z.^ .nd...wnO.]
00F0: DC B9 6C E5 70 F1 91 0C   AB 83 C3 17 AA 3C 24 7D  ..l.p........<$.

]
2023-09-14 11:50:15,296 [CertificateRenewerService] INFO  ssl.ReloadingX509KeyManager (ReloadingX509KeyManager.java:loadKeyManager(224)) - [
[
  Version: V3
  Subject: O=cluster1, OU=scm1, CN=rootCA-new@localhost
  Signature Algorithm: SHA256withRSA, OID = 1.2.840.113549.1.1.11

  Key:  Sun RSA public key, 2048 bits
  params: null
  modulus: 21906346629395523871598392851920523837710190465225016805798600002827990098744912954136901575726924685317390052797534704188584060354826752135674976033992933581947614063183746565186716054784334646629060714738908618324855969544436938576589818524088265470876388418839420131038069094473440522463097804425516196424104938949904849081448380320824135964394603084212368470441959158451941414662138001615949711152029462219697023600510617656502262180165171864184924779651667758097179804286345993885027169833170850576095891036389559930387898120825408296690490738809416344648892874177620632451069372100346195240290188552344034990649
  public exponent: 65537
  Validity: [From: Thu Sep 14 11:50:15 UTC 2023,
               To: Sun Oct 22 11:50:15 UTC 2028]
  Issuer: O=cluster1, OU=scm1, CN=rootCA-new@localhost
  SerialNumber: [    02]

Certificate Extensions: 2
[1]: ObjectId: 2.5.29.19 Criticality=true
BasicConstraints:[
  CA:true
  PathLen:2147483647
]

[2]: ObjectId: 2.5.29.15 Criticality=true
KeyUsage [
  Key_CertSign
  Crl_Sign
]

]
  Algorithm: [SHA256withRSA]
  Signature:
0000: 77 9B 4D BA BD 17 BD BD   3D 47 B5 B7 50 1D 31 C8  w.M.....=G..P.1.
0010: 59 2C 77 42 B3 10 DF 62   F2 D3 13 0E BD C4 64 59  Y,wB...b......dY
0020: 75 8C B7 0E E5 B3 BE A5   CC B4 08 18 65 52 3E E0  u...........eR>.
0030: 84 AF 7B 01 8A E2 11 1B   21 5D CE C6 DB 8E 06 7F  ........!]......
0040: 37 7D 36 C7 AE 80 79 53   A5 3A 57 48 69 17 92 52  7.6...yS.:WHi..R
0050: D3 BE 05 C4 D0 D9 A7 E4   EE D7 FB DB 65 A4 A0 CC  ............e...
0060: 4F 30 4D BC 84 BD 51 3E   4F 6D 7A 60 8E 40 BA 91  O0M...Q>Omz`.@..
0070: 0C D8 DC D3 CA E8 54 36   DE 4C A8 CD F0 85 D7 94  ......T6.L......
0080: 0A AA FE 50 14 F3 5C 9B   EF 2D 4C D0 F0 42 0D 50  ...P..\..-L..B.P
0090: C8 2C BA 79 43 42 0D 2A   57 58 39 2D 31 6C 4A A3  .,.yCB.*WX9-1lJ.
00A0: 14 47 B3 88 43 CC CB 91   C3 C5 BD EF BC AF 98 68  .G..C..........h
00B0: 3F EB 09 F8 5A A0 93 FA   52 8E 80 B3 33 C3 9C A6  ?...Z...R...3...
00C0: 27 98 20 40 6D 7F 50 2D   DC E1 DD C3 46 CE 0B B1  '. @m.P-....F...
00D0: 47 E0 9B 33 65 46 C7 D5   A7 E0 3F 9F 85 19 94 9B  G..3eF....?.....
00E0: 03 B0 A0 29 D0 D6 0C F1   90 59 7B A5 58 58 9D 74  ...).....Y..XX.t
00F0: E0 E7 AC CC 4C D1 AC CD   AF 7F 29 DD 6B 27 BD 0A  ....L.....).k'..

]
2023-09-14 11:50:15,296 [CertificateRenewerService] INFO  ssl.ReloadingX509KeyManager (ReloadingX509KeyManager.java:loadFrom(192)) - ReloadingX509KeyManager is reloaded
2023-09-14 11:50:15,296 [CertificateRenewerService] INFO  ssl.ReloadingX509TrustManager (ReloadingX509TrustManager.java:insertCertsToKeystore(188)) - Trust manager is loaded with certificates
2023-09-14 11:50:15,301 [CertificateRenewerService] INFO  ssl.ReloadingX509TrustManager (ReloadingX509TrustManager.java:insertCertsToKeystore(192)) - [
[
  Version: V3
  Subject: O=cluster1, OU=scm1, CN=rootCA@localhost
  Signature Algorithm: SHA256withRSA, OID = 1.2.840.113549.1.1.11

  Key:  Sun RSA public key, 2048 bits
  params: null
  modulus: 25709100127233155254732186874970819216013209507387603395562728816989471451856210663059933988384719229718537647627838367359571943020948178899722181591405902055865006170905123314096296202697593634774203601343722585980021022783529349040248794873236912553045531969926539289628492683353685159588006226400373532747921058219670178878549087683953716997389675638777977458724889858138351845197896076501384075033439608574625479963918842167207030082123843384377920864479892198863205359522105918172769789203564292233569301968308224910221977223061526611270589844578116067497605165974334265424786392202363893538181361583128990554087
  public exponent: 65537
  Validity: [From: Thu Sep 14 11:50:00 UTC 2023,
               To: Sun Oct 22 11:50:00 UTC 2028]
  Issuer: O=cluster1, OU=scm1, CN=rootCA@localhost
  SerialNumber: [    01]

Certificate Extensions: 2
[1]: ObjectId: 2.5.29.19 Criticality=true
BasicConstraints:[
  CA:true
  PathLen:2147483647
]

[2]: ObjectId: 2.5.29.15 Criticality=true
KeyUsage [
  Key_CertSign
  Crl_Sign
]

]
  Algorithm: [SHA256withRSA]
  Signature:
0000: 2F C3 86 02 55 79 76 41   5B B2 E7 B8 0A 50 81 F8  /...UyvA[....P..
0010: 91 C8 AC 91 1B 61 90 4B   36 90 96 78 A3 66 A1 D0  .....a.K6..x.f..
0020: B6 CF E4 FD 47 9B F1 7A   72 97 3A 00 9E 9E 93 16  ....G..zr.:.....
0030: D0 4A E8 8B B1 7C 06 37   2D 5D C2 4A 39 46 4E C5  .J.....7-].J9FN.
0040: BF 33 16 21 B5 5D DF 4B   5F B8 BC A3 3F 99 11 42  .3.!.].K_...?..B
0050: DA C3 02 07 81 17 F1 DB   68 D1 EF 7C 61 22 DC E9  ........h...a"..
0060: A1 8F FA 2F AB 51 3D B0   DA BC F0 96 EB EB DB 98  .../.Q=.........
0070: B5 58 C7 50 7A A0 0F 5F   95 A8 3F EE 26 AC 9F CE  .X.Pz.._..?.&...
0080: 41 FD 60 27 93 26 39 85   4B 0B 64 0D C5 B4 92 00  A.`'.&9.K.d.....
0090: 90 75 E1 3D 7A EA 8B 08   14 33 FE 32 F8 C2 C7 AC  .u.=z....3.2....
00A0: B6 A4 22 B3 24 71 D5 2C   89 76 EC 4F 51 59 89 CD  ..".$q.,.v.OQY..
00B0: 9D E7 FB A2 D5 4A C8 51   E3 A6 7C 6D 6C D0 9E A5  .....J.Q...ml...
00C0: CE 07 8F 5E 1B C1 BC 6C   1D 31 42 7C 1E 7B 4A B4  ...^...l.1B...J.
00D0: D6 CE 22 AE E3 50 75 66   67 DF 41 3F 45 C9 4B 31  .."..Pufg.A?E.K1
00E0: 45 58 57 01 A8 AC 70 D5   A6 11 14 E7 E0 BB A7 6F  EXW...p........o
00F0: F4 F4 3F A7 17 97 18 B8   26 5B 98 BA E6 70 AD 25  ..?.....&[...p.%

]
2023-09-14 11:50:15,301 [CertificateRenewerService] INFO  ssl.ReloadingX509TrustManager (ReloadingX509TrustManager.java:insertCertsToKeystore(192)) - [
[
  Version: V3
  Subject: O=cluster1, OU=scm1, CN=rootCA-new@localhost
  Signature Algorithm: SHA256withRSA, OID = 1.2.840.113549.1.1.11

  Key:  Sun RSA public key, 2048 bits
  params: null
  modulus: 21906346629395523871598392851920523837710190465225016805798600002827990098744912954136901575726924685317390052797534704188584060354826752135674976033992933581947614063183746565186716054784334646629060714738908618324855969544436938576589818524088265470876388418839420131038069094473440522463097804425516196424104938949904849081448380320824135964394603084212368470441959158451941414662138001615949711152029462219697023600510617656502262180165171864184924779651667758097179804286345993885027169833170850576095891036389559930387898120825408296690490738809416344648892874177620632451069372100346195240290188552344034990649
  public exponent: 65537
  Validity: [From: Thu Sep 14 11:50:15 UTC 2023,
               To: Sun Oct 22 11:50:15 UTC 2028]
  Issuer: O=cluster1, OU=scm1, CN=rootCA-new@localhost
  SerialNumber: [    02]

Certificate Extensions: 2
[1]: ObjectId: 2.5.29.19 Criticality=true
BasicConstraints:[
  CA:true
  PathLen:2147483647
]

[2]: ObjectId: 2.5.29.15 Criticality=true
KeyUsage [
  Key_CertSign
  Crl_Sign
]

]
  Algorithm: [SHA256withRSA]
  Signature:
0000: 77 9B 4D BA BD 17 BD BD   3D 47 B5 B7 50 1D 31 C8  w.M.....=G..P.1.
0010: 59 2C 77 42 B3 10 DF 62   F2 D3 13 0E BD C4 64 59  Y,wB...b......dY
0020: 75 8C B7 0E E5 B3 BE A5   CC B4 08 18 65 52 3E E0  u...........eR>.
0030: 84 AF 7B 01 8A E2 11 1B   21 5D CE C6 DB 8E 06 7F  ........!]......
0040: 37 7D 36 C7 AE 80 79 53   A5 3A 57 48 69 17 92 52  7.6...yS.:WHi..R
0050: D3 BE 05 C4 D0 D9 A7 E4   EE D7 FB DB 65 A4 A0 CC  ............e...
0060: 4F 30 4D BC 84 BD 51 3E   4F 6D 7A 60 8E 40 BA 91  O0M...Q>Omz`.@..
0070: 0C D8 DC D3 CA E8 54 36   DE 4C A8 CD F0 85 D7 94  ......T6.L......
0080: 0A AA FE 50 14 F3 5C 9B   EF 2D 4C D0 F0 42 0D 50  ...P..\..-L..B.P
0090: C8 2C BA 79 43 42 0D 2A   57 58 39 2D 31 6C 4A A3  .,.yCB.*WX9-1lJ.
00A0: 14 47 B3 88 43 CC CB 91   C3 C5 BD EF BC AF 98 68  .G..C..........h
00B0: 3F EB 09 F8 5A A0 93 FA   52 8E 80 B3 33 C3 9C A6  ?...Z...R...3...
00C0: 27 98 20 40 6D 7F 50 2D   DC E1 DD C3 46 CE 0B B1  '. @m.P-....F...
00D0: 47 E0 9B 33 65 46 C7 D5   A7 E0 3F 9F 85 19 94 9B  G..3eF....?.....
00E0: 03 B0 A0 29 D0 D6 0C F1   90 59 7B A5 58 58 9D 74  ...).....Y..XX.t
00F0: E0 E7 AC CC 4C D1 AC CD   AF 7F 29 DD 6B 27 BD 0A  ....L.....).k'..

]
2023-09-14 11:50:15,301 [CertificateRenewerService] INFO  ssl.ReloadingX509TrustManager (ReloadingX509TrustManager.java:loadFrom(141)) - ReloadingX509TrustManager is reloaded.
2023-09-14 11:50:15,301 [CertificateRenewerService] INFO  ssl.PemFileBasedKeyStoresFactory (PemFileBasedKeyStoresFactory.java:notifyCertificateRenewed(157)) - CertificateClientTestImpl notify certificate renewed
2023-09-14 11:50:15,302 [CertificateRenewerService] INFO  ssl.ReloadingX509KeyManager (ReloadingX509KeyManager.java:loadKeyManager(222)) - Key manager is loaded with certificate chain
2023-09-14 11:50:15,302 [CertificateRenewerService] INFO  ssl.ReloadingX509KeyManager (ReloadingX509KeyManager.java:loadKeyManager(224)) - [
[
  Version: V3
  Subject: O=cluster1, OU=scm1, CN=localhost
  Signature Algorithm: SHA256withRSA, OID = 1.2.840.113549.1.1.11

  Key:  Sun RSA public key, 2048 bits
  params: null
  modulus: 26690611665484243939351914501601852587772537545824522733085884812148308702813702527286920356702198185143031665678692907558991750289552111949991280151025616398153870585996497520646936882546391225363232858103662048197916105562391153394512341227035468108203067023021702413971406385928692499997192631641019671892962628912290205436312313831165779800652595278855088784699385196924508242123041911460411900423062088465118803389347546183898893466317880510113612133122177312586837535888440288661568778693202763408999770214909776886568685049519508161541850916477220627114729396978874190096202210551771335045798173995559158817277
  public exponent: 65537
  Validity: [From: Thu Sep 14 11:50:15 UTC 2023,
               To: Thu Sep 14 11:50:55 UTC 2023]
  Issuer: O=cluster1, OU=scm1, CN=rootCA-new@localhost
  SerialNumber: [    01dadb0b fccd]

Certificate Extensions: 1
[1]: ObjectId: 2.5.29.15 Criticality=true
KeyUsage [
  DigitalSignature
  Key_Agreement
]

]
  Algorithm: [SHA256withRSA]
  Signature:
0000: 62 BA EB 2A B3 3F C7 41   2F 6D 71 EB 92 C9 4B C9  b..*.?.A/mq...K.
0010: 08 FF DB FF C6 35 CD 2E   5C E9 87 58 4D 1D 1E 8E  .....5..\..XM...
0020: 55 C2 16 2A DA B4 B3 7F   E6 34 B0 03 3A DE 36 80  U..*.....4..:.6.
0030: 52 C4 E8 02 75 8E EC A4   21 A8 A4 1D D7 87 78 80  R...u...!.....x.
0040: E1 2E 42 07 E8 2C 33 67   8D 7D E4 9B 17 D5 55 9F  ..B..,3g......U.
0050: E8 9A 0C 0A C9 DE 4D 70   18 12 FB 0A A4 55 DB A0  ......Mp.....U..
0060: 54 D5 CB 99 3F A6 6A 8B   53 32 AF 32 FC ED 82 E6  T...?.j.S2.2....
0070: 2A 13 F2 54 C3 F0 22 05   58 10 99 58 27 B1 49 18  *..T..".X..X'.I.
0080: 81 2A 73 DF 5C 5C C9 97   E1 FD 38 02 DC 52 A4 F0  .*s.\\....8..R..
0090: 64 E0 0D 46 F5 F1 21 20   3C FE 7A CE 3A 5B CC 5F  d..F..! <.z.:[._
00A0: 3F B4 58 78 97 61 EF 1B   DE D1 5D D5 AD 42 7A 8D  ?.Xx.a....]..Bz.
00B0: 3C C8 D5 1C 5D D2 29 D5   7B 13 CB 64 77 8B AD CE  <...].)....dw...
00C0: DE DF 94 80 0B 0C C8 13   1C 77 D5 2D AC A1 12 20  .........w.-... 
00D0: 4E AC 8F 39 4A 54 A1 87   E5 A7 B1 49 D5 0F E7 CB  N..9JT.....I....
00E0: E5 5A BA 5E 20 17 6E 64   FC C4 94 77 6E 4F D7 5D  .Z.^ .nd...wnO.]
00F0: DC B9 6C E5 70 F1 91 0C   AB 83 C3 17 AA 3C 24 7D  ..l.p........<$.

]
2023-09-14 11:50:15,302 [CertificateRenewerService] INFO  ssl.ReloadingX509KeyManager (ReloadingX509KeyManager.java:loadKeyManager(224)) - [
[
  Version: V3
  Subject: O=cluster1, OU=scm1, CN=rootCA-new@localhost
  Signature Algorithm: SHA256withRSA, OID = 1.2.840.113549.1.1.11

  Key:  Sun RSA public key, 2048 bits
  params: null
  modulus: 21906346629395523871598392851920523837710190465225016805798600002827990098744912954136901575726924685317390052797534704188584060354826752135674976033992933581947614063183746565186716054784334646629060714738908618324855969544436938576589818524088265470876388418839420131038069094473440522463097804425516196424104938949904849081448380320824135964394603084212368470441959158451941414662138001615949711152029462219697023600510617656502262180165171864184924779651667758097179804286345993885027169833170850576095891036389559930387898120825408296690490738809416344648892874177620632451069372100346195240290188552344034990649
  public exponent: 65537
  Validity: [From: Thu Sep 14 11:50:15 UTC 2023,
               To: Sun Oct 22 11:50:15 UTC 2028]
  Issuer: O=cluster1, OU=scm1, CN=rootCA-new@localhost
  SerialNumber: [    02]

Certificate Extensions: 2
[1]: ObjectId: 2.5.29.19 Criticality=true
BasicConstraints:[
  CA:true
  PathLen:2147483647
]

[2]: ObjectId: 2.5.29.15 Criticality=true
KeyUsage [
  Key_CertSign
  Crl_Sign
]

]
  Algorithm: [SHA256withRSA]
  Signature:
0000: 77 9B 4D BA BD 17 BD BD   3D 47 B5 B7 50 1D 31 C8  w.M.....=G..P.1.
0010: 59 2C 77 42 B3 10 DF 62   F2 D3 13 0E BD C4 64 59  Y,wB...b......dY
0020: 75 8C B7 0E E5 B3 BE A5   CC B4 08 18 65 52 3E E0  u...........eR>.
0030: 84 AF 7B 01 8A E2 11 1B   21 5D CE C6 DB 8E 06 7F  ........!]......
0040: 37 7D 36 C7 AE 80 79 53   A5 3A 57 48 69 17 92 52  7.6...yS.:WHi..R
0050: D3 BE 05 C4 D0 D9 A7 E4   EE D7 FB DB 65 A4 A0 CC  ............e...
0060: 4F 30 4D BC 84 BD 51 3E   4F 6D 7A 60 8E 40 BA 91  O0M...Q>Omz`.@..
0070: 0C D8 DC D3 CA E8 54 36   DE 4C A8 CD F0 85 D7 94  ......T6.L......
0080: 0A AA FE 50 14 F3 5C 9B   EF 2D 4C D0 F0 42 0D 50  ...P..\..-L..B.P
0090: C8 2C BA 79 43 42 0D 2A   57 58 39 2D 31 6C 4A A3  .,.yCB.*WX9-1lJ.
00A0: 14 47 B3 88 43 CC CB 91   C3 C5 BD EF BC AF 98 68  .G..C..........h
00B0: 3F EB 09 F8 5A A0 93 FA   52 8E 80 B3 33 C3 9C A6  ?...Z...R...3...
00C0: 27 98 20 40 6D 7F 50 2D   DC E1 DD C3 46 CE 0B B1  '. @m.P-....F...
00D0: 47 E0 9B 33 65 46 C7 D5   A7 E0 3F 9F 85 19 94 9B  G..3eF....?.....
00E0: 03 B0 A0 29 D0 D6 0C F1   90 59 7B A5 58 58 9D 74  ...).....Y..XX.t
00F0: E0 E7 AC CC 4C D1 AC CD   AF 7F 29 DD 6B 27 BD 0A  ....L.....).k'..

]
2023-09-14 11:50:15,302 [CertificateRenewerService] INFO  ssl.ReloadingX509KeyManager (ReloadingX509KeyManager.java:loadFrom(192)) - ReloadingX509KeyManager is reloaded
2023-09-14 11:50:15,303 [CertificateRenewerService] INFO  ssl.ReloadingX509TrustManager (ReloadingX509TrustManager.java:insertCertsToKeystore(188)) - Trust manager is loaded with certificates
2023-09-14 11:50:15,303 [CertificateRenewerService] INFO  ssl.ReloadingX509TrustManager (ReloadingX509TrustManager.java:insertCertsToKeystore(192)) - [
[
  Version: V3
  Subject: O=cluster1, OU=scm1, CN=rootCA@localhost
  Signature Algorithm: SHA256withRSA, OID = 1.2.840.113549.1.1.11

  Key:  Sun RSA public key, 2048 bits
  params: null
  modulus: 25709100127233155254732186874970819216013209507387603395562728816989471451856210663059933988384719229718537647627838367359571943020948178899722181591405902055865006170905123314096296202697593634774203601343722585980021022783529349040248794873236912553045531969926539289628492683353685159588006226400373532747921058219670178878549087683953716997389675638777977458724889858138351845197896076501384075033439608574625479963918842167207030082123843384377920864479892198863205359522105918172769789203564292233569301968308224910221977223061526611270589844578116067497605165974334265424786392202363893538181361583128990554087
  public exponent: 65537
  Validity: [From: Thu Sep 14 11:50:00 UTC 2023,
               To: Sun Oct 22 11:50:00 UTC 2028]
  Issuer: O=cluster1, OU=scm1, CN=rootCA@localhost
  SerialNumber: [    01]

Certificate Extensions: 2
[1]: ObjectId: 2.5.29.19 Criticality=true
BasicConstraints:[
  CA:true
  PathLen:2147483647
]

[2]: ObjectId: 2.5.29.15 Criticality=true
KeyUsage [
  Key_CertSign
  Crl_Sign
]

]
  Algorithm: [SHA256withRSA]
  Signature:
0000: 2F C3 86 02 55 79 76 41   5B B2 E7 B8 0A 50 81 F8  /...UyvA[....P..
0010: 91 C8 AC 91 1B 61 90 4B   36 90 96 78 A3 66 A1 D0  .....a.K6..x.f..
0020: B6 CF E4 FD 47 9B F1 7A   72 97 3A 00 9E 9E 93 16  ....G..zr.:.....
0030: D0 4A E8 8B B1 7C 06 37   2D 5D C2 4A 39 46 4E C5  .J.....7-].J9FN.
0040: BF 33 16 21 B5 5D DF 4B   5F B8 BC A3 3F 99 11 42  .3.!.].K_...?..B
0050: DA C3 02 07 81 17 F1 DB   68 D1 EF 7C 61 22 DC E9  ........h...a"..
0060: A1 8F FA 2F AB 51 3D B0   DA BC F0 96 EB EB DB 98  .../.Q=.........
0070: B5 58 C7 50 7A A0 0F 5F   95 A8 3F EE 26 AC 9F CE  .X.Pz.._..?.&...
0080: 41 FD 60 27 93 26 39 85   4B 0B 64 0D C5 B4 92 00  A.`'.&9.K.d.....
0090: 90 75 E1 3D 7A EA 8B 08   14 33 FE 32 F8 C2 C7 AC  .u.=z....3.2....
00A0: B6 A4 22 B3 24 71 D5 2C   89 76 EC 4F 51 59 89 CD  ..".$q.,.v.OQY..
00B0: 9D E7 FB A2 D5 4A C8 51   E3 A6 7C 6D 6C D0 9E A5  .....J.Q...ml...
00C0: CE 07 8F 5E 1B C1 BC 6C   1D 31 42 7C 1E 7B 4A B4  ...^...l.1B...J.
00D0: D6 CE 22 AE E3 50 75 66   67 DF 41 3F 45 C9 4B 31  .."..Pufg.A?E.K1
00E0: 45 58 57 01 A8 AC 70 D5   A6 11 14 E7 E0 BB A7 6F  EXW...p........o
00F0: F4 F4 3F A7 17 97 18 B8   26 5B 98 BA E6 70 AD 25  ..?.....&[...p.%

]
2023-09-14 11:50:15,303 [CertificateRenewerService] INFO  ssl.ReloadingX509TrustManager (ReloadingX509TrustManager.java:insertCertsToKeystore(192)) - [
[
  Version: V3
  Subject: O=cluster1, OU=scm1, CN=rootCA-new@localhost
  Signature Algorithm: SHA256withRSA, OID = 1.2.840.113549.1.1.11

  Key:  Sun RSA public key, 2048 bits
  params: null
  modulus: 21906346629395523871598392851920523837710190465225016805798600002827990098744912954136901575726924685317390052797534704188584060354826752135674976033992933581947614063183746565186716054784334646629060714738908618324855969544436938576589818524088265470876388418839420131038069094473440522463097804425516196424104938949904849081448380320824135964394603084212368470441959158451941414662138001615949711152029462219697023600510617656502262180165171864184924779651667758097179804286345993885027169833170850576095891036389559930387898120825408296690490738809416344648892874177620632451069372100346195240290188552344034990649
  public exponent: 65537
  Validity: [From: Thu Sep 14 11:50:15 UTC 2023,
               To: Sun Oct 22 11:50:15 UTC 2028]
  Issuer: O=cluster1, OU=scm1, CN=rootCA-new@localhost
  SerialNumber: [    02]

Certificate Extensions: 2
[1]: ObjectId: 2.5.29.19 Criticality=true
BasicConstraints:[
  CA:true
  PathLen:2147483647
]

[2]: ObjectId: 2.5.29.15 Criticality=true
KeyUsage [
  Key_CertSign
  Crl_Sign
]

]
  Algorithm: [SHA256withRSA]
  Signature:
0000: 77 9B 4D BA BD 17 BD BD   3D 47 B5 B7 50 1D 31 C8  w.M.....=G..P.1.
0010: 59 2C 77 42 B3 10 DF 62   F2 D3 13 0E BD C4 64 59  Y,wB...b......dY
0020: 75 8C B7 0E E5 B3 BE A5   CC B4 08 18 65 52 3E E0  u...........eR>.
0030: 84 AF 7B 01 8A E2 11 1B   21 5D CE C6 DB 8E 06 7F  ........!]......
0040: 37 7D 36 C7 AE 80 79 53   A5 3A 57 48 69 17 92 52  7.6...yS.:WHi..R
0050: D3 BE 05 C4 D0 D9 A7 E4   EE D7 FB DB 65 A4 A0 CC  ............e...
0060: 4F 30 4D BC 84 BD 51 3E   4F 6D 7A 60 8E 40 BA 91  O0M...Q>Omz`.@..
0070: 0C D8 DC D3 CA E8 54 36   DE 4C A8 CD F0 85 D7 94  ......T6.L......
0080: 0A AA FE 50 14 F3 5C 9B   EF 2D 4C D0 F0 42 0D 50  ...P..\..-L..B.P
0090: C8 2C BA 79 43 42 0D 2A   57 58 39 2D 31 6C 4A A3  .,.yCB.*WX9-1lJ.
00A0: 14 47 B3 88 43 CC CB 91   C3 C5 BD EF BC AF 98 68  .G..C..........h
00B0: 3F EB 09 F8 5A A0 93 FA   52 8E 80 B3 33 C3 9C A6  ?...Z...R...3...
00C0: 27 98 20 40 6D 7F 50 2D   DC E1 DD C3 46 CE 0B B1  '. @m.P-....F...
00D0: 47 E0 9B 33 65 46 C7 D5   A7 E0 3F 9F 85 19 94 9B  G..3eF....?.....
00E0: 03 B0 A0 29 D0 D6 0C F1   90 59 7B A5 58 58 9D 74  ...).....Y..XX.t
00F0: E0 E7 AC CC 4C D1 AC CD   AF 7F 29 DD 6B 27 BD 0A  ....L.....).k'..

]
2023-09-14 11:50:15,308 [CertificateRenewerService] INFO  ssl.ReloadingX509TrustManager (ReloadingX509TrustManager.java:loadFrom(141)) - ReloadingX509TrustManager is reloaded.
2023-09-14 11:50:15,308 [CertificateRenewerService] INFO  security.OzoneDelegationTokenSecretManager (OzoneSecretManager.java:notifyCertificateRenewed(198)) - Certificate is changed from 2024960907187 to 2039489494221
2023-09-14 11:50:15,308 [CertificateRenewerService] INFO  security.OzoneDelegationTokenSecretManager (OzoneSecretManager.java:updateCurrentKey(175)) - Updating current master key for generating tokens. Cert id 2039489494221
2023-09-14 11:50:15,311 [Time-limited test] INFO  om.OzoneManager (OzoneManager.java:stop(2207)) - om1[fv-az240-193.bcold04rutgefduts2gkrghvsa.bx.internal.cloudapp.net:1202]: Stopping Ozone Manager
2023-09-14 11:50:15,311 [Time-limited test] INFO  ipc.Server (Server.java:stop(3523)) - Stopping server on 1202
2023-09-14 11:50:15,318 [IPC Server handler 9 on default port 1202] WARN  ipc.Server (Server.java:processResponse(1772)) - IPC Server handler 9 on default port 1202, call Call#28 Retry#0 org.apache.hadoop.ozone.om.protocol.OzoneManagerProtocol.submitRequest from fv-az240-193.bcold04rutgefduts2gkrghvsa.bx.internal.cloudapp.net:43283 / 10.1.136.0:43283: output error
2023-09-14 11:50:15,318 [IPC Server handler 9 on default port 1202] INFO  ipc.Server (Server.java:run(3061)) - IPC Server handler 9 on default port 1202 caught an exception
java.nio.channels.ClosedByInterruptException
	at java.nio.channels.spi.AbstractInterruptibleChannel.end(AbstractInterruptibleChannel.java:202)
	at sun.nio.ch.SocketChannelImpl.write(SocketChannelImpl.java:477)
	at org.apache.hadoop.ipc.Server.channelWrite(Server.java:3743)
	at org.apache.hadoop.ipc.Server.access$1800(Server.java:148)
	at org.apache.hadoop.ipc.Server$Responder.processResponse(Server.java:1722)
	at org.apache.hadoop.ipc.Server$Responder.doRespond(Server.java:1792)
	at org.apache.hadoop.ipc.Server$Connection.sendResponse(Server.java:2919)
	at org.apache.hadoop.ipc.Server$Connection.access$400(Server.java:1864)
	at org.apache.hadoop.ipc.Server$RpcCall.doResponse(Server.java:1176)
	at org.apache.hadoop.ipc.Server$Call.doResponse(Server.java:954)
	at org.apache.hadoop.ipc.Server$Call.sendResponse(Server.java:940)
	at org.apache.hadoop.ipc.Server$RpcCall.run(Server.java:1111)
	at org.apache.hadoop.ipc.Server$RpcCall.run(Server.java:1017)
	at java.security.AccessController.doPrivileged(Native Method)
	at javax.security.auth.Subject.doAs(Subject.java:422)
	at org.apache.hadoop.security.UserGroupInformation.doAs(UserGroupInformation.java:1899)
	at org.apache.hadoop.ipc.Server$Handler.run(Server.java:3048)
2023-09-14 11:50:15,319 [IPC Server Responder] INFO  ipc.Server (Server.java:run(1567)) - Stopping IPC Server Responder
2023-09-14 11:50:15,319 [IPC Server listener on 1202] INFO  ipc.Server (Server.java:run(1434)) - Stopping IPC Server listener on 1202
2023-09-14 11:50:15,320 [Time-limited test] INFO  server.RaftServer (RaftServerProxy.java:lambda$close$6(416)) - om1: close
2023-09-14 11:50:15,320 [Time-limited test] INFO  server.GrpcService (GrpcService.java:closeImpl(311)) - om1: shutdown server GrpcServerProtocolService now
2023-09-14 11:50:15,320 [om1-impl-thread1] INFO  server.RaftServer$Division (RaftServerImpl.java:lambda$close$4(466)) - om1@group-C5BA1605619E: shutdown
2023-09-14 11:50:15,320 [om1-impl-thread1] INFO  util.JmxRegister (JmxRegister.java:unregister(73)) - Successfully un-registered JMX Bean with object name Ratis:service=RaftServer,group=group-C5BA1605619E,id=om1
2023-09-14 11:50:15,320 [om1-impl-thread1] INFO  impl.RoleInfo (RoleInfo.java:shutdownLeaderState(93)) - om1: shutdown om1@group-C5BA1605619E-LeaderStateImpl
2023-09-14 11:50:15,320 [om1-impl-thread1] INFO  impl.PendingRequests (PendingRequests.java:sendNotLeaderResponses(289)) - om1@group-C5BA1605619E-PendingRequests: sendNotLeaderResponses
2023-09-14 11:50:15,321 [om1-impl-thread1] INFO  impl.StateMachineUpdater (StateMachineUpdater.java:stopAndJoin(155)) - om1@group-C5BA1605619E-StateMachineUpdater: set stopIndex = 6
2023-09-14 11:50:15,321 [om1@group-C5BA1605619E-StateMachineUpdater] INFO  ratis.OzoneManagerStateMachine (OzoneManagerStateMachine.java:takeSnapshot(480)) - Current Snapshot Index (t:1, i:6)
2023-09-14 11:50:15,325 [Time-limited test] INFO  server.GrpcService (GrpcService.java:closeImpl(320)) - om1: shutdown server GrpcServerProtocolService successfully
2023-09-14 11:50:15,333 [om1@group-C5BA1605619E-StateMachineUpdater] INFO  impl.StateMachineUpdater (StateMachineUpdater.java:takeSnapshot(291)) - om1@group-C5BA1605619E-StateMachineUpdater: Took a snapshot at index 6
2023-09-14 11:50:15,333 [om1@group-C5BA1605619E-StateMachineUpdater] INFO  impl.StateMachineUpdater (StateMachineUpdater.java:lambda$new$0(97)) - om1@group-C5BA1605619E-StateMachineUpdater: snapshotIndex: updateIncreasingly -1 -> 6
2023-09-14 11:50:15,333 [om1@group-C5BA1605619E-StateMachineUpdater] INFO  ratis.OzoneManagerStateMachine (OzoneManagerStateMachine.java:close(534)) - StateMachine has shutdown. Shutdown OzoneManager if not already shutdown.
2023-09-14 11:50:15,333 [om1@group-C5BA1605619E-StateMachineUpdater] INFO  ratis.OzoneManagerDoubleBuffer (OzoneManagerDoubleBuffer.java:stopDaemon(551)) - Stopping OMDoubleBuffer flush thread
2023-09-14 11:50:15,333 [OMDoubleBufferFlushThread] INFO  ratis.OzoneManagerDoubleBuffer (OzoneManagerDoubleBuffer.java:canFlush(638)) - OMDoubleBuffer flush thread OMDoubleBufferFlushThread is interrupted and will exit.
2023-09-14 11:50:15,333 [om1-impl-thread1] INFO  server.RaftServer$Division (ServerState.java:close(472)) - om1@group-C5BA1605619E: closes. applyIndex: 6
2023-09-14 11:50:16,311 [om1-impl-thread1] INFO  segmented.SegmentedRaftLogWorker (SegmentedRaftLogWorker.java:close(252)) - om1@group-C5BA1605619E-SegmentedRaftLogWorker close()
2023-09-14 11:50:16,312 [JvmPauseMonitor6] INFO  util.JvmPauseMonitor (JvmPauseMonitor.java:run(109)) - JvmPauseMonitor-om1: Stopped
2023-09-14 11:50:16,312 [Time-limited test] INFO  ratis.OzoneManagerStateMachine (OzoneManagerStateMachine.java:close(534)) - StateMachine has shutdown. Shutdown OzoneManager if not already shutdown.
2023-09-14 11:50:16,312 [Time-limited test] INFO  ratis.OzoneManagerDoubleBuffer (OzoneManagerDoubleBuffer.java:stopDaemon(560)) - OMDoubleBuffer flush thread is not running.
2023-09-14 11:50:16,312 [Time-limited test] INFO  utils.BackgroundService (BackgroundService.java:shutdown(141)) - Shutting down service KeyDeletingService
2023-09-14 11:50:16,313 [Time-limited test] INFO  utils.BackgroundService (BackgroundService.java:shutdown(141)) - Shutting down service KeyDeletingService
2023-09-14 11:50:16,313 [Time-limited test] INFO  utils.BackgroundService (BackgroundService.java:shutdown(141)) - Shutting down service OpenKeyCleanupService
2023-09-14 11:50:16,314 [Time-limited test] INFO  utils.BackgroundService (BackgroundService.java:shutdown(141)) - Shutting down service SstFilteringService
2023-09-14 11:50:16,314 [Time-limited test] INFO  utils.BackgroundService (BackgroundService.java:shutdown(141)) - Shutting down service SnapshotDeletingService
2023-09-14 11:50:16,314 [Time-limited test] INFO  om.OzoneManager (OzoneManager.java:stopSecretManager(1066)) - Stopping secret key client.
2023-09-14 11:50:16,314 [Time-limited test] INFO  om.OzoneManager (OzoneManager.java:stopSecretManager(1071)) - Stopping OM delegation token secret manager.
2023-09-14 11:50:16,315 [Thread[Thread-1466,5,FailOnTimeoutGroup]] INFO  security.OzoneDelegationTokenSecretManager (OzoneDelegationTokenSecretManager.java:run(653)) - ExpiredTokenRemover was interrupted.
java.lang.InterruptedException: sleep interrupted
	at java.lang.Thread.sleep(Native Method)
	at org.apache.hadoop.ozone.security.OzoneDelegationTokenSecretManager$ExpiredTokenRemover.run(OzoneDelegationTokenSecretManager.java:649)
	at java.lang.Thread.run(Thread.java:750)
2023-09-14 11:50:16,315 [Time-limited test] INFO  handler.ContextHandler (ContextHandler.java:doStop(1159)) - Stopped o.e.j.w.WebAppContext@4ca6f32a{ozoneManager,/,null,STOPPED}{file:/home/runner/work/ozone/ozone/hadoop-ozone/integration-test/target/test-classes/webapps/ozoneManager}
2023-09-14 11:50:16,318 [Time-limited test] INFO  server.AbstractConnector (AbstractConnector.java:doStop(383)) - Stopped ServerConnector@77ac0c30{HTTP/1.1, (http/1.1)}{0.0.0.0:9874}
2023-09-14 11:50:16,318 [Time-limited test] INFO  server.session (HouseKeeper.java:stopScavenging(149)) - node0 Stopped scavenging
2023-09-14 11:50:16,318 [Time-limited test] INFO  handler.ContextHandler (ContextHandler.java:doStop(1159)) - Stopped o.e.j.s.ServletContextHandler@2b1c7e8d{static,/static,file:///home/runner/work/ozone/ozone/hadoop-ozone/integration-test/target/test-classes/webapps/static,STOPPED}
2023-09-14 11:50:16,318 [Time-limited test] INFO  handler.ContextHandler (ContextHandler.java:doStop(1159)) - Stopped o.e.j.s.ServletContextHandler@3edbe07f{logs,/logs,file:///home/runner/work/ozone/ozone/hadoop-ozone/integration-test/target/log,STOPPED}
2023-09-14 11:50:16,319 [Time-limited test] INFO  rocksdiff.RocksDBCheckpointDiffer (RocksDBCheckpointDiffer.java:close(343)) - Shutting down CompactionDagPruningService.
2023-09-14 11:50:16,320 [Time-limited test] INFO  snapshot.SnapshotDiffManager (SnapshotDiffManager.java:closeExecutorService(1706)) - Shutting down executorService: 'SnapDiffExecutor'
2023-09-14 11:50:16,321 [Time-limited test] INFO  snapshot.SnapshotDiffManager (SnapshotDiffManager.java:closeExecutorService(1706)) - Shutting down executorService: 'SstDumpToolExecutor'
2023-09-14 11:50:16,321 [Time-limited test] INFO  utils.BackgroundService (BackgroundService.java:shutdown(141)) - Shutting down service SnapshotDiffCleanupService
2023-09-14 11:50:16,322 [Time-limited test] INFO  impl.DefaultInternalKdcServerImpl (DefaultInternalKdcServerImpl.java:doStop(102)) - Default Internal kdc server stopped.
2023-09-14 11:50:17,323 [Time-limited test] INFO  minikdc.MiniKdc (MiniKdc.java:stop(359)) - MiniKdc stopped.
2023-09-14 11:50:17,323 [Time-limited test] INFO  om.OzoneManager (OzoneManager.java:stop(2207)) - om1[fv-az240-193.bcold04rutgefduts2gkrghvsa.bx.internal.cloudapp.net:1202]: Stopping Ozone Manager
]]></system-out>
  </testcase>
  <testcase name="testSecureScmStartupSuccess" classname="org.apache.hadoop.ozone.TestSecureOzoneCluster" time="4.413">
    <system-out><![CDATA[2023-09-14 11:50:17,351 [Time-limited test] INFO  net.ServerSocketUtil (ServerSocketUtil.java:getPort(55)) - Using port 9860
2023-09-14 11:50:17,351 [Time-limited test] INFO  net.ServerSocketUtil (ServerSocketUtil.java:getPort(55)) - Using port 9861
2023-09-14 11:50:17,351 [Time-limited test] INFO  net.ServerSocketUtil (ServerSocketUtil.java:getPort(55)) - Using port 9863
2023-09-14 11:50:17,351 [Time-limited test] INFO  net.ServerSocketUtil (ServerSocketUtil.java:getPort(55)) - Using port 9961
2023-09-14 11:50:17,351 [Time-limited test] INFO  net.ServerSocketUtil (ServerSocketUtil.java:getPort(55)) - Using port 1200
2023-09-14 11:50:17,351 [Time-limited test] INFO  net.ServerSocketUtil (ServerSocketUtil.java:getPort(55)) - Using port 1201
2023-09-14 11:50:17,352 [Time-limited test] INFO  minikdc.MiniKdc (MiniKdc.java:<init>(225)) - Configuration:
2023-09-14 11:50:17,352 [Time-limited test] INFO  minikdc.MiniKdc (MiniKdc.java:<init>(226)) - ---------------------------------------------------------------
2023-09-14 11:50:17,352 [Time-limited test] INFO  minikdc.MiniKdc (MiniKdc.java:<init>(228)) -   debug: false
2023-09-14 11:50:17,352 [Time-limited test] INFO  minikdc.MiniKdc (MiniKdc.java:<init>(228)) -   transport: TCP
2023-09-14 11:50:17,352 [Time-limited test] INFO  minikdc.MiniKdc (MiniKdc.java:<init>(228)) -   max.ticket.lifetime: 86400000
2023-09-14 11:50:17,352 [Time-limited test] INFO  minikdc.MiniKdc (MiniKdc.java:<init>(228)) -   org.name: EXAMPLE
2023-09-14 11:50:17,352 [Time-limited test] INFO  minikdc.MiniKdc (MiniKdc.java:<init>(228)) -   kdc.port: 0
2023-09-14 11:50:17,352 [Time-limited test] INFO  minikdc.MiniKdc (MiniKdc.java:<init>(228)) -   org.domain: COM
2023-09-14 11:50:17,352 [Time-limited test] INFO  minikdc.MiniKdc (MiniKdc.java:<init>(228)) -   max.renewable.lifetime: 604800000
2023-09-14 11:50:17,352 [Time-limited test] INFO  minikdc.MiniKdc (MiniKdc.java:<init>(228)) -   instance: DefaultKrbServer
2023-09-14 11:50:17,352 [Time-limited test] INFO  minikdc.MiniKdc (MiniKdc.java:<init>(228)) -   kdc.bind.address: localhost
2023-09-14 11:50:17,352 [Time-limited test] INFO  minikdc.MiniKdc (MiniKdc.java:<init>(230)) - ---------------------------------------------------------------
2023-09-14 11:50:17,356 [Time-limited test] INFO  minikdc.MiniKdc (MiniKdc.java:start(285)) - MiniKdc started.
2023-09-14 11:50:17,752 [Time-limited test] INFO  om.OzoneManager (OzoneManager.java:getOmDetailsProto(4573)) - OzoneManager ports added:[name: "RPC"
value: 1202
]
2023-09-14 11:50:17,752 [Time-limited test] WARN  server.ServerUtils (ServerUtils.java:getScmDbDir(155)) - ozone.scm.db.dirs is not configured. We recommend adding this setting. Falling back to ozone.metadata.dirs instead.
2023-09-14 11:50:17,753 [Time-limited test] INFO  ha.HASecurityUtils (HASecurityUtils.java:initializeSecurity(98)) - Initializing secure StorageContainerManager.
2023-09-14 11:50:17,754 [Time-limited test] INFO  client.SCMCertificateClient (DefaultCertificateClient.java:updateCertSerialId(1244)) - Certificate serial ID set to null
2023-09-14 11:50:17,754 [Time-limited test] ERROR client.SCMCertificateClient (DefaultCertificateClient.java:getCertPath(362)) - Default certificate serial id is not set. Can't locate the default certificate for this client.
2023-09-14 11:50:17,754 [Time-limited test] INFO  client.SCMCertificateClient (DefaultCertificateClient.java:init(715)) - Certificate client init case: 0
2023-09-14 11:50:17,754 [Time-limited test] INFO  client.SCMCertificateClient (SCMCertificateClient.java:handleCase(103)) - Creating keypair for client as keypair and certificate not found.
2023-09-14 11:50:18,016 [Time-limited test] INFO  ha.HASecurityUtils (HASecurityUtils.java:initializeSecurity(108)) - Init response: GETCERT
2023-09-14 11:50:18,596 [Time-limited test] INFO  ozone.OzoneSecurityUtil (OzoneSecurityUtil.java:getValidInetsForCurrentHost(119)) - ip:fe80:0:0:0:20d:3aff:fe15:5b9%eth0 not returned.
2023-09-14 11:50:18,597 [Time-limited test] INFO  ozone.OzoneSecurityUtil (OzoneSecurityUtil.java:getValidInetsForCurrentHost(116)) - Adding ip:10.1.136.0,host:fv-az240-193.bcold04rutgefduts2gkrghvsa.bx.internal.cloudapp.net
2023-09-14 11:50:18,597 [Time-limited test] INFO  ozone.OzoneSecurityUtil (OzoneSecurityUtil.java:getValidInetsForCurrentHost(119)) - ip:0:0:0:0:0:0:0:1%lo not returned.
2023-09-14 11:50:18,597 [Time-limited test] INFO  ozone.OzoneSecurityUtil (OzoneSecurityUtil.java:getValidInetsForCurrentHost(119)) - ip:127.0.0.1 not returned.
2023-09-14 11:50:18,599 [Time-limited test] INFO  utils.SelfSignedCertificate (SelfSignedCertificate.java:generateCertificate(157)) - Certificate 1 is issued by CN=scm-1@fv-az240-193,OU=ffd21934-fe89-4467-8d32-2a52af7f73aa,O=abafd86d-d7de-4e03-8261-0ebb93ea8ee4 to CN=scm-1@fv-az240-193,OU=ffd21934-fe89-4467-8d32-2a52af7f73aa,O=abafd86d-d7de-4e03-8261-0ebb93ea8ee4, valid from Thu Sep 14 11:50:18 UTC 2023 to Sun Oct 22 11:50:18 UTC 2028
2023-09-14 11:50:18,600 [Time-limited test] INFO  utils.CertificateCodec (CertificateCodec.java:writeCertificate(299)) - Save certificate to /tmp/junit9156623362160106030/junit1395890925783146072/scm-meta/scm/ca/certs/certificate.crt
2023-09-14 11:50:18,600 [Time-limited test] INFO  utils.CertificateCodec (CertificateCodec.java:writeCertificate(300)) - Certificate -----BEGIN CERTIFICATE-----
MIID5zCCAs+gAwIBAgIBATANBgkqhkiG9w0BAQsFADB7MRswGQYDVQQDDBJzY20t
MUBmdi1hejI0MC0xOTMxLTArBgNVBAsMJGZmZDIxOTM0LWZlODktNDQ2Ny04ZDMy
LTJhNTJhZjdmNzNhYTEtMCsGA1UECgwkYWJhZmQ4NmQtZDdkZS00ZTAzLTgyNjEt
MGViYjkzZWE4ZWU0MB4XDTIzMDkxNDExNTAxOFoXDTI4MTAyMjExNTAxOFowezEb
MBkGA1UEAwwSc2NtLTFAZnYtYXoyNDAtMTkzMS0wKwYDVQQLDCRmZmQyMTkzNC1m
ZTg5LTQ0NjctOGQzMi0yYTUyYWY3ZjczYWExLTArBgNVBAoMJGFiYWZkODZkLWQ3
ZGUtNGUwMy04MjYxLTBlYmI5M2VhOGVlNDCCASIwDQYJKoZIhvcNAQEBBQADggEP
ADCCAQoCggEBALNXq6uRnkI4/Kr+W1anfNkqeXCe8NPip/Bi9iRJVLBcGS2m/7C/
YmGAljLPx6Z1Pbr9t/2jkn9RuAqnrAf86UZUBypBiV6+8eEYxY/0bYm+8QYPfBzY
hqYNGETCQB1AiTw0YtZqUOgrbKWB+d3G7fCG49PYcUKv5IxiOPBY3Vn+FZMvF0jH
dqpjk3yk1p/OuBwdgSUqvoWzvWj9Sqw54GgWgwrGs6pp9VriDm+jFQYz808z7PmA
6Sy3Rp1jlBt5yPcPAR3NLmjRGydFPEO+WCR0v1m2b1mg+mna0lOqNspBFkVbBAfJ
E+KXk3HNsB268Gf+5SGPUNQBMfDoCTjqbN0CAwEAAaN2MHQwDwYDVR0TAQH/BAUw
AwEB/zAOBgNVHQ8BAf8EBAMCAQYwUQYDVR0RBEowSIcECgGIAIJAZnYtYXoyNDAt
MTkzLmJjb2xkMDRydXRnZWZkdXRzMmdrcmdodnNhLmJ4LmludGVybmFsLmNsb3Vk
YXBwLm5ldDANBgkqhkiG9w0BAQsFAAOCAQEAn62wCCfoYROdVfvf6EbTycr65qE8
pZ8Wn0tQa1RjlWK7af8Gd8bdJHM/57kWmQnqK7AQQTWajhpmdLCnUu7/Z6RVagjg
zqr5lDjAzSmOOlj0YBFO/Yq+MFVpLmeJwHPhvvQbzjQX4oHgzrWJEuoJBVJPWHgK
UMBmk/0Vy0i8z68XXQiIZVGah7b6JjgWCFXfRCeVkaCUur60wVf6w7Vu+pRPqcn9
VRjAQjAs18qwNdKD935d1eyYvtuiXCPcG1hp1GxJgz01zNmJX+acqTqQ9Ax2LTgz
Xpl1uRUXiCVdkmIo14mMhXHHHBFJo4xc1/2czncwsxel6c0bh8gXd/OAtg==
-----END CERTIFICATE-----

2023-09-14 11:50:18,601 [Time-limited test] INFO  client.SCMCertificateClient (SCMCertificateClient.java:getCSRBuilder(165)) - Creating csr for SCM->hostName:fv-az240-193,scmId:ffd21934-fe89-4467-8d32-2a52af7f73aa,clusterId:abafd86d-d7de-4e03-8261-0ebb93ea8ee4,subject:scm-sub-2042799246995@fv-az240-193
2023-09-14 11:50:18,601 [Time-limited test] INFO  ozone.OzoneSecurityUtil (OzoneSecurityUtil.java:getValidInetsForCurrentHost(119)) - ip:fe80:0:0:0:20d:3aff:fe15:5b9%eth0 not returned.
2023-09-14 11:50:18,601 [Time-limited test] INFO  ozone.OzoneSecurityUtil (OzoneSecurityUtil.java:getValidInetsForCurrentHost(116)) - Adding ip:10.1.136.0,host:fv-az240-193.bcold04rutgefduts2gkrghvsa.bx.internal.cloudapp.net
2023-09-14 11:50:18,601 [Time-limited test] INFO  ozone.OzoneSecurityUtil (OzoneSecurityUtil.java:getValidInetsForCurrentHost(119)) - ip:0:0:0:0:0:0:0:1%lo not returned.
2023-09-14 11:50:18,601 [Time-limited test] INFO  ozone.OzoneSecurityUtil (OzoneSecurityUtil.java:getValidInetsForCurrentHost(119)) - ip:127.0.0.1 not returned.
2023-09-14 11:50:18,601 [Time-limited test] INFO  ha.HASecurityUtils (HASecurityUtils.java:generateCSR(308)) - Creating csr for SCM->hostName:fv-az240-193,scmId:ffd21934-fe89-4467-8d32-2a52af7f73aa,clusterId:abafd86d-d7de-4e03-8261-0ebb93ea8ee4,subject:scm-sub-2042799873005@fv-az240-193
2023-09-14 11:50:18,605 [Time-limited test] INFO  authority.DefaultApprover (DefaultApprover.java:sign(154)) - Extensions in CSR: 2.5.29.19, 2.5.29.15, 2.5.29.17
2023-09-14 11:50:18,605 [Time-limited test] INFO  authority.DefaultApprover (DefaultApprover.java:sign(158)) - Extensions to add to the certificate if they present in CSR: 2.5.29.17, 2.5.29.19, 1.3.6.1.5.5.7.1.12, 2.5.29.35, 2.5.29.37, 2.5.29.15
2023-09-14 11:50:18,608 [Time-limited test] INFO  utils.CertificateCodec (CertificateCodec.java:writeCertificate(299)) - Save certificate to /tmp/junit9156623362160106030/junit1395890925783146072/scm-meta/scm/sub-ca/certs/CA-1.crt
2023-09-14 11:50:18,608 [Time-limited test] INFO  utils.CertificateCodec (CertificateCodec.java:writeCertificate(300)) - Certificate -----BEGIN CERTIFICATE-----
MIID5zCCAs+gAwIBAgIBATANBgkqhkiG9w0BAQsFADB7MRswGQYDVQQDDBJzY20t
MUBmdi1hejI0MC0xOTMxLTArBgNVBAsMJGZmZDIxOTM0LWZlODktNDQ2Ny04ZDMy
LTJhNTJhZjdmNzNhYTEtMCsGA1UECgwkYWJhZmQ4NmQtZDdkZS00ZTAzLTgyNjEt
MGViYjkzZWE4ZWU0MB4XDTIzMDkxNDExNTAxOFoXDTI4MTAyMjExNTAxOFowezEb
MBkGA1UEAwwSc2NtLTFAZnYtYXoyNDAtMTkzMS0wKwYDVQQLDCRmZmQyMTkzNC1m
ZTg5LTQ0NjctOGQzMi0yYTUyYWY3ZjczYWExLTArBgNVBAoMJGFiYWZkODZkLWQ3
ZGUtNGUwMy04MjYxLTBlYmI5M2VhOGVlNDCCASIwDQYJKoZIhvcNAQEBBQADggEP
ADCCAQoCggEBALNXq6uRnkI4/Kr+W1anfNkqeXCe8NPip/Bi9iRJVLBcGS2m/7C/
YmGAljLPx6Z1Pbr9t/2jkn9RuAqnrAf86UZUBypBiV6+8eEYxY/0bYm+8QYPfBzY
hqYNGETCQB1AiTw0YtZqUOgrbKWB+d3G7fCG49PYcUKv5IxiOPBY3Vn+FZMvF0jH
dqpjk3yk1p/OuBwdgSUqvoWzvWj9Sqw54GgWgwrGs6pp9VriDm+jFQYz808z7PmA
6Sy3Rp1jlBt5yPcPAR3NLmjRGydFPEO+WCR0v1m2b1mg+mna0lOqNspBFkVbBAfJ
E+KXk3HNsB268Gf+5SGPUNQBMfDoCTjqbN0CAwEAAaN2MHQwDwYDVR0TAQH/BAUw
AwEB/zAOBgNVHQ8BAf8EBAMCAQYwUQYDVR0RBEowSIcECgGIAIJAZnYtYXoyNDAt
MTkzLmJjb2xkMDRydXRnZWZkdXRzMmdrcmdodnNhLmJ4LmludGVybmFsLmNsb3Vk
YXBwLm5ldDANBgkqhkiG9w0BAQsFAAOCAQEAn62wCCfoYROdVfvf6EbTycr65qE8
pZ8Wn0tQa1RjlWK7af8Gd8bdJHM/57kWmQnqK7AQQTWajhpmdLCnUu7/Z6RVagjg
zqr5lDjAzSmOOlj0YBFO/Yq+MFVpLmeJwHPhvvQbzjQX4oHgzrWJEuoJBVJPWHgK
UMBmk/0Vy0i8z68XXQiIZVGah7b6JjgWCFXfRCeVkaCUur60wVf6w7Vu+pRPqcn9
VRjAQjAs18qwNdKD935d1eyYvtuiXCPcG1hp1GxJgz01zNmJX+acqTqQ9Ax2LTgz
Xpl1uRUXiCVdkmIo14mMhXHHHBFJo4xc1/2czncwsxel6c0bh8gXd/OAtg==
-----END CERTIFICATE-----

2023-09-14 11:50:18,609 [Time-limited test] INFO  utils.CertificateCodec (CertificateCodec.java:writeCertificate(299)) - Save certificate to /tmp/junit9156623362160106030/junit1395890925783146072/scm-meta/scm/sub-ca/certs/2042802979253.crt
2023-09-14 11:50:18,609 [Time-limited test] INFO  utils.CertificateCodec (CertificateCodec.java:writeCertificate(300)) - Certificate -----BEGIN CERTIFICATE-----
MIID/TCCAuWgAwIBAgIGAdugi8G1MA0GCSqGSIb3DQEBCwUAMHsxGzAZBgNVBAMM
EnNjbS0xQGZ2LWF6MjQwLTE5MzEtMCsGA1UECwwkZmZkMjE5MzQtZmU4OS00NDY3
LThkMzItMmE1MmFmN2Y3M2FhMS0wKwYDVQQKDCRhYmFmZDg2ZC1kN2RlLTRlMDMt
ODI2MS0wZWJiOTNlYThlZTQwHhcNMjMwOTE0MTE1MDE4WhcNMjgxMDIyMTE1MDE4
WjCBizErMCkGA1UEAwwic2NtLXN1Yi0yMDQyNzk5ODczMDA1QGZ2LWF6MjQwLTE5
MzEtMCsGA1UECwwkZmZkMjE5MzQtZmU4OS00NDY3LThkMzItMmE1MmFmN2Y3M2Fh
MS0wKwYDVQQKDCRhYmFmZDg2ZC1kN2RlLTRlMDMtODI2MS0wZWJiOTNlYThlZTQw
ggEiMA0GCSqGSIb3DQEBAQUAA4IBDwAwggEKAoIBAQCTQb99WDhdC2/am0qtO91s
7It7f7czS3JpoubgzXxp2xBiqEGpQseqOq7c6DJPT/oBUaZDysRuZMV6axR0ky4w
+9v2eVObEF1ovo2PKQpJko59pctWHcM490gvHMJDcKjtTX7aSPmawq+lvUmAWg5F
iRKh2p8M28jRGxrYedG1YW8wqkrc+hPi+m0wgXZCpmBhaG/1vwvG2LkzJ3bCFrm1
wi5n2xvOGHJhHobjp8sNJg8zO/OB+jrIVoNOD6f80kei+5E1hlfkSAosiOBSf72j
qJf9MPoZ3fL+0qDUbg67UdNHgbGmPuPWU59wZiMJhvBATafj50XkUuwHnejtPnjv
AgMBAAGjdjB0MFEGA1UdEQRKMEiHBAoBiACCQGZ2LWF6MjQwLTE5My5iY29sZDA0
cnV0Z2VmZHV0czJna3JnaHZzYS5ieC5pbnRlcm5hbC5jbG91ZGFwcC5uZXQwDwYD
VR0TAQH/BAUwAwEB/zAOBgNVHQ8BAf8EBAMCAb4wDQYJKoZIhvcNAQELBQADggEB
AFc17hZtuUYEylCY9ZtiXAnsKjndm/cp29xmW4csPgexvv1lvKDMJGhjdMiQMUrB
CvvGJKlj+OKhJ5rb3bRAstnKSSYL4IIVVDONRhX5gWdfWXWwQ6NbmZBpD2rcVMI/
FT+ce0NUPq/TTrgFhoKXLjgAwG7fKGrc09FPFkHz9k6aAJkUOyrgrWoRSqrc+vFg
qmBCIbFyhct80J0huPzZZOjx9jHQMKVgGwA7JTa0l6KMMVVTwdSruqqi9ZqMglsx
2M2IWygQ1BD4Rftj3svUW4UxYSpt0AbxUzJ8cd+XNbOJAIDXlO/1vg7XW+HnxUi/
1LOvz3ViAZAWLaT5kTrfxRs=
-----END CERTIFICATE-----

-----BEGIN CERTIFICATE-----
MIID5zCCAs+gAwIBAgIBATANBgkqhkiG9w0BAQsFADB7MRswGQYDVQQDDBJzY20t
MUBmdi1hejI0MC0xOTMxLTArBgNVBAsMJGZmZDIxOTM0LWZlODktNDQ2Ny04ZDMy
LTJhNTJhZjdmNzNhYTEtMCsGA1UECgwkYWJhZmQ4NmQtZDdkZS00ZTAzLTgyNjEt
MGViYjkzZWE4ZWU0MB4XDTIzMDkxNDExNTAxOFoXDTI4MTAyMjExNTAxOFowezEb
MBkGA1UEAwwSc2NtLTFAZnYtYXoyNDAtMTkzMS0wKwYDVQQLDCRmZmQyMTkzNC1m
ZTg5LTQ0NjctOGQzMi0yYTUyYWY3ZjczYWExLTArBgNVBAoMJGFiYWZkODZkLWQ3
ZGUtNGUwMy04MjYxLTBlYmI5M2VhOGVlNDCCASIwDQYJKoZIhvcNAQEBBQADggEP
ADCCAQoCggEBALNXq6uRnkI4/Kr+W1anfNkqeXCe8NPip/Bi9iRJVLBcGS2m/7C/
YmGAljLPx6Z1Pbr9t/2jkn9RuAqnrAf86UZUBypBiV6+8eEYxY/0bYm+8QYPfBzY
hqYNGETCQB1AiTw0YtZqUOgrbKWB+d3G7fCG49PYcUKv5IxiOPBY3Vn+FZMvF0jH
dqpjk3yk1p/OuBwdgSUqvoWzvWj9Sqw54GgWgwrGs6pp9VriDm+jFQYz808z7PmA
6Sy3Rp1jlBt5yPcPAR3NLmjRGydFPEO+WCR0v1m2b1mg+mna0lOqNspBFkVbBAfJ
E+KXk3HNsB268Gf+5SGPUNQBMfDoCTjqbN0CAwEAAaN2MHQwDwYDVR0TAQH/BAUw
AwEB/zAOBgNVHQ8BAf8EBAMCAQYwUQYDVR0RBEowSIcECgGIAIJAZnYtYXoyNDAt
MTkzLmJjb2xkMDRydXRnZWZkdXRzMmdrcmdodnNhLmJ4LmludGVybmFsLmNsb3Vk
YXBwLm5ldDANBgkqhkiG9w0BAQsFAAOCAQEAn62wCCfoYROdVfvf6EbTycr65qE8
pZ8Wn0tQa1RjlWK7af8Gd8bdJHM/57kWmQnqK7AQQTWajhpmdLCnUu7/Z6RVagjg
zqr5lDjAzSmOOlj0YBFO/Yq+MFVpLmeJwHPhvvQbzjQX4oHgzrWJEuoJBVJPWHgK
UMBmk/0Vy0i8z68XXQiIZVGah7b6JjgWCFXfRCeVkaCUur60wVf6w7Vu+pRPqcn9
VRjAQjAs18qwNdKD935d1eyYvtuiXCPcG1hp1GxJgz01zNmJX+acqTqQ9Ax2LTgz
Xpl1uRUXiCVdkmIo14mMhXHHHBFJo4xc1/2czncwsxel6c0bh8gXd/OAtg==
-----END CERTIFICATE-----

2023-09-14 11:50:18,609 [Time-limited test] INFO  utils.CertificateCodec (CertificateCodec.java:writeCertificate(299)) - Save certificate to /tmp/junit9156623362160106030/junit1395890925783146072/scm-meta/scm/sub-ca/certs/certificate.crt
2023-09-14 11:50:18,609 [Time-limited test] INFO  utils.CertificateCodec (CertificateCodec.java:writeCertificate(300)) - Certificate -----BEGIN CERTIFICATE-----
MIID/TCCAuWgAwIBAgIGAdugi8G1MA0GCSqGSIb3DQEBCwUAMHsxGzAZBgNVBAMM
EnNjbS0xQGZ2LWF6MjQwLTE5MzEtMCsGA1UECwwkZmZkMjE5MzQtZmU4OS00NDY3
LThkMzItMmE1MmFmN2Y3M2FhMS0wKwYDVQQKDCRhYmFmZDg2ZC1kN2RlLTRlMDMt
ODI2MS0wZWJiOTNlYThlZTQwHhcNMjMwOTE0MTE1MDE4WhcNMjgxMDIyMTE1MDE4
WjCBizErMCkGA1UEAwwic2NtLXN1Yi0yMDQyNzk5ODczMDA1QGZ2LWF6MjQwLTE5
MzEtMCsGA1UECwwkZmZkMjE5MzQtZmU4OS00NDY3LThkMzItMmE1MmFmN2Y3M2Fh
MS0wKwYDVQQKDCRhYmFmZDg2ZC1kN2RlLTRlMDMtODI2MS0wZWJiOTNlYThlZTQw
ggEiMA0GCSqGSIb3DQEBAQUAA4IBDwAwggEKAoIBAQCTQb99WDhdC2/am0qtO91s
7It7f7czS3JpoubgzXxp2xBiqEGpQseqOq7c6DJPT/oBUaZDysRuZMV6axR0ky4w
+9v2eVObEF1ovo2PKQpJko59pctWHcM490gvHMJDcKjtTX7aSPmawq+lvUmAWg5F
iRKh2p8M28jRGxrYedG1YW8wqkrc+hPi+m0wgXZCpmBhaG/1vwvG2LkzJ3bCFrm1
wi5n2xvOGHJhHobjp8sNJg8zO/OB+jrIVoNOD6f80kei+5E1hlfkSAosiOBSf72j
qJf9MPoZ3fL+0qDUbg67UdNHgbGmPuPWU59wZiMJhvBATafj50XkUuwHnejtPnjv
AgMBAAGjdjB0MFEGA1UdEQRKMEiHBAoBiACCQGZ2LWF6MjQwLTE5My5iY29sZDA0
cnV0Z2VmZHV0czJna3JnaHZzYS5ieC5pbnRlcm5hbC5jbG91ZGFwcC5uZXQwDwYD
VR0TAQH/BAUwAwEB/zAOBgNVHQ8BAf8EBAMCAb4wDQYJKoZIhvcNAQELBQADggEB
AFc17hZtuUYEylCY9ZtiXAnsKjndm/cp29xmW4csPgexvv1lvKDMJGhjdMiQMUrB
CvvGJKlj+OKhJ5rb3bRAstnKSSYL4IIVVDONRhX5gWdfWXWwQ6NbmZBpD2rcVMI/
FT+ce0NUPq/TTrgFhoKXLjgAwG7fKGrc09FPFkHz9k6aAJkUOyrgrWoRSqrc+vFg
qmBCIbFyhct80J0huPzZZOjx9jHQMKVgGwA7JTa0l6KMMVVTwdSruqqi9ZqMglsx
2M2IWygQ1BD4Rftj3svUW4UxYSpt0AbxUzJ8cd+XNbOJAIDXlO/1vg7XW+HnxUi/
1LOvz3ViAZAWLaT5kTrfxRs=
-----END CERTIFICATE-----

-----BEGIN CERTIFICATE-----
MIID5zCCAs+gAwIBAgIBATANBgkqhkiG9w0BAQsFADB7MRswGQYDVQQDDBJzY20t
MUBmdi1hejI0MC0xOTMxLTArBgNVBAsMJGZmZDIxOTM0LWZlODktNDQ2Ny04ZDMy
LTJhNTJhZjdmNzNhYTEtMCsGA1UECgwkYWJhZmQ4NmQtZDdkZS00ZTAzLTgyNjEt
MGViYjkzZWE4ZWU0MB4XDTIzMDkxNDExNTAxOFoXDTI4MTAyMjExNTAxOFowezEb
MBkGA1UEAwwSc2NtLTFAZnYtYXoyNDAtMTkzMS0wKwYDVQQLDCRmZmQyMTkzNC1m
ZTg5LTQ0NjctOGQzMi0yYTUyYWY3ZjczYWExLTArBgNVBAoMJGFiYWZkODZkLWQ3
ZGUtNGUwMy04MjYxLTBlYmI5M2VhOGVlNDCCASIwDQYJKoZIhvcNAQEBBQADggEP
ADCCAQoCggEBALNXq6uRnkI4/Kr+W1anfNkqeXCe8NPip/Bi9iRJVLBcGS2m/7C/
YmGAljLPx6Z1Pbr9t/2jkn9RuAqnrAf86UZUBypBiV6+8eEYxY/0bYm+8QYPfBzY
hqYNGETCQB1AiTw0YtZqUOgrbKWB+d3G7fCG49PYcUKv5IxiOPBY3Vn+FZMvF0jH
dqpjk3yk1p/OuBwdgSUqvoWzvWj9Sqw54GgWgwrGs6pp9VriDm+jFQYz808z7PmA
6Sy3Rp1jlBt5yPcPAR3NLmjRGydFPEO+WCR0v1m2b1mg+mna0lOqNspBFkVbBAfJ
E+KXk3HNsB268Gf+5SGPUNQBMfDoCTjqbN0CAwEAAaN2MHQwDwYDVR0TAQH/BAUw
AwEB/zAOBgNVHQ8BAf8EBAMCAQYwUQYDVR0RBEowSIcECgGIAIJAZnYtYXoyNDAt
MTkzLmJjb2xkMDRydXRnZWZkdXRzMmdrcmdodnNhLmJ4LmludGVybmFsLmNsb3Vk
YXBwLm5ldDANBgkqhkiG9w0BAQsFAAOCAQEAn62wCCfoYROdVfvf6EbTycr65qE8
pZ8Wn0tQa1RjlWK7af8Gd8bdJHM/57kWmQnqK7AQQTWajhpmdLCnUu7/Z6RVagjg
zqr5lDjAzSmOOlj0YBFO/Yq+MFVpLmeJwHPhvvQbzjQX4oHgzrWJEuoJBVJPWHgK
UMBmk/0Vy0i8z68XXQiIZVGah7b6JjgWCFXfRCeVkaCUur60wVf6w7Vu+pRPqcn9
VRjAQjAs18qwNdKD935d1eyYvtuiXCPcG1hp1GxJgz01zNmJX+acqTqQ9Ax2LTgz
Xpl1uRUXiCVdkmIo14mMhXHHHBFJo4xc1/2czncwsxel6c0bh8gXd/OAtg==
-----END CERTIFICATE-----

2023-09-14 11:50:18,609 [Time-limited test] INFO  ha.HASecurityUtils (HASecurityUtils.java:initializeSecurity(121)) - Successfully stored SCM signed certificate.
2023-09-14 11:50:18,611 [Time-limited test] WARN  server.ServerUtils (ServerUtils.java:getScmDbDir(155)) - ozone.scm.db.dirs is not configured. We recommend adding this setting. Falling back to ozone.metadata.dirs instead.
2023-09-14 11:50:18,611 [Time-limited test] INFO  ha.SCMHANodeDetails (SCMHANodeDetails.java:loadSCMHAConfig(210)) - ServiceID for StorageContainerManager is null
2023-09-14 11:50:18,611 [Time-limited test] INFO  ha.SCMHANodeDetails (SCMHANodeDetails.java:loadSCMHAConfig(215)) - ozone.scm.default.service.id is not defined, falling back to ozone.scm.service.ids to find serviceID for StorageContainerManager if it is HA enabled cluster
2023-09-14 11:50:18,622 [pool-422-thread-1] INFO  request.KdcRequest (KdcRequest.java:preauth(651)) - The preauth data is empty.
2023-09-14 11:50:18,622 [pool-422-thread-1] INFO  server.KdcHandler (KdcHandler.java:handleRecoverableException(177)) - KRB error occurred while processing request:Additional pre-authentication required
2023-09-14 11:50:18,625 [pool-422-thread-1] INFO  request.AsRequest (AsRequest.java:issueTicket(112)) - AS_REQ ISSUE: authtime 1694692218625,scm/fv-az240-193.bcold04rutgefduts2gkrghvsa.bx.internal.cloudapp.net@EXAMPLE.COM for krbtgt/EXAMPLE.COM@EXAMPLE.COM
2023-09-14 11:50:18,626 [Time-limited test] INFO  security.UserGroupInformation (UserGroupInformation.java:loginUserFromKeytab(1132)) - Login successful for user scm/fv-az240-193.bcold04rutgefduts2gkrghvsa.bx.internal.cloudapp.net@EXAMPLE.COM using keytab file scm.keytab. Keytab auto renewal enabled : false
2023-09-14 11:50:18,626 [Time-limited test] INFO  server.StorageContainerManager (StorageContainerManager.java:loginAsSCMUserIfSecurityEnabled(1042)) - SCM login successful.
2023-09-14 11:50:18,627 [Time-limited test] INFO  client.SCMCertificateClient (DefaultCertificateClient.java:updateCertSerialId(1244)) - Certificate serial ID set to 2042802979253
2023-09-14 11:50:18,628 [Time-limited test] INFO  client.SCMCertificateClient (DefaultCertificateClient.java:readCertificateFile(237)) - Added certificate   [0]         Version: 3
         SerialNumber: 2042802979253
             IssuerDN: CN=scm-1@fv-az240-193,OU=ffd21934-fe89-4467-8d32-2a52af7f73aa,O=abafd86d-d7de-4e03-8261-0ebb93ea8ee4
           Start Date: Thu Sep 14 11:50:18 UTC 2023
           Final Date: Sun Oct 22 11:50:18 UTC 2028
            SubjectDN: CN=scm-sub-2042799873005@fv-az240-193,OU=ffd21934-fe89-4467-8d32-2a52af7f73aa,O=abafd86d-d7de-4e03-8261-0ebb93ea8ee4
           Public Key: RSA Public Key [8f:1e:84:8e:90:06:70:a9:f4:7f:4f:df:5b:05:10:55:7b:a4:21:ae],[56:66:d1:a4]
        modulus: 9341bf7d58385d0b6fda9b4aad3bdd6cec8b7b7fb7334b7269a2e6e0cd7c69db1062a841a942c7aa3aaedce8324f4ffa0151a643cac46e64c57a6b1474932e30fbdbf679539b105d68be8d8f290a49928e7da5cb561dc338f7482f1cc24370a8ed4d7eda48f99ac2afa5bd49805a0e458912a1da9f0cdbc8d11b1ad879d1b5616f30aa4adcfa13e2fa6d30817642a66061686ff5bf0bc6d8b9332776c216b9b5c22e67db1bce1872611e86e3a7cb0d260f333bf381fa3ac856834e0fa7fcd247a2fb91358657e4480a2c88e0527fbda3a897fd30fa19ddf2fed2a0d46e0ebb51d34781b1a63ee3d6539f7066230986f0404da7e3e745e452ec079de8ed3e78ef
public exponent: 10001

  Signature Algorithm: SHA256WITHRSA
            Signature: 5735ee166db94604ca5098f59b625c09ec2a39dd
                       9bf729dbdc665b872c3e07b1befd65bca0cc2468
                       6374c890314ac10afbc624a963f8e2a1279adbdd
                       b440b2d9ca49260be0821554338d4615f981675f
                       5975b043a35b9990690f6adc54c23f153f9c7b43
                       543eafd34eb8058682972e3800c06edf286adcd3
                       d14f1641f3f64e9a0099143b2ae0ad6a114aaadc
                       faf160aa604221b17285cb7cd09d21b8fcd964e8
                       f1f631d030a5601b003b2536b497a28c315553c1
                       d4abbaaaa2f59a8c825b31d8cd885b2810d410f8
                       45fb63decbd45b8531612a6dd006f153327c71df
                       9735b3890080d794eff5be0ed75be1e7c548bfd4
                       b3afcf75620190162da4f9913adfc51b
       Extensions: 
                       critical(false) 2.5.29.17 value = Sequence
    Tagged [7] IMPLICIT 
        DER Octet String[4] 
    Tagged [2] IMPLICIT 
        DER Octet String[64] 

                       critical(true) BasicConstraints: isCa(true)
                       critical(true) KeyUsage: 0xbe
 from file: /tmp/junit9156623362160106030/junit1395890925783146072/scm-meta/scm/sub-ca/certs/2042802979253.crt.
2023-09-14 11:50:18,630 [Time-limited test] INFO  client.SCMCertificateClient (DefaultCertificateClient.java:readCertificateFile(237)) - Added certificate   [0]         Version: 3
         SerialNumber: 2042802979253
             IssuerDN: CN=scm-1@fv-az240-193,OU=ffd21934-fe89-4467-8d32-2a52af7f73aa,O=abafd86d-d7de-4e03-8261-0ebb93ea8ee4
           Start Date: Thu Sep 14 11:50:18 UTC 2023
           Final Date: Sun Oct 22 11:50:18 UTC 2028
            SubjectDN: CN=scm-sub-2042799873005@fv-az240-193,OU=ffd21934-fe89-4467-8d32-2a52af7f73aa,O=abafd86d-d7de-4e03-8261-0ebb93ea8ee4
           Public Key: RSA Public Key [8f:1e:84:8e:90:06:70:a9:f4:7f:4f:df:5b:05:10:55:7b:a4:21:ae],[56:66:d1:a4]
        modulus: 9341bf7d58385d0b6fda9b4aad3bdd6cec8b7b7fb7334b7269a2e6e0cd7c69db1062a841a942c7aa3aaedce8324f4ffa0151a643cac46e64c57a6b1474932e30fbdbf679539b105d68be8d8f290a49928e7da5cb561dc338f7482f1cc24370a8ed4d7eda48f99ac2afa5bd49805a0e458912a1da9f0cdbc8d11b1ad879d1b5616f30aa4adcfa13e2fa6d30817642a66061686ff5bf0bc6d8b9332776c216b9b5c22e67db1bce1872611e86e3a7cb0d260f333bf381fa3ac856834e0fa7fcd247a2fb91358657e4480a2c88e0527fbda3a897fd30fa19ddf2fed2a0d46e0ebb51d34781b1a63ee3d6539f7066230986f0404da7e3e745e452ec079de8ed3e78ef
public exponent: 10001

  Signature Algorithm: SHA256WITHRSA
            Signature: 5735ee166db94604ca5098f59b625c09ec2a39dd
                       9bf729dbdc665b872c3e07b1befd65bca0cc2468
                       6374c890314ac10afbc624a963f8e2a1279adbdd
                       b440b2d9ca49260be0821554338d4615f981675f
                       5975b043a35b9990690f6adc54c23f153f9c7b43
                       543eafd34eb8058682972e3800c06edf286adcd3
                       d14f1641f3f64e9a0099143b2ae0ad6a114aaadc
                       faf160aa604221b17285cb7cd09d21b8fcd964e8
                       f1f631d030a5601b003b2536b497a28c315553c1
                       d4abbaaaa2f59a8c825b31d8cd885b2810d410f8
                       45fb63decbd45b8531612a6dd006f153327c71df
                       9735b3890080d794eff5be0ed75be1e7c548bfd4
                       b3afcf75620190162da4f9913adfc51b
       Extensions: 
                       critical(false) 2.5.29.17 value = Sequence
    Tagged [7] IMPLICIT 
        DER Octet String[4] 
    Tagged [2] IMPLICIT 
        DER Octet String[64] 

                       critical(true) BasicConstraints: isCa(true)
                       critical(true) KeyUsage: 0xbe
 from file: /tmp/junit9156623362160106030/junit1395890925783146072/scm-meta/scm/sub-ca/certs/certificate.crt.
2023-09-14 11:50:18,630 [Time-limited test] INFO  client.SCMCertificateClient (DefaultCertificateClient.java:readCertificateFile(237)) - Added certificate   [0]         Version: 3
         SerialNumber: 1
             IssuerDN: CN=scm-1@fv-az240-193,OU=ffd21934-fe89-4467-8d32-2a52af7f73aa,O=abafd86d-d7de-4e03-8261-0ebb93ea8ee4
           Start Date: Thu Sep 14 11:50:18 UTC 2023
           Final Date: Sun Oct 22 11:50:18 UTC 2028
            SubjectDN: CN=scm-1@fv-az240-193,OU=ffd21934-fe89-4467-8d32-2a52af7f73aa,O=abafd86d-d7de-4e03-8261-0ebb93ea8ee4
           Public Key: RSA Public Key [8e:c5:bd:d1:9a:99:d1:8f:94:a5:14:51:f3:53:ae:e3:c4:79:b9:d3],[56:66:d1:a4]
        modulus: b357abab919e4238fcaafe5b56a77cd92a79709ef0d3e2a7f062f6244954b05c192da6ffb0bf6261809632cfc7a6753dbafdb7fda3927f51b80aa7ac07fce94654072a41895ebef1e118c58ff46d89bef1060f7c1cd886a60d1844c2401d40893c3462d66a50e82b6ca581f9ddc6edf086e3d3d87142afe48c6238f058dd59fe15932f1748c776aa63937ca4d69fceb81c1d81252abe85b3bd68fd4aac39e06816830ac6b3aa69f55ae20e6fa3150633f34f33ecf980e92cb7469d63941b79c8f70f011dcd2e68d11b27453c43be582474bf59b66f59a0fa69dad253aa36ca4116455b0407c913e2979371cdb01dbaf067fee5218f50d40131f0e80938ea6cdd
public exponent: 10001

  Signature Algorithm: SHA256WITHRSA
            Signature: 9fadb00827e861139d55fbdfe846d3c9cafae6a1
                       3ca59f169f4b506b54639562bb69ff0677c6dd24
                       733fe7b9169909ea2bb01041359a8e1a6674b0a7
                       52eeff67a4556a08e0ceaaf99438c0cd298e3a58
                       f460114efd8abe3055692e6789c073e1bef41bce
                       3417e281e0ceb58912ea0905524f58780a50c066
                       93fd15cb48bccfaf175d088865519a87b6fa2638
                       160855df44279591a094babeb4c157fac3b56efa
                       944fa9c9fd5518c042302cd7cab035d283f77e5d
                       d5ec98bedba25c23dc1b5869d46c49833d35ccd9
                       895fe69ca93a90f40c762d38335e9975b9151788
                       255d926228d7898c8571c71c1149a38c5cd7fd9c
                       ce7730b317a5e9cd1b87c81777f380b6
       Extensions: 
                       critical(true) BasicConstraints: isCa(true)
                       critical(true) KeyUsage: 0x6
                       critical(false) 2.5.29.17 value = Sequence
    Tagged [7] IMPLICIT 
        DER Octet String[4] 
    Tagged [2] IMPLICIT 
        DER Octet String[64] 

 from file: /tmp/junit9156623362160106030/junit1395890925783146072/scm-meta/scm/sub-ca/certs/CA-1.crt.
2023-09-14 11:50:18,631 [Time-limited test] INFO  client.SCMCertificateClient (DefaultCertificateClient.java:loadAllCertificates(191)) - CertificateRenewerService and root ca rotation polling is disabled for scm/sub-ca
2023-09-14 11:50:18,631 [Time-limited test] WARN  utils.HAUtils (HAUtils.java:getMetaDir(339)) - ozone.scm.db.dirs is not configured. We recommend adding this setting. Falling back to ozone.metadata.dirs instead.
2023-09-14 11:50:18,631 [Time-limited test] WARN  db.DBStoreBuilder (DBStoreBuilder.java:applyDBDefinition(166)) - ozone.scm.db.dirs is not configured. We recommend adding this setting. Falling back to ozone.metadata.dirs instead.
2023-09-14 11:50:18,733 [Time-limited test] INFO  net.NodeSchemaLoader (NodeSchemaLoader.java:loadSchemaFromFile(129)) - Loading schema from [jar:file:/home/runner/.m2/repository/org/apache/ozone/hdds-common/1.4.0-SNAPSHOT/hdds-common-1.4.0-SNAPSHOT.jar!/network-topology-default.xml]
2023-09-14 11:50:18,733 [Time-limited test] INFO  net.NodeSchemaLoader (NodeSchemaLoader.java:loadSchema(176)) - Loading network topology layer schema file
2023-09-14 11:50:18,735 [Time-limited test] INFO  upgrade.AbstractLayoutVersionManager (AbstractLayoutVersionManager.java:init(83)) - Initializing Layout version manager with metadata layout = HADOOP_PRC_PORTS_IN_DATANODEDETAILS (version = 7), software layout = HADOOP_PRC_PORTS_IN_DATANODEDETAILS (version = 7)
2023-09-14 11:50:18,737 [Time-limited test] INFO  ha.SequenceIdGenerator (SequenceIdGenerator.java:upgradeToSequenceId(365)) - upgrade localId to 111677748019200000
2023-09-14 11:50:18,737 [Time-limited test] INFO  ha.SequenceIdGenerator (SequenceIdGenerator.java:upgradeToSequenceId(375)) - upgrade delTxnId to 0
2023-09-14 11:50:18,738 [Time-limited test] INFO  ha.SequenceIdGenerator (SequenceIdGenerator.java:upgradeToSequenceId(392)) - upgrade containerId to 0
2023-09-14 11:50:18,739 [Time-limited test] INFO  ha.SequenceIdGenerator (SequenceIdGenerator.java:upgradeToSequenceId(428)) - upgrade rootCertificateId to 1
2023-09-14 11:50:18,739 [Time-limited test] INFO  ha.SequenceIdGenerator (SequenceIdGenerator.java:<init>(236)) - Init the HA SequenceIdGenerator.
2023-09-14 11:50:18,740 [Time-limited test] INFO  node.SCMNodeManager (SCMNodeManager.java:<init>(157)) - Entering startup safe mode.
2023-09-14 11:50:18,742 [Time-limited test] INFO  algorithms.ContainerPlacementPolicyFactory (ContainerPlacementPolicyFactory.java:getPolicyInternal(86)) - Create container placement policy of type org.apache.hadoop.hdds.scm.container.placement.algorithms.SCMContainerPlacementRackAware
2023-09-14 11:50:18,742 [Time-limited test] INFO  algorithms.ContainerPlacementPolicyFactory (ContainerPlacementPolicyFactory.java:getPolicyInternal(86)) - Create container placement policy of type org.apache.hadoop.hdds.scm.container.placement.algorithms.SCMContainerPlacementRackScatter
2023-09-14 11:50:18,742 [Time-limited test] INFO  pipeline.PipelineStateManagerImpl (PipelineStateManagerImpl.java:initialize(78)) - No pipeline exists in current db
2023-09-14 11:50:18,742 [Time-limited test] INFO  algorithms.LeaderChoosePolicyFactory (LeaderChoosePolicyFactory.java:getPolicy(57)) - Create leader choose policy of type org.apache.hadoop.hdds.scm.pipeline.leader.choose.algorithms.MinLeaderCountChoosePolicy
2023-09-14 11:50:18,742 [Time-limited test] INFO  algorithms.ContainerPlacementPolicyFactory (ContainerPlacementPolicyFactory.java:getPolicyInternal(86)) - Create container placement policy of type org.apache.hadoop.hdds.scm.container.placement.algorithms.SCMContainerPlacementRackScatter
2023-09-14 11:50:18,742 [Time-limited test] INFO  ha.SCMServiceManager (SCMServiceManager.java:register(42)) - Registering service BackgroundPipelineCreator.
2023-09-14 11:50:18,743 [Time-limited test] INFO  pipeline.BackgroundPipelineCreator (BackgroundPipelineCreator.java:start(124)) - Starting RatisPipelineUtilsThread.
2023-09-14 11:50:18,743 [Time-limited test] INFO  BackgroundPipelineScrubber (BackgroundSCMService.java:start(68)) - Starting BackgroundPipelineScrubber Service.
2023-09-14 11:50:18,743 [Time-limited test] INFO  ha.SCMServiceManager (SCMServiceManager.java:register(42)) - Registering service BackgroundPipelineScrubber.
2023-09-14 11:50:18,746 [Time-limited test] INFO  ExpiredContainerReplicaOpScrubber (BackgroundSCMService.java:start(68)) - Starting ExpiredContainerReplicaOpScrubber Service.
2023-09-14 11:50:18,746 [Time-limited test] INFO  ha.SCMServiceManager (SCMServiceManager.java:register(42)) - Registering service ExpiredContainerReplicaOpScrubber.
2023-09-14 11:50:18,747 [Time-limited test] INFO  algorithms.PipelineChoosePolicyFactory (PipelineChoosePolicyFactory.java:createPipelineChoosePolicyFromClass(78)) - Create pipeline choose policy of type org.apache.hadoop.hdds.scm.pipeline.choose.algorithms.RandomPipelineChoosePolicy
2023-09-14 11:50:18,747 [Time-limited test] INFO  algorithms.PipelineChoosePolicyFactory (PipelineChoosePolicyFactory.java:createPipelineChoosePolicyFromClass(78)) - Create pipeline choose policy of type org.apache.hadoop.hdds.scm.pipeline.choose.algorithms.RandomPipelineChoosePolicy
2023-09-14 11:50:18,747 [Time-limited test] INFO  ha.SCMServiceManager (SCMServiceManager.java:register(42)) - Registering service SCMBlockDeletingService.
2023-09-14 11:50:18,748 [Time-limited test] INFO  replication.ReplicationManager (ReplicationManager.java:start(291)) - Starting Replication Monitor Thread.
2023-09-14 11:50:18,750 [Time-limited test] INFO  ha.SCMServiceManager (SCMServiceManager.java:register(42)) - Registering service ReplicationManager.
2023-09-14 11:50:18,750 [Time-limited test] INFO  safemode.ContainerSafeModeRule (ContainerSafeModeRule.java:<init>(90)) - containers with one replica threshold count 0
2023-09-14 11:50:18,751 [Time-limited test] INFO  safemode.HealthyPipelineSafeModeRule (HealthyPipelineSafeModeRule.java:initializeRule(169)) - Total pipeline count is 0, healthy pipeline threshold count is 0
2023-09-14 11:50:18,751 [Time-limited test] INFO  safemode.OneReplicaPipelineSafeModeRule (OneReplicaPipelineSafeModeRule.java:initializeRule(180)) - Total pipeline count is 0, pipeline's with at least one datanode reported threshold count is 0
2023-09-14 11:50:18,753 [Time-limited test] INFO  authority.DefaultCAServer (DefaultCAServer.java:lambda$processVerificationStatus$0(472)) - CertificateServer validation is successful
2023-09-14 11:50:18,753 [Time-limited test] INFO  authority.DefaultCAServer (DefaultCAServer.java:lambda$processVerificationStatus$0(472)) - CertificateServer validation is successful
2023-09-14 11:50:18,753 [Time-limited test] INFO  server.StorageContainerManager (StorageContainerManager.java:persistPrimarySCMCerts(932)) - Storing sub-ca certificate serialId 2042802979253 on primary SCM
2023-09-14 11:50:18,755 [ReplicationMonitor] INFO  replication.ReplicationManager (ReplicationManager.java:processAll(365)) - Replication Manager is not ready to run until 300000ms after safemode exit
2023-09-14 11:50:18,756 [Time-limited test] INFO  server.SCMCertStore (SCMCertStore.java:storeValidScmCertificate(122)) - Scm certificate 2042802979253 for CN=scm-sub-2042799873005@fv-az240-193,OU=ffd21934-fe89-4467-8d32-2a52af7f73aa,O=abafd86d-d7de-4e03-8261-0ebb93ea8ee4 is stored
2023-09-14 11:50:18,756 [Time-limited test] INFO  server.StorageContainerManager (StorageContainerManager.java:persistPrimarySCMCerts(940)) - Storing root certificate serialId 1
2023-09-14 11:50:18,756 [Time-limited test] INFO  server.SCMCertStore (SCMCertStore.java:storeValidScmCertificate(122)) - Scm certificate 1 for CN=scm-1@fv-az240-193,OU=ffd21934-fe89-4467-8d32-2a52af7f73aa,O=abafd86d-d7de-4e03-8261-0ebb93ea8ee4 is stored
2023-09-14 11:50:18,757 [Time-limited test] INFO  ipc.CallQueueManager (CallQueueManager.java:<init>(90)) - Using callQueue: class java.util.concurrent.LinkedBlockingQueue, queueCapacity: 200, scheduler: class org.apache.hadoop.ipc.DefaultRpcScheduler, ipcBackoff: false.
2023-09-14 11:50:18,757 [Time-limited test] INFO  ipc.Server (Server.java:<init>(1287)) - Listener at 0.0.0.0:9961
2023-09-14 11:50:18,757 [Socket Reader #1 for port 9961] INFO  ipc.Server (Server.java:run(1323)) - Starting Socket Reader #1 for port 9961
2023-09-14 11:50:18,763 [Time-limited test] INFO  server.StorageContainerManager (StorageContainerManager.java:<init>(425)) - SCM start with adminUsers: [om/fv-az240-193.bcold04rutgefduts2gkrghvsa.bx.internal.cloudapp.net@EXAMPLE.COM, scm]
2023-09-14 11:50:18,763 [Time-limited test] INFO  ipc.CallQueueManager (CallQueueManager.java:<init>(90)) - Using callQueue: class java.util.concurrent.LinkedBlockingQueue, queueCapacity: 10000, scheduler: class org.apache.hadoop.ipc.DefaultRpcScheduler, ipcBackoff: false.
2023-09-14 11:50:18,763 [Time-limited test] INFO  ipc.Server (Server.java:<init>(1287)) - Listener at 0.0.0.0:9861
2023-09-14 11:50:18,764 [Socket Reader #1 for port 9861] INFO  ipc.Server (Server.java:run(1323)) - Starting Socket Reader #1 for port 9861
2023-09-14 11:50:18,767 [Time-limited test] INFO  ipc.CallQueueManager (CallQueueManager.java:<init>(90)) - Using callQueue: class java.util.concurrent.LinkedBlockingQueue, queueCapacity: 10000, scheduler: class org.apache.hadoop.ipc.DefaultRpcScheduler, ipcBackoff: false.
2023-09-14 11:50:18,767 [Time-limited test] INFO  ipc.Server (Server.java:<init>(1287)) - Listener at 0.0.0.0:9863
2023-09-14 11:50:18,767 [Socket Reader #1 for port 9863] INFO  ipc.Server (Server.java:run(1323)) - Starting Socket Reader #1 for port 9863
2023-09-14 11:50:18,769 [Time-limited test] INFO  ipc.CallQueueManager (CallQueueManager.java:<init>(90)) - Using callQueue: class java.util.concurrent.LinkedBlockingQueue, queueCapacity: 10000, scheduler: class org.apache.hadoop.ipc.DefaultRpcScheduler, ipcBackoff: false.
2023-09-14 11:50:18,769 [Time-limited test] INFO  ipc.Server (Server.java:<init>(1287)) - Listener at 0.0.0.0:9860
2023-09-14 11:50:18,771 [Socket Reader #1 for port 9860] INFO  ipc.Server (Server.java:run(1323)) - Starting Socket Reader #1 for port 9860
2023-09-14 11:50:18,779 [Time-limited test] INFO  ha.SCMServiceManager (SCMServiceManager.java:register(42)) - Registering service ContainerBalancer.
2023-09-14 11:50:18,779 [Time-limited test] INFO  server.StorageContainerManager (StorageContainerManager.java:<init>(438)) - 
Container Balancer status:
Key                            Value
Running                        false
Container Balancer Configuration values:
Key                                                Value
Threshold                                          10
Max Datanodes to Involve per Iteration(percent)    20
Max Size to Move per Iteration                     500GB
Max Size Entering Target per Iteration             26GB
Max Size Leaving Source per Iteration              26GB
Number of Iterations                               10
Time Limit for Single Container's Movement         65min
Time Limit for Single Container's Replication      50min
Interval between each Iteration                    70min
Whether to Enable Network Topology                 false
Whether to Trigger Refresh Datanode Usage Info     false
Container IDs to Exclude from Balancing            None
Datanodes Specified to be Balanced                 None
Datanodes Excluded from Balancing                  None

2023-09-14 11:50:18,779 [Time-limited test] INFO  ha.SCMContext (SCMContext.java:updateSafeModeStatus(228)) - Update SafeModeStatus from SafeModeStatus{safeModeStatus=true, preCheckPassed=false} to SafeModeStatus{safeModeStatus=true, preCheckPassed=false}.
2023-09-14 11:50:18,781 [Time-limited test] INFO  impl.DefaultInternalKdcServerImpl (DefaultInternalKdcServerImpl.java:doStop(102)) - Default Internal kdc server stopped.
2023-09-14 11:50:19,781 [Time-limited test] INFO  minikdc.MiniKdc (MiniKdc.java:stop(359)) - MiniKdc stopped.
2023-09-14 11:50:19,781 [Time-limited test] INFO  server.StorageContainerManager (StorageContainerManager.java:stop(1591)) - Container Balancer is not running.
2023-09-14 11:50:19,781 [Time-limited test] INFO  server.StorageContainerManager (StorageContainerManager.java:stopReplicationManager(1724)) - Stopping Replication Manager Service.
2023-09-14 11:50:19,781 [Time-limited test] INFO  replication.ReplicationManager (ReplicationManager.java:stop(323)) - Stopping Replication Monitor Thread.
2023-09-14 11:50:19,781 [Time-limited test] INFO  server.StorageContainerManager (StorageContainerManager.java:stop(1600)) - Stopping the Datanode Admin Monitor.
2023-09-14 11:50:19,781 [Under Replicated Processor] WARN  replication.UnhealthyReplicationProcessor (UnhealthyReplicationProcessor.java:run(180)) - Under Replicated Processor interrupted. Exiting...
2023-09-14 11:50:19,781 [Time-limited test] INFO  server.StorageContainerManager (StorageContainerManager.java:stop(1607)) - Stopping datanode service RPC server
2023-09-14 11:50:19,782 [Time-limited test] INFO  server.SCMDatanodeProtocolServer (SCMDatanodeProtocolServer.java:stop(424)) - Stopping the RPC server for DataNodes
2023-09-14 11:50:19,782 [Time-limited test] INFO  ipc.Server (Server.java:stop(3523)) - Stopping server on 9861
2023-09-14 11:50:19,782 [Over Replicated Processor] WARN  replication.UnhealthyReplicationProcessor (UnhealthyReplicationProcessor.java:run(180)) - Over Replicated Processor interrupted. Exiting...
2023-09-14 11:50:19,782 [ReplicationMonitor] INFO  replication.ReplicationManager (ReplicationManager.java:run(921)) - Replication Monitor Thread is stopped
2023-09-14 11:50:21,739 [SCM Heartbeat Processing Thread - 0] WARN  node.NodeStateManager (NodeStateManager.java:scheduleNextHealthCheck(874)) - Current Thread is interrupted, shutting down HB processing thread for Node Manager.
2023-09-14 11:50:21,739 [Time-limited test] INFO  server.StorageContainerManager (StorageContainerManager.java:stop(1615)) - Stopping block service RPC server
2023-09-14 11:50:21,740 [Time-limited test] INFO  server.SCMBlockProtocolServer (SCMBlockProtocolServer.java:stop(163)) - Stopping the RPC server for Block Protocol
2023-09-14 11:50:21,740 [Time-limited test] INFO  ipc.Server (Server.java:stop(3523)) - Stopping server on 9863
2023-09-14 11:50:21,740 [Time-limited test] INFO  server.StorageContainerManager (StorageContainerManager.java:stop(1622)) - Stopping the StorageContainerLocationProtocol RPC server
2023-09-14 11:50:21,740 [Time-limited test] INFO  server.SCMClientProtocolServer (SCMClientProtocolServer.java:stop(210)) - Stopping the RPC server for Client Protocol
2023-09-14 11:50:21,740 [Time-limited test] INFO  ipc.Server (Server.java:stop(3523)) - Stopping server on 9860
2023-09-14 11:50:21,741 [Time-limited test] INFO  server.StorageContainerManager (StorageContainerManager.java:stop(1629)) - Stopping Storage Container Manager HTTP server.
2023-09-14 11:50:21,741 [Time-limited test] INFO  server.StorageContainerManager (StorageContainerManager.java:stop(1637)) - Stopping SCM LayoutVersionManager Service.
2023-09-14 11:50:21,741 [Time-limited test] INFO  server.SCMSecurityProtocolServer (SCMSecurityProtocolServer.java:stop(550)) - Stopping the SCMSecurityProtocolServer.
2023-09-14 11:50:21,741 [Time-limited test] INFO  ipc.Server (Server.java:stop(3523)) - Stopping server on 9961
2023-09-14 11:50:21,741 [Time-limited test] INFO  server.SCMUpdateServiceGrpcServer (SCMUpdateServiceGrpcServer.java:stop(73)) - SCMUpdateService stopping
2023-09-14 11:50:21,741 [Time-limited test] INFO  server.StorageContainerManager (StorageContainerManager.java:stop(1649)) - Stopping Block Manager Service.
2023-09-14 11:50:21,741 [Time-limited test] INFO  utils.BackgroundService (BackgroundService.java:shutdown(141)) - Shutting down service SCMBlockDeletingService
2023-09-14 11:50:21,742 [Time-limited test] INFO  utils.BackgroundService (BackgroundService.java:shutdown(141)) - Shutting down service SCMBlockDeletingService
2023-09-14 11:50:21,742 [Time-limited test] INFO  server.StorageContainerManager (StorageContainerManager.java:stop(1669)) - Stopping SCM Event Queue.
2023-09-14 11:50:21,742 [Time-limited test] INFO  server.StorageContainerManager (StorageContainerManager.java:stop(1680)) - Stopping SCM HA services.
2023-09-14 11:50:21,742 [Time-limited test] INFO  pipeline.BackgroundPipelineCreator (BackgroundPipelineCreator.java:stop(149)) - Stopping RatisPipelineUtilsThread.
2023-09-14 11:50:21,742 [RatisPipelineUtilsThread - 0] WARN  pipeline.BackgroundPipelineCreator (BackgroundPipelineCreator.java:run(180)) - RatisPipelineUtilsThread is interrupted.
2023-09-14 11:50:21,742 [BackgroundPipelineScrubberThread] WARN  BackgroundPipelineScrubber (BackgroundSCMService.java:run(115)) - BackgroundPipelineScrubber is interrupted, exit
2023-09-14 11:50:21,742 [Time-limited test] INFO  BackgroundPipelineScrubber (BackgroundSCMService.java:stop(131)) - Stopping BackgroundPipelineScrubber Service.
2023-09-14 11:50:21,742 [Time-limited test] WARN  pipeline.BackgroundPipelineCreator (BackgroundPipelineCreator.java:stop(145)) - RatisPipelineUtilsThread is not running, just ignore.
2023-09-14 11:50:21,743 [Time-limited test] INFO  BackgroundPipelineScrubber (BackgroundSCMService.java:stop(126)) - BackgroundPipelineScrubber Service is not running, skip stop.
2023-09-14 11:50:21,743 [ExpiredContainerReplicaOpScrubberThread] WARN  ExpiredContainerReplicaOpScrubber (BackgroundSCMService.java:run(115)) - ExpiredContainerReplicaOpScrubber is interrupted, exit
2023-09-14 11:50:21,743 [Time-limited test] INFO  ExpiredContainerReplicaOpScrubber (BackgroundSCMService.java:stop(131)) - Stopping ExpiredContainerReplicaOpScrubber Service.
2023-09-14 11:50:21,743 [Time-limited test] INFO  utils.BackgroundService (BackgroundService.java:shutdown(141)) - Shutting down service SCMBlockDeletingService
2023-09-14 11:50:21,743 [Time-limited test] INFO  replication.ReplicationManager (ReplicationManager.java:stop(333)) - Replication Monitor Thread is not running.
2023-09-14 11:50:21,743 [Time-limited test] WARN  balancer.ContainerBalancer (ContainerBalancer.java:stop(326)) - Cannot stop Container Balancer because it's not running or stopping
2023-09-14 11:50:21,743 [Time-limited test] INFO  server.StorageContainerManager (StorageContainerManager.java:stop(1715)) - Stopping SCM MetadataStore.
2023-09-14 11:50:21,747 [Time-limited test] INFO  server.SCMSecurityProtocolServer (SCMSecurityProtocolServer.java:join(560)) - Join RPC server for SCMSecurityProtocolServer.
2023-09-14 11:50:21,747 [Time-limited test] INFO  server.SCMSecurityProtocolServer (SCMSecurityProtocolServer.java:join(562)) - Join gRPC server for SCMSecurityProtocolServer.
]]></system-out>
  </testcase>
  <testcase name="testCertificateRotationRecoverableFailure" classname="org.apache.hadoop.ozone.TestSecureOzoneCluster" time="24.268">
    <system-out><![CDATA[2023-09-14 11:50:21,765 [Time-limited test] INFO  net.ServerSocketUtil (ServerSocketUtil.java:getPort(55)) - Using port 9860
2023-09-14 11:50:21,765 [Time-limited test] INFO  net.ServerSocketUtil (ServerSocketUtil.java:getPort(55)) - Using port 9861
2023-09-14 11:50:21,765 [Time-limited test] INFO  net.ServerSocketUtil (ServerSocketUtil.java:getPort(55)) - Using port 9863
2023-09-14 11:50:21,765 [Time-limited test] INFO  net.ServerSocketUtil (ServerSocketUtil.java:getPort(55)) - Using port 9961
2023-09-14 11:50:21,765 [Time-limited test] INFO  net.ServerSocketUtil (ServerSocketUtil.java:getPort(55)) - Using port 1200
2023-09-14 11:50:21,765 [Time-limited test] INFO  net.ServerSocketUtil (ServerSocketUtil.java:getPort(55)) - Using port 1201
2023-09-14 11:50:21,766 [Time-limited test] INFO  minikdc.MiniKdc (MiniKdc.java:<init>(225)) - Configuration:
2023-09-14 11:50:21,766 [Time-limited test] INFO  minikdc.MiniKdc (MiniKdc.java:<init>(226)) - ---------------------------------------------------------------
2023-09-14 11:50:21,766 [Time-limited test] INFO  minikdc.MiniKdc (MiniKdc.java:<init>(228)) -   debug: false
2023-09-14 11:50:21,766 [Time-limited test] INFO  minikdc.MiniKdc (MiniKdc.java:<init>(228)) -   transport: TCP
2023-09-14 11:50:21,766 [Time-limited test] INFO  minikdc.MiniKdc (MiniKdc.java:<init>(228)) -   max.ticket.lifetime: 86400000
2023-09-14 11:50:21,766 [Time-limited test] INFO  minikdc.MiniKdc (MiniKdc.java:<init>(228)) -   org.name: EXAMPLE
2023-09-14 11:50:21,766 [Time-limited test] INFO  minikdc.MiniKdc (MiniKdc.java:<init>(228)) -   kdc.port: 0
2023-09-14 11:50:21,766 [Time-limited test] INFO  minikdc.MiniKdc (MiniKdc.java:<init>(228)) -   org.domain: COM
2023-09-14 11:50:21,766 [Time-limited test] INFO  minikdc.MiniKdc (MiniKdc.java:<init>(228)) -   max.renewable.lifetime: 604800000
2023-09-14 11:50:21,766 [Time-limited test] INFO  minikdc.MiniKdc (MiniKdc.java:<init>(228)) -   instance: DefaultKrbServer
2023-09-14 11:50:21,766 [Time-limited test] INFO  minikdc.MiniKdc (MiniKdc.java:<init>(228)) -   kdc.bind.address: localhost
2023-09-14 11:50:21,766 [Time-limited test] INFO  minikdc.MiniKdc (MiniKdc.java:<init>(230)) - ---------------------------------------------------------------
2023-09-14 11:50:21,768 [Time-limited test] INFO  minikdc.MiniKdc (MiniKdc.java:start(285)) - MiniKdc started.
2023-09-14 11:50:21,958 [Time-limited test] INFO  om.OzoneManager (OzoneManager.java:getOmDetailsProto(4573)) - OzoneManager ports added:[name: "RPC"
value: 1202
]
2023-09-14 11:50:21,958 [Time-limited test] WARN  server.ServerUtils (ServerUtils.java:getDBPath(311)) - ozone.om.db.dirs is not configured. We recommend adding this setting. Falling back to ozone.metadata.dirs instead.
2023-09-14 11:50:21,961 [Time-limited test] INFO  utils.SelfSignedCertificate (SelfSignedCertificate.java:generateCertificate(157)) - Certificate 2046157 is issued by CN=localhost,OU=test,O=cluster to CN=localhost,OU=test,O=cluster, valid from Thu Sep 14 11:50:21 UTC 2023 to Thu Sep 14 11:50:41 UTC 2023
2023-09-14 11:50:21,962 [Time-limited test] INFO  utils.CertificateCodec (CertificateCodec.java:writeCertificate(299)) - Save certificate to /tmp/junit8080843056003454670/junit1878306193966137024/om-meta/om/certs/certificate.crt
2023-09-14 11:50:21,962 [Time-limited test] INFO  utils.CertificateCodec (CertificateCodec.java:writeCertificate(300)) - Certificate -----BEGIN CERTIFICATE-----
MIIC5TCCAc2gAwIBAgIDHzjNMA0GCSqGSIb3DQEBCwUAMDUxEjAQBgNVBAMMCWxv
Y2FsaG9zdDENMAsGA1UECwwEdGVzdDEQMA4GA1UECgwHY2x1c3RlcjAeFw0yMzA5
MTQxMTUwMjFaFw0yMzA5MTQxMTUwNDFaMDUxEjAQBgNVBAMMCWxvY2FsaG9zdDEN
MAsGA1UECwwEdGVzdDEQMA4GA1UECgwHY2x1c3RlcjCCASIwDQYJKoZIhvcNAQEB
BQADggEPADCCAQoCggEBAK2nBkj5aeaK6Z347/8kpegNEPpSsgeDTjP58NvnLvM6
iPAymnC1t0O37zHDJy3IItm9tzBzytB+6edb4/Y9In6BvsdPAznhvZ1/FhQlXUwj
WYs9wYimCpVTKQe+sE5pPdGVWAfhByj3yJUVSoyEfrJaZ07+NyJGQMW7NqU2afl1
xXeJBP7A+Jkve1MqLkf93xJF2ABvBKJV6Q471hiE6MAkP29jch4mOTuUCLThbwJr
aOl/qpr4o4+faPlXV4eDk9c3GXQoaN88i6zETI0sJmQr2fcGtbrnTnzt0O4tx3/u
uziTm0LsOYoH8eIB8NSNLkc13QWCCxAvLshPZC8oWPcCAwEAATANBgkqhkiG9w0B
AQsFAAOCAQEAB29Ft6crxKlFDJGgRvde7xkUfG9qoc8gT9SwNNtGwPmZRkoNxJLN
MSS2Emp4y5ACT9RxgG88/u2nr45dUHKjjqlnG14l4jU6sblJKUMjTRiibSrFsmXe
IaJcAzpcUJT6Ooc4f6Ur7mKio0+cFhOtDTcRerDazzwScdyL0iULvJKKjk36mL1S
347ODKt3GNqHR1Wnq5mGr4USrQARMOxdrY0BnO4GoJ0cU9HQnTZBckj64NCXs/+H
j5l8BMpnmz8vY7nCD9IFp6SUt7avbWl6ZgXVqBTi9kzAzcjyfc60hzfSMYLCf/Yx
4FwSAS4R7oLLxq8ccgfFBkL+3Y2nridAwg==
-----END CERTIFICATE-----

2023-09-14 11:50:21,983 [Time-limited test] INFO  utils.SelfSignedCertificate (SelfSignedCertificate.java:generateCertificate(157)) - Certificate 2046180 is issued by CN=localhost,OU=test,O=cluster to CN=localhost,OU=test,O=cluster, valid from Thu Sep 14 11:50:31 UTC 2023 to Thu Sep 14 11:50:51 UTC 2023
2023-09-14 11:50:21,984 [Time-limited test] INFO  security.OMCertificateClient (DefaultCertificateClient.java:updateCertSerialId(1244)) - Certificate serial ID set to 2046157
2023-09-14 11:50:21,985 [Time-limited test] INFO  security.OMCertificateClient (DefaultCertificateClient.java:readCertificateFile(237)) - Added certificate   [0]         Version: 3
         SerialNumber: 2046157
             IssuerDN: CN=localhost,OU=test,O=cluster
           Start Date: Thu Sep 14 11:50:21 UTC 2023
           Final Date: Thu Sep 14 11:50:41 UTC 2023
            SubjectDN: CN=localhost,OU=test,O=cluster
           Public Key: RSA Public Key [46:c2:75:4f:d9:83:09:ae:84:9f:2c:5e:ad:fd:5b:76:5b:f3:50:db],[56:66:d1:a4]
        modulus: ada70648f969e68ae99df8efff24a5e80d10fa52b207834e33f9f0dbe72ef33a88f0329a70b5b743b7ef31c3272dc822d9bdb73073cad07ee9e75be3f63d227e81bec74f0339e1bd9d7f1614255d4c23598b3dc188a60a95532907beb04e693dd1955807e10728f7c895154a8c847eb25a674efe37224640c5bb36a53669f975c5778904fec0f8992f7b532a2e47fddf1245d8006f04a255e90e3bd61884e8c0243f6f63721e26393b9408b4e16f026b68e97faa9af8a38f9f68f95757878393d73719742868df3c8bacc44c8d2c26642bd9f706b5bae74e7cedd0ee2dc77feebb38939b42ec398a07f1e201f0d48d2e4735dd05820b102f2ec84f642f2858f7
public exponent: 10001

  Signature Algorithm: SHA256WITHRSA
            Signature: 076f45b7a72bc4a9450c91a046f75eef19147c6f
                       6aa1cf204fd4b034db46c0f999464a0dc492cd31
                       24b6126a78cb90024fd471806f3cfeeda7af8e5d
                       5072a38ea9671b5e25e2353ab1b9492943234d18
                       a26d2ac5b265de21a25c033a5c5094fa3a87387f
                       a52bee62a2a34f9c1613ad0d37117ab0dacf3c12
                       71dc8bd2250bbc928a8e4dfa98bd52df8ece0cab
                       7718da874755a7ab9986af8512ad001130ec5dad
                       8d019cee06a09d1c53d1d09d36417248fae0d097
                       b3ff878f997c04ca679b3f2f63b9c20fd205a7a4
                       94b7b6af6d697a6605d5a814e2f64cc0cdc8f27d
                       ceb48737d23182c27ff631e05c12012e11ee82cb
                       c6af1c7207c50642fedd8da7ae2740c2
 from file: /tmp/junit8080843056003454670/junit1878306193966137024/om-meta/om/certs/certificate.crt.
2023-09-14 11:50:21,987 [Time-limited test] INFO  security.OMCertificateClient (DefaultCertificateClient.java:startCertificateRenewerService(1349)) - CertificateRenewerService for om is started with first delay 9015 ms and interval 3333 ms.
2023-09-14 11:50:21,988 [Time-limited test] INFO  security.OMCertificateClient (DefaultCertificateClient.java:init(715)) - Certificate client init case: 7
2023-09-14 11:50:21,988 [Time-limited test] INFO  security.OMCertificateClient (CommonCertificateClient.java:handleCase(110)) - Found certificate file along with KeyPair.
2023-09-14 11:50:21,991 [Time-limited test] INFO  security.OMCertificateClient (DefaultCertificateClient.java:validateKeyPairAndCertificate(794)) - Keypair validated.
2023-09-14 11:50:21,995 [Time-limited test] INFO  security.OMCertificateClient (DefaultCertificateClient.java:validateKeyPairAndCertificate(797)) - Keypair validated with certificate.
2023-09-14 11:50:31,002 [om-CertificateRenewerService] INFO  security.OMCertificateClient (DefaultCertificateClient.java:run(1388)) - Current certificate 2046157 needs to be renewed remaining grace period PT0S. Forced renewal due to root ca rotation: false.
2023-09-14 11:50:31,492 [om-CertificateRenewerService] INFO  ozone.OzoneSecurityUtil (OzoneSecurityUtil.java:getValidInetsForCurrentHost(119)) - ip:fe80:0:0:0:20d:3aff:fe15:5b9%eth0 not returned.
2023-09-14 11:50:31,492 [om-CertificateRenewerService] INFO  ozone.OzoneSecurityUtil (OzoneSecurityUtil.java:getValidInetsForCurrentHost(116)) - Adding ip:10.1.136.0,host:fv-az240-193.bcold04rutgefduts2gkrghvsa.bx.internal.cloudapp.net
2023-09-14 11:50:31,492 [om-CertificateRenewerService] INFO  ozone.OzoneSecurityUtil (OzoneSecurityUtil.java:getValidInetsForCurrentHost(119)) - ip:0:0:0:0:0:0:0:1%lo not returned.
2023-09-14 11:50:31,492 [om-CertificateRenewerService] INFO  ozone.OzoneSecurityUtil (OzoneSecurityUtil.java:getValidInetsForCurrentHost(119)) - ip:127.0.0.1 not returned.
2023-09-14 11:50:31,492 [om-CertificateRenewerService] INFO  security.OMCertificateClient (OMCertificateClient.java:getCSRBuilder(114)) - Creating csr for OM->dns:fv-az240-193.bcold04rutgefduts2gkrghvsa.bx.internal.cloudapp.net,ip:10.1.136.0,scmId:cad89cac-b9b1-4afa-abd8-22e81f25a9b6,clusterId:a9103b20-3ee3-4b27-9152-a0aecd091c6f,subject:scm@fv-az240-193.bcold04rutgefduts2gkrghvsa.bx.internal.cloudapp.net
2023-09-14 11:50:31,496 [om-CertificateRenewerService] ERROR security.OMCertificateClient (DefaultCertificateClient.java:signAndStoreCertificate(1284)) - Error while signing and storing SCM signed certificate.
org.apache.hadoop.hdds.security.x509.exception.CertificateException: Unable to retrieve certificate chain.
	at org.apache.hadoop.hdds.security.x509.certificate.client.DefaultCertificateClient.signAndStoreCertificate(DefaultCertificateClient.java:1280)
	at org.apache.hadoop.hdds.security.x509.certificate.client.DefaultCertificateClient.renewAndStoreKeyAndCertificate(DefaultCertificateClient.java:1083)
	at org.apache.hadoop.hdds.security.x509.certificate.client.DefaultCertificateClient$CertificateRenewerService.run(DefaultCertificateClient.java:1393)
	at java.util.concurrent.Executors$RunnableAdapter.call(Executors.java:511)
	at java.util.concurrent.FutureTask.runAndReset(FutureTask.java:308)
	at java.util.concurrent.ScheduledThreadPoolExecutor$ScheduledFutureTask.access$301(ScheduledThreadPoolExecutor.java:180)
	at java.util.concurrent.ScheduledThreadPoolExecutor$ScheduledFutureTask.run(ScheduledThreadPoolExecutor.java:294)
	at java.util.concurrent.ThreadPoolExecutor.runWorker(ThreadPoolExecutor.java:1149)
	at java.util.concurrent.ThreadPoolExecutor$Worker.run(ThreadPoolExecutor.java:624)
	at java.lang.Thread.run(Thread.java:750)
2023-09-14 11:50:31,504 [om-CertificateRenewerService] ERROR security.OMCertificateClient (DefaultCertificateClient.java:run(1404)) - Failed to renew and store key and cert. Keep using existing certificates.
org.apache.hadoop.hdds.security.x509.exception.CertificateException: Error while signing and storing new certificates.
	at org.apache.hadoop.hdds.security.x509.certificate.client.DefaultCertificateClient.renewAndStoreKeyAndCertificate(DefaultCertificateClient.java:1086)
	at org.apache.hadoop.hdds.security.x509.certificate.client.DefaultCertificateClient$CertificateRenewerService.run(DefaultCertificateClient.java:1393)
	at java.util.concurrent.Executors$RunnableAdapter.call(Executors.java:511)
	at java.util.concurrent.FutureTask.runAndReset(FutureTask.java:308)
	at java.util.concurrent.ScheduledThreadPoolExecutor$ScheduledFutureTask.access$301(ScheduledThreadPoolExecutor.java:180)
	at java.util.concurrent.ScheduledThreadPoolExecutor$ScheduledFutureTask.run(ScheduledThreadPoolExecutor.java:294)
	at java.util.concurrent.ThreadPoolExecutor.runWorker(ThreadPoolExecutor.java:1149)
	at java.util.concurrent.ThreadPoolExecutor$Worker.run(ThreadPoolExecutor.java:624)
	at java.lang.Thread.run(Thread.java:750)
Caused by: org.apache.hadoop.hdds.security.x509.exception.CertificateException: Error while signing and storing SCM signed certificate.
	at org.apache.hadoop.hdds.security.x509.certificate.client.DefaultCertificateClient.signAndStoreCertificate(DefaultCertificateClient.java:1286)
	at org.apache.hadoop.hdds.security.x509.certificate.client.DefaultCertificateClient.renewAndStoreKeyAndCertificate(DefaultCertificateClient.java:1083)
	... 8 more
Caused by: org.apache.hadoop.hdds.security.x509.exception.CertificateException: Unable to retrieve certificate chain.
	at org.apache.hadoop.hdds.security.x509.certificate.client.DefaultCertificateClient.signAndStoreCertificate(DefaultCertificateClient.java:1280)
	... 9 more
2023-09-14 11:50:34,335 [om-CertificateRenewerService] INFO  security.OMCertificateClient (DefaultCertificateClient.java:run(1388)) - Current certificate 2046157 needs to be renewed remaining grace period PT0S. Forced renewal due to root ca rotation: false.
2023-09-14 11:50:34,454 [om-CertificateRenewerService] INFO  ozone.OzoneSecurityUtil (OzoneSecurityUtil.java:getValidInetsForCurrentHost(119)) - ip:fe80:0:0:0:20d:3aff:fe15:5b9%eth0 not returned.
2023-09-14 11:50:34,455 [om-CertificateRenewerService] INFO  ozone.OzoneSecurityUtil (OzoneSecurityUtil.java:getValidInetsForCurrentHost(116)) - Adding ip:10.1.136.0,host:fv-az240-193.bcold04rutgefduts2gkrghvsa.bx.internal.cloudapp.net
2023-09-14 11:50:34,455 [om-CertificateRenewerService] INFO  ozone.OzoneSecurityUtil (OzoneSecurityUtil.java:getValidInetsForCurrentHost(119)) - ip:0:0:0:0:0:0:0:1%lo not returned.
2023-09-14 11:50:34,455 [om-CertificateRenewerService] INFO  ozone.OzoneSecurityUtil (OzoneSecurityUtil.java:getValidInetsForCurrentHost(119)) - ip:127.0.0.1 not returned.
2023-09-14 11:50:34,455 [om-CertificateRenewerService] INFO  security.OMCertificateClient (OMCertificateClient.java:getCSRBuilder(114)) - Creating csr for OM->dns:fv-az240-193.bcold04rutgefduts2gkrghvsa.bx.internal.cloudapp.net,ip:10.1.136.0,scmId:cad89cac-b9b1-4afa-abd8-22e81f25a9b6,clusterId:a9103b20-3ee3-4b27-9152-a0aecd091c6f,subject:scm@fv-az240-193.bcold04rutgefduts2gkrghvsa.bx.internal.cloudapp.net
2023-09-14 11:50:34,457 [om-CertificateRenewerService] ERROR security.OMCertificateClient (DefaultCertificateClient.java:signAndStoreCertificate(1284)) - Error while signing and storing SCM signed certificate.
org.apache.hadoop.hdds.security.x509.exception.CertificateException: Unable to retrieve certificate chain.
	at org.apache.hadoop.hdds.security.x509.certificate.client.DefaultCertificateClient.signAndStoreCertificate(DefaultCertificateClient.java:1280)
	at org.apache.hadoop.hdds.security.x509.certificate.client.DefaultCertificateClient.renewAndStoreKeyAndCertificate(DefaultCertificateClient.java:1083)
	at org.apache.hadoop.hdds.security.x509.certificate.client.DefaultCertificateClient$CertificateRenewerService.run(DefaultCertificateClient.java:1393)
	at java.util.concurrent.Executors$RunnableAdapter.call(Executors.java:511)
	at java.util.concurrent.FutureTask.runAndReset(FutureTask.java:308)
	at java.util.concurrent.ScheduledThreadPoolExecutor$ScheduledFutureTask.access$301(ScheduledThreadPoolExecutor.java:180)
	at java.util.concurrent.ScheduledThreadPoolExecutor$ScheduledFutureTask.run(ScheduledThreadPoolExecutor.java:294)
	at java.util.concurrent.ThreadPoolExecutor.runWorker(ThreadPoolExecutor.java:1149)
	at java.util.concurrent.ThreadPoolExecutor$Worker.run(ThreadPoolExecutor.java:624)
	at java.lang.Thread.run(Thread.java:750)
2023-09-14 11:50:34,457 [om-CertificateRenewerService] ERROR security.OMCertificateClient (DefaultCertificateClient.java:run(1404)) - Failed to renew and store key and cert. Keep using existing certificates.
org.apache.hadoop.hdds.security.x509.exception.CertificateException: Error while signing and storing new certificates.
	at org.apache.hadoop.hdds.security.x509.certificate.client.DefaultCertificateClient.renewAndStoreKeyAndCertificate(DefaultCertificateClient.java:1086)
	at org.apache.hadoop.hdds.security.x509.certificate.client.DefaultCertificateClient$CertificateRenewerService.run(DefaultCertificateClient.java:1393)
	at java.util.concurrent.Executors$RunnableAdapter.call(Executors.java:511)
	at java.util.concurrent.FutureTask.runAndReset(FutureTask.java:308)
	at java.util.concurrent.ScheduledThreadPoolExecutor$ScheduledFutureTask.access$301(ScheduledThreadPoolExecutor.java:180)
	at java.util.concurrent.ScheduledThreadPoolExecutor$ScheduledFutureTask.run(ScheduledThreadPoolExecutor.java:294)
	at java.util.concurrent.ThreadPoolExecutor.runWorker(ThreadPoolExecutor.java:1149)
	at java.util.concurrent.ThreadPoolExecutor$Worker.run(ThreadPoolExecutor.java:624)
	at java.lang.Thread.run(Thread.java:750)
Caused by: org.apache.hadoop.hdds.security.x509.exception.CertificateException: Error while signing and storing SCM signed certificate.
	at org.apache.hadoop.hdds.security.x509.certificate.client.DefaultCertificateClient.signAndStoreCertificate(DefaultCertificateClient.java:1286)
	at org.apache.hadoop.hdds.security.x509.certificate.client.DefaultCertificateClient.renewAndStoreKeyAndCertificate(DefaultCertificateClient.java:1083)
	... 8 more
Caused by: org.apache.hadoop.hdds.security.x509.exception.CertificateException: Unable to retrieve certificate chain.
	at org.apache.hadoop.hdds.security.x509.certificate.client.DefaultCertificateClient.signAndStoreCertificate(DefaultCertificateClient.java:1280)
	... 9 more
2023-09-14 11:50:37,668 [om-CertificateRenewerService] INFO  security.OMCertificateClient (DefaultCertificateClient.java:run(1388)) - Current certificate 2046157 needs to be renewed remaining grace period PT0S. Forced renewal due to root ca rotation: false.
2023-09-14 11:50:37,749 [om-CertificateRenewerService] INFO  ozone.OzoneSecurityUtil (OzoneSecurityUtil.java:getValidInetsForCurrentHost(119)) - ip:fe80:0:0:0:20d:3aff:fe15:5b9%eth0 not returned.
2023-09-14 11:50:37,749 [om-CertificateRenewerService] INFO  ozone.OzoneSecurityUtil (OzoneSecurityUtil.java:getValidInetsForCurrentHost(116)) - Adding ip:10.1.136.0,host:fv-az240-193.bcold04rutgefduts2gkrghvsa.bx.internal.cloudapp.net
2023-09-14 11:50:37,749 [om-CertificateRenewerService] INFO  ozone.OzoneSecurityUtil (OzoneSecurityUtil.java:getValidInetsForCurrentHost(119)) - ip:0:0:0:0:0:0:0:1%lo not returned.
2023-09-14 11:50:37,749 [om-CertificateRenewerService] INFO  ozone.OzoneSecurityUtil (OzoneSecurityUtil.java:getValidInetsForCurrentHost(119)) - ip:127.0.0.1 not returned.
2023-09-14 11:50:37,749 [om-CertificateRenewerService] INFO  security.OMCertificateClient (OMCertificateClient.java:getCSRBuilder(114)) - Creating csr for OM->dns:fv-az240-193.bcold04rutgefduts2gkrghvsa.bx.internal.cloudapp.net,ip:10.1.136.0,scmId:cad89cac-b9b1-4afa-abd8-22e81f25a9b6,clusterId:a9103b20-3ee3-4b27-9152-a0aecd091c6f,subject:scm@fv-az240-193.bcold04rutgefduts2gkrghvsa.bx.internal.cloudapp.net
2023-09-14 11:50:37,751 [om-CertificateRenewerService] ERROR security.OMCertificateClient (DefaultCertificateClient.java:signAndStoreCertificate(1284)) - Error while signing and storing SCM signed certificate.
org.apache.hadoop.hdds.security.x509.exception.CertificateException: Unable to retrieve certificate chain.
	at org.apache.hadoop.hdds.security.x509.certificate.client.DefaultCertificateClient.signAndStoreCertificate(DefaultCertificateClient.java:1280)
	at org.apache.hadoop.hdds.security.x509.certificate.client.DefaultCertificateClient.renewAndStoreKeyAndCertificate(DefaultCertificateClient.java:1083)
	at org.apache.hadoop.hdds.security.x509.certificate.client.DefaultCertificateClient$CertificateRenewerService.run(DefaultCertificateClient.java:1393)
	at java.util.concurrent.Executors$RunnableAdapter.call(Executors.java:511)
	at java.util.concurrent.FutureTask.runAndReset(FutureTask.java:308)
	at java.util.concurrent.ScheduledThreadPoolExecutor$ScheduledFutureTask.access$301(ScheduledThreadPoolExecutor.java:180)
	at java.util.concurrent.ScheduledThreadPoolExecutor$ScheduledFutureTask.run(ScheduledThreadPoolExecutor.java:294)
	at java.util.concurrent.ThreadPoolExecutor.runWorker(ThreadPoolExecutor.java:1149)
	at java.util.concurrent.ThreadPoolExecutor$Worker.run(ThreadPoolExecutor.java:624)
	at java.lang.Thread.run(Thread.java:750)
2023-09-14 11:50:37,752 [om-CertificateRenewerService] ERROR security.OMCertificateClient (DefaultCertificateClient.java:run(1404)) - Failed to renew and store key and cert. Keep using existing certificates.
org.apache.hadoop.hdds.security.x509.exception.CertificateException: Error while signing and storing new certificates.
	at org.apache.hadoop.hdds.security.x509.certificate.client.DefaultCertificateClient.renewAndStoreKeyAndCertificate(DefaultCertificateClient.java:1086)
	at org.apache.hadoop.hdds.security.x509.certificate.client.DefaultCertificateClient$CertificateRenewerService.run(DefaultCertificateClient.java:1393)
	at java.util.concurrent.Executors$RunnableAdapter.call(Executors.java:511)
	at java.util.concurrent.FutureTask.runAndReset(FutureTask.java:308)
	at java.util.concurrent.ScheduledThreadPoolExecutor$ScheduledFutureTask.access$301(ScheduledThreadPoolExecutor.java:180)
	at java.util.concurrent.ScheduledThreadPoolExecutor$ScheduledFutureTask.run(ScheduledThreadPoolExecutor.java:294)
	at java.util.concurrent.ThreadPoolExecutor.runWorker(ThreadPoolExecutor.java:1149)
	at java.util.concurrent.ThreadPoolExecutor$Worker.run(ThreadPoolExecutor.java:624)
	at java.lang.Thread.run(Thread.java:750)
Caused by: org.apache.hadoop.hdds.security.x509.exception.CertificateException: Error while signing and storing SCM signed certificate.
	at org.apache.hadoop.hdds.security.x509.certificate.client.DefaultCertificateClient.signAndStoreCertificate(DefaultCertificateClient.java:1286)
	at org.apache.hadoop.hdds.security.x509.certificate.client.DefaultCertificateClient.renewAndStoreKeyAndCertificate(DefaultCertificateClient.java:1083)
	... 8 more
Caused by: org.apache.hadoop.hdds.security.x509.exception.CertificateException: Unable to retrieve certificate chain.
	at org.apache.hadoop.hdds.security.x509.certificate.client.DefaultCertificateClient.signAndStoreCertificate(DefaultCertificateClient.java:1280)
	... 9 more
2023-09-14 11:50:41,001 [om-CertificateRenewerService] INFO  security.OMCertificateClient (DefaultCertificateClient.java:run(1388)) - Current certificate 2046157 needs to be renewed remaining grace period PT0S. Forced renewal due to root ca rotation: false.
2023-09-14 11:50:41,321 [om-CertificateRenewerService] INFO  ozone.OzoneSecurityUtil (OzoneSecurityUtil.java:getValidInetsForCurrentHost(119)) - ip:fe80:0:0:0:20d:3aff:fe15:5b9%eth0 not returned.
2023-09-14 11:50:41,321 [om-CertificateRenewerService] INFO  ozone.OzoneSecurityUtil (OzoneSecurityUtil.java:getValidInetsForCurrentHost(116)) - Adding ip:10.1.136.0,host:fv-az240-193.bcold04rutgefduts2gkrghvsa.bx.internal.cloudapp.net
2023-09-14 11:50:41,321 [om-CertificateRenewerService] INFO  ozone.OzoneSecurityUtil (OzoneSecurityUtil.java:getValidInetsForCurrentHost(119)) - ip:0:0:0:0:0:0:0:1%lo not returned.
2023-09-14 11:50:41,321 [om-CertificateRenewerService] INFO  ozone.OzoneSecurityUtil (OzoneSecurityUtil.java:getValidInetsForCurrentHost(119)) - ip:127.0.0.1 not returned.
2023-09-14 11:50:41,321 [om-CertificateRenewerService] INFO  security.OMCertificateClient (OMCertificateClient.java:getCSRBuilder(114)) - Creating csr for OM->dns:fv-az240-193.bcold04rutgefduts2gkrghvsa.bx.internal.cloudapp.net,ip:10.1.136.0,scmId:cad89cac-b9b1-4afa-abd8-22e81f25a9b6,clusterId:a9103b20-3ee3-4b27-9152-a0aecd091c6f,subject:scm@fv-az240-193.bcold04rutgefduts2gkrghvsa.bx.internal.cloudapp.net
2023-09-14 11:50:41,324 [om-CertificateRenewerService] ERROR security.OMCertificateClient (DefaultCertificateClient.java:signAndStoreCertificate(1284)) - Error while signing and storing SCM signed certificate.
org.apache.hadoop.hdds.security.x509.exception.CertificateException: Unable to retrieve certificate chain.
	at org.apache.hadoop.hdds.security.x509.certificate.client.DefaultCertificateClient.signAndStoreCertificate(DefaultCertificateClient.java:1280)
	at org.apache.hadoop.hdds.security.x509.certificate.client.DefaultCertificateClient.renewAndStoreKeyAndCertificate(DefaultCertificateClient.java:1083)
	at org.apache.hadoop.hdds.security.x509.certificate.client.DefaultCertificateClient$CertificateRenewerService.run(DefaultCertificateClient.java:1393)
	at java.util.concurrent.Executors$RunnableAdapter.call(Executors.java:511)
	at java.util.concurrent.FutureTask.runAndReset(FutureTask.java:308)
	at java.util.concurrent.ScheduledThreadPoolExecutor$ScheduledFutureTask.access$301(ScheduledThreadPoolExecutor.java:180)
	at java.util.concurrent.ScheduledThreadPoolExecutor$ScheduledFutureTask.run(ScheduledThreadPoolExecutor.java:294)
	at java.util.concurrent.ThreadPoolExecutor.runWorker(ThreadPoolExecutor.java:1149)
	at java.util.concurrent.ThreadPoolExecutor$Worker.run(ThreadPoolExecutor.java:624)
	at java.lang.Thread.run(Thread.java:750)
2023-09-14 11:50:41,324 [om-CertificateRenewerService] ERROR security.OMCertificateClient (DefaultCertificateClient.java:run(1404)) - Failed to renew and store key and cert. Keep using existing certificates.
org.apache.hadoop.hdds.security.x509.exception.CertificateException: Error while signing and storing new certificates.
	at org.apache.hadoop.hdds.security.x509.certificate.client.DefaultCertificateClient.renewAndStoreKeyAndCertificate(DefaultCertificateClient.java:1086)
	at org.apache.hadoop.hdds.security.x509.certificate.client.DefaultCertificateClient$CertificateRenewerService.run(DefaultCertificateClient.java:1393)
	at java.util.concurrent.Executors$RunnableAdapter.call(Executors.java:511)
	at java.util.concurrent.FutureTask.runAndReset(FutureTask.java:308)
	at java.util.concurrent.ScheduledThreadPoolExecutor$ScheduledFutureTask.access$301(ScheduledThreadPoolExecutor.java:180)
	at java.util.concurrent.ScheduledThreadPoolExecutor$ScheduledFutureTask.run(ScheduledThreadPoolExecutor.java:294)
	at java.util.concurrent.ThreadPoolExecutor.runWorker(ThreadPoolExecutor.java:1149)
	at java.util.concurrent.ThreadPoolExecutor$Worker.run(ThreadPoolExecutor.java:624)
	at java.lang.Thread.run(Thread.java:750)
Caused by: org.apache.hadoop.hdds.security.x509.exception.CertificateException: Error while signing and storing SCM signed certificate.
	at org.apache.hadoop.hdds.security.x509.certificate.client.DefaultCertificateClient.signAndStoreCertificate(DefaultCertificateClient.java:1286)
	at org.apache.hadoop.hdds.security.x509.certificate.client.DefaultCertificateClient.renewAndStoreKeyAndCertificate(DefaultCertificateClient.java:1083)
	... 8 more
Caused by: org.apache.hadoop.hdds.security.x509.exception.CertificateException: Unable to retrieve certificate chain.
	at org.apache.hadoop.hdds.security.x509.certificate.client.DefaultCertificateClient.signAndStoreCertificate(DefaultCertificateClient.java:1280)
	... 9 more
2023-09-14 11:50:42,011 [Time-limited test] INFO  utils.SelfSignedCertificate (SelfSignedCertificate.java:generateCertificate(157)) - Certificate 2066209 is issued by CN=localhost,OU=test,O=cluster to CN=localhost,OU=test,O=cluster, valid from Thu Sep 14 11:50:42 UTC 2023 to Thu Sep 14 11:51:02 UTC 2023
2023-09-14 11:50:44,334 [om-CertificateRenewerService] INFO  security.OMCertificateClient (DefaultCertificateClient.java:run(1388)) - Current certificate 2046157 needs to be renewed remaining grace period PT0S. Forced renewal due to root ca rotation: false.
2023-09-14 11:50:44,385 [om-CertificateRenewerService] INFO  ozone.OzoneSecurityUtil (OzoneSecurityUtil.java:getValidInetsForCurrentHost(119)) - ip:fe80:0:0:0:20d:3aff:fe15:5b9%eth0 not returned.
2023-09-14 11:50:44,386 [om-CertificateRenewerService] INFO  ozone.OzoneSecurityUtil (OzoneSecurityUtil.java:getValidInetsForCurrentHost(116)) - Adding ip:10.1.136.0,host:fv-az240-193.bcold04rutgefduts2gkrghvsa.bx.internal.cloudapp.net
2023-09-14 11:50:44,386 [om-CertificateRenewerService] INFO  ozone.OzoneSecurityUtil (OzoneSecurityUtil.java:getValidInetsForCurrentHost(119)) - ip:0:0:0:0:0:0:0:1%lo not returned.
2023-09-14 11:50:44,386 [om-CertificateRenewerService] INFO  ozone.OzoneSecurityUtil (OzoneSecurityUtil.java:getValidInetsForCurrentHost(119)) - ip:127.0.0.1 not returned.
2023-09-14 11:50:44,386 [om-CertificateRenewerService] INFO  security.OMCertificateClient (OMCertificateClient.java:getCSRBuilder(114)) - Creating csr for OM->dns:fv-az240-193.bcold04rutgefduts2gkrghvsa.bx.internal.cloudapp.net,ip:10.1.136.0,scmId:cad89cac-b9b1-4afa-abd8-22e81f25a9b6,clusterId:a9103b20-3ee3-4b27-9152-a0aecd091c6f,subject:scm@fv-az240-193.bcold04rutgefduts2gkrghvsa.bx.internal.cloudapp.net
2023-09-14 11:50:44,389 [om-CertificateRenewerService] INFO  utils.CertificateCodec (CertificateCodec.java:writeCertificate(299)) - Save certificate to /tmp/junit8080843056003454670/junit1878306193966137024/om-meta/om/certs-next/2066209.crt
2023-09-14 11:50:44,389 [om-CertificateRenewerService] INFO  utils.CertificateCodec (CertificateCodec.java:writeCertificate(300)) - Certificate -----BEGIN CERTIFICATE-----
MIIB4DCCAUmgAwIBAgIDH4chMA0GCSqGSIb3DQEBCwUAMDUxEjAQBgNVBAMMCWxv
Y2FsaG9zdDENMAsGA1UECwwEdGVzdDEQMA4GA1UECgwHY2x1c3RlcjAeFw0yMzA5
MTQxMTUwNDJaFw0yMzA5MTQxMTUxMDJaMDUxEjAQBgNVBAMMCWxvY2FsaG9zdDEN
MAsGA1UECwwEdGVzdDEQMA4GA1UECgwHY2x1c3RlcjCBnzANBgkqhkiG9w0BAQEF
AAOBjQAwgYkCgYEAqUrTj1YAdj5IHgu309j24vYspwEVO2bxdrJ8Jh79P6ocbvUb
dhANA5PjLLiWd8z482ofCQDK0UOOwthL9BUPc4XBwHPX5Oeiv6fFUS3ZJvxhXJAQ
ePiHhNxp6BF/0PoCf6bzMrREJBtCsCaa0wSwLGf3Mx6UJKFEuU+8TiPxJO8CAwEA
ATANBgkqhkiG9w0BAQsFAAOBgQCgoQGlcCm5QFIcNadytGt2Wauo8sP31vb1N48O
o/OQ0Xitblk98Yy4wscVAQ95LYMhZV3YlxGU9otcZSiw2lEAzB8NFdER8bi8exLb
qMtiKIS+SQ/7Z9UoBOKS9xMV9tjIz8GfokF6Hong79pewIrGVrtrmjD6erInsGwb
Fotg3Q==
-----END CERTIFICATE-----

2023-09-14 11:50:44,389 [om-CertificateRenewerService] INFO  utils.CertificateCodec (CertificateCodec.java:writeCertificate(299)) - Save certificate to /tmp/junit8080843056003454670/junit1878306193966137024/om-meta/om/certs-next/CA-2066209.crt
2023-09-14 11:50:44,389 [om-CertificateRenewerService] INFO  utils.CertificateCodec (CertificateCodec.java:writeCertificate(300)) - Certificate -----BEGIN CERTIFICATE-----
MIIB4DCCAUmgAwIBAgIDH4chMA0GCSqGSIb3DQEBCwUAMDUxEjAQBgNVBAMMCWxv
Y2FsaG9zdDENMAsGA1UECwwEdGVzdDEQMA4GA1UECgwHY2x1c3RlcjAeFw0yMzA5
MTQxMTUwNDJaFw0yMzA5MTQxMTUxMDJaMDUxEjAQBgNVBAMMCWxvY2FsaG9zdDEN
MAsGA1UECwwEdGVzdDEQMA4GA1UECgwHY2x1c3RlcjCBnzANBgkqhkiG9w0BAQEF
AAOBjQAwgYkCgYEAqUrTj1YAdj5IHgu309j24vYspwEVO2bxdrJ8Jh79P6ocbvUb
dhANA5PjLLiWd8z482ofCQDK0UOOwthL9BUPc4XBwHPX5Oeiv6fFUS3ZJvxhXJAQ
ePiHhNxp6BF/0PoCf6bzMrREJBtCsCaa0wSwLGf3Mx6UJKFEuU+8TiPxJO8CAwEA
ATANBgkqhkiG9w0BAQsFAAOBgQCgoQGlcCm5QFIcNadytGt2Wauo8sP31vb1N48O
o/OQ0Xitblk98Yy4wscVAQ95LYMhZV3YlxGU9otcZSiw2lEAzB8NFdER8bi8exLb
qMtiKIS+SQ/7Z9UoBOKS9xMV9tjIz8GfokF6Hong79pewIrGVrtrmjD6erInsGwb
Fotg3Q==
-----END CERTIFICATE-----

2023-09-14 11:50:44,389 [om-CertificateRenewerService] INFO  security.OMCertificateClient (DefaultCertificateClient.java:updateCertSerialId(1244)) - Certificate serial ID set to 2066209
2023-09-14 11:50:44,390 [om-CertificateRenewerService] INFO  security.OMCertificateClient (DefaultCertificateClient.java:readCertificateFile(237)) - Added certificate   [0]         Version: 3
         SerialNumber: 2046157
             IssuerDN: CN=localhost,OU=test,O=cluster
           Start Date: Thu Sep 14 11:50:21 UTC 2023
           Final Date: Thu Sep 14 11:50:41 UTC 2023
            SubjectDN: CN=localhost,OU=test,O=cluster
           Public Key: RSA Public Key [46:c2:75:4f:d9:83:09:ae:84:9f:2c:5e:ad:fd:5b:76:5b:f3:50:db],[56:66:d1:a4]
        modulus: ada70648f969e68ae99df8efff24a5e80d10fa52b207834e33f9f0dbe72ef33a88f0329a70b5b743b7ef31c3272dc822d9bdb73073cad07ee9e75be3f63d227e81bec74f0339e1bd9d7f1614255d4c23598b3dc188a60a95532907beb04e693dd1955807e10728f7c895154a8c847eb25a674efe37224640c5bb36a53669f975c5778904fec0f8992f7b532a2e47fddf1245d8006f04a255e90e3bd61884e8c0243f6f63721e26393b9408b4e16f026b68e97faa9af8a38f9f68f95757878393d73719742868df3c8bacc44c8d2c26642bd9f706b5bae74e7cedd0ee2dc77feebb38939b42ec398a07f1e201f0d48d2e4735dd05820b102f2ec84f642f2858f7
public exponent: 10001

  Signature Algorithm: SHA256WITHRSA
            Signature: 076f45b7a72bc4a9450c91a046f75eef19147c6f
                       6aa1cf204fd4b034db46c0f999464a0dc492cd31
                       24b6126a78cb90024fd471806f3cfeeda7af8e5d
                       5072a38ea9671b5e25e2353ab1b9492943234d18
                       a26d2ac5b265de21a25c033a5c5094fa3a87387f
                       a52bee62a2a34f9c1613ad0d37117ab0dacf3c12
                       71dc8bd2250bbc928a8e4dfa98bd52df8ece0cab
                       7718da874755a7ab9986af8512ad001130ec5dad
                       8d019cee06a09d1c53d1d09d36417248fae0d097
                       b3ff878f997c04ca679b3f2f63b9c20fd205a7a4
                       94b7b6af6d697a6605d5a814e2f64cc0cdc8f27d
                       ceb48737d23182c27ff631e05c12012e11ee82cb
                       c6af1c7207c50642fedd8da7ae2740c2
 from file: /tmp/junit8080843056003454670/junit1878306193966137024/om-meta/om/certs/certificate.crt.
2023-09-14 11:50:44,391 [om-CertificateRenewerService] INFO  security.OMCertificateClient (DefaultCertificateClient.java:renewAndStoreKeyAndCertificate(1162)) - Successful renew key and certificate. New certificate 2066209.
2023-09-14 11:50:44,391 [om-CertificateRenewerService] INFO  security.OMCertificateClient (DefaultCertificateClient.java:updateCertSerialId(1244)) - Certificate serial ID set to 2066209
2023-09-14 11:50:44,391 [om-CertificateRenewerService] INFO  security.OMCertificateClient (DefaultCertificateClient.java:readCertificateFile(237)) - Added certificate   [0]         Version: 3
         SerialNumber: 2066209
             IssuerDN: CN=localhost,OU=test,O=cluster
           Start Date: Thu Sep 14 11:50:42 UTC 2023
           Final Date: Thu Sep 14 11:51:02 UTC 2023
            SubjectDN: CN=localhost,OU=test,O=cluster
           Public Key: RSA Public Key [38:4f:fd:b5:80:49:3a:a8:3d:63:72:f2:20:6b:da:1d:df:5e:5b:39],[56:66:d1:a4]
        modulus: a94ad38f5600763e481e0bb7d3d8f6e2f62ca701153b66f176b27c261efd3faa1c6ef51b76100d0393e32cb89677ccf8f36a1f0900cad1438ec2d84bf4150f7385c1c073d7e4e7a2bfa7c5512dd926fc615c901078f88784dc69e8117fd0fa027fa6f332b444241b42b0269ad304b02c67f7331e9424a144b94fbc4e23f124ef
public exponent: 10001

  Signature Algorithm: SHA256WITHRSA
            Signature: a0a101a57029b940521c35a772b46b7659aba8f2
                       c3f7d6f6f5378f0ea3f390d178ad6e593df18cb8
                       c2c715010f792d8321655dd8971194f68b5c6528
                       b0da5100cc1f0d15d111f1b8bc7b12dba8cb6228
                       84be490ffb67d52804e292f71315f6d8c8cfc19f
                       a2417a1e89e0efda5ec08ac656bb6b9a30fa7ab2
                       27b06c1b168b60dd
 from file: /tmp/junit8080843056003454670/junit1878306193966137024/om-meta/om/certs/2066209.crt.
2023-09-14 11:50:44,392 [om-CertificateRenewerService] INFO  security.OMCertificateClient (DefaultCertificateClient.java:readCertificateFile(237)) - Added certificate   [0]         Version: 3
         SerialNumber: 2066209
             IssuerDN: CN=localhost,OU=test,O=cluster
           Start Date: Thu Sep 14 11:50:42 UTC 2023
           Final Date: Thu Sep 14 11:51:02 UTC 2023
            SubjectDN: CN=localhost,OU=test,O=cluster
           Public Key: RSA Public Key [38:4f:fd:b5:80:49:3a:a8:3d:63:72:f2:20:6b:da:1d:df:5e:5b:39],[56:66:d1:a4]
        modulus: a94ad38f5600763e481e0bb7d3d8f6e2f62ca701153b66f176b27c261efd3faa1c6ef51b76100d0393e32cb89677ccf8f36a1f0900cad1438ec2d84bf4150f7385c1c073d7e4e7a2bfa7c5512dd926fc615c901078f88784dc69e8117fd0fa027fa6f332b444241b42b0269ad304b02c67f7331e9424a144b94fbc4e23f124ef
public exponent: 10001

  Signature Algorithm: SHA256WITHRSA
            Signature: a0a101a57029b940521c35a772b46b7659aba8f2
                       c3f7d6f6f5378f0ea3f390d178ad6e593df18cb8
                       c2c715010f792d8321655dd8971194f68b5c6528
                       b0da5100cc1f0d15d111f1b8bc7b12dba8cb6228
                       84be490ffb67d52804e292f71315f6d8c8cfc19f
                       a2417a1e89e0efda5ec08ac656bb6b9a30fa7ab2
                       27b06c1b168b60dd
 from file: /tmp/junit8080843056003454670/junit1878306193966137024/om-meta/om/certs/CA-2066209.crt.
2023-09-14 11:50:44,392 [om-CertificateRenewerService] INFO  security.OMCertificateClient (DefaultCertificateClient.java:reloadKeyAndCertificate(1232)) - Reset and reloaded key and all certificates for new certificate 2066209.
2023-09-14 11:50:45,014 [Time-limited test] INFO  impl.DefaultInternalKdcServerImpl (DefaultInternalKdcServerImpl.java:doStop(102)) - Default Internal kdc server stopped.
2023-09-14 11:50:46,015 [Time-limited test] INFO  minikdc.MiniKdc (MiniKdc.java:stop(359)) - MiniKdc stopped.
]]></system-out>
  </testcase>
  <testcase name="testSecureOMInitializationFailure" classname="org.apache.hadoop.ozone.TestSecureOzoneCluster" time="3.738">
    <system-out><![CDATA[2023-09-14 11:50:46,034 [Time-limited test] INFO  net.ServerSocketUtil (ServerSocketUtil.java:getPort(55)) - Using port 9860
2023-09-14 11:50:46,034 [Time-limited test] INFO  net.ServerSocketUtil (ServerSocketUtil.java:getPort(55)) - Using port 9861
2023-09-14 11:50:46,034 [Time-limited test] INFO  net.ServerSocketUtil (ServerSocketUtil.java:getPort(55)) - Using port 9863
2023-09-14 11:50:46,034 [Time-limited test] INFO  net.ServerSocketUtil (ServerSocketUtil.java:getPort(55)) - Using port 9961
2023-09-14 11:50:46,034 [Time-limited test] INFO  net.ServerSocketUtil (ServerSocketUtil.java:getPort(55)) - Using port 1200
2023-09-14 11:50:46,034 [Time-limited test] INFO  net.ServerSocketUtil (ServerSocketUtil.java:getPort(55)) - Using port 1201
2023-09-14 11:50:46,035 [Time-limited test] INFO  minikdc.MiniKdc (MiniKdc.java:<init>(225)) - Configuration:
2023-09-14 11:50:46,035 [Time-limited test] INFO  minikdc.MiniKdc (MiniKdc.java:<init>(226)) - ---------------------------------------------------------------
2023-09-14 11:50:46,035 [Time-limited test] INFO  minikdc.MiniKdc (MiniKdc.java:<init>(228)) -   debug: false
2023-09-14 11:50:46,035 [Time-limited test] INFO  minikdc.MiniKdc (MiniKdc.java:<init>(228)) -   transport: TCP
2023-09-14 11:50:46,035 [Time-limited test] INFO  minikdc.MiniKdc (MiniKdc.java:<init>(228)) -   max.ticket.lifetime: 86400000
2023-09-14 11:50:46,035 [Time-limited test] INFO  minikdc.MiniKdc (MiniKdc.java:<init>(228)) -   org.name: EXAMPLE
2023-09-14 11:50:46,035 [Time-limited test] INFO  minikdc.MiniKdc (MiniKdc.java:<init>(228)) -   kdc.port: 0
2023-09-14 11:50:46,035 [Time-limited test] INFO  minikdc.MiniKdc (MiniKdc.java:<init>(228)) -   org.domain: COM
2023-09-14 11:50:46,035 [Time-limited test] INFO  minikdc.MiniKdc (MiniKdc.java:<init>(228)) -   max.renewable.lifetime: 604800000
2023-09-14 11:50:46,035 [Time-limited test] INFO  minikdc.MiniKdc (MiniKdc.java:<init>(228)) -   instance: DefaultKrbServer
2023-09-14 11:50:46,035 [Time-limited test] INFO  minikdc.MiniKdc (MiniKdc.java:<init>(228)) -   kdc.bind.address: localhost
2023-09-14 11:50:46,035 [Time-limited test] INFO  minikdc.MiniKdc (MiniKdc.java:<init>(230)) - ---------------------------------------------------------------
2023-09-14 11:50:46,037 [Time-limited test] INFO  minikdc.MiniKdc (MiniKdc.java:start(285)) - MiniKdc started.
2023-09-14 11:50:46,293 [Time-limited test] INFO  om.OzoneManager (OzoneManager.java:getOmDetailsProto(4573)) - OzoneManager ports added:[name: "RPC"
value: 1202
]
2023-09-14 11:50:46,293 [Time-limited test] WARN  server.ServerUtils (ServerUtils.java:getScmDbDir(155)) - ozone.scm.db.dirs is not configured. We recommend adding this setting. Falling back to ozone.metadata.dirs instead.
2023-09-14 11:50:46,294 [Time-limited test] INFO  ha.HASecurityUtils (HASecurityUtils.java:initializeSecurity(98)) - Initializing secure StorageContainerManager.
2023-09-14 11:50:46,295 [Time-limited test] INFO  client.SCMCertificateClient (DefaultCertificateClient.java:updateCertSerialId(1244)) - Certificate serial ID set to null
2023-09-14 11:50:46,295 [Time-limited test] ERROR client.SCMCertificateClient (DefaultCertificateClient.java:getCertPath(362)) - Default certificate serial id is not set. Can't locate the default certificate for this client.
2023-09-14 11:50:46,295 [Time-limited test] INFO  client.SCMCertificateClient (DefaultCertificateClient.java:init(715)) - Certificate client init case: 0
2023-09-14 11:50:46,295 [Time-limited test] INFO  client.SCMCertificateClient (SCMCertificateClient.java:handleCase(103)) - Creating keypair for client as keypair and certificate not found.
2023-09-14 11:50:46,440 [Time-limited test] INFO  ha.HASecurityUtils (HASecurityUtils.java:initializeSecurity(108)) - Init response: GETCERT
2023-09-14 11:50:46,608 [Time-limited test] INFO  ozone.OzoneSecurityUtil (OzoneSecurityUtil.java:getValidInetsForCurrentHost(119)) - ip:fe80:0:0:0:20d:3aff:fe15:5b9%eth0 not returned.
2023-09-14 11:50:46,608 [Time-limited test] INFO  ozone.OzoneSecurityUtil (OzoneSecurityUtil.java:getValidInetsForCurrentHost(116)) - Adding ip:10.1.136.0,host:fv-az240-193.bcold04rutgefduts2gkrghvsa.bx.internal.cloudapp.net
2023-09-14 11:50:46,608 [Time-limited test] INFO  ozone.OzoneSecurityUtil (OzoneSecurityUtil.java:getValidInetsForCurrentHost(119)) - ip:0:0:0:0:0:0:0:1%lo not returned.
2023-09-14 11:50:46,608 [Time-limited test] INFO  ozone.OzoneSecurityUtil (OzoneSecurityUtil.java:getValidInetsForCurrentHost(119)) - ip:127.0.0.1 not returned.
2023-09-14 11:50:46,611 [Time-limited test] INFO  utils.SelfSignedCertificate (SelfSignedCertificate.java:generateCertificate(157)) - Certificate 1 is issued by CN=scm-1@fv-az240-193,OU=f2610c74-3f76-4f39-8d8d-f6bdb760dc85,O=5e0ce91c-7fbb-45e6-a73e-97a547a9db8d to CN=scm-1@fv-az240-193,OU=f2610c74-3f76-4f39-8d8d-f6bdb760dc85,O=5e0ce91c-7fbb-45e6-a73e-97a547a9db8d, valid from Thu Sep 14 11:50:46 UTC 2023 to Sun Oct 22 11:50:46 UTC 2028
2023-09-14 11:50:46,612 [Time-limited test] INFO  utils.CertificateCodec (CertificateCodec.java:writeCertificate(299)) - Save certificate to /tmp/junit12233635924433447/junit5969573893001307769/scm-meta/scm/ca/certs/certificate.crt
2023-09-14 11:50:46,612 [Time-limited test] INFO  utils.CertificateCodec (CertificateCodec.java:writeCertificate(300)) - Certificate -----BEGIN CERTIFICATE-----
MIID5zCCAs+gAwIBAgIBATANBgkqhkiG9w0BAQsFADB7MRswGQYDVQQDDBJzY20t
MUBmdi1hejI0MC0xOTMxLTArBgNVBAsMJGYyNjEwYzc0LTNmNzYtNGYzOS04ZDhk
LWY2YmRiNzYwZGM4NTEtMCsGA1UECgwkNWUwY2U5MWMtN2ZiYi00NWU2LWE3M2Ut
OTdhNTQ3YTlkYjhkMB4XDTIzMDkxNDExNTA0NloXDTI4MTAyMjExNTA0NlowezEb
MBkGA1UEAwwSc2NtLTFAZnYtYXoyNDAtMTkzMS0wKwYDVQQLDCRmMjYxMGM3NC0z
Zjc2LTRmMzktOGQ4ZC1mNmJkYjc2MGRjODUxLTArBgNVBAoMJDVlMGNlOTFjLTdm
YmItNDVlNi1hNzNlLTk3YTU0N2E5ZGI4ZDCCASIwDQYJKoZIhvcNAQEBBQADggEP
ADCCAQoCggEBANqKAlSfyw2s1dLKNB0X776QRIt5t4fGrOFprFgJwAuunaEQmhQI
1tiBvP1U4WNnFrb+UU3G/6sMIdoxSoBXp/LvLiQA7HGgiVatjry/z2e7vNlEJZxq
9ZPRxeREZRjkxqznp9q4cn+zp+nvsjQwhBGr59R+fqav7fQKDjECnrhgysIwN4CN
mk+EazFuqBxoU/uaprIFdFnTTGCruq49xXW/IS107ad08DIaz9ZIb4H2OxmtBbRB
18PiGGhLTps7tJaZne05YjuAOlMEIKzOOhpbMIrx7lyR9jL3E70tSJV9OzE+Hy74
kXH+1RPILVptwVChORlj/Lkk/SfJnXmTyhsCAwEAAaN2MHQwDwYDVR0TAQH/BAUw
AwEB/zAOBgNVHQ8BAf8EBAMCAQYwUQYDVR0RBEowSIcECgGIAIJAZnYtYXoyNDAt
MTkzLmJjb2xkMDRydXRnZWZkdXRzMmdrcmdodnNhLmJ4LmludGVybmFsLmNsb3Vk
YXBwLm5ldDANBgkqhkiG9w0BAQsFAAOCAQEAxye16DblfGMkQIGIuEIsxjyTxHXJ
k/3svxyp37XM3E86nOBKn17NOYlPvzKxDAiWeFYZu6dY/t/RR5m3kwRsNsjOgmps
v2mxkzNtFe7Nbwa1C3jkyq522hq3c/43juic30Uv6spkLFKWQDTkbuji5msoscVi
xzpdeZoFLUZaaMY2TCQmRtI3NDJ45mKCekW01YOXsJaDysfzaW9BTiAh144+FL4O
zwW8Nup1Q3PxybGUF1CLzAsmF2MwXyOc3+EKqxR5awY183VmiBZVP/uepIIYhx+x
ppS5y39vZ4yIcDDYTqXlgwFquQxesWLh3ijDBjnzWR3XT7vlT9qTaEP5oQ==
-----END CERTIFICATE-----

2023-09-14 11:50:46,612 [Time-limited test] INFO  client.SCMCertificateClient (SCMCertificateClient.java:getCSRBuilder(165)) - Creating csr for SCM->hostName:fv-az240-193,scmId:f2610c74-3f76-4f39-8d8d-f6bdb760dc85,clusterId:5e0ce91c-7fbb-45e6-a73e-97a547a9db8d,subject:scm-sub-2070810684924@fv-az240-193
2023-09-14 11:50:46,612 [Time-limited test] INFO  ozone.OzoneSecurityUtil (OzoneSecurityUtil.java:getValidInetsForCurrentHost(119)) - ip:fe80:0:0:0:20d:3aff:fe15:5b9%eth0 not returned.
2023-09-14 11:50:46,613 [Time-limited test] INFO  ozone.OzoneSecurityUtil (OzoneSecurityUtil.java:getValidInetsForCurrentHost(116)) - Adding ip:10.1.136.0,host:fv-az240-193.bcold04rutgefduts2gkrghvsa.bx.internal.cloudapp.net
2023-09-14 11:50:46,613 [Time-limited test] INFO  ozone.OzoneSecurityUtil (OzoneSecurityUtil.java:getValidInetsForCurrentHost(119)) - ip:0:0:0:0:0:0:0:1%lo not returned.
2023-09-14 11:50:46,613 [Time-limited test] INFO  ozone.OzoneSecurityUtil (OzoneSecurityUtil.java:getValidInetsForCurrentHost(119)) - ip:127.0.0.1 not returned.
2023-09-14 11:50:46,613 [Time-limited test] INFO  ha.HASecurityUtils (HASecurityUtils.java:generateCSR(308)) - Creating csr for SCM->hostName:fv-az240-193,scmId:f2610c74-3f76-4f39-8d8d-f6bdb760dc85,clusterId:5e0ce91c-7fbb-45e6-a73e-97a547a9db8d,subject:scm-sub-2070811276132@fv-az240-193
2023-09-14 11:50:46,616 [Time-limited test] INFO  authority.DefaultApprover (DefaultApprover.java:sign(154)) - Extensions in CSR: 2.5.29.19, 2.5.29.15, 2.5.29.17
2023-09-14 11:50:46,616 [Time-limited test] INFO  authority.DefaultApprover (DefaultApprover.java:sign(158)) - Extensions to add to the certificate if they present in CSR: 2.5.29.17, 2.5.29.19, 1.3.6.1.5.5.7.1.12, 2.5.29.35, 2.5.29.37, 2.5.29.15
2023-09-14 11:50:46,621 [Time-limited test] INFO  utils.CertificateCodec (CertificateCodec.java:writeCertificate(299)) - Save certificate to /tmp/junit12233635924433447/junit5969573893001307769/scm-meta/scm/sub-ca/certs/CA-1.crt
2023-09-14 11:50:46,621 [Time-limited test] INFO  utils.CertificateCodec (CertificateCodec.java:writeCertificate(300)) - Certificate -----BEGIN CERTIFICATE-----
MIID5zCCAs+gAwIBAgIBATANBgkqhkiG9w0BAQsFADB7MRswGQYDVQQDDBJzY20t
MUBmdi1hejI0MC0xOTMxLTArBgNVBAsMJGYyNjEwYzc0LTNmNzYtNGYzOS04ZDhk
LWY2YmRiNzYwZGM4NTEtMCsGA1UECgwkNWUwY2U5MWMtN2ZiYi00NWU2LWE3M2Ut
OTdhNTQ3YTlkYjhkMB4XDTIzMDkxNDExNTA0NloXDTI4MTAyMjExNTA0NlowezEb
MBkGA1UEAwwSc2NtLTFAZnYtYXoyNDAtMTkzMS0wKwYDVQQLDCRmMjYxMGM3NC0z
Zjc2LTRmMzktOGQ4ZC1mNmJkYjc2MGRjODUxLTArBgNVBAoMJDVlMGNlOTFjLTdm
YmItNDVlNi1hNzNlLTk3YTU0N2E5ZGI4ZDCCASIwDQYJKoZIhvcNAQEBBQADggEP
ADCCAQoCggEBANqKAlSfyw2s1dLKNB0X776QRIt5t4fGrOFprFgJwAuunaEQmhQI
1tiBvP1U4WNnFrb+UU3G/6sMIdoxSoBXp/LvLiQA7HGgiVatjry/z2e7vNlEJZxq
9ZPRxeREZRjkxqznp9q4cn+zp+nvsjQwhBGr59R+fqav7fQKDjECnrhgysIwN4CN
mk+EazFuqBxoU/uaprIFdFnTTGCruq49xXW/IS107ad08DIaz9ZIb4H2OxmtBbRB
18PiGGhLTps7tJaZne05YjuAOlMEIKzOOhpbMIrx7lyR9jL3E70tSJV9OzE+Hy74
kXH+1RPILVptwVChORlj/Lkk/SfJnXmTyhsCAwEAAaN2MHQwDwYDVR0TAQH/BAUw
AwEB/zAOBgNVHQ8BAf8EBAMCAQYwUQYDVR0RBEowSIcECgGIAIJAZnYtYXoyNDAt
MTkzLmJjb2xkMDRydXRnZWZkdXRzMmdrcmdodnNhLmJ4LmludGVybmFsLmNsb3Vk
YXBwLm5ldDANBgkqhkiG9w0BAQsFAAOCAQEAxye16DblfGMkQIGIuEIsxjyTxHXJ
k/3svxyp37XM3E86nOBKn17NOYlPvzKxDAiWeFYZu6dY/t/RR5m3kwRsNsjOgmps
v2mxkzNtFe7Nbwa1C3jkyq522hq3c/43juic30Uv6spkLFKWQDTkbuji5msoscVi
xzpdeZoFLUZaaMY2TCQmRtI3NDJ45mKCekW01YOXsJaDysfzaW9BTiAh144+FL4O
zwW8Nup1Q3PxybGUF1CLzAsmF2MwXyOc3+EKqxR5awY183VmiBZVP/uepIIYhx+x
ppS5y39vZ4yIcDDYTqXlgwFquQxesWLh3ijDBjnzWR3XT7vlT9qTaEP5oQ==
-----END CERTIFICATE-----

2023-09-14 11:50:46,622 [Time-limited test] INFO  utils.CertificateCodec (CertificateCodec.java:writeCertificate(299)) - Save certificate to /tmp/junit12233635924433447/junit5969573893001307769/scm-meta/scm/sub-ca/certs/2070814368473.crt
2023-09-14 11:50:46,622 [Time-limited test] INFO  utils.CertificateCodec (CertificateCodec.java:writeCertificate(300)) - Certificate -----BEGIN CERTIFICATE-----
MIID/TCCAuWgAwIBAgIGAeImJ6LZMA0GCSqGSIb3DQEBCwUAMHsxGzAZBgNVBAMM
EnNjbS0xQGZ2LWF6MjQwLTE5MzEtMCsGA1UECwwkZjI2MTBjNzQtM2Y3Ni00ZjM5
LThkOGQtZjZiZGI3NjBkYzg1MS0wKwYDVQQKDCQ1ZTBjZTkxYy03ZmJiLTQ1ZTYt
YTczZS05N2E1NDdhOWRiOGQwHhcNMjMwOTE0MTE1MDQ2WhcNMjgxMDIyMTE1MDQ2
WjCBizErMCkGA1UEAwwic2NtLXN1Yi0yMDcwODExMjc2MTMyQGZ2LWF6MjQwLTE5
MzEtMCsGA1UECwwkZjI2MTBjNzQtM2Y3Ni00ZjM5LThkOGQtZjZiZGI3NjBkYzg1
MS0wKwYDVQQKDCQ1ZTBjZTkxYy03ZmJiLTQ1ZTYtYTczZS05N2E1NDdhOWRiOGQw
ggEiMA0GCSqGSIb3DQEBAQUAA4IBDwAwggEKAoIBAQC7OCwt1YLmakeuTKrpurDv
yqTUTx37KkDXU594BT+OuGTBZqCKNvqt3kI1tfoI6IfdWHqpoe+yZSeQsJ+lJ4Xu
1lcpqjV8uEtP1pdYvU2SYMLKvZb6FtKxp0/ZpujlJ22LfKdOJN1fMSDZVl92MHdS
oeJV5BcPq88Bjsvhn1mwaICKXIHTWStD9gr+eLGHFWhnQbzUwWRAt6VKC0FyFRa+
Cty+1QTKbZ0KBJsx4Fn+ESnkzJ0cPXbRlDmldT/oB84KgqB4bWh11GsTQEK5Alrf
Ip8DzDnSapQl+fwJhu31dHajpV9e0CU8Ox3PRYGobBtgwvutRiPu4qmgt3gEG2Ut
AgMBAAGjdjB0MFEGA1UdEQRKMEiHBAoBiACCQGZ2LWF6MjQwLTE5My5iY29sZDA0
cnV0Z2VmZHV0czJna3JnaHZzYS5ieC5pbnRlcm5hbC5jbG91ZGFwcC5uZXQwDwYD
VR0TAQH/BAUwAwEB/zAOBgNVHQ8BAf8EBAMCAb4wDQYJKoZIhvcNAQELBQADggEB
AMM2xEll2kavz+LHrIwhEKNYdiEhAYdSzFj0bfpxwvTpbyJ1Zd77jTlzYKhQNvTr
m1qZ9Pov+tsifuMlIYHDxK+uUXCWCcYaaAFz5q/baetYQOmxQPcuj7YAi9kDXwdJ
jmYac9a6beXctu6dXJhSwU0FWKn3fHTvNNLsK1VbY63n6VQF2UG9WY8M11wn1Xf7
kdOQiAEIsS+byQ5inc/2uu6zAKNoDQo94AYoZAm1whvmQ3mVMyW8Z03TLkU3Mqvr
2OgBK7Gi20jKUEO6zAhEvK1QdzWfHGNhLD/9sVDct5G69KoAiBgT7xmklFvassiE
Ju4oEuF14TzjXXnAgrhws2g=
-----END CERTIFICATE-----

-----BEGIN CERTIFICATE-----
MIID5zCCAs+gAwIBAgIBATANBgkqhkiG9w0BAQsFADB7MRswGQYDVQQDDBJzY20t
MUBmdi1hejI0MC0xOTMxLTArBgNVBAsMJGYyNjEwYzc0LTNmNzYtNGYzOS04ZDhk
LWY2YmRiNzYwZGM4NTEtMCsGA1UECgwkNWUwY2U5MWMtN2ZiYi00NWU2LWE3M2Ut
OTdhNTQ3YTlkYjhkMB4XDTIzMDkxNDExNTA0NloXDTI4MTAyMjExNTA0NlowezEb
MBkGA1UEAwwSc2NtLTFAZnYtYXoyNDAtMTkzMS0wKwYDVQQLDCRmMjYxMGM3NC0z
Zjc2LTRmMzktOGQ4ZC1mNmJkYjc2MGRjODUxLTArBgNVBAoMJDVlMGNlOTFjLTdm
YmItNDVlNi1hNzNlLTk3YTU0N2E5ZGI4ZDCCASIwDQYJKoZIhvcNAQEBBQADggEP
ADCCAQoCggEBANqKAlSfyw2s1dLKNB0X776QRIt5t4fGrOFprFgJwAuunaEQmhQI
1tiBvP1U4WNnFrb+UU3G/6sMIdoxSoBXp/LvLiQA7HGgiVatjry/z2e7vNlEJZxq
9ZPRxeREZRjkxqznp9q4cn+zp+nvsjQwhBGr59R+fqav7fQKDjECnrhgysIwN4CN
mk+EazFuqBxoU/uaprIFdFnTTGCruq49xXW/IS107ad08DIaz9ZIb4H2OxmtBbRB
18PiGGhLTps7tJaZne05YjuAOlMEIKzOOhpbMIrx7lyR9jL3E70tSJV9OzE+Hy74
kXH+1RPILVptwVChORlj/Lkk/SfJnXmTyhsCAwEAAaN2MHQwDwYDVR0TAQH/BAUw
AwEB/zAOBgNVHQ8BAf8EBAMCAQYwUQYDVR0RBEowSIcECgGIAIJAZnYtYXoyNDAt
MTkzLmJjb2xkMDRydXRnZWZkdXRzMmdrcmdodnNhLmJ4LmludGVybmFsLmNsb3Vk
YXBwLm5ldDANBgkqhkiG9w0BAQsFAAOCAQEAxye16DblfGMkQIGIuEIsxjyTxHXJ
k/3svxyp37XM3E86nOBKn17NOYlPvzKxDAiWeFYZu6dY/t/RR5m3kwRsNsjOgmps
v2mxkzNtFe7Nbwa1C3jkyq522hq3c/43juic30Uv6spkLFKWQDTkbuji5msoscVi
xzpdeZoFLUZaaMY2TCQmRtI3NDJ45mKCekW01YOXsJaDysfzaW9BTiAh144+FL4O
zwW8Nup1Q3PxybGUF1CLzAsmF2MwXyOc3+EKqxR5awY183VmiBZVP/uepIIYhx+x
ppS5y39vZ4yIcDDYTqXlgwFquQxesWLh3ijDBjnzWR3XT7vlT9qTaEP5oQ==
-----END CERTIFICATE-----

2023-09-14 11:50:46,622 [Time-limited test] INFO  utils.CertificateCodec (CertificateCodec.java:writeCertificate(299)) - Save certificate to /tmp/junit12233635924433447/junit5969573893001307769/scm-meta/scm/sub-ca/certs/certificate.crt
2023-09-14 11:50:46,622 [Time-limited test] INFO  utils.CertificateCodec (CertificateCodec.java:writeCertificate(300)) - Certificate -----BEGIN CERTIFICATE-----
MIID/TCCAuWgAwIBAgIGAeImJ6LZMA0GCSqGSIb3DQEBCwUAMHsxGzAZBgNVBAMM
EnNjbS0xQGZ2LWF6MjQwLTE5MzEtMCsGA1UECwwkZjI2MTBjNzQtM2Y3Ni00ZjM5
LThkOGQtZjZiZGI3NjBkYzg1MS0wKwYDVQQKDCQ1ZTBjZTkxYy03ZmJiLTQ1ZTYt
YTczZS05N2E1NDdhOWRiOGQwHhcNMjMwOTE0MTE1MDQ2WhcNMjgxMDIyMTE1MDQ2
WjCBizErMCkGA1UEAwwic2NtLXN1Yi0yMDcwODExMjc2MTMyQGZ2LWF6MjQwLTE5
MzEtMCsGA1UECwwkZjI2MTBjNzQtM2Y3Ni00ZjM5LThkOGQtZjZiZGI3NjBkYzg1
MS0wKwYDVQQKDCQ1ZTBjZTkxYy03ZmJiLTQ1ZTYtYTczZS05N2E1NDdhOWRiOGQw
ggEiMA0GCSqGSIb3DQEBAQUAA4IBDwAwggEKAoIBAQC7OCwt1YLmakeuTKrpurDv
yqTUTx37KkDXU594BT+OuGTBZqCKNvqt3kI1tfoI6IfdWHqpoe+yZSeQsJ+lJ4Xu
1lcpqjV8uEtP1pdYvU2SYMLKvZb6FtKxp0/ZpujlJ22LfKdOJN1fMSDZVl92MHdS
oeJV5BcPq88Bjsvhn1mwaICKXIHTWStD9gr+eLGHFWhnQbzUwWRAt6VKC0FyFRa+
Cty+1QTKbZ0KBJsx4Fn+ESnkzJ0cPXbRlDmldT/oB84KgqB4bWh11GsTQEK5Alrf
Ip8DzDnSapQl+fwJhu31dHajpV9e0CU8Ox3PRYGobBtgwvutRiPu4qmgt3gEG2Ut
AgMBAAGjdjB0MFEGA1UdEQRKMEiHBAoBiACCQGZ2LWF6MjQwLTE5My5iY29sZDA0
cnV0Z2VmZHV0czJna3JnaHZzYS5ieC5pbnRlcm5hbC5jbG91ZGFwcC5uZXQwDwYD
VR0TAQH/BAUwAwEB/zAOBgNVHQ8BAf8EBAMCAb4wDQYJKoZIhvcNAQELBQADggEB
AMM2xEll2kavz+LHrIwhEKNYdiEhAYdSzFj0bfpxwvTpbyJ1Zd77jTlzYKhQNvTr
m1qZ9Pov+tsifuMlIYHDxK+uUXCWCcYaaAFz5q/baetYQOmxQPcuj7YAi9kDXwdJ
jmYac9a6beXctu6dXJhSwU0FWKn3fHTvNNLsK1VbY63n6VQF2UG9WY8M11wn1Xf7
kdOQiAEIsS+byQ5inc/2uu6zAKNoDQo94AYoZAm1whvmQ3mVMyW8Z03TLkU3Mqvr
2OgBK7Gi20jKUEO6zAhEvK1QdzWfHGNhLD/9sVDct5G69KoAiBgT7xmklFvassiE
Ju4oEuF14TzjXXnAgrhws2g=
-----END CERTIFICATE-----

-----BEGIN CERTIFICATE-----
MIID5zCCAs+gAwIBAgIBATANBgkqhkiG9w0BAQsFADB7MRswGQYDVQQDDBJzY20t
MUBmdi1hejI0MC0xOTMxLTArBgNVBAsMJGYyNjEwYzc0LTNmNzYtNGYzOS04ZDhk
LWY2YmRiNzYwZGM4NTEtMCsGA1UECgwkNWUwY2U5MWMtN2ZiYi00NWU2LWE3M2Ut
OTdhNTQ3YTlkYjhkMB4XDTIzMDkxNDExNTA0NloXDTI4MTAyMjExNTA0NlowezEb
MBkGA1UEAwwSc2NtLTFAZnYtYXoyNDAtMTkzMS0wKwYDVQQLDCRmMjYxMGM3NC0z
Zjc2LTRmMzktOGQ4ZC1mNmJkYjc2MGRjODUxLTArBgNVBAoMJDVlMGNlOTFjLTdm
YmItNDVlNi1hNzNlLTk3YTU0N2E5ZGI4ZDCCASIwDQYJKoZIhvcNAQEBBQADggEP
ADCCAQoCggEBANqKAlSfyw2s1dLKNB0X776QRIt5t4fGrOFprFgJwAuunaEQmhQI
1tiBvP1U4WNnFrb+UU3G/6sMIdoxSoBXp/LvLiQA7HGgiVatjry/z2e7vNlEJZxq
9ZPRxeREZRjkxqznp9q4cn+zp+nvsjQwhBGr59R+fqav7fQKDjECnrhgysIwN4CN
mk+EazFuqBxoU/uaprIFdFnTTGCruq49xXW/IS107ad08DIaz9ZIb4H2OxmtBbRB
18PiGGhLTps7tJaZne05YjuAOlMEIKzOOhpbMIrx7lyR9jL3E70tSJV9OzE+Hy74
kXH+1RPILVptwVChORlj/Lkk/SfJnXmTyhsCAwEAAaN2MHQwDwYDVR0TAQH/BAUw
AwEB/zAOBgNVHQ8BAf8EBAMCAQYwUQYDVR0RBEowSIcECgGIAIJAZnYtYXoyNDAt
MTkzLmJjb2xkMDRydXRnZWZkdXRzMmdrcmdodnNhLmJ4LmludGVybmFsLmNsb3Vk
YXBwLm5ldDANBgkqhkiG9w0BAQsFAAOCAQEAxye16DblfGMkQIGIuEIsxjyTxHXJ
k/3svxyp37XM3E86nOBKn17NOYlPvzKxDAiWeFYZu6dY/t/RR5m3kwRsNsjOgmps
v2mxkzNtFe7Nbwa1C3jkyq522hq3c/43juic30Uv6spkLFKWQDTkbuji5msoscVi
xzpdeZoFLUZaaMY2TCQmRtI3NDJ45mKCekW01YOXsJaDysfzaW9BTiAh144+FL4O
zwW8Nup1Q3PxybGUF1CLzAsmF2MwXyOc3+EKqxR5awY183VmiBZVP/uepIIYhx+x
ppS5y39vZ4yIcDDYTqXlgwFquQxesWLh3ijDBjnzWR3XT7vlT9qTaEP5oQ==
-----END CERTIFICATE-----

2023-09-14 11:50:46,622 [Time-limited test] INFO  ha.HASecurityUtils (HASecurityUtils.java:initializeSecurity(121)) - Successfully stored SCM signed certificate.
2023-09-14 11:50:46,624 [Time-limited test] WARN  server.ServerUtils (ServerUtils.java:getScmDbDir(155)) - ozone.scm.db.dirs is not configured. We recommend adding this setting. Falling back to ozone.metadata.dirs instead.
2023-09-14 11:50:46,624 [Time-limited test] INFO  ha.SCMHANodeDetails (SCMHANodeDetails.java:loadSCMHAConfig(210)) - ServiceID for StorageContainerManager is null
2023-09-14 11:50:46,624 [Time-limited test] INFO  ha.SCMHANodeDetails (SCMHANodeDetails.java:loadSCMHAConfig(215)) - ozone.scm.default.service.id is not defined, falling back to ozone.scm.service.ids to find serviceID for StorageContainerManager if it is HA enabled cluster
2023-09-14 11:50:46,627 [pool-456-thread-1] INFO  request.KdcRequest (KdcRequest.java:preauth(651)) - The preauth data is empty.
2023-09-14 11:50:46,627 [pool-456-thread-1] INFO  server.KdcHandler (KdcHandler.java:handleRecoverableException(177)) - KRB error occurred while processing request:Additional pre-authentication required
2023-09-14 11:50:46,631 [pool-456-thread-1] INFO  request.AsRequest (AsRequest.java:issueTicket(112)) - AS_REQ ISSUE: authtime 1694692246630,scm/fv-az240-193.bcold04rutgefduts2gkrghvsa.bx.internal.cloudapp.net@EXAMPLE.COM for krbtgt/EXAMPLE.COM@EXAMPLE.COM
2023-09-14 11:50:46,632 [Time-limited test] INFO  security.UserGroupInformation (UserGroupInformation.java:loginUserFromKeytab(1132)) - Login successful for user scm/fv-az240-193.bcold04rutgefduts2gkrghvsa.bx.internal.cloudapp.net@EXAMPLE.COM using keytab file scm.keytab. Keytab auto renewal enabled : false
2023-09-14 11:50:46,632 [Time-limited test] INFO  server.StorageContainerManager (StorageContainerManager.java:loginAsSCMUserIfSecurityEnabled(1042)) - SCM login successful.
2023-09-14 11:50:46,633 [Time-limited test] INFO  client.SCMCertificateClient (DefaultCertificateClient.java:updateCertSerialId(1244)) - Certificate serial ID set to 2070814368473
2023-09-14 11:50:46,634 [Time-limited test] INFO  client.SCMCertificateClient (DefaultCertificateClient.java:readCertificateFile(237)) - Added certificate   [0]         Version: 3
         SerialNumber: 2070814368473
             IssuerDN: CN=scm-1@fv-az240-193,OU=f2610c74-3f76-4f39-8d8d-f6bdb760dc85,O=5e0ce91c-7fbb-45e6-a73e-97a547a9db8d
           Start Date: Thu Sep 14 11:50:46 UTC 2023
           Final Date: Sun Oct 22 11:50:46 UTC 2028
            SubjectDN: CN=scm-sub-2070811276132@fv-az240-193,OU=f2610c74-3f76-4f39-8d8d-f6bdb760dc85,O=5e0ce91c-7fbb-45e6-a73e-97a547a9db8d
           Public Key: RSA Public Key [f2:d9:c7:80:de:e1:ad:c5:56:d3:73:c9:96:7d:c1:be:ae:9c:1d:5c],[56:66:d1:a4]
        modulus: bb382c2dd582e66a47ae4caae9bab0efcaa4d44f1dfb2a40d7539f78053f8eb864c166a08a36faadde4235b5fa08e887dd587aa9a1efb2652790b09fa52785eed65729aa357cb84b4fd69758bd4d9260c2cabd96fa16d2b1a74fd9a6e8e5276d8b7ca74e24dd5f3120d9565f76307752a1e255e4170fabcf018ecbe19f59b068808a5c81d3592b43f60afe78b18715686741bcd4c16440b7a54a0b41721516be0adcbed504ca6d9d0a049b31e059fe1129e4cc9d1c3d76d19439a5753fe807ce0a82a0786d6875d46b134042b9025adf229f03cc39d26a9425f9fc0986edf57476a3a55f5ed0253c3b1dcf4581a86c1b60c2fbad4623eee2a9a0b778041b652d
public exponent: 10001

  Signature Algorithm: SHA256WITHRSA
            Signature: c336c44965da46afcfe2c7ac8c2110a358762121
                       018752cc58f46dfa71c2f4e96f227565defb8d39
                       7360a85036f4eb9b5a99f4fa2ffadb227ee32521
                       81c3c4afae51709609c61a680173e6afdb69eb58
                       40e9b140f72e8fb6008bd9035f07498e661a73d6
                       ba6de5dcb6ee9d5c9852c14d0558a9f77c74ef34
                       d2ec2b555b63ade7e95405d941bd598f0cd75c27
                       d577fb91d390880108b12f9bc90e629dcff6baee
                       b300a3680d0a3de006286409b5c21be643799533
                       25bc674dd32e453732abebd8e8012bb1a2db48ca
                       5043bacc0844bcad5077359f1c63612c3ffdb150
                       dcb791baf4aa00881813ef19a4945bdab2c88426
                       ee2812e175e13ce35d79c082b870b368
       Extensions: 
                       critical(false) 2.5.29.17 value = Sequence
    Tagged [7] IMPLICIT 
        DER Octet String[4] 
    Tagged [2] IMPLICIT 
        DER Octet String[64] 

                       critical(true) BasicConstraints: isCa(true)
                       critical(true) KeyUsage: 0xbe
 from file: /tmp/junit12233635924433447/junit5969573893001307769/scm-meta/scm/sub-ca/certs/certificate.crt.
2023-09-14 11:50:46,635 [Time-limited test] INFO  client.SCMCertificateClient (DefaultCertificateClient.java:readCertificateFile(237)) - Added certificate   [0]         Version: 3
         SerialNumber: 2070814368473
             IssuerDN: CN=scm-1@fv-az240-193,OU=f2610c74-3f76-4f39-8d8d-f6bdb760dc85,O=5e0ce91c-7fbb-45e6-a73e-97a547a9db8d
           Start Date: Thu Sep 14 11:50:46 UTC 2023
           Final Date: Sun Oct 22 11:50:46 UTC 2028
            SubjectDN: CN=scm-sub-2070811276132@fv-az240-193,OU=f2610c74-3f76-4f39-8d8d-f6bdb760dc85,O=5e0ce91c-7fbb-45e6-a73e-97a547a9db8d
           Public Key: RSA Public Key [f2:d9:c7:80:de:e1:ad:c5:56:d3:73:c9:96:7d:c1:be:ae:9c:1d:5c],[56:66:d1:a4]
        modulus: bb382c2dd582e66a47ae4caae9bab0efcaa4d44f1dfb2a40d7539f78053f8eb864c166a08a36faadde4235b5fa08e887dd587aa9a1efb2652790b09fa52785eed65729aa357cb84b4fd69758bd4d9260c2cabd96fa16d2b1a74fd9a6e8e5276d8b7ca74e24dd5f3120d9565f76307752a1e255e4170fabcf018ecbe19f59b068808a5c81d3592b43f60afe78b18715686741bcd4c16440b7a54a0b41721516be0adcbed504ca6d9d0a049b31e059fe1129e4cc9d1c3d76d19439a5753fe807ce0a82a0786d6875d46b134042b9025adf229f03cc39d26a9425f9fc0986edf57476a3a55f5ed0253c3b1dcf4581a86c1b60c2fbad4623eee2a9a0b778041b652d
public exponent: 10001

  Signature Algorithm: SHA256WITHRSA
            Signature: c336c44965da46afcfe2c7ac8c2110a358762121
                       018752cc58f46dfa71c2f4e96f227565defb8d39
                       7360a85036f4eb9b5a99f4fa2ffadb227ee32521
                       81c3c4afae51709609c61a680173e6afdb69eb58
                       40e9b140f72e8fb6008bd9035f07498e661a73d6
                       ba6de5dcb6ee9d5c9852c14d0558a9f77c74ef34
                       d2ec2b555b63ade7e95405d941bd598f0cd75c27
                       d577fb91d390880108b12f9bc90e629dcff6baee
                       b300a3680d0a3de006286409b5c21be643799533
                       25bc674dd32e453732abebd8e8012bb1a2db48ca
                       5043bacc0844bcad5077359f1c63612c3ffdb150
                       dcb791baf4aa00881813ef19a4945bdab2c88426
                       ee2812e175e13ce35d79c082b870b368
       Extensions: 
                       critical(false) 2.5.29.17 value = Sequence
    Tagged [7] IMPLICIT 
        DER Octet String[4] 
    Tagged [2] IMPLICIT 
        DER Octet String[64] 

                       critical(true) BasicConstraints: isCa(true)
                       critical(true) KeyUsage: 0xbe
 from file: /tmp/junit12233635924433447/junit5969573893001307769/scm-meta/scm/sub-ca/certs/2070814368473.crt.
2023-09-14 11:50:46,636 [Time-limited test] INFO  client.SCMCertificateClient (DefaultCertificateClient.java:readCertificateFile(237)) - Added certificate   [0]         Version: 3
         SerialNumber: 1
             IssuerDN: CN=scm-1@fv-az240-193,OU=f2610c74-3f76-4f39-8d8d-f6bdb760dc85,O=5e0ce91c-7fbb-45e6-a73e-97a547a9db8d
           Start Date: Thu Sep 14 11:50:46 UTC 2023
           Final Date: Sun Oct 22 11:50:46 UTC 2028
            SubjectDN: CN=scm-1@fv-az240-193,OU=f2610c74-3f76-4f39-8d8d-f6bdb760dc85,O=5e0ce91c-7fbb-45e6-a73e-97a547a9db8d
           Public Key: RSA Public Key [4a:3c:f9:b9:ee:43:a0:2b:a0:70:5f:23:77:19:1a:53:6a:42:6c:56],[56:66:d1:a4]
        modulus: da8a02549fcb0dacd5d2ca341d17efbe90448b79b787c6ace169ac5809c00bae9da1109a1408d6d881bcfd54e1636716b6fe514dc6ffab0c21da314a8057a7f2ef2e2400ec71a08956ad8ebcbfcf67bbbcd944259c6af593d1c5e4446518e4c6ace7a7dab8727fb3a7e9efb234308411abe7d47e7ea6afedf40a0e31029eb860cac23037808d9a4f846b316ea81c6853fb9aa6b2057459d34c60abbaae3dc575bf212d74eda774f0321acfd6486f81f63b19ad05b441d7c3e218684b4e9b3bb496999ded39623b803a530420acce3a1a5b308af1ee5c91f632f713bd2d48957d3b313e1f2ef89171fed513c82d5a6dc150a1391963fcb924fd27c99d7993ca1b
public exponent: 10001

  Signature Algorithm: SHA256WITHRSA
            Signature: c727b5e836e57c6324408188b8422cc63c93c475
                       c993fdecbf1ca9dfb5ccdc4f3a9ce04a9f5ecd39
                       894fbf32b10c0896785619bba758fedfd14799b7
                       93046c36c8ce826a6cbf69b193336d15eecd6f06
                       b50b78e4caae76da1ab773fe378ee89cdf452fea
                       ca642c52964034e46ee8e2e66b28b1c562c73a5d
                       799a052d465a68c6364c242646d237343278e662
                       827a45b4d58397b09683cac7f3696f414e2021d7
                       8e3e14be0ecf05bc36ea754373f1c9b19417508b
                       cc0b261763305f239cdfe10aab14796b0635f375
                       668816553ffb9ea48218871fb1a694b9cb7f6f67
                       8c887030d84ea5e583016ab90c5eb162e1de28c3
                       0639f3591dd74fbbe54fda936843f9a1
       Extensions: 
                       critical(true) BasicConstraints: isCa(true)
                       critical(true) KeyUsage: 0x6
                       critical(false) 2.5.29.17 value = Sequence
    Tagged [7] IMPLICIT 
        DER Octet String[4] 
    Tagged [2] IMPLICIT 
        DER Octet String[64] 

 from file: /tmp/junit12233635924433447/junit5969573893001307769/scm-meta/scm/sub-ca/certs/CA-1.crt.
2023-09-14 11:50:46,636 [Time-limited test] INFO  client.SCMCertificateClient (DefaultCertificateClient.java:loadAllCertificates(191)) - CertificateRenewerService and root ca rotation polling is disabled for scm/sub-ca
2023-09-14 11:50:46,636 [Time-limited test] WARN  utils.HAUtils (HAUtils.java:getMetaDir(339)) - ozone.scm.db.dirs is not configured. We recommend adding this setting. Falling back to ozone.metadata.dirs instead.
2023-09-14 11:50:46,636 [Time-limited test] WARN  db.DBStoreBuilder (DBStoreBuilder.java:applyDBDefinition(166)) - ozone.scm.db.dirs is not configured. We recommend adding this setting. Falling back to ozone.metadata.dirs instead.
2023-09-14 11:50:46,732 [Time-limited test] INFO  net.NodeSchemaLoader (NodeSchemaLoader.java:loadSchemaFromFile(129)) - Loading schema from [jar:file:/home/runner/.m2/repository/org/apache/ozone/hdds-common/1.4.0-SNAPSHOT/hdds-common-1.4.0-SNAPSHOT.jar!/network-topology-default.xml]
2023-09-14 11:50:46,732 [Time-limited test] INFO  net.NodeSchemaLoader (NodeSchemaLoader.java:loadSchema(176)) - Loading network topology layer schema file
2023-09-14 11:50:46,740 [Time-limited test] INFO  upgrade.AbstractLayoutVersionManager (AbstractLayoutVersionManager.java:init(83)) - Initializing Layout version manager with metadata layout = HADOOP_PRC_PORTS_IN_DATANODEDETAILS (version = 7), software layout = HADOOP_PRC_PORTS_IN_DATANODEDETAILS (version = 7)
2023-09-14 11:50:46,741 [Time-limited test] INFO  ha.SequenceIdGenerator (SequenceIdGenerator.java:upgradeToSequenceId(365)) - upgrade localId to 111677748019200000
2023-09-14 11:50:46,742 [Time-limited test] INFO  ha.SequenceIdGenerator (SequenceIdGenerator.java:upgradeToSequenceId(375)) - upgrade delTxnId to 0
2023-09-14 11:50:46,742 [Time-limited test] INFO  ha.SequenceIdGenerator (SequenceIdGenerator.java:upgradeToSequenceId(392)) - upgrade containerId to 0
2023-09-14 11:50:46,743 [Time-limited test] INFO  ha.SequenceIdGenerator (SequenceIdGenerator.java:upgradeToSequenceId(428)) - upgrade rootCertificateId to 1
2023-09-14 11:50:46,743 [Time-limited test] INFO  ha.SequenceIdGenerator (SequenceIdGenerator.java:<init>(236)) - Init the HA SequenceIdGenerator.
2023-09-14 11:50:46,746 [Time-limited test] INFO  node.SCMNodeManager (SCMNodeManager.java:<init>(157)) - Entering startup safe mode.
2023-09-14 11:50:46,746 [Time-limited test] INFO  algorithms.ContainerPlacementPolicyFactory (ContainerPlacementPolicyFactory.java:getPolicyInternal(86)) - Create container placement policy of type org.apache.hadoop.hdds.scm.container.placement.algorithms.SCMContainerPlacementRackAware
2023-09-14 11:50:46,746 [Time-limited test] INFO  algorithms.ContainerPlacementPolicyFactory (ContainerPlacementPolicyFactory.java:getPolicyInternal(86)) - Create container placement policy of type org.apache.hadoop.hdds.scm.container.placement.algorithms.SCMContainerPlacementRackScatter
2023-09-14 11:50:46,747 [Time-limited test] INFO  pipeline.PipelineStateManagerImpl (PipelineStateManagerImpl.java:initialize(78)) - No pipeline exists in current db
2023-09-14 11:50:46,747 [Time-limited test] INFO  algorithms.LeaderChoosePolicyFactory (LeaderChoosePolicyFactory.java:getPolicy(57)) - Create leader choose policy of type org.apache.hadoop.hdds.scm.pipeline.leader.choose.algorithms.MinLeaderCountChoosePolicy
2023-09-14 11:50:46,747 [Time-limited test] INFO  algorithms.ContainerPlacementPolicyFactory (ContainerPlacementPolicyFactory.java:getPolicyInternal(86)) - Create container placement policy of type org.apache.hadoop.hdds.scm.container.placement.algorithms.SCMContainerPlacementRackScatter
2023-09-14 11:50:46,751 [Time-limited test] INFO  ha.SCMServiceManager (SCMServiceManager.java:register(42)) - Registering service BackgroundPipelineCreator.
2023-09-14 11:50:46,751 [Time-limited test] INFO  pipeline.BackgroundPipelineCreator (BackgroundPipelineCreator.java:start(124)) - Starting RatisPipelineUtilsThread.
2023-09-14 11:50:46,751 [Time-limited test] INFO  BackgroundPipelineScrubber (BackgroundSCMService.java:start(68)) - Starting BackgroundPipelineScrubber Service.
2023-09-14 11:50:46,752 [Time-limited test] INFO  ha.SCMServiceManager (SCMServiceManager.java:register(42)) - Registering service BackgroundPipelineScrubber.
2023-09-14 11:50:46,752 [Time-limited test] INFO  ExpiredContainerReplicaOpScrubber (BackgroundSCMService.java:start(68)) - Starting ExpiredContainerReplicaOpScrubber Service.
2023-09-14 11:50:46,752 [Time-limited test] INFO  ha.SCMServiceManager (SCMServiceManager.java:register(42)) - Registering service ExpiredContainerReplicaOpScrubber.
2023-09-14 11:50:46,753 [Time-limited test] INFO  algorithms.PipelineChoosePolicyFactory (PipelineChoosePolicyFactory.java:createPipelineChoosePolicyFromClass(78)) - Create pipeline choose policy of type org.apache.hadoop.hdds.scm.pipeline.choose.algorithms.RandomPipelineChoosePolicy
2023-09-14 11:50:46,753 [Time-limited test] INFO  algorithms.PipelineChoosePolicyFactory (PipelineChoosePolicyFactory.java:createPipelineChoosePolicyFromClass(78)) - Create pipeline choose policy of type org.apache.hadoop.hdds.scm.pipeline.choose.algorithms.RandomPipelineChoosePolicy
2023-09-14 11:50:46,754 [Time-limited test] INFO  ha.SCMServiceManager (SCMServiceManager.java:register(42)) - Registering service SCMBlockDeletingService.
2023-09-14 11:50:46,754 [Time-limited test] INFO  replication.ReplicationManager (ReplicationManager.java:start(291)) - Starting Replication Monitor Thread.
2023-09-14 11:50:46,756 [Time-limited test] INFO  ha.SCMServiceManager (SCMServiceManager.java:register(42)) - Registering service ReplicationManager.
2023-09-14 11:50:46,757 [Time-limited test] INFO  safemode.ContainerSafeModeRule (ContainerSafeModeRule.java:<init>(90)) - containers with one replica threshold count 0
2023-09-14 11:50:46,757 [Time-limited test] INFO  safemode.HealthyPipelineSafeModeRule (HealthyPipelineSafeModeRule.java:initializeRule(169)) - Total pipeline count is 0, healthy pipeline threshold count is 0
2023-09-14 11:50:46,757 [Time-limited test] INFO  safemode.OneReplicaPipelineSafeModeRule (OneReplicaPipelineSafeModeRule.java:initializeRule(180)) - Total pipeline count is 0, pipeline's with at least one datanode reported threshold count is 0
2023-09-14 11:50:46,758 [Time-limited test] INFO  authority.DefaultCAServer (DefaultCAServer.java:lambda$processVerificationStatus$0(472)) - CertificateServer validation is successful
2023-09-14 11:50:46,758 [Time-limited test] INFO  authority.DefaultCAServer (DefaultCAServer.java:lambda$processVerificationStatus$0(472)) - CertificateServer validation is successful
2023-09-14 11:50:46,759 [Time-limited test] INFO  server.StorageContainerManager (StorageContainerManager.java:persistPrimarySCMCerts(932)) - Storing sub-ca certificate serialId 2070814368473 on primary SCM
2023-09-14 11:50:46,760 [Time-limited test] INFO  server.SCMCertStore (SCMCertStore.java:storeValidScmCertificate(122)) - Scm certificate 2070814368473 for CN=scm-sub-2070811276132@fv-az240-193,OU=f2610c74-3f76-4f39-8d8d-f6bdb760dc85,O=5e0ce91c-7fbb-45e6-a73e-97a547a9db8d is stored
2023-09-14 11:50:46,760 [Time-limited test] INFO  server.StorageContainerManager (StorageContainerManager.java:persistPrimarySCMCerts(940)) - Storing root certificate serialId 1
2023-09-14 11:50:46,760 [Time-limited test] INFO  server.SCMCertStore (SCMCertStore.java:storeValidScmCertificate(122)) - Scm certificate 1 for CN=scm-1@fv-az240-193,OU=f2610c74-3f76-4f39-8d8d-f6bdb760dc85,O=5e0ce91c-7fbb-45e6-a73e-97a547a9db8d is stored
2023-09-14 11:50:46,761 [Time-limited test] INFO  ipc.CallQueueManager (CallQueueManager.java:<init>(90)) - Using callQueue: class java.util.concurrent.LinkedBlockingQueue, queueCapacity: 200, scheduler: class org.apache.hadoop.ipc.DefaultRpcScheduler, ipcBackoff: false.
2023-09-14 11:50:46,761 [Time-limited test] INFO  ipc.Server (Server.java:<init>(1287)) - Listener at 0.0.0.0:9961
2023-09-14 11:50:46,765 [ReplicationMonitor] INFO  replication.ReplicationManager (ReplicationManager.java:processAll(365)) - Replication Manager is not ready to run until 300000ms after safemode exit
2023-09-14 11:50:46,765 [Socket Reader #1 for port 9961] INFO  ipc.Server (Server.java:run(1323)) - Starting Socket Reader #1 for port 9961
2023-09-14 11:50:46,773 [Time-limited test] INFO  server.StorageContainerManager (StorageContainerManager.java:<init>(425)) - SCM start with adminUsers: [scm/fv-az240-193.bcold04rutgefduts2gkrghvsa.bx.internal.cloudapp.net@EXAMPLE.COM, scm]
2023-09-14 11:50:46,773 [Time-limited test] INFO  ipc.CallQueueManager (CallQueueManager.java:<init>(90)) - Using callQueue: class java.util.concurrent.LinkedBlockingQueue, queueCapacity: 10000, scheduler: class org.apache.hadoop.ipc.DefaultRpcScheduler, ipcBackoff: false.
2023-09-14 11:50:46,773 [Time-limited test] INFO  ipc.Server (Server.java:<init>(1287)) - Listener at 0.0.0.0:9861
2023-09-14 11:50:46,773 [Socket Reader #1 for port 9861] INFO  ipc.Server (Server.java:run(1323)) - Starting Socket Reader #1 for port 9861
2023-09-14 11:50:46,775 [Time-limited test] INFO  ipc.CallQueueManager (CallQueueManager.java:<init>(90)) - Using callQueue: class java.util.concurrent.LinkedBlockingQueue, queueCapacity: 10000, scheduler: class org.apache.hadoop.ipc.DefaultRpcScheduler, ipcBackoff: false.
2023-09-14 11:50:46,775 [Time-limited test] INFO  ipc.Server (Server.java:<init>(1287)) - Listener at 0.0.0.0:9863
2023-09-14 11:50:46,776 [Socket Reader #1 for port 9863] INFO  ipc.Server (Server.java:run(1323)) - Starting Socket Reader #1 for port 9863
2023-09-14 11:50:46,777 [Time-limited test] INFO  ipc.CallQueueManager (CallQueueManager.java:<init>(90)) - Using callQueue: class java.util.concurrent.LinkedBlockingQueue, queueCapacity: 10000, scheduler: class org.apache.hadoop.ipc.DefaultRpcScheduler, ipcBackoff: false.
2023-09-14 11:50:46,777 [Time-limited test] INFO  ipc.Server (Server.java:<init>(1287)) - Listener at 0.0.0.0:9860
2023-09-14 11:50:46,779 [Socket Reader #1 for port 9860] INFO  ipc.Server (Server.java:run(1323)) - Starting Socket Reader #1 for port 9860
2023-09-14 11:50:46,791 [Time-limited test] INFO  ha.SCMServiceManager (SCMServiceManager.java:register(42)) - Registering service ContainerBalancer.
2023-09-14 11:50:46,791 [Time-limited test] INFO  server.StorageContainerManager (StorageContainerManager.java:<init>(438)) - 
Container Balancer status:
Key                            Value
Running                        false
Container Balancer Configuration values:
Key                                                Value
Threshold                                          10
Max Datanodes to Involve per Iteration(percent)    20
Max Size to Move per Iteration                     500GB
Max Size Entering Target per Iteration             26GB
Max Size Leaving Source per Iteration              26GB
Number of Iterations                               10
Time Limit for Single Container's Movement         65min
Time Limit for Single Container's Replication      50min
Interval between each Iteration                    70min
Whether to Enable Network Topology                 false
Whether to Trigger Refresh Datanode Usage Info     false
Container IDs to Exclude from Balancing            None
Datanodes Specified to be Balanced                 None
Datanodes Excluded from Balancing                  None

2023-09-14 11:50:46,791 [Time-limited test] INFO  ha.SCMContext (SCMContext.java:updateSafeModeStatus(228)) - Update SafeModeStatus from SafeModeStatus{safeModeStatus=true, preCheckPassed=false} to SafeModeStatus{safeModeStatus=true, preCheckPassed=false}.
2023-09-14 11:50:46,792 [Time-limited test] WARN  server.ServerUtils (ServerUtils.java:getDBPath(311)) - ozone.om.db.dirs is not configured. We recommend adding this setting. Falling back to ozone.metadata.dirs instead.
2023-09-14 11:50:46,795 [Time-limited test] INFO  ha.OMHANodeDetails (OMHANodeDetails.java:loadOMHAConfig(115)) - ozone.om.internal.service.id is not defined, falling back to ozone.om.service.ids to find serviceID for OzoneManager if it is HA enabled cluster
2023-09-14 11:50:46,795 [Time-limited test] INFO  ha.OMHANodeDetails (OMHANodeDetails.java:loadOMHAConfig(226)) - Configuration does not have ozone.om.address set. Falling back to the default OM address fv-az240-193.bcold04rutgefduts2gkrghvsa.bx.internal.cloudapp.net/10.1.136.0:1202
2023-09-14 11:50:46,795 [Time-limited test] INFO  ha.OMHANodeDetails (OMHANodeDetails.java:getOMNodeDetailsForNonHA(254)) - OM Service ID is not set. Setting it to the default ID: omServiceIdDefault
2023-09-14 11:50:46,795 [Time-limited test] INFO  ha.OMHANodeDetails (OMHANodeDetails.java:getOMNodeDetailsForNonHA(261)) - OM Node ID is not set. Setting it to the default ID: om1
2023-09-14 11:50:46,796 [Time-limited test] WARN  server.ServerUtils (ServerUtils.java:getDBPath(311)) - ozone.om.db.dirs is not configured. We recommend adding this setting. Falling back to ozone.metadata.dirs instead.
2023-09-14 11:50:46,796 [Time-limited test] INFO  upgrade.AbstractLayoutVersionManager (AbstractLayoutVersionManager.java:init(83)) - Initializing Layout version manager with metadata layout = QUOTA (version = 6), software layout = QUOTA (version = 6)
2023-09-14 11:50:46,868 [Time-limited test] INFO  reflections.Reflections (Reflections.java:scan(232)) - Reflections took 70 ms to scan 2 urls, producing 187 keys and 515 values [using 2 cores]
2023-09-14 11:50:46,868 [Time-limited test] INFO  upgrade.OMLayoutVersionManager (OMLayoutVersionManager.java:lambda$0(115)) - Skipping Upgrade Action MockOmUpgradeAction since it has been finalized.
2023-09-14 11:50:46,868 [Time-limited test] INFO  upgrade.OMLayoutVersionManager (OMLayoutVersionManager.java:lambda$0(115)) - Skipping Upgrade Action QuotaRepairUpgradeAction since it has been finalized.
2023-09-14 11:50:46,872 [pool-456-thread-1] INFO  request.KdcRequest (KdcRequest.java:preauth(651)) - The preauth data is empty.
2023-09-14 11:50:46,872 [pool-456-thread-1] INFO  server.KdcHandler (KdcHandler.java:handleRecoverableException(177)) - KRB error occurred while processing request:Additional pre-authentication required
2023-09-14 11:50:46,875 [pool-456-thread-2] INFO  request.AsRequest (AsRequest.java:issueTicket(112)) - AS_REQ ISSUE: authtime 1694692246875,om/fv-az240-193.bcold04rutgefduts2gkrghvsa.bx.internal.cloudapp.net@EXAMPLE.COM for krbtgt/EXAMPLE.COM@EXAMPLE.COM
2023-09-14 11:50:46,876 [Time-limited test] INFO  security.UserGroupInformation (UserGroupInformation.java:loginUserFromKeytab(1132)) - Login successful for user om/fv-az240-193.bcold04rutgefduts2gkrghvsa.bx.internal.cloudapp.net@EXAMPLE.COM using keytab file om.keytab. Keytab auto renewal enabled : false
2023-09-14 11:50:46,876 [Time-limited test] INFO  om.OzoneManager (OzoneManager.java:loginOMUser(1164)) - Ozone Manager login successful.
2023-09-14 11:50:46,876 [Time-limited test] WARN  server.ServerUtils (ServerUtils.java:getDBPath(311)) - ozone.om.db.dirs is not configured. We recommend adding this setting. Falling back to ozone.metadata.dirs instead.
2023-09-14 11:50:46,877 [Time-limited test] INFO  proxy.SCMBlockLocationFailoverProxyProvider (SCMBlockLocationFailoverProxyProvider.java:<init>(114)) - Created block location fail-over proxy with 1 nodes: [nodeId=scmNodeId,nodeAddress=/0.0.0.0:9863]
2023-09-14 11:50:46,878 [Time-limited test] INFO  om.OzoneManager (OzoneManager.java:getOmDetailsProto(4573)) - OzoneManager ports added:[name: "RPC"
value: 1202
]
2023-09-14 11:50:46,879 [Time-limited test] INFO  security.OMCertificateClient (DefaultCertificateClient.java:updateCertSerialId(1244)) - Certificate serial ID set to 9879877970576
2023-09-14 11:50:46,879 [Time-limited test] WARN  security.OMCertificateClient (DefaultCertificateClient.java:loadAllCertificates(173)) - Certificates could not be loaded.
java.nio.file.NoSuchFileException: /tmp/junit12233635924433447/junit5969573893001307769/scm-meta/om/certs
	at sun.nio.fs.UnixException.translateToIOException(UnixException.java:86)
	at sun.nio.fs.UnixException.rethrowAsIOException(UnixException.java:102)
	at sun.nio.fs.UnixException.rethrowAsIOException(UnixException.java:107)
	at sun.nio.fs.UnixFileSystemProvider.newDirectoryStream(UnixFileSystemProvider.java:427)
	at java.nio.file.Files.newDirectoryStream(Files.java:457)
	at java.nio.file.Files.list(Files.java:3451)
	at org.apache.hadoop.hdds.security.x509.certificate.client.DefaultCertificateClient.loadAllCertificates(DefaultCertificateClient.java:168)
	at org.apache.hadoop.hdds.security.x509.certificate.client.DefaultCertificateClient.updateCertSerialId(DefaultCertificateClient.java:1245)
	at org.apache.hadoop.hdds.security.x509.certificate.client.DefaultCertificateClient.<init>(DefaultCertificateClient.java:157)
	at org.apache.hadoop.hdds.security.x509.certificate.client.CommonCertificateClient.<init>(CommonCertificateClient.java:49)
	at org.apache.hadoop.ozone.security.OMCertificateClient.<init>(OMCertificateClient.java:68)
	at org.apache.hadoop.ozone.om.OzoneManager.<init>(OzoneManager.java:643)
	at org.apache.hadoop.ozone.om.OzoneManager.createOm(OzoneManager.java:757)
	at org.apache.hadoop.ozone.TestSecureOzoneCluster.setupOm(TestSecureOzoneCluster.java:701)
	at org.apache.hadoop.ozone.TestSecureOzoneCluster.testSecureOMInitializationFailure(TestSecureOzoneCluster.java:527)
	at sun.reflect.NativeMethodAccessorImpl.invoke0(Native Method)
	at sun.reflect.NativeMethodAccessorImpl.invoke(NativeMethodAccessorImpl.java:62)
	at sun.reflect.DelegatingMethodAccessorImpl.invoke(DelegatingMethodAccessorImpl.java:43)
	at java.lang.reflect.Method.invoke(Method.java:498)
	at org.junit.runners.model.FrameworkMethod$1.runReflectiveCall(FrameworkMethod.java:59)
	at org.junit.internal.runners.model.ReflectiveCallable.run(ReflectiveCallable.java:12)
	at org.junit.runners.model.FrameworkMethod.invokeExplosively(FrameworkMethod.java:56)
	at org.junit.internal.runners.statements.InvokeMethod.evaluate(InvokeMethod.java:17)
	at org.junit.internal.runners.statements.RunBefores.evaluate(RunBefores.java:26)
	at org.junit.internal.runners.statements.RunAfters.evaluate(RunAfters.java:27)
	at org.junit.rules.ExternalResource$1.evaluate(ExternalResource.java:54)
	at org.junit.internal.runners.statements.FailOnTimeout$CallableStatement.call(FailOnTimeout.java:288)
	at org.junit.internal.runners.statements.FailOnTimeout$CallableStatement.call(FailOnTimeout.java:282)
	at java.util.concurrent.FutureTask.run(FutureTask.java:266)
	at java.lang.Thread.run(Thread.java:750)
2023-09-14 11:50:46,881 [Time-limited test] INFO  om.OzoneManager (OzoneManager.java:<init>(665)) - OM start with adminUsers: [scm/fv-az240-193.bcold04rutgefduts2gkrghvsa.bx.internal.cloudapp.net@EXAMPLE.COM, om]
2023-09-14 11:50:46,881 [Time-limited test] WARN  server.ServerUtils (ServerUtils.java:getDBPath(311)) - ozone.om.db.dirs is not configured. We recommend adding this setting. Falling back to ozone.metadata.dirs instead.
2023-09-14 11:50:46,884 [Time-limited test] INFO  helpers.OmKeyInfo (OmKeyInfo.java:getCodec(71)) - OmKeyInfo.getCodec ignorePipeline = true
2023-09-14 11:50:47,048 [Time-limited test] INFO  om.OzoneManager (OzoneManager.java:instantiateServices(794)) - S3 Multi-Tenancy is disabled
2023-09-14 11:50:47,049 [Time-limited test] INFO  security.OzoneSecretStore (OzoneSecretStore.java:loadState(69)) - Loaded 0 tokens
2023-09-14 11:50:47,049 [Time-limited test] INFO  security.OzoneDelegationTokenSecretManager (OzoneDelegationTokenSecretManager.java:loadTokenSecretState(530)) - Loading token state into token manager.
2023-09-14 11:50:47,049 [Time-limited test] INFO  om.OmSnapshotManager (OmSnapshotManager.java:<init>(174)) - Ozone filesystem snapshot feature is enabled.
2023-09-14 11:50:47,049 [Time-limited test] WARN  server.ServerUtils (ServerUtils.java:getDBPath(311)) - ozone.om.snapshot.diff.db.dir is not configured. We recommend adding this setting. Falling back to ozone.metadata.dirs instead.
2023-09-14 11:50:47,065 [Time-limited test] INFO  snapshot.SnapshotDiffManager (SnapshotDiffManager.java:closeExecutorService(1706)) - Shutting down executorService: 'SstDumpToolExecutor'
2023-09-14 11:50:47,076 [Time-limited test] INFO  om.OzoneManager (OzoneManager.java:addS3GVolumeToDB(4305)) - Created Volume s3v With Owner om required for S3Gateway operations.
2023-09-14 11:50:47,076 [Time-limited test] WARN  server.ServerUtils (ServerUtils.java:getDefaultRatisDirectory(323)) - Storage directory for Ratis is not configured. It is a good idea to map this to an SSD disk. Falling back to ozone.metadata.dirs
2023-09-14 11:50:47,076 [Time-limited test] WARN  utils.OzoneManagerRatisUtils (OzoneManagerRatisUtils.java:getOMRatisSnapshotDirectory(464)) - ozone.om.ratis.snapshot.dir is not configured. Falling back to ozone.metadata.dirs config
2023-09-14 11:50:47,076 [Time-limited test] WARN  server.ServerUtils (ServerUtils.java:getDefaultRatisDirectory(323)) - Storage directory for Ratis is not configured. It is a good idea to map this to an SSD disk. Falling back to ozone.metadata.dirs
2023-09-14 11:50:47,078 [Time-limited test] INFO  ratis.OzoneManagerRatisServer (OzoneManagerRatisServer.java:<init>(163)) - Instantiating OM Ratis server with groupID: omServiceIdDefault and peers: fv-az240-193.bcold04rutgefduts2gkrghvsa.bx.internal.cloudapp.net:9872
2023-09-14 11:50:47,079 [Time-limited test] INFO  ratis.OzoneManagerStateMachine (OzoneManagerStateMachine.java:loadSnapshotInfoFromDB(687)) - LastAppliedIndex is set from TransactionInfo from OM DB as (t:0, i:~)
2023-09-14 11:50:47,079 [Time-limited test] INFO  server.RaftServer (ConfUtils.java:logGet(46)) - raft.rpc.type = GRPC (default)
2023-09-14 11:50:47,079 [Time-limited test] INFO  grpc.GrpcConfigKeys (ConfUtils.java:logFallback(53)) - raft.grpc.admin.host = null (fallback to raft.grpc.server.host)
2023-09-14 11:50:47,079 [Time-limited test] INFO  grpc.GrpcConfigKeys (ConfUtils.java:logFallback(53)) - raft.grpc.admin.port = 9872 (fallback to raft.grpc.server.port)
2023-09-14 11:50:47,079 [Time-limited test] INFO  grpc.GrpcConfigKeys (ConfUtils.java:logFallback(53)) - raft.grpc.client.host = null (fallback to raft.grpc.server.host)
2023-09-14 11:50:47,079 [Time-limited test] INFO  grpc.GrpcConfigKeys (ConfUtils.java:logFallback(53)) - raft.grpc.client.port = 9872 (fallback to raft.grpc.server.port)
2023-09-14 11:50:47,079 [Time-limited test] INFO  grpc.GrpcConfigKeys (ConfUtils.java:logGet(46)) - raft.grpc.server.host = null (default)
2023-09-14 11:50:47,079 [Time-limited test] INFO  grpc.GrpcConfigKeys (ConfUtils.java:logGet(46)) - raft.grpc.server.port = 9872 (custom)
2023-09-14 11:50:47,080 [Time-limited test] INFO  server.GrpcService (ConfUtils.java:logGet(46)) - raft.grpc.message.size.max = 33554432 (custom)
2023-09-14 11:50:47,080 [Time-limited test] INFO  server.RaftServerConfigKeys (ConfUtils.java:logGet(46)) - raft.server.log.appender.buffer.byte-limit = 33554432 (custom)
2023-09-14 11:50:47,080 [Time-limited test] INFO  server.GrpcService (ConfUtils.java:logGet(46)) - raft.grpc.flow.control.window = 1MB (=1048576) (default)
2023-09-14 11:50:47,080 [Time-limited test] INFO  server.RaftServerConfigKeys (ConfUtils.java:logGet(46)) - raft.server.rpc.request.timeout = 3000ms (default)
2023-09-14 11:50:47,080 [Time-limited test] INFO  grpc.GrpcConfigKeys (ConfUtils.java:logGet(46)) - raft.grpc.server.heartbeat.channel = true (default)
2023-09-14 11:50:47,080 [Time-limited test] INFO  grpc.GrpcConfigKeys (ConfUtils.java:logGet(46)) - raft.grpc.server.async.request.thread.pool.cached = true (default)
2023-09-14 11:50:47,080 [Time-limited test] INFO  grpc.GrpcConfigKeys (ConfUtils.java:logGet(46)) - raft.grpc.server.async.request.thread.pool.size = 32 (default)
2023-09-14 11:50:47,081 [Time-limited test] INFO  impl.DataStreamServerImpl (ConfUtils.java:logGet(46)) - raft.datastream.type = DISABLED (default)
2023-09-14 11:50:47,081 [Time-limited test] INFO  server.RaftServerConfigKeys (ConfUtils.java:logGet(46)) - raft.server.threadpool.proxy.cached = true (default)
2023-09-14 11:50:47,081 [Time-limited test] INFO  server.RaftServerConfigKeys (ConfUtils.java:logGet(46)) - raft.server.threadpool.proxy.size = 0 (default)
2023-09-14 11:50:47,082 [Time-limited test] INFO  server.RaftServerConfigKeys (ConfUtils.java:logGet(46)) - raft.server.rpc.slowness.timeout = 120s (custom)
2023-09-14 11:50:47,082 [Time-limited test] INFO  server.RaftServerConfigKeys (ConfUtils.java:logGet(46)) - raft.server.leaderelection.leader.step-down.wait-time = 10s (default)
2023-09-14 11:50:47,082 [Time-limited test] INFO  server.RaftServerConfigKeys (ConfUtils.java:logGet(46)) - raft.server.storage.dir = [/tmp/junit12233635924433447/junit5969573893001307769/scm-meta/ratis] (custom)
2023-09-14 11:50:47,082 [Time-limited test] INFO  server.RaftServer (RaftServerProxy.java:addNew(98)) - om1: addNew group-C5BA1605619E:[om1|rpc:fv-az240-193.bcold04rutgefduts2gkrghvsa.bx.internal.cloudapp.net:9872|priority:0|startupRole:FOLLOWER] returns group-C5BA1605619E:java.util.concurrent.CompletableFuture@4d4cdbc7[Not completed]
2023-09-14 11:50:47,082 [Time-limited test] INFO  om.OzoneManager (OzoneManager.java:initializeRatisServer(2148)) - OzoneManager Ratis server initialized at port 9872
2023-09-14 11:50:47,083 [Time-limited test] INFO  om.OzoneManager (OzoneManager.java:getRpcServer(1196)) - Creating RPC Server
2023-09-14 11:50:47,084 [om1-groupManagement] INFO  server.RaftServer$Division (RaftServerImpl.java:<init>(198)) - om1: new RaftServerImpl for group-C5BA1605619E:[om1|rpc:fv-az240-193.bcold04rutgefduts2gkrghvsa.bx.internal.cloudapp.net:9872|priority:0|startupRole:FOLLOWER] with OzoneManagerStateMachine:uninitialized
2023-09-14 11:50:47,084 [om1-groupManagement] INFO  server.RaftServerConfigKeys (ConfUtils.java:logGet(46)) - raft.server.rpc.timeout.min = 5s (custom)
2023-09-14 11:50:47,084 [om1-groupManagement] INFO  server.RaftServerConfigKeys (ConfUtils.java:logGet(46)) - raft.server.rpc.timeout.max = 5200ms (custom)
2023-09-14 11:50:47,084 [om1-groupManagement] INFO  server.RaftServerConfigKeys (ConfUtils.java:logGet(46)) - raft.server.rpc.sleep.time = 25ms (default)
2023-09-14 11:50:47,084 [om1-groupManagement] INFO  server.RaftServerConfigKeys (ConfUtils.java:logGet(46)) - raft.server.rpc.slowness.timeout = 120s (custom)
2023-09-14 11:50:47,084 [om1-groupManagement] INFO  server.RaftServerConfigKeys (ConfUtils.java:logGet(46)) - raft.server.leaderelection.leader.step-down.wait-time = 10s (default)
2023-09-14 11:50:47,084 [om1-groupManagement] INFO  server.RaftServerConfigKeys (ConfUtils.java:logGet(46)) - raft.server.sleep.deviation.threshold = 300ms (default)
2023-09-14 11:50:47,084 [om1-groupManagement] INFO  server.RaftServer$Division (ServerState.java:<init>(120)) - om1@group-C5BA1605619E: ConfigurationManager, init=-1: peers:[om1|rpc:fv-az240-193.bcold04rutgefduts2gkrghvsa.bx.internal.cloudapp.net:9872|priority:0|startupRole:FOLLOWER]|listeners:[], old=null, confs=<EMPTY_MAP>
2023-09-14 11:50:47,084 [om1-groupManagement] INFO  server.RaftServerConfigKeys (ConfUtils.java:logGet(46)) - raft.server.storage.dir = [/tmp/junit12233635924433447/junit5969573893001307769/scm-meta/ratis] (custom)
2023-09-14 11:50:47,084 [om1-groupManagement] INFO  server.RaftServerConfigKeys (ConfUtils.java:logGet(46)) - raft.server.log.corruption.policy = EXCEPTION (default)
2023-09-14 11:50:47,085 [om1-groupManagement] INFO  server.RaftServerConfigKeys (ConfUtils.java:logGet(46)) - raft.server.storage.free-space.min = 0MB (=0) (default)
2023-09-14 11:50:47,085 [om1-groupManagement] INFO  server.RaftServerConfigKeys (ConfUtils.java:logGet(46)) - raft.server.notification.no-leader.timeout = 120s (custom)
2023-09-14 11:50:47,085 [om1-groupManagement] INFO  server.RaftServerConfigKeys (ConfUtils.java:logGet(46)) - raft.server.read.timeout = 10s (default)
2023-09-14 11:50:47,085 [om1-groupManagement] INFO  server.RaftServerConfigKeys (ConfUtils.java:logGet(46)) - raft.server.retrycache.expirytime = 300s (custom)
2023-09-14 11:50:47,085 [om1-groupManagement] INFO  server.RaftServerConfigKeys (ConfUtils.java:logGet(46)) - raft.server.retrycache.statistics.expirytime = 100μs (default)
2023-09-14 11:50:47,085 [om1-groupManagement] INFO  server.RaftServerConfigKeys (ConfUtils.java:logGet(46)) - raft.server.read.option = DEFAULT (default)
2023-09-14 11:50:47,086 [om1-groupManagement] INFO  server.RaftServerConfigKeys (ConfUtils.java:logGet(46)) - raft.server.rpc.request.timeout = 3000ms (default)
2023-09-14 11:50:47,086 [om1-groupManagement] INFO  server.RaftServerConfigKeys (ConfUtils.java:logGet(46)) - raft.server.log.appender.install.snapshot.enabled = false (custom)
2023-09-14 11:50:47,086 [om1-groupManagement] INFO  server.RaftServerConfigKeys (ConfUtils.java:logGet(46)) - raft.server.threadpool.server.cached = true (default)
2023-09-14 11:50:47,086 [om1-groupManagement] INFO  server.RaftServerConfigKeys (ConfUtils.java:logGet(46)) - raft.server.threadpool.server.size = 0 (default)
2023-09-14 11:50:47,086 [om1-groupManagement] INFO  server.RaftServerConfigKeys (ConfUtils.java:logGet(46)) - raft.server.threadpool.client.cached = true (default)
2023-09-14 11:50:47,086 [om1-groupManagement] INFO  server.RaftServerConfigKeys (ConfUtils.java:logGet(46)) - raft.server.threadpool.client.size = 0 (default)
2023-09-14 11:50:47,505 [Time-limited test] INFO  reflections.Reflections (Reflections.java:scan(232)) - Reflections took 421 ms to scan 20 urls, producing 70 keys and 6001 values [using 2 cores]
2023-09-14 11:50:47,506 [Time-limited test] INFO  ipc.CallQueueManager (CallQueueManager.java:<init>(90)) - Using callQueue: class java.util.concurrent.LinkedBlockingQueue, queueCapacity: 10000, scheduler: class org.apache.hadoop.ipc.DefaultRpcScheduler, ipcBackoff: false.
2023-09-14 11:50:47,507 [Time-limited test] INFO  ipc.Server (Server.java:<init>(1287)) - Listener at fv-az240-193.bcold04rutgefduts2gkrghvsa.bx.internal.cloudapp.net:1202
2023-09-14 11:50:47,509 [Socket Reader #1 for port 1202] INFO  ipc.Server (Server.java:run(1323)) - Starting Socket Reader #1 for port 1202
2023-09-14 11:50:47,536 [Time-limited test] INFO  ha.OMHANodeDetails (OMHANodeDetails.java:loadOMHAConfig(115)) - ozone.om.internal.service.id is not defined, falling back to ozone.om.service.ids to find serviceID for OzoneManager if it is HA enabled cluster
2023-09-14 11:50:47,537 [Time-limited test] INFO  ha.OMHANodeDetails (OMHANodeDetails.java:loadOMHAConfig(226)) - Configuration does not have ozone.om.address set. Falling back to the default OM address fv-az240-193.bcold04rutgefduts2gkrghvsa.bx.internal.cloudapp.net/10.1.136.0:1202
2023-09-14 11:50:47,537 [Time-limited test] INFO  ha.OMHANodeDetails (OMHANodeDetails.java:getOMNodeDetailsForNonHA(254)) - OM Service ID is not set. Setting it to the default ID: omServiceIdDefault
2023-09-14 11:50:47,537 [Time-limited test] INFO  ha.OMHANodeDetails (OMHANodeDetails.java:getOMNodeDetailsForNonHA(261)) - OM Node ID is not set. Setting it to the default ID: om1
2023-09-14 11:50:47,537 [Time-limited test] WARN  server.ServerUtils (ServerUtils.java:getDBPath(311)) - ozone.om.db.dirs is not configured. We recommend adding this setting. Falling back to ozone.metadata.dirs instead.
2023-09-14 11:50:47,539 [Time-limited test] INFO  upgrade.AbstractLayoutVersionManager (AbstractLayoutVersionManager.java:init(83)) - Initializing Layout version manager with metadata layout = QUOTA (version = 6), software layout = QUOTA (version = 6)
2023-09-14 11:50:47,626 [Time-limited test] INFO  reflections.Reflections (Reflections.java:scan(232)) - Reflections took 86 ms to scan 2 urls, producing 187 keys and 515 values [using 2 cores]
2023-09-14 11:50:47,626 [Time-limited test] INFO  upgrade.OMLayoutVersionManager (OMLayoutVersionManager.java:lambda$0(115)) - Skipping Upgrade Action MockOmUpgradeAction since it has been finalized.
2023-09-14 11:50:47,626 [Time-limited test] INFO  upgrade.OMLayoutVersionManager (OMLayoutVersionManager.java:lambda$0(115)) - Skipping Upgrade Action QuotaRepairUpgradeAction since it has been finalized.
2023-09-14 11:50:47,629 [Time-limited test] INFO  ha.OMHANodeDetails (OMHANodeDetails.java:loadOMHAConfig(115)) - ozone.om.internal.service.id is not defined, falling back to ozone.om.service.ids to find serviceID for OzoneManager if it is HA enabled cluster
2023-09-14 11:50:47,629 [Time-limited test] INFO  ha.OMHANodeDetails (OMHANodeDetails.java:loadOMHAConfig(226)) - Configuration does not have ozone.om.address set. Falling back to the default OM address fv-az240-193.bcold04rutgefduts2gkrghvsa.bx.internal.cloudapp.net/10.1.136.0:1202
2023-09-14 11:50:47,630 [Time-limited test] INFO  ha.OMHANodeDetails (OMHANodeDetails.java:getOMNodeDetailsForNonHA(254)) - OM Service ID is not set. Setting it to the default ID: omServiceIdDefault
2023-09-14 11:50:47,630 [Time-limited test] INFO  ha.OMHANodeDetails (OMHANodeDetails.java:getOMNodeDetailsForNonHA(261)) - OM Node ID is not set. Setting it to the default ID: om1
2023-09-14 11:50:47,630 [Time-limited test] WARN  server.ServerUtils (ServerUtils.java:getDBPath(311)) - ozone.om.db.dirs is not configured. We recommend adding this setting. Falling back to ozone.metadata.dirs instead.
2023-09-14 11:50:47,632 [Time-limited test] INFO  upgrade.AbstractLayoutVersionManager (AbstractLayoutVersionManager.java:init(83)) - Initializing Layout version manager with metadata layout = QUOTA (version = 6), software layout = QUOTA (version = 6)
2023-09-14 11:50:47,699 [Time-limited test] INFO  reflections.Reflections (Reflections.java:scan(232)) - Reflections took 65 ms to scan 2 urls, producing 187 keys and 515 values [using 2 cores]
2023-09-14 11:50:47,699 [Time-limited test] INFO  upgrade.OMLayoutVersionManager (OMLayoutVersionManager.java:lambda$0(115)) - Skipping Upgrade Action MockOmUpgradeAction since it has been finalized.
2023-09-14 11:50:47,699 [Time-limited test] INFO  upgrade.OMLayoutVersionManager (OMLayoutVersionManager.java:lambda$0(115)) - Skipping Upgrade Action QuotaRepairUpgradeAction since it has been finalized.
2023-09-14 11:50:47,700 [Time-limited test] INFO  ha.OMHANodeDetails (OMHANodeDetails.java:loadOMHAConfig(115)) - ozone.om.internal.service.id is not defined, falling back to ozone.om.service.ids to find serviceID for OzoneManager if it is HA enabled cluster
2023-09-14 11:50:47,700 [Time-limited test] INFO  ha.OMHANodeDetails (OMHANodeDetails.java:loadOMHAConfig(226)) - Configuration does not have ozone.om.address set. Falling back to the default OM address fv-az240-193.bcold04rutgefduts2gkrghvsa.bx.internal.cloudapp.net/10.1.136.0:1202
2023-09-14 11:50:47,700 [Time-limited test] INFO  ha.OMHANodeDetails (OMHANodeDetails.java:getOMNodeDetailsForNonHA(254)) - OM Service ID is not set. Setting it to the default ID: omServiceIdDefault
2023-09-14 11:50:47,700 [Time-limited test] INFO  ha.OMHANodeDetails (OMHANodeDetails.java:getOMNodeDetailsForNonHA(261)) - OM Node ID is not set. Setting it to the default ID: om1
2023-09-14 11:50:47,700 [Time-limited test] WARN  server.ServerUtils (ServerUtils.java:getDBPath(311)) - ozone.om.db.dirs is not configured. We recommend adding this setting. Falling back to ozone.metadata.dirs instead.
2023-09-14 11:50:47,702 [Time-limited test] INFO  upgrade.AbstractLayoutVersionManager (AbstractLayoutVersionManager.java:init(83)) - Initializing Layout version manager with metadata layout = QUOTA (version = 6), software layout = QUOTA (version = 6)
2023-09-14 11:50:47,769 [Time-limited test] INFO  reflections.Reflections (Reflections.java:scan(232)) - Reflections took 66 ms to scan 2 urls, producing 187 keys and 515 values [using 2 cores]
2023-09-14 11:50:47,769 [Time-limited test] INFO  upgrade.OMLayoutVersionManager (OMLayoutVersionManager.java:lambda$0(115)) - Skipping Upgrade Action MockOmUpgradeAction since it has been finalized.
2023-09-14 11:50:47,769 [Time-limited test] INFO  upgrade.OMLayoutVersionManager (OMLayoutVersionManager.java:lambda$0(115)) - Skipping Upgrade Action QuotaRepairUpgradeAction since it has been finalized.
2023-09-14 11:50:47,770 [Time-limited test] INFO  impl.DefaultInternalKdcServerImpl (DefaultInternalKdcServerImpl.java:doStop(102)) - Default Internal kdc server stopped.
2023-09-14 11:50:48,770 [Time-limited test] INFO  minikdc.MiniKdc (MiniKdc.java:stop(359)) - MiniKdc stopped.
2023-09-14 11:50:48,771 [Time-limited test] INFO  server.StorageContainerManager (StorageContainerManager.java:stop(1591)) - Container Balancer is not running.
2023-09-14 11:50:48,771 [Time-limited test] INFO  server.StorageContainerManager (StorageContainerManager.java:stopReplicationManager(1724)) - Stopping Replication Manager Service.
2023-09-14 11:50:48,771 [Time-limited test] INFO  replication.ReplicationManager (ReplicationManager.java:stop(323)) - Stopping Replication Monitor Thread.
2023-09-14 11:50:48,771 [Time-limited test] INFO  server.StorageContainerManager (StorageContainerManager.java:stop(1600)) - Stopping the Datanode Admin Monitor.
2023-09-14 11:50:48,771 [Under Replicated Processor] WARN  replication.UnhealthyReplicationProcessor (UnhealthyReplicationProcessor.java:run(180)) - Under Replicated Processor interrupted. Exiting...
2023-09-14 11:50:48,771 [Time-limited test] INFO  server.StorageContainerManager (StorageContainerManager.java:stop(1607)) - Stopping datanode service RPC server
2023-09-14 11:50:48,771 [Time-limited test] INFO  server.SCMDatanodeProtocolServer (SCMDatanodeProtocolServer.java:stop(424)) - Stopping the RPC server for DataNodes
2023-09-14 11:50:48,771 [Time-limited test] INFO  ipc.Server (Server.java:stop(3523)) - Stopping server on 9861
2023-09-14 11:50:48,772 [Over Replicated Processor] WARN  replication.UnhealthyReplicationProcessor (UnhealthyReplicationProcessor.java:run(180)) - Over Replicated Processor interrupted. Exiting...
2023-09-14 11:50:48,771 [ReplicationMonitor] INFO  replication.ReplicationManager (ReplicationManager.java:run(921)) - Replication Monitor Thread is stopped
2023-09-14 11:50:49,743 [SCM Heartbeat Processing Thread - 0] WARN  node.NodeStateManager (NodeStateManager.java:scheduleNextHealthCheck(874)) - Current Thread is interrupted, shutting down HB processing thread for Node Manager.
2023-09-14 11:50:49,744 [Time-limited test] INFO  server.StorageContainerManager (StorageContainerManager.java:stop(1615)) - Stopping block service RPC server
2023-09-14 11:50:49,744 [Time-limited test] INFO  server.SCMBlockProtocolServer (SCMBlockProtocolServer.java:stop(163)) - Stopping the RPC server for Block Protocol
2023-09-14 11:50:49,744 [Time-limited test] INFO  ipc.Server (Server.java:stop(3523)) - Stopping server on 9863
2023-09-14 11:50:49,744 [Time-limited test] INFO  server.StorageContainerManager (StorageContainerManager.java:stop(1622)) - Stopping the StorageContainerLocationProtocol RPC server
2023-09-14 11:50:49,744 [Time-limited test] INFO  server.SCMClientProtocolServer (SCMClientProtocolServer.java:stop(210)) - Stopping the RPC server for Client Protocol
2023-09-14 11:50:49,744 [Time-limited test] INFO  ipc.Server (Server.java:stop(3523)) - Stopping server on 9860
2023-09-14 11:50:49,745 [Time-limited test] INFO  server.StorageContainerManager (StorageContainerManager.java:stop(1629)) - Stopping Storage Container Manager HTTP server.
2023-09-14 11:50:49,745 [Time-limited test] INFO  server.StorageContainerManager (StorageContainerManager.java:stop(1637)) - Stopping SCM LayoutVersionManager Service.
2023-09-14 11:50:49,745 [Time-limited test] INFO  server.SCMSecurityProtocolServer (SCMSecurityProtocolServer.java:stop(550)) - Stopping the SCMSecurityProtocolServer.
2023-09-14 11:50:49,745 [Time-limited test] INFO  ipc.Server (Server.java:stop(3523)) - Stopping server on 9961
2023-09-14 11:50:49,745 [Time-limited test] INFO  server.SCMUpdateServiceGrpcServer (SCMUpdateServiceGrpcServer.java:stop(73)) - SCMUpdateService stopping
2023-09-14 11:50:49,745 [Time-limited test] INFO  server.StorageContainerManager (StorageContainerManager.java:stop(1649)) - Stopping Block Manager Service.
2023-09-14 11:50:49,745 [Time-limited test] INFO  utils.BackgroundService (BackgroundService.java:shutdown(141)) - Shutting down service SCMBlockDeletingService
2023-09-14 11:50:49,745 [Time-limited test] INFO  utils.BackgroundService (BackgroundService.java:shutdown(141)) - Shutting down service SCMBlockDeletingService
2023-09-14 11:50:49,745 [Time-limited test] INFO  server.StorageContainerManager (StorageContainerManager.java:stop(1669)) - Stopping SCM Event Queue.
2023-09-14 11:50:49,745 [Time-limited test] INFO  server.StorageContainerManager (StorageContainerManager.java:stop(1680)) - Stopping SCM HA services.
2023-09-14 11:50:49,746 [Time-limited test] INFO  pipeline.BackgroundPipelineCreator (BackgroundPipelineCreator.java:stop(149)) - Stopping RatisPipelineUtilsThread.
2023-09-14 11:50:49,746 [RatisPipelineUtilsThread - 0] WARN  pipeline.BackgroundPipelineCreator (BackgroundPipelineCreator.java:run(180)) - RatisPipelineUtilsThread is interrupted.
2023-09-14 11:50:49,746 [Time-limited test] INFO  BackgroundPipelineScrubber (BackgroundSCMService.java:stop(131)) - Stopping BackgroundPipelineScrubber Service.
2023-09-14 11:50:49,746 [BackgroundPipelineScrubberThread] WARN  BackgroundPipelineScrubber (BackgroundSCMService.java:run(115)) - BackgroundPipelineScrubber is interrupted, exit
2023-09-14 11:50:49,746 [Time-limited test] WARN  pipeline.BackgroundPipelineCreator (BackgroundPipelineCreator.java:stop(145)) - RatisPipelineUtilsThread is not running, just ignore.
2023-09-14 11:50:49,746 [Time-limited test] INFO  BackgroundPipelineScrubber (BackgroundSCMService.java:stop(126)) - BackgroundPipelineScrubber Service is not running, skip stop.
2023-09-14 11:50:49,746 [Time-limited test] INFO  ExpiredContainerReplicaOpScrubber (BackgroundSCMService.java:stop(131)) - Stopping ExpiredContainerReplicaOpScrubber Service.
2023-09-14 11:50:49,746 [ExpiredContainerReplicaOpScrubberThread] WARN  ExpiredContainerReplicaOpScrubber (BackgroundSCMService.java:run(115)) - ExpiredContainerReplicaOpScrubber is interrupted, exit
2023-09-14 11:50:49,746 [Time-limited test] INFO  utils.BackgroundService (BackgroundService.java:shutdown(141)) - Shutting down service SCMBlockDeletingService
2023-09-14 11:50:49,746 [Time-limited test] INFO  replication.ReplicationManager (ReplicationManager.java:stop(333)) - Replication Monitor Thread is not running.
2023-09-14 11:50:49,746 [Time-limited test] WARN  balancer.ContainerBalancer (ContainerBalancer.java:stop(326)) - Cannot stop Container Balancer because it's not running or stopping
2023-09-14 11:50:49,746 [Time-limited test] INFO  server.StorageContainerManager (StorageContainerManager.java:stop(1715)) - Stopping SCM MetadataStore.
2023-09-14 11:50:49,747 [Time-limited test] INFO  server.SCMSecurityProtocolServer (SCMSecurityProtocolServer.java:join(560)) - Join RPC server for SCMSecurityProtocolServer.
2023-09-14 11:50:49,748 [Time-limited test] INFO  server.SCMSecurityProtocolServer (SCMSecurityProtocolServer.java:join(562)) - Join gRPC server for SCMSecurityProtocolServer.
2023-09-14 11:50:49,748 [Time-limited test] INFO  om.OzoneManager (OzoneManager.java:stop(2207)) - om1[fv-az240-193.bcold04rutgefduts2gkrghvsa.bx.internal.cloudapp.net:1202]: Stopping Ozone Manager
2023-09-14 11:50:49,748 [Time-limited test] INFO  ipc.Server (Server.java:stop(3523)) - Stopping server on 1202
2023-09-14 11:50:49,748 [Time-limited test] INFO  ratis.OzoneManagerStateMachine (OzoneManagerStateMachine.java:close(534)) - StateMachine has shutdown. Shutdown OzoneManager if not already shutdown.
2023-09-14 11:50:49,748 [Time-limited test] INFO  ratis.OzoneManagerDoubleBuffer (OzoneManagerDoubleBuffer.java:stopDaemon(551)) - Stopping OMDoubleBuffer flush thread
2023-09-14 11:50:49,749 [OMDoubleBufferFlushThread] INFO  ratis.OzoneManagerDoubleBuffer (OzoneManagerDoubleBuffer.java:canFlush(638)) - OMDoubleBuffer flush thread OMDoubleBufferFlushThread is interrupted and will exit.
2023-09-14 11:50:49,749 [Time-limited test] INFO  om.OzoneManager (OzoneManager.java:stopSecretManager(1066)) - Stopping secret key client.
2023-09-14 11:50:49,749 [Time-limited test] INFO  om.OzoneManager (OzoneManager.java:stopSecretManager(1071)) - Stopping OM delegation token secret manager.
2023-09-14 11:50:49,749 [Time-limited test] INFO  rocksdiff.RocksDBCheckpointDiffer (RocksDBCheckpointDiffer.java:close(343)) - Shutting down CompactionDagPruningService.
2023-09-14 11:50:49,750 [Time-limited test] INFO  snapshot.SnapshotDiffManager (SnapshotDiffManager.java:closeExecutorService(1706)) - Shutting down executorService: 'SnapDiffExecutor'
2023-09-14 11:50:49,751 [Time-limited test] INFO  snapshot.SnapshotDiffManager (SnapshotDiffManager.java:closeExecutorService(1706)) - Shutting down executorService: 'SstDumpToolExecutor'
2023-09-14 11:50:49,751 [Time-limited test] INFO  utils.BackgroundService (BackgroundService.java:shutdown(141)) - Shutting down service SnapshotDiffCleanupService
]]></system-out>
  </testcase>
  <testcase name="testDelegationTokenRenewal" classname="org.apache.hadoop.ozone.TestSecureOzoneCluster" time="10.297">
    <system-out><![CDATA[2023-09-14 11:50:49,770 [Time-limited test] INFO  net.ServerSocketUtil (ServerSocketUtil.java:getPort(55)) - Using port 9860
2023-09-14 11:50:49,770 [Time-limited test] INFO  net.ServerSocketUtil (ServerSocketUtil.java:getPort(55)) - Using port 9861
2023-09-14 11:50:49,770 [Time-limited test] INFO  net.ServerSocketUtil (ServerSocketUtil.java:getPort(55)) - Using port 9863
2023-09-14 11:50:49,770 [Time-limited test] INFO  net.ServerSocketUtil (ServerSocketUtil.java:getPort(55)) - Using port 9961
2023-09-14 11:50:49,771 [Time-limited test] INFO  net.ServerSocketUtil (ServerSocketUtil.java:getPort(55)) - Using port 1200
2023-09-14 11:50:49,771 [Time-limited test] INFO  net.ServerSocketUtil (ServerSocketUtil.java:getPort(55)) - Using port 1201
2023-09-14 11:50:49,771 [Time-limited test] INFO  minikdc.MiniKdc (MiniKdc.java:<init>(225)) - Configuration:
2023-09-14 11:50:49,771 [Time-limited test] INFO  minikdc.MiniKdc (MiniKdc.java:<init>(226)) - ---------------------------------------------------------------
2023-09-14 11:50:49,771 [Time-limited test] INFO  minikdc.MiniKdc (MiniKdc.java:<init>(228)) -   debug: false
2023-09-14 11:50:49,771 [Time-limited test] INFO  minikdc.MiniKdc (MiniKdc.java:<init>(228)) -   transport: TCP
2023-09-14 11:50:49,771 [Time-limited test] INFO  minikdc.MiniKdc (MiniKdc.java:<init>(228)) -   max.ticket.lifetime: 86400000
2023-09-14 11:50:49,771 [Time-limited test] INFO  minikdc.MiniKdc (MiniKdc.java:<init>(228)) -   org.name: EXAMPLE
2023-09-14 11:50:49,771 [Time-limited test] INFO  minikdc.MiniKdc (MiniKdc.java:<init>(228)) -   kdc.port: 0
2023-09-14 11:50:49,771 [Time-limited test] INFO  minikdc.MiniKdc (MiniKdc.java:<init>(228)) -   org.domain: COM
2023-09-14 11:50:49,771 [Time-limited test] INFO  minikdc.MiniKdc (MiniKdc.java:<init>(228)) -   max.renewable.lifetime: 604800000
2023-09-14 11:50:49,771 [Time-limited test] INFO  minikdc.MiniKdc (MiniKdc.java:<init>(228)) -   instance: DefaultKrbServer
2023-09-14 11:50:49,771 [Time-limited test] INFO  minikdc.MiniKdc (MiniKdc.java:<init>(228)) -   kdc.bind.address: localhost
2023-09-14 11:50:49,771 [Time-limited test] INFO  minikdc.MiniKdc (MiniKdc.java:<init>(230)) - ---------------------------------------------------------------
2023-09-14 11:50:49,773 [Time-limited test] INFO  minikdc.MiniKdc (MiniKdc.java:start(285)) - MiniKdc started.
2023-09-14 11:50:49,976 [Time-limited test] INFO  om.OzoneManager (OzoneManager.java:getOmDetailsProto(4573)) - OzoneManager ports added:[name: "RPC"
value: 1202
]
2023-09-14 11:50:49,977 [Time-limited test] WARN  server.ServerUtils (ServerUtils.java:getDBPath(311)) - ozone.om.db.dirs is not configured. We recommend adding this setting. Falling back to ozone.metadata.dirs instead.
2023-09-14 11:50:49,978 [Time-limited test] INFO  ha.OMHANodeDetails (OMHANodeDetails.java:loadOMHAConfig(115)) - ozone.om.internal.service.id is not defined, falling back to ozone.om.service.ids to find serviceID for OzoneManager if it is HA enabled cluster
2023-09-14 11:50:49,979 [Time-limited test] INFO  ha.OMHANodeDetails (OMHANodeDetails.java:loadOMHAConfig(226)) - Configuration does not have ozone.om.address set. Falling back to the default OM address fv-az240-193.bcold04rutgefduts2gkrghvsa.bx.internal.cloudapp.net/10.1.136.0:1202
2023-09-14 11:50:49,979 [Time-limited test] INFO  ha.OMHANodeDetails (OMHANodeDetails.java:getOMNodeDetailsForNonHA(254)) - OM Service ID is not set. Setting it to the default ID: omServiceIdDefault
2023-09-14 11:50:49,979 [Time-limited test] INFO  ha.OMHANodeDetails (OMHANodeDetails.java:getOMNodeDetailsForNonHA(261)) - OM Node ID is not set. Setting it to the default ID: om1
2023-09-14 11:50:49,979 [Time-limited test] WARN  server.ServerUtils (ServerUtils.java:getDBPath(311)) - ozone.om.db.dirs is not configured. We recommend adding this setting. Falling back to ozone.metadata.dirs instead.
2023-09-14 11:50:49,980 [Time-limited test] INFO  upgrade.AbstractLayoutVersionManager (AbstractLayoutVersionManager.java:init(83)) - Initializing Layout version manager with metadata layout = QUOTA (version = 6), software layout = QUOTA (version = 6)
2023-09-14 11:50:50,045 [Time-limited test] INFO  reflections.Reflections (Reflections.java:scan(232)) - Reflections took 64 ms to scan 2 urls, producing 187 keys and 515 values [using 2 cores]
2023-09-14 11:50:50,045 [Time-limited test] INFO  upgrade.OMLayoutVersionManager (OMLayoutVersionManager.java:lambda$0(115)) - Skipping Upgrade Action MockOmUpgradeAction since it has been finalized.
2023-09-14 11:50:50,045 [Time-limited test] INFO  upgrade.OMLayoutVersionManager (OMLayoutVersionManager.java:lambda$0(115)) - Skipping Upgrade Action QuotaRepairUpgradeAction since it has been finalized.
2023-09-14 11:50:50,053 [pool-519-thread-1] INFO  request.KdcRequest (KdcRequest.java:preauth(651)) - The preauth data is empty.
2023-09-14 11:50:50,053 [pool-519-thread-1] INFO  server.KdcHandler (KdcHandler.java:handleRecoverableException(177)) - KRB error occurred while processing request:Additional pre-authentication required
2023-09-14 11:50:50,059 [pool-519-thread-2] INFO  request.AsRequest (AsRequest.java:issueTicket(112)) - AS_REQ ISSUE: authtime 1694692250058,om/fv-az240-193.bcold04rutgefduts2gkrghvsa.bx.internal.cloudapp.net@EXAMPLE.COM for krbtgt/EXAMPLE.COM@EXAMPLE.COM
2023-09-14 11:50:50,060 [Time-limited test] INFO  security.UserGroupInformation (UserGroupInformation.java:loginUserFromKeytab(1132)) - Login successful for user om/fv-az240-193.bcold04rutgefduts2gkrghvsa.bx.internal.cloudapp.net@EXAMPLE.COM using keytab file om.keytab. Keytab auto renewal enabled : false
2023-09-14 11:50:50,060 [Time-limited test] INFO  om.OzoneManager (OzoneManager.java:loginOMUser(1164)) - Ozone Manager login successful.
2023-09-14 11:50:50,060 [Time-limited test] WARN  server.ServerUtils (ServerUtils.java:getDBPath(311)) - ozone.om.db.dirs is not configured. We recommend adding this setting. Falling back to ozone.metadata.dirs instead.
2023-09-14 11:50:50,061 [Time-limited test] INFO  proxy.SCMBlockLocationFailoverProxyProvider (SCMBlockLocationFailoverProxyProvider.java:<init>(114)) - Created block location fail-over proxy with 1 nodes: [nodeId=scmNodeId,nodeAddress=localhost/127.0.0.1:9863]
2023-09-14 11:50:50,062 [Time-limited test] INFO  om.OzoneManager (OzoneManager.java:getOmDetailsProto(4573)) - OzoneManager ports added:[name: "RPC"
value: 1202
]
2023-09-14 11:50:50,063 [Time-limited test] INFO  security.OMCertificateClient (DefaultCertificateClient.java:updateCertSerialId(1244)) - Certificate serial ID set to 9879877970576
2023-09-14 11:50:50,063 [Time-limited test] WARN  security.OMCertificateClient (DefaultCertificateClient.java:loadAllCertificates(173)) - Certificates could not be loaded.
java.nio.file.NoSuchFileException: /tmp/junit3774881425379482067/junit7814832279997675836/om-meta/om/certs
	at sun.nio.fs.UnixException.translateToIOException(UnixException.java:86)
	at sun.nio.fs.UnixException.rethrowAsIOException(UnixException.java:102)
	at sun.nio.fs.UnixException.rethrowAsIOException(UnixException.java:107)
	at sun.nio.fs.UnixFileSystemProvider.newDirectoryStream(UnixFileSystemProvider.java:427)
	at java.nio.file.Files.newDirectoryStream(Files.java:457)
	at java.nio.file.Files.list(Files.java:3451)
	at org.apache.hadoop.hdds.security.x509.certificate.client.DefaultCertificateClient.loadAllCertificates(DefaultCertificateClient.java:168)
	at org.apache.hadoop.hdds.security.x509.certificate.client.DefaultCertificateClient.updateCertSerialId(DefaultCertificateClient.java:1245)
	at org.apache.hadoop.hdds.security.x509.certificate.client.DefaultCertificateClient.<init>(DefaultCertificateClient.java:157)
	at org.apache.hadoop.hdds.security.x509.certificate.client.CommonCertificateClient.<init>(CommonCertificateClient.java:49)
	at org.apache.hadoop.ozone.security.OMCertificateClient.<init>(OMCertificateClient.java:68)
	at org.apache.hadoop.ozone.om.OzoneManager.<init>(OzoneManager.java:643)
	at org.apache.hadoop.ozone.om.OzoneManager.createOm(OzoneManager.java:757)
	at org.apache.hadoop.ozone.TestSecureOzoneCluster.setupOm(TestSecureOzoneCluster.java:701)
	at org.apache.hadoop.ozone.TestSecureOzoneCluster.testDelegationTokenRenewal(TestSecureOzoneCluster.java:626)
	at sun.reflect.NativeMethodAccessorImpl.invoke0(Native Method)
	at sun.reflect.NativeMethodAccessorImpl.invoke(NativeMethodAccessorImpl.java:62)
	at sun.reflect.DelegatingMethodAccessorImpl.invoke(DelegatingMethodAccessorImpl.java:43)
	at java.lang.reflect.Method.invoke(Method.java:498)
	at org.junit.runners.model.FrameworkMethod$1.runReflectiveCall(FrameworkMethod.java:59)
	at org.junit.internal.runners.model.ReflectiveCallable.run(ReflectiveCallable.java:12)
	at org.junit.runners.model.FrameworkMethod.invokeExplosively(FrameworkMethod.java:56)
	at org.junit.internal.runners.statements.InvokeMethod.evaluate(InvokeMethod.java:17)
	at org.junit.internal.runners.statements.RunBefores.evaluate(RunBefores.java:26)
	at org.junit.internal.runners.statements.RunAfters.evaluate(RunAfters.java:27)
	at org.junit.rules.ExternalResource$1.evaluate(ExternalResource.java:54)
	at org.junit.internal.runners.statements.FailOnTimeout$CallableStatement.call(FailOnTimeout.java:288)
	at org.junit.internal.runners.statements.FailOnTimeout$CallableStatement.call(FailOnTimeout.java:282)
	at java.util.concurrent.FutureTask.run(FutureTask.java:266)
	at java.lang.Thread.run(Thread.java:750)
2023-09-14 11:50:50,064 [Time-limited test] INFO  om.OzoneManager (OzoneManager.java:<init>(665)) - OM start with adminUsers: [om/fv-az240-193.bcold04rutgefduts2gkrghvsa.bx.internal.cloudapp.net@EXAMPLE.COM, om]
2023-09-14 11:50:50,065 [Time-limited test] WARN  server.ServerUtils (ServerUtils.java:getDBPath(311)) - ozone.om.db.dirs is not configured. We recommend adding this setting. Falling back to ozone.metadata.dirs instead.
2023-09-14 11:50:50,065 [Time-limited test] INFO  helpers.OmKeyInfo (OmKeyInfo.java:getCodec(71)) - OmKeyInfo.getCodec ignorePipeline = true
2023-09-14 11:50:50,232 [Time-limited test] INFO  om.OzoneManager (OzoneManager.java:instantiateServices(794)) - S3 Multi-Tenancy is disabled
2023-09-14 11:50:50,233 [Time-limited test] INFO  security.OzoneSecretStore (OzoneSecretStore.java:loadState(69)) - Loaded 0 tokens
2023-09-14 11:50:50,233 [Time-limited test] INFO  security.OzoneDelegationTokenSecretManager (OzoneDelegationTokenSecretManager.java:loadTokenSecretState(530)) - Loading token state into token manager.
2023-09-14 11:50:50,233 [Time-limited test] INFO  om.OmSnapshotManager (OmSnapshotManager.java:<init>(174)) - Ozone filesystem snapshot feature is enabled.
2023-09-14 11:50:50,233 [Time-limited test] WARN  server.ServerUtils (ServerUtils.java:getDBPath(311)) - ozone.om.snapshot.diff.db.dir is not configured. We recommend adding this setting. Falling back to ozone.metadata.dirs instead.
2023-09-14 11:50:50,254 [Time-limited test] INFO  snapshot.SnapshotDiffManager (SnapshotDiffManager.java:closeExecutorService(1706)) - Shutting down executorService: 'SstDumpToolExecutor'
2023-09-14 11:50:50,256 [Time-limited test] INFO  om.OzoneManager (OzoneManager.java:addS3GVolumeToDB(4305)) - Created Volume s3v With Owner om required for S3Gateway operations.
2023-09-14 11:50:50,256 [Time-limited test] WARN  server.ServerUtils (ServerUtils.java:getDefaultRatisDirectory(323)) - Storage directory for Ratis is not configured. It is a good idea to map this to an SSD disk. Falling back to ozone.metadata.dirs
2023-09-14 11:50:50,256 [Time-limited test] WARN  utils.OzoneManagerRatisUtils (OzoneManagerRatisUtils.java:getOMRatisSnapshotDirectory(464)) - ozone.om.ratis.snapshot.dir is not configured. Falling back to ozone.metadata.dirs config
2023-09-14 11:50:50,256 [Time-limited test] WARN  server.ServerUtils (ServerUtils.java:getDefaultRatisDirectory(323)) - Storage directory for Ratis is not configured. It is a good idea to map this to an SSD disk. Falling back to ozone.metadata.dirs
2023-09-14 11:50:50,259 [Time-limited test] INFO  ratis.OzoneManagerRatisServer (OzoneManagerRatisServer.java:<init>(163)) - Instantiating OM Ratis server with groupID: omServiceIdDefault and peers: fv-az240-193.bcold04rutgefduts2gkrghvsa.bx.internal.cloudapp.net:9872
2023-09-14 11:50:50,259 [Time-limited test] INFO  ratis.OzoneManagerStateMachine (OzoneManagerStateMachine.java:loadSnapshotInfoFromDB(687)) - LastAppliedIndex is set from TransactionInfo from OM DB as (t:0, i:~)
2023-09-14 11:50:50,260 [Time-limited test] INFO  server.RaftServer (ConfUtils.java:logGet(46)) - raft.rpc.type = GRPC (default)
2023-09-14 11:50:50,260 [Time-limited test] INFO  grpc.GrpcConfigKeys (ConfUtils.java:logFallback(53)) - raft.grpc.admin.host = null (fallback to raft.grpc.server.host)
2023-09-14 11:50:50,260 [Time-limited test] INFO  grpc.GrpcConfigKeys (ConfUtils.java:logFallback(53)) - raft.grpc.admin.port = 9872 (fallback to raft.grpc.server.port)
2023-09-14 11:50:50,260 [Time-limited test] INFO  grpc.GrpcConfigKeys (ConfUtils.java:logFallback(53)) - raft.grpc.client.host = null (fallback to raft.grpc.server.host)
2023-09-14 11:50:50,260 [Time-limited test] INFO  grpc.GrpcConfigKeys (ConfUtils.java:logFallback(53)) - raft.grpc.client.port = 9872 (fallback to raft.grpc.server.port)
2023-09-14 11:50:50,260 [Time-limited test] INFO  grpc.GrpcConfigKeys (ConfUtils.java:logGet(46)) - raft.grpc.server.host = null (default)
2023-09-14 11:50:50,260 [Time-limited test] INFO  grpc.GrpcConfigKeys (ConfUtils.java:logGet(46)) - raft.grpc.server.port = 9872 (custom)
2023-09-14 11:50:50,260 [Time-limited test] INFO  server.GrpcService (ConfUtils.java:logGet(46)) - raft.grpc.message.size.max = 33554432 (custom)
2023-09-14 11:50:50,260 [Time-limited test] INFO  server.RaftServerConfigKeys (ConfUtils.java:logGet(46)) - raft.server.log.appender.buffer.byte-limit = 33554432 (custom)
2023-09-14 11:50:50,260 [Time-limited test] INFO  server.GrpcService (ConfUtils.java:logGet(46)) - raft.grpc.flow.control.window = 1MB (=1048576) (default)
2023-09-14 11:50:50,260 [Time-limited test] INFO  server.RaftServerConfigKeys (ConfUtils.java:logGet(46)) - raft.server.rpc.request.timeout = 3000ms (default)
2023-09-14 11:50:50,260 [Time-limited test] INFO  grpc.GrpcConfigKeys (ConfUtils.java:logGet(46)) - raft.grpc.server.heartbeat.channel = true (default)
2023-09-14 11:50:50,261 [Time-limited test] INFO  grpc.GrpcConfigKeys (ConfUtils.java:logGet(46)) - raft.grpc.server.async.request.thread.pool.cached = true (default)
2023-09-14 11:50:50,261 [Time-limited test] INFO  grpc.GrpcConfigKeys (ConfUtils.java:logGet(46)) - raft.grpc.server.async.request.thread.pool.size = 32 (default)
2023-09-14 11:50:50,262 [Time-limited test] INFO  impl.DataStreamServerImpl (ConfUtils.java:logGet(46)) - raft.datastream.type = DISABLED (default)
2023-09-14 11:50:50,262 [Time-limited test] INFO  server.RaftServerConfigKeys (ConfUtils.java:logGet(46)) - raft.server.threadpool.proxy.cached = true (default)
2023-09-14 11:50:50,262 [Time-limited test] INFO  server.RaftServerConfigKeys (ConfUtils.java:logGet(46)) - raft.server.threadpool.proxy.size = 0 (default)
2023-09-14 11:50:50,262 [Time-limited test] INFO  server.RaftServerConfigKeys (ConfUtils.java:logGet(46)) - raft.server.rpc.slowness.timeout = 120s (custom)
2023-09-14 11:50:50,262 [Time-limited test] INFO  server.RaftServerConfigKeys (ConfUtils.java:logGet(46)) - raft.server.leaderelection.leader.step-down.wait-time = 10s (default)
2023-09-14 11:50:50,262 [Time-limited test] INFO  server.RaftServerConfigKeys (ConfUtils.java:logGet(46)) - raft.server.storage.dir = [/tmp/junit3774881425379482067/junit7814832279997675836/om-meta/ratis] (custom)
2023-09-14 11:50:50,263 [Time-limited test] INFO  server.RaftServer (RaftServerProxy.java:addNew(98)) - om1: addNew group-C5BA1605619E:[om1|rpc:fv-az240-193.bcold04rutgefduts2gkrghvsa.bx.internal.cloudapp.net:9872|priority:0|startupRole:FOLLOWER] returns group-C5BA1605619E:java.util.concurrent.CompletableFuture@5ebe9e4f[Not completed]
2023-09-14 11:50:50,263 [Time-limited test] INFO  om.OzoneManager (OzoneManager.java:initializeRatisServer(2148)) - OzoneManager Ratis server initialized at port 9872
RaftServerImpl.java:<init>(198)) - om1: new RaftServerImpl for group-C5BA1605619E:[om1|rpc:fv-az240-193.bcold04rutgefduts2gkrghvsa.bx.internal.cloudapp.net:9872|priority:0|startupRole:FOLLOWER] with OzoneManagerStateMachine:uninitialized
2023-09-14 11:50:50,263 [Time-limited test] INFO  om.OzoneManager (OzoneManager.java:initializeRatisServer(2148)) - OzoneManager Ratis server initialized at port 9872
2023-09-14 11:50:50,263 [Time-limited test] INFO  om.OzoneManager (ConfUtils.java:logGet(46)) - raft.server.rpc.timeout.min = 5s (custom)
2023-09-14 11:50:50,263 [Time-limited test] INFO  om.OzoneManager (OzoneManager.java:getRpcServer(1196)) - Creating RPC Server
2023-09-14 11:50:50,263 [om1-groupManagement] INFO  server.RaftServerConfigKeys (ConfUtils.java:logGet(46)) - raft.server.rpc.timeout.max = 5200ms (custom)
2023-09-14 11:50:50,263 [om1-groupManagement] INFO  server.RaftServerConfigKeys (ConfUtils.java:logGet(46)) - raft.server.rpc.sleep.time = 25ms (default)
2023-09-14 11:50:50,263 [om1-groupManagement] INFO  server.RaftServerConfigKeys (ConfUtils.java:logGet(46)) - raft.server.rpc.slowness.timeout = 120s (custom)
2023-09-14 11:50:50,263 [om1-groupManagement] INFO  server.RaftServerConfigKeys (ConfUtils.java:logGet(46)) - raft.server.leaderelection.leader.step-down.wait-time = 10s (default)
2023-09-14 11:50:50,263 [om1-groupManagement] INFO  server.RaftServerConfigKeys (ConfUtils.java:logGet(46)) - raft.server.sleep.deviation.threshold = 300ms (default)
2023-09-14 11:50:50,267 [om1-groupManagement] INFO  server.RaftServer$Division (ServerState.java:<init>(120)) - om1@group-C5BA1605619E: ConfigurationManager, init=-1: peers:[om1|rpc:fv-az240-193.bcold04rutgefduts2gkrghvsa.bx.internal.cloudapp.net:9872|priority:0|startupRole:FOLLOWER]|listeners:[], old=null, confs=<EMPTY_MAP>
2023-09-14 11:50:50,267 [om1-groupManagement] INFO  server.RaftServerConfigKeys (ConfUtils.java:logGet(46)) - raft.server.storage.dir = [/tmp/junit3774881425379482067/junit7814832279997675836/om-meta/ratis] (custom)
2023-09-14 11:50:50,267 [om1-groupManagement] INFO  server.RaftServerConfigKeys (ConfUtils.java:logGet(46)) - raft.server.log.corruption.policy = EXCEPTION (default)
2023-09-14 11:50:50,267 [om1-groupManagement] INFO  server.RaftServerConfigKeys (ConfUtils.java:logGet(46)) - raft.server.storage.free-space.min = 0MB (=0) (default)
2023-09-14 11:50:50,267 [om1-groupManagement] INFO  server.RaftServerConfigKeys (ConfUtils.java:logGet(46)) - raft.server.notification.no-leader.timeout = 120s (custom)
2023-09-14 11:50:50,268 [om1-groupManagement] INFO  server.RaftServerConfigKeys (ConfUtils.java:logGet(46)) - raft.server.read.timeout = 10s (default)
2023-09-14 11:50:50,268 [om1-groupManagement] INFO  server.RaftServerConfigKeys (ConfUtils.java:logGet(46)) - raft.server.retrycache.expirytime = 300s (custom)
2023-09-14 11:50:50,268 [om1-groupManagement] INFO  server.RaftServerConfigKeys (ConfUtils.java:logGet(46)) - raft.server.retrycache.statistics.expirytime = 100μs (default)
2023-09-14 11:50:50,268 [om1-groupManagement] INFO  server.RaftServerConfigKeys (ConfUtils.java:logGet(46)) - raft.server.read.option = DEFAULT (default)
2023-09-14 11:50:50,268 [om1-groupManagement] INFO  server.RaftServerConfigKeys (ConfUtils.java:logGet(46)) - raft.server.rpc.request.timeout = 3000ms (default)
2023-09-14 11:50:50,268 [om1-groupManagement] INFO  server.RaftServerConfigKeys (ConfUtils.java:logGet(46)) - raft.server.log.appender.install.snapshot.enabled = false (custom)
2023-09-14 11:50:50,268 [om1-groupManagement] INFO  server.RaftServerConfigKeys (ConfUtils.java:logGet(46)) - raft.server.threadpool.server.cached = true (default)
2023-09-14 11:50:50,268 [om1-groupManagement] INFO  server.RaftServerConfigKeys (ConfUtils.java:logGet(46)) - raft.server.threadpool.server.size = 0 (default)
2023-09-14 11:50:50,269 [om1-groupManagement] INFO  server.RaftServerConfigKeys (ConfUtils.java:logGet(46)) - raft.server.threadpool.client.cached = true (default)
2023-09-14 11:50:50,269 [om1-groupManagement] INFO  server.RaftServerConfigKeys (ConfUtils.java:logGet(46)) - raft.server.threadpool.client.size = 0 (default)
2023-09-14 11:50:50,638 [Time-limited test] INFO  reflections.Reflections (Reflections.java:scan(232)) - Reflections took 374 ms to scan 20 urls, producing 70 keys and 6001 values [using 2 cores]
2023-09-14 11:50:50,640 [Time-limited test] INFO  ipc.CallQueueManager (CallQueueManager.java:<init>(90)) - Using callQueue: class java.util.concurrent.LinkedBlockingQueue, queueCapacity: 10000, scheduler: class org.apache.hadoop.ipc.DefaultRpcScheduler, ipcBackoff: false.
2023-09-14 11:50:50,640 [Time-limited test] INFO  ipc.Server (Server.java:<init>(1287)) - Listener at fv-az240-193.bcold04rutgefduts2gkrghvsa.bx.internal.cloudapp.net:1202
2023-09-14 11:50:50,641 [Socket Reader #1 for port 1202] INFO  ipc.Server (Server.java:run(1323)) - Starting Socket Reader #1 for port 1202
2023-09-14 11:50:50,895 [Time-limited test] INFO  utils.SelfSignedCertificate (SelfSignedCertificate.java:generateCertificate(157)) - Certificate 1 is issued by CN=rootCA@localhost,OU=scm1,O=cluster1 to CN=rootCA@localhost,OU=scm1,O=cluster1, valid from Thu Sep 14 11:50:50 UTC 2023 to Sun Oct 22 11:50:50 UTC 2028
2023-09-14 11:50:50,898 [Time-limited test] INFO  authority.DefaultApprover (DefaultApprover.java:sign(154)) - Extensions in CSR: 2.5.29.15
2023-09-14 11:50:50,898 [Time-limited test] INFO  authority.DefaultApprover (DefaultApprover.java:sign(158)) - Extensions to add to the certificate if they present in CSR: 2.5.29.17, 2.5.29.19, 1.3.6.1.5.5.7.1.12, 2.5.29.35, 2.5.29.37, 2.5.29.15
2023-09-14 11:50:50,901 [Time-limited test] INFO  ssl.ReloadingX509KeyManager (ReloadingX509KeyManager.java:loadKeyManager(222)) - Key manager is loaded with certificate chain
2023-09-14 11:50:50,901 [Time-limited test] INFO  ssl.ReloadingX509KeyManager (ReloadingX509KeyManager.java:loadKeyManager(224)) - [
[
  Version: V3
  Subject: O=cluster1, OU=scm1, CN=localhost
  Signature Algorithm: SHA256withRSA, OID = 1.2.840.113549.1.1.11

  Key:  Sun RSA public key, 2048 bits
  params: null
  modulus: 24983903818729891198214596198303691406046027896860698380890575803163796549310441631419180213329103727810855816522309966603476641517350277945311968805343057634427052344216293007170052368884307113514451261667890761607203193249938093765281848712658976925982944686426518267902940314810686792851150947940751663967307557006301802045464029394601287831801822292846368995010589315050870421168806010894852338006693537677704908425448449535819523481367887325238011922283591107499679656403686636224432322352123243928411541339197460294223584139211873827841270463305223458517971453308874364380538973180783208650856330723326149677953
  public exponent: 65537
  Validity: [From: Thu Sep 14 11:50:50 UTC 2023,
               To: Fri Sep 13 11:50:50 UTC 2024]
  Issuer: O=cluster1, OU=scm1, CN=rootCA@localhost
  SerialNumber: [    01e32565 f6e7]

Certificate Extensions: 1
[1]: ObjectId: 2.5.29.15 Criticality=true
KeyUsage [
  DigitalSignature
  Key_Encipherment
  Data_Encipherment
  Key_Agreement
]

]
  Algorithm: [SHA256withRSA]
  Signature:
0000: 7C AA BC 3A 86 28 F4 8D   2C D1 47 9D 79 C7 93 00  ...:.(..,.G.y...
0010: B2 90 43 FC 43 1E B5 96   03 3E 7C 8A 9B D1 98 B0  ..C.C....>......
0020: C4 9F FC 79 00 AE 5E A9   73 D8 5B B6 E6 54 42 CC  ...y..^.s.[..TB.
0030: 6F 8F F1 88 84 EA 70 03   B7 39 F6 B1 DF 1B 72 51  o.....p..9....rQ
0040: 96 62 A9 67 0B 29 52 77   E4 F2 D2 BB A0 B1 DD A4  .b.g.)Rw........
0050: 9A E3 51 EB C2 5B AB 9F   5E 09 FE B3 12 B2 E8 ED  ..Q..[..^.......
0060: 80 AA 9A 46 F8 81 A2 96   07 F3 75 92 E0 72 5F 79  ...F......u..r_y
0070: DF BA 77 CA D0 89 C4 8B   C7 AB 34 E5 2F 75 9C 4B  ..w.......4./u.K
0080: 61 1B 8A 97 CD 9E 5F 64   2E C0 15 ED 86 7A 72 D7  a....._d.....zr.
0090: E8 67 9F 8F E3 55 40 B9   EC 73 FD D6 12 7A 8D 49  .g...U@..s...z.I
00A0: D3 1D A5 DE 55 FF 75 CE   EE C9 14 06 A1 D9 53 DB  ....U.u.......S.
00B0: C1 6D 13 65 68 8E F5 A2   83 BC 00 81 A5 77 69 BF  .m.eh........wi.
00C0: 3E 5B BD 51 10 71 76 84   D5 57 8E 3D 9F 9E 4E DB  >[.Q.qv..W.=..N.
00D0: E8 91 C0 1A 95 62 FB 07   D0 0B FA D0 BD 02 7B CC  .....b..........
00E0: B1 C3 0A E4 5F 39 A7 EB   D4 A5 9E E7 DF 0F 1E 4E  ...._9.........N
00F0: 8E 24 D7 0E FA 24 93 CF   06 29 FD 09 AB E8 27 CC  .$...$...)....'.

]
2023-09-14 11:50:50,901 [Time-limited test] INFO  ssl.ReloadingX509KeyManager (ReloadingX509KeyManager.java:loadKeyManager(224)) - [
[
  Version: V3
  Subject: O=cluster1, OU=scm1, CN=rootCA@localhost
  Signature Algorithm: SHA256withRSA, OID = 1.2.840.113549.1.1.11

  Key:  Sun RSA public key, 2048 bits
  params: null
  modulus: 19516829875110272057162278605181604669064838821579093676029067981750811334679199838361505059274804083922310106951653059645033959752406905145550747863256631545835839604052255979310176707091515066504152616733971902675350978856607813724447548021259314496966908348380763975403106288747771015798244018908733550113783552843974754266854667166855122293238696808298384653177581989787232531056393108600027836567569263939794015670277109153779894001318679567410509299601549435864885003472414401756485873173717424801352278778037704476059395388164053987899531400121059327292090966535027710650644131616413530129238342455348644105453
  public exponent: 65537
  Validity: [From: Thu Sep 14 11:50:50 UTC 2023,
               To: Sun Oct 22 11:50:50 UTC 2028]
  Issuer: O=cluster1, OU=scm1, CN=rootCA@localhost
  SerialNumber: [    01]

Certificate Extensions: 2
[1]: ObjectId: 2.5.29.19 Criticality=true
BasicConstraints:[
  CA:true
  PathLen:2147483647
]

[2]: ObjectId: 2.5.29.15 Criticality=true
KeyUsage [
  Key_CertSign
  Crl_Sign
]

]
  Algorithm: [SHA256withRSA]
  Signature:
0000: 43 2E CD 93 A8 D5 A0 1F   BA C6 42 9E B7 BD 1C CE  C.........B.....
0010: 54 42 B8 BC EF 5C 91 01   3C 2A D4 A2 44 44 45 DD  TB...\..<*..DDE.
0020: A3 CA 73 7B 9B 10 70 96   E6 42 D5 E7 A1 5D C8 42  ..s...p..B...].B
0030: D0 94 79 F3 27 72 8A DA   B4 D9 F0 02 B2 41 55 40  ..y.'r.......AU@
0040: 51 66 AF 10 64 5C 62 21   0F 4F D0 67 EF 27 19 B2  Qf..d\b!.O.g.'..
0050: 7D 82 F7 36 ED 08 4D 71   F9 C9 FE 53 B0 D2 86 69  ...6..Mq...S...i
0060: BA DF 2D AF 8B 74 3E 8A   AB 3C 19 6D 9E EA DF 25  ..-..t>..<.m...%
0070: 33 E3 3E 53 19 37 3F 03   41 F7 B2 42 10 AD DE 48  3.>S.7?.A..B...H
0080: 70 08 36 A7 FA 4B D4 BB   2D C1 11 4E 2B CD 80 03  p.6..K..-..N+...
0090: 7D 37 4E BA 30 9E EA E5   AB B5 26 FB 14 51 15 8E  .7N.0.....&..Q..
00A0: 7C BA 5D 27 3D 6B 05 3D   EA A9 F3 61 5B A3 98 91  ..]'=k.=...a[...
00B0: 7A FD 69 92 75 96 8D 8B   34 D8 E9 87 5A 4F 14 39  z.i.u...4...ZO.9
00C0: F5 05 62 C6 FE C5 AA CE   F8 9D B5 23 B4 E6 03 52  ..b........#...R
00D0: 84 6A 1D E6 AF CA 2B E4   B5 9B 78 B8 9B CE AE 84  .j....+...x.....
00E0: A1 28 7A CC F0 81 8D 8D   E2 6F BC 27 1D 16 6D 69  .(z......o.'..mi
00F0: C5 02 1B 7F 0A 5F D0 29   20 21 5E DA 35 67 B3 0A  ....._.) !^.5g..

]
2023-09-14 11:50:50,902 [Time-limited test] INFO  ssl.ReloadingX509TrustManager (ReloadingX509TrustManager.java:insertCertsToKeystore(188)) - Trust manager is loaded with certificates
2023-09-14 11:50:50,902 [Time-limited test] INFO  ssl.ReloadingX509TrustManager (ReloadingX509TrustManager.java:insertCertsToKeystore(192)) - [
[
  Version: V3
  Subject: O=cluster1, OU=scm1, CN=rootCA@localhost
  Signature Algorithm: SHA256withRSA, OID = 1.2.840.113549.1.1.11

  Key:  Sun RSA public key, 2048 bits
  params: null
  modulus: 19516829875110272057162278605181604669064838821579093676029067981750811334679199838361505059274804083922310106951653059645033959752406905145550747863256631545835839604052255979310176707091515066504152616733971902675350978856607813724447548021259314496966908348380763975403106288747771015798244018908733550113783552843974754266854667166855122293238696808298384653177581989787232531056393108600027836567569263939794015670277109153779894001318679567410509299601549435864885003472414401756485873173717424801352278778037704476059395388164053987899531400121059327292090966535027710650644131616413530129238342455348644105453
  public exponent: 65537
  Validity: [From: Thu Sep 14 11:50:50 UTC 2023,
               To: Sun Oct 22 11:50:50 UTC 2028]
  Issuer: O=cluster1, OU=scm1, CN=rootCA@localhost
  SerialNumber: [    01]

Certificate Extensions: 2
[1]: ObjectId: 2.5.29.19 Criticality=true
BasicConstraints:[
  CA:true
  PathLen:2147483647
]

[2]: ObjectId: 2.5.29.15 Criticality=true
KeyUsage [
  Key_CertSign
  Crl_Sign
]

]
  Algorithm: [SHA256withRSA]
  Signature:
0000: 43 2E CD 93 A8 D5 A0 1F   BA C6 42 9E B7 BD 1C CE  C.........B.....
0010: 54 42 B8 BC EF 5C 91 01   3C 2A D4 A2 44 44 45 DD  TB...\..<*..DDE.
0020: A3 CA 73 7B 9B 10 70 96   E6 42 D5 E7 A1 5D C8 42  ..s...p..B...].B
0030: D0 94 79 F3 27 72 8A DA   B4 D9 F0 02 B2 41 55 40  ..y.'r.......AU@
0040: 51 66 AF 10 64 5C 62 21   0F 4F D0 67 EF 27 19 B2  Qf..d\b!.O.g.'..
0050: 7D 82 F7 36 ED 08 4D 71   F9 C9 FE 53 B0 D2 86 69  ...6..Mq...S...i
0060: BA DF 2D AF 8B 74 3E 8A   AB 3C 19 6D 9E EA DF 25  ..-..t>..<.m...%
0070: 33 E3 3E 53 19 37 3F 03   41 F7 B2 42 10 AD DE 48  3.>S.7?.A..B...H
0080: 70 08 36 A7 FA 4B D4 BB   2D C1 11 4E 2B CD 80 03  p.6..K..-..N+...
0090: 7D 37 4E BA 30 9E EA E5   AB B5 26 FB 14 51 15 8E  .7N.0.....&..Q..
00A0: 7C BA 5D 27 3D 6B 05 3D   EA A9 F3 61 5B A3 98 91  ..]'=k.=...a[...
00B0: 7A FD 69 92 75 96 8D 8B   34 D8 E9 87 5A 4F 14 39  z.i.u...4...ZO.9
00C0: F5 05 62 C6 FE C5 AA CE   F8 9D B5 23 B4 E6 03 52  ..b........#...R
00D0: 84 6A 1D E6 AF CA 2B E4   B5 9B 78 B8 9B CE AE 84  .j....+...x.....
00E0: A1 28 7A CC F0 81 8D 8D   E2 6F BC 27 1D 16 6D 69  .(z......o.'..mi
00F0: C5 02 1B 7F 0A 5F D0 29   20 21 5E DA 35 67 B3 0A  ....._.) !^.5g..

]
2023-09-14 11:50:50,902 [Time-limited test] INFO  ssl.ReloadingX509KeyManager (ReloadingX509KeyManager.java:loadKeyManager(222)) - Key manager is loaded with certificate chain
2023-09-14 11:50:50,903 [Time-limited test] INFO  ssl.ReloadingX509KeyManager (ReloadingX509KeyManager.java:loadKeyManager(224)) - [
[
  Version: V3
  Subject: O=cluster1, OU=scm1, CN=localhost
  Signature Algorithm: SHA256withRSA, OID = 1.2.840.113549.1.1.11

  Key:  Sun RSA public key, 2048 bits
  params: null
  modulus: 24983903818729891198214596198303691406046027896860698380890575803163796549310441631419180213329103727810855816522309966603476641517350277945311968805343057634427052344216293007170052368884307113514451261667890761607203193249938093765281848712658976925982944686426518267902940314810686792851150947940751663967307557006301802045464029394601287831801822292846368995010589315050870421168806010894852338006693537677704908425448449535819523481367887325238011922283591107499679656403686636224432322352123243928411541339197460294223584139211873827841270463305223458517971453308874364380538973180783208650856330723326149677953
  public exponent: 65537
  Validity: [From: Thu Sep 14 11:50:50 UTC 2023,
               To: Fri Sep 13 11:50:50 UTC 2024]
  Issuer: O=cluster1, OU=scm1, CN=rootCA@localhost
  SerialNumber: [    01e32565 f6e7]

Certificate Extensions: 1
[1]: ObjectId: 2.5.29.15 Criticality=true
KeyUsage [
  DigitalSignature
  Key_Encipherment
  Data_Encipherment
  Key_Agreement
]

]
  Algorithm: [SHA256withRSA]
  Signature:
0000: 7C AA BC 3A 86 28 F4 8D   2C D1 47 9D 79 C7 93 00  ...:.(..,.G.y...
0010: B2 90 43 FC 43 1E B5 96   03 3E 7C 8A 9B D1 98 B0  ..C.C....>......
0020: C4 9F FC 79 00 AE 5E A9   73 D8 5B B6 E6 54 42 CC  ...y..^.s.[..TB.
0030: 6F 8F F1 88 84 EA 70 03   B7 39 F6 B1 DF 1B 72 51  o.....p..9....rQ
0040: 96 62 A9 67 0B 29 52 77   E4 F2 D2 BB A0 B1 DD A4  .b.g.)Rw........
0050: 9A E3 51 EB C2 5B AB 9F   5E 09 FE B3 12 B2 E8 ED  ..Q..[..^.......
0060: 80 AA 9A 46 F8 81 A2 96   07 F3 75 92 E0 72 5F 79  ...F......u..r_y
0070: DF BA 77 CA D0 89 C4 8B   C7 AB 34 E5 2F 75 9C 4B  ..w.......4./u.K
0080: 61 1B 8A 97 CD 9E 5F 64   2E C0 15 ED 86 7A 72 D7  a....._d.....zr.
0090: E8 67 9F 8F E3 55 40 B9   EC 73 FD D6 12 7A 8D 49  .g...U@..s...z.I
00A0: D3 1D A5 DE 55 FF 75 CE   EE C9 14 06 A1 D9 53 DB  ....U.u.......S.
00B0: C1 6D 13 65 68 8E F5 A2   83 BC 00 81 A5 77 69 BF  .m.eh........wi.
00C0: 3E 5B BD 51 10 71 76 84   D5 57 8E 3D 9F 9E 4E DB  >[.Q.qv..W.=..N.
00D0: E8 91 C0 1A 95 62 FB 07   D0 0B FA D0 BD 02 7B CC  .....b..........
00E0: B1 C3 0A E4 5F 39 A7 EB   D4 A5 9E E7 DF 0F 1E 4E  ...._9.........N
00F0: 8E 24 D7 0E FA 24 93 CF   06 29 FD 09 AB E8 27 CC  .$...$...)....'.

]
2023-09-14 11:50:50,903 [Time-limited test] INFO  ssl.ReloadingX509KeyManager (ReloadingX509KeyManager.java:loadKeyManager(224)) - [
[
  Version: V3
  Subject: O=cluster1, OU=scm1, CN=rootCA@localhost
  Signature Algorithm: SHA256withRSA, OID = 1.2.840.113549.1.1.11

  Key:  Sun RSA public key, 2048 bits
  params: null
  modulus: 19516829875110272057162278605181604669064838821579093676029067981750811334679199838361505059274804083922310106951653059645033959752406905145550747863256631545835839604052255979310176707091515066504152616733971902675350978856607813724447548021259314496966908348380763975403106288747771015798244018908733550113783552843974754266854667166855122293238696808298384653177581989787232531056393108600027836567569263939794015670277109153779894001318679567410509299601549435864885003472414401756485873173717424801352278778037704476059395388164053987899531400121059327292090966535027710650644131616413530129238342455348644105453
  public exponent: 65537
  Validity: [From: Thu Sep 14 11:50:50 UTC 2023,
               To: Sun Oct 22 11:50:50 UTC 2028]
  Issuer: O=cluster1, OU=scm1, CN=rootCA@localhost
  SerialNumber: [    01]

Certificate Extensions: 2
[1]: ObjectId: 2.5.29.19 Criticality=true
BasicConstraints:[
  CA:true
  PathLen:2147483647
]

[2]: ObjectId: 2.5.29.15 Criticality=true
KeyUsage [
  Key_CertSign
  Crl_Sign
]

]
  Algorithm: [SHA256withRSA]
  Signature:
0000: 43 2E CD 93 A8 D5 A0 1F   BA C6 42 9E B7 BD 1C CE  C.........B.....
0010: 54 42 B8 BC EF 5C 91 01   3C 2A D4 A2 44 44 45 DD  TB...\..<*..DDE.
0020: A3 CA 73 7B 9B 10 70 96   E6 42 D5 E7 A1 5D C8 42  ..s...p..B...].B
0030: D0 94 79 F3 27 72 8A DA   B4 D9 F0 02 B2 41 55 40  ..y.'r.......AU@
0040: 51 66 AF 10 64 5C 62 21   0F 4F D0 67 EF 27 19 B2  Qf..d\b!.O.g.'..
0050: 7D 82 F7 36 ED 08 4D 71   F9 C9 FE 53 B0 D2 86 69  ...6..Mq...S...i
0060: BA DF 2D AF 8B 74 3E 8A   AB 3C 19 6D 9E EA DF 25  ..-..t>..<.m...%
0070: 33 E3 3E 53 19 37 3F 03   41 F7 B2 42 10 AD DE 48  3.>S.7?.A..B...H
0080: 70 08 36 A7 FA 4B D4 BB   2D C1 11 4E 2B CD 80 03  p.6..K..-..N+...
0090: 7D 37 4E BA 30 9E EA E5   AB B5 26 FB 14 51 15 8E  .7N.0.....&..Q..
00A0: 7C BA 5D 27 3D 6B 05 3D   EA A9 F3 61 5B A3 98 91  ..]'=k.=...a[...
00B0: 7A FD 69 92 75 96 8D 8B   34 D8 E9 87 5A 4F 14 39  z.i.u...4...ZO.9
00C0: F5 05 62 C6 FE C5 AA CE   F8 9D B5 23 B4 E6 03 52  ..b........#...R
00D0: 84 6A 1D E6 AF CA 2B E4   B5 9B 78 B8 9B CE AE 84  .j....+...x.....
00E0: A1 28 7A CC F0 81 8D 8D   E2 6F BC 27 1D 16 6D 69  .(z......o.'..mi
00F0: C5 02 1B 7F 0A 5F D0 29   20 21 5E DA 35 67 B3 0A  ....._.) !^.5g..

]
2023-09-14 11:50:50,903 [Time-limited test] INFO  ssl.ReloadingX509TrustManager (ReloadingX509TrustManager.java:insertCertsToKeystore(188)) - Trust manager is loaded with certificates
2023-09-14 11:50:50,904 [Time-limited test] INFO  ssl.ReloadingX509TrustManager (ReloadingX509TrustManager.java:insertCertsToKeystore(192)) - [
[
  Version: V3
  Subject: O=cluster1, OU=scm1, CN=rootCA@localhost
  Signature Algorithm: SHA256withRSA, OID = 1.2.840.113549.1.1.11

  Key:  Sun RSA public key, 2048 bits
  params: null
  modulus: 19516829875110272057162278605181604669064838821579093676029067981750811334679199838361505059274804083922310106951653059645033959752406905145550747863256631545835839604052255979310176707091515066504152616733971902675350978856607813724447548021259314496966908348380763975403106288747771015798244018908733550113783552843974754266854667166855122293238696808298384653177581989787232531056393108600027836567569263939794015670277109153779894001318679567410509299601549435864885003472414401756485873173717424801352278778037704476059395388164053987899531400121059327292090966535027710650644131616413530129238342455348644105453
  public exponent: 65537
  Validity: [From: Thu Sep 14 11:50:50 UTC 2023,
               To: Sun Oct 22 11:50:50 UTC 2028]
  Issuer: O=cluster1, OU=scm1, CN=rootCA@localhost
  SerialNumber: [    01]

Certificate Extensions: 2
[1]: ObjectId: 2.5.29.19 Criticality=true
BasicConstraints:[
  CA:true
  PathLen:2147483647
]

[2]: ObjectId: 2.5.29.15 Criticality=true
KeyUsage [
  Key_CertSign
  Crl_Sign
]

]
  Algorithm: [SHA256withRSA]
  Signature:
0000: 43 2E CD 93 A8 D5 A0 1F   BA C6 42 9E B7 BD 1C CE  C.........B.....
0010: 54 42 B8 BC EF 5C 91 01   3C 2A D4 A2 44 44 45 DD  TB...\..<*..DDE.
0020: A3 CA 73 7B 9B 10 70 96   E6 42 D5 E7 A1 5D C8 42  ..s...p..B...].B
0030: D0 94 79 F3 27 72 8A DA   B4 D9 F0 02 B2 41 55 40  ..y.'r.......AU@
0040: 51 66 AF 10 64 5C 62 21   0F 4F D0 67 EF 27 19 B2  Qf..d\b!.O.g.'..
0050: 7D 82 F7 36 ED 08 4D 71   F9 C9 FE 53 B0 D2 86 69  ...6..Mq...S...i
0060: BA DF 2D AF 8B 74 3E 8A   AB 3C 19 6D 9E EA DF 25  ..-..t>..<.m...%
0070: 33 E3 3E 53 19 37 3F 03   41 F7 B2 42 10 AD DE 48  3.>S.7?.A..B...H
0080: 70 08 36 A7 FA 4B D4 BB   2D C1 11 4E 2B CD 80 03  p.6..K..-..N+...
0090: 7D 37 4E BA 30 9E EA E5   AB B5 26 FB 14 51 15 8E  .7N.0.....&..Q..
00A0: 7C BA 5D 27 3D 6B 05 3D   EA A9 F3 61 5B A3 98 91  ..]'=k.=...a[...
00B0: 7A FD 69 92 75 96 8D 8B   34 D8 E9 87 5A 4F 14 39  z.i.u...4...ZO.9
00C0: F5 05 62 C6 FE C5 AA CE   F8 9D B5 23 B4 E6 03 52  ..b........#...R
00D0: 84 6A 1D E6 AF CA 2B E4   B5 9B 78 B8 9B CE AE 84  .j....+...x.....
00E0: A1 28 7A CC F0 81 8D 8D   E2 6F BC 27 1D 16 6D 69  .(z......o.'..mi
00F0: C5 02 1B 7F 0A 5F D0 29   20 21 5E DA 35 67 B3 0A  ....._.) !^.5g..

]
2023-09-14 11:50:50,904 [Time-limited test] INFO  impl.MetricsSystemImpl (MetricsSystemImpl.java:init(158)) - OzoneManager metrics system started (again)
2023-09-14 11:50:50,915 [Time-limited test] INFO  om.OzoneManager (OzoneManager.java:start(1633)) - OzoneManager RPC server is listening at fv-az240-193.bcold04rutgefduts2gkrghvsa.bx.internal.cloudapp.net/10.1.136.0:1202
2023-09-14 11:50:50,916 [Time-limited test] INFO  ratis.OzoneManagerRatisServer (OzoneManagerRatisServer.java:start(558)) - Starting OzoneManagerRatisServer om1 at port 9872
2023-09-14 11:50:50,916 [om1-impl-thread1] INFO  storage.RaftStorageDirectory (RaftStorageDirectoryImpl.java:analyzeStorage(137)) - The storage directory /tmp/junit3774881425379482067/junit7814832279997675836/om-meta/ratis/bf265839-605b-3f16-9796-c5ba1605619e does not exist. Creating ...
2023-09-14 11:50:50,917 [om1-impl-thread1] INFO  storage.RaftStorageDirectory (RaftStorageDirectoryImpl.java:tryLock(231)) - Lock on /tmp/junit3774881425379482067/junit7814832279997675836/om-meta/ratis/bf265839-605b-3f16-9796-c5ba1605619e/in_use.lock acquired by nodename 22754@fv-az240-193
2023-09-14 11:50:50,918 [om1-impl-thread1] INFO  storage.RaftStorage (RaftStorageImpl.java:format(96)) - Storage directory /tmp/junit3774881425379482067/junit7814832279997675836/om-meta/ratis/bf265839-605b-3f16-9796-c5ba1605619e has been successfully formatted.
2023-09-14 11:50:50,918 [om1-impl-thread1] INFO  server.RaftServerConfigKeys (ConfUtils.java:logGet(46)) - raft.server.log.use.memory = false (default)
2023-09-14 11:50:50,918 [om1-impl-thread1] INFO  server.RaftServerConfigKeys (ConfUtils.java:logGet(46)) - raft.server.log.purge.gap = 1000000 (custom)
2023-09-14 11:50:50,918 [om1-impl-thread1] INFO  server.RaftServerConfigKeys (ConfUtils.java:logGet(46)) - raft.server.log.appender.buffer.byte-limit = 33554432 (custom)
2023-09-14 11:50:50,918 [om1-impl-thread1] INFO  server.RaftServerConfigKeys (ConfUtils.java:logGet(46)) - raft.server.log.statemachine.data.read.timeout = 1000ms (default)
2023-09-14 11:50:50,918 [om1-impl-thread1] INFO  server.RaftServerConfigKeys (ConfUtils.java:logGet(46)) - raft.server.log.purge.preservation.log.num = 0 (default)
2023-09-14 11:50:50,919 [om1-impl-thread1] INFO  server.RaftServerConfigKeys (ConfUtils.java:logGet(46)) - raft.server.log.segment.size.max = 4194304 (custom)
2023-09-14 11:50:50,919 [om1-impl-thread1] INFO  server.RaftServerConfigKeys (ConfUtils.java:logGet(46)) - raft.server.log.segment.cache.num.max = 2 (custom)
2023-09-14 11:50:50,919 [om1-impl-thread1] INFO  server.RaftServerConfigKeys (ConfUtils.java:logGet(46)) - raft.server.log.segment.cache.size.max = 200MB (=209715200) (default)
2023-09-14 11:50:50,919 [om1-impl-thread1] INFO  server.RaftServerConfigKeys (ConfUtils.java:logGet(46)) - raft.server.log.appender.buffer.byte-limit = 33554432 (custom)
2023-09-14 11:50:50,919 [om1-impl-thread1] INFO  segmented.SegmentedRaftLogWorker (SegmentedRaftLogWorker.java:<init>(188)) - new om1@group-C5BA1605619E-SegmentedRaftLogWorker for RaftStorageImpl:Storage Directory /tmp/junit3774881425379482067/junit7814832279997675836/om-meta/ratis/bf265839-605b-3f16-9796-c5ba1605619e
2023-09-14 11:50:50,919 [om1-impl-thread1] INFO  server.RaftServerConfigKeys (ConfUtils.java:logGet(46)) - raft.server.log.queue.byte-limit = 64MB (=67108864) (default)
2023-09-14 11:50:50,919 [om1-impl-thread1] INFO  server.RaftServerConfigKeys (ConfUtils.java:logGet(46)) - raft.server.log.queue.element-limit = 4096 (default)
2023-09-14 11:50:50,919 [om1-impl-thread1] INFO  server.RaftServerConfigKeys (ConfUtils.java:logGet(46)) - raft.server.log.segment.size.max = 4194304 (custom)
2023-09-14 11:50:50,919 [om1-impl-thread1] INFO  server.RaftServerConfigKeys (ConfUtils.java:logGet(46)) - raft.server.log.preallocated.size = 4194304 (custom)
2023-09-14 11:50:50,919 [om1-impl-thread1] INFO  server.RaftServerConfigKeys (ConfUtils.java:logGet(46)) - raft.server.log.force.sync.num = 128 (default)
2023-09-14 11:50:50,919 [om1-impl-thread1] INFO  server.RaftServerConfigKeys (ConfUtils.java:logGet(46)) - raft.server.log.statemachine.data.sync = true (default)
2023-09-14 11:50:50,919 [om1-impl-thread1] INFO  server.RaftServerConfigKeys (ConfUtils.java:logGet(46)) - raft.server.log.statemachine.data.sync.timeout = 10s (default)
2023-09-14 11:50:50,919 [om1-impl-thread1] INFO  server.RaftServerConfigKeys (ConfUtils.java:logGet(46)) - raft.server.log.statemachine.data.sync.timeout.retry = -1 (default)
2023-09-14 11:50:50,920 [om1-impl-thread1] INFO  server.RaftServerConfigKeys (ConfUtils.java:logGet(46)) - raft.server.log.write.buffer.size = 64KB (=65536) (default)
2023-09-14 11:50:50,920 [om1-impl-thread1] INFO  server.RaftServerConfigKeys (ConfUtils.java:logGet(46)) - raft.server.log.appender.buffer.byte-limit = 33554432 (custom)
2023-09-14 11:50:50,924 [om1-impl-thread1] INFO  server.RaftServerConfigKeys (ConfUtils.java:logGet(46)) - raft.server.log.unsafe-flush.enabled = false (default)
2023-09-14 11:50:50,926 [om1-impl-thread1] INFO  server.RaftServerConfigKeys (ConfUtils.java:logGet(46)) - raft.server.log.async-flush.enabled = false (default)
2023-09-14 11:50:50,926 [om1-impl-thread1] INFO  server.RaftServerConfigKeys (ConfUtils.java:logGet(46)) - raft.server.log.statemachine.data.caching.enabled = false (default)
2023-09-14 11:50:50,927 [om1-impl-thread1] INFO  segmented.SegmentedRaftLogWorker (SegmentedRaftLogWorker.java:lambda$new$0(135)) - om1@group-C5BA1605619E-SegmentedRaftLogWorker: flushIndex: setUnconditionally 0 -> -1
2023-09-14 11:50:50,927 [om1-impl-thread1] INFO  segmented.SegmentedRaftLogWorker (SegmentedRaftLogWorker.java:lambda$new$0(135)) - om1@group-C5BA1605619E-SegmentedRaftLogWorker: safeCacheEvictIndex: setUnconditionally 0 -> -1
2023-09-14 11:50:50,930 [om1-impl-thread1] INFO  server.RaftServer$Division (RaftServerImpl.java:start(342)) - om1@group-C5BA1605619E: start as a follower, conf=-1: peers:[om1|rpc:fv-az240-193.bcold04rutgefduts2gkrghvsa.bx.internal.cloudapp.net:9872|priority:0|startupRole:FOLLOWER]|listeners:[], old=null
2023-09-14 11:50:50,930 [om1-impl-thread1] INFO  server.RaftServer$Division (RaftServerImpl.java:setRole(329)) - om1@group-C5BA1605619E: changes role from      null to FOLLOWER at term 0 for startAsFollower
2023-09-14 11:50:50,930 [om1-impl-thread1] INFO  impl.RoleInfo (RoleInfo.java:updateAndGet(139)) - om1: start om1@group-C5BA1605619E-FollowerState
2023-09-14 11:50:50,930 [om1@group-C5BA1605619E-FollowerState] INFO  server.RaftServerConfigKeys (ConfUtils.java:logFallback(53)) - raft.server.rpc.first-election.timeout.min = 5s (fallback to raft.server.rpc.timeout.min)
2023-09-14 11:50:50,930 [om1@group-C5BA1605619E-FollowerState] INFO  server.RaftServerConfigKeys (ConfUtils.java:logFallback(53)) - raft.server.rpc.first-election.timeout.max = 5200ms (fallback to raft.server.rpc.timeout.max)
2023-09-14 11:50:50,932 [om1-impl-thread1] INFO  util.JmxRegister (JmxRegister.java:tryRegister(44)) - Successfully registered JMX Bean with object name Ratis:service=RaftServer,group=group-C5BA1605619E,id=om1
2023-09-14 11:50:50,932 [om1-impl-thread1] INFO  server.RaftServerConfigKeys (ConfUtils.java:logGet(46)) - raft.server.snapshot.auto.trigger.enabled = true (custom)
2023-09-14 11:50:50,932 [om1-impl-thread1] INFO  server.RaftServerConfigKeys (ConfUtils.java:logGet(46)) - raft.server.snapshot.auto.trigger.threshold = 400000 (default)
2023-09-14 11:50:50,932 [om1-impl-thread1] INFO  server.RaftServerConfigKeys (ConfUtils.java:logGet(46)) - raft.server.snapshot.retention.file.num = -1 (default)
2023-09-14 11:50:50,932 [om1-impl-thread1] INFO  server.RaftServerConfigKeys (ConfUtils.java:logGet(46)) - raft.server.log.purge.upto.snapshot.index = true (custom)
2023-09-14 11:50:50,938 [Time-limited test] INFO  server.RaftServer (RaftServerProxy.java:startImpl(400)) - om1: start RPC server
2023-09-14 11:50:50,939 [Time-limited test] INFO  server.GrpcService (GrpcService.java:startImpl(302)) - om1: GrpcService started, listening on 9872
2023-09-14 11:50:50,939 [Time-limited test] INFO  om.OzoneManager (OzoneManager.java:startSecretManager(1106)) - Starting OM delegation token secret manager
2023-09-14 11:50:50,939 [Time-limited test] INFO  security.OzoneDelegationTokenSecretManager (OzoneSecretManager.java:updateCurrentKey(175)) - Updating current master key for generating tokens. Cert id 2075096643303
2023-09-14 11:50:50,940 [JvmPauseMonitor7] INFO  util.JvmPauseMonitor (JvmPauseMonitor.java:run(103)) - JvmPauseMonitor-om1: Started
2023-09-14 11:50:50,940 [Time-limited test] INFO  om.OzoneManager (OzoneManager.java:start(1649)) - Version File has different layout version (6) than OM DB (null). That is expected if this OM has never been finalized to a newer layout version.
2023-09-14 11:50:50,948 [Thread[Thread-1694,5,FailOnTimeoutGroup]] INFO  security.OzoneDelegationTokenSecretManager (OzoneDelegationTokenSecretManager.java:run(636)) - Starting expired delegation token remover thread, tokenRemoverScanInterval=60 min(s)
2023-09-14 11:50:50,948 [Time-limited test] INFO  http.BaseHttpServer (BaseHttpServer.java:newHttpServer2BuilderForOzone(223)) - Starting Web-server for ozoneManager at: http://0.0.0.0:9874
2023-09-14 11:50:50,949 [Time-limited test] INFO  http.BaseHttpServer (BaseHttpServer.java:<init>(110)) - Hadoop Security Enabled: true Ozone Security Enabled: true Ozone HTTP Security Enabled: false 
2023-09-14 11:50:50,950 [Time-limited test] WARN  server.AuthenticationFilter (AuthenticationFilter.java:constructSecretProvider(240)) - Unable to initialize FileSignerSecretProvider, falling back to use random secrets. Reason: Could not read signature secret file: /home/runner/hadoop-http-auth-signature-secret
2023-09-14 11:50:50,950 [Time-limited test] INFO  http.HttpRequestLog (HttpRequestLog.java:getRequestLog(86)) - Http request log for http.requests.ozoneManager is not defined
2023-09-14 11:50:50,952 [Time-limited test] INFO  http.HttpServer2 (HttpServer2.java:addGlobalFilter(1031)) - Added global filter 'safety' (class=org.apache.hadoop.hdds.server.http.HttpServer2$QuotingInputFilter)
2023-09-14 11:50:50,953 [Time-limited test] INFO  http.HttpServer2 (HttpServer2.java:addFilter(1007)) - Added filter static_user_filter (class=org.apache.hadoop.http.lib.StaticUserWebFilter$StaticUserFilter) to context ozoneManager
2023-09-14 11:50:50,953 [Time-limited test] INFO  http.HttpServer2 (HttpServer2.java:addFilter(1015)) - Added filter static_user_filter (class=org.apache.hadoop.http.lib.StaticUserWebFilter$StaticUserFilter) to context logs
2023-09-14 11:50:50,953 [Time-limited test] INFO  http.HttpServer2 (HttpServer2.java:addFilter(1015)) - Added filter static_user_filter (class=org.apache.hadoop.http.lib.StaticUserWebFilter$StaticUserFilter) to context static
2023-09-14 11:50:50,953 [Time-limited test] INFO  http.BaseHttpServer (BaseHttpServer.java:<init>(189)) - HTTP server of ozoneManager uses base directory /tmp/junit3774881425379482067/junit7814832279997675836/om-meta/webserver
2023-09-14 11:50:50,954 [Time-limited test] INFO  http.HttpServer2 (HttpServer2.java:bindListener(1231)) - Jetty bound to port 9874
2023-09-14 11:50:50,954 [Time-limited test] INFO  server.Server (Server.java:doStart(375)) - jetty-9.4.51.v20230217; built: 2023-02-17T08:19:37.309Z; git: b45c405e4544384de066f814ed42ae3dceacdd49; jvm 1.8.0_382-b05
2023-09-14 11:50:50,956 [Time-limited test] INFO  server.session (DefaultSessionIdManager.java:doStart(334)) - DefaultSessionIdManager workerName=node0
2023-09-14 11:50:50,956 [Time-limited test] INFO  server.session (DefaultSessionIdManager.java:doStart(339)) - No SessionScavenger set, using defaults
2023-09-14 11:50:50,956 [Time-limited test] INFO  server.session (HouseKeeper.java:startScavenging(132)) - node0 Scavenging every 660000ms
2023-09-14 11:50:50,957 [Time-limited test] INFO  handler.ContextHandler (ContextHandler.java:doStart(921)) - Started o.e.j.s.ServletContextHandler@4b46dff7{logs,/logs,file:///home/runner/work/ozone/ozone/hadoop-ozone/integration-test/target/log,AVAILABLE}
2023-09-14 11:50:50,958 [Time-limited test] INFO  handler.ContextHandler (ContextHandler.java:doStart(921)) - Started o.e.j.s.ServletContextHandler@3bcd2959{static,/static,file:///home/runner/work/ozone/ozone/hadoop-ozone/integration-test/target/test-classes/webapps/static,AVAILABLE}
2023-09-14 11:50:50,961 [Time-limited test] INFO  handler.ContextHandler (ContextHandler.java:doStart(921)) - Started o.e.j.w.WebAppContext@27672c57{ozoneManager,/,file:///home/runner/work/ozone/ozone/hadoop-ozone/integration-test/target/test-classes/webapps/ozoneManager/,AVAILABLE}{file:/home/runner/work/ozone/ozone/hadoop-ozone/integration-test/target/test-classes/webapps/ozoneManager}
2023-09-14 11:50:50,966 [Time-limited test] INFO  server.AbstractConnector (AbstractConnector.java:doStart(333)) - Started ServerConnector@601397da{HTTP/1.1, (http/1.1)}{0.0.0.0:9874}
2023-09-14 11:50:50,966 [Time-limited test] INFO  server.Server (Server.java:doStart(415)) - Started @126260ms
2023-09-14 11:50:50,966 [Time-limited test] WARN  impl.MetricsSystemImpl (MetricsSystemImpl.java:register(279)) - Sink prometheus already exists!
2023-09-14 11:50:50,966 [Time-limited test] INFO  http.BaseHttpServer (BaseHttpServer.java:updateConnectorAddress(354)) - HTTP server of ozoneManager listening at http://0.0.0.0:9874
2023-09-14 11:50:50,967 [IPC Server Responder] INFO  ipc.Server (Server.java:run(1562)) - IPC Server Responder: starting
2023-09-14 11:50:50,967 [IPC Server listener on 1202] INFO  ipc.Server (Server.java:run(1402)) - IPC Server listener on 1202: starting
2023-09-14 11:50:50,976 [Time-limited test] INFO  om.OzoneManager (OzoneManager.java:startTrashEmptier(2101)) - Trash Interval set to 0. Files deleted won't move to trash
2023-09-14 11:50:50,983 [pool-519-thread-2] INFO  request.TgsRequest (TgsRequest.java:issueTicket(115)) - TGS_REQ ISSUE: authtime 1694692250982,om/fv-az240-193.bcold04rutgefduts2gkrghvsa.bx.internal.cloudapp.net for om/fv-az240-193.bcold04rutgefduts2gkrghvsa.bx.internal.cloudapp.net@EXAMPLE.COM
2023-09-14 11:50:50,988 [Socket Reader #1 for port 1202] INFO  ipc.Server (Server.java:saslProcess(2139)) - Auth successful for om/fv-az240-193.bcold04rutgefduts2gkrghvsa.bx.internal.cloudapp.net@EXAMPLE.COM (auth:KERBEROS) from fv-az240-193.bcold04rutgefduts2gkrghvsa.bx.internal.cloudapp.net:38833 / 10.1.136.0:38833
2023-09-14 11:50:52,999 [Time-limited test] INFO  retry.RetryInvocationHandler (RetryInvocationHandler.java:log(422)) - com.google.protobuf.ServiceException: org.apache.hadoop.ipc.RemoteException(org.apache.hadoop.ozone.om.exceptions.OMNotLeaderException): OM:om1 is not the leader. Could not determine the leader node.
	at org.apache.hadoop.ozone.om.OzoneManager.checkLeaderStatus(OzoneManager.java:4016)
	at org.apache.hadoop.ozone.om.ratis.utils.OzoneManagerRatisUtils.checkLeaderStatus(OzoneManagerRatisUtils.java:476)
	at org.apache.hadoop.ozone.protocolPB.OzoneManagerProtocolServerSideTranslatorPB.processRequest(OzoneManagerProtocolServerSideTranslatorPB.java:185)
	at org.apache.hadoop.hdds.server.OzoneProtocolMessageDispatcher.processRequest(OzoneProtocolMessageDispatcher.java:87)
	at org.apache.hadoop.ozone.protocolPB.OzoneManagerProtocolServerSideTranslatorPB.submitRequest(OzoneManagerProtocolServerSideTranslatorPB.java:148)
	at org.apache.hadoop.ozone.protocol.proto.OzoneManagerProtocolProtos$OzoneManagerService$2.callBlockingMethod(OzoneManagerProtocolProtos.java)
	at org.apache.hadoop.ipc.ProtobufRpcEngine$Server.processCall(ProtobufRpcEngine.java:484)
	at org.apache.hadoop.ipc.ProtobufRpcEngine2$Server$ProtoBufRpcInvoker.call(ProtobufRpcEngine2.java:595)
	at org.apache.hadoop.ipc.ProtobufRpcEngine2$Server$ProtoBufRpcInvoker.call(ProtobufRpcEngine2.java:573)
	at org.apache.hadoop.ipc.RPC$Server.call(RPC.java:1227)
	at org.apache.hadoop.ipc.Server$RpcCall.run(Server.java:1094)
	at org.apache.hadoop.ipc.Server$RpcCall.run(Server.java:1017)
	at java.security.AccessController.doPrivileged(Native Method)
	at javax.security.auth.Subject.doAs(Subject.java:422)
	at org.apache.hadoop.security.UserGroupInformation.doAs(UserGroupInformation.java:1899)
	at org.apache.hadoop.ipc.Server$Handler.run(Server.java:3048)
, while invoking $Proxy53.submitRequest over nodeId=null,nodeAddress=fv-az240-193.bcold04rutgefduts2gkrghvsa.bx.internal.cloudapp.net:1202 after 1 failover attempts. Trying to failover after sleeping for 4000ms. Current retry count: 1.
2023-09-14 11:50:55,964 [om1@group-C5BA1605619E-FollowerState] INFO  impl.FollowerState (FollowerState.java:run(143)) - om1@group-C5BA1605619E-FollowerState: change to CANDIDATE, lastRpcElapsedTime:5033727865ns, electionTimeout:5033ms
2023-09-14 11:50:55,964 [om1@group-C5BA1605619E-FollowerState] INFO  impl.RoleInfo (RoleInfo.java:shutdownFollowerState(110)) - om1: shutdown om1@group-C5BA1605619E-FollowerState
2023-09-14 11:50:55,964 [om1@group-C5BA1605619E-FollowerState] INFO  server.RaftServer$Division (RaftServerImpl.java:setRole(329)) - om1@group-C5BA1605619E: changes role from  FOLLOWER to CANDIDATE at term 0 for changeToCandidate
2023-09-14 11:50:55,964 [om1@group-C5BA1605619E-FollowerState] INFO  server.RaftServerConfigKeys (ConfUtils.java:logGet(46)) - raft.server.leaderelection.pre-vote = true (default)
2023-09-14 11:50:55,964 [om1@group-C5BA1605619E-FollowerState] INFO  impl.RoleInfo (RoleInfo.java:updateAndGet(139)) - om1: start om1@group-C5BA1605619E-LeaderElection4
2023-09-14 11:50:55,966 [om1@group-C5BA1605619E-LeaderElection4] INFO  impl.LeaderElection (LeaderElection.java:askForVotes(321)) - om1@group-C5BA1605619E-LeaderElection4 PRE_VOTE round 0: submit vote requests at term 0 for -1: peers:[om1|rpc:fv-az240-193.bcold04rutgefduts2gkrghvsa.bx.internal.cloudapp.net:9872|priority:0|startupRole:FOLLOWER]|listeners:[], old=null
2023-09-14 11:50:55,966 [om1@group-C5BA1605619E-LeaderElection4] INFO  impl.LeaderElection (LeaderElection.java:askForVotes(323)) - om1@group-C5BA1605619E-LeaderElection4 PRE_VOTE round 0: result PASSED (term=0)
2023-09-14 11:50:55,967 [om1@group-C5BA1605619E-LeaderElection4] INFO  impl.LeaderElection (LeaderElection.java:askForVotes(321)) - om1@group-C5BA1605619E-LeaderElection4 ELECTION round 0: submit vote requests at term 1 for -1: peers:[om1|rpc:fv-az240-193.bcold04rutgefduts2gkrghvsa.bx.internal.cloudapp.net:9872|priority:0|startupRole:FOLLOWER]|listeners:[], old=null
2023-09-14 11:50:55,967 [om1@group-C5BA1605619E-LeaderElection4] INFO  impl.LeaderElection (LeaderElection.java:askForVotes(323)) - om1@group-C5BA1605619E-LeaderElection4 ELECTION round 0: result PASSED (term=1)
2023-09-14 11:50:55,967 [om1@group-C5BA1605619E-LeaderElection4] INFO  impl.RoleInfo (RoleInfo.java:shutdownLeaderElection(130)) - om1: shutdown om1@group-C5BA1605619E-LeaderElection4
2023-09-14 11:50:55,967 [om1@group-C5BA1605619E-LeaderElection4] INFO  server.RaftServer$Division (RaftServerImpl.java:setRole(329)) - om1@group-C5BA1605619E: changes role from CANDIDATE to LEADER at term 1 for changeToLeader
2023-09-14 11:50:55,967 [om1@group-C5BA1605619E-LeaderElection4] INFO  server.RaftServer$Division (ServerState.java:setLeader(317)) - om1@group-C5BA1605619E: change Leader from null to om1 at term 1 for becomeLeader, leader elected after 5699ms
2023-09-14 11:50:55,967 [om1@group-C5BA1605619E-LeaderElection4] INFO  server.RaftServerConfigKeys (ConfUtils.java:logGet(46)) - raft.server.staging.catchup.gap = 1000 (default)
2023-09-14 11:50:55,968 [om1@group-C5BA1605619E-LeaderElection4] INFO  server.RaftServerConfigKeys (ConfUtils.java:logGet(46)) - raft.server.write.element-limit = 4096 (default)
2023-09-14 11:50:55,968 [om1@group-C5BA1605619E-LeaderElection4] INFO  server.RaftServerConfigKeys (ConfUtils.java:logGet(46)) - raft.server.write.byte-limit = 64MB (=67108864) (default)
2023-09-14 11:50:55,968 [om1@group-C5BA1605619E-LeaderElection4] INFO  server.RaftServerConfigKeys (ConfUtils.java:logGet(46)) - raft.server.watch.timeout = 10s (default)
2023-09-14 11:50:55,968 [om1@group-C5BA1605619E-LeaderElection4] INFO  server.RaftServerConfigKeys (ConfUtils.java:logGet(46)) - raft.server.watch.timeout.denomination = 1s (default)
2023-09-14 11:50:55,968 [om1@group-C5BA1605619E-LeaderElection4] INFO  server.RaftServerConfigKeys (ConfUtils.java:logGet(46)) - raft.server.watch.element-limit = 65536 (default)
2023-09-14 11:50:55,968 [om1@group-C5BA1605619E-LeaderElection4] INFO  server.RaftServerConfigKeys (ConfUtils.java:logGet(46)) - raft.server.write.element-limit = 4096 (default)
2023-09-14 11:50:55,968 [om1@group-C5BA1605619E-LeaderElection4] INFO  server.RaftServerConfigKeys (ConfUtils.java:logGet(46)) - raft.server.write.follower.gap.ratio.max = -1.0 (default)
2023-09-14 11:50:55,968 [om1@group-C5BA1605619E-LeaderElection4] INFO  impl.RoleInfo (RoleInfo.java:updateAndGet(139)) - om1: start om1@group-C5BA1605619E-LeaderStateImpl
2023-09-14 11:50:55,969 [om1@group-C5BA1605619E-LeaderElection4] INFO  segmented.SegmentedRaftLogWorker (SegmentedRaftLogWorker.java:startLogSegment(447)) - om1@group-C5BA1605619E-SegmentedRaftLogWorker: Starting segment from index:0
2023-09-14 11:50:55,970 [om1@group-C5BA1605619E-LeaderElection4] INFO  server.RaftServer$Division (ServerState.java:setRaftConf(434)) - om1@group-C5BA1605619E: set configuration 0: peers:[om1|rpc:fv-az240-193.bcold04rutgefduts2gkrghvsa.bx.internal.cloudapp.net:9872|admin:|client:|dataStream:|priority:0|startupRole:FOLLOWER]|listeners:[], old=null
2023-09-14 11:50:55,980 [om1@group-C5BA1605619E-SegmentedRaftLogWorker] INFO  segmented.SegmentedRaftLogWorker (SegmentedRaftLogWorker.java:execute(651)) - om1@group-C5BA1605619E-SegmentedRaftLogWorker: created new log segment /tmp/junit3774881425379482067/junit7814832279997675836/om-meta/ratis/bf265839-605b-3f16-9796-c5ba1605619e/current/log_inprogress_0
2023-09-14 11:50:55,981 [om1@group-C5BA1605619E-StateMachineUpdater] INFO  ratis.OzoneManagerStateMachine (OzoneManagerStateMachine.java:notifyConfigurationChanged(202)) - Received Configuration change notification from Ratis. New Peer list:
[id: "om1"
address: "fv-az240-193.bcold04rutgefduts2gkrghvsa.bx.internal.cloudapp.net:9872"
startupRole: FOLLOWER
]
11:50:58.026 [IPC Server handler 10 on default port 1202] ERROR OMAudit - user=om/fv-az240-193.bcold04rutgefduts2gkrghvsa.bx.internal.cloudapp.net@EXAMPLE.COM | ip=10.1.136.0 | op=RENEW_DELEGATION_TOKEN {kind=OzoneToken, service=fv-az240-193.bcold04rutgefduts2gkrghvsa.bx.internal.cloudapp.net:1202, renewer=om} | ret=FAILURE
org.apache.hadoop.ozone.om.exceptions.OMException: om tried to renew an expired token (OzoneToken owner=om/fv-az240-193.bcold04rutgefduts2gkrghvsa.bx.internal.cloudapp.net@EXAMPLE.COM, renewer=om, realUser=, issueDate=2023-09-14T11:50:57.002Z, maxDate=2023-09-14T11:50:58.002Z, sequenceNumber=1, masterKeyId=1, strToSign=null, signature=null, awsAccessKeyId=null, omServiceId=omServiceIdDefault, omCertSerialId=2075096643303) max expiration date: 2023-09-14 11:50:58,002+0000 currentTime: 2023-09-14 11:50:58,023+0000
	at org.apache.hadoop.ozone.security.OzoneDelegationTokenSecretManager.renewToken(OzoneDelegationTokenSecretManager.java:296) ~[ozone-manager-1.4.0-SNAPSHOT.jar:?]
	at org.apache.hadoop.ozone.om.OzoneManager.renewDelegationToken(OzoneManager.java:2387) ~[ozone-manager-1.4.0-SNAPSHOT.jar:?]
	at org.apache.hadoop.ozone.om.request.security.OMRenewDelegationTokenRequest.preExecute(OMRenewDelegationTokenRequest.java:85) ~[ozone-manager-1.4.0-SNAPSHOT.jar:?]
	at org.apache.hadoop.ozone.protocolPB.OzoneManagerProtocolServerSideTranslatorPB.processRequest(OzoneManagerProtocolServerSideTranslatorPB.java:193) ~[ozone-manager-1.4.0-SNAPSHOT.jar:?]
	at org.apache.hadoop.hdds.server.OzoneProtocolMessageDispatcher.processRequest(OzoneProtocolMessageDispatcher.java:87) [hdds-server-framework-1.4.0-SNAPSHOT.jar:?]
	at org.apache.hadoop.ozone.protocolPB.OzoneManagerProtocolServerSideTranslatorPB.submitRequest(OzoneManagerProtocolServerSideTranslatorPB.java:148) [ozone-manager-1.4.0-SNAPSHOT.jar:?]
	at org.apache.hadoop.ozone.protocol.proto.OzoneManagerProtocolProtos$OzoneManagerService$2.callBlockingMethod(OzoneManagerProtocolProtos.java) [ozone-interface-client-1.4.0-SNAPSHOT.jar:?]
	at org.apache.hadoop.ipc.ProtobufRpcEngine$Server.processCall(ProtobufRpcEngine.java:484) [hadoop-common-3.3.6.jar:?]
	at org.apache.hadoop.ipc.ProtobufRpcEngine2$Server$ProtoBufRpcInvoker.call(ProtobufRpcEngine2.java:595) [hadoop-common-3.3.6.jar:?]
	at org.apache.hadoop.ipc.ProtobufRpcEngine2$Server$ProtoBufRpcInvoker.call(ProtobufRpcEngine2.java:573) [hadoop-common-3.3.6.jar:?]
	at org.apache.hadoop.ipc.RPC$Server.call(RPC.java:1227) [hadoop-common-3.3.6.jar:?]
	at org.apache.hadoop.ipc.Server$RpcCall.run(Server.java:1094) [hadoop-common-3.3.6.jar:?]
	at org.apache.hadoop.ipc.Server$RpcCall.run(Server.java:1017) [hadoop-common-3.3.6.jar:?]
	at java.security.AccessController.doPrivileged(Native Method) ~[?:1.8.0_382]
	at javax.security.auth.Subject.doAs(Subject.java:422) [?:1.8.0_382]
	at org.apache.hadoop.security.UserGroupInformation.doAs(UserGroupInformation.java:1899) [hadoop-common-3.3.6.jar:?]
	at org.apache.hadoop.ipc.Server$Handler.run(Server.java:3048) [hadoop-common-3.3.6.jar:?]
2023-09-14 11:50:58,039 [IPC Server handler 3 on default port 1202] ERROR om.OzoneManager (OzoneManager.java:renewDelegationToken(2397)) - Delegation token renewal failed for dt id: OzoneToken owner=om/fv-az240-193.bcold04rutgefduts2gkrghvsa.bx.internal.cloudapp.net@EXAMPLE.COM, renewer=randomService, realUser=, issueDate=2023-09-14T11:50:58.029Z, maxDate=2023-09-14T11:50:59.029Z, sequenceNumber=2, masterKeyId=1, strToSign=null, signature=null, awsAccessKeyId=null, omServiceId=omServiceIdDefault, omCertSerialId=2075096643303, cause: om tries to renew a token (OzoneToken owner=om/fv-az240-193.bcold04rutgefduts2gkrghvsa.bx.internal.cloudapp.net@EXAMPLE.COM, renewer=randomService, realUser=, issueDate=2023-09-14T11:50:58.029Z, maxDate=2023-09-14T11:50:59.029Z, sequenceNumber=2, masterKeyId=1, strToSign=null, signature=null, awsAccessKeyId=null, omServiceId=omServiceIdDefault, omCertSerialId=2075096643303) with non-matching renewer randomService
11:50:58.093 [IPC Server handler 3 on default port 1202] ERROR OMAudit - user=om/fv-az240-193.bcold04rutgefduts2gkrghvsa.bx.internal.cloudapp.net@EXAMPLE.COM | ip=10.1.136.0 | op=RENEW_DELEGATION_TOKEN {kind=OzoneToken, service=fv-az240-193.bcold04rutgefduts2gkrghvsa.bx.internal.cloudapp.net:1202, renewer=randomService} | ret=FAILURE
org.apache.hadoop.ozone.om.exceptions.OMException: Delegation token renewal failed for dt: Kind: OzoneToken, Service: fv-az240-193.bcold04rutgefduts2gkrghvsa.bx.internal.cloudapp.net:1202, Ident: (OzoneToken owner=om/fv-az240-193.bcold04rutgefduts2gkrghvsa.bx.internal.cloudapp.net@EXAMPLE.COM, renewer=randomService, realUser=, issueDate=2023-09-14T11:50:58.029Z, maxDate=2023-09-14T11:50:59.029Z, sequenceNumber=2, masterKeyId=1, strToSign=null, signature=null, awsAccessKeyId=null, omServiceId=omServiceIdDefault, omCertSerialId=2075096643303)
	at org.apache.hadoop.ozone.om.OzoneManager.renewDelegationToken(OzoneManager.java:2399) ~[ozone-manager-1.4.0-SNAPSHOT.jar:?]
	at org.apache.hadoop.ozone.om.request.security.OMRenewDelegationTokenRequest.preExecute(OMRenewDelegationTokenRequest.java:85) ~[ozone-manager-1.4.0-SNAPSHOT.jar:?]
	at org.apache.hadoop.ozone.protocolPB.OzoneManagerProtocolServerSideTranslatorPB.processRequest(OzoneManagerProtocolServerSideTranslatorPB.java:193) ~[ozone-manager-1.4.0-SNAPSHOT.jar:?]
	at org.apache.hadoop.hdds.server.OzoneProtocolMessageDispatcher.processRequest(OzoneProtocolMessageDispatcher.java:87) [hdds-server-framework-1.4.0-SNAPSHOT.jar:?]
	at org.apache.hadoop.ozone.protocolPB.OzoneManagerProtocolServerSideTranslatorPB.submitRequest(OzoneManagerProtocolServerSideTranslatorPB.java:148) [ozone-manager-1.4.0-SNAPSHOT.jar:?]
	at org.apache.hadoop.ozone.protocol.proto.OzoneManagerProtocolProtos$OzoneManagerService$2.callBlockingMethod(OzoneManagerProtocolProtos.java) [ozone-interface-client-1.4.0-SNAPSHOT.jar:?]
	at org.apache.hadoop.ipc.ProtobufRpcEngine$Server.processCall(ProtobufRpcEngine.java:484) [hadoop-common-3.3.6.jar:?]
	at org.apache.hadoop.ipc.ProtobufRpcEngine2$Server$ProtoBufRpcInvoker.call(ProtobufRpcEngine2.java:595) [hadoop-common-3.3.6.jar:?]
	at org.apache.hadoop.ipc.ProtobufRpcEngine2$Server$ProtoBufRpcInvoker.call(ProtobufRpcEngine2.java:573) [hadoop-common-3.3.6.jar:?]
	at org.apache.hadoop.ipc.RPC$Server.call(RPC.java:1227) [hadoop-common-3.3.6.jar:?]
	at org.apache.hadoop.ipc.Server$RpcCall.run(Server.java:1094) [hadoop-common-3.3.6.jar:?]
	at org.apache.hadoop.ipc.Server$RpcCall.run(Server.java:1017) [hadoop-common-3.3.6.jar:?]
	at java.security.AccessController.doPrivileged(Native Method) ~[?:1.8.0_382]
	at javax.security.auth.Subject.doAs(Subject.java:422) [?:1.8.0_382]
	at org.apache.hadoop.security.UserGroupInformation.doAs(UserGroupInformation.java:1899) [hadoop-common-3.3.6.jar:?]
	at org.apache.hadoop.ipc.Server$Handler.run(Server.java:3048) [hadoop-common-3.3.6.jar:?]
Caused by: org.apache.hadoop.security.AccessControlException: om tries to renew a token (OzoneToken owner=om/fv-az240-193.bcold04rutgefduts2gkrghvsa.bx.internal.cloudapp.net@EXAMPLE.COM, renewer=randomService, realUser=, issueDate=2023-09-14T11:50:58.029Z, maxDate=2023-09-14T11:50:59.029Z, sequenceNumber=2, masterKeyId=1, strToSign=null, signature=null, awsAccessKeyId=null, omServiceId=omServiceIdDefault, omCertSerialId=2075096643303) with non-matching renewer randomService
	at org.apache.hadoop.ozone.security.OzoneDelegationTokenSecretManager.renewToken(OzoneDelegationTokenSecretManager.java:308) ~[ozone-manager-1.4.0-SNAPSHOT.jar:?]
	at org.apache.hadoop.ozone.om.OzoneManager.renewDelegationToken(OzoneManager.java:2387) ~[ozone-manager-1.4.0-SNAPSHOT.jar:?]
	... 15 more
2023-09-14 11:50:58,097 [IPC Server handler 7 on default port 1202] ERROR om.OzoneManager (OzoneManager.java:renewDelegationToken(2397)) - Delegation token renewal failed for dt id: OzoneToken owner=om/fv-az240-193.bcold04rutgefduts2gkrghvsa.bx.internal.cloudapp.net@EXAMPLE.COM, renewer=om, realUser=, issueDate=2023-09-14T11:50:57.002Z, maxDate=2077-05-27T23:41:56.190Z, sequenceNumber=1, masterKeyId=1, strToSign=null, signature=null, awsAccessKeyId=null, omServiceId=omServiceIdDefault, omCertSerialId=2075096643303, cause: token (OzoneToken owner=om/fv-az240-193.bcold04rutgefduts2gkrghvsa.bx.internal.cloudapp.net@EXAMPLE.COM, renewer=om, realUser=, issueDate=2023-09-14T11:50:57.002Z, maxDate=2077-05-27T23:41:56.190Z, sequenceNumber=1, masterKeyId=1, strToSign=null, signature=null, awsAccessKeyId=null, omServiceId=omServiceIdDefault, omCertSerialId=2075096643303) can't be found in cache
11:50:58.098 [IPC Server handler 7 on default port 1202] ERROR OMAudit - user=om/fv-az240-193.bcold04rutgefduts2gkrghvsa.bx.internal.cloudapp.net@EXAMPLE.COM | ip=10.1.136.0 | op=RENEW_DELEGATION_TOKEN {kind=OzoneToken, service=fv-az240-193.bcold04rutgefduts2gkrghvsa.bx.internal.cloudapp.net:1202, renewer=om} | ret=FAILURE
org.apache.hadoop.ozone.om.exceptions.OMException: Delegation token renewal failed for dt: Kind: OzoneToken, Service: fv-az240-193.bcold04rutgefduts2gkrghvsa.bx.internal.cloudapp.net:1202, Ident: (OzoneToken owner=om/fv-az240-193.bcold04rutgefduts2gkrghvsa.bx.internal.cloudapp.net@EXAMPLE.COM, renewer=om, realUser=, issueDate=2023-09-14T11:50:57.002Z, maxDate=2077-05-27T23:41:56.190Z, sequenceNumber=1, masterKeyId=1, strToSign=null, signature=null, awsAccessKeyId=null, omServiceId=omServiceIdDefault, omCertSerialId=2075096643303)
	at org.apache.hadoop.ozone.om.OzoneManager.renewDelegationToken(OzoneManager.java:2399) ~[ozone-manager-1.4.0-SNAPSHOT.jar:?]
	at org.apache.hadoop.ozone.om.request.security.OMRenewDelegationTokenRequest.preExecute(OMRenewDelegationTokenRequest.java:85) ~[ozone-manager-1.4.0-SNAPSHOT.jar:?]
	at org.apache.hadoop.ozone.protocolPB.OzoneManagerProtocolServerSideTranslatorPB.processRequest(OzoneManagerProtocolServerSideTranslatorPB.java:193) ~[ozone-manager-1.4.0-SNAPSHOT.jar:?]
	at org.apache.hadoop.hdds.server.OzoneProtocolMessageDispatcher.processRequest(OzoneProtocolMessageDispatcher.java:87) [hdds-server-framework-1.4.0-SNAPSHOT.jar:?]
	at org.apache.hadoop.ozone.protocolPB.OzoneManagerProtocolServerSideTranslatorPB.submitRequest(OzoneManagerProtocolServerSideTranslatorPB.java:148) [ozone-manager-1.4.0-SNAPSHOT.jar:?]
	at org.apache.hadoop.ozone.protocol.proto.OzoneManagerProtocolProtos$OzoneManagerService$2.callBlockingMethod(OzoneManagerProtocolProtos.java) [ozone-interface-client-1.4.0-SNAPSHOT.jar:?]
	at org.apache.hadoop.ipc.ProtobufRpcEngine$Server.processCall(ProtobufRpcEngine.java:484) [hadoop-common-3.3.6.jar:?]
	at org.apache.hadoop.ipc.ProtobufRpcEngine2$Server$ProtoBufRpcInvoker.call(ProtobufRpcEngine2.java:595) [hadoop-common-3.3.6.jar:?]
	at org.apache.hadoop.ipc.ProtobufRpcEngine2$Server$ProtoBufRpcInvoker.call(ProtobufRpcEngine2.java:573) [hadoop-common-3.3.6.jar:?]
	at org.apache.hadoop.ipc.RPC$Server.call(RPC.java:1227) [hadoop-common-3.3.6.jar:?]
	at org.apache.hadoop.ipc.Server$RpcCall.run(Server.java:1094) [hadoop-common-3.3.6.jar:?]
	at org.apache.hadoop.ipc.Server$RpcCall.run(Server.java:1017) [hadoop-common-3.3.6.jar:?]
	at java.security.AccessController.doPrivileged(Native Method) ~[?:1.8.0_382]
	at javax.security.auth.Subject.doAs(Subject.java:422) [?:1.8.0_382]
	at org.apache.hadoop.security.UserGroupInformation.doAs(UserGroupInformation.java:1899) [hadoop-common-3.3.6.jar:?]
	at org.apache.hadoop.ipc.Server$Handler.run(Server.java:3048) [hadoop-common-3.3.6.jar:?]
Caused by: org.apache.hadoop.security.token.SecretManager$InvalidToken: token (OzoneToken owner=om/fv-az240-193.bcold04rutgefduts2gkrghvsa.bx.internal.cloudapp.net@EXAMPLE.COM, renewer=om, realUser=, issueDate=2023-09-14T11:50:57.002Z, maxDate=2077-05-27T23:41:56.190Z, sequenceNumber=1, masterKeyId=1, strToSign=null, signature=null, awsAccessKeyId=null, omServiceId=omServiceIdDefault, omCertSerialId=2075096643303) can't be found in cache
	at org.apache.hadoop.ozone.security.OzoneDelegationTokenSecretManager.validateToken(OzoneDelegationTokenSecretManager.java:432) ~[ozone-manager-1.4.0-SNAPSHOT.jar:?]
	at org.apache.hadoop.ozone.security.OzoneDelegationTokenSecretManager.renewToken(OzoneDelegationTokenSecretManager.java:301) ~[ozone-manager-1.4.0-SNAPSHOT.jar:?]
	at org.apache.hadoop.ozone.om.OzoneManager.renewDelegationToken(OzoneManager.java:2387) ~[ozone-manager-1.4.0-SNAPSHOT.jar:?]
	... 15 more
2023-09-14 11:50:58,099 [Time-limited test] INFO  om.OzoneManager (OzoneManager.java:stop(2207)) - om1[fv-az240-193.bcold04rutgefduts2gkrghvsa.bx.internal.cloudapp.net:1202]: Stopping Ozone Manager
2023-09-14 11:50:58,099 [Time-limited test] INFO  ipc.Server (Server.java:stop(3523)) - Stopping server on 1202
2023-09-14 11:50:58,105 [IPC Server listener on 1202] INFO  ipc.Server (Server.java:run(1434)) - Stopping IPC Server listener on 1202
2023-09-14 11:50:58,105 [IPC Server Responder] INFO  ipc.Server (Server.java:run(1567)) - Stopping IPC Server Responder
2023-09-14 11:50:58,107 [Time-limited test] INFO  server.RaftServer (RaftServerProxy.java:lambda$close$6(416)) - om1: close
2023-09-14 11:50:58,107 [Time-limited test] INFO  server.GrpcService (GrpcService.java:closeImpl(311)) - om1: shutdown server GrpcServerProtocolService now
2023-09-14 11:50:58,107 [om1-impl-thread1] INFO  server.RaftServer$Division (RaftServerImpl.java:lambda$close$4(466)) - om1@group-C5BA1605619E: shutdown
2023-09-14 11:50:58,107 [om1-impl-thread1] INFO  util.JmxRegister (JmxRegister.java:unregister(73)) - Successfully un-registered JMX Bean with object name Ratis:service=RaftServer,group=group-C5BA1605619E,id=om1
2023-09-14 11:50:58,107 [om1-impl-thread1] INFO  impl.RoleInfo (RoleInfo.java:shutdownLeaderState(93)) - om1: shutdown om1@group-C5BA1605619E-LeaderStateImpl
2023-09-14 11:50:58,107 [om1-impl-thread1] INFO  impl.PendingRequests (PendingRequests.java:sendNotLeaderResponses(289)) - om1@group-C5BA1605619E-PendingRequests: sendNotLeaderResponses
2023-09-14 11:50:58,108 [om1-impl-thread1] INFO  impl.StateMachineUpdater (StateMachineUpdater.java:stopAndJoin(155)) - om1@group-C5BA1605619E-StateMachineUpdater: set stopIndex = 6
2023-09-14 11:50:58,109 [om1@group-C5BA1605619E-StateMachineUpdater] INFO  ratis.OzoneManagerStateMachine (OzoneManagerStateMachine.java:takeSnapshot(480)) - Current Snapshot Index (t:1, i:6)
2023-09-14 11:50:58,113 [Time-limited test] INFO  server.GrpcService (GrpcService.java:closeImpl(320)) - om1: shutdown server GrpcServerProtocolService successfully
2023-09-14 11:50:58,121 [om1@group-C5BA1605619E-StateMachineUpdater] INFO  impl.StateMachineUpdater (StateMachineUpdater.java:takeSnapshot(291)) - om1@group-C5BA1605619E-StateMachineUpdater: Took a snapshot at index 6
2023-09-14 11:50:58,121 [om1@group-C5BA1605619E-StateMachineUpdater] INFO  impl.StateMachineUpdater (StateMachineUpdater.java:lambda$new$0(97)) - om1@group-C5BA1605619E-StateMachineUpdater: snapshotIndex: updateIncreasingly -1 -> 6
2023-09-14 11:50:58,121 [om1@group-C5BA1605619E-StateMachineUpdater] INFO  ratis.OzoneManagerStateMachine (OzoneManagerStateMachine.java:close(534)) - StateMachine has shutdown. Shutdown OzoneManager if not already shutdown.
2023-09-14 11:50:58,121 [om1@group-C5BA1605619E-StateMachineUpdater] INFO  ratis.OzoneManagerDoubleBuffer (OzoneManagerDoubleBuffer.java:stopDaemon(551)) - Stopping OMDoubleBuffer flush thread
2023-09-14 11:50:58,121 [OMDoubleBufferFlushThread] INFO  ratis.OzoneManagerDoubleBuffer (OzoneManagerDoubleBuffer.java:canFlush(638)) - OMDoubleBuffer flush thread OMDoubleBufferFlushThread is interrupted and will exit.
2023-09-14 11:50:58,121 [om1-impl-thread1] INFO  server.RaftServer$Division (ServerState.java:close(472)) - om1@group-C5BA1605619E: closes. applyIndex: 6
2023-09-14 11:50:59,038 [om1-impl-thread1] INFO  segmented.SegmentedRaftLogWorker (SegmentedRaftLogWorker.java:close(252)) - om1@group-C5BA1605619E-SegmentedRaftLogWorker close()
2023-09-14 11:50:59,039 [JvmPauseMonitor7] INFO  util.JvmPauseMonitor (JvmPauseMonitor.java:run(109)) - JvmPauseMonitor-om1: Stopped
2023-09-14 11:50:59,039 [Time-limited test] INFO  ratis.OzoneManagerStateMachine (OzoneManagerStateMachine.java:close(534)) - StateMachine has shutdown. Shutdown OzoneManager if not already shutdown.
2023-09-14 11:50:59,039 [Time-limited test] INFO  ratis.OzoneManagerDoubleBuffer (OzoneManagerDoubleBuffer.java:stopDaemon(560)) - OMDoubleBuffer flush thread is not running.
2023-09-14 11:50:59,039 [Time-limited test] INFO  utils.BackgroundService (BackgroundService.java:shutdown(141)) - Shutting down service KeyDeletingService
2023-09-14 11:50:59,040 [Time-limited test] INFO  utils.BackgroundService (BackgroundService.java:shutdown(141)) - Shutting down service KeyDeletingService
2023-09-14 11:50:59,040 [Time-limited test] INFO  utils.BackgroundService (BackgroundService.java:shutdown(141)) - Shutting down service OpenKeyCleanupService
2023-09-14 11:50:59,040 [Time-limited test] INFO  utils.BackgroundService (BackgroundService.java:shutdown(141)) - Shutting down service SstFilteringService
2023-09-14 11:50:59,040 [Time-limited test] INFO  utils.BackgroundService (BackgroundService.java:shutdown(141)) - Shutting down service SnapshotDeletingService
2023-09-14 11:50:59,041 [Time-limited test] INFO  om.OzoneManager (OzoneManager.java:stopSecretManager(1066)) - Stopping secret key client.
2023-09-14 11:50:59,041 [Time-limited test] INFO  om.OzoneManager (OzoneManager.java:stopSecretManager(1071)) - Stopping OM delegation token secret manager.
2023-09-14 11:50:59,041 [Thread[Thread-1694,5,FailOnTimeoutGroup]] INFO  security.OzoneDelegationTokenSecretManager (OzoneDelegationTokenSecretManager.java:run(653)) - ExpiredTokenRemover was interrupted.
java.lang.InterruptedException: sleep interrupted
	at java.lang.Thread.sleep(Native Method)
	at org.apache.hadoop.ozone.security.OzoneDelegationTokenSecretManager$ExpiredTokenRemover.run(OzoneDelegationTokenSecretManager.java:649)
	at java.lang.Thread.run(Thread.java:750)
2023-09-14 11:50:59,042 [Time-limited test] INFO  handler.ContextHandler (ContextHandler.java:doStop(1159)) - Stopped o.e.j.w.WebAppContext@27672c57{ozoneManager,/,null,STOPPED}{file:/home/runner/work/ozone/ozone/hadoop-ozone/integration-test/target/test-classes/webapps/ozoneManager}
2023-09-14 11:50:59,044 [Time-limited test] INFO  server.AbstractConnector (AbstractConnector.java:doStop(383)) - Stopped ServerConnector@601397da{HTTP/1.1, (http/1.1)}{0.0.0.0:9874}
2023-09-14 11:50:59,044 [Time-limited test] INFO  server.session (HouseKeeper.java:stopScavenging(149)) - node0 Stopped scavenging
2023-09-14 11:50:59,045 [Time-limited test] INFO  handler.ContextHandler (ContextHandler.java:doStop(1159)) - Stopped o.e.j.s.ServletContextHandler@3bcd2959{static,/static,file:///home/runner/work/ozone/ozone/hadoop-ozone/integration-test/target/test-classes/webapps/static,STOPPED}
2023-09-14 11:50:59,045 [Time-limited test] INFO  handler.ContextHandler (ContextHandler.java:doStop(1159)) - Stopped o.e.j.s.ServletContextHandler@4b46dff7{logs,/logs,file:///home/runner/work/ozone/ozone/hadoop-ozone/integration-test/target/log,STOPPED}
2023-09-14 11:50:59,045 [Time-limited test] INFO  rocksdiff.RocksDBCheckpointDiffer (RocksDBCheckpointDiffer.java:close(343)) - Shutting down CompactionDagPruningService.
2023-09-14 11:50:59,047 [Time-limited test] INFO  snapshot.SnapshotDiffManager (SnapshotDiffManager.java:closeExecutorService(1706)) - Shutting down executorService: 'SnapDiffExecutor'
2023-09-14 11:50:59,047 [Time-limited test] INFO  snapshot.SnapshotDiffManager (SnapshotDiffManager.java:closeExecutorService(1706)) - Shutting down executorService: 'SstDumpToolExecutor'
2023-09-14 11:50:59,047 [Time-limited test] INFO  utils.BackgroundService (BackgroundService.java:shutdown(141)) - Shutting down service SnapshotDiffCleanupService
2023-09-14 11:50:59,049 [Time-limited test] INFO  impl.DefaultInternalKdcServerImpl (DefaultInternalKdcServerImpl.java:doStop(102)) - Default Internal kdc server stopped.
2023-09-14 11:51:00,049 [Time-limited test] INFO  minikdc.MiniKdc (MiniKdc.java:stop(359)) - MiniKdc stopped.
2023-09-14 11:51:00,049 [Time-limited test] INFO  om.OzoneManager (OzoneManager.java:stop(2207)) - om1[fv-az240-193.bcold04rutgefduts2gkrghvsa.bx.internal.cloudapp.net:1202]: Stopping Ozone Manager
]]></system-out>
  </testcase>
  <testcase name="testSecureScmStartupFailure" classname="org.apache.hadoop.ozone.TestSecureOzoneCluster" time="1.557">
    <system-out><![CDATA[2023-09-14 11:51:00,068 [Time-limited test] INFO  net.ServerSocketUtil (ServerSocketUtil.java:getPort(55)) - Using port 9860
2023-09-14 11:51:00,068 [Time-limited test] INFO  net.ServerSocketUtil (ServerSocketUtil.java:getPort(55)) - Using port 9861
2023-09-14 11:51:00,068 [Time-limited test] INFO  net.ServerSocketUtil (ServerSocketUtil.java:getPort(55)) - Using port 9863
2023-09-14 11:51:00,068 [Time-limited test] INFO  net.ServerSocketUtil (ServerSocketUtil.java:getPort(55)) - Using port 9961
2023-09-14 11:51:00,068 [Time-limited test] INFO  net.ServerSocketUtil (ServerSocketUtil.java:getPort(55)) - Using port 1200
2023-09-14 11:51:00,068 [Time-limited test] INFO  net.ServerSocketUtil (ServerSocketUtil.java:getPort(55)) - Using port 1201
2023-09-14 11:51:00,069 [Time-limited test] INFO  minikdc.MiniKdc (MiniKdc.java:<init>(225)) - Configuration:
2023-09-14 11:51:00,069 [Time-limited test] INFO  minikdc.MiniKdc (MiniKdc.java:<init>(226)) - ---------------------------------------------------------------
2023-09-14 11:51:00,069 [Time-limited test] INFO  minikdc.MiniKdc (MiniKdc.java:<init>(228)) -   debug: false
2023-09-14 11:51:00,069 [Time-limited test] INFO  minikdc.MiniKdc (MiniKdc.java:<init>(228)) -   transport: TCP
2023-09-14 11:51:00,069 [Time-limited test] INFO  minikdc.MiniKdc (MiniKdc.java:<init>(228)) -   max.ticket.lifetime: 86400000
2023-09-14 11:51:00,069 [Time-limited test] INFO  minikdc.MiniKdc (MiniKdc.java:<init>(228)) -   org.name: EXAMPLE
2023-09-14 11:51:00,069 [Time-limited test] INFO  minikdc.MiniKdc (MiniKdc.java:<init>(228)) -   kdc.port: 0
2023-09-14 11:51:00,069 [Time-limited test] INFO  minikdc.MiniKdc (MiniKdc.java:<init>(228)) -   org.domain: COM
2023-09-14 11:51:00,069 [Time-limited test] INFO  minikdc.MiniKdc (MiniKdc.java:<init>(228)) -   max.renewable.lifetime: 604800000
2023-09-14 11:51:00,069 [Time-limited test] INFO  minikdc.MiniKdc (MiniKdc.java:<init>(228)) -   instance: DefaultKrbServer
2023-09-14 11:51:00,069 [Time-limited test] INFO  minikdc.MiniKdc (MiniKdc.java:<init>(228)) -   kdc.bind.address: localhost
2023-09-14 11:51:00,069 [Time-limited test] INFO  minikdc.MiniKdc (MiniKdc.java:<init>(230)) - ---------------------------------------------------------------
2023-09-14 11:51:00,071 [Time-limited test] INFO  minikdc.MiniKdc (MiniKdc.java:start(285)) - MiniKdc started.
2023-09-14 11:51:00,179 [Time-limited test] INFO  om.OzoneManager (OzoneManager.java:getOmDetailsProto(4573)) - OzoneManager ports added:[name: "RPC"
value: 1202
]
2023-09-14 11:51:00,180 [Time-limited test] WARN  server.ServerUtils (ServerUtils.java:getScmDbDir(155)) - ozone.scm.db.dirs is not configured. We recommend adding this setting. Falling back to ozone.metadata.dirs instead.
2023-09-14 11:51:00,180 [Time-limited test] INFO  ha.HASecurityUtils (HASecurityUtils.java:initializeSecurity(98)) - Initializing secure StorageContainerManager.
2023-09-14 11:51:00,181 [Time-limited test] INFO  client.SCMCertificateClient (DefaultCertificateClient.java:updateCertSerialId(1244)) - Certificate serial ID set to null
2023-09-14 11:51:00,181 [Time-limited test] ERROR client.SCMCertificateClient (DefaultCertificateClient.java:getCertPath(362)) - Default certificate serial id is not set. Can't locate the default certificate for this client.
2023-09-14 11:51:00,181 [Time-limited test] INFO  client.SCMCertificateClient (DefaultCertificateClient.java:init(715)) - Certificate client init case: 0
2023-09-14 11:51:00,181 [Time-limited test] INFO  client.SCMCertificateClient (SCMCertificateClient.java:handleCase(103)) - Creating keypair for client as keypair and certificate not found.
2023-09-14 11:51:00,361 [Time-limited test] INFO  ha.HASecurityUtils (HASecurityUtils.java:initializeSecurity(108)) - Init response: GETCERT
2023-09-14 11:51:00,587 [Time-limited test] INFO  ozone.OzoneSecurityUtil (OzoneSecurityUtil.java:getValidInetsForCurrentHost(119)) - ip:fe80:0:0:0:20d:3aff:fe15:5b9%eth0 not returned.
2023-09-14 11:51:00,588 [Time-limited test] INFO  ozone.OzoneSecurityUtil (OzoneSecurityUtil.java:getValidInetsForCurrentHost(116)) - Adding ip:10.1.136.0,host:fv-az240-193.bcold04rutgefduts2gkrghvsa.bx.internal.cloudapp.net
2023-09-14 11:51:00,588 [Time-limited test] INFO  ozone.OzoneSecurityUtil (OzoneSecurityUtil.java:getValidInetsForCurrentHost(119)) - ip:0:0:0:0:0:0:0:1%lo not returned.
2023-09-14 11:51:00,588 [Time-limited test] INFO  ozone.OzoneSecurityUtil (OzoneSecurityUtil.java:getValidInetsForCurrentHost(119)) - ip:127.0.0.1 not returned.
2023-09-14 11:51:00,590 [Time-limited test] INFO  utils.SelfSignedCertificate (SelfSignedCertificate.java:generateCertificate(157)) - Certificate 1 is issued by CN=scm-1@fv-az240-193,OU=021def6f-1d29-4a3f-adf0-2f116e5123db,O=62133b04-39b7-4a5d-a2a3-97202e073ef5 to CN=scm-1@fv-az240-193,OU=021def6f-1d29-4a3f-adf0-2f116e5123db,O=62133b04-39b7-4a5d-a2a3-97202e073ef5, valid from Thu Sep 14 11:51:00 UTC 2023 to Sun Oct 22 11:51:00 UTC 2028
2023-09-14 11:51:00,591 [Time-limited test] INFO  utils.CertificateCodec (CertificateCodec.java:writeCertificate(299)) - Save certificate to /tmp/junit8112818710402643874/junit5553376003555919140/scm-meta/scm/ca/certs/certificate.crt
2023-09-14 11:51:00,591 [Time-limited test] INFO  utils.CertificateCodec (CertificateCodec.java:writeCertificate(300)) - Certificate -----BEGIN CERTIFICATE-----
MIID5zCCAs+gAwIBAgIBATANBgkqhkiG9w0BAQsFADB7MRswGQYDVQQDDBJzY20t
MUBmdi1hejI0MC0xOTMxLTArBgNVBAsMJDAyMWRlZjZmLTFkMjktNGEzZi1hZGYw
LTJmMTE2ZTUxMjNkYjEtMCsGA1UECgwkNjIxMzNiMDQtMzliNy00YTVkLWEyYTMt
OTcyMDJlMDczZWY1MB4XDTIzMDkxNDExNTEwMFoXDTI4MTAyMjExNTEwMFowezEb
MBkGA1UEAwwSc2NtLTFAZnYtYXoyNDAtMTkzMS0wKwYDVQQLDCQwMjFkZWY2Zi0x
ZDI5LTRhM2YtYWRmMC0yZjExNmU1MTIzZGIxLTArBgNVBAoMJDYyMTMzYjA0LTM5
YjctNGE1ZC1hMmEzLTk3MjAyZTA3M2VmNTCCASIwDQYJKoZIhvcNAQEBBQADggEP
ADCCAQoCggEBALQ9r4VP7cI6OLu4p8V7sIXptouy8TwU3PHIULogCEytEFR6B9Zw
xOgNIcsnT+1HDFtVgF5u90nGWwym4OJi5xkzjSURqrllO3nb+fYWBZr54EYq5hYb
Z6lVebfctr5smuHRgDzvsBiszQ4ddTEzw5JVP5gQrv8w1ltBR4GFVX3zIahZqkLA
YEwtRAN18veQpB1Zqt92/d3blV0AAnIPlq5KP8ZedBkfjThxbbLxnJGypIuRzS7/
Q0x0aJjq90Ehv6viYEwnd0z6E0NrGwyVe9WTK1zOSbxRjeAH5lGG3NwNjhOTLj4D
irDLGTpEErt3VaAwkxRzqjs2hSuWsqbkr6kCAwEAAaN2MHQwDwYDVR0TAQH/BAUw
AwEB/zAOBgNVHQ8BAf8EBAMCAQYwUQYDVR0RBEowSIcECgGIAIJAZnYtYXoyNDAt
MTkzLmJjb2xkMDRydXRnZWZkdXRzMmdrcmdodnNhLmJ4LmludGVybmFsLmNsb3Vk
YXBwLm5ldDANBgkqhkiG9w0BAQsFAAOCAQEAFR8itOXTZzv/SL2jkFnoxR9Wa2J6
2WufVqSLJUplT9Y7of0Lc3bHH3d6EMNTmC2WTxf86kMhTSUn2Qfmwh4GxvvonU0j
iLQtUCbh1uNGn1NqXwGwIfaC5XPv0NFkB2NeOf1aaEyzd7UcvN2i/UxENAQSa/dT
f8rEVMWVkyLrSSmhWrNQCqb8YL98J/GxGlD5kDrqRtmlRXyvsQ4MYW5WTiT/oWuP
iYK9BswD7HYolMuQRbZYWhPJmep/SyHKQmdq9BSWzx6f90zfW25/ZBo3WxaTA4LH
nhfm7idiwuMf5vFuT+2AnkHr0D+Y9if3EZ/V5xob6DCKv8vPc0skf8/BVA==
-----END CERTIFICATE-----

2023-09-14 11:51:00,592 [Time-limited test] INFO  client.SCMCertificateClient (SCMCertificateClient.java:getCSRBuilder(165)) - Creating csr for SCM->hostName:fv-az240-193,scmId:021def6f-1d29-4a3f-adf0-2f116e5123db,clusterId:62133b04-39b7-4a5d-a2a3-97202e073ef5,subject:scm-sub-2084790162390@fv-az240-193
2023-09-14 11:51:00,592 [Time-limited test] INFO  ozone.OzoneSecurityUtil (OzoneSecurityUtil.java:getValidInetsForCurrentHost(119)) - ip:fe80:0:0:0:20d:3aff:fe15:5b9%eth0 not returned.
2023-09-14 11:51:00,592 [Time-limited test] INFO  ozone.OzoneSecurityUtil (OzoneSecurityUtil.java:getValidInetsForCurrentHost(116)) - Adding ip:10.1.136.0,host:fv-az240-193.bcold04rutgefduts2gkrghvsa.bx.internal.cloudapp.net
2023-09-14 11:51:00,592 [Time-limited test] INFO  ozone.OzoneSecurityUtil (OzoneSecurityUtil.java:getValidInetsForCurrentHost(119)) - ip:0:0:0:0:0:0:0:1%lo not returned.
2023-09-14 11:51:00,592 [Time-limited test] INFO  ozone.OzoneSecurityUtil (OzoneSecurityUtil.java:getValidInetsForCurrentHost(119)) - ip:127.0.0.1 not returned.
2023-09-14 11:51:00,592 [Time-limited test] INFO  ha.HASecurityUtils (HASecurityUtils.java:generateCSR(308)) - Creating csr for SCM->hostName:fv-az240-193,scmId:021def6f-1d29-4a3f-adf0-2f116e5123db,clusterId:62133b04-39b7-4a5d-a2a3-97202e073ef5,subject:scm-sub-2084790849801@fv-az240-193
2023-09-14 11:51:00,596 [Time-limited test] INFO  authority.DefaultApprover (DefaultApprover.java:sign(154)) - Extensions in CSR: 2.5.29.19, 2.5.29.15, 2.5.29.17
2023-09-14 11:51:00,596 [Time-limited test] INFO  authority.DefaultApprover (DefaultApprover.java:sign(158)) - Extensions to add to the certificate if they present in CSR: 2.5.29.17, 2.5.29.19, 1.3.6.1.5.5.7.1.12, 2.5.29.35, 2.5.29.37, 2.5.29.15
2023-09-14 11:51:00,599 [Time-limited test] INFO  utils.CertificateCodec (CertificateCodec.java:writeCertificate(299)) - Save certificate to /tmp/junit8112818710402643874/junit5553376003555919140/scm-meta/scm/sub-ca/certs/CA-1.crt
2023-09-14 11:51:00,599 [Time-limited test] INFO  utils.CertificateCodec (CertificateCodec.java:writeCertificate(300)) - Certificate -----BEGIN CERTIFICATE-----
MIID5zCCAs+gAwIBAgIBATANBgkqhkiG9w0BAQsFADB7MRswGQYDVQQDDBJzY20t
MUBmdi1hejI0MC0xOTMxLTArBgNVBAsMJDAyMWRlZjZmLTFkMjktNGEzZi1hZGYw
LTJmMTE2ZTUxMjNkYjEtMCsGA1UECgwkNjIxMzNiMDQtMzliNy00YTVkLWEyYTMt
OTcyMDJlMDczZWY1MB4XDTIzMDkxNDExNTEwMFoXDTI4MTAyMjExNTEwMFowezEb
MBkGA1UEAwwSc2NtLTFAZnYtYXoyNDAtMTkzMS0wKwYDVQQLDCQwMjFkZWY2Zi0x
ZDI5LTRhM2YtYWRmMC0yZjExNmU1MTIzZGIxLTArBgNVBAoMJDYyMTMzYjA0LTM5
YjctNGE1ZC1hMmEzLTk3MjAyZTA3M2VmNTCCASIwDQYJKoZIhvcNAQEBBQADggEP
ADCCAQoCggEBALQ9r4VP7cI6OLu4p8V7sIXptouy8TwU3PHIULogCEytEFR6B9Zw
xOgNIcsnT+1HDFtVgF5u90nGWwym4OJi5xkzjSURqrllO3nb+fYWBZr54EYq5hYb
Z6lVebfctr5smuHRgDzvsBiszQ4ddTEzw5JVP5gQrv8w1ltBR4GFVX3zIahZqkLA
YEwtRAN18veQpB1Zqt92/d3blV0AAnIPlq5KP8ZedBkfjThxbbLxnJGypIuRzS7/
Q0x0aJjq90Ehv6viYEwnd0z6E0NrGwyVe9WTK1zOSbxRjeAH5lGG3NwNjhOTLj4D
irDLGTpEErt3VaAwkxRzqjs2hSuWsqbkr6kCAwEAAaN2MHQwDwYDVR0TAQH/BAUw
AwEB/zAOBgNVHQ8BAf8EBAMCAQYwUQYDVR0RBEowSIcECgGIAIJAZnYtYXoyNDAt
MTkzLmJjb2xkMDRydXRnZWZkdXRzMmdrcmdodnNhLmJ4LmludGVybmFsLmNsb3Vk
YXBwLm5ldDANBgkqhkiG9w0BAQsFAAOCAQEAFR8itOXTZzv/SL2jkFnoxR9Wa2J6
2WufVqSLJUplT9Y7of0Lc3bHH3d6EMNTmC2WTxf86kMhTSUn2Qfmwh4GxvvonU0j
iLQtUCbh1uNGn1NqXwGwIfaC5XPv0NFkB2NeOf1aaEyzd7UcvN2i/UxENAQSa/dT
f8rEVMWVkyLrSSmhWrNQCqb8YL98J/GxGlD5kDrqRtmlRXyvsQ4MYW5WTiT/oWuP
iYK9BswD7HYolMuQRbZYWhPJmep/SyHKQmdq9BSWzx6f90zfW25/ZBo3WxaTA4LH
nhfm7idiwuMf5vFuT+2AnkHr0D+Y9if3EZ/V5xob6DCKv8vPc0skf8/BVA==
-----END CERTIFICATE-----

2023-09-14 11:51:00,600 [Time-limited test] INFO  utils.CertificateCodec (CertificateCodec.java:writeCertificate(299)) - Save certificate to /tmp/junit8112818710402643874/junit5553376003555919140/scm-meta/scm/sub-ca/certs/2084793956249.crt
2023-09-14 11:51:00,600 [Time-limited test] INFO  utils.CertificateCodec (CertificateCodec.java:writeCertificate(300)) - Certificate -----BEGIN CERTIFICATE-----
MIID/TCCAuWgAwIBAgIGAeVnZzeZMA0GCSqGSIb3DQEBCwUAMHsxGzAZBgNVBAMM
EnNjbS0xQGZ2LWF6MjQwLTE5MzEtMCsGA1UECwwkMDIxZGVmNmYtMWQyOS00YTNm
LWFkZjAtMmYxMTZlNTEyM2RiMS0wKwYDVQQKDCQ2MjEzM2IwNC0zOWI3LTRhNWQt
YTJhMy05NzIwMmUwNzNlZjUwHhcNMjMwOTE0MTE1MTAwWhcNMjgxMDIyMTE1MTAw
WjCBizErMCkGA1UEAwwic2NtLXN1Yi0yMDg0NzkwODQ5ODAxQGZ2LWF6MjQwLTE5
MzEtMCsGA1UECwwkMDIxZGVmNmYtMWQyOS00YTNmLWFkZjAtMmYxMTZlNTEyM2Ri
MS0wKwYDVQQKDCQ2MjEzM2IwNC0zOWI3LTRhNWQtYTJhMy05NzIwMmUwNzNlZjUw
ggEiMA0GCSqGSIb3DQEBAQUAA4IBDwAwggEKAoIBAQC/lRa9Zo3xHx3cLWHu06YF
yIOvqCgM7t8hJrhlOQeXREZZ3cI55A5z6PKmKmkpfCVRi10uCjfWQEJ3auSokC4j
Kf3Cps/dwHbmoKvd8If741XcSc4WDdvNOoYi/0VqcL1a1dZGelU+n6eLvPSNBiG3
tZ/fWhmzWyp7wIqOstC2CGCz3dj5OIovX1LVXffFmvbIFy9Pb3r75OywPDrq1rOw
hSdpw3YvkPbz0U259vNmsOFVU77Bon+eO/u6J4FwvW8QRtGxhBNbSRssdeTV9Yef
NXtQeX7QUDdGsXM0E6LYBfNSil/uw9y0mo4hcwz61IgCgD6euFpfPPoM3mewxN9J
AgMBAAGjdjB0MFEGA1UdEQRKMEiHBAoBiACCQGZ2LWF6MjQwLTE5My5iY29sZDA0
cnV0Z2VmZHV0czJna3JnaHZzYS5ieC5pbnRlcm5hbC5jbG91ZGFwcC5uZXQwDwYD
VR0TAQH/BAUwAwEB/zAOBgNVHQ8BAf8EBAMCAb4wDQYJKoZIhvcNAQELBQADggEB
AAWNcfPdRqcuZrsHWtKh6ORAqlF8yrlY3WW0mfWPkjiIbkMco44gzVh+Z41p50AR
4g1q5ck6kg43BWR5E3PE0HZVOAzBknrCbNJHUFOpwZmlktBkgfb/rY6471GTMz8j
6pmAgpaRktt52rVSAL0ZbBo4ggb0IjJylBpGdPPzQhIcZCnyPvlJm26Ww7HgjU2V
Y3icpwC26KEzVrrhtNfDkKgHGt80T3azTu7wLaN1YWnZOHFExAROGqO22Wm0AJcL
ySHqpi1RVNhdFa+5X0dpeHkR3bYSpV2pZAXKddhRC40UsWLeBuFLCQoiNQtIBnEk
sVtQ6Btl7qAA5kHdJTOaiU0=
-----END CERTIFICATE-----

-----BEGIN CERTIFICATE-----
MIID5zCCAs+gAwIBAgIBATANBgkqhkiG9w0BAQsFADB7MRswGQYDVQQDDBJzY20t
MUBmdi1hejI0MC0xOTMxLTArBgNVBAsMJDAyMWRlZjZmLTFkMjktNGEzZi1hZGYw
LTJmMTE2ZTUxMjNkYjEtMCsGA1UECgwkNjIxMzNiMDQtMzliNy00YTVkLWEyYTMt
OTcyMDJlMDczZWY1MB4XDTIzMDkxNDExNTEwMFoXDTI4MTAyMjExNTEwMFowezEb
MBkGA1UEAwwSc2NtLTFAZnYtYXoyNDAtMTkzMS0wKwYDVQQLDCQwMjFkZWY2Zi0x
ZDI5LTRhM2YtYWRmMC0yZjExNmU1MTIzZGIxLTArBgNVBAoMJDYyMTMzYjA0LTM5
YjctNGE1ZC1hMmEzLTk3MjAyZTA3M2VmNTCCASIwDQYJKoZIhvcNAQEBBQADggEP
ADCCAQoCggEBALQ9r4VP7cI6OLu4p8V7sIXptouy8TwU3PHIULogCEytEFR6B9Zw
xOgNIcsnT+1HDFtVgF5u90nGWwym4OJi5xkzjSURqrllO3nb+fYWBZr54EYq5hYb
Z6lVebfctr5smuHRgDzvsBiszQ4ddTEzw5JVP5gQrv8w1ltBR4GFVX3zIahZqkLA
YEwtRAN18veQpB1Zqt92/d3blV0AAnIPlq5KP8ZedBkfjThxbbLxnJGypIuRzS7/
Q0x0aJjq90Ehv6viYEwnd0z6E0NrGwyVe9WTK1zOSbxRjeAH5lGG3NwNjhOTLj4D
irDLGTpEErt3VaAwkxRzqjs2hSuWsqbkr6kCAwEAAaN2MHQwDwYDVR0TAQH/BAUw
AwEB/zAOBgNVHQ8BAf8EBAMCAQYwUQYDVR0RBEowSIcECgGIAIJAZnYtYXoyNDAt
MTkzLmJjb2xkMDRydXRnZWZkdXRzMmdrcmdodnNhLmJ4LmludGVybmFsLmNsb3Vk
YXBwLm5ldDANBgkqhkiG9w0BAQsFAAOCAQEAFR8itOXTZzv/SL2jkFnoxR9Wa2J6
2WufVqSLJUplT9Y7of0Lc3bHH3d6EMNTmC2WTxf86kMhTSUn2Qfmwh4GxvvonU0j
iLQtUCbh1uNGn1NqXwGwIfaC5XPv0NFkB2NeOf1aaEyzd7UcvN2i/UxENAQSa/dT
f8rEVMWVkyLrSSmhWrNQCqb8YL98J/GxGlD5kDrqRtmlRXyvsQ4MYW5WTiT/oWuP
iYK9BswD7HYolMuQRbZYWhPJmep/SyHKQmdq9BSWzx6f90zfW25/ZBo3WxaTA4LH
nhfm7idiwuMf5vFuT+2AnkHr0D+Y9if3EZ/V5xob6DCKv8vPc0skf8/BVA==
-----END CERTIFICATE-----

2023-09-14 11:51:00,600 [Time-limited test] INFO  utils.CertificateCodec (CertificateCodec.java:writeCertificate(299)) - Save certificate to /tmp/junit8112818710402643874/junit5553376003555919140/scm-meta/scm/sub-ca/certs/certificate.crt
2023-09-14 11:51:00,600 [Time-limited test] INFO  utils.CertificateCodec (CertificateCodec.java:writeCertificate(300)) - Certificate -----BEGIN CERTIFICATE-----
MIID/TCCAuWgAwIBAgIGAeVnZzeZMA0GCSqGSIb3DQEBCwUAMHsxGzAZBgNVBAMM
EnNjbS0xQGZ2LWF6MjQwLTE5MzEtMCsGA1UECwwkMDIxZGVmNmYtMWQyOS00YTNm
LWFkZjAtMmYxMTZlNTEyM2RiMS0wKwYDVQQKDCQ2MjEzM2IwNC0zOWI3LTRhNWQt
YTJhMy05NzIwMmUwNzNlZjUwHhcNMjMwOTE0MTE1MTAwWhcNMjgxMDIyMTE1MTAw
WjCBizErMCkGA1UEAwwic2NtLXN1Yi0yMDg0NzkwODQ5ODAxQGZ2LWF6MjQwLTE5
MzEtMCsGA1UECwwkMDIxZGVmNmYtMWQyOS00YTNmLWFkZjAtMmYxMTZlNTEyM2Ri
MS0wKwYDVQQKDCQ2MjEzM2IwNC0zOWI3LTRhNWQtYTJhMy05NzIwMmUwNzNlZjUw
ggEiMA0GCSqGSIb3DQEBAQUAA4IBDwAwggEKAoIBAQC/lRa9Zo3xHx3cLWHu06YF
yIOvqCgM7t8hJrhlOQeXREZZ3cI55A5z6PKmKmkpfCVRi10uCjfWQEJ3auSokC4j
Kf3Cps/dwHbmoKvd8If741XcSc4WDdvNOoYi/0VqcL1a1dZGelU+n6eLvPSNBiG3
tZ/fWhmzWyp7wIqOstC2CGCz3dj5OIovX1LVXffFmvbIFy9Pb3r75OywPDrq1rOw
hSdpw3YvkPbz0U259vNmsOFVU77Bon+eO/u6J4FwvW8QRtGxhBNbSRssdeTV9Yef
NXtQeX7QUDdGsXM0E6LYBfNSil/uw9y0mo4hcwz61IgCgD6euFpfPPoM3mewxN9J
AgMBAAGjdjB0MFEGA1UdEQRKMEiHBAoBiACCQGZ2LWF6MjQwLTE5My5iY29sZDA0
cnV0Z2VmZHV0czJna3JnaHZzYS5ieC5pbnRlcm5hbC5jbG91ZGFwcC5uZXQwDwYD
VR0TAQH/BAUwAwEB/zAOBgNVHQ8BAf8EBAMCAb4wDQYJKoZIhvcNAQELBQADggEB
AAWNcfPdRqcuZrsHWtKh6ORAqlF8yrlY3WW0mfWPkjiIbkMco44gzVh+Z41p50AR
4g1q5ck6kg43BWR5E3PE0HZVOAzBknrCbNJHUFOpwZmlktBkgfb/rY6471GTMz8j
6pmAgpaRktt52rVSAL0ZbBo4ggb0IjJylBpGdPPzQhIcZCnyPvlJm26Ww7HgjU2V
Y3icpwC26KEzVrrhtNfDkKgHGt80T3azTu7wLaN1YWnZOHFExAROGqO22Wm0AJcL
ySHqpi1RVNhdFa+5X0dpeHkR3bYSpV2pZAXKddhRC40UsWLeBuFLCQoiNQtIBnEk
sVtQ6Btl7qAA5kHdJTOaiU0=
-----END CERTIFICATE-----

-----BEGIN CERTIFICATE-----
MIID5zCCAs+gAwIBAgIBATANBgkqhkiG9w0BAQsFADB7MRswGQYDVQQDDBJzY20t
MUBmdi1hejI0MC0xOTMxLTArBgNVBAsMJDAyMWRlZjZmLTFkMjktNGEzZi1hZGYw
LTJmMTE2ZTUxMjNkYjEtMCsGA1UECgwkNjIxMzNiMDQtMzliNy00YTVkLWEyYTMt
OTcyMDJlMDczZWY1MB4XDTIzMDkxNDExNTEwMFoXDTI4MTAyMjExNTEwMFowezEb
MBkGA1UEAwwSc2NtLTFAZnYtYXoyNDAtMTkzMS0wKwYDVQQLDCQwMjFkZWY2Zi0x
ZDI5LTRhM2YtYWRmMC0yZjExNmU1MTIzZGIxLTArBgNVBAoMJDYyMTMzYjA0LTM5
YjctNGE1ZC1hMmEzLTk3MjAyZTA3M2VmNTCCASIwDQYJKoZIhvcNAQEBBQADggEP
ADCCAQoCggEBALQ9r4VP7cI6OLu4p8V7sIXptouy8TwU3PHIULogCEytEFR6B9Zw
xOgNIcsnT+1HDFtVgF5u90nGWwym4OJi5xkzjSURqrllO3nb+fYWBZr54EYq5hYb
Z6lVebfctr5smuHRgDzvsBiszQ4ddTEzw5JVP5gQrv8w1ltBR4GFVX3zIahZqkLA
YEwtRAN18veQpB1Zqt92/d3blV0AAnIPlq5KP8ZedBkfjThxbbLxnJGypIuRzS7/
Q0x0aJjq90Ehv6viYEwnd0z6E0NrGwyVe9WTK1zOSbxRjeAH5lGG3NwNjhOTLj4D
irDLGTpEErt3VaAwkxRzqjs2hSuWsqbkr6kCAwEAAaN2MHQwDwYDVR0TAQH/BAUw
AwEB/zAOBgNVHQ8BAf8EBAMCAQYwUQYDVR0RBEowSIcECgGIAIJAZnYtYXoyNDAt
MTkzLmJjb2xkMDRydXRnZWZkdXRzMmdrcmdodnNhLmJ4LmludGVybmFsLmNsb3Vk
YXBwLm5ldDANBgkqhkiG9w0BAQsFAAOCAQEAFR8itOXTZzv/SL2jkFnoxR9Wa2J6
2WufVqSLJUplT9Y7of0Lc3bHH3d6EMNTmC2WTxf86kMhTSUn2Qfmwh4GxvvonU0j
iLQtUCbh1uNGn1NqXwGwIfaC5XPv0NFkB2NeOf1aaEyzd7UcvN2i/UxENAQSa/dT
f8rEVMWVkyLrSSmhWrNQCqb8YL98J/GxGlD5kDrqRtmlRXyvsQ4MYW5WTiT/oWuP
iYK9BswD7HYolMuQRbZYWhPJmep/SyHKQmdq9BSWzx6f90zfW25/ZBo3WxaTA4LH
nhfm7idiwuMf5vFuT+2AnkHr0D+Y9if3EZ/V5xob6DCKv8vPc0skf8/BVA==
-----END CERTIFICATE-----

2023-09-14 11:51:00,600 [Time-limited test] INFO  ha.HASecurityUtils (HASecurityUtils.java:initializeSecurity(121)) - Successfully stored SCM signed certificate.
2023-09-14 11:51:00,602 [Time-limited test] WARN  server.ServerUtils (ServerUtils.java:getScmDbDir(155)) - ozone.scm.db.dirs is not configured. We recommend adding this setting. Falling back to ozone.metadata.dirs instead.
2023-09-14 11:51:00,603 [Time-limited test] INFO  ha.SCMHANodeDetails (SCMHANodeDetails.java:loadSCMHAConfig(210)) - ServiceID for StorageContainerManager is null
2023-09-14 11:51:00,603 [Time-limited test] INFO  ha.SCMHANodeDetails (SCMHANodeDetails.java:loadSCMHAConfig(215)) - ozone.scm.default.service.id is not defined, falling back to ozone.scm.service.ids to find serviceID for StorageContainerManager if it is HA enabled cluster
2023-09-14 11:51:00,604 [Time-limited test] WARN  server.ServerUtils (ServerUtils.java:getScmDbDir(155)) - ozone.scm.db.dirs is not configured. We recommend adding this setting. Falling back to ozone.metadata.dirs instead.
2023-09-14 11:51:00,604 [Time-limited test] INFO  ha.SCMHANodeDetails (SCMHANodeDetails.java:loadSCMHAConfig(210)) - ServiceID for StorageContainerManager is null
2023-09-14 11:51:00,604 [Time-limited test] INFO  ha.SCMHANodeDetails (SCMHANodeDetails.java:loadSCMHAConfig(215)) - ozone.scm.default.service.id is not defined, falling back to ozone.scm.service.ids to find serviceID for StorageContainerManager if it is HA enabled cluster
2023-09-14 11:51:00,605 [Time-limited test] WARN  server.ServerUtils (ServerUtils.java:getScmDbDir(155)) - ozone.scm.db.dirs is not configured. We recommend adding this setting. Falling back to ozone.metadata.dirs instead.
2023-09-14 11:51:00,606 [Time-limited test] INFO  ha.SCMHANodeDetails (SCMHANodeDetails.java:loadSCMHAConfig(210)) - ServiceID for StorageContainerManager is null
2023-09-14 11:51:00,606 [Time-limited test] INFO  ha.SCMHANodeDetails (SCMHANodeDetails.java:loadSCMHAConfig(215)) - ozone.scm.default.service.id is not defined, falling back to ozone.scm.service.ids to find serviceID for StorageContainerManager if it is HA enabled cluster
2023-09-14 11:51:00,606 [Time-limited test] WARN  server.ServerUtils (ServerUtils.java:getScmDbDir(155)) - ozone.scm.db.dirs is not configured. We recommend adding this setting. Falling back to ozone.metadata.dirs instead.
2023-09-14 11:51:00,606 [Time-limited test] INFO  ha.SCMHANodeDetails (SCMHANodeDetails.java:loadSCMHAConfig(210)) - ServiceID for StorageContainerManager is null
2023-09-14 11:51:00,606 [Time-limited test] INFO  ha.SCMHANodeDetails (SCMHANodeDetails.java:loadSCMHAConfig(215)) - ozone.scm.default.service.id is not defined, falling back to ozone.scm.service.ids to find serviceID for StorageContainerManager if it is HA enabled cluster
2023-09-14 11:51:00,607 [Time-limited test] INFO  impl.DefaultInternalKdcServerImpl (DefaultInternalKdcServerImpl.java:doStop(102)) - Default Internal kdc server stopped.
2023-09-14 11:51:01,607 [Time-limited test] INFO  minikdc.MiniKdc (MiniKdc.java:stop(359)) - MiniKdc stopped.
]]></system-out>
  </testcase>
  <testcase name="testAdminAccessControlException" classname="org.apache.hadoop.ozone.TestSecureOzoneCluster" time="4.637">
    <system-out><![CDATA[2023-09-14 11:51:01,625 [Time-limited test] INFO  net.ServerSocketUtil (ServerSocketUtil.java:getPort(55)) - Using port 9860
2023-09-14 11:51:01,626 [Time-limited test] INFO  net.ServerSocketUtil (ServerSocketUtil.java:getPort(55)) - Using port 9861
2023-09-14 11:51:01,626 [Time-limited test] INFO  net.ServerSocketUtil (ServerSocketUtil.java:getPort(55)) - Using port 9863
2023-09-14 11:51:01,626 [Time-limited test] INFO  net.ServerSocketUtil (ServerSocketUtil.java:getPort(55)) - Using port 9961
2023-09-14 11:51:01,626 [Time-limited test] INFO  net.ServerSocketUtil (ServerSocketUtil.java:getPort(55)) - Using port 1200
2023-09-14 11:51:01,626 [Time-limited test] INFO  net.ServerSocketUtil (ServerSocketUtil.java:getPort(55)) - Using port 1201
2023-09-14 11:51:01,627 [Time-limited test] INFO  minikdc.MiniKdc (MiniKdc.java:<init>(225)) - Configuration:
2023-09-14 11:51:01,627 [Time-limited test] INFO  minikdc.MiniKdc (MiniKdc.java:<init>(226)) - ---------------------------------------------------------------
2023-09-14 11:51:01,627 [Time-limited test] INFO  minikdc.MiniKdc (MiniKdc.java:<init>(228)) -   debug: false
2023-09-14 11:51:01,627 [Time-limited test] INFO  minikdc.MiniKdc (MiniKdc.java:<init>(228)) -   transport: TCP
2023-09-14 11:51:01,627 [Time-limited test] INFO  minikdc.MiniKdc (MiniKdc.java:<init>(228)) -   max.ticket.lifetime: 86400000
2023-09-14 11:51:01,627 [Time-limited test] INFO  minikdc.MiniKdc (MiniKdc.java:<init>(228)) -   org.name: EXAMPLE
2023-09-14 11:51:01,627 [Time-limited test] INFO  minikdc.MiniKdc (MiniKdc.java:<init>(228)) -   kdc.port: 0
2023-09-14 11:51:01,627 [Time-limited test] INFO  minikdc.MiniKdc (MiniKdc.java:<init>(228)) -   org.domain: COM
2023-09-14 11:51:01,627 [Time-limited test] INFO  minikdc.MiniKdc (MiniKdc.java:<init>(228)) -   max.renewable.lifetime: 604800000
2023-09-14 11:51:01,627 [Time-limited test] INFO  minikdc.MiniKdc (MiniKdc.java:<init>(228)) -   instance: DefaultKrbServer
2023-09-14 11:51:01,627 [Time-limited test] INFO  minikdc.MiniKdc (MiniKdc.java:<init>(228)) -   kdc.bind.address: localhost
2023-09-14 11:51:01,627 [Time-limited test] INFO  minikdc.MiniKdc (MiniKdc.java:<init>(230)) - ---------------------------------------------------------------
2023-09-14 11:51:01,629 [Time-limited test] INFO  minikdc.MiniKdc (MiniKdc.java:start(285)) - MiniKdc started.
2023-09-14 11:51:01,785 [Time-limited test] INFO  om.OzoneManager (OzoneManager.java:getOmDetailsProto(4573)) - OzoneManager ports added:[name: "RPC"
value: 1202
]
2023-09-14 11:51:01,785 [Time-limited test] WARN  server.ServerUtils (ServerUtils.java:getScmDbDir(155)) - ozone.scm.db.dirs is not configured. We recommend adding this setting. Falling back to ozone.metadata.dirs instead.
2023-09-14 11:51:01,786 [Time-limited test] INFO  ha.HASecurityUtils (HASecurityUtils.java:initializeSecurity(98)) - Initializing secure StorageContainerManager.
2023-09-14 11:51:01,787 [Time-limited test] INFO  client.SCMCertificateClient (DefaultCertificateClient.java:updateCertSerialId(1244)) - Certificate serial ID set to null
2023-09-14 11:51:01,787 [Time-limited test] ERROR client.SCMCertificateClient (DefaultCertificateClient.java:getCertPath(362)) - Default certificate serial id is not set. Can't locate the default certificate for this client.
2023-09-14 11:51:01,787 [Time-limited test] INFO  client.SCMCertificateClient (DefaultCertificateClient.java:init(715)) - Certificate client init case: 0
2023-09-14 11:51:01,787 [Time-limited test] INFO  client.SCMCertificateClient (SCMCertificateClient.java:handleCase(103)) - Creating keypair for client as keypair and certificate not found.
2023-09-14 11:51:01,849 [Time-limited test] INFO  ha.HASecurityUtils (HASecurityUtils.java:initializeSecurity(108)) - Init response: GETCERT
2023-09-14 11:51:02,073 [Time-limited test] INFO  ozone.OzoneSecurityUtil (OzoneSecurityUtil.java:getValidInetsForCurrentHost(119)) - ip:fe80:0:0:0:20d:3aff:fe15:5b9%eth0 not returned.
2023-09-14 11:51:02,074 [Time-limited test] INFO  ozone.OzoneSecurityUtil (OzoneSecurityUtil.java:getValidInetsForCurrentHost(116)) - Adding ip:10.1.136.0,host:fv-az240-193.bcold04rutgefduts2gkrghvsa.bx.internal.cloudapp.net
2023-09-14 11:51:02,074 [Time-limited test] INFO  ozone.OzoneSecurityUtil (OzoneSecurityUtil.java:getValidInetsForCurrentHost(119)) - ip:0:0:0:0:0:0:0:1%lo not returned.
2023-09-14 11:51:02,074 [Time-limited test] INFO  ozone.OzoneSecurityUtil (OzoneSecurityUtil.java:getValidInetsForCurrentHost(119)) - ip:127.0.0.1 not returned.
2023-09-14 11:51:02,076 [Time-limited test] INFO  utils.SelfSignedCertificate (SelfSignedCertificate.java:generateCertificate(157)) - Certificate 1 is issued by CN=scm-1@fv-az240-193,OU=a47e1f18-bbe0-4826-b815-8bf8b353a70a,O=8cfeeadc-82c5-464f-ab16-e1665de7fb25 to CN=scm-1@fv-az240-193,OU=a47e1f18-bbe0-4826-b815-8bf8b353a70a,O=8cfeeadc-82c5-464f-ab16-e1665de7fb25, valid from Thu Sep 14 11:51:02 UTC 2023 to Sun Oct 22 11:51:02 UTC 2028
2023-09-14 11:51:02,077 [Time-limited test] INFO  utils.CertificateCodec (CertificateCodec.java:writeCertificate(299)) - Save certificate to /tmp/junit2167028796616897990/junit5043700574260010465/scm-meta/scm/ca/certs/certificate.crt
2023-09-14 11:51:02,077 [Time-limited test] INFO  utils.CertificateCodec (CertificateCodec.java:writeCertificate(300)) - Certificate -----BEGIN CERTIFICATE-----
MIID5zCCAs+gAwIBAgIBATANBgkqhkiG9w0BAQsFADB7MRswGQYDVQQDDBJzY20t
MUBmdi1hejI0MC0xOTMxLTArBgNVBAsMJGE0N2UxZjE4LWJiZTAtNDgyNi1iODE1
LThiZjhiMzUzYTcwYTEtMCsGA1UECgwkOGNmZWVhZGMtODJjNS00NjRmLWFiMTYt
ZTE2NjVkZTdmYjI1MB4XDTIzMDkxNDExNTEwMloXDTI4MTAyMjExNTEwMlowezEb
MBkGA1UEAwwSc2NtLTFAZnYtYXoyNDAtMTkzMS0wKwYDVQQLDCRhNDdlMWYxOC1i
YmUwLTQ4MjYtYjgxNS04YmY4YjM1M2E3MGExLTArBgNVBAoMJDhjZmVlYWRjLTgy
YzUtNDY0Zi1hYjE2LWUxNjY1ZGU3ZmIyNTCCASIwDQYJKoZIhvcNAQEBBQADggEP
ADCCAQoCggEBALaIM3wW8xohAP2W0RjC8KYXQW+0y4D52g97hydCgFhpaEYvXEvA
8F1O95G34SA9tM7speD1eqFUJzFQFoOv4LQ7KBvTA9LXBWmMEpGeE14j8vn445v0
uRz4MlflPsS5tL1RpvI/JUBSDZKFlDgR7OtdaUEuCjZsL+SWHOfweKiVgVA1oCvD
1wueLqpEmFt9K6zS8FNH+QoSG/nvWmvPMdA4r6lPV8d+1w7z8KsPL2QXWXaLlATd
v1gHUAddoa14E4wYBBsHcrIdlQ/Y8Uc2Xk00ADnz8eH0F+7O5z9ZdmxZPLtfK27I
nYEuXA9moRrMI696a4ABsAngriPbrWC64j0CAwEAAaN2MHQwDwYDVR0TAQH/BAUw
AwEB/zAOBgNVHQ8BAf8EBAMCAQYwUQYDVR0RBEowSIcECgGIAIJAZnYtYXoyNDAt
MTkzLmJjb2xkMDRydXRnZWZkdXRzMmdrcmdodnNhLmJ4LmludGVybmFsLmNsb3Vk
YXBwLm5ldDANBgkqhkiG9w0BAQsFAAOCAQEAPbAJ/PqDA2XXti/t5T3A5nOTxb/v
CimpFCbCaGZpoq808e4hUS80ydAAImDcYD1ESSKwo5tBJIKACAm3HdVGPWKkxNu+
bdqiZ+heq8/JRuyeBvyPNtfoKAS1kzDxVNfd/POdvsUlOe9uyPT8bZiNuFP7y8kb
Ri3JisE6bjY4DTiQIN0tXHc5LwSowLgZ8CQTRhkl6rhcFZtJqeH5BoSjO3CngYJI
Xkmb3QexflyT2i12OMv5CFm8zF2e2ljRTPcYrh+XPXkNrkmHnS7M9R81PnSaTOgd
njGWNqe8bEVFQjxMEJB5xnRfWZmvA10aD4jeavtY/HtDtAuwV9b8m8gfFQ==
-----END CERTIFICATE-----

2023-09-14 11:51:02,078 [Time-limited test] INFO  client.SCMCertificateClient (SCMCertificateClient.java:getCSRBuilder(165)) - Creating csr for SCM->hostName:fv-az240-193,scmId:a47e1f18-bbe0-4826-b815-8bf8b353a70a,clusterId:8cfeeadc-82c5-464f-ab16-e1665de7fb25,subject:scm-sub-2086276256440@fv-az240-193
2023-09-14 11:51:02,078 [Time-limited test] INFO  ozone.OzoneSecurityUtil (OzoneSecurityUtil.java:getValidInetsForCurrentHost(119)) - ip:fe80:0:0:0:20d:3aff:fe15:5b9%eth0 not returned.
2023-09-14 11:51:02,078 [Time-limited test] INFO  ozone.OzoneSecurityUtil (OzoneSecurityUtil.java:getValidInetsForCurrentHost(116)) - Adding ip:10.1.136.0,host:fv-az240-193.bcold04rutgefduts2gkrghvsa.bx.internal.cloudapp.net
2023-09-14 11:51:02,078 [Time-limited test] INFO  ozone.OzoneSecurityUtil (OzoneSecurityUtil.java:getValidInetsForCurrentHost(119)) - ip:0:0:0:0:0:0:0:1%lo not returned.
2023-09-14 11:51:02,078 [Time-limited test] INFO  ozone.OzoneSecurityUtil (OzoneSecurityUtil.java:getValidInetsForCurrentHost(119)) - ip:127.0.0.1 not returned.
2023-09-14 11:51:02,078 [Time-limited test] INFO  ha.HASecurityUtils (HASecurityUtils.java:generateCSR(308)) - Creating csr for SCM->hostName:fv-az240-193,scmId:a47e1f18-bbe0-4826-b815-8bf8b353a70a,clusterId:8cfeeadc-82c5-464f-ab16-e1665de7fb25,subject:scm-sub-2086276891478@fv-az240-193
2023-09-14 11:51:02,082 [Time-limited test] INFO  authority.DefaultApprover (DefaultApprover.java:sign(154)) - Extensions in CSR: 2.5.29.19, 2.5.29.15, 2.5.29.17
2023-09-14 11:51:02,082 [Time-limited test] INFO  authority.DefaultApprover (DefaultApprover.java:sign(158)) - Extensions to add to the certificate if they present in CSR: 2.5.29.17, 2.5.29.19, 1.3.6.1.5.5.7.1.12, 2.5.29.35, 2.5.29.37, 2.5.29.15
2023-09-14 11:51:02,085 [Time-limited test] INFO  utils.CertificateCodec (CertificateCodec.java:writeCertificate(299)) - Save certificate to /tmp/junit2167028796616897990/junit5043700574260010465/scm-meta/scm/sub-ca/certs/CA-1.crt
2023-09-14 11:51:02,085 [Time-limited test] INFO  utils.CertificateCodec (CertificateCodec.java:writeCertificate(300)) - Certificate -----BEGIN CERTIFICATE-----
MIID5zCCAs+gAwIBAgIBATANBgkqhkiG9w0BAQsFADB7MRswGQYDVQQDDBJzY20t
MUBmdi1hejI0MC0xOTMxLTArBgNVBAsMJGE0N2UxZjE4LWJiZTAtNDgyNi1iODE1
LThiZjhiMzUzYTcwYTEtMCsGA1UECgwkOGNmZWVhZGMtODJjNS00NjRmLWFiMTYt
ZTE2NjVkZTdmYjI1MB4XDTIzMDkxNDExNTEwMloXDTI4MTAyMjExNTEwMlowezEb
MBkGA1UEAwwSc2NtLTFAZnYtYXoyNDAtMTkzMS0wKwYDVQQLDCRhNDdlMWYxOC1i
YmUwLTQ4MjYtYjgxNS04YmY4YjM1M2E3MGExLTArBgNVBAoMJDhjZmVlYWRjLTgy
YzUtNDY0Zi1hYjE2LWUxNjY1ZGU3ZmIyNTCCASIwDQYJKoZIhvcNAQEBBQADggEP
ADCCAQoCggEBALaIM3wW8xohAP2W0RjC8KYXQW+0y4D52g97hydCgFhpaEYvXEvA
8F1O95G34SA9tM7speD1eqFUJzFQFoOv4LQ7KBvTA9LXBWmMEpGeE14j8vn445v0
uRz4MlflPsS5tL1RpvI/JUBSDZKFlDgR7OtdaUEuCjZsL+SWHOfweKiVgVA1oCvD
1wueLqpEmFt9K6zS8FNH+QoSG/nvWmvPMdA4r6lPV8d+1w7z8KsPL2QXWXaLlATd
v1gHUAddoa14E4wYBBsHcrIdlQ/Y8Uc2Xk00ADnz8eH0F+7O5z9ZdmxZPLtfK27I
nYEuXA9moRrMI696a4ABsAngriPbrWC64j0CAwEAAaN2MHQwDwYDVR0TAQH/BAUw
AwEB/zAOBgNVHQ8BAf8EBAMCAQYwUQYDVR0RBEowSIcECgGIAIJAZnYtYXoyNDAt
MTkzLmJjb2xkMDRydXRnZWZkdXRzMmdrcmdodnNhLmJ4LmludGVybmFsLmNsb3Vk
YXBwLm5ldDANBgkqhkiG9w0BAQsFAAOCAQEAPbAJ/PqDA2XXti/t5T3A5nOTxb/v
CimpFCbCaGZpoq808e4hUS80ydAAImDcYD1ESSKwo5tBJIKACAm3HdVGPWKkxNu+
bdqiZ+heq8/JRuyeBvyPNtfoKAS1kzDxVNfd/POdvsUlOe9uyPT8bZiNuFP7y8kb
Ri3JisE6bjY4DTiQIN0tXHc5LwSowLgZ8CQTRhkl6rhcFZtJqeH5BoSjO3CngYJI
Xkmb3QexflyT2i12OMv5CFm8zF2e2ljRTPcYrh+XPXkNrkmHnS7M9R81PnSaTOgd
njGWNqe8bEVFQjxMEJB5xnRfWZmvA10aD4jeavtY/HtDtAuwV9b8m8gfFQ==
-----END CERTIFICATE-----

2023-09-14 11:51:02,085 [Time-limited test] INFO  utils.CertificateCodec (CertificateCodec.java:writeCertificate(299)) - Save certificate to /tmp/junit2167028796616897990/junit5043700574260010465/scm-meta/scm/sub-ca/certs/2086279984779.crt
2023-09-14 11:51:02,085 [Time-limited test] INFO  utils.CertificateCodec (CertificateCodec.java:writeCertificate(300)) - Certificate -----BEGIN CERTIFICATE-----
MIID/TCCAuWgAwIBAgIGAeW/+jaLMA0GCSqGSIb3DQEBCwUAMHsxGzAZBgNVBAMM
EnNjbS0xQGZ2LWF6MjQwLTE5MzEtMCsGA1UECwwkYTQ3ZTFmMTgtYmJlMC00ODI2
LWI4MTUtOGJmOGIzNTNhNzBhMS0wKwYDVQQKDCQ4Y2ZlZWFkYy04MmM1LTQ2NGYt
YWIxNi1lMTY2NWRlN2ZiMjUwHhcNMjMwOTE0MTE1MTAyWhcNMjgxMDIyMTE1MTAy
WjCBizErMCkGA1UEAwwic2NtLXN1Yi0yMDg2Mjc2ODkxNDc4QGZ2LWF6MjQwLTE5
MzEtMCsGA1UECwwkYTQ3ZTFmMTgtYmJlMC00ODI2LWI4MTUtOGJmOGIzNTNhNzBh
MS0wKwYDVQQKDCQ4Y2ZlZWFkYy04MmM1LTQ2NGYtYWIxNi1lMTY2NWRlN2ZiMjUw
ggEiMA0GCSqGSIb3DQEBAQUAA4IBDwAwggEKAoIBAQCdQ9+Pm4PRQBsBt/M339/3
OZfkMXijmJsRVQIoLLDQUtuBASef1+Dkje+RtgdjywWotIFdOyjQza0AktPfXRRl
nlL8bJnTP3scPH/u/xwCbW4v6L4ul9he1XzcLNbzjIZDKndgRlyOUaNjo+7uFIEA
C5XDAT+KR2fzQBQQcBVVQTwpVt2tsbhzcLyn5oQfpGSrBn641EqHz71o0jDb790E
VKdO86UYdPXqtCt/8av37YrOmh3z2Ch+Ooc9Rp9vYMWXAtjhm7k12LCLBQ4cNDA2
00Cm46WilLL/rxRO5KItOJFFrWQU6EPl5ufHCsS4B6szzb4grKZJWkQ+5T2PBO8d
AgMBAAGjdjB0MFEGA1UdEQRKMEiHBAoBiACCQGZ2LWF6MjQwLTE5My5iY29sZDA0
cnV0Z2VmZHV0czJna3JnaHZzYS5ieC5pbnRlcm5hbC5jbG91ZGFwcC5uZXQwDwYD
VR0TAQH/BAUwAwEB/zAOBgNVHQ8BAf8EBAMCAb4wDQYJKoZIhvcNAQELBQADggEB
ALYjERrYRbG9kGF2C+nbicDGvqa7K+fNfkjg5nAEX8nh8avDQVnkwy/924DOq91A
3feNgtfaPHNkKTov+sYcD/g0c/GJbIzyETIB6C8RTfTcYOmvBkAclgiFyv9zpY7I
IPwmXWhGVm97bV8hrGFF6TK9GvVJK7vuK4BF1SQEH1T3804QCqWFuOJxC9o3O+zd
hpZjkJbyG1ohRcSvMqVLShK0yqJkiC8HL+4kN9R6HOPrMZdtMQZn0OhjhdVhulaT
lXJvTonQXPYTzha3iOSIbMZrb3NZmbakLJhMEGlnADqScWrKUPSy1mXchm4rxa01
FaNIdamZoK5qXckWzl3bIXE=
-----END CERTIFICATE-----

-----BEGIN CERTIFICATE-----
MIID5zCCAs+gAwIBAgIBATANBgkqhkiG9w0BAQsFADB7MRswGQYDVQQDDBJzY20t
MUBmdi1hejI0MC0xOTMxLTArBgNVBAsMJGE0N2UxZjE4LWJiZTAtNDgyNi1iODE1
LThiZjhiMzUzYTcwYTEtMCsGA1UECgwkOGNmZWVhZGMtODJjNS00NjRmLWFiMTYt
ZTE2NjVkZTdmYjI1MB4XDTIzMDkxNDExNTEwMloXDTI4MTAyMjExNTEwMlowezEb
MBkGA1UEAwwSc2NtLTFAZnYtYXoyNDAtMTkzMS0wKwYDVQQLDCRhNDdlMWYxOC1i
YmUwLTQ4MjYtYjgxNS04YmY4YjM1M2E3MGExLTArBgNVBAoMJDhjZmVlYWRjLTgy
YzUtNDY0Zi1hYjE2LWUxNjY1ZGU3ZmIyNTCCASIwDQYJKoZIhvcNAQEBBQADggEP
ADCCAQoCggEBALaIM3wW8xohAP2W0RjC8KYXQW+0y4D52g97hydCgFhpaEYvXEvA
8F1O95G34SA9tM7speD1eqFUJzFQFoOv4LQ7KBvTA9LXBWmMEpGeE14j8vn445v0
uRz4MlflPsS5tL1RpvI/JUBSDZKFlDgR7OtdaUEuCjZsL+SWHOfweKiVgVA1oCvD
1wueLqpEmFt9K6zS8FNH+QoSG/nvWmvPMdA4r6lPV8d+1w7z8KsPL2QXWXaLlATd
v1gHUAddoa14E4wYBBsHcrIdlQ/Y8Uc2Xk00ADnz8eH0F+7O5z9ZdmxZPLtfK27I
nYEuXA9moRrMI696a4ABsAngriPbrWC64j0CAwEAAaN2MHQwDwYDVR0TAQH/BAUw
AwEB/zAOBgNVHQ8BAf8EBAMCAQYwUQYDVR0RBEowSIcECgGIAIJAZnYtYXoyNDAt
MTkzLmJjb2xkMDRydXRnZWZkdXRzMmdrcmdodnNhLmJ4LmludGVybmFsLmNsb3Vk
YXBwLm5ldDANBgkqhkiG9w0BAQsFAAOCAQEAPbAJ/PqDA2XXti/t5T3A5nOTxb/v
CimpFCbCaGZpoq808e4hUS80ydAAImDcYD1ESSKwo5tBJIKACAm3HdVGPWKkxNu+
bdqiZ+heq8/JRuyeBvyPNtfoKAS1kzDxVNfd/POdvsUlOe9uyPT8bZiNuFP7y8kb
Ri3JisE6bjY4DTiQIN0tXHc5LwSowLgZ8CQTRhkl6rhcFZtJqeH5BoSjO3CngYJI
Xkmb3QexflyT2i12OMv5CFm8zF2e2ljRTPcYrh+XPXkNrkmHnS7M9R81PnSaTOgd
njGWNqe8bEVFQjxMEJB5xnRfWZmvA10aD4jeavtY/HtDtAuwV9b8m8gfFQ==
-----END CERTIFICATE-----

2023-09-14 11:51:02,086 [Time-limited test] INFO  utils.CertificateCodec (CertificateCodec.java:writeCertificate(299)) - Save certificate to /tmp/junit2167028796616897990/junit5043700574260010465/scm-meta/scm/sub-ca/certs/certificate.crt
2023-09-14 11:51:02,086 [Time-limited test] INFO  utils.CertificateCodec (CertificateCodec.java:writeCertificate(300)) - Certificate -----BEGIN CERTIFICATE-----
MIID/TCCAuWgAwIBAgIGAeW/+jaLMA0GCSqGSIb3DQEBCwUAMHsxGzAZBgNVBAMM
EnNjbS0xQGZ2LWF6MjQwLTE5MzEtMCsGA1UECwwkYTQ3ZTFmMTgtYmJlMC00ODI2
LWI4MTUtOGJmOGIzNTNhNzBhMS0wKwYDVQQKDCQ4Y2ZlZWFkYy04MmM1LTQ2NGYt
YWIxNi1lMTY2NWRlN2ZiMjUwHhcNMjMwOTE0MTE1MTAyWhcNMjgxMDIyMTE1MTAy
WjCBizErMCkGA1UEAwwic2NtLXN1Yi0yMDg2Mjc2ODkxNDc4QGZ2LWF6MjQwLTE5
MzEtMCsGA1UECwwkYTQ3ZTFmMTgtYmJlMC00ODI2LWI4MTUtOGJmOGIzNTNhNzBh
MS0wKwYDVQQKDCQ4Y2ZlZWFkYy04MmM1LTQ2NGYtYWIxNi1lMTY2NWRlN2ZiMjUw
ggEiMA0GCSqGSIb3DQEBAQUAA4IBDwAwggEKAoIBAQCdQ9+Pm4PRQBsBt/M339/3
OZfkMXijmJsRVQIoLLDQUtuBASef1+Dkje+RtgdjywWotIFdOyjQza0AktPfXRRl
nlL8bJnTP3scPH/u/xwCbW4v6L4ul9he1XzcLNbzjIZDKndgRlyOUaNjo+7uFIEA
C5XDAT+KR2fzQBQQcBVVQTwpVt2tsbhzcLyn5oQfpGSrBn641EqHz71o0jDb790E
VKdO86UYdPXqtCt/8av37YrOmh3z2Ch+Ooc9Rp9vYMWXAtjhm7k12LCLBQ4cNDA2
00Cm46WilLL/rxRO5KItOJFFrWQU6EPl5ufHCsS4B6szzb4grKZJWkQ+5T2PBO8d
AgMBAAGjdjB0MFEGA1UdEQRKMEiHBAoBiACCQGZ2LWF6MjQwLTE5My5iY29sZDA0
cnV0Z2VmZHV0czJna3JnaHZzYS5ieC5pbnRlcm5hbC5jbG91ZGFwcC5uZXQwDwYD
VR0TAQH/BAUwAwEB/zAOBgNVHQ8BAf8EBAMCAb4wDQYJKoZIhvcNAQELBQADggEB
ALYjERrYRbG9kGF2C+nbicDGvqa7K+fNfkjg5nAEX8nh8avDQVnkwy/924DOq91A
3feNgtfaPHNkKTov+sYcD/g0c/GJbIzyETIB6C8RTfTcYOmvBkAclgiFyv9zpY7I
IPwmXWhGVm97bV8hrGFF6TK9GvVJK7vuK4BF1SQEH1T3804QCqWFuOJxC9o3O+zd
hpZjkJbyG1ohRcSvMqVLShK0yqJkiC8HL+4kN9R6HOPrMZdtMQZn0OhjhdVhulaT
lXJvTonQXPYTzha3iOSIbMZrb3NZmbakLJhMEGlnADqScWrKUPSy1mXchm4rxa01
FaNIdamZoK5qXckWzl3bIXE=
-----END CERTIFICATE-----

-----BEGIN CERTIFICATE-----
MIID5zCCAs+gAwIBAgIBATANBgkqhkiG9w0BAQsFADB7MRswGQYDVQQDDBJzY20t
MUBmdi1hejI0MC0xOTMxLTArBgNVBAsMJGE0N2UxZjE4LWJiZTAtNDgyNi1iODE1
LThiZjhiMzUzYTcwYTEtMCsGA1UECgwkOGNmZWVhZGMtODJjNS00NjRmLWFiMTYt
ZTE2NjVkZTdmYjI1MB4XDTIzMDkxNDExNTEwMloXDTI4MTAyMjExNTEwMlowezEb
MBkGA1UEAwwSc2NtLTFAZnYtYXoyNDAtMTkzMS0wKwYDVQQLDCRhNDdlMWYxOC1i
YmUwLTQ4MjYtYjgxNS04YmY4YjM1M2E3MGExLTArBgNVBAoMJDhjZmVlYWRjLTgy
YzUtNDY0Zi1hYjE2LWUxNjY1ZGU3ZmIyNTCCASIwDQYJKoZIhvcNAQEBBQADggEP
ADCCAQoCggEBALaIM3wW8xohAP2W0RjC8KYXQW+0y4D52g97hydCgFhpaEYvXEvA
8F1O95G34SA9tM7speD1eqFUJzFQFoOv4LQ7KBvTA9LXBWmMEpGeE14j8vn445v0
uRz4MlflPsS5tL1RpvI/JUBSDZKFlDgR7OtdaUEuCjZsL+SWHOfweKiVgVA1oCvD
1wueLqpEmFt9K6zS8FNH+QoSG/nvWmvPMdA4r6lPV8d+1w7z8KsPL2QXWXaLlATd
v1gHUAddoa14E4wYBBsHcrIdlQ/Y8Uc2Xk00ADnz8eH0F+7O5z9ZdmxZPLtfK27I
nYEuXA9moRrMI696a4ABsAngriPbrWC64j0CAwEAAaN2MHQwDwYDVR0TAQH/BAUw
AwEB/zAOBgNVHQ8BAf8EBAMCAQYwUQYDVR0RBEowSIcECgGIAIJAZnYtYXoyNDAt
MTkzLmJjb2xkMDRydXRnZWZkdXRzMmdrcmdodnNhLmJ4LmludGVybmFsLmNsb3Vk
YXBwLm5ldDANBgkqhkiG9w0BAQsFAAOCAQEAPbAJ/PqDA2XXti/t5T3A5nOTxb/v
CimpFCbCaGZpoq808e4hUS80ydAAImDcYD1ESSKwo5tBJIKACAm3HdVGPWKkxNu+
bdqiZ+heq8/JRuyeBvyPNtfoKAS1kzDxVNfd/POdvsUlOe9uyPT8bZiNuFP7y8kb
Ri3JisE6bjY4DTiQIN0tXHc5LwSowLgZ8CQTRhkl6rhcFZtJqeH5BoSjO3CngYJI
Xkmb3QexflyT2i12OMv5CFm8zF2e2ljRTPcYrh+XPXkNrkmHnS7M9R81PnSaTOgd
njGWNqe8bEVFQjxMEJB5xnRfWZmvA10aD4jeavtY/HtDtAuwV9b8m8gfFQ==
-----END CERTIFICATE-----

2023-09-14 11:51:02,086 [Time-limited test] INFO  ha.HASecurityUtils (HASecurityUtils.java:initializeSecurity(121)) - Successfully stored SCM signed certificate.
2023-09-14 11:51:02,088 [Time-limited test] WARN  server.ServerUtils (ServerUtils.java:getScmDbDir(155)) - ozone.scm.db.dirs is not configured. We recommend adding this setting. Falling back to ozone.metadata.dirs instead.
2023-09-14 11:51:02,088 [Time-limited test] INFO  ha.SCMHANodeDetails (SCMHANodeDetails.java:loadSCMHAConfig(210)) - ServiceID for StorageContainerManager is null
2023-09-14 11:51:02,088 [Time-limited test] INFO  ha.SCMHANodeDetails (SCMHANodeDetails.java:loadSCMHAConfig(215)) - ozone.scm.default.service.id is not defined, falling back to ozone.scm.service.ids to find serviceID for StorageContainerManager if it is HA enabled cluster
2023-09-14 11:51:02,095 [pool-551-thread-1] INFO  request.KdcRequest (KdcRequest.java:preauth(651)) - The preauth data is empty.
2023-09-14 11:51:02,095 [pool-551-thread-1] INFO  server.KdcHandler (KdcHandler.java:handleRecoverableException(177)) - KRB error occurred while processing request:Additional pre-authentication required
2023-09-14 11:51:02,103 [pool-551-thread-2] INFO  request.AsRequest (AsRequest.java:issueTicket(112)) - AS_REQ ISSUE: authtime 1694692262103,scm/fv-az240-193.bcold04rutgefduts2gkrghvsa.bx.internal.cloudapp.net@EXAMPLE.COM for krbtgt/EXAMPLE.COM@EXAMPLE.COM
2023-09-14 11:51:02,105 [Time-limited test] INFO  security.UserGroupInformation (UserGroupInformation.java:loginUserFromKeytab(1132)) - Login successful for user scm/fv-az240-193.bcold04rutgefduts2gkrghvsa.bx.internal.cloudapp.net@EXAMPLE.COM using keytab file scm.keytab. Keytab auto renewal enabled : false
2023-09-14 11:51:02,105 [Time-limited test] INFO  server.StorageContainerManager (StorageContainerManager.java:loginAsSCMUserIfSecurityEnabled(1042)) - SCM login successful.
2023-09-14 11:51:02,106 [Time-limited test] INFO  client.SCMCertificateClient (DefaultCertificateClient.java:updateCertSerialId(1244)) - Certificate serial ID set to 2086279984779
2023-09-14 11:51:02,107 [Time-limited test] INFO  client.SCMCertificateClient (DefaultCertificateClient.java:readCertificateFile(237)) - Added certificate   [0]         Version: 3
         SerialNumber: 2086279984779
             IssuerDN: CN=scm-1@fv-az240-193,OU=a47e1f18-bbe0-4826-b815-8bf8b353a70a,O=8cfeeadc-82c5-464f-ab16-e1665de7fb25
           Start Date: Thu Sep 14 11:51:02 UTC 2023
           Final Date: Sun Oct 22 11:51:02 UTC 2028
            SubjectDN: CN=scm-sub-2086276891478@fv-az240-193,OU=a47e1f18-bbe0-4826-b815-8bf8b353a70a,O=8cfeeadc-82c5-464f-ab16-e1665de7fb25
           Public Key: RSA Public Key [07:31:ca:ea:d2:fe:5c:16:2a:36:64:bb:46:c8:c9:16:90:b1:2a:0e],[56:66:d1:a4]
        modulus: 9d43df8f9b83d1401b01b7f337dfdff73997e43178a3989b115502282cb0d052db8101279fd7e0e48def91b60763cb05a8b4815d3b28d0cdad0092d3df5d14659e52fc6c99d33f7b1c3c7feeff1c026d6e2fe8be2e97d85ed57cdc2cd6f38c86432a7760465c8e51a363a3eeee1481000b95c3013f8a4767f3401410701555413c2956ddadb1b87370bca7e6841fa464ab067eb8d44a87cfbd68d230dbefdd0454a74ef3a51874f5eab42b7ff1abf7ed8ace9a1df3d8287e3a873d469f6f60c59702d8e19bb935d8b08b050e1c343036d340a6e3a5a294b2ffaf144ee4a22d389145ad6414e843e5e6e7c70ac4b807ab33cdbe20aca6495a443ee53d8f04ef1d
public exponent: 10001

  Signature Algorithm: SHA256WITHRSA
            Signature: b623111ad845b1bd9061760be9db89c0c6bea6bb
                       2be7cd7e48e0e670045fc9e1f1abc34159e4c32f
                       fddb80ceabdd40ddf78d82d7da3c7364293a2ffa
                       c61c0ff83473f1896c8cf2113201e82f114df4dc
                       60e9af06401c960885caff73a58ec820fc265d68
                       46566f7b6d5f21ac6145e932bd1af5492bbbee2b
                       8045d524041f54f7f34e100aa585b8e2710bda37
                       3becdd8696639096f21b5a2145c4af32a54b4a12
                       b4caa264882f072fee2437d47a1ce3eb31976d31
                       0667d0e86385d561ba569395726f4e89d05cf613
                       ce16b788e4886cc66b6f735999b6a42c984c1069
                       67003a92716aca50f4b2d665dc866e2bc5ad3515
                       a34875a999a0ae6a5dc916ce5ddb2171
       Extensions: 
                       critical(false) 2.5.29.17 value = Sequence
    Tagged [7] IMPLICIT 
        DER Octet String[4] 
    Tagged [2] IMPLICIT 
        DER Octet String[64] 

                       critical(true) BasicConstraints: isCa(true)
                       critical(true) KeyUsage: 0xbe
 from file: /tmp/junit2167028796616897990/junit5043700574260010465/scm-meta/scm/sub-ca/certs/certificate.crt.
2023-09-14 11:51:02,108 [Time-limited test] INFO  client.SCMCertificateClient (DefaultCertificateClient.java:readCertificateFile(237)) - Added certificate   [0]         Version: 3
         SerialNumber: 2086279984779
             IssuerDN: CN=scm-1@fv-az240-193,OU=a47e1f18-bbe0-4826-b815-8bf8b353a70a,O=8cfeeadc-82c5-464f-ab16-e1665de7fb25
           Start Date: Thu Sep 14 11:51:02 UTC 2023
           Final Date: Sun Oct 22 11:51:02 UTC 2028
            SubjectDN: CN=scm-sub-2086276891478@fv-az240-193,OU=a47e1f18-bbe0-4826-b815-8bf8b353a70a,O=8cfeeadc-82c5-464f-ab16-e1665de7fb25
           Public Key: RSA Public Key [07:31:ca:ea:d2:fe:5c:16:2a:36:64:bb:46:c8:c9:16:90:b1:2a:0e],[56:66:d1:a4]
        modulus: 9d43df8f9b83d1401b01b7f337dfdff73997e43178a3989b115502282cb0d052db8101279fd7e0e48def91b60763cb05a8b4815d3b28d0cdad0092d3df5d14659e52fc6c99d33f7b1c3c7feeff1c026d6e2fe8be2e97d85ed57cdc2cd6f38c86432a7760465c8e51a363a3eeee1481000b95c3013f8a4767f3401410701555413c2956ddadb1b87370bca7e6841fa464ab067eb8d44a87cfbd68d230dbefdd0454a74ef3a51874f5eab42b7ff1abf7ed8ace9a1df3d8287e3a873d469f6f60c59702d8e19bb935d8b08b050e1c343036d340a6e3a5a294b2ffaf144ee4a22d389145ad6414e843e5e6e7c70ac4b807ab33cdbe20aca6495a443ee53d8f04ef1d
public exponent: 10001

  Signature Algorithm: SHA256WITHRSA
            Signature: b623111ad845b1bd9061760be9db89c0c6bea6bb
                       2be7cd7e48e0e670045fc9e1f1abc34159e4c32f
                       fddb80ceabdd40ddf78d82d7da3c7364293a2ffa
                       c61c0ff83473f1896c8cf2113201e82f114df4dc
                       60e9af06401c960885caff73a58ec820fc265d68
                       46566f7b6d5f21ac6145e932bd1af5492bbbee2b
                       8045d524041f54f7f34e100aa585b8e2710bda37
                       3becdd8696639096f21b5a2145c4af32a54b4a12
                       b4caa264882f072fee2437d47a1ce3eb31976d31
                       0667d0e86385d561ba569395726f4e89d05cf613
                       ce16b788e4886cc66b6f735999b6a42c984c1069
                       67003a92716aca50f4b2d665dc866e2bc5ad3515
                       a34875a999a0ae6a5dc916ce5ddb2171
       Extensions: 
                       critical(false) 2.5.29.17 value = Sequence
    Tagged [7] IMPLICIT 
        DER Octet String[4] 
    Tagged [2] IMPLICIT 
        DER Octet String[64] 

                       critical(true) BasicConstraints: isCa(true)
                       critical(true) KeyUsage: 0xbe
 from file: /tmp/junit2167028796616897990/junit5043700574260010465/scm-meta/scm/sub-ca/certs/2086279984779.crt.
2023-09-14 11:51:02,110 [Time-limited test] INFO  client.SCMCertificateClient (DefaultCertificateClient.java:readCertificateFile(237)) - Added certificate   [0]         Version: 3
         SerialNumber: 1
             IssuerDN: CN=scm-1@fv-az240-193,OU=a47e1f18-bbe0-4826-b815-8bf8b353a70a,O=8cfeeadc-82c5-464f-ab16-e1665de7fb25
           Start Date: Thu Sep 14 11:51:02 UTC 2023
           Final Date: Sun Oct 22 11:51:02 UTC 2028
            SubjectDN: CN=scm-1@fv-az240-193,OU=a47e1f18-bbe0-4826-b815-8bf8b353a70a,O=8cfeeadc-82c5-464f-ab16-e1665de7fb25
           Public Key: RSA Public Key [fe:45:2e:be:73:5d:b5:26:8f:54:bc:02:71:1a:77:e9:2e:ab:2a:d1],[56:66:d1:a4]
        modulus: b688337c16f31a2100fd96d118c2f0a617416fb4cb80f9da0f7b87274280586968462f5c4bc0f05d4ef791b7e1203db4ceeca5e0f57aa1542731501683afe0b43b281bd303d2d705698c12919e135e23f2f9f8e39bf4b91cf83257e53ec4b9b4bd51a6f23f2540520d9285943811eceb5d69412e0a366c2fe4961ce7f078a895815035a02bc3d70b9e2eaa44985b7d2bacd2f05347f90a121bf9ef5a6bcf31d038afa94f57c77ed70ef3f0ab0f2f641759768b9404ddbf580750075da1ad78138c18041b0772b21d950fd8f147365e4d340039f3f1e1f417eecee73f59766c593cbb5f2b6ec89d812e5c0f66a11acc23af7a6b8001b009e0ae23dbad60bae23d
public exponent: 10001

  Signature Algorithm: SHA256WITHRSA
            Signature: 3db009fcfa830365d7b62fede53dc0e67393c5bf
                       ef0a29a91426c2686669a2af34f1ee21512f34c9
                       d0002260dc603d444922b0a39b412482800809b7
                       1dd5463d62a4c4dbbe6ddaa267e85eabcfc946ec
                       9e06fc8f36d7e82804b59330f154d7ddfcf39dbe
                       c52539ef6ec8f4fc6d988db853fbcbc91b462dc9
                       8ac13a6e36380d389020dd2d5c77392f04a8c0b8
                       19f02413461925eab85c159b49a9e1f90684a33b
                       70a78182485e499bdd07b17e5c93da2d7638cbf9
                       0859bccc5d9eda58d14cf718ae1f973d790dae49
                       879d2eccf51f353e749a4ce81d9e319636a7bc6c
                       4545423c4c109079c6745f5999af035d1a0f88de
                       6afb58fc7b43b40bb057d6fc9bc81f15
       Extensions: 
                       critical(true) BasicConstraints: isCa(true)
                       critical(true) KeyUsage: 0x6
                       critical(false) 2.5.29.17 value = Sequence
    Tagged [7] IMPLICIT 
        DER Octet String[4] 
    Tagged [2] IMPLICIT 
        DER Octet String[64] 

 from file: /tmp/junit2167028796616897990/junit5043700574260010465/scm-meta/scm/sub-ca/certs/CA-1.crt.
2023-09-14 11:51:02,110 [Time-limited test] INFO  client.SCMCertificateClient (DefaultCertificateClient.java:loadAllCertificates(191)) - CertificateRenewerService and root ca rotation polling is disabled for scm/sub-ca
2023-09-14 11:51:02,110 [Time-limited test] WARN  utils.HAUtils (HAUtils.java:getMetaDir(339)) - ozone.scm.db.dirs is not configured. We recommend adding this setting. Falling back to ozone.metadata.dirs instead.
2023-09-14 11:51:02,110 [Time-limited test] WARN  db.DBStoreBuilder (DBStoreBuilder.java:applyDBDefinition(166)) - ozone.scm.db.dirs is not configured. We recommend adding this setting. Falling back to ozone.metadata.dirs instead.
2023-09-14 11:51:02,196 [Time-limited test] INFO  net.NodeSchemaLoader (NodeSchemaLoader.java:loadSchemaFromFile(129)) - Loading schema from [jar:file:/home/runner/.m2/repository/org/apache/ozone/hdds-common/1.4.0-SNAPSHOT/hdds-common-1.4.0-SNAPSHOT.jar!/network-topology-default.xml]
2023-09-14 11:51:02,197 [Time-limited test] INFO  net.NodeSchemaLoader (NodeSchemaLoader.java:loadSchema(176)) - Loading network topology layer schema file
2023-09-14 11:51:02,199 [Time-limited test] INFO  upgrade.AbstractLayoutVersionManager (AbstractLayoutVersionManager.java:init(83)) - Initializing Layout version manager with metadata layout = HADOOP_PRC_PORTS_IN_DATANODEDETAILS (version = 7), software layout = HADOOP_PRC_PORTS_IN_DATANODEDETAILS (version = 7)
2023-09-14 11:51:02,200 [Time-limited test] INFO  ha.SequenceIdGenerator (SequenceIdGenerator.java:upgradeToSequenceId(365)) - upgrade localId to 111677748019200000
2023-09-14 11:51:02,201 [Time-limited test] INFO  ha.SequenceIdGenerator (SequenceIdGenerator.java:upgradeToSequenceId(375)) - upgrade delTxnId to 0
2023-09-14 11:51:02,201 [Time-limited test] INFO  ha.SequenceIdGenerator (SequenceIdGenerator.java:upgradeToSequenceId(392)) - upgrade containerId to 0
2023-09-14 11:51:02,202 [Time-limited test] INFO  ha.SequenceIdGenerator (SequenceIdGenerator.java:upgradeToSequenceId(428)) - upgrade rootCertificateId to 1
2023-09-14 11:51:02,202 [Time-limited test] INFO  ha.SequenceIdGenerator (SequenceIdGenerator.java:<init>(236)) - Init the HA SequenceIdGenerator.
2023-09-14 11:51:02,204 [Time-limited test] INFO  node.SCMNodeManager (SCMNodeManager.java:<init>(157)) - Entering startup safe mode.
2023-09-14 11:51:02,204 [Time-limited test] INFO  algorithms.ContainerPlacementPolicyFactory (ContainerPlacementPolicyFactory.java:getPolicyInternal(86)) - Create container placement policy of type org.apache.hadoop.hdds.scm.container.placement.algorithms.SCMContainerPlacementRackAware
2023-09-14 11:51:02,204 [Time-limited test] INFO  algorithms.ContainerPlacementPolicyFactory (ContainerPlacementPolicyFactory.java:getPolicyInternal(86)) - Create container placement policy of type org.apache.hadoop.hdds.scm.container.placement.algorithms.SCMContainerPlacementRackScatter
2023-09-14 11:51:02,205 [Time-limited test] INFO  pipeline.PipelineStateManagerImpl (PipelineStateManagerImpl.java:initialize(78)) - No pipeline exists in current db
2023-09-14 11:51:02,205 [Time-limited test] INFO  algorithms.LeaderChoosePolicyFactory (LeaderChoosePolicyFactory.java:getPolicy(57)) - Create leader choose policy of type org.apache.hadoop.hdds.scm.pipeline.leader.choose.algorithms.MinLeaderCountChoosePolicy
2023-09-14 11:51:02,205 [Time-limited test] INFO  algorithms.ContainerPlacementPolicyFactory (ContainerPlacementPolicyFactory.java:getPolicyInternal(86)) - Create container placement policy of type org.apache.hadoop.hdds.scm.container.placement.algorithms.SCMContainerPlacementRackScatter
2023-09-14 11:51:02,205 [Time-limited test] INFO  ha.SCMServiceManager (SCMServiceManager.java:register(42)) - Registering service BackgroundPipelineCreator.
2023-09-14 11:51:02,205 [Time-limited test] INFO  pipeline.BackgroundPipelineCreator (BackgroundPipelineCreator.java:start(124)) - Starting RatisPipelineUtilsThread.
2023-09-14 11:51:02,205 [Time-limited test] INFO  BackgroundPipelineScrubber (BackgroundSCMService.java:start(68)) - Starting BackgroundPipelineScrubber Service.
2023-09-14 11:51:02,206 [Time-limited test] INFO  ha.SCMServiceManager (SCMServiceManager.java:register(42)) - Registering service BackgroundPipelineScrubber.
2023-09-14 11:51:02,206 [Time-limited test] INFO  ExpiredContainerReplicaOpScrubber (BackgroundSCMService.java:start(68)) - Starting ExpiredContainerReplicaOpScrubber Service.
2023-09-14 11:51:02,206 [Time-limited test] INFO  ha.SCMServiceManager (SCMServiceManager.java:register(42)) - Registering service ExpiredContainerReplicaOpScrubber.
2023-09-14 11:51:02,206 [Time-limited test] INFO  algorithms.PipelineChoosePolicyFactory (PipelineChoosePolicyFactory.java:createPipelineChoosePolicyFromClass(78)) - Create pipeline choose policy of type org.apache.hadoop.hdds.scm.pipeline.choose.algorithms.RandomPipelineChoosePolicy
2023-09-14 11:51:02,207 [Time-limited test] INFO  algorithms.PipelineChoosePolicyFactory (PipelineChoosePolicyFactory.java:createPipelineChoosePolicyFromClass(78)) - Create pipeline choose policy of type org.apache.hadoop.hdds.scm.pipeline.choose.algorithms.RandomPipelineChoosePolicy
2023-09-14 11:51:02,207 [Time-limited test] INFO  ha.SCMServiceManager (SCMServiceManager.java:register(42)) - Registering service SCMBlockDeletingService.
2023-09-14 11:51:02,208 [Time-limited test] INFO  replication.ReplicationManager (ReplicationManager.java:start(291)) - Starting Replication Monitor Thread.
2023-09-14 11:51:02,209 [ReplicationMonitor] INFO  replication.ReplicationManager (ReplicationManager.java:processAll(365)) - Replication Manager is not ready to run until 300000ms after safemode exit
2023-09-14 11:51:02,209 [Time-limited test] INFO  ha.SCMServiceManager (SCMServiceManager.java:register(42)) - Registering service ReplicationManager.
2023-09-14 11:51:02,209 [Time-limited test] INFO  safemode.ContainerSafeModeRule (ContainerSafeModeRule.java:<init>(90)) - containers with one replica threshold count 0
2023-09-14 11:51:02,210 [Time-limited test] INFO  safemode.HealthyPipelineSafeModeRule (HealthyPipelineSafeModeRule.java:initializeRule(169)) - Total pipeline count is 0, healthy pipeline threshold count is 0
2023-09-14 11:51:02,210 [Time-limited test] INFO  safemode.OneReplicaPipelineSafeModeRule (OneReplicaPipelineSafeModeRule.java:initializeRule(180)) - Total pipeline count is 0, pipeline's with at least one datanode reported threshold count is 0
2023-09-14 11:51:02,211 [Time-limited test] INFO  authority.DefaultCAServer (DefaultCAServer.java:lambda$processVerificationStatus$0(472)) - CertificateServer validation is successful
2023-09-14 11:51:02,212 [Time-limited test] INFO  authority.DefaultCAServer (DefaultCAServer.java:lambda$processVerificationStatus$0(472)) - CertificateServer validation is successful
2023-09-14 11:51:02,212 [Time-limited test] INFO  server.StorageContainerManager (StorageContainerManager.java:persistPrimarySCMCerts(932)) - Storing sub-ca certificate serialId 2086279984779 on primary SCM
2023-09-14 11:51:02,213 [Time-limited test] INFO  server.SCMCertStore (SCMCertStore.java:storeValidScmCertificate(122)) - Scm certificate 2086279984779 for CN=scm-sub-2086276891478@fv-az240-193,OU=a47e1f18-bbe0-4826-b815-8bf8b353a70a,O=8cfeeadc-82c5-464f-ab16-e1665de7fb25 is stored
2023-09-14 11:51:02,213 [Time-limited test] INFO  server.StorageContainerManager (StorageContainerManager.java:persistPrimarySCMCerts(940)) - Storing root certificate serialId 1
2023-09-14 11:51:02,214 [Time-limited test] INFO  server.SCMCertStore (SCMCertStore.java:storeValidScmCertificate(122)) - Scm certificate 1 for CN=scm-1@fv-az240-193,OU=a47e1f18-bbe0-4826-b815-8bf8b353a70a,O=8cfeeadc-82c5-464f-ab16-e1665de7fb25 is stored
2023-09-14 11:51:02,214 [Time-limited test] INFO  ipc.CallQueueManager (CallQueueManager.java:<init>(90)) - Using callQueue: class java.util.concurrent.LinkedBlockingQueue, queueCapacity: 200, scheduler: class org.apache.hadoop.ipc.DefaultRpcScheduler, ipcBackoff: false.
2023-09-14 11:51:02,215 [Time-limited test] INFO  ipc.Server (Server.java:<init>(1287)) - Listener at 0.0.0.0:9961
2023-09-14 11:51:02,215 [Socket Reader #1 for port 9961] INFO  ipc.Server (Server.java:run(1323)) - Starting Socket Reader #1 for port 9961
2023-09-14 11:51:02,217 [Time-limited test] INFO  server.StorageContainerManager (StorageContainerManager.java:<init>(425)) - SCM start with adminUsers: [om/fv-az240-193.bcold04rutgefduts2gkrghvsa.bx.internal.cloudapp.net@EXAMPLE.COM, scm]
2023-09-14 11:51:02,217 [Time-limited test] INFO  ipc.CallQueueManager (CallQueueManager.java:<init>(90)) - Using callQueue: class java.util.concurrent.LinkedBlockingQueue, queueCapacity: 10000, scheduler: class org.apache.hadoop.ipc.DefaultRpcScheduler, ipcBackoff: false.
2023-09-14 11:51:02,217 [Time-limited test] INFO  ipc.Server (Server.java:<init>(1287)) - Listener at 0.0.0.0:9861
2023-09-14 11:51:02,218 [Time-limited test] INFO  ipc.CallQueueManager (CallQueueManager.java:<init>(90)) - Using callQueue: class java.util.concurrent.LinkedBlockingQueue, queueCapacity: 10000, scheduler: class org.apache.hadoop.ipc.DefaultRpcScheduler, ipcBackoff: false.
2023-09-14 11:51:02,219 [Time-limited test] INFO  ipc.Server (Server.java:<init>(1287)) - Listener at 0.0.0.0:9863
2023-09-14 11:51:02,219 [Socket Reader #1 for port 9861] INFO  ipc.Server (Server.java:run(1323)) - Starting Socket Reader #1 for port 9861
2023-09-14 11:51:02,220 [Time-limited test] INFO  ipc.CallQueueManager (CallQueueManager.java:<init>(90)) - Using callQueue: class java.util.concurrent.LinkedBlockingQueue, queueCapacity: 10000, scheduler: class org.apache.hadoop.ipc.DefaultRpcScheduler, ipcBackoff: false.
2023-09-14 11:51:02,220 [Time-limited test] INFO  ipc.Server (Server.java:<init>(1287)) - Listener at 0.0.0.0:9860
2023-09-14 11:51:02,221 [Socket Reader #1 for port 9860] INFO  ipc.Server (Server.java:run(1323)) - Starting Socket Reader #1 for port 9860
2023-09-14 11:51:02,222 [Socket Reader #1 for port 9863] INFO  ipc.Server (Server.java:run(1323)) - Starting Socket Reader #1 for port 9863
2023-09-14 11:51:02,229 [Time-limited test] INFO  ha.SCMServiceManager (SCMServiceManager.java:register(42)) - Registering service ContainerBalancer.
2023-09-14 11:51:02,229 [Time-limited test] INFO  server.StorageContainerManager (StorageContainerManager.java:<init>(438)) - 
Container Balancer status:
Key                            Value
Running                        false
Container Balancer Configuration values:
Key                                                Value
Threshold                                          10
Max Datanodes to Involve per Iteration(percent)    20
Max Size to Move per Iteration                     500GB
Max Size Entering Target per Iteration             26GB
Max Size Leaving Source per Iteration              26GB
Number of Iterations                               10
Time Limit for Single Container's Movement         65min
Time Limit for Single Container's Replication      50min
Interval between each Iteration                    70min
Whether to Enable Network Topology                 false
Whether to Trigger Refresh Datanode Usage Info     false
Container IDs to Exclude from Balancing            None
Datanodes Specified to be Balanced                 None
Datanodes Excluded from Balancing                  None

2023-09-14 11:51:02,229 [Time-limited test] INFO  ha.SCMContext (SCMContext.java:updateSafeModeStatus(228)) - Update SafeModeStatus from SafeModeStatus{safeModeStatus=true, preCheckPassed=false} to SafeModeStatus{safeModeStatus=true, preCheckPassed=false}.
2023-09-14 11:51:02,229 [Time-limited test] INFO  server.StorageContainerManager (StorageContainerManager.java:start(1483)) - StorageContainerLocationProtocol RPC server is listening at /0.0.0.0:9860
2023-09-14 11:51:02,229 [Time-limited test] INFO  impl.MetricsSystemImpl (MetricsSystemImpl.java:init(158)) - StorageContainerManager metrics system started (again)
2023-09-14 11:51:02,240 [Time-limited test] INFO  server.SCMClientProtocolServer (SCMClientProtocolServer.java:start(201)) - RPC server for Client  is listening at /0.0.0.0:9860
2023-09-14 11:51:02,241 [IPC Server Responder] INFO  ipc.Server (Server.java:run(1562)) - IPC Server Responder: starting
2023-09-14 11:51:02,241 [IPC Server listener on 9860] INFO  ipc.Server (Server.java:run(1402)) - IPC Server listener on 9860: starting
2023-09-14 11:51:02,248 [Time-limited test] INFO  server.StorageContainerManager (StorageContainerManager.java:start(1496)) - ScmBlockLocationProtocol RPC server is listening at /0.0.0.0:9863
2023-09-14 11:51:02,249 [Time-limited test] INFO  server.SCMBlockProtocolServer (SCMBlockProtocolServer.java:start(154)) - RPC server for Block Protocol is listening at /0.0.0.0:9863
2023-09-14 11:51:02,249 [IPC Server Responder] INFO  ipc.Server (Server.java:run(1562)) - IPC Server Responder: starting
2023-09-14 11:51:02,257 [Time-limited test] INFO  server.SCMDatanodeProtocolServer (SCMDatanodeProtocolServer.java:start(193)) - ScmDatanodeProtocol RPC server for DataNodes is listening at /0.0.0.0:9861
2023-09-14 11:51:02,257 [IPC Server Responder] INFO  ipc.Server (Server.java:run(1562)) - IPC Server Responder: starting
2023-09-14 11:51:02,257 [IPC Server listener on 9861] INFO  ipc.Server (Server.java:run(1402)) - IPC Server listener on 9861: starting
2023-09-14 11:51:02,265 [Time-limited test] INFO  server.SCMSecurityProtocolServer (SCMSecurityProtocolServer.java:start(542)) - Starting RPC server for SCMSecurityProtocolServer. is listening at /0.0.0.0:9961
2023-09-14 11:51:02,265 [IPC Server Responder] INFO  ipc.Server (Server.java:run(1562)) - IPC Server Responder: starting
2023-09-14 11:51:02,265 [IPC Server listener on 9961] INFO  ipc.Server (Server.java:run(1402)) - IPC Server listener on 9961: starting
2023-09-14 11:51:02,265 [IPC Server listener on 9863] INFO  ipc.Server (Server.java:run(1402)) - IPC Server listener on 9863: starting
2023-09-14 11:51:02,265 [Time-limited test] INFO  server.SCMUpdateServiceGrpcServer (SCMUpdateServiceGrpcServer.java:start(58)) - SCMUpdateService starting
2023-09-14 11:51:02,275 [Time-limited test] INFO  http.BaseHttpServer (BaseHttpServer.java:newHttpServer2BuilderForOzone(223)) - Starting Web-server for scm at: http://0.0.0.0:9876
2023-09-14 11:51:02,276 [Time-limited test] INFO  http.BaseHttpServer (BaseHttpServer.java:<init>(110)) - Hadoop Security Enabled: true Ozone Security Enabled: true Ozone HTTP Security Enabled: false 
2023-09-14 11:51:02,277 [Time-limited test] WARN  server.AuthenticationFilter (AuthenticationFilter.java:constructSecretProvider(240)) - Unable to initialize FileSignerSecretProvider, falling back to use random secrets. Reason: Could not read signature secret file: /home/runner/hadoop-http-auth-signature-secret
2023-09-14 11:51:02,277 [JvmPauseMonitor8] INFO  util.JvmPauseMonitor (JvmPauseMonitor.java:run(103)) - JvmPauseMonitor-a47e1f18-bbe0-4826-b815-8bf8b353a70a: Started
2023-09-14 11:51:02,278 [Time-limited test] INFO  http.HttpRequestLog (HttpRequestLog.java:getRequestLog(86)) - Http request log for http.requests.scm is not defined
2023-09-14 11:51:02,279 [Time-limited test] INFO  http.HttpServer2 (HttpServer2.java:addGlobalFilter(1031)) - Added global filter 'safety' (class=org.apache.hadoop.hdds.server.http.HttpServer2$QuotingInputFilter)
2023-09-14 11:51:02,280 [Time-limited test] INFO  http.HttpServer2 (HttpServer2.java:addFilter(1007)) - Added filter static_user_filter (class=org.apache.hadoop.http.lib.StaticUserWebFilter$StaticUserFilter) to context scm
2023-09-14 11:51:02,280 [Time-limited test] INFO  http.HttpServer2 (HttpServer2.java:addFilter(1015)) - Added filter static_user_filter (class=org.apache.hadoop.http.lib.StaticUserWebFilter$StaticUserFilter) to context static
2023-09-14 11:51:02,295 [Time-limited test] INFO  http.HttpServer2 (HttpServer2.java:addFilter(1015)) - Added filter static_user_filter (class=org.apache.hadoop.http.lib.StaticUserWebFilter$StaticUserFilter) to context logs
2023-09-14 11:51:02,296 [Time-limited test] INFO  http.BaseHttpServer (BaseHttpServer.java:<init>(189)) - HTTP server of scm uses base directory /tmp/junit2167028796616897990/junit5043700574260010465/scm-meta/webserver
2023-09-14 11:51:02,296 [Time-limited test] INFO  http.HttpServer2 (HttpServer2.java:bindListener(1231)) - Jetty bound to port 9876
2023-09-14 11:51:02,296 [Time-limited test] INFO  server.Server (Server.java:doStart(375)) - jetty-9.4.51.v20230217; built: 2023-02-17T08:19:37.309Z; git: b45c405e4544384de066f814ed42ae3dceacdd49; jvm 1.8.0_382-b05
2023-09-14 11:51:02,298 [Time-limited test] INFO  server.session (DefaultSessionIdManager.java:doStart(334)) - DefaultSessionIdManager workerName=node0
2023-09-14 11:51:02,299 [Time-limited test] INFO  server.session (DefaultSessionIdManager.java:doStart(339)) - No SessionScavenger set, using defaults
2023-09-14 11:51:02,299 [Time-limited test] INFO  server.session (HouseKeeper.java:startScavenging(132)) - node0 Scavenging every 600000ms
2023-09-14 11:51:02,301 [Time-limited test] INFO  handler.ContextHandler (ContextHandler.java:doStart(921)) - Started o.e.j.s.ServletContextHandler@278c3584{logs,/logs,file:///home/runner/work/ozone/ozone/hadoop-ozone/integration-test/target/log,AVAILABLE}
2023-09-14 11:51:02,301 [Time-limited test] INFO  handler.ContextHandler (ContextHandler.java:doStart(921)) - Started o.e.j.s.ServletContextHandler@19f63fa5{static,/static,file:///home/runner/work/ozone/ozone/hadoop-ozone/integration-test/target/test-classes/webapps/static,AVAILABLE}
2023-09-14 11:51:02,304 [Time-limited test] INFO  handler.ContextHandler (ContextHandler.java:doStart(921)) - Started o.e.j.w.WebAppContext@1ab55a6{scm,/,file:///home/runner/work/ozone/ozone/hadoop-ozone/integration-test/target/test-classes/webapps/scm/,AVAILABLE}{file:/home/runner/work/ozone/ozone/hadoop-ozone/integration-test/target/test-classes/webapps/scm}
2023-09-14 11:51:02,306 [Time-limited test] INFO  server.AbstractConnector (AbstractConnector.java:doStart(333)) - Started ServerConnector@795a258f{HTTP/1.1, (http/1.1)}{0.0.0.0:9876}
2023-09-14 11:51:02,306 [Time-limited test] INFO  server.Server (Server.java:doStart(415)) - Started @137600ms
2023-09-14 11:51:02,306 [Time-limited test] WARN  impl.MetricsSystemImpl (MetricsSystemImpl.java:register(279)) - Sink prometheus already exists!
2023-09-14 11:51:02,306 [Time-limited test] INFO  http.BaseHttpServer (BaseHttpServer.java:updateConnectorAddress(354)) - HTTP server of scm listening at http://0.0.0.0:9876
2023-09-14 11:51:02,311 [pool-551-thread-2] INFO  request.KdcRequest (KdcRequest.java:preauth(651)) - The preauth data is empty.
2023-09-14 11:51:02,311 [pool-551-thread-2] INFO  server.KdcHandler (KdcHandler.java:handleRecoverableException(177)) - KRB error occurred while processing request:Additional pre-authentication required
2023-09-14 11:51:02,314 [pool-551-thread-1] INFO  request.AsRequest (AsRequest.java:issueTicket(112)) - AS_REQ ISSUE: authtime 1694692262313,test@EXAMPLE.COM for krbtgt/EXAMPLE.COM@EXAMPLE.COM
2023-09-14 11:51:02,341 [pool-551-thread-1] INFO  request.TgsRequest (TgsRequest.java:issueTicket(115)) - TGS_REQ ISSUE: authtime 1694692262340,scm/fv-az240-193.bcold04rutgefduts2gkrghvsa.bx.internal.cloudapp.net for scm/fv-az240-193.bcold04rutgefduts2gkrghvsa.bx.internal.cloudapp.net@EXAMPLE.COM
2023-09-14 11:51:02,352 [Socket Reader #1 for port 9961] INFO  ipc.Server (Server.java:saslProcess(2139)) - Auth successful for scm/fv-az240-193.bcold04rutgefduts2gkrghvsa.bx.internal.cloudapp.net@EXAMPLE.COM (auth:KERBEROS) from fv-az240-193.bcold04rutgefduts2gkrghvsa.bx.internal.cloudapp.net:46119 / 10.1.136.0:46119
2023-09-14 11:51:02,379 [pool-551-thread-1] INFO  request.TgsRequest (TgsRequest.java:issueTicket(115)) - TGS_REQ ISSUE: authtime 1694692262379,test for scm/fv-az240-193.bcold04rutgefduts2gkrghvsa.bx.internal.cloudapp.net@EXAMPLE.COM
2023-09-14 11:51:02,385 [IPC Server handler 0 on default port 9961] INFO  client.SCMCertificateClient (DefaultCertificateClient.java:getAllRootCaCerts(901)) - scm/sub-ca has 0 Root CA certificates
2023-09-14 11:51:02,385 [IPC Server handler 0 on default port 9961] INFO  client.SCMCertificateClient (DefaultCertificateClient.java:getAllCaCerts(909)) - scm/sub-ca has 1 CA certificates
2023-09-14 11:51:02,395 [Socket Reader #1 for port 9860] INFO  ipc.Server (Server.java:saslProcess(2139)) - Auth successful for test@EXAMPLE.COM (auth:KERBEROS) from fv-az240-193.bcold04rutgefduts2gkrghvsa.bx.internal.cloudapp.net:39906 / 10.1.136.0:39906
2023-09-14 11:51:02,403 [scm/sub-ca-refreshCACertificates] INFO  client.SCMCertificateClient (DefaultCertificateClient.java:getAllRootCaCerts(901)) - scm/sub-ca has 0 Root CA certificates
2023-09-14 11:51:02,403 [scm/sub-ca-refreshCACertificates] INFO  client.SCMCertificateClient (DefaultCertificateClient.java:getAllCaCerts(909)) - scm/sub-ca has 1 CA certificates
2023-09-14 11:51:02,403 [scm/sub-ca-refreshCACertificates] INFO  client.SCMCertificateClient (SCMCertificateClient.java:run(277)) - CA certificates are not changed.
2023-09-14 11:51:02,602 [IPC Server handler 1 on default port 9860] INFO  ipc.Server (Server.java:logException(3109)) - IPC Server handler 1 on default port 9860, call Call#36 Retry#0 org.apache.hadoop.hdds.scm.protocol.StorageContainerLocationProtocol.submitRequest from fv-az240-193.bcold04rutgefduts2gkrghvsa.bx.internal.cloudapp.net:39906 / 10.1.136.0:39906
org.apache.hadoop.security.AccessControlException: Access denied for user test@EXAMPLE.COM. SCM superuser privilege is required.
	at org.apache.hadoop.hdds.scm.server.StorageContainerManager.checkAdminAccess(StorageContainerManager.java:1895)
	at org.apache.hadoop.hdds.scm.server.SCMClientProtocolServer.forceExitSafeMode(SCMClientProtocolServer.java:933)
	at org.apache.hadoop.hdds.scm.protocol.StorageContainerLocationProtocolServerSideTranslatorPB.forceExitSafeMode(StorageContainerLocationProtocolServerSideTranslatorPB.java:1013)
	at org.apache.hadoop.hdds.scm.protocol.StorageContainerLocationProtocolServerSideTranslatorPB.processRequest(StorageContainerLocationProtocolServerSideTranslatorPB.java:533)
	at org.apache.hadoop.hdds.server.OzoneProtocolMessageDispatcher.processRequest(OzoneProtocolMessageDispatcher.java:87)
	at org.apache.hadoop.hdds.scm.protocol.StorageContainerLocationProtocolServerSideTranslatorPB.submitRequest(StorageContainerLocationProtocolServerSideTranslatorPB.java:221)
	at org.apache.hadoop.hdds.protocol.proto.StorageContainerLocationProtocolProtos$StorageContainerLocationProtocolService$2.callBlockingMethod(StorageContainerLocationProtocolProtos.java)
	at org.apache.hadoop.ipc.ProtobufRpcEngine$Server.processCall(ProtobufRpcEngine.java:484)
	at org.apache.hadoop.ipc.ProtobufRpcEngine2$Server$ProtoBufRpcInvoker.call(ProtobufRpcEngine2.java:595)
	at org.apache.hadoop.ipc.ProtobufRpcEngine2$Server$ProtoBufRpcInvoker.call(ProtobufRpcEngine2.java:573)
	at org.apache.hadoop.ipc.RPC$Server.call(RPC.java:1227)
	at org.apache.hadoop.ipc.Server$RpcCall.run(Server.java:1094)
	at org.apache.hadoop.ipc.Server$RpcCall.run(Server.java:1017)
	at java.security.AccessController.doPrivileged(Native Method)
	at javax.security.auth.Subject.doAs(Subject.java:422)
	at org.apache.hadoop.security.UserGroupInformation.doAs(UserGroupInformation.java:1899)
	at org.apache.hadoop.ipc.Server$Handler.run(Server.java:3048)
2023-09-14 11:51:02,610 [Time-limited test] WARN  ipc.Client (Client.java:run(733)) - Exception encountered while connecting to the server 0.0.0.0/0.0.0.0:9860
org.apache.hadoop.security.AccessControlException: Client cannot authenticate via:[KERBEROS]
	at org.apache.hadoop.security.SaslRpcClient.selectSaslClient(SaslRpcClient.java:179)
	at org.apache.hadoop.security.SaslRpcClient.saslConnect(SaslRpcClient.java:392)
	at org.apache.hadoop.ipc.Client$Connection.setupSaslConnection(Client.java:561)
	at org.apache.hadoop.ipc.Client$Connection.access$2100(Client.java:347)
	at org.apache.hadoop.ipc.Client$Connection$2.run(Client.java:783)
	at org.apache.hadoop.ipc.Client$Connection$2.run(Client.java:779)
	at java.security.AccessController.doPrivileged(Native Method)
	at javax.security.auth.Subject.doAs(Subject.java:422)
	at org.apache.hadoop.security.UserGroupInformation.doAs(UserGroupInformation.java:1899)
	at org.apache.hadoop.ipc.Client$Connection.setupIOstreams(Client.java:779)
	at org.apache.hadoop.ipc.Client$Connection.access$3800(Client.java:347)
	at org.apache.hadoop.ipc.Client.getConnection(Client.java:1632)
	at org.apache.hadoop.ipc.Client.call(Client.java:1457)
	at org.apache.hadoop.ipc.Client.call(Client.java:1410)
	at org.apache.hadoop.ipc.ProtobufRpcEngine$Invoker.invoke(ProtobufRpcEngine.java:250)
	at org.apache.hadoop.ipc.ProtobufRpcEngine$Invoker.invoke(ProtobufRpcEngine.java:132)
	at com.sun.proxy.$Proxy48.submitRequest(Unknown Source)
	at org.apache.hadoop.hdds.scm.protocolPB.StorageContainerLocationProtocolClientSideTranslatorPB.submitRpcRequest(StorageContainerLocationProtocolClientSideTranslatorPB.java:191)
	at org.apache.hadoop.hdds.scm.protocolPB.StorageContainerLocationProtocolClientSideTranslatorPB.submitRequest(StorageContainerLocationProtocolClientSideTranslatorPB.java:175)
	at org.apache.hadoop.hdds.scm.protocolPB.StorageContainerLocationProtocolClientSideTranslatorPB.forceExitSafeMode(StorageContainerLocationProtocolClientSideTranslatorPB.java:792)
	at org.junit.Assert.assertThrows(Assert.java:1001)
	at org.junit.Assert.assertThrows(Assert.java:981)
	at org.apache.hadoop.ozone.TestSecureOzoneCluster.testAdminAccessControlException(TestSecureOzoneCluster.java:444)
	at sun.reflect.NativeMethodAccessorImpl.invoke0(Native Method)
	at sun.reflect.NativeMethodAccessorImpl.invoke(NativeMethodAccessorImpl.java:62)
	at sun.reflect.DelegatingMethodAccessorImpl.invoke(DelegatingMethodAccessorImpl.java:43)
	at java.lang.reflect.Method.invoke(Method.java:498)
	at org.junit.runners.model.FrameworkMethod$1.runReflectiveCall(FrameworkMethod.java:59)
	at org.junit.internal.runners.model.ReflectiveCallable.run(ReflectiveCallable.java:12)
	at org.junit.runners.model.FrameworkMethod.invokeExplosively(FrameworkMethod.java:56)
	at org.junit.internal.runners.statements.InvokeMethod.evaluate(InvokeMethod.java:17)
	at org.junit.internal.runners.statements.RunBefores.evaluate(RunBefores.java:26)
	at org.junit.internal.runners.statements.RunAfters.evaluate(RunAfters.java:27)
	at org.junit.rules.ExternalResource$1.evaluate(ExternalResource.java:54)
	at org.junit.internal.runners.statements.FailOnTimeout$CallableStatement.call(FailOnTimeout.java:288)
	at org.junit.internal.runners.statements.FailOnTimeout$CallableStatement.call(FailOnTimeout.java:282)
	at java.util.concurrent.FutureTask.run(FutureTask.java:266)
	at java.lang.Thread.run(Thread.java:750)
2023-09-14 11:51:02,611 [Time-limited test] INFO  server.StorageContainerManager (StorageContainerManager.java:stop(1591)) - Container Balancer is not running.
2023-09-14 11:51:02,611 [Time-limited test] INFO  server.StorageContainerManager (StorageContainerManager.java:stopReplicationManager(1724)) - Stopping Replication Manager Service.
2023-09-14 11:51:02,611 [Time-limited test] INFO  replication.ReplicationManager (ReplicationManager.java:stop(323)) - Stopping Replication Monitor Thread.
2023-09-14 11:51:02,611 [Over Replicated Processor] WARN  replication.UnhealthyReplicationProcessor (UnhealthyReplicationProcessor.java:run(180)) - Over Replicated Processor interrupted. Exiting...
2023-09-14 11:51:02,611 [Under Replicated Processor] WARN  replication.UnhealthyReplicationProcessor (UnhealthyReplicationProcessor.java:run(180)) - Under Replicated Processor interrupted. Exiting...
2023-09-14 11:51:02,611 [ReplicationMonitor] INFO  replication.ReplicationManager (ReplicationManager.java:run(921)) - Replication Monitor Thread is stopped
2023-09-14 11:51:02,611 [Time-limited test] INFO  server.StorageContainerManager (StorageContainerManager.java:stop(1600)) - Stopping the Datanode Admin Monitor.
2023-09-14 11:51:02,612 [Time-limited test] INFO  server.StorageContainerManager (StorageContainerManager.java:stop(1607)) - Stopping datanode service RPC server
2023-09-14 11:51:02,612 [Time-limited test] INFO  server.SCMDatanodeProtocolServer (SCMDatanodeProtocolServer.java:stop(424)) - Stopping the RPC server for DataNodes
2023-09-14 11:51:02,612 [Time-limited test] INFO  ipc.Server (Server.java:stop(3523)) - Stopping server on 9861
2023-09-14 11:51:02,613 [IPC Server Responder] INFO  ipc.Server (Server.java:run(1567)) - Stopping IPC Server Responder
2023-09-14 11:51:02,614 [IPC Server listener on 9861] INFO  ipc.Server (Server.java:run(1434)) - Stopping IPC Server listener on 9861
2023-09-14 11:51:05,202 [SCM Heartbeat Processing Thread - 0] WARN  node.NodeStateManager (NodeStateManager.java:scheduleNextHealthCheck(874)) - Current Thread is interrupted, shutting down HB processing thread for Node Manager.
2023-09-14 11:51:05,203 [Time-limited test] INFO  server.StorageContainerManager (StorageContainerManager.java:stop(1615)) - Stopping block service RPC server
2023-09-14 11:51:05,203 [Time-limited test] INFO  server.SCMBlockProtocolServer (SCMBlockProtocolServer.java:stop(163)) - Stopping the RPC server for Block Protocol
2023-09-14 11:51:05,203 [Time-limited test] INFO  ipc.Server (Server.java:stop(3523)) - Stopping server on 9863
2023-09-14 11:51:05,206 [IPC Server Responder] INFO  ipc.Server (Server.java:run(1567)) - Stopping IPC Server Responder
2023-09-14 11:51:05,206 [IPC Server listener on 9863] INFO  ipc.Server (Server.java:run(1434)) - Stopping IPC Server listener on 9863
2023-09-14 11:51:05,207 [Time-limited test] INFO  server.StorageContainerManager (StorageContainerManager.java:stop(1622)) - Stopping the StorageContainerLocationProtocol RPC server
2023-09-14 11:51:05,207 [Time-limited test] INFO  server.SCMClientProtocolServer (SCMClientProtocolServer.java:stop(210)) - Stopping the RPC server for Client Protocol
2023-09-14 11:51:05,207 [Time-limited test] INFO  ipc.Server (Server.java:stop(3523)) - Stopping server on 9860
2023-09-14 11:51:05,210 [IPC Server Responder] INFO  ipc.Server (Server.java:run(1567)) - Stopping IPC Server Responder
2023-09-14 11:51:05,211 [IPC Server listener on 9860] INFO  ipc.Server (Server.java:run(1434)) - Stopping IPC Server listener on 9860
2023-09-14 11:51:05,211 [Time-limited test] INFO  server.StorageContainerManager (StorageContainerManager.java:stop(1629)) - Stopping Storage Container Manager HTTP server.
2023-09-14 11:51:05,213 [Time-limited test] INFO  handler.ContextHandler (ContextHandler.java:doStop(1159)) - Stopped o.e.j.w.WebAppContext@1ab55a6{scm,/,null,STOPPED}{file:/home/runner/work/ozone/ozone/hadoop-ozone/integration-test/target/test-classes/webapps/scm}
2023-09-14 11:51:05,218 [Time-limited test] INFO  server.AbstractConnector (AbstractConnector.java:doStop(383)) - Stopped ServerConnector@795a258f{HTTP/1.1, (http/1.1)}{0.0.0.0:9876}
2023-09-14 11:51:05,218 [Time-limited test] INFO  server.session (HouseKeeper.java:stopScavenging(149)) - node0 Stopped scavenging
2023-09-14 11:51:05,220 [Time-limited test] INFO  handler.ContextHandler (ContextHandler.java:doStop(1159)) - Stopped o.e.j.s.ServletContextHandler@19f63fa5{static,/static,file:///home/runner/work/ozone/ozone/hadoop-ozone/integration-test/target/test-classes/webapps/static,STOPPED}
2023-09-14 11:51:05,220 [Time-limited test] INFO  handler.ContextHandler (ContextHandler.java:doStop(1159)) - Stopped o.e.j.s.ServletContextHandler@278c3584{logs,/logs,file:///home/runner/work/ozone/ozone/hadoop-ozone/integration-test/target/log,STOPPED}
2023-09-14 11:51:05,221 [Time-limited test] INFO  server.StorageContainerManager (StorageContainerManager.java:stop(1637)) - Stopping SCM LayoutVersionManager Service.
2023-09-14 11:51:05,221 [Time-limited test] INFO  server.SCMSecurityProtocolServer (SCMSecurityProtocolServer.java:stop(550)) - Stopping the SCMSecurityProtocolServer.
2023-09-14 11:51:05,222 [Time-limited test] INFO  ipc.Server (Server.java:stop(3523)) - Stopping server on 9961
2023-09-14 11:51:05,222 [IPC Server Responder] INFO  ipc.Server (Server.java:run(1567)) - Stopping IPC Server Responder
2023-09-14 11:51:05,223 [IPC Server listener on 9961] INFO  ipc.Server (Server.java:run(1434)) - Stopping IPC Server listener on 9961
2023-09-14 11:51:05,224 [Time-limited test] INFO  server.SCMUpdateServiceGrpcServer (SCMUpdateServiceGrpcServer.java:stop(73)) - SCMUpdateService stopping
2023-09-14 11:51:05,225 [Time-limited test] INFO  server.SCMUpdateServiceGrpcServer (SCMUpdateServiceGrpcServer.java:stop(85)) - SCMUpdateService stopped!
2023-09-14 11:51:05,225 [Time-limited test] INFO  server.StorageContainerManager (StorageContainerManager.java:stop(1649)) - Stopping Block Manager Service.
2023-09-14 11:51:05,230 [Time-limited test] INFO  utils.BackgroundService (BackgroundService.java:shutdown(141)) - Shutting down service SCMBlockDeletingService
2023-09-14 11:51:05,230 [Time-limited test] INFO  utils.BackgroundService (BackgroundService.java:shutdown(141)) - Shutting down service SCMBlockDeletingService
2023-09-14 11:51:05,230 [Time-limited test] INFO  server.StorageContainerManager (StorageContainerManager.java:stop(1669)) - Stopping SCM Event Queue.
2023-09-14 11:51:05,230 [JvmPauseMonitor8] INFO  util.JvmPauseMonitor (JvmPauseMonitor.java:run(109)) - JvmPauseMonitor-a47e1f18-bbe0-4826-b815-8bf8b353a70a: Stopped
2023-09-14 11:51:05,231 [Time-limited test] INFO  server.StorageContainerManager (StorageContainerManager.java:stop(1680)) - Stopping SCM HA services.
2023-09-14 11:51:05,232 [Time-limited test] INFO  pipeline.BackgroundPipelineCreator (BackgroundPipelineCreator.java:stop(149)) - Stopping RatisPipelineUtilsThread.
2023-09-14 11:51:05,232 [RatisPipelineUtilsThread - 0] WARN  pipeline.BackgroundPipelineCreator (BackgroundPipelineCreator.java:run(180)) - RatisPipelineUtilsThread is interrupted.
2023-09-14 11:51:05,233 [Time-limited test] INFO  BackgroundPipelineScrubber (BackgroundSCMService.java:stop(131)) - Stopping BackgroundPipelineScrubber Service.
2023-09-14 11:51:05,233 [BackgroundPipelineScrubberThread] WARN  BackgroundPipelineScrubber (BackgroundSCMService.java:run(115)) - BackgroundPipelineScrubber is interrupted, exit
2023-09-14 11:51:05,234 [Time-limited test] INFO  impl.MetricsSystemImpl (MetricsSystemImpl.java:stop(210)) - Stopping StorageContainerManager metrics system...
2023-09-14 11:51:05,240 [prometheus] INFO  impl.MetricsSinkAdapter (MetricsSinkAdapter.java:publishMetricsFromQueue(141)) - prometheus thread interrupted.
2023-09-14 11:51:05,241 [Time-limited test] INFO  impl.MetricsSystemImpl (MetricsSystemImpl.java:stop(216)) - StorageContainerManager metrics system stopped.
2023-09-14 11:51:05,241 [Time-limited test] WARN  pipeline.BackgroundPipelineCreator (BackgroundPipelineCreator.java:stop(145)) - RatisPipelineUtilsThread is not running, just ignore.
2023-09-14 11:51:05,241 [Time-limited test] INFO  BackgroundPipelineScrubber (BackgroundSCMService.java:stop(126)) - BackgroundPipelineScrubber Service is not running, skip stop.
2023-09-14 11:51:05,241 [ExpiredContainerReplicaOpScrubberThread] WARN  ExpiredContainerReplicaOpScrubber (BackgroundSCMService.java:run(115)) - ExpiredContainerReplicaOpScrubber is interrupted, exit
2023-09-14 11:51:05,241 [Time-limited test] INFO  ExpiredContainerReplicaOpScrubber (BackgroundSCMService.java:stop(131)) - Stopping ExpiredContainerReplicaOpScrubber Service.
2023-09-14 11:51:05,241 [Time-limited test] INFO  utils.BackgroundService (BackgroundService.java:shutdown(141)) - Shutting down service SCMBlockDeletingService
2023-09-14 11:51:05,241 [Time-limited test] INFO  replication.ReplicationManager (ReplicationManager.java:stop(333)) - Replication Monitor Thread is not running.
2023-09-14 11:51:05,241 [Time-limited test] WARN  balancer.ContainerBalancer (ContainerBalancer.java:stop(326)) - Cannot stop Container Balancer because it's not running or stopping
2023-09-14 11:51:05,242 [Time-limited test] INFO  server.StorageContainerManager (StorageContainerManager.java:stop(1715)) - Stopping SCM MetadataStore.
2023-09-14 11:51:05,243 [Time-limited test] INFO  impl.DefaultInternalKdcServerImpl (DefaultInternalKdcServerImpl.java:doStop(102)) - Default Internal kdc server stopped.
2023-09-14 11:51:06,244 [Time-limited test] INFO  minikdc.MiniKdc (MiniKdc.java:stop(359)) - MiniKdc stopped.
2023-09-14 11:51:06,244 [Time-limited test] INFO  server.StorageContainerManager (StorageContainerManager.java:stop(1580)) - Storage Container Manager is not running.
2023-09-14 11:51:06,244 [Time-limited test] INFO  server.StorageContainerManager (StorageContainerManager.java:stopReplicationManager(1724)) - Stopping Replication Manager Service.
2023-09-14 11:51:06,244 [Time-limited test] INFO  replication.ReplicationManager (ReplicationManager.java:stop(333)) - Replication Monitor Thread is not running.
2023-09-14 11:51:06,244 [Time-limited test] INFO  server.SCMSecurityProtocolServer (SCMSecurityProtocolServer.java:join(560)) - Join RPC server for SCMSecurityProtocolServer.
2023-09-14 11:51:06,244 [Time-limited test] INFO  server.SCMSecurityProtocolServer (SCMSecurityProtocolServer.java:join(562)) - Join gRPC server for SCMSecurityProtocolServer.
]]></system-out>
  </testcase>
</testsuite>