<?xml version="1.0" encoding="UTF-8"?>
<testsuite xmlns:xsi="http://www.w3.org/2001/XMLSchema-instance" xsi:noNamespaceSchemaLocation="https://maven.apache.org/surefire/maven-surefire-plugin/xsd/surefire-test-report-3.0.xsd" version="3.0" name="org.apache.hadoop.fs.ozone.contract.ITestOzoneContractCreate" time="54.483" tests="32" errors="1" skipped="4" failures="0">
  <properties>
    <property name="awt.toolkit" value="sun.awt.X11.XToolkit"/>
    <property name="file.encoding.pkg" value="sun.io"/>
    <property name="java.specification.version" value="1.8"/>
    <property name="sun.cpu.isalist" value=""/>
    <property name="sun.jnu.encoding" value="UTF-8"/>
    <property name="java.class.path" value="/home/runner/work/ozone/ozone/hadoop-ozone/integration-test/target/test-classes:/home/runner/work/ozone/ozone/hadoop-ozone/integration-test/target/classes:/home/runner/.m2/repository/org/apache/ozone/ozone-common/1.4.0-SNAPSHOT/ozone-common-1.4.0-SNAPSHOT.jar:/home/runner/.m2/repository/io/grpc/grpc-netty/1.51.1/grpc-netty-1.51.1.jar:/home/runner/.m2/repository/io/grpc/grpc-core/1.51.1/grpc-core-1.51.1.jar:/home/runner/.m2/repository/com/google/android/annotations/4.1.1.4/annotations-4.1.1.4.jar:/home/runner/.m2/repository/org/codehaus/mojo/animal-sniffer-annotations/1.21/animal-sniffer-annotations-1.21.jar:/home/runner/.m2/repository/com/google/errorprone/error_prone_annotations/2.2.0/error_prone_annotations-2.2.0.jar:/home/runner/.m2/repository/io/perfmark/perfmark-api/0.25.0/perfmark-api-0.25.0.jar:/home/runner/.m2/repository/io/netty/netty-codec-http2/4.1.86.Final/netty-codec-http2-4.1.86.Final.jar:/home/runner/.m2/repository/io/netty/netty-common/4.1.86.Final/netty-common-4.1.86.Final.jar:/home/runner/.m2/repository/io/netty/netty-buffer/4.1.86.Final/netty-buffer-4.1.86.Final.jar:/home/runner/.m2/repository/io/netty/netty-codec-http/4.1.86.Final/netty-codec-http-4.1.86.Final.jar:/home/runner/.m2/repository/io/netty/netty-handler-proxy/4.1.86.Final/netty-handler-proxy-4.1.86.Final.jar:/home/runner/.m2/repository/io/netty/netty-codec-socks/4.1.86.Final/netty-codec-socks-4.1.86.Final.jar:/home/runner/.m2/repository/io/netty/netty-tcnative-boringssl-static/2.0.54.Final/netty-tcnative-boringssl-static-2.0.54.Final.jar:/home/runner/.m2/repository/io/netty/netty-tcnative-classes/2.0.54.Final/netty-tcnative-classes-2.0.54.Final.jar:/home/runner/.m2/repository/io/netty/netty-tcnative-boringssl-static/2.0.54.Final/netty-tcnative-boringssl-static-2.0.54.Final-linux-x86_64.jar:/home/runner/.m2/repository/io/netty/netty-tcnative-boringssl-static/2.0.54.Final/netty-tcnative-boringssl-static-2.0.54.Final-linux-aarch_64.jar:/home/runner/.m2/repository/io/netty/netty-tcnative-boringssl-static/2.0.54.Final/netty-tcnative-boringssl-static-2.0.54.Final-osx-x86_64.jar:/home/runner/.m2/repository/io/netty/netty-tcnative-boringssl-static/2.0.54.Final/netty-tcnative-boringssl-static-2.0.54.Final-osx-aarch_64.jar:/home/runner/.m2/repository/io/netty/netty-tcnative-boringssl-static/2.0.54.Final/netty-tcnative-boringssl-static-2.0.54.Final-windows-x86_64.jar:/home/runner/.m2/repository/org/apache/commons/commons-compress/1.21/commons-compress-1.21.jar:/home/runner/.m2/repository/org/apache/ozone/hdds-common/1.4.0-SNAPSHOT/hdds-common-1.4.0-SNAPSHOT.jar:/home/runner/.m2/repository/org/apache/ozone/hdds-client/1.4.0-SNAPSHOT/hdds-client-1.4.0-SNAPSHOT.jar:/home/runner/.m2/repository/org/apache/ozone/ozone-interface-client/1.4.0-SNAPSHOT/ozone-interface-client-1.4.0-SNAPSHOT.jar:/home/runner/.m2/repository/org/apache/hadoop/hadoop-hdfs-client/3.3.5/hadoop-hdfs-client-3.3.5.jar:/home/runner/.m2/repository/com/squareup/okhttp3/okhttp/4.9.3/okhttp-4.9.3.jar:/home/runner/.m2/repository/com/squareup/okio/okio/2.8.0/okio-2.8.0.jar:/home/runner/.m2/repository/org/jetbrains/kotlin/kotlin-stdlib-common/1.6.21/kotlin-stdlib-common-1.6.21.jar:/home/runner/.m2/repository/org/apache/ozone/hdds-test-utils/1.4.0-SNAPSHOT/hdds-test-utils-1.4.0-SNAPSHOT.jar:/home/runner/.m2/repository/com/google/guava/guava/31.1-jre/guava-31.1-jre.jar:/home/runner/.m2/repository/com/google/guava/failureaccess/1.0.1/failureaccess-1.0.1.jar:/home/runner/.m2/repository/com/google/guava/listenablefuture/9999.0-empty-to-avoid-conflict-with-guava/listenablefuture-9999.0-empty-to-avoid-conflict-with-guava.jar:/home/runner/.m2/repository/com/google/code/findbugs/jsr305/3.0.0/jsr305-3.0.0.jar:/home/runner/.m2/repository/org/checkerframework/checker-qual/3.12.0/checker-qual-3.12.0.jar:/home/runner/.m2/repository/com/google/j2objc/j2objc-annotations/1.3/j2objc-annotations-1.3.jar:/home/runner/.m2/repository/commons-io/commons-io/2.11.0/commons-io-2.11.0.jar:/home/runner/.m2/repository/commons-logging/commons-logging/1.2/commons-logging-1.2.jar:/home/runner/.m2/repository/ch/qos/reload4j/reload4j/1.2.22/reload4j-1.2.22.jar:/home/runner/.m2/repository/org/slf4j/slf4j-api/1.7.36/slf4j-api-1.7.36.jar:/home/runner/.m2/repository/org/apache/ozone/hdds-server-scm/1.4.0-SNAPSHOT/hdds-server-scm-1.4.0-SNAPSHOT.jar:/home/runner/.m2/repository/org/apache/ozone/hdds-container-service/1.4.0-SNAPSHOT/hdds-container-service-1.4.0-SNAPSHOT.jar:/home/runner/.m2/repository/org/apache/ozone/hdds-hadoop-dependency-server/1.4.0-SNAPSHOT/hdds-hadoop-dependency-server-1.4.0-SNAPSHOT.jar:/home/runner/.m2/repository/org/apache/hadoop/hadoop-hdfs/3.3.5/hadoop-hdfs-3.3.5.jar:/home/runner/.m2/repository/commons-daemon/commons-daemon/1.0.13/commons-daemon-1.0.13.jar:/home/runner/.m2/repository/org/apache/ozone/hdds-server-framework/1.4.0-SNAPSHOT/hdds-server-framework-1.4.0-SNAPSHOT.jar:/home/runner/.m2/repository/io/dropwizard/metrics/metrics-core/3.2.4/metrics-core-3.2.4.jar:/home/runner/.m2/repository/org/apache/commons/commons-text/1.4/commons-text-1.4.jar:/home/runner/.m2/repository/org/bouncycastle/bcprov-jdk15on/1.67/bcprov-jdk15on-1.67.jar:/home/runner/.m2/repository/com/google/protobuf/protobuf-java/2.5.0/protobuf-java-2.5.0.jar:/home/runner/.m2/repository/org/apache/ozone/hdds-server-framework/1.4.0-SNAPSHOT/hdds-server-framework-1.4.0-SNAPSHOT-tests.jar:/home/runner/.m2/repository/org/apache/ozone/hdds-interface-server/1.4.0-SNAPSHOT/hdds-interface-server-1.4.0-SNAPSHOT.jar:/home/runner/.m2/repository/org/apache/ozone/hdds-interface-admin/1.4.0-SNAPSHOT/hdds-interface-admin-1.4.0-SNAPSHOT.jar:/home/runner/.m2/repository/org/apache/ozone/hdds-managed-rocksdb/1.4.0-SNAPSHOT/hdds-managed-rocksdb-1.4.0-SNAPSHOT.jar:/home/runner/.m2/repository/org/rocksdb/rocksdbjni/7.7.3/rocksdbjni-7.7.3.jar:/home/runner/.m2/repository/org/slf4j/slf4j-reload4j/1.7.36/slf4j-reload4j-1.7.36.jar:/home/runner/.m2/repository/org/apache/commons/commons-configuration2/2.1.1/commons-configuration2-2.1.1.jar:/home/runner/.m2/repository/org/apache/logging/log4j/log4j-core/2.17.1/log4j-core-2.17.1.jar:/home/runner/.m2/repository/com/lmax/disruptor/3.4.2/disruptor-3.4.2.jar:/home/runner/.m2/repository/org/eclipse/jetty/jetty-util/9.4.51.v20230217/jetty-util-9.4.51.v20230217.jar:/home/runner/.m2/repository/org/eclipse/jetty/jetty-server/9.4.51.v20230217/jetty-server-9.4.51.v20230217.jar:/home/runner/.m2/repository/org/eclipse/jetty/jetty-http/9.4.51.v20230217/jetty-http-9.4.51.v20230217.jar:/home/runner/.m2/repository/org/eclipse/jetty/jetty-io/9.4.51.v20230217/jetty-io-9.4.51.v20230217.jar:/home/runner/.m2/repository/org/eclipse/jetty/jetty-servlet/9.4.51.v20230217/jetty-servlet-9.4.51.v20230217.jar:/home/runner/.m2/repository/org/eclipse/jetty/jetty-security/9.4.51.v20230217/jetty-security-9.4.51.v20230217.jar:/home/runner/.m2/repository/org/eclipse/jetty/jetty-util-ajax/9.4.51.v20230217/jetty-util-ajax-9.4.51.v20230217.jar:/home/runner/.m2/repository/org/eclipse/jetty/jetty-webapp/9.4.51.v20230217/jetty-webapp-9.4.51.v20230217.jar:/home/runner/.m2/repository/org/eclipse/jetty/jetty-xml/9.4.51.v20230217/jetty-xml-9.4.51.v20230217.jar:/home/runner/.m2/repository/org/apache/ratis/ratis-server/2.5.1/ratis-server-2.5.1.jar:/home/runner/.m2/repository/org/apache/ratis/ratis-thirdparty-misc/1.0.4/ratis-thirdparty-misc-1.0.4.jar:/home/runner/.m2/repository/org/apache/ratis/ratis-proto/2.5.1/ratis-proto-2.5.1.jar:/home/runner/.m2/repository/org/apache/ratis/ratis-common/2.5.1/ratis-common-2.5.1.jar:/home/runner/.m2/repository/org/apache/ratis/ratis-client/2.5.1/ratis-client-2.5.1.jar:/home/runner/.m2/repository/org/apache/ratis/ratis-server-api/2.5.1/ratis-server-api-2.5.1.jar:/home/runner/.m2/repository/org/apache/ratis/ratis-metrics/2.5.1/ratis-metrics-2.5.1.jar:/home/runner/.m2/repository/io/prometheus/simpleclient_dropwizard/0.7.0/simpleclient_dropwizard-0.7.0.jar:/home/runner/.m2/repository/io/prometheus/simpleclient/0.7.0/simpleclient-0.7.0.jar:/home/runner/.m2/repository/io/prometheus/simpleclient_common/0.7.0/simpleclient_common-0.7.0.jar:/home/runner/.m2/repository/com/fasterxml/jackson/datatype/jackson-datatype-jsr310/2.13.4/jackson-datatype-jsr310-2.13.4.jar:/home/runner/.m2/repository/com/fasterxml/jackson/core/jackson-core/2.13.4/jackson-core-2.13.4.jar:/home/runner/.m2/repository/com/github/spotbugs/spotbugs-annotations/3.1.12/spotbugs-annotations-3.1.12.jar:/home/runner/.m2/repository/org/apache/ozone/rocksdb-checkpoint-differ/1.4.0-SNAPSHOT/rocksdb-checkpoint-differ-1.4.0-SNAPSHOT.jar:/home/runner/.m2/repository/org/awaitility/awaitility/4.2.0/awaitility-4.2.0.jar:/home/runner/.m2/repository/org/hamcrest/hamcrest/2.1/hamcrest-2.1.jar:/home/runner/.m2/repository/org/apache/ozone/ozone-manager/1.4.0-SNAPSHOT/ozone-manager-1.4.0-SNAPSHOT.jar:/home/runner/.m2/repository/org/aspectj/aspectjrt/1.9.7/aspectjrt-1.9.7.jar:/home/runner/.m2/repository/org/aspectj/aspectjweaver/1.9.7/aspectjweaver-1.9.7.jar:/home/runner/.m2/repository/org/apache/ozone/hdds-interface-client/1.4.0-SNAPSHOT/hdds-interface-client-1.4.0-SNAPSHOT.jar:/home/runner/.m2/repository/org/apache/hadoop/thirdparty/hadoop-shaded-protobuf_3_7/1.1.1/hadoop-shaded-protobuf_3_7-1.1.1.jar:/home/runner/.m2/repository/org/apache/ozone/ozone-interface-storage/1.4.0-SNAPSHOT/ozone-interface-storage-1.4.0-SNAPSHOT.jar:/home/runner/.m2/repository/org/reflections/reflections/0.9.11/reflections-0.9.11.jar:/home/runner/.m2/repository/com/sun/jersey/jersey-client/1.19/jersey-client-1.19.jar:/home/runner/.m2/repository/org/codehaus/jackson/jackson-core-asl/1.9.13/jackson-core-asl-1.9.13.jar:/home/runner/.m2/repository/org/codehaus/jackson/jackson-mapper-asl/1.9.13/jackson-mapper-asl-1.9.13.jar:/home/runner/.m2/repository/org/codehaus/jackson/jackson-jaxrs/1.9.13/jackson-jaxrs-1.9.13.jar:/home/runner/.m2/repository/org/apache/ranger/ranger-intg/2.3.0/ranger-intg-2.3.0.jar:/home/runner/.m2/repository/org/apache/ranger/ranger-plugins-common/2.3.0/ranger-plugins-common-2.3.0.jar:/home/runner/.m2/repository/commons-lang/commons-lang/2.6/commons-lang-2.6.jar:/home/runner/.m2/repository/org/apache/ranger/ranger-plugins-cred/2.3.0/ranger-plugins-cred-2.3.0.jar:/home/runner/.m2/repository/org/apache/ranger/ranger-plugins-audit/2.3.0/ranger-plugins-audit-2.3.0.jar:/home/runner/.m2/repository/org/eclipse/jetty/jetty-client/9.4.51.v20230217/jetty-client-9.4.51.v20230217.jar:/home/runner/.m2/repository/org/apache/httpcomponents/httpmime/4.5.6/httpmime-4.5.6.jar:/home/runner/.m2/repository/org/apache/httpcomponents/httpcore-nio/4.4.13/httpcore-nio-4.4.13.jar:/home/runner/.m2/repository/org/apache/httpcomponents/httpasyncclient/4.1.3/httpasyncclient-4.1.3.jar:/home/runner/.m2/repository/com/carrotsearch/hppc/0.8.0/hppc-0.8.0.jar:/home/runner/.m2/repository/org/apache/orc/orc-core/1.5.8/orc-core-1.5.8.jar:/home/runner/.m2/repository/net/java/dev/jna/jna/5.2.0/jna-5.2.0.jar:/home/runner/.m2/repository/net/java/dev/jna/jna-platform/5.2.0/jna-platform-5.2.0.jar:/home/runner/.m2/repository/com/kstruct/gethostname4j/0.0.2/gethostname4j-0.0.2.jar:/home/runner/.m2/repository/org/apache/ranger/ranger-plugin-classloader/2.3.0/ranger-plugin-classloader-2.3.0.jar:/home/runner/.m2/repository/org/apache/ozone/hdds-rocks-native/1.4.0-SNAPSHOT/hdds-rocks-native-1.4.0-SNAPSHOT.jar:/home/runner/.m2/repository/org/apache/hadoop/hadoop-minikdc/3.3.5/hadoop-minikdc-3.3.5.jar:/home/runner/.m2/repository/org/apache/kerby/kerb-simplekdc/1.0.1/kerb-simplekdc-1.0.1.jar:/home/runner/.m2/repository/org/apache/kerby/kerb-client/1.0.1/kerb-client-1.0.1.jar:/home/runner/.m2/repository/org/apache/kerby/kerby-config/1.0.1/kerby-config-1.0.1.jar:/home/runner/.m2/repository/org/apache/kerby/kerb-common/1.0.1/kerb-common-1.0.1.jar:/home/runner/.m2/repository/org/apache/kerby/kerb-crypto/1.0.1/kerb-crypto-1.0.1.jar:/home/runner/.m2/repository/org/apache/kerby/kerb-util/1.0.1/kerb-util-1.0.1.jar:/home/runner/.m2/repository/org/apache/kerby/token-provider/1.0.1/token-provider-1.0.1.jar:/home/runner/.m2/repository/org/apache/kerby/kerb-admin/1.0.1/kerb-admin-1.0.1.jar:/home/runner/.m2/repository/org/apache/kerby/kerb-server/1.0.1/kerb-server-1.0.1.jar:/home/runner/.m2/repository/org/apache/kerby/kerb-identity/1.0.1/kerb-identity-1.0.1.jar:/home/runner/.m2/repository/org/apache/kerby/kerby-xdr/1.0.1/kerby-xdr-1.0.1.jar:/home/runner/.m2/repository/org/apache/ozone/ozone-s3gateway/1.4.0-SNAPSHOT/ozone-s3gateway-1.4.0-SNAPSHOT.jar:/home/runner/.m2/repository/org/javassist/javassist/3.21.0-GA/javassist-3.21.0-GA.jar:/home/runner/.m2/repository/org/jboss/weld/servlet/weld-servlet-shaded/3.1.9.Final/weld-servlet-shaded-3.1.9.Final.jar:/home/runner/.m2/repository/org/glassfish/jersey/containers/jersey-container-servlet-core/2.34/jersey-container-servlet-core-2.34.jar:/home/runner/.m2/repository/org/glassfish/hk2/external/jakarta.inject/2.6.1/jakarta.inject-2.6.1.jar:/home/runner/.m2/repository/org/glassfish/jersey/core/jersey-common/2.34/jersey-common-2.34.jar:/home/runner/.m2/repository/jakarta/ws/rs/jakarta.ws.rs-api/2.1.6/jakarta.ws.rs-api-2.1.6.jar:/home/runner/.m2/repository/org/glassfish/jersey/ext/cdi/jersey-cdi1x/2.34/jersey-cdi1x-2.34.jar:/home/runner/.m2/repository/org/glassfish/jersey/inject/jersey-hk2/2.34/jersey-hk2-2.34.jar:/home/runner/.m2/repository/org/glassfish/hk2/hk2-locator/2.6.1/hk2-locator-2.6.1.jar:/home/runner/.m2/repository/org/glassfish/jersey/media/jersey-media-jaxb/2.34/jersey-media-jaxb-2.34.jar:/home/runner/.m2/repository/org/glassfish/hk2/osgi-resource-locator/1.0.3/osgi-resource-locator-1.0.3.jar:/home/runner/.m2/repository/org/glassfish/hk2/hk2-api/2.5.0/hk2-api-2.5.0.jar:/home/runner/.m2/repository/org/glassfish/hk2/hk2-utils/2.5.0/hk2-utils-2.5.0.jar:/home/runner/.m2/repository/org/glassfish/hk2/external/aopalliance-repackaged/2.5.0/aopalliance-repackaged-2.5.0.jar:/home/runner/.m2/repository/com/fasterxml/jackson/dataformat/jackson-dataformat-xml/2.13.4/jackson-dataformat-xml-2.13.4.jar:/home/runner/.m2/repository/org/codehaus/woodstox/stax2-api/4.2.1/stax2-api-4.2.1.jar:/home/runner/.m2/repository/com/fasterxml/woodstox/woodstox-core/5.4.0/woodstox-core-5.4.0.jar:/home/runner/.m2/repository/com/fasterxml/jackson/module/jackson-module-jaxb-annotations/2.13.4/jackson-module-jaxb-annotations-2.13.4.jar:/home/runner/.m2/repository/jakarta/xml/bind/jakarta.xml.bind-api/2.3.3/jakarta.xml.bind-api-2.3.3.jar:/home/runner/.m2/repository/jakarta/activation/jakarta.activation-api/1.2.2/jakarta.activation-api-1.2.2.jar:/home/runner/.m2/repository/javax/enterprise/cdi-api/2.0/cdi-api-2.0.jar:/home/runner/.m2/repository/javax/el/javax.el-api/3.0.0/javax.el-api-3.0.0.jar:/home/runner/.m2/repository/javax/interceptor/javax.interceptor-api/1.2/javax.interceptor-api-1.2.jar:/home/runner/.m2/repository/javax/inject/javax.inject/1/javax.inject-1.jar:/home/runner/.m2/repository/javax/xml/bind/jaxb-api/2.3.0/jaxb-api-2.3.0.jar:/home/runner/.m2/repository/org/glassfish/jaxb/jaxb-runtime/2.3.0.1/jaxb-runtime-2.3.0.1.jar:/home/runner/.m2/repository/org/glassfish/jaxb/jaxb-core/2.3.0.1/jaxb-core-2.3.0.1.jar:/home/runner/.m2/repository/org/glassfish/jaxb/txw2/2.3.0.1/txw2-2.3.0.1.jar:/home/runner/.m2/repository/com/sun/istack/istack-commons-runtime/3.0.5/istack-commons-runtime-3.0.5.jar:/home/runner/.m2/repository/org/jvnet/staxex/stax-ex/1.7.8/stax-ex-1.7.8.jar:/home/runner/.m2/repository/com/sun/xml/fastinfoset/FastInfoset/1.2.13/FastInfoset-1.2.13.jar:/home/runner/.m2/repository/javax/activation/activation/1.1.1/activation-1.1.1.jar:/home/runner/.m2/repository/io/grpc/grpc-protobuf/1.51.1/grpc-protobuf-1.51.1.jar:/home/runner/.m2/repository/com/google/api/grpc/proto-google-common-protos/2.9.0/proto-google-common-protos-2.9.0.jar:/home/runner/.m2/repository/io/grpc/grpc-protobuf-lite/1.51.1/grpc-protobuf-lite-1.51.1.jar:/home/runner/.m2/repository/io/grpc/grpc-stub/1.51.1/grpc-stub-1.51.1.jar:/home/runner/.m2/repository/io/netty/netty-transport/4.1.86.Final/netty-transport-4.1.86.Final.jar:/home/runner/.m2/repository/io/netty/netty-resolver/4.1.86.Final/netty-resolver-4.1.86.Final.jar:/home/runner/.m2/repository/org/apache/ozone/ozone-csi/1.4.0-SNAPSHOT/ozone-csi-1.4.0-SNAPSHOT.jar:/home/runner/.m2/repository/com/google/protobuf/protobuf-java-util/3.19.6/protobuf-java-util-3.19.6.jar:/home/runner/.m2/repository/com/google/code/gson/gson/2.9.0/gson-2.9.0.jar:/home/runner/.m2/repository/org/apache/ozone/hdds-config/1.4.0-SNAPSHOT/hdds-config-1.4.0-SNAPSHOT.jar:/home/runner/.m2/repository/io/netty/netty-transport-native-epoll/4.1.86.Final/netty-transport-native-epoll-4.1.86.Final-linux-x86_64.jar:/home/runner/.m2/repository/io/netty/netty-transport-classes-epoll/4.1.86.Final/netty-transport-classes-epoll-4.1.86.Final.jar:/home/runner/.m2/repository/io/netty/netty-transport-native-unix-common/4.1.86.Final/netty-transport-native-unix-common-4.1.86.Final.jar:/home/runner/.m2/repository/org/apache/ozone/ozone-recon/1.4.0-SNAPSHOT/ozone-recon-1.4.0-SNAPSHOT.jar:/home/runner/.m2/repository/org/apache/ozone/ozone-reconcodegen/1.4.0-SNAPSHOT/ozone-reconcodegen-1.4.0-SNAPSHOT.jar:/home/runner/.m2/repository/com/google/inject/guice/5.1.0/guice-5.1.0.jar:/home/runner/.m2/repository/aopalliance/aopalliance/1.0/aopalliance-1.0.jar:/home/runner/.m2/repository/com/google/inject/extensions/guice-assistedinject/5.1.0/guice-assistedinject-5.1.0.jar:/home/runner/.m2/repository/com/google/inject/extensions/guice-servlet/5.1.0/guice-servlet-5.1.0.jar:/home/runner/.m2/repository/org/glassfish/jersey/containers/jersey-container-servlet/2.34/jersey-container-servlet-2.34.jar:/home/runner/.m2/repository/org/glassfish/hk2/guice-bridge/2.5.0/guice-bridge-2.5.0.jar:/home/runner/.m2/repository/org/glassfish/jersey/core/jersey-server/2.34/jersey-server-2.34.jar:/home/runner/.m2/repository/org/glassfish/jersey/core/jersey-client/2.34/jersey-client-2.34.jar:/home/runner/.m2/repository/jakarta/annotation/jakarta.annotation-api/1.3.5/jakarta.annotation-api-1.3.5.jar:/home/runner/.m2/repository/jakarta/validation/jakarta.validation-api/2.0.2/jakarta.validation-api-2.0.2.jar:/home/runner/.m2/repository/org/glassfish/jersey/media/jersey-media-json-jackson/2.34/jersey-media-json-jackson-2.34.jar:/home/runner/.m2/repository/org/glassfish/jersey/ext/jersey-entity-filtering/2.34/jersey-entity-filtering-2.34.jar:/home/runner/.m2/repository/org/jooq/jooq/3.11.10/jooq-3.11.10.jar:/home/runner/.m2/repository/org/jooq/jooq-meta/3.11.10/jooq-meta-3.11.10.jar:/home/runner/.m2/repository/org/jooq/jooq-codegen/3.11.10/jooq-codegen-3.11.10.jar:/home/runner/.m2/repository/com/jolbox/bonecp/0.8.0.RELEASE/bonecp-0.8.0.RELEASE.jar:/home/runner/.m2/repository/org/apache/derby/derby/10.14.2.0/derby-10.14.2.0.jar:/home/runner/.m2/repository/org/xerial/sqlite-jdbc/3.41.2.2/sqlite-jdbc-3.41.2.2.jar:/home/runner/.m2/repository/org/springframework/spring-jdbc/5.3.27/spring-jdbc-5.3.27.jar:/home/runner/.m2/repository/org/springframework/spring-beans/5.3.27/spring-beans-5.3.27.jar:/home/runner/.m2/repository/org/springframework/spring-core/5.3.27/spring-core-5.3.27.jar:/home/runner/.m2/repository/org/springframework/spring-tx/5.3.27/spring-tx-5.3.27.jar:/home/runner/.m2/repository/org/apache/ozone/ozone-client/1.4.0-SNAPSHOT/ozone-client-1.4.0-SNAPSHOT.jar:/home/runner/.m2/repository/org/apache/ozone/hdds-erasurecode/1.4.0-SNAPSHOT/hdds-erasurecode-1.4.0-SNAPSHOT.jar:/home/runner/.m2/repository/org/apache/ozone/ozone-filesystem/1.4.0-SNAPSHOT/ozone-filesystem-1.4.0-SNAPSHOT.jar:/home/runner/.m2/repository/org/apache/ozone/ozone-filesystem-common/1.4.0-SNAPSHOT/ozone-filesystem-common-1.4.0-SNAPSHOT.jar:/home/runner/.m2/repository/org/apache/ozone/ozone-tools/1.4.0-SNAPSHOT/ozone-tools-1.4.0-SNAPSHOT.jar:/home/runner/.m2/repository/com/amazonaws/aws-java-sdk-core/1.12.261/aws-java-sdk-core-1.12.261.jar:/home/runner/.m2/repository/org/apache/httpcomponents/httpclient/4.5.13/httpclient-4.5.13.jar:/home/runner/.m2/repository/org/apache/httpcomponents/httpcore/4.4.13/httpcore-4.4.13.jar:/home/runner/.m2/repository/software/amazon/ion/ion-java/1.0.2/ion-java-1.0.2.jar:/home/runner/.m2/repository/com/fasterxml/jackson/dataformat/jackson-dataformat-cbor/2.13.4/jackson-dataformat-cbor-2.13.4.jar:/home/runner/.m2/repository/joda-time/joda-time/2.10.6/joda-time-2.10.6.jar:/home/runner/.m2/repository/com/amazonaws/aws-java-sdk-s3/1.12.261/aws-java-sdk-s3-1.12.261.jar:/home/runner/.m2/repository/com/amazonaws/aws-java-sdk-kms/1.12.261/aws-java-sdk-kms-1.12.261.jar:/home/runner/.m2/repository/com/amazonaws/jmespath-java/1.12.261/jmespath-java-1.12.261.jar:/home/runner/.m2/repository/org/kohsuke/metainf-services/metainf-services/1.8/metainf-services-1.8.jar:/home/runner/.m2/repository/org/apache/ozone/hdds-tools/1.4.0-SNAPSHOT/hdds-tools-1.4.0-SNAPSHOT.jar:/home/runner/.m2/repository/org/apache/ratis/ratis-tools/2.5.1/ratis-tools-2.5.1.jar:/home/runner/.m2/repository/commons-cli/commons-cli/1.2/commons-cli-1.2.jar:/home/runner/.m2/repository/org/apache/commons/commons-lang3/3.7/commons-lang3-3.7.jar:/home/runner/.m2/repository/org/apache/ozone/ozone-manager/1.4.0-SNAPSHOT/ozone-manager-1.4.0-SNAPSHOT-tests.jar:/home/runner/.m2/repository/org/apache/ozone/hdds-common/1.4.0-SNAPSHOT/hdds-common-1.4.0-SNAPSHOT-tests.jar:/home/runner/.m2/repository/org/apache/ozone/hdds-hadoop-dependency-client/1.4.0-SNAPSHOT/hdds-hadoop-dependency-client-1.4.0-SNAPSHOT.jar:/home/runner/.m2/repository/info/picocli/picocli/4.6.1/picocli-4.6.1.jar:/home/runner/.m2/repository/com/fasterxml/jackson/core/jackson-annotations/2.13.4/jackson-annotations-2.13.4.jar:/home/runner/.m2/repository/org/apache/ozone/hdds-annotation-processing/1.4.0-SNAPSHOT/hdds-annotation-processing-1.4.0-SNAPSHOT.jar:/home/runner/.m2/repository/javax/annotation/javax.annotation-api/1.2/javax.annotation-api-1.2.jar:/home/runner/.m2/repository/org/apache/ratis/ratis-netty/2.5.1/ratis-netty-2.5.1.jar:/home/runner/.m2/repository/org/apache/ratis/ratis-grpc/2.5.1/ratis-grpc-2.5.1.jar:/home/runner/.m2/repository/org/apache/logging/log4j/log4j-api/2.17.1/log4j-api-2.17.1.jar:/home/runner/.m2/repository/org/apache/commons/commons-pool2/2.6.0/commons-pool2-2.6.0.jar:/home/runner/.m2/repository/org/bouncycastle/bcpkix-jdk15on/1.67/bcpkix-jdk15on-1.67.jar:/home/runner/.m2/repository/commons-validator/commons-validator/1.6/commons-validator-1.6.jar:/home/runner/.m2/repository/commons-beanutils/commons-beanutils/1.9.4/commons-beanutils-1.9.4.jar:/home/runner/.m2/repository/commons-digester/commons-digester/1.8.1/commons-digester-1.8.1.jar:/home/runner/.m2/repository/commons-collections/commons-collections/3.2.2/commons-collections-3.2.2.jar:/home/runner/.m2/repository/io/jaegertracing/jaeger-client/1.6.0/jaeger-client-1.6.0.jar:/home/runner/.m2/repository/io/jaegertracing/jaeger-thrift/1.6.0/jaeger-thrift-1.6.0.jar:/home/runner/.m2/repository/org/apache/thrift/libthrift/0.14.1/libthrift-0.14.1.jar:/home/runner/.m2/repository/io/jaegertracing/jaeger-core/1.6.0/jaeger-core-1.6.0.jar:/home/runner/.m2/repository/io/jaegertracing/jaeger-tracerresolver/1.6.0/jaeger-tracerresolver-1.6.0.jar:/home/runner/.m2/repository/io/opentracing/contrib/opentracing-tracerresolver/0.1.8/opentracing-tracerresolver-0.1.8.jar:/home/runner/.m2/repository/org/jetbrains/kotlin/kotlin-stdlib/1.6.21/kotlin-stdlib-1.6.21.jar:/home/runner/.m2/repository/org/jetbrains/annotations/13.0/annotations-13.0.jar:/home/runner/.m2/repository/io/opentracing/opentracing-util/0.33.0/opentracing-util-0.33.0.jar:/home/runner/.m2/repository/io/opentracing/opentracing-api/0.33.0/opentracing-api-0.33.0.jar:/home/runner/.m2/repository/io/opentracing/opentracing-noop/0.33.0/opentracing-noop-0.33.0.jar:/home/runner/.m2/repository/org/yaml/snakeyaml/2.0/snakeyaml-2.0.jar:/home/runner/.m2/repository/io/grpc/grpc-api/1.51.1/grpc-api-1.51.1.jar:/home/runner/.m2/repository/io/grpc/grpc-context/1.51.1/grpc-context-1.51.1.jar:/home/runner/.m2/repository/junit/junit/4.13.1/junit-4.13.1.jar:/home/runner/.m2/repository/org/hamcrest/hamcrest-core/1.3/hamcrest-core-1.3.jar:/home/runner/.m2/repository/org/junit/jupiter/junit-jupiter-api/5.8.2/junit-jupiter-api-5.8.2.jar:/home/runner/.m2/repository/org/opentest4j/opentest4j/1.2.0/opentest4j-1.2.0.jar:/home/runner/.m2/repository/org/junit/platform/junit-platform-commons/1.8.2/junit-platform-commons-1.8.2.jar:/home/runner/.m2/repository/org/apiguardian/apiguardian-api/1.1.2/apiguardian-api-1.1.2.jar:/home/runner/.m2/repository/org/junit/jupiter/junit-jupiter-params/5.8.2/junit-jupiter-params-5.8.2.jar:/home/runner/.m2/repository/org/junit/jupiter/junit-jupiter-migrationsupport/5.8.2/junit-jupiter-migrationsupport-5.8.2.jar:/home/runner/.m2/repository/org/junit/jupiter/junit-jupiter-engine/5.8.2/junit-jupiter-engine-5.8.2.jar:/home/runner/.m2/repository/org/junit/platform/junit-platform-engine/1.8.2/junit-platform-engine-1.8.2.jar:/home/runner/.m2/repository/org/junit/vintage/junit-vintage-engine/5.8.2/junit-vintage-engine-5.8.2.jar:/home/runner/.m2/repository/org/junit/platform/junit-platform-launcher/1.8.2/junit-platform-launcher-1.8.2.jar:/home/runner/.m2/repository/org/mockito/mockito-core/2.28.2/mockito-core-2.28.2.jar:/home/runner/.m2/repository/net/bytebuddy/byte-buddy/1.9.10/byte-buddy-1.9.10.jar:/home/runner/.m2/repository/net/bytebuddy/byte-buddy-agent/1.9.10/byte-buddy-agent-1.9.10.jar:/home/runner/.m2/repository/org/objenesis/objenesis/1.0/objenesis-1.0.jar:/home/runner/.m2/repository/org/apache/hadoop/hadoop-kms/3.3.5/hadoop-kms-3.3.5.jar:/home/runner/.m2/repository/org/apache/hadoop/hadoop-auth/3.3.5/hadoop-auth-3.3.5.jar:/home/runner/.m2/repository/com/nimbusds/nimbus-jose-jwt/9.8.1/nimbus-jose-jwt-9.8.1.jar:/home/runner/.m2/repository/com/github/stephenc/jcip/jcip-annotations/1.0-1/jcip-annotations-1.0-1.jar:/home/runner/.m2/repository/net/minidev/json-smart/2.4.7/json-smart-2.4.7.jar:/home/runner/.m2/repository/net/minidev/accessors-smart/2.4.7/accessors-smart-2.4.7.jar:/home/runner/.m2/repository/org/ow2/asm/asm/5.0.4/asm-5.0.4.jar:/home/runner/.m2/repository/org/apache/zookeeper/zookeeper/3.5.6/zookeeper-3.5.6.jar:/home/runner/.m2/repository/org/apache/zookeeper/zookeeper-jute/3.5.6/zookeeper-jute-3.5.6.jar:/home/runner/.m2/repository/org/apache/yetus/audience-annotations/0.5.0/audience-annotations-0.5.0.jar:/home/runner/.m2/repository/org/apache/curator/curator-framework/4.2.0/curator-framework-4.2.0.jar:/home/runner/.m2/repository/org/apache/hadoop/thirdparty/hadoop-shaded-guava/1.1.1/hadoop-shaded-guava-1.1.1.jar:/home/runner/.m2/repository/com/sun/jersey/jersey-core/1.19/jersey-core-1.19.jar:/home/runner/.m2/repository/javax/ws/rs/jsr311-api/1.1.1/jsr311-api-1.1.1.jar:/home/runner/.m2/repository/com/sun/jersey/jersey-server/1.19/jersey-server-1.19.jar:/home/runner/.m2/repository/javax/servlet/javax.servlet-api/3.1.0/javax.servlet-api-3.1.0.jar:/home/runner/.m2/repository/org/apache/hadoop/hadoop-common/3.3.5/hadoop-common-3.3.5.jar:/home/runner/.m2/repository/org/apache/commons/commons-math3/3.1.1/commons-math3-3.1.1.jar:/home/runner/.m2/repository/commons-net/commons-net/3.9.0/commons-net-3.9.0.jar:/home/runner/.m2/repository/com/sun/jersey/jersey-servlet/1.19/jersey-servlet-1.19.jar:/home/runner/.m2/repository/com/github/pjfanning/jersey-json/1.20/jersey-json-1.20.jar:/home/runner/.m2/repository/org/codehaus/jettison/jettison/1.1/jettison-1.1.jar:/home/runner/.m2/repository/com/sun/xml/bind/jaxb-impl/2.2.3-1/jaxb-impl-2.2.3-1.jar:/home/runner/.m2/repository/com/google/re2j/re2j/1.1/re2j-1.1.jar:/home/runner/.m2/repository/com/jcraft/jsch/0.1.54/jsch-0.1.54.jar:/home/runner/.m2/repository/org/apache/curator/curator-client/4.2.0/curator-client-4.2.0.jar:/home/runner/.m2/repository/org/apache/curator/curator-recipes/4.2.0/curator-recipes-4.2.0.jar:/home/runner/.m2/repository/org/apache/kerby/kerb-core/1.0.1/kerb-core-1.0.1.jar:/home/runner/.m2/repository/org/apache/kerby/kerby-pkix/1.0.1/kerby-pkix-1.0.1.jar:/home/runner/.m2/repository/org/apache/kerby/kerby-asn1/1.0.1/kerby-asn1-1.0.1.jar:/home/runner/.m2/repository/org/apache/kerby/kerby-util/1.0.1/kerby-util-1.0.1.jar:/home/runner/.m2/repository/dnsjava/dnsjava/2.1.7/dnsjava-2.1.7.jar:/home/runner/.m2/repository/org/xerial/snappy/snappy-java/1.1.8.2/snappy-java-1.1.8.2.jar:/home/runner/.m2/repository/com/fasterxml/jackson/core/jackson-databind/2.13.4.2/jackson-databind-2.13.4.2.jar:/home/runner/.m2/repository/org/apache/hadoop/hadoop-kms/3.3.5/hadoop-kms-3.3.5-tests.jar:/home/runner/.m2/repository/org/apache/ozone/hdds-server-scm/1.4.0-SNAPSHOT/hdds-server-scm-1.4.0-SNAPSHOT-tests.jar:/home/runner/.m2/repository/org/apache/ozone/hdds-container-service/1.4.0-SNAPSHOT/hdds-container-service-1.4.0-SNAPSHOT-tests.jar:/home/runner/.m2/repository/com/github/luben/zstd-jni/1.5.2-5/zstd-jni-1.5.2-5.jar:/home/runner/.m2/repository/commons-codec/commons-codec/1.15/commons-codec-1.15.jar:/home/runner/.m2/repository/io/netty/netty-codec/4.1.86.Final/netty-codec-4.1.86.Final.jar:/home/runner/.m2/repository/io/netty/netty-handler/4.1.86.Final/netty-handler-4.1.86.Final.jar:/home/runner/.m2/repository/org/apache/ozone/hdds-hadoop-dependency-test/1.4.0-SNAPSHOT/hdds-hadoop-dependency-test-1.4.0-SNAPSHOT.jar:/home/runner/.m2/repository/org/apache/hadoop/hadoop-common/3.3.5/hadoop-common-3.3.5-tests.jar:/home/runner/.m2/repository/org/apache/hadoop/hadoop-hdfs/3.3.5/hadoop-hdfs-3.3.5-tests.jar:/home/runner/.m2/repository/org/assertj/assertj-core/3.12.2/assertj-core-3.12.2.jar:/home/runner/.m2/repository/org/apache/hadoop/hadoop-distcp/3.3.5/hadoop-distcp-3.3.5.jar:/home/runner/.m2/repository/org/apache/hadoop/hadoop-mapreduce-client-jobclient/3.3.5/hadoop-mapreduce-client-jobclient-3.3.5.jar:/home/runner/.m2/repository/org/apache/hadoop/hadoop-mapreduce-client-common/3.3.5/hadoop-mapreduce-client-common-3.3.5.jar:/home/runner/.m2/repository/org/apache/hadoop/hadoop-yarn-common/3.3.5/hadoop-yarn-common-3.3.5.jar:/home/runner/.m2/repository/org/apache/hadoop/hadoop-yarn-api/3.3.5/hadoop-yarn-api-3.3.5.jar:/home/runner/.m2/repository/com/sun/jersey/contribs/jersey-guice/1.19/jersey-guice-1.19.jar:/home/runner/.m2/repository/com/fasterxml/jackson/jaxrs/jackson-jaxrs-json-provider/2.13.4/jackson-jaxrs-json-provider-2.13.4.jar:/home/runner/.m2/repository/com/fasterxml/jackson/jaxrs/jackson-jaxrs-base/2.13.4/jackson-jaxrs-base-2.13.4.jar:/home/runner/.m2/repository/org/apache/hadoop/hadoop-yarn-client/3.3.5/hadoop-yarn-client-3.3.5.jar:/home/runner/.m2/repository/org/eclipse/jetty/websocket/websocket-client/9.4.48.v20220622/websocket-client-9.4.48.v20220622.jar:/home/runner/.m2/repository/org/eclipse/jetty/websocket/websocket-common/9.4.48.v20220622/websocket-common-9.4.48.v20220622.jar:/home/runner/.m2/repository/org/eclipse/jetty/websocket/websocket-api/9.4.48.v20220622/websocket-api-9.4.48.v20220622.jar:/home/runner/.m2/repository/org/jline/jline/3.9.0/jline-3.9.0.jar:/home/runner/.m2/repository/org/apache/hadoop/hadoop-mapreduce-client-core/3.3.5/hadoop-mapreduce-client-core-3.3.5.jar:/home/runner/.m2/repository/org/apache/avro/avro/1.7.7/avro-1.7.7.jar:/home/runner/.m2/repository/com/thoughtworks/paranamer/paranamer/2.3/paranamer-2.3.jar:/home/runner/.m2/repository/org/apache/hadoop/hadoop-annotations/3.3.5/hadoop-annotations-3.3.5.jar:/usr/lib/jvm/temurin-8-jdk-amd64/jre/../lib/tools.jar:/home/runner/.m2/repository/io/netty/netty/3.10.6.Final/netty-3.10.6.Final.jar:/home/runner/.m2/repository/org/apache/hadoop/hadoop-distcp/3.3.5/hadoop-distcp-3.3.5-tests.jar:/home/runner/.m2/repository/org/slf4j/jul-to-slf4j/1.7.36/jul-to-slf4j-1.7.36.jar:"/>
    <property name="java.vm.vendor" value="Temurin"/>
    <property name="sun.arch.data.model" value="64"/>
    <property name="test.build.dir" value="/home/runner/work/ozone/ozone/hadoop-ozone/integration-test/target/test-dir"/>
    <property name="test.cache.data" value=""/>
    <property name="java.vendor.url" value="https://adoptium.net/"/>
    <property name="user.timezone" value="Etc/UTC"/>
    <property name="java.vm.specification.version" value="1.8"/>
    <property name="os.name" value="Linux"/>
    <property name="test.build.data" value="/home/runner/work/ozone/ozone/hadoop-ozone/integration-test/target/test-dir"/>
    <property name="sun.java.launcher" value="SUN_STANDARD"/>
    <property name="sun.boot.library.path" value="/usr/lib/jvm/temurin-8-jdk-amd64/jre/lib/amd64"/>
    <property name="sun.java.command" value="/home/runner/work/ozone/ozone/hadoop-ozone/integration-test/target/surefire/surefirebooter3705717750543499852.jar /home/runner/work/ozone/ozone/hadoop-ozone/integration-test/target/surefire 2023-05-30T05-11-05_223-jvmRun1 surefire7252812959966798565tmp surefire_307721215092791285568tmp"/>
    <property name="surefire.test.class.path" value="/home/runner/work/ozone/ozone/hadoop-ozone/integration-test/target/test-classes:/home/runner/work/ozone/ozone/hadoop-ozone/integration-test/target/classes:/home/runner/.m2/repository/org/apache/ozone/ozone-common/1.4.0-SNAPSHOT/ozone-common-1.4.0-SNAPSHOT.jar:/home/runner/.m2/repository/io/grpc/grpc-netty/1.51.1/grpc-netty-1.51.1.jar:/home/runner/.m2/repository/io/grpc/grpc-core/1.51.1/grpc-core-1.51.1.jar:/home/runner/.m2/repository/com/google/android/annotations/4.1.1.4/annotations-4.1.1.4.jar:/home/runner/.m2/repository/org/codehaus/mojo/animal-sniffer-annotations/1.21/animal-sniffer-annotations-1.21.jar:/home/runner/.m2/repository/com/google/errorprone/error_prone_annotations/2.2.0/error_prone_annotations-2.2.0.jar:/home/runner/.m2/repository/io/perfmark/perfmark-api/0.25.0/perfmark-api-0.25.0.jar:/home/runner/.m2/repository/io/netty/netty-codec-http2/4.1.86.Final/netty-codec-http2-4.1.86.Final.jar:/home/runner/.m2/repository/io/netty/netty-common/4.1.86.Final/netty-common-4.1.86.Final.jar:/home/runner/.m2/repository/io/netty/netty-buffer/4.1.86.Final/netty-buffer-4.1.86.Final.jar:/home/runner/.m2/repository/io/netty/netty-codec-http/4.1.86.Final/netty-codec-http-4.1.86.Final.jar:/home/runner/.m2/repository/io/netty/netty-handler-proxy/4.1.86.Final/netty-handler-proxy-4.1.86.Final.jar:/home/runner/.m2/repository/io/netty/netty-codec-socks/4.1.86.Final/netty-codec-socks-4.1.86.Final.jar:/home/runner/.m2/repository/io/netty/netty-tcnative-boringssl-static/2.0.54.Final/netty-tcnative-boringssl-static-2.0.54.Final.jar:/home/runner/.m2/repository/io/netty/netty-tcnative-classes/2.0.54.Final/netty-tcnative-classes-2.0.54.Final.jar:/home/runner/.m2/repository/io/netty/netty-tcnative-boringssl-static/2.0.54.Final/netty-tcnative-boringssl-static-2.0.54.Final-linux-x86_64.jar:/home/runner/.m2/repository/io/netty/netty-tcnative-boringssl-static/2.0.54.Final/netty-tcnative-boringssl-static-2.0.54.Final-linux-aarch_64.jar:/home/runner/.m2/repository/io/netty/netty-tcnative-boringssl-static/2.0.54.Final/netty-tcnative-boringssl-static-2.0.54.Final-osx-x86_64.jar:/home/runner/.m2/repository/io/netty/netty-tcnative-boringssl-static/2.0.54.Final/netty-tcnative-boringssl-static-2.0.54.Final-osx-aarch_64.jar:/home/runner/.m2/repository/io/netty/netty-tcnative-boringssl-static/2.0.54.Final/netty-tcnative-boringssl-static-2.0.54.Final-windows-x86_64.jar:/home/runner/.m2/repository/org/apache/commons/commons-compress/1.21/commons-compress-1.21.jar:/home/runner/.m2/repository/org/apache/ozone/hdds-common/1.4.0-SNAPSHOT/hdds-common-1.4.0-SNAPSHOT.jar:/home/runner/.m2/repository/org/apache/ozone/hdds-client/1.4.0-SNAPSHOT/hdds-client-1.4.0-SNAPSHOT.jar:/home/runner/.m2/repository/org/apache/ozone/ozone-interface-client/1.4.0-SNAPSHOT/ozone-interface-client-1.4.0-SNAPSHOT.jar:/home/runner/.m2/repository/org/apache/hadoop/hadoop-hdfs-client/3.3.5/hadoop-hdfs-client-3.3.5.jar:/home/runner/.m2/repository/com/squareup/okhttp3/okhttp/4.9.3/okhttp-4.9.3.jar:/home/runner/.m2/repository/com/squareup/okio/okio/2.8.0/okio-2.8.0.jar:/home/runner/.m2/repository/org/jetbrains/kotlin/kotlin-stdlib-common/1.6.21/kotlin-stdlib-common-1.6.21.jar:/home/runner/.m2/repository/org/apache/ozone/hdds-test-utils/1.4.0-SNAPSHOT/hdds-test-utils-1.4.0-SNAPSHOT.jar:/home/runner/.m2/repository/com/google/guava/guava/31.1-jre/guava-31.1-jre.jar:/home/runner/.m2/repository/com/google/guava/failureaccess/1.0.1/failureaccess-1.0.1.jar:/home/runner/.m2/repository/com/google/guava/listenablefuture/9999.0-empty-to-avoid-conflict-with-guava/listenablefuture-9999.0-empty-to-avoid-conflict-with-guava.jar:/home/runner/.m2/repository/com/google/code/findbugs/jsr305/3.0.0/jsr305-3.0.0.jar:/home/runner/.m2/repository/org/checkerframework/checker-qual/3.12.0/checker-qual-3.12.0.jar:/home/runner/.m2/repository/com/google/j2objc/j2objc-annotations/1.3/j2objc-annotations-1.3.jar:/home/runner/.m2/repository/commons-io/commons-io/2.11.0/commons-io-2.11.0.jar:/home/runner/.m2/repository/commons-logging/commons-logging/1.2/commons-logging-1.2.jar:/home/runner/.m2/repository/ch/qos/reload4j/reload4j/1.2.22/reload4j-1.2.22.jar:/home/runner/.m2/repository/org/slf4j/slf4j-api/1.7.36/slf4j-api-1.7.36.jar:/home/runner/.m2/repository/org/apache/ozone/hdds-server-scm/1.4.0-SNAPSHOT/hdds-server-scm-1.4.0-SNAPSHOT.jar:/home/runner/.m2/repository/org/apache/ozone/hdds-container-service/1.4.0-SNAPSHOT/hdds-container-service-1.4.0-SNAPSHOT.jar:/home/runner/.m2/repository/org/apache/ozone/hdds-hadoop-dependency-server/1.4.0-SNAPSHOT/hdds-hadoop-dependency-server-1.4.0-SNAPSHOT.jar:/home/runner/.m2/repository/org/apache/hadoop/hadoop-hdfs/3.3.5/hadoop-hdfs-3.3.5.jar:/home/runner/.m2/repository/commons-daemon/commons-daemon/1.0.13/commons-daemon-1.0.13.jar:/home/runner/.m2/repository/org/apache/ozone/hdds-server-framework/1.4.0-SNAPSHOT/hdds-server-framework-1.4.0-SNAPSHOT.jar:/home/runner/.m2/repository/io/dropwizard/metrics/metrics-core/3.2.4/metrics-core-3.2.4.jar:/home/runner/.m2/repository/org/apache/commons/commons-text/1.4/commons-text-1.4.jar:/home/runner/.m2/repository/org/bouncycastle/bcprov-jdk15on/1.67/bcprov-jdk15on-1.67.jar:/home/runner/.m2/repository/com/google/protobuf/protobuf-java/2.5.0/protobuf-java-2.5.0.jar:/home/runner/.m2/repository/org/apache/ozone/hdds-server-framework/1.4.0-SNAPSHOT/hdds-server-framework-1.4.0-SNAPSHOT-tests.jar:/home/runner/.m2/repository/org/apache/ozone/hdds-interface-server/1.4.0-SNAPSHOT/hdds-interface-server-1.4.0-SNAPSHOT.jar:/home/runner/.m2/repository/org/apache/ozone/hdds-interface-admin/1.4.0-SNAPSHOT/hdds-interface-admin-1.4.0-SNAPSHOT.jar:/home/runner/.m2/repository/org/apache/ozone/hdds-managed-rocksdb/1.4.0-SNAPSHOT/hdds-managed-rocksdb-1.4.0-SNAPSHOT.jar:/home/runner/.m2/repository/org/rocksdb/rocksdbjni/7.7.3/rocksdbjni-7.7.3.jar:/home/runner/.m2/repository/org/slf4j/slf4j-reload4j/1.7.36/slf4j-reload4j-1.7.36.jar:/home/runner/.m2/repository/org/apache/commons/commons-configuration2/2.1.1/commons-configuration2-2.1.1.jar:/home/runner/.m2/repository/org/apache/logging/log4j/log4j-core/2.17.1/log4j-core-2.17.1.jar:/home/runner/.m2/repository/com/lmax/disruptor/3.4.2/disruptor-3.4.2.jar:/home/runner/.m2/repository/org/eclipse/jetty/jetty-util/9.4.51.v20230217/jetty-util-9.4.51.v20230217.jar:/home/runner/.m2/repository/org/eclipse/jetty/jetty-server/9.4.51.v20230217/jetty-server-9.4.51.v20230217.jar:/home/runner/.m2/repository/org/eclipse/jetty/jetty-http/9.4.51.v20230217/jetty-http-9.4.51.v20230217.jar:/home/runner/.m2/repository/org/eclipse/jetty/jetty-io/9.4.51.v20230217/jetty-io-9.4.51.v20230217.jar:/home/runner/.m2/repository/org/eclipse/jetty/jetty-servlet/9.4.51.v20230217/jetty-servlet-9.4.51.v20230217.jar:/home/runner/.m2/repository/org/eclipse/jetty/jetty-security/9.4.51.v20230217/jetty-security-9.4.51.v20230217.jar:/home/runner/.m2/repository/org/eclipse/jetty/jetty-util-ajax/9.4.51.v20230217/jetty-util-ajax-9.4.51.v20230217.jar:/home/runner/.m2/repository/org/eclipse/jetty/jetty-webapp/9.4.51.v20230217/jetty-webapp-9.4.51.v20230217.jar:/home/runner/.m2/repository/org/eclipse/jetty/jetty-xml/9.4.51.v20230217/jetty-xml-9.4.51.v20230217.jar:/home/runner/.m2/repository/org/apache/ratis/ratis-server/2.5.1/ratis-server-2.5.1.jar:/home/runner/.m2/repository/org/apache/ratis/ratis-thirdparty-misc/1.0.4/ratis-thirdparty-misc-1.0.4.jar:/home/runner/.m2/repository/org/apache/ratis/ratis-proto/2.5.1/ratis-proto-2.5.1.jar:/home/runner/.m2/repository/org/apache/ratis/ratis-common/2.5.1/ratis-common-2.5.1.jar:/home/runner/.m2/repository/org/apache/ratis/ratis-client/2.5.1/ratis-client-2.5.1.jar:/home/runner/.m2/repository/org/apache/ratis/ratis-server-api/2.5.1/ratis-server-api-2.5.1.jar:/home/runner/.m2/repository/org/apache/ratis/ratis-metrics/2.5.1/ratis-metrics-2.5.1.jar:/home/runner/.m2/repository/io/prometheus/simpleclient_dropwizard/0.7.0/simpleclient_dropwizard-0.7.0.jar:/home/runner/.m2/repository/io/prometheus/simpleclient/0.7.0/simpleclient-0.7.0.jar:/home/runner/.m2/repository/io/prometheus/simpleclient_common/0.7.0/simpleclient_common-0.7.0.jar:/home/runner/.m2/repository/com/fasterxml/jackson/datatype/jackson-datatype-jsr310/2.13.4/jackson-datatype-jsr310-2.13.4.jar:/home/runner/.m2/repository/com/fasterxml/jackson/core/jackson-core/2.13.4/jackson-core-2.13.4.jar:/home/runner/.m2/repository/com/github/spotbugs/spotbugs-annotations/3.1.12/spotbugs-annotations-3.1.12.jar:/home/runner/.m2/repository/org/apache/ozone/rocksdb-checkpoint-differ/1.4.0-SNAPSHOT/rocksdb-checkpoint-differ-1.4.0-SNAPSHOT.jar:/home/runner/.m2/repository/org/awaitility/awaitility/4.2.0/awaitility-4.2.0.jar:/home/runner/.m2/repository/org/hamcrest/hamcrest/2.1/hamcrest-2.1.jar:/home/runner/.m2/repository/org/apache/ozone/ozone-manager/1.4.0-SNAPSHOT/ozone-manager-1.4.0-SNAPSHOT.jar:/home/runner/.m2/repository/org/aspectj/aspectjrt/1.9.7/aspectjrt-1.9.7.jar:/home/runner/.m2/repository/org/aspectj/aspectjweaver/1.9.7/aspectjweaver-1.9.7.jar:/home/runner/.m2/repository/org/apache/ozone/hdds-interface-client/1.4.0-SNAPSHOT/hdds-interface-client-1.4.0-SNAPSHOT.jar:/home/runner/.m2/repository/org/apache/hadoop/thirdparty/hadoop-shaded-protobuf_3_7/1.1.1/hadoop-shaded-protobuf_3_7-1.1.1.jar:/home/runner/.m2/repository/org/apache/ozone/ozone-interface-storage/1.4.0-SNAPSHOT/ozone-interface-storage-1.4.0-SNAPSHOT.jar:/home/runner/.m2/repository/org/reflections/reflections/0.9.11/reflections-0.9.11.jar:/home/runner/.m2/repository/com/sun/jersey/jersey-client/1.19/jersey-client-1.19.jar:/home/runner/.m2/repository/org/codehaus/jackson/jackson-core-asl/1.9.13/jackson-core-asl-1.9.13.jar:/home/runner/.m2/repository/org/codehaus/jackson/jackson-mapper-asl/1.9.13/jackson-mapper-asl-1.9.13.jar:/home/runner/.m2/repository/org/codehaus/jackson/jackson-jaxrs/1.9.13/jackson-jaxrs-1.9.13.jar:/home/runner/.m2/repository/org/apache/ranger/ranger-intg/2.3.0/ranger-intg-2.3.0.jar:/home/runner/.m2/repository/org/apache/ranger/ranger-plugins-common/2.3.0/ranger-plugins-common-2.3.0.jar:/home/runner/.m2/repository/commons-lang/commons-lang/2.6/commons-lang-2.6.jar:/home/runner/.m2/repository/org/apache/ranger/ranger-plugins-cred/2.3.0/ranger-plugins-cred-2.3.0.jar:/home/runner/.m2/repository/org/apache/ranger/ranger-plugins-audit/2.3.0/ranger-plugins-audit-2.3.0.jar:/home/runner/.m2/repository/org/eclipse/jetty/jetty-client/9.4.51.v20230217/jetty-client-9.4.51.v20230217.jar:/home/runner/.m2/repository/org/apache/httpcomponents/httpmime/4.5.6/httpmime-4.5.6.jar:/home/runner/.m2/repository/org/apache/httpcomponents/httpcore-nio/4.4.13/httpcore-nio-4.4.13.jar:/home/runner/.m2/repository/org/apache/httpcomponents/httpasyncclient/4.1.3/httpasyncclient-4.1.3.jar:/home/runner/.m2/repository/com/carrotsearch/hppc/0.8.0/hppc-0.8.0.jar:/home/runner/.m2/repository/org/apache/orc/orc-core/1.5.8/orc-core-1.5.8.jar:/home/runner/.m2/repository/net/java/dev/jna/jna/5.2.0/jna-5.2.0.jar:/home/runner/.m2/repository/net/java/dev/jna/jna-platform/5.2.0/jna-platform-5.2.0.jar:/home/runner/.m2/repository/com/kstruct/gethostname4j/0.0.2/gethostname4j-0.0.2.jar:/home/runner/.m2/repository/org/apache/ranger/ranger-plugin-classloader/2.3.0/ranger-plugin-classloader-2.3.0.jar:/home/runner/.m2/repository/org/apache/ozone/hdds-rocks-native/1.4.0-SNAPSHOT/hdds-rocks-native-1.4.0-SNAPSHOT.jar:/home/runner/.m2/repository/org/apache/hadoop/hadoop-minikdc/3.3.5/hadoop-minikdc-3.3.5.jar:/home/runner/.m2/repository/org/apache/kerby/kerb-simplekdc/1.0.1/kerb-simplekdc-1.0.1.jar:/home/runner/.m2/repository/org/apache/kerby/kerb-client/1.0.1/kerb-client-1.0.1.jar:/home/runner/.m2/repository/org/apache/kerby/kerby-config/1.0.1/kerby-config-1.0.1.jar:/home/runner/.m2/repository/org/apache/kerby/kerb-common/1.0.1/kerb-common-1.0.1.jar:/home/runner/.m2/repository/org/apache/kerby/kerb-crypto/1.0.1/kerb-crypto-1.0.1.jar:/home/runner/.m2/repository/org/apache/kerby/kerb-util/1.0.1/kerb-util-1.0.1.jar:/home/runner/.m2/repository/org/apache/kerby/token-provider/1.0.1/token-provider-1.0.1.jar:/home/runner/.m2/repository/org/apache/kerby/kerb-admin/1.0.1/kerb-admin-1.0.1.jar:/home/runner/.m2/repository/org/apache/kerby/kerb-server/1.0.1/kerb-server-1.0.1.jar:/home/runner/.m2/repository/org/apache/kerby/kerb-identity/1.0.1/kerb-identity-1.0.1.jar:/home/runner/.m2/repository/org/apache/kerby/kerby-xdr/1.0.1/kerby-xdr-1.0.1.jar:/home/runner/.m2/repository/org/apache/ozone/ozone-s3gateway/1.4.0-SNAPSHOT/ozone-s3gateway-1.4.0-SNAPSHOT.jar:/home/runner/.m2/repository/org/javassist/javassist/3.21.0-GA/javassist-3.21.0-GA.jar:/home/runner/.m2/repository/org/jboss/weld/servlet/weld-servlet-shaded/3.1.9.Final/weld-servlet-shaded-3.1.9.Final.jar:/home/runner/.m2/repository/org/glassfish/jersey/containers/jersey-container-servlet-core/2.34/jersey-container-servlet-core-2.34.jar:/home/runner/.m2/repository/org/glassfish/hk2/external/jakarta.inject/2.6.1/jakarta.inject-2.6.1.jar:/home/runner/.m2/repository/org/glassfish/jersey/core/jersey-common/2.34/jersey-common-2.34.jar:/home/runner/.m2/repository/jakarta/ws/rs/jakarta.ws.rs-api/2.1.6/jakarta.ws.rs-api-2.1.6.jar:/home/runner/.m2/repository/org/glassfish/jersey/ext/cdi/jersey-cdi1x/2.34/jersey-cdi1x-2.34.jar:/home/runner/.m2/repository/org/glassfish/jersey/inject/jersey-hk2/2.34/jersey-hk2-2.34.jar:/home/runner/.m2/repository/org/glassfish/hk2/hk2-locator/2.6.1/hk2-locator-2.6.1.jar:/home/runner/.m2/repository/org/glassfish/jersey/media/jersey-media-jaxb/2.34/jersey-media-jaxb-2.34.jar:/home/runner/.m2/repository/org/glassfish/hk2/osgi-resource-locator/1.0.3/osgi-resource-locator-1.0.3.jar:/home/runner/.m2/repository/org/glassfish/hk2/hk2-api/2.5.0/hk2-api-2.5.0.jar:/home/runner/.m2/repository/org/glassfish/hk2/hk2-utils/2.5.0/hk2-utils-2.5.0.jar:/home/runner/.m2/repository/org/glassfish/hk2/external/aopalliance-repackaged/2.5.0/aopalliance-repackaged-2.5.0.jar:/home/runner/.m2/repository/com/fasterxml/jackson/dataformat/jackson-dataformat-xml/2.13.4/jackson-dataformat-xml-2.13.4.jar:/home/runner/.m2/repository/org/codehaus/woodstox/stax2-api/4.2.1/stax2-api-4.2.1.jar:/home/runner/.m2/repository/com/fasterxml/woodstox/woodstox-core/5.4.0/woodstox-core-5.4.0.jar:/home/runner/.m2/repository/com/fasterxml/jackson/module/jackson-module-jaxb-annotations/2.13.4/jackson-module-jaxb-annotations-2.13.4.jar:/home/runner/.m2/repository/jakarta/xml/bind/jakarta.xml.bind-api/2.3.3/jakarta.xml.bind-api-2.3.3.jar:/home/runner/.m2/repository/jakarta/activation/jakarta.activation-api/1.2.2/jakarta.activation-api-1.2.2.jar:/home/runner/.m2/repository/javax/enterprise/cdi-api/2.0/cdi-api-2.0.jar:/home/runner/.m2/repository/javax/el/javax.el-api/3.0.0/javax.el-api-3.0.0.jar:/home/runner/.m2/repository/javax/interceptor/javax.interceptor-api/1.2/javax.interceptor-api-1.2.jar:/home/runner/.m2/repository/javax/inject/javax.inject/1/javax.inject-1.jar:/home/runner/.m2/repository/javax/xml/bind/jaxb-api/2.3.0/jaxb-api-2.3.0.jar:/home/runner/.m2/repository/org/glassfish/jaxb/jaxb-runtime/2.3.0.1/jaxb-runtime-2.3.0.1.jar:/home/runner/.m2/repository/org/glassfish/jaxb/jaxb-core/2.3.0.1/jaxb-core-2.3.0.1.jar:/home/runner/.m2/repository/org/glassfish/jaxb/txw2/2.3.0.1/txw2-2.3.0.1.jar:/home/runner/.m2/repository/com/sun/istack/istack-commons-runtime/3.0.5/istack-commons-runtime-3.0.5.jar:/home/runner/.m2/repository/org/jvnet/staxex/stax-ex/1.7.8/stax-ex-1.7.8.jar:/home/runner/.m2/repository/com/sun/xml/fastinfoset/FastInfoset/1.2.13/FastInfoset-1.2.13.jar:/home/runner/.m2/repository/javax/activation/activation/1.1.1/activation-1.1.1.jar:/home/runner/.m2/repository/io/grpc/grpc-protobuf/1.51.1/grpc-protobuf-1.51.1.jar:/home/runner/.m2/repository/com/google/api/grpc/proto-google-common-protos/2.9.0/proto-google-common-protos-2.9.0.jar:/home/runner/.m2/repository/io/grpc/grpc-protobuf-lite/1.51.1/grpc-protobuf-lite-1.51.1.jar:/home/runner/.m2/repository/io/grpc/grpc-stub/1.51.1/grpc-stub-1.51.1.jar:/home/runner/.m2/repository/io/netty/netty-transport/4.1.86.Final/netty-transport-4.1.86.Final.jar:/home/runner/.m2/repository/io/netty/netty-resolver/4.1.86.Final/netty-resolver-4.1.86.Final.jar:/home/runner/.m2/repository/org/apache/ozone/ozone-csi/1.4.0-SNAPSHOT/ozone-csi-1.4.0-SNAPSHOT.jar:/home/runner/.m2/repository/com/google/protobuf/protobuf-java-util/3.19.6/protobuf-java-util-3.19.6.jar:/home/runner/.m2/repository/com/google/code/gson/gson/2.9.0/gson-2.9.0.jar:/home/runner/.m2/repository/org/apache/ozone/hdds-config/1.4.0-SNAPSHOT/hdds-config-1.4.0-SNAPSHOT.jar:/home/runner/.m2/repository/io/netty/netty-transport-native-epoll/4.1.86.Final/netty-transport-native-epoll-4.1.86.Final-linux-x86_64.jar:/home/runner/.m2/repository/io/netty/netty-transport-classes-epoll/4.1.86.Final/netty-transport-classes-epoll-4.1.86.Final.jar:/home/runner/.m2/repository/io/netty/netty-transport-native-unix-common/4.1.86.Final/netty-transport-native-unix-common-4.1.86.Final.jar:/home/runner/.m2/repository/org/apache/ozone/ozone-recon/1.4.0-SNAPSHOT/ozone-recon-1.4.0-SNAPSHOT.jar:/home/runner/.m2/repository/org/apache/ozone/ozone-reconcodegen/1.4.0-SNAPSHOT/ozone-reconcodegen-1.4.0-SNAPSHOT.jar:/home/runner/.m2/repository/com/google/inject/guice/5.1.0/guice-5.1.0.jar:/home/runner/.m2/repository/aopalliance/aopalliance/1.0/aopalliance-1.0.jar:/home/runner/.m2/repository/com/google/inject/extensions/guice-assistedinject/5.1.0/guice-assistedinject-5.1.0.jar:/home/runner/.m2/repository/com/google/inject/extensions/guice-servlet/5.1.0/guice-servlet-5.1.0.jar:/home/runner/.m2/repository/org/glassfish/jersey/containers/jersey-container-servlet/2.34/jersey-container-servlet-2.34.jar:/home/runner/.m2/repository/org/glassfish/hk2/guice-bridge/2.5.0/guice-bridge-2.5.0.jar:/home/runner/.m2/repository/org/glassfish/jersey/core/jersey-server/2.34/jersey-server-2.34.jar:/home/runner/.m2/repository/org/glassfish/jersey/core/jersey-client/2.34/jersey-client-2.34.jar:/home/runner/.m2/repository/jakarta/annotation/jakarta.annotation-api/1.3.5/jakarta.annotation-api-1.3.5.jar:/home/runner/.m2/repository/jakarta/validation/jakarta.validation-api/2.0.2/jakarta.validation-api-2.0.2.jar:/home/runner/.m2/repository/org/glassfish/jersey/media/jersey-media-json-jackson/2.34/jersey-media-json-jackson-2.34.jar:/home/runner/.m2/repository/org/glassfish/jersey/ext/jersey-entity-filtering/2.34/jersey-entity-filtering-2.34.jar:/home/runner/.m2/repository/org/jooq/jooq/3.11.10/jooq-3.11.10.jar:/home/runner/.m2/repository/org/jooq/jooq-meta/3.11.10/jooq-meta-3.11.10.jar:/home/runner/.m2/repository/org/jooq/jooq-codegen/3.11.10/jooq-codegen-3.11.10.jar:/home/runner/.m2/repository/com/jolbox/bonecp/0.8.0.RELEASE/bonecp-0.8.0.RELEASE.jar:/home/runner/.m2/repository/org/apache/derby/derby/10.14.2.0/derby-10.14.2.0.jar:/home/runner/.m2/repository/org/xerial/sqlite-jdbc/3.41.2.2/sqlite-jdbc-3.41.2.2.jar:/home/runner/.m2/repository/org/springframework/spring-jdbc/5.3.27/spring-jdbc-5.3.27.jar:/home/runner/.m2/repository/org/springframework/spring-beans/5.3.27/spring-beans-5.3.27.jar:/home/runner/.m2/repository/org/springframework/spring-core/5.3.27/spring-core-5.3.27.jar:/home/runner/.m2/repository/org/springframework/spring-tx/5.3.27/spring-tx-5.3.27.jar:/home/runner/.m2/repository/org/apache/ozone/ozone-client/1.4.0-SNAPSHOT/ozone-client-1.4.0-SNAPSHOT.jar:/home/runner/.m2/repository/org/apache/ozone/hdds-erasurecode/1.4.0-SNAPSHOT/hdds-erasurecode-1.4.0-SNAPSHOT.jar:/home/runner/.m2/repository/org/apache/ozone/ozone-filesystem/1.4.0-SNAPSHOT/ozone-filesystem-1.4.0-SNAPSHOT.jar:/home/runner/.m2/repository/org/apache/ozone/ozone-filesystem-common/1.4.0-SNAPSHOT/ozone-filesystem-common-1.4.0-SNAPSHOT.jar:/home/runner/.m2/repository/org/apache/ozone/ozone-tools/1.4.0-SNAPSHOT/ozone-tools-1.4.0-SNAPSHOT.jar:/home/runner/.m2/repository/com/amazonaws/aws-java-sdk-core/1.12.261/aws-java-sdk-core-1.12.261.jar:/home/runner/.m2/repository/org/apache/httpcomponents/httpclient/4.5.13/httpclient-4.5.13.jar:/home/runner/.m2/repository/org/apache/httpcomponents/httpcore/4.4.13/httpcore-4.4.13.jar:/home/runner/.m2/repository/software/amazon/ion/ion-java/1.0.2/ion-java-1.0.2.jar:/home/runner/.m2/repository/com/fasterxml/jackson/dataformat/jackson-dataformat-cbor/2.13.4/jackson-dataformat-cbor-2.13.4.jar:/home/runner/.m2/repository/joda-time/joda-time/2.10.6/joda-time-2.10.6.jar:/home/runner/.m2/repository/com/amazonaws/aws-java-sdk-s3/1.12.261/aws-java-sdk-s3-1.12.261.jar:/home/runner/.m2/repository/com/amazonaws/aws-java-sdk-kms/1.12.261/aws-java-sdk-kms-1.12.261.jar:/home/runner/.m2/repository/com/amazonaws/jmespath-java/1.12.261/jmespath-java-1.12.261.jar:/home/runner/.m2/repository/org/kohsuke/metainf-services/metainf-services/1.8/metainf-services-1.8.jar:/home/runner/.m2/repository/org/apache/ozone/hdds-tools/1.4.0-SNAPSHOT/hdds-tools-1.4.0-SNAPSHOT.jar:/home/runner/.m2/repository/org/apache/ratis/ratis-tools/2.5.1/ratis-tools-2.5.1.jar:/home/runner/.m2/repository/commons-cli/commons-cli/1.2/commons-cli-1.2.jar:/home/runner/.m2/repository/org/apache/commons/commons-lang3/3.7/commons-lang3-3.7.jar:/home/runner/.m2/repository/org/apache/ozone/ozone-manager/1.4.0-SNAPSHOT/ozone-manager-1.4.0-SNAPSHOT-tests.jar:/home/runner/.m2/repository/org/apache/ozone/hdds-common/1.4.0-SNAPSHOT/hdds-common-1.4.0-SNAPSHOT-tests.jar:/home/runner/.m2/repository/org/apache/ozone/hdds-hadoop-dependency-client/1.4.0-SNAPSHOT/hdds-hadoop-dependency-client-1.4.0-SNAPSHOT.jar:/home/runner/.m2/repository/info/picocli/picocli/4.6.1/picocli-4.6.1.jar:/home/runner/.m2/repository/com/fasterxml/jackson/core/jackson-annotations/2.13.4/jackson-annotations-2.13.4.jar:/home/runner/.m2/repository/org/apache/ozone/hdds-annotation-processing/1.4.0-SNAPSHOT/hdds-annotation-processing-1.4.0-SNAPSHOT.jar:/home/runner/.m2/repository/javax/annotation/javax.annotation-api/1.2/javax.annotation-api-1.2.jar:/home/runner/.m2/repository/org/apache/ratis/ratis-netty/2.5.1/ratis-netty-2.5.1.jar:/home/runner/.m2/repository/org/apache/ratis/ratis-grpc/2.5.1/ratis-grpc-2.5.1.jar:/home/runner/.m2/repository/org/apache/logging/log4j/log4j-api/2.17.1/log4j-api-2.17.1.jar:/home/runner/.m2/repository/org/apache/commons/commons-pool2/2.6.0/commons-pool2-2.6.0.jar:/home/runner/.m2/repository/org/bouncycastle/bcpkix-jdk15on/1.67/bcpkix-jdk15on-1.67.jar:/home/runner/.m2/repository/commons-validator/commons-validator/1.6/commons-validator-1.6.jar:/home/runner/.m2/repository/commons-beanutils/commons-beanutils/1.9.4/commons-beanutils-1.9.4.jar:/home/runner/.m2/repository/commons-digester/commons-digester/1.8.1/commons-digester-1.8.1.jar:/home/runner/.m2/repository/commons-collections/commons-collections/3.2.2/commons-collections-3.2.2.jar:/home/runner/.m2/repository/io/jaegertracing/jaeger-client/1.6.0/jaeger-client-1.6.0.jar:/home/runner/.m2/repository/io/jaegertracing/jaeger-thrift/1.6.0/jaeger-thrift-1.6.0.jar:/home/runner/.m2/repository/org/apache/thrift/libthrift/0.14.1/libthrift-0.14.1.jar:/home/runner/.m2/repository/io/jaegertracing/jaeger-core/1.6.0/jaeger-core-1.6.0.jar:/home/runner/.m2/repository/io/jaegertracing/jaeger-tracerresolver/1.6.0/jaeger-tracerresolver-1.6.0.jar:/home/runner/.m2/repository/io/opentracing/contrib/opentracing-tracerresolver/0.1.8/opentracing-tracerresolver-0.1.8.jar:/home/runner/.m2/repository/org/jetbrains/kotlin/kotlin-stdlib/1.6.21/kotlin-stdlib-1.6.21.jar:/home/runner/.m2/repository/org/jetbrains/annotations/13.0/annotations-13.0.jar:/home/runner/.m2/repository/io/opentracing/opentracing-util/0.33.0/opentracing-util-0.33.0.jar:/home/runner/.m2/repository/io/opentracing/opentracing-api/0.33.0/opentracing-api-0.33.0.jar:/home/runner/.m2/repository/io/opentracing/opentracing-noop/0.33.0/opentracing-noop-0.33.0.jar:/home/runner/.m2/repository/org/yaml/snakeyaml/2.0/snakeyaml-2.0.jar:/home/runner/.m2/repository/io/grpc/grpc-api/1.51.1/grpc-api-1.51.1.jar:/home/runner/.m2/repository/io/grpc/grpc-context/1.51.1/grpc-context-1.51.1.jar:/home/runner/.m2/repository/junit/junit/4.13.1/junit-4.13.1.jar:/home/runner/.m2/repository/org/hamcrest/hamcrest-core/1.3/hamcrest-core-1.3.jar:/home/runner/.m2/repository/org/junit/jupiter/junit-jupiter-api/5.8.2/junit-jupiter-api-5.8.2.jar:/home/runner/.m2/repository/org/opentest4j/opentest4j/1.2.0/opentest4j-1.2.0.jar:/home/runner/.m2/repository/org/junit/platform/junit-platform-commons/1.8.2/junit-platform-commons-1.8.2.jar:/home/runner/.m2/repository/org/apiguardian/apiguardian-api/1.1.2/apiguardian-api-1.1.2.jar:/home/runner/.m2/repository/org/junit/jupiter/junit-jupiter-params/5.8.2/junit-jupiter-params-5.8.2.jar:/home/runner/.m2/repository/org/junit/jupiter/junit-jupiter-migrationsupport/5.8.2/junit-jupiter-migrationsupport-5.8.2.jar:/home/runner/.m2/repository/org/junit/jupiter/junit-jupiter-engine/5.8.2/junit-jupiter-engine-5.8.2.jar:/home/runner/.m2/repository/org/junit/platform/junit-platform-engine/1.8.2/junit-platform-engine-1.8.2.jar:/home/runner/.m2/repository/org/junit/vintage/junit-vintage-engine/5.8.2/junit-vintage-engine-5.8.2.jar:/home/runner/.m2/repository/org/junit/platform/junit-platform-launcher/1.8.2/junit-platform-launcher-1.8.2.jar:/home/runner/.m2/repository/org/mockito/mockito-core/2.28.2/mockito-core-2.28.2.jar:/home/runner/.m2/repository/net/bytebuddy/byte-buddy/1.9.10/byte-buddy-1.9.10.jar:/home/runner/.m2/repository/net/bytebuddy/byte-buddy-agent/1.9.10/byte-buddy-agent-1.9.10.jar:/home/runner/.m2/repository/org/objenesis/objenesis/1.0/objenesis-1.0.jar:/home/runner/.m2/repository/org/apache/hadoop/hadoop-kms/3.3.5/hadoop-kms-3.3.5.jar:/home/runner/.m2/repository/org/apache/hadoop/hadoop-auth/3.3.5/hadoop-auth-3.3.5.jar:/home/runner/.m2/repository/com/nimbusds/nimbus-jose-jwt/9.8.1/nimbus-jose-jwt-9.8.1.jar:/home/runner/.m2/repository/com/github/stephenc/jcip/jcip-annotations/1.0-1/jcip-annotations-1.0-1.jar:/home/runner/.m2/repository/net/minidev/json-smart/2.4.7/json-smart-2.4.7.jar:/home/runner/.m2/repository/net/minidev/accessors-smart/2.4.7/accessors-smart-2.4.7.jar:/home/runner/.m2/repository/org/ow2/asm/asm/5.0.4/asm-5.0.4.jar:/home/runner/.m2/repository/org/apache/zookeeper/zookeeper/3.5.6/zookeeper-3.5.6.jar:/home/runner/.m2/repository/org/apache/zookeeper/zookeeper-jute/3.5.6/zookeeper-jute-3.5.6.jar:/home/runner/.m2/repository/org/apache/yetus/audience-annotations/0.5.0/audience-annotations-0.5.0.jar:/home/runner/.m2/repository/org/apache/curator/curator-framework/4.2.0/curator-framework-4.2.0.jar:/home/runner/.m2/repository/org/apache/hadoop/thirdparty/hadoop-shaded-guava/1.1.1/hadoop-shaded-guava-1.1.1.jar:/home/runner/.m2/repository/com/sun/jersey/jersey-core/1.19/jersey-core-1.19.jar:/home/runner/.m2/repository/javax/ws/rs/jsr311-api/1.1.1/jsr311-api-1.1.1.jar:/home/runner/.m2/repository/com/sun/jersey/jersey-server/1.19/jersey-server-1.19.jar:/home/runner/.m2/repository/javax/servlet/javax.servlet-api/3.1.0/javax.servlet-api-3.1.0.jar:/home/runner/.m2/repository/org/apache/hadoop/hadoop-common/3.3.5/hadoop-common-3.3.5.jar:/home/runner/.m2/repository/org/apache/commons/commons-math3/3.1.1/commons-math3-3.1.1.jar:/home/runner/.m2/repository/commons-net/commons-net/3.9.0/commons-net-3.9.0.jar:/home/runner/.m2/repository/com/sun/jersey/jersey-servlet/1.19/jersey-servlet-1.19.jar:/home/runner/.m2/repository/com/github/pjfanning/jersey-json/1.20/jersey-json-1.20.jar:/home/runner/.m2/repository/org/codehaus/jettison/jettison/1.1/jettison-1.1.jar:/home/runner/.m2/repository/com/sun/xml/bind/jaxb-impl/2.2.3-1/jaxb-impl-2.2.3-1.jar:/home/runner/.m2/repository/com/google/re2j/re2j/1.1/re2j-1.1.jar:/home/runner/.m2/repository/com/jcraft/jsch/0.1.54/jsch-0.1.54.jar:/home/runner/.m2/repository/org/apache/curator/curator-client/4.2.0/curator-client-4.2.0.jar:/home/runner/.m2/repository/org/apache/curator/curator-recipes/4.2.0/curator-recipes-4.2.0.jar:/home/runner/.m2/repository/org/apache/kerby/kerb-core/1.0.1/kerb-core-1.0.1.jar:/home/runner/.m2/repository/org/apache/kerby/kerby-pkix/1.0.1/kerby-pkix-1.0.1.jar:/home/runner/.m2/repository/org/apache/kerby/kerby-asn1/1.0.1/kerby-asn1-1.0.1.jar:/home/runner/.m2/repository/org/apache/kerby/kerby-util/1.0.1/kerby-util-1.0.1.jar:/home/runner/.m2/repository/dnsjava/dnsjava/2.1.7/dnsjava-2.1.7.jar:/home/runner/.m2/repository/org/xerial/snappy/snappy-java/1.1.8.2/snappy-java-1.1.8.2.jar:/home/runner/.m2/repository/com/fasterxml/jackson/core/jackson-databind/2.13.4.2/jackson-databind-2.13.4.2.jar:/home/runner/.m2/repository/org/apache/hadoop/hadoop-kms/3.3.5/hadoop-kms-3.3.5-tests.jar:/home/runner/.m2/repository/org/apache/ozone/hdds-server-scm/1.4.0-SNAPSHOT/hdds-server-scm-1.4.0-SNAPSHOT-tests.jar:/home/runner/.m2/repository/org/apache/ozone/hdds-container-service/1.4.0-SNAPSHOT/hdds-container-service-1.4.0-SNAPSHOT-tests.jar:/home/runner/.m2/repository/com/github/luben/zstd-jni/1.5.2-5/zstd-jni-1.5.2-5.jar:/home/runner/.m2/repository/commons-codec/commons-codec/1.15/commons-codec-1.15.jar:/home/runner/.m2/repository/io/netty/netty-codec/4.1.86.Final/netty-codec-4.1.86.Final.jar:/home/runner/.m2/repository/io/netty/netty-handler/4.1.86.Final/netty-handler-4.1.86.Final.jar:/home/runner/.m2/repository/org/apache/ozone/hdds-hadoop-dependency-test/1.4.0-SNAPSHOT/hdds-hadoop-dependency-test-1.4.0-SNAPSHOT.jar:/home/runner/.m2/repository/org/apache/hadoop/hadoop-common/3.3.5/hadoop-common-3.3.5-tests.jar:/home/runner/.m2/repository/org/apache/hadoop/hadoop-hdfs/3.3.5/hadoop-hdfs-3.3.5-tests.jar:/home/runner/.m2/repository/org/assertj/assertj-core/3.12.2/assertj-core-3.12.2.jar:/home/runner/.m2/repository/org/apache/hadoop/hadoop-distcp/3.3.5/hadoop-distcp-3.3.5.jar:/home/runner/.m2/repository/org/apache/hadoop/hadoop-mapreduce-client-jobclient/3.3.5/hadoop-mapreduce-client-jobclient-3.3.5.jar:/home/runner/.m2/repository/org/apache/hadoop/hadoop-mapreduce-client-common/3.3.5/hadoop-mapreduce-client-common-3.3.5.jar:/home/runner/.m2/repository/org/apache/hadoop/hadoop-yarn-common/3.3.5/hadoop-yarn-common-3.3.5.jar:/home/runner/.m2/repository/org/apache/hadoop/hadoop-yarn-api/3.3.5/hadoop-yarn-api-3.3.5.jar:/home/runner/.m2/repository/com/sun/jersey/contribs/jersey-guice/1.19/jersey-guice-1.19.jar:/home/runner/.m2/repository/com/fasterxml/jackson/jaxrs/jackson-jaxrs-json-provider/2.13.4/jackson-jaxrs-json-provider-2.13.4.jar:/home/runner/.m2/repository/com/fasterxml/jackson/jaxrs/jackson-jaxrs-base/2.13.4/jackson-jaxrs-base-2.13.4.jar:/home/runner/.m2/repository/org/apache/hadoop/hadoop-yarn-client/3.3.5/hadoop-yarn-client-3.3.5.jar:/home/runner/.m2/repository/org/eclipse/jetty/websocket/websocket-client/9.4.48.v20220622/websocket-client-9.4.48.v20220622.jar:/home/runner/.m2/repository/org/eclipse/jetty/websocket/websocket-common/9.4.48.v20220622/websocket-common-9.4.48.v20220622.jar:/home/runner/.m2/repository/org/eclipse/jetty/websocket/websocket-api/9.4.48.v20220622/websocket-api-9.4.48.v20220622.jar:/home/runner/.m2/repository/org/jline/jline/3.9.0/jline-3.9.0.jar:/home/runner/.m2/repository/org/apache/hadoop/hadoop-mapreduce-client-core/3.3.5/hadoop-mapreduce-client-core-3.3.5.jar:/home/runner/.m2/repository/org/apache/avro/avro/1.7.7/avro-1.7.7.jar:/home/runner/.m2/repository/com/thoughtworks/paranamer/paranamer/2.3/paranamer-2.3.jar:/home/runner/.m2/repository/org/apache/hadoop/hadoop-annotations/3.3.5/hadoop-annotations-3.3.5.jar:/usr/lib/jvm/temurin-8-jdk-amd64/jre/../lib/tools.jar:/home/runner/.m2/repository/io/netty/netty/3.10.6.Final/netty-3.10.6.Final.jar:/home/runner/.m2/repository/org/apache/hadoop/hadoop-distcp/3.3.5/hadoop-distcp-3.3.5-tests.jar:/home/runner/.m2/repository/org/slf4j/jul-to-slf4j/1.7.36/jul-to-slf4j-1.7.36.jar:"/>
    <property name="sun.cpu.endian" value="little"/>
    <property name="user.home" value="/home/runner"/>
    <property name="user.language" value="en"/>
    <property name="java.specification.vendor" value="Oracle Corporation"/>
    <property name="java.home" value="/usr/lib/jvm/temurin-8-jdk-amd64/jre"/>
    <property name="java.security.krb5.conf" value="/home/runner/work/ozone/ozone/hadoop-ozone/integration-test/target/test-classes/krb5.conf"/>
    <property name="basedir" value="/home/runner/work/ozone/ozone/hadoop-ozone/integration-test"/>
    <property name="file.separator" value="/"/>
    <property name="line.separator" value="&#10;"/>
    <property name="java.vm.specification.vendor" value="Oracle Corporation"/>
    <property name="java.specification.name" value="Java Platform API Specification"/>
    <property name="java.awt.graphicsenv" value="sun.awt.X11GraphicsEnvironment"/>
    <property name="skip.installnpx" value="true"/>
    <property name="surefire.real.class.path" value="/home/runner/work/ozone/ozone/hadoop-ozone/integration-test/target/surefire/surefirebooter3705717750543499852.jar:/home/runner/.m2/repository/org/jacoco/org.jacoco.agent/0.8.5/org.jacoco.agent-0.8.5-runtime.jar"/>
    <property name="hadoop.log.dir" value="/home/runner/work/ozone/ozone/hadoop-ozone/integration-test/target/log"/>
    <property name="sun.boot.class.path" value="/usr/lib/jvm/temurin-8-jdk-amd64/jre/lib/resources.jar:/usr/lib/jvm/temurin-8-jdk-amd64/jre/lib/rt.jar:/usr/lib/jvm/temurin-8-jdk-amd64/jre/lib/sunrsasign.jar:/usr/lib/jvm/temurin-8-jdk-amd64/jre/lib/jsse.jar:/usr/lib/jvm/temurin-8-jdk-amd64/jre/lib/jce.jar:/usr/lib/jvm/temurin-8-jdk-amd64/jre/lib/charsets.jar:/usr/lib/jvm/temurin-8-jdk-amd64/jre/lib/jfr.jar:/usr/lib/jvm/temurin-8-jdk-amd64/jre/classes"/>
    <property name="sun.management.compiler" value="HotSpot 64-Bit Tiered Compilers"/>
    <property name="skip.npx" value="true"/>
    <property name="java.runtime.version" value="1.8.0_362-b09"/>
    <property name="java.net.preferIPv4Stack" value="true"/>
    <property name="user.name" value="runner"/>
    <property name="path.separator" value=":"/>
    <property name="java.security.egd" value="file:///dev/urandom"/>
    <property name="os.version" value="5.15.0-1037-azure"/>
    <property name="java.endorsed.dirs" value="/usr/lib/jvm/temurin-8-jdk-amd64/jre/lib/endorsed"/>
    <property name="java.runtime.name" value="OpenJDK Runtime Environment"/>
    <property name="file.encoding" value="UTF-8"/>
    <property name="java.vm.name" value="OpenJDK 64-Bit Server VM"/>
    <property name="test.build.webapps" value=""/>
    <property name="localRepository" value="/home/runner/.m2/repository"/>
    <property name="jetty.git.hash" value="b45c405e4544384de066f814ed42ae3dceacdd49"/>
    <property name="java.vendor.url.bug" value="https://github.com/adoptium/adoptium-support/issues"/>
    <property name="java.io.tmpdir" value="/tmp"/>
    <property name="require.test.libhadoop" value=""/>
    <property name="java.version" value="1.8.0_362"/>
    <property name="user.dir" value="/home/runner/work/ozone/ozone/hadoop-ozone/integration-test"/>
    <property name="os.arch" value="amd64"/>
    <property name="java.vm.specification.name" value="Java Virtual Machine Specification"/>
    <property name="test.build.classes" value="/home/runner/work/ozone/ozone/hadoop-ozone/integration-test/target/test-classes"/>
    <property name="java.awt.printerjob" value="sun.print.PSPrinterJob"/>
    <property name="sun.os.patch.level" value="unknown"/>
    <property name="org.apache.ratis.thirdparty.io.netty.allocator.useCacheForAllThreads" value="false"/>
    <property name="hadoop.tmp.dir" value="/home/runner/work/ozone/ozone/hadoop-ozone/integration-test/target/tmp"/>
    <property name="java.library.path" value="/usr/java/packages/lib/amd64:/usr/lib64:/lib64:/lib:/usr/lib"/>
    <property name="java.vm.info" value="mixed mode"/>
    <property name="java.vendor" value="Temurin"/>
    <property name="java.vm.version" value="25.362-b09"/>
    <property name="java.specification.maintenance.version" value="4"/>
    <property name="java.ext.dirs" value="/usr/lib/jvm/temurin-8-jdk-amd64/jre/lib/ext:/usr/java/packages/lib/ext"/>
    <property name="sun.io.unicode.encoding" value="UnicodeLittle"/>
    <property name="java.class.version" value="52.0"/>
  </properties>
  <testcase name="testOverwriteNonEmptyDirectory" classname="ITestOzoneContractCreate" time="1.559">
    <system-out><![CDATA[2023-05-30 05:50:38,387 [JUnit] WARN  server.ServerUtils (ServerUtils.java:getScmDbDir(155)) - ozone.scm.db.dirs is not configured. We recommend adding this setting. Falling back to ozone.metadata.dirs instead.
2023-05-30 05:50:38,631 [JUnit] INFO  reflections.Reflections (Reflections.java:scan(232)) - Reflections took 178 ms to scan 7 urls, producing 157 keys and 369 values 
2023-05-30 05:50:38,840 [JUnit] WARN  server.ServerUtils (ServerUtils.java:getScmDbDir(155)) - ozone.scm.db.dirs is not configured. We recommend adding this setting. Falling back to ozone.metadata.dirs instead.
2023-05-30 05:50:38,843 [JUnit] INFO  ha.SCMHANodeDetails (SCMHANodeDetails.java:loadSCMHAConfig(209)) - ServiceID for StorageContainerManager is null
2023-05-30 05:50:38,849 [JUnit] WARN  ha.SCMHANodeDetails (SCMHANodeDetails.java:validateSCMHAConfig(182)) - Invalid config ozone.scm.ratis.enable. The config was not specified, but the default value true conflicts with the expected config value false. Falling back to the expected value. Current State of SCM: SCM is running in Non-HA without Ratis Ratis SCM -> Non Ratis SCM or Non HA SCM -> HA SCM is not supported
2023-05-30 05:50:38,850 [JUnit] INFO  ha.SCMHANodeDetails (SCMHANodeDetails.java:loadSCMHAConfig(214)) - ozone.scm.default.service.id is not defined, falling back to ozone.scm.service.ids to find serviceID for StorageContainerManager if it is HA enabled cluster
2023-05-30 05:50:39,652 [JUnit] WARN  utils.HAUtils (HAUtils.java:getMetaDir(350)) - ozone.scm.db.dirs is not configured. We recommend adding this setting. Falling back to ozone.metadata.dirs instead.
2023-05-30 05:50:39,809 [JUnit] WARN  db.DBStoreBuilder (DBStoreBuilder.java:applyDBDefinition(165)) - ozone.scm.db.dirs is not configured. We recommend adding this setting. Falling back to ozone.metadata.dirs instead.
2023-05-30 05:50:40,072 [JUnit] INFO  net.NodeSchemaLoader (NodeSchemaLoader.java:loadSchemaFromFile(129)) - Loading schema from [jar:file:/home/runner/.m2/repository/org/apache/ozone/hdds-common/1.4.0-SNAPSHOT/hdds-common-1.4.0-SNAPSHOT.jar!/network-topology-default.xml]
2023-05-30 05:50:40,074 [JUnit] INFO  net.NodeSchemaLoader (NodeSchemaLoader.java:loadSchema(176)) - Loading network topology layer schema file
2023-05-30 05:50:40,128 [JUnit] INFO  metrics.MetricRegistries (MetricRegistriesLoader.java:load(64)) - Loaded MetricRegistries class org.apache.ratis.metrics.impl.MetricRegistriesImpl
2023-05-30 05:50:40,146 [JUnit] INFO  upgrade.AbstractLayoutVersionManager (AbstractLayoutVersionManager.java:init(83)) - Initializing Layout version manager with metadata layout = HADOOP_PRC_PORTS_IN_DATANODEDETAILS (version = 7), software layout = HADOOP_PRC_PORTS_IN_DATANODEDETAILS (version = 7)
2023-05-30 05:50:40,348 [JUnit] INFO  ha.SequenceIdGenerator (SequenceIdGenerator.java:upgradeToSequenceId(349)) - upgrade localId to 111677748019200000
2023-05-30 05:50:40,349 [JUnit] INFO  ha.SequenceIdGenerator (SequenceIdGenerator.java:upgradeToSequenceId(359)) - upgrade delTxnId to 0
2023-05-30 05:50:40,353 [JUnit] INFO  ha.SequenceIdGenerator (SequenceIdGenerator.java:upgradeToSequenceId(376)) - upgrade containerId to 0
2023-05-30 05:50:40,356 [JUnit] INFO  ha.SequenceIdGenerator (SequenceIdGenerator.java:<init>(220)) - Init the HA SequenceIdGenerator.
2023-05-30 05:50:40,437 [JUnit] WARN  server.ServerUtils (ServerUtils.java:sanitizeUserArgs(80)) - ozone.scm.stale.node.interval value = 300000 is larger than max = 100000 based on the key value of ozone.scm.heartbeat.thread.interval, reset to the max value 100000.
2023-05-30 05:50:40,437 [JUnit] WARN  server.ServerUtils (ServerUtils.java:sanitizeUserArgs(80)) - ozone.scm.stale.node.interval value = 300000 is larger than max = 100000 based on the key value of ozone.scm.heartbeat.thread.interval, reset to the max value 100000.
2023-05-30 05:50:40,445 [JUnit] INFO  node.SCMNodeManager (SCMNodeManager.java:<init>(159)) - Entering startup safe mode.
2023-05-30 05:50:40,464 [JUnit] INFO  algorithms.ContainerPlacementPolicyFactory (ContainerPlacementPolicyFactory.java:getPolicyInternal(86)) - Create container placement policy of type org.apache.hadoop.hdds.scm.container.placement.algorithms.SCMContainerPlacementRackAware
2023-05-30 05:50:40,468 [JUnit] INFO  algorithms.ContainerPlacementPolicyFactory (ContainerPlacementPolicyFactory.java:getPolicyInternal(86)) - Create container placement policy of type org.apache.hadoop.hdds.scm.container.placement.algorithms.SCMContainerPlacementRackScatter
2023-05-30 05:50:40,478 [JUnit] INFO  pipeline.PipelineStateManagerImpl (PipelineStateManagerImpl.java:initialize(78)) - No pipeline exists in current db
2023-05-30 05:50:40,494 [JUnit] INFO  algorithms.LeaderChoosePolicyFactory (LeaderChoosePolicyFactory.java:getPolicy(57)) - Create leader choose policy of type org.apache.hadoop.hdds.scm.pipeline.leader.choose.algorithms.MinLeaderCountChoosePolicy
2023-05-30 05:50:40,495 [JUnit] INFO  algorithms.ContainerPlacementPolicyFactory (ContainerPlacementPolicyFactory.java:getPolicyInternal(86)) - Create container placement policy of type org.apache.hadoop.hdds.scm.container.placement.algorithms.SCMContainerPlacementRackScatter
2023-05-30 05:50:40,500 [JUnit] INFO  ha.SCMServiceManager (SCMServiceManager.java:register(42)) - Registering service BackgroundPipelineCreator.
2023-05-30 05:50:40,501 [JUnit] INFO  pipeline.BackgroundPipelineCreator (BackgroundPipelineCreator.java:start(124)) - Starting RatisPipelineUtilsThread.
2023-05-30 05:50:40,504 [JUnit] INFO  BackgroundPipelineScrubber (BackgroundSCMService.java:start(68)) - Starting BackgroundPipelineScrubber Service.
2023-05-30 05:50:40,505 [JUnit] INFO  ha.SCMServiceManager (SCMServiceManager.java:register(42)) - Registering service BackgroundPipelineScrubber.
2023-05-30 05:50:40,512 [JUnit] INFO  ExpiredContainerReplicaOpScrubber (BackgroundSCMService.java:start(68)) - Starting ExpiredContainerReplicaOpScrubber Service.
2023-05-30 05:50:40,512 [JUnit] INFO  ha.SCMServiceManager (SCMServiceManager.java:register(42)) - Registering service ExpiredContainerReplicaOpScrubber.
2023-05-30 05:50:40,549 [JUnit] INFO  algorithms.PipelineChoosePolicyFactory (PipelineChoosePolicyFactory.java:createPipelineChoosePolicyFromClass(73)) - Create pipeline choose policy of type org.apache.hadoop.hdds.scm.pipeline.choose.algorithms.RandomPipelineChoosePolicy
2023-05-30 05:50:40,568 [JUnit] INFO  ha.SCMServiceManager (SCMServiceManager.java:register(42)) - Registering service SCMBlockDeletingService.
2023-05-30 05:50:40,626 [JUnit] INFO  replication.ReplicationManager (ReplicationManager.java:start(300)) - Starting Replication Monitor Thread.
2023-05-30 05:50:40,634 [JUnit] INFO  ha.SCMServiceManager (SCMServiceManager.java:register(42)) - Registering service ReplicationManager.
2023-05-30 05:50:40,636 [ReplicationMonitor] INFO  replication.ReplicationManager (ReplicationManager.java:processAll(375)) - Replication Manager is not ready to run until 3000ms after safemode exit
2023-05-30 05:50:40,647 [JUnit] INFO  safemode.ContainerSafeModeRule (ContainerSafeModeRule.java:<init>(89)) - containers with one replica threshold count 0
2023-05-30 05:50:40,656 [JUnit] INFO  safemode.HealthyPipelineSafeModeRule (HealthyPipelineSafeModeRule.java:initializeRule(169)) - Total pipeline count is 0, healthy pipeline threshold count is 1
2023-05-30 05:50:40,658 [JUnit] INFO  safemode.OneReplicaPipelineSafeModeRule (OneReplicaPipelineSafeModeRule.java:initializeRule(180)) - Total pipeline count is 0, pipeline's with at least one datanode reported threshold count is 0
2023-05-30 05:50:40,711 [JUnit] INFO  server.StorageContainerManager (StorageContainerManager.java:<init>(403)) - SCM start with adminUsers: [runner]
2023-05-30 05:50:41,126 [JUnit] INFO  audit.AuditLogger (AuditLogger.java:refreshDebugCmdSet(126)) - Refresh DebugCmdSet for SCMAudit to [].
2023-05-30 05:50:41,160 [JUnit] INFO  ipc.CallQueueManager (CallQueueManager.java:<init>(90)) - Using callQueue: class java.util.concurrent.LinkedBlockingQueue, queueCapacity: 2000, scheduler: class org.apache.hadoop.ipc.DefaultRpcScheduler, ipcBackoff: false.
2023-05-30 05:50:41,208 [Socket Reader #1 for port 15002] INFO  ipc.Server (Server.java:run(1319)) - Starting Socket Reader #1 for port 15002
2023-05-30 05:50:41,276 [Listener at 0.0.0.0/15002] INFO  audit.AuditLogger (AuditLogger.java:refreshDebugCmdSet(126)) - Refresh DebugCmdSet for SCMAudit to [].
2023-05-30 05:50:41,281 [Listener at 0.0.0.0/15002] INFO  ipc.CallQueueManager (CallQueueManager.java:<init>(90)) - Using callQueue: class java.util.concurrent.LinkedBlockingQueue, queueCapacity: 2000, scheduler: class org.apache.hadoop.ipc.DefaultRpcScheduler, ipcBackoff: false.
2023-05-30 05:50:41,282 [Socket Reader #1 for port 15001] INFO  ipc.Server (Server.java:run(1319)) - Starting Socket Reader #1 for port 15001
2023-05-30 05:50:41,320 [Listener at 0.0.0.0/15001] INFO  audit.AuditLogger (AuditLogger.java:refreshDebugCmdSet(126)) - Refresh DebugCmdSet for SCMAudit to [].
2023-05-30 05:50:41,333 [Listener at 0.0.0.0/15001] INFO  ipc.CallQueueManager (CallQueueManager.java:<init>(90)) - Using callQueue: class java.util.concurrent.LinkedBlockingQueue, queueCapacity: 2000, scheduler: class org.apache.hadoop.ipc.DefaultRpcScheduler, ipcBackoff: false.
2023-05-30 05:50:41,334 [Socket Reader #1 for port 15000] INFO  ipc.Server (Server.java:run(1319)) - Starting Socket Reader #1 for port 15000
2023-05-30 05:50:41,395 [Listener at 0.0.0.0/15000] INFO  ha.SCMServiceManager (SCMServiceManager.java:register(42)) - Registering service ContainerBalancer.
2023-05-30 05:50:41,396 [Listener at 0.0.0.0/15000] INFO  server.StorageContainerManager (StorageContainerManager.java:<init>(420)) - 
Container Balancer status:
Key                            Value
Running                        false
Container Balancer Configuration values:
Key                                                Value
Threshold                                          10
Max Datanodes to Involve per Iteration(percent)    20
Max Size to Move per Iteration                     500GB
Max Size Entering Target per Iteration             26GB
Max Size Leaving Source per Iteration              26GB

2023-05-30 05:50:41,398 [Listener at 0.0.0.0/15000] INFO  ha.SCMContext (SCMContext.java:updateSafeModeStatus(228)) - Update SafeModeStatus from SafeModeStatus{safeModeStatus=true, preCheckPassed=false} to SafeModeStatus{safeModeStatus=true, preCheckPassed=false}.
2023-05-30 05:50:41,404 [Listener at 0.0.0.0/15000] INFO  server.StorageContainerManager (StorageContainerManager.java:start(1477)) - StorageContainerLocationProtocol RPC server is listening at /0.0.0.0:15000
2023-05-30 05:50:41,483 [Listener at 0.0.0.0/15000] WARN  impl.MetricsConfig (MetricsConfig.java:loadFirst(136)) - Cannot locate configuration: tried hadoop-metrics2-storagecontainermanager.properties,hadoop-metrics2.properties
2023-05-30 05:50:41,497 [Listener at 0.0.0.0/15000] INFO  impl.MetricsSystemImpl (MetricsSystemImpl.java:startTimer(378)) - Scheduled Metric snapshot period at 10 second(s).
2023-05-30 05:50:41,497 [Listener at 0.0.0.0/15000] INFO  impl.MetricsSystemImpl (MetricsSystemImpl.java:start(191)) - StorageContainerManager metrics system started
2023-05-30 05:50:41,815 [Listener at 0.0.0.0/15000] INFO  server.SCMClientProtocolServer (SCMClientProtocolServer.java:start(199)) - RPC server for Client  is listening at /0.0.0.0:15000
2023-05-30 05:50:41,818 [IPC Server Responder] INFO  ipc.Server (Server.java:run(1558)) - IPC Server Responder: starting
2023-05-30 05:50:41,828 [IPC Server listener on 15000] INFO  ipc.Server (Server.java:run(1398)) - IPC Server listener on 15000: starting
2023-05-30 05:50:41,844 [Listener at 0.0.0.0/15000] INFO  server.StorageContainerManager (StorageContainerManager.java:start(1491)) - ScmBlockLocationProtocol RPC server is listening at /0.0.0.0:15001
2023-05-30 05:50:41,845 [Listener at 0.0.0.0/15000] INFO  server.SCMBlockProtocolServer (SCMBlockProtocolServer.java:start(152)) - RPC server for Block Protocol is listening at /0.0.0.0:15001
2023-05-30 05:50:41,846 [IPC Server Responder] INFO  ipc.Server (Server.java:run(1558)) - IPC Server Responder: starting
2023-05-30 05:50:41,847 [IPC Server listener on 15001] INFO  ipc.Server (Server.java:run(1398)) - IPC Server listener on 15001: starting
2023-05-30 05:50:41,853 [Listener at 0.0.0.0/15000] INFO  server.SCMDatanodeProtocolServer (SCMDatanodeProtocolServer.java:start(193)) - ScmDatanodeProtocol RPC server for DataNodes is listening at /0.0.0.0:15002
2023-05-30 05:50:41,879 [IPC Server listener on 15002] INFO  ipc.Server (Server.java:run(1398)) - IPC Server listener on 15002: starting
2023-05-30 05:50:41,879 [IPC Server Responder] INFO  ipc.Server (Server.java:run(1558)) - IPC Server Responder: starting
2023-05-30 05:50:41,906 [org.apache.hadoop.util.JvmPauseMonitor$Monitor@3cdc5155] INFO  util.JvmPauseMonitor (JvmPauseMonitor.java:run(188)) - Starting JVM pause monitor
2023-05-30 05:50:41,916 [Listener at 0.0.0.0/15000] INFO  http.BaseHttpServer (BaseHttpServer.java:newHttpServer2BuilderForOzone(224)) - Starting Web-server for scm at: http://0.0.0.0:15003
2023-05-30 05:50:41,916 [Listener at 0.0.0.0/15000] INFO  http.BaseHttpServer (BaseHttpServer.java:<init>(111)) - Hadoop Security Enabled: false Ozone Security Enabled: false Ozone HTTP Security Enabled: false 
2023-05-30 05:50:41,943 [Listener at 0.0.0.0/15000] INFO  util.log (Log.java:initialized(170)) - Logging initialized @5183ms to org.eclipse.jetty.util.log.Slf4jLog
2023-05-30 05:50:42,068 [Listener at 0.0.0.0/15000] WARN  server.AuthenticationFilter (AuthenticationFilter.java:constructSecretProvider(240)) - Unable to initialize FileSignerSecretProvider, falling back to use random secrets. Reason: Could not read signature secret file: /home/runner/hadoop-http-auth-signature-secret
2023-05-30 05:50:42,074 [Listener at 0.0.0.0/15000] INFO  http.HttpRequestLog (HttpRequestLog.java:getRequestLog(86)) - Http request log for http.requests.scm is not defined
2023-05-30 05:50:42,082 [Listener at 0.0.0.0/15000] INFO  http.HttpServer2 (HttpServer2.java:addGlobalFilter(1031)) - Added global filter 'safety' (class=org.apache.hadoop.hdds.server.http.HttpServer2$QuotingInputFilter)
2023-05-30 05:50:42,085 [Listener at 0.0.0.0/15000] INFO  http.HttpServer2 (HttpServer2.java:addFilter(1007)) - Added filter static_user_filter (class=org.apache.hadoop.http.lib.StaticUserWebFilter$StaticUserFilter) to context scm
2023-05-30 05:50:42,086 [Listener at 0.0.0.0/15000] INFO  http.HttpServer2 (HttpServer2.java:addFilter(1015)) - Added filter static_user_filter (class=org.apache.hadoop.http.lib.StaticUserWebFilter$StaticUserFilter) to context logs
2023-05-30 05:50:42,086 [Listener at 0.0.0.0/15000] INFO  http.HttpServer2 (HttpServer2.java:addFilter(1015)) - Added filter static_user_filter (class=org.apache.hadoop.http.lib.StaticUserWebFilter$StaticUserFilter) to context static
2023-05-30 05:50:42,132 [Listener at 0.0.0.0/15000] INFO  http.BaseHttpServer (BaseHttpServer.java:<init>(190)) - HTTP server of scm uses base directory /home/runner/work/ozone/ozone/hadoop-ozone/integration-test/target/test-dir/MiniOzoneClusterImpl-14387da3-0fdf-4878-9e7f-f07e3baca9b9/ozone-meta/webserver
2023-05-30 05:50:42,133 [Listener at 0.0.0.0/15000] INFO  http.HttpServer2 (HttpServer2.java:bindListener(1250)) - Jetty bound to port 15003
2023-05-30 05:50:42,134 [Listener at 0.0.0.0/15000] INFO  server.Server (Server.java:doStart(375)) - jetty-9.4.51.v20230217; built: 2023-02-17T08:19:37.309Z; git: b45c405e4544384de066f814ed42ae3dceacdd49; jvm 1.8.0_362-b09
2023-05-30 05:50:42,168 [Listener at 0.0.0.0/15000] INFO  server.session (DefaultSessionIdManager.java:doStart(334)) - DefaultSessionIdManager workerName=node0
2023-05-30 05:50:42,169 [Listener at 0.0.0.0/15000] INFO  server.session (DefaultSessionIdManager.java:doStart(339)) - No SessionScavenger set, using defaults
2023-05-30 05:50:42,170 [Listener at 0.0.0.0/15000] INFO  server.session (HouseKeeper.java:startScavenging(132)) - node0 Scavenging every 600000ms
2023-05-30 05:50:42,183 [Listener at 0.0.0.0/15000] INFO  handler.ContextHandler (ContextHandler.java:doStart(921)) - Started o.e.j.s.ServletContextHandler@2e17a9e6{logs,/logs,file:///home/runner/work/ozone/ozone/hadoop-ozone/integration-test/target/log,AVAILABLE}
2023-05-30 05:50:42,184 [Listener at 0.0.0.0/15000] INFO  handler.ContextHandler (ContextHandler.java:doStart(921)) - Started o.e.j.s.ServletContextHandler@52f71d2{static,/static,file:///home/runner/work/ozone/ozone/hadoop-ozone/integration-test/target/test-classes/webapps/static,AVAILABLE}
2023-05-30 05:50:42,232 [Listener at 0.0.0.0/15000] INFO  handler.ContextHandler (ContextHandler.java:doStart(921)) - Started o.e.j.w.WebAppContext@5dfb078{scm,/,file:///home/runner/work/ozone/ozone/hadoop-ozone/integration-test/target/test-classes/webapps/scm/,AVAILABLE}{file:/home/runner/work/ozone/ozone/hadoop-ozone/integration-test/target/test-classes/webapps/scm}
2023-05-30 05:50:42,243 [Listener at 0.0.0.0/15000] INFO  server.AbstractConnector (AbstractConnector.java:doStart(333)) - Started ServerConnector@7ec729be{HTTP/1.1, (http/1.1)}{0.0.0.0:15003}
2023-05-30 05:50:42,243 [Listener at 0.0.0.0/15000] INFO  server.Server (Server.java:doStart(415)) - Started @5483ms
2023-05-30 05:50:42,247 [Listener at 0.0.0.0/15000] INFO  impl.MetricsSinkAdapter (MetricsSinkAdapter.java:start(204)) - Sink prometheus started
2023-05-30 05:50:42,247 [Listener at 0.0.0.0/15000] INFO  impl.MetricsSystemImpl (MetricsSystemImpl.java:registerSink(305)) - Registered sink prometheus
2023-05-30 05:50:42,249 [Listener at 0.0.0.0/15000] INFO  http.BaseHttpServer (BaseHttpServer.java:updateConnectorAddress(344)) - HTTP server of scm listening at http://0.0.0.0:15003
2023-05-30 05:50:42,252 [Listener at 0.0.0.0/15000] WARN  server.ServerUtils (ServerUtils.java:getDBPath(311)) - ozone.om.db.dirs is not configured. We recommend adding this setting. Falling back to ozone.metadata.dirs instead.
2023-05-30 05:50:42,320 [Listener at 0.0.0.0/15000] INFO  audit.AuditLogger (AuditLogger.java:refreshDebugCmdSet(126)) - Refresh DebugCmdSet for OMAudit to [].
2023-05-30 05:50:42,410 [Listener at 0.0.0.0/15000] INFO  ha.OMHANodeDetails (OMHANodeDetails.java:loadOMHAConfig(115)) - ozone.om.internal.service.id is not defined, falling back to ozone.om.service.ids to find serviceID for OzoneManager if it is HA enabled cluster
2023-05-30 05:50:42,413 [Listener at 0.0.0.0/15000] INFO  ha.OMHANodeDetails (OMHANodeDetails.java:loadOMHAConfig(226)) - Configuration does not have ozone.om.address set. Falling back to the default OM address /127.0.0.1:15004
2023-05-30 05:50:42,414 [Listener at 0.0.0.0/15000] INFO  ha.OMHANodeDetails (OMHANodeDetails.java:getOMNodeDetailsForNonHA(254)) - OM Service ID is not set. Setting it to the default ID: omServiceIdDefault
2023-05-30 05:50:42,414 [Listener at 0.0.0.0/15000] INFO  ha.OMHANodeDetails (OMHANodeDetails.java:getOMNodeDetailsForNonHA(261)) - OM Node ID is not set. Setting it to the default ID: om1
2023-05-30 05:50:42,418 [Listener at 0.0.0.0/15000] WARN  server.ServerUtils (ServerUtils.java:getDBPath(311)) - ozone.om.db.dirs is not configured. We recommend adding this setting. Falling back to ozone.metadata.dirs instead.
2023-05-30 05:50:42,422 [Listener at 0.0.0.0/15000] INFO  upgrade.AbstractLayoutVersionManager (AbstractLayoutVersionManager.java:init(83)) - Initializing Layout version manager with metadata layout = HSYNC (version = 4), software layout = HSYNC (version = 4)
2023-05-30 05:50:42,528 [Listener at 0.0.0.0/15000] INFO  reflections.Reflections (Reflections.java:scan(232)) - Reflections took 103 ms to scan 2 urls, producing 174 keys and 483 values [using 2 cores]
2023-05-30 05:50:42,533 [Listener at 0.0.0.0/15000] INFO  upgrade.OMLayoutVersionManager (OMLayoutVersionManager.java:lambda$0(115)) - Skipping Upgrade Action MockOmUpgradeAction since it has been finalized.
2023-05-30 05:50:42,543 [Listener at 0.0.0.0/15000] WARN  server.ServerUtils (ServerUtils.java:getDBPath(311)) - ozone.om.db.dirs is not configured. We recommend adding this setting. Falling back to ozone.metadata.dirs instead.
2023-05-30 05:50:42,760 [Listener at 0.0.0.0/15000] INFO  proxy.SCMBlockLocationFailoverProxyProvider (SCMBlockLocationFailoverProxyProvider.java:<init>(114)) - Created block location fail-over proxy with 1 nodes: [nodeId=scmNodeId,nodeAddress=/0.0.0.0:15001]
2023-05-30 05:50:42,799 [Listener at 0.0.0.0/15000] INFO  proxy.SCMBlockLocationFailoverProxyProvider (SCMBlockLocationFailoverProxyProvider.java:<init>(114)) - Created block location fail-over proxy with 1 nodes: [nodeId=scmNodeId,nodeAddress=/0.0.0.0:15001]
2023-05-30 05:50:43,053 [Listener at 0.0.0.0/15000] INFO  om.OzoneManager (OzoneManager.java:<init>(648)) - OM start with adminUsers: [runner]
2023-05-30 05:50:43,067 [Listener at 0.0.0.0/15000] WARN  server.ServerUtils (ServerUtils.java:getDBPath(311)) - ozone.om.db.dirs is not configured. We recommend adding this setting. Falling back to ozone.metadata.dirs instead.
2023-05-30 05:50:43,102 [Listener at 0.0.0.0/15000] INFO  helpers.OmKeyInfo (OmKeyInfo.java:getCodec(71)) - OmKeyInfo.getCodec ignorePipeline = true
2023-05-30 05:50:43,451 [Listener at 0.0.0.0/15000] INFO  om.OzoneManager (OzoneManager.java:instantiateServices(789)) - S3 Multi-Tenancy is disabled
2023-05-30 05:50:43,492 [Listener at 0.0.0.0/15000] INFO  om.OmSnapshotManager (OmSnapshotManager.java:<init>(170)) - Ozone filesystem snapshot feature is enabled.
2023-05-30 05:50:43,502 [Listener at 0.0.0.0/15000] WARN  server.ServerUtils (ServerUtils.java:getDBPath(311)) - ozone.om.snapshot.diff.db.dir is not configured. We recommend adding this setting. Falling back to ozone.metadata.dirs instead.
2023-05-30 05:50:43,547 [Listener at 0.0.0.0/15000] INFO  utils.NativeLibraryLoader (NativeLibraryLoader.java:loadLibrary(103)) - Loading Library: ozone_rocksdb_tools
2023-05-30 05:50:43,629 [Listener at 0.0.0.0/15000] INFO  om.OzoneManager (OzoneManager.java:addS3GVolumeToDB(4328)) - Created Volume s3v With Owner runner required for S3Gateway operations.
2023-05-30 05:50:43,725 [Listener at 0.0.0.0/15000] WARN  server.ServerUtils (ServerUtils.java:getDefaultRatisDirectory(323)) - Storage directory for Ratis is not configured. It is a good idea to map this to an SSD disk. Falling back to ozone.metadata.dirs
2023-05-30 05:50:43,728 [Listener at 0.0.0.0/15000] WARN  utils.OzoneManagerRatisUtils (OzoneManagerRatisUtils.java:getOMRatisSnapshotDirectory(456)) - ozone.om.ratis.snapshot.dir is not configured. Falling back to ozone.metadata.dirs config
2023-05-30 05:50:43,751 [Listener at 0.0.0.0/15000] WARN  server.ServerUtils (ServerUtils.java:getDefaultRatisDirectory(323)) - Storage directory for Ratis is not configured. It is a good idea to map this to an SSD disk. Falling back to ozone.metadata.dirs
2023-05-30 05:50:43,798 [Listener at 0.0.0.0/15000] INFO  ratis.OzoneManagerRatisServer (OzoneManagerRatisServer.java:<init>(163)) - Instantiating OM Ratis server with groupID: omServiceIdDefault and peers: localhost:15007
2023-05-30 05:50:43,813 [Listener at 0.0.0.0/15000] INFO  ratis.OzoneManagerStateMachine (OzoneManagerStateMachine.java:loadSnapshotInfoFromDB(670)) - LastAppliedIndex is set from TransactionInfo from OM DB as (t:0, i:~)
2023-05-30 05:50:43,879 [Listener at 0.0.0.0/15000] INFO  server.RaftServer (ConfUtils.java:logGet(46)) - raft.rpc.type = GRPC (default)
2023-05-30 05:50:43,890 [Listener at 0.0.0.0/15000] INFO  grpc.GrpcConfigKeys (ConfUtils.java:logFallback(53)) - raft.grpc.admin.host = null (fallback to raft.grpc.server.host)
2023-05-30 05:50:43,891 [Listener at 0.0.0.0/15000] INFO  grpc.GrpcConfigKeys (ConfUtils.java:logFallback(53)) - raft.grpc.admin.port = 15007 (fallback to raft.grpc.server.port)
2023-05-30 05:50:43,892 [Listener at 0.0.0.0/15000] INFO  grpc.GrpcConfigKeys (ConfUtils.java:logFallback(53)) - raft.grpc.client.host = null (fallback to raft.grpc.server.host)
2023-05-30 05:50:43,893 [Listener at 0.0.0.0/15000] INFO  grpc.GrpcConfigKeys (ConfUtils.java:logFallback(53)) - raft.grpc.client.port = 15007 (fallback to raft.grpc.server.port)
2023-05-30 05:50:43,894 [Listener at 0.0.0.0/15000] INFO  grpc.GrpcConfigKeys (ConfUtils.java:logGet(46)) - raft.grpc.server.host = null (default)
2023-05-30 05:50:43,894 [Listener at 0.0.0.0/15000] INFO  grpc.GrpcConfigKeys (ConfUtils.java:logGet(46)) - raft.grpc.server.port = 15007 (custom)
2023-05-30 05:50:43,895 [Listener at 0.0.0.0/15000] INFO  server.GrpcService (ConfUtils.java:logGet(46)) - raft.grpc.message.size.max = 33554432 (custom)
2023-05-30 05:50:43,897 [Listener at 0.0.0.0/15000] INFO  server.RaftServerConfigKeys (ConfUtils.java:logGet(46)) - raft.server.log.appender.buffer.byte-limit = 33554432 (custom)
2023-05-30 05:50:43,898 [Listener at 0.0.0.0/15000] INFO  server.GrpcService (ConfUtils.java:logGet(46)) - raft.grpc.flow.control.window = 1MB (=1048576) (default)
2023-05-30 05:50:43,899 [Listener at 0.0.0.0/15000] INFO  server.RaftServerConfigKeys (ConfUtils.java:logGet(46)) - raft.server.rpc.request.timeout = 3000ms (default)
2023-05-30 05:50:43,912 [Listener at 0.0.0.0/15000] INFO  grpc.GrpcConfigKeys (ConfUtils.java:logGet(46)) - raft.grpc.server.heartbeat.channel = true (default)
2023-05-30 05:50:43,917 [Listener at 0.0.0.0/15000] INFO  grpc.GrpcConfigKeys (ConfUtils.java:logGet(46)) - raft.grpc.server.async.request.thread.pool.cached = true (default)
2023-05-30 05:50:43,919 [Listener at 0.0.0.0/15000] INFO  grpc.GrpcConfigKeys (ConfUtils.java:logGet(46)) - raft.grpc.server.async.request.thread.pool.size = 32 (default)
2023-05-30 05:50:44,162 [Listener at 0.0.0.0/15000] INFO  impl.DataStreamServerImpl (ConfUtils.java:logGet(46)) - raft.datastream.type = DISABLED (default)
2023-05-30 05:50:44,165 [Listener at 0.0.0.0/15000] INFO  server.RaftServerConfigKeys (ConfUtils.java:logGet(46)) - raft.server.threadpool.proxy.cached = true (default)
2023-05-30 05:50:44,166 [Listener at 0.0.0.0/15000] INFO  server.RaftServerConfigKeys (ConfUtils.java:logGet(46)) - raft.server.threadpool.proxy.size = 0 (default)
2023-05-30 05:50:44,166 [Listener at 0.0.0.0/15000] INFO  server.RaftServerConfigKeys (ConfUtils.java:logGet(46)) - raft.server.rpc.slowness.timeout = 120s (custom)
2023-05-30 05:50:44,166 [Listener at 0.0.0.0/15000] INFO  server.RaftServerConfigKeys (ConfUtils.java:logGet(46)) - raft.server.leaderelection.leader.step-down.wait-time = 10s (default)
2023-05-30 05:50:44,172 [Listener at 0.0.0.0/15000] INFO  server.RaftServerConfigKeys (ConfUtils.java:logGet(46)) - raft.server.storage.dir = [/home/runner/work/ozone/ozone/hadoop-ozone/integration-test/target/test-dir/MiniOzoneClusterImpl-14387da3-0fdf-4878-9e7f-f07e3baca9b9/ozone-meta/ratis] (custom)
2023-05-30 05:50:44,185 [Listener at 0.0.0.0/15000] INFO  server.RaftServer (RaftServerProxy.java:addNew(98)) - om1: addNew group-C5BA1605619E:[om1|rpc:localhost:15007|priority:0|startupRole:FOLLOWER] returns group-C5BA1605619E:java.util.concurrent.CompletableFuture@7e3f7bde[Not completed]
2023-05-30 05:50:44,186 [Listener at 0.0.0.0/15000] INFO  om.OzoneManager (OzoneManager.java:initializeRatisServer(2153)) - OzoneManager Ratis server initialized at port 15007
2023-05-30 05:50:44,189 [Listener at 0.0.0.0/15000] INFO  om.OzoneManager (OzoneManager.java:getRpcServer(1200)) - Creating RPC Server
2023-05-30 05:50:44,224 [om1-groupManagement] INFO  server.RaftServer$Division (RaftServerImpl.java:<init>(198)) - om1: new RaftServerImpl for group-C5BA1605619E:[om1|rpc:localhost:15007|priority:0|startupRole:FOLLOWER] with OzoneManagerStateMachine:uninitialized
2023-05-30 05:50:44,226 [om1-groupManagement] INFO  server.RaftServerConfigKeys (ConfUtils.java:logGet(46)) - raft.server.rpc.timeout.min = 1s (custom)
2023-05-30 05:50:44,227 [om1-groupManagement] INFO  server.RaftServerConfigKeys (ConfUtils.java:logGet(46)) - raft.server.rpc.timeout.max = 1200ms (custom)
2023-05-30 05:50:44,227 [om1-groupManagement] INFO  server.RaftServerConfigKeys (ConfUtils.java:logGet(46)) - raft.server.rpc.sleep.time = 25ms (default)
2023-05-30 05:50:44,230 [om1-groupManagement] INFO  server.RaftServerConfigKeys (ConfUtils.java:logGet(46)) - raft.server.rpc.slowness.timeout = 120s (custom)
2023-05-30 05:50:44,230 [om1-groupManagement] INFO  server.RaftServerConfigKeys (ConfUtils.java:logGet(46)) - raft.server.leaderelection.leader.step-down.wait-time = 10s (default)
2023-05-30 05:50:44,230 [om1-groupManagement] INFO  server.RaftServerConfigKeys (ConfUtils.java:logGet(46)) - raft.server.sleep.deviation.threshold = 300ms (default)
2023-05-30 05:50:44,241 [om1-groupManagement] INFO  server.RaftServer$Division (ServerState.java:<init>(120)) - om1@group-C5BA1605619E: ConfigurationManager, init=-1: peers:[om1|rpc:localhost:15007|priority:0|startupRole:FOLLOWER]|listeners:[], old=null, confs=<EMPTY_MAP>
2023-05-30 05:50:44,241 [om1-groupManagement] INFO  server.RaftServerConfigKeys (ConfUtils.java:logGet(46)) - raft.server.storage.dir = [/home/runner/work/ozone/ozone/hadoop-ozone/integration-test/target/test-dir/MiniOzoneClusterImpl-14387da3-0fdf-4878-9e7f-f07e3baca9b9/ozone-meta/ratis] (custom)
2023-05-30 05:50:44,251 [om1-groupManagement] INFO  server.RaftServerConfigKeys (ConfUtils.java:logGet(46)) - raft.server.log.corruption.policy = EXCEPTION (default)
2023-05-30 05:50:44,251 [om1-groupManagement] INFO  server.RaftServerConfigKeys (ConfUtils.java:logGet(46)) - raft.server.storage.free-space.min = 0MB (=0) (default)
2023-05-30 05:50:44,264 [om1-groupManagement] INFO  server.RaftServerConfigKeys (ConfUtils.java:logGet(46)) - raft.server.notification.no-leader.timeout = 120s (custom)
2023-05-30 05:50:44,268 [om1-groupManagement] INFO  server.RaftServerConfigKeys (ConfUtils.java:logGet(46)) - raft.server.read.timeout = 10s (default)
2023-05-30 05:50:44,276 [om1-groupManagement] INFO  server.RaftServerConfigKeys (ConfUtils.java:logGet(46)) - raft.server.retrycache.expirytime = 300s (custom)
2023-05-30 05:50:44,276 [om1-groupManagement] INFO  server.RaftServerConfigKeys (ConfUtils.java:logGet(46)) - raft.server.retrycache.statistics.expirytime = 100μs (default)
2023-05-30 05:50:44,510 [om1-groupManagement] INFO  server.RaftServerConfigKeys (ConfUtils.java:logGet(46)) - raft.server.read.option = DEFAULT (default)
2023-05-30 05:50:44,573 [om1-groupManagement] INFO  server.RaftServerConfigKeys (ConfUtils.java:logGet(46)) - raft.server.rpc.request.timeout = 3000ms (default)
2023-05-30 05:50:44,579 [om1-groupManagement] INFO  server.RaftServerConfigKeys (ConfUtils.java:logGet(46)) - raft.server.log.appender.install.snapshot.enabled = false (custom)
2023-05-30 05:50:44,582 [om1-groupManagement] INFO  server.RaftServerConfigKeys (ConfUtils.java:logGet(46)) - raft.server.threadpool.server.cached = true (default)
2023-05-30 05:50:44,582 [om1-groupManagement] INFO  server.RaftServerConfigKeys (ConfUtils.java:logGet(46)) - raft.server.threadpool.server.size = 0 (default)
2023-05-30 05:50:44,584 [om1-groupManagement] INFO  server.RaftServerConfigKeys (ConfUtils.java:logGet(46)) - raft.server.threadpool.client.cached = true (default)
2023-05-30 05:50:44,585 [om1-groupManagement] INFO  server.RaftServerConfigKeys (ConfUtils.java:logGet(46)) - raft.server.threadpool.client.size = 0 (default)
2023-05-30 05:50:45,119 [Listener at 0.0.0.0/15000] INFO  reflections.Reflections (Reflections.java:scan(232)) - Reflections took 835 ms to scan 19 urls, producing 69 keys and 5256 values [using 2 cores]
2023-05-30 05:50:45,320 [Listener at 0.0.0.0/15000] INFO  ipc.CallQueueManager (CallQueueManager.java:<init>(90)) - Using callQueue: class java.util.concurrent.LinkedBlockingQueue, queueCapacity: 2000, scheduler: class org.apache.hadoop.ipc.DefaultRpcScheduler, ipcBackoff: false.
2023-05-30 05:50:45,321 [Socket Reader #1 for port 15004] INFO  ipc.Server (Server.java:run(1319)) - Starting Socket Reader #1 for port 15004
2023-05-30 05:50:45,363 [Listener at 127.0.0.1/15004] INFO  impl.MetricsSystemImpl (MetricsSystemImpl.java:init(158)) - OzoneManager metrics system started (again)
2023-05-30 05:50:45,376 [Listener at 127.0.0.1/15004] INFO  om.OzoneManager (OzoneManager.java:start(1621)) - OzoneManager RPC server is listening at localhost/127.0.0.1:15004
2023-05-30 05:50:45,377 [Listener at 127.0.0.1/15004] INFO  ratis.OzoneManagerRatisServer (OzoneManagerRatisServer.java:start(558)) - Starting OzoneManagerRatisServer om1 at port 15007
2023-05-30 05:50:45,381 [om1-impl-thread1] INFO  storage.RaftStorageDirectory (RaftStorageDirectoryImpl.java:analyzeStorage(137)) - The storage directory /home/runner/work/ozone/ozone/hadoop-ozone/integration-test/target/test-dir/MiniOzoneClusterImpl-14387da3-0fdf-4878-9e7f-f07e3baca9b9/ozone-meta/ratis/bf265839-605b-3f16-9796-c5ba1605619e does not exist. Creating ...
2023-05-30 05:50:45,387 [om1-impl-thread1] INFO  storage.RaftStorageDirectory (RaftStorageDirectoryImpl.java:tryLock(231)) - Lock on /home/runner/work/ozone/ozone/hadoop-ozone/integration-test/target/test-dir/MiniOzoneClusterImpl-14387da3-0fdf-4878-9e7f-f07e3baca9b9/ozone-meta/ratis/bf265839-605b-3f16-9796-c5ba1605619e/in_use.lock acquired by nodename 89029@fv-az800-703
2023-05-30 05:50:45,393 [om1-impl-thread1] INFO  storage.RaftStorage (RaftStorageImpl.java:format(96)) - Storage directory /home/runner/work/ozone/ozone/hadoop-ozone/integration-test/target/test-dir/MiniOzoneClusterImpl-14387da3-0fdf-4878-9e7f-f07e3baca9b9/ozone-meta/ratis/bf265839-605b-3f16-9796-c5ba1605619e has been successfully formatted.
2023-05-30 05:50:45,396 [om1-impl-thread1] INFO  server.RaftServerConfigKeys (ConfUtils.java:logGet(46)) - raft.server.log.use.memory = false (default)
2023-05-30 05:50:45,404 [om1-impl-thread1] INFO  server.RaftServerConfigKeys (ConfUtils.java:logGet(46)) - raft.server.log.purge.gap = 1000000 (custom)
2023-05-30 05:50:45,404 [om1-impl-thread1] INFO  server.RaftServerConfigKeys (ConfUtils.java:logGet(46)) - raft.server.log.appender.buffer.byte-limit = 33554432 (custom)
2023-05-30 05:50:45,405 [om1-impl-thread1] INFO  server.RaftServerConfigKeys (ConfUtils.java:logGet(46)) - raft.server.log.statemachine.data.read.timeout = 1000ms (default)
2023-05-30 05:50:45,406 [om1-impl-thread1] INFO  server.RaftServerConfigKeys (ConfUtils.java:logGet(46)) - raft.server.log.purge.preservation.log.num = 0 (default)
2023-05-30 05:50:45,409 [om1-impl-thread1] INFO  server.RaftServerConfigKeys (ConfUtils.java:logGet(46)) - raft.server.log.segment.size.max = 4194304 (custom)
2023-05-30 05:50:45,414 [om1-impl-thread1] INFO  server.RaftServerConfigKeys (ConfUtils.java:logGet(46)) - raft.server.log.segment.cache.num.max = 2 (custom)
2023-05-30 05:50:45,415 [om1-impl-thread1] INFO  server.RaftServerConfigKeys (ConfUtils.java:logGet(46)) - raft.server.log.segment.cache.size.max = 200MB (=209715200) (default)
2023-05-30 05:50:45,415 [om1-impl-thread1] INFO  server.RaftServerConfigKeys (ConfUtils.java:logGet(46)) - raft.server.log.appender.buffer.byte-limit = 33554432 (custom)
2023-05-30 05:50:45,421 [om1-impl-thread1] INFO  segmented.SegmentedRaftLogWorker (SegmentedRaftLogWorker.java:<init>(188)) - new om1@group-C5BA1605619E-SegmentedRaftLogWorker for RaftStorageImpl:Storage Directory /home/runner/work/ozone/ozone/hadoop-ozone/integration-test/target/test-dir/MiniOzoneClusterImpl-14387da3-0fdf-4878-9e7f-f07e3baca9b9/ozone-meta/ratis/bf265839-605b-3f16-9796-c5ba1605619e
2023-05-30 05:50:45,421 [om1-impl-thread1] INFO  server.RaftServerConfigKeys (ConfUtils.java:logGet(46)) - raft.server.log.queue.byte-limit = 64MB (=67108864) (default)
2023-05-30 05:50:45,422 [om1-impl-thread1] INFO  server.RaftServerConfigKeys (ConfUtils.java:logGet(46)) - raft.server.log.queue.element-limit = 4096 (default)
2023-05-30 05:50:45,422 [om1-impl-thread1] INFO  server.RaftServerConfigKeys (ConfUtils.java:logGet(46)) - raft.server.log.segment.size.max = 4194304 (custom)
2023-05-30 05:50:45,423 [om1-impl-thread1] INFO  server.RaftServerConfigKeys (ConfUtils.java:logGet(46)) - raft.server.log.preallocated.size = 4194304 (custom)
2023-05-30 05:50:45,424 [om1-impl-thread1] INFO  server.RaftServerConfigKeys (ConfUtils.java:logGet(46)) - raft.server.log.force.sync.num = 128 (default)
2023-05-30 05:50:45,424 [om1-impl-thread1] INFO  server.RaftServerConfigKeys (ConfUtils.java:logGet(46)) - raft.server.log.statemachine.data.sync = true (default)
2023-05-30 05:50:45,425 [om1-impl-thread1] INFO  server.RaftServerConfigKeys (ConfUtils.java:logGet(46)) - raft.server.log.statemachine.data.sync.timeout = 10s (default)
2023-05-30 05:50:45,425 [om1-impl-thread1] INFO  server.RaftServerConfigKeys (ConfUtils.java:logGet(46)) - raft.server.log.statemachine.data.sync.timeout.retry = -1 (default)
2023-05-30 05:50:45,435 [om1-impl-thread1] INFO  server.RaftServerConfigKeys (ConfUtils.java:logGet(46)) - raft.server.log.write.buffer.size = 64KB (=65536) (default)
2023-05-30 05:50:45,435 [om1-impl-thread1] INFO  server.RaftServerConfigKeys (ConfUtils.java:logGet(46)) - raft.server.log.appender.buffer.byte-limit = 33554432 (custom)
2023-05-30 05:50:45,441 [om1-impl-thread1] INFO  server.RaftServerConfigKeys (ConfUtils.java:logGet(46)) - raft.server.log.unsafe-flush.enabled = false (default)
2023-05-30 05:50:45,443 [om1-impl-thread1] INFO  server.RaftServerConfigKeys (ConfUtils.java:logGet(46)) - raft.server.log.async-flush.enabled = false (default)
2023-05-30 05:50:45,443 [om1-impl-thread1] INFO  server.RaftServerConfigKeys (ConfUtils.java:logGet(46)) - raft.server.log.statemachine.data.caching.enabled = false (default)
2023-05-30 05:50:45,451 [om1-impl-thread1] INFO  segmented.SegmentedRaftLogWorker (SegmentedRaftLogWorker.java:lambda$new$0(135)) - om1@group-C5BA1605619E-SegmentedRaftLogWorker: flushIndex: setUnconditionally 0 -> -1
2023-05-30 05:50:45,452 [om1-impl-thread1] INFO  segmented.SegmentedRaftLogWorker (SegmentedRaftLogWorker.java:lambda$new$0(135)) - om1@group-C5BA1605619E-SegmentedRaftLogWorker: safeCacheEvictIndex: setUnconditionally 0 -> -1
2023-05-30 05:50:45,454 [om1-impl-thread1] INFO  server.RaftServer$Division (RaftServerImpl.java:start(342)) - om1@group-C5BA1605619E: start as a follower, conf=-1: peers:[om1|rpc:localhost:15007|priority:0|startupRole:FOLLOWER]|listeners:[], old=null
2023-05-30 05:50:45,455 [om1-impl-thread1] INFO  server.RaftServer$Division (RaftServerImpl.java:setRole(329)) - om1@group-C5BA1605619E: changes role from      null to FOLLOWER at term 0 for startAsFollower
2023-05-30 05:50:45,458 [om1-impl-thread1] INFO  impl.RoleInfo (RoleInfo.java:updateAndGet(139)) - om1: start om1@group-C5BA1605619E-FollowerState
2023-05-30 05:50:45,463 [om1-impl-thread1] INFO  util.JmxRegister (JmxRegister.java:tryRegister(44)) - Successfully registered JMX Bean with object name Ratis:service=RaftServer,group=group-C5BA1605619E,id=om1
2023-05-30 05:50:45,466 [om1@group-C5BA1605619E-FollowerState] INFO  server.RaftServerConfigKeys (ConfUtils.java:logFallback(53)) - raft.server.rpc.first-election.timeout.min = 1s (fallback to raft.server.rpc.timeout.min)
2023-05-30 05:50:45,466 [om1@group-C5BA1605619E-FollowerState] INFO  server.RaftServerConfigKeys (ConfUtils.java:logFallback(53)) - raft.server.rpc.first-election.timeout.max = 1200ms (fallback to raft.server.rpc.timeout.max)
2023-05-30 05:50:45,466 [om1-impl-thread1] INFO  server.RaftServerConfigKeys (ConfUtils.java:logGet(46)) - raft.server.snapshot.auto.trigger.enabled = true (custom)
2023-05-30 05:50:45,467 [om1-impl-thread1] INFO  server.RaftServerConfigKeys (ConfUtils.java:logGet(46)) - raft.server.snapshot.auto.trigger.threshold = 400000 (default)
2023-05-30 05:50:45,467 [om1-impl-thread1] INFO  server.RaftServerConfigKeys (ConfUtils.java:logGet(46)) - raft.server.snapshot.retention.file.num = -1 (default)
2023-05-30 05:50:45,468 [om1-impl-thread1] INFO  server.RaftServerConfigKeys (ConfUtils.java:logGet(46)) - raft.server.log.purge.upto.snapshot.index = true (custom)
2023-05-30 05:50:45,471 [Listener at 127.0.0.1/15004] INFO  server.RaftServer (RaftServerProxy.java:startImpl(400)) - om1: start RPC server
2023-05-30 05:50:45,526 [Listener at 127.0.0.1/15004] INFO  server.GrpcService (GrpcService.java:startImpl(302)) - om1: GrpcService started, listening on 15007
2023-05-30 05:50:45,533 [Listener at 127.0.0.1/15004] INFO  om.OzoneManager (OzoneManager.java:start(1637)) - Version File has different layout version (4) than OM DB (null). That is expected if this OM has never been finalized to a newer layout version.
2023-05-30 05:50:45,537 [JvmPauseMonitor0] INFO  util.JvmPauseMonitor (JvmPauseMonitor.java:run(103)) - JvmPauseMonitor-om1: Started
2023-05-30 05:50:45,568 [Listener at 127.0.0.1/15004] INFO  http.BaseHttpServer (BaseHttpServer.java:newHttpServer2BuilderForOzone(224)) - Starting Web-server for ozoneManager at: http://0.0.0.0:15005
2023-05-30 05:50:45,568 [Listener at 127.0.0.1/15004] INFO  http.BaseHttpServer (BaseHttpServer.java:<init>(111)) - Hadoop Security Enabled: false Ozone Security Enabled: false Ozone HTTP Security Enabled: false 
2023-05-30 05:50:45,570 [Listener at 127.0.0.1/15004] WARN  server.AuthenticationFilter (AuthenticationFilter.java:constructSecretProvider(240)) - Unable to initialize FileSignerSecretProvider, falling back to use random secrets. Reason: Could not read signature secret file: /home/runner/hadoop-http-auth-signature-secret
2023-05-30 05:50:45,575 [Listener at 127.0.0.1/15004] INFO  http.HttpRequestLog (HttpRequestLog.java:getRequestLog(86)) - Http request log for http.requests.ozoneManager is not defined
2023-05-30 05:50:45,577 [Listener at 127.0.0.1/15004] INFO  http.HttpServer2 (HttpServer2.java:addGlobalFilter(1031)) - Added global filter 'safety' (class=org.apache.hadoop.hdds.server.http.HttpServer2$QuotingInputFilter)
2023-05-30 05:50:45,578 [Listener at 127.0.0.1/15004] INFO  http.HttpServer2 (HttpServer2.java:addFilter(1007)) - Added filter static_user_filter (class=org.apache.hadoop.http.lib.StaticUserWebFilter$StaticUserFilter) to context ozoneManager
2023-05-30 05:50:45,578 [Listener at 127.0.0.1/15004] INFO  http.HttpServer2 (HttpServer2.java:addFilter(1015)) - Added filter static_user_filter (class=org.apache.hadoop.http.lib.StaticUserWebFilter$StaticUserFilter) to context logs
2023-05-30 05:50:45,578 [Listener at 127.0.0.1/15004] INFO  http.HttpServer2 (HttpServer2.java:addFilter(1015)) - Added filter static_user_filter (class=org.apache.hadoop.http.lib.StaticUserWebFilter$StaticUserFilter) to context static
2023-05-30 05:50:45,579 [Listener at 127.0.0.1/15004] INFO  http.BaseHttpServer (BaseHttpServer.java:<init>(190)) - HTTP server of ozoneManager uses base directory /home/runner/work/ozone/ozone/hadoop-ozone/integration-test/target/test-dir/MiniOzoneClusterImpl-14387da3-0fdf-4878-9e7f-f07e3baca9b9/ozone-meta/webserver
2023-05-30 05:50:45,582 [Listener at 127.0.0.1/15004] INFO  http.HttpServer2 (HttpServer2.java:bindListener(1250)) - Jetty bound to port 15005
2023-05-30 05:50:45,582 [Listener at 127.0.0.1/15004] INFO  server.Server (Server.java:doStart(375)) - jetty-9.4.51.v20230217; built: 2023-02-17T08:19:37.309Z; git: b45c405e4544384de066f814ed42ae3dceacdd49; jvm 1.8.0_362-b09
2023-05-30 05:50:45,586 [Listener at 127.0.0.1/15004] INFO  server.session (DefaultSessionIdManager.java:doStart(334)) - DefaultSessionIdManager workerName=node0
2023-05-30 05:50:45,586 [Listener at 127.0.0.1/15004] INFO  server.session (DefaultSessionIdManager.java:doStart(339)) - No SessionScavenger set, using defaults
2023-05-30 05:50:45,587 [Listener at 127.0.0.1/15004] INFO  server.session (HouseKeeper.java:startScavenging(132)) - node0 Scavenging every 600000ms
2023-05-30 05:50:45,588 [Listener at 127.0.0.1/15004] INFO  handler.ContextHandler (ContextHandler.java:doStart(921)) - Started o.e.j.s.ServletContextHandler@4fbb0c0b{logs,/logs,file:///home/runner/work/ozone/ozone/hadoop-ozone/integration-test/target/log,AVAILABLE}
2023-05-30 05:50:45,588 [Listener at 127.0.0.1/15004] INFO  handler.ContextHandler (ContextHandler.java:doStart(921)) - Started o.e.j.s.ServletContextHandler@37045c86{static,/static,file:///home/runner/work/ozone/ozone/hadoop-ozone/integration-test/target/test-classes/webapps/static,AVAILABLE}
2023-05-30 05:50:45,592 [Listener at 127.0.0.1/15004] INFO  handler.ContextHandler (ContextHandler.java:doStart(921)) - Started o.e.j.w.WebAppContext@1c5c560a{ozoneManager,/,file:///home/runner/work/ozone/ozone/hadoop-ozone/integration-test/target/test-classes/webapps/ozoneManager/,AVAILABLE}{file:/home/runner/work/ozone/ozone/hadoop-ozone/integration-test/target/test-classes/webapps/ozoneManager}
2023-05-30 05:50:45,595 [Listener at 127.0.0.1/15004] INFO  server.AbstractConnector (AbstractConnector.java:doStart(333)) - Started ServerConnector@2a07d669{HTTP/1.1, (http/1.1)}{0.0.0.0:15005}
2023-05-30 05:50:45,596 [Listener at 127.0.0.1/15004] INFO  server.Server (Server.java:doStart(415)) - Started @8835ms
2023-05-30 05:50:45,596 [Listener at 127.0.0.1/15004] WARN  impl.MetricsSystemImpl (MetricsSystemImpl.java:register(279)) - Sink prometheus already exists!
2023-05-30 05:50:45,597 [Listener at 127.0.0.1/15004] INFO  http.BaseHttpServer (BaseHttpServer.java:updateConnectorAddress(344)) - HTTP server of ozoneManager listening at http://0.0.0.0:15005
2023-05-30 05:50:45,598 [IPC Server Responder] INFO  ipc.Server (Server.java:run(1558)) - IPC Server Responder: starting
2023-05-30 05:50:45,611 [Listener at 127.0.0.1/15004] INFO  om.OzoneManager (OzoneManager.java:startTrashEmptier(2097)) - Trash Interval set to 0. Files deleted won't move to trash
2023-05-30 05:50:45,615 [IPC Server listener on 15004] INFO  ipc.Server (Server.java:run(1398)) - IPC Server listener on 15004: starting
2023-05-30 05:50:45,619 [org.apache.hadoop.util.JvmPauseMonitor$Monitor@48b5a380] INFO  util.JvmPauseMonitor (JvmPauseMonitor.java:run(188)) - Starting JVM pause monitor
2023-05-30 05:50:45,815 [Listener at 127.0.0.1/15004] WARN  impl.MetricRegistriesImpl (MetricRegistriesImpl.java:addReporterRegistration(111)) - New reporters are added after registries were created. Some metrics will be missing from the reporter. Please add reporter before adding any new registry.
2023-05-30 05:50:45,816 [Listener at 127.0.0.1/15004] WARN  impl.MetricRegistriesImpl (MetricRegistriesImpl.java:addReporterRegistration(111)) - New reporters are added after registries were created. Some metrics will be missing from the reporter. Please add reporter before adding any new registry.
2023-05-30 05:50:45,816 [Listener at 127.0.0.1/15004] INFO  impl.MetricsSystemImpl (MetricsSystemImpl.java:init(158)) - HddsDatanode metrics system started (again)
2023-05-30 05:50:45,843 [Listener at 127.0.0.1/15004] INFO  ozone.HddsDatanodeService (HddsDatanodeService.java:start(264)) - HddsDatanodeService host:fv-az800-703 ip:10.1.0.18
2023-05-30 05:50:45,891 [Listener at 127.0.0.1/15004] INFO  upgrade.AbstractLayoutVersionManager (AbstractLayoutVersionManager.java:init(83)) - Initializing Layout version manager with metadata layout = HADOOP_PRC_PORTS_IN_DATANODEDETAILS (version = 7), software layout = HADOOP_PRC_PORTS_IN_DATANODEDETAILS (version = 7)
2023-05-30 05:50:45,895 [Listener at 127.0.0.1/15004] INFO  statemachine.DatanodeStateMachine (DatanodeStateMachine.java:getEndPointTaskThreadPoolSize(275)) - Datanode State Machine Task Thread Pool size 2
2023-05-30 05:50:45,961 [Listener at 127.0.0.1/15004] INFO  volume.HddsVolume (HddsVolume.java:<init>(130)) - Creating HddsVolume: /home/runner/work/ozone/ozone/hadoop-ozone/integration-test/target/test-dir/MiniOzoneClusterImpl-14387da3-0fdf-4878-9e7f-f07e3baca9b9/datanode-0/data-0/containers/hdds of storage type : DISK capacity : 9223372036854775807
2023-05-30 05:50:45,964 [Listener at 127.0.0.1/15004] INFO  volume.MutableVolumeSet (MutableVolumeSet.java:initializeVolumeSet(175)) - Added Volume : /home/runner/work/ozone/ozone/hadoop-ozone/integration-test/target/test-dir/MiniOzoneClusterImpl-14387da3-0fdf-4878-9e7f-f07e3baca9b9/datanode-0/data-0/containers/hdds to VolumeSet
2023-05-30 05:50:45,965 [Listener at 127.0.0.1/15004] INFO  volume.ThrottledAsyncChecker (ThrottledAsyncChecker.java:schedule(141)) - Scheduling a check for /home/runner/work/ozone/ozone/hadoop-ozone/integration-test/target/test-dir/MiniOzoneClusterImpl-14387da3-0fdf-4878-9e7f-f07e3baca9b9/datanode-0/data-0/containers/hdds
2023-05-30 05:50:45,985 [Listener at 127.0.0.1/15004] INFO  volume.StorageVolumeChecker (StorageVolumeChecker.java:checkAllVolumes(202)) - Scheduled health check for volume /home/runner/work/ozone/ozone/hadoop-ozone/integration-test/target/test-dir/MiniOzoneClusterImpl-14387da3-0fdf-4878-9e7f-f07e3baca9b9/datanode-0/data-0/containers/hdds
2023-05-30 05:50:46,005 [Listener at 127.0.0.1/15004] INFO  volume.MutableVolumeSet (MutableVolumeSet.java:initializeVolumeSet(175)) - Added Volume : /home/runner/work/ozone/ozone/hadoop-ozone/integration-test/target/test-dir/MiniOzoneClusterImpl-14387da3-0fdf-4878-9e7f-f07e3baca9b9/datanode-0/data/ratis to VolumeSet
2023-05-30 05:50:46,006 [Listener at 127.0.0.1/15004] INFO  volume.ThrottledAsyncChecker (ThrottledAsyncChecker.java:schedule(141)) - Scheduling a check for /home/runner/work/ozone/ozone/hadoop-ozone/integration-test/target/test-dir/MiniOzoneClusterImpl-14387da3-0fdf-4878-9e7f-f07e3baca9b9/datanode-0/data/ratis
2023-05-30 05:50:46,006 [Listener at 127.0.0.1/15004] INFO  volume.StorageVolumeChecker (StorageVolumeChecker.java:checkAllVolumes(202)) - Scheduled health check for volume /home/runner/work/ozone/ozone/hadoop-ozone/integration-test/target/test-dir/MiniOzoneClusterImpl-14387da3-0fdf-4878-9e7f-f07e3baca9b9/datanode-0/data/ratis
2023-05-30 05:50:46,036 [Thread-141] INFO  ozoneimpl.ContainerReader (ContainerReader.java:readVolume(175)) - Finish verifying containers on volume /home/runner/work/ozone/ozone/hadoop-ozone/integration-test/target/test-dir/MiniOzoneClusterImpl-14387da3-0fdf-4878-9e7f-f07e3baca9b9/datanode-0/data-0/containers/hdds
2023-05-30 05:50:46,036 [Listener at 127.0.0.1/15004] INFO  ozoneimpl.OzoneContainer (OzoneContainer.java:buildContainerSet(303)) - Build ContainerSet costs 0s
2023-05-30 05:50:46,093 [Listener at 127.0.0.1/15004] INFO  audit.AuditLogger (AuditLogger.java:refreshDebugCmdSet(126)) - Refresh DebugCmdSet for DNAudit to [].
2023-05-30 05:50:46,124 [Listener at 127.0.0.1/15004] INFO  server.RaftServer (ConfUtils.java:logGet(46)) - raft.rpc.type = GRPC (default)
2023-05-30 05:50:46,125 [Listener at 127.0.0.1/15004] INFO  grpc.GrpcConfigKeys (ConfUtils.java:logFallback(53)) - raft.grpc.admin.host = null (fallback to raft.grpc.server.host)
2023-05-30 05:50:46,125 [Listener at 127.0.0.1/15004] INFO  grpc.GrpcConfigKeys (ConfUtils.java:logGet(46)) - raft.grpc.admin.port = 15013 (custom)
2023-05-30 05:50:46,125 [Listener at 127.0.0.1/15004] INFO  grpc.GrpcConfigKeys (ConfUtils.java:logFallback(53)) - raft.grpc.client.host = null (fallback to raft.grpc.server.host)
2023-05-30 05:50:46,125 [Listener at 127.0.0.1/15004] INFO  grpc.GrpcConfigKeys (ConfUtils.java:logGet(46)) - raft.grpc.client.port = 15012 (custom)
2023-05-30 05:50:46,125 [Listener at 127.0.0.1/15004] INFO  grpc.GrpcConfigKeys (ConfUtils.java:logGet(46)) - raft.grpc.server.host = null (default)
2023-05-30 05:50:46,126 [Listener at 127.0.0.1/15004] INFO  grpc.GrpcConfigKeys (ConfUtils.java:logGet(46)) - raft.grpc.server.port = 15014 (custom)
2023-05-30 05:50:46,126 [Listener at 127.0.0.1/15004] INFO  server.GrpcService (ConfUtils.java:logGet(46)) - raft.grpc.message.size.max = 32MB (=33554432) (custom)
2023-05-30 05:50:46,126 [Listener at 127.0.0.1/15004] INFO  server.RaftServerConfigKeys (ConfUtils.java:logGet(46)) - raft.server.log.appender.buffer.byte-limit = 33554432 (custom)
2023-05-30 05:50:46,126 [Listener at 127.0.0.1/15004] INFO  server.GrpcService (ConfUtils.java:logGet(46)) - raft.grpc.flow.control.window = 5MB (=5242880) (custom)
2023-05-30 05:50:46,127 [Listener at 127.0.0.1/15004] INFO  server.RaftServerConfigKeys (ConfUtils.java:logGet(46)) - raft.server.rpc.request.timeout = 3000ms (default)
2023-05-30 05:50:46,127 [Listener at 127.0.0.1/15004] INFO  grpc.GrpcConfigKeys (ConfUtils.java:logGet(46)) - raft.grpc.server.heartbeat.channel = true (default)
2023-05-30 05:50:46,127 [Listener at 127.0.0.1/15004] INFO  grpc.GrpcConfigKeys (ConfUtils.java:logGet(46)) - raft.grpc.server.async.request.thread.pool.cached = true (default)
2023-05-30 05:50:46,127 [Listener at 127.0.0.1/15004] INFO  grpc.GrpcConfigKeys (ConfUtils.java:logGet(46)) - raft.grpc.server.async.request.thread.pool.size = 32 (default)
2023-05-30 05:50:46,130 [Listener at 127.0.0.1/15004] INFO  impl.DataStreamServerImpl (ConfUtils.java:logGet(46)) - raft.datastream.type = NETTY (custom)
2023-05-30 05:50:46,140 [Listener at 127.0.0.1/15004] INFO  server.RaftServerConfigKeys (ConfUtils.java:logGet(46)) - raft.server.data-stream.async.request.thread.pool.cached = false (default)
2023-05-30 05:50:46,141 [Listener at 127.0.0.1/15004] INFO  server.RaftServerConfigKeys (ConfUtils.java:logGet(46)) - raft.server.data-stream.async.request.thread.pool.size = 20 (custom)
2023-05-30 05:50:46,141 [Listener at 127.0.0.1/15004] INFO  server.RaftServerConfigKeys (ConfUtils.java:logGet(46)) - raft.server.data-stream.async.write.thread.pool.size = 16 (default)
2023-05-30 05:50:46,143 [Listener at 127.0.0.1/15004] INFO  server.RaftServerConfigKeys (ConfUtils.java:logGet(46)) - raft.server.data-stream.client.pool.size = 10 (default)
2023-05-30 05:50:46,146 [Listener at 127.0.0.1/15004] INFO  netty.NettyConfigKeys$DataStream (ConfUtils.java:logGet(46)) - raft.netty.dataStream.server.use-epoll = false (default)
2023-05-30 05:50:46,146 [Listener at 127.0.0.1/15004] INFO  netty.NettyConfigKeys$DataStream (ConfUtils.java:logGet(46)) - raft.netty.dataStream.server.boss-group.size = 0 (default)
2023-05-30 05:50:46,153 [Listener at 127.0.0.1/15004] INFO  netty.NettyConfigKeys$DataStream (ConfUtils.java:logGet(46)) - raft.netty.dataStream.server.worker-group.size = 0 (default)
2023-05-30 05:50:46,154 [Listener at 127.0.0.1/15004] INFO  netty.NettyConfigKeys$DataStream (ConfUtils.java:logGet(46)) - raft.netty.dataStream.server.tls.conf = null (default)
2023-05-30 05:50:46,156 [Listener at 127.0.0.1/15004] INFO  netty.NettyConfigKeys$DataStream (ConfUtils.java:logGet(46)) - raft.netty.dataStream.host = null (default)
2023-05-30 05:50:46,157 [Listener at 127.0.0.1/15004] INFO  netty.NettyConfigKeys$DataStream (ConfUtils.java:logGet(46)) - raft.netty.dataStream.port = 15015 (custom)
2023-05-30 05:50:46,167 [Listener at 127.0.0.1/15004] INFO  server.RaftServerConfigKeys (ConfUtils.java:logGet(46)) - raft.server.threadpool.proxy.cached = true (default)
2023-05-30 05:50:46,167 [Listener at 127.0.0.1/15004] INFO  server.RaftServerConfigKeys (ConfUtils.java:logGet(46)) - raft.server.threadpool.proxy.size = 0 (default)
2023-05-30 05:50:46,167 [Listener at 127.0.0.1/15004] INFO  server.RaftServerConfigKeys (ConfUtils.java:logGet(46)) - raft.server.rpc.slowness.timeout = 300000ms (custom)
2023-05-30 05:50:46,167 [Listener at 127.0.0.1/15004] INFO  server.RaftServerConfigKeys (ConfUtils.java:logGet(46)) - raft.server.leaderelection.leader.step-down.wait-time = 10s (default)
2023-05-30 05:50:46,168 [Listener at 127.0.0.1/15004] INFO  server.RaftServerConfigKeys (ConfUtils.java:logGet(46)) - raft.server.storage.dir = [/home/runner/work/ozone/ozone/hadoop-ozone/integration-test/target/test-dir/MiniOzoneClusterImpl-14387da3-0fdf-4878-9e7f-f07e3baca9b9/datanode-0/data/ratis] (custom)
2023-05-30 05:50:46,192 [Listener at 127.0.0.1/15004] INFO  server.XceiverServerGrpc (XceiverServerGrpc.java:<init>(132)) - GrpcServer channel type EpollServerSocketChannel
2023-05-30 05:50:46,196 [55da83fd-970f-4c5a-b7d8-35d4afa09e55-NettyServerStreamRpc-bossGroup--thread1] INFO  logging.LoggingHandler (AbstractInternalLogger.java:log(148)) - [id: 0x1ffa52fd] REGISTERED
2023-05-30 05:50:46,196 [55da83fd-970f-4c5a-b7d8-35d4afa09e55-NettyServerStreamRpc-bossGroup--thread1] INFO  logging.LoggingHandler (AbstractInternalLogger.java:log(148)) - [id: 0x1ffa52fd] BIND: 0.0.0.0/0.0.0.0:15015
2023-05-30 05:50:46,198 [55da83fd-970f-4c5a-b7d8-35d4afa09e55-NettyServerStreamRpc-bossGroup--thread1] INFO  logging.LoggingHandler (AbstractInternalLogger.java:log(148)) - [id: 0x1ffa52fd, L:/0:0:0:0:0:0:0:0:15015] ACTIVE
2023-05-30 05:50:46,232 [Listener at 127.0.0.1/15004] INFO  replication.ReplicationSupervisor (ReplicationSupervisor.java:nodeStateUpdated(296)) - Node state updated to IN_SERVICE, scaling executor pool size to 10
2023-05-30 05:50:46,283 [Listener at 127.0.0.1/15004] INFO  http.BaseHttpServer (BaseHttpServer.java:newHttpServer2BuilderForOzone(224)) - Starting Web-server for hddsDatanode at: http://0.0.0.0:15009
2023-05-30 05:50:46,283 [Listener at 127.0.0.1/15004] INFO  http.BaseHttpServer (BaseHttpServer.java:<init>(111)) - Hadoop Security Enabled: false Ozone Security Enabled: false Ozone HTTP Security Enabled: false 
2023-05-30 05:50:46,285 [Listener at 127.0.0.1/15004] WARN  server.AuthenticationFilter (AuthenticationFilter.java:constructSecretProvider(240)) - Unable to initialize FileSignerSecretProvider, falling back to use random secrets. Reason: Could not read signature secret file: /home/runner/hadoop-http-auth-signature-secret
2023-05-30 05:50:46,285 [Listener at 127.0.0.1/15004] INFO  http.HttpRequestLog (HttpRequestLog.java:getRequestLog(86)) - Http request log for http.requests.hddsDatanode is not defined
2023-05-30 05:50:46,287 [Listener at 127.0.0.1/15004] INFO  http.HttpServer2 (HttpServer2.java:addGlobalFilter(1031)) - Added global filter 'safety' (class=org.apache.hadoop.hdds.server.http.HttpServer2$QuotingInputFilter)
2023-05-30 05:50:46,288 [Listener at 127.0.0.1/15004] INFO  http.HttpServer2 (HttpServer2.java:addFilter(1007)) - Added filter static_user_filter (class=org.apache.hadoop.http.lib.StaticUserWebFilter$StaticUserFilter) to context hddsDatanode
2023-05-30 05:50:46,288 [Listener at 127.0.0.1/15004] INFO  http.HttpServer2 (HttpServer2.java:addFilter(1015)) - Added filter static_user_filter (class=org.apache.hadoop.http.lib.StaticUserWebFilter$StaticUserFilter) to context logs
2023-05-30 05:50:46,288 [Listener at 127.0.0.1/15004] INFO  http.HttpServer2 (HttpServer2.java:addFilter(1015)) - Added filter static_user_filter (class=org.apache.hadoop.http.lib.StaticUserWebFilter$StaticUserFilter) to context static
2023-05-30 05:50:46,290 [Listener at 127.0.0.1/15004] INFO  http.BaseHttpServer (BaseHttpServer.java:<init>(190)) - HTTP server of hddsDatanode uses base directory /home/runner/work/ozone/ozone/hadoop-ozone/integration-test/target/test-dir/MiniOzoneClusterImpl-14387da3-0fdf-4878-9e7f-f07e3baca9b9/datanode-0/meta/webserver
2023-05-30 05:50:46,290 [Listener at 127.0.0.1/15004] INFO  http.HttpServer2 (HttpServer2.java:bindListener(1250)) - Jetty bound to port 15009
2023-05-30 05:50:46,290 [Listener at 127.0.0.1/15004] INFO  server.Server (Server.java:doStart(375)) - jetty-9.4.51.v20230217; built: 2023-02-17T08:19:37.309Z; git: b45c405e4544384de066f814ed42ae3dceacdd49; jvm 1.8.0_362-b09
2023-05-30 05:50:46,296 [Listener at 127.0.0.1/15004] INFO  server.session (DefaultSessionIdManager.java:doStart(334)) - DefaultSessionIdManager workerName=node0
2023-05-30 05:50:46,296 [Listener at 127.0.0.1/15004] INFO  server.session (DefaultSessionIdManager.java:doStart(339)) - No SessionScavenger set, using defaults
2023-05-30 05:50:46,297 [Listener at 127.0.0.1/15004] INFO  server.session (HouseKeeper.java:startScavenging(132)) - node0 Scavenging every 600000ms
2023-05-30 05:50:46,298 [Listener at 127.0.0.1/15004] INFO  handler.ContextHandler (ContextHandler.java:doStart(921)) - Started o.e.j.s.ServletContextHandler@2783b6d1{logs,/logs,file:///home/runner/work/ozone/ozone/hadoop-ozone/integration-test/target/log,AVAILABLE}
2023-05-30 05:50:46,298 [Listener at 127.0.0.1/15004] INFO  handler.ContextHandler (ContextHandler.java:doStart(921)) - Started o.e.j.s.ServletContextHandler@5e271caa{static,/static,jar:file:/home/runner/.m2/repository/org/apache/ozone/hdds-container-service/1.4.0-SNAPSHOT/hdds-container-service-1.4.0-SNAPSHOT.jar!/webapps/static,AVAILABLE}
2023-05-30 05:50:46,503 [om1@group-C5BA1605619E-FollowerState] INFO  impl.FollowerState (FollowerState.java:run(143)) - om1@group-C5BA1605619E-FollowerState: change to CANDIDATE, lastRpcElapsedTime:1046213896ns, electionTimeout:1036ms
2023-05-30 05:50:46,505 [om1@group-C5BA1605619E-FollowerState] INFO  impl.RoleInfo (RoleInfo.java:shutdownFollowerState(110)) - om1: shutdown om1@group-C5BA1605619E-FollowerState
2023-05-30 05:50:46,506 [om1@group-C5BA1605619E-FollowerState] INFO  server.RaftServer$Division (RaftServerImpl.java:setRole(329)) - om1@group-C5BA1605619E: changes role from  FOLLOWER to CANDIDATE at term 0 for changeToCandidate
2023-05-30 05:50:46,509 [om1@group-C5BA1605619E-FollowerState] INFO  server.RaftServerConfigKeys (ConfUtils.java:logGet(46)) - raft.server.leaderelection.pre-vote = true (default)
2023-05-30 05:50:46,510 [om1@group-C5BA1605619E-FollowerState] INFO  impl.RoleInfo (RoleInfo.java:updateAndGet(139)) - om1: start om1@group-C5BA1605619E-LeaderElection1
2023-05-30 05:50:46,524 [om1@group-C5BA1605619E-LeaderElection1] INFO  impl.LeaderElection (LeaderElection.java:askForVotes(321)) - om1@group-C5BA1605619E-LeaderElection1 PRE_VOTE round 0: submit vote requests at term 0 for -1: peers:[om1|rpc:localhost:15007|priority:0|startupRole:FOLLOWER]|listeners:[], old=null
2023-05-30 05:50:46,525 [om1@group-C5BA1605619E-LeaderElection1] INFO  impl.LeaderElection (LeaderElection.java:askForVotes(323)) - om1@group-C5BA1605619E-LeaderElection1 PRE_VOTE round 0: result PASSED (term=0)
2023-05-30 05:50:46,527 [om1@group-C5BA1605619E-LeaderElection1] INFO  impl.LeaderElection (LeaderElection.java:askForVotes(321)) - om1@group-C5BA1605619E-LeaderElection1 ELECTION round 0: submit vote requests at term 1 for -1: peers:[om1|rpc:localhost:15007|priority:0|startupRole:FOLLOWER]|listeners:[], old=null
2023-05-30 05:50:46,527 [om1@group-C5BA1605619E-LeaderElection1] INFO  impl.LeaderElection (LeaderElection.java:askForVotes(323)) - om1@group-C5BA1605619E-LeaderElection1 ELECTION round 0: result PASSED (term=1)
2023-05-30 05:50:46,528 [om1@group-C5BA1605619E-LeaderElection1] INFO  impl.RoleInfo (RoleInfo.java:shutdownLeaderElection(130)) - om1: shutdown om1@group-C5BA1605619E-LeaderElection1
2023-05-30 05:50:46,528 [om1@group-C5BA1605619E-LeaderElection1] INFO  server.RaftServer$Division (RaftServerImpl.java:setRole(329)) - om1@group-C5BA1605619E: changes role from CANDIDATE to LEADER at term 1 for changeToLeader
2023-05-30 05:50:46,530 [om1@group-C5BA1605619E-LeaderElection1] INFO  server.RaftServer$Division (ServerState.java:setLeader(317)) - om1@group-C5BA1605619E: change Leader from null to om1 at term 1 for becomeLeader, leader elected after 2264ms
2023-05-30 05:50:46,538 [om1@group-C5BA1605619E-LeaderElection1] INFO  server.RaftServerConfigKeys (ConfUtils.java:logGet(46)) - raft.server.staging.catchup.gap = 1000 (default)
2023-05-30 05:50:46,543 [om1@group-C5BA1605619E-LeaderElection1] INFO  server.RaftServerConfigKeys (ConfUtils.java:logGet(46)) - raft.server.write.element-limit = 4096 (default)
2023-05-30 05:50:46,544 [om1@group-C5BA1605619E-LeaderElection1] INFO  server.RaftServerConfigKeys (ConfUtils.java:logGet(46)) - raft.server.write.byte-limit = 64MB (=67108864) (default)
2023-05-30 05:50:46,548 [om1@group-C5BA1605619E-LeaderElection1] INFO  server.RaftServerConfigKeys (ConfUtils.java:logGet(46)) - raft.server.watch.timeout = 10s (default)
2023-05-30 05:50:46,548 [om1@group-C5BA1605619E-LeaderElection1] INFO  server.RaftServerConfigKeys (ConfUtils.java:logGet(46)) - raft.server.watch.timeout.denomination = 1s (default)
2023-05-30 05:50:46,549 [om1@group-C5BA1605619E-LeaderElection1] INFO  server.RaftServerConfigKeys (ConfUtils.java:logGet(46)) - raft.server.watch.element-limit = 65536 (default)
2023-05-30 05:50:46,554 [om1@group-C5BA1605619E-LeaderElection1] INFO  server.RaftServerConfigKeys (ConfUtils.java:logGet(46)) - raft.server.write.element-limit = 4096 (default)
2023-05-30 05:50:46,556 [om1@group-C5BA1605619E-LeaderElection1] INFO  server.RaftServerConfigKeys (ConfUtils.java:logGet(46)) - raft.server.write.follower.gap.ratio.max = -1.0 (default)
2023-05-30 05:50:46,557 [om1@group-C5BA1605619E-LeaderElection1] INFO  impl.RoleInfo (RoleInfo.java:updateAndGet(139)) - om1: start om1@group-C5BA1605619E-LeaderStateImpl
2023-05-30 05:50:46,582 [om1@group-C5BA1605619E-LeaderElection1] INFO  segmented.SegmentedRaftLogWorker (SegmentedRaftLogWorker.java:startLogSegment(447)) - om1@group-C5BA1605619E-SegmentedRaftLogWorker: Starting segment from index:0
2023-05-30 05:50:46,647 [om1@group-C5BA1605619E-LeaderElection1] INFO  server.RaftServer$Division (ServerState.java:setRaftConf(434)) - om1@group-C5BA1605619E: set configuration 0: peers:[om1|rpc:localhost:15007|admin:|client:|dataStream:|priority:0|startupRole:FOLLOWER]|listeners:[], old=null
2023-05-30 05:50:46,719 [Listener at 127.0.0.1/15004] INFO  handler.ContextHandler (ContextHandler.java:doStart(921)) - Started o.e.j.w.WebAppContext@2a336787{hddsDatanode,/,file:///home/runner/work/ozone/ozone/hadoop-ozone/integration-test/target/test-dir/MiniOzoneClusterImpl-14387da3-0fdf-4878-9e7f-f07e3baca9b9/datanode-0/meta/webserver/jetty-0_0_0_0-15009-hdds-container-service-1_4_0-SNAPSHOT_jar-_-any-5588784206182783214/webapp/,AVAILABLE}{jar:file:/home/runner/.m2/repository/org/apache/ozone/hdds-container-service/1.4.0-SNAPSHOT/hdds-container-service-1.4.0-SNAPSHOT.jar!/webapps/hddsDatanode}
2023-05-30 05:50:46,721 [Listener at 127.0.0.1/15004] INFO  server.AbstractConnector (AbstractConnector.java:doStart(333)) - Started ServerConnector@2d0dbf29{HTTP/1.1, (http/1.1)}{0.0.0.0:15009}
2023-05-30 05:50:46,722 [Listener at 127.0.0.1/15004] INFO  server.Server (Server.java:doStart(415)) - Started @9961ms
2023-05-30 05:50:46,722 [Listener at 127.0.0.1/15004] WARN  impl.MetricsSystemImpl (MetricsSystemImpl.java:register(279)) - Sink prometheus already exists!
2023-05-30 05:50:46,722 [om1@group-C5BA1605619E-SegmentedRaftLogWorker] INFO  segmented.SegmentedRaftLogWorker (SegmentedRaftLogWorker.java:execute(651)) - om1@group-C5BA1605619E-SegmentedRaftLogWorker: created new log segment /home/runner/work/ozone/ozone/hadoop-ozone/integration-test/target/test-dir/MiniOzoneClusterImpl-14387da3-0fdf-4878-9e7f-f07e3baca9b9/ozone-meta/ratis/bf265839-605b-3f16-9796-c5ba1605619e/current/log_inprogress_0
2023-05-30 05:50:46,739 [Listener at 127.0.0.1/15004] INFO  http.BaseHttpServer (BaseHttpServer.java:updateConnectorAddress(344)) - HTTP server of hddsDatanode listening at http://0.0.0.0:15009
2023-05-30 05:50:46,745 [Listener at 127.0.0.1/15004] INFO  ipc.CallQueueManager (CallQueueManager.java:<init>(90)) - Using callQueue: class java.util.concurrent.LinkedBlockingQueue, queueCapacity: 100, scheduler: class org.apache.hadoop.ipc.DefaultRpcScheduler, ipcBackoff: false.
2023-05-30 05:50:46,752 [Socket Reader #1 for port 15010] INFO  ipc.Server (Server.java:run(1319)) - Starting Socket Reader #1 for port 15010
2023-05-30 05:50:46,756 [Listener at 0.0.0.0/15010] INFO  ozone.HddsDatanodeService (HddsDatanodeService.java:start(337)) - Datanode start with admins: [runner]
2023-05-30 05:50:46,756 [Listener at 0.0.0.0/15010] INFO  ozone.HddsDatanodeClientProtocolServer (HddsDatanodeClientProtocolServer.java:start(82)) - RPC server for Client /0.0.0.0:15010
2023-05-30 05:50:46,756 [IPC Server Responder] INFO  ipc.Server (Server.java:run(1558)) - IPC Server Responder: starting
2023-05-30 05:50:46,757 [IPC Server listener on 15010] INFO  ipc.Server (Server.java:run(1398)) - IPC Server listener on 15010: starting
2023-05-30 05:50:46,770 [Listener at 0.0.0.0/15010] WARN  impl.MetricRegistriesImpl (MetricRegistriesImpl.java:addReporterRegistration(111)) - New reporters are added after registries were created. Some metrics will be missing from the reporter. Please add reporter before adding any new registry.
2023-05-30 05:50:46,770 [Listener at 0.0.0.0/15010] WARN  impl.MetricRegistriesImpl (MetricRegistriesImpl.java:addReporterRegistration(111)) - New reporters are added after registries were created. Some metrics will be missing from the reporter. Please add reporter before adding any new registry.
2023-05-30 05:50:46,770 [Listener at 0.0.0.0/15010] INFO  impl.MetricsSystemImpl (MetricsSystemImpl.java:init(158)) - HddsDatanode metrics system started (again)
2023-05-30 05:50:46,771 [Datanode State Machine Daemon Thread] INFO  statemachine.DatanodeStateMachine (DatanodeStateMachine.java:lambda$startDaemon$0(537)) - Ozone container server started.
2023-05-30 05:50:46,792 [org.apache.hadoop.util.JvmPauseMonitor$Monitor@7d58c27d] INFO  util.JvmPauseMonitor (JvmPauseMonitor.java:run(188)) - Starting JVM pause monitor
2023-05-30 05:50:46,812 [Listener at 0.0.0.0/15010] INFO  ozone.HddsDatanodeService (HddsDatanodeService.java:start(264)) - HddsDatanodeService host:fv-az800-703 ip:10.1.0.18
2023-05-30 05:50:46,864 [Listener at 0.0.0.0/15010] INFO  upgrade.AbstractLayoutVersionManager (AbstractLayoutVersionManager.java:init(83)) - Initializing Layout version manager with metadata layout = HADOOP_PRC_PORTS_IN_DATANODEDETAILS (version = 7), software layout = HADOOP_PRC_PORTS_IN_DATANODEDETAILS (version = 7)
2023-05-30 05:50:46,865 [Listener at 0.0.0.0/15010] INFO  statemachine.DatanodeStateMachine (DatanodeStateMachine.java:getEndPointTaskThreadPoolSize(275)) - Datanode State Machine Task Thread Pool size 2
2023-05-30 05:50:46,881 [Listener at 0.0.0.0/15010] INFO  volume.HddsVolume (HddsVolume.java:<init>(130)) - Creating HddsVolume: /home/runner/work/ozone/ozone/hadoop-ozone/integration-test/target/test-dir/MiniOzoneClusterImpl-14387da3-0fdf-4878-9e7f-f07e3baca9b9/datanode-1/data-0/containers/hdds of storage type : DISK capacity : 9223372036854775807
2023-05-30 05:50:46,881 [Listener at 0.0.0.0/15010] INFO  volume.MutableVolumeSet (MutableVolumeSet.java:initializeVolumeSet(175)) - Added Volume : /home/runner/work/ozone/ozone/hadoop-ozone/integration-test/target/test-dir/MiniOzoneClusterImpl-14387da3-0fdf-4878-9e7f-f07e3baca9b9/datanode-1/data-0/containers/hdds to VolumeSet
2023-05-30 05:50:46,881 [Listener at 0.0.0.0/15010] INFO  volume.ThrottledAsyncChecker (ThrottledAsyncChecker.java:schedule(141)) - Scheduling a check for /home/runner/work/ozone/ozone/hadoop-ozone/integration-test/target/test-dir/MiniOzoneClusterImpl-14387da3-0fdf-4878-9e7f-f07e3baca9b9/datanode-1/data-0/containers/hdds
2023-05-30 05:50:46,882 [Listener at 0.0.0.0/15010] INFO  volume.StorageVolumeChecker (StorageVolumeChecker.java:checkAllVolumes(202)) - Scheduled health check for volume /home/runner/work/ozone/ozone/hadoop-ozone/integration-test/target/test-dir/MiniOzoneClusterImpl-14387da3-0fdf-4878-9e7f-f07e3baca9b9/datanode-1/data-0/containers/hdds
2023-05-30 05:50:46,919 [Listener at 0.0.0.0/15010] INFO  volume.MutableVolumeSet (MutableVolumeSet.java:initializeVolumeSet(175)) - Added Volume : /home/runner/work/ozone/ozone/hadoop-ozone/integration-test/target/test-dir/MiniOzoneClusterImpl-14387da3-0fdf-4878-9e7f-f07e3baca9b9/datanode-1/data/ratis to VolumeSet
2023-05-30 05:50:46,921 [Listener at 0.0.0.0/15010] INFO  volume.ThrottledAsyncChecker (ThrottledAsyncChecker.java:schedule(141)) - Scheduling a check for /home/runner/work/ozone/ozone/hadoop-ozone/integration-test/target/test-dir/MiniOzoneClusterImpl-14387da3-0fdf-4878-9e7f-f07e3baca9b9/datanode-1/data/ratis
2023-05-30 05:50:46,921 [Listener at 0.0.0.0/15010] INFO  volume.StorageVolumeChecker (StorageVolumeChecker.java:checkAllVolumes(202)) - Scheduled health check for volume /home/runner/work/ozone/ozone/hadoop-ozone/integration-test/target/test-dir/MiniOzoneClusterImpl-14387da3-0fdf-4878-9e7f-f07e3baca9b9/datanode-1/data/ratis
2023-05-30 05:50:46,927 [om1@group-C5BA1605619E-StateMachineUpdater] INFO  ratis.OzoneManagerStateMachine (OzoneManagerStateMachine.java:notifyConfigurationChanged(201)) - Received Configuration change notification from Ratis. New Peer list:
[id: "om1"
address: "localhost:15007"
startupRole: FOLLOWER
]
2023-05-30 05:50:46,951 [Thread-161] INFO  ozoneimpl.ContainerReader (ContainerReader.java:readVolume(175)) - Finish verifying containers on volume /home/runner/work/ozone/ozone/hadoop-ozone/integration-test/target/test-dir/MiniOzoneClusterImpl-14387da3-0fdf-4878-9e7f-f07e3baca9b9/datanode-1/data-0/containers/hdds
2023-05-30 05:50:46,954 [Listener at 0.0.0.0/15010] INFO  ozoneimpl.OzoneContainer (OzoneContainer.java:buildContainerSet(303)) - Build ContainerSet costs 0s
2023-05-30 05:50:46,957 [Listener at 0.0.0.0/15010] INFO  server.RaftServer (ConfUtils.java:logGet(46)) - raft.rpc.type = GRPC (default)
2023-05-30 05:50:46,958 [Listener at 0.0.0.0/15010] INFO  grpc.GrpcConfigKeys (ConfUtils.java:logFallback(53)) - raft.grpc.admin.host = null (fallback to raft.grpc.server.host)
2023-05-30 05:50:46,958 [Listener at 0.0.0.0/15010] INFO  grpc.GrpcConfigKeys (ConfUtils.java:logGet(46)) - raft.grpc.admin.port = 15022 (custom)
2023-05-30 05:50:46,958 [Listener at 0.0.0.0/15010] INFO  grpc.GrpcConfigKeys (ConfUtils.java:logFallback(53)) - raft.grpc.client.host = null (fallback to raft.grpc.server.host)
2023-05-30 05:50:46,958 [Listener at 0.0.0.0/15010] INFO  grpc.GrpcConfigKeys (ConfUtils.java:logGet(46)) - raft.grpc.client.port = 15021 (custom)
2023-05-30 05:50:46,958 [Listener at 0.0.0.0/15010] INFO  grpc.GrpcConfigKeys (ConfUtils.java:logGet(46)) - raft.grpc.server.host = null (default)
2023-05-30 05:50:46,958 [Listener at 0.0.0.0/15010] INFO  grpc.GrpcConfigKeys (ConfUtils.java:logGet(46)) - raft.grpc.server.port = 15023 (custom)
2023-05-30 05:50:46,959 [Listener at 0.0.0.0/15010] INFO  server.GrpcService (ConfUtils.java:logGet(46)) - raft.grpc.message.size.max = 32MB (=33554432) (custom)
2023-05-30 05:50:46,959 [Listener at 0.0.0.0/15010] INFO  server.RaftServerConfigKeys (ConfUtils.java:logGet(46)) - raft.server.log.appender.buffer.byte-limit = 33554432 (custom)
2023-05-30 05:50:46,959 [Listener at 0.0.0.0/15010] INFO  server.GrpcService (ConfUtils.java:logGet(46)) - raft.grpc.flow.control.window = 5MB (=5242880) (custom)
2023-05-30 05:50:46,959 [Listener at 0.0.0.0/15010] INFO  server.RaftServerConfigKeys (ConfUtils.java:logGet(46)) - raft.server.rpc.request.timeout = 3000ms (default)
2023-05-30 05:50:46,959 [Listener at 0.0.0.0/15010] INFO  grpc.GrpcConfigKeys (ConfUtils.java:logGet(46)) - raft.grpc.server.heartbeat.channel = true (default)
2023-05-30 05:50:46,959 [Listener at 0.0.0.0/15010] INFO  grpc.GrpcConfigKeys (ConfUtils.java:logGet(46)) - raft.grpc.server.async.request.thread.pool.cached = true (default)
2023-05-30 05:50:46,960 [Listener at 0.0.0.0/15010] INFO  grpc.GrpcConfigKeys (ConfUtils.java:logGet(46)) - raft.grpc.server.async.request.thread.pool.size = 32 (default)
2023-05-30 05:50:46,966 [Listener at 0.0.0.0/15010] INFO  impl.DataStreamServerImpl (ConfUtils.java:logGet(46)) - raft.datastream.type = NETTY (custom)
2023-05-30 05:50:46,967 [Listener at 0.0.0.0/15010] INFO  server.RaftServerConfigKeys (ConfUtils.java:logGet(46)) - raft.server.data-stream.async.request.thread.pool.cached = false (default)
2023-05-30 05:50:46,968 [Listener at 0.0.0.0/15010] INFO  server.RaftServerConfigKeys (ConfUtils.java:logGet(46)) - raft.server.data-stream.async.request.thread.pool.size = 20 (custom)
2023-05-30 05:50:46,968 [Listener at 0.0.0.0/15010] INFO  server.RaftServerConfigKeys (ConfUtils.java:logGet(46)) - raft.server.data-stream.async.write.thread.pool.size = 16 (default)
2023-05-30 05:50:46,968 [Listener at 0.0.0.0/15010] INFO  server.RaftServerConfigKeys (ConfUtils.java:logGet(46)) - raft.server.data-stream.client.pool.size = 10 (default)
2023-05-30 05:50:46,968 [Listener at 0.0.0.0/15010] INFO  netty.NettyConfigKeys$DataStream (ConfUtils.java:logGet(46)) - raft.netty.dataStream.server.use-epoll = false (default)
2023-05-30 05:50:46,970 [Listener at 0.0.0.0/15010] INFO  netty.NettyConfigKeys$DataStream (ConfUtils.java:logGet(46)) - raft.netty.dataStream.server.boss-group.size = 0 (default)
2023-05-30 05:50:46,970 [Listener at 0.0.0.0/15010] INFO  netty.NettyConfigKeys$DataStream (ConfUtils.java:logGet(46)) - raft.netty.dataStream.server.worker-group.size = 0 (default)
2023-05-30 05:50:46,972 [Listener at 0.0.0.0/15010] INFO  netty.NettyConfigKeys$DataStream (ConfUtils.java:logGet(46)) - raft.netty.dataStream.server.tls.conf = null (default)
2023-05-30 05:50:46,972 [Listener at 0.0.0.0/15010] INFO  netty.NettyConfigKeys$DataStream (ConfUtils.java:logGet(46)) - raft.netty.dataStream.host = null (default)
2023-05-30 05:50:46,972 [Listener at 0.0.0.0/15010] INFO  netty.NettyConfigKeys$DataStream (ConfUtils.java:logGet(46)) - raft.netty.dataStream.port = 15024 (custom)
2023-05-30 05:50:46,978 [Listener at 0.0.0.0/15010] INFO  server.RaftServerConfigKeys (ConfUtils.java:logGet(46)) - raft.server.threadpool.proxy.cached = true (default)
2023-05-30 05:50:46,978 [Listener at 0.0.0.0/15010] INFO  server.RaftServerConfigKeys (ConfUtils.java:logGet(46)) - raft.server.threadpool.proxy.size = 0 (default)
2023-05-30 05:50:46,978 [Listener at 0.0.0.0/15010] INFO  server.RaftServerConfigKeys (ConfUtils.java:logGet(46)) - raft.server.rpc.slowness.timeout = 300000ms (custom)
2023-05-30 05:50:46,978 [Listener at 0.0.0.0/15010] INFO  server.RaftServerConfigKeys (ConfUtils.java:logGet(46)) - raft.server.leaderelection.leader.step-down.wait-time = 10s (default)
2023-05-30 05:50:46,979 [Listener at 0.0.0.0/15010] INFO  server.RaftServerConfigKeys (ConfUtils.java:logGet(46)) - raft.server.storage.dir = [/home/runner/work/ozone/ozone/hadoop-ozone/integration-test/target/test-dir/MiniOzoneClusterImpl-14387da3-0fdf-4878-9e7f-f07e3baca9b9/datanode-1/data/ratis] (custom)
2023-05-30 05:50:46,992 [Listener at 0.0.0.0/15010] INFO  server.XceiverServerGrpc (XceiverServerGrpc.java:<init>(132)) - GrpcServer channel type EpollServerSocketChannel
2023-05-30 05:50:46,995 [Listener at 0.0.0.0/15010] INFO  replication.ReplicationSupervisor (ReplicationSupervisor.java:nodeStateUpdated(296)) - Node state updated to IN_SERVICE, scaling executor pool size to 10
2023-05-30 05:50:46,997 [0ed3f2b4-6603-4cfa-a0d8-6595115ff82f-NettyServerStreamRpc-bossGroup--thread1] INFO  logging.LoggingHandler (AbstractInternalLogger.java:log(148)) - [id: 0xdeb401ef] REGISTERED
2023-05-30 05:50:47,001 [0ed3f2b4-6603-4cfa-a0d8-6595115ff82f-NettyServerStreamRpc-bossGroup--thread1] INFO  logging.LoggingHandler (AbstractInternalLogger.java:log(148)) - [id: 0xdeb401ef] BIND: 0.0.0.0/0.0.0.0:15024
2023-05-30 05:50:47,001 [0ed3f2b4-6603-4cfa-a0d8-6595115ff82f-NettyServerStreamRpc-bossGroup--thread1] INFO  logging.LoggingHandler (AbstractInternalLogger.java:log(148)) - [id: 0xdeb401ef, L:/0:0:0:0:0:0:0:0:15024] ACTIVE
2023-05-30 05:50:47,005 [Listener at 0.0.0.0/15010] INFO  http.BaseHttpServer (BaseHttpServer.java:newHttpServer2BuilderForOzone(224)) - Starting Web-server for hddsDatanode at: http://0.0.0.0:15018
2023-05-30 05:50:47,005 [Listener at 0.0.0.0/15010] INFO  http.BaseHttpServer (BaseHttpServer.java:<init>(111)) - Hadoop Security Enabled: false Ozone Security Enabled: false Ozone HTTP Security Enabled: false 
2023-05-30 05:50:47,006 [Listener at 0.0.0.0/15010] WARN  server.AuthenticationFilter (AuthenticationFilter.java:constructSecretProvider(240)) - Unable to initialize FileSignerSecretProvider, falling back to use random secrets. Reason: Could not read signature secret file: /home/runner/hadoop-http-auth-signature-secret
2023-05-30 05:50:47,010 [Listener at 0.0.0.0/15010] INFO  http.HttpRequestLog (HttpRequestLog.java:getRequestLog(86)) - Http request log for http.requests.hddsDatanode is not defined
2023-05-30 05:50:47,012 [Listener at 0.0.0.0/15010] INFO  http.HttpServer2 (HttpServer2.java:addGlobalFilter(1031)) - Added global filter 'safety' (class=org.apache.hadoop.hdds.server.http.HttpServer2$QuotingInputFilter)
2023-05-30 05:50:47,012 [Listener at 0.0.0.0/15010] INFO  http.HttpServer2 (HttpServer2.java:addFilter(1007)) - Added filter static_user_filter (class=org.apache.hadoop.http.lib.StaticUserWebFilter$StaticUserFilter) to context hddsDatanode
2023-05-30 05:50:47,013 [Listener at 0.0.0.0/15010] INFO  http.HttpServer2 (HttpServer2.java:addFilter(1015)) - Added filter static_user_filter (class=org.apache.hadoop.http.lib.StaticUserWebFilter$StaticUserFilter) to context static
2023-05-30 05:50:47,013 [Listener at 0.0.0.0/15010] INFO  http.HttpServer2 (HttpServer2.java:addFilter(1015)) - Added filter static_user_filter (class=org.apache.hadoop.http.lib.StaticUserWebFilter$StaticUserFilter) to context logs
2023-05-30 05:50:47,014 [Listener at 0.0.0.0/15010] INFO  http.BaseHttpServer (BaseHttpServer.java:<init>(190)) - HTTP server of hddsDatanode uses base directory /home/runner/work/ozone/ozone/hadoop-ozone/integration-test/target/test-dir/MiniOzoneClusterImpl-14387da3-0fdf-4878-9e7f-f07e3baca9b9/datanode-1/meta/webserver
2023-05-30 05:50:47,014 [Listener at 0.0.0.0/15010] INFO  http.HttpServer2 (HttpServer2.java:bindListener(1250)) - Jetty bound to port 15018
2023-05-30 05:50:47,014 [Listener at 0.0.0.0/15010] INFO  server.Server (Server.java:doStart(375)) - jetty-9.4.51.v20230217; built: 2023-02-17T08:19:37.309Z; git: b45c405e4544384de066f814ed42ae3dceacdd49; jvm 1.8.0_362-b09
2023-05-30 05:50:47,041 [Listener at 0.0.0.0/15010] INFO  server.session (DefaultSessionIdManager.java:doStart(334)) - DefaultSessionIdManager workerName=node0
2023-05-30 05:50:47,042 [Listener at 0.0.0.0/15010] INFO  server.session (DefaultSessionIdManager.java:doStart(339)) - No SessionScavenger set, using defaults
2023-05-30 05:50:47,042 [Listener at 0.0.0.0/15010] INFO  server.session (HouseKeeper.java:startScavenging(132)) - node0 Scavenging every 660000ms
2023-05-30 05:50:47,047 [Listener at 0.0.0.0/15010] INFO  handler.ContextHandler (ContextHandler.java:doStart(921)) - Started o.e.j.s.ServletContextHandler@5bb0de2a{logs,/logs,file:///home/runner/work/ozone/ozone/hadoop-ozone/integration-test/target/log,AVAILABLE}
2023-05-30 05:50:47,048 [Listener at 0.0.0.0/15010] INFO  handler.ContextHandler (ContextHandler.java:doStart(921)) - Started o.e.j.s.ServletContextHandler@55e60c72{static,/static,jar:file:/home/runner/.m2/repository/org/apache/ozone/hdds-container-service/1.4.0-SNAPSHOT/hdds-container-service-1.4.0-SNAPSHOT.jar!/webapps/static,AVAILABLE}
2023-05-30 05:50:47,070 [Datanode State Machine Task Thread - 0] INFO  datanode.InitDatanodeState (InitDatanodeState.java:persistContainerDatanodeDetails(138)) - DatanodeDetails is persisted to /home/runner/work/ozone/ozone/hadoop-ozone/integration-test/target/test-dir/MiniOzoneClusterImpl-14387da3-0fdf-4878-9e7f-f07e3baca9b9/datanode-0/meta/datanode.id
2023-05-30 05:50:47,280 [Listener at 0.0.0.0/15010] INFO  handler.ContextHandler (ContextHandler.java:doStart(921)) - Started o.e.j.w.WebAppContext@4e3ee82f{hddsDatanode,/,file:///home/runner/work/ozone/ozone/hadoop-ozone/integration-test/target/test-dir/MiniOzoneClusterImpl-14387da3-0fdf-4878-9e7f-f07e3baca9b9/datanode-1/meta/webserver/jetty-0_0_0_0-15018-hdds-container-service-1_4_0-SNAPSHOT_jar-_-any-2242408395460678998/webapp/,AVAILABLE}{jar:file:/home/runner/.m2/repository/org/apache/ozone/hdds-container-service/1.4.0-SNAPSHOT/hdds-container-service-1.4.0-SNAPSHOT.jar!/webapps/hddsDatanode}
2023-05-30 05:50:47,282 [Listener at 0.0.0.0/15010] INFO  server.AbstractConnector (AbstractConnector.java:doStart(333)) - Started ServerConnector@1e7e5906{HTTP/1.1, (http/1.1)}{0.0.0.0:15018}
2023-05-30 05:50:47,282 [Listener at 0.0.0.0/15010] INFO  server.Server (Server.java:doStart(415)) - Started @10521ms
2023-05-30 05:50:47,282 [Listener at 0.0.0.0/15010] WARN  impl.MetricsSystemImpl (MetricsSystemImpl.java:register(279)) - Sink prometheus already exists!
2023-05-30 05:50:47,283 [Listener at 0.0.0.0/15010] INFO  http.BaseHttpServer (BaseHttpServer.java:updateConnectorAddress(344)) - HTTP server of hddsDatanode listening at http://0.0.0.0:15018
2023-05-30 05:50:47,283 [Listener at 0.0.0.0/15010] INFO  ipc.CallQueueManager (CallQueueManager.java:<init>(90)) - Using callQueue: class java.util.concurrent.LinkedBlockingQueue, queueCapacity: 100, scheduler: class org.apache.hadoop.ipc.DefaultRpcScheduler, ipcBackoff: false.
2023-05-30 05:50:47,286 [Socket Reader #1 for port 15019] INFO  ipc.Server (Server.java:run(1319)) - Starting Socket Reader #1 for port 15019
2023-05-30 05:50:47,295 [Listener at 0.0.0.0/15019] INFO  ozone.HddsDatanodeService (HddsDatanodeService.java:start(337)) - Datanode start with admins: [runner]
2023-05-30 05:50:47,295 [Listener at 0.0.0.0/15019] INFO  ozone.HddsDatanodeClientProtocolServer (HddsDatanodeClientProtocolServer.java:start(82)) - RPC server for Client /0.0.0.0:15019
2023-05-30 05:50:47,295 [IPC Server Responder] INFO  ipc.Server (Server.java:run(1558)) - IPC Server Responder: starting
2023-05-30 05:50:47,296 [IPC Server listener on 15019] INFO  ipc.Server (Server.java:run(1398)) - IPC Server listener on 15019: starting
2023-05-30 05:50:47,298 [Datanode State Machine Daemon Thread] INFO  statemachine.DatanodeStateMachine (DatanodeStateMachine.java:lambda$startDaemon$0(537)) - Ozone container server started.
2023-05-30 05:50:47,299 [Listener at 0.0.0.0/15019] WARN  impl.MetricRegistriesImpl (MetricRegistriesImpl.java:addReporterRegistration(111)) - New reporters are added after registries were created. Some metrics will be missing from the reporter. Please add reporter before adding any new registry.
2023-05-30 05:50:47,299 [Listener at 0.0.0.0/15019] WARN  impl.MetricRegistriesImpl (MetricRegistriesImpl.java:addReporterRegistration(111)) - New reporters are added after registries were created. Some metrics will be missing from the reporter. Please add reporter before adding any new registry.
2023-05-30 05:50:47,299 [Listener at 0.0.0.0/15019] INFO  impl.MetricsSystemImpl (MetricsSystemImpl.java:init(158)) - HddsDatanode metrics system started (again)
2023-05-30 05:50:47,306 [org.apache.hadoop.util.JvmPauseMonitor$Monitor@5a1b34b1] INFO  util.JvmPauseMonitor (JvmPauseMonitor.java:run(188)) - Starting JVM pause monitor
2023-05-30 05:50:47,318 [Datanode State Machine Task Thread - 0] INFO  datanode.InitDatanodeState (InitDatanodeState.java:persistContainerDatanodeDetails(138)) - DatanodeDetails is persisted to /home/runner/work/ozone/ozone/hadoop-ozone/integration-test/target/test-dir/MiniOzoneClusterImpl-14387da3-0fdf-4878-9e7f-f07e3baca9b9/datanode-1/meta/datanode.id
2023-05-30 05:50:47,336 [Listener at 0.0.0.0/15019] INFO  ozone.HddsDatanodeService (HddsDatanodeService.java:start(264)) - HddsDatanodeService host:fv-az800-703 ip:10.1.0.18
2023-05-30 05:50:47,370 [Listener at 0.0.0.0/15019] INFO  upgrade.AbstractLayoutVersionManager (AbstractLayoutVersionManager.java:init(83)) - Initializing Layout version manager with metadata layout = HADOOP_PRC_PORTS_IN_DATANODEDETAILS (version = 7), software layout = HADOOP_PRC_PORTS_IN_DATANODEDETAILS (version = 7)
2023-05-30 05:50:47,371 [Listener at 0.0.0.0/15019] INFO  statemachine.DatanodeStateMachine (DatanodeStateMachine.java:getEndPointTaskThreadPoolSize(275)) - Datanode State Machine Task Thread Pool size 2
2023-05-30 05:50:47,379 [Listener at 0.0.0.0/15019] INFO  volume.HddsVolume (HddsVolume.java:<init>(130)) - Creating HddsVolume: /home/runner/work/ozone/ozone/hadoop-ozone/integration-test/target/test-dir/MiniOzoneClusterImpl-14387da3-0fdf-4878-9e7f-f07e3baca9b9/datanode-2/data-0/containers/hdds of storage type : DISK capacity : 9223372036854775807
2023-05-30 05:50:47,379 [Listener at 0.0.0.0/15019] INFO  volume.MutableVolumeSet (MutableVolumeSet.java:initializeVolumeSet(175)) - Added Volume : /home/runner/work/ozone/ozone/hadoop-ozone/integration-test/target/test-dir/MiniOzoneClusterImpl-14387da3-0fdf-4878-9e7f-f07e3baca9b9/datanode-2/data-0/containers/hdds to VolumeSet
2023-05-30 05:50:47,379 [Listener at 0.0.0.0/15019] INFO  volume.ThrottledAsyncChecker (ThrottledAsyncChecker.java:schedule(141)) - Scheduling a check for /home/runner/work/ozone/ozone/hadoop-ozone/integration-test/target/test-dir/MiniOzoneClusterImpl-14387da3-0fdf-4878-9e7f-f07e3baca9b9/datanode-2/data-0/containers/hdds
2023-05-30 05:50:47,380 [Listener at 0.0.0.0/15019] INFO  volume.StorageVolumeChecker (StorageVolumeChecker.java:checkAllVolumes(202)) - Scheduled health check for volume /home/runner/work/ozone/ozone/hadoop-ozone/integration-test/target/test-dir/MiniOzoneClusterImpl-14387da3-0fdf-4878-9e7f-f07e3baca9b9/datanode-2/data-0/containers/hdds
2023-05-30 05:50:47,395 [Listener at 0.0.0.0/15019] INFO  volume.MutableVolumeSet (MutableVolumeSet.java:initializeVolumeSet(175)) - Added Volume : /home/runner/work/ozone/ozone/hadoop-ozone/integration-test/target/test-dir/MiniOzoneClusterImpl-14387da3-0fdf-4878-9e7f-f07e3baca9b9/datanode-2/data/ratis to VolumeSet
2023-05-30 05:50:47,395 [Listener at 0.0.0.0/15019] INFO  volume.ThrottledAsyncChecker (ThrottledAsyncChecker.java:schedule(141)) - Scheduling a check for /home/runner/work/ozone/ozone/hadoop-ozone/integration-test/target/test-dir/MiniOzoneClusterImpl-14387da3-0fdf-4878-9e7f-f07e3baca9b9/datanode-2/data/ratis
2023-05-30 05:50:47,396 [Listener at 0.0.0.0/15019] INFO  volume.StorageVolumeChecker (StorageVolumeChecker.java:checkAllVolumes(202)) - Scheduled health check for volume /home/runner/work/ozone/ozone/hadoop-ozone/integration-test/target/test-dir/MiniOzoneClusterImpl-14387da3-0fdf-4878-9e7f-f07e3baca9b9/datanode-2/data/ratis
2023-05-30 05:50:47,411 [Thread-179] INFO  ozoneimpl.ContainerReader (ContainerReader.java:readVolume(175)) - Finish verifying containers on volume /home/runner/work/ozone/ozone/hadoop-ozone/integration-test/target/test-dir/MiniOzoneClusterImpl-14387da3-0fdf-4878-9e7f-f07e3baca9b9/datanode-2/data-0/containers/hdds
2023-05-30 05:50:47,411 [Listener at 0.0.0.0/15019] INFO  ozoneimpl.OzoneContainer (OzoneContainer.java:buildContainerSet(303)) - Build ContainerSet costs 0s
2023-05-30 05:50:47,424 [Listener at 0.0.0.0/15019] INFO  server.RaftServer (ConfUtils.java:logGet(46)) - raft.rpc.type = GRPC (default)
2023-05-30 05:50:47,425 [Listener at 0.0.0.0/15019] INFO  grpc.GrpcConfigKeys (ConfUtils.java:logFallback(53)) - raft.grpc.admin.host = null (fallback to raft.grpc.server.host)
2023-05-30 05:50:47,425 [Listener at 0.0.0.0/15019] INFO  grpc.GrpcConfigKeys (ConfUtils.java:logGet(46)) - raft.grpc.admin.port = 15031 (custom)
2023-05-30 05:50:47,425 [Listener at 0.0.0.0/15019] INFO  grpc.GrpcConfigKeys (ConfUtils.java:logFallback(53)) - raft.grpc.client.host = null (fallback to raft.grpc.server.host)
2023-05-30 05:50:47,425 [Listener at 0.0.0.0/15019] INFO  grpc.GrpcConfigKeys (ConfUtils.java:logGet(46)) - raft.grpc.client.port = 15030 (custom)
2023-05-30 05:50:47,425 [Listener at 0.0.0.0/15019] INFO  grpc.GrpcConfigKeys (ConfUtils.java:logGet(46)) - raft.grpc.server.host = null (default)
2023-05-30 05:50:47,427 [Listener at 0.0.0.0/15019] INFO  grpc.GrpcConfigKeys (ConfUtils.java:logGet(46)) - raft.grpc.server.port = 15032 (custom)
2023-05-30 05:50:47,427 [Listener at 0.0.0.0/15019] INFO  server.GrpcService (ConfUtils.java:logGet(46)) - raft.grpc.message.size.max = 32MB (=33554432) (custom)
2023-05-30 05:50:47,427 [Listener at 0.0.0.0/15019] INFO  server.RaftServerConfigKeys (ConfUtils.java:logGet(46)) - raft.server.log.appender.buffer.byte-limit = 33554432 (custom)
2023-05-30 05:50:47,427 [Listener at 0.0.0.0/15019] INFO  server.GrpcService (ConfUtils.java:logGet(46)) - raft.grpc.flow.control.window = 5MB (=5242880) (custom)
2023-05-30 05:50:47,427 [Listener at 0.0.0.0/15019] INFO  server.RaftServerConfigKeys (ConfUtils.java:logGet(46)) - raft.server.rpc.request.timeout = 3000ms (default)
2023-05-30 05:50:47,427 [Listener at 0.0.0.0/15019] INFO  grpc.GrpcConfigKeys (ConfUtils.java:logGet(46)) - raft.grpc.server.heartbeat.channel = true (default)
2023-05-30 05:50:47,429 [Listener at 0.0.0.0/15019] INFO  grpc.GrpcConfigKeys (ConfUtils.java:logGet(46)) - raft.grpc.server.async.request.thread.pool.cached = true (default)
2023-05-30 05:50:47,429 [Listener at 0.0.0.0/15019] INFO  grpc.GrpcConfigKeys (ConfUtils.java:logGet(46)) - raft.grpc.server.async.request.thread.pool.size = 32 (default)
2023-05-30 05:50:47,432 [Listener at 0.0.0.0/15019] INFO  impl.DataStreamServerImpl (ConfUtils.java:logGet(46)) - raft.datastream.type = NETTY (custom)
2023-05-30 05:50:47,432 [Listener at 0.0.0.0/15019] INFO  server.RaftServerConfigKeys (ConfUtils.java:logGet(46)) - raft.server.data-stream.async.request.thread.pool.cached = false (default)
2023-05-30 05:50:47,432 [Listener at 0.0.0.0/15019] INFO  server.RaftServerConfigKeys (ConfUtils.java:logGet(46)) - raft.server.data-stream.async.request.thread.pool.size = 20 (custom)
2023-05-30 05:50:47,432 [Listener at 0.0.0.0/15019] INFO  server.RaftServerConfigKeys (ConfUtils.java:logGet(46)) - raft.server.data-stream.async.write.thread.pool.size = 16 (default)
2023-05-30 05:50:47,432 [Listener at 0.0.0.0/15019] INFO  server.RaftServerConfigKeys (ConfUtils.java:logGet(46)) - raft.server.data-stream.client.pool.size = 10 (default)
2023-05-30 05:50:47,433 [Listener at 0.0.0.0/15019] INFO  netty.NettyConfigKeys$DataStream (ConfUtils.java:logGet(46)) - raft.netty.dataStream.server.use-epoll = false (default)
2023-05-30 05:50:47,433 [Listener at 0.0.0.0/15019] INFO  netty.NettyConfigKeys$DataStream (ConfUtils.java:logGet(46)) - raft.netty.dataStream.server.boss-group.size = 0 (default)
2023-05-30 05:50:47,433 [Listener at 0.0.0.0/15019] INFO  netty.NettyConfigKeys$DataStream (ConfUtils.java:logGet(46)) - raft.netty.dataStream.server.worker-group.size = 0 (default)
2023-05-30 05:50:47,434 [Listener at 0.0.0.0/15019] INFO  netty.NettyConfigKeys$DataStream (ConfUtils.java:logGet(46)) - raft.netty.dataStream.server.tls.conf = null (default)
2023-05-30 05:50:47,434 [Listener at 0.0.0.0/15019] INFO  netty.NettyConfigKeys$DataStream (ConfUtils.java:logGet(46)) - raft.netty.dataStream.host = null (default)
2023-05-30 05:50:47,434 [Listener at 0.0.0.0/15019] INFO  netty.NettyConfigKeys$DataStream (ConfUtils.java:logGet(46)) - raft.netty.dataStream.port = 15033 (custom)
2023-05-30 05:50:47,435 [Listener at 0.0.0.0/15019] INFO  server.RaftServerConfigKeys (ConfUtils.java:logGet(46)) - raft.server.threadpool.proxy.cached = true (default)
2023-05-30 05:50:47,439 [2201e636-6a5b-4250-af22-17a0252fe45f-NettyServerStreamRpc-bossGroup--thread1] INFO  logging.LoggingHandler (AbstractInternalLogger.java:log(148)) - [id: 0x48a8a684] REGISTERED
2023-05-30 05:50:47,439 [Listener at 0.0.0.0/15019] INFO  server.RaftServerConfigKeys (ConfUtils.java:logGet(46)) - raft.server.threadpool.proxy.size = 0 (default)
2023-05-30 05:50:47,439 [2201e636-6a5b-4250-af22-17a0252fe45f-NettyServerStreamRpc-bossGroup--thread1] INFO  logging.LoggingHandler (AbstractInternalLogger.java:log(148)) - [id: 0x48a8a684] BIND: 0.0.0.0/0.0.0.0:15033
2023-05-30 05:50:47,439 [Listener at 0.0.0.0/15019] INFO  server.RaftServerConfigKeys (ConfUtils.java:logGet(46)) - raft.server.rpc.slowness.timeout = 300000ms (custom)
2023-05-30 05:50:47,439 [2201e636-6a5b-4250-af22-17a0252fe45f-NettyServerStreamRpc-bossGroup--thread1] INFO  logging.LoggingHandler (AbstractInternalLogger.java:log(148)) - [id: 0x48a8a684, L:/0:0:0:0:0:0:0:0:15033] ACTIVE
2023-05-30 05:50:47,439 [Listener at 0.0.0.0/15019] INFO  server.RaftServerConfigKeys (ConfUtils.java:logGet(46)) - raft.server.leaderelection.leader.step-down.wait-time = 10s (default)
2023-05-30 05:50:47,440 [Listener at 0.0.0.0/15019] INFO  server.RaftServerConfigKeys (ConfUtils.java:logGet(46)) - raft.server.storage.dir = [/home/runner/work/ozone/ozone/hadoop-ozone/integration-test/target/test-dir/MiniOzoneClusterImpl-14387da3-0fdf-4878-9e7f-f07e3baca9b9/datanode-2/data/ratis] (custom)
2023-05-30 05:50:47,442 [Listener at 0.0.0.0/15019] INFO  server.XceiverServerGrpc (XceiverServerGrpc.java:<init>(132)) - GrpcServer channel type EpollServerSocketChannel
2023-05-30 05:50:47,444 [Listener at 0.0.0.0/15019] INFO  replication.ReplicationSupervisor (ReplicationSupervisor.java:nodeStateUpdated(296)) - Node state updated to IN_SERVICE, scaling executor pool size to 10
2023-05-30 05:50:47,451 [Listener at 0.0.0.0/15019] INFO  http.BaseHttpServer (BaseHttpServer.java:newHttpServer2BuilderForOzone(224)) - Starting Web-server for hddsDatanode at: http://0.0.0.0:15027
2023-05-30 05:50:47,451 [Listener at 0.0.0.0/15019] INFO  http.BaseHttpServer (BaseHttpServer.java:<init>(111)) - Hadoop Security Enabled: false Ozone Security Enabled: false Ozone HTTP Security Enabled: false 
2023-05-30 05:50:47,452 [Listener at 0.0.0.0/15019] WARN  server.AuthenticationFilter (AuthenticationFilter.java:constructSecretProvider(240)) - Unable to initialize FileSignerSecretProvider, falling back to use random secrets. Reason: Could not read signature secret file: /home/runner/hadoop-http-auth-signature-secret
2023-05-30 05:50:47,453 [Listener at 0.0.0.0/15019] INFO  http.HttpRequestLog (HttpRequestLog.java:getRequestLog(86)) - Http request log for http.requests.hddsDatanode is not defined
2023-05-30 05:50:47,455 [Listener at 0.0.0.0/15019] INFO  http.HttpServer2 (HttpServer2.java:addGlobalFilter(1031)) - Added global filter 'safety' (class=org.apache.hadoop.hdds.server.http.HttpServer2$QuotingInputFilter)
2023-05-30 05:50:47,456 [Listener at 0.0.0.0/15019] INFO  http.HttpServer2 (HttpServer2.java:addFilter(1007)) - Added filter static_user_filter (class=org.apache.hadoop.http.lib.StaticUserWebFilter$StaticUserFilter) to context hddsDatanode
2023-05-30 05:50:47,456 [Listener at 0.0.0.0/15019] INFO  http.HttpServer2 (HttpServer2.java:addFilter(1015)) - Added filter static_user_filter (class=org.apache.hadoop.http.lib.StaticUserWebFilter$StaticUserFilter) to context logs
2023-05-30 05:50:47,456 [Listener at 0.0.0.0/15019] INFO  http.HttpServer2 (HttpServer2.java:addFilter(1015)) - Added filter static_user_filter (class=org.apache.hadoop.http.lib.StaticUserWebFilter$StaticUserFilter) to context static
2023-05-30 05:50:47,457 [Listener at 0.0.0.0/15019] INFO  http.BaseHttpServer (BaseHttpServer.java:<init>(190)) - HTTP server of hddsDatanode uses base directory /home/runner/work/ozone/ozone/hadoop-ozone/integration-test/target/test-dir/MiniOzoneClusterImpl-14387da3-0fdf-4878-9e7f-f07e3baca9b9/datanode-2/meta/webserver
2023-05-30 05:50:47,457 [Listener at 0.0.0.0/15019] INFO  http.HttpServer2 (HttpServer2.java:bindListener(1250)) - Jetty bound to port 15027
2023-05-30 05:50:47,457 [Listener at 0.0.0.0/15019] INFO  server.Server (Server.java:doStart(375)) - jetty-9.4.51.v20230217; built: 2023-02-17T08:19:37.309Z; git: b45c405e4544384de066f814ed42ae3dceacdd49; jvm 1.8.0_362-b09
2023-05-30 05:50:47,459 [Listener at 0.0.0.0/15019] INFO  server.session (DefaultSessionIdManager.java:doStart(334)) - DefaultSessionIdManager workerName=node0
2023-05-30 05:50:47,459 [Listener at 0.0.0.0/15019] INFO  server.session (DefaultSessionIdManager.java:doStart(339)) - No SessionScavenger set, using defaults
2023-05-30 05:50:47,459 [Listener at 0.0.0.0/15019] INFO  server.session (HouseKeeper.java:startScavenging(132)) - node0 Scavenging every 600000ms
2023-05-30 05:50:47,460 [Listener at 0.0.0.0/15019] INFO  handler.ContextHandler (ContextHandler.java:doStart(921)) - Started o.e.j.s.ServletContextHandler@316a1241{logs,/logs,file:///home/runner/work/ozone/ozone/hadoop-ozone/integration-test/target/log,AVAILABLE}
2023-05-30 05:50:47,461 [Listener at 0.0.0.0/15019] INFO  handler.ContextHandler (ContextHandler.java:doStart(921)) - Started o.e.j.s.ServletContextHandler@63c9df77{static,/static,jar:file:/home/runner/.m2/repository/org/apache/ozone/hdds-container-service/1.4.0-SNAPSHOT/hdds-container-service-1.4.0-SNAPSHOT.jar!/webapps/static,AVAILABLE}
2023-05-30 05:50:47,683 [Listener at 0.0.0.0/15019] INFO  handler.ContextHandler (ContextHandler.java:doStart(921)) - Started o.e.j.w.WebAppContext@4e5f391c{hddsDatanode,/,file:///home/runner/work/ozone/ozone/hadoop-ozone/integration-test/target/test-dir/MiniOzoneClusterImpl-14387da3-0fdf-4878-9e7f-f07e3baca9b9/datanode-2/meta/webserver/jetty-0_0_0_0-15027-hdds-container-service-1_4_0-SNAPSHOT_jar-_-any-8560300577009342843/webapp/,AVAILABLE}{jar:file:/home/runner/.m2/repository/org/apache/ozone/hdds-container-service/1.4.0-SNAPSHOT/hdds-container-service-1.4.0-SNAPSHOT.jar!/webapps/hddsDatanode}
2023-05-30 05:50:47,685 [Listener at 0.0.0.0/15019] INFO  server.AbstractConnector (AbstractConnector.java:doStart(333)) - Started ServerConnector@79eaabdc{HTTP/1.1, (http/1.1)}{0.0.0.0:15027}
2023-05-30 05:50:47,686 [Listener at 0.0.0.0/15019] INFO  server.Server (Server.java:doStart(415)) - Started @10925ms
2023-05-30 05:50:47,686 [Listener at 0.0.0.0/15019] WARN  impl.MetricsSystemImpl (MetricsSystemImpl.java:register(279)) - Sink prometheus already exists!
2023-05-30 05:50:47,686 [Listener at 0.0.0.0/15019] INFO  http.BaseHttpServer (BaseHttpServer.java:updateConnectorAddress(344)) - HTTP server of hddsDatanode listening at http://0.0.0.0:15027
2023-05-30 05:50:47,687 [Listener at 0.0.0.0/15019] INFO  ipc.CallQueueManager (CallQueueManager.java:<init>(90)) - Using callQueue: class java.util.concurrent.LinkedBlockingQueue, queueCapacity: 100, scheduler: class org.apache.hadoop.ipc.DefaultRpcScheduler, ipcBackoff: false.
2023-05-30 05:50:47,694 [Socket Reader #1 for port 15028] INFO  ipc.Server (Server.java:run(1319)) - Starting Socket Reader #1 for port 15028
2023-05-30 05:50:47,705 [Listener at 0.0.0.0/15028] INFO  ozone.HddsDatanodeService (HddsDatanodeService.java:start(337)) - Datanode start with admins: [runner]
2023-05-30 05:50:47,706 [Listener at 0.0.0.0/15028] INFO  ozone.HddsDatanodeClientProtocolServer (HddsDatanodeClientProtocolServer.java:start(82)) - RPC server for Client /0.0.0.0:15028
2023-05-30 05:50:47,706 [IPC Server Responder] INFO  ipc.Server (Server.java:run(1558)) - IPC Server Responder: starting
2023-05-30 05:50:47,706 [IPC Server listener on 15028] INFO  ipc.Server (Server.java:run(1398)) - IPC Server listener on 15028: starting
2023-05-30 05:50:47,707 [Listener at 0.0.0.0/15028] WARN  impl.MetricRegistriesImpl (MetricRegistriesImpl.java:addReporterRegistration(111)) - New reporters are added after registries were created. Some metrics will be missing from the reporter. Please add reporter before adding any new registry.
2023-05-30 05:50:47,707 [Listener at 0.0.0.0/15028] WARN  impl.MetricRegistriesImpl (MetricRegistriesImpl.java:addReporterRegistration(111)) - New reporters are added after registries were created. Some metrics will be missing from the reporter. Please add reporter before adding any new registry.
2023-05-30 05:50:47,707 [Listener at 0.0.0.0/15028] INFO  impl.MetricsSystemImpl (MetricsSystemImpl.java:init(158)) - HddsDatanode metrics system started (again)
2023-05-30 05:50:47,716 [Datanode State Machine Daemon Thread] INFO  statemachine.DatanodeStateMachine (DatanodeStateMachine.java:lambda$startDaemon$0(537)) - Ozone container server started.
2023-05-30 05:50:47,734 [org.apache.hadoop.util.JvmPauseMonitor$Monitor@44e2e45] INFO  util.JvmPauseMonitor (JvmPauseMonitor.java:run(188)) - Starting JVM pause monitor
2023-05-30 05:50:47,750 [Datanode State Machine Task Thread - 0] INFO  datanode.InitDatanodeState (InitDatanodeState.java:persistContainerDatanodeDetails(138)) - DatanodeDetails is persisted to /home/runner/work/ozone/ozone/hadoop-ozone/integration-test/target/test-dir/MiniOzoneClusterImpl-14387da3-0fdf-4878-9e7f-f07e3baca9b9/datanode-2/meta/datanode.id
2023-05-30 05:50:47,753 [Listener at 0.0.0.0/15028] INFO  ozone.HddsDatanodeService (HddsDatanodeService.java:start(264)) - HddsDatanodeService host:fv-az800-703 ip:10.1.0.18
2023-05-30 05:50:47,782 [Listener at 0.0.0.0/15028] INFO  upgrade.AbstractLayoutVersionManager (AbstractLayoutVersionManager.java:init(83)) - Initializing Layout version manager with metadata layout = HADOOP_PRC_PORTS_IN_DATANODEDETAILS (version = 7), software layout = HADOOP_PRC_PORTS_IN_DATANODEDETAILS (version = 7)
2023-05-30 05:50:47,783 [Listener at 0.0.0.0/15028] INFO  statemachine.DatanodeStateMachine (DatanodeStateMachine.java:getEndPointTaskThreadPoolSize(275)) - Datanode State Machine Task Thread Pool size 2
2023-05-30 05:50:47,791 [Listener at 0.0.0.0/15028] INFO  volume.HddsVolume (HddsVolume.java:<init>(130)) - Creating HddsVolume: /home/runner/work/ozone/ozone/hadoop-ozone/integration-test/target/test-dir/MiniOzoneClusterImpl-14387da3-0fdf-4878-9e7f-f07e3baca9b9/datanode-3/data-0/containers/hdds of storage type : DISK capacity : 9223372036854775807
2023-05-30 05:50:47,791 [Listener at 0.0.0.0/15028] INFO  volume.MutableVolumeSet (MutableVolumeSet.java:initializeVolumeSet(175)) - Added Volume : /home/runner/work/ozone/ozone/hadoop-ozone/integration-test/target/test-dir/MiniOzoneClusterImpl-14387da3-0fdf-4878-9e7f-f07e3baca9b9/datanode-3/data-0/containers/hdds to VolumeSet
2023-05-30 05:50:47,791 [Listener at 0.0.0.0/15028] INFO  volume.ThrottledAsyncChecker (ThrottledAsyncChecker.java:schedule(141)) - Scheduling a check for /home/runner/work/ozone/ozone/hadoop-ozone/integration-test/target/test-dir/MiniOzoneClusterImpl-14387da3-0fdf-4878-9e7f-f07e3baca9b9/datanode-3/data-0/containers/hdds
2023-05-30 05:50:47,792 [Listener at 0.0.0.0/15028] INFO  volume.StorageVolumeChecker (StorageVolumeChecker.java:checkAllVolumes(202)) - Scheduled health check for volume /home/runner/work/ozone/ozone/hadoop-ozone/integration-test/target/test-dir/MiniOzoneClusterImpl-14387da3-0fdf-4878-9e7f-f07e3baca9b9/datanode-3/data-0/containers/hdds
2023-05-30 05:50:47,808 [Listener at 0.0.0.0/15028] INFO  volume.MutableVolumeSet (MutableVolumeSet.java:initializeVolumeSet(175)) - Added Volume : /home/runner/work/ozone/ozone/hadoop-ozone/integration-test/target/test-dir/MiniOzoneClusterImpl-14387da3-0fdf-4878-9e7f-f07e3baca9b9/datanode-3/data/ratis to VolumeSet
2023-05-30 05:50:47,808 [Listener at 0.0.0.0/15028] INFO  volume.ThrottledAsyncChecker (ThrottledAsyncChecker.java:schedule(141)) - Scheduling a check for /home/runner/work/ozone/ozone/hadoop-ozone/integration-test/target/test-dir/MiniOzoneClusterImpl-14387da3-0fdf-4878-9e7f-f07e3baca9b9/datanode-3/data/ratis
2023-05-30 05:50:47,809 [Listener at 0.0.0.0/15028] INFO  volume.StorageVolumeChecker (StorageVolumeChecker.java:checkAllVolumes(202)) - Scheduled health check for volume /home/runner/work/ozone/ozone/hadoop-ozone/integration-test/target/test-dir/MiniOzoneClusterImpl-14387da3-0fdf-4878-9e7f-f07e3baca9b9/datanode-3/data/ratis
2023-05-30 05:50:47,832 [Thread-197] INFO  ozoneimpl.ContainerReader (ContainerReader.java:readVolume(175)) - Finish verifying containers on volume /home/runner/work/ozone/ozone/hadoop-ozone/integration-test/target/test-dir/MiniOzoneClusterImpl-14387da3-0fdf-4878-9e7f-f07e3baca9b9/datanode-3/data-0/containers/hdds
2023-05-30 05:50:47,832 [Listener at 0.0.0.0/15028] INFO  ozoneimpl.OzoneContainer (OzoneContainer.java:buildContainerSet(303)) - Build ContainerSet costs 0s
2023-05-30 05:50:47,837 [Listener at 0.0.0.0/15028] INFO  server.RaftServer (ConfUtils.java:logGet(46)) - raft.rpc.type = GRPC (default)
2023-05-30 05:50:47,837 [Listener at 0.0.0.0/15028] INFO  grpc.GrpcConfigKeys (ConfUtils.java:logFallback(53)) - raft.grpc.admin.host = null (fallback to raft.grpc.server.host)
2023-05-30 05:50:47,837 [Listener at 0.0.0.0/15028] INFO  grpc.GrpcConfigKeys (ConfUtils.java:logGet(46)) - raft.grpc.admin.port = 15040 (custom)
2023-05-30 05:50:47,837 [Listener at 0.0.0.0/15028] INFO  grpc.GrpcConfigKeys (ConfUtils.java:logFallback(53)) - raft.grpc.client.host = null (fallback to raft.grpc.server.host)
2023-05-30 05:50:47,838 [Listener at 0.0.0.0/15028] INFO  grpc.GrpcConfigKeys (ConfUtils.java:logGet(46)) - raft.grpc.client.port = 15039 (custom)
2023-05-30 05:50:47,838 [Listener at 0.0.0.0/15028] INFO  grpc.GrpcConfigKeys (ConfUtils.java:logGet(46)) - raft.grpc.server.host = null (default)
2023-05-30 05:50:47,838 [Listener at 0.0.0.0/15028] INFO  grpc.GrpcConfigKeys (ConfUtils.java:logGet(46)) - raft.grpc.server.port = 15041 (custom)
2023-05-30 05:50:47,838 [Listener at 0.0.0.0/15028] INFO  server.GrpcService (ConfUtils.java:logGet(46)) - raft.grpc.message.size.max = 32MB (=33554432) (custom)
2023-05-30 05:50:47,838 [Listener at 0.0.0.0/15028] INFO  server.RaftServerConfigKeys (ConfUtils.java:logGet(46)) - raft.server.log.appender.buffer.byte-limit = 33554432 (custom)
2023-05-30 05:50:47,838 [Listener at 0.0.0.0/15028] INFO  server.GrpcService (ConfUtils.java:logGet(46)) - raft.grpc.flow.control.window = 5MB (=5242880) (custom)
2023-05-30 05:50:47,838 [Listener at 0.0.0.0/15028] INFO  server.RaftServerConfigKeys (ConfUtils.java:logGet(46)) - raft.server.rpc.request.timeout = 3000ms (default)
2023-05-30 05:50:47,839 [Listener at 0.0.0.0/15028] INFO  grpc.GrpcConfigKeys (ConfUtils.java:logGet(46)) - raft.grpc.server.heartbeat.channel = true (default)
2023-05-30 05:50:47,839 [Listener at 0.0.0.0/15028] INFO  grpc.GrpcConfigKeys (ConfUtils.java:logGet(46)) - raft.grpc.server.async.request.thread.pool.cached = true (default)
2023-05-30 05:50:47,839 [Listener at 0.0.0.0/15028] INFO  grpc.GrpcConfigKeys (ConfUtils.java:logGet(46)) - raft.grpc.server.async.request.thread.pool.size = 32 (default)
2023-05-30 05:50:47,843 [Listener at 0.0.0.0/15028] INFO  impl.DataStreamServerImpl (ConfUtils.java:logGet(46)) - raft.datastream.type = NETTY (custom)
2023-05-30 05:50:47,844 [Listener at 0.0.0.0/15028] INFO  server.RaftServerConfigKeys (ConfUtils.java:logGet(46)) - raft.server.data-stream.async.request.thread.pool.cached = false (default)
2023-05-30 05:50:47,844 [Listener at 0.0.0.0/15028] INFO  server.RaftServerConfigKeys (ConfUtils.java:logGet(46)) - raft.server.data-stream.async.request.thread.pool.size = 20 (custom)
2023-05-30 05:50:47,844 [Listener at 0.0.0.0/15028] INFO  server.RaftServerConfigKeys (ConfUtils.java:logGet(46)) - raft.server.data-stream.async.write.thread.pool.size = 16 (default)
2023-05-30 05:50:47,844 [Listener at 0.0.0.0/15028] INFO  server.RaftServerConfigKeys (ConfUtils.java:logGet(46)) - raft.server.data-stream.client.pool.size = 10 (default)
2023-05-30 05:50:47,844 [Listener at 0.0.0.0/15028] INFO  netty.NettyConfigKeys$DataStream (ConfUtils.java:logGet(46)) - raft.netty.dataStream.server.use-epoll = false (default)
2023-05-30 05:50:47,845 [Listener at 0.0.0.0/15028] INFO  netty.NettyConfigKeys$DataStream (ConfUtils.java:logGet(46)) - raft.netty.dataStream.server.boss-group.size = 0 (default)
2023-05-30 05:50:47,845 [Listener at 0.0.0.0/15028] INFO  netty.NettyConfigKeys$DataStream (ConfUtils.java:logGet(46)) - raft.netty.dataStream.server.worker-group.size = 0 (default)
2023-05-30 05:50:47,846 [Listener at 0.0.0.0/15028] INFO  netty.NettyConfigKeys$DataStream (ConfUtils.java:logGet(46)) - raft.netty.dataStream.server.tls.conf = null (default)
2023-05-30 05:50:47,846 [Listener at 0.0.0.0/15028] INFO  netty.NettyConfigKeys$DataStream (ConfUtils.java:logGet(46)) - raft.netty.dataStream.host = null (default)
2023-05-30 05:50:47,846 [Listener at 0.0.0.0/15028] INFO  netty.NettyConfigKeys$DataStream (ConfUtils.java:logGet(46)) - raft.netty.dataStream.port = 15042 (custom)
2023-05-30 05:50:47,847 [Listener at 0.0.0.0/15028] INFO  server.RaftServerConfigKeys (ConfUtils.java:logGet(46)) - raft.server.threadpool.proxy.cached = true (default)
2023-05-30 05:50:47,847 [Listener at 0.0.0.0/15028] INFO  server.RaftServerConfigKeys (ConfUtils.java:logGet(46)) - raft.server.threadpool.proxy.size = 0 (default)
2023-05-30 05:50:47,847 [Listener at 0.0.0.0/15028] INFO  server.RaftServerConfigKeys (ConfUtils.java:logGet(46)) - raft.server.rpc.slowness.timeout = 300000ms (custom)
2023-05-30 05:50:47,847 [Listener at 0.0.0.0/15028] INFO  server.RaftServerConfigKeys (ConfUtils.java:logGet(46)) - raft.server.leaderelection.leader.step-down.wait-time = 10s (default)
2023-05-30 05:50:47,847 [Listener at 0.0.0.0/15028] INFO  server.RaftServerConfigKeys (ConfUtils.java:logGet(46)) - raft.server.storage.dir = [/home/runner/work/ozone/ozone/hadoop-ozone/integration-test/target/test-dir/MiniOzoneClusterImpl-14387da3-0fdf-4878-9e7f-f07e3baca9b9/datanode-3/data/ratis] (custom)
2023-05-30 05:50:47,851 [c4b4ccd8-28b3-4cad-86d3-5fd988306184-NettyServerStreamRpc-bossGroup--thread1] INFO  logging.LoggingHandler (AbstractInternalLogger.java:log(148)) - [id: 0x1570330f] REGISTERED
2023-05-30 05:50:47,851 [c4b4ccd8-28b3-4cad-86d3-5fd988306184-NettyServerStreamRpc-bossGroup--thread1] INFO  logging.LoggingHandler (AbstractInternalLogger.java:log(148)) - [id: 0x1570330f] BIND: 0.0.0.0/0.0.0.0:15042
2023-05-30 05:50:47,851 [c4b4ccd8-28b3-4cad-86d3-5fd988306184-NettyServerStreamRpc-bossGroup--thread1] INFO  logging.LoggingHandler (AbstractInternalLogger.java:log(148)) - [id: 0x1570330f, L:/0:0:0:0:0:0:0:0:15042] ACTIVE
2023-05-30 05:50:47,853 [Listener at 0.0.0.0/15028] INFO  server.XceiverServerGrpc (XceiverServerGrpc.java:<init>(132)) - GrpcServer channel type EpollServerSocketChannel
2023-05-30 05:50:47,855 [Listener at 0.0.0.0/15028] INFO  replication.ReplicationSupervisor (ReplicationSupervisor.java:nodeStateUpdated(296)) - Node state updated to IN_SERVICE, scaling executor pool size to 10
2023-05-30 05:50:47,859 [Listener at 0.0.0.0/15028] INFO  http.BaseHttpServer (BaseHttpServer.java:newHttpServer2BuilderForOzone(224)) - Starting Web-server for hddsDatanode at: http://0.0.0.0:15036
2023-05-30 05:50:47,859 [Listener at 0.0.0.0/15028] INFO  http.BaseHttpServer (BaseHttpServer.java:<init>(111)) - Hadoop Security Enabled: false Ozone Security Enabled: false Ozone HTTP Security Enabled: false 
2023-05-30 05:50:47,860 [Listener at 0.0.0.0/15028] WARN  server.AuthenticationFilter (AuthenticationFilter.java:constructSecretProvider(240)) - Unable to initialize FileSignerSecretProvider, falling back to use random secrets. Reason: Could not read signature secret file: /home/runner/hadoop-http-auth-signature-secret
2023-05-30 05:50:47,865 [Listener at 0.0.0.0/15028] INFO  http.HttpRequestLog (HttpRequestLog.java:getRequestLog(86)) - Http request log for http.requests.hddsDatanode is not defined
2023-05-30 05:50:47,866 [Listener at 0.0.0.0/15028] INFO  http.HttpServer2 (HttpServer2.java:addGlobalFilter(1031)) - Added global filter 'safety' (class=org.apache.hadoop.hdds.server.http.HttpServer2$QuotingInputFilter)
2023-05-30 05:50:47,868 [Listener at 0.0.0.0/15028] INFO  http.HttpServer2 (HttpServer2.java:addFilter(1007)) - Added filter static_user_filter (class=org.apache.hadoop.http.lib.StaticUserWebFilter$StaticUserFilter) to context hddsDatanode
2023-05-30 05:50:47,868 [Listener at 0.0.0.0/15028] INFO  http.HttpServer2 (HttpServer2.java:addFilter(1015)) - Added filter static_user_filter (class=org.apache.hadoop.http.lib.StaticUserWebFilter$StaticUserFilter) to context logs
2023-05-30 05:50:47,868 [Listener at 0.0.0.0/15028] INFO  http.HttpServer2 (HttpServer2.java:addFilter(1015)) - Added filter static_user_filter (class=org.apache.hadoop.http.lib.StaticUserWebFilter$StaticUserFilter) to context static
2023-05-30 05:50:47,869 [Listener at 0.0.0.0/15028] INFO  http.BaseHttpServer (BaseHttpServer.java:<init>(190)) - HTTP server of hddsDatanode uses base directory /home/runner/work/ozone/ozone/hadoop-ozone/integration-test/target/test-dir/MiniOzoneClusterImpl-14387da3-0fdf-4878-9e7f-f07e3baca9b9/datanode-3/meta/webserver
2023-05-30 05:50:47,869 [Listener at 0.0.0.0/15028] INFO  http.HttpServer2 (HttpServer2.java:bindListener(1250)) - Jetty bound to port 15036
2023-05-30 05:50:47,869 [Listener at 0.0.0.0/15028] INFO  server.Server (Server.java:doStart(375)) - jetty-9.4.51.v20230217; built: 2023-02-17T08:19:37.309Z; git: b45c405e4544384de066f814ed42ae3dceacdd49; jvm 1.8.0_362-b09
2023-05-30 05:50:47,871 [Listener at 0.0.0.0/15028] INFO  server.session (DefaultSessionIdManager.java:doStart(334)) - DefaultSessionIdManager workerName=node0
2023-05-30 05:50:47,871 [Listener at 0.0.0.0/15028] INFO  server.session (DefaultSessionIdManager.java:doStart(339)) - No SessionScavenger set, using defaults
2023-05-30 05:50:47,872 [Listener at 0.0.0.0/15028] INFO  server.session (HouseKeeper.java:startScavenging(132)) - node0 Scavenging every 660000ms
2023-05-30 05:50:47,873 [Listener at 0.0.0.0/15028] INFO  handler.ContextHandler (ContextHandler.java:doStart(921)) - Started o.e.j.s.ServletContextHandler@27812cca{logs,/logs,file:///home/runner/work/ozone/ozone/hadoop-ozone/integration-test/target/log,AVAILABLE}
2023-05-30 05:50:47,873 [Listener at 0.0.0.0/15028] INFO  handler.ContextHandler (ContextHandler.java:doStart(921)) - Started o.e.j.s.ServletContextHandler@1e992336{static,/static,jar:file:/home/runner/.m2/repository/org/apache/ozone/hdds-container-service/1.4.0-SNAPSHOT/hdds-container-service-1.4.0-SNAPSHOT.jar!/webapps/static,AVAILABLE}
2023-05-30 05:50:48,143 [Listener at 0.0.0.0/15028] INFO  handler.ContextHandler (ContextHandler.java:doStart(921)) - Started o.e.j.w.WebAppContext@34cb4bec{hddsDatanode,/,file:///home/runner/work/ozone/ozone/hadoop-ozone/integration-test/target/test-dir/MiniOzoneClusterImpl-14387da3-0fdf-4878-9e7f-f07e3baca9b9/datanode-3/meta/webserver/jetty-0_0_0_0-15036-hdds-container-service-1_4_0-SNAPSHOT_jar-_-any-2589606918864806507/webapp/,AVAILABLE}{jar:file:/home/runner/.m2/repository/org/apache/ozone/hdds-container-service/1.4.0-SNAPSHOT/hdds-container-service-1.4.0-SNAPSHOT.jar!/webapps/hddsDatanode}
2023-05-30 05:50:48,145 [Listener at 0.0.0.0/15028] INFO  server.AbstractConnector (AbstractConnector.java:doStart(333)) - Started ServerConnector@575f4499{HTTP/1.1, (http/1.1)}{0.0.0.0:15036}
2023-05-30 05:50:48,145 [Listener at 0.0.0.0/15028] INFO  server.Server (Server.java:doStart(415)) - Started @11385ms
2023-05-30 05:50:48,145 [Listener at 0.0.0.0/15028] WARN  impl.MetricsSystemImpl (MetricsSystemImpl.java:register(279)) - Sink prometheus already exists!
2023-05-30 05:50:48,146 [Listener at 0.0.0.0/15028] INFO  http.BaseHttpServer (BaseHttpServer.java:updateConnectorAddress(344)) - HTTP server of hddsDatanode listening at http://0.0.0.0:15036
2023-05-30 05:50:48,146 [Listener at 0.0.0.0/15028] INFO  ipc.CallQueueManager (CallQueueManager.java:<init>(90)) - Using callQueue: class java.util.concurrent.LinkedBlockingQueue, queueCapacity: 100, scheduler: class org.apache.hadoop.ipc.DefaultRpcScheduler, ipcBackoff: false.
2023-05-30 05:50:48,147 [Socket Reader #1 for port 15037] INFO  ipc.Server (Server.java:run(1319)) - Starting Socket Reader #1 for port 15037
2023-05-30 05:50:48,150 [Listener at 0.0.0.0/15037] INFO  ozone.HddsDatanodeService (HddsDatanodeService.java:start(337)) - Datanode start with admins: [runner]
2023-05-30 05:50:48,150 [Listener at 0.0.0.0/15037] INFO  ozone.HddsDatanodeClientProtocolServer (HddsDatanodeClientProtocolServer.java:start(82)) - RPC server for Client /0.0.0.0:15037
2023-05-30 05:50:48,155 [IPC Server Responder] INFO  ipc.Server (Server.java:run(1558)) - IPC Server Responder: starting
2023-05-30 05:50:48,155 [IPC Server listener on 15037] INFO  ipc.Server (Server.java:run(1398)) - IPC Server listener on 15037: starting
2023-05-30 05:50:48,157 [Listener at 0.0.0.0/15037] WARN  impl.MetricRegistriesImpl (MetricRegistriesImpl.java:addReporterRegistration(111)) - New reporters are added after registries were created. Some metrics will be missing from the reporter. Please add reporter before adding any new registry.
2023-05-30 05:50:48,157 [Listener at 0.0.0.0/15037] WARN  impl.MetricRegistriesImpl (MetricRegistriesImpl.java:addReporterRegistration(111)) - New reporters are added after registries were created. Some metrics will be missing from the reporter. Please add reporter before adding any new registry.
2023-05-30 05:50:48,157 [Listener at 0.0.0.0/15037] INFO  impl.MetricsSystemImpl (MetricsSystemImpl.java:init(158)) - HddsDatanode metrics system started (again)
2023-05-30 05:50:48,162 [Datanode State Machine Daemon Thread] INFO  statemachine.DatanodeStateMachine (DatanodeStateMachine.java:lambda$startDaemon$0(537)) - Ozone container server started.
2023-05-30 05:50:48,175 [org.apache.hadoop.util.JvmPauseMonitor$Monitor@22184aef] INFO  util.JvmPauseMonitor (JvmPauseMonitor.java:run(188)) - Starting JVM pause monitor
2023-05-30 05:50:48,176 [Datanode State Machine Task Thread - 0] INFO  datanode.InitDatanodeState (InitDatanodeState.java:persistContainerDatanodeDetails(138)) - DatanodeDetails is persisted to /home/runner/work/ozone/ozone/hadoop-ozone/integration-test/target/test-dir/MiniOzoneClusterImpl-14387da3-0fdf-4878-9e7f-f07e3baca9b9/datanode-3/meta/datanode.id
2023-05-30 05:50:48,182 [Listener at 0.0.0.0/15037] INFO  ozone.HddsDatanodeService (HddsDatanodeService.java:start(264)) - HddsDatanodeService host:fv-az800-703 ip:10.1.0.18
2023-05-30 05:50:48,212 [Listener at 0.0.0.0/15037] INFO  upgrade.AbstractLayoutVersionManager (AbstractLayoutVersionManager.java:init(83)) - Initializing Layout version manager with metadata layout = HADOOP_PRC_PORTS_IN_DATANODEDETAILS (version = 7), software layout = HADOOP_PRC_PORTS_IN_DATANODEDETAILS (version = 7)
2023-05-30 05:50:48,212 [Listener at 0.0.0.0/15037] INFO  statemachine.DatanodeStateMachine (DatanodeStateMachine.java:getEndPointTaskThreadPoolSize(275)) - Datanode State Machine Task Thread Pool size 2
2023-05-30 05:50:48,219 [Listener at 0.0.0.0/15037] INFO  volume.HddsVolume (HddsVolume.java:<init>(130)) - Creating HddsVolume: /home/runner/work/ozone/ozone/hadoop-ozone/integration-test/target/test-dir/MiniOzoneClusterImpl-14387da3-0fdf-4878-9e7f-f07e3baca9b9/datanode-4/data-0/containers/hdds of storage type : DISK capacity : 9223372036854775807
2023-05-30 05:50:48,219 [Listener at 0.0.0.0/15037] INFO  volume.MutableVolumeSet (MutableVolumeSet.java:initializeVolumeSet(175)) - Added Volume : /home/runner/work/ozone/ozone/hadoop-ozone/integration-test/target/test-dir/MiniOzoneClusterImpl-14387da3-0fdf-4878-9e7f-f07e3baca9b9/datanode-4/data-0/containers/hdds to VolumeSet
2023-05-30 05:50:48,219 [Listener at 0.0.0.0/15037] INFO  volume.ThrottledAsyncChecker (ThrottledAsyncChecker.java:schedule(141)) - Scheduling a check for /home/runner/work/ozone/ozone/hadoop-ozone/integration-test/target/test-dir/MiniOzoneClusterImpl-14387da3-0fdf-4878-9e7f-f07e3baca9b9/datanode-4/data-0/containers/hdds
2023-05-30 05:50:48,224 [Listener at 0.0.0.0/15037] INFO  volume.StorageVolumeChecker (StorageVolumeChecker.java:checkAllVolumes(202)) - Scheduled health check for volume /home/runner/work/ozone/ozone/hadoop-ozone/integration-test/target/test-dir/MiniOzoneClusterImpl-14387da3-0fdf-4878-9e7f-f07e3baca9b9/datanode-4/data-0/containers/hdds
2023-05-30 05:50:48,237 [Listener at 0.0.0.0/15037] INFO  volume.MutableVolumeSet (MutableVolumeSet.java:initializeVolumeSet(175)) - Added Volume : /home/runner/work/ozone/ozone/hadoop-ozone/integration-test/target/test-dir/MiniOzoneClusterImpl-14387da3-0fdf-4878-9e7f-f07e3baca9b9/datanode-4/data/ratis to VolumeSet
2023-05-30 05:50:48,238 [Listener at 0.0.0.0/15037] INFO  volume.ThrottledAsyncChecker (ThrottledAsyncChecker.java:schedule(141)) - Scheduling a check for /home/runner/work/ozone/ozone/hadoop-ozone/integration-test/target/test-dir/MiniOzoneClusterImpl-14387da3-0fdf-4878-9e7f-f07e3baca9b9/datanode-4/data/ratis
2023-05-30 05:50:48,238 [Listener at 0.0.0.0/15037] INFO  volume.StorageVolumeChecker (StorageVolumeChecker.java:checkAllVolumes(202)) - Scheduled health check for volume /home/runner/work/ozone/ozone/hadoop-ozone/integration-test/target/test-dir/MiniOzoneClusterImpl-14387da3-0fdf-4878-9e7f-f07e3baca9b9/datanode-4/data/ratis
2023-05-30 05:50:48,251 [Thread-215] INFO  ozoneimpl.ContainerReader (ContainerReader.java:readVolume(175)) - Finish verifying containers on volume /home/runner/work/ozone/ozone/hadoop-ozone/integration-test/target/test-dir/MiniOzoneClusterImpl-14387da3-0fdf-4878-9e7f-f07e3baca9b9/datanode-4/data-0/containers/hdds
2023-05-30 05:50:48,251 [Listener at 0.0.0.0/15037] INFO  ozoneimpl.OzoneContainer (OzoneContainer.java:buildContainerSet(303)) - Build ContainerSet costs 0s
2023-05-30 05:50:48,254 [Listener at 0.0.0.0/15037] INFO  server.RaftServer (ConfUtils.java:logGet(46)) - raft.rpc.type = GRPC (default)
2023-05-30 05:50:48,254 [Listener at 0.0.0.0/15037] INFO  grpc.GrpcConfigKeys (ConfUtils.java:logFallback(53)) - raft.grpc.admin.host = null (fallback to raft.grpc.server.host)
2023-05-30 05:50:48,254 [Listener at 0.0.0.0/15037] INFO  grpc.GrpcConfigKeys (ConfUtils.java:logGet(46)) - raft.grpc.admin.port = 15049 (custom)
2023-05-30 05:50:48,254 [Listener at 0.0.0.0/15037] INFO  grpc.GrpcConfigKeys (ConfUtils.java:logFallback(53)) - raft.grpc.client.host = null (fallback to raft.grpc.server.host)
2023-05-30 05:50:48,254 [Listener at 0.0.0.0/15037] INFO  grpc.GrpcConfigKeys (ConfUtils.java:logGet(46)) - raft.grpc.client.port = 15048 (custom)
2023-05-30 05:50:48,254 [Listener at 0.0.0.0/15037] INFO  grpc.GrpcConfigKeys (ConfUtils.java:logGet(46)) - raft.grpc.server.host = null (default)
2023-05-30 05:50:48,255 [Listener at 0.0.0.0/15037] INFO  grpc.GrpcConfigKeys (ConfUtils.java:logGet(46)) - raft.grpc.server.port = 15050 (custom)
2023-05-30 05:50:48,255 [Listener at 0.0.0.0/15037] INFO  server.GrpcService (ConfUtils.java:logGet(46)) - raft.grpc.message.size.max = 32MB (=33554432) (custom)
2023-05-30 05:50:48,255 [Listener at 0.0.0.0/15037] INFO  server.RaftServerConfigKeys (ConfUtils.java:logGet(46)) - raft.server.log.appender.buffer.byte-limit = 33554432 (custom)
2023-05-30 05:50:48,255 [Listener at 0.0.0.0/15037] INFO  server.GrpcService (ConfUtils.java:logGet(46)) - raft.grpc.flow.control.window = 5MB (=5242880) (custom)
2023-05-30 05:50:48,255 [Listener at 0.0.0.0/15037] INFO  server.RaftServerConfigKeys (ConfUtils.java:logGet(46)) - raft.server.rpc.request.timeout = 3000ms (default)
2023-05-30 05:50:48,255 [Listener at 0.0.0.0/15037] INFO  grpc.GrpcConfigKeys (ConfUtils.java:logGet(46)) - raft.grpc.server.heartbeat.channel = true (default)
2023-05-30 05:50:48,255 [Listener at 0.0.0.0/15037] INFO  grpc.GrpcConfigKeys (ConfUtils.java:logGet(46)) - raft.grpc.server.async.request.thread.pool.cached = true (default)
2023-05-30 05:50:48,255 [Listener at 0.0.0.0/15037] INFO  grpc.GrpcConfigKeys (ConfUtils.java:logGet(46)) - raft.grpc.server.async.request.thread.pool.size = 32 (default)
2023-05-30 05:50:48,258 [Listener at 0.0.0.0/15037] INFO  impl.DataStreamServerImpl (ConfUtils.java:logGet(46)) - raft.datastream.type = NETTY (custom)
2023-05-30 05:50:48,259 [Listener at 0.0.0.0/15037] INFO  server.RaftServerConfigKeys (ConfUtils.java:logGet(46)) - raft.server.data-stream.async.request.thread.pool.cached = false (default)
2023-05-30 05:50:48,259 [Listener at 0.0.0.0/15037] INFO  server.RaftServerConfigKeys (ConfUtils.java:logGet(46)) - raft.server.data-stream.async.request.thread.pool.size = 20 (custom)
2023-05-30 05:50:48,259 [Listener at 0.0.0.0/15037] INFO  server.RaftServerConfigKeys (ConfUtils.java:logGet(46)) - raft.server.data-stream.async.write.thread.pool.size = 16 (default)
2023-05-30 05:50:48,259 [Listener at 0.0.0.0/15037] INFO  server.RaftServerConfigKeys (ConfUtils.java:logGet(46)) - raft.server.data-stream.client.pool.size = 10 (default)
2023-05-30 05:50:48,259 [Listener at 0.0.0.0/15037] INFO  netty.NettyConfigKeys$DataStream (ConfUtils.java:logGet(46)) - raft.netty.dataStream.server.use-epoll = false (default)
2023-05-30 05:50:48,259 [Listener at 0.0.0.0/15037] INFO  netty.NettyConfigKeys$DataStream (ConfUtils.java:logGet(46)) - raft.netty.dataStream.server.boss-group.size = 0 (default)
2023-05-30 05:50:48,260 [Listener at 0.0.0.0/15037] INFO  netty.NettyConfigKeys$DataStream (ConfUtils.java:logGet(46)) - raft.netty.dataStream.server.worker-group.size = 0 (default)
2023-05-30 05:50:48,260 [Listener at 0.0.0.0/15037] INFO  netty.NettyConfigKeys$DataStream (ConfUtils.java:logGet(46)) - raft.netty.dataStream.server.tls.conf = null (default)
2023-05-30 05:50:48,260 [Listener at 0.0.0.0/15037] INFO  netty.NettyConfigKeys$DataStream (ConfUtils.java:logGet(46)) - raft.netty.dataStream.host = null (default)
2023-05-30 05:50:48,260 [Listener at 0.0.0.0/15037] INFO  netty.NettyConfigKeys$DataStream (ConfUtils.java:logGet(46)) - raft.netty.dataStream.port = 15051 (custom)
2023-05-30 05:50:48,261 [Listener at 0.0.0.0/15037] INFO  server.RaftServerConfigKeys (ConfUtils.java:logGet(46)) - raft.server.threadpool.proxy.cached = true (default)
2023-05-30 05:50:48,261 [Listener at 0.0.0.0/15037] INFO  server.RaftServerConfigKeys (ConfUtils.java:logGet(46)) - raft.server.threadpool.proxy.size = 0 (default)
2023-05-30 05:50:48,261 [Listener at 0.0.0.0/15037] INFO  server.RaftServerConfigKeys (ConfUtils.java:logGet(46)) - raft.server.rpc.slowness.timeout = 300000ms (custom)
2023-05-30 05:50:48,261 [Listener at 0.0.0.0/15037] INFO  server.RaftServerConfigKeys (ConfUtils.java:logGet(46)) - raft.server.leaderelection.leader.step-down.wait-time = 10s (default)
2023-05-30 05:50:48,262 [Listener at 0.0.0.0/15037] INFO  server.RaftServerConfigKeys (ConfUtils.java:logGet(46)) - raft.server.storage.dir = [/home/runner/work/ozone/ozone/hadoop-ozone/integration-test/target/test-dir/MiniOzoneClusterImpl-14387da3-0fdf-4878-9e7f-f07e3baca9b9/datanode-4/data/ratis] (custom)
2023-05-30 05:50:48,267 [Listener at 0.0.0.0/15037] INFO  server.XceiverServerGrpc (XceiverServerGrpc.java:<init>(132)) - GrpcServer channel type EpollServerSocketChannel
2023-05-30 05:50:48,269 [Listener at 0.0.0.0/15037] INFO  replication.ReplicationSupervisor (ReplicationSupervisor.java:nodeStateUpdated(296)) - Node state updated to IN_SERVICE, scaling executor pool size to 10
2023-05-30 05:50:48,274 [6c00d7ad-6a7a-4ce5-bceb-eb03aa305f01-NettyServerStreamRpc-bossGroup--thread1] INFO  logging.LoggingHandler (AbstractInternalLogger.java:log(148)) - [id: 0x0d900cc4] REGISTERED
2023-05-30 05:50:48,275 [6c00d7ad-6a7a-4ce5-bceb-eb03aa305f01-NettyServerStreamRpc-bossGroup--thread1] INFO  logging.LoggingHandler (AbstractInternalLogger.java:log(148)) - [id: 0x0d900cc4] BIND: 0.0.0.0/0.0.0.0:15051
2023-05-30 05:50:48,275 [6c00d7ad-6a7a-4ce5-bceb-eb03aa305f01-NettyServerStreamRpc-bossGroup--thread1] INFO  logging.LoggingHandler (AbstractInternalLogger.java:log(148)) - [id: 0x0d900cc4, L:/0:0:0:0:0:0:0:0:15051] ACTIVE
2023-05-30 05:50:48,276 [Listener at 0.0.0.0/15037] INFO  http.BaseHttpServer (BaseHttpServer.java:newHttpServer2BuilderForOzone(224)) - Starting Web-server for hddsDatanode at: http://0.0.0.0:15045
2023-05-30 05:50:48,276 [Listener at 0.0.0.0/15037] INFO  http.BaseHttpServer (BaseHttpServer.java:<init>(111)) - Hadoop Security Enabled: false Ozone Security Enabled: false Ozone HTTP Security Enabled: false 
2023-05-30 05:50:48,279 [Listener at 0.0.0.0/15037] WARN  server.AuthenticationFilter (AuthenticationFilter.java:constructSecretProvider(240)) - Unable to initialize FileSignerSecretProvider, falling back to use random secrets. Reason: Could not read signature secret file: /home/runner/hadoop-http-auth-signature-secret
2023-05-30 05:50:48,279 [Listener at 0.0.0.0/15037] INFO  http.HttpRequestLog (HttpRequestLog.java:getRequestLog(86)) - Http request log for http.requests.hddsDatanode is not defined
2023-05-30 05:50:48,283 [Listener at 0.0.0.0/15037] INFO  http.HttpServer2 (HttpServer2.java:addGlobalFilter(1031)) - Added global filter 'safety' (class=org.apache.hadoop.hdds.server.http.HttpServer2$QuotingInputFilter)
2023-05-30 05:50:48,284 [Listener at 0.0.0.0/15037] INFO  http.HttpServer2 (HttpServer2.java:addFilter(1007)) - Added filter static_user_filter (class=org.apache.hadoop.http.lib.StaticUserWebFilter$StaticUserFilter) to context hddsDatanode
2023-05-30 05:50:48,284 [Listener at 0.0.0.0/15037] INFO  http.HttpServer2 (HttpServer2.java:addFilter(1015)) - Added filter static_user_filter (class=org.apache.hadoop.http.lib.StaticUserWebFilter$StaticUserFilter) to context logs
2023-05-30 05:50:48,284 [Listener at 0.0.0.0/15037] INFO  http.HttpServer2 (HttpServer2.java:addFilter(1015)) - Added filter static_user_filter (class=org.apache.hadoop.http.lib.StaticUserWebFilter$StaticUserFilter) to context static
2023-05-30 05:50:48,285 [Listener at 0.0.0.0/15037] INFO  http.BaseHttpServer (BaseHttpServer.java:<init>(190)) - HTTP server of hddsDatanode uses base directory /home/runner/work/ozone/ozone/hadoop-ozone/integration-test/target/test-dir/MiniOzoneClusterImpl-14387da3-0fdf-4878-9e7f-f07e3baca9b9/datanode-4/meta/webserver
2023-05-30 05:50:48,285 [Listener at 0.0.0.0/15037] INFO  http.HttpServer2 (HttpServer2.java:bindListener(1250)) - Jetty bound to port 15045
2023-05-30 05:50:48,285 [Listener at 0.0.0.0/15037] INFO  server.Server (Server.java:doStart(375)) - jetty-9.4.51.v20230217; built: 2023-02-17T08:19:37.309Z; git: b45c405e4544384de066f814ed42ae3dceacdd49; jvm 1.8.0_362-b09
2023-05-30 05:50:48,289 [Listener at 0.0.0.0/15037] INFO  server.session (DefaultSessionIdManager.java:doStart(334)) - DefaultSessionIdManager workerName=node0
2023-05-30 05:50:48,289 [Listener at 0.0.0.0/15037] INFO  server.session (DefaultSessionIdManager.java:doStart(339)) - No SessionScavenger set, using defaults
2023-05-30 05:50:48,289 [Listener at 0.0.0.0/15037] INFO  server.session (HouseKeeper.java:startScavenging(132)) - node0 Scavenging every 600000ms
2023-05-30 05:50:48,292 [Listener at 0.0.0.0/15037] INFO  handler.ContextHandler (ContextHandler.java:doStart(921)) - Started o.e.j.s.ServletContextHandler@3328c159{logs,/logs,file:///home/runner/work/ozone/ozone/hadoop-ozone/integration-test/target/log,AVAILABLE}
2023-05-30 05:50:48,295 [Listener at 0.0.0.0/15037] INFO  handler.ContextHandler (ContextHandler.java:doStart(921)) - Started o.e.j.s.ServletContextHandler@69af224d{static,/static,jar:file:/home/runner/.m2/repository/org/apache/ozone/hdds-container-service/1.4.0-SNAPSHOT/hdds-container-service-1.4.0-SNAPSHOT.jar!/webapps/static,AVAILABLE}
2023-05-30 05:50:48,527 [Listener at 0.0.0.0/15037] INFO  handler.ContextHandler (ContextHandler.java:doStart(921)) - Started o.e.j.w.WebAppContext@a3289a3{hddsDatanode,/,file:///home/runner/work/ozone/ozone/hadoop-ozone/integration-test/target/test-dir/MiniOzoneClusterImpl-14387da3-0fdf-4878-9e7f-f07e3baca9b9/datanode-4/meta/webserver/jetty-0_0_0_0-15045-hdds-container-service-1_4_0-SNAPSHOT_jar-_-any-7141582083036373512/webapp/,AVAILABLE}{jar:file:/home/runner/.m2/repository/org/apache/ozone/hdds-container-service/1.4.0-SNAPSHOT/hdds-container-service-1.4.0-SNAPSHOT.jar!/webapps/hddsDatanode}
2023-05-30 05:50:48,529 [Listener at 0.0.0.0/15037] INFO  server.AbstractConnector (AbstractConnector.java:doStart(333)) - Started ServerConnector@4fbbb01e{HTTP/1.1, (http/1.1)}{0.0.0.0:15045}
2023-05-30 05:50:48,529 [Listener at 0.0.0.0/15037] INFO  server.Server (Server.java:doStart(415)) - Started @11769ms
2023-05-30 05:50:48,529 [Listener at 0.0.0.0/15037] WARN  impl.MetricsSystemImpl (MetricsSystemImpl.java:register(279)) - Sink prometheus already exists!
2023-05-30 05:50:48,530 [Listener at 0.0.0.0/15037] INFO  http.BaseHttpServer (BaseHttpServer.java:updateConnectorAddress(344)) - HTTP server of hddsDatanode listening at http://0.0.0.0:15045
2023-05-30 05:50:48,531 [Listener at 0.0.0.0/15037] INFO  ipc.CallQueueManager (CallQueueManager.java:<init>(90)) - Using callQueue: class java.util.concurrent.LinkedBlockingQueue, queueCapacity: 100, scheduler: class org.apache.hadoop.ipc.DefaultRpcScheduler, ipcBackoff: false.
2023-05-30 05:50:48,534 [Socket Reader #1 for port 15046] INFO  ipc.Server (Server.java:run(1319)) - Starting Socket Reader #1 for port 15046
2023-05-30 05:50:48,538 [Listener at 0.0.0.0/15046] INFO  ozone.HddsDatanodeService (HddsDatanodeService.java:start(337)) - Datanode start with admins: [runner]
2023-05-30 05:50:48,538 [Listener at 0.0.0.0/15046] INFO  ozone.HddsDatanodeClientProtocolServer (HddsDatanodeClientProtocolServer.java:start(82)) - RPC server for Client /0.0.0.0:15046
2023-05-30 05:50:48,538 [IPC Server Responder] INFO  ipc.Server (Server.java:run(1558)) - IPC Server Responder: starting
2023-05-30 05:50:48,540 [IPC Server listener on 15046] INFO  ipc.Server (Server.java:run(1398)) - IPC Server listener on 15046: starting
2023-05-30 05:50:48,542 [Datanode State Machine Daemon Thread] INFO  statemachine.DatanodeStateMachine (DatanodeStateMachine.java:lambda$startDaemon$0(537)) - Ozone container server started.
2023-05-30 05:50:48,544 [Listener at 0.0.0.0/15046] INFO  ozone.MiniOzoneClusterImpl (MiniOzoneClusterImpl.java:lambda$waitForClusterToBeReady$0(222)) - Waiting for nodes to be ready. Got 0 of 5 DN Heartbeats.
2023-05-30 05:50:48,545 [Listener at 0.0.0.0/15046] INFO  ozone.MiniOzoneClusterImpl (MiniOzoneClusterImpl.java:lambda$waitForClusterToBeReady$0(225)) - Waiting for cluster to exit safe mode
2023-05-30 05:50:48,545 [Listener at 0.0.0.0/15046] INFO  ozone.MiniOzoneClusterImpl (MiniOzoneClusterImpl.java:lambda$waitForClusterToBeReady$0(227)) - SCM became leader
2023-05-30 05:50:48,556 [org.apache.hadoop.util.JvmPauseMonitor$Monitor@117f7a67] INFO  util.JvmPauseMonitor (JvmPauseMonitor.java:run(188)) - Starting JVM pause monitor
2023-05-30 05:50:48,557 [Datanode State Machine Task Thread - 0] INFO  datanode.InitDatanodeState (InitDatanodeState.java:persistContainerDatanodeDetails(138)) - DatanodeDetails is persisted to /home/runner/work/ozone/ozone/hadoop-ozone/integration-test/target/test-dir/MiniOzoneClusterImpl-14387da3-0fdf-4878-9e7f-f07e3baca9b9/datanode-4/meta/datanode.id
2023-05-30 05:50:48,953 [EndpointStateMachine task thread for /0.0.0.0:15002 - 0 ] INFO  utils.DatanodeStoreCache (DatanodeStoreCache.java:addDB(66)) - Added db /home/runner/work/ozone/ozone/hadoop-ozone/integration-test/target/test-dir/MiniOzoneClusterImpl-14387da3-0fdf-4878-9e7f-f07e3baca9b9/datanode-0/data-0/containers/hdds/14387da3-0fdf-4878-9e7f-f07e3baca9b9/DS-f1860f6f-70cb-4e83-a516-285ab5bd89f6/container.db to cache
2023-05-30 05:50:48,953 [EndpointStateMachine task thread for /0.0.0.0:15002 - 0 ] INFO  volume.HddsVolume (HddsVolume.java:createDbStore(350)) - SchemaV3 db is created and loaded at /home/runner/work/ozone/ozone/hadoop-ozone/integration-test/target/test-dir/MiniOzoneClusterImpl-14387da3-0fdf-4878-9e7f-f07e3baca9b9/datanode-0/data-0/containers/hdds/14387da3-0fdf-4878-9e7f-f07e3baca9b9/DS-f1860f6f-70cb-4e83-a516-285ab5bd89f6/container.db for volume DS-f1860f6f-70cb-4e83-a516-285ab5bd89f6
2023-05-30 05:50:48,957 [EndpointStateMachine task thread for /0.0.0.0:15002 - 0 ] INFO  ozoneimpl.OzoneContainer (OzoneContainer.java:start(398)) - Attempting to start container services.
2023-05-30 05:50:48,959 [EndpointStateMachine task thread for /0.0.0.0:15002 - 0 ] INFO  ozoneimpl.OzoneContainer (OzoneContainer.java:startContainerScrub(314)) - Scheduled background container scanners and the on-demand container scanner have been disabled.
2023-05-30 05:50:48,961 [EndpointStateMachine task thread for /0.0.0.0:15002 - 0 ] INFO  replication.ReplicationServer (ReplicationServer.java:start(128)) - ReplicationServer is started using port 15016
2023-05-30 05:50:48,961 [EndpointStateMachine task thread for /0.0.0.0:15002 - 0 ] INFO  ratis.XceiverServerRatis (XceiverServerRatis.java:start(517)) - Starting XceiverServerRatis 55da83fd-970f-4c5a-b7d8-35d4afa09e55
2023-05-30 05:50:48,967 [EndpointStateMachine task thread for /0.0.0.0:15002 - 0 ] INFO  server.RaftServer (RaftServerProxy.java:startImpl(400)) - 55da83fd-970f-4c5a-b7d8-35d4afa09e55: start RPC server
2023-05-30 05:50:48,977 [EndpointStateMachine task thread for /0.0.0.0:15002 - 0 ] INFO  server.GrpcService (GrpcService.java:startImpl(302)) - 55da83fd-970f-4c5a-b7d8-35d4afa09e55: GrpcService started, listening on 15012
2023-05-30 05:50:48,979 [EndpointStateMachine task thread for /0.0.0.0:15002 - 0 ] INFO  server.GrpcService (GrpcService.java:startImpl(302)) - 55da83fd-970f-4c5a-b7d8-35d4afa09e55: GrpcService started, listening on 15014
2023-05-30 05:50:48,981 [EndpointStateMachine task thread for /0.0.0.0:15002 - 0 ] INFO  server.GrpcService (GrpcService.java:startImpl(302)) - 55da83fd-970f-4c5a-b7d8-35d4afa09e55: GrpcService started, listening on 15013
2023-05-30 05:50:48,982 [EndpointStateMachine task thread for /0.0.0.0:15002 - 0 ] INFO  ratis.XceiverServerRatis (XceiverServerRatis.java:getRealPort(543)) - XceiverServerRatis 55da83fd-970f-4c5a-b7d8-35d4afa09e55 is started using port 15012 for RATIS
2023-05-30 05:50:48,982 [EndpointStateMachine task thread for /0.0.0.0:15002 - 0 ] INFO  ratis.XceiverServerRatis (XceiverServerRatis.java:getRealPort(543)) - XceiverServerRatis 55da83fd-970f-4c5a-b7d8-35d4afa09e55 is started using port 15013 for RATIS_ADMIN
2023-05-30 05:50:48,982 [EndpointStateMachine task thread for /0.0.0.0:15002 - 0 ] INFO  ratis.XceiverServerRatis (XceiverServerRatis.java:getRealPort(543)) - XceiverServerRatis 55da83fd-970f-4c5a-b7d8-35d4afa09e55 is started using port 15014 for RATIS_SERVER
2023-05-30 05:50:48,982 [EndpointStateMachine task thread for /0.0.0.0:15002 - 0 ] INFO  ratis.XceiverServerRatis (XceiverServerRatis.java:getRealPort(543)) - XceiverServerRatis 55da83fd-970f-4c5a-b7d8-35d4afa09e55 is started using port 15015 for RATIS_DATASTREAM
2023-05-30 05:50:48,982 [JvmPauseMonitor1] INFO  util.JvmPauseMonitor (JvmPauseMonitor.java:run(103)) - JvmPauseMonitor-55da83fd-970f-4c5a-b7d8-35d4afa09e55: Started
2023-05-30 05:50:49,001 [BlockDeletingService#0] INFO  interfaces.ContainerDeletionChoosingPolicyTemplate (ContainerDeletionChoosingPolicyTemplate.java:chooseContainerForBlockDeletion(83)) - Chosen 0/5000 blocks from 0 candidate containers.
2023-05-30 05:50:49,355 [EndpointStateMachine task thread for /0.0.0.0:15002 - 0 ] INFO  utils.DatanodeStoreCache (DatanodeStoreCache.java:addDB(66)) - Added db /home/runner/work/ozone/ozone/hadoop-ozone/integration-test/target/test-dir/MiniOzoneClusterImpl-14387da3-0fdf-4878-9e7f-f07e3baca9b9/datanode-1/data-0/containers/hdds/14387da3-0fdf-4878-9e7f-f07e3baca9b9/DS-b5d592a6-dab6-4f91-89b5-22d0a3081e10/container.db to cache
2023-05-30 05:50:49,355 [EndpointStateMachine task thread for /0.0.0.0:15002 - 0 ] INFO  volume.HddsVolume (HddsVolume.java:createDbStore(350)) - SchemaV3 db is created and loaded at /home/runner/work/ozone/ozone/hadoop-ozone/integration-test/target/test-dir/MiniOzoneClusterImpl-14387da3-0fdf-4878-9e7f-f07e3baca9b9/datanode-1/data-0/containers/hdds/14387da3-0fdf-4878-9e7f-f07e3baca9b9/DS-b5d592a6-dab6-4f91-89b5-22d0a3081e10/container.db for volume DS-b5d592a6-dab6-4f91-89b5-22d0a3081e10
2023-05-30 05:50:49,356 [EndpointStateMachine task thread for /0.0.0.0:15002 - 0 ] INFO  ozoneimpl.OzoneContainer (OzoneContainer.java:start(398)) - Attempting to start container services.
2023-05-30 05:50:49,356 [EndpointStateMachine task thread for /0.0.0.0:15002 - 0 ] INFO  ozoneimpl.OzoneContainer (OzoneContainer.java:startContainerScrub(314)) - Scheduled background container scanners and the on-demand container scanner have been disabled.
2023-05-30 05:50:49,359 [EndpointStateMachine task thread for /0.0.0.0:15002 - 0 ] INFO  replication.ReplicationServer (ReplicationServer.java:start(128)) - ReplicationServer is started using port 15025
2023-05-30 05:50:49,359 [EndpointStateMachine task thread for /0.0.0.0:15002 - 0 ] INFO  ratis.XceiverServerRatis (XceiverServerRatis.java:start(517)) - Starting XceiverServerRatis 0ed3f2b4-6603-4cfa-a0d8-6595115ff82f
2023-05-30 05:50:49,361 [EndpointStateMachine task thread for /0.0.0.0:15002 - 0 ] INFO  server.RaftServer (RaftServerProxy.java:startImpl(400)) - 0ed3f2b4-6603-4cfa-a0d8-6595115ff82f: start RPC server
2023-05-30 05:50:49,363 [EndpointStateMachine task thread for /0.0.0.0:15002 - 0 ] INFO  server.GrpcService (GrpcService.java:startImpl(302)) - 0ed3f2b4-6603-4cfa-a0d8-6595115ff82f: GrpcService started, listening on 15021
2023-05-30 05:50:49,365 [EndpointStateMachine task thread for /0.0.0.0:15002 - 0 ] INFO  server.GrpcService (GrpcService.java:startImpl(302)) - 0ed3f2b4-6603-4cfa-a0d8-6595115ff82f: GrpcService started, listening on 15023
2023-05-30 05:50:49,368 [EndpointStateMachine task thread for /0.0.0.0:15002 - 0 ] INFO  server.GrpcService (GrpcService.java:startImpl(302)) - 0ed3f2b4-6603-4cfa-a0d8-6595115ff82f: GrpcService started, listening on 15022
2023-05-30 05:50:49,368 [EndpointStateMachine task thread for /0.0.0.0:15002 - 0 ] INFO  ratis.XceiverServerRatis (XceiverServerRatis.java:getRealPort(543)) - XceiverServerRatis 0ed3f2b4-6603-4cfa-a0d8-6595115ff82f is started using port 15021 for RATIS
2023-05-30 05:50:49,368 [JvmPauseMonitor2] INFO  util.JvmPauseMonitor (JvmPauseMonitor.java:run(103)) - JvmPauseMonitor-0ed3f2b4-6603-4cfa-a0d8-6595115ff82f: Started
2023-05-30 05:50:49,368 [EndpointStateMachine task thread for /0.0.0.0:15002 - 0 ] INFO  ratis.XceiverServerRatis (XceiverServerRatis.java:getRealPort(543)) - XceiverServerRatis 0ed3f2b4-6603-4cfa-a0d8-6595115ff82f is started using port 15022 for RATIS_ADMIN
2023-05-30 05:50:49,369 [EndpointStateMachine task thread for /0.0.0.0:15002 - 0 ] INFO  ratis.XceiverServerRatis (XceiverServerRatis.java:getRealPort(543)) - XceiverServerRatis 0ed3f2b4-6603-4cfa-a0d8-6595115ff82f is started using port 15023 for RATIS_SERVER
2023-05-30 05:50:49,369 [EndpointStateMachine task thread for /0.0.0.0:15002 - 0 ] INFO  ratis.XceiverServerRatis (XceiverServerRatis.java:getRealPort(543)) - XceiverServerRatis 0ed3f2b4-6603-4cfa-a0d8-6595115ff82f is started using port 15024 for RATIS_DATASTREAM
2023-05-30 05:50:49,375 [BlockDeletingService#0] INFO  interfaces.ContainerDeletionChoosingPolicyTemplate (ContainerDeletionChoosingPolicyTemplate.java:chooseContainerForBlockDeletion(83)) - Chosen 0/5000 blocks from 0 candidate containers.
2023-05-30 05:50:49,545 [Listener at 0.0.0.0/15046] INFO  ozone.MiniOzoneClusterImpl (MiniOzoneClusterImpl.java:lambda$waitForClusterToBeReady$0(222)) - Waiting for nodes to be ready. Got 0 of 5 DN Heartbeats.
2023-05-30 05:50:49,545 [Listener at 0.0.0.0/15046] INFO  ozone.MiniOzoneClusterImpl (MiniOzoneClusterImpl.java:lambda$waitForClusterToBeReady$0(225)) - Waiting for cluster to exit safe mode
2023-05-30 05:50:49,545 [Listener at 0.0.0.0/15046] INFO  ozone.MiniOzoneClusterImpl (MiniOzoneClusterImpl.java:lambda$waitForClusterToBeReady$0(227)) - SCM became leader
2023-05-30 05:50:49,782 [EndpointStateMachine task thread for /0.0.0.0:15002 - 0 ] INFO  utils.DatanodeStoreCache (DatanodeStoreCache.java:addDB(66)) - Added db /home/runner/work/ozone/ozone/hadoop-ozone/integration-test/target/test-dir/MiniOzoneClusterImpl-14387da3-0fdf-4878-9e7f-f07e3baca9b9/datanode-2/data-0/containers/hdds/14387da3-0fdf-4878-9e7f-f07e3baca9b9/DS-5266295f-d302-4d49-b076-a12b517baa68/container.db to cache
2023-05-30 05:50:49,782 [EndpointStateMachine task thread for /0.0.0.0:15002 - 0 ] INFO  volume.HddsVolume (HddsVolume.java:createDbStore(350)) - SchemaV3 db is created and loaded at /home/runner/work/ozone/ozone/hadoop-ozone/integration-test/target/test-dir/MiniOzoneClusterImpl-14387da3-0fdf-4878-9e7f-f07e3baca9b9/datanode-2/data-0/containers/hdds/14387da3-0fdf-4878-9e7f-f07e3baca9b9/DS-5266295f-d302-4d49-b076-a12b517baa68/container.db for volume DS-5266295f-d302-4d49-b076-a12b517baa68
2023-05-30 05:50:49,783 [EndpointStateMachine task thread for /0.0.0.0:15002 - 0 ] INFO  ozoneimpl.OzoneContainer (OzoneContainer.java:start(398)) - Attempting to start container services.
2023-05-30 05:50:49,783 [EndpointStateMachine task thread for /0.0.0.0:15002 - 0 ] INFO  ozoneimpl.OzoneContainer (OzoneContainer.java:startContainerScrub(314)) - Scheduled background container scanners and the on-demand container scanner have been disabled.
2023-05-30 05:50:49,785 [EndpointStateMachine task thread for /0.0.0.0:15002 - 0 ] INFO  replication.ReplicationServer (ReplicationServer.java:start(128)) - ReplicationServer is started using port 15034
2023-05-30 05:50:49,785 [EndpointStateMachine task thread for /0.0.0.0:15002 - 0 ] INFO  ratis.XceiverServerRatis (XceiverServerRatis.java:start(517)) - Starting XceiverServerRatis 2201e636-6a5b-4250-af22-17a0252fe45f
2023-05-30 05:50:49,786 [EndpointStateMachine task thread for /0.0.0.0:15002 - 0 ] INFO  server.RaftServer (RaftServerProxy.java:startImpl(400)) - 2201e636-6a5b-4250-af22-17a0252fe45f: start RPC server
2023-05-30 05:50:49,790 [EndpointStateMachine task thread for /0.0.0.0:15002 - 0 ] INFO  server.GrpcService (GrpcService.java:startImpl(302)) - 2201e636-6a5b-4250-af22-17a0252fe45f: GrpcService started, listening on 15030
2023-05-30 05:50:49,791 [EndpointStateMachine task thread for /0.0.0.0:15002 - 0 ] INFO  server.GrpcService (GrpcService.java:startImpl(302)) - 2201e636-6a5b-4250-af22-17a0252fe45f: GrpcService started, listening on 15032
2023-05-30 05:50:49,793 [EndpointStateMachine task thread for /0.0.0.0:15002 - 0 ] INFO  server.GrpcService (GrpcService.java:startImpl(302)) - 2201e636-6a5b-4250-af22-17a0252fe45f: GrpcService started, listening on 15031
2023-05-30 05:50:49,794 [EndpointStateMachine task thread for /0.0.0.0:15002 - 0 ] INFO  ratis.XceiverServerRatis (XceiverServerRatis.java:getRealPort(543)) - XceiverServerRatis 2201e636-6a5b-4250-af22-17a0252fe45f is started using port 15030 for RATIS
2023-05-30 05:50:49,794 [JvmPauseMonitor3] INFO  util.JvmPauseMonitor (JvmPauseMonitor.java:run(103)) - JvmPauseMonitor-2201e636-6a5b-4250-af22-17a0252fe45f: Started
2023-05-30 05:50:49,794 [EndpointStateMachine task thread for /0.0.0.0:15002 - 0 ] INFO  ratis.XceiverServerRatis (XceiverServerRatis.java:getRealPort(543)) - XceiverServerRatis 2201e636-6a5b-4250-af22-17a0252fe45f is started using port 15031 for RATIS_ADMIN
2023-05-30 05:50:49,794 [EndpointStateMachine task thread for /0.0.0.0:15002 - 0 ] INFO  ratis.XceiverServerRatis (XceiverServerRatis.java:getRealPort(543)) - XceiverServerRatis 2201e636-6a5b-4250-af22-17a0252fe45f is started using port 15032 for RATIS_SERVER
2023-05-30 05:50:49,794 [EndpointStateMachine task thread for /0.0.0.0:15002 - 0 ] INFO  ratis.XceiverServerRatis (XceiverServerRatis.java:getRealPort(543)) - XceiverServerRatis 2201e636-6a5b-4250-af22-17a0252fe45f is started using port 15033 for RATIS_DATASTREAM
2023-05-30 05:50:49,799 [BlockDeletingService#0] INFO  interfaces.ContainerDeletionChoosingPolicyTemplate (ContainerDeletionChoosingPolicyTemplate.java:chooseContainerForBlockDeletion(83)) - Chosen 0/5000 blocks from 0 candidate containers.
2023-05-30 05:50:50,214 [EndpointStateMachine task thread for /0.0.0.0:15002 - 0 ] INFO  utils.DatanodeStoreCache (DatanodeStoreCache.java:addDB(66)) - Added db /home/runner/work/ozone/ozone/hadoop-ozone/integration-test/target/test-dir/MiniOzoneClusterImpl-14387da3-0fdf-4878-9e7f-f07e3baca9b9/datanode-3/data-0/containers/hdds/14387da3-0fdf-4878-9e7f-f07e3baca9b9/DS-5e6c4140-e3bc-4466-bbdb-cde3c660f205/container.db to cache
2023-05-30 05:50:50,215 [EndpointStateMachine task thread for /0.0.0.0:15002 - 0 ] INFO  volume.HddsVolume (HddsVolume.java:createDbStore(350)) - SchemaV3 db is created and loaded at /home/runner/work/ozone/ozone/hadoop-ozone/integration-test/target/test-dir/MiniOzoneClusterImpl-14387da3-0fdf-4878-9e7f-f07e3baca9b9/datanode-3/data-0/containers/hdds/14387da3-0fdf-4878-9e7f-f07e3baca9b9/DS-5e6c4140-e3bc-4466-bbdb-cde3c660f205/container.db for volume DS-5e6c4140-e3bc-4466-bbdb-cde3c660f205
2023-05-30 05:50:50,215 [EndpointStateMachine task thread for /0.0.0.0:15002 - 0 ] INFO  ozoneimpl.OzoneContainer (OzoneContainer.java:start(398)) - Attempting to start container services.
2023-05-30 05:50:50,215 [EndpointStateMachine task thread for /0.0.0.0:15002 - 0 ] INFO  ozoneimpl.OzoneContainer (OzoneContainer.java:startContainerScrub(314)) - Scheduled background container scanners and the on-demand container scanner have been disabled.
2023-05-30 05:50:50,219 [EndpointStateMachine task thread for /0.0.0.0:15002 - 0 ] INFO  replication.ReplicationServer (ReplicationServer.java:start(128)) - ReplicationServer is started using port 15043
2023-05-30 05:50:50,219 [EndpointStateMachine task thread for /0.0.0.0:15002 - 0 ] INFO  ratis.XceiverServerRatis (XceiverServerRatis.java:start(517)) - Starting XceiverServerRatis c4b4ccd8-28b3-4cad-86d3-5fd988306184
2023-05-30 05:50:50,221 [EndpointStateMachine task thread for /0.0.0.0:15002 - 0 ] INFO  server.RaftServer (RaftServerProxy.java:startImpl(400)) - c4b4ccd8-28b3-4cad-86d3-5fd988306184: start RPC server
2023-05-30 05:50:50,227 [EndpointStateMachine task thread for /0.0.0.0:15002 - 0 ] INFO  server.GrpcService (GrpcService.java:startImpl(302)) - c4b4ccd8-28b3-4cad-86d3-5fd988306184: GrpcService started, listening on 15039
2023-05-30 05:50:50,229 [EndpointStateMachine task thread for /0.0.0.0:15002 - 0 ] INFO  server.GrpcService (GrpcService.java:startImpl(302)) - c4b4ccd8-28b3-4cad-86d3-5fd988306184: GrpcService started, listening on 15041
2023-05-30 05:50:50,234 [EndpointStateMachine task thread for /0.0.0.0:15002 - 0 ] INFO  server.GrpcService (GrpcService.java:startImpl(302)) - c4b4ccd8-28b3-4cad-86d3-5fd988306184: GrpcService started, listening on 15040
2023-05-30 05:50:50,235 [EndpointStateMachine task thread for /0.0.0.0:15002 - 0 ] INFO  ratis.XceiverServerRatis (XceiverServerRatis.java:getRealPort(543)) - XceiverServerRatis c4b4ccd8-28b3-4cad-86d3-5fd988306184 is started using port 15039 for RATIS
2023-05-30 05:50:50,235 [EndpointStateMachine task thread for /0.0.0.0:15002 - 0 ] INFO  ratis.XceiverServerRatis (XceiverServerRatis.java:getRealPort(543)) - XceiverServerRatis c4b4ccd8-28b3-4cad-86d3-5fd988306184 is started using port 15040 for RATIS_ADMIN
2023-05-30 05:50:50,235 [EndpointStateMachine task thread for /0.0.0.0:15002 - 0 ] INFO  ratis.XceiverServerRatis (XceiverServerRatis.java:getRealPort(543)) - XceiverServerRatis c4b4ccd8-28b3-4cad-86d3-5fd988306184 is started using port 15041 for RATIS_SERVER
2023-05-30 05:50:50,235 [JvmPauseMonitor4] INFO  util.JvmPauseMonitor (JvmPauseMonitor.java:run(103)) - JvmPauseMonitor-c4b4ccd8-28b3-4cad-86d3-5fd988306184: Started
2023-05-30 05:50:50,235 [EndpointStateMachine task thread for /0.0.0.0:15002 - 0 ] INFO  ratis.XceiverServerRatis (XceiverServerRatis.java:getRealPort(543)) - XceiverServerRatis c4b4ccd8-28b3-4cad-86d3-5fd988306184 is started using port 15042 for RATIS_DATASTREAM
2023-05-30 05:50:50,247 [BlockDeletingService#0] INFO  interfaces.ContainerDeletionChoosingPolicyTemplate (ContainerDeletionChoosingPolicyTemplate.java:chooseContainerForBlockDeletion(83)) - Chosen 0/5000 blocks from 0 candidate containers.
2023-05-30 05:50:50,546 [Listener at 0.0.0.0/15046] INFO  ozone.MiniOzoneClusterImpl (MiniOzoneClusterImpl.java:lambda$waitForClusterToBeReady$0(222)) - Waiting for nodes to be ready. Got 0 of 5 DN Heartbeats.
2023-05-30 05:50:50,546 [Listener at 0.0.0.0/15046] INFO  ozone.MiniOzoneClusterImpl (MiniOzoneClusterImpl.java:lambda$waitForClusterToBeReady$0(225)) - Waiting for cluster to exit safe mode
2023-05-30 05:50:50,546 [Listener at 0.0.0.0/15046] INFO  ozone.MiniOzoneClusterImpl (MiniOzoneClusterImpl.java:lambda$waitForClusterToBeReady$0(227)) - SCM became leader
2023-05-30 05:50:50,600 [EndpointStateMachine task thread for /0.0.0.0:15002 - 0 ] INFO  utils.DatanodeStoreCache (DatanodeStoreCache.java:addDB(66)) - Added db /home/runner/work/ozone/ozone/hadoop-ozone/integration-test/target/test-dir/MiniOzoneClusterImpl-14387da3-0fdf-4878-9e7f-f07e3baca9b9/datanode-4/data-0/containers/hdds/14387da3-0fdf-4878-9e7f-f07e3baca9b9/DS-d0df65a5-272c-4bc6-b556-ac5fbb5f7483/container.db to cache
2023-05-30 05:50:50,600 [EndpointStateMachine task thread for /0.0.0.0:15002 - 0 ] INFO  volume.HddsVolume (HddsVolume.java:createDbStore(350)) - SchemaV3 db is created and loaded at /home/runner/work/ozone/ozone/hadoop-ozone/integration-test/target/test-dir/MiniOzoneClusterImpl-14387da3-0fdf-4878-9e7f-f07e3baca9b9/datanode-4/data-0/containers/hdds/14387da3-0fdf-4878-9e7f-f07e3baca9b9/DS-d0df65a5-272c-4bc6-b556-ac5fbb5f7483/container.db for volume DS-d0df65a5-272c-4bc6-b556-ac5fbb5f7483
2023-05-30 05:50:50,601 [EndpointStateMachine task thread for /0.0.0.0:15002 - 0 ] INFO  ozoneimpl.OzoneContainer (OzoneContainer.java:start(398)) - Attempting to start container services.
2023-05-30 05:50:50,601 [EndpointStateMachine task thread for /0.0.0.0:15002 - 0 ] INFO  ozoneimpl.OzoneContainer (OzoneContainer.java:startContainerScrub(314)) - Scheduled background container scanners and the on-demand container scanner have been disabled.
2023-05-30 05:50:50,607 [EndpointStateMachine task thread for /0.0.0.0:15002 - 0 ] INFO  replication.ReplicationServer (ReplicationServer.java:start(128)) - ReplicationServer is started using port 15052
2023-05-30 05:50:50,607 [EndpointStateMachine task thread for /0.0.0.0:15002 - 0 ] INFO  ratis.XceiverServerRatis (XceiverServerRatis.java:start(517)) - Starting XceiverServerRatis 6c00d7ad-6a7a-4ce5-bceb-eb03aa305f01
2023-05-30 05:50:50,609 [EndpointStateMachine task thread for /0.0.0.0:15002 - 0 ] INFO  server.RaftServer (RaftServerProxy.java:startImpl(400)) - 6c00d7ad-6a7a-4ce5-bceb-eb03aa305f01: start RPC server
2023-05-30 05:50:50,611 [EndpointStateMachine task thread for /0.0.0.0:15002 - 0 ] INFO  server.GrpcService (GrpcService.java:startImpl(302)) - 6c00d7ad-6a7a-4ce5-bceb-eb03aa305f01: GrpcService started, listening on 15048
2023-05-30 05:50:50,612 [EndpointStateMachine task thread for /0.0.0.0:15002 - 0 ] INFO  server.GrpcService (GrpcService.java:startImpl(302)) - 6c00d7ad-6a7a-4ce5-bceb-eb03aa305f01: GrpcService started, listening on 15050
2023-05-30 05:50:50,615 [EndpointStateMachine task thread for /0.0.0.0:15002 - 0 ] INFO  server.GrpcService (GrpcService.java:startImpl(302)) - 6c00d7ad-6a7a-4ce5-bceb-eb03aa305f01: GrpcService started, listening on 15049
2023-05-30 05:50:50,615 [EndpointStateMachine task thread for /0.0.0.0:15002 - 0 ] INFO  ratis.XceiverServerRatis (XceiverServerRatis.java:getRealPort(543)) - XceiverServerRatis 6c00d7ad-6a7a-4ce5-bceb-eb03aa305f01 is started using port 15048 for RATIS
2023-05-30 05:50:50,615 [EndpointStateMachine task thread for /0.0.0.0:15002 - 0 ] INFO  ratis.XceiverServerRatis (XceiverServerRatis.java:getRealPort(543)) - XceiverServerRatis 6c00d7ad-6a7a-4ce5-bceb-eb03aa305f01 is started using port 15049 for RATIS_ADMIN
2023-05-30 05:50:50,616 [EndpointStateMachine task thread for /0.0.0.0:15002 - 0 ] INFO  ratis.XceiverServerRatis (XceiverServerRatis.java:getRealPort(543)) - XceiverServerRatis 6c00d7ad-6a7a-4ce5-bceb-eb03aa305f01 is started using port 15050 for RATIS_SERVER
2023-05-30 05:50:50,615 [JvmPauseMonitor5] INFO  util.JvmPauseMonitor (JvmPauseMonitor.java:run(103)) - JvmPauseMonitor-6c00d7ad-6a7a-4ce5-bceb-eb03aa305f01: Started
2023-05-30 05:50:50,616 [EndpointStateMachine task thread for /0.0.0.0:15002 - 0 ] INFO  ratis.XceiverServerRatis (XceiverServerRatis.java:getRealPort(543)) - XceiverServerRatis 6c00d7ad-6a7a-4ce5-bceb-eb03aa305f01 is started using port 15051 for RATIS_DATASTREAM
2023-05-30 05:50:50,619 [BlockDeletingService#0] INFO  interfaces.ContainerDeletionChoosingPolicyTemplate (ContainerDeletionChoosingPolicyTemplate.java:chooseContainerForBlockDeletion(83)) - Chosen 0/5000 blocks from 0 candidate containers.
2023-05-30 05:50:50,830 [IPC Server handler 17 on default port 15002] INFO  net.NetworkTopologyImpl (NetworkTopologyImpl.java:add(112)) - Added a new node: /default-rack/55da83fd-970f-4c5a-b7d8-35d4afa09e55
2023-05-30 05:50:50,833 [IPC Server handler 17 on default port 15002] INFO  node.SCMNodeManager (SCMNodeManager.java:register(407)) - Registered Data node : 55da83fd-970f-4c5a-b7d8-35d4afa09e55{ip: 10.1.0.18, host: fv-az800-703, ports: [HTTP=15009, CLIENT_RPC=15010, REPLICATION=15016, RATIS=15012, RATIS_ADMIN=15013, RATIS_SERVER=15014, RATIS_DATASTREAM=15015, STANDALONE=15011], networkLocation: /default-rack, certSerialId: null, persistedOpState: null, persistedOpStateExpiryEpochSec: 0}
2023-05-30 05:50:50,846 [EventQueue-NodeRegistrationContainerReportForContainerSafeModeRule] INFO  safemode.SCMSafeModeManager (SCMSafeModeManager.java:validateSafeModeExitRules(200)) - ContainerSafeModeRule rule is successfully validated
2023-05-30 05:50:50,847 [EventQueue-NodeRegistrationContainerReportForDataNodeSafeModeRule] INFO  safemode.SCMSafeModeManager (DataNodeSafeModeRule.java:process(71)) - SCM in safe mode. 1 DataNodes registered, 3 required.
2023-05-30 05:50:50,847 [EventQueue-PipelineReportForOneReplicaPipelineSafeModeRule] INFO  safemode.SCMSafeModeManager (SCMSafeModeManager.java:validateSafeModeExitRules(200)) - AtleastOneDatanodeReportedRule rule is successfully validated
2023-05-30 05:50:50,851 [EventQueue-NewNodeForNewNodeHandler] INFO  pipeline.BackgroundPipelineCreator (BackgroundPipelineCreator.java:notifyEventTriggered(276)) - trigger a one-shot run on RatisPipelineUtilsThread.
2023-05-30 05:50:50,861 [RatisPipelineUtilsThread - 0] INFO  pipeline.RatisPipelineProvider (RatisPipelineProvider.java:lambda$create$0(206)) - Sending CreatePipelineCommand for pipeline:PipelineID=c60e6879-1d89-4e1b-a17a-a126d4cb6ba2 to datanode:55da83fd-970f-4c5a-b7d8-35d4afa09e55
2023-05-30 05:50:50,874 [RatisPipelineUtilsThread - 0] INFO  pipeline.PipelineStateManagerImpl (PipelineStateManagerImpl.java:addPipeline(103)) - Created pipeline Pipeline[ Id: c60e6879-1d89-4e1b-a17a-a126d4cb6ba2, Nodes: 55da83fd-970f-4c5a-b7d8-35d4afa09e55(fv-az800-703/10.1.0.18), ReplicationConfig: RATIS/ONE, State:ALLOCATED, leaderId:, CreationTimestamp2023-05-30T05:50:50.860Z[Etc/UTC]].
2023-05-30 05:50:51,308 [IPC Server handler 18 on default port 15002] INFO  net.NetworkTopologyImpl (NetworkTopologyImpl.java:add(112)) - Added a new node: /default-rack/0ed3f2b4-6603-4cfa-a0d8-6595115ff82f
2023-05-30 05:50:51,309 [IPC Server handler 18 on default port 15002] INFO  node.SCMNodeManager (SCMNodeManager.java:register(407)) - Registered Data node : 0ed3f2b4-6603-4cfa-a0d8-6595115ff82f{ip: 10.1.0.18, host: fv-az800-703, ports: [HTTP=15018, CLIENT_RPC=15019, REPLICATION=15025, RATIS=15021, RATIS_ADMIN=15022, RATIS_SERVER=15023, RATIS_DATASTREAM=15024, STANDALONE=15020], networkLocation: /default-rack, certSerialId: null, persistedOpState: null, persistedOpStateExpiryEpochSec: 0}
2023-05-30 05:50:51,310 [EventQueue-NodeRegistrationContainerReportForDataNodeSafeModeRule] INFO  safemode.SCMSafeModeManager (DataNodeSafeModeRule.java:process(71)) - SCM in safe mode. 2 DataNodes registered, 3 required.
2023-05-30 05:50:51,310 [EventQueue-NewNodeForNewNodeHandler] INFO  pipeline.BackgroundPipelineCreator (BackgroundPipelineCreator.java:notifyEventTriggered(276)) - trigger a one-shot run on RatisPipelineUtilsThread.
2023-05-30 05:50:51,311 [RatisPipelineUtilsThread - 0] INFO  pipeline.RatisPipelineProvider (RatisPipelineProvider.java:lambda$create$0(206)) - Sending CreatePipelineCommand for pipeline:PipelineID=03786e4b-e0e4-4eb3-a81b-f5bb0360ab4f to datanode:0ed3f2b4-6603-4cfa-a0d8-6595115ff82f
2023-05-30 05:50:51,312 [RatisPipelineUtilsThread - 0] INFO  pipeline.PipelineStateManagerImpl (PipelineStateManagerImpl.java:addPipeline(103)) - Created pipeline Pipeline[ Id: 03786e4b-e0e4-4eb3-a81b-f5bb0360ab4f, Nodes: 0ed3f2b4-6603-4cfa-a0d8-6595115ff82f(fv-az800-703/10.1.0.18), ReplicationConfig: RATIS/ONE, State:ALLOCATED, leaderId:, CreationTimestamp2023-05-30T05:50:51.311Z[Etc/UTC]].
2023-05-30 05:50:51,547 [Listener at 0.0.0.0/15046] INFO  ozone.MiniOzoneClusterImpl (MiniOzoneClusterImpl.java:lambda$waitForClusterToBeReady$0(222)) - Waiting for nodes to be ready. Got 2 of 5 DN Heartbeats.
2023-05-30 05:50:51,547 [Listener at 0.0.0.0/15046] INFO  ozone.MiniOzoneClusterImpl (MiniOzoneClusterImpl.java:lambda$waitForClusterToBeReady$0(225)) - Waiting for cluster to exit safe mode
2023-05-30 05:50:51,547 [Listener at 0.0.0.0/15046] INFO  ozone.MiniOzoneClusterImpl (MiniOzoneClusterImpl.java:lambda$waitForClusterToBeReady$0(227)) - SCM became leader
2023-05-30 05:50:51,737 [IPC Server handler 17 on default port 15002] INFO  net.NetworkTopologyImpl (NetworkTopologyImpl.java:add(112)) - Added a new node: /default-rack/2201e636-6a5b-4250-af22-17a0252fe45f
2023-05-30 05:50:51,737 [IPC Server handler 17 on default port 15002] INFO  node.SCMNodeManager (SCMNodeManager.java:register(407)) - Registered Data node : 2201e636-6a5b-4250-af22-17a0252fe45f{ip: 10.1.0.18, host: fv-az800-703, ports: [HTTP=15027, CLIENT_RPC=15028, REPLICATION=15034, RATIS=15030, RATIS_ADMIN=15031, RATIS_SERVER=15032, RATIS_DATASTREAM=15033, STANDALONE=15029], networkLocation: /default-rack, certSerialId: null, persistedOpState: null, persistedOpStateExpiryEpochSec: 0}
2023-05-30 05:50:51,738 [EventQueue-NewNodeForNewNodeHandler] INFO  pipeline.BackgroundPipelineCreator (BackgroundPipelineCreator.java:notifyEventTriggered(276)) - trigger a one-shot run on RatisPipelineUtilsThread.
2023-05-30 05:50:51,739 [EventQueue-NodeRegistrationContainerReportForDataNodeSafeModeRule] INFO  safemode.SCMSafeModeManager (DataNodeSafeModeRule.java:process(71)) - SCM in safe mode. 3 DataNodes registered, 3 required.
2023-05-30 05:50:51,739 [EventQueue-NodeRegistrationContainerReportForDataNodeSafeModeRule] INFO  safemode.SCMSafeModeManager (SCMSafeModeManager.java:validateSafeModeExitRules(200)) - DataNodeSafeModeRule rule is successfully validated
2023-05-30 05:50:51,739 [EventQueue-NodeRegistrationContainerReportForDataNodeSafeModeRule] INFO  safemode.SCMSafeModeManager (SCMSafeModeManager.java:completePreCheck(229)) - All SCM safe mode pre check rules have passed
2023-05-30 05:50:51,739 [EventQueue-NodeRegistrationContainerReportForDataNodeSafeModeRule] INFO  ha.SCMContext (SCMContext.java:updateSafeModeStatus(228)) - Update SafeModeStatus from SafeModeStatus{safeModeStatus=true, preCheckPassed=false} to SafeModeStatus{safeModeStatus=true, preCheckPassed=true}.
2023-05-30 05:50:51,739 [EventQueue-NodeRegistrationContainerReportForDataNodeSafeModeRule] INFO  pipeline.BackgroundPipelineCreator (BackgroundPipelineCreator.java:notifyEventTriggered(276)) - trigger a one-shot run on RatisPipelineUtilsThread.
2023-05-30 05:50:51,740 [RatisPipelineUtilsThread - 0] INFO  pipeline.RatisPipelineProvider (RatisPipelineProvider.java:lambda$create$0(206)) - Sending CreatePipelineCommand for pipeline:PipelineID=4b177356-d6d8-4fae-8219-33fe9faf7750 to datanode:2201e636-6a5b-4250-af22-17a0252fe45f
2023-05-30 05:50:51,741 [RatisPipelineUtilsThread - 0] INFO  pipeline.PipelineStateManagerImpl (PipelineStateManagerImpl.java:addPipeline(103)) - Created pipeline Pipeline[ Id: 4b177356-d6d8-4fae-8219-33fe9faf7750, Nodes: 2201e636-6a5b-4250-af22-17a0252fe45f(fv-az800-703/10.1.0.18), ReplicationConfig: RATIS/ONE, State:ALLOCATED, leaderId:, CreationTimestamp2023-05-30T05:50:51.740Z[Etc/UTC]].
2023-05-30 05:50:51,746 [RatisPipelineUtilsThread - 0] INFO  pipeline.RatisPipelineProvider (RatisPipelineProvider.java:lambda$create$0(206)) - Sending CreatePipelineCommand for pipeline:PipelineID=81bd04ba-6959-413d-afc2-5dc6ef7dd25e to datanode:55da83fd-970f-4c5a-b7d8-35d4afa09e55
2023-05-30 05:50:51,746 [RatisPipelineUtilsThread - 0] INFO  pipeline.RatisPipelineProvider (RatisPipelineProvider.java:lambda$create$0(206)) - Sending CreatePipelineCommand for pipeline:PipelineID=81bd04ba-6959-413d-afc2-5dc6ef7dd25e to datanode:0ed3f2b4-6603-4cfa-a0d8-6595115ff82f
2023-05-30 05:50:51,747 [RatisPipelineUtilsThread - 0] INFO  pipeline.RatisPipelineProvider (RatisPipelineProvider.java:lambda$create$0(206)) - Sending CreatePipelineCommand for pipeline:PipelineID=81bd04ba-6959-413d-afc2-5dc6ef7dd25e to datanode:2201e636-6a5b-4250-af22-17a0252fe45f
2023-05-30 05:50:51,748 [RatisPipelineUtilsThread - 0] INFO  pipeline.PipelineStateManagerImpl (PipelineStateManagerImpl.java:addPipeline(103)) - Created pipeline Pipeline[ Id: 81bd04ba-6959-413d-afc2-5dc6ef7dd25e, Nodes: 55da83fd-970f-4c5a-b7d8-35d4afa09e55(fv-az800-703/10.1.0.18)0ed3f2b4-6603-4cfa-a0d8-6595115ff82f(fv-az800-703/10.1.0.18)2201e636-6a5b-4250-af22-17a0252fe45f(fv-az800-703/10.1.0.18), ReplicationConfig: RATIS/THREE, State:ALLOCATED, leaderId:, CreationTimestamp2023-05-30T05:50:51.746Z[Etc/UTC]].
2023-05-30 05:50:51,750 [RatisPipelineUtilsThread - 0] INFO  pipeline.RatisPipelineProvider (RatisPipelineProvider.java:lambda$create$0(206)) - Sending CreatePipelineCommand for pipeline:PipelineID=f54df219-ce5b-4ae3-a86c-bf066060ff0b to datanode:55da83fd-970f-4c5a-b7d8-35d4afa09e55
2023-05-30 05:50:51,750 [RatisPipelineUtilsThread - 0] INFO  pipeline.RatisPipelineProvider (RatisPipelineProvider.java:lambda$create$0(206)) - Sending CreatePipelineCommand for pipeline:PipelineID=f54df219-ce5b-4ae3-a86c-bf066060ff0b to datanode:0ed3f2b4-6603-4cfa-a0d8-6595115ff82f
2023-05-30 05:50:51,750 [RatisPipelineUtilsThread - 0] INFO  pipeline.RatisPipelineProvider (RatisPipelineProvider.java:lambda$create$0(206)) - Sending CreatePipelineCommand for pipeline:PipelineID=f54df219-ce5b-4ae3-a86c-bf066060ff0b to datanode:2201e636-6a5b-4250-af22-17a0252fe45f
2023-05-30 05:50:51,754 [RatisPipelineUtilsThread - 0] INFO  pipeline.PipelineStateManagerImpl (PipelineStateManagerImpl.java:addPipeline(103)) - Created pipeline Pipeline[ Id: f54df219-ce5b-4ae3-a86c-bf066060ff0b, Nodes: 55da83fd-970f-4c5a-b7d8-35d4afa09e55(fv-az800-703/10.1.0.18)0ed3f2b4-6603-4cfa-a0d8-6595115ff82f(fv-az800-703/10.1.0.18)2201e636-6a5b-4250-af22-17a0252fe45f(fv-az800-703/10.1.0.18), ReplicationConfig: RATIS/THREE, State:ALLOCATED, leaderId:, CreationTimestamp2023-05-30T05:50:51.750Z[Etc/UTC]].
2023-05-30 05:50:51,754 [RatisPipelineUtilsThread - 0] INFO  pipeline.PipelineManagerImpl (PipelineManagerImpl.java:recordMetricsForPipeline(826)) - Pipeline: PipelineID=f54df219-ce5b-4ae3-a86c-bf066060ff0b contains same datanodes as previous pipelines: PipelineID=81bd04ba-6959-413d-afc2-5dc6ef7dd25e nodeIds: 55da83fd-970f-4c5a-b7d8-35d4afa09e55, 0ed3f2b4-6603-4cfa-a0d8-6595115ff82f, 2201e636-6a5b-4250-af22-17a0252fe45f
2023-05-30 05:50:51,755 [RatisPipelineUtilsThread - 0] WARN  pipeline.PipelinePlacementPolicy (PipelinePlacementPolicy.java:filterViableNodes(160)) - Pipeline creation failed due to no sufficient healthy datanodes. Required 3. Found 0. Excluded 3.
2023-05-30 05:50:52,172 [IPC Server handler 19 on default port 15002] INFO  net.NetworkTopologyImpl (NetworkTopologyImpl.java:add(112)) - Added a new node: /default-rack/c4b4ccd8-28b3-4cad-86d3-5fd988306184
2023-05-30 05:50:52,173 [IPC Server handler 19 on default port 15002] INFO  node.SCMNodeManager (SCMNodeManager.java:register(407)) - Registered Data node : c4b4ccd8-28b3-4cad-86d3-5fd988306184{ip: 10.1.0.18, host: fv-az800-703, ports: [HTTP=15036, CLIENT_RPC=15037, REPLICATION=15043, RATIS=15039, RATIS_ADMIN=15040, RATIS_SERVER=15041, RATIS_DATASTREAM=15042, STANDALONE=15038], networkLocation: /default-rack, certSerialId: null, persistedOpState: null, persistedOpStateExpiryEpochSec: 0}
2023-05-30 05:50:52,174 [EventQueue-NewNodeForNewNodeHandler] INFO  pipeline.BackgroundPipelineCreator (BackgroundPipelineCreator.java:notifyEventTriggered(276)) - trigger a one-shot run on RatisPipelineUtilsThread.
2023-05-30 05:50:52,176 [RatisPipelineUtilsThread - 0] INFO  pipeline.RatisPipelineProvider (RatisPipelineProvider.java:lambda$create$0(206)) - Sending CreatePipelineCommand for pipeline:PipelineID=05e2dde0-5390-43bd-9288-d61a5cca2dc6 to datanode:c4b4ccd8-28b3-4cad-86d3-5fd988306184
2023-05-30 05:50:52,177 [RatisPipelineUtilsThread - 0] INFO  pipeline.PipelineStateManagerImpl (PipelineStateManagerImpl.java:addPipeline(103)) - Created pipeline Pipeline[ Id: 05e2dde0-5390-43bd-9288-d61a5cca2dc6, Nodes: c4b4ccd8-28b3-4cad-86d3-5fd988306184(fv-az800-703/10.1.0.18), ReplicationConfig: RATIS/ONE, State:ALLOCATED, leaderId:, CreationTimestamp2023-05-30T05:50:52.176Z[Etc/UTC]].
2023-05-30 05:50:52,178 [RatisPipelineUtilsThread - 0] WARN  pipeline.PipelinePlacementPolicy (PipelinePlacementPolicy.java:filterViableNodes(160)) - Pipeline creation failed due to no sufficient healthy datanodes. Required 3. Found 1. Excluded 3.
2023-05-30 05:50:52,548 [Listener at 0.0.0.0/15046] INFO  ozone.MiniOzoneClusterImpl (MiniOzoneClusterImpl.java:lambda$waitForClusterToBeReady$0(222)) - Waiting for nodes to be ready. Got 4 of 5 DN Heartbeats.
2023-05-30 05:50:52,548 [Listener at 0.0.0.0/15046] INFO  ozone.MiniOzoneClusterImpl (MiniOzoneClusterImpl.java:lambda$waitForClusterToBeReady$0(225)) - Waiting for cluster to exit safe mode
2023-05-30 05:50:52,548 [Listener at 0.0.0.0/15046] INFO  ozone.MiniOzoneClusterImpl (MiniOzoneClusterImpl.java:lambda$waitForClusterToBeReady$0(227)) - SCM became leader
2023-05-30 05:50:52,558 [IPC Server handler 17 on default port 15002] INFO  net.NetworkTopologyImpl (NetworkTopologyImpl.java:add(112)) - Added a new node: /default-rack/6c00d7ad-6a7a-4ce5-bceb-eb03aa305f01
2023-05-30 05:50:52,558 [IPC Server handler 17 on default port 15002] INFO  node.SCMNodeManager (SCMNodeManager.java:register(407)) - Registered Data node : 6c00d7ad-6a7a-4ce5-bceb-eb03aa305f01{ip: 10.1.0.18, host: fv-az800-703, ports: [HTTP=15045, CLIENT_RPC=15046, REPLICATION=15052, RATIS=15048, RATIS_ADMIN=15049, RATIS_SERVER=15050, RATIS_DATASTREAM=15051, STANDALONE=15047], networkLocation: /default-rack, certSerialId: null, persistedOpState: null, persistedOpStateExpiryEpochSec: 0}
2023-05-30 05:50:52,558 [EventQueue-NewNodeForNewNodeHandler] INFO  pipeline.BackgroundPipelineCreator (BackgroundPipelineCreator.java:notifyEventTriggered(276)) - trigger a one-shot run on RatisPipelineUtilsThread.
2023-05-30 05:50:52,560 [RatisPipelineUtilsThread - 0] INFO  pipeline.RatisPipelineProvider (RatisPipelineProvider.java:lambda$create$0(206)) - Sending CreatePipelineCommand for pipeline:PipelineID=c2e89188-f17f-4b7d-9045-29c5a670df56 to datanode:6c00d7ad-6a7a-4ce5-bceb-eb03aa305f01
2023-05-30 05:50:52,562 [RatisPipelineUtilsThread - 0] INFO  pipeline.PipelineStateManagerImpl (PipelineStateManagerImpl.java:addPipeline(103)) - Created pipeline Pipeline[ Id: c2e89188-f17f-4b7d-9045-29c5a670df56, Nodes: 6c00d7ad-6a7a-4ce5-bceb-eb03aa305f01(fv-az800-703/10.1.0.18), ReplicationConfig: RATIS/ONE, State:ALLOCATED, leaderId:, CreationTimestamp2023-05-30T05:50:52.560Z[Etc/UTC]].
2023-05-30 05:50:52,563 [RatisPipelineUtilsThread - 0] WARN  pipeline.PipelinePlacementPolicy (PipelinePlacementPolicy.java:filterViableNodes(160)) - Pipeline creation failed due to no sufficient healthy datanodes. Required 3. Found 2. Excluded 3.
2023-05-30 05:50:53,548 [Listener at 0.0.0.0/15046] INFO  ozone.MiniOzoneClusterImpl (MiniOzoneClusterImpl.java:lambda$waitForClusterToBeReady$0(222)) - Nodes are ready. Got 5 of 5 DN Heartbeats.
2023-05-30 05:50:53,549 [Listener at 0.0.0.0/15046] INFO  ozone.MiniOzoneClusterImpl (MiniOzoneClusterImpl.java:lambda$waitForClusterToBeReady$0(225)) - Waiting for cluster to exit safe mode
2023-05-30 05:50:53,549 [Listener at 0.0.0.0/15046] INFO  ozone.MiniOzoneClusterImpl (MiniOzoneClusterImpl.java:lambda$waitForClusterToBeReady$0(227)) - SCM became leader
2023-05-30 05:50:53,834 [PipelineCommandHandlerThread-0] INFO  server.RaftServer (RaftServerProxy.java:addNew(98)) - 55da83fd-970f-4c5a-b7d8-35d4afa09e55: addNew group-A126D4CB6BA2:[55da83fd-970f-4c5a-b7d8-35d4afa09e55|rpc:10.1.0.18:15014|admin:10.1.0.18:15013|client:10.1.0.18:15012|dataStream:10.1.0.18:15015|priority:1|startupRole:FOLLOWER] returns group-A126D4CB6BA2:java.util.concurrent.CompletableFuture@61082613[Not completed]
2023-05-30 05:50:53,851 [55da83fd-970f-4c5a-b7d8-35d4afa09e55-groupManagement] INFO  server.RaftServer$Division (RaftServerImpl.java:<init>(198)) - 55da83fd-970f-4c5a-b7d8-35d4afa09e55: new RaftServerImpl for group-A126D4CB6BA2:[55da83fd-970f-4c5a-b7d8-35d4afa09e55|rpc:10.1.0.18:15014|admin:10.1.0.18:15013|client:10.1.0.18:15012|dataStream:10.1.0.18:15015|priority:1|startupRole:FOLLOWER] with ContainerStateMachine:uninitialized
2023-05-30 05:50:53,852 [55da83fd-970f-4c5a-b7d8-35d4afa09e55-groupManagement] INFO  server.RaftServerConfigKeys (ConfUtils.java:logGet(46)) - raft.server.rpc.timeout.min = 5s (custom)
2023-05-30 05:50:53,852 [55da83fd-970f-4c5a-b7d8-35d4afa09e55-groupManagement] INFO  server.RaftServerConfigKeys (ConfUtils.java:logGet(46)) - raft.server.rpc.timeout.max = 5200ms (custom)
2023-05-30 05:50:53,853 [55da83fd-970f-4c5a-b7d8-35d4afa09e55-groupManagement] INFO  server.RaftServerConfigKeys (ConfUtils.java:logGet(46)) - raft.server.rpc.sleep.time = 25ms (default)
2023-05-30 05:50:53,853 [55da83fd-970f-4c5a-b7d8-35d4afa09e55-groupManagement] INFO  server.RaftServerConfigKeys (ConfUtils.java:logGet(46)) - raft.server.rpc.slowness.timeout = 300000ms (custom)
2023-05-30 05:50:53,853 [55da83fd-970f-4c5a-b7d8-35d4afa09e55-groupManagement] INFO  server.RaftServerConfigKeys (ConfUtils.java:logGet(46)) - raft.server.leaderelection.leader.step-down.wait-time = 10s (default)
2023-05-30 05:50:53,853 [55da83fd-970f-4c5a-b7d8-35d4afa09e55-groupManagement] INFO  server.RaftServerConfigKeys (ConfUtils.java:logGet(46)) - raft.server.sleep.deviation.threshold = 300ms (default)
2023-05-30 05:50:53,853 [55da83fd-970f-4c5a-b7d8-35d4afa09e55-groupManagement] INFO  server.RaftServer$Division (ServerState.java:<init>(120)) - 55da83fd-970f-4c5a-b7d8-35d4afa09e55@group-A126D4CB6BA2: ConfigurationManager, init=-1: peers:[55da83fd-970f-4c5a-b7d8-35d4afa09e55|rpc:10.1.0.18:15014|admin:10.1.0.18:15013|client:10.1.0.18:15012|dataStream:10.1.0.18:15015|priority:1|startupRole:FOLLOWER]|listeners:[], old=null, confs=<EMPTY_MAP>
2023-05-30 05:50:53,853 [55da83fd-970f-4c5a-b7d8-35d4afa09e55-groupManagement] INFO  server.RaftServerConfigKeys (ConfUtils.java:logGet(46)) - raft.server.storage.dir = [/home/runner/work/ozone/ozone/hadoop-ozone/integration-test/target/test-dir/MiniOzoneClusterImpl-14387da3-0fdf-4878-9e7f-f07e3baca9b9/datanode-0/data/ratis] (custom)
2023-05-30 05:50:53,854 [55da83fd-970f-4c5a-b7d8-35d4afa09e55-groupManagement] INFO  server.RaftServerConfigKeys (ConfUtils.java:logGet(46)) - raft.server.log.corruption.policy = EXCEPTION (default)
2023-05-30 05:50:53,857 [55da83fd-970f-4c5a-b7d8-35d4afa09e55-groupManagement] INFO  server.RaftServerConfigKeys (ConfUtils.java:logGet(46)) - raft.server.storage.free-space.min = 0MB (=0) (default)
2023-05-30 05:50:53,857 [55da83fd-970f-4c5a-b7d8-35d4afa09e55-groupManagement] INFO  server.RaftServerConfigKeys (ConfUtils.java:logGet(46)) - raft.server.notification.no-leader.timeout = 300000ms (custom)
2023-05-30 05:50:53,857 [55da83fd-970f-4c5a-b7d8-35d4afa09e55-groupManagement] INFO  server.RaftServerConfigKeys (ConfUtils.java:logGet(46)) - raft.server.read.timeout = 10s (default)
2023-05-30 05:50:53,857 [55da83fd-970f-4c5a-b7d8-35d4afa09e55-groupManagement] INFO  server.RaftServerConfigKeys (ConfUtils.java:logGet(46)) - raft.server.retrycache.expirytime = 600000ms (custom)
2023-05-30 05:50:53,858 [55da83fd-970f-4c5a-b7d8-35d4afa09e55-groupManagement] INFO  server.RaftServerConfigKeys (ConfUtils.java:logGet(46)) - raft.server.retrycache.statistics.expirytime = 100μs (default)
2023-05-30 05:50:53,858 [55da83fd-970f-4c5a-b7d8-35d4afa09e55-groupManagement] INFO  server.RaftServerConfigKeys (ConfUtils.java:logGet(46)) - raft.server.read.option = DEFAULT (default)
2023-05-30 05:50:53,862 [55da83fd-970f-4c5a-b7d8-35d4afa09e55-groupManagement] INFO  server.RaftServerConfigKeys (ConfUtils.java:logGet(46)) - raft.server.rpc.request.timeout = 3000ms (default)
2023-05-30 05:50:53,862 [55da83fd-970f-4c5a-b7d8-35d4afa09e55-groupManagement] INFO  server.RaftServerConfigKeys (ConfUtils.java:logGet(46)) - raft.server.log.appender.install.snapshot.enabled = false (custom)
2023-05-30 05:50:53,862 [55da83fd-970f-4c5a-b7d8-35d4afa09e55-groupManagement] INFO  server.RaftServerConfigKeys (ConfUtils.java:logGet(46)) - raft.server.threadpool.server.cached = true (default)
2023-05-30 05:50:53,862 [55da83fd-970f-4c5a-b7d8-35d4afa09e55-groupManagement] INFO  server.RaftServerConfigKeys (ConfUtils.java:logGet(46)) - raft.server.threadpool.server.size = 0 (default)
2023-05-30 05:50:53,863 [55da83fd-970f-4c5a-b7d8-35d4afa09e55-groupManagement] INFO  server.RaftServerConfigKeys (ConfUtils.java:logGet(46)) - raft.server.threadpool.client.cached = true (default)
2023-05-30 05:50:53,863 [55da83fd-970f-4c5a-b7d8-35d4afa09e55-groupManagement] INFO  server.RaftServerConfigKeys (ConfUtils.java:logGet(46)) - raft.server.threadpool.client.size = 0 (default)
2023-05-30 05:50:53,863 [55da83fd-970f-4c5a-b7d8-35d4afa09e55-groupManagement] INFO  storage.RaftStorageDirectory (RaftStorageDirectoryImpl.java:analyzeStorage(137)) - The storage directory /home/runner/work/ozone/ozone/hadoop-ozone/integration-test/target/test-dir/MiniOzoneClusterImpl-14387da3-0fdf-4878-9e7f-f07e3baca9b9/datanode-0/data/ratis/c60e6879-1d89-4e1b-a17a-a126d4cb6ba2 does not exist. Creating ...
2023-05-30 05:50:53,866 [55da83fd-970f-4c5a-b7d8-35d4afa09e55-groupManagement] INFO  storage.RaftStorageDirectory (RaftStorageDirectoryImpl.java:tryLock(231)) - Lock on /home/runner/work/ozone/ozone/hadoop-ozone/integration-test/target/test-dir/MiniOzoneClusterImpl-14387da3-0fdf-4878-9e7f-f07e3baca9b9/datanode-0/data/ratis/c60e6879-1d89-4e1b-a17a-a126d4cb6ba2/in_use.lock acquired by nodename 89029@fv-az800-703
2023-05-30 05:50:53,871 [55da83fd-970f-4c5a-b7d8-35d4afa09e55-groupManagement] INFO  storage.RaftStorage (RaftStorageImpl.java:format(96)) - Storage directory /home/runner/work/ozone/ozone/hadoop-ozone/integration-test/target/test-dir/MiniOzoneClusterImpl-14387da3-0fdf-4878-9e7f-f07e3baca9b9/datanode-0/data/ratis/c60e6879-1d89-4e1b-a17a-a126d4cb6ba2 has been successfully formatted.
2023-05-30 05:50:53,878 [55da83fd-970f-4c5a-b7d8-35d4afa09e55-groupManagement] INFO  ratis.ContainerStateMachine (ContainerStateMachine.java:loadSnapshot(262)) - group-A126D4CB6BA2: The snapshot info is null. Setting the last applied indexto:(t:0, i:~)
2023-05-30 05:50:53,878 [55da83fd-970f-4c5a-b7d8-35d4afa09e55-groupManagement] INFO  server.RaftServerConfigKeys (ConfUtils.java:logGet(46)) - raft.server.log.use.memory = false (default)
2023-05-30 05:50:53,878 [55da83fd-970f-4c5a-b7d8-35d4afa09e55-groupManagement] INFO  server.RaftServerConfigKeys (ConfUtils.java:logGet(46)) - raft.server.log.purge.gap = 1000000 (custom)
2023-05-30 05:50:53,878 [55da83fd-970f-4c5a-b7d8-35d4afa09e55-groupManagement] INFO  server.RaftServerConfigKeys (ConfUtils.java:logGet(46)) - raft.server.log.appender.buffer.byte-limit = 33554432 (custom)
2023-05-30 05:50:53,878 [55da83fd-970f-4c5a-b7d8-35d4afa09e55-groupManagement] INFO  server.RaftServerConfigKeys (ConfUtils.java:logGet(46)) - raft.server.log.statemachine.data.read.timeout = 1000ms (default)
2023-05-30 05:50:53,878 [55da83fd-970f-4c5a-b7d8-35d4afa09e55-groupManagement] INFO  server.RaftServerConfigKeys (ConfUtils.java:logGet(46)) - raft.server.log.purge.preservation.log.num = 0 (default)
2023-05-30 05:50:53,878 [55da83fd-970f-4c5a-b7d8-35d4afa09e55-groupManagement] INFO  server.RaftServerConfigKeys (ConfUtils.java:logGet(46)) - raft.server.log.segment.size.max = 1048576 (custom)
2023-05-30 05:50:53,879 [55da83fd-970f-4c5a-b7d8-35d4afa09e55-groupManagement] INFO  server.RaftServerConfigKeys (ConfUtils.java:logGet(46)) - raft.server.log.segment.cache.num.max = 2 (custom)
2023-05-30 05:50:53,879 [55da83fd-970f-4c5a-b7d8-35d4afa09e55-groupManagement] INFO  server.RaftServerConfigKeys (ConfUtils.java:logGet(46)) - raft.server.log.segment.cache.size.max = 200MB (=209715200) (default)
2023-05-30 05:50:53,879 [55da83fd-970f-4c5a-b7d8-35d4afa09e55-groupManagement] INFO  server.RaftServerConfigKeys (ConfUtils.java:logGet(46)) - raft.server.log.appender.buffer.byte-limit = 33554432 (custom)
2023-05-30 05:50:53,879 [55da83fd-970f-4c5a-b7d8-35d4afa09e55-groupManagement] INFO  segmented.SegmentedRaftLogWorker (SegmentedRaftLogWorker.java:<init>(188)) - new 55da83fd-970f-4c5a-b7d8-35d4afa09e55@group-A126D4CB6BA2-SegmentedRaftLogWorker for RaftStorageImpl:Storage Directory /home/runner/work/ozone/ozone/hadoop-ozone/integration-test/target/test-dir/MiniOzoneClusterImpl-14387da3-0fdf-4878-9e7f-f07e3baca9b9/datanode-0/data/ratis/c60e6879-1d89-4e1b-a17a-a126d4cb6ba2
2023-05-30 05:50:53,879 [55da83fd-970f-4c5a-b7d8-35d4afa09e55-groupManagement] INFO  server.RaftServerConfigKeys (ConfUtils.java:logGet(46)) - raft.server.log.queue.byte-limit = 4294967296 (custom)
2023-05-30 05:50:53,880 [55da83fd-970f-4c5a-b7d8-35d4afa09e55-groupManagement] INFO  server.RaftServerConfigKeys (ConfUtils.java:logGet(46)) - raft.server.log.queue.element-limit = 1024 (custom)
2023-05-30 05:50:53,880 [55da83fd-970f-4c5a-b7d8-35d4afa09e55-groupManagement] INFO  server.RaftServerConfigKeys (ConfUtils.java:logGet(46)) - raft.server.log.segment.size.max = 1048576 (custom)
2023-05-30 05:50:53,880 [55da83fd-970f-4c5a-b7d8-35d4afa09e55-groupManagement] INFO  server.RaftServerConfigKeys (ConfUtils.java:logGet(46)) - raft.server.log.preallocated.size = 16384 (custom)
2023-05-30 05:50:53,880 [55da83fd-970f-4c5a-b7d8-35d4afa09e55-groupManagement] INFO  server.RaftServerConfigKeys (ConfUtils.java:logGet(46)) - raft.server.log.force.sync.num = 128 (default)
2023-05-30 05:50:53,880 [55da83fd-970f-4c5a-b7d8-35d4afa09e55-groupManagement] INFO  server.RaftServerConfigKeys (ConfUtils.java:logGet(46)) - raft.server.log.statemachine.data.sync = true (default)
2023-05-30 05:50:53,880 [55da83fd-970f-4c5a-b7d8-35d4afa09e55-groupManagement] INFO  server.RaftServerConfigKeys (ConfUtils.java:logGet(46)) - raft.server.log.statemachine.data.sync.timeout = 10s (default)
2023-05-30 05:50:53,880 [55da83fd-970f-4c5a-b7d8-35d4afa09e55-groupManagement] INFO  server.RaftServerConfigKeys (ConfUtils.java:logGet(46)) - raft.server.log.statemachine.data.sync.timeout.retry = -1 (default)
2023-05-30 05:50:53,882 [55da83fd-970f-4c5a-b7d8-35d4afa09e55-groupManagement] INFO  server.RaftServerConfigKeys (ConfUtils.java:logGet(46)) - raft.server.log.write.buffer.size = 1048576 (custom)
2023-05-30 05:50:53,882 [55da83fd-970f-4c5a-b7d8-35d4afa09e55-groupManagement] INFO  server.RaftServerConfigKeys (ConfUtils.java:logGet(46)) - raft.server.log.appender.buffer.byte-limit = 33554432 (custom)
2023-05-30 05:50:53,889 [55da83fd-970f-4c5a-b7d8-35d4afa09e55-groupManagement] INFO  server.RaftServerConfigKeys (ConfUtils.java:logGet(46)) - raft.server.log.unsafe-flush.enabled = false (default)
2023-05-30 05:50:53,889 [55da83fd-970f-4c5a-b7d8-35d4afa09e55-groupManagement] INFO  server.RaftServerConfigKeys (ConfUtils.java:logGet(46)) - raft.server.log.async-flush.enabled = false (default)
2023-05-30 05:50:53,889 [55da83fd-970f-4c5a-b7d8-35d4afa09e55-groupManagement] INFO  server.RaftServerConfigKeys (ConfUtils.java:logGet(46)) - raft.server.log.statemachine.data.caching.enabled = true (custom)
2023-05-30 05:50:53,889 [55da83fd-970f-4c5a-b7d8-35d4afa09e55-groupManagement] INFO  segmented.SegmentedRaftLogWorker (SegmentedRaftLogWorker.java:lambda$new$0(135)) - 55da83fd-970f-4c5a-b7d8-35d4afa09e55@group-A126D4CB6BA2-SegmentedRaftLogWorker: flushIndex: setUnconditionally 0 -> -1
2023-05-30 05:50:53,890 [55da83fd-970f-4c5a-b7d8-35d4afa09e55-groupManagement] INFO  segmented.SegmentedRaftLogWorker (SegmentedRaftLogWorker.java:lambda$new$0(135)) - 55da83fd-970f-4c5a-b7d8-35d4afa09e55@group-A126D4CB6BA2-SegmentedRaftLogWorker: safeCacheEvictIndex: setUnconditionally 0 -> -1
2023-05-30 05:50:53,890 [55da83fd-970f-4c5a-b7d8-35d4afa09e55-groupManagement] INFO  server.RaftServer$Division (RaftServerImpl.java:start(342)) - 55da83fd-970f-4c5a-b7d8-35d4afa09e55@group-A126D4CB6BA2: start as a follower, conf=-1: peers:[55da83fd-970f-4c5a-b7d8-35d4afa09e55|rpc:10.1.0.18:15014|admin:10.1.0.18:15013|client:10.1.0.18:15012|dataStream:10.1.0.18:15015|priority:1|startupRole:FOLLOWER]|listeners:[], old=null
2023-05-30 05:50:53,890 [55da83fd-970f-4c5a-b7d8-35d4afa09e55-groupManagement] INFO  server.RaftServer$Division (RaftServerImpl.java:setRole(329)) - 55da83fd-970f-4c5a-b7d8-35d4afa09e55@group-A126D4CB6BA2: changes role from      null to FOLLOWER at term 0 for startAsFollower
2023-05-30 05:50:53,890 [55da83fd-970f-4c5a-b7d8-35d4afa09e55-groupManagement] INFO  impl.RoleInfo (RoleInfo.java:updateAndGet(139)) - 55da83fd-970f-4c5a-b7d8-35d4afa09e55: start 55da83fd-970f-4c5a-b7d8-35d4afa09e55@group-A126D4CB6BA2-FollowerState
2023-05-30 05:50:53,894 [55da83fd-970f-4c5a-b7d8-35d4afa09e55-groupManagement] INFO  util.JmxRegister (JmxRegister.java:tryRegister(44)) - Successfully registered JMX Bean with object name Ratis:service=RaftServer,group=group-A126D4CB6BA2,id=55da83fd-970f-4c5a-b7d8-35d4afa09e55
2023-05-30 05:50:53,894 [55da83fd-970f-4c5a-b7d8-35d4afa09e55-groupManagement] INFO  server.RaftServerConfigKeys (ConfUtils.java:logGet(46)) - raft.server.snapshot.auto.trigger.enabled = true (custom)
2023-05-30 05:50:53,894 [55da83fd-970f-4c5a-b7d8-35d4afa09e55-groupManagement] INFO  server.RaftServerConfigKeys (ConfUtils.java:logGet(46)) - raft.server.snapshot.auto.trigger.threshold = 10000 (custom)
2023-05-30 05:50:53,894 [55da83fd-970f-4c5a-b7d8-35d4afa09e55-groupManagement] INFO  server.RaftServerConfigKeys (ConfUtils.java:logGet(46)) - raft.server.snapshot.retention.file.num = 5 (custom)
2023-05-30 05:50:53,894 [55da83fd-970f-4c5a-b7d8-35d4afa09e55-groupManagement] INFO  server.RaftServerConfigKeys (ConfUtils.java:logGet(46)) - raft.server.log.purge.upto.snapshot.index = false (default)
2023-05-30 05:50:53,895 [55da83fd-970f-4c5a-b7d8-35d4afa09e55@group-A126D4CB6BA2-FollowerState] INFO  server.RaftServerConfigKeys (ConfUtils.java:logFallback(53)) - raft.server.rpc.first-election.timeout.min = 5s (fallback to raft.server.rpc.timeout.min)
2023-05-30 05:50:53,895 [55da83fd-970f-4c5a-b7d8-35d4afa09e55@group-A126D4CB6BA2-FollowerState] INFO  server.RaftServerConfigKeys (ConfUtils.java:logFallback(53)) - raft.server.rpc.first-election.timeout.max = 5200ms (fallback to raft.server.rpc.timeout.max)
2023-05-30 05:50:53,904 [PipelineCommandHandlerThread-0] INFO  ratis.XceiverServerRatis (XceiverServerRatis.java:addGroup(804)) - Created group PipelineID=c60e6879-1d89-4e1b-a17a-a126d4cb6ba2
2023-05-30 05:50:53,904 [EventQueue-PipelineReportForPipelineReportHandler] INFO  pipeline.PipelineManagerImpl (PipelineManagerImpl.java:openPipeline(367)) - Pipeline Pipeline[ Id: c60e6879-1d89-4e1b-a17a-a126d4cb6ba2, Nodes: 55da83fd-970f-4c5a-b7d8-35d4afa09e55(fv-az800-703/10.1.0.18), ReplicationConfig: RATIS/ONE, State:ALLOCATED, leaderId:55da83fd-970f-4c5a-b7d8-35d4afa09e55, CreationTimestamp2023-05-30T05:50:50.860Z[Etc/UTC]] moved to OPEN state
2023-05-30 05:50:53,904 [PipelineCommandHandlerThread-0] INFO  commandhandler.CreatePipelineCommandHandler (CreatePipelineCommandHandler.java:lambda$handle$2(124)) - Created Pipeline RATIS ONE PipelineID=c60e6879-1d89-4e1b-a17a-a126d4cb6ba2.
2023-05-30 05:50:53,905 [PipelineCommandHandlerThread-0] INFO  server.RaftServer (RaftServerProxy.java:addNew(98)) - 55da83fd-970f-4c5a-b7d8-35d4afa09e55: addNew group-5DC6EF7DD25E:[2201e636-6a5b-4250-af22-17a0252fe45f|rpc:10.1.0.18:15032|admin:10.1.0.18:15031|client:10.1.0.18:15030|dataStream:10.1.0.18:15033|priority:0|startupRole:FOLLOWER, 0ed3f2b4-6603-4cfa-a0d8-6595115ff82f|rpc:10.1.0.18:15023|admin:10.1.0.18:15022|client:10.1.0.18:15021|dataStream:10.1.0.18:15024|priority:1|startupRole:FOLLOWER, 55da83fd-970f-4c5a-b7d8-35d4afa09e55|rpc:10.1.0.18:15014|admin:10.1.0.18:15013|client:10.1.0.18:15012|dataStream:10.1.0.18:15015|priority:0|startupRole:FOLLOWER] returns group-5DC6EF7DD25E:java.util.concurrent.CompletableFuture@48cb4656[Not completed]
2023-05-30 05:50:53,906 [55da83fd-970f-4c5a-b7d8-35d4afa09e55-groupManagement] INFO  server.RaftServer$Division (RaftServerImpl.java:<init>(198)) - 55da83fd-970f-4c5a-b7d8-35d4afa09e55: new RaftServerImpl for group-5DC6EF7DD25E:[2201e636-6a5b-4250-af22-17a0252fe45f|rpc:10.1.0.18:15032|admin:10.1.0.18:15031|client:10.1.0.18:15030|dataStream:10.1.0.18:15033|priority:0|startupRole:FOLLOWER, 0ed3f2b4-6603-4cfa-a0d8-6595115ff82f|rpc:10.1.0.18:15023|admin:10.1.0.18:15022|client:10.1.0.18:15021|dataStream:10.1.0.18:15024|priority:1|startupRole:FOLLOWER, 55da83fd-970f-4c5a-b7d8-35d4afa09e55|rpc:10.1.0.18:15014|admin:10.1.0.18:15013|client:10.1.0.18:15012|dataStream:10.1.0.18:15015|priority:0|startupRole:FOLLOWER] with ContainerStateMachine:uninitialized
2023-05-30 05:50:53,906 [55da83fd-970f-4c5a-b7d8-35d4afa09e55-groupManagement] INFO  server.RaftServerConfigKeys (ConfUtils.java:logGet(46)) - raft.server.rpc.timeout.min = 5s (custom)
2023-05-30 05:50:53,906 [55da83fd-970f-4c5a-b7d8-35d4afa09e55-groupManagement] INFO  server.RaftServerConfigKeys (ConfUtils.java:logGet(46)) - raft.server.rpc.timeout.max = 5200ms (custom)
2023-05-30 05:50:53,906 [55da83fd-970f-4c5a-b7d8-35d4afa09e55-groupManagement] INFO  server.RaftServerConfigKeys (ConfUtils.java:logGet(46)) - raft.server.rpc.sleep.time = 25ms (default)
2023-05-30 05:50:53,906 [55da83fd-970f-4c5a-b7d8-35d4afa09e55-groupManagement] INFO  server.RaftServerConfigKeys (ConfUtils.java:logGet(46)) - raft.server.rpc.slowness.timeout = 300000ms (custom)
2023-05-30 05:50:53,906 [55da83fd-970f-4c5a-b7d8-35d4afa09e55-groupManagement] INFO  server.RaftServerConfigKeys (ConfUtils.java:logGet(46)) - raft.server.leaderelection.leader.step-down.wait-time = 10s (default)
2023-05-30 05:50:53,906 [55da83fd-970f-4c5a-b7d8-35d4afa09e55-groupManagement] INFO  server.RaftServerConfigKeys (ConfUtils.java:logGet(46)) - raft.server.sleep.deviation.threshold = 300ms (default)
2023-05-30 05:50:53,907 [55da83fd-970f-4c5a-b7d8-35d4afa09e55-groupManagement] INFO  server.RaftServer$Division (ServerState.java:<init>(120)) - 55da83fd-970f-4c5a-b7d8-35d4afa09e55@group-5DC6EF7DD25E: ConfigurationManager, init=-1: peers:[2201e636-6a5b-4250-af22-17a0252fe45f|rpc:10.1.0.18:15032|admin:10.1.0.18:15031|client:10.1.0.18:15030|dataStream:10.1.0.18:15033|priority:0|startupRole:FOLLOWER, 0ed3f2b4-6603-4cfa-a0d8-6595115ff82f|rpc:10.1.0.18:15023|admin:10.1.0.18:15022|client:10.1.0.18:15021|dataStream:10.1.0.18:15024|priority:1|startupRole:FOLLOWER, 55da83fd-970f-4c5a-b7d8-35d4afa09e55|rpc:10.1.0.18:15014|admin:10.1.0.18:15013|client:10.1.0.18:15012|dataStream:10.1.0.18:15015|priority:0|startupRole:FOLLOWER]|listeners:[], old=null, confs=<EMPTY_MAP>
2023-05-30 05:50:53,907 [55da83fd-970f-4c5a-b7d8-35d4afa09e55-groupManagement] INFO  server.RaftServerConfigKeys (ConfUtils.java:logGet(46)) - raft.server.storage.dir = [/home/runner/work/ozone/ozone/hadoop-ozone/integration-test/target/test-dir/MiniOzoneClusterImpl-14387da3-0fdf-4878-9e7f-f07e3baca9b9/datanode-0/data/ratis] (custom)
2023-05-30 05:50:53,907 [55da83fd-970f-4c5a-b7d8-35d4afa09e55-groupManagement] INFO  server.RaftServerConfigKeys (ConfUtils.java:logGet(46)) - raft.server.log.corruption.policy = EXCEPTION (default)
2023-05-30 05:50:53,907 [55da83fd-970f-4c5a-b7d8-35d4afa09e55-groupManagement] INFO  server.RaftServerConfigKeys (ConfUtils.java:logGet(46)) - raft.server.storage.free-space.min = 0MB (=0) (default)
2023-05-30 05:50:53,908 [55da83fd-970f-4c5a-b7d8-35d4afa09e55-groupManagement] INFO  server.RaftServerConfigKeys (ConfUtils.java:logGet(46)) - raft.server.notification.no-leader.timeout = 300000ms (custom)
2023-05-30 05:50:53,908 [55da83fd-970f-4c5a-b7d8-35d4afa09e55-groupManagement] INFO  server.RaftServerConfigKeys (ConfUtils.java:logGet(46)) - raft.server.read.timeout = 10s (default)
2023-05-30 05:50:53,909 [55da83fd-970f-4c5a-b7d8-35d4afa09e55-groupManagement] INFO  server.RaftServerConfigKeys (ConfUtils.java:logGet(46)) - raft.server.retrycache.expirytime = 600000ms (custom)
2023-05-30 05:50:53,909 [55da83fd-970f-4c5a-b7d8-35d4afa09e55-groupManagement] INFO  server.RaftServerConfigKeys (ConfUtils.java:logGet(46)) - raft.server.retrycache.statistics.expirytime = 100μs (default)
2023-05-30 05:50:53,909 [55da83fd-970f-4c5a-b7d8-35d4afa09e55-groupManagement] INFO  server.RaftServerConfigKeys (ConfUtils.java:logGet(46)) - raft.server.read.option = DEFAULT (default)
2023-05-30 05:50:53,911 [55da83fd-970f-4c5a-b7d8-35d4afa09e55-groupManagement] INFO  server.RaftServerConfigKeys (ConfUtils.java:logGet(46)) - raft.server.rpc.request.timeout = 3000ms (default)
2023-05-30 05:50:53,911 [55da83fd-970f-4c5a-b7d8-35d4afa09e55-groupManagement] INFO  server.RaftServerConfigKeys (ConfUtils.java:logGet(46)) - raft.server.log.appender.install.snapshot.enabled = false (custom)
2023-05-30 05:50:53,911 [55da83fd-970f-4c5a-b7d8-35d4afa09e55-groupManagement] INFO  server.RaftServerConfigKeys (ConfUtils.java:logGet(46)) - raft.server.threadpool.server.cached = true (default)
2023-05-30 05:50:53,911 [55da83fd-970f-4c5a-b7d8-35d4afa09e55-groupManagement] INFO  server.RaftServerConfigKeys (ConfUtils.java:logGet(46)) - raft.server.threadpool.server.size = 0 (default)
2023-05-30 05:50:53,911 [55da83fd-970f-4c5a-b7d8-35d4afa09e55-groupManagement] INFO  server.RaftServerConfigKeys (ConfUtils.java:logGet(46)) - raft.server.threadpool.client.cached = true (default)
2023-05-30 05:50:53,911 [55da83fd-970f-4c5a-b7d8-35d4afa09e55-groupManagement] INFO  server.RaftServerConfigKeys (ConfUtils.java:logGet(46)) - raft.server.threadpool.client.size = 0 (default)
2023-05-30 05:50:53,911 [EventQueue-OpenPipelineForHealthyPipelineSafeModeRule] INFO  safemode.SCMSafeModeManager (HealthyPipelineSafeModeRule.java:process(137)) - SCM in safe mode. Healthy pipelines reported count is 0, required healthy pipeline reported count is 1
2023-05-30 05:50:53,912 [55da83fd-970f-4c5a-b7d8-35d4afa09e55-groupManagement] INFO  storage.RaftStorageDirectory (RaftStorageDirectoryImpl.java:analyzeStorage(137)) - The storage directory /home/runner/work/ozone/ozone/hadoop-ozone/integration-test/target/test-dir/MiniOzoneClusterImpl-14387da3-0fdf-4878-9e7f-f07e3baca9b9/datanode-0/data/ratis/81bd04ba-6959-413d-afc2-5dc6ef7dd25e does not exist. Creating ...
2023-05-30 05:50:53,913 [55da83fd-970f-4c5a-b7d8-35d4afa09e55-groupManagement] INFO  storage.RaftStorageDirectory (RaftStorageDirectoryImpl.java:tryLock(231)) - Lock on /home/runner/work/ozone/ozone/hadoop-ozone/integration-test/target/test-dir/MiniOzoneClusterImpl-14387da3-0fdf-4878-9e7f-f07e3baca9b9/datanode-0/data/ratis/81bd04ba-6959-413d-afc2-5dc6ef7dd25e/in_use.lock acquired by nodename 89029@fv-az800-703
2023-05-30 05:50:53,914 [55da83fd-970f-4c5a-b7d8-35d4afa09e55-groupManagement] INFO  storage.RaftStorage (RaftStorageImpl.java:format(96)) - Storage directory /home/runner/work/ozone/ozone/hadoop-ozone/integration-test/target/test-dir/MiniOzoneClusterImpl-14387da3-0fdf-4878-9e7f-f07e3baca9b9/datanode-0/data/ratis/81bd04ba-6959-413d-afc2-5dc6ef7dd25e has been successfully formatted.
2023-05-30 05:50:53,915 [55da83fd-970f-4c5a-b7d8-35d4afa09e55-groupManagement] INFO  ratis.ContainerStateMachine (ContainerStateMachine.java:loadSnapshot(262)) - group-5DC6EF7DD25E: The snapshot info is null. Setting the last applied indexto:(t:0, i:~)
2023-05-30 05:50:53,915 [55da83fd-970f-4c5a-b7d8-35d4afa09e55-groupManagement] INFO  server.RaftServerConfigKeys (ConfUtils.java:logGet(46)) - raft.server.log.use.memory = false (default)
2023-05-30 05:50:53,915 [55da83fd-970f-4c5a-b7d8-35d4afa09e55-groupManagement] INFO  server.RaftServerConfigKeys (ConfUtils.java:logGet(46)) - raft.server.log.purge.gap = 1000000 (custom)
2023-05-30 05:50:53,915 [55da83fd-970f-4c5a-b7d8-35d4afa09e55-groupManagement] INFO  server.RaftServerConfigKeys (ConfUtils.java:logGet(46)) - raft.server.log.appender.buffer.byte-limit = 33554432 (custom)
2023-05-30 05:50:53,915 [55da83fd-970f-4c5a-b7d8-35d4afa09e55-groupManagement] INFO  server.RaftServerConfigKeys (ConfUtils.java:logGet(46)) - raft.server.log.statemachine.data.read.timeout = 1000ms (default)
2023-05-30 05:50:53,915 [55da83fd-970f-4c5a-b7d8-35d4afa09e55-groupManagement] INFO  server.RaftServerConfigKeys (ConfUtils.java:logGet(46)) - raft.server.log.purge.preservation.log.num = 0 (default)
2023-05-30 05:50:53,916 [55da83fd-970f-4c5a-b7d8-35d4afa09e55-groupManagement] INFO  server.RaftServerConfigKeys (ConfUtils.java:logGet(46)) - raft.server.log.segment.size.max = 1048576 (custom)
2023-05-30 05:50:53,916 [55da83fd-970f-4c5a-b7d8-35d4afa09e55-groupManagement] INFO  server.RaftServerConfigKeys (ConfUtils.java:logGet(46)) - raft.server.log.segment.cache.num.max = 2 (custom)
2023-05-30 05:50:53,916 [55da83fd-970f-4c5a-b7d8-35d4afa09e55-groupManagement] INFO  server.RaftServerConfigKeys (ConfUtils.java:logGet(46)) - raft.server.log.segment.cache.size.max = 200MB (=209715200) (default)
2023-05-30 05:50:53,916 [55da83fd-970f-4c5a-b7d8-35d4afa09e55-groupManagement] INFO  server.RaftServerConfigKeys (ConfUtils.java:logGet(46)) - raft.server.log.appender.buffer.byte-limit = 33554432 (custom)
2023-05-30 05:50:53,917 [55da83fd-970f-4c5a-b7d8-35d4afa09e55-groupManagement] INFO  segmented.SegmentedRaftLogWorker (SegmentedRaftLogWorker.java:<init>(188)) - new 55da83fd-970f-4c5a-b7d8-35d4afa09e55@group-5DC6EF7DD25E-SegmentedRaftLogWorker for RaftStorageImpl:Storage Directory /home/runner/work/ozone/ozone/hadoop-ozone/integration-test/target/test-dir/MiniOzoneClusterImpl-14387da3-0fdf-4878-9e7f-f07e3baca9b9/datanode-0/data/ratis/81bd04ba-6959-413d-afc2-5dc6ef7dd25e
2023-05-30 05:50:53,917 [55da83fd-970f-4c5a-b7d8-35d4afa09e55-groupManagement] INFO  server.RaftServerConfigKeys (ConfUtils.java:logGet(46)) - raft.server.log.queue.byte-limit = 4294967296 (custom)
2023-05-30 05:50:53,917 [55da83fd-970f-4c5a-b7d8-35d4afa09e55-groupManagement] INFO  server.RaftServerConfigKeys (ConfUtils.java:logGet(46)) - raft.server.log.queue.element-limit = 1024 (custom)
2023-05-30 05:50:53,917 [55da83fd-970f-4c5a-b7d8-35d4afa09e55-groupManagement] INFO  server.RaftServerConfigKeys (ConfUtils.java:logGet(46)) - raft.server.log.segment.size.max = 1048576 (custom)
2023-05-30 05:50:53,917 [55da83fd-970f-4c5a-b7d8-35d4afa09e55-groupManagement] INFO  server.RaftServerConfigKeys (ConfUtils.java:logGet(46)) - raft.server.log.preallocated.size = 16384 (custom)
2023-05-30 05:50:53,917 [55da83fd-970f-4c5a-b7d8-35d4afa09e55-groupManagement] INFO  server.RaftServerConfigKeys (ConfUtils.java:logGet(46)) - raft.server.log.force.sync.num = 128 (default)
2023-05-30 05:50:53,917 [55da83fd-970f-4c5a-b7d8-35d4afa09e55-groupManagement] INFO  server.RaftServerConfigKeys (ConfUtils.java:logGet(46)) - raft.server.log.statemachine.data.sync = true (default)
2023-05-30 05:50:53,917 [55da83fd-970f-4c5a-b7d8-35d4afa09e55-groupManagement] INFO  server.RaftServerConfigKeys (ConfUtils.java:logGet(46)) - raft.server.log.statemachine.data.sync.timeout = 10s (default)
2023-05-30 05:50:53,917 [55da83fd-970f-4c5a-b7d8-35d4afa09e55-groupManagement] INFO  server.RaftServerConfigKeys (ConfUtils.java:logGet(46)) - raft.server.log.statemachine.data.sync.timeout.retry = -1 (default)
2023-05-30 05:50:53,919 [EventQueue-OpenPipelineForHealthyPipelineSafeModeRule] INFO  safemode.SCMSafeModeManager (HealthyPipelineSafeModeRule.java:process(137)) - SCM in safe mode. Healthy pipelines reported count is 0, required healthy pipeline reported count is 1
2023-05-30 05:50:53,921 [55da83fd-970f-4c5a-b7d8-35d4afa09e55-groupManagement] INFO  server.RaftServerConfigKeys (ConfUtils.java:logGet(46)) - raft.server.log.write.buffer.size = 1048576 (custom)
2023-05-30 05:50:53,921 [55da83fd-970f-4c5a-b7d8-35d4afa09e55-groupManagement] INFO  server.RaftServerConfigKeys (ConfUtils.java:logGet(46)) - raft.server.log.appender.buffer.byte-limit = 33554432 (custom)
2023-05-30 05:50:53,927 [55da83fd-970f-4c5a-b7d8-35d4afa09e55-groupManagement] INFO  server.RaftServerConfigKeys (ConfUtils.java:logGet(46)) - raft.server.log.unsafe-flush.enabled = false (default)
2023-05-30 05:50:53,927 [55da83fd-970f-4c5a-b7d8-35d4afa09e55-groupManagement] INFO  server.RaftServerConfigKeys (ConfUtils.java:logGet(46)) - raft.server.log.async-flush.enabled = false (default)
2023-05-30 05:50:53,927 [55da83fd-970f-4c5a-b7d8-35d4afa09e55-groupManagement] INFO  server.RaftServerConfigKeys (ConfUtils.java:logGet(46)) - raft.server.log.statemachine.data.caching.enabled = true (custom)
2023-05-30 05:50:53,927 [55da83fd-970f-4c5a-b7d8-35d4afa09e55-groupManagement] INFO  segmented.SegmentedRaftLogWorker (SegmentedRaftLogWorker.java:lambda$new$0(135)) - 55da83fd-970f-4c5a-b7d8-35d4afa09e55@group-5DC6EF7DD25E-SegmentedRaftLogWorker: flushIndex: setUnconditionally 0 -> -1
2023-05-30 05:50:53,927 [55da83fd-970f-4c5a-b7d8-35d4afa09e55-groupManagement] INFO  segmented.SegmentedRaftLogWorker (SegmentedRaftLogWorker.java:lambda$new$0(135)) - 55da83fd-970f-4c5a-b7d8-35d4afa09e55@group-5DC6EF7DD25E-SegmentedRaftLogWorker: safeCacheEvictIndex: setUnconditionally 0 -> -1
2023-05-30 05:50:53,928 [55da83fd-970f-4c5a-b7d8-35d4afa09e55-groupManagement] INFO  server.RaftServer$Division (RaftServerImpl.java:start(342)) - 55da83fd-970f-4c5a-b7d8-35d4afa09e55@group-5DC6EF7DD25E: start as a follower, conf=-1: peers:[2201e636-6a5b-4250-af22-17a0252fe45f|rpc:10.1.0.18:15032|admin:10.1.0.18:15031|client:10.1.0.18:15030|dataStream:10.1.0.18:15033|priority:0|startupRole:FOLLOWER, 0ed3f2b4-6603-4cfa-a0d8-6595115ff82f|rpc:10.1.0.18:15023|admin:10.1.0.18:15022|client:10.1.0.18:15021|dataStream:10.1.0.18:15024|priority:1|startupRole:FOLLOWER, 55da83fd-970f-4c5a-b7d8-35d4afa09e55|rpc:10.1.0.18:15014|admin:10.1.0.18:15013|client:10.1.0.18:15012|dataStream:10.1.0.18:15015|priority:0|startupRole:FOLLOWER]|listeners:[], old=null
2023-05-30 05:50:53,928 [55da83fd-970f-4c5a-b7d8-35d4afa09e55-groupManagement] INFO  server.RaftServer$Division (RaftServerImpl.java:setRole(329)) - 55da83fd-970f-4c5a-b7d8-35d4afa09e55@group-5DC6EF7DD25E: changes role from      null to FOLLOWER at term 0 for startAsFollower
2023-05-30 05:50:53,928 [55da83fd-970f-4c5a-b7d8-35d4afa09e55-groupManagement] INFO  impl.RoleInfo (RoleInfo.java:updateAndGet(139)) - 55da83fd-970f-4c5a-b7d8-35d4afa09e55: start 55da83fd-970f-4c5a-b7d8-35d4afa09e55@group-5DC6EF7DD25E-FollowerState
2023-05-30 05:50:53,934 [55da83fd-970f-4c5a-b7d8-35d4afa09e55-groupManagement] INFO  util.JmxRegister (JmxRegister.java:tryRegister(44)) - Successfully registered JMX Bean with object name Ratis:service=RaftServer,group=group-5DC6EF7DD25E,id=55da83fd-970f-4c5a-b7d8-35d4afa09e55
2023-05-30 05:50:53,934 [55da83fd-970f-4c5a-b7d8-35d4afa09e55-groupManagement] INFO  server.RaftServerConfigKeys (ConfUtils.java:logGet(46)) - raft.server.snapshot.auto.trigger.enabled = true (custom)
2023-05-30 05:50:53,934 [55da83fd-970f-4c5a-b7d8-35d4afa09e55-groupManagement] INFO  server.RaftServerConfigKeys (ConfUtils.java:logGet(46)) - raft.server.snapshot.auto.trigger.threshold = 10000 (custom)
2023-05-30 05:50:53,934 [55da83fd-970f-4c5a-b7d8-35d4afa09e55-groupManagement] INFO  server.RaftServerConfigKeys (ConfUtils.java:logGet(46)) - raft.server.snapshot.retention.file.num = 5 (custom)
2023-05-30 05:50:53,934 [55da83fd-970f-4c5a-b7d8-35d4afa09e55-groupManagement] INFO  server.RaftServerConfigKeys (ConfUtils.java:logGet(46)) - raft.server.log.purge.upto.snapshot.index = false (default)
2023-05-30 05:50:53,935 [55da83fd-970f-4c5a-b7d8-35d4afa09e55@group-5DC6EF7DD25E-FollowerState] INFO  server.RaftServerConfigKeys (ConfUtils.java:logFallback(53)) - raft.server.rpc.first-election.timeout.min = 5s (fallback to raft.server.rpc.timeout.min)
2023-05-30 05:50:53,939 [55da83fd-970f-4c5a-b7d8-35d4afa09e55@group-5DC6EF7DD25E-FollowerState] INFO  server.RaftServerConfigKeys (ConfUtils.java:logFallback(53)) - raft.server.rpc.first-election.timeout.max = 5200ms (fallback to raft.server.rpc.timeout.max)
2023-05-30 05:50:53,940 [PipelineCommandHandlerThread-0] INFO  ratis.XceiverServerRatis (XceiverServerRatis.java:addGroup(804)) - Created group PipelineID=81bd04ba-6959-413d-afc2-5dc6ef7dd25e
2023-05-30 05:50:54,321 [PipelineCommandHandlerThread-0] INFO  server.RaftServer (RaftServerProxy.java:addNew(98)) - 0ed3f2b4-6603-4cfa-a0d8-6595115ff82f: addNew group-F5BB0360AB4F:[0ed3f2b4-6603-4cfa-a0d8-6595115ff82f|rpc:10.1.0.18:15023|admin:10.1.0.18:15022|client:10.1.0.18:15021|dataStream:10.1.0.18:15024|priority:1|startupRole:FOLLOWER] returns group-F5BB0360AB4F:java.util.concurrent.CompletableFuture@1e346c1c[Not completed]
2023-05-30 05:50:54,327 [0ed3f2b4-6603-4cfa-a0d8-6595115ff82f-groupManagement] INFO  server.RaftServer$Division (RaftServerImpl.java:<init>(198)) - 0ed3f2b4-6603-4cfa-a0d8-6595115ff82f: new RaftServerImpl for group-F5BB0360AB4F:[0ed3f2b4-6603-4cfa-a0d8-6595115ff82f|rpc:10.1.0.18:15023|admin:10.1.0.18:15022|client:10.1.0.18:15021|dataStream:10.1.0.18:15024|priority:1|startupRole:FOLLOWER] with ContainerStateMachine:uninitialized
2023-05-30 05:50:54,327 [0ed3f2b4-6603-4cfa-a0d8-6595115ff82f-groupManagement] INFO  server.RaftServerConfigKeys (ConfUtils.java:logGet(46)) - raft.server.rpc.timeout.min = 5s (custom)
2023-05-30 05:50:54,327 [0ed3f2b4-6603-4cfa-a0d8-6595115ff82f-groupManagement] INFO  server.RaftServerConfigKeys (ConfUtils.java:logGet(46)) - raft.server.rpc.timeout.max = 5200ms (custom)
2023-05-30 05:50:54,327 [0ed3f2b4-6603-4cfa-a0d8-6595115ff82f-groupManagement] INFO  server.RaftServerConfigKeys (ConfUtils.java:logGet(46)) - raft.server.rpc.sleep.time = 25ms (default)
2023-05-30 05:50:54,327 [0ed3f2b4-6603-4cfa-a0d8-6595115ff82f-groupManagement] INFO  server.RaftServerConfigKeys (ConfUtils.java:logGet(46)) - raft.server.rpc.slowness.timeout = 300000ms (custom)
2023-05-30 05:50:54,327 [0ed3f2b4-6603-4cfa-a0d8-6595115ff82f-groupManagement] INFO  server.RaftServerConfigKeys (ConfUtils.java:logGet(46)) - raft.server.leaderelection.leader.step-down.wait-time = 10s (default)
2023-05-30 05:50:54,327 [0ed3f2b4-6603-4cfa-a0d8-6595115ff82f-groupManagement] INFO  server.RaftServerConfigKeys (ConfUtils.java:logGet(46)) - raft.server.sleep.deviation.threshold = 300ms (default)
2023-05-30 05:50:54,328 [0ed3f2b4-6603-4cfa-a0d8-6595115ff82f-groupManagement] INFO  server.RaftServer$Division (ServerState.java:<init>(120)) - 0ed3f2b4-6603-4cfa-a0d8-6595115ff82f@group-F5BB0360AB4F: ConfigurationManager, init=-1: peers:[0ed3f2b4-6603-4cfa-a0d8-6595115ff82f|rpc:10.1.0.18:15023|admin:10.1.0.18:15022|client:10.1.0.18:15021|dataStream:10.1.0.18:15024|priority:1|startupRole:FOLLOWER]|listeners:[], old=null, confs=<EMPTY_MAP>
2023-05-30 05:50:54,328 [0ed3f2b4-6603-4cfa-a0d8-6595115ff82f-groupManagement] INFO  server.RaftServerConfigKeys (ConfUtils.java:logGet(46)) - raft.server.storage.dir = [/home/runner/work/ozone/ozone/hadoop-ozone/integration-test/target/test-dir/MiniOzoneClusterImpl-14387da3-0fdf-4878-9e7f-f07e3baca9b9/datanode-1/data/ratis] (custom)
2023-05-30 05:50:54,328 [0ed3f2b4-6603-4cfa-a0d8-6595115ff82f-groupManagement] INFO  server.RaftServerConfigKeys (ConfUtils.java:logGet(46)) - raft.server.log.corruption.policy = EXCEPTION (default)
2023-05-30 05:50:54,328 [0ed3f2b4-6603-4cfa-a0d8-6595115ff82f-groupManagement] INFO  server.RaftServerConfigKeys (ConfUtils.java:logGet(46)) - raft.server.storage.free-space.min = 0MB (=0) (default)
2023-05-30 05:50:54,328 [0ed3f2b4-6603-4cfa-a0d8-6595115ff82f-groupManagement] INFO  server.RaftServerConfigKeys (ConfUtils.java:logGet(46)) - raft.server.notification.no-leader.timeout = 300000ms (custom)
2023-05-30 05:50:54,334 [0ed3f2b4-6603-4cfa-a0d8-6595115ff82f-groupManagement] INFO  server.RaftServerConfigKeys (ConfUtils.java:logGet(46)) - raft.server.read.timeout = 10s (default)
2023-05-30 05:50:54,334 [0ed3f2b4-6603-4cfa-a0d8-6595115ff82f-groupManagement] INFO  server.RaftServerConfigKeys (ConfUtils.java:logGet(46)) - raft.server.retrycache.expirytime = 600000ms (custom)
2023-05-30 05:50:54,334 [0ed3f2b4-6603-4cfa-a0d8-6595115ff82f-groupManagement] INFO  server.RaftServerConfigKeys (ConfUtils.java:logGet(46)) - raft.server.retrycache.statistics.expirytime = 100μs (default)
2023-05-30 05:50:54,337 [0ed3f2b4-6603-4cfa-a0d8-6595115ff82f-groupManagement] INFO  server.RaftServerConfigKeys (ConfUtils.java:logGet(46)) - raft.server.read.option = DEFAULT (default)
2023-05-30 05:50:54,345 [0ed3f2b4-6603-4cfa-a0d8-6595115ff82f-groupManagement] INFO  server.RaftServerConfigKeys (ConfUtils.java:logGet(46)) - raft.server.rpc.request.timeout = 3000ms (default)
2023-05-30 05:50:54,345 [0ed3f2b4-6603-4cfa-a0d8-6595115ff82f-groupManagement] INFO  server.RaftServerConfigKeys (ConfUtils.java:logGet(46)) - raft.server.log.appender.install.snapshot.enabled = false (custom)
2023-05-30 05:50:54,345 [0ed3f2b4-6603-4cfa-a0d8-6595115ff82f-groupManagement] INFO  server.RaftServerConfigKeys (ConfUtils.java:logGet(46)) - raft.server.threadpool.server.cached = true (default)
2023-05-30 05:50:54,345 [0ed3f2b4-6603-4cfa-a0d8-6595115ff82f-groupManagement] INFO  server.RaftServerConfigKeys (ConfUtils.java:logGet(46)) - raft.server.threadpool.server.size = 0 (default)
2023-05-30 05:50:54,346 [0ed3f2b4-6603-4cfa-a0d8-6595115ff82f-groupManagement] INFO  server.RaftServerConfigKeys (ConfUtils.java:logGet(46)) - raft.server.threadpool.client.cached = true (default)
2023-05-30 05:50:54,346 [0ed3f2b4-6603-4cfa-a0d8-6595115ff82f-groupManagement] INFO  server.RaftServerConfigKeys (ConfUtils.java:logGet(46)) - raft.server.threadpool.client.size = 0 (default)
2023-05-30 05:50:54,346 [0ed3f2b4-6603-4cfa-a0d8-6595115ff82f-groupManagement] INFO  storage.RaftStorageDirectory (RaftStorageDirectoryImpl.java:analyzeStorage(137)) - The storage directory /home/runner/work/ozone/ozone/hadoop-ozone/integration-test/target/test-dir/MiniOzoneClusterImpl-14387da3-0fdf-4878-9e7f-f07e3baca9b9/datanode-1/data/ratis/03786e4b-e0e4-4eb3-a81b-f5bb0360ab4f does not exist. Creating ...
2023-05-30 05:50:54,347 [0ed3f2b4-6603-4cfa-a0d8-6595115ff82f-groupManagement] INFO  storage.RaftStorageDirectory (RaftStorageDirectoryImpl.java:tryLock(231)) - Lock on /home/runner/work/ozone/ozone/hadoop-ozone/integration-test/target/test-dir/MiniOzoneClusterImpl-14387da3-0fdf-4878-9e7f-f07e3baca9b9/datanode-1/data/ratis/03786e4b-e0e4-4eb3-a81b-f5bb0360ab4f/in_use.lock acquired by nodename 89029@fv-az800-703
2023-05-30 05:50:54,349 [0ed3f2b4-6603-4cfa-a0d8-6595115ff82f-groupManagement] INFO  storage.RaftStorage (RaftStorageImpl.java:format(96)) - Storage directory /home/runner/work/ozone/ozone/hadoop-ozone/integration-test/target/test-dir/MiniOzoneClusterImpl-14387da3-0fdf-4878-9e7f-f07e3baca9b9/datanode-1/data/ratis/03786e4b-e0e4-4eb3-a81b-f5bb0360ab4f has been successfully formatted.
2023-05-30 05:50:54,351 [0ed3f2b4-6603-4cfa-a0d8-6595115ff82f-groupManagement] INFO  ratis.ContainerStateMachine (ContainerStateMachine.java:loadSnapshot(262)) - group-F5BB0360AB4F: The snapshot info is null. Setting the last applied indexto:(t:0, i:~)
2023-05-30 05:50:54,362 [EventQueue-PipelineReportForPipelineReportHandler] INFO  pipeline.PipelineManagerImpl (PipelineManagerImpl.java:openPipeline(367)) - Pipeline Pipeline[ Id: 03786e4b-e0e4-4eb3-a81b-f5bb0360ab4f, Nodes: 0ed3f2b4-6603-4cfa-a0d8-6595115ff82f(fv-az800-703/10.1.0.18), ReplicationConfig: RATIS/ONE, State:ALLOCATED, leaderId:0ed3f2b4-6603-4cfa-a0d8-6595115ff82f, CreationTimestamp2023-05-30T05:50:51.311Z[Etc/UTC]] moved to OPEN state
2023-05-30 05:50:54,364 [EventQueue-OpenPipelineForHealthyPipelineSafeModeRule] INFO  safemode.SCMSafeModeManager (HealthyPipelineSafeModeRule.java:process(137)) - SCM in safe mode. Healthy pipelines reported count is 0, required healthy pipeline reported count is 1
2023-05-30 05:50:54,363 [0ed3f2b4-6603-4cfa-a0d8-6595115ff82f-groupManagement] INFO  server.RaftServerConfigKeys (ConfUtils.java:logGet(46)) - raft.server.log.use.memory = false (default)
2023-05-30 05:50:54,366 [0ed3f2b4-6603-4cfa-a0d8-6595115ff82f-groupManagement] INFO  server.RaftServerConfigKeys (ConfUtils.java:logGet(46)) - raft.server.log.purge.gap = 1000000 (custom)
2023-05-30 05:50:54,366 [0ed3f2b4-6603-4cfa-a0d8-6595115ff82f-groupManagement] INFO  server.RaftServerConfigKeys (ConfUtils.java:logGet(46)) - raft.server.log.appender.buffer.byte-limit = 33554432 (custom)
2023-05-30 05:50:54,366 [0ed3f2b4-6603-4cfa-a0d8-6595115ff82f-groupManagement] INFO  server.RaftServerConfigKeys (ConfUtils.java:logGet(46)) - raft.server.log.statemachine.data.read.timeout = 1000ms (default)
2023-05-30 05:50:54,366 [0ed3f2b4-6603-4cfa-a0d8-6595115ff82f-groupManagement] INFO  server.RaftServerConfigKeys (ConfUtils.java:logGet(46)) - raft.server.log.purge.preservation.log.num = 0 (default)
2023-05-30 05:50:54,366 [0ed3f2b4-6603-4cfa-a0d8-6595115ff82f-groupManagement] INFO  server.RaftServerConfigKeys (ConfUtils.java:logGet(46)) - raft.server.log.segment.size.max = 1048576 (custom)
2023-05-30 05:50:54,367 [0ed3f2b4-6603-4cfa-a0d8-6595115ff82f-groupManagement] INFO  server.RaftServerConfigKeys (ConfUtils.java:logGet(46)) - raft.server.log.segment.cache.num.max = 2 (custom)
2023-05-30 05:50:54,367 [0ed3f2b4-6603-4cfa-a0d8-6595115ff82f-groupManagement] INFO  server.RaftServerConfigKeys (ConfUtils.java:logGet(46)) - raft.server.log.segment.cache.size.max = 200MB (=209715200) (default)
2023-05-30 05:50:54,367 [0ed3f2b4-6603-4cfa-a0d8-6595115ff82f-groupManagement] INFO  server.RaftServerConfigKeys (ConfUtils.java:logGet(46)) - raft.server.log.appender.buffer.byte-limit = 33554432 (custom)
2023-05-30 05:50:54,367 [0ed3f2b4-6603-4cfa-a0d8-6595115ff82f-groupManagement] INFO  segmented.SegmentedRaftLogWorker (SegmentedRaftLogWorker.java:<init>(188)) - new 0ed3f2b4-6603-4cfa-a0d8-6595115ff82f@group-F5BB0360AB4F-SegmentedRaftLogWorker for RaftStorageImpl:Storage Directory /home/runner/work/ozone/ozone/hadoop-ozone/integration-test/target/test-dir/MiniOzoneClusterImpl-14387da3-0fdf-4878-9e7f-f07e3baca9b9/datanode-1/data/ratis/03786e4b-e0e4-4eb3-a81b-f5bb0360ab4f
2023-05-30 05:50:54,367 [0ed3f2b4-6603-4cfa-a0d8-6595115ff82f-groupManagement] INFO  server.RaftServerConfigKeys (ConfUtils.java:logGet(46)) - raft.server.log.queue.byte-limit = 4294967296 (custom)
2023-05-30 05:50:54,367 [0ed3f2b4-6603-4cfa-a0d8-6595115ff82f-groupManagement] INFO  server.RaftServerConfigKeys (ConfUtils.java:logGet(46)) - raft.server.log.queue.element-limit = 1024 (custom)
2023-05-30 05:50:54,367 [0ed3f2b4-6603-4cfa-a0d8-6595115ff82f-groupManagement] INFO  server.RaftServerConfigKeys (ConfUtils.java:logGet(46)) - raft.server.log.segment.size.max = 1048576 (custom)
2023-05-30 05:50:54,368 [0ed3f2b4-6603-4cfa-a0d8-6595115ff82f-groupManagement] INFO  server.RaftServerConfigKeys (ConfUtils.java:logGet(46)) - raft.server.log.preallocated.size = 16384 (custom)
2023-05-30 05:50:54,368 [0ed3f2b4-6603-4cfa-a0d8-6595115ff82f-groupManagement] INFO  server.RaftServerConfigKeys (ConfUtils.java:logGet(46)) - raft.server.log.force.sync.num = 128 (default)
2023-05-30 05:50:54,368 [0ed3f2b4-6603-4cfa-a0d8-6595115ff82f-groupManagement] INFO  server.RaftServerConfigKeys (ConfUtils.java:logGet(46)) - raft.server.log.statemachine.data.sync = true (default)
2023-05-30 05:50:54,368 [0ed3f2b4-6603-4cfa-a0d8-6595115ff82f-groupManagement] INFO  server.RaftServerConfigKeys (ConfUtils.java:logGet(46)) - raft.server.log.statemachine.data.sync.timeout = 10s (default)
2023-05-30 05:50:54,368 [0ed3f2b4-6603-4cfa-a0d8-6595115ff82f-groupManagement] INFO  server.RaftServerConfigKeys (ConfUtils.java:logGet(46)) - raft.server.log.statemachine.data.sync.timeout.retry = -1 (default)
2023-05-30 05:50:54,369 [0ed3f2b4-6603-4cfa-a0d8-6595115ff82f-groupManagement] INFO  server.RaftServerConfigKeys (ConfUtils.java:logGet(46)) - raft.server.log.write.buffer.size = 1048576 (custom)
2023-05-30 05:50:54,370 [0ed3f2b4-6603-4cfa-a0d8-6595115ff82f-groupManagement] INFO  server.RaftServerConfigKeys (ConfUtils.java:logGet(46)) - raft.server.log.appender.buffer.byte-limit = 33554432 (custom)
2023-05-30 05:50:54,574 [Listener at 0.0.0.0/15046] INFO  ozone.MiniOzoneClusterImpl (MiniOzoneClusterImpl.java:lambda$waitForClusterToBeReady$0(222)) - Nodes are ready. Got 5 of 5 DN Heartbeats.
2023-05-30 05:50:54,575 [Listener at 0.0.0.0/15046] INFO  ozone.MiniOzoneClusterImpl (MiniOzoneClusterImpl.java:lambda$waitForClusterToBeReady$0(225)) - Waiting for cluster to exit safe mode
2023-05-30 05:50:54,575 [Listener at 0.0.0.0/15046] INFO  ozone.MiniOzoneClusterImpl (MiniOzoneClusterImpl.java:lambda$waitForClusterToBeReady$0(227)) - SCM became leader
2023-05-30 05:50:54,584 [0ed3f2b4-6603-4cfa-a0d8-6595115ff82f-groupManagement] INFO  server.RaftServerConfigKeys (ConfUtils.java:logGet(46)) - raft.server.log.unsafe-flush.enabled = false (default)
2023-05-30 05:50:54,584 [0ed3f2b4-6603-4cfa-a0d8-6595115ff82f-groupManagement] INFO  server.RaftServerConfigKeys (ConfUtils.java:logGet(46)) - raft.server.log.async-flush.enabled = false (default)
2023-05-30 05:50:54,584 [0ed3f2b4-6603-4cfa-a0d8-6595115ff82f-groupManagement] INFO  server.RaftServerConfigKeys (ConfUtils.java:logGet(46)) - raft.server.log.statemachine.data.caching.enabled = true (custom)
2023-05-30 05:50:54,584 [0ed3f2b4-6603-4cfa-a0d8-6595115ff82f-groupManagement] INFO  segmented.SegmentedRaftLogWorker (SegmentedRaftLogWorker.java:lambda$new$0(135)) - 0ed3f2b4-6603-4cfa-a0d8-6595115ff82f@group-F5BB0360AB4F-SegmentedRaftLogWorker: flushIndex: setUnconditionally 0 -> -1
2023-05-30 05:50:54,584 [0ed3f2b4-6603-4cfa-a0d8-6595115ff82f-groupManagement] INFO  segmented.SegmentedRaftLogWorker (SegmentedRaftLogWorker.java:lambda$new$0(135)) - 0ed3f2b4-6603-4cfa-a0d8-6595115ff82f@group-F5BB0360AB4F-SegmentedRaftLogWorker: safeCacheEvictIndex: setUnconditionally 0 -> -1
2023-05-30 05:50:54,595 [0ed3f2b4-6603-4cfa-a0d8-6595115ff82f-groupManagement] INFO  server.RaftServer$Division (RaftServerImpl.java:start(342)) - 0ed3f2b4-6603-4cfa-a0d8-6595115ff82f@group-F5BB0360AB4F: start as a follower, conf=-1: peers:[0ed3f2b4-6603-4cfa-a0d8-6595115ff82f|rpc:10.1.0.18:15023|admin:10.1.0.18:15022|client:10.1.0.18:15021|dataStream:10.1.0.18:15024|priority:1|startupRole:FOLLOWER]|listeners:[], old=null
2023-05-30 05:50:54,596 [0ed3f2b4-6603-4cfa-a0d8-6595115ff82f-groupManagement] INFO  server.RaftServer$Division (RaftServerImpl.java:setRole(329)) - 0ed3f2b4-6603-4cfa-a0d8-6595115ff82f@group-F5BB0360AB4F: changes role from      null to FOLLOWER at term 0 for startAsFollower
2023-05-30 05:50:54,596 [0ed3f2b4-6603-4cfa-a0d8-6595115ff82f-groupManagement] INFO  impl.RoleInfo (RoleInfo.java:updateAndGet(139)) - 0ed3f2b4-6603-4cfa-a0d8-6595115ff82f: start 0ed3f2b4-6603-4cfa-a0d8-6595115ff82f@group-F5BB0360AB4F-FollowerState
2023-05-30 05:50:54,598 [0ed3f2b4-6603-4cfa-a0d8-6595115ff82f-groupManagement] INFO  util.JmxRegister (JmxRegister.java:tryRegister(44)) - Successfully registered JMX Bean with object name Ratis:service=RaftServer,group=group-F5BB0360AB4F,id=0ed3f2b4-6603-4cfa-a0d8-6595115ff82f
2023-05-30 05:50:54,600 [0ed3f2b4-6603-4cfa-a0d8-6595115ff82f-groupManagement] INFO  server.RaftServerConfigKeys (ConfUtils.java:logGet(46)) - raft.server.snapshot.auto.trigger.enabled = true (custom)
2023-05-30 05:50:54,600 [0ed3f2b4-6603-4cfa-a0d8-6595115ff82f-groupManagement] INFO  server.RaftServerConfigKeys (ConfUtils.java:logGet(46)) - raft.server.snapshot.auto.trigger.threshold = 10000 (custom)
2023-05-30 05:50:54,600 [0ed3f2b4-6603-4cfa-a0d8-6595115ff82f-groupManagement] INFO  server.RaftServerConfigKeys (ConfUtils.java:logGet(46)) - raft.server.snapshot.retention.file.num = 5 (custom)
2023-05-30 05:50:54,600 [0ed3f2b4-6603-4cfa-a0d8-6595115ff82f-groupManagement] INFO  server.RaftServerConfigKeys (ConfUtils.java:logGet(46)) - raft.server.log.purge.upto.snapshot.index = false (default)
2023-05-30 05:50:54,601 [0ed3f2b4-6603-4cfa-a0d8-6595115ff82f@group-F5BB0360AB4F-FollowerState] INFO  server.RaftServerConfigKeys (ConfUtils.java:logFallback(53)) - raft.server.rpc.first-election.timeout.min = 5s (fallback to raft.server.rpc.timeout.min)
2023-05-30 05:50:54,601 [0ed3f2b4-6603-4cfa-a0d8-6595115ff82f@group-F5BB0360AB4F-FollowerState] INFO  server.RaftServerConfigKeys (ConfUtils.java:logFallback(53)) - raft.server.rpc.first-election.timeout.max = 5200ms (fallback to raft.server.rpc.timeout.max)
2023-05-30 05:50:54,605 [PipelineCommandHandlerThread-0] INFO  ratis.XceiverServerRatis (XceiverServerRatis.java:addGroup(804)) - Created group PipelineID=03786e4b-e0e4-4eb3-a81b-f5bb0360ab4f
2023-05-30 05:50:54,605 [PipelineCommandHandlerThread-0] INFO  commandhandler.CreatePipelineCommandHandler (CreatePipelineCommandHandler.java:lambda$handle$2(124)) - Created Pipeline RATIS ONE PipelineID=03786e4b-e0e4-4eb3-a81b-f5bb0360ab4f.
2023-05-30 05:50:54,606 [PipelineCommandHandlerThread-0] INFO  server.RaftServer (RaftServerProxy.java:addNew(98)) - 0ed3f2b4-6603-4cfa-a0d8-6595115ff82f: addNew group-5DC6EF7DD25E:[2201e636-6a5b-4250-af22-17a0252fe45f|rpc:10.1.0.18:15032|admin:10.1.0.18:15031|client:10.1.0.18:15030|dataStream:10.1.0.18:15033|priority:0|startupRole:FOLLOWER, 0ed3f2b4-6603-4cfa-a0d8-6595115ff82f|rpc:10.1.0.18:15023|admin:10.1.0.18:15022|client:10.1.0.18:15021|dataStream:10.1.0.18:15024|priority:1|startupRole:FOLLOWER, 55da83fd-970f-4c5a-b7d8-35d4afa09e55|rpc:10.1.0.18:15014|admin:10.1.0.18:15013|client:10.1.0.18:15012|dataStream:10.1.0.18:15015|priority:0|startupRole:FOLLOWER] returns group-5DC6EF7DD25E:java.util.concurrent.CompletableFuture@1a0bfb02[Not completed]
2023-05-30 05:50:54,608 [0ed3f2b4-6603-4cfa-a0d8-6595115ff82f-groupManagement] INFO  server.RaftServer$Division (RaftServerImpl.java:<init>(198)) - 0ed3f2b4-6603-4cfa-a0d8-6595115ff82f: new RaftServerImpl for group-5DC6EF7DD25E:[2201e636-6a5b-4250-af22-17a0252fe45f|rpc:10.1.0.18:15032|admin:10.1.0.18:15031|client:10.1.0.18:15030|dataStream:10.1.0.18:15033|priority:0|startupRole:FOLLOWER, 0ed3f2b4-6603-4cfa-a0d8-6595115ff82f|rpc:10.1.0.18:15023|admin:10.1.0.18:15022|client:10.1.0.18:15021|dataStream:10.1.0.18:15024|priority:1|startupRole:FOLLOWER, 55da83fd-970f-4c5a-b7d8-35d4afa09e55|rpc:10.1.0.18:15014|admin:10.1.0.18:15013|client:10.1.0.18:15012|dataStream:10.1.0.18:15015|priority:0|startupRole:FOLLOWER] with ContainerStateMachine:uninitialized
2023-05-30 05:50:54,608 [0ed3f2b4-6603-4cfa-a0d8-6595115ff82f-groupManagement] INFO  server.RaftServerConfigKeys (ConfUtils.java:logGet(46)) - raft.server.rpc.timeout.min = 5s (custom)
2023-05-30 05:50:54,608 [0ed3f2b4-6603-4cfa-a0d8-6595115ff82f-groupManagement] INFO  server.RaftServerConfigKeys (ConfUtils.java:logGet(46)) - raft.server.rpc.timeout.max = 5200ms (custom)
2023-05-30 05:50:54,608 [0ed3f2b4-6603-4cfa-a0d8-6595115ff82f-groupManagement] INFO  server.RaftServerConfigKeys (ConfUtils.java:logGet(46)) - raft.server.rpc.sleep.time = 25ms (default)
2023-05-30 05:50:54,608 [0ed3f2b4-6603-4cfa-a0d8-6595115ff82f-groupManagement] INFO  server.RaftServerConfigKeys (ConfUtils.java:logGet(46)) - raft.server.rpc.slowness.timeout = 300000ms (custom)
2023-05-30 05:50:54,608 [0ed3f2b4-6603-4cfa-a0d8-6595115ff82f-groupManagement] INFO  server.RaftServerConfigKeys (ConfUtils.java:logGet(46)) - raft.server.leaderelection.leader.step-down.wait-time = 10s (default)
2023-05-30 05:50:54,608 [0ed3f2b4-6603-4cfa-a0d8-6595115ff82f-groupManagement] INFO  server.RaftServerConfigKeys (ConfUtils.java:logGet(46)) - raft.server.sleep.deviation.threshold = 300ms (default)
2023-05-30 05:50:54,608 [0ed3f2b4-6603-4cfa-a0d8-6595115ff82f-groupManagement] INFO  server.RaftServer$Division (ServerState.java:<init>(120)) - 0ed3f2b4-6603-4cfa-a0d8-6595115ff82f@group-5DC6EF7DD25E: ConfigurationManager, init=-1: peers:[2201e636-6a5b-4250-af22-17a0252fe45f|rpc:10.1.0.18:15032|admin:10.1.0.18:15031|client:10.1.0.18:15030|dataStream:10.1.0.18:15033|priority:0|startupRole:FOLLOWER, 0ed3f2b4-6603-4cfa-a0d8-6595115ff82f|rpc:10.1.0.18:15023|admin:10.1.0.18:15022|client:10.1.0.18:15021|dataStream:10.1.0.18:15024|priority:1|startupRole:FOLLOWER, 55da83fd-970f-4c5a-b7d8-35d4afa09e55|rpc:10.1.0.18:15014|admin:10.1.0.18:15013|client:10.1.0.18:15012|dataStream:10.1.0.18:15015|priority:0|startupRole:FOLLOWER]|listeners:[], old=null, confs=<EMPTY_MAP>
2023-05-30 05:50:54,608 [0ed3f2b4-6603-4cfa-a0d8-6595115ff82f-groupManagement] INFO  server.RaftServerConfigKeys (ConfUtils.java:logGet(46)) - raft.server.storage.dir = [/home/runner/work/ozone/ozone/hadoop-ozone/integration-test/target/test-dir/MiniOzoneClusterImpl-14387da3-0fdf-4878-9e7f-f07e3baca9b9/datanode-1/data/ratis] (custom)
2023-05-30 05:50:54,609 [0ed3f2b4-6603-4cfa-a0d8-6595115ff82f-groupManagement] INFO  server.RaftServerConfigKeys (ConfUtils.java:logGet(46)) - raft.server.log.corruption.policy = EXCEPTION (default)
2023-05-30 05:50:54,609 [0ed3f2b4-6603-4cfa-a0d8-6595115ff82f-groupManagement] INFO  server.RaftServerConfigKeys (ConfUtils.java:logGet(46)) - raft.server.storage.free-space.min = 0MB (=0) (default)
2023-05-30 05:50:54,609 [0ed3f2b4-6603-4cfa-a0d8-6595115ff82f-groupManagement] INFO  server.RaftServerConfigKeys (ConfUtils.java:logGet(46)) - raft.server.notification.no-leader.timeout = 300000ms (custom)
2023-05-30 05:50:54,609 [0ed3f2b4-6603-4cfa-a0d8-6595115ff82f-groupManagement] INFO  server.RaftServerConfigKeys (ConfUtils.java:logGet(46)) - raft.server.read.timeout = 10s (default)
2023-05-30 05:50:54,609 [0ed3f2b4-6603-4cfa-a0d8-6595115ff82f-groupManagement] INFO  server.RaftServerConfigKeys (ConfUtils.java:logGet(46)) - raft.server.retrycache.expirytime = 600000ms (custom)
2023-05-30 05:50:54,609 [0ed3f2b4-6603-4cfa-a0d8-6595115ff82f-groupManagement] INFO  server.RaftServerConfigKeys (ConfUtils.java:logGet(46)) - raft.server.retrycache.statistics.expirytime = 100μs (default)
2023-05-30 05:50:54,609 [0ed3f2b4-6603-4cfa-a0d8-6595115ff82f-groupManagement] INFO  server.RaftServerConfigKeys (ConfUtils.java:logGet(46)) - raft.server.read.option = DEFAULT (default)
2023-05-30 05:50:54,611 [0ed3f2b4-6603-4cfa-a0d8-6595115ff82f-groupManagement] INFO  server.RaftServerConfigKeys (ConfUtils.java:logGet(46)) - raft.server.rpc.request.timeout = 3000ms (default)
2023-05-30 05:50:54,611 [0ed3f2b4-6603-4cfa-a0d8-6595115ff82f-groupManagement] INFO  server.RaftServerConfigKeys (ConfUtils.java:logGet(46)) - raft.server.log.appender.install.snapshot.enabled = false (custom)
2023-05-30 05:50:54,611 [0ed3f2b4-6603-4cfa-a0d8-6595115ff82f-groupManagement] INFO  server.RaftServerConfigKeys (ConfUtils.java:logGet(46)) - raft.server.threadpool.server.cached = true (default)
2023-05-30 05:50:54,611 [0ed3f2b4-6603-4cfa-a0d8-6595115ff82f-groupManagement] INFO  server.RaftServerConfigKeys (ConfUtils.java:logGet(46)) - raft.server.threadpool.server.size = 0 (default)
2023-05-30 05:50:54,611 [0ed3f2b4-6603-4cfa-a0d8-6595115ff82f-groupManagement] INFO  server.RaftServerConfigKeys (ConfUtils.java:logGet(46)) - raft.server.threadpool.client.cached = true (default)
2023-05-30 05:50:54,611 [0ed3f2b4-6603-4cfa-a0d8-6595115ff82f-groupManagement] INFO  server.RaftServerConfigKeys (ConfUtils.java:logGet(46)) - raft.server.threadpool.client.size = 0 (default)
2023-05-30 05:50:54,611 [0ed3f2b4-6603-4cfa-a0d8-6595115ff82f-groupManagement] INFO  storage.RaftStorageDirectory (RaftStorageDirectoryImpl.java:analyzeStorage(137)) - The storage directory /home/runner/work/ozone/ozone/hadoop-ozone/integration-test/target/test-dir/MiniOzoneClusterImpl-14387da3-0fdf-4878-9e7f-f07e3baca9b9/datanode-1/data/ratis/81bd04ba-6959-413d-afc2-5dc6ef7dd25e does not exist. Creating ...
2023-05-30 05:50:54,615 [0ed3f2b4-6603-4cfa-a0d8-6595115ff82f-groupManagement] INFO  storage.RaftStorageDirectory (RaftStorageDirectoryImpl.java:tryLock(231)) - Lock on /home/runner/work/ozone/ozone/hadoop-ozone/integration-test/target/test-dir/MiniOzoneClusterImpl-14387da3-0fdf-4878-9e7f-f07e3baca9b9/datanode-1/data/ratis/81bd04ba-6959-413d-afc2-5dc6ef7dd25e/in_use.lock acquired by nodename 89029@fv-az800-703
2023-05-30 05:50:54,617 [0ed3f2b4-6603-4cfa-a0d8-6595115ff82f-groupManagement] INFO  storage.RaftStorage (RaftStorageImpl.java:format(96)) - Storage directory /home/runner/work/ozone/ozone/hadoop-ozone/integration-test/target/test-dir/MiniOzoneClusterImpl-14387da3-0fdf-4878-9e7f-f07e3baca9b9/datanode-1/data/ratis/81bd04ba-6959-413d-afc2-5dc6ef7dd25e has been successfully formatted.
2023-05-30 05:50:54,620 [EventQueue-OpenPipelineForHealthyPipelineSafeModeRule] INFO  safemode.SCMSafeModeManager (HealthyPipelineSafeModeRule.java:process(137)) - SCM in safe mode. Healthy pipelines reported count is 0, required healthy pipeline reported count is 1
2023-05-30 05:50:54,629 [0ed3f2b4-6603-4cfa-a0d8-6595115ff82f-groupManagement] INFO  ratis.ContainerStateMachine (ContainerStateMachine.java:loadSnapshot(262)) - group-5DC6EF7DD25E: The snapshot info is null. Setting the last applied indexto:(t:0, i:~)
2023-05-30 05:50:54,630 [0ed3f2b4-6603-4cfa-a0d8-6595115ff82f-groupManagement] INFO  server.RaftServerConfigKeys (ConfUtils.java:logGet(46)) - raft.server.log.use.memory = false (default)
2023-05-30 05:50:54,630 [0ed3f2b4-6603-4cfa-a0d8-6595115ff82f-groupManagement] INFO  server.RaftServerConfigKeys (ConfUtils.java:logGet(46)) - raft.server.log.purge.gap = 1000000 (custom)
2023-05-30 05:50:54,630 [0ed3f2b4-6603-4cfa-a0d8-6595115ff82f-groupManagement] INFO  server.RaftServerConfigKeys (ConfUtils.java:logGet(46)) - raft.server.log.appender.buffer.byte-limit = 33554432 (custom)
2023-05-30 05:50:54,630 [0ed3f2b4-6603-4cfa-a0d8-6595115ff82f-groupManagement] INFO  server.RaftServerConfigKeys (ConfUtils.java:logGet(46)) - raft.server.log.statemachine.data.read.timeout = 1000ms (default)
2023-05-30 05:50:54,630 [0ed3f2b4-6603-4cfa-a0d8-6595115ff82f-groupManagement] INFO  server.RaftServerConfigKeys (ConfUtils.java:logGet(46)) - raft.server.log.purge.preservation.log.num = 0 (default)
2023-05-30 05:50:54,630 [0ed3f2b4-6603-4cfa-a0d8-6595115ff82f-groupManagement] INFO  server.RaftServerConfigKeys (ConfUtils.java:logGet(46)) - raft.server.log.segment.size.max = 1048576 (custom)
2023-05-30 05:50:54,631 [0ed3f2b4-6603-4cfa-a0d8-6595115ff82f-groupManagement] INFO  server.RaftServerConfigKeys (ConfUtils.java:logGet(46)) - raft.server.log.segment.cache.num.max = 2 (custom)
2023-05-30 05:50:54,631 [0ed3f2b4-6603-4cfa-a0d8-6595115ff82f-groupManagement] INFO  server.RaftServerConfigKeys (ConfUtils.java:logGet(46)) - raft.server.log.segment.cache.size.max = 200MB (=209715200) (default)
2023-05-30 05:50:54,631 [0ed3f2b4-6603-4cfa-a0d8-6595115ff82f-groupManagement] INFO  server.RaftServerConfigKeys (ConfUtils.java:logGet(46)) - raft.server.log.appender.buffer.byte-limit = 33554432 (custom)
2023-05-30 05:50:54,631 [0ed3f2b4-6603-4cfa-a0d8-6595115ff82f-groupManagement] INFO  segmented.SegmentedRaftLogWorker (SegmentedRaftLogWorker.java:<init>(188)) - new 0ed3f2b4-6603-4cfa-a0d8-6595115ff82f@group-5DC6EF7DD25E-SegmentedRaftLogWorker for RaftStorageImpl:Storage Directory /home/runner/work/ozone/ozone/hadoop-ozone/integration-test/target/test-dir/MiniOzoneClusterImpl-14387da3-0fdf-4878-9e7f-f07e3baca9b9/datanode-1/data/ratis/81bd04ba-6959-413d-afc2-5dc6ef7dd25e
2023-05-30 05:50:54,631 [0ed3f2b4-6603-4cfa-a0d8-6595115ff82f-groupManagement] INFO  server.RaftServerConfigKeys (ConfUtils.java:logGet(46)) - raft.server.log.queue.byte-limit = 4294967296 (custom)
2023-05-30 05:50:54,631 [0ed3f2b4-6603-4cfa-a0d8-6595115ff82f-groupManagement] INFO  server.RaftServerConfigKeys (ConfUtils.java:logGet(46)) - raft.server.log.queue.element-limit = 1024 (custom)
2023-05-30 05:50:54,631 [0ed3f2b4-6603-4cfa-a0d8-6595115ff82f-groupManagement] INFO  server.RaftServerConfigKeys (ConfUtils.java:logGet(46)) - raft.server.log.segment.size.max = 1048576 (custom)
2023-05-30 05:50:54,631 [0ed3f2b4-6603-4cfa-a0d8-6595115ff82f-groupManagement] INFO  server.RaftServerConfigKeys (ConfUtils.java:logGet(46)) - raft.server.log.preallocated.size = 16384 (custom)
2023-05-30 05:50:54,631 [0ed3f2b4-6603-4cfa-a0d8-6595115ff82f-groupManagement] INFO  server.RaftServerConfigKeys (ConfUtils.java:logGet(46)) - raft.server.log.force.sync.num = 128 (default)
2023-05-30 05:50:54,631 [0ed3f2b4-6603-4cfa-a0d8-6595115ff82f-groupManagement] INFO  server.RaftServerConfigKeys (ConfUtils.java:logGet(46)) - raft.server.log.statemachine.data.sync = true (default)
2023-05-30 05:50:54,631 [0ed3f2b4-6603-4cfa-a0d8-6595115ff82f-groupManagement] INFO  server.RaftServerConfigKeys (ConfUtils.java:logGet(46)) - raft.server.log.statemachine.data.sync.timeout = 10s (default)
2023-05-30 05:50:54,631 [0ed3f2b4-6603-4cfa-a0d8-6595115ff82f-groupManagement] INFO  server.RaftServerConfigKeys (ConfUtils.java:logGet(46)) - raft.server.log.statemachine.data.sync.timeout.retry = -1 (default)
2023-05-30 05:50:54,632 [0ed3f2b4-6603-4cfa-a0d8-6595115ff82f-groupManagement] INFO  server.RaftServerConfigKeys (ConfUtils.java:logGet(46)) - raft.server.log.write.buffer.size = 1048576 (custom)
2023-05-30 05:50:54,633 [0ed3f2b4-6603-4cfa-a0d8-6595115ff82f-groupManagement] INFO  server.RaftServerConfigKeys (ConfUtils.java:logGet(46)) - raft.server.log.appender.buffer.byte-limit = 33554432 (custom)
2023-05-30 05:50:54,638 [0ed3f2b4-6603-4cfa-a0d8-6595115ff82f-groupManagement] INFO  server.RaftServerConfigKeys (ConfUtils.java:logGet(46)) - raft.server.log.unsafe-flush.enabled = false (default)
2023-05-30 05:50:54,639 [0ed3f2b4-6603-4cfa-a0d8-6595115ff82f-groupManagement] INFO  server.RaftServerConfigKeys (ConfUtils.java:logGet(46)) - raft.server.log.async-flush.enabled = false (default)
2023-05-30 05:50:54,639 [0ed3f2b4-6603-4cfa-a0d8-6595115ff82f-groupManagement] INFO  server.RaftServerConfigKeys (ConfUtils.java:logGet(46)) - raft.server.log.statemachine.data.caching.enabled = true (custom)
2023-05-30 05:50:54,639 [0ed3f2b4-6603-4cfa-a0d8-6595115ff82f-groupManagement] INFO  segmented.SegmentedRaftLogWorker (SegmentedRaftLogWorker.java:lambda$new$0(135)) - 0ed3f2b4-6603-4cfa-a0d8-6595115ff82f@group-5DC6EF7DD25E-SegmentedRaftLogWorker: flushIndex: setUnconditionally 0 -> -1
2023-05-30 05:50:54,639 [0ed3f2b4-6603-4cfa-a0d8-6595115ff82f-groupManagement] INFO  segmented.SegmentedRaftLogWorker (SegmentedRaftLogWorker.java:lambda$new$0(135)) - 0ed3f2b4-6603-4cfa-a0d8-6595115ff82f@group-5DC6EF7DD25E-SegmentedRaftLogWorker: safeCacheEvictIndex: setUnconditionally 0 -> -1
2023-05-30 05:50:54,639 [0ed3f2b4-6603-4cfa-a0d8-6595115ff82f-groupManagement] INFO  server.RaftServer$Division (RaftServerImpl.java:start(342)) - 0ed3f2b4-6603-4cfa-a0d8-6595115ff82f@group-5DC6EF7DD25E: start as a follower, conf=-1: peers:[2201e636-6a5b-4250-af22-17a0252fe45f|rpc:10.1.0.18:15032|admin:10.1.0.18:15031|client:10.1.0.18:15030|dataStream:10.1.0.18:15033|priority:0|startupRole:FOLLOWER, 0ed3f2b4-6603-4cfa-a0d8-6595115ff82f|rpc:10.1.0.18:15023|admin:10.1.0.18:15022|client:10.1.0.18:15021|dataStream:10.1.0.18:15024|priority:1|startupRole:FOLLOWER, 55da83fd-970f-4c5a-b7d8-35d4afa09e55|rpc:10.1.0.18:15014|admin:10.1.0.18:15013|client:10.1.0.18:15012|dataStream:10.1.0.18:15015|priority:0|startupRole:FOLLOWER]|listeners:[], old=null
2023-05-30 05:50:54,639 [0ed3f2b4-6603-4cfa-a0d8-6595115ff82f-groupManagement] INFO  server.RaftServer$Division (RaftServerImpl.java:setRole(329)) - 0ed3f2b4-6603-4cfa-a0d8-6595115ff82f@group-5DC6EF7DD25E: changes role from      null to FOLLOWER at term 0 for startAsFollower
2023-05-30 05:50:54,640 [0ed3f2b4-6603-4cfa-a0d8-6595115ff82f-groupManagement] INFO  impl.RoleInfo (RoleInfo.java:updateAndGet(139)) - 0ed3f2b4-6603-4cfa-a0d8-6595115ff82f: start 0ed3f2b4-6603-4cfa-a0d8-6595115ff82f@group-5DC6EF7DD25E-FollowerState
2023-05-30 05:50:54,640 [0ed3f2b4-6603-4cfa-a0d8-6595115ff82f-groupManagement] INFO  util.JmxRegister (JmxRegister.java:tryRegister(44)) - Successfully registered JMX Bean with object name Ratis:service=RaftServer,group=group-5DC6EF7DD25E,id=0ed3f2b4-6603-4cfa-a0d8-6595115ff82f
2023-05-30 05:50:54,640 [0ed3f2b4-6603-4cfa-a0d8-6595115ff82f-groupManagement] INFO  server.RaftServerConfigKeys (ConfUtils.java:logGet(46)) - raft.server.snapshot.auto.trigger.enabled = true (custom)
2023-05-30 05:50:54,641 [0ed3f2b4-6603-4cfa-a0d8-6595115ff82f-groupManagement] INFO  server.RaftServerConfigKeys (ConfUtils.java:logGet(46)) - raft.server.snapshot.auto.trigger.threshold = 10000 (custom)
2023-05-30 05:50:54,641 [0ed3f2b4-6603-4cfa-a0d8-6595115ff82f-groupManagement] INFO  server.RaftServerConfigKeys (ConfUtils.java:logGet(46)) - raft.server.snapshot.retention.file.num = 5 (custom)
2023-05-30 05:50:54,641 [0ed3f2b4-6603-4cfa-a0d8-6595115ff82f-groupManagement] INFO  server.RaftServerConfigKeys (ConfUtils.java:logGet(46)) - raft.server.log.purge.upto.snapshot.index = false (default)
2023-05-30 05:50:54,642 [PipelineCommandHandlerThread-0] INFO  ratis.XceiverServerRatis (XceiverServerRatis.java:addGroup(804)) - Created group PipelineID=81bd04ba-6959-413d-afc2-5dc6ef7dd25e
2023-05-30 05:50:54,642 [0ed3f2b4-6603-4cfa-a0d8-6595115ff82f@group-5DC6EF7DD25E-FollowerState] INFO  server.RaftServerConfigKeys (ConfUtils.java:logFallback(53)) - raft.server.rpc.first-election.timeout.min = 5s (fallback to raft.server.rpc.timeout.min)
2023-05-30 05:50:54,648 [0ed3f2b4-6603-4cfa-a0d8-6595115ff82f@group-5DC6EF7DD25E-FollowerState] INFO  server.RaftServerConfigKeys (ConfUtils.java:logFallback(53)) - raft.server.rpc.first-election.timeout.max = 5200ms (fallback to raft.server.rpc.timeout.max)
2023-05-30 05:50:54,731 [grpc-default-executor-0] INFO  server.RaftServer (RaftServerProxy.java:addNew(98)) - 2201e636-6a5b-4250-af22-17a0252fe45f: addNew group-5DC6EF7DD25E:[2201e636-6a5b-4250-af22-17a0252fe45f|rpc:10.1.0.18:15032|admin:10.1.0.18:15031|client:10.1.0.18:15030|dataStream:10.1.0.18:15033|priority:0|startupRole:FOLLOWER, 0ed3f2b4-6603-4cfa-a0d8-6595115ff82f|rpc:10.1.0.18:15023|admin:10.1.0.18:15022|client:10.1.0.18:15021|dataStream:10.1.0.18:15024|priority:1|startupRole:FOLLOWER, 55da83fd-970f-4c5a-b7d8-35d4afa09e55|rpc:10.1.0.18:15014|admin:10.1.0.18:15013|client:10.1.0.18:15012|dataStream:10.1.0.18:15015|priority:0|startupRole:FOLLOWER] returns group-5DC6EF7DD25E:java.util.concurrent.CompletableFuture@65140a4e[Not completed]
2023-05-30 05:50:54,733 [2201e636-6a5b-4250-af22-17a0252fe45f-groupManagement] INFO  server.RaftServer$Division (RaftServerImpl.java:<init>(198)) - 2201e636-6a5b-4250-af22-17a0252fe45f: new RaftServerImpl for group-5DC6EF7DD25E:[2201e636-6a5b-4250-af22-17a0252fe45f|rpc:10.1.0.18:15032|admin:10.1.0.18:15031|client:10.1.0.18:15030|dataStream:10.1.0.18:15033|priority:0|startupRole:FOLLOWER, 0ed3f2b4-6603-4cfa-a0d8-6595115ff82f|rpc:10.1.0.18:15023|admin:10.1.0.18:15022|client:10.1.0.18:15021|dataStream:10.1.0.18:15024|priority:1|startupRole:FOLLOWER, 55da83fd-970f-4c5a-b7d8-35d4afa09e55|rpc:10.1.0.18:15014|admin:10.1.0.18:15013|client:10.1.0.18:15012|dataStream:10.1.0.18:15015|priority:0|startupRole:FOLLOWER] with ContainerStateMachine:uninitialized
2023-05-30 05:50:54,733 [2201e636-6a5b-4250-af22-17a0252fe45f-groupManagement] INFO  server.RaftServerConfigKeys (ConfUtils.java:logGet(46)) - raft.server.rpc.timeout.min = 5s (custom)
2023-05-30 05:50:54,733 [2201e636-6a5b-4250-af22-17a0252fe45f-groupManagement] INFO  server.RaftServerConfigKeys (ConfUtils.java:logGet(46)) - raft.server.rpc.timeout.max = 5200ms (custom)
2023-05-30 05:50:54,733 [2201e636-6a5b-4250-af22-17a0252fe45f-groupManagement] INFO  server.RaftServerConfigKeys (ConfUtils.java:logGet(46)) - raft.server.rpc.sleep.time = 25ms (default)
2023-05-30 05:50:54,733 [2201e636-6a5b-4250-af22-17a0252fe45f-groupManagement] INFO  server.RaftServerConfigKeys (ConfUtils.java:logGet(46)) - raft.server.rpc.slowness.timeout = 300000ms (custom)
2023-05-30 05:50:54,733 [2201e636-6a5b-4250-af22-17a0252fe45f-groupManagement] INFO  server.RaftServerConfigKeys (ConfUtils.java:logGet(46)) - raft.server.leaderelection.leader.step-down.wait-time = 10s (default)
2023-05-30 05:50:54,733 [2201e636-6a5b-4250-af22-17a0252fe45f-groupManagement] INFO  server.RaftServerConfigKeys (ConfUtils.java:logGet(46)) - raft.server.sleep.deviation.threshold = 300ms (default)
2023-05-30 05:50:54,739 [2201e636-6a5b-4250-af22-17a0252fe45f-groupManagement] INFO  server.RaftServer$Division (ServerState.java:<init>(120)) - 2201e636-6a5b-4250-af22-17a0252fe45f@group-5DC6EF7DD25E: ConfigurationManager, init=-1: peers:[2201e636-6a5b-4250-af22-17a0252fe45f|rpc:10.1.0.18:15032|admin:10.1.0.18:15031|client:10.1.0.18:15030|dataStream:10.1.0.18:15033|priority:0|startupRole:FOLLOWER, 0ed3f2b4-6603-4cfa-a0d8-6595115ff82f|rpc:10.1.0.18:15023|admin:10.1.0.18:15022|client:10.1.0.18:15021|dataStream:10.1.0.18:15024|priority:1|startupRole:FOLLOWER, 55da83fd-970f-4c5a-b7d8-35d4afa09e55|rpc:10.1.0.18:15014|admin:10.1.0.18:15013|client:10.1.0.18:15012|dataStream:10.1.0.18:15015|priority:0|startupRole:FOLLOWER]|listeners:[], old=null, confs=<EMPTY_MAP>
2023-05-30 05:50:54,743 [2201e636-6a5b-4250-af22-17a0252fe45f-groupManagement] INFO  server.RaftServerConfigKeys (ConfUtils.java:logGet(46)) - raft.server.storage.dir = [/home/runner/work/ozone/ozone/hadoop-ozone/integration-test/target/test-dir/MiniOzoneClusterImpl-14387da3-0fdf-4878-9e7f-f07e3baca9b9/datanode-2/data/ratis] (custom)
2023-05-30 05:50:54,743 [2201e636-6a5b-4250-af22-17a0252fe45f-groupManagement] INFO  server.RaftServerConfigKeys (ConfUtils.java:logGet(46)) - raft.server.log.corruption.policy = EXCEPTION (default)
2023-05-30 05:50:54,743 [2201e636-6a5b-4250-af22-17a0252fe45f-groupManagement] INFO  server.RaftServerConfigKeys (ConfUtils.java:logGet(46)) - raft.server.storage.free-space.min = 0MB (=0) (default)
2023-05-30 05:50:54,744 [2201e636-6a5b-4250-af22-17a0252fe45f-groupManagement] INFO  server.RaftServerConfigKeys (ConfUtils.java:logGet(46)) - raft.server.notification.no-leader.timeout = 300000ms (custom)
2023-05-30 05:50:54,744 [2201e636-6a5b-4250-af22-17a0252fe45f-groupManagement] INFO  server.RaftServerConfigKeys (ConfUtils.java:logGet(46)) - raft.server.read.timeout = 10s (default)
2023-05-30 05:50:54,744 [2201e636-6a5b-4250-af22-17a0252fe45f-groupManagement] INFO  server.RaftServerConfigKeys (ConfUtils.java:logGet(46)) - raft.server.retrycache.expirytime = 600000ms (custom)
2023-05-30 05:50:54,744 [2201e636-6a5b-4250-af22-17a0252fe45f-groupManagement] INFO  server.RaftServerConfigKeys (ConfUtils.java:logGet(46)) - raft.server.retrycache.statistics.expirytime = 100μs (default)
2023-05-30 05:50:54,741 [PipelineCommandHandlerThread-0] INFO  server.RaftServer (RaftServerProxy.java:addNew(98)) - 2201e636-6a5b-4250-af22-17a0252fe45f: addNew group-33FE9FAF7750:[2201e636-6a5b-4250-af22-17a0252fe45f|rpc:10.1.0.18:15032|admin:10.1.0.18:15031|client:10.1.0.18:15030|dataStream:10.1.0.18:15033|priority:1|startupRole:FOLLOWER] returns group-33FE9FAF7750:java.util.concurrent.CompletableFuture@1e3bed2d[Not completed]
2023-05-30 05:50:54,754 [2201e636-6a5b-4250-af22-17a0252fe45f-groupManagement] INFO  server.RaftServerConfigKeys (ConfUtils.java:logGet(46)) - raft.server.read.option = DEFAULT (default)
2023-05-30 05:50:54,760 [2201e636-6a5b-4250-af22-17a0252fe45f-groupManagement] INFO  server.RaftServerConfigKeys (ConfUtils.java:logGet(46)) - raft.server.rpc.request.timeout = 3000ms (default)
2023-05-30 05:50:54,760 [2201e636-6a5b-4250-af22-17a0252fe45f-groupManagement] INFO  server.RaftServerConfigKeys (ConfUtils.java:logGet(46)) - raft.server.log.appender.install.snapshot.enabled = false (custom)
2023-05-30 05:50:54,760 [2201e636-6a5b-4250-af22-17a0252fe45f-groupManagement] INFO  server.RaftServerConfigKeys (ConfUtils.java:logGet(46)) - raft.server.threadpool.server.cached = true (default)
2023-05-30 05:50:54,762 [2201e636-6a5b-4250-af22-17a0252fe45f-groupManagement] INFO  server.RaftServerConfigKeys (ConfUtils.java:logGet(46)) - raft.server.threadpool.server.size = 0 (default)
2023-05-30 05:50:54,763 [2201e636-6a5b-4250-af22-17a0252fe45f-groupManagement] INFO  server.RaftServerConfigKeys (ConfUtils.java:logGet(46)) - raft.server.threadpool.client.cached = true (default)
2023-05-30 05:50:54,763 [2201e636-6a5b-4250-af22-17a0252fe45f-groupManagement] INFO  server.RaftServerConfigKeys (ConfUtils.java:logGet(46)) - raft.server.threadpool.client.size = 0 (default)
2023-05-30 05:50:54,764 [2201e636-6a5b-4250-af22-17a0252fe45f-groupManagement] INFO  server.RaftServer$Division (RaftServerImpl.java:<init>(198)) - 2201e636-6a5b-4250-af22-17a0252fe45f: new RaftServerImpl for group-33FE9FAF7750:[2201e636-6a5b-4250-af22-17a0252fe45f|rpc:10.1.0.18:15032|admin:10.1.0.18:15031|client:10.1.0.18:15030|dataStream:10.1.0.18:15033|priority:1|startupRole:FOLLOWER] with ContainerStateMachine:uninitialized
2023-05-30 05:50:54,764 [2201e636-6a5b-4250-af22-17a0252fe45f-groupManagement] INFO  server.RaftServerConfigKeys (ConfUtils.java:logGet(46)) - raft.server.rpc.timeout.min = 5s (custom)
2023-05-30 05:50:54,764 [2201e636-6a5b-4250-af22-17a0252fe45f-groupManagement] INFO  server.RaftServerConfigKeys (ConfUtils.java:logGet(46)) - raft.server.rpc.timeout.max = 5200ms (custom)
2023-05-30 05:50:54,764 [2201e636-6a5b-4250-af22-17a0252fe45f-groupManagement] INFO  server.RaftServerConfigKeys (ConfUtils.java:logGet(46)) - raft.server.rpc.sleep.time = 25ms (default)
2023-05-30 05:50:54,764 [2201e636-6a5b-4250-af22-17a0252fe45f-groupManagement] INFO  server.RaftServerConfigKeys (ConfUtils.java:logGet(46)) - raft.server.rpc.slowness.timeout = 300000ms (custom)
2023-05-30 05:50:54,764 [2201e636-6a5b-4250-af22-17a0252fe45f-groupManagement] INFO  server.RaftServerConfigKeys (ConfUtils.java:logGet(46)) - raft.server.leaderelection.leader.step-down.wait-time = 10s (default)
2023-05-30 05:50:54,764 [2201e636-6a5b-4250-af22-17a0252fe45f-groupManagement] INFO  server.RaftServerConfigKeys (ConfUtils.java:logGet(46)) - raft.server.sleep.deviation.threshold = 300ms (default)
2023-05-30 05:50:54,764 [2201e636-6a5b-4250-af22-17a0252fe45f-groupManagement] INFO  server.RaftServer$Division (ServerState.java:<init>(120)) - 2201e636-6a5b-4250-af22-17a0252fe45f@group-33FE9FAF7750: ConfigurationManager, init=-1: peers:[2201e636-6a5b-4250-af22-17a0252fe45f|rpc:10.1.0.18:15032|admin:10.1.0.18:15031|client:10.1.0.18:15030|dataStream:10.1.0.18:15033|priority:1|startupRole:FOLLOWER]|listeners:[], old=null, confs=<EMPTY_MAP>
2023-05-30 05:50:54,764 [2201e636-6a5b-4250-af22-17a0252fe45f-groupManagement] INFO  server.RaftServerConfigKeys (ConfUtils.java:logGet(46)) - raft.server.storage.dir = [/home/runner/work/ozone/ozone/hadoop-ozone/integration-test/target/test-dir/MiniOzoneClusterImpl-14387da3-0fdf-4878-9e7f-f07e3baca9b9/datanode-2/data/ratis] (custom)
2023-05-30 05:50:54,765 [2201e636-6a5b-4250-af22-17a0252fe45f-groupManagement] INFO  server.RaftServerConfigKeys (ConfUtils.java:logGet(46)) - raft.server.log.corruption.policy = EXCEPTION (default)
2023-05-30 05:50:54,770 [2201e636-6a5b-4250-af22-17a0252fe45f-groupManagement] INFO  server.RaftServerConfigKeys (ConfUtils.java:logGet(46)) - raft.server.storage.free-space.min = 0MB (=0) (default)
2023-05-30 05:50:54,770 [2201e636-6a5b-4250-af22-17a0252fe45f-groupManagement] INFO  server.RaftServerConfigKeys (ConfUtils.java:logGet(46)) - raft.server.notification.no-leader.timeout = 300000ms (custom)
2023-05-30 05:50:54,770 [2201e636-6a5b-4250-af22-17a0252fe45f-groupManagement] INFO  server.RaftServerConfigKeys (ConfUtils.java:logGet(46)) - raft.server.read.timeout = 10s (default)
2023-05-30 05:50:54,770 [2201e636-6a5b-4250-af22-17a0252fe45f-groupManagement] INFO  server.RaftServerConfigKeys (ConfUtils.java:logGet(46)) - raft.server.retrycache.expirytime = 600000ms (custom)
2023-05-30 05:50:54,770 [2201e636-6a5b-4250-af22-17a0252fe45f-groupManagement] INFO  server.RaftServerConfigKeys (ConfUtils.java:logGet(46)) - raft.server.retrycache.statistics.expirytime = 100μs (default)
2023-05-30 05:50:54,770 [2201e636-6a5b-4250-af22-17a0252fe45f-groupManagement] INFO  server.RaftServerConfigKeys (ConfUtils.java:logGet(46)) - raft.server.read.option = DEFAULT (default)
2023-05-30 05:50:54,775 [2201e636-6a5b-4250-af22-17a0252fe45f-groupManagement] INFO  server.RaftServerConfigKeys (ConfUtils.java:logGet(46)) - raft.server.rpc.request.timeout = 3000ms (default)
2023-05-30 05:50:54,775 [2201e636-6a5b-4250-af22-17a0252fe45f-groupManagement] INFO  server.RaftServerConfigKeys (ConfUtils.java:logGet(46)) - raft.server.log.appender.install.snapshot.enabled = false (custom)
2023-05-30 05:50:54,775 [2201e636-6a5b-4250-af22-17a0252fe45f-groupManagement] INFO  server.RaftServerConfigKeys (ConfUtils.java:logGet(46)) - raft.server.threadpool.server.cached = true (default)
2023-05-30 05:50:54,775 [2201e636-6a5b-4250-af22-17a0252fe45f-groupManagement] INFO  server.RaftServerConfigKeys (ConfUtils.java:logGet(46)) - raft.server.threadpool.server.size = 0 (default)
2023-05-30 05:50:54,775 [2201e636-6a5b-4250-af22-17a0252fe45f-groupManagement] INFO  server.RaftServerConfigKeys (ConfUtils.java:logGet(46)) - raft.server.threadpool.client.cached = true (default)
2023-05-30 05:50:54,775 [2201e636-6a5b-4250-af22-17a0252fe45f-groupManagement] INFO  server.RaftServerConfigKeys (ConfUtils.java:logGet(46)) - raft.server.threadpool.client.size = 0 (default)
2023-05-30 05:50:54,776 [2201e636-6a5b-4250-af22-17a0252fe45f-groupManagement] INFO  storage.RaftStorageDirectory (RaftStorageDirectoryImpl.java:analyzeStorage(137)) - The storage directory /home/runner/work/ozone/ozone/hadoop-ozone/integration-test/target/test-dir/MiniOzoneClusterImpl-14387da3-0fdf-4878-9e7f-f07e3baca9b9/datanode-2/data/ratis/81bd04ba-6959-413d-afc2-5dc6ef7dd25e does not exist. Creating ...
2023-05-30 05:50:54,782 [2201e636-6a5b-4250-af22-17a0252fe45f-groupManagement] INFO  storage.RaftStorageDirectory (RaftStorageDirectoryImpl.java:tryLock(231)) - Lock on /home/runner/work/ozone/ozone/hadoop-ozone/integration-test/target/test-dir/MiniOzoneClusterImpl-14387da3-0fdf-4878-9e7f-f07e3baca9b9/datanode-2/data/ratis/81bd04ba-6959-413d-afc2-5dc6ef7dd25e/in_use.lock acquired by nodename 89029@fv-az800-703
2023-05-30 05:50:54,784 [PipelineCommandHandlerThread-0] INFO  commandhandler.CreatePipelineCommandHandler (CreatePipelineCommandHandler.java:lambda$handle$2(124)) - Created Pipeline RATIS THREE PipelineID=81bd04ba-6959-413d-afc2-5dc6ef7dd25e.
2023-05-30 05:50:54,784 [PipelineCommandHandlerThread-0] INFO  server.RaftServer (RaftServerProxy.java:addNew(98)) - 0ed3f2b4-6603-4cfa-a0d8-6595115ff82f: addNew group-BF066060FF0B:[2201e636-6a5b-4250-af22-17a0252fe45f|rpc:10.1.0.18:15032|admin:10.1.0.18:15031|client:10.1.0.18:15030|dataStream:10.1.0.18:15033|priority:0|startupRole:FOLLOWER, 0ed3f2b4-6603-4cfa-a0d8-6595115ff82f|rpc:10.1.0.18:15023|admin:10.1.0.18:15022|client:10.1.0.18:15021|dataStream:10.1.0.18:15024|priority:0|startupRole:FOLLOWER, 55da83fd-970f-4c5a-b7d8-35d4afa09e55|rpc:10.1.0.18:15014|admin:10.1.0.18:15013|client:10.1.0.18:15012|dataStream:10.1.0.18:15015|priority:1|startupRole:FOLLOWER] returns group-BF066060FF0B:java.util.concurrent.CompletableFuture@2a177d16[Not completed]
2023-05-30 05:50:54,785 [0ed3f2b4-6603-4cfa-a0d8-6595115ff82f-groupManagement] INFO  server.RaftServer$Division (RaftServerImpl.java:<init>(198)) - 0ed3f2b4-6603-4cfa-a0d8-6595115ff82f: new RaftServerImpl for group-BF066060FF0B:[2201e636-6a5b-4250-af22-17a0252fe45f|rpc:10.1.0.18:15032|admin:10.1.0.18:15031|client:10.1.0.18:15030|dataStream:10.1.0.18:15033|priority:0|startupRole:FOLLOWER, 0ed3f2b4-6603-4cfa-a0d8-6595115ff82f|rpc:10.1.0.18:15023|admin:10.1.0.18:15022|client:10.1.0.18:15021|dataStream:10.1.0.18:15024|priority:0|startupRole:FOLLOWER, 55da83fd-970f-4c5a-b7d8-35d4afa09e55|rpc:10.1.0.18:15014|admin:10.1.0.18:15013|client:10.1.0.18:15012|dataStream:10.1.0.18:15015|priority:1|startupRole:FOLLOWER] with ContainerStateMachine:uninitialized
2023-05-30 05:50:54,785 [0ed3f2b4-6603-4cfa-a0d8-6595115ff82f-groupManagement] INFO  server.RaftServerConfigKeys (ConfUtils.java:logGet(46)) - raft.server.rpc.timeout.min = 5s (custom)
2023-05-30 05:50:54,785 [0ed3f2b4-6603-4cfa-a0d8-6595115ff82f-groupManagement] INFO  server.RaftServerConfigKeys (ConfUtils.java:logGet(46)) - raft.server.rpc.timeout.max = 5200ms (custom)
2023-05-30 05:50:54,785 [0ed3f2b4-6603-4cfa-a0d8-6595115ff82f-groupManagement] INFO  server.RaftServerConfigKeys (ConfUtils.java:logGet(46)) - raft.server.rpc.sleep.time = 25ms (default)
2023-05-30 05:50:54,786 [0ed3f2b4-6603-4cfa-a0d8-6595115ff82f-groupManagement] INFO  server.RaftServerConfigKeys (ConfUtils.java:logGet(46)) - raft.server.rpc.slowness.timeout = 300000ms (custom)
2023-05-30 05:50:54,786 [0ed3f2b4-6603-4cfa-a0d8-6595115ff82f-groupManagement] INFO  server.RaftServerConfigKeys (ConfUtils.java:logGet(46)) - raft.server.leaderelection.leader.step-down.wait-time = 10s (default)
2023-05-30 05:50:54,786 [0ed3f2b4-6603-4cfa-a0d8-6595115ff82f-groupManagement] INFO  server.RaftServerConfigKeys (ConfUtils.java:logGet(46)) - raft.server.sleep.deviation.threshold = 300ms (default)
2023-05-30 05:50:54,786 [0ed3f2b4-6603-4cfa-a0d8-6595115ff82f-groupManagement] INFO  server.RaftServer$Division (ServerState.java:<init>(120)) - 0ed3f2b4-6603-4cfa-a0d8-6595115ff82f@group-BF066060FF0B: ConfigurationManager, init=-1: peers:[2201e636-6a5b-4250-af22-17a0252fe45f|rpc:10.1.0.18:15032|admin:10.1.0.18:15031|client:10.1.0.18:15030|dataStream:10.1.0.18:15033|priority:0|startupRole:FOLLOWER, 0ed3f2b4-6603-4cfa-a0d8-6595115ff82f|rpc:10.1.0.18:15023|admin:10.1.0.18:15022|client:10.1.0.18:15021|dataStream:10.1.0.18:15024|priority:0|startupRole:FOLLOWER, 55da83fd-970f-4c5a-b7d8-35d4afa09e55|rpc:10.1.0.18:15014|admin:10.1.0.18:15013|client:10.1.0.18:15012|dataStream:10.1.0.18:15015|priority:1|startupRole:FOLLOWER]|listeners:[], old=null, confs=<EMPTY_MAP>
2023-05-30 05:50:54,786 [0ed3f2b4-6603-4cfa-a0d8-6595115ff82f-groupManagement] INFO  server.RaftServerConfigKeys (ConfUtils.java:logGet(46)) - raft.server.storage.dir = [/home/runner/work/ozone/ozone/hadoop-ozone/integration-test/target/test-dir/MiniOzoneClusterImpl-14387da3-0fdf-4878-9e7f-f07e3baca9b9/datanode-1/data/ratis] (custom)
2023-05-30 05:50:54,786 [0ed3f2b4-6603-4cfa-a0d8-6595115ff82f-groupManagement] INFO  server.RaftServerConfigKeys (ConfUtils.java:logGet(46)) - raft.server.log.corruption.policy = EXCEPTION (default)
2023-05-30 05:50:54,786 [0ed3f2b4-6603-4cfa-a0d8-6595115ff82f-groupManagement] INFO  server.RaftServerConfigKeys (ConfUtils.java:logGet(46)) - raft.server.storage.free-space.min = 0MB (=0) (default)
2023-05-30 05:50:54,786 [0ed3f2b4-6603-4cfa-a0d8-6595115ff82f-groupManagement] INFO  server.RaftServerConfigKeys (ConfUtils.java:logGet(46)) - raft.server.notification.no-leader.timeout = 300000ms (custom)
2023-05-30 05:50:54,786 [0ed3f2b4-6603-4cfa-a0d8-6595115ff82f-groupManagement] INFO  server.RaftServerConfigKeys (ConfUtils.java:logGet(46)) - raft.server.read.timeout = 10s (default)
2023-05-30 05:50:54,786 [0ed3f2b4-6603-4cfa-a0d8-6595115ff82f-groupManagement] INFO  server.RaftServerConfigKeys (ConfUtils.java:logGet(46)) - raft.server.retrycache.expirytime = 600000ms (custom)
2023-05-30 05:50:54,786 [0ed3f2b4-6603-4cfa-a0d8-6595115ff82f-groupManagement] INFO  server.RaftServerConfigKeys (ConfUtils.java:logGet(46)) - raft.server.retrycache.statistics.expirytime = 100μs (default)
2023-05-30 05:50:54,786 [0ed3f2b4-6603-4cfa-a0d8-6595115ff82f-groupManagement] INFO  server.RaftServerConfigKeys (ConfUtils.java:logGet(46)) - raft.server.read.option = DEFAULT (default)
2023-05-30 05:50:54,787 [2201e636-6a5b-4250-af22-17a0252fe45f-groupManagement] INFO  storage.RaftStorage (RaftStorageImpl.java:format(96)) - Storage directory /home/runner/work/ozone/ozone/hadoop-ozone/integration-test/target/test-dir/MiniOzoneClusterImpl-14387da3-0fdf-4878-9e7f-f07e3baca9b9/datanode-2/data/ratis/81bd04ba-6959-413d-afc2-5dc6ef7dd25e has been successfully formatted.
2023-05-30 05:50:54,788 [2201e636-6a5b-4250-af22-17a0252fe45f-groupManagement] INFO  ratis.ContainerStateMachine (ContainerStateMachine.java:loadSnapshot(262)) - group-5DC6EF7DD25E: The snapshot info is null. Setting the last applied indexto:(t:0, i:~)
2023-05-30 05:50:54,788 [2201e636-6a5b-4250-af22-17a0252fe45f-groupManagement] INFO  server.RaftServerConfigKeys (ConfUtils.java:logGet(46)) - raft.server.log.use.memory = false (default)
2023-05-30 05:50:54,789 [2201e636-6a5b-4250-af22-17a0252fe45f-groupManagement] INFO  server.RaftServerConfigKeys (ConfUtils.java:logGet(46)) - raft.server.log.purge.gap = 1000000 (custom)
2023-05-30 05:50:54,789 [2201e636-6a5b-4250-af22-17a0252fe45f-groupManagement] INFO  server.RaftServerConfigKeys (ConfUtils.java:logGet(46)) - raft.server.log.appender.buffer.byte-limit = 33554432 (custom)
2023-05-30 05:50:54,789 [2201e636-6a5b-4250-af22-17a0252fe45f-groupManagement] INFO  server.RaftServerConfigKeys (ConfUtils.java:logGet(46)) - raft.server.log.statemachine.data.read.timeout = 1000ms (default)
2023-05-30 05:50:54,789 [2201e636-6a5b-4250-af22-17a0252fe45f-groupManagement] INFO  server.RaftServerConfigKeys (ConfUtils.java:logGet(46)) - raft.server.log.purge.preservation.log.num = 0 (default)
2023-05-30 05:50:54,789 [2201e636-6a5b-4250-af22-17a0252fe45f-groupManagement] INFO  server.RaftServerConfigKeys (ConfUtils.java:logGet(46)) - raft.server.log.segment.size.max = 1048576 (custom)
2023-05-30 05:50:54,789 [2201e636-6a5b-4250-af22-17a0252fe45f-groupManagement] INFO  server.RaftServerConfigKeys (ConfUtils.java:logGet(46)) - raft.server.log.segment.cache.num.max = 2 (custom)
2023-05-30 05:50:54,792 [EventQueue-PipelineReportForPipelineReportHandler] INFO  pipeline.PipelineManagerImpl (PipelineManagerImpl.java:openPipeline(367)) - Pipeline Pipeline[ Id: 4b177356-d6d8-4fae-8219-33fe9faf7750, Nodes: 2201e636-6a5b-4250-af22-17a0252fe45f(fv-az800-703/10.1.0.18), ReplicationConfig: RATIS/ONE, State:ALLOCATED, leaderId:2201e636-6a5b-4250-af22-17a0252fe45f, CreationTimestamp2023-05-30T05:50:51.740Z[Etc/UTC]] moved to OPEN state
2023-05-30 05:50:54,793 [2201e636-6a5b-4250-af22-17a0252fe45f-groupManagement] INFO  server.RaftServerConfigKeys (ConfUtils.java:logGet(46)) - raft.server.log.segment.cache.size.max = 200MB (=209715200) (default)
2023-05-30 05:50:54,793 [EventQueue-OpenPipelineForHealthyPipelineSafeModeRule] INFO  safemode.SCMSafeModeManager (HealthyPipelineSafeModeRule.java:process(137)) - SCM in safe mode. Healthy pipelines reported count is 0, required healthy pipeline reported count is 1
2023-05-30 05:50:54,793 [2201e636-6a5b-4250-af22-17a0252fe45f-groupManagement] INFO  server.RaftServerConfigKeys (ConfUtils.java:logGet(46)) - raft.server.log.appender.buffer.byte-limit = 33554432 (custom)
2023-05-30 05:50:54,793 [2201e636-6a5b-4250-af22-17a0252fe45f-groupManagement] INFO  segmented.SegmentedRaftLogWorker (SegmentedRaftLogWorker.java:<init>(188)) - new 2201e636-6a5b-4250-af22-17a0252fe45f@group-5DC6EF7DD25E-SegmentedRaftLogWorker for RaftStorageImpl:Storage Directory /home/runner/work/ozone/ozone/hadoop-ozone/integration-test/target/test-dir/MiniOzoneClusterImpl-14387da3-0fdf-4878-9e7f-f07e3baca9b9/datanode-2/data/ratis/81bd04ba-6959-413d-afc2-5dc6ef7dd25e
2023-05-30 05:50:54,793 [2201e636-6a5b-4250-af22-17a0252fe45f-groupManagement] INFO  server.RaftServerConfigKeys (ConfUtils.java:logGet(46)) - raft.server.log.queue.byte-limit = 4294967296 (custom)
2023-05-30 05:50:54,793 [2201e636-6a5b-4250-af22-17a0252fe45f-groupManagement] INFO  server.RaftServerConfigKeys (ConfUtils.java:logGet(46)) - raft.server.log.queue.element-limit = 1024 (custom)
2023-05-30 05:50:54,793 [2201e636-6a5b-4250-af22-17a0252fe45f-groupManagement] INFO  server.RaftServerConfigKeys (ConfUtils.java:logGet(46)) - raft.server.log.segment.size.max = 1048576 (custom)
2023-05-30 05:50:54,794 [2201e636-6a5b-4250-af22-17a0252fe45f-groupManagement] INFO  server.RaftServerConfigKeys (ConfUtils.java:logGet(46)) - raft.server.log.preallocated.size = 16384 (custom)
2023-05-30 05:50:54,794 [2201e636-6a5b-4250-af22-17a0252fe45f-groupManagement] INFO  server.RaftServerConfigKeys (ConfUtils.java:logGet(46)) - raft.server.log.force.sync.num = 128 (default)
2023-05-30 05:50:54,794 [2201e636-6a5b-4250-af22-17a0252fe45f-groupManagement] INFO  server.RaftServerConfigKeys (ConfUtils.java:logGet(46)) - raft.server.log.statemachine.data.sync = true (default)
2023-05-30 05:50:54,794 [2201e636-6a5b-4250-af22-17a0252fe45f-groupManagement] INFO  server.RaftServerConfigKeys (ConfUtils.java:logGet(46)) - raft.server.log.statemachine.data.sync.timeout = 10s (default)
2023-05-30 05:50:54,794 [2201e636-6a5b-4250-af22-17a0252fe45f-groupManagement] INFO  server.RaftServerConfigKeys (ConfUtils.java:logGet(46)) - raft.server.log.statemachine.data.sync.timeout.retry = -1 (default)
2023-05-30 05:50:54,795 [0ed3f2b4-6603-4cfa-a0d8-6595115ff82f-groupManagement] INFO  server.RaftServerConfigKeys (ConfUtils.java:logGet(46)) - raft.server.rpc.request.timeout = 3000ms (default)
2023-05-30 05:50:54,795 [0ed3f2b4-6603-4cfa-a0d8-6595115ff82f-groupManagement] INFO  server.RaftServerConfigKeys (ConfUtils.java:logGet(46)) - raft.server.log.appender.install.snapshot.enabled = false (custom)
2023-05-30 05:50:54,795 [0ed3f2b4-6603-4cfa-a0d8-6595115ff82f-groupManagement] INFO  server.RaftServerConfigKeys (ConfUtils.java:logGet(46)) - raft.server.threadpool.server.cached = true (default)
2023-05-30 05:50:54,795 [0ed3f2b4-6603-4cfa-a0d8-6595115ff82f-groupManagement] INFO  server.RaftServerConfigKeys (ConfUtils.java:logGet(46)) - raft.server.threadpool.server.size = 0 (default)
2023-05-30 05:50:54,795 [0ed3f2b4-6603-4cfa-a0d8-6595115ff82f-groupManagement] INFO  server.RaftServerConfigKeys (ConfUtils.java:logGet(46)) - raft.server.threadpool.client.cached = true (default)
2023-05-30 05:50:54,795 [0ed3f2b4-6603-4cfa-a0d8-6595115ff82f-groupManagement] INFO  server.RaftServerConfigKeys (ConfUtils.java:logGet(46)) - raft.server.threadpool.client.size = 0 (default)
2023-05-30 05:50:54,796 [0ed3f2b4-6603-4cfa-a0d8-6595115ff82f-groupManagement] INFO  storage.RaftStorageDirectory (RaftStorageDirectoryImpl.java:analyzeStorage(137)) - The storage directory /home/runner/work/ozone/ozone/hadoop-ozone/integration-test/target/test-dir/MiniOzoneClusterImpl-14387da3-0fdf-4878-9e7f-f07e3baca9b9/datanode-1/data/ratis/f54df219-ce5b-4ae3-a86c-bf066060ff0b does not exist. Creating ...
2023-05-30 05:50:54,796 [2201e636-6a5b-4250-af22-17a0252fe45f-groupManagement] INFO  server.RaftServerConfigKeys (ConfUtils.java:logGet(46)) - raft.server.log.write.buffer.size = 1048576 (custom)
2023-05-30 05:50:54,797 [2201e636-6a5b-4250-af22-17a0252fe45f-groupManagement] INFO  server.RaftServerConfigKeys (ConfUtils.java:logGet(46)) - raft.server.log.appender.buffer.byte-limit = 33554432 (custom)
2023-05-30 05:50:54,798 [0ed3f2b4-6603-4cfa-a0d8-6595115ff82f-groupManagement] INFO  storage.RaftStorageDirectory (RaftStorageDirectoryImpl.java:tryLock(231)) - Lock on /home/runner/work/ozone/ozone/hadoop-ozone/integration-test/target/test-dir/MiniOzoneClusterImpl-14387da3-0fdf-4878-9e7f-f07e3baca9b9/datanode-1/data/ratis/f54df219-ce5b-4ae3-a86c-bf066060ff0b/in_use.lock acquired by nodename 89029@fv-az800-703
2023-05-30 05:50:54,801 [0ed3f2b4-6603-4cfa-a0d8-6595115ff82f-groupManagement] INFO  storage.RaftStorage (RaftStorageImpl.java:format(96)) - Storage directory /home/runner/work/ozone/ozone/hadoop-ozone/integration-test/target/test-dir/MiniOzoneClusterImpl-14387da3-0fdf-4878-9e7f-f07e3baca9b9/datanode-1/data/ratis/f54df219-ce5b-4ae3-a86c-bf066060ff0b has been successfully formatted.
2023-05-30 05:50:54,801 [0ed3f2b4-6603-4cfa-a0d8-6595115ff82f-groupManagement] INFO  ratis.ContainerStateMachine (ContainerStateMachine.java:loadSnapshot(262)) - group-BF066060FF0B: The snapshot info is null. Setting the last applied indexto:(t:0, i:~)
2023-05-30 05:50:54,802 [0ed3f2b4-6603-4cfa-a0d8-6595115ff82f-groupManagement] INFO  server.RaftServerConfigKeys (ConfUtils.java:logGet(46)) - raft.server.log.use.memory = false (default)
2023-05-30 05:50:54,802 [0ed3f2b4-6603-4cfa-a0d8-6595115ff82f-groupManagement] INFO  server.RaftServerConfigKeys (ConfUtils.java:logGet(46)) - raft.server.log.purge.gap = 1000000 (custom)
2023-05-30 05:50:54,807 [0ed3f2b4-6603-4cfa-a0d8-6595115ff82f-groupManagement] INFO  server.RaftServerConfigKeys (ConfUtils.java:logGet(46)) - raft.server.log.appender.buffer.byte-limit = 33554432 (custom)
2023-05-30 05:50:54,807 [0ed3f2b4-6603-4cfa-a0d8-6595115ff82f-groupManagement] INFO  server.RaftServerConfigKeys (ConfUtils.java:logGet(46)) - raft.server.log.statemachine.data.read.timeout = 1000ms (default)
2023-05-30 05:50:54,807 [0ed3f2b4-6603-4cfa-a0d8-6595115ff82f-groupManagement] INFO  server.RaftServerConfigKeys (ConfUtils.java:logGet(46)) - raft.server.log.purge.preservation.log.num = 0 (default)
2023-05-30 05:50:54,807 [0ed3f2b4-6603-4cfa-a0d8-6595115ff82f-groupManagement] INFO  server.RaftServerConfigKeys (ConfUtils.java:logGet(46)) - raft.server.log.segment.size.max = 1048576 (custom)
2023-05-30 05:50:54,808 [0ed3f2b4-6603-4cfa-a0d8-6595115ff82f-groupManagement] INFO  server.RaftServerConfigKeys (ConfUtils.java:logGet(46)) - raft.server.log.segment.cache.num.max = 2 (custom)
2023-05-30 05:50:54,808 [0ed3f2b4-6603-4cfa-a0d8-6595115ff82f-groupManagement] INFO  server.RaftServerConfigKeys (ConfUtils.java:logGet(46)) - raft.server.log.segment.cache.size.max = 200MB (=209715200) (default)
2023-05-30 05:50:54,808 [0ed3f2b4-6603-4cfa-a0d8-6595115ff82f-groupManagement] INFO  server.RaftServerConfigKeys (ConfUtils.java:logGet(46)) - raft.server.log.appender.buffer.byte-limit = 33554432 (custom)
2023-05-30 05:50:54,807 [EventQueue-OpenPipelineForHealthyPipelineSafeModeRule] INFO  safemode.SCMSafeModeManager (HealthyPipelineSafeModeRule.java:process(137)) - SCM in safe mode. Healthy pipelines reported count is 0, required healthy pipeline reported count is 1
2023-05-30 05:50:54,806 [2201e636-6a5b-4250-af22-17a0252fe45f-groupManagement] INFO  server.RaftServerConfigKeys (ConfUtils.java:logGet(46)) - raft.server.log.unsafe-flush.enabled = false (default)
2023-05-30 05:50:54,808 [0ed3f2b4-6603-4cfa-a0d8-6595115ff82f-groupManagement] INFO  segmented.SegmentedRaftLogWorker (SegmentedRaftLogWorker.java:<init>(188)) - new 0ed3f2b4-6603-4cfa-a0d8-6595115ff82f@group-BF066060FF0B-SegmentedRaftLogWorker for RaftStorageImpl:Storage Directory /home/runner/work/ozone/ozone/hadoop-ozone/integration-test/target/test-dir/MiniOzoneClusterImpl-14387da3-0fdf-4878-9e7f-f07e3baca9b9/datanode-1/data/ratis/f54df219-ce5b-4ae3-a86c-bf066060ff0b
2023-05-30 05:50:54,810 [0ed3f2b4-6603-4cfa-a0d8-6595115ff82f-groupManagement] INFO  server.RaftServerConfigKeys (ConfUtils.java:logGet(46)) - raft.server.log.queue.byte-limit = 4294967296 (custom)
2023-05-30 05:50:54,810 [0ed3f2b4-6603-4cfa-a0d8-6595115ff82f-groupManagement] INFO  server.RaftServerConfigKeys (ConfUtils.java:logGet(46)) - raft.server.log.queue.element-limit = 1024 (custom)
2023-05-30 05:50:54,810 [0ed3f2b4-6603-4cfa-a0d8-6595115ff82f-groupManagement] INFO  server.RaftServerConfigKeys (ConfUtils.java:logGet(46)) - raft.server.log.segment.size.max = 1048576 (custom)
2023-05-30 05:50:54,810 [0ed3f2b4-6603-4cfa-a0d8-6595115ff82f-groupManagement] INFO  server.RaftServerConfigKeys (ConfUtils.java:logGet(46)) - raft.server.log.preallocated.size = 16384 (custom)
2023-05-30 05:50:54,810 [0ed3f2b4-6603-4cfa-a0d8-6595115ff82f-groupManagement] INFO  server.RaftServerConfigKeys (ConfUtils.java:logGet(46)) - raft.server.log.force.sync.num = 128 (default)
2023-05-30 05:50:54,811 [0ed3f2b4-6603-4cfa-a0d8-6595115ff82f-groupManagement] INFO  server.RaftServerConfigKeys (ConfUtils.java:logGet(46)) - raft.server.log.statemachine.data.sync = true (default)
2023-05-30 05:50:54,811 [0ed3f2b4-6603-4cfa-a0d8-6595115ff82f-groupManagement] INFO  server.RaftServerConfigKeys (ConfUtils.java:logGet(46)) - raft.server.log.statemachine.data.sync.timeout = 10s (default)
2023-05-30 05:50:54,811 [0ed3f2b4-6603-4cfa-a0d8-6595115ff82f-groupManagement] INFO  server.RaftServerConfigKeys (ConfUtils.java:logGet(46)) - raft.server.log.statemachine.data.sync.timeout.retry = -1 (default)
2023-05-30 05:50:54,812 [0ed3f2b4-6603-4cfa-a0d8-6595115ff82f-groupManagement] INFO  server.RaftServerConfigKeys (ConfUtils.java:logGet(46)) - raft.server.log.write.buffer.size = 1048576 (custom)
2023-05-30 05:50:54,812 [0ed3f2b4-6603-4cfa-a0d8-6595115ff82f-groupManagement] INFO  server.RaftServerConfigKeys (ConfUtils.java:logGet(46)) - raft.server.log.appender.buffer.byte-limit = 33554432 (custom)
2023-05-30 05:50:54,817 [2201e636-6a5b-4250-af22-17a0252fe45f-groupManagement] INFO  server.RaftServerConfigKeys (ConfUtils.java:logGet(46)) - raft.server.log.async-flush.enabled = false (default)
2023-05-30 05:50:54,817 [2201e636-6a5b-4250-af22-17a0252fe45f-groupManagement] INFO  server.RaftServerConfigKeys (ConfUtils.java:logGet(46)) - raft.server.log.statemachine.data.caching.enabled = true (custom)
2023-05-30 05:50:54,817 [2201e636-6a5b-4250-af22-17a0252fe45f-groupManagement] INFO  segmented.SegmentedRaftLogWorker (SegmentedRaftLogWorker.java:lambda$new$0(135)) - 2201e636-6a5b-4250-af22-17a0252fe45f@group-5DC6EF7DD25E-SegmentedRaftLogWorker: flushIndex: setUnconditionally 0 -> -1
2023-05-30 05:50:54,817 [2201e636-6a5b-4250-af22-17a0252fe45f-groupManagement] INFO  segmented.SegmentedRaftLogWorker (SegmentedRaftLogWorker.java:lambda$new$0(135)) - 2201e636-6a5b-4250-af22-17a0252fe45f@group-5DC6EF7DD25E-SegmentedRaftLogWorker: safeCacheEvictIndex: setUnconditionally 0 -> -1
2023-05-30 05:50:54,819 [0ed3f2b4-6603-4cfa-a0d8-6595115ff82f-groupManagement] INFO  server.RaftServerConfigKeys (ConfUtils.java:logGet(46)) - raft.server.log.unsafe-flush.enabled = false (default)
2023-05-30 05:50:54,820 [0ed3f2b4-6603-4cfa-a0d8-6595115ff82f-groupManagement] INFO  server.RaftServerConfigKeys (ConfUtils.java:logGet(46)) - raft.server.log.async-flush.enabled = false (default)
2023-05-30 05:50:54,820 [0ed3f2b4-6603-4cfa-a0d8-6595115ff82f-groupManagement] INFO  server.RaftServerConfigKeys (ConfUtils.java:logGet(46)) - raft.server.log.statemachine.data.caching.enabled = true (custom)
2023-05-30 05:50:54,820 [0ed3f2b4-6603-4cfa-a0d8-6595115ff82f-groupManagement] INFO  segmented.SegmentedRaftLogWorker (SegmentedRaftLogWorker.java:lambda$new$0(135)) - 0ed3f2b4-6603-4cfa-a0d8-6595115ff82f@group-BF066060FF0B-SegmentedRaftLogWorker: flushIndex: setUnconditionally 0 -> -1
2023-05-30 05:50:54,820 [0ed3f2b4-6603-4cfa-a0d8-6595115ff82f-groupManagement] INFO  segmented.SegmentedRaftLogWorker (SegmentedRaftLogWorker.java:lambda$new$0(135)) - 0ed3f2b4-6603-4cfa-a0d8-6595115ff82f@group-BF066060FF0B-SegmentedRaftLogWorker: safeCacheEvictIndex: setUnconditionally 0 -> -1
2023-05-30 05:50:54,820 [2201e636-6a5b-4250-af22-17a0252fe45f-groupManagement] INFO  server.RaftServer$Division (RaftServerImpl.java:start(342)) - 2201e636-6a5b-4250-af22-17a0252fe45f@group-5DC6EF7DD25E: start as a follower, conf=-1: peers:[2201e636-6a5b-4250-af22-17a0252fe45f|rpc:10.1.0.18:15032|admin:10.1.0.18:15031|client:10.1.0.18:15030|dataStream:10.1.0.18:15033|priority:0|startupRole:FOLLOWER, 0ed3f2b4-6603-4cfa-a0d8-6595115ff82f|rpc:10.1.0.18:15023|admin:10.1.0.18:15022|client:10.1.0.18:15021|dataStream:10.1.0.18:15024|priority:1|startupRole:FOLLOWER, 55da83fd-970f-4c5a-b7d8-35d4afa09e55|rpc:10.1.0.18:15014|admin:10.1.0.18:15013|client:10.1.0.18:15012|dataStream:10.1.0.18:15015|priority:0|startupRole:FOLLOWER]|listeners:[], old=null
2023-05-30 05:50:54,820 [2201e636-6a5b-4250-af22-17a0252fe45f-groupManagement] INFO  server.RaftServer$Division (RaftServerImpl.java:setRole(329)) - 2201e636-6a5b-4250-af22-17a0252fe45f@group-5DC6EF7DD25E: changes role from      null to FOLLOWER at term 0 for startAsFollower
2023-05-30 05:50:54,820 [2201e636-6a5b-4250-af22-17a0252fe45f-groupManagement] INFO  impl.RoleInfo (RoleInfo.java:updateAndGet(139)) - 2201e636-6a5b-4250-af22-17a0252fe45f: start 2201e636-6a5b-4250-af22-17a0252fe45f@group-5DC6EF7DD25E-FollowerState
2023-05-30 05:50:54,821 [2201e636-6a5b-4250-af22-17a0252fe45f-groupManagement] INFO  util.JmxRegister (JmxRegister.java:tryRegister(44)) - Successfully registered JMX Bean with object name Ratis:service=RaftServer,group=group-5DC6EF7DD25E,id=2201e636-6a5b-4250-af22-17a0252fe45f
2023-05-30 05:50:54,821 [2201e636-6a5b-4250-af22-17a0252fe45f-groupManagement] INFO  server.RaftServerConfigKeys (ConfUtils.java:logGet(46)) - raft.server.snapshot.auto.trigger.enabled = true (custom)
2023-05-30 05:50:54,821 [2201e636-6a5b-4250-af22-17a0252fe45f-groupManagement] INFO  server.RaftServerConfigKeys (ConfUtils.java:logGet(46)) - raft.server.snapshot.auto.trigger.threshold = 10000 (custom)
2023-05-30 05:50:54,821 [2201e636-6a5b-4250-af22-17a0252fe45f-groupManagement] INFO  server.RaftServerConfigKeys (ConfUtils.java:logGet(46)) - raft.server.snapshot.retention.file.num = 5 (custom)
2023-05-30 05:50:54,821 [2201e636-6a5b-4250-af22-17a0252fe45f-groupManagement] INFO  server.RaftServerConfigKeys (ConfUtils.java:logGet(46)) - raft.server.log.purge.upto.snapshot.index = false (default)
2023-05-30 05:50:54,822 [2201e636-6a5b-4250-af22-17a0252fe45f@group-5DC6EF7DD25E-FollowerState] INFO  server.RaftServerConfigKeys (ConfUtils.java:logFallback(53)) - raft.server.rpc.first-election.timeout.min = 5s (fallback to raft.server.rpc.timeout.min)
2023-05-30 05:50:54,826 [0ed3f2b4-6603-4cfa-a0d8-6595115ff82f-groupManagement] INFO  server.RaftServer$Division (RaftServerImpl.java:start(342)) - 0ed3f2b4-6603-4cfa-a0d8-6595115ff82f@group-BF066060FF0B: start as a follower, conf=-1: peers:[2201e636-6a5b-4250-af22-17a0252fe45f|rpc:10.1.0.18:15032|admin:10.1.0.18:15031|client:10.1.0.18:15030|dataStream:10.1.0.18:15033|priority:0|startupRole:FOLLOWER, 0ed3f2b4-6603-4cfa-a0d8-6595115ff82f|rpc:10.1.0.18:15023|admin:10.1.0.18:15022|client:10.1.0.18:15021|dataStream:10.1.0.18:15024|priority:0|startupRole:FOLLOWER, 55da83fd-970f-4c5a-b7d8-35d4afa09e55|rpc:10.1.0.18:15014|admin:10.1.0.18:15013|client:10.1.0.18:15012|dataStream:10.1.0.18:15015|priority:1|startupRole:FOLLOWER]|listeners:[], old=null
2023-05-30 05:50:54,826 [2201e636-6a5b-4250-af22-17a0252fe45f@group-5DC6EF7DD25E-FollowerState] INFO  server.RaftServerConfigKeys (ConfUtils.java:logFallback(53)) - raft.server.rpc.first-election.timeout.max = 5200ms (fallback to raft.server.rpc.timeout.max)
2023-05-30 05:50:54,826 [0ed3f2b4-6603-4cfa-a0d8-6595115ff82f-groupManagement] INFO  server.RaftServer$Division (RaftServerImpl.java:setRole(329)) - 0ed3f2b4-6603-4cfa-a0d8-6595115ff82f@group-BF066060FF0B: changes role from      null to FOLLOWER at term 0 for startAsFollower
2023-05-30 05:50:54,823 [2201e636-6a5b-4250-af22-17a0252fe45f-groupManagement] INFO  storage.RaftStorageDirectory (RaftStorageDirectoryImpl.java:analyzeStorage(137)) - The storage directory /home/runner/work/ozone/ozone/hadoop-ozone/integration-test/target/test-dir/MiniOzoneClusterImpl-14387da3-0fdf-4878-9e7f-f07e3baca9b9/datanode-2/data/ratis/4b177356-d6d8-4fae-8219-33fe9faf7750 does not exist. Creating ...
2023-05-30 05:50:54,828 [0ed3f2b4-6603-4cfa-a0d8-6595115ff82f-groupManagement] INFO  impl.RoleInfo (RoleInfo.java:updateAndGet(139)) - 0ed3f2b4-6603-4cfa-a0d8-6595115ff82f: start 0ed3f2b4-6603-4cfa-a0d8-6595115ff82f@group-BF066060FF0B-FollowerState
2023-05-30 05:50:54,828 [0ed3f2b4-6603-4cfa-a0d8-6595115ff82f-groupManagement] INFO  util.JmxRegister (JmxRegister.java:tryRegister(44)) - Successfully registered JMX Bean with object name Ratis:service=RaftServer,group=group-BF066060FF0B,id=0ed3f2b4-6603-4cfa-a0d8-6595115ff82f
2023-05-30 05:50:54,828 [0ed3f2b4-6603-4cfa-a0d8-6595115ff82f-groupManagement] INFO  server.RaftServerConfigKeys (ConfUtils.java:logGet(46)) - raft.server.snapshot.auto.trigger.enabled = true (custom)
2023-05-30 05:50:54,829 [0ed3f2b4-6603-4cfa-a0d8-6595115ff82f-groupManagement] INFO  server.RaftServerConfigKeys (ConfUtils.java:logGet(46)) - raft.server.snapshot.auto.trigger.threshold = 10000 (custom)
2023-05-30 05:50:54,829 [0ed3f2b4-6603-4cfa-a0d8-6595115ff82f-groupManagement] INFO  server.RaftServerConfigKeys (ConfUtils.java:logGet(46)) - raft.server.snapshot.retention.file.num = 5 (custom)
2023-05-30 05:50:54,829 [0ed3f2b4-6603-4cfa-a0d8-6595115ff82f-groupManagement] INFO  server.RaftServerConfigKeys (ConfUtils.java:logGet(46)) - raft.server.log.purge.upto.snapshot.index = false (default)
2023-05-30 05:50:54,829 [2201e636-6a5b-4250-af22-17a0252fe45f-groupManagement] INFO  storage.RaftStorageDirectory (RaftStorageDirectoryImpl.java:tryLock(231)) - Lock on /home/runner/work/ozone/ozone/hadoop-ozone/integration-test/target/test-dir/MiniOzoneClusterImpl-14387da3-0fdf-4878-9e7f-f07e3baca9b9/datanode-2/data/ratis/4b177356-d6d8-4fae-8219-33fe9faf7750/in_use.lock acquired by nodename 89029@fv-az800-703
2023-05-30 05:50:54,830 [0ed3f2b4-6603-4cfa-a0d8-6595115ff82f@group-BF066060FF0B-FollowerState] INFO  server.RaftServerConfigKeys (ConfUtils.java:logFallback(53)) - raft.server.rpc.first-election.timeout.min = 5s (fallback to raft.server.rpc.timeout.min)
2023-05-30 05:50:54,830 [0ed3f2b4-6603-4cfa-a0d8-6595115ff82f@group-BF066060FF0B-FollowerState] INFO  server.RaftServerConfigKeys (ConfUtils.java:logFallback(53)) - raft.server.rpc.first-election.timeout.max = 5200ms (fallback to raft.server.rpc.timeout.max)
2023-05-30 05:50:54,831 [2201e636-6a5b-4250-af22-17a0252fe45f-groupManagement] INFO  storage.RaftStorage (RaftStorageImpl.java:format(96)) - Storage directory /home/runner/work/ozone/ozone/hadoop-ozone/integration-test/target/test-dir/MiniOzoneClusterImpl-14387da3-0fdf-4878-9e7f-f07e3baca9b9/datanode-2/data/ratis/4b177356-d6d8-4fae-8219-33fe9faf7750 has been successfully formatted.
2023-05-30 05:50:54,837 [PipelineCommandHandlerThread-0] INFO  ratis.XceiverServerRatis (XceiverServerRatis.java:addGroup(804)) - Created group PipelineID=f54df219-ce5b-4ae3-a86c-bf066060ff0b
2023-05-30 05:50:54,843 [2201e636-6a5b-4250-af22-17a0252fe45f-groupManagement] INFO  ratis.ContainerStateMachine (ContainerStateMachine.java:loadSnapshot(262)) - group-33FE9FAF7750: The snapshot info is null. Setting the last applied indexto:(t:0, i:~)
2023-05-30 05:50:54,843 [2201e636-6a5b-4250-af22-17a0252fe45f-groupManagement] INFO  server.RaftServerConfigKeys (ConfUtils.java:logGet(46)) - raft.server.log.use.memory = false (default)
2023-05-30 05:50:54,843 [2201e636-6a5b-4250-af22-17a0252fe45f-groupManagement] INFO  server.RaftServerConfigKeys (ConfUtils.java:logGet(46)) - raft.server.log.purge.gap = 1000000 (custom)
2023-05-30 05:50:54,843 [2201e636-6a5b-4250-af22-17a0252fe45f-groupManagement] INFO  server.RaftServerConfigKeys (ConfUtils.java:logGet(46)) - raft.server.log.appender.buffer.byte-limit = 33554432 (custom)
2023-05-30 05:50:54,843 [2201e636-6a5b-4250-af22-17a0252fe45f-groupManagement] INFO  server.RaftServerConfigKeys (ConfUtils.java:logGet(46)) - raft.server.log.statemachine.data.read.timeout = 1000ms (default)
2023-05-30 05:50:54,843 [2201e636-6a5b-4250-af22-17a0252fe45f-groupManagement] INFO  server.RaftServerConfigKeys (ConfUtils.java:logGet(46)) - raft.server.log.purge.preservation.log.num = 0 (default)
2023-05-30 05:50:54,843 [2201e636-6a5b-4250-af22-17a0252fe45f-groupManagement] INFO  server.RaftServerConfigKeys (ConfUtils.java:logGet(46)) - raft.server.log.segment.size.max = 1048576 (custom)
2023-05-30 05:50:54,846 [2201e636-6a5b-4250-af22-17a0252fe45f-groupManagement] INFO  server.RaftServerConfigKeys (ConfUtils.java:logGet(46)) - raft.server.log.segment.cache.num.max = 2 (custom)
2023-05-30 05:50:54,846 [2201e636-6a5b-4250-af22-17a0252fe45f-groupManagement] INFO  server.RaftServerConfigKeys (ConfUtils.java:logGet(46)) - raft.server.log.segment.cache.size.max = 200MB (=209715200) (default)
2023-05-30 05:50:54,846 [2201e636-6a5b-4250-af22-17a0252fe45f-groupManagement] INFO  server.RaftServerConfigKeys (ConfUtils.java:logGet(46)) - raft.server.log.appender.buffer.byte-limit = 33554432 (custom)
2023-05-30 05:50:54,846 [2201e636-6a5b-4250-af22-17a0252fe45f-groupManagement] INFO  segmented.SegmentedRaftLogWorker (SegmentedRaftLogWorker.java:<init>(188)) - new 2201e636-6a5b-4250-af22-17a0252fe45f@group-33FE9FAF7750-SegmentedRaftLogWorker for RaftStorageImpl:Storage Directory /home/runner/work/ozone/ozone/hadoop-ozone/integration-test/target/test-dir/MiniOzoneClusterImpl-14387da3-0fdf-4878-9e7f-f07e3baca9b9/datanode-2/data/ratis/4b177356-d6d8-4fae-8219-33fe9faf7750
2023-05-30 05:50:54,853 [55da83fd-970f-4c5a-b7d8-35d4afa09e55-groupManagement] INFO  server.RaftServer$Division (RaftServerImpl.java:<init>(198)) - 55da83fd-970f-4c5a-b7d8-35d4afa09e55: new RaftServerImpl for group-BF066060FF0B:[2201e636-6a5b-4250-af22-17a0252fe45f|rpc:10.1.0.18:15032|admin:10.1.0.18:15031|client:10.1.0.18:15030|dataStream:10.1.0.18:15033|priority:0|startupRole:FOLLOWER, 0ed3f2b4-6603-4cfa-a0d8-6595115ff82f|rpc:10.1.0.18:15023|admin:10.1.0.18:15022|client:10.1.0.18:15021|dataStream:10.1.0.18:15024|priority:0|startupRole:FOLLOWER, 55da83fd-970f-4c5a-b7d8-35d4afa09e55|rpc:10.1.0.18:15014|admin:10.1.0.18:15013|client:10.1.0.18:15012|dataStream:10.1.0.18:15015|priority:1|startupRole:FOLLOWER] with ContainerStateMachine:uninitialized
2023-05-30 05:50:54,853 [55da83fd-970f-4c5a-b7d8-35d4afa09e55-groupManagement] INFO  server.RaftServerConfigKeys (ConfUtils.java:logGet(46)) - raft.server.rpc.timeout.min = 5s (custom)
2023-05-30 05:50:54,853 [55da83fd-970f-4c5a-b7d8-35d4afa09e55-groupManagement] INFO  server.RaftServerConfigKeys (ConfUtils.java:logGet(46)) - raft.server.rpc.timeout.max = 5200ms (custom)
2023-05-30 05:50:54,853 [55da83fd-970f-4c5a-b7d8-35d4afa09e55-groupManagement] INFO  server.RaftServerConfigKeys (ConfUtils.java:logGet(46)) - raft.server.rpc.sleep.time = 25ms (default)
2023-05-30 05:50:54,854 [55da83fd-970f-4c5a-b7d8-35d4afa09e55-groupManagement] INFO  server.RaftServerConfigKeys (ConfUtils.java:logGet(46)) - raft.server.rpc.slowness.timeout = 300000ms (custom)
2023-05-30 05:50:54,854 [55da83fd-970f-4c5a-b7d8-35d4afa09e55-groupManagement] INFO  server.RaftServerConfigKeys (ConfUtils.java:logGet(46)) - raft.server.leaderelection.leader.step-down.wait-time = 10s (default)
2023-05-30 05:50:54,854 [55da83fd-970f-4c5a-b7d8-35d4afa09e55-groupManagement] INFO  server.RaftServerConfigKeys (ConfUtils.java:logGet(46)) - raft.server.sleep.deviation.threshold = 300ms (default)
2023-05-30 05:50:54,854 [55da83fd-970f-4c5a-b7d8-35d4afa09e55-groupManagement] INFO  server.RaftServer$Division (ServerState.java:<init>(120)) - 55da83fd-970f-4c5a-b7d8-35d4afa09e55@group-BF066060FF0B: ConfigurationManager, init=-1: peers:[2201e636-6a5b-4250-af22-17a0252fe45f|rpc:10.1.0.18:15032|admin:10.1.0.18:15031|client:10.1.0.18:15030|dataStream:10.1.0.18:15033|priority:0|startupRole:FOLLOWER, 0ed3f2b4-6603-4cfa-a0d8-6595115ff82f|rpc:10.1.0.18:15023|admin:10.1.0.18:15022|client:10.1.0.18:15021|dataStream:10.1.0.18:15024|priority:0|startupRole:FOLLOWER, 55da83fd-970f-4c5a-b7d8-35d4afa09e55|rpc:10.1.0.18:15014|admin:10.1.0.18:15013|client:10.1.0.18:15012|dataStream:10.1.0.18:15015|priority:1|startupRole:FOLLOWER]|listeners:[], old=null, confs=<EMPTY_MAP>
2023-05-30 05:50:54,854 [55da83fd-970f-4c5a-b7d8-35d4afa09e55-groupManagement] INFO  server.RaftServerConfigKeys (ConfUtils.java:logGet(46)) - raft.server.storage.dir = [/home/runner/work/ozone/ozone/hadoop-ozone/integration-test/target/test-dir/MiniOzoneClusterImpl-14387da3-0fdf-4878-9e7f-f07e3baca9b9/datanode-0/data/ratis] (custom)
2023-05-30 05:50:54,854 [55da83fd-970f-4c5a-b7d8-35d4afa09e55-groupManagement] INFO  server.RaftServerConfigKeys (ConfUtils.java:logGet(46)) - raft.server.log.corruption.policy = EXCEPTION (default)
2023-05-30 05:50:54,854 [55da83fd-970f-4c5a-b7d8-35d4afa09e55-groupManagement] INFO  server.RaftServerConfigKeys (ConfUtils.java:logGet(46)) - raft.server.storage.free-space.min = 0MB (=0) (default)
2023-05-30 05:50:54,854 [55da83fd-970f-4c5a-b7d8-35d4afa09e55-groupManagement] INFO  server.RaftServerConfigKeys (ConfUtils.java:logGet(46)) - raft.server.notification.no-leader.timeout = 300000ms (custom)
2023-05-30 05:50:54,854 [55da83fd-970f-4c5a-b7d8-35d4afa09e55-groupManagement] INFO  server.RaftServerConfigKeys (ConfUtils.java:logGet(46)) - raft.server.read.timeout = 10s (default)
2023-05-30 05:50:54,854 [55da83fd-970f-4c5a-b7d8-35d4afa09e55-groupManagement] INFO  server.RaftServerConfigKeys (ConfUtils.java:logGet(46)) - raft.server.retrycache.expirytime = 600000ms (custom)
2023-05-30 05:50:54,854 [55da83fd-970f-4c5a-b7d8-35d4afa09e55-groupManagement] INFO  server.RaftServerConfigKeys (ConfUtils.java:logGet(46)) - raft.server.retrycache.statistics.expirytime = 100μs (default)
2023-05-30 05:50:54,854 [55da83fd-970f-4c5a-b7d8-35d4afa09e55-groupManagement] INFO  server.RaftServerConfigKeys (ConfUtils.java:logGet(46)) - raft.server.read.option = DEFAULT (default)
2023-05-30 05:50:54,852 [grpc-default-executor-0] INFO  server.RaftServer (RaftServerProxy.java:addNew(98)) - 55da83fd-970f-4c5a-b7d8-35d4afa09e55: addNew group-BF066060FF0B:[2201e636-6a5b-4250-af22-17a0252fe45f|rpc:10.1.0.18:15032|admin:10.1.0.18:15031|client:10.1.0.18:15030|dataStream:10.1.0.18:15033|priority:0|startupRole:FOLLOWER, 0ed3f2b4-6603-4cfa-a0d8-6595115ff82f|rpc:10.1.0.18:15023|admin:10.1.0.18:15022|client:10.1.0.18:15021|dataStream:10.1.0.18:15024|priority:0|startupRole:FOLLOWER, 55da83fd-970f-4c5a-b7d8-35d4afa09e55|rpc:10.1.0.18:15014|admin:10.1.0.18:15013|client:10.1.0.18:15012|dataStream:10.1.0.18:15015|priority:1|startupRole:FOLLOWER] returns group-BF066060FF0B:java.util.concurrent.CompletableFuture@14f9c231[Not completed]
2023-05-30 05:50:54,860 [EventQueue-OpenPipelineForHealthyPipelineSafeModeRule] INFO  safemode.SCMSafeModeManager (HealthyPipelineSafeModeRule.java:process(137)) - SCM in safe mode. Healthy pipelines reported count is 0, required healthy pipeline reported count is 1
2023-05-30 05:50:54,856 [55da83fd-970f-4c5a-b7d8-35d4afa09e55-groupManagement] INFO  server.RaftServerConfigKeys (ConfUtils.java:logGet(46)) - raft.server.rpc.request.timeout = 3000ms (default)
2023-05-30 05:50:54,853 [2201e636-6a5b-4250-af22-17a0252fe45f-groupManagement] INFO  server.RaftServerConfigKeys (ConfUtils.java:logGet(46)) - raft.server.log.queue.byte-limit = 4294967296 (custom)
2023-05-30 05:50:54,863 [55da83fd-970f-4c5a-b7d8-35d4afa09e55-groupManagement] INFO  server.RaftServerConfigKeys (ConfUtils.java:logGet(46)) - raft.server.log.appender.install.snapshot.enabled = false (custom)
2023-05-30 05:50:54,863 [2201e636-6a5b-4250-af22-17a0252fe45f-groupManagement] INFO  server.RaftServerConfigKeys (ConfUtils.java:logGet(46)) - raft.server.log.queue.element-limit = 1024 (custom)
2023-05-30 05:50:54,863 [2201e636-6a5b-4250-af22-17a0252fe45f-groupManagement] INFO  server.RaftServerConfigKeys (ConfUtils.java:logGet(46)) - raft.server.log.segment.size.max = 1048576 (custom)
2023-05-30 05:50:54,864 [2201e636-6a5b-4250-af22-17a0252fe45f-groupManagement] INFO  server.RaftServerConfigKeys (ConfUtils.java:logGet(46)) - raft.server.log.preallocated.size = 16384 (custom)
2023-05-30 05:50:54,864 [2201e636-6a5b-4250-af22-17a0252fe45f-groupManagement] INFO  server.RaftServerConfigKeys (ConfUtils.java:logGet(46)) - raft.server.log.force.sync.num = 128 (default)
2023-05-30 05:50:54,864 [2201e636-6a5b-4250-af22-17a0252fe45f-groupManagement] INFO  server.RaftServerConfigKeys (ConfUtils.java:logGet(46)) - raft.server.log.statemachine.data.sync = true (default)
2023-05-30 05:50:54,864 [2201e636-6a5b-4250-af22-17a0252fe45f-groupManagement] INFO  server.RaftServerConfigKeys (ConfUtils.java:logGet(46)) - raft.server.log.statemachine.data.sync.timeout = 10s (default)
2023-05-30 05:50:54,864 [2201e636-6a5b-4250-af22-17a0252fe45f-groupManagement] INFO  server.RaftServerConfigKeys (ConfUtils.java:logGet(46)) - raft.server.log.statemachine.data.sync.timeout.retry = -1 (default)
2023-05-30 05:50:54,865 [2201e636-6a5b-4250-af22-17a0252fe45f-groupManagement] INFO  server.RaftServerConfigKeys (ConfUtils.java:logGet(46)) - raft.server.log.write.buffer.size = 1048576 (custom)
2023-05-30 05:50:54,865 [2201e636-6a5b-4250-af22-17a0252fe45f-groupManagement] INFO  server.RaftServerConfigKeys (ConfUtils.java:logGet(46)) - raft.server.log.appender.buffer.byte-limit = 33554432 (custom)
2023-05-30 05:50:54,870 [2201e636-6a5b-4250-af22-17a0252fe45f-groupManagement] INFO  server.RaftServerConfigKeys (ConfUtils.java:logGet(46)) - raft.server.log.unsafe-flush.enabled = false (default)
2023-05-30 05:50:54,871 [2201e636-6a5b-4250-af22-17a0252fe45f-groupManagement] INFO  server.RaftServerConfigKeys (ConfUtils.java:logGet(46)) - raft.server.log.async-flush.enabled = false (default)
2023-05-30 05:50:54,871 [2201e636-6a5b-4250-af22-17a0252fe45f-groupManagement] INFO  server.RaftServerConfigKeys (ConfUtils.java:logGet(46)) - raft.server.log.statemachine.data.caching.enabled = true (custom)
2023-05-30 05:50:54,871 [55da83fd-970f-4c5a-b7d8-35d4afa09e55-groupManagement] INFO  server.RaftServerConfigKeys (ConfUtils.java:logGet(46)) - raft.server.threadpool.server.cached = true (default)
2023-05-30 05:50:54,871 [55da83fd-970f-4c5a-b7d8-35d4afa09e55-groupManagement] INFO  server.RaftServerConfigKeys (ConfUtils.java:logGet(46)) - raft.server.threadpool.server.size = 0 (default)
2023-05-30 05:50:54,871 [55da83fd-970f-4c5a-b7d8-35d4afa09e55-groupManagement] INFO  server.RaftServerConfigKeys (ConfUtils.java:logGet(46)) - raft.server.threadpool.client.cached = true (default)
2023-05-30 05:50:54,871 [55da83fd-970f-4c5a-b7d8-35d4afa09e55-groupManagement] INFO  server.RaftServerConfigKeys (ConfUtils.java:logGet(46)) - raft.server.threadpool.client.size = 0 (default)
2023-05-30 05:50:54,871 [55da83fd-970f-4c5a-b7d8-35d4afa09e55-groupManagement] INFO  storage.RaftStorageDirectory (RaftStorageDirectoryImpl.java:analyzeStorage(137)) - The storage directory /home/runner/work/ozone/ozone/hadoop-ozone/integration-test/target/test-dir/MiniOzoneClusterImpl-14387da3-0fdf-4878-9e7f-f07e3baca9b9/datanode-0/data/ratis/f54df219-ce5b-4ae3-a86c-bf066060ff0b does not exist. Creating ...
2023-05-30 05:50:54,878 [55da83fd-970f-4c5a-b7d8-35d4afa09e55-groupManagement] INFO  storage.RaftStorageDirectory (RaftStorageDirectoryImpl.java:tryLock(231)) - Lock on /home/runner/work/ozone/ozone/hadoop-ozone/integration-test/target/test-dir/MiniOzoneClusterImpl-14387da3-0fdf-4878-9e7f-f07e3baca9b9/datanode-0/data/ratis/f54df219-ce5b-4ae3-a86c-bf066060ff0b/in_use.lock acquired by nodename 89029@fv-az800-703
2023-05-30 05:50:54,880 [2201e636-6a5b-4250-af22-17a0252fe45f-groupManagement] INFO  segmented.SegmentedRaftLogWorker (SegmentedRaftLogWorker.java:lambda$new$0(135)) - 2201e636-6a5b-4250-af22-17a0252fe45f@group-33FE9FAF7750-SegmentedRaftLogWorker: flushIndex: setUnconditionally 0 -> -1
2023-05-30 05:50:54,880 [2201e636-6a5b-4250-af22-17a0252fe45f-groupManagement] INFO  segmented.SegmentedRaftLogWorker (SegmentedRaftLogWorker.java:lambda$new$0(135)) - 2201e636-6a5b-4250-af22-17a0252fe45f@group-33FE9FAF7750-SegmentedRaftLogWorker: safeCacheEvictIndex: setUnconditionally 0 -> -1
2023-05-30 05:50:54,880 [2201e636-6a5b-4250-af22-17a0252fe45f-groupManagement] INFO  server.RaftServer$Division (RaftServerImpl.java:start(342)) - 2201e636-6a5b-4250-af22-17a0252fe45f@group-33FE9FAF7750: start as a follower, conf=-1: peers:[2201e636-6a5b-4250-af22-17a0252fe45f|rpc:10.1.0.18:15032|admin:10.1.0.18:15031|client:10.1.0.18:15030|dataStream:10.1.0.18:15033|priority:1|startupRole:FOLLOWER]|listeners:[], old=null
2023-05-30 05:50:54,880 [2201e636-6a5b-4250-af22-17a0252fe45f-groupManagement] INFO  server.RaftServer$Division (RaftServerImpl.java:setRole(329)) - 2201e636-6a5b-4250-af22-17a0252fe45f@group-33FE9FAF7750: changes role from      null to FOLLOWER at term 0 for startAsFollower
2023-05-30 05:50:54,880 [2201e636-6a5b-4250-af22-17a0252fe45f-groupManagement] INFO  impl.RoleInfo (RoleInfo.java:updateAndGet(139)) - 2201e636-6a5b-4250-af22-17a0252fe45f: start 2201e636-6a5b-4250-af22-17a0252fe45f@group-33FE9FAF7750-FollowerState
2023-05-30 05:50:54,881 [55da83fd-970f-4c5a-b7d8-35d4afa09e55-groupManagement] INFO  storage.RaftStorage (RaftStorageImpl.java:format(96)) - Storage directory /home/runner/work/ozone/ozone/hadoop-ozone/integration-test/target/test-dir/MiniOzoneClusterImpl-14387da3-0fdf-4878-9e7f-f07e3baca9b9/datanode-0/data/ratis/f54df219-ce5b-4ae3-a86c-bf066060ff0b has been successfully formatted.
2023-05-30 05:50:54,888 [55da83fd-970f-4c5a-b7d8-35d4afa09e55-groupManagement] INFO  ratis.ContainerStateMachine (ContainerStateMachine.java:loadSnapshot(262)) - group-BF066060FF0B: The snapshot info is null. Setting the last applied indexto:(t:0, i:~)
2023-05-30 05:50:54,888 [55da83fd-970f-4c5a-b7d8-35d4afa09e55-groupManagement] INFO  server.RaftServerConfigKeys (ConfUtils.java:logGet(46)) - raft.server.log.use.memory = false (default)
2023-05-30 05:50:54,888 [55da83fd-970f-4c5a-b7d8-35d4afa09e55-groupManagement] INFO  server.RaftServerConfigKeys (ConfUtils.java:logGet(46)) - raft.server.log.purge.gap = 1000000 (custom)
2023-05-30 05:50:54,888 [55da83fd-970f-4c5a-b7d8-35d4afa09e55-groupManagement] INFO  server.RaftServerConfigKeys (ConfUtils.java:logGet(46)) - raft.server.log.appender.buffer.byte-limit = 33554432 (custom)
2023-05-30 05:50:54,888 [55da83fd-970f-4c5a-b7d8-35d4afa09e55-groupManagement] INFO  server.RaftServerConfigKeys (ConfUtils.java:logGet(46)) - raft.server.log.statemachine.data.read.timeout = 1000ms (default)
2023-05-30 05:50:54,888 [55da83fd-970f-4c5a-b7d8-35d4afa09e55-groupManagement] INFO  server.RaftServerConfigKeys (ConfUtils.java:logGet(46)) - raft.server.log.purge.preservation.log.num = 0 (default)
2023-05-30 05:50:54,889 [55da83fd-970f-4c5a-b7d8-35d4afa09e55-groupManagement] INFO  server.RaftServerConfigKeys (ConfUtils.java:logGet(46)) - raft.server.log.segment.size.max = 1048576 (custom)
2023-05-30 05:50:54,889 [55da83fd-970f-4c5a-b7d8-35d4afa09e55-groupManagement] INFO  server.RaftServerConfigKeys (ConfUtils.java:logGet(46)) - raft.server.log.segment.cache.num.max = 2 (custom)
2023-05-30 05:50:54,889 [55da83fd-970f-4c5a-b7d8-35d4afa09e55-groupManagement] INFO  server.RaftServerConfigKeys (ConfUtils.java:logGet(46)) - raft.server.log.segment.cache.size.max = 200MB (=209715200) (default)
2023-05-30 05:50:54,889 [55da83fd-970f-4c5a-b7d8-35d4afa09e55-groupManagement] INFO  server.RaftServerConfigKeys (ConfUtils.java:logGet(46)) - raft.server.log.appender.buffer.byte-limit = 33554432 (custom)
2023-05-30 05:50:54,889 [55da83fd-970f-4c5a-b7d8-35d4afa09e55-groupManagement] INFO  segmented.SegmentedRaftLogWorker (SegmentedRaftLogWorker.java:<init>(188)) - new 55da83fd-970f-4c5a-b7d8-35d4afa09e55@group-BF066060FF0B-SegmentedRaftLogWorker for RaftStorageImpl:Storage Directory /home/runner/work/ozone/ozone/hadoop-ozone/integration-test/target/test-dir/MiniOzoneClusterImpl-14387da3-0fdf-4878-9e7f-f07e3baca9b9/datanode-0/data/ratis/f54df219-ce5b-4ae3-a86c-bf066060ff0b
2023-05-30 05:50:54,889 [55da83fd-970f-4c5a-b7d8-35d4afa09e55-groupManagement] INFO  server.RaftServerConfigKeys (ConfUtils.java:logGet(46)) - raft.server.log.queue.byte-limit = 4294967296 (custom)
2023-05-30 05:50:54,889 [55da83fd-970f-4c5a-b7d8-35d4afa09e55-groupManagement] INFO  server.RaftServerConfigKeys (ConfUtils.java:logGet(46)) - raft.server.log.queue.element-limit = 1024 (custom)
2023-05-30 05:50:54,889 [55da83fd-970f-4c5a-b7d8-35d4afa09e55-groupManagement] INFO  server.RaftServerConfigKeys (ConfUtils.java:logGet(46)) - raft.server.log.segment.size.max = 1048576 (custom)
2023-05-30 05:50:54,889 [55da83fd-970f-4c5a-b7d8-35d4afa09e55-groupManagement] INFO  server.RaftServerConfigKeys (ConfUtils.java:logGet(46)) - raft.server.log.preallocated.size = 16384 (custom)
2023-05-30 05:50:54,889 [55da83fd-970f-4c5a-b7d8-35d4afa09e55-groupManagement] INFO  server.RaftServerConfigKeys (ConfUtils.java:logGet(46)) - raft.server.log.force.sync.num = 128 (default)
2023-05-30 05:50:54,890 [55da83fd-970f-4c5a-b7d8-35d4afa09e55-groupManagement] INFO  server.RaftServerConfigKeys (ConfUtils.java:logGet(46)) - raft.server.log.statemachine.data.sync = true (default)
2023-05-30 05:50:54,890 [55da83fd-970f-4c5a-b7d8-35d4afa09e55-groupManagement] INFO  server.RaftServerConfigKeys (ConfUtils.java:logGet(46)) - raft.server.log.statemachine.data.sync.timeout = 10s (default)
2023-05-30 05:50:54,890 [55da83fd-970f-4c5a-b7d8-35d4afa09e55-groupManagement] INFO  server.RaftServerConfigKeys (ConfUtils.java:logGet(46)) - raft.server.log.statemachine.data.sync.timeout.retry = -1 (default)
2023-05-30 05:50:54,891 [55da83fd-970f-4c5a-b7d8-35d4afa09e55-groupManagement] INFO  server.RaftServerConfigKeys (ConfUtils.java:logGet(46)) - raft.server.log.write.buffer.size = 1048576 (custom)
2023-05-30 05:50:54,892 [55da83fd-970f-4c5a-b7d8-35d4afa09e55-groupManagement] INFO  server.RaftServerConfigKeys (ConfUtils.java:logGet(46)) - raft.server.log.appender.buffer.byte-limit = 33554432 (custom)
2023-05-30 05:50:54,897 [55da83fd-970f-4c5a-b7d8-35d4afa09e55-groupManagement] INFO  server.RaftServerConfigKeys (ConfUtils.java:logGet(46)) - raft.server.log.unsafe-flush.enabled = false (default)
2023-05-30 05:50:54,897 [55da83fd-970f-4c5a-b7d8-35d4afa09e55-groupManagement] INFO  server.RaftServerConfigKeys (ConfUtils.java:logGet(46)) - raft.server.log.async-flush.enabled = false (default)
2023-05-30 05:50:54,897 [55da83fd-970f-4c5a-b7d8-35d4afa09e55-groupManagement] INFO  server.RaftServerConfigKeys (ConfUtils.java:logGet(46)) - raft.server.log.statemachine.data.caching.enabled = true (custom)
2023-05-30 05:50:54,901 [55da83fd-970f-4c5a-b7d8-35d4afa09e55-groupManagement] INFO  segmented.SegmentedRaftLogWorker (SegmentedRaftLogWorker.java:lambda$new$0(135)) - 55da83fd-970f-4c5a-b7d8-35d4afa09e55@group-BF066060FF0B-SegmentedRaftLogWorker: flushIndex: setUnconditionally 0 -> -1
2023-05-30 05:50:54,902 [55da83fd-970f-4c5a-b7d8-35d4afa09e55-groupManagement] INFO  segmented.SegmentedRaftLogWorker (SegmentedRaftLogWorker.java:lambda$new$0(135)) - 55da83fd-970f-4c5a-b7d8-35d4afa09e55@group-BF066060FF0B-SegmentedRaftLogWorker: safeCacheEvictIndex: setUnconditionally 0 -> -1
2023-05-30 05:50:54,902 [2201e636-6a5b-4250-af22-17a0252fe45f-groupManagement] INFO  util.JmxRegister (JmxRegister.java:tryRegister(44)) - Successfully registered JMX Bean with object name Ratis:service=RaftServer,group=group-33FE9FAF7750,id=2201e636-6a5b-4250-af22-17a0252fe45f
2023-05-30 05:50:54,902 [2201e636-6a5b-4250-af22-17a0252fe45f-groupManagement] INFO  server.RaftServerConfigKeys (ConfUtils.java:logGet(46)) - raft.server.snapshot.auto.trigger.enabled = true (custom)
2023-05-30 05:50:54,902 [2201e636-6a5b-4250-af22-17a0252fe45f-groupManagement] INFO  server.RaftServerConfigKeys (ConfUtils.java:logGet(46)) - raft.server.snapshot.auto.trigger.threshold = 10000 (custom)
2023-05-30 05:50:54,902 [2201e636-6a5b-4250-af22-17a0252fe45f-groupManagement] INFO  server.RaftServerConfigKeys (ConfUtils.java:logGet(46)) - raft.server.snapshot.retention.file.num = 5 (custom)
2023-05-30 05:50:54,902 [2201e636-6a5b-4250-af22-17a0252fe45f-groupManagement] INFO  server.RaftServerConfigKeys (ConfUtils.java:logGet(46)) - raft.server.log.purge.upto.snapshot.index = false (default)
2023-05-30 05:50:54,906 [PipelineCommandHandlerThread-0] INFO  ratis.XceiverServerRatis (XceiverServerRatis.java:addGroup(804)) - Created group PipelineID=4b177356-d6d8-4fae-8219-33fe9faf7750
2023-05-30 05:50:54,906 [PipelineCommandHandlerThread-0] INFO  commandhandler.CreatePipelineCommandHandler (CreatePipelineCommandHandler.java:lambda$handle$2(124)) - Created Pipeline RATIS ONE PipelineID=4b177356-d6d8-4fae-8219-33fe9faf7750.
2023-05-30 05:50:54,907 [PipelineCommandHandlerThread-0] INFO  server.RaftServer (RaftServerProxy.java:addNew(98)) - 2201e636-6a5b-4250-af22-17a0252fe45f: addNew group-BF066060FF0B:[2201e636-6a5b-4250-af22-17a0252fe45f|rpc:10.1.0.18:15032|admin:10.1.0.18:15031|client:10.1.0.18:15030|dataStream:10.1.0.18:15033|priority:0|startupRole:FOLLOWER, 0ed3f2b4-6603-4cfa-a0d8-6595115ff82f|rpc:10.1.0.18:15023|admin:10.1.0.18:15022|client:10.1.0.18:15021|dataStream:10.1.0.18:15024|priority:0|startupRole:FOLLOWER, 55da83fd-970f-4c5a-b7d8-35d4afa09e55|rpc:10.1.0.18:15014|admin:10.1.0.18:15013|client:10.1.0.18:15012|dataStream:10.1.0.18:15015|priority:1|startupRole:FOLLOWER] returns group-BF066060FF0B:java.util.concurrent.CompletableFuture@10fc009a[Not completed]
2023-05-30 05:50:54,908 [2201e636-6a5b-4250-af22-17a0252fe45f-groupManagement] INFO  server.RaftServer$Division (RaftServerImpl.java:<init>(198)) - 2201e636-6a5b-4250-af22-17a0252fe45f: new RaftServerImpl for group-BF066060FF0B:[2201e636-6a5b-4250-af22-17a0252fe45f|rpc:10.1.0.18:15032|admin:10.1.0.18:15031|client:10.1.0.18:15030|dataStream:10.1.0.18:15033|priority:0|startupRole:FOLLOWER, 0ed3f2b4-6603-4cfa-a0d8-6595115ff82f|rpc:10.1.0.18:15023|admin:10.1.0.18:15022|client:10.1.0.18:15021|dataStream:10.1.0.18:15024|priority:0|startupRole:FOLLOWER, 55da83fd-970f-4c5a-b7d8-35d4afa09e55|rpc:10.1.0.18:15014|admin:10.1.0.18:15013|client:10.1.0.18:15012|dataStream:10.1.0.18:15015|priority:1|startupRole:FOLLOWER] with ContainerStateMachine:uninitialized
2023-05-30 05:50:54,908 [2201e636-6a5b-4250-af22-17a0252fe45f-groupManagement] INFO  server.RaftServerConfigKeys (ConfUtils.java:logGet(46)) - raft.server.rpc.timeout.min = 5s (custom)
2023-05-30 05:50:54,908 [2201e636-6a5b-4250-af22-17a0252fe45f-groupManagement] INFO  server.RaftServerConfigKeys (ConfUtils.java:logGet(46)) - raft.server.rpc.timeout.max = 5200ms (custom)
2023-05-30 05:50:54,908 [2201e636-6a5b-4250-af22-17a0252fe45f-groupManagement] INFO  server.RaftServerConfigKeys (ConfUtils.java:logGet(46)) - raft.server.rpc.sleep.time = 25ms (default)
2023-05-30 05:50:54,908 [2201e636-6a5b-4250-af22-17a0252fe45f-groupManagement] INFO  server.RaftServerConfigKeys (ConfUtils.java:logGet(46)) - raft.server.rpc.slowness.timeout = 300000ms (custom)
2023-05-30 05:50:54,908 [2201e636-6a5b-4250-af22-17a0252fe45f-groupManagement] INFO  server.RaftServerConfigKeys (ConfUtils.java:logGet(46)) - raft.server.leaderelection.leader.step-down.wait-time = 10s (default)
2023-05-30 05:50:54,908 [2201e636-6a5b-4250-af22-17a0252fe45f-groupManagement] INFO  server.RaftServerConfigKeys (ConfUtils.java:logGet(46)) - raft.server.sleep.deviation.threshold = 300ms (default)
2023-05-30 05:50:54,908 [2201e636-6a5b-4250-af22-17a0252fe45f-groupManagement] INFO  server.RaftServer$Division (ServerState.java:<init>(120)) - 2201e636-6a5b-4250-af22-17a0252fe45f@group-BF066060FF0B: ConfigurationManager, init=-1: peers:[2201e636-6a5b-4250-af22-17a0252fe45f|rpc:10.1.0.18:15032|admin:10.1.0.18:15031|client:10.1.0.18:15030|dataStream:10.1.0.18:15033|priority:0|startupRole:FOLLOWER, 0ed3f2b4-6603-4cfa-a0d8-6595115ff82f|rpc:10.1.0.18:15023|admin:10.1.0.18:15022|client:10.1.0.18:15021|dataStream:10.1.0.18:15024|priority:0|startupRole:FOLLOWER, 55da83fd-970f-4c5a-b7d8-35d4afa09e55|rpc:10.1.0.18:15014|admin:10.1.0.18:15013|client:10.1.0.18:15012|dataStream:10.1.0.18:15015|priority:1|startupRole:FOLLOWER]|listeners:[], old=null, confs=<EMPTY_MAP>
2023-05-30 05:50:54,908 [2201e636-6a5b-4250-af22-17a0252fe45f-groupManagement] INFO  server.RaftServerConfigKeys (ConfUtils.java:logGet(46)) - raft.server.storage.dir = [/home/runner/work/ozone/ozone/hadoop-ozone/integration-test/target/test-dir/MiniOzoneClusterImpl-14387da3-0fdf-4878-9e7f-f07e3baca9b9/datanode-2/data/ratis] (custom)
2023-05-30 05:50:54,909 [2201e636-6a5b-4250-af22-17a0252fe45f-groupManagement] INFO  server.RaftServerConfigKeys (ConfUtils.java:logGet(46)) - raft.server.log.corruption.policy = EXCEPTION (default)
2023-05-30 05:50:54,909 [2201e636-6a5b-4250-af22-17a0252fe45f-groupManagement] INFO  server.RaftServerConfigKeys (ConfUtils.java:logGet(46)) - raft.server.storage.free-space.min = 0MB (=0) (default)
2023-05-30 05:50:54,909 [2201e636-6a5b-4250-af22-17a0252fe45f-groupManagement] INFO  server.RaftServerConfigKeys (ConfUtils.java:logGet(46)) - raft.server.notification.no-leader.timeout = 300000ms (custom)
2023-05-30 05:50:54,909 [2201e636-6a5b-4250-af22-17a0252fe45f-groupManagement] INFO  server.RaftServerConfigKeys (ConfUtils.java:logGet(46)) - raft.server.read.timeout = 10s (default)
2023-05-30 05:50:54,909 [2201e636-6a5b-4250-af22-17a0252fe45f-groupManagement] INFO  server.RaftServerConfigKeys (ConfUtils.java:logGet(46)) - raft.server.retrycache.expirytime = 600000ms (custom)
2023-05-30 05:50:54,909 [2201e636-6a5b-4250-af22-17a0252fe45f-groupManagement] INFO  server.RaftServerConfigKeys (ConfUtils.java:logGet(46)) - raft.server.retrycache.statistics.expirytime = 100μs (default)
2023-05-30 05:50:54,909 [2201e636-6a5b-4250-af22-17a0252fe45f-groupManagement] INFO  server.RaftServerConfigKeys (ConfUtils.java:logGet(46)) - raft.server.read.option = DEFAULT (default)
2023-05-30 05:50:54,917 [EventQueue-OpenPipelineForHealthyPipelineSafeModeRule] INFO  safemode.SCMSafeModeManager (HealthyPipelineSafeModeRule.java:process(137)) - SCM in safe mode. Healthy pipelines reported count is 0, required healthy pipeline reported count is 1
2023-05-30 05:50:54,921 [PipelineCommandHandlerThread-0] INFO  commandhandler.CreatePipelineCommandHandler (CreatePipelineCommandHandler.java:lambda$handle$2(124)) - Created Pipeline RATIS THREE PipelineID=81bd04ba-6959-413d-afc2-5dc6ef7dd25e.
2023-05-30 05:50:54,919 [2201e636-6a5b-4250-af22-17a0252fe45f@group-33FE9FAF7750-FollowerState] INFO  server.RaftServerConfigKeys (ConfUtils.java:logFallback(53)) - raft.server.rpc.first-election.timeout.min = 5s (fallback to raft.server.rpc.timeout.min)
2023-05-30 05:50:54,918 [2201e636-6a5b-4250-af22-17a0252fe45f-groupManagement] INFO  server.RaftServerConfigKeys (ConfUtils.java:logGet(46)) - raft.server.rpc.request.timeout = 3000ms (default)
2023-05-30 05:50:54,922 [2201e636-6a5b-4250-af22-17a0252fe45f-groupManagement] INFO  server.RaftServerConfigKeys (ConfUtils.java:logGet(46)) - raft.server.log.appender.install.snapshot.enabled = false (custom)
2023-05-30 05:50:54,922 [2201e636-6a5b-4250-af22-17a0252fe45f-groupManagement] INFO  server.RaftServerConfigKeys (ConfUtils.java:logGet(46)) - raft.server.threadpool.server.cached = true (default)
2023-05-30 05:50:54,922 [2201e636-6a5b-4250-af22-17a0252fe45f-groupManagement] INFO  server.RaftServerConfigKeys (ConfUtils.java:logGet(46)) - raft.server.threadpool.server.size = 0 (default)
2023-05-30 05:50:54,922 [2201e636-6a5b-4250-af22-17a0252fe45f-groupManagement] INFO  server.RaftServerConfigKeys (ConfUtils.java:logGet(46)) - raft.server.threadpool.client.cached = true (default)
2023-05-30 05:50:54,922 [2201e636-6a5b-4250-af22-17a0252fe45f-groupManagement] INFO  server.RaftServerConfigKeys (ConfUtils.java:logGet(46)) - raft.server.threadpool.client.size = 0 (default)
2023-05-30 05:50:54,922 [2201e636-6a5b-4250-af22-17a0252fe45f-groupManagement] INFO  storage.RaftStorageDirectory (RaftStorageDirectoryImpl.java:analyzeStorage(137)) - The storage directory /home/runner/work/ozone/ozone/hadoop-ozone/integration-test/target/test-dir/MiniOzoneClusterImpl-14387da3-0fdf-4878-9e7f-f07e3baca9b9/datanode-2/data/ratis/f54df219-ce5b-4ae3-a86c-bf066060ff0b does not exist. Creating ...
2023-05-30 05:50:54,918 [55da83fd-970f-4c5a-b7d8-35d4afa09e55-groupManagement] INFO  server.RaftServer$Division (RaftServerImpl.java:start(342)) - 55da83fd-970f-4c5a-b7d8-35d4afa09e55@group-BF066060FF0B: start as a follower, conf=-1: peers:[2201e636-6a5b-4250-af22-17a0252fe45f|rpc:10.1.0.18:15032|admin:10.1.0.18:15031|client:10.1.0.18:15030|dataStream:10.1.0.18:15033|priority:0|startupRole:FOLLOWER, 0ed3f2b4-6603-4cfa-a0d8-6595115ff82f|rpc:10.1.0.18:15023|admin:10.1.0.18:15022|client:10.1.0.18:15021|dataStream:10.1.0.18:15024|priority:0|startupRole:FOLLOWER, 55da83fd-970f-4c5a-b7d8-35d4afa09e55|rpc:10.1.0.18:15014|admin:10.1.0.18:15013|client:10.1.0.18:15012|dataStream:10.1.0.18:15015|priority:1|startupRole:FOLLOWER]|listeners:[], old=null
2023-05-30 05:50:54,923 [55da83fd-970f-4c5a-b7d8-35d4afa09e55-groupManagement] INFO  server.RaftServer$Division (RaftServerImpl.java:setRole(329)) - 55da83fd-970f-4c5a-b7d8-35d4afa09e55@group-BF066060FF0B: changes role from      null to FOLLOWER at term 0 for startAsFollower
2023-05-30 05:50:54,923 [55da83fd-970f-4c5a-b7d8-35d4afa09e55-groupManagement] INFO  impl.RoleInfo (RoleInfo.java:updateAndGet(139)) - 55da83fd-970f-4c5a-b7d8-35d4afa09e55: start 55da83fd-970f-4c5a-b7d8-35d4afa09e55@group-BF066060FF0B-FollowerState
2023-05-30 05:50:54,922 [2201e636-6a5b-4250-af22-17a0252fe45f@group-33FE9FAF7750-FollowerState] INFO  server.RaftServerConfigKeys (ConfUtils.java:logFallback(53)) - raft.server.rpc.first-election.timeout.max = 5200ms (fallback to raft.server.rpc.timeout.max)
2023-05-30 05:50:54,924 [2201e636-6a5b-4250-af22-17a0252fe45f-groupManagement] INFO  storage.RaftStorageDirectory (RaftStorageDirectoryImpl.java:tryLock(231)) - Lock on /home/runner/work/ozone/ozone/hadoop-ozone/integration-test/target/test-dir/MiniOzoneClusterImpl-14387da3-0fdf-4878-9e7f-f07e3baca9b9/datanode-2/data/ratis/f54df219-ce5b-4ae3-a86c-bf066060ff0b/in_use.lock acquired by nodename 89029@fv-az800-703
2023-05-30 05:50:54,923 [55da83fd-970f-4c5a-b7d8-35d4afa09e55-groupManagement] INFO  util.JmxRegister (JmxRegister.java:tryRegister(44)) - Successfully registered JMX Bean with object name Ratis:service=RaftServer,group=group-BF066060FF0B,id=55da83fd-970f-4c5a-b7d8-35d4afa09e55
2023-05-30 05:50:54,925 [55da83fd-970f-4c5a-b7d8-35d4afa09e55-groupManagement] INFO  server.RaftServerConfigKeys (ConfUtils.java:logGet(46)) - raft.server.snapshot.auto.trigger.enabled = true (custom)
2023-05-30 05:50:54,925 [55da83fd-970f-4c5a-b7d8-35d4afa09e55-groupManagement] INFO  server.RaftServerConfigKeys (ConfUtils.java:logGet(46)) - raft.server.snapshot.auto.trigger.threshold = 10000 (custom)
2023-05-30 05:50:54,925 [55da83fd-970f-4c5a-b7d8-35d4afa09e55-groupManagement] INFO  server.RaftServerConfigKeys (ConfUtils.java:logGet(46)) - raft.server.snapshot.retention.file.num = 5 (custom)
2023-05-30 05:50:54,925 [55da83fd-970f-4c5a-b7d8-35d4afa09e55-groupManagement] INFO  server.RaftServerConfigKeys (ConfUtils.java:logGet(46)) - raft.server.log.purge.upto.snapshot.index = false (default)
2023-05-30 05:50:54,927 [2201e636-6a5b-4250-af22-17a0252fe45f-groupManagement] INFO  storage.RaftStorage (RaftStorageImpl.java:format(96)) - Storage directory /home/runner/work/ozone/ozone/hadoop-ozone/integration-test/target/test-dir/MiniOzoneClusterImpl-14387da3-0fdf-4878-9e7f-f07e3baca9b9/datanode-2/data/ratis/f54df219-ce5b-4ae3-a86c-bf066060ff0b has been successfully formatted.
2023-05-30 05:50:54,927 [55da83fd-970f-4c5a-b7d8-35d4afa09e55@group-BF066060FF0B-FollowerState] INFO  server.RaftServerConfigKeys (ConfUtils.java:logFallback(53)) - raft.server.rpc.first-election.timeout.min = 5s (fallback to raft.server.rpc.timeout.min)
2023-05-30 05:50:54,927 [55da83fd-970f-4c5a-b7d8-35d4afa09e55@group-BF066060FF0B-FollowerState] INFO  server.RaftServerConfigKeys (ConfUtils.java:logFallback(53)) - raft.server.rpc.first-election.timeout.max = 5200ms (fallback to raft.server.rpc.timeout.max)
2023-05-30 05:50:54,928 [2201e636-6a5b-4250-af22-17a0252fe45f-groupManagement] INFO  ratis.ContainerStateMachine (ContainerStateMachine.java:loadSnapshot(262)) - group-BF066060FF0B: The snapshot info is null. Setting the last applied indexto:(t:0, i:~)
2023-05-30 05:50:54,930 [2201e636-6a5b-4250-af22-17a0252fe45f-groupManagement] INFO  server.RaftServerConfigKeys (ConfUtils.java:logGet(46)) - raft.server.log.use.memory = false (default)
2023-05-30 05:50:54,931 [2201e636-6a5b-4250-af22-17a0252fe45f-groupManagement] INFO  server.RaftServerConfigKeys (ConfUtils.java:logGet(46)) - raft.server.log.purge.gap = 1000000 (custom)
2023-05-30 05:50:54,931 [2201e636-6a5b-4250-af22-17a0252fe45f-groupManagement] INFO  server.RaftServerConfigKeys (ConfUtils.java:logGet(46)) - raft.server.log.appender.buffer.byte-limit = 33554432 (custom)
2023-05-30 05:50:54,931 [2201e636-6a5b-4250-af22-17a0252fe45f-groupManagement] INFO  server.RaftServerConfigKeys (ConfUtils.java:logGet(46)) - raft.server.log.statemachine.data.read.timeout = 1000ms (default)
2023-05-30 05:50:54,931 [2201e636-6a5b-4250-af22-17a0252fe45f-groupManagement] INFO  server.RaftServerConfigKeys (ConfUtils.java:logGet(46)) - raft.server.log.purge.preservation.log.num = 0 (default)
2023-05-30 05:50:54,931 [2201e636-6a5b-4250-af22-17a0252fe45f-groupManagement] INFO  server.RaftServerConfigKeys (ConfUtils.java:logGet(46)) - raft.server.log.segment.size.max = 1048576 (custom)
2023-05-30 05:50:54,931 [2201e636-6a5b-4250-af22-17a0252fe45f-groupManagement] INFO  server.RaftServerConfigKeys (ConfUtils.java:logGet(46)) - raft.server.log.segment.cache.num.max = 2 (custom)
2023-05-30 05:50:54,931 [2201e636-6a5b-4250-af22-17a0252fe45f-groupManagement] INFO  server.RaftServerConfigKeys (ConfUtils.java:logGet(46)) - raft.server.log.segment.cache.size.max = 200MB (=209715200) (default)
2023-05-30 05:50:54,932 [2201e636-6a5b-4250-af22-17a0252fe45f-groupManagement] INFO  server.RaftServerConfigKeys (ConfUtils.java:logGet(46)) - raft.server.log.appender.buffer.byte-limit = 33554432 (custom)
2023-05-30 05:50:54,932 [2201e636-6a5b-4250-af22-17a0252fe45f-groupManagement] INFO  segmented.SegmentedRaftLogWorker (SegmentedRaftLogWorker.java:<init>(188)) - new 2201e636-6a5b-4250-af22-17a0252fe45f@group-BF066060FF0B-SegmentedRaftLogWorker for RaftStorageImpl:Storage Directory /home/runner/work/ozone/ozone/hadoop-ozone/integration-test/target/test-dir/MiniOzoneClusterImpl-14387da3-0fdf-4878-9e7f-f07e3baca9b9/datanode-2/data/ratis/f54df219-ce5b-4ae3-a86c-bf066060ff0b
2023-05-30 05:50:54,932 [2201e636-6a5b-4250-af22-17a0252fe45f-groupManagement] INFO  server.RaftServerConfigKeys (ConfUtils.java:logGet(46)) - raft.server.log.queue.byte-limit = 4294967296 (custom)
2023-05-30 05:50:54,932 [2201e636-6a5b-4250-af22-17a0252fe45f-groupManagement] INFO  server.RaftServerConfigKeys (ConfUtils.java:logGet(46)) - raft.server.log.queue.element-limit = 1024 (custom)
2023-05-30 05:50:54,932 [2201e636-6a5b-4250-af22-17a0252fe45f-groupManagement] INFO  server.RaftServerConfigKeys (ConfUtils.java:logGet(46)) - raft.server.log.segment.size.max = 1048576 (custom)
2023-05-30 05:50:54,932 [2201e636-6a5b-4250-af22-17a0252fe45f-groupManagement] INFO  server.RaftServerConfigKeys (ConfUtils.java:logGet(46)) - raft.server.log.preallocated.size = 16384 (custom)
2023-05-30 05:50:54,932 [2201e636-6a5b-4250-af22-17a0252fe45f-groupManagement] INFO  server.RaftServerConfigKeys (ConfUtils.java:logGet(46)) - raft.server.log.force.sync.num = 128 (default)
2023-05-30 05:50:54,932 [2201e636-6a5b-4250-af22-17a0252fe45f-groupManagement] INFO  server.RaftServerConfigKeys (ConfUtils.java:logGet(46)) - raft.server.log.statemachine.data.sync = true (default)
2023-05-30 05:50:54,932 [2201e636-6a5b-4250-af22-17a0252fe45f-groupManagement] INFO  server.RaftServerConfigKeys (ConfUtils.java:logGet(46)) - raft.server.log.statemachine.data.sync.timeout = 10s (default)
2023-05-30 05:50:54,932 [2201e636-6a5b-4250-af22-17a0252fe45f-groupManagement] INFO  server.RaftServerConfigKeys (ConfUtils.java:logGet(46)) - raft.server.log.statemachine.data.sync.timeout.retry = -1 (default)
2023-05-30 05:50:54,933 [2201e636-6a5b-4250-af22-17a0252fe45f-groupManagement] INFO  server.RaftServerConfigKeys (ConfUtils.java:logGet(46)) - raft.server.log.write.buffer.size = 1048576 (custom)
2023-05-30 05:50:54,933 [2201e636-6a5b-4250-af22-17a0252fe45f-groupManagement] INFO  server.RaftServerConfigKeys (ConfUtils.java:logGet(46)) - raft.server.log.appender.buffer.byte-limit = 33554432 (custom)
2023-05-30 05:50:54,940 [2201e636-6a5b-4250-af22-17a0252fe45f-groupManagement] INFO  server.RaftServerConfigKeys (ConfUtils.java:logGet(46)) - raft.server.log.unsafe-flush.enabled = false (default)
2023-05-30 05:50:54,940 [2201e636-6a5b-4250-af22-17a0252fe45f-groupManagement] INFO  server.RaftServerConfigKeys (ConfUtils.java:logGet(46)) - raft.server.log.async-flush.enabled = false (default)
2023-05-30 05:50:54,940 [2201e636-6a5b-4250-af22-17a0252fe45f-groupManagement] INFO  server.RaftServerConfigKeys (ConfUtils.java:logGet(46)) - raft.server.log.statemachine.data.caching.enabled = true (custom)
2023-05-30 05:50:54,941 [2201e636-6a5b-4250-af22-17a0252fe45f-groupManagement] INFO  segmented.SegmentedRaftLogWorker (SegmentedRaftLogWorker.java:lambda$new$0(135)) - 2201e636-6a5b-4250-af22-17a0252fe45f@group-BF066060FF0B-SegmentedRaftLogWorker: flushIndex: setUnconditionally 0 -> -1
2023-05-30 05:50:54,941 [2201e636-6a5b-4250-af22-17a0252fe45f-groupManagement] INFO  segmented.SegmentedRaftLogWorker (SegmentedRaftLogWorker.java:lambda$new$0(135)) - 2201e636-6a5b-4250-af22-17a0252fe45f@group-BF066060FF0B-SegmentedRaftLogWorker: safeCacheEvictIndex: setUnconditionally 0 -> -1
2023-05-30 05:50:54,941 [EventQueue-OpenPipelineForHealthyPipelineSafeModeRule] INFO  safemode.SCMSafeModeManager (HealthyPipelineSafeModeRule.java:process(137)) - SCM in safe mode. Healthy pipelines reported count is 0, required healthy pipeline reported count is 1
2023-05-30 05:50:54,942 [2201e636-6a5b-4250-af22-17a0252fe45f-groupManagement] INFO  server.RaftServer$Division (RaftServerImpl.java:start(342)) - 2201e636-6a5b-4250-af22-17a0252fe45f@group-BF066060FF0B: start as a follower, conf=-1: peers:[2201e636-6a5b-4250-af22-17a0252fe45f|rpc:10.1.0.18:15032|admin:10.1.0.18:15031|client:10.1.0.18:15030|dataStream:10.1.0.18:15033|priority:0|startupRole:FOLLOWER, 0ed3f2b4-6603-4cfa-a0d8-6595115ff82f|rpc:10.1.0.18:15023|admin:10.1.0.18:15022|client:10.1.0.18:15021|dataStream:10.1.0.18:15024|priority:0|startupRole:FOLLOWER, 55da83fd-970f-4c5a-b7d8-35d4afa09e55|rpc:10.1.0.18:15014|admin:10.1.0.18:15013|client:10.1.0.18:15012|dataStream:10.1.0.18:15015|priority:1|startupRole:FOLLOWER]|listeners:[], old=null
2023-05-30 05:50:54,942 [2201e636-6a5b-4250-af22-17a0252fe45f-groupManagement] INFO  server.RaftServer$Division (RaftServerImpl.java:setRole(329)) - 2201e636-6a5b-4250-af22-17a0252fe45f@group-BF066060FF0B: changes role from      null to FOLLOWER at term 0 for startAsFollower
2023-05-30 05:50:54,942 [2201e636-6a5b-4250-af22-17a0252fe45f-groupManagement] INFO  impl.RoleInfo (RoleInfo.java:updateAndGet(139)) - 2201e636-6a5b-4250-af22-17a0252fe45f: start 2201e636-6a5b-4250-af22-17a0252fe45f@group-BF066060FF0B-FollowerState
2023-05-30 05:50:54,943 [2201e636-6a5b-4250-af22-17a0252fe45f@group-BF066060FF0B-FollowerState] INFO  server.RaftServerConfigKeys (ConfUtils.java:logFallback(53)) - raft.server.rpc.first-election.timeout.min = 5s (fallback to raft.server.rpc.timeout.min)
2023-05-30 05:50:54,943 [2201e636-6a5b-4250-af22-17a0252fe45f-groupManagement] INFO  util.JmxRegister (JmxRegister.java:tryRegister(44)) - Successfully registered JMX Bean with object name Ratis:service=RaftServer,group=group-BF066060FF0B,id=2201e636-6a5b-4250-af22-17a0252fe45f
2023-05-30 05:50:54,950 [2201e636-6a5b-4250-af22-17a0252fe45f-groupManagement] INFO  server.RaftServerConfigKeys (ConfUtils.java:logGet(46)) - raft.server.snapshot.auto.trigger.enabled = true (custom)
2023-05-30 05:50:54,950 [2201e636-6a5b-4250-af22-17a0252fe45f-groupManagement] INFO  server.RaftServerConfigKeys (ConfUtils.java:logGet(46)) - raft.server.snapshot.auto.trigger.threshold = 10000 (custom)
2023-05-30 05:50:54,950 [2201e636-6a5b-4250-af22-17a0252fe45f-groupManagement] INFO  server.RaftServerConfigKeys (ConfUtils.java:logGet(46)) - raft.server.snapshot.retention.file.num = 5 (custom)
2023-05-30 05:50:54,950 [2201e636-6a5b-4250-af22-17a0252fe45f-groupManagement] INFO  server.RaftServerConfigKeys (ConfUtils.java:logGet(46)) - raft.server.log.purge.upto.snapshot.index = false (default)
2023-05-30 05:50:54,951 [2201e636-6a5b-4250-af22-17a0252fe45f@group-BF066060FF0B-FollowerState] INFO  server.RaftServerConfigKeys (ConfUtils.java:logFallback(53)) - raft.server.rpc.first-election.timeout.max = 5200ms (fallback to raft.server.rpc.timeout.max)
2023-05-30 05:50:54,952 [PipelineCommandHandlerThread-0] INFO  ratis.XceiverServerRatis (XceiverServerRatis.java:addGroup(804)) - Created group PipelineID=f54df219-ce5b-4ae3-a86c-bf066060ff0b
2023-05-30 05:50:55,026 [PipelineCommandHandlerThread-0] INFO  commandhandler.CreatePipelineCommandHandler (CreatePipelineCommandHandler.java:lambda$handle$2(124)) - Created Pipeline RATIS THREE PipelineID=f54df219-ce5b-4ae3-a86c-bf066060ff0b.
2023-05-30 05:50:55,039 [PipelineCommandHandlerThread-0] INFO  commandhandler.CreatePipelineCommandHandler (CreatePipelineCommandHandler.java:lambda$handle$2(124)) - Created Pipeline RATIS THREE PipelineID=f54df219-ce5b-4ae3-a86c-bf066060ff0b.
2023-05-30 05:50:55,180 [PipelineCommandHandlerThread-0] INFO  server.RaftServer (RaftServerProxy.java:addNew(98)) - c4b4ccd8-28b3-4cad-86d3-5fd988306184: addNew group-D61A5CCA2DC6:[c4b4ccd8-28b3-4cad-86d3-5fd988306184|rpc:10.1.0.18:15041|admin:10.1.0.18:15040|client:10.1.0.18:15039|dataStream:10.1.0.18:15042|priority:1|startupRole:FOLLOWER] returns group-D61A5CCA2DC6:java.util.concurrent.CompletableFuture@251c8070[Not completed]
2023-05-30 05:50:55,181 [c4b4ccd8-28b3-4cad-86d3-5fd988306184-groupManagement] INFO  server.RaftServer$Division (RaftServerImpl.java:<init>(198)) - c4b4ccd8-28b3-4cad-86d3-5fd988306184: new RaftServerImpl for group-D61A5CCA2DC6:[c4b4ccd8-28b3-4cad-86d3-5fd988306184|rpc:10.1.0.18:15041|admin:10.1.0.18:15040|client:10.1.0.18:15039|dataStream:10.1.0.18:15042|priority:1|startupRole:FOLLOWER] with ContainerStateMachine:uninitialized
2023-05-30 05:50:55,181 [c4b4ccd8-28b3-4cad-86d3-5fd988306184-groupManagement] INFO  server.RaftServerConfigKeys (ConfUtils.java:logGet(46)) - raft.server.rpc.timeout.min = 5s (custom)
2023-05-30 05:50:55,182 [c4b4ccd8-28b3-4cad-86d3-5fd988306184-groupManagement] INFO  server.RaftServerConfigKeys (ConfUtils.java:logGet(46)) - raft.server.rpc.timeout.max = 5200ms (custom)
2023-05-30 05:50:55,182 [c4b4ccd8-28b3-4cad-86d3-5fd988306184-groupManagement] INFO  server.RaftServerConfigKeys (ConfUtils.java:logGet(46)) - raft.server.rpc.sleep.time = 25ms (default)
2023-05-30 05:50:55,182 [c4b4ccd8-28b3-4cad-86d3-5fd988306184-groupManagement] INFO  server.RaftServerConfigKeys (ConfUtils.java:logGet(46)) - raft.server.rpc.slowness.timeout = 300000ms (custom)
2023-05-30 05:50:55,182 [c4b4ccd8-28b3-4cad-86d3-5fd988306184-groupManagement] INFO  server.RaftServerConfigKeys (ConfUtils.java:logGet(46)) - raft.server.leaderelection.leader.step-down.wait-time = 10s (default)
2023-05-30 05:50:55,182 [c4b4ccd8-28b3-4cad-86d3-5fd988306184-groupManagement] INFO  server.RaftServerConfigKeys (ConfUtils.java:logGet(46)) - raft.server.sleep.deviation.threshold = 300ms (default)
2023-05-30 05:50:55,182 [c4b4ccd8-28b3-4cad-86d3-5fd988306184-groupManagement] INFO  server.RaftServer$Division (ServerState.java:<init>(120)) - c4b4ccd8-28b3-4cad-86d3-5fd988306184@group-D61A5CCA2DC6: ConfigurationManager, init=-1: peers:[c4b4ccd8-28b3-4cad-86d3-5fd988306184|rpc:10.1.0.18:15041|admin:10.1.0.18:15040|client:10.1.0.18:15039|dataStream:10.1.0.18:15042|priority:1|startupRole:FOLLOWER]|listeners:[], old=null, confs=<EMPTY_MAP>
2023-05-30 05:50:55,182 [c4b4ccd8-28b3-4cad-86d3-5fd988306184-groupManagement] INFO  server.RaftServerConfigKeys (ConfUtils.java:logGet(46)) - raft.server.storage.dir = [/home/runner/work/ozone/ozone/hadoop-ozone/integration-test/target/test-dir/MiniOzoneClusterImpl-14387da3-0fdf-4878-9e7f-f07e3baca9b9/datanode-3/data/ratis] (custom)
2023-05-30 05:50:55,183 [c4b4ccd8-28b3-4cad-86d3-5fd988306184-groupManagement] INFO  server.RaftServerConfigKeys (ConfUtils.java:logGet(46)) - raft.server.log.corruption.policy = EXCEPTION (default)
2023-05-30 05:50:55,183 [c4b4ccd8-28b3-4cad-86d3-5fd988306184-groupManagement] INFO  server.RaftServerConfigKeys (ConfUtils.java:logGet(46)) - raft.server.storage.free-space.min = 0MB (=0) (default)
2023-05-30 05:50:55,183 [c4b4ccd8-28b3-4cad-86d3-5fd988306184-groupManagement] INFO  server.RaftServerConfigKeys (ConfUtils.java:logGet(46)) - raft.server.notification.no-leader.timeout = 300000ms (custom)
2023-05-30 05:50:55,183 [c4b4ccd8-28b3-4cad-86d3-5fd988306184-groupManagement] INFO  server.RaftServerConfigKeys (ConfUtils.java:logGet(46)) - raft.server.read.timeout = 10s (default)
2023-05-30 05:50:55,183 [c4b4ccd8-28b3-4cad-86d3-5fd988306184-groupManagement] INFO  server.RaftServerConfigKeys (ConfUtils.java:logGet(46)) - raft.server.retrycache.expirytime = 600000ms (custom)
2023-05-30 05:50:55,183 [c4b4ccd8-28b3-4cad-86d3-5fd988306184-groupManagement] INFO  server.RaftServerConfigKeys (ConfUtils.java:logGet(46)) - raft.server.retrycache.statistics.expirytime = 100μs (default)
2023-05-30 05:50:55,183 [c4b4ccd8-28b3-4cad-86d3-5fd988306184-groupManagement] INFO  server.RaftServerConfigKeys (ConfUtils.java:logGet(46)) - raft.server.read.option = DEFAULT (default)
2023-05-30 05:50:55,185 [c4b4ccd8-28b3-4cad-86d3-5fd988306184-groupManagement] INFO  server.RaftServerConfigKeys (ConfUtils.java:logGet(46)) - raft.server.rpc.request.timeout = 3000ms (default)
2023-05-30 05:50:55,185 [c4b4ccd8-28b3-4cad-86d3-5fd988306184-groupManagement] INFO  server.RaftServerConfigKeys (ConfUtils.java:logGet(46)) - raft.server.log.appender.install.snapshot.enabled = false (custom)
2023-05-30 05:50:55,185 [c4b4ccd8-28b3-4cad-86d3-5fd988306184-groupManagement] INFO  server.RaftServerConfigKeys (ConfUtils.java:logGet(46)) - raft.server.threadpool.server.cached = true (default)
2023-05-30 05:50:55,185 [c4b4ccd8-28b3-4cad-86d3-5fd988306184-groupManagement] INFO  server.RaftServerConfigKeys (ConfUtils.java:logGet(46)) - raft.server.threadpool.server.size = 0 (default)
2023-05-30 05:50:55,185 [c4b4ccd8-28b3-4cad-86d3-5fd988306184-groupManagement] INFO  server.RaftServerConfigKeys (ConfUtils.java:logGet(46)) - raft.server.threadpool.client.cached = true (default)
2023-05-30 05:50:55,185 [c4b4ccd8-28b3-4cad-86d3-5fd988306184-groupManagement] INFO  server.RaftServerConfigKeys (ConfUtils.java:logGet(46)) - raft.server.threadpool.client.size = 0 (default)
2023-05-30 05:50:55,186 [c4b4ccd8-28b3-4cad-86d3-5fd988306184-groupManagement] INFO  storage.RaftStorageDirectory (RaftStorageDirectoryImpl.java:analyzeStorage(137)) - The storage directory /home/runner/work/ozone/ozone/hadoop-ozone/integration-test/target/test-dir/MiniOzoneClusterImpl-14387da3-0fdf-4878-9e7f-f07e3baca9b9/datanode-3/data/ratis/05e2dde0-5390-43bd-9288-d61a5cca2dc6 does not exist. Creating ...
2023-05-30 05:50:55,187 [c4b4ccd8-28b3-4cad-86d3-5fd988306184-groupManagement] INFO  storage.RaftStorageDirectory (RaftStorageDirectoryImpl.java:tryLock(231)) - Lock on /home/runner/work/ozone/ozone/hadoop-ozone/integration-test/target/test-dir/MiniOzoneClusterImpl-14387da3-0fdf-4878-9e7f-f07e3baca9b9/datanode-3/data/ratis/05e2dde0-5390-43bd-9288-d61a5cca2dc6/in_use.lock acquired by nodename 89029@fv-az800-703
2023-05-30 05:50:55,189 [c4b4ccd8-28b3-4cad-86d3-5fd988306184-groupManagement] INFO  storage.RaftStorage (RaftStorageImpl.java:format(96)) - Storage directory /home/runner/work/ozone/ozone/hadoop-ozone/integration-test/target/test-dir/MiniOzoneClusterImpl-14387da3-0fdf-4878-9e7f-f07e3baca9b9/datanode-3/data/ratis/05e2dde0-5390-43bd-9288-d61a5cca2dc6 has been successfully formatted.
2023-05-30 05:50:55,192 [c4b4ccd8-28b3-4cad-86d3-5fd988306184-groupManagement] INFO  ratis.ContainerStateMachine (ContainerStateMachine.java:loadSnapshot(262)) - group-D61A5CCA2DC6: The snapshot info is null. Setting the last applied indexto:(t:0, i:~)
2023-05-30 05:50:55,192 [c4b4ccd8-28b3-4cad-86d3-5fd988306184-groupManagement] INFO  server.RaftServerConfigKeys (ConfUtils.java:logGet(46)) - raft.server.log.use.memory = false (default)
2023-05-30 05:50:55,193 [c4b4ccd8-28b3-4cad-86d3-5fd988306184-groupManagement] INFO  server.RaftServerConfigKeys (ConfUtils.java:logGet(46)) - raft.server.log.purge.gap = 1000000 (custom)
2023-05-30 05:50:55,193 [c4b4ccd8-28b3-4cad-86d3-5fd988306184-groupManagement] INFO  server.RaftServerConfigKeys (ConfUtils.java:logGet(46)) - raft.server.log.appender.buffer.byte-limit = 33554432 (custom)
2023-05-30 05:50:55,193 [c4b4ccd8-28b3-4cad-86d3-5fd988306184-groupManagement] INFO  server.RaftServerConfigKeys (ConfUtils.java:logGet(46)) - raft.server.log.statemachine.data.read.timeout = 1000ms (default)
2023-05-30 05:50:55,193 [c4b4ccd8-28b3-4cad-86d3-5fd988306184-groupManagement] INFO  server.RaftServerConfigKeys (ConfUtils.java:logGet(46)) - raft.server.log.purge.preservation.log.num = 0 (default)
2023-05-30 05:50:55,193 [c4b4ccd8-28b3-4cad-86d3-5fd988306184-groupManagement] INFO  server.RaftServerConfigKeys (ConfUtils.java:logGet(46)) - raft.server.log.segment.size.max = 1048576 (custom)
2023-05-30 05:50:55,195 [EventQueue-PipelineReportForPipelineReportHandler] INFO  pipeline.PipelineManagerImpl (PipelineManagerImpl.java:openPipeline(367)) - Pipeline Pipeline[ Id: 05e2dde0-5390-43bd-9288-d61a5cca2dc6, Nodes: c4b4ccd8-28b3-4cad-86d3-5fd988306184(fv-az800-703/10.1.0.18), ReplicationConfig: RATIS/ONE, State:ALLOCATED, leaderId:c4b4ccd8-28b3-4cad-86d3-5fd988306184, CreationTimestamp2023-05-30T05:50:52.176Z[Etc/UTC]] moved to OPEN state
2023-05-30 05:50:55,198 [EventQueue-OpenPipelineForHealthyPipelineSafeModeRule] INFO  safemode.SCMSafeModeManager (HealthyPipelineSafeModeRule.java:process(137)) - SCM in safe mode. Healthy pipelines reported count is 0, required healthy pipeline reported count is 1
2023-05-30 05:50:55,198 [c4b4ccd8-28b3-4cad-86d3-5fd988306184-groupManagement] INFO  server.RaftServerConfigKeys (ConfUtils.java:logGet(46)) - raft.server.log.segment.cache.num.max = 2 (custom)
2023-05-30 05:50:55,198 [c4b4ccd8-28b3-4cad-86d3-5fd988306184-groupManagement] INFO  server.RaftServerConfigKeys (ConfUtils.java:logGet(46)) - raft.server.log.segment.cache.size.max = 200MB (=209715200) (default)
2023-05-30 05:50:55,198 [c4b4ccd8-28b3-4cad-86d3-5fd988306184-groupManagement] INFO  server.RaftServerConfigKeys (ConfUtils.java:logGet(46)) - raft.server.log.appender.buffer.byte-limit = 33554432 (custom)
2023-05-30 05:50:55,198 [c4b4ccd8-28b3-4cad-86d3-5fd988306184-groupManagement] INFO  segmented.SegmentedRaftLogWorker (SegmentedRaftLogWorker.java:<init>(188)) - new c4b4ccd8-28b3-4cad-86d3-5fd988306184@group-D61A5CCA2DC6-SegmentedRaftLogWorker for RaftStorageImpl:Storage Directory /home/runner/work/ozone/ozone/hadoop-ozone/integration-test/target/test-dir/MiniOzoneClusterImpl-14387da3-0fdf-4878-9e7f-f07e3baca9b9/datanode-3/data/ratis/05e2dde0-5390-43bd-9288-d61a5cca2dc6
2023-05-30 05:50:55,199 [c4b4ccd8-28b3-4cad-86d3-5fd988306184-groupManagement] INFO  server.RaftServerConfigKeys (ConfUtils.java:logGet(46)) - raft.server.log.queue.byte-limit = 4294967296 (custom)
2023-05-30 05:50:55,199 [c4b4ccd8-28b3-4cad-86d3-5fd988306184-groupManagement] INFO  server.RaftServerConfigKeys (ConfUtils.java:logGet(46)) - raft.server.log.queue.element-limit = 1024 (custom)
2023-05-30 05:50:55,199 [c4b4ccd8-28b3-4cad-86d3-5fd988306184-groupManagement] INFO  server.RaftServerConfigKeys (ConfUtils.java:logGet(46)) - raft.server.log.segment.size.max = 1048576 (custom)
2023-05-30 05:50:55,199 [c4b4ccd8-28b3-4cad-86d3-5fd988306184-groupManagement] INFO  server.RaftServerConfigKeys (ConfUtils.java:logGet(46)) - raft.server.log.preallocated.size = 16384 (custom)
2023-05-30 05:50:55,199 [c4b4ccd8-28b3-4cad-86d3-5fd988306184-groupManagement] INFO  server.RaftServerConfigKeys (ConfUtils.java:logGet(46)) - raft.server.log.force.sync.num = 128 (default)
2023-05-30 05:50:55,199 [c4b4ccd8-28b3-4cad-86d3-5fd988306184-groupManagement] INFO  server.RaftServerConfigKeys (ConfUtils.java:logGet(46)) - raft.server.log.statemachine.data.sync = true (default)
2023-05-30 05:50:55,199 [c4b4ccd8-28b3-4cad-86d3-5fd988306184-groupManagement] INFO  server.RaftServerConfigKeys (ConfUtils.java:logGet(46)) - raft.server.log.statemachine.data.sync.timeout = 10s (default)
2023-05-30 05:50:55,199 [c4b4ccd8-28b3-4cad-86d3-5fd988306184-groupManagement] INFO  server.RaftServerConfigKeys (ConfUtils.java:logGet(46)) - raft.server.log.statemachine.data.sync.timeout.retry = -1 (default)
2023-05-30 05:50:55,202 [c4b4ccd8-28b3-4cad-86d3-5fd988306184-groupManagement] INFO  server.RaftServerConfigKeys (ConfUtils.java:logGet(46)) - raft.server.log.write.buffer.size = 1048576 (custom)
2023-05-30 05:50:55,202 [c4b4ccd8-28b3-4cad-86d3-5fd988306184-groupManagement] INFO  server.RaftServerConfigKeys (ConfUtils.java:logGet(46)) - raft.server.log.appender.buffer.byte-limit = 33554432 (custom)
2023-05-30 05:50:55,208 [c4b4ccd8-28b3-4cad-86d3-5fd988306184-groupManagement] INFO  server.RaftServerConfigKeys (ConfUtils.java:logGet(46)) - raft.server.log.unsafe-flush.enabled = false (default)
2023-05-30 05:50:55,208 [c4b4ccd8-28b3-4cad-86d3-5fd988306184-groupManagement] INFO  server.RaftServerConfigKeys (ConfUtils.java:logGet(46)) - raft.server.log.async-flush.enabled = false (default)
2023-05-30 05:50:55,208 [c4b4ccd8-28b3-4cad-86d3-5fd988306184-groupManagement] INFO  server.RaftServerConfigKeys (ConfUtils.java:logGet(46)) - raft.server.log.statemachine.data.caching.enabled = true (custom)
2023-05-30 05:50:55,208 [c4b4ccd8-28b3-4cad-86d3-5fd988306184-groupManagement] INFO  segmented.SegmentedRaftLogWorker (SegmentedRaftLogWorker.java:lambda$new$0(135)) - c4b4ccd8-28b3-4cad-86d3-5fd988306184@group-D61A5CCA2DC6-SegmentedRaftLogWorker: flushIndex: setUnconditionally 0 -> -1
2023-05-30 05:50:55,208 [c4b4ccd8-28b3-4cad-86d3-5fd988306184-groupManagement] INFO  segmented.SegmentedRaftLogWorker (SegmentedRaftLogWorker.java:lambda$new$0(135)) - c4b4ccd8-28b3-4cad-86d3-5fd988306184@group-D61A5CCA2DC6-SegmentedRaftLogWorker: safeCacheEvictIndex: setUnconditionally 0 -> -1
2023-05-30 05:50:55,211 [c4b4ccd8-28b3-4cad-86d3-5fd988306184-groupManagement] INFO  server.RaftServer$Division (RaftServerImpl.java:start(342)) - c4b4ccd8-28b3-4cad-86d3-5fd988306184@group-D61A5CCA2DC6: start as a follower, conf=-1: peers:[c4b4ccd8-28b3-4cad-86d3-5fd988306184|rpc:10.1.0.18:15041|admin:10.1.0.18:15040|client:10.1.0.18:15039|dataStream:10.1.0.18:15042|priority:1|startupRole:FOLLOWER]|listeners:[], old=null
2023-05-30 05:50:55,211 [c4b4ccd8-28b3-4cad-86d3-5fd988306184-groupManagement] INFO  server.RaftServer$Division (RaftServerImpl.java:setRole(329)) - c4b4ccd8-28b3-4cad-86d3-5fd988306184@group-D61A5CCA2DC6: changes role from      null to FOLLOWER at term 0 for startAsFollower
2023-05-30 05:50:55,211 [c4b4ccd8-28b3-4cad-86d3-5fd988306184-groupManagement] INFO  impl.RoleInfo (RoleInfo.java:updateAndGet(139)) - c4b4ccd8-28b3-4cad-86d3-5fd988306184: start c4b4ccd8-28b3-4cad-86d3-5fd988306184@group-D61A5CCA2DC6-FollowerState
2023-05-30 05:50:55,211 [c4b4ccd8-28b3-4cad-86d3-5fd988306184@group-D61A5CCA2DC6-FollowerState] INFO  server.RaftServerConfigKeys (ConfUtils.java:logFallback(53)) - raft.server.rpc.first-election.timeout.min = 5s (fallback to raft.server.rpc.timeout.min)
2023-05-30 05:50:55,211 [c4b4ccd8-28b3-4cad-86d3-5fd988306184-groupManagement] INFO  util.JmxRegister (JmxRegister.java:tryRegister(44)) - Successfully registered JMX Bean with object name Ratis:service=RaftServer,group=group-D61A5CCA2DC6,id=c4b4ccd8-28b3-4cad-86d3-5fd988306184
2023-05-30 05:50:55,211 [c4b4ccd8-28b3-4cad-86d3-5fd988306184@group-D61A5CCA2DC6-FollowerState] INFO  server.RaftServerConfigKeys (ConfUtils.java:logFallback(53)) - raft.server.rpc.first-election.timeout.max = 5200ms (fallback to raft.server.rpc.timeout.max)
2023-05-30 05:50:55,211 [c4b4ccd8-28b3-4cad-86d3-5fd988306184-groupManagement] INFO  server.RaftServerConfigKeys (ConfUtils.java:logGet(46)) - raft.server.snapshot.auto.trigger.enabled = true (custom)
2023-05-30 05:50:55,211 [c4b4ccd8-28b3-4cad-86d3-5fd988306184-groupManagement] INFO  server.RaftServerConfigKeys (ConfUtils.java:logGet(46)) - raft.server.snapshot.auto.trigger.threshold = 10000 (custom)
2023-05-30 05:50:55,211 [c4b4ccd8-28b3-4cad-86d3-5fd988306184-groupManagement] INFO  server.RaftServerConfigKeys (ConfUtils.java:logGet(46)) - raft.server.snapshot.retention.file.num = 5 (custom)
2023-05-30 05:50:55,212 [c4b4ccd8-28b3-4cad-86d3-5fd988306184-groupManagement] INFO  server.RaftServerConfigKeys (ConfUtils.java:logGet(46)) - raft.server.log.purge.upto.snapshot.index = false (default)
2023-05-30 05:50:55,215 [PipelineCommandHandlerThread-0] INFO  ratis.XceiverServerRatis (XceiverServerRatis.java:addGroup(804)) - Created group PipelineID=05e2dde0-5390-43bd-9288-d61a5cca2dc6
2023-05-30 05:50:55,215 [PipelineCommandHandlerThread-0] INFO  commandhandler.CreatePipelineCommandHandler (CreatePipelineCommandHandler.java:lambda$handle$2(124)) - Created Pipeline RATIS ONE PipelineID=05e2dde0-5390-43bd-9288-d61a5cca2dc6.
2023-05-30 05:50:55,562 [PipelineCommandHandlerThread-0] INFO  server.RaftServer (RaftServerProxy.java:addNew(98)) - 6c00d7ad-6a7a-4ce5-bceb-eb03aa305f01: addNew group-29C5A670DF56:[6c00d7ad-6a7a-4ce5-bceb-eb03aa305f01|rpc:10.1.0.18:15050|admin:10.1.0.18:15049|client:10.1.0.18:15048|dataStream:10.1.0.18:15051|priority:1|startupRole:FOLLOWER] returns group-29C5A670DF56:java.util.concurrent.CompletableFuture@7ac08748[Not completed]
2023-05-30 05:50:55,564 [6c00d7ad-6a7a-4ce5-bceb-eb03aa305f01-groupManagement] INFO  server.RaftServer$Division (RaftServerImpl.java:<init>(198)) - 6c00d7ad-6a7a-4ce5-bceb-eb03aa305f01: new RaftServerImpl for group-29C5A670DF56:[6c00d7ad-6a7a-4ce5-bceb-eb03aa305f01|rpc:10.1.0.18:15050|admin:10.1.0.18:15049|client:10.1.0.18:15048|dataStream:10.1.0.18:15051|priority:1|startupRole:FOLLOWER] with ContainerStateMachine:uninitialized
2023-05-30 05:50:55,564 [6c00d7ad-6a7a-4ce5-bceb-eb03aa305f01-groupManagement] INFO  server.RaftServerConfigKeys (ConfUtils.java:logGet(46)) - raft.server.rpc.timeout.min = 5s (custom)
2023-05-30 05:50:55,564 [6c00d7ad-6a7a-4ce5-bceb-eb03aa305f01-groupManagement] INFO  server.RaftServerConfigKeys (ConfUtils.java:logGet(46)) - raft.server.rpc.timeout.max = 5200ms (custom)
2023-05-30 05:50:55,565 [6c00d7ad-6a7a-4ce5-bceb-eb03aa305f01-groupManagement] INFO  server.RaftServerConfigKeys (ConfUtils.java:logGet(46)) - raft.server.rpc.sleep.time = 25ms (default)
2023-05-30 05:50:55,565 [6c00d7ad-6a7a-4ce5-bceb-eb03aa305f01-groupManagement] INFO  server.RaftServerConfigKeys (ConfUtils.java:logGet(46)) - raft.server.rpc.slowness.timeout = 300000ms (custom)
2023-05-30 05:50:55,565 [6c00d7ad-6a7a-4ce5-bceb-eb03aa305f01-groupManagement] INFO  server.RaftServerConfigKeys (ConfUtils.java:logGet(46)) - raft.server.leaderelection.leader.step-down.wait-time = 10s (default)
2023-05-30 05:50:55,565 [6c00d7ad-6a7a-4ce5-bceb-eb03aa305f01-groupManagement] INFO  server.RaftServerConfigKeys (ConfUtils.java:logGet(46)) - raft.server.sleep.deviation.threshold = 300ms (default)
2023-05-30 05:50:55,565 [6c00d7ad-6a7a-4ce5-bceb-eb03aa305f01-groupManagement] INFO  server.RaftServer$Division (ServerState.java:<init>(120)) - 6c00d7ad-6a7a-4ce5-bceb-eb03aa305f01@group-29C5A670DF56: ConfigurationManager, init=-1: peers:[6c00d7ad-6a7a-4ce5-bceb-eb03aa305f01|rpc:10.1.0.18:15050|admin:10.1.0.18:15049|client:10.1.0.18:15048|dataStream:10.1.0.18:15051|priority:1|startupRole:FOLLOWER]|listeners:[], old=null, confs=<EMPTY_MAP>
2023-05-30 05:50:55,565 [6c00d7ad-6a7a-4ce5-bceb-eb03aa305f01-groupManagement] INFO  server.RaftServerConfigKeys (ConfUtils.java:logGet(46)) - raft.server.storage.dir = [/home/runner/work/ozone/ozone/hadoop-ozone/integration-test/target/test-dir/MiniOzoneClusterImpl-14387da3-0fdf-4878-9e7f-f07e3baca9b9/datanode-4/data/ratis] (custom)
2023-05-30 05:50:55,565 [6c00d7ad-6a7a-4ce5-bceb-eb03aa305f01-groupManagement] INFO  server.RaftServerConfigKeys (ConfUtils.java:logGet(46)) - raft.server.log.corruption.policy = EXCEPTION (default)
2023-05-30 05:50:55,565 [6c00d7ad-6a7a-4ce5-bceb-eb03aa305f01-groupManagement] INFO  server.RaftServerConfigKeys (ConfUtils.java:logGet(46)) - raft.server.storage.free-space.min = 0MB (=0) (default)
2023-05-30 05:50:55,565 [6c00d7ad-6a7a-4ce5-bceb-eb03aa305f01-groupManagement] INFO  server.RaftServerConfigKeys (ConfUtils.java:logGet(46)) - raft.server.notification.no-leader.timeout = 300000ms (custom)
2023-05-30 05:50:55,565 [6c00d7ad-6a7a-4ce5-bceb-eb03aa305f01-groupManagement] INFO  server.RaftServerConfigKeys (ConfUtils.java:logGet(46)) - raft.server.read.timeout = 10s (default)
2023-05-30 05:50:55,565 [6c00d7ad-6a7a-4ce5-bceb-eb03aa305f01-groupManagement] INFO  server.RaftServerConfigKeys (ConfUtils.java:logGet(46)) - raft.server.retrycache.expirytime = 600000ms (custom)
2023-05-30 05:50:55,566 [6c00d7ad-6a7a-4ce5-bceb-eb03aa305f01-groupManagement] INFO  server.RaftServerConfigKeys (ConfUtils.java:logGet(46)) - raft.server.retrycache.statistics.expirytime = 100μs (default)
2023-05-30 05:50:55,566 [6c00d7ad-6a7a-4ce5-bceb-eb03aa305f01-groupManagement] INFO  server.RaftServerConfigKeys (ConfUtils.java:logGet(46)) - raft.server.read.option = DEFAULT (default)
2023-05-30 05:50:55,568 [6c00d7ad-6a7a-4ce5-bceb-eb03aa305f01-groupManagement] INFO  server.RaftServerConfigKeys (ConfUtils.java:logGet(46)) - raft.server.rpc.request.timeout = 3000ms (default)
2023-05-30 05:50:55,568 [6c00d7ad-6a7a-4ce5-bceb-eb03aa305f01-groupManagement] INFO  server.RaftServerConfigKeys (ConfUtils.java:logGet(46)) - raft.server.log.appender.install.snapshot.enabled = false (custom)
2023-05-30 05:50:55,568 [6c00d7ad-6a7a-4ce5-bceb-eb03aa305f01-groupManagement] INFO  server.RaftServerConfigKeys (ConfUtils.java:logGet(46)) - raft.server.threadpool.server.cached = true (default)
2023-05-30 05:50:55,568 [6c00d7ad-6a7a-4ce5-bceb-eb03aa305f01-groupManagement] INFO  server.RaftServerConfigKeys (ConfUtils.java:logGet(46)) - raft.server.threadpool.server.size = 0 (default)
2023-05-30 05:50:55,568 [6c00d7ad-6a7a-4ce5-bceb-eb03aa305f01-groupManagement] INFO  server.RaftServerConfigKeys (ConfUtils.java:logGet(46)) - raft.server.threadpool.client.cached = true (default)
2023-05-30 05:50:55,568 [6c00d7ad-6a7a-4ce5-bceb-eb03aa305f01-groupManagement] INFO  server.RaftServerConfigKeys (ConfUtils.java:logGet(46)) - raft.server.threadpool.client.size = 0 (default)
2023-05-30 05:50:55,568 [6c00d7ad-6a7a-4ce5-bceb-eb03aa305f01-groupManagement] INFO  storage.RaftStorageDirectory (RaftStorageDirectoryImpl.java:analyzeStorage(137)) - The storage directory /home/runner/work/ozone/ozone/hadoop-ozone/integration-test/target/test-dir/MiniOzoneClusterImpl-14387da3-0fdf-4878-9e7f-f07e3baca9b9/datanode-4/data/ratis/c2e89188-f17f-4b7d-9045-29c5a670df56 does not exist. Creating ...
2023-05-30 05:50:55,569 [6c00d7ad-6a7a-4ce5-bceb-eb03aa305f01-groupManagement] INFO  storage.RaftStorageDirectory (RaftStorageDirectoryImpl.java:tryLock(231)) - Lock on /home/runner/work/ozone/ozone/hadoop-ozone/integration-test/target/test-dir/MiniOzoneClusterImpl-14387da3-0fdf-4878-9e7f-f07e3baca9b9/datanode-4/data/ratis/c2e89188-f17f-4b7d-9045-29c5a670df56/in_use.lock acquired by nodename 89029@fv-az800-703
2023-05-30 05:50:55,575 [Listener at 0.0.0.0/15046] INFO  ozone.MiniOzoneClusterImpl (MiniOzoneClusterImpl.java:lambda$waitForClusterToBeReady$0(222)) - Nodes are ready. Got 5 of 5 DN Heartbeats.
2023-05-30 05:50:55,576 [Listener at 0.0.0.0/15046] INFO  ozone.MiniOzoneClusterImpl (MiniOzoneClusterImpl.java:lambda$waitForClusterToBeReady$0(225)) - Waiting for cluster to exit safe mode
2023-05-30 05:50:55,576 [Listener at 0.0.0.0/15046] INFO  ozone.MiniOzoneClusterImpl (MiniOzoneClusterImpl.java:lambda$waitForClusterToBeReady$0(227)) - SCM became leader
2023-05-30 05:50:55,576 [6c00d7ad-6a7a-4ce5-bceb-eb03aa305f01-groupManagement] INFO  storage.RaftStorage (RaftStorageImpl.java:format(96)) - Storage directory /home/runner/work/ozone/ozone/hadoop-ozone/integration-test/target/test-dir/MiniOzoneClusterImpl-14387da3-0fdf-4878-9e7f-f07e3baca9b9/datanode-4/data/ratis/c2e89188-f17f-4b7d-9045-29c5a670df56 has been successfully formatted.
2023-05-30 05:50:55,579 [6c00d7ad-6a7a-4ce5-bceb-eb03aa305f01-groupManagement] INFO  ratis.ContainerStateMachine (ContainerStateMachine.java:loadSnapshot(262)) - group-29C5A670DF56: The snapshot info is null. Setting the last applied indexto:(t:0, i:~)
2023-05-30 05:50:55,579 [6c00d7ad-6a7a-4ce5-bceb-eb03aa305f01-groupManagement] INFO  server.RaftServerConfigKeys (ConfUtils.java:logGet(46)) - raft.server.log.use.memory = false (default)
2023-05-30 05:50:55,579 [6c00d7ad-6a7a-4ce5-bceb-eb03aa305f01-groupManagement] INFO  server.RaftServerConfigKeys (ConfUtils.java:logGet(46)) - raft.server.log.purge.gap = 1000000 (custom)
2023-05-30 05:50:55,580 [6c00d7ad-6a7a-4ce5-bceb-eb03aa305f01-groupManagement] INFO  server.RaftServerConfigKeys (ConfUtils.java:logGet(46)) - raft.server.log.appender.buffer.byte-limit = 33554432 (custom)
2023-05-30 05:50:55,580 [6c00d7ad-6a7a-4ce5-bceb-eb03aa305f01-groupManagement] INFO  server.RaftServerConfigKeys (ConfUtils.java:logGet(46)) - raft.server.log.statemachine.data.read.timeout = 1000ms (default)
2023-05-30 05:50:55,581 [6c00d7ad-6a7a-4ce5-bceb-eb03aa305f01-groupManagement] INFO  server.RaftServerConfigKeys (ConfUtils.java:logGet(46)) - raft.server.log.purge.preservation.log.num = 0 (default)
2023-05-30 05:50:55,581 [6c00d7ad-6a7a-4ce5-bceb-eb03aa305f01-groupManagement] INFO  server.RaftServerConfigKeys (ConfUtils.java:logGet(46)) - raft.server.log.segment.size.max = 1048576 (custom)
2023-05-30 05:50:55,581 [6c00d7ad-6a7a-4ce5-bceb-eb03aa305f01-groupManagement] INFO  server.RaftServerConfigKeys (ConfUtils.java:logGet(46)) - raft.server.log.segment.cache.num.max = 2 (custom)
2023-05-30 05:50:55,581 [6c00d7ad-6a7a-4ce5-bceb-eb03aa305f01-groupManagement] INFO  server.RaftServerConfigKeys (ConfUtils.java:logGet(46)) - raft.server.log.segment.cache.size.max = 200MB (=209715200) (default)
2023-05-30 05:50:55,581 [6c00d7ad-6a7a-4ce5-bceb-eb03aa305f01-groupManagement] INFO  server.RaftServerConfigKeys (ConfUtils.java:logGet(46)) - raft.server.log.appender.buffer.byte-limit = 33554432 (custom)
2023-05-30 05:50:55,581 [6c00d7ad-6a7a-4ce5-bceb-eb03aa305f01-groupManagement] INFO  segmented.SegmentedRaftLogWorker (SegmentedRaftLogWorker.java:<init>(188)) - new 6c00d7ad-6a7a-4ce5-bceb-eb03aa305f01@group-29C5A670DF56-SegmentedRaftLogWorker for RaftStorageImpl:Storage Directory /home/runner/work/ozone/ozone/hadoop-ozone/integration-test/target/test-dir/MiniOzoneClusterImpl-14387da3-0fdf-4878-9e7f-f07e3baca9b9/datanode-4/data/ratis/c2e89188-f17f-4b7d-9045-29c5a670df56
2023-05-30 05:50:55,582 [6c00d7ad-6a7a-4ce5-bceb-eb03aa305f01-groupManagement] INFO  server.RaftServerConfigKeys (ConfUtils.java:logGet(46)) - raft.server.log.queue.byte-limit = 4294967296 (custom)
2023-05-30 05:50:55,582 [EventQueue-PipelineReportForPipelineReportHandler] INFO  pipeline.PipelineManagerImpl (PipelineManagerImpl.java:openPipeline(367)) - Pipeline Pipeline[ Id: c2e89188-f17f-4b7d-9045-29c5a670df56, Nodes: 6c00d7ad-6a7a-4ce5-bceb-eb03aa305f01(fv-az800-703/10.1.0.18), ReplicationConfig: RATIS/ONE, State:ALLOCATED, leaderId:6c00d7ad-6a7a-4ce5-bceb-eb03aa305f01, CreationTimestamp2023-05-30T05:50:52.560Z[Etc/UTC]] moved to OPEN state
2023-05-30 05:50:55,582 [6c00d7ad-6a7a-4ce5-bceb-eb03aa305f01-groupManagement] INFO  server.RaftServerConfigKeys (ConfUtils.java:logGet(46)) - raft.server.log.queue.element-limit = 1024 (custom)
2023-05-30 05:50:55,582 [6c00d7ad-6a7a-4ce5-bceb-eb03aa305f01-groupManagement] INFO  server.RaftServerConfigKeys (ConfUtils.java:logGet(46)) - raft.server.log.segment.size.max = 1048576 (custom)
2023-05-30 05:50:55,582 [6c00d7ad-6a7a-4ce5-bceb-eb03aa305f01-groupManagement] INFO  server.RaftServerConfigKeys (ConfUtils.java:logGet(46)) - raft.server.log.preallocated.size = 16384 (custom)
2023-05-30 05:50:55,582 [6c00d7ad-6a7a-4ce5-bceb-eb03aa305f01-groupManagement] INFO  server.RaftServerConfigKeys (ConfUtils.java:logGet(46)) - raft.server.log.force.sync.num = 128 (default)
2023-05-30 05:50:55,582 [6c00d7ad-6a7a-4ce5-bceb-eb03aa305f01-groupManagement] INFO  server.RaftServerConfigKeys (ConfUtils.java:logGet(46)) - raft.server.log.statemachine.data.sync = true (default)
2023-05-30 05:50:55,582 [6c00d7ad-6a7a-4ce5-bceb-eb03aa305f01-groupManagement] INFO  server.RaftServerConfigKeys (ConfUtils.java:logGet(46)) - raft.server.log.statemachine.data.sync.timeout = 10s (default)
2023-05-30 05:50:55,582 [6c00d7ad-6a7a-4ce5-bceb-eb03aa305f01-groupManagement] INFO  server.RaftServerConfigKeys (ConfUtils.java:logGet(46)) - raft.server.log.statemachine.data.sync.timeout.retry = -1 (default)
2023-05-30 05:50:55,583 [EventQueue-OpenPipelineForHealthyPipelineSafeModeRule] INFO  safemode.SCMSafeModeManager (HealthyPipelineSafeModeRule.java:process(137)) - SCM in safe mode. Healthy pipelines reported count is 0, required healthy pipeline reported count is 1
2023-05-30 05:50:55,583 [6c00d7ad-6a7a-4ce5-bceb-eb03aa305f01-groupManagement] INFO  server.RaftServerConfigKeys (ConfUtils.java:logGet(46)) - raft.server.log.write.buffer.size = 1048576 (custom)
2023-05-30 05:50:55,584 [6c00d7ad-6a7a-4ce5-bceb-eb03aa305f01-groupManagement] INFO  server.RaftServerConfigKeys (ConfUtils.java:logGet(46)) - raft.server.log.appender.buffer.byte-limit = 33554432 (custom)
2023-05-30 05:50:55,940 [JvmPauseMonitor3] WARN  util.JvmPauseMonitor (JvmPauseMonitor.java:detectPause(124)) - JvmPauseMonitor-2201e636-6a5b-4250-af22-17a0252fe45f: Detected pause in JVM or host machine approximately 0.143s with 0.352s GC time.
GC pool 'PS MarkSweep' had collection(s): count=1 time=271ms
GC pool 'PS Scavenge' had collection(s): count=1 time=81ms
2023-05-30 05:50:55,941 [JvmPauseMonitor4] WARN  util.JvmPauseMonitor (JvmPauseMonitor.java:detectPause(124)) - JvmPauseMonitor-c4b4ccd8-28b3-4cad-86d3-5fd988306184: Detected pause in JVM or host machine approximately 0.201s with 0.352s GC time.
GC pool 'PS MarkSweep' had collection(s): count=1 time=271ms
GC pool 'PS Scavenge' had collection(s): count=1 time=81ms
2023-05-30 05:50:55,941 [JvmPauseMonitor5] WARN  util.JvmPauseMonitor (JvmPauseMonitor.java:detectPause(124)) - JvmPauseMonitor-6c00d7ad-6a7a-4ce5-bceb-eb03aa305f01: Detected pause in JVM or host machine approximately 0.324s with 0.352s GC time.
GC pool 'PS MarkSweep' had collection(s): count=1 time=271ms
GC pool 'PS Scavenge' had collection(s): count=1 time=81ms
2023-05-30 05:50:55,948 [6c00d7ad-6a7a-4ce5-bceb-eb03aa305f01-groupManagement] INFO  server.RaftServerConfigKeys (ConfUtils.java:logGet(46)) - raft.server.log.unsafe-flush.enabled = false (default)
2023-05-30 05:50:55,948 [6c00d7ad-6a7a-4ce5-bceb-eb03aa305f01-groupManagement] INFO  server.RaftServerConfigKeys (ConfUtils.java:logGet(46)) - raft.server.log.async-flush.enabled = false (default)
2023-05-30 05:50:55,950 [6c00d7ad-6a7a-4ce5-bceb-eb03aa305f01-groupManagement] INFO  server.RaftServerConfigKeys (ConfUtils.java:logGet(46)) - raft.server.log.statemachine.data.caching.enabled = true (custom)
2023-05-30 05:50:55,950 [6c00d7ad-6a7a-4ce5-bceb-eb03aa305f01-groupManagement] INFO  segmented.SegmentedRaftLogWorker (SegmentedRaftLogWorker.java:lambda$new$0(135)) - 6c00d7ad-6a7a-4ce5-bceb-eb03aa305f01@group-29C5A670DF56-SegmentedRaftLogWorker: flushIndex: setUnconditionally 0 -> -1
2023-05-30 05:50:55,951 [6c00d7ad-6a7a-4ce5-bceb-eb03aa305f01-groupManagement] INFO  segmented.SegmentedRaftLogWorker (SegmentedRaftLogWorker.java:lambda$new$0(135)) - 6c00d7ad-6a7a-4ce5-bceb-eb03aa305f01@group-29C5A670DF56-SegmentedRaftLogWorker: safeCacheEvictIndex: setUnconditionally 0 -> -1
2023-05-30 05:50:55,951 [6c00d7ad-6a7a-4ce5-bceb-eb03aa305f01-groupManagement] INFO  server.RaftServer$Division (RaftServerImpl.java:start(342)) - 6c00d7ad-6a7a-4ce5-bceb-eb03aa305f01@group-29C5A670DF56: start as a follower, conf=-1: peers:[6c00d7ad-6a7a-4ce5-bceb-eb03aa305f01|rpc:10.1.0.18:15050|admin:10.1.0.18:15049|client:10.1.0.18:15048|dataStream:10.1.0.18:15051|priority:1|startupRole:FOLLOWER]|listeners:[], old=null
2023-05-30 05:50:55,951 [6c00d7ad-6a7a-4ce5-bceb-eb03aa305f01-groupManagement] INFO  server.RaftServer$Division (RaftServerImpl.java:setRole(329)) - 6c00d7ad-6a7a-4ce5-bceb-eb03aa305f01@group-29C5A670DF56: changes role from      null to FOLLOWER at term 0 for startAsFollower
2023-05-30 05:50:55,951 [6c00d7ad-6a7a-4ce5-bceb-eb03aa305f01-groupManagement] INFO  impl.RoleInfo (RoleInfo.java:updateAndGet(139)) - 6c00d7ad-6a7a-4ce5-bceb-eb03aa305f01: start 6c00d7ad-6a7a-4ce5-bceb-eb03aa305f01@group-29C5A670DF56-FollowerState
2023-05-30 05:50:55,951 [6c00d7ad-6a7a-4ce5-bceb-eb03aa305f01-groupManagement] INFO  util.JmxRegister (JmxRegister.java:tryRegister(44)) - Successfully registered JMX Bean with object name Ratis:service=RaftServer,group=group-29C5A670DF56,id=6c00d7ad-6a7a-4ce5-bceb-eb03aa305f01
2023-05-30 05:50:55,951 [6c00d7ad-6a7a-4ce5-bceb-eb03aa305f01-groupManagement] INFO  server.RaftServerConfigKeys (ConfUtils.java:logGet(46)) - raft.server.snapshot.auto.trigger.enabled = true (custom)
2023-05-30 05:50:55,951 [6c00d7ad-6a7a-4ce5-bceb-eb03aa305f01-groupManagement] INFO  server.RaftServerConfigKeys (ConfUtils.java:logGet(46)) - raft.server.snapshot.auto.trigger.threshold = 10000 (custom)
2023-05-30 05:50:55,951 [6c00d7ad-6a7a-4ce5-bceb-eb03aa305f01-groupManagement] INFO  server.RaftServerConfigKeys (ConfUtils.java:logGet(46)) - raft.server.snapshot.retention.file.num = 5 (custom)
2023-05-30 05:50:55,952 [6c00d7ad-6a7a-4ce5-bceb-eb03aa305f01-groupManagement] INFO  server.RaftServerConfigKeys (ConfUtils.java:logGet(46)) - raft.server.log.purge.upto.snapshot.index = false (default)
2023-05-30 05:50:55,952 [6c00d7ad-6a7a-4ce5-bceb-eb03aa305f01@group-29C5A670DF56-FollowerState] INFO  server.RaftServerConfigKeys (ConfUtils.java:logFallback(53)) - raft.server.rpc.first-election.timeout.min = 5s (fallback to raft.server.rpc.timeout.min)
2023-05-30 05:50:55,952 [6c00d7ad-6a7a-4ce5-bceb-eb03aa305f01@group-29C5A670DF56-FollowerState] INFO  server.RaftServerConfigKeys (ConfUtils.java:logFallback(53)) - raft.server.rpc.first-election.timeout.max = 5200ms (fallback to raft.server.rpc.timeout.max)
2023-05-30 05:50:55,953 [PipelineCommandHandlerThread-0] INFO  ratis.XceiverServerRatis (XceiverServerRatis.java:addGroup(804)) - Created group PipelineID=c2e89188-f17f-4b7d-9045-29c5a670df56
2023-05-30 05:50:55,953 [PipelineCommandHandlerThread-0] INFO  commandhandler.CreatePipelineCommandHandler (CreatePipelineCommandHandler.java:lambda$handle$2(124)) - Created Pipeline RATIS ONE PipelineID=c2e89188-f17f-4b7d-9045-29c5a670df56.
2023-05-30 05:50:56,576 [Listener at 0.0.0.0/15046] INFO  ozone.MiniOzoneClusterImpl (MiniOzoneClusterImpl.java:lambda$waitForClusterToBeReady$0(222)) - Nodes are ready. Got 5 of 5 DN Heartbeats.
2023-05-30 05:50:56,576 [Listener at 0.0.0.0/15046] INFO  ozone.MiniOzoneClusterImpl (MiniOzoneClusterImpl.java:lambda$waitForClusterToBeReady$0(225)) - Waiting for cluster to exit safe mode
2023-05-30 05:50:56,576 [Listener at 0.0.0.0/15046] INFO  ozone.MiniOzoneClusterImpl (MiniOzoneClusterImpl.java:lambda$waitForClusterToBeReady$0(227)) - SCM became leader
2023-05-30 05:50:57,577 [Listener at 0.0.0.0/15046] INFO  ozone.MiniOzoneClusterImpl (MiniOzoneClusterImpl.java:lambda$waitForClusterToBeReady$0(222)) - Nodes are ready. Got 5 of 5 DN Heartbeats.
2023-05-30 05:50:57,577 [Listener at 0.0.0.0/15046] INFO  ozone.MiniOzoneClusterImpl (MiniOzoneClusterImpl.java:lambda$waitForClusterToBeReady$0(225)) - Waiting for cluster to exit safe mode
2023-05-30 05:50:57,577 [Listener at 0.0.0.0/15046] INFO  ozone.MiniOzoneClusterImpl (MiniOzoneClusterImpl.java:lambda$waitForClusterToBeReady$0(227)) - SCM became leader
2023-05-30 05:50:58,577 [Listener at 0.0.0.0/15046] INFO  ozone.MiniOzoneClusterImpl (MiniOzoneClusterImpl.java:lambda$waitForClusterToBeReady$0(222)) - Nodes are ready. Got 5 of 5 DN Heartbeats.
2023-05-30 05:50:58,578 [Listener at 0.0.0.0/15046] INFO  ozone.MiniOzoneClusterImpl (MiniOzoneClusterImpl.java:lambda$waitForClusterToBeReady$0(225)) - Waiting for cluster to exit safe mode
2023-05-30 05:50:58,578 [Listener at 0.0.0.0/15046] INFO  ozone.MiniOzoneClusterImpl (MiniOzoneClusterImpl.java:lambda$waitForClusterToBeReady$0(227)) - SCM became leader
2023-05-30 05:50:58,996 [55da83fd-970f-4c5a-b7d8-35d4afa09e55@group-5DC6EF7DD25E-FollowerState] INFO  impl.FollowerState (FollowerState.java:run(143)) - 55da83fd-970f-4c5a-b7d8-35d4afa09e55@group-5DC6EF7DD25E-FollowerState: change to CANDIDATE, lastRpcElapsedTime:5067711205ns, electionTimeout:5056ms
2023-05-30 05:50:58,996 [55da83fd-970f-4c5a-b7d8-35d4afa09e55@group-5DC6EF7DD25E-FollowerState] INFO  impl.RoleInfo (RoleInfo.java:shutdownFollowerState(110)) - 55da83fd-970f-4c5a-b7d8-35d4afa09e55: shutdown 55da83fd-970f-4c5a-b7d8-35d4afa09e55@group-5DC6EF7DD25E-FollowerState
2023-05-30 05:50:58,996 [55da83fd-970f-4c5a-b7d8-35d4afa09e55@group-5DC6EF7DD25E-FollowerState] INFO  server.RaftServer$Division (RaftServerImpl.java:setRole(329)) - 55da83fd-970f-4c5a-b7d8-35d4afa09e55@group-5DC6EF7DD25E: changes role from  FOLLOWER to CANDIDATE at term 0 for changeToCandidate
2023-05-30 05:50:58,997 [55da83fd-970f-4c5a-b7d8-35d4afa09e55@group-5DC6EF7DD25E-FollowerState] INFO  server.RaftServerConfigKeys (ConfUtils.java:logGet(46)) - raft.server.leaderelection.pre-vote = true (default)
2023-05-30 05:50:58,997 [55da83fd-970f-4c5a-b7d8-35d4afa09e55@group-5DC6EF7DD25E-FollowerState] INFO  impl.RoleInfo (RoleInfo.java:updateAndGet(139)) - 55da83fd-970f-4c5a-b7d8-35d4afa09e55: start 55da83fd-970f-4c5a-b7d8-35d4afa09e55@group-5DC6EF7DD25E-LeaderElection2
2023-05-30 05:50:59,003 [55da83fd-970f-4c5a-b7d8-35d4afa09e55@group-5DC6EF7DD25E-LeaderElection2] INFO  impl.LeaderElection (LeaderElection.java:askForVotes(321)) - 55da83fd-970f-4c5a-b7d8-35d4afa09e55@group-5DC6EF7DD25E-LeaderElection2 PRE_VOTE round 0: submit vote requests at term 0 for -1: peers:[2201e636-6a5b-4250-af22-17a0252fe45f|rpc:10.1.0.18:15032|admin:10.1.0.18:15031|client:10.1.0.18:15030|dataStream:10.1.0.18:15033|priority:0|startupRole:FOLLOWER, 0ed3f2b4-6603-4cfa-a0d8-6595115ff82f|rpc:10.1.0.18:15023|admin:10.1.0.18:15022|client:10.1.0.18:15021|dataStream:10.1.0.18:15024|priority:1|startupRole:FOLLOWER, 55da83fd-970f-4c5a-b7d8-35d4afa09e55|rpc:10.1.0.18:15014|admin:10.1.0.18:15013|client:10.1.0.18:15012|dataStream:10.1.0.18:15015|priority:0|startupRole:FOLLOWER]|listeners:[], old=null
2023-05-30 05:50:59,011 [55da83fd-970f-4c5a-b7d8-35d4afa09e55@group-5DC6EF7DD25E-LeaderElection2] INFO  server.RaftServerConfigKeys (ConfUtils.java:logFallback(53)) - raft.server.rpc.first-election.timeout.min = 5s (fallback to raft.server.rpc.timeout.min)
2023-05-30 05:50:59,011 [55da83fd-970f-4c5a-b7d8-35d4afa09e55@group-5DC6EF7DD25E-LeaderElection2] INFO  server.RaftServerConfigKeys (ConfUtils.java:logFallback(53)) - raft.server.rpc.first-election.timeout.max = 5200ms (fallback to raft.server.rpc.timeout.max)
2023-05-30 05:50:59,015 [55da83fd-970f-4c5a-b7d8-35d4afa09e55@group-5DC6EF7DD25E-LeaderElection2-2] INFO  server.GrpcServerProtocolClient (GrpcServerProtocolClient.java:<init>(65)) - Build channel for 0ed3f2b4-6603-4cfa-a0d8-6595115ff82f
2023-05-30 05:50:59,019 [55da83fd-970f-4c5a-b7d8-35d4afa09e55@group-5DC6EF7DD25E-LeaderElection2-1] INFO  server.GrpcServerProtocolClient (GrpcServerProtocolClient.java:<init>(65)) - Build channel for 2201e636-6a5b-4250-af22-17a0252fe45f
2023-05-30 05:50:59,040 [grpc-default-executor-1] INFO  server.RaftServer$Division (RaftServerImpl.java:requestVote(1302)) - 0ed3f2b4-6603-4cfa-a0d8-6595115ff82f@group-5DC6EF7DD25E: receive requestVote(PRE_VOTE, 55da83fd-970f-4c5a-b7d8-35d4afa09e55, group-5DC6EF7DD25E, 0, (t:0, i:0))
2023-05-30 05:50:59,042 [grpc-default-executor-1] INFO  impl.VoteContext (VoteContext.java:log(49)) - 0ed3f2b4-6603-4cfa-a0d8-6595115ff82f@group-5DC6EF7DD25E-FOLLOWER: reject PRE_VOTE from 55da83fd-970f-4c5a-b7d8-35d4afa09e55: our priority 1 > candidate's priority 0
2023-05-30 05:50:59,045 [grpc-default-executor-1] INFO  server.RaftServer$Division (RaftServerImpl.java:requestVote(1335)) - 0ed3f2b4-6603-4cfa-a0d8-6595115ff82f@group-5DC6EF7DD25E replies to PRE_VOTE vote request: 55da83fd-970f-4c5a-b7d8-35d4afa09e55<-0ed3f2b4-6603-4cfa-a0d8-6595115ff82f#0:FAIL-t0. Peer's state: 0ed3f2b4-6603-4cfa-a0d8-6595115ff82f@group-5DC6EF7DD25E:t0, leader=null, voted=, raftlog=Memoized:0ed3f2b4-6603-4cfa-a0d8-6595115ff82f@group-5DC6EF7DD25E-SegmentedRaftLog:OPENED:c-1, conf=-1: peers:[2201e636-6a5b-4250-af22-17a0252fe45f|rpc:10.1.0.18:15032|admin:10.1.0.18:15031|client:10.1.0.18:15030|dataStream:10.1.0.18:15033|priority:0|startupRole:FOLLOWER, 0ed3f2b4-6603-4cfa-a0d8-6595115ff82f|rpc:10.1.0.18:15023|admin:10.1.0.18:15022|client:10.1.0.18:15021|dataStream:10.1.0.18:15024|priority:1|startupRole:FOLLOWER, 55da83fd-970f-4c5a-b7d8-35d4afa09e55|rpc:10.1.0.18:15014|admin:10.1.0.18:15013|client:10.1.0.18:15012|dataStream:10.1.0.18:15015|priority:0|startupRole:FOLLOWER]|listeners:[], old=null
2023-05-30 05:50:59,050 [grpc-default-executor-0] INFO  server.RaftServer$Division (RaftServerImpl.java:requestVote(1302)) - 2201e636-6a5b-4250-af22-17a0252fe45f@group-5DC6EF7DD25E: receive requestVote(PRE_VOTE, 55da83fd-970f-4c5a-b7d8-35d4afa09e55, group-5DC6EF7DD25E, 0, (t:0, i:0))
2023-05-30 05:50:59,050 [grpc-default-executor-0] INFO  impl.VoteContext (VoteContext.java:log(49)) - 2201e636-6a5b-4250-af22-17a0252fe45f@group-5DC6EF7DD25E-FOLLOWER: accept PRE_VOTE from 55da83fd-970f-4c5a-b7d8-35d4afa09e55: our priority 0 <= candidate's priority 0
2023-05-30 05:50:59,054 [grpc-default-executor-0] INFO  server.RaftServer$Division (RaftServerImpl.java:requestVote(1335)) - 2201e636-6a5b-4250-af22-17a0252fe45f@group-5DC6EF7DD25E replies to PRE_VOTE vote request: 55da83fd-970f-4c5a-b7d8-35d4afa09e55<-2201e636-6a5b-4250-af22-17a0252fe45f#0:OK-t0. Peer's state: 2201e636-6a5b-4250-af22-17a0252fe45f@group-5DC6EF7DD25E:t0, leader=null, voted=, raftlog=Memoized:2201e636-6a5b-4250-af22-17a0252fe45f@group-5DC6EF7DD25E-SegmentedRaftLog:OPENED:c-1, conf=-1: peers:[2201e636-6a5b-4250-af22-17a0252fe45f|rpc:10.1.0.18:15032|admin:10.1.0.18:15031|client:10.1.0.18:15030|dataStream:10.1.0.18:15033|priority:0|startupRole:FOLLOWER, 0ed3f2b4-6603-4cfa-a0d8-6595115ff82f|rpc:10.1.0.18:15023|admin:10.1.0.18:15022|client:10.1.0.18:15021|dataStream:10.1.0.18:15024|priority:1|startupRole:FOLLOWER, 55da83fd-970f-4c5a-b7d8-35d4afa09e55|rpc:10.1.0.18:15014|admin:10.1.0.18:15013|client:10.1.0.18:15012|dataStream:10.1.0.18:15015|priority:0|startupRole:FOLLOWER]|listeners:[], old=null
2023-05-30 05:50:59,056 [55da83fd-970f-4c5a-b7d8-35d4afa09e55@group-A126D4CB6BA2-FollowerState] INFO  impl.FollowerState (FollowerState.java:run(143)) - 55da83fd-970f-4c5a-b7d8-35d4afa09e55@group-A126D4CB6BA2-FollowerState: change to CANDIDATE, lastRpcElapsedTime:5165345788ns, electionTimeout:5160ms
2023-05-30 05:50:59,057 [55da83fd-970f-4c5a-b7d8-35d4afa09e55@group-A126D4CB6BA2-FollowerState] INFO  impl.RoleInfo (RoleInfo.java:shutdownFollowerState(110)) - 55da83fd-970f-4c5a-b7d8-35d4afa09e55: shutdown 55da83fd-970f-4c5a-b7d8-35d4afa09e55@group-A126D4CB6BA2-FollowerState
2023-05-30 05:50:59,057 [55da83fd-970f-4c5a-b7d8-35d4afa09e55@group-A126D4CB6BA2-FollowerState] INFO  server.RaftServer$Division (RaftServerImpl.java:setRole(329)) - 55da83fd-970f-4c5a-b7d8-35d4afa09e55@group-A126D4CB6BA2: changes role from  FOLLOWER to CANDIDATE at term 0 for changeToCandidate
2023-05-30 05:50:59,057 [55da83fd-970f-4c5a-b7d8-35d4afa09e55@group-A126D4CB6BA2-FollowerState] INFO  server.RaftServerConfigKeys (ConfUtils.java:logGet(46)) - raft.server.leaderelection.pre-vote = true (default)
2023-05-30 05:50:59,057 [55da83fd-970f-4c5a-b7d8-35d4afa09e55@group-A126D4CB6BA2-FollowerState] INFO  impl.RoleInfo (RoleInfo.java:updateAndGet(139)) - 55da83fd-970f-4c5a-b7d8-35d4afa09e55: start 55da83fd-970f-4c5a-b7d8-35d4afa09e55@group-A126D4CB6BA2-LeaderElection3
2023-05-30 05:50:59,061 [55da83fd-970f-4c5a-b7d8-35d4afa09e55@group-A126D4CB6BA2-LeaderElection3] INFO  impl.LeaderElection (LeaderElection.java:askForVotes(321)) - 55da83fd-970f-4c5a-b7d8-35d4afa09e55@group-A126D4CB6BA2-LeaderElection3 PRE_VOTE round 0: submit vote requests at term 0 for -1: peers:[55da83fd-970f-4c5a-b7d8-35d4afa09e55|rpc:10.1.0.18:15014|admin:10.1.0.18:15013|client:10.1.0.18:15012|dataStream:10.1.0.18:15015|priority:1|startupRole:FOLLOWER]|listeners:[], old=null
2023-05-30 05:50:59,064 [55da83fd-970f-4c5a-b7d8-35d4afa09e55@group-A126D4CB6BA2-LeaderElection3] INFO  impl.LeaderElection (LeaderElection.java:askForVotes(323)) - 55da83fd-970f-4c5a-b7d8-35d4afa09e55@group-A126D4CB6BA2-LeaderElection3 PRE_VOTE round 0: result PASSED (term=0)
2023-05-30 05:50:59,066 [55da83fd-970f-4c5a-b7d8-35d4afa09e55@group-A126D4CB6BA2-LeaderElection3] INFO  impl.LeaderElection (LeaderElection.java:askForVotes(321)) - 55da83fd-970f-4c5a-b7d8-35d4afa09e55@group-A126D4CB6BA2-LeaderElection3 ELECTION round 0: submit vote requests at term 1 for -1: peers:[55da83fd-970f-4c5a-b7d8-35d4afa09e55|rpc:10.1.0.18:15014|admin:10.1.0.18:15013|client:10.1.0.18:15012|dataStream:10.1.0.18:15015|priority:1|startupRole:FOLLOWER]|listeners:[], old=null
2023-05-30 05:50:59,067 [55da83fd-970f-4c5a-b7d8-35d4afa09e55@group-A126D4CB6BA2-LeaderElection3] INFO  impl.LeaderElection (LeaderElection.java:askForVotes(323)) - 55da83fd-970f-4c5a-b7d8-35d4afa09e55@group-A126D4CB6BA2-LeaderElection3 ELECTION round 0: result PASSED (term=1)
2023-05-30 05:50:59,067 [55da83fd-970f-4c5a-b7d8-35d4afa09e55@group-A126D4CB6BA2-LeaderElection3] INFO  impl.RoleInfo (RoleInfo.java:shutdownLeaderElection(130)) - 55da83fd-970f-4c5a-b7d8-35d4afa09e55: shutdown 55da83fd-970f-4c5a-b7d8-35d4afa09e55@group-A126D4CB6BA2-LeaderElection3
2023-05-30 05:50:59,067 [55da83fd-970f-4c5a-b7d8-35d4afa09e55@group-A126D4CB6BA2-LeaderElection3] INFO  server.RaftServer$Division (RaftServerImpl.java:setRole(329)) - 55da83fd-970f-4c5a-b7d8-35d4afa09e55@group-A126D4CB6BA2: changes role from CANDIDATE to LEADER at term 1 for changeToLeader
2023-05-30 05:50:59,067 [55da83fd-970f-4c5a-b7d8-35d4afa09e55@group-A126D4CB6BA2-LeaderElection3] INFO  ratis.XceiverServerRatis (XceiverServerRatis.java:handleLeaderChangedNotification(902)) - Leader change notification received for group: group-A126D4CB6BA2 with new leaderId: 55da83fd-970f-4c5a-b7d8-35d4afa09e55
2023-05-30 05:50:59,067 [55da83fd-970f-4c5a-b7d8-35d4afa09e55@group-5DC6EF7DD25E-LeaderElection2] INFO  impl.LeaderElection (LeaderElection.java:logAndReturn(90)) - 55da83fd-970f-4c5a-b7d8-35d4afa09e55@group-5DC6EF7DD25E-LeaderElection2: PRE_VOTE REJECTED received 2 response(s) and 0 exception(s):
2023-05-30 05:50:59,067 [55da83fd-970f-4c5a-b7d8-35d4afa09e55@group-5DC6EF7DD25E-LeaderElection2] INFO  impl.LeaderElection (LeaderElection.java:logAndReturn(94)) -   Response 0: 55da83fd-970f-4c5a-b7d8-35d4afa09e55<-2201e636-6a5b-4250-af22-17a0252fe45f#0:OK-t0
2023-05-30 05:50:59,067 [55da83fd-970f-4c5a-b7d8-35d4afa09e55@group-5DC6EF7DD25E-LeaderElection2] INFO  impl.LeaderElection (LeaderElection.java:logAndReturn(94)) -   Response 1: 55da83fd-970f-4c5a-b7d8-35d4afa09e55<-0ed3f2b4-6603-4cfa-a0d8-6595115ff82f#0:FAIL-t0
2023-05-30 05:50:59,067 [55da83fd-970f-4c5a-b7d8-35d4afa09e55@group-5DC6EF7DD25E-LeaderElection2] INFO  impl.LeaderElection (LeaderElection.java:askForVotes(323)) - 55da83fd-970f-4c5a-b7d8-35d4afa09e55@group-5DC6EF7DD25E-LeaderElection2 PRE_VOTE round 0: result REJECTED
2023-05-30 05:50:59,068 [55da83fd-970f-4c5a-b7d8-35d4afa09e55@group-5DC6EF7DD25E-LeaderElection2] INFO  server.RaftServer$Division (RaftServerImpl.java:setRole(329)) - 55da83fd-970f-4c5a-b7d8-35d4afa09e55@group-5DC6EF7DD25E: changes role from CANDIDATE to FOLLOWER at term 0 for REJECTED
2023-05-30 05:50:59,069 [55da83fd-970f-4c5a-b7d8-35d4afa09e55@group-5DC6EF7DD25E-LeaderElection2] INFO  impl.RoleInfo (RoleInfo.java:shutdownLeaderElection(130)) - 55da83fd-970f-4c5a-b7d8-35d4afa09e55: shutdown 55da83fd-970f-4c5a-b7d8-35d4afa09e55@group-5DC6EF7DD25E-LeaderElection2
2023-05-30 05:50:59,069 [55da83fd-970f-4c5a-b7d8-35d4afa09e55@group-5DC6EF7DD25E-LeaderElection2] INFO  impl.RoleInfo (RoleInfo.java:updateAndGet(139)) - 55da83fd-970f-4c5a-b7d8-35d4afa09e55: start 55da83fd-970f-4c5a-b7d8-35d4afa09e55@group-5DC6EF7DD25E-FollowerState
2023-05-30 05:50:59,071 [55da83fd-970f-4c5a-b7d8-35d4afa09e55@group-A126D4CB6BA2-LeaderElection3] INFO  server.RaftServer$Division (ServerState.java:setLeader(317)) - 55da83fd-970f-4c5a-b7d8-35d4afa09e55@group-A126D4CB6BA2: change Leader from null to 55da83fd-970f-4c5a-b7d8-35d4afa09e55 at term 1 for becomeLeader, leader elected after 5210ms
2023-05-30 05:50:59,071 [55da83fd-970f-4c5a-b7d8-35d4afa09e55@group-A126D4CB6BA2-LeaderElection3] INFO  server.RaftServerConfigKeys (ConfUtils.java:logGet(46)) - raft.server.staging.catchup.gap = 1000 (default)
2023-05-30 05:50:59,071 [55da83fd-970f-4c5a-b7d8-35d4afa09e55@group-A126D4CB6BA2-LeaderElection3] INFO  server.RaftServerConfigKeys (ConfUtils.java:logGet(46)) - raft.server.write.element-limit = 1024 (custom)
2023-05-30 05:50:59,071 [55da83fd-970f-4c5a-b7d8-35d4afa09e55@group-A126D4CB6BA2-LeaderElection3] INFO  server.RaftServerConfigKeys (ConfUtils.java:logGet(46)) - raft.server.write.byte-limit = 1024 M (=1073741824) (custom)
2023-05-30 05:50:59,071 [55da83fd-970f-4c5a-b7d8-35d4afa09e55@group-A126D4CB6BA2-LeaderElection3] INFO  server.RaftServerConfigKeys (ConfUtils.java:logGet(46)) - raft.server.watch.timeout = 10000ms (default)
2023-05-30 05:50:59,072 [55da83fd-970f-4c5a-b7d8-35d4afa09e55@group-A126D4CB6BA2-LeaderElection3] INFO  server.RaftServerConfigKeys (ConfUtils.java:logGet(46)) - raft.server.watch.timeout.denomination = 1s (default)
2023-05-30 05:50:59,072 [55da83fd-970f-4c5a-b7d8-35d4afa09e55@group-A126D4CB6BA2-LeaderElection3] INFO  server.RaftServerConfigKeys (ConfUtils.java:logGet(46)) - raft.server.watch.element-limit = 65536 (default)
2023-05-30 05:50:59,072 [55da83fd-970f-4c5a-b7d8-35d4afa09e55@group-A126D4CB6BA2-LeaderElection3] INFO  server.RaftServerConfigKeys (ConfUtils.java:logGet(46)) - raft.server.write.element-limit = 1024 (custom)
2023-05-30 05:50:59,072 [55da83fd-970f-4c5a-b7d8-35d4afa09e55@group-A126D4CB6BA2-LeaderElection3] INFO  server.RaftServerConfigKeys (ConfUtils.java:logGet(46)) - raft.server.write.follower.gap.ratio.max = -1.0 (default)
2023-05-30 05:50:59,072 [55da83fd-970f-4c5a-b7d8-35d4afa09e55@group-A126D4CB6BA2-LeaderElection3] INFO  impl.RoleInfo (RoleInfo.java:updateAndGet(139)) - 55da83fd-970f-4c5a-b7d8-35d4afa09e55: start 55da83fd-970f-4c5a-b7d8-35d4afa09e55@group-A126D4CB6BA2-LeaderStateImpl
2023-05-30 05:50:59,072 [55da83fd-970f-4c5a-b7d8-35d4afa09e55@group-A126D4CB6BA2-LeaderElection3] INFO  segmented.SegmentedRaftLogWorker (SegmentedRaftLogWorker.java:startLogSegment(447)) - 55da83fd-970f-4c5a-b7d8-35d4afa09e55@group-A126D4CB6BA2-SegmentedRaftLogWorker: Starting segment from index:0
2023-05-30 05:50:59,074 [EventQueue-OpenPipelineForHealthyPipelineSafeModeRule] INFO  safemode.SCMSafeModeManager (HealthyPipelineSafeModeRule.java:process(137)) - SCM in safe mode. Healthy pipelines reported count is 0, required healthy pipeline reported count is 1
2023-05-30 05:50:59,074 [55da83fd-970f-4c5a-b7d8-35d4afa09e55@group-A126D4CB6BA2-SegmentedRaftLogWorker] INFO  segmented.SegmentedRaftLogWorker (SegmentedRaftLogWorker.java:execute(651)) - 55da83fd-970f-4c5a-b7d8-35d4afa09e55@group-A126D4CB6BA2-SegmentedRaftLogWorker: created new log segment /home/runner/work/ozone/ozone/hadoop-ozone/integration-test/target/test-dir/MiniOzoneClusterImpl-14387da3-0fdf-4878-9e7f-f07e3baca9b9/datanode-0/data/ratis/c60e6879-1d89-4e1b-a17a-a126d4cb6ba2/current/log_inprogress_0
2023-05-30 05:50:59,076 [55da83fd-970f-4c5a-b7d8-35d4afa09e55@group-A126D4CB6BA2-LeaderElection3] INFO  server.RaftServer$Division (ServerState.java:setRaftConf(434)) - 55da83fd-970f-4c5a-b7d8-35d4afa09e55@group-A126D4CB6BA2: set configuration 0: peers:[55da83fd-970f-4c5a-b7d8-35d4afa09e55|rpc:10.1.0.18:15014|admin:10.1.0.18:15013|client:10.1.0.18:15012|dataStream:10.1.0.18:15015|priority:1|startupRole:FOLLOWER]|listeners:[], old=null
2023-05-30 05:50:59,578 [Listener at 0.0.0.0/15046] INFO  ozone.MiniOzoneClusterImpl (MiniOzoneClusterImpl.java:lambda$waitForClusterToBeReady$0(222)) - Nodes are ready. Got 5 of 5 DN Heartbeats.
2023-05-30 05:50:59,578 [Listener at 0.0.0.0/15046] INFO  ozone.MiniOzoneClusterImpl (MiniOzoneClusterImpl.java:lambda$waitForClusterToBeReady$0(225)) - Waiting for cluster to exit safe mode
2023-05-30 05:50:59,578 [Listener at 0.0.0.0/15046] INFO  ozone.MiniOzoneClusterImpl (MiniOzoneClusterImpl.java:lambda$waitForClusterToBeReady$0(227)) - SCM became leader
2023-05-30 05:50:59,782 [0ed3f2b4-6603-4cfa-a0d8-6595115ff82f@group-F5BB0360AB4F-FollowerState] INFO  impl.FollowerState (FollowerState.java:run(143)) - 0ed3f2b4-6603-4cfa-a0d8-6595115ff82f@group-F5BB0360AB4F-FollowerState: change to CANDIDATE, lastRpcElapsedTime:5186268089ns, electionTimeout:5181ms
2023-05-30 05:50:59,783 [0ed3f2b4-6603-4cfa-a0d8-6595115ff82f@group-F5BB0360AB4F-FollowerState] INFO  impl.RoleInfo (RoleInfo.java:shutdownFollowerState(110)) - 0ed3f2b4-6603-4cfa-a0d8-6595115ff82f: shutdown 0ed3f2b4-6603-4cfa-a0d8-6595115ff82f@group-F5BB0360AB4F-FollowerState
2023-05-30 05:50:59,783 [0ed3f2b4-6603-4cfa-a0d8-6595115ff82f@group-F5BB0360AB4F-FollowerState] INFO  server.RaftServer$Division (RaftServerImpl.java:setRole(329)) - 0ed3f2b4-6603-4cfa-a0d8-6595115ff82f@group-F5BB0360AB4F: changes role from  FOLLOWER to CANDIDATE at term 0 for changeToCandidate
2023-05-30 05:50:59,784 [0ed3f2b4-6603-4cfa-a0d8-6595115ff82f@group-F5BB0360AB4F-FollowerState] INFO  server.RaftServerConfigKeys (ConfUtils.java:logGet(46)) - raft.server.leaderelection.pre-vote = true (default)
2023-05-30 05:50:59,784 [0ed3f2b4-6603-4cfa-a0d8-6595115ff82f@group-F5BB0360AB4F-FollowerState] INFO  impl.RoleInfo (RoleInfo.java:updateAndGet(139)) - 0ed3f2b4-6603-4cfa-a0d8-6595115ff82f: start 0ed3f2b4-6603-4cfa-a0d8-6595115ff82f@group-F5BB0360AB4F-LeaderElection4
2023-05-30 05:50:59,787 [0ed3f2b4-6603-4cfa-a0d8-6595115ff82f@group-F5BB0360AB4F-LeaderElection4] INFO  impl.LeaderElection (LeaderElection.java:askForVotes(321)) - 0ed3f2b4-6603-4cfa-a0d8-6595115ff82f@group-F5BB0360AB4F-LeaderElection4 PRE_VOTE round 0: submit vote requests at term 0 for -1: peers:[0ed3f2b4-6603-4cfa-a0d8-6595115ff82f|rpc:10.1.0.18:15023|admin:10.1.0.18:15022|client:10.1.0.18:15021|dataStream:10.1.0.18:15024|priority:1|startupRole:FOLLOWER]|listeners:[], old=null
2023-05-30 05:50:59,787 [0ed3f2b4-6603-4cfa-a0d8-6595115ff82f@group-F5BB0360AB4F-LeaderElection4] INFO  impl.LeaderElection (LeaderElection.java:askForVotes(323)) - 0ed3f2b4-6603-4cfa-a0d8-6595115ff82f@group-F5BB0360AB4F-LeaderElection4 PRE_VOTE round 0: result PASSED (term=0)
2023-05-30 05:50:59,790 [0ed3f2b4-6603-4cfa-a0d8-6595115ff82f@group-F5BB0360AB4F-LeaderElection4] INFO  impl.LeaderElection (LeaderElection.java:askForVotes(321)) - 0ed3f2b4-6603-4cfa-a0d8-6595115ff82f@group-F5BB0360AB4F-LeaderElection4 ELECTION round 0: submit vote requests at term 1 for -1: peers:[0ed3f2b4-6603-4cfa-a0d8-6595115ff82f|rpc:10.1.0.18:15023|admin:10.1.0.18:15022|client:10.1.0.18:15021|dataStream:10.1.0.18:15024|priority:1|startupRole:FOLLOWER]|listeners:[], old=null
2023-05-30 05:50:59,790 [0ed3f2b4-6603-4cfa-a0d8-6595115ff82f@group-F5BB0360AB4F-LeaderElection4] INFO  impl.LeaderElection (LeaderElection.java:askForVotes(323)) - 0ed3f2b4-6603-4cfa-a0d8-6595115ff82f@group-F5BB0360AB4F-LeaderElection4 ELECTION round 0: result PASSED (term=1)
2023-05-30 05:50:59,790 [0ed3f2b4-6603-4cfa-a0d8-6595115ff82f@group-F5BB0360AB4F-LeaderElection4] INFO  impl.RoleInfo (RoleInfo.java:shutdownLeaderElection(130)) - 0ed3f2b4-6603-4cfa-a0d8-6595115ff82f: shutdown 0ed3f2b4-6603-4cfa-a0d8-6595115ff82f@group-F5BB0360AB4F-LeaderElection4
2023-05-30 05:50:59,790 [0ed3f2b4-6603-4cfa-a0d8-6595115ff82f@group-F5BB0360AB4F-LeaderElection4] INFO  server.RaftServer$Division (RaftServerImpl.java:setRole(329)) - 0ed3f2b4-6603-4cfa-a0d8-6595115ff82f@group-F5BB0360AB4F: changes role from CANDIDATE to LEADER at term 1 for changeToLeader
2023-05-30 05:50:59,790 [0ed3f2b4-6603-4cfa-a0d8-6595115ff82f@group-F5BB0360AB4F-LeaderElection4] INFO  ratis.XceiverServerRatis (XceiverServerRatis.java:handleLeaderChangedNotification(902)) - Leader change notification received for group: group-F5BB0360AB4F with new leaderId: 0ed3f2b4-6603-4cfa-a0d8-6595115ff82f
2023-05-30 05:50:59,791 [0ed3f2b4-6603-4cfa-a0d8-6595115ff82f@group-F5BB0360AB4F-LeaderElection4] INFO  server.RaftServer$Division (ServerState.java:setLeader(317)) - 0ed3f2b4-6603-4cfa-a0d8-6595115ff82f@group-F5BB0360AB4F: change Leader from null to 0ed3f2b4-6603-4cfa-a0d8-6595115ff82f at term 1 for becomeLeader, leader elected after 5462ms
2023-05-30 05:50:59,791 [0ed3f2b4-6603-4cfa-a0d8-6595115ff82f@group-F5BB0360AB4F-LeaderElection4] INFO  server.RaftServerConfigKeys (ConfUtils.java:logGet(46)) - raft.server.staging.catchup.gap = 1000 (default)
2023-05-30 05:50:59,792 [EventQueue-OpenPipelineForHealthyPipelineSafeModeRule] INFO  safemode.SCMSafeModeManager (HealthyPipelineSafeModeRule.java:process(137)) - SCM in safe mode. Healthy pipelines reported count is 0, required healthy pipeline reported count is 1
2023-05-30 05:50:59,793 [0ed3f2b4-6603-4cfa-a0d8-6595115ff82f@group-F5BB0360AB4F-LeaderElection4] INFO  server.RaftServerConfigKeys (ConfUtils.java:logGet(46)) - raft.server.write.element-limit = 1024 (custom)
2023-05-30 05:50:59,793 [0ed3f2b4-6603-4cfa-a0d8-6595115ff82f@group-F5BB0360AB4F-LeaderElection4] INFO  server.RaftServerConfigKeys (ConfUtils.java:logGet(46)) - raft.server.write.byte-limit = 1024 M (=1073741824) (custom)
2023-05-30 05:50:59,793 [0ed3f2b4-6603-4cfa-a0d8-6595115ff82f@group-F5BB0360AB4F-LeaderElection4] INFO  server.RaftServerConfigKeys (ConfUtils.java:logGet(46)) - raft.server.watch.timeout = 10000ms (default)
2023-05-30 05:50:59,793 [0ed3f2b4-6603-4cfa-a0d8-6595115ff82f@group-F5BB0360AB4F-LeaderElection4] INFO  server.RaftServerConfigKeys (ConfUtils.java:logGet(46)) - raft.server.watch.timeout.denomination = 1s (default)
2023-05-30 05:50:59,793 [0ed3f2b4-6603-4cfa-a0d8-6595115ff82f@group-F5BB0360AB4F-LeaderElection4] INFO  server.RaftServerConfigKeys (ConfUtils.java:logGet(46)) - raft.server.watch.element-limit = 65536 (default)
2023-05-30 05:50:59,793 [0ed3f2b4-6603-4cfa-a0d8-6595115ff82f@group-F5BB0360AB4F-LeaderElection4] INFO  server.RaftServerConfigKeys (ConfUtils.java:logGet(46)) - raft.server.write.element-limit = 1024 (custom)
2023-05-30 05:50:59,793 [0ed3f2b4-6603-4cfa-a0d8-6595115ff82f@group-F5BB0360AB4F-LeaderElection4] INFO  server.RaftServerConfigKeys (ConfUtils.java:logGet(46)) - raft.server.write.follower.gap.ratio.max = -1.0 (default)
2023-05-30 05:50:59,793 [0ed3f2b4-6603-4cfa-a0d8-6595115ff82f@group-F5BB0360AB4F-LeaderElection4] INFO  impl.RoleInfo (RoleInfo.java:updateAndGet(139)) - 0ed3f2b4-6603-4cfa-a0d8-6595115ff82f: start 0ed3f2b4-6603-4cfa-a0d8-6595115ff82f@group-F5BB0360AB4F-LeaderStateImpl
2023-05-30 05:50:59,794 [0ed3f2b4-6603-4cfa-a0d8-6595115ff82f@group-F5BB0360AB4F-LeaderElection4] INFO  segmented.SegmentedRaftLogWorker (SegmentedRaftLogWorker.java:startLogSegment(447)) - 0ed3f2b4-6603-4cfa-a0d8-6595115ff82f@group-F5BB0360AB4F-SegmentedRaftLogWorker: Starting segment from index:0
2023-05-30 05:50:59,795 [0ed3f2b4-6603-4cfa-a0d8-6595115ff82f@group-F5BB0360AB4F-LeaderElection4] INFO  server.RaftServer$Division (ServerState.java:setRaftConf(434)) - 0ed3f2b4-6603-4cfa-a0d8-6595115ff82f@group-F5BB0360AB4F: set configuration 0: peers:[0ed3f2b4-6603-4cfa-a0d8-6595115ff82f|rpc:10.1.0.18:15023|admin:10.1.0.18:15022|client:10.1.0.18:15021|dataStream:10.1.0.18:15024|priority:1|startupRole:FOLLOWER]|listeners:[], old=null
2023-05-30 05:50:59,796 [0ed3f2b4-6603-4cfa-a0d8-6595115ff82f@group-F5BB0360AB4F-SegmentedRaftLogWorker] INFO  segmented.SegmentedRaftLogWorker (SegmentedRaftLogWorker.java:execute(651)) - 0ed3f2b4-6603-4cfa-a0d8-6595115ff82f@group-F5BB0360AB4F-SegmentedRaftLogWorker: created new log segment /home/runner/work/ozone/ozone/hadoop-ozone/integration-test/target/test-dir/MiniOzoneClusterImpl-14387da3-0fdf-4878-9e7f-f07e3baca9b9/datanode-1/data/ratis/03786e4b-e0e4-4eb3-a81b-f5bb0360ab4f/current/log_inprogress_0
2023-05-30 05:50:59,830 [0ed3f2b4-6603-4cfa-a0d8-6595115ff82f@group-5DC6EF7DD25E-FollowerState] INFO  impl.FollowerState (FollowerState.java:run(143)) - 0ed3f2b4-6603-4cfa-a0d8-6595115ff82f@group-5DC6EF7DD25E-FollowerState: change to CANDIDATE, lastRpcElapsedTime:5189970227ns, electionTimeout:5181ms
2023-05-30 05:50:59,830 [0ed3f2b4-6603-4cfa-a0d8-6595115ff82f@group-5DC6EF7DD25E-FollowerState] INFO  impl.RoleInfo (RoleInfo.java:shutdownFollowerState(110)) - 0ed3f2b4-6603-4cfa-a0d8-6595115ff82f: shutdown 0ed3f2b4-6603-4cfa-a0d8-6595115ff82f@group-5DC6EF7DD25E-FollowerState
2023-05-30 05:50:59,830 [0ed3f2b4-6603-4cfa-a0d8-6595115ff82f@group-5DC6EF7DD25E-FollowerState] INFO  server.RaftServer$Division (RaftServerImpl.java:setRole(329)) - 0ed3f2b4-6603-4cfa-a0d8-6595115ff82f@group-5DC6EF7DD25E: changes role from  FOLLOWER to CANDIDATE at term 0 for changeToCandidate
2023-05-30 05:50:59,831 [0ed3f2b4-6603-4cfa-a0d8-6595115ff82f@group-5DC6EF7DD25E-FollowerState] INFO  server.RaftServerConfigKeys (ConfUtils.java:logGet(46)) - raft.server.leaderelection.pre-vote = true (default)
2023-05-30 05:50:59,831 [0ed3f2b4-6603-4cfa-a0d8-6595115ff82f@group-5DC6EF7DD25E-FollowerState] INFO  impl.RoleInfo (RoleInfo.java:updateAndGet(139)) - 0ed3f2b4-6603-4cfa-a0d8-6595115ff82f: start 0ed3f2b4-6603-4cfa-a0d8-6595115ff82f@group-5DC6EF7DD25E-LeaderElection5
2023-05-30 05:50:59,832 [0ed3f2b4-6603-4cfa-a0d8-6595115ff82f@group-5DC6EF7DD25E-LeaderElection5] INFO  impl.LeaderElection (LeaderElection.java:askForVotes(321)) - 0ed3f2b4-6603-4cfa-a0d8-6595115ff82f@group-5DC6EF7DD25E-LeaderElection5 PRE_VOTE round 0: submit vote requests at term 0 for -1: peers:[2201e636-6a5b-4250-af22-17a0252fe45f|rpc:10.1.0.18:15032|admin:10.1.0.18:15031|client:10.1.0.18:15030|dataStream:10.1.0.18:15033|priority:0|startupRole:FOLLOWER, 0ed3f2b4-6603-4cfa-a0d8-6595115ff82f|rpc:10.1.0.18:15023|admin:10.1.0.18:15022|client:10.1.0.18:15021|dataStream:10.1.0.18:15024|priority:1|startupRole:FOLLOWER, 55da83fd-970f-4c5a-b7d8-35d4afa09e55|rpc:10.1.0.18:15014|admin:10.1.0.18:15013|client:10.1.0.18:15012|dataStream:10.1.0.18:15015|priority:0|startupRole:FOLLOWER]|listeners:[], old=null
2023-05-30 05:50:59,833 [0ed3f2b4-6603-4cfa-a0d8-6595115ff82f@group-5DC6EF7DD25E-LeaderElection5-1] INFO  server.GrpcServerProtocolClient (GrpcServerProtocolClient.java:<init>(65)) - Build channel for 2201e636-6a5b-4250-af22-17a0252fe45f
2023-05-30 05:50:59,836 [0ed3f2b4-6603-4cfa-a0d8-6595115ff82f@group-5DC6EF7DD25E-LeaderElection5] INFO  server.RaftServerConfigKeys (ConfUtils.java:logFallback(53)) - raft.server.rpc.first-election.timeout.min = 5s (fallback to raft.server.rpc.timeout.min)
2023-05-30 05:50:59,839 [0ed3f2b4-6603-4cfa-a0d8-6595115ff82f@group-5DC6EF7DD25E-LeaderElection5] INFO  server.RaftServerConfigKeys (ConfUtils.java:logFallback(53)) - raft.server.rpc.first-election.timeout.max = 5200ms (fallback to raft.server.rpc.timeout.max)
2023-05-30 05:50:59,836 [0ed3f2b4-6603-4cfa-a0d8-6595115ff82f@group-5DC6EF7DD25E-LeaderElection5-2] INFO  server.GrpcServerProtocolClient (GrpcServerProtocolClient.java:<init>(65)) - Build channel for 55da83fd-970f-4c5a-b7d8-35d4afa09e55
2023-05-30 05:50:59,851 [grpc-default-executor-0] INFO  server.RaftServer$Division (RaftServerImpl.java:requestVote(1302)) - 2201e636-6a5b-4250-af22-17a0252fe45f@group-5DC6EF7DD25E: receive requestVote(PRE_VOTE, 0ed3f2b4-6603-4cfa-a0d8-6595115ff82f, group-5DC6EF7DD25E, 0, (t:0, i:0))
2023-05-30 05:50:59,851 [grpc-default-executor-0] INFO  impl.VoteContext (VoteContext.java:log(49)) - 2201e636-6a5b-4250-af22-17a0252fe45f@group-5DC6EF7DD25E-FOLLOWER: accept PRE_VOTE from 0ed3f2b4-6603-4cfa-a0d8-6595115ff82f: our priority 0 <= candidate's priority 1
2023-05-30 05:50:59,851 [grpc-default-executor-0] INFO  server.RaftServer$Division (RaftServerImpl.java:requestVote(1335)) - 2201e636-6a5b-4250-af22-17a0252fe45f@group-5DC6EF7DD25E replies to PRE_VOTE vote request: 0ed3f2b4-6603-4cfa-a0d8-6595115ff82f<-2201e636-6a5b-4250-af22-17a0252fe45f#0:OK-t0. Peer's state: 2201e636-6a5b-4250-af22-17a0252fe45f@group-5DC6EF7DD25E:t0, leader=null, voted=, raftlog=Memoized:2201e636-6a5b-4250-af22-17a0252fe45f@group-5DC6EF7DD25E-SegmentedRaftLog:OPENED:c-1, conf=-1: peers:[2201e636-6a5b-4250-af22-17a0252fe45f|rpc:10.1.0.18:15032|admin:10.1.0.18:15031|client:10.1.0.18:15030|dataStream:10.1.0.18:15033|priority:0|startupRole:FOLLOWER, 0ed3f2b4-6603-4cfa-a0d8-6595115ff82f|rpc:10.1.0.18:15023|admin:10.1.0.18:15022|client:10.1.0.18:15021|dataStream:10.1.0.18:15024|priority:1|startupRole:FOLLOWER, 55da83fd-970f-4c5a-b7d8-35d4afa09e55|rpc:10.1.0.18:15014|admin:10.1.0.18:15013|client:10.1.0.18:15012|dataStream:10.1.0.18:15015|priority:0|startupRole:FOLLOWER]|listeners:[], old=null
2023-05-30 05:50:59,856 [0ed3f2b4-6603-4cfa-a0d8-6595115ff82f@group-5DC6EF7DD25E-LeaderElection5] INFO  impl.LeaderElection (LeaderElection.java:logAndReturn(90)) - 0ed3f2b4-6603-4cfa-a0d8-6595115ff82f@group-5DC6EF7DD25E-LeaderElection5: PRE_VOTE PASSED received 1 response(s) and 0 exception(s):
2023-05-30 05:50:59,856 [0ed3f2b4-6603-4cfa-a0d8-6595115ff82f@group-5DC6EF7DD25E-LeaderElection5] INFO  impl.LeaderElection (LeaderElection.java:logAndReturn(94)) -   Response 0: 0ed3f2b4-6603-4cfa-a0d8-6595115ff82f<-2201e636-6a5b-4250-af22-17a0252fe45f#0:OK-t0
2023-05-30 05:50:59,857 [0ed3f2b4-6603-4cfa-a0d8-6595115ff82f@group-5DC6EF7DD25E-LeaderElection5] INFO  impl.LeaderElection (LeaderElection.java:askForVotes(323)) - 0ed3f2b4-6603-4cfa-a0d8-6595115ff82f@group-5DC6EF7DD25E-LeaderElection5 PRE_VOTE round 0: result PASSED
2023-05-30 05:50:59,860 [0ed3f2b4-6603-4cfa-a0d8-6595115ff82f@group-5DC6EF7DD25E-LeaderElection5] INFO  impl.LeaderElection (LeaderElection.java:askForVotes(321)) - 0ed3f2b4-6603-4cfa-a0d8-6595115ff82f@group-5DC6EF7DD25E-LeaderElection5 ELECTION round 0: submit vote requests at term 1 for -1: peers:[2201e636-6a5b-4250-af22-17a0252fe45f|rpc:10.1.0.18:15032|admin:10.1.0.18:15031|client:10.1.0.18:15030|dataStream:10.1.0.18:15033|priority:0|startupRole:FOLLOWER, 0ed3f2b4-6603-4cfa-a0d8-6595115ff82f|rpc:10.1.0.18:15023|admin:10.1.0.18:15022|client:10.1.0.18:15021|dataStream:10.1.0.18:15024|priority:1|startupRole:FOLLOWER, 55da83fd-970f-4c5a-b7d8-35d4afa09e55|rpc:10.1.0.18:15014|admin:10.1.0.18:15013|client:10.1.0.18:15012|dataStream:10.1.0.18:15015|priority:0|startupRole:FOLLOWER]|listeners:[], old=null
2023-05-30 05:50:59,860 [grpc-default-executor-0] INFO  server.RaftServer$Division (RaftServerImpl.java:requestVote(1302)) - 55da83fd-970f-4c5a-b7d8-35d4afa09e55@group-5DC6EF7DD25E: receive requestVote(PRE_VOTE, 0ed3f2b4-6603-4cfa-a0d8-6595115ff82f, group-5DC6EF7DD25E, 0, (t:0, i:0))
2023-05-30 05:50:59,862 [0ed3f2b4-6603-4cfa-a0d8-6595115ff82f@group-5DC6EF7DD25E-LeaderElection5] INFO  server.RaftServerConfigKeys (ConfUtils.java:logFallback(53)) - raft.server.rpc.first-election.timeout.min = 5s (fallback to raft.server.rpc.timeout.min)
2023-05-30 05:50:59,862 [grpc-default-executor-0] INFO  impl.VoteContext (VoteContext.java:log(49)) - 55da83fd-970f-4c5a-b7d8-35d4afa09e55@group-5DC6EF7DD25E-FOLLOWER: accept PRE_VOTE from 0ed3f2b4-6603-4cfa-a0d8-6595115ff82f: our priority 0 <= candidate's priority 1
2023-05-30 05:50:59,863 [grpc-default-executor-0] INFO  server.RaftServer$Division (RaftServerImpl.java:requestVote(1335)) - 55da83fd-970f-4c5a-b7d8-35d4afa09e55@group-5DC6EF7DD25E replies to PRE_VOTE vote request: 0ed3f2b4-6603-4cfa-a0d8-6595115ff82f<-55da83fd-970f-4c5a-b7d8-35d4afa09e55#0:OK-t0. Peer's state: 55da83fd-970f-4c5a-b7d8-35d4afa09e55@group-5DC6EF7DD25E:t0, leader=null, voted=, raftlog=Memoized:55da83fd-970f-4c5a-b7d8-35d4afa09e55@group-5DC6EF7DD25E-SegmentedRaftLog:OPENED:c-1, conf=-1: peers:[2201e636-6a5b-4250-af22-17a0252fe45f|rpc:10.1.0.18:15032|admin:10.1.0.18:15031|client:10.1.0.18:15030|dataStream:10.1.0.18:15033|priority:0|startupRole:FOLLOWER, 0ed3f2b4-6603-4cfa-a0d8-6595115ff82f|rpc:10.1.0.18:15023|admin:10.1.0.18:15022|client:10.1.0.18:15021|dataStream:10.1.0.18:15024|priority:1|startupRole:FOLLOWER, 55da83fd-970f-4c5a-b7d8-35d4afa09e55|rpc:10.1.0.18:15014|admin:10.1.0.18:15013|client:10.1.0.18:15012|dataStream:10.1.0.18:15015|priority:0|startupRole:FOLLOWER]|listeners:[], old=null
2023-05-30 05:50:59,863 [0ed3f2b4-6603-4cfa-a0d8-6595115ff82f@group-5DC6EF7DD25E-LeaderElection5] INFO  server.RaftServerConfigKeys (ConfUtils.java:logFallback(53)) - raft.server.rpc.first-election.timeout.max = 5200ms (fallback to raft.server.rpc.timeout.max)
2023-05-30 05:50:59,871 [grpc-default-executor-0] INFO  server.RaftServer$Division (RaftServerImpl.java:requestVote(1302)) - 2201e636-6a5b-4250-af22-17a0252fe45f@group-5DC6EF7DD25E: receive requestVote(ELECTION, 0ed3f2b4-6603-4cfa-a0d8-6595115ff82f, group-5DC6EF7DD25E, 1, (t:0, i:0))
2023-05-30 05:50:59,873 [grpc-default-executor-0] INFO  impl.VoteContext (VoteContext.java:log(49)) - 2201e636-6a5b-4250-af22-17a0252fe45f@group-5DC6EF7DD25E-FOLLOWER: accept ELECTION from 0ed3f2b4-6603-4cfa-a0d8-6595115ff82f: our priority 0 <= candidate's priority 1
2023-05-30 05:50:59,873 [grpc-default-executor-0] INFO  server.RaftServer$Division (RaftServerImpl.java:setRole(329)) - 2201e636-6a5b-4250-af22-17a0252fe45f@group-5DC6EF7DD25E: changes role from  FOLLOWER to FOLLOWER at term 1 for candidate:0ed3f2b4-6603-4cfa-a0d8-6595115ff82f
2023-05-30 05:50:59,873 [grpc-default-executor-0] INFO  impl.RoleInfo (RoleInfo.java:shutdownFollowerState(110)) - 2201e636-6a5b-4250-af22-17a0252fe45f: shutdown 2201e636-6a5b-4250-af22-17a0252fe45f@group-5DC6EF7DD25E-FollowerState
2023-05-30 05:50:59,873 [2201e636-6a5b-4250-af22-17a0252fe45f@group-5DC6EF7DD25E-FollowerState] INFO  impl.FollowerState (FollowerState.java:run(152)) - 2201e636-6a5b-4250-af22-17a0252fe45f@group-5DC6EF7DD25E-FollowerState was interrupted
2023-05-30 05:50:59,874 [grpc-default-executor-0] INFO  impl.RoleInfo (RoleInfo.java:updateAndGet(139)) - 2201e636-6a5b-4250-af22-17a0252fe45f: start 2201e636-6a5b-4250-af22-17a0252fe45f@group-5DC6EF7DD25E-FollowerState
2023-05-30 05:50:59,874 [grpc-default-executor-1] INFO  server.RaftServer$Division (RaftServerImpl.java:requestVote(1302)) - 55da83fd-970f-4c5a-b7d8-35d4afa09e55@group-5DC6EF7DD25E: receive requestVote(ELECTION, 0ed3f2b4-6603-4cfa-a0d8-6595115ff82f, group-5DC6EF7DD25E, 1, (t:0, i:0))
2023-05-30 05:50:59,874 [grpc-default-executor-1] INFO  impl.VoteContext (VoteContext.java:log(49)) - 55da83fd-970f-4c5a-b7d8-35d4afa09e55@group-5DC6EF7DD25E-FOLLOWER: accept ELECTION from 0ed3f2b4-6603-4cfa-a0d8-6595115ff82f: our priority 0 <= candidate's priority 1
2023-05-30 05:50:59,875 [grpc-default-executor-1] INFO  server.RaftServer$Division (RaftServerImpl.java:setRole(329)) - 55da83fd-970f-4c5a-b7d8-35d4afa09e55@group-5DC6EF7DD25E: changes role from  FOLLOWER to FOLLOWER at term 1 for candidate:0ed3f2b4-6603-4cfa-a0d8-6595115ff82f
2023-05-30 05:50:59,875 [grpc-default-executor-1] INFO  impl.RoleInfo (RoleInfo.java:shutdownFollowerState(110)) - 55da83fd-970f-4c5a-b7d8-35d4afa09e55: shutdown 55da83fd-970f-4c5a-b7d8-35d4afa09e55@group-5DC6EF7DD25E-FollowerState
2023-05-30 05:50:59,875 [grpc-default-executor-1] INFO  impl.RoleInfo (RoleInfo.java:updateAndGet(139)) - 55da83fd-970f-4c5a-b7d8-35d4afa09e55: start 55da83fd-970f-4c5a-b7d8-35d4afa09e55@group-5DC6EF7DD25E-FollowerState
2023-05-30 05:50:59,875 [55da83fd-970f-4c5a-b7d8-35d4afa09e55@group-5DC6EF7DD25E-FollowerState] INFO  impl.FollowerState (FollowerState.java:run(152)) - 55da83fd-970f-4c5a-b7d8-35d4afa09e55@group-5DC6EF7DD25E-FollowerState was interrupted
2023-05-30 05:50:59,876 [grpc-default-executor-0] INFO  server.RaftServer$Division (RaftServerImpl.java:requestVote(1335)) - 2201e636-6a5b-4250-af22-17a0252fe45f@group-5DC6EF7DD25E replies to ELECTION vote request: 0ed3f2b4-6603-4cfa-a0d8-6595115ff82f<-2201e636-6a5b-4250-af22-17a0252fe45f#0:OK-t1. Peer's state: 2201e636-6a5b-4250-af22-17a0252fe45f@group-5DC6EF7DD25E:t1, leader=null, voted=0ed3f2b4-6603-4cfa-a0d8-6595115ff82f, raftlog=Memoized:2201e636-6a5b-4250-af22-17a0252fe45f@group-5DC6EF7DD25E-SegmentedRaftLog:OPENED:c-1, conf=-1: peers:[2201e636-6a5b-4250-af22-17a0252fe45f|rpc:10.1.0.18:15032|admin:10.1.0.18:15031|client:10.1.0.18:15030|dataStream:10.1.0.18:15033|priority:0|startupRole:FOLLOWER, 0ed3f2b4-6603-4cfa-a0d8-6595115ff82f|rpc:10.1.0.18:15023|admin:10.1.0.18:15022|client:10.1.0.18:15021|dataStream:10.1.0.18:15024|priority:1|startupRole:FOLLOWER, 55da83fd-970f-4c5a-b7d8-35d4afa09e55|rpc:10.1.0.18:15014|admin:10.1.0.18:15013|client:10.1.0.18:15012|dataStream:10.1.0.18:15015|priority:0|startupRole:FOLLOWER]|listeners:[], old=null
2023-05-30 05:50:59,880 [0ed3f2b4-6603-4cfa-a0d8-6595115ff82f@group-BF066060FF0B-FollowerState] INFO  impl.FollowerState (FollowerState.java:run(143)) - 0ed3f2b4-6603-4cfa-a0d8-6595115ff82f@group-BF066060FF0B-FollowerState: change to CANDIDATE, lastRpcElapsedTime:5051987535ns, electionTimeout:5050ms
2023-05-30 05:50:59,880 [0ed3f2b4-6603-4cfa-a0d8-6595115ff82f@group-BF066060FF0B-FollowerState] INFO  impl.RoleInfo (RoleInfo.java:shutdownFollowerState(110)) - 0ed3f2b4-6603-4cfa-a0d8-6595115ff82f: shutdown 0ed3f2b4-6603-4cfa-a0d8-6595115ff82f@group-BF066060FF0B-FollowerState
2023-05-30 05:50:59,880 [0ed3f2b4-6603-4cfa-a0d8-6595115ff82f@group-BF066060FF0B-FollowerState] INFO  server.RaftServer$Division (RaftServerImpl.java:setRole(329)) - 0ed3f2b4-6603-4cfa-a0d8-6595115ff82f@group-BF066060FF0B: changes role from  FOLLOWER to CANDIDATE at term 0 for changeToCandidate
2023-05-30 05:50:59,881 [0ed3f2b4-6603-4cfa-a0d8-6595115ff82f@group-5DC6EF7DD25E-LeaderElection5] INFO  impl.LeaderElection (LeaderElection.java:logAndReturn(90)) - 0ed3f2b4-6603-4cfa-a0d8-6595115ff82f@group-5DC6EF7DD25E-LeaderElection5: ELECTION PASSED received 1 response(s) and 0 exception(s):
2023-05-30 05:50:59,890 [0ed3f2b4-6603-4cfa-a0d8-6595115ff82f@group-5DC6EF7DD25E-LeaderElection5] INFO  impl.LeaderElection (LeaderElection.java:logAndReturn(94)) -   Response 0: 0ed3f2b4-6603-4cfa-a0d8-6595115ff82f<-2201e636-6a5b-4250-af22-17a0252fe45f#0:OK-t1
2023-05-30 05:50:59,890 [0ed3f2b4-6603-4cfa-a0d8-6595115ff82f@group-5DC6EF7DD25E-LeaderElection5] INFO  impl.LeaderElection (LeaderElection.java:askForVotes(323)) - 0ed3f2b4-6603-4cfa-a0d8-6595115ff82f@group-5DC6EF7DD25E-LeaderElection5 ELECTION round 0: result PASSED
2023-05-30 05:50:59,890 [0ed3f2b4-6603-4cfa-a0d8-6595115ff82f@group-5DC6EF7DD25E-LeaderElection5] INFO  impl.RoleInfo (RoleInfo.java:shutdownLeaderElection(130)) - 0ed3f2b4-6603-4cfa-a0d8-6595115ff82f: shutdown 0ed3f2b4-6603-4cfa-a0d8-6595115ff82f@group-5DC6EF7DD25E-LeaderElection5
2023-05-30 05:50:59,891 [0ed3f2b4-6603-4cfa-a0d8-6595115ff82f@group-5DC6EF7DD25E-LeaderElection5] INFO  server.RaftServer$Division (RaftServerImpl.java:setRole(329)) - 0ed3f2b4-6603-4cfa-a0d8-6595115ff82f@group-5DC6EF7DD25E: changes role from CANDIDATE to LEADER at term 1 for changeToLeader
2023-05-30 05:50:59,891 [0ed3f2b4-6603-4cfa-a0d8-6595115ff82f@group-5DC6EF7DD25E-LeaderElection5] INFO  ratis.XceiverServerRatis (XceiverServerRatis.java:handleLeaderChangedNotification(902)) - Leader change notification received for group: group-5DC6EF7DD25E with new leaderId: 0ed3f2b4-6603-4cfa-a0d8-6595115ff82f
2023-05-30 05:50:59,891 [0ed3f2b4-6603-4cfa-a0d8-6595115ff82f@group-5DC6EF7DD25E-LeaderElection5] INFO  server.RaftServer$Division (ServerState.java:setLeader(317)) - 0ed3f2b4-6603-4cfa-a0d8-6595115ff82f@group-5DC6EF7DD25E: change Leader from null to 0ed3f2b4-6603-4cfa-a0d8-6595115ff82f at term 1 for becomeLeader, leader elected after 5281ms
2023-05-30 05:50:59,891 [0ed3f2b4-6603-4cfa-a0d8-6595115ff82f@group-5DC6EF7DD25E-LeaderElection5] INFO  server.RaftServerConfigKeys (ConfUtils.java:logGet(46)) - raft.server.staging.catchup.gap = 1000 (default)
2023-05-30 05:50:59,891 [0ed3f2b4-6603-4cfa-a0d8-6595115ff82f@group-5DC6EF7DD25E-LeaderElection5] INFO  server.RaftServerConfigKeys (ConfUtils.java:logGet(46)) - raft.server.write.element-limit = 1024 (custom)
2023-05-30 05:50:59,891 [0ed3f2b4-6603-4cfa-a0d8-6595115ff82f@group-5DC6EF7DD25E-LeaderElection5] INFO  server.RaftServerConfigKeys (ConfUtils.java:logGet(46)) - raft.server.write.byte-limit = 1024 M (=1073741824) (custom)
2023-05-30 05:50:59,891 [0ed3f2b4-6603-4cfa-a0d8-6595115ff82f@group-5DC6EF7DD25E-LeaderElection5] INFO  server.RaftServerConfigKeys (ConfUtils.java:logGet(46)) - raft.server.watch.timeout = 10000ms (default)
2023-05-30 05:50:59,892 [0ed3f2b4-6603-4cfa-a0d8-6595115ff82f@group-5DC6EF7DD25E-LeaderElection5] INFO  server.RaftServerConfigKeys (ConfUtils.java:logGet(46)) - raft.server.watch.timeout.denomination = 1s (default)
2023-05-30 05:50:59,892 [0ed3f2b4-6603-4cfa-a0d8-6595115ff82f@group-5DC6EF7DD25E-LeaderElection5] INFO  server.RaftServerConfigKeys (ConfUtils.java:logGet(46)) - raft.server.watch.element-limit = 65536 (default)
2023-05-30 05:50:59,892 [0ed3f2b4-6603-4cfa-a0d8-6595115ff82f@group-5DC6EF7DD25E-LeaderElection5] INFO  server.RaftServerConfigKeys (ConfUtils.java:logGet(46)) - raft.server.write.element-limit = 1024 (custom)
2023-05-30 05:50:59,892 [0ed3f2b4-6603-4cfa-a0d8-6595115ff82f@group-5DC6EF7DD25E-LeaderElection5] INFO  server.RaftServerConfigKeys (ConfUtils.java:logGet(46)) - raft.server.write.follower.gap.ratio.max = -1.0 (default)
2023-05-30 05:50:59,890 [0ed3f2b4-6603-4cfa-a0d8-6595115ff82f@group-BF066060FF0B-FollowerState] INFO  server.RaftServerConfigKeys (ConfUtils.java:logGet(46)) - raft.server.leaderelection.pre-vote = true (default)
2023-05-30 05:50:59,892 [0ed3f2b4-6603-4cfa-a0d8-6595115ff82f@group-BF066060FF0B-FollowerState] INFO  impl.RoleInfo (RoleInfo.java:updateAndGet(139)) - 0ed3f2b4-6603-4cfa-a0d8-6595115ff82f: start 0ed3f2b4-6603-4cfa-a0d8-6595115ff82f@group-BF066060FF0B-LeaderElection6
2023-05-30 05:50:59,902 [grpc-default-executor-1] INFO  server.RaftServer$Division (RaftServerImpl.java:requestVote(1335)) - 55da83fd-970f-4c5a-b7d8-35d4afa09e55@group-5DC6EF7DD25E replies to ELECTION vote request: 0ed3f2b4-6603-4cfa-a0d8-6595115ff82f<-55da83fd-970f-4c5a-b7d8-35d4afa09e55#0:OK-t1. Peer's state: 55da83fd-970f-4c5a-b7d8-35d4afa09e55@group-5DC6EF7DD25E:t1, leader=null, voted=0ed3f2b4-6603-4cfa-a0d8-6595115ff82f, raftlog=Memoized:55da83fd-970f-4c5a-b7d8-35d4afa09e55@group-5DC6EF7DD25E-SegmentedRaftLog:OPENED:c-1, conf=-1: peers:[2201e636-6a5b-4250-af22-17a0252fe45f|rpc:10.1.0.18:15032|admin:10.1.0.18:15031|client:10.1.0.18:15030|dataStream:10.1.0.18:15033|priority:0|startupRole:FOLLOWER, 0ed3f2b4-6603-4cfa-a0d8-6595115ff82f|rpc:10.1.0.18:15023|admin:10.1.0.18:15022|client:10.1.0.18:15021|dataStream:10.1.0.18:15024|priority:1|startupRole:FOLLOWER, 55da83fd-970f-4c5a-b7d8-35d4afa09e55|rpc:10.1.0.18:15014|admin:10.1.0.18:15013|client:10.1.0.18:15012|dataStream:10.1.0.18:15015|priority:0|startupRole:FOLLOWER]|listeners:[], old=null
2023-05-30 05:50:59,904 [EventQueue-PipelineReportForPipelineReportHandler] INFO  pipeline.PipelineManagerImpl (PipelineManagerImpl.java:openPipeline(367)) - Pipeline Pipeline[ Id: 81bd04ba-6959-413d-afc2-5dc6ef7dd25e, Nodes: 55da83fd-970f-4c5a-b7d8-35d4afa09e55(fv-az800-703/10.1.0.18)0ed3f2b4-6603-4cfa-a0d8-6595115ff82f(fv-az800-703/10.1.0.18)2201e636-6a5b-4250-af22-17a0252fe45f(fv-az800-703/10.1.0.18), ReplicationConfig: RATIS/THREE, State:ALLOCATED, leaderId:0ed3f2b4-6603-4cfa-a0d8-6595115ff82f, CreationTimestamp2023-05-30T05:50:51.746Z[Etc/UTC]] moved to OPEN state
2023-05-30 05:50:59,906 [0ed3f2b4-6603-4cfa-a0d8-6595115ff82f@group-BF066060FF0B-LeaderElection6] INFO  impl.LeaderElection (LeaderElection.java:askForVotes(321)) - 0ed3f2b4-6603-4cfa-a0d8-6595115ff82f@group-BF066060FF0B-LeaderElection6 PRE_VOTE round 0: submit vote requests at term 0 for -1: peers:[2201e636-6a5b-4250-af22-17a0252fe45f|rpc:10.1.0.18:15032|admin:10.1.0.18:15031|client:10.1.0.18:15030|dataStream:10.1.0.18:15033|priority:0|startupRole:FOLLOWER, 0ed3f2b4-6603-4cfa-a0d8-6595115ff82f|rpc:10.1.0.18:15023|admin:10.1.0.18:15022|client:10.1.0.18:15021|dataStream:10.1.0.18:15024|priority:0|startupRole:FOLLOWER, 55da83fd-970f-4c5a-b7d8-35d4afa09e55|rpc:10.1.0.18:15014|admin:10.1.0.18:15013|client:10.1.0.18:15012|dataStream:10.1.0.18:15015|priority:1|startupRole:FOLLOWER]|listeners:[], old=null
2023-05-30 05:50:59,908 [EventQueue-OpenPipelineForHealthyPipelineSafeModeRule] INFO  safemode.SCMSafeModeManager (HealthyPipelineSafeModeRule.java:process(137)) - SCM in safe mode. Healthy pipelines reported count is 1, required healthy pipeline reported count is 1
2023-05-30 05:50:59,914 [EventQueue-OpenPipelineForHealthyPipelineSafeModeRule] INFO  safemode.SCMSafeModeManager (SCMSafeModeManager.java:validateSafeModeExitRules(200)) - HealthyPipelineSafeModeRule rule is successfully validated
2023-05-30 05:50:59,914 [EventQueue-OpenPipelineForHealthyPipelineSafeModeRule] INFO  safemode.SCMSafeModeManager (SCMSafeModeManager.java:validateSafeModeExitRules(215)) - ScmSafeModeManager, all rules are successfully validated
2023-05-30 05:50:59,914 [EventQueue-OpenPipelineForHealthyPipelineSafeModeRule] INFO  safemode.SCMSafeModeManager (SCMSafeModeManager.java:exitSafeMode(244)) - SCM exiting safe mode.
2023-05-30 05:50:59,914 [EventQueue-OpenPipelineForHealthyPipelineSafeModeRule] INFO  ha.SCMContext (SCMContext.java:updateSafeModeStatus(228)) - Update SafeModeStatus from SafeModeStatus{safeModeStatus=true, preCheckPassed=true} to SafeModeStatus{safeModeStatus=false, preCheckPassed=true}.
2023-05-30 05:50:59,914 [EventQueue-OpenPipelineForHealthyPipelineSafeModeRule] INFO  pipeline.BackgroundPipelineCreator (BackgroundPipelineCreator.java:notifyStatusChanged(254)) - Service BackgroundPipelineCreator transitions to RUNNING.
2023-05-30 05:50:59,914 [EventQueue-OpenPipelineForHealthyPipelineSafeModeRule] INFO  BackgroundPipelineScrubber (BackgroundSCMService.java:notifyStatusChanged(82)) - Service BackgroundPipelineScrubber transitions to RUNNING.
2023-05-30 05:50:59,915 [EventQueue-OpenPipelineForHealthyPipelineSafeModeRule] INFO  ExpiredContainerReplicaOpScrubber (BackgroundSCMService.java:notifyStatusChanged(82)) - Service ExpiredContainerReplicaOpScrubber transitions to RUNNING.
2023-05-30 05:50:59,915 [EventQueue-OpenPipelineForHealthyPipelineSafeModeRule] INFO  replication.ReplicationManager (ReplicationManager.java:notifyStatusChanged(1377)) - Service ReplicationManager transitions to RUNNING.
2023-05-30 05:50:59,918 [EventQueue-OpenPipelineForHealthyPipelineSafeModeRule] WARN  balancer.ContainerBalancer (ContainerBalancer.java:shouldRun(135)) - Could not find persisted configuration for ContainerBalancer when checking if ContainerBalancer should run. ContainerBalancer should not run now.
2023-05-30 05:50:59,919 [0ed3f2b4-6603-4cfa-a0d8-6595115ff82f@group-5DC6EF7DD25E-LeaderElection5] INFO  server.RaftServerConfigKeys (ConfUtils.java:logGet(46)) - raft.server.log.appender.snapshot.chunk.size.max = 16MB (=16777216) (default)
2023-05-30 05:50:59,922 [0ed3f2b4-6603-4cfa-a0d8-6595115ff82f@group-5DC6EF7DD25E-LeaderElection5] INFO  server.RaftServerConfigKeys (ConfUtils.java:logGet(46)) - raft.server.log.appender.buffer.byte-limit = 33554432 (custom)
2023-05-30 05:50:59,923 [0ed3f2b4-6603-4cfa-a0d8-6595115ff82f@group-5DC6EF7DD25E-LeaderElection5] INFO  server.RaftServerConfigKeys (ConfUtils.java:logGet(46)) - raft.server.log.appender.buffer.element-limit = 1 (custom)
2023-05-30 05:50:59,923 [grpc-default-executor-1] INFO  server.RaftServer$Division (RaftServerImpl.java:requestVote(1302)) - 2201e636-6a5b-4250-af22-17a0252fe45f@group-BF066060FF0B: receive requestVote(PRE_VOTE, 0ed3f2b4-6603-4cfa-a0d8-6595115ff82f, group-BF066060FF0B, 0, (t:0, i:0))
2023-05-30 05:50:59,924 [grpc-default-executor-1] INFO  impl.VoteContext (VoteContext.java:log(49)) - 2201e636-6a5b-4250-af22-17a0252fe45f@group-BF066060FF0B-FOLLOWER: accept PRE_VOTE from 0ed3f2b4-6603-4cfa-a0d8-6595115ff82f: our priority 0 <= candidate's priority 0
2023-05-30 05:50:59,924 [grpc-default-executor-1] INFO  server.RaftServer$Division (RaftServerImpl.java:requestVote(1335)) - 2201e636-6a5b-4250-af22-17a0252fe45f@group-BF066060FF0B replies to PRE_VOTE vote request: 0ed3f2b4-6603-4cfa-a0d8-6595115ff82f<-2201e636-6a5b-4250-af22-17a0252fe45f#0:OK-t0. Peer's state: 2201e636-6a5b-4250-af22-17a0252fe45f@group-BF066060FF0B:t0, leader=null, voted=, raftlog=Memoized:2201e636-6a5b-4250-af22-17a0252fe45f@group-BF066060FF0B-SegmentedRaftLog:OPENED:c-1, conf=-1: peers:[2201e636-6a5b-4250-af22-17a0252fe45f|rpc:10.1.0.18:15032|admin:10.1.0.18:15031|client:10.1.0.18:15030|dataStream:10.1.0.18:15033|priority:0|startupRole:FOLLOWER, 0ed3f2b4-6603-4cfa-a0d8-6595115ff82f|rpc:10.1.0.18:15023|admin:10.1.0.18:15022|client:10.1.0.18:15021|dataStream:10.1.0.18:15024|priority:0|startupRole:FOLLOWER, 55da83fd-970f-4c5a-b7d8-35d4afa09e55|rpc:10.1.0.18:15014|admin:10.1.0.18:15013|client:10.1.0.18:15012|dataStream:10.1.0.18:15015|priority:1|startupRole:FOLLOWER]|listeners:[], old=null
2023-05-30 05:50:59,922 [0ed3f2b4-6603-4cfa-a0d8-6595115ff82f@group-BF066060FF0B-LeaderElection6] INFO  server.RaftServerConfigKeys (ConfUtils.java:logFallback(53)) - raft.server.rpc.first-election.timeout.min = 5s (fallback to raft.server.rpc.timeout.min)
2023-05-30 05:50:59,925 [0ed3f2b4-6603-4cfa-a0d8-6595115ff82f@group-BF066060FF0B-LeaderElection6] INFO  server.RaftServerConfigKeys (ConfUtils.java:logFallback(53)) - raft.server.rpc.first-election.timeout.max = 5200ms (fallback to raft.server.rpc.timeout.max)
2023-05-30 05:50:59,927 [0ed3f2b4-6603-4cfa-a0d8-6595115ff82f@group-5DC6EF7DD25E-LeaderElection5] INFO  server.RaftServerConfigKeys (ConfUtils.java:logGet(46)) - raft.server.log.appender.wait-time.min = 10ms (default)
2023-05-30 05:50:59,929 [0ed3f2b4-6603-4cfa-a0d8-6595115ff82f@group-5DC6EF7DD25E-LeaderElection5] INFO  grpc.GrpcConfigKeys (ConfUtils.java:logGet(46)) - raft.grpc.server.leader.outstanding.appends.max = 128 (default)
2023-05-30 05:50:59,929 [0ed3f2b4-6603-4cfa-a0d8-6595115ff82f@group-5DC6EF7DD25E-LeaderElection5] INFO  server.RaftServerConfigKeys (ConfUtils.java:logGet(46)) - raft.server.rpc.request.timeout = 3000ms (default)
2023-05-30 05:50:59,929 [0ed3f2b4-6603-4cfa-a0d8-6595115ff82f@group-5DC6EF7DD25E-LeaderElection5] INFO  grpc.GrpcConfigKeys (ConfUtils.java:logGet(46)) - raft.grpc.server.install_snapshot.request.element-limit = 8 (default)
2023-05-30 05:50:59,929 [0ed3f2b4-6603-4cfa-a0d8-6595115ff82f@group-5DC6EF7DD25E-LeaderElection5] INFO  grpc.GrpcConfigKeys (ConfUtils.java:logGet(46)) - raft.grpc.server.install_snapshot.request.timeout = 3000ms (default)
2023-05-30 05:50:59,929 [0ed3f2b4-6603-4cfa-a0d8-6595115ff82f@group-5DC6EF7DD25E-LeaderElection5] INFO  server.RaftServerConfigKeys (ConfUtils.java:logGet(46)) - raft.server.log.appender.install.snapshot.enabled = false (custom)
2023-05-30 05:50:59,929 [0ed3f2b4-6603-4cfa-a0d8-6595115ff82f@group-5DC6EF7DD25E-LeaderElection5] INFO  grpc.GrpcConfigKeys (ConfUtils.java:logGet(46)) - raft.grpc.server.heartbeat.channel = true (default)
2023-05-30 05:50:59,934 [grpc-default-executor-1] INFO  server.RaftServer$Division (RaftServerImpl.java:requestVote(1302)) - 55da83fd-970f-4c5a-b7d8-35d4afa09e55@group-BF066060FF0B: receive requestVote(PRE_VOTE, 0ed3f2b4-6603-4cfa-a0d8-6595115ff82f, group-BF066060FF0B, 0, (t:0, i:0))
2023-05-30 05:50:59,934 [grpc-default-executor-1] INFO  impl.VoteContext (VoteContext.java:log(49)) - 55da83fd-970f-4c5a-b7d8-35d4afa09e55@group-BF066060FF0B-FOLLOWER: reject PRE_VOTE from 0ed3f2b4-6603-4cfa-a0d8-6595115ff82f: our priority 1 > candidate's priority 0
2023-05-30 05:50:59,934 [grpc-default-executor-1] INFO  server.RaftServer$Division (RaftServerImpl.java:requestVote(1335)) - 55da83fd-970f-4c5a-b7d8-35d4afa09e55@group-BF066060FF0B replies to PRE_VOTE vote request: 0ed3f2b4-6603-4cfa-a0d8-6595115ff82f<-55da83fd-970f-4c5a-b7d8-35d4afa09e55#0:FAIL-t0. Peer's state: 55da83fd-970f-4c5a-b7d8-35d4afa09e55@group-BF066060FF0B:t0, leader=null, voted=, raftlog=Memoized:55da83fd-970f-4c5a-b7d8-35d4afa09e55@group-BF066060FF0B-SegmentedRaftLog:OPENED:c-1, conf=-1: peers:[2201e636-6a5b-4250-af22-17a0252fe45f|rpc:10.1.0.18:15032|admin:10.1.0.18:15031|client:10.1.0.18:15030|dataStream:10.1.0.18:15033|priority:0|startupRole:FOLLOWER, 0ed3f2b4-6603-4cfa-a0d8-6595115ff82f|rpc:10.1.0.18:15023|admin:10.1.0.18:15022|client:10.1.0.18:15021|dataStream:10.1.0.18:15024|priority:0|startupRole:FOLLOWER, 55da83fd-970f-4c5a-b7d8-35d4afa09e55|rpc:10.1.0.18:15014|admin:10.1.0.18:15013|client:10.1.0.18:15012|dataStream:10.1.0.18:15015|priority:1|startupRole:FOLLOWER]|listeners:[], old=null
2023-05-30 05:50:59,936 [0ed3f2b4-6603-4cfa-a0d8-6595115ff82f@group-BF066060FF0B-LeaderElection6] INFO  impl.LeaderElection (LeaderElection.java:logAndReturn(90)) - 0ed3f2b4-6603-4cfa-a0d8-6595115ff82f@group-BF066060FF0B-LeaderElection6: PRE_VOTE REJECTED received 2 response(s) and 0 exception(s):
2023-05-30 05:50:59,936 [0ed3f2b4-6603-4cfa-a0d8-6595115ff82f@group-BF066060FF0B-LeaderElection6] INFO  impl.LeaderElection (LeaderElection.java:logAndReturn(94)) -   Response 0: 0ed3f2b4-6603-4cfa-a0d8-6595115ff82f<-2201e636-6a5b-4250-af22-17a0252fe45f#0:OK-t0
2023-05-30 05:50:59,936 [0ed3f2b4-6603-4cfa-a0d8-6595115ff82f@group-BF066060FF0B-LeaderElection6] INFO  impl.LeaderElection (LeaderElection.java:logAndReturn(94)) -   Response 1: 0ed3f2b4-6603-4cfa-a0d8-6595115ff82f<-55da83fd-970f-4c5a-b7d8-35d4afa09e55#0:FAIL-t0
2023-05-30 05:50:59,936 [0ed3f2b4-6603-4cfa-a0d8-6595115ff82f@group-BF066060FF0B-LeaderElection6] INFO  impl.LeaderElection (LeaderElection.java:askForVotes(323)) - 0ed3f2b4-6603-4cfa-a0d8-6595115ff82f@group-BF066060FF0B-LeaderElection6 PRE_VOTE round 0: result REJECTED
2023-05-30 05:50:59,936 [0ed3f2b4-6603-4cfa-a0d8-6595115ff82f@group-BF066060FF0B-LeaderElection6] INFO  server.RaftServer$Division (RaftServerImpl.java:setRole(329)) - 0ed3f2b4-6603-4cfa-a0d8-6595115ff82f@group-BF066060FF0B: changes role from CANDIDATE to FOLLOWER at term 0 for REJECTED
2023-05-30 05:50:59,936 [0ed3f2b4-6603-4cfa-a0d8-6595115ff82f@group-BF066060FF0B-LeaderElection6] INFO  impl.RoleInfo (RoleInfo.java:shutdownLeaderElection(130)) - 0ed3f2b4-6603-4cfa-a0d8-6595115ff82f: shutdown 0ed3f2b4-6603-4cfa-a0d8-6595115ff82f@group-BF066060FF0B-LeaderElection6
2023-05-30 05:50:59,936 [0ed3f2b4-6603-4cfa-a0d8-6595115ff82f@group-BF066060FF0B-LeaderElection6] INFO  impl.RoleInfo (RoleInfo.java:updateAndGet(139)) - 0ed3f2b4-6603-4cfa-a0d8-6595115ff82f: start 0ed3f2b4-6603-4cfa-a0d8-6595115ff82f@group-BF066060FF0B-FollowerState
2023-05-30 05:50:59,955 [0ed3f2b4-6603-4cfa-a0d8-6595115ff82f@group-5DC6EF7DD25E-LeaderElection5] INFO  server.RaftServerConfigKeys (ConfUtils.java:logGet(46)) - raft.server.log.appender.snapshot.chunk.size.max = 16MB (=16777216) (default)
2023-05-30 05:50:59,956 [0ed3f2b4-6603-4cfa-a0d8-6595115ff82f@group-5DC6EF7DD25E-LeaderElection5] INFO  server.RaftServerConfigKeys (ConfUtils.java:logGet(46)) - raft.server.log.appender.buffer.byte-limit = 33554432 (custom)
2023-05-30 05:50:59,956 [0ed3f2b4-6603-4cfa-a0d8-6595115ff82f@group-5DC6EF7DD25E-LeaderElection5] INFO  server.RaftServerConfigKeys (ConfUtils.java:logGet(46)) - raft.server.log.appender.buffer.element-limit = 1 (custom)
2023-05-30 05:50:59,957 [0ed3f2b4-6603-4cfa-a0d8-6595115ff82f@group-5DC6EF7DD25E-LeaderElection5] INFO  server.RaftServerConfigKeys (ConfUtils.java:logGet(46)) - raft.server.log.appender.wait-time.min = 10ms (default)
2023-05-30 05:50:59,957 [0ed3f2b4-6603-4cfa-a0d8-6595115ff82f@group-5DC6EF7DD25E-LeaderElection5] INFO  grpc.GrpcConfigKeys (ConfUtils.java:logGet(46)) - raft.grpc.server.leader.outstanding.appends.max = 128 (default)
2023-05-30 05:50:59,957 [0ed3f2b4-6603-4cfa-a0d8-6595115ff82f@group-5DC6EF7DD25E-LeaderElection5] INFO  server.RaftServerConfigKeys (ConfUtils.java:logGet(46)) - raft.server.rpc.request.timeout = 3000ms (default)
2023-05-30 05:50:59,957 [0ed3f2b4-6603-4cfa-a0d8-6595115ff82f@group-5DC6EF7DD25E-LeaderElection5] INFO  grpc.GrpcConfigKeys (ConfUtils.java:logGet(46)) - raft.grpc.server.install_snapshot.request.element-limit = 8 (default)
2023-05-30 05:50:59,957 [0ed3f2b4-6603-4cfa-a0d8-6595115ff82f@group-5DC6EF7DD25E-LeaderElection5] INFO  grpc.GrpcConfigKeys (ConfUtils.java:logGet(46)) - raft.grpc.server.install_snapshot.request.timeout = 3000ms (default)
2023-05-30 05:50:59,957 [0ed3f2b4-6603-4cfa-a0d8-6595115ff82f@group-5DC6EF7DD25E-LeaderElection5] INFO  server.RaftServerConfigKeys (ConfUtils.java:logGet(46)) - raft.server.log.appender.install.snapshot.enabled = false (custom)
2023-05-30 05:50:59,957 [0ed3f2b4-6603-4cfa-a0d8-6595115ff82f@group-5DC6EF7DD25E-LeaderElection5] INFO  grpc.GrpcConfigKeys (ConfUtils.java:logGet(46)) - raft.grpc.server.heartbeat.channel = true (default)
2023-05-30 05:50:59,960 [0ed3f2b4-6603-4cfa-a0d8-6595115ff82f@group-5DC6EF7DD25E-LeaderElection5] INFO  impl.RoleInfo (RoleInfo.java:updateAndGet(139)) - 0ed3f2b4-6603-4cfa-a0d8-6595115ff82f: start 0ed3f2b4-6603-4cfa-a0d8-6595115ff82f@group-5DC6EF7DD25E-LeaderStateImpl
2023-05-30 05:50:59,960 [0ed3f2b4-6603-4cfa-a0d8-6595115ff82f@group-5DC6EF7DD25E-LeaderElection5] INFO  segmented.SegmentedRaftLogWorker (SegmentedRaftLogWorker.java:startLogSegment(447)) - 0ed3f2b4-6603-4cfa-a0d8-6595115ff82f@group-5DC6EF7DD25E-SegmentedRaftLogWorker: Starting segment from index:0
2023-05-30 05:50:59,961 [2201e636-6a5b-4250-af22-17a0252fe45f@group-33FE9FAF7750-FollowerState] INFO  impl.FollowerState (FollowerState.java:run(143)) - 2201e636-6a5b-4250-af22-17a0252fe45f@group-33FE9FAF7750-FollowerState: change to CANDIDATE, lastRpcElapsedTime:5080453421ns, electionTimeout:5035ms
2023-05-30 05:50:59,961 [2201e636-6a5b-4250-af22-17a0252fe45f@group-33FE9FAF7750-FollowerState] INFO  impl.RoleInfo (RoleInfo.java:shutdownFollowerState(110)) - 2201e636-6a5b-4250-af22-17a0252fe45f: shutdown 2201e636-6a5b-4250-af22-17a0252fe45f@group-33FE9FAF7750-FollowerState
2023-05-30 05:50:59,961 [2201e636-6a5b-4250-af22-17a0252fe45f@group-33FE9FAF7750-FollowerState] INFO  server.RaftServer$Division (RaftServerImpl.java:setRole(329)) - 2201e636-6a5b-4250-af22-17a0252fe45f@group-33FE9FAF7750: changes role from  FOLLOWER to CANDIDATE at term 0 for changeToCandidate
2023-05-30 05:50:59,966 [0ed3f2b4-6603-4cfa-a0d8-6595115ff82f@group-5DC6EF7DD25E-SegmentedRaftLogWorker] INFO  segmented.SegmentedRaftLogWorker (SegmentedRaftLogWorker.java:execute(651)) - 0ed3f2b4-6603-4cfa-a0d8-6595115ff82f@group-5DC6EF7DD25E-SegmentedRaftLogWorker: created new log segment /home/runner/work/ozone/ozone/hadoop-ozone/integration-test/target/test-dir/MiniOzoneClusterImpl-14387da3-0fdf-4878-9e7f-f07e3baca9b9/datanode-1/data/ratis/81bd04ba-6959-413d-afc2-5dc6ef7dd25e/current/log_inprogress_0
2023-05-30 05:50:59,975 [2201e636-6a5b-4250-af22-17a0252fe45f@group-33FE9FAF7750-FollowerState] INFO  server.RaftServerConfigKeys (ConfUtils.java:logGet(46)) - raft.server.leaderelection.pre-vote = true (default)
2023-05-30 05:50:59,975 [2201e636-6a5b-4250-af22-17a0252fe45f@group-33FE9FAF7750-FollowerState] INFO  impl.RoleInfo (RoleInfo.java:updateAndGet(139)) - 2201e636-6a5b-4250-af22-17a0252fe45f: start 2201e636-6a5b-4250-af22-17a0252fe45f@group-33FE9FAF7750-LeaderElection7
2023-05-30 05:50:59,983 [0ed3f2b4-6603-4cfa-a0d8-6595115ff82f@group-5DC6EF7DD25E-LeaderElection5] INFO  server.RaftServer$Division (ServerState.java:setRaftConf(434)) - 0ed3f2b4-6603-4cfa-a0d8-6595115ff82f@group-5DC6EF7DD25E: set configuration 0: peers:[2201e636-6a5b-4250-af22-17a0252fe45f|rpc:10.1.0.18:15032|admin:10.1.0.18:15031|client:10.1.0.18:15030|dataStream:10.1.0.18:15033|priority:0|startupRole:FOLLOWER, 0ed3f2b4-6603-4cfa-a0d8-6595115ff82f|rpc:10.1.0.18:15023|admin:10.1.0.18:15022|client:10.1.0.18:15021|dataStream:10.1.0.18:15024|priority:1|startupRole:FOLLOWER, 55da83fd-970f-4c5a-b7d8-35d4afa09e55|rpc:10.1.0.18:15014|admin:10.1.0.18:15013|client:10.1.0.18:15012|dataStream:10.1.0.18:15015|priority:0|startupRole:FOLLOWER]|listeners:[], old=null
2023-05-30 05:51:00,001 [2201e636-6a5b-4250-af22-17a0252fe45f@group-33FE9FAF7750-LeaderElection7] INFO  impl.LeaderElection (LeaderElection.java:askForVotes(321)) - 2201e636-6a5b-4250-af22-17a0252fe45f@group-33FE9FAF7750-LeaderElection7 PRE_VOTE round 0: submit vote requests at term 0 for -1: peers:[2201e636-6a5b-4250-af22-17a0252fe45f|rpc:10.1.0.18:15032|admin:10.1.0.18:15031|client:10.1.0.18:15030|dataStream:10.1.0.18:15033|priority:1|startupRole:FOLLOWER]|listeners:[], old=null
2023-05-30 05:51:00,001 [2201e636-6a5b-4250-af22-17a0252fe45f@group-33FE9FAF7750-LeaderElection7] INFO  impl.LeaderElection (LeaderElection.java:askForVotes(323)) - 2201e636-6a5b-4250-af22-17a0252fe45f@group-33FE9FAF7750-LeaderElection7 PRE_VOTE round 0: result PASSED (term=0)
2023-05-30 05:51:00,013 [2201e636-6a5b-4250-af22-17a0252fe45f@group-33FE9FAF7750-LeaderElection7] INFO  impl.LeaderElection (LeaderElection.java:askForVotes(321)) - 2201e636-6a5b-4250-af22-17a0252fe45f@group-33FE9FAF7750-LeaderElection7 ELECTION round 0: submit vote requests at term 1 for -1: peers:[2201e636-6a5b-4250-af22-17a0252fe45f|rpc:10.1.0.18:15032|admin:10.1.0.18:15031|client:10.1.0.18:15030|dataStream:10.1.0.18:15033|priority:1|startupRole:FOLLOWER]|listeners:[], old=null
2023-05-30 05:51:00,013 [2201e636-6a5b-4250-af22-17a0252fe45f@group-33FE9FAF7750-LeaderElection7] INFO  impl.LeaderElection (LeaderElection.java:askForVotes(323)) - 2201e636-6a5b-4250-af22-17a0252fe45f@group-33FE9FAF7750-LeaderElection7 ELECTION round 0: result PASSED (term=1)
2023-05-30 05:51:00,013 [2201e636-6a5b-4250-af22-17a0252fe45f@group-33FE9FAF7750-LeaderElection7] INFO  impl.RoleInfo (RoleInfo.java:shutdownLeaderElection(130)) - 2201e636-6a5b-4250-af22-17a0252fe45f: shutdown 2201e636-6a5b-4250-af22-17a0252fe45f@group-33FE9FAF7750-LeaderElection7
2023-05-30 05:51:00,013 [2201e636-6a5b-4250-af22-17a0252fe45f@group-33FE9FAF7750-LeaderElection7] INFO  server.RaftServer$Division (RaftServerImpl.java:setRole(329)) - 2201e636-6a5b-4250-af22-17a0252fe45f@group-33FE9FAF7750: changes role from CANDIDATE to LEADER at term 1 for changeToLeader
2023-05-30 05:51:00,013 [2201e636-6a5b-4250-af22-17a0252fe45f@group-33FE9FAF7750-LeaderElection7] INFO  ratis.XceiverServerRatis (XceiverServerRatis.java:handleLeaderChangedNotification(902)) - Leader change notification received for group: group-33FE9FAF7750 with new leaderId: 2201e636-6a5b-4250-af22-17a0252fe45f
2023-05-30 05:51:00,016 [2201e636-6a5b-4250-af22-17a0252fe45f@group-33FE9FAF7750-LeaderElection7] INFO  server.RaftServer$Division (ServerState.java:setLeader(317)) - 2201e636-6a5b-4250-af22-17a0252fe45f@group-33FE9FAF7750: change Leader from null to 2201e636-6a5b-4250-af22-17a0252fe45f at term 1 for becomeLeader, leader elected after 5243ms
2023-05-30 05:51:00,016 [2201e636-6a5b-4250-af22-17a0252fe45f@group-33FE9FAF7750-LeaderElection7] INFO  server.RaftServerConfigKeys (ConfUtils.java:logGet(46)) - raft.server.staging.catchup.gap = 1000 (default)
2023-05-30 05:51:00,016 [2201e636-6a5b-4250-af22-17a0252fe45f@group-33FE9FAF7750-LeaderElection7] INFO  server.RaftServerConfigKeys (ConfUtils.java:logGet(46)) - raft.server.write.element-limit = 1024 (custom)
2023-05-30 05:51:00,016 [2201e636-6a5b-4250-af22-17a0252fe45f@group-33FE9FAF7750-LeaderElection7] INFO  server.RaftServerConfigKeys (ConfUtils.java:logGet(46)) - raft.server.write.byte-limit = 1024 M (=1073741824) (custom)
2023-05-30 05:51:00,017 [2201e636-6a5b-4250-af22-17a0252fe45f@group-33FE9FAF7750-LeaderElection7] INFO  server.RaftServerConfigKeys (ConfUtils.java:logGet(46)) - raft.server.watch.timeout = 10000ms (default)
2023-05-30 05:51:00,017 [2201e636-6a5b-4250-af22-17a0252fe45f@group-33FE9FAF7750-LeaderElection7] INFO  server.RaftServerConfigKeys (ConfUtils.java:logGet(46)) - raft.server.watch.timeout.denomination = 1s (default)
2023-05-30 05:51:00,017 [2201e636-6a5b-4250-af22-17a0252fe45f@group-33FE9FAF7750-LeaderElection7] INFO  server.RaftServerConfigKeys (ConfUtils.java:logGet(46)) - raft.server.watch.element-limit = 65536 (default)
2023-05-30 05:51:00,017 [2201e636-6a5b-4250-af22-17a0252fe45f@group-33FE9FAF7750-LeaderElection7] INFO  server.RaftServerConfigKeys (ConfUtils.java:logGet(46)) - raft.server.write.element-limit = 1024 (custom)
2023-05-30 05:51:00,017 [2201e636-6a5b-4250-af22-17a0252fe45f@group-33FE9FAF7750-LeaderElection7] INFO  server.RaftServerConfigKeys (ConfUtils.java:logGet(46)) - raft.server.write.follower.gap.ratio.max = -1.0 (default)
2023-05-30 05:51:00,017 [2201e636-6a5b-4250-af22-17a0252fe45f@group-33FE9FAF7750-LeaderElection7] INFO  impl.RoleInfo (RoleInfo.java:updateAndGet(139)) - 2201e636-6a5b-4250-af22-17a0252fe45f: start 2201e636-6a5b-4250-af22-17a0252fe45f@group-33FE9FAF7750-LeaderStateImpl
2023-05-30 05:51:00,017 [2201e636-6a5b-4250-af22-17a0252fe45f@group-33FE9FAF7750-LeaderElection7] INFO  segmented.SegmentedRaftLogWorker (SegmentedRaftLogWorker.java:startLogSegment(447)) - 2201e636-6a5b-4250-af22-17a0252fe45f@group-33FE9FAF7750-SegmentedRaftLogWorker: Starting segment from index:0
2023-05-30 05:51:00,025 [2201e636-6a5b-4250-af22-17a0252fe45f@group-33FE9FAF7750-SegmentedRaftLogWorker] INFO  segmented.SegmentedRaftLogWorker (SegmentedRaftLogWorker.java:execute(651)) - 2201e636-6a5b-4250-af22-17a0252fe45f@group-33FE9FAF7750-SegmentedRaftLogWorker: created new log segment /home/runner/work/ozone/ozone/hadoop-ozone/integration-test/target/test-dir/MiniOzoneClusterImpl-14387da3-0fdf-4878-9e7f-f07e3baca9b9/datanode-2/data/ratis/4b177356-d6d8-4fae-8219-33fe9faf7750/current/log_inprogress_0
2023-05-30 05:51:00,036 [2201e636-6a5b-4250-af22-17a0252fe45f@group-33FE9FAF7750-LeaderElection7] INFO  server.RaftServer$Division (ServerState.java:setRaftConf(434)) - 2201e636-6a5b-4250-af22-17a0252fe45f@group-33FE9FAF7750: set configuration 0: peers:[2201e636-6a5b-4250-af22-17a0252fe45f|rpc:10.1.0.18:15032|admin:10.1.0.18:15031|client:10.1.0.18:15030|dataStream:10.1.0.18:15033|priority:1|startupRole:FOLLOWER]|listeners:[], old=null
2023-05-30 05:51:00,050 [2201e636-6a5b-4250-af22-17a0252fe45f-server-thread2] INFO  ratis.XceiverServerRatis (XceiverServerRatis.java:handleLeaderChangedNotification(902)) - Leader change notification received for group: group-5DC6EF7DD25E with new leaderId: 0ed3f2b4-6603-4cfa-a0d8-6595115ff82f
2023-05-30 05:51:00,050 [2201e636-6a5b-4250-af22-17a0252fe45f-server-thread2] INFO  server.RaftServer$Division (ServerState.java:setLeader(317)) - 2201e636-6a5b-4250-af22-17a0252fe45f@group-5DC6EF7DD25E: change Leader from null to 0ed3f2b4-6603-4cfa-a0d8-6595115ff82f at term 1 for appendEntries, leader elected after 5306ms
2023-05-30 05:51:00,055 [55da83fd-970f-4c5a-b7d8-35d4afa09e55-server-thread1] INFO  ratis.XceiverServerRatis (XceiverServerRatis.java:handleLeaderChangedNotification(902)) - Leader change notification received for group: group-5DC6EF7DD25E with new leaderId: 0ed3f2b4-6603-4cfa-a0d8-6595115ff82f
2023-05-30 05:51:00,055 [55da83fd-970f-4c5a-b7d8-35d4afa09e55-server-thread1] INFO  server.RaftServer$Division (ServerState.java:setLeader(317)) - 55da83fd-970f-4c5a-b7d8-35d4afa09e55@group-5DC6EF7DD25E: change Leader from null to 0ed3f2b4-6603-4cfa-a0d8-6595115ff82f at term 1 for appendEntries, leader elected after 6146ms
2023-05-30 05:51:00,064 [55da83fd-970f-4c5a-b7d8-35d4afa09e55-server-thread1] INFO  server.RaftServer$Division (ServerState.java:setRaftConf(434)) - 55da83fd-970f-4c5a-b7d8-35d4afa09e55@group-5DC6EF7DD25E: set configuration 0: peers:[2201e636-6a5b-4250-af22-17a0252fe45f|rpc:10.1.0.18:15032|admin:10.1.0.18:15031|client:10.1.0.18:15030|dataStream:10.1.0.18:15033|priority:0|startupRole:FOLLOWER, 0ed3f2b4-6603-4cfa-a0d8-6595115ff82f|rpc:10.1.0.18:15023|admin:10.1.0.18:15022|client:10.1.0.18:15021|dataStream:10.1.0.18:15024|priority:1|startupRole:FOLLOWER, 55da83fd-970f-4c5a-b7d8-35d4afa09e55|rpc:10.1.0.18:15014|admin:10.1.0.18:15013|client:10.1.0.18:15012|dataStream:10.1.0.18:15015|priority:0|startupRole:FOLLOWER]|listeners:[], old=null
2023-05-30 05:51:00,064 [2201e636-6a5b-4250-af22-17a0252fe45f-server-thread1] INFO  server.RaftServer$Division (ServerState.java:setRaftConf(434)) - 2201e636-6a5b-4250-af22-17a0252fe45f@group-5DC6EF7DD25E: set configuration 0: peers:[2201e636-6a5b-4250-af22-17a0252fe45f|rpc:10.1.0.18:15032|admin:10.1.0.18:15031|client:10.1.0.18:15030|dataStream:10.1.0.18:15033|priority:0|startupRole:FOLLOWER, 0ed3f2b4-6603-4cfa-a0d8-6595115ff82f|rpc:10.1.0.18:15023|admin:10.1.0.18:15022|client:10.1.0.18:15021|dataStream:10.1.0.18:15024|priority:1|startupRole:FOLLOWER, 55da83fd-970f-4c5a-b7d8-35d4afa09e55|rpc:10.1.0.18:15014|admin:10.1.0.18:15013|client:10.1.0.18:15012|dataStream:10.1.0.18:15015|priority:0|startupRole:FOLLOWER]|listeners:[], old=null
2023-05-30 05:51:00,065 [2201e636-6a5b-4250-af22-17a0252fe45f-server-thread1] INFO  segmented.SegmentedRaftLogWorker (SegmentedRaftLogWorker.java:startLogSegment(447)) - 2201e636-6a5b-4250-af22-17a0252fe45f@group-5DC6EF7DD25E-SegmentedRaftLogWorker: Starting segment from index:0
2023-05-30 05:51:00,066 [2201e636-6a5b-4250-af22-17a0252fe45f@group-5DC6EF7DD25E-SegmentedRaftLogWorker] INFO  segmented.SegmentedRaftLogWorker (SegmentedRaftLogWorker.java:execute(651)) - 2201e636-6a5b-4250-af22-17a0252fe45f@group-5DC6EF7DD25E-SegmentedRaftLogWorker: created new log segment /home/runner/work/ozone/ozone/hadoop-ozone/integration-test/target/test-dir/MiniOzoneClusterImpl-14387da3-0fdf-4878-9e7f-f07e3baca9b9/datanode-2/data/ratis/81bd04ba-6959-413d-afc2-5dc6ef7dd25e/current/log_inprogress_0
2023-05-30 05:51:00,070 [55da83fd-970f-4c5a-b7d8-35d4afa09e55-server-thread1] INFO  segmented.SegmentedRaftLogWorker (SegmentedRaftLogWorker.java:startLogSegment(447)) - 55da83fd-970f-4c5a-b7d8-35d4afa09e55@group-5DC6EF7DD25E-SegmentedRaftLogWorker: Starting segment from index:0
2023-05-30 05:51:00,083 [55da83fd-970f-4c5a-b7d8-35d4afa09e55@group-5DC6EF7DD25E-SegmentedRaftLogWorker] INFO  segmented.SegmentedRaftLogWorker (SegmentedRaftLogWorker.java:execute(651)) - 55da83fd-970f-4c5a-b7d8-35d4afa09e55@group-5DC6EF7DD25E-SegmentedRaftLogWorker: created new log segment /home/runner/work/ozone/ozone/hadoop-ozone/integration-test/target/test-dir/MiniOzoneClusterImpl-14387da3-0fdf-4878-9e7f-f07e3baca9b9/datanode-0/data/ratis/81bd04ba-6959-413d-afc2-5dc6ef7dd25e/current/log_inprogress_0
2023-05-30 05:51:00,096 [2201e636-6a5b-4250-af22-17a0252fe45f@group-BF066060FF0B-FollowerState] INFO  server.RaftServerConfigKeys (ConfUtils.java:logFallback(53)) - raft.server.rpc.first-election.timeout.min = 5s (fallback to raft.server.rpc.timeout.min)
2023-05-30 05:51:00,096 [2201e636-6a5b-4250-af22-17a0252fe45f@group-BF066060FF0B-FollowerState] INFO  server.RaftServerConfigKeys (ConfUtils.java:logFallback(53)) - raft.server.rpc.first-election.timeout.max = 5200ms (fallback to raft.server.rpc.timeout.max)
2023-05-30 05:51:00,098 [55da83fd-970f-4c5a-b7d8-35d4afa09e55@group-BF066060FF0B-FollowerState] INFO  impl.FollowerState (FollowerState.java:run(143)) - 55da83fd-970f-4c5a-b7d8-35d4afa09e55@group-BF066060FF0B-FollowerState: change to CANDIDATE, lastRpcElapsedTime:5174804176ns, electionTimeout:5166ms
2023-05-30 05:51:00,098 [55da83fd-970f-4c5a-b7d8-35d4afa09e55@group-BF066060FF0B-FollowerState] INFO  impl.RoleInfo (RoleInfo.java:shutdownFollowerState(110)) - 55da83fd-970f-4c5a-b7d8-35d4afa09e55: shutdown 55da83fd-970f-4c5a-b7d8-35d4afa09e55@group-BF066060FF0B-FollowerState
2023-05-30 05:51:00,098 [55da83fd-970f-4c5a-b7d8-35d4afa09e55@group-BF066060FF0B-FollowerState] INFO  server.RaftServer$Division (RaftServerImpl.java:setRole(329)) - 55da83fd-970f-4c5a-b7d8-35d4afa09e55@group-BF066060FF0B: changes role from  FOLLOWER to CANDIDATE at term 0 for changeToCandidate
2023-05-30 05:51:00,099 [55da83fd-970f-4c5a-b7d8-35d4afa09e55@group-BF066060FF0B-FollowerState] INFO  server.RaftServerConfigKeys (ConfUtils.java:logGet(46)) - raft.server.leaderelection.pre-vote = true (default)
2023-05-30 05:51:00,099 [55da83fd-970f-4c5a-b7d8-35d4afa09e55@group-BF066060FF0B-FollowerState] INFO  impl.RoleInfo (RoleInfo.java:updateAndGet(139)) - 55da83fd-970f-4c5a-b7d8-35d4afa09e55: start 55da83fd-970f-4c5a-b7d8-35d4afa09e55@group-BF066060FF0B-LeaderElection8
2023-05-30 05:51:00,103 [55da83fd-970f-4c5a-b7d8-35d4afa09e55@group-BF066060FF0B-LeaderElection8] INFO  impl.LeaderElection (LeaderElection.java:askForVotes(321)) - 55da83fd-970f-4c5a-b7d8-35d4afa09e55@group-BF066060FF0B-LeaderElection8 PRE_VOTE round 0: submit vote requests at term 0 for -1: peers:[2201e636-6a5b-4250-af22-17a0252fe45f|rpc:10.1.0.18:15032|admin:10.1.0.18:15031|client:10.1.0.18:15030|dataStream:10.1.0.18:15033|priority:0|startupRole:FOLLOWER, 0ed3f2b4-6603-4cfa-a0d8-6595115ff82f|rpc:10.1.0.18:15023|admin:10.1.0.18:15022|client:10.1.0.18:15021|dataStream:10.1.0.18:15024|priority:0|startupRole:FOLLOWER, 55da83fd-970f-4c5a-b7d8-35d4afa09e55|rpc:10.1.0.18:15014|admin:10.1.0.18:15013|client:10.1.0.18:15012|dataStream:10.1.0.18:15015|priority:1|startupRole:FOLLOWER]|listeners:[], old=null
2023-05-30 05:51:00,105 [55da83fd-970f-4c5a-b7d8-35d4afa09e55@group-BF066060FF0B-LeaderElection8] INFO  server.RaftServerConfigKeys (ConfUtils.java:logFallback(53)) - raft.server.rpc.first-election.timeout.min = 5s (fallback to raft.server.rpc.timeout.min)
2023-05-30 05:51:00,105 [55da83fd-970f-4c5a-b7d8-35d4afa09e55@group-BF066060FF0B-LeaderElection8] INFO  server.RaftServerConfigKeys (ConfUtils.java:logFallback(53)) - raft.server.rpc.first-election.timeout.max = 5200ms (fallback to raft.server.rpc.timeout.max)
2023-05-30 05:51:00,108 [grpc-default-executor-3] INFO  server.RaftServer$Division (RaftServerImpl.java:requestVote(1302)) - 2201e636-6a5b-4250-af22-17a0252fe45f@group-BF066060FF0B: receive requestVote(PRE_VOTE, 55da83fd-970f-4c5a-b7d8-35d4afa09e55, group-BF066060FF0B, 0, (t:0, i:0))
2023-05-30 05:51:00,108 [grpc-default-executor-3] INFO  impl.VoteContext (VoteContext.java:log(49)) - 2201e636-6a5b-4250-af22-17a0252fe45f@group-BF066060FF0B-FOLLOWER: accept PRE_VOTE from 55da83fd-970f-4c5a-b7d8-35d4afa09e55: our priority 0 <= candidate's priority 1
2023-05-30 05:51:00,109 [grpc-default-executor-3] INFO  server.RaftServer$Division (RaftServerImpl.java:requestVote(1335)) - 2201e636-6a5b-4250-af22-17a0252fe45f@group-BF066060FF0B replies to PRE_VOTE vote request: 55da83fd-970f-4c5a-b7d8-35d4afa09e55<-2201e636-6a5b-4250-af22-17a0252fe45f#0:OK-t0. Peer's state: 2201e636-6a5b-4250-af22-17a0252fe45f@group-BF066060FF0B:t0, leader=null, voted=, raftlog=Memoized:2201e636-6a5b-4250-af22-17a0252fe45f@group-BF066060FF0B-SegmentedRaftLog:OPENED:c-1, conf=-1: peers:[2201e636-6a5b-4250-af22-17a0252fe45f|rpc:10.1.0.18:15032|admin:10.1.0.18:15031|client:10.1.0.18:15030|dataStream:10.1.0.18:15033|priority:0|startupRole:FOLLOWER, 0ed3f2b4-6603-4cfa-a0d8-6595115ff82f|rpc:10.1.0.18:15023|admin:10.1.0.18:15022|client:10.1.0.18:15021|dataStream:10.1.0.18:15024|priority:0|startupRole:FOLLOWER, 55da83fd-970f-4c5a-b7d8-35d4afa09e55|rpc:10.1.0.18:15014|admin:10.1.0.18:15013|client:10.1.0.18:15012|dataStream:10.1.0.18:15015|priority:1|startupRole:FOLLOWER]|listeners:[], old=null
2023-05-30 05:51:00,112 [grpc-default-executor-1] INFO  server.RaftServer$Division (RaftServerImpl.java:requestVote(1302)) - 0ed3f2b4-6603-4cfa-a0d8-6595115ff82f@group-BF066060FF0B: receive requestVote(PRE_VOTE, 55da83fd-970f-4c5a-b7d8-35d4afa09e55, group-BF066060FF0B, 0, (t:0, i:0))
2023-05-30 05:51:00,112 [grpc-default-executor-1] INFO  impl.VoteContext (VoteContext.java:log(49)) - 0ed3f2b4-6603-4cfa-a0d8-6595115ff82f@group-BF066060FF0B-FOLLOWER: accept PRE_VOTE from 55da83fd-970f-4c5a-b7d8-35d4afa09e55: our priority 0 <= candidate's priority 1
2023-05-30 05:51:00,113 [grpc-default-executor-1] INFO  server.RaftServer$Division (RaftServerImpl.java:requestVote(1335)) - 0ed3f2b4-6603-4cfa-a0d8-6595115ff82f@group-BF066060FF0B replies to PRE_VOTE vote request: 55da83fd-970f-4c5a-b7d8-35d4afa09e55<-0ed3f2b4-6603-4cfa-a0d8-6595115ff82f#0:OK-t0. Peer's state: 0ed3f2b4-6603-4cfa-a0d8-6595115ff82f@group-BF066060FF0B:t0, leader=null, voted=, raftlog=Memoized:0ed3f2b4-6603-4cfa-a0d8-6595115ff82f@group-BF066060FF0B-SegmentedRaftLog:OPENED:c-1, conf=-1: peers:[2201e636-6a5b-4250-af22-17a0252fe45f|rpc:10.1.0.18:15032|admin:10.1.0.18:15031|client:10.1.0.18:15030|dataStream:10.1.0.18:15033|priority:0|startupRole:FOLLOWER, 0ed3f2b4-6603-4cfa-a0d8-6595115ff82f|rpc:10.1.0.18:15023|admin:10.1.0.18:15022|client:10.1.0.18:15021|dataStream:10.1.0.18:15024|priority:0|startupRole:FOLLOWER, 55da83fd-970f-4c5a-b7d8-35d4afa09e55|rpc:10.1.0.18:15014|admin:10.1.0.18:15013|client:10.1.0.18:15012|dataStream:10.1.0.18:15015|priority:1|startupRole:FOLLOWER]|listeners:[], old=null
2023-05-30 05:51:00,116 [55da83fd-970f-4c5a-b7d8-35d4afa09e55@group-BF066060FF0B-LeaderElection8] INFO  impl.LeaderElection (LeaderElection.java:logAndReturn(90)) - 55da83fd-970f-4c5a-b7d8-35d4afa09e55@group-BF066060FF0B-LeaderElection8: PRE_VOTE PASSED received 1 response(s) and 0 exception(s):
2023-05-30 05:51:00,116 [55da83fd-970f-4c5a-b7d8-35d4afa09e55@group-BF066060FF0B-LeaderElection8] INFO  impl.LeaderElection (LeaderElection.java:logAndReturn(94)) -   Response 0: 55da83fd-970f-4c5a-b7d8-35d4afa09e55<-2201e636-6a5b-4250-af22-17a0252fe45f#0:OK-t0
2023-05-30 05:51:00,116 [55da83fd-970f-4c5a-b7d8-35d4afa09e55@group-BF066060FF0B-LeaderElection8] INFO  impl.LeaderElection (LeaderElection.java:askForVotes(323)) - 55da83fd-970f-4c5a-b7d8-35d4afa09e55@group-BF066060FF0B-LeaderElection8 PRE_VOTE round 0: result PASSED
2023-05-30 05:51:00,118 [55da83fd-970f-4c5a-b7d8-35d4afa09e55@group-BF066060FF0B-LeaderElection8] INFO  impl.LeaderElection (LeaderElection.java:askForVotes(321)) - 55da83fd-970f-4c5a-b7d8-35d4afa09e55@group-BF066060FF0B-LeaderElection8 ELECTION round 0: submit vote requests at term 1 for -1: peers:[2201e636-6a5b-4250-af22-17a0252fe45f|rpc:10.1.0.18:15032|admin:10.1.0.18:15031|client:10.1.0.18:15030|dataStream:10.1.0.18:15033|priority:0|startupRole:FOLLOWER, 0ed3f2b4-6603-4cfa-a0d8-6595115ff82f|rpc:10.1.0.18:15023|admin:10.1.0.18:15022|client:10.1.0.18:15021|dataStream:10.1.0.18:15024|priority:0|startupRole:FOLLOWER, 55da83fd-970f-4c5a-b7d8-35d4afa09e55|rpc:10.1.0.18:15014|admin:10.1.0.18:15013|client:10.1.0.18:15012|dataStream:10.1.0.18:15015|priority:1|startupRole:FOLLOWER]|listeners:[], old=null
2023-05-30 05:51:00,125 [55da83fd-970f-4c5a-b7d8-35d4afa09e55@group-BF066060FF0B-LeaderElection8] INFO  server.RaftServerConfigKeys (ConfUtils.java:logFallback(53)) - raft.server.rpc.first-election.timeout.min = 5s (fallback to raft.server.rpc.timeout.min)
2023-05-30 05:51:00,125 [55da83fd-970f-4c5a-b7d8-35d4afa09e55@group-BF066060FF0B-LeaderElection8] INFO  server.RaftServerConfigKeys (ConfUtils.java:logFallback(53)) - raft.server.rpc.first-election.timeout.max = 5200ms (fallback to raft.server.rpc.timeout.max)
2023-05-30 05:51:00,126 [grpc-default-executor-1] INFO  server.RaftServer$Division (RaftServerImpl.java:requestVote(1302)) - 2201e636-6a5b-4250-af22-17a0252fe45f@group-BF066060FF0B: receive requestVote(ELECTION, 55da83fd-970f-4c5a-b7d8-35d4afa09e55, group-BF066060FF0B, 1, (t:0, i:0))
2023-05-30 05:51:00,127 [grpc-default-executor-1] INFO  impl.VoteContext (VoteContext.java:log(49)) - 2201e636-6a5b-4250-af22-17a0252fe45f@group-BF066060FF0B-FOLLOWER: accept ELECTION from 55da83fd-970f-4c5a-b7d8-35d4afa09e55: our priority 0 <= candidate's priority 1
2023-05-30 05:51:00,127 [grpc-default-executor-1] INFO  server.RaftServer$Division (RaftServerImpl.java:setRole(329)) - 2201e636-6a5b-4250-af22-17a0252fe45f@group-BF066060FF0B: changes role from  FOLLOWER to FOLLOWER at term 1 for candidate:55da83fd-970f-4c5a-b7d8-35d4afa09e55
2023-05-30 05:51:00,127 [grpc-default-executor-1] INFO  impl.RoleInfo (RoleInfo.java:shutdownFollowerState(110)) - 2201e636-6a5b-4250-af22-17a0252fe45f: shutdown 2201e636-6a5b-4250-af22-17a0252fe45f@group-BF066060FF0B-FollowerState
2023-05-30 05:51:00,127 [2201e636-6a5b-4250-af22-17a0252fe45f@group-BF066060FF0B-FollowerState] INFO  impl.FollowerState (FollowerState.java:run(152)) - 2201e636-6a5b-4250-af22-17a0252fe45f@group-BF066060FF0B-FollowerState was interrupted
2023-05-30 05:51:00,128 [grpc-default-executor-1] INFO  impl.RoleInfo (RoleInfo.java:updateAndGet(139)) - 2201e636-6a5b-4250-af22-17a0252fe45f: start 2201e636-6a5b-4250-af22-17a0252fe45f@group-BF066060FF0B-FollowerState
2023-05-30 05:51:00,130 [grpc-default-executor-1] INFO  server.RaftServer$Division (RaftServerImpl.java:requestVote(1335)) - 2201e636-6a5b-4250-af22-17a0252fe45f@group-BF066060FF0B replies to ELECTION vote request: 55da83fd-970f-4c5a-b7d8-35d4afa09e55<-2201e636-6a5b-4250-af22-17a0252fe45f#0:OK-t1. Peer's state: 2201e636-6a5b-4250-af22-17a0252fe45f@group-BF066060FF0B:t1, leader=null, voted=55da83fd-970f-4c5a-b7d8-35d4afa09e55, raftlog=Memoized:2201e636-6a5b-4250-af22-17a0252fe45f@group-BF066060FF0B-SegmentedRaftLog:OPENED:c-1, conf=-1: peers:[2201e636-6a5b-4250-af22-17a0252fe45f|rpc:10.1.0.18:15032|admin:10.1.0.18:15031|client:10.1.0.18:15030|dataStream:10.1.0.18:15033|priority:0|startupRole:FOLLOWER, 0ed3f2b4-6603-4cfa-a0d8-6595115ff82f|rpc:10.1.0.18:15023|admin:10.1.0.18:15022|client:10.1.0.18:15021|dataStream:10.1.0.18:15024|priority:0|startupRole:FOLLOWER, 55da83fd-970f-4c5a-b7d8-35d4afa09e55|rpc:10.1.0.18:15014|admin:10.1.0.18:15013|client:10.1.0.18:15012|dataStream:10.1.0.18:15015|priority:1|startupRole:FOLLOWER]|listeners:[], old=null
2023-05-30 05:51:00,134 [55da83fd-970f-4c5a-b7d8-35d4afa09e55@group-BF066060FF0B-LeaderElection8] INFO  impl.LeaderElection (LeaderElection.java:logAndReturn(90)) - 55da83fd-970f-4c5a-b7d8-35d4afa09e55@group-BF066060FF0B-LeaderElection8: ELECTION PASSED received 1 response(s) and 0 exception(s):
2023-05-30 05:51:00,134 [55da83fd-970f-4c5a-b7d8-35d4afa09e55@group-BF066060FF0B-LeaderElection8] INFO  impl.LeaderElection (LeaderElection.java:logAndReturn(94)) -   Response 0: 55da83fd-970f-4c5a-b7d8-35d4afa09e55<-2201e636-6a5b-4250-af22-17a0252fe45f#0:OK-t1
2023-05-30 05:51:00,134 [55da83fd-970f-4c5a-b7d8-35d4afa09e55@group-BF066060FF0B-LeaderElection8] INFO  impl.LeaderElection (LeaderElection.java:askForVotes(323)) - 55da83fd-970f-4c5a-b7d8-35d4afa09e55@group-BF066060FF0B-LeaderElection8 ELECTION round 0: result PASSED
2023-05-30 05:51:00,134 [55da83fd-970f-4c5a-b7d8-35d4afa09e55@group-BF066060FF0B-LeaderElection8] INFO  impl.RoleInfo (RoleInfo.java:shutdownLeaderElection(130)) - 55da83fd-970f-4c5a-b7d8-35d4afa09e55: shutdown 55da83fd-970f-4c5a-b7d8-35d4afa09e55@group-BF066060FF0B-LeaderElection8
2023-05-30 05:51:00,134 [55da83fd-970f-4c5a-b7d8-35d4afa09e55@group-BF066060FF0B-LeaderElection8] INFO  server.RaftServer$Division (RaftServerImpl.java:setRole(329)) - 55da83fd-970f-4c5a-b7d8-35d4afa09e55@group-BF066060FF0B: changes role from CANDIDATE to LEADER at term 1 for changeToLeader
2023-05-30 05:51:00,134 [55da83fd-970f-4c5a-b7d8-35d4afa09e55@group-BF066060FF0B-LeaderElection8] INFO  ratis.XceiverServerRatis (XceiverServerRatis.java:handleLeaderChangedNotification(902)) - Leader change notification received for group: group-BF066060FF0B with new leaderId: 55da83fd-970f-4c5a-b7d8-35d4afa09e55
2023-05-30 05:51:00,134 [55da83fd-970f-4c5a-b7d8-35d4afa09e55@group-BF066060FF0B-LeaderElection8] INFO  server.RaftServer$Division (ServerState.java:setLeader(317)) - 55da83fd-970f-4c5a-b7d8-35d4afa09e55@group-BF066060FF0B: change Leader from null to 55da83fd-970f-4c5a-b7d8-35d4afa09e55 at term 1 for becomeLeader, leader elected after 5279ms
2023-05-30 05:51:00,134 [55da83fd-970f-4c5a-b7d8-35d4afa09e55@group-BF066060FF0B-LeaderElection8] INFO  server.RaftServerConfigKeys (ConfUtils.java:logGet(46)) - raft.server.staging.catchup.gap = 1000 (default)
2023-05-30 05:51:00,134 [55da83fd-970f-4c5a-b7d8-35d4afa09e55@group-BF066060FF0B-LeaderElection8] INFO  server.RaftServerConfigKeys (ConfUtils.java:logGet(46)) - raft.server.write.element-limit = 1024 (custom)
2023-05-30 05:51:00,135 [55da83fd-970f-4c5a-b7d8-35d4afa09e55@group-BF066060FF0B-LeaderElection8] INFO  server.RaftServerConfigKeys (ConfUtils.java:logGet(46)) - raft.server.write.byte-limit = 1024 M (=1073741824) (custom)
2023-05-30 05:51:00,135 [55da83fd-970f-4c5a-b7d8-35d4afa09e55@group-BF066060FF0B-LeaderElection8] INFO  server.RaftServerConfigKeys (ConfUtils.java:logGet(46)) - raft.server.watch.timeout = 10000ms (default)
2023-05-30 05:51:00,135 [55da83fd-970f-4c5a-b7d8-35d4afa09e55@group-BF066060FF0B-LeaderElection8] INFO  server.RaftServerConfigKeys (ConfUtils.java:logGet(46)) - raft.server.watch.timeout.denomination = 1s (default)
2023-05-30 05:51:00,135 [55da83fd-970f-4c5a-b7d8-35d4afa09e55@group-BF066060FF0B-LeaderElection8] INFO  server.RaftServerConfigKeys (ConfUtils.java:logGet(46)) - raft.server.watch.element-limit = 65536 (default)
2023-05-30 05:51:00,135 [55da83fd-970f-4c5a-b7d8-35d4afa09e55@group-BF066060FF0B-LeaderElection8] INFO  server.RaftServerConfigKeys (ConfUtils.java:logGet(46)) - raft.server.write.element-limit = 1024 (custom)
2023-05-30 05:51:00,135 [55da83fd-970f-4c5a-b7d8-35d4afa09e55@group-BF066060FF0B-LeaderElection8] INFO  server.RaftServerConfigKeys (ConfUtils.java:logGet(46)) - raft.server.write.follower.gap.ratio.max = -1.0 (default)
2023-05-30 05:51:00,136 [55da83fd-970f-4c5a-b7d8-35d4afa09e55@group-BF066060FF0B-LeaderElection8] INFO  server.RaftServerConfigKeys (ConfUtils.java:logGet(46)) - raft.server.log.appender.snapshot.chunk.size.max = 16MB (=16777216) (default)
2023-05-30 05:51:00,136 [55da83fd-970f-4c5a-b7d8-35d4afa09e55@group-BF066060FF0B-LeaderElection8] INFO  server.RaftServerConfigKeys (ConfUtils.java:logGet(46)) - raft.server.log.appender.buffer.byte-limit = 33554432 (custom)
2023-05-30 05:51:00,136 [55da83fd-970f-4c5a-b7d8-35d4afa09e55@group-BF066060FF0B-LeaderElection8] INFO  server.RaftServerConfigKeys (ConfUtils.java:logGet(46)) - raft.server.log.appender.buffer.element-limit = 1 (custom)
2023-05-30 05:51:00,136 [55da83fd-970f-4c5a-b7d8-35d4afa09e55@group-BF066060FF0B-LeaderElection8] INFO  server.RaftServerConfigKeys (ConfUtils.java:logGet(46)) - raft.server.log.appender.wait-time.min = 10ms (default)
2023-05-30 05:51:00,137 [EventQueue-PipelineReportForPipelineReportHandler] INFO  pipeline.PipelineManagerImpl (PipelineManagerImpl.java:openPipeline(367)) - Pipeline Pipeline[ Id: f54df219-ce5b-4ae3-a86c-bf066060ff0b, Nodes: 55da83fd-970f-4c5a-b7d8-35d4afa09e55(fv-az800-703/10.1.0.18)0ed3f2b4-6603-4cfa-a0d8-6595115ff82f(fv-az800-703/10.1.0.18)2201e636-6a5b-4250-af22-17a0252fe45f(fv-az800-703/10.1.0.18), ReplicationConfig: RATIS/THREE, State:ALLOCATED, leaderId:55da83fd-970f-4c5a-b7d8-35d4afa09e55, CreationTimestamp2023-05-30T05:50:51.750Z[Etc/UTC]] moved to OPEN state
2023-05-30 05:51:00,140 [grpc-default-executor-3] INFO  server.RaftServer$Division (RaftServerImpl.java:requestVote(1302)) - 0ed3f2b4-6603-4cfa-a0d8-6595115ff82f@group-BF066060FF0B: receive requestVote(ELECTION, 55da83fd-970f-4c5a-b7d8-35d4afa09e55, group-BF066060FF0B, 1, (t:0, i:0))
2023-05-30 05:51:00,142 [grpc-default-executor-3] INFO  impl.VoteContext (VoteContext.java:log(49)) - 0ed3f2b4-6603-4cfa-a0d8-6595115ff82f@group-BF066060FF0B-FOLLOWER: accept ELECTION from 55da83fd-970f-4c5a-b7d8-35d4afa09e55: our priority 0 <= candidate's priority 1
2023-05-30 05:51:00,142 [grpc-default-executor-3] INFO  server.RaftServer$Division (RaftServerImpl.java:setRole(329)) - 0ed3f2b4-6603-4cfa-a0d8-6595115ff82f@group-BF066060FF0B: changes role from  FOLLOWER to FOLLOWER at term 1 for candidate:55da83fd-970f-4c5a-b7d8-35d4afa09e55
2023-05-30 05:51:00,142 [grpc-default-executor-3] INFO  impl.RoleInfo (RoleInfo.java:shutdownFollowerState(110)) - 0ed3f2b4-6603-4cfa-a0d8-6595115ff82f: shutdown 0ed3f2b4-6603-4cfa-a0d8-6595115ff82f@group-BF066060FF0B-FollowerState
2023-05-30 05:51:00,142 [grpc-default-executor-3] INFO  impl.RoleInfo (RoleInfo.java:updateAndGet(139)) - 0ed3f2b4-6603-4cfa-a0d8-6595115ff82f: start 0ed3f2b4-6603-4cfa-a0d8-6595115ff82f@group-BF066060FF0B-FollowerState
2023-05-30 05:51:00,142 [0ed3f2b4-6603-4cfa-a0d8-6595115ff82f@group-BF066060FF0B-FollowerState] INFO  impl.FollowerState (FollowerState.java:run(152)) - 0ed3f2b4-6603-4cfa-a0d8-6595115ff82f@group-BF066060FF0B-FollowerState was interrupted
2023-05-30 05:51:00,136 [55da83fd-970f-4c5a-b7d8-35d4afa09e55@group-BF066060FF0B-LeaderElection8] INFO  grpc.GrpcConfigKeys (ConfUtils.java:logGet(46)) - raft.grpc.server.leader.outstanding.appends.max = 128 (default)
2023-05-30 05:51:00,143 [55da83fd-970f-4c5a-b7d8-35d4afa09e55@group-BF066060FF0B-LeaderElection8] INFO  server.RaftServerConfigKeys (ConfUtils.java:logGet(46)) - raft.server.rpc.request.timeout = 3000ms (default)
2023-05-30 05:51:00,143 [55da83fd-970f-4c5a-b7d8-35d4afa09e55@group-BF066060FF0B-LeaderElection8] INFO  grpc.GrpcConfigKeys (ConfUtils.java:logGet(46)) - raft.grpc.server.install_snapshot.request.element-limit = 8 (default)
2023-05-30 05:51:00,143 [55da83fd-970f-4c5a-b7d8-35d4afa09e55@group-BF066060FF0B-LeaderElection8] INFO  grpc.GrpcConfigKeys (ConfUtils.java:logGet(46)) - raft.grpc.server.install_snapshot.request.timeout = 3000ms (default)
2023-05-30 05:51:00,143 [55da83fd-970f-4c5a-b7d8-35d4afa09e55@group-BF066060FF0B-LeaderElection8] INFO  server.RaftServerConfigKeys (ConfUtils.java:logGet(46)) - raft.server.log.appender.install.snapshot.enabled = false (custom)
2023-05-30 05:51:00,143 [55da83fd-970f-4c5a-b7d8-35d4afa09e55@group-BF066060FF0B-LeaderElection8] INFO  grpc.GrpcConfigKeys (ConfUtils.java:logGet(46)) - raft.grpc.server.heartbeat.channel = true (default)
2023-05-30 05:51:00,144 [55da83fd-970f-4c5a-b7d8-35d4afa09e55@group-BF066060FF0B-LeaderElection8] INFO  server.RaftServerConfigKeys (ConfUtils.java:logGet(46)) - raft.server.log.appender.snapshot.chunk.size.max = 16MB (=16777216) (default)
2023-05-30 05:51:00,144 [55da83fd-970f-4c5a-b7d8-35d4afa09e55@group-BF066060FF0B-LeaderElection8] INFO  server.RaftServerConfigKeys (ConfUtils.java:logGet(46)) - raft.server.log.appender.buffer.byte-limit = 33554432 (custom)
2023-05-30 05:51:00,144 [55da83fd-970f-4c5a-b7d8-35d4afa09e55@group-BF066060FF0B-LeaderElection8] INFO  server.RaftServerConfigKeys (ConfUtils.java:logGet(46)) - raft.server.log.appender.buffer.element-limit = 1 (custom)
2023-05-30 05:51:00,144 [55da83fd-970f-4c5a-b7d8-35d4afa09e55@group-BF066060FF0B-LeaderElection8] INFO  server.RaftServerConfigKeys (ConfUtils.java:logGet(46)) - raft.server.log.appender.wait-time.min = 10ms (default)
2023-05-30 05:51:00,144 [55da83fd-970f-4c5a-b7d8-35d4afa09e55@group-BF066060FF0B-LeaderElection8] INFO  grpc.GrpcConfigKeys (ConfUtils.java:logGet(46)) - raft.grpc.server.leader.outstanding.appends.max = 128 (default)
2023-05-30 05:51:00,145 [55da83fd-970f-4c5a-b7d8-35d4afa09e55@group-BF066060FF0B-LeaderElection8] INFO  server.RaftServerConfigKeys (ConfUtils.java:logGet(46)) - raft.server.rpc.request.timeout = 3000ms (default)
2023-05-30 05:51:00,145 [55da83fd-970f-4c5a-b7d8-35d4afa09e55@group-BF066060FF0B-LeaderElection8] INFO  grpc.GrpcConfigKeys (ConfUtils.java:logGet(46)) - raft.grpc.server.install_snapshot.request.element-limit = 8 (default)
2023-05-30 05:51:00,145 [55da83fd-970f-4c5a-b7d8-35d4afa09e55@group-BF066060FF0B-LeaderElection8] INFO  grpc.GrpcConfigKeys (ConfUtils.java:logGet(46)) - raft.grpc.server.install_snapshot.request.timeout = 3000ms (default)
2023-05-30 05:51:00,145 [55da83fd-970f-4c5a-b7d8-35d4afa09e55@group-BF066060FF0B-LeaderElection8] INFO  server.RaftServerConfigKeys (ConfUtils.java:logGet(46)) - raft.server.log.appender.install.snapshot.enabled = false (custom)
2023-05-30 05:51:00,145 [55da83fd-970f-4c5a-b7d8-35d4afa09e55@group-BF066060FF0B-LeaderElection8] INFO  grpc.GrpcConfigKeys (ConfUtils.java:logGet(46)) - raft.grpc.server.heartbeat.channel = true (default)
2023-05-30 05:51:00,146 [55da83fd-970f-4c5a-b7d8-35d4afa09e55@group-BF066060FF0B-LeaderElection8] INFO  impl.RoleInfo (RoleInfo.java:updateAndGet(139)) - 55da83fd-970f-4c5a-b7d8-35d4afa09e55: start 55da83fd-970f-4c5a-b7d8-35d4afa09e55@group-BF066060FF0B-LeaderStateImpl
2023-05-30 05:51:00,146 [55da83fd-970f-4c5a-b7d8-35d4afa09e55@group-BF066060FF0B-LeaderElection8] INFO  segmented.SegmentedRaftLogWorker (SegmentedRaftLogWorker.java:startLogSegment(447)) - 55da83fd-970f-4c5a-b7d8-35d4afa09e55@group-BF066060FF0B-SegmentedRaftLogWorker: Starting segment from index:0
2023-05-30 05:51:00,146 [grpc-default-executor-3] INFO  server.RaftServer$Division (RaftServerImpl.java:requestVote(1335)) - 0ed3f2b4-6603-4cfa-a0d8-6595115ff82f@group-BF066060FF0B replies to ELECTION vote request: 55da83fd-970f-4c5a-b7d8-35d4afa09e55<-0ed3f2b4-6603-4cfa-a0d8-6595115ff82f#0:OK-t1. Peer's state: 0ed3f2b4-6603-4cfa-a0d8-6595115ff82f@group-BF066060FF0B:t1, leader=null, voted=55da83fd-970f-4c5a-b7d8-35d4afa09e55, raftlog=Memoized:0ed3f2b4-6603-4cfa-a0d8-6595115ff82f@group-BF066060FF0B-SegmentedRaftLog:OPENED:c-1, conf=-1: peers:[2201e636-6a5b-4250-af22-17a0252fe45f|rpc:10.1.0.18:15032|admin:10.1.0.18:15031|client:10.1.0.18:15030|dataStream:10.1.0.18:15033|priority:0|startupRole:FOLLOWER, 0ed3f2b4-6603-4cfa-a0d8-6595115ff82f|rpc:10.1.0.18:15023|admin:10.1.0.18:15022|client:10.1.0.18:15021|dataStream:10.1.0.18:15024|priority:0|startupRole:FOLLOWER, 55da83fd-970f-4c5a-b7d8-35d4afa09e55|rpc:10.1.0.18:15014|admin:10.1.0.18:15013|client:10.1.0.18:15012|dataStream:10.1.0.18:15015|priority:1|startupRole:FOLLOWER]|listeners:[], old=null
2023-05-30 05:51:00,148 [55da83fd-970f-4c5a-b7d8-35d4afa09e55@group-BF066060FF0B-SegmentedRaftLogWorker] INFO  segmented.SegmentedRaftLogWorker (SegmentedRaftLogWorker.java:execute(651)) - 55da83fd-970f-4c5a-b7d8-35d4afa09e55@group-BF066060FF0B-SegmentedRaftLogWorker: created new log segment /home/runner/work/ozone/ozone/hadoop-ozone/integration-test/target/test-dir/MiniOzoneClusterImpl-14387da3-0fdf-4878-9e7f-f07e3baca9b9/datanode-0/data/ratis/f54df219-ce5b-4ae3-a86c-bf066060ff0b/current/log_inprogress_0
2023-05-30 05:51:00,150 [55da83fd-970f-4c5a-b7d8-35d4afa09e55@group-BF066060FF0B-LeaderElection8] INFO  server.RaftServer$Division (ServerState.java:setRaftConf(434)) - 55da83fd-970f-4c5a-b7d8-35d4afa09e55@group-BF066060FF0B: set configuration 0: peers:[2201e636-6a5b-4250-af22-17a0252fe45f|rpc:10.1.0.18:15032|admin:10.1.0.18:15031|client:10.1.0.18:15030|dataStream:10.1.0.18:15033|priority:0|startupRole:FOLLOWER, 0ed3f2b4-6603-4cfa-a0d8-6595115ff82f|rpc:10.1.0.18:15023|admin:10.1.0.18:15022|client:10.1.0.18:15021|dataStream:10.1.0.18:15024|priority:0|startupRole:FOLLOWER, 55da83fd-970f-4c5a-b7d8-35d4afa09e55|rpc:10.1.0.18:15014|admin:10.1.0.18:15013|client:10.1.0.18:15012|dataStream:10.1.0.18:15015|priority:1|startupRole:FOLLOWER]|listeners:[], old=null
2023-05-30 05:51:00,181 [2201e636-6a5b-4250-af22-17a0252fe45f-server-thread1] INFO  ratis.XceiverServerRatis (XceiverServerRatis.java:handleLeaderChangedNotification(902)) - Leader change notification received for group: group-BF066060FF0B with new leaderId: 55da83fd-970f-4c5a-b7d8-35d4afa09e55
2023-05-30 05:51:00,181 [2201e636-6a5b-4250-af22-17a0252fe45f-server-thread1] INFO  server.RaftServer$Division (ServerState.java:setLeader(317)) - 2201e636-6a5b-4250-af22-17a0252fe45f@group-BF066060FF0B: change Leader from null to 55da83fd-970f-4c5a-b7d8-35d4afa09e55 at term 1 for appendEntries, leader elected after 5271ms
2023-05-30 05:51:00,186 [2201e636-6a5b-4250-af22-17a0252fe45f-server-thread1] INFO  server.RaftServer$Division (ServerState.java:setRaftConf(434)) - 2201e636-6a5b-4250-af22-17a0252fe45f@group-BF066060FF0B: set configuration 0: peers:[2201e636-6a5b-4250-af22-17a0252fe45f|rpc:10.1.0.18:15032|admin:10.1.0.18:15031|client:10.1.0.18:15030|dataStream:10.1.0.18:15033|priority:0|startupRole:FOLLOWER, 0ed3f2b4-6603-4cfa-a0d8-6595115ff82f|rpc:10.1.0.18:15023|admin:10.1.0.18:15022|client:10.1.0.18:15021|dataStream:10.1.0.18:15024|priority:0|startupRole:FOLLOWER, 55da83fd-970f-4c5a-b7d8-35d4afa09e55|rpc:10.1.0.18:15014|admin:10.1.0.18:15013|client:10.1.0.18:15012|dataStream:10.1.0.18:15015|priority:1|startupRole:FOLLOWER]|listeners:[], old=null
2023-05-30 05:51:00,187 [2201e636-6a5b-4250-af22-17a0252fe45f-server-thread1] INFO  segmented.SegmentedRaftLogWorker (SegmentedRaftLogWorker.java:startLogSegment(447)) - 2201e636-6a5b-4250-af22-17a0252fe45f@group-BF066060FF0B-SegmentedRaftLogWorker: Starting segment from index:0
2023-05-30 05:51:00,188 [2201e636-6a5b-4250-af22-17a0252fe45f@group-BF066060FF0B-SegmentedRaftLogWorker] INFO  segmented.SegmentedRaftLogWorker (SegmentedRaftLogWorker.java:execute(651)) - 2201e636-6a5b-4250-af22-17a0252fe45f@group-BF066060FF0B-SegmentedRaftLogWorker: created new log segment /home/runner/work/ozone/ozone/hadoop-ozone/integration-test/target/test-dir/MiniOzoneClusterImpl-14387da3-0fdf-4878-9e7f-f07e3baca9b9/datanode-2/data/ratis/f54df219-ce5b-4ae3-a86c-bf066060ff0b/current/log_inprogress_0
2023-05-30 05:51:00,203 [0ed3f2b4-6603-4cfa-a0d8-6595115ff82f-server-thread1] INFO  ratis.XceiverServerRatis (XceiverServerRatis.java:handleLeaderChangedNotification(902)) - Leader change notification received for group: group-BF066060FF0B with new leaderId: 55da83fd-970f-4c5a-b7d8-35d4afa09e55
2023-05-30 05:51:00,203 [0ed3f2b4-6603-4cfa-a0d8-6595115ff82f-server-thread1] INFO  server.RaftServer$Division (ServerState.java:setLeader(317)) - 0ed3f2b4-6603-4cfa-a0d8-6595115ff82f@group-BF066060FF0B: change Leader from null to 55da83fd-970f-4c5a-b7d8-35d4afa09e55 at term 1 for appendEntries, leader elected after 5417ms
2023-05-30 05:51:00,204 [0ed3f2b4-6603-4cfa-a0d8-6595115ff82f-server-thread1] INFO  server.RaftServer$Division (ServerState.java:setRaftConf(434)) - 0ed3f2b4-6603-4cfa-a0d8-6595115ff82f@group-BF066060FF0B: set configuration 0: peers:[2201e636-6a5b-4250-af22-17a0252fe45f|rpc:10.1.0.18:15032|admin:10.1.0.18:15031|client:10.1.0.18:15030|dataStream:10.1.0.18:15033|priority:0|startupRole:FOLLOWER, 0ed3f2b4-6603-4cfa-a0d8-6595115ff82f|rpc:10.1.0.18:15023|admin:10.1.0.18:15022|client:10.1.0.18:15021|dataStream:10.1.0.18:15024|priority:0|startupRole:FOLLOWER, 55da83fd-970f-4c5a-b7d8-35d4afa09e55|rpc:10.1.0.18:15014|admin:10.1.0.18:15013|client:10.1.0.18:15012|dataStream:10.1.0.18:15015|priority:1|startupRole:FOLLOWER]|listeners:[], old=null
2023-05-30 05:51:00,205 [0ed3f2b4-6603-4cfa-a0d8-6595115ff82f-server-thread1] INFO  segmented.SegmentedRaftLogWorker (SegmentedRaftLogWorker.java:startLogSegment(447)) - 0ed3f2b4-6603-4cfa-a0d8-6595115ff82f@group-BF066060FF0B-SegmentedRaftLogWorker: Starting segment from index:0
2023-05-30 05:51:00,209 [0ed3f2b4-6603-4cfa-a0d8-6595115ff82f@group-BF066060FF0B-SegmentedRaftLogWorker] INFO  segmented.SegmentedRaftLogWorker (SegmentedRaftLogWorker.java:execute(651)) - 0ed3f2b4-6603-4cfa-a0d8-6595115ff82f@group-BF066060FF0B-SegmentedRaftLogWorker: created new log segment /home/runner/work/ozone/ozone/hadoop-ozone/integration-test/target/test-dir/MiniOzoneClusterImpl-14387da3-0fdf-4878-9e7f-f07e3baca9b9/datanode-1/data/ratis/f54df219-ce5b-4ae3-a86c-bf066060ff0b/current/log_inprogress_0
2023-05-30 05:51:00,368 [c4b4ccd8-28b3-4cad-86d3-5fd988306184@group-D61A5CCA2DC6-FollowerState] INFO  impl.FollowerState (FollowerState.java:run(143)) - c4b4ccd8-28b3-4cad-86d3-5fd988306184@group-D61A5CCA2DC6-FollowerState: change to CANDIDATE, lastRpcElapsedTime:5157742288ns, electionTimeout:5157ms
2023-05-30 05:51:00,369 [c4b4ccd8-28b3-4cad-86d3-5fd988306184@group-D61A5CCA2DC6-FollowerState] INFO  impl.RoleInfo (RoleInfo.java:shutdownFollowerState(110)) - c4b4ccd8-28b3-4cad-86d3-5fd988306184: shutdown c4b4ccd8-28b3-4cad-86d3-5fd988306184@group-D61A5CCA2DC6-FollowerState
2023-05-30 05:51:00,369 [c4b4ccd8-28b3-4cad-86d3-5fd988306184@group-D61A5CCA2DC6-FollowerState] INFO  server.RaftServer$Division (RaftServerImpl.java:setRole(329)) - c4b4ccd8-28b3-4cad-86d3-5fd988306184@group-D61A5CCA2DC6: changes role from  FOLLOWER to CANDIDATE at term 0 for changeToCandidate
2023-05-30 05:51:00,371 [c4b4ccd8-28b3-4cad-86d3-5fd988306184@group-D61A5CCA2DC6-FollowerState] INFO  server.RaftServerConfigKeys (ConfUtils.java:logGet(46)) - raft.server.leaderelection.pre-vote = true (default)
2023-05-30 05:51:00,371 [c4b4ccd8-28b3-4cad-86d3-5fd988306184@group-D61A5CCA2DC6-FollowerState] INFO  impl.RoleInfo (RoleInfo.java:updateAndGet(139)) - c4b4ccd8-28b3-4cad-86d3-5fd988306184: start c4b4ccd8-28b3-4cad-86d3-5fd988306184@group-D61A5CCA2DC6-LeaderElection9
2023-05-30 05:51:00,375 [c4b4ccd8-28b3-4cad-86d3-5fd988306184@group-D61A5CCA2DC6-LeaderElection9] INFO  impl.LeaderElection (LeaderElection.java:askForVotes(321)) - c4b4ccd8-28b3-4cad-86d3-5fd988306184@group-D61A5CCA2DC6-LeaderElection9 PRE_VOTE round 0: submit vote requests at term 0 for -1: peers:[c4b4ccd8-28b3-4cad-86d3-5fd988306184|rpc:10.1.0.18:15041|admin:10.1.0.18:15040|client:10.1.0.18:15039|dataStream:10.1.0.18:15042|priority:1|startupRole:FOLLOWER]|listeners:[], old=null
2023-05-30 05:51:00,376 [c4b4ccd8-28b3-4cad-86d3-5fd988306184@group-D61A5CCA2DC6-LeaderElection9] INFO  impl.LeaderElection (LeaderElection.java:askForVotes(323)) - c4b4ccd8-28b3-4cad-86d3-5fd988306184@group-D61A5CCA2DC6-LeaderElection9 PRE_VOTE round 0: result PASSED (term=0)
2023-05-30 05:51:00,377 [c4b4ccd8-28b3-4cad-86d3-5fd988306184@group-D61A5CCA2DC6-LeaderElection9] INFO  impl.LeaderElection (LeaderElection.java:askForVotes(321)) - c4b4ccd8-28b3-4cad-86d3-5fd988306184@group-D61A5CCA2DC6-LeaderElection9 ELECTION round 0: submit vote requests at term 1 for -1: peers:[c4b4ccd8-28b3-4cad-86d3-5fd988306184|rpc:10.1.0.18:15041|admin:10.1.0.18:15040|client:10.1.0.18:15039|dataStream:10.1.0.18:15042|priority:1|startupRole:FOLLOWER]|listeners:[], old=null
2023-05-30 05:51:00,377 [c4b4ccd8-28b3-4cad-86d3-5fd988306184@group-D61A5CCA2DC6-LeaderElection9] INFO  impl.LeaderElection (LeaderElection.java:askForVotes(323)) - c4b4ccd8-28b3-4cad-86d3-5fd988306184@group-D61A5CCA2DC6-LeaderElection9 ELECTION round 0: result PASSED (term=1)
2023-05-30 05:51:00,377 [c4b4ccd8-28b3-4cad-86d3-5fd988306184@group-D61A5CCA2DC6-LeaderElection9] INFO  impl.RoleInfo (RoleInfo.java:shutdownLeaderElection(130)) - c4b4ccd8-28b3-4cad-86d3-5fd988306184: shutdown c4b4ccd8-28b3-4cad-86d3-5fd988306184@group-D61A5CCA2DC6-LeaderElection9
2023-05-30 05:51:00,377 [c4b4ccd8-28b3-4cad-86d3-5fd988306184@group-D61A5CCA2DC6-LeaderElection9] INFO  server.RaftServer$Division (RaftServerImpl.java:setRole(329)) - c4b4ccd8-28b3-4cad-86d3-5fd988306184@group-D61A5CCA2DC6: changes role from CANDIDATE to LEADER at term 1 for changeToLeader
2023-05-30 05:51:00,377 [c4b4ccd8-28b3-4cad-86d3-5fd988306184@group-D61A5CCA2DC6-LeaderElection9] INFO  ratis.XceiverServerRatis (XceiverServerRatis.java:handleLeaderChangedNotification(902)) - Leader change notification received for group: group-D61A5CCA2DC6 with new leaderId: c4b4ccd8-28b3-4cad-86d3-5fd988306184
2023-05-30 05:51:00,377 [c4b4ccd8-28b3-4cad-86d3-5fd988306184@group-D61A5CCA2DC6-LeaderElection9] INFO  server.RaftServer$Division (ServerState.java:setLeader(317)) - c4b4ccd8-28b3-4cad-86d3-5fd988306184@group-D61A5CCA2DC6: change Leader from null to c4b4ccd8-28b3-4cad-86d3-5fd988306184 at term 1 for becomeLeader, leader elected after 5194ms
2023-05-30 05:51:00,377 [c4b4ccd8-28b3-4cad-86d3-5fd988306184@group-D61A5CCA2DC6-LeaderElection9] INFO  server.RaftServerConfigKeys (ConfUtils.java:logGet(46)) - raft.server.staging.catchup.gap = 1000 (default)
2023-05-30 05:51:00,379 [c4b4ccd8-28b3-4cad-86d3-5fd988306184@group-D61A5CCA2DC6-LeaderElection9] INFO  server.RaftServerConfigKeys (ConfUtils.java:logGet(46)) - raft.server.write.element-limit = 1024 (custom)
2023-05-30 05:51:00,379 [c4b4ccd8-28b3-4cad-86d3-5fd988306184@group-D61A5CCA2DC6-LeaderElection9] INFO  server.RaftServerConfigKeys (ConfUtils.java:logGet(46)) - raft.server.write.byte-limit = 1024 M (=1073741824) (custom)
2023-05-30 05:51:00,379 [c4b4ccd8-28b3-4cad-86d3-5fd988306184@group-D61A5CCA2DC6-LeaderElection9] INFO  server.RaftServerConfigKeys (ConfUtils.java:logGet(46)) - raft.server.watch.timeout = 10000ms (default)
2023-05-30 05:51:00,379 [c4b4ccd8-28b3-4cad-86d3-5fd988306184@group-D61A5CCA2DC6-LeaderElection9] INFO  server.RaftServerConfigKeys (ConfUtils.java:logGet(46)) - raft.server.watch.timeout.denomination = 1s (default)
2023-05-30 05:51:00,379 [c4b4ccd8-28b3-4cad-86d3-5fd988306184@group-D61A5CCA2DC6-LeaderElection9] INFO  server.RaftServerConfigKeys (ConfUtils.java:logGet(46)) - raft.server.watch.element-limit = 65536 (default)
2023-05-30 05:51:00,379 [c4b4ccd8-28b3-4cad-86d3-5fd988306184@group-D61A5CCA2DC6-LeaderElection9] INFO  server.RaftServerConfigKeys (ConfUtils.java:logGet(46)) - raft.server.write.element-limit = 1024 (custom)
2023-05-30 05:51:00,379 [c4b4ccd8-28b3-4cad-86d3-5fd988306184@group-D61A5CCA2DC6-LeaderElection9] INFO  server.RaftServerConfigKeys (ConfUtils.java:logGet(46)) - raft.server.write.follower.gap.ratio.max = -1.0 (default)
2023-05-30 05:51:00,379 [c4b4ccd8-28b3-4cad-86d3-5fd988306184@group-D61A5CCA2DC6-LeaderElection9] INFO  impl.RoleInfo (RoleInfo.java:updateAndGet(139)) - c4b4ccd8-28b3-4cad-86d3-5fd988306184: start c4b4ccd8-28b3-4cad-86d3-5fd988306184@group-D61A5CCA2DC6-LeaderStateImpl
2023-05-30 05:51:00,380 [c4b4ccd8-28b3-4cad-86d3-5fd988306184@group-D61A5CCA2DC6-LeaderElection9] INFO  segmented.SegmentedRaftLogWorker (SegmentedRaftLogWorker.java:startLogSegment(447)) - c4b4ccd8-28b3-4cad-86d3-5fd988306184@group-D61A5CCA2DC6-SegmentedRaftLogWorker: Starting segment from index:0
2023-05-30 05:51:00,382 [c4b4ccd8-28b3-4cad-86d3-5fd988306184@group-D61A5CCA2DC6-LeaderElection9] INFO  server.RaftServer$Division (ServerState.java:setRaftConf(434)) - c4b4ccd8-28b3-4cad-86d3-5fd988306184@group-D61A5CCA2DC6: set configuration 0: peers:[c4b4ccd8-28b3-4cad-86d3-5fd988306184|rpc:10.1.0.18:15041|admin:10.1.0.18:15040|client:10.1.0.18:15039|dataStream:10.1.0.18:15042|priority:1|startupRole:FOLLOWER]|listeners:[], old=null
2023-05-30 05:51:00,382 [c4b4ccd8-28b3-4cad-86d3-5fd988306184@group-D61A5CCA2DC6-SegmentedRaftLogWorker] INFO  segmented.SegmentedRaftLogWorker (SegmentedRaftLogWorker.java:execute(651)) - c4b4ccd8-28b3-4cad-86d3-5fd988306184@group-D61A5CCA2DC6-SegmentedRaftLogWorker: created new log segment /home/runner/work/ozone/ozone/hadoop-ozone/integration-test/target/test-dir/MiniOzoneClusterImpl-14387da3-0fdf-4878-9e7f-f07e3baca9b9/datanode-3/data/ratis/05e2dde0-5390-43bd-9288-d61a5cca2dc6/current/log_inprogress_0
2023-05-30 05:51:00,578 [Listener at 0.0.0.0/15046] INFO  ozone.MiniOzoneClusterImpl (MiniOzoneClusterImpl.java:lambda$waitForClusterToBeReady$0(222)) - Nodes are ready. Got 5 of 5 DN Heartbeats.
2023-05-30 05:51:00,579 [Listener at 0.0.0.0/15046] INFO  ozone.MiniOzoneClusterImpl (MiniOzoneClusterImpl.java:lambda$waitForClusterToBeReady$0(225)) - Cluster exits safe mode
2023-05-30 05:51:00,579 [Listener at 0.0.0.0/15046] INFO  ozone.MiniOzoneClusterImpl (MiniOzoneClusterImpl.java:lambda$waitForClusterToBeReady$0(227)) - SCM became leader
2023-05-30 05:51:01,054 [6c00d7ad-6a7a-4ce5-bceb-eb03aa305f01@group-29C5A670DF56-FollowerState] INFO  impl.FollowerState (FollowerState.java:run(143)) - 6c00d7ad-6a7a-4ce5-bceb-eb03aa305f01@group-29C5A670DF56-FollowerState: change to CANDIDATE, lastRpcElapsedTime:5102520864ns, electionTimeout:5101ms
2023-05-30 05:51:01,054 [6c00d7ad-6a7a-4ce5-bceb-eb03aa305f01@group-29C5A670DF56-FollowerState] INFO  impl.RoleInfo (RoleInfo.java:shutdownFollowerState(110)) - 6c00d7ad-6a7a-4ce5-bceb-eb03aa305f01: shutdown 6c00d7ad-6a7a-4ce5-bceb-eb03aa305f01@group-29C5A670DF56-FollowerState
2023-05-30 05:51:01,054 [6c00d7ad-6a7a-4ce5-bceb-eb03aa305f01@group-29C5A670DF56-FollowerState] INFO  server.RaftServer$Division (RaftServerImpl.java:setRole(329)) - 6c00d7ad-6a7a-4ce5-bceb-eb03aa305f01@group-29C5A670DF56: changes role from  FOLLOWER to CANDIDATE at term 0 for changeToCandidate
2023-05-30 05:51:01,055 [6c00d7ad-6a7a-4ce5-bceb-eb03aa305f01@group-29C5A670DF56-FollowerState] INFO  server.RaftServerConfigKeys (ConfUtils.java:logGet(46)) - raft.server.leaderelection.pre-vote = true (default)
2023-05-30 05:51:01,055 [6c00d7ad-6a7a-4ce5-bceb-eb03aa305f01@group-29C5A670DF56-FollowerState] INFO  impl.RoleInfo (RoleInfo.java:updateAndGet(139)) - 6c00d7ad-6a7a-4ce5-bceb-eb03aa305f01: start 6c00d7ad-6a7a-4ce5-bceb-eb03aa305f01@group-29C5A670DF56-LeaderElection10
2023-05-30 05:51:01,058 [6c00d7ad-6a7a-4ce5-bceb-eb03aa305f01@group-29C5A670DF56-LeaderElection10] INFO  impl.LeaderElection (LeaderElection.java:askForVotes(321)) - 6c00d7ad-6a7a-4ce5-bceb-eb03aa305f01@group-29C5A670DF56-LeaderElection10 PRE_VOTE round 0: submit vote requests at term 0 for -1: peers:[6c00d7ad-6a7a-4ce5-bceb-eb03aa305f01|rpc:10.1.0.18:15050|admin:10.1.0.18:15049|client:10.1.0.18:15048|dataStream:10.1.0.18:15051|priority:1|startupRole:FOLLOWER]|listeners:[], old=null
2023-05-30 05:51:01,058 [6c00d7ad-6a7a-4ce5-bceb-eb03aa305f01@group-29C5A670DF56-LeaderElection10] INFO  impl.LeaderElection (LeaderElection.java:askForVotes(323)) - 6c00d7ad-6a7a-4ce5-bceb-eb03aa305f01@group-29C5A670DF56-LeaderElection10 PRE_VOTE round 0: result PASSED (term=0)
2023-05-30 05:51:01,060 [6c00d7ad-6a7a-4ce5-bceb-eb03aa305f01@group-29C5A670DF56-LeaderElection10] INFO  impl.LeaderElection (LeaderElection.java:askForVotes(321)) - 6c00d7ad-6a7a-4ce5-bceb-eb03aa305f01@group-29C5A670DF56-LeaderElection10 ELECTION round 0: submit vote requests at term 1 for -1: peers:[6c00d7ad-6a7a-4ce5-bceb-eb03aa305f01|rpc:10.1.0.18:15050|admin:10.1.0.18:15049|client:10.1.0.18:15048|dataStream:10.1.0.18:15051|priority:1|startupRole:FOLLOWER]|listeners:[], old=null
2023-05-30 05:51:01,060 [6c00d7ad-6a7a-4ce5-bceb-eb03aa305f01@group-29C5A670DF56-LeaderElection10] INFO  impl.LeaderElection (LeaderElection.java:askForVotes(323)) - 6c00d7ad-6a7a-4ce5-bceb-eb03aa305f01@group-29C5A670DF56-LeaderElection10 ELECTION round 0: result PASSED (term=1)
2023-05-30 05:51:01,060 [6c00d7ad-6a7a-4ce5-bceb-eb03aa305f01@group-29C5A670DF56-LeaderElection10] INFO  impl.RoleInfo (RoleInfo.java:shutdownLeaderElection(130)) - 6c00d7ad-6a7a-4ce5-bceb-eb03aa305f01: shutdown 6c00d7ad-6a7a-4ce5-bceb-eb03aa305f01@group-29C5A670DF56-LeaderElection10
2023-05-30 05:51:01,060 [6c00d7ad-6a7a-4ce5-bceb-eb03aa305f01@group-29C5A670DF56-LeaderElection10] INFO  server.RaftServer$Division (RaftServerImpl.java:setRole(329)) - 6c00d7ad-6a7a-4ce5-bceb-eb03aa305f01@group-29C5A670DF56: changes role from CANDIDATE to LEADER at term 1 for changeToLeader
2023-05-30 05:51:01,061 [6c00d7ad-6a7a-4ce5-bceb-eb03aa305f01@group-29C5A670DF56-LeaderElection10] INFO  ratis.XceiverServerRatis (XceiverServerRatis.java:handleLeaderChangedNotification(902)) - Leader change notification received for group: group-29C5A670DF56 with new leaderId: 6c00d7ad-6a7a-4ce5-bceb-eb03aa305f01
2023-05-30 05:51:01,062 [6c00d7ad-6a7a-4ce5-bceb-eb03aa305f01@group-29C5A670DF56-LeaderElection10] INFO  server.RaftServer$Division (ServerState.java:setLeader(317)) - 6c00d7ad-6a7a-4ce5-bceb-eb03aa305f01@group-29C5A670DF56: change Leader from null to 6c00d7ad-6a7a-4ce5-bceb-eb03aa305f01 at term 1 for becomeLeader, leader elected after 5496ms
2023-05-30 05:51:01,063 [6c00d7ad-6a7a-4ce5-bceb-eb03aa305f01@group-29C5A670DF56-LeaderElection10] INFO  server.RaftServerConfigKeys (ConfUtils.java:logGet(46)) - raft.server.staging.catchup.gap = 1000 (default)
2023-05-30 05:51:01,063 [6c00d7ad-6a7a-4ce5-bceb-eb03aa305f01@group-29C5A670DF56-LeaderElection10] INFO  server.RaftServerConfigKeys (ConfUtils.java:logGet(46)) - raft.server.write.element-limit = 1024 (custom)
2023-05-30 05:51:01,063 [6c00d7ad-6a7a-4ce5-bceb-eb03aa305f01@group-29C5A670DF56-LeaderElection10] INFO  server.RaftServerConfigKeys (ConfUtils.java:logGet(46)) - raft.server.write.byte-limit = 1024 M (=1073741824) (custom)
2023-05-30 05:51:01,063 [6c00d7ad-6a7a-4ce5-bceb-eb03aa305f01@group-29C5A670DF56-LeaderElection10] INFO  server.RaftServerConfigKeys (ConfUtils.java:logGet(46)) - raft.server.watch.timeout = 10000ms (default)
2023-05-30 05:51:01,064 [6c00d7ad-6a7a-4ce5-bceb-eb03aa305f01@group-29C5A670DF56-LeaderElection10] INFO  server.RaftServerConfigKeys (ConfUtils.java:logGet(46)) - raft.server.watch.timeout.denomination = 1s (default)
2023-05-30 05:51:01,064 [6c00d7ad-6a7a-4ce5-bceb-eb03aa305f01@group-29C5A670DF56-LeaderElection10] INFO  server.RaftServerConfigKeys (ConfUtils.java:logGet(46)) - raft.server.watch.element-limit = 65536 (default)
2023-05-30 05:51:01,064 [6c00d7ad-6a7a-4ce5-bceb-eb03aa305f01@group-29C5A670DF56-LeaderElection10] INFO  server.RaftServerConfigKeys (ConfUtils.java:logGet(46)) - raft.server.write.element-limit = 1024 (custom)
2023-05-30 05:51:01,067 [6c00d7ad-6a7a-4ce5-bceb-eb03aa305f01@group-29C5A670DF56-LeaderElection10] INFO  server.RaftServerConfigKeys (ConfUtils.java:logGet(46)) - raft.server.write.follower.gap.ratio.max = -1.0 (default)
2023-05-30 05:51:01,067 [6c00d7ad-6a7a-4ce5-bceb-eb03aa305f01@group-29C5A670DF56-LeaderElection10] INFO  impl.RoleInfo (RoleInfo.java:updateAndGet(139)) - 6c00d7ad-6a7a-4ce5-bceb-eb03aa305f01: start 6c00d7ad-6a7a-4ce5-bceb-eb03aa305f01@group-29C5A670DF56-LeaderStateImpl
2023-05-30 05:51:01,068 [6c00d7ad-6a7a-4ce5-bceb-eb03aa305f01@group-29C5A670DF56-LeaderElection10] INFO  segmented.SegmentedRaftLogWorker (SegmentedRaftLogWorker.java:startLogSegment(447)) - 6c00d7ad-6a7a-4ce5-bceb-eb03aa305f01@group-29C5A670DF56-SegmentedRaftLogWorker: Starting segment from index:0
2023-05-30 05:51:01,070 [6c00d7ad-6a7a-4ce5-bceb-eb03aa305f01@group-29C5A670DF56-SegmentedRaftLogWorker] INFO  segmented.SegmentedRaftLogWorker (SegmentedRaftLogWorker.java:execute(651)) - 6c00d7ad-6a7a-4ce5-bceb-eb03aa305f01@group-29C5A670DF56-SegmentedRaftLogWorker: created new log segment /home/runner/work/ozone/ozone/hadoop-ozone/integration-test/target/test-dir/MiniOzoneClusterImpl-14387da3-0fdf-4878-9e7f-f07e3baca9b9/datanode-4/data/ratis/c2e89188-f17f-4b7d-9045-29c5a670df56/current/log_inprogress_0
2023-05-30 05:51:01,078 [6c00d7ad-6a7a-4ce5-bceb-eb03aa305f01@group-29C5A670DF56-LeaderElection10] INFO  server.RaftServer$Division (ServerState.java:setRaftConf(434)) - 6c00d7ad-6a7a-4ce5-bceb-eb03aa305f01@group-29C5A670DF56: set configuration 0: peers:[6c00d7ad-6a7a-4ce5-bceb-eb03aa305f01|rpc:10.1.0.18:15050|admin:10.1.0.18:15049|client:10.1.0.18:15048|dataStream:10.1.0.18:15051|priority:1|startupRole:FOLLOWER]|listeners:[], old=null
2023-05-30 05:51:01,132 [setup] INFO  rpc.RpcClient (RpcClient.java:createVolume(459)) - Creating Volume: volume65959, with user16549 as owner and space quota set to -1 bytes, counts quota set to -1
2023-05-30 05:51:01,195 [OM StateMachine ApplyTransaction Thread - 0] INFO  volume.OMVolumeCreateRequest (OMVolumeCreateRequest.java:validateAndUpdateCache(196)) - created volume:volume65959 for user:user16549
2023-05-30 05:51:01,222 [setup] INFO  rpc.RpcClient (RpcClient.java:createBucket(686)) - Creating Bucket: volume65959/bucket21261, with bucket layout LEGACY, runner as owner, Versioning false, Storage Type set to DISK and Encryption set to false, Replication Type set to server-side default replication type, Namespace Quota set to -1, Space Quota set to -1 
2023-05-30 05:51:01,240 [OM StateMachine ApplyTransaction Thread - 0] INFO  bucket.OMBucketCreateRequest (OMBucketCreateRequest.java:validateAndUpdateCache(270)) - created bucket: bucket21261 of layout LEGACY in volume: volume65959
2023-05-30 05:51:01,483 [setup] INFO  contract.AbstractFSContractTestBase (AbstractFSContractTestBase.java:setup(194)) - Test filesystem = o3fs://bucket21261.volume65959 implemented by OzoneFileSystem{URI=o3fs://bucket21261.volume65959, workingDir=o3fs://bucket21261.volume65959/user/runner, userName=runner, statistics=0 bytes read, 0 bytes written, 0 read ops, 0 large read ops, 0 write ops}
2023-05-30 05:51:01,595 [JUnit-testOverwriteNonEmptyDirectory[0]] INFO  contract.AbstractFSContractTestBase (AbstractFSContractTestBase.java:describe(278)) - verify trying to create a file over a non-empty dir fails, use builder API=false
2023-05-30 05:51:01,669 [IPC Server handler 9 on default port 15001] INFO  ha.SequenceIdGenerator (SequenceIdGenerator.java:getNextId(128)) - Allocate a batch for containerId, change lastId from 0 to 1000.
2023-05-30 05:51:01,680 [IPC Server handler 9 on default port 15001] WARN  ha.SequenceIdGenerator (SequenceIdGenerator.java:allocateBatch(237)) - Failed to allocate a batch for localId, expected lastId is 0, actual lastId is 111677748019200000.
2023-05-30 05:51:01,681 [IPC Server handler 9 on default port 15001] INFO  ha.SequenceIdGenerator (SequenceIdGenerator.java:getNextId(128)) - Allocate a batch for localId, change lastId from 111677748019200000 to 111677748019201000.
2023-05-30 05:51:01,751 [JUnit-testOverwriteNonEmptyDirectory[0]] INFO  impl.MetricsSystemImpl (MetricsSystemImpl.java:init(158)) - XceiverClientMetrics metrics system started (again)
2023-05-30 05:51:01,752 [JUnit-testOverwriteNonEmptyDirectory[0]] INFO  lib.Interns (Interns.java:removeEldestEntry(50)) - Metrics intern cache overflow at 2011 for MetricsSystem={MetricsSystem=MetricsInfoImpl{name=MetricsSystem, description=MetricsSystem}, MetricsSystem record=MetricsInfoImpl{name=MetricsSystem, description=MetricsSystem record}}
05:51:02.264 [OM StateMachine ApplyTransaction Thread - 0] ERROR OMAudit - user=runner | ip=127.0.0.1 | op=CREATE_FILE {volume=volume65959, bucket=bucket21261, key=test/testOverwriteNonEmptyDirectory, dataSize=4194304, replicationType=RATIS, replicationFactor=ONE} | ret=FAILURE
org.apache.hadoop.ozone.om.exceptions.OMException: Can not write to directory: test/testOverwriteNonEmptyDirectory
	at org.apache.hadoop.ozone.om.request.file.OMFileCreateRequest.checkDirectoryResult(OMFileCreateRequest.java:363) ~[ozone-manager-1.4.0-SNAPSHOT.jar:?]
	at org.apache.hadoop.ozone.om.request.file.OMFileCreateRequest.validateAndUpdateCache(OMFileCreateRequest.java:238) ~[ozone-manager-1.4.0-SNAPSHOT.jar:?]
	at org.apache.hadoop.ozone.protocolPB.OzoneManagerRequestHandler.handleWriteRequest(OzoneManagerRequestHandler.java:337) ~[ozone-manager-1.4.0-SNAPSHOT.jar:?]
	at org.apache.hadoop.ozone.om.ratis.OzoneManagerStateMachine.runCommand(OzoneManagerStateMachine.java:567) ~[ozone-manager-1.4.0-SNAPSHOT.jar:?]
	at org.apache.hadoop.ozone.om.ratis.OzoneManagerStateMachine.lambda$1(OzoneManagerStateMachine.java:358) ~[ozone-manager-1.4.0-SNAPSHOT.jar:?]
	at java.util.concurrent.CompletableFuture$AsyncSupply.run(CompletableFuture.java:1604) [?:1.8.0_362]
	at java.util.concurrent.ThreadPoolExecutor.runWorker(ThreadPoolExecutor.java:1149) [?:1.8.0_362]
	at java.util.concurrent.ThreadPoolExecutor$Worker.run(ThreadPoolExecutor.java:624) [?:1.8.0_362]
	at java.lang.Thread.run(Thread.java:750) [?:1.8.0_362]
2023-05-30 05:51:02,281 [OM StateMachine ApplyTransaction Thread - 0] ERROR file.OMFileCreateRequest (OMFileCreateRequest.java:validateAndUpdateCache(336)) - File create failed. Volume:volume65959, Bucket:bucket21261, Keytest/testOverwriteNonEmptyDirectory.
NOT_A_FILE org.apache.hadoop.ozone.om.exceptions.OMException: Can not write to directory: test/testOverwriteNonEmptyDirectory
	at org.apache.hadoop.ozone.om.request.file.OMFileCreateRequest.checkDirectoryResult(OMFileCreateRequest.java:363)
	at org.apache.hadoop.ozone.om.request.file.OMFileCreateRequest.validateAndUpdateCache(OMFileCreateRequest.java:238)
	at org.apache.hadoop.ozone.protocolPB.OzoneManagerRequestHandler.handleWriteRequest(OzoneManagerRequestHandler.java:337)
	at org.apache.hadoop.ozone.om.ratis.OzoneManagerStateMachine.runCommand(OzoneManagerStateMachine.java:567)
	at org.apache.hadoop.ozone.om.ratis.OzoneManagerStateMachine.lambda$1(OzoneManagerStateMachine.java:358)
	at java.util.concurrent.CompletableFuture$AsyncSupply.run(CompletableFuture.java:1604)
	at java.util.concurrent.ThreadPoolExecutor.runWorker(ThreadPoolExecutor.java:1149)
	at java.util.concurrent.ThreadPoolExecutor$Worker.run(ThreadPoolExecutor.java:624)
	at java.lang.Thread.run(Thread.java:750)
2023-05-30 05:51:02,500 [JUnit-testOverwriteNonEmptyDirectory[0]] INFO  contract.AbstractFSContractTestBase (AbstractFSContractTestBase.java:describe(278)) - verify trying to create a file over a non-empty dir fails, use builder API=true
05:51:02.604 [OM StateMachine ApplyTransaction Thread - 0] ERROR OMAudit - user=runner | ip=127.0.0.1 | op=CREATE_FILE {volume=volume65959, bucket=bucket21261, key=test/testOverwriteNonEmptyDirectory, dataSize=4194304, replicationType=RATIS, replicationFactor=ONE} | ret=FAILURE
org.apache.hadoop.ozone.om.exceptions.OMException: Can not write to directory: test/testOverwriteNonEmptyDirectory
	at org.apache.hadoop.ozone.om.request.file.OMFileCreateRequest.checkDirectoryResult(OMFileCreateRequest.java:363) ~[ozone-manager-1.4.0-SNAPSHOT.jar:?]
	at org.apache.hadoop.ozone.om.request.file.OMFileCreateRequest.validateAndUpdateCache(OMFileCreateRequest.java:238) ~[ozone-manager-1.4.0-SNAPSHOT.jar:?]
	at org.apache.hadoop.ozone.protocolPB.OzoneManagerRequestHandler.handleWriteRequest(OzoneManagerRequestHandler.java:337) ~[ozone-manager-1.4.0-SNAPSHOT.jar:?]
	at org.apache.hadoop.ozone.om.ratis.OzoneManagerStateMachine.runCommand(OzoneManagerStateMachine.java:567) ~[ozone-manager-1.4.0-SNAPSHOT.jar:?]
	at org.apache.hadoop.ozone.om.ratis.OzoneManagerStateMachine.lambda$1(OzoneManagerStateMachine.java:358) ~[ozone-manager-1.4.0-SNAPSHOT.jar:?]
	at java.util.concurrent.CompletableFuture$AsyncSupply.run(CompletableFuture.java:1604) [?:1.8.0_362]
	at java.util.concurrent.ThreadPoolExecutor.runWorker(ThreadPoolExecutor.java:1149) [?:1.8.0_362]
	at java.util.concurrent.ThreadPoolExecutor$Worker.run(ThreadPoolExecutor.java:624) [?:1.8.0_362]
	at java.lang.Thread.run(Thread.java:750) [?:1.8.0_362]
2023-05-30 05:51:02,604 [OM StateMachine ApplyTransaction Thread - 0] ERROR file.OMFileCreateRequest (OMFileCreateRequest.java:validateAndUpdateCache(336)) - File create failed. Volume:volume65959, Bucket:bucket21261, Keytest/testOverwriteNonEmptyDirectory.
NOT_A_FILE org.apache.hadoop.ozone.om.exceptions.OMException: Can not write to directory: test/testOverwriteNonEmptyDirectory
	at org.apache.hadoop.ozone.om.request.file.OMFileCreateRequest.checkDirectoryResult(OMFileCreateRequest.java:363)
	at org.apache.hadoop.ozone.om.request.file.OMFileCreateRequest.validateAndUpdateCache(OMFileCreateRequest.java:238)
	at org.apache.hadoop.ozone.protocolPB.OzoneManagerRequestHandler.handleWriteRequest(OzoneManagerRequestHandler.java:337)
	at org.apache.hadoop.ozone.om.ratis.OzoneManagerStateMachine.runCommand(OzoneManagerStateMachine.java:567)
	at org.apache.hadoop.ozone.om.ratis.OzoneManagerStateMachine.lambda$1(OzoneManagerStateMachine.java:358)
	at java.util.concurrent.CompletableFuture$AsyncSupply.run(CompletableFuture.java:1604)
	at java.util.concurrent.ThreadPoolExecutor.runWorker(ThreadPoolExecutor.java:1149)
	at java.util.concurrent.ThreadPoolExecutor$Worker.run(ThreadPoolExecutor.java:624)
	at java.lang.Thread.run(Thread.java:750)
]]></system-out>
  </testcase>
  <testcase name="testOverwriteNonEmptyDirectory" classname="ITestOzoneContractCreate" time="0.817">
    <system-out><![CDATA[2023-05-30 05:51:06,079 [Listener at 0.0.0.0/15046] INFO  ozone.MiniOzoneClusterImpl (MiniOzoneClusterImpl.java:shutdown(442)) - Shutting down the Mini Ozone Cluster
2023-05-30 05:51:06,079 [Listener at 0.0.0.0/15046] INFO  ozone.MiniOzoneClusterImpl (MiniOzoneClusterImpl.java:stop(459)) - Stopping the Mini Ozone Cluster
2023-05-30 05:51:06,080 [Listener at 0.0.0.0/15046] INFO  ozone.MiniOzoneClusterImpl (MiniOzoneClusterImpl.java:stopOM(545)) - Stopping the OzoneManager
2023-05-30 05:51:06,080 [Listener at 0.0.0.0/15046] INFO  om.OzoneManager (OzoneManager.java:stop(2212)) - om1[localhost:15004]: Stopping Ozone Manager
2023-05-30 05:51:06,080 [Listener at 0.0.0.0/15046] INFO  ipc.Server (Server.java:stop(3501)) - Stopping server on 15004
2023-05-30 05:51:06,086 [IPC Server listener on 15004] INFO  ipc.Server (Server.java:run(1430)) - Stopping IPC Server listener on 15004
2023-05-30 05:51:06,090 [IPC Server Responder] INFO  ipc.Server (Server.java:run(1563)) - Stopping IPC Server Responder
2023-05-30 05:51:06,092 [Listener at 0.0.0.0/15046] INFO  server.RaftServer (RaftServerProxy.java:lambda$close$6(416)) - om1: close
2023-05-30 05:51:06,093 [om1-impl-thread1] INFO  server.RaftServer$Division (RaftServerImpl.java:lambda$close$4(466)) - om1@group-C5BA1605619E: shutdown
2023-05-30 05:51:06,093 [om1-impl-thread1] INFO  util.JmxRegister (JmxRegister.java:unregister(73)) - Successfully un-registered JMX Bean with object name Ratis:service=RaftServer,group=group-C5BA1605619E,id=om1
2023-05-30 05:51:06,093 [om1-impl-thread1] INFO  impl.RoleInfo (RoleInfo.java:shutdownLeaderState(93)) - om1: shutdown om1@group-C5BA1605619E-LeaderStateImpl
2023-05-30 05:51:06,094 [om1-impl-thread1] INFO  impl.PendingRequests (PendingRequests.java:sendNotLeaderResponses(289)) - om1@group-C5BA1605619E-PendingRequests: sendNotLeaderResponses
2023-05-30 05:51:06,094 [Listener at 0.0.0.0/15046] INFO  server.GrpcService (GrpcService.java:closeImpl(311)) - om1: shutdown server GrpcServerProtocolService now
2023-05-30 05:51:06,104 [om1-impl-thread1] INFO  impl.StateMachineUpdater (StateMachineUpdater.java:stopAndJoin(155)) - om1@group-C5BA1605619E-StateMachineUpdater: set stopIndex = 246
2023-05-30 05:51:06,104 [om1@group-C5BA1605619E-StateMachineUpdater] INFO  ratis.OzoneManagerStateMachine (OzoneManagerStateMachine.java:takeSnapshot(479)) - Current Snapshot Index (t:1, i:246)
2023-05-30 05:51:06,111 [Listener at 0.0.0.0/15046] INFO  server.GrpcService (GrpcService.java:closeImpl(320)) - om1: shutdown server GrpcServerProtocolService successfully
2023-05-30 05:51:06,136 [om1@group-C5BA1605619E-StateMachineUpdater] INFO  impl.StateMachineUpdater (StateMachineUpdater.java:takeSnapshot(291)) - om1@group-C5BA1605619E-StateMachineUpdater: Took a snapshot at index 246
2023-05-30 05:51:06,137 [om1@group-C5BA1605619E-StateMachineUpdater] INFO  impl.StateMachineUpdater (StateMachineUpdater.java:lambda$new$0(97)) - om1@group-C5BA1605619E-StateMachineUpdater: snapshotIndex: updateIncreasingly -1 -> 246
2023-05-30 05:51:06,137 [om1@group-C5BA1605619E-StateMachineUpdater] INFO  ratis.OzoneManagerStateMachine (OzoneManagerStateMachine.java:close(533)) - StateMachine has shutdown. Shutdown OzoneManager if not already shutdown.
2023-05-30 05:51:06,137 [om1@group-C5BA1605619E-StateMachineUpdater] INFO  ratis.OzoneManagerDoubleBuffer (OzoneManagerDoubleBuffer.java:stopDaemon(559)) - Stopping OMDoubleBuffer flush thread
2023-05-30 05:51:06,138 [OMDoubleBufferFlushThread] INFO  ratis.OzoneManagerDoubleBuffer (OzoneManagerDoubleBuffer.java:canFlush(648)) - OMDoubleBuffer flush thread OMDoubleBufferFlushThread is interrupted and will exit.
2023-05-30 05:51:06,140 [om1-impl-thread1] INFO  server.RaftServer$Division (ServerState.java:close(472)) - om1@group-C5BA1605619E: closes. applyIndex: 246
2023-05-30 05:51:07,074 [om1-impl-thread1] INFO  segmented.SegmentedRaftLogWorker (SegmentedRaftLogWorker.java:close(252)) - om1@group-C5BA1605619E-SegmentedRaftLogWorker close()
2023-05-30 05:51:07,076 [JvmPauseMonitor0] INFO  util.JvmPauseMonitor (JvmPauseMonitor.java:run(109)) - JvmPauseMonitor-om1: Stopped
2023-05-30 05:51:07,076 [Listener at 0.0.0.0/15046] INFO  ratis.OzoneManagerStateMachine (OzoneManagerStateMachine.java:close(533)) - StateMachine has shutdown. Shutdown OzoneManager if not already shutdown.
2023-05-30 05:51:07,076 [Listener at 0.0.0.0/15046] INFO  ratis.OzoneManagerDoubleBuffer (OzoneManagerDoubleBuffer.java:stopDaemon(568)) - OMDoubleBuffer flush thread is not running.
2023-05-30 05:51:07,078 [Listener at 0.0.0.0/15046] INFO  utils.BackgroundService (BackgroundService.java:shutdown(141)) - Shutting down service KeyDeletingService
2023-05-30 05:51:07,079 [Listener at 0.0.0.0/15046] INFO  utils.BackgroundService (BackgroundService.java:shutdown(141)) - Shutting down service KeyDeletingService
2023-05-30 05:51:07,080 [Listener at 0.0.0.0/15046] INFO  utils.BackgroundService (BackgroundService.java:shutdown(141)) - Shutting down service OpenKeyCleanupService
2023-05-30 05:51:07,080 [Listener at 0.0.0.0/15046] INFO  utils.BackgroundService (BackgroundService.java:shutdown(141)) - Shutting down service SstFilteringService
2023-05-30 05:51:07,081 [Listener at 0.0.0.0/15046] INFO  utils.BackgroundService (BackgroundService.java:shutdown(141)) - Shutting down service SnapshotDeletingService
2023-05-30 05:51:07,083 [Listener at 0.0.0.0/15046] INFO  handler.ContextHandler (ContextHandler.java:doStop(1159)) - Stopped o.e.j.w.WebAppContext@1c5c560a{ozoneManager,/,null,STOPPED}{file:/home/runner/work/ozone/ozone/hadoop-ozone/integration-test/target/test-classes/webapps/ozoneManager}
2023-05-30 05:51:07,087 [Listener at 0.0.0.0/15046] INFO  server.AbstractConnector (AbstractConnector.java:doStop(383)) - Stopped ServerConnector@2a07d669{HTTP/1.1, (http/1.1)}{0.0.0.0:15005}
2023-05-30 05:51:07,087 [Listener at 0.0.0.0/15046] INFO  server.session (HouseKeeper.java:stopScavenging(149)) - node0 Stopped scavenging
2023-05-30 05:51:07,087 [Listener at 0.0.0.0/15046] INFO  handler.ContextHandler (ContextHandler.java:doStop(1159)) - Stopped o.e.j.s.ServletContextHandler@37045c86{static,/static,file:///home/runner/work/ozone/ozone/hadoop-ozone/integration-test/target/test-classes/webapps/static,STOPPED}
2023-05-30 05:51:07,087 [Listener at 0.0.0.0/15046] INFO  handler.ContextHandler (ContextHandler.java:doStop(1159)) - Stopped o.e.j.s.ServletContextHandler@4fbb0c0b{logs,/logs,file:///home/runner/work/ozone/ozone/hadoop-ozone/integration-test/target/log,STOPPED}
2023-05-30 05:51:07,096 [Listener at 0.0.0.0/15046] INFO  snapshot.SnapshotDiffManager (SnapshotDiffManager.java:closeExecutorService(1278)) - Shutting down executorService: 'SnapDiffExecutor'
2023-05-30 05:51:07,096 [Listener at 0.0.0.0/15046] INFO  utils.BackgroundService (BackgroundService.java:shutdown(141)) - Shutting down service SnapshotDiffCleanupService
2023-05-30 05:51:07,098 [Listener at 0.0.0.0/15046] INFO  ozone.MiniOzoneClusterImpl (MiniOzoneClusterImpl.java:stopDatanodes(522)) - Stopping the HddsDatanodes
2023-05-30 05:51:07,102 [Listener at 0.0.0.0/15046] INFO  ozoneimpl.OzoneContainer (OzoneContainer.java:stop(420)) - Attempting to stop container services.
2023-05-30 05:51:07,104 [ForkJoinPool.commonPool-worker-1] INFO  ozoneimpl.OzoneContainer (OzoneContainer.java:stop(420)) - Attempting to stop container services.
2023-05-30 05:51:07,107 [Listener at 0.0.0.0/15046] INFO  server.RaftServer (RaftServerProxy.java:lambda$close$6(416)) - 2201e636-6a5b-4250-af22-17a0252fe45f: close
2023-05-30 05:51:07,107 [ForkJoinPool.commonPool-worker-1] INFO  server.RaftServer (RaftServerProxy.java:lambda$close$6(416)) - 0ed3f2b4-6603-4cfa-a0d8-6595115ff82f: close
2023-05-30 05:51:07,107 [2201e636-6a5b-4250-af22-17a0252fe45f-impl-thread1] INFO  server.RaftServer$Division (RaftServerImpl.java:lambda$close$4(466)) - 2201e636-6a5b-4250-af22-17a0252fe45f@group-5DC6EF7DD25E: shutdown
2023-05-30 05:51:07,107 [2201e636-6a5b-4250-af22-17a0252fe45f-impl-thread1] INFO  util.JmxRegister (JmxRegister.java:unregister(73)) - Successfully un-registered JMX Bean with object name Ratis:service=RaftServer,group=group-5DC6EF7DD25E,id=2201e636-6a5b-4250-af22-17a0252fe45f
2023-05-30 05:51:07,107 [2201e636-6a5b-4250-af22-17a0252fe45f-impl-thread1] INFO  impl.RoleInfo (RoleInfo.java:shutdownFollowerState(110)) - 2201e636-6a5b-4250-af22-17a0252fe45f: shutdown 2201e636-6a5b-4250-af22-17a0252fe45f@group-5DC6EF7DD25E-FollowerState
2023-05-30 05:51:07,107 [2201e636-6a5b-4250-af22-17a0252fe45f-impl-thread1] INFO  impl.StateMachineUpdater (StateMachineUpdater.java:stopAndJoin(155)) - 2201e636-6a5b-4250-af22-17a0252fe45f@group-5DC6EF7DD25E-StateMachineUpdater: set stopIndex = 17
2023-05-30 05:51:07,108 [2201e636-6a5b-4250-af22-17a0252fe45f@group-5DC6EF7DD25E-FollowerState] INFO  impl.FollowerState (FollowerState.java:run(152)) - 2201e636-6a5b-4250-af22-17a0252fe45f@group-5DC6EF7DD25E-FollowerState was interrupted
2023-05-30 05:51:07,108 [2201e636-6a5b-4250-af22-17a0252fe45f@group-5DC6EF7DD25E-StateMachineUpdater] INFO  ratis.ContainerStateMachine (ContainerStateMachine.java:takeSnapshot(330)) - group-5DC6EF7DD25E: Taking a snapshot at:(t:1, i:17) file /home/runner/work/ozone/ozone/hadoop-ozone/integration-test/target/test-dir/MiniOzoneClusterImpl-14387da3-0fdf-4878-9e7f-f07e3baca9b9/datanode-2/data/ratis/81bd04ba-6959-413d-afc2-5dc6ef7dd25e/sm/snapshot.1_17
2023-05-30 05:51:07,108 [0ed3f2b4-6603-4cfa-a0d8-6595115ff82f-impl-thread1] INFO  server.RaftServer$Division (RaftServerImpl.java:lambda$close$4(466)) - 0ed3f2b4-6603-4cfa-a0d8-6595115ff82f@group-5DC6EF7DD25E: shutdown
2023-05-30 05:51:07,108 [0ed3f2b4-6603-4cfa-a0d8-6595115ff82f-impl-thread1] INFO  util.JmxRegister (JmxRegister.java:unregister(73)) - Successfully un-registered JMX Bean with object name Ratis:service=RaftServer,group=group-5DC6EF7DD25E,id=0ed3f2b4-6603-4cfa-a0d8-6595115ff82f
2023-05-30 05:51:07,108 [0ed3f2b4-6603-4cfa-a0d8-6595115ff82f-impl-thread1] INFO  impl.RoleInfo (RoleInfo.java:shutdownLeaderState(93)) - 0ed3f2b4-6603-4cfa-a0d8-6595115ff82f: shutdown 0ed3f2b4-6603-4cfa-a0d8-6595115ff82f@group-5DC6EF7DD25E-LeaderStateImpl
2023-05-30 05:51:07,108 [2201e636-6a5b-4250-af22-17a0252fe45f-impl-thread2] INFO  server.RaftServer$Division (RaftServerImpl.java:lambda$close$4(466)) - 2201e636-6a5b-4250-af22-17a0252fe45f@group-BF066060FF0B: shutdown
2023-05-30 05:51:07,115 [2201e636-6a5b-4250-af22-17a0252fe45f-impl-thread2] INFO  util.JmxRegister (JmxRegister.java:unregister(73)) - Successfully un-registered JMX Bean with object name Ratis:service=RaftServer,group=group-BF066060FF0B,id=2201e636-6a5b-4250-af22-17a0252fe45f
2023-05-30 05:51:07,115 [2201e636-6a5b-4250-af22-17a0252fe45f-impl-thread2] INFO  impl.RoleInfo (RoleInfo.java:shutdownFollowerState(110)) - 2201e636-6a5b-4250-af22-17a0252fe45f: shutdown 2201e636-6a5b-4250-af22-17a0252fe45f@group-BF066060FF0B-FollowerState
2023-05-30 05:51:07,118 [0ed3f2b4-6603-4cfa-a0d8-6595115ff82f-impl-thread2] INFO  server.RaftServer$Division (RaftServerImpl.java:lambda$close$4(466)) - 0ed3f2b4-6603-4cfa-a0d8-6595115ff82f@group-F5BB0360AB4F: shutdown
2023-05-30 05:51:07,118 [0ed3f2b4-6603-4cfa-a0d8-6595115ff82f-impl-thread2] INFO  util.JmxRegister (JmxRegister.java:unregister(73)) - Successfully un-registered JMX Bean with object name Ratis:service=RaftServer,group=group-F5BB0360AB4F,id=0ed3f2b4-6603-4cfa-a0d8-6595115ff82f
2023-05-30 05:51:07,118 [0ed3f2b4-6603-4cfa-a0d8-6595115ff82f-impl-thread2] INFO  impl.RoleInfo (RoleInfo.java:shutdownLeaderState(93)) - 0ed3f2b4-6603-4cfa-a0d8-6595115ff82f: shutdown 0ed3f2b4-6603-4cfa-a0d8-6595115ff82f@group-F5BB0360AB4F-LeaderStateImpl
2023-05-30 05:51:07,121 [ForkJoinPool.commonPool-worker-1] INFO  server.GrpcService (GrpcService.java:closeImpl(311)) - 0ed3f2b4-6603-4cfa-a0d8-6595115ff82f: shutdown server org.apache.ratis.grpc.server.GrpcClientProtocolService now
2023-05-30 05:51:07,122 [0ed3f2b4-6603-4cfa-a0d8-6595115ff82f-impl-thread3] INFO  server.RaftServer$Division (RaftServerImpl.java:lambda$close$4(466)) - 0ed3f2b4-6603-4cfa-a0d8-6595115ff82f@group-BF066060FF0B: shutdown
2023-05-30 05:51:07,122 [0ed3f2b4-6603-4cfa-a0d8-6595115ff82f-impl-thread3] INFO  util.JmxRegister (JmxRegister.java:unregister(73)) - Successfully un-registered JMX Bean with object name Ratis:service=RaftServer,group=group-BF066060FF0B,id=0ed3f2b4-6603-4cfa-a0d8-6595115ff82f
2023-05-30 05:51:07,122 [0ed3f2b4-6603-4cfa-a0d8-6595115ff82f-impl-thread3] INFO  impl.RoleInfo (RoleInfo.java:shutdownFollowerState(110)) - 0ed3f2b4-6603-4cfa-a0d8-6595115ff82f: shutdown 0ed3f2b4-6603-4cfa-a0d8-6595115ff82f@group-BF066060FF0B-FollowerState
2023-05-30 05:51:07,122 [0ed3f2b4-6603-4cfa-a0d8-6595115ff82f@group-BF066060FF0B-StateMachineUpdater] INFO  ratis.ContainerStateMachine (ContainerStateMachine.java:takeSnapshot(330)) - group-BF066060FF0B: Taking a snapshot at:(t:1, i:0) file /home/runner/work/ozone/ozone/hadoop-ozone/integration-test/target/test-dir/MiniOzoneClusterImpl-14387da3-0fdf-4878-9e7f-f07e3baca9b9/datanode-1/data/ratis/f54df219-ce5b-4ae3-a86c-bf066060ff0b/sm/snapshot.1_0
2023-05-30 05:51:07,122 [0ed3f2b4-6603-4cfa-a0d8-6595115ff82f-impl-thread3] INFO  impl.StateMachineUpdater (StateMachineUpdater.java:stopAndJoin(155)) - 0ed3f2b4-6603-4cfa-a0d8-6595115ff82f@group-BF066060FF0B-StateMachineUpdater: set stopIndex = 0
2023-05-30 05:51:07,123 [0ed3f2b4-6603-4cfa-a0d8-6595115ff82f@group-BF066060FF0B-FollowerState] INFO  impl.FollowerState (FollowerState.java:run(152)) - 0ed3f2b4-6603-4cfa-a0d8-6595115ff82f@group-BF066060FF0B-FollowerState was interrupted
2023-05-30 05:51:07,124 [0ed3f2b4-6603-4cfa-a0d8-6595115ff82f@group-BF066060FF0B-StateMachineUpdater] INFO  ratis.ContainerStateMachine (ContainerStateMachine.java:takeSnapshot(341)) - group-BF066060FF0B: Finished taking a snapshot at:(t:1, i:0) file:/home/runner/work/ozone/ozone/hadoop-ozone/integration-test/target/test-dir/MiniOzoneClusterImpl-14387da3-0fdf-4878-9e7f-f07e3baca9b9/datanode-1/data/ratis/f54df219-ce5b-4ae3-a86c-bf066060ff0b/sm/snapshot.1_0 took: 1 ms
2023-05-30 05:51:07,125 [0ed3f2b4-6603-4cfa-a0d8-6595115ff82f@group-BF066060FF0B-StateMachineUpdater] INFO  impl.StateMachineUpdater (StateMachineUpdater.java:takeSnapshot(291)) - 0ed3f2b4-6603-4cfa-a0d8-6595115ff82f@group-BF066060FF0B-StateMachineUpdater: Took a snapshot at index 0
2023-05-30 05:51:07,125 [0ed3f2b4-6603-4cfa-a0d8-6595115ff82f@group-BF066060FF0B-StateMachineUpdater] INFO  impl.StateMachineUpdater (StateMachineUpdater.java:lambda$new$0(97)) - 0ed3f2b4-6603-4cfa-a0d8-6595115ff82f@group-BF066060FF0B-StateMachineUpdater: snapshotIndex: updateIncreasingly -1 -> 0
2023-05-30 05:51:07,127 [2201e636-6a5b-4250-af22-17a0252fe45f-impl-thread2] INFO  impl.StateMachineUpdater (StateMachineUpdater.java:stopAndJoin(155)) - 2201e636-6a5b-4250-af22-17a0252fe45f@group-BF066060FF0B-StateMachineUpdater: set stopIndex = 0
2023-05-30 05:51:07,127 [2201e636-6a5b-4250-af22-17a0252fe45f@group-5DC6EF7DD25E-StateMachineUpdater] INFO  ratis.ContainerStateMachine (ContainerStateMachine.java:takeSnapshot(341)) - group-5DC6EF7DD25E: Finished taking a snapshot at:(t:1, i:17) file:/home/runner/work/ozone/ozone/hadoop-ozone/integration-test/target/test-dir/MiniOzoneClusterImpl-14387da3-0fdf-4878-9e7f-f07e3baca9b9/datanode-2/data/ratis/81bd04ba-6959-413d-afc2-5dc6ef7dd25e/sm/snapshot.1_17 took: 20 ms
2023-05-30 05:51:07,128 [2201e636-6a5b-4250-af22-17a0252fe45f@group-5DC6EF7DD25E-StateMachineUpdater] INFO  impl.StateMachineUpdater (StateMachineUpdater.java:takeSnapshot(291)) - 2201e636-6a5b-4250-af22-17a0252fe45f@group-5DC6EF7DD25E-StateMachineUpdater: Took a snapshot at index 17
2023-05-30 05:51:07,128 [2201e636-6a5b-4250-af22-17a0252fe45f@group-5DC6EF7DD25E-StateMachineUpdater] INFO  impl.StateMachineUpdater (StateMachineUpdater.java:lambda$new$0(97)) - 2201e636-6a5b-4250-af22-17a0252fe45f@group-5DC6EF7DD25E-StateMachineUpdater: snapshotIndex: updateIncreasingly -1 -> 17
2023-05-30 05:51:07,127 [2201e636-6a5b-4250-af22-17a0252fe45f@group-BF066060FF0B-FollowerState] INFO  impl.FollowerState (FollowerState.java:run(152)) - 2201e636-6a5b-4250-af22-17a0252fe45f@group-BF066060FF0B-FollowerState was interrupted
2023-05-30 05:51:07,128 [2201e636-6a5b-4250-af22-17a0252fe45f@group-BF066060FF0B-StateMachineUpdater] INFO  ratis.ContainerStateMachine (ContainerStateMachine.java:takeSnapshot(330)) - group-BF066060FF0B: Taking a snapshot at:(t:1, i:0) file /home/runner/work/ozone/ozone/hadoop-ozone/integration-test/target/test-dir/MiniOzoneClusterImpl-14387da3-0fdf-4878-9e7f-f07e3baca9b9/datanode-2/data/ratis/f54df219-ce5b-4ae3-a86c-bf066060ff0b/sm/snapshot.1_0
2023-05-30 05:51:07,129 [2201e636-6a5b-4250-af22-17a0252fe45f@group-BF066060FF0B-StateMachineUpdater] INFO  ratis.ContainerStateMachine (ContainerStateMachine.java:takeSnapshot(341)) - group-BF066060FF0B: Finished taking a snapshot at:(t:1, i:0) file:/home/runner/work/ozone/ozone/hadoop-ozone/integration-test/target/test-dir/MiniOzoneClusterImpl-14387da3-0fdf-4878-9e7f-f07e3baca9b9/datanode-2/data/ratis/f54df219-ce5b-4ae3-a86c-bf066060ff0b/sm/snapshot.1_0 took: 1 ms
2023-05-30 05:51:07,129 [2201e636-6a5b-4250-af22-17a0252fe45f@group-BF066060FF0B-StateMachineUpdater] INFO  impl.StateMachineUpdater (StateMachineUpdater.java:takeSnapshot(291)) - 2201e636-6a5b-4250-af22-17a0252fe45f@group-BF066060FF0B-StateMachineUpdater: Took a snapshot at index 0
2023-05-30 05:51:07,129 [2201e636-6a5b-4250-af22-17a0252fe45f@group-BF066060FF0B-StateMachineUpdater] INFO  impl.StateMachineUpdater (StateMachineUpdater.java:lambda$new$0(97)) - 2201e636-6a5b-4250-af22-17a0252fe45f@group-BF066060FF0B-StateMachineUpdater: snapshotIndex: updateIncreasingly -1 -> 0
2023-05-30 05:51:07,130 [Listener at 0.0.0.0/15046] INFO  server.GrpcService (GrpcService.java:closeImpl(311)) - 2201e636-6a5b-4250-af22-17a0252fe45f: shutdown server org.apache.ratis.grpc.server.GrpcClientProtocolService now
2023-05-30 05:51:07,137 [0ed3f2b4-6603-4cfa-a0d8-6595115ff82f-impl-thread1] INFO  impl.PendingRequests (PendingRequests.java:sendNotLeaderResponses(289)) - 0ed3f2b4-6603-4cfa-a0d8-6595115ff82f@group-5DC6EF7DD25E-PendingRequests: sendNotLeaderResponses
2023-05-30 05:51:07,137 [0ed3f2b4-6603-4cfa-a0d8-6595115ff82f@group-5DC6EF7DD25E->2201e636-6a5b-4250-af22-17a0252fe45f-GrpcLogAppender-LogAppenderDaemon] WARN  server.GrpcLogAppender (GrpcLogAppender.java:mayWait(199)) - 0ed3f2b4-6603-4cfa-a0d8-6595115ff82f@group-5DC6EF7DD25E->2201e636-6a5b-4250-af22-17a0252fe45f-GrpcLogAppender: Wait interrupted by java.lang.InterruptedException
2023-05-30 05:51:07,140 [Thread-534] INFO  server.GrpcServerProtocolClient (GrpcServerProtocolClient.java:close(103)) - 2201e636-6a5b-4250-af22-17a0252fe45f Close channels
2023-05-30 05:51:07,140 [Thread-536] INFO  server.GrpcServerProtocolClient (GrpcServerProtocolClient.java:close(103)) - 55da83fd-970f-4c5a-b7d8-35d4afa09e55 Close channels
2023-05-30 05:51:07,137 [0ed3f2b4-6603-4cfa-a0d8-6595115ff82f@group-5DC6EF7DD25E->55da83fd-970f-4c5a-b7d8-35d4afa09e55-GrpcLogAppender-LogAppenderDaemon] WARN  server.GrpcLogAppender (GrpcLogAppender.java:mayWait(199)) - 0ed3f2b4-6603-4cfa-a0d8-6595115ff82f@group-5DC6EF7DD25E->55da83fd-970f-4c5a-b7d8-35d4afa09e55-GrpcLogAppender: Wait interrupted by java.lang.InterruptedException
2023-05-30 05:51:07,141 [2201e636-6a5b-4250-af22-17a0252fe45f-impl-thread2] INFO  server.RaftServer$Division (ServerState.java:close(472)) - 2201e636-6a5b-4250-af22-17a0252fe45f@group-BF066060FF0B: closes. applyIndex: 0
2023-05-30 05:51:07,141 [2201e636-6a5b-4250-af22-17a0252fe45f-impl-thread1] INFO  server.RaftServer$Division (ServerState.java:close(472)) - 2201e636-6a5b-4250-af22-17a0252fe45f@group-5DC6EF7DD25E: closes. applyIndex: 17
2023-05-30 05:51:07,142 [ForkJoinPool.commonPool-worker-0] INFO  ozoneimpl.OzoneContainer (OzoneContainer.java:stop(420)) - Attempting to stop container services.
2023-05-30 05:51:07,118 [0ed3f2b4-6603-4cfa-a0d8-6595115ff82f-impl-thread2] INFO  impl.PendingRequests (PendingRequests.java:sendNotLeaderResponses(289)) - 0ed3f2b4-6603-4cfa-a0d8-6595115ff82f@group-F5BB0360AB4F-PendingRequests: sendNotLeaderResponses
2023-05-30 05:51:07,142 [ForkJoinPool.commonPool-worker-0] INFO  server.RaftServer (RaftServerProxy.java:lambda$close$6(416)) - 6c00d7ad-6a7a-4ce5-bceb-eb03aa305f01: close
2023-05-30 05:51:07,156 [ForkJoinPool.commonPool-worker-0] INFO  server.GrpcService (GrpcService.java:closeImpl(311)) - 6c00d7ad-6a7a-4ce5-bceb-eb03aa305f01: shutdown server org.apache.ratis.grpc.server.GrpcClientProtocolService now
2023-05-30 05:51:07,156 [2201e636-6a5b-4250-af22-17a0252fe45f-impl-thread3] INFO  server.RaftServer$Division (RaftServerImpl.java:lambda$close$4(466)) - 2201e636-6a5b-4250-af22-17a0252fe45f@group-33FE9FAF7750: shutdown
2023-05-30 05:51:07,150 [grpc-default-executor-2] WARN  server.GrpcClientProtocolService (LogUtils.java:warn(122)) - 0-OrderedRequestStreamObserver0: onError: org.apache.ratis.thirdparty.io.grpc.StatusRuntimeException: CANCELLED: client cancelled
2023-05-30 05:51:07,149 [0ed3f2b4-6603-4cfa-a0d8-6595115ff82f-impl-thread3] INFO  server.RaftServer$Division (ServerState.java:close(472)) - 0ed3f2b4-6603-4cfa-a0d8-6595115ff82f@group-BF066060FF0B: closes. applyIndex: 0
2023-05-30 05:51:07,156 [6c00d7ad-6a7a-4ce5-bceb-eb03aa305f01-impl-thread1] INFO  server.RaftServer$Division (RaftServerImpl.java:lambda$close$4(466)) - 6c00d7ad-6a7a-4ce5-bceb-eb03aa305f01@group-29C5A670DF56: shutdown
2023-05-30 05:51:07,157 [6c00d7ad-6a7a-4ce5-bceb-eb03aa305f01-impl-thread1] INFO  util.JmxRegister (JmxRegister.java:unregister(73)) - Successfully un-registered JMX Bean with object name Ratis:service=RaftServer,group=group-29C5A670DF56,id=6c00d7ad-6a7a-4ce5-bceb-eb03aa305f01
2023-05-30 05:51:07,157 [6c00d7ad-6a7a-4ce5-bceb-eb03aa305f01-impl-thread1] INFO  impl.RoleInfo (RoleInfo.java:shutdownLeaderState(93)) - 6c00d7ad-6a7a-4ce5-bceb-eb03aa305f01: shutdown 6c00d7ad-6a7a-4ce5-bceb-eb03aa305f01@group-29C5A670DF56-LeaderStateImpl
2023-05-30 05:51:07,157 [6c00d7ad-6a7a-4ce5-bceb-eb03aa305f01-impl-thread1] INFO  impl.PendingRequests (PendingRequests.java:sendNotLeaderResponses(289)) - 6c00d7ad-6a7a-4ce5-bceb-eb03aa305f01@group-29C5A670DF56-PendingRequests: sendNotLeaderResponses
2023-05-30 05:51:07,157 [2201e636-6a5b-4250-af22-17a0252fe45f-impl-thread3] INFO  util.JmxRegister (JmxRegister.java:unregister(73)) - Successfully un-registered JMX Bean with object name Ratis:service=RaftServer,group=group-33FE9FAF7750,id=2201e636-6a5b-4250-af22-17a0252fe45f
2023-05-30 05:51:07,157 [2201e636-6a5b-4250-af22-17a0252fe45f-impl-thread3] INFO  impl.RoleInfo (RoleInfo.java:shutdownLeaderState(93)) - 2201e636-6a5b-4250-af22-17a0252fe45f: shutdown 2201e636-6a5b-4250-af22-17a0252fe45f@group-33FE9FAF7750-LeaderStateImpl
2023-05-30 05:51:07,157 [2201e636-6a5b-4250-af22-17a0252fe45f-impl-thread3] INFO  impl.PendingRequests (PendingRequests.java:sendNotLeaderResponses(289)) - 2201e636-6a5b-4250-af22-17a0252fe45f@group-33FE9FAF7750-PendingRequests: sendNotLeaderResponses
2023-05-30 05:51:07,154 [grpc-default-executor-3] WARN  server.GrpcClientProtocolService (LogUtils.java:warn(122)) - 5-OrderedRequestStreamObserver5: onError: org.apache.ratis.thirdparty.io.grpc.StatusRuntimeException: CANCELLED: client cancelled
2023-05-30 05:51:07,155 [grpc-default-executor-1] WARN  server.GrpcClientProtocolService (LogUtils.java:warn(122)) - 1-OrderedRequestStreamObserver1: onError: org.apache.ratis.thirdparty.io.grpc.StatusRuntimeException: CANCELLED: client cancelled
2023-05-30 05:51:07,163 [grpc-default-executor-0] WARN  server.GrpcClientProtocolService (LogUtils.java:warn(122)) - 6-OrderedRequestStreamObserver6: onError: org.apache.ratis.thirdparty.io.grpc.StatusRuntimeException: CANCELLED: client cancelled
2023-05-30 05:51:07,164 [grpc-default-executor-3] WARN  server.GrpcClientProtocolService (LogUtils.java:warn(122)) - 1-OrderedRequestStreamObserver1: onError: org.apache.ratis.thirdparty.io.grpc.StatusRuntimeException: CANCELLED: client cancelled
2023-05-30 05:51:07,170 [0ed3f2b4-6603-4cfa-a0d8-6595115ff82f-impl-thread1] INFO  impl.StateMachineUpdater (StateMachineUpdater.java:stopAndJoin(155)) - 0ed3f2b4-6603-4cfa-a0d8-6595115ff82f@group-5DC6EF7DD25E-StateMachineUpdater: set stopIndex = 17
2023-05-30 05:51:07,170 [0ed3f2b4-6603-4cfa-a0d8-6595115ff82f@group-5DC6EF7DD25E-StateMachineUpdater] INFO  ratis.ContainerStateMachine (ContainerStateMachine.java:takeSnapshot(330)) - group-5DC6EF7DD25E: Taking a snapshot at:(t:1, i:17) file /home/runner/work/ozone/ozone/hadoop-ozone/integration-test/target/test-dir/MiniOzoneClusterImpl-14387da3-0fdf-4878-9e7f-f07e3baca9b9/datanode-1/data/ratis/81bd04ba-6959-413d-afc2-5dc6ef7dd25e/sm/snapshot.1_17
2023-05-30 05:51:07,170 [0ed3f2b4-6603-4cfa-a0d8-6595115ff82f-impl-thread2] INFO  impl.StateMachineUpdater (StateMachineUpdater.java:stopAndJoin(155)) - 0ed3f2b4-6603-4cfa-a0d8-6595115ff82f@group-F5BB0360AB4F-StateMachineUpdater: set stopIndex = 15
2023-05-30 05:51:07,171 [0ed3f2b4-6603-4cfa-a0d8-6595115ff82f@group-F5BB0360AB4F-StateMachineUpdater] INFO  ratis.ContainerStateMachine (ContainerStateMachine.java:takeSnapshot(330)) - group-F5BB0360AB4F: Taking a snapshot at:(t:1, i:15) file /home/runner/work/ozone/ozone/hadoop-ozone/integration-test/target/test-dir/MiniOzoneClusterImpl-14387da3-0fdf-4878-9e7f-f07e3baca9b9/datanode-1/data/ratis/03786e4b-e0e4-4eb3-a81b-f5bb0360ab4f/sm/snapshot.1_15
2023-05-30 05:51:07,171 [grpc-default-executor-1] WARN  server.GrpcClientProtocolService (LogUtils.java:warn(122)) - 0-OrderedRequestStreamObserver0: onError: org.apache.ratis.thirdparty.io.grpc.StatusRuntimeException: CANCELLED: client cancelled
2023-05-30 05:51:07,171 [grpc-default-executor-3] WARN  server.GrpcClientProtocolService (LogUtils.java:warn(122)) - 1-OrderedRequestStreamObserver1: onError: org.apache.ratis.thirdparty.io.grpc.StatusRuntimeException: CANCELLED: client cancelled
2023-05-30 05:51:07,172 [0ed3f2b4-6603-4cfa-a0d8-6595115ff82f@group-5DC6EF7DD25E-StateMachineUpdater] INFO  ratis.ContainerStateMachine (ContainerStateMachine.java:takeSnapshot(341)) - group-5DC6EF7DD25E: Finished taking a snapshot at:(t:1, i:17) file:/home/runner/work/ozone/ozone/hadoop-ozone/integration-test/target/test-dir/MiniOzoneClusterImpl-14387da3-0fdf-4878-9e7f-f07e3baca9b9/datanode-1/data/ratis/81bd04ba-6959-413d-afc2-5dc6ef7dd25e/sm/snapshot.1_17 took: 2 ms
2023-05-30 05:51:07,172 [0ed3f2b4-6603-4cfa-a0d8-6595115ff82f@group-5DC6EF7DD25E-StateMachineUpdater] INFO  impl.StateMachineUpdater (StateMachineUpdater.java:takeSnapshot(291)) - 0ed3f2b4-6603-4cfa-a0d8-6595115ff82f@group-5DC6EF7DD25E-StateMachineUpdater: Took a snapshot at index 17
2023-05-30 05:51:07,172 [0ed3f2b4-6603-4cfa-a0d8-6595115ff82f@group-F5BB0360AB4F-StateMachineUpdater] INFO  ratis.ContainerStateMachine (ContainerStateMachine.java:takeSnapshot(341)) - group-F5BB0360AB4F: Finished taking a snapshot at:(t:1, i:15) file:/home/runner/work/ozone/ozone/hadoop-ozone/integration-test/target/test-dir/MiniOzoneClusterImpl-14387da3-0fdf-4878-9e7f-f07e3baca9b9/datanode-1/data/ratis/03786e4b-e0e4-4eb3-a81b-f5bb0360ab4f/sm/snapshot.1_15 took: 2 ms
2023-05-30 05:51:07,173 [0ed3f2b4-6603-4cfa-a0d8-6595115ff82f@group-F5BB0360AB4F-StateMachineUpdater] INFO  impl.StateMachineUpdater (StateMachineUpdater.java:takeSnapshot(291)) - 0ed3f2b4-6603-4cfa-a0d8-6595115ff82f@group-F5BB0360AB4F-StateMachineUpdater: Took a snapshot at index 15
2023-05-30 05:51:07,173 [0ed3f2b4-6603-4cfa-a0d8-6595115ff82f@group-F5BB0360AB4F-StateMachineUpdater] INFO  impl.StateMachineUpdater (StateMachineUpdater.java:lambda$new$0(97)) - 0ed3f2b4-6603-4cfa-a0d8-6595115ff82f@group-F5BB0360AB4F-StateMachineUpdater: snapshotIndex: updateIncreasingly -1 -> 15
2023-05-30 05:51:07,173 [0ed3f2b4-6603-4cfa-a0d8-6595115ff82f@group-5DC6EF7DD25E-StateMachineUpdater] INFO  impl.StateMachineUpdater (StateMachineUpdater.java:lambda$new$0(97)) - 0ed3f2b4-6603-4cfa-a0d8-6595115ff82f@group-5DC6EF7DD25E-StateMachineUpdater: snapshotIndex: updateIncreasingly -1 -> 17
2023-05-30 05:51:07,174 [grpc-default-executor-3] WARN  server.GrpcClientProtocolService (LogUtils.java:warn(122)) - 3-OrderedRequestStreamObserver3: onError: org.apache.ratis.thirdparty.io.grpc.StatusRuntimeException: CANCELLED: client cancelled
2023-05-30 05:51:07,174 [grpc-default-executor-3] WARN  server.GrpcClientProtocolService (LogUtils.java:warn(122)) - 0-OrderedRequestStreamObserver0: onError: org.apache.ratis.thirdparty.io.grpc.StatusRuntimeException: CANCELLED: client cancelled
2023-05-30 05:51:07,178 [Listener at 0.0.0.0/15046] INFO  server.GrpcService (GrpcService.java:closeImpl(320)) - 2201e636-6a5b-4250-af22-17a0252fe45f: shutdown server org.apache.ratis.grpc.server.GrpcClientProtocolService successfully
2023-05-30 05:51:07,178 [Listener at 0.0.0.0/15046] INFO  server.GrpcService (GrpcService.java:closeImpl(311)) - 2201e636-6a5b-4250-af22-17a0252fe45f: shutdown server GrpcServerProtocolService now
2023-05-30 05:51:07,178 [grpc-default-executor-1] WARN  server.GrpcClientProtocolService (LogUtils.java:warn(122)) - 4-OrderedRequestStreamObserver4: onError: org.apache.ratis.thirdparty.io.grpc.StatusRuntimeException: CANCELLED: client cancelled
2023-05-30 05:51:07,180 [grpc-default-executor-2] INFO  server.GrpcServerProtocolService (GrpcServerProtocolService.java:onCompleted(155)) - 2201e636-6a5b-4250-af22-17a0252fe45f: Completed APPEND_ENTRIES, lastRequest: 0ed3f2b4-6603-4cfa-a0d8-6595115ff82f->2201e636-6a5b-4250-af22-17a0252fe45f#30-t1,previous=(t:1, i:16),leaderCommit=16,initializing? true,entries: size=1, first=(t:1, i:17), METADATAENTRY(c:16)
2023-05-30 05:51:07,180 [grpc-default-executor-2] INFO  server.GrpcServerProtocolService (GrpcServerProtocolService.java:lambda$onCompleted$5(157)) - 2201e636-6a5b-4250-af22-17a0252fe45f: Completed APPEND_ENTRIES, lastReply: null
2023-05-30 05:51:07,181 [grpc-default-executor-2] INFO  server.GrpcServerProtocolService (GrpcServerProtocolService.java:onCompleted(155)) - 2201e636-6a5b-4250-af22-17a0252fe45f: Completed APPEND_ENTRIES, lastRequest: null
2023-05-30 05:51:07,183 [grpc-default-executor-2] INFO  server.GrpcServerProtocolService (GrpcServerProtocolService.java:lambda$onCompleted$5(157)) - 2201e636-6a5b-4250-af22-17a0252fe45f: Completed APPEND_ENTRIES, lastReply: serverReply {
  requestorId: "0ed3f2b4-6603-4cfa-a0d8-6595115ff82f"
  replyId: "2201e636-6a5b-4250-af22-17a0252fe45f"
  raftGroupId {
    id: "\201\275\004\272iYA=\257\302]\306\357}\322^"
  }
  callId: 33
  success: true
}
term: 1
nextIndex: 18
followerCommit: 17
matchIndex: 18446744073709551615
isHearbeat: true

2023-05-30 05:51:07,183 [grpc-default-executor-2] INFO  server.GrpcServerProtocolService (GrpcServerProtocolService.java:onCompleted(155)) - 55da83fd-970f-4c5a-b7d8-35d4afa09e55: Completed APPEND_ENTRIES, lastRequest: null
2023-05-30 05:51:07,184 [grpc-default-executor-2] INFO  server.GrpcServerProtocolService (GrpcServerProtocolService.java:lambda$onCompleted$5(157)) - 55da83fd-970f-4c5a-b7d8-35d4afa09e55: Completed APPEND_ENTRIES, lastReply: serverReply {
  requestorId: "0ed3f2b4-6603-4cfa-a0d8-6595115ff82f"
  replyId: "55da83fd-970f-4c5a-b7d8-35d4afa09e55"
  raftGroupId {
    id: "\201\275\004\272iYA=\257\302]\306\357}\322^"
  }
  callId: 32
  success: true
}
term: 1
nextIndex: 18
followerCommit: 17
matchIndex: 18446744073709551615
isHearbeat: true

2023-05-30 05:51:07,184 [ForkJoinPool.commonPool-worker-0] INFO  server.GrpcService (GrpcService.java:closeImpl(320)) - 6c00d7ad-6a7a-4ce5-bceb-eb03aa305f01: shutdown server org.apache.ratis.grpc.server.GrpcClientProtocolService successfully
2023-05-30 05:51:07,184 [ForkJoinPool.commonPool-worker-0] INFO  server.GrpcService (GrpcService.java:closeImpl(311)) - 6c00d7ad-6a7a-4ce5-bceb-eb03aa305f01: shutdown server GrpcServerProtocolService now
2023-05-30 05:51:07,185 [grpc-default-executor-6] WARN  server.GrpcClientProtocolService (LogUtils.java:warn(122)) - 2-UnorderedRequestStreamObserver2: onError: org.apache.ratis.thirdparty.io.grpc.StatusRuntimeException: CANCELLED: client cancelled
2023-05-30 05:51:07,189 [grpc-default-executor-10] INFO  server.GrpcLogAppender (GrpcLogAppender.java:onCompleted(428)) - 0ed3f2b4-6603-4cfa-a0d8-6595115ff82f@group-5DC6EF7DD25E->2201e636-6a5b-4250-af22-17a0252fe45f-AppendLogResponseHandler: follower responses appendEntries COMPLETED
2023-05-30 05:51:07,191 [grpc-default-executor-10] WARN  server.GrpcLogAppender (GrpcLogAppender.java:resetClient(137)) - 0ed3f2b4-6603-4cfa-a0d8-6595115ff82f@group-5DC6EF7DD25E->2201e636-6a5b-4250-af22-17a0252fe45f-GrpcLogAppender: Failed to getClient for 2201e636-6a5b-4250-af22-17a0252fe45f
org.apache.ratis.protocol.exceptions.AlreadyClosedException: 0ed3f2b4-6603-4cfa-a0d8-6595115ff82f is already CLOSED
	at org.apache.ratis.util.PeerProxyMap$PeerAndProxy.getProxy(PeerProxyMap.java:61)
	at org.apache.ratis.util.PeerProxyMap.getProxy(PeerProxyMap.java:115)
	at org.apache.ratis.grpc.server.GrpcLogAppender.getClient(GrpcLogAppender.java:112)
	at org.apache.ratis.grpc.server.GrpcLogAppender.resetClient(GrpcLogAppender.java:117)
	at org.apache.ratis.grpc.server.GrpcLogAppender.access$500(GrpcLogAppender.java:56)
	at org.apache.ratis.grpc.server.GrpcLogAppender$AppendLogResponseHandler.onCompleted(GrpcLogAppender.java:429)
	at org.apache.ratis.thirdparty.io.grpc.stub.ClientCalls$StreamObserverToCallListenerAdapter.onClose(ClientCalls.java:485)
	at org.apache.ratis.thirdparty.io.grpc.internal.ClientCallImpl.closeObserver(ClientCallImpl.java:563)
	at org.apache.ratis.thirdparty.io.grpc.internal.ClientCallImpl.access$300(ClientCallImpl.java:70)
	at org.apache.ratis.thirdparty.io.grpc.internal.ClientCallImpl$ClientStreamListenerImpl$1StreamClosed.runInternal(ClientCallImpl.java:744)
	at org.apache.ratis.thirdparty.io.grpc.internal.ClientCallImpl$ClientStreamListenerImpl$1StreamClosed.runInContext(ClientCallImpl.java:723)
	at org.apache.ratis.thirdparty.io.grpc.internal.ContextRunnable.run(ContextRunnable.java:37)
	at org.apache.ratis.thirdparty.io.grpc.internal.SerializingExecutor.run(SerializingExecutor.java:133)
	at java.util.concurrent.ThreadPoolExecutor.runWorker(ThreadPoolExecutor.java:1149)
	at java.util.concurrent.ThreadPoolExecutor$Worker.run(ThreadPoolExecutor.java:624)
	at java.lang.Thread.run(Thread.java:750)
2023-05-30 05:51:07,195 [grpc-default-executor-9] INFO  server.GrpcLogAppender (GrpcLogAppender.java:onCompleted(428)) - 0ed3f2b4-6603-4cfa-a0d8-6595115ff82f@group-5DC6EF7DD25E->2201e636-6a5b-4250-af22-17a0252fe45f-AppendLogResponseHandler: follower responses appendEntries COMPLETED
2023-05-30 05:51:07,195 [grpc-default-executor-9] WARN  server.GrpcLogAppender (GrpcLogAppender.java:resetClient(137)) - 0ed3f2b4-6603-4cfa-a0d8-6595115ff82f@group-5DC6EF7DD25E->2201e636-6a5b-4250-af22-17a0252fe45f-GrpcLogAppender: Failed to getClient for 2201e636-6a5b-4250-af22-17a0252fe45f
org.apache.ratis.protocol.exceptions.AlreadyClosedException: 0ed3f2b4-6603-4cfa-a0d8-6595115ff82f is already CLOSED
	at org.apache.ratis.util.PeerProxyMap$PeerAndProxy.getProxy(PeerProxyMap.java:61)
	at org.apache.ratis.util.PeerProxyMap.getProxy(PeerProxyMap.java:115)
	at org.apache.ratis.grpc.server.GrpcLogAppender.getClient(GrpcLogAppender.java:112)
	at org.apache.ratis.grpc.server.GrpcLogAppender.resetClient(GrpcLogAppender.java:117)
	at org.apache.ratis.grpc.server.GrpcLogAppender.access$500(GrpcLogAppender.java:56)
	at org.apache.ratis.grpc.server.GrpcLogAppender$AppendLogResponseHandler.onCompleted(GrpcLogAppender.java:429)
	at org.apache.ratis.thirdparty.io.grpc.stub.ClientCalls$StreamObserverToCallListenerAdapter.onClose(ClientCalls.java:485)
	at org.apache.ratis.thirdparty.io.grpc.internal.ClientCallImpl.closeObserver(ClientCallImpl.java:563)
	at org.apache.ratis.thirdparty.io.grpc.internal.ClientCallImpl.access$300(ClientCallImpl.java:70)
	at org.apache.ratis.thirdparty.io.grpc.internal.ClientCallImpl$ClientStreamListenerImpl$1StreamClosed.runInternal(ClientCallImpl.java:744)
	at org.apache.ratis.thirdparty.io.grpc.internal.ClientCallImpl$ClientStreamListenerImpl$1StreamClosed.runInContext(ClientCallImpl.java:723)
	at org.apache.ratis.thirdparty.io.grpc.internal.ContextRunnable.run(ContextRunnable.java:37)
	at org.apache.ratis.thirdparty.io.grpc.internal.SerializingExecutor.run(SerializingExecutor.java:133)
	at java.util.concurrent.ThreadPoolExecutor.runWorker(ThreadPoolExecutor.java:1149)
	at java.util.concurrent.ThreadPoolExecutor$Worker.run(ThreadPoolExecutor.java:624)
	at java.lang.Thread.run(Thread.java:750)
2023-05-30 05:51:07,196 [0ed3f2b4-6603-4cfa-a0d8-6595115ff82f-impl-thread1] INFO  server.RaftServer$Division (ServerState.java:close(472)) - 0ed3f2b4-6603-4cfa-a0d8-6595115ff82f@group-5DC6EF7DD25E: closes. applyIndex: 17
2023-05-30 05:51:07,196 [2201e636-6a5b-4250-af22-17a0252fe45f-impl-thread2] INFO  segmented.SegmentedRaftLogWorker (SegmentedRaftLogWorker.java:close(252)) - 2201e636-6a5b-4250-af22-17a0252fe45f@group-BF066060FF0B-SegmentedRaftLogWorker close()
2023-05-30 05:51:07,196 [0ed3f2b4-6603-4cfa-a0d8-6595115ff82f-impl-thread2] INFO  server.RaftServer$Division (ServerState.java:close(472)) - 0ed3f2b4-6603-4cfa-a0d8-6595115ff82f@group-F5BB0360AB4F: closes. applyIndex: 15
2023-05-30 05:51:07,187 [grpc-default-executor-7] INFO  server.GrpcServerProtocolService (GrpcServerProtocolService.java:onCompleted(155)) - 55da83fd-970f-4c5a-b7d8-35d4afa09e55: Completed APPEND_ENTRIES, lastRequest: 0ed3f2b4-6603-4cfa-a0d8-6595115ff82f->55da83fd-970f-4c5a-b7d8-35d4afa09e55#29-t1,previous=(t:1, i:16),leaderCommit=16,initializing? true,entries: size=1, first=(t:1, i:17), METADATAENTRY(c:16)
2023-05-30 05:51:07,200 [grpc-default-executor-7] INFO  server.GrpcServerProtocolService (GrpcServerProtocolService.java:lambda$onCompleted$5(157)) - 55da83fd-970f-4c5a-b7d8-35d4afa09e55: Completed APPEND_ENTRIES, lastReply: null
2023-05-30 05:51:07,200 [grpc-default-executor-8] INFO  server.GrpcLogAppender (GrpcLogAppender.java:onCompleted(428)) - 0ed3f2b4-6603-4cfa-a0d8-6595115ff82f@group-5DC6EF7DD25E->55da83fd-970f-4c5a-b7d8-35d4afa09e55-AppendLogResponseHandler: follower responses appendEntries COMPLETED
2023-05-30 05:51:07,200 [grpc-default-executor-8] WARN  server.GrpcLogAppender (GrpcLogAppender.java:resetClient(137)) - 0ed3f2b4-6603-4cfa-a0d8-6595115ff82f@group-5DC6EF7DD25E->55da83fd-970f-4c5a-b7d8-35d4afa09e55-GrpcLogAppender: Failed to getClient for 55da83fd-970f-4c5a-b7d8-35d4afa09e55
org.apache.ratis.protocol.exceptions.AlreadyClosedException: 0ed3f2b4-6603-4cfa-a0d8-6595115ff82f is already CLOSED
	at org.apache.ratis.util.PeerProxyMap$PeerAndProxy.getProxy(PeerProxyMap.java:61)
	at org.apache.ratis.util.PeerProxyMap.getProxy(PeerProxyMap.java:115)
	at org.apache.ratis.grpc.server.GrpcLogAppender.getClient(GrpcLogAppender.java:112)
	at org.apache.ratis.grpc.server.GrpcLogAppender.resetClient(GrpcLogAppender.java:117)
	at org.apache.ratis.grpc.server.GrpcLogAppender.access$500(GrpcLogAppender.java:56)
	at org.apache.ratis.grpc.server.GrpcLogAppender$AppendLogResponseHandler.onCompleted(GrpcLogAppender.java:429)
	at org.apache.ratis.thirdparty.io.grpc.stub.ClientCalls$StreamObserverToCallListenerAdapter.onClose(ClientCalls.java:485)
	at org.apache.ratis.thirdparty.io.grpc.internal.DelayedClientCall$DelayedListener$3.run(DelayedClientCall.java:471)
	at org.apache.ratis.thirdparty.io.grpc.internal.DelayedClientCall$DelayedListener.delayOrExecute(DelayedClientCall.java:435)
	at org.apache.ratis.thirdparty.io.grpc.internal.DelayedClientCall$DelayedListener.onClose(DelayedClientCall.java:468)
	at org.apache.ratis.thirdparty.io.grpc.internal.ClientCallImpl.closeObserver(ClientCallImpl.java:563)
	at org.apache.ratis.thirdparty.io.grpc.internal.ClientCallImpl.access$300(ClientCallImpl.java:70)
	at org.apache.ratis.thirdparty.io.grpc.internal.ClientCallImpl$ClientStreamListenerImpl$1StreamClosed.runInternal(ClientCallImpl.java:744)
	at org.apache.ratis.thirdparty.io.grpc.internal.ClientCallImpl$ClientStreamListenerImpl$1StreamClosed.runInContext(ClientCallImpl.java:723)
	at org.apache.ratis.thirdparty.io.grpc.internal.ContextRunnable.run(ContextRunnable.java:37)
	at org.apache.ratis.thirdparty.io.grpc.internal.SerializingExecutor.run(SerializingExecutor.java:133)
	at java.util.concurrent.ThreadPoolExecutor.runWorker(ThreadPoolExecutor.java:1149)
	at java.util.concurrent.ThreadPoolExecutor$Worker.run(ThreadPoolExecutor.java:624)
	at java.lang.Thread.run(Thread.java:750)
2023-05-30 05:51:07,200 [grpc-default-executor-0] WARN  server.GrpcServerProtocolService (LogUtils.java:warn(122)) - 2201e636-6a5b-4250-af22-17a0252fe45f: APPEND_ENTRIES onError, lastRequest: null: org.apache.ratis.thirdparty.io.grpc.StatusRuntimeException: CANCELLED: client cancelled
2023-05-30 05:51:07,202 [grpc-default-executor-3] WARN  server.GrpcServerProtocolService (LogUtils.java:warn(122)) - 2201e636-6a5b-4250-af22-17a0252fe45f: APPEND_ENTRIES onError, lastRequest: 55da83fd-970f-4c5a-b7d8-35d4afa09e55->2201e636-6a5b-4250-af22-17a0252fe45f#1-t1,previous=(t:0, i:0),leaderCommit=-1,initializing? true,entries: size=1, first=(t:1, i:0), CONFIGURATIONENTRY(current:id: "2201e636-6a5b-4250-af22-17a0252fe45f"
address: "10.1.0.18:15032"
dataStreamAddress: "10.1.0.18:15033"
clientAddress: "10.1.0.18:15030"
adminAddress: "10.1.0.18:15031"
startupRole: FOLLOWER
,id: "0ed3f2b4-6603-4cfa-a0d8-6595115ff82f"
address: "10.1.0.18:15023"
dataStreamAddress: "10.1.0.18:15024"
clientAddress: "10.1.0.18:15021"
adminAddress: "10.1.0.18:15022"
startupRole: FOLLOWER
,id: "55da83fd-970f-4c5a-b7d8-35d4afa09e55"
address: "10.1.0.18:15014"
priority: 1
dataStreamAddress: "10.1.0.18:15015"
clientAddress: "10.1.0.18:15012"
adminAddress: "10.1.0.18:15013"
startupRole: FOLLOWER
, old:): org.apache.ratis.thirdparty.io.grpc.StatusRuntimeException: CANCELLED: client cancelled
2023-05-30 05:51:07,208 [6c00d7ad-6a7a-4ce5-bceb-eb03aa305f01-impl-thread1] INFO  impl.StateMachineUpdater (StateMachineUpdater.java:stopAndJoin(155)) - 6c00d7ad-6a7a-4ce5-bceb-eb03aa305f01@group-29C5A670DF56-StateMachineUpdater: set stopIndex = 10
2023-05-30 05:51:07,209 [6c00d7ad-6a7a-4ce5-bceb-eb03aa305f01@group-29C5A670DF56-StateMachineUpdater] INFO  ratis.ContainerStateMachine (ContainerStateMachine.java:takeSnapshot(330)) - group-29C5A670DF56: Taking a snapshot at:(t:1, i:10) file /home/runner/work/ozone/ozone/hadoop-ozone/integration-test/target/test-dir/MiniOzoneClusterImpl-14387da3-0fdf-4878-9e7f-f07e3baca9b9/datanode-4/data/ratis/c2e89188-f17f-4b7d-9045-29c5a670df56/sm/snapshot.1_10
2023-05-30 05:51:07,209 [Listener at 0.0.0.0/15046] INFO  server.GrpcService (GrpcService.java:closeImpl(320)) - 2201e636-6a5b-4250-af22-17a0252fe45f: shutdown server GrpcServerProtocolService successfully
2023-05-30 05:51:07,209 [Listener at 0.0.0.0/15046] INFO  server.GrpcService (GrpcService.java:closeImpl(311)) - 2201e636-6a5b-4250-af22-17a0252fe45f: shutdown server org.apache.ratis.grpc.server.GrpcAdminProtocolService now
2023-05-30 05:51:07,211 [ForkJoinPool.commonPool-worker-2] INFO  ozoneimpl.OzoneContainer (OzoneContainer.java:stop(420)) - Attempting to stop container services.
2023-05-30 05:51:07,211 [2201e636-6a5b-4250-af22-17a0252fe45f@group-33FE9FAF7750-StateMachineUpdater] INFO  ratis.ContainerStateMachine (ContainerStateMachine.java:takeSnapshot(330)) - group-33FE9FAF7750: Taking a snapshot at:(t:1, i:6) file /home/runner/work/ozone/ozone/hadoop-ozone/integration-test/target/test-dir/MiniOzoneClusterImpl-14387da3-0fdf-4878-9e7f-f07e3baca9b9/datanode-2/data/ratis/4b177356-d6d8-4fae-8219-33fe9faf7750/sm/snapshot.1_6
2023-05-30 05:51:07,211 [2201e636-6a5b-4250-af22-17a0252fe45f-impl-thread3] INFO  impl.StateMachineUpdater (StateMachineUpdater.java:stopAndJoin(155)) - 2201e636-6a5b-4250-af22-17a0252fe45f@group-33FE9FAF7750-StateMachineUpdater: set stopIndex = 6
2023-05-30 05:51:07,215 [ForkJoinPool.commonPool-worker-2] INFO  server.RaftServer (RaftServerProxy.java:lambda$close$6(416)) - c4b4ccd8-28b3-4cad-86d3-5fd988306184: close
2023-05-30 05:51:07,215 [grpc-default-executor-3] WARN  server.GrpcLogAppender (LogUtils.java:warn(122)) - 55da83fd-970f-4c5a-b7d8-35d4afa09e55@group-BF066060FF0B->2201e636-6a5b-4250-af22-17a0252fe45f-AppendLogResponseHandler: Failed appendEntries: org.apache.ratis.thirdparty.io.grpc.StatusRuntimeException: CANCELLED: RST_STREAM closed stream. HTTP/2 error code: CANCEL
2023-05-30 05:51:07,215 [2201e636-6a5b-4250-af22-17a0252fe45f@group-33FE9FAF7750-StateMachineUpdater] INFO  ratis.ContainerStateMachine (ContainerStateMachine.java:takeSnapshot(341)) - group-33FE9FAF7750: Finished taking a snapshot at:(t:1, i:6) file:/home/runner/work/ozone/ozone/hadoop-ozone/integration-test/target/test-dir/MiniOzoneClusterImpl-14387da3-0fdf-4878-9e7f-f07e3baca9b9/datanode-2/data/ratis/4b177356-d6d8-4fae-8219-33fe9faf7750/sm/snapshot.1_6 took: 5 ms
2023-05-30 05:51:07,218 [2201e636-6a5b-4250-af22-17a0252fe45f@group-33FE9FAF7750-StateMachineUpdater] INFO  impl.StateMachineUpdater (StateMachineUpdater.java:takeSnapshot(291)) - 2201e636-6a5b-4250-af22-17a0252fe45f@group-33FE9FAF7750-StateMachineUpdater: Took a snapshot at index 6
2023-05-30 05:51:07,218 [2201e636-6a5b-4250-af22-17a0252fe45f@group-33FE9FAF7750-StateMachineUpdater] INFO  impl.StateMachineUpdater (StateMachineUpdater.java:lambda$new$0(97)) - 2201e636-6a5b-4250-af22-17a0252fe45f@group-33FE9FAF7750-StateMachineUpdater: snapshotIndex: updateIncreasingly -1 -> 6
2023-05-30 05:51:07,215 [6c00d7ad-6a7a-4ce5-bceb-eb03aa305f01@group-29C5A670DF56-StateMachineUpdater] INFO  ratis.ContainerStateMachine (ContainerStateMachine.java:takeSnapshot(341)) - group-29C5A670DF56: Finished taking a snapshot at:(t:1, i:10) file:/home/runner/work/ozone/ozone/hadoop-ozone/integration-test/target/test-dir/MiniOzoneClusterImpl-14387da3-0fdf-4878-9e7f-f07e3baca9b9/datanode-4/data/ratis/c2e89188-f17f-4b7d-9045-29c5a670df56/sm/snapshot.1_10 took: 6 ms
2023-05-30 05:51:07,218 [6c00d7ad-6a7a-4ce5-bceb-eb03aa305f01@group-29C5A670DF56-StateMachineUpdater] INFO  impl.StateMachineUpdater (StateMachineUpdater.java:takeSnapshot(291)) - 6c00d7ad-6a7a-4ce5-bceb-eb03aa305f01@group-29C5A670DF56-StateMachineUpdater: Took a snapshot at index 10
2023-05-30 05:51:07,218 [6c00d7ad-6a7a-4ce5-bceb-eb03aa305f01@group-29C5A670DF56-StateMachineUpdater] INFO  impl.StateMachineUpdater (StateMachineUpdater.java:lambda$new$0(97)) - 6c00d7ad-6a7a-4ce5-bceb-eb03aa305f01@group-29C5A670DF56-StateMachineUpdater: snapshotIndex: updateIncreasingly -1 -> 10
2023-05-30 05:51:07,218 [grpc-default-executor-3] WARN  server.GrpcLogAppender (GrpcLogAppender.java:resetClient(128)) - 55da83fd-970f-4c5a-b7d8-35d4afa09e55@group-BF066060FF0B->2201e636-6a5b-4250-af22-17a0252fe45f-GrpcLogAppender: Follower failed when matchIndex == 0,  keep nextIndex (1) unchanged and retry.
2023-05-30 05:51:07,221 [grpc-default-executor-7] WARN  server.GrpcLogAppender (LogUtils.java:warn(122)) - 55da83fd-970f-4c5a-b7d8-35d4afa09e55@group-BF066060FF0B->2201e636-6a5b-4250-af22-17a0252fe45f-AppendLogResponseHandler: Failed appendEntries: org.apache.ratis.thirdparty.io.grpc.StatusRuntimeException: CANCELLED: RST_STREAM closed stream. HTTP/2 error code: CANCEL
2023-05-30 05:51:07,221 [grpc-default-executor-7] WARN  server.GrpcLogAppender (GrpcLogAppender.java:resetClient(128)) - 55da83fd-970f-4c5a-b7d8-35d4afa09e55@group-BF066060FF0B->2201e636-6a5b-4250-af22-17a0252fe45f-GrpcLogAppender: Follower failed when matchIndex == 0,  keep nextIndex (1) unchanged and retry.
2023-05-30 05:51:07,221 [ForkJoinPool.commonPool-worker-2] INFO  server.GrpcService (GrpcService.java:closeImpl(311)) - c4b4ccd8-28b3-4cad-86d3-5fd988306184: shutdown server org.apache.ratis.grpc.server.GrpcClientProtocolService now
2023-05-30 05:51:07,221 [c4b4ccd8-28b3-4cad-86d3-5fd988306184-impl-thread1] INFO  server.RaftServer$Division (RaftServerImpl.java:lambda$close$4(466)) - c4b4ccd8-28b3-4cad-86d3-5fd988306184@group-D61A5CCA2DC6: shutdown
2023-05-30 05:51:07,222 [c4b4ccd8-28b3-4cad-86d3-5fd988306184-impl-thread1] INFO  util.JmxRegister (JmxRegister.java:unregister(73)) - Successfully un-registered JMX Bean with object name Ratis:service=RaftServer,group=group-D61A5CCA2DC6,id=c4b4ccd8-28b3-4cad-86d3-5fd988306184
2023-05-30 05:51:07,222 [c4b4ccd8-28b3-4cad-86d3-5fd988306184-impl-thread1] INFO  impl.RoleInfo (RoleInfo.java:shutdownLeaderState(93)) - c4b4ccd8-28b3-4cad-86d3-5fd988306184: shutdown c4b4ccd8-28b3-4cad-86d3-5fd988306184@group-D61A5CCA2DC6-LeaderStateImpl
2023-05-30 05:51:07,222 [c4b4ccd8-28b3-4cad-86d3-5fd988306184-impl-thread1] INFO  impl.PendingRequests (PendingRequests.java:sendNotLeaderResponses(289)) - c4b4ccd8-28b3-4cad-86d3-5fd988306184@group-D61A5CCA2DC6-PendingRequests: sendNotLeaderResponses
2023-05-30 05:51:07,221 [2201e636-6a5b-4250-af22-17a0252fe45f-impl-thread3] INFO  server.RaftServer$Division (ServerState.java:close(472)) - 2201e636-6a5b-4250-af22-17a0252fe45f@group-33FE9FAF7750: closes. applyIndex: 6
2023-05-30 05:51:07,221 [6c00d7ad-6a7a-4ce5-bceb-eb03aa305f01-impl-thread1] INFO  server.RaftServer$Division (ServerState.java:close(472)) - 6c00d7ad-6a7a-4ce5-bceb-eb03aa305f01@group-29C5A670DF56: closes. applyIndex: 10
2023-05-30 05:51:07,225 [grpc-default-executor-1] WARN  server.GrpcClientProtocolService (LogUtils.java:warn(122)) - 3-OrderedRequestStreamObserver3: onError: org.apache.ratis.thirdparty.io.grpc.StatusRuntimeException: CANCELLED: client cancelled
2023-05-30 05:51:07,225 [grpc-default-executor-3] WARN  server.GrpcClientProtocolService (LogUtils.java:warn(122)) - 0-OrderedRequestStreamObserver0: onError: org.apache.ratis.thirdparty.io.grpc.StatusRuntimeException: CANCELLED: client cancelled
2023-05-30 05:51:07,225 [grpc-default-executor-9] WARN  server.GrpcClientProtocolService (LogUtils.java:warn(122)) - 4-OrderedRequestStreamObserver4: onError: org.apache.ratis.thirdparty.io.grpc.StatusRuntimeException: CANCELLED: client cancelled
2023-05-30 05:51:07,223 [0ed3f2b4-6603-4cfa-a0d8-6595115ff82f-impl-thread3] INFO  segmented.SegmentedRaftLogWorker (SegmentedRaftLogWorker.java:close(252)) - 0ed3f2b4-6603-4cfa-a0d8-6595115ff82f@group-BF066060FF0B-SegmentedRaftLogWorker close()
2023-05-30 05:51:07,225 [ForkJoinPool.commonPool-worker-0] INFO  server.GrpcService (GrpcService.java:closeImpl(320)) - 6c00d7ad-6a7a-4ce5-bceb-eb03aa305f01: shutdown server GrpcServerProtocolService successfully
2023-05-30 05:51:07,226 [ForkJoinPool.commonPool-worker-0] INFO  server.GrpcService (GrpcService.java:closeImpl(311)) - 6c00d7ad-6a7a-4ce5-bceb-eb03aa305f01: shutdown server org.apache.ratis.grpc.server.GrpcAdminProtocolService now
2023-05-30 05:51:07,225 [grpc-default-executor-10] WARN  server.GrpcClientProtocolService (LogUtils.java:warn(122)) - 2-OrderedRequestStreamObserver2: onError: org.apache.ratis.thirdparty.io.grpc.StatusRuntimeException: CANCELLED: client cancelled
2023-05-30 05:51:07,224 [grpc-default-executor-6] INFO  server.GrpcLogAppender (GrpcLogAppender.java:onCompleted(428)) - 0ed3f2b4-6603-4cfa-a0d8-6595115ff82f@group-5DC6EF7DD25E->55da83fd-970f-4c5a-b7d8-35d4afa09e55-AppendLogResponseHandler: follower responses appendEntries COMPLETED
2023-05-30 05:51:07,226 [grpc-default-executor-6] WARN  server.GrpcLogAppender (GrpcLogAppender.java:resetClient(137)) - 0ed3f2b4-6603-4cfa-a0d8-6595115ff82f@group-5DC6EF7DD25E->55da83fd-970f-4c5a-b7d8-35d4afa09e55-GrpcLogAppender: Failed to getClient for 55da83fd-970f-4c5a-b7d8-35d4afa09e55
org.apache.ratis.protocol.exceptions.AlreadyClosedException: 0ed3f2b4-6603-4cfa-a0d8-6595115ff82f is already CLOSED
	at org.apache.ratis.util.PeerProxyMap$PeerAndProxy.getProxy(PeerProxyMap.java:61)
	at org.apache.ratis.util.PeerProxyMap.getProxy(PeerProxyMap.java:115)
	at org.apache.ratis.grpc.server.GrpcLogAppender.getClient(GrpcLogAppender.java:112)
	at org.apache.ratis.grpc.server.GrpcLogAppender.resetClient(GrpcLogAppender.java:117)
	at org.apache.ratis.grpc.server.GrpcLogAppender.access$500(GrpcLogAppender.java:56)
	at org.apache.ratis.grpc.server.GrpcLogAppender$AppendLogResponseHandler.onCompleted(GrpcLogAppender.java:429)
	at org.apache.ratis.thirdparty.io.grpc.stub.ClientCalls$StreamObserverToCallListenerAdapter.onClose(ClientCalls.java:485)
	at org.apache.ratis.thirdparty.io.grpc.internal.ClientCallImpl.closeObserver(ClientCallImpl.java:563)
	at org.apache.ratis.thirdparty.io.grpc.internal.ClientCallImpl.access$300(ClientCallImpl.java:70)
	at org.apache.ratis.thirdparty.io.grpc.internal.ClientCallImpl$ClientStreamListenerImpl$1StreamClosed.runInternal(ClientCallImpl.java:744)
	at org.apache.ratis.thirdparty.io.grpc.internal.ClientCallImpl$ClientStreamListenerImpl$1StreamClosed.runInContext(ClientCallImpl.java:723)
	at org.apache.ratis.thirdparty.io.grpc.internal.ContextRunnable.run(ContextRunnable.java:37)
	at org.apache.ratis.thirdparty.io.grpc.internal.SerializingExecutor.run(SerializingExecutor.java:133)
	at java.util.concurrent.ThreadPoolExecutor.runWorker(ThreadPoolExecutor.java:1149)
	at java.util.concurrent.ThreadPoolExecutor$Worker.run(ThreadPoolExecutor.java:624)
	at java.lang.Thread.run(Thread.java:750)
2023-05-30 05:51:07,224 [grpc-default-executor-4] WARN  server.GrpcClientProtocolService (LogUtils.java:warn(122)) - 1-OrderedRequestStreamObserver1: onError: org.apache.ratis.thirdparty.io.grpc.StatusRuntimeException: CANCELLED: client cancelled
2023-05-30 05:51:07,229 [Listener at 0.0.0.0/15046] INFO  server.GrpcService (GrpcService.java:closeImpl(320)) - 2201e636-6a5b-4250-af22-17a0252fe45f: shutdown server org.apache.ratis.grpc.server.GrpcAdminProtocolService successfully
2023-05-30 05:51:07,229 [c4b4ccd8-28b3-4cad-86d3-5fd988306184@group-D61A5CCA2DC6-StateMachineUpdater] INFO  ratis.ContainerStateMachine (ContainerStateMachine.java:takeSnapshot(330)) - group-D61A5CCA2DC6: Taking a snapshot at:(t:1, i:18) file /home/runner/work/ozone/ozone/hadoop-ozone/integration-test/target/test-dir/MiniOzoneClusterImpl-14387da3-0fdf-4878-9e7f-f07e3baca9b9/datanode-3/data/ratis/05e2dde0-5390-43bd-9288-d61a5cca2dc6/sm/snapshot.1_18
2023-05-30 05:51:07,229 [c4b4ccd8-28b3-4cad-86d3-5fd988306184-impl-thread1] INFO  impl.StateMachineUpdater (StateMachineUpdater.java:stopAndJoin(155)) - c4b4ccd8-28b3-4cad-86d3-5fd988306184@group-D61A5CCA2DC6-StateMachineUpdater: set stopIndex = 18
2023-05-30 05:51:07,231 [2201e636-6a5b-4250-af22-17a0252fe45f-NettyServerStreamRpc-bossGroup--thread1] INFO  logging.LoggingHandler (AbstractInternalLogger.java:log(148)) - [id: 0x48a8a684, L:/0:0:0:0:0:0:0:0:15033] CLOSE
2023-05-30 05:51:07,228 [ForkJoinPool.commonPool-worker-1] INFO  server.GrpcService (GrpcService.java:closeImpl(320)) - 0ed3f2b4-6603-4cfa-a0d8-6595115ff82f: shutdown server org.apache.ratis.grpc.server.GrpcClientProtocolService successfully
2023-05-30 05:51:07,231 [ForkJoinPool.commonPool-worker-1] INFO  server.GrpcService (GrpcService.java:closeImpl(311)) - 0ed3f2b4-6603-4cfa-a0d8-6595115ff82f: shutdown server GrpcServerProtocolService now
2023-05-30 05:51:07,232 [2201e636-6a5b-4250-af22-17a0252fe45f-NettyServerStreamRpc-bossGroup--thread1] INFO  logging.LoggingHandler (AbstractInternalLogger.java:log(148)) - [id: 0x48a8a684, L:/0:0:0:0:0:0:0:0:15033] INACTIVE
2023-05-30 05:51:07,232 [2201e636-6a5b-4250-af22-17a0252fe45f-NettyServerStreamRpc-bossGroup--thread1] INFO  logging.LoggingHandler (AbstractInternalLogger.java:log(148)) - [id: 0x48a8a684, L:/0:0:0:0:0:0:0:0:15033] UNREGISTERED
2023-05-30 05:51:07,232 [c4b4ccd8-28b3-4cad-86d3-5fd988306184@group-D61A5CCA2DC6-StateMachineUpdater] INFO  ratis.ContainerStateMachine (ContainerStateMachine.java:takeSnapshot(341)) - group-D61A5CCA2DC6: Finished taking a snapshot at:(t:1, i:18) file:/home/runner/work/ozone/ozone/hadoop-ozone/integration-test/target/test-dir/MiniOzoneClusterImpl-14387da3-0fdf-4878-9e7f-f07e3baca9b9/datanode-3/data/ratis/05e2dde0-5390-43bd-9288-d61a5cca2dc6/sm/snapshot.1_18 took: 3 ms
2023-05-30 05:51:07,232 [c4b4ccd8-28b3-4cad-86d3-5fd988306184@group-D61A5CCA2DC6-StateMachineUpdater] INFO  impl.StateMachineUpdater (StateMachineUpdater.java:takeSnapshot(291)) - c4b4ccd8-28b3-4cad-86d3-5fd988306184@group-D61A5CCA2DC6-StateMachineUpdater: Took a snapshot at index 18
2023-05-30 05:51:07,233 [c4b4ccd8-28b3-4cad-86d3-5fd988306184@group-D61A5CCA2DC6-StateMachineUpdater] INFO  impl.StateMachineUpdater (StateMachineUpdater.java:lambda$new$0(97)) - c4b4ccd8-28b3-4cad-86d3-5fd988306184@group-D61A5CCA2DC6-StateMachineUpdater: snapshotIndex: updateIncreasingly -1 -> 18
2023-05-30 05:51:07,230 [ForkJoinPool.commonPool-worker-2] INFO  server.GrpcService (GrpcService.java:closeImpl(320)) - c4b4ccd8-28b3-4cad-86d3-5fd988306184: shutdown server org.apache.ratis.grpc.server.GrpcClientProtocolService successfully
2023-05-30 05:51:07,241 [ForkJoinPool.commonPool-worker-2] INFO  server.GrpcService (GrpcService.java:closeImpl(311)) - c4b4ccd8-28b3-4cad-86d3-5fd988306184: shutdown server GrpcServerProtocolService now
2023-05-30 05:51:07,239 [ForkJoinPool.commonPool-worker-0] INFO  server.GrpcService (GrpcService.java:closeImpl(320)) - 6c00d7ad-6a7a-4ce5-bceb-eb03aa305f01: shutdown server org.apache.ratis.grpc.server.GrpcAdminProtocolService successfully
2023-05-30 05:51:07,235 [c4b4ccd8-28b3-4cad-86d3-5fd988306184-impl-thread1] INFO  server.RaftServer$Division (ServerState.java:close(472)) - c4b4ccd8-28b3-4cad-86d3-5fd988306184@group-D61A5CCA2DC6: closes. applyIndex: 18
2023-05-30 05:51:07,242 [grpc-default-executor-8] WARN  server.GrpcServerProtocolService (LogUtils.java:warn(122)) - 0ed3f2b4-6603-4cfa-a0d8-6595115ff82f: APPEND_ENTRIES onError, lastRequest: 55da83fd-970f-4c5a-b7d8-35d4afa09e55->0ed3f2b4-6603-4cfa-a0d8-6595115ff82f#1-t1,previous=(t:0, i:0),leaderCommit=-1,initializing? true,entries: size=1, first=(t:1, i:0), CONFIGURATIONENTRY(current:id: "2201e636-6a5b-4250-af22-17a0252fe45f"
address: "10.1.0.18:15032"
dataStreamAddress: "10.1.0.18:15033"
clientAddress: "10.1.0.18:15030"
adminAddress: "10.1.0.18:15031"
startupRole: FOLLOWER
,id: "0ed3f2b4-6603-4cfa-a0d8-6595115ff82f"
address: "10.1.0.18:15023"
dataStreamAddress: "10.1.0.18:15024"
clientAddress: "10.1.0.18:15021"
adminAddress: "10.1.0.18:15022"
startupRole: FOLLOWER
,id: "55da83fd-970f-4c5a-b7d8-35d4afa09e55"
address: "10.1.0.18:15014"
priority: 1
dataStreamAddress: "10.1.0.18:15015"
clientAddress: "10.1.0.18:15012"
adminAddress: "10.1.0.18:15013"
startupRole: FOLLOWER
, old:): org.apache.ratis.thirdparty.io.grpc.StatusRuntimeException: CANCELLED: client cancelled
2023-05-30 05:51:07,244 [grpc-default-executor-6] WARN  server.GrpcServerProtocolService (LogUtils.java:warn(122)) - 0ed3f2b4-6603-4cfa-a0d8-6595115ff82f: APPEND_ENTRIES onError, lastRequest: null: org.apache.ratis.thirdparty.io.grpc.StatusRuntimeException: CANCELLED: client cancelled
2023-05-30 05:51:07,244 [grpc-default-executor-6] WARN  server.GrpcLogAppender (LogUtils.java:warn(122)) - 55da83fd-970f-4c5a-b7d8-35d4afa09e55@group-BF066060FF0B->0ed3f2b4-6603-4cfa-a0d8-6595115ff82f-AppendLogResponseHandler: Failed appendEntries: org.apache.ratis.thirdparty.io.grpc.StatusRuntimeException: CANCELLED: RST_STREAM closed stream. HTTP/2 error code: CANCEL
2023-05-30 05:51:07,244 [grpc-default-executor-6] WARN  server.GrpcLogAppender (GrpcLogAppender.java:resetClient(128)) - 55da83fd-970f-4c5a-b7d8-35d4afa09e55@group-BF066060FF0B->0ed3f2b4-6603-4cfa-a0d8-6595115ff82f-GrpcLogAppender: Follower failed when matchIndex == 0,  keep nextIndex (1) unchanged and retry.
2023-05-30 05:51:07,245 [grpc-default-executor-8] WARN  server.GrpcLogAppender (LogUtils.java:warn(122)) - 55da83fd-970f-4c5a-b7d8-35d4afa09e55@group-BF066060FF0B->0ed3f2b4-6603-4cfa-a0d8-6595115ff82f-AppendLogResponseHandler: Failed appendEntries: org.apache.ratis.thirdparty.io.grpc.StatusRuntimeException: CANCELLED: RST_STREAM closed stream. HTTP/2 error code: CANCEL
2023-05-30 05:51:07,245 [grpc-default-executor-8] WARN  server.GrpcLogAppender (GrpcLogAppender.java:resetClient(128)) - 55da83fd-970f-4c5a-b7d8-35d4afa09e55@group-BF066060FF0B->0ed3f2b4-6603-4cfa-a0d8-6595115ff82f-GrpcLogAppender: Follower failed when matchIndex == 0,  keep nextIndex (1) unchanged and retry.
2023-05-30 05:51:07,246 [6c00d7ad-6a7a-4ce5-bceb-eb03aa305f01-NettyServerStreamRpc-bossGroup--thread1] INFO  logging.LoggingHandler (AbstractInternalLogger.java:log(148)) - [id: 0x0d900cc4, L:/0:0:0:0:0:0:0:0:15051] CLOSE
2023-05-30 05:51:07,246 [6c00d7ad-6a7a-4ce5-bceb-eb03aa305f01-NettyServerStreamRpc-bossGroup--thread1] INFO  logging.LoggingHandler (AbstractInternalLogger.java:log(148)) - [id: 0x0d900cc4, L:/0:0:0:0:0:0:0:0:15051] INACTIVE
2023-05-30 05:51:07,246 [6c00d7ad-6a7a-4ce5-bceb-eb03aa305f01-NettyServerStreamRpc-bossGroup--thread1] INFO  logging.LoggingHandler (AbstractInternalLogger.java:log(148)) - [id: 0x0d900cc4, L:/0:0:0:0:0:0:0:0:15051] UNREGISTERED
2023-05-30 05:51:07,269 [ForkJoinPool.commonPool-worker-1] INFO  server.GrpcService (GrpcService.java:closeImpl(320)) - 0ed3f2b4-6603-4cfa-a0d8-6595115ff82f: shutdown server GrpcServerProtocolService successfully
2023-05-30 05:51:07,269 [ForkJoinPool.commonPool-worker-1] INFO  server.GrpcService (GrpcService.java:closeImpl(311)) - 0ed3f2b4-6603-4cfa-a0d8-6595115ff82f: shutdown server org.apache.ratis.grpc.server.GrpcAdminProtocolService now
2023-05-30 05:51:07,272 [ForkJoinPool.commonPool-worker-2] INFO  server.GrpcService (GrpcService.java:closeImpl(320)) - c4b4ccd8-28b3-4cad-86d3-5fd988306184: shutdown server GrpcServerProtocolService successfully
2023-05-30 05:51:07,272 [ForkJoinPool.commonPool-worker-2] INFO  server.GrpcService (GrpcService.java:closeImpl(311)) - c4b4ccd8-28b3-4cad-86d3-5fd988306184: shutdown server org.apache.ratis.grpc.server.GrpcAdminProtocolService now
2023-05-30 05:51:07,275 [ForkJoinPool.commonPool-worker-1] INFO  server.GrpcService (GrpcService.java:closeImpl(320)) - 0ed3f2b4-6603-4cfa-a0d8-6595115ff82f: shutdown server org.apache.ratis.grpc.server.GrpcAdminProtocolService successfully
2023-05-30 05:51:07,277 [0ed3f2b4-6603-4cfa-a0d8-6595115ff82f-NettyServerStreamRpc-bossGroup--thread1] INFO  logging.LoggingHandler (AbstractInternalLogger.java:log(148)) - [id: 0xdeb401ef, L:/0:0:0:0:0:0:0:0:15024] CLOSE
2023-05-30 05:51:07,277 [0ed3f2b4-6603-4cfa-a0d8-6595115ff82f-NettyServerStreamRpc-bossGroup--thread1] INFO  logging.LoggingHandler (AbstractInternalLogger.java:log(148)) - [id: 0xdeb401ef, L:/0:0:0:0:0:0:0:0:15024] INACTIVE
2023-05-30 05:51:07,277 [Datanode State Machine Daemon Thread] WARN  statemachine.StateContext (StateContext.java:setState(258)) - Ignore disallowed transition from SHUTDOWN to RUNNING
2023-05-30 05:51:07,277 [0ed3f2b4-6603-4cfa-a0d8-6595115ff82f-NettyServerStreamRpc-bossGroup--thread1] INFO  logging.LoggingHandler (AbstractInternalLogger.java:log(148)) - [id: 0xdeb401ef, L:/0:0:0:0:0:0:0:0:15024] UNREGISTERED
2023-05-30 05:51:07,280 [ForkJoinPool.commonPool-worker-2] INFO  server.GrpcService (GrpcService.java:closeImpl(320)) - c4b4ccd8-28b3-4cad-86d3-5fd988306184: shutdown server org.apache.ratis.grpc.server.GrpcAdminProtocolService successfully
2023-05-30 05:51:07,282 [ForkJoinPool.commonPool-worker-3] INFO  ozoneimpl.OzoneContainer (OzoneContainer.java:stop(420)) - Attempting to stop container services.
2023-05-30 05:51:07,288 [c4b4ccd8-28b3-4cad-86d3-5fd988306184-NettyServerStreamRpc-bossGroup--thread1] INFO  logging.LoggingHandler (AbstractInternalLogger.java:log(148)) - [id: 0x1570330f, L:/0:0:0:0:0:0:0:0:15042] CLOSE
2023-05-30 05:51:07,288 [c4b4ccd8-28b3-4cad-86d3-5fd988306184-NettyServerStreamRpc-bossGroup--thread1] INFO  logging.LoggingHandler (AbstractInternalLogger.java:log(148)) - [id: 0x1570330f, L:/0:0:0:0:0:0:0:0:15042] INACTIVE
2023-05-30 05:51:07,288 [c4b4ccd8-28b3-4cad-86d3-5fd988306184-NettyServerStreamRpc-bossGroup--thread1] INFO  logging.LoggingHandler (AbstractInternalLogger.java:log(148)) - [id: 0x1570330f, L:/0:0:0:0:0:0:0:0:15042] UNREGISTERED
2023-05-30 05:51:07,294 [ForkJoinPool.commonPool-worker-3] INFO  server.RaftServer (RaftServerProxy.java:lambda$close$6(416)) - 55da83fd-970f-4c5a-b7d8-35d4afa09e55: close
2023-05-30 05:51:07,298 [55da83fd-970f-4c5a-b7d8-35d4afa09e55-impl-thread1] INFO  server.RaftServer$Division (RaftServerImpl.java:lambda$close$4(466)) - 55da83fd-970f-4c5a-b7d8-35d4afa09e55@group-A126D4CB6BA2: shutdown
2023-05-30 05:51:07,298 [55da83fd-970f-4c5a-b7d8-35d4afa09e55-impl-thread1] INFO  util.JmxRegister (JmxRegister.java:unregister(73)) - Successfully un-registered JMX Bean with object name Ratis:service=RaftServer,group=group-A126D4CB6BA2,id=55da83fd-970f-4c5a-b7d8-35d4afa09e55
2023-05-30 05:51:07,298 [55da83fd-970f-4c5a-b7d8-35d4afa09e55-impl-thread1] INFO  impl.RoleInfo (RoleInfo.java:shutdownLeaderState(93)) - 55da83fd-970f-4c5a-b7d8-35d4afa09e55: shutdown 55da83fd-970f-4c5a-b7d8-35d4afa09e55@group-A126D4CB6BA2-LeaderStateImpl
2023-05-30 05:51:07,298 [55da83fd-970f-4c5a-b7d8-35d4afa09e55-impl-thread1] INFO  impl.PendingRequests (PendingRequests.java:sendNotLeaderResponses(289)) - 55da83fd-970f-4c5a-b7d8-35d4afa09e55@group-A126D4CB6BA2-PendingRequests: sendNotLeaderResponses
2023-05-30 05:51:07,298 [55da83fd-970f-4c5a-b7d8-35d4afa09e55-impl-thread2] INFO  server.RaftServer$Division (RaftServerImpl.java:lambda$close$4(466)) - 55da83fd-970f-4c5a-b7d8-35d4afa09e55@group-5DC6EF7DD25E: shutdown
2023-05-30 05:51:07,298 [55da83fd-970f-4c5a-b7d8-35d4afa09e55-impl-thread2] INFO  util.JmxRegister (JmxRegister.java:unregister(73)) - Successfully un-registered JMX Bean with object name Ratis:service=RaftServer,group=group-5DC6EF7DD25E,id=55da83fd-970f-4c5a-b7d8-35d4afa09e55
2023-05-30 05:51:07,298 [55da83fd-970f-4c5a-b7d8-35d4afa09e55-impl-thread2] INFO  impl.RoleInfo (RoleInfo.java:shutdownFollowerState(110)) - 55da83fd-970f-4c5a-b7d8-35d4afa09e55: shutdown 55da83fd-970f-4c5a-b7d8-35d4afa09e55@group-5DC6EF7DD25E-FollowerState
2023-05-30 05:51:07,299 [ForkJoinPool.commonPool-worker-3] INFO  server.GrpcService (GrpcService.java:closeImpl(311)) - 55da83fd-970f-4c5a-b7d8-35d4afa09e55: shutdown server org.apache.ratis.grpc.server.GrpcClientProtocolService now
2023-05-30 05:51:07,299 [55da83fd-970f-4c5a-b7d8-35d4afa09e55-impl-thread3] INFO  server.RaftServer$Division (RaftServerImpl.java:lambda$close$4(466)) - 55da83fd-970f-4c5a-b7d8-35d4afa09e55@group-BF066060FF0B: shutdown
2023-05-30 05:51:07,299 [55da83fd-970f-4c5a-b7d8-35d4afa09e55-impl-thread3] INFO  util.JmxRegister (JmxRegister.java:unregister(73)) - Successfully un-registered JMX Bean with object name Ratis:service=RaftServer,group=group-BF066060FF0B,id=55da83fd-970f-4c5a-b7d8-35d4afa09e55
2023-05-30 05:51:07,299 [55da83fd-970f-4c5a-b7d8-35d4afa09e55-impl-thread3] INFO  impl.RoleInfo (RoleInfo.java:shutdownLeaderState(93)) - 55da83fd-970f-4c5a-b7d8-35d4afa09e55: shutdown 55da83fd-970f-4c5a-b7d8-35d4afa09e55@group-BF066060FF0B-LeaderStateImpl
2023-05-30 05:51:07,299 [55da83fd-970f-4c5a-b7d8-35d4afa09e55@group-BF066060FF0B->2201e636-6a5b-4250-af22-17a0252fe45f-GrpcLogAppender-LogAppenderDaemon] WARN  server.GrpcLogAppender (GrpcLogAppender.java:mayWait(199)) - 55da83fd-970f-4c5a-b7d8-35d4afa09e55@group-BF066060FF0B->2201e636-6a5b-4250-af22-17a0252fe45f-GrpcLogAppender: Wait interrupted by java.lang.InterruptedException
2023-05-30 05:51:07,299 [55da83fd-970f-4c5a-b7d8-35d4afa09e55@group-BF066060FF0B->0ed3f2b4-6603-4cfa-a0d8-6595115ff82f-GrpcLogAppender-LogAppenderDaemon] WARN  server.GrpcLogAppender (GrpcLogAppender.java:mayWait(199)) - 55da83fd-970f-4c5a-b7d8-35d4afa09e55@group-BF066060FF0B->0ed3f2b4-6603-4cfa-a0d8-6595115ff82f-GrpcLogAppender: Wait interrupted by java.lang.InterruptedException
2023-05-30 05:51:07,299 [55da83fd-970f-4c5a-b7d8-35d4afa09e55-impl-thread3] INFO  impl.PendingRequests (PendingRequests.java:sendNotLeaderResponses(289)) - 55da83fd-970f-4c5a-b7d8-35d4afa09e55@group-BF066060FF0B-PendingRequests: sendNotLeaderResponses
2023-05-30 05:51:07,299 [55da83fd-970f-4c5a-b7d8-35d4afa09e55-impl-thread3] INFO  impl.StateMachineUpdater (StateMachineUpdater.java:stopAndJoin(155)) - 55da83fd-970f-4c5a-b7d8-35d4afa09e55@group-BF066060FF0B-StateMachineUpdater: set stopIndex = 0
2023-05-30 05:51:07,302 [55da83fd-970f-4c5a-b7d8-35d4afa09e55@group-BF066060FF0B-StateMachineUpdater] INFO  ratis.ContainerStateMachine (ContainerStateMachine.java:takeSnapshot(330)) - group-BF066060FF0B: Taking a snapshot at:(t:1, i:0) file /home/runner/work/ozone/ozone/hadoop-ozone/integration-test/target/test-dir/MiniOzoneClusterImpl-14387da3-0fdf-4878-9e7f-f07e3baca9b9/datanode-0/data/ratis/f54df219-ce5b-4ae3-a86c-bf066060ff0b/sm/snapshot.1_0
2023-05-30 05:51:07,302 [0ed3f2b4-6603-4cfa-a0d8-6595115ff82f-impl-thread1] INFO  segmented.SegmentedRaftLogWorker (SegmentedRaftLogWorker.java:close(252)) - 0ed3f2b4-6603-4cfa-a0d8-6595115ff82f@group-5DC6EF7DD25E-SegmentedRaftLogWorker close()
2023-05-30 05:51:07,303 [55da83fd-970f-4c5a-b7d8-35d4afa09e55@group-5DC6EF7DD25E-FollowerState] INFO  impl.FollowerState (FollowerState.java:run(152)) - 55da83fd-970f-4c5a-b7d8-35d4afa09e55@group-5DC6EF7DD25E-FollowerState was interrupted
2023-05-30 05:51:07,303 [55da83fd-970f-4c5a-b7d8-35d4afa09e55@group-5DC6EF7DD25E-StateMachineUpdater] INFO  ratis.ContainerStateMachine (ContainerStateMachine.java:takeSnapshot(330)) - group-5DC6EF7DD25E: Taking a snapshot at:(t:1, i:17) file /home/runner/work/ozone/ozone/hadoop-ozone/integration-test/target/test-dir/MiniOzoneClusterImpl-14387da3-0fdf-4878-9e7f-f07e3baca9b9/datanode-0/data/ratis/81bd04ba-6959-413d-afc2-5dc6ef7dd25e/sm/snapshot.1_17
2023-05-30 05:51:07,303 [55da83fd-970f-4c5a-b7d8-35d4afa09e55-impl-thread2] INFO  impl.StateMachineUpdater (StateMachineUpdater.java:stopAndJoin(155)) - 55da83fd-970f-4c5a-b7d8-35d4afa09e55@group-5DC6EF7DD25E-StateMachineUpdater: set stopIndex = 17
2023-05-30 05:51:07,304 [55da83fd-970f-4c5a-b7d8-35d4afa09e55@group-5DC6EF7DD25E-StateMachineUpdater] INFO  ratis.ContainerStateMachine (ContainerStateMachine.java:takeSnapshot(341)) - group-5DC6EF7DD25E: Finished taking a snapshot at:(t:1, i:17) file:/home/runner/work/ozone/ozone/hadoop-ozone/integration-test/target/test-dir/MiniOzoneClusterImpl-14387da3-0fdf-4878-9e7f-f07e3baca9b9/datanode-0/data/ratis/81bd04ba-6959-413d-afc2-5dc6ef7dd25e/sm/snapshot.1_17 took: 1 ms
2023-05-30 05:51:07,304 [55da83fd-970f-4c5a-b7d8-35d4afa09e55@group-5DC6EF7DD25E-StateMachineUpdater] INFO  impl.StateMachineUpdater (StateMachineUpdater.java:takeSnapshot(291)) - 55da83fd-970f-4c5a-b7d8-35d4afa09e55@group-5DC6EF7DD25E-StateMachineUpdater: Took a snapshot at index 17
2023-05-30 05:51:07,304 [55da83fd-970f-4c5a-b7d8-35d4afa09e55@group-5DC6EF7DD25E-StateMachineUpdater] INFO  impl.StateMachineUpdater (StateMachineUpdater.java:lambda$new$0(97)) - 55da83fd-970f-4c5a-b7d8-35d4afa09e55@group-5DC6EF7DD25E-StateMachineUpdater: snapshotIndex: updateIncreasingly -1 -> 17
2023-05-30 05:51:07,305 [55da83fd-970f-4c5a-b7d8-35d4afa09e55-impl-thread2] INFO  server.RaftServer$Division (ServerState.java:close(472)) - 55da83fd-970f-4c5a-b7d8-35d4afa09e55@group-5DC6EF7DD25E: closes. applyIndex: 17
2023-05-30 05:51:07,306 [55da83fd-970f-4c5a-b7d8-35d4afa09e55@group-BF066060FF0B-StateMachineUpdater] INFO  ratis.ContainerStateMachine (ContainerStateMachine.java:takeSnapshot(341)) - group-BF066060FF0B: Finished taking a snapshot at:(t:1, i:0) file:/home/runner/work/ozone/ozone/hadoop-ozone/integration-test/target/test-dir/MiniOzoneClusterImpl-14387da3-0fdf-4878-9e7f-f07e3baca9b9/datanode-0/data/ratis/f54df219-ce5b-4ae3-a86c-bf066060ff0b/sm/snapshot.1_0 took: 4 ms
2023-05-30 05:51:07,306 [55da83fd-970f-4c5a-b7d8-35d4afa09e55@group-BF066060FF0B-StateMachineUpdater] INFO  impl.StateMachineUpdater (StateMachineUpdater.java:takeSnapshot(291)) - 55da83fd-970f-4c5a-b7d8-35d4afa09e55@group-BF066060FF0B-StateMachineUpdater: Took a snapshot at index 0
2023-05-30 05:51:07,306 [55da83fd-970f-4c5a-b7d8-35d4afa09e55@group-BF066060FF0B-StateMachineUpdater] INFO  impl.StateMachineUpdater (StateMachineUpdater.java:lambda$new$0(97)) - 55da83fd-970f-4c5a-b7d8-35d4afa09e55@group-BF066060FF0B-StateMachineUpdater: snapshotIndex: updateIncreasingly -1 -> 0
2023-05-30 05:51:07,307 [55da83fd-970f-4c5a-b7d8-35d4afa09e55-impl-thread2] INFO  segmented.SegmentedRaftLogWorker (SegmentedRaftLogWorker.java:close(252)) - 55da83fd-970f-4c5a-b7d8-35d4afa09e55@group-5DC6EF7DD25E-SegmentedRaftLogWorker close()
2023-05-30 05:51:07,309 [55da83fd-970f-4c5a-b7d8-35d4afa09e55-impl-thread3] INFO  server.RaftServer$Division (ServerState.java:close(472)) - 55da83fd-970f-4c5a-b7d8-35d4afa09e55@group-BF066060FF0B: closes. applyIndex: 0
2023-05-30 05:51:07,310 [2201e636-6a5b-4250-af22-17a0252fe45f-impl-thread1] INFO  segmented.SegmentedRaftLogWorker (SegmentedRaftLogWorker.java:close(252)) - 2201e636-6a5b-4250-af22-17a0252fe45f@group-5DC6EF7DD25E-SegmentedRaftLogWorker close()
2023-05-30 05:51:07,319 [55da83fd-970f-4c5a-b7d8-35d4afa09e55-impl-thread1] INFO  impl.StateMachineUpdater (StateMachineUpdater.java:stopAndJoin(155)) - 55da83fd-970f-4c5a-b7d8-35d4afa09e55@group-A126D4CB6BA2-StateMachineUpdater: set stopIndex = 3
2023-05-30 05:51:07,319 [55da83fd-970f-4c5a-b7d8-35d4afa09e55@group-A126D4CB6BA2-StateMachineUpdater] INFO  ratis.ContainerStateMachine (ContainerStateMachine.java:takeSnapshot(330)) - group-A126D4CB6BA2: Taking a snapshot at:(t:1, i:3) file /home/runner/work/ozone/ozone/hadoop-ozone/integration-test/target/test-dir/MiniOzoneClusterImpl-14387da3-0fdf-4878-9e7f-f07e3baca9b9/datanode-0/data/ratis/c60e6879-1d89-4e1b-a17a-a126d4cb6ba2/sm/snapshot.1_3
2023-05-30 05:51:07,319 [Thread-614] INFO  server.GrpcServerProtocolClient (GrpcServerProtocolClient.java:close(103)) - 2201e636-6a5b-4250-af22-17a0252fe45f Close channels
2023-05-30 05:51:07,320 [grpc-default-executor-8] WARN  server.GrpcClientProtocolService (LogUtils.java:warn(122)) - 0-OrderedRequestStreamObserver0: onError: org.apache.ratis.thirdparty.io.grpc.StatusRuntimeException: CANCELLED: client cancelled
2023-05-30 05:51:07,320 [Thread-615] INFO  server.GrpcServerProtocolClient (GrpcServerProtocolClient.java:close(103)) - 0ed3f2b4-6603-4cfa-a0d8-6595115ff82f Close channels
2023-05-30 05:51:07,321 [55da83fd-970f-4c5a-b7d8-35d4afa09e55@group-A126D4CB6BA2-StateMachineUpdater] INFO  ratis.ContainerStateMachine (ContainerStateMachine.java:takeSnapshot(341)) - group-A126D4CB6BA2: Finished taking a snapshot at:(t:1, i:3) file:/home/runner/work/ozone/ozone/hadoop-ozone/integration-test/target/test-dir/MiniOzoneClusterImpl-14387da3-0fdf-4878-9e7f-f07e3baca9b9/datanode-0/data/ratis/c60e6879-1d89-4e1b-a17a-a126d4cb6ba2/sm/snapshot.1_3 took: 1 ms
2023-05-30 05:51:07,321 [55da83fd-970f-4c5a-b7d8-35d4afa09e55@group-A126D4CB6BA2-StateMachineUpdater] INFO  impl.StateMachineUpdater (StateMachineUpdater.java:takeSnapshot(291)) - 55da83fd-970f-4c5a-b7d8-35d4afa09e55@group-A126D4CB6BA2-StateMachineUpdater: Took a snapshot at index 3
2023-05-30 05:51:07,321 [55da83fd-970f-4c5a-b7d8-35d4afa09e55@group-A126D4CB6BA2-StateMachineUpdater] INFO  impl.StateMachineUpdater (StateMachineUpdater.java:lambda$new$0(97)) - 55da83fd-970f-4c5a-b7d8-35d4afa09e55@group-A126D4CB6BA2-StateMachineUpdater: snapshotIndex: updateIncreasingly -1 -> 3
2023-05-30 05:51:07,331 [55da83fd-970f-4c5a-b7d8-35d4afa09e55-impl-thread1] INFO  server.RaftServer$Division (ServerState.java:close(472)) - 55da83fd-970f-4c5a-b7d8-35d4afa09e55@group-A126D4CB6BA2: closes. applyIndex: 3
2023-05-30 05:51:07,334 [ForkJoinPool.commonPool-worker-3] INFO  server.GrpcService (GrpcService.java:closeImpl(320)) - 55da83fd-970f-4c5a-b7d8-35d4afa09e55: shutdown server org.apache.ratis.grpc.server.GrpcClientProtocolService successfully
2023-05-30 05:51:07,335 [ForkJoinPool.commonPool-worker-3] INFO  server.GrpcService (GrpcService.java:closeImpl(311)) - 55da83fd-970f-4c5a-b7d8-35d4afa09e55: shutdown server GrpcServerProtocolService now
2023-05-30 05:51:07,338 [ForkJoinPool.commonPool-worker-3] INFO  server.GrpcService (GrpcService.java:closeImpl(320)) - 55da83fd-970f-4c5a-b7d8-35d4afa09e55: shutdown server GrpcServerProtocolService successfully
2023-05-30 05:51:07,338 [ForkJoinPool.commonPool-worker-3] INFO  server.GrpcService (GrpcService.java:closeImpl(311)) - 55da83fd-970f-4c5a-b7d8-35d4afa09e55: shutdown server org.apache.ratis.grpc.server.GrpcAdminProtocolService now
2023-05-30 05:51:07,340 [ForkJoinPool.commonPool-worker-3] INFO  server.GrpcService (GrpcService.java:closeImpl(320)) - 55da83fd-970f-4c5a-b7d8-35d4afa09e55: shutdown server org.apache.ratis.grpc.server.GrpcAdminProtocolService successfully
2023-05-30 05:51:07,340 [55da83fd-970f-4c5a-b7d8-35d4afa09e55-NettyServerStreamRpc-bossGroup--thread1] INFO  logging.LoggingHandler (AbstractInternalLogger.java:log(148)) - [id: 0x1ffa52fd, L:/0:0:0:0:0:0:0:0:15015] CLOSE
2023-05-30 05:51:07,341 [55da83fd-970f-4c5a-b7d8-35d4afa09e55-NettyServerStreamRpc-bossGroup--thread1] INFO  logging.LoggingHandler (AbstractInternalLogger.java:log(148)) - [id: 0x1ffa52fd, L:/0:0:0:0:0:0:0:0:15015] INACTIVE
2023-05-30 05:51:07,341 [55da83fd-970f-4c5a-b7d8-35d4afa09e55-NettyServerStreamRpc-bossGroup--thread1] INFO  logging.LoggingHandler (AbstractInternalLogger.java:log(148)) - [id: 0x1ffa52fd, L:/0:0:0:0:0:0:0:0:15015] UNREGISTERED
2023-05-30 05:51:07,517 [6c00d7ad-6a7a-4ce5-bceb-eb03aa305f01-impl-thread1] INFO  segmented.SegmentedRaftLogWorker (SegmentedRaftLogWorker.java:close(252)) - 6c00d7ad-6a7a-4ce5-bceb-eb03aa305f01@group-29C5A670DF56-SegmentedRaftLogWorker close()
2023-05-30 05:51:07,518 [JvmPauseMonitor5] INFO  util.JvmPauseMonitor (JvmPauseMonitor.java:run(109)) - JvmPauseMonitor-6c00d7ad-6a7a-4ce5-bceb-eb03aa305f01: Stopped
2023-05-30 05:51:07,704 [2201e636-6a5b-4250-af22-17a0252fe45f-impl-thread3] INFO  segmented.SegmentedRaftLogWorker (SegmentedRaftLogWorker.java:close(252)) - 2201e636-6a5b-4250-af22-17a0252fe45f@group-33FE9FAF7750-SegmentedRaftLogWorker close()
2023-05-30 05:51:07,706 [JvmPauseMonitor3] INFO  util.JvmPauseMonitor (JvmPauseMonitor.java:run(109)) - JvmPauseMonitor-2201e636-6a5b-4250-af22-17a0252fe45f: Stopped
2023-05-30 05:51:07,848 [0ed3f2b4-6603-4cfa-a0d8-6595115ff82f-impl-thread2] INFO  segmented.SegmentedRaftLogWorker (SegmentedRaftLogWorker.java:close(252)) - 0ed3f2b4-6603-4cfa-a0d8-6595115ff82f@group-F5BB0360AB4F-SegmentedRaftLogWorker close()
2023-05-30 05:51:07,849 [JvmPauseMonitor2] INFO  util.JvmPauseMonitor (JvmPauseMonitor.java:run(109)) - JvmPauseMonitor-0ed3f2b4-6603-4cfa-a0d8-6595115ff82f: Stopped
2023-05-30 05:51:08,034 [c4b4ccd8-28b3-4cad-86d3-5fd988306184-impl-thread1] INFO  segmented.SegmentedRaftLogWorker (SegmentedRaftLogWorker.java:close(252)) - c4b4ccd8-28b3-4cad-86d3-5fd988306184@group-D61A5CCA2DC6-SegmentedRaftLogWorker close()
2023-05-30 05:51:08,035 [JvmPauseMonitor4] INFO  util.JvmPauseMonitor (JvmPauseMonitor.java:run(109)) - JvmPauseMonitor-c4b4ccd8-28b3-4cad-86d3-5fd988306184: Stopped
2023-05-30 05:51:08,157 [55da83fd-970f-4c5a-b7d8-35d4afa09e55-impl-thread3] INFO  segmented.SegmentedRaftLogWorker (SegmentedRaftLogWorker.java:close(252)) - 55da83fd-970f-4c5a-b7d8-35d4afa09e55@group-BF066060FF0B-SegmentedRaftLogWorker close()
2023-05-30 05:51:08,266 [55da83fd-970f-4c5a-b7d8-35d4afa09e55-impl-thread1] INFO  segmented.SegmentedRaftLogWorker (SegmentedRaftLogWorker.java:close(252)) - 55da83fd-970f-4c5a-b7d8-35d4afa09e55@group-A126D4CB6BA2-SegmentedRaftLogWorker close()
2023-05-30 05:51:08,268 [JvmPauseMonitor1] INFO  util.JvmPauseMonitor (JvmPauseMonitor.java:run(109)) - JvmPauseMonitor-55da83fd-970f-4c5a-b7d8-35d4afa09e55: Stopped
2023-05-30 05:51:09,542 [ForkJoinPool.commonPool-worker-0] INFO  utils.DatanodeStoreCache (DatanodeStoreCache.java:shutdownCache(110)) - Skip clearing cache in mini cluster mode. Entries left: [/home/runner/work/ozone/ozone/hadoop-ozone/integration-test/target/test-dir/MiniOzoneClusterImpl-14387da3-0fdf-4878-9e7f-f07e3baca9b9/datanode-0/data-0/containers/hdds/14387da3-0fdf-4878-9e7f-f07e3baca9b9/DS-f1860f6f-70cb-4e83-a516-285ab5bd89f6/container.db, /home/runner/work/ozone/ozone/hadoop-ozone/integration-test/target/test-dir/MiniOzoneClusterImpl-14387da3-0fdf-4878-9e7f-f07e3baca9b9/datanode-1/data-0/containers/hdds/14387da3-0fdf-4878-9e7f-f07e3baca9b9/DS-b5d592a6-dab6-4f91-89b5-22d0a3081e10/container.db, /home/runner/work/ozone/ozone/hadoop-ozone/integration-test/target/test-dir/MiniOzoneClusterImpl-14387da3-0fdf-4878-9e7f-f07e3baca9b9/datanode-2/data-0/containers/hdds/14387da3-0fdf-4878-9e7f-f07e3baca9b9/DS-5266295f-d302-4d49-b076-a12b517baa68/container.db, /home/runner/work/ozone/ozone/hadoop-ozone/integration-test/target/test-dir/MiniOzoneClusterImpl-14387da3-0fdf-4878-9e7f-f07e3baca9b9/datanode-3/data-0/containers/hdds/14387da3-0fdf-4878-9e7f-f07e3baca9b9/DS-5e6c4140-e3bc-4466-bbdb-cde3c660f205/container.db, /home/runner/work/ozone/ozone/hadoop-ozone/integration-test/target/test-dir/MiniOzoneClusterImpl-14387da3-0fdf-4878-9e7f-f07e3baca9b9/datanode-4/data-0/containers/hdds/14387da3-0fdf-4878-9e7f-f07e3baca9b9/DS-d0df65a5-272c-4bc6-b556-ac5fbb5f7483/container.db]
2023-05-30 05:51:09,550 [ForkJoinPool.commonPool-worker-0] INFO  utils.DatanodeStoreCache (DatanodeStoreCache.java:removeDB(104)) - Removed db /home/runner/work/ozone/ozone/hadoop-ozone/integration-test/target/test-dir/MiniOzoneClusterImpl-14387da3-0fdf-4878-9e7f-f07e3baca9b9/datanode-4/data-0/containers/hdds/14387da3-0fdf-4878-9e7f-f07e3baca9b9/DS-d0df65a5-272c-4bc6-b556-ac5fbb5f7483/container.db from cache
2023-05-30 05:51:09,550 [ForkJoinPool.commonPool-worker-0] INFO  volume.HddsVolume (HddsVolume.java:closeDbStore(437)) - SchemaV3 db is stopped at /home/runner/work/ozone/ozone/hadoop-ozone/integration-test/target/test-dir/MiniOzoneClusterImpl-14387da3-0fdf-4878-9e7f-f07e3baca9b9/datanode-4/data-0/containers/hdds/14387da3-0fdf-4878-9e7f-f07e3baca9b9/DS-d0df65a5-272c-4bc6-b556-ac5fbb5f7483/container.db for volume DS-d0df65a5-272c-4bc6-b556-ac5fbb5f7483
2023-05-30 05:51:09,550 [ForkJoinPool.commonPool-worker-0] INFO  utils.BackgroundService (BackgroundService.java:shutdown(141)) - Shutting down service BlockDeletingService
2023-05-30 05:51:09,551 [ForkJoinPool.commonPool-worker-0] INFO  utils.BackgroundService (BackgroundService.java:shutdown(141)) - Shutting down service StaleRecoveringContainerScrubbingService
2023-05-30 05:51:09,556 [ForkJoinPool.commonPool-worker-0] INFO  statemachine.DatanodeStateMachine (DatanodeStateMachine.java:stopDaemon(621)) - Ozone container server stopped.
2023-05-30 05:51:09,570 [ForkJoinPool.commonPool-worker-0] INFO  handler.ContextHandler (ContextHandler.java:doStop(1159)) - Stopped o.e.j.w.WebAppContext@a3289a3{hddsDatanode,/,null,STOPPED}{jar:file:/home/runner/.m2/repository/org/apache/ozone/hdds-container-service/1.4.0-SNAPSHOT/hdds-container-service-1.4.0-SNAPSHOT.jar!/webapps/hddsDatanode}
2023-05-30 05:51:09,571 [ForkJoinPool.commonPool-worker-0] INFO  server.AbstractConnector (AbstractConnector.java:doStop(383)) - Stopped ServerConnector@4fbbb01e{HTTP/1.1, (http/1.1)}{0.0.0.0:15045}
2023-05-30 05:51:09,572 [ForkJoinPool.commonPool-worker-0] INFO  server.session (HouseKeeper.java:stopScavenging(149)) - node0 Stopped scavenging
2023-05-30 05:51:09,573 [ForkJoinPool.commonPool-worker-0] INFO  handler.ContextHandler (ContextHandler.java:doStop(1159)) - Stopped o.e.j.s.ServletContextHandler@69af224d{static,/static,jar:file:/home/runner/.m2/repository/org/apache/ozone/hdds-container-service/1.4.0-SNAPSHOT/hdds-container-service-1.4.0-SNAPSHOT.jar!/webapps/static,STOPPED}
2023-05-30 05:51:09,574 [ForkJoinPool.commonPool-worker-0] INFO  handler.ContextHandler (ContextHandler.java:doStop(1159)) - Stopped o.e.j.s.ServletContextHandler@3328c159{logs,/logs,file:///home/runner/work/ozone/ozone/hadoop-ozone/integration-test/target/log,STOPPED}
2023-05-30 05:51:09,576 [ForkJoinPool.commonPool-worker-0] INFO  ozone.HddsDatanodeClientProtocolServer (HddsDatanodeClientProtocolServer.java:stop(88)) - Stopping the RPC server for Client Protocol
2023-05-30 05:51:09,576 [ForkJoinPool.commonPool-worker-0] INFO  ipc.Server (Server.java:stop(3501)) - Stopping server on 15046
2023-05-30 05:51:09,576 [IPC Server listener on 15046] INFO  ipc.Server (Server.java:run(1430)) - Stopping IPC Server listener on 15046
2023-05-30 05:51:09,577 [IPC Server Responder] INFO  ipc.Server (Server.java:run(1563)) - Stopping IPC Server Responder
2023-05-30 05:51:09,712 [Listener at 0.0.0.0/15046] INFO  utils.DatanodeStoreCache (DatanodeStoreCache.java:shutdownCache(110)) - Skip clearing cache in mini cluster mode. Entries left: [/home/runner/work/ozone/ozone/hadoop-ozone/integration-test/target/test-dir/MiniOzoneClusterImpl-14387da3-0fdf-4878-9e7f-f07e3baca9b9/datanode-0/data-0/containers/hdds/14387da3-0fdf-4878-9e7f-f07e3baca9b9/DS-f1860f6f-70cb-4e83-a516-285ab5bd89f6/container.db, /home/runner/work/ozone/ozone/hadoop-ozone/integration-test/target/test-dir/MiniOzoneClusterImpl-14387da3-0fdf-4878-9e7f-f07e3baca9b9/datanode-1/data-0/containers/hdds/14387da3-0fdf-4878-9e7f-f07e3baca9b9/DS-b5d592a6-dab6-4f91-89b5-22d0a3081e10/container.db, /home/runner/work/ozone/ozone/hadoop-ozone/integration-test/target/test-dir/MiniOzoneClusterImpl-14387da3-0fdf-4878-9e7f-f07e3baca9b9/datanode-2/data-0/containers/hdds/14387da3-0fdf-4878-9e7f-f07e3baca9b9/DS-5266295f-d302-4d49-b076-a12b517baa68/container.db, /home/runner/work/ozone/ozone/hadoop-ozone/integration-test/target/test-dir/MiniOzoneClusterImpl-14387da3-0fdf-4878-9e7f-f07e3baca9b9/datanode-3/data-0/containers/hdds/14387da3-0fdf-4878-9e7f-f07e3baca9b9/DS-5e6c4140-e3bc-4466-bbdb-cde3c660f205/container.db]
2023-05-30 05:51:09,714 [Listener at 0.0.0.0/15046] INFO  utils.DatanodeStoreCache (DatanodeStoreCache.java:removeDB(104)) - Removed db /home/runner/work/ozone/ozone/hadoop-ozone/integration-test/target/test-dir/MiniOzoneClusterImpl-14387da3-0fdf-4878-9e7f-f07e3baca9b9/datanode-2/data-0/containers/hdds/14387da3-0fdf-4878-9e7f-f07e3baca9b9/DS-5266295f-d302-4d49-b076-a12b517baa68/container.db from cache
2023-05-30 05:51:09,715 [Listener at 0.0.0.0/15046] INFO  volume.HddsVolume (HddsVolume.java:closeDbStore(437)) - SchemaV3 db is stopped at /home/runner/work/ozone/ozone/hadoop-ozone/integration-test/target/test-dir/MiniOzoneClusterImpl-14387da3-0fdf-4878-9e7f-f07e3baca9b9/datanode-2/data-0/containers/hdds/14387da3-0fdf-4878-9e7f-f07e3baca9b9/DS-5266295f-d302-4d49-b076-a12b517baa68/container.db for volume DS-5266295f-d302-4d49-b076-a12b517baa68
2023-05-30 05:51:09,715 [Listener at 0.0.0.0/15046] INFO  utils.BackgroundService (BackgroundService.java:shutdown(141)) - Shutting down service BlockDeletingService
2023-05-30 05:51:09,716 [Listener at 0.0.0.0/15046] INFO  utils.BackgroundService (BackgroundService.java:shutdown(141)) - Shutting down service StaleRecoveringContainerScrubbingService
2023-05-30 05:51:09,718 [Listener at 0.0.0.0/15046] INFO  statemachine.DatanodeStateMachine (DatanodeStateMachine.java:stopDaemon(621)) - Ozone container server stopped.
2023-05-30 05:51:09,729 [Listener at 0.0.0.0/15046] INFO  handler.ContextHandler (ContextHandler.java:doStop(1159)) - Stopped o.e.j.w.WebAppContext@4e5f391c{hddsDatanode,/,null,STOPPED}{jar:file:/home/runner/.m2/repository/org/apache/ozone/hdds-container-service/1.4.0-SNAPSHOT/hdds-container-service-1.4.0-SNAPSHOT.jar!/webapps/hddsDatanode}
2023-05-30 05:51:09,729 [Listener at 0.0.0.0/15046] INFO  server.AbstractConnector (AbstractConnector.java:doStop(383)) - Stopped ServerConnector@79eaabdc{HTTP/1.1, (http/1.1)}{0.0.0.0:15027}
2023-05-30 05:51:09,729 [Listener at 0.0.0.0/15046] INFO  server.session (HouseKeeper.java:stopScavenging(149)) - node0 Stopped scavenging
2023-05-30 05:51:09,730 [Listener at 0.0.0.0/15046] INFO  handler.ContextHandler (ContextHandler.java:doStop(1159)) - Stopped o.e.j.s.ServletContextHandler@63c9df77{static,/static,jar:file:/home/runner/.m2/repository/org/apache/ozone/hdds-container-service/1.4.0-SNAPSHOT/hdds-container-service-1.4.0-SNAPSHOT.jar!/webapps/static,STOPPED}
2023-05-30 05:51:09,730 [Listener at 0.0.0.0/15046] INFO  handler.ContextHandler (ContextHandler.java:doStop(1159)) - Stopped o.e.j.s.ServletContextHandler@316a1241{logs,/logs,file:///home/runner/work/ozone/ozone/hadoop-ozone/integration-test/target/log,STOPPED}
2023-05-30 05:51:09,731 [Listener at 0.0.0.0/15046] INFO  ozone.HddsDatanodeClientProtocolServer (HddsDatanodeClientProtocolServer.java:stop(88)) - Stopping the RPC server for Client Protocol
2023-05-30 05:51:09,731 [Listener at 0.0.0.0/15046] INFO  ipc.Server (Server.java:stop(3501)) - Stopping server on 15028
2023-05-30 05:51:09,731 [IPC Server listener on 15028] INFO  ipc.Server (Server.java:run(1430)) - Stopping IPC Server listener on 15028
2023-05-30 05:51:09,733 [IPC Server Responder] INFO  ipc.Server (Server.java:run(1563)) - Stopping IPC Server Responder
2023-05-30 05:51:09,857 [ForkJoinPool.commonPool-worker-1] INFO  utils.DatanodeStoreCache (DatanodeStoreCache.java:shutdownCache(110)) - Skip clearing cache in mini cluster mode. Entries left: [/home/runner/work/ozone/ozone/hadoop-ozone/integration-test/target/test-dir/MiniOzoneClusterImpl-14387da3-0fdf-4878-9e7f-f07e3baca9b9/datanode-0/data-0/containers/hdds/14387da3-0fdf-4878-9e7f-f07e3baca9b9/DS-f1860f6f-70cb-4e83-a516-285ab5bd89f6/container.db, /home/runner/work/ozone/ozone/hadoop-ozone/integration-test/target/test-dir/MiniOzoneClusterImpl-14387da3-0fdf-4878-9e7f-f07e3baca9b9/datanode-1/data-0/containers/hdds/14387da3-0fdf-4878-9e7f-f07e3baca9b9/DS-b5d592a6-dab6-4f91-89b5-22d0a3081e10/container.db, /home/runner/work/ozone/ozone/hadoop-ozone/integration-test/target/test-dir/MiniOzoneClusterImpl-14387da3-0fdf-4878-9e7f-f07e3baca9b9/datanode-3/data-0/containers/hdds/14387da3-0fdf-4878-9e7f-f07e3baca9b9/DS-5e6c4140-e3bc-4466-bbdb-cde3c660f205/container.db]
2023-05-30 05:51:09,862 [ForkJoinPool.commonPool-worker-1] INFO  utils.DatanodeStoreCache (DatanodeStoreCache.java:removeDB(104)) - Removed db /home/runner/work/ozone/ozone/hadoop-ozone/integration-test/target/test-dir/MiniOzoneClusterImpl-14387da3-0fdf-4878-9e7f-f07e3baca9b9/datanode-1/data-0/containers/hdds/14387da3-0fdf-4878-9e7f-f07e3baca9b9/DS-b5d592a6-dab6-4f91-89b5-22d0a3081e10/container.db from cache
2023-05-30 05:51:09,862 [ForkJoinPool.commonPool-worker-1] INFO  volume.HddsVolume (HddsVolume.java:closeDbStore(437)) - SchemaV3 db is stopped at /home/runner/work/ozone/ozone/hadoop-ozone/integration-test/target/test-dir/MiniOzoneClusterImpl-14387da3-0fdf-4878-9e7f-f07e3baca9b9/datanode-1/data-0/containers/hdds/14387da3-0fdf-4878-9e7f-f07e3baca9b9/DS-b5d592a6-dab6-4f91-89b5-22d0a3081e10/container.db for volume DS-b5d592a6-dab6-4f91-89b5-22d0a3081e10
2023-05-30 05:51:09,863 [ForkJoinPool.commonPool-worker-1] INFO  utils.BackgroundService (BackgroundService.java:shutdown(141)) - Shutting down service BlockDeletingService
2023-05-30 05:51:09,863 [ForkJoinPool.commonPool-worker-1] INFO  utils.BackgroundService (BackgroundService.java:shutdown(141)) - Shutting down service StaleRecoveringContainerScrubbingService
2023-05-30 05:51:09,866 [ForkJoinPool.commonPool-worker-1] INFO  statemachine.DatanodeStateMachine (DatanodeStateMachine.java:stopDaemon(621)) - Ozone container server stopped.
2023-05-30 05:51:09,878 [ForkJoinPool.commonPool-worker-1] INFO  handler.ContextHandler (ContextHandler.java:doStop(1159)) - Stopped o.e.j.w.WebAppContext@4e3ee82f{hddsDatanode,/,null,STOPPED}{jar:file:/home/runner/.m2/repository/org/apache/ozone/hdds-container-service/1.4.0-SNAPSHOT/hdds-container-service-1.4.0-SNAPSHOT.jar!/webapps/hddsDatanode}
2023-05-30 05:51:09,879 [ForkJoinPool.commonPool-worker-1] INFO  server.AbstractConnector (AbstractConnector.java:doStop(383)) - Stopped ServerConnector@1e7e5906{HTTP/1.1, (http/1.1)}{0.0.0.0:15018}
2023-05-30 05:51:09,879 [ForkJoinPool.commonPool-worker-1] INFO  server.session (HouseKeeper.java:stopScavenging(149)) - node0 Stopped scavenging
2023-05-30 05:51:09,883 [ForkJoinPool.commonPool-worker-1] INFO  handler.ContextHandler (ContextHandler.java:doStop(1159)) - Stopped o.e.j.s.ServletContextHandler@55e60c72{static,/static,jar:file:/home/runner/.m2/repository/org/apache/ozone/hdds-container-service/1.4.0-SNAPSHOT/hdds-container-service-1.4.0-SNAPSHOT.jar!/webapps/static,STOPPED}
2023-05-30 05:51:09,884 [ForkJoinPool.commonPool-worker-1] INFO  handler.ContextHandler (ContextHandler.java:doStop(1159)) - Stopped o.e.j.s.ServletContextHandler@5bb0de2a{logs,/logs,file:///home/runner/work/ozone/ozone/hadoop-ozone/integration-test/target/log,STOPPED}
2023-05-30 05:51:09,885 [ForkJoinPool.commonPool-worker-1] INFO  ozone.HddsDatanodeClientProtocolServer (HddsDatanodeClientProtocolServer.java:stop(88)) - Stopping the RPC server for Client Protocol
2023-05-30 05:51:09,886 [ForkJoinPool.commonPool-worker-1] INFO  ipc.Server (Server.java:stop(3501)) - Stopping server on 15019
2023-05-30 05:51:09,888 [IPC Server listener on 15019] INFO  ipc.Server (Server.java:run(1430)) - Stopping IPC Server listener on 15019
2023-05-30 05:51:09,888 [IPC Server Responder] INFO  ipc.Server (Server.java:run(1563)) - Stopping IPC Server Responder
2023-05-30 05:51:10,041 [ForkJoinPool.commonPool-worker-2] INFO  utils.DatanodeStoreCache (DatanodeStoreCache.java:shutdownCache(110)) - Skip clearing cache in mini cluster mode. Entries left: [/home/runner/work/ozone/ozone/hadoop-ozone/integration-test/target/test-dir/MiniOzoneClusterImpl-14387da3-0fdf-4878-9e7f-f07e3baca9b9/datanode-0/data-0/containers/hdds/14387da3-0fdf-4878-9e7f-f07e3baca9b9/DS-f1860f6f-70cb-4e83-a516-285ab5bd89f6/container.db, /home/runner/work/ozone/ozone/hadoop-ozone/integration-test/target/test-dir/MiniOzoneClusterImpl-14387da3-0fdf-4878-9e7f-f07e3baca9b9/datanode-3/data-0/containers/hdds/14387da3-0fdf-4878-9e7f-f07e3baca9b9/DS-5e6c4140-e3bc-4466-bbdb-cde3c660f205/container.db]
2023-05-30 05:51:10,047 [ForkJoinPool.commonPool-worker-2] INFO  utils.DatanodeStoreCache (DatanodeStoreCache.java:removeDB(104)) - Removed db /home/runner/work/ozone/ozone/hadoop-ozone/integration-test/target/test-dir/MiniOzoneClusterImpl-14387da3-0fdf-4878-9e7f-f07e3baca9b9/datanode-3/data-0/containers/hdds/14387da3-0fdf-4878-9e7f-f07e3baca9b9/DS-5e6c4140-e3bc-4466-bbdb-cde3c660f205/container.db from cache
2023-05-30 05:51:10,047 [ForkJoinPool.commonPool-worker-2] INFO  volume.HddsVolume (HddsVolume.java:closeDbStore(437)) - SchemaV3 db is stopped at /home/runner/work/ozone/ozone/hadoop-ozone/integration-test/target/test-dir/MiniOzoneClusterImpl-14387da3-0fdf-4878-9e7f-f07e3baca9b9/datanode-3/data-0/containers/hdds/14387da3-0fdf-4878-9e7f-f07e3baca9b9/DS-5e6c4140-e3bc-4466-bbdb-cde3c660f205/container.db for volume DS-5e6c4140-e3bc-4466-bbdb-cde3c660f205
2023-05-30 05:51:10,048 [ForkJoinPool.commonPool-worker-2] INFO  utils.BackgroundService (BackgroundService.java:shutdown(141)) - Shutting down service BlockDeletingService
2023-05-30 05:51:10,048 [ForkJoinPool.commonPool-worker-2] INFO  utils.BackgroundService (BackgroundService.java:shutdown(141)) - Shutting down service StaleRecoveringContainerScrubbingService
2023-05-30 05:51:10,050 [ForkJoinPool.commonPool-worker-2] INFO  statemachine.DatanodeStateMachine (DatanodeStateMachine.java:stopDaemon(621)) - Ozone container server stopped.
2023-05-30 05:51:10,062 [ForkJoinPool.commonPool-worker-2] INFO  handler.ContextHandler (ContextHandler.java:doStop(1159)) - Stopped o.e.j.w.WebAppContext@34cb4bec{hddsDatanode,/,null,STOPPED}{jar:file:/home/runner/.m2/repository/org/apache/ozone/hdds-container-service/1.4.0-SNAPSHOT/hdds-container-service-1.4.0-SNAPSHOT.jar!/webapps/hddsDatanode}
2023-05-30 05:51:10,063 [ForkJoinPool.commonPool-worker-2] INFO  server.AbstractConnector (AbstractConnector.java:doStop(383)) - Stopped ServerConnector@575f4499{HTTP/1.1, (http/1.1)}{0.0.0.0:15036}
2023-05-30 05:51:10,063 [ForkJoinPool.commonPool-worker-2] INFO  server.session (HouseKeeper.java:stopScavenging(149)) - node0 Stopped scavenging
2023-05-30 05:51:10,064 [ForkJoinPool.commonPool-worker-2] INFO  handler.ContextHandler (ContextHandler.java:doStop(1159)) - Stopped o.e.j.s.ServletContextHandler@1e992336{static,/static,jar:file:/home/runner/.m2/repository/org/apache/ozone/hdds-container-service/1.4.0-SNAPSHOT/hdds-container-service-1.4.0-SNAPSHOT.jar!/webapps/static,STOPPED}
2023-05-30 05:51:10,066 [ForkJoinPool.commonPool-worker-2] INFO  handler.ContextHandler (ContextHandler.java:doStop(1159)) - Stopped o.e.j.s.ServletContextHandler@27812cca{logs,/logs,file:///home/runner/work/ozone/ozone/hadoop-ozone/integration-test/target/log,STOPPED}
2023-05-30 05:51:10,068 [ForkJoinPool.commonPool-worker-2] INFO  ozone.HddsDatanodeClientProtocolServer (HddsDatanodeClientProtocolServer.java:stop(88)) - Stopping the RPC server for Client Protocol
2023-05-30 05:51:10,068 [ForkJoinPool.commonPool-worker-2] INFO  ipc.Server (Server.java:stop(3501)) - Stopping server on 15037
2023-05-30 05:51:10,069 [IPC Server Responder] INFO  ipc.Server (Server.java:run(1563)) - Stopping IPC Server Responder
2023-05-30 05:51:10,069 [IPC Server listener on 15037] INFO  ipc.Server (Server.java:run(1430)) - Stopping IPC Server listener on 15037
2023-05-30 05:51:10,276 [ForkJoinPool.commonPool-worker-3] INFO  utils.DatanodeStoreCache (DatanodeStoreCache.java:shutdownCache(110)) - Skip clearing cache in mini cluster mode. Entries left: [/home/runner/work/ozone/ozone/hadoop-ozone/integration-test/target/test-dir/MiniOzoneClusterImpl-14387da3-0fdf-4878-9e7f-f07e3baca9b9/datanode-0/data-0/containers/hdds/14387da3-0fdf-4878-9e7f-f07e3baca9b9/DS-f1860f6f-70cb-4e83-a516-285ab5bd89f6/container.db]
2023-05-30 05:51:10,279 [ForkJoinPool.commonPool-worker-3] INFO  utils.DatanodeStoreCache (DatanodeStoreCache.java:removeDB(104)) - Removed db /home/runner/work/ozone/ozone/hadoop-ozone/integration-test/target/test-dir/MiniOzoneClusterImpl-14387da3-0fdf-4878-9e7f-f07e3baca9b9/datanode-0/data-0/containers/hdds/14387da3-0fdf-4878-9e7f-f07e3baca9b9/DS-f1860f6f-70cb-4e83-a516-285ab5bd89f6/container.db from cache
2023-05-30 05:51:10,279 [ForkJoinPool.commonPool-worker-3] INFO  volume.HddsVolume (HddsVolume.java:closeDbStore(437)) - SchemaV3 db is stopped at /home/runner/work/ozone/ozone/hadoop-ozone/integration-test/target/test-dir/MiniOzoneClusterImpl-14387da3-0fdf-4878-9e7f-f07e3baca9b9/datanode-0/data-0/containers/hdds/14387da3-0fdf-4878-9e7f-f07e3baca9b9/DS-f1860f6f-70cb-4e83-a516-285ab5bd89f6/container.db for volume DS-f1860f6f-70cb-4e83-a516-285ab5bd89f6
2023-05-30 05:51:10,280 [ForkJoinPool.commonPool-worker-3] INFO  utils.BackgroundService (BackgroundService.java:shutdown(141)) - Shutting down service BlockDeletingService
2023-05-30 05:51:10,280 [ForkJoinPool.commonPool-worker-3] INFO  utils.BackgroundService (BackgroundService.java:shutdown(141)) - Shutting down service StaleRecoveringContainerScrubbingService
2023-05-30 05:51:10,283 [ForkJoinPool.commonPool-worker-3] INFO  statemachine.DatanodeStateMachine (DatanodeStateMachine.java:stopDaemon(621)) - Ozone container server stopped.
2023-05-30 05:51:10,294 [ForkJoinPool.commonPool-worker-3] INFO  handler.ContextHandler (ContextHandler.java:doStop(1159)) - Stopped o.e.j.w.WebAppContext@2a336787{hddsDatanode,/,null,STOPPED}{jar:file:/home/runner/.m2/repository/org/apache/ozone/hdds-container-service/1.4.0-SNAPSHOT/hdds-container-service-1.4.0-SNAPSHOT.jar!/webapps/hddsDatanode}
2023-05-30 05:51:10,295 [ForkJoinPool.commonPool-worker-3] INFO  server.AbstractConnector (AbstractConnector.java:doStop(383)) - Stopped ServerConnector@2d0dbf29{HTTP/1.1, (http/1.1)}{0.0.0.0:15009}
2023-05-30 05:51:10,295 [ForkJoinPool.commonPool-worker-3] INFO  server.session (HouseKeeper.java:stopScavenging(149)) - node0 Stopped scavenging
2023-05-30 05:51:10,296 [ForkJoinPool.commonPool-worker-3] INFO  handler.ContextHandler (ContextHandler.java:doStop(1159)) - Stopped o.e.j.s.ServletContextHandler@5e271caa{static,/static,jar:file:/home/runner/.m2/repository/org/apache/ozone/hdds-container-service/1.4.0-SNAPSHOT/hdds-container-service-1.4.0-SNAPSHOT.jar!/webapps/static,STOPPED}
2023-05-30 05:51:10,296 [ForkJoinPool.commonPool-worker-3] INFO  handler.ContextHandler (ContextHandler.java:doStop(1159)) - Stopped o.e.j.s.ServletContextHandler@2783b6d1{logs,/logs,file:///home/runner/work/ozone/ozone/hadoop-ozone/integration-test/target/log,STOPPED}
2023-05-30 05:51:10,297 [ForkJoinPool.commonPool-worker-3] INFO  ozone.HddsDatanodeClientProtocolServer (HddsDatanodeClientProtocolServer.java:stop(88)) - Stopping the RPC server for Client Protocol
2023-05-30 05:51:10,298 [ForkJoinPool.commonPool-worker-3] INFO  ipc.Server (Server.java:stop(3501)) - Stopping server on 15010
2023-05-30 05:51:10,298 [IPC Server listener on 15010] INFO  ipc.Server (Server.java:run(1430)) - Stopping IPC Server listener on 15010
2023-05-30 05:51:10,303 [IPC Server Responder] INFO  ipc.Server (Server.java:run(1563)) - Stopping IPC Server Responder
2023-05-30 05:51:10,309 [Listener at 0.0.0.0/15046] INFO  ozone.MiniOzoneClusterImpl (MiniOzoneClusterImpl.java:stopSCM(537)) - Stopping the StorageContainerManager
2023-05-30 05:51:10,310 [Listener at 0.0.0.0/15046] INFO  server.StorageContainerManager (StorageContainerManager.java:stop(1573)) - Container Balancer is not running.
2023-05-30 05:51:10,310 [Listener at 0.0.0.0/15046] INFO  server.StorageContainerManager (StorageContainerManager.java:stopReplicationManager(1704)) - Stopping Replication Manager Service.
2023-05-30 05:51:10,310 [Listener at 0.0.0.0/15046] INFO  replication.ReplicationManager (ReplicationManager.java:stop(333)) - Stopping Replication Monitor Thread.
2023-05-30 05:51:10,310 [Listener at 0.0.0.0/15046] INFO  server.StorageContainerManager (StorageContainerManager.java:stop(1582)) - Stopping the Datanode Admin Monitor.
2023-05-30 05:51:10,310 [Listener at 0.0.0.0/15046] INFO  server.StorageContainerManager (StorageContainerManager.java:stop(1589)) - Stopping datanode service RPC server
2023-05-30 05:51:10,310 [Listener at 0.0.0.0/15046] INFO  server.SCMDatanodeProtocolServer (SCMDatanodeProtocolServer.java:stop(424)) - Stopping the RPC server for DataNodes
2023-05-30 05:51:10,311 [Listener at 0.0.0.0/15046] INFO  ipc.Server (Server.java:stop(3501)) - Stopping server on 15002
2023-05-30 05:51:10,311 [Over Replicated Processor] WARN  replication.UnhealthyReplicationProcessor (UnhealthyReplicationProcessor.java:run(167)) - Over Replicated Processor interrupted. Exiting...
2023-05-30 05:51:10,311 [ReplicationMonitor] INFO  replication.ReplicationManager (ReplicationManager.java:run(944)) - Replication Monitor Thread is stopped
2023-05-30 05:51:10,310 [Under Replicated Processor] WARN  replication.UnhealthyReplicationProcessor (UnhealthyReplicationProcessor.java:run(167)) - Under Replicated Processor interrupted. Exiting...
2023-05-30 05:51:10,313 [IPC Server listener on 15002] INFO  ipc.Server (Server.java:run(1430)) - Stopping IPC Server listener on 15002
2023-05-30 05:51:10,314 [IPC Server Responder] INFO  ipc.Server (Server.java:run(1563)) - Stopping IPC Server Responder
2023-05-30 05:51:10,396 [SCM Heartbeat Processing Thread - 0] WARN  node.NodeStateManager (NodeStateManager.java:scheduleNextHealthCheck(870)) - Current Thread is interrupted, shutting down HB processing thread for Node Manager.
2023-05-30 05:51:10,397 [Listener at 0.0.0.0/15046] INFO  server.StorageContainerManager (StorageContainerManager.java:stop(1597)) - Stopping block service RPC server
2023-05-30 05:51:10,397 [Listener at 0.0.0.0/15046] INFO  server.SCMBlockProtocolServer (SCMBlockProtocolServer.java:stop(161)) - Stopping the RPC server for Block Protocol
2023-05-30 05:51:10,397 [Listener at 0.0.0.0/15046] INFO  ipc.Server (Server.java:stop(3501)) - Stopping server on 15001
2023-05-30 05:51:10,399 [IPC Server listener on 15001] INFO  ipc.Server (Server.java:run(1430)) - Stopping IPC Server listener on 15001
2023-05-30 05:51:10,401 [IPC Server Responder] INFO  ipc.Server (Server.java:run(1563)) - Stopping IPC Server Responder
2023-05-30 05:51:10,401 [Listener at 0.0.0.0/15046] INFO  server.StorageContainerManager (StorageContainerManager.java:stop(1604)) - Stopping the StorageContainerLocationProtocol RPC server
2023-05-30 05:51:10,401 [Listener at 0.0.0.0/15046] INFO  server.SCMClientProtocolServer (SCMClientProtocolServer.java:stop(208)) - Stopping the RPC server for Client Protocol
2023-05-30 05:51:10,401 [Listener at 0.0.0.0/15046] INFO  ipc.Server (Server.java:stop(3501)) - Stopping server on 15000
2023-05-30 05:51:10,404 [IPC Server listener on 15000] INFO  ipc.Server (Server.java:run(1430)) - Stopping IPC Server listener on 15000
2023-05-30 05:51:10,405 [IPC Server Responder] INFO  ipc.Server (Server.java:run(1563)) - Stopping IPC Server Responder
2023-05-30 05:51:10,406 [Listener at 0.0.0.0/15046] INFO  server.StorageContainerManager (StorageContainerManager.java:stop(1611)) - Stopping Storage Container Manager HTTP server.
2023-05-30 05:51:10,407 [Listener at 0.0.0.0/15046] INFO  handler.ContextHandler (ContextHandler.java:doStop(1159)) - Stopped o.e.j.w.WebAppContext@5dfb078{scm,/,null,STOPPED}{file:/home/runner/work/ozone/ozone/hadoop-ozone/integration-test/target/test-classes/webapps/scm}
2023-05-30 05:51:10,407 [Listener at 0.0.0.0/15046] INFO  server.AbstractConnector (AbstractConnector.java:doStop(383)) - Stopped ServerConnector@7ec729be{HTTP/1.1, (http/1.1)}{0.0.0.0:15003}
2023-05-30 05:51:10,407 [Listener at 0.0.0.0/15046] INFO  server.session (HouseKeeper.java:stopScavenging(149)) - node0 Stopped scavenging
2023-05-30 05:51:10,408 [Listener at 0.0.0.0/15046] INFO  handler.ContextHandler (ContextHandler.java:doStop(1159)) - Stopped o.e.j.s.ServletContextHandler@52f71d2{static,/static,file:///home/runner/work/ozone/ozone/hadoop-ozone/integration-test/target/test-classes/webapps/static,STOPPED}
2023-05-30 05:51:10,408 [Listener at 0.0.0.0/15046] INFO  handler.ContextHandler (ContextHandler.java:doStop(1159)) - Stopped o.e.j.s.ServletContextHandler@2e17a9e6{logs,/logs,file:///home/runner/work/ozone/ozone/hadoop-ozone/integration-test/target/log,STOPPED}
2023-05-30 05:51:10,409 [Listener at 0.0.0.0/15046] INFO  server.StorageContainerManager (StorageContainerManager.java:stop(1619)) - Stopping SCM LayoutVersionManager Service.
2023-05-30 05:51:10,409 [Listener at 0.0.0.0/15046] INFO  server.StorageContainerManager (StorageContainerManager.java:stop(1627)) - Stopping Block Manager Service.
2023-05-30 05:51:10,409 [Listener at 0.0.0.0/15046] INFO  utils.BackgroundService (BackgroundService.java:shutdown(141)) - Shutting down service SCMBlockDeletingService
2023-05-30 05:51:10,410 [Listener at 0.0.0.0/15046] INFO  utils.BackgroundService (BackgroundService.java:shutdown(141)) - Shutting down service SCMBlockDeletingService
2023-05-30 05:51:10,410 [Listener at 0.0.0.0/15046] INFO  server.StorageContainerManager (StorageContainerManager.java:stop(1649)) - Stopping SCM Event Queue.
2023-05-30 05:51:10,413 [Listener at 0.0.0.0/15046] INFO  server.StorageContainerManager (StorageContainerManager.java:stop(1660)) - Stopping SCM HA services.
2023-05-30 05:51:10,414 [Listener at 0.0.0.0/15046] INFO  pipeline.BackgroundPipelineCreator (BackgroundPipelineCreator.java:stop(149)) - Stopping RatisPipelineUtilsThread.
2023-05-30 05:51:10,414 [RatisPipelineUtilsThread - 0] WARN  pipeline.BackgroundPipelineCreator (BackgroundPipelineCreator.java:run(180)) - RatisPipelineUtilsThread is interrupted.
2023-05-30 05:51:10,415 [Listener at 0.0.0.0/15046] INFO  BackgroundPipelineScrubber (BackgroundSCMService.java:stop(131)) - Stopping BackgroundPipelineScrubber Service.
2023-05-30 05:51:10,415 [BackgroundPipelineScrubberThread] WARN  BackgroundPipelineScrubber (BackgroundSCMService.java:run(115)) - BackgroundPipelineScrubber is interrupted, exit
2023-05-30 05:51:10,416 [Listener at 0.0.0.0/15046] INFO  impl.MetricsSystemImpl (MetricsSystemImpl.java:stop(210)) - Stopping XceiverClientMetrics metrics system...
2023-05-30 05:51:10,419 [prometheus] INFO  impl.MetricsSinkAdapter (MetricsSinkAdapter.java:publishMetricsFromQueue(141)) - prometheus thread interrupted.
2023-05-30 05:51:10,419 [Listener at 0.0.0.0/15046] INFO  impl.MetricsSystemImpl (MetricsSystemImpl.java:stop(216)) - XceiverClientMetrics metrics system stopped.
2023-05-30 05:51:10,420 [Listener at 0.0.0.0/15046] WARN  pipeline.BackgroundPipelineCreator (BackgroundPipelineCreator.java:stop(145)) - RatisPipelineUtilsThread is not running, just ignore.
2023-05-30 05:51:10,420 [Listener at 0.0.0.0/15046] INFO  BackgroundPipelineScrubber (BackgroundSCMService.java:stop(126)) - BackgroundPipelineScrubber Service is not running, skip stop.
2023-05-30 05:51:10,421 [ExpiredContainerReplicaOpScrubberThread] WARN  ExpiredContainerReplicaOpScrubber (BackgroundSCMService.java:run(115)) - ExpiredContainerReplicaOpScrubber is interrupted, exit
2023-05-30 05:51:10,421 [Listener at 0.0.0.0/15046] INFO  ExpiredContainerReplicaOpScrubber (BackgroundSCMService.java:stop(131)) - Stopping ExpiredContainerReplicaOpScrubber Service.
2023-05-30 05:51:10,421 [Listener at 0.0.0.0/15046] INFO  utils.BackgroundService (BackgroundService.java:shutdown(141)) - Shutting down service SCMBlockDeletingService
2023-05-30 05:51:10,421 [Listener at 0.0.0.0/15046] INFO  replication.ReplicationManager (ReplicationManager.java:stop(343)) - Replication Monitor Thread is not running.
2023-05-30 05:51:10,421 [Listener at 0.0.0.0/15046] WARN  balancer.ContainerBalancer (ContainerBalancer.java:stop(328)) - Cannot stop Container Balancer because it's not running or stopping
2023-05-30 05:51:10,421 [Lease Manager-LeaseManager#LeaseMonitor] WARN  lease.LeaseManager (LeaseManager.java:run(272)) - Lease manager is interrupted. Shutting down...
java.lang.InterruptedException
	at java.util.concurrent.locks.AbstractQueuedSynchronizer.doAcquireSharedNanos(AbstractQueuedSynchronizer.java:1039)
	at java.util.concurrent.locks.AbstractQueuedSynchronizer.tryAcquireSharedNanos(AbstractQueuedSynchronizer.java:1328)
	at java.util.concurrent.Semaphore.tryAcquire(Semaphore.java:409)
	at org.apache.hadoop.ozone.lease.LeaseManager$LeaseMonitor.run(LeaseManager.java:270)
	at java.lang.Thread.run(Thread.java:750)
2023-05-30 05:51:10,421 [Listener at 0.0.0.0/15046] INFO  server.StorageContainerManager (StorageContainerManager.java:stop(1695)) - Stopping SCM MetadataStore.
2023-05-30 05:51:10,504 [Listener at 0.0.0.0/15046] WARN  server.ServerUtils (ServerUtils.java:getScmDbDir(155)) - ozone.scm.db.dirs is not configured. We recommend adding this setting. Falling back to ozone.metadata.dirs instead.
2023-05-30 05:51:10,508 [Listener at 0.0.0.0/15046] WARN  server.ServerUtils (ServerUtils.java:getScmDbDir(155)) - ozone.scm.db.dirs is not configured. We recommend adding this setting. Falling back to ozone.metadata.dirs instead.
2023-05-30 05:51:10,509 [Listener at 0.0.0.0/15046] INFO  ha.SCMHANodeDetails (SCMHANodeDetails.java:loadSCMHAConfig(209)) - ServiceID for StorageContainerManager is null
2023-05-30 05:51:10,509 [Listener at 0.0.0.0/15046] INFO  ha.SCMHANodeDetails (SCMHANodeDetails.java:loadSCMHAConfig(214)) - ozone.scm.default.service.id is not defined, falling back to ozone.scm.service.ids to find serviceID for StorageContainerManager if it is HA enabled cluster
2023-05-30 05:51:10,509 [Listener at 0.0.0.0/15046] WARN  utils.HAUtils (HAUtils.java:getMetaDir(350)) - ozone.scm.db.dirs is not configured. We recommend adding this setting. Falling back to ozone.metadata.dirs instead.
2023-05-30 05:51:10,510 [Listener at 0.0.0.0/15046] WARN  db.DBStoreBuilder (DBStoreBuilder.java:applyDBDefinition(165)) - ozone.scm.db.dirs is not configured. We recommend adding this setting. Falling back to ozone.metadata.dirs instead.
2023-05-30 05:51:10,646 [Listener at 0.0.0.0/15046] INFO  net.NodeSchemaLoader (NodeSchemaLoader.java:loadSchemaFromFile(129)) - Loading schema from [jar:file:/home/runner/.m2/repository/org/apache/ozone/hdds-common/1.4.0-SNAPSHOT/hdds-common-1.4.0-SNAPSHOT.jar!/network-topology-default.xml]
2023-05-30 05:51:10,646 [Listener at 0.0.0.0/15046] INFO  net.NodeSchemaLoader (NodeSchemaLoader.java:loadSchema(176)) - Loading network topology layer schema file
2023-05-30 05:51:10,649 [Listener at 0.0.0.0/15046] INFO  upgrade.AbstractLayoutVersionManager (AbstractLayoutVersionManager.java:init(83)) - Initializing Layout version manager with metadata layout = HADOOP_PRC_PORTS_IN_DATANODEDETAILS (version = 7), software layout = HADOOP_PRC_PORTS_IN_DATANODEDETAILS (version = 7)
2023-05-30 05:51:10,650 [Listener at 0.0.0.0/15046] INFO  ha.SequenceIdGenerator (SequenceIdGenerator.java:upgradeToSequenceId(349)) - upgrade localId to 111677748019200000
2023-05-30 05:51:10,650 [Listener at 0.0.0.0/15046] INFO  ha.SequenceIdGenerator (SequenceIdGenerator.java:upgradeToSequenceId(359)) - upgrade delTxnId to 0
2023-05-30 05:51:10,651 [Listener at 0.0.0.0/15046] INFO  ha.SequenceIdGenerator (SequenceIdGenerator.java:upgradeToSequenceId(376)) - upgrade containerId to 0
2023-05-30 05:51:10,651 [Listener at 0.0.0.0/15046] INFO  ha.SequenceIdGenerator (SequenceIdGenerator.java:<init>(220)) - Init the HA SequenceIdGenerator.
2023-05-30 05:51:10,651 [Listener at 0.0.0.0/15046] WARN  server.ServerUtils (ServerUtils.java:sanitizeUserArgs(80)) - ozone.scm.stale.node.interval value = 300000 is larger than max = 100000 based on the key value of ozone.scm.heartbeat.thread.interval, reset to the max value 100000.
2023-05-30 05:51:10,651 [Listener at 0.0.0.0/15046] WARN  server.ServerUtils (ServerUtils.java:sanitizeUserArgs(80)) - ozone.scm.stale.node.interval value = 300000 is larger than max = 100000 based on the key value of ozone.scm.heartbeat.thread.interval, reset to the max value 100000.
2023-05-30 05:51:10,652 [Listener at 0.0.0.0/15046] INFO  node.SCMNodeManager (SCMNodeManager.java:<init>(159)) - Entering startup safe mode.
2023-05-30 05:51:10,652 [Listener at 0.0.0.0/15046] INFO  algorithms.ContainerPlacementPolicyFactory (ContainerPlacementPolicyFactory.java:getPolicyInternal(86)) - Create container placement policy of type org.apache.hadoop.hdds.scm.container.placement.algorithms.SCMContainerPlacementRackAware
2023-05-30 05:51:10,652 [Listener at 0.0.0.0/15046] INFO  algorithms.ContainerPlacementPolicyFactory (ContainerPlacementPolicyFactory.java:getPolicyInternal(86)) - Create container placement policy of type org.apache.hadoop.hdds.scm.container.placement.algorithms.SCMContainerPlacementRackScatter
2023-05-30 05:51:10,652 [Listener at 0.0.0.0/15046] INFO  pipeline.PipelineStateManagerImpl (PipelineStateManagerImpl.java:initialize(78)) - No pipeline exists in current db
2023-05-30 05:51:10,653 [Listener at 0.0.0.0/15046] INFO  algorithms.LeaderChoosePolicyFactory (LeaderChoosePolicyFactory.java:getPolicy(57)) - Create leader choose policy of type org.apache.hadoop.hdds.scm.pipeline.leader.choose.algorithms.MinLeaderCountChoosePolicy
2023-05-30 05:51:10,653 [Listener at 0.0.0.0/15046] INFO  algorithms.ContainerPlacementPolicyFactory (ContainerPlacementPolicyFactory.java:getPolicyInternal(86)) - Create container placement policy of type org.apache.hadoop.hdds.scm.container.placement.algorithms.SCMContainerPlacementRackScatter
2023-05-30 05:51:10,653 [Listener at 0.0.0.0/15046] INFO  ha.SCMServiceManager (SCMServiceManager.java:register(42)) - Registering service BackgroundPipelineCreator.
2023-05-30 05:51:10,653 [Listener at 0.0.0.0/15046] INFO  pipeline.BackgroundPipelineCreator (BackgroundPipelineCreator.java:start(124)) - Starting RatisPipelineUtilsThread.
2023-05-30 05:51:10,653 [Listener at 0.0.0.0/15046] INFO  BackgroundPipelineScrubber (BackgroundSCMService.java:start(68)) - Starting BackgroundPipelineScrubber Service.
2023-05-30 05:51:10,654 [Listener at 0.0.0.0/15046] INFO  ha.SCMServiceManager (SCMServiceManager.java:register(42)) - Registering service BackgroundPipelineScrubber.
2023-05-30 05:51:10,654 [Listener at 0.0.0.0/15046] INFO  ExpiredContainerReplicaOpScrubber (BackgroundSCMService.java:start(68)) - Starting ExpiredContainerReplicaOpScrubber Service.
2023-05-30 05:51:10,654 [Listener at 0.0.0.0/15046] INFO  ha.SCMServiceManager (SCMServiceManager.java:register(42)) - Registering service ExpiredContainerReplicaOpScrubber.
2023-05-30 05:51:10,655 [Listener at 0.0.0.0/15046] INFO  algorithms.PipelineChoosePolicyFactory (PipelineChoosePolicyFactory.java:createPipelineChoosePolicyFromClass(73)) - Create pipeline choose policy of type org.apache.hadoop.hdds.scm.pipeline.choose.algorithms.RandomPipelineChoosePolicy
2023-05-30 05:51:10,656 [Listener at 0.0.0.0/15046] INFO  ha.SCMServiceManager (SCMServiceManager.java:register(42)) - Registering service SCMBlockDeletingService.
2023-05-30 05:51:10,659 [Listener at 0.0.0.0/15046] INFO  replication.ReplicationManager (ReplicationManager.java:start(300)) - Starting Replication Monitor Thread.
2023-05-30 05:51:10,659 [Listener at 0.0.0.0/15046] INFO  ha.SCMServiceManager (SCMServiceManager.java:register(42)) - Registering service ReplicationManager.
2023-05-30 05:51:10,660 [Listener at 0.0.0.0/15046] INFO  safemode.ContainerSafeModeRule (ContainerSafeModeRule.java:<init>(89)) - containers with one replica threshold count 0
2023-05-30 05:51:10,660 [Listener at 0.0.0.0/15046] INFO  safemode.HealthyPipelineSafeModeRule (HealthyPipelineSafeModeRule.java:initializeRule(169)) - Total pipeline count is 0, healthy pipeline threshold count is 1
2023-05-30 05:51:10,660 [Listener at 0.0.0.0/15046] INFO  safemode.OneReplicaPipelineSafeModeRule (OneReplicaPipelineSafeModeRule.java:initializeRule(180)) - Total pipeline count is 0, pipeline's with at least one datanode reported threshold count is 0
2023-05-30 05:51:10,661 [Listener at 0.0.0.0/15046] INFO  server.StorageContainerManager (StorageContainerManager.java:<init>(403)) - SCM start with adminUsers: [runner]
2023-05-30 05:51:10,661 [Listener at 0.0.0.0/15046] INFO  ipc.CallQueueManager (CallQueueManager.java:<init>(90)) - Using callQueue: class java.util.concurrent.LinkedBlockingQueue, queueCapacity: 2000, scheduler: class org.apache.hadoop.ipc.DefaultRpcScheduler, ipcBackoff: false.
2023-05-30 05:51:10,662 [Socket Reader #1 for port 15055] INFO  ipc.Server (Server.java:run(1319)) - Starting Socket Reader #1 for port 15055
2023-05-30 05:51:10,663 [Listener at 0.0.0.0/15055] INFO  ipc.CallQueueManager (CallQueueManager.java:<init>(90)) - Using callQueue: class java.util.concurrent.LinkedBlockingQueue, queueCapacity: 2000, scheduler: class org.apache.hadoop.ipc.DefaultRpcScheduler, ipcBackoff: false.
2023-05-30 05:51:10,664 [Socket Reader #1 for port 15054] INFO  ipc.Server (Server.java:run(1319)) - Starting Socket Reader #1 for port 15054
2023-05-30 05:51:10,664 [Listener at 0.0.0.0/15054] INFO  ipc.CallQueueManager (CallQueueManager.java:<init>(90)) - Using callQueue: class java.util.concurrent.LinkedBlockingQueue, queueCapacity: 2000, scheduler: class org.apache.hadoop.ipc.DefaultRpcScheduler, ipcBackoff: false.
2023-05-30 05:51:10,666 [Socket Reader #1 for port 15053] INFO  ipc.Server (Server.java:run(1319)) - Starting Socket Reader #1 for port 15053
2023-05-30 05:51:10,681 [Listener at 0.0.0.0/15053] INFO  ha.SCMServiceManager (SCMServiceManager.java:register(42)) - Registering service ContainerBalancer.
2023-05-30 05:51:10,682 [Listener at 0.0.0.0/15053] INFO  server.StorageContainerManager (StorageContainerManager.java:<init>(420)) - 
Container Balancer status:
Key                            Value
Running                        false
Container Balancer Configuration values:
Key                                                Value
Threshold                                          10
Max Datanodes to Involve per Iteration(percent)    20
Max Size to Move per Iteration                     500GB
Max Size Entering Target per Iteration             26GB
Max Size Leaving Source per Iteration              26GB

2023-05-30 05:51:10,682 [Listener at 0.0.0.0/15053] INFO  ha.SCMContext (SCMContext.java:updateSafeModeStatus(228)) - Update SafeModeStatus from SafeModeStatus{safeModeStatus=true, preCheckPassed=false} to SafeModeStatus{safeModeStatus=true, preCheckPassed=false}.
2023-05-30 05:51:10,682 [Listener at 0.0.0.0/15053] INFO  server.StorageContainerManager (StorageContainerManager.java:start(1477)) - StorageContainerLocationProtocol RPC server is listening at /0.0.0.0:15053
2023-05-30 05:51:10,684 [Listener at 0.0.0.0/15053] WARN  impl.MetricsConfig (MetricsConfig.java:loadFirst(136)) - Cannot locate configuration: tried hadoop-metrics2-storagecontainermanager.properties,hadoop-metrics2.properties
2023-05-30 05:51:10,685 [ReplicationMonitor] INFO  replication.ReplicationManager (ReplicationManager.java:processAll(375)) - Replication Manager is not ready to run until 3000ms after safemode exit
2023-05-30 05:51:10,686 [Listener at 0.0.0.0/15053] INFO  impl.MetricsSystemImpl (MetricsSystemImpl.java:startTimer(378)) - Scheduled Metric snapshot period at 10 second(s).
2023-05-30 05:51:10,687 [Listener at 0.0.0.0/15053] INFO  impl.MetricsSystemImpl (MetricsSystemImpl.java:start(191)) - StorageContainerManager metrics system started
2023-05-30 05:51:10,704 [Listener at 0.0.0.0/15053] INFO  impl.MetricsSinkAdapter (MetricsSinkAdapter.java:start(204)) - Sink prometheus started
2023-05-30 05:51:10,704 [Listener at 0.0.0.0/15053] INFO  impl.MetricsSystemImpl (MetricsSystemImpl.java:registerSink(305)) - Registered sink prometheus
2023-05-30 05:51:10,719 [Listener at 0.0.0.0/15053] INFO  server.SCMClientProtocolServer (SCMClientProtocolServer.java:start(199)) - RPC server for Client  is listening at /0.0.0.0:15053
2023-05-30 05:51:10,719 [IPC Server Responder] INFO  ipc.Server (Server.java:run(1558)) - IPC Server Responder: starting
2023-05-30 05:51:10,721 [IPC Server listener on 15053] INFO  ipc.Server (Server.java:run(1398)) - IPC Server listener on 15053: starting
2023-05-30 05:51:10,724 [Listener at 0.0.0.0/15053] INFO  server.StorageContainerManager (StorageContainerManager.java:start(1491)) - ScmBlockLocationProtocol RPC server is listening at /0.0.0.0:15054
2023-05-30 05:51:10,724 [Listener at 0.0.0.0/15053] INFO  server.SCMBlockProtocolServer (SCMBlockProtocolServer.java:start(152)) - RPC server for Block Protocol is listening at /0.0.0.0:15054
2023-05-30 05:51:10,725 [IPC Server Responder] INFO  ipc.Server (Server.java:run(1558)) - IPC Server Responder: starting
2023-05-30 05:51:10,725 [IPC Server listener on 15054] INFO  ipc.Server (Server.java:run(1398)) - IPC Server listener on 15054: starting
2023-05-30 05:51:10,732 [Listener at 0.0.0.0/15053] INFO  server.SCMDatanodeProtocolServer (SCMDatanodeProtocolServer.java:start(193)) - ScmDatanodeProtocol RPC server for DataNodes is listening at /0.0.0.0:15055
2023-05-30 05:51:10,733 [IPC Server Responder] INFO  ipc.Server (Server.java:run(1558)) - IPC Server Responder: starting
2023-05-30 05:51:10,733 [IPC Server listener on 15055] INFO  ipc.Server (Server.java:run(1398)) - IPC Server listener on 15055: starting
2023-05-30 05:51:10,738 [org.apache.hadoop.util.JvmPauseMonitor$Monitor@591ac40f] INFO  util.JvmPauseMonitor (JvmPauseMonitor.java:run(188)) - Starting JVM pause monitor
2023-05-30 05:51:10,738 [Listener at 0.0.0.0/15053] INFO  http.BaseHttpServer (BaseHttpServer.java:newHttpServer2BuilderForOzone(224)) - Starting Web-server for scm at: http://0.0.0.0:15056
2023-05-30 05:51:10,738 [Listener at 0.0.0.0/15053] INFO  http.BaseHttpServer (BaseHttpServer.java:<init>(111)) - Hadoop Security Enabled: false Ozone Security Enabled: false Ozone HTTP Security Enabled: false 
2023-05-30 05:51:10,740 [Listener at 0.0.0.0/15053] WARN  server.AuthenticationFilter (AuthenticationFilter.java:constructSecretProvider(240)) - Unable to initialize FileSignerSecretProvider, falling back to use random secrets. Reason: Could not read signature secret file: /home/runner/hadoop-http-auth-signature-secret
2023-05-30 05:51:10,741 [Listener at 0.0.0.0/15053] INFO  http.HttpRequestLog (HttpRequestLog.java:getRequestLog(86)) - Http request log for http.requests.scm is not defined
2023-05-30 05:51:10,743 [Listener at 0.0.0.0/15053] INFO  http.HttpServer2 (HttpServer2.java:addGlobalFilter(1031)) - Added global filter 'safety' (class=org.apache.hadoop.hdds.server.http.HttpServer2$QuotingInputFilter)
2023-05-30 05:51:10,744 [Listener at 0.0.0.0/15053] INFO  http.HttpServer2 (HttpServer2.java:addFilter(1007)) - Added filter static_user_filter (class=org.apache.hadoop.http.lib.StaticUserWebFilter$StaticUserFilter) to context scm
2023-05-30 05:51:10,744 [Listener at 0.0.0.0/15053] INFO  http.HttpServer2 (HttpServer2.java:addFilter(1015)) - Added filter static_user_filter (class=org.apache.hadoop.http.lib.StaticUserWebFilter$StaticUserFilter) to context logs
2023-05-30 05:51:10,744 [Listener at 0.0.0.0/15053] INFO  http.HttpServer2 (HttpServer2.java:addFilter(1015)) - Added filter static_user_filter (class=org.apache.hadoop.http.lib.StaticUserWebFilter$StaticUserFilter) to context static
2023-05-30 05:51:10,749 [Listener at 0.0.0.0/15053] INFO  http.BaseHttpServer (BaseHttpServer.java:<init>(190)) - HTTP server of scm uses base directory /home/runner/work/ozone/ozone/hadoop-ozone/integration-test/target/test-dir/MiniOzoneClusterImpl-e48a92f5-15eb-4a1f-8733-fd9493ac7566/ozone-meta/webserver
2023-05-30 05:51:10,749 [Listener at 0.0.0.0/15053] INFO  http.HttpServer2 (HttpServer2.java:bindListener(1250)) - Jetty bound to port 15056
2023-05-30 05:51:10,749 [Listener at 0.0.0.0/15053] INFO  server.Server (Server.java:doStart(375)) - jetty-9.4.51.v20230217; built: 2023-02-17T08:19:37.309Z; git: b45c405e4544384de066f814ed42ae3dceacdd49; jvm 1.8.0_362-b09
2023-05-30 05:51:10,752 [Listener at 0.0.0.0/15053] INFO  server.session (DefaultSessionIdManager.java:doStart(334)) - DefaultSessionIdManager workerName=node0
2023-05-30 05:51:10,753 [Listener at 0.0.0.0/15053] INFO  server.session (DefaultSessionIdManager.java:doStart(339)) - No SessionScavenger set, using defaults
2023-05-30 05:51:10,753 [Listener at 0.0.0.0/15053] INFO  server.session (HouseKeeper.java:startScavenging(132)) - node0 Scavenging every 600000ms
2023-05-30 05:51:10,754 [Listener at 0.0.0.0/15053] INFO  handler.ContextHandler (ContextHandler.java:doStart(921)) - Started o.e.j.s.ServletContextHandler@2b195549{logs,/logs,file:///home/runner/work/ozone/ozone/hadoop-ozone/integration-test/target/log,AVAILABLE}
2023-05-30 05:51:10,755 [Listener at 0.0.0.0/15053] INFO  handler.ContextHandler (ContextHandler.java:doStart(921)) - Started o.e.j.s.ServletContextHandler@edc1a6d{static,/static,file:///home/runner/work/ozone/ozone/hadoop-ozone/integration-test/target/test-classes/webapps/static,AVAILABLE}
2023-05-30 05:51:10,763 [Listener at 0.0.0.0/15053] INFO  handler.ContextHandler (ContextHandler.java:doStart(921)) - Started o.e.j.w.WebAppContext@6b90353c{scm,/,file:///home/runner/work/ozone/ozone/hadoop-ozone/integration-test/target/test-classes/webapps/scm/,AVAILABLE}{file:/home/runner/work/ozone/ozone/hadoop-ozone/integration-test/target/test-classes/webapps/scm}
2023-05-30 05:51:10,770 [Listener at 0.0.0.0/15053] INFO  server.AbstractConnector (AbstractConnector.java:doStart(333)) - Started ServerConnector@2f5200f2{HTTP/1.1, (http/1.1)}{0.0.0.0:15056}
2023-05-30 05:51:10,770 [Listener at 0.0.0.0/15053] INFO  server.Server (Server.java:doStart(415)) - Started @34009ms
2023-05-30 05:51:10,770 [Listener at 0.0.0.0/15053] WARN  impl.MetricsSystemImpl (MetricsSystemImpl.java:register(279)) - Sink prometheus already exists!
2023-05-30 05:51:10,771 [Listener at 0.0.0.0/15053] INFO  http.BaseHttpServer (BaseHttpServer.java:updateConnectorAddress(344)) - HTTP server of scm listening at http://0.0.0.0:15056
2023-05-30 05:51:10,772 [Listener at 0.0.0.0/15053] WARN  server.ServerUtils (ServerUtils.java:getDBPath(311)) - ozone.om.db.dirs is not configured. We recommend adding this setting. Falling back to ozone.metadata.dirs instead.
2023-05-30 05:51:10,776 [Listener at 0.0.0.0/15053] INFO  ha.OMHANodeDetails (OMHANodeDetails.java:loadOMHAConfig(115)) - ozone.om.internal.service.id is not defined, falling back to ozone.om.service.ids to find serviceID for OzoneManager if it is HA enabled cluster
2023-05-30 05:51:10,776 [Listener at 0.0.0.0/15053] INFO  ha.OMHANodeDetails (OMHANodeDetails.java:loadOMHAConfig(226)) - Configuration does not have ozone.om.address set. Falling back to the default OM address /127.0.0.1:15057
2023-05-30 05:51:10,776 [Listener at 0.0.0.0/15053] INFO  ha.OMHANodeDetails (OMHANodeDetails.java:getOMNodeDetailsForNonHA(254)) - OM Service ID is not set. Setting it to the default ID: omServiceIdDefault
2023-05-30 05:51:10,776 [Listener at 0.0.0.0/15053] INFO  ha.OMHANodeDetails (OMHANodeDetails.java:getOMNodeDetailsForNonHA(261)) - OM Node ID is not set. Setting it to the default ID: om1
2023-05-30 05:51:10,777 [Listener at 0.0.0.0/15053] WARN  server.ServerUtils (ServerUtils.java:getDBPath(311)) - ozone.om.db.dirs is not configured. We recommend adding this setting. Falling back to ozone.metadata.dirs instead.
2023-05-30 05:51:10,778 [Listener at 0.0.0.0/15053] INFO  upgrade.AbstractLayoutVersionManager (AbstractLayoutVersionManager.java:init(83)) - Initializing Layout version manager with metadata layout = HSYNC (version = 4), software layout = HSYNC (version = 4)
2023-05-30 05:51:10,883 [Listener at 0.0.0.0/15053] INFO  reflections.Reflections (Reflections.java:scan(232)) - Reflections took 104 ms to scan 2 urls, producing 174 keys and 483 values [using 2 cores]
2023-05-30 05:51:10,883 [Listener at 0.0.0.0/15053] INFO  upgrade.OMLayoutVersionManager (OMLayoutVersionManager.java:lambda$0(115)) - Skipping Upgrade Action MockOmUpgradeAction since it has been finalized.
2023-05-30 05:51:10,884 [Listener at 0.0.0.0/15053] WARN  server.ServerUtils (ServerUtils.java:getDBPath(311)) - ozone.om.db.dirs is not configured. We recommend adding this setting. Falling back to ozone.metadata.dirs instead.
2023-05-30 05:51:10,884 [Listener at 0.0.0.0/15053] INFO  proxy.SCMBlockLocationFailoverProxyProvider (SCMBlockLocationFailoverProxyProvider.java:<init>(114)) - Created block location fail-over proxy with 1 nodes: [nodeId=scmNodeId,nodeAddress=/0.0.0.0:15054]
2023-05-30 05:51:10,887 [Listener at 0.0.0.0/15053] INFO  proxy.SCMBlockLocationFailoverProxyProvider (SCMBlockLocationFailoverProxyProvider.java:<init>(114)) - Created block location fail-over proxy with 1 nodes: [nodeId=scmNodeId,nodeAddress=/0.0.0.0:15054]
2023-05-30 05:51:10,899 [Listener at 0.0.0.0/15053] INFO  om.OzoneManager (OzoneManager.java:<init>(648)) - OM start with adminUsers: [runner]
2023-05-30 05:51:10,900 [Listener at 0.0.0.0/15053] WARN  server.ServerUtils (ServerUtils.java:getDBPath(311)) - ozone.om.db.dirs is not configured. We recommend adding this setting. Falling back to ozone.metadata.dirs instead.
2023-05-30 05:51:10,901 [Listener at 0.0.0.0/15053] INFO  helpers.OmKeyInfo (OmKeyInfo.java:getCodec(71)) - OmKeyInfo.getCodec ignorePipeline = true
2023-05-30 05:51:11,152 [Listener at 0.0.0.0/15053] INFO  om.OzoneManager (OzoneManager.java:instantiateServices(789)) - S3 Multi-Tenancy is disabled
2023-05-30 05:51:11,152 [Listener at 0.0.0.0/15053] INFO  om.OmSnapshotManager (OmSnapshotManager.java:<init>(170)) - Ozone filesystem snapshot feature is enabled.
2023-05-30 05:51:11,152 [Listener at 0.0.0.0/15053] WARN  server.ServerUtils (ServerUtils.java:getDBPath(311)) - ozone.om.snapshot.diff.db.dir is not configured. We recommend adding this setting. Falling back to ozone.metadata.dirs instead.
2023-05-30 05:51:11,185 [Listener at 0.0.0.0/15053] INFO  utils.NativeLibraryLoader (NativeLibraryLoader.java:loadLibrary(103)) - Loading Library: ozone_rocksdb_tools
2023-05-30 05:51:11,187 [Listener at 0.0.0.0/15053] INFO  om.OzoneManager (OzoneManager.java:addS3GVolumeToDB(4328)) - Created Volume s3v With Owner runner required for S3Gateway operations.
2023-05-30 05:51:11,187 [Listener at 0.0.0.0/15053] WARN  server.ServerUtils (ServerUtils.java:getDefaultRatisDirectory(323)) - Storage directory for Ratis is not configured. It is a good idea to map this to an SSD disk. Falling back to ozone.metadata.dirs
2023-05-30 05:51:11,187 [Listener at 0.0.0.0/15053] WARN  utils.OzoneManagerRatisUtils (OzoneManagerRatisUtils.java:getOMRatisSnapshotDirectory(456)) - ozone.om.ratis.snapshot.dir is not configured. Falling back to ozone.metadata.dirs config
2023-05-30 05:51:11,187 [Listener at 0.0.0.0/15053] WARN  server.ServerUtils (ServerUtils.java:getDefaultRatisDirectory(323)) - Storage directory for Ratis is not configured. It is a good idea to map this to an SSD disk. Falling back to ozone.metadata.dirs
2023-05-30 05:51:11,189 [Listener at 0.0.0.0/15053] INFO  ratis.OzoneManagerRatisServer (OzoneManagerRatisServer.java:<init>(163)) - Instantiating OM Ratis server with groupID: omServiceIdDefault and peers: localhost:15060
2023-05-30 05:51:11,189 [Listener at 0.0.0.0/15053] INFO  ratis.OzoneManagerStateMachine (OzoneManagerStateMachine.java:loadSnapshotInfoFromDB(670)) - LastAppliedIndex is set from TransactionInfo from OM DB as (t:0, i:~)
2023-05-30 05:51:11,190 [Listener at 0.0.0.0/15053] INFO  server.RaftServer (ConfUtils.java:logGet(46)) - raft.rpc.type = GRPC (default)
2023-05-30 05:51:11,190 [Listener at 0.0.0.0/15053] INFO  grpc.GrpcConfigKeys (ConfUtils.java:logFallback(53)) - raft.grpc.admin.host = null (fallback to raft.grpc.server.host)
2023-05-30 05:51:11,190 [Listener at 0.0.0.0/15053] INFO  grpc.GrpcConfigKeys (ConfUtils.java:logFallback(53)) - raft.grpc.admin.port = 15060 (fallback to raft.grpc.server.port)
2023-05-30 05:51:11,190 [Listener at 0.0.0.0/15053] INFO  grpc.GrpcConfigKeys (ConfUtils.java:logFallback(53)) - raft.grpc.client.host = null (fallback to raft.grpc.server.host)
2023-05-30 05:51:11,190 [Listener at 0.0.0.0/15053] INFO  grpc.GrpcConfigKeys (ConfUtils.java:logFallback(53)) - raft.grpc.client.port = 15060 (fallback to raft.grpc.server.port)
2023-05-30 05:51:11,190 [Listener at 0.0.0.0/15053] INFO  grpc.GrpcConfigKeys (ConfUtils.java:logGet(46)) - raft.grpc.server.host = null (default)
2023-05-30 05:51:11,191 [Listener at 0.0.0.0/15053] INFO  grpc.GrpcConfigKeys (ConfUtils.java:logGet(46)) - raft.grpc.server.port = 15060 (custom)
2023-05-30 05:51:11,191 [Listener at 0.0.0.0/15053] INFO  server.GrpcService (ConfUtils.java:logGet(46)) - raft.grpc.message.size.max = 33554432 (custom)
2023-05-30 05:51:11,191 [Listener at 0.0.0.0/15053] INFO  server.RaftServerConfigKeys (ConfUtils.java:logGet(46)) - raft.server.log.appender.buffer.byte-limit = 33554432 (custom)
2023-05-30 05:51:11,191 [Listener at 0.0.0.0/15053] INFO  server.GrpcService (ConfUtils.java:logGet(46)) - raft.grpc.flow.control.window = 1MB (=1048576) (default)
2023-05-30 05:51:11,191 [Listener at 0.0.0.0/15053] INFO  server.RaftServerConfigKeys (ConfUtils.java:logGet(46)) - raft.server.rpc.request.timeout = 3000ms (default)
2023-05-30 05:51:11,191 [Listener at 0.0.0.0/15053] INFO  grpc.GrpcConfigKeys (ConfUtils.java:logGet(46)) - raft.grpc.server.heartbeat.channel = true (default)
2023-05-30 05:51:11,191 [Listener at 0.0.0.0/15053] INFO  grpc.GrpcConfigKeys (ConfUtils.java:logGet(46)) - raft.grpc.server.async.request.thread.pool.cached = true (default)
2023-05-30 05:51:11,191 [Listener at 0.0.0.0/15053] INFO  grpc.GrpcConfigKeys (ConfUtils.java:logGet(46)) - raft.grpc.server.async.request.thread.pool.size = 32 (default)
2023-05-30 05:51:11,193 [Listener at 0.0.0.0/15053] INFO  impl.DataStreamServerImpl (ConfUtils.java:logGet(46)) - raft.datastream.type = DISABLED (default)
2023-05-30 05:51:11,193 [Listener at 0.0.0.0/15053] INFO  server.RaftServerConfigKeys (ConfUtils.java:logGet(46)) - raft.server.threadpool.proxy.cached = true (default)
2023-05-30 05:51:11,193 [Listener at 0.0.0.0/15053] INFO  server.RaftServerConfigKeys (ConfUtils.java:logGet(46)) - raft.server.threadpool.proxy.size = 0 (default)
2023-05-30 05:51:11,193 [Listener at 0.0.0.0/15053] INFO  server.RaftServerConfigKeys (ConfUtils.java:logGet(46)) - raft.server.rpc.slowness.timeout = 120s (custom)
2023-05-30 05:51:11,193 [Listener at 0.0.0.0/15053] INFO  server.RaftServerConfigKeys (ConfUtils.java:logGet(46)) - raft.server.leaderelection.leader.step-down.wait-time = 10s (default)
2023-05-30 05:51:11,193 [Listener at 0.0.0.0/15053] INFO  server.RaftServerConfigKeys (ConfUtils.java:logGet(46)) - raft.server.storage.dir = [/home/runner/work/ozone/ozone/hadoop-ozone/integration-test/target/test-dir/MiniOzoneClusterImpl-e48a92f5-15eb-4a1f-8733-fd9493ac7566/ozone-meta/ratis] (custom)
2023-05-30 05:51:11,196 [Listener at 0.0.0.0/15053] INFO  server.RaftServer (RaftServerProxy.java:addNew(98)) - om1: addNew group-C5BA1605619E:[om1|rpc:localhost:15060|priority:0|startupRole:FOLLOWER] returns group-C5BA1605619E:java.util.concurrent.CompletableFuture@5121b883[Not completed]
2023-05-30 05:51:11,196 [Listener at 0.0.0.0/15053] INFO  om.OzoneManager (OzoneManager.java:initializeRatisServer(2153)) - OzoneManager Ratis server initialized at port 15060
2023-05-30 05:51:11,196 [Listener at 0.0.0.0/15053] INFO  om.OzoneManager (OzoneManager.java:getRpcServer(1200)) - Creating RPC Server
2023-05-30 05:51:11,198 [om1-groupManagement] INFO  server.RaftServer$Division (RaftServerImpl.java:<init>(198)) - om1: new RaftServerImpl for group-C5BA1605619E:[om1|rpc:localhost:15060|priority:0|startupRole:FOLLOWER] with OzoneManagerStateMachine:uninitialized
2023-05-30 05:51:11,198 [om1-groupManagement] INFO  server.RaftServerConfigKeys (ConfUtils.java:logGet(46)) - raft.server.rpc.timeout.min = 1s (custom)
2023-05-30 05:51:11,198 [om1-groupManagement] INFO  server.RaftServerConfigKeys (ConfUtils.java:logGet(46)) - raft.server.rpc.timeout.max = 1200ms (custom)
2023-05-30 05:51:11,198 [om1-groupManagement] INFO  server.RaftServerConfigKeys (ConfUtils.java:logGet(46)) - raft.server.rpc.sleep.time = 25ms (default)
2023-05-30 05:51:11,198 [om1-groupManagement] INFO  server.RaftServerConfigKeys (ConfUtils.java:logGet(46)) - raft.server.rpc.slowness.timeout = 120s (custom)
2023-05-30 05:51:11,198 [om1-groupManagement] INFO  server.RaftServerConfigKeys (ConfUtils.java:logGet(46)) - raft.server.leaderelection.leader.step-down.wait-time = 10s (default)
2023-05-30 05:51:11,198 [om1-groupManagement] INFO  server.RaftServerConfigKeys (ConfUtils.java:logGet(46)) - raft.server.sleep.deviation.threshold = 300ms (default)
2023-05-30 05:51:11,198 [om1-groupManagement] INFO  server.RaftServer$Division (ServerState.java:<init>(120)) - om1@group-C5BA1605619E: ConfigurationManager, init=-1: peers:[om1|rpc:localhost:15060|priority:0|startupRole:FOLLOWER]|listeners:[], old=null, confs=<EMPTY_MAP>
2023-05-30 05:51:11,198 [om1-groupManagement] INFO  server.RaftServerConfigKeys (ConfUtils.java:logGet(46)) - raft.server.storage.dir = [/home/runner/work/ozone/ozone/hadoop-ozone/integration-test/target/test-dir/MiniOzoneClusterImpl-e48a92f5-15eb-4a1f-8733-fd9493ac7566/ozone-meta/ratis] (custom)
2023-05-30 05:51:11,198 [om1-groupManagement] INFO  server.RaftServerConfigKeys (ConfUtils.java:logGet(46)) - raft.server.log.corruption.policy = EXCEPTION (default)
2023-05-30 05:51:11,198 [om1-groupManagement] INFO  server.RaftServerConfigKeys (ConfUtils.java:logGet(46)) - raft.server.storage.free-space.min = 0MB (=0) (default)
2023-05-30 05:51:11,198 [om1-groupManagement] INFO  server.RaftServerConfigKeys (ConfUtils.java:logGet(46)) - raft.server.notification.no-leader.timeout = 120s (custom)
2023-05-30 05:51:11,198 [om1-groupManagement] INFO  server.RaftServerConfigKeys (ConfUtils.java:logGet(46)) - raft.server.read.timeout = 10s (default)
2023-05-30 05:51:11,198 [om1-groupManagement] INFO  server.RaftServerConfigKeys (ConfUtils.java:logGet(46)) - raft.server.retrycache.expirytime = 300s (custom)
2023-05-30 05:51:11,199 [om1-groupManagement] INFO  server.RaftServerConfigKeys (ConfUtils.java:logGet(46)) - raft.server.retrycache.statistics.expirytime = 100μs (default)
2023-05-30 05:51:11,199 [om1-groupManagement] INFO  server.RaftServerConfigKeys (ConfUtils.java:logGet(46)) - raft.server.read.option = DEFAULT (default)
2023-05-30 05:51:11,199 [om1-groupManagement] INFO  server.RaftServerConfigKeys (ConfUtils.java:logGet(46)) - raft.server.rpc.request.timeout = 3000ms (default)
2023-05-30 05:51:11,199 [om1-groupManagement] INFO  server.RaftServerConfigKeys (ConfUtils.java:logGet(46)) - raft.server.log.appender.install.snapshot.enabled = false (custom)
2023-05-30 05:51:11,199 [om1-groupManagement] INFO  server.RaftServerConfigKeys (ConfUtils.java:logGet(46)) - raft.server.threadpool.server.cached = true (default)
2023-05-30 05:51:11,199 [om1-groupManagement] INFO  server.RaftServerConfigKeys (ConfUtils.java:logGet(46)) - raft.server.threadpool.server.size = 0 (default)
2023-05-30 05:51:11,199 [om1-groupManagement] INFO  server.RaftServerConfigKeys (ConfUtils.java:logGet(46)) - raft.server.threadpool.client.cached = true (default)
2023-05-30 05:51:11,199 [om1-groupManagement] INFO  server.RaftServerConfigKeys (ConfUtils.java:logGet(46)) - raft.server.threadpool.client.size = 0 (default)
2023-05-30 05:51:11,712 [Listener at 0.0.0.0/15053] INFO  reflections.Reflections (Reflections.java:scan(232)) - Reflections took 515 ms to scan 19 urls, producing 69 keys and 5256 values [using 2 cores]
2023-05-30 05:51:11,714 [Listener at 0.0.0.0/15053] INFO  ipc.CallQueueManager (CallQueueManager.java:<init>(90)) - Using callQueue: class java.util.concurrent.LinkedBlockingQueue, queueCapacity: 2000, scheduler: class org.apache.hadoop.ipc.DefaultRpcScheduler, ipcBackoff: false.
2023-05-30 05:51:11,715 [Socket Reader #1 for port 15057] INFO  ipc.Server (Server.java:run(1319)) - Starting Socket Reader #1 for port 15057
2023-05-30 05:51:11,740 [Listener at 127.0.0.1/15057] INFO  impl.MetricsSystemImpl (MetricsSystemImpl.java:init(158)) - OzoneManager metrics system started (again)
2023-05-30 05:51:11,752 [Listener at 127.0.0.1/15057] INFO  om.OzoneManager (OzoneManager.java:start(1621)) - OzoneManager RPC server is listening at localhost/127.0.0.1:15057
2023-05-30 05:51:11,752 [Listener at 127.0.0.1/15057] INFO  ratis.OzoneManagerRatisServer (OzoneManagerRatisServer.java:start(558)) - Starting OzoneManagerRatisServer om1 at port 15060
2023-05-30 05:51:11,753 [om1-impl-thread1] INFO  storage.RaftStorageDirectory (RaftStorageDirectoryImpl.java:analyzeStorage(137)) - The storage directory /home/runner/work/ozone/ozone/hadoop-ozone/integration-test/target/test-dir/MiniOzoneClusterImpl-e48a92f5-15eb-4a1f-8733-fd9493ac7566/ozone-meta/ratis/bf265839-605b-3f16-9796-c5ba1605619e does not exist. Creating ...
2023-05-30 05:51:11,754 [om1-impl-thread1] INFO  storage.RaftStorageDirectory (RaftStorageDirectoryImpl.java:tryLock(231)) - Lock on /home/runner/work/ozone/ozone/hadoop-ozone/integration-test/target/test-dir/MiniOzoneClusterImpl-e48a92f5-15eb-4a1f-8733-fd9493ac7566/ozone-meta/ratis/bf265839-605b-3f16-9796-c5ba1605619e/in_use.lock acquired by nodename 89029@fv-az800-703
2023-05-30 05:51:11,756 [om1-impl-thread1] INFO  storage.RaftStorage (RaftStorageImpl.java:format(96)) - Storage directory /home/runner/work/ozone/ozone/hadoop-ozone/integration-test/target/test-dir/MiniOzoneClusterImpl-e48a92f5-15eb-4a1f-8733-fd9493ac7566/ozone-meta/ratis/bf265839-605b-3f16-9796-c5ba1605619e has been successfully formatted.
2023-05-30 05:51:11,756 [om1-impl-thread1] INFO  server.RaftServerConfigKeys (ConfUtils.java:logGet(46)) - raft.server.log.use.memory = false (default)
2023-05-30 05:51:11,756 [om1-impl-thread1] INFO  server.RaftServerConfigKeys (ConfUtils.java:logGet(46)) - raft.server.log.purge.gap = 1000000 (custom)
2023-05-30 05:51:11,756 [om1-impl-thread1] INFO  server.RaftServerConfigKeys (ConfUtils.java:logGet(46)) - raft.server.log.appender.buffer.byte-limit = 33554432 (custom)
2023-05-30 05:51:11,756 [om1-impl-thread1] INFO  server.RaftServerConfigKeys (ConfUtils.java:logGet(46)) - raft.server.log.statemachine.data.read.timeout = 1000ms (default)
2023-05-30 05:51:11,756 [om1-impl-thread1] INFO  server.RaftServerConfigKeys (ConfUtils.java:logGet(46)) - raft.server.log.purge.preservation.log.num = 0 (default)
2023-05-30 05:51:11,756 [om1-impl-thread1] INFO  server.RaftServerConfigKeys (ConfUtils.java:logGet(46)) - raft.server.log.segment.size.max = 4194304 (custom)
2023-05-30 05:51:11,757 [om1-impl-thread1] INFO  server.RaftServerConfigKeys (ConfUtils.java:logGet(46)) - raft.server.log.segment.cache.num.max = 2 (custom)
2023-05-30 05:51:11,757 [om1-impl-thread1] INFO  server.RaftServerConfigKeys (ConfUtils.java:logGet(46)) - raft.server.log.segment.cache.size.max = 200MB (=209715200) (default)
2023-05-30 05:51:11,757 [om1-impl-thread1] INFO  server.RaftServerConfigKeys (ConfUtils.java:logGet(46)) - raft.server.log.appender.buffer.byte-limit = 33554432 (custom)
2023-05-30 05:51:11,757 [om1-impl-thread1] INFO  segmented.SegmentedRaftLogWorker (SegmentedRaftLogWorker.java:<init>(188)) - new om1@group-C5BA1605619E-SegmentedRaftLogWorker for RaftStorageImpl:Storage Directory /home/runner/work/ozone/ozone/hadoop-ozone/integration-test/target/test-dir/MiniOzoneClusterImpl-e48a92f5-15eb-4a1f-8733-fd9493ac7566/ozone-meta/ratis/bf265839-605b-3f16-9796-c5ba1605619e
2023-05-30 05:51:11,757 [om1-impl-thread1] INFO  server.RaftServerConfigKeys (ConfUtils.java:logGet(46)) - raft.server.log.queue.byte-limit = 64MB (=67108864) (default)
2023-05-30 05:51:11,757 [om1-impl-thread1] INFO  server.RaftServerConfigKeys (ConfUtils.java:logGet(46)) - raft.server.log.queue.element-limit = 4096 (default)
2023-05-30 05:51:11,757 [om1-impl-thread1] INFO  server.RaftServerConfigKeys (ConfUtils.java:logGet(46)) - raft.server.log.segment.size.max = 4194304 (custom)
2023-05-30 05:51:11,757 [om1-impl-thread1] INFO  server.RaftServerConfigKeys (ConfUtils.java:logGet(46)) - raft.server.log.preallocated.size = 4194304 (custom)
2023-05-30 05:51:11,757 [om1-impl-thread1] INFO  server.RaftServerConfigKeys (ConfUtils.java:logGet(46)) - raft.server.log.force.sync.num = 128 (default)
2023-05-30 05:51:11,757 [om1-impl-thread1] INFO  server.RaftServerConfigKeys (ConfUtils.java:logGet(46)) - raft.server.log.statemachine.data.sync = true (default)
2023-05-30 05:51:11,757 [om1-impl-thread1] INFO  server.RaftServerConfigKeys (ConfUtils.java:logGet(46)) - raft.server.log.statemachine.data.sync.timeout = 10s (default)
2023-05-30 05:51:11,757 [om1-impl-thread1] INFO  server.RaftServerConfigKeys (ConfUtils.java:logGet(46)) - raft.server.log.statemachine.data.sync.timeout.retry = -1 (default)
2023-05-30 05:51:11,758 [om1-impl-thread1] INFO  server.RaftServerConfigKeys (ConfUtils.java:logGet(46)) - raft.server.log.write.buffer.size = 64KB (=65536) (default)
2023-05-30 05:51:11,758 [om1-impl-thread1] INFO  server.RaftServerConfigKeys (ConfUtils.java:logGet(46)) - raft.server.log.appender.buffer.byte-limit = 33554432 (custom)
2023-05-30 05:51:11,763 [om1-impl-thread1] INFO  server.RaftServerConfigKeys (ConfUtils.java:logGet(46)) - raft.server.log.unsafe-flush.enabled = false (default)
2023-05-30 05:51:11,764 [om1-impl-thread1] INFO  server.RaftServerConfigKeys (ConfUtils.java:logGet(46)) - raft.server.log.async-flush.enabled = false (default)
2023-05-30 05:51:11,764 [om1-impl-thread1] INFO  server.RaftServerConfigKeys (ConfUtils.java:logGet(46)) - raft.server.log.statemachine.data.caching.enabled = false (default)
2023-05-30 05:51:11,764 [om1-impl-thread1] INFO  segmented.SegmentedRaftLogWorker (SegmentedRaftLogWorker.java:lambda$new$0(135)) - om1@group-C5BA1605619E-SegmentedRaftLogWorker: flushIndex: setUnconditionally 0 -> -1
2023-05-30 05:51:11,764 [om1-impl-thread1] INFO  segmented.SegmentedRaftLogWorker (SegmentedRaftLogWorker.java:lambda$new$0(135)) - om1@group-C5BA1605619E-SegmentedRaftLogWorker: safeCacheEvictIndex: setUnconditionally 0 -> -1
2023-05-30 05:51:11,764 [om1-impl-thread1] INFO  server.RaftServer$Division (RaftServerImpl.java:start(342)) - om1@group-C5BA1605619E: start as a follower, conf=-1: peers:[om1|rpc:localhost:15060|priority:0|startupRole:FOLLOWER]|listeners:[], old=null
2023-05-30 05:51:11,764 [om1-impl-thread1] INFO  server.RaftServer$Division (RaftServerImpl.java:setRole(329)) - om1@group-C5BA1605619E: changes role from      null to FOLLOWER at term 0 for startAsFollower
2023-05-30 05:51:11,764 [om1-impl-thread1] INFO  impl.RoleInfo (RoleInfo.java:updateAndGet(139)) - om1: start om1@group-C5BA1605619E-FollowerState
2023-05-30 05:51:11,765 [om1@group-C5BA1605619E-FollowerState] INFO  server.RaftServerConfigKeys (ConfUtils.java:logFallback(53)) - raft.server.rpc.first-election.timeout.min = 1s (fallback to raft.server.rpc.timeout.min)
2023-05-30 05:51:11,765 [om1-impl-thread1] INFO  util.JmxRegister (JmxRegister.java:tryRegister(44)) - Successfully registered JMX Bean with object name Ratis:service=RaftServer,group=group-C5BA1605619E,id=om1
2023-05-30 05:51:11,765 [om1@group-C5BA1605619E-FollowerState] INFO  server.RaftServerConfigKeys (ConfUtils.java:logFallback(53)) - raft.server.rpc.first-election.timeout.max = 1200ms (fallback to raft.server.rpc.timeout.max)
2023-05-30 05:51:11,765 [om1-impl-thread1] INFO  server.RaftServerConfigKeys (ConfUtils.java:logGet(46)) - raft.server.snapshot.auto.trigger.enabled = true (custom)
2023-05-30 05:51:11,765 [om1-impl-thread1] INFO  server.RaftServerConfigKeys (ConfUtils.java:logGet(46)) - raft.server.snapshot.auto.trigger.threshold = 400000 (default)
2023-05-30 05:51:11,765 [om1-impl-thread1] INFO  server.RaftServerConfigKeys (ConfUtils.java:logGet(46)) - raft.server.snapshot.retention.file.num = -1 (default)
2023-05-30 05:51:11,765 [om1-impl-thread1] INFO  server.RaftServerConfigKeys (ConfUtils.java:logGet(46)) - raft.server.log.purge.upto.snapshot.index = true (custom)
2023-05-30 05:51:11,766 [Listener at 127.0.0.1/15057] INFO  server.RaftServer (RaftServerProxy.java:startImpl(400)) - om1: start RPC server
2023-05-30 05:51:11,767 [Listener at 127.0.0.1/15057] INFO  server.GrpcService (GrpcService.java:startImpl(302)) - om1: GrpcService started, listening on 15060
2023-05-30 05:51:11,768 [JvmPauseMonitor6] INFO  util.JvmPauseMonitor (JvmPauseMonitor.java:run(103)) - JvmPauseMonitor-om1: Started
2023-05-30 05:51:11,768 [Listener at 127.0.0.1/15057] INFO  om.OzoneManager (OzoneManager.java:start(1637)) - Version File has different layout version (4) than OM DB (null). That is expected if this OM has never been finalized to a newer layout version.
2023-05-30 05:51:11,773 [Listener at 127.0.0.1/15057] INFO  http.BaseHttpServer (BaseHttpServer.java:newHttpServer2BuilderForOzone(224)) - Starting Web-server for ozoneManager at: http://0.0.0.0:15058
2023-05-30 05:51:11,773 [Listener at 127.0.0.1/15057] INFO  http.BaseHttpServer (BaseHttpServer.java:<init>(111)) - Hadoop Security Enabled: false Ozone Security Enabled: false Ozone HTTP Security Enabled: false 
2023-05-30 05:51:11,774 [Listener at 127.0.0.1/15057] WARN  server.AuthenticationFilter (AuthenticationFilter.java:constructSecretProvider(240)) - Unable to initialize FileSignerSecretProvider, falling back to use random secrets. Reason: Could not read signature secret file: /home/runner/hadoop-http-auth-signature-secret
2023-05-30 05:51:11,775 [Listener at 127.0.0.1/15057] INFO  http.HttpRequestLog (HttpRequestLog.java:getRequestLog(86)) - Http request log for http.requests.ozoneManager is not defined
2023-05-30 05:51:11,776 [Listener at 127.0.0.1/15057] INFO  http.HttpServer2 (HttpServer2.java:addGlobalFilter(1031)) - Added global filter 'safety' (class=org.apache.hadoop.hdds.server.http.HttpServer2$QuotingInputFilter)
2023-05-30 05:51:11,777 [Listener at 127.0.0.1/15057] INFO  http.HttpServer2 (HttpServer2.java:addFilter(1007)) - Added filter static_user_filter (class=org.apache.hadoop.http.lib.StaticUserWebFilter$StaticUserFilter) to context ozoneManager
2023-05-30 05:51:11,777 [Listener at 127.0.0.1/15057] INFO  http.HttpServer2 (HttpServer2.java:addFilter(1015)) - Added filter static_user_filter (class=org.apache.hadoop.http.lib.StaticUserWebFilter$StaticUserFilter) to context static
2023-05-30 05:51:11,777 [Listener at 127.0.0.1/15057] INFO  http.HttpServer2 (HttpServer2.java:addFilter(1015)) - Added filter static_user_filter (class=org.apache.hadoop.http.lib.StaticUserWebFilter$StaticUserFilter) to context logs
2023-05-30 05:51:11,778 [Listener at 127.0.0.1/15057] INFO  http.BaseHttpServer (BaseHttpServer.java:<init>(190)) - HTTP server of ozoneManager uses base directory /home/runner/work/ozone/ozone/hadoop-ozone/integration-test/target/test-dir/MiniOzoneClusterImpl-e48a92f5-15eb-4a1f-8733-fd9493ac7566/ozone-meta/webserver
2023-05-30 05:51:11,778 [Listener at 127.0.0.1/15057] INFO  http.HttpServer2 (HttpServer2.java:bindListener(1250)) - Jetty bound to port 15058
2023-05-30 05:51:11,778 [Listener at 127.0.0.1/15057] INFO  server.Server (Server.java:doStart(375)) - jetty-9.4.51.v20230217; built: 2023-02-17T08:19:37.309Z; git: b45c405e4544384de066f814ed42ae3dceacdd49; jvm 1.8.0_362-b09
2023-05-30 05:51:11,780 [Listener at 127.0.0.1/15057] INFO  server.session (DefaultSessionIdManager.java:doStart(334)) - DefaultSessionIdManager workerName=node0
2023-05-30 05:51:11,780 [Listener at 127.0.0.1/15057] INFO  server.session (DefaultSessionIdManager.java:doStart(339)) - No SessionScavenger set, using defaults
2023-05-30 05:51:11,780 [Listener at 127.0.0.1/15057] INFO  server.session (HouseKeeper.java:startScavenging(132)) - node0 Scavenging every 660000ms
2023-05-30 05:51:11,781 [Listener at 127.0.0.1/15057] INFO  handler.ContextHandler (ContextHandler.java:doStart(921)) - Started o.e.j.s.ServletContextHandler@5f95e589{logs,/logs,file:///home/runner/work/ozone/ozone/hadoop-ozone/integration-test/target/log,AVAILABLE}
2023-05-30 05:51:11,782 [Listener at 127.0.0.1/15057] INFO  handler.ContextHandler (ContextHandler.java:doStart(921)) - Started o.e.j.s.ServletContextHandler@631130cb{static,/static,file:///home/runner/work/ozone/ozone/hadoop-ozone/integration-test/target/test-classes/webapps/static,AVAILABLE}
2023-05-30 05:51:11,785 [Listener at 127.0.0.1/15057] INFO  handler.ContextHandler (ContextHandler.java:doStart(921)) - Started o.e.j.w.WebAppContext@7c8fed20{ozoneManager,/,file:///home/runner/work/ozone/ozone/hadoop-ozone/integration-test/target/test-classes/webapps/ozoneManager/,AVAILABLE}{file:/home/runner/work/ozone/ozone/hadoop-ozone/integration-test/target/test-classes/webapps/ozoneManager}
2023-05-30 05:51:11,786 [Listener at 127.0.0.1/15057] INFO  server.AbstractConnector (AbstractConnector.java:doStart(333)) - Started ServerConnector@5f1f24e3{HTTP/1.1, (http/1.1)}{0.0.0.0:15058}
2023-05-30 05:51:11,786 [Listener at 127.0.0.1/15057] INFO  server.Server (Server.java:doStart(415)) - Started @35026ms
2023-05-30 05:51:11,786 [Listener at 127.0.0.1/15057] WARN  impl.MetricsSystemImpl (MetricsSystemImpl.java:register(279)) - Sink prometheus already exists!
2023-05-30 05:51:11,787 [Listener at 127.0.0.1/15057] INFO  http.BaseHttpServer (BaseHttpServer.java:updateConnectorAddress(344)) - HTTP server of ozoneManager listening at http://0.0.0.0:15058
2023-05-30 05:51:11,787 [IPC Server Responder] INFO  ipc.Server (Server.java:run(1558)) - IPC Server Responder: starting
2023-05-30 05:51:11,788 [IPC Server listener on 15057] INFO  ipc.Server (Server.java:run(1398)) - IPC Server listener on 15057: starting
2023-05-30 05:51:11,789 [Listener at 127.0.0.1/15057] INFO  om.OzoneManager (OzoneManager.java:startTrashEmptier(2097)) - Trash Interval set to 0. Files deleted won't move to trash
2023-05-30 05:51:11,796 [org.apache.hadoop.util.JvmPauseMonitor$Monitor@3ea5eb92] INFO  util.JvmPauseMonitor (JvmPauseMonitor.java:run(188)) - Starting JVM pause monitor
2023-05-30 05:51:11,809 [Listener at 127.0.0.1/15057] WARN  impl.MetricRegistriesImpl (MetricRegistriesImpl.java:addReporterRegistration(111)) - New reporters are added after registries were created. Some metrics will be missing from the reporter. Please add reporter before adding any new registry.
2023-05-30 05:51:11,809 [Listener at 127.0.0.1/15057] WARN  impl.MetricRegistriesImpl (MetricRegistriesImpl.java:addReporterRegistration(111)) - New reporters are added after registries were created. Some metrics will be missing from the reporter. Please add reporter before adding any new registry.
2023-05-30 05:51:11,809 [Listener at 127.0.0.1/15057] INFO  impl.MetricsSystemImpl (MetricsSystemImpl.java:init(158)) - HddsDatanode metrics system started (again)
2023-05-30 05:51:11,823 [Listener at 127.0.0.1/15057] INFO  ozone.HddsDatanodeService (HddsDatanodeService.java:start(264)) - HddsDatanodeService host:fv-az800-703 ip:10.1.0.18
2023-05-30 05:51:11,854 [Listener at 127.0.0.1/15057] INFO  upgrade.AbstractLayoutVersionManager (AbstractLayoutVersionManager.java:init(83)) - Initializing Layout version manager with metadata layout = HADOOP_PRC_PORTS_IN_DATANODEDETAILS (version = 7), software layout = HADOOP_PRC_PORTS_IN_DATANODEDETAILS (version = 7)
2023-05-30 05:51:11,854 [Listener at 127.0.0.1/15057] INFO  statemachine.DatanodeStateMachine (DatanodeStateMachine.java:getEndPointTaskThreadPoolSize(275)) - Datanode State Machine Task Thread Pool size 2
2023-05-30 05:51:11,860 [Listener at 127.0.0.1/15057] INFO  volume.HddsVolume (HddsVolume.java:<init>(130)) - Creating HddsVolume: /home/runner/work/ozone/ozone/hadoop-ozone/integration-test/target/test-dir/MiniOzoneClusterImpl-e48a92f5-15eb-4a1f-8733-fd9493ac7566/datanode-0/data-0/containers/hdds of storage type : DISK capacity : 9223372036854775807
2023-05-30 05:51:11,860 [Listener at 127.0.0.1/15057] INFO  volume.MutableVolumeSet (MutableVolumeSet.java:initializeVolumeSet(175)) - Added Volume : /home/runner/work/ozone/ozone/hadoop-ozone/integration-test/target/test-dir/MiniOzoneClusterImpl-e48a92f5-15eb-4a1f-8733-fd9493ac7566/datanode-0/data-0/containers/hdds to VolumeSet
2023-05-30 05:51:11,861 [Listener at 127.0.0.1/15057] INFO  volume.ThrottledAsyncChecker (ThrottledAsyncChecker.java:schedule(141)) - Scheduling a check for /home/runner/work/ozone/ozone/hadoop-ozone/integration-test/target/test-dir/MiniOzoneClusterImpl-e48a92f5-15eb-4a1f-8733-fd9493ac7566/datanode-0/data-0/containers/hdds
2023-05-30 05:51:11,864 [Listener at 127.0.0.1/15057] INFO  volume.StorageVolumeChecker (StorageVolumeChecker.java:checkAllVolumes(202)) - Scheduled health check for volume /home/runner/work/ozone/ozone/hadoop-ozone/integration-test/target/test-dir/MiniOzoneClusterImpl-e48a92f5-15eb-4a1f-8733-fd9493ac7566/datanode-0/data-0/containers/hdds
2023-05-30 05:51:11,878 [Listener at 127.0.0.1/15057] INFO  volume.MutableVolumeSet (MutableVolumeSet.java:initializeVolumeSet(175)) - Added Volume : /home/runner/work/ozone/ozone/hadoop-ozone/integration-test/target/test-dir/MiniOzoneClusterImpl-e48a92f5-15eb-4a1f-8733-fd9493ac7566/datanode-0/data/ratis to VolumeSet
2023-05-30 05:51:11,878 [Listener at 127.0.0.1/15057] INFO  volume.ThrottledAsyncChecker (ThrottledAsyncChecker.java:schedule(141)) - Scheduling a check for /home/runner/work/ozone/ozone/hadoop-ozone/integration-test/target/test-dir/MiniOzoneClusterImpl-e48a92f5-15eb-4a1f-8733-fd9493ac7566/datanode-0/data/ratis
2023-05-30 05:51:11,879 [Listener at 127.0.0.1/15057] INFO  volume.StorageVolumeChecker (StorageVolumeChecker.java:checkAllVolumes(202)) - Scheduled health check for volume /home/runner/work/ozone/ozone/hadoop-ozone/integration-test/target/test-dir/MiniOzoneClusterImpl-e48a92f5-15eb-4a1f-8733-fd9493ac7566/datanode-0/data/ratis
2023-05-30 05:51:11,891 [Thread-798] INFO  ozoneimpl.ContainerReader (ContainerReader.java:readVolume(175)) - Finish verifying containers on volume /home/runner/work/ozone/ozone/hadoop-ozone/integration-test/target/test-dir/MiniOzoneClusterImpl-e48a92f5-15eb-4a1f-8733-fd9493ac7566/datanode-0/data-0/containers/hdds
2023-05-30 05:51:11,891 [Listener at 127.0.0.1/15057] INFO  ozoneimpl.OzoneContainer (OzoneContainer.java:buildContainerSet(303)) - Build ContainerSet costs 0s
2023-05-30 05:51:11,900 [Listener at 127.0.0.1/15057] INFO  server.RaftServer (ConfUtils.java:logGet(46)) - raft.rpc.type = GRPC (default)
2023-05-30 05:51:11,900 [Listener at 127.0.0.1/15057] INFO  grpc.GrpcConfigKeys (ConfUtils.java:logFallback(53)) - raft.grpc.admin.host = null (fallback to raft.grpc.server.host)
2023-05-30 05:51:11,900 [Listener at 127.0.0.1/15057] INFO  grpc.GrpcConfigKeys (ConfUtils.java:logGet(46)) - raft.grpc.admin.port = 15066 (custom)
2023-05-30 05:51:11,900 [Listener at 127.0.0.1/15057] INFO  grpc.GrpcConfigKeys (ConfUtils.java:logFallback(53)) - raft.grpc.client.host = null (fallback to raft.grpc.server.host)
2023-05-30 05:51:11,901 [Listener at 127.0.0.1/15057] INFO  grpc.GrpcConfigKeys (ConfUtils.java:logGet(46)) - raft.grpc.client.port = 15065 (custom)
2023-05-30 05:51:11,901 [Listener at 127.0.0.1/15057] INFO  grpc.GrpcConfigKeys (ConfUtils.java:logGet(46)) - raft.grpc.server.host = null (default)
2023-05-30 05:51:11,901 [Listener at 127.0.0.1/15057] INFO  grpc.GrpcConfigKeys (ConfUtils.java:logGet(46)) - raft.grpc.server.port = 15067 (custom)
2023-05-30 05:51:11,901 [Listener at 127.0.0.1/15057] INFO  server.GrpcService (ConfUtils.java:logGet(46)) - raft.grpc.message.size.max = 32MB (=33554432) (custom)
2023-05-30 05:51:11,901 [Listener at 127.0.0.1/15057] INFO  server.RaftServerConfigKeys (ConfUtils.java:logGet(46)) - raft.server.log.appender.buffer.byte-limit = 33554432 (custom)
2023-05-30 05:51:11,901 [Listener at 127.0.0.1/15057] INFO  server.GrpcService (ConfUtils.java:logGet(46)) - raft.grpc.flow.control.window = 5MB (=5242880) (custom)
2023-05-30 05:51:11,901 [Listener at 127.0.0.1/15057] INFO  server.RaftServerConfigKeys (ConfUtils.java:logGet(46)) - raft.server.rpc.request.timeout = 3000ms (default)
2023-05-30 05:51:11,901 [Listener at 127.0.0.1/15057] INFO  grpc.GrpcConfigKeys (ConfUtils.java:logGet(46)) - raft.grpc.server.heartbeat.channel = true (default)
2023-05-30 05:51:11,901 [Listener at 127.0.0.1/15057] INFO  grpc.GrpcConfigKeys (ConfUtils.java:logGet(46)) - raft.grpc.server.async.request.thread.pool.cached = true (default)
2023-05-30 05:51:11,902 [Listener at 127.0.0.1/15057] INFO  grpc.GrpcConfigKeys (ConfUtils.java:logGet(46)) - raft.grpc.server.async.request.thread.pool.size = 32 (default)
2023-05-30 05:51:11,904 [Listener at 127.0.0.1/15057] INFO  impl.DataStreamServerImpl (ConfUtils.java:logGet(46)) - raft.datastream.type = NETTY (custom)
2023-05-30 05:51:11,905 [Listener at 127.0.0.1/15057] INFO  server.RaftServerConfigKeys (ConfUtils.java:logGet(46)) - raft.server.data-stream.async.request.thread.pool.cached = false (default)
2023-05-30 05:51:11,905 [Listener at 127.0.0.1/15057] INFO  server.RaftServerConfigKeys (ConfUtils.java:logGet(46)) - raft.server.data-stream.async.request.thread.pool.size = 20 (custom)
2023-05-30 05:51:11,905 [Listener at 127.0.0.1/15057] INFO  server.RaftServerConfigKeys (ConfUtils.java:logGet(46)) - raft.server.data-stream.async.write.thread.pool.size = 16 (default)
2023-05-30 05:51:11,905 [Listener at 127.0.0.1/15057] INFO  server.RaftServerConfigKeys (ConfUtils.java:logGet(46)) - raft.server.data-stream.client.pool.size = 10 (default)
2023-05-30 05:51:11,905 [Listener at 127.0.0.1/15057] INFO  netty.NettyConfigKeys$DataStream (ConfUtils.java:logGet(46)) - raft.netty.dataStream.server.use-epoll = false (default)
2023-05-30 05:51:11,905 [Listener at 127.0.0.1/15057] INFO  netty.NettyConfigKeys$DataStream (ConfUtils.java:logGet(46)) - raft.netty.dataStream.server.boss-group.size = 0 (default)
2023-05-30 05:51:11,906 [Listener at 127.0.0.1/15057] INFO  netty.NettyConfigKeys$DataStream (ConfUtils.java:logGet(46)) - raft.netty.dataStream.server.worker-group.size = 0 (default)
2023-05-30 05:51:11,906 [Listener at 127.0.0.1/15057] INFO  netty.NettyConfigKeys$DataStream (ConfUtils.java:logGet(46)) - raft.netty.dataStream.server.tls.conf = null (default)
2023-05-30 05:51:11,906 [Listener at 127.0.0.1/15057] INFO  netty.NettyConfigKeys$DataStream (ConfUtils.java:logGet(46)) - raft.netty.dataStream.host = null (default)
2023-05-30 05:51:11,906 [Listener at 127.0.0.1/15057] INFO  netty.NettyConfigKeys$DataStream (ConfUtils.java:logGet(46)) - raft.netty.dataStream.port = 15068 (custom)
2023-05-30 05:51:11,907 [Listener at 127.0.0.1/15057] INFO  server.RaftServerConfigKeys (ConfUtils.java:logGet(46)) - raft.server.threadpool.proxy.cached = true (default)
2023-05-30 05:51:11,908 [5f0a7a0d-379d-465b-874e-1eefeb5ab37a-NettyServerStreamRpc-bossGroup--thread1] INFO  logging.LoggingHandler (AbstractInternalLogger.java:log(148)) - [id: 0xf10f3be0] REGISTERED
2023-05-30 05:51:11,908 [5f0a7a0d-379d-465b-874e-1eefeb5ab37a-NettyServerStreamRpc-bossGroup--thread1] INFO  logging.LoggingHandler (AbstractInternalLogger.java:log(148)) - [id: 0xf10f3be0] BIND: 0.0.0.0/0.0.0.0:15068
2023-05-30 05:51:11,908 [5f0a7a0d-379d-465b-874e-1eefeb5ab37a-NettyServerStreamRpc-bossGroup--thread1] INFO  logging.LoggingHandler (AbstractInternalLogger.java:log(148)) - [id: 0xf10f3be0, L:/0:0:0:0:0:0:0:0:15068] ACTIVE
2023-05-30 05:51:11,908 [Listener at 127.0.0.1/15057] INFO  server.RaftServerConfigKeys (ConfUtils.java:logGet(46)) - raft.server.threadpool.proxy.size = 0 (default)
2023-05-30 05:51:11,908 [Listener at 127.0.0.1/15057] INFO  server.RaftServerConfigKeys (ConfUtils.java:logGet(46)) - raft.server.rpc.slowness.timeout = 300000ms (custom)
2023-05-30 05:51:11,908 [Listener at 127.0.0.1/15057] INFO  server.RaftServerConfigKeys (ConfUtils.java:logGet(46)) - raft.server.leaderelection.leader.step-down.wait-time = 10s (default)
2023-05-30 05:51:11,909 [Listener at 127.0.0.1/15057] INFO  server.RaftServerConfigKeys (ConfUtils.java:logGet(46)) - raft.server.storage.dir = [/home/runner/work/ozone/ozone/hadoop-ozone/integration-test/target/test-dir/MiniOzoneClusterImpl-e48a92f5-15eb-4a1f-8733-fd9493ac7566/datanode-0/data/ratis] (custom)
2023-05-30 05:51:11,911 [Listener at 127.0.0.1/15057] INFO  server.XceiverServerGrpc (XceiverServerGrpc.java:<init>(132)) - GrpcServer channel type EpollServerSocketChannel
2023-05-30 05:51:11,913 [Listener at 127.0.0.1/15057] INFO  replication.ReplicationSupervisor (ReplicationSupervisor.java:nodeStateUpdated(296)) - Node state updated to IN_SERVICE, scaling executor pool size to 10
2023-05-30 05:51:11,916 [Listener at 127.0.0.1/15057] INFO  http.BaseHttpServer (BaseHttpServer.java:newHttpServer2BuilderForOzone(224)) - Starting Web-server for hddsDatanode at: http://0.0.0.0:15062
2023-05-30 05:51:11,917 [Listener at 127.0.0.1/15057] INFO  http.BaseHttpServer (BaseHttpServer.java:<init>(111)) - Hadoop Security Enabled: false Ozone Security Enabled: false Ozone HTTP Security Enabled: false 
2023-05-30 05:51:11,922 [Listener at 127.0.0.1/15057] WARN  server.AuthenticationFilter (AuthenticationFilter.java:constructSecretProvider(240)) - Unable to initialize FileSignerSecretProvider, falling back to use random secrets. Reason: Could not read signature secret file: /home/runner/hadoop-http-auth-signature-secret
2023-05-30 05:51:11,926 [Listener at 127.0.0.1/15057] INFO  http.HttpRequestLog (HttpRequestLog.java:getRequestLog(86)) - Http request log for http.requests.hddsDatanode is not defined
2023-05-30 05:51:11,928 [Listener at 127.0.0.1/15057] INFO  http.HttpServer2 (HttpServer2.java:addGlobalFilter(1031)) - Added global filter 'safety' (class=org.apache.hadoop.hdds.server.http.HttpServer2$QuotingInputFilter)
2023-05-30 05:51:11,931 [Listener at 127.0.0.1/15057] INFO  http.HttpServer2 (HttpServer2.java:addFilter(1007)) - Added filter static_user_filter (class=org.apache.hadoop.http.lib.StaticUserWebFilter$StaticUserFilter) to context hddsDatanode
2023-05-30 05:51:11,931 [Listener at 127.0.0.1/15057] INFO  http.HttpServer2 (HttpServer2.java:addFilter(1015)) - Added filter static_user_filter (class=org.apache.hadoop.http.lib.StaticUserWebFilter$StaticUserFilter) to context logs
2023-05-30 05:51:11,931 [Listener at 127.0.0.1/15057] INFO  http.HttpServer2 (HttpServer2.java:addFilter(1015)) - Added filter static_user_filter (class=org.apache.hadoop.http.lib.StaticUserWebFilter$StaticUserFilter) to context static
2023-05-30 05:51:11,932 [Listener at 127.0.0.1/15057] INFO  http.BaseHttpServer (BaseHttpServer.java:<init>(190)) - HTTP server of hddsDatanode uses base directory /home/runner/work/ozone/ozone/hadoop-ozone/integration-test/target/test-dir/MiniOzoneClusterImpl-e48a92f5-15eb-4a1f-8733-fd9493ac7566/datanode-0/meta/webserver
2023-05-30 05:51:11,932 [Listener at 127.0.0.1/15057] INFO  http.HttpServer2 (HttpServer2.java:bindListener(1250)) - Jetty bound to port 15062
2023-05-30 05:51:11,932 [Listener at 127.0.0.1/15057] INFO  server.Server (Server.java:doStart(375)) - jetty-9.4.51.v20230217; built: 2023-02-17T08:19:37.309Z; git: b45c405e4544384de066f814ed42ae3dceacdd49; jvm 1.8.0_362-b09
2023-05-30 05:51:11,934 [Listener at 127.0.0.1/15057] INFO  server.session (DefaultSessionIdManager.java:doStart(334)) - DefaultSessionIdManager workerName=node0
2023-05-30 05:51:11,934 [Listener at 127.0.0.1/15057] INFO  server.session (DefaultSessionIdManager.java:doStart(339)) - No SessionScavenger set, using defaults
2023-05-30 05:51:11,934 [Listener at 127.0.0.1/15057] INFO  server.session (HouseKeeper.java:startScavenging(132)) - node0 Scavenging every 660000ms
2023-05-30 05:51:11,935 [Listener at 127.0.0.1/15057] INFO  handler.ContextHandler (ContextHandler.java:doStart(921)) - Started o.e.j.s.ServletContextHandler@329ed0b8{logs,/logs,file:///home/runner/work/ozone/ozone/hadoop-ozone/integration-test/target/log,AVAILABLE}
2023-05-30 05:51:11,935 [Listener at 127.0.0.1/15057] INFO  handler.ContextHandler (ContextHandler.java:doStart(921)) - Started o.e.j.s.ServletContextHandler@1179a963{static,/static,jar:file:/home/runner/.m2/repository/org/apache/ozone/hdds-container-service/1.4.0-SNAPSHOT/hdds-container-service-1.4.0-SNAPSHOT.jar!/webapps/static,AVAILABLE}
2023-05-30 05:51:12,164 [Listener at 127.0.0.1/15057] INFO  handler.ContextHandler (ContextHandler.java:doStart(921)) - Started o.e.j.w.WebAppContext@6b462f42{hddsDatanode,/,file:///home/runner/work/ozone/ozone/hadoop-ozone/integration-test/target/test-dir/MiniOzoneClusterImpl-e48a92f5-15eb-4a1f-8733-fd9493ac7566/datanode-0/meta/webserver/jetty-0_0_0_0-15062-hdds-container-service-1_4_0-SNAPSHOT_jar-_-any-8925358563207332411/webapp/,AVAILABLE}{jar:file:/home/runner/.m2/repository/org/apache/ozone/hdds-container-service/1.4.0-SNAPSHOT/hdds-container-service-1.4.0-SNAPSHOT.jar!/webapps/hddsDatanode}
2023-05-30 05:51:12,166 [Listener at 127.0.0.1/15057] INFO  server.AbstractConnector (AbstractConnector.java:doStart(333)) - Started ServerConnector@5ff58a7{HTTP/1.1, (http/1.1)}{0.0.0.0:15062}
2023-05-30 05:51:12,166 [Listener at 127.0.0.1/15057] INFO  server.Server (Server.java:doStart(415)) - Started @35405ms
2023-05-30 05:51:12,166 [Listener at 127.0.0.1/15057] WARN  impl.MetricsSystemImpl (MetricsSystemImpl.java:register(279)) - Sink prometheus already exists!
2023-05-30 05:51:12,167 [Listener at 127.0.0.1/15057] INFO  http.BaseHttpServer (BaseHttpServer.java:updateConnectorAddress(344)) - HTTP server of hddsDatanode listening at http://0.0.0.0:15062
2023-05-30 05:51:12,167 [Listener at 127.0.0.1/15057] INFO  ipc.CallQueueManager (CallQueueManager.java:<init>(90)) - Using callQueue: class java.util.concurrent.LinkedBlockingQueue, queueCapacity: 100, scheduler: class org.apache.hadoop.ipc.DefaultRpcScheduler, ipcBackoff: false.
2023-05-30 05:51:12,168 [Socket Reader #1 for port 15063] INFO  ipc.Server (Server.java:run(1319)) - Starting Socket Reader #1 for port 15063
2023-05-30 05:51:12,170 [Listener at 0.0.0.0/15063] INFO  ozone.HddsDatanodeService (HddsDatanodeService.java:start(337)) - Datanode start with admins: [runner]
2023-05-30 05:51:12,170 [Listener at 0.0.0.0/15063] INFO  ozone.HddsDatanodeClientProtocolServer (HddsDatanodeClientProtocolServer.java:start(82)) - RPC server for Client /0.0.0.0:15063
2023-05-30 05:51:12,170 [IPC Server Responder] INFO  ipc.Server (Server.java:run(1558)) - IPC Server Responder: starting
2023-05-30 05:51:12,171 [IPC Server listener on 15063] INFO  ipc.Server (Server.java:run(1398)) - IPC Server listener on 15063: starting
2023-05-30 05:51:12,171 [Listener at 0.0.0.0/15063] WARN  impl.MetricRegistriesImpl (MetricRegistriesImpl.java:addReporterRegistration(111)) - New reporters are added after registries were created. Some metrics will be missing from the reporter. Please add reporter before adding any new registry.
2023-05-30 05:51:12,171 [Listener at 0.0.0.0/15063] WARN  impl.MetricRegistriesImpl (MetricRegistriesImpl.java:addReporterRegistration(111)) - New reporters are added after registries were created. Some metrics will be missing from the reporter. Please add reporter before adding any new registry.
2023-05-30 05:51:12,171 [Listener at 0.0.0.0/15063] INFO  impl.MetricsSystemImpl (MetricsSystemImpl.java:init(158)) - HddsDatanode metrics system started (again)
2023-05-30 05:51:12,181 [Datanode State Machine Daemon Thread] INFO  statemachine.DatanodeStateMachine (DatanodeStateMachine.java:lambda$startDaemon$0(537)) - Ozone container server started.
2023-05-30 05:51:12,189 [org.apache.hadoop.util.JvmPauseMonitor$Monitor@324e55c6] INFO  util.JvmPauseMonitor (JvmPauseMonitor.java:run(188)) - Starting JVM pause monitor
2023-05-30 05:51:12,190 [Listener at 0.0.0.0/15063] INFO  ozone.HddsDatanodeService (HddsDatanodeService.java:start(264)) - HddsDatanodeService host:fv-az800-703 ip:10.1.0.18
2023-05-30 05:51:12,196 [Datanode State Machine Task Thread - 0] INFO  datanode.InitDatanodeState (InitDatanodeState.java:persistContainerDatanodeDetails(138)) - DatanodeDetails is persisted to /home/runner/work/ozone/ozone/hadoop-ozone/integration-test/target/test-dir/MiniOzoneClusterImpl-e48a92f5-15eb-4a1f-8733-fd9493ac7566/datanode-0/meta/datanode.id
2023-05-30 05:51:12,234 [Listener at 0.0.0.0/15063] INFO  upgrade.AbstractLayoutVersionManager (AbstractLayoutVersionManager.java:init(83)) - Initializing Layout version manager with metadata layout = HADOOP_PRC_PORTS_IN_DATANODEDETAILS (version = 7), software layout = HADOOP_PRC_PORTS_IN_DATANODEDETAILS (version = 7)
2023-05-30 05:51:12,235 [Listener at 0.0.0.0/15063] INFO  statemachine.DatanodeStateMachine (DatanodeStateMachine.java:getEndPointTaskThreadPoolSize(275)) - Datanode State Machine Task Thread Pool size 2
2023-05-30 05:51:12,237 [Listener at 0.0.0.0/15063] INFO  volume.HddsVolume (HddsVolume.java:<init>(130)) - Creating HddsVolume: /home/runner/work/ozone/ozone/hadoop-ozone/integration-test/target/test-dir/MiniOzoneClusterImpl-e48a92f5-15eb-4a1f-8733-fd9493ac7566/datanode-1/data-0/containers/hdds of storage type : DISK capacity : 9223372036854775807
2023-05-30 05:51:12,237 [Listener at 0.0.0.0/15063] INFO  volume.MutableVolumeSet (MutableVolumeSet.java:initializeVolumeSet(175)) - Added Volume : /home/runner/work/ozone/ozone/hadoop-ozone/integration-test/target/test-dir/MiniOzoneClusterImpl-e48a92f5-15eb-4a1f-8733-fd9493ac7566/datanode-1/data-0/containers/hdds to VolumeSet
2023-05-30 05:51:12,237 [Listener at 0.0.0.0/15063] INFO  volume.ThrottledAsyncChecker (ThrottledAsyncChecker.java:schedule(141)) - Scheduling a check for /home/runner/work/ozone/ozone/hadoop-ozone/integration-test/target/test-dir/MiniOzoneClusterImpl-e48a92f5-15eb-4a1f-8733-fd9493ac7566/datanode-1/data-0/containers/hdds
2023-05-30 05:51:12,243 [Listener at 0.0.0.0/15063] INFO  volume.StorageVolumeChecker (StorageVolumeChecker.java:checkAllVolumes(202)) - Scheduled health check for volume /home/runner/work/ozone/ozone/hadoop-ozone/integration-test/target/test-dir/MiniOzoneClusterImpl-e48a92f5-15eb-4a1f-8733-fd9493ac7566/datanode-1/data-0/containers/hdds
2023-05-30 05:51:12,256 [Listener at 0.0.0.0/15063] INFO  volume.MutableVolumeSet (MutableVolumeSet.java:initializeVolumeSet(175)) - Added Volume : /home/runner/work/ozone/ozone/hadoop-ozone/integration-test/target/test-dir/MiniOzoneClusterImpl-e48a92f5-15eb-4a1f-8733-fd9493ac7566/datanode-1/data/ratis to VolumeSet
2023-05-30 05:51:12,257 [Listener at 0.0.0.0/15063] INFO  volume.ThrottledAsyncChecker (ThrottledAsyncChecker.java:schedule(141)) - Scheduling a check for /home/runner/work/ozone/ozone/hadoop-ozone/integration-test/target/test-dir/MiniOzoneClusterImpl-e48a92f5-15eb-4a1f-8733-fd9493ac7566/datanode-1/data/ratis
2023-05-30 05:51:12,257 [Listener at 0.0.0.0/15063] INFO  volume.StorageVolumeChecker (StorageVolumeChecker.java:checkAllVolumes(202)) - Scheduled health check for volume /home/runner/work/ozone/ozone/hadoop-ozone/integration-test/target/test-dir/MiniOzoneClusterImpl-e48a92f5-15eb-4a1f-8733-fd9493ac7566/datanode-1/data/ratis
2023-05-30 05:51:12,270 [Thread-816] INFO  ozoneimpl.ContainerReader (ContainerReader.java:readVolume(175)) - Finish verifying containers on volume /home/runner/work/ozone/ozone/hadoop-ozone/integration-test/target/test-dir/MiniOzoneClusterImpl-e48a92f5-15eb-4a1f-8733-fd9493ac7566/datanode-1/data-0/containers/hdds
2023-05-30 05:51:12,270 [Listener at 0.0.0.0/15063] INFO  ozoneimpl.OzoneContainer (OzoneContainer.java:buildContainerSet(303)) - Build ContainerSet costs 0s
2023-05-30 05:51:12,272 [Listener at 0.0.0.0/15063] INFO  server.RaftServer (ConfUtils.java:logGet(46)) - raft.rpc.type = GRPC (default)
2023-05-30 05:51:12,272 [Listener at 0.0.0.0/15063] INFO  grpc.GrpcConfigKeys (ConfUtils.java:logFallback(53)) - raft.grpc.admin.host = null (fallback to raft.grpc.server.host)
2023-05-30 05:51:12,273 [Listener at 0.0.0.0/15063] INFO  grpc.GrpcConfigKeys (ConfUtils.java:logGet(46)) - raft.grpc.admin.port = 15075 (custom)
2023-05-30 05:51:12,273 [Listener at 0.0.0.0/15063] INFO  grpc.GrpcConfigKeys (ConfUtils.java:logFallback(53)) - raft.grpc.client.host = null (fallback to raft.grpc.server.host)
2023-05-30 05:51:12,273 [Listener at 0.0.0.0/15063] INFO  grpc.GrpcConfigKeys (ConfUtils.java:logGet(46)) - raft.grpc.client.port = 15074 (custom)
2023-05-30 05:51:12,273 [Listener at 0.0.0.0/15063] INFO  grpc.GrpcConfigKeys (ConfUtils.java:logGet(46)) - raft.grpc.server.host = null (default)
2023-05-30 05:51:12,273 [Listener at 0.0.0.0/15063] INFO  grpc.GrpcConfigKeys (ConfUtils.java:logGet(46)) - raft.grpc.server.port = 15076 (custom)
2023-05-30 05:51:12,273 [Listener at 0.0.0.0/15063] INFO  server.GrpcService (ConfUtils.java:logGet(46)) - raft.grpc.message.size.max = 32MB (=33554432) (custom)
2023-05-30 05:51:12,273 [Listener at 0.0.0.0/15063] INFO  server.RaftServerConfigKeys (ConfUtils.java:logGet(46)) - raft.server.log.appender.buffer.byte-limit = 33554432 (custom)
2023-05-30 05:51:12,273 [Listener at 0.0.0.0/15063] INFO  server.GrpcService (ConfUtils.java:logGet(46)) - raft.grpc.flow.control.window = 5MB (=5242880) (custom)
2023-05-30 05:51:12,274 [Listener at 0.0.0.0/15063] INFO  server.RaftServerConfigKeys (ConfUtils.java:logGet(46)) - raft.server.rpc.request.timeout = 3000ms (default)
2023-05-30 05:51:12,274 [Listener at 0.0.0.0/15063] INFO  grpc.GrpcConfigKeys (ConfUtils.java:logGet(46)) - raft.grpc.server.heartbeat.channel = true (default)
2023-05-30 05:51:12,274 [Listener at 0.0.0.0/15063] INFO  grpc.GrpcConfigKeys (ConfUtils.java:logGet(46)) - raft.grpc.server.async.request.thread.pool.cached = true (default)
2023-05-30 05:51:12,274 [Listener at 0.0.0.0/15063] INFO  grpc.GrpcConfigKeys (ConfUtils.java:logGet(46)) - raft.grpc.server.async.request.thread.pool.size = 32 (default)
2023-05-30 05:51:12,276 [Listener at 0.0.0.0/15063] INFO  impl.DataStreamServerImpl (ConfUtils.java:logGet(46)) - raft.datastream.type = NETTY (custom)
2023-05-30 05:51:12,277 [Listener at 0.0.0.0/15063] INFO  server.RaftServerConfigKeys (ConfUtils.java:logGet(46)) - raft.server.data-stream.async.request.thread.pool.cached = false (default)
2023-05-30 05:51:12,277 [Listener at 0.0.0.0/15063] INFO  server.RaftServerConfigKeys (ConfUtils.java:logGet(46)) - raft.server.data-stream.async.request.thread.pool.size = 20 (custom)
2023-05-30 05:51:12,277 [Listener at 0.0.0.0/15063] INFO  server.RaftServerConfigKeys (ConfUtils.java:logGet(46)) - raft.server.data-stream.async.write.thread.pool.size = 16 (default)
2023-05-30 05:51:12,277 [Listener at 0.0.0.0/15063] INFO  server.RaftServerConfigKeys (ConfUtils.java:logGet(46)) - raft.server.data-stream.client.pool.size = 10 (default)
2023-05-30 05:51:12,278 [Listener at 0.0.0.0/15063] INFO  netty.NettyConfigKeys$DataStream (ConfUtils.java:logGet(46)) - raft.netty.dataStream.server.use-epoll = false (default)
2023-05-30 05:51:12,278 [Listener at 0.0.0.0/15063] INFO  netty.NettyConfigKeys$DataStream (ConfUtils.java:logGet(46)) - raft.netty.dataStream.server.boss-group.size = 0 (default)
2023-05-30 05:51:12,278 [Listener at 0.0.0.0/15063] INFO  netty.NettyConfigKeys$DataStream (ConfUtils.java:logGet(46)) - raft.netty.dataStream.server.worker-group.size = 0 (default)
2023-05-30 05:51:12,278 [Listener at 0.0.0.0/15063] INFO  netty.NettyConfigKeys$DataStream (ConfUtils.java:logGet(46)) - raft.netty.dataStream.server.tls.conf = null (default)
2023-05-30 05:51:12,279 [Listener at 0.0.0.0/15063] INFO  netty.NettyConfigKeys$DataStream (ConfUtils.java:logGet(46)) - raft.netty.dataStream.host = null (default)
2023-05-30 05:51:12,279 [Listener at 0.0.0.0/15063] INFO  netty.NettyConfigKeys$DataStream (ConfUtils.java:logGet(46)) - raft.netty.dataStream.port = 15077 (custom)
2023-05-30 05:51:12,279 [Listener at 0.0.0.0/15063] INFO  server.RaftServerConfigKeys (ConfUtils.java:logGet(46)) - raft.server.threadpool.proxy.cached = true (default)
2023-05-30 05:51:12,279 [Listener at 0.0.0.0/15063] INFO  server.RaftServerConfigKeys (ConfUtils.java:logGet(46)) - raft.server.threadpool.proxy.size = 0 (default)
2023-05-30 05:51:12,279 [Listener at 0.0.0.0/15063] INFO  server.RaftServerConfigKeys (ConfUtils.java:logGet(46)) - raft.server.rpc.slowness.timeout = 300000ms (custom)
2023-05-30 05:51:12,280 [Listener at 0.0.0.0/15063] INFO  server.RaftServerConfigKeys (ConfUtils.java:logGet(46)) - raft.server.leaderelection.leader.step-down.wait-time = 10s (default)
2023-05-30 05:51:12,280 [Listener at 0.0.0.0/15063] INFO  server.RaftServerConfigKeys (ConfUtils.java:logGet(46)) - raft.server.storage.dir = [/home/runner/work/ozone/ozone/hadoop-ozone/integration-test/target/test-dir/MiniOzoneClusterImpl-e48a92f5-15eb-4a1f-8733-fd9493ac7566/datanode-1/data/ratis] (custom)
2023-05-30 05:51:12,280 [be966552-930a-4dc9-b164-7221c5e4b48a-NettyServerStreamRpc-bossGroup--thread1] INFO  logging.LoggingHandler (AbstractInternalLogger.java:log(148)) - [id: 0x5b89cf58] REGISTERED
2023-05-30 05:51:12,280 [be966552-930a-4dc9-b164-7221c5e4b48a-NettyServerStreamRpc-bossGroup--thread1] INFO  logging.LoggingHandler (AbstractInternalLogger.java:log(148)) - [id: 0x5b89cf58] BIND: 0.0.0.0/0.0.0.0:15077
2023-05-30 05:51:12,281 [be966552-930a-4dc9-b164-7221c5e4b48a-NettyServerStreamRpc-bossGroup--thread1] INFO  logging.LoggingHandler (AbstractInternalLogger.java:log(148)) - [id: 0x5b89cf58, L:/0:0:0:0:0:0:0:0:15077] ACTIVE
2023-05-30 05:51:12,285 [Listener at 0.0.0.0/15063] INFO  server.XceiverServerGrpc (XceiverServerGrpc.java:<init>(132)) - GrpcServer channel type EpollServerSocketChannel
2023-05-30 05:51:12,287 [Listener at 0.0.0.0/15063] INFO  replication.ReplicationSupervisor (ReplicationSupervisor.java:nodeStateUpdated(296)) - Node state updated to IN_SERVICE, scaling executor pool size to 10
2023-05-30 05:51:12,289 [Listener at 0.0.0.0/15063] INFO  http.BaseHttpServer (BaseHttpServer.java:newHttpServer2BuilderForOzone(224)) - Starting Web-server for hddsDatanode at: http://0.0.0.0:15071
2023-05-30 05:51:12,289 [Listener at 0.0.0.0/15063] INFO  http.BaseHttpServer (BaseHttpServer.java:<init>(111)) - Hadoop Security Enabled: false Ozone Security Enabled: false Ozone HTTP Security Enabled: false 
2023-05-30 05:51:12,290 [Listener at 0.0.0.0/15063] WARN  server.AuthenticationFilter (AuthenticationFilter.java:constructSecretProvider(240)) - Unable to initialize FileSignerSecretProvider, falling back to use random secrets. Reason: Could not read signature secret file: /home/runner/hadoop-http-auth-signature-secret
2023-05-30 05:51:12,293 [Listener at 0.0.0.0/15063] INFO  http.HttpRequestLog (HttpRequestLog.java:getRequestLog(86)) - Http request log for http.requests.hddsDatanode is not defined
2023-05-30 05:51:12,295 [Listener at 0.0.0.0/15063] INFO  http.HttpServer2 (HttpServer2.java:addGlobalFilter(1031)) - Added global filter 'safety' (class=org.apache.hadoop.hdds.server.http.HttpServer2$QuotingInputFilter)
2023-05-30 05:51:12,296 [Listener at 0.0.0.0/15063] INFO  http.HttpServer2 (HttpServer2.java:addFilter(1007)) - Added filter static_user_filter (class=org.apache.hadoop.http.lib.StaticUserWebFilter$StaticUserFilter) to context hddsDatanode
2023-05-30 05:51:12,297 [Listener at 0.0.0.0/15063] INFO  http.HttpServer2 (HttpServer2.java:addFilter(1015)) - Added filter static_user_filter (class=org.apache.hadoop.http.lib.StaticUserWebFilter$StaticUserFilter) to context static
2023-05-30 05:51:12,297 [Listener at 0.0.0.0/15063] INFO  http.HttpServer2 (HttpServer2.java:addFilter(1015)) - Added filter static_user_filter (class=org.apache.hadoop.http.lib.StaticUserWebFilter$StaticUserFilter) to context logs
2023-05-30 05:51:12,297 [Listener at 0.0.0.0/15063] INFO  http.BaseHttpServer (BaseHttpServer.java:<init>(190)) - HTTP server of hddsDatanode uses base directory /home/runner/work/ozone/ozone/hadoop-ozone/integration-test/target/test-dir/MiniOzoneClusterImpl-e48a92f5-15eb-4a1f-8733-fd9493ac7566/datanode-1/meta/webserver
2023-05-30 05:51:12,298 [Listener at 0.0.0.0/15063] INFO  http.HttpServer2 (HttpServer2.java:bindListener(1250)) - Jetty bound to port 15071
2023-05-30 05:51:12,298 [Listener at 0.0.0.0/15063] INFO  server.Server (Server.java:doStart(375)) - jetty-9.4.51.v20230217; built: 2023-02-17T08:19:37.309Z; git: b45c405e4544384de066f814ed42ae3dceacdd49; jvm 1.8.0_362-b09
2023-05-30 05:51:12,299 [Listener at 0.0.0.0/15063] INFO  server.session (DefaultSessionIdManager.java:doStart(334)) - DefaultSessionIdManager workerName=node0
2023-05-30 05:51:12,299 [Listener at 0.0.0.0/15063] INFO  server.session (DefaultSessionIdManager.java:doStart(339)) - No SessionScavenger set, using defaults
2023-05-30 05:51:12,300 [Listener at 0.0.0.0/15063] INFO  server.session (HouseKeeper.java:startScavenging(132)) - node0 Scavenging every 600000ms
2023-05-30 05:51:12,301 [Listener at 0.0.0.0/15063] INFO  handler.ContextHandler (ContextHandler.java:doStart(921)) - Started o.e.j.s.ServletContextHandler@5408c68d{logs,/logs,file:///home/runner/work/ozone/ozone/hadoop-ozone/integration-test/target/log,AVAILABLE}
2023-05-30 05:51:12,302 [Listener at 0.0.0.0/15063] INFO  handler.ContextHandler (ContextHandler.java:doStart(921)) - Started o.e.j.s.ServletContextHandler@715fceaf{static,/static,jar:file:/home/runner/.m2/repository/org/apache/ozone/hdds-container-service/1.4.0-SNAPSHOT/hdds-container-service-1.4.0-SNAPSHOT.jar!/webapps/static,AVAILABLE}
2023-05-30 05:51:12,525 [Listener at 0.0.0.0/15063] INFO  handler.ContextHandler (ContextHandler.java:doStart(921)) - Started o.e.j.w.WebAppContext@314a5f5a{hddsDatanode,/,file:///home/runner/work/ozone/ozone/hadoop-ozone/integration-test/target/test-dir/MiniOzoneClusterImpl-e48a92f5-15eb-4a1f-8733-fd9493ac7566/datanode-1/meta/webserver/jetty-0_0_0_0-15071-hdds-container-service-1_4_0-SNAPSHOT_jar-_-any-3200854323825868374/webapp/,AVAILABLE}{jar:file:/home/runner/.m2/repository/org/apache/ozone/hdds-container-service/1.4.0-SNAPSHOT/hdds-container-service-1.4.0-SNAPSHOT.jar!/webapps/hddsDatanode}
2023-05-30 05:51:12,527 [Listener at 0.0.0.0/15063] INFO  server.AbstractConnector (AbstractConnector.java:doStart(333)) - Started ServerConnector@4732a9f4{HTTP/1.1, (http/1.1)}{0.0.0.0:15071}
2023-05-30 05:51:12,527 [Listener at 0.0.0.0/15063] INFO  server.Server (Server.java:doStart(415)) - Started @35767ms
2023-05-30 05:51:12,527 [Listener at 0.0.0.0/15063] WARN  impl.MetricsSystemImpl (MetricsSystemImpl.java:register(279)) - Sink prometheus already exists!
2023-05-30 05:51:12,528 [Listener at 0.0.0.0/15063] INFO  http.BaseHttpServer (BaseHttpServer.java:updateConnectorAddress(344)) - HTTP server of hddsDatanode listening at http://0.0.0.0:15071
2023-05-30 05:51:12,528 [Listener at 0.0.0.0/15063] INFO  ipc.CallQueueManager (CallQueueManager.java:<init>(90)) - Using callQueue: class java.util.concurrent.LinkedBlockingQueue, queueCapacity: 100, scheduler: class org.apache.hadoop.ipc.DefaultRpcScheduler, ipcBackoff: false.
2023-05-30 05:51:12,529 [Socket Reader #1 for port 15072] INFO  ipc.Server (Server.java:run(1319)) - Starting Socket Reader #1 for port 15072
2023-05-30 05:51:12,533 [Listener at 0.0.0.0/15072] INFO  ozone.HddsDatanodeService (HddsDatanodeService.java:start(337)) - Datanode start with admins: [runner]
2023-05-30 05:51:12,533 [Listener at 0.0.0.0/15072] INFO  ozone.HddsDatanodeClientProtocolServer (HddsDatanodeClientProtocolServer.java:start(82)) - RPC server for Client /0.0.0.0:15072
2023-05-30 05:51:12,533 [IPC Server Responder] INFO  ipc.Server (Server.java:run(1558)) - IPC Server Responder: starting
2023-05-30 05:51:12,534 [IPC Server listener on 15072] INFO  ipc.Server (Server.java:run(1398)) - IPC Server listener on 15072: starting
2023-05-30 05:51:12,535 [Listener at 0.0.0.0/15072] WARN  impl.MetricRegistriesImpl (MetricRegistriesImpl.java:addReporterRegistration(111)) - New reporters are added after registries were created. Some metrics will be missing from the reporter. Please add reporter before adding any new registry.
2023-05-30 05:51:12,535 [Listener at 0.0.0.0/15072] WARN  impl.MetricRegistriesImpl (MetricRegistriesImpl.java:addReporterRegistration(111)) - New reporters are added after registries were created. Some metrics will be missing from the reporter. Please add reporter before adding any new registry.
2023-05-30 05:51:12,535 [Listener at 0.0.0.0/15072] INFO  impl.MetricsSystemImpl (MetricsSystemImpl.java:init(158)) - HddsDatanode metrics system started (again)
2023-05-30 05:51:12,545 [Datanode State Machine Daemon Thread] INFO  statemachine.DatanodeStateMachine (DatanodeStateMachine.java:lambda$startDaemon$0(537)) - Ozone container server started.
2023-05-30 05:51:12,554 [org.apache.hadoop.util.JvmPauseMonitor$Monitor@3d114e6b] INFO  util.JvmPauseMonitor (JvmPauseMonitor.java:run(188)) - Starting JVM pause monitor
2023-05-30 05:51:12,555 [Listener at 0.0.0.0/15072] INFO  ozone.HddsDatanodeService (HddsDatanodeService.java:start(264)) - HddsDatanodeService host:fv-az800-703 ip:10.1.0.18
2023-05-30 05:51:12,559 [Datanode State Machine Task Thread - 0] INFO  datanode.InitDatanodeState (InitDatanodeState.java:persistContainerDatanodeDetails(138)) - DatanodeDetails is persisted to /home/runner/work/ozone/ozone/hadoop-ozone/integration-test/target/test-dir/MiniOzoneClusterImpl-e48a92f5-15eb-4a1f-8733-fd9493ac7566/datanode-1/meta/datanode.id
2023-05-30 05:51:12,586 [Listener at 0.0.0.0/15072] INFO  upgrade.AbstractLayoutVersionManager (AbstractLayoutVersionManager.java:init(83)) - Initializing Layout version manager with metadata layout = HADOOP_PRC_PORTS_IN_DATANODEDETAILS (version = 7), software layout = HADOOP_PRC_PORTS_IN_DATANODEDETAILS (version = 7)
2023-05-30 05:51:12,587 [Listener at 0.0.0.0/15072] INFO  statemachine.DatanodeStateMachine (DatanodeStateMachine.java:getEndPointTaskThreadPoolSize(275)) - Datanode State Machine Task Thread Pool size 2
2023-05-30 05:51:12,589 [Listener at 0.0.0.0/15072] INFO  volume.HddsVolume (HddsVolume.java:<init>(130)) - Creating HddsVolume: /home/runner/work/ozone/ozone/hadoop-ozone/integration-test/target/test-dir/MiniOzoneClusterImpl-e48a92f5-15eb-4a1f-8733-fd9493ac7566/datanode-2/data-0/containers/hdds of storage type : DISK capacity : 9223372036854775807
2023-05-30 05:51:12,589 [Listener at 0.0.0.0/15072] INFO  volume.MutableVolumeSet (MutableVolumeSet.java:initializeVolumeSet(175)) - Added Volume : /home/runner/work/ozone/ozone/hadoop-ozone/integration-test/target/test-dir/MiniOzoneClusterImpl-e48a92f5-15eb-4a1f-8733-fd9493ac7566/datanode-2/data-0/containers/hdds to VolumeSet
2023-05-30 05:51:12,589 [Listener at 0.0.0.0/15072] INFO  volume.ThrottledAsyncChecker (ThrottledAsyncChecker.java:schedule(141)) - Scheduling a check for /home/runner/work/ozone/ozone/hadoop-ozone/integration-test/target/test-dir/MiniOzoneClusterImpl-e48a92f5-15eb-4a1f-8733-fd9493ac7566/datanode-2/data-0/containers/hdds
2023-05-30 05:51:12,590 [Listener at 0.0.0.0/15072] INFO  volume.StorageVolumeChecker (StorageVolumeChecker.java:checkAllVolumes(202)) - Scheduled health check for volume /home/runner/work/ozone/ozone/hadoop-ozone/integration-test/target/test-dir/MiniOzoneClusterImpl-e48a92f5-15eb-4a1f-8733-fd9493ac7566/datanode-2/data-0/containers/hdds
2023-05-30 05:51:12,603 [Listener at 0.0.0.0/15072] INFO  volume.MutableVolumeSet (MutableVolumeSet.java:initializeVolumeSet(175)) - Added Volume : /home/runner/work/ozone/ozone/hadoop-ozone/integration-test/target/test-dir/MiniOzoneClusterImpl-e48a92f5-15eb-4a1f-8733-fd9493ac7566/datanode-2/data/ratis to VolumeSet
2023-05-30 05:51:12,603 [Listener at 0.0.0.0/15072] INFO  volume.ThrottledAsyncChecker (ThrottledAsyncChecker.java:schedule(141)) - Scheduling a check for /home/runner/work/ozone/ozone/hadoop-ozone/integration-test/target/test-dir/MiniOzoneClusterImpl-e48a92f5-15eb-4a1f-8733-fd9493ac7566/datanode-2/data/ratis
2023-05-30 05:51:12,604 [Listener at 0.0.0.0/15072] INFO  volume.StorageVolumeChecker (StorageVolumeChecker.java:checkAllVolumes(202)) - Scheduled health check for volume /home/runner/work/ozone/ozone/hadoop-ozone/integration-test/target/test-dir/MiniOzoneClusterImpl-e48a92f5-15eb-4a1f-8733-fd9493ac7566/datanode-2/data/ratis
2023-05-30 05:51:12,616 [Thread-834] INFO  ozoneimpl.ContainerReader (ContainerReader.java:readVolume(175)) - Finish verifying containers on volume /home/runner/work/ozone/ozone/hadoop-ozone/integration-test/target/test-dir/MiniOzoneClusterImpl-e48a92f5-15eb-4a1f-8733-fd9493ac7566/datanode-2/data-0/containers/hdds
2023-05-30 05:51:12,616 [Listener at 0.0.0.0/15072] INFO  ozoneimpl.OzoneContainer (OzoneContainer.java:buildContainerSet(303)) - Build ContainerSet costs 0s
2023-05-30 05:51:12,619 [Listener at 0.0.0.0/15072] INFO  server.RaftServer (ConfUtils.java:logGet(46)) - raft.rpc.type = GRPC (default)
2023-05-30 05:51:12,619 [Listener at 0.0.0.0/15072] INFO  grpc.GrpcConfigKeys (ConfUtils.java:logFallback(53)) - raft.grpc.admin.host = null (fallback to raft.grpc.server.host)
2023-05-30 05:51:12,619 [Listener at 0.0.0.0/15072] INFO  grpc.GrpcConfigKeys (ConfUtils.java:logGet(46)) - raft.grpc.admin.port = 15084 (custom)
2023-05-30 05:51:12,619 [Listener at 0.0.0.0/15072] INFO  grpc.GrpcConfigKeys (ConfUtils.java:logFallback(53)) - raft.grpc.client.host = null (fallback to raft.grpc.server.host)
2023-05-30 05:51:12,619 [Listener at 0.0.0.0/15072] INFO  grpc.GrpcConfigKeys (ConfUtils.java:logGet(46)) - raft.grpc.client.port = 15083 (custom)
2023-05-30 05:51:12,619 [Listener at 0.0.0.0/15072] INFO  grpc.GrpcConfigKeys (ConfUtils.java:logGet(46)) - raft.grpc.server.host = null (default)
2023-05-30 05:51:12,619 [Listener at 0.0.0.0/15072] INFO  grpc.GrpcConfigKeys (ConfUtils.java:logGet(46)) - raft.grpc.server.port = 15085 (custom)
2023-05-30 05:51:12,620 [Listener at 0.0.0.0/15072] INFO  server.GrpcService (ConfUtils.java:logGet(46)) - raft.grpc.message.size.max = 32MB (=33554432) (custom)
2023-05-30 05:51:12,620 [Listener at 0.0.0.0/15072] INFO  server.RaftServerConfigKeys (ConfUtils.java:logGet(46)) - raft.server.log.appender.buffer.byte-limit = 33554432 (custom)
2023-05-30 05:51:12,620 [Listener at 0.0.0.0/15072] INFO  server.GrpcService (ConfUtils.java:logGet(46)) - raft.grpc.flow.control.window = 5MB (=5242880) (custom)
2023-05-30 05:51:12,620 [Listener at 0.0.0.0/15072] INFO  server.RaftServerConfigKeys (ConfUtils.java:logGet(46)) - raft.server.rpc.request.timeout = 3000ms (default)
2023-05-30 05:51:12,620 [Listener at 0.0.0.0/15072] INFO  grpc.GrpcConfigKeys (ConfUtils.java:logGet(46)) - raft.grpc.server.heartbeat.channel = true (default)
2023-05-30 05:51:12,620 [Listener at 0.0.0.0/15072] INFO  grpc.GrpcConfigKeys (ConfUtils.java:logGet(46)) - raft.grpc.server.async.request.thread.pool.cached = true (default)
2023-05-30 05:51:12,620 [Listener at 0.0.0.0/15072] INFO  grpc.GrpcConfigKeys (ConfUtils.java:logGet(46)) - raft.grpc.server.async.request.thread.pool.size = 32 (default)
2023-05-30 05:51:12,623 [Listener at 0.0.0.0/15072] INFO  impl.DataStreamServerImpl (ConfUtils.java:logGet(46)) - raft.datastream.type = NETTY (custom)
2023-05-30 05:51:12,623 [Listener at 0.0.0.0/15072] INFO  server.RaftServerConfigKeys (ConfUtils.java:logGet(46)) - raft.server.data-stream.async.request.thread.pool.cached = false (default)
2023-05-30 05:51:12,623 [Listener at 0.0.0.0/15072] INFO  server.RaftServerConfigKeys (ConfUtils.java:logGet(46)) - raft.server.data-stream.async.request.thread.pool.size = 20 (custom)
2023-05-30 05:51:12,623 [Listener at 0.0.0.0/15072] INFO  server.RaftServerConfigKeys (ConfUtils.java:logGet(46)) - raft.server.data-stream.async.write.thread.pool.size = 16 (default)
2023-05-30 05:51:12,623 [Listener at 0.0.0.0/15072] INFO  server.RaftServerConfigKeys (ConfUtils.java:logGet(46)) - raft.server.data-stream.client.pool.size = 10 (default)
2023-05-30 05:51:12,623 [Listener at 0.0.0.0/15072] INFO  netty.NettyConfigKeys$DataStream (ConfUtils.java:logGet(46)) - raft.netty.dataStream.server.use-epoll = false (default)
2023-05-30 05:51:12,624 [Listener at 0.0.0.0/15072] INFO  netty.NettyConfigKeys$DataStream (ConfUtils.java:logGet(46)) - raft.netty.dataStream.server.boss-group.size = 0 (default)
2023-05-30 05:51:12,624 [Listener at 0.0.0.0/15072] INFO  netty.NettyConfigKeys$DataStream (ConfUtils.java:logGet(46)) - raft.netty.dataStream.server.worker-group.size = 0 (default)
2023-05-30 05:51:12,624 [Listener at 0.0.0.0/15072] INFO  netty.NettyConfigKeys$DataStream (ConfUtils.java:logGet(46)) - raft.netty.dataStream.server.tls.conf = null (default)
2023-05-30 05:51:12,624 [Listener at 0.0.0.0/15072] INFO  netty.NettyConfigKeys$DataStream (ConfUtils.java:logGet(46)) - raft.netty.dataStream.host = null (default)
2023-05-30 05:51:12,624 [Listener at 0.0.0.0/15072] INFO  netty.NettyConfigKeys$DataStream (ConfUtils.java:logGet(46)) - raft.netty.dataStream.port = 15086 (custom)
2023-05-30 05:51:12,625 [Listener at 0.0.0.0/15072] INFO  server.RaftServerConfigKeys (ConfUtils.java:logGet(46)) - raft.server.threadpool.proxy.cached = true (default)
2023-05-30 05:51:12,625 [Listener at 0.0.0.0/15072] INFO  server.RaftServerConfigKeys (ConfUtils.java:logGet(46)) - raft.server.threadpool.proxy.size = 0 (default)
2023-05-30 05:51:12,625 [86ce2dc3-e244-48ce-a353-aea1892a305a-NettyServerStreamRpc-bossGroup--thread1] INFO  logging.LoggingHandler (AbstractInternalLogger.java:log(148)) - [id: 0x3ca46710] REGISTERED
2023-05-30 05:51:12,625 [Listener at 0.0.0.0/15072] INFO  server.RaftServerConfigKeys (ConfUtils.java:logGet(46)) - raft.server.rpc.slowness.timeout = 300000ms (custom)
2023-05-30 05:51:12,625 [86ce2dc3-e244-48ce-a353-aea1892a305a-NettyServerStreamRpc-bossGroup--thread1] INFO  logging.LoggingHandler (AbstractInternalLogger.java:log(148)) - [id: 0x3ca46710] BIND: 0.0.0.0/0.0.0.0:15086
2023-05-30 05:51:12,626 [Listener at 0.0.0.0/15072] INFO  server.RaftServerConfigKeys (ConfUtils.java:logGet(46)) - raft.server.leaderelection.leader.step-down.wait-time = 10s (default)
2023-05-30 05:51:12,626 [86ce2dc3-e244-48ce-a353-aea1892a305a-NettyServerStreamRpc-bossGroup--thread1] INFO  logging.LoggingHandler (AbstractInternalLogger.java:log(148)) - [id: 0x3ca46710, L:/0:0:0:0:0:0:0:0:15086] ACTIVE
2023-05-30 05:51:12,626 [Listener at 0.0.0.0/15072] INFO  server.RaftServerConfigKeys (ConfUtils.java:logGet(46)) - raft.server.storage.dir = [/home/runner/work/ozone/ozone/hadoop-ozone/integration-test/target/test-dir/MiniOzoneClusterImpl-e48a92f5-15eb-4a1f-8733-fd9493ac7566/datanode-2/data/ratis] (custom)
2023-05-30 05:51:12,627 [Listener at 0.0.0.0/15072] INFO  server.XceiverServerGrpc (XceiverServerGrpc.java:<init>(132)) - GrpcServer channel type EpollServerSocketChannel
2023-05-30 05:51:12,630 [Listener at 0.0.0.0/15072] INFO  replication.ReplicationSupervisor (ReplicationSupervisor.java:nodeStateUpdated(296)) - Node state updated to IN_SERVICE, scaling executor pool size to 10
2023-05-30 05:51:12,632 [Listener at 0.0.0.0/15072] INFO  http.BaseHttpServer (BaseHttpServer.java:newHttpServer2BuilderForOzone(224)) - Starting Web-server for hddsDatanode at: http://0.0.0.0:15080
2023-05-30 05:51:12,632 [Listener at 0.0.0.0/15072] INFO  http.BaseHttpServer (BaseHttpServer.java:<init>(111)) - Hadoop Security Enabled: false Ozone Security Enabled: false Ozone HTTP Security Enabled: false 
2023-05-30 05:51:12,633 [Listener at 0.0.0.0/15072] WARN  server.AuthenticationFilter (AuthenticationFilter.java:constructSecretProvider(240)) - Unable to initialize FileSignerSecretProvider, falling back to use random secrets. Reason: Could not read signature secret file: /home/runner/hadoop-http-auth-signature-secret
2023-05-30 05:51:12,635 [Listener at 0.0.0.0/15072] INFO  http.HttpRequestLog (HttpRequestLog.java:getRequestLog(86)) - Http request log for http.requests.hddsDatanode is not defined
2023-05-30 05:51:12,636 [Listener at 0.0.0.0/15072] INFO  http.HttpServer2 (HttpServer2.java:addGlobalFilter(1031)) - Added global filter 'safety' (class=org.apache.hadoop.hdds.server.http.HttpServer2$QuotingInputFilter)
2023-05-30 05:51:12,637 [Listener at 0.0.0.0/15072] INFO  http.HttpServer2 (HttpServer2.java:addFilter(1007)) - Added filter static_user_filter (class=org.apache.hadoop.http.lib.StaticUserWebFilter$StaticUserFilter) to context hddsDatanode
2023-05-30 05:51:12,637 [Listener at 0.0.0.0/15072] INFO  http.HttpServer2 (HttpServer2.java:addFilter(1015)) - Added filter static_user_filter (class=org.apache.hadoop.http.lib.StaticUserWebFilter$StaticUserFilter) to context static
2023-05-30 05:51:12,637 [Listener at 0.0.0.0/15072] INFO  http.HttpServer2 (HttpServer2.java:addFilter(1015)) - Added filter static_user_filter (class=org.apache.hadoop.http.lib.StaticUserWebFilter$StaticUserFilter) to context logs
2023-05-30 05:51:12,638 [Listener at 0.0.0.0/15072] INFO  http.BaseHttpServer (BaseHttpServer.java:<init>(190)) - HTTP server of hddsDatanode uses base directory /home/runner/work/ozone/ozone/hadoop-ozone/integration-test/target/test-dir/MiniOzoneClusterImpl-e48a92f5-15eb-4a1f-8733-fd9493ac7566/datanode-2/meta/webserver
2023-05-30 05:51:12,638 [Listener at 0.0.0.0/15072] INFO  http.HttpServer2 (HttpServer2.java:bindListener(1250)) - Jetty bound to port 15080
2023-05-30 05:51:12,638 [Listener at 0.0.0.0/15072] INFO  server.Server (Server.java:doStart(375)) - jetty-9.4.51.v20230217; built: 2023-02-17T08:19:37.309Z; git: b45c405e4544384de066f814ed42ae3dceacdd49; jvm 1.8.0_362-b09
2023-05-30 05:51:12,639 [Listener at 0.0.0.0/15072] INFO  server.session (DefaultSessionIdManager.java:doStart(334)) - DefaultSessionIdManager workerName=node0
2023-05-30 05:51:12,639 [Listener at 0.0.0.0/15072] INFO  server.session (DefaultSessionIdManager.java:doStart(339)) - No SessionScavenger set, using defaults
2023-05-30 05:51:12,640 [Listener at 0.0.0.0/15072] INFO  server.session (HouseKeeper.java:startScavenging(132)) - node0 Scavenging every 660000ms
2023-05-30 05:51:12,640 [Listener at 0.0.0.0/15072] INFO  handler.ContextHandler (ContextHandler.java:doStart(921)) - Started o.e.j.s.ServletContextHandler@2a73cd00{logs,/logs,file:///home/runner/work/ozone/ozone/hadoop-ozone/integration-test/target/log,AVAILABLE}
2023-05-30 05:51:12,641 [Listener at 0.0.0.0/15072] INFO  handler.ContextHandler (ContextHandler.java:doStart(921)) - Started o.e.j.s.ServletContextHandler@250db31d{static,/static,jar:file:/home/runner/.m2/repository/org/apache/ozone/hdds-container-service/1.4.0-SNAPSHOT/hdds-container-service-1.4.0-SNAPSHOT.jar!/webapps/static,AVAILABLE}
2023-05-30 05:51:12,863 [om1@group-C5BA1605619E-FollowerState] INFO  impl.FollowerState (FollowerState.java:run(143)) - om1@group-C5BA1605619E-FollowerState: change to CANDIDATE, lastRpcElapsedTime:1098682916ns, electionTimeout:1098ms
2023-05-30 05:51:12,863 [om1@group-C5BA1605619E-FollowerState] INFO  impl.RoleInfo (RoleInfo.java:shutdownFollowerState(110)) - om1: shutdown om1@group-C5BA1605619E-FollowerState
2023-05-30 05:51:12,863 [om1@group-C5BA1605619E-FollowerState] INFO  server.RaftServer$Division (RaftServerImpl.java:setRole(329)) - om1@group-C5BA1605619E: changes role from  FOLLOWER to CANDIDATE at term 0 for changeToCandidate
2023-05-30 05:51:12,864 [om1@group-C5BA1605619E-FollowerState] INFO  server.RaftServerConfigKeys (ConfUtils.java:logGet(46)) - raft.server.leaderelection.pre-vote = true (default)
2023-05-30 05:51:12,864 [om1@group-C5BA1605619E-FollowerState] INFO  impl.RoleInfo (RoleInfo.java:updateAndGet(139)) - om1: start om1@group-C5BA1605619E-LeaderElection11
2023-05-30 05:51:12,867 [om1@group-C5BA1605619E-LeaderElection11] INFO  impl.LeaderElection (LeaderElection.java:askForVotes(321)) - om1@group-C5BA1605619E-LeaderElection11 PRE_VOTE round 0: submit vote requests at term 0 for -1: peers:[om1|rpc:localhost:15060|priority:0|startupRole:FOLLOWER]|listeners:[], old=null
2023-05-30 05:51:12,867 [om1@group-C5BA1605619E-LeaderElection11] INFO  impl.LeaderElection (LeaderElection.java:askForVotes(323)) - om1@group-C5BA1605619E-LeaderElection11 PRE_VOTE round 0: result PASSED (term=0)
2023-05-30 05:51:12,873 [om1@group-C5BA1605619E-LeaderElection11] INFO  impl.LeaderElection (LeaderElection.java:askForVotes(321)) - om1@group-C5BA1605619E-LeaderElection11 ELECTION round 0: submit vote requests at term 1 for -1: peers:[om1|rpc:localhost:15060|priority:0|startupRole:FOLLOWER]|listeners:[], old=null
2023-05-30 05:51:12,873 [om1@group-C5BA1605619E-LeaderElection11] INFO  impl.LeaderElection (LeaderElection.java:askForVotes(323)) - om1@group-C5BA1605619E-LeaderElection11 ELECTION round 0: result PASSED (term=1)
2023-05-30 05:51:12,873 [om1@group-C5BA1605619E-LeaderElection11] INFO  impl.RoleInfo (RoleInfo.java:shutdownLeaderElection(130)) - om1: shutdown om1@group-C5BA1605619E-LeaderElection11
2023-05-30 05:51:12,873 [om1@group-C5BA1605619E-LeaderElection11] INFO  server.RaftServer$Division (RaftServerImpl.java:setRole(329)) - om1@group-C5BA1605619E: changes role from CANDIDATE to LEADER at term 1 for changeToLeader
2023-05-30 05:51:12,875 [om1@group-C5BA1605619E-LeaderElection11] INFO  server.RaftServer$Division (ServerState.java:setLeader(317)) - om1@group-C5BA1605619E: change Leader from null to om1 at term 1 for becomeLeader, leader elected after 1674ms
2023-05-30 05:51:12,875 [om1@group-C5BA1605619E-LeaderElection11] INFO  server.RaftServerConfigKeys (ConfUtils.java:logGet(46)) - raft.server.staging.catchup.gap = 1000 (default)
2023-05-30 05:51:12,876 [om1@group-C5BA1605619E-LeaderElection11] INFO  server.RaftServerConfigKeys (ConfUtils.java:logGet(46)) - raft.server.write.element-limit = 4096 (default)
2023-05-30 05:51:12,876 [om1@group-C5BA1605619E-LeaderElection11] INFO  server.RaftServerConfigKeys (ConfUtils.java:logGet(46)) - raft.server.write.byte-limit = 64MB (=67108864) (default)
2023-05-30 05:51:12,876 [om1@group-C5BA1605619E-LeaderElection11] INFO  server.RaftServerConfigKeys (ConfUtils.java:logGet(46)) - raft.server.watch.timeout = 10s (default)
2023-05-30 05:51:12,876 [om1@group-C5BA1605619E-LeaderElection11] INFO  server.RaftServerConfigKeys (ConfUtils.java:logGet(46)) - raft.server.watch.timeout.denomination = 1s (default)
2023-05-30 05:51:12,876 [om1@group-C5BA1605619E-LeaderElection11] INFO  server.RaftServerConfigKeys (ConfUtils.java:logGet(46)) - raft.server.watch.element-limit = 65536 (default)
2023-05-30 05:51:12,876 [om1@group-C5BA1605619E-LeaderElection11] INFO  server.RaftServerConfigKeys (ConfUtils.java:logGet(46)) - raft.server.write.element-limit = 4096 (default)
2023-05-30 05:51:12,876 [om1@group-C5BA1605619E-LeaderElection11] INFO  server.RaftServerConfigKeys (ConfUtils.java:logGet(46)) - raft.server.write.follower.gap.ratio.max = -1.0 (default)
2023-05-30 05:51:12,878 [om1@group-C5BA1605619E-LeaderElection11] INFO  impl.RoleInfo (RoleInfo.java:updateAndGet(139)) - om1: start om1@group-C5BA1605619E-LeaderStateImpl
2023-05-30 05:51:12,878 [om1@group-C5BA1605619E-LeaderElection11] INFO  segmented.SegmentedRaftLogWorker (SegmentedRaftLogWorker.java:startLogSegment(447)) - om1@group-C5BA1605619E-SegmentedRaftLogWorker: Starting segment from index:0
2023-05-30 05:51:12,886 [om1@group-C5BA1605619E-LeaderElection11] INFO  server.RaftServer$Division (ServerState.java:setRaftConf(434)) - om1@group-C5BA1605619E: set configuration 0: peers:[om1|rpc:localhost:15060|admin:|client:|dataStream:|priority:0|startupRole:FOLLOWER]|listeners:[], old=null
2023-05-30 05:51:12,891 [om1@group-C5BA1605619E-SegmentedRaftLogWorker] INFO  segmented.SegmentedRaftLogWorker (SegmentedRaftLogWorker.java:execute(651)) - om1@group-C5BA1605619E-SegmentedRaftLogWorker: created new log segment /home/runner/work/ozone/ozone/hadoop-ozone/integration-test/target/test-dir/MiniOzoneClusterImpl-e48a92f5-15eb-4a1f-8733-fd9493ac7566/ozone-meta/ratis/bf265839-605b-3f16-9796-c5ba1605619e/current/log_inprogress_0
2023-05-30 05:51:12,894 [om1@group-C5BA1605619E-StateMachineUpdater] INFO  ratis.OzoneManagerStateMachine (OzoneManagerStateMachine.java:notifyConfigurationChanged(201)) - Received Configuration change notification from Ratis. New Peer list:
[id: "om1"
address: "localhost:15060"
startupRole: FOLLOWER
]
2023-05-30 05:51:12,899 [Listener at 0.0.0.0/15072] INFO  handler.ContextHandler (ContextHandler.java:doStart(921)) - Started o.e.j.w.WebAppContext@4a327add{hddsDatanode,/,file:///home/runner/work/ozone/ozone/hadoop-ozone/integration-test/target/test-dir/MiniOzoneClusterImpl-e48a92f5-15eb-4a1f-8733-fd9493ac7566/datanode-2/meta/webserver/jetty-0_0_0_0-15080-hdds-container-service-1_4_0-SNAPSHOT_jar-_-any-5755480592239805671/webapp/,AVAILABLE}{jar:file:/home/runner/.m2/repository/org/apache/ozone/hdds-container-service/1.4.0-SNAPSHOT/hdds-container-service-1.4.0-SNAPSHOT.jar!/webapps/hddsDatanode}
2023-05-30 05:51:12,901 [Listener at 0.0.0.0/15072] INFO  server.AbstractConnector (AbstractConnector.java:doStart(333)) - Started ServerConnector@43ac1f2{HTTP/1.1, (http/1.1)}{0.0.0.0:15080}
2023-05-30 05:51:12,901 [Listener at 0.0.0.0/15072] INFO  server.Server (Server.java:doStart(415)) - Started @36141ms
2023-05-30 05:51:12,901 [Listener at 0.0.0.0/15072] WARN  impl.MetricsSystemImpl (MetricsSystemImpl.java:register(279)) - Sink prometheus already exists!
2023-05-30 05:51:12,902 [Listener at 0.0.0.0/15072] INFO  http.BaseHttpServer (BaseHttpServer.java:updateConnectorAddress(344)) - HTTP server of hddsDatanode listening at http://0.0.0.0:15080
2023-05-30 05:51:12,903 [Listener at 0.0.0.0/15072] INFO  ipc.CallQueueManager (CallQueueManager.java:<init>(90)) - Using callQueue: class java.util.concurrent.LinkedBlockingQueue, queueCapacity: 100, scheduler: class org.apache.hadoop.ipc.DefaultRpcScheduler, ipcBackoff: false.
2023-05-30 05:51:12,904 [Socket Reader #1 for port 15081] INFO  ipc.Server (Server.java:run(1319)) - Starting Socket Reader #1 for port 15081
2023-05-30 05:51:12,907 [Listener at 0.0.0.0/15081] INFO  ozone.HddsDatanodeService (HddsDatanodeService.java:start(337)) - Datanode start with admins: [runner]
2023-05-30 05:51:12,908 [Listener at 0.0.0.0/15081] INFO  ozone.HddsDatanodeClientProtocolServer (HddsDatanodeClientProtocolServer.java:start(82)) - RPC server for Client /0.0.0.0:15081
2023-05-30 05:51:12,908 [IPC Server Responder] INFO  ipc.Server (Server.java:run(1558)) - IPC Server Responder: starting
2023-05-30 05:51:12,908 [IPC Server listener on 15081] INFO  ipc.Server (Server.java:run(1398)) - IPC Server listener on 15081: starting
2023-05-30 05:51:12,909 [Listener at 0.0.0.0/15081] WARN  impl.MetricRegistriesImpl (MetricRegistriesImpl.java:addReporterRegistration(111)) - New reporters are added after registries were created. Some metrics will be missing from the reporter. Please add reporter before adding any new registry.
2023-05-30 05:51:12,909 [Listener at 0.0.0.0/15081] WARN  impl.MetricRegistriesImpl (MetricRegistriesImpl.java:addReporterRegistration(111)) - New reporters are added after registries were created. Some metrics will be missing from the reporter. Please add reporter before adding any new registry.
2023-05-30 05:51:12,909 [Datanode State Machine Daemon Thread] INFO  statemachine.DatanodeStateMachine (DatanodeStateMachine.java:lambda$startDaemon$0(537)) - Ozone container server started.
2023-05-30 05:51:12,909 [Listener at 0.0.0.0/15081] INFO  impl.MetricsSystemImpl (MetricsSystemImpl.java:init(158)) - HddsDatanode metrics system started (again)
2023-05-30 05:51:12,927 [Listener at 0.0.0.0/15081] INFO  ozone.HddsDatanodeService (HddsDatanodeService.java:start(264)) - HddsDatanodeService host:fv-az800-703 ip:10.1.0.18
2023-05-30 05:51:12,928 [org.apache.hadoop.util.JvmPauseMonitor$Monitor@5cbd0907] INFO  util.JvmPauseMonitor (JvmPauseMonitor.java:run(188)) - Starting JVM pause monitor
2023-05-30 05:51:12,934 [Datanode State Machine Task Thread - 0] INFO  datanode.InitDatanodeState (InitDatanodeState.java:persistContainerDatanodeDetails(138)) - DatanodeDetails is persisted to /home/runner/work/ozone/ozone/hadoop-ozone/integration-test/target/test-dir/MiniOzoneClusterImpl-e48a92f5-15eb-4a1f-8733-fd9493ac7566/datanode-2/meta/datanode.id
2023-05-30 05:51:12,958 [Listener at 0.0.0.0/15081] INFO  upgrade.AbstractLayoutVersionManager (AbstractLayoutVersionManager.java:init(83)) - Initializing Layout version manager with metadata layout = HADOOP_PRC_PORTS_IN_DATANODEDETAILS (version = 7), software layout = HADOOP_PRC_PORTS_IN_DATANODEDETAILS (version = 7)
2023-05-30 05:51:12,959 [Listener at 0.0.0.0/15081] INFO  statemachine.DatanodeStateMachine (DatanodeStateMachine.java:getEndPointTaskThreadPoolSize(275)) - Datanode State Machine Task Thread Pool size 2
2023-05-30 05:51:12,961 [Listener at 0.0.0.0/15081] INFO  volume.HddsVolume (HddsVolume.java:<init>(130)) - Creating HddsVolume: /home/runner/work/ozone/ozone/hadoop-ozone/integration-test/target/test-dir/MiniOzoneClusterImpl-e48a92f5-15eb-4a1f-8733-fd9493ac7566/datanode-3/data-0/containers/hdds of storage type : DISK capacity : 9223372036854775807
2023-05-30 05:51:12,961 [Listener at 0.0.0.0/15081] INFO  volume.MutableVolumeSet (MutableVolumeSet.java:initializeVolumeSet(175)) - Added Volume : /home/runner/work/ozone/ozone/hadoop-ozone/integration-test/target/test-dir/MiniOzoneClusterImpl-e48a92f5-15eb-4a1f-8733-fd9493ac7566/datanode-3/data-0/containers/hdds to VolumeSet
2023-05-30 05:51:12,961 [Listener at 0.0.0.0/15081] INFO  volume.ThrottledAsyncChecker (ThrottledAsyncChecker.java:schedule(141)) - Scheduling a check for /home/runner/work/ozone/ozone/hadoop-ozone/integration-test/target/test-dir/MiniOzoneClusterImpl-e48a92f5-15eb-4a1f-8733-fd9493ac7566/datanode-3/data-0/containers/hdds
2023-05-30 05:51:12,964 [Listener at 0.0.0.0/15081] INFO  volume.StorageVolumeChecker (StorageVolumeChecker.java:checkAllVolumes(202)) - Scheduled health check for volume /home/runner/work/ozone/ozone/hadoop-ozone/integration-test/target/test-dir/MiniOzoneClusterImpl-e48a92f5-15eb-4a1f-8733-fd9493ac7566/datanode-3/data-0/containers/hdds
2023-05-30 05:51:12,977 [Listener at 0.0.0.0/15081] INFO  volume.MutableVolumeSet (MutableVolumeSet.java:initializeVolumeSet(175)) - Added Volume : /home/runner/work/ozone/ozone/hadoop-ozone/integration-test/target/test-dir/MiniOzoneClusterImpl-e48a92f5-15eb-4a1f-8733-fd9493ac7566/datanode-3/data/ratis to VolumeSet
2023-05-30 05:51:12,977 [Listener at 0.0.0.0/15081] INFO  volume.ThrottledAsyncChecker (ThrottledAsyncChecker.java:schedule(141)) - Scheduling a check for /home/runner/work/ozone/ozone/hadoop-ozone/integration-test/target/test-dir/MiniOzoneClusterImpl-e48a92f5-15eb-4a1f-8733-fd9493ac7566/datanode-3/data/ratis
2023-05-30 05:51:12,978 [Listener at 0.0.0.0/15081] INFO  volume.StorageVolumeChecker (StorageVolumeChecker.java:checkAllVolumes(202)) - Scheduled health check for volume /home/runner/work/ozone/ozone/hadoop-ozone/integration-test/target/test-dir/MiniOzoneClusterImpl-e48a92f5-15eb-4a1f-8733-fd9493ac7566/datanode-3/data/ratis
2023-05-30 05:51:12,995 [Thread-854] INFO  ozoneimpl.ContainerReader (ContainerReader.java:readVolume(175)) - Finish verifying containers on volume /home/runner/work/ozone/ozone/hadoop-ozone/integration-test/target/test-dir/MiniOzoneClusterImpl-e48a92f5-15eb-4a1f-8733-fd9493ac7566/datanode-3/data-0/containers/hdds
2023-05-30 05:51:12,998 [Listener at 0.0.0.0/15081] INFO  ozoneimpl.OzoneContainer (OzoneContainer.java:buildContainerSet(303)) - Build ContainerSet costs 0s
2023-05-30 05:51:13,005 [Listener at 0.0.0.0/15081] INFO  server.RaftServer (ConfUtils.java:logGet(46)) - raft.rpc.type = GRPC (default)
2023-05-30 05:51:13,005 [Listener at 0.0.0.0/15081] INFO  grpc.GrpcConfigKeys (ConfUtils.java:logFallback(53)) - raft.grpc.admin.host = null (fallback to raft.grpc.server.host)
2023-05-30 05:51:13,005 [Listener at 0.0.0.0/15081] INFO  grpc.GrpcConfigKeys (ConfUtils.java:logGet(46)) - raft.grpc.admin.port = 15093 (custom)
2023-05-30 05:51:13,006 [Listener at 0.0.0.0/15081] INFO  grpc.GrpcConfigKeys (ConfUtils.java:logFallback(53)) - raft.grpc.client.host = null (fallback to raft.grpc.server.host)
2023-05-30 05:51:13,007 [Listener at 0.0.0.0/15081] INFO  grpc.GrpcConfigKeys (ConfUtils.java:logGet(46)) - raft.grpc.client.port = 15092 (custom)
2023-05-30 05:51:13,008 [Listener at 0.0.0.0/15081] INFO  grpc.GrpcConfigKeys (ConfUtils.java:logGet(46)) - raft.grpc.server.host = null (default)
2023-05-30 05:51:13,008 [Listener at 0.0.0.0/15081] INFO  grpc.GrpcConfigKeys (ConfUtils.java:logGet(46)) - raft.grpc.server.port = 15094 (custom)
2023-05-30 05:51:13,009 [Listener at 0.0.0.0/15081] INFO  server.GrpcService (ConfUtils.java:logGet(46)) - raft.grpc.message.size.max = 32MB (=33554432) (custom)
2023-05-30 05:51:13,010 [Listener at 0.0.0.0/15081] INFO  server.RaftServerConfigKeys (ConfUtils.java:logGet(46)) - raft.server.log.appender.buffer.byte-limit = 33554432 (custom)
2023-05-30 05:51:13,011 [Listener at 0.0.0.0/15081] INFO  server.GrpcService (ConfUtils.java:logGet(46)) - raft.grpc.flow.control.window = 5MB (=5242880) (custom)
2023-05-30 05:51:13,011 [Listener at 0.0.0.0/15081] INFO  server.RaftServerConfigKeys (ConfUtils.java:logGet(46)) - raft.server.rpc.request.timeout = 3000ms (default)
2023-05-30 05:51:13,011 [Listener at 0.0.0.0/15081] INFO  grpc.GrpcConfigKeys (ConfUtils.java:logGet(46)) - raft.grpc.server.heartbeat.channel = true (default)
2023-05-30 05:51:13,012 [Listener at 0.0.0.0/15081] INFO  grpc.GrpcConfigKeys (ConfUtils.java:logGet(46)) - raft.grpc.server.async.request.thread.pool.cached = true (default)
2023-05-30 05:51:13,012 [Listener at 0.0.0.0/15081] INFO  grpc.GrpcConfigKeys (ConfUtils.java:logGet(46)) - raft.grpc.server.async.request.thread.pool.size = 32 (default)
2023-05-30 05:51:13,019 [Listener at 0.0.0.0/15081] INFO  impl.DataStreamServerImpl (ConfUtils.java:logGet(46)) - raft.datastream.type = NETTY (custom)
2023-05-30 05:51:13,020 [Listener at 0.0.0.0/15081] INFO  server.RaftServerConfigKeys (ConfUtils.java:logGet(46)) - raft.server.data-stream.async.request.thread.pool.cached = false (default)
2023-05-30 05:51:13,020 [Listener at 0.0.0.0/15081] INFO  server.RaftServerConfigKeys (ConfUtils.java:logGet(46)) - raft.server.data-stream.async.request.thread.pool.size = 20 (custom)
2023-05-30 05:51:13,021 [Listener at 0.0.0.0/15081] INFO  server.RaftServerConfigKeys (ConfUtils.java:logGet(46)) - raft.server.data-stream.async.write.thread.pool.size = 16 (default)
2023-05-30 05:51:13,021 [Listener at 0.0.0.0/15081] INFO  server.RaftServerConfigKeys (ConfUtils.java:logGet(46)) - raft.server.data-stream.client.pool.size = 10 (default)
2023-05-30 05:51:13,022 [Listener at 0.0.0.0/15081] INFO  netty.NettyConfigKeys$DataStream (ConfUtils.java:logGet(46)) - raft.netty.dataStream.server.use-epoll = false (default)
2023-05-30 05:51:13,022 [Listener at 0.0.0.0/15081] INFO  netty.NettyConfigKeys$DataStream (ConfUtils.java:logGet(46)) - raft.netty.dataStream.server.boss-group.size = 0 (default)
2023-05-30 05:51:13,023 [Listener at 0.0.0.0/15081] INFO  netty.NettyConfigKeys$DataStream (ConfUtils.java:logGet(46)) - raft.netty.dataStream.server.worker-group.size = 0 (default)
2023-05-30 05:51:13,024 [Listener at 0.0.0.0/15081] INFO  netty.NettyConfigKeys$DataStream (ConfUtils.java:logGet(46)) - raft.netty.dataStream.server.tls.conf = null (default)
2023-05-30 05:51:13,024 [Listener at 0.0.0.0/15081] INFO  netty.NettyConfigKeys$DataStream (ConfUtils.java:logGet(46)) - raft.netty.dataStream.host = null (default)
2023-05-30 05:51:13,025 [Listener at 0.0.0.0/15081] INFO  netty.NettyConfigKeys$DataStream (ConfUtils.java:logGet(46)) - raft.netty.dataStream.port = 15095 (custom)
2023-05-30 05:51:13,039 [Listener at 0.0.0.0/15081] INFO  server.RaftServerConfigKeys (ConfUtils.java:logGet(46)) - raft.server.threadpool.proxy.cached = true (default)
2023-05-30 05:51:13,039 [Listener at 0.0.0.0/15081] INFO  server.RaftServerConfigKeys (ConfUtils.java:logGet(46)) - raft.server.threadpool.proxy.size = 0 (default)
2023-05-30 05:51:13,039 [Listener at 0.0.0.0/15081] INFO  server.RaftServerConfigKeys (ConfUtils.java:logGet(46)) - raft.server.rpc.slowness.timeout = 300000ms (custom)
2023-05-30 05:51:13,040 [Listener at 0.0.0.0/15081] INFO  server.RaftServerConfigKeys (ConfUtils.java:logGet(46)) - raft.server.leaderelection.leader.step-down.wait-time = 10s (default)
2023-05-30 05:51:13,040 [Listener at 0.0.0.0/15081] INFO  server.RaftServerConfigKeys (ConfUtils.java:logGet(46)) - raft.server.storage.dir = [/home/runner/work/ozone/ozone/hadoop-ozone/integration-test/target/test-dir/MiniOzoneClusterImpl-e48a92f5-15eb-4a1f-8733-fd9493ac7566/datanode-3/data/ratis] (custom)
2023-05-30 05:51:13,041 [5a6be6a9-c9d4-4a94-9994-4634fa86fc33-NettyServerStreamRpc-bossGroup--thread1] INFO  logging.LoggingHandler (AbstractInternalLogger.java:log(148)) - [id: 0x9b81cf5f] REGISTERED
2023-05-30 05:51:13,041 [5a6be6a9-c9d4-4a94-9994-4634fa86fc33-NettyServerStreamRpc-bossGroup--thread1] INFO  logging.LoggingHandler (AbstractInternalLogger.java:log(148)) - [id: 0x9b81cf5f] BIND: 0.0.0.0/0.0.0.0:15095
2023-05-30 05:51:13,043 [Listener at 0.0.0.0/15081] INFO  server.XceiverServerGrpc (XceiverServerGrpc.java:<init>(132)) - GrpcServer channel type EpollServerSocketChannel
2023-05-30 05:51:13,045 [5a6be6a9-c9d4-4a94-9994-4634fa86fc33-NettyServerStreamRpc-bossGroup--thread1] INFO  logging.LoggingHandler (AbstractInternalLogger.java:log(148)) - [id: 0x9b81cf5f, L:/0:0:0:0:0:0:0:0:15095] ACTIVE
2023-05-30 05:51:13,045 [Listener at 0.0.0.0/15081] INFO  replication.ReplicationSupervisor (ReplicationSupervisor.java:nodeStateUpdated(296)) - Node state updated to IN_SERVICE, scaling executor pool size to 10
2023-05-30 05:51:13,049 [Listener at 0.0.0.0/15081] INFO  http.BaseHttpServer (BaseHttpServer.java:newHttpServer2BuilderForOzone(224)) - Starting Web-server for hddsDatanode at: http://0.0.0.0:15089
2023-05-30 05:51:13,049 [Listener at 0.0.0.0/15081] INFO  http.BaseHttpServer (BaseHttpServer.java:<init>(111)) - Hadoop Security Enabled: false Ozone Security Enabled: false Ozone HTTP Security Enabled: false 
2023-05-30 05:51:13,052 [Listener at 0.0.0.0/15081] WARN  server.AuthenticationFilter (AuthenticationFilter.java:constructSecretProvider(240)) - Unable to initialize FileSignerSecretProvider, falling back to use random secrets. Reason: Could not read signature secret file: /home/runner/hadoop-http-auth-signature-secret
2023-05-30 05:51:13,054 [Listener at 0.0.0.0/15081] INFO  http.HttpRequestLog (HttpRequestLog.java:getRequestLog(86)) - Http request log for http.requests.hddsDatanode is not defined
2023-05-30 05:51:13,057 [Listener at 0.0.0.0/15081] INFO  http.HttpServer2 (HttpServer2.java:addGlobalFilter(1031)) - Added global filter 'safety' (class=org.apache.hadoop.hdds.server.http.HttpServer2$QuotingInputFilter)
2023-05-30 05:51:13,058 [Listener at 0.0.0.0/15081] INFO  http.HttpServer2 (HttpServer2.java:addFilter(1007)) - Added filter static_user_filter (class=org.apache.hadoop.http.lib.StaticUserWebFilter$StaticUserFilter) to context hddsDatanode
2023-05-30 05:51:13,059 [Listener at 0.0.0.0/15081] INFO  http.HttpServer2 (HttpServer2.java:addFilter(1015)) - Added filter static_user_filter (class=org.apache.hadoop.http.lib.StaticUserWebFilter$StaticUserFilter) to context logs
2023-05-30 05:51:13,059 [Listener at 0.0.0.0/15081] INFO  http.HttpServer2 (HttpServer2.java:addFilter(1015)) - Added filter static_user_filter (class=org.apache.hadoop.http.lib.StaticUserWebFilter$StaticUserFilter) to context static
2023-05-30 05:51:13,061 [Listener at 0.0.0.0/15081] INFO  http.BaseHttpServer (BaseHttpServer.java:<init>(190)) - HTTP server of hddsDatanode uses base directory /home/runner/work/ozone/ozone/hadoop-ozone/integration-test/target/test-dir/MiniOzoneClusterImpl-e48a92f5-15eb-4a1f-8733-fd9493ac7566/datanode-3/meta/webserver
2023-05-30 05:51:13,061 [Listener at 0.0.0.0/15081] INFO  http.HttpServer2 (HttpServer2.java:bindListener(1250)) - Jetty bound to port 15089
2023-05-30 05:51:13,062 [Listener at 0.0.0.0/15081] INFO  server.Server (Server.java:doStart(375)) - jetty-9.4.51.v20230217; built: 2023-02-17T08:19:37.309Z; git: b45c405e4544384de066f814ed42ae3dceacdd49; jvm 1.8.0_362-b09
2023-05-30 05:51:13,070 [Listener at 0.0.0.0/15081] INFO  server.session (DefaultSessionIdManager.java:doStart(334)) - DefaultSessionIdManager workerName=node0
2023-05-30 05:51:13,070 [Listener at 0.0.0.0/15081] INFO  server.session (DefaultSessionIdManager.java:doStart(339)) - No SessionScavenger set, using defaults
2023-05-30 05:51:13,070 [Listener at 0.0.0.0/15081] INFO  server.session (HouseKeeper.java:startScavenging(132)) - node0 Scavenging every 660000ms
2023-05-30 05:51:13,071 [Listener at 0.0.0.0/15081] INFO  handler.ContextHandler (ContextHandler.java:doStart(921)) - Started o.e.j.s.ServletContextHandler@28f48fbe{logs,/logs,file:///home/runner/work/ozone/ozone/hadoop-ozone/integration-test/target/log,AVAILABLE}
2023-05-30 05:51:13,072 [Listener at 0.0.0.0/15081] INFO  handler.ContextHandler (ContextHandler.java:doStart(921)) - Started o.e.j.s.ServletContextHandler@5b372a39{static,/static,jar:file:/home/runner/.m2/repository/org/apache/ozone/hdds-container-service/1.4.0-SNAPSHOT/hdds-container-service-1.4.0-SNAPSHOT.jar!/webapps/static,AVAILABLE}
2023-05-30 05:51:13,296 [Listener at 0.0.0.0/15081] INFO  handler.ContextHandler (ContextHandler.java:doStart(921)) - Started o.e.j.w.WebAppContext@3592235a{hddsDatanode,/,file:///home/runner/work/ozone/ozone/hadoop-ozone/integration-test/target/test-dir/MiniOzoneClusterImpl-e48a92f5-15eb-4a1f-8733-fd9493ac7566/datanode-3/meta/webserver/jetty-0_0_0_0-15089-hdds-container-service-1_4_0-SNAPSHOT_jar-_-any-702695984753688078/webapp/,AVAILABLE}{jar:file:/home/runner/.m2/repository/org/apache/ozone/hdds-container-service/1.4.0-SNAPSHOT/hdds-container-service-1.4.0-SNAPSHOT.jar!/webapps/hddsDatanode}
2023-05-30 05:51:13,298 [Listener at 0.0.0.0/15081] INFO  server.AbstractConnector (AbstractConnector.java:doStart(333)) - Started ServerConnector@4da76ff0{HTTP/1.1, (http/1.1)}{0.0.0.0:15089}
2023-05-30 05:51:13,298 [Listener at 0.0.0.0/15081] INFO  server.Server (Server.java:doStart(415)) - Started @36537ms
2023-05-30 05:51:13,298 [Listener at 0.0.0.0/15081] WARN  impl.MetricsSystemImpl (MetricsSystemImpl.java:register(279)) - Sink prometheus already exists!
2023-05-30 05:51:13,299 [Listener at 0.0.0.0/15081] INFO  http.BaseHttpServer (BaseHttpServer.java:updateConnectorAddress(344)) - HTTP server of hddsDatanode listening at http://0.0.0.0:15089
2023-05-30 05:51:13,299 [Listener at 0.0.0.0/15081] INFO  ipc.CallQueueManager (CallQueueManager.java:<init>(90)) - Using callQueue: class java.util.concurrent.LinkedBlockingQueue, queueCapacity: 100, scheduler: class org.apache.hadoop.ipc.DefaultRpcScheduler, ipcBackoff: false.
2023-05-30 05:51:13,300 [Socket Reader #1 for port 15090] INFO  ipc.Server (Server.java:run(1319)) - Starting Socket Reader #1 for port 15090
2023-05-30 05:51:13,304 [Listener at 0.0.0.0/15090] INFO  ozone.HddsDatanodeService (HddsDatanodeService.java:start(337)) - Datanode start with admins: [runner]
2023-05-30 05:51:13,304 [Listener at 0.0.0.0/15090] INFO  ozone.HddsDatanodeClientProtocolServer (HddsDatanodeClientProtocolServer.java:start(82)) - RPC server for Client /0.0.0.0:15090
2023-05-30 05:51:13,304 [IPC Server Responder] INFO  ipc.Server (Server.java:run(1558)) - IPC Server Responder: starting
2023-05-30 05:51:13,304 [IPC Server listener on 15090] INFO  ipc.Server (Server.java:run(1398)) - IPC Server listener on 15090: starting
2023-05-30 05:51:13,305 [Datanode State Machine Daemon Thread] INFO  statemachine.DatanodeStateMachine (DatanodeStateMachine.java:lambda$startDaemon$0(537)) - Ozone container server started.
2023-05-30 05:51:13,305 [Listener at 0.0.0.0/15090] WARN  impl.MetricRegistriesImpl (MetricRegistriesImpl.java:addReporterRegistration(111)) - New reporters are added after registries were created. Some metrics will be missing from the reporter. Please add reporter before adding any new registry.
2023-05-30 05:51:13,305 [Listener at 0.0.0.0/15090] WARN  impl.MetricRegistriesImpl (MetricRegistriesImpl.java:addReporterRegistration(111)) - New reporters are added after registries were created. Some metrics will be missing from the reporter. Please add reporter before adding any new registry.
2023-05-30 05:51:13,305 [Listener at 0.0.0.0/15090] INFO  impl.MetricsSystemImpl (MetricsSystemImpl.java:init(158)) - HddsDatanode metrics system started (again)
2023-05-30 05:51:13,316 [org.apache.hadoop.util.JvmPauseMonitor$Monitor@3455f2d] INFO  util.JvmPauseMonitor (JvmPauseMonitor.java:run(188)) - Starting JVM pause monitor
2023-05-30 05:51:13,324 [Datanode State Machine Task Thread - 0] INFO  datanode.InitDatanodeState (InitDatanodeState.java:persistContainerDatanodeDetails(138)) - DatanodeDetails is persisted to /home/runner/work/ozone/ozone/hadoop-ozone/integration-test/target/test-dir/MiniOzoneClusterImpl-e48a92f5-15eb-4a1f-8733-fd9493ac7566/datanode-3/meta/datanode.id
2023-05-30 05:51:13,328 [Listener at 0.0.0.0/15090] INFO  ozone.HddsDatanodeService (HddsDatanodeService.java:start(264)) - HddsDatanodeService host:fv-az800-703 ip:10.1.0.18
2023-05-30 05:51:13,354 [Listener at 0.0.0.0/15090] INFO  upgrade.AbstractLayoutVersionManager (AbstractLayoutVersionManager.java:init(83)) - Initializing Layout version manager with metadata layout = HADOOP_PRC_PORTS_IN_DATANODEDETAILS (version = 7), software layout = HADOOP_PRC_PORTS_IN_DATANODEDETAILS (version = 7)
2023-05-30 05:51:13,354 [Listener at 0.0.0.0/15090] INFO  statemachine.DatanodeStateMachine (DatanodeStateMachine.java:getEndPointTaskThreadPoolSize(275)) - Datanode State Machine Task Thread Pool size 2
2023-05-30 05:51:13,356 [Listener at 0.0.0.0/15090] INFO  volume.HddsVolume (HddsVolume.java:<init>(130)) - Creating HddsVolume: /home/runner/work/ozone/ozone/hadoop-ozone/integration-test/target/test-dir/MiniOzoneClusterImpl-e48a92f5-15eb-4a1f-8733-fd9493ac7566/datanode-4/data-0/containers/hdds of storage type : DISK capacity : 9223372036854775807
2023-05-30 05:51:13,356 [Listener at 0.0.0.0/15090] INFO  volume.MutableVolumeSet (MutableVolumeSet.java:initializeVolumeSet(175)) - Added Volume : /home/runner/work/ozone/ozone/hadoop-ozone/integration-test/target/test-dir/MiniOzoneClusterImpl-e48a92f5-15eb-4a1f-8733-fd9493ac7566/datanode-4/data-0/containers/hdds to VolumeSet
2023-05-30 05:51:13,357 [Listener at 0.0.0.0/15090] INFO  volume.ThrottledAsyncChecker (ThrottledAsyncChecker.java:schedule(141)) - Scheduling a check for /home/runner/work/ozone/ozone/hadoop-ozone/integration-test/target/test-dir/MiniOzoneClusterImpl-e48a92f5-15eb-4a1f-8733-fd9493ac7566/datanode-4/data-0/containers/hdds
2023-05-30 05:51:13,359 [Listener at 0.0.0.0/15090] INFO  volume.StorageVolumeChecker (StorageVolumeChecker.java:checkAllVolumes(202)) - Scheduled health check for volume /home/runner/work/ozone/ozone/hadoop-ozone/integration-test/target/test-dir/MiniOzoneClusterImpl-e48a92f5-15eb-4a1f-8733-fd9493ac7566/datanode-4/data-0/containers/hdds
2023-05-30 05:51:13,372 [Listener at 0.0.0.0/15090] INFO  volume.MutableVolumeSet (MutableVolumeSet.java:initializeVolumeSet(175)) - Added Volume : /home/runner/work/ozone/ozone/hadoop-ozone/integration-test/target/test-dir/MiniOzoneClusterImpl-e48a92f5-15eb-4a1f-8733-fd9493ac7566/datanode-4/data/ratis to VolumeSet
2023-05-30 05:51:13,373 [Listener at 0.0.0.0/15090] INFO  volume.ThrottledAsyncChecker (ThrottledAsyncChecker.java:schedule(141)) - Scheduling a check for /home/runner/work/ozone/ozone/hadoop-ozone/integration-test/target/test-dir/MiniOzoneClusterImpl-e48a92f5-15eb-4a1f-8733-fd9493ac7566/datanode-4/data/ratis
2023-05-30 05:51:13,373 [Listener at 0.0.0.0/15090] INFO  volume.StorageVolumeChecker (StorageVolumeChecker.java:checkAllVolumes(202)) - Scheduled health check for volume /home/runner/work/ozone/ozone/hadoop-ozone/integration-test/target/test-dir/MiniOzoneClusterImpl-e48a92f5-15eb-4a1f-8733-fd9493ac7566/datanode-4/data/ratis
2023-05-30 05:51:13,385 [Thread-872] INFO  ozoneimpl.ContainerReader (ContainerReader.java:readVolume(175)) - Finish verifying containers on volume /home/runner/work/ozone/ozone/hadoop-ozone/integration-test/target/test-dir/MiniOzoneClusterImpl-e48a92f5-15eb-4a1f-8733-fd9493ac7566/datanode-4/data-0/containers/hdds
2023-05-30 05:51:13,386 [Listener at 0.0.0.0/15090] INFO  ozoneimpl.OzoneContainer (OzoneContainer.java:buildContainerSet(303)) - Build ContainerSet costs 0s
2023-05-30 05:51:13,389 [Listener at 0.0.0.0/15090] INFO  server.RaftServer (ConfUtils.java:logGet(46)) - raft.rpc.type = GRPC (default)
2023-05-30 05:51:13,389 [Listener at 0.0.0.0/15090] INFO  grpc.GrpcConfigKeys (ConfUtils.java:logFallback(53)) - raft.grpc.admin.host = null (fallback to raft.grpc.server.host)
2023-05-30 05:51:13,389 [Listener at 0.0.0.0/15090] INFO  grpc.GrpcConfigKeys (ConfUtils.java:logGet(46)) - raft.grpc.admin.port = 15102 (custom)
2023-05-30 05:51:13,389 [Listener at 0.0.0.0/15090] INFO  grpc.GrpcConfigKeys (ConfUtils.java:logFallback(53)) - raft.grpc.client.host = null (fallback to raft.grpc.server.host)
2023-05-30 05:51:13,389 [Listener at 0.0.0.0/15090] INFO  grpc.GrpcConfigKeys (ConfUtils.java:logGet(46)) - raft.grpc.client.port = 15101 (custom)
2023-05-30 05:51:13,389 [Listener at 0.0.0.0/15090] INFO  grpc.GrpcConfigKeys (ConfUtils.java:logGet(46)) - raft.grpc.server.host = null (default)
2023-05-30 05:51:13,389 [Listener at 0.0.0.0/15090] INFO  grpc.GrpcConfigKeys (ConfUtils.java:logGet(46)) - raft.grpc.server.port = 15103 (custom)
2023-05-30 05:51:13,390 [Listener at 0.0.0.0/15090] INFO  server.GrpcService (ConfUtils.java:logGet(46)) - raft.grpc.message.size.max = 32MB (=33554432) (custom)
2023-05-30 05:51:13,390 [Listener at 0.0.0.0/15090] INFO  server.RaftServerConfigKeys (ConfUtils.java:logGet(46)) - raft.server.log.appender.buffer.byte-limit = 33554432 (custom)
2023-05-30 05:51:13,390 [Listener at 0.0.0.0/15090] INFO  server.GrpcService (ConfUtils.java:logGet(46)) - raft.grpc.flow.control.window = 5MB (=5242880) (custom)
2023-05-30 05:51:13,390 [Listener at 0.0.0.0/15090] INFO  server.RaftServerConfigKeys (ConfUtils.java:logGet(46)) - raft.server.rpc.request.timeout = 3000ms (default)
2023-05-30 05:51:13,390 [Listener at 0.0.0.0/15090] INFO  grpc.GrpcConfigKeys (ConfUtils.java:logGet(46)) - raft.grpc.server.heartbeat.channel = true (default)
2023-05-30 05:51:13,390 [Listener at 0.0.0.0/15090] INFO  grpc.GrpcConfigKeys (ConfUtils.java:logGet(46)) - raft.grpc.server.async.request.thread.pool.cached = true (default)
2023-05-30 05:51:13,390 [Listener at 0.0.0.0/15090] INFO  grpc.GrpcConfigKeys (ConfUtils.java:logGet(46)) - raft.grpc.server.async.request.thread.pool.size = 32 (default)
2023-05-30 05:51:13,393 [Listener at 0.0.0.0/15090] INFO  impl.DataStreamServerImpl (ConfUtils.java:logGet(46)) - raft.datastream.type = NETTY (custom)
2023-05-30 05:51:13,395 [Listener at 0.0.0.0/15090] INFO  server.RaftServerConfigKeys (ConfUtils.java:logGet(46)) - raft.server.data-stream.async.request.thread.pool.cached = false (default)
2023-05-30 05:51:13,395 [Listener at 0.0.0.0/15090] INFO  server.RaftServerConfigKeys (ConfUtils.java:logGet(46)) - raft.server.data-stream.async.request.thread.pool.size = 20 (custom)
2023-05-30 05:51:13,395 [Listener at 0.0.0.0/15090] INFO  server.RaftServerConfigKeys (ConfUtils.java:logGet(46)) - raft.server.data-stream.async.write.thread.pool.size = 16 (default)
2023-05-30 05:51:13,395 [Listener at 0.0.0.0/15090] INFO  server.RaftServerConfigKeys (ConfUtils.java:logGet(46)) - raft.server.data-stream.client.pool.size = 10 (default)
2023-05-30 05:51:13,395 [Listener at 0.0.0.0/15090] INFO  netty.NettyConfigKeys$DataStream (ConfUtils.java:logGet(46)) - raft.netty.dataStream.server.use-epoll = false (default)
2023-05-30 05:51:13,395 [Listener at 0.0.0.0/15090] INFO  netty.NettyConfigKeys$DataStream (ConfUtils.java:logGet(46)) - raft.netty.dataStream.server.boss-group.size = 0 (default)
2023-05-30 05:51:13,396 [Listener at 0.0.0.0/15090] INFO  netty.NettyConfigKeys$DataStream (ConfUtils.java:logGet(46)) - raft.netty.dataStream.server.worker-group.size = 0 (default)
2023-05-30 05:51:13,396 [Listener at 0.0.0.0/15090] INFO  netty.NettyConfigKeys$DataStream (ConfUtils.java:logGet(46)) - raft.netty.dataStream.server.tls.conf = null (default)
2023-05-30 05:51:13,396 [Listener at 0.0.0.0/15090] INFO  netty.NettyConfigKeys$DataStream (ConfUtils.java:logGet(46)) - raft.netty.dataStream.host = null (default)
2023-05-30 05:51:13,396 [Listener at 0.0.0.0/15090] INFO  netty.NettyConfigKeys$DataStream (ConfUtils.java:logGet(46)) - raft.netty.dataStream.port = 15104 (custom)
2023-05-30 05:51:13,397 [Listener at 0.0.0.0/15090] INFO  server.RaftServerConfigKeys (ConfUtils.java:logGet(46)) - raft.server.threadpool.proxy.cached = true (default)
2023-05-30 05:51:13,397 [Listener at 0.0.0.0/15090] INFO  server.RaftServerConfigKeys (ConfUtils.java:logGet(46)) - raft.server.threadpool.proxy.size = 0 (default)
2023-05-30 05:51:13,397 [Listener at 0.0.0.0/15090] INFO  server.RaftServerConfigKeys (ConfUtils.java:logGet(46)) - raft.server.rpc.slowness.timeout = 300000ms (custom)
2023-05-30 05:51:13,397 [Listener at 0.0.0.0/15090] INFO  server.RaftServerConfigKeys (ConfUtils.java:logGet(46)) - raft.server.leaderelection.leader.step-down.wait-time = 10s (default)
2023-05-30 05:51:13,397 [Listener at 0.0.0.0/15090] INFO  server.RaftServerConfigKeys (ConfUtils.java:logGet(46)) - raft.server.storage.dir = [/home/runner/work/ozone/ozone/hadoop-ozone/integration-test/target/test-dir/MiniOzoneClusterImpl-e48a92f5-15eb-4a1f-8733-fd9493ac7566/datanode-4/data/ratis] (custom)
2023-05-30 05:51:13,398 [c349d58c-25ab-4714-8ef6-0f97be22f2ca-NettyServerStreamRpc-bossGroup--thread1] INFO  logging.LoggingHandler (AbstractInternalLogger.java:log(148)) - [id: 0xc271f1b2] REGISTERED
2023-05-30 05:51:13,398 [c349d58c-25ab-4714-8ef6-0f97be22f2ca-NettyServerStreamRpc-bossGroup--thread1] INFO  logging.LoggingHandler (AbstractInternalLogger.java:log(148)) - [id: 0xc271f1b2] BIND: 0.0.0.0/0.0.0.0:15104
2023-05-30 05:51:13,398 [c349d58c-25ab-4714-8ef6-0f97be22f2ca-NettyServerStreamRpc-bossGroup--thread1] INFO  logging.LoggingHandler (AbstractInternalLogger.java:log(148)) - [id: 0xc271f1b2, L:/0:0:0:0:0:0:0:0:15104] ACTIVE
2023-05-30 05:51:13,400 [Listener at 0.0.0.0/15090] INFO  server.XceiverServerGrpc (XceiverServerGrpc.java:<init>(132)) - GrpcServer channel type EpollServerSocketChannel
2023-05-30 05:51:13,401 [Listener at 0.0.0.0/15090] INFO  replication.ReplicationSupervisor (ReplicationSupervisor.java:nodeStateUpdated(296)) - Node state updated to IN_SERVICE, scaling executor pool size to 10
2023-05-30 05:51:13,408 [Listener at 0.0.0.0/15090] INFO  http.BaseHttpServer (BaseHttpServer.java:newHttpServer2BuilderForOzone(224)) - Starting Web-server for hddsDatanode at: http://0.0.0.0:15098
2023-05-30 05:51:13,408 [Listener at 0.0.0.0/15090] INFO  http.BaseHttpServer (BaseHttpServer.java:<init>(111)) - Hadoop Security Enabled: false Ozone Security Enabled: false Ozone HTTP Security Enabled: false 
2023-05-30 05:51:13,409 [Listener at 0.0.0.0/15090] WARN  server.AuthenticationFilter (AuthenticationFilter.java:constructSecretProvider(240)) - Unable to initialize FileSignerSecretProvider, falling back to use random secrets. Reason: Could not read signature secret file: /home/runner/hadoop-http-auth-signature-secret
2023-05-30 05:51:13,410 [Listener at 0.0.0.0/15090] INFO  http.HttpRequestLog (HttpRequestLog.java:getRequestLog(86)) - Http request log for http.requests.hddsDatanode is not defined
2023-05-30 05:51:13,411 [Listener at 0.0.0.0/15090] INFO  http.HttpServer2 (HttpServer2.java:addGlobalFilter(1031)) - Added global filter 'safety' (class=org.apache.hadoop.hdds.server.http.HttpServer2$QuotingInputFilter)
2023-05-30 05:51:13,412 [Listener at 0.0.0.0/15090] INFO  http.HttpServer2 (HttpServer2.java:addFilter(1007)) - Added filter static_user_filter (class=org.apache.hadoop.http.lib.StaticUserWebFilter$StaticUserFilter) to context hddsDatanode
2023-05-30 05:51:13,412 [Listener at 0.0.0.0/15090] INFO  http.HttpServer2 (HttpServer2.java:addFilter(1015)) - Added filter static_user_filter (class=org.apache.hadoop.http.lib.StaticUserWebFilter$StaticUserFilter) to context logs
2023-05-30 05:51:13,412 [Listener at 0.0.0.0/15090] INFO  http.HttpServer2 (HttpServer2.java:addFilter(1015)) - Added filter static_user_filter (class=org.apache.hadoop.http.lib.StaticUserWebFilter$StaticUserFilter) to context static
2023-05-30 05:51:13,413 [Listener at 0.0.0.0/15090] INFO  http.BaseHttpServer (BaseHttpServer.java:<init>(190)) - HTTP server of hddsDatanode uses base directory /home/runner/work/ozone/ozone/hadoop-ozone/integration-test/target/test-dir/MiniOzoneClusterImpl-e48a92f5-15eb-4a1f-8733-fd9493ac7566/datanode-4/meta/webserver
2023-05-30 05:51:13,413 [Listener at 0.0.0.0/15090] INFO  http.HttpServer2 (HttpServer2.java:bindListener(1250)) - Jetty bound to port 15098
2023-05-30 05:51:13,413 [Listener at 0.0.0.0/15090] INFO  server.Server (Server.java:doStart(375)) - jetty-9.4.51.v20230217; built: 2023-02-17T08:19:37.309Z; git: b45c405e4544384de066f814ed42ae3dceacdd49; jvm 1.8.0_362-b09
2023-05-30 05:51:13,418 [Listener at 0.0.0.0/15090] INFO  server.session (DefaultSessionIdManager.java:doStart(334)) - DefaultSessionIdManager workerName=node0
2023-05-30 05:51:13,418 [Listener at 0.0.0.0/15090] INFO  server.session (DefaultSessionIdManager.java:doStart(339)) - No SessionScavenger set, using defaults
2023-05-30 05:51:13,418 [Listener at 0.0.0.0/15090] INFO  server.session (HouseKeeper.java:startScavenging(132)) - node0 Scavenging every 660000ms
2023-05-30 05:51:13,419 [Listener at 0.0.0.0/15090] INFO  handler.ContextHandler (ContextHandler.java:doStart(921)) - Started o.e.j.s.ServletContextHandler@5efbcfdd{logs,/logs,file:///home/runner/work/ozone/ozone/hadoop-ozone/integration-test/target/log,AVAILABLE}
2023-05-30 05:51:13,419 [Listener at 0.0.0.0/15090] INFO  handler.ContextHandler (ContextHandler.java:doStart(921)) - Started o.e.j.s.ServletContextHandler@3a0eb06{static,/static,jar:file:/home/runner/.m2/repository/org/apache/ozone/hdds-container-service/1.4.0-SNAPSHOT/hdds-container-service-1.4.0-SNAPSHOT.jar!/webapps/static,AVAILABLE}
2023-05-30 05:51:13,642 [Listener at 0.0.0.0/15090] INFO  handler.ContextHandler (ContextHandler.java:doStart(921)) - Started o.e.j.w.WebAppContext@7da45702{hddsDatanode,/,file:///home/runner/work/ozone/ozone/hadoop-ozone/integration-test/target/test-dir/MiniOzoneClusterImpl-e48a92f5-15eb-4a1f-8733-fd9493ac7566/datanode-4/meta/webserver/jetty-0_0_0_0-15098-hdds-container-service-1_4_0-SNAPSHOT_jar-_-any-6705036958758047989/webapp/,AVAILABLE}{jar:file:/home/runner/.m2/repository/org/apache/ozone/hdds-container-service/1.4.0-SNAPSHOT/hdds-container-service-1.4.0-SNAPSHOT.jar!/webapps/hddsDatanode}
2023-05-30 05:51:13,646 [Listener at 0.0.0.0/15090] INFO  server.AbstractConnector (AbstractConnector.java:doStart(333)) - Started ServerConnector@1d6a5aee{HTTP/1.1, (http/1.1)}{0.0.0.0:15098}
2023-05-30 05:51:13,647 [Listener at 0.0.0.0/15090] INFO  server.Server (Server.java:doStart(415)) - Started @36886ms
2023-05-30 05:51:13,647 [Listener at 0.0.0.0/15090] WARN  impl.MetricsSystemImpl (MetricsSystemImpl.java:register(279)) - Sink prometheus already exists!
2023-05-30 05:51:13,648 [Listener at 0.0.0.0/15090] INFO  http.BaseHttpServer (BaseHttpServer.java:updateConnectorAddress(344)) - HTTP server of hddsDatanode listening at http://0.0.0.0:15098
2023-05-30 05:51:13,648 [Listener at 0.0.0.0/15090] INFO  ipc.CallQueueManager (CallQueueManager.java:<init>(90)) - Using callQueue: class java.util.concurrent.LinkedBlockingQueue, queueCapacity: 100, scheduler: class org.apache.hadoop.ipc.DefaultRpcScheduler, ipcBackoff: false.
2023-05-30 05:51:13,650 [Socket Reader #1 for port 15099] INFO  ipc.Server (Server.java:run(1319)) - Starting Socket Reader #1 for port 15099
2023-05-30 05:51:13,660 [Listener at 0.0.0.0/15099] INFO  ozone.HddsDatanodeService (HddsDatanodeService.java:start(337)) - Datanode start with admins: [runner]
2023-05-30 05:51:13,660 [Listener at 0.0.0.0/15099] INFO  ozone.HddsDatanodeClientProtocolServer (HddsDatanodeClientProtocolServer.java:start(82)) - RPC server for Client /0.0.0.0:15099
2023-05-30 05:51:13,662 [IPC Server Responder] INFO  ipc.Server (Server.java:run(1558)) - IPC Server Responder: starting
2023-05-30 05:51:13,665 [IPC Server listener on 15099] INFO  ipc.Server (Server.java:run(1398)) - IPC Server listener on 15099: starting
2023-05-30 05:51:13,666 [Listener at 0.0.0.0/15099] INFO  ozone.MiniOzoneClusterImpl (MiniOzoneClusterImpl.java:lambda$waitForClusterToBeReady$0(222)) - Waiting for nodes to be ready. Got 0 of 5 DN Heartbeats.
2023-05-30 05:51:13,666 [Listener at 0.0.0.0/15099] INFO  ozone.MiniOzoneClusterImpl (MiniOzoneClusterImpl.java:lambda$waitForClusterToBeReady$0(225)) - Waiting for cluster to exit safe mode
2023-05-30 05:51:13,666 [Listener at 0.0.0.0/15099] INFO  ozone.MiniOzoneClusterImpl (MiniOzoneClusterImpl.java:lambda$waitForClusterToBeReady$0(227)) - SCM became leader
2023-05-30 05:51:13,677 [Datanode State Machine Daemon Thread] INFO  statemachine.DatanodeStateMachine (DatanodeStateMachine.java:lambda$startDaemon$0(537)) - Ozone container server started.
2023-05-30 05:51:13,682 [org.apache.hadoop.util.JvmPauseMonitor$Monitor@3ca8b865] INFO  util.JvmPauseMonitor (JvmPauseMonitor.java:run(188)) - Starting JVM pause monitor
2023-05-30 05:51:13,688 [Datanode State Machine Task Thread - 0] INFO  datanode.InitDatanodeState (InitDatanodeState.java:persistContainerDatanodeDetails(138)) - DatanodeDetails is persisted to /home/runner/work/ozone/ozone/hadoop-ozone/integration-test/target/test-dir/MiniOzoneClusterImpl-e48a92f5-15eb-4a1f-8733-fd9493ac7566/datanode-4/meta/datanode.id
2023-05-30 05:51:14,245 [EndpointStateMachine task thread for /0.0.0.0:15055 - 0 ] INFO  utils.DatanodeStoreCache (DatanodeStoreCache.java:addDB(66)) - Added db /home/runner/work/ozone/ozone/hadoop-ozone/integration-test/target/test-dir/MiniOzoneClusterImpl-e48a92f5-15eb-4a1f-8733-fd9493ac7566/datanode-0/data-0/containers/hdds/e48a92f5-15eb-4a1f-8733-fd9493ac7566/DS-57815c52-7537-452c-80f8-b4e116df560f/container.db to cache
2023-05-30 05:51:14,245 [EndpointStateMachine task thread for /0.0.0.0:15055 - 0 ] INFO  volume.HddsVolume (HddsVolume.java:createDbStore(350)) - SchemaV3 db is created and loaded at /home/runner/work/ozone/ozone/hadoop-ozone/integration-test/target/test-dir/MiniOzoneClusterImpl-e48a92f5-15eb-4a1f-8733-fd9493ac7566/datanode-0/data-0/containers/hdds/e48a92f5-15eb-4a1f-8733-fd9493ac7566/DS-57815c52-7537-452c-80f8-b4e116df560f/container.db for volume DS-57815c52-7537-452c-80f8-b4e116df560f
2023-05-30 05:51:14,246 [EndpointStateMachine task thread for /0.0.0.0:15055 - 0 ] INFO  ozoneimpl.OzoneContainer (OzoneContainer.java:start(398)) - Attempting to start container services.
2023-05-30 05:51:14,246 [EndpointStateMachine task thread for /0.0.0.0:15055 - 0 ] INFO  ozoneimpl.OzoneContainer (OzoneContainer.java:startContainerScrub(314)) - Scheduled background container scanners and the on-demand container scanner have been disabled.
2023-05-30 05:51:14,247 [EndpointStateMachine task thread for /0.0.0.0:15055 - 0 ] INFO  replication.ReplicationServer (ReplicationServer.java:start(128)) - ReplicationServer is started using port 15069
2023-05-30 05:51:14,248 [EndpointStateMachine task thread for /0.0.0.0:15055 - 0 ] INFO  ratis.XceiverServerRatis (XceiverServerRatis.java:start(517)) - Starting XceiverServerRatis 5f0a7a0d-379d-465b-874e-1eefeb5ab37a
2023-05-30 05:51:14,250 [EndpointStateMachine task thread for /0.0.0.0:15055 - 0 ] INFO  server.RaftServer (RaftServerProxy.java:startImpl(400)) - 5f0a7a0d-379d-465b-874e-1eefeb5ab37a: start RPC server
2023-05-30 05:51:14,252 [EndpointStateMachine task thread for /0.0.0.0:15055 - 0 ] INFO  server.GrpcService (GrpcService.java:startImpl(302)) - 5f0a7a0d-379d-465b-874e-1eefeb5ab37a: GrpcService started, listening on 15065
2023-05-30 05:51:14,253 [EndpointStateMachine task thread for /0.0.0.0:15055 - 0 ] INFO  server.GrpcService (GrpcService.java:startImpl(302)) - 5f0a7a0d-379d-465b-874e-1eefeb5ab37a: GrpcService started, listening on 15067
2023-05-30 05:51:14,254 [EndpointStateMachine task thread for /0.0.0.0:15055 - 0 ] INFO  server.GrpcService (GrpcService.java:startImpl(302)) - 5f0a7a0d-379d-465b-874e-1eefeb5ab37a: GrpcService started, listening on 15066
2023-05-30 05:51:14,254 [EndpointStateMachine task thread for /0.0.0.0:15055 - 0 ] INFO  ratis.XceiverServerRatis (XceiverServerRatis.java:getRealPort(543)) - XceiverServerRatis 5f0a7a0d-379d-465b-874e-1eefeb5ab37a is started using port 15065 for RATIS
2023-05-30 05:51:14,254 [EndpointStateMachine task thread for /0.0.0.0:15055 - 0 ] INFO  ratis.XceiverServerRatis (XceiverServerRatis.java:getRealPort(543)) - XceiverServerRatis 5f0a7a0d-379d-465b-874e-1eefeb5ab37a is started using port 15066 for RATIS_ADMIN
2023-05-30 05:51:14,254 [EndpointStateMachine task thread for /0.0.0.0:15055 - 0 ] INFO  ratis.XceiverServerRatis (XceiverServerRatis.java:getRealPort(543)) - XceiverServerRatis 5f0a7a0d-379d-465b-874e-1eefeb5ab37a is started using port 15067 for RATIS_SERVER
2023-05-30 05:51:14,254 [EndpointStateMachine task thread for /0.0.0.0:15055 - 0 ] INFO  ratis.XceiverServerRatis (XceiverServerRatis.java:getRealPort(543)) - XceiverServerRatis 5f0a7a0d-379d-465b-874e-1eefeb5ab37a is started using port 15068 for RATIS_DATASTREAM
2023-05-30 05:51:14,254 [JvmPauseMonitor7] INFO  util.JvmPauseMonitor (JvmPauseMonitor.java:run(103)) - JvmPauseMonitor-5f0a7a0d-379d-465b-874e-1eefeb5ab37a: Started
2023-05-30 05:51:14,258 [BlockDeletingService#0] INFO  interfaces.ContainerDeletionChoosingPolicyTemplate (ContainerDeletionChoosingPolicyTemplate.java:chooseContainerForBlockDeletion(83)) - Chosen 0/5000 blocks from 0 candidate containers.
2023-05-30 05:51:14,597 [EndpointStateMachine task thread for /0.0.0.0:15055 - 0 ] INFO  utils.DatanodeStoreCache (DatanodeStoreCache.java:addDB(66)) - Added db /home/runner/work/ozone/ozone/hadoop-ozone/integration-test/target/test-dir/MiniOzoneClusterImpl-e48a92f5-15eb-4a1f-8733-fd9493ac7566/datanode-1/data-0/containers/hdds/e48a92f5-15eb-4a1f-8733-fd9493ac7566/DS-2f10af06-abd8-4b40-aace-14c06222620d/container.db to cache
2023-05-30 05:51:14,597 [EndpointStateMachine task thread for /0.0.0.0:15055 - 0 ] INFO  volume.HddsVolume (HddsVolume.java:createDbStore(350)) - SchemaV3 db is created and loaded at /home/runner/work/ozone/ozone/hadoop-ozone/integration-test/target/test-dir/MiniOzoneClusterImpl-e48a92f5-15eb-4a1f-8733-fd9493ac7566/datanode-1/data-0/containers/hdds/e48a92f5-15eb-4a1f-8733-fd9493ac7566/DS-2f10af06-abd8-4b40-aace-14c06222620d/container.db for volume DS-2f10af06-abd8-4b40-aace-14c06222620d
2023-05-30 05:51:14,598 [EndpointStateMachine task thread for /0.0.0.0:15055 - 0 ] INFO  ozoneimpl.OzoneContainer (OzoneContainer.java:start(398)) - Attempting to start container services.
2023-05-30 05:51:14,598 [EndpointStateMachine task thread for /0.0.0.0:15055 - 0 ] INFO  ozoneimpl.OzoneContainer (OzoneContainer.java:startContainerScrub(314)) - Scheduled background container scanners and the on-demand container scanner have been disabled.
2023-05-30 05:51:14,601 [EndpointStateMachine task thread for /0.0.0.0:15055 - 0 ] INFO  replication.ReplicationServer (ReplicationServer.java:start(128)) - ReplicationServer is started using port 15078
2023-05-30 05:51:14,601 [EndpointStateMachine task thread for /0.0.0.0:15055 - 0 ] INFO  ratis.XceiverServerRatis (XceiverServerRatis.java:start(517)) - Starting XceiverServerRatis be966552-930a-4dc9-b164-7221c5e4b48a
2023-05-30 05:51:14,602 [EndpointStateMachine task thread for /0.0.0.0:15055 - 0 ] INFO  server.RaftServer (RaftServerProxy.java:startImpl(400)) - be966552-930a-4dc9-b164-7221c5e4b48a: start RPC server
2023-05-30 05:51:14,603 [EndpointStateMachine task thread for /0.0.0.0:15055 - 0 ] INFO  server.GrpcService (GrpcService.java:startImpl(302)) - be966552-930a-4dc9-b164-7221c5e4b48a: GrpcService started, listening on 15074
2023-05-30 05:51:14,604 [EndpointStateMachine task thread for /0.0.0.0:15055 - 0 ] INFO  server.GrpcService (GrpcService.java:startImpl(302)) - be966552-930a-4dc9-b164-7221c5e4b48a: GrpcService started, listening on 15076
2023-05-30 05:51:14,606 [EndpointStateMachine task thread for /0.0.0.0:15055 - 0 ] INFO  server.GrpcService (GrpcService.java:startImpl(302)) - be966552-930a-4dc9-b164-7221c5e4b48a: GrpcService started, listening on 15075
2023-05-30 05:51:14,606 [EndpointStateMachine task thread for /0.0.0.0:15055 - 0 ] INFO  ratis.XceiverServerRatis (XceiverServerRatis.java:getRealPort(543)) - XceiverServerRatis be966552-930a-4dc9-b164-7221c5e4b48a is started using port 15074 for RATIS
2023-05-30 05:51:14,606 [EndpointStateMachine task thread for /0.0.0.0:15055 - 0 ] INFO  ratis.XceiverServerRatis (XceiverServerRatis.java:getRealPort(543)) - XceiverServerRatis be966552-930a-4dc9-b164-7221c5e4b48a is started using port 15075 for RATIS_ADMIN
2023-05-30 05:51:14,606 [JvmPauseMonitor8] INFO  util.JvmPauseMonitor (JvmPauseMonitor.java:run(103)) - JvmPauseMonitor-be966552-930a-4dc9-b164-7221c5e4b48a: Started
2023-05-30 05:51:14,606 [EndpointStateMachine task thread for /0.0.0.0:15055 - 0 ] INFO  ratis.XceiverServerRatis (XceiverServerRatis.java:getRealPort(543)) - XceiverServerRatis be966552-930a-4dc9-b164-7221c5e4b48a is started using port 15076 for RATIS_SERVER
2023-05-30 05:51:14,606 [EndpointStateMachine task thread for /0.0.0.0:15055 - 0 ] INFO  ratis.XceiverServerRatis (XceiverServerRatis.java:getRealPort(543)) - XceiverServerRatis be966552-930a-4dc9-b164-7221c5e4b48a is started using port 15077 for RATIS_DATASTREAM
2023-05-30 05:51:14,614 [BlockDeletingService#0] INFO  interfaces.ContainerDeletionChoosingPolicyTemplate (ContainerDeletionChoosingPolicyTemplate.java:chooseContainerForBlockDeletion(83)) - Chosen 0/5000 blocks from 0 candidate containers.
2023-05-30 05:51:14,666 [Listener at 0.0.0.0/15099] INFO  ozone.MiniOzoneClusterImpl (MiniOzoneClusterImpl.java:lambda$waitForClusterToBeReady$0(222)) - Waiting for nodes to be ready. Got 0 of 5 DN Heartbeats.
2023-05-30 05:51:14,667 [Listener at 0.0.0.0/15099] INFO  ozone.MiniOzoneClusterImpl (MiniOzoneClusterImpl.java:lambda$waitForClusterToBeReady$0(225)) - Waiting for cluster to exit safe mode
2023-05-30 05:51:14,667 [Listener at 0.0.0.0/15099] INFO  ozone.MiniOzoneClusterImpl (MiniOzoneClusterImpl.java:lambda$waitForClusterToBeReady$0(227)) - SCM became leader
2023-05-30 05:51:14,973 [EndpointStateMachine task thread for /0.0.0.0:15055 - 0 ] INFO  utils.DatanodeStoreCache (DatanodeStoreCache.java:addDB(66)) - Added db /home/runner/work/ozone/ozone/hadoop-ozone/integration-test/target/test-dir/MiniOzoneClusterImpl-e48a92f5-15eb-4a1f-8733-fd9493ac7566/datanode-2/data-0/containers/hdds/e48a92f5-15eb-4a1f-8733-fd9493ac7566/DS-29c16e58-8688-458e-8fbb-167af12f75cd/container.db to cache
2023-05-30 05:51:14,973 [EndpointStateMachine task thread for /0.0.0.0:15055 - 0 ] INFO  volume.HddsVolume (HddsVolume.java:createDbStore(350)) - SchemaV3 db is created and loaded at /home/runner/work/ozone/ozone/hadoop-ozone/integration-test/target/test-dir/MiniOzoneClusterImpl-e48a92f5-15eb-4a1f-8733-fd9493ac7566/datanode-2/data-0/containers/hdds/e48a92f5-15eb-4a1f-8733-fd9493ac7566/DS-29c16e58-8688-458e-8fbb-167af12f75cd/container.db for volume DS-29c16e58-8688-458e-8fbb-167af12f75cd
2023-05-30 05:51:14,973 [EndpointStateMachine task thread for /0.0.0.0:15055 - 0 ] INFO  ozoneimpl.OzoneContainer (OzoneContainer.java:start(398)) - Attempting to start container services.
2023-05-30 05:51:14,973 [EndpointStateMachine task thread for /0.0.0.0:15055 - 0 ] INFO  ozoneimpl.OzoneContainer (OzoneContainer.java:startContainerScrub(314)) - Scheduled background container scanners and the on-demand container scanner have been disabled.
2023-05-30 05:51:14,975 [EndpointStateMachine task thread for /0.0.0.0:15055 - 0 ] INFO  replication.ReplicationServer (ReplicationServer.java:start(128)) - ReplicationServer is started using port 15087
2023-05-30 05:51:14,975 [EndpointStateMachine task thread for /0.0.0.0:15055 - 0 ] INFO  ratis.XceiverServerRatis (XceiverServerRatis.java:start(517)) - Starting XceiverServerRatis 86ce2dc3-e244-48ce-a353-aea1892a305a
2023-05-30 05:51:14,976 [EndpointStateMachine task thread for /0.0.0.0:15055 - 0 ] INFO  server.RaftServer (RaftServerProxy.java:startImpl(400)) - 86ce2dc3-e244-48ce-a353-aea1892a305a: start RPC server
2023-05-30 05:51:14,979 [EndpointStateMachine task thread for /0.0.0.0:15055 - 0 ] INFO  server.GrpcService (GrpcService.java:startImpl(302)) - 86ce2dc3-e244-48ce-a353-aea1892a305a: GrpcService started, listening on 15083
2023-05-30 05:51:14,983 [EndpointStateMachine task thread for /0.0.0.0:15055 - 0 ] INFO  server.GrpcService (GrpcService.java:startImpl(302)) - 86ce2dc3-e244-48ce-a353-aea1892a305a: GrpcService started, listening on 15085
2023-05-30 05:51:14,983 [EndpointStateMachine task thread for /0.0.0.0:15055 - 0 ] INFO  server.GrpcService (GrpcService.java:startImpl(302)) - 86ce2dc3-e244-48ce-a353-aea1892a305a: GrpcService started, listening on 15084
2023-05-30 05:51:14,984 [EndpointStateMachine task thread for /0.0.0.0:15055 - 0 ] INFO  ratis.XceiverServerRatis (XceiverServerRatis.java:getRealPort(543)) - XceiverServerRatis 86ce2dc3-e244-48ce-a353-aea1892a305a is started using port 15083 for RATIS
2023-05-30 05:51:14,984 [EndpointStateMachine task thread for /0.0.0.0:15055 - 0 ] INFO  ratis.XceiverServerRatis (XceiverServerRatis.java:getRealPort(543)) - XceiverServerRatis 86ce2dc3-e244-48ce-a353-aea1892a305a is started using port 15084 for RATIS_ADMIN
2023-05-30 05:51:14,984 [JvmPauseMonitor9] INFO  util.JvmPauseMonitor (JvmPauseMonitor.java:run(103)) - JvmPauseMonitor-86ce2dc3-e244-48ce-a353-aea1892a305a: Started
2023-05-30 05:51:14,984 [EndpointStateMachine task thread for /0.0.0.0:15055 - 0 ] INFO  ratis.XceiverServerRatis (XceiverServerRatis.java:getRealPort(543)) - XceiverServerRatis 86ce2dc3-e244-48ce-a353-aea1892a305a is started using port 15085 for RATIS_SERVER
2023-05-30 05:51:14,984 [EndpointStateMachine task thread for /0.0.0.0:15055 - 0 ] INFO  ratis.XceiverServerRatis (XceiverServerRatis.java:getRealPort(543)) - XceiverServerRatis 86ce2dc3-e244-48ce-a353-aea1892a305a is started using port 15086 for RATIS_DATASTREAM
2023-05-30 05:51:14,986 [BlockDeletingService#0] INFO  interfaces.ContainerDeletionChoosingPolicyTemplate (ContainerDeletionChoosingPolicyTemplate.java:chooseContainerForBlockDeletion(83)) - Chosen 0/5000 blocks from 0 candidate containers.
2023-05-30 05:51:15,356 [EndpointStateMachine task thread for /0.0.0.0:15055 - 0 ] INFO  utils.DatanodeStoreCache (DatanodeStoreCache.java:addDB(66)) - Added db /home/runner/work/ozone/ozone/hadoop-ozone/integration-test/target/test-dir/MiniOzoneClusterImpl-e48a92f5-15eb-4a1f-8733-fd9493ac7566/datanode-3/data-0/containers/hdds/e48a92f5-15eb-4a1f-8733-fd9493ac7566/DS-b364c467-4db4-4665-b06e-ea607260d9b9/container.db to cache
2023-05-30 05:51:15,356 [EndpointStateMachine task thread for /0.0.0.0:15055 - 0 ] INFO  volume.HddsVolume (HddsVolume.java:createDbStore(350)) - SchemaV3 db is created and loaded at /home/runner/work/ozone/ozone/hadoop-ozone/integration-test/target/test-dir/MiniOzoneClusterImpl-e48a92f5-15eb-4a1f-8733-fd9493ac7566/datanode-3/data-0/containers/hdds/e48a92f5-15eb-4a1f-8733-fd9493ac7566/DS-b364c467-4db4-4665-b06e-ea607260d9b9/container.db for volume DS-b364c467-4db4-4665-b06e-ea607260d9b9
2023-05-30 05:51:15,357 [EndpointStateMachine task thread for /0.0.0.0:15055 - 0 ] INFO  ozoneimpl.OzoneContainer (OzoneContainer.java:start(398)) - Attempting to start container services.
2023-05-30 05:51:15,357 [EndpointStateMachine task thread for /0.0.0.0:15055 - 0 ] INFO  ozoneimpl.OzoneContainer (OzoneContainer.java:startContainerScrub(314)) - Scheduled background container scanners and the on-demand container scanner have been disabled.
2023-05-30 05:51:15,358 [EndpointStateMachine task thread for /0.0.0.0:15055 - 0 ] INFO  replication.ReplicationServer (ReplicationServer.java:start(128)) - ReplicationServer is started using port 15096
2023-05-30 05:51:15,358 [EndpointStateMachine task thread for /0.0.0.0:15055 - 0 ] INFO  ratis.XceiverServerRatis (XceiverServerRatis.java:start(517)) - Starting XceiverServerRatis 5a6be6a9-c9d4-4a94-9994-4634fa86fc33
2023-05-30 05:51:15,358 [EndpointStateMachine task thread for /0.0.0.0:15055 - 0 ] INFO  server.RaftServer (RaftServerProxy.java:startImpl(400)) - 5a6be6a9-c9d4-4a94-9994-4634fa86fc33: start RPC server
2023-05-30 05:51:15,359 [EndpointStateMachine task thread for /0.0.0.0:15055 - 0 ] INFO  server.GrpcService (GrpcService.java:startImpl(302)) - 5a6be6a9-c9d4-4a94-9994-4634fa86fc33: GrpcService started, listening on 15092
2023-05-30 05:51:15,362 [EndpointStateMachine task thread for /0.0.0.0:15055 - 0 ] INFO  server.GrpcService (GrpcService.java:startImpl(302)) - 5a6be6a9-c9d4-4a94-9994-4634fa86fc33: GrpcService started, listening on 15094
2023-05-30 05:51:15,366 [EndpointStateMachine task thread for /0.0.0.0:15055 - 0 ] INFO  server.GrpcService (GrpcService.java:startImpl(302)) - 5a6be6a9-c9d4-4a94-9994-4634fa86fc33: GrpcService started, listening on 15093
2023-05-30 05:51:15,374 [EndpointStateMachine task thread for /0.0.0.0:15055 - 0 ] INFO  ratis.XceiverServerRatis (XceiverServerRatis.java:getRealPort(543)) - XceiverServerRatis 5a6be6a9-c9d4-4a94-9994-4634fa86fc33 is started using port 15092 for RATIS
2023-05-30 05:51:15,374 [EndpointStateMachine task thread for /0.0.0.0:15055 - 0 ] INFO  ratis.XceiverServerRatis (XceiverServerRatis.java:getRealPort(543)) - XceiverServerRatis 5a6be6a9-c9d4-4a94-9994-4634fa86fc33 is started using port 15093 for RATIS_ADMIN
2023-05-30 05:51:15,374 [EndpointStateMachine task thread for /0.0.0.0:15055 - 0 ] INFO  ratis.XceiverServerRatis (XceiverServerRatis.java:getRealPort(543)) - XceiverServerRatis 5a6be6a9-c9d4-4a94-9994-4634fa86fc33 is started using port 15094 for RATIS_SERVER
2023-05-30 05:51:15,374 [EndpointStateMachine task thread for /0.0.0.0:15055 - 0 ] INFO  ratis.XceiverServerRatis (XceiverServerRatis.java:getRealPort(543)) - XceiverServerRatis 5a6be6a9-c9d4-4a94-9994-4634fa86fc33 is started using port 15095 for RATIS_DATASTREAM
2023-05-30 05:51:15,374 [JvmPauseMonitor10] INFO  util.JvmPauseMonitor (JvmPauseMonitor.java:run(103)) - JvmPauseMonitor-5a6be6a9-c9d4-4a94-9994-4634fa86fc33: Started
2023-05-30 05:51:15,383 [BlockDeletingService#0] INFO  interfaces.ContainerDeletionChoosingPolicyTemplate (ContainerDeletionChoosingPolicyTemplate.java:chooseContainerForBlockDeletion(83)) - Chosen 0/5000 blocks from 0 candidate containers.
2023-05-30 05:51:15,667 [Listener at 0.0.0.0/15099] INFO  ozone.MiniOzoneClusterImpl (MiniOzoneClusterImpl.java:lambda$waitForClusterToBeReady$0(222)) - Waiting for nodes to be ready. Got 0 of 5 DN Heartbeats.
2023-05-30 05:51:15,667 [Listener at 0.0.0.0/15099] INFO  ozone.MiniOzoneClusterImpl (MiniOzoneClusterImpl.java:lambda$waitForClusterToBeReady$0(225)) - Waiting for cluster to exit safe mode
2023-05-30 05:51:15,667 [Listener at 0.0.0.0/15099] INFO  ozone.MiniOzoneClusterImpl (MiniOzoneClusterImpl.java:lambda$waitForClusterToBeReady$0(227)) - SCM became leader
2023-05-30 05:51:15,733 [EndpointStateMachine task thread for /0.0.0.0:15055 - 0 ] INFO  utils.DatanodeStoreCache (DatanodeStoreCache.java:addDB(66)) - Added db /home/runner/work/ozone/ozone/hadoop-ozone/integration-test/target/test-dir/MiniOzoneClusterImpl-e48a92f5-15eb-4a1f-8733-fd9493ac7566/datanode-4/data-0/containers/hdds/e48a92f5-15eb-4a1f-8733-fd9493ac7566/DS-41bf0a49-abb1-4aeb-b121-873814ee7290/container.db to cache
2023-05-30 05:51:15,734 [EndpointStateMachine task thread for /0.0.0.0:15055 - 0 ] INFO  volume.HddsVolume (HddsVolume.java:createDbStore(350)) - SchemaV3 db is created and loaded at /home/runner/work/ozone/ozone/hadoop-ozone/integration-test/target/test-dir/MiniOzoneClusterImpl-e48a92f5-15eb-4a1f-8733-fd9493ac7566/datanode-4/data-0/containers/hdds/e48a92f5-15eb-4a1f-8733-fd9493ac7566/DS-41bf0a49-abb1-4aeb-b121-873814ee7290/container.db for volume DS-41bf0a49-abb1-4aeb-b121-873814ee7290
2023-05-30 05:51:15,734 [EndpointStateMachine task thread for /0.0.0.0:15055 - 0 ] INFO  ozoneimpl.OzoneContainer (OzoneContainer.java:start(398)) - Attempting to start container services.
2023-05-30 05:51:15,734 [EndpointStateMachine task thread for /0.0.0.0:15055 - 0 ] INFO  ozoneimpl.OzoneContainer (OzoneContainer.java:startContainerScrub(314)) - Scheduled background container scanners and the on-demand container scanner have been disabled.
2023-05-30 05:51:15,735 [EndpointStateMachine task thread for /0.0.0.0:15055 - 0 ] INFO  replication.ReplicationServer (ReplicationServer.java:start(128)) - ReplicationServer is started using port 15105
2023-05-30 05:51:15,735 [EndpointStateMachine task thread for /0.0.0.0:15055 - 0 ] INFO  ratis.XceiverServerRatis (XceiverServerRatis.java:start(517)) - Starting XceiverServerRatis c349d58c-25ab-4714-8ef6-0f97be22f2ca
2023-05-30 05:51:15,736 [EndpointStateMachine task thread for /0.0.0.0:15055 - 0 ] INFO  server.RaftServer (RaftServerProxy.java:startImpl(400)) - c349d58c-25ab-4714-8ef6-0f97be22f2ca: start RPC server
2023-05-30 05:51:15,736 [EndpointStateMachine task thread for /0.0.0.0:15055 - 0 ] INFO  server.GrpcService (GrpcService.java:startImpl(302)) - c349d58c-25ab-4714-8ef6-0f97be22f2ca: GrpcService started, listening on 15101
2023-05-30 05:51:15,738 [EndpointStateMachine task thread for /0.0.0.0:15055 - 0 ] INFO  server.GrpcService (GrpcService.java:startImpl(302)) - c349d58c-25ab-4714-8ef6-0f97be22f2ca: GrpcService started, listening on 15103
2023-05-30 05:51:15,738 [EndpointStateMachine task thread for /0.0.0.0:15055 - 0 ] INFO  server.GrpcService (GrpcService.java:startImpl(302)) - c349d58c-25ab-4714-8ef6-0f97be22f2ca: GrpcService started, listening on 15102
2023-05-30 05:51:15,739 [EndpointStateMachine task thread for /0.0.0.0:15055 - 0 ] INFO  ratis.XceiverServerRatis (XceiverServerRatis.java:getRealPort(543)) - XceiverServerRatis c349d58c-25ab-4714-8ef6-0f97be22f2ca is started using port 15101 for RATIS
2023-05-30 05:51:15,739 [JvmPauseMonitor11] INFO  util.JvmPauseMonitor (JvmPauseMonitor.java:run(103)) - JvmPauseMonitor-c349d58c-25ab-4714-8ef6-0f97be22f2ca: Started
2023-05-30 05:51:15,739 [EndpointStateMachine task thread for /0.0.0.0:15055 - 0 ] INFO  ratis.XceiverServerRatis (XceiverServerRatis.java:getRealPort(543)) - XceiverServerRatis c349d58c-25ab-4714-8ef6-0f97be22f2ca is started using port 15102 for RATIS_ADMIN
2023-05-30 05:51:15,739 [EndpointStateMachine task thread for /0.0.0.0:15055 - 0 ] INFO  ratis.XceiverServerRatis (XceiverServerRatis.java:getRealPort(543)) - XceiverServerRatis c349d58c-25ab-4714-8ef6-0f97be22f2ca is started using port 15103 for RATIS_SERVER
2023-05-30 05:51:15,739 [EndpointStateMachine task thread for /0.0.0.0:15055 - 0 ] INFO  ratis.XceiverServerRatis (XceiverServerRatis.java:getRealPort(543)) - XceiverServerRatis c349d58c-25ab-4714-8ef6-0f97be22f2ca is started using port 15104 for RATIS_DATASTREAM
2023-05-30 05:51:15,742 [BlockDeletingService#0] INFO  interfaces.ContainerDeletionChoosingPolicyTemplate (ContainerDeletionChoosingPolicyTemplate.java:chooseContainerForBlockDeletion(83)) - Chosen 0/5000 blocks from 0 candidate containers.
2023-05-30 05:51:16,190 [IPC Server handler 1 on default port 15055] INFO  net.NetworkTopologyImpl (NetworkTopologyImpl.java:add(112)) - Added a new node: /default-rack/5f0a7a0d-379d-465b-874e-1eefeb5ab37a
2023-05-30 05:51:16,190 [IPC Server handler 1 on default port 15055] INFO  node.SCMNodeManager (SCMNodeManager.java:register(407)) - Registered Data node : 5f0a7a0d-379d-465b-874e-1eefeb5ab37a{ip: 10.1.0.18, host: fv-az800-703, ports: [HTTP=15062, CLIENT_RPC=15063, REPLICATION=15069, RATIS=15065, RATIS_ADMIN=15066, RATIS_SERVER=15067, RATIS_DATASTREAM=15068, STANDALONE=15064], networkLocation: /default-rack, certSerialId: null, persistedOpState: null, persistedOpStateExpiryEpochSec: 0}
2023-05-30 05:51:16,193 [EventQueue-NodeRegistrationContainerReportForDataNodeSafeModeRule] INFO  safemode.SCMSafeModeManager (DataNodeSafeModeRule.java:process(71)) - SCM in safe mode. 1 DataNodes registered, 3 required.
2023-05-30 05:51:16,193 [EventQueue-NodeRegistrationContainerReportForContainerSafeModeRule] INFO  safemode.SCMSafeModeManager (SCMSafeModeManager.java:validateSafeModeExitRules(200)) - ContainerSafeModeRule rule is successfully validated
2023-05-30 05:51:16,198 [EventQueue-NewNodeForNewNodeHandler] INFO  pipeline.BackgroundPipelineCreator (BackgroundPipelineCreator.java:notifyEventTriggered(276)) - trigger a one-shot run on RatisPipelineUtilsThread.
2023-05-30 05:51:16,199 [RatisPipelineUtilsThread - 0] INFO  pipeline.RatisPipelineProvider (RatisPipelineProvider.java:lambda$create$0(206)) - Sending CreatePipelineCommand for pipeline:PipelineID=5fca373b-71ac-4e03-bac2-0cf95d1abd34 to datanode:5f0a7a0d-379d-465b-874e-1eefeb5ab37a
2023-05-30 05:51:16,200 [EventQueue-PipelineReportForOneReplicaPipelineSafeModeRule] INFO  safemode.SCMSafeModeManager (SCMSafeModeManager.java:validateSafeModeExitRules(200)) - AtleastOneDatanodeReportedRule rule is successfully validated
2023-05-30 05:51:16,200 [RatisPipelineUtilsThread - 0] INFO  pipeline.PipelineStateManagerImpl (PipelineStateManagerImpl.java:addPipeline(103)) - Created pipeline Pipeline[ Id: 5fca373b-71ac-4e03-bac2-0cf95d1abd34, Nodes: 5f0a7a0d-379d-465b-874e-1eefeb5ab37a(fv-az800-703/10.1.0.18), ReplicationConfig: RATIS/ONE, State:ALLOCATED, leaderId:, CreationTimestamp2023-05-30T05:51:16.199Z[Etc/UTC]].
2023-05-30 05:51:16,555 [IPC Server handler 2 on default port 15055] INFO  net.NetworkTopologyImpl (NetworkTopologyImpl.java:add(112)) - Added a new node: /default-rack/be966552-930a-4dc9-b164-7221c5e4b48a
2023-05-30 05:51:16,555 [IPC Server handler 2 on default port 15055] INFO  node.SCMNodeManager (SCMNodeManager.java:register(407)) - Registered Data node : be966552-930a-4dc9-b164-7221c5e4b48a{ip: 10.1.0.18, host: fv-az800-703, ports: [HTTP=15071, CLIENT_RPC=15072, REPLICATION=15078, RATIS=15074, RATIS_ADMIN=15075, RATIS_SERVER=15076, RATIS_DATASTREAM=15077, STANDALONE=15073], networkLocation: /default-rack, certSerialId: null, persistedOpState: null, persistedOpStateExpiryEpochSec: 0}
2023-05-30 05:51:16,557 [EventQueue-NodeRegistrationContainerReportForDataNodeSafeModeRule] INFO  safemode.SCMSafeModeManager (DataNodeSafeModeRule.java:process(71)) - SCM in safe mode. 2 DataNodes registered, 3 required.
2023-05-30 05:51:16,558 [EventQueue-NewNodeForNewNodeHandler] INFO  pipeline.BackgroundPipelineCreator (BackgroundPipelineCreator.java:notifyEventTriggered(276)) - trigger a one-shot run on RatisPipelineUtilsThread.
2023-05-30 05:51:16,558 [RatisPipelineUtilsThread - 0] INFO  pipeline.RatisPipelineProvider (RatisPipelineProvider.java:lambda$create$0(206)) - Sending CreatePipelineCommand for pipeline:PipelineID=dc03b02a-f86d-4f15-9830-9b0a8cbf8974 to datanode:be966552-930a-4dc9-b164-7221c5e4b48a
2023-05-30 05:51:16,559 [RatisPipelineUtilsThread - 0] INFO  pipeline.PipelineStateManagerImpl (PipelineStateManagerImpl.java:addPipeline(103)) - Created pipeline Pipeline[ Id: dc03b02a-f86d-4f15-9830-9b0a8cbf8974, Nodes: be966552-930a-4dc9-b164-7221c5e4b48a(fv-az800-703/10.1.0.18), ReplicationConfig: RATIS/ONE, State:ALLOCATED, leaderId:, CreationTimestamp2023-05-30T05:51:16.558Z[Etc/UTC]].
2023-05-30 05:51:16,667 [Listener at 0.0.0.0/15099] INFO  ozone.MiniOzoneClusterImpl (MiniOzoneClusterImpl.java:lambda$waitForClusterToBeReady$0(222)) - Waiting for nodes to be ready. Got 2 of 5 DN Heartbeats.
2023-05-30 05:51:16,668 [Listener at 0.0.0.0/15099] INFO  ozone.MiniOzoneClusterImpl (MiniOzoneClusterImpl.java:lambda$waitForClusterToBeReady$0(225)) - Waiting for cluster to exit safe mode
2023-05-30 05:51:16,668 [Listener at 0.0.0.0/15099] INFO  ozone.MiniOzoneClusterImpl (MiniOzoneClusterImpl.java:lambda$waitForClusterToBeReady$0(227)) - SCM became leader
2023-05-30 05:51:16,929 [IPC Server handler 0 on default port 15055] INFO  net.NetworkTopologyImpl (NetworkTopologyImpl.java:add(112)) - Added a new node: /default-rack/86ce2dc3-e244-48ce-a353-aea1892a305a
2023-05-30 05:51:16,929 [IPC Server handler 0 on default port 15055] INFO  node.SCMNodeManager (SCMNodeManager.java:register(407)) - Registered Data node : 86ce2dc3-e244-48ce-a353-aea1892a305a{ip: 10.1.0.18, host: fv-az800-703, ports: [HTTP=15080, CLIENT_RPC=15081, REPLICATION=15087, RATIS=15083, RATIS_ADMIN=15084, RATIS_SERVER=15085, RATIS_DATASTREAM=15086, STANDALONE=15082], networkLocation: /default-rack, certSerialId: null, persistedOpState: null, persistedOpStateExpiryEpochSec: 0}
2023-05-30 05:51:16,930 [EventQueue-NewNodeForNewNodeHandler] INFO  pipeline.BackgroundPipelineCreator (BackgroundPipelineCreator.java:notifyEventTriggered(276)) - trigger a one-shot run on RatisPipelineUtilsThread.
2023-05-30 05:51:16,930 [RatisPipelineUtilsThread - 0] INFO  pipeline.RatisPipelineProvider (RatisPipelineProvider.java:lambda$create$0(206)) - Sending CreatePipelineCommand for pipeline:PipelineID=e08f2cd6-22da-4e6a-adde-9101922744c1 to datanode:86ce2dc3-e244-48ce-a353-aea1892a305a
2023-05-30 05:51:16,931 [RatisPipelineUtilsThread - 0] INFO  pipeline.PipelineStateManagerImpl (PipelineStateManagerImpl.java:addPipeline(103)) - Created pipeline Pipeline[ Id: e08f2cd6-22da-4e6a-adde-9101922744c1, Nodes: 86ce2dc3-e244-48ce-a353-aea1892a305a(fv-az800-703/10.1.0.18), ReplicationConfig: RATIS/ONE, State:ALLOCATED, leaderId:, CreationTimestamp2023-05-30T05:51:16.930Z[Etc/UTC]].
2023-05-30 05:51:16,931 [EventQueue-NodeRegistrationContainerReportForDataNodeSafeModeRule] INFO  safemode.SCMSafeModeManager (DataNodeSafeModeRule.java:process(71)) - SCM in safe mode. 3 DataNodes registered, 3 required.
2023-05-30 05:51:16,932 [EventQueue-NodeRegistrationContainerReportForDataNodeSafeModeRule] INFO  safemode.SCMSafeModeManager (SCMSafeModeManager.java:validateSafeModeExitRules(200)) - DataNodeSafeModeRule rule is successfully validated
2023-05-30 05:51:16,932 [EventQueue-NodeRegistrationContainerReportForDataNodeSafeModeRule] INFO  safemode.SCMSafeModeManager (SCMSafeModeManager.java:completePreCheck(229)) - All SCM safe mode pre check rules have passed
2023-05-30 05:51:16,932 [EventQueue-NodeRegistrationContainerReportForDataNodeSafeModeRule] INFO  ha.SCMContext (SCMContext.java:updateSafeModeStatus(228)) - Update SafeModeStatus from SafeModeStatus{safeModeStatus=true, preCheckPassed=false} to SafeModeStatus{safeModeStatus=true, preCheckPassed=true}.
2023-05-30 05:51:16,932 [EventQueue-NodeRegistrationContainerReportForDataNodeSafeModeRule] INFO  pipeline.BackgroundPipelineCreator (BackgroundPipelineCreator.java:notifyEventTriggered(276)) - trigger a one-shot run on RatisPipelineUtilsThread.
2023-05-30 05:51:16,933 [RatisPipelineUtilsThread - 0] INFO  pipeline.RatisPipelineProvider (RatisPipelineProvider.java:lambda$create$0(206)) - Sending CreatePipelineCommand for pipeline:PipelineID=d19e750b-19e0-4091-a425-6f28ded1d2f5 to datanode:86ce2dc3-e244-48ce-a353-aea1892a305a
2023-05-30 05:51:16,933 [RatisPipelineUtilsThread - 0] INFO  pipeline.RatisPipelineProvider (RatisPipelineProvider.java:lambda$create$0(206)) - Sending CreatePipelineCommand for pipeline:PipelineID=d19e750b-19e0-4091-a425-6f28ded1d2f5 to datanode:5f0a7a0d-379d-465b-874e-1eefeb5ab37a
2023-05-30 05:51:16,933 [RatisPipelineUtilsThread - 0] INFO  pipeline.RatisPipelineProvider (RatisPipelineProvider.java:lambda$create$0(206)) - Sending CreatePipelineCommand for pipeline:PipelineID=d19e750b-19e0-4091-a425-6f28ded1d2f5 to datanode:be966552-930a-4dc9-b164-7221c5e4b48a
2023-05-30 05:51:16,933 [RatisPipelineUtilsThread - 0] INFO  pipeline.PipelineStateManagerImpl (PipelineStateManagerImpl.java:addPipeline(103)) - Created pipeline Pipeline[ Id: d19e750b-19e0-4091-a425-6f28ded1d2f5, Nodes: 86ce2dc3-e244-48ce-a353-aea1892a305a(fv-az800-703/10.1.0.18)5f0a7a0d-379d-465b-874e-1eefeb5ab37a(fv-az800-703/10.1.0.18)be966552-930a-4dc9-b164-7221c5e4b48a(fv-az800-703/10.1.0.18), ReplicationConfig: RATIS/THREE, State:ALLOCATED, leaderId:, CreationTimestamp2023-05-30T05:51:16.932Z[Etc/UTC]].
2023-05-30 05:51:16,934 [RatisPipelineUtilsThread - 0] INFO  pipeline.RatisPipelineProvider (RatisPipelineProvider.java:lambda$create$0(206)) - Sending CreatePipelineCommand for pipeline:PipelineID=54279088-66cd-4f69-ab2d-7ff882ee731f to datanode:86ce2dc3-e244-48ce-a353-aea1892a305a
2023-05-30 05:51:16,934 [RatisPipelineUtilsThread - 0] INFO  pipeline.RatisPipelineProvider (RatisPipelineProvider.java:lambda$create$0(206)) - Sending CreatePipelineCommand for pipeline:PipelineID=54279088-66cd-4f69-ab2d-7ff882ee731f to datanode:5f0a7a0d-379d-465b-874e-1eefeb5ab37a
2023-05-30 05:51:16,934 [RatisPipelineUtilsThread - 0] INFO  pipeline.RatisPipelineProvider (RatisPipelineProvider.java:lambda$create$0(206)) - Sending CreatePipelineCommand for pipeline:PipelineID=54279088-66cd-4f69-ab2d-7ff882ee731f to datanode:be966552-930a-4dc9-b164-7221c5e4b48a
2023-05-30 05:51:16,934 [RatisPipelineUtilsThread - 0] INFO  pipeline.PipelineStateManagerImpl (PipelineStateManagerImpl.java:addPipeline(103)) - Created pipeline Pipeline[ Id: 54279088-66cd-4f69-ab2d-7ff882ee731f, Nodes: 86ce2dc3-e244-48ce-a353-aea1892a305a(fv-az800-703/10.1.0.18)5f0a7a0d-379d-465b-874e-1eefeb5ab37a(fv-az800-703/10.1.0.18)be966552-930a-4dc9-b164-7221c5e4b48a(fv-az800-703/10.1.0.18), ReplicationConfig: RATIS/THREE, State:ALLOCATED, leaderId:, CreationTimestamp2023-05-30T05:51:16.934Z[Etc/UTC]].
2023-05-30 05:51:16,935 [RatisPipelineUtilsThread - 0] INFO  pipeline.PipelineManagerImpl (PipelineManagerImpl.java:recordMetricsForPipeline(826)) - Pipeline: PipelineID=54279088-66cd-4f69-ab2d-7ff882ee731f contains same datanodes as previous pipelines: PipelineID=d19e750b-19e0-4091-a425-6f28ded1d2f5 nodeIds: 86ce2dc3-e244-48ce-a353-aea1892a305a, 5f0a7a0d-379d-465b-874e-1eefeb5ab37a, be966552-930a-4dc9-b164-7221c5e4b48a
2023-05-30 05:51:16,935 [RatisPipelineUtilsThread - 0] WARN  pipeline.PipelinePlacementPolicy (PipelinePlacementPolicy.java:filterViableNodes(160)) - Pipeline creation failed due to no sufficient healthy datanodes. Required 3. Found 0. Excluded 3.
2023-05-30 05:51:17,315 [IPC Server handler 2 on default port 15055] INFO  net.NetworkTopologyImpl (NetworkTopologyImpl.java:add(112)) - Added a new node: /default-rack/5a6be6a9-c9d4-4a94-9994-4634fa86fc33
2023-05-30 05:51:17,316 [IPC Server handler 2 on default port 15055] INFO  node.SCMNodeManager (SCMNodeManager.java:register(407)) - Registered Data node : 5a6be6a9-c9d4-4a94-9994-4634fa86fc33{ip: 10.1.0.18, host: fv-az800-703, ports: [HTTP=15089, CLIENT_RPC=15090, REPLICATION=15096, RATIS=15092, RATIS_ADMIN=15093, RATIS_SERVER=15094, RATIS_DATASTREAM=15095, STANDALONE=15091], networkLocation: /default-rack, certSerialId: null, persistedOpState: null, persistedOpStateExpiryEpochSec: 0}
2023-05-30 05:51:17,319 [EventQueue-NewNodeForNewNodeHandler] INFO  pipeline.BackgroundPipelineCreator (BackgroundPipelineCreator.java:notifyEventTriggered(276)) - trigger a one-shot run on RatisPipelineUtilsThread.
2023-05-30 05:51:17,319 [RatisPipelineUtilsThread - 0] INFO  pipeline.RatisPipelineProvider (RatisPipelineProvider.java:lambda$create$0(206)) - Sending CreatePipelineCommand for pipeline:PipelineID=95d2ff6a-4977-4744-951f-68efcfcb6323 to datanode:5a6be6a9-c9d4-4a94-9994-4634fa86fc33
2023-05-30 05:51:17,320 [RatisPipelineUtilsThread - 0] INFO  pipeline.PipelineStateManagerImpl (PipelineStateManagerImpl.java:addPipeline(103)) - Created pipeline Pipeline[ Id: 95d2ff6a-4977-4744-951f-68efcfcb6323, Nodes: 5a6be6a9-c9d4-4a94-9994-4634fa86fc33(fv-az800-703/10.1.0.18), ReplicationConfig: RATIS/ONE, State:ALLOCATED, leaderId:, CreationTimestamp2023-05-30T05:51:17.319Z[Etc/UTC]].
2023-05-30 05:51:17,321 [RatisPipelineUtilsThread - 0] WARN  pipeline.PipelinePlacementPolicy (PipelinePlacementPolicy.java:filterViableNodes(160)) - Pipeline creation failed due to no sufficient healthy datanodes. Required 3. Found 1. Excluded 3.
2023-05-30 05:51:17,668 [Listener at 0.0.0.0/15099] INFO  ozone.MiniOzoneClusterImpl (MiniOzoneClusterImpl.java:lambda$waitForClusterToBeReady$0(222)) - Waiting for nodes to be ready. Got 4 of 5 DN Heartbeats.
2023-05-30 05:51:17,668 [Listener at 0.0.0.0/15099] INFO  ozone.MiniOzoneClusterImpl (MiniOzoneClusterImpl.java:lambda$waitForClusterToBeReady$0(225)) - Waiting for cluster to exit safe mode
2023-05-30 05:51:17,668 [Listener at 0.0.0.0/15099] INFO  ozone.MiniOzoneClusterImpl (MiniOzoneClusterImpl.java:lambda$waitForClusterToBeReady$0(227)) - SCM became leader
2023-05-30 05:51:17,683 [IPC Server handler 4 on default port 15055] INFO  net.NetworkTopologyImpl (NetworkTopologyImpl.java:add(112)) - Added a new node: /default-rack/c349d58c-25ab-4714-8ef6-0f97be22f2ca
2023-05-30 05:51:17,684 [IPC Server handler 4 on default port 15055] INFO  node.SCMNodeManager (SCMNodeManager.java:register(407)) - Registered Data node : c349d58c-25ab-4714-8ef6-0f97be22f2ca{ip: 10.1.0.18, host: fv-az800-703, ports: [HTTP=15098, CLIENT_RPC=15099, REPLICATION=15105, RATIS=15101, RATIS_ADMIN=15102, RATIS_SERVER=15103, RATIS_DATASTREAM=15104, STANDALONE=15100], networkLocation: /default-rack, certSerialId: null, persistedOpState: null, persistedOpStateExpiryEpochSec: 0}
2023-05-30 05:51:17,684 [EventQueue-NewNodeForNewNodeHandler] INFO  pipeline.BackgroundPipelineCreator (BackgroundPipelineCreator.java:notifyEventTriggered(276)) - trigger a one-shot run on RatisPipelineUtilsThread.
2023-05-30 05:51:17,685 [RatisPipelineUtilsThread - 0] INFO  pipeline.RatisPipelineProvider (RatisPipelineProvider.java:lambda$create$0(206)) - Sending CreatePipelineCommand for pipeline:PipelineID=2efc658b-b2a1-4144-9b6c-e594e55d4dc6 to datanode:c349d58c-25ab-4714-8ef6-0f97be22f2ca
2023-05-30 05:51:17,685 [RatisPipelineUtilsThread - 0] INFO  pipeline.PipelineStateManagerImpl (PipelineStateManagerImpl.java:addPipeline(103)) - Created pipeline Pipeline[ Id: 2efc658b-b2a1-4144-9b6c-e594e55d4dc6, Nodes: c349d58c-25ab-4714-8ef6-0f97be22f2ca(fv-az800-703/10.1.0.18), ReplicationConfig: RATIS/ONE, State:ALLOCATED, leaderId:, CreationTimestamp2023-05-30T05:51:17.685Z[Etc/UTC]].
2023-05-30 05:51:17,686 [RatisPipelineUtilsThread - 0] WARN  pipeline.PipelinePlacementPolicy (PipelinePlacementPolicy.java:filterViableNodes(160)) - Pipeline creation failed due to no sufficient healthy datanodes. Required 3. Found 2. Excluded 3.
2023-05-30 05:51:18,669 [Listener at 0.0.0.0/15099] INFO  ozone.MiniOzoneClusterImpl (MiniOzoneClusterImpl.java:lambda$waitForClusterToBeReady$0(222)) - Nodes are ready. Got 5 of 5 DN Heartbeats.
2023-05-30 05:51:18,669 [Listener at 0.0.0.0/15099] INFO  ozone.MiniOzoneClusterImpl (MiniOzoneClusterImpl.java:lambda$waitForClusterToBeReady$0(225)) - Waiting for cluster to exit safe mode
2023-05-30 05:51:18,669 [Listener at 0.0.0.0/15099] INFO  ozone.MiniOzoneClusterImpl (MiniOzoneClusterImpl.java:lambda$waitForClusterToBeReady$0(227)) - SCM became leader
2023-05-30 05:51:19,191 [PipelineCommandHandlerThread-0] INFO  server.RaftServer (RaftServerProxy.java:addNew(98)) - 5f0a7a0d-379d-465b-874e-1eefeb5ab37a: addNew group-0CF95D1ABD34:[5f0a7a0d-379d-465b-874e-1eefeb5ab37a|rpc:10.1.0.18:15067|admin:10.1.0.18:15066|client:10.1.0.18:15065|dataStream:10.1.0.18:15068|priority:1|startupRole:FOLLOWER] returns group-0CF95D1ABD34:java.util.concurrent.CompletableFuture@75f34511[Not completed]
2023-05-30 05:51:19,194 [5f0a7a0d-379d-465b-874e-1eefeb5ab37a-groupManagement] INFO  server.RaftServer$Division (RaftServerImpl.java:<init>(198)) - 5f0a7a0d-379d-465b-874e-1eefeb5ab37a: new RaftServerImpl for group-0CF95D1ABD34:[5f0a7a0d-379d-465b-874e-1eefeb5ab37a|rpc:10.1.0.18:15067|admin:10.1.0.18:15066|client:10.1.0.18:15065|dataStream:10.1.0.18:15068|priority:1|startupRole:FOLLOWER] with ContainerStateMachine:uninitialized
2023-05-30 05:51:19,194 [5f0a7a0d-379d-465b-874e-1eefeb5ab37a-groupManagement] INFO  server.RaftServerConfigKeys (ConfUtils.java:logGet(46)) - raft.server.rpc.timeout.min = 5s (custom)
2023-05-30 05:51:19,194 [5f0a7a0d-379d-465b-874e-1eefeb5ab37a-groupManagement] INFO  server.RaftServerConfigKeys (ConfUtils.java:logGet(46)) - raft.server.rpc.timeout.max = 5200ms (custom)
2023-05-30 05:51:19,194 [5f0a7a0d-379d-465b-874e-1eefeb5ab37a-groupManagement] INFO  server.RaftServerConfigKeys (ConfUtils.java:logGet(46)) - raft.server.rpc.sleep.time = 25ms (default)
2023-05-30 05:51:19,194 [5f0a7a0d-379d-465b-874e-1eefeb5ab37a-groupManagement] INFO  server.RaftServerConfigKeys (ConfUtils.java:logGet(46)) - raft.server.rpc.slowness.timeout = 300000ms (custom)
2023-05-30 05:51:19,194 [5f0a7a0d-379d-465b-874e-1eefeb5ab37a-groupManagement] INFO  server.RaftServerConfigKeys (ConfUtils.java:logGet(46)) - raft.server.leaderelection.leader.step-down.wait-time = 10s (default)
2023-05-30 05:51:19,194 [5f0a7a0d-379d-465b-874e-1eefeb5ab37a-groupManagement] INFO  server.RaftServerConfigKeys (ConfUtils.java:logGet(46)) - raft.server.sleep.deviation.threshold = 300ms (default)
2023-05-30 05:51:19,194 [5f0a7a0d-379d-465b-874e-1eefeb5ab37a-groupManagement] INFO  server.RaftServer$Division (ServerState.java:<init>(120)) - 5f0a7a0d-379d-465b-874e-1eefeb5ab37a@group-0CF95D1ABD34: ConfigurationManager, init=-1: peers:[5f0a7a0d-379d-465b-874e-1eefeb5ab37a|rpc:10.1.0.18:15067|admin:10.1.0.18:15066|client:10.1.0.18:15065|dataStream:10.1.0.18:15068|priority:1|startupRole:FOLLOWER]|listeners:[], old=null, confs=<EMPTY_MAP>
2023-05-30 05:51:19,194 [5f0a7a0d-379d-465b-874e-1eefeb5ab37a-groupManagement] INFO  server.RaftServerConfigKeys (ConfUtils.java:logGet(46)) - raft.server.storage.dir = [/home/runner/work/ozone/ozone/hadoop-ozone/integration-test/target/test-dir/MiniOzoneClusterImpl-e48a92f5-15eb-4a1f-8733-fd9493ac7566/datanode-0/data/ratis] (custom)
2023-05-30 05:51:19,195 [5f0a7a0d-379d-465b-874e-1eefeb5ab37a-groupManagement] INFO  server.RaftServerConfigKeys (ConfUtils.java:logGet(46)) - raft.server.log.corruption.policy = EXCEPTION (default)
2023-05-30 05:51:19,195 [5f0a7a0d-379d-465b-874e-1eefeb5ab37a-groupManagement] INFO  server.RaftServerConfigKeys (ConfUtils.java:logGet(46)) - raft.server.storage.free-space.min = 0MB (=0) (default)
2023-05-30 05:51:19,195 [5f0a7a0d-379d-465b-874e-1eefeb5ab37a-groupManagement] INFO  server.RaftServerConfigKeys (ConfUtils.java:logGet(46)) - raft.server.notification.no-leader.timeout = 300000ms (custom)
2023-05-30 05:51:19,195 [5f0a7a0d-379d-465b-874e-1eefeb5ab37a-groupManagement] INFO  server.RaftServerConfigKeys (ConfUtils.java:logGet(46)) - raft.server.read.timeout = 10s (default)
2023-05-30 05:51:19,195 [5f0a7a0d-379d-465b-874e-1eefeb5ab37a-groupManagement] INFO  server.RaftServerConfigKeys (ConfUtils.java:logGet(46)) - raft.server.retrycache.expirytime = 600000ms (custom)
2023-05-30 05:51:19,195 [5f0a7a0d-379d-465b-874e-1eefeb5ab37a-groupManagement] INFO  server.RaftServerConfigKeys (ConfUtils.java:logGet(46)) - raft.server.retrycache.statistics.expirytime = 100μs (default)
2023-05-30 05:51:19,195 [5f0a7a0d-379d-465b-874e-1eefeb5ab37a-groupManagement] INFO  server.RaftServerConfigKeys (ConfUtils.java:logGet(46)) - raft.server.read.option = DEFAULT (default)
2023-05-30 05:51:19,196 [5f0a7a0d-379d-465b-874e-1eefeb5ab37a-groupManagement] INFO  server.RaftServerConfigKeys (ConfUtils.java:logGet(46)) - raft.server.rpc.request.timeout = 3000ms (default)
2023-05-30 05:51:19,196 [5f0a7a0d-379d-465b-874e-1eefeb5ab37a-groupManagement] INFO  server.RaftServerConfigKeys (ConfUtils.java:logGet(46)) - raft.server.log.appender.install.snapshot.enabled = false (custom)
2023-05-30 05:51:19,196 [5f0a7a0d-379d-465b-874e-1eefeb5ab37a-groupManagement] INFO  server.RaftServerConfigKeys (ConfUtils.java:logGet(46)) - raft.server.threadpool.server.cached = true (default)
2023-05-30 05:51:19,196 [5f0a7a0d-379d-465b-874e-1eefeb5ab37a-groupManagement] INFO  server.RaftServerConfigKeys (ConfUtils.java:logGet(46)) - raft.server.threadpool.server.size = 0 (default)
2023-05-30 05:51:19,196 [5f0a7a0d-379d-465b-874e-1eefeb5ab37a-groupManagement] INFO  server.RaftServerConfigKeys (ConfUtils.java:logGet(46)) - raft.server.threadpool.client.cached = true (default)
2023-05-30 05:51:19,196 [5f0a7a0d-379d-465b-874e-1eefeb5ab37a-groupManagement] INFO  server.RaftServerConfigKeys (ConfUtils.java:logGet(46)) - raft.server.threadpool.client.size = 0 (default)
2023-05-30 05:51:19,196 [5f0a7a0d-379d-465b-874e-1eefeb5ab37a-groupManagement] INFO  storage.RaftStorageDirectory (RaftStorageDirectoryImpl.java:analyzeStorage(137)) - The storage directory /home/runner/work/ozone/ozone/hadoop-ozone/integration-test/target/test-dir/MiniOzoneClusterImpl-e48a92f5-15eb-4a1f-8733-fd9493ac7566/datanode-0/data/ratis/5fca373b-71ac-4e03-bac2-0cf95d1abd34 does not exist. Creating ...
2023-05-30 05:51:19,198 [5f0a7a0d-379d-465b-874e-1eefeb5ab37a-groupManagement] INFO  storage.RaftStorageDirectory (RaftStorageDirectoryImpl.java:tryLock(231)) - Lock on /home/runner/work/ozone/ozone/hadoop-ozone/integration-test/target/test-dir/MiniOzoneClusterImpl-e48a92f5-15eb-4a1f-8733-fd9493ac7566/datanode-0/data/ratis/5fca373b-71ac-4e03-bac2-0cf95d1abd34/in_use.lock acquired by nodename 89029@fv-az800-703
2023-05-30 05:51:19,199 [5f0a7a0d-379d-465b-874e-1eefeb5ab37a-groupManagement] INFO  storage.RaftStorage (RaftStorageImpl.java:format(96)) - Storage directory /home/runner/work/ozone/ozone/hadoop-ozone/integration-test/target/test-dir/MiniOzoneClusterImpl-e48a92f5-15eb-4a1f-8733-fd9493ac7566/datanode-0/data/ratis/5fca373b-71ac-4e03-bac2-0cf95d1abd34 has been successfully formatted.
2023-05-30 05:51:19,201 [5f0a7a0d-379d-465b-874e-1eefeb5ab37a-groupManagement] INFO  ratis.ContainerStateMachine (ContainerStateMachine.java:loadSnapshot(262)) - group-0CF95D1ABD34: The snapshot info is null. Setting the last applied indexto:(t:0, i:~)
2023-05-30 05:51:19,201 [5f0a7a0d-379d-465b-874e-1eefeb5ab37a-groupManagement] INFO  server.RaftServerConfigKeys (ConfUtils.java:logGet(46)) - raft.server.log.use.memory = false (default)
2023-05-30 05:51:19,201 [5f0a7a0d-379d-465b-874e-1eefeb5ab37a-groupManagement] INFO  server.RaftServerConfigKeys (ConfUtils.java:logGet(46)) - raft.server.log.purge.gap = 1000000 (custom)
2023-05-30 05:51:19,201 [5f0a7a0d-379d-465b-874e-1eefeb5ab37a-groupManagement] INFO  server.RaftServerConfigKeys (ConfUtils.java:logGet(46)) - raft.server.log.appender.buffer.byte-limit = 33554432 (custom)
2023-05-30 05:51:19,202 [5f0a7a0d-379d-465b-874e-1eefeb5ab37a-groupManagement] INFO  server.RaftServerConfigKeys (ConfUtils.java:logGet(46)) - raft.server.log.statemachine.data.read.timeout = 1000ms (default)
2023-05-30 05:51:19,202 [5f0a7a0d-379d-465b-874e-1eefeb5ab37a-groupManagement] INFO  server.RaftServerConfigKeys (ConfUtils.java:logGet(46)) - raft.server.log.purge.preservation.log.num = 0 (default)
2023-05-30 05:51:19,202 [5f0a7a0d-379d-465b-874e-1eefeb5ab37a-groupManagement] INFO  server.RaftServerConfigKeys (ConfUtils.java:logGet(46)) - raft.server.log.segment.size.max = 1048576 (custom)
2023-05-30 05:51:19,202 [5f0a7a0d-379d-465b-874e-1eefeb5ab37a-groupManagement] INFO  server.RaftServerConfigKeys (ConfUtils.java:logGet(46)) - raft.server.log.segment.cache.num.max = 2 (custom)
2023-05-30 05:51:19,202 [5f0a7a0d-379d-465b-874e-1eefeb5ab37a-groupManagement] INFO  server.RaftServerConfigKeys (ConfUtils.java:logGet(46)) - raft.server.log.segment.cache.size.max = 200MB (=209715200) (default)
2023-05-30 05:51:19,202 [EventQueue-PipelineReportForPipelineReportHandler] INFO  pipeline.PipelineManagerImpl (PipelineManagerImpl.java:openPipeline(367)) - Pipeline Pipeline[ Id: 5fca373b-71ac-4e03-bac2-0cf95d1abd34, Nodes: 5f0a7a0d-379d-465b-874e-1eefeb5ab37a(fv-az800-703/10.1.0.18), ReplicationConfig: RATIS/ONE, State:ALLOCATED, leaderId:5f0a7a0d-379d-465b-874e-1eefeb5ab37a, CreationTimestamp2023-05-30T05:51:16.199Z[Etc/UTC]] moved to OPEN state
2023-05-30 05:51:19,206 [5f0a7a0d-379d-465b-874e-1eefeb5ab37a-groupManagement] INFO  server.RaftServerConfigKeys (ConfUtils.java:logGet(46)) - raft.server.log.appender.buffer.byte-limit = 33554432 (custom)
2023-05-30 05:51:19,207 [5f0a7a0d-379d-465b-874e-1eefeb5ab37a-groupManagement] INFO  segmented.SegmentedRaftLogWorker (SegmentedRaftLogWorker.java:<init>(188)) - new 5f0a7a0d-379d-465b-874e-1eefeb5ab37a@group-0CF95D1ABD34-SegmentedRaftLogWorker for RaftStorageImpl:Storage Directory /home/runner/work/ozone/ozone/hadoop-ozone/integration-test/target/test-dir/MiniOzoneClusterImpl-e48a92f5-15eb-4a1f-8733-fd9493ac7566/datanode-0/data/ratis/5fca373b-71ac-4e03-bac2-0cf95d1abd34
2023-05-30 05:51:19,207 [5f0a7a0d-379d-465b-874e-1eefeb5ab37a-groupManagement] INFO  server.RaftServerConfigKeys (ConfUtils.java:logGet(46)) - raft.server.log.queue.byte-limit = 4294967296 (custom)
2023-05-30 05:51:19,207 [5f0a7a0d-379d-465b-874e-1eefeb5ab37a-groupManagement] INFO  server.RaftServerConfigKeys (ConfUtils.java:logGet(46)) - raft.server.log.queue.element-limit = 1024 (custom)
2023-05-30 05:51:19,207 [5f0a7a0d-379d-465b-874e-1eefeb5ab37a-groupManagement] INFO  server.RaftServerConfigKeys (ConfUtils.java:logGet(46)) - raft.server.log.segment.size.max = 1048576 (custom)
2023-05-30 05:51:19,207 [5f0a7a0d-379d-465b-874e-1eefeb5ab37a-groupManagement] INFO  server.RaftServerConfigKeys (ConfUtils.java:logGet(46)) - raft.server.log.preallocated.size = 16384 (custom)
2023-05-30 05:51:19,207 [5f0a7a0d-379d-465b-874e-1eefeb5ab37a-groupManagement] INFO  server.RaftServerConfigKeys (ConfUtils.java:logGet(46)) - raft.server.log.force.sync.num = 128 (default)
2023-05-30 05:51:19,207 [5f0a7a0d-379d-465b-874e-1eefeb5ab37a-groupManagement] INFO  server.RaftServerConfigKeys (ConfUtils.java:logGet(46)) - raft.server.log.statemachine.data.sync = true (default)
2023-05-30 05:51:19,207 [5f0a7a0d-379d-465b-874e-1eefeb5ab37a-groupManagement] INFO  server.RaftServerConfigKeys (ConfUtils.java:logGet(46)) - raft.server.log.statemachine.data.sync.timeout = 10s (default)
2023-05-30 05:51:19,207 [5f0a7a0d-379d-465b-874e-1eefeb5ab37a-groupManagement] INFO  server.RaftServerConfigKeys (ConfUtils.java:logGet(46)) - raft.server.log.statemachine.data.sync.timeout.retry = -1 (default)
2023-05-30 05:51:19,207 [5f0a7a0d-379d-465b-874e-1eefeb5ab37a-groupManagement] INFO  server.RaftServerConfigKeys (ConfUtils.java:logGet(46)) - raft.server.log.write.buffer.size = 1048576 (custom)
2023-05-30 05:51:19,208 [5f0a7a0d-379d-465b-874e-1eefeb5ab37a-groupManagement] INFO  server.RaftServerConfigKeys (ConfUtils.java:logGet(46)) - raft.server.log.appender.buffer.byte-limit = 33554432 (custom)
2023-05-30 05:51:19,214 [5f0a7a0d-379d-465b-874e-1eefeb5ab37a-groupManagement] INFO  server.RaftServerConfigKeys (ConfUtils.java:logGet(46)) - raft.server.log.unsafe-flush.enabled = false (default)
2023-05-30 05:51:19,214 [5f0a7a0d-379d-465b-874e-1eefeb5ab37a-groupManagement] INFO  server.RaftServerConfigKeys (ConfUtils.java:logGet(46)) - raft.server.log.async-flush.enabled = false (default)
2023-05-30 05:51:19,214 [EventQueue-OpenPipelineForHealthyPipelineSafeModeRule] INFO  safemode.SCMSafeModeManager (HealthyPipelineSafeModeRule.java:process(137)) - SCM in safe mode. Healthy pipelines reported count is 0, required healthy pipeline reported count is 1
2023-05-30 05:51:19,214 [5f0a7a0d-379d-465b-874e-1eefeb5ab37a-groupManagement] INFO  server.RaftServerConfigKeys (ConfUtils.java:logGet(46)) - raft.server.log.statemachine.data.caching.enabled = true (custom)
2023-05-30 05:51:19,215 [5f0a7a0d-379d-465b-874e-1eefeb5ab37a-groupManagement] INFO  segmented.SegmentedRaftLogWorker (SegmentedRaftLogWorker.java:lambda$new$0(135)) - 5f0a7a0d-379d-465b-874e-1eefeb5ab37a@group-0CF95D1ABD34-SegmentedRaftLogWorker: flushIndex: setUnconditionally 0 -> -1
2023-05-30 05:51:19,215 [5f0a7a0d-379d-465b-874e-1eefeb5ab37a-groupManagement] INFO  segmented.SegmentedRaftLogWorker (SegmentedRaftLogWorker.java:lambda$new$0(135)) - 5f0a7a0d-379d-465b-874e-1eefeb5ab37a@group-0CF95D1ABD34-SegmentedRaftLogWorker: safeCacheEvictIndex: setUnconditionally 0 -> -1
2023-05-30 05:51:19,216 [5f0a7a0d-379d-465b-874e-1eefeb5ab37a-groupManagement] INFO  server.RaftServer$Division (RaftServerImpl.java:start(342)) - 5f0a7a0d-379d-465b-874e-1eefeb5ab37a@group-0CF95D1ABD34: start as a follower, conf=-1: peers:[5f0a7a0d-379d-465b-874e-1eefeb5ab37a|rpc:10.1.0.18:15067|admin:10.1.0.18:15066|client:10.1.0.18:15065|dataStream:10.1.0.18:15068|priority:1|startupRole:FOLLOWER]|listeners:[], old=null
2023-05-30 05:51:19,216 [5f0a7a0d-379d-465b-874e-1eefeb5ab37a-groupManagement] INFO  server.RaftServer$Division (RaftServerImpl.java:setRole(329)) - 5f0a7a0d-379d-465b-874e-1eefeb5ab37a@group-0CF95D1ABD34: changes role from      null to FOLLOWER at term 0 for startAsFollower
2023-05-30 05:51:19,217 [5f0a7a0d-379d-465b-874e-1eefeb5ab37a-groupManagement] INFO  impl.RoleInfo (RoleInfo.java:updateAndGet(139)) - 5f0a7a0d-379d-465b-874e-1eefeb5ab37a: start 5f0a7a0d-379d-465b-874e-1eefeb5ab37a@group-0CF95D1ABD34-FollowerState
2023-05-30 05:51:19,217 [5f0a7a0d-379d-465b-874e-1eefeb5ab37a-groupManagement] INFO  util.JmxRegister (JmxRegister.java:tryRegister(44)) - Successfully registered JMX Bean with object name Ratis:service=RaftServer,group=group-0CF95D1ABD34,id=5f0a7a0d-379d-465b-874e-1eefeb5ab37a
2023-05-30 05:51:19,217 [5f0a7a0d-379d-465b-874e-1eefeb5ab37a-groupManagement] INFO  server.RaftServerConfigKeys (ConfUtils.java:logGet(46)) - raft.server.snapshot.auto.trigger.enabled = true (custom)
2023-05-30 05:51:19,217 [5f0a7a0d-379d-465b-874e-1eefeb5ab37a-groupManagement] INFO  server.RaftServerConfigKeys (ConfUtils.java:logGet(46)) - raft.server.snapshot.auto.trigger.threshold = 10000 (custom)
2023-05-30 05:51:19,217 [5f0a7a0d-379d-465b-874e-1eefeb5ab37a-groupManagement] INFO  server.RaftServerConfigKeys (ConfUtils.java:logGet(46)) - raft.server.snapshot.retention.file.num = 5 (custom)
2023-05-30 05:51:19,217 [5f0a7a0d-379d-465b-874e-1eefeb5ab37a-groupManagement] INFO  server.RaftServerConfigKeys (ConfUtils.java:logGet(46)) - raft.server.log.purge.upto.snapshot.index = false (default)
2023-05-30 05:51:19,218 [PipelineCommandHandlerThread-0] INFO  ratis.XceiverServerRatis (XceiverServerRatis.java:addGroup(804)) - Created group PipelineID=5fca373b-71ac-4e03-bac2-0cf95d1abd34
2023-05-30 05:51:19,218 [PipelineCommandHandlerThread-0] INFO  commandhandler.CreatePipelineCommandHandler (CreatePipelineCommandHandler.java:lambda$handle$2(124)) - Created Pipeline RATIS ONE PipelineID=5fca373b-71ac-4e03-bac2-0cf95d1abd34.
2023-05-30 05:51:19,218 [PipelineCommandHandlerThread-0] INFO  server.RaftServer (RaftServerProxy.java:addNew(98)) - 5f0a7a0d-379d-465b-874e-1eefeb5ab37a: addNew group-6F28DED1D2F5:[be966552-930a-4dc9-b164-7221c5e4b48a|rpc:10.1.0.18:15076|admin:10.1.0.18:15075|client:10.1.0.18:15074|dataStream:10.1.0.18:15077|priority:0|startupRole:FOLLOWER, 86ce2dc3-e244-48ce-a353-aea1892a305a|rpc:10.1.0.18:15085|admin:10.1.0.18:15084|client:10.1.0.18:15083|dataStream:10.1.0.18:15086|priority:0|startupRole:FOLLOWER, 5f0a7a0d-379d-465b-874e-1eefeb5ab37a|rpc:10.1.0.18:15067|admin:10.1.0.18:15066|client:10.1.0.18:15065|dataStream:10.1.0.18:15068|priority:1|startupRole:FOLLOWER] returns group-6F28DED1D2F5:java.util.concurrent.CompletableFuture@71ccdf77[Not completed]
2023-05-30 05:51:19,219 [5f0a7a0d-379d-465b-874e-1eefeb5ab37a@group-0CF95D1ABD34-FollowerState] INFO  server.RaftServerConfigKeys (ConfUtils.java:logFallback(53)) - raft.server.rpc.first-election.timeout.min = 5s (fallback to raft.server.rpc.timeout.min)
2023-05-30 05:51:19,219 [5f0a7a0d-379d-465b-874e-1eefeb5ab37a@group-0CF95D1ABD34-FollowerState] INFO  server.RaftServerConfigKeys (ConfUtils.java:logFallback(53)) - raft.server.rpc.first-election.timeout.max = 5200ms (fallback to raft.server.rpc.timeout.max)
2023-05-30 05:51:19,219 [5f0a7a0d-379d-465b-874e-1eefeb5ab37a-groupManagement] INFO  server.RaftServer$Division (RaftServerImpl.java:<init>(198)) - 5f0a7a0d-379d-465b-874e-1eefeb5ab37a: new RaftServerImpl for group-6F28DED1D2F5:[be966552-930a-4dc9-b164-7221c5e4b48a|rpc:10.1.0.18:15076|admin:10.1.0.18:15075|client:10.1.0.18:15074|dataStream:10.1.0.18:15077|priority:0|startupRole:FOLLOWER, 86ce2dc3-e244-48ce-a353-aea1892a305a|rpc:10.1.0.18:15085|admin:10.1.0.18:15084|client:10.1.0.18:15083|dataStream:10.1.0.18:15086|priority:0|startupRole:FOLLOWER, 5f0a7a0d-379d-465b-874e-1eefeb5ab37a|rpc:10.1.0.18:15067|admin:10.1.0.18:15066|client:10.1.0.18:15065|dataStream:10.1.0.18:15068|priority:1|startupRole:FOLLOWER] with ContainerStateMachine:uninitialized
2023-05-30 05:51:19,219 [5f0a7a0d-379d-465b-874e-1eefeb5ab37a-groupManagement] INFO  server.RaftServerConfigKeys (ConfUtils.java:logGet(46)) - raft.server.rpc.timeout.min = 5s (custom)
2023-05-30 05:51:19,219 [5f0a7a0d-379d-465b-874e-1eefeb5ab37a-groupManagement] INFO  server.RaftServerConfigKeys (ConfUtils.java:logGet(46)) - raft.server.rpc.timeout.max = 5200ms (custom)
2023-05-30 05:51:19,220 [5f0a7a0d-379d-465b-874e-1eefeb5ab37a-groupManagement] INFO  server.RaftServerConfigKeys (ConfUtils.java:logGet(46)) - raft.server.rpc.sleep.time = 25ms (default)
2023-05-30 05:51:19,220 [5f0a7a0d-379d-465b-874e-1eefeb5ab37a-groupManagement] INFO  server.RaftServerConfigKeys (ConfUtils.java:logGet(46)) - raft.server.rpc.slowness.timeout = 300000ms (custom)
2023-05-30 05:51:19,220 [5f0a7a0d-379d-465b-874e-1eefeb5ab37a-groupManagement] INFO  server.RaftServerConfigKeys (ConfUtils.java:logGet(46)) - raft.server.leaderelection.leader.step-down.wait-time = 10s (default)
2023-05-30 05:51:19,220 [5f0a7a0d-379d-465b-874e-1eefeb5ab37a-groupManagement] INFO  server.RaftServerConfigKeys (ConfUtils.java:logGet(46)) - raft.server.sleep.deviation.threshold = 300ms (default)
2023-05-30 05:51:19,220 [5f0a7a0d-379d-465b-874e-1eefeb5ab37a-groupManagement] INFO  server.RaftServer$Division (ServerState.java:<init>(120)) - 5f0a7a0d-379d-465b-874e-1eefeb5ab37a@group-6F28DED1D2F5: ConfigurationManager, init=-1: peers:[be966552-930a-4dc9-b164-7221c5e4b48a|rpc:10.1.0.18:15076|admin:10.1.0.18:15075|client:10.1.0.18:15074|dataStream:10.1.0.18:15077|priority:0|startupRole:FOLLOWER, 86ce2dc3-e244-48ce-a353-aea1892a305a|rpc:10.1.0.18:15085|admin:10.1.0.18:15084|client:10.1.0.18:15083|dataStream:10.1.0.18:15086|priority:0|startupRole:FOLLOWER, 5f0a7a0d-379d-465b-874e-1eefeb5ab37a|rpc:10.1.0.18:15067|admin:10.1.0.18:15066|client:10.1.0.18:15065|dataStream:10.1.0.18:15068|priority:1|startupRole:FOLLOWER]|listeners:[], old=null, confs=<EMPTY_MAP>
2023-05-30 05:51:19,220 [5f0a7a0d-379d-465b-874e-1eefeb5ab37a-groupManagement] INFO  server.RaftServerConfigKeys (ConfUtils.java:logGet(46)) - raft.server.storage.dir = [/home/runner/work/ozone/ozone/hadoop-ozone/integration-test/target/test-dir/MiniOzoneClusterImpl-e48a92f5-15eb-4a1f-8733-fd9493ac7566/datanode-0/data/ratis] (custom)
2023-05-30 05:51:19,220 [5f0a7a0d-379d-465b-874e-1eefeb5ab37a-groupManagement] INFO  server.RaftServerConfigKeys (ConfUtils.java:logGet(46)) - raft.server.log.corruption.policy = EXCEPTION (default)
2023-05-30 05:51:19,220 [5f0a7a0d-379d-465b-874e-1eefeb5ab37a-groupManagement] INFO  server.RaftServerConfigKeys (ConfUtils.java:logGet(46)) - raft.server.storage.free-space.min = 0MB (=0) (default)
2023-05-30 05:51:19,220 [5f0a7a0d-379d-465b-874e-1eefeb5ab37a-groupManagement] INFO  server.RaftServerConfigKeys (ConfUtils.java:logGet(46)) - raft.server.notification.no-leader.timeout = 300000ms (custom)
2023-05-30 05:51:19,220 [5f0a7a0d-379d-465b-874e-1eefeb5ab37a-groupManagement] INFO  server.RaftServerConfigKeys (ConfUtils.java:logGet(46)) - raft.server.read.timeout = 10s (default)
2023-05-30 05:51:19,220 [5f0a7a0d-379d-465b-874e-1eefeb5ab37a-groupManagement] INFO  server.RaftServerConfigKeys (ConfUtils.java:logGet(46)) - raft.server.retrycache.expirytime = 600000ms (custom)
2023-05-30 05:51:19,220 [5f0a7a0d-379d-465b-874e-1eefeb5ab37a-groupManagement] INFO  server.RaftServerConfigKeys (ConfUtils.java:logGet(46)) - raft.server.retrycache.statistics.expirytime = 100μs (default)
2023-05-30 05:51:19,220 [5f0a7a0d-379d-465b-874e-1eefeb5ab37a-groupManagement] INFO  server.RaftServerConfigKeys (ConfUtils.java:logGet(46)) - raft.server.read.option = DEFAULT (default)
2023-05-30 05:51:19,221 [5f0a7a0d-379d-465b-874e-1eefeb5ab37a-groupManagement] INFO  server.RaftServerConfigKeys (ConfUtils.java:logGet(46)) - raft.server.rpc.request.timeout = 3000ms (default)
2023-05-30 05:51:19,221 [5f0a7a0d-379d-465b-874e-1eefeb5ab37a-groupManagement] INFO  server.RaftServerConfigKeys (ConfUtils.java:logGet(46)) - raft.server.log.appender.install.snapshot.enabled = false (custom)
2023-05-30 05:51:19,221 [5f0a7a0d-379d-465b-874e-1eefeb5ab37a-groupManagement] INFO  server.RaftServerConfigKeys (ConfUtils.java:logGet(46)) - raft.server.threadpool.server.cached = true (default)
2023-05-30 05:51:19,221 [5f0a7a0d-379d-465b-874e-1eefeb5ab37a-groupManagement] INFO  server.RaftServerConfigKeys (ConfUtils.java:logGet(46)) - raft.server.threadpool.server.size = 0 (default)
2023-05-30 05:51:19,221 [5f0a7a0d-379d-465b-874e-1eefeb5ab37a-groupManagement] INFO  server.RaftServerConfigKeys (ConfUtils.java:logGet(46)) - raft.server.threadpool.client.cached = true (default)
2023-05-30 05:51:19,221 [5f0a7a0d-379d-465b-874e-1eefeb5ab37a-groupManagement] INFO  server.RaftServerConfigKeys (ConfUtils.java:logGet(46)) - raft.server.threadpool.client.size = 0 (default)
2023-05-30 05:51:19,221 [5f0a7a0d-379d-465b-874e-1eefeb5ab37a-groupManagement] INFO  storage.RaftStorageDirectory (RaftStorageDirectoryImpl.java:analyzeStorage(137)) - The storage directory /home/runner/work/ozone/ozone/hadoop-ozone/integration-test/target/test-dir/MiniOzoneClusterImpl-e48a92f5-15eb-4a1f-8733-fd9493ac7566/datanode-0/data/ratis/d19e750b-19e0-4091-a425-6f28ded1d2f5 does not exist. Creating ...
2023-05-30 05:51:19,223 [5f0a7a0d-379d-465b-874e-1eefeb5ab37a-groupManagement] INFO  storage.RaftStorageDirectory (RaftStorageDirectoryImpl.java:tryLock(231)) - Lock on /home/runner/work/ozone/ozone/hadoop-ozone/integration-test/target/test-dir/MiniOzoneClusterImpl-e48a92f5-15eb-4a1f-8733-fd9493ac7566/datanode-0/data/ratis/d19e750b-19e0-4091-a425-6f28ded1d2f5/in_use.lock acquired by nodename 89029@fv-az800-703
2023-05-30 05:51:19,224 [5f0a7a0d-379d-465b-874e-1eefeb5ab37a-groupManagement] INFO  storage.RaftStorage (RaftStorageImpl.java:format(96)) - Storage directory /home/runner/work/ozone/ozone/hadoop-ozone/integration-test/target/test-dir/MiniOzoneClusterImpl-e48a92f5-15eb-4a1f-8733-fd9493ac7566/datanode-0/data/ratis/d19e750b-19e0-4091-a425-6f28ded1d2f5 has been successfully formatted.
2023-05-30 05:51:19,225 [5f0a7a0d-379d-465b-874e-1eefeb5ab37a-groupManagement] INFO  ratis.ContainerStateMachine (ContainerStateMachine.java:loadSnapshot(262)) - group-6F28DED1D2F5: The snapshot info is null. Setting the last applied indexto:(t:0, i:~)
2023-05-30 05:51:19,225 [5f0a7a0d-379d-465b-874e-1eefeb5ab37a-groupManagement] INFO  server.RaftServerConfigKeys (ConfUtils.java:logGet(46)) - raft.server.log.use.memory = false (default)
2023-05-30 05:51:19,226 [EventQueue-OpenPipelineForHealthyPipelineSafeModeRule] INFO  safemode.SCMSafeModeManager (HealthyPipelineSafeModeRule.java:process(137)) - SCM in safe mode. Healthy pipelines reported count is 0, required healthy pipeline reported count is 1
2023-05-30 05:51:19,226 [5f0a7a0d-379d-465b-874e-1eefeb5ab37a-groupManagement] INFO  server.RaftServerConfigKeys (ConfUtils.java:logGet(46)) - raft.server.log.purge.gap = 1000000 (custom)
2023-05-30 05:51:19,227 [5f0a7a0d-379d-465b-874e-1eefeb5ab37a-groupManagement] INFO  server.RaftServerConfigKeys (ConfUtils.java:logGet(46)) - raft.server.log.appender.buffer.byte-limit = 33554432 (custom)
2023-05-30 05:51:19,227 [5f0a7a0d-379d-465b-874e-1eefeb5ab37a-groupManagement] INFO  server.RaftServerConfigKeys (ConfUtils.java:logGet(46)) - raft.server.log.statemachine.data.read.timeout = 1000ms (default)
2023-05-30 05:51:19,227 [5f0a7a0d-379d-465b-874e-1eefeb5ab37a-groupManagement] INFO  server.RaftServerConfigKeys (ConfUtils.java:logGet(46)) - raft.server.log.purge.preservation.log.num = 0 (default)
2023-05-30 05:51:19,227 [5f0a7a0d-379d-465b-874e-1eefeb5ab37a-groupManagement] INFO  server.RaftServerConfigKeys (ConfUtils.java:logGet(46)) - raft.server.log.segment.size.max = 1048576 (custom)
2023-05-30 05:51:19,227 [5f0a7a0d-379d-465b-874e-1eefeb5ab37a-groupManagement] INFO  server.RaftServerConfigKeys (ConfUtils.java:logGet(46)) - raft.server.log.segment.cache.num.max = 2 (custom)
2023-05-30 05:51:19,227 [5f0a7a0d-379d-465b-874e-1eefeb5ab37a-groupManagement] INFO  server.RaftServerConfigKeys (ConfUtils.java:logGet(46)) - raft.server.log.segment.cache.size.max = 200MB (=209715200) (default)
2023-05-30 05:51:19,227 [5f0a7a0d-379d-465b-874e-1eefeb5ab37a-groupManagement] INFO  server.RaftServerConfigKeys (ConfUtils.java:logGet(46)) - raft.server.log.appender.buffer.byte-limit = 33554432 (custom)
2023-05-30 05:51:19,227 [5f0a7a0d-379d-465b-874e-1eefeb5ab37a-groupManagement] INFO  segmented.SegmentedRaftLogWorker (SegmentedRaftLogWorker.java:<init>(188)) - new 5f0a7a0d-379d-465b-874e-1eefeb5ab37a@group-6F28DED1D2F5-SegmentedRaftLogWorker for RaftStorageImpl:Storage Directory /home/runner/work/ozone/ozone/hadoop-ozone/integration-test/target/test-dir/MiniOzoneClusterImpl-e48a92f5-15eb-4a1f-8733-fd9493ac7566/datanode-0/data/ratis/d19e750b-19e0-4091-a425-6f28ded1d2f5
2023-05-30 05:51:19,227 [5f0a7a0d-379d-465b-874e-1eefeb5ab37a-groupManagement] INFO  server.RaftServerConfigKeys (ConfUtils.java:logGet(46)) - raft.server.log.queue.byte-limit = 4294967296 (custom)
2023-05-30 05:51:19,227 [5f0a7a0d-379d-465b-874e-1eefeb5ab37a-groupManagement] INFO  server.RaftServerConfigKeys (ConfUtils.java:logGet(46)) - raft.server.log.queue.element-limit = 1024 (custom)
2023-05-30 05:51:19,228 [5f0a7a0d-379d-465b-874e-1eefeb5ab37a-groupManagement] INFO  server.RaftServerConfigKeys (ConfUtils.java:logGet(46)) - raft.server.log.segment.size.max = 1048576 (custom)
2023-05-30 05:51:19,228 [5f0a7a0d-379d-465b-874e-1eefeb5ab37a-groupManagement] INFO  server.RaftServerConfigKeys (ConfUtils.java:logGet(46)) - raft.server.log.preallocated.size = 16384 (custom)
2023-05-30 05:51:19,228 [5f0a7a0d-379d-465b-874e-1eefeb5ab37a-groupManagement] INFO  server.RaftServerConfigKeys (ConfUtils.java:logGet(46)) - raft.server.log.force.sync.num = 128 (default)
2023-05-30 05:51:19,228 [5f0a7a0d-379d-465b-874e-1eefeb5ab37a-groupManagement] INFO  server.RaftServerConfigKeys (ConfUtils.java:logGet(46)) - raft.server.log.statemachine.data.sync = true (default)
2023-05-30 05:51:19,228 [5f0a7a0d-379d-465b-874e-1eefeb5ab37a-groupManagement] INFO  server.RaftServerConfigKeys (ConfUtils.java:logGet(46)) - raft.server.log.statemachine.data.sync.timeout = 10s (default)
2023-05-30 05:51:19,228 [5f0a7a0d-379d-465b-874e-1eefeb5ab37a-groupManagement] INFO  server.RaftServerConfigKeys (ConfUtils.java:logGet(46)) - raft.server.log.statemachine.data.sync.timeout.retry = -1 (default)
2023-05-30 05:51:19,231 [5f0a7a0d-379d-465b-874e-1eefeb5ab37a-groupManagement] INFO  server.RaftServerConfigKeys (ConfUtils.java:logGet(46)) - raft.server.log.write.buffer.size = 1048576 (custom)
2023-05-30 05:51:19,231 [5f0a7a0d-379d-465b-874e-1eefeb5ab37a-groupManagement] INFO  server.RaftServerConfigKeys (ConfUtils.java:logGet(46)) - raft.server.log.appender.buffer.byte-limit = 33554432 (custom)
2023-05-30 05:51:19,305 [5f0a7a0d-379d-465b-874e-1eefeb5ab37a-groupManagement] INFO  server.RaftServerConfigKeys (ConfUtils.java:logGet(46)) - raft.server.log.unsafe-flush.enabled = false (default)
2023-05-30 05:51:19,306 [5f0a7a0d-379d-465b-874e-1eefeb5ab37a-groupManagement] INFO  server.RaftServerConfigKeys (ConfUtils.java:logGet(46)) - raft.server.log.async-flush.enabled = false (default)
2023-05-30 05:51:19,306 [5f0a7a0d-379d-465b-874e-1eefeb5ab37a-groupManagement] INFO  server.RaftServerConfigKeys (ConfUtils.java:logGet(46)) - raft.server.log.statemachine.data.caching.enabled = true (custom)
2023-05-30 05:51:19,306 [5f0a7a0d-379d-465b-874e-1eefeb5ab37a-groupManagement] INFO  segmented.SegmentedRaftLogWorker (SegmentedRaftLogWorker.java:lambda$new$0(135)) - 5f0a7a0d-379d-465b-874e-1eefeb5ab37a@group-6F28DED1D2F5-SegmentedRaftLogWorker: flushIndex: setUnconditionally 0 -> -1
2023-05-30 05:51:19,306 [5f0a7a0d-379d-465b-874e-1eefeb5ab37a-groupManagement] INFO  segmented.SegmentedRaftLogWorker (SegmentedRaftLogWorker.java:lambda$new$0(135)) - 5f0a7a0d-379d-465b-874e-1eefeb5ab37a@group-6F28DED1D2F5-SegmentedRaftLogWorker: safeCacheEvictIndex: setUnconditionally 0 -> -1
2023-05-30 05:51:19,306 [5f0a7a0d-379d-465b-874e-1eefeb5ab37a-groupManagement] INFO  server.RaftServer$Division (RaftServerImpl.java:start(342)) - 5f0a7a0d-379d-465b-874e-1eefeb5ab37a@group-6F28DED1D2F5: start as a follower, conf=-1: peers:[be966552-930a-4dc9-b164-7221c5e4b48a|rpc:10.1.0.18:15076|admin:10.1.0.18:15075|client:10.1.0.18:15074|dataStream:10.1.0.18:15077|priority:0|startupRole:FOLLOWER, 86ce2dc3-e244-48ce-a353-aea1892a305a|rpc:10.1.0.18:15085|admin:10.1.0.18:15084|client:10.1.0.18:15083|dataStream:10.1.0.18:15086|priority:0|startupRole:FOLLOWER, 5f0a7a0d-379d-465b-874e-1eefeb5ab37a|rpc:10.1.0.18:15067|admin:10.1.0.18:15066|client:10.1.0.18:15065|dataStream:10.1.0.18:15068|priority:1|startupRole:FOLLOWER]|listeners:[], old=null
2023-05-30 05:51:19,307 [5f0a7a0d-379d-465b-874e-1eefeb5ab37a-groupManagement] INFO  server.RaftServer$Division (RaftServerImpl.java:setRole(329)) - 5f0a7a0d-379d-465b-874e-1eefeb5ab37a@group-6F28DED1D2F5: changes role from      null to FOLLOWER at term 0 for startAsFollower
2023-05-30 05:51:19,307 [5f0a7a0d-379d-465b-874e-1eefeb5ab37a-groupManagement] INFO  impl.RoleInfo (RoleInfo.java:updateAndGet(139)) - 5f0a7a0d-379d-465b-874e-1eefeb5ab37a: start 5f0a7a0d-379d-465b-874e-1eefeb5ab37a@group-6F28DED1D2F5-FollowerState
2023-05-30 05:51:19,307 [5f0a7a0d-379d-465b-874e-1eefeb5ab37a-groupManagement] INFO  util.JmxRegister (JmxRegister.java:tryRegister(44)) - Successfully registered JMX Bean with object name Ratis:service=RaftServer,group=group-6F28DED1D2F5,id=5f0a7a0d-379d-465b-874e-1eefeb5ab37a
2023-05-30 05:51:19,307 [5f0a7a0d-379d-465b-874e-1eefeb5ab37a-groupManagement] INFO  server.RaftServerConfigKeys (ConfUtils.java:logGet(46)) - raft.server.snapshot.auto.trigger.enabled = true (custom)
2023-05-30 05:51:19,309 [5f0a7a0d-379d-465b-874e-1eefeb5ab37a-groupManagement] INFO  server.RaftServerConfigKeys (ConfUtils.java:logGet(46)) - raft.server.snapshot.auto.trigger.threshold = 10000 (custom)
2023-05-30 05:51:19,310 [5f0a7a0d-379d-465b-874e-1eefeb5ab37a-groupManagement] INFO  server.RaftServerConfigKeys (ConfUtils.java:logGet(46)) - raft.server.snapshot.retention.file.num = 5 (custom)
2023-05-30 05:51:19,310 [5f0a7a0d-379d-465b-874e-1eefeb5ab37a-groupManagement] INFO  server.RaftServerConfigKeys (ConfUtils.java:logGet(46)) - raft.server.log.purge.upto.snapshot.index = false (default)
2023-05-30 05:51:19,310 [5f0a7a0d-379d-465b-874e-1eefeb5ab37a@group-6F28DED1D2F5-FollowerState] INFO  server.RaftServerConfigKeys (ConfUtils.java:logFallback(53)) - raft.server.rpc.first-election.timeout.min = 5s (fallback to raft.server.rpc.timeout.min)
2023-05-30 05:51:19,310 [5f0a7a0d-379d-465b-874e-1eefeb5ab37a@group-6F28DED1D2F5-FollowerState] INFO  server.RaftServerConfigKeys (ConfUtils.java:logFallback(53)) - raft.server.rpc.first-election.timeout.max = 5200ms (fallback to raft.server.rpc.timeout.max)
2023-05-30 05:51:19,322 [PipelineCommandHandlerThread-0] INFO  ratis.XceiverServerRatis (XceiverServerRatis.java:addGroup(804)) - Created group PipelineID=d19e750b-19e0-4091-a425-6f28ded1d2f5
2023-05-30 05:51:19,335 [grpc-default-executor-8] INFO  server.RaftServer (RaftServerProxy.java:addNew(98)) - 86ce2dc3-e244-48ce-a353-aea1892a305a: addNew group-6F28DED1D2F5:[be966552-930a-4dc9-b164-7221c5e4b48a|rpc:10.1.0.18:15076|admin:10.1.0.18:15075|client:10.1.0.18:15074|dataStream:10.1.0.18:15077|priority:0|startupRole:FOLLOWER, 86ce2dc3-e244-48ce-a353-aea1892a305a|rpc:10.1.0.18:15085|admin:10.1.0.18:15084|client:10.1.0.18:15083|dataStream:10.1.0.18:15086|priority:0|startupRole:FOLLOWER, 5f0a7a0d-379d-465b-874e-1eefeb5ab37a|rpc:10.1.0.18:15067|admin:10.1.0.18:15066|client:10.1.0.18:15065|dataStream:10.1.0.18:15068|priority:1|startupRole:FOLLOWER] returns group-6F28DED1D2F5:java.util.concurrent.CompletableFuture@3e648efe[Not completed]
2023-05-30 05:51:19,336 [86ce2dc3-e244-48ce-a353-aea1892a305a-groupManagement] INFO  server.RaftServer$Division (RaftServerImpl.java:<init>(198)) - 86ce2dc3-e244-48ce-a353-aea1892a305a: new RaftServerImpl for group-6F28DED1D2F5:[be966552-930a-4dc9-b164-7221c5e4b48a|rpc:10.1.0.18:15076|admin:10.1.0.18:15075|client:10.1.0.18:15074|dataStream:10.1.0.18:15077|priority:0|startupRole:FOLLOWER, 86ce2dc3-e244-48ce-a353-aea1892a305a|rpc:10.1.0.18:15085|admin:10.1.0.18:15084|client:10.1.0.18:15083|dataStream:10.1.0.18:15086|priority:0|startupRole:FOLLOWER, 5f0a7a0d-379d-465b-874e-1eefeb5ab37a|rpc:10.1.0.18:15067|admin:10.1.0.18:15066|client:10.1.0.18:15065|dataStream:10.1.0.18:15068|priority:1|startupRole:FOLLOWER] with ContainerStateMachine:uninitialized
2023-05-30 05:51:19,336 [86ce2dc3-e244-48ce-a353-aea1892a305a-groupManagement] INFO  server.RaftServerConfigKeys (ConfUtils.java:logGet(46)) - raft.server.rpc.timeout.min = 5s (custom)
2023-05-30 05:51:19,336 [86ce2dc3-e244-48ce-a353-aea1892a305a-groupManagement] INFO  server.RaftServerConfigKeys (ConfUtils.java:logGet(46)) - raft.server.rpc.timeout.max = 5200ms (custom)
2023-05-30 05:51:19,336 [86ce2dc3-e244-48ce-a353-aea1892a305a-groupManagement] INFO  server.RaftServerConfigKeys (ConfUtils.java:logGet(46)) - raft.server.rpc.sleep.time = 25ms (default)
2023-05-30 05:51:19,336 [86ce2dc3-e244-48ce-a353-aea1892a305a-groupManagement] INFO  server.RaftServerConfigKeys (ConfUtils.java:logGet(46)) - raft.server.rpc.slowness.timeout = 300000ms (custom)
2023-05-30 05:51:19,336 [86ce2dc3-e244-48ce-a353-aea1892a305a-groupManagement] INFO  server.RaftServerConfigKeys (ConfUtils.java:logGet(46)) - raft.server.leaderelection.leader.step-down.wait-time = 10s (default)
2023-05-30 05:51:19,336 [86ce2dc3-e244-48ce-a353-aea1892a305a-groupManagement] INFO  server.RaftServerConfigKeys (ConfUtils.java:logGet(46)) - raft.server.sleep.deviation.threshold = 300ms (default)
2023-05-30 05:51:19,337 [86ce2dc3-e244-48ce-a353-aea1892a305a-groupManagement] INFO  server.RaftServer$Division (ServerState.java:<init>(120)) - 86ce2dc3-e244-48ce-a353-aea1892a305a@group-6F28DED1D2F5: ConfigurationManager, init=-1: peers:[be966552-930a-4dc9-b164-7221c5e4b48a|rpc:10.1.0.18:15076|admin:10.1.0.18:15075|client:10.1.0.18:15074|dataStream:10.1.0.18:15077|priority:0|startupRole:FOLLOWER, 86ce2dc3-e244-48ce-a353-aea1892a305a|rpc:10.1.0.18:15085|admin:10.1.0.18:15084|client:10.1.0.18:15083|dataStream:10.1.0.18:15086|priority:0|startupRole:FOLLOWER, 5f0a7a0d-379d-465b-874e-1eefeb5ab37a|rpc:10.1.0.18:15067|admin:10.1.0.18:15066|client:10.1.0.18:15065|dataStream:10.1.0.18:15068|priority:1|startupRole:FOLLOWER]|listeners:[], old=null, confs=<EMPTY_MAP>
2023-05-30 05:51:19,337 [86ce2dc3-e244-48ce-a353-aea1892a305a-groupManagement] INFO  server.RaftServerConfigKeys (ConfUtils.java:logGet(46)) - raft.server.storage.dir = [/home/runner/work/ozone/ozone/hadoop-ozone/integration-test/target/test-dir/MiniOzoneClusterImpl-e48a92f5-15eb-4a1f-8733-fd9493ac7566/datanode-2/data/ratis] (custom)
2023-05-30 05:51:19,337 [86ce2dc3-e244-48ce-a353-aea1892a305a-groupManagement] INFO  server.RaftServerConfigKeys (ConfUtils.java:logGet(46)) - raft.server.log.corruption.policy = EXCEPTION (default)
2023-05-30 05:51:19,337 [86ce2dc3-e244-48ce-a353-aea1892a305a-groupManagement] INFO  server.RaftServerConfigKeys (ConfUtils.java:logGet(46)) - raft.server.storage.free-space.min = 0MB (=0) (default)
2023-05-30 05:51:19,337 [86ce2dc3-e244-48ce-a353-aea1892a305a-groupManagement] INFO  server.RaftServerConfigKeys (ConfUtils.java:logGet(46)) - raft.server.notification.no-leader.timeout = 300000ms (custom)
2023-05-30 05:51:19,337 [86ce2dc3-e244-48ce-a353-aea1892a305a-groupManagement] INFO  server.RaftServerConfigKeys (ConfUtils.java:logGet(46)) - raft.server.read.timeout = 10s (default)
2023-05-30 05:51:19,338 [86ce2dc3-e244-48ce-a353-aea1892a305a-groupManagement] INFO  server.RaftServerConfigKeys (ConfUtils.java:logGet(46)) - raft.server.retrycache.expirytime = 600000ms (custom)
2023-05-30 05:51:19,338 [86ce2dc3-e244-48ce-a353-aea1892a305a-groupManagement] INFO  server.RaftServerConfigKeys (ConfUtils.java:logGet(46)) - raft.server.retrycache.statistics.expirytime = 100μs (default)
2023-05-30 05:51:19,338 [86ce2dc3-e244-48ce-a353-aea1892a305a-groupManagement] INFO  server.RaftServerConfigKeys (ConfUtils.java:logGet(46)) - raft.server.read.option = DEFAULT (default)
2023-05-30 05:51:19,338 [86ce2dc3-e244-48ce-a353-aea1892a305a-groupManagement] INFO  server.RaftServerConfigKeys (ConfUtils.java:logGet(46)) - raft.server.rpc.request.timeout = 3000ms (default)
2023-05-30 05:51:19,339 [86ce2dc3-e244-48ce-a353-aea1892a305a-groupManagement] INFO  server.RaftServerConfigKeys (ConfUtils.java:logGet(46)) - raft.server.log.appender.install.snapshot.enabled = false (custom)
2023-05-30 05:51:19,339 [86ce2dc3-e244-48ce-a353-aea1892a305a-groupManagement] INFO  server.RaftServerConfigKeys (ConfUtils.java:logGet(46)) - raft.server.threadpool.server.cached = true (default)
2023-05-30 05:51:19,339 [86ce2dc3-e244-48ce-a353-aea1892a305a-groupManagement] INFO  server.RaftServerConfigKeys (ConfUtils.java:logGet(46)) - raft.server.threadpool.server.size = 0 (default)
2023-05-30 05:51:19,339 [86ce2dc3-e244-48ce-a353-aea1892a305a-groupManagement] INFO  server.RaftServerConfigKeys (ConfUtils.java:logGet(46)) - raft.server.threadpool.client.cached = true (default)
2023-05-30 05:51:19,339 [86ce2dc3-e244-48ce-a353-aea1892a305a-groupManagement] INFO  server.RaftServerConfigKeys (ConfUtils.java:logGet(46)) - raft.server.threadpool.client.size = 0 (default)
2023-05-30 05:51:19,339 [86ce2dc3-e244-48ce-a353-aea1892a305a-groupManagement] INFO  storage.RaftStorageDirectory (RaftStorageDirectoryImpl.java:analyzeStorage(137)) - The storage directory /home/runner/work/ozone/ozone/hadoop-ozone/integration-test/target/test-dir/MiniOzoneClusterImpl-e48a92f5-15eb-4a1f-8733-fd9493ac7566/datanode-2/data/ratis/d19e750b-19e0-4091-a425-6f28ded1d2f5 does not exist. Creating ...
2023-05-30 05:51:19,342 [86ce2dc3-e244-48ce-a353-aea1892a305a-groupManagement] INFO  storage.RaftStorageDirectory (RaftStorageDirectoryImpl.java:tryLock(231)) - Lock on /home/runner/work/ozone/ozone/hadoop-ozone/integration-test/target/test-dir/MiniOzoneClusterImpl-e48a92f5-15eb-4a1f-8733-fd9493ac7566/datanode-2/data/ratis/d19e750b-19e0-4091-a425-6f28ded1d2f5/in_use.lock acquired by nodename 89029@fv-az800-703
2023-05-30 05:51:19,343 [86ce2dc3-e244-48ce-a353-aea1892a305a-groupManagement] INFO  storage.RaftStorage (RaftStorageImpl.java:format(96)) - Storage directory /home/runner/work/ozone/ozone/hadoop-ozone/integration-test/target/test-dir/MiniOzoneClusterImpl-e48a92f5-15eb-4a1f-8733-fd9493ac7566/datanode-2/data/ratis/d19e750b-19e0-4091-a425-6f28ded1d2f5 has been successfully formatted.
2023-05-30 05:51:19,345 [86ce2dc3-e244-48ce-a353-aea1892a305a-groupManagement] INFO  ratis.ContainerStateMachine (ContainerStateMachine.java:loadSnapshot(262)) - group-6F28DED1D2F5: The snapshot info is null. Setting the last applied indexto:(t:0, i:~)
2023-05-30 05:51:19,345 [86ce2dc3-e244-48ce-a353-aea1892a305a-groupManagement] INFO  server.RaftServerConfigKeys (ConfUtils.java:logGet(46)) - raft.server.log.use.memory = false (default)
2023-05-30 05:51:19,345 [86ce2dc3-e244-48ce-a353-aea1892a305a-groupManagement] INFO  server.RaftServerConfigKeys (ConfUtils.java:logGet(46)) - raft.server.log.purge.gap = 1000000 (custom)
2023-05-30 05:51:19,345 [86ce2dc3-e244-48ce-a353-aea1892a305a-groupManagement] INFO  server.RaftServerConfigKeys (ConfUtils.java:logGet(46)) - raft.server.log.appender.buffer.byte-limit = 33554432 (custom)
2023-05-30 05:51:19,345 [86ce2dc3-e244-48ce-a353-aea1892a305a-groupManagement] INFO  server.RaftServerConfigKeys (ConfUtils.java:logGet(46)) - raft.server.log.statemachine.data.read.timeout = 1000ms (default)
2023-05-30 05:51:19,345 [86ce2dc3-e244-48ce-a353-aea1892a305a-groupManagement] INFO  server.RaftServerConfigKeys (ConfUtils.java:logGet(46)) - raft.server.log.purge.preservation.log.num = 0 (default)
2023-05-30 05:51:19,346 [86ce2dc3-e244-48ce-a353-aea1892a305a-groupManagement] INFO  server.RaftServerConfigKeys (ConfUtils.java:logGet(46)) - raft.server.log.segment.size.max = 1048576 (custom)
2023-05-30 05:51:19,346 [86ce2dc3-e244-48ce-a353-aea1892a305a-groupManagement] INFO  server.RaftServerConfigKeys (ConfUtils.java:logGet(46)) - raft.server.log.segment.cache.num.max = 2 (custom)
2023-05-30 05:51:19,346 [86ce2dc3-e244-48ce-a353-aea1892a305a-groupManagement] INFO  server.RaftServerConfigKeys (ConfUtils.java:logGet(46)) - raft.server.log.segment.cache.size.max = 200MB (=209715200) (default)
2023-05-30 05:51:19,346 [86ce2dc3-e244-48ce-a353-aea1892a305a-groupManagement] INFO  server.RaftServerConfigKeys (ConfUtils.java:logGet(46)) - raft.server.log.appender.buffer.byte-limit = 33554432 (custom)
2023-05-30 05:51:19,346 [86ce2dc3-e244-48ce-a353-aea1892a305a-groupManagement] INFO  segmented.SegmentedRaftLogWorker (SegmentedRaftLogWorker.java:<init>(188)) - new 86ce2dc3-e244-48ce-a353-aea1892a305a@group-6F28DED1D2F5-SegmentedRaftLogWorker for RaftStorageImpl:Storage Directory /home/runner/work/ozone/ozone/hadoop-ozone/integration-test/target/test-dir/MiniOzoneClusterImpl-e48a92f5-15eb-4a1f-8733-fd9493ac7566/datanode-2/data/ratis/d19e750b-19e0-4091-a425-6f28ded1d2f5
2023-05-30 05:51:19,347 [86ce2dc3-e244-48ce-a353-aea1892a305a-groupManagement] INFO  server.RaftServerConfigKeys (ConfUtils.java:logGet(46)) - raft.server.log.queue.byte-limit = 4294967296 (custom)
2023-05-30 05:51:19,347 [86ce2dc3-e244-48ce-a353-aea1892a305a-groupManagement] INFO  server.RaftServerConfigKeys (ConfUtils.java:logGet(46)) - raft.server.log.queue.element-limit = 1024 (custom)
2023-05-30 05:51:19,347 [86ce2dc3-e244-48ce-a353-aea1892a305a-groupManagement] INFO  server.RaftServerConfigKeys (ConfUtils.java:logGet(46)) - raft.server.log.segment.size.max = 1048576 (custom)
2023-05-30 05:51:19,347 [86ce2dc3-e244-48ce-a353-aea1892a305a-groupManagement] INFO  server.RaftServerConfigKeys (ConfUtils.java:logGet(46)) - raft.server.log.preallocated.size = 16384 (custom)
2023-05-30 05:51:19,347 [86ce2dc3-e244-48ce-a353-aea1892a305a-groupManagement] INFO  server.RaftServerConfigKeys (ConfUtils.java:logGet(46)) - raft.server.log.force.sync.num = 128 (default)
2023-05-30 05:51:19,347 [86ce2dc3-e244-48ce-a353-aea1892a305a-groupManagement] INFO  server.RaftServerConfigKeys (ConfUtils.java:logGet(46)) - raft.server.log.statemachine.data.sync = true (default)
2023-05-30 05:51:19,347 [86ce2dc3-e244-48ce-a353-aea1892a305a-groupManagement] INFO  server.RaftServerConfigKeys (ConfUtils.java:logGet(46)) - raft.server.log.statemachine.data.sync.timeout = 10s (default)
2023-05-30 05:51:19,347 [86ce2dc3-e244-48ce-a353-aea1892a305a-groupManagement] INFO  server.RaftServerConfigKeys (ConfUtils.java:logGet(46)) - raft.server.log.statemachine.data.sync.timeout.retry = -1 (default)
2023-05-30 05:51:19,347 [86ce2dc3-e244-48ce-a353-aea1892a305a-groupManagement] INFO  server.RaftServerConfigKeys (ConfUtils.java:logGet(46)) - raft.server.log.write.buffer.size = 1048576 (custom)
2023-05-30 05:51:19,348 [86ce2dc3-e244-48ce-a353-aea1892a305a-groupManagement] INFO  server.RaftServerConfigKeys (ConfUtils.java:logGet(46)) - raft.server.log.appender.buffer.byte-limit = 33554432 (custom)
2023-05-30 05:51:19,353 [86ce2dc3-e244-48ce-a353-aea1892a305a-groupManagement] INFO  server.RaftServerConfigKeys (ConfUtils.java:logGet(46)) - raft.server.log.unsafe-flush.enabled = false (default)
2023-05-30 05:51:19,353 [86ce2dc3-e244-48ce-a353-aea1892a305a-groupManagement] INFO  server.RaftServerConfigKeys (ConfUtils.java:logGet(46)) - raft.server.log.async-flush.enabled = false (default)
2023-05-30 05:51:19,353 [86ce2dc3-e244-48ce-a353-aea1892a305a-groupManagement] INFO  server.RaftServerConfigKeys (ConfUtils.java:logGet(46)) - raft.server.log.statemachine.data.caching.enabled = true (custom)
2023-05-30 05:51:19,353 [86ce2dc3-e244-48ce-a353-aea1892a305a-groupManagement] INFO  segmented.SegmentedRaftLogWorker (SegmentedRaftLogWorker.java:lambda$new$0(135)) - 86ce2dc3-e244-48ce-a353-aea1892a305a@group-6F28DED1D2F5-SegmentedRaftLogWorker: flushIndex: setUnconditionally 0 -> -1
2023-05-30 05:51:19,354 [86ce2dc3-e244-48ce-a353-aea1892a305a-groupManagement] INFO  segmented.SegmentedRaftLogWorker (SegmentedRaftLogWorker.java:lambda$new$0(135)) - 86ce2dc3-e244-48ce-a353-aea1892a305a@group-6F28DED1D2F5-SegmentedRaftLogWorker: safeCacheEvictIndex: setUnconditionally 0 -> -1
2023-05-30 05:51:19,354 [86ce2dc3-e244-48ce-a353-aea1892a305a-groupManagement] INFO  server.RaftServer$Division (RaftServerImpl.java:start(342)) - 86ce2dc3-e244-48ce-a353-aea1892a305a@group-6F28DED1D2F5: start as a follower, conf=-1: peers:[be966552-930a-4dc9-b164-7221c5e4b48a|rpc:10.1.0.18:15076|admin:10.1.0.18:15075|client:10.1.0.18:15074|dataStream:10.1.0.18:15077|priority:0|startupRole:FOLLOWER, 86ce2dc3-e244-48ce-a353-aea1892a305a|rpc:10.1.0.18:15085|admin:10.1.0.18:15084|client:10.1.0.18:15083|dataStream:10.1.0.18:15086|priority:0|startupRole:FOLLOWER, 5f0a7a0d-379d-465b-874e-1eefeb5ab37a|rpc:10.1.0.18:15067|admin:10.1.0.18:15066|client:10.1.0.18:15065|dataStream:10.1.0.18:15068|priority:1|startupRole:FOLLOWER]|listeners:[], old=null
2023-05-30 05:51:19,354 [86ce2dc3-e244-48ce-a353-aea1892a305a-groupManagement] INFO  server.RaftServer$Division (RaftServerImpl.java:setRole(329)) - 86ce2dc3-e244-48ce-a353-aea1892a305a@group-6F28DED1D2F5: changes role from      null to FOLLOWER at term 0 for startAsFollower
2023-05-30 05:51:19,354 [86ce2dc3-e244-48ce-a353-aea1892a305a-groupManagement] INFO  impl.RoleInfo (RoleInfo.java:updateAndGet(139)) - 86ce2dc3-e244-48ce-a353-aea1892a305a: start 86ce2dc3-e244-48ce-a353-aea1892a305a@group-6F28DED1D2F5-FollowerState
2023-05-30 05:51:19,354 [86ce2dc3-e244-48ce-a353-aea1892a305a-groupManagement] INFO  util.JmxRegister (JmxRegister.java:tryRegister(44)) - Successfully registered JMX Bean with object name Ratis:service=RaftServer,group=group-6F28DED1D2F5,id=86ce2dc3-e244-48ce-a353-aea1892a305a
2023-05-30 05:51:19,354 [86ce2dc3-e244-48ce-a353-aea1892a305a@group-6F28DED1D2F5-FollowerState] INFO  server.RaftServerConfigKeys (ConfUtils.java:logFallback(53)) - raft.server.rpc.first-election.timeout.min = 5s (fallback to raft.server.rpc.timeout.min)
2023-05-30 05:51:19,354 [86ce2dc3-e244-48ce-a353-aea1892a305a-groupManagement] INFO  server.RaftServerConfigKeys (ConfUtils.java:logGet(46)) - raft.server.snapshot.auto.trigger.enabled = true (custom)
2023-05-30 05:51:19,354 [86ce2dc3-e244-48ce-a353-aea1892a305a@group-6F28DED1D2F5-FollowerState] INFO  server.RaftServerConfigKeys (ConfUtils.java:logFallback(53)) - raft.server.rpc.first-election.timeout.max = 5200ms (fallback to raft.server.rpc.timeout.max)
2023-05-30 05:51:19,355 [86ce2dc3-e244-48ce-a353-aea1892a305a-groupManagement] INFO  server.RaftServerConfigKeys (ConfUtils.java:logGet(46)) - raft.server.snapshot.auto.trigger.threshold = 10000 (custom)
2023-05-30 05:51:19,355 [86ce2dc3-e244-48ce-a353-aea1892a305a-groupManagement] INFO  server.RaftServerConfigKeys (ConfUtils.java:logGet(46)) - raft.server.snapshot.retention.file.num = 5 (custom)
2023-05-30 05:51:19,355 [86ce2dc3-e244-48ce-a353-aea1892a305a-groupManagement] INFO  server.RaftServerConfigKeys (ConfUtils.java:logGet(46)) - raft.server.log.purge.upto.snapshot.index = false (default)
2023-05-30 05:51:19,372 [grpc-default-executor-8] INFO  server.RaftServer (RaftServerProxy.java:addNew(98)) - be966552-930a-4dc9-b164-7221c5e4b48a: addNew group-6F28DED1D2F5:[be966552-930a-4dc9-b164-7221c5e4b48a|rpc:10.1.0.18:15076|admin:10.1.0.18:15075|client:10.1.0.18:15074|dataStream:10.1.0.18:15077|priority:0|startupRole:FOLLOWER, 86ce2dc3-e244-48ce-a353-aea1892a305a|rpc:10.1.0.18:15085|admin:10.1.0.18:15084|client:10.1.0.18:15083|dataStream:10.1.0.18:15086|priority:0|startupRole:FOLLOWER, 5f0a7a0d-379d-465b-874e-1eefeb5ab37a|rpc:10.1.0.18:15067|admin:10.1.0.18:15066|client:10.1.0.18:15065|dataStream:10.1.0.18:15068|priority:1|startupRole:FOLLOWER] returns group-6F28DED1D2F5:java.util.concurrent.CompletableFuture@3dad7b96[Not completed]
2023-05-30 05:51:19,373 [be966552-930a-4dc9-b164-7221c5e4b48a-groupManagement] INFO  server.RaftServer$Division (RaftServerImpl.java:<init>(198)) - be966552-930a-4dc9-b164-7221c5e4b48a: new RaftServerImpl for group-6F28DED1D2F5:[be966552-930a-4dc9-b164-7221c5e4b48a|rpc:10.1.0.18:15076|admin:10.1.0.18:15075|client:10.1.0.18:15074|dataStream:10.1.0.18:15077|priority:0|startupRole:FOLLOWER, 86ce2dc3-e244-48ce-a353-aea1892a305a|rpc:10.1.0.18:15085|admin:10.1.0.18:15084|client:10.1.0.18:15083|dataStream:10.1.0.18:15086|priority:0|startupRole:FOLLOWER, 5f0a7a0d-379d-465b-874e-1eefeb5ab37a|rpc:10.1.0.18:15067|admin:10.1.0.18:15066|client:10.1.0.18:15065|dataStream:10.1.0.18:15068|priority:1|startupRole:FOLLOWER] with ContainerStateMachine:uninitialized
2023-05-30 05:51:19,373 [be966552-930a-4dc9-b164-7221c5e4b48a-groupManagement] INFO  server.RaftServerConfigKeys (ConfUtils.java:logGet(46)) - raft.server.rpc.timeout.min = 5s (custom)
2023-05-30 05:51:19,374 [be966552-930a-4dc9-b164-7221c5e4b48a-groupManagement] INFO  server.RaftServerConfigKeys (ConfUtils.java:logGet(46)) - raft.server.rpc.timeout.max = 5200ms (custom)
2023-05-30 05:51:19,374 [be966552-930a-4dc9-b164-7221c5e4b48a-groupManagement] INFO  server.RaftServerConfigKeys (ConfUtils.java:logGet(46)) - raft.server.rpc.sleep.time = 25ms (default)
2023-05-30 05:51:19,374 [be966552-930a-4dc9-b164-7221c5e4b48a-groupManagement] INFO  server.RaftServerConfigKeys (ConfUtils.java:logGet(46)) - raft.server.rpc.slowness.timeout = 300000ms (custom)
2023-05-30 05:51:19,374 [be966552-930a-4dc9-b164-7221c5e4b48a-groupManagement] INFO  server.RaftServerConfigKeys (ConfUtils.java:logGet(46)) - raft.server.leaderelection.leader.step-down.wait-time = 10s (default)
2023-05-30 05:51:19,374 [be966552-930a-4dc9-b164-7221c5e4b48a-groupManagement] INFO  server.RaftServerConfigKeys (ConfUtils.java:logGet(46)) - raft.server.sleep.deviation.threshold = 300ms (default)
2023-05-30 05:51:19,374 [be966552-930a-4dc9-b164-7221c5e4b48a-groupManagement] INFO  server.RaftServer$Division (ServerState.java:<init>(120)) - be966552-930a-4dc9-b164-7221c5e4b48a@group-6F28DED1D2F5: ConfigurationManager, init=-1: peers:[be966552-930a-4dc9-b164-7221c5e4b48a|rpc:10.1.0.18:15076|admin:10.1.0.18:15075|client:10.1.0.18:15074|dataStream:10.1.0.18:15077|priority:0|startupRole:FOLLOWER, 86ce2dc3-e244-48ce-a353-aea1892a305a|rpc:10.1.0.18:15085|admin:10.1.0.18:15084|client:10.1.0.18:15083|dataStream:10.1.0.18:15086|priority:0|startupRole:FOLLOWER, 5f0a7a0d-379d-465b-874e-1eefeb5ab37a|rpc:10.1.0.18:15067|admin:10.1.0.18:15066|client:10.1.0.18:15065|dataStream:10.1.0.18:15068|priority:1|startupRole:FOLLOWER]|listeners:[], old=null, confs=<EMPTY_MAP>
2023-05-30 05:51:19,374 [be966552-930a-4dc9-b164-7221c5e4b48a-groupManagement] INFO  server.RaftServerConfigKeys (ConfUtils.java:logGet(46)) - raft.server.storage.dir = [/home/runner/work/ozone/ozone/hadoop-ozone/integration-test/target/test-dir/MiniOzoneClusterImpl-e48a92f5-15eb-4a1f-8733-fd9493ac7566/datanode-1/data/ratis] (custom)
2023-05-30 05:51:19,374 [be966552-930a-4dc9-b164-7221c5e4b48a-groupManagement] INFO  server.RaftServerConfigKeys (ConfUtils.java:logGet(46)) - raft.server.log.corruption.policy = EXCEPTION (default)
2023-05-30 05:51:19,374 [be966552-930a-4dc9-b164-7221c5e4b48a-groupManagement] INFO  server.RaftServerConfigKeys (ConfUtils.java:logGet(46)) - raft.server.storage.free-space.min = 0MB (=0) (default)
2023-05-30 05:51:19,374 [be966552-930a-4dc9-b164-7221c5e4b48a-groupManagement] INFO  server.RaftServerConfigKeys (ConfUtils.java:logGet(46)) - raft.server.notification.no-leader.timeout = 300000ms (custom)
2023-05-30 05:51:19,374 [be966552-930a-4dc9-b164-7221c5e4b48a-groupManagement] INFO  server.RaftServerConfigKeys (ConfUtils.java:logGet(46)) - raft.server.read.timeout = 10s (default)
2023-05-30 05:51:19,374 [be966552-930a-4dc9-b164-7221c5e4b48a-groupManagement] INFO  server.RaftServerConfigKeys (ConfUtils.java:logGet(46)) - raft.server.retrycache.expirytime = 600000ms (custom)
2023-05-30 05:51:19,374 [be966552-930a-4dc9-b164-7221c5e4b48a-groupManagement] INFO  server.RaftServerConfigKeys (ConfUtils.java:logGet(46)) - raft.server.retrycache.statistics.expirytime = 100μs (default)
2023-05-30 05:51:19,375 [be966552-930a-4dc9-b164-7221c5e4b48a-groupManagement] INFO  server.RaftServerConfigKeys (ConfUtils.java:logGet(46)) - raft.server.read.option = DEFAULT (default)
2023-05-30 05:51:19,375 [be966552-930a-4dc9-b164-7221c5e4b48a-groupManagement] INFO  server.RaftServerConfigKeys (ConfUtils.java:logGet(46)) - raft.server.rpc.request.timeout = 3000ms (default)
2023-05-30 05:51:19,375 [be966552-930a-4dc9-b164-7221c5e4b48a-groupManagement] INFO  server.RaftServerConfigKeys (ConfUtils.java:logGet(46)) - raft.server.log.appender.install.snapshot.enabled = false (custom)
2023-05-30 05:51:19,375 [be966552-930a-4dc9-b164-7221c5e4b48a-groupManagement] INFO  server.RaftServerConfigKeys (ConfUtils.java:logGet(46)) - raft.server.threadpool.server.cached = true (default)
2023-05-30 05:51:19,375 [be966552-930a-4dc9-b164-7221c5e4b48a-groupManagement] INFO  server.RaftServerConfigKeys (ConfUtils.java:logGet(46)) - raft.server.threadpool.server.size = 0 (default)
2023-05-30 05:51:19,376 [be966552-930a-4dc9-b164-7221c5e4b48a-groupManagement] INFO  server.RaftServerConfigKeys (ConfUtils.java:logGet(46)) - raft.server.threadpool.client.cached = true (default)
2023-05-30 05:51:19,376 [be966552-930a-4dc9-b164-7221c5e4b48a-groupManagement] INFO  server.RaftServerConfigKeys (ConfUtils.java:logGet(46)) - raft.server.threadpool.client.size = 0 (default)
2023-05-30 05:51:19,376 [be966552-930a-4dc9-b164-7221c5e4b48a-groupManagement] INFO  storage.RaftStorageDirectory (RaftStorageDirectoryImpl.java:analyzeStorage(137)) - The storage directory /home/runner/work/ozone/ozone/hadoop-ozone/integration-test/target/test-dir/MiniOzoneClusterImpl-e48a92f5-15eb-4a1f-8733-fd9493ac7566/datanode-1/data/ratis/d19e750b-19e0-4091-a425-6f28ded1d2f5 does not exist. Creating ...
2023-05-30 05:51:19,377 [be966552-930a-4dc9-b164-7221c5e4b48a-groupManagement] INFO  storage.RaftStorageDirectory (RaftStorageDirectoryImpl.java:tryLock(231)) - Lock on /home/runner/work/ozone/ozone/hadoop-ozone/integration-test/target/test-dir/MiniOzoneClusterImpl-e48a92f5-15eb-4a1f-8733-fd9493ac7566/datanode-1/data/ratis/d19e750b-19e0-4091-a425-6f28ded1d2f5/in_use.lock acquired by nodename 89029@fv-az800-703
2023-05-30 05:51:19,379 [be966552-930a-4dc9-b164-7221c5e4b48a-groupManagement] INFO  storage.RaftStorage (RaftStorageImpl.java:format(96)) - Storage directory /home/runner/work/ozone/ozone/hadoop-ozone/integration-test/target/test-dir/MiniOzoneClusterImpl-e48a92f5-15eb-4a1f-8733-fd9493ac7566/datanode-1/data/ratis/d19e750b-19e0-4091-a425-6f28ded1d2f5 has been successfully formatted.
2023-05-30 05:51:19,380 [be966552-930a-4dc9-b164-7221c5e4b48a-groupManagement] INFO  ratis.ContainerStateMachine (ContainerStateMachine.java:loadSnapshot(262)) - group-6F28DED1D2F5: The snapshot info is null. Setting the last applied indexto:(t:0, i:~)
2023-05-30 05:51:19,380 [be966552-930a-4dc9-b164-7221c5e4b48a-groupManagement] INFO  server.RaftServerConfigKeys (ConfUtils.java:logGet(46)) - raft.server.log.use.memory = false (default)
2023-05-30 05:51:19,380 [be966552-930a-4dc9-b164-7221c5e4b48a-groupManagement] INFO  server.RaftServerConfigKeys (ConfUtils.java:logGet(46)) - raft.server.log.purge.gap = 1000000 (custom)
2023-05-30 05:51:19,380 [be966552-930a-4dc9-b164-7221c5e4b48a-groupManagement] INFO  server.RaftServerConfigKeys (ConfUtils.java:logGet(46)) - raft.server.log.appender.buffer.byte-limit = 33554432 (custom)
2023-05-30 05:51:19,380 [be966552-930a-4dc9-b164-7221c5e4b48a-groupManagement] INFO  server.RaftServerConfigKeys (ConfUtils.java:logGet(46)) - raft.server.log.statemachine.data.read.timeout = 1000ms (default)
2023-05-30 05:51:19,380 [be966552-930a-4dc9-b164-7221c5e4b48a-groupManagement] INFO  server.RaftServerConfigKeys (ConfUtils.java:logGet(46)) - raft.server.log.purge.preservation.log.num = 0 (default)
2023-05-30 05:51:19,381 [be966552-930a-4dc9-b164-7221c5e4b48a-groupManagement] INFO  server.RaftServerConfigKeys (ConfUtils.java:logGet(46)) - raft.server.log.segment.size.max = 1048576 (custom)
2023-05-30 05:51:19,382 [be966552-930a-4dc9-b164-7221c5e4b48a-groupManagement] INFO  server.RaftServerConfigKeys (ConfUtils.java:logGet(46)) - raft.server.log.segment.cache.num.max = 2 (custom)
2023-05-30 05:51:19,382 [be966552-930a-4dc9-b164-7221c5e4b48a-groupManagement] INFO  server.RaftServerConfigKeys (ConfUtils.java:logGet(46)) - raft.server.log.segment.cache.size.max = 200MB (=209715200) (default)
2023-05-30 05:51:19,382 [be966552-930a-4dc9-b164-7221c5e4b48a-groupManagement] INFO  server.RaftServerConfigKeys (ConfUtils.java:logGet(46)) - raft.server.log.appender.buffer.byte-limit = 33554432 (custom)
2023-05-30 05:51:19,382 [be966552-930a-4dc9-b164-7221c5e4b48a-groupManagement] INFO  segmented.SegmentedRaftLogWorker (SegmentedRaftLogWorker.java:<init>(188)) - new be966552-930a-4dc9-b164-7221c5e4b48a@group-6F28DED1D2F5-SegmentedRaftLogWorker for RaftStorageImpl:Storage Directory /home/runner/work/ozone/ozone/hadoop-ozone/integration-test/target/test-dir/MiniOzoneClusterImpl-e48a92f5-15eb-4a1f-8733-fd9493ac7566/datanode-1/data/ratis/d19e750b-19e0-4091-a425-6f28ded1d2f5
2023-05-30 05:51:19,382 [be966552-930a-4dc9-b164-7221c5e4b48a-groupManagement] INFO  server.RaftServerConfigKeys (ConfUtils.java:logGet(46)) - raft.server.log.queue.byte-limit = 4294967296 (custom)
2023-05-30 05:51:19,382 [be966552-930a-4dc9-b164-7221c5e4b48a-groupManagement] INFO  server.RaftServerConfigKeys (ConfUtils.java:logGet(46)) - raft.server.log.queue.element-limit = 1024 (custom)
2023-05-30 05:51:19,382 [be966552-930a-4dc9-b164-7221c5e4b48a-groupManagement] INFO  server.RaftServerConfigKeys (ConfUtils.java:logGet(46)) - raft.server.log.segment.size.max = 1048576 (custom)
2023-05-30 05:51:19,382 [be966552-930a-4dc9-b164-7221c5e4b48a-groupManagement] INFO  server.RaftServerConfigKeys (ConfUtils.java:logGet(46)) - raft.server.log.preallocated.size = 16384 (custom)
2023-05-30 05:51:19,382 [be966552-930a-4dc9-b164-7221c5e4b48a-groupManagement] INFO  server.RaftServerConfigKeys (ConfUtils.java:logGet(46)) - raft.server.log.force.sync.num = 128 (default)
2023-05-30 05:51:19,382 [be966552-930a-4dc9-b164-7221c5e4b48a-groupManagement] INFO  server.RaftServerConfigKeys (ConfUtils.java:logGet(46)) - raft.server.log.statemachine.data.sync = true (default)
2023-05-30 05:51:19,382 [be966552-930a-4dc9-b164-7221c5e4b48a-groupManagement] INFO  server.RaftServerConfigKeys (ConfUtils.java:logGet(46)) - raft.server.log.statemachine.data.sync.timeout = 10s (default)
2023-05-30 05:51:19,383 [be966552-930a-4dc9-b164-7221c5e4b48a-groupManagement] INFO  server.RaftServerConfigKeys (ConfUtils.java:logGet(46)) - raft.server.log.statemachine.data.sync.timeout.retry = -1 (default)
2023-05-30 05:51:19,386 [be966552-930a-4dc9-b164-7221c5e4b48a-groupManagement] INFO  server.RaftServerConfigKeys (ConfUtils.java:logGet(46)) - raft.server.log.write.buffer.size = 1048576 (custom)
2023-05-30 05:51:19,387 [be966552-930a-4dc9-b164-7221c5e4b48a-groupManagement] INFO  server.RaftServerConfigKeys (ConfUtils.java:logGet(46)) - raft.server.log.appender.buffer.byte-limit = 33554432 (custom)
2023-05-30 05:51:19,392 [be966552-930a-4dc9-b164-7221c5e4b48a-groupManagement] INFO  server.RaftServerConfigKeys (ConfUtils.java:logGet(46)) - raft.server.log.unsafe-flush.enabled = false (default)
2023-05-30 05:51:19,392 [be966552-930a-4dc9-b164-7221c5e4b48a-groupManagement] INFO  server.RaftServerConfigKeys (ConfUtils.java:logGet(46)) - raft.server.log.async-flush.enabled = false (default)
2023-05-30 05:51:19,392 [be966552-930a-4dc9-b164-7221c5e4b48a-groupManagement] INFO  server.RaftServerConfigKeys (ConfUtils.java:logGet(46)) - raft.server.log.statemachine.data.caching.enabled = true (custom)
2023-05-30 05:51:19,393 [be966552-930a-4dc9-b164-7221c5e4b48a-groupManagement] INFO  segmented.SegmentedRaftLogWorker (SegmentedRaftLogWorker.java:lambda$new$0(135)) - be966552-930a-4dc9-b164-7221c5e4b48a@group-6F28DED1D2F5-SegmentedRaftLogWorker: flushIndex: setUnconditionally 0 -> -1
2023-05-30 05:51:19,393 [be966552-930a-4dc9-b164-7221c5e4b48a-groupManagement] INFO  segmented.SegmentedRaftLogWorker (SegmentedRaftLogWorker.java:lambda$new$0(135)) - be966552-930a-4dc9-b164-7221c5e4b48a@group-6F28DED1D2F5-SegmentedRaftLogWorker: safeCacheEvictIndex: setUnconditionally 0 -> -1
2023-05-30 05:51:19,394 [be966552-930a-4dc9-b164-7221c5e4b48a-groupManagement] INFO  server.RaftServer$Division (RaftServerImpl.java:start(342)) - be966552-930a-4dc9-b164-7221c5e4b48a@group-6F28DED1D2F5: start as a follower, conf=-1: peers:[be966552-930a-4dc9-b164-7221c5e4b48a|rpc:10.1.0.18:15076|admin:10.1.0.18:15075|client:10.1.0.18:15074|dataStream:10.1.0.18:15077|priority:0|startupRole:FOLLOWER, 86ce2dc3-e244-48ce-a353-aea1892a305a|rpc:10.1.0.18:15085|admin:10.1.0.18:15084|client:10.1.0.18:15083|dataStream:10.1.0.18:15086|priority:0|startupRole:FOLLOWER, 5f0a7a0d-379d-465b-874e-1eefeb5ab37a|rpc:10.1.0.18:15067|admin:10.1.0.18:15066|client:10.1.0.18:15065|dataStream:10.1.0.18:15068|priority:1|startupRole:FOLLOWER]|listeners:[], old=null
2023-05-30 05:51:19,394 [be966552-930a-4dc9-b164-7221c5e4b48a-groupManagement] INFO  server.RaftServer$Division (RaftServerImpl.java:setRole(329)) - be966552-930a-4dc9-b164-7221c5e4b48a@group-6F28DED1D2F5: changes role from      null to FOLLOWER at term 0 for startAsFollower
2023-05-30 05:51:19,394 [be966552-930a-4dc9-b164-7221c5e4b48a-groupManagement] INFO  impl.RoleInfo (RoleInfo.java:updateAndGet(139)) - be966552-930a-4dc9-b164-7221c5e4b48a: start be966552-930a-4dc9-b164-7221c5e4b48a@group-6F28DED1D2F5-FollowerState
2023-05-30 05:51:19,398 [be966552-930a-4dc9-b164-7221c5e4b48a-groupManagement] INFO  util.JmxRegister (JmxRegister.java:tryRegister(44)) - Successfully registered JMX Bean with object name Ratis:service=RaftServer,group=group-6F28DED1D2F5,id=be966552-930a-4dc9-b164-7221c5e4b48a
2023-05-30 05:51:19,398 [be966552-930a-4dc9-b164-7221c5e4b48a-groupManagement] INFO  server.RaftServerConfigKeys (ConfUtils.java:logGet(46)) - raft.server.snapshot.auto.trigger.enabled = true (custom)
2023-05-30 05:51:19,398 [be966552-930a-4dc9-b164-7221c5e4b48a-groupManagement] INFO  server.RaftServerConfigKeys (ConfUtils.java:logGet(46)) - raft.server.snapshot.auto.trigger.threshold = 10000 (custom)
2023-05-30 05:51:19,398 [be966552-930a-4dc9-b164-7221c5e4b48a-groupManagement] INFO  server.RaftServerConfigKeys (ConfUtils.java:logGet(46)) - raft.server.snapshot.retention.file.num = 5 (custom)
2023-05-30 05:51:19,398 [be966552-930a-4dc9-b164-7221c5e4b48a-groupManagement] INFO  server.RaftServerConfigKeys (ConfUtils.java:logGet(46)) - raft.server.log.purge.upto.snapshot.index = false (default)
2023-05-30 05:51:19,398 [be966552-930a-4dc9-b164-7221c5e4b48a@group-6F28DED1D2F5-FollowerState] INFO  server.RaftServerConfigKeys (ConfUtils.java:logFallback(53)) - raft.server.rpc.first-election.timeout.min = 5s (fallback to raft.server.rpc.timeout.min)
2023-05-30 05:51:19,398 [be966552-930a-4dc9-b164-7221c5e4b48a@group-6F28DED1D2F5-FollowerState] INFO  server.RaftServerConfigKeys (ConfUtils.java:logFallback(53)) - raft.server.rpc.first-election.timeout.max = 5200ms (fallback to raft.server.rpc.timeout.max)
2023-05-30 05:51:19,410 [PipelineCommandHandlerThread-0] INFO  commandhandler.CreatePipelineCommandHandler (CreatePipelineCommandHandler.java:lambda$handle$2(124)) - Created Pipeline RATIS THREE PipelineID=d19e750b-19e0-4091-a425-6f28ded1d2f5.
2023-05-30 05:51:19,411 [PipelineCommandHandlerThread-0] INFO  server.RaftServer (RaftServerProxy.java:addNew(98)) - 5f0a7a0d-379d-465b-874e-1eefeb5ab37a: addNew group-7FF882EE731F:[be966552-930a-4dc9-b164-7221c5e4b48a|rpc:10.1.0.18:15076|admin:10.1.0.18:15075|client:10.1.0.18:15074|dataStream:10.1.0.18:15077|priority:0|startupRole:FOLLOWER, 86ce2dc3-e244-48ce-a353-aea1892a305a|rpc:10.1.0.18:15085|admin:10.1.0.18:15084|client:10.1.0.18:15083|dataStream:10.1.0.18:15086|priority:1|startupRole:FOLLOWER, 5f0a7a0d-379d-465b-874e-1eefeb5ab37a|rpc:10.1.0.18:15067|admin:10.1.0.18:15066|client:10.1.0.18:15065|dataStream:10.1.0.18:15068|priority:0|startupRole:FOLLOWER] returns group-7FF882EE731F:java.util.concurrent.CompletableFuture@1fe27d7f[Not completed]
2023-05-30 05:51:19,412 [5f0a7a0d-379d-465b-874e-1eefeb5ab37a-groupManagement] INFO  server.RaftServer$Division (RaftServerImpl.java:<init>(198)) - 5f0a7a0d-379d-465b-874e-1eefeb5ab37a: new RaftServerImpl for group-7FF882EE731F:[be966552-930a-4dc9-b164-7221c5e4b48a|rpc:10.1.0.18:15076|admin:10.1.0.18:15075|client:10.1.0.18:15074|dataStream:10.1.0.18:15077|priority:0|startupRole:FOLLOWER, 86ce2dc3-e244-48ce-a353-aea1892a305a|rpc:10.1.0.18:15085|admin:10.1.0.18:15084|client:10.1.0.18:15083|dataStream:10.1.0.18:15086|priority:1|startupRole:FOLLOWER, 5f0a7a0d-379d-465b-874e-1eefeb5ab37a|rpc:10.1.0.18:15067|admin:10.1.0.18:15066|client:10.1.0.18:15065|dataStream:10.1.0.18:15068|priority:0|startupRole:FOLLOWER] with ContainerStateMachine:uninitialized
2023-05-30 05:51:19,412 [5f0a7a0d-379d-465b-874e-1eefeb5ab37a-groupManagement] INFO  server.RaftServerConfigKeys (ConfUtils.java:logGet(46)) - raft.server.rpc.timeout.min = 5s (custom)
2023-05-30 05:51:19,412 [5f0a7a0d-379d-465b-874e-1eefeb5ab37a-groupManagement] INFO  server.RaftServerConfigKeys (ConfUtils.java:logGet(46)) - raft.server.rpc.timeout.max = 5200ms (custom)
2023-05-30 05:51:19,412 [5f0a7a0d-379d-465b-874e-1eefeb5ab37a-groupManagement] INFO  server.RaftServerConfigKeys (ConfUtils.java:logGet(46)) - raft.server.rpc.sleep.time = 25ms (default)
2023-05-30 05:51:19,412 [5f0a7a0d-379d-465b-874e-1eefeb5ab37a-groupManagement] INFO  server.RaftServerConfigKeys (ConfUtils.java:logGet(46)) - raft.server.rpc.slowness.timeout = 300000ms (custom)
2023-05-30 05:51:19,412 [5f0a7a0d-379d-465b-874e-1eefeb5ab37a-groupManagement] INFO  server.RaftServerConfigKeys (ConfUtils.java:logGet(46)) - raft.server.leaderelection.leader.step-down.wait-time = 10s (default)
2023-05-30 05:51:19,412 [5f0a7a0d-379d-465b-874e-1eefeb5ab37a-groupManagement] INFO  server.RaftServerConfigKeys (ConfUtils.java:logGet(46)) - raft.server.sleep.deviation.threshold = 300ms (default)
2023-05-30 05:51:19,412 [5f0a7a0d-379d-465b-874e-1eefeb5ab37a-groupManagement] INFO  server.RaftServer$Division (ServerState.java:<init>(120)) - 5f0a7a0d-379d-465b-874e-1eefeb5ab37a@group-7FF882EE731F: ConfigurationManager, init=-1: peers:[be966552-930a-4dc9-b164-7221c5e4b48a|rpc:10.1.0.18:15076|admin:10.1.0.18:15075|client:10.1.0.18:15074|dataStream:10.1.0.18:15077|priority:0|startupRole:FOLLOWER, 86ce2dc3-e244-48ce-a353-aea1892a305a|rpc:10.1.0.18:15085|admin:10.1.0.18:15084|client:10.1.0.18:15083|dataStream:10.1.0.18:15086|priority:1|startupRole:FOLLOWER, 5f0a7a0d-379d-465b-874e-1eefeb5ab37a|rpc:10.1.0.18:15067|admin:10.1.0.18:15066|client:10.1.0.18:15065|dataStream:10.1.0.18:15068|priority:0|startupRole:FOLLOWER]|listeners:[], old=null, confs=<EMPTY_MAP>
2023-05-30 05:51:19,412 [5f0a7a0d-379d-465b-874e-1eefeb5ab37a-groupManagement] INFO  server.RaftServerConfigKeys (ConfUtils.java:logGet(46)) - raft.server.storage.dir = [/home/runner/work/ozone/ozone/hadoop-ozone/integration-test/target/test-dir/MiniOzoneClusterImpl-e48a92f5-15eb-4a1f-8733-fd9493ac7566/datanode-0/data/ratis] (custom)
2023-05-30 05:51:19,412 [5f0a7a0d-379d-465b-874e-1eefeb5ab37a-groupManagement] INFO  server.RaftServerConfigKeys (ConfUtils.java:logGet(46)) - raft.server.log.corruption.policy = EXCEPTION (default)
2023-05-30 05:51:19,412 [5f0a7a0d-379d-465b-874e-1eefeb5ab37a-groupManagement] INFO  server.RaftServerConfigKeys (ConfUtils.java:logGet(46)) - raft.server.storage.free-space.min = 0MB (=0) (default)
2023-05-30 05:51:19,412 [5f0a7a0d-379d-465b-874e-1eefeb5ab37a-groupManagement] INFO  server.RaftServerConfigKeys (ConfUtils.java:logGet(46)) - raft.server.notification.no-leader.timeout = 300000ms (custom)
2023-05-30 05:51:19,412 [5f0a7a0d-379d-465b-874e-1eefeb5ab37a-groupManagement] INFO  server.RaftServerConfigKeys (ConfUtils.java:logGet(46)) - raft.server.read.timeout = 10s (default)
2023-05-30 05:51:19,412 [5f0a7a0d-379d-465b-874e-1eefeb5ab37a-groupManagement] INFO  server.RaftServerConfigKeys (ConfUtils.java:logGet(46)) - raft.server.retrycache.expirytime = 600000ms (custom)
2023-05-30 05:51:19,413 [5f0a7a0d-379d-465b-874e-1eefeb5ab37a-groupManagement] INFO  server.RaftServerConfigKeys (ConfUtils.java:logGet(46)) - raft.server.retrycache.statistics.expirytime = 100μs (default)
2023-05-30 05:51:19,413 [5f0a7a0d-379d-465b-874e-1eefeb5ab37a-groupManagement] INFO  server.RaftServerConfigKeys (ConfUtils.java:logGet(46)) - raft.server.read.option = DEFAULT (default)
2023-05-30 05:51:19,413 [5f0a7a0d-379d-465b-874e-1eefeb5ab37a-groupManagement] INFO  server.RaftServerConfigKeys (ConfUtils.java:logGet(46)) - raft.server.rpc.request.timeout = 3000ms (default)
2023-05-30 05:51:19,413 [5f0a7a0d-379d-465b-874e-1eefeb5ab37a-groupManagement] INFO  server.RaftServerConfigKeys (ConfUtils.java:logGet(46)) - raft.server.log.appender.install.snapshot.enabled = false (custom)
2023-05-30 05:51:19,414 [5f0a7a0d-379d-465b-874e-1eefeb5ab37a-groupManagement] INFO  server.RaftServerConfigKeys (ConfUtils.java:logGet(46)) - raft.server.threadpool.server.cached = true (default)
2023-05-30 05:51:19,414 [5f0a7a0d-379d-465b-874e-1eefeb5ab37a-groupManagement] INFO  server.RaftServerConfigKeys (ConfUtils.java:logGet(46)) - raft.server.threadpool.server.size = 0 (default)
2023-05-30 05:51:19,414 [5f0a7a0d-379d-465b-874e-1eefeb5ab37a-groupManagement] INFO  server.RaftServerConfigKeys (ConfUtils.java:logGet(46)) - raft.server.threadpool.client.cached = true (default)
2023-05-30 05:51:19,414 [5f0a7a0d-379d-465b-874e-1eefeb5ab37a-groupManagement] INFO  server.RaftServerConfigKeys (ConfUtils.java:logGet(46)) - raft.server.threadpool.client.size = 0 (default)
2023-05-30 05:51:19,414 [5f0a7a0d-379d-465b-874e-1eefeb5ab37a-groupManagement] INFO  storage.RaftStorageDirectory (RaftStorageDirectoryImpl.java:analyzeStorage(137)) - The storage directory /home/runner/work/ozone/ozone/hadoop-ozone/integration-test/target/test-dir/MiniOzoneClusterImpl-e48a92f5-15eb-4a1f-8733-fd9493ac7566/datanode-0/data/ratis/54279088-66cd-4f69-ab2d-7ff882ee731f does not exist. Creating ...
2023-05-30 05:51:19,416 [5f0a7a0d-379d-465b-874e-1eefeb5ab37a-groupManagement] INFO  storage.RaftStorageDirectory (RaftStorageDirectoryImpl.java:tryLock(231)) - Lock on /home/runner/work/ozone/ozone/hadoop-ozone/integration-test/target/test-dir/MiniOzoneClusterImpl-e48a92f5-15eb-4a1f-8733-fd9493ac7566/datanode-0/data/ratis/54279088-66cd-4f69-ab2d-7ff882ee731f/in_use.lock acquired by nodename 89029@fv-az800-703
2023-05-30 05:51:19,418 [5f0a7a0d-379d-465b-874e-1eefeb5ab37a-groupManagement] INFO  storage.RaftStorage (RaftStorageImpl.java:format(96)) - Storage directory /home/runner/work/ozone/ozone/hadoop-ozone/integration-test/target/test-dir/MiniOzoneClusterImpl-e48a92f5-15eb-4a1f-8733-fd9493ac7566/datanode-0/data/ratis/54279088-66cd-4f69-ab2d-7ff882ee731f has been successfully formatted.
2023-05-30 05:51:19,418 [5f0a7a0d-379d-465b-874e-1eefeb5ab37a-groupManagement] INFO  ratis.ContainerStateMachine (ContainerStateMachine.java:loadSnapshot(262)) - group-7FF882EE731F: The snapshot info is null. Setting the last applied indexto:(t:0, i:~)
2023-05-30 05:51:19,418 [5f0a7a0d-379d-465b-874e-1eefeb5ab37a-groupManagement] INFO  server.RaftServerConfigKeys (ConfUtils.java:logGet(46)) - raft.server.log.use.memory = false (default)
2023-05-30 05:51:19,419 [5f0a7a0d-379d-465b-874e-1eefeb5ab37a-groupManagement] INFO  server.RaftServerConfigKeys (ConfUtils.java:logGet(46)) - raft.server.log.purge.gap = 1000000 (custom)
2023-05-30 05:51:19,419 [5f0a7a0d-379d-465b-874e-1eefeb5ab37a-groupManagement] INFO  server.RaftServerConfigKeys (ConfUtils.java:logGet(46)) - raft.server.log.appender.buffer.byte-limit = 33554432 (custom)
2023-05-30 05:51:19,419 [5f0a7a0d-379d-465b-874e-1eefeb5ab37a-groupManagement] INFO  server.RaftServerConfigKeys (ConfUtils.java:logGet(46)) - raft.server.log.statemachine.data.read.timeout = 1000ms (default)
2023-05-30 05:51:19,419 [5f0a7a0d-379d-465b-874e-1eefeb5ab37a-groupManagement] INFO  server.RaftServerConfigKeys (ConfUtils.java:logGet(46)) - raft.server.log.purge.preservation.log.num = 0 (default)
2023-05-30 05:51:19,419 [5f0a7a0d-379d-465b-874e-1eefeb5ab37a-groupManagement] INFO  server.RaftServerConfigKeys (ConfUtils.java:logGet(46)) - raft.server.log.segment.size.max = 1048576 (custom)
2023-05-30 05:51:19,420 [EventQueue-OpenPipelineForHealthyPipelineSafeModeRule] INFO  safemode.SCMSafeModeManager (HealthyPipelineSafeModeRule.java:process(137)) - SCM in safe mode. Healthy pipelines reported count is 0, required healthy pipeline reported count is 1
2023-05-30 05:51:19,421 [5f0a7a0d-379d-465b-874e-1eefeb5ab37a-groupManagement] INFO  server.RaftServerConfigKeys (ConfUtils.java:logGet(46)) - raft.server.log.segment.cache.num.max = 2 (custom)
2023-05-30 05:51:19,421 [5f0a7a0d-379d-465b-874e-1eefeb5ab37a-groupManagement] INFO  server.RaftServerConfigKeys (ConfUtils.java:logGet(46)) - raft.server.log.segment.cache.size.max = 200MB (=209715200) (default)
2023-05-30 05:51:19,421 [5f0a7a0d-379d-465b-874e-1eefeb5ab37a-groupManagement] INFO  server.RaftServerConfigKeys (ConfUtils.java:logGet(46)) - raft.server.log.appender.buffer.byte-limit = 33554432 (custom)
2023-05-30 05:51:19,421 [5f0a7a0d-379d-465b-874e-1eefeb5ab37a-groupManagement] INFO  segmented.SegmentedRaftLogWorker (SegmentedRaftLogWorker.java:<init>(188)) - new 5f0a7a0d-379d-465b-874e-1eefeb5ab37a@group-7FF882EE731F-SegmentedRaftLogWorker for RaftStorageImpl:Storage Directory /home/runner/work/ozone/ozone/hadoop-ozone/integration-test/target/test-dir/MiniOzoneClusterImpl-e48a92f5-15eb-4a1f-8733-fd9493ac7566/datanode-0/data/ratis/54279088-66cd-4f69-ab2d-7ff882ee731f
2023-05-30 05:51:19,421 [5f0a7a0d-379d-465b-874e-1eefeb5ab37a-groupManagement] INFO  server.RaftServerConfigKeys (ConfUtils.java:logGet(46)) - raft.server.log.queue.byte-limit = 4294967296 (custom)
2023-05-30 05:51:19,422 [5f0a7a0d-379d-465b-874e-1eefeb5ab37a-groupManagement] INFO  server.RaftServerConfigKeys (ConfUtils.java:logGet(46)) - raft.server.log.queue.element-limit = 1024 (custom)
2023-05-30 05:51:19,422 [5f0a7a0d-379d-465b-874e-1eefeb5ab37a-groupManagement] INFO  server.RaftServerConfigKeys (ConfUtils.java:logGet(46)) - raft.server.log.segment.size.max = 1048576 (custom)
2023-05-30 05:51:19,422 [5f0a7a0d-379d-465b-874e-1eefeb5ab37a-groupManagement] INFO  server.RaftServerConfigKeys (ConfUtils.java:logGet(46)) - raft.server.log.preallocated.size = 16384 (custom)
2023-05-30 05:51:19,422 [5f0a7a0d-379d-465b-874e-1eefeb5ab37a-groupManagement] INFO  server.RaftServerConfigKeys (ConfUtils.java:logGet(46)) - raft.server.log.force.sync.num = 128 (default)
2023-05-30 05:51:19,422 [5f0a7a0d-379d-465b-874e-1eefeb5ab37a-groupManagement] INFO  server.RaftServerConfigKeys (ConfUtils.java:logGet(46)) - raft.server.log.statemachine.data.sync = true (default)
2023-05-30 05:51:19,422 [5f0a7a0d-379d-465b-874e-1eefeb5ab37a-groupManagement] INFO  server.RaftServerConfigKeys (ConfUtils.java:logGet(46)) - raft.server.log.statemachine.data.sync.timeout = 10s (default)
2023-05-30 05:51:19,422 [5f0a7a0d-379d-465b-874e-1eefeb5ab37a-groupManagement] INFO  server.RaftServerConfigKeys (ConfUtils.java:logGet(46)) - raft.server.log.statemachine.data.sync.timeout.retry = -1 (default)
2023-05-30 05:51:19,423 [5f0a7a0d-379d-465b-874e-1eefeb5ab37a-groupManagement] INFO  server.RaftServerConfigKeys (ConfUtils.java:logGet(46)) - raft.server.log.write.buffer.size = 1048576 (custom)
2023-05-30 05:51:19,423 [5f0a7a0d-379d-465b-874e-1eefeb5ab37a-groupManagement] INFO  server.RaftServerConfigKeys (ConfUtils.java:logGet(46)) - raft.server.log.appender.buffer.byte-limit = 33554432 (custom)
2023-05-30 05:51:19,429 [5f0a7a0d-379d-465b-874e-1eefeb5ab37a-groupManagement] INFO  server.RaftServerConfigKeys (ConfUtils.java:logGet(46)) - raft.server.log.unsafe-flush.enabled = false (default)
2023-05-30 05:51:19,429 [5f0a7a0d-379d-465b-874e-1eefeb5ab37a-groupManagement] INFO  server.RaftServerConfigKeys (ConfUtils.java:logGet(46)) - raft.server.log.async-flush.enabled = false (default)
2023-05-30 05:51:19,429 [5f0a7a0d-379d-465b-874e-1eefeb5ab37a-groupManagement] INFO  server.RaftServerConfigKeys (ConfUtils.java:logGet(46)) - raft.server.log.statemachine.data.caching.enabled = true (custom)
2023-05-30 05:51:19,429 [5f0a7a0d-379d-465b-874e-1eefeb5ab37a-groupManagement] INFO  segmented.SegmentedRaftLogWorker (SegmentedRaftLogWorker.java:lambda$new$0(135)) - 5f0a7a0d-379d-465b-874e-1eefeb5ab37a@group-7FF882EE731F-SegmentedRaftLogWorker: flushIndex: setUnconditionally 0 -> -1
2023-05-30 05:51:19,429 [5f0a7a0d-379d-465b-874e-1eefeb5ab37a-groupManagement] INFO  segmented.SegmentedRaftLogWorker (SegmentedRaftLogWorker.java:lambda$new$0(135)) - 5f0a7a0d-379d-465b-874e-1eefeb5ab37a@group-7FF882EE731F-SegmentedRaftLogWorker: safeCacheEvictIndex: setUnconditionally 0 -> -1
2023-05-30 05:51:19,430 [5f0a7a0d-379d-465b-874e-1eefeb5ab37a-groupManagement] INFO  server.RaftServer$Division (RaftServerImpl.java:start(342)) - 5f0a7a0d-379d-465b-874e-1eefeb5ab37a@group-7FF882EE731F: start as a follower, conf=-1: peers:[be966552-930a-4dc9-b164-7221c5e4b48a|rpc:10.1.0.18:15076|admin:10.1.0.18:15075|client:10.1.0.18:15074|dataStream:10.1.0.18:15077|priority:0|startupRole:FOLLOWER, 86ce2dc3-e244-48ce-a353-aea1892a305a|rpc:10.1.0.18:15085|admin:10.1.0.18:15084|client:10.1.0.18:15083|dataStream:10.1.0.18:15086|priority:1|startupRole:FOLLOWER, 5f0a7a0d-379d-465b-874e-1eefeb5ab37a|rpc:10.1.0.18:15067|admin:10.1.0.18:15066|client:10.1.0.18:15065|dataStream:10.1.0.18:15068|priority:0|startupRole:FOLLOWER]|listeners:[], old=null
2023-05-30 05:51:19,430 [5f0a7a0d-379d-465b-874e-1eefeb5ab37a-groupManagement] INFO  server.RaftServer$Division (RaftServerImpl.java:setRole(329)) - 5f0a7a0d-379d-465b-874e-1eefeb5ab37a@group-7FF882EE731F: changes role from      null to FOLLOWER at term 0 for startAsFollower
2023-05-30 05:51:19,430 [5f0a7a0d-379d-465b-874e-1eefeb5ab37a-groupManagement] INFO  impl.RoleInfo (RoleInfo.java:updateAndGet(139)) - 5f0a7a0d-379d-465b-874e-1eefeb5ab37a: start 5f0a7a0d-379d-465b-874e-1eefeb5ab37a@group-7FF882EE731F-FollowerState
2023-05-30 05:51:19,435 [5f0a7a0d-379d-465b-874e-1eefeb5ab37a-groupManagement] INFO  util.JmxRegister (JmxRegister.java:tryRegister(44)) - Successfully registered JMX Bean with object name Ratis:service=RaftServer,group=group-7FF882EE731F,id=5f0a7a0d-379d-465b-874e-1eefeb5ab37a
2023-05-30 05:51:19,435 [5f0a7a0d-379d-465b-874e-1eefeb5ab37a@group-7FF882EE731F-FollowerState] INFO  server.RaftServerConfigKeys (ConfUtils.java:logFallback(53)) - raft.server.rpc.first-election.timeout.min = 5s (fallback to raft.server.rpc.timeout.min)
2023-05-30 05:51:19,435 [5f0a7a0d-379d-465b-874e-1eefeb5ab37a-groupManagement] INFO  server.RaftServerConfigKeys (ConfUtils.java:logGet(46)) - raft.server.snapshot.auto.trigger.enabled = true (custom)
2023-05-30 05:51:19,435 [5f0a7a0d-379d-465b-874e-1eefeb5ab37a@group-7FF882EE731F-FollowerState] INFO  server.RaftServerConfigKeys (ConfUtils.java:logFallback(53)) - raft.server.rpc.first-election.timeout.max = 5200ms (fallback to raft.server.rpc.timeout.max)
2023-05-30 05:51:19,435 [5f0a7a0d-379d-465b-874e-1eefeb5ab37a-groupManagement] INFO  server.RaftServerConfigKeys (ConfUtils.java:logGet(46)) - raft.server.snapshot.auto.trigger.threshold = 10000 (custom)
2023-05-30 05:51:19,435 [5f0a7a0d-379d-465b-874e-1eefeb5ab37a-groupManagement] INFO  server.RaftServerConfigKeys (ConfUtils.java:logGet(46)) - raft.server.snapshot.retention.file.num = 5 (custom)
2023-05-30 05:51:19,435 [5f0a7a0d-379d-465b-874e-1eefeb5ab37a-groupManagement] INFO  server.RaftServerConfigKeys (ConfUtils.java:logGet(46)) - raft.server.log.purge.upto.snapshot.index = false (default)
2023-05-30 05:51:19,438 [PipelineCommandHandlerThread-0] INFO  ratis.XceiverServerRatis (XceiverServerRatis.java:addGroup(804)) - Created group PipelineID=54279088-66cd-4f69-ab2d-7ff882ee731f
2023-05-30 05:51:19,448 [grpc-default-executor-8] INFO  server.RaftServer (RaftServerProxy.java:addNew(98)) - 86ce2dc3-e244-48ce-a353-aea1892a305a: addNew group-7FF882EE731F:[be966552-930a-4dc9-b164-7221c5e4b48a|rpc:10.1.0.18:15076|admin:10.1.0.18:15075|client:10.1.0.18:15074|dataStream:10.1.0.18:15077|priority:0|startupRole:FOLLOWER, 86ce2dc3-e244-48ce-a353-aea1892a305a|rpc:10.1.0.18:15085|admin:10.1.0.18:15084|client:10.1.0.18:15083|dataStream:10.1.0.18:15086|priority:1|startupRole:FOLLOWER, 5f0a7a0d-379d-465b-874e-1eefeb5ab37a|rpc:10.1.0.18:15067|admin:10.1.0.18:15066|client:10.1.0.18:15065|dataStream:10.1.0.18:15068|priority:0|startupRole:FOLLOWER] returns group-7FF882EE731F:java.util.concurrent.CompletableFuture@3354860d[Not completed]
2023-05-30 05:51:19,449 [86ce2dc3-e244-48ce-a353-aea1892a305a-groupManagement] INFO  server.RaftServer$Division (RaftServerImpl.java:<init>(198)) - 86ce2dc3-e244-48ce-a353-aea1892a305a: new RaftServerImpl for group-7FF882EE731F:[be966552-930a-4dc9-b164-7221c5e4b48a|rpc:10.1.0.18:15076|admin:10.1.0.18:15075|client:10.1.0.18:15074|dataStream:10.1.0.18:15077|priority:0|startupRole:FOLLOWER, 86ce2dc3-e244-48ce-a353-aea1892a305a|rpc:10.1.0.18:15085|admin:10.1.0.18:15084|client:10.1.0.18:15083|dataStream:10.1.0.18:15086|priority:1|startupRole:FOLLOWER, 5f0a7a0d-379d-465b-874e-1eefeb5ab37a|rpc:10.1.0.18:15067|admin:10.1.0.18:15066|client:10.1.0.18:15065|dataStream:10.1.0.18:15068|priority:0|startupRole:FOLLOWER] with ContainerStateMachine:uninitialized
2023-05-30 05:51:19,449 [86ce2dc3-e244-48ce-a353-aea1892a305a-groupManagement] INFO  server.RaftServerConfigKeys (ConfUtils.java:logGet(46)) - raft.server.rpc.timeout.min = 5s (custom)
2023-05-30 05:51:19,449 [86ce2dc3-e244-48ce-a353-aea1892a305a-groupManagement] INFO  server.RaftServerConfigKeys (ConfUtils.java:logGet(46)) - raft.server.rpc.timeout.max = 5200ms (custom)
2023-05-30 05:51:19,449 [86ce2dc3-e244-48ce-a353-aea1892a305a-groupManagement] INFO  server.RaftServerConfigKeys (ConfUtils.java:logGet(46)) - raft.server.rpc.sleep.time = 25ms (default)
2023-05-30 05:51:19,449 [86ce2dc3-e244-48ce-a353-aea1892a305a-groupManagement] INFO  server.RaftServerConfigKeys (ConfUtils.java:logGet(46)) - raft.server.rpc.slowness.timeout = 300000ms (custom)
2023-05-30 05:51:19,450 [86ce2dc3-e244-48ce-a353-aea1892a305a-groupManagement] INFO  server.RaftServerConfigKeys (ConfUtils.java:logGet(46)) - raft.server.leaderelection.leader.step-down.wait-time = 10s (default)
2023-05-30 05:51:19,450 [86ce2dc3-e244-48ce-a353-aea1892a305a-groupManagement] INFO  server.RaftServerConfigKeys (ConfUtils.java:logGet(46)) - raft.server.sleep.deviation.threshold = 300ms (default)
2023-05-30 05:51:19,450 [86ce2dc3-e244-48ce-a353-aea1892a305a-groupManagement] INFO  server.RaftServer$Division (ServerState.java:<init>(120)) - 86ce2dc3-e244-48ce-a353-aea1892a305a@group-7FF882EE731F: ConfigurationManager, init=-1: peers:[be966552-930a-4dc9-b164-7221c5e4b48a|rpc:10.1.0.18:15076|admin:10.1.0.18:15075|client:10.1.0.18:15074|dataStream:10.1.0.18:15077|priority:0|startupRole:FOLLOWER, 86ce2dc3-e244-48ce-a353-aea1892a305a|rpc:10.1.0.18:15085|admin:10.1.0.18:15084|client:10.1.0.18:15083|dataStream:10.1.0.18:15086|priority:1|startupRole:FOLLOWER, 5f0a7a0d-379d-465b-874e-1eefeb5ab37a|rpc:10.1.0.18:15067|admin:10.1.0.18:15066|client:10.1.0.18:15065|dataStream:10.1.0.18:15068|priority:0|startupRole:FOLLOWER]|listeners:[], old=null, confs=<EMPTY_MAP>
2023-05-30 05:51:19,450 [86ce2dc3-e244-48ce-a353-aea1892a305a-groupManagement] INFO  server.RaftServerConfigKeys (ConfUtils.java:logGet(46)) - raft.server.storage.dir = [/home/runner/work/ozone/ozone/hadoop-ozone/integration-test/target/test-dir/MiniOzoneClusterImpl-e48a92f5-15eb-4a1f-8733-fd9493ac7566/datanode-2/data/ratis] (custom)
2023-05-30 05:51:19,450 [86ce2dc3-e244-48ce-a353-aea1892a305a-groupManagement] INFO  server.RaftServerConfigKeys (ConfUtils.java:logGet(46)) - raft.server.log.corruption.policy = EXCEPTION (default)
2023-05-30 05:51:19,450 [86ce2dc3-e244-48ce-a353-aea1892a305a-groupManagement] INFO  server.RaftServerConfigKeys (ConfUtils.java:logGet(46)) - raft.server.storage.free-space.min = 0MB (=0) (default)
2023-05-30 05:51:19,450 [86ce2dc3-e244-48ce-a353-aea1892a305a-groupManagement] INFO  server.RaftServerConfigKeys (ConfUtils.java:logGet(46)) - raft.server.notification.no-leader.timeout = 300000ms (custom)
2023-05-30 05:51:19,450 [86ce2dc3-e244-48ce-a353-aea1892a305a-groupManagement] INFO  server.RaftServerConfigKeys (ConfUtils.java:logGet(46)) - raft.server.read.timeout = 10s (default)
2023-05-30 05:51:19,450 [86ce2dc3-e244-48ce-a353-aea1892a305a-groupManagement] INFO  server.RaftServerConfigKeys (ConfUtils.java:logGet(46)) - raft.server.retrycache.expirytime = 600000ms (custom)
2023-05-30 05:51:19,450 [86ce2dc3-e244-48ce-a353-aea1892a305a-groupManagement] INFO  server.RaftServerConfigKeys (ConfUtils.java:logGet(46)) - raft.server.retrycache.statistics.expirytime = 100μs (default)
2023-05-30 05:51:19,450 [86ce2dc3-e244-48ce-a353-aea1892a305a-groupManagement] INFO  server.RaftServerConfigKeys (ConfUtils.java:logGet(46)) - raft.server.read.option = DEFAULT (default)
2023-05-30 05:51:19,451 [86ce2dc3-e244-48ce-a353-aea1892a305a-groupManagement] INFO  server.RaftServerConfigKeys (ConfUtils.java:logGet(46)) - raft.server.rpc.request.timeout = 3000ms (default)
2023-05-30 05:51:19,451 [86ce2dc3-e244-48ce-a353-aea1892a305a-groupManagement] INFO  server.RaftServerConfigKeys (ConfUtils.java:logGet(46)) - raft.server.log.appender.install.snapshot.enabled = false (custom)
2023-05-30 05:51:19,451 [86ce2dc3-e244-48ce-a353-aea1892a305a-groupManagement] INFO  server.RaftServerConfigKeys (ConfUtils.java:logGet(46)) - raft.server.threadpool.server.cached = true (default)
2023-05-30 05:51:19,451 [86ce2dc3-e244-48ce-a353-aea1892a305a-groupManagement] INFO  server.RaftServerConfigKeys (ConfUtils.java:logGet(46)) - raft.server.threadpool.server.size = 0 (default)
2023-05-30 05:51:19,451 [86ce2dc3-e244-48ce-a353-aea1892a305a-groupManagement] INFO  server.RaftServerConfigKeys (ConfUtils.java:logGet(46)) - raft.server.threadpool.client.cached = true (default)
2023-05-30 05:51:19,451 [86ce2dc3-e244-48ce-a353-aea1892a305a-groupManagement] INFO  server.RaftServerConfigKeys (ConfUtils.java:logGet(46)) - raft.server.threadpool.client.size = 0 (default)
2023-05-30 05:51:19,451 [86ce2dc3-e244-48ce-a353-aea1892a305a-groupManagement] INFO  storage.RaftStorageDirectory (RaftStorageDirectoryImpl.java:analyzeStorage(137)) - The storage directory /home/runner/work/ozone/ozone/hadoop-ozone/integration-test/target/test-dir/MiniOzoneClusterImpl-e48a92f5-15eb-4a1f-8733-fd9493ac7566/datanode-2/data/ratis/54279088-66cd-4f69-ab2d-7ff882ee731f does not exist. Creating ...
2023-05-30 05:51:19,453 [86ce2dc3-e244-48ce-a353-aea1892a305a-groupManagement] INFO  storage.RaftStorageDirectory (RaftStorageDirectoryImpl.java:tryLock(231)) - Lock on /home/runner/work/ozone/ozone/hadoop-ozone/integration-test/target/test-dir/MiniOzoneClusterImpl-e48a92f5-15eb-4a1f-8733-fd9493ac7566/datanode-2/data/ratis/54279088-66cd-4f69-ab2d-7ff882ee731f/in_use.lock acquired by nodename 89029@fv-az800-703
2023-05-30 05:51:19,454 [86ce2dc3-e244-48ce-a353-aea1892a305a-groupManagement] INFO  storage.RaftStorage (RaftStorageImpl.java:format(96)) - Storage directory /home/runner/work/ozone/ozone/hadoop-ozone/integration-test/target/test-dir/MiniOzoneClusterImpl-e48a92f5-15eb-4a1f-8733-fd9493ac7566/datanode-2/data/ratis/54279088-66cd-4f69-ab2d-7ff882ee731f has been successfully formatted.
2023-05-30 05:51:19,454 [86ce2dc3-e244-48ce-a353-aea1892a305a-groupManagement] INFO  ratis.ContainerStateMachine (ContainerStateMachine.java:loadSnapshot(262)) - group-7FF882EE731F: The snapshot info is null. Setting the last applied indexto:(t:0, i:~)
2023-05-30 05:51:19,454 [86ce2dc3-e244-48ce-a353-aea1892a305a-groupManagement] INFO  server.RaftServerConfigKeys (ConfUtils.java:logGet(46)) - raft.server.log.use.memory = false (default)
2023-05-30 05:51:19,455 [86ce2dc3-e244-48ce-a353-aea1892a305a-groupManagement] INFO  server.RaftServerConfigKeys (ConfUtils.java:logGet(46)) - raft.server.log.purge.gap = 1000000 (custom)
2023-05-30 05:51:19,455 [86ce2dc3-e244-48ce-a353-aea1892a305a-groupManagement] INFO  server.RaftServerConfigKeys (ConfUtils.java:logGet(46)) - raft.server.log.appender.buffer.byte-limit = 33554432 (custom)
2023-05-30 05:51:19,455 [86ce2dc3-e244-48ce-a353-aea1892a305a-groupManagement] INFO  server.RaftServerConfigKeys (ConfUtils.java:logGet(46)) - raft.server.log.statemachine.data.read.timeout = 1000ms (default)
2023-05-30 05:51:19,456 [86ce2dc3-e244-48ce-a353-aea1892a305a-groupManagement] INFO  server.RaftServerConfigKeys (ConfUtils.java:logGet(46)) - raft.server.log.purge.preservation.log.num = 0 (default)
2023-05-30 05:51:19,456 [86ce2dc3-e244-48ce-a353-aea1892a305a-groupManagement] INFO  server.RaftServerConfigKeys (ConfUtils.java:logGet(46)) - raft.server.log.segment.size.max = 1048576 (custom)
2023-05-30 05:51:19,457 [86ce2dc3-e244-48ce-a353-aea1892a305a-groupManagement] INFO  server.RaftServerConfigKeys (ConfUtils.java:logGet(46)) - raft.server.log.segment.cache.num.max = 2 (custom)
2023-05-30 05:51:19,457 [86ce2dc3-e244-48ce-a353-aea1892a305a-groupManagement] INFO  server.RaftServerConfigKeys (ConfUtils.java:logGet(46)) - raft.server.log.segment.cache.size.max = 200MB (=209715200) (default)
2023-05-30 05:51:19,457 [86ce2dc3-e244-48ce-a353-aea1892a305a-groupManagement] INFO  server.RaftServerConfigKeys (ConfUtils.java:logGet(46)) - raft.server.log.appender.buffer.byte-limit = 33554432 (custom)
2023-05-30 05:51:19,457 [86ce2dc3-e244-48ce-a353-aea1892a305a-groupManagement] INFO  segmented.SegmentedRaftLogWorker (SegmentedRaftLogWorker.java:<init>(188)) - new 86ce2dc3-e244-48ce-a353-aea1892a305a@group-7FF882EE731F-SegmentedRaftLogWorker for RaftStorageImpl:Storage Directory /home/runner/work/ozone/ozone/hadoop-ozone/integration-test/target/test-dir/MiniOzoneClusterImpl-e48a92f5-15eb-4a1f-8733-fd9493ac7566/datanode-2/data/ratis/54279088-66cd-4f69-ab2d-7ff882ee731f
2023-05-30 05:51:19,457 [86ce2dc3-e244-48ce-a353-aea1892a305a-groupManagement] INFO  server.RaftServerConfigKeys (ConfUtils.java:logGet(46)) - raft.server.log.queue.byte-limit = 4294967296 (custom)
2023-05-30 05:51:19,457 [86ce2dc3-e244-48ce-a353-aea1892a305a-groupManagement] INFO  server.RaftServerConfigKeys (ConfUtils.java:logGet(46)) - raft.server.log.queue.element-limit = 1024 (custom)
2023-05-30 05:51:19,457 [86ce2dc3-e244-48ce-a353-aea1892a305a-groupManagement] INFO  server.RaftServerConfigKeys (ConfUtils.java:logGet(46)) - raft.server.log.segment.size.max = 1048576 (custom)
2023-05-30 05:51:19,457 [86ce2dc3-e244-48ce-a353-aea1892a305a-groupManagement] INFO  server.RaftServerConfigKeys (ConfUtils.java:logGet(46)) - raft.server.log.preallocated.size = 16384 (custom)
2023-05-30 05:51:19,457 [86ce2dc3-e244-48ce-a353-aea1892a305a-groupManagement] INFO  server.RaftServerConfigKeys (ConfUtils.java:logGet(46)) - raft.server.log.force.sync.num = 128 (default)
2023-05-30 05:51:19,457 [86ce2dc3-e244-48ce-a353-aea1892a305a-groupManagement] INFO  server.RaftServerConfigKeys (ConfUtils.java:logGet(46)) - raft.server.log.statemachine.data.sync = true (default)
2023-05-30 05:51:19,457 [86ce2dc3-e244-48ce-a353-aea1892a305a-groupManagement] INFO  server.RaftServerConfigKeys (ConfUtils.java:logGet(46)) - raft.server.log.statemachine.data.sync.timeout = 10s (default)
2023-05-30 05:51:19,457 [86ce2dc3-e244-48ce-a353-aea1892a305a-groupManagement] INFO  server.RaftServerConfigKeys (ConfUtils.java:logGet(46)) - raft.server.log.statemachine.data.sync.timeout.retry = -1 (default)
2023-05-30 05:51:19,458 [86ce2dc3-e244-48ce-a353-aea1892a305a-groupManagement] INFO  server.RaftServerConfigKeys (ConfUtils.java:logGet(46)) - raft.server.log.write.buffer.size = 1048576 (custom)
2023-05-30 05:51:19,459 [86ce2dc3-e244-48ce-a353-aea1892a305a-groupManagement] INFO  server.RaftServerConfigKeys (ConfUtils.java:logGet(46)) - raft.server.log.appender.buffer.byte-limit = 33554432 (custom)
2023-05-30 05:51:19,470 [86ce2dc3-e244-48ce-a353-aea1892a305a-groupManagement] INFO  server.RaftServerConfigKeys (ConfUtils.java:logGet(46)) - raft.server.log.unsafe-flush.enabled = false (default)
2023-05-30 05:51:19,470 [86ce2dc3-e244-48ce-a353-aea1892a305a-groupManagement] INFO  server.RaftServerConfigKeys (ConfUtils.java:logGet(46)) - raft.server.log.async-flush.enabled = false (default)
2023-05-30 05:51:19,470 [86ce2dc3-e244-48ce-a353-aea1892a305a-groupManagement] INFO  server.RaftServerConfigKeys (ConfUtils.java:logGet(46)) - raft.server.log.statemachine.data.caching.enabled = true (custom)
2023-05-30 05:51:19,470 [86ce2dc3-e244-48ce-a353-aea1892a305a-groupManagement] INFO  segmented.SegmentedRaftLogWorker (SegmentedRaftLogWorker.java:lambda$new$0(135)) - 86ce2dc3-e244-48ce-a353-aea1892a305a@group-7FF882EE731F-SegmentedRaftLogWorker: flushIndex: setUnconditionally 0 -> -1
2023-05-30 05:51:19,470 [86ce2dc3-e244-48ce-a353-aea1892a305a-groupManagement] INFO  segmented.SegmentedRaftLogWorker (SegmentedRaftLogWorker.java:lambda$new$0(135)) - 86ce2dc3-e244-48ce-a353-aea1892a305a@group-7FF882EE731F-SegmentedRaftLogWorker: safeCacheEvictIndex: setUnconditionally 0 -> -1
2023-05-30 05:51:19,470 [86ce2dc3-e244-48ce-a353-aea1892a305a-groupManagement] INFO  server.RaftServer$Division (RaftServerImpl.java:start(342)) - 86ce2dc3-e244-48ce-a353-aea1892a305a@group-7FF882EE731F: start as a follower, conf=-1: peers:[be966552-930a-4dc9-b164-7221c5e4b48a|rpc:10.1.0.18:15076|admin:10.1.0.18:15075|client:10.1.0.18:15074|dataStream:10.1.0.18:15077|priority:0|startupRole:FOLLOWER, 86ce2dc3-e244-48ce-a353-aea1892a305a|rpc:10.1.0.18:15085|admin:10.1.0.18:15084|client:10.1.0.18:15083|dataStream:10.1.0.18:15086|priority:1|startupRole:FOLLOWER, 5f0a7a0d-379d-465b-874e-1eefeb5ab37a|rpc:10.1.0.18:15067|admin:10.1.0.18:15066|client:10.1.0.18:15065|dataStream:10.1.0.18:15068|priority:0|startupRole:FOLLOWER]|listeners:[], old=null
2023-05-30 05:51:19,471 [86ce2dc3-e244-48ce-a353-aea1892a305a-groupManagement] INFO  server.RaftServer$Division (RaftServerImpl.java:setRole(329)) - 86ce2dc3-e244-48ce-a353-aea1892a305a@group-7FF882EE731F: changes role from      null to FOLLOWER at term 0 for startAsFollower
2023-05-30 05:51:19,471 [86ce2dc3-e244-48ce-a353-aea1892a305a-groupManagement] INFO  impl.RoleInfo (RoleInfo.java:updateAndGet(139)) - 86ce2dc3-e244-48ce-a353-aea1892a305a: start 86ce2dc3-e244-48ce-a353-aea1892a305a@group-7FF882EE731F-FollowerState
2023-05-30 05:51:19,471 [86ce2dc3-e244-48ce-a353-aea1892a305a-groupManagement] INFO  util.JmxRegister (JmxRegister.java:tryRegister(44)) - Successfully registered JMX Bean with object name Ratis:service=RaftServer,group=group-7FF882EE731F,id=86ce2dc3-e244-48ce-a353-aea1892a305a
2023-05-30 05:51:19,471 [86ce2dc3-e244-48ce-a353-aea1892a305a-groupManagement] INFO  server.RaftServerConfigKeys (ConfUtils.java:logGet(46)) - raft.server.snapshot.auto.trigger.enabled = true (custom)
2023-05-30 05:51:19,471 [86ce2dc3-e244-48ce-a353-aea1892a305a-groupManagement] INFO  server.RaftServerConfigKeys (ConfUtils.java:logGet(46)) - raft.server.snapshot.auto.trigger.threshold = 10000 (custom)
2023-05-30 05:51:19,471 [86ce2dc3-e244-48ce-a353-aea1892a305a-groupManagement] INFO  server.RaftServerConfigKeys (ConfUtils.java:logGet(46)) - raft.server.snapshot.retention.file.num = 5 (custom)
2023-05-30 05:51:19,471 [86ce2dc3-e244-48ce-a353-aea1892a305a-groupManagement] INFO  server.RaftServerConfigKeys (ConfUtils.java:logGet(46)) - raft.server.log.purge.upto.snapshot.index = false (default)
2023-05-30 05:51:19,472 [86ce2dc3-e244-48ce-a353-aea1892a305a@group-7FF882EE731F-FollowerState] INFO  server.RaftServerConfigKeys (ConfUtils.java:logFallback(53)) - raft.server.rpc.first-election.timeout.min = 5s (fallback to raft.server.rpc.timeout.min)
2023-05-30 05:51:19,472 [86ce2dc3-e244-48ce-a353-aea1892a305a@group-7FF882EE731F-FollowerState] INFO  server.RaftServerConfigKeys (ConfUtils.java:logFallback(53)) - raft.server.rpc.first-election.timeout.max = 5200ms (fallback to raft.server.rpc.timeout.max)
2023-05-30 05:51:19,494 [grpc-default-executor-8] INFO  server.RaftServer (RaftServerProxy.java:addNew(98)) - be966552-930a-4dc9-b164-7221c5e4b48a: addNew group-7FF882EE731F:[be966552-930a-4dc9-b164-7221c5e4b48a|rpc:10.1.0.18:15076|admin:10.1.0.18:15075|client:10.1.0.18:15074|dataStream:10.1.0.18:15077|priority:0|startupRole:FOLLOWER, 86ce2dc3-e244-48ce-a353-aea1892a305a|rpc:10.1.0.18:15085|admin:10.1.0.18:15084|client:10.1.0.18:15083|dataStream:10.1.0.18:15086|priority:1|startupRole:FOLLOWER, 5f0a7a0d-379d-465b-874e-1eefeb5ab37a|rpc:10.1.0.18:15067|admin:10.1.0.18:15066|client:10.1.0.18:15065|dataStream:10.1.0.18:15068|priority:0|startupRole:FOLLOWER] returns group-7FF882EE731F:java.util.concurrent.CompletableFuture@23cf6063[Not completed]
2023-05-30 05:51:19,498 [be966552-930a-4dc9-b164-7221c5e4b48a-groupManagement] INFO  server.RaftServer$Division (RaftServerImpl.java:<init>(198)) - be966552-930a-4dc9-b164-7221c5e4b48a: new RaftServerImpl for group-7FF882EE731F:[be966552-930a-4dc9-b164-7221c5e4b48a|rpc:10.1.0.18:15076|admin:10.1.0.18:15075|client:10.1.0.18:15074|dataStream:10.1.0.18:15077|priority:0|startupRole:FOLLOWER, 86ce2dc3-e244-48ce-a353-aea1892a305a|rpc:10.1.0.18:15085|admin:10.1.0.18:15084|client:10.1.0.18:15083|dataStream:10.1.0.18:15086|priority:1|startupRole:FOLLOWER, 5f0a7a0d-379d-465b-874e-1eefeb5ab37a|rpc:10.1.0.18:15067|admin:10.1.0.18:15066|client:10.1.0.18:15065|dataStream:10.1.0.18:15068|priority:0|startupRole:FOLLOWER] with ContainerStateMachine:uninitialized
2023-05-30 05:51:19,499 [be966552-930a-4dc9-b164-7221c5e4b48a-groupManagement] INFO  server.RaftServerConfigKeys (ConfUtils.java:logGet(46)) - raft.server.rpc.timeout.min = 5s (custom)
2023-05-30 05:51:19,499 [be966552-930a-4dc9-b164-7221c5e4b48a-groupManagement] INFO  server.RaftServerConfigKeys (ConfUtils.java:logGet(46)) - raft.server.rpc.timeout.max = 5200ms (custom)
2023-05-30 05:51:19,499 [be966552-930a-4dc9-b164-7221c5e4b48a-groupManagement] INFO  server.RaftServerConfigKeys (ConfUtils.java:logGet(46)) - raft.server.rpc.sleep.time = 25ms (default)
2023-05-30 05:51:19,499 [be966552-930a-4dc9-b164-7221c5e4b48a-groupManagement] INFO  server.RaftServerConfigKeys (ConfUtils.java:logGet(46)) - raft.server.rpc.slowness.timeout = 300000ms (custom)
2023-05-30 05:51:19,499 [be966552-930a-4dc9-b164-7221c5e4b48a-groupManagement] INFO  server.RaftServerConfigKeys (ConfUtils.java:logGet(46)) - raft.server.leaderelection.leader.step-down.wait-time = 10s (default)
2023-05-30 05:51:19,499 [be966552-930a-4dc9-b164-7221c5e4b48a-groupManagement] INFO  server.RaftServerConfigKeys (ConfUtils.java:logGet(46)) - raft.server.sleep.deviation.threshold = 300ms (default)
2023-05-30 05:51:19,499 [be966552-930a-4dc9-b164-7221c5e4b48a-groupManagement] INFO  server.RaftServer$Division (ServerState.java:<init>(120)) - be966552-930a-4dc9-b164-7221c5e4b48a@group-7FF882EE731F: ConfigurationManager, init=-1: peers:[be966552-930a-4dc9-b164-7221c5e4b48a|rpc:10.1.0.18:15076|admin:10.1.0.18:15075|client:10.1.0.18:15074|dataStream:10.1.0.18:15077|priority:0|startupRole:FOLLOWER, 86ce2dc3-e244-48ce-a353-aea1892a305a|rpc:10.1.0.18:15085|admin:10.1.0.18:15084|client:10.1.0.18:15083|dataStream:10.1.0.18:15086|priority:1|startupRole:FOLLOWER, 5f0a7a0d-379d-465b-874e-1eefeb5ab37a|rpc:10.1.0.18:15067|admin:10.1.0.18:15066|client:10.1.0.18:15065|dataStream:10.1.0.18:15068|priority:0|startupRole:FOLLOWER]|listeners:[], old=null, confs=<EMPTY_MAP>
2023-05-30 05:51:19,499 [be966552-930a-4dc9-b164-7221c5e4b48a-groupManagement] INFO  server.RaftServerConfigKeys (ConfUtils.java:logGet(46)) - raft.server.storage.dir = [/home/runner/work/ozone/ozone/hadoop-ozone/integration-test/target/test-dir/MiniOzoneClusterImpl-e48a92f5-15eb-4a1f-8733-fd9493ac7566/datanode-1/data/ratis] (custom)
2023-05-30 05:51:19,499 [be966552-930a-4dc9-b164-7221c5e4b48a-groupManagement] INFO  server.RaftServerConfigKeys (ConfUtils.java:logGet(46)) - raft.server.log.corruption.policy = EXCEPTION (default)
2023-05-30 05:51:19,499 [be966552-930a-4dc9-b164-7221c5e4b48a-groupManagement] INFO  server.RaftServerConfigKeys (ConfUtils.java:logGet(46)) - raft.server.storage.free-space.min = 0MB (=0) (default)
2023-05-30 05:51:19,499 [be966552-930a-4dc9-b164-7221c5e4b48a-groupManagement] INFO  server.RaftServerConfigKeys (ConfUtils.java:logGet(46)) - raft.server.notification.no-leader.timeout = 300000ms (custom)
2023-05-30 05:51:19,499 [be966552-930a-4dc9-b164-7221c5e4b48a-groupManagement] INFO  server.RaftServerConfigKeys (ConfUtils.java:logGet(46)) - raft.server.read.timeout = 10s (default)
2023-05-30 05:51:19,499 [be966552-930a-4dc9-b164-7221c5e4b48a-groupManagement] INFO  server.RaftServerConfigKeys (ConfUtils.java:logGet(46)) - raft.server.retrycache.expirytime = 600000ms (custom)
2023-05-30 05:51:19,499 [be966552-930a-4dc9-b164-7221c5e4b48a-groupManagement] INFO  server.RaftServerConfigKeys (ConfUtils.java:logGet(46)) - raft.server.retrycache.statistics.expirytime = 100μs (default)
2023-05-30 05:51:19,500 [be966552-930a-4dc9-b164-7221c5e4b48a-groupManagement] INFO  server.RaftServerConfigKeys (ConfUtils.java:logGet(46)) - raft.server.read.option = DEFAULT (default)
2023-05-30 05:51:19,500 [be966552-930a-4dc9-b164-7221c5e4b48a-groupManagement] INFO  server.RaftServerConfigKeys (ConfUtils.java:logGet(46)) - raft.server.rpc.request.timeout = 3000ms (default)
2023-05-30 05:51:19,500 [be966552-930a-4dc9-b164-7221c5e4b48a-groupManagement] INFO  server.RaftServerConfigKeys (ConfUtils.java:logGet(46)) - raft.server.log.appender.install.snapshot.enabled = false (custom)
2023-05-30 05:51:19,500 [be966552-930a-4dc9-b164-7221c5e4b48a-groupManagement] INFO  server.RaftServerConfigKeys (ConfUtils.java:logGet(46)) - raft.server.threadpool.server.cached = true (default)
2023-05-30 05:51:19,500 [be966552-930a-4dc9-b164-7221c5e4b48a-groupManagement] INFO  server.RaftServerConfigKeys (ConfUtils.java:logGet(46)) - raft.server.threadpool.server.size = 0 (default)
2023-05-30 05:51:19,501 [be966552-930a-4dc9-b164-7221c5e4b48a-groupManagement] INFO  server.RaftServerConfigKeys (ConfUtils.java:logGet(46)) - raft.server.threadpool.client.cached = true (default)
2023-05-30 05:51:19,501 [be966552-930a-4dc9-b164-7221c5e4b48a-groupManagement] INFO  server.RaftServerConfigKeys (ConfUtils.java:logGet(46)) - raft.server.threadpool.client.size = 0 (default)
2023-05-30 05:51:19,501 [be966552-930a-4dc9-b164-7221c5e4b48a-groupManagement] INFO  storage.RaftStorageDirectory (RaftStorageDirectoryImpl.java:analyzeStorage(137)) - The storage directory /home/runner/work/ozone/ozone/hadoop-ozone/integration-test/target/test-dir/MiniOzoneClusterImpl-e48a92f5-15eb-4a1f-8733-fd9493ac7566/datanode-1/data/ratis/54279088-66cd-4f69-ab2d-7ff882ee731f does not exist. Creating ...
2023-05-30 05:51:19,502 [be966552-930a-4dc9-b164-7221c5e4b48a-groupManagement] INFO  storage.RaftStorageDirectory (RaftStorageDirectoryImpl.java:tryLock(231)) - Lock on /home/runner/work/ozone/ozone/hadoop-ozone/integration-test/target/test-dir/MiniOzoneClusterImpl-e48a92f5-15eb-4a1f-8733-fd9493ac7566/datanode-1/data/ratis/54279088-66cd-4f69-ab2d-7ff882ee731f/in_use.lock acquired by nodename 89029@fv-az800-703
2023-05-30 05:51:19,504 [be966552-930a-4dc9-b164-7221c5e4b48a-groupManagement] INFO  storage.RaftStorage (RaftStorageImpl.java:format(96)) - Storage directory /home/runner/work/ozone/ozone/hadoop-ozone/integration-test/target/test-dir/MiniOzoneClusterImpl-e48a92f5-15eb-4a1f-8733-fd9493ac7566/datanode-1/data/ratis/54279088-66cd-4f69-ab2d-7ff882ee731f has been successfully formatted.
2023-05-30 05:51:19,505 [be966552-930a-4dc9-b164-7221c5e4b48a-groupManagement] INFO  ratis.ContainerStateMachine (ContainerStateMachine.java:loadSnapshot(262)) - group-7FF882EE731F: The snapshot info is null. Setting the last applied indexto:(t:0, i:~)
2023-05-30 05:51:19,505 [be966552-930a-4dc9-b164-7221c5e4b48a-groupManagement] INFO  server.RaftServerConfigKeys (ConfUtils.java:logGet(46)) - raft.server.log.use.memory = false (default)
2023-05-30 05:51:19,505 [be966552-930a-4dc9-b164-7221c5e4b48a-groupManagement] INFO  server.RaftServerConfigKeys (ConfUtils.java:logGet(46)) - raft.server.log.purge.gap = 1000000 (custom)
2023-05-30 05:51:19,505 [be966552-930a-4dc9-b164-7221c5e4b48a-groupManagement] INFO  server.RaftServerConfigKeys (ConfUtils.java:logGet(46)) - raft.server.log.appender.buffer.byte-limit = 33554432 (custom)
2023-05-30 05:51:19,506 [be966552-930a-4dc9-b164-7221c5e4b48a-groupManagement] INFO  server.RaftServerConfigKeys (ConfUtils.java:logGet(46)) - raft.server.log.statemachine.data.read.timeout = 1000ms (default)
2023-05-30 05:51:19,506 [be966552-930a-4dc9-b164-7221c5e4b48a-groupManagement] INFO  server.RaftServerConfigKeys (ConfUtils.java:logGet(46)) - raft.server.log.purge.preservation.log.num = 0 (default)
2023-05-30 05:51:19,506 [be966552-930a-4dc9-b164-7221c5e4b48a-groupManagement] INFO  server.RaftServerConfigKeys (ConfUtils.java:logGet(46)) - raft.server.log.segment.size.max = 1048576 (custom)
2023-05-30 05:51:19,506 [be966552-930a-4dc9-b164-7221c5e4b48a-groupManagement] INFO  server.RaftServerConfigKeys (ConfUtils.java:logGet(46)) - raft.server.log.segment.cache.num.max = 2 (custom)
2023-05-30 05:51:19,506 [be966552-930a-4dc9-b164-7221c5e4b48a-groupManagement] INFO  server.RaftServerConfigKeys (ConfUtils.java:logGet(46)) - raft.server.log.segment.cache.size.max = 200MB (=209715200) (default)
2023-05-30 05:51:19,506 [be966552-930a-4dc9-b164-7221c5e4b48a-groupManagement] INFO  server.RaftServerConfigKeys (ConfUtils.java:logGet(46)) - raft.server.log.appender.buffer.byte-limit = 33554432 (custom)
2023-05-30 05:51:19,506 [be966552-930a-4dc9-b164-7221c5e4b48a-groupManagement] INFO  segmented.SegmentedRaftLogWorker (SegmentedRaftLogWorker.java:<init>(188)) - new be966552-930a-4dc9-b164-7221c5e4b48a@group-7FF882EE731F-SegmentedRaftLogWorker for RaftStorageImpl:Storage Directory /home/runner/work/ozone/ozone/hadoop-ozone/integration-test/target/test-dir/MiniOzoneClusterImpl-e48a92f5-15eb-4a1f-8733-fd9493ac7566/datanode-1/data/ratis/54279088-66cd-4f69-ab2d-7ff882ee731f
2023-05-30 05:51:19,506 [be966552-930a-4dc9-b164-7221c5e4b48a-groupManagement] INFO  server.RaftServerConfigKeys (ConfUtils.java:logGet(46)) - raft.server.log.queue.byte-limit = 4294967296 (custom)
2023-05-30 05:51:19,506 [be966552-930a-4dc9-b164-7221c5e4b48a-groupManagement] INFO  server.RaftServerConfigKeys (ConfUtils.java:logGet(46)) - raft.server.log.queue.element-limit = 1024 (custom)
2023-05-30 05:51:19,506 [be966552-930a-4dc9-b164-7221c5e4b48a-groupManagement] INFO  server.RaftServerConfigKeys (ConfUtils.java:logGet(46)) - raft.server.log.segment.size.max = 1048576 (custom)
2023-05-30 05:51:19,506 [be966552-930a-4dc9-b164-7221c5e4b48a-groupManagement] INFO  server.RaftServerConfigKeys (ConfUtils.java:logGet(46)) - raft.server.log.preallocated.size = 16384 (custom)
2023-05-30 05:51:19,507 [be966552-930a-4dc9-b164-7221c5e4b48a-groupManagement] INFO  server.RaftServerConfigKeys (ConfUtils.java:logGet(46)) - raft.server.log.force.sync.num = 128 (default)
2023-05-30 05:51:19,507 [be966552-930a-4dc9-b164-7221c5e4b48a-groupManagement] INFO  server.RaftServerConfigKeys (ConfUtils.java:logGet(46)) - raft.server.log.statemachine.data.sync = true (default)
2023-05-30 05:51:19,507 [be966552-930a-4dc9-b164-7221c5e4b48a-groupManagement] INFO  server.RaftServerConfigKeys (ConfUtils.java:logGet(46)) - raft.server.log.statemachine.data.sync.timeout = 10s (default)
2023-05-30 05:51:19,507 [be966552-930a-4dc9-b164-7221c5e4b48a-groupManagement] INFO  server.RaftServerConfigKeys (ConfUtils.java:logGet(46)) - raft.server.log.statemachine.data.sync.timeout.retry = -1 (default)
2023-05-30 05:51:19,508 [be966552-930a-4dc9-b164-7221c5e4b48a-groupManagement] INFO  server.RaftServerConfigKeys (ConfUtils.java:logGet(46)) - raft.server.log.write.buffer.size = 1048576 (custom)
2023-05-30 05:51:19,508 [be966552-930a-4dc9-b164-7221c5e4b48a-groupManagement] INFO  server.RaftServerConfigKeys (ConfUtils.java:logGet(46)) - raft.server.log.appender.buffer.byte-limit = 33554432 (custom)
2023-05-30 05:51:19,516 [be966552-930a-4dc9-b164-7221c5e4b48a-groupManagement] INFO  server.RaftServerConfigKeys (ConfUtils.java:logGet(46)) - raft.server.log.unsafe-flush.enabled = false (default)
2023-05-30 05:51:19,516 [be966552-930a-4dc9-b164-7221c5e4b48a-groupManagement] INFO  server.RaftServerConfigKeys (ConfUtils.java:logGet(46)) - raft.server.log.async-flush.enabled = false (default)
2023-05-30 05:51:19,516 [be966552-930a-4dc9-b164-7221c5e4b48a-groupManagement] INFO  server.RaftServerConfigKeys (ConfUtils.java:logGet(46)) - raft.server.log.statemachine.data.caching.enabled = true (custom)
2023-05-30 05:51:19,516 [be966552-930a-4dc9-b164-7221c5e4b48a-groupManagement] INFO  segmented.SegmentedRaftLogWorker (SegmentedRaftLogWorker.java:lambda$new$0(135)) - be966552-930a-4dc9-b164-7221c5e4b48a@group-7FF882EE731F-SegmentedRaftLogWorker: flushIndex: setUnconditionally 0 -> -1
2023-05-30 05:51:19,517 [be966552-930a-4dc9-b164-7221c5e4b48a-groupManagement] INFO  segmented.SegmentedRaftLogWorker (SegmentedRaftLogWorker.java:lambda$new$0(135)) - be966552-930a-4dc9-b164-7221c5e4b48a@group-7FF882EE731F-SegmentedRaftLogWorker: safeCacheEvictIndex: setUnconditionally 0 -> -1
2023-05-30 05:51:19,517 [be966552-930a-4dc9-b164-7221c5e4b48a-groupManagement] INFO  server.RaftServer$Division (RaftServerImpl.java:start(342)) - be966552-930a-4dc9-b164-7221c5e4b48a@group-7FF882EE731F: start as a follower, conf=-1: peers:[be966552-930a-4dc9-b164-7221c5e4b48a|rpc:10.1.0.18:15076|admin:10.1.0.18:15075|client:10.1.0.18:15074|dataStream:10.1.0.18:15077|priority:0|startupRole:FOLLOWER, 86ce2dc3-e244-48ce-a353-aea1892a305a|rpc:10.1.0.18:15085|admin:10.1.0.18:15084|client:10.1.0.18:15083|dataStream:10.1.0.18:15086|priority:1|startupRole:FOLLOWER, 5f0a7a0d-379d-465b-874e-1eefeb5ab37a|rpc:10.1.0.18:15067|admin:10.1.0.18:15066|client:10.1.0.18:15065|dataStream:10.1.0.18:15068|priority:0|startupRole:FOLLOWER]|listeners:[], old=null
2023-05-30 05:51:19,517 [be966552-930a-4dc9-b164-7221c5e4b48a-groupManagement] INFO  server.RaftServer$Division (RaftServerImpl.java:setRole(329)) - be966552-930a-4dc9-b164-7221c5e4b48a@group-7FF882EE731F: changes role from      null to FOLLOWER at term 0 for startAsFollower
2023-05-30 05:51:19,517 [be966552-930a-4dc9-b164-7221c5e4b48a-groupManagement] INFO  impl.RoleInfo (RoleInfo.java:updateAndGet(139)) - be966552-930a-4dc9-b164-7221c5e4b48a: start be966552-930a-4dc9-b164-7221c5e4b48a@group-7FF882EE731F-FollowerState
2023-05-30 05:51:19,524 [be966552-930a-4dc9-b164-7221c5e4b48a-groupManagement] INFO  util.JmxRegister (JmxRegister.java:tryRegister(44)) - Successfully registered JMX Bean with object name Ratis:service=RaftServer,group=group-7FF882EE731F,id=be966552-930a-4dc9-b164-7221c5e4b48a
2023-05-30 05:51:19,524 [be966552-930a-4dc9-b164-7221c5e4b48a-groupManagement] INFO  server.RaftServerConfigKeys (ConfUtils.java:logGet(46)) - raft.server.snapshot.auto.trigger.enabled = true (custom)
2023-05-30 05:51:19,525 [be966552-930a-4dc9-b164-7221c5e4b48a-groupManagement] INFO  server.RaftServerConfigKeys (ConfUtils.java:logGet(46)) - raft.server.snapshot.auto.trigger.threshold = 10000 (custom)
2023-05-30 05:51:19,525 [be966552-930a-4dc9-b164-7221c5e4b48a-groupManagement] INFO  server.RaftServerConfigKeys (ConfUtils.java:logGet(46)) - raft.server.snapshot.retention.file.num = 5 (custom)
2023-05-30 05:51:19,525 [be966552-930a-4dc9-b164-7221c5e4b48a-groupManagement] INFO  server.RaftServerConfigKeys (ConfUtils.java:logGet(46)) - raft.server.log.purge.upto.snapshot.index = false (default)
2023-05-30 05:51:19,525 [be966552-930a-4dc9-b164-7221c5e4b48a@group-7FF882EE731F-FollowerState] INFO  server.RaftServerConfigKeys (ConfUtils.java:logFallback(53)) - raft.server.rpc.first-election.timeout.min = 5s (fallback to raft.server.rpc.timeout.min)
2023-05-30 05:51:19,525 [be966552-930a-4dc9-b164-7221c5e4b48a@group-7FF882EE731F-FollowerState] INFO  server.RaftServerConfigKeys (ConfUtils.java:logFallback(53)) - raft.server.rpc.first-election.timeout.max = 5200ms (fallback to raft.server.rpc.timeout.max)
2023-05-30 05:51:19,538 [PipelineCommandHandlerThread-0] INFO  commandhandler.CreatePipelineCommandHandler (CreatePipelineCommandHandler.java:lambda$handle$2(124)) - Created Pipeline RATIS THREE PipelineID=54279088-66cd-4f69-ab2d-7ff882ee731f.
2023-05-30 05:51:19,554 [PipelineCommandHandlerThread-0] INFO  server.RaftServer (RaftServerProxy.java:addNew(98)) - be966552-930a-4dc9-b164-7221c5e4b48a: addNew group-9B0A8CBF8974:[be966552-930a-4dc9-b164-7221c5e4b48a|rpc:10.1.0.18:15076|admin:10.1.0.18:15075|client:10.1.0.18:15074|dataStream:10.1.0.18:15077|priority:1|startupRole:FOLLOWER] returns group-9B0A8CBF8974:java.util.concurrent.CompletableFuture@590e31bb[Not completed]
2023-05-30 05:51:19,555 [be966552-930a-4dc9-b164-7221c5e4b48a-groupManagement] INFO  server.RaftServer$Division (RaftServerImpl.java:<init>(198)) - be966552-930a-4dc9-b164-7221c5e4b48a: new RaftServerImpl for group-9B0A8CBF8974:[be966552-930a-4dc9-b164-7221c5e4b48a|rpc:10.1.0.18:15076|admin:10.1.0.18:15075|client:10.1.0.18:15074|dataStream:10.1.0.18:15077|priority:1|startupRole:FOLLOWER] with ContainerStateMachine:uninitialized
2023-05-30 05:51:19,555 [be966552-930a-4dc9-b164-7221c5e4b48a-groupManagement] INFO  server.RaftServerConfigKeys (ConfUtils.java:logGet(46)) - raft.server.rpc.timeout.min = 5s (custom)
2023-05-30 05:51:19,555 [be966552-930a-4dc9-b164-7221c5e4b48a-groupManagement] INFO  server.RaftServerConfigKeys (ConfUtils.java:logGet(46)) - raft.server.rpc.timeout.max = 5200ms (custom)
2023-05-30 05:51:19,555 [be966552-930a-4dc9-b164-7221c5e4b48a-groupManagement] INFO  server.RaftServerConfigKeys (ConfUtils.java:logGet(46)) - raft.server.rpc.sleep.time = 25ms (default)
2023-05-30 05:51:19,555 [be966552-930a-4dc9-b164-7221c5e4b48a-groupManagement] INFO  server.RaftServerConfigKeys (ConfUtils.java:logGet(46)) - raft.server.rpc.slowness.timeout = 300000ms (custom)
2023-05-30 05:51:19,555 [be966552-930a-4dc9-b164-7221c5e4b48a-groupManagement] INFO  server.RaftServerConfigKeys (ConfUtils.java:logGet(46)) - raft.server.leaderelection.leader.step-down.wait-time = 10s (default)
2023-05-30 05:51:19,555 [be966552-930a-4dc9-b164-7221c5e4b48a-groupManagement] INFO  server.RaftServerConfigKeys (ConfUtils.java:logGet(46)) - raft.server.sleep.deviation.threshold = 300ms (default)
2023-05-30 05:51:19,555 [be966552-930a-4dc9-b164-7221c5e4b48a-groupManagement] INFO  server.RaftServer$Division (ServerState.java:<init>(120)) - be966552-930a-4dc9-b164-7221c5e4b48a@group-9B0A8CBF8974: ConfigurationManager, init=-1: peers:[be966552-930a-4dc9-b164-7221c5e4b48a|rpc:10.1.0.18:15076|admin:10.1.0.18:15075|client:10.1.0.18:15074|dataStream:10.1.0.18:15077|priority:1|startupRole:FOLLOWER]|listeners:[], old=null, confs=<EMPTY_MAP>
2023-05-30 05:51:19,555 [be966552-930a-4dc9-b164-7221c5e4b48a-groupManagement] INFO  server.RaftServerConfigKeys (ConfUtils.java:logGet(46)) - raft.server.storage.dir = [/home/runner/work/ozone/ozone/hadoop-ozone/integration-test/target/test-dir/MiniOzoneClusterImpl-e48a92f5-15eb-4a1f-8733-fd9493ac7566/datanode-1/data/ratis] (custom)
2023-05-30 05:51:19,556 [be966552-930a-4dc9-b164-7221c5e4b48a-groupManagement] INFO  server.RaftServerConfigKeys (ConfUtils.java:logGet(46)) - raft.server.log.corruption.policy = EXCEPTION (default)
2023-05-30 05:51:19,556 [be966552-930a-4dc9-b164-7221c5e4b48a-groupManagement] INFO  server.RaftServerConfigKeys (ConfUtils.java:logGet(46)) - raft.server.storage.free-space.min = 0MB (=0) (default)
2023-05-30 05:51:19,556 [be966552-930a-4dc9-b164-7221c5e4b48a-groupManagement] INFO  server.RaftServerConfigKeys (ConfUtils.java:logGet(46)) - raft.server.notification.no-leader.timeout = 300000ms (custom)
2023-05-30 05:51:19,556 [be966552-930a-4dc9-b164-7221c5e4b48a-groupManagement] INFO  server.RaftServerConfigKeys (ConfUtils.java:logGet(46)) - raft.server.read.timeout = 10s (default)
2023-05-30 05:51:19,556 [be966552-930a-4dc9-b164-7221c5e4b48a-groupManagement] INFO  server.RaftServerConfigKeys (ConfUtils.java:logGet(46)) - raft.server.retrycache.expirytime = 600000ms (custom)
2023-05-30 05:51:19,556 [be966552-930a-4dc9-b164-7221c5e4b48a-groupManagement] INFO  server.RaftServerConfigKeys (ConfUtils.java:logGet(46)) - raft.server.retrycache.statistics.expirytime = 100μs (default)
2023-05-30 05:51:19,556 [be966552-930a-4dc9-b164-7221c5e4b48a-groupManagement] INFO  server.RaftServerConfigKeys (ConfUtils.java:logGet(46)) - raft.server.read.option = DEFAULT (default)
2023-05-30 05:51:19,557 [be966552-930a-4dc9-b164-7221c5e4b48a-groupManagement] INFO  server.RaftServerConfigKeys (ConfUtils.java:logGet(46)) - raft.server.rpc.request.timeout = 3000ms (default)
2023-05-30 05:51:19,557 [be966552-930a-4dc9-b164-7221c5e4b48a-groupManagement] INFO  server.RaftServerConfigKeys (ConfUtils.java:logGet(46)) - raft.server.log.appender.install.snapshot.enabled = false (custom)
2023-05-30 05:51:19,557 [be966552-930a-4dc9-b164-7221c5e4b48a-groupManagement] INFO  server.RaftServerConfigKeys (ConfUtils.java:logGet(46)) - raft.server.threadpool.server.cached = true (default)
2023-05-30 05:51:19,557 [be966552-930a-4dc9-b164-7221c5e4b48a-groupManagement] INFO  server.RaftServerConfigKeys (ConfUtils.java:logGet(46)) - raft.server.threadpool.server.size = 0 (default)
2023-05-30 05:51:19,557 [be966552-930a-4dc9-b164-7221c5e4b48a-groupManagement] INFO  server.RaftServerConfigKeys (ConfUtils.java:logGet(46)) - raft.server.threadpool.client.cached = true (default)
2023-05-30 05:51:19,557 [be966552-930a-4dc9-b164-7221c5e4b48a-groupManagement] INFO  server.RaftServerConfigKeys (ConfUtils.java:logGet(46)) - raft.server.threadpool.client.size = 0 (default)
2023-05-30 05:51:19,557 [be966552-930a-4dc9-b164-7221c5e4b48a-groupManagement] INFO  storage.RaftStorageDirectory (RaftStorageDirectoryImpl.java:analyzeStorage(137)) - The storage directory /home/runner/work/ozone/ozone/hadoop-ozone/integration-test/target/test-dir/MiniOzoneClusterImpl-e48a92f5-15eb-4a1f-8733-fd9493ac7566/datanode-1/data/ratis/dc03b02a-f86d-4f15-9830-9b0a8cbf8974 does not exist. Creating ...
2023-05-30 05:51:19,559 [be966552-930a-4dc9-b164-7221c5e4b48a-groupManagement] INFO  storage.RaftStorageDirectory (RaftStorageDirectoryImpl.java:tryLock(231)) - Lock on /home/runner/work/ozone/ozone/hadoop-ozone/integration-test/target/test-dir/MiniOzoneClusterImpl-e48a92f5-15eb-4a1f-8733-fd9493ac7566/datanode-1/data/ratis/dc03b02a-f86d-4f15-9830-9b0a8cbf8974/in_use.lock acquired by nodename 89029@fv-az800-703
2023-05-30 05:51:19,560 [be966552-930a-4dc9-b164-7221c5e4b48a-groupManagement] INFO  storage.RaftStorage (RaftStorageImpl.java:format(96)) - Storage directory /home/runner/work/ozone/ozone/hadoop-ozone/integration-test/target/test-dir/MiniOzoneClusterImpl-e48a92f5-15eb-4a1f-8733-fd9493ac7566/datanode-1/data/ratis/dc03b02a-f86d-4f15-9830-9b0a8cbf8974 has been successfully formatted.
2023-05-30 05:51:19,563 [EventQueue-PipelineReportForPipelineReportHandler] INFO  pipeline.PipelineManagerImpl (PipelineManagerImpl.java:openPipeline(367)) - Pipeline Pipeline[ Id: dc03b02a-f86d-4f15-9830-9b0a8cbf8974, Nodes: be966552-930a-4dc9-b164-7221c5e4b48a(fv-az800-703/10.1.0.18), ReplicationConfig: RATIS/ONE, State:ALLOCATED, leaderId:be966552-930a-4dc9-b164-7221c5e4b48a, CreationTimestamp2023-05-30T05:51:16.558Z[Etc/UTC]] moved to OPEN state
2023-05-30 05:51:19,564 [EventQueue-OpenPipelineForHealthyPipelineSafeModeRule] INFO  safemode.SCMSafeModeManager (HealthyPipelineSafeModeRule.java:process(137)) - SCM in safe mode. Healthy pipelines reported count is 0, required healthy pipeline reported count is 1
2023-05-30 05:51:19,564 [be966552-930a-4dc9-b164-7221c5e4b48a-groupManagement] INFO  ratis.ContainerStateMachine (ContainerStateMachine.java:loadSnapshot(262)) - group-9B0A8CBF8974: The snapshot info is null. Setting the last applied indexto:(t:0, i:~)
2023-05-30 05:51:19,564 [be966552-930a-4dc9-b164-7221c5e4b48a-groupManagement] INFO  server.RaftServerConfigKeys (ConfUtils.java:logGet(46)) - raft.server.log.use.memory = false (default)
2023-05-30 05:51:19,564 [be966552-930a-4dc9-b164-7221c5e4b48a-groupManagement] INFO  server.RaftServerConfigKeys (ConfUtils.java:logGet(46)) - raft.server.log.purge.gap = 1000000 (custom)
2023-05-30 05:51:19,565 [be966552-930a-4dc9-b164-7221c5e4b48a-groupManagement] INFO  server.RaftServerConfigKeys (ConfUtils.java:logGet(46)) - raft.server.log.appender.buffer.byte-limit = 33554432 (custom)
2023-05-30 05:51:19,565 [be966552-930a-4dc9-b164-7221c5e4b48a-groupManagement] INFO  server.RaftServerConfigKeys (ConfUtils.java:logGet(46)) - raft.server.log.statemachine.data.read.timeout = 1000ms (default)
2023-05-30 05:51:19,565 [be966552-930a-4dc9-b164-7221c5e4b48a-groupManagement] INFO  server.RaftServerConfigKeys (ConfUtils.java:logGet(46)) - raft.server.log.purge.preservation.log.num = 0 (default)
2023-05-30 05:51:19,565 [be966552-930a-4dc9-b164-7221c5e4b48a-groupManagement] INFO  server.RaftServerConfigKeys (ConfUtils.java:logGet(46)) - raft.server.log.segment.size.max = 1048576 (custom)
2023-05-30 05:51:19,565 [be966552-930a-4dc9-b164-7221c5e4b48a-groupManagement] INFO  server.RaftServerConfigKeys (ConfUtils.java:logGet(46)) - raft.server.log.segment.cache.num.max = 2 (custom)
2023-05-30 05:51:19,565 [be966552-930a-4dc9-b164-7221c5e4b48a-groupManagement] INFO  server.RaftServerConfigKeys (ConfUtils.java:logGet(46)) - raft.server.log.segment.cache.size.max = 200MB (=209715200) (default)
2023-05-30 05:51:19,565 [be966552-930a-4dc9-b164-7221c5e4b48a-groupManagement] INFO  server.RaftServerConfigKeys (ConfUtils.java:logGet(46)) - raft.server.log.appender.buffer.byte-limit = 33554432 (custom)
2023-05-30 05:51:19,565 [be966552-930a-4dc9-b164-7221c5e4b48a-groupManagement] INFO  segmented.SegmentedRaftLogWorker (SegmentedRaftLogWorker.java:<init>(188)) - new be966552-930a-4dc9-b164-7221c5e4b48a@group-9B0A8CBF8974-SegmentedRaftLogWorker for RaftStorageImpl:Storage Directory /home/runner/work/ozone/ozone/hadoop-ozone/integration-test/target/test-dir/MiniOzoneClusterImpl-e48a92f5-15eb-4a1f-8733-fd9493ac7566/datanode-1/data/ratis/dc03b02a-f86d-4f15-9830-9b0a8cbf8974
2023-05-30 05:51:19,565 [be966552-930a-4dc9-b164-7221c5e4b48a-groupManagement] INFO  server.RaftServerConfigKeys (ConfUtils.java:logGet(46)) - raft.server.log.queue.byte-limit = 4294967296 (custom)
2023-05-30 05:51:19,565 [be966552-930a-4dc9-b164-7221c5e4b48a-groupManagement] INFO  server.RaftServerConfigKeys (ConfUtils.java:logGet(46)) - raft.server.log.queue.element-limit = 1024 (custom)
2023-05-30 05:51:19,565 [be966552-930a-4dc9-b164-7221c5e4b48a-groupManagement] INFO  server.RaftServerConfigKeys (ConfUtils.java:logGet(46)) - raft.server.log.segment.size.max = 1048576 (custom)
2023-05-30 05:51:19,566 [be966552-930a-4dc9-b164-7221c5e4b48a-groupManagement] INFO  server.RaftServerConfigKeys (ConfUtils.java:logGet(46)) - raft.server.log.preallocated.size = 16384 (custom)
2023-05-30 05:51:19,566 [be966552-930a-4dc9-b164-7221c5e4b48a-groupManagement] INFO  server.RaftServerConfigKeys (ConfUtils.java:logGet(46)) - raft.server.log.force.sync.num = 128 (default)
2023-05-30 05:51:19,566 [be966552-930a-4dc9-b164-7221c5e4b48a-groupManagement] INFO  server.RaftServerConfigKeys (ConfUtils.java:logGet(46)) - raft.server.log.statemachine.data.sync = true (default)
2023-05-30 05:51:19,566 [be966552-930a-4dc9-b164-7221c5e4b48a-groupManagement] INFO  server.RaftServerConfigKeys (ConfUtils.java:logGet(46)) - raft.server.log.statemachine.data.sync.timeout = 10s (default)
2023-05-30 05:51:19,566 [be966552-930a-4dc9-b164-7221c5e4b48a-groupManagement] INFO  server.RaftServerConfigKeys (ConfUtils.java:logGet(46)) - raft.server.log.statemachine.data.sync.timeout.retry = -1 (default)
2023-05-30 05:51:19,566 [be966552-930a-4dc9-b164-7221c5e4b48a-groupManagement] INFO  server.RaftServerConfigKeys (ConfUtils.java:logGet(46)) - raft.server.log.write.buffer.size = 1048576 (custom)
2023-05-30 05:51:19,567 [be966552-930a-4dc9-b164-7221c5e4b48a-groupManagement] INFO  server.RaftServerConfigKeys (ConfUtils.java:logGet(46)) - raft.server.log.appender.buffer.byte-limit = 33554432 (custom)
2023-05-30 05:51:19,572 [be966552-930a-4dc9-b164-7221c5e4b48a-groupManagement] INFO  server.RaftServerConfigKeys (ConfUtils.java:logGet(46)) - raft.server.log.unsafe-flush.enabled = false (default)
2023-05-30 05:51:19,573 [be966552-930a-4dc9-b164-7221c5e4b48a-groupManagement] INFO  server.RaftServerConfigKeys (ConfUtils.java:logGet(46)) - raft.server.log.async-flush.enabled = false (default)
2023-05-30 05:51:19,573 [be966552-930a-4dc9-b164-7221c5e4b48a-groupManagement] INFO  server.RaftServerConfigKeys (ConfUtils.java:logGet(46)) - raft.server.log.statemachine.data.caching.enabled = true (custom)
2023-05-30 05:51:19,573 [be966552-930a-4dc9-b164-7221c5e4b48a-groupManagement] INFO  segmented.SegmentedRaftLogWorker (SegmentedRaftLogWorker.java:lambda$new$0(135)) - be966552-930a-4dc9-b164-7221c5e4b48a@group-9B0A8CBF8974-SegmentedRaftLogWorker: flushIndex: setUnconditionally 0 -> -1
2023-05-30 05:51:19,573 [be966552-930a-4dc9-b164-7221c5e4b48a-groupManagement] INFO  segmented.SegmentedRaftLogWorker (SegmentedRaftLogWorker.java:lambda$new$0(135)) - be966552-930a-4dc9-b164-7221c5e4b48a@group-9B0A8CBF8974-SegmentedRaftLogWorker: safeCacheEvictIndex: setUnconditionally 0 -> -1
2023-05-30 05:51:19,573 [be966552-930a-4dc9-b164-7221c5e4b48a-groupManagement] INFO  server.RaftServer$Division (RaftServerImpl.java:start(342)) - be966552-930a-4dc9-b164-7221c5e4b48a@group-9B0A8CBF8974: start as a follower, conf=-1: peers:[be966552-930a-4dc9-b164-7221c5e4b48a|rpc:10.1.0.18:15076|admin:10.1.0.18:15075|client:10.1.0.18:15074|dataStream:10.1.0.18:15077|priority:1|startupRole:FOLLOWER]|listeners:[], old=null
2023-05-30 05:51:19,573 [be966552-930a-4dc9-b164-7221c5e4b48a-groupManagement] INFO  server.RaftServer$Division (RaftServerImpl.java:setRole(329)) - be966552-930a-4dc9-b164-7221c5e4b48a@group-9B0A8CBF8974: changes role from      null to FOLLOWER at term 0 for startAsFollower
2023-05-30 05:51:19,573 [be966552-930a-4dc9-b164-7221c5e4b48a-groupManagement] INFO  impl.RoleInfo (RoleInfo.java:updateAndGet(139)) - be966552-930a-4dc9-b164-7221c5e4b48a: start be966552-930a-4dc9-b164-7221c5e4b48a@group-9B0A8CBF8974-FollowerState
2023-05-30 05:51:19,574 [be966552-930a-4dc9-b164-7221c5e4b48a-groupManagement] INFO  util.JmxRegister (JmxRegister.java:tryRegister(44)) - Successfully registered JMX Bean with object name Ratis:service=RaftServer,group=group-9B0A8CBF8974,id=be966552-930a-4dc9-b164-7221c5e4b48a
2023-05-30 05:51:19,574 [be966552-930a-4dc9-b164-7221c5e4b48a-groupManagement] INFO  server.RaftServerConfigKeys (ConfUtils.java:logGet(46)) - raft.server.snapshot.auto.trigger.enabled = true (custom)
2023-05-30 05:51:19,574 [be966552-930a-4dc9-b164-7221c5e4b48a-groupManagement] INFO  server.RaftServerConfigKeys (ConfUtils.java:logGet(46)) - raft.server.snapshot.auto.trigger.threshold = 10000 (custom)
2023-05-30 05:51:19,574 [be966552-930a-4dc9-b164-7221c5e4b48a-groupManagement] INFO  server.RaftServerConfigKeys (ConfUtils.java:logGet(46)) - raft.server.snapshot.retention.file.num = 5 (custom)
2023-05-30 05:51:19,574 [be966552-930a-4dc9-b164-7221c5e4b48a-groupManagement] INFO  server.RaftServerConfigKeys (ConfUtils.java:logGet(46)) - raft.server.log.purge.upto.snapshot.index = false (default)
2023-05-30 05:51:19,574 [be966552-930a-4dc9-b164-7221c5e4b48a@group-9B0A8CBF8974-FollowerState] INFO  server.RaftServerConfigKeys (ConfUtils.java:logFallback(53)) - raft.server.rpc.first-election.timeout.min = 5s (fallback to raft.server.rpc.timeout.min)
2023-05-30 05:51:19,574 [be966552-930a-4dc9-b164-7221c5e4b48a@group-9B0A8CBF8974-FollowerState] INFO  server.RaftServerConfigKeys (ConfUtils.java:logFallback(53)) - raft.server.rpc.first-election.timeout.max = 5200ms (fallback to raft.server.rpc.timeout.max)
2023-05-30 05:51:19,575 [PipelineCommandHandlerThread-0] INFO  ratis.XceiverServerRatis (XceiverServerRatis.java:addGroup(804)) - Created group PipelineID=dc03b02a-f86d-4f15-9830-9b0a8cbf8974
2023-05-30 05:51:19,575 [PipelineCommandHandlerThread-0] INFO  commandhandler.CreatePipelineCommandHandler (CreatePipelineCommandHandler.java:lambda$handle$2(124)) - Created Pipeline RATIS ONE PipelineID=dc03b02a-f86d-4f15-9830-9b0a8cbf8974.
2023-05-30 05:51:19,669 [Listener at 0.0.0.0/15099] INFO  ozone.MiniOzoneClusterImpl (MiniOzoneClusterImpl.java:lambda$waitForClusterToBeReady$0(222)) - Nodes are ready. Got 5 of 5 DN Heartbeats.
2023-05-30 05:51:19,669 [Listener at 0.0.0.0/15099] INFO  ozone.MiniOzoneClusterImpl (MiniOzoneClusterImpl.java:lambda$waitForClusterToBeReady$0(225)) - Waiting for cluster to exit safe mode
2023-05-30 05:51:19,670 [Listener at 0.0.0.0/15099] INFO  ozone.MiniOzoneClusterImpl (MiniOzoneClusterImpl.java:lambda$waitForClusterToBeReady$0(227)) - SCM became leader
2023-05-30 05:51:19,928 [PipelineCommandHandlerThread-0] INFO  server.RaftServer (RaftServerProxy.java:addNew(98)) - 86ce2dc3-e244-48ce-a353-aea1892a305a: addNew group-9101922744C1:[86ce2dc3-e244-48ce-a353-aea1892a305a|rpc:10.1.0.18:15085|admin:10.1.0.18:15084|client:10.1.0.18:15083|dataStream:10.1.0.18:15086|priority:1|startupRole:FOLLOWER] returns group-9101922744C1:java.util.concurrent.CompletableFuture@57c62ebb[Not completed]
2023-05-30 05:51:19,929 [86ce2dc3-e244-48ce-a353-aea1892a305a-groupManagement] INFO  server.RaftServer$Division (RaftServerImpl.java:<init>(198)) - 86ce2dc3-e244-48ce-a353-aea1892a305a: new RaftServerImpl for group-9101922744C1:[86ce2dc3-e244-48ce-a353-aea1892a305a|rpc:10.1.0.18:15085|admin:10.1.0.18:15084|client:10.1.0.18:15083|dataStream:10.1.0.18:15086|priority:1|startupRole:FOLLOWER] with ContainerStateMachine:uninitialized
2023-05-30 05:51:19,929 [86ce2dc3-e244-48ce-a353-aea1892a305a-groupManagement] INFO  server.RaftServerConfigKeys (ConfUtils.java:logGet(46)) - raft.server.rpc.timeout.min = 5s (custom)
2023-05-30 05:51:19,929 [86ce2dc3-e244-48ce-a353-aea1892a305a-groupManagement] INFO  server.RaftServerConfigKeys (ConfUtils.java:logGet(46)) - raft.server.rpc.timeout.max = 5200ms (custom)
2023-05-30 05:51:19,929 [86ce2dc3-e244-48ce-a353-aea1892a305a-groupManagement] INFO  server.RaftServerConfigKeys (ConfUtils.java:logGet(46)) - raft.server.rpc.sleep.time = 25ms (default)
2023-05-30 05:51:19,929 [86ce2dc3-e244-48ce-a353-aea1892a305a-groupManagement] INFO  server.RaftServerConfigKeys (ConfUtils.java:logGet(46)) - raft.server.rpc.slowness.timeout = 300000ms (custom)
2023-05-30 05:51:19,930 [86ce2dc3-e244-48ce-a353-aea1892a305a-groupManagement] INFO  server.RaftServerConfigKeys (ConfUtils.java:logGet(46)) - raft.server.leaderelection.leader.step-down.wait-time = 10s (default)
2023-05-30 05:51:19,930 [86ce2dc3-e244-48ce-a353-aea1892a305a-groupManagement] INFO  server.RaftServerConfigKeys (ConfUtils.java:logGet(46)) - raft.server.sleep.deviation.threshold = 300ms (default)
2023-05-30 05:51:19,930 [86ce2dc3-e244-48ce-a353-aea1892a305a-groupManagement] INFO  server.RaftServer$Division (ServerState.java:<init>(120)) - 86ce2dc3-e244-48ce-a353-aea1892a305a@group-9101922744C1: ConfigurationManager, init=-1: peers:[86ce2dc3-e244-48ce-a353-aea1892a305a|rpc:10.1.0.18:15085|admin:10.1.0.18:15084|client:10.1.0.18:15083|dataStream:10.1.0.18:15086|priority:1|startupRole:FOLLOWER]|listeners:[], old=null, confs=<EMPTY_MAP>
2023-05-30 05:51:19,930 [86ce2dc3-e244-48ce-a353-aea1892a305a-groupManagement] INFO  server.RaftServerConfigKeys (ConfUtils.java:logGet(46)) - raft.server.storage.dir = [/home/runner/work/ozone/ozone/hadoop-ozone/integration-test/target/test-dir/MiniOzoneClusterImpl-e48a92f5-15eb-4a1f-8733-fd9493ac7566/datanode-2/data/ratis] (custom)
2023-05-30 05:51:19,930 [86ce2dc3-e244-48ce-a353-aea1892a305a-groupManagement] INFO  server.RaftServerConfigKeys (ConfUtils.java:logGet(46)) - raft.server.log.corruption.policy = EXCEPTION (default)
2023-05-30 05:51:19,930 [86ce2dc3-e244-48ce-a353-aea1892a305a-groupManagement] INFO  server.RaftServerConfigKeys (ConfUtils.java:logGet(46)) - raft.server.storage.free-space.min = 0MB (=0) (default)
2023-05-30 05:51:19,930 [86ce2dc3-e244-48ce-a353-aea1892a305a-groupManagement] INFO  server.RaftServerConfigKeys (ConfUtils.java:logGet(46)) - raft.server.notification.no-leader.timeout = 300000ms (custom)
2023-05-30 05:51:19,930 [86ce2dc3-e244-48ce-a353-aea1892a305a-groupManagement] INFO  server.RaftServerConfigKeys (ConfUtils.java:logGet(46)) - raft.server.read.timeout = 10s (default)
2023-05-30 05:51:19,930 [86ce2dc3-e244-48ce-a353-aea1892a305a-groupManagement] INFO  server.RaftServerConfigKeys (ConfUtils.java:logGet(46)) - raft.server.retrycache.expirytime = 600000ms (custom)
2023-05-30 05:51:19,930 [86ce2dc3-e244-48ce-a353-aea1892a305a-groupManagement] INFO  server.RaftServerConfigKeys (ConfUtils.java:logGet(46)) - raft.server.retrycache.statistics.expirytime = 100μs (default)
2023-05-30 05:51:19,930 [86ce2dc3-e244-48ce-a353-aea1892a305a-groupManagement] INFO  server.RaftServerConfigKeys (ConfUtils.java:logGet(46)) - raft.server.read.option = DEFAULT (default)
2023-05-30 05:51:19,931 [86ce2dc3-e244-48ce-a353-aea1892a305a-groupManagement] INFO  server.RaftServerConfigKeys (ConfUtils.java:logGet(46)) - raft.server.rpc.request.timeout = 3000ms (default)
2023-05-30 05:51:19,931 [86ce2dc3-e244-48ce-a353-aea1892a305a-groupManagement] INFO  server.RaftServerConfigKeys (ConfUtils.java:logGet(46)) - raft.server.log.appender.install.snapshot.enabled = false (custom)
2023-05-30 05:51:19,931 [86ce2dc3-e244-48ce-a353-aea1892a305a-groupManagement] INFO  server.RaftServerConfigKeys (ConfUtils.java:logGet(46)) - raft.server.threadpool.server.cached = true (default)
2023-05-30 05:51:19,931 [86ce2dc3-e244-48ce-a353-aea1892a305a-groupManagement] INFO  server.RaftServerConfigKeys (ConfUtils.java:logGet(46)) - raft.server.threadpool.server.size = 0 (default)
2023-05-30 05:51:19,931 [86ce2dc3-e244-48ce-a353-aea1892a305a-groupManagement] INFO  server.RaftServerConfigKeys (ConfUtils.java:logGet(46)) - raft.server.threadpool.client.cached = true (default)
2023-05-30 05:51:19,931 [86ce2dc3-e244-48ce-a353-aea1892a305a-groupManagement] INFO  server.RaftServerConfigKeys (ConfUtils.java:logGet(46)) - raft.server.threadpool.client.size = 0 (default)
2023-05-30 05:51:19,932 [86ce2dc3-e244-48ce-a353-aea1892a305a-groupManagement] INFO  storage.RaftStorageDirectory (RaftStorageDirectoryImpl.java:analyzeStorage(137)) - The storage directory /home/runner/work/ozone/ozone/hadoop-ozone/integration-test/target/test-dir/MiniOzoneClusterImpl-e48a92f5-15eb-4a1f-8733-fd9493ac7566/datanode-2/data/ratis/e08f2cd6-22da-4e6a-adde-9101922744c1 does not exist. Creating ...
2023-05-30 05:51:19,934 [86ce2dc3-e244-48ce-a353-aea1892a305a-groupManagement] INFO  storage.RaftStorageDirectory (RaftStorageDirectoryImpl.java:tryLock(231)) - Lock on /home/runner/work/ozone/ozone/hadoop-ozone/integration-test/target/test-dir/MiniOzoneClusterImpl-e48a92f5-15eb-4a1f-8733-fd9493ac7566/datanode-2/data/ratis/e08f2cd6-22da-4e6a-adde-9101922744c1/in_use.lock acquired by nodename 89029@fv-az800-703
2023-05-30 05:51:19,935 [86ce2dc3-e244-48ce-a353-aea1892a305a-groupManagement] INFO  storage.RaftStorage (RaftStorageImpl.java:format(96)) - Storage directory /home/runner/work/ozone/ozone/hadoop-ozone/integration-test/target/test-dir/MiniOzoneClusterImpl-e48a92f5-15eb-4a1f-8733-fd9493ac7566/datanode-2/data/ratis/e08f2cd6-22da-4e6a-adde-9101922744c1 has been successfully formatted.
2023-05-30 05:51:19,936 [86ce2dc3-e244-48ce-a353-aea1892a305a-groupManagement] INFO  ratis.ContainerStateMachine (ContainerStateMachine.java:loadSnapshot(262)) - group-9101922744C1: The snapshot info is null. Setting the last applied indexto:(t:0, i:~)
2023-05-30 05:51:19,937 [EventQueue-PipelineReportForPipelineReportHandler] INFO  pipeline.PipelineManagerImpl (PipelineManagerImpl.java:openPipeline(367)) - Pipeline Pipeline[ Id: e08f2cd6-22da-4e6a-adde-9101922744c1, Nodes: 86ce2dc3-e244-48ce-a353-aea1892a305a(fv-az800-703/10.1.0.18), ReplicationConfig: RATIS/ONE, State:ALLOCATED, leaderId:86ce2dc3-e244-48ce-a353-aea1892a305a, CreationTimestamp2023-05-30T05:51:16.930Z[Etc/UTC]] moved to OPEN state
2023-05-30 05:51:19,937 [86ce2dc3-e244-48ce-a353-aea1892a305a-groupManagement] INFO  server.RaftServerConfigKeys (ConfUtils.java:logGet(46)) - raft.server.log.use.memory = false (default)
2023-05-30 05:51:19,938 [86ce2dc3-e244-48ce-a353-aea1892a305a-groupManagement] INFO  server.RaftServerConfigKeys (ConfUtils.java:logGet(46)) - raft.server.log.purge.gap = 1000000 (custom)
2023-05-30 05:51:19,938 [86ce2dc3-e244-48ce-a353-aea1892a305a-groupManagement] INFO  server.RaftServerConfigKeys (ConfUtils.java:logGet(46)) - raft.server.log.appender.buffer.byte-limit = 33554432 (custom)
2023-05-30 05:51:19,938 [86ce2dc3-e244-48ce-a353-aea1892a305a-groupManagement] INFO  server.RaftServerConfigKeys (ConfUtils.java:logGet(46)) - raft.server.log.statemachine.data.read.timeout = 1000ms (default)
2023-05-30 05:51:19,938 [86ce2dc3-e244-48ce-a353-aea1892a305a-groupManagement] INFO  server.RaftServerConfigKeys (ConfUtils.java:logGet(46)) - raft.server.log.purge.preservation.log.num = 0 (default)
2023-05-30 05:51:19,938 [EventQueue-OpenPipelineForHealthyPipelineSafeModeRule] INFO  safemode.SCMSafeModeManager (HealthyPipelineSafeModeRule.java:process(137)) - SCM in safe mode. Healthy pipelines reported count is 0, required healthy pipeline reported count is 1
2023-05-30 05:51:19,938 [86ce2dc3-e244-48ce-a353-aea1892a305a-groupManagement] INFO  server.RaftServerConfigKeys (ConfUtils.java:logGet(46)) - raft.server.log.segment.size.max = 1048576 (custom)
2023-05-30 05:51:19,939 [86ce2dc3-e244-48ce-a353-aea1892a305a-groupManagement] INFO  server.RaftServerConfigKeys (ConfUtils.java:logGet(46)) - raft.server.log.segment.cache.num.max = 2 (custom)
2023-05-30 05:51:19,939 [86ce2dc3-e244-48ce-a353-aea1892a305a-groupManagement] INFO  server.RaftServerConfigKeys (ConfUtils.java:logGet(46)) - raft.server.log.segment.cache.size.max = 200MB (=209715200) (default)
2023-05-30 05:51:19,939 [86ce2dc3-e244-48ce-a353-aea1892a305a-groupManagement] INFO  server.RaftServerConfigKeys (ConfUtils.java:logGet(46)) - raft.server.log.appender.buffer.byte-limit = 33554432 (custom)
2023-05-30 05:51:19,939 [86ce2dc3-e244-48ce-a353-aea1892a305a-groupManagement] INFO  segmented.SegmentedRaftLogWorker (SegmentedRaftLogWorker.java:<init>(188)) - new 86ce2dc3-e244-48ce-a353-aea1892a305a@group-9101922744C1-SegmentedRaftLogWorker for RaftStorageImpl:Storage Directory /home/runner/work/ozone/ozone/hadoop-ozone/integration-test/target/test-dir/MiniOzoneClusterImpl-e48a92f5-15eb-4a1f-8733-fd9493ac7566/datanode-2/data/ratis/e08f2cd6-22da-4e6a-adde-9101922744c1
2023-05-30 05:51:19,939 [86ce2dc3-e244-48ce-a353-aea1892a305a-groupManagement] INFO  server.RaftServerConfigKeys (ConfUtils.java:logGet(46)) - raft.server.log.queue.byte-limit = 4294967296 (custom)
2023-05-30 05:51:19,939 [86ce2dc3-e244-48ce-a353-aea1892a305a-groupManagement] INFO  server.RaftServerConfigKeys (ConfUtils.java:logGet(46)) - raft.server.log.queue.element-limit = 1024 (custom)
2023-05-30 05:51:19,939 [86ce2dc3-e244-48ce-a353-aea1892a305a-groupManagement] INFO  server.RaftServerConfigKeys (ConfUtils.java:logGet(46)) - raft.server.log.segment.size.max = 1048576 (custom)
2023-05-30 05:51:19,939 [86ce2dc3-e244-48ce-a353-aea1892a305a-groupManagement] INFO  server.RaftServerConfigKeys (ConfUtils.java:logGet(46)) - raft.server.log.preallocated.size = 16384 (custom)
2023-05-30 05:51:19,939 [86ce2dc3-e244-48ce-a353-aea1892a305a-groupManagement] INFO  server.RaftServerConfigKeys (ConfUtils.java:logGet(46)) - raft.server.log.force.sync.num = 128 (default)
2023-05-30 05:51:19,939 [86ce2dc3-e244-48ce-a353-aea1892a305a-groupManagement] INFO  server.RaftServerConfigKeys (ConfUtils.java:logGet(46)) - raft.server.log.statemachine.data.sync = true (default)
2023-05-30 05:51:19,939 [86ce2dc3-e244-48ce-a353-aea1892a305a-groupManagement] INFO  server.RaftServerConfigKeys (ConfUtils.java:logGet(46)) - raft.server.log.statemachine.data.sync.timeout = 10s (default)
2023-05-30 05:51:19,939 [86ce2dc3-e244-48ce-a353-aea1892a305a-groupManagement] INFO  server.RaftServerConfigKeys (ConfUtils.java:logGet(46)) - raft.server.log.statemachine.data.sync.timeout.retry = -1 (default)
2023-05-30 05:51:19,940 [86ce2dc3-e244-48ce-a353-aea1892a305a-groupManagement] INFO  server.RaftServerConfigKeys (ConfUtils.java:logGet(46)) - raft.server.log.write.buffer.size = 1048576 (custom)
2023-05-30 05:51:19,941 [86ce2dc3-e244-48ce-a353-aea1892a305a-groupManagement] INFO  server.RaftServerConfigKeys (ConfUtils.java:logGet(46)) - raft.server.log.appender.buffer.byte-limit = 33554432 (custom)
2023-05-30 05:51:19,946 [86ce2dc3-e244-48ce-a353-aea1892a305a-groupManagement] INFO  server.RaftServerConfigKeys (ConfUtils.java:logGet(46)) - raft.server.log.unsafe-flush.enabled = false (default)
2023-05-30 05:51:19,946 [86ce2dc3-e244-48ce-a353-aea1892a305a-groupManagement] INFO  server.RaftServerConfigKeys (ConfUtils.java:logGet(46)) - raft.server.log.async-flush.enabled = false (default)
2023-05-30 05:51:19,946 [86ce2dc3-e244-48ce-a353-aea1892a305a-groupManagement] INFO  server.RaftServerConfigKeys (ConfUtils.java:logGet(46)) - raft.server.log.statemachine.data.caching.enabled = true (custom)
2023-05-30 05:51:19,947 [86ce2dc3-e244-48ce-a353-aea1892a305a-groupManagement] INFO  segmented.SegmentedRaftLogWorker (SegmentedRaftLogWorker.java:lambda$new$0(135)) - 86ce2dc3-e244-48ce-a353-aea1892a305a@group-9101922744C1-SegmentedRaftLogWorker: flushIndex: setUnconditionally 0 -> -1
2023-05-30 05:51:19,947 [86ce2dc3-e244-48ce-a353-aea1892a305a-groupManagement] INFO  segmented.SegmentedRaftLogWorker (SegmentedRaftLogWorker.java:lambda$new$0(135)) - 86ce2dc3-e244-48ce-a353-aea1892a305a@group-9101922744C1-SegmentedRaftLogWorker: safeCacheEvictIndex: setUnconditionally 0 -> -1
2023-05-30 05:51:19,947 [86ce2dc3-e244-48ce-a353-aea1892a305a-groupManagement] INFO  server.RaftServer$Division (RaftServerImpl.java:start(342)) - 86ce2dc3-e244-48ce-a353-aea1892a305a@group-9101922744C1: start as a follower, conf=-1: peers:[86ce2dc3-e244-48ce-a353-aea1892a305a|rpc:10.1.0.18:15085|admin:10.1.0.18:15084|client:10.1.0.18:15083|dataStream:10.1.0.18:15086|priority:1|startupRole:FOLLOWER]|listeners:[], old=null
2023-05-30 05:51:19,947 [86ce2dc3-e244-48ce-a353-aea1892a305a-groupManagement] INFO  server.RaftServer$Division (RaftServerImpl.java:setRole(329)) - 86ce2dc3-e244-48ce-a353-aea1892a305a@group-9101922744C1: changes role from      null to FOLLOWER at term 0 for startAsFollower
2023-05-30 05:51:19,947 [86ce2dc3-e244-48ce-a353-aea1892a305a-groupManagement] INFO  impl.RoleInfo (RoleInfo.java:updateAndGet(139)) - 86ce2dc3-e244-48ce-a353-aea1892a305a: start 86ce2dc3-e244-48ce-a353-aea1892a305a@group-9101922744C1-FollowerState
2023-05-30 05:51:19,948 [86ce2dc3-e244-48ce-a353-aea1892a305a-groupManagement] INFO  util.JmxRegister (JmxRegister.java:tryRegister(44)) - Successfully registered JMX Bean with object name Ratis:service=RaftServer,group=group-9101922744C1,id=86ce2dc3-e244-48ce-a353-aea1892a305a
2023-05-30 05:51:19,948 [86ce2dc3-e244-48ce-a353-aea1892a305a-groupManagement] INFO  server.RaftServerConfigKeys (ConfUtils.java:logGet(46)) - raft.server.snapshot.auto.trigger.enabled = true (custom)
2023-05-30 05:51:19,948 [86ce2dc3-e244-48ce-a353-aea1892a305a-groupManagement] INFO  server.RaftServerConfigKeys (ConfUtils.java:logGet(46)) - raft.server.snapshot.auto.trigger.threshold = 10000 (custom)
2023-05-30 05:51:19,948 [86ce2dc3-e244-48ce-a353-aea1892a305a-groupManagement] INFO  server.RaftServerConfigKeys (ConfUtils.java:logGet(46)) - raft.server.snapshot.retention.file.num = 5 (custom)
2023-05-30 05:51:19,948 [86ce2dc3-e244-48ce-a353-aea1892a305a-groupManagement] INFO  server.RaftServerConfigKeys (ConfUtils.java:logGet(46)) - raft.server.log.purge.upto.snapshot.index = false (default)
2023-05-30 05:51:19,949 [86ce2dc3-e244-48ce-a353-aea1892a305a@group-9101922744C1-FollowerState] INFO  server.RaftServerConfigKeys (ConfUtils.java:logFallback(53)) - raft.server.rpc.first-election.timeout.min = 5s (fallback to raft.server.rpc.timeout.min)
2023-05-30 05:51:19,949 [86ce2dc3-e244-48ce-a353-aea1892a305a@group-9101922744C1-FollowerState] INFO  server.RaftServerConfigKeys (ConfUtils.java:logFallback(53)) - raft.server.rpc.first-election.timeout.max = 5200ms (fallback to raft.server.rpc.timeout.max)
2023-05-30 05:51:19,950 [PipelineCommandHandlerThread-0] INFO  ratis.XceiverServerRatis (XceiverServerRatis.java:addGroup(804)) - Created group PipelineID=e08f2cd6-22da-4e6a-adde-9101922744c1
2023-05-30 05:51:19,950 [PipelineCommandHandlerThread-0] INFO  commandhandler.CreatePipelineCommandHandler (CreatePipelineCommandHandler.java:lambda$handle$2(124)) - Created Pipeline RATIS ONE PipelineID=e08f2cd6-22da-4e6a-adde-9101922744c1.
2023-05-30 05:51:20,317 [PipelineCommandHandlerThread-0] INFO  server.RaftServer (RaftServerProxy.java:addNew(98)) - 5a6be6a9-c9d4-4a94-9994-4634fa86fc33: addNew group-68EFCFCB6323:[5a6be6a9-c9d4-4a94-9994-4634fa86fc33|rpc:10.1.0.18:15094|admin:10.1.0.18:15093|client:10.1.0.18:15092|dataStream:10.1.0.18:15095|priority:1|startupRole:FOLLOWER] returns group-68EFCFCB6323:java.util.concurrent.CompletableFuture@3466e58a[Not completed]
2023-05-30 05:51:20,318 [5a6be6a9-c9d4-4a94-9994-4634fa86fc33-groupManagement] INFO  server.RaftServer$Division (RaftServerImpl.java:<init>(198)) - 5a6be6a9-c9d4-4a94-9994-4634fa86fc33: new RaftServerImpl for group-68EFCFCB6323:[5a6be6a9-c9d4-4a94-9994-4634fa86fc33|rpc:10.1.0.18:15094|admin:10.1.0.18:15093|client:10.1.0.18:15092|dataStream:10.1.0.18:15095|priority:1|startupRole:FOLLOWER] with ContainerStateMachine:uninitialized
2023-05-30 05:51:20,318 [5a6be6a9-c9d4-4a94-9994-4634fa86fc33-groupManagement] INFO  server.RaftServerConfigKeys (ConfUtils.java:logGet(46)) - raft.server.rpc.timeout.min = 5s (custom)
2023-05-30 05:51:20,318 [5a6be6a9-c9d4-4a94-9994-4634fa86fc33-groupManagement] INFO  server.RaftServerConfigKeys (ConfUtils.java:logGet(46)) - raft.server.rpc.timeout.max = 5200ms (custom)
2023-05-30 05:51:20,318 [5a6be6a9-c9d4-4a94-9994-4634fa86fc33-groupManagement] INFO  server.RaftServerConfigKeys (ConfUtils.java:logGet(46)) - raft.server.rpc.sleep.time = 25ms (default)
2023-05-30 05:51:20,318 [5a6be6a9-c9d4-4a94-9994-4634fa86fc33-groupManagement] INFO  server.RaftServerConfigKeys (ConfUtils.java:logGet(46)) - raft.server.rpc.slowness.timeout = 300000ms (custom)
2023-05-30 05:51:20,318 [5a6be6a9-c9d4-4a94-9994-4634fa86fc33-groupManagement] INFO  server.RaftServerConfigKeys (ConfUtils.java:logGet(46)) - raft.server.leaderelection.leader.step-down.wait-time = 10s (default)
2023-05-30 05:51:20,318 [5a6be6a9-c9d4-4a94-9994-4634fa86fc33-groupManagement] INFO  server.RaftServerConfigKeys (ConfUtils.java:logGet(46)) - raft.server.sleep.deviation.threshold = 300ms (default)
2023-05-30 05:51:20,318 [5a6be6a9-c9d4-4a94-9994-4634fa86fc33-groupManagement] INFO  server.RaftServer$Division (ServerState.java:<init>(120)) - 5a6be6a9-c9d4-4a94-9994-4634fa86fc33@group-68EFCFCB6323: ConfigurationManager, init=-1: peers:[5a6be6a9-c9d4-4a94-9994-4634fa86fc33|rpc:10.1.0.18:15094|admin:10.1.0.18:15093|client:10.1.0.18:15092|dataStream:10.1.0.18:15095|priority:1|startupRole:FOLLOWER]|listeners:[], old=null, confs=<EMPTY_MAP>
2023-05-30 05:51:20,319 [5a6be6a9-c9d4-4a94-9994-4634fa86fc33-groupManagement] INFO  server.RaftServerConfigKeys (ConfUtils.java:logGet(46)) - raft.server.storage.dir = [/home/runner/work/ozone/ozone/hadoop-ozone/integration-test/target/test-dir/MiniOzoneClusterImpl-e48a92f5-15eb-4a1f-8733-fd9493ac7566/datanode-3/data/ratis] (custom)
2023-05-30 05:51:20,319 [5a6be6a9-c9d4-4a94-9994-4634fa86fc33-groupManagement] INFO  server.RaftServerConfigKeys (ConfUtils.java:logGet(46)) - raft.server.log.corruption.policy = EXCEPTION (default)
2023-05-30 05:51:20,319 [5a6be6a9-c9d4-4a94-9994-4634fa86fc33-groupManagement] INFO  server.RaftServerConfigKeys (ConfUtils.java:logGet(46)) - raft.server.storage.free-space.min = 0MB (=0) (default)
2023-05-30 05:51:20,319 [5a6be6a9-c9d4-4a94-9994-4634fa86fc33-groupManagement] INFO  server.RaftServerConfigKeys (ConfUtils.java:logGet(46)) - raft.server.notification.no-leader.timeout = 300000ms (custom)
2023-05-30 05:51:20,320 [5a6be6a9-c9d4-4a94-9994-4634fa86fc33-groupManagement] INFO  server.RaftServerConfigKeys (ConfUtils.java:logGet(46)) - raft.server.read.timeout = 10s (default)
2023-05-30 05:51:20,320 [5a6be6a9-c9d4-4a94-9994-4634fa86fc33-groupManagement] INFO  server.RaftServerConfigKeys (ConfUtils.java:logGet(46)) - raft.server.retrycache.expirytime = 600000ms (custom)
2023-05-30 05:51:20,320 [5a6be6a9-c9d4-4a94-9994-4634fa86fc33-groupManagement] INFO  server.RaftServerConfigKeys (ConfUtils.java:logGet(46)) - raft.server.retrycache.statistics.expirytime = 100μs (default)
2023-05-30 05:51:20,320 [5a6be6a9-c9d4-4a94-9994-4634fa86fc33-groupManagement] INFO  server.RaftServerConfigKeys (ConfUtils.java:logGet(46)) - raft.server.read.option = DEFAULT (default)
2023-05-30 05:51:20,321 [5a6be6a9-c9d4-4a94-9994-4634fa86fc33-groupManagement] INFO  server.RaftServerConfigKeys (ConfUtils.java:logGet(46)) - raft.server.rpc.request.timeout = 3000ms (default)
2023-05-30 05:51:20,321 [5a6be6a9-c9d4-4a94-9994-4634fa86fc33-groupManagement] INFO  server.RaftServerConfigKeys (ConfUtils.java:logGet(46)) - raft.server.log.appender.install.snapshot.enabled = false (custom)
2023-05-30 05:51:20,321 [5a6be6a9-c9d4-4a94-9994-4634fa86fc33-groupManagement] INFO  server.RaftServerConfigKeys (ConfUtils.java:logGet(46)) - raft.server.threadpool.server.cached = true (default)
2023-05-30 05:51:20,321 [5a6be6a9-c9d4-4a94-9994-4634fa86fc33-groupManagement] INFO  server.RaftServerConfigKeys (ConfUtils.java:logGet(46)) - raft.server.threadpool.server.size = 0 (default)
2023-05-30 05:51:20,321 [5a6be6a9-c9d4-4a94-9994-4634fa86fc33-groupManagement] INFO  server.RaftServerConfigKeys (ConfUtils.java:logGet(46)) - raft.server.threadpool.client.cached = true (default)
2023-05-30 05:51:20,321 [5a6be6a9-c9d4-4a94-9994-4634fa86fc33-groupManagement] INFO  server.RaftServerConfigKeys (ConfUtils.java:logGet(46)) - raft.server.threadpool.client.size = 0 (default)
2023-05-30 05:51:20,321 [5a6be6a9-c9d4-4a94-9994-4634fa86fc33-groupManagement] INFO  storage.RaftStorageDirectory (RaftStorageDirectoryImpl.java:analyzeStorage(137)) - The storage directory /home/runner/work/ozone/ozone/hadoop-ozone/integration-test/target/test-dir/MiniOzoneClusterImpl-e48a92f5-15eb-4a1f-8733-fd9493ac7566/datanode-3/data/ratis/95d2ff6a-4977-4744-951f-68efcfcb6323 does not exist. Creating ...
2023-05-30 05:51:20,323 [5a6be6a9-c9d4-4a94-9994-4634fa86fc33-groupManagement] INFO  storage.RaftStorageDirectory (RaftStorageDirectoryImpl.java:tryLock(231)) - Lock on /home/runner/work/ozone/ozone/hadoop-ozone/integration-test/target/test-dir/MiniOzoneClusterImpl-e48a92f5-15eb-4a1f-8733-fd9493ac7566/datanode-3/data/ratis/95d2ff6a-4977-4744-951f-68efcfcb6323/in_use.lock acquired by nodename 89029@fv-az800-703
2023-05-30 05:51:20,324 [5a6be6a9-c9d4-4a94-9994-4634fa86fc33-groupManagement] INFO  storage.RaftStorage (RaftStorageImpl.java:format(96)) - Storage directory /home/runner/work/ozone/ozone/hadoop-ozone/integration-test/target/test-dir/MiniOzoneClusterImpl-e48a92f5-15eb-4a1f-8733-fd9493ac7566/datanode-3/data/ratis/95d2ff6a-4977-4744-951f-68efcfcb6323 has been successfully formatted.
2023-05-30 05:51:20,326 [5a6be6a9-c9d4-4a94-9994-4634fa86fc33-groupManagement] INFO  ratis.ContainerStateMachine (ContainerStateMachine.java:loadSnapshot(262)) - group-68EFCFCB6323: The snapshot info is null. Setting the last applied indexto:(t:0, i:~)
2023-05-30 05:51:20,326 [5a6be6a9-c9d4-4a94-9994-4634fa86fc33-groupManagement] INFO  server.RaftServerConfigKeys (ConfUtils.java:logGet(46)) - raft.server.log.use.memory = false (default)
2023-05-30 05:51:20,326 [5a6be6a9-c9d4-4a94-9994-4634fa86fc33-groupManagement] INFO  server.RaftServerConfigKeys (ConfUtils.java:logGet(46)) - raft.server.log.purge.gap = 1000000 (custom)
2023-05-30 05:51:20,326 [5a6be6a9-c9d4-4a94-9994-4634fa86fc33-groupManagement] INFO  server.RaftServerConfigKeys (ConfUtils.java:logGet(46)) - raft.server.log.appender.buffer.byte-limit = 33554432 (custom)
2023-05-30 05:51:20,326 [5a6be6a9-c9d4-4a94-9994-4634fa86fc33-groupManagement] INFO  server.RaftServerConfigKeys (ConfUtils.java:logGet(46)) - raft.server.log.statemachine.data.read.timeout = 1000ms (default)
2023-05-30 05:51:20,326 [5a6be6a9-c9d4-4a94-9994-4634fa86fc33-groupManagement] INFO  server.RaftServerConfigKeys (ConfUtils.java:logGet(46)) - raft.server.log.purge.preservation.log.num = 0 (default)
2023-05-30 05:51:20,327 [5a6be6a9-c9d4-4a94-9994-4634fa86fc33-groupManagement] INFO  server.RaftServerConfigKeys (ConfUtils.java:logGet(46)) - raft.server.log.segment.size.max = 1048576 (custom)
2023-05-30 05:51:20,328 [5a6be6a9-c9d4-4a94-9994-4634fa86fc33-groupManagement] INFO  server.RaftServerConfigKeys (ConfUtils.java:logGet(46)) - raft.server.log.segment.cache.num.max = 2 (custom)
2023-05-30 05:51:20,328 [5a6be6a9-c9d4-4a94-9994-4634fa86fc33-groupManagement] INFO  server.RaftServerConfigKeys (ConfUtils.java:logGet(46)) - raft.server.log.segment.cache.size.max = 200MB (=209715200) (default)
2023-05-30 05:51:20,328 [5a6be6a9-c9d4-4a94-9994-4634fa86fc33-groupManagement] INFO  server.RaftServerConfigKeys (ConfUtils.java:logGet(46)) - raft.server.log.appender.buffer.byte-limit = 33554432 (custom)
2023-05-30 05:51:20,328 [5a6be6a9-c9d4-4a94-9994-4634fa86fc33-groupManagement] INFO  segmented.SegmentedRaftLogWorker (SegmentedRaftLogWorker.java:<init>(188)) - new 5a6be6a9-c9d4-4a94-9994-4634fa86fc33@group-68EFCFCB6323-SegmentedRaftLogWorker for RaftStorageImpl:Storage Directory /home/runner/work/ozone/ozone/hadoop-ozone/integration-test/target/test-dir/MiniOzoneClusterImpl-e48a92f5-15eb-4a1f-8733-fd9493ac7566/datanode-3/data/ratis/95d2ff6a-4977-4744-951f-68efcfcb6323
2023-05-30 05:51:20,328 [5a6be6a9-c9d4-4a94-9994-4634fa86fc33-groupManagement] INFO  server.RaftServerConfigKeys (ConfUtils.java:logGet(46)) - raft.server.log.queue.byte-limit = 4294967296 (custom)
2023-05-30 05:51:20,328 [5a6be6a9-c9d4-4a94-9994-4634fa86fc33-groupManagement] INFO  server.RaftServerConfigKeys (ConfUtils.java:logGet(46)) - raft.server.log.queue.element-limit = 1024 (custom)
2023-05-30 05:51:20,328 [5a6be6a9-c9d4-4a94-9994-4634fa86fc33-groupManagement] INFO  server.RaftServerConfigKeys (ConfUtils.java:logGet(46)) - raft.server.log.segment.size.max = 1048576 (custom)
2023-05-30 05:51:20,328 [5a6be6a9-c9d4-4a94-9994-4634fa86fc33-groupManagement] INFO  server.RaftServerConfigKeys (ConfUtils.java:logGet(46)) - raft.server.log.preallocated.size = 16384 (custom)
2023-05-30 05:51:20,328 [5a6be6a9-c9d4-4a94-9994-4634fa86fc33-groupManagement] INFO  server.RaftServerConfigKeys (ConfUtils.java:logGet(46)) - raft.server.log.force.sync.num = 128 (default)
2023-05-30 05:51:20,328 [5a6be6a9-c9d4-4a94-9994-4634fa86fc33-groupManagement] INFO  server.RaftServerConfigKeys (ConfUtils.java:logGet(46)) - raft.server.log.statemachine.data.sync = true (default)
2023-05-30 05:51:20,328 [5a6be6a9-c9d4-4a94-9994-4634fa86fc33-groupManagement] INFO  server.RaftServerConfigKeys (ConfUtils.java:logGet(46)) - raft.server.log.statemachine.data.sync.timeout = 10s (default)
2023-05-30 05:51:20,328 [5a6be6a9-c9d4-4a94-9994-4634fa86fc33-groupManagement] INFO  server.RaftServerConfigKeys (ConfUtils.java:logGet(46)) - raft.server.log.statemachine.data.sync.timeout.retry = -1 (default)
2023-05-30 05:51:20,328 [EventQueue-PipelineReportForPipelineReportHandler] INFO  pipeline.PipelineManagerImpl (PipelineManagerImpl.java:openPipeline(367)) - Pipeline Pipeline[ Id: 95d2ff6a-4977-4744-951f-68efcfcb6323, Nodes: 5a6be6a9-c9d4-4a94-9994-4634fa86fc33(fv-az800-703/10.1.0.18), ReplicationConfig: RATIS/ONE, State:ALLOCATED, leaderId:5a6be6a9-c9d4-4a94-9994-4634fa86fc33, CreationTimestamp2023-05-30T05:51:17.319Z[Etc/UTC]] moved to OPEN state
2023-05-30 05:51:20,329 [5a6be6a9-c9d4-4a94-9994-4634fa86fc33-groupManagement] INFO  server.RaftServerConfigKeys (ConfUtils.java:logGet(46)) - raft.server.log.write.buffer.size = 1048576 (custom)
2023-05-30 05:51:20,329 [EventQueue-OpenPipelineForHealthyPipelineSafeModeRule] INFO  safemode.SCMSafeModeManager (HealthyPipelineSafeModeRule.java:process(137)) - SCM in safe mode. Healthy pipelines reported count is 0, required healthy pipeline reported count is 1
2023-05-30 05:51:20,329 [5a6be6a9-c9d4-4a94-9994-4634fa86fc33-groupManagement] INFO  server.RaftServerConfigKeys (ConfUtils.java:logGet(46)) - raft.server.log.appender.buffer.byte-limit = 33554432 (custom)
2023-05-30 05:51:20,335 [5a6be6a9-c9d4-4a94-9994-4634fa86fc33-groupManagement] INFO  server.RaftServerConfigKeys (ConfUtils.java:logGet(46)) - raft.server.log.unsafe-flush.enabled = false (default)
2023-05-30 05:51:20,335 [5a6be6a9-c9d4-4a94-9994-4634fa86fc33-groupManagement] INFO  server.RaftServerConfigKeys (ConfUtils.java:logGet(46)) - raft.server.log.async-flush.enabled = false (default)
2023-05-30 05:51:20,335 [5a6be6a9-c9d4-4a94-9994-4634fa86fc33-groupManagement] INFO  server.RaftServerConfigKeys (ConfUtils.java:logGet(46)) - raft.server.log.statemachine.data.caching.enabled = true (custom)
2023-05-30 05:51:20,335 [5a6be6a9-c9d4-4a94-9994-4634fa86fc33-groupManagement] INFO  segmented.SegmentedRaftLogWorker (SegmentedRaftLogWorker.java:lambda$new$0(135)) - 5a6be6a9-c9d4-4a94-9994-4634fa86fc33@group-68EFCFCB6323-SegmentedRaftLogWorker: flushIndex: setUnconditionally 0 -> -1
2023-05-30 05:51:20,335 [5a6be6a9-c9d4-4a94-9994-4634fa86fc33-groupManagement] INFO  segmented.SegmentedRaftLogWorker (SegmentedRaftLogWorker.java:lambda$new$0(135)) - 5a6be6a9-c9d4-4a94-9994-4634fa86fc33@group-68EFCFCB6323-SegmentedRaftLogWorker: safeCacheEvictIndex: setUnconditionally 0 -> -1
2023-05-30 05:51:20,335 [5a6be6a9-c9d4-4a94-9994-4634fa86fc33-groupManagement] INFO  server.RaftServer$Division (RaftServerImpl.java:start(342)) - 5a6be6a9-c9d4-4a94-9994-4634fa86fc33@group-68EFCFCB6323: start as a follower, conf=-1: peers:[5a6be6a9-c9d4-4a94-9994-4634fa86fc33|rpc:10.1.0.18:15094|admin:10.1.0.18:15093|client:10.1.0.18:15092|dataStream:10.1.0.18:15095|priority:1|startupRole:FOLLOWER]|listeners:[], old=null
2023-05-30 05:51:20,335 [5a6be6a9-c9d4-4a94-9994-4634fa86fc33-groupManagement] INFO  server.RaftServer$Division (RaftServerImpl.java:setRole(329)) - 5a6be6a9-c9d4-4a94-9994-4634fa86fc33@group-68EFCFCB6323: changes role from      null to FOLLOWER at term 0 for startAsFollower
2023-05-30 05:51:20,335 [5a6be6a9-c9d4-4a94-9994-4634fa86fc33-groupManagement] INFO  impl.RoleInfo (RoleInfo.java:updateAndGet(139)) - 5a6be6a9-c9d4-4a94-9994-4634fa86fc33: start 5a6be6a9-c9d4-4a94-9994-4634fa86fc33@group-68EFCFCB6323-FollowerState
2023-05-30 05:51:20,338 [5a6be6a9-c9d4-4a94-9994-4634fa86fc33-groupManagement] INFO  util.JmxRegister (JmxRegister.java:tryRegister(44)) - Successfully registered JMX Bean with object name Ratis:service=RaftServer,group=group-68EFCFCB6323,id=5a6be6a9-c9d4-4a94-9994-4634fa86fc33
2023-05-30 05:51:20,338 [5a6be6a9-c9d4-4a94-9994-4634fa86fc33-groupManagement] INFO  server.RaftServerConfigKeys (ConfUtils.java:logGet(46)) - raft.server.snapshot.auto.trigger.enabled = true (custom)
2023-05-30 05:51:20,338 [5a6be6a9-c9d4-4a94-9994-4634fa86fc33-groupManagement] INFO  server.RaftServerConfigKeys (ConfUtils.java:logGet(46)) - raft.server.snapshot.auto.trigger.threshold = 10000 (custom)
2023-05-30 05:51:20,338 [5a6be6a9-c9d4-4a94-9994-4634fa86fc33-groupManagement] INFO  server.RaftServerConfigKeys (ConfUtils.java:logGet(46)) - raft.server.snapshot.retention.file.num = 5 (custom)
2023-05-30 05:51:20,338 [5a6be6a9-c9d4-4a94-9994-4634fa86fc33-groupManagement] INFO  server.RaftServerConfigKeys (ConfUtils.java:logGet(46)) - raft.server.log.purge.upto.snapshot.index = false (default)
2023-05-30 05:51:20,339 [5a6be6a9-c9d4-4a94-9994-4634fa86fc33@group-68EFCFCB6323-FollowerState] INFO  server.RaftServerConfigKeys (ConfUtils.java:logFallback(53)) - raft.server.rpc.first-election.timeout.min = 5s (fallback to raft.server.rpc.timeout.min)
2023-05-30 05:51:20,339 [5a6be6a9-c9d4-4a94-9994-4634fa86fc33@group-68EFCFCB6323-FollowerState] INFO  server.RaftServerConfigKeys (ConfUtils.java:logFallback(53)) - raft.server.rpc.first-election.timeout.max = 5200ms (fallback to raft.server.rpc.timeout.max)
2023-05-30 05:51:20,342 [PipelineCommandHandlerThread-0] INFO  ratis.XceiverServerRatis (XceiverServerRatis.java:addGroup(804)) - Created group PipelineID=95d2ff6a-4977-4744-951f-68efcfcb6323
2023-05-30 05:51:20,342 [PipelineCommandHandlerThread-0] INFO  commandhandler.CreatePipelineCommandHandler (CreatePipelineCommandHandler.java:lambda$handle$2(124)) - Created Pipeline RATIS ONE PipelineID=95d2ff6a-4977-4744-951f-68efcfcb6323.
2023-05-30 05:51:20,670 [Listener at 0.0.0.0/15099] INFO  ozone.MiniOzoneClusterImpl (MiniOzoneClusterImpl.java:lambda$waitForClusterToBeReady$0(222)) - Nodes are ready. Got 5 of 5 DN Heartbeats.
2023-05-30 05:51:20,670 [Listener at 0.0.0.0/15099] INFO  ozone.MiniOzoneClusterImpl (MiniOzoneClusterImpl.java:lambda$waitForClusterToBeReady$0(225)) - Waiting for cluster to exit safe mode
2023-05-30 05:51:20,670 [Listener at 0.0.0.0/15099] INFO  ozone.MiniOzoneClusterImpl (MiniOzoneClusterImpl.java:lambda$waitForClusterToBeReady$0(227)) - SCM became leader
2023-05-30 05:51:20,702 [PipelineCommandHandlerThread-0] INFO  server.RaftServer (RaftServerProxy.java:addNew(98)) - c349d58c-25ab-4714-8ef6-0f97be22f2ca: addNew group-E594E55D4DC6:[c349d58c-25ab-4714-8ef6-0f97be22f2ca|rpc:10.1.0.18:15103|admin:10.1.0.18:15102|client:10.1.0.18:15101|dataStream:10.1.0.18:15104|priority:1|startupRole:FOLLOWER] returns group-E594E55D4DC6:java.util.concurrent.CompletableFuture@32328621[Not completed]
2023-05-30 05:51:20,730 [c349d58c-25ab-4714-8ef6-0f97be22f2ca-groupManagement] INFO  server.RaftServer$Division (RaftServerImpl.java:<init>(198)) - c349d58c-25ab-4714-8ef6-0f97be22f2ca: new RaftServerImpl for group-E594E55D4DC6:[c349d58c-25ab-4714-8ef6-0f97be22f2ca|rpc:10.1.0.18:15103|admin:10.1.0.18:15102|client:10.1.0.18:15101|dataStream:10.1.0.18:15104|priority:1|startupRole:FOLLOWER] with ContainerStateMachine:uninitialized
2023-05-30 05:51:20,730 [c349d58c-25ab-4714-8ef6-0f97be22f2ca-groupManagement] INFO  server.RaftServerConfigKeys (ConfUtils.java:logGet(46)) - raft.server.rpc.timeout.min = 5s (custom)
2023-05-30 05:51:20,730 [c349d58c-25ab-4714-8ef6-0f97be22f2ca-groupManagement] INFO  server.RaftServerConfigKeys (ConfUtils.java:logGet(46)) - raft.server.rpc.timeout.max = 5200ms (custom)
2023-05-30 05:51:20,730 [c349d58c-25ab-4714-8ef6-0f97be22f2ca-groupManagement] INFO  server.RaftServerConfigKeys (ConfUtils.java:logGet(46)) - raft.server.rpc.sleep.time = 25ms (default)
2023-05-30 05:51:20,730 [c349d58c-25ab-4714-8ef6-0f97be22f2ca-groupManagement] INFO  server.RaftServerConfigKeys (ConfUtils.java:logGet(46)) - raft.server.rpc.slowness.timeout = 300000ms (custom)
2023-05-30 05:51:20,730 [c349d58c-25ab-4714-8ef6-0f97be22f2ca-groupManagement] INFO  server.RaftServerConfigKeys (ConfUtils.java:logGet(46)) - raft.server.leaderelection.leader.step-down.wait-time = 10s (default)
2023-05-30 05:51:20,730 [c349d58c-25ab-4714-8ef6-0f97be22f2ca-groupManagement] INFO  server.RaftServerConfigKeys (ConfUtils.java:logGet(46)) - raft.server.sleep.deviation.threshold = 300ms (default)
2023-05-30 05:51:20,730 [c349d58c-25ab-4714-8ef6-0f97be22f2ca-groupManagement] INFO  server.RaftServer$Division (ServerState.java:<init>(120)) - c349d58c-25ab-4714-8ef6-0f97be22f2ca@group-E594E55D4DC6: ConfigurationManager, init=-1: peers:[c349d58c-25ab-4714-8ef6-0f97be22f2ca|rpc:10.1.0.18:15103|admin:10.1.0.18:15102|client:10.1.0.18:15101|dataStream:10.1.0.18:15104|priority:1|startupRole:FOLLOWER]|listeners:[], old=null, confs=<EMPTY_MAP>
2023-05-30 05:51:20,730 [c349d58c-25ab-4714-8ef6-0f97be22f2ca-groupManagement] INFO  server.RaftServerConfigKeys (ConfUtils.java:logGet(46)) - raft.server.storage.dir = [/home/runner/work/ozone/ozone/hadoop-ozone/integration-test/target/test-dir/MiniOzoneClusterImpl-e48a92f5-15eb-4a1f-8733-fd9493ac7566/datanode-4/data/ratis] (custom)
2023-05-30 05:51:20,731 [c349d58c-25ab-4714-8ef6-0f97be22f2ca-groupManagement] INFO  server.RaftServerConfigKeys (ConfUtils.java:logGet(46)) - raft.server.log.corruption.policy = EXCEPTION (default)
2023-05-30 05:51:20,731 [c349d58c-25ab-4714-8ef6-0f97be22f2ca-groupManagement] INFO  server.RaftServerConfigKeys (ConfUtils.java:logGet(46)) - raft.server.storage.free-space.min = 0MB (=0) (default)
2023-05-30 05:51:20,731 [c349d58c-25ab-4714-8ef6-0f97be22f2ca-groupManagement] INFO  server.RaftServerConfigKeys (ConfUtils.java:logGet(46)) - raft.server.notification.no-leader.timeout = 300000ms (custom)
2023-05-30 05:51:20,731 [c349d58c-25ab-4714-8ef6-0f97be22f2ca-groupManagement] INFO  server.RaftServerConfigKeys (ConfUtils.java:logGet(46)) - raft.server.read.timeout = 10s (default)
2023-05-30 05:51:20,731 [c349d58c-25ab-4714-8ef6-0f97be22f2ca-groupManagement] INFO  server.RaftServerConfigKeys (ConfUtils.java:logGet(46)) - raft.server.retrycache.expirytime = 600000ms (custom)
2023-05-30 05:51:20,731 [c349d58c-25ab-4714-8ef6-0f97be22f2ca-groupManagement] INFO  server.RaftServerConfigKeys (ConfUtils.java:logGet(46)) - raft.server.retrycache.statistics.expirytime = 100μs (default)
2023-05-30 05:51:20,731 [c349d58c-25ab-4714-8ef6-0f97be22f2ca-groupManagement] INFO  server.RaftServerConfigKeys (ConfUtils.java:logGet(46)) - raft.server.read.option = DEFAULT (default)
2023-05-30 05:51:20,732 [c349d58c-25ab-4714-8ef6-0f97be22f2ca-groupManagement] INFO  server.RaftServerConfigKeys (ConfUtils.java:logGet(46)) - raft.server.rpc.request.timeout = 3000ms (default)
2023-05-30 05:51:20,732 [c349d58c-25ab-4714-8ef6-0f97be22f2ca-groupManagement] INFO  server.RaftServerConfigKeys (ConfUtils.java:logGet(46)) - raft.server.log.appender.install.snapshot.enabled = false (custom)
2023-05-30 05:51:20,732 [c349d58c-25ab-4714-8ef6-0f97be22f2ca-groupManagement] INFO  server.RaftServerConfigKeys (ConfUtils.java:logGet(46)) - raft.server.threadpool.server.cached = true (default)
2023-05-30 05:51:20,732 [c349d58c-25ab-4714-8ef6-0f97be22f2ca-groupManagement] INFO  server.RaftServerConfigKeys (ConfUtils.java:logGet(46)) - raft.server.threadpool.server.size = 0 (default)
2023-05-30 05:51:20,732 [c349d58c-25ab-4714-8ef6-0f97be22f2ca-groupManagement] INFO  server.RaftServerConfigKeys (ConfUtils.java:logGet(46)) - raft.server.threadpool.client.cached = true (default)
2023-05-30 05:51:20,732 [c349d58c-25ab-4714-8ef6-0f97be22f2ca-groupManagement] INFO  server.RaftServerConfigKeys (ConfUtils.java:logGet(46)) - raft.server.threadpool.client.size = 0 (default)
2023-05-30 05:51:20,739 [c349d58c-25ab-4714-8ef6-0f97be22f2ca-groupManagement] INFO  storage.RaftStorageDirectory (RaftStorageDirectoryImpl.java:analyzeStorage(137)) - The storage directory /home/runner/work/ozone/ozone/hadoop-ozone/integration-test/target/test-dir/MiniOzoneClusterImpl-e48a92f5-15eb-4a1f-8733-fd9493ac7566/datanode-4/data/ratis/2efc658b-b2a1-4144-9b6c-e594e55d4dc6 does not exist. Creating ...
2023-05-30 05:51:20,741 [c349d58c-25ab-4714-8ef6-0f97be22f2ca-groupManagement] INFO  storage.RaftStorageDirectory (RaftStorageDirectoryImpl.java:tryLock(231)) - Lock on /home/runner/work/ozone/ozone/hadoop-ozone/integration-test/target/test-dir/MiniOzoneClusterImpl-e48a92f5-15eb-4a1f-8733-fd9493ac7566/datanode-4/data/ratis/2efc658b-b2a1-4144-9b6c-e594e55d4dc6/in_use.lock acquired by nodename 89029@fv-az800-703
2023-05-30 05:51:20,744 [c349d58c-25ab-4714-8ef6-0f97be22f2ca-groupManagement] INFO  storage.RaftStorage (RaftStorageImpl.java:format(96)) - Storage directory /home/runner/work/ozone/ozone/hadoop-ozone/integration-test/target/test-dir/MiniOzoneClusterImpl-e48a92f5-15eb-4a1f-8733-fd9493ac7566/datanode-4/data/ratis/2efc658b-b2a1-4144-9b6c-e594e55d4dc6 has been successfully formatted.
2023-05-30 05:51:20,747 [c349d58c-25ab-4714-8ef6-0f97be22f2ca-groupManagement] INFO  ratis.ContainerStateMachine (ContainerStateMachine.java:loadSnapshot(262)) - group-E594E55D4DC6: The snapshot info is null. Setting the last applied indexto:(t:0, i:~)
2023-05-30 05:51:20,747 [c349d58c-25ab-4714-8ef6-0f97be22f2ca-groupManagement] INFO  server.RaftServerConfigKeys (ConfUtils.java:logGet(46)) - raft.server.log.use.memory = false (default)
2023-05-30 05:51:20,747 [c349d58c-25ab-4714-8ef6-0f97be22f2ca-groupManagement] INFO  server.RaftServerConfigKeys (ConfUtils.java:logGet(46)) - raft.server.log.purge.gap = 1000000 (custom)
2023-05-30 05:51:20,747 [c349d58c-25ab-4714-8ef6-0f97be22f2ca-groupManagement] INFO  server.RaftServerConfigKeys (ConfUtils.java:logGet(46)) - raft.server.log.appender.buffer.byte-limit = 33554432 (custom)
2023-05-30 05:51:20,747 [c349d58c-25ab-4714-8ef6-0f97be22f2ca-groupManagement] INFO  server.RaftServerConfigKeys (ConfUtils.java:logGet(46)) - raft.server.log.statemachine.data.read.timeout = 1000ms (default)
2023-05-30 05:51:20,747 [c349d58c-25ab-4714-8ef6-0f97be22f2ca-groupManagement] INFO  server.RaftServerConfigKeys (ConfUtils.java:logGet(46)) - raft.server.log.purge.preservation.log.num = 0 (default)
2023-05-30 05:51:20,747 [c349d58c-25ab-4714-8ef6-0f97be22f2ca-groupManagement] INFO  server.RaftServerConfigKeys (ConfUtils.java:logGet(46)) - raft.server.log.segment.size.max = 1048576 (custom)
2023-05-30 05:51:20,748 [c349d58c-25ab-4714-8ef6-0f97be22f2ca-groupManagement] INFO  server.RaftServerConfigKeys (ConfUtils.java:logGet(46)) - raft.server.log.segment.cache.num.max = 2 (custom)
2023-05-30 05:51:20,748 [c349d58c-25ab-4714-8ef6-0f97be22f2ca-groupManagement] INFO  server.RaftServerConfigKeys (ConfUtils.java:logGet(46)) - raft.server.log.segment.cache.size.max = 200MB (=209715200) (default)
2023-05-30 05:51:20,748 [c349d58c-25ab-4714-8ef6-0f97be22f2ca-groupManagement] INFO  server.RaftServerConfigKeys (ConfUtils.java:logGet(46)) - raft.server.log.appender.buffer.byte-limit = 33554432 (custom)
2023-05-30 05:51:20,748 [c349d58c-25ab-4714-8ef6-0f97be22f2ca-groupManagement] INFO  segmented.SegmentedRaftLogWorker (SegmentedRaftLogWorker.java:<init>(188)) - new c349d58c-25ab-4714-8ef6-0f97be22f2ca@group-E594E55D4DC6-SegmentedRaftLogWorker for RaftStorageImpl:Storage Directory /home/runner/work/ozone/ozone/hadoop-ozone/integration-test/target/test-dir/MiniOzoneClusterImpl-e48a92f5-15eb-4a1f-8733-fd9493ac7566/datanode-4/data/ratis/2efc658b-b2a1-4144-9b6c-e594e55d4dc6
2023-05-30 05:51:20,748 [c349d58c-25ab-4714-8ef6-0f97be22f2ca-groupManagement] INFO  server.RaftServerConfigKeys (ConfUtils.java:logGet(46)) - raft.server.log.queue.byte-limit = 4294967296 (custom)
2023-05-30 05:51:20,748 [c349d58c-25ab-4714-8ef6-0f97be22f2ca-groupManagement] INFO  server.RaftServerConfigKeys (ConfUtils.java:logGet(46)) - raft.server.log.queue.element-limit = 1024 (custom)
2023-05-30 05:51:20,748 [c349d58c-25ab-4714-8ef6-0f97be22f2ca-groupManagement] INFO  server.RaftServerConfigKeys (ConfUtils.java:logGet(46)) - raft.server.log.segment.size.max = 1048576 (custom)
2023-05-30 05:51:20,748 [c349d58c-25ab-4714-8ef6-0f97be22f2ca-groupManagement] INFO  server.RaftServerConfigKeys (ConfUtils.java:logGet(46)) - raft.server.log.preallocated.size = 16384 (custom)
2023-05-30 05:51:20,748 [c349d58c-25ab-4714-8ef6-0f97be22f2ca-groupManagement] INFO  server.RaftServerConfigKeys (ConfUtils.java:logGet(46)) - raft.server.log.force.sync.num = 128 (default)
2023-05-30 05:51:20,748 [c349d58c-25ab-4714-8ef6-0f97be22f2ca-groupManagement] INFO  server.RaftServerConfigKeys (ConfUtils.java:logGet(46)) - raft.server.log.statemachine.data.sync = true (default)
2023-05-30 05:51:20,748 [c349d58c-25ab-4714-8ef6-0f97be22f2ca-groupManagement] INFO  server.RaftServerConfigKeys (ConfUtils.java:logGet(46)) - raft.server.log.statemachine.data.sync.timeout = 10s (default)
2023-05-30 05:51:20,748 [c349d58c-25ab-4714-8ef6-0f97be22f2ca-groupManagement] INFO  server.RaftServerConfigKeys (ConfUtils.java:logGet(46)) - raft.server.log.statemachine.data.sync.timeout.retry = -1 (default)
2023-05-30 05:51:20,751 [c349d58c-25ab-4714-8ef6-0f97be22f2ca-groupManagement] INFO  server.RaftServerConfigKeys (ConfUtils.java:logGet(46)) - raft.server.log.write.buffer.size = 1048576 (custom)
2023-05-30 05:51:20,752 [EventQueue-PipelineReportForPipelineReportHandler] INFO  pipeline.PipelineManagerImpl (PipelineManagerImpl.java:openPipeline(367)) - Pipeline Pipeline[ Id: 2efc658b-b2a1-4144-9b6c-e594e55d4dc6, Nodes: c349d58c-25ab-4714-8ef6-0f97be22f2ca(fv-az800-703/10.1.0.18), ReplicationConfig: RATIS/ONE, State:ALLOCATED, leaderId:c349d58c-25ab-4714-8ef6-0f97be22f2ca, CreationTimestamp2023-05-30T05:51:17.685Z[Etc/UTC]] moved to OPEN state
2023-05-30 05:51:20,752 [EventQueue-OpenPipelineForHealthyPipelineSafeModeRule] INFO  safemode.SCMSafeModeManager (HealthyPipelineSafeModeRule.java:process(137)) - SCM in safe mode. Healthy pipelines reported count is 0, required healthy pipeline reported count is 1
2023-05-30 05:51:20,752 [c349d58c-25ab-4714-8ef6-0f97be22f2ca-groupManagement] INFO  server.RaftServerConfigKeys (ConfUtils.java:logGet(46)) - raft.server.log.appender.buffer.byte-limit = 33554432 (custom)
2023-05-30 05:51:20,758 [c349d58c-25ab-4714-8ef6-0f97be22f2ca-groupManagement] INFO  server.RaftServerConfigKeys (ConfUtils.java:logGet(46)) - raft.server.log.unsafe-flush.enabled = false (default)
2023-05-30 05:51:20,758 [c349d58c-25ab-4714-8ef6-0f97be22f2ca-groupManagement] INFO  server.RaftServerConfigKeys (ConfUtils.java:logGet(46)) - raft.server.log.async-flush.enabled = false (default)
2023-05-30 05:51:20,758 [c349d58c-25ab-4714-8ef6-0f97be22f2ca-groupManagement] INFO  server.RaftServerConfigKeys (ConfUtils.java:logGet(46)) - raft.server.log.statemachine.data.caching.enabled = true (custom)
2023-05-30 05:51:20,758 [c349d58c-25ab-4714-8ef6-0f97be22f2ca-groupManagement] INFO  segmented.SegmentedRaftLogWorker (SegmentedRaftLogWorker.java:lambda$new$0(135)) - c349d58c-25ab-4714-8ef6-0f97be22f2ca@group-E594E55D4DC6-SegmentedRaftLogWorker: flushIndex: setUnconditionally 0 -> -1
2023-05-30 05:51:20,758 [c349d58c-25ab-4714-8ef6-0f97be22f2ca-groupManagement] INFO  segmented.SegmentedRaftLogWorker (SegmentedRaftLogWorker.java:lambda$new$0(135)) - c349d58c-25ab-4714-8ef6-0f97be22f2ca@group-E594E55D4DC6-SegmentedRaftLogWorker: safeCacheEvictIndex: setUnconditionally 0 -> -1
2023-05-30 05:51:20,758 [c349d58c-25ab-4714-8ef6-0f97be22f2ca-groupManagement] INFO  server.RaftServer$Division (RaftServerImpl.java:start(342)) - c349d58c-25ab-4714-8ef6-0f97be22f2ca@group-E594E55D4DC6: start as a follower, conf=-1: peers:[c349d58c-25ab-4714-8ef6-0f97be22f2ca|rpc:10.1.0.18:15103|admin:10.1.0.18:15102|client:10.1.0.18:15101|dataStream:10.1.0.18:15104|priority:1|startupRole:FOLLOWER]|listeners:[], old=null
2023-05-30 05:51:20,758 [c349d58c-25ab-4714-8ef6-0f97be22f2ca-groupManagement] INFO  server.RaftServer$Division (RaftServerImpl.java:setRole(329)) - c349d58c-25ab-4714-8ef6-0f97be22f2ca@group-E594E55D4DC6: changes role from      null to FOLLOWER at term 0 for startAsFollower
2023-05-30 05:51:20,758 [c349d58c-25ab-4714-8ef6-0f97be22f2ca-groupManagement] INFO  impl.RoleInfo (RoleInfo.java:updateAndGet(139)) - c349d58c-25ab-4714-8ef6-0f97be22f2ca: start c349d58c-25ab-4714-8ef6-0f97be22f2ca@group-E594E55D4DC6-FollowerState
2023-05-30 05:51:20,762 [c349d58c-25ab-4714-8ef6-0f97be22f2ca-groupManagement] INFO  util.JmxRegister (JmxRegister.java:tryRegister(44)) - Successfully registered JMX Bean with object name Ratis:service=RaftServer,group=group-E594E55D4DC6,id=c349d58c-25ab-4714-8ef6-0f97be22f2ca
2023-05-30 05:51:20,762 [c349d58c-25ab-4714-8ef6-0f97be22f2ca-groupManagement] INFO  server.RaftServerConfigKeys (ConfUtils.java:logGet(46)) - raft.server.snapshot.auto.trigger.enabled = true (custom)
2023-05-30 05:51:20,762 [c349d58c-25ab-4714-8ef6-0f97be22f2ca-groupManagement] INFO  server.RaftServerConfigKeys (ConfUtils.java:logGet(46)) - raft.server.snapshot.auto.trigger.threshold = 10000 (custom)
2023-05-30 05:51:20,762 [c349d58c-25ab-4714-8ef6-0f97be22f2ca-groupManagement] INFO  server.RaftServerConfigKeys (ConfUtils.java:logGet(46)) - raft.server.snapshot.retention.file.num = 5 (custom)
2023-05-30 05:51:20,762 [c349d58c-25ab-4714-8ef6-0f97be22f2ca-groupManagement] INFO  server.RaftServerConfigKeys (ConfUtils.java:logGet(46)) - raft.server.log.purge.upto.snapshot.index = false (default)
2023-05-30 05:51:20,763 [c349d58c-25ab-4714-8ef6-0f97be22f2ca@group-E594E55D4DC6-FollowerState] INFO  server.RaftServerConfigKeys (ConfUtils.java:logFallback(53)) - raft.server.rpc.first-election.timeout.min = 5s (fallback to raft.server.rpc.timeout.min)
2023-05-30 05:51:20,763 [c349d58c-25ab-4714-8ef6-0f97be22f2ca@group-E594E55D4DC6-FollowerState] INFO  server.RaftServerConfigKeys (ConfUtils.java:logFallback(53)) - raft.server.rpc.first-election.timeout.max = 5200ms (fallback to raft.server.rpc.timeout.max)
2023-05-30 05:51:20,763 [PipelineCommandHandlerThread-0] INFO  ratis.XceiverServerRatis (XceiverServerRatis.java:addGroup(804)) - Created group PipelineID=2efc658b-b2a1-4144-9b6c-e594e55d4dc6
2023-05-30 05:51:20,763 [PipelineCommandHandlerThread-0] INFO  commandhandler.CreatePipelineCommandHandler (CreatePipelineCommandHandler.java:lambda$handle$2(124)) - Created Pipeline RATIS ONE PipelineID=2efc658b-b2a1-4144-9b6c-e594e55d4dc6.
2023-05-30 05:51:21,670 [Listener at 0.0.0.0/15099] INFO  ozone.MiniOzoneClusterImpl (MiniOzoneClusterImpl.java:lambda$waitForClusterToBeReady$0(222)) - Nodes are ready. Got 5 of 5 DN Heartbeats.
2023-05-30 05:51:21,671 [Listener at 0.0.0.0/15099] INFO  ozone.MiniOzoneClusterImpl (MiniOzoneClusterImpl.java:lambda$waitForClusterToBeReady$0(225)) - Waiting for cluster to exit safe mode
2023-05-30 05:51:21,671 [Listener at 0.0.0.0/15099] INFO  ozone.MiniOzoneClusterImpl (MiniOzoneClusterImpl.java:lambda$waitForClusterToBeReady$0(227)) - SCM became leader
2023-05-30 05:51:22,671 [Listener at 0.0.0.0/15099] INFO  ozone.MiniOzoneClusterImpl (MiniOzoneClusterImpl.java:lambda$waitForClusterToBeReady$0(222)) - Nodes are ready. Got 5 of 5 DN Heartbeats.
2023-05-30 05:51:22,671 [Listener at 0.0.0.0/15099] INFO  ozone.MiniOzoneClusterImpl (MiniOzoneClusterImpl.java:lambda$waitForClusterToBeReady$0(225)) - Waiting for cluster to exit safe mode
2023-05-30 05:51:22,671 [Listener at 0.0.0.0/15099] INFO  ozone.MiniOzoneClusterImpl (MiniOzoneClusterImpl.java:lambda$waitForClusterToBeReady$0(227)) - SCM became leader
2023-05-30 05:51:23,672 [Listener at 0.0.0.0/15099] INFO  ozone.MiniOzoneClusterImpl (MiniOzoneClusterImpl.java:lambda$waitForClusterToBeReady$0(222)) - Nodes are ready. Got 5 of 5 DN Heartbeats.
2023-05-30 05:51:23,672 [Listener at 0.0.0.0/15099] INFO  ozone.MiniOzoneClusterImpl (MiniOzoneClusterImpl.java:lambda$waitForClusterToBeReady$0(225)) - Waiting for cluster to exit safe mode
2023-05-30 05:51:23,672 [Listener at 0.0.0.0/15099] INFO  ozone.MiniOzoneClusterImpl (MiniOzoneClusterImpl.java:lambda$waitForClusterToBeReady$0(227)) - SCM became leader
2023-05-30 05:51:24,320 [5f0a7a0d-379d-465b-874e-1eefeb5ab37a@group-0CF95D1ABD34-FollowerState] INFO  impl.FollowerState (FollowerState.java:run(143)) - 5f0a7a0d-379d-465b-874e-1eefeb5ab37a@group-0CF95D1ABD34-FollowerState: change to CANDIDATE, lastRpcElapsedTime:5103571443ns, electionTimeout:5101ms
2023-05-30 05:51:24,320 [5f0a7a0d-379d-465b-874e-1eefeb5ab37a@group-0CF95D1ABD34-FollowerState] INFO  impl.RoleInfo (RoleInfo.java:shutdownFollowerState(110)) - 5f0a7a0d-379d-465b-874e-1eefeb5ab37a: shutdown 5f0a7a0d-379d-465b-874e-1eefeb5ab37a@group-0CF95D1ABD34-FollowerState
2023-05-30 05:51:24,321 [5f0a7a0d-379d-465b-874e-1eefeb5ab37a@group-0CF95D1ABD34-FollowerState] INFO  server.RaftServer$Division (RaftServerImpl.java:setRole(329)) - 5f0a7a0d-379d-465b-874e-1eefeb5ab37a@group-0CF95D1ABD34: changes role from  FOLLOWER to CANDIDATE at term 0 for changeToCandidate
2023-05-30 05:51:24,321 [5f0a7a0d-379d-465b-874e-1eefeb5ab37a@group-0CF95D1ABD34-FollowerState] INFO  server.RaftServerConfigKeys (ConfUtils.java:logGet(46)) - raft.server.leaderelection.pre-vote = true (default)
2023-05-30 05:51:24,321 [5f0a7a0d-379d-465b-874e-1eefeb5ab37a@group-0CF95D1ABD34-FollowerState] INFO  impl.RoleInfo (RoleInfo.java:updateAndGet(139)) - 5f0a7a0d-379d-465b-874e-1eefeb5ab37a: start 5f0a7a0d-379d-465b-874e-1eefeb5ab37a@group-0CF95D1ABD34-LeaderElection12
2023-05-30 05:51:24,325 [5f0a7a0d-379d-465b-874e-1eefeb5ab37a@group-0CF95D1ABD34-LeaderElection12] INFO  impl.LeaderElection (LeaderElection.java:askForVotes(321)) - 5f0a7a0d-379d-465b-874e-1eefeb5ab37a@group-0CF95D1ABD34-LeaderElection12 PRE_VOTE round 0: submit vote requests at term 0 for -1: peers:[5f0a7a0d-379d-465b-874e-1eefeb5ab37a|rpc:10.1.0.18:15067|admin:10.1.0.18:15066|client:10.1.0.18:15065|dataStream:10.1.0.18:15068|priority:1|startupRole:FOLLOWER]|listeners:[], old=null
2023-05-30 05:51:24,326 [5f0a7a0d-379d-465b-874e-1eefeb5ab37a@group-0CF95D1ABD34-LeaderElection12] INFO  impl.LeaderElection (LeaderElection.java:askForVotes(323)) - 5f0a7a0d-379d-465b-874e-1eefeb5ab37a@group-0CF95D1ABD34-LeaderElection12 PRE_VOTE round 0: result PASSED (term=0)
2023-05-30 05:51:24,327 [5f0a7a0d-379d-465b-874e-1eefeb5ab37a@group-0CF95D1ABD34-LeaderElection12] INFO  impl.LeaderElection (LeaderElection.java:askForVotes(321)) - 5f0a7a0d-379d-465b-874e-1eefeb5ab37a@group-0CF95D1ABD34-LeaderElection12 ELECTION round 0: submit vote requests at term 1 for -1: peers:[5f0a7a0d-379d-465b-874e-1eefeb5ab37a|rpc:10.1.0.18:15067|admin:10.1.0.18:15066|client:10.1.0.18:15065|dataStream:10.1.0.18:15068|priority:1|startupRole:FOLLOWER]|listeners:[], old=null
2023-05-30 05:51:24,328 [5f0a7a0d-379d-465b-874e-1eefeb5ab37a@group-0CF95D1ABD34-LeaderElection12] INFO  impl.LeaderElection (LeaderElection.java:askForVotes(323)) - 5f0a7a0d-379d-465b-874e-1eefeb5ab37a@group-0CF95D1ABD34-LeaderElection12 ELECTION round 0: result PASSED (term=1)
2023-05-30 05:51:24,328 [5f0a7a0d-379d-465b-874e-1eefeb5ab37a@group-0CF95D1ABD34-LeaderElection12] INFO  impl.RoleInfo (RoleInfo.java:shutdownLeaderElection(130)) - 5f0a7a0d-379d-465b-874e-1eefeb5ab37a: shutdown 5f0a7a0d-379d-465b-874e-1eefeb5ab37a@group-0CF95D1ABD34-LeaderElection12
2023-05-30 05:51:24,328 [5f0a7a0d-379d-465b-874e-1eefeb5ab37a@group-0CF95D1ABD34-LeaderElection12] INFO  server.RaftServer$Division (RaftServerImpl.java:setRole(329)) - 5f0a7a0d-379d-465b-874e-1eefeb5ab37a@group-0CF95D1ABD34: changes role from CANDIDATE to LEADER at term 1 for changeToLeader
2023-05-30 05:51:24,328 [5f0a7a0d-379d-465b-874e-1eefeb5ab37a@group-0CF95D1ABD34-LeaderElection12] INFO  ratis.XceiverServerRatis (XceiverServerRatis.java:handleLeaderChangedNotification(902)) - Leader change notification received for group: group-0CF95D1ABD34 with new leaderId: 5f0a7a0d-379d-465b-874e-1eefeb5ab37a
2023-05-30 05:51:24,329 [5f0a7a0d-379d-465b-874e-1eefeb5ab37a@group-0CF95D1ABD34-LeaderElection12] INFO  server.RaftServer$Division (ServerState.java:setLeader(317)) - 5f0a7a0d-379d-465b-874e-1eefeb5ab37a@group-0CF95D1ABD34: change Leader from null to 5f0a7a0d-379d-465b-874e-1eefeb5ab37a at term 1 for becomeLeader, leader elected after 5132ms
2023-05-30 05:51:24,329 [5f0a7a0d-379d-465b-874e-1eefeb5ab37a@group-0CF95D1ABD34-LeaderElection12] INFO  server.RaftServerConfigKeys (ConfUtils.java:logGet(46)) - raft.server.staging.catchup.gap = 1000 (default)
2023-05-30 05:51:24,329 [5f0a7a0d-379d-465b-874e-1eefeb5ab37a@group-0CF95D1ABD34-LeaderElection12] INFO  server.RaftServerConfigKeys (ConfUtils.java:logGet(46)) - raft.server.write.element-limit = 1024 (custom)
2023-05-30 05:51:24,329 [5f0a7a0d-379d-465b-874e-1eefeb5ab37a@group-0CF95D1ABD34-LeaderElection12] INFO  server.RaftServerConfigKeys (ConfUtils.java:logGet(46)) - raft.server.write.byte-limit = 1024 M (=1073741824) (custom)
2023-05-30 05:51:24,330 [EventQueue-OpenPipelineForHealthyPipelineSafeModeRule] INFO  safemode.SCMSafeModeManager (HealthyPipelineSafeModeRule.java:process(137)) - SCM in safe mode. Healthy pipelines reported count is 0, required healthy pipeline reported count is 1
2023-05-30 05:51:24,330 [5f0a7a0d-379d-465b-874e-1eefeb5ab37a@group-0CF95D1ABD34-LeaderElection12] INFO  server.RaftServerConfigKeys (ConfUtils.java:logGet(46)) - raft.server.watch.timeout = 10000ms (default)
2023-05-30 05:51:24,330 [5f0a7a0d-379d-465b-874e-1eefeb5ab37a@group-0CF95D1ABD34-LeaderElection12] INFO  server.RaftServerConfigKeys (ConfUtils.java:logGet(46)) - raft.server.watch.timeout.denomination = 1s (default)
2023-05-30 05:51:24,330 [5f0a7a0d-379d-465b-874e-1eefeb5ab37a@group-0CF95D1ABD34-LeaderElection12] INFO  server.RaftServerConfigKeys (ConfUtils.java:logGet(46)) - raft.server.watch.element-limit = 65536 (default)
2023-05-30 05:51:24,330 [5f0a7a0d-379d-465b-874e-1eefeb5ab37a@group-0CF95D1ABD34-LeaderElection12] INFO  server.RaftServerConfigKeys (ConfUtils.java:logGet(46)) - raft.server.write.element-limit = 1024 (custom)
2023-05-30 05:51:24,330 [5f0a7a0d-379d-465b-874e-1eefeb5ab37a@group-0CF95D1ABD34-LeaderElection12] INFO  server.RaftServerConfigKeys (ConfUtils.java:logGet(46)) - raft.server.write.follower.gap.ratio.max = -1.0 (default)
2023-05-30 05:51:24,330 [5f0a7a0d-379d-465b-874e-1eefeb5ab37a@group-0CF95D1ABD34-LeaderElection12] INFO  impl.RoleInfo (RoleInfo.java:updateAndGet(139)) - 5f0a7a0d-379d-465b-874e-1eefeb5ab37a: start 5f0a7a0d-379d-465b-874e-1eefeb5ab37a@group-0CF95D1ABD34-LeaderStateImpl
2023-05-30 05:51:24,331 [5f0a7a0d-379d-465b-874e-1eefeb5ab37a@group-0CF95D1ABD34-LeaderElection12] INFO  segmented.SegmentedRaftLogWorker (SegmentedRaftLogWorker.java:startLogSegment(447)) - 5f0a7a0d-379d-465b-874e-1eefeb5ab37a@group-0CF95D1ABD34-SegmentedRaftLogWorker: Starting segment from index:0
2023-05-30 05:51:24,332 [5f0a7a0d-379d-465b-874e-1eefeb5ab37a@group-0CF95D1ABD34-LeaderElection12] INFO  server.RaftServer$Division (ServerState.java:setRaftConf(434)) - 5f0a7a0d-379d-465b-874e-1eefeb5ab37a@group-0CF95D1ABD34: set configuration 0: peers:[5f0a7a0d-379d-465b-874e-1eefeb5ab37a|rpc:10.1.0.18:15067|admin:10.1.0.18:15066|client:10.1.0.18:15065|dataStream:10.1.0.18:15068|priority:1|startupRole:FOLLOWER]|listeners:[], old=null
2023-05-30 05:51:24,334 [5f0a7a0d-379d-465b-874e-1eefeb5ab37a@group-0CF95D1ABD34-SegmentedRaftLogWorker] INFO  segmented.SegmentedRaftLogWorker (SegmentedRaftLogWorker.java:execute(651)) - 5f0a7a0d-379d-465b-874e-1eefeb5ab37a@group-0CF95D1ABD34-SegmentedRaftLogWorker: created new log segment /home/runner/work/ozone/ozone/hadoop-ozone/integration-test/target/test-dir/MiniOzoneClusterImpl-e48a92f5-15eb-4a1f-8733-fd9493ac7566/datanode-0/data/ratis/5fca373b-71ac-4e03-bac2-0cf95d1abd34/current/log_inprogress_0
2023-05-30 05:51:24,364 [5f0a7a0d-379d-465b-874e-1eefeb5ab37a@group-6F28DED1D2F5-FollowerState] INFO  impl.FollowerState (FollowerState.java:run(143)) - 5f0a7a0d-379d-465b-874e-1eefeb5ab37a@group-6F28DED1D2F5-FollowerState: change to CANDIDATE, lastRpcElapsedTime:5057752837ns, electionTimeout:5054ms
2023-05-30 05:51:24,365 [5f0a7a0d-379d-465b-874e-1eefeb5ab37a@group-6F28DED1D2F5-FollowerState] INFO  impl.RoleInfo (RoleInfo.java:shutdownFollowerState(110)) - 5f0a7a0d-379d-465b-874e-1eefeb5ab37a: shutdown 5f0a7a0d-379d-465b-874e-1eefeb5ab37a@group-6F28DED1D2F5-FollowerState
2023-05-30 05:51:24,365 [5f0a7a0d-379d-465b-874e-1eefeb5ab37a@group-6F28DED1D2F5-FollowerState] INFO  server.RaftServer$Division (RaftServerImpl.java:setRole(329)) - 5f0a7a0d-379d-465b-874e-1eefeb5ab37a@group-6F28DED1D2F5: changes role from  FOLLOWER to CANDIDATE at term 0 for changeToCandidate
2023-05-30 05:51:24,365 [5f0a7a0d-379d-465b-874e-1eefeb5ab37a@group-6F28DED1D2F5-FollowerState] INFO  server.RaftServerConfigKeys (ConfUtils.java:logGet(46)) - raft.server.leaderelection.pre-vote = true (default)
2023-05-30 05:51:24,365 [5f0a7a0d-379d-465b-874e-1eefeb5ab37a@group-6F28DED1D2F5-FollowerState] INFO  impl.RoleInfo (RoleInfo.java:updateAndGet(139)) - 5f0a7a0d-379d-465b-874e-1eefeb5ab37a: start 5f0a7a0d-379d-465b-874e-1eefeb5ab37a@group-6F28DED1D2F5-LeaderElection13
2023-05-30 05:51:24,367 [5f0a7a0d-379d-465b-874e-1eefeb5ab37a@group-6F28DED1D2F5-LeaderElection13] INFO  impl.LeaderElection (LeaderElection.java:askForVotes(321)) - 5f0a7a0d-379d-465b-874e-1eefeb5ab37a@group-6F28DED1D2F5-LeaderElection13 PRE_VOTE round 0: submit vote requests at term 0 for -1: peers:[be966552-930a-4dc9-b164-7221c5e4b48a|rpc:10.1.0.18:15076|admin:10.1.0.18:15075|client:10.1.0.18:15074|dataStream:10.1.0.18:15077|priority:0|startupRole:FOLLOWER, 86ce2dc3-e244-48ce-a353-aea1892a305a|rpc:10.1.0.18:15085|admin:10.1.0.18:15084|client:10.1.0.18:15083|dataStream:10.1.0.18:15086|priority:0|startupRole:FOLLOWER, 5f0a7a0d-379d-465b-874e-1eefeb5ab37a|rpc:10.1.0.18:15067|admin:10.1.0.18:15066|client:10.1.0.18:15065|dataStream:10.1.0.18:15068|priority:1|startupRole:FOLLOWER]|listeners:[], old=null
2023-05-30 05:51:24,367 [5f0a7a0d-379d-465b-874e-1eefeb5ab37a@group-6F28DED1D2F5-LeaderElection13-1] INFO  server.GrpcServerProtocolClient (GrpcServerProtocolClient.java:<init>(65)) - Build channel for be966552-930a-4dc9-b164-7221c5e4b48a
2023-05-30 05:51:24,372 [5f0a7a0d-379d-465b-874e-1eefeb5ab37a@group-6F28DED1D2F5-LeaderElection13] INFO  server.RaftServerConfigKeys (ConfUtils.java:logFallback(53)) - raft.server.rpc.first-election.timeout.min = 5s (fallback to raft.server.rpc.timeout.min)
2023-05-30 05:51:24,372 [5f0a7a0d-379d-465b-874e-1eefeb5ab37a@group-6F28DED1D2F5-LeaderElection13] INFO  server.RaftServerConfigKeys (ConfUtils.java:logFallback(53)) - raft.server.rpc.first-election.timeout.max = 5200ms (fallback to raft.server.rpc.timeout.max)
2023-05-30 05:51:24,372 [5f0a7a0d-379d-465b-874e-1eefeb5ab37a@group-6F28DED1D2F5-LeaderElection13-2] INFO  server.GrpcServerProtocolClient (GrpcServerProtocolClient.java:<init>(65)) - Build channel for 86ce2dc3-e244-48ce-a353-aea1892a305a
2023-05-30 05:51:24,377 [grpc-default-executor-8] INFO  server.RaftServer$Division (RaftServerImpl.java:requestVote(1302)) - be966552-930a-4dc9-b164-7221c5e4b48a@group-6F28DED1D2F5: receive requestVote(PRE_VOTE, 5f0a7a0d-379d-465b-874e-1eefeb5ab37a, group-6F28DED1D2F5, 0, (t:0, i:0))
2023-05-30 05:51:24,377 [grpc-default-executor-8] INFO  impl.VoteContext (VoteContext.java:log(49)) - be966552-930a-4dc9-b164-7221c5e4b48a@group-6F28DED1D2F5-FOLLOWER: accept PRE_VOTE from 5f0a7a0d-379d-465b-874e-1eefeb5ab37a: our priority 0 <= candidate's priority 1
2023-05-30 05:51:24,378 [grpc-default-executor-8] INFO  server.RaftServer$Division (RaftServerImpl.java:requestVote(1335)) - be966552-930a-4dc9-b164-7221c5e4b48a@group-6F28DED1D2F5 replies to PRE_VOTE vote request: 5f0a7a0d-379d-465b-874e-1eefeb5ab37a<-be966552-930a-4dc9-b164-7221c5e4b48a#0:OK-t0. Peer's state: be966552-930a-4dc9-b164-7221c5e4b48a@group-6F28DED1D2F5:t0, leader=null, voted=, raftlog=Memoized:be966552-930a-4dc9-b164-7221c5e4b48a@group-6F28DED1D2F5-SegmentedRaftLog:OPENED:c-1, conf=-1: peers:[be966552-930a-4dc9-b164-7221c5e4b48a|rpc:10.1.0.18:15076|admin:10.1.0.18:15075|client:10.1.0.18:15074|dataStream:10.1.0.18:15077|priority:0|startupRole:FOLLOWER, 86ce2dc3-e244-48ce-a353-aea1892a305a|rpc:10.1.0.18:15085|admin:10.1.0.18:15084|client:10.1.0.18:15083|dataStream:10.1.0.18:15086|priority:0|startupRole:FOLLOWER, 5f0a7a0d-379d-465b-874e-1eefeb5ab37a|rpc:10.1.0.18:15067|admin:10.1.0.18:15066|client:10.1.0.18:15065|dataStream:10.1.0.18:15068|priority:1|startupRole:FOLLOWER]|listeners:[], old=null
2023-05-30 05:51:24,381 [5f0a7a0d-379d-465b-874e-1eefeb5ab37a@group-6F28DED1D2F5-LeaderElection13] INFO  impl.LeaderElection (LeaderElection.java:logAndReturn(90)) - 5f0a7a0d-379d-465b-874e-1eefeb5ab37a@group-6F28DED1D2F5-LeaderElection13: PRE_VOTE PASSED received 1 response(s) and 0 exception(s):
2023-05-30 05:51:24,381 [5f0a7a0d-379d-465b-874e-1eefeb5ab37a@group-6F28DED1D2F5-LeaderElection13] INFO  impl.LeaderElection (LeaderElection.java:logAndReturn(94)) -   Response 0: 5f0a7a0d-379d-465b-874e-1eefeb5ab37a<-be966552-930a-4dc9-b164-7221c5e4b48a#0:OK-t0
2023-05-30 05:51:24,381 [5f0a7a0d-379d-465b-874e-1eefeb5ab37a@group-6F28DED1D2F5-LeaderElection13] INFO  impl.LeaderElection (LeaderElection.java:askForVotes(323)) - 5f0a7a0d-379d-465b-874e-1eefeb5ab37a@group-6F28DED1D2F5-LeaderElection13 PRE_VOTE round 0: result PASSED
2023-05-30 05:51:24,382 [grpc-default-executor-8] INFO  server.RaftServer$Division (RaftServerImpl.java:requestVote(1302)) - 86ce2dc3-e244-48ce-a353-aea1892a305a@group-6F28DED1D2F5: receive requestVote(PRE_VOTE, 5f0a7a0d-379d-465b-874e-1eefeb5ab37a, group-6F28DED1D2F5, 0, (t:0, i:0))
2023-05-30 05:51:24,382 [grpc-default-executor-8] INFO  impl.VoteContext (VoteContext.java:log(49)) - 86ce2dc3-e244-48ce-a353-aea1892a305a@group-6F28DED1D2F5-FOLLOWER: accept PRE_VOTE from 5f0a7a0d-379d-465b-874e-1eefeb5ab37a: our priority 0 <= candidate's priority 1
2023-05-30 05:51:24,382 [grpc-default-executor-8] INFO  server.RaftServer$Division (RaftServerImpl.java:requestVote(1335)) - 86ce2dc3-e244-48ce-a353-aea1892a305a@group-6F28DED1D2F5 replies to PRE_VOTE vote request: 5f0a7a0d-379d-465b-874e-1eefeb5ab37a<-86ce2dc3-e244-48ce-a353-aea1892a305a#0:OK-t0. Peer's state: 86ce2dc3-e244-48ce-a353-aea1892a305a@group-6F28DED1D2F5:t0, leader=null, voted=, raftlog=Memoized:86ce2dc3-e244-48ce-a353-aea1892a305a@group-6F28DED1D2F5-SegmentedRaftLog:OPENED:c-1, conf=-1: peers:[be966552-930a-4dc9-b164-7221c5e4b48a|rpc:10.1.0.18:15076|admin:10.1.0.18:15075|client:10.1.0.18:15074|dataStream:10.1.0.18:15077|priority:0|startupRole:FOLLOWER, 86ce2dc3-e244-48ce-a353-aea1892a305a|rpc:10.1.0.18:15085|admin:10.1.0.18:15084|client:10.1.0.18:15083|dataStream:10.1.0.18:15086|priority:0|startupRole:FOLLOWER, 5f0a7a0d-379d-465b-874e-1eefeb5ab37a|rpc:10.1.0.18:15067|admin:10.1.0.18:15066|client:10.1.0.18:15065|dataStream:10.1.0.18:15068|priority:1|startupRole:FOLLOWER]|listeners:[], old=null
2023-05-30 05:51:24,384 [5f0a7a0d-379d-465b-874e-1eefeb5ab37a@group-6F28DED1D2F5-LeaderElection13] INFO  impl.LeaderElection (LeaderElection.java:askForVotes(321)) - 5f0a7a0d-379d-465b-874e-1eefeb5ab37a@group-6F28DED1D2F5-LeaderElection13 ELECTION round 0: submit vote requests at term 1 for -1: peers:[be966552-930a-4dc9-b164-7221c5e4b48a|rpc:10.1.0.18:15076|admin:10.1.0.18:15075|client:10.1.0.18:15074|dataStream:10.1.0.18:15077|priority:0|startupRole:FOLLOWER, 86ce2dc3-e244-48ce-a353-aea1892a305a|rpc:10.1.0.18:15085|admin:10.1.0.18:15084|client:10.1.0.18:15083|dataStream:10.1.0.18:15086|priority:0|startupRole:FOLLOWER, 5f0a7a0d-379d-465b-874e-1eefeb5ab37a|rpc:10.1.0.18:15067|admin:10.1.0.18:15066|client:10.1.0.18:15065|dataStream:10.1.0.18:15068|priority:1|startupRole:FOLLOWER]|listeners:[], old=null
2023-05-30 05:51:24,385 [grpc-default-executor-8] INFO  server.RaftServer$Division (RaftServerImpl.java:requestVote(1302)) - be966552-930a-4dc9-b164-7221c5e4b48a@group-6F28DED1D2F5: receive requestVote(ELECTION, 5f0a7a0d-379d-465b-874e-1eefeb5ab37a, group-6F28DED1D2F5, 1, (t:0, i:0))
2023-05-30 05:51:24,385 [grpc-default-executor-8] INFO  impl.VoteContext (VoteContext.java:log(49)) - be966552-930a-4dc9-b164-7221c5e4b48a@group-6F28DED1D2F5-FOLLOWER: accept ELECTION from 5f0a7a0d-379d-465b-874e-1eefeb5ab37a: our priority 0 <= candidate's priority 1
2023-05-30 05:51:24,386 [grpc-default-executor-8] INFO  server.RaftServer$Division (RaftServerImpl.java:setRole(329)) - be966552-930a-4dc9-b164-7221c5e4b48a@group-6F28DED1D2F5: changes role from  FOLLOWER to FOLLOWER at term 1 for candidate:5f0a7a0d-379d-465b-874e-1eefeb5ab37a
2023-05-30 05:51:24,386 [grpc-default-executor-8] INFO  impl.RoleInfo (RoleInfo.java:shutdownFollowerState(110)) - be966552-930a-4dc9-b164-7221c5e4b48a: shutdown be966552-930a-4dc9-b164-7221c5e4b48a@group-6F28DED1D2F5-FollowerState
2023-05-30 05:51:24,386 [5f0a7a0d-379d-465b-874e-1eefeb5ab37a@group-6F28DED1D2F5-LeaderElection13] INFO  server.RaftServerConfigKeys (ConfUtils.java:logFallback(53)) - raft.server.rpc.first-election.timeout.min = 5s (fallback to raft.server.rpc.timeout.min)
2023-05-30 05:51:24,386 [grpc-default-executor-8] INFO  impl.RoleInfo (RoleInfo.java:updateAndGet(139)) - be966552-930a-4dc9-b164-7221c5e4b48a: start be966552-930a-4dc9-b164-7221c5e4b48a@group-6F28DED1D2F5-FollowerState
2023-05-30 05:51:24,386 [be966552-930a-4dc9-b164-7221c5e4b48a@group-6F28DED1D2F5-FollowerState] INFO  impl.FollowerState (FollowerState.java:run(152)) - be966552-930a-4dc9-b164-7221c5e4b48a@group-6F28DED1D2F5-FollowerState was interrupted
2023-05-30 05:51:24,386 [5f0a7a0d-379d-465b-874e-1eefeb5ab37a@group-6F28DED1D2F5-LeaderElection13] INFO  server.RaftServerConfigKeys (ConfUtils.java:logFallback(53)) - raft.server.rpc.first-election.timeout.max = 5200ms (fallback to raft.server.rpc.timeout.max)
2023-05-30 05:51:24,388 [grpc-default-executor-8] INFO  server.RaftServer$Division (RaftServerImpl.java:requestVote(1335)) - be966552-930a-4dc9-b164-7221c5e4b48a@group-6F28DED1D2F5 replies to ELECTION vote request: 5f0a7a0d-379d-465b-874e-1eefeb5ab37a<-be966552-930a-4dc9-b164-7221c5e4b48a#0:OK-t1. Peer's state: be966552-930a-4dc9-b164-7221c5e4b48a@group-6F28DED1D2F5:t1, leader=null, voted=5f0a7a0d-379d-465b-874e-1eefeb5ab37a, raftlog=Memoized:be966552-930a-4dc9-b164-7221c5e4b48a@group-6F28DED1D2F5-SegmentedRaftLog:OPENED:c-1, conf=-1: peers:[be966552-930a-4dc9-b164-7221c5e4b48a|rpc:10.1.0.18:15076|admin:10.1.0.18:15075|client:10.1.0.18:15074|dataStream:10.1.0.18:15077|priority:0|startupRole:FOLLOWER, 86ce2dc3-e244-48ce-a353-aea1892a305a|rpc:10.1.0.18:15085|admin:10.1.0.18:15084|client:10.1.0.18:15083|dataStream:10.1.0.18:15086|priority:0|startupRole:FOLLOWER, 5f0a7a0d-379d-465b-874e-1eefeb5ab37a|rpc:10.1.0.18:15067|admin:10.1.0.18:15066|client:10.1.0.18:15065|dataStream:10.1.0.18:15068|priority:1|startupRole:FOLLOWER]|listeners:[], old=null
2023-05-30 05:51:24,389 [5f0a7a0d-379d-465b-874e-1eefeb5ab37a@group-6F28DED1D2F5-LeaderElection13] INFO  impl.LeaderElection (LeaderElection.java:logAndReturn(90)) - 5f0a7a0d-379d-465b-874e-1eefeb5ab37a@group-6F28DED1D2F5-LeaderElection13: ELECTION PASSED received 1 response(s) and 0 exception(s):
2023-05-30 05:51:24,389 [5f0a7a0d-379d-465b-874e-1eefeb5ab37a@group-6F28DED1D2F5-LeaderElection13] INFO  impl.LeaderElection (LeaderElection.java:logAndReturn(94)) -   Response 0: 5f0a7a0d-379d-465b-874e-1eefeb5ab37a<-be966552-930a-4dc9-b164-7221c5e4b48a#0:OK-t1
2023-05-30 05:51:24,389 [5f0a7a0d-379d-465b-874e-1eefeb5ab37a@group-6F28DED1D2F5-LeaderElection13] INFO  impl.LeaderElection (LeaderElection.java:askForVotes(323)) - 5f0a7a0d-379d-465b-874e-1eefeb5ab37a@group-6F28DED1D2F5-LeaderElection13 ELECTION round 0: result PASSED
2023-05-30 05:51:24,389 [5f0a7a0d-379d-465b-874e-1eefeb5ab37a@group-6F28DED1D2F5-LeaderElection13] INFO  impl.RoleInfo (RoleInfo.java:shutdownLeaderElection(130)) - 5f0a7a0d-379d-465b-874e-1eefeb5ab37a: shutdown 5f0a7a0d-379d-465b-874e-1eefeb5ab37a@group-6F28DED1D2F5-LeaderElection13
2023-05-30 05:51:24,389 [5f0a7a0d-379d-465b-874e-1eefeb5ab37a@group-6F28DED1D2F5-LeaderElection13] INFO  server.RaftServer$Division (RaftServerImpl.java:setRole(329)) - 5f0a7a0d-379d-465b-874e-1eefeb5ab37a@group-6F28DED1D2F5: changes role from CANDIDATE to LEADER at term 1 for changeToLeader
2023-05-30 05:51:24,389 [5f0a7a0d-379d-465b-874e-1eefeb5ab37a@group-6F28DED1D2F5-LeaderElection13] INFO  ratis.XceiverServerRatis (XceiverServerRatis.java:handleLeaderChangedNotification(902)) - Leader change notification received for group: group-6F28DED1D2F5 with new leaderId: 5f0a7a0d-379d-465b-874e-1eefeb5ab37a
2023-05-30 05:51:24,389 [5f0a7a0d-379d-465b-874e-1eefeb5ab37a@group-6F28DED1D2F5-LeaderElection13] INFO  server.RaftServer$Division (ServerState.java:setLeader(317)) - 5f0a7a0d-379d-465b-874e-1eefeb5ab37a@group-6F28DED1D2F5: change Leader from null to 5f0a7a0d-379d-465b-874e-1eefeb5ab37a at term 1 for becomeLeader, leader elected after 5168ms
2023-05-30 05:51:24,389 [5f0a7a0d-379d-465b-874e-1eefeb5ab37a@group-6F28DED1D2F5-LeaderElection13] INFO  server.RaftServerConfigKeys (ConfUtils.java:logGet(46)) - raft.server.staging.catchup.gap = 1000 (default)
2023-05-30 05:51:24,389 [5f0a7a0d-379d-465b-874e-1eefeb5ab37a@group-6F28DED1D2F5-LeaderElection13] INFO  server.RaftServerConfigKeys (ConfUtils.java:logGet(46)) - raft.server.write.element-limit = 1024 (custom)
2023-05-30 05:51:24,389 [5f0a7a0d-379d-465b-874e-1eefeb5ab37a@group-6F28DED1D2F5-LeaderElection13] INFO  server.RaftServerConfigKeys (ConfUtils.java:logGet(46)) - raft.server.write.byte-limit = 1024 M (=1073741824) (custom)
2023-05-30 05:51:24,390 [grpc-default-executor-8] INFO  server.RaftServer$Division (RaftServerImpl.java:requestVote(1302)) - 86ce2dc3-e244-48ce-a353-aea1892a305a@group-6F28DED1D2F5: receive requestVote(ELECTION, 5f0a7a0d-379d-465b-874e-1eefeb5ab37a, group-6F28DED1D2F5, 1, (t:0, i:0))
2023-05-30 05:51:24,390 [grpc-default-executor-8] INFO  impl.VoteContext (VoteContext.java:log(49)) - 86ce2dc3-e244-48ce-a353-aea1892a305a@group-6F28DED1D2F5-FOLLOWER: accept ELECTION from 5f0a7a0d-379d-465b-874e-1eefeb5ab37a: our priority 0 <= candidate's priority 1
2023-05-30 05:51:24,390 [5f0a7a0d-379d-465b-874e-1eefeb5ab37a@group-6F28DED1D2F5-LeaderElection13] INFO  server.RaftServerConfigKeys (ConfUtils.java:logGet(46)) - raft.server.watch.timeout = 10000ms (default)
2023-05-30 05:51:24,390 [5f0a7a0d-379d-465b-874e-1eefeb5ab37a@group-6F28DED1D2F5-LeaderElection13] INFO  server.RaftServerConfigKeys (ConfUtils.java:logGet(46)) - raft.server.watch.timeout.denomination = 1s (default)
2023-05-30 05:51:24,390 [5f0a7a0d-379d-465b-874e-1eefeb5ab37a@group-6F28DED1D2F5-LeaderElection13] INFO  server.RaftServerConfigKeys (ConfUtils.java:logGet(46)) - raft.server.watch.element-limit = 65536 (default)
2023-05-30 05:51:24,390 [5f0a7a0d-379d-465b-874e-1eefeb5ab37a@group-6F28DED1D2F5-LeaderElection13] INFO  server.RaftServerConfigKeys (ConfUtils.java:logGet(46)) - raft.server.write.element-limit = 1024 (custom)
2023-05-30 05:51:24,390 [5f0a7a0d-379d-465b-874e-1eefeb5ab37a@group-6F28DED1D2F5-LeaderElection13] INFO  server.RaftServerConfigKeys (ConfUtils.java:logGet(46)) - raft.server.write.follower.gap.ratio.max = -1.0 (default)
2023-05-30 05:51:24,391 [5f0a7a0d-379d-465b-874e-1eefeb5ab37a@group-6F28DED1D2F5-LeaderElection13] INFO  server.RaftServerConfigKeys (ConfUtils.java:logGet(46)) - raft.server.log.appender.snapshot.chunk.size.max = 16MB (=16777216) (default)
2023-05-30 05:51:24,391 [5f0a7a0d-379d-465b-874e-1eefeb5ab37a@group-6F28DED1D2F5-LeaderElection13] INFO  server.RaftServerConfigKeys (ConfUtils.java:logGet(46)) - raft.server.log.appender.buffer.byte-limit = 33554432 (custom)
2023-05-30 05:51:24,391 [5f0a7a0d-379d-465b-874e-1eefeb5ab37a@group-6F28DED1D2F5-LeaderElection13] INFO  server.RaftServerConfigKeys (ConfUtils.java:logGet(46)) - raft.server.log.appender.buffer.element-limit = 1 (custom)
2023-05-30 05:51:24,391 [5f0a7a0d-379d-465b-874e-1eefeb5ab37a@group-6F28DED1D2F5-LeaderElection13] INFO  server.RaftServerConfigKeys (ConfUtils.java:logGet(46)) - raft.server.log.appender.wait-time.min = 10ms (default)
2023-05-30 05:51:24,392 [5f0a7a0d-379d-465b-874e-1eefeb5ab37a@group-6F28DED1D2F5-LeaderElection13] INFO  grpc.GrpcConfigKeys (ConfUtils.java:logGet(46)) - raft.grpc.server.leader.outstanding.appends.max = 128 (default)
2023-05-30 05:51:24,392 [5f0a7a0d-379d-465b-874e-1eefeb5ab37a@group-6F28DED1D2F5-LeaderElection13] INFO  server.RaftServerConfigKeys (ConfUtils.java:logGet(46)) - raft.server.rpc.request.timeout = 3000ms (default)
2023-05-30 05:51:24,392 [5f0a7a0d-379d-465b-874e-1eefeb5ab37a@group-6F28DED1D2F5-LeaderElection13] INFO  grpc.GrpcConfigKeys (ConfUtils.java:logGet(46)) - raft.grpc.server.install_snapshot.request.element-limit = 8 (default)
2023-05-30 05:51:24,392 [5f0a7a0d-379d-465b-874e-1eefeb5ab37a@group-6F28DED1D2F5-LeaderElection13] INFO  grpc.GrpcConfigKeys (ConfUtils.java:logGet(46)) - raft.grpc.server.install_snapshot.request.timeout = 3000ms (default)
2023-05-30 05:51:24,392 [5f0a7a0d-379d-465b-874e-1eefeb5ab37a@group-6F28DED1D2F5-LeaderElection13] INFO  server.RaftServerConfigKeys (ConfUtils.java:logGet(46)) - raft.server.log.appender.install.snapshot.enabled = false (custom)
2023-05-30 05:51:24,392 [EventQueue-OpenPipelineForHealthyPipelineSafeModeRule] INFO  safemode.SCMSafeModeManager (HealthyPipelineSafeModeRule.java:process(137)) - SCM in safe mode. Healthy pipelines reported count is 0, required healthy pipeline reported count is 1
2023-05-30 05:51:24,392 [5f0a7a0d-379d-465b-874e-1eefeb5ab37a@group-6F28DED1D2F5-LeaderElection13] INFO  grpc.GrpcConfigKeys (ConfUtils.java:logGet(46)) - raft.grpc.server.heartbeat.channel = true (default)
2023-05-30 05:51:24,393 [5f0a7a0d-379d-465b-874e-1eefeb5ab37a@group-6F28DED1D2F5-LeaderElection13] INFO  server.RaftServerConfigKeys (ConfUtils.java:logGet(46)) - raft.server.log.appender.snapshot.chunk.size.max = 16MB (=16777216) (default)
2023-05-30 05:51:24,393 [5f0a7a0d-379d-465b-874e-1eefeb5ab37a@group-6F28DED1D2F5-LeaderElection13] INFO  server.RaftServerConfigKeys (ConfUtils.java:logGet(46)) - raft.server.log.appender.buffer.byte-limit = 33554432 (custom)
2023-05-30 05:51:24,393 [5f0a7a0d-379d-465b-874e-1eefeb5ab37a@group-6F28DED1D2F5-LeaderElection13] INFO  server.RaftServerConfigKeys (ConfUtils.java:logGet(46)) - raft.server.log.appender.buffer.element-limit = 1 (custom)
2023-05-30 05:51:24,393 [5f0a7a0d-379d-465b-874e-1eefeb5ab37a@group-6F28DED1D2F5-LeaderElection13] INFO  server.RaftServerConfigKeys (ConfUtils.java:logGet(46)) - raft.server.log.appender.wait-time.min = 10ms (default)
2023-05-30 05:51:24,390 [grpc-default-executor-8] INFO  server.RaftServer$Division (RaftServerImpl.java:setRole(329)) - 86ce2dc3-e244-48ce-a353-aea1892a305a@group-6F28DED1D2F5: changes role from  FOLLOWER to FOLLOWER at term 1 for candidate:5f0a7a0d-379d-465b-874e-1eefeb5ab37a
2023-05-30 05:51:24,393 [grpc-default-executor-8] INFO  impl.RoleInfo (RoleInfo.java:shutdownFollowerState(110)) - 86ce2dc3-e244-48ce-a353-aea1892a305a: shutdown 86ce2dc3-e244-48ce-a353-aea1892a305a@group-6F28DED1D2F5-FollowerState
2023-05-30 05:51:24,393 [5f0a7a0d-379d-465b-874e-1eefeb5ab37a@group-6F28DED1D2F5-LeaderElection13] INFO  grpc.GrpcConfigKeys (ConfUtils.java:logGet(46)) - raft.grpc.server.leader.outstanding.appends.max = 128 (default)
2023-05-30 05:51:24,392 [EventQueue-PipelineReportForPipelineReportHandler] INFO  pipeline.PipelineManagerImpl (PipelineManagerImpl.java:openPipeline(367)) - Pipeline Pipeline[ Id: d19e750b-19e0-4091-a425-6f28ded1d2f5, Nodes: 86ce2dc3-e244-48ce-a353-aea1892a305a(fv-az800-703/10.1.0.18)5f0a7a0d-379d-465b-874e-1eefeb5ab37a(fv-az800-703/10.1.0.18)be966552-930a-4dc9-b164-7221c5e4b48a(fv-az800-703/10.1.0.18), ReplicationConfig: RATIS/THREE, State:ALLOCATED, leaderId:5f0a7a0d-379d-465b-874e-1eefeb5ab37a, CreationTimestamp2023-05-30T05:51:16.932Z[Etc/UTC]] moved to OPEN state
2023-05-30 05:51:24,393 [5f0a7a0d-379d-465b-874e-1eefeb5ab37a@group-6F28DED1D2F5-LeaderElection13] INFO  server.RaftServerConfigKeys (ConfUtils.java:logGet(46)) - raft.server.rpc.request.timeout = 3000ms (default)
2023-05-30 05:51:24,393 [5f0a7a0d-379d-465b-874e-1eefeb5ab37a@group-6F28DED1D2F5-LeaderElection13] INFO  grpc.GrpcConfigKeys (ConfUtils.java:logGet(46)) - raft.grpc.server.install_snapshot.request.element-limit = 8 (default)
2023-05-30 05:51:24,393 [5f0a7a0d-379d-465b-874e-1eefeb5ab37a@group-6F28DED1D2F5-LeaderElection13] INFO  grpc.GrpcConfigKeys (ConfUtils.java:logGet(46)) - raft.grpc.server.install_snapshot.request.timeout = 3000ms (default)
2023-05-30 05:51:24,393 [5f0a7a0d-379d-465b-874e-1eefeb5ab37a@group-6F28DED1D2F5-LeaderElection13] INFO  server.RaftServerConfigKeys (ConfUtils.java:logGet(46)) - raft.server.log.appender.install.snapshot.enabled = false (custom)
2023-05-30 05:51:24,393 [5f0a7a0d-379d-465b-874e-1eefeb5ab37a@group-6F28DED1D2F5-LeaderElection13] INFO  grpc.GrpcConfigKeys (ConfUtils.java:logGet(46)) - raft.grpc.server.heartbeat.channel = true (default)
2023-05-30 05:51:24,394 [5f0a7a0d-379d-465b-874e-1eefeb5ab37a@group-6F28DED1D2F5-LeaderElection13] INFO  impl.RoleInfo (RoleInfo.java:updateAndGet(139)) - 5f0a7a0d-379d-465b-874e-1eefeb5ab37a: start 5f0a7a0d-379d-465b-874e-1eefeb5ab37a@group-6F28DED1D2F5-LeaderStateImpl
2023-05-30 05:51:24,393 [86ce2dc3-e244-48ce-a353-aea1892a305a@group-6F28DED1D2F5-FollowerState] INFO  impl.FollowerState (FollowerState.java:run(152)) - 86ce2dc3-e244-48ce-a353-aea1892a305a@group-6F28DED1D2F5-FollowerState was interrupted
2023-05-30 05:51:24,394 [EventQueue-OpenPipelineForHealthyPipelineSafeModeRule] INFO  safemode.SCMSafeModeManager (HealthyPipelineSafeModeRule.java:process(137)) - SCM in safe mode. Healthy pipelines reported count is 1, required healthy pipeline reported count is 1
2023-05-30 05:51:24,394 [5f0a7a0d-379d-465b-874e-1eefeb5ab37a@group-6F28DED1D2F5-LeaderElection13] INFO  segmented.SegmentedRaftLogWorker (SegmentedRaftLogWorker.java:startLogSegment(447)) - 5f0a7a0d-379d-465b-874e-1eefeb5ab37a@group-6F28DED1D2F5-SegmentedRaftLogWorker: Starting segment from index:0
2023-05-30 05:51:24,393 [grpc-default-executor-8] INFO  impl.RoleInfo (RoleInfo.java:updateAndGet(139)) - 86ce2dc3-e244-48ce-a353-aea1892a305a: start 86ce2dc3-e244-48ce-a353-aea1892a305a@group-6F28DED1D2F5-FollowerState
2023-05-30 05:51:24,394 [EventQueue-OpenPipelineForHealthyPipelineSafeModeRule] INFO  safemode.SCMSafeModeManager (SCMSafeModeManager.java:validateSafeModeExitRules(200)) - HealthyPipelineSafeModeRule rule is successfully validated
2023-05-30 05:51:24,394 [EventQueue-OpenPipelineForHealthyPipelineSafeModeRule] INFO  safemode.SCMSafeModeManager (SCMSafeModeManager.java:validateSafeModeExitRules(215)) - ScmSafeModeManager, all rules are successfully validated
2023-05-30 05:51:24,394 [EventQueue-OpenPipelineForHealthyPipelineSafeModeRule] INFO  safemode.SCMSafeModeManager (SCMSafeModeManager.java:exitSafeMode(244)) - SCM exiting safe mode.
2023-05-30 05:51:24,394 [EventQueue-OpenPipelineForHealthyPipelineSafeModeRule] INFO  ha.SCMContext (SCMContext.java:updateSafeModeStatus(228)) - Update SafeModeStatus from SafeModeStatus{safeModeStatus=true, preCheckPassed=true} to SafeModeStatus{safeModeStatus=false, preCheckPassed=true}.
2023-05-30 05:51:24,395 [EventQueue-OpenPipelineForHealthyPipelineSafeModeRule] INFO  pipeline.BackgroundPipelineCreator (BackgroundPipelineCreator.java:notifyStatusChanged(254)) - Service BackgroundPipelineCreator transitions to RUNNING.
2023-05-30 05:51:24,395 [EventQueue-OpenPipelineForHealthyPipelineSafeModeRule] INFO  BackgroundPipelineScrubber (BackgroundSCMService.java:notifyStatusChanged(82)) - Service BackgroundPipelineScrubber transitions to RUNNING.
2023-05-30 05:51:24,395 [EventQueue-OpenPipelineForHealthyPipelineSafeModeRule] INFO  ExpiredContainerReplicaOpScrubber (BackgroundSCMService.java:notifyStatusChanged(82)) - Service ExpiredContainerReplicaOpScrubber transitions to RUNNING.
2023-05-30 05:51:24,395 [EventQueue-OpenPipelineForHealthyPipelineSafeModeRule] INFO  replication.ReplicationManager (ReplicationManager.java:notifyStatusChanged(1377)) - Service ReplicationManager transitions to RUNNING.
2023-05-30 05:51:24,395 [EventQueue-OpenPipelineForHealthyPipelineSafeModeRule] WARN  balancer.ContainerBalancer (ContainerBalancer.java:shouldRun(135)) - Could not find persisted configuration for ContainerBalancer when checking if ContainerBalancer should run. ContainerBalancer should not run now.
2023-05-30 05:51:24,396 [5f0a7a0d-379d-465b-874e-1eefeb5ab37a@group-6F28DED1D2F5-SegmentedRaftLogWorker] INFO  segmented.SegmentedRaftLogWorker (SegmentedRaftLogWorker.java:execute(651)) - 5f0a7a0d-379d-465b-874e-1eefeb5ab37a@group-6F28DED1D2F5-SegmentedRaftLogWorker: created new log segment /home/runner/work/ozone/ozone/hadoop-ozone/integration-test/target/test-dir/MiniOzoneClusterImpl-e48a92f5-15eb-4a1f-8733-fd9493ac7566/datanode-0/data/ratis/d19e750b-19e0-4091-a425-6f28ded1d2f5/current/log_inprogress_0
2023-05-30 05:51:24,398 [grpc-default-executor-8] INFO  server.RaftServer$Division (RaftServerImpl.java:requestVote(1335)) - 86ce2dc3-e244-48ce-a353-aea1892a305a@group-6F28DED1D2F5 replies to ELECTION vote request: 5f0a7a0d-379d-465b-874e-1eefeb5ab37a<-86ce2dc3-e244-48ce-a353-aea1892a305a#0:OK-t1. Peer's state: 86ce2dc3-e244-48ce-a353-aea1892a305a@group-6F28DED1D2F5:t1, leader=null, voted=5f0a7a0d-379d-465b-874e-1eefeb5ab37a, raftlog=Memoized:86ce2dc3-e244-48ce-a353-aea1892a305a@group-6F28DED1D2F5-SegmentedRaftLog:OPENED:c-1, conf=-1: peers:[be966552-930a-4dc9-b164-7221c5e4b48a|rpc:10.1.0.18:15076|admin:10.1.0.18:15075|client:10.1.0.18:15074|dataStream:10.1.0.18:15077|priority:0|startupRole:FOLLOWER, 86ce2dc3-e244-48ce-a353-aea1892a305a|rpc:10.1.0.18:15085|admin:10.1.0.18:15084|client:10.1.0.18:15083|dataStream:10.1.0.18:15086|priority:0|startupRole:FOLLOWER, 5f0a7a0d-379d-465b-874e-1eefeb5ab37a|rpc:10.1.0.18:15067|admin:10.1.0.18:15066|client:10.1.0.18:15065|dataStream:10.1.0.18:15068|priority:1|startupRole:FOLLOWER]|listeners:[], old=null
2023-05-30 05:51:24,416 [5f0a7a0d-379d-465b-874e-1eefeb5ab37a@group-6F28DED1D2F5-LeaderElection13] INFO  server.RaftServer$Division (ServerState.java:setRaftConf(434)) - 5f0a7a0d-379d-465b-874e-1eefeb5ab37a@group-6F28DED1D2F5: set configuration 0: peers:[be966552-930a-4dc9-b164-7221c5e4b48a|rpc:10.1.0.18:15076|admin:10.1.0.18:15075|client:10.1.0.18:15074|dataStream:10.1.0.18:15077|priority:0|startupRole:FOLLOWER, 86ce2dc3-e244-48ce-a353-aea1892a305a|rpc:10.1.0.18:15085|admin:10.1.0.18:15084|client:10.1.0.18:15083|dataStream:10.1.0.18:15086|priority:0|startupRole:FOLLOWER, 5f0a7a0d-379d-465b-874e-1eefeb5ab37a|rpc:10.1.0.18:15067|admin:10.1.0.18:15066|client:10.1.0.18:15065|dataStream:10.1.0.18:15068|priority:1|startupRole:FOLLOWER]|listeners:[], old=null
2023-05-30 05:51:24,427 [be966552-930a-4dc9-b164-7221c5e4b48a-server-thread1] INFO  ratis.XceiverServerRatis (XceiverServerRatis.java:handleLeaderChangedNotification(902)) - Leader change notification received for group: group-6F28DED1D2F5 with new leaderId: 5f0a7a0d-379d-465b-874e-1eefeb5ab37a
2023-05-30 05:51:24,427 [be966552-930a-4dc9-b164-7221c5e4b48a-server-thread1] INFO  server.RaftServer$Division (ServerState.java:setLeader(317)) - be966552-930a-4dc9-b164-7221c5e4b48a@group-6F28DED1D2F5: change Leader from null to 5f0a7a0d-379d-465b-874e-1eefeb5ab37a at term 1 for appendEntries, leader elected after 5052ms
2023-05-30 05:51:24,430 [be966552-930a-4dc9-b164-7221c5e4b48a-server-thread2] INFO  server.RaftServer$Division (ServerState.java:setRaftConf(434)) - be966552-930a-4dc9-b164-7221c5e4b48a@group-6F28DED1D2F5: set configuration 0: peers:[be966552-930a-4dc9-b164-7221c5e4b48a|rpc:10.1.0.18:15076|admin:10.1.0.18:15075|client:10.1.0.18:15074|dataStream:10.1.0.18:15077|priority:0|startupRole:FOLLOWER, 86ce2dc3-e244-48ce-a353-aea1892a305a|rpc:10.1.0.18:15085|admin:10.1.0.18:15084|client:10.1.0.18:15083|dataStream:10.1.0.18:15086|priority:0|startupRole:FOLLOWER, 5f0a7a0d-379d-465b-874e-1eefeb5ab37a|rpc:10.1.0.18:15067|admin:10.1.0.18:15066|client:10.1.0.18:15065|dataStream:10.1.0.18:15068|priority:1|startupRole:FOLLOWER]|listeners:[], old=null
2023-05-30 05:51:24,430 [be966552-930a-4dc9-b164-7221c5e4b48a-server-thread2] INFO  segmented.SegmentedRaftLogWorker (SegmentedRaftLogWorker.java:startLogSegment(447)) - be966552-930a-4dc9-b164-7221c5e4b48a@group-6F28DED1D2F5-SegmentedRaftLogWorker: Starting segment from index:0
2023-05-30 05:51:24,433 [be966552-930a-4dc9-b164-7221c5e4b48a@group-6F28DED1D2F5-SegmentedRaftLogWorker] INFO  segmented.SegmentedRaftLogWorker (SegmentedRaftLogWorker.java:execute(651)) - be966552-930a-4dc9-b164-7221c5e4b48a@group-6F28DED1D2F5-SegmentedRaftLogWorker: created new log segment /home/runner/work/ozone/ozone/hadoop-ozone/integration-test/target/test-dir/MiniOzoneClusterImpl-e48a92f5-15eb-4a1f-8733-fd9493ac7566/datanode-1/data/ratis/d19e750b-19e0-4091-a425-6f28ded1d2f5/current/log_inprogress_0
2023-05-30 05:51:24,443 [86ce2dc3-e244-48ce-a353-aea1892a305a-server-thread1] INFO  ratis.XceiverServerRatis (XceiverServerRatis.java:handleLeaderChangedNotification(902)) - Leader change notification received for group: group-6F28DED1D2F5 with new leaderId: 5f0a7a0d-379d-465b-874e-1eefeb5ab37a
2023-05-30 05:51:24,443 [86ce2dc3-e244-48ce-a353-aea1892a305a-server-thread1] INFO  server.RaftServer$Division (ServerState.java:setLeader(317)) - 86ce2dc3-e244-48ce-a353-aea1892a305a@group-6F28DED1D2F5: change Leader from null to 5f0a7a0d-379d-465b-874e-1eefeb5ab37a at term 1 for appendEntries, leader elected after 5105ms
2023-05-30 05:51:24,451 [86ce2dc3-e244-48ce-a353-aea1892a305a-server-thread2] INFO  server.RaftServer$Division (ServerState.java:setRaftConf(434)) - 86ce2dc3-e244-48ce-a353-aea1892a305a@group-6F28DED1D2F5: set configuration 0: peers:[be966552-930a-4dc9-b164-7221c5e4b48a|rpc:10.1.0.18:15076|admin:10.1.0.18:15075|client:10.1.0.18:15074|dataStream:10.1.0.18:15077|priority:0|startupRole:FOLLOWER, 86ce2dc3-e244-48ce-a353-aea1892a305a|rpc:10.1.0.18:15085|admin:10.1.0.18:15084|client:10.1.0.18:15083|dataStream:10.1.0.18:15086|priority:0|startupRole:FOLLOWER, 5f0a7a0d-379d-465b-874e-1eefeb5ab37a|rpc:10.1.0.18:15067|admin:10.1.0.18:15066|client:10.1.0.18:15065|dataStream:10.1.0.18:15068|priority:1|startupRole:FOLLOWER]|listeners:[], old=null
2023-05-30 05:51:24,451 [86ce2dc3-e244-48ce-a353-aea1892a305a-server-thread2] INFO  segmented.SegmentedRaftLogWorker (SegmentedRaftLogWorker.java:startLogSegment(447)) - 86ce2dc3-e244-48ce-a353-aea1892a305a@group-6F28DED1D2F5-SegmentedRaftLogWorker: Starting segment from index:0
2023-05-30 05:51:24,457 [86ce2dc3-e244-48ce-a353-aea1892a305a@group-6F28DED1D2F5-SegmentedRaftLogWorker] INFO  segmented.SegmentedRaftLogWorker (SegmentedRaftLogWorker.java:execute(651)) - 86ce2dc3-e244-48ce-a353-aea1892a305a@group-6F28DED1D2F5-SegmentedRaftLogWorker: created new log segment /home/runner/work/ozone/ozone/hadoop-ozone/integration-test/target/test-dir/MiniOzoneClusterImpl-e48a92f5-15eb-4a1f-8733-fd9493ac7566/datanode-2/data/ratis/d19e750b-19e0-4091-a425-6f28ded1d2f5/current/log_inprogress_0
2023-05-30 05:51:24,500 [86ce2dc3-e244-48ce-a353-aea1892a305a@group-7FF882EE731F-FollowerState] INFO  impl.FollowerState (FollowerState.java:run(143)) - 86ce2dc3-e244-48ce-a353-aea1892a305a@group-7FF882EE731F-FollowerState: change to CANDIDATE, lastRpcElapsedTime:5029759090ns, electionTimeout:5028ms
2023-05-30 05:51:24,501 [86ce2dc3-e244-48ce-a353-aea1892a305a@group-7FF882EE731F-FollowerState] INFO  impl.RoleInfo (RoleInfo.java:shutdownFollowerState(110)) - 86ce2dc3-e244-48ce-a353-aea1892a305a: shutdown 86ce2dc3-e244-48ce-a353-aea1892a305a@group-7FF882EE731F-FollowerState
2023-05-30 05:51:24,501 [86ce2dc3-e244-48ce-a353-aea1892a305a@group-7FF882EE731F-FollowerState] INFO  server.RaftServer$Division (RaftServerImpl.java:setRole(329)) - 86ce2dc3-e244-48ce-a353-aea1892a305a@group-7FF882EE731F: changes role from  FOLLOWER to CANDIDATE at term 0 for changeToCandidate
2023-05-30 05:51:24,501 [86ce2dc3-e244-48ce-a353-aea1892a305a@group-7FF882EE731F-FollowerState] INFO  server.RaftServerConfigKeys (ConfUtils.java:logGet(46)) - raft.server.leaderelection.pre-vote = true (default)
2023-05-30 05:51:24,501 [86ce2dc3-e244-48ce-a353-aea1892a305a@group-7FF882EE731F-FollowerState] INFO  impl.RoleInfo (RoleInfo.java:updateAndGet(139)) - 86ce2dc3-e244-48ce-a353-aea1892a305a: start 86ce2dc3-e244-48ce-a353-aea1892a305a@group-7FF882EE731F-LeaderElection14
2023-05-30 05:51:24,503 [86ce2dc3-e244-48ce-a353-aea1892a305a@group-7FF882EE731F-LeaderElection14] INFO  impl.LeaderElection (LeaderElection.java:askForVotes(321)) - 86ce2dc3-e244-48ce-a353-aea1892a305a@group-7FF882EE731F-LeaderElection14 PRE_VOTE round 0: submit vote requests at term 0 for -1: peers:[be966552-930a-4dc9-b164-7221c5e4b48a|rpc:10.1.0.18:15076|admin:10.1.0.18:15075|client:10.1.0.18:15074|dataStream:10.1.0.18:15077|priority:0|startupRole:FOLLOWER, 86ce2dc3-e244-48ce-a353-aea1892a305a|rpc:10.1.0.18:15085|admin:10.1.0.18:15084|client:10.1.0.18:15083|dataStream:10.1.0.18:15086|priority:1|startupRole:FOLLOWER, 5f0a7a0d-379d-465b-874e-1eefeb5ab37a|rpc:10.1.0.18:15067|admin:10.1.0.18:15066|client:10.1.0.18:15065|dataStream:10.1.0.18:15068|priority:0|startupRole:FOLLOWER]|listeners:[], old=null
2023-05-30 05:51:24,503 [86ce2dc3-e244-48ce-a353-aea1892a305a@group-7FF882EE731F-LeaderElection14-1] INFO  server.GrpcServerProtocolClient (GrpcServerProtocolClient.java:<init>(65)) - Build channel for be966552-930a-4dc9-b164-7221c5e4b48a
2023-05-30 05:51:24,503 [86ce2dc3-e244-48ce-a353-aea1892a305a@group-7FF882EE731F-LeaderElection14] INFO  server.RaftServerConfigKeys (ConfUtils.java:logFallback(53)) - raft.server.rpc.first-election.timeout.min = 5s (fallback to raft.server.rpc.timeout.min)
2023-05-30 05:51:24,504 [86ce2dc3-e244-48ce-a353-aea1892a305a@group-7FF882EE731F-LeaderElection14] INFO  server.RaftServerConfigKeys (ConfUtils.java:logFallback(53)) - raft.server.rpc.first-election.timeout.max = 5200ms (fallback to raft.server.rpc.timeout.max)
2023-05-30 05:51:24,504 [86ce2dc3-e244-48ce-a353-aea1892a305a@group-7FF882EE731F-LeaderElection14-2] INFO  server.GrpcServerProtocolClient (GrpcServerProtocolClient.java:<init>(65)) - Build channel for 5f0a7a0d-379d-465b-874e-1eefeb5ab37a
2023-05-30 05:51:24,518 [grpc-default-executor-11] INFO  server.RaftServer$Division (RaftServerImpl.java:requestVote(1302)) - be966552-930a-4dc9-b164-7221c5e4b48a@group-7FF882EE731F: receive requestVote(PRE_VOTE, 86ce2dc3-e244-48ce-a353-aea1892a305a, group-7FF882EE731F, 0, (t:0, i:0))
2023-05-30 05:51:24,518 [grpc-default-executor-11] INFO  impl.VoteContext (VoteContext.java:log(49)) - be966552-930a-4dc9-b164-7221c5e4b48a@group-7FF882EE731F-FOLLOWER: accept PRE_VOTE from 86ce2dc3-e244-48ce-a353-aea1892a305a: our priority 0 <= candidate's priority 1
2023-05-30 05:51:24,518 [grpc-default-executor-11] INFO  server.RaftServer$Division (RaftServerImpl.java:requestVote(1335)) - be966552-930a-4dc9-b164-7221c5e4b48a@group-7FF882EE731F replies to PRE_VOTE vote request: 86ce2dc3-e244-48ce-a353-aea1892a305a<-be966552-930a-4dc9-b164-7221c5e4b48a#0:OK-t0. Peer's state: be966552-930a-4dc9-b164-7221c5e4b48a@group-7FF882EE731F:t0, leader=null, voted=, raftlog=Memoized:be966552-930a-4dc9-b164-7221c5e4b48a@group-7FF882EE731F-SegmentedRaftLog:OPENED:c-1, conf=-1: peers:[be966552-930a-4dc9-b164-7221c5e4b48a|rpc:10.1.0.18:15076|admin:10.1.0.18:15075|client:10.1.0.18:15074|dataStream:10.1.0.18:15077|priority:0|startupRole:FOLLOWER, 86ce2dc3-e244-48ce-a353-aea1892a305a|rpc:10.1.0.18:15085|admin:10.1.0.18:15084|client:10.1.0.18:15083|dataStream:10.1.0.18:15086|priority:1|startupRole:FOLLOWER, 5f0a7a0d-379d-465b-874e-1eefeb5ab37a|rpc:10.1.0.18:15067|admin:10.1.0.18:15066|client:10.1.0.18:15065|dataStream:10.1.0.18:15068|priority:0|startupRole:FOLLOWER]|listeners:[], old=null
2023-05-30 05:51:24,519 [grpc-default-executor-11] INFO  server.RaftServer$Division (RaftServerImpl.java:requestVote(1302)) - 5f0a7a0d-379d-465b-874e-1eefeb5ab37a@group-7FF882EE731F: receive requestVote(PRE_VOTE, 86ce2dc3-e244-48ce-a353-aea1892a305a, group-7FF882EE731F, 0, (t:0, i:0))
2023-05-30 05:51:24,519 [grpc-default-executor-11] INFO  impl.VoteContext (VoteContext.java:log(49)) - 5f0a7a0d-379d-465b-874e-1eefeb5ab37a@group-7FF882EE731F-FOLLOWER: accept PRE_VOTE from 86ce2dc3-e244-48ce-a353-aea1892a305a: our priority 0 <= candidate's priority 1
2023-05-30 05:51:24,520 [grpc-default-executor-11] INFO  server.RaftServer$Division (RaftServerImpl.java:requestVote(1335)) - 5f0a7a0d-379d-465b-874e-1eefeb5ab37a@group-7FF882EE731F replies to PRE_VOTE vote request: 86ce2dc3-e244-48ce-a353-aea1892a305a<-5f0a7a0d-379d-465b-874e-1eefeb5ab37a#0:OK-t0. Peer's state: 5f0a7a0d-379d-465b-874e-1eefeb5ab37a@group-7FF882EE731F:t0, leader=null, voted=, raftlog=Memoized:5f0a7a0d-379d-465b-874e-1eefeb5ab37a@group-7FF882EE731F-SegmentedRaftLog:OPENED:c-1, conf=-1: peers:[be966552-930a-4dc9-b164-7221c5e4b48a|rpc:10.1.0.18:15076|admin:10.1.0.18:15075|client:10.1.0.18:15074|dataStream:10.1.0.18:15077|priority:0|startupRole:FOLLOWER, 86ce2dc3-e244-48ce-a353-aea1892a305a|rpc:10.1.0.18:15085|admin:10.1.0.18:15084|client:10.1.0.18:15083|dataStream:10.1.0.18:15086|priority:1|startupRole:FOLLOWER, 5f0a7a0d-379d-465b-874e-1eefeb5ab37a|rpc:10.1.0.18:15067|admin:10.1.0.18:15066|client:10.1.0.18:15065|dataStream:10.1.0.18:15068|priority:0|startupRole:FOLLOWER]|listeners:[], old=null
2023-05-30 05:51:24,524 [86ce2dc3-e244-48ce-a353-aea1892a305a@group-7FF882EE731F-LeaderElection14] INFO  impl.LeaderElection (LeaderElection.java:logAndReturn(90)) - 86ce2dc3-e244-48ce-a353-aea1892a305a@group-7FF882EE731F-LeaderElection14: PRE_VOTE PASSED received 1 response(s) and 0 exception(s):
2023-05-30 05:51:24,524 [86ce2dc3-e244-48ce-a353-aea1892a305a@group-7FF882EE731F-LeaderElection14] INFO  impl.LeaderElection (LeaderElection.java:logAndReturn(94)) -   Response 0: 86ce2dc3-e244-48ce-a353-aea1892a305a<-5f0a7a0d-379d-465b-874e-1eefeb5ab37a#0:OK-t0
2023-05-30 05:51:24,524 [86ce2dc3-e244-48ce-a353-aea1892a305a@group-7FF882EE731F-LeaderElection14] INFO  impl.LeaderElection (LeaderElection.java:askForVotes(323)) - 86ce2dc3-e244-48ce-a353-aea1892a305a@group-7FF882EE731F-LeaderElection14 PRE_VOTE round 0: result PASSED
2023-05-30 05:51:24,526 [86ce2dc3-e244-48ce-a353-aea1892a305a@group-7FF882EE731F-LeaderElection14] INFO  impl.LeaderElection (LeaderElection.java:askForVotes(321)) - 86ce2dc3-e244-48ce-a353-aea1892a305a@group-7FF882EE731F-LeaderElection14 ELECTION round 0: submit vote requests at term 1 for -1: peers:[be966552-930a-4dc9-b164-7221c5e4b48a|rpc:10.1.0.18:15076|admin:10.1.0.18:15075|client:10.1.0.18:15074|dataStream:10.1.0.18:15077|priority:0|startupRole:FOLLOWER, 86ce2dc3-e244-48ce-a353-aea1892a305a|rpc:10.1.0.18:15085|admin:10.1.0.18:15084|client:10.1.0.18:15083|dataStream:10.1.0.18:15086|priority:1|startupRole:FOLLOWER, 5f0a7a0d-379d-465b-874e-1eefeb5ab37a|rpc:10.1.0.18:15067|admin:10.1.0.18:15066|client:10.1.0.18:15065|dataStream:10.1.0.18:15068|priority:0|startupRole:FOLLOWER]|listeners:[], old=null
2023-05-30 05:51:24,528 [grpc-default-executor-11] INFO  server.RaftServer$Division (RaftServerImpl.java:requestVote(1302)) - be966552-930a-4dc9-b164-7221c5e4b48a@group-7FF882EE731F: receive requestVote(ELECTION, 86ce2dc3-e244-48ce-a353-aea1892a305a, group-7FF882EE731F, 1, (t:0, i:0))
2023-05-30 05:51:24,528 [grpc-default-executor-11] INFO  impl.VoteContext (VoteContext.java:log(49)) - be966552-930a-4dc9-b164-7221c5e4b48a@group-7FF882EE731F-FOLLOWER: accept ELECTION from 86ce2dc3-e244-48ce-a353-aea1892a305a: our priority 0 <= candidate's priority 1
2023-05-30 05:51:24,528 [grpc-default-executor-11] INFO  server.RaftServer$Division (RaftServerImpl.java:setRole(329)) - be966552-930a-4dc9-b164-7221c5e4b48a@group-7FF882EE731F: changes role from  FOLLOWER to FOLLOWER at term 1 for candidate:86ce2dc3-e244-48ce-a353-aea1892a305a
2023-05-30 05:51:24,528 [grpc-default-executor-11] INFO  impl.RoleInfo (RoleInfo.java:shutdownFollowerState(110)) - be966552-930a-4dc9-b164-7221c5e4b48a: shutdown be966552-930a-4dc9-b164-7221c5e4b48a@group-7FF882EE731F-FollowerState
2023-05-30 05:51:24,528 [grpc-default-executor-11] INFO  impl.RoleInfo (RoleInfo.java:updateAndGet(139)) - be966552-930a-4dc9-b164-7221c5e4b48a: start be966552-930a-4dc9-b164-7221c5e4b48a@group-7FF882EE731F-FollowerState
2023-05-30 05:51:24,528 [be966552-930a-4dc9-b164-7221c5e4b48a@group-7FF882EE731F-FollowerState] INFO  impl.FollowerState (FollowerState.java:run(152)) - be966552-930a-4dc9-b164-7221c5e4b48a@group-7FF882EE731F-FollowerState was interrupted
2023-05-30 05:51:24,528 [86ce2dc3-e244-48ce-a353-aea1892a305a@group-7FF882EE731F-LeaderElection14] INFO  server.RaftServerConfigKeys (ConfUtils.java:logFallback(53)) - raft.server.rpc.first-election.timeout.min = 5s (fallback to raft.server.rpc.timeout.min)
2023-05-30 05:51:24,528 [86ce2dc3-e244-48ce-a353-aea1892a305a@group-7FF882EE731F-LeaderElection14] INFO  server.RaftServerConfigKeys (ConfUtils.java:logFallback(53)) - raft.server.rpc.first-election.timeout.max = 5200ms (fallback to raft.server.rpc.timeout.max)
2023-05-30 05:51:24,530 [grpc-default-executor-6] INFO  server.RaftServer$Division (RaftServerImpl.java:requestVote(1302)) - 5f0a7a0d-379d-465b-874e-1eefeb5ab37a@group-7FF882EE731F: receive requestVote(ELECTION, 86ce2dc3-e244-48ce-a353-aea1892a305a, group-7FF882EE731F, 1, (t:0, i:0))
2023-05-30 05:51:24,534 [grpc-default-executor-6] INFO  impl.VoteContext (VoteContext.java:log(49)) - 5f0a7a0d-379d-465b-874e-1eefeb5ab37a@group-7FF882EE731F-FOLLOWER: accept ELECTION from 86ce2dc3-e244-48ce-a353-aea1892a305a: our priority 0 <= candidate's priority 1
2023-05-30 05:51:24,534 [grpc-default-executor-6] INFO  server.RaftServer$Division (RaftServerImpl.java:setRole(329)) - 5f0a7a0d-379d-465b-874e-1eefeb5ab37a@group-7FF882EE731F: changes role from  FOLLOWER to FOLLOWER at term 1 for candidate:86ce2dc3-e244-48ce-a353-aea1892a305a
2023-05-30 05:51:24,534 [grpc-default-executor-11] INFO  server.RaftServer$Division (RaftServerImpl.java:requestVote(1335)) - be966552-930a-4dc9-b164-7221c5e4b48a@group-7FF882EE731F replies to ELECTION vote request: 86ce2dc3-e244-48ce-a353-aea1892a305a<-be966552-930a-4dc9-b164-7221c5e4b48a#0:OK-t1. Peer's state: be966552-930a-4dc9-b164-7221c5e4b48a@group-7FF882EE731F:t1, leader=null, voted=86ce2dc3-e244-48ce-a353-aea1892a305a, raftlog=Memoized:be966552-930a-4dc9-b164-7221c5e4b48a@group-7FF882EE731F-SegmentedRaftLog:OPENED:c-1, conf=-1: peers:[be966552-930a-4dc9-b164-7221c5e4b48a|rpc:10.1.0.18:15076|admin:10.1.0.18:15075|client:10.1.0.18:15074|dataStream:10.1.0.18:15077|priority:0|startupRole:FOLLOWER, 86ce2dc3-e244-48ce-a353-aea1892a305a|rpc:10.1.0.18:15085|admin:10.1.0.18:15084|client:10.1.0.18:15083|dataStream:10.1.0.18:15086|priority:1|startupRole:FOLLOWER, 5f0a7a0d-379d-465b-874e-1eefeb5ab37a|rpc:10.1.0.18:15067|admin:10.1.0.18:15066|client:10.1.0.18:15065|dataStream:10.1.0.18:15068|priority:0|startupRole:FOLLOWER]|listeners:[], old=null
2023-05-30 05:51:24,534 [grpc-default-executor-6] INFO  impl.RoleInfo (RoleInfo.java:shutdownFollowerState(110)) - 5f0a7a0d-379d-465b-874e-1eefeb5ab37a: shutdown 5f0a7a0d-379d-465b-874e-1eefeb5ab37a@group-7FF882EE731F-FollowerState
2023-05-30 05:51:24,534 [grpc-default-executor-6] INFO  impl.RoleInfo (RoleInfo.java:updateAndGet(139)) - 5f0a7a0d-379d-465b-874e-1eefeb5ab37a: start 5f0a7a0d-379d-465b-874e-1eefeb5ab37a@group-7FF882EE731F-FollowerState
2023-05-30 05:51:24,535 [5f0a7a0d-379d-465b-874e-1eefeb5ab37a@group-7FF882EE731F-FollowerState] INFO  impl.FollowerState (FollowerState.java:run(152)) - 5f0a7a0d-379d-465b-874e-1eefeb5ab37a@group-7FF882EE731F-FollowerState was interrupted
2023-05-30 05:51:24,535 [86ce2dc3-e244-48ce-a353-aea1892a305a@group-7FF882EE731F-LeaderElection14] INFO  impl.LeaderElection (LeaderElection.java:logAndReturn(90)) - 86ce2dc3-e244-48ce-a353-aea1892a305a@group-7FF882EE731F-LeaderElection14: ELECTION PASSED received 1 response(s) and 0 exception(s):
2023-05-30 05:51:24,535 [86ce2dc3-e244-48ce-a353-aea1892a305a@group-7FF882EE731F-LeaderElection14] INFO  impl.LeaderElection (LeaderElection.java:logAndReturn(94)) -   Response 0: 86ce2dc3-e244-48ce-a353-aea1892a305a<-be966552-930a-4dc9-b164-7221c5e4b48a#0:OK-t1
2023-05-30 05:51:24,535 [86ce2dc3-e244-48ce-a353-aea1892a305a@group-7FF882EE731F-LeaderElection14] INFO  impl.LeaderElection (LeaderElection.java:askForVotes(323)) - 86ce2dc3-e244-48ce-a353-aea1892a305a@group-7FF882EE731F-LeaderElection14 ELECTION round 0: result PASSED
2023-05-30 05:51:24,535 [86ce2dc3-e244-48ce-a353-aea1892a305a@group-7FF882EE731F-LeaderElection14] INFO  impl.RoleInfo (RoleInfo.java:shutdownLeaderElection(130)) - 86ce2dc3-e244-48ce-a353-aea1892a305a: shutdown 86ce2dc3-e244-48ce-a353-aea1892a305a@group-7FF882EE731F-LeaderElection14
2023-05-30 05:51:24,535 [86ce2dc3-e244-48ce-a353-aea1892a305a@group-7FF882EE731F-LeaderElection14] INFO  server.RaftServer$Division (RaftServerImpl.java:setRole(329)) - 86ce2dc3-e244-48ce-a353-aea1892a305a@group-7FF882EE731F: changes role from CANDIDATE to LEADER at term 1 for changeToLeader
2023-05-30 05:51:24,535 [86ce2dc3-e244-48ce-a353-aea1892a305a@group-7FF882EE731F-LeaderElection14] INFO  ratis.XceiverServerRatis (XceiverServerRatis.java:handleLeaderChangedNotification(902)) - Leader change notification received for group: group-7FF882EE731F with new leaderId: 86ce2dc3-e244-48ce-a353-aea1892a305a
2023-05-30 05:51:24,536 [86ce2dc3-e244-48ce-a353-aea1892a305a@group-7FF882EE731F-LeaderElection14] INFO  server.RaftServer$Division (ServerState.java:setLeader(317)) - 86ce2dc3-e244-48ce-a353-aea1892a305a@group-7FF882EE731F: change Leader from null to 86ce2dc3-e244-48ce-a353-aea1892a305a at term 1 for becomeLeader, leader elected after 5085ms
2023-05-30 05:51:24,536 [86ce2dc3-e244-48ce-a353-aea1892a305a@group-7FF882EE731F-LeaderElection14] INFO  server.RaftServerConfigKeys (ConfUtils.java:logGet(46)) - raft.server.staging.catchup.gap = 1000 (default)
2023-05-30 05:51:24,536 [grpc-default-executor-6] INFO  server.RaftServer$Division (RaftServerImpl.java:requestVote(1335)) - 5f0a7a0d-379d-465b-874e-1eefeb5ab37a@group-7FF882EE731F replies to ELECTION vote request: 86ce2dc3-e244-48ce-a353-aea1892a305a<-5f0a7a0d-379d-465b-874e-1eefeb5ab37a#0:OK-t1. Peer's state: 5f0a7a0d-379d-465b-874e-1eefeb5ab37a@group-7FF882EE731F:t1, leader=null, voted=86ce2dc3-e244-48ce-a353-aea1892a305a, raftlog=Memoized:5f0a7a0d-379d-465b-874e-1eefeb5ab37a@group-7FF882EE731F-SegmentedRaftLog:OPENED:c-1, conf=-1: peers:[be966552-930a-4dc9-b164-7221c5e4b48a|rpc:10.1.0.18:15076|admin:10.1.0.18:15075|client:10.1.0.18:15074|dataStream:10.1.0.18:15077|priority:0|startupRole:FOLLOWER, 86ce2dc3-e244-48ce-a353-aea1892a305a|rpc:10.1.0.18:15085|admin:10.1.0.18:15084|client:10.1.0.18:15083|dataStream:10.1.0.18:15086|priority:1|startupRole:FOLLOWER, 5f0a7a0d-379d-465b-874e-1eefeb5ab37a|rpc:10.1.0.18:15067|admin:10.1.0.18:15066|client:10.1.0.18:15065|dataStream:10.1.0.18:15068|priority:0|startupRole:FOLLOWER]|listeners:[], old=null
2023-05-30 05:51:24,536 [86ce2dc3-e244-48ce-a353-aea1892a305a@group-7FF882EE731F-LeaderElection14] INFO  server.RaftServerConfigKeys (ConfUtils.java:logGet(46)) - raft.server.write.element-limit = 1024 (custom)
2023-05-30 05:51:24,537 [86ce2dc3-e244-48ce-a353-aea1892a305a@group-7FF882EE731F-LeaderElection14] INFO  server.RaftServerConfigKeys (ConfUtils.java:logGet(46)) - raft.server.write.byte-limit = 1024 M (=1073741824) (custom)
2023-05-30 05:51:24,537 [86ce2dc3-e244-48ce-a353-aea1892a305a@group-7FF882EE731F-LeaderElection14] INFO  server.RaftServerConfigKeys (ConfUtils.java:logGet(46)) - raft.server.watch.timeout = 10000ms (default)
2023-05-30 05:51:24,537 [86ce2dc3-e244-48ce-a353-aea1892a305a@group-7FF882EE731F-LeaderElection14] INFO  server.RaftServerConfigKeys (ConfUtils.java:logGet(46)) - raft.server.watch.timeout.denomination = 1s (default)
2023-05-30 05:51:24,537 [86ce2dc3-e244-48ce-a353-aea1892a305a@group-7FF882EE731F-LeaderElection14] INFO  server.RaftServerConfigKeys (ConfUtils.java:logGet(46)) - raft.server.watch.element-limit = 65536 (default)
2023-05-30 05:51:24,537 [86ce2dc3-e244-48ce-a353-aea1892a305a@group-7FF882EE731F-LeaderElection14] INFO  server.RaftServerConfigKeys (ConfUtils.java:logGet(46)) - raft.server.write.element-limit = 1024 (custom)
2023-05-30 05:51:24,537 [86ce2dc3-e244-48ce-a353-aea1892a305a@group-7FF882EE731F-LeaderElection14] INFO  server.RaftServerConfigKeys (ConfUtils.java:logGet(46)) - raft.server.write.follower.gap.ratio.max = -1.0 (default)
2023-05-30 05:51:24,538 [86ce2dc3-e244-48ce-a353-aea1892a305a@group-7FF882EE731F-LeaderElection14] INFO  server.RaftServerConfigKeys (ConfUtils.java:logGet(46)) - raft.server.log.appender.snapshot.chunk.size.max = 16MB (=16777216) (default)
2023-05-30 05:51:24,538 [86ce2dc3-e244-48ce-a353-aea1892a305a@group-7FF882EE731F-LeaderElection14] INFO  server.RaftServerConfigKeys (ConfUtils.java:logGet(46)) - raft.server.log.appender.buffer.byte-limit = 33554432 (custom)
2023-05-30 05:51:24,538 [86ce2dc3-e244-48ce-a353-aea1892a305a@group-7FF882EE731F-LeaderElection14] INFO  server.RaftServerConfigKeys (ConfUtils.java:logGet(46)) - raft.server.log.appender.buffer.element-limit = 1 (custom)
2023-05-30 05:51:24,538 [86ce2dc3-e244-48ce-a353-aea1892a305a@group-7FF882EE731F-LeaderElection14] INFO  server.RaftServerConfigKeys (ConfUtils.java:logGet(46)) - raft.server.log.appender.wait-time.min = 10ms (default)
2023-05-30 05:51:24,538 [86ce2dc3-e244-48ce-a353-aea1892a305a@group-7FF882EE731F-LeaderElection14] INFO  grpc.GrpcConfigKeys (ConfUtils.java:logGet(46)) - raft.grpc.server.leader.outstanding.appends.max = 128 (default)
2023-05-30 05:51:24,538 [86ce2dc3-e244-48ce-a353-aea1892a305a@group-7FF882EE731F-LeaderElection14] INFO  server.RaftServerConfigKeys (ConfUtils.java:logGet(46)) - raft.server.rpc.request.timeout = 3000ms (default)
2023-05-30 05:51:24,538 [86ce2dc3-e244-48ce-a353-aea1892a305a@group-7FF882EE731F-LeaderElection14] INFO  grpc.GrpcConfigKeys (ConfUtils.java:logGet(46)) - raft.grpc.server.install_snapshot.request.element-limit = 8 (default)
2023-05-30 05:51:24,538 [86ce2dc3-e244-48ce-a353-aea1892a305a@group-7FF882EE731F-LeaderElection14] INFO  grpc.GrpcConfigKeys (ConfUtils.java:logGet(46)) - raft.grpc.server.install_snapshot.request.timeout = 3000ms (default)
2023-05-30 05:51:24,538 [86ce2dc3-e244-48ce-a353-aea1892a305a@group-7FF882EE731F-LeaderElection14] INFO  server.RaftServerConfigKeys (ConfUtils.java:logGet(46)) - raft.server.log.appender.install.snapshot.enabled = false (custom)
2023-05-30 05:51:24,538 [86ce2dc3-e244-48ce-a353-aea1892a305a@group-7FF882EE731F-LeaderElection14] INFO  grpc.GrpcConfigKeys (ConfUtils.java:logGet(46)) - raft.grpc.server.heartbeat.channel = true (default)
2023-05-30 05:51:24,539 [86ce2dc3-e244-48ce-a353-aea1892a305a@group-7FF882EE731F-LeaderElection14] INFO  server.RaftServerConfigKeys (ConfUtils.java:logGet(46)) - raft.server.log.appender.snapshot.chunk.size.max = 16MB (=16777216) (default)
2023-05-30 05:51:24,539 [86ce2dc3-e244-48ce-a353-aea1892a305a@group-7FF882EE731F-LeaderElection14] INFO  server.RaftServerConfigKeys (ConfUtils.java:logGet(46)) - raft.server.log.appender.buffer.byte-limit = 33554432 (custom)
2023-05-30 05:51:24,539 [86ce2dc3-e244-48ce-a353-aea1892a305a@group-7FF882EE731F-LeaderElection14] INFO  server.RaftServerConfigKeys (ConfUtils.java:logGet(46)) - raft.server.log.appender.buffer.element-limit = 1 (custom)
2023-05-30 05:51:24,539 [86ce2dc3-e244-48ce-a353-aea1892a305a@group-7FF882EE731F-LeaderElection14] INFO  server.RaftServerConfigKeys (ConfUtils.java:logGet(46)) - raft.server.log.appender.wait-time.min = 10ms (default)
2023-05-30 05:51:24,539 [86ce2dc3-e244-48ce-a353-aea1892a305a@group-7FF882EE731F-LeaderElection14] INFO  grpc.GrpcConfigKeys (ConfUtils.java:logGet(46)) - raft.grpc.server.leader.outstanding.appends.max = 128 (default)
2023-05-30 05:51:24,539 [86ce2dc3-e244-48ce-a353-aea1892a305a@group-7FF882EE731F-LeaderElection14] INFO  server.RaftServerConfigKeys (ConfUtils.java:logGet(46)) - raft.server.rpc.request.timeout = 3000ms (default)
2023-05-30 05:51:24,539 [86ce2dc3-e244-48ce-a353-aea1892a305a@group-7FF882EE731F-LeaderElection14] INFO  grpc.GrpcConfigKeys (ConfUtils.java:logGet(46)) - raft.grpc.server.install_snapshot.request.element-limit = 8 (default)
2023-05-30 05:51:24,539 [86ce2dc3-e244-48ce-a353-aea1892a305a@group-7FF882EE731F-LeaderElection14] INFO  grpc.GrpcConfigKeys (ConfUtils.java:logGet(46)) - raft.grpc.server.install_snapshot.request.timeout = 3000ms (default)
2023-05-30 05:51:24,539 [86ce2dc3-e244-48ce-a353-aea1892a305a@group-7FF882EE731F-LeaderElection14] INFO  server.RaftServerConfigKeys (ConfUtils.java:logGet(46)) - raft.server.log.appender.install.snapshot.enabled = false (custom)
2023-05-30 05:51:24,539 [86ce2dc3-e244-48ce-a353-aea1892a305a@group-7FF882EE731F-LeaderElection14] INFO  grpc.GrpcConfigKeys (ConfUtils.java:logGet(46)) - raft.grpc.server.heartbeat.channel = true (default)
2023-05-30 05:51:24,539 [86ce2dc3-e244-48ce-a353-aea1892a305a@group-7FF882EE731F-LeaderElection14] INFO  impl.RoleInfo (RoleInfo.java:updateAndGet(139)) - 86ce2dc3-e244-48ce-a353-aea1892a305a: start 86ce2dc3-e244-48ce-a353-aea1892a305a@group-7FF882EE731F-LeaderStateImpl
2023-05-30 05:51:24,540 [86ce2dc3-e244-48ce-a353-aea1892a305a@group-7FF882EE731F-LeaderElection14] INFO  segmented.SegmentedRaftLogWorker (SegmentedRaftLogWorker.java:startLogSegment(447)) - 86ce2dc3-e244-48ce-a353-aea1892a305a@group-7FF882EE731F-SegmentedRaftLogWorker: Starting segment from index:0
2023-05-30 05:51:24,541 [EventQueue-PipelineReportForPipelineReportHandler] INFO  pipeline.PipelineManagerImpl (PipelineManagerImpl.java:openPipeline(367)) - Pipeline Pipeline[ Id: 54279088-66cd-4f69-ab2d-7ff882ee731f, Nodes: 86ce2dc3-e244-48ce-a353-aea1892a305a(fv-az800-703/10.1.0.18)5f0a7a0d-379d-465b-874e-1eefeb5ab37a(fv-az800-703/10.1.0.18)be966552-930a-4dc9-b164-7221c5e4b48a(fv-az800-703/10.1.0.18), ReplicationConfig: RATIS/THREE, State:ALLOCATED, leaderId:86ce2dc3-e244-48ce-a353-aea1892a305a, CreationTimestamp2023-05-30T05:51:16.934Z[Etc/UTC]] moved to OPEN state
2023-05-30 05:51:24,543 [86ce2dc3-e244-48ce-a353-aea1892a305a@group-7FF882EE731F-SegmentedRaftLogWorker] INFO  segmented.SegmentedRaftLogWorker (SegmentedRaftLogWorker.java:execute(651)) - 86ce2dc3-e244-48ce-a353-aea1892a305a@group-7FF882EE731F-SegmentedRaftLogWorker: created new log segment /home/runner/work/ozone/ozone/hadoop-ozone/integration-test/target/test-dir/MiniOzoneClusterImpl-e48a92f5-15eb-4a1f-8733-fd9493ac7566/datanode-2/data/ratis/54279088-66cd-4f69-ab2d-7ff882ee731f/current/log_inprogress_0
2023-05-30 05:51:24,551 [86ce2dc3-e244-48ce-a353-aea1892a305a@group-7FF882EE731F-LeaderElection14] INFO  server.RaftServer$Division (ServerState.java:setRaftConf(434)) - 86ce2dc3-e244-48ce-a353-aea1892a305a@group-7FF882EE731F: set configuration 0: peers:[be966552-930a-4dc9-b164-7221c5e4b48a|rpc:10.1.0.18:15076|admin:10.1.0.18:15075|client:10.1.0.18:15074|dataStream:10.1.0.18:15077|priority:0|startupRole:FOLLOWER, 86ce2dc3-e244-48ce-a353-aea1892a305a|rpc:10.1.0.18:15085|admin:10.1.0.18:15084|client:10.1.0.18:15083|dataStream:10.1.0.18:15086|priority:1|startupRole:FOLLOWER, 5f0a7a0d-379d-465b-874e-1eefeb5ab37a|rpc:10.1.0.18:15067|admin:10.1.0.18:15066|client:10.1.0.18:15065|dataStream:10.1.0.18:15068|priority:0|startupRole:FOLLOWER]|listeners:[], old=null
2023-05-30 05:51:24,554 [be966552-930a-4dc9-b164-7221c5e4b48a-server-thread1] INFO  ratis.XceiverServerRatis (XceiverServerRatis.java:handleLeaderChangedNotification(902)) - Leader change notification received for group: group-7FF882EE731F with new leaderId: 86ce2dc3-e244-48ce-a353-aea1892a305a
2023-05-30 05:51:24,554 [be966552-930a-4dc9-b164-7221c5e4b48a-server-thread1] INFO  server.RaftServer$Division (ServerState.java:setLeader(317)) - be966552-930a-4dc9-b164-7221c5e4b48a@group-7FF882EE731F: change Leader from null to 86ce2dc3-e244-48ce-a353-aea1892a305a at term 1 for appendEntries, leader elected after 5054ms
2023-05-30 05:51:24,564 [be966552-930a-4dc9-b164-7221c5e4b48a-server-thread2] INFO  server.RaftServer$Division (ServerState.java:setRaftConf(434)) - be966552-930a-4dc9-b164-7221c5e4b48a@group-7FF882EE731F: set configuration 0: peers:[be966552-930a-4dc9-b164-7221c5e4b48a|rpc:10.1.0.18:15076|admin:10.1.0.18:15075|client:10.1.0.18:15074|dataStream:10.1.0.18:15077|priority:0|startupRole:FOLLOWER, 86ce2dc3-e244-48ce-a353-aea1892a305a|rpc:10.1.0.18:15085|admin:10.1.0.18:15084|client:10.1.0.18:15083|dataStream:10.1.0.18:15086|priority:1|startupRole:FOLLOWER, 5f0a7a0d-379d-465b-874e-1eefeb5ab37a|rpc:10.1.0.18:15067|admin:10.1.0.18:15066|client:10.1.0.18:15065|dataStream:10.1.0.18:15068|priority:0|startupRole:FOLLOWER]|listeners:[], old=null
2023-05-30 05:51:24,564 [be966552-930a-4dc9-b164-7221c5e4b48a-server-thread2] INFO  segmented.SegmentedRaftLogWorker (SegmentedRaftLogWorker.java:startLogSegment(447)) - be966552-930a-4dc9-b164-7221c5e4b48a@group-7FF882EE731F-SegmentedRaftLogWorker: Starting segment from index:0
2023-05-30 05:51:24,566 [be966552-930a-4dc9-b164-7221c5e4b48a@group-7FF882EE731F-SegmentedRaftLogWorker] INFO  segmented.SegmentedRaftLogWorker (SegmentedRaftLogWorker.java:execute(651)) - be966552-930a-4dc9-b164-7221c5e4b48a@group-7FF882EE731F-SegmentedRaftLogWorker: created new log segment /home/runner/work/ozone/ozone/hadoop-ozone/integration-test/target/test-dir/MiniOzoneClusterImpl-e48a92f5-15eb-4a1f-8733-fd9493ac7566/datanode-1/data/ratis/54279088-66cd-4f69-ab2d-7ff882ee731f/current/log_inprogress_0
2023-05-30 05:51:24,568 [5f0a7a0d-379d-465b-874e-1eefeb5ab37a-server-thread1] INFO  ratis.XceiverServerRatis (XceiverServerRatis.java:handleLeaderChangedNotification(902)) - Leader change notification received for group: group-7FF882EE731F with new leaderId: 86ce2dc3-e244-48ce-a353-aea1892a305a
2023-05-30 05:51:24,568 [5f0a7a0d-379d-465b-874e-1eefeb5ab37a-server-thread1] INFO  server.RaftServer$Division (ServerState.java:setLeader(317)) - 5f0a7a0d-379d-465b-874e-1eefeb5ab37a@group-7FF882EE731F: change Leader from null to 86ce2dc3-e244-48ce-a353-aea1892a305a at term 1 for appendEntries, leader elected after 5155ms
2023-05-30 05:51:24,580 [5f0a7a0d-379d-465b-874e-1eefeb5ab37a-server-thread2] INFO  server.RaftServer$Division (ServerState.java:setRaftConf(434)) - 5f0a7a0d-379d-465b-874e-1eefeb5ab37a@group-7FF882EE731F: set configuration 0: peers:[be966552-930a-4dc9-b164-7221c5e4b48a|rpc:10.1.0.18:15076|admin:10.1.0.18:15075|client:10.1.0.18:15074|dataStream:10.1.0.18:15077|priority:0|startupRole:FOLLOWER, 86ce2dc3-e244-48ce-a353-aea1892a305a|rpc:10.1.0.18:15085|admin:10.1.0.18:15084|client:10.1.0.18:15083|dataStream:10.1.0.18:15086|priority:1|startupRole:FOLLOWER, 5f0a7a0d-379d-465b-874e-1eefeb5ab37a|rpc:10.1.0.18:15067|admin:10.1.0.18:15066|client:10.1.0.18:15065|dataStream:10.1.0.18:15068|priority:0|startupRole:FOLLOWER]|listeners:[], old=null
2023-05-30 05:51:24,580 [5f0a7a0d-379d-465b-874e-1eefeb5ab37a-server-thread2] INFO  segmented.SegmentedRaftLogWorker (SegmentedRaftLogWorker.java:startLogSegment(447)) - 5f0a7a0d-379d-465b-874e-1eefeb5ab37a@group-7FF882EE731F-SegmentedRaftLogWorker: Starting segment from index:0
2023-05-30 05:51:24,583 [5f0a7a0d-379d-465b-874e-1eefeb5ab37a@group-7FF882EE731F-SegmentedRaftLogWorker] INFO  segmented.SegmentedRaftLogWorker (SegmentedRaftLogWorker.java:execute(651)) - 5f0a7a0d-379d-465b-874e-1eefeb5ab37a@group-7FF882EE731F-SegmentedRaftLogWorker: created new log segment /home/runner/work/ozone/ozone/hadoop-ozone/integration-test/target/test-dir/MiniOzoneClusterImpl-e48a92f5-15eb-4a1f-8733-fd9493ac7566/datanode-0/data/ratis/54279088-66cd-4f69-ab2d-7ff882ee731f/current/log_inprogress_0
2023-05-30 05:51:24,672 [Listener at 0.0.0.0/15099] INFO  ozone.MiniOzoneClusterImpl (MiniOzoneClusterImpl.java:lambda$waitForClusterToBeReady$0(222)) - Nodes are ready. Got 5 of 5 DN Heartbeats.
2023-05-30 05:51:24,673 [Listener at 0.0.0.0/15099] INFO  ozone.MiniOzoneClusterImpl (MiniOzoneClusterImpl.java:lambda$waitForClusterToBeReady$0(225)) - Cluster exits safe mode
2023-05-30 05:51:24,673 [Listener at 0.0.0.0/15099] INFO  ozone.MiniOzoneClusterImpl (MiniOzoneClusterImpl.java:lambda$waitForClusterToBeReady$0(227)) - SCM became leader
2023-05-30 05:51:24,701 [setup] INFO  rpc.RpcClient (RpcClient.java:createVolume(459)) - Creating Volume: volume67650, with user90812 as owner and space quota set to -1 bytes, counts quota set to -1
2023-05-30 05:51:24,716 [OM StateMachine ApplyTransaction Thread - 0] INFO  volume.OMVolumeCreateRequest (OMVolumeCreateRequest.java:validateAndUpdateCache(196)) - created volume:volume67650 for user:user90812
2023-05-30 05:51:24,728 [setup] INFO  rpc.RpcClient (RpcClient.java:createBucket(686)) - Creating Bucket: volume67650/bucket03513, with bucket layout LEGACY, runner as owner, Versioning false, Storage Type set to DISK and Encryption set to false, Replication Type set to server-side default replication type, Namespace Quota set to -1, Space Quota set to -1 
2023-05-30 05:51:24,731 [OM StateMachine ApplyTransaction Thread - 0] INFO  bucket.OMBucketCreateRequest (OMBucketCreateRequest.java:validateAndUpdateCache(270)) - created bucket: bucket03513 of layout LEGACY in volume: volume67650
2023-05-30 05:51:24,757 [be966552-930a-4dc9-b164-7221c5e4b48a@group-9B0A8CBF8974-FollowerState] INFO  impl.FollowerState (FollowerState.java:run(143)) - be966552-930a-4dc9-b164-7221c5e4b48a@group-9B0A8CBF8974-FollowerState: change to CANDIDATE, lastRpcElapsedTime:5183401612ns, electionTimeout:5182ms
2023-05-30 05:51:24,757 [be966552-930a-4dc9-b164-7221c5e4b48a@group-9B0A8CBF8974-FollowerState] INFO  impl.RoleInfo (RoleInfo.java:shutdownFollowerState(110)) - be966552-930a-4dc9-b164-7221c5e4b48a: shutdown be966552-930a-4dc9-b164-7221c5e4b48a@group-9B0A8CBF8974-FollowerState
2023-05-30 05:51:24,757 [be966552-930a-4dc9-b164-7221c5e4b48a@group-9B0A8CBF8974-FollowerState] INFO  server.RaftServer$Division (RaftServerImpl.java:setRole(329)) - be966552-930a-4dc9-b164-7221c5e4b48a@group-9B0A8CBF8974: changes role from  FOLLOWER to CANDIDATE at term 0 for changeToCandidate
2023-05-30 05:51:24,757 [be966552-930a-4dc9-b164-7221c5e4b48a@group-9B0A8CBF8974-FollowerState] INFO  server.RaftServerConfigKeys (ConfUtils.java:logGet(46)) - raft.server.leaderelection.pre-vote = true (default)
2023-05-30 05:51:24,757 [be966552-930a-4dc9-b164-7221c5e4b48a@group-9B0A8CBF8974-FollowerState] INFO  impl.RoleInfo (RoleInfo.java:updateAndGet(139)) - be966552-930a-4dc9-b164-7221c5e4b48a: start be966552-930a-4dc9-b164-7221c5e4b48a@group-9B0A8CBF8974-LeaderElection15
2023-05-30 05:51:24,761 [be966552-930a-4dc9-b164-7221c5e4b48a@group-9B0A8CBF8974-LeaderElection15] INFO  impl.LeaderElection (LeaderElection.java:askForVotes(321)) - be966552-930a-4dc9-b164-7221c5e4b48a@group-9B0A8CBF8974-LeaderElection15 PRE_VOTE round 0: submit vote requests at term 0 for -1: peers:[be966552-930a-4dc9-b164-7221c5e4b48a|rpc:10.1.0.18:15076|admin:10.1.0.18:15075|client:10.1.0.18:15074|dataStream:10.1.0.18:15077|priority:1|startupRole:FOLLOWER]|listeners:[], old=null
2023-05-30 05:51:24,761 [be966552-930a-4dc9-b164-7221c5e4b48a@group-9B0A8CBF8974-LeaderElection15] INFO  impl.LeaderElection (LeaderElection.java:askForVotes(323)) - be966552-930a-4dc9-b164-7221c5e4b48a@group-9B0A8CBF8974-LeaderElection15 PRE_VOTE round 0: result PASSED (term=0)
2023-05-30 05:51:24,763 [be966552-930a-4dc9-b164-7221c5e4b48a@group-9B0A8CBF8974-LeaderElection15] INFO  impl.LeaderElection (LeaderElection.java:askForVotes(321)) - be966552-930a-4dc9-b164-7221c5e4b48a@group-9B0A8CBF8974-LeaderElection15 ELECTION round 0: submit vote requests at term 1 for -1: peers:[be966552-930a-4dc9-b164-7221c5e4b48a|rpc:10.1.0.18:15076|admin:10.1.0.18:15075|client:10.1.0.18:15074|dataStream:10.1.0.18:15077|priority:1|startupRole:FOLLOWER]|listeners:[], old=null
2023-05-30 05:51:24,763 [be966552-930a-4dc9-b164-7221c5e4b48a@group-9B0A8CBF8974-LeaderElection15] INFO  impl.LeaderElection (LeaderElection.java:askForVotes(323)) - be966552-930a-4dc9-b164-7221c5e4b48a@group-9B0A8CBF8974-LeaderElection15 ELECTION round 0: result PASSED (term=1)
2023-05-30 05:51:24,763 [be966552-930a-4dc9-b164-7221c5e4b48a@group-9B0A8CBF8974-LeaderElection15] INFO  impl.RoleInfo (RoleInfo.java:shutdownLeaderElection(130)) - be966552-930a-4dc9-b164-7221c5e4b48a: shutdown be966552-930a-4dc9-b164-7221c5e4b48a@group-9B0A8CBF8974-LeaderElection15
2023-05-30 05:51:24,763 [be966552-930a-4dc9-b164-7221c5e4b48a@group-9B0A8CBF8974-LeaderElection15] INFO  server.RaftServer$Division (RaftServerImpl.java:setRole(329)) - be966552-930a-4dc9-b164-7221c5e4b48a@group-9B0A8CBF8974: changes role from CANDIDATE to LEADER at term 1 for changeToLeader
2023-05-30 05:51:24,763 [be966552-930a-4dc9-b164-7221c5e4b48a@group-9B0A8CBF8974-LeaderElection15] INFO  ratis.XceiverServerRatis (XceiverServerRatis.java:handleLeaderChangedNotification(902)) - Leader change notification received for group: group-9B0A8CBF8974 with new leaderId: be966552-930a-4dc9-b164-7221c5e4b48a
2023-05-30 05:51:24,763 [be966552-930a-4dc9-b164-7221c5e4b48a@group-9B0A8CBF8974-LeaderElection15] INFO  server.RaftServer$Division (ServerState.java:setLeader(317)) - be966552-930a-4dc9-b164-7221c5e4b48a@group-9B0A8CBF8974: change Leader from null to be966552-930a-4dc9-b164-7221c5e4b48a at term 1 for becomeLeader, leader elected after 5207ms
2023-05-30 05:51:24,763 [be966552-930a-4dc9-b164-7221c5e4b48a@group-9B0A8CBF8974-LeaderElection15] INFO  server.RaftServerConfigKeys (ConfUtils.java:logGet(46)) - raft.server.staging.catchup.gap = 1000 (default)
2023-05-30 05:51:24,764 [be966552-930a-4dc9-b164-7221c5e4b48a@group-9B0A8CBF8974-LeaderElection15] INFO  server.RaftServerConfigKeys (ConfUtils.java:logGet(46)) - raft.server.write.element-limit = 1024 (custom)
2023-05-30 05:51:24,764 [be966552-930a-4dc9-b164-7221c5e4b48a@group-9B0A8CBF8974-LeaderElection15] INFO  server.RaftServerConfigKeys (ConfUtils.java:logGet(46)) - raft.server.write.byte-limit = 1024 M (=1073741824) (custom)
2023-05-30 05:51:24,764 [be966552-930a-4dc9-b164-7221c5e4b48a@group-9B0A8CBF8974-LeaderElection15] INFO  server.RaftServerConfigKeys (ConfUtils.java:logGet(46)) - raft.server.watch.timeout = 10000ms (default)
2023-05-30 05:51:24,764 [be966552-930a-4dc9-b164-7221c5e4b48a@group-9B0A8CBF8974-LeaderElection15] INFO  server.RaftServerConfigKeys (ConfUtils.java:logGet(46)) - raft.server.watch.timeout.denomination = 1s (default)
2023-05-30 05:51:24,764 [be966552-930a-4dc9-b164-7221c5e4b48a@group-9B0A8CBF8974-LeaderElection15] INFO  server.RaftServerConfigKeys (ConfUtils.java:logGet(46)) - raft.server.watch.element-limit = 65536 (default)
2023-05-30 05:51:24,764 [be966552-930a-4dc9-b164-7221c5e4b48a@group-9B0A8CBF8974-LeaderElection15] INFO  server.RaftServerConfigKeys (ConfUtils.java:logGet(46)) - raft.server.write.element-limit = 1024 (custom)
2023-05-30 05:51:24,764 [be966552-930a-4dc9-b164-7221c5e4b48a@group-9B0A8CBF8974-LeaderElection15] INFO  server.RaftServerConfigKeys (ConfUtils.java:logGet(46)) - raft.server.write.follower.gap.ratio.max = -1.0 (default)
2023-05-30 05:51:24,764 [be966552-930a-4dc9-b164-7221c5e4b48a@group-9B0A8CBF8974-LeaderElection15] INFO  impl.RoleInfo (RoleInfo.java:updateAndGet(139)) - be966552-930a-4dc9-b164-7221c5e4b48a: start be966552-930a-4dc9-b164-7221c5e4b48a@group-9B0A8CBF8974-LeaderStateImpl
2023-05-30 05:51:24,765 [be966552-930a-4dc9-b164-7221c5e4b48a@group-9B0A8CBF8974-LeaderElection15] INFO  segmented.SegmentedRaftLogWorker (SegmentedRaftLogWorker.java:startLogSegment(447)) - be966552-930a-4dc9-b164-7221c5e4b48a@group-9B0A8CBF8974-SegmentedRaftLogWorker: Starting segment from index:0
2023-05-30 05:51:24,766 [be966552-930a-4dc9-b164-7221c5e4b48a@group-9B0A8CBF8974-SegmentedRaftLogWorker] INFO  segmented.SegmentedRaftLogWorker (SegmentedRaftLogWorker.java:execute(651)) - be966552-930a-4dc9-b164-7221c5e4b48a@group-9B0A8CBF8974-SegmentedRaftLogWorker: created new log segment /home/runner/work/ozone/ozone/hadoop-ozone/integration-test/target/test-dir/MiniOzoneClusterImpl-e48a92f5-15eb-4a1f-8733-fd9493ac7566/datanode-1/data/ratis/dc03b02a-f86d-4f15-9830-9b0a8cbf8974/current/log_inprogress_0
2023-05-30 05:51:24,772 [be966552-930a-4dc9-b164-7221c5e4b48a@group-9B0A8CBF8974-LeaderElection15] INFO  server.RaftServer$Division (ServerState.java:setRaftConf(434)) - be966552-930a-4dc9-b164-7221c5e4b48a@group-9B0A8CBF8974: set configuration 0: peers:[be966552-930a-4dc9-b164-7221c5e4b48a|rpc:10.1.0.18:15076|admin:10.1.0.18:15075|client:10.1.0.18:15074|dataStream:10.1.0.18:15077|priority:1|startupRole:FOLLOWER]|listeners:[], old=null
2023-05-30 05:51:24,786 [setup] INFO  contract.AbstractFSContractTestBase (AbstractFSContractTestBase.java:setup(194)) - Test filesystem = o3fs://bucket03513.volume67650 implemented by OzoneFileSystem{URI=o3fs://bucket03513.volume67650, workingDir=o3fs://bucket03513.volume67650/user/runner, userName=runner, statistics=21506 bytes read, 23320 bytes written, 80 read ops, 0 large read ops, 45 write ops}
2023-05-30 05:51:24,794 [JUnit-testOverwriteNonEmptyDirectory[1]] INFO  contract.AbstractFSContractTestBase (AbstractFSContractTestBase.java:describe(278)) - verify trying to create a file over a non-empty dir fails, use builder API=false
2023-05-30 05:51:24,823 [IPC Server handler 0 on default port 15054] INFO  ha.SequenceIdGenerator (SequenceIdGenerator.java:getNextId(128)) - Allocate a batch for containerId, change lastId from 0 to 1000.
2023-05-30 05:51:24,824 [IPC Server handler 0 on default port 15054] WARN  ha.SequenceIdGenerator (SequenceIdGenerator.java:allocateBatch(237)) - Failed to allocate a batch for localId, expected lastId is 0, actual lastId is 111677748019200000.
2023-05-30 05:51:24,824 [IPC Server handler 0 on default port 15054] INFO  ha.SequenceIdGenerator (SequenceIdGenerator.java:getNextId(128)) - Allocate a batch for localId, change lastId from 111677748019200000 to 111677748019201000.
05:51:24.930 [OM StateMachine ApplyTransaction Thread - 0] ERROR OMAudit - user=runner | ip=127.0.0.1 | op=CREATE_FILE {volume=volume67650, bucket=bucket03513, key=test/testOverwriteNonEmptyDirectory, dataSize=4194304, replicationType=RATIS, replicationFactor=ONE} | ret=FAILURE
org.apache.hadoop.ozone.om.exceptions.OMException: Can not write to directory: test/testOverwriteNonEmptyDirectory
	at org.apache.hadoop.ozone.om.request.file.OMFileCreateRequest.checkDirectoryResult(OMFileCreateRequest.java:363) ~[ozone-manager-1.4.0-SNAPSHOT.jar:?]
	at org.apache.hadoop.ozone.om.request.file.OMFileCreateRequest.validateAndUpdateCache(OMFileCreateRequest.java:238) ~[ozone-manager-1.4.0-SNAPSHOT.jar:?]
	at org.apache.hadoop.ozone.protocolPB.OzoneManagerRequestHandler.handleWriteRequest(OzoneManagerRequestHandler.java:337) ~[ozone-manager-1.4.0-SNAPSHOT.jar:?]
	at org.apache.hadoop.ozone.om.ratis.OzoneManagerStateMachine.runCommand(OzoneManagerStateMachine.java:567) ~[ozone-manager-1.4.0-SNAPSHOT.jar:?]
	at org.apache.hadoop.ozone.om.ratis.OzoneManagerStateMachine.lambda$1(OzoneManagerStateMachine.java:358) ~[ozone-manager-1.4.0-SNAPSHOT.jar:?]
	at java.util.concurrent.CompletableFuture$AsyncSupply.run(CompletableFuture.java:1604) [?:1.8.0_362]
	at java.util.concurrent.ThreadPoolExecutor.runWorker(ThreadPoolExecutor.java:1149) [?:1.8.0_362]
	at java.util.concurrent.ThreadPoolExecutor$Worker.run(ThreadPoolExecutor.java:624) [?:1.8.0_362]
	at java.lang.Thread.run(Thread.java:750) [?:1.8.0_362]
2023-05-30 05:51:24,931 [OM StateMachine ApplyTransaction Thread - 0] ERROR file.OMFileCreateRequest (OMFileCreateRequest.java:validateAndUpdateCache(336)) - File create failed. Volume:volume67650, Bucket:bucket03513, Keytest/testOverwriteNonEmptyDirectory.
NOT_A_FILE org.apache.hadoop.ozone.om.exceptions.OMException: Can not write to directory: test/testOverwriteNonEmptyDirectory
	at org.apache.hadoop.ozone.om.request.file.OMFileCreateRequest.checkDirectoryResult(OMFileCreateRequest.java:363)
	at org.apache.hadoop.ozone.om.request.file.OMFileCreateRequest.validateAndUpdateCache(OMFileCreateRequest.java:238)
	at org.apache.hadoop.ozone.protocolPB.OzoneManagerRequestHandler.handleWriteRequest(OzoneManagerRequestHandler.java:337)
	at org.apache.hadoop.ozone.om.ratis.OzoneManagerStateMachine.runCommand(OzoneManagerStateMachine.java:567)
	at org.apache.hadoop.ozone.om.ratis.OzoneManagerStateMachine.lambda$1(OzoneManagerStateMachine.java:358)
	at java.util.concurrent.CompletableFuture$AsyncSupply.run(CompletableFuture.java:1604)
	at java.util.concurrent.ThreadPoolExecutor.runWorker(ThreadPoolExecutor.java:1149)
	at java.util.concurrent.ThreadPoolExecutor$Worker.run(ThreadPoolExecutor.java:624)
	at java.lang.Thread.run(Thread.java:750)
2023-05-30 05:51:24,960 [JUnit-testOverwriteNonEmptyDirectory[1]] INFO  contract.AbstractFSContractTestBase (AbstractFSContractTestBase.java:describe(278)) - verify trying to create a file over a non-empty dir fails, use builder API=true
2023-05-30 05:51:25,411 [JvmPauseMonitor6] WARN  util.JvmPauseMonitor (JvmPauseMonitor.java:detectPause(124)) - JvmPauseMonitor-om1: Detected pause in JVM or host machine approximately 0.103s with 0.415s GC time.
GC pool 'PS MarkSweep' had collection(s): count=1 time=295ms
GC pool 'PS Scavenge' had collection(s): count=1 time=120ms
2023-05-30 05:51:25,411 [JvmPauseMonitor9] WARN  util.JvmPauseMonitor (JvmPauseMonitor.java:detectPause(124)) - JvmPauseMonitor-86ce2dc3-e244-48ce-a353-aea1892a305a: Detected pause in JVM or host machine approximately 0.421s with 0.415s GC time.
GC pool 'PS MarkSweep' had collection(s): count=1 time=295ms
GC pool 'PS Scavenge' had collection(s): count=1 time=120ms
2023-05-30 05:51:25,412 [JvmPauseMonitor8] WARN  util.JvmPauseMonitor (JvmPauseMonitor.java:detectPause(124)) - JvmPauseMonitor-be966552-930a-4dc9-b164-7221c5e4b48a: Detected pause in JVM or host machine approximately 0.299s with 0.415s GC time.
GC pool 'PS MarkSweep' had collection(s): count=1 time=295ms
GC pool 'PS Scavenge' had collection(s): count=1 time=120ms
2023-05-30 05:51:25,412 [86ce2dc3-e244-48ce-a353-aea1892a305a@group-9101922744C1-FollowerState] INFO  impl.FollowerState (FollowerState.java:run(143)) - 86ce2dc3-e244-48ce-a353-aea1892a305a@group-9101922744C1-FollowerState: change to CANDIDATE, lastRpcElapsedTime:5461308994ns, electionTimeout:5168ms
2023-05-30 05:51:25,412 [86ce2dc3-e244-48ce-a353-aea1892a305a@group-9101922744C1-FollowerState] INFO  impl.RoleInfo (RoleInfo.java:shutdownFollowerState(110)) - 86ce2dc3-e244-48ce-a353-aea1892a305a: shutdown 86ce2dc3-e244-48ce-a353-aea1892a305a@group-9101922744C1-FollowerState
2023-05-30 05:51:25,413 [86ce2dc3-e244-48ce-a353-aea1892a305a@group-9101922744C1-FollowerState] INFO  server.RaftServer$Division (RaftServerImpl.java:setRole(329)) - 86ce2dc3-e244-48ce-a353-aea1892a305a@group-9101922744C1: changes role from  FOLLOWER to CANDIDATE at term 0 for changeToCandidate
2023-05-30 05:51:25,413 [86ce2dc3-e244-48ce-a353-aea1892a305a@group-9101922744C1-FollowerState] INFO  server.RaftServerConfigKeys (ConfUtils.java:logGet(46)) - raft.server.leaderelection.pre-vote = true (default)
2023-05-30 05:51:25,413 [86ce2dc3-e244-48ce-a353-aea1892a305a@group-9101922744C1-FollowerState] INFO  impl.RoleInfo (RoleInfo.java:updateAndGet(139)) - 86ce2dc3-e244-48ce-a353-aea1892a305a: start 86ce2dc3-e244-48ce-a353-aea1892a305a@group-9101922744C1-LeaderElection16
2023-05-30 05:51:25,438 [86ce2dc3-e244-48ce-a353-aea1892a305a@group-9101922744C1-LeaderElection16] INFO  impl.LeaderElection (LeaderElection.java:askForVotes(321)) - 86ce2dc3-e244-48ce-a353-aea1892a305a@group-9101922744C1-LeaderElection16 PRE_VOTE round 0: submit vote requests at term 0 for -1: peers:[86ce2dc3-e244-48ce-a353-aea1892a305a|rpc:10.1.0.18:15085|admin:10.1.0.18:15084|client:10.1.0.18:15083|dataStream:10.1.0.18:15086|priority:1|startupRole:FOLLOWER]|listeners:[], old=null
2023-05-30 05:51:25,439 [86ce2dc3-e244-48ce-a353-aea1892a305a@group-9101922744C1-LeaderElection16] INFO  impl.LeaderElection (LeaderElection.java:askForVotes(323)) - 86ce2dc3-e244-48ce-a353-aea1892a305a@group-9101922744C1-LeaderElection16 PRE_VOTE round 0: result PASSED (term=0)
2023-05-30 05:51:25,441 [86ce2dc3-e244-48ce-a353-aea1892a305a@group-9101922744C1-LeaderElection16] INFO  impl.LeaderElection (LeaderElection.java:askForVotes(321)) - 86ce2dc3-e244-48ce-a353-aea1892a305a@group-9101922744C1-LeaderElection16 ELECTION round 0: submit vote requests at term 1 for -1: peers:[86ce2dc3-e244-48ce-a353-aea1892a305a|rpc:10.1.0.18:15085|admin:10.1.0.18:15084|client:10.1.0.18:15083|dataStream:10.1.0.18:15086|priority:1|startupRole:FOLLOWER]|listeners:[], old=null
2023-05-30 05:51:25,441 [86ce2dc3-e244-48ce-a353-aea1892a305a@group-9101922744C1-LeaderElection16] INFO  impl.LeaderElection (LeaderElection.java:askForVotes(323)) - 86ce2dc3-e244-48ce-a353-aea1892a305a@group-9101922744C1-LeaderElection16 ELECTION round 0: result PASSED (term=1)
2023-05-30 05:51:25,441 [86ce2dc3-e244-48ce-a353-aea1892a305a@group-9101922744C1-LeaderElection16] INFO  impl.RoleInfo (RoleInfo.java:shutdownLeaderElection(130)) - 86ce2dc3-e244-48ce-a353-aea1892a305a: shutdown 86ce2dc3-e244-48ce-a353-aea1892a305a@group-9101922744C1-LeaderElection16
2023-05-30 05:51:25,441 [86ce2dc3-e244-48ce-a353-aea1892a305a@group-9101922744C1-LeaderElection16] INFO  server.RaftServer$Division (RaftServerImpl.java:setRole(329)) - 86ce2dc3-e244-48ce-a353-aea1892a305a@group-9101922744C1: changes role from CANDIDATE to LEADER at term 1 for changeToLeader
2023-05-30 05:51:25,441 [86ce2dc3-e244-48ce-a353-aea1892a305a@group-9101922744C1-LeaderElection16] INFO  ratis.XceiverServerRatis (XceiverServerRatis.java:handleLeaderChangedNotification(902)) - Leader change notification received for group: group-9101922744C1 with new leaderId: 86ce2dc3-e244-48ce-a353-aea1892a305a
2023-05-30 05:51:25,441 [86ce2dc3-e244-48ce-a353-aea1892a305a@group-9101922744C1-LeaderElection16] INFO  server.RaftServer$Division (ServerState.java:setLeader(317)) - 86ce2dc3-e244-48ce-a353-aea1892a305a@group-9101922744C1: change Leader from null to 86ce2dc3-e244-48ce-a353-aea1892a305a at term 1 for becomeLeader, leader elected after 5510ms
2023-05-30 05:51:25,441 [86ce2dc3-e244-48ce-a353-aea1892a305a@group-9101922744C1-LeaderElection16] INFO  server.RaftServerConfigKeys (ConfUtils.java:logGet(46)) - raft.server.staging.catchup.gap = 1000 (default)
2023-05-30 05:51:25,441 [86ce2dc3-e244-48ce-a353-aea1892a305a@group-9101922744C1-LeaderElection16] INFO  server.RaftServerConfigKeys (ConfUtils.java:logGet(46)) - raft.server.write.element-limit = 1024 (custom)
2023-05-30 05:51:25,441 [86ce2dc3-e244-48ce-a353-aea1892a305a@group-9101922744C1-LeaderElection16] INFO  server.RaftServerConfigKeys (ConfUtils.java:logGet(46)) - raft.server.write.byte-limit = 1024 M (=1073741824) (custom)
2023-05-30 05:51:25,450 [86ce2dc3-e244-48ce-a353-aea1892a305a@group-9101922744C1-LeaderElection16] INFO  server.RaftServerConfigKeys (ConfUtils.java:logGet(46)) - raft.server.watch.timeout = 10000ms (default)
2023-05-30 05:51:25,450 [86ce2dc3-e244-48ce-a353-aea1892a305a@group-9101922744C1-LeaderElection16] INFO  server.RaftServerConfigKeys (ConfUtils.java:logGet(46)) - raft.server.watch.timeout.denomination = 1s (default)
2023-05-30 05:51:25,450 [86ce2dc3-e244-48ce-a353-aea1892a305a@group-9101922744C1-LeaderElection16] INFO  server.RaftServerConfigKeys (ConfUtils.java:logGet(46)) - raft.server.watch.element-limit = 65536 (default)
2023-05-30 05:51:25,450 [86ce2dc3-e244-48ce-a353-aea1892a305a@group-9101922744C1-LeaderElection16] INFO  server.RaftServerConfigKeys (ConfUtils.java:logGet(46)) - raft.server.write.element-limit = 1024 (custom)
2023-05-30 05:51:25,450 [86ce2dc3-e244-48ce-a353-aea1892a305a@group-9101922744C1-LeaderElection16] INFO  server.RaftServerConfigKeys (ConfUtils.java:logGet(46)) - raft.server.write.follower.gap.ratio.max = -1.0 (default)
2023-05-30 05:51:25,450 [86ce2dc3-e244-48ce-a353-aea1892a305a@group-9101922744C1-LeaderElection16] INFO  impl.RoleInfo (RoleInfo.java:updateAndGet(139)) - 86ce2dc3-e244-48ce-a353-aea1892a305a: start 86ce2dc3-e244-48ce-a353-aea1892a305a@group-9101922744C1-LeaderStateImpl
2023-05-30 05:51:25,451 [86ce2dc3-e244-48ce-a353-aea1892a305a@group-9101922744C1-LeaderElection16] INFO  segmented.SegmentedRaftLogWorker (SegmentedRaftLogWorker.java:startLogSegment(447)) - 86ce2dc3-e244-48ce-a353-aea1892a305a@group-9101922744C1-SegmentedRaftLogWorker: Starting segment from index:0
2023-05-30 05:51:25,463 [86ce2dc3-e244-48ce-a353-aea1892a305a@group-9101922744C1-LeaderElection16] INFO  server.RaftServer$Division (ServerState.java:setRaftConf(434)) - 86ce2dc3-e244-48ce-a353-aea1892a305a@group-9101922744C1: set configuration 0: peers:[86ce2dc3-e244-48ce-a353-aea1892a305a|rpc:10.1.0.18:15085|admin:10.1.0.18:15084|client:10.1.0.18:15083|dataStream:10.1.0.18:15086|priority:1|startupRole:FOLLOWER]|listeners:[], old=null
2023-05-30 05:51:25,464 [86ce2dc3-e244-48ce-a353-aea1892a305a@group-9101922744C1-SegmentedRaftLogWorker] INFO  segmented.SegmentedRaftLogWorker (SegmentedRaftLogWorker.java:execute(651)) - 86ce2dc3-e244-48ce-a353-aea1892a305a@group-9101922744C1-SegmentedRaftLogWorker: created new log segment /home/runner/work/ozone/ozone/hadoop-ozone/integration-test/target/test-dir/MiniOzoneClusterImpl-e48a92f5-15eb-4a1f-8733-fd9493ac7566/datanode-2/data/ratis/e08f2cd6-22da-4e6a-adde-9101922744c1/current/log_inprogress_0
05:51:25.477 [OM StateMachine ApplyTransaction Thread - 0] ERROR OMAudit - user=runner | ip=127.0.0.1 | op=CREATE_FILE {volume=volume67650, bucket=bucket03513, key=test/testOverwriteNonEmptyDirectory, dataSize=4194304, replicationType=RATIS, replicationFactor=ONE} | ret=FAILURE
org.apache.hadoop.ozone.om.exceptions.OMException: Can not write to directory: test/testOverwriteNonEmptyDirectory
	at org.apache.hadoop.ozone.om.request.file.OMFileCreateRequest.checkDirectoryResult(OMFileCreateRequest.java:363) ~[ozone-manager-1.4.0-SNAPSHOT.jar:?]
	at org.apache.hadoop.ozone.om.request.file.OMFileCreateRequest.validateAndUpdateCache(OMFileCreateRequest.java:238) ~[ozone-manager-1.4.0-SNAPSHOT.jar:?]
	at org.apache.hadoop.ozone.protocolPB.OzoneManagerRequestHandler.handleWriteRequest(OzoneManagerRequestHandler.java:337) ~[ozone-manager-1.4.0-SNAPSHOT.jar:?]
	at org.apache.hadoop.ozone.om.ratis.OzoneManagerStateMachine.runCommand(OzoneManagerStateMachine.java:567) ~[ozone-manager-1.4.0-SNAPSHOT.jar:?]
	at org.apache.hadoop.ozone.om.ratis.OzoneManagerStateMachine.lambda$1(OzoneManagerStateMachine.java:358) ~[ozone-manager-1.4.0-SNAPSHOT.jar:?]
	at java.util.concurrent.CompletableFuture$AsyncSupply.run(CompletableFuture.java:1604) [?:1.8.0_362]
	at java.util.concurrent.ThreadPoolExecutor.runWorker(ThreadPoolExecutor.java:1149) [?:1.8.0_362]
	at java.util.concurrent.ThreadPoolExecutor$Worker.run(ThreadPoolExecutor.java:624) [?:1.8.0_362]
	at java.lang.Thread.run(Thread.java:750) [?:1.8.0_362]
2023-05-30 05:51:25,477 [OM StateMachine ApplyTransaction Thread - 0] ERROR file.OMFileCreateRequest (OMFileCreateRequest.java:validateAndUpdateCache(336)) - File create failed. Volume:volume67650, Bucket:bucket03513, Keytest/testOverwriteNonEmptyDirectory.
NOT_A_FILE org.apache.hadoop.ozone.om.exceptions.OMException: Can not write to directory: test/testOverwriteNonEmptyDirectory
	at org.apache.hadoop.ozone.om.request.file.OMFileCreateRequest.checkDirectoryResult(OMFileCreateRequest.java:363)
	at org.apache.hadoop.ozone.om.request.file.OMFileCreateRequest.validateAndUpdateCache(OMFileCreateRequest.java:238)
	at org.apache.hadoop.ozone.protocolPB.OzoneManagerRequestHandler.handleWriteRequest(OzoneManagerRequestHandler.java:337)
	at org.apache.hadoop.ozone.om.ratis.OzoneManagerStateMachine.runCommand(OzoneManagerStateMachine.java:567)
	at org.apache.hadoop.ozone.om.ratis.OzoneManagerStateMachine.lambda$1(OzoneManagerStateMachine.java:358)
	at java.util.concurrent.CompletableFuture$AsyncSupply.run(CompletableFuture.java:1604)
	at java.util.concurrent.ThreadPoolExecutor.runWorker(ThreadPoolExecutor.java:1149)
	at java.util.concurrent.ThreadPoolExecutor$Worker.run(ThreadPoolExecutor.java:624)
	at java.lang.Thread.run(Thread.java:750)
2023-05-30 05:51:25,478 [5a6be6a9-c9d4-4a94-9994-4634fa86fc33@group-68EFCFCB6323-FollowerState] INFO  impl.FollowerState (FollowerState.java:run(143)) - 5a6be6a9-c9d4-4a94-9994-4634fa86fc33@group-68EFCFCB6323-FollowerState: change to CANDIDATE, lastRpcElapsedTime:5142426026ns, electionTimeout:5138ms
2023-05-30 05:51:25,484 [5a6be6a9-c9d4-4a94-9994-4634fa86fc33@group-68EFCFCB6323-FollowerState] INFO  impl.RoleInfo (RoleInfo.java:shutdownFollowerState(110)) - 5a6be6a9-c9d4-4a94-9994-4634fa86fc33: shutdown 5a6be6a9-c9d4-4a94-9994-4634fa86fc33@group-68EFCFCB6323-FollowerState
2023-05-30 05:51:25,484 [5a6be6a9-c9d4-4a94-9994-4634fa86fc33@group-68EFCFCB6323-FollowerState] INFO  server.RaftServer$Division (RaftServerImpl.java:setRole(329)) - 5a6be6a9-c9d4-4a94-9994-4634fa86fc33@group-68EFCFCB6323: changes role from  FOLLOWER to CANDIDATE at term 0 for changeToCandidate
2023-05-30 05:51:25,484 [5a6be6a9-c9d4-4a94-9994-4634fa86fc33@group-68EFCFCB6323-FollowerState] INFO  server.RaftServerConfigKeys (ConfUtils.java:logGet(46)) - raft.server.leaderelection.pre-vote = true (default)
2023-05-30 05:51:25,484 [5a6be6a9-c9d4-4a94-9994-4634fa86fc33@group-68EFCFCB6323-FollowerState] INFO  impl.RoleInfo (RoleInfo.java:updateAndGet(139)) - 5a6be6a9-c9d4-4a94-9994-4634fa86fc33: start 5a6be6a9-c9d4-4a94-9994-4634fa86fc33@group-68EFCFCB6323-LeaderElection17
2023-05-30 05:51:25,491 [5a6be6a9-c9d4-4a94-9994-4634fa86fc33@group-68EFCFCB6323-LeaderElection17] INFO  impl.LeaderElection (LeaderElection.java:askForVotes(321)) - 5a6be6a9-c9d4-4a94-9994-4634fa86fc33@group-68EFCFCB6323-LeaderElection17 PRE_VOTE round 0: submit vote requests at term 0 for -1: peers:[5a6be6a9-c9d4-4a94-9994-4634fa86fc33|rpc:10.1.0.18:15094|admin:10.1.0.18:15093|client:10.1.0.18:15092|dataStream:10.1.0.18:15095|priority:1|startupRole:FOLLOWER]|listeners:[], old=null
2023-05-30 05:51:25,491 [5a6be6a9-c9d4-4a94-9994-4634fa86fc33@group-68EFCFCB6323-LeaderElection17] INFO  impl.LeaderElection (LeaderElection.java:askForVotes(323)) - 5a6be6a9-c9d4-4a94-9994-4634fa86fc33@group-68EFCFCB6323-LeaderElection17 PRE_VOTE round 0: result PASSED (term=0)
]]></system-out>
  </testcase>
  <testcase name="testCreateFileUnderFile" classname="ITestOzoneContractCreate" time="0.223">
    <system-out><![CDATA[2023-05-30 05:51:02,676 [setup] INFO  rpc.RpcClient (RpcClient.java:createVolume(459)) - Creating Volume: volume03113, with user37430 as owner and space quota set to -1 bytes, counts quota set to -1
2023-05-30 05:51:02,684 [OM StateMachine ApplyTransaction Thread - 0] INFO  volume.OMVolumeCreateRequest (OMVolumeCreateRequest.java:validateAndUpdateCache(196)) - created volume:volume03113 for user:user37430
2023-05-30 05:51:02,688 [setup] INFO  rpc.RpcClient (RpcClient.java:createBucket(686)) - Creating Bucket: volume03113/bucket12412, with bucket layout LEGACY, runner as owner, Versioning false, Storage Type set to DISK and Encryption set to false, Replication Type set to server-side default replication type, Namespace Quota set to -1, Space Quota set to -1 
2023-05-30 05:51:02,692 [OM StateMachine ApplyTransaction Thread - 0] INFO  bucket.OMBucketCreateRequest (OMBucketCreateRequest.java:validateAndUpdateCache(270)) - created bucket: bucket12412 of layout LEGACY in volume: volume03113
2023-05-30 05:51:02,768 [setup] INFO  contract.AbstractFSContractTestBase (AbstractFSContractTestBase.java:setup(194)) - Test filesystem = o3fs://bucket12412.volume03113 implemented by OzoneFileSystem{URI=o3fs://bucket12412.volume03113, workingDir=o3fs://bucket12412.volume03113/user/runner, userName=runner, statistics=0 bytes read, 20 bytes written, 10 read ops, 0 large read ops, 5 write ops}
2023-05-30 05:51:02,777 [JUnit-testCreateFileUnderFile[0]] INFO  contract.AbstractFSContractTestBase (AbstractFSContractTestBase.java:describe(278)) - Verify that it is forbidden to create file/file
05:51:02.865 [OM StateMachine ApplyTransaction Thread - 0] ERROR OMAudit - user=runner | ip=127.0.0.1 | op=CREATE_FILE {volume=volume03113, bucket=bucket12412, key=test/testCreateFileUnderFile[0]/parent, dataSize=4194304, replicationType=RATIS, replicationFactor=ONE} | ret=FAILURE
org.apache.hadoop.ozone.om.exceptions.OMException: Can not create file: test/testCreateFileUnderFile[0]/parent as there is already file in the given path
	at org.apache.hadoop.ozone.om.request.file.OMFileCreateRequest.checkDirectoryResult(OMFileCreateRequest.java:366) ~[ozone-manager-1.4.0-SNAPSHOT.jar:?]
	at org.apache.hadoop.ozone.om.request.file.OMFileCreateRequest.validateAndUpdateCache(OMFileCreateRequest.java:238) ~[ozone-manager-1.4.0-SNAPSHOT.jar:?]
	at org.apache.hadoop.ozone.protocolPB.OzoneManagerRequestHandler.handleWriteRequest(OzoneManagerRequestHandler.java:337) ~[ozone-manager-1.4.0-SNAPSHOT.jar:?]
	at org.apache.hadoop.ozone.om.ratis.OzoneManagerStateMachine.runCommand(OzoneManagerStateMachine.java:567) ~[ozone-manager-1.4.0-SNAPSHOT.jar:?]
	at org.apache.hadoop.ozone.om.ratis.OzoneManagerStateMachine.lambda$1(OzoneManagerStateMachine.java:358) ~[ozone-manager-1.4.0-SNAPSHOT.jar:?]
	at java.util.concurrent.CompletableFuture$AsyncSupply.run(CompletableFuture.java:1604) [?:1.8.0_362]
	at java.util.concurrent.ThreadPoolExecutor.runWorker(ThreadPoolExecutor.java:1149) [?:1.8.0_362]
	at java.util.concurrent.ThreadPoolExecutor$Worker.run(ThreadPoolExecutor.java:624) [?:1.8.0_362]
	at java.lang.Thread.run(Thread.java:750) [?:1.8.0_362]
2023-05-30 05:51:02,865 [OM StateMachine ApplyTransaction Thread - 0] ERROR file.OMFileCreateRequest (OMFileCreateRequest.java:validateAndUpdateCache(336)) - File create failed. Volume:volume03113, Bucket:bucket12412, Keytest/testCreateFileUnderFile[0]/parent.
NOT_A_FILE org.apache.hadoop.ozone.om.exceptions.OMException: Can not create file: test/testCreateFileUnderFile[0]/parent as there is already file in the given path
	at org.apache.hadoop.ozone.om.request.file.OMFileCreateRequest.checkDirectoryResult(OMFileCreateRequest.java:366)
	at org.apache.hadoop.ozone.om.request.file.OMFileCreateRequest.validateAndUpdateCache(OMFileCreateRequest.java:238)
	at org.apache.hadoop.ozone.protocolPB.OzoneManagerRequestHandler.handleWriteRequest(OzoneManagerRequestHandler.java:337)
	at org.apache.hadoop.ozone.om.ratis.OzoneManagerStateMachine.runCommand(OzoneManagerStateMachine.java:567)
	at org.apache.hadoop.ozone.om.ratis.OzoneManagerStateMachine.lambda$1(OzoneManagerStateMachine.java:358)
	at java.util.concurrent.CompletableFuture$AsyncSupply.run(CompletableFuture.java:1604)
	at java.util.concurrent.ThreadPoolExecutor.runWorker(ThreadPoolExecutor.java:1149)
	at java.util.concurrent.ThreadPoolExecutor$Worker.run(ThreadPoolExecutor.java:624)
	at java.lang.Thread.run(Thread.java:750)
]]></system-out>
  </testcase>
  <testcase name="testCreateFileUnderFile" classname="ITestOzoneContractCreate" time="0.18">
    <system-out><![CDATA[2023-05-30 05:51:25,502 [5a6be6a9-c9d4-4a94-9994-4634fa86fc33@group-68EFCFCB6323-LeaderElection17] INFO  impl.LeaderElection (LeaderElection.java:askForVotes(321)) - 5a6be6a9-c9d4-4a94-9994-4634fa86fc33@group-68EFCFCB6323-LeaderElection17 ELECTION round 0: submit vote requests at term 1 for -1: peers:[5a6be6a9-c9d4-4a94-9994-4634fa86fc33|rpc:10.1.0.18:15094|admin:10.1.0.18:15093|client:10.1.0.18:15092|dataStream:10.1.0.18:15095|priority:1|startupRole:FOLLOWER]|listeners:[], old=null
2023-05-30 05:51:25,502 [5a6be6a9-c9d4-4a94-9994-4634fa86fc33@group-68EFCFCB6323-LeaderElection17] INFO  impl.LeaderElection (LeaderElection.java:askForVotes(323)) - 5a6be6a9-c9d4-4a94-9994-4634fa86fc33@group-68EFCFCB6323-LeaderElection17 ELECTION round 0: result PASSED (term=1)
2023-05-30 05:51:25,502 [5a6be6a9-c9d4-4a94-9994-4634fa86fc33@group-68EFCFCB6323-LeaderElection17] INFO  impl.RoleInfo (RoleInfo.java:shutdownLeaderElection(130)) - 5a6be6a9-c9d4-4a94-9994-4634fa86fc33: shutdown 5a6be6a9-c9d4-4a94-9994-4634fa86fc33@group-68EFCFCB6323-LeaderElection17
2023-05-30 05:51:25,502 [5a6be6a9-c9d4-4a94-9994-4634fa86fc33@group-68EFCFCB6323-LeaderElection17] INFO  server.RaftServer$Division (RaftServerImpl.java:setRole(329)) - 5a6be6a9-c9d4-4a94-9994-4634fa86fc33@group-68EFCFCB6323: changes role from CANDIDATE to LEADER at term 1 for changeToLeader
2023-05-30 05:51:25,502 [5a6be6a9-c9d4-4a94-9994-4634fa86fc33@group-68EFCFCB6323-LeaderElection17] INFO  ratis.XceiverServerRatis (XceiverServerRatis.java:handleLeaderChangedNotification(902)) - Leader change notification received for group: group-68EFCFCB6323 with new leaderId: 5a6be6a9-c9d4-4a94-9994-4634fa86fc33
2023-05-30 05:51:25,503 [5a6be6a9-c9d4-4a94-9994-4634fa86fc33@group-68EFCFCB6323-LeaderElection17] INFO  server.RaftServer$Division (ServerState.java:setLeader(317)) - 5a6be6a9-c9d4-4a94-9994-4634fa86fc33@group-68EFCFCB6323: change Leader from null to 5a6be6a9-c9d4-4a94-9994-4634fa86fc33 at term 1 for becomeLeader, leader elected after 5183ms
2023-05-30 05:51:25,503 [5a6be6a9-c9d4-4a94-9994-4634fa86fc33@group-68EFCFCB6323-LeaderElection17] INFO  server.RaftServerConfigKeys (ConfUtils.java:logGet(46)) - raft.server.staging.catchup.gap = 1000 (default)
2023-05-30 05:51:25,503 [5a6be6a9-c9d4-4a94-9994-4634fa86fc33@group-68EFCFCB6323-LeaderElection17] INFO  server.RaftServerConfigKeys (ConfUtils.java:logGet(46)) - raft.server.write.element-limit = 1024 (custom)
2023-05-30 05:51:25,504 [5a6be6a9-c9d4-4a94-9994-4634fa86fc33@group-68EFCFCB6323-LeaderElection17] INFO  server.RaftServerConfigKeys (ConfUtils.java:logGet(46)) - raft.server.write.byte-limit = 1024 M (=1073741824) (custom)
2023-05-30 05:51:25,504 [5a6be6a9-c9d4-4a94-9994-4634fa86fc33@group-68EFCFCB6323-LeaderElection17] INFO  server.RaftServerConfigKeys (ConfUtils.java:logGet(46)) - raft.server.watch.timeout = 10000ms (default)
2023-05-30 05:51:25,505 [5a6be6a9-c9d4-4a94-9994-4634fa86fc33@group-68EFCFCB6323-LeaderElection17] INFO  server.RaftServerConfigKeys (ConfUtils.java:logGet(46)) - raft.server.watch.timeout.denomination = 1s (default)
2023-05-30 05:51:25,505 [5a6be6a9-c9d4-4a94-9994-4634fa86fc33@group-68EFCFCB6323-LeaderElection17] INFO  server.RaftServerConfigKeys (ConfUtils.java:logGet(46)) - raft.server.watch.element-limit = 65536 (default)
2023-05-30 05:51:25,505 [5a6be6a9-c9d4-4a94-9994-4634fa86fc33@group-68EFCFCB6323-LeaderElection17] INFO  server.RaftServerConfigKeys (ConfUtils.java:logGet(46)) - raft.server.write.element-limit = 1024 (custom)
2023-05-30 05:51:25,505 [5a6be6a9-c9d4-4a94-9994-4634fa86fc33@group-68EFCFCB6323-LeaderElection17] INFO  server.RaftServerConfigKeys (ConfUtils.java:logGet(46)) - raft.server.write.follower.gap.ratio.max = -1.0 (default)
2023-05-30 05:51:25,505 [5a6be6a9-c9d4-4a94-9994-4634fa86fc33@group-68EFCFCB6323-LeaderElection17] INFO  impl.RoleInfo (RoleInfo.java:updateAndGet(139)) - 5a6be6a9-c9d4-4a94-9994-4634fa86fc33: start 5a6be6a9-c9d4-4a94-9994-4634fa86fc33@group-68EFCFCB6323-LeaderStateImpl
2023-05-30 05:51:25,505 [5a6be6a9-c9d4-4a94-9994-4634fa86fc33@group-68EFCFCB6323-LeaderElection17] INFO  segmented.SegmentedRaftLogWorker (SegmentedRaftLogWorker.java:startLogSegment(447)) - 5a6be6a9-c9d4-4a94-9994-4634fa86fc33@group-68EFCFCB6323-SegmentedRaftLogWorker: Starting segment from index:0
2023-05-30 05:51:25,507 [5a6be6a9-c9d4-4a94-9994-4634fa86fc33@group-68EFCFCB6323-LeaderElection17] INFO  server.RaftServer$Division (ServerState.java:setRaftConf(434)) - 5a6be6a9-c9d4-4a94-9994-4634fa86fc33@group-68EFCFCB6323: set configuration 0: peers:[5a6be6a9-c9d4-4a94-9994-4634fa86fc33|rpc:10.1.0.18:15094|admin:10.1.0.18:15093|client:10.1.0.18:15092|dataStream:10.1.0.18:15095|priority:1|startupRole:FOLLOWER]|listeners:[], old=null
2023-05-30 05:51:25,507 [5a6be6a9-c9d4-4a94-9994-4634fa86fc33@group-68EFCFCB6323-SegmentedRaftLogWorker] INFO  segmented.SegmentedRaftLogWorker (SegmentedRaftLogWorker.java:execute(651)) - 5a6be6a9-c9d4-4a94-9994-4634fa86fc33@group-68EFCFCB6323-SegmentedRaftLogWorker: created new log segment /home/runner/work/ozone/ozone/hadoop-ozone/integration-test/target/test-dir/MiniOzoneClusterImpl-e48a92f5-15eb-4a1f-8733-fd9493ac7566/datanode-3/data/ratis/95d2ff6a-4977-4744-951f-68efcfcb6323/current/log_inprogress_0
2023-05-30 05:51:25,528 [setup] INFO  rpc.RpcClient (RpcClient.java:createVolume(459)) - Creating Volume: volume76099, with user23837 as owner and space quota set to -1 bytes, counts quota set to -1
2023-05-30 05:51:25,533 [OM StateMachine ApplyTransaction Thread - 0] INFO  volume.OMVolumeCreateRequest (OMVolumeCreateRequest.java:validateAndUpdateCache(196)) - created volume:volume76099 for user:user23837
2023-05-30 05:51:25,535 [setup] INFO  rpc.RpcClient (RpcClient.java:createBucket(686)) - Creating Bucket: volume76099/bucket63098, with bucket layout LEGACY, runner as owner, Versioning false, Storage Type set to DISK and Encryption set to false, Replication Type set to server-side default replication type, Namespace Quota set to -1, Space Quota set to -1 
2023-05-30 05:51:25,538 [OM StateMachine ApplyTransaction Thread - 0] INFO  bucket.OMBucketCreateRequest (OMBucketCreateRequest.java:validateAndUpdateCache(270)) - created bucket: bucket63098 of layout LEGACY in volume: volume76099
2023-05-30 05:51:25,586 [setup] INFO  contract.AbstractFSContractTestBase (AbstractFSContractTestBase.java:setup(194)) - Test filesystem = o3fs://bucket63098.volume76099 implemented by OzoneFileSystem{URI=o3fs://bucket63098.volume76099, workingDir=o3fs://bucket63098.volume76099/user/runner, userName=runner, statistics=21506 bytes read, 23340 bytes written, 90 read ops, 0 large read ops, 50 write ops}
2023-05-30 05:51:25,592 [JUnit-testCreateFileUnderFile[1]] INFO  contract.AbstractFSContractTestBase (AbstractFSContractTestBase.java:describe(278)) - Verify that it is forbidden to create file/file
05:51:25.668 [OM StateMachine ApplyTransaction Thread - 0] ERROR OMAudit - user=runner | ip=127.0.0.1 | op=CREATE_FILE {volume=volume76099, bucket=bucket63098, key=test/testCreateFileUnderFile[1]/parent, dataSize=4194304, replicationType=RATIS, replicationFactor=ONE} | ret=FAILURE
org.apache.hadoop.ozone.om.exceptions.OMException: Can not create file: test/testCreateFileUnderFile[1]/parent as there is already file in the given path
	at org.apache.hadoop.ozone.om.request.file.OMFileCreateRequest.checkDirectoryResult(OMFileCreateRequest.java:366) ~[ozone-manager-1.4.0-SNAPSHOT.jar:?]
	at org.apache.hadoop.ozone.om.request.file.OMFileCreateRequest.validateAndUpdateCache(OMFileCreateRequest.java:238) ~[ozone-manager-1.4.0-SNAPSHOT.jar:?]
	at org.apache.hadoop.ozone.protocolPB.OzoneManagerRequestHandler.handleWriteRequest(OzoneManagerRequestHandler.java:337) ~[ozone-manager-1.4.0-SNAPSHOT.jar:?]
	at org.apache.hadoop.ozone.om.ratis.OzoneManagerStateMachine.runCommand(OzoneManagerStateMachine.java:567) ~[ozone-manager-1.4.0-SNAPSHOT.jar:?]
	at org.apache.hadoop.ozone.om.ratis.OzoneManagerStateMachine.lambda$1(OzoneManagerStateMachine.java:358) ~[ozone-manager-1.4.0-SNAPSHOT.jar:?]
	at java.util.concurrent.CompletableFuture$AsyncSupply.run(CompletableFuture.java:1604) [?:1.8.0_362]
	at java.util.concurrent.ThreadPoolExecutor.runWorker(ThreadPoolExecutor.java:1149) [?:1.8.0_362]
	at java.util.concurrent.ThreadPoolExecutor$Worker.run(ThreadPoolExecutor.java:624) [?:1.8.0_362]
	at java.lang.Thread.run(Thread.java:750) [?:1.8.0_362]
2023-05-30 05:51:25,668 [OM StateMachine ApplyTransaction Thread - 0] ERROR file.OMFileCreateRequest (OMFileCreateRequest.java:validateAndUpdateCache(336)) - File create failed. Volume:volume76099, Bucket:bucket63098, Keytest/testCreateFileUnderFile[1]/parent.
NOT_A_FILE org.apache.hadoop.ozone.om.exceptions.OMException: Can not create file: test/testCreateFileUnderFile[1]/parent as there is already file in the given path
	at org.apache.hadoop.ozone.om.request.file.OMFileCreateRequest.checkDirectoryResult(OMFileCreateRequest.java:366)
	at org.apache.hadoop.ozone.om.request.file.OMFileCreateRequest.validateAndUpdateCache(OMFileCreateRequest.java:238)
	at org.apache.hadoop.ozone.protocolPB.OzoneManagerRequestHandler.handleWriteRequest(OzoneManagerRequestHandler.java:337)
	at org.apache.hadoop.ozone.om.ratis.OzoneManagerStateMachine.runCommand(OzoneManagerStateMachine.java:567)
	at org.apache.hadoop.ozone.om.ratis.OzoneManagerStateMachine.lambda$1(OzoneManagerStateMachine.java:358)
	at java.util.concurrent.CompletableFuture$AsyncSupply.run(CompletableFuture.java:1604)
	at java.util.concurrent.ThreadPoolExecutor.runWorker(ThreadPoolExecutor.java:1149)
	at java.util.concurrent.ThreadPoolExecutor$Worker.run(ThreadPoolExecutor.java:624)
	at java.lang.Thread.run(Thread.java:750)
]]></system-out>
  </testcase>
  <testcase name="testSyncable" classname="ITestOzoneContractCreate" time="0.462">
    <system-out><![CDATA[2023-05-30 05:51:02,904 [setup] INFO  rpc.RpcClient (RpcClient.java:createVolume(459)) - Creating Volume: volume24274, with user23197 as owner and space quota set to -1 bytes, counts quota set to -1
2023-05-30 05:51:02,911 [OM StateMachine ApplyTransaction Thread - 0] INFO  volume.OMVolumeCreateRequest (OMVolumeCreateRequest.java:validateAndUpdateCache(196)) - created volume:volume24274 for user:user23197
2023-05-30 05:51:02,914 [setup] INFO  rpc.RpcClient (RpcClient.java:createBucket(686)) - Creating Bucket: volume24274/bucket93250, with bucket layout LEGACY, runner as owner, Versioning false, Storage Type set to DISK and Encryption set to false, Replication Type set to server-side default replication type, Namespace Quota set to -1, Space Quota set to -1 
2023-05-30 05:51:02,917 [OM StateMachine ApplyTransaction Thread - 0] INFO  bucket.OMBucketCreateRequest (OMBucketCreateRequest.java:validateAndUpdateCache(270)) - created bucket: bucket93250 of layout LEGACY in volume: volume24274
2023-05-30 05:51:02,976 [setup] INFO  contract.AbstractFSContractTestBase (AbstractFSContractTestBase.java:setup(194)) - Test filesystem = o3fs://bucket93250.volume24274 implemented by OzoneFileSystem{URI=o3fs://bucket93250.volume24274, workingDir=o3fs://bucket93250.volume24274/user/runner, userName=runner, statistics=0 bytes read, 276 bytes written, 13 read ops, 0 large read ops, 8 write ops}
2023-05-30 05:51:02,982 [JUnit-testSyncable[0]] INFO  contract.AbstractFSContractTestBase (AbstractFSContractTestBase.java:describe(278)) - test declared and actual Syncable behaviors
2023-05-30 05:51:02,982 [JUnit-testSyncable[0]] INFO  contract.AbstractContractCreateTest (AbstractContractCreateTest.java:validateSyncableSemantics(479)) - Expecting files under o3fs://bucket93250.volume24274/test/testSyncable[0] to have supportsSync=true and supportsFlush=true; metadataUpdatedOnHSync=false
2023-05-30 05:51:02,992 [JUnit-testSyncable[0]] INFO  contract.AbstractContractCreateTest (AbstractContractCreateTest.java:validateSyncableSemantics(484)) - Created output stream FSDataOutputStream{wrappedStream=org.apache.hadoop.fs.ozone.CapableOzoneFSOutputStream@392bdf87}
2023-05-30 05:51:03,177 [IPC Server handler 9 on default port 15001] WARN  node.SCMNodeManager (SCMNodeManager.java:getNodesByAddress(1381)) - Cannot find node for address 127.0.0.1
2023-05-30 05:51:03,288 [JUnit-testSyncable[0]] INFO  contract.AbstractContractCreateTest (AbstractContractCreateTest.java:validateSyncableSemantics(550)) - Successfully read synced data on a new reader org.apache.hadoop.fs.FSDataInputStream@70bd7743: org.apache.hadoop.fs.ozone.CapableOzoneFSInputStream@7793a859{}
]]></system-out>
  </testcase>
  <testcase name="testSyncable" classname="ITestOzoneContractCreate" time="0.344">
    <error type="java.io.IOException"><![CDATA[java.io.IOException: Inconsistent read for blockID=conID: 7 locID: 111677748019200007 bcsId: 0 length=2 position=1 numBytesToRead=1 numBytesRead=-1
	at org.apache.hadoop.ozone.client.io.KeyInputStream.checkPartBytesRead(KeyInputStream.java:176)
	at org.apache.hadoop.hdds.scm.storage.MultipartInputStream.readWithStrategy(MultipartInputStream.java:97)
	at org.apache.hadoop.hdds.scm.storage.ExtendedInputStream.read(ExtendedInputStream.java:56)
	at org.apache.hadoop.hdds.scm.storage.ExtendedInputStream.read(ExtendedInputStream.java:43)
	at org.apache.hadoop.fs.ozone.OzoneFSInputStream.read(OzoneFSInputStream.java:55)
	at java.io.FilterInputStream.read(FilterInputStream.java:83)
	at org.apache.hadoop.fs.contract.AbstractContractCreateTest.validateSyncableSemantics(AbstractContractCreateTest.java:548)
	at org.apache.hadoop.fs.contract.AbstractContractCreateTest.testSyncable(AbstractContractCreateTest.java:459)
	at sun.reflect.NativeMethodAccessorImpl.invoke0(Native Method)
	at sun.reflect.NativeMethodAccessorImpl.invoke(NativeMethodAccessorImpl.java:62)
	at sun.reflect.DelegatingMethodAccessorImpl.invoke(DelegatingMethodAccessorImpl.java:43)
	at java.lang.reflect.Method.invoke(Method.java:498)
	at org.junit.runners.model.FrameworkMethod$1.runReflectiveCall(FrameworkMethod.java:59)
	at org.junit.internal.runners.model.ReflectiveCallable.run(ReflectiveCallable.java:12)
	at org.junit.runners.model.FrameworkMethod.invokeExplosively(FrameworkMethod.java:56)
	at org.junit.internal.runners.statements.InvokeMethod.evaluate(InvokeMethod.java:17)
	at org.junit.internal.runners.statements.RunBefores.evaluate(RunBefores.java:26)
	at org.junit.internal.runners.statements.RunAfters.evaluate(RunAfters.java:27)
	at org.junit.rules.TestWatcher$1.evaluate(TestWatcher.java:61)
	at org.junit.internal.runners.statements.FailOnTimeout$CallableStatement.call(FailOnTimeout.java:288)
	at org.junit.internal.runners.statements.FailOnTimeout$CallableStatement.call(FailOnTimeout.java:282)
	at java.util.concurrent.FutureTask.run(FutureTask.java:266)
	at java.lang.Thread.run(Thread.java:750)
]]></error>
    <system-out><![CDATA[2023-05-30 05:51:25,702 [setup] INFO  rpc.RpcClient (RpcClient.java:createVolume(459)) - Creating Volume: volume80877, with user27081 as owner and space quota set to -1 bytes, counts quota set to -1
2023-05-30 05:51:25,707 [OM StateMachine ApplyTransaction Thread - 0] INFO  volume.OMVolumeCreateRequest (OMVolumeCreateRequest.java:validateAndUpdateCache(196)) - created volume:volume80877 for user:user27081
2023-05-30 05:51:25,710 [setup] INFO  rpc.RpcClient (RpcClient.java:createBucket(686)) - Creating Bucket: volume80877/bucket60895, with bucket layout LEGACY, runner as owner, Versioning false, Storage Type set to DISK and Encryption set to false, Replication Type set to server-side default replication type, Namespace Quota set to -1, Space Quota set to -1 
2023-05-30 05:51:25,713 [OM StateMachine ApplyTransaction Thread - 0] INFO  bucket.OMBucketCreateRequest (OMBucketCreateRequest.java:validateAndUpdateCache(270)) - created bucket: bucket60895 of layout LEGACY in volume: volume80877
2023-05-30 05:51:25,769 [setup] INFO  contract.AbstractFSContractTestBase (AbstractFSContractTestBase.java:setup(194)) - Test filesystem = o3fs://bucket60895.volume80877 implemented by OzoneFileSystem{URI=o3fs://bucket60895.volume80877, workingDir=o3fs://bucket60895.volume80877/user/runner, userName=runner, statistics=21506 bytes read, 23596 bytes written, 93 read ops, 0 large read ops, 53 write ops}
2023-05-30 05:51:25,773 [JUnit-testSyncable[1]] INFO  contract.AbstractFSContractTestBase (AbstractFSContractTestBase.java:describe(278)) - test declared and actual Syncable behaviors
2023-05-30 05:51:25,773 [JUnit-testSyncable[1]] INFO  contract.AbstractContractCreateTest (AbstractContractCreateTest.java:validateSyncableSemantics(479)) - Expecting files under o3fs://bucket60895.volume80877/test/testSyncable[1] to have supportsSync=true and supportsFlush=true; metadataUpdatedOnHSync=false
2023-05-30 05:51:25,780 [JUnit-testSyncable[1]] INFO  contract.AbstractContractCreateTest (AbstractContractCreateTest.java:validateSyncableSemantics(484)) - Created output stream FSDataOutputStream{wrappedStream=org.apache.hadoop.fs.ozone.CapableOzoneFSOutputStream@cd56bc6}
2023-05-30 05:51:25,793 [c349d58c-25ab-4714-8ef6-0f97be22f2ca@group-E594E55D4DC6-FollowerState] INFO  impl.FollowerState (FollowerState.java:run(143)) - c349d58c-25ab-4714-8ef6-0f97be22f2ca@group-E594E55D4DC6-FollowerState: change to CANDIDATE, lastRpcElapsedTime:5035028542ns, electionTimeout:5030ms
2023-05-30 05:51:25,794 [c349d58c-25ab-4714-8ef6-0f97be22f2ca@group-E594E55D4DC6-FollowerState] INFO  impl.RoleInfo (RoleInfo.java:shutdownFollowerState(110)) - c349d58c-25ab-4714-8ef6-0f97be22f2ca: shutdown c349d58c-25ab-4714-8ef6-0f97be22f2ca@group-E594E55D4DC6-FollowerState
2023-05-30 05:51:25,794 [c349d58c-25ab-4714-8ef6-0f97be22f2ca@group-E594E55D4DC6-FollowerState] INFO  server.RaftServer$Division (RaftServerImpl.java:setRole(329)) - c349d58c-25ab-4714-8ef6-0f97be22f2ca@group-E594E55D4DC6: changes role from  FOLLOWER to CANDIDATE at term 0 for changeToCandidate
2023-05-30 05:51:25,794 [c349d58c-25ab-4714-8ef6-0f97be22f2ca@group-E594E55D4DC6-FollowerState] INFO  server.RaftServerConfigKeys (ConfUtils.java:logGet(46)) - raft.server.leaderelection.pre-vote = true (default)
2023-05-30 05:51:25,794 [c349d58c-25ab-4714-8ef6-0f97be22f2ca@group-E594E55D4DC6-FollowerState] INFO  impl.RoleInfo (RoleInfo.java:updateAndGet(139)) - c349d58c-25ab-4714-8ef6-0f97be22f2ca: start c349d58c-25ab-4714-8ef6-0f97be22f2ca@group-E594E55D4DC6-LeaderElection18
2023-05-30 05:51:25,822 [c349d58c-25ab-4714-8ef6-0f97be22f2ca@group-E594E55D4DC6-LeaderElection18] INFO  impl.LeaderElection (LeaderElection.java:askForVotes(321)) - c349d58c-25ab-4714-8ef6-0f97be22f2ca@group-E594E55D4DC6-LeaderElection18 PRE_VOTE round 0: submit vote requests at term 0 for -1: peers:[c349d58c-25ab-4714-8ef6-0f97be22f2ca|rpc:10.1.0.18:15103|admin:10.1.0.18:15102|client:10.1.0.18:15101|dataStream:10.1.0.18:15104|priority:1|startupRole:FOLLOWER]|listeners:[], old=null
2023-05-30 05:51:25,822 [c349d58c-25ab-4714-8ef6-0f97be22f2ca@group-E594E55D4DC6-LeaderElection18] INFO  impl.LeaderElection (LeaderElection.java:askForVotes(323)) - c349d58c-25ab-4714-8ef6-0f97be22f2ca@group-E594E55D4DC6-LeaderElection18 PRE_VOTE round 0: result PASSED (term=0)
2023-05-30 05:51:25,827 [c349d58c-25ab-4714-8ef6-0f97be22f2ca@group-E594E55D4DC6-LeaderElection18] INFO  impl.LeaderElection (LeaderElection.java:askForVotes(321)) - c349d58c-25ab-4714-8ef6-0f97be22f2ca@group-E594E55D4DC6-LeaderElection18 ELECTION round 0: submit vote requests at term 1 for -1: peers:[c349d58c-25ab-4714-8ef6-0f97be22f2ca|rpc:10.1.0.18:15103|admin:10.1.0.18:15102|client:10.1.0.18:15101|dataStream:10.1.0.18:15104|priority:1|startupRole:FOLLOWER]|listeners:[], old=null
2023-05-30 05:51:25,827 [c349d58c-25ab-4714-8ef6-0f97be22f2ca@group-E594E55D4DC6-LeaderElection18] INFO  impl.LeaderElection (LeaderElection.java:askForVotes(323)) - c349d58c-25ab-4714-8ef6-0f97be22f2ca@group-E594E55D4DC6-LeaderElection18 ELECTION round 0: result PASSED (term=1)
2023-05-30 05:51:25,827 [c349d58c-25ab-4714-8ef6-0f97be22f2ca@group-E594E55D4DC6-LeaderElection18] INFO  impl.RoleInfo (RoleInfo.java:shutdownLeaderElection(130)) - c349d58c-25ab-4714-8ef6-0f97be22f2ca: shutdown c349d58c-25ab-4714-8ef6-0f97be22f2ca@group-E594E55D4DC6-LeaderElection18
2023-05-30 05:51:25,827 [c349d58c-25ab-4714-8ef6-0f97be22f2ca@group-E594E55D4DC6-LeaderElection18] INFO  server.RaftServer$Division (RaftServerImpl.java:setRole(329)) - c349d58c-25ab-4714-8ef6-0f97be22f2ca@group-E594E55D4DC6: changes role from CANDIDATE to LEADER at term 1 for changeToLeader
2023-05-30 05:51:25,827 [c349d58c-25ab-4714-8ef6-0f97be22f2ca@group-E594E55D4DC6-LeaderElection18] INFO  ratis.XceiverServerRatis (XceiverServerRatis.java:handleLeaderChangedNotification(902)) - Leader change notification received for group: group-E594E55D4DC6 with new leaderId: c349d58c-25ab-4714-8ef6-0f97be22f2ca
2023-05-30 05:51:25,827 [c349d58c-25ab-4714-8ef6-0f97be22f2ca@group-E594E55D4DC6-LeaderElection18] INFO  server.RaftServer$Division (ServerState.java:setLeader(317)) - c349d58c-25ab-4714-8ef6-0f97be22f2ca@group-E594E55D4DC6: change Leader from null to c349d58c-25ab-4714-8ef6-0f97be22f2ca at term 1 for becomeLeader, leader elected after 5096ms
2023-05-30 05:51:25,827 [c349d58c-25ab-4714-8ef6-0f97be22f2ca@group-E594E55D4DC6-LeaderElection18] INFO  server.RaftServerConfigKeys (ConfUtils.java:logGet(46)) - raft.server.staging.catchup.gap = 1000 (default)
2023-05-30 05:51:25,828 [c349d58c-25ab-4714-8ef6-0f97be22f2ca@group-E594E55D4DC6-LeaderElection18] INFO  server.RaftServerConfigKeys (ConfUtils.java:logGet(46)) - raft.server.write.element-limit = 1024 (custom)
2023-05-30 05:51:25,828 [c349d58c-25ab-4714-8ef6-0f97be22f2ca@group-E594E55D4DC6-LeaderElection18] INFO  server.RaftServerConfigKeys (ConfUtils.java:logGet(46)) - raft.server.write.byte-limit = 1024 M (=1073741824) (custom)
2023-05-30 05:51:25,828 [c349d58c-25ab-4714-8ef6-0f97be22f2ca@group-E594E55D4DC6-LeaderElection18] INFO  server.RaftServerConfigKeys (ConfUtils.java:logGet(46)) - raft.server.watch.timeout = 10000ms (default)
2023-05-30 05:51:25,828 [c349d58c-25ab-4714-8ef6-0f97be22f2ca@group-E594E55D4DC6-LeaderElection18] INFO  server.RaftServerConfigKeys (ConfUtils.java:logGet(46)) - raft.server.watch.timeout.denomination = 1s (default)
2023-05-30 05:51:25,828 [c349d58c-25ab-4714-8ef6-0f97be22f2ca@group-E594E55D4DC6-LeaderElection18] INFO  server.RaftServerConfigKeys (ConfUtils.java:logGet(46)) - raft.server.watch.element-limit = 65536 (default)
2023-05-30 05:51:25,828 [c349d58c-25ab-4714-8ef6-0f97be22f2ca@group-E594E55D4DC6-LeaderElection18] INFO  server.RaftServerConfigKeys (ConfUtils.java:logGet(46)) - raft.server.write.element-limit = 1024 (custom)
2023-05-30 05:51:25,828 [c349d58c-25ab-4714-8ef6-0f97be22f2ca@group-E594E55D4DC6-LeaderElection18] INFO  server.RaftServerConfigKeys (ConfUtils.java:logGet(46)) - raft.server.write.follower.gap.ratio.max = -1.0 (default)
2023-05-30 05:51:25,828 [c349d58c-25ab-4714-8ef6-0f97be22f2ca@group-E594E55D4DC6-LeaderElection18] INFO  impl.RoleInfo (RoleInfo.java:updateAndGet(139)) - c349d58c-25ab-4714-8ef6-0f97be22f2ca: start c349d58c-25ab-4714-8ef6-0f97be22f2ca@group-E594E55D4DC6-LeaderStateImpl
2023-05-30 05:51:25,831 [c349d58c-25ab-4714-8ef6-0f97be22f2ca@group-E594E55D4DC6-LeaderElection18] INFO  segmented.SegmentedRaftLogWorker (SegmentedRaftLogWorker.java:startLogSegment(447)) - c349d58c-25ab-4714-8ef6-0f97be22f2ca@group-E594E55D4DC6-SegmentedRaftLogWorker: Starting segment from index:0
2023-05-30 05:51:25,833 [c349d58c-25ab-4714-8ef6-0f97be22f2ca@group-E594E55D4DC6-SegmentedRaftLogWorker] INFO  segmented.SegmentedRaftLogWorker (SegmentedRaftLogWorker.java:execute(651)) - c349d58c-25ab-4714-8ef6-0f97be22f2ca@group-E594E55D4DC6-SegmentedRaftLogWorker: created new log segment /home/runner/work/ozone/ozone/hadoop-ozone/integration-test/target/test-dir/MiniOzoneClusterImpl-e48a92f5-15eb-4a1f-8733-fd9493ac7566/datanode-4/data/ratis/2efc658b-b2a1-4144-9b6c-e594e55d4dc6/current/log_inprogress_0
2023-05-30 05:51:25,833 [c349d58c-25ab-4714-8ef6-0f97be22f2ca@group-E594E55D4DC6-LeaderElection18] INFO  server.RaftServer$Division (ServerState.java:setRaftConf(434)) - c349d58c-25ab-4714-8ef6-0f97be22f2ca@group-E594E55D4DC6: set configuration 0: peers:[c349d58c-25ab-4714-8ef6-0f97be22f2ca|rpc:10.1.0.18:15103|admin:10.1.0.18:15102|client:10.1.0.18:15101|dataStream:10.1.0.18:15104|priority:1|startupRole:FOLLOWER]|listeners:[], old=null
2023-05-30 05:51:25,951 [IPC Server handler 1 on default port 15054] WARN  node.SCMNodeManager (SCMNodeManager.java:getNodesByAddress(1381)) - Cannot find node for address 127.0.0.1
]]></system-out>
  </testcase>
  <testcase name="testMkdirUnderFile" classname="ITestOzoneContractCreate" time="0.209">
    <system-out><![CDATA[2023-05-30 05:51:03,362 [setup] INFO  rpc.RpcClient (RpcClient.java:createVolume(459)) - Creating Volume: volume60590, with user63045 as owner and space quota set to -1 bytes, counts quota set to -1
2023-05-30 05:51:03,368 [OM StateMachine ApplyTransaction Thread - 0] INFO  volume.OMVolumeCreateRequest (OMVolumeCreateRequest.java:validateAndUpdateCache(196)) - created volume:volume60590 for user:user63045
2023-05-30 05:51:03,372 [setup] INFO  rpc.RpcClient (RpcClient.java:createBucket(686)) - Creating Bucket: volume60590/bucket77488, with bucket layout LEGACY, runner as owner, Versioning false, Storage Type set to DISK and Encryption set to false, Replication Type set to server-side default replication type, Namespace Quota set to -1, Space Quota set to -1 
2023-05-30 05:51:03,375 [OM StateMachine ApplyTransaction Thread - 0] INFO  bucket.OMBucketCreateRequest (OMBucketCreateRequest.java:validateAndUpdateCache(270)) - created bucket: bucket77488 of layout LEGACY in volume: volume60590
2023-05-30 05:51:03,441 [setup] INFO  contract.AbstractFSContractTestBase (AbstractFSContractTestBase.java:setup(194)) - Test filesystem = o3fs://bucket77488.volume60590 implemented by OzoneFileSystem{URI=o3fs://bucket77488.volume60590, workingDir=o3fs://bucket77488.volume60590/user/runner, userName=runner, statistics=2 bytes read, 278 bytes written, 17 read ops, 0 large read ops, 10 write ops}
2023-05-30 05:51:03,448 [JUnit-testMkdirUnderFile[0]] INFO  contract.AbstractFSContractTestBase (AbstractFSContractTestBase.java:describe(278)) - Verify that it is forbidden to create file/dir
05:51:03.538 [OM StateMachine ApplyTransaction Thread - 0] ERROR OMAudit - user=runner | ip=127.0.0.1 | op=CREATE_DIRECTORY {volume=volume60590, bucket=bucket77488, key=test/testMkdirUnderFile[0]/parent, dataSize=0, replicationType=NONE, replicationFactor=ZERO} | ret=FAILURE
org.apache.hadoop.ozone.om.exceptions.OMException: Unable to create directory: test/testMkdirUnderFile[0]/parent in volume/bucket: volume60590/bucket77488
	at org.apache.hadoop.ozone.om.request.file.OMDirectoryCreateRequest.validateAndUpdateCache(OMDirectoryCreateRequest.java:196) ~[ozone-manager-1.4.0-SNAPSHOT.jar:?]
	at org.apache.hadoop.ozone.protocolPB.OzoneManagerRequestHandler.handleWriteRequest(OzoneManagerRequestHandler.java:337) ~[ozone-manager-1.4.0-SNAPSHOT.jar:?]
	at org.apache.hadoop.ozone.om.ratis.OzoneManagerStateMachine.runCommand(OzoneManagerStateMachine.java:567) ~[ozone-manager-1.4.0-SNAPSHOT.jar:?]
	at org.apache.hadoop.ozone.om.ratis.OzoneManagerStateMachine.lambda$1(OzoneManagerStateMachine.java:358) ~[ozone-manager-1.4.0-SNAPSHOT.jar:?]
	at java.util.concurrent.CompletableFuture$AsyncSupply.run(CompletableFuture.java:1604) [?:1.8.0_362]
	at java.util.concurrent.ThreadPoolExecutor.runWorker(ThreadPoolExecutor.java:1149) [?:1.8.0_362]
	at java.util.concurrent.ThreadPoolExecutor$Worker.run(ThreadPoolExecutor.java:624) [?:1.8.0_362]
	at java.lang.Thread.run(Thread.java:750) [?:1.8.0_362]
2023-05-30 05:51:03,538 [OM StateMachine ApplyTransaction Thread - 0] ERROR file.OMDirectoryCreateRequest (OMDirectoryCreateRequest.java:logResult(335)) - Directory creation failed. Volume:volume60590, Bucket:bucket77488, Keytest/testMkdirUnderFile[0]/parent. Exception:{}
FILE_ALREADY_EXISTS org.apache.hadoop.ozone.om.exceptions.OMException: Unable to create directory: test/testMkdirUnderFile[0]/parent in volume/bucket: volume60590/bucket77488
	at org.apache.hadoop.ozone.om.request.file.OMDirectoryCreateRequest.validateAndUpdateCache(OMDirectoryCreateRequest.java:196)
	at org.apache.hadoop.ozone.protocolPB.OzoneManagerRequestHandler.handleWriteRequest(OzoneManagerRequestHandler.java:337)
	at org.apache.hadoop.ozone.om.ratis.OzoneManagerStateMachine.runCommand(OzoneManagerStateMachine.java:567)
	at org.apache.hadoop.ozone.om.ratis.OzoneManagerStateMachine.lambda$1(OzoneManagerStateMachine.java:358)
	at java.util.concurrent.CompletableFuture$AsyncSupply.run(CompletableFuture.java:1604)
	at java.util.concurrent.ThreadPoolExecutor.runWorker(ThreadPoolExecutor.java:1149)
	at java.util.concurrent.ThreadPoolExecutor$Worker.run(ThreadPoolExecutor.java:624)
	at java.lang.Thread.run(Thread.java:750)
]]></system-out>
  </testcase>
  <testcase name="testMkdirUnderFile" classname="ITestOzoneContractCreate" time="0.155">
    <system-out><![CDATA[2023-05-30 05:51:26,041 [setup] INFO  rpc.RpcClient (RpcClient.java:createVolume(459)) - Creating Volume: volume37363, with user89314 as owner and space quota set to -1 bytes, counts quota set to -1
2023-05-30 05:51:26,044 [OM StateMachine ApplyTransaction Thread - 0] INFO  volume.OMVolumeCreateRequest (OMVolumeCreateRequest.java:validateAndUpdateCache(196)) - created volume:volume37363 for user:user89314
2023-05-30 05:51:26,048 [setup] INFO  rpc.RpcClient (RpcClient.java:createBucket(686)) - Creating Bucket: volume37363/bucket43460, with bucket layout LEGACY, runner as owner, Versioning false, Storage Type set to DISK and Encryption set to false, Replication Type set to server-side default replication type, Namespace Quota set to -1, Space Quota set to -1 
2023-05-30 05:51:26,051 [OM StateMachine ApplyTransaction Thread - 0] INFO  bucket.OMBucketCreateRequest (OMBucketCreateRequest.java:validateAndUpdateCache(270)) - created bucket: bucket43460 of layout LEGACY in volume: volume37363
2023-05-30 05:51:26,099 [setup] INFO  contract.AbstractFSContractTestBase (AbstractFSContractTestBase.java:setup(194)) - Test filesystem = o3fs://bucket43460.volume37363 implemented by OzoneFileSystem{URI=o3fs://bucket43460.volume37363, workingDir=o3fs://bucket43460.volume37363/user/runner, userName=runner, statistics=21507 bytes read, 23598 bytes written, 97 read ops, 0 large read ops, 55 write ops}
2023-05-30 05:51:26,104 [JUnit-testMkdirUnderFile[1]] INFO  contract.AbstractFSContractTestBase (AbstractFSContractTestBase.java:describe(278)) - Verify that it is forbidden to create file/dir
05:51:26.170 [OM StateMachine ApplyTransaction Thread - 0] ERROR OMAudit - user=runner | ip=127.0.0.1 | op=CREATE_DIRECTORY {volume=volume37363, bucket=bucket43460, key=test/testMkdirUnderFile[1]/parent, dataSize=0, replicationType=NONE, replicationFactor=ZERO} | ret=FAILURE
org.apache.hadoop.ozone.om.exceptions.OMException: Unable to create directory: test/testMkdirUnderFile[1]/parent in volume/bucket: volume37363/bucket43460
	at org.apache.hadoop.ozone.om.request.file.OMDirectoryCreateRequest.validateAndUpdateCache(OMDirectoryCreateRequest.java:196) ~[ozone-manager-1.4.0-SNAPSHOT.jar:?]
	at org.apache.hadoop.ozone.protocolPB.OzoneManagerRequestHandler.handleWriteRequest(OzoneManagerRequestHandler.java:337) ~[ozone-manager-1.4.0-SNAPSHOT.jar:?]
	at org.apache.hadoop.ozone.om.ratis.OzoneManagerStateMachine.runCommand(OzoneManagerStateMachine.java:567) ~[ozone-manager-1.4.0-SNAPSHOT.jar:?]
	at org.apache.hadoop.ozone.om.ratis.OzoneManagerStateMachine.lambda$1(OzoneManagerStateMachine.java:358) ~[ozone-manager-1.4.0-SNAPSHOT.jar:?]
	at java.util.concurrent.CompletableFuture$AsyncSupply.run(CompletableFuture.java:1604) [?:1.8.0_362]
	at java.util.concurrent.ThreadPoolExecutor.runWorker(ThreadPoolExecutor.java:1149) [?:1.8.0_362]
	at java.util.concurrent.ThreadPoolExecutor$Worker.run(ThreadPoolExecutor.java:624) [?:1.8.0_362]
	at java.lang.Thread.run(Thread.java:750) [?:1.8.0_362]
2023-05-30 05:51:26,170 [OM StateMachine ApplyTransaction Thread - 0] ERROR file.OMDirectoryCreateRequest (OMDirectoryCreateRequest.java:logResult(335)) - Directory creation failed. Volume:volume37363, Bucket:bucket43460, Keytest/testMkdirUnderFile[1]/parent. Exception:{}
FILE_ALREADY_EXISTS org.apache.hadoop.ozone.om.exceptions.OMException: Unable to create directory: test/testMkdirUnderFile[1]/parent in volume/bucket: volume37363/bucket43460
	at org.apache.hadoop.ozone.om.request.file.OMDirectoryCreateRequest.validateAndUpdateCache(OMDirectoryCreateRequest.java:196)
	at org.apache.hadoop.ozone.protocolPB.OzoneManagerRequestHandler.handleWriteRequest(OzoneManagerRequestHandler.java:337)
	at org.apache.hadoop.ozone.om.ratis.OzoneManagerStateMachine.runCommand(OzoneManagerStateMachine.java:567)
	at org.apache.hadoop.ozone.om.ratis.OzoneManagerStateMachine.lambda$1(OzoneManagerStateMachine.java:358)
	at java.util.concurrent.CompletableFuture$AsyncSupply.run(CompletableFuture.java:1604)
	at java.util.concurrent.ThreadPoolExecutor.runWorker(ThreadPoolExecutor.java:1149)
	at java.util.concurrent.ThreadPoolExecutor$Worker.run(ThreadPoolExecutor.java:624)
	at java.lang.Thread.run(Thread.java:750)
]]></system-out>
  </testcase>
  <testcase name="testMkdirUnderFileSubdir" classname="ITestOzoneContractCreate" time="0.209">
    <system-out><![CDATA[2023-05-30 05:51:03,572 [setup] INFO  rpc.RpcClient (RpcClient.java:createVolume(459)) - Creating Volume: volume22009, with user19118 as owner and space quota set to -1 bytes, counts quota set to -1
2023-05-30 05:51:03,578 [OM StateMachine ApplyTransaction Thread - 0] INFO  volume.OMVolumeCreateRequest (OMVolumeCreateRequest.java:validateAndUpdateCache(196)) - created volume:volume22009 for user:user19118
2023-05-30 05:51:03,581 [setup] INFO  rpc.RpcClient (RpcClient.java:createBucket(686)) - Creating Bucket: volume22009/bucket52293, with bucket layout LEGACY, runner as owner, Versioning false, Storage Type set to DISK and Encryption set to false, Replication Type set to server-side default replication type, Namespace Quota set to -1, Space Quota set to -1 
2023-05-30 05:51:03,584 [OM StateMachine ApplyTransaction Thread - 0] INFO  bucket.OMBucketCreateRequest (OMBucketCreateRequest.java:validateAndUpdateCache(270)) - created bucket: bucket52293 of layout LEGACY in volume: volume22009
2023-05-30 05:51:03,645 [setup] INFO  contract.AbstractFSContractTestBase (AbstractFSContractTestBase.java:setup(194)) - Test filesystem = o3fs://bucket52293.volume22009 implemented by OzoneFileSystem{URI=o3fs://bucket52293.volume22009, workingDir=o3fs://bucket52293.volume22009/user/runner, userName=runner, statistics=2 bytes read, 534 bytes written, 20 read ops, 0 large read ops, 12 write ops}
2023-05-30 05:51:03,651 [JUnit-testMkdirUnderFileSubdir[0]] INFO  contract.AbstractFSContractTestBase (AbstractFSContractTestBase.java:describe(278)) - Verify that it is forbidden to create file/dir/dir
05:51:03.742 [OM StateMachine ApplyTransaction Thread - 0] ERROR OMAudit - user=runner | ip=127.0.0.1 | op=CREATE_DIRECTORY {volume=volume22009, bucket=bucket52293, key=test/testMkdirUnderFileSubdir[0]/parent/child, dataSize=0, replicationType=NONE, replicationFactor=ZERO} | ret=FAILURE
org.apache.hadoop.ozone.om.exceptions.OMException: Unable to create directory: test/testMkdirUnderFileSubdir[0]/parent/child in volume/bucket: volume22009/bucket52293
	at org.apache.hadoop.ozone.om.request.file.OMDirectoryCreateRequest.validateAndUpdateCache(OMDirectoryCreateRequest.java:196) ~[ozone-manager-1.4.0-SNAPSHOT.jar:?]
	at org.apache.hadoop.ozone.protocolPB.OzoneManagerRequestHandler.handleWriteRequest(OzoneManagerRequestHandler.java:337) ~[ozone-manager-1.4.0-SNAPSHOT.jar:?]
	at org.apache.hadoop.ozone.om.ratis.OzoneManagerStateMachine.runCommand(OzoneManagerStateMachine.java:567) ~[ozone-manager-1.4.0-SNAPSHOT.jar:?]
	at org.apache.hadoop.ozone.om.ratis.OzoneManagerStateMachine.lambda$1(OzoneManagerStateMachine.java:358) ~[ozone-manager-1.4.0-SNAPSHOT.jar:?]
	at java.util.concurrent.CompletableFuture$AsyncSupply.run(CompletableFuture.java:1604) [?:1.8.0_362]
	at java.util.concurrent.ThreadPoolExecutor.runWorker(ThreadPoolExecutor.java:1149) [?:1.8.0_362]
	at java.util.concurrent.ThreadPoolExecutor$Worker.run(ThreadPoolExecutor.java:624) [?:1.8.0_362]
	at java.lang.Thread.run(Thread.java:750) [?:1.8.0_362]
2023-05-30 05:51:03,742 [OM StateMachine ApplyTransaction Thread - 0] ERROR file.OMDirectoryCreateRequest (OMDirectoryCreateRequest.java:logResult(335)) - Directory creation failed. Volume:volume22009, Bucket:bucket52293, Keytest/testMkdirUnderFileSubdir[0]/parent/child. Exception:{}
FILE_ALREADY_EXISTS org.apache.hadoop.ozone.om.exceptions.OMException: Unable to create directory: test/testMkdirUnderFileSubdir[0]/parent/child in volume/bucket: volume22009/bucket52293
	at org.apache.hadoop.ozone.om.request.file.OMDirectoryCreateRequest.validateAndUpdateCache(OMDirectoryCreateRequest.java:196)
	at org.apache.hadoop.ozone.protocolPB.OzoneManagerRequestHandler.handleWriteRequest(OzoneManagerRequestHandler.java:337)
	at org.apache.hadoop.ozone.om.ratis.OzoneManagerStateMachine.runCommand(OzoneManagerStateMachine.java:567)
	at org.apache.hadoop.ozone.om.ratis.OzoneManagerStateMachine.lambda$1(OzoneManagerStateMachine.java:358)
	at java.util.concurrent.CompletableFuture$AsyncSupply.run(CompletableFuture.java:1604)
	at java.util.concurrent.ThreadPoolExecutor.runWorker(ThreadPoolExecutor.java:1149)
	at java.util.concurrent.ThreadPoolExecutor$Worker.run(ThreadPoolExecutor.java:624)
	at java.lang.Thread.run(Thread.java:750)
05:51:03.747 [OM StateMachine ApplyTransaction Thread - 0] ERROR OMAudit - user=runner | ip=127.0.0.1 | op=CREATE_DIRECTORY {volume=volume22009, bucket=bucket52293, key=test/testMkdirUnderFileSubdir[0]/parent/child, dataSize=0, replicationType=NONE, replicationFactor=ZERO} | ret=FAILURE
org.apache.hadoop.ozone.om.exceptions.OMException: Unable to create directory: test/testMkdirUnderFileSubdir[0]/parent/child in volume/bucket: volume22009/bucket52293
	at org.apache.hadoop.ozone.om.request.file.OMDirectoryCreateRequest.validateAndUpdateCache(OMDirectoryCreateRequest.java:196) ~[ozone-manager-1.4.0-SNAPSHOT.jar:?]
	at org.apache.hadoop.ozone.protocolPB.OzoneManagerRequestHandler.handleWriteRequest(OzoneManagerRequestHandler.java:337) ~[ozone-manager-1.4.0-SNAPSHOT.jar:?]
	at org.apache.hadoop.ozone.om.ratis.OzoneManagerStateMachine.runCommand(OzoneManagerStateMachine.java:567) ~[ozone-manager-1.4.0-SNAPSHOT.jar:?]
	at org.apache.hadoop.ozone.om.ratis.OzoneManagerStateMachine.lambda$1(OzoneManagerStateMachine.java:358) ~[ozone-manager-1.4.0-SNAPSHOT.jar:?]
	at java.util.concurrent.CompletableFuture$AsyncSupply.run(CompletableFuture.java:1604) [?:1.8.0_362]
	at java.util.concurrent.ThreadPoolExecutor.runWorker(ThreadPoolExecutor.java:1149) [?:1.8.0_362]
	at java.util.concurrent.ThreadPoolExecutor$Worker.run(ThreadPoolExecutor.java:624) [?:1.8.0_362]
	at java.lang.Thread.run(Thread.java:750) [?:1.8.0_362]
2023-05-30 05:51:03,748 [OM StateMachine ApplyTransaction Thread - 0] ERROR file.OMDirectoryCreateRequest (OMDirectoryCreateRequest.java:logResult(335)) - Directory creation failed. Volume:volume22009, Bucket:bucket52293, Keytest/testMkdirUnderFileSubdir[0]/parent/child. Exception:{}
FILE_ALREADY_EXISTS org.apache.hadoop.ozone.om.exceptions.OMException: Unable to create directory: test/testMkdirUnderFileSubdir[0]/parent/child in volume/bucket: volume22009/bucket52293
	at org.apache.hadoop.ozone.om.request.file.OMDirectoryCreateRequest.validateAndUpdateCache(OMDirectoryCreateRequest.java:196)
	at org.apache.hadoop.ozone.protocolPB.OzoneManagerRequestHandler.handleWriteRequest(OzoneManagerRequestHandler.java:337)
	at org.apache.hadoop.ozone.om.ratis.OzoneManagerStateMachine.runCommand(OzoneManagerStateMachine.java:567)
	at org.apache.hadoop.ozone.om.ratis.OzoneManagerStateMachine.lambda$1(OzoneManagerStateMachine.java:358)
	at java.util.concurrent.CompletableFuture$AsyncSupply.run(CompletableFuture.java:1604)
	at java.util.concurrent.ThreadPoolExecutor.runWorker(ThreadPoolExecutor.java:1149)
	at java.util.concurrent.ThreadPoolExecutor$Worker.run(ThreadPoolExecutor.java:624)
	at java.lang.Thread.run(Thread.java:750)
]]></system-out>
  </testcase>
  <testcase name="testMkdirUnderFileSubdir" classname="ITestOzoneContractCreate" time="0.175">
    <system-out><![CDATA[2023-05-30 05:51:26,197 [setup] INFO  rpc.RpcClient (RpcClient.java:createVolume(459)) - Creating Volume: volume02005, with user79792 as owner and space quota set to -1 bytes, counts quota set to -1
2023-05-30 05:51:26,199 [OM StateMachine ApplyTransaction Thread - 0] INFO  volume.OMVolumeCreateRequest (OMVolumeCreateRequest.java:validateAndUpdateCache(196)) - created volume:volume02005 for user:user79792
2023-05-30 05:51:26,203 [setup] INFO  rpc.RpcClient (RpcClient.java:createBucket(686)) - Creating Bucket: volume02005/bucket80147, with bucket layout LEGACY, runner as owner, Versioning false, Storage Type set to DISK and Encryption set to false, Replication Type set to server-side default replication type, Namespace Quota set to -1, Space Quota set to -1 
2023-05-30 05:51:26,206 [OM StateMachine ApplyTransaction Thread - 0] INFO  bucket.OMBucketCreateRequest (OMBucketCreateRequest.java:validateAndUpdateCache(270)) - created bucket: bucket80147 of layout LEGACY in volume: volume02005
2023-05-30 05:51:26,270 [setup] INFO  contract.AbstractFSContractTestBase (AbstractFSContractTestBase.java:setup(194)) - Test filesystem = o3fs://bucket80147.volume02005 implemented by OzoneFileSystem{URI=o3fs://bucket80147.volume02005, workingDir=o3fs://bucket80147.volume02005/user/runner, userName=runner, statistics=21507 bytes read, 23854 bytes written, 100 read ops, 0 large read ops, 57 write ops}
2023-05-30 05:51:26,276 [JUnit-testMkdirUnderFileSubdir[1]] INFO  contract.AbstractFSContractTestBase (AbstractFSContractTestBase.java:describe(278)) - Verify that it is forbidden to create file/dir/dir
05:51:26.338 [OM StateMachine ApplyTransaction Thread - 0] ERROR OMAudit - user=runner | ip=127.0.0.1 | op=CREATE_DIRECTORY {volume=volume02005, bucket=bucket80147, key=test/testMkdirUnderFileSubdir[1]/parent/child, dataSize=0, replicationType=NONE, replicationFactor=ZERO} | ret=FAILURE
org.apache.hadoop.ozone.om.exceptions.OMException: Unable to create directory: test/testMkdirUnderFileSubdir[1]/parent/child in volume/bucket: volume02005/bucket80147
	at org.apache.hadoop.ozone.om.request.file.OMDirectoryCreateRequest.validateAndUpdateCache(OMDirectoryCreateRequest.java:196) ~[ozone-manager-1.4.0-SNAPSHOT.jar:?]
	at org.apache.hadoop.ozone.protocolPB.OzoneManagerRequestHandler.handleWriteRequest(OzoneManagerRequestHandler.java:337) ~[ozone-manager-1.4.0-SNAPSHOT.jar:?]
	at org.apache.hadoop.ozone.om.ratis.OzoneManagerStateMachine.runCommand(OzoneManagerStateMachine.java:567) ~[ozone-manager-1.4.0-SNAPSHOT.jar:?]
	at org.apache.hadoop.ozone.om.ratis.OzoneManagerStateMachine.lambda$1(OzoneManagerStateMachine.java:358) ~[ozone-manager-1.4.0-SNAPSHOT.jar:?]
	at java.util.concurrent.CompletableFuture$AsyncSupply.run(CompletableFuture.java:1604) [?:1.8.0_362]
	at java.util.concurrent.ThreadPoolExecutor.runWorker(ThreadPoolExecutor.java:1149) [?:1.8.0_362]
	at java.util.concurrent.ThreadPoolExecutor$Worker.run(ThreadPoolExecutor.java:624) [?:1.8.0_362]
	at java.lang.Thread.run(Thread.java:750) [?:1.8.0_362]
2023-05-30 05:51:26,339 [OM StateMachine ApplyTransaction Thread - 0] ERROR file.OMDirectoryCreateRequest (OMDirectoryCreateRequest.java:logResult(335)) - Directory creation failed. Volume:volume02005, Bucket:bucket80147, Keytest/testMkdirUnderFileSubdir[1]/parent/child. Exception:{}
FILE_ALREADY_EXISTS org.apache.hadoop.ozone.om.exceptions.OMException: Unable to create directory: test/testMkdirUnderFileSubdir[1]/parent/child in volume/bucket: volume02005/bucket80147
	at org.apache.hadoop.ozone.om.request.file.OMDirectoryCreateRequest.validateAndUpdateCache(OMDirectoryCreateRequest.java:196)
	at org.apache.hadoop.ozone.protocolPB.OzoneManagerRequestHandler.handleWriteRequest(OzoneManagerRequestHandler.java:337)
	at org.apache.hadoop.ozone.om.ratis.OzoneManagerStateMachine.runCommand(OzoneManagerStateMachine.java:567)
	at org.apache.hadoop.ozone.om.ratis.OzoneManagerStateMachine.lambda$1(OzoneManagerStateMachine.java:358)
	at java.util.concurrent.CompletableFuture$AsyncSupply.run(CompletableFuture.java:1604)
	at java.util.concurrent.ThreadPoolExecutor.runWorker(ThreadPoolExecutor.java:1149)
	at java.util.concurrent.ThreadPoolExecutor$Worker.run(ThreadPoolExecutor.java:624)
	at java.lang.Thread.run(Thread.java:750)
05:51:26.344 [OM StateMachine ApplyTransaction Thread - 0] ERROR OMAudit - user=runner | ip=127.0.0.1 | op=CREATE_DIRECTORY {volume=volume02005, bucket=bucket80147, key=test/testMkdirUnderFileSubdir[1]/parent/child, dataSize=0, replicationType=NONE, replicationFactor=ZERO} | ret=FAILURE
org.apache.hadoop.ozone.om.exceptions.OMException: Unable to create directory: test/testMkdirUnderFileSubdir[1]/parent/child in volume/bucket: volume02005/bucket80147
	at org.apache.hadoop.ozone.om.request.file.OMDirectoryCreateRequest.validateAndUpdateCache(OMDirectoryCreateRequest.java:196) ~[ozone-manager-1.4.0-SNAPSHOT.jar:?]
	at org.apache.hadoop.ozone.protocolPB.OzoneManagerRequestHandler.handleWriteRequest(OzoneManagerRequestHandler.java:337) ~[ozone-manager-1.4.0-SNAPSHOT.jar:?]
	at org.apache.hadoop.ozone.om.ratis.OzoneManagerStateMachine.runCommand(OzoneManagerStateMachine.java:567) ~[ozone-manager-1.4.0-SNAPSHOT.jar:?]
	at org.apache.hadoop.ozone.om.ratis.OzoneManagerStateMachine.lambda$1(OzoneManagerStateMachine.java:358) ~[ozone-manager-1.4.0-SNAPSHOT.jar:?]
	at java.util.concurrent.CompletableFuture$AsyncSupply.run(CompletableFuture.java:1604) [?:1.8.0_362]
	at java.util.concurrent.ThreadPoolExecutor.runWorker(ThreadPoolExecutor.java:1149) [?:1.8.0_362]
	at java.util.concurrent.ThreadPoolExecutor$Worker.run(ThreadPoolExecutor.java:624) [?:1.8.0_362]
	at java.lang.Thread.run(Thread.java:750) [?:1.8.0_362]
2023-05-30 05:51:26,344 [OM StateMachine ApplyTransaction Thread - 0] ERROR file.OMDirectoryCreateRequest (OMDirectoryCreateRequest.java:logResult(335)) - Directory creation failed. Volume:volume02005, Bucket:bucket80147, Keytest/testMkdirUnderFileSubdir[1]/parent/child. Exception:{}
FILE_ALREADY_EXISTS org.apache.hadoop.ozone.om.exceptions.OMException: Unable to create directory: test/testMkdirUnderFileSubdir[1]/parent/child in volume/bucket: volume02005/bucket80147
	at org.apache.hadoop.ozone.om.request.file.OMDirectoryCreateRequest.validateAndUpdateCache(OMDirectoryCreateRequest.java:196)
	at org.apache.hadoop.ozone.protocolPB.OzoneManagerRequestHandler.handleWriteRequest(OzoneManagerRequestHandler.java:337)
	at org.apache.hadoop.ozone.om.ratis.OzoneManagerStateMachine.runCommand(OzoneManagerStateMachine.java:567)
	at org.apache.hadoop.ozone.om.ratis.OzoneManagerStateMachine.lambda$1(OzoneManagerStateMachine.java:358)
	at java.util.concurrent.CompletableFuture$AsyncSupply.run(CompletableFuture.java:1604)
	at java.util.concurrent.ThreadPoolExecutor.runWorker(ThreadPoolExecutor.java:1149)
	at java.util.concurrent.ThreadPoolExecutor$Worker.run(ThreadPoolExecutor.java:624)
	at java.lang.Thread.run(Thread.java:750)
]]></system-out>
  </testcase>
  <testcase name="testCreateMakesParentDirs" classname="ITestOzoneContractCreate" time="0.158">
    <system-out><![CDATA[2023-05-30 05:51:03,800 [setup] INFO  rpc.RpcClient (RpcClient.java:createVolume(459)) - Creating Volume: volume13352, with user11876 as owner and space quota set to -1 bytes, counts quota set to -1
2023-05-30 05:51:03,804 [OM StateMachine ApplyTransaction Thread - 0] INFO  volume.OMVolumeCreateRequest (OMVolumeCreateRequest.java:validateAndUpdateCache(196)) - created volume:volume13352 for user:user11876
2023-05-30 05:51:03,808 [setup] INFO  rpc.RpcClient (RpcClient.java:createBucket(686)) - Creating Bucket: volume13352/bucket40318, with bucket layout LEGACY, runner as owner, Versioning false, Storage Type set to DISK and Encryption set to false, Replication Type set to server-side default replication type, Namespace Quota set to -1, Space Quota set to -1 
2023-05-30 05:51:03,811 [OM StateMachine ApplyTransaction Thread - 0] INFO  bucket.OMBucketCreateRequest (OMBucketCreateRequest.java:validateAndUpdateCache(270)) - created bucket: bucket40318 of layout LEGACY in volume: volume13352
2023-05-30 05:51:03,866 [setup] INFO  contract.AbstractFSContractTestBase (AbstractFSContractTestBase.java:setup(194)) - Test filesystem = o3fs://bucket40318.volume13352 implemented by OzoneFileSystem{URI=o3fs://bucket40318.volume13352, workingDir=o3fs://bucket40318.volume13352/user/runner, userName=runner, statistics=2 bytes read, 790 bytes written, 23 read ops, 0 large read ops, 14 write ops}
2023-05-30 05:51:03,874 [JUnit-testCreateMakesParentDirs[0]] INFO  contract.AbstractFSContractTestBase (AbstractFSContractTestBase.java:describe(278)) - check that after creating a file its parent directories exist
]]></system-out>
  </testcase>
  <testcase name="testCreateMakesParentDirs" classname="ITestOzoneContractCreate" time="0.113">
    <system-out><![CDATA[2023-05-30 05:51:26,375 [setup] INFO  rpc.RpcClient (RpcClient.java:createVolume(459)) - Creating Volume: volume20014, with user46058 as owner and space quota set to -1 bytes, counts quota set to -1
2023-05-30 05:51:26,379 [OM StateMachine ApplyTransaction Thread - 0] INFO  volume.OMVolumeCreateRequest (OMVolumeCreateRequest.java:validateAndUpdateCache(196)) - created volume:volume20014 for user:user46058
2023-05-30 05:51:26,383 [setup] INFO  rpc.RpcClient (RpcClient.java:createBucket(686)) - Creating Bucket: volume20014/bucket44758, with bucket layout LEGACY, runner as owner, Versioning false, Storage Type set to DISK and Encryption set to false, Replication Type set to server-side default replication type, Namespace Quota set to -1, Space Quota set to -1 
2023-05-30 05:51:26,386 [OM StateMachine ApplyTransaction Thread - 0] INFO  bucket.OMBucketCreateRequest (OMBucketCreateRequest.java:validateAndUpdateCache(270)) - created bucket: bucket44758 of layout LEGACY in volume: volume20014
2023-05-30 05:51:26,439 [setup] INFO  contract.AbstractFSContractTestBase (AbstractFSContractTestBase.java:setup(194)) - Test filesystem = o3fs://bucket44758.volume20014 implemented by OzoneFileSystem{URI=o3fs://bucket44758.volume20014, workingDir=o3fs://bucket44758.volume20014/user/runner, userName=runner, statistics=21507 bytes read, 24110 bytes written, 103 read ops, 0 large read ops, 59 write ops}
2023-05-30 05:51:26,443 [JUnit-testCreateMakesParentDirs[1]] INFO  contract.AbstractFSContractTestBase (AbstractFSContractTestBase.java:describe(278)) - check that after creating a file its parent directories exist
]]></system-out>
  </testcase>
  <testcase name="testFileStatusBlocksizeEmptyFile" classname="ITestOzoneContractCreate" time="0.126">
    <system-out><![CDATA[2023-05-30 05:51:03,938 [setup] INFO  rpc.RpcClient (RpcClient.java:createVolume(459)) - Creating Volume: volume35932, with user15928 as owner and space quota set to -1 bytes, counts quota set to -1
2023-05-30 05:51:03,945 [OM StateMachine ApplyTransaction Thread - 0] INFO  volume.OMVolumeCreateRequest (OMVolumeCreateRequest.java:validateAndUpdateCache(196)) - created volume:volume35932 for user:user15928
2023-05-30 05:51:03,948 [setup] INFO  rpc.RpcClient (RpcClient.java:createBucket(686)) - Creating Bucket: volume35932/bucket25142, with bucket layout LEGACY, runner as owner, Versioning false, Storage Type set to DISK and Encryption set to false, Replication Type set to server-side default replication type, Namespace Quota set to -1, Space Quota set to -1 
2023-05-30 05:51:03,951 [OM StateMachine ApplyTransaction Thread - 0] INFO  bucket.OMBucketCreateRequest (OMBucketCreateRequest.java:validateAndUpdateCache(270)) - created bucket: bucket25142 of layout LEGACY in volume: volume35932
2023-05-30 05:51:04,014 [setup] INFO  contract.AbstractFSContractTestBase (AbstractFSContractTestBase.java:setup(194)) - Test filesystem = o3fs://bucket25142.volume35932 implemented by OzoneFileSystem{URI=o3fs://bucket25142.volume35932, workingDir=o3fs://bucket25142.volume35932/user/runner, userName=runner, statistics=2 bytes read, 790 bytes written, 29 read ops, 0 large read ops, 16 write ops}
2023-05-30 05:51:04,019 [JUnit-testFileStatusBlocksizeEmptyFile[0]] INFO  contract.AbstractFSContractTestBase (AbstractFSContractTestBase.java:describe(278)) - check that an empty file may return a 0-byte blocksize
]]></system-out>
  </testcase>
  <testcase name="testFileStatusBlocksizeEmptyFile" classname="ITestOzoneContractCreate" time="0.121">
    <system-out><![CDATA[2023-05-30 05:51:26,495 [setup] INFO  rpc.RpcClient (RpcClient.java:createVolume(459)) - Creating Volume: volume51413, with user59598 as owner and space quota set to -1 bytes, counts quota set to -1
2023-05-30 05:51:26,499 [OM StateMachine ApplyTransaction Thread - 0] INFO  volume.OMVolumeCreateRequest (OMVolumeCreateRequest.java:validateAndUpdateCache(196)) - created volume:volume51413 for user:user59598
2023-05-30 05:51:26,501 [setup] INFO  rpc.RpcClient (RpcClient.java:createBucket(686)) - Creating Bucket: volume51413/bucket60215, with bucket layout LEGACY, runner as owner, Versioning false, Storage Type set to DISK and Encryption set to false, Replication Type set to server-side default replication type, Namespace Quota set to -1, Space Quota set to -1 
2023-05-30 05:51:26,505 [OM StateMachine ApplyTransaction Thread - 0] INFO  bucket.OMBucketCreateRequest (OMBucketCreateRequest.java:validateAndUpdateCache(270)) - created bucket: bucket60215 of layout LEGACY in volume: volume51413
2023-05-30 05:51:26,555 [setup] INFO  contract.AbstractFSContractTestBase (AbstractFSContractTestBase.java:setup(194)) - Test filesystem = o3fs://bucket60215.volume51413 implemented by OzoneFileSystem{URI=o3fs://bucket60215.volume51413, workingDir=o3fs://bucket60215.volume51413/user/runner, userName=runner, statistics=21507 bytes read, 24110 bytes written, 109 read ops, 0 large read ops, 61 write ops}
2023-05-30 05:51:26,560 [JUnit-testFileStatusBlocksizeEmptyFile[1]] INFO  contract.AbstractFSContractTestBase (AbstractFSContractTestBase.java:describe(278)) - check that an empty file may return a 0-byte blocksize
]]></system-out>
  </testcase>
  <testcase name="testCreatedFileIsImmediatelyVisible" classname="ITestOzoneContractCreate" time="0">
    <skipped type="org.junit.AssumptionViolatedException"><![CDATA[org.junit.AssumptionViolatedException: This Filesystem delays visibility of newly created files
	at org.apache.hadoop.fs.contract.ContractTestUtils.skip(ContractTestUtils.java:538)
	at org.apache.hadoop.fs.contract.AbstractContractCreateTest.testCreatedFileIsImmediatelyVisible(AbstractContractCreateTest.java:227)
	at sun.reflect.NativeMethodAccessorImpl.invoke0(Native Method)
	at sun.reflect.NativeMethodAccessorImpl.invoke(NativeMethodAccessorImpl.java:62)
	at sun.reflect.DelegatingMethodAccessorImpl.invoke(DelegatingMethodAccessorImpl.java:43)
	at java.lang.reflect.Method.invoke(Method.java:498)
	at org.junit.runners.model.FrameworkMethod$1.runReflectiveCall(FrameworkMethod.java:59)
	at org.junit.internal.runners.model.ReflectiveCallable.run(ReflectiveCallable.java:12)
	at org.junit.runners.model.FrameworkMethod.invokeExplosively(FrameworkMethod.java:56)
	at org.junit.internal.runners.statements.InvokeMethod.evaluate(InvokeMethod.java:17)
	at org.junit.internal.runners.statements.RunBefores.evaluate(RunBefores.java:26)
	at org.junit.internal.runners.statements.RunAfters.evaluate(RunAfters.java:27)
	at org.junit.rules.TestWatcher$1.evaluate(TestWatcher.java:61)
	at org.junit.internal.runners.statements.FailOnTimeout$CallableStatement.call(FailOnTimeout.java:288)
	at org.junit.internal.runners.statements.FailOnTimeout$CallableStatement.call(FailOnTimeout.java:282)
	at java.util.concurrent.FutureTask.run(FutureTask.java:266)
	at java.lang.Thread.run(Thread.java:750)
]]></skipped>
    <system-out><![CDATA[2023-05-30 05:51:04,075 [setup] INFO  rpc.RpcClient (RpcClient.java:createVolume(459)) - Creating Volume: volume36576, with user54462 as owner and space quota set to -1 bytes, counts quota set to -1
2023-05-30 05:51:04,079 [OM StateMachine ApplyTransaction Thread - 0] INFO  volume.OMVolumeCreateRequest (OMVolumeCreateRequest.java:validateAndUpdateCache(196)) - created volume:volume36576 for user:user54462
2023-05-30 05:51:04,084 [setup] INFO  rpc.RpcClient (RpcClient.java:createBucket(686)) - Creating Bucket: volume36576/bucket20520, with bucket layout LEGACY, runner as owner, Versioning false, Storage Type set to DISK and Encryption set to false, Replication Type set to server-side default replication type, Namespace Quota set to -1, Space Quota set to -1 
2023-05-30 05:51:04,089 [OM StateMachine ApplyTransaction Thread - 0] INFO  bucket.OMBucketCreateRequest (OMBucketCreateRequest.java:validateAndUpdateCache(270)) - created bucket: bucket20520 of layout LEGACY in volume: volume36576
2023-05-30 05:51:04,151 [setup] INFO  contract.AbstractFSContractTestBase (AbstractFSContractTestBase.java:setup(194)) - Test filesystem = o3fs://bucket20520.volume36576 implemented by OzoneFileSystem{URI=o3fs://bucket20520.volume36576, workingDir=o3fs://bucket20520.volume36576/user/runner, userName=runner, statistics=2 bytes read, 790 bytes written, 32 read ops, 0 large read ops, 18 write ops}
2023-05-30 05:51:04,157 [JUnit-testCreatedFileIsImmediatelyVisible[0]] INFO  contract.AbstractFSContractTestBase (AbstractFSContractTestBase.java:describe(278)) - verify that a newly created file exists as soon as open returns
05:51:04.167 [IPC Server handler 8 on default port 15004] ERROR OMAudit - user=runner | ip=127.0.0.1 | op=GET_FILE_STATUS {volume=volume36576, bucket=bucket20520, key=test/testCreatedFileIsImmediatelyVisible, dataSize=0, replicationConfig=null} | ret=FAILURE
org.apache.hadoop.ozone.om.exceptions.OMException: Unable to get file status: volume: volume36576 bucket: bucket20520 key: test/testCreatedFileIsImmediatelyVisible
	at org.apache.hadoop.ozone.om.KeyManagerImpl.getOzoneFileStatus(KeyManagerImpl.java:1197) ~[ozone-manager-1.4.0-SNAPSHOT.jar:?]
	at org.apache.hadoop.ozone.om.KeyManagerImpl.getFileStatus(KeyManagerImpl.java:1115) ~[ozone-manager-1.4.0-SNAPSHOT.jar:?]
	at org.apache.hadoop.ozone.om.OmMetadataReader.getFileStatus(OmMetadataReader.java:287) ~[ozone-manager-1.4.0-SNAPSHOT.jar:?]
	at org.apache.hadoop.ozone.om.OzoneManager.getFileStatus(OzoneManager.java:3552) ~[ozone-manager-1.4.0-SNAPSHOT.jar:?]
	at org.apache.hadoop.ozone.protocolPB.OzoneManagerRequestHandler.getOzoneFileStatus(OzoneManagerRequestHandler.java:935) ~[ozone-manager-1.4.0-SNAPSHOT.jar:?]
	at org.apache.hadoop.ozone.protocolPB.OzoneManagerRequestHandler.handleReadRequest(OzoneManagerRequestHandler.java:238) ~[ozone-manager-1.4.0-SNAPSHOT.jar:?]
	at org.apache.hadoop.ozone.protocolPB.OzoneManagerProtocolServerSideTranslatorPB.submitReadRequestToOM(OzoneManagerProtocolServerSideTranslatorPB.java:223) ~[ozone-manager-1.4.0-SNAPSHOT.jar:?]
	at org.apache.hadoop.ozone.protocolPB.OzoneManagerProtocolServerSideTranslatorPB.processRequest(OzoneManagerProtocolServerSideTranslatorPB.java:177) ~[ozone-manager-1.4.0-SNAPSHOT.jar:?]
	at org.apache.hadoop.hdds.server.OzoneProtocolMessageDispatcher.processRequest(OzoneProtocolMessageDispatcher.java:87) [hdds-server-framework-1.4.0-SNAPSHOT.jar:?]
	at org.apache.hadoop.ozone.protocolPB.OzoneManagerProtocolServerSideTranslatorPB.submitRequest(OzoneManagerProtocolServerSideTranslatorPB.java:147) [ozone-manager-1.4.0-SNAPSHOT.jar:?]
	at org.apache.hadoop.ozone.protocol.proto.OzoneManagerProtocolProtos$OzoneManagerService$2.callBlockingMethod(OzoneManagerProtocolProtos.java) [ozone-interface-client-1.4.0-SNAPSHOT.jar:?]
	at org.apache.hadoop.ipc.ProtobufRpcEngine$Server.processCall(ProtobufRpcEngine.java:484) [hadoop-common-3.3.5.jar:?]
	at org.apache.hadoop.ipc.ProtobufRpcEngine2$Server$ProtoBufRpcInvoker.call(ProtobufRpcEngine2.java:595) [hadoop-common-3.3.5.jar:?]
	at org.apache.hadoop.ipc.ProtobufRpcEngine2$Server$ProtoBufRpcInvoker.call(ProtobufRpcEngine2.java:573) [hadoop-common-3.3.5.jar:?]
	at org.apache.hadoop.ipc.RPC$Server.call(RPC.java:1213) [hadoop-common-3.3.5.jar:?]
	at org.apache.hadoop.ipc.Server$RpcCall.run(Server.java:1089) [hadoop-common-3.3.5.jar:?]
	at org.apache.hadoop.ipc.Server$RpcCall.run(Server.java:1012) [hadoop-common-3.3.5.jar:?]
	at java.security.AccessController.doPrivileged(Native Method) ~[?:1.8.0_362]
	at javax.security.auth.Subject.doAs(Subject.java:422) [?:1.8.0_362]
	at org.apache.hadoop.security.UserGroupInformation.doAs(UserGroupInformation.java:1899) [hadoop-common-3.3.5.jar:?]
	at org.apache.hadoop.ipc.Server$Handler.run(Server.java:3026) [hadoop-common-3.3.5.jar:?]
2023-05-30 05:51:04,168 [JUnit-testCreatedFileIsImmediatelyVisible[0]] INFO  contract.ContractTestUtils (ContractTestUtils.java:skip(537)) - Skipping: This Filesystem delays visibility of newly created files
]]></system-out>
  </testcase>
  <testcase name="testCreatedFileIsImmediatelyVisible" classname="ITestOzoneContractCreate" time="0">
    <skipped type="org.junit.AssumptionViolatedException"><![CDATA[org.junit.AssumptionViolatedException: This Filesystem delays visibility of newly created files
	at org.apache.hadoop.fs.contract.ContractTestUtils.skip(ContractTestUtils.java:538)
	at org.apache.hadoop.fs.contract.AbstractContractCreateTest.testCreatedFileIsImmediatelyVisible(AbstractContractCreateTest.java:227)
	at sun.reflect.NativeMethodAccessorImpl.invoke0(Native Method)
	at sun.reflect.NativeMethodAccessorImpl.invoke(NativeMethodAccessorImpl.java:62)
	at sun.reflect.DelegatingMethodAccessorImpl.invoke(DelegatingMethodAccessorImpl.java:43)
	at java.lang.reflect.Method.invoke(Method.java:498)
	at org.junit.runners.model.FrameworkMethod$1.runReflectiveCall(FrameworkMethod.java:59)
	at org.junit.internal.runners.model.ReflectiveCallable.run(ReflectiveCallable.java:12)
	at org.junit.runners.model.FrameworkMethod.invokeExplosively(FrameworkMethod.java:56)
	at org.junit.internal.runners.statements.InvokeMethod.evaluate(InvokeMethod.java:17)
	at org.junit.internal.runners.statements.RunBefores.evaluate(RunBefores.java:26)
	at org.junit.internal.runners.statements.RunAfters.evaluate(RunAfters.java:27)
	at org.junit.rules.TestWatcher$1.evaluate(TestWatcher.java:61)
	at org.junit.internal.runners.statements.FailOnTimeout$CallableStatement.call(FailOnTimeout.java:288)
	at org.junit.internal.runners.statements.FailOnTimeout$CallableStatement.call(FailOnTimeout.java:282)
	at java.util.concurrent.FutureTask.run(FutureTask.java:266)
	at java.lang.Thread.run(Thread.java:750)
]]></skipped>
    <system-out><![CDATA[2023-05-30 05:51:26,622 [setup] INFO  rpc.RpcClient (RpcClient.java:createVolume(459)) - Creating Volume: volume13683, with user67755 as owner and space quota set to -1 bytes, counts quota set to -1
2023-05-30 05:51:26,625 [OM StateMachine ApplyTransaction Thread - 0] INFO  volume.OMVolumeCreateRequest (OMVolumeCreateRequest.java:validateAndUpdateCache(196)) - created volume:volume13683 for user:user67755
2023-05-30 05:51:26,628 [setup] INFO  rpc.RpcClient (RpcClient.java:createBucket(686)) - Creating Bucket: volume13683/bucket69317, with bucket layout LEGACY, runner as owner, Versioning false, Storage Type set to DISK and Encryption set to false, Replication Type set to server-side default replication type, Namespace Quota set to -1, Space Quota set to -1 
2023-05-30 05:51:26,630 [OM StateMachine ApplyTransaction Thread - 0] INFO  bucket.OMBucketCreateRequest (OMBucketCreateRequest.java:validateAndUpdateCache(270)) - created bucket: bucket69317 of layout LEGACY in volume: volume13683
2023-05-30 05:51:26,686 [setup] INFO  contract.AbstractFSContractTestBase (AbstractFSContractTestBase.java:setup(194)) - Test filesystem = o3fs://bucket69317.volume13683 implemented by OzoneFileSystem{URI=o3fs://bucket69317.volume13683, workingDir=o3fs://bucket69317.volume13683/user/runner, userName=runner, statistics=21507 bytes read, 24110 bytes written, 112 read ops, 0 large read ops, 63 write ops}
2023-05-30 05:51:26,692 [JUnit-testCreatedFileIsImmediatelyVisible[1]] INFO  contract.AbstractFSContractTestBase (AbstractFSContractTestBase.java:describe(278)) - verify that a newly created file exists as soon as open returns
05:51:26.702 [IPC Server handler 18 on default port 15057] ERROR OMAudit - user=runner | ip=127.0.0.1 | op=GET_FILE_STATUS {volume=volume13683, bucket=bucket69317, key=test/testCreatedFileIsImmediatelyVisible, dataSize=0, replicationConfig=null} | ret=FAILURE
org.apache.hadoop.ozone.om.exceptions.OMException: Unable to get file status: volume: volume13683 bucket: bucket69317 key: test/testCreatedFileIsImmediatelyVisible
	at org.apache.hadoop.ozone.om.KeyManagerImpl.getOzoneFileStatus(KeyManagerImpl.java:1197) ~[ozone-manager-1.4.0-SNAPSHOT.jar:?]
	at org.apache.hadoop.ozone.om.KeyManagerImpl.getFileStatus(KeyManagerImpl.java:1115) ~[ozone-manager-1.4.0-SNAPSHOT.jar:?]
	at org.apache.hadoop.ozone.om.OmMetadataReader.getFileStatus(OmMetadataReader.java:287) ~[ozone-manager-1.4.0-SNAPSHOT.jar:?]
	at org.apache.hadoop.ozone.om.OzoneManager.getFileStatus(OzoneManager.java:3552) ~[ozone-manager-1.4.0-SNAPSHOT.jar:?]
	at org.apache.hadoop.ozone.protocolPB.OzoneManagerRequestHandler.getOzoneFileStatus(OzoneManagerRequestHandler.java:935) ~[ozone-manager-1.4.0-SNAPSHOT.jar:?]
	at org.apache.hadoop.ozone.protocolPB.OzoneManagerRequestHandler.handleReadRequest(OzoneManagerRequestHandler.java:238) ~[ozone-manager-1.4.0-SNAPSHOT.jar:?]
	at org.apache.hadoop.ozone.protocolPB.OzoneManagerProtocolServerSideTranslatorPB.submitReadRequestToOM(OzoneManagerProtocolServerSideTranslatorPB.java:223) ~[ozone-manager-1.4.0-SNAPSHOT.jar:?]
	at org.apache.hadoop.ozone.protocolPB.OzoneManagerProtocolServerSideTranslatorPB.processRequest(OzoneManagerProtocolServerSideTranslatorPB.java:177) ~[ozone-manager-1.4.0-SNAPSHOT.jar:?]
	at org.apache.hadoop.hdds.server.OzoneProtocolMessageDispatcher.processRequest(OzoneProtocolMessageDispatcher.java:87) [hdds-server-framework-1.4.0-SNAPSHOT.jar:?]
	at org.apache.hadoop.ozone.protocolPB.OzoneManagerProtocolServerSideTranslatorPB.submitRequest(OzoneManagerProtocolServerSideTranslatorPB.java:147) [ozone-manager-1.4.0-SNAPSHOT.jar:?]
	at org.apache.hadoop.ozone.protocol.proto.OzoneManagerProtocolProtos$OzoneManagerService$2.callBlockingMethod(OzoneManagerProtocolProtos.java) [ozone-interface-client-1.4.0-SNAPSHOT.jar:?]
	at org.apache.hadoop.ipc.ProtobufRpcEngine$Server.processCall(ProtobufRpcEngine.java:484) [hadoop-common-3.3.5.jar:?]
	at org.apache.hadoop.ipc.ProtobufRpcEngine2$Server$ProtoBufRpcInvoker.call(ProtobufRpcEngine2.java:595) [hadoop-common-3.3.5.jar:?]
	at org.apache.hadoop.ipc.ProtobufRpcEngine2$Server$ProtoBufRpcInvoker.call(ProtobufRpcEngine2.java:573) [hadoop-common-3.3.5.jar:?]
	at org.apache.hadoop.ipc.RPC$Server.call(RPC.java:1213) [hadoop-common-3.3.5.jar:?]
	at org.apache.hadoop.ipc.Server$RpcCall.run(Server.java:1089) [hadoop-common-3.3.5.jar:?]
	at org.apache.hadoop.ipc.Server$RpcCall.run(Server.java:1012) [hadoop-common-3.3.5.jar:?]
	at java.security.AccessController.doPrivileged(Native Method) ~[?:1.8.0_362]
	at javax.security.auth.Subject.doAs(Subject.java:422) [?:1.8.0_362]
	at org.apache.hadoop.security.UserGroupInformation.doAs(UserGroupInformation.java:1899) [hadoop-common-3.3.5.jar:?]
	at org.apache.hadoop.ipc.Server$Handler.run(Server.java:3026) [hadoop-common-3.3.5.jar:?]
2023-05-30 05:51:26,703 [JUnit-testCreatedFileIsImmediatelyVisible[1]] INFO  contract.ContractTestUtils (ContractTestUtils.java:skip(537)) - Skipping: This Filesystem delays visibility of newly created files
]]></system-out>
  </testcase>
  <testcase name="testCreatedFileIsVisibleOnFlush" classname="ITestOzoneContractCreate" time="0">
    <skipped type="org.junit.AssumptionViolatedException"><![CDATA[org.junit.AssumptionViolatedException: For object store or some file systems, newly created files are not immediately visible
	at org.apache.hadoop.fs.contract.ContractTestUtils.skip(ContractTestUtils.java:538)
	at org.apache.hadoop.fs.contract.AbstractContractCreateTest.testCreatedFileIsVisibleOnFlush(AbstractContractCreateTest.java:253)
	at sun.reflect.NativeMethodAccessorImpl.invoke0(Native Method)
	at sun.reflect.NativeMethodAccessorImpl.invoke(NativeMethodAccessorImpl.java:62)
	at sun.reflect.DelegatingMethodAccessorImpl.invoke(DelegatingMethodAccessorImpl.java:43)
	at java.lang.reflect.Method.invoke(Method.java:498)
	at org.junit.runners.model.FrameworkMethod$1.runReflectiveCall(FrameworkMethod.java:59)
	at org.junit.internal.runners.model.ReflectiveCallable.run(ReflectiveCallable.java:12)
	at org.junit.runners.model.FrameworkMethod.invokeExplosively(FrameworkMethod.java:56)
	at org.junit.internal.runners.statements.InvokeMethod.evaluate(InvokeMethod.java:17)
	at org.junit.internal.runners.statements.RunBefores.evaluate(RunBefores.java:26)
	at org.junit.internal.runners.statements.RunAfters.evaluate(RunAfters.java:27)
	at org.junit.rules.TestWatcher$1.evaluate(TestWatcher.java:61)
	at org.junit.internal.runners.statements.FailOnTimeout$CallableStatement.call(FailOnTimeout.java:288)
	at org.junit.internal.runners.statements.FailOnTimeout$CallableStatement.call(FailOnTimeout.java:282)
	at java.util.concurrent.FutureTask.run(FutureTask.java:266)
	at java.lang.Thread.run(Thread.java:750)
]]></skipped>
    <system-out><![CDATA[2023-05-30 05:51:04,212 [setup] INFO  rpc.RpcClient (RpcClient.java:createVolume(459)) - Creating Volume: volume09860, with user34717 as owner and space quota set to -1 bytes, counts quota set to -1
2023-05-30 05:51:04,218 [OM StateMachine ApplyTransaction Thread - 0] INFO  volume.OMVolumeCreateRequest (OMVolumeCreateRequest.java:validateAndUpdateCache(196)) - created volume:volume09860 for user:user34717
2023-05-30 05:51:04,222 [setup] INFO  rpc.RpcClient (RpcClient.java:createBucket(686)) - Creating Bucket: volume09860/bucket02431, with bucket layout LEGACY, runner as owner, Versioning false, Storage Type set to DISK and Encryption set to false, Replication Type set to server-side default replication type, Namespace Quota set to -1, Space Quota set to -1 
2023-05-30 05:51:04,225 [OM StateMachine ApplyTransaction Thread - 0] INFO  bucket.OMBucketCreateRequest (OMBucketCreateRequest.java:validateAndUpdateCache(270)) - created bucket: bucket02431 of layout LEGACY in volume: volume09860
2023-05-30 05:51:04,282 [setup] INFO  contract.AbstractFSContractTestBase (AbstractFSContractTestBase.java:setup(194)) - Test filesystem = o3fs://bucket02431.volume09860 implemented by OzoneFileSystem{URI=o3fs://bucket02431.volume09860, workingDir=o3fs://bucket02431.volume09860/user/runner, userName=runner, statistics=2 bytes read, 790 bytes written, 35 read ops, 0 large read ops, 20 write ops}
2023-05-30 05:51:04,288 [JUnit-testCreatedFileIsVisibleOnFlush[0]] INFO  contract.AbstractFSContractTestBase (AbstractFSContractTestBase.java:describe(278)) - verify that a newly created file exists once a flush has taken place
05:51:04.301 [IPC Server handler 19 on default port 15004] ERROR OMAudit - user=runner | ip=127.0.0.1 | op=GET_FILE_STATUS {volume=volume09860, bucket=bucket02431, key=test/testCreatedFileIsVisibleOnFlush, dataSize=0, replicationConfig=null} | ret=FAILURE
org.apache.hadoop.ozone.om.exceptions.OMException: Unable to get file status: volume: volume09860 bucket: bucket02431 key: test/testCreatedFileIsVisibleOnFlush
	at org.apache.hadoop.ozone.om.KeyManagerImpl.getOzoneFileStatus(KeyManagerImpl.java:1197) ~[ozone-manager-1.4.0-SNAPSHOT.jar:?]
	at org.apache.hadoop.ozone.om.KeyManagerImpl.getFileStatus(KeyManagerImpl.java:1115) ~[ozone-manager-1.4.0-SNAPSHOT.jar:?]
	at org.apache.hadoop.ozone.om.OmMetadataReader.getFileStatus(OmMetadataReader.java:287) ~[ozone-manager-1.4.0-SNAPSHOT.jar:?]
	at org.apache.hadoop.ozone.om.OzoneManager.getFileStatus(OzoneManager.java:3552) ~[ozone-manager-1.4.0-SNAPSHOT.jar:?]
	at org.apache.hadoop.ozone.protocolPB.OzoneManagerRequestHandler.getOzoneFileStatus(OzoneManagerRequestHandler.java:935) ~[ozone-manager-1.4.0-SNAPSHOT.jar:?]
	at org.apache.hadoop.ozone.protocolPB.OzoneManagerRequestHandler.handleReadRequest(OzoneManagerRequestHandler.java:238) ~[ozone-manager-1.4.0-SNAPSHOT.jar:?]
	at org.apache.hadoop.ozone.protocolPB.OzoneManagerProtocolServerSideTranslatorPB.submitReadRequestToOM(OzoneManagerProtocolServerSideTranslatorPB.java:223) ~[ozone-manager-1.4.0-SNAPSHOT.jar:?]
	at org.apache.hadoop.ozone.protocolPB.OzoneManagerProtocolServerSideTranslatorPB.processRequest(OzoneManagerProtocolServerSideTranslatorPB.java:177) ~[ozone-manager-1.4.0-SNAPSHOT.jar:?]
	at org.apache.hadoop.hdds.server.OzoneProtocolMessageDispatcher.processRequest(OzoneProtocolMessageDispatcher.java:87) [hdds-server-framework-1.4.0-SNAPSHOT.jar:?]
	at org.apache.hadoop.ozone.protocolPB.OzoneManagerProtocolServerSideTranslatorPB.submitRequest(OzoneManagerProtocolServerSideTranslatorPB.java:147) [ozone-manager-1.4.0-SNAPSHOT.jar:?]
	at org.apache.hadoop.ozone.protocol.proto.OzoneManagerProtocolProtos$OzoneManagerService$2.callBlockingMethod(OzoneManagerProtocolProtos.java) [ozone-interface-client-1.4.0-SNAPSHOT.jar:?]
	at org.apache.hadoop.ipc.ProtobufRpcEngine$Server.processCall(ProtobufRpcEngine.java:484) [hadoop-common-3.3.5.jar:?]
	at org.apache.hadoop.ipc.ProtobufRpcEngine2$Server$ProtoBufRpcInvoker.call(ProtobufRpcEngine2.java:595) [hadoop-common-3.3.5.jar:?]
	at org.apache.hadoop.ipc.ProtobufRpcEngine2$Server$ProtoBufRpcInvoker.call(ProtobufRpcEngine2.java:573) [hadoop-common-3.3.5.jar:?]
	at org.apache.hadoop.ipc.RPC$Server.call(RPC.java:1213) [hadoop-common-3.3.5.jar:?]
	at org.apache.hadoop.ipc.Server$RpcCall.run(Server.java:1089) [hadoop-common-3.3.5.jar:?]
	at org.apache.hadoop.ipc.Server$RpcCall.run(Server.java:1012) [hadoop-common-3.3.5.jar:?]
	at java.security.AccessController.doPrivileged(Native Method) ~[?:1.8.0_362]
	at javax.security.auth.Subject.doAs(Subject.java:422) [?:1.8.0_362]
	at org.apache.hadoop.security.UserGroupInformation.doAs(UserGroupInformation.java:1899) [hadoop-common-3.3.5.jar:?]
	at org.apache.hadoop.ipc.Server$Handler.run(Server.java:3026) [hadoop-common-3.3.5.jar:?]
2023-05-30 05:51:04,302 [JUnit-testCreatedFileIsVisibleOnFlush[0]] INFO  contract.ContractTestUtils (ContractTestUtils.java:skip(537)) - Skipping: For object store or some file systems, newly created files are not immediately visible
]]></system-out>
  </testcase>
  <testcase name="testCreatedFileIsVisibleOnFlush" classname="ITestOzoneContractCreate" time="0">
    <skipped type="org.junit.AssumptionViolatedException"><![CDATA[org.junit.AssumptionViolatedException: For object store or some file systems, newly created files are not immediately visible
	at org.apache.hadoop.fs.contract.ContractTestUtils.skip(ContractTestUtils.java:538)
	at org.apache.hadoop.fs.contract.AbstractContractCreateTest.testCreatedFileIsVisibleOnFlush(AbstractContractCreateTest.java:253)
	at sun.reflect.NativeMethodAccessorImpl.invoke0(Native Method)
	at sun.reflect.NativeMethodAccessorImpl.invoke(NativeMethodAccessorImpl.java:62)
	at sun.reflect.DelegatingMethodAccessorImpl.invoke(DelegatingMethodAccessorImpl.java:43)
	at java.lang.reflect.Method.invoke(Method.java:498)
	at org.junit.runners.model.FrameworkMethod$1.runReflectiveCall(FrameworkMethod.java:59)
	at org.junit.internal.runners.model.ReflectiveCallable.run(ReflectiveCallable.java:12)
	at org.junit.runners.model.FrameworkMethod.invokeExplosively(FrameworkMethod.java:56)
	at org.junit.internal.runners.statements.InvokeMethod.evaluate(InvokeMethod.java:17)
	at org.junit.internal.runners.statements.RunBefores.evaluate(RunBefores.java:26)
	at org.junit.internal.runners.statements.RunAfters.evaluate(RunAfters.java:27)
	at org.junit.rules.TestWatcher$1.evaluate(TestWatcher.java:61)
	at org.junit.internal.runners.statements.FailOnTimeout$CallableStatement.call(FailOnTimeout.java:288)
	at org.junit.internal.runners.statements.FailOnTimeout$CallableStatement.call(FailOnTimeout.java:282)
	at java.util.concurrent.FutureTask.run(FutureTask.java:266)
	at java.lang.Thread.run(Thread.java:750)
]]></skipped>
    <system-out><![CDATA[2023-05-30 05:51:26,739 [setup] INFO  rpc.RpcClient (RpcClient.java:createVolume(459)) - Creating Volume: volume21630, with user42564 as owner and space quota set to -1 bytes, counts quota set to -1
2023-05-30 05:51:26,742 [OM StateMachine ApplyTransaction Thread - 0] INFO  volume.OMVolumeCreateRequest (OMVolumeCreateRequest.java:validateAndUpdateCache(196)) - created volume:volume21630 for user:user42564
2023-05-30 05:51:26,744 [setup] INFO  rpc.RpcClient (RpcClient.java:createBucket(686)) - Creating Bucket: volume21630/bucket70365, with bucket layout LEGACY, runner as owner, Versioning false, Storage Type set to DISK and Encryption set to false, Replication Type set to server-side default replication type, Namespace Quota set to -1, Space Quota set to -1 
2023-05-30 05:51:26,747 [OM StateMachine ApplyTransaction Thread - 0] INFO  bucket.OMBucketCreateRequest (OMBucketCreateRequest.java:validateAndUpdateCache(270)) - created bucket: bucket70365 of layout LEGACY in volume: volume21630
2023-05-30 05:51:26,798 [setup] INFO  contract.AbstractFSContractTestBase (AbstractFSContractTestBase.java:setup(194)) - Test filesystem = o3fs://bucket70365.volume21630 implemented by OzoneFileSystem{URI=o3fs://bucket70365.volume21630, workingDir=o3fs://bucket70365.volume21630/user/runner, userName=runner, statistics=21507 bytes read, 24110 bytes written, 115 read ops, 0 large read ops, 65 write ops}
2023-05-30 05:51:26,804 [JUnit-testCreatedFileIsVisibleOnFlush[1]] INFO  contract.AbstractFSContractTestBase (AbstractFSContractTestBase.java:describe(278)) - verify that a newly created file exists once a flush has taken place
05:51:26.815 [IPC Server handler 15 on default port 15057] ERROR OMAudit - user=runner | ip=127.0.0.1 | op=GET_FILE_STATUS {volume=volume21630, bucket=bucket70365, key=test/testCreatedFileIsVisibleOnFlush, dataSize=0, replicationConfig=null} | ret=FAILURE
org.apache.hadoop.ozone.om.exceptions.OMException: Unable to get file status: volume: volume21630 bucket: bucket70365 key: test/testCreatedFileIsVisibleOnFlush
	at org.apache.hadoop.ozone.om.KeyManagerImpl.getOzoneFileStatus(KeyManagerImpl.java:1197) ~[ozone-manager-1.4.0-SNAPSHOT.jar:?]
	at org.apache.hadoop.ozone.om.KeyManagerImpl.getFileStatus(KeyManagerImpl.java:1115) ~[ozone-manager-1.4.0-SNAPSHOT.jar:?]
	at org.apache.hadoop.ozone.om.OmMetadataReader.getFileStatus(OmMetadataReader.java:287) ~[ozone-manager-1.4.0-SNAPSHOT.jar:?]
	at org.apache.hadoop.ozone.om.OzoneManager.getFileStatus(OzoneManager.java:3552) ~[ozone-manager-1.4.0-SNAPSHOT.jar:?]
	at org.apache.hadoop.ozone.protocolPB.OzoneManagerRequestHandler.getOzoneFileStatus(OzoneManagerRequestHandler.java:935) ~[ozone-manager-1.4.0-SNAPSHOT.jar:?]
	at org.apache.hadoop.ozone.protocolPB.OzoneManagerRequestHandler.handleReadRequest(OzoneManagerRequestHandler.java:238) ~[ozone-manager-1.4.0-SNAPSHOT.jar:?]
	at org.apache.hadoop.ozone.protocolPB.OzoneManagerProtocolServerSideTranslatorPB.submitReadRequestToOM(OzoneManagerProtocolServerSideTranslatorPB.java:223) ~[ozone-manager-1.4.0-SNAPSHOT.jar:?]
	at org.apache.hadoop.ozone.protocolPB.OzoneManagerProtocolServerSideTranslatorPB.processRequest(OzoneManagerProtocolServerSideTranslatorPB.java:177) ~[ozone-manager-1.4.0-SNAPSHOT.jar:?]
	at org.apache.hadoop.hdds.server.OzoneProtocolMessageDispatcher.processRequest(OzoneProtocolMessageDispatcher.java:87) [hdds-server-framework-1.4.0-SNAPSHOT.jar:?]
	at org.apache.hadoop.ozone.protocolPB.OzoneManagerProtocolServerSideTranslatorPB.submitRequest(OzoneManagerProtocolServerSideTranslatorPB.java:147) [ozone-manager-1.4.0-SNAPSHOT.jar:?]
	at org.apache.hadoop.ozone.protocol.proto.OzoneManagerProtocolProtos$OzoneManagerService$2.callBlockingMethod(OzoneManagerProtocolProtos.java) [ozone-interface-client-1.4.0-SNAPSHOT.jar:?]
	at org.apache.hadoop.ipc.ProtobufRpcEngine$Server.processCall(ProtobufRpcEngine.java:484) [hadoop-common-3.3.5.jar:?]
	at org.apache.hadoop.ipc.ProtobufRpcEngine2$Server$ProtoBufRpcInvoker.call(ProtobufRpcEngine2.java:595) [hadoop-common-3.3.5.jar:?]
	at org.apache.hadoop.ipc.ProtobufRpcEngine2$Server$ProtoBufRpcInvoker.call(ProtobufRpcEngine2.java:573) [hadoop-common-3.3.5.jar:?]
	at org.apache.hadoop.ipc.RPC$Server.call(RPC.java:1213) [hadoop-common-3.3.5.jar:?]
	at org.apache.hadoop.ipc.Server$RpcCall.run(Server.java:1089) [hadoop-common-3.3.5.jar:?]
	at org.apache.hadoop.ipc.Server$RpcCall.run(Server.java:1012) [hadoop-common-3.3.5.jar:?]
	at java.security.AccessController.doPrivileged(Native Method) ~[?:1.8.0_362]
	at javax.security.auth.Subject.doAs(Subject.java:422) [?:1.8.0_362]
	at org.apache.hadoop.security.UserGroupInformation.doAs(UserGroupInformation.java:1899) [hadoop-common-3.3.5.jar:?]
	at org.apache.hadoop.ipc.Server$Handler.run(Server.java:3026) [hadoop-common-3.3.5.jar:?]
2023-05-30 05:51:26,815 [JUnit-testCreatedFileIsVisibleOnFlush[1]] INFO  contract.ContractTestUtils (ContractTestUtils.java:skip(537)) - Skipping: For object store or some file systems, newly created files are not immediately visible
]]></system-out>
  </testcase>
  <testcase name="testOverwriteEmptyDirectory" classname="ITestOzoneContractCreate" time="0.149">
    <system-out><![CDATA[2023-05-30 05:51:04,409 [setup] INFO  rpc.RpcClient (RpcClient.java:createVolume(459)) - Creating Volume: volume29551, with user29342 as owner and space quota set to -1 bytes, counts quota set to -1
2023-05-30 05:51:04,413 [OM StateMachine ApplyTransaction Thread - 0] INFO  volume.OMVolumeCreateRequest (OMVolumeCreateRequest.java:validateAndUpdateCache(196)) - created volume:volume29551 for user:user29342
2023-05-30 05:51:04,420 [setup] INFO  rpc.RpcClient (RpcClient.java:createBucket(686)) - Creating Bucket: volume29551/bucket84812, with bucket layout LEGACY, runner as owner, Versioning false, Storage Type set to DISK and Encryption set to false, Replication Type set to server-side default replication type, Namespace Quota set to -1, Space Quota set to -1 
2023-05-30 05:51:04,426 [OM StateMachine ApplyTransaction Thread - 0] INFO  bucket.OMBucketCreateRequest (OMBucketCreateRequest.java:validateAndUpdateCache(270)) - created bucket: bucket84812 of layout LEGACY in volume: volume29551
2023-05-30 05:51:04,486 [setup] INFO  contract.AbstractFSContractTestBase (AbstractFSContractTestBase.java:setup(194)) - Test filesystem = o3fs://bucket84812.volume29551 implemented by OzoneFileSystem{URI=o3fs://bucket84812.volume29551, workingDir=o3fs://bucket84812.volume29551/user/runner, userName=runner, statistics=2 bytes read, 791 bytes written, 38 read ops, 0 large read ops, 22 write ops}
2023-05-30 05:51:04,491 [JUnit-testOverwriteEmptyDirectory[0]] INFO  contract.AbstractFSContractTestBase (AbstractFSContractTestBase.java:describe(278)) - verify trying to create a file over an empty dir fails, use builder API=false
05:51:04.505 [OM StateMachine ApplyTransaction Thread - 0] ERROR OMAudit - user=runner | ip=127.0.0.1 | op=CREATE_FILE {volume=volume29551, bucket=bucket84812, key=test/testOverwriteEmptyDirectory, dataSize=4194304, replicationType=RATIS, replicationFactor=ONE} | ret=FAILURE
org.apache.hadoop.ozone.om.exceptions.OMException: Can not write to directory: test/testOverwriteEmptyDirectory
	at org.apache.hadoop.ozone.om.request.file.OMFileCreateRequest.checkDirectoryResult(OMFileCreateRequest.java:363) ~[ozone-manager-1.4.0-SNAPSHOT.jar:?]
	at org.apache.hadoop.ozone.om.request.file.OMFileCreateRequest.validateAndUpdateCache(OMFileCreateRequest.java:238) ~[ozone-manager-1.4.0-SNAPSHOT.jar:?]
	at org.apache.hadoop.ozone.protocolPB.OzoneManagerRequestHandler.handleWriteRequest(OzoneManagerRequestHandler.java:337) ~[ozone-manager-1.4.0-SNAPSHOT.jar:?]
	at org.apache.hadoop.ozone.om.ratis.OzoneManagerStateMachine.runCommand(OzoneManagerStateMachine.java:567) ~[ozone-manager-1.4.0-SNAPSHOT.jar:?]
	at org.apache.hadoop.ozone.om.ratis.OzoneManagerStateMachine.lambda$1(OzoneManagerStateMachine.java:358) ~[ozone-manager-1.4.0-SNAPSHOT.jar:?]
	at java.util.concurrent.CompletableFuture$AsyncSupply.run(CompletableFuture.java:1604) [?:1.8.0_362]
	at java.util.concurrent.ThreadPoolExecutor.runWorker(ThreadPoolExecutor.java:1149) [?:1.8.0_362]
	at java.util.concurrent.ThreadPoolExecutor$Worker.run(ThreadPoolExecutor.java:624) [?:1.8.0_362]
	at java.lang.Thread.run(Thread.java:750) [?:1.8.0_362]
2023-05-30 05:51:04,505 [OM StateMachine ApplyTransaction Thread - 0] ERROR file.OMFileCreateRequest (OMFileCreateRequest.java:validateAndUpdateCache(336)) - File create failed. Volume:volume29551, Bucket:bucket84812, Keytest/testOverwriteEmptyDirectory.
NOT_A_FILE org.apache.hadoop.ozone.om.exceptions.OMException: Can not write to directory: test/testOverwriteEmptyDirectory
	at org.apache.hadoop.ozone.om.request.file.OMFileCreateRequest.checkDirectoryResult(OMFileCreateRequest.java:363)
	at org.apache.hadoop.ozone.om.request.file.OMFileCreateRequest.validateAndUpdateCache(OMFileCreateRequest.java:238)
	at org.apache.hadoop.ozone.protocolPB.OzoneManagerRequestHandler.handleWriteRequest(OzoneManagerRequestHandler.java:337)
	at org.apache.hadoop.ozone.om.ratis.OzoneManagerStateMachine.runCommand(OzoneManagerStateMachine.java:567)
	at org.apache.hadoop.ozone.om.ratis.OzoneManagerStateMachine.lambda$1(OzoneManagerStateMachine.java:358)
	at java.util.concurrent.CompletableFuture$AsyncSupply.run(CompletableFuture.java:1604)
	at java.util.concurrent.ThreadPoolExecutor.runWorker(ThreadPoolExecutor.java:1149)
	at java.util.concurrent.ThreadPoolExecutor$Worker.run(ThreadPoolExecutor.java:624)
	at java.lang.Thread.run(Thread.java:750)
2023-05-30 05:51:04,509 [JUnit-testOverwriteEmptyDirectory[0]] INFO  contract.AbstractFSContractTestBase (AbstractFSContractTestBase.java:describe(278)) - verify trying to create a file over an empty dir fails, use builder API=true
05:51:04.521 [OM StateMachine ApplyTransaction Thread - 0] ERROR OMAudit - user=runner | ip=127.0.0.1 | op=CREATE_FILE {volume=volume29551, bucket=bucket84812, key=test/testOverwriteEmptyDirectory, dataSize=4194304, replicationType=RATIS, replicationFactor=ONE} | ret=FAILURE
org.apache.hadoop.ozone.om.exceptions.OMException: Can not write to directory: test/testOverwriteEmptyDirectory
	at org.apache.hadoop.ozone.om.request.file.OMFileCreateRequest.checkDirectoryResult(OMFileCreateRequest.java:363) ~[ozone-manager-1.4.0-SNAPSHOT.jar:?]
	at org.apache.hadoop.ozone.om.request.file.OMFileCreateRequest.validateAndUpdateCache(OMFileCreateRequest.java:238) ~[ozone-manager-1.4.0-SNAPSHOT.jar:?]
	at org.apache.hadoop.ozone.protocolPB.OzoneManagerRequestHandler.handleWriteRequest(OzoneManagerRequestHandler.java:337) ~[ozone-manager-1.4.0-SNAPSHOT.jar:?]
	at org.apache.hadoop.ozone.om.ratis.OzoneManagerStateMachine.runCommand(OzoneManagerStateMachine.java:567) ~[ozone-manager-1.4.0-SNAPSHOT.jar:?]
	at org.apache.hadoop.ozone.om.ratis.OzoneManagerStateMachine.lambda$1(OzoneManagerStateMachine.java:358) ~[ozone-manager-1.4.0-SNAPSHOT.jar:?]
	at java.util.concurrent.CompletableFuture$AsyncSupply.run(CompletableFuture.java:1604) [?:1.8.0_362]
	at java.util.concurrent.ThreadPoolExecutor.runWorker(ThreadPoolExecutor.java:1149) [?:1.8.0_362]
	at java.util.concurrent.ThreadPoolExecutor$Worker.run(ThreadPoolExecutor.java:624) [?:1.8.0_362]
	at java.lang.Thread.run(Thread.java:750) [?:1.8.0_362]
2023-05-30 05:51:04,521 [OM StateMachine ApplyTransaction Thread - 0] ERROR file.OMFileCreateRequest (OMFileCreateRequest.java:validateAndUpdateCache(336)) - File create failed. Volume:volume29551, Bucket:bucket84812, Keytest/testOverwriteEmptyDirectory.
NOT_A_FILE org.apache.hadoop.ozone.om.exceptions.OMException: Can not write to directory: test/testOverwriteEmptyDirectory
	at org.apache.hadoop.ozone.om.request.file.OMFileCreateRequest.checkDirectoryResult(OMFileCreateRequest.java:363)
	at org.apache.hadoop.ozone.om.request.file.OMFileCreateRequest.validateAndUpdateCache(OMFileCreateRequest.java:238)
	at org.apache.hadoop.ozone.protocolPB.OzoneManagerRequestHandler.handleWriteRequest(OzoneManagerRequestHandler.java:337)
	at org.apache.hadoop.ozone.om.ratis.OzoneManagerStateMachine.runCommand(OzoneManagerStateMachine.java:567)
	at org.apache.hadoop.ozone.om.ratis.OzoneManagerStateMachine.lambda$1(OzoneManagerStateMachine.java:358)
	at java.util.concurrent.CompletableFuture$AsyncSupply.run(CompletableFuture.java:1604)
	at java.util.concurrent.ThreadPoolExecutor.runWorker(ThreadPoolExecutor.java:1149)
	at java.util.concurrent.ThreadPoolExecutor$Worker.run(ThreadPoolExecutor.java:624)
	at java.lang.Thread.run(Thread.java:750)
]]></system-out>
  </testcase>
  <testcase name="testOverwriteEmptyDirectory" classname="ITestOzoneContractCreate" time="0.146">
    <system-out><![CDATA[2023-05-30 05:51:26,895 [setup] INFO  rpc.RpcClient (RpcClient.java:createVolume(459)) - Creating Volume: volume15326, with user81577 as owner and space quota set to -1 bytes, counts quota set to -1
2023-05-30 05:51:26,898 [OM StateMachine ApplyTransaction Thread - 0] INFO  volume.OMVolumeCreateRequest (OMVolumeCreateRequest.java:validateAndUpdateCache(196)) - created volume:volume15326 for user:user81577
2023-05-30 05:51:26,900 [setup] INFO  rpc.RpcClient (RpcClient.java:createBucket(686)) - Creating Bucket: volume15326/bucket37854, with bucket layout LEGACY, runner as owner, Versioning false, Storage Type set to DISK and Encryption set to false, Replication Type set to server-side default replication type, Namespace Quota set to -1, Space Quota set to -1 
2023-05-30 05:51:26,904 [OM StateMachine ApplyTransaction Thread - 0] INFO  bucket.OMBucketCreateRequest (OMBucketCreateRequest.java:validateAndUpdateCache(270)) - created bucket: bucket37854 of layout LEGACY in volume: volume15326
2023-05-30 05:51:26,969 [setup] INFO  contract.AbstractFSContractTestBase (AbstractFSContractTestBase.java:setup(194)) - Test filesystem = o3fs://bucket37854.volume15326 implemented by OzoneFileSystem{URI=o3fs://bucket37854.volume15326, workingDir=o3fs://bucket37854.volume15326/user/runner, userName=runner, statistics=21507 bytes read, 24111 bytes written, 118 read ops, 0 large read ops, 67 write ops}
2023-05-30 05:51:26,974 [JUnit-testOverwriteEmptyDirectory[1]] INFO  contract.AbstractFSContractTestBase (AbstractFSContractTestBase.java:describe(278)) - verify trying to create a file over an empty dir fails, use builder API=false
05:51:26.988 [OM StateMachine ApplyTransaction Thread - 0] ERROR OMAudit - user=runner | ip=127.0.0.1 | op=CREATE_FILE {volume=volume15326, bucket=bucket37854, key=test/testOverwriteEmptyDirectory, dataSize=4194304, replicationType=RATIS, replicationFactor=ONE} | ret=FAILURE
org.apache.hadoop.ozone.om.exceptions.OMException: Can not write to directory: test/testOverwriteEmptyDirectory
	at org.apache.hadoop.ozone.om.request.file.OMFileCreateRequest.checkDirectoryResult(OMFileCreateRequest.java:363) ~[ozone-manager-1.4.0-SNAPSHOT.jar:?]
	at org.apache.hadoop.ozone.om.request.file.OMFileCreateRequest.validateAndUpdateCache(OMFileCreateRequest.java:238) ~[ozone-manager-1.4.0-SNAPSHOT.jar:?]
	at org.apache.hadoop.ozone.protocolPB.OzoneManagerRequestHandler.handleWriteRequest(OzoneManagerRequestHandler.java:337) ~[ozone-manager-1.4.0-SNAPSHOT.jar:?]
	at org.apache.hadoop.ozone.om.ratis.OzoneManagerStateMachine.runCommand(OzoneManagerStateMachine.java:567) ~[ozone-manager-1.4.0-SNAPSHOT.jar:?]
	at org.apache.hadoop.ozone.om.ratis.OzoneManagerStateMachine.lambda$1(OzoneManagerStateMachine.java:358) ~[ozone-manager-1.4.0-SNAPSHOT.jar:?]
	at java.util.concurrent.CompletableFuture$AsyncSupply.run(CompletableFuture.java:1604) [?:1.8.0_362]
	at java.util.concurrent.ThreadPoolExecutor.runWorker(ThreadPoolExecutor.java:1149) [?:1.8.0_362]
	at java.util.concurrent.ThreadPoolExecutor$Worker.run(ThreadPoolExecutor.java:624) [?:1.8.0_362]
	at java.lang.Thread.run(Thread.java:750) [?:1.8.0_362]
2023-05-30 05:51:26,988 [OM StateMachine ApplyTransaction Thread - 0] ERROR file.OMFileCreateRequest (OMFileCreateRequest.java:validateAndUpdateCache(336)) - File create failed. Volume:volume15326, Bucket:bucket37854, Keytest/testOverwriteEmptyDirectory.
NOT_A_FILE org.apache.hadoop.ozone.om.exceptions.OMException: Can not write to directory: test/testOverwriteEmptyDirectory
	at org.apache.hadoop.ozone.om.request.file.OMFileCreateRequest.checkDirectoryResult(OMFileCreateRequest.java:363)
	at org.apache.hadoop.ozone.om.request.file.OMFileCreateRequest.validateAndUpdateCache(OMFileCreateRequest.java:238)
	at org.apache.hadoop.ozone.protocolPB.OzoneManagerRequestHandler.handleWriteRequest(OzoneManagerRequestHandler.java:337)
	at org.apache.hadoop.ozone.om.ratis.OzoneManagerStateMachine.runCommand(OzoneManagerStateMachine.java:567)
	at org.apache.hadoop.ozone.om.ratis.OzoneManagerStateMachine.lambda$1(OzoneManagerStateMachine.java:358)
	at java.util.concurrent.CompletableFuture$AsyncSupply.run(CompletableFuture.java:1604)
	at java.util.concurrent.ThreadPoolExecutor.runWorker(ThreadPoolExecutor.java:1149)
	at java.util.concurrent.ThreadPoolExecutor$Worker.run(ThreadPoolExecutor.java:624)
	at java.lang.Thread.run(Thread.java:750)
2023-05-30 05:51:26,991 [JUnit-testOverwriteEmptyDirectory[1]] INFO  contract.AbstractFSContractTestBase (AbstractFSContractTestBase.java:describe(278)) - verify trying to create a file over an empty dir fails, use builder API=true
05:51:27.002 [OM StateMachine ApplyTransaction Thread - 0] ERROR OMAudit - user=runner | ip=127.0.0.1 | op=CREATE_FILE {volume=volume15326, bucket=bucket37854, key=test/testOverwriteEmptyDirectory, dataSize=4194304, replicationType=RATIS, replicationFactor=ONE} | ret=FAILURE
org.apache.hadoop.ozone.om.exceptions.OMException: Can not write to directory: test/testOverwriteEmptyDirectory
	at org.apache.hadoop.ozone.om.request.file.OMFileCreateRequest.checkDirectoryResult(OMFileCreateRequest.java:363) ~[ozone-manager-1.4.0-SNAPSHOT.jar:?]
	at org.apache.hadoop.ozone.om.request.file.OMFileCreateRequest.validateAndUpdateCache(OMFileCreateRequest.java:238) ~[ozone-manager-1.4.0-SNAPSHOT.jar:?]
	at org.apache.hadoop.ozone.protocolPB.OzoneManagerRequestHandler.handleWriteRequest(OzoneManagerRequestHandler.java:337) ~[ozone-manager-1.4.0-SNAPSHOT.jar:?]
	at org.apache.hadoop.ozone.om.ratis.OzoneManagerStateMachine.runCommand(OzoneManagerStateMachine.java:567) ~[ozone-manager-1.4.0-SNAPSHOT.jar:?]
	at org.apache.hadoop.ozone.om.ratis.OzoneManagerStateMachine.lambda$1(OzoneManagerStateMachine.java:358) ~[ozone-manager-1.4.0-SNAPSHOT.jar:?]
	at java.util.concurrent.CompletableFuture$AsyncSupply.run(CompletableFuture.java:1604) [?:1.8.0_362]
	at java.util.concurrent.ThreadPoolExecutor.runWorker(ThreadPoolExecutor.java:1149) [?:1.8.0_362]
	at java.util.concurrent.ThreadPoolExecutor$Worker.run(ThreadPoolExecutor.java:624) [?:1.8.0_362]
	at java.lang.Thread.run(Thread.java:750) [?:1.8.0_362]
2023-05-30 05:51:27,002 [OM StateMachine ApplyTransaction Thread - 0] ERROR file.OMFileCreateRequest (OMFileCreateRequest.java:validateAndUpdateCache(336)) - File create failed. Volume:volume15326, Bucket:bucket37854, Keytest/testOverwriteEmptyDirectory.
NOT_A_FILE org.apache.hadoop.ozone.om.exceptions.OMException: Can not write to directory: test/testOverwriteEmptyDirectory
	at org.apache.hadoop.ozone.om.request.file.OMFileCreateRequest.checkDirectoryResult(OMFileCreateRequest.java:363)
	at org.apache.hadoop.ozone.om.request.file.OMFileCreateRequest.validateAndUpdateCache(OMFileCreateRequest.java:238)
	at org.apache.hadoop.ozone.protocolPB.OzoneManagerRequestHandler.handleWriteRequest(OzoneManagerRequestHandler.java:337)
	at org.apache.hadoop.ozone.om.ratis.OzoneManagerStateMachine.runCommand(OzoneManagerStateMachine.java:567)
	at org.apache.hadoop.ozone.om.ratis.OzoneManagerStateMachine.lambda$1(OzoneManagerStateMachine.java:358)
	at java.util.concurrent.CompletableFuture$AsyncSupply.run(CompletableFuture.java:1604)
	at java.util.concurrent.ThreadPoolExecutor.runWorker(ThreadPoolExecutor.java:1149)
	at java.util.concurrent.ThreadPoolExecutor$Worker.run(ThreadPoolExecutor.java:624)
	at java.lang.Thread.run(Thread.java:750)
]]></system-out>
  </testcase>
  <testcase name="testCreateFileOverExistingFileNoOverwrite" classname="ITestOzoneContractCreate" time="0.269">
    <system-out><![CDATA[2023-05-30 05:51:04,564 [setup] INFO  rpc.RpcClient (RpcClient.java:createVolume(459)) - Creating Volume: volume86041, with user29471 as owner and space quota set to -1 bytes, counts quota set to -1
2023-05-30 05:51:04,568 [OM StateMachine ApplyTransaction Thread - 0] INFO  volume.OMVolumeCreateRequest (OMVolumeCreateRequest.java:validateAndUpdateCache(196)) - created volume:volume86041 for user:user29471
2023-05-30 05:51:04,572 [setup] INFO  rpc.RpcClient (RpcClient.java:createBucket(686)) - Creating Bucket: volume86041/bucket97659, with bucket layout LEGACY, runner as owner, Versioning false, Storage Type set to DISK and Encryption set to false, Replication Type set to server-side default replication type, Namespace Quota set to -1, Space Quota set to -1 
2023-05-30 05:51:04,575 [OM StateMachine ApplyTransaction Thread - 0] INFO  bucket.OMBucketCreateRequest (OMBucketCreateRequest.java:validateAndUpdateCache(270)) - created bucket: bucket97659 of layout LEGACY in volume: volume86041
2023-05-30 05:51:04,645 [setup] INFO  contract.AbstractFSContractTestBase (AbstractFSContractTestBase.java:setup(194)) - Test filesystem = o3fs://bucket97659.volume86041 implemented by OzoneFileSystem{URI=o3fs://bucket97659.volume86041, workingDir=o3fs://bucket97659.volume86041/user/runner, userName=runner, statistics=2 bytes read, 791 bytes written, 44 read ops, 0 large read ops, 25 write ops}
2023-05-30 05:51:04,651 [JUnit-testCreateFileOverExistingFileNoOverwrite[0]] INFO  contract.AbstractFSContractTestBase (AbstractFSContractTestBase.java:describe(278)) - Verify overwriting an existing file fails, using builder API=false
05:51:04.724 [OM StateMachine ApplyTransaction Thread - 0] ERROR OMAudit - user=runner | ip=127.0.0.1 | op=CREATE_FILE {volume=volume86041, bucket=bucket97659, key=test/testCreateFileOverExistingFileNoOverwrite-builder, dataSize=4194304, replicationType=RATIS, replicationFactor=ONE} | ret=FAILURE
org.apache.hadoop.ozone.om.exceptions.OMException: File test/testCreateFileOverExistingFileNoOverwrite-builder already exists
	at org.apache.hadoop.ozone.om.request.file.OMFileCreateRequest.checkDirectoryResult(OMFileCreateRequest.java:359) ~[ozone-manager-1.4.0-SNAPSHOT.jar:?]
	at org.apache.hadoop.ozone.om.request.file.OMFileCreateRequest.validateAndUpdateCache(OMFileCreateRequest.java:238) ~[ozone-manager-1.4.0-SNAPSHOT.jar:?]
	at org.apache.hadoop.ozone.protocolPB.OzoneManagerRequestHandler.handleWriteRequest(OzoneManagerRequestHandler.java:337) ~[ozone-manager-1.4.0-SNAPSHOT.jar:?]
	at org.apache.hadoop.ozone.om.ratis.OzoneManagerStateMachine.runCommand(OzoneManagerStateMachine.java:567) ~[ozone-manager-1.4.0-SNAPSHOT.jar:?]
	at org.apache.hadoop.ozone.om.ratis.OzoneManagerStateMachine.lambda$1(OzoneManagerStateMachine.java:358) ~[ozone-manager-1.4.0-SNAPSHOT.jar:?]
	at java.util.concurrent.CompletableFuture$AsyncSupply.run(CompletableFuture.java:1604) [?:1.8.0_362]
	at java.util.concurrent.ThreadPoolExecutor.runWorker(ThreadPoolExecutor.java:1149) [?:1.8.0_362]
	at java.util.concurrent.ThreadPoolExecutor$Worker.run(ThreadPoolExecutor.java:624) [?:1.8.0_362]
	at java.lang.Thread.run(Thread.java:750) [?:1.8.0_362]
2023-05-30 05:51:04,724 [OM StateMachine ApplyTransaction Thread - 0] ERROR file.OMFileCreateRequest (OMFileCreateRequest.java:validateAndUpdateCache(336)) - File create failed. Volume:volume86041, Bucket:bucket97659, Keytest/testCreateFileOverExistingFileNoOverwrite-builder.
FILE_ALREADY_EXISTS org.apache.hadoop.ozone.om.exceptions.OMException: File test/testCreateFileOverExistingFileNoOverwrite-builder already exists
	at org.apache.hadoop.ozone.om.request.file.OMFileCreateRequest.checkDirectoryResult(OMFileCreateRequest.java:359)
	at org.apache.hadoop.ozone.om.request.file.OMFileCreateRequest.validateAndUpdateCache(OMFileCreateRequest.java:238)
	at org.apache.hadoop.ozone.protocolPB.OzoneManagerRequestHandler.handleWriteRequest(OzoneManagerRequestHandler.java:337)
	at org.apache.hadoop.ozone.om.ratis.OzoneManagerStateMachine.runCommand(OzoneManagerStateMachine.java:567)
	at org.apache.hadoop.ozone.om.ratis.OzoneManagerStateMachine.lambda$1(OzoneManagerStateMachine.java:358)
	at java.util.concurrent.CompletableFuture$AsyncSupply.run(CompletableFuture.java:1604)
	at java.util.concurrent.ThreadPoolExecutor.runWorker(ThreadPoolExecutor.java:1149)
	at java.util.concurrent.ThreadPoolExecutor$Worker.run(ThreadPoolExecutor.java:624)
	at java.lang.Thread.run(Thread.java:750)
2023-05-30 05:51:04,725 [JUnit-testCreateFileOverExistingFileNoOverwrite[0]] INFO  contract.AbstractFSContractTestBase (AbstractFSContractTestBase.java:describe(278)) - Verify overwriting an existing file fails, using builder API=true
05:51:04.792 [OM StateMachine ApplyTransaction Thread - 0] ERROR OMAudit - user=runner | ip=127.0.0.1 | op=CREATE_FILE {volume=volume86041, bucket=bucket97659, key=test/testCreateFileOverExistingFileNoOverwrite, dataSize=4194304, replicationType=RATIS, replicationFactor=ONE} | ret=FAILURE
org.apache.hadoop.ozone.om.exceptions.OMException: File test/testCreateFileOverExistingFileNoOverwrite already exists
	at org.apache.hadoop.ozone.om.request.file.OMFileCreateRequest.checkDirectoryResult(OMFileCreateRequest.java:359) ~[ozone-manager-1.4.0-SNAPSHOT.jar:?]
	at org.apache.hadoop.ozone.om.request.file.OMFileCreateRequest.validateAndUpdateCache(OMFileCreateRequest.java:238) ~[ozone-manager-1.4.0-SNAPSHOT.jar:?]
	at org.apache.hadoop.ozone.protocolPB.OzoneManagerRequestHandler.handleWriteRequest(OzoneManagerRequestHandler.java:337) ~[ozone-manager-1.4.0-SNAPSHOT.jar:?]
	at org.apache.hadoop.ozone.om.ratis.OzoneManagerStateMachine.runCommand(OzoneManagerStateMachine.java:567) ~[ozone-manager-1.4.0-SNAPSHOT.jar:?]
	at org.apache.hadoop.ozone.om.ratis.OzoneManagerStateMachine.lambda$1(OzoneManagerStateMachine.java:358) ~[ozone-manager-1.4.0-SNAPSHOT.jar:?]
	at java.util.concurrent.CompletableFuture$AsyncSupply.run(CompletableFuture.java:1604) [?:1.8.0_362]
	at java.util.concurrent.ThreadPoolExecutor.runWorker(ThreadPoolExecutor.java:1149) [?:1.8.0_362]
	at java.util.concurrent.ThreadPoolExecutor$Worker.run(ThreadPoolExecutor.java:624) [?:1.8.0_362]
	at java.lang.Thread.run(Thread.java:750) [?:1.8.0_362]
2023-05-30 05:51:04,793 [OM StateMachine ApplyTransaction Thread - 0] ERROR file.OMFileCreateRequest (OMFileCreateRequest.java:validateAndUpdateCache(336)) - File create failed. Volume:volume86041, Bucket:bucket97659, Keytest/testCreateFileOverExistingFileNoOverwrite.
FILE_ALREADY_EXISTS org.apache.hadoop.ozone.om.exceptions.OMException: File test/testCreateFileOverExistingFileNoOverwrite already exists
	at org.apache.hadoop.ozone.om.request.file.OMFileCreateRequest.checkDirectoryResult(OMFileCreateRequest.java:359)
	at org.apache.hadoop.ozone.om.request.file.OMFileCreateRequest.validateAndUpdateCache(OMFileCreateRequest.java:238)
	at org.apache.hadoop.ozone.protocolPB.OzoneManagerRequestHandler.handleWriteRequest(OzoneManagerRequestHandler.java:337)
	at org.apache.hadoop.ozone.om.ratis.OzoneManagerStateMachine.runCommand(OzoneManagerStateMachine.java:567)
	at org.apache.hadoop.ozone.om.ratis.OzoneManagerStateMachine.lambda$1(OzoneManagerStateMachine.java:358)
	at java.util.concurrent.CompletableFuture$AsyncSupply.run(CompletableFuture.java:1604)
	at java.util.concurrent.ThreadPoolExecutor.runWorker(ThreadPoolExecutor.java:1149)
	at java.util.concurrent.ThreadPoolExecutor$Worker.run(ThreadPoolExecutor.java:624)
	at java.lang.Thread.run(Thread.java:750)
]]></system-out>
  </testcase>
  <testcase name="testCreateFileOverExistingFileNoOverwrite" classname="ITestOzoneContractCreate" time="0.209">
    <system-out><![CDATA[2023-05-30 05:51:27,032 [setup] INFO  rpc.RpcClient (RpcClient.java:createVolume(459)) - Creating Volume: volume02141, with user47530 as owner and space quota set to -1 bytes, counts quota set to -1
2023-05-30 05:51:27,035 [OM StateMachine ApplyTransaction Thread - 0] INFO  volume.OMVolumeCreateRequest (OMVolumeCreateRequest.java:validateAndUpdateCache(196)) - created volume:volume02141 for user:user47530
2023-05-30 05:51:27,038 [setup] INFO  rpc.RpcClient (RpcClient.java:createBucket(686)) - Creating Bucket: volume02141/bucket85385, with bucket layout LEGACY, runner as owner, Versioning false, Storage Type set to DISK and Encryption set to false, Replication Type set to server-side default replication type, Namespace Quota set to -1, Space Quota set to -1 
2023-05-30 05:51:27,040 [OM StateMachine ApplyTransaction Thread - 0] INFO  bucket.OMBucketCreateRequest (OMBucketCreateRequest.java:validateAndUpdateCache(270)) - created bucket: bucket85385 of layout LEGACY in volume: volume02141
2023-05-30 05:51:27,100 [setup] INFO  contract.AbstractFSContractTestBase (AbstractFSContractTestBase.java:setup(194)) - Test filesystem = o3fs://bucket85385.volume02141 implemented by OzoneFileSystem{URI=o3fs://bucket85385.volume02141, workingDir=o3fs://bucket85385.volume02141/user/runner, userName=runner, statistics=21507 bytes read, 24111 bytes written, 124 read ops, 0 large read ops, 70 write ops}
2023-05-30 05:51:27,104 [JUnit-testCreateFileOverExistingFileNoOverwrite[1]] INFO  contract.AbstractFSContractTestBase (AbstractFSContractTestBase.java:describe(278)) - Verify overwriting an existing file fails, using builder API=false
05:51:27.157 [OM StateMachine ApplyTransaction Thread - 0] ERROR OMAudit - user=runner | ip=127.0.0.1 | op=CREATE_FILE {volume=volume02141, bucket=bucket85385, key=test/testCreateFileOverExistingFileNoOverwrite-builder, dataSize=4194304, replicationType=RATIS, replicationFactor=ONE} | ret=FAILURE
org.apache.hadoop.ozone.om.exceptions.OMException: File test/testCreateFileOverExistingFileNoOverwrite-builder already exists
	at org.apache.hadoop.ozone.om.request.file.OMFileCreateRequest.checkDirectoryResult(OMFileCreateRequest.java:359) ~[ozone-manager-1.4.0-SNAPSHOT.jar:?]
	at org.apache.hadoop.ozone.om.request.file.OMFileCreateRequest.validateAndUpdateCache(OMFileCreateRequest.java:238) ~[ozone-manager-1.4.0-SNAPSHOT.jar:?]
	at org.apache.hadoop.ozone.protocolPB.OzoneManagerRequestHandler.handleWriteRequest(OzoneManagerRequestHandler.java:337) ~[ozone-manager-1.4.0-SNAPSHOT.jar:?]
	at org.apache.hadoop.ozone.om.ratis.OzoneManagerStateMachine.runCommand(OzoneManagerStateMachine.java:567) ~[ozone-manager-1.4.0-SNAPSHOT.jar:?]
	at org.apache.hadoop.ozone.om.ratis.OzoneManagerStateMachine.lambda$1(OzoneManagerStateMachine.java:358) ~[ozone-manager-1.4.0-SNAPSHOT.jar:?]
	at java.util.concurrent.CompletableFuture$AsyncSupply.run(CompletableFuture.java:1604) [?:1.8.0_362]
	at java.util.concurrent.ThreadPoolExecutor.runWorker(ThreadPoolExecutor.java:1149) [?:1.8.0_362]
	at java.util.concurrent.ThreadPoolExecutor$Worker.run(ThreadPoolExecutor.java:624) [?:1.8.0_362]
	at java.lang.Thread.run(Thread.java:750) [?:1.8.0_362]
2023-05-30 05:51:27,157 [OM StateMachine ApplyTransaction Thread - 0] ERROR file.OMFileCreateRequest (OMFileCreateRequest.java:validateAndUpdateCache(336)) - File create failed. Volume:volume02141, Bucket:bucket85385, Keytest/testCreateFileOverExistingFileNoOverwrite-builder.
FILE_ALREADY_EXISTS org.apache.hadoop.ozone.om.exceptions.OMException: File test/testCreateFileOverExistingFileNoOverwrite-builder already exists
	at org.apache.hadoop.ozone.om.request.file.OMFileCreateRequest.checkDirectoryResult(OMFileCreateRequest.java:359)
	at org.apache.hadoop.ozone.om.request.file.OMFileCreateRequest.validateAndUpdateCache(OMFileCreateRequest.java:238)
	at org.apache.hadoop.ozone.protocolPB.OzoneManagerRequestHandler.handleWriteRequest(OzoneManagerRequestHandler.java:337)
	at org.apache.hadoop.ozone.om.ratis.OzoneManagerStateMachine.runCommand(OzoneManagerStateMachine.java:567)
	at org.apache.hadoop.ozone.om.ratis.OzoneManagerStateMachine.lambda$1(OzoneManagerStateMachine.java:358)
	at java.util.concurrent.CompletableFuture$AsyncSupply.run(CompletableFuture.java:1604)
	at java.util.concurrent.ThreadPoolExecutor.runWorker(ThreadPoolExecutor.java:1149)
	at java.util.concurrent.ThreadPoolExecutor$Worker.run(ThreadPoolExecutor.java:624)
	at java.lang.Thread.run(Thread.java:750)
2023-05-30 05:51:27,161 [JUnit-testCreateFileOverExistingFileNoOverwrite[1]] INFO  contract.AbstractFSContractTestBase (AbstractFSContractTestBase.java:describe(278)) - Verify overwriting an existing file fails, using builder API=true
05:51:27.215 [OM StateMachine ApplyTransaction Thread - 0] ERROR OMAudit - user=runner | ip=127.0.0.1 | op=CREATE_FILE {volume=volume02141, bucket=bucket85385, key=test/testCreateFileOverExistingFileNoOverwrite, dataSize=4194304, replicationType=RATIS, replicationFactor=ONE} | ret=FAILURE
org.apache.hadoop.ozone.om.exceptions.OMException: File test/testCreateFileOverExistingFileNoOverwrite already exists
	at org.apache.hadoop.ozone.om.request.file.OMFileCreateRequest.checkDirectoryResult(OMFileCreateRequest.java:359) ~[ozone-manager-1.4.0-SNAPSHOT.jar:?]
	at org.apache.hadoop.ozone.om.request.file.OMFileCreateRequest.validateAndUpdateCache(OMFileCreateRequest.java:238) ~[ozone-manager-1.4.0-SNAPSHOT.jar:?]
	at org.apache.hadoop.ozone.protocolPB.OzoneManagerRequestHandler.handleWriteRequest(OzoneManagerRequestHandler.java:337) ~[ozone-manager-1.4.0-SNAPSHOT.jar:?]
	at org.apache.hadoop.ozone.om.ratis.OzoneManagerStateMachine.runCommand(OzoneManagerStateMachine.java:567) ~[ozone-manager-1.4.0-SNAPSHOT.jar:?]
	at org.apache.hadoop.ozone.om.ratis.OzoneManagerStateMachine.lambda$1(OzoneManagerStateMachine.java:358) ~[ozone-manager-1.4.0-SNAPSHOT.jar:?]
	at java.util.concurrent.CompletableFuture$AsyncSupply.run(CompletableFuture.java:1604) [?:1.8.0_362]
	at java.util.concurrent.ThreadPoolExecutor.runWorker(ThreadPoolExecutor.java:1149) [?:1.8.0_362]
	at java.util.concurrent.ThreadPoolExecutor$Worker.run(ThreadPoolExecutor.java:624) [?:1.8.0_362]
	at java.lang.Thread.run(Thread.java:750) [?:1.8.0_362]
2023-05-30 05:51:27,216 [OM StateMachine ApplyTransaction Thread - 0] ERROR file.OMFileCreateRequest (OMFileCreateRequest.java:validateAndUpdateCache(336)) - File create failed. Volume:volume02141, Bucket:bucket85385, Keytest/testCreateFileOverExistingFileNoOverwrite.
FILE_ALREADY_EXISTS org.apache.hadoop.ozone.om.exceptions.OMException: File test/testCreateFileOverExistingFileNoOverwrite already exists
	at org.apache.hadoop.ozone.om.request.file.OMFileCreateRequest.checkDirectoryResult(OMFileCreateRequest.java:359)
	at org.apache.hadoop.ozone.om.request.file.OMFileCreateRequest.validateAndUpdateCache(OMFileCreateRequest.java:238)
	at org.apache.hadoop.ozone.protocolPB.OzoneManagerRequestHandler.handleWriteRequest(OzoneManagerRequestHandler.java:337)
	at org.apache.hadoop.ozone.om.ratis.OzoneManagerStateMachine.runCommand(OzoneManagerStateMachine.java:567)
	at org.apache.hadoop.ozone.om.ratis.OzoneManagerStateMachine.lambda$1(OzoneManagerStateMachine.java:358)
	at java.util.concurrent.CompletableFuture$AsyncSupply.run(CompletableFuture.java:1604)
	at java.util.concurrent.ThreadPoolExecutor.runWorker(ThreadPoolExecutor.java:1149)
	at java.util.concurrent.ThreadPoolExecutor$Worker.run(ThreadPoolExecutor.java:624)
	at java.lang.Thread.run(Thread.java:750)
]]></system-out>
  </testcase>
  <testcase name="testFileStatusBlocksizeNonEmptyFile" classname="ITestOzoneContractCreate" time="0.158">
    <system-out><![CDATA[2023-05-30 05:51:04,825 [setup] INFO  rpc.RpcClient (RpcClient.java:createVolume(459)) - Creating Volume: volume66554, with user41355 as owner and space quota set to -1 bytes, counts quota set to -1
2023-05-30 05:51:04,828 [OM StateMachine ApplyTransaction Thread - 0] INFO  volume.OMVolumeCreateRequest (OMVolumeCreateRequest.java:validateAndUpdateCache(196)) - created volume:volume66554 for user:user41355
2023-05-30 05:51:04,830 [setup] INFO  rpc.RpcClient (RpcClient.java:createBucket(686)) - Creating Bucket: volume66554/bucket69970, with bucket layout LEGACY, runner as owner, Versioning false, Storage Type set to DISK and Encryption set to false, Replication Type set to server-side default replication type, Namespace Quota set to -1, Space Quota set to -1 
2023-05-30 05:51:04,835 [OM StateMachine ApplyTransaction Thread - 0] INFO  bucket.OMBucketCreateRequest (OMBucketCreateRequest.java:validateAndUpdateCache(270)) - created bucket: bucket69970 of layout LEGACY in volume: volume66554
2023-05-30 05:51:04,884 [setup] INFO  contract.AbstractFSContractTestBase (AbstractFSContractTestBase.java:setup(194)) - Test filesystem = o3fs://bucket69970.volume66554 implemented by OzoneFileSystem{URI=o3fs://bucket69970.volume66554, workingDir=o3fs://bucket69970.volume66554/user/runner, userName=runner, statistics=2 bytes read, 1303 bytes written, 48 read ops, 0 large read ops, 30 write ops}
2023-05-30 05:51:04,890 [JUnit-testFileStatusBlocksizeNonEmptyFile[0]] INFO  contract.AbstractFSContractTestBase (AbstractFSContractTestBase.java:describe(278)) - validate the block size of a filesystem and files within it
]]></system-out>
  </testcase>
  <testcase name="testFileStatusBlocksizeNonEmptyFile" classname="ITestOzoneContractCreate" time="0.142">
    <system-out><![CDATA[2023-05-30 05:51:27,247 [setup] INFO  rpc.RpcClient (RpcClient.java:createVolume(459)) - Creating Volume: volume53465, with user54856 as owner and space quota set to -1 bytes, counts quota set to -1
2023-05-30 05:51:27,253 [OM StateMachine ApplyTransaction Thread - 0] INFO  volume.OMVolumeCreateRequest (OMVolumeCreateRequest.java:validateAndUpdateCache(196)) - created volume:volume53465 for user:user54856
2023-05-30 05:51:27,255 [setup] INFO  rpc.RpcClient (RpcClient.java:createBucket(686)) - Creating Bucket: volume53465/bucket01250, with bucket layout LEGACY, runner as owner, Versioning false, Storage Type set to DISK and Encryption set to false, Replication Type set to server-side default replication type, Namespace Quota set to -1, Space Quota set to -1 
2023-05-30 05:51:27,258 [OM StateMachine ApplyTransaction Thread - 0] INFO  bucket.OMBucketCreateRequest (OMBucketCreateRequest.java:validateAndUpdateCache(270)) - created bucket: bucket01250 of layout LEGACY in volume: volume53465
2023-05-30 05:51:27,310 [setup] INFO  contract.AbstractFSContractTestBase (AbstractFSContractTestBase.java:setup(194)) - Test filesystem = o3fs://bucket01250.volume53465 implemented by OzoneFileSystem{URI=o3fs://bucket01250.volume53465, workingDir=o3fs://bucket01250.volume53465/user/runner, userName=runner, statistics=21507 bytes read, 24623 bytes written, 128 read ops, 0 large read ops, 75 write ops}
2023-05-30 05:51:27,314 [JUnit-testFileStatusBlocksizeNonEmptyFile[1]] INFO  contract.AbstractFSContractTestBase (AbstractFSContractTestBase.java:describe(278)) - validate the block size of a filesystem and files within it
]]></system-out>
  </testcase>
  <testcase name="testCreatedFileIsEventuallyVisible" classname="ITestOzoneContractCreate" time="0.167">
    <system-out><![CDATA[2023-05-30 05:51:04,981 [setup] INFO  rpc.RpcClient (RpcClient.java:createVolume(459)) - Creating Volume: volume95773, with user18895 as owner and space quota set to -1 bytes, counts quota set to -1
2023-05-30 05:51:04,987 [OM StateMachine ApplyTransaction Thread - 0] INFO  volume.OMVolumeCreateRequest (OMVolumeCreateRequest.java:validateAndUpdateCache(196)) - created volume:volume95773 for user:user18895
2023-05-30 05:51:04,990 [setup] INFO  rpc.RpcClient (RpcClient.java:createBucket(686)) - Creating Bucket: volume95773/bucket50862, with bucket layout LEGACY, runner as owner, Versioning false, Storage Type set to DISK and Encryption set to false, Replication Type set to server-side default replication type, Namespace Quota set to -1, Space Quota set to -1 
2023-05-30 05:51:04,994 [OM StateMachine ApplyTransaction Thread - 0] INFO  bucket.OMBucketCreateRequest (OMBucketCreateRequest.java:validateAndUpdateCache(270)) - created bucket: bucket50862 of layout LEGACY in volume: volume95773
2023-05-30 05:51:05,049 [setup] INFO  contract.AbstractFSContractTestBase (AbstractFSContractTestBase.java:setup(194)) - Test filesystem = o3fs://bucket50862.volume95773 implemented by OzoneFileSystem{URI=o3fs://bucket50862.volume95773, workingDir=o3fs://bucket50862.volume95773/user/runner, userName=runner, statistics=2 bytes read, 1559 bytes written, 52 read ops, 0 large read ops, 32 write ops}
2023-05-30 05:51:05,055 [JUnit-testCreatedFileIsEventuallyVisible[0]] INFO  contract.AbstractFSContractTestBase (AbstractFSContractTestBase.java:describe(278)) - verify a written to file is visible after the stream is closed
]]></system-out>
  </testcase>
  <testcase name="testCreatedFileIsEventuallyVisible" classname="ITestOzoneContractCreate" time="0.127">
    <system-out><![CDATA[2023-05-30 05:51:27,383 [setup] INFO  rpc.RpcClient (RpcClient.java:createVolume(459)) - Creating Volume: volume39778, with user97008 as owner and space quota set to -1 bytes, counts quota set to -1
2023-05-30 05:51:27,387 [OM StateMachine ApplyTransaction Thread - 0] INFO  volume.OMVolumeCreateRequest (OMVolumeCreateRequest.java:validateAndUpdateCache(196)) - created volume:volume39778 for user:user97008
2023-05-30 05:51:27,393 [setup] INFO  rpc.RpcClient (RpcClient.java:createBucket(686)) - Creating Bucket: volume39778/bucket30337, with bucket layout LEGACY, runner as owner, Versioning false, Storage Type set to DISK and Encryption set to false, Replication Type set to server-side default replication type, Namespace Quota set to -1, Space Quota set to -1 
2023-05-30 05:51:27,396 [OM StateMachine ApplyTransaction Thread - 0] INFO  bucket.OMBucketCreateRequest (OMBucketCreateRequest.java:validateAndUpdateCache(270)) - created bucket: bucket30337 of layout LEGACY in volume: volume39778
2023-05-30 05:51:27,445 [setup] INFO  contract.AbstractFSContractTestBase (AbstractFSContractTestBase.java:setup(194)) - Test filesystem = o3fs://bucket30337.volume39778 implemented by OzoneFileSystem{URI=o3fs://bucket30337.volume39778, workingDir=o3fs://bucket30337.volume39778/user/runner, userName=runner, statistics=21507 bytes read, 24879 bytes written, 132 read ops, 0 large read ops, 77 write ops}
2023-05-30 05:51:27,448 [JUnit-testCreatedFileIsEventuallyVisible[1]] INFO  contract.AbstractFSContractTestBase (AbstractFSContractTestBase.java:describe(278)) - verify a written to file is visible after the stream is closed
]]></system-out>
  </testcase>
  <testcase name="testOverwriteExistingFile" classname="ITestOzoneContractCreate" time="0.447">
    <system-out><![CDATA[2023-05-30 05:51:05,151 [setup] INFO  rpc.RpcClient (RpcClient.java:createVolume(459)) - Creating Volume: volume14339, with user13879 as owner and space quota set to -1 bytes, counts quota set to -1
2023-05-30 05:51:05,158 [OM StateMachine ApplyTransaction Thread - 0] INFO  volume.OMVolumeCreateRequest (OMVolumeCreateRequest.java:validateAndUpdateCache(196)) - created volume:volume14339 for user:user13879
2023-05-30 05:51:05,162 [setup] INFO  rpc.RpcClient (RpcClient.java:createBucket(686)) - Creating Bucket: volume14339/bucket68771, with bucket layout LEGACY, runner as owner, Versioning false, Storage Type set to DISK and Encryption set to false, Replication Type set to server-side default replication type, Namespace Quota set to -1, Space Quota set to -1 
2023-05-30 05:51:05,165 [OM StateMachine ApplyTransaction Thread - 0] INFO  bucket.OMBucketCreateRequest (OMBucketCreateRequest.java:validateAndUpdateCache(270)) - created bucket: bucket68771 of layout LEGACY in volume: volume14339
2023-05-30 05:51:05,224 [setup] INFO  contract.AbstractFSContractTestBase (AbstractFSContractTestBase.java:setup(194)) - Test filesystem = o3fs://bucket68771.volume14339 implemented by OzoneFileSystem{URI=o3fs://bucket68771.volume14339, workingDir=o3fs://bucket68771.volume14339/user/runner, userName=runner, statistics=2 bytes read, 1560 bytes written, 55 read ops, 0 large read ops, 34 write ops}
2023-05-30 05:51:05,229 [JUnit-testOverwriteExistingFile[0]] INFO  contract.AbstractFSContractTestBase (AbstractFSContractTestBase.java:describe(278)) - Overwrite an existing file and verify the new data is there, use builder API=false
2023-05-30 05:51:05,300 [IPC Server handler 8 on default port 15001] WARN  node.SCMNodeManager (SCMNodeManager.java:getNodesByAddress(1381)) - Cannot find node for address 127.0.0.1
2023-05-30 05:51:05,390 [IPC Server handler 7 on default port 15001] WARN  node.SCMNodeManager (SCMNodeManager.java:getNodesByAddress(1381)) - Cannot find node for address 127.0.0.1
2023-05-30 05:51:05,417 [JUnit-testOverwriteExistingFile[0]] INFO  contract.AbstractFSContractTestBase (AbstractFSContractTestBase.java:describe(278)) - Overwrite an existing file and verify the new data is there, use builder API=true
2023-05-30 05:51:05,476 [IPC Server handler 4 on default port 15001] WARN  node.SCMNodeManager (SCMNodeManager.java:getNodesByAddress(1381)) - Cannot find node for address 127.0.0.1
2023-05-30 05:51:05,544 [IPC Server handler 15 on default port 15001] WARN  node.SCMNodeManager (SCMNodeManager.java:getNodesByAddress(1381)) - Cannot find node for address 127.0.0.1
]]></system-out>
  </testcase>
  <testcase name="testOverwriteExistingFile" classname="ITestOzoneContractCreate" time="0.391">
    <system-out><![CDATA[2023-05-30 05:51:27,509 [setup] INFO  rpc.RpcClient (RpcClient.java:createVolume(459)) - Creating Volume: volume05971, with user97690 as owner and space quota set to -1 bytes, counts quota set to -1
2023-05-30 05:51:27,511 [OM StateMachine ApplyTransaction Thread - 0] INFO  volume.OMVolumeCreateRequest (OMVolumeCreateRequest.java:validateAndUpdateCache(196)) - created volume:volume05971 for user:user97690
2023-05-30 05:51:27,513 [setup] INFO  rpc.RpcClient (RpcClient.java:createBucket(686)) - Creating Bucket: volume05971/bucket95318, with bucket layout LEGACY, runner as owner, Versioning false, Storage Type set to DISK and Encryption set to false, Replication Type set to server-side default replication type, Namespace Quota set to -1, Space Quota set to -1 
2023-05-30 05:51:27,516 [OM StateMachine ApplyTransaction Thread - 0] INFO  bucket.OMBucketCreateRequest (OMBucketCreateRequest.java:validateAndUpdateCache(270)) - created bucket: bucket95318 of layout LEGACY in volume: volume05971
2023-05-30 05:51:27,570 [setup] INFO  contract.AbstractFSContractTestBase (AbstractFSContractTestBase.java:setup(194)) - Test filesystem = o3fs://bucket95318.volume05971 implemented by OzoneFileSystem{URI=o3fs://bucket95318.volume05971, workingDir=o3fs://bucket95318.volume05971/user/runner, userName=runner, statistics=21507 bytes read, 24880 bytes written, 135 read ops, 0 large read ops, 79 write ops}
2023-05-30 05:51:27,575 [JUnit-testOverwriteExistingFile[1]] INFO  contract.AbstractFSContractTestBase (AbstractFSContractTestBase.java:describe(278)) - Overwrite an existing file and verify the new data is there, use builder API=false
2023-05-30 05:51:27,629 [IPC Server handler 11 on default port 15054] WARN  node.SCMNodeManager (SCMNodeManager.java:getNodesByAddress(1381)) - Cannot find node for address 127.0.0.1
2023-05-30 05:51:27,690 [IPC Server handler 15 on default port 15054] WARN  node.SCMNodeManager (SCMNodeManager.java:getNodesByAddress(1381)) - Cannot find node for address 127.0.0.1
2023-05-30 05:51:27,708 [JUnit-testOverwriteExistingFile[1]] INFO  contract.AbstractFSContractTestBase (AbstractFSContractTestBase.java:describe(278)) - Overwrite an existing file and verify the new data is there, use builder API=true
2023-05-30 05:51:27,767 [IPC Server handler 0 on default port 15054] WARN  node.SCMNodeManager (SCMNodeManager.java:getNodesByAddress(1381)) - Cannot find node for address 127.0.0.1
2023-05-30 05:51:27,848 [IPC Server handler 1 on default port 15054] WARN  node.SCMNodeManager (SCMNodeManager.java:getNodesByAddress(1381)) - Cannot find node for address 127.0.0.1
]]></system-out>
  </testcase>
  <testcase name="testCreateNewFile" classname="ITestOzoneContractCreate" time="0.32">
    <system-out><![CDATA[2023-05-30 05:51:05,602 [setup] INFO  rpc.RpcClient (RpcClient.java:createVolume(459)) - Creating Volume: volume30224, with user19992 as owner and space quota set to -1 bytes, counts quota set to -1
2023-05-30 05:51:05,606 [OM StateMachine ApplyTransaction Thread - 0] INFO  volume.OMVolumeCreateRequest (OMVolumeCreateRequest.java:validateAndUpdateCache(196)) - created volume:volume30224 for user:user19992
2023-05-30 05:51:05,608 [setup] INFO  rpc.RpcClient (RpcClient.java:createBucket(686)) - Creating Bucket: volume30224/bucket93730, with bucket layout LEGACY, runner as owner, Versioning false, Storage Type set to DISK and Encryption set to false, Replication Type set to server-side default replication type, Namespace Quota set to -1, Space Quota set to -1 
2023-05-30 05:51:05,611 [OM StateMachine ApplyTransaction Thread - 0] INFO  bucket.OMBucketCreateRequest (OMBucketCreateRequest.java:validateAndUpdateCache(270)) - created bucket: bucket93730 of layout LEGACY in volume: volume30224
2023-05-30 05:51:05,680 [setup] INFO  contract.AbstractFSContractTestBase (AbstractFSContractTestBase.java:setup(194)) - Test filesystem = o3fs://bucket93730.volume30224 implemented by OzoneFileSystem{URI=o3fs://bucket93730.volume30224, workingDir=o3fs://bucket93730.volume30224/user/runner, userName=runner, statistics=20994 bytes read, 22552 bytes written, 69 read ops, 0 large read ops, 39 write ops}
2023-05-30 05:51:05,685 [JUnit-testCreateNewFile[0]] INFO  contract.AbstractFSContractTestBase (AbstractFSContractTestBase.java:describe(278)) - Foundational 'create a file' test, using builder API=true
2023-05-30 05:51:05,739 [IPC Server handler 16 on default port 15001] WARN  node.SCMNodeManager (SCMNodeManager.java:getNodesByAddress(1381)) - Cannot find node for address 127.0.0.1
2023-05-30 05:51:05,813 [JUnit-testCreateNewFile[0]] INFO  contract.AbstractFSContractTestBase (AbstractFSContractTestBase.java:describe(278)) - Foundational 'create a file' test, using builder API=false
2023-05-30 05:51:05,869 [IPC Server handler 2 on default port 15001] WARN  node.SCMNodeManager (SCMNodeManager.java:getNodesByAddress(1381)) - Cannot find node for address 127.0.0.1
]]></system-out>
  </testcase>
  <testcase name="testCreateNewFile" classname="ITestOzoneContractCreate" time="0.221">
    <system-out><![CDATA[2023-05-30 05:51:27,901 [setup] INFO  rpc.RpcClient (RpcClient.java:createVolume(459)) - Creating Volume: volume19983, with user79801 as owner and space quota set to -1 bytes, counts quota set to -1
2023-05-30 05:51:27,907 [OM StateMachine ApplyTransaction Thread - 0] INFO  volume.OMVolumeCreateRequest (OMVolumeCreateRequest.java:validateAndUpdateCache(196)) - created volume:volume19983 for user:user79801
2023-05-30 05:51:27,909 [setup] INFO  rpc.RpcClient (RpcClient.java:createBucket(686)) - Creating Bucket: volume19983/bucket84393, with bucket layout LEGACY, runner as owner, Versioning false, Storage Type set to DISK and Encryption set to false, Replication Type set to server-side default replication type, Namespace Quota set to -1, Space Quota set to -1 
2023-05-30 05:51:27,911 [OM StateMachine ApplyTransaction Thread - 0] INFO  bucket.OMBucketCreateRequest (OMBucketCreateRequest.java:validateAndUpdateCache(270)) - created bucket: bucket84393 of layout LEGACY in volume: volume19983
2023-05-30 05:51:27,964 [setup] INFO  contract.AbstractFSContractTestBase (AbstractFSContractTestBase.java:setup(194)) - Test filesystem = o3fs://bucket84393.volume19983 implemented by OzoneFileSystem{URI=o3fs://bucket84393.volume19983, workingDir=o3fs://bucket84393.volume19983/user/runner, userName=runner, statistics=42499 bytes read, 45872 bytes written, 149 read ops, 0 large read ops, 84 write ops}
2023-05-30 05:51:27,968 [JUnit-testCreateNewFile[1]] INFO  contract.AbstractFSContractTestBase (AbstractFSContractTestBase.java:describe(278)) - Foundational 'create a file' test, using builder API=true
2023-05-30 05:51:28,017 [IPC Server handler 4 on default port 15054] WARN  node.SCMNodeManager (SCMNodeManager.java:getNodesByAddress(1381)) - Cannot find node for address 127.0.0.1
2023-05-30 05:51:28,031 [JUnit-testCreateNewFile[1]] INFO  contract.AbstractFSContractTestBase (AbstractFSContractTestBase.java:describe(278)) - Foundational 'create a file' test, using builder API=false
2023-05-30 05:51:28,080 [IPC Server handler 8 on default port 15054] WARN  node.SCMNodeManager (SCMNodeManager.java:getNodesByAddress(1381)) - Cannot find node for address 127.0.0.1
]]></system-out>
  </testcase>
  <testcase name="testCreateUnderFileSubdir" classname="ITestOzoneContractCreate" time="0.172">
    <system-out><![CDATA[2023-05-30 05:51:05,919 [setup] INFO  rpc.RpcClient (RpcClient.java:createVolume(459)) - Creating Volume: volume18149, with user67723 as owner and space quota set to -1 bytes, counts quota set to -1
2023-05-30 05:51:05,923 [OM StateMachine ApplyTransaction Thread - 0] INFO  volume.OMVolumeCreateRequest (OMVolumeCreateRequest.java:validateAndUpdateCache(196)) - created volume:volume18149 for user:user67723
2023-05-30 05:51:05,930 [setup] INFO  rpc.RpcClient (RpcClient.java:createBucket(686)) - Creating Bucket: volume18149/bucket80112, with bucket layout LEGACY, runner as owner, Versioning false, Storage Type set to DISK and Encryption set to false, Replication Type set to server-side default replication type, Namespace Quota set to -1, Space Quota set to -1 
2023-05-30 05:51:05,933 [OM StateMachine ApplyTransaction Thread - 0] INFO  bucket.OMBucketCreateRequest (OMBucketCreateRequest.java:validateAndUpdateCache(270)) - created bucket: bucket80112 of layout LEGACY in volume: volume18149
2023-05-30 05:51:05,997 [setup] INFO  contract.AbstractFSContractTestBase (AbstractFSContractTestBase.java:setup(194)) - Test filesystem = o3fs://bucket80112.volume18149 implemented by OzoneFileSystem{URI=o3fs://bucket80112.volume18149, workingDir=o3fs://bucket80112.volume18149/user/runner, userName=runner, statistics=21506 bytes read, 23064 bytes written, 77 read ops, 0 large read ops, 42 write ops}
2023-05-30 05:51:06,004 [JUnit-testCreateUnderFileSubdir[0]] INFO  contract.AbstractFSContractTestBase (AbstractFSContractTestBase.java:describe(278)) - Verify that it is forbidden to create file/dir/file
05:51:06.060 [OM StateMachine ApplyTransaction Thread - 0] ERROR OMAudit - user=runner | ip=127.0.0.1 | op=CREATE_FILE {volume=volume18149, bucket=bucket80112, key=test/testCreateUnderFileSubdir[0]/parent/child, dataSize=4194304, replicationType=RATIS, replicationFactor=ONE} | ret=FAILURE
org.apache.hadoop.ozone.om.exceptions.OMException: Can not create file: test/testCreateUnderFileSubdir[0]/parent/child as there is already file in the given path
	at org.apache.hadoop.ozone.om.request.file.OMFileCreateRequest.checkDirectoryResult(OMFileCreateRequest.java:366) ~[ozone-manager-1.4.0-SNAPSHOT.jar:?]
	at org.apache.hadoop.ozone.om.request.file.OMFileCreateRequest.validateAndUpdateCache(OMFileCreateRequest.java:238) ~[ozone-manager-1.4.0-SNAPSHOT.jar:?]
	at org.apache.hadoop.ozone.protocolPB.OzoneManagerRequestHandler.handleWriteRequest(OzoneManagerRequestHandler.java:337) ~[ozone-manager-1.4.0-SNAPSHOT.jar:?]
	at org.apache.hadoop.ozone.om.ratis.OzoneManagerStateMachine.runCommand(OzoneManagerStateMachine.java:567) ~[ozone-manager-1.4.0-SNAPSHOT.jar:?]
	at org.apache.hadoop.ozone.om.ratis.OzoneManagerStateMachine.lambda$1(OzoneManagerStateMachine.java:358) ~[ozone-manager-1.4.0-SNAPSHOT.jar:?]
	at java.util.concurrent.CompletableFuture$AsyncSupply.run(CompletableFuture.java:1604) [?:1.8.0_362]
	at java.util.concurrent.ThreadPoolExecutor.runWorker(ThreadPoolExecutor.java:1149) [?:1.8.0_362]
	at java.util.concurrent.ThreadPoolExecutor$Worker.run(ThreadPoolExecutor.java:624) [?:1.8.0_362]
	at java.lang.Thread.run(Thread.java:750) [?:1.8.0_362]
2023-05-30 05:51:06,061 [OM StateMachine ApplyTransaction Thread - 0] ERROR file.OMFileCreateRequest (OMFileCreateRequest.java:validateAndUpdateCache(336)) - File create failed. Volume:volume18149, Bucket:bucket80112, Keytest/testCreateUnderFileSubdir[0]/parent/child.
NOT_A_FILE org.apache.hadoop.ozone.om.exceptions.OMException: Can not create file: test/testCreateUnderFileSubdir[0]/parent/child as there is already file in the given path
	at org.apache.hadoop.ozone.om.request.file.OMFileCreateRequest.checkDirectoryResult(OMFileCreateRequest.java:366)
	at org.apache.hadoop.ozone.om.request.file.OMFileCreateRequest.validateAndUpdateCache(OMFileCreateRequest.java:238)
	at org.apache.hadoop.ozone.protocolPB.OzoneManagerRequestHandler.handleWriteRequest(OzoneManagerRequestHandler.java:337)
	at org.apache.hadoop.ozone.om.ratis.OzoneManagerStateMachine.runCommand(OzoneManagerStateMachine.java:567)
	at org.apache.hadoop.ozone.om.ratis.OzoneManagerStateMachine.lambda$1(OzoneManagerStateMachine.java:358)
	at java.util.concurrent.CompletableFuture$AsyncSupply.run(CompletableFuture.java:1604)
	at java.util.concurrent.ThreadPoolExecutor.runWorker(ThreadPoolExecutor.java:1149)
	at java.util.concurrent.ThreadPoolExecutor$Worker.run(ThreadPoolExecutor.java:624)
	at java.lang.Thread.run(Thread.java:750)
]]></system-out>
  </testcase>
  <testcase name="testCreateUnderFileSubdir" classname="ITestOzoneContractCreate" time="0.131">
    <system-out><![CDATA[2023-05-30 05:51:28,125 [setup] INFO  rpc.RpcClient (RpcClient.java:createVolume(459)) - Creating Volume: volume99044, with user63821 as owner and space quota set to -1 bytes, counts quota set to -1
2023-05-30 05:51:28,128 [OM StateMachine ApplyTransaction Thread - 0] INFO  volume.OMVolumeCreateRequest (OMVolumeCreateRequest.java:validateAndUpdateCache(196)) - created volume:volume99044 for user:user63821
2023-05-30 05:51:28,130 [setup] INFO  rpc.RpcClient (RpcClient.java:createBucket(686)) - Creating Bucket: volume99044/bucket41469, with bucket layout LEGACY, runner as owner, Versioning false, Storage Type set to DISK and Encryption set to false, Replication Type set to server-side default replication type, Namespace Quota set to -1, Space Quota set to -1 
2023-05-30 05:51:28,132 [OM StateMachine ApplyTransaction Thread - 0] INFO  bucket.OMBucketCreateRequest (OMBucketCreateRequest.java:validateAndUpdateCache(270)) - created bucket: bucket41469 of layout LEGACY in volume: volume99044
2023-05-30 05:51:28,180 [setup] INFO  contract.AbstractFSContractTestBase (AbstractFSContractTestBase.java:setup(194)) - Test filesystem = o3fs://bucket41469.volume99044 implemented by OzoneFileSystem{URI=o3fs://bucket41469.volume99044, workingDir=o3fs://bucket41469.volume99044/user/runner, userName=runner, statistics=43011 bytes read, 46384 bytes written, 157 read ops, 0 large read ops, 87 write ops}
2023-05-30 05:51:28,186 [JUnit-testCreateUnderFileSubdir[1]] INFO  contract.AbstractFSContractTestBase (AbstractFSContractTestBase.java:describe(278)) - Verify that it is forbidden to create file/dir/file
05:51:28.228 [OM StateMachine ApplyTransaction Thread - 0] ERROR OMAudit - user=runner | ip=127.0.0.1 | op=CREATE_FILE {volume=volume99044, bucket=bucket41469, key=test/testCreateUnderFileSubdir[1]/parent/child, dataSize=4194304, replicationType=RATIS, replicationFactor=ONE} | ret=FAILURE
org.apache.hadoop.ozone.om.exceptions.OMException: Can not create file: test/testCreateUnderFileSubdir[1]/parent/child as there is already file in the given path
	at org.apache.hadoop.ozone.om.request.file.OMFileCreateRequest.checkDirectoryResult(OMFileCreateRequest.java:366) ~[ozone-manager-1.4.0-SNAPSHOT.jar:?]
	at org.apache.hadoop.ozone.om.request.file.OMFileCreateRequest.validateAndUpdateCache(OMFileCreateRequest.java:238) ~[ozone-manager-1.4.0-SNAPSHOT.jar:?]
	at org.apache.hadoop.ozone.protocolPB.OzoneManagerRequestHandler.handleWriteRequest(OzoneManagerRequestHandler.java:337) ~[ozone-manager-1.4.0-SNAPSHOT.jar:?]
	at org.apache.hadoop.ozone.om.ratis.OzoneManagerStateMachine.runCommand(OzoneManagerStateMachine.java:567) ~[ozone-manager-1.4.0-SNAPSHOT.jar:?]
	at org.apache.hadoop.ozone.om.ratis.OzoneManagerStateMachine.lambda$1(OzoneManagerStateMachine.java:358) ~[ozone-manager-1.4.0-SNAPSHOT.jar:?]
	at java.util.concurrent.CompletableFuture$AsyncSupply.run(CompletableFuture.java:1604) [?:1.8.0_362]
	at java.util.concurrent.ThreadPoolExecutor.runWorker(ThreadPoolExecutor.java:1149) [?:1.8.0_362]
	at java.util.concurrent.ThreadPoolExecutor$Worker.run(ThreadPoolExecutor.java:624) [?:1.8.0_362]
	at java.lang.Thread.run(Thread.java:750) [?:1.8.0_362]
2023-05-30 05:51:28,228 [OM StateMachine ApplyTransaction Thread - 0] ERROR file.OMFileCreateRequest (OMFileCreateRequest.java:validateAndUpdateCache(336)) - File create failed. Volume:volume99044, Bucket:bucket41469, Keytest/testCreateUnderFileSubdir[1]/parent/child.
NOT_A_FILE org.apache.hadoop.ozone.om.exceptions.OMException: Can not create file: test/testCreateUnderFileSubdir[1]/parent/child as there is already file in the given path
	at org.apache.hadoop.ozone.om.request.file.OMFileCreateRequest.checkDirectoryResult(OMFileCreateRequest.java:366)
	at org.apache.hadoop.ozone.om.request.file.OMFileCreateRequest.validateAndUpdateCache(OMFileCreateRequest.java:238)
	at org.apache.hadoop.ozone.protocolPB.OzoneManagerRequestHandler.handleWriteRequest(OzoneManagerRequestHandler.java:337)
	at org.apache.hadoop.ozone.om.ratis.OzoneManagerStateMachine.runCommand(OzoneManagerStateMachine.java:567)
	at org.apache.hadoop.ozone.om.ratis.OzoneManagerStateMachine.lambda$1(OzoneManagerStateMachine.java:358)
	at java.util.concurrent.CompletableFuture$AsyncSupply.run(CompletableFuture.java:1604)
	at java.util.concurrent.ThreadPoolExecutor.runWorker(ThreadPoolExecutor.java:1149)
	at java.util.concurrent.ThreadPoolExecutor$Worker.run(ThreadPoolExecutor.java:624)
	at java.lang.Thread.run(Thread.java:750)
]]></system-out>
  </testcase>
</testsuite>