<?xml version="1.0" encoding="UTF-8"?>
<testsuite xmlns:xsi="http://www.w3.org/2001/XMLSchema-instance" xsi:noNamespaceSchemaLocation="https://maven.apache.org/surefire/maven-surefire-plugin/xsd/surefire-test-report.xsd" name="org.apache.hadoop.ozone.scm.node.TestDecommissionAndMaintenance" time="371.347" tests="11" errors="1" skipped="0" failures="0">
  <properties>
    <property name="awt.toolkit" value="sun.awt.X11.XToolkit"/>
    <property name="file.encoding.pkg" value="sun.io"/>
    <property name="java.specification.version" value="1.8"/>
    <property name="sun.cpu.isalist" value=""/>
    <property name="sun.jnu.encoding" value="UTF-8"/>
    <property name="java.class.path" value="/home/runner/work/ozone/ozone/hadoop-ozone/integration-test/target/test-classes:/home/runner/work/ozone/ozone/hadoop-ozone/integration-test/target/classes:/home/runner/.m2/repository/org/apache/ozone/ozone-common/1.2.0-SNAPSHOT/ozone-common-1.2.0-SNAPSHOT.jar:/home/runner/.m2/repository/org/apache/commons/commons-compress/1.20/commons-compress-1.20.jar:/home/runner/.m2/repository/org/apache/ozone/hdds-common/1.2.0-SNAPSHOT/hdds-common-1.2.0-SNAPSHOT.jar:/home/runner/.m2/repository/org/apache/ozone/hdds-client/1.2.0-SNAPSHOT/hdds-client-1.2.0-SNAPSHOT.jar:/home/runner/.m2/repository/org/apache/ozone/ozone-interface-client/1.2.0-SNAPSHOT/ozone-interface-client-1.2.0-SNAPSHOT.jar:/home/runner/.m2/repository/org/apache/ozone/hdds-server-framework/1.2.0-SNAPSHOT/hdds-server-framework-1.2.0-SNAPSHOT.jar:/home/runner/.m2/repository/org/apache/ozone/hdds-interface-server/1.2.0-SNAPSHOT/hdds-interface-server-1.2.0-SNAPSHOT.jar:/home/runner/.m2/repository/org/eclipse/jetty/jetty-servlet/9.4.43.v20210629/jetty-servlet-9.4.43.v20210629.jar:/home/runner/.m2/repository/org/eclipse/jetty/jetty-security/9.4.43.v20210629/jetty-security-9.4.43.v20210629.jar:/home/runner/.m2/repository/org/rocksdb/rocksdbjni/6.20.3/rocksdbjni-6.20.3.jar:/home/runner/.m2/repository/io/prometheus/simpleclient_dropwizard/0.7.0/simpleclient_dropwizard-0.7.0.jar:/home/runner/.m2/repository/io/prometheus/simpleclient/0.7.0/simpleclient-0.7.0.jar:/home/runner/.m2/repository/io/prometheus/simpleclient_common/0.7.0/simpleclient_common-0.7.0.jar:/home/runner/.m2/repository/com/fasterxml/jackson/datatype/jackson-datatype-jsr310/2.12.1/jackson-datatype-jsr310-2.12.1.jar:/home/runner/.m2/repository/org/apache/ozone/hdds-test-utils/1.2.0-SNAPSHOT/hdds-test-utils-1.2.0-SNAPSHOT.jar:/home/runner/.m2/repository/com/google/guava/guava/30.1.1-jre/guava-30.1.1-jre.jar:/home/runner/.m2/repository/com/google/guava/failureaccess/1.0.1/failureaccess-1.0.1.jar:/home/runner/.m2/repository/com/google/guava/listenablefuture/9999.0-empty-to-avoid-conflict-with-guava/listenablefuture-9999.0-empty-to-avoid-conflict-with-guava.jar:/home/runner/.m2/repository/com/google/code/findbugs/jsr305/3.0.0/jsr305-3.0.0.jar:/home/runner/.m2/repository/org/checkerframework/checker-qual/3.8.0/checker-qual-3.8.0.jar:/home/runner/.m2/repository/com/google/errorprone/error_prone_annotations/2.2.0/error_prone_annotations-2.2.0.jar:/home/runner/.m2/repository/com/google/j2objc/j2objc-annotations/1.3/j2objc-annotations-1.3.jar:/home/runner/.m2/repository/commons-io/commons-io/2.8.0/commons-io-2.8.0.jar:/home/runner/.m2/repository/commons-logging/commons-logging/1.2/commons-logging-1.2.jar:/home/runner/.m2/repository/log4j/log4j/1.2.17/log4j-1.2.17.jar:/home/runner/.m2/repository/org/slf4j/slf4j-api/1.7.30/slf4j-api-1.7.30.jar:/home/runner/.m2/repository/org/apache/ozone/hdds-server-scm/1.2.0-SNAPSHOT/hdds-server-scm-1.2.0-SNAPSHOT.jar:/home/runner/.m2/repository/org/apache/ozone/hdds-container-service/1.2.0-SNAPSHOT/hdds-container-service-1.2.0-SNAPSHOT.jar:/home/runner/.m2/repository/org/apache/ozone/hdds-hadoop-dependency-server/1.2.0-SNAPSHOT/hdds-hadoop-dependency-server-1.2.0-SNAPSHOT.jar:/home/runner/.m2/repository/org/apache/hadoop/hadoop-hdfs/3.3.1/hadoop-hdfs-3.3.1.jar:/home/runner/.m2/repository/io/dropwizard/metrics/metrics-core/3.2.4/metrics-core-3.2.4.jar:/home/runner/.m2/repository/org/apache/hadoop/hadoop-hdfs-client/3.3.1/hadoop-hdfs-client-3.3.1.jar:/home/runner/.m2/repository/org/bouncycastle/bcprov-jdk15on/1.67/bcprov-jdk15on-1.67.jar:/home/runner/.m2/repository/com/google/protobuf/protobuf-java/2.5.0/protobuf-java-2.5.0.jar:/home/runner/.m2/repository/org/apache/ozone/ozone-manager/1.2.0-SNAPSHOT/ozone-manager-1.2.0-SNAPSHOT.jar:/home/runner/.m2/repository/org/aspectj/aspectjrt/1.8.9/aspectjrt-1.8.9.jar:/home/runner/.m2/repository/org/aspectj/aspectjweaver/1.8.9/aspectjweaver-1.8.9.jar:/home/runner/.m2/repository/org/apache/ozone/hdds-interface-client/1.2.0-SNAPSHOT/hdds-interface-client-1.2.0-SNAPSHOT.jar:/home/runner/.m2/repository/org/apache/hadoop/thirdparty/hadoop-shaded-protobuf_3_7/1.1.1/hadoop-shaded-protobuf_3_7-1.1.1.jar:/home/runner/.m2/repository/org/apache/ozone/ozone-interface-storage/1.2.0-SNAPSHOT/ozone-interface-storage-1.2.0-SNAPSHOT.jar:/home/runner/.m2/repository/org/reflections/reflections/0.9.11/reflections-0.9.11.jar:/home/runner/.m2/repository/org/apache/hadoop/hadoop-minikdc/3.3.1/hadoop-minikdc-3.3.1.jar:/home/runner/.m2/repository/org/apache/kerby/kerb-simplekdc/1.0.1/kerb-simplekdc-1.0.1.jar:/home/runner/.m2/repository/org/apache/kerby/kerb-client/1.0.1/kerb-client-1.0.1.jar:/home/runner/.m2/repository/org/apache/kerby/kerby-config/1.0.1/kerby-config-1.0.1.jar:/home/runner/.m2/repository/org/apache/kerby/kerb-common/1.0.1/kerb-common-1.0.1.jar:/home/runner/.m2/repository/org/apache/kerby/kerb-crypto/1.0.1/kerb-crypto-1.0.1.jar:/home/runner/.m2/repository/org/apache/kerby/kerb-util/1.0.1/kerb-util-1.0.1.jar:/home/runner/.m2/repository/org/apache/kerby/token-provider/1.0.1/token-provider-1.0.1.jar:/home/runner/.m2/repository/org/apache/kerby/kerb-admin/1.0.1/kerb-admin-1.0.1.jar:/home/runner/.m2/repository/org/apache/kerby/kerb-server/1.0.1/kerb-server-1.0.1.jar:/home/runner/.m2/repository/org/apache/kerby/kerb-identity/1.0.1/kerb-identity-1.0.1.jar:/home/runner/.m2/repository/org/apache/kerby/kerby-xdr/1.0.1/kerby-xdr-1.0.1.jar:/home/runner/.m2/repository/org/slf4j/slf4j-log4j12/1.7.30/slf4j-log4j12-1.7.30.jar:/home/runner/.m2/repository/org/apache/ozone/ozone-s3gateway/1.2.0-SNAPSHOT/ozone-s3gateway-1.2.0-SNAPSHOT.jar:/home/runner/.m2/repository/org/javassist/javassist/3.21.0-GA/javassist-3.21.0-GA.jar:/home/runner/.m2/repository/org/jboss/weld/servlet/weld-servlet/2.4.7.Final/weld-servlet-2.4.7.Final.jar:/home/runner/.m2/repository/org/glassfish/jersey/containers/jersey-container-servlet-core/2.33/jersey-container-servlet-core-2.33.jar:/home/runner/.m2/repository/org/glassfish/hk2/external/jakarta.inject/2.6.1/jakarta.inject-2.6.1.jar:/home/runner/.m2/repository/org/glassfish/jersey/core/jersey-common/2.33/jersey-common-2.33.jar:/home/runner/.m2/repository/jakarta/ws/rs/jakarta.ws.rs-api/2.1.6/jakarta.ws.rs-api-2.1.6.jar:/home/runner/.m2/repository/org/glassfish/jersey/ext/cdi/jersey-cdi1x/2.33/jersey-cdi1x-2.33.jar:/home/runner/.m2/repository/org/glassfish/jersey/inject/jersey-hk2/2.33/jersey-hk2-2.33.jar:/home/runner/.m2/repository/org/glassfish/hk2/hk2-locator/2.6.1/hk2-locator-2.6.1.jar:/home/runner/.m2/repository/org/glassfish/jersey/media/jersey-media-jaxb/2.33/jersey-media-jaxb-2.33.jar:/home/runner/.m2/repository/org/glassfish/hk2/osgi-resource-locator/1.0.3/osgi-resource-locator-1.0.3.jar:/home/runner/.m2/repository/org/glassfish/hk2/hk2-api/2.5.0/hk2-api-2.5.0.jar:/home/runner/.m2/repository/org/glassfish/hk2/hk2-utils/2.5.0/hk2-utils-2.5.0.jar:/home/runner/.m2/repository/org/glassfish/hk2/external/aopalliance-repackaged/2.5.0/aopalliance-repackaged-2.5.0.jar:/home/runner/.m2/repository/com/fasterxml/jackson/dataformat/jackson-dataformat-xml/2.12.1/jackson-dataformat-xml-2.12.1.jar:/home/runner/.m2/repository/com/fasterxml/jackson/core/jackson-core/2.12.1/jackson-core-2.12.1.jar:/home/runner/.m2/repository/com/fasterxml/jackson/module/jackson-module-jaxb-annotations/2.12.1/jackson-module-jaxb-annotations-2.12.1.jar:/home/runner/.m2/repository/jakarta/xml/bind/jakarta.xml.bind-api/2.3.2/jakarta.xml.bind-api-2.3.2.jar:/home/runner/.m2/repository/org/codehaus/woodstox/stax2-api/3.1.4/stax2-api-3.1.4.jar:/home/runner/.m2/repository/com/fasterxml/woodstox/woodstox-core/5.0.3/woodstox-core-5.0.3.jar:/home/runner/.m2/repository/javax/enterprise/cdi-api/1.2/cdi-api-1.2.jar:/home/runner/.m2/repository/javax/el/javax.el-api/3.0.0/javax.el-api-3.0.0.jar:/home/runner/.m2/repository/javax/interceptor/javax.interceptor-api/1.2/javax.interceptor-api-1.2.jar:/home/runner/.m2/repository/javax/inject/javax.inject/1/javax.inject-1.jar:/home/runner/.m2/repository/javax/xml/bind/jaxb-api/2.3.0/jaxb-api-2.3.0.jar:/home/runner/.m2/repository/org/glassfish/jaxb/jaxb-runtime/2.3.0.1/jaxb-runtime-2.3.0.1.jar:/home/runner/.m2/repository/org/glassfish/jaxb/jaxb-core/2.3.0.1/jaxb-core-2.3.0.1.jar:/home/runner/.m2/repository/org/glassfish/jaxb/txw2/2.3.0.1/txw2-2.3.0.1.jar:/home/runner/.m2/repository/com/sun/istack/istack-commons-runtime/3.0.5/istack-commons-runtime-3.0.5.jar:/home/runner/.m2/repository/org/jvnet/staxex/stax-ex/1.7.8/stax-ex-1.7.8.jar:/home/runner/.m2/repository/com/sun/xml/fastinfoset/FastInfoset/1.2.13/FastInfoset-1.2.13.jar:/home/runner/.m2/repository/javax/activation/activation/1.1.1/activation-1.1.1.jar:/home/runner/.m2/repository/org/apache/ozone/ozone-csi/1.2.0-SNAPSHOT/ozone-csi-1.2.0-SNAPSHOT.jar:/home/runner/.m2/repository/com/google/protobuf/protobuf-java-util/3.12.0/protobuf-java-util-3.12.0.jar:/home/runner/.m2/repository/com/google/code/gson/gson/2.2.4/gson-2.2.4.jar:/home/runner/.m2/repository/org/apache/ozone/hdds-config/1.2.0-SNAPSHOT/hdds-config-1.2.0-SNAPSHOT.jar:/home/runner/.m2/repository/io/grpc/grpc-netty/1.33.0/grpc-netty-1.33.0.jar:/home/runner/.m2/repository/io/grpc/grpc-core/1.33.0/grpc-core-1.33.0.jar:/home/runner/.m2/repository/com/google/android/annotations/4.1.1.4/annotations-4.1.1.4.jar:/home/runner/.m2/repository/io/netty/netty-codec-http2/4.1.63.Final/netty-codec-http2-4.1.63.Final.jar:/home/runner/.m2/repository/io/netty/netty-codec-http/4.1.63.Final/netty-codec-http-4.1.63.Final.jar:/home/runner/.m2/repository/io/netty/netty-handler-proxy/4.1.63.Final/netty-handler-proxy-4.1.63.Final.jar:/home/runner/.m2/repository/io/netty/netty-codec-socks/4.1.63.Final/netty-codec-socks-4.1.63.Final.jar:/home/runner/.m2/repository/io/perfmark/perfmark-api/0.19.0/perfmark-api-0.19.0.jar:/home/runner/.m2/repository/org/codehaus/mojo/animal-sniffer-annotations/1.18/animal-sniffer-annotations-1.18.jar:/home/runner/.m2/repository/io/netty/netty-transport-native-epoll/4.1.63.Final/netty-transport-native-epoll-4.1.63.Final.jar:/home/runner/.m2/repository/io/netty/netty-common/4.1.63.Final/netty-common-4.1.63.Final.jar:/home/runner/.m2/repository/io/netty/netty-buffer/4.1.63.Final/netty-buffer-4.1.63.Final.jar:/home/runner/.m2/repository/io/netty/netty-transport-native-unix-common/4.1.63.Final/netty-transport-native-unix-common-4.1.63.Final.jar:/home/runner/.m2/repository/io/grpc/grpc-protobuf/1.33.0/grpc-protobuf-1.33.0.jar:/home/runner/.m2/repository/io/grpc/grpc-api/1.33.0/grpc-api-1.33.0.jar:/home/runner/.m2/repository/io/grpc/grpc-context/1.33.0/grpc-context-1.33.0.jar:/home/runner/.m2/repository/com/google/api/grpc/proto-google-common-protos/1.17.0/proto-google-common-protos-1.17.0.jar:/home/runner/.m2/repository/io/grpc/grpc-protobuf-lite/1.33.0/grpc-protobuf-lite-1.33.0.jar:/home/runner/.m2/repository/io/grpc/grpc-stub/1.33.0/grpc-stub-1.33.0.jar:/home/runner/.m2/repository/org/apache/ozone/ozone-recon/1.2.0-SNAPSHOT/ozone-recon-1.2.0-SNAPSHOT.jar:/home/runner/.m2/repository/org/apache/ozone/ozone-reconcodegen/1.2.0-SNAPSHOT/ozone-reconcodegen-1.2.0-SNAPSHOT.jar:/home/runner/.m2/repository/com/google/inject/extensions/guice-multibindings/4.0/guice-multibindings-4.0.jar:/home/runner/.m2/repository/com/google/inject/guice/4.0/guice-4.0.jar:/home/runner/.m2/repository/aopalliance/aopalliance/1.0/aopalliance-1.0.jar:/home/runner/.m2/repository/com/google/inject/extensions/guice-assistedinject/4.0/guice-assistedinject-4.0.jar:/home/runner/.m2/repository/com/google/inject/extensions/guice-servlet/4.0/guice-servlet-4.0.jar:/home/runner/.m2/repository/org/glassfish/jersey/containers/jersey-container-servlet/2.33/jersey-container-servlet-2.33.jar:/home/runner/.m2/repository/org/glassfish/hk2/guice-bridge/2.5.0/guice-bridge-2.5.0.jar:/home/runner/.m2/repository/org/glassfish/jersey/core/jersey-server/2.33/jersey-server-2.33.jar:/home/runner/.m2/repository/org/glassfish/jersey/core/jersey-client/2.33/jersey-client-2.33.jar:/home/runner/.m2/repository/jakarta/annotation/jakarta.annotation-api/1.3.5/jakarta.annotation-api-1.3.5.jar:/home/runner/.m2/repository/jakarta/validation/jakarta.validation-api/2.0.2/jakarta.validation-api-2.0.2.jar:/home/runner/.m2/repository/org/glassfish/jersey/media/jersey-media-json-jackson/2.33/jersey-media-json-jackson-2.33.jar:/home/runner/.m2/repository/org/glassfish/jersey/ext/jersey-entity-filtering/2.33/jersey-entity-filtering-2.33.jar:/home/runner/.m2/repository/org/jooq/jooq/3.11.10/jooq-3.11.10.jar:/home/runner/.m2/repository/org/jooq/jooq-meta/3.11.10/jooq-meta-3.11.10.jar:/home/runner/.m2/repository/org/jooq/jooq-codegen/3.11.10/jooq-codegen-3.11.10.jar:/home/runner/.m2/repository/com/jolbox/bonecp/0.8.0.RELEASE/bonecp-0.8.0.RELEASE.jar:/home/runner/.m2/repository/org/apache/derby/derby/10.14.2.0/derby-10.14.2.0.jar:/home/runner/.m2/repository/org/xerial/sqlite-jdbc/3.25.2/sqlite-jdbc-3.25.2.jar:/home/runner/.m2/repository/org/springframework/spring-jdbc/5.2.11.RELEASE/spring-jdbc-5.2.11.RELEASE.jar:/home/runner/.m2/repository/org/springframework/spring-beans/5.2.11.RELEASE/spring-beans-5.2.11.RELEASE.jar:/home/runner/.m2/repository/org/springframework/spring-core/5.2.11.RELEASE/spring-core-5.2.11.RELEASE.jar:/home/runner/.m2/repository/org/springframework/spring-jcl/5.2.11.RELEASE/spring-jcl-5.2.11.RELEASE.jar:/home/runner/.m2/repository/org/springframework/spring-tx/5.2.11.RELEASE/spring-tx-5.2.11.RELEASE.jar:/home/runner/.m2/repository/org/apache/ozone/ozone-client/1.2.0-SNAPSHOT/ozone-client-1.2.0-SNAPSHOT.jar:/home/runner/.m2/repository/org/apache/ozone/ozone-filesystem/1.2.0-SNAPSHOT/ozone-filesystem-1.2.0-SNAPSHOT.jar:/home/runner/.m2/repository/org/apache/ozone/ozone-filesystem-common/1.2.0-SNAPSHOT/ozone-filesystem-common-1.2.0-SNAPSHOT.jar:/home/runner/.m2/repository/org/apache/ozone/ozone-tools/1.2.0-SNAPSHOT/ozone-tools-1.2.0-SNAPSHOT.jar:/home/runner/.m2/repository/org/apache/ratis/ratis-tools/2.1.0-03f3b68-SNAPSHOT/ratis-tools-2.1.0-03f3b68-SNAPSHOT.jar:/home/runner/.m2/repository/com/amazonaws/aws-java-sdk-core/1.11.901/aws-java-sdk-core-1.11.901.jar:/home/runner/.m2/repository/org/apache/httpcomponents/httpclient/4.5.13/httpclient-4.5.13.jar:/home/runner/.m2/repository/org/apache/httpcomponents/httpcore/4.4.13/httpcore-4.4.13.jar:/home/runner/.m2/repository/software/amazon/ion/ion-java/1.0.2/ion-java-1.0.2.jar:/home/runner/.m2/repository/com/fasterxml/jackson/dataformat/jackson-dataformat-cbor/2.12.1/jackson-dataformat-cbor-2.12.1.jar:/home/runner/.m2/repository/joda-time/joda-time/2.8.1/joda-time-2.8.1.jar:/home/runner/.m2/repository/com/amazonaws/aws-java-sdk-s3/1.11.901/aws-java-sdk-s3-1.11.901.jar:/home/runner/.m2/repository/com/amazonaws/aws-java-sdk-kms/1.11.901/aws-java-sdk-kms-1.11.901.jar:/home/runner/.m2/repository/com/amazonaws/jmespath-java/1.11.901/jmespath-java-1.11.901.jar:/home/runner/.m2/repository/org/kohsuke/metainf-services/metainf-services/1.8/metainf-services-1.8.jar:/home/runner/.m2/repository/org/apache/ozone/hdds-tools/1.2.0-SNAPSHOT/hdds-tools-1.2.0-SNAPSHOT.jar:/home/runner/.m2/repository/commons-cli/commons-cli/1.2/commons-cli-1.2.jar:/home/runner/.m2/repository/org/apache/commons/commons-lang3/3.7/commons-lang3-3.7.jar:/home/runner/.m2/repository/org/apache/ozone/ozone-manager/1.2.0-SNAPSHOT/ozone-manager-1.2.0-SNAPSHOT-tests.jar:/home/runner/.m2/repository/org/apache/ozone/hdds-common/1.2.0-SNAPSHOT/hdds-common-1.2.0-SNAPSHOT-tests.jar:/home/runner/.m2/repository/org/apache/ozone/hdds-hadoop-dependency-client/1.2.0-SNAPSHOT/hdds-hadoop-dependency-client-1.2.0-SNAPSHOT.jar:/home/runner/.m2/repository/info/picocli/picocli/4.6.1/picocli-4.6.1.jar:/home/runner/.m2/repository/com/fasterxml/jackson/core/jackson-annotations/2.12.1/jackson-annotations-2.12.1.jar:/home/runner/.m2/repository/javax/annotation/javax.annotation-api/1.2/javax.annotation-api-1.2.jar:/home/runner/.m2/repository/org/apache/ratis/ratis-server/2.1.0-03f3b68-SNAPSHOT/ratis-server-2.1.0-03f3b68-SNAPSHOT.jar:/home/runner/.m2/repository/org/apache/ratis/ratis-client/2.1.0-03f3b68-SNAPSHOT/ratis-client-2.1.0-03f3b68-SNAPSHOT.jar:/home/runner/.m2/repository/org/apache/ratis/ratis-server-api/2.1.0-03f3b68-SNAPSHOT/ratis-server-api-2.1.0-03f3b68-SNAPSHOT.jar:/home/runner/.m2/repository/org/apache/ratis/ratis-metrics/2.1.0-03f3b68-SNAPSHOT/ratis-metrics-2.1.0-03f3b68-SNAPSHOT.jar:/home/runner/.m2/repository/org/apache/ratis/ratis-netty/2.1.0-03f3b68-SNAPSHOT/ratis-netty-2.1.0-03f3b68-SNAPSHOT.jar:/home/runner/.m2/repository/org/apache/ratis/ratis-grpc/2.1.0-03f3b68-SNAPSHOT/ratis-grpc-2.1.0-03f3b68-SNAPSHOT.jar:/home/runner/.m2/repository/org/apache/logging/log4j/log4j-api/2.13.3/log4j-api-2.13.3.jar:/home/runner/.m2/repository/org/apache/logging/log4j/log4j-core/2.13.3/log4j-core-2.13.3.jar:/home/runner/.m2/repository/com/lmax/disruptor/3.4.2/disruptor-3.4.2.jar:/home/runner/.m2/repository/org/apache/commons/commons-pool2/2.6.0/commons-pool2-2.6.0.jar:/home/runner/.m2/repository/org/bouncycastle/bcpkix-jdk15on/1.67/bcpkix-jdk15on-1.67.jar:/home/runner/.m2/repository/commons-validator/commons-validator/1.6/commons-validator-1.6.jar:/home/runner/.m2/repository/commons-beanutils/commons-beanutils/1.9.4/commons-beanutils-1.9.4.jar:/home/runner/.m2/repository/commons-digester/commons-digester/1.8.1/commons-digester-1.8.1.jar:/home/runner/.m2/repository/commons-collections/commons-collections/3.2.2/commons-collections-3.2.2.jar:/home/runner/.m2/repository/io/jaegertracing/jaeger-client/1.6.0/jaeger-client-1.6.0.jar:/home/runner/.m2/repository/io/jaegertracing/jaeger-thrift/1.6.0/jaeger-thrift-1.6.0.jar:/home/runner/.m2/repository/org/apache/thrift/libthrift/0.14.1/libthrift-0.14.1.jar:/home/runner/.m2/repository/com/squareup/okhttp3/okhttp/4.9.0/okhttp-4.9.0.jar:/home/runner/.m2/repository/com/squareup/okio/okio/2.8.0/okio-2.8.0.jar:/home/runner/.m2/repository/io/jaegertracing/jaeger-core/1.6.0/jaeger-core-1.6.0.jar:/home/runner/.m2/repository/io/jaegertracing/jaeger-tracerresolver/1.6.0/jaeger-tracerresolver-1.6.0.jar:/home/runner/.m2/repository/io/opentracing/contrib/opentracing-tracerresolver/0.1.8/opentracing-tracerresolver-0.1.8.jar:/home/runner/.m2/repository/org/jetbrains/kotlin/kotlin-stdlib/1.4.31/kotlin-stdlib-1.4.31.jar:/home/runner/.m2/repository/org/jetbrains/kotlin/kotlin-stdlib-common/1.4.31/kotlin-stdlib-common-1.4.31.jar:/home/runner/.m2/repository/org/jetbrains/annotations/13.0/annotations-13.0.jar:/home/runner/.m2/repository/io/opentracing/opentracing-util/0.33.0/opentracing-util-0.33.0.jar:/home/runner/.m2/repository/io/opentracing/opentracing-api/0.33.0/opentracing-api-0.33.0.jar:/home/runner/.m2/repository/io/opentracing/opentracing-noop/0.33.0/opentracing-noop-0.33.0.jar:/home/runner/.m2/repository/org/yaml/snakeyaml/1.26/snakeyaml-1.26.jar:/home/runner/.m2/repository/org/apache/ozone/hdds-interface-admin/1.2.0-SNAPSHOT/hdds-interface-admin-1.2.0-SNAPSHOT.jar:/home/runner/.m2/repository/junit/junit/4.13.1/junit-4.13.1.jar:/home/runner/.m2/repository/org/hamcrest/hamcrest-core/1.3/hamcrest-core-1.3.jar:/home/runner/.m2/repository/org/junit/jupiter/junit-jupiter-api/5.7.0/junit-jupiter-api-5.7.0.jar:/home/runner/.m2/repository/org/apiguardian/apiguardian-api/1.1.0/apiguardian-api-1.1.0.jar:/home/runner/.m2/repository/org/opentest4j/opentest4j/1.2.0/opentest4j-1.2.0.jar:/home/runner/.m2/repository/org/junit/platform/junit-platform-commons/1.7.0/junit-platform-commons-1.7.0.jar:/home/runner/.m2/repository/org/junit/jupiter/junit-jupiter-engine/5.7.0/junit-jupiter-engine-5.7.0.jar:/home/runner/.m2/repository/org/junit/platform/junit-platform-engine/1.7.0/junit-platform-engine-1.7.0.jar:/home/runner/.m2/repository/org/junit/vintage/junit-vintage-engine/5.7.0/junit-vintage-engine-5.7.0.jar:/home/runner/.m2/repository/org/junit/platform/junit-platform-launcher/1.7.0/junit-platform-launcher-1.7.0.jar:/home/runner/.m2/repository/org/openjdk/jmh/jmh-core/1.19/jmh-core-1.19.jar:/home/runner/.m2/repository/net/sf/jopt-simple/jopt-simple/4.6/jopt-simple-4.6.jar:/home/runner/.m2/repository/org/apache/commons/commons-math3/3.1.1/commons-math3-3.1.1.jar:/home/runner/.m2/repository/org/openjdk/jmh/jmh-generator-annprocess/1.19/jmh-generator-annprocess-1.19.jar:/home/runner/.m2/repository/org/mockito/mockito-core/2.28.2/mockito-core-2.28.2.jar:/home/runner/.m2/repository/net/bytebuddy/byte-buddy/1.9.10/byte-buddy-1.9.10.jar:/home/runner/.m2/repository/net/bytebuddy/byte-buddy-agent/1.9.10/byte-buddy-agent-1.9.10.jar:/home/runner/.m2/repository/org/objenesis/objenesis/1.0/objenesis-1.0.jar:/home/runner/.m2/repository/org/apache/hadoop/hadoop-kms/3.3.1/hadoop-kms-3.3.1.jar:/home/runner/.m2/repository/org/apache/hadoop/hadoop-auth/3.3.1/hadoop-auth-3.3.1.jar:/home/runner/.m2/repository/com/nimbusds/nimbus-jose-jwt/7.9/nimbus-jose-jwt-7.9.jar:/home/runner/.m2/repository/com/github/stephenc/jcip/jcip-annotations/1.0-1/jcip-annotations-1.0-1.jar:/home/runner/.m2/repository/net/minidev/json-smart/2.3/json-smart-2.3.jar:/home/runner/.m2/repository/net/minidev/accessors-smart/1.2/accessors-smart-1.2.jar:/home/runner/.m2/repository/org/ow2/asm/asm/5.0.4/asm-5.0.4.jar:/home/runner/.m2/repository/org/apache/zookeeper/zookeeper/3.5.6/zookeeper-3.5.6.jar:/home/runner/.m2/repository/org/apache/zookeeper/zookeeper-jute/3.5.6/zookeeper-jute-3.5.6.jar:/home/runner/.m2/repository/org/apache/yetus/audience-annotations/0.5.0/audience-annotations-0.5.0.jar:/home/runner/.m2/repository/org/apache/curator/curator-framework/4.2.0/curator-framework-4.2.0.jar:/home/runner/.m2/repository/org/apache/hadoop/thirdparty/hadoop-shaded-guava/1.1.1/hadoop-shaded-guava-1.1.1.jar:/home/runner/.m2/repository/com/sun/jersey/jersey-core/1.19/jersey-core-1.19.jar:/home/runner/.m2/repository/javax/ws/rs/jsr311-api/1.1.1/jsr311-api-1.1.1.jar:/home/runner/.m2/repository/com/sun/jersey/jersey-server/1.19/jersey-server-1.19.jar:/home/runner/.m2/repository/javax/servlet/javax.servlet-api/3.1.0/javax.servlet-api-3.1.0.jar:/home/runner/.m2/repository/org/eclipse/jetty/jetty-server/9.4.43.v20210629/jetty-server-9.4.43.v20210629.jar:/home/runner/.m2/repository/org/eclipse/jetty/jetty-http/9.4.43.v20210629/jetty-http-9.4.43.v20210629.jar:/home/runner/.m2/repository/org/eclipse/jetty/jetty-io/9.4.43.v20210629/jetty-io-9.4.43.v20210629.jar:/home/runner/.m2/repository/org/eclipse/jetty/jetty-webapp/9.4.43.v20210629/jetty-webapp-9.4.43.v20210629.jar:/home/runner/.m2/repository/org/eclipse/jetty/jetty-xml/9.4.43.v20210629/jetty-xml-9.4.43.v20210629.jar:/home/runner/.m2/repository/org/apache/hadoop/hadoop-common/3.3.1/hadoop-common-3.3.1.jar:/home/runner/.m2/repository/commons-net/commons-net/3.6/commons-net-3.6.jar:/home/runner/.m2/repository/jakarta/activation/jakarta.activation-api/1.2.1/jakarta.activation-api-1.2.1.jar:/home/runner/.m2/repository/com/sun/jersey/jersey-servlet/1.19/jersey-servlet-1.19.jar:/home/runner/.m2/repository/com/sun/jersey/jersey-json/1.19/jersey-json-1.19.jar:/home/runner/.m2/repository/org/codehaus/jettison/jettison/1.1/jettison-1.1.jar:/home/runner/.m2/repository/com/sun/xml/bind/jaxb-impl/2.2.3-1/jaxb-impl-2.2.3-1.jar:/home/runner/.m2/repository/org/codehaus/jackson/jackson-jaxrs/1.9.2/jackson-jaxrs-1.9.2.jar:/home/runner/.m2/repository/org/codehaus/jackson/jackson-xc/1.9.2/jackson-xc-1.9.2.jar:/home/runner/.m2/repository/org/apache/commons/commons-configuration2/2.1.1/commons-configuration2-2.1.1.jar:/home/runner/.m2/repository/org/apache/commons/commons-text/1.4/commons-text-1.4.jar:/home/runner/.m2/repository/com/google/re2j/re2j/1.1/re2j-1.1.jar:/home/runner/.m2/repository/com/jcraft/jsch/0.1.54/jsch-0.1.54.jar:/home/runner/.m2/repository/org/apache/curator/curator-client/4.2.0/curator-client-4.2.0.jar:/home/runner/.m2/repository/org/apache/curator/curator-recipes/4.2.0/curator-recipes-4.2.0.jar:/home/runner/.m2/repository/org/apache/kerby/kerb-core/1.0.1/kerb-core-1.0.1.jar:/home/runner/.m2/repository/org/apache/kerby/kerby-pkix/1.0.1/kerby-pkix-1.0.1.jar:/home/runner/.m2/repository/org/apache/kerby/kerby-asn1/1.0.1/kerby-asn1-1.0.1.jar:/home/runner/.m2/repository/org/apache/kerby/kerby-util/1.0.1/kerby-util-1.0.1.jar:/home/runner/.m2/repository/dnsjava/dnsjava/2.1.7/dnsjava-2.1.7.jar:/home/runner/.m2/repository/org/xerial/snappy/snappy-java/1.1.8.2/snappy-java-1.1.8.2.jar:/home/runner/.m2/repository/org/slf4j/jul-to-slf4j/1.7.30/jul-to-slf4j-1.7.30.jar:/home/runner/.m2/repository/org/eclipse/jetty/jetty-util/9.4.43.v20210629/jetty-util-9.4.43.v20210629.jar:/home/runner/.m2/repository/com/fasterxml/jackson/core/jackson-databind/2.12.1/jackson-databind-2.12.1.jar:/home/runner/.m2/repository/org/apache/hadoop/hadoop-kms/3.3.1/hadoop-kms-3.3.1-tests.jar:/home/runner/.m2/repository/org/apache/ozone/hdds-server-scm/1.2.0-SNAPSHOT/hdds-server-scm-1.2.0-SNAPSHOT-tests.jar:/home/runner/.m2/repository/org/apache/ozone/hdds-container-service/1.2.0-SNAPSHOT/hdds-container-service-1.2.0-SNAPSHOT-tests.jar:/home/runner/.m2/repository/commons-codec/commons-codec/1.11/commons-codec-1.11.jar:/home/runner/.m2/repository/io/netty/netty-transport/4.1.63.Final/netty-transport-4.1.63.Final.jar:/home/runner/.m2/repository/io/netty/netty-resolver/4.1.63.Final/netty-resolver-4.1.63.Final.jar:/home/runner/.m2/repository/io/netty/netty-codec/4.1.63.Final/netty-codec-4.1.63.Final.jar:/home/runner/.m2/repository/io/netty/netty-handler/4.1.63.Final/netty-handler-4.1.63.Final.jar:/home/runner/.m2/repository/org/apache/ozone/hdds-hadoop-dependency-test/1.2.0-SNAPSHOT/hdds-hadoop-dependency-test-1.2.0-SNAPSHOT.jar:/home/runner/.m2/repository/org/apache/hadoop/hadoop-common/3.3.1/hadoop-common-3.3.1-tests.jar:/home/runner/.m2/repository/org/assertj/assertj-core/3.12.2/assertj-core-3.12.2.jar:/home/runner/.m2/repository/org/apache/hadoop/hadoop-hdfs/3.3.1/hadoop-hdfs-3.3.1-tests.jar:/home/runner/.m2/repository/org/eclipse/jetty/jetty-util-ajax/9.4.43.v20210629/jetty-util-ajax-9.4.43.v20210629.jar:/home/runner/.m2/repository/commons-daemon/commons-daemon/1.0.13/commons-daemon-1.0.13.jar:/home/runner/.m2/repository/io/netty/netty/3.10.6.Final/netty-3.10.6.Final.jar:/home/runner/.m2/repository/io/netty/netty-all/4.1.63.Final/netty-all-4.1.63.Final.jar:/home/runner/.m2/repository/org/apache/htrace/htrace-core4/4.1.0-incubating/htrace-core4-4.1.0-incubating.jar:/home/runner/.m2/repository/org/fusesource/leveldbjni/leveldbjni-all/1.8/leveldbjni-all-1.8.jar:/home/runner/.m2/repository/org/apache/hadoop/hadoop-distcp/3.3.1/hadoop-distcp-3.3.1.jar:/home/runner/.m2/repository/org/apache/hadoop/hadoop-mapreduce-client-jobclient/3.3.1/hadoop-mapreduce-client-jobclient-3.3.1.jar:/home/runner/.m2/repository/org/apache/hadoop/hadoop-mapreduce-client-common/3.3.1/hadoop-mapreduce-client-common-3.3.1.jar:/home/runner/.m2/repository/org/apache/hadoop/hadoop-yarn-common/3.3.1/hadoop-yarn-common-3.3.1.jar:/home/runner/.m2/repository/org/apache/hadoop/hadoop-yarn-api/3.3.1/hadoop-yarn-api-3.3.1.jar:/home/runner/.m2/repository/com/sun/jersey/jersey-client/1.19/jersey-client-1.19.jar:/home/runner/.m2/repository/com/sun/jersey/contribs/jersey-guice/1.19/jersey-guice-1.19.jar:/home/runner/.m2/repository/com/fasterxml/jackson/jaxrs/jackson-jaxrs-json-provider/2.12.1/jackson-jaxrs-json-provider-2.12.1.jar:/home/runner/.m2/repository/com/fasterxml/jackson/jaxrs/jackson-jaxrs-base/2.12.1/jackson-jaxrs-base-2.12.1.jar:/home/runner/.m2/repository/org/apache/hadoop/hadoop-yarn-client/3.3.1/hadoop-yarn-client-3.3.1.jar:/home/runner/.m2/repository/org/eclipse/jetty/websocket/websocket-client/9.4.40.v20210413/websocket-client-9.4.40.v20210413.jar:/home/runner/.m2/repository/org/eclipse/jetty/jetty-client/9.4.40.v20210413/jetty-client-9.4.40.v20210413.jar:/home/runner/.m2/repository/org/eclipse/jetty/websocket/websocket-common/9.4.40.v20210413/websocket-common-9.4.40.v20210413.jar:/home/runner/.m2/repository/org/eclipse/jetty/websocket/websocket-api/9.4.40.v20210413/websocket-api-9.4.40.v20210413.jar:/home/runner/.m2/repository/org/jline/jline/3.9.0/jline-3.9.0.jar:/home/runner/.m2/repository/org/apache/hadoop/hadoop-mapreduce-client-core/3.3.1/hadoop-mapreduce-client-core-3.3.1.jar:/home/runner/.m2/repository/org/apache/avro/avro/1.7.7/avro-1.7.7.jar:/home/runner/.m2/repository/org/codehaus/jackson/jackson-core-asl/1.9.13/jackson-core-asl-1.9.13.jar:/home/runner/.m2/repository/org/codehaus/jackson/jackson-mapper-asl/1.9.13/jackson-mapper-asl-1.9.13.jar:/home/runner/.m2/repository/com/thoughtworks/paranamer/paranamer/2.3/paranamer-2.3.jar:/home/runner/.m2/repository/org/apache/hadoop/hadoop-annotations/3.3.1/hadoop-annotations-3.3.1.jar:/usr/lib/jvm/adoptopenjdk-8-hotspot-amd64/jre/../lib/tools.jar:/home/runner/.m2/repository/org/apache/hadoop/hadoop-distcp/3.3.1/hadoop-distcp-3.3.1-tests.jar:/home/runner/.m2/repository/org/apache/ratis/ratis-common/2.1.0-03f3b68-SNAPSHOT/ratis-common-2.1.0-03f3b68-SNAPSHOT.jar:/home/runner/.m2/repository/org/apache/ratis/ratis-thirdparty-misc/0.7.0/ratis-thirdparty-misc-0.7.0.jar:/home/runner/.m2/repository/org/apache/ratis/ratis-proto/2.1.0-03f3b68-SNAPSHOT/ratis-proto-2.1.0-03f3b68-SNAPSHOT.jar:"/>
    <property name="java.vm.vendor" value="AdoptOpenJDK"/>
    <property name="sun.arch.data.model" value="64"/>
    <property name="test.build.dir" value="/home/runner/work/ozone/ozone/hadoop-ozone/integration-test/target/test-dir"/>
    <property name="test.cache.data" value=""/>
    <property name="java.vendor.url" value="https://adoptopenjdk.net/"/>
    <property name="user.timezone" value=""/>
    <property name="java.vm.specification.version" value="1.8"/>
    <property name="os.name" value="Linux"/>
    <property name="test.build.data" value="/home/runner/work/ozone/ozone/hadoop-ozone/integration-test/target/test-dir"/>
    <property name="sun.java.launcher" value="SUN_STANDARD"/>
    <property name="sun.boot.library.path" value="/usr/lib/jvm/adoptopenjdk-8-hotspot-amd64/jre/lib/amd64"/>
    <property name="sun.java.command" value="/home/runner/work/ozone/ozone/hadoop-ozone/integration-test/target/surefire/surefirebooter1690643838166284469.jar /home/runner/work/ozone/ozone/hadoop-ozone/integration-test/target/surefire 2021-09-01T12-48-15_700-jvmRun1 surefire714150026539809736tmp surefire_708265827669426579919tmp"/>
    <property name="surefire.test.class.path" value="/home/runner/work/ozone/ozone/hadoop-ozone/integration-test/target/test-classes:/home/runner/work/ozone/ozone/hadoop-ozone/integration-test/target/classes:/home/runner/.m2/repository/org/apache/ozone/ozone-common/1.2.0-SNAPSHOT/ozone-common-1.2.0-SNAPSHOT.jar:/home/runner/.m2/repository/org/apache/commons/commons-compress/1.20/commons-compress-1.20.jar:/home/runner/.m2/repository/org/apache/ozone/hdds-common/1.2.0-SNAPSHOT/hdds-common-1.2.0-SNAPSHOT.jar:/home/runner/.m2/repository/org/apache/ozone/hdds-client/1.2.0-SNAPSHOT/hdds-client-1.2.0-SNAPSHOT.jar:/home/runner/.m2/repository/org/apache/ozone/ozone-interface-client/1.2.0-SNAPSHOT/ozone-interface-client-1.2.0-SNAPSHOT.jar:/home/runner/.m2/repository/org/apache/ozone/hdds-server-framework/1.2.0-SNAPSHOT/hdds-server-framework-1.2.0-SNAPSHOT.jar:/home/runner/.m2/repository/org/apache/ozone/hdds-interface-server/1.2.0-SNAPSHOT/hdds-interface-server-1.2.0-SNAPSHOT.jar:/home/runner/.m2/repository/org/eclipse/jetty/jetty-servlet/9.4.43.v20210629/jetty-servlet-9.4.43.v20210629.jar:/home/runner/.m2/repository/org/eclipse/jetty/jetty-security/9.4.43.v20210629/jetty-security-9.4.43.v20210629.jar:/home/runner/.m2/repository/org/rocksdb/rocksdbjni/6.20.3/rocksdbjni-6.20.3.jar:/home/runner/.m2/repository/io/prometheus/simpleclient_dropwizard/0.7.0/simpleclient_dropwizard-0.7.0.jar:/home/runner/.m2/repository/io/prometheus/simpleclient/0.7.0/simpleclient-0.7.0.jar:/home/runner/.m2/repository/io/prometheus/simpleclient_common/0.7.0/simpleclient_common-0.7.0.jar:/home/runner/.m2/repository/com/fasterxml/jackson/datatype/jackson-datatype-jsr310/2.12.1/jackson-datatype-jsr310-2.12.1.jar:/home/runner/.m2/repository/org/apache/ozone/hdds-test-utils/1.2.0-SNAPSHOT/hdds-test-utils-1.2.0-SNAPSHOT.jar:/home/runner/.m2/repository/com/google/guava/guava/30.1.1-jre/guava-30.1.1-jre.jar:/home/runner/.m2/repository/com/google/guava/failureaccess/1.0.1/failureaccess-1.0.1.jar:/home/runner/.m2/repository/com/google/guava/listenablefuture/9999.0-empty-to-avoid-conflict-with-guava/listenablefuture-9999.0-empty-to-avoid-conflict-with-guava.jar:/home/runner/.m2/repository/com/google/code/findbugs/jsr305/3.0.0/jsr305-3.0.0.jar:/home/runner/.m2/repository/org/checkerframework/checker-qual/3.8.0/checker-qual-3.8.0.jar:/home/runner/.m2/repository/com/google/errorprone/error_prone_annotations/2.2.0/error_prone_annotations-2.2.0.jar:/home/runner/.m2/repository/com/google/j2objc/j2objc-annotations/1.3/j2objc-annotations-1.3.jar:/home/runner/.m2/repository/commons-io/commons-io/2.8.0/commons-io-2.8.0.jar:/home/runner/.m2/repository/commons-logging/commons-logging/1.2/commons-logging-1.2.jar:/home/runner/.m2/repository/log4j/log4j/1.2.17/log4j-1.2.17.jar:/home/runner/.m2/repository/org/slf4j/slf4j-api/1.7.30/slf4j-api-1.7.30.jar:/home/runner/.m2/repository/org/apache/ozone/hdds-server-scm/1.2.0-SNAPSHOT/hdds-server-scm-1.2.0-SNAPSHOT.jar:/home/runner/.m2/repository/org/apache/ozone/hdds-container-service/1.2.0-SNAPSHOT/hdds-container-service-1.2.0-SNAPSHOT.jar:/home/runner/.m2/repository/org/apache/ozone/hdds-hadoop-dependency-server/1.2.0-SNAPSHOT/hdds-hadoop-dependency-server-1.2.0-SNAPSHOT.jar:/home/runner/.m2/repository/org/apache/hadoop/hadoop-hdfs/3.3.1/hadoop-hdfs-3.3.1.jar:/home/runner/.m2/repository/io/dropwizard/metrics/metrics-core/3.2.4/metrics-core-3.2.4.jar:/home/runner/.m2/repository/org/apache/hadoop/hadoop-hdfs-client/3.3.1/hadoop-hdfs-client-3.3.1.jar:/home/runner/.m2/repository/org/bouncycastle/bcprov-jdk15on/1.67/bcprov-jdk15on-1.67.jar:/home/runner/.m2/repository/com/google/protobuf/protobuf-java/2.5.0/protobuf-java-2.5.0.jar:/home/runner/.m2/repository/org/apache/ozone/ozone-manager/1.2.0-SNAPSHOT/ozone-manager-1.2.0-SNAPSHOT.jar:/home/runner/.m2/repository/org/aspectj/aspectjrt/1.8.9/aspectjrt-1.8.9.jar:/home/runner/.m2/repository/org/aspectj/aspectjweaver/1.8.9/aspectjweaver-1.8.9.jar:/home/runner/.m2/repository/org/apache/ozone/hdds-interface-client/1.2.0-SNAPSHOT/hdds-interface-client-1.2.0-SNAPSHOT.jar:/home/runner/.m2/repository/org/apache/hadoop/thirdparty/hadoop-shaded-protobuf_3_7/1.1.1/hadoop-shaded-protobuf_3_7-1.1.1.jar:/home/runner/.m2/repository/org/apache/ozone/ozone-interface-storage/1.2.0-SNAPSHOT/ozone-interface-storage-1.2.0-SNAPSHOT.jar:/home/runner/.m2/repository/org/reflections/reflections/0.9.11/reflections-0.9.11.jar:/home/runner/.m2/repository/org/apache/hadoop/hadoop-minikdc/3.3.1/hadoop-minikdc-3.3.1.jar:/home/runner/.m2/repository/org/apache/kerby/kerb-simplekdc/1.0.1/kerb-simplekdc-1.0.1.jar:/home/runner/.m2/repository/org/apache/kerby/kerb-client/1.0.1/kerb-client-1.0.1.jar:/home/runner/.m2/repository/org/apache/kerby/kerby-config/1.0.1/kerby-config-1.0.1.jar:/home/runner/.m2/repository/org/apache/kerby/kerb-common/1.0.1/kerb-common-1.0.1.jar:/home/runner/.m2/repository/org/apache/kerby/kerb-crypto/1.0.1/kerb-crypto-1.0.1.jar:/home/runner/.m2/repository/org/apache/kerby/kerb-util/1.0.1/kerb-util-1.0.1.jar:/home/runner/.m2/repository/org/apache/kerby/token-provider/1.0.1/token-provider-1.0.1.jar:/home/runner/.m2/repository/org/apache/kerby/kerb-admin/1.0.1/kerb-admin-1.0.1.jar:/home/runner/.m2/repository/org/apache/kerby/kerb-server/1.0.1/kerb-server-1.0.1.jar:/home/runner/.m2/repository/org/apache/kerby/kerb-identity/1.0.1/kerb-identity-1.0.1.jar:/home/runner/.m2/repository/org/apache/kerby/kerby-xdr/1.0.1/kerby-xdr-1.0.1.jar:/home/runner/.m2/repository/org/slf4j/slf4j-log4j12/1.7.30/slf4j-log4j12-1.7.30.jar:/home/runner/.m2/repository/org/apache/ozone/ozone-s3gateway/1.2.0-SNAPSHOT/ozone-s3gateway-1.2.0-SNAPSHOT.jar:/home/runner/.m2/repository/org/javassist/javassist/3.21.0-GA/javassist-3.21.0-GA.jar:/home/runner/.m2/repository/org/jboss/weld/servlet/weld-servlet/2.4.7.Final/weld-servlet-2.4.7.Final.jar:/home/runner/.m2/repository/org/glassfish/jersey/containers/jersey-container-servlet-core/2.33/jersey-container-servlet-core-2.33.jar:/home/runner/.m2/repository/org/glassfish/hk2/external/jakarta.inject/2.6.1/jakarta.inject-2.6.1.jar:/home/runner/.m2/repository/org/glassfish/jersey/core/jersey-common/2.33/jersey-common-2.33.jar:/home/runner/.m2/repository/jakarta/ws/rs/jakarta.ws.rs-api/2.1.6/jakarta.ws.rs-api-2.1.6.jar:/home/runner/.m2/repository/org/glassfish/jersey/ext/cdi/jersey-cdi1x/2.33/jersey-cdi1x-2.33.jar:/home/runner/.m2/repository/org/glassfish/jersey/inject/jersey-hk2/2.33/jersey-hk2-2.33.jar:/home/runner/.m2/repository/org/glassfish/hk2/hk2-locator/2.6.1/hk2-locator-2.6.1.jar:/home/runner/.m2/repository/org/glassfish/jersey/media/jersey-media-jaxb/2.33/jersey-media-jaxb-2.33.jar:/home/runner/.m2/repository/org/glassfish/hk2/osgi-resource-locator/1.0.3/osgi-resource-locator-1.0.3.jar:/home/runner/.m2/repository/org/glassfish/hk2/hk2-api/2.5.0/hk2-api-2.5.0.jar:/home/runner/.m2/repository/org/glassfish/hk2/hk2-utils/2.5.0/hk2-utils-2.5.0.jar:/home/runner/.m2/repository/org/glassfish/hk2/external/aopalliance-repackaged/2.5.0/aopalliance-repackaged-2.5.0.jar:/home/runner/.m2/repository/com/fasterxml/jackson/dataformat/jackson-dataformat-xml/2.12.1/jackson-dataformat-xml-2.12.1.jar:/home/runner/.m2/repository/com/fasterxml/jackson/core/jackson-core/2.12.1/jackson-core-2.12.1.jar:/home/runner/.m2/repository/com/fasterxml/jackson/module/jackson-module-jaxb-annotations/2.12.1/jackson-module-jaxb-annotations-2.12.1.jar:/home/runner/.m2/repository/jakarta/xml/bind/jakarta.xml.bind-api/2.3.2/jakarta.xml.bind-api-2.3.2.jar:/home/runner/.m2/repository/org/codehaus/woodstox/stax2-api/3.1.4/stax2-api-3.1.4.jar:/home/runner/.m2/repository/com/fasterxml/woodstox/woodstox-core/5.0.3/woodstox-core-5.0.3.jar:/home/runner/.m2/repository/javax/enterprise/cdi-api/1.2/cdi-api-1.2.jar:/home/runner/.m2/repository/javax/el/javax.el-api/3.0.0/javax.el-api-3.0.0.jar:/home/runner/.m2/repository/javax/interceptor/javax.interceptor-api/1.2/javax.interceptor-api-1.2.jar:/home/runner/.m2/repository/javax/inject/javax.inject/1/javax.inject-1.jar:/home/runner/.m2/repository/javax/xml/bind/jaxb-api/2.3.0/jaxb-api-2.3.0.jar:/home/runner/.m2/repository/org/glassfish/jaxb/jaxb-runtime/2.3.0.1/jaxb-runtime-2.3.0.1.jar:/home/runner/.m2/repository/org/glassfish/jaxb/jaxb-core/2.3.0.1/jaxb-core-2.3.0.1.jar:/home/runner/.m2/repository/org/glassfish/jaxb/txw2/2.3.0.1/txw2-2.3.0.1.jar:/home/runner/.m2/repository/com/sun/istack/istack-commons-runtime/3.0.5/istack-commons-runtime-3.0.5.jar:/home/runner/.m2/repository/org/jvnet/staxex/stax-ex/1.7.8/stax-ex-1.7.8.jar:/home/runner/.m2/repository/com/sun/xml/fastinfoset/FastInfoset/1.2.13/FastInfoset-1.2.13.jar:/home/runner/.m2/repository/javax/activation/activation/1.1.1/activation-1.1.1.jar:/home/runner/.m2/repository/org/apache/ozone/ozone-csi/1.2.0-SNAPSHOT/ozone-csi-1.2.0-SNAPSHOT.jar:/home/runner/.m2/repository/com/google/protobuf/protobuf-java-util/3.12.0/protobuf-java-util-3.12.0.jar:/home/runner/.m2/repository/com/google/code/gson/gson/2.2.4/gson-2.2.4.jar:/home/runner/.m2/repository/org/apache/ozone/hdds-config/1.2.0-SNAPSHOT/hdds-config-1.2.0-SNAPSHOT.jar:/home/runner/.m2/repository/io/grpc/grpc-netty/1.33.0/grpc-netty-1.33.0.jar:/home/runner/.m2/repository/io/grpc/grpc-core/1.33.0/grpc-core-1.33.0.jar:/home/runner/.m2/repository/com/google/android/annotations/4.1.1.4/annotations-4.1.1.4.jar:/home/runner/.m2/repository/io/netty/netty-codec-http2/4.1.63.Final/netty-codec-http2-4.1.63.Final.jar:/home/runner/.m2/repository/io/netty/netty-codec-http/4.1.63.Final/netty-codec-http-4.1.63.Final.jar:/home/runner/.m2/repository/io/netty/netty-handler-proxy/4.1.63.Final/netty-handler-proxy-4.1.63.Final.jar:/home/runner/.m2/repository/io/netty/netty-codec-socks/4.1.63.Final/netty-codec-socks-4.1.63.Final.jar:/home/runner/.m2/repository/io/perfmark/perfmark-api/0.19.0/perfmark-api-0.19.0.jar:/home/runner/.m2/repository/org/codehaus/mojo/animal-sniffer-annotations/1.18/animal-sniffer-annotations-1.18.jar:/home/runner/.m2/repository/io/netty/netty-transport-native-epoll/4.1.63.Final/netty-transport-native-epoll-4.1.63.Final.jar:/home/runner/.m2/repository/io/netty/netty-common/4.1.63.Final/netty-common-4.1.63.Final.jar:/home/runner/.m2/repository/io/netty/netty-buffer/4.1.63.Final/netty-buffer-4.1.63.Final.jar:/home/runner/.m2/repository/io/netty/netty-transport-native-unix-common/4.1.63.Final/netty-transport-native-unix-common-4.1.63.Final.jar:/home/runner/.m2/repository/io/grpc/grpc-protobuf/1.33.0/grpc-protobuf-1.33.0.jar:/home/runner/.m2/repository/io/grpc/grpc-api/1.33.0/grpc-api-1.33.0.jar:/home/runner/.m2/repository/io/grpc/grpc-context/1.33.0/grpc-context-1.33.0.jar:/home/runner/.m2/repository/com/google/api/grpc/proto-google-common-protos/1.17.0/proto-google-common-protos-1.17.0.jar:/home/runner/.m2/repository/io/grpc/grpc-protobuf-lite/1.33.0/grpc-protobuf-lite-1.33.0.jar:/home/runner/.m2/repository/io/grpc/grpc-stub/1.33.0/grpc-stub-1.33.0.jar:/home/runner/.m2/repository/org/apache/ozone/ozone-recon/1.2.0-SNAPSHOT/ozone-recon-1.2.0-SNAPSHOT.jar:/home/runner/.m2/repository/org/apache/ozone/ozone-reconcodegen/1.2.0-SNAPSHOT/ozone-reconcodegen-1.2.0-SNAPSHOT.jar:/home/runner/.m2/repository/com/google/inject/extensions/guice-multibindings/4.0/guice-multibindings-4.0.jar:/home/runner/.m2/repository/com/google/inject/guice/4.0/guice-4.0.jar:/home/runner/.m2/repository/aopalliance/aopalliance/1.0/aopalliance-1.0.jar:/home/runner/.m2/repository/com/google/inject/extensions/guice-assistedinject/4.0/guice-assistedinject-4.0.jar:/home/runner/.m2/repository/com/google/inject/extensions/guice-servlet/4.0/guice-servlet-4.0.jar:/home/runner/.m2/repository/org/glassfish/jersey/containers/jersey-container-servlet/2.33/jersey-container-servlet-2.33.jar:/home/runner/.m2/repository/org/glassfish/hk2/guice-bridge/2.5.0/guice-bridge-2.5.0.jar:/home/runner/.m2/repository/org/glassfish/jersey/core/jersey-server/2.33/jersey-server-2.33.jar:/home/runner/.m2/repository/org/glassfish/jersey/core/jersey-client/2.33/jersey-client-2.33.jar:/home/runner/.m2/repository/jakarta/annotation/jakarta.annotation-api/1.3.5/jakarta.annotation-api-1.3.5.jar:/home/runner/.m2/repository/jakarta/validation/jakarta.validation-api/2.0.2/jakarta.validation-api-2.0.2.jar:/home/runner/.m2/repository/org/glassfish/jersey/media/jersey-media-json-jackson/2.33/jersey-media-json-jackson-2.33.jar:/home/runner/.m2/repository/org/glassfish/jersey/ext/jersey-entity-filtering/2.33/jersey-entity-filtering-2.33.jar:/home/runner/.m2/repository/org/jooq/jooq/3.11.10/jooq-3.11.10.jar:/home/runner/.m2/repository/org/jooq/jooq-meta/3.11.10/jooq-meta-3.11.10.jar:/home/runner/.m2/repository/org/jooq/jooq-codegen/3.11.10/jooq-codegen-3.11.10.jar:/home/runner/.m2/repository/com/jolbox/bonecp/0.8.0.RELEASE/bonecp-0.8.0.RELEASE.jar:/home/runner/.m2/repository/org/apache/derby/derby/10.14.2.0/derby-10.14.2.0.jar:/home/runner/.m2/repository/org/xerial/sqlite-jdbc/3.25.2/sqlite-jdbc-3.25.2.jar:/home/runner/.m2/repository/org/springframework/spring-jdbc/5.2.11.RELEASE/spring-jdbc-5.2.11.RELEASE.jar:/home/runner/.m2/repository/org/springframework/spring-beans/5.2.11.RELEASE/spring-beans-5.2.11.RELEASE.jar:/home/runner/.m2/repository/org/springframework/spring-core/5.2.11.RELEASE/spring-core-5.2.11.RELEASE.jar:/home/runner/.m2/repository/org/springframework/spring-jcl/5.2.11.RELEASE/spring-jcl-5.2.11.RELEASE.jar:/home/runner/.m2/repository/org/springframework/spring-tx/5.2.11.RELEASE/spring-tx-5.2.11.RELEASE.jar:/home/runner/.m2/repository/org/apache/ozone/ozone-client/1.2.0-SNAPSHOT/ozone-client-1.2.0-SNAPSHOT.jar:/home/runner/.m2/repository/org/apache/ozone/ozone-filesystem/1.2.0-SNAPSHOT/ozone-filesystem-1.2.0-SNAPSHOT.jar:/home/runner/.m2/repository/org/apache/ozone/ozone-filesystem-common/1.2.0-SNAPSHOT/ozone-filesystem-common-1.2.0-SNAPSHOT.jar:/home/runner/.m2/repository/org/apache/ozone/ozone-tools/1.2.0-SNAPSHOT/ozone-tools-1.2.0-SNAPSHOT.jar:/home/runner/.m2/repository/org/apache/ratis/ratis-tools/2.1.0-03f3b68-SNAPSHOT/ratis-tools-2.1.0-03f3b68-SNAPSHOT.jar:/home/runner/.m2/repository/com/amazonaws/aws-java-sdk-core/1.11.901/aws-java-sdk-core-1.11.901.jar:/home/runner/.m2/repository/org/apache/httpcomponents/httpclient/4.5.13/httpclient-4.5.13.jar:/home/runner/.m2/repository/org/apache/httpcomponents/httpcore/4.4.13/httpcore-4.4.13.jar:/home/runner/.m2/repository/software/amazon/ion/ion-java/1.0.2/ion-java-1.0.2.jar:/home/runner/.m2/repository/com/fasterxml/jackson/dataformat/jackson-dataformat-cbor/2.12.1/jackson-dataformat-cbor-2.12.1.jar:/home/runner/.m2/repository/joda-time/joda-time/2.8.1/joda-time-2.8.1.jar:/home/runner/.m2/repository/com/amazonaws/aws-java-sdk-s3/1.11.901/aws-java-sdk-s3-1.11.901.jar:/home/runner/.m2/repository/com/amazonaws/aws-java-sdk-kms/1.11.901/aws-java-sdk-kms-1.11.901.jar:/home/runner/.m2/repository/com/amazonaws/jmespath-java/1.11.901/jmespath-java-1.11.901.jar:/home/runner/.m2/repository/org/kohsuke/metainf-services/metainf-services/1.8/metainf-services-1.8.jar:/home/runner/.m2/repository/org/apache/ozone/hdds-tools/1.2.0-SNAPSHOT/hdds-tools-1.2.0-SNAPSHOT.jar:/home/runner/.m2/repository/commons-cli/commons-cli/1.2/commons-cli-1.2.jar:/home/runner/.m2/repository/org/apache/commons/commons-lang3/3.7/commons-lang3-3.7.jar:/home/runner/.m2/repository/org/apache/ozone/ozone-manager/1.2.0-SNAPSHOT/ozone-manager-1.2.0-SNAPSHOT-tests.jar:/home/runner/.m2/repository/org/apache/ozone/hdds-common/1.2.0-SNAPSHOT/hdds-common-1.2.0-SNAPSHOT-tests.jar:/home/runner/.m2/repository/org/apache/ozone/hdds-hadoop-dependency-client/1.2.0-SNAPSHOT/hdds-hadoop-dependency-client-1.2.0-SNAPSHOT.jar:/home/runner/.m2/repository/info/picocli/picocli/4.6.1/picocli-4.6.1.jar:/home/runner/.m2/repository/com/fasterxml/jackson/core/jackson-annotations/2.12.1/jackson-annotations-2.12.1.jar:/home/runner/.m2/repository/javax/annotation/javax.annotation-api/1.2/javax.annotation-api-1.2.jar:/home/runner/.m2/repository/org/apache/ratis/ratis-server/2.1.0-03f3b68-SNAPSHOT/ratis-server-2.1.0-03f3b68-SNAPSHOT.jar:/home/runner/.m2/repository/org/apache/ratis/ratis-client/2.1.0-03f3b68-SNAPSHOT/ratis-client-2.1.0-03f3b68-SNAPSHOT.jar:/home/runner/.m2/repository/org/apache/ratis/ratis-server-api/2.1.0-03f3b68-SNAPSHOT/ratis-server-api-2.1.0-03f3b68-SNAPSHOT.jar:/home/runner/.m2/repository/org/apache/ratis/ratis-metrics/2.1.0-03f3b68-SNAPSHOT/ratis-metrics-2.1.0-03f3b68-SNAPSHOT.jar:/home/runner/.m2/repository/org/apache/ratis/ratis-netty/2.1.0-03f3b68-SNAPSHOT/ratis-netty-2.1.0-03f3b68-SNAPSHOT.jar:/home/runner/.m2/repository/org/apache/ratis/ratis-grpc/2.1.0-03f3b68-SNAPSHOT/ratis-grpc-2.1.0-03f3b68-SNAPSHOT.jar:/home/runner/.m2/repository/org/apache/logging/log4j/log4j-api/2.13.3/log4j-api-2.13.3.jar:/home/runner/.m2/repository/org/apache/logging/log4j/log4j-core/2.13.3/log4j-core-2.13.3.jar:/home/runner/.m2/repository/com/lmax/disruptor/3.4.2/disruptor-3.4.2.jar:/home/runner/.m2/repository/org/apache/commons/commons-pool2/2.6.0/commons-pool2-2.6.0.jar:/home/runner/.m2/repository/org/bouncycastle/bcpkix-jdk15on/1.67/bcpkix-jdk15on-1.67.jar:/home/runner/.m2/repository/commons-validator/commons-validator/1.6/commons-validator-1.6.jar:/home/runner/.m2/repository/commons-beanutils/commons-beanutils/1.9.4/commons-beanutils-1.9.4.jar:/home/runner/.m2/repository/commons-digester/commons-digester/1.8.1/commons-digester-1.8.1.jar:/home/runner/.m2/repository/commons-collections/commons-collections/3.2.2/commons-collections-3.2.2.jar:/home/runner/.m2/repository/io/jaegertracing/jaeger-client/1.6.0/jaeger-client-1.6.0.jar:/home/runner/.m2/repository/io/jaegertracing/jaeger-thrift/1.6.0/jaeger-thrift-1.6.0.jar:/home/runner/.m2/repository/org/apache/thrift/libthrift/0.14.1/libthrift-0.14.1.jar:/home/runner/.m2/repository/com/squareup/okhttp3/okhttp/4.9.0/okhttp-4.9.0.jar:/home/runner/.m2/repository/com/squareup/okio/okio/2.8.0/okio-2.8.0.jar:/home/runner/.m2/repository/io/jaegertracing/jaeger-core/1.6.0/jaeger-core-1.6.0.jar:/home/runner/.m2/repository/io/jaegertracing/jaeger-tracerresolver/1.6.0/jaeger-tracerresolver-1.6.0.jar:/home/runner/.m2/repository/io/opentracing/contrib/opentracing-tracerresolver/0.1.8/opentracing-tracerresolver-0.1.8.jar:/home/runner/.m2/repository/org/jetbrains/kotlin/kotlin-stdlib/1.4.31/kotlin-stdlib-1.4.31.jar:/home/runner/.m2/repository/org/jetbrains/kotlin/kotlin-stdlib-common/1.4.31/kotlin-stdlib-common-1.4.31.jar:/home/runner/.m2/repository/org/jetbrains/annotations/13.0/annotations-13.0.jar:/home/runner/.m2/repository/io/opentracing/opentracing-util/0.33.0/opentracing-util-0.33.0.jar:/home/runner/.m2/repository/io/opentracing/opentracing-api/0.33.0/opentracing-api-0.33.0.jar:/home/runner/.m2/repository/io/opentracing/opentracing-noop/0.33.0/opentracing-noop-0.33.0.jar:/home/runner/.m2/repository/org/yaml/snakeyaml/1.26/snakeyaml-1.26.jar:/home/runner/.m2/repository/org/apache/ozone/hdds-interface-admin/1.2.0-SNAPSHOT/hdds-interface-admin-1.2.0-SNAPSHOT.jar:/home/runner/.m2/repository/junit/junit/4.13.1/junit-4.13.1.jar:/home/runner/.m2/repository/org/hamcrest/hamcrest-core/1.3/hamcrest-core-1.3.jar:/home/runner/.m2/repository/org/junit/jupiter/junit-jupiter-api/5.7.0/junit-jupiter-api-5.7.0.jar:/home/runner/.m2/repository/org/apiguardian/apiguardian-api/1.1.0/apiguardian-api-1.1.0.jar:/home/runner/.m2/repository/org/opentest4j/opentest4j/1.2.0/opentest4j-1.2.0.jar:/home/runner/.m2/repository/org/junit/platform/junit-platform-commons/1.7.0/junit-platform-commons-1.7.0.jar:/home/runner/.m2/repository/org/junit/jupiter/junit-jupiter-engine/5.7.0/junit-jupiter-engine-5.7.0.jar:/home/runner/.m2/repository/org/junit/platform/junit-platform-engine/1.7.0/junit-platform-engine-1.7.0.jar:/home/runner/.m2/repository/org/junit/vintage/junit-vintage-engine/5.7.0/junit-vintage-engine-5.7.0.jar:/home/runner/.m2/repository/org/junit/platform/junit-platform-launcher/1.7.0/junit-platform-launcher-1.7.0.jar:/home/runner/.m2/repository/org/openjdk/jmh/jmh-core/1.19/jmh-core-1.19.jar:/home/runner/.m2/repository/net/sf/jopt-simple/jopt-simple/4.6/jopt-simple-4.6.jar:/home/runner/.m2/repository/org/apache/commons/commons-math3/3.1.1/commons-math3-3.1.1.jar:/home/runner/.m2/repository/org/openjdk/jmh/jmh-generator-annprocess/1.19/jmh-generator-annprocess-1.19.jar:/home/runner/.m2/repository/org/mockito/mockito-core/2.28.2/mockito-core-2.28.2.jar:/home/runner/.m2/repository/net/bytebuddy/byte-buddy/1.9.10/byte-buddy-1.9.10.jar:/home/runner/.m2/repository/net/bytebuddy/byte-buddy-agent/1.9.10/byte-buddy-agent-1.9.10.jar:/home/runner/.m2/repository/org/objenesis/objenesis/1.0/objenesis-1.0.jar:/home/runner/.m2/repository/org/apache/hadoop/hadoop-kms/3.3.1/hadoop-kms-3.3.1.jar:/home/runner/.m2/repository/org/apache/hadoop/hadoop-auth/3.3.1/hadoop-auth-3.3.1.jar:/home/runner/.m2/repository/com/nimbusds/nimbus-jose-jwt/7.9/nimbus-jose-jwt-7.9.jar:/home/runner/.m2/repository/com/github/stephenc/jcip/jcip-annotations/1.0-1/jcip-annotations-1.0-1.jar:/home/runner/.m2/repository/net/minidev/json-smart/2.3/json-smart-2.3.jar:/home/runner/.m2/repository/net/minidev/accessors-smart/1.2/accessors-smart-1.2.jar:/home/runner/.m2/repository/org/ow2/asm/asm/5.0.4/asm-5.0.4.jar:/home/runner/.m2/repository/org/apache/zookeeper/zookeeper/3.5.6/zookeeper-3.5.6.jar:/home/runner/.m2/repository/org/apache/zookeeper/zookeeper-jute/3.5.6/zookeeper-jute-3.5.6.jar:/home/runner/.m2/repository/org/apache/yetus/audience-annotations/0.5.0/audience-annotations-0.5.0.jar:/home/runner/.m2/repository/org/apache/curator/curator-framework/4.2.0/curator-framework-4.2.0.jar:/home/runner/.m2/repository/org/apache/hadoop/thirdparty/hadoop-shaded-guava/1.1.1/hadoop-shaded-guava-1.1.1.jar:/home/runner/.m2/repository/com/sun/jersey/jersey-core/1.19/jersey-core-1.19.jar:/home/runner/.m2/repository/javax/ws/rs/jsr311-api/1.1.1/jsr311-api-1.1.1.jar:/home/runner/.m2/repository/com/sun/jersey/jersey-server/1.19/jersey-server-1.19.jar:/home/runner/.m2/repository/javax/servlet/javax.servlet-api/3.1.0/javax.servlet-api-3.1.0.jar:/home/runner/.m2/repository/org/eclipse/jetty/jetty-server/9.4.43.v20210629/jetty-server-9.4.43.v20210629.jar:/home/runner/.m2/repository/org/eclipse/jetty/jetty-http/9.4.43.v20210629/jetty-http-9.4.43.v20210629.jar:/home/runner/.m2/repository/org/eclipse/jetty/jetty-io/9.4.43.v20210629/jetty-io-9.4.43.v20210629.jar:/home/runner/.m2/repository/org/eclipse/jetty/jetty-webapp/9.4.43.v20210629/jetty-webapp-9.4.43.v20210629.jar:/home/runner/.m2/repository/org/eclipse/jetty/jetty-xml/9.4.43.v20210629/jetty-xml-9.4.43.v20210629.jar:/home/runner/.m2/repository/org/apache/hadoop/hadoop-common/3.3.1/hadoop-common-3.3.1.jar:/home/runner/.m2/repository/commons-net/commons-net/3.6/commons-net-3.6.jar:/home/runner/.m2/repository/jakarta/activation/jakarta.activation-api/1.2.1/jakarta.activation-api-1.2.1.jar:/home/runner/.m2/repository/com/sun/jersey/jersey-servlet/1.19/jersey-servlet-1.19.jar:/home/runner/.m2/repository/com/sun/jersey/jersey-json/1.19/jersey-json-1.19.jar:/home/runner/.m2/repository/org/codehaus/jettison/jettison/1.1/jettison-1.1.jar:/home/runner/.m2/repository/com/sun/xml/bind/jaxb-impl/2.2.3-1/jaxb-impl-2.2.3-1.jar:/home/runner/.m2/repository/org/codehaus/jackson/jackson-jaxrs/1.9.2/jackson-jaxrs-1.9.2.jar:/home/runner/.m2/repository/org/codehaus/jackson/jackson-xc/1.9.2/jackson-xc-1.9.2.jar:/home/runner/.m2/repository/org/apache/commons/commons-configuration2/2.1.1/commons-configuration2-2.1.1.jar:/home/runner/.m2/repository/org/apache/commons/commons-text/1.4/commons-text-1.4.jar:/home/runner/.m2/repository/com/google/re2j/re2j/1.1/re2j-1.1.jar:/home/runner/.m2/repository/com/jcraft/jsch/0.1.54/jsch-0.1.54.jar:/home/runner/.m2/repository/org/apache/curator/curator-client/4.2.0/curator-client-4.2.0.jar:/home/runner/.m2/repository/org/apache/curator/curator-recipes/4.2.0/curator-recipes-4.2.0.jar:/home/runner/.m2/repository/org/apache/kerby/kerb-core/1.0.1/kerb-core-1.0.1.jar:/home/runner/.m2/repository/org/apache/kerby/kerby-pkix/1.0.1/kerby-pkix-1.0.1.jar:/home/runner/.m2/repository/org/apache/kerby/kerby-asn1/1.0.1/kerby-asn1-1.0.1.jar:/home/runner/.m2/repository/org/apache/kerby/kerby-util/1.0.1/kerby-util-1.0.1.jar:/home/runner/.m2/repository/dnsjava/dnsjava/2.1.7/dnsjava-2.1.7.jar:/home/runner/.m2/repository/org/xerial/snappy/snappy-java/1.1.8.2/snappy-java-1.1.8.2.jar:/home/runner/.m2/repository/org/slf4j/jul-to-slf4j/1.7.30/jul-to-slf4j-1.7.30.jar:/home/runner/.m2/repository/org/eclipse/jetty/jetty-util/9.4.43.v20210629/jetty-util-9.4.43.v20210629.jar:/home/runner/.m2/repository/com/fasterxml/jackson/core/jackson-databind/2.12.1/jackson-databind-2.12.1.jar:/home/runner/.m2/repository/org/apache/hadoop/hadoop-kms/3.3.1/hadoop-kms-3.3.1-tests.jar:/home/runner/.m2/repository/org/apache/ozone/hdds-server-scm/1.2.0-SNAPSHOT/hdds-server-scm-1.2.0-SNAPSHOT-tests.jar:/home/runner/.m2/repository/org/apache/ozone/hdds-container-service/1.2.0-SNAPSHOT/hdds-container-service-1.2.0-SNAPSHOT-tests.jar:/home/runner/.m2/repository/commons-codec/commons-codec/1.11/commons-codec-1.11.jar:/home/runner/.m2/repository/io/netty/netty-transport/4.1.63.Final/netty-transport-4.1.63.Final.jar:/home/runner/.m2/repository/io/netty/netty-resolver/4.1.63.Final/netty-resolver-4.1.63.Final.jar:/home/runner/.m2/repository/io/netty/netty-codec/4.1.63.Final/netty-codec-4.1.63.Final.jar:/home/runner/.m2/repository/io/netty/netty-handler/4.1.63.Final/netty-handler-4.1.63.Final.jar:/home/runner/.m2/repository/org/apache/ozone/hdds-hadoop-dependency-test/1.2.0-SNAPSHOT/hdds-hadoop-dependency-test-1.2.0-SNAPSHOT.jar:/home/runner/.m2/repository/org/apache/hadoop/hadoop-common/3.3.1/hadoop-common-3.3.1-tests.jar:/home/runner/.m2/repository/org/assertj/assertj-core/3.12.2/assertj-core-3.12.2.jar:/home/runner/.m2/repository/org/apache/hadoop/hadoop-hdfs/3.3.1/hadoop-hdfs-3.3.1-tests.jar:/home/runner/.m2/repository/org/eclipse/jetty/jetty-util-ajax/9.4.43.v20210629/jetty-util-ajax-9.4.43.v20210629.jar:/home/runner/.m2/repository/commons-daemon/commons-daemon/1.0.13/commons-daemon-1.0.13.jar:/home/runner/.m2/repository/io/netty/netty/3.10.6.Final/netty-3.10.6.Final.jar:/home/runner/.m2/repository/io/netty/netty-all/4.1.63.Final/netty-all-4.1.63.Final.jar:/home/runner/.m2/repository/org/apache/htrace/htrace-core4/4.1.0-incubating/htrace-core4-4.1.0-incubating.jar:/home/runner/.m2/repository/org/fusesource/leveldbjni/leveldbjni-all/1.8/leveldbjni-all-1.8.jar:/home/runner/.m2/repository/org/apache/hadoop/hadoop-distcp/3.3.1/hadoop-distcp-3.3.1.jar:/home/runner/.m2/repository/org/apache/hadoop/hadoop-mapreduce-client-jobclient/3.3.1/hadoop-mapreduce-client-jobclient-3.3.1.jar:/home/runner/.m2/repository/org/apache/hadoop/hadoop-mapreduce-client-common/3.3.1/hadoop-mapreduce-client-common-3.3.1.jar:/home/runner/.m2/repository/org/apache/hadoop/hadoop-yarn-common/3.3.1/hadoop-yarn-common-3.3.1.jar:/home/runner/.m2/repository/org/apache/hadoop/hadoop-yarn-api/3.3.1/hadoop-yarn-api-3.3.1.jar:/home/runner/.m2/repository/com/sun/jersey/jersey-client/1.19/jersey-client-1.19.jar:/home/runner/.m2/repository/com/sun/jersey/contribs/jersey-guice/1.19/jersey-guice-1.19.jar:/home/runner/.m2/repository/com/fasterxml/jackson/jaxrs/jackson-jaxrs-json-provider/2.12.1/jackson-jaxrs-json-provider-2.12.1.jar:/home/runner/.m2/repository/com/fasterxml/jackson/jaxrs/jackson-jaxrs-base/2.12.1/jackson-jaxrs-base-2.12.1.jar:/home/runner/.m2/repository/org/apache/hadoop/hadoop-yarn-client/3.3.1/hadoop-yarn-client-3.3.1.jar:/home/runner/.m2/repository/org/eclipse/jetty/websocket/websocket-client/9.4.40.v20210413/websocket-client-9.4.40.v20210413.jar:/home/runner/.m2/repository/org/eclipse/jetty/jetty-client/9.4.40.v20210413/jetty-client-9.4.40.v20210413.jar:/home/runner/.m2/repository/org/eclipse/jetty/websocket/websocket-common/9.4.40.v20210413/websocket-common-9.4.40.v20210413.jar:/home/runner/.m2/repository/org/eclipse/jetty/websocket/websocket-api/9.4.40.v20210413/websocket-api-9.4.40.v20210413.jar:/home/runner/.m2/repository/org/jline/jline/3.9.0/jline-3.9.0.jar:/home/runner/.m2/repository/org/apache/hadoop/hadoop-mapreduce-client-core/3.3.1/hadoop-mapreduce-client-core-3.3.1.jar:/home/runner/.m2/repository/org/apache/avro/avro/1.7.7/avro-1.7.7.jar:/home/runner/.m2/repository/org/codehaus/jackson/jackson-core-asl/1.9.13/jackson-core-asl-1.9.13.jar:/home/runner/.m2/repository/org/codehaus/jackson/jackson-mapper-asl/1.9.13/jackson-mapper-asl-1.9.13.jar:/home/runner/.m2/repository/com/thoughtworks/paranamer/paranamer/2.3/paranamer-2.3.jar:/home/runner/.m2/repository/org/apache/hadoop/hadoop-annotations/3.3.1/hadoop-annotations-3.3.1.jar:/usr/lib/jvm/adoptopenjdk-8-hotspot-amd64/jre/../lib/tools.jar:/home/runner/.m2/repository/org/apache/hadoop/hadoop-distcp/3.3.1/hadoop-distcp-3.3.1-tests.jar:/home/runner/.m2/repository/org/apache/ratis/ratis-common/2.1.0-03f3b68-SNAPSHOT/ratis-common-2.1.0-03f3b68-SNAPSHOT.jar:/home/runner/.m2/repository/org/apache/ratis/ratis-thirdparty-misc/0.7.0/ratis-thirdparty-misc-0.7.0.jar:/home/runner/.m2/repository/org/apache/ratis/ratis-proto/2.1.0-03f3b68-SNAPSHOT/ratis-proto-2.1.0-03f3b68-SNAPSHOT.jar:"/>
    <property name="sun.cpu.endian" value="little"/>
    <property name="user.home" value="/home/runner"/>
    <property name="user.language" value="en"/>
    <property name="java.specification.vendor" value="Oracle Corporation"/>
    <property name="java.home" value="/usr/lib/jvm/adoptopenjdk-8-hotspot-amd64/jre"/>
    <property name="java.security.krb5.conf" value="/home/runner/work/ozone/ozone/hadoop-ozone/integration-test/target/test-classes/krb5.conf"/>
    <property name="basedir" value="/home/runner/work/ozone/ozone/hadoop-ozone/integration-test"/>
    <property name="file.separator" value="/"/>
    <property name="line.separator" value="&#10;"/>
    <property name="java.vm.specification.vendor" value="Oracle Corporation"/>
    <property name="java.specification.name" value="Java Platform API Specification"/>
    <property name="java.awt.graphicsenv" value="sun.awt.X11GraphicsEnvironment"/>
    <property name="skip.installnpx" value="true"/>
    <property name="surefire.real.class.path" value="/home/runner/work/ozone/ozone/hadoop-ozone/integration-test/target/surefire/surefirebooter1690643838166284469.jar:/home/runner/.m2/repository/org/jacoco/org.jacoco.agent/0.8.5/org.jacoco.agent-0.8.5-runtime.jar"/>
    <property name="hadoop.log.dir" value="/home/runner/work/ozone/ozone/hadoop-ozone/integration-test/target/log"/>
    <property name="sun.boot.class.path" value="/usr/lib/jvm/adoptopenjdk-8-hotspot-amd64/jre/lib/resources.jar:/usr/lib/jvm/adoptopenjdk-8-hotspot-amd64/jre/lib/rt.jar:/usr/lib/jvm/adoptopenjdk-8-hotspot-amd64/jre/lib/sunrsasign.jar:/usr/lib/jvm/adoptopenjdk-8-hotspot-amd64/jre/lib/jsse.jar:/usr/lib/jvm/adoptopenjdk-8-hotspot-amd64/jre/lib/jce.jar:/usr/lib/jvm/adoptopenjdk-8-hotspot-amd64/jre/lib/charsets.jar:/usr/lib/jvm/adoptopenjdk-8-hotspot-amd64/jre/lib/jfr.jar:/usr/lib/jvm/adoptopenjdk-8-hotspot-amd64/jre/classes"/>
    <property name="sun.management.compiler" value="HotSpot 64-Bit Tiered Compilers"/>
    <property name="skip.npx" value="true"/>
    <property name="java.runtime.version" value="1.8.0_292-b10"/>
    <property name="java.net.preferIPv4Stack" value="true"/>
    <property name="user.name" value="runner"/>
    <property name="path.separator" value=":"/>
    <property name="java.security.egd" value="file:///dev/urandom"/>
    <property name="os.version" value="5.4.0-1055-azure"/>
    <property name="java.endorsed.dirs" value="/usr/lib/jvm/adoptopenjdk-8-hotspot-amd64/jre/lib/endorsed"/>
    <property name="java.runtime.name" value="OpenJDK Runtime Environment"/>
    <property name="file.encoding" value="UTF-8"/>
    <property name="java.vm.name" value="OpenJDK 64-Bit Server VM"/>
    <property name="test.build.webapps" value=""/>
    <property name="localRepository" value="/home/runner/.m2/repository"/>
    <property name="java.vendor.url.bug" value="https://github.com/AdoptOpenJDK/openjdk-support/issues"/>
    <property name="java.io.tmpdir" value="/tmp"/>
    <property name="require.test.libhadoop" value=""/>
    <property name="java.version" value="1.8.0_292"/>
    <property name="user.dir" value="/home/runner/work/ozone/ozone/hadoop-ozone/integration-test"/>
    <property name="os.arch" value="amd64"/>
    <property name="java.vm.specification.name" value="Java Virtual Machine Specification"/>
    <property name="test.build.classes" value="/home/runner/work/ozone/ozone/hadoop-ozone/integration-test/target/test-classes"/>
    <property name="java.awt.printerjob" value="sun.print.PSPrinterJob"/>
    <property name="sun.os.patch.level" value="unknown"/>
    <property name="hadoop.tmp.dir" value="/home/runner/work/ozone/ozone/hadoop-ozone/integration-test/target/tmp"/>
    <property name="java.library.path" value="/usr/java/packages/lib/amd64:/usr/lib64:/lib64:/lib:/usr/lib"/>
    <property name="java.vm.info" value="mixed mode"/>
    <property name="java.vendor" value="AdoptOpenJDK"/>
    <property name="java.vm.version" value="25.292-b10"/>
    <property name="java.ext.dirs" value="/usr/lib/jvm/adoptopenjdk-8-hotspot-amd64/jre/lib/ext:/usr/java/packages/lib/ext"/>
    <property name="sun.io.unicode.encoding" value="UnicodeLittle"/>
    <property name="java.class.version" value="52.0"/>
  </properties>
  <testcase name="testStoppedMaintenanceNodeTakesScmStateOnRestart" classname="org.apache.hadoop.ozone.scm.node.TestDecommissionAndMaintenance" time="38.995">
    <error message="zip file closed" type="java.lang.IllegalStateException"><![CDATA[java.lang.IllegalStateException: zip file closed
	at java.util.zip.ZipFile.ensureOpen(ZipFile.java:686)
	at java.util.zip.ZipFile.access$200(ZipFile.java:60)
	at java.util.zip.ZipFile$ZipEntryIterator.hasNext(ZipFile.java:508)
	at java.util.zip.ZipFile$ZipEntryIterator.hasMoreElements(ZipFile.java:503)
	at java.util.jar.JarFile$JarEntryIterator.hasNext(JarFile.java:253)
	at java.util.jar.JarFile$JarEntryIterator.hasMoreElements(JarFile.java:262)
	at org.reflections.vfs.ZipDir$1$1.computeNext(ZipDir.java:30)
	at org.reflections.vfs.ZipDir$1$1.computeNext(ZipDir.java:26)
	at com.google.common.collect.AbstractIterator.tryToComputeNext(AbstractIterator.java:141)
	at com.google.common.collect.AbstractIterator.hasNext(AbstractIterator.java:136)
	at org.reflections.Reflections.scan(Reflections.java:243)
	at org.reflections.Reflections.scan(Reflections.java:202)
	at org.reflections.Reflections.<init>(Reflections.java:123)
	at org.reflections.Reflections.<init>(Reflections.java:168)
	at org.apache.hadoop.hdds.upgrade.HDDSLayoutVersionManager.registerUpgradeActions(HDDSLayoutVersionManager.java:64)
	at org.apache.hadoop.hdds.upgrade.HDDSLayoutVersionManager.<init>(HDDSLayoutVersionManager.java:51)
	at org.apache.hadoop.ozone.container.common.statemachine.DatanodeStateMachine.<init>(DatanodeStateMachine.java:134)
	at org.apache.hadoop.ozone.HddsDatanodeService.start(HddsDatanodeService.java:275)
	at org.apache.hadoop.ozone.HddsDatanodeService.start(HddsDatanodeService.java:207)
	at org.apache.hadoop.ozone.MiniOzoneClusterImpl.restartHddsDatanode(MiniOzoneClusterImpl.java:423)
	at org.apache.hadoop.ozone.scm.node.TestDecommissionAndMaintenance.testStoppedMaintenanceNodeTakesScmStateOnRestart(TestDecommissionAndMaintenance.java:369)
	at sun.reflect.NativeMethodAccessorImpl.invoke0(Native Method)
	at sun.reflect.NativeMethodAccessorImpl.invoke(NativeMethodAccessorImpl.java:62)
	at sun.reflect.DelegatingMethodAccessorImpl.invoke(DelegatingMethodAccessorImpl.java:43)
	at java.lang.reflect.Method.invoke(Method.java:498)
	at org.junit.runners.model.FrameworkMethod$1.runReflectiveCall(FrameworkMethod.java:59)
	at org.junit.internal.runners.model.ReflectiveCallable.run(ReflectiveCallable.java:12)
	at org.junit.runners.model.FrameworkMethod.invokeExplosively(FrameworkMethod.java:56)
	at org.junit.internal.runners.statements.InvokeMethod.evaluate(InvokeMethod.java:17)
	at org.junit.internal.runners.statements.RunBefores.evaluate(RunBefores.java:26)
	at org.junit.internal.runners.statements.RunAfters.evaluate(RunAfters.java:27)
	at org.junit.runners.ParentRunner$3.evaluate(ParentRunner.java:306)
	at org.junit.runners.BlockJUnit4ClassRunner$1.evaluate(BlockJUnit4ClassRunner.java:100)
	at org.junit.runners.ParentRunner.runLeaf(ParentRunner.java:366)
	at org.junit.runners.BlockJUnit4ClassRunner.runChild(BlockJUnit4ClassRunner.java:103)
	at org.junit.runners.BlockJUnit4ClassRunner.runChild(BlockJUnit4ClassRunner.java:63)
	at org.junit.runners.ParentRunner$4.run(ParentRunner.java:331)
	at org.junit.runners.ParentRunner$1.schedule(ParentRunner.java:79)
	at org.junit.runners.ParentRunner.runChildren(ParentRunner.java:329)
	at org.junit.runners.ParentRunner.access$100(ParentRunner.java:66)
	at org.junit.runners.ParentRunner$2.evaluate(ParentRunner.java:293)
	at org.junit.internal.runners.statements.RunBefores.evaluate(RunBefores.java:26)
	at org.junit.internal.runners.statements.RunAfters.evaluate(RunAfters.java:27)
	at org.junit.runners.ParentRunner$3.evaluate(ParentRunner.java:306)
	at org.junit.runners.ParentRunner.run(ParentRunner.java:413)
	at org.junit.runner.JUnitCore.run(JUnitCore.java:137)
	at org.junit.runner.JUnitCore.run(JUnitCore.java:115)
	at org.junit.vintage.engine.execution.RunnerExecutor.execute(RunnerExecutor.java:43)
	at java.util.stream.ForEachOps$ForEachOp$OfRef.accept(ForEachOps.java:183)
	at java.util.stream.ReferencePipeline$3$1.accept(ReferencePipeline.java:193)
	at java.util.Iterator.forEachRemaining(Iterator.java:116)
	at java.util.Spliterators$IteratorSpliterator.forEachRemaining(Spliterators.java:1801)
	at java.util.stream.AbstractPipeline.copyInto(AbstractPipeline.java:482)
	at java.util.stream.AbstractPipeline.wrapAndCopyInto(AbstractPipeline.java:472)
	at java.util.stream.ForEachOps$ForEachOp.evaluateSequential(ForEachOps.java:150)
	at java.util.stream.ForEachOps$ForEachOp$OfRef.evaluateSequential(ForEachOps.java:173)
	at java.util.stream.AbstractPipeline.evaluate(AbstractPipeline.java:234)
	at java.util.stream.ReferencePipeline.forEach(ReferencePipeline.java:485)
	at org.junit.vintage.engine.VintageTestEngine.executeAllChildren(VintageTestEngine.java:82)
	at org.junit.vintage.engine.VintageTestEngine.execute(VintageTestEngine.java:73)
	at org.junit.platform.launcher.core.EngineExecutionOrchestrator.execute(EngineExecutionOrchestrator.java:108)
	at org.junit.platform.launcher.core.EngineExecutionOrchestrator.execute(EngineExecutionOrchestrator.java:88)
	at org.junit.platform.launcher.core.EngineExecutionOrchestrator.lambda$execute$0(EngineExecutionOrchestrator.java:54)
	at org.junit.platform.launcher.core.EngineExecutionOrchestrator.withInterceptedStreams(EngineExecutionOrchestrator.java:67)
	at org.junit.platform.launcher.core.EngineExecutionOrchestrator.execute(EngineExecutionOrchestrator.java:52)
	at org.junit.platform.launcher.core.DefaultLauncher.execute(DefaultLauncher.java:96)
	at org.junit.platform.launcher.core.DefaultLauncher.execute(DefaultLauncher.java:75)
	at org.apache.maven.surefire.junitplatform.JUnitPlatformProvider.invokeAllTests(JUnitPlatformProvider.java:142)
	at org.apache.maven.surefire.junitplatform.JUnitPlatformProvider.invoke(JUnitPlatformProvider.java:113)
	at org.apache.maven.surefire.booter.ForkedBooter.invokeProviderInSameClassLoader(ForkedBooter.java:384)
	at org.apache.maven.surefire.booter.ForkedBooter.runSuitesInProcess(ForkedBooter.java:345)
	at org.apache.maven.surefire.booter.ForkedBooter.execute(ForkedBooter.java:126)
	at org.apache.maven.surefire.booter.ForkedBooter.main(ForkedBooter.java:418)
]]></error>
    <system-out><![CDATA[2021-09-01 14:10:59,492 [Mini-Cluster-Provider-Create] WARN  server.ServerUtils (ServerUtils.java:getScmDbDir(148)) - ozone.scm.db.dirs is not configured. We recommend adding this setting. Falling back to ozone.metadata.dirs instead.
2021-09-01 14:10:59,545 [Mini-Cluster-Provider-Create] INFO  ha.SCMHANodeDetails (SCMHANodeDetails.java:loadSCMHAConfig(157)) - ServiceID for StorageContainerManager is null
2021-09-01 14:10:59,551 [Mini-Cluster-Provider-Create] INFO  ha.SCMHANodeDetails (SCMHANodeDetails.java:loadSCMHAConfig(162)) - ozone.scm.default.service.id is not defined, falling back to ozone.scm.service.ids to find serviceID for StorageContainerManager if it is HA enabled cluster
2021-09-01 14:10:59,655 [Mini-Cluster-Provider-Create] WARN  server.ServerUtils (ServerUtils.java:getScmDbDir(148)) - ozone.scm.db.dirs is not configured. We recommend adding this setting. Falling back to ozone.metadata.dirs instead.
2021-09-01 14:10:59,657 [Mini-Cluster-Provider-Create] INFO  upgrade.AbstractLayoutVersionManager (AbstractLayoutVersionManager.java:init(70)) - Initializing Layout version manager with metadata layout = SCM_HA (version = 2), software layout = SCM_HA (version = 2)
2021-09-01 14:10:59,862 [Mini-Cluster-Provider-Create] INFO  reflections.Reflections (Reflections.java:scan(232)) - Reflections took 125 ms to scan 7 urls, producing 120 keys and 275 values 
2021-09-01 14:11:00,408 [Mini-Cluster-Provider-Create] WARN  utils.HAUtils (HAUtils.java:getMetaDir(342)) - ozone.scm.db.dirs is not configured. We recommend adding this setting. Falling back to ozone.metadata.dirs instead.
2021-09-01 14:11:00,522 [Mini-Cluster-Provider-Create] WARN  db.DBStoreBuilder (DBStoreBuilder.java:applyDBDefinition(145)) - ozone.scm.db.dirs is not configured. We recommend adding this setting. Falling back to ozone.metadata.dirs instead.
2021-09-01 14:11:00,649 [Mini-Cluster-Provider-Create] INFO  net.NodeSchemaLoader (NodeSchemaLoader.java:loadSchemaFromFile(129)) - Loading schema from [jar:file:/home/runner/.m2/repository/org/apache/ozone/hdds-common/1.2.0-SNAPSHOT/hdds-common-1.2.0-SNAPSHOT.jar!/network-topology-default.xml]
2021-09-01 14:11:00,650 [Mini-Cluster-Provider-Create] INFO  net.NodeSchemaLoader (NodeSchemaLoader.java:loadSchema(176)) - Loading network topology layer schema file
2021-09-01 14:11:00,693 [Mini-Cluster-Provider-Create] INFO  metrics.MetricRegistries (MetricRegistriesLoader.java:load(64)) - Loaded MetricRegistries class org.apache.ratis.metrics.impl.MetricRegistriesImpl
2021-09-01 14:11:00,710 [Mini-Cluster-Provider-Create] INFO  ha.SequenceIdGenerator (SequenceIdGenerator.java:upgradeToSequenceId(327)) - upgrade localId to 107544261427200000
2021-09-01 14:11:00,711 [Mini-Cluster-Provider-Create] INFO  ha.SequenceIdGenerator (SequenceIdGenerator.java:upgradeToSequenceId(337)) - upgrade delTxnId to 0
2021-09-01 14:11:00,713 [Mini-Cluster-Provider-Create] INFO  ha.SequenceIdGenerator (SequenceIdGenerator.java:upgradeToSequenceId(351)) - upgrade containerId to 0
2021-09-01 14:11:00,715 [Mini-Cluster-Provider-Create] INFO  ha.SequenceIdGenerator (SequenceIdGenerator.java:<init>(217)) - Init the HA SequenceIdGenerator.
2021-09-01 14:11:00,762 [Mini-Cluster-Provider-Create] INFO  node.SCMNodeManager (SCMNodeManager.java:<init>(145)) - Entering startup safe mode.
2021-09-01 14:11:00,822 [Mini-Cluster-Provider-Create] INFO  algorithms.ContainerPlacementPolicyFactory (ContainerPlacementPolicyFactory.java:getPolicy(60)) - Create container placement policy of type org.apache.hadoop.hdds.scm.container.placement.algorithms.SCMContainerPlacementRandom
2021-09-01 14:11:00,831 [Mini-Cluster-Provider-Create] INFO  pipeline.PipelineStateManager (PipelineStateManagerV2Impl.java:initialize(78)) - No pipeline exists in current db
2021-09-01 14:11:00,867 [Mini-Cluster-Provider-Create] INFO  algorithms.LeaderChoosePolicyFactory (LeaderChoosePolicyFactory.java:getPolicy(57)) - Create leader choose policy of type org.apache.hadoop.hdds.scm.pipeline.leader.choose.algorithms.MinLeaderCountChoosePolicy
2021-09-01 14:11:00,874 [Mini-Cluster-Provider-Create] INFO  ha.SCMServiceManager (SCMServiceManager.java:register(43)) - Registering service BackgroundPipelineCreator.
2021-09-01 14:11:00,874 [Mini-Cluster-Provider-Create] INFO  pipeline.BackgroundPipelineCreator (BackgroundPipelineCreatorV2.java:start(130)) - Starting RatisPipelineUtilsThread.
2021-09-01 14:11:00,907 [Mini-Cluster-Provider-Create] INFO  algorithms.PipelineChoosePolicyFactory (PipelineChoosePolicyFactory.java:createPipelineChoosePolicyFromClass(73)) - Create pipeline choose policy of type org.apache.hadoop.hdds.scm.pipeline.choose.algorithms.RandomPipelineChoosePolicy
2021-09-01 14:11:00,924 [Mini-Cluster-Provider-Create] INFO  ha.SCMServiceManager (SCMServiceManager.java:register(43)) - Registering service SCMBlockDeletingService.
2021-09-01 14:11:00,945 [Mini-Cluster-Provider-Create] INFO  ha.SCMServiceManager (SCMServiceManager.java:register(43)) - Registering service ReplicationManager.
2021-09-01 14:11:00,947 [Mini-Cluster-Provider-Create] INFO  container.ReplicationManager (ReplicationManager.java:start(307)) - Starting Replication Monitor Thread.
2021-09-01 14:11:00,960 [ReplicationMonitor] INFO  container.ReplicationManager (ReplicationManager.java:processAll(359)) - Replication Monitor Thread took 8 milliseconds for processing 0 containers.
2021-09-01 14:11:00,966 [Mini-Cluster-Provider-Create] INFO  safemode.ContainerSafeModeRule (ContainerSafeModeRule.java:<init>(89)) - containers with one replica threshold count 0
2021-09-01 14:11:00,973 [Mini-Cluster-Provider-Create] INFO  safemode.HealthyPipelineSafeModeRule (HealthyPipelineSafeModeRule.java:initializeRule(156)) - Total pipeline count is 0, healthy pipeline threshold count is 1
2021-09-01 14:11:00,975 [Mini-Cluster-Provider-Create] INFO  safemode.OneReplicaPipelineSafeModeRule (OneReplicaPipelineSafeModeRule.java:initializeRule(180)) - Total pipeline count is 0, pipeline's with at least one datanode reported threshold count is 0
2021-09-01 14:11:01,282 [Mini-Cluster-Provider-Create] INFO  ipc.CallQueueManager (CallQueueManager.java:<init>(90)) - Using callQueue: class java.util.concurrent.LinkedBlockingQueue, queueCapacity: 2000, scheduler: class org.apache.hadoop.ipc.DefaultRpcScheduler, ipcBackoff: false.
2021-09-01 14:11:01,313 [Socket Reader #1 for port 0] INFO  ipc.Server (Server.java:run(1265)) - Starting Socket Reader #1 for port 0
2021-09-01 14:11:01,347 [Listener at 0.0.0.0/41479] INFO  ipc.CallQueueManager (CallQueueManager.java:<init>(90)) - Using callQueue: class java.util.concurrent.LinkedBlockingQueue, queueCapacity: 2000, scheduler: class org.apache.hadoop.ipc.DefaultRpcScheduler, ipcBackoff: false.
2021-09-01 14:11:01,348 [Socket Reader #1 for port 0] INFO  ipc.Server (Server.java:run(1265)) - Starting Socket Reader #1 for port 0
2021-09-01 14:11:01,364 [Listener at 0.0.0.0/43715] INFO  ipc.CallQueueManager (CallQueueManager.java:<init>(90)) - Using callQueue: class java.util.concurrent.LinkedBlockingQueue, queueCapacity: 2000, scheduler: class org.apache.hadoop.ipc.DefaultRpcScheduler, ipcBackoff: false.
2021-09-01 14:11:01,365 [Socket Reader #1 for port 0] INFO  ipc.Server (Server.java:run(1265)) - Starting Socket Reader #1 for port 0
2021-09-01 14:11:01,404 [Listener at 0.0.0.0/40111] INFO  algorithms.ContainerPlacementPolicyFactory (ContainerPlacementPolicyFactory.java:getPolicy(60)) - Create container placement policy of type org.apache.hadoop.hdds.scm.container.placement.algorithms.SCMContainerPlacementRandom
2021-09-01 14:11:01,408 [Listener at 0.0.0.0/40111] INFO  server.StorageContainerManager (StorageContainerManager.java:<init>(387)) - 
Container Balancer status:
Key                            Value
Running                        false
Container Balancer Configuration values:
Key                                                Value
Threshold                                          0.1
Max Datanodes to Involve per Iteration(ratio)      0.5
Max Size to Move per Iteration                     10737418240B

2021-09-01 14:11:01,408 [Listener at 0.0.0.0/40111] WARN  events.EventQueue (EventQueue.java:fireEvent(194)) - No event handler registered for event TypedEvent{payloadType=SafeModeStatus, name='Safe mode status'}
2021-09-01 14:11:01,409 [Listener at 0.0.0.0/40111] INFO  ha.SCMContext (SCMContext.java:updateSafeModeStatus(205)) - Update SafeModeStatus from SafeModeStatus{safeModeStatus=true, preCheckPassed=false} to SafeModeStatus{safeModeStatus=true, preCheckPassed=false}.
2021-09-01 14:11:01,411 [Listener at 0.0.0.0/40111] INFO  server.StorageContainerManager (StorageContainerManager.java:start(1256)) - StorageContainerLocationProtocol RPC server is listening at /0.0.0.0:40111
2021-09-01 14:11:01,465 [Listener at 0.0.0.0/40111] WARN  impl.MetricsConfig (MetricsConfig.java:loadFirst(136)) - Cannot locate configuration: tried hadoop-metrics2-storagecontainermanager.properties,hadoop-metrics2.properties
2021-09-01 14:11:01,477 [Listener at 0.0.0.0/40111] INFO  impl.MetricsSystemImpl (MetricsSystemImpl.java:startTimer(378)) - Scheduled Metric snapshot period at 10 second(s).
2021-09-01 14:11:01,477 [Listener at 0.0.0.0/40111] INFO  impl.MetricsSystemImpl (MetricsSystemImpl.java:start(191)) - StorageContainerManager metrics system started
2021-09-01 14:11:01,763 [Listener at 0.0.0.0/40111] INFO  server.SCMClientProtocolServer (SCMClientProtocolServer.java:start(164)) - RPC server for Client  is listening at /0.0.0.0:40111
2021-09-01 14:11:01,765 [IPC Server Responder] INFO  ipc.Server (Server.java:run(1507)) - IPC Server Responder: starting
2021-09-01 14:11:01,770 [IPC Server listener on 0] INFO  ipc.Server (Server.java:run(1344)) - IPC Server listener on 0: starting
2021-09-01 14:11:01,778 [Listener at 0.0.0.0/40111] INFO  server.StorageContainerManager (StorageContainerManager.java:start(1271)) - ScmBlockLocationProtocol RPC server is listening at /0.0.0.0:43715
2021-09-01 14:11:01,779 [Listener at 0.0.0.0/40111] INFO  server.SCMBlockProtocolServer (SCMBlockProtocolServer.java:start(151)) - RPC server for Block Protocol is listening at /0.0.0.0:43715
2021-09-01 14:11:01,779 [IPC Server Responder] INFO  ipc.Server (Server.java:run(1507)) - IPC Server Responder: starting
2021-09-01 14:11:01,779 [IPC Server listener on 0] INFO  ipc.Server (Server.java:run(1344)) - IPC Server listener on 0: starting
2021-09-01 14:11:01,781 [Listener at 0.0.0.0/40111] INFO  server.StorageContainerManager (StorageContainerManager.java:start(1277)) - ScmDatanodeProtocl RPC server is listening at /0.0.0.0:41479
2021-09-01 14:11:01,781 [Listener at 0.0.0.0/40111] INFO  server.SCMDatanodeProtocolServer (SCMDatanodeProtocolServer.java:start(181)) - RPC server for DataNodes is listening at /0.0.0.0:41479
2021-09-01 14:11:01,782 [IPC Server Responder] INFO  ipc.Server (Server.java:run(1507)) - IPC Server Responder: starting
2021-09-01 14:11:01,782 [IPC Server listener on 0] INFO  ipc.Server (Server.java:run(1344)) - IPC Server listener on 0: starting
2021-09-01 14:11:01,799 [org.apache.hadoop.util.JvmPauseMonitor$Monitor@538bfabe] INFO  util.JvmPauseMonitor (JvmPauseMonitor.java:run(188)) - Starting JVM pause monitor
2021-09-01 14:11:01,812 [Listener at 0.0.0.0/40111] INFO  http.BaseHttpServer (BaseHttpServer.java:newHttpServer2BuilderForOzone(209)) - Starting Web-server for scm at: http://0.0.0.0:0
2021-09-01 14:11:01,812 [Listener at 0.0.0.0/40111] INFO  http.BaseHttpServer (BaseHttpServer.java:<init>(107)) - Hadoop Security Enabled: false Ozone Security Enabled: false Ozone HTTP Security Enabled: false 
2021-09-01 14:11:01,835 [Listener at 0.0.0.0/40111] INFO  util.log (Log.java:initialized(170)) - Logging initialized @3403ms to org.eclipse.jetty.util.log.Slf4jLog
2021-09-01 14:11:01,924 [Listener at 0.0.0.0/40111] INFO  server.AuthenticationFilter (AuthenticationFilter.java:constructSecretProvider(240)) - Unable to initialize FileSignerSecretProvider, falling back to use random secrets.
2021-09-01 14:11:01,929 [Listener at 0.0.0.0/40111] WARN  http.HttpRequestLog (HttpRequestLog.java:getRequestLog(103)) - Jetty request log can only be enabled using Log4j
2021-09-01 14:11:01,933 [Listener at 0.0.0.0/40111] INFO  http.HttpServer2 (HttpServer2.java:addGlobalFilter(1030)) - Added global filter 'safety' (class=org.apache.hadoop.hdds.server.http.HttpServer2$QuotingInputFilter)
2021-09-01 14:11:01,935 [Listener at 0.0.0.0/40111] INFO  http.HttpServer2 (HttpServer2.java:addFilter(1006)) - Added filter static_user_filter (class=org.apache.hadoop.http.lib.StaticUserWebFilter$StaticUserFilter) to context scm
2021-09-01 14:11:01,935 [Listener at 0.0.0.0/40111] INFO  http.HttpServer2 (HttpServer2.java:addFilter(1014)) - Added filter static_user_filter (class=org.apache.hadoop.http.lib.StaticUserWebFilter$StaticUserFilter) to context static
2021-09-01 14:11:01,935 [Listener at 0.0.0.0/40111] INFO  http.HttpServer2 (HttpServer2.java:addFilter(1014)) - Added filter static_user_filter (class=org.apache.hadoop.http.lib.StaticUserWebFilter$StaticUserFilter) to context logs
2021-09-01 14:11:01,960 [ReplicationMonitor] INFO  container.ReplicationManager (ReplicationManager.java:processAll(359)) - Replication Monitor Thread took 0 milliseconds for processing 0 containers.
2021-09-01 14:11:01,969 [Listener at 0.0.0.0/40111] INFO  http.HttpServer2 (HttpServer2.java:bindListener(1249)) - Jetty bound to port 45595
2021-09-01 14:11:01,970 [Listener at 0.0.0.0/40111] INFO  server.Server (Server.java:doStart(375)) - jetty-9.4.43.v20210629; built: 2021-06-30T11:07:22.254Z; git: 526006ecfa3af7f1a27ef3a288e2bef7ea9dd7e8; jvm 1.8.0_292-b10
2021-09-01 14:11:02,009 [Listener at 0.0.0.0/40111] INFO  server.session (DefaultSessionIdManager.java:doStart(334)) - DefaultSessionIdManager workerName=node0
2021-09-01 14:11:02,009 [Listener at 0.0.0.0/40111] INFO  server.session (DefaultSessionIdManager.java:doStart(339)) - No SessionScavenger set, using defaults
2021-09-01 14:11:02,011 [Listener at 0.0.0.0/40111] INFO  server.session (HouseKeeper.java:startScavenging(132)) - node0 Scavenging every 660000ms
2021-09-01 14:11:02,022 [Listener at 0.0.0.0/40111] INFO  handler.ContextHandler (ContextHandler.java:doStart(915)) - Started o.e.j.s.ServletContextHandler@355f014a{logs,/logs,file:///home/runner/work/ozone/ozone/hadoop-ozone/integration-test/target/log,AVAILABLE}
2021-09-01 14:11:02,022 [Listener at 0.0.0.0/40111] INFO  handler.ContextHandler (ContextHandler.java:doStart(915)) - Started o.e.j.s.ServletContextHandler@326d1b4f{static,/static,file:///home/runner/work/ozone/ozone/hadoop-ozone/integration-test/target/test-classes/webapps/static,AVAILABLE}
2021-09-01 14:11:02,058 [Listener at 0.0.0.0/40111] INFO  handler.ContextHandler (ContextHandler.java:doStart(915)) - Started o.e.j.w.WebAppContext@45d8eeff{scm,/,file:///home/runner/work/ozone/ozone/hadoop-ozone/integration-test/target/test-classes/webapps/scm/,AVAILABLE}{file:/home/runner/work/ozone/ozone/hadoop-ozone/integration-test/target/test-classes/webapps/scm}
2021-09-01 14:11:02,064 [Listener at 0.0.0.0/40111] INFO  server.AbstractConnector (AbstractConnector.java:doStart(331)) - Started ServerConnector@4395f83e{HTTP/1.1, (http/1.1)}{0.0.0.0:45595}
2021-09-01 14:11:02,065 [Listener at 0.0.0.0/40111] INFO  server.Server (Server.java:doStart(415)) - Started @3632ms
2021-09-01 14:11:02,066 [Listener at 0.0.0.0/40111] INFO  impl.MetricsSinkAdapter (MetricsSinkAdapter.java:start(204)) - Sink prometheus started
2021-09-01 14:11:02,066 [Listener at 0.0.0.0/40111] INFO  impl.MetricsSystemImpl (MetricsSystemImpl.java:registerSink(305)) - Registered sink prometheus
2021-09-01 14:11:02,067 [Listener at 0.0.0.0/40111] INFO  http.BaseHttpServer (BaseHttpServer.java:updateConnectorAddress(329)) - HTTP server of scm listening at http://0.0.0.0:45595
2021-09-01 14:11:02,069 [Listener at 0.0.0.0/40111] WARN  server.ServerUtils (ServerUtils.java:getDBPath(225)) - ozone.om.db.dirs is not configured. We recommend adding this setting. Falling back to ozone.metadata.dirs instead.
2021-09-01 14:11:02,168 [Listener at 0.0.0.0/40111] INFO  ha.OMHANodeDetails (OMHANodeDetails.java:loadOMHAConfig(112)) - ozone.om.internal.service.id is not defined, falling back to ozone.om.service.ids to find serviceID for OzoneManager if it is HA enabled cluster
2021-09-01 14:11:02,171 [Listener at 0.0.0.0/40111] INFO  ha.OMHANodeDetails (OMHANodeDetails.java:loadOMHAConfig(219)) - Configuration does not have ozone.om.address set. Falling back to the default OM address /127.0.0.1:0
2021-09-01 14:11:02,171 [Listener at 0.0.0.0/40111] INFO  ha.OMHANodeDetails (OMHANodeDetails.java:getOMNodeDetails(247)) - OM Service ID is not set. Setting it to the default ID: omServiceIdDefault
2021-09-01 14:11:02,171 [Listener at 0.0.0.0/40111] INFO  ha.OMHANodeDetails (OMHANodeDetails.java:getOMNodeDetails(254)) - OM Node ID is not set. Setting it to the default ID: om1
2021-09-01 14:11:02,176 [Listener at 0.0.0.0/40111] WARN  server.ServerUtils (ServerUtils.java:getDBPath(225)) - ozone.om.db.dirs is not configured. We recommend adding this setting. Falling back to ozone.metadata.dirs instead.
2021-09-01 14:11:02,177 [Listener at 0.0.0.0/40111] INFO  upgrade.AbstractLayoutVersionManager (AbstractLayoutVersionManager.java:init(70)) - Initializing Layout version manager with metadata layout = INITIAL_VERSION (version = 0), software layout = INITIAL_VERSION (version = 0)
2021-09-01 14:11:02,240 [Listener at 0.0.0.0/40111] INFO  reflections.Reflections (Reflections.java:scan(232)) - Reflections took 57 ms to scan 2 urls, producing 131 keys and 342 values [using 2 cores]
2021-09-01 14:11:02,244 [Listener at 0.0.0.0/40111] INFO  upgrade.OMLayoutVersionManager (OMLayoutVersionManager.java:lambda$0(116)) - Skipping Upgrade Action MockOmUpgradeAction since it has been finalized.
2021-09-01 14:11:02,249 [Listener at 0.0.0.0/40111] WARN  server.ServerUtils (ServerUtils.java:getDBPath(225)) - ozone.om.db.dirs is not configured. We recommend adding this setting. Falling back to ozone.metadata.dirs instead.
2021-09-01 14:11:02,605 [Listener at 0.0.0.0/40111] WARN  server.ServerUtils (ServerUtils.java:getDBPath(225)) - ozone.om.db.dirs is not configured. We recommend adding this setting. Falling back to ozone.metadata.dirs instead.
2021-09-01 14:11:02,611 [Listener at 0.0.0.0/40111] INFO  codec.OmKeyInfoCodec (OmKeyInfoCodec.java:<init>(51)) - OmKeyInfoCodec ignorePipeline = true
2021-09-01 14:11:02,612 [Listener at 0.0.0.0/40111] INFO  codec.RepeatedOmKeyInfoCodec (RepeatedOmKeyInfoCodec.java:<init>(42)) - RepeatedOmKeyInfoCodec ignorePipeline = true
2021-09-01 14:11:02,794 [Listener at 0.0.0.0/40111] INFO  om.OzoneManager (OzoneManager.java:addS3GVolumeToDB(4115)) - Created Volume s3v With Owner runner required for S3Gateway operations.
2021-09-01 14:11:02,855 [Listener at 0.0.0.0/40111] WARN  server.ServerUtils (ServerUtils.java:getDefaultRatisDirectory(237)) - Storage directory for Ratis is not configured. It is a good idea to map this to an SSD disk. Falling back to ozone.metadata.dirs
2021-09-01 14:11:02,855 [Listener at 0.0.0.0/40111] WARN  utils.OzoneManagerRatisUtils (OzoneManagerRatisUtils.java:getOMRatisSnapshotDirectory(391)) - ozone.om.ratis.snapshot.dir is not configured. Falling back to ozone.metadata.dirs config
2021-09-01 14:11:02,883 [Listener at 0.0.0.0/40111] WARN  server.ServerUtils (ServerUtils.java:getDefaultRatisDirectory(237)) - Storage directory for Ratis is not configured. It is a good idea to map this to an SSD disk. Falling back to ozone.metadata.dirs
2021-09-01 14:11:02,909 [Listener at 0.0.0.0/40111] INFO  ratis.OzoneManagerRatisServer (OzoneManagerRatisServer.java:<init>(158)) - Instantiating OM Ratis server with groupID: omServiceIdDefault and peers: localhost:40231
2021-09-01 14:11:02,917 [Listener at 0.0.0.0/40111] INFO  ratis.OzoneManagerStateMachine (OzoneManagerStateMachine.java:loadSnapshotInfoFromDB(605)) - LastAppliedIndex is set from TransactionInfo from OM DB as (t:0, i:~)
2021-09-01 14:11:02,947 [Listener at 0.0.0.0/40111] INFO  server.RaftServer (ConfUtils.java:logGet(44)) - raft.rpc.type = GRPC (default)
2021-09-01 14:11:02,960 [ReplicationMonitor] INFO  container.ReplicationManager (ReplicationManager.java:processAll(359)) - Replication Monitor Thread took 0 milliseconds for processing 0 containers.
2021-09-01 14:11:03,019 [Listener at 0.0.0.0/40111] INFO  grpc.GrpcFactory (GrpcFactory.java:checkPooledByteBufAllocatorUseCacheForAllThreads(48)) - PERFORMANCE WARNING: useCacheForAllThreads is true that may cause Netty to create a lot garbage objects and, as a result, trigger GC.
	It is recommended to disable useCacheForAllThreads by setting -Dorg.apache.ratis.thirdparty.io.netty.allocator.useCacheForAllThreads=false in command line.
2021-09-01 14:11:03,023 [Listener at 0.0.0.0/40111] INFO  grpc.GrpcConfigKeys (ConfUtils.java:logGet(44)) - raft.grpc.admin.port = -1 (default)
2021-09-01 14:11:03,024 [Listener at 0.0.0.0/40111] INFO  grpc.GrpcConfigKeys (ConfUtils.java:logGet(44)) - raft.grpc.server.port = 40231 (custom)
2021-09-01 14:11:03,024 [Listener at 0.0.0.0/40111] INFO  grpc.GrpcConfigKeys (ConfUtils.java:logGet(44)) - raft.grpc.client.port = -1 (default)
2021-09-01 14:11:03,025 [Listener at 0.0.0.0/40111] INFO  grpc.GrpcConfigKeys (ConfUtils.java:logGet(44)) - raft.grpc.server.port = 40231 (custom)
2021-09-01 14:11:03,025 [Listener at 0.0.0.0/40111] INFO  grpc.GrpcConfigKeys (ConfUtils.java:logGet(44)) - raft.grpc.server.port = 40231 (custom)
2021-09-01 14:11:03,025 [Listener at 0.0.0.0/40111] INFO  server.GrpcService (ConfUtils.java:logGet(44)) - raft.grpc.message.size.max = 33554432 (custom)
2021-09-01 14:11:03,026 [Listener at 0.0.0.0/40111] INFO  server.RaftServerConfigKeys (ConfUtils.java:logGet(44)) - raft.server.log.appender.buffer.byte-limit = 33554432 (custom)
2021-09-01 14:11:03,027 [Listener at 0.0.0.0/40111] INFO  server.GrpcService (ConfUtils.java:logGet(44)) - raft.grpc.flow.control.window = 1MB (=1048576) (default)
2021-09-01 14:11:03,027 [Listener at 0.0.0.0/40111] INFO  server.RaftServerConfigKeys (ConfUtils.java:logGet(44)) - raft.server.rpc.request.timeout = 3000ms (default)
2021-09-01 14:11:03,292 [Listener at 0.0.0.0/40111] INFO  impl.DataStreamServerImpl (ConfUtils.java:logGet(44)) - raft.datastream.type = DISABLED (default)
2021-09-01 14:11:03,294 [Listener at 0.0.0.0/40111] INFO  server.RaftServerConfigKeys (ConfUtils.java:logGet(44)) - raft.server.rpc.slowness.timeout = 120s (custom)
2021-09-01 14:11:03,294 [Listener at 0.0.0.0/40111] INFO  server.RaftServerConfigKeys (ConfUtils.java:logGet(44)) - raft.server.leaderelection.leader.step-down.wait-time = 10s (default)
2021-09-01 14:11:03,307 [Listener at 0.0.0.0/40111] INFO  server.RaftServerConfigKeys (ConfUtils.java:logGet(44)) - raft.server.storage.dir = [/home/runner/work/ozone/ozone/hadoop-ozone/integration-test/target/test-dir/MiniOzoneClusterImpl-cc063b0d-8217-4a41-b176-f0c6278c97ab/ozone-meta/ratis] (custom)
2021-09-01 14:11:03,312 [Listener at 0.0.0.0/40111] INFO  server.RaftServer (RaftServerProxy.java:addNew(95)) - om1: addNew group-C5BA1605619E:[om1|rpc:localhost:40231|priority:0] returns group-C5BA1605619E:java.util.concurrent.CompletableFuture@563c729c[Not completed]
2021-09-01 14:11:03,312 [Listener at 0.0.0.0/40111] INFO  om.OzoneManager (OzoneManager.java:initializeRatisServer(1573)) - OzoneManager Ratis server initialized at port 40231
2021-09-01 14:11:03,332 [Listener at 0.0.0.0/40111] INFO  ipc.CallQueueManager (CallQueueManager.java:<init>(90)) - Using callQueue: class java.util.concurrent.LinkedBlockingQueue, queueCapacity: 2000, scheduler: class org.apache.hadoop.ipc.DefaultRpcScheduler, ipcBackoff: false.
2021-09-01 14:11:03,341 [Socket Reader #1 for port 0] INFO  ipc.Server (Server.java:run(1265)) - Starting Socket Reader #1 for port 0
2021-09-01 14:11:03,351 [pool-39-thread-1] INFO  server.RaftServer$Division (RaftServerImpl.java:<init>(181)) - om1: new RaftServerImpl for group-C5BA1605619E:[om1|rpc:localhost:40231|priority:0] with OzoneManagerStateMachine:uninitialized
2021-09-01 14:11:03,361 [pool-39-thread-1] INFO  server.RaftServerConfigKeys (ConfUtils.java:logGet(44)) - raft.server.rpc.timeout.min = 1s (custom)
2021-09-01 14:11:03,361 [pool-39-thread-1] INFO  server.RaftServerConfigKeys (ConfUtils.java:logGet(44)) - raft.server.rpc.timeout.max = 1200ms (custom)
2021-09-01 14:11:03,361 [pool-39-thread-1] INFO  server.RaftServerConfigKeys (ConfUtils.java:logGet(44)) - raft.server.rpc.sleep.time = 25ms (default)
2021-09-01 14:11:03,362 [pool-39-thread-1] INFO  server.RaftServerConfigKeys (ConfUtils.java:logGet(44)) - raft.server.rpc.slowness.timeout = 120s (custom)
2021-09-01 14:11:03,362 [pool-39-thread-1] INFO  server.RaftServerConfigKeys (ConfUtils.java:logGet(44)) - raft.server.leaderelection.leader.step-down.wait-time = 10s (default)
2021-09-01 14:11:03,362 [pool-39-thread-1] INFO  server.RaftServerConfigKeys (ConfUtils.java:logGet(44)) - raft.server.sleep.deviation.threshold = 300ms (default)
2021-09-01 14:11:03,362 [pool-39-thread-1] INFO  server.RaftServerConfigKeys (ConfUtils.java:logGet(44)) - raft.server.log.appender.install.snapshot.enabled = false (custom)
2021-09-01 14:11:03,367 [pool-39-thread-1] INFO  server.RaftServer$Division (ServerState.java:<init>(105)) - om1@group-C5BA1605619E: ConfigurationManager, init=-1: [om1|rpc:localhost:40231|priority:0], old=null, confs=<EMPTY_MAP>
2021-09-01 14:11:03,367 [pool-39-thread-1] INFO  server.RaftServerConfigKeys (ConfUtils.java:logGet(44)) - raft.server.storage.dir = [/home/runner/work/ozone/ozone/hadoop-ozone/integration-test/target/test-dir/MiniOzoneClusterImpl-cc063b0d-8217-4a41-b176-f0c6278c97ab/ozone-meta/ratis] (custom)
2021-09-01 14:11:03,380 [pool-39-thread-1] INFO  server.RaftServerConfigKeys (ConfUtils.java:logGet(44)) - raft.server.log.corruption.policy = EXCEPTION (default)
2021-09-01 14:11:03,381 [pool-39-thread-1] INFO  server.RaftServerConfigKeys (ConfUtils.java:logGet(44)) - raft.server.storage.free-space.min = 0MB (=0) (default)
2021-09-01 14:11:03,382 [pool-39-thread-1] INFO  storage.RaftStorageDirectory (RaftStorageDirectoryImpl.java:analyzeStorage(135)) - The storage directory /home/runner/work/ozone/ozone/hadoop-ozone/integration-test/target/test-dir/MiniOzoneClusterImpl-cc063b0d-8217-4a41-b176-f0c6278c97ab/ozone-meta/ratis/bf265839-605b-3f16-9796-c5ba1605619e does not exist. Creating ...
2021-09-01 14:11:03,377 [Listener at 127.0.0.1/45399] INFO  om.OzoneManager (OzoneManager.java:initFSOLayout(4321)) - Configured ozone.om.metadata.layout=SIMPLE and disabled optimized OM FS operations
2021-09-01 14:11:03,386 [pool-39-thread-1] INFO  storage.RaftStorageDirectory (RaftStorageDirectoryImpl.java:tryLock(230)) - Lock on /home/runner/work/ozone/ozone/hadoop-ozone/integration-test/target/test-dir/MiniOzoneClusterImpl-cc063b0d-8217-4a41-b176-f0c6278c97ab/ozone-meta/ratis/bf265839-605b-3f16-9796-c5ba1605619e/in_use.lock acquired by nodename 9503@fv-az148-824
2021-09-01 14:11:03,390 [Listener at 127.0.0.1/45399] INFO  impl.MetricsSystemImpl (MetricsSystemImpl.java:init(158)) - OzoneManager metrics system started (again)
2021-09-01 14:11:03,391 [pool-39-thread-1] INFO  storage.RaftStorage (RaftStorageImpl.java:format(89)) - Storage directory /home/runner/work/ozone/ozone/hadoop-ozone/integration-test/target/test-dir/MiniOzoneClusterImpl-cc063b0d-8217-4a41-b176-f0c6278c97ab/ozone-meta/ratis/bf265839-605b-3f16-9796-c5ba1605619e has been successfully formatted.
2021-09-01 14:11:03,393 [pool-39-thread-1] INFO  server.RaftServerConfigKeys (ConfUtils.java:logGet(44)) - raft.server.notification.no-leader.timeout = 120s (custom)
2021-09-01 14:11:03,396 [pool-39-thread-1] INFO  server.RaftServerConfigKeys (ConfUtils.java:logGet(44)) - raft.server.log.use.memory = false (default)
2021-09-01 14:11:03,415 [pool-39-thread-1] INFO  server.RaftServerConfigKeys (ConfUtils.java:logGet(44)) - raft.server.log.purge.gap = 1000000 (custom)
2021-09-01 14:11:03,415 [pool-39-thread-1] INFO  server.RaftServerConfigKeys (ConfUtils.java:logGet(44)) - raft.server.log.appender.buffer.byte-limit = 33554432 (custom)
2021-09-01 14:11:03,418 [Listener at 127.0.0.1/45399] INFO  om.OzoneManager (OzoneManager.java:start(1270)) - OzoneManager RPC server is listening at localhost/127.0.0.1:45399
2021-09-01 14:11:03,420 [Listener at 127.0.0.1/45399] INFO  ratis.OzoneManagerRatisServer (OzoneManagerRatisServer.java:start(516)) - Starting OzoneManagerRatisServer om1 at port 40231
2021-09-01 14:11:03,430 [pool-39-thread-1] INFO  server.RaftServerConfigKeys (ConfUtils.java:logGet(44)) - raft.server.log.segment.size.max = 4194304 (custom)
2021-09-01 14:11:03,435 [pool-39-thread-1] INFO  server.RaftServerConfigKeys (ConfUtils.java:logGet(44)) - raft.server.log.segment.cache.num.max = 2 (custom)
2021-09-01 14:11:03,436 [pool-39-thread-1] INFO  server.RaftServerConfigKeys (ConfUtils.java:logGet(44)) - raft.server.log.segment.cache.size.max = 200MB (=209715200) (default)
2021-09-01 14:11:03,441 [pool-39-thread-1] INFO  segmented.SegmentedRaftLogWorker (SegmentedRaftLogWorker.java:<init>(182)) - new om1@group-C5BA1605619E-SegmentedRaftLogWorker for RaftStorageImpl:Storage Directory /home/runner/work/ozone/ozone/hadoop-ozone/integration-test/target/test-dir/MiniOzoneClusterImpl-cc063b0d-8217-4a41-b176-f0c6278c97ab/ozone-meta/ratis/bf265839-605b-3f16-9796-c5ba1605619e
2021-09-01 14:11:03,441 [pool-39-thread-1] INFO  server.RaftServerConfigKeys (ConfUtils.java:logGet(44)) - raft.server.log.queue.byte-limit = 64MB (=67108864) (default)
2021-09-01 14:11:03,442 [pool-39-thread-1] INFO  server.RaftServerConfigKeys (ConfUtils.java:logGet(44)) - raft.server.log.queue.element-limit = 4096 (default)
2021-09-01 14:11:03,442 [pool-39-thread-1] INFO  server.RaftServerConfigKeys (ConfUtils.java:logGet(44)) - raft.server.log.segment.size.max = 4194304 (custom)
2021-09-01 14:11:03,443 [pool-39-thread-1] INFO  server.RaftServerConfigKeys (ConfUtils.java:logGet(44)) - raft.server.log.preallocated.size = 4194304 (custom)
2021-09-01 14:11:03,443 [pool-39-thread-1] INFO  server.RaftServerConfigKeys (ConfUtils.java:logGet(44)) - raft.server.log.force.sync.num = 128 (default)
2021-09-01 14:11:03,444 [pool-39-thread-1] INFO  server.RaftServerConfigKeys (ConfUtils.java:logGet(44)) - raft.server.log.statemachine.data.sync = true (default)
2021-09-01 14:11:03,444 [pool-39-thread-1] INFO  server.RaftServerConfigKeys (ConfUtils.java:logGet(44)) - raft.server.log.statemachine.data.sync.timeout = 10s (default)
2021-09-01 14:11:03,445 [pool-39-thread-1] INFO  server.RaftServerConfigKeys (ConfUtils.java:logGet(44)) - raft.server.log.statemachine.data.sync.timeout.retry = -1 (default)
2021-09-01 14:11:03,452 [pool-39-thread-1] INFO  server.RaftServerConfigKeys (ConfUtils.java:logGet(44)) - raft.server.log.write.buffer.size = 64KB (=65536) (default)
2021-09-01 14:11:03,452 [pool-39-thread-1] INFO  server.RaftServerConfigKeys (ConfUtils.java:logGet(44)) - raft.server.log.statemachine.data.caching.enabled = false (default)
2021-09-01 14:11:03,457 [pool-39-thread-1] INFO  segmented.SegmentedRaftLogWorker (SegmentedRaftLogWorker.java:lambda$new$0(133)) - om1@group-C5BA1605619E-SegmentedRaftLogWorker: flushIndex: setUnconditionally 0 -> -1
2021-09-01 14:11:03,457 [pool-39-thread-1] INFO  segmented.SegmentedRaftLogWorker (SegmentedRaftLogWorker.java:lambda$new$0(133)) - om1@group-C5BA1605619E-SegmentedRaftLogWorker: safeCacheEvictIndex: setUnconditionally 0 -> -1
2021-09-01 14:11:03,463 [pool-39-thread-1] INFO  server.RaftServerConfigKeys (ConfUtils.java:logGet(44)) - raft.server.snapshot.auto.trigger.enabled = true (custom)
2021-09-01 14:11:03,464 [pool-39-thread-1] INFO  server.RaftServerConfigKeys (ConfUtils.java:logGet(44)) - raft.server.snapshot.auto.trigger.threshold = 400000 (default)
2021-09-01 14:11:03,464 [pool-39-thread-1] INFO  server.RaftServerConfigKeys (ConfUtils.java:logGet(44)) - raft.server.snapshot.retention.file.num = -1 (default)
2021-09-01 14:11:03,465 [pool-39-thread-1] INFO  server.RaftServerConfigKeys (ConfUtils.java:logGet(44)) - raft.server.log.purge.upto.snapshot.index = true (custom)
2021-09-01 14:11:03,466 [pool-39-thread-1] INFO  server.RaftServerConfigKeys (ConfUtils.java:logGet(44)) - raft.server.retrycache.expirytime = 300s (custom)
2021-09-01 14:11:03,466 [pool-39-thread-1] INFO  server.RaftServerConfigKeys (ConfUtils.java:logGet(44)) - raft.server.retrycache.statistics.expirytime = 100μs (default)
2021-09-01 14:11:03,503 [Listener at 127.0.0.1/45399] INFO  server.RaftServer$Division (RaftServerImpl.java:start(296)) - om1@group-C5BA1605619E: start as a follower, conf=-1: [om1|rpc:localhost:40231|priority:0], old=null
2021-09-01 14:11:03,504 [Listener at 127.0.0.1/45399] INFO  server.RaftServer$Division (RaftServerImpl.java:setRole(285)) - om1@group-C5BA1605619E: changes role from      null to FOLLOWER at term 0 for startAsFollower
2021-09-01 14:11:03,505 [Listener at 127.0.0.1/45399] INFO  impl.RoleInfo (RoleInfo.java:updateAndGet(130)) - om1: start om1@group-C5BA1605619E-FollowerState
2021-09-01 14:11:03,506 [Listener at 127.0.0.1/45399] INFO  util.JmxRegister (JmxRegister.java:tryRegister(44)) - Successfully registered JMX Bean with object name Ratis:service=RaftServer,group=group-C5BA1605619E,id=om1
2021-09-01 14:11:03,511 [Listener at 127.0.0.1/45399] INFO  server.RaftServer (RaftServerProxy.java:lambda$start$5(374)) - om1: start RPC server
2021-09-01 14:11:03,561 [Listener at 127.0.0.1/45399] INFO  server.GrpcService (GrpcService.java:startImpl(253)) - om1: GrpcService started, listening on 40231
2021-09-01 14:11:03,563 [Listener at 127.0.0.1/45399] INFO  om.OzoneManager (OzoneManager.java:start(1288)) - Version File has different layout version (0) than OM DB (null). That is expected if this OM has never been finalized to a newer layout version.
2021-09-01 14:11:03,564 [org.apache.ratis.util.JvmPauseMonitor$$Lambda$534/1206384791@52bd3d2] INFO  util.JvmPauseMonitor (JvmPauseMonitor.java:run(103)) - JvmPauseMonitor-om1: Started
2021-09-01 14:11:03,574 [Listener at 127.0.0.1/45399] INFO  http.BaseHttpServer (BaseHttpServer.java:newHttpServer2BuilderForOzone(209)) - Starting Web-server for ozoneManager at: http://0.0.0.0:0
2021-09-01 14:11:03,574 [Listener at 127.0.0.1/45399] INFO  http.BaseHttpServer (BaseHttpServer.java:<init>(107)) - Hadoop Security Enabled: false Ozone Security Enabled: false Ozone HTTP Security Enabled: false 
2021-09-01 14:11:03,575 [Listener at 127.0.0.1/45399] INFO  server.AuthenticationFilter (AuthenticationFilter.java:constructSecretProvider(240)) - Unable to initialize FileSignerSecretProvider, falling back to use random secrets.
2021-09-01 14:11:03,580 [Listener at 127.0.0.1/45399] WARN  http.HttpRequestLog (HttpRequestLog.java:getRequestLog(103)) - Jetty request log can only be enabled using Log4j
2021-09-01 14:11:03,581 [Listener at 127.0.0.1/45399] INFO  http.HttpServer2 (HttpServer2.java:addGlobalFilter(1030)) - Added global filter 'safety' (class=org.apache.hadoop.hdds.server.http.HttpServer2$QuotingInputFilter)
2021-09-01 14:11:03,582 [Listener at 127.0.0.1/45399] INFO  http.HttpServer2 (HttpServer2.java:addFilter(1006)) - Added filter static_user_filter (class=org.apache.hadoop.http.lib.StaticUserWebFilter$StaticUserFilter) to context ozoneManager
2021-09-01 14:11:03,582 [Listener at 127.0.0.1/45399] INFO  http.HttpServer2 (HttpServer2.java:addFilter(1014)) - Added filter static_user_filter (class=org.apache.hadoop.http.lib.StaticUserWebFilter$StaticUserFilter) to context logs
2021-09-01 14:11:03,582 [Listener at 127.0.0.1/45399] INFO  http.HttpServer2 (HttpServer2.java:addFilter(1014)) - Added filter static_user_filter (class=org.apache.hadoop.http.lib.StaticUserWebFilter$StaticUserFilter) to context static
2021-09-01 14:11:03,583 [Listener at 127.0.0.1/45399] INFO  http.HttpServer2 (HttpServer2.java:bindListener(1249)) - Jetty bound to port 38953
2021-09-01 14:11:03,584 [Listener at 127.0.0.1/45399] INFO  server.Server (Server.java:doStart(375)) - jetty-9.4.43.v20210629; built: 2021-06-30T11:07:22.254Z; git: 526006ecfa3af7f1a27ef3a288e2bef7ea9dd7e8; jvm 1.8.0_292-b10
2021-09-01 14:11:03,590 [Listener at 127.0.0.1/45399] INFO  server.session (DefaultSessionIdManager.java:doStart(334)) - DefaultSessionIdManager workerName=node0
2021-09-01 14:11:03,590 [Listener at 127.0.0.1/45399] INFO  server.session (DefaultSessionIdManager.java:doStart(339)) - No SessionScavenger set, using defaults
2021-09-01 14:11:03,590 [Listener at 127.0.0.1/45399] INFO  server.session (HouseKeeper.java:startScavenging(132)) - node0 Scavenging every 660000ms
2021-09-01 14:11:03,591 [Listener at 127.0.0.1/45399] INFO  handler.ContextHandler (ContextHandler.java:doStart(915)) - Started o.e.j.s.ServletContextHandler@5f58e9e5{logs,/logs,file:///home/runner/work/ozone/ozone/hadoop-ozone/integration-test/target/log,AVAILABLE}
2021-09-01 14:11:03,591 [Listener at 127.0.0.1/45399] INFO  handler.ContextHandler (ContextHandler.java:doStart(915)) - Started o.e.j.s.ServletContextHandler@13e9bd46{static,/static,file:///home/runner/work/ozone/ozone/hadoop-ozone/integration-test/target/test-classes/webapps/static,AVAILABLE}
2021-09-01 14:11:03,594 [Listener at 127.0.0.1/45399] INFO  handler.ContextHandler (ContextHandler.java:doStart(915)) - Started o.e.j.w.WebAppContext@6eed6b75{ozoneManager,/,file:///home/runner/work/ozone/ozone/hadoop-ozone/integration-test/target/test-classes/webapps/ozoneManager/,AVAILABLE}{file:/home/runner/work/ozone/ozone/hadoop-ozone/integration-test/target/test-classes/webapps/ozoneManager}
2021-09-01 14:11:03,595 [Listener at 127.0.0.1/45399] INFO  server.AbstractConnector (AbstractConnector.java:doStart(331)) - Started ServerConnector@26fa165f{HTTP/1.1, (http/1.1)}{0.0.0.0:38953}
2021-09-01 14:11:03,595 [Listener at 127.0.0.1/45399] INFO  server.Server (Server.java:doStart(415)) - Started @5163ms
2021-09-01 14:11:03,595 [Listener at 127.0.0.1/45399] WARN  impl.MetricsSystemImpl (MetricsSystemImpl.java:register(279)) - Sink prometheus already exists!
2021-09-01 14:11:03,596 [Listener at 127.0.0.1/45399] INFO  http.BaseHttpServer (BaseHttpServer.java:updateConnectorAddress(329)) - HTTP server of ozoneManager listening at http://0.0.0.0:38953
2021-09-01 14:11:03,597 [IPC Server Responder] INFO  ipc.Server (Server.java:run(1507)) - IPC Server Responder: starting
2021-09-01 14:11:03,601 [IPC Server listener on 0] INFO  ipc.Server (Server.java:run(1344)) - IPC Server listener on 0: starting
2021-09-01 14:11:03,606 [Listener at 127.0.0.1/45399] INFO  om.OzoneManager (OzoneManager.java:startTrashEmptier(1531)) - Trash Interval set to 0. Files deleted will not move to trash
2021-09-01 14:11:03,617 [org.apache.hadoop.util.JvmPauseMonitor$Monitor@3e01d64e] INFO  util.JvmPauseMonitor (JvmPauseMonitor.java:run(188)) - Starting JVM pause monitor
2021-09-01 14:11:03,741 [Listener at 127.0.0.1/45399] WARN  impl.MetricRegistriesImpl (MetricRegistriesImpl.java:addReporterRegistration(111)) - New reporters are added after registries were created. Some metrics will be missing from the reporter. Please add reporter before adding any new registry.
2021-09-01 14:11:03,741 [Listener at 127.0.0.1/45399] WARN  impl.MetricRegistriesImpl (MetricRegistriesImpl.java:addReporterRegistration(111)) - New reporters are added after registries were created. Some metrics will be missing from the reporter. Please add reporter before adding any new registry.
2021-09-01 14:11:03,741 [Listener at 127.0.0.1/45399] INFO  impl.MetricsSystemImpl (MetricsSystemImpl.java:init(158)) - HddsDatanode metrics system started (again)
2021-09-01 14:11:03,757 [Listener at 127.0.0.1/45399] INFO  ozone.HddsDatanodeService (HddsDatanodeService.java:start(234)) - HddsDatanodeService host:fv-az148-824.bm4ck3pvxvsene1rjriu5fhcdb.bx.internal.cloudapp.net ip:10.1.0.27
2021-09-01 14:11:03,782 [Listener at 127.0.0.1/45399] INFO  upgrade.AbstractLayoutVersionManager (AbstractLayoutVersionManager.java:init(70)) - Initializing Layout version manager with metadata layout = SCM_HA (version = 2), software layout = SCM_HA (version = 2)
2021-09-01 14:11:03,825 [Listener at 127.0.0.1/45399] INFO  reflections.Reflections (Reflections.java:scan(232)) - Reflections took 42 ms to scan 7 urls, producing 120 keys and 275 values 
2021-09-01 14:11:03,876 [Listener at 127.0.0.1/45399] INFO  volume.HddsVolume (HddsVolume.java:<init>(120)) - Creating HddsVolume: /home/runner/work/ozone/ozone/hadoop-ozone/integration-test/target/test-dir/MiniOzoneClusterImpl-cc063b0d-8217-4a41-b176-f0c6278c97ab/datanode-0/data-0/containers/hdds of storage type : DISK capacity : 9223372036854775807
2021-09-01 14:11:03,878 [Listener at 127.0.0.1/45399] INFO  volume.MutableVolumeSet (MutableVolumeSet.java:initializeVolumeSet(181)) - Added Volume : /home/runner/work/ozone/ozone/hadoop-ozone/integration-test/target/test-dir/MiniOzoneClusterImpl-cc063b0d-8217-4a41-b176-f0c6278c97ab/datanode-0/data-0/containers/hdds to VolumeSet
2021-09-01 14:11:03,879 [Listener at 127.0.0.1/45399] INFO  volume.ThrottledAsyncChecker (ThrottledAsyncChecker.java:schedule(141)) - Scheduling a check for /home/runner/work/ozone/ozone/hadoop-ozone/integration-test/target/test-dir/MiniOzoneClusterImpl-cc063b0d-8217-4a41-b176-f0c6278c97ab/datanode-0/data-0/containers/hdds
2021-09-01 14:11:03,894 [Listener at 127.0.0.1/45399] INFO  volume.StorageVolumeChecker (StorageVolumeChecker.java:checkAllVolumes(202)) - Scheduled health check for volume /home/runner/work/ozone/ozone/hadoop-ozone/integration-test/target/test-dir/MiniOzoneClusterImpl-cc063b0d-8217-4a41-b176-f0c6278c97ab/datanode-0/data-0/containers/hdds
2021-09-01 14:11:03,912 [Listener at 127.0.0.1/45399] INFO  volume.MutableVolumeSet (MutableVolumeSet.java:initializeVolumeSet(181)) - Added Volume : /home/runner/work/ozone/ozone/hadoop-ozone/integration-test/target/test-dir/MiniOzoneClusterImpl-cc063b0d-8217-4a41-b176-f0c6278c97ab/datanode-0/data/ratis to VolumeSet
2021-09-01 14:11:03,912 [Listener at 127.0.0.1/45399] INFO  volume.ThrottledAsyncChecker (ThrottledAsyncChecker.java:schedule(141)) - Scheduling a check for /home/runner/work/ozone/ozone/hadoop-ozone/integration-test/target/test-dir/MiniOzoneClusterImpl-cc063b0d-8217-4a41-b176-f0c6278c97ab/datanode-0/data/ratis
2021-09-01 14:11:03,912 [Listener at 127.0.0.1/45399] INFO  volume.StorageVolumeChecker (StorageVolumeChecker.java:checkAllVolumes(202)) - Scheduled health check for volume /home/runner/work/ozone/ozone/hadoop-ozone/integration-test/target/test-dir/MiniOzoneClusterImpl-cc063b0d-8217-4a41-b176-f0c6278c97ab/datanode-0/data/ratis
2021-09-01 14:11:03,932 [Listener at 127.0.0.1/45399] INFO  ozoneimpl.ContainerReader (ContainerReader.java:<init>(98)) - Running in upgrade mode:true
2021-09-01 14:11:03,933 [Thread-130] INFO  ozoneimpl.ContainerReader (ContainerReader.java:readVolume(142)) - Start to verify containers on volume /home/runner/work/ozone/ozone/hadoop-ozone/integration-test/target/test-dir/MiniOzoneClusterImpl-cc063b0d-8217-4a41-b176-f0c6278c97ab/datanode-0/data-0/containers/hdds
2021-09-01 14:11:03,933 [Thread-130] INFO  ozoneimpl.ContainerReader (ContainerReader.java:readVolume(174)) - Finish verifying containers on volume /home/runner/work/ozone/ozone/hadoop-ozone/integration-test/target/test-dir/MiniOzoneClusterImpl-cc063b0d-8217-4a41-b176-f0c6278c97ab/datanode-0/data-0/containers/hdds
2021-09-01 14:11:03,933 [Listener at 127.0.0.1/45399] INFO  ozoneimpl.OzoneContainer (OzoneContainer.java:buildContainerSet(237)) - Build ContainerSet costs 0s
2021-09-01 14:11:03,984 [ReplicationMonitor] INFO  container.ReplicationManager (ReplicationManager.java:processAll(359)) - Replication Monitor Thread took 1 milliseconds for processing 0 containers.
2021-09-01 14:11:04,047 [Listener at 127.0.0.1/45399] INFO  server.RaftServer (ConfUtils.java:logGet(44)) - raft.rpc.type = GRPC (default)
2021-09-01 14:11:04,048 [Listener at 127.0.0.1/45399] INFO  grpc.GrpcFactory (GrpcFactory.java:checkPooledByteBufAllocatorUseCacheForAllThreads(48)) - PERFORMANCE WARNING: useCacheForAllThreads is true that may cause Netty to create a lot garbage objects and, as a result, trigger GC.
	It is recommended to disable useCacheForAllThreads by setting -Dorg.apache.ratis.thirdparty.io.netty.allocator.useCacheForAllThreads=false in command line.
2021-09-01 14:11:04,048 [Listener at 127.0.0.1/45399] INFO  grpc.GrpcConfigKeys (ConfUtils.java:logGet(44)) - raft.grpc.admin.port = 0 (custom)
2021-09-01 14:11:04,048 [Listener at 127.0.0.1/45399] INFO  grpc.GrpcConfigKeys (ConfUtils.java:logGet(44)) - raft.grpc.client.port = 0 (custom)
2021-09-01 14:11:04,048 [Listener at 127.0.0.1/45399] INFO  grpc.GrpcConfigKeys (ConfUtils.java:logGet(44)) - raft.grpc.server.port = 0 (default)
2021-09-01 14:11:04,048 [Listener at 127.0.0.1/45399] INFO  server.GrpcService (ConfUtils.java:logGet(44)) - raft.grpc.message.size.max = 32MB (=33554432) (custom)
2021-09-01 14:11:04,048 [Listener at 127.0.0.1/45399] INFO  server.RaftServerConfigKeys (ConfUtils.java:logGet(44)) - raft.server.log.appender.buffer.byte-limit = 33554432 (custom)
2021-09-01 14:11:04,048 [Listener at 127.0.0.1/45399] INFO  server.GrpcService (ConfUtils.java:logGet(44)) - raft.grpc.flow.control.window = 5MB (=5242880) (custom)
2021-09-01 14:11:04,048 [Listener at 127.0.0.1/45399] INFO  server.RaftServerConfigKeys (ConfUtils.java:logGet(44)) - raft.server.rpc.request.timeout = 60s (custom)
2021-09-01 14:11:04,050 [Listener at 127.0.0.1/45399] INFO  impl.DataStreamServerImpl (ConfUtils.java:logGet(44)) - raft.datastream.type = DISABLED (default)
2021-09-01 14:11:04,050 [Listener at 127.0.0.1/45399] INFO  server.RaftServerConfigKeys (ConfUtils.java:logGet(44)) - raft.server.rpc.slowness.timeout = 300s (custom)
2021-09-01 14:11:04,050 [Listener at 127.0.0.1/45399] INFO  server.RaftServerConfigKeys (ConfUtils.java:logGet(44)) - raft.server.leaderelection.leader.step-down.wait-time = 10s (default)
2021-09-01 14:11:04,050 [Listener at 127.0.0.1/45399] INFO  server.RaftServerConfigKeys (ConfUtils.java:logGet(44)) - raft.server.storage.dir = [/home/runner/work/ozone/ozone/hadoop-ozone/integration-test/target/test-dir/MiniOzoneClusterImpl-cc063b0d-8217-4a41-b176-f0c6278c97ab/datanode-0/data/ratis] (custom)
2021-09-01 14:11:04,109 [Listener at 127.0.0.1/45399] INFO  http.BaseHttpServer (BaseHttpServer.java:newHttpServer2BuilderForOzone(209)) - Starting Web-server for hddsDatanode at: http://0.0.0.0:0
2021-09-01 14:11:04,109 [Listener at 127.0.0.1/45399] INFO  http.BaseHttpServer (BaseHttpServer.java:<init>(107)) - Hadoop Security Enabled: false Ozone Security Enabled: false Ozone HTTP Security Enabled: false 
2021-09-01 14:11:04,111 [Listener at 127.0.0.1/45399] INFO  server.AuthenticationFilter (AuthenticationFilter.java:constructSecretProvider(240)) - Unable to initialize FileSignerSecretProvider, falling back to use random secrets.
2021-09-01 14:11:04,111 [Listener at 127.0.0.1/45399] WARN  http.HttpRequestLog (HttpRequestLog.java:getRequestLog(103)) - Jetty request log can only be enabled using Log4j
2021-09-01 14:11:04,112 [Listener at 127.0.0.1/45399] INFO  http.HttpServer2 (HttpServer2.java:addGlobalFilter(1030)) - Added global filter 'safety' (class=org.apache.hadoop.hdds.server.http.HttpServer2$QuotingInputFilter)
2021-09-01 14:11:04,113 [Listener at 127.0.0.1/45399] INFO  http.HttpServer2 (HttpServer2.java:addFilter(1006)) - Added filter static_user_filter (class=org.apache.hadoop.http.lib.StaticUserWebFilter$StaticUserFilter) to context hddsDatanode
2021-09-01 14:11:04,113 [Listener at 127.0.0.1/45399] INFO  http.HttpServer2 (HttpServer2.java:addFilter(1014)) - Added filter static_user_filter (class=org.apache.hadoop.http.lib.StaticUserWebFilter$StaticUserFilter) to context logs
2021-09-01 14:11:04,113 [Listener at 127.0.0.1/45399] INFO  http.HttpServer2 (HttpServer2.java:addFilter(1014)) - Added filter static_user_filter (class=org.apache.hadoop.http.lib.StaticUserWebFilter$StaticUserFilter) to context static
2021-09-01 14:11:04,113 [Listener at 127.0.0.1/45399] INFO  http.HttpServer2 (HttpServer2.java:bindListener(1249)) - Jetty bound to port 44601
2021-09-01 14:11:04,114 [Listener at 127.0.0.1/45399] INFO  server.Server (Server.java:doStart(375)) - jetty-9.4.43.v20210629; built: 2021-06-30T11:07:22.254Z; git: 526006ecfa3af7f1a27ef3a288e2bef7ea9dd7e8; jvm 1.8.0_292-b10
2021-09-01 14:11:04,118 [Listener at 127.0.0.1/45399] INFO  server.session (DefaultSessionIdManager.java:doStart(334)) - DefaultSessionIdManager workerName=node0
2021-09-01 14:11:04,118 [Listener at 127.0.0.1/45399] INFO  server.session (DefaultSessionIdManager.java:doStart(339)) - No SessionScavenger set, using defaults
2021-09-01 14:11:04,118 [Listener at 127.0.0.1/45399] INFO  server.session (HouseKeeper.java:startScavenging(132)) - node0 Scavenging every 660000ms
2021-09-01 14:11:04,119 [Listener at 127.0.0.1/45399] INFO  handler.ContextHandler (ContextHandler.java:doStart(915)) - Started o.e.j.s.ServletContextHandler@74bc65a8{logs,/logs,file:///home/runner/work/ozone/ozone/hadoop-ozone/integration-test/target/log,AVAILABLE}
2021-09-01 14:11:04,119 [Listener at 127.0.0.1/45399] INFO  handler.ContextHandler (ContextHandler.java:doStart(915)) - Started o.e.j.s.ServletContextHandler@2ca5feb3{static,/static,jar:file:/home/runner/.m2/repository/org/apache/ozone/hdds-container-service/1.2.0-SNAPSHOT/hdds-container-service-1.2.0-SNAPSHOT.jar!/webapps/static,AVAILABLE}
2021-09-01 14:11:04,178 [Listener at 127.0.0.1/45399] INFO  handler.ContextHandler (ContextHandler.java:doStart(915)) - Started o.e.j.w.WebAppContext@2a5c586b{hddsDatanode,/,file:///tmp/jetty-0_0_0_0-44601-hdds-container-service-1_2_0-SNAPSHOT_jar-_-any-368272371538533190/webapp/,AVAILABLE}{jar:file:/home/runner/.m2/repository/org/apache/ozone/hdds-container-service/1.2.0-SNAPSHOT/hdds-container-service-1.2.0-SNAPSHOT.jar!/webapps/hddsDatanode}
2021-09-01 14:11:04,180 [Listener at 127.0.0.1/45399] INFO  server.AbstractConnector (AbstractConnector.java:doStart(331)) - Started ServerConnector@3e191c79{HTTP/1.1, (http/1.1)}{0.0.0.0:44601}
2021-09-01 14:11:04,180 [Listener at 127.0.0.1/45399] INFO  server.Server (Server.java:doStart(415)) - Started @5748ms
2021-09-01 14:11:04,180 [Listener at 127.0.0.1/45399] WARN  impl.MetricsSystemImpl (MetricsSystemImpl.java:register(279)) - Sink prometheus already exists!
2021-09-01 14:11:04,181 [Listener at 127.0.0.1/45399] INFO  http.BaseHttpServer (BaseHttpServer.java:updateConnectorAddress(329)) - HTTP server of hddsDatanode listening at http://0.0.0.0:44601
2021-09-01 14:11:04,183 [Listener at 127.0.0.1/45399] WARN  impl.MetricRegistriesImpl (MetricRegistriesImpl.java:addReporterRegistration(111)) - New reporters are added after registries were created. Some metrics will be missing from the reporter. Please add reporter before adding any new registry.
2021-09-01 14:11:04,183 [Listener at 127.0.0.1/45399] WARN  impl.MetricRegistriesImpl (MetricRegistriesImpl.java:addReporterRegistration(111)) - New reporters are added after registries were created. Some metrics will be missing from the reporter. Please add reporter before adding any new registry.
2021-09-01 14:11:04,183 [Listener at 127.0.0.1/45399] INFO  impl.MetricsSystemImpl (MetricsSystemImpl.java:init(158)) - HddsDatanode metrics system started (again)
2021-09-01 14:11:04,227 [Listener at 127.0.0.1/45399] INFO  ozone.HddsDatanodeService (HddsDatanodeService.java:start(234)) - HddsDatanodeService host:fv-az148-824.bm4ck3pvxvsene1rjriu5fhcdb.bx.internal.cloudapp.net ip:10.1.0.27
2021-09-01 14:11:04,228 [org.apache.hadoop.util.JvmPauseMonitor$Monitor@707b5bc8] INFO  util.JvmPauseMonitor (JvmPauseMonitor.java:run(188)) - Starting JVM pause monitor
2021-09-01 14:11:04,254 [Listener at 127.0.0.1/45399] INFO  upgrade.AbstractLayoutVersionManager (AbstractLayoutVersionManager.java:init(70)) - Initializing Layout version manager with metadata layout = SCM_HA (version = 2), software layout = SCM_HA (version = 2)
2021-09-01 14:11:04,316 [Listener at 127.0.0.1/45399] INFO  reflections.Reflections (Reflections.java:scan(232)) - Reflections took 61 ms to scan 7 urls, producing 120 keys and 275 values 
2021-09-01 14:11:04,342 [Listener at 127.0.0.1/45399] INFO  volume.HddsVolume (HddsVolume.java:<init>(120)) - Creating HddsVolume: /home/runner/work/ozone/ozone/hadoop-ozone/integration-test/target/test-dir/MiniOzoneClusterImpl-cc063b0d-8217-4a41-b176-f0c6278c97ab/datanode-1/data-0/containers/hdds of storage type : DISK capacity : 9223372036854775807
2021-09-01 14:11:04,342 [Listener at 127.0.0.1/45399] INFO  volume.MutableVolumeSet (MutableVolumeSet.java:initializeVolumeSet(181)) - Added Volume : /home/runner/work/ozone/ozone/hadoop-ozone/integration-test/target/test-dir/MiniOzoneClusterImpl-cc063b0d-8217-4a41-b176-f0c6278c97ab/datanode-1/data-0/containers/hdds to VolumeSet
2021-09-01 14:11:04,343 [Listener at 127.0.0.1/45399] INFO  volume.ThrottledAsyncChecker (ThrottledAsyncChecker.java:schedule(141)) - Scheduling a check for /home/runner/work/ozone/ozone/hadoop-ozone/integration-test/target/test-dir/MiniOzoneClusterImpl-cc063b0d-8217-4a41-b176-f0c6278c97ab/datanode-1/data-0/containers/hdds
2021-09-01 14:11:04,345 [Datanode State Machine Task Thread - 0] INFO  datanode.InitDatanodeState (InitDatanodeState.java:persistContainerDatanodeDetails(145)) - DatanodeDetails is persisted to /home/runner/work/ozone/ozone/hadoop-ozone/integration-test/target/test-dir/MiniOzoneClusterImpl-cc063b0d-8217-4a41-b176-f0c6278c97ab/datanode-0/meta/datanode.id
2021-09-01 14:11:04,345 [Listener at 127.0.0.1/45399] INFO  volume.StorageVolumeChecker (StorageVolumeChecker.java:checkAllVolumes(202)) - Scheduled health check for volume /home/runner/work/ozone/ozone/hadoop-ozone/integration-test/target/test-dir/MiniOzoneClusterImpl-cc063b0d-8217-4a41-b176-f0c6278c97ab/datanode-1/data-0/containers/hdds
2021-09-01 14:11:04,358 [Listener at 127.0.0.1/45399] INFO  volume.MutableVolumeSet (MutableVolumeSet.java:initializeVolumeSet(181)) - Added Volume : /home/runner/work/ozone/ozone/hadoop-ozone/integration-test/target/test-dir/MiniOzoneClusterImpl-cc063b0d-8217-4a41-b176-f0c6278c97ab/datanode-1/data/ratis to VolumeSet
2021-09-01 14:11:04,358 [Listener at 127.0.0.1/45399] INFO  volume.ThrottledAsyncChecker (ThrottledAsyncChecker.java:schedule(141)) - Scheduling a check for /home/runner/work/ozone/ozone/hadoop-ozone/integration-test/target/test-dir/MiniOzoneClusterImpl-cc063b0d-8217-4a41-b176-f0c6278c97ab/datanode-1/data/ratis
2021-09-01 14:11:04,359 [Listener at 127.0.0.1/45399] INFO  volume.StorageVolumeChecker (StorageVolumeChecker.java:checkAllVolumes(202)) - Scheduled health check for volume /home/runner/work/ozone/ozone/hadoop-ozone/integration-test/target/test-dir/MiniOzoneClusterImpl-cc063b0d-8217-4a41-b176-f0c6278c97ab/datanode-1/data/ratis
2021-09-01 14:11:04,370 [Listener at 127.0.0.1/45399] INFO  ozoneimpl.ContainerReader (ContainerReader.java:<init>(98)) - Running in upgrade mode:true
2021-09-01 14:11:04,372 [Thread-142] INFO  ozoneimpl.ContainerReader (ContainerReader.java:readVolume(142)) - Start to verify containers on volume /home/runner/work/ozone/ozone/hadoop-ozone/integration-test/target/test-dir/MiniOzoneClusterImpl-cc063b0d-8217-4a41-b176-f0c6278c97ab/datanode-1/data-0/containers/hdds
2021-09-01 14:11:04,372 [Thread-142] INFO  ozoneimpl.ContainerReader (ContainerReader.java:readVolume(174)) - Finish verifying containers on volume /home/runner/work/ozone/ozone/hadoop-ozone/integration-test/target/test-dir/MiniOzoneClusterImpl-cc063b0d-8217-4a41-b176-f0c6278c97ab/datanode-1/data-0/containers/hdds
2021-09-01 14:11:04,372 [Listener at 127.0.0.1/45399] INFO  ozoneimpl.OzoneContainer (OzoneContainer.java:buildContainerSet(237)) - Build ContainerSet costs 0s
2021-09-01 14:11:04,375 [Listener at 127.0.0.1/45399] INFO  server.RaftServer (ConfUtils.java:logGet(44)) - raft.rpc.type = GRPC (default)
2021-09-01 14:11:04,375 [Listener at 127.0.0.1/45399] INFO  grpc.GrpcFactory (GrpcFactory.java:checkPooledByteBufAllocatorUseCacheForAllThreads(48)) - PERFORMANCE WARNING: useCacheForAllThreads is true that may cause Netty to create a lot garbage objects and, as a result, trigger GC.
	It is recommended to disable useCacheForAllThreads by setting -Dorg.apache.ratis.thirdparty.io.netty.allocator.useCacheForAllThreads=false in command line.
2021-09-01 14:11:04,375 [Listener at 127.0.0.1/45399] INFO  grpc.GrpcConfigKeys (ConfUtils.java:logGet(44)) - raft.grpc.admin.port = 0 (custom)
2021-09-01 14:11:04,375 [Listener at 127.0.0.1/45399] INFO  grpc.GrpcConfigKeys (ConfUtils.java:logGet(44)) - raft.grpc.client.port = 0 (custom)
2021-09-01 14:11:04,375 [Listener at 127.0.0.1/45399] INFO  grpc.GrpcConfigKeys (ConfUtils.java:logGet(44)) - raft.grpc.server.port = 0 (default)
2021-09-01 14:11:04,375 [Listener at 127.0.0.1/45399] INFO  server.GrpcService (ConfUtils.java:logGet(44)) - raft.grpc.message.size.max = 32MB (=33554432) (custom)
2021-09-01 14:11:04,376 [Listener at 127.0.0.1/45399] INFO  server.RaftServerConfigKeys (ConfUtils.java:logGet(44)) - raft.server.log.appender.buffer.byte-limit = 33554432 (custom)
2021-09-01 14:11:04,376 [Listener at 127.0.0.1/45399] INFO  server.GrpcService (ConfUtils.java:logGet(44)) - raft.grpc.flow.control.window = 5MB (=5242880) (custom)
2021-09-01 14:11:04,376 [Listener at 127.0.0.1/45399] INFO  server.RaftServerConfigKeys (ConfUtils.java:logGet(44)) - raft.server.rpc.request.timeout = 60s (custom)
2021-09-01 14:11:04,377 [Listener at 127.0.0.1/45399] INFO  impl.DataStreamServerImpl (ConfUtils.java:logGet(44)) - raft.datastream.type = DISABLED (default)
2021-09-01 14:11:04,377 [Listener at 127.0.0.1/45399] INFO  server.RaftServerConfigKeys (ConfUtils.java:logGet(44)) - raft.server.rpc.slowness.timeout = 300s (custom)
2021-09-01 14:11:04,377 [Listener at 127.0.0.1/45399] INFO  server.RaftServerConfigKeys (ConfUtils.java:logGet(44)) - raft.server.leaderelection.leader.step-down.wait-time = 10s (default)
2021-09-01 14:11:04,377 [Listener at 127.0.0.1/45399] INFO  server.RaftServerConfigKeys (ConfUtils.java:logGet(44)) - raft.server.storage.dir = [/home/runner/work/ozone/ozone/hadoop-ozone/integration-test/target/test-dir/MiniOzoneClusterImpl-cc063b0d-8217-4a41-b176-f0c6278c97ab/datanode-1/data/ratis] (custom)
2021-09-01 14:11:04,380 [Listener at 127.0.0.1/45399] INFO  http.BaseHttpServer (BaseHttpServer.java:newHttpServer2BuilderForOzone(209)) - Starting Web-server for hddsDatanode at: http://0.0.0.0:0
2021-09-01 14:11:04,381 [Listener at 127.0.0.1/45399] INFO  http.BaseHttpServer (BaseHttpServer.java:<init>(107)) - Hadoop Security Enabled: false Ozone Security Enabled: false Ozone HTTP Security Enabled: false 
2021-09-01 14:11:04,382 [Listener at 127.0.0.1/45399] INFO  server.AuthenticationFilter (AuthenticationFilter.java:constructSecretProvider(240)) - Unable to initialize FileSignerSecretProvider, falling back to use random secrets.
2021-09-01 14:11:04,382 [Listener at 127.0.0.1/45399] WARN  http.HttpRequestLog (HttpRequestLog.java:getRequestLog(103)) - Jetty request log can only be enabled using Log4j
2021-09-01 14:11:04,383 [Listener at 127.0.0.1/45399] INFO  http.HttpServer2 (HttpServer2.java:addGlobalFilter(1030)) - Added global filter 'safety' (class=org.apache.hadoop.hdds.server.http.HttpServer2$QuotingInputFilter)
2021-09-01 14:11:04,383 [Listener at 127.0.0.1/45399] INFO  http.HttpServer2 (HttpServer2.java:addFilter(1006)) - Added filter static_user_filter (class=org.apache.hadoop.http.lib.StaticUserWebFilter$StaticUserFilter) to context hddsDatanode
2021-09-01 14:11:04,384 [Listener at 127.0.0.1/45399] INFO  http.HttpServer2 (HttpServer2.java:addFilter(1014)) - Added filter static_user_filter (class=org.apache.hadoop.http.lib.StaticUserWebFilter$StaticUserFilter) to context static
2021-09-01 14:11:04,384 [Listener at 127.0.0.1/45399] INFO  http.HttpServer2 (HttpServer2.java:addFilter(1014)) - Added filter static_user_filter (class=org.apache.hadoop.http.lib.StaticUserWebFilter$StaticUserFilter) to context logs
2021-09-01 14:11:04,384 [Listener at 127.0.0.1/45399] INFO  http.HttpServer2 (HttpServer2.java:bindListener(1249)) - Jetty bound to port 36473
2021-09-01 14:11:04,384 [Listener at 127.0.0.1/45399] INFO  server.Server (Server.java:doStart(375)) - jetty-9.4.43.v20210629; built: 2021-06-30T11:07:22.254Z; git: 526006ecfa3af7f1a27ef3a288e2bef7ea9dd7e8; jvm 1.8.0_292-b10
2021-09-01 14:11:04,386 [Listener at 127.0.0.1/45399] INFO  server.session (DefaultSessionIdManager.java:doStart(334)) - DefaultSessionIdManager workerName=node0
2021-09-01 14:11:04,386 [Listener at 127.0.0.1/45399] INFO  server.session (DefaultSessionIdManager.java:doStart(339)) - No SessionScavenger set, using defaults
2021-09-01 14:11:04,386 [Listener at 127.0.0.1/45399] INFO  server.session (HouseKeeper.java:startScavenging(132)) - node0 Scavenging every 660000ms
2021-09-01 14:11:04,389 [Listener at 127.0.0.1/45399] INFO  handler.ContextHandler (ContextHandler.java:doStart(915)) - Started o.e.j.s.ServletContextHandler@563cda6b{logs,/logs,file:///home/runner/work/ozone/ozone/hadoop-ozone/integration-test/target/log,AVAILABLE}
2021-09-01 14:11:04,390 [Listener at 127.0.0.1/45399] INFO  handler.ContextHandler (ContextHandler.java:doStart(915)) - Started o.e.j.s.ServletContextHandler@55282168{static,/static,jar:file:/home/runner/.m2/repository/org/apache/ozone/hdds-container-service/1.2.0-SNAPSHOT/hdds-container-service-1.2.0-SNAPSHOT.jar!/webapps/static,AVAILABLE}
2021-09-01 14:11:04,428 [Listener at 127.0.0.1/45399] INFO  handler.ContextHandler (ContextHandler.java:doStart(915)) - Started o.e.j.w.WebAppContext@12a21ae6{hddsDatanode,/,file:///tmp/jetty-0_0_0_0-36473-hdds-container-service-1_2_0-SNAPSHOT_jar-_-any-910071805312834374/webapp/,AVAILABLE}{jar:file:/home/runner/.m2/repository/org/apache/ozone/hdds-container-service/1.2.0-SNAPSHOT/hdds-container-service-1.2.0-SNAPSHOT.jar!/webapps/hddsDatanode}
2021-09-01 14:11:04,429 [Listener at 127.0.0.1/45399] INFO  server.AbstractConnector (AbstractConnector.java:doStart(331)) - Started ServerConnector@39ecd3e9{HTTP/1.1, (http/1.1)}{0.0.0.0:36473}
2021-09-01 14:11:04,430 [Listener at 127.0.0.1/45399] INFO  server.Server (Server.java:doStart(415)) - Started @5998ms
2021-09-01 14:11:04,430 [Listener at 127.0.0.1/45399] WARN  impl.MetricsSystemImpl (MetricsSystemImpl.java:register(279)) - Sink prometheus already exists!
2021-09-01 14:11:04,431 [Listener at 127.0.0.1/45399] INFO  http.BaseHttpServer (BaseHttpServer.java:updateConnectorAddress(329)) - HTTP server of hddsDatanode listening at http://0.0.0.0:36473
2021-09-01 14:11:04,431 [Listener at 127.0.0.1/45399] WARN  impl.MetricRegistriesImpl (MetricRegistriesImpl.java:addReporterRegistration(111)) - New reporters are added after registries were created. Some metrics will be missing from the reporter. Please add reporter before adding any new registry.
2021-09-01 14:11:04,431 [Listener at 127.0.0.1/45399] WARN  impl.MetricRegistriesImpl (MetricRegistriesImpl.java:addReporterRegistration(111)) - New reporters are added after registries were created. Some metrics will be missing from the reporter. Please add reporter before adding any new registry.
2021-09-01 14:11:04,432 [Listener at 127.0.0.1/45399] INFO  impl.MetricsSystemImpl (MetricsSystemImpl.java:init(158)) - HddsDatanode metrics system started (again)
2021-09-01 14:11:04,444 [Listener at 127.0.0.1/45399] INFO  ozone.HddsDatanodeService (HddsDatanodeService.java:start(234)) - HddsDatanodeService host:fv-az148-824.bm4ck3pvxvsene1rjriu5fhcdb.bx.internal.cloudapp.net ip:10.1.0.27
2021-09-01 14:11:04,453 [org.apache.hadoop.util.JvmPauseMonitor$Monitor@4713c7ad] INFO  util.JvmPauseMonitor (JvmPauseMonitor.java:run(188)) - Starting JVM pause monitor
2021-09-01 14:11:04,463 [Listener at 127.0.0.1/45399] INFO  upgrade.AbstractLayoutVersionManager (AbstractLayoutVersionManager.java:init(70)) - Initializing Layout version manager with metadata layout = SCM_HA (version = 2), software layout = SCM_HA (version = 2)
2021-09-01 14:11:04,469 [Datanode State Machine Task Thread - 0] INFO  datanode.InitDatanodeState (InitDatanodeState.java:persistContainerDatanodeDetails(145)) - DatanodeDetails is persisted to /home/runner/work/ozone/ozone/hadoop-ozone/integration-test/target/test-dir/MiniOzoneClusterImpl-cc063b0d-8217-4a41-b176-f0c6278c97ab/datanode-1/meta/datanode.id
2021-09-01 14:11:04,507 [Listener at 127.0.0.1/45399] INFO  reflections.Reflections (Reflections.java:scan(232)) - Reflections took 43 ms to scan 7 urls, producing 120 keys and 275 values 
2021-09-01 14:11:04,510 [Listener at 127.0.0.1/45399] INFO  volume.HddsVolume (HddsVolume.java:<init>(120)) - Creating HddsVolume: /home/runner/work/ozone/ozone/hadoop-ozone/integration-test/target/test-dir/MiniOzoneClusterImpl-cc063b0d-8217-4a41-b176-f0c6278c97ab/datanode-2/data-0/containers/hdds of storage type : DISK capacity : 9223372036854775807
2021-09-01 14:11:04,510 [Listener at 127.0.0.1/45399] INFO  volume.MutableVolumeSet (MutableVolumeSet.java:initializeVolumeSet(181)) - Added Volume : /home/runner/work/ozone/ozone/hadoop-ozone/integration-test/target/test-dir/MiniOzoneClusterImpl-cc063b0d-8217-4a41-b176-f0c6278c97ab/datanode-2/data-0/containers/hdds to VolumeSet
2021-09-01 14:11:04,510 [Listener at 127.0.0.1/45399] INFO  volume.ThrottledAsyncChecker (ThrottledAsyncChecker.java:schedule(141)) - Scheduling a check for /home/runner/work/ozone/ozone/hadoop-ozone/integration-test/target/test-dir/MiniOzoneClusterImpl-cc063b0d-8217-4a41-b176-f0c6278c97ab/datanode-2/data-0/containers/hdds
2021-09-01 14:11:04,511 [Listener at 127.0.0.1/45399] INFO  volume.StorageVolumeChecker (StorageVolumeChecker.java:checkAllVolumes(202)) - Scheduled health check for volume /home/runner/work/ozone/ozone/hadoop-ozone/integration-test/target/test-dir/MiniOzoneClusterImpl-cc063b0d-8217-4a41-b176-f0c6278c97ab/datanode-2/data-0/containers/hdds
2021-09-01 14:11:04,524 [Listener at 127.0.0.1/45399] INFO  volume.MutableVolumeSet (MutableVolumeSet.java:initializeVolumeSet(181)) - Added Volume : /home/runner/work/ozone/ozone/hadoop-ozone/integration-test/target/test-dir/MiniOzoneClusterImpl-cc063b0d-8217-4a41-b176-f0c6278c97ab/datanode-2/data/ratis to VolumeSet
2021-09-01 14:11:04,524 [Listener at 127.0.0.1/45399] INFO  volume.ThrottledAsyncChecker (ThrottledAsyncChecker.java:schedule(141)) - Scheduling a check for /home/runner/work/ozone/ozone/hadoop-ozone/integration-test/target/test-dir/MiniOzoneClusterImpl-cc063b0d-8217-4a41-b176-f0c6278c97ab/datanode-2/data/ratis
2021-09-01 14:11:04,524 [Listener at 127.0.0.1/45399] INFO  volume.StorageVolumeChecker (StorageVolumeChecker.java:checkAllVolumes(202)) - Scheduled health check for volume /home/runner/work/ozone/ozone/hadoop-ozone/integration-test/target/test-dir/MiniOzoneClusterImpl-cc063b0d-8217-4a41-b176-f0c6278c97ab/datanode-2/data/ratis
2021-09-01 14:11:04,536 [Listener at 127.0.0.1/45399] INFO  ozoneimpl.ContainerReader (ContainerReader.java:<init>(98)) - Running in upgrade mode:true
2021-09-01 14:11:04,536 [Thread-154] INFO  ozoneimpl.ContainerReader (ContainerReader.java:readVolume(142)) - Start to verify containers on volume /home/runner/work/ozone/ozone/hadoop-ozone/integration-test/target/test-dir/MiniOzoneClusterImpl-cc063b0d-8217-4a41-b176-f0c6278c97ab/datanode-2/data-0/containers/hdds
2021-09-01 14:11:04,536 [Thread-154] INFO  ozoneimpl.ContainerReader (ContainerReader.java:readVolume(174)) - Finish verifying containers on volume /home/runner/work/ozone/ozone/hadoop-ozone/integration-test/target/test-dir/MiniOzoneClusterImpl-cc063b0d-8217-4a41-b176-f0c6278c97ab/datanode-2/data-0/containers/hdds
2021-09-01 14:11:04,537 [Listener at 127.0.0.1/45399] INFO  ozoneimpl.OzoneContainer (OzoneContainer.java:buildContainerSet(237)) - Build ContainerSet costs 0s
2021-09-01 14:11:04,540 [Listener at 127.0.0.1/45399] INFO  server.RaftServer (ConfUtils.java:logGet(44)) - raft.rpc.type = GRPC (default)
2021-09-01 14:11:04,540 [Listener at 127.0.0.1/45399] INFO  grpc.GrpcFactory (GrpcFactory.java:checkPooledByteBufAllocatorUseCacheForAllThreads(48)) - PERFORMANCE WARNING: useCacheForAllThreads is true that may cause Netty to create a lot garbage objects and, as a result, trigger GC.
	It is recommended to disable useCacheForAllThreads by setting -Dorg.apache.ratis.thirdparty.io.netty.allocator.useCacheForAllThreads=false in command line.
2021-09-01 14:11:04,540 [Listener at 127.0.0.1/45399] INFO  grpc.GrpcConfigKeys (ConfUtils.java:logGet(44)) - raft.grpc.admin.port = 0 (custom)
2021-09-01 14:11:04,540 [Listener at 127.0.0.1/45399] INFO  grpc.GrpcConfigKeys (ConfUtils.java:logGet(44)) - raft.grpc.client.port = 0 (custom)
2021-09-01 14:11:04,540 [Listener at 127.0.0.1/45399] INFO  grpc.GrpcConfigKeys (ConfUtils.java:logGet(44)) - raft.grpc.server.port = 0 (default)
2021-09-01 14:11:04,540 [Listener at 127.0.0.1/45399] INFO  server.GrpcService (ConfUtils.java:logGet(44)) - raft.grpc.message.size.max = 32MB (=33554432) (custom)
2021-09-01 14:11:04,540 [Listener at 127.0.0.1/45399] INFO  server.RaftServerConfigKeys (ConfUtils.java:logGet(44)) - raft.server.log.appender.buffer.byte-limit = 33554432 (custom)
2021-09-01 14:11:04,540 [Listener at 127.0.0.1/45399] INFO  server.GrpcService (ConfUtils.java:logGet(44)) - raft.grpc.flow.control.window = 5MB (=5242880) (custom)
2021-09-01 14:11:04,540 [Listener at 127.0.0.1/45399] INFO  server.RaftServerConfigKeys (ConfUtils.java:logGet(44)) - raft.server.rpc.request.timeout = 60s (custom)
2021-09-01 14:11:04,541 [Listener at 127.0.0.1/45399] INFO  impl.DataStreamServerImpl (ConfUtils.java:logGet(44)) - raft.datastream.type = DISABLED (default)
2021-09-01 14:11:04,542 [Listener at 127.0.0.1/45399] INFO  server.RaftServerConfigKeys (ConfUtils.java:logGet(44)) - raft.server.rpc.slowness.timeout = 300s (custom)
2021-09-01 14:11:04,542 [Listener at 127.0.0.1/45399] INFO  server.RaftServerConfigKeys (ConfUtils.java:logGet(44)) - raft.server.leaderelection.leader.step-down.wait-time = 10s (default)
2021-09-01 14:11:04,542 [Listener at 127.0.0.1/45399] INFO  server.RaftServerConfigKeys (ConfUtils.java:logGet(44)) - raft.server.storage.dir = [/home/runner/work/ozone/ozone/hadoop-ozone/integration-test/target/test-dir/MiniOzoneClusterImpl-cc063b0d-8217-4a41-b176-f0c6278c97ab/datanode-2/data/ratis] (custom)
2021-09-01 14:11:04,551 [Listener at 127.0.0.1/45399] INFO  http.BaseHttpServer (BaseHttpServer.java:newHttpServer2BuilderForOzone(209)) - Starting Web-server for hddsDatanode at: http://0.0.0.0:0
2021-09-01 14:11:04,551 [Listener at 127.0.0.1/45399] INFO  http.BaseHttpServer (BaseHttpServer.java:<init>(107)) - Hadoop Security Enabled: false Ozone Security Enabled: false Ozone HTTP Security Enabled: false 
2021-09-01 14:11:04,552 [Listener at 127.0.0.1/45399] INFO  server.AuthenticationFilter (AuthenticationFilter.java:constructSecretProvider(240)) - Unable to initialize FileSignerSecretProvider, falling back to use random secrets.
2021-09-01 14:11:04,553 [Listener at 127.0.0.1/45399] WARN  http.HttpRequestLog (HttpRequestLog.java:getRequestLog(103)) - Jetty request log can only be enabled using Log4j
2021-09-01 14:11:04,554 [Listener at 127.0.0.1/45399] INFO  http.HttpServer2 (HttpServer2.java:addGlobalFilter(1030)) - Added global filter 'safety' (class=org.apache.hadoop.hdds.server.http.HttpServer2$QuotingInputFilter)
2021-09-01 14:11:04,554 [Listener at 127.0.0.1/45399] INFO  http.HttpServer2 (HttpServer2.java:addFilter(1006)) - Added filter static_user_filter (class=org.apache.hadoop.http.lib.StaticUserWebFilter$StaticUserFilter) to context hddsDatanode
2021-09-01 14:11:04,555 [Listener at 127.0.0.1/45399] INFO  http.HttpServer2 (HttpServer2.java:addFilter(1014)) - Added filter static_user_filter (class=org.apache.hadoop.http.lib.StaticUserWebFilter$StaticUserFilter) to context static
2021-09-01 14:11:04,555 [Listener at 127.0.0.1/45399] INFO  http.HttpServer2 (HttpServer2.java:addFilter(1014)) - Added filter static_user_filter (class=org.apache.hadoop.http.lib.StaticUserWebFilter$StaticUserFilter) to context logs
2021-09-01 14:11:04,555 [Listener at 127.0.0.1/45399] INFO  http.HttpServer2 (HttpServer2.java:bindListener(1249)) - Jetty bound to port 43567
2021-09-01 14:11:04,555 [Listener at 127.0.0.1/45399] INFO  server.Server (Server.java:doStart(375)) - jetty-9.4.43.v20210629; built: 2021-06-30T11:07:22.254Z; git: 526006ecfa3af7f1a27ef3a288e2bef7ea9dd7e8; jvm 1.8.0_292-b10
2021-09-01 14:11:04,559 [Listener at 127.0.0.1/45399] INFO  server.session (DefaultSessionIdManager.java:doStart(334)) - DefaultSessionIdManager workerName=node0
2021-09-01 14:11:04,559 [Listener at 127.0.0.1/45399] INFO  server.session (DefaultSessionIdManager.java:doStart(339)) - No SessionScavenger set, using defaults
2021-09-01 14:11:04,559 [Listener at 127.0.0.1/45399] INFO  server.session (HouseKeeper.java:startScavenging(132)) - node0 Scavenging every 600000ms
2021-09-01 14:11:04,561 [Listener at 127.0.0.1/45399] INFO  handler.ContextHandler (ContextHandler.java:doStart(915)) - Started o.e.j.s.ServletContextHandler@202af147{logs,/logs,file:///home/runner/work/ozone/ozone/hadoop-ozone/integration-test/target/log,AVAILABLE}
2021-09-01 14:11:04,561 [Listener at 127.0.0.1/45399] INFO  handler.ContextHandler (ContextHandler.java:doStart(915)) - Started o.e.j.s.ServletContextHandler@309e81ae{static,/static,jar:file:/home/runner/.m2/repository/org/apache/ozone/hdds-container-service/1.2.0-SNAPSHOT/hdds-container-service-1.2.0-SNAPSHOT.jar!/webapps/static,AVAILABLE}
2021-09-01 14:11:04,596 [om1@group-C5BA1605619E-FollowerState] INFO  impl.FollowerState (FollowerState.java:run(134)) - om1@group-C5BA1605619E-FollowerState: change to CANDIDATE, lastRpcElapsedTime:1090784198ns, electionTimeout:1069ms
2021-09-01 14:11:04,597 [om1@group-C5BA1605619E-FollowerState] INFO  impl.RoleInfo (RoleInfo.java:shutdownFollowerState(108)) - om1: shutdown om1@group-C5BA1605619E-FollowerState
2021-09-01 14:11:04,597 [om1@group-C5BA1605619E-FollowerState] INFO  server.RaftServer$Division (RaftServerImpl.java:setRole(285)) - om1@group-C5BA1605619E: changes role from  FOLLOWER to CANDIDATE at term 0 for changeToCandidate
2021-09-01 14:11:04,600 [om1@group-C5BA1605619E-FollowerState] INFO  server.RaftServerConfigKeys (ConfUtils.java:logGet(44)) - raft.server.leaderelection.pre-vote = false (custom)
2021-09-01 14:11:04,600 [om1@group-C5BA1605619E-FollowerState] INFO  impl.RoleInfo (RoleInfo.java:updateAndGet(130)) - om1: start om1@group-C5BA1605619E-LeaderElection1
2021-09-01 14:11:04,615 [om1@group-C5BA1605619E-LeaderElection1] INFO  impl.LeaderElection (LeaderElection.java:askForVotes(306)) - om1@group-C5BA1605619E-LeaderElection1 ELECTION round 0: submit vote requests at term 1 for -1: [om1|rpc:localhost:40231|priority:0], old=null
2021-09-01 14:11:04,630 [Listener at 127.0.0.1/45399] INFO  handler.ContextHandler (ContextHandler.java:doStart(915)) - Started o.e.j.w.WebAppContext@5c219cbb{hddsDatanode,/,file:///tmp/jetty-0_0_0_0-43567-hdds-container-service-1_2_0-SNAPSHOT_jar-_-any-8854338942186985732/webapp/,AVAILABLE}{jar:file:/home/runner/.m2/repository/org/apache/ozone/hdds-container-service/1.2.0-SNAPSHOT/hdds-container-service-1.2.0-SNAPSHOT.jar!/webapps/hddsDatanode}
2021-09-01 14:11:04,630 [om1@group-C5BA1605619E-LeaderElection1] INFO  impl.LeaderElection (LeaderElection.java:askForVotes(308)) - om1@group-C5BA1605619E-LeaderElection1 ELECTION round 0: result PASSED (term=1)
2021-09-01 14:11:04,632 [om1@group-C5BA1605619E-LeaderElection1] INFO  impl.RoleInfo (RoleInfo.java:shutdownLeaderElection(121)) - om1: shutdown om1@group-C5BA1605619E-LeaderElection1
2021-09-01 14:11:04,633 [om1@group-C5BA1605619E-LeaderElection1] INFO  server.RaftServer$Division (RaftServerImpl.java:setRole(285)) - om1@group-C5BA1605619E: changes role from CANDIDATE to LEADER at term 1 for changeToLeader
2021-09-01 14:11:04,633 [om1@group-C5BA1605619E-LeaderElection1] INFO  server.RaftServer$Division (ServerState.java:setLeader(285)) - om1@group-C5BA1605619E: change Leader from null to om1 at term 1 for becomeLeader, leader elected after 1239ms
2021-09-01 14:11:04,632 [Listener at 127.0.0.1/45399] INFO  server.AbstractConnector (AbstractConnector.java:doStart(331)) - Started ServerConnector@2e0cc38c{HTTP/1.1, (http/1.1)}{0.0.0.0:43567}
2021-09-01 14:11:04,634 [Listener at 127.0.0.1/45399] INFO  server.Server (Server.java:doStart(415)) - Started @6202ms
2021-09-01 14:11:04,635 [Listener at 127.0.0.1/45399] WARN  impl.MetricsSystemImpl (MetricsSystemImpl.java:register(279)) - Sink prometheus already exists!
2021-09-01 14:11:04,635 [Listener at 127.0.0.1/45399] INFO  http.BaseHttpServer (BaseHttpServer.java:updateConnectorAddress(329)) - HTTP server of hddsDatanode listening at http://0.0.0.0:43567
2021-09-01 14:11:04,645 [Listener at 127.0.0.1/45399] WARN  impl.MetricRegistriesImpl (MetricRegistriesImpl.java:addReporterRegistration(111)) - New reporters are added after registries were created. Some metrics will be missing from the reporter. Please add reporter before adding any new registry.
2021-09-01 14:11:04,645 [Listener at 127.0.0.1/45399] WARN  impl.MetricRegistriesImpl (MetricRegistriesImpl.java:addReporterRegistration(111)) - New reporters are added after registries were created. Some metrics will be missing from the reporter. Please add reporter before adding any new registry.
2021-09-01 14:11:04,645 [Listener at 127.0.0.1/45399] INFO  impl.MetricsSystemImpl (MetricsSystemImpl.java:init(158)) - HddsDatanode metrics system started (again)
2021-09-01 14:11:04,649 [om1@group-C5BA1605619E-LeaderElection1] INFO  server.RaftServerConfigKeys (ConfUtils.java:logGet(44)) - raft.server.staging.catchup.gap = 1000 (default)
2021-09-01 14:11:04,658 [om1@group-C5BA1605619E-LeaderElection1] INFO  server.RaftServerConfigKeys (ConfUtils.java:logGet(44)) - raft.server.write.element-limit = 4096 (default)
2021-09-01 14:11:04,659 [om1@group-C5BA1605619E-LeaderElection1] INFO  server.RaftServerConfigKeys (ConfUtils.java:logGet(44)) - raft.server.write.byte-limit = 64MB (=67108864) (default)
2021-09-01 14:11:04,667 [om1@group-C5BA1605619E-LeaderElection1] INFO  server.RaftServerConfigKeys (ConfUtils.java:logGet(44)) - raft.server.watch.timeout = 10s (default)
2021-09-01 14:11:04,667 [om1@group-C5BA1605619E-LeaderElection1] INFO  server.RaftServerConfigKeys (ConfUtils.java:logGet(44)) - raft.server.watch.timeout.denomination = 1s (default)
2021-09-01 14:11:04,668 [om1@group-C5BA1605619E-LeaderElection1] INFO  server.RaftServerConfigKeys (ConfUtils.java:logGet(44)) - raft.server.watch.element-limit = 65536 (default)
2021-09-01 14:11:04,669 [Listener at 127.0.0.1/45399] INFO  ozone.HddsDatanodeService (HddsDatanodeService.java:start(234)) - HddsDatanodeService host:fv-az148-824.bm4ck3pvxvsene1rjriu5fhcdb.bx.internal.cloudapp.net ip:10.1.0.27
2021-09-01 14:11:04,673 [om1@group-C5BA1605619E-LeaderElection1] INFO  impl.RoleInfo (RoleInfo.java:updateAndGet(130)) - om1: start om1@group-C5BA1605619E-LeaderStateImpl
2021-09-01 14:11:04,827 [Listener at 127.0.0.1/45399] INFO  upgrade.AbstractLayoutVersionManager (AbstractLayoutVersionManager.java:init(70)) - Initializing Layout version manager with metadata layout = SCM_HA (version = 2), software layout = SCM_HA (version = 2)
2021-09-01 14:11:04,837 [org.apache.hadoop.util.JvmPauseMonitor$Monitor@1eb5b977] INFO  util.JvmPauseMonitor (JvmPauseMonitor.java:run(188)) - Starting JVM pause monitor
2021-09-01 14:11:04,847 [Datanode State Machine Task Thread - 0] INFO  datanode.InitDatanodeState (InitDatanodeState.java:persistContainerDatanodeDetails(145)) - DatanodeDetails is persisted to /home/runner/work/ozone/ozone/hadoop-ozone/integration-test/target/test-dir/MiniOzoneClusterImpl-cc063b0d-8217-4a41-b176-f0c6278c97ab/datanode-2/meta/datanode.id
2021-09-01 14:11:04,862 [Listener at 127.0.0.1/45399] INFO  reflections.Reflections (Reflections.java:scan(232)) - Reflections took 34 ms to scan 7 urls, producing 120 keys and 275 values 
2021-09-01 14:11:04,864 [Listener at 127.0.0.1/45399] INFO  volume.HddsVolume (HddsVolume.java:<init>(120)) - Creating HddsVolume: /home/runner/work/ozone/ozone/hadoop-ozone/integration-test/target/test-dir/MiniOzoneClusterImpl-cc063b0d-8217-4a41-b176-f0c6278c97ab/datanode-3/data-0/containers/hdds of storage type : DISK capacity : 9223372036854775807
2021-09-01 14:11:04,865 [Listener at 127.0.0.1/45399] INFO  volume.MutableVolumeSet (MutableVolumeSet.java:initializeVolumeSet(181)) - Added Volume : /home/runner/work/ozone/ozone/hadoop-ozone/integration-test/target/test-dir/MiniOzoneClusterImpl-cc063b0d-8217-4a41-b176-f0c6278c97ab/datanode-3/data-0/containers/hdds to VolumeSet
2021-09-01 14:11:04,865 [Listener at 127.0.0.1/45399] INFO  volume.ThrottledAsyncChecker (ThrottledAsyncChecker.java:schedule(141)) - Scheduling a check for /home/runner/work/ozone/ozone/hadoop-ozone/integration-test/target/test-dir/MiniOzoneClusterImpl-cc063b0d-8217-4a41-b176-f0c6278c97ab/datanode-3/data-0/containers/hdds
2021-09-01 14:11:04,865 [Listener at 127.0.0.1/45399] INFO  volume.StorageVolumeChecker (StorageVolumeChecker.java:checkAllVolumes(202)) - Scheduled health check for volume /home/runner/work/ozone/ozone/hadoop-ozone/integration-test/target/test-dir/MiniOzoneClusterImpl-cc063b0d-8217-4a41-b176-f0c6278c97ab/datanode-3/data-0/containers/hdds
2021-09-01 14:11:04,876 [Listener at 127.0.0.1/45399] INFO  volume.MutableVolumeSet (MutableVolumeSet.java:initializeVolumeSet(181)) - Added Volume : /home/runner/work/ozone/ozone/hadoop-ozone/integration-test/target/test-dir/MiniOzoneClusterImpl-cc063b0d-8217-4a41-b176-f0c6278c97ab/datanode-3/data/ratis to VolumeSet
2021-09-01 14:11:04,877 [Listener at 127.0.0.1/45399] INFO  volume.ThrottledAsyncChecker (ThrottledAsyncChecker.java:schedule(141)) - Scheduling a check for /home/runner/work/ozone/ozone/hadoop-ozone/integration-test/target/test-dir/MiniOzoneClusterImpl-cc063b0d-8217-4a41-b176-f0c6278c97ab/datanode-3/data/ratis
2021-09-01 14:11:04,877 [Listener at 127.0.0.1/45399] INFO  volume.StorageVolumeChecker (StorageVolumeChecker.java:checkAllVolumes(202)) - Scheduled health check for volume /home/runner/work/ozone/ozone/hadoop-ozone/integration-test/target/test-dir/MiniOzoneClusterImpl-cc063b0d-8217-4a41-b176-f0c6278c97ab/datanode-3/data/ratis
2021-09-01 14:11:04,883 [om1@group-C5BA1605619E-LeaderElection1] INFO  segmented.SegmentedRaftLogWorker (SegmentedRaftLogWorker.java:startLogSegment(394)) - om1@group-C5BA1605619E-SegmentedRaftLogWorker: Starting segment from index:0
2021-09-01 14:11:04,915 [Listener at 127.0.0.1/45399] INFO  ozoneimpl.ContainerReader (ContainerReader.java:<init>(98)) - Running in upgrade mode:true
2021-09-01 14:11:04,930 [Thread-168] INFO  ozoneimpl.ContainerReader (ContainerReader.java:readVolume(142)) - Start to verify containers on volume /home/runner/work/ozone/ozone/hadoop-ozone/integration-test/target/test-dir/MiniOzoneClusterImpl-cc063b0d-8217-4a41-b176-f0c6278c97ab/datanode-3/data-0/containers/hdds
2021-09-01 14:11:04,930 [Thread-168] INFO  ozoneimpl.ContainerReader (ContainerReader.java:readVolume(174)) - Finish verifying containers on volume /home/runner/work/ozone/ozone/hadoop-ozone/integration-test/target/test-dir/MiniOzoneClusterImpl-cc063b0d-8217-4a41-b176-f0c6278c97ab/datanode-3/data-0/containers/hdds
2021-09-01 14:11:04,933 [Listener at 127.0.0.1/45399] INFO  ozoneimpl.OzoneContainer (OzoneContainer.java:buildContainerSet(237)) - Build ContainerSet costs 0s
2021-09-01 14:11:04,936 [Listener at 127.0.0.1/45399] INFO  server.RaftServer (ConfUtils.java:logGet(44)) - raft.rpc.type = GRPC (default)
2021-09-01 14:11:04,936 [Listener at 127.0.0.1/45399] INFO  grpc.GrpcFactory (GrpcFactory.java:checkPooledByteBufAllocatorUseCacheForAllThreads(48)) - PERFORMANCE WARNING: useCacheForAllThreads is true that may cause Netty to create a lot garbage objects and, as a result, trigger GC.
	It is recommended to disable useCacheForAllThreads by setting -Dorg.apache.ratis.thirdparty.io.netty.allocator.useCacheForAllThreads=false in command line.
2021-09-01 14:11:04,936 [Listener at 127.0.0.1/45399] INFO  grpc.GrpcConfigKeys (ConfUtils.java:logGet(44)) - raft.grpc.admin.port = 0 (custom)
2021-09-01 14:11:04,936 [Listener at 127.0.0.1/45399] INFO  grpc.GrpcConfigKeys (ConfUtils.java:logGet(44)) - raft.grpc.client.port = 0 (custom)
2021-09-01 14:11:04,936 [Listener at 127.0.0.1/45399] INFO  grpc.GrpcConfigKeys (ConfUtils.java:logGet(44)) - raft.grpc.server.port = 0 (default)
2021-09-01 14:11:04,936 [Listener at 127.0.0.1/45399] INFO  server.GrpcService (ConfUtils.java:logGet(44)) - raft.grpc.message.size.max = 32MB (=33554432) (custom)
2021-09-01 14:11:04,936 [Listener at 127.0.0.1/45399] INFO  server.RaftServerConfigKeys (ConfUtils.java:logGet(44)) - raft.server.log.appender.buffer.byte-limit = 33554432 (custom)
2021-09-01 14:11:04,936 [Listener at 127.0.0.1/45399] INFO  server.GrpcService (ConfUtils.java:logGet(44)) - raft.grpc.flow.control.window = 5MB (=5242880) (custom)
2021-09-01 14:11:04,937 [Listener at 127.0.0.1/45399] INFO  server.RaftServerConfigKeys (ConfUtils.java:logGet(44)) - raft.server.rpc.request.timeout = 60s (custom)
2021-09-01 14:11:04,937 [Listener at 127.0.0.1/45399] INFO  impl.DataStreamServerImpl (ConfUtils.java:logGet(44)) - raft.datastream.type = DISABLED (default)
2021-09-01 14:11:04,938 [Listener at 127.0.0.1/45399] INFO  server.RaftServerConfigKeys (ConfUtils.java:logGet(44)) - raft.server.rpc.slowness.timeout = 300s (custom)
2021-09-01 14:11:04,938 [Listener at 127.0.0.1/45399] INFO  server.RaftServerConfigKeys (ConfUtils.java:logGet(44)) - raft.server.leaderelection.leader.step-down.wait-time = 10s (default)
2021-09-01 14:11:04,938 [Listener at 127.0.0.1/45399] INFO  server.RaftServerConfigKeys (ConfUtils.java:logGet(44)) - raft.server.storage.dir = [/home/runner/work/ozone/ozone/hadoop-ozone/integration-test/target/test-dir/MiniOzoneClusterImpl-cc063b0d-8217-4a41-b176-f0c6278c97ab/datanode-3/data/ratis] (custom)
2021-09-01 14:11:04,943 [om1@group-C5BA1605619E-LeaderElection1] INFO  server.RaftServer$Division (ServerState.java:setRaftConf(387)) - om1@group-C5BA1605619E: set configuration 0: [om1|rpc:localhost:40231|admin:|client:|dataStream:|priority:0], old=null
2021-09-01 14:11:04,945 [Listener at 127.0.0.1/45399] INFO  http.BaseHttpServer (BaseHttpServer.java:newHttpServer2BuilderForOzone(209)) - Starting Web-server for hddsDatanode at: http://0.0.0.0:0
2021-09-01 14:11:04,946 [Listener at 127.0.0.1/45399] INFO  http.BaseHttpServer (BaseHttpServer.java:<init>(107)) - Hadoop Security Enabled: false Ozone Security Enabled: false Ozone HTTP Security Enabled: false 
2021-09-01 14:11:04,947 [Listener at 127.0.0.1/45399] INFO  server.AuthenticationFilter (AuthenticationFilter.java:constructSecretProvider(240)) - Unable to initialize FileSignerSecretProvider, falling back to use random secrets.
2021-09-01 14:11:04,951 [Listener at 127.0.0.1/45399] WARN  http.HttpRequestLog (HttpRequestLog.java:getRequestLog(103)) - Jetty request log can only be enabled using Log4j
2021-09-01 14:11:04,952 [Listener at 127.0.0.1/45399] INFO  http.HttpServer2 (HttpServer2.java:addGlobalFilter(1030)) - Added global filter 'safety' (class=org.apache.hadoop.hdds.server.http.HttpServer2$QuotingInputFilter)
2021-09-01 14:11:04,953 [Listener at 127.0.0.1/45399] INFO  http.HttpServer2 (HttpServer2.java:addFilter(1006)) - Added filter static_user_filter (class=org.apache.hadoop.http.lib.StaticUserWebFilter$StaticUserFilter) to context hddsDatanode
2021-09-01 14:11:04,953 [Listener at 127.0.0.1/45399] INFO  http.HttpServer2 (HttpServer2.java:addFilter(1014)) - Added filter static_user_filter (class=org.apache.hadoop.http.lib.StaticUserWebFilter$StaticUserFilter) to context static
2021-09-01 14:11:04,953 [Listener at 127.0.0.1/45399] INFO  http.HttpServer2 (HttpServer2.java:addFilter(1014)) - Added filter static_user_filter (class=org.apache.hadoop.http.lib.StaticUserWebFilter$StaticUserFilter) to context logs
2021-09-01 14:11:04,954 [Listener at 127.0.0.1/45399] INFO  http.HttpServer2 (HttpServer2.java:bindListener(1249)) - Jetty bound to port 37453
2021-09-01 14:11:04,954 [Listener at 127.0.0.1/45399] INFO  server.Server (Server.java:doStart(375)) - jetty-9.4.43.v20210629; built: 2021-06-30T11:07:22.254Z; git: 526006ecfa3af7f1a27ef3a288e2bef7ea9dd7e8; jvm 1.8.0_292-b10
2021-09-01 14:11:04,966 [Listener at 127.0.0.1/45399] INFO  server.session (DefaultSessionIdManager.java:doStart(334)) - DefaultSessionIdManager workerName=node0
2021-09-01 14:11:04,966 [Listener at 127.0.0.1/45399] INFO  server.session (DefaultSessionIdManager.java:doStart(339)) - No SessionScavenger set, using defaults
2021-09-01 14:11:04,967 [Listener at 127.0.0.1/45399] INFO  server.session (HouseKeeper.java:startScavenging(132)) - node0 Scavenging every 660000ms
2021-09-01 14:11:04,967 [Listener at 127.0.0.1/45399] INFO  handler.ContextHandler (ContextHandler.java:doStart(915)) - Started o.e.j.s.ServletContextHandler@253d4a82{logs,/logs,file:///home/runner/work/ozone/ozone/hadoop-ozone/integration-test/target/log,AVAILABLE}
2021-09-01 14:11:04,968 [Listener at 127.0.0.1/45399] INFO  handler.ContextHandler (ContextHandler.java:doStart(915)) - Started o.e.j.s.ServletContextHandler@28bde80c{static,/static,jar:file:/home/runner/.m2/repository/org/apache/ozone/hdds-container-service/1.2.0-SNAPSHOT/hdds-container-service-1.2.0-SNAPSHOT.jar!/webapps/static,AVAILABLE}
2021-09-01 14:11:04,985 [ReplicationMonitor] INFO  container.ReplicationManager (ReplicationManager.java:processAll(359)) - Replication Monitor Thread took 0 milliseconds for processing 0 containers.
2021-09-01 14:11:04,992 [om1@group-C5BA1605619E-SegmentedRaftLogWorker] INFO  segmented.SegmentedRaftLogWorker (SegmentedRaftLogWorker.java:execute(601)) - om1@group-C5BA1605619E-SegmentedRaftLogWorker: created new log segment /home/runner/work/ozone/ozone/hadoop-ozone/integration-test/target/test-dir/MiniOzoneClusterImpl-cc063b0d-8217-4a41-b176-f0c6278c97ab/ozone-meta/ratis/bf265839-605b-3f16-9796-c5ba1605619e/current/log_inprogress_0
2021-09-01 14:11:05,021 [Listener at 127.0.0.1/45399] INFO  handler.ContextHandler (ContextHandler.java:doStart(915)) - Started o.e.j.w.WebAppContext@66df87bd{hddsDatanode,/,file:///tmp/jetty-0_0_0_0-37453-hdds-container-service-1_2_0-SNAPSHOT_jar-_-any-8270604524535768110/webapp/,AVAILABLE}{jar:file:/home/runner/.m2/repository/org/apache/ozone/hdds-container-service/1.2.0-SNAPSHOT/hdds-container-service-1.2.0-SNAPSHOT.jar!/webapps/hddsDatanode}
2021-09-01 14:11:05,024 [Listener at 127.0.0.1/45399] INFO  server.AbstractConnector (AbstractConnector.java:doStart(331)) - Started ServerConnector@245a0a38{HTTP/1.1, (http/1.1)}{0.0.0.0:37453}
2021-09-01 14:11:05,024 [Listener at 127.0.0.1/45399] INFO  server.Server (Server.java:doStart(415)) - Started @6591ms
2021-09-01 14:11:05,024 [Listener at 127.0.0.1/45399] WARN  impl.MetricsSystemImpl (MetricsSystemImpl.java:register(279)) - Sink prometheus already exists!
2021-09-01 14:11:05,024 [Listener at 127.0.0.1/45399] INFO  http.BaseHttpServer (BaseHttpServer.java:updateConnectorAddress(329)) - HTTP server of hddsDatanode listening at http://0.0.0.0:37453
2021-09-01 14:11:05,030 [Listener at 127.0.0.1/45399] WARN  impl.MetricRegistriesImpl (MetricRegistriesImpl.java:addReporterRegistration(111)) - New reporters are added after registries were created. Some metrics will be missing from the reporter. Please add reporter before adding any new registry.
2021-09-01 14:11:05,030 [Listener at 127.0.0.1/45399] WARN  impl.MetricRegistriesImpl (MetricRegistriesImpl.java:addReporterRegistration(111)) - New reporters are added after registries were created. Some metrics will be missing from the reporter. Please add reporter before adding any new registry.
2021-09-01 14:11:05,030 [Listener at 127.0.0.1/45399] INFO  impl.MetricsSystemImpl (MetricsSystemImpl.java:init(158)) - HddsDatanode metrics system started (again)
2021-09-01 14:11:05,050 [Listener at 127.0.0.1/45399] INFO  ozone.HddsDatanodeService (HddsDatanodeService.java:start(234)) - HddsDatanodeService host:fv-az148-824.bm4ck3pvxvsene1rjriu5fhcdb.bx.internal.cloudapp.net ip:10.1.0.27
2021-09-01 14:11:05,067 [org.apache.hadoop.util.JvmPauseMonitor$Monitor@2ec075ad] INFO  util.JvmPauseMonitor (JvmPauseMonitor.java:run(188)) - Starting JVM pause monitor
2021-09-01 14:11:05,077 [Listener at 127.0.0.1/45399] INFO  upgrade.AbstractLayoutVersionManager (AbstractLayoutVersionManager.java:init(70)) - Initializing Layout version manager with metadata layout = SCM_HA (version = 2), software layout = SCM_HA (version = 2)
2021-09-01 14:11:05,083 [Datanode State Machine Task Thread - 0] INFO  datanode.InitDatanodeState (InitDatanodeState.java:persistContainerDatanodeDetails(145)) - DatanodeDetails is persisted to /home/runner/work/ozone/ozone/hadoop-ozone/integration-test/target/test-dir/MiniOzoneClusterImpl-cc063b0d-8217-4a41-b176-f0c6278c97ab/datanode-3/meta/datanode.id
2021-09-01 14:11:05,114 [Listener at 127.0.0.1/45399] INFO  reflections.Reflections (Reflections.java:scan(232)) - Reflections took 36 ms to scan 7 urls, producing 120 keys and 275 values 
2021-09-01 14:11:05,109 [om1@group-C5BA1605619E-StateMachineUpdater] INFO  ratis.OzoneManagerStateMachine (OzoneManagerStateMachine.java:notifyConfigurationChanged(188)) - Received Configuration change notification from Ratis. New Peer list:
[id: "om1"
address: "localhost:40231"
]
2021-09-01 14:11:05,121 [Listener at 127.0.0.1/45399] INFO  volume.HddsVolume (HddsVolume.java:<init>(120)) - Creating HddsVolume: /home/runner/work/ozone/ozone/hadoop-ozone/integration-test/target/test-dir/MiniOzoneClusterImpl-cc063b0d-8217-4a41-b176-f0c6278c97ab/datanode-4/data-0/containers/hdds of storage type : DISK capacity : 9223372036854775807
2021-09-01 14:11:05,122 [Listener at 127.0.0.1/45399] INFO  volume.MutableVolumeSet (MutableVolumeSet.java:initializeVolumeSet(181)) - Added Volume : /home/runner/work/ozone/ozone/hadoop-ozone/integration-test/target/test-dir/MiniOzoneClusterImpl-cc063b0d-8217-4a41-b176-f0c6278c97ab/datanode-4/data-0/containers/hdds to VolumeSet
2021-09-01 14:11:05,122 [Listener at 127.0.0.1/45399] INFO  volume.ThrottledAsyncChecker (ThrottledAsyncChecker.java:schedule(141)) - Scheduling a check for /home/runner/work/ozone/ozone/hadoop-ozone/integration-test/target/test-dir/MiniOzoneClusterImpl-cc063b0d-8217-4a41-b176-f0c6278c97ab/datanode-4/data-0/containers/hdds
2021-09-01 14:11:05,123 [Listener at 127.0.0.1/45399] INFO  volume.StorageVolumeChecker (StorageVolumeChecker.java:checkAllVolumes(202)) - Scheduled health check for volume /home/runner/work/ozone/ozone/hadoop-ozone/integration-test/target/test-dir/MiniOzoneClusterImpl-cc063b0d-8217-4a41-b176-f0c6278c97ab/datanode-4/data-0/containers/hdds
2021-09-01 14:11:05,134 [Listener at 127.0.0.1/45399] INFO  volume.MutableVolumeSet (MutableVolumeSet.java:initializeVolumeSet(181)) - Added Volume : /home/runner/work/ozone/ozone/hadoop-ozone/integration-test/target/test-dir/MiniOzoneClusterImpl-cc063b0d-8217-4a41-b176-f0c6278c97ab/datanode-4/data/ratis to VolumeSet
2021-09-01 14:11:05,134 [Listener at 127.0.0.1/45399] INFO  volume.ThrottledAsyncChecker (ThrottledAsyncChecker.java:schedule(141)) - Scheduling a check for /home/runner/work/ozone/ozone/hadoop-ozone/integration-test/target/test-dir/MiniOzoneClusterImpl-cc063b0d-8217-4a41-b176-f0c6278c97ab/datanode-4/data/ratis
2021-09-01 14:11:05,134 [Listener at 127.0.0.1/45399] INFO  volume.StorageVolumeChecker (StorageVolumeChecker.java:checkAllVolumes(202)) - Scheduled health check for volume /home/runner/work/ozone/ozone/hadoop-ozone/integration-test/target/test-dir/MiniOzoneClusterImpl-cc063b0d-8217-4a41-b176-f0c6278c97ab/datanode-4/data/ratis
2021-09-01 14:11:05,148 [Listener at 127.0.0.1/45399] INFO  ozoneimpl.ContainerReader (ContainerReader.java:<init>(98)) - Running in upgrade mode:true
2021-09-01 14:11:05,149 [Thread-180] INFO  ozoneimpl.ContainerReader (ContainerReader.java:readVolume(142)) - Start to verify containers on volume /home/runner/work/ozone/ozone/hadoop-ozone/integration-test/target/test-dir/MiniOzoneClusterImpl-cc063b0d-8217-4a41-b176-f0c6278c97ab/datanode-4/data-0/containers/hdds
2021-09-01 14:11:05,149 [Thread-180] INFO  ozoneimpl.ContainerReader (ContainerReader.java:readVolume(174)) - Finish verifying containers on volume /home/runner/work/ozone/ozone/hadoop-ozone/integration-test/target/test-dir/MiniOzoneClusterImpl-cc063b0d-8217-4a41-b176-f0c6278c97ab/datanode-4/data-0/containers/hdds
2021-09-01 14:11:05,149 [Listener at 127.0.0.1/45399] INFO  ozoneimpl.OzoneContainer (OzoneContainer.java:buildContainerSet(237)) - Build ContainerSet costs 0s
2021-09-01 14:11:05,152 [Listener at 127.0.0.1/45399] INFO  server.RaftServer (ConfUtils.java:logGet(44)) - raft.rpc.type = GRPC (default)
2021-09-01 14:11:05,152 [Listener at 127.0.0.1/45399] INFO  grpc.GrpcFactory (GrpcFactory.java:checkPooledByteBufAllocatorUseCacheForAllThreads(48)) - PERFORMANCE WARNING: useCacheForAllThreads is true that may cause Netty to create a lot garbage objects and, as a result, trigger GC.
	It is recommended to disable useCacheForAllThreads by setting -Dorg.apache.ratis.thirdparty.io.netty.allocator.useCacheForAllThreads=false in command line.
2021-09-01 14:11:05,152 [Listener at 127.0.0.1/45399] INFO  grpc.GrpcConfigKeys (ConfUtils.java:logGet(44)) - raft.grpc.admin.port = 0 (custom)
2021-09-01 14:11:05,152 [Listener at 127.0.0.1/45399] INFO  grpc.GrpcConfigKeys (ConfUtils.java:logGet(44)) - raft.grpc.client.port = 0 (custom)
2021-09-01 14:11:05,152 [Listener at 127.0.0.1/45399] INFO  grpc.GrpcConfigKeys (ConfUtils.java:logGet(44)) - raft.grpc.server.port = 0 (default)
2021-09-01 14:11:05,152 [Listener at 127.0.0.1/45399] INFO  server.GrpcService (ConfUtils.java:logGet(44)) - raft.grpc.message.size.max = 32MB (=33554432) (custom)
2021-09-01 14:11:05,152 [Listener at 127.0.0.1/45399] INFO  server.RaftServerConfigKeys (ConfUtils.java:logGet(44)) - raft.server.log.appender.buffer.byte-limit = 33554432 (custom)
2021-09-01 14:11:05,152 [Listener at 127.0.0.1/45399] INFO  server.GrpcService (ConfUtils.java:logGet(44)) - raft.grpc.flow.control.window = 5MB (=5242880) (custom)
2021-09-01 14:11:05,152 [Listener at 127.0.0.1/45399] INFO  server.RaftServerConfigKeys (ConfUtils.java:logGet(44)) - raft.server.rpc.request.timeout = 60s (custom)
2021-09-01 14:11:05,153 [Listener at 127.0.0.1/45399] INFO  impl.DataStreamServerImpl (ConfUtils.java:logGet(44)) - raft.datastream.type = DISABLED (default)
2021-09-01 14:11:05,153 [Listener at 127.0.0.1/45399] INFO  server.RaftServerConfigKeys (ConfUtils.java:logGet(44)) - raft.server.rpc.slowness.timeout = 300s (custom)
2021-09-01 14:11:05,153 [Listener at 127.0.0.1/45399] INFO  server.RaftServerConfigKeys (ConfUtils.java:logGet(44)) - raft.server.leaderelection.leader.step-down.wait-time = 10s (default)
2021-09-01 14:11:05,154 [Listener at 127.0.0.1/45399] INFO  server.RaftServerConfigKeys (ConfUtils.java:logGet(44)) - raft.server.storage.dir = [/home/runner/work/ozone/ozone/hadoop-ozone/integration-test/target/test-dir/MiniOzoneClusterImpl-cc063b0d-8217-4a41-b176-f0c6278c97ab/datanode-4/data/ratis] (custom)
2021-09-01 14:11:05,156 [Listener at 127.0.0.1/45399] INFO  http.BaseHttpServer (BaseHttpServer.java:newHttpServer2BuilderForOzone(209)) - Starting Web-server for hddsDatanode at: http://0.0.0.0:0
2021-09-01 14:11:05,156 [Listener at 127.0.0.1/45399] INFO  http.BaseHttpServer (BaseHttpServer.java:<init>(107)) - Hadoop Security Enabled: false Ozone Security Enabled: false Ozone HTTP Security Enabled: false 
2021-09-01 14:11:05,158 [Listener at 127.0.0.1/45399] INFO  server.AuthenticationFilter (AuthenticationFilter.java:constructSecretProvider(240)) - Unable to initialize FileSignerSecretProvider, falling back to use random secrets.
2021-09-01 14:11:05,158 [Listener at 127.0.0.1/45399] WARN  http.HttpRequestLog (HttpRequestLog.java:getRequestLog(103)) - Jetty request log can only be enabled using Log4j
2021-09-01 14:11:05,159 [Listener at 127.0.0.1/45399] INFO  http.HttpServer2 (HttpServer2.java:addGlobalFilter(1030)) - Added global filter 'safety' (class=org.apache.hadoop.hdds.server.http.HttpServer2$QuotingInputFilter)
2021-09-01 14:11:05,159 [Listener at 127.0.0.1/45399] INFO  http.HttpServer2 (HttpServer2.java:addFilter(1006)) - Added filter static_user_filter (class=org.apache.hadoop.http.lib.StaticUserWebFilter$StaticUserFilter) to context hddsDatanode
2021-09-01 14:11:05,159 [Listener at 127.0.0.1/45399] INFO  http.HttpServer2 (HttpServer2.java:addFilter(1014)) - Added filter static_user_filter (class=org.apache.hadoop.http.lib.StaticUserWebFilter$StaticUserFilter) to context static
2021-09-01 14:11:05,159 [Listener at 127.0.0.1/45399] INFO  http.HttpServer2 (HttpServer2.java:addFilter(1014)) - Added filter static_user_filter (class=org.apache.hadoop.http.lib.StaticUserWebFilter$StaticUserFilter) to context logs
2021-09-01 14:11:05,160 [Listener at 127.0.0.1/45399] INFO  http.HttpServer2 (HttpServer2.java:bindListener(1249)) - Jetty bound to port 32869
2021-09-01 14:11:05,160 [Listener at 127.0.0.1/45399] INFO  server.Server (Server.java:doStart(375)) - jetty-9.4.43.v20210629; built: 2021-06-30T11:07:22.254Z; git: 526006ecfa3af7f1a27ef3a288e2bef7ea9dd7e8; jvm 1.8.0_292-b10
2021-09-01 14:11:05,162 [Listener at 127.0.0.1/45399] INFO  server.session (DefaultSessionIdManager.java:doStart(334)) - DefaultSessionIdManager workerName=node0
2021-09-01 14:11:05,162 [Listener at 127.0.0.1/45399] INFO  server.session (DefaultSessionIdManager.java:doStart(339)) - No SessionScavenger set, using defaults
2021-09-01 14:11:05,162 [Listener at 127.0.0.1/45399] INFO  server.session (HouseKeeper.java:startScavenging(132)) - node0 Scavenging every 660000ms
2021-09-01 14:11:05,163 [Listener at 127.0.0.1/45399] INFO  handler.ContextHandler (ContextHandler.java:doStart(915)) - Started o.e.j.s.ServletContextHandler@1cbbe990{logs,/logs,file:///home/runner/work/ozone/ozone/hadoop-ozone/integration-test/target/log,AVAILABLE}
2021-09-01 14:11:05,163 [Listener at 127.0.0.1/45399] INFO  handler.ContextHandler (ContextHandler.java:doStart(915)) - Started o.e.j.s.ServletContextHandler@53312083{static,/static,jar:file:/home/runner/.m2/repository/org/apache/ozone/hdds-container-service/1.2.0-SNAPSHOT/hdds-container-service-1.2.0-SNAPSHOT.jar!/webapps/static,AVAILABLE}
2021-09-01 14:11:05,197 [Listener at 127.0.0.1/45399] INFO  handler.ContextHandler (ContextHandler.java:doStart(915)) - Started o.e.j.w.WebAppContext@3d5cf71f{hddsDatanode,/,file:///tmp/jetty-0_0_0_0-32869-hdds-container-service-1_2_0-SNAPSHOT_jar-_-any-929025969480357609/webapp/,AVAILABLE}{jar:file:/home/runner/.m2/repository/org/apache/ozone/hdds-container-service/1.2.0-SNAPSHOT/hdds-container-service-1.2.0-SNAPSHOT.jar!/webapps/hddsDatanode}
2021-09-01 14:11:05,202 [Listener at 127.0.0.1/45399] INFO  server.AbstractConnector (AbstractConnector.java:doStart(331)) - Started ServerConnector@b9ef0a7{HTTP/1.1, (http/1.1)}{0.0.0.0:32869}
2021-09-01 14:11:05,202 [Listener at 127.0.0.1/45399] INFO  server.Server (Server.java:doStart(415)) - Started @6770ms
2021-09-01 14:11:05,203 [Listener at 127.0.0.1/45399] WARN  impl.MetricsSystemImpl (MetricsSystemImpl.java:register(279)) - Sink prometheus already exists!
2021-09-01 14:11:05,203 [Listener at 127.0.0.1/45399] INFO  http.BaseHttpServer (BaseHttpServer.java:updateConnectorAddress(329)) - HTTP server of hddsDatanode listening at http://0.0.0.0:32869
2021-09-01 14:11:05,207 [Listener at 127.0.0.1/45399] WARN  impl.MetricRegistriesImpl (MetricRegistriesImpl.java:addReporterRegistration(111)) - New reporters are added after registries were created. Some metrics will be missing from the reporter. Please add reporter before adding any new registry.
2021-09-01 14:11:05,207 [Listener at 127.0.0.1/45399] WARN  impl.MetricRegistriesImpl (MetricRegistriesImpl.java:addReporterRegistration(111)) - New reporters are added after registries were created. Some metrics will be missing from the reporter. Please add reporter before adding any new registry.
2021-09-01 14:11:05,207 [Listener at 127.0.0.1/45399] INFO  impl.MetricsSystemImpl (MetricsSystemImpl.java:init(158)) - HddsDatanode metrics system started (again)
2021-09-01 14:11:05,221 [org.apache.hadoop.util.JvmPauseMonitor$Monitor@224337fe] INFO  util.JvmPauseMonitor (JvmPauseMonitor.java:run(188)) - Starting JVM pause monitor
2021-09-01 14:11:05,223 [Datanode State Machine Task Thread - 0] INFO  datanode.InitDatanodeState (InitDatanodeState.java:persistContainerDatanodeDetails(145)) - DatanodeDetails is persisted to /home/runner/work/ozone/ozone/hadoop-ozone/integration-test/target/test-dir/MiniOzoneClusterImpl-cc063b0d-8217-4a41-b176-f0c6278c97ab/datanode-4/meta/datanode.id
2021-09-01 14:11:05,232 [Listener at 127.0.0.1/45399] INFO  ozone.HddsDatanodeService (HddsDatanodeService.java:start(234)) - HddsDatanodeService host:fv-az148-824.bm4ck3pvxvsene1rjriu5fhcdb.bx.internal.cloudapp.net ip:10.1.0.27
2021-09-01 14:11:05,249 [Listener at 127.0.0.1/45399] INFO  upgrade.AbstractLayoutVersionManager (AbstractLayoutVersionManager.java:init(70)) - Initializing Layout version manager with metadata layout = SCM_HA (version = 2), software layout = SCM_HA (version = 2)
2021-09-01 14:11:05,285 [Listener at 127.0.0.1/45399] INFO  reflections.Reflections (Reflections.java:scan(232)) - Reflections took 34 ms to scan 7 urls, producing 120 keys and 275 values 
2021-09-01 14:11:05,287 [Listener at 127.0.0.1/45399] INFO  volume.HddsVolume (HddsVolume.java:<init>(120)) - Creating HddsVolume: /home/runner/work/ozone/ozone/hadoop-ozone/integration-test/target/test-dir/MiniOzoneClusterImpl-cc063b0d-8217-4a41-b176-f0c6278c97ab/datanode-5/data-0/containers/hdds of storage type : DISK capacity : 9223372036854775807
2021-09-01 14:11:05,287 [Listener at 127.0.0.1/45399] INFO  volume.MutableVolumeSet (MutableVolumeSet.java:initializeVolumeSet(181)) - Added Volume : /home/runner/work/ozone/ozone/hadoop-ozone/integration-test/target/test-dir/MiniOzoneClusterImpl-cc063b0d-8217-4a41-b176-f0c6278c97ab/datanode-5/data-0/containers/hdds to VolumeSet
2021-09-01 14:11:05,287 [Listener at 127.0.0.1/45399] INFO  volume.ThrottledAsyncChecker (ThrottledAsyncChecker.java:schedule(141)) - Scheduling a check for /home/runner/work/ozone/ozone/hadoop-ozone/integration-test/target/test-dir/MiniOzoneClusterImpl-cc063b0d-8217-4a41-b176-f0c6278c97ab/datanode-5/data-0/containers/hdds
2021-09-01 14:11:05,293 [Listener at 127.0.0.1/45399] INFO  volume.StorageVolumeChecker (StorageVolumeChecker.java:checkAllVolumes(202)) - Scheduled health check for volume /home/runner/work/ozone/ozone/hadoop-ozone/integration-test/target/test-dir/MiniOzoneClusterImpl-cc063b0d-8217-4a41-b176-f0c6278c97ab/datanode-5/data-0/containers/hdds
2021-09-01 14:11:05,306 [Listener at 127.0.0.1/45399] INFO  volume.MutableVolumeSet (MutableVolumeSet.java:initializeVolumeSet(181)) - Added Volume : /home/runner/work/ozone/ozone/hadoop-ozone/integration-test/target/test-dir/MiniOzoneClusterImpl-cc063b0d-8217-4a41-b176-f0c6278c97ab/datanode-5/data/ratis to VolumeSet
2021-09-01 14:11:05,306 [Listener at 127.0.0.1/45399] INFO  volume.ThrottledAsyncChecker (ThrottledAsyncChecker.java:schedule(141)) - Scheduling a check for /home/runner/work/ozone/ozone/hadoop-ozone/integration-test/target/test-dir/MiniOzoneClusterImpl-cc063b0d-8217-4a41-b176-f0c6278c97ab/datanode-5/data/ratis
2021-09-01 14:11:05,307 [Listener at 127.0.0.1/45399] INFO  volume.StorageVolumeChecker (StorageVolumeChecker.java:checkAllVolumes(202)) - Scheduled health check for volume /home/runner/work/ozone/ozone/hadoop-ozone/integration-test/target/test-dir/MiniOzoneClusterImpl-cc063b0d-8217-4a41-b176-f0c6278c97ab/datanode-5/data/ratis
2021-09-01 14:11:05,318 [Listener at 127.0.0.1/45399] INFO  ozoneimpl.ContainerReader (ContainerReader.java:<init>(98)) - Running in upgrade mode:true
2021-09-01 14:11:05,318 [Thread-192] INFO  ozoneimpl.ContainerReader (ContainerReader.java:readVolume(142)) - Start to verify containers on volume /home/runner/work/ozone/ozone/hadoop-ozone/integration-test/target/test-dir/MiniOzoneClusterImpl-cc063b0d-8217-4a41-b176-f0c6278c97ab/datanode-5/data-0/containers/hdds
2021-09-01 14:11:05,318 [Thread-192] INFO  ozoneimpl.ContainerReader (ContainerReader.java:readVolume(174)) - Finish verifying containers on volume /home/runner/work/ozone/ozone/hadoop-ozone/integration-test/target/test-dir/MiniOzoneClusterImpl-cc063b0d-8217-4a41-b176-f0c6278c97ab/datanode-5/data-0/containers/hdds
2021-09-01 14:11:05,318 [Listener at 127.0.0.1/45399] INFO  ozoneimpl.OzoneContainer (OzoneContainer.java:buildContainerSet(237)) - Build ContainerSet costs 0s
2021-09-01 14:11:05,321 [Listener at 127.0.0.1/45399] INFO  server.RaftServer (ConfUtils.java:logGet(44)) - raft.rpc.type = GRPC (default)
2021-09-01 14:11:05,321 [Listener at 127.0.0.1/45399] INFO  grpc.GrpcFactory (GrpcFactory.java:checkPooledByteBufAllocatorUseCacheForAllThreads(48)) - PERFORMANCE WARNING: useCacheForAllThreads is true that may cause Netty to create a lot garbage objects and, as a result, trigger GC.
	It is recommended to disable useCacheForAllThreads by setting -Dorg.apache.ratis.thirdparty.io.netty.allocator.useCacheForAllThreads=false in command line.
2021-09-01 14:11:05,321 [Listener at 127.0.0.1/45399] INFO  grpc.GrpcConfigKeys (ConfUtils.java:logGet(44)) - raft.grpc.admin.port = 0 (custom)
2021-09-01 14:11:05,321 [Listener at 127.0.0.1/45399] INFO  grpc.GrpcConfigKeys (ConfUtils.java:logGet(44)) - raft.grpc.client.port = 0 (custom)
2021-09-01 14:11:05,321 [Listener at 127.0.0.1/45399] INFO  grpc.GrpcConfigKeys (ConfUtils.java:logGet(44)) - raft.grpc.server.port = 0 (default)
2021-09-01 14:11:05,321 [Listener at 127.0.0.1/45399] INFO  server.GrpcService (ConfUtils.java:logGet(44)) - raft.grpc.message.size.max = 32MB (=33554432) (custom)
2021-09-01 14:11:05,321 [Listener at 127.0.0.1/45399] INFO  server.RaftServerConfigKeys (ConfUtils.java:logGet(44)) - raft.server.log.appender.buffer.byte-limit = 33554432 (custom)
2021-09-01 14:11:05,322 [Listener at 127.0.0.1/45399] INFO  server.GrpcService (ConfUtils.java:logGet(44)) - raft.grpc.flow.control.window = 5MB (=5242880) (custom)
2021-09-01 14:11:05,322 [Listener at 127.0.0.1/45399] INFO  server.RaftServerConfigKeys (ConfUtils.java:logGet(44)) - raft.server.rpc.request.timeout = 60s (custom)
2021-09-01 14:11:05,322 [Listener at 127.0.0.1/45399] INFO  impl.DataStreamServerImpl (ConfUtils.java:logGet(44)) - raft.datastream.type = DISABLED (default)
2021-09-01 14:11:05,323 [Listener at 127.0.0.1/45399] INFO  server.RaftServerConfigKeys (ConfUtils.java:logGet(44)) - raft.server.rpc.slowness.timeout = 300s (custom)
2021-09-01 14:11:05,323 [Listener at 127.0.0.1/45399] INFO  server.RaftServerConfigKeys (ConfUtils.java:logGet(44)) - raft.server.leaderelection.leader.step-down.wait-time = 10s (default)
2021-09-01 14:11:05,323 [Listener at 127.0.0.1/45399] INFO  server.RaftServerConfigKeys (ConfUtils.java:logGet(44)) - raft.server.storage.dir = [/home/runner/work/ozone/ozone/hadoop-ozone/integration-test/target/test-dir/MiniOzoneClusterImpl-cc063b0d-8217-4a41-b176-f0c6278c97ab/datanode-5/data/ratis] (custom)
2021-09-01 14:11:05,329 [Listener at 127.0.0.1/45399] INFO  http.BaseHttpServer (BaseHttpServer.java:newHttpServer2BuilderForOzone(209)) - Starting Web-server for hddsDatanode at: http://0.0.0.0:0
2021-09-01 14:11:05,329 [Listener at 127.0.0.1/45399] INFO  http.BaseHttpServer (BaseHttpServer.java:<init>(107)) - Hadoop Security Enabled: false Ozone Security Enabled: false Ozone HTTP Security Enabled: false 
2021-09-01 14:11:05,330 [Listener at 127.0.0.1/45399] INFO  server.AuthenticationFilter (AuthenticationFilter.java:constructSecretProvider(240)) - Unable to initialize FileSignerSecretProvider, falling back to use random secrets.
2021-09-01 14:11:05,331 [Listener at 127.0.0.1/45399] WARN  http.HttpRequestLog (HttpRequestLog.java:getRequestLog(103)) - Jetty request log can only be enabled using Log4j
2021-09-01 14:11:05,331 [Listener at 127.0.0.1/45399] INFO  http.HttpServer2 (HttpServer2.java:addGlobalFilter(1030)) - Added global filter 'safety' (class=org.apache.hadoop.hdds.server.http.HttpServer2$QuotingInputFilter)
2021-09-01 14:11:05,332 [Listener at 127.0.0.1/45399] INFO  http.HttpServer2 (HttpServer2.java:addFilter(1006)) - Added filter static_user_filter (class=org.apache.hadoop.http.lib.StaticUserWebFilter$StaticUserFilter) to context hddsDatanode
2021-09-01 14:11:05,332 [Listener at 127.0.0.1/45399] INFO  http.HttpServer2 (HttpServer2.java:addFilter(1014)) - Added filter static_user_filter (class=org.apache.hadoop.http.lib.StaticUserWebFilter$StaticUserFilter) to context logs
2021-09-01 14:11:05,332 [Listener at 127.0.0.1/45399] INFO  http.HttpServer2 (HttpServer2.java:addFilter(1014)) - Added filter static_user_filter (class=org.apache.hadoop.http.lib.StaticUserWebFilter$StaticUserFilter) to context static
2021-09-01 14:11:05,333 [Listener at 127.0.0.1/45399] INFO  http.HttpServer2 (HttpServer2.java:bindListener(1249)) - Jetty bound to port 42031
2021-09-01 14:11:05,333 [Listener at 127.0.0.1/45399] INFO  server.Server (Server.java:doStart(375)) - jetty-9.4.43.v20210629; built: 2021-06-30T11:07:22.254Z; git: 526006ecfa3af7f1a27ef3a288e2bef7ea9dd7e8; jvm 1.8.0_292-b10
2021-09-01 14:11:05,336 [Listener at 127.0.0.1/45399] INFO  server.session (DefaultSessionIdManager.java:doStart(334)) - DefaultSessionIdManager workerName=node0
2021-09-01 14:11:05,336 [Listener at 127.0.0.1/45399] INFO  server.session (DefaultSessionIdManager.java:doStart(339)) - No SessionScavenger set, using defaults
2021-09-01 14:11:05,336 [Listener at 127.0.0.1/45399] INFO  server.session (HouseKeeper.java:startScavenging(132)) - node0 Scavenging every 660000ms
2021-09-01 14:11:05,337 [Listener at 127.0.0.1/45399] INFO  handler.ContextHandler (ContextHandler.java:doStart(915)) - Started o.e.j.s.ServletContextHandler@50b15401{logs,/logs,file:///home/runner/work/ozone/ozone/hadoop-ozone/integration-test/target/log,AVAILABLE}
2021-09-01 14:11:05,337 [Listener at 127.0.0.1/45399] INFO  handler.ContextHandler (ContextHandler.java:doStart(915)) - Started o.e.j.s.ServletContextHandler@3a631d0e{static,/static,jar:file:/home/runner/.m2/repository/org/apache/ozone/hdds-container-service/1.2.0-SNAPSHOT/hdds-container-service-1.2.0-SNAPSHOT.jar!/webapps/static,AVAILABLE}
2021-09-01 14:11:05,379 [Listener at 127.0.0.1/45399] INFO  handler.ContextHandler (ContextHandler.java:doStart(915)) - Started o.e.j.w.WebAppContext@47272adc{hddsDatanode,/,file:///tmp/jetty-0_0_0_0-42031-hdds-container-service-1_2_0-SNAPSHOT_jar-_-any-2526525043707865002/webapp/,AVAILABLE}{jar:file:/home/runner/.m2/repository/org/apache/ozone/hdds-container-service/1.2.0-SNAPSHOT/hdds-container-service-1.2.0-SNAPSHOT.jar!/webapps/hddsDatanode}
2021-09-01 14:11:05,381 [Listener at 127.0.0.1/45399] INFO  server.AbstractConnector (AbstractConnector.java:doStart(331)) - Started ServerConnector@23b9e8a3{HTTP/1.1, (http/1.1)}{0.0.0.0:42031}
2021-09-01 14:11:05,381 [Listener at 127.0.0.1/45399] INFO  server.Server (Server.java:doStart(415)) - Started @6949ms
2021-09-01 14:11:05,381 [Listener at 127.0.0.1/45399] WARN  impl.MetricsSystemImpl (MetricsSystemImpl.java:register(279)) - Sink prometheus already exists!
2021-09-01 14:11:05,383 [Listener at 127.0.0.1/45399] INFO  http.BaseHttpServer (BaseHttpServer.java:updateConnectorAddress(329)) - HTTP server of hddsDatanode listening at http://0.0.0.0:42031
2021-09-01 14:11:05,384 [Listener at 127.0.0.1/45399] INFO  ozone.MiniOzoneClusterImpl (MiniOzoneClusterImpl.java:lambda$waitForClusterToBeReady$0(235)) - Waiting for nodes to be ready. Got 0 of 6 DN Heartbeats.
2021-09-01 14:11:05,385 [Listener at 127.0.0.1/45399] INFO  ozone.MiniOzoneClusterImpl (MiniOzoneClusterImpl.java:lambda$waitForClusterToBeReady$0(238)) - Waiting for cluster to exit safe mode
2021-09-01 14:11:05,385 [Listener at 127.0.0.1/45399] INFO  ozone.MiniOzoneClusterImpl (MiniOzoneClusterImpl.java:lambda$waitForClusterToBeReady$0(240)) - SCM became leader
2021-09-01 14:11:05,397 [org.apache.hadoop.util.JvmPauseMonitor$Monitor@1c115133] INFO  util.JvmPauseMonitor (JvmPauseMonitor.java:run(188)) - Starting JVM pause monitor
2021-09-01 14:11:05,400 [Datanode State Machine Task Thread - 0] INFO  datanode.InitDatanodeState (InitDatanodeState.java:persistContainerDatanodeDetails(145)) - DatanodeDetails is persisted to /home/runner/work/ozone/ozone/hadoop-ozone/integration-test/target/test-dir/MiniOzoneClusterImpl-cc063b0d-8217-4a41-b176-f0c6278c97ab/datanode-5/meta/datanode.id
2021-09-01 14:11:05,985 [ReplicationMonitor] INFO  container.ReplicationManager (ReplicationManager.java:processAll(359)) - Replication Monitor Thread took 0 milliseconds for processing 0 containers.
2021-09-01 14:11:06,276 [EndpointStateMachine task thread for /0.0.0.0:41479 - 0 ] INFO  ozoneimpl.OzoneContainer (OzoneContainer.java:start(305)) - Attempting to start container services.
2021-09-01 14:11:06,278 [EndpointStateMachine task thread for /0.0.0.0:41479 - 0 ] INFO  ozoneimpl.OzoneContainer (OzoneContainer.java:startContainerScrub(250)) - Background container scanner has been disabled.
2021-09-01 14:11:06,279 [EndpointStateMachine task thread for /0.0.0.0:41479 - 0 ] INFO  replication.ReplicationServer (ReplicationServer.java:start(107)) - ReplicationServer is started using port 34789
2021-09-01 14:11:06,282 [EndpointStateMachine task thread for /0.0.0.0:41479 - 0 ] INFO  ratis.XceiverServerRatis (XceiverServerRatis.java:start(482)) - Starting XceiverServerRatis 5c6bb450-033d-4b31-9de4-d545ca09f4a5
2021-09-01 14:11:06,285 [EndpointStateMachine task thread for /0.0.0.0:41479 - 0 ] INFO  server.RaftServer (RaftServerProxy.java:lambda$start$5(374)) - 5c6bb450-033d-4b31-9de4-d545ca09f4a5: start RPC server
2021-09-01 14:11:06,287 [EndpointStateMachine task thread for /0.0.0.0:41479 - 0 ] INFO  server.GrpcService (GrpcService.java:startImpl(253)) - 5c6bb450-033d-4b31-9de4-d545ca09f4a5: GrpcService started, listening on 34561
2021-09-01 14:11:06,287 [EndpointStateMachine task thread for /0.0.0.0:41479 - 0 ] INFO  ratis.XceiverServerRatis (XceiverServerRatis.java:getRealPort(503)) - XceiverServerRatis 5c6bb450-033d-4b31-9de4-d545ca09f4a5 is started using port 34561 for RATIS
2021-09-01 14:11:06,287 [EndpointStateMachine task thread for /0.0.0.0:41479 - 0 ] INFO  ratis.XceiverServerRatis (XceiverServerRatis.java:getRealPort(503)) - XceiverServerRatis 5c6bb450-033d-4b31-9de4-d545ca09f4a5 is started using port 34561 for RATIS_ADMIN
2021-09-01 14:11:06,287 [EndpointStateMachine task thread for /0.0.0.0:41479 - 0 ] INFO  ratis.XceiverServerRatis (XceiverServerRatis.java:getRealPort(503)) - XceiverServerRatis 5c6bb450-033d-4b31-9de4-d545ca09f4a5 is started using port 34561 for RATIS_SERVER
2021-09-01 14:11:06,287 [org.apache.ratis.util.JvmPauseMonitor$$Lambda$534/1206384791@41a7e457] INFO  util.JvmPauseMonitor (JvmPauseMonitor.java:run(103)) - JvmPauseMonitor-5c6bb450-033d-4b31-9de4-d545ca09f4a5: Started
2021-09-01 14:11:06,289 [EndpointStateMachine task thread for /0.0.0.0:41479 - 0 ] INFO  server.XceiverServerGrpc (XceiverServerGrpc.java:start(135)) - XceiverServerGrpc 5c6bb450-033d-4b31-9de4-d545ca09f4a5 is started using port 43013
2021-09-01 14:11:06,385 [Listener at 127.0.0.1/45399] INFO  ozone.MiniOzoneClusterImpl (MiniOzoneClusterImpl.java:lambda$waitForClusterToBeReady$0(235)) - Waiting for nodes to be ready. Got 0 of 6 DN Heartbeats.
2021-09-01 14:11:06,385 [Listener at 127.0.0.1/45399] INFO  ozone.MiniOzoneClusterImpl (MiniOzoneClusterImpl.java:lambda$waitForClusterToBeReady$0(238)) - Waiting for cluster to exit safe mode
2021-09-01 14:11:06,385 [Listener at 127.0.0.1/45399] INFO  ozone.MiniOzoneClusterImpl (MiniOzoneClusterImpl.java:lambda$waitForClusterToBeReady$0(240)) - SCM became leader
2021-09-01 14:11:06,459 [EndpointStateMachine task thread for /0.0.0.0:41479 - 0 ] INFO  ozoneimpl.OzoneContainer (OzoneContainer.java:start(305)) - Attempting to start container services.
2021-09-01 14:11:06,459 [EndpointStateMachine task thread for /0.0.0.0:41479 - 0 ] INFO  ozoneimpl.OzoneContainer (OzoneContainer.java:startContainerScrub(250)) - Background container scanner has been disabled.
2021-09-01 14:11:06,460 [EndpointStateMachine task thread for /0.0.0.0:41479 - 0 ] INFO  replication.ReplicationServer (ReplicationServer.java:start(107)) - ReplicationServer is started using port 41385
2021-09-01 14:11:06,460 [EndpointStateMachine task thread for /0.0.0.0:41479 - 0 ] INFO  ratis.XceiverServerRatis (XceiverServerRatis.java:start(482)) - Starting XceiverServerRatis 5a414dd0-042d-4554-a0be-5f06df5d5cdb
2021-09-01 14:11:06,461 [EndpointStateMachine task thread for /0.0.0.0:41479 - 0 ] INFO  server.RaftServer (RaftServerProxy.java:lambda$start$5(374)) - 5a414dd0-042d-4554-a0be-5f06df5d5cdb: start RPC server
2021-09-01 14:11:06,462 [EndpointStateMachine task thread for /0.0.0.0:41479 - 0 ] INFO  server.GrpcService (GrpcService.java:startImpl(253)) - 5a414dd0-042d-4554-a0be-5f06df5d5cdb: GrpcService started, listening on 40947
2021-09-01 14:11:06,462 [EndpointStateMachine task thread for /0.0.0.0:41479 - 0 ] INFO  ratis.XceiverServerRatis (XceiverServerRatis.java:getRealPort(503)) - XceiverServerRatis 5a414dd0-042d-4554-a0be-5f06df5d5cdb is started using port 40947 for RATIS
2021-09-01 14:11:06,463 [EndpointStateMachine task thread for /0.0.0.0:41479 - 0 ] INFO  ratis.XceiverServerRatis (XceiverServerRatis.java:getRealPort(503)) - XceiverServerRatis 5a414dd0-042d-4554-a0be-5f06df5d5cdb is started using port 40947 for RATIS_ADMIN
2021-09-01 14:11:06,463 [org.apache.ratis.util.JvmPauseMonitor$$Lambda$534/1206384791@68425e34] INFO  util.JvmPauseMonitor (JvmPauseMonitor.java:run(103)) - JvmPauseMonitor-5a414dd0-042d-4554-a0be-5f06df5d5cdb: Started
2021-09-01 14:11:06,463 [EndpointStateMachine task thread for /0.0.0.0:41479 - 0 ] INFO  ratis.XceiverServerRatis (XceiverServerRatis.java:getRealPort(503)) - XceiverServerRatis 5a414dd0-042d-4554-a0be-5f06df5d5cdb is started using port 40947 for RATIS_SERVER
2021-09-01 14:11:06,463 [EndpointStateMachine task thread for /0.0.0.0:41479 - 0 ] INFO  server.XceiverServerGrpc (XceiverServerGrpc.java:start(135)) - XceiverServerGrpc 5a414dd0-042d-4554-a0be-5f06df5d5cdb is started using port 34459
2021-09-01 14:11:06,842 [EndpointStateMachine task thread for /0.0.0.0:41479 - 0 ] INFO  ozoneimpl.OzoneContainer (OzoneContainer.java:start(305)) - Attempting to start container services.
2021-09-01 14:11:06,843 [EndpointStateMachine task thread for /0.0.0.0:41479 - 0 ] INFO  ozoneimpl.OzoneContainer (OzoneContainer.java:startContainerScrub(250)) - Background container scanner has been disabled.
2021-09-01 14:11:06,844 [EndpointStateMachine task thread for /0.0.0.0:41479 - 0 ] INFO  replication.ReplicationServer (ReplicationServer.java:start(107)) - ReplicationServer is started using port 40941
2021-09-01 14:11:06,844 [EndpointStateMachine task thread for /0.0.0.0:41479 - 0 ] INFO  ratis.XceiverServerRatis (XceiverServerRatis.java:start(482)) - Starting XceiverServerRatis 1f216d10-6a5d-4e67-b983-ab62dd80285a
2021-09-01 14:11:06,846 [EndpointStateMachine task thread for /0.0.0.0:41479 - 0 ] INFO  server.RaftServer (RaftServerProxy.java:lambda$start$5(374)) - 1f216d10-6a5d-4e67-b983-ab62dd80285a: start RPC server
2021-09-01 14:11:06,847 [EndpointStateMachine task thread for /0.0.0.0:41479 - 0 ] INFO  server.GrpcService (GrpcService.java:startImpl(253)) - 1f216d10-6a5d-4e67-b983-ab62dd80285a: GrpcService started, listening on 36441
2021-09-01 14:11:06,847 [EndpointStateMachine task thread for /0.0.0.0:41479 - 0 ] INFO  ratis.XceiverServerRatis (XceiverServerRatis.java:getRealPort(503)) - XceiverServerRatis 1f216d10-6a5d-4e67-b983-ab62dd80285a is started using port 36441 for RATIS
2021-09-01 14:11:06,847 [EndpointStateMachine task thread for /0.0.0.0:41479 - 0 ] INFO  ratis.XceiverServerRatis (XceiverServerRatis.java:getRealPort(503)) - XceiverServerRatis 1f216d10-6a5d-4e67-b983-ab62dd80285a is started using port 36441 for RATIS_ADMIN
2021-09-01 14:11:06,847 [org.apache.ratis.util.JvmPauseMonitor$$Lambda$534/1206384791@189c6cef] INFO  util.JvmPauseMonitor (JvmPauseMonitor.java:run(103)) - JvmPauseMonitor-1f216d10-6a5d-4e67-b983-ab62dd80285a: Started
2021-09-01 14:11:06,847 [EndpointStateMachine task thread for /0.0.0.0:41479 - 0 ] INFO  ratis.XceiverServerRatis (XceiverServerRatis.java:getRealPort(503)) - XceiverServerRatis 1f216d10-6a5d-4e67-b983-ab62dd80285a is started using port 36441 for RATIS_SERVER
2021-09-01 14:11:06,848 [EndpointStateMachine task thread for /0.0.0.0:41479 - 0 ] INFO  server.XceiverServerGrpc (XceiverServerGrpc.java:start(135)) - XceiverServerGrpc 1f216d10-6a5d-4e67-b983-ab62dd80285a is started using port 46147
2021-09-01 14:11:06,986 [ReplicationMonitor] INFO  container.ReplicationManager (ReplicationManager.java:processAll(359)) - Replication Monitor Thread took 1 milliseconds for processing 0 containers.
2021-09-01 14:11:07,071 [EndpointStateMachine task thread for /0.0.0.0:41479 - 0 ] INFO  ozoneimpl.OzoneContainer (OzoneContainer.java:start(305)) - Attempting to start container services.
2021-09-01 14:11:07,071 [EndpointStateMachine task thread for /0.0.0.0:41479 - 0 ] INFO  ozoneimpl.OzoneContainer (OzoneContainer.java:startContainerScrub(250)) - Background container scanner has been disabled.
2021-09-01 14:11:07,072 [EndpointStateMachine task thread for /0.0.0.0:41479 - 0 ] INFO  replication.ReplicationServer (ReplicationServer.java:start(107)) - ReplicationServer is started using port 43657
2021-09-01 14:11:07,073 [EndpointStateMachine task thread for /0.0.0.0:41479 - 0 ] INFO  ratis.XceiverServerRatis (XceiverServerRatis.java:start(482)) - Starting XceiverServerRatis 059685a6-7ba3-46e9-8034-8f2949cd639c
2021-09-01 14:11:07,077 [EndpointStateMachine task thread for /0.0.0.0:41479 - 0 ] INFO  server.RaftServer (RaftServerProxy.java:lambda$start$5(374)) - 059685a6-7ba3-46e9-8034-8f2949cd639c: start RPC server
2021-09-01 14:11:07,078 [EndpointStateMachine task thread for /0.0.0.0:41479 - 0 ] INFO  server.GrpcService (GrpcService.java:startImpl(253)) - 059685a6-7ba3-46e9-8034-8f2949cd639c: GrpcService started, listening on 44709
2021-09-01 14:11:07,078 [EndpointStateMachine task thread for /0.0.0.0:41479 - 0 ] INFO  ratis.XceiverServerRatis (XceiverServerRatis.java:getRealPort(503)) - XceiverServerRatis 059685a6-7ba3-46e9-8034-8f2949cd639c is started using port 44709 for RATIS
2021-09-01 14:11:07,079 [EndpointStateMachine task thread for /0.0.0.0:41479 - 0 ] INFO  ratis.XceiverServerRatis (XceiverServerRatis.java:getRealPort(503)) - XceiverServerRatis 059685a6-7ba3-46e9-8034-8f2949cd639c is started using port 44709 for RATIS_ADMIN
2021-09-01 14:11:07,079 [org.apache.ratis.util.JvmPauseMonitor$$Lambda$534/1206384791@537ac558] INFO  util.JvmPauseMonitor (JvmPauseMonitor.java:run(103)) - JvmPauseMonitor-059685a6-7ba3-46e9-8034-8f2949cd639c: Started
2021-09-01 14:11:07,079 [EndpointStateMachine task thread for /0.0.0.0:41479 - 0 ] INFO  ratis.XceiverServerRatis (XceiverServerRatis.java:getRealPort(503)) - XceiverServerRatis 059685a6-7ba3-46e9-8034-8f2949cd639c is started using port 44709 for RATIS_SERVER
2021-09-01 14:11:07,080 [EndpointStateMachine task thread for /0.0.0.0:41479 - 0 ] INFO  server.XceiverServerGrpc (XceiverServerGrpc.java:start(135)) - XceiverServerGrpc 059685a6-7ba3-46e9-8034-8f2949cd639c is started using port 35917
2021-09-01 14:11:07,225 [EndpointStateMachine task thread for /0.0.0.0:41479 - 0 ] INFO  ozoneimpl.OzoneContainer (OzoneContainer.java:start(305)) - Attempting to start container services.
2021-09-01 14:11:07,225 [EndpointStateMachine task thread for /0.0.0.0:41479 - 0 ] INFO  ozoneimpl.OzoneContainer (OzoneContainer.java:startContainerScrub(250)) - Background container scanner has been disabled.
2021-09-01 14:11:07,227 [EndpointStateMachine task thread for /0.0.0.0:41479 - 0 ] INFO  replication.ReplicationServer (ReplicationServer.java:start(107)) - ReplicationServer is started using port 45137
2021-09-01 14:11:07,227 [EndpointStateMachine task thread for /0.0.0.0:41479 - 0 ] INFO  ratis.XceiverServerRatis (XceiverServerRatis.java:start(482)) - Starting XceiverServerRatis 5caa8675-6446-43f3-81d9-00bc94da7a89
2021-09-01 14:11:07,233 [EndpointStateMachine task thread for /0.0.0.0:41479 - 0 ] INFO  server.RaftServer (RaftServerProxy.java:lambda$start$5(374)) - 5caa8675-6446-43f3-81d9-00bc94da7a89: start RPC server
2021-09-01 14:11:07,234 [EndpointStateMachine task thread for /0.0.0.0:41479 - 0 ] INFO  server.GrpcService (GrpcService.java:startImpl(253)) - 5caa8675-6446-43f3-81d9-00bc94da7a89: GrpcService started, listening on 42525
2021-09-01 14:11:07,235 [EndpointStateMachine task thread for /0.0.0.0:41479 - 0 ] INFO  ratis.XceiverServerRatis (XceiverServerRatis.java:getRealPort(503)) - XceiverServerRatis 5caa8675-6446-43f3-81d9-00bc94da7a89 is started using port 42525 for RATIS
2021-09-01 14:11:07,235 [EndpointStateMachine task thread for /0.0.0.0:41479 - 0 ] INFO  ratis.XceiverServerRatis (XceiverServerRatis.java:getRealPort(503)) - XceiverServerRatis 5caa8675-6446-43f3-81d9-00bc94da7a89 is started using port 42525 for RATIS_ADMIN
2021-09-01 14:11:07,235 [org.apache.ratis.util.JvmPauseMonitor$$Lambda$534/1206384791@243f3337] INFO  util.JvmPauseMonitor (JvmPauseMonitor.java:run(103)) - JvmPauseMonitor-5caa8675-6446-43f3-81d9-00bc94da7a89: Started
2021-09-01 14:11:07,235 [EndpointStateMachine task thread for /0.0.0.0:41479 - 0 ] INFO  ratis.XceiverServerRatis (XceiverServerRatis.java:getRealPort(503)) - XceiverServerRatis 5caa8675-6446-43f3-81d9-00bc94da7a89 is started using port 42525 for RATIS_SERVER
2021-09-01 14:11:07,236 [EndpointStateMachine task thread for /0.0.0.0:41479 - 0 ] INFO  server.XceiverServerGrpc (XceiverServerGrpc.java:start(135)) - XceiverServerGrpc 5caa8675-6446-43f3-81d9-00bc94da7a89 is started using port 40609
2021-09-01 14:11:07,385 [Listener at 127.0.0.1/45399] INFO  ozone.MiniOzoneClusterImpl (MiniOzoneClusterImpl.java:lambda$waitForClusterToBeReady$0(235)) - Waiting for nodes to be ready. Got 0 of 6 DN Heartbeats.
2021-09-01 14:11:07,386 [Listener at 127.0.0.1/45399] INFO  ozone.MiniOzoneClusterImpl (MiniOzoneClusterImpl.java:lambda$waitForClusterToBeReady$0(238)) - Waiting for cluster to exit safe mode
2021-09-01 14:11:07,386 [Listener at 127.0.0.1/45399] INFO  ozone.MiniOzoneClusterImpl (MiniOzoneClusterImpl.java:lambda$waitForClusterToBeReady$0(240)) - SCM became leader
2021-09-01 14:11:07,401 [EndpointStateMachine task thread for /0.0.0.0:41479 - 0 ] INFO  ozoneimpl.OzoneContainer (OzoneContainer.java:start(305)) - Attempting to start container services.
2021-09-01 14:11:07,401 [EndpointStateMachine task thread for /0.0.0.0:41479 - 0 ] INFO  ozoneimpl.OzoneContainer (OzoneContainer.java:startContainerScrub(250)) - Background container scanner has been disabled.
2021-09-01 14:11:07,402 [EndpointStateMachine task thread for /0.0.0.0:41479 - 0 ] INFO  replication.ReplicationServer (ReplicationServer.java:start(107)) - ReplicationServer is started using port 44095
2021-09-01 14:11:07,403 [EndpointStateMachine task thread for /0.0.0.0:41479 - 0 ] INFO  ratis.XceiverServerRatis (XceiverServerRatis.java:start(482)) - Starting XceiverServerRatis ec842b93-5b10-4e55-aba6-387b08725c40
2021-09-01 14:11:07,405 [EndpointStateMachine task thread for /0.0.0.0:41479 - 0 ] INFO  server.RaftServer (RaftServerProxy.java:lambda$start$5(374)) - ec842b93-5b10-4e55-aba6-387b08725c40: start RPC server
2021-09-01 14:11:07,407 [EndpointStateMachine task thread for /0.0.0.0:41479 - 0 ] INFO  server.GrpcService (GrpcService.java:startImpl(253)) - ec842b93-5b10-4e55-aba6-387b08725c40: GrpcService started, listening on 33903
2021-09-01 14:11:07,407 [EndpointStateMachine task thread for /0.0.0.0:41479 - 0 ] INFO  ratis.XceiverServerRatis (XceiverServerRatis.java:getRealPort(503)) - XceiverServerRatis ec842b93-5b10-4e55-aba6-387b08725c40 is started using port 33903 for RATIS
2021-09-01 14:11:07,407 [EndpointStateMachine task thread for /0.0.0.0:41479 - 0 ] INFO  ratis.XceiverServerRatis (XceiverServerRatis.java:getRealPort(503)) - XceiverServerRatis ec842b93-5b10-4e55-aba6-387b08725c40 is started using port 33903 for RATIS_ADMIN
2021-09-01 14:11:07,407 [org.apache.ratis.util.JvmPauseMonitor$$Lambda$534/1206384791@57f664ad] INFO  util.JvmPauseMonitor (JvmPauseMonitor.java:run(103)) - JvmPauseMonitor-ec842b93-5b10-4e55-aba6-387b08725c40: Started
2021-09-01 14:11:07,407 [EndpointStateMachine task thread for /0.0.0.0:41479 - 0 ] INFO  ratis.XceiverServerRatis (XceiverServerRatis.java:getRealPort(503)) - XceiverServerRatis ec842b93-5b10-4e55-aba6-387b08725c40 is started using port 33903 for RATIS_SERVER
2021-09-01 14:11:07,409 [EndpointStateMachine task thread for /0.0.0.0:41479 - 0 ] INFO  server.XceiverServerGrpc (XceiverServerGrpc.java:start(135)) - XceiverServerGrpc ec842b93-5b10-4e55-aba6-387b08725c40 is started using port 35689
2021-09-01 14:11:07,986 [ReplicationMonitor] INFO  container.ReplicationManager (ReplicationManager.java:processAll(359)) - Replication Monitor Thread took 0 milliseconds for processing 0 containers.
2021-09-01 14:11:08,232 [IPC Server handler 1 on default port 41479] INFO  net.NetworkTopologyImpl (NetworkTopologyImpl.java:add(112)) - Added a new node: /default-rack/5c6bb450-033d-4b31-9de4-d545ca09f4a5
2021-09-01 14:11:08,233 [IPC Server handler 1 on default port 41479] INFO  node.SCMNodeManager (SCMNodeManager.java:register(390)) - Registered Data node : 5c6bb450-033d-4b31-9de4-d545ca09f4a5{ip: 10.1.0.27, host: fv-az148-824.bm4ck3pvxvsene1rjriu5fhcdb.bx.internal.cloudapp.net, ports: [REPLICATION=34789, RATIS=34561, RATIS_ADMIN=34561, RATIS_SERVER=34561, STANDALONE=43013], networkLocation: /default-rack, certSerialId: null, persistedOpState: null, persistedOpStateExpiryEpochSec: 0}
2021-09-01 14:11:08,237 [EventQueue-NewNodeForNewNodeHandler] INFO  pipeline.BackgroundPipelineCreator (BackgroundPipelineCreatorV2.java:notifyEventTriggered(285)) - trigger a one-shot run on RatisPipelineUtilsThread.
2021-09-01 14:11:08,238 [EventQueue-NodeRegistrationContainerReportForDataNodeSafeModeRule] INFO  safemode.SCMSafeModeManager (DataNodeSafeModeRule.java:process(71)) - SCM in safe mode. 1 DataNodes registered, 3 required.
2021-09-01 14:11:08,244 [RatisPipelineUtilsThread - 0] INFO  pipeline.RatisPipelineProvider (RatisPipelineProvider.java:lambda$create$0(183)) - Sending CreatePipelineCommand for pipeline:PipelineID=3daaa00a-a2b8-4896-835b-5c74b3d464de to datanode:5c6bb450-033d-4b31-9de4-d545ca09f4a5
2021-09-01 14:11:08,248 [EventQueue-PipelineReportForOneReplicaPipelineSafeModeRule] INFO  safemode.SCMSafeModeManager (SCMSafeModeManager.java:validateSafeModeExitRules(204)) - AtleastOneDatanodeReportedRule rule is successfully validated
2021-09-01 14:11:08,249 [EventQueue-NodeRegistrationContainerReportForContainerSafeModeRule] INFO  safemode.SCMSafeModeManager (SCMSafeModeManager.java:validateSafeModeExitRules(204)) - ContainerSafeModeRule rule is successfully validated
2021-09-01 14:11:08,256 [RatisPipelineUtilsThread - 0] INFO  pipeline.PipelineStateManager (PipelineStateManagerV2Impl.java:addPipeline(101)) - Created pipeline Pipeline[ Id: 3daaa00a-a2b8-4896-835b-5c74b3d464de, Nodes: 5c6bb450-033d-4b31-9de4-d545ca09f4a5{ip: 10.1.0.27, host: fv-az148-824.bm4ck3pvxvsene1rjriu5fhcdb.bx.internal.cloudapp.net, ports: [REPLICATION=34789, RATIS=34561, RATIS_ADMIN=34561, RATIS_SERVER=34561, STANDALONE=43013], networkLocation: /default-rack, certSerialId: null, persistedOpState: IN_SERVICE, persistedOpStateExpiryEpochSec: 0}, ReplicationConfig: RATIS/ONE, State:ALLOCATED, leaderId:, CreationTimestamp2021-09-01T14:11:08.242Z[Etc/UTC]].
2021-09-01 14:11:08,386 [Listener at 127.0.0.1/45399] INFO  ozone.MiniOzoneClusterImpl (MiniOzoneClusterImpl.java:lambda$waitForClusterToBeReady$0(235)) - Waiting for nodes to be ready. Got 1 of 6 DN Heartbeats.
2021-09-01 14:11:08,386 [Listener at 127.0.0.1/45399] INFO  ozone.MiniOzoneClusterImpl (MiniOzoneClusterImpl.java:lambda$waitForClusterToBeReady$0(238)) - Waiting for cluster to exit safe mode
2021-09-01 14:11:08,386 [Listener at 127.0.0.1/45399] INFO  ozone.MiniOzoneClusterImpl (MiniOzoneClusterImpl.java:lambda$waitForClusterToBeReady$0(240)) - SCM became leader
2021-09-01 14:11:08,455 [IPC Server handler 2 on default port 41479] INFO  net.NetworkTopologyImpl (NetworkTopologyImpl.java:add(112)) - Added a new node: /default-rack/5a414dd0-042d-4554-a0be-5f06df5d5cdb
2021-09-01 14:11:08,456 [IPC Server handler 2 on default port 41479] INFO  node.SCMNodeManager (SCMNodeManager.java:register(390)) - Registered Data node : 5a414dd0-042d-4554-a0be-5f06df5d5cdb{ip: 10.1.0.27, host: fv-az148-824.bm4ck3pvxvsene1rjriu5fhcdb.bx.internal.cloudapp.net, ports: [REPLICATION=41385, RATIS=40947, RATIS_ADMIN=40947, RATIS_SERVER=40947, STANDALONE=34459], networkLocation: /default-rack, certSerialId: null, persistedOpState: null, persistedOpStateExpiryEpochSec: 0}
2021-09-01 14:11:08,456 [EventQueue-NewNodeForNewNodeHandler] INFO  pipeline.BackgroundPipelineCreator (BackgroundPipelineCreatorV2.java:notifyEventTriggered(285)) - trigger a one-shot run on RatisPipelineUtilsThread.
2021-09-01 14:11:08,457 [EventQueue-NodeRegistrationContainerReportForDataNodeSafeModeRule] INFO  safemode.SCMSafeModeManager (DataNodeSafeModeRule.java:process(71)) - SCM in safe mode. 2 DataNodes registered, 3 required.
2021-09-01 14:11:08,459 [RatisPipelineUtilsThread - 0] INFO  pipeline.RatisPipelineProvider (RatisPipelineProvider.java:lambda$create$0(183)) - Sending CreatePipelineCommand for pipeline:PipelineID=c990ec6e-2338-409f-9f93-0ac8f9da8add to datanode:5a414dd0-042d-4554-a0be-5f06df5d5cdb
2021-09-01 14:11:08,460 [RatisPipelineUtilsThread - 0] INFO  pipeline.PipelineStateManager (PipelineStateManagerV2Impl.java:addPipeline(101)) - Created pipeline Pipeline[ Id: c990ec6e-2338-409f-9f93-0ac8f9da8add, Nodes: 5a414dd0-042d-4554-a0be-5f06df5d5cdb{ip: 10.1.0.27, host: fv-az148-824.bm4ck3pvxvsene1rjriu5fhcdb.bx.internal.cloudapp.net, ports: [REPLICATION=41385, RATIS=40947, RATIS_ADMIN=40947, RATIS_SERVER=40947, STANDALONE=34459], networkLocation: /default-rack, certSerialId: null, persistedOpState: IN_SERVICE, persistedOpStateExpiryEpochSec: 0}, ReplicationConfig: RATIS/ONE, State:ALLOCATED, leaderId:, CreationTimestamp2021-09-01T14:11:08.459Z[Etc/UTC]].
2021-09-01 14:11:08,839 [IPC Server handler 16 on default port 41479] INFO  net.NetworkTopologyImpl (NetworkTopologyImpl.java:add(112)) - Added a new node: /default-rack/1f216d10-6a5d-4e67-b983-ab62dd80285a
2021-09-01 14:11:08,839 [IPC Server handler 16 on default port 41479] INFO  node.SCMNodeManager (SCMNodeManager.java:register(390)) - Registered Data node : 1f216d10-6a5d-4e67-b983-ab62dd80285a{ip: 10.1.0.27, host: fv-az148-824.bm4ck3pvxvsene1rjriu5fhcdb.bx.internal.cloudapp.net, ports: [REPLICATION=40941, RATIS=36441, RATIS_ADMIN=36441, RATIS_SERVER=36441, STANDALONE=46147], networkLocation: /default-rack, certSerialId: null, persistedOpState: null, persistedOpStateExpiryEpochSec: 0}
2021-09-01 14:11:08,840 [EventQueue-NewNodeForNewNodeHandler] INFO  pipeline.BackgroundPipelineCreator (BackgroundPipelineCreatorV2.java:notifyEventTriggered(285)) - trigger a one-shot run on RatisPipelineUtilsThread.
2021-09-01 14:11:08,840 [EventQueue-NodeRegistrationContainerReportForDataNodeSafeModeRule] INFO  safemode.SCMSafeModeManager (DataNodeSafeModeRule.java:process(71)) - SCM in safe mode. 3 DataNodes registered, 3 required.
2021-09-01 14:11:08,841 [EventQueue-NodeRegistrationContainerReportForDataNodeSafeModeRule] INFO  safemode.SCMSafeModeManager (SCMSafeModeManager.java:validateSafeModeExitRules(204)) - DataNodeSafeModeRule rule is successfully validated
2021-09-01 14:11:08,841 [EventQueue-NodeRegistrationContainerReportForDataNodeSafeModeRule] INFO  safemode.SCMSafeModeManager (SCMSafeModeManager.java:completePreCheck(233)) - All SCM safe mode pre check rules have passed
2021-09-01 14:11:08,841 [EventQueue-NodeRegistrationContainerReportForDataNodeSafeModeRule] WARN  events.EventQueue (EventQueue.java:fireEvent(194)) - No event handler registered for event TypedEvent{payloadType=SafeModeStatus, name='Safe mode status'}
2021-09-01 14:11:08,841 [EventQueue-NodeRegistrationContainerReportForDataNodeSafeModeRule] INFO  ha.SCMContext (SCMContext.java:updateSafeModeStatus(205)) - Update SafeModeStatus from SafeModeStatus{safeModeStatus=true, preCheckPassed=false} to SafeModeStatus{safeModeStatus=true, preCheckPassed=true}.
2021-09-01 14:11:08,841 [EventQueue-NodeRegistrationContainerReportForDataNodeSafeModeRule] INFO  pipeline.BackgroundPipelineCreator (BackgroundPipelineCreatorV2.java:notifyEventTriggered(285)) - trigger a one-shot run on RatisPipelineUtilsThread.
2021-09-01 14:11:08,842 [RatisPipelineUtilsThread - 0] INFO  pipeline.RatisPipelineProvider (RatisPipelineProvider.java:lambda$create$0(183)) - Sending CreatePipelineCommand for pipeline:PipelineID=8cb1bf33-e544-4c80-a5e5-e2be6f1ca809 to datanode:1f216d10-6a5d-4e67-b983-ab62dd80285a
2021-09-01 14:11:08,842 [RatisPipelineUtilsThread - 0] INFO  pipeline.PipelineStateManager (PipelineStateManagerV2Impl.java:addPipeline(101)) - Created pipeline Pipeline[ Id: 8cb1bf33-e544-4c80-a5e5-e2be6f1ca809, Nodes: 1f216d10-6a5d-4e67-b983-ab62dd80285a{ip: 10.1.0.27, host: fv-az148-824.bm4ck3pvxvsene1rjriu5fhcdb.bx.internal.cloudapp.net, ports: [REPLICATION=40941, RATIS=36441, RATIS_ADMIN=36441, RATIS_SERVER=36441, STANDALONE=46147], networkLocation: /default-rack, certSerialId: null, persistedOpState: IN_SERVICE, persistedOpStateExpiryEpochSec: 0}, ReplicationConfig: RATIS/ONE, State:ALLOCATED, leaderId:, CreationTimestamp2021-09-01T14:11:08.842Z[Etc/UTC]].
2021-09-01 14:11:08,845 [RatisPipelineUtilsThread - 0] INFO  pipeline.RatisPipelineProvider (RatisPipelineProvider.java:lambda$create$0(183)) - Sending CreatePipelineCommand for pipeline:PipelineID=15194566-c2e7-43ec-a238-4f5c23251fd2 to datanode:5a414dd0-042d-4554-a0be-5f06df5d5cdb
2021-09-01 14:11:08,845 [RatisPipelineUtilsThread - 0] INFO  pipeline.RatisPipelineProvider (RatisPipelineProvider.java:lambda$create$0(183)) - Sending CreatePipelineCommand for pipeline:PipelineID=15194566-c2e7-43ec-a238-4f5c23251fd2 to datanode:5c6bb450-033d-4b31-9de4-d545ca09f4a5
2021-09-01 14:11:08,845 [RatisPipelineUtilsThread - 0] INFO  pipeline.RatisPipelineProvider (RatisPipelineProvider.java:lambda$create$0(183)) - Sending CreatePipelineCommand for pipeline:PipelineID=15194566-c2e7-43ec-a238-4f5c23251fd2 to datanode:1f216d10-6a5d-4e67-b983-ab62dd80285a
2021-09-01 14:11:08,846 [RatisPipelineUtilsThread - 0] INFO  pipeline.PipelineStateManager (PipelineStateManagerV2Impl.java:addPipeline(101)) - Created pipeline Pipeline[ Id: 15194566-c2e7-43ec-a238-4f5c23251fd2, Nodes: 5a414dd0-042d-4554-a0be-5f06df5d5cdb{ip: 10.1.0.27, host: fv-az148-824.bm4ck3pvxvsene1rjriu5fhcdb.bx.internal.cloudapp.net, ports: [REPLICATION=41385, RATIS=40947, RATIS_ADMIN=40947, RATIS_SERVER=40947, STANDALONE=34459], networkLocation: /default-rack, certSerialId: null, persistedOpState: IN_SERVICE, persistedOpStateExpiryEpochSec: 0}5c6bb450-033d-4b31-9de4-d545ca09f4a5{ip: 10.1.0.27, host: fv-az148-824.bm4ck3pvxvsene1rjriu5fhcdb.bx.internal.cloudapp.net, ports: [REPLICATION=34789, RATIS=34561, RATIS_ADMIN=34561, RATIS_SERVER=34561, STANDALONE=43013], networkLocation: /default-rack, certSerialId: null, persistedOpState: IN_SERVICE, persistedOpStateExpiryEpochSec: 0}1f216d10-6a5d-4e67-b983-ab62dd80285a{ip: 10.1.0.27, host: fv-az148-824.bm4ck3pvxvsene1rjriu5fhcdb.bx.internal.cloudapp.net, ports: [REPLICATION=40941, RATIS=36441, RATIS_ADMIN=36441, RATIS_SERVER=36441, STANDALONE=46147], networkLocation: /default-rack, certSerialId: null, persistedOpState: IN_SERVICE, persistedOpStateExpiryEpochSec: 0}, ReplicationConfig: RATIS/THREE, State:ALLOCATED, leaderId:, CreationTimestamp2021-09-01T14:11:08.845Z[Etc/UTC]].
2021-09-01 14:11:08,986 [ReplicationMonitor] INFO  container.ReplicationManager (ReplicationManager.java:processAll(359)) - Replication Monitor Thread took 1 milliseconds for processing 0 containers.
2021-09-01 14:11:09,069 [IPC Server handler 19 on default port 41479] INFO  net.NetworkTopologyImpl (NetworkTopologyImpl.java:add(112)) - Added a new node: /default-rack/059685a6-7ba3-46e9-8034-8f2949cd639c
2021-09-01 14:11:09,070 [IPC Server handler 19 on default port 41479] INFO  node.SCMNodeManager (SCMNodeManager.java:register(390)) - Registered Data node : 059685a6-7ba3-46e9-8034-8f2949cd639c{ip: 10.1.0.27, host: fv-az148-824.bm4ck3pvxvsene1rjriu5fhcdb.bx.internal.cloudapp.net, ports: [REPLICATION=43657, RATIS=44709, RATIS_ADMIN=44709, RATIS_SERVER=44709, STANDALONE=35917], networkLocation: /default-rack, certSerialId: null, persistedOpState: null, persistedOpStateExpiryEpochSec: 0}
2021-09-01 14:11:09,070 [EventQueue-NewNodeForNewNodeHandler] INFO  pipeline.BackgroundPipelineCreator (BackgroundPipelineCreatorV2.java:notifyEventTriggered(285)) - trigger a one-shot run on RatisPipelineUtilsThread.
2021-09-01 14:11:09,071 [RatisPipelineUtilsThread - 0] INFO  pipeline.RatisPipelineProvider (RatisPipelineProvider.java:lambda$create$0(183)) - Sending CreatePipelineCommand for pipeline:PipelineID=2ef4dc8c-a12a-4db6-854c-f9ea12f3e638 to datanode:059685a6-7ba3-46e9-8034-8f2949cd639c
2021-09-01 14:11:09,072 [RatisPipelineUtilsThread - 0] INFO  pipeline.PipelineStateManager (PipelineStateManagerV2Impl.java:addPipeline(101)) - Created pipeline Pipeline[ Id: 2ef4dc8c-a12a-4db6-854c-f9ea12f3e638, Nodes: 059685a6-7ba3-46e9-8034-8f2949cd639c{ip: 10.1.0.27, host: fv-az148-824.bm4ck3pvxvsene1rjriu5fhcdb.bx.internal.cloudapp.net, ports: [REPLICATION=43657, RATIS=44709, RATIS_ADMIN=44709, RATIS_SERVER=44709, STANDALONE=35917], networkLocation: /default-rack, certSerialId: null, persistedOpState: IN_SERVICE, persistedOpStateExpiryEpochSec: 0}, ReplicationConfig: RATIS/ONE, State:ALLOCATED, leaderId:, CreationTimestamp2021-09-01T14:11:09.071Z[Etc/UTC]].
2021-09-01 14:11:09,224 [IPC Server handler 0 on default port 41479] INFO  net.NetworkTopologyImpl (NetworkTopologyImpl.java:add(112)) - Added a new node: /default-rack/5caa8675-6446-43f3-81d9-00bc94da7a89
2021-09-01 14:11:09,224 [IPC Server handler 0 on default port 41479] INFO  node.SCMNodeManager (SCMNodeManager.java:register(390)) - Registered Data node : 5caa8675-6446-43f3-81d9-00bc94da7a89{ip: 10.1.0.27, host: fv-az148-824.bm4ck3pvxvsene1rjriu5fhcdb.bx.internal.cloudapp.net, ports: [REPLICATION=45137, RATIS=42525, RATIS_ADMIN=42525, RATIS_SERVER=42525, STANDALONE=40609], networkLocation: /default-rack, certSerialId: null, persistedOpState: null, persistedOpStateExpiryEpochSec: 0}
2021-09-01 14:11:09,224 [EventQueue-NewNodeForNewNodeHandler] INFO  pipeline.BackgroundPipelineCreator (BackgroundPipelineCreatorV2.java:notifyEventTriggered(285)) - trigger a one-shot run on RatisPipelineUtilsThread.
2021-09-01 14:11:09,233 [RatisPipelineUtilsThread - 0] INFO  pipeline.RatisPipelineProvider (RatisPipelineProvider.java:lambda$create$0(183)) - Sending CreatePipelineCommand for pipeline:PipelineID=3acc6122-627c-4f35-ab4d-9db7dd4af0a9 to datanode:5caa8675-6446-43f3-81d9-00bc94da7a89
2021-09-01 14:11:09,234 [RatisPipelineUtilsThread - 0] INFO  pipeline.PipelineStateManager (PipelineStateManagerV2Impl.java:addPipeline(101)) - Created pipeline Pipeline[ Id: 3acc6122-627c-4f35-ab4d-9db7dd4af0a9, Nodes: 5caa8675-6446-43f3-81d9-00bc94da7a89{ip: 10.1.0.27, host: fv-az148-824.bm4ck3pvxvsene1rjriu5fhcdb.bx.internal.cloudapp.net, ports: [REPLICATION=45137, RATIS=42525, RATIS_ADMIN=42525, RATIS_SERVER=42525, STANDALONE=40609], networkLocation: /default-rack, certSerialId: null, persistedOpState: IN_SERVICE, persistedOpStateExpiryEpochSec: 0}, ReplicationConfig: RATIS/ONE, State:ALLOCATED, leaderId:, CreationTimestamp2021-09-01T14:11:09.233Z[Etc/UTC]].
2021-09-01 14:11:09,387 [Listener at 127.0.0.1/45399] INFO  ozone.MiniOzoneClusterImpl (MiniOzoneClusterImpl.java:lambda$waitForClusterToBeReady$0(235)) - Waiting for nodes to be ready. Got 5 of 6 DN Heartbeats.
2021-09-01 14:11:09,387 [Listener at 127.0.0.1/45399] INFO  ozone.MiniOzoneClusterImpl (MiniOzoneClusterImpl.java:lambda$waitForClusterToBeReady$0(238)) - Waiting for cluster to exit safe mode
2021-09-01 14:11:09,387 [Listener at 127.0.0.1/45399] INFO  ozone.MiniOzoneClusterImpl (MiniOzoneClusterImpl.java:lambda$waitForClusterToBeReady$0(240)) - SCM became leader
2021-09-01 14:11:09,399 [IPC Server handler 2 on default port 41479] INFO  net.NetworkTopologyImpl (NetworkTopologyImpl.java:add(112)) - Added a new node: /default-rack/ec842b93-5b10-4e55-aba6-387b08725c40
2021-09-01 14:11:09,400 [IPC Server handler 2 on default port 41479] INFO  node.SCMNodeManager (SCMNodeManager.java:register(390)) - Registered Data node : ec842b93-5b10-4e55-aba6-387b08725c40{ip: 10.1.0.27, host: fv-az148-824.bm4ck3pvxvsene1rjriu5fhcdb.bx.internal.cloudapp.net, ports: [REPLICATION=44095, RATIS=33903, RATIS_ADMIN=33903, RATIS_SERVER=33903, STANDALONE=35689], networkLocation: /default-rack, certSerialId: null, persistedOpState: null, persistedOpStateExpiryEpochSec: 0}
2021-09-01 14:11:09,400 [EventQueue-NewNodeForNewNodeHandler] INFO  pipeline.BackgroundPipelineCreator (BackgroundPipelineCreatorV2.java:notifyEventTriggered(285)) - trigger a one-shot run on RatisPipelineUtilsThread.
2021-09-01 14:11:09,400 [RatisPipelineUtilsThread - 0] INFO  pipeline.RatisPipelineProvider (RatisPipelineProvider.java:lambda$create$0(183)) - Sending CreatePipelineCommand for pipeline:PipelineID=711af633-875b-40bd-a393-f6a143c39978 to datanode:ec842b93-5b10-4e55-aba6-387b08725c40
2021-09-01 14:11:09,401 [RatisPipelineUtilsThread - 0] INFO  pipeline.PipelineStateManager (PipelineStateManagerV2Impl.java:addPipeline(101)) - Created pipeline Pipeline[ Id: 711af633-875b-40bd-a393-f6a143c39978, Nodes: ec842b93-5b10-4e55-aba6-387b08725c40{ip: 10.1.0.27, host: fv-az148-824.bm4ck3pvxvsene1rjriu5fhcdb.bx.internal.cloudapp.net, ports: [REPLICATION=44095, RATIS=33903, RATIS_ADMIN=33903, RATIS_SERVER=33903, STANDALONE=35689], networkLocation: /default-rack, certSerialId: null, persistedOpState: IN_SERVICE, persistedOpStateExpiryEpochSec: 0}, ReplicationConfig: RATIS/ONE, State:ALLOCATED, leaderId:, CreationTimestamp2021-09-01T14:11:09.400Z[Etc/UTC]].
2021-09-01 14:11:09,402 [RatisPipelineUtilsThread - 0] INFO  pipeline.RatisPipelineProvider (RatisPipelineProvider.java:lambda$create$0(183)) - Sending CreatePipelineCommand for pipeline:PipelineID=b47e4d84-dee4-4cda-a86c-8885606dfb5a to datanode:5caa8675-6446-43f3-81d9-00bc94da7a89
2021-09-01 14:11:09,402 [RatisPipelineUtilsThread - 0] INFO  pipeline.RatisPipelineProvider (RatisPipelineProvider.java:lambda$create$0(183)) - Sending CreatePipelineCommand for pipeline:PipelineID=b47e4d84-dee4-4cda-a86c-8885606dfb5a to datanode:059685a6-7ba3-46e9-8034-8f2949cd639c
2021-09-01 14:11:09,402 [RatisPipelineUtilsThread - 0] INFO  pipeline.RatisPipelineProvider (RatisPipelineProvider.java:lambda$create$0(183)) - Sending CreatePipelineCommand for pipeline:PipelineID=b47e4d84-dee4-4cda-a86c-8885606dfb5a to datanode:ec842b93-5b10-4e55-aba6-387b08725c40
2021-09-01 14:11:09,402 [RatisPipelineUtilsThread - 0] INFO  pipeline.PipelineStateManager (PipelineStateManagerV2Impl.java:addPipeline(101)) - Created pipeline Pipeline[ Id: b47e4d84-dee4-4cda-a86c-8885606dfb5a, Nodes: 5caa8675-6446-43f3-81d9-00bc94da7a89{ip: 10.1.0.27, host: fv-az148-824.bm4ck3pvxvsene1rjriu5fhcdb.bx.internal.cloudapp.net, ports: [REPLICATION=45137, RATIS=42525, RATIS_ADMIN=42525, RATIS_SERVER=42525, STANDALONE=40609], networkLocation: /default-rack, certSerialId: null, persistedOpState: IN_SERVICE, persistedOpStateExpiryEpochSec: 0}059685a6-7ba3-46e9-8034-8f2949cd639c{ip: 10.1.0.27, host: fv-az148-824.bm4ck3pvxvsene1rjriu5fhcdb.bx.internal.cloudapp.net, ports: [REPLICATION=43657, RATIS=44709, RATIS_ADMIN=44709, RATIS_SERVER=44709, STANDALONE=35917], networkLocation: /default-rack, certSerialId: null, persistedOpState: IN_SERVICE, persistedOpStateExpiryEpochSec: 0}ec842b93-5b10-4e55-aba6-387b08725c40{ip: 10.1.0.27, host: fv-az148-824.bm4ck3pvxvsene1rjriu5fhcdb.bx.internal.cloudapp.net, ports: [REPLICATION=44095, RATIS=33903, RATIS_ADMIN=33903, RATIS_SERVER=33903, STANDALONE=35689], networkLocation: /default-rack, certSerialId: null, persistedOpState: IN_SERVICE, persistedOpStateExpiryEpochSec: 0}, ReplicationConfig: RATIS/THREE, State:ALLOCATED, leaderId:, CreationTimestamp2021-09-01T14:11:09.402Z[Etc/UTC]].
2021-09-01 14:11:09,988 [ReplicationMonitor] INFO  container.ReplicationManager (ReplicationManager.java:processAll(359)) - Replication Monitor Thread took 0 milliseconds for processing 0 containers.
2021-09-01 14:11:10,387 [Listener at 127.0.0.1/45399] INFO  ozone.MiniOzoneClusterImpl (MiniOzoneClusterImpl.java:lambda$waitForClusterToBeReady$0(235)) - Nodes are ready. Got 6 of 6 DN Heartbeats.
2021-09-01 14:11:10,388 [Listener at 127.0.0.1/45399] INFO  ozone.MiniOzoneClusterImpl (MiniOzoneClusterImpl.java:lambda$waitForClusterToBeReady$0(238)) - Waiting for cluster to exit safe mode
2021-09-01 14:11:10,388 [Listener at 127.0.0.1/45399] INFO  ozone.MiniOzoneClusterImpl (MiniOzoneClusterImpl.java:lambda$waitForClusterToBeReady$0(240)) - SCM became leader
2021-09-01 14:11:10,989 [ReplicationMonitor] INFO  container.ReplicationManager (ReplicationManager.java:processAll(359)) - Replication Monitor Thread took 0 milliseconds for processing 0 containers.
2021-09-01 14:11:11,238 [Command processor thread] INFO  server.RaftServer (RaftServerProxy.java:addNew(95)) - 5c6bb450-033d-4b31-9de4-d545ca09f4a5: addNew group-5C74B3D464DE:[5c6bb450-033d-4b31-9de4-d545ca09f4a5|rpc:10.1.0.27:34561|priority:1] returns group-5C74B3D464DE:java.util.concurrent.CompletableFuture@62124cf1[Not completed]
2021-09-01 14:11:11,248 [pool-55-thread-1] INFO  server.RaftServer$Division (RaftServerImpl.java:<init>(181)) - 5c6bb450-033d-4b31-9de4-d545ca09f4a5: new RaftServerImpl for group-5C74B3D464DE:[5c6bb450-033d-4b31-9de4-d545ca09f4a5|rpc:10.1.0.27:34561|priority:1] with ContainerStateMachine:uninitialized
2021-09-01 14:11:11,249 [pool-55-thread-1] INFO  server.RaftServerConfigKeys (ConfUtils.java:logGet(44)) - raft.server.rpc.timeout.min = 5s (custom)
2021-09-01 14:11:11,249 [pool-55-thread-1] INFO  server.RaftServerConfigKeys (ConfUtils.java:logGet(44)) - raft.server.rpc.timeout.max = 5200ms (custom)
2021-09-01 14:11:11,249 [pool-55-thread-1] INFO  server.RaftServerConfigKeys (ConfUtils.java:logGet(44)) - raft.server.rpc.sleep.time = 25ms (default)
2021-09-01 14:11:11,249 [pool-55-thread-1] INFO  server.RaftServerConfigKeys (ConfUtils.java:logGet(44)) - raft.server.rpc.slowness.timeout = 300s (custom)
2021-09-01 14:11:11,249 [pool-55-thread-1] INFO  server.RaftServerConfigKeys (ConfUtils.java:logGet(44)) - raft.server.leaderelection.leader.step-down.wait-time = 10s (default)
2021-09-01 14:11:11,249 [pool-55-thread-1] INFO  server.RaftServerConfigKeys (ConfUtils.java:logGet(44)) - raft.server.sleep.deviation.threshold = 300ms (default)
2021-09-01 14:11:11,249 [pool-55-thread-1] INFO  server.RaftServerConfigKeys (ConfUtils.java:logGet(44)) - raft.server.log.appender.install.snapshot.enabled = false (custom)
2021-09-01 14:11:11,249 [pool-55-thread-1] INFO  server.RaftServer$Division (ServerState.java:<init>(105)) - 5c6bb450-033d-4b31-9de4-d545ca09f4a5@group-5C74B3D464DE: ConfigurationManager, init=-1: [5c6bb450-033d-4b31-9de4-d545ca09f4a5|rpc:10.1.0.27:34561|priority:1], old=null, confs=<EMPTY_MAP>
2021-09-01 14:11:11,250 [pool-55-thread-1] INFO  server.RaftServerConfigKeys (ConfUtils.java:logGet(44)) - raft.server.storage.dir = [/home/runner/work/ozone/ozone/hadoop-ozone/integration-test/target/test-dir/MiniOzoneClusterImpl-cc063b0d-8217-4a41-b176-f0c6278c97ab/datanode-0/data/ratis] (custom)
2021-09-01 14:11:11,250 [pool-55-thread-1] INFO  server.RaftServerConfigKeys (ConfUtils.java:logGet(44)) - raft.server.log.corruption.policy = EXCEPTION (default)
2021-09-01 14:11:11,250 [pool-55-thread-1] INFO  server.RaftServerConfigKeys (ConfUtils.java:logGet(44)) - raft.server.storage.free-space.min = 0MB (=0) (default)
2021-09-01 14:11:11,250 [pool-55-thread-1] INFO  storage.RaftStorageDirectory (RaftStorageDirectoryImpl.java:analyzeStorage(135)) - The storage directory /home/runner/work/ozone/ozone/hadoop-ozone/integration-test/target/test-dir/MiniOzoneClusterImpl-cc063b0d-8217-4a41-b176-f0c6278c97ab/datanode-0/data/ratis/3daaa00a-a2b8-4896-835b-5c74b3d464de does not exist. Creating ...
2021-09-01 14:11:11,251 [pool-55-thread-1] INFO  storage.RaftStorageDirectory (RaftStorageDirectoryImpl.java:tryLock(230)) - Lock on /home/runner/work/ozone/ozone/hadoop-ozone/integration-test/target/test-dir/MiniOzoneClusterImpl-cc063b0d-8217-4a41-b176-f0c6278c97ab/datanode-0/data/ratis/3daaa00a-a2b8-4896-835b-5c74b3d464de/in_use.lock acquired by nodename 9503@fv-az148-824
2021-09-01 14:11:11,252 [pool-55-thread-1] INFO  storage.RaftStorage (RaftStorageImpl.java:format(89)) - Storage directory /home/runner/work/ozone/ozone/hadoop-ozone/integration-test/target/test-dir/MiniOzoneClusterImpl-cc063b0d-8217-4a41-b176-f0c6278c97ab/datanode-0/data/ratis/3daaa00a-a2b8-4896-835b-5c74b3d464de has been successfully formatted.
2021-09-01 14:11:11,254 [pool-55-thread-1] INFO  ratis.ContainerStateMachine (ContainerStateMachine.java:loadSnapshot(224)) - group-5C74B3D464DE: The snapshot info is null. Setting the last applied indexto:(t:0, i:~)
2021-09-01 14:11:11,255 [pool-55-thread-1] INFO  server.RaftServerConfigKeys (ConfUtils.java:logGet(44)) - raft.server.notification.no-leader.timeout = 300s (custom)
2021-09-01 14:11:11,255 [pool-55-thread-1] INFO  server.RaftServerConfigKeys (ConfUtils.java:logGet(44)) - raft.server.log.use.memory = false (default)
2021-09-01 14:11:11,256 [EventQueue-PipelineReportForPipelineReportHandler] INFO  pipeline.PipelineManagerImpl (PipelineManagerImpl.java:openPipeline(282)) - Pipeline Pipeline[ Id: 3daaa00a-a2b8-4896-835b-5c74b3d464de, Nodes: 5c6bb450-033d-4b31-9de4-d545ca09f4a5{ip: 10.1.0.27, host: fv-az148-824.bm4ck3pvxvsene1rjriu5fhcdb.bx.internal.cloudapp.net, ports: [REPLICATION=34789, RATIS=34561, RATIS_ADMIN=34561, RATIS_SERVER=34561, STANDALONE=43013], networkLocation: /default-rack, certSerialId: null, persistedOpState: IN_SERVICE, persistedOpStateExpiryEpochSec: 0}, ReplicationConfig: RATIS/ONE, State:ALLOCATED, leaderId:5c6bb450-033d-4b31-9de4-d545ca09f4a5, CreationTimestamp2021-09-01T14:11:08.242Z[Etc/UTC]] moved to OPEN state
2021-09-01 14:11:11,263 [pool-55-thread-1] INFO  server.RaftServerConfigKeys (ConfUtils.java:logGet(44)) - raft.server.log.purge.gap = 1000000 (custom)
2021-09-01 14:11:11,271 [EventQueue-OpenPipelineForHealthyPipelineSafeModeRule] INFO  safemode.SCMSafeModeManager (HealthyPipelineSafeModeRule.java:process(124)) - SCM in safe mode. Healthy pipelines reported count is 0, required healthy pipeline reported count is 1
2021-09-01 14:11:11,271 [pool-55-thread-1] INFO  server.RaftServerConfigKeys (ConfUtils.java:logGet(44)) - raft.server.log.appender.buffer.byte-limit = 33554432 (custom)
2021-09-01 14:11:11,272 [pool-55-thread-1] INFO  server.RaftServerConfigKeys (ConfUtils.java:logGet(44)) - raft.server.log.segment.size.max = 1048576 (custom)
2021-09-01 14:11:11,273 [pool-55-thread-1] INFO  server.RaftServerConfigKeys (ConfUtils.java:logGet(44)) - raft.server.log.segment.cache.num.max = 2 (custom)
2021-09-01 14:11:11,273 [pool-55-thread-1] INFO  server.RaftServerConfigKeys (ConfUtils.java:logGet(44)) - raft.server.log.segment.cache.size.max = 200MB (=209715200) (default)
2021-09-01 14:11:11,273 [pool-55-thread-1] INFO  segmented.SegmentedRaftLogWorker (SegmentedRaftLogWorker.java:<init>(182)) - new 5c6bb450-033d-4b31-9de4-d545ca09f4a5@group-5C74B3D464DE-SegmentedRaftLogWorker for RaftStorageImpl:Storage Directory /home/runner/work/ozone/ozone/hadoop-ozone/integration-test/target/test-dir/MiniOzoneClusterImpl-cc063b0d-8217-4a41-b176-f0c6278c97ab/datanode-0/data/ratis/3daaa00a-a2b8-4896-835b-5c74b3d464de
2021-09-01 14:11:11,273 [pool-55-thread-1] INFO  server.RaftServerConfigKeys (ConfUtils.java:logGet(44)) - raft.server.log.queue.byte-limit = 2147483647 (custom)
2021-09-01 14:11:11,273 [pool-55-thread-1] INFO  server.RaftServerConfigKeys (ConfUtils.java:logGet(44)) - raft.server.log.queue.element-limit = 1024 (custom)
2021-09-01 14:11:11,273 [pool-55-thread-1] INFO  server.RaftServerConfigKeys (ConfUtils.java:logGet(44)) - raft.server.log.segment.size.max = 1048576 (custom)
2021-09-01 14:11:11,273 [pool-55-thread-1] INFO  server.RaftServerConfigKeys (ConfUtils.java:logGet(44)) - raft.server.log.preallocated.size = 16384 (custom)
2021-09-01 14:11:11,274 [pool-55-thread-1] INFO  server.RaftServerConfigKeys (ConfUtils.java:logGet(44)) - raft.server.log.force.sync.num = 128 (default)
2021-09-01 14:11:11,274 [pool-55-thread-1] INFO  server.RaftServerConfigKeys (ConfUtils.java:logGet(44)) - raft.server.log.statemachine.data.sync = true (default)
2021-09-01 14:11:11,274 [pool-55-thread-1] INFO  server.RaftServerConfigKeys (ConfUtils.java:logGet(44)) - raft.server.log.statemachine.data.sync.timeout = 10s (default)
2021-09-01 14:11:11,274 [pool-55-thread-1] INFO  server.RaftServerConfigKeys (ConfUtils.java:logGet(44)) - raft.server.log.statemachine.data.sync.timeout.retry = -1 (default)
2021-09-01 14:11:11,275 [pool-55-thread-1] INFO  server.RaftServerConfigKeys (ConfUtils.java:logGet(44)) - raft.server.log.write.buffer.size = 1048576 (custom)
2021-09-01 14:11:11,276 [pool-55-thread-1] INFO  server.RaftServerConfigKeys (ConfUtils.java:logGet(44)) - raft.server.log.statemachine.data.caching.enabled = true (custom)
2021-09-01 14:11:11,276 [pool-55-thread-1] INFO  segmented.SegmentedRaftLogWorker (SegmentedRaftLogWorker.java:lambda$new$0(133)) - 5c6bb450-033d-4b31-9de4-d545ca09f4a5@group-5C74B3D464DE-SegmentedRaftLogWorker: flushIndex: setUnconditionally 0 -> -1
2021-09-01 14:11:11,276 [pool-55-thread-1] INFO  segmented.SegmentedRaftLogWorker (SegmentedRaftLogWorker.java:lambda$new$0(133)) - 5c6bb450-033d-4b31-9de4-d545ca09f4a5@group-5C74B3D464DE-SegmentedRaftLogWorker: safeCacheEvictIndex: setUnconditionally 0 -> -1
2021-09-01 14:11:11,276 [pool-55-thread-1] INFO  server.RaftServerConfigKeys (ConfUtils.java:logGet(44)) - raft.server.snapshot.auto.trigger.enabled = true (custom)
2021-09-01 14:11:11,277 [pool-55-thread-1] INFO  server.RaftServerConfigKeys (ConfUtils.java:logGet(44)) - raft.server.snapshot.auto.trigger.threshold = 10000 (custom)
2021-09-01 14:11:11,277 [pool-55-thread-1] INFO  server.RaftServerConfigKeys (ConfUtils.java:logGet(44)) - raft.server.snapshot.retention.file.num = 5 (custom)
2021-09-01 14:11:11,277 [pool-55-thread-1] INFO  server.RaftServerConfigKeys (ConfUtils.java:logGet(44)) - raft.server.log.purge.upto.snapshot.index = false (default)
2021-09-01 14:11:11,277 [pool-55-thread-1] INFO  server.RaftServerConfigKeys (ConfUtils.java:logGet(44)) - raft.server.retrycache.expirytime = 600000ms (custom)
2021-09-01 14:11:11,277 [pool-55-thread-1] INFO  server.RaftServerConfigKeys (ConfUtils.java:logGet(44)) - raft.server.retrycache.statistics.expirytime = 100μs (default)
2021-09-01 14:11:11,279 [pool-55-thread-1] INFO  server.RaftServer$Division (RaftServerImpl.java:start(296)) - 5c6bb450-033d-4b31-9de4-d545ca09f4a5@group-5C74B3D464DE: start as a follower, conf=-1: [5c6bb450-033d-4b31-9de4-d545ca09f4a5|rpc:10.1.0.27:34561|priority:1], old=null
2021-09-01 14:11:11,279 [pool-55-thread-1] INFO  server.RaftServer$Division (RaftServerImpl.java:setRole(285)) - 5c6bb450-033d-4b31-9de4-d545ca09f4a5@group-5C74B3D464DE: changes role from      null to FOLLOWER at term 0 for startAsFollower
2021-09-01 14:11:11,279 [pool-55-thread-1] INFO  impl.RoleInfo (RoleInfo.java:updateAndGet(130)) - 5c6bb450-033d-4b31-9de4-d545ca09f4a5: start 5c6bb450-033d-4b31-9de4-d545ca09f4a5@group-5C74B3D464DE-FollowerState
2021-09-01 14:11:11,279 [pool-55-thread-1] INFO  util.JmxRegister (JmxRegister.java:tryRegister(44)) - Successfully registered JMX Bean with object name Ratis:service=RaftServer,group=group-5C74B3D464DE,id=5c6bb450-033d-4b31-9de4-d545ca09f4a5
2021-09-01 14:11:11,286 [Command processor thread] INFO  ratis.XceiverServerRatis (XceiverServerRatis.java:addGroup(763)) - Created group PipelineID=3daaa00a-a2b8-4896-835b-5c74b3d464de
2021-09-01 14:11:11,287 [Command processor thread] INFO  commandhandler.CreatePipelineCommandHandler (CreatePipelineCommandHandler.java:handle(106)) - Created Pipeline RATIS ONE PipelineID=3daaa00a-a2b8-4896-835b-5c74b3d464de.
2021-09-01 14:11:11,287 [Command processor thread] INFO  server.RaftServer (RaftServerProxy.java:addNew(95)) - 5c6bb450-033d-4b31-9de4-d545ca09f4a5: addNew group-4F5C23251FD2:[5a414dd0-042d-4554-a0be-5f06df5d5cdb|rpc:10.1.0.27:40947|priority:0, 5c6bb450-033d-4b31-9de4-d545ca09f4a5|rpc:10.1.0.27:34561|priority:0, 1f216d10-6a5d-4e67-b983-ab62dd80285a|rpc:10.1.0.27:36441|priority:1] returns group-4F5C23251FD2:java.util.concurrent.CompletableFuture@5354aa82[Not completed]
2021-09-01 14:11:11,288 [pool-55-thread-1] INFO  server.RaftServer$Division (RaftServerImpl.java:<init>(181)) - 5c6bb450-033d-4b31-9de4-d545ca09f4a5: new RaftServerImpl for group-4F5C23251FD2:[5a414dd0-042d-4554-a0be-5f06df5d5cdb|rpc:10.1.0.27:40947|priority:0, 5c6bb450-033d-4b31-9de4-d545ca09f4a5|rpc:10.1.0.27:34561|priority:0, 1f216d10-6a5d-4e67-b983-ab62dd80285a|rpc:10.1.0.27:36441|priority:1] with ContainerStateMachine:uninitialized
2021-09-01 14:11:11,288 [pool-55-thread-1] INFO  server.RaftServerConfigKeys (ConfUtils.java:logGet(44)) - raft.server.rpc.timeout.min = 5s (custom)
2021-09-01 14:11:11,288 [pool-55-thread-1] INFO  server.RaftServerConfigKeys (ConfUtils.java:logGet(44)) - raft.server.rpc.timeout.max = 5200ms (custom)
2021-09-01 14:11:11,288 [pool-55-thread-1] INFO  server.RaftServerConfigKeys (ConfUtils.java:logGet(44)) - raft.server.rpc.sleep.time = 25ms (default)
2021-09-01 14:11:11,288 [pool-55-thread-1] INFO  server.RaftServerConfigKeys (ConfUtils.java:logGet(44)) - raft.server.rpc.slowness.timeout = 300s (custom)
2021-09-01 14:11:11,288 [pool-55-thread-1] INFO  server.RaftServerConfigKeys (ConfUtils.java:logGet(44)) - raft.server.leaderelection.leader.step-down.wait-time = 10s (default)
2021-09-01 14:11:11,288 [pool-55-thread-1] INFO  server.RaftServerConfigKeys (ConfUtils.java:logGet(44)) - raft.server.sleep.deviation.threshold = 300ms (default)
2021-09-01 14:11:11,288 [pool-55-thread-1] INFO  server.RaftServerConfigKeys (ConfUtils.java:logGet(44)) - raft.server.log.appender.install.snapshot.enabled = false (custom)
2021-09-01 14:11:11,288 [pool-55-thread-1] INFO  server.RaftServer$Division (ServerState.java:<init>(105)) - 5c6bb450-033d-4b31-9de4-d545ca09f4a5@group-4F5C23251FD2: ConfigurationManager, init=-1: [5a414dd0-042d-4554-a0be-5f06df5d5cdb|rpc:10.1.0.27:40947|priority:0, 5c6bb450-033d-4b31-9de4-d545ca09f4a5|rpc:10.1.0.27:34561|priority:0, 1f216d10-6a5d-4e67-b983-ab62dd80285a|rpc:10.1.0.27:36441|priority:1], old=null, confs=<EMPTY_MAP>
2021-09-01 14:11:11,289 [pool-55-thread-1] INFO  server.RaftServerConfigKeys (ConfUtils.java:logGet(44)) - raft.server.storage.dir = [/home/runner/work/ozone/ozone/hadoop-ozone/integration-test/target/test-dir/MiniOzoneClusterImpl-cc063b0d-8217-4a41-b176-f0c6278c97ab/datanode-0/data/ratis] (custom)
2021-09-01 14:11:11,289 [pool-55-thread-1] INFO  server.RaftServerConfigKeys (ConfUtils.java:logGet(44)) - raft.server.log.corruption.policy = EXCEPTION (default)
2021-09-01 14:11:11,289 [pool-55-thread-1] INFO  server.RaftServerConfigKeys (ConfUtils.java:logGet(44)) - raft.server.storage.free-space.min = 0MB (=0) (default)
2021-09-01 14:11:11,289 [pool-55-thread-1] INFO  storage.RaftStorageDirectory (RaftStorageDirectoryImpl.java:analyzeStorage(135)) - The storage directory /home/runner/work/ozone/ozone/hadoop-ozone/integration-test/target/test-dir/MiniOzoneClusterImpl-cc063b0d-8217-4a41-b176-f0c6278c97ab/datanode-0/data/ratis/15194566-c2e7-43ec-a238-4f5c23251fd2 does not exist. Creating ...
2021-09-01 14:11:11,290 [pool-55-thread-1] INFO  storage.RaftStorageDirectory (RaftStorageDirectoryImpl.java:tryLock(230)) - Lock on /home/runner/work/ozone/ozone/hadoop-ozone/integration-test/target/test-dir/MiniOzoneClusterImpl-cc063b0d-8217-4a41-b176-f0c6278c97ab/datanode-0/data/ratis/15194566-c2e7-43ec-a238-4f5c23251fd2/in_use.lock acquired by nodename 9503@fv-az148-824
2021-09-01 14:11:11,291 [pool-55-thread-1] INFO  storage.RaftStorage (RaftStorageImpl.java:format(89)) - Storage directory /home/runner/work/ozone/ozone/hadoop-ozone/integration-test/target/test-dir/MiniOzoneClusterImpl-cc063b0d-8217-4a41-b176-f0c6278c97ab/datanode-0/data/ratis/15194566-c2e7-43ec-a238-4f5c23251fd2 has been successfully formatted.
2021-09-01 14:11:11,291 [pool-55-thread-1] INFO  ratis.ContainerStateMachine (ContainerStateMachine.java:loadSnapshot(224)) - group-4F5C23251FD2: The snapshot info is null. Setting the last applied indexto:(t:0, i:~)
2021-09-01 14:11:11,291 [pool-55-thread-1] INFO  server.RaftServerConfigKeys (ConfUtils.java:logGet(44)) - raft.server.notification.no-leader.timeout = 300s (custom)
2021-09-01 14:11:11,291 [pool-55-thread-1] INFO  server.RaftServerConfigKeys (ConfUtils.java:logGet(44)) - raft.server.log.use.memory = false (default)
2021-09-01 14:11:11,291 [Datanode State Machine Thread - 0] WARN  statemachine.StateContext (StateContext.java:execute(621)) - No available thread in pool for past 1 seconds.
2021-09-01 14:11:11,291 [pool-55-thread-1] INFO  server.RaftServerConfigKeys (ConfUtils.java:logGet(44)) - raft.server.log.purge.gap = 1000000 (custom)
2021-09-01 14:11:11,293 [EventQueue-OpenPipelineForHealthyPipelineSafeModeRule] INFO  safemode.SCMSafeModeManager (HealthyPipelineSafeModeRule.java:process(124)) - SCM in safe mode. Healthy pipelines reported count is 0, required healthy pipeline reported count is 1
2021-09-01 14:11:11,293 [pool-55-thread-1] INFO  server.RaftServerConfigKeys (ConfUtils.java:logGet(44)) - raft.server.log.appender.buffer.byte-limit = 33554432 (custom)
2021-09-01 14:11:11,293 [pool-55-thread-1] INFO  server.RaftServerConfigKeys (ConfUtils.java:logGet(44)) - raft.server.log.segment.size.max = 1048576 (custom)
2021-09-01 14:11:11,294 [pool-55-thread-1] INFO  server.RaftServerConfigKeys (ConfUtils.java:logGet(44)) - raft.server.log.segment.cache.num.max = 2 (custom)
2021-09-01 14:11:11,294 [pool-55-thread-1] INFO  server.RaftServerConfigKeys (ConfUtils.java:logGet(44)) - raft.server.log.segment.cache.size.max = 200MB (=209715200) (default)
2021-09-01 14:11:11,294 [pool-55-thread-1] INFO  segmented.SegmentedRaftLogWorker (SegmentedRaftLogWorker.java:<init>(182)) - new 5c6bb450-033d-4b31-9de4-d545ca09f4a5@group-4F5C23251FD2-SegmentedRaftLogWorker for RaftStorageImpl:Storage Directory /home/runner/work/ozone/ozone/hadoop-ozone/integration-test/target/test-dir/MiniOzoneClusterImpl-cc063b0d-8217-4a41-b176-f0c6278c97ab/datanode-0/data/ratis/15194566-c2e7-43ec-a238-4f5c23251fd2
2021-09-01 14:11:11,294 [pool-55-thread-1] INFO  server.RaftServerConfigKeys (ConfUtils.java:logGet(44)) - raft.server.log.queue.byte-limit = 2147483647 (custom)
2021-09-01 14:11:11,294 [pool-55-thread-1] INFO  server.RaftServerConfigKeys (ConfUtils.java:logGet(44)) - raft.server.log.queue.element-limit = 1024 (custom)
2021-09-01 14:11:11,294 [pool-55-thread-1] INFO  server.RaftServerConfigKeys (ConfUtils.java:logGet(44)) - raft.server.log.segment.size.max = 1048576 (custom)
2021-09-01 14:11:11,295 [pool-55-thread-1] INFO  server.RaftServerConfigKeys (ConfUtils.java:logGet(44)) - raft.server.log.preallocated.size = 16384 (custom)
2021-09-01 14:11:11,295 [pool-55-thread-1] INFO  server.RaftServerConfigKeys (ConfUtils.java:logGet(44)) - raft.server.log.force.sync.num = 128 (default)
2021-09-01 14:11:11,295 [pool-55-thread-1] INFO  server.RaftServerConfigKeys (ConfUtils.java:logGet(44)) - raft.server.log.statemachine.data.sync = true (default)
2021-09-01 14:11:11,295 [pool-55-thread-1] INFO  server.RaftServerConfigKeys (ConfUtils.java:logGet(44)) - raft.server.log.statemachine.data.sync.timeout = 10s (default)
2021-09-01 14:11:11,295 [pool-55-thread-1] INFO  server.RaftServerConfigKeys (ConfUtils.java:logGet(44)) - raft.server.log.statemachine.data.sync.timeout.retry = -1 (default)
2021-09-01 14:11:11,296 [pool-55-thread-1] INFO  server.RaftServerConfigKeys (ConfUtils.java:logGet(44)) - raft.server.log.write.buffer.size = 1048576 (custom)
2021-09-01 14:11:11,297 [pool-55-thread-1] INFO  server.RaftServerConfigKeys (ConfUtils.java:logGet(44)) - raft.server.log.statemachine.data.caching.enabled = true (custom)
2021-09-01 14:11:11,297 [pool-55-thread-1] INFO  segmented.SegmentedRaftLogWorker (SegmentedRaftLogWorker.java:lambda$new$0(133)) - 5c6bb450-033d-4b31-9de4-d545ca09f4a5@group-4F5C23251FD2-SegmentedRaftLogWorker: flushIndex: setUnconditionally 0 -> -1
2021-09-01 14:11:11,297 [pool-55-thread-1] INFO  segmented.SegmentedRaftLogWorker (SegmentedRaftLogWorker.java:lambda$new$0(133)) - 5c6bb450-033d-4b31-9de4-d545ca09f4a5@group-4F5C23251FD2-SegmentedRaftLogWorker: safeCacheEvictIndex: setUnconditionally 0 -> -1
2021-09-01 14:11:11,297 [pool-55-thread-1] INFO  server.RaftServerConfigKeys (ConfUtils.java:logGet(44)) - raft.server.snapshot.auto.trigger.enabled = true (custom)
2021-09-01 14:11:11,297 [pool-55-thread-1] INFO  server.RaftServerConfigKeys (ConfUtils.java:logGet(44)) - raft.server.snapshot.auto.trigger.threshold = 10000 (custom)
2021-09-01 14:11:11,297 [pool-55-thread-1] INFO  server.RaftServerConfigKeys (ConfUtils.java:logGet(44)) - raft.server.snapshot.retention.file.num = 5 (custom)
2021-09-01 14:11:11,297 [pool-55-thread-1] INFO  server.RaftServerConfigKeys (ConfUtils.java:logGet(44)) - raft.server.log.purge.upto.snapshot.index = false (default)
2021-09-01 14:11:11,298 [pool-55-thread-1] INFO  server.RaftServerConfigKeys (ConfUtils.java:logGet(44)) - raft.server.retrycache.expirytime = 600000ms (custom)
2021-09-01 14:11:11,298 [pool-55-thread-1] INFO  server.RaftServerConfigKeys (ConfUtils.java:logGet(44)) - raft.server.retrycache.statistics.expirytime = 100μs (default)
2021-09-01 14:11:11,299 [pool-55-thread-1] INFO  server.RaftServer$Division (RaftServerImpl.java:start(296)) - 5c6bb450-033d-4b31-9de4-d545ca09f4a5@group-4F5C23251FD2: start as a follower, conf=-1: [5a414dd0-042d-4554-a0be-5f06df5d5cdb|rpc:10.1.0.27:40947|priority:0, 5c6bb450-033d-4b31-9de4-d545ca09f4a5|rpc:10.1.0.27:34561|priority:0, 1f216d10-6a5d-4e67-b983-ab62dd80285a|rpc:10.1.0.27:36441|priority:1], old=null
2021-09-01 14:11:11,299 [pool-55-thread-1] INFO  server.RaftServer$Division (RaftServerImpl.java:setRole(285)) - 5c6bb450-033d-4b31-9de4-d545ca09f4a5@group-4F5C23251FD2: changes role from      null to FOLLOWER at term 0 for startAsFollower
2021-09-01 14:11:11,300 [pool-55-thread-1] INFO  impl.RoleInfo (RoleInfo.java:updateAndGet(130)) - 5c6bb450-033d-4b31-9de4-d545ca09f4a5: start 5c6bb450-033d-4b31-9de4-d545ca09f4a5@group-4F5C23251FD2-FollowerState
2021-09-01 14:11:11,303 [pool-55-thread-1] INFO  util.JmxRegister (JmxRegister.java:tryRegister(44)) - Successfully registered JMX Bean with object name Ratis:service=RaftServer,group=group-4F5C23251FD2,id=5c6bb450-033d-4b31-9de4-d545ca09f4a5
2021-09-01 14:11:11,304 [Command processor thread] INFO  ratis.XceiverServerRatis (XceiverServerRatis.java:addGroup(763)) - Created group PipelineID=15194566-c2e7-43ec-a238-4f5c23251fd2
2021-09-01 14:11:11,388 [Listener at 127.0.0.1/45399] INFO  ozone.MiniOzoneClusterImpl (MiniOzoneClusterImpl.java:lambda$waitForClusterToBeReady$0(235)) - Nodes are ready. Got 6 of 6 DN Heartbeats.
2021-09-01 14:11:11,388 [Listener at 127.0.0.1/45399] INFO  ozone.MiniOzoneClusterImpl (MiniOzoneClusterImpl.java:lambda$waitForClusterToBeReady$0(238)) - Waiting for cluster to exit safe mode
2021-09-01 14:11:11,388 [Listener at 127.0.0.1/45399] INFO  ozone.MiniOzoneClusterImpl (MiniOzoneClusterImpl.java:lambda$waitForClusterToBeReady$0(240)) - SCM became leader
2021-09-01 14:11:11,462 [Command processor thread] INFO  server.RaftServer (RaftServerProxy.java:addNew(95)) - 5a414dd0-042d-4554-a0be-5f06df5d5cdb: addNew group-0AC8F9DA8ADD:[5a414dd0-042d-4554-a0be-5f06df5d5cdb|rpc:10.1.0.27:40947|priority:1] returns group-0AC8F9DA8ADD:java.util.concurrent.CompletableFuture@3d455f2c[Not completed]
2021-09-01 14:11:11,467 [pool-74-thread-1] INFO  server.RaftServer$Division (RaftServerImpl.java:<init>(181)) - 5a414dd0-042d-4554-a0be-5f06df5d5cdb: new RaftServerImpl for group-0AC8F9DA8ADD:[5a414dd0-042d-4554-a0be-5f06df5d5cdb|rpc:10.1.0.27:40947|priority:1] with ContainerStateMachine:uninitialized
2021-09-01 14:11:11,469 [pool-74-thread-1] INFO  server.RaftServerConfigKeys (ConfUtils.java:logGet(44)) - raft.server.rpc.timeout.min = 5s (custom)
2021-09-01 14:11:11,469 [pool-74-thread-1] INFO  server.RaftServerConfigKeys (ConfUtils.java:logGet(44)) - raft.server.rpc.timeout.max = 5200ms (custom)
2021-09-01 14:11:11,469 [pool-74-thread-1] INFO  server.RaftServerConfigKeys (ConfUtils.java:logGet(44)) - raft.server.rpc.sleep.time = 25ms (default)
2021-09-01 14:11:11,469 [pool-74-thread-1] INFO  server.RaftServerConfigKeys (ConfUtils.java:logGet(44)) - raft.server.rpc.slowness.timeout = 300s (custom)
2021-09-01 14:11:11,469 [pool-74-thread-1] INFO  server.RaftServerConfigKeys (ConfUtils.java:logGet(44)) - raft.server.leaderelection.leader.step-down.wait-time = 10s (default)
2021-09-01 14:11:11,469 [pool-74-thread-1] INFO  server.RaftServerConfigKeys (ConfUtils.java:logGet(44)) - raft.server.sleep.deviation.threshold = 300ms (default)
2021-09-01 14:11:11,469 [pool-74-thread-1] INFO  server.RaftServerConfigKeys (ConfUtils.java:logGet(44)) - raft.server.log.appender.install.snapshot.enabled = false (custom)
2021-09-01 14:11:11,469 [pool-74-thread-1] INFO  server.RaftServer$Division (ServerState.java:<init>(105)) - 5a414dd0-042d-4554-a0be-5f06df5d5cdb@group-0AC8F9DA8ADD: ConfigurationManager, init=-1: [5a414dd0-042d-4554-a0be-5f06df5d5cdb|rpc:10.1.0.27:40947|priority:1], old=null, confs=<EMPTY_MAP>
2021-09-01 14:11:11,469 [pool-74-thread-1] INFO  server.RaftServerConfigKeys (ConfUtils.java:logGet(44)) - raft.server.storage.dir = [/home/runner/work/ozone/ozone/hadoop-ozone/integration-test/target/test-dir/MiniOzoneClusterImpl-cc063b0d-8217-4a41-b176-f0c6278c97ab/datanode-1/data/ratis] (custom)
2021-09-01 14:11:11,469 [pool-74-thread-1] INFO  server.RaftServerConfigKeys (ConfUtils.java:logGet(44)) - raft.server.log.corruption.policy = EXCEPTION (default)
2021-09-01 14:11:11,469 [pool-74-thread-1] INFO  server.RaftServerConfigKeys (ConfUtils.java:logGet(44)) - raft.server.storage.free-space.min = 0MB (=0) (default)
2021-09-01 14:11:11,470 [pool-74-thread-1] INFO  storage.RaftStorageDirectory (RaftStorageDirectoryImpl.java:analyzeStorage(135)) - The storage directory /home/runner/work/ozone/ozone/hadoop-ozone/integration-test/target/test-dir/MiniOzoneClusterImpl-cc063b0d-8217-4a41-b176-f0c6278c97ab/datanode-1/data/ratis/c990ec6e-2338-409f-9f93-0ac8f9da8add does not exist. Creating ...
2021-09-01 14:11:11,475 [pool-74-thread-1] INFO  storage.RaftStorageDirectory (RaftStorageDirectoryImpl.java:tryLock(230)) - Lock on /home/runner/work/ozone/ozone/hadoop-ozone/integration-test/target/test-dir/MiniOzoneClusterImpl-cc063b0d-8217-4a41-b176-f0c6278c97ab/datanode-1/data/ratis/c990ec6e-2338-409f-9f93-0ac8f9da8add/in_use.lock acquired by nodename 9503@fv-az148-824
2021-09-01 14:11:11,476 [pool-74-thread-1] INFO  storage.RaftStorage (RaftStorageImpl.java:format(89)) - Storage directory /home/runner/work/ozone/ozone/hadoop-ozone/integration-test/target/test-dir/MiniOzoneClusterImpl-cc063b0d-8217-4a41-b176-f0c6278c97ab/datanode-1/data/ratis/c990ec6e-2338-409f-9f93-0ac8f9da8add has been successfully formatted.
2021-09-01 14:11:11,478 [Datanode State Machine Thread - 0] WARN  statemachine.StateContext (StateContext.java:execute(621)) - No available thread in pool for past 1 seconds.
2021-09-01 14:11:11,479 [pool-74-thread-1] INFO  ratis.ContainerStateMachine (ContainerStateMachine.java:loadSnapshot(224)) - group-0AC8F9DA8ADD: The snapshot info is null. Setting the last applied indexto:(t:0, i:~)
2021-09-01 14:11:11,482 [pool-74-thread-1] INFO  server.RaftServerConfigKeys (ConfUtils.java:logGet(44)) - raft.server.notification.no-leader.timeout = 300s (custom)
2021-09-01 14:11:11,482 [pool-74-thread-1] INFO  server.RaftServerConfigKeys (ConfUtils.java:logGet(44)) - raft.server.log.use.memory = false (default)
2021-09-01 14:11:11,482 [pool-74-thread-1] INFO  server.RaftServerConfigKeys (ConfUtils.java:logGet(44)) - raft.server.log.purge.gap = 1000000 (custom)
2021-09-01 14:11:11,482 [pool-74-thread-1] INFO  server.RaftServerConfigKeys (ConfUtils.java:logGet(44)) - raft.server.log.appender.buffer.byte-limit = 33554432 (custom)
2021-09-01 14:11:11,482 [pool-74-thread-1] INFO  server.RaftServerConfigKeys (ConfUtils.java:logGet(44)) - raft.server.log.segment.size.max = 1048576 (custom)
2021-09-01 14:11:11,483 [EventQueue-PipelineReportForPipelineReportHandler] INFO  pipeline.PipelineManagerImpl (PipelineManagerImpl.java:openPipeline(282)) - Pipeline Pipeline[ Id: c990ec6e-2338-409f-9f93-0ac8f9da8add, Nodes: 5a414dd0-042d-4554-a0be-5f06df5d5cdb{ip: 10.1.0.27, host: fv-az148-824.bm4ck3pvxvsene1rjriu5fhcdb.bx.internal.cloudapp.net, ports: [REPLICATION=41385, RATIS=40947, RATIS_ADMIN=40947, RATIS_SERVER=40947, STANDALONE=34459], networkLocation: /default-rack, certSerialId: null, persistedOpState: IN_SERVICE, persistedOpStateExpiryEpochSec: 0}, ReplicationConfig: RATIS/ONE, State:ALLOCATED, leaderId:5a414dd0-042d-4554-a0be-5f06df5d5cdb, CreationTimestamp2021-09-01T14:11:08.459Z[Etc/UTC]] moved to OPEN state
2021-09-01 14:11:11,483 [pool-74-thread-1] INFO  server.RaftServerConfigKeys (ConfUtils.java:logGet(44)) - raft.server.log.segment.cache.num.max = 2 (custom)
2021-09-01 14:11:11,483 [pool-74-thread-1] INFO  server.RaftServerConfigKeys (ConfUtils.java:logGet(44)) - raft.server.log.segment.cache.size.max = 200MB (=209715200) (default)
2021-09-01 14:11:11,483 [pool-74-thread-1] INFO  segmented.SegmentedRaftLogWorker (SegmentedRaftLogWorker.java:<init>(182)) - new 5a414dd0-042d-4554-a0be-5f06df5d5cdb@group-0AC8F9DA8ADD-SegmentedRaftLogWorker for RaftStorageImpl:Storage Directory /home/runner/work/ozone/ozone/hadoop-ozone/integration-test/target/test-dir/MiniOzoneClusterImpl-cc063b0d-8217-4a41-b176-f0c6278c97ab/datanode-1/data/ratis/c990ec6e-2338-409f-9f93-0ac8f9da8add
2021-09-01 14:11:11,483 [pool-74-thread-1] INFO  server.RaftServerConfigKeys (ConfUtils.java:logGet(44)) - raft.server.log.queue.byte-limit = 2147483647 (custom)
2021-09-01 14:11:11,483 [pool-74-thread-1] INFO  server.RaftServerConfigKeys (ConfUtils.java:logGet(44)) - raft.server.log.queue.element-limit = 1024 (custom)
2021-09-01 14:11:11,483 [pool-74-thread-1] INFO  server.RaftServerConfigKeys (ConfUtils.java:logGet(44)) - raft.server.log.segment.size.max = 1048576 (custom)
2021-09-01 14:11:11,483 [pool-74-thread-1] INFO  server.RaftServerConfigKeys (ConfUtils.java:logGet(44)) - raft.server.log.preallocated.size = 16384 (custom)
2021-09-01 14:11:11,483 [pool-74-thread-1] INFO  server.RaftServerConfigKeys (ConfUtils.java:logGet(44)) - raft.server.log.force.sync.num = 128 (default)
2021-09-01 14:11:11,483 [pool-74-thread-1] INFO  server.RaftServerConfigKeys (ConfUtils.java:logGet(44)) - raft.server.log.statemachine.data.sync = true (default)
2021-09-01 14:11:11,483 [pool-74-thread-1] INFO  server.RaftServerConfigKeys (ConfUtils.java:logGet(44)) - raft.server.log.statemachine.data.sync.timeout = 10s (default)
2021-09-01 14:11:11,483 [pool-74-thread-1] INFO  server.RaftServerConfigKeys (ConfUtils.java:logGet(44)) - raft.server.log.statemachine.data.sync.timeout.retry = -1 (default)
2021-09-01 14:11:11,484 [EventQueue-OpenPipelineForHealthyPipelineSafeModeRule] INFO  safemode.SCMSafeModeManager (HealthyPipelineSafeModeRule.java:process(124)) - SCM in safe mode. Healthy pipelines reported count is 0, required healthy pipeline reported count is 1
2021-09-01 14:11:11,493 [pool-74-thread-1] INFO  server.RaftServerConfigKeys (ConfUtils.java:logGet(44)) - raft.server.log.write.buffer.size = 1048576 (custom)
2021-09-01 14:11:11,494 [pool-74-thread-1] INFO  server.RaftServerConfigKeys (ConfUtils.java:logGet(44)) - raft.server.log.statemachine.data.caching.enabled = true (custom)
2021-09-01 14:11:11,494 [pool-74-thread-1] INFO  segmented.SegmentedRaftLogWorker (SegmentedRaftLogWorker.java:lambda$new$0(133)) - 5a414dd0-042d-4554-a0be-5f06df5d5cdb@group-0AC8F9DA8ADD-SegmentedRaftLogWorker: flushIndex: setUnconditionally 0 -> -1
2021-09-01 14:11:11,494 [pool-74-thread-1] INFO  segmented.SegmentedRaftLogWorker (SegmentedRaftLogWorker.java:lambda$new$0(133)) - 5a414dd0-042d-4554-a0be-5f06df5d5cdb@group-0AC8F9DA8ADD-SegmentedRaftLogWorker: safeCacheEvictIndex: setUnconditionally 0 -> -1
2021-09-01 14:11:11,513 [pool-74-thread-1] INFO  server.RaftServerConfigKeys (ConfUtils.java:logGet(44)) - raft.server.snapshot.auto.trigger.enabled = true (custom)
2021-09-01 14:11:11,513 [pool-74-thread-1] INFO  server.RaftServerConfigKeys (ConfUtils.java:logGet(44)) - raft.server.snapshot.auto.trigger.threshold = 10000 (custom)
2021-09-01 14:11:11,513 [pool-74-thread-1] INFO  server.RaftServerConfigKeys (ConfUtils.java:logGet(44)) - raft.server.snapshot.retention.file.num = 5 (custom)
2021-09-01 14:11:11,513 [pool-74-thread-1] INFO  server.RaftServerConfigKeys (ConfUtils.java:logGet(44)) - raft.server.log.purge.upto.snapshot.index = false (default)
2021-09-01 14:11:11,513 [pool-74-thread-1] INFO  server.RaftServerConfigKeys (ConfUtils.java:logGet(44)) - raft.server.retrycache.expirytime = 600000ms (custom)
2021-09-01 14:11:11,514 [pool-74-thread-1] INFO  server.RaftServerConfigKeys (ConfUtils.java:logGet(44)) - raft.server.retrycache.statistics.expirytime = 100μs (default)
2021-09-01 14:11:11,515 [pool-74-thread-1] INFO  server.RaftServer$Division (RaftServerImpl.java:start(296)) - 5a414dd0-042d-4554-a0be-5f06df5d5cdb@group-0AC8F9DA8ADD: start as a follower, conf=-1: [5a414dd0-042d-4554-a0be-5f06df5d5cdb|rpc:10.1.0.27:40947|priority:1], old=null
2021-09-01 14:11:11,515 [pool-74-thread-1] INFO  server.RaftServer$Division (RaftServerImpl.java:setRole(285)) - 5a414dd0-042d-4554-a0be-5f06df5d5cdb@group-0AC8F9DA8ADD: changes role from      null to FOLLOWER at term 0 for startAsFollower
2021-09-01 14:11:11,515 [pool-74-thread-1] INFO  impl.RoleInfo (RoleInfo.java:updateAndGet(130)) - 5a414dd0-042d-4554-a0be-5f06df5d5cdb: start 5a414dd0-042d-4554-a0be-5f06df5d5cdb@group-0AC8F9DA8ADD-FollowerState
2021-09-01 14:11:11,518 [pool-74-thread-1] INFO  util.JmxRegister (JmxRegister.java:tryRegister(44)) - Successfully registered JMX Bean with object name Ratis:service=RaftServer,group=group-0AC8F9DA8ADD,id=5a414dd0-042d-4554-a0be-5f06df5d5cdb
2021-09-01 14:11:11,519 [Command processor thread] INFO  ratis.XceiverServerRatis (XceiverServerRatis.java:addGroup(763)) - Created group PipelineID=c990ec6e-2338-409f-9f93-0ac8f9da8add
2021-09-01 14:11:11,519 [Command processor thread] INFO  commandhandler.CreatePipelineCommandHandler (CreatePipelineCommandHandler.java:handle(106)) - Created Pipeline RATIS ONE PipelineID=c990ec6e-2338-409f-9f93-0ac8f9da8add.
2021-09-01 14:11:11,524 [Command processor thread] INFO  server.RaftServer (RaftServerProxy.java:addNew(95)) - 5a414dd0-042d-4554-a0be-5f06df5d5cdb: addNew group-4F5C23251FD2:[5a414dd0-042d-4554-a0be-5f06df5d5cdb|rpc:10.1.0.27:40947|priority:0, 5c6bb450-033d-4b31-9de4-d545ca09f4a5|rpc:10.1.0.27:34561|priority:0, 1f216d10-6a5d-4e67-b983-ab62dd80285a|rpc:10.1.0.27:36441|priority:1] returns group-4F5C23251FD2:java.util.concurrent.CompletableFuture@397adc5c[Not completed]
2021-09-01 14:11:11,550 [pool-74-thread-1] INFO  server.RaftServer$Division (RaftServerImpl.java:<init>(181)) - 5a414dd0-042d-4554-a0be-5f06df5d5cdb: new RaftServerImpl for group-4F5C23251FD2:[5a414dd0-042d-4554-a0be-5f06df5d5cdb|rpc:10.1.0.27:40947|priority:0, 5c6bb450-033d-4b31-9de4-d545ca09f4a5|rpc:10.1.0.27:34561|priority:0, 1f216d10-6a5d-4e67-b983-ab62dd80285a|rpc:10.1.0.27:36441|priority:1] with ContainerStateMachine:uninitialized
2021-09-01 14:11:11,550 [pool-74-thread-1] INFO  server.RaftServerConfigKeys (ConfUtils.java:logGet(44)) - raft.server.rpc.timeout.min = 5s (custom)
2021-09-01 14:11:11,550 [pool-74-thread-1] INFO  server.RaftServerConfigKeys (ConfUtils.java:logGet(44)) - raft.server.rpc.timeout.max = 5200ms (custom)
2021-09-01 14:11:11,550 [pool-74-thread-1] INFO  server.RaftServerConfigKeys (ConfUtils.java:logGet(44)) - raft.server.rpc.sleep.time = 25ms (default)
2021-09-01 14:11:11,550 [pool-74-thread-1] INFO  server.RaftServerConfigKeys (ConfUtils.java:logGet(44)) - raft.server.rpc.slowness.timeout = 300s (custom)
2021-09-01 14:11:11,550 [pool-74-thread-1] INFO  server.RaftServerConfigKeys (ConfUtils.java:logGet(44)) - raft.server.leaderelection.leader.step-down.wait-time = 10s (default)
2021-09-01 14:11:11,550 [pool-74-thread-1] INFO  server.RaftServerConfigKeys (ConfUtils.java:logGet(44)) - raft.server.sleep.deviation.threshold = 300ms (default)
2021-09-01 14:11:11,550 [pool-74-thread-1] INFO  server.RaftServerConfigKeys (ConfUtils.java:logGet(44)) - raft.server.log.appender.install.snapshot.enabled = false (custom)
2021-09-01 14:11:11,550 [pool-74-thread-1] INFO  server.RaftServer$Division (ServerState.java:<init>(105)) - 5a414dd0-042d-4554-a0be-5f06df5d5cdb@group-4F5C23251FD2: ConfigurationManager, init=-1: [5a414dd0-042d-4554-a0be-5f06df5d5cdb|rpc:10.1.0.27:40947|priority:0, 5c6bb450-033d-4b31-9de4-d545ca09f4a5|rpc:10.1.0.27:34561|priority:0, 1f216d10-6a5d-4e67-b983-ab62dd80285a|rpc:10.1.0.27:36441|priority:1], old=null, confs=<EMPTY_MAP>
2021-09-01 14:11:11,550 [pool-74-thread-1] INFO  server.RaftServerConfigKeys (ConfUtils.java:logGet(44)) - raft.server.storage.dir = [/home/runner/work/ozone/ozone/hadoop-ozone/integration-test/target/test-dir/MiniOzoneClusterImpl-cc063b0d-8217-4a41-b176-f0c6278c97ab/datanode-1/data/ratis] (custom)
2021-09-01 14:11:11,550 [pool-74-thread-1] INFO  server.RaftServerConfigKeys (ConfUtils.java:logGet(44)) - raft.server.log.corruption.policy = EXCEPTION (default)
2021-09-01 14:11:11,550 [pool-74-thread-1] INFO  server.RaftServerConfigKeys (ConfUtils.java:logGet(44)) - raft.server.storage.free-space.min = 0MB (=0) (default)
2021-09-01 14:11:11,550 [pool-74-thread-1] INFO  storage.RaftStorageDirectory (RaftStorageDirectoryImpl.java:analyzeStorage(135)) - The storage directory /home/runner/work/ozone/ozone/hadoop-ozone/integration-test/target/test-dir/MiniOzoneClusterImpl-cc063b0d-8217-4a41-b176-f0c6278c97ab/datanode-1/data/ratis/15194566-c2e7-43ec-a238-4f5c23251fd2 does not exist. Creating ...
2021-09-01 14:11:11,553 [pool-74-thread-1] INFO  storage.RaftStorageDirectory (RaftStorageDirectoryImpl.java:tryLock(230)) - Lock on /home/runner/work/ozone/ozone/hadoop-ozone/integration-test/target/test-dir/MiniOzoneClusterImpl-cc063b0d-8217-4a41-b176-f0c6278c97ab/datanode-1/data/ratis/15194566-c2e7-43ec-a238-4f5c23251fd2/in_use.lock acquired by nodename 9503@fv-az148-824
2021-09-01 14:11:11,554 [pool-74-thread-1] INFO  storage.RaftStorage (RaftStorageImpl.java:format(89)) - Storage directory /home/runner/work/ozone/ozone/hadoop-ozone/integration-test/target/test-dir/MiniOzoneClusterImpl-cc063b0d-8217-4a41-b176-f0c6278c97ab/datanode-1/data/ratis/15194566-c2e7-43ec-a238-4f5c23251fd2 has been successfully formatted.
2021-09-01 14:11:11,555 [pool-74-thread-1] INFO  ratis.ContainerStateMachine (ContainerStateMachine.java:loadSnapshot(224)) - group-4F5C23251FD2: The snapshot info is null. Setting the last applied indexto:(t:0, i:~)
2021-09-01 14:11:11,555 [pool-74-thread-1] INFO  server.RaftServerConfigKeys (ConfUtils.java:logGet(44)) - raft.server.notification.no-leader.timeout = 300s (custom)
2021-09-01 14:11:11,555 [pool-74-thread-1] INFO  server.RaftServerConfigKeys (ConfUtils.java:logGet(44)) - raft.server.log.use.memory = false (default)
2021-09-01 14:11:11,555 [pool-74-thread-1] INFO  server.RaftServerConfigKeys (ConfUtils.java:logGet(44)) - raft.server.log.purge.gap = 1000000 (custom)
2021-09-01 14:11:11,556 [pool-74-thread-1] INFO  server.RaftServerConfigKeys (ConfUtils.java:logGet(44)) - raft.server.log.appender.buffer.byte-limit = 33554432 (custom)
2021-09-01 14:11:11,556 [pool-74-thread-1] INFO  server.RaftServerConfigKeys (ConfUtils.java:logGet(44)) - raft.server.log.segment.size.max = 1048576 (custom)
2021-09-01 14:11:11,556 [pool-74-thread-1] INFO  server.RaftServerConfigKeys (ConfUtils.java:logGet(44)) - raft.server.log.segment.cache.num.max = 2 (custom)
2021-09-01 14:11:11,556 [pool-74-thread-1] INFO  server.RaftServerConfigKeys (ConfUtils.java:logGet(44)) - raft.server.log.segment.cache.size.max = 200MB (=209715200) (default)
2021-09-01 14:11:11,556 [pool-74-thread-1] INFO  segmented.SegmentedRaftLogWorker (SegmentedRaftLogWorker.java:<init>(182)) - new 5a414dd0-042d-4554-a0be-5f06df5d5cdb@group-4F5C23251FD2-SegmentedRaftLogWorker for RaftStorageImpl:Storage Directory /home/runner/work/ozone/ozone/hadoop-ozone/integration-test/target/test-dir/MiniOzoneClusterImpl-cc063b0d-8217-4a41-b176-f0c6278c97ab/datanode-1/data/ratis/15194566-c2e7-43ec-a238-4f5c23251fd2
2021-09-01 14:11:11,556 [pool-74-thread-1] INFO  server.RaftServerConfigKeys (ConfUtils.java:logGet(44)) - raft.server.log.queue.byte-limit = 2147483647 (custom)
2021-09-01 14:11:11,557 [pool-74-thread-1] INFO  server.RaftServerConfigKeys (ConfUtils.java:logGet(44)) - raft.server.log.queue.element-limit = 1024 (custom)
2021-09-01 14:11:11,557 [pool-74-thread-1] INFO  server.RaftServerConfigKeys (ConfUtils.java:logGet(44)) - raft.server.log.segment.size.max = 1048576 (custom)
2021-09-01 14:11:11,557 [pool-74-thread-1] INFO  server.RaftServerConfigKeys (ConfUtils.java:logGet(44)) - raft.server.log.preallocated.size = 16384 (custom)
2021-09-01 14:11:11,557 [pool-74-thread-1] INFO  server.RaftServerConfigKeys (ConfUtils.java:logGet(44)) - raft.server.log.force.sync.num = 128 (default)
2021-09-01 14:11:11,557 [pool-74-thread-1] INFO  server.RaftServerConfigKeys (ConfUtils.java:logGet(44)) - raft.server.log.statemachine.data.sync = true (default)
2021-09-01 14:11:11,557 [pool-74-thread-1] INFO  server.RaftServerConfigKeys (ConfUtils.java:logGet(44)) - raft.server.log.statemachine.data.sync.timeout = 10s (default)
2021-09-01 14:11:11,557 [pool-74-thread-1] INFO  server.RaftServerConfigKeys (ConfUtils.java:logGet(44)) - raft.server.log.statemachine.data.sync.timeout.retry = -1 (default)
2021-09-01 14:11:11,558 [pool-74-thread-1] INFO  server.RaftServerConfigKeys (ConfUtils.java:logGet(44)) - raft.server.log.write.buffer.size = 1048576 (custom)
2021-09-01 14:11:11,561 [pool-74-thread-1] INFO  server.RaftServerConfigKeys (ConfUtils.java:logGet(44)) - raft.server.log.statemachine.data.caching.enabled = true (custom)
2021-09-01 14:11:11,562 [pool-74-thread-1] INFO  segmented.SegmentedRaftLogWorker (SegmentedRaftLogWorker.java:lambda$new$0(133)) - 5a414dd0-042d-4554-a0be-5f06df5d5cdb@group-4F5C23251FD2-SegmentedRaftLogWorker: flushIndex: setUnconditionally 0 -> -1
2021-09-01 14:11:11,563 [pool-74-thread-1] INFO  segmented.SegmentedRaftLogWorker (SegmentedRaftLogWorker.java:lambda$new$0(133)) - 5a414dd0-042d-4554-a0be-5f06df5d5cdb@group-4F5C23251FD2-SegmentedRaftLogWorker: safeCacheEvictIndex: setUnconditionally 0 -> -1
2021-09-01 14:11:11,570 [pool-74-thread-1] INFO  server.RaftServerConfigKeys (ConfUtils.java:logGet(44)) - raft.server.snapshot.auto.trigger.enabled = true (custom)
2021-09-01 14:11:11,570 [pool-74-thread-1] INFO  server.RaftServerConfigKeys (ConfUtils.java:logGet(44)) - raft.server.snapshot.auto.trigger.threshold = 10000 (custom)
2021-09-01 14:11:11,570 [pool-74-thread-1] INFO  server.RaftServerConfigKeys (ConfUtils.java:logGet(44)) - raft.server.snapshot.retention.file.num = 5 (custom)
2021-09-01 14:11:11,570 [pool-74-thread-1] INFO  server.RaftServerConfigKeys (ConfUtils.java:logGet(44)) - raft.server.log.purge.upto.snapshot.index = false (default)
2021-09-01 14:11:11,570 [pool-74-thread-1] INFO  server.RaftServerConfigKeys (ConfUtils.java:logGet(44)) - raft.server.retrycache.expirytime = 600000ms (custom)
2021-09-01 14:11:11,570 [pool-74-thread-1] INFO  server.RaftServerConfigKeys (ConfUtils.java:logGet(44)) - raft.server.retrycache.statistics.expirytime = 100μs (default)
2021-09-01 14:11:11,571 [pool-74-thread-1] INFO  server.RaftServer$Division (RaftServerImpl.java:start(296)) - 5a414dd0-042d-4554-a0be-5f06df5d5cdb@group-4F5C23251FD2: start as a follower, conf=-1: [5a414dd0-042d-4554-a0be-5f06df5d5cdb|rpc:10.1.0.27:40947|priority:0, 5c6bb450-033d-4b31-9de4-d545ca09f4a5|rpc:10.1.0.27:34561|priority:0, 1f216d10-6a5d-4e67-b983-ab62dd80285a|rpc:10.1.0.27:36441|priority:1], old=null
2021-09-01 14:11:11,571 [pool-74-thread-1] INFO  server.RaftServer$Division (RaftServerImpl.java:setRole(285)) - 5a414dd0-042d-4554-a0be-5f06df5d5cdb@group-4F5C23251FD2: changes role from      null to FOLLOWER at term 0 for startAsFollower
2021-09-01 14:11:11,571 [pool-74-thread-1] INFO  impl.RoleInfo (RoleInfo.java:updateAndGet(130)) - 5a414dd0-042d-4554-a0be-5f06df5d5cdb: start 5a414dd0-042d-4554-a0be-5f06df5d5cdb@group-4F5C23251FD2-FollowerState
2021-09-01 14:11:11,573 [pool-74-thread-1] INFO  util.JmxRegister (JmxRegister.java:tryRegister(44)) - Successfully registered JMX Bean with object name Ratis:service=RaftServer,group=group-4F5C23251FD2,id=5a414dd0-042d-4554-a0be-5f06df5d5cdb
2021-09-01 14:11:11,581 [Command processor thread] INFO  ratis.XceiverServerRatis (XceiverServerRatis.java:addGroup(763)) - Created group PipelineID=15194566-c2e7-43ec-a238-4f5c23251fd2
2021-09-01 14:11:11,587 [EventQueue-OpenPipelineForHealthyPipelineSafeModeRule] INFO  safemode.SCMSafeModeManager (HealthyPipelineSafeModeRule.java:process(124)) - SCM in safe mode. Healthy pipelines reported count is 0, required healthy pipeline reported count is 1
2021-09-01 14:11:11,837 [Command processor thread] INFO  server.RaftServer (RaftServerProxy.java:addNew(95)) - 1f216d10-6a5d-4e67-b983-ab62dd80285a: addNew group-E2BE6F1CA809:[1f216d10-6a5d-4e67-b983-ab62dd80285a|rpc:10.1.0.27:36441|priority:1] returns group-E2BE6F1CA809:java.util.concurrent.CompletableFuture@76d2b3c7[Not completed]
2021-09-01 14:11:11,856 [pool-93-thread-1] INFO  server.RaftServer$Division (RaftServerImpl.java:<init>(181)) - 1f216d10-6a5d-4e67-b983-ab62dd80285a: new RaftServerImpl for group-E2BE6F1CA809:[1f216d10-6a5d-4e67-b983-ab62dd80285a|rpc:10.1.0.27:36441|priority:1] with ContainerStateMachine:uninitialized
2021-09-01 14:11:11,859 [pool-93-thread-1] INFO  server.RaftServerConfigKeys (ConfUtils.java:logGet(44)) - raft.server.rpc.timeout.min = 5s (custom)
2021-09-01 14:11:11,859 [pool-93-thread-1] INFO  server.RaftServerConfigKeys (ConfUtils.java:logGet(44)) - raft.server.rpc.timeout.max = 5200ms (custom)
2021-09-01 14:11:11,859 [pool-93-thread-1] INFO  server.RaftServerConfigKeys (ConfUtils.java:logGet(44)) - raft.server.rpc.sleep.time = 25ms (default)
2021-09-01 14:11:11,859 [pool-93-thread-1] INFO  server.RaftServerConfigKeys (ConfUtils.java:logGet(44)) - raft.server.rpc.slowness.timeout = 300s (custom)
2021-09-01 14:11:11,860 [pool-93-thread-1] INFO  server.RaftServerConfigKeys (ConfUtils.java:logGet(44)) - raft.server.leaderelection.leader.step-down.wait-time = 10s (default)
2021-09-01 14:11:11,860 [pool-93-thread-1] INFO  server.RaftServerConfigKeys (ConfUtils.java:logGet(44)) - raft.server.sleep.deviation.threshold = 300ms (default)
2021-09-01 14:11:11,860 [pool-93-thread-1] INFO  server.RaftServerConfigKeys (ConfUtils.java:logGet(44)) - raft.server.log.appender.install.snapshot.enabled = false (custom)
2021-09-01 14:11:11,860 [pool-93-thread-1] INFO  server.RaftServer$Division (ServerState.java:<init>(105)) - 1f216d10-6a5d-4e67-b983-ab62dd80285a@group-E2BE6F1CA809: ConfigurationManager, init=-1: [1f216d10-6a5d-4e67-b983-ab62dd80285a|rpc:10.1.0.27:36441|priority:1], old=null, confs=<EMPTY_MAP>
2021-09-01 14:11:11,860 [pool-93-thread-1] INFO  server.RaftServerConfigKeys (ConfUtils.java:logGet(44)) - raft.server.storage.dir = [/home/runner/work/ozone/ozone/hadoop-ozone/integration-test/target/test-dir/MiniOzoneClusterImpl-cc063b0d-8217-4a41-b176-f0c6278c97ab/datanode-2/data/ratis] (custom)
2021-09-01 14:11:11,860 [pool-93-thread-1] INFO  server.RaftServerConfigKeys (ConfUtils.java:logGet(44)) - raft.server.log.corruption.policy = EXCEPTION (default)
2021-09-01 14:11:11,861 [pool-93-thread-1] INFO  server.RaftServerConfigKeys (ConfUtils.java:logGet(44)) - raft.server.storage.free-space.min = 0MB (=0) (default)
2021-09-01 14:11:11,861 [pool-93-thread-1] INFO  storage.RaftStorageDirectory (RaftStorageDirectoryImpl.java:analyzeStorage(135)) - The storage directory /home/runner/work/ozone/ozone/hadoop-ozone/integration-test/target/test-dir/MiniOzoneClusterImpl-cc063b0d-8217-4a41-b176-f0c6278c97ab/datanode-2/data/ratis/8cb1bf33-e544-4c80-a5e5-e2be6f1ca809 does not exist. Creating ...
2021-09-01 14:11:11,862 [pool-93-thread-1] INFO  storage.RaftStorageDirectory (RaftStorageDirectoryImpl.java:tryLock(230)) - Lock on /home/runner/work/ozone/ozone/hadoop-ozone/integration-test/target/test-dir/MiniOzoneClusterImpl-cc063b0d-8217-4a41-b176-f0c6278c97ab/datanode-2/data/ratis/8cb1bf33-e544-4c80-a5e5-e2be6f1ca809/in_use.lock acquired by nodename 9503@fv-az148-824
2021-09-01 14:11:11,863 [pool-93-thread-1] INFO  storage.RaftStorage (RaftStorageImpl.java:format(89)) - Storage directory /home/runner/work/ozone/ozone/hadoop-ozone/integration-test/target/test-dir/MiniOzoneClusterImpl-cc063b0d-8217-4a41-b176-f0c6278c97ab/datanode-2/data/ratis/8cb1bf33-e544-4c80-a5e5-e2be6f1ca809 has been successfully formatted.
2021-09-01 14:11:11,866 [pool-93-thread-1] INFO  ratis.ContainerStateMachine (ContainerStateMachine.java:loadSnapshot(224)) - group-E2BE6F1CA809: The snapshot info is null. Setting the last applied indexto:(t:0, i:~)
2021-09-01 14:11:11,867 [pool-93-thread-1] INFO  server.RaftServerConfigKeys (ConfUtils.java:logGet(44)) - raft.server.notification.no-leader.timeout = 300s (custom)
2021-09-01 14:11:11,867 [pool-93-thread-1] INFO  server.RaftServerConfigKeys (ConfUtils.java:logGet(44)) - raft.server.log.use.memory = false (default)
2021-09-01 14:11:11,867 [pool-93-thread-1] INFO  server.RaftServerConfigKeys (ConfUtils.java:logGet(44)) - raft.server.log.purge.gap = 1000000 (custom)
2021-09-01 14:11:11,867 [pool-93-thread-1] INFO  server.RaftServerConfigKeys (ConfUtils.java:logGet(44)) - raft.server.log.appender.buffer.byte-limit = 33554432 (custom)
2021-09-01 14:11:11,867 [EventQueue-PipelineReportForPipelineReportHandler] INFO  pipeline.PipelineManagerImpl (PipelineManagerImpl.java:openPipeline(282)) - Pipeline Pipeline[ Id: 8cb1bf33-e544-4c80-a5e5-e2be6f1ca809, Nodes: 1f216d10-6a5d-4e67-b983-ab62dd80285a{ip: 10.1.0.27, host: fv-az148-824.bm4ck3pvxvsene1rjriu5fhcdb.bx.internal.cloudapp.net, ports: [REPLICATION=40941, RATIS=36441, RATIS_ADMIN=36441, RATIS_SERVER=36441, STANDALONE=46147], networkLocation: /default-rack, certSerialId: null, persistedOpState: IN_SERVICE, persistedOpStateExpiryEpochSec: 0}, ReplicationConfig: RATIS/ONE, State:ALLOCATED, leaderId:1f216d10-6a5d-4e67-b983-ab62dd80285a, CreationTimestamp2021-09-01T14:11:08.842Z[Etc/UTC]] moved to OPEN state
2021-09-01 14:11:11,867 [pool-93-thread-1] INFO  server.RaftServerConfigKeys (ConfUtils.java:logGet(44)) - raft.server.log.segment.size.max = 1048576 (custom)
2021-09-01 14:11:11,868 [EventQueue-OpenPipelineForHealthyPipelineSafeModeRule] INFO  safemode.SCMSafeModeManager (HealthyPipelineSafeModeRule.java:process(124)) - SCM in safe mode. Healthy pipelines reported count is 0, required healthy pipeline reported count is 1
2021-09-01 14:11:11,874 [pool-93-thread-1] INFO  server.RaftServerConfigKeys (ConfUtils.java:logGet(44)) - raft.server.log.segment.cache.num.max = 2 (custom)
2021-09-01 14:11:11,881 [pool-93-thread-1] INFO  server.RaftServerConfigKeys (ConfUtils.java:logGet(44)) - raft.server.log.segment.cache.size.max = 200MB (=209715200) (default)
2021-09-01 14:11:11,881 [pool-93-thread-1] INFO  segmented.SegmentedRaftLogWorker (SegmentedRaftLogWorker.java:<init>(182)) - new 1f216d10-6a5d-4e67-b983-ab62dd80285a@group-E2BE6F1CA809-SegmentedRaftLogWorker for RaftStorageImpl:Storage Directory /home/runner/work/ozone/ozone/hadoop-ozone/integration-test/target/test-dir/MiniOzoneClusterImpl-cc063b0d-8217-4a41-b176-f0c6278c97ab/datanode-2/data/ratis/8cb1bf33-e544-4c80-a5e5-e2be6f1ca809
2021-09-01 14:11:11,881 [pool-93-thread-1] INFO  server.RaftServerConfigKeys (ConfUtils.java:logGet(44)) - raft.server.log.queue.byte-limit = 2147483647 (custom)
2021-09-01 14:11:11,881 [pool-93-thread-1] INFO  server.RaftServerConfigKeys (ConfUtils.java:logGet(44)) - raft.server.log.queue.element-limit = 1024 (custom)
2021-09-01 14:11:11,881 [pool-93-thread-1] INFO  server.RaftServerConfigKeys (ConfUtils.java:logGet(44)) - raft.server.log.segment.size.max = 1048576 (custom)
2021-09-01 14:11:11,881 [pool-93-thread-1] INFO  server.RaftServerConfigKeys (ConfUtils.java:logGet(44)) - raft.server.log.preallocated.size = 16384 (custom)
2021-09-01 14:11:11,881 [pool-93-thread-1] INFO  server.RaftServerConfigKeys (ConfUtils.java:logGet(44)) - raft.server.log.force.sync.num = 128 (default)
2021-09-01 14:11:11,881 [pool-93-thread-1] INFO  server.RaftServerConfigKeys (ConfUtils.java:logGet(44)) - raft.server.log.statemachine.data.sync = true (default)
2021-09-01 14:11:11,881 [pool-93-thread-1] INFO  server.RaftServerConfigKeys (ConfUtils.java:logGet(44)) - raft.server.log.statemachine.data.sync.timeout = 10s (default)
2021-09-01 14:11:11,881 [pool-93-thread-1] INFO  server.RaftServerConfigKeys (ConfUtils.java:logGet(44)) - raft.server.log.statemachine.data.sync.timeout.retry = -1 (default)
2021-09-01 14:11:11,882 [pool-93-thread-1] INFO  server.RaftServerConfigKeys (ConfUtils.java:logGet(44)) - raft.server.log.write.buffer.size = 1048576 (custom)
2021-09-01 14:11:11,882 [pool-93-thread-1] INFO  server.RaftServerConfigKeys (ConfUtils.java:logGet(44)) - raft.server.log.statemachine.data.caching.enabled = true (custom)
2021-09-01 14:11:11,883 [pool-93-thread-1] INFO  segmented.SegmentedRaftLogWorker (SegmentedRaftLogWorker.java:lambda$new$0(133)) - 1f216d10-6a5d-4e67-b983-ab62dd80285a@group-E2BE6F1CA809-SegmentedRaftLogWorker: flushIndex: setUnconditionally 0 -> -1
2021-09-01 14:11:11,883 [pool-93-thread-1] INFO  segmented.SegmentedRaftLogWorker (SegmentedRaftLogWorker.java:lambda$new$0(133)) - 1f216d10-6a5d-4e67-b983-ab62dd80285a@group-E2BE6F1CA809-SegmentedRaftLogWorker: safeCacheEvictIndex: setUnconditionally 0 -> -1
2021-09-01 14:11:11,886 [pool-93-thread-1] INFO  server.RaftServerConfigKeys (ConfUtils.java:logGet(44)) - raft.server.snapshot.auto.trigger.enabled = true (custom)
2021-09-01 14:11:11,887 [pool-93-thread-1] INFO  server.RaftServerConfigKeys (ConfUtils.java:logGet(44)) - raft.server.snapshot.auto.trigger.threshold = 10000 (custom)
2021-09-01 14:11:11,887 [pool-93-thread-1] INFO  server.RaftServerConfigKeys (ConfUtils.java:logGet(44)) - raft.server.snapshot.retention.file.num = 5 (custom)
2021-09-01 14:11:11,887 [pool-93-thread-1] INFO  server.RaftServerConfigKeys (ConfUtils.java:logGet(44)) - raft.server.log.purge.upto.snapshot.index = false (default)
2021-09-01 14:11:11,887 [pool-93-thread-1] INFO  server.RaftServerConfigKeys (ConfUtils.java:logGet(44)) - raft.server.retrycache.expirytime = 600000ms (custom)
2021-09-01 14:11:11,887 [pool-93-thread-1] INFO  server.RaftServerConfigKeys (ConfUtils.java:logGet(44)) - raft.server.retrycache.statistics.expirytime = 100μs (default)
2021-09-01 14:11:11,889 [pool-93-thread-1] INFO  server.RaftServer$Division (RaftServerImpl.java:start(296)) - 1f216d10-6a5d-4e67-b983-ab62dd80285a@group-E2BE6F1CA809: start as a follower, conf=-1: [1f216d10-6a5d-4e67-b983-ab62dd80285a|rpc:10.1.0.27:36441|priority:1], old=null
2021-09-01 14:11:11,890 [pool-93-thread-1] INFO  server.RaftServer$Division (RaftServerImpl.java:setRole(285)) - 1f216d10-6a5d-4e67-b983-ab62dd80285a@group-E2BE6F1CA809: changes role from      null to FOLLOWER at term 0 for startAsFollower
2021-09-01 14:11:11,895 [pool-93-thread-1] INFO  impl.RoleInfo (RoleInfo.java:updateAndGet(130)) - 1f216d10-6a5d-4e67-b983-ab62dd80285a: start 1f216d10-6a5d-4e67-b983-ab62dd80285a@group-E2BE6F1CA809-FollowerState
2021-09-01 14:11:11,896 [pool-93-thread-1] INFO  util.JmxRegister (JmxRegister.java:tryRegister(44)) - Successfully registered JMX Bean with object name Ratis:service=RaftServer,group=group-E2BE6F1CA809,id=1f216d10-6a5d-4e67-b983-ab62dd80285a
2021-09-01 14:11:11,902 [grpc-default-executor-0] INFO  server.RaftServer (RaftServerProxy.java:addNew(95)) - 1f216d10-6a5d-4e67-b983-ab62dd80285a: addNew group-4F5C23251FD2:[5a414dd0-042d-4554-a0be-5f06df5d5cdb|rpc:10.1.0.27:40947|dataStream:|priority:0, 5c6bb450-033d-4b31-9de4-d545ca09f4a5|rpc:10.1.0.27:34561|dataStream:|priority:0, 1f216d10-6a5d-4e67-b983-ab62dd80285a|rpc:10.1.0.27:36441|dataStream:|priority:1] returns group-4F5C23251FD2:java.util.concurrent.CompletableFuture@4b3aa3f9[Not completed]
2021-09-01 14:11:11,902 [Command processor thread] INFO  ratis.XceiverServerRatis (XceiverServerRatis.java:addGroup(763)) - Created group PipelineID=8cb1bf33-e544-4c80-a5e5-e2be6f1ca809
2021-09-01 14:11:11,903 [pool-93-thread-1] INFO  server.RaftServer$Division (RaftServerImpl.java:<init>(181)) - 1f216d10-6a5d-4e67-b983-ab62dd80285a: new RaftServerImpl for group-4F5C23251FD2:[5a414dd0-042d-4554-a0be-5f06df5d5cdb|rpc:10.1.0.27:40947|dataStream:|priority:0, 5c6bb450-033d-4b31-9de4-d545ca09f4a5|rpc:10.1.0.27:34561|dataStream:|priority:0, 1f216d10-6a5d-4e67-b983-ab62dd80285a|rpc:10.1.0.27:36441|dataStream:|priority:1] with ContainerStateMachine:uninitialized
2021-09-01 14:11:11,904 [pool-93-thread-1] INFO  server.RaftServerConfigKeys (ConfUtils.java:logGet(44)) - raft.server.rpc.timeout.min = 5s (custom)
2021-09-01 14:11:11,904 [pool-93-thread-1] INFO  server.RaftServerConfigKeys (ConfUtils.java:logGet(44)) - raft.server.rpc.timeout.max = 5200ms (custom)
2021-09-01 14:11:11,904 [pool-93-thread-1] INFO  server.RaftServerConfigKeys (ConfUtils.java:logGet(44)) - raft.server.rpc.sleep.time = 25ms (default)
2021-09-01 14:11:11,904 [pool-93-thread-1] INFO  server.RaftServerConfigKeys (ConfUtils.java:logGet(44)) - raft.server.rpc.slowness.timeout = 300s (custom)
2021-09-01 14:11:11,904 [pool-93-thread-1] INFO  server.RaftServerConfigKeys (ConfUtils.java:logGet(44)) - raft.server.leaderelection.leader.step-down.wait-time = 10s (default)
2021-09-01 14:11:11,904 [pool-93-thread-1] INFO  server.RaftServerConfigKeys (ConfUtils.java:logGet(44)) - raft.server.sleep.deviation.threshold = 300ms (default)
2021-09-01 14:11:11,904 [pool-93-thread-1] INFO  server.RaftServerConfigKeys (ConfUtils.java:logGet(44)) - raft.server.log.appender.install.snapshot.enabled = false (custom)
2021-09-01 14:11:11,904 [pool-93-thread-1] INFO  server.RaftServer$Division (ServerState.java:<init>(105)) - 1f216d10-6a5d-4e67-b983-ab62dd80285a@group-4F5C23251FD2: ConfigurationManager, init=-1: [5a414dd0-042d-4554-a0be-5f06df5d5cdb|rpc:10.1.0.27:40947|dataStream:|priority:0, 5c6bb450-033d-4b31-9de4-d545ca09f4a5|rpc:10.1.0.27:34561|dataStream:|priority:0, 1f216d10-6a5d-4e67-b983-ab62dd80285a|rpc:10.1.0.27:36441|dataStream:|priority:1], old=null, confs=<EMPTY_MAP>
2021-09-01 14:11:11,904 [pool-93-thread-1] INFO  server.RaftServerConfigKeys (ConfUtils.java:logGet(44)) - raft.server.storage.dir = [/home/runner/work/ozone/ozone/hadoop-ozone/integration-test/target/test-dir/MiniOzoneClusterImpl-cc063b0d-8217-4a41-b176-f0c6278c97ab/datanode-2/data/ratis] (custom)
2021-09-01 14:11:11,904 [pool-93-thread-1] INFO  server.RaftServerConfigKeys (ConfUtils.java:logGet(44)) - raft.server.log.corruption.policy = EXCEPTION (default)
2021-09-01 14:11:11,904 [pool-93-thread-1] INFO  server.RaftServerConfigKeys (ConfUtils.java:logGet(44)) - raft.server.storage.free-space.min = 0MB (=0) (default)
2021-09-01 14:11:11,904 [pool-93-thread-1] INFO  storage.RaftStorageDirectory (RaftStorageDirectoryImpl.java:analyzeStorage(135)) - The storage directory /home/runner/work/ozone/ozone/hadoop-ozone/integration-test/target/test-dir/MiniOzoneClusterImpl-cc063b0d-8217-4a41-b176-f0c6278c97ab/datanode-2/data/ratis/15194566-c2e7-43ec-a238-4f5c23251fd2 does not exist. Creating ...
2021-09-01 14:11:11,902 [Command processor thread] INFO  commandhandler.CreatePipelineCommandHandler (CreatePipelineCommandHandler.java:handle(106)) - Created Pipeline RATIS ONE PipelineID=8cb1bf33-e544-4c80-a5e5-e2be6f1ca809.
2021-09-01 14:11:11,910 [pool-93-thread-1] INFO  storage.RaftStorageDirectory (RaftStorageDirectoryImpl.java:tryLock(230)) - Lock on /home/runner/work/ozone/ozone/hadoop-ozone/integration-test/target/test-dir/MiniOzoneClusterImpl-cc063b0d-8217-4a41-b176-f0c6278c97ab/datanode-2/data/ratis/15194566-c2e7-43ec-a238-4f5c23251fd2/in_use.lock acquired by nodename 9503@fv-az148-824
2021-09-01 14:11:11,910 [Command processor thread] ERROR commandhandler.CreatePipelineCommandHandler (CreatePipelineCommandHandler.java:handle(111)) - Can't create pipeline RATIS THREE PipelineID=15194566-c2e7-43ec-a238-4f5c23251fd2
java.io.IOException: 1f216d10-6a5d-4e67-b983-ab62dd80285a: Failed to add group-4F5C23251FD2:[5a414dd0-042d-4554-a0be-5f06df5d5cdb|rpc:10.1.0.27:40947|priority:0, 5c6bb450-033d-4b31-9de4-d545ca09f4a5|rpc:10.1.0.27:34561|priority:0, 1f216d10-6a5d-4e67-b983-ab62dd80285a|rpc:10.1.0.27:36441|priority:1] since the group already exists in the map.
	at org.apache.hadoop.ozone.container.common.transport.server.ratis.XceiverServerRatis.addGroup(XceiverServerRatis.java:760)
	at org.apache.hadoop.ozone.container.common.statemachine.commandhandler.CreatePipelineCommandHandler.handle(CreatePipelineCommandHandler.java:92)
	at org.apache.hadoop.ozone.container.common.statemachine.commandhandler.CommandDispatcher.handle(CommandDispatcher.java:99)
	at org.apache.hadoop.ozone.container.common.statemachine.DatanodeStateMachine.lambda$initCommandHandlerThread$2(DatanodeStateMachine.java:556)
	at java.lang.Thread.run(Thread.java:748)
Caused by: org.apache.ratis.protocol.exceptions.AlreadyExistsException: 1f216d10-6a5d-4e67-b983-ab62dd80285a: Failed to add group-4F5C23251FD2:[5a414dd0-042d-4554-a0be-5f06df5d5cdb|rpc:10.1.0.27:40947|priority:0, 5c6bb450-033d-4b31-9de4-d545ca09f4a5|rpc:10.1.0.27:34561|priority:0, 1f216d10-6a5d-4e67-b983-ab62dd80285a|rpc:10.1.0.27:36441|priority:1] since the group already exists in the map.
	at org.apache.ratis.server.impl.RaftServerProxy$ImplMap.addNew(RaftServerProxy.java:89)
	at org.apache.ratis.server.impl.RaftServerProxy.groupAddAsync(RaftServerProxy.java:472)
	at org.apache.ratis.server.impl.RaftServerProxy.groupManagementAsync(RaftServerProxy.java:456)
	at org.apache.ratis.server.impl.RaftServerProxy.groupManagement(RaftServerProxy.java:440)
	at org.apache.hadoop.ozone.container.common.transport.server.ratis.XceiverServerRatis.addGroup(XceiverServerRatis.java:758)
	... 4 more
2021-09-01 14:11:11,911 [pool-93-thread-1] INFO  storage.RaftStorage (RaftStorageImpl.java:format(89)) - Storage directory /home/runner/work/ozone/ozone/hadoop-ozone/integration-test/target/test-dir/MiniOzoneClusterImpl-cc063b0d-8217-4a41-b176-f0c6278c97ab/datanode-2/data/ratis/15194566-c2e7-43ec-a238-4f5c23251fd2 has been successfully formatted.
2021-09-01 14:11:11,913 [pool-93-thread-1] INFO  ratis.ContainerStateMachine (ContainerStateMachine.java:loadSnapshot(224)) - group-4F5C23251FD2: The snapshot info is null. Setting the last applied indexto:(t:0, i:~)
2021-09-01 14:11:11,914 [pool-93-thread-1] INFO  server.RaftServerConfigKeys (ConfUtils.java:logGet(44)) - raft.server.notification.no-leader.timeout = 300s (custom)
2021-09-01 14:11:11,914 [pool-93-thread-1] INFO  server.RaftServerConfigKeys (ConfUtils.java:logGet(44)) - raft.server.log.use.memory = false (default)
2021-09-01 14:11:11,914 [Datanode State Machine Thread - 0] WARN  statemachine.StateContext (StateContext.java:execute(621)) - No available thread in pool for past 1 seconds.
2021-09-01 14:11:11,914 [pool-93-thread-1] INFO  server.RaftServerConfigKeys (ConfUtils.java:logGet(44)) - raft.server.log.purge.gap = 1000000 (custom)
2021-09-01 14:11:11,919 [pool-93-thread-1] INFO  server.RaftServerConfigKeys (ConfUtils.java:logGet(44)) - raft.server.log.appender.buffer.byte-limit = 33554432 (custom)
2021-09-01 14:11:11,919 [pool-93-thread-1] INFO  server.RaftServerConfigKeys (ConfUtils.java:logGet(44)) - raft.server.log.segment.size.max = 1048576 (custom)
2021-09-01 14:11:11,920 [pool-93-thread-1] INFO  server.RaftServerConfigKeys (ConfUtils.java:logGet(44)) - raft.server.log.segment.cache.num.max = 2 (custom)
2021-09-01 14:11:11,920 [pool-93-thread-1] INFO  server.RaftServerConfigKeys (ConfUtils.java:logGet(44)) - raft.server.log.segment.cache.size.max = 200MB (=209715200) (default)
2021-09-01 14:11:11,920 [pool-93-thread-1] INFO  segmented.SegmentedRaftLogWorker (SegmentedRaftLogWorker.java:<init>(182)) - new 1f216d10-6a5d-4e67-b983-ab62dd80285a@group-4F5C23251FD2-SegmentedRaftLogWorker for RaftStorageImpl:Storage Directory /home/runner/work/ozone/ozone/hadoop-ozone/integration-test/target/test-dir/MiniOzoneClusterImpl-cc063b0d-8217-4a41-b176-f0c6278c97ab/datanode-2/data/ratis/15194566-c2e7-43ec-a238-4f5c23251fd2
2021-09-01 14:11:11,920 [pool-93-thread-1] INFO  server.RaftServerConfigKeys (ConfUtils.java:logGet(44)) - raft.server.log.queue.byte-limit = 2147483647 (custom)
2021-09-01 14:11:11,920 [pool-93-thread-1] INFO  server.RaftServerConfigKeys (ConfUtils.java:logGet(44)) - raft.server.log.queue.element-limit = 1024 (custom)
2021-09-01 14:11:11,921 [pool-93-thread-1] INFO  server.RaftServerConfigKeys (ConfUtils.java:logGet(44)) - raft.server.log.segment.size.max = 1048576 (custom)
2021-09-01 14:11:11,922 [pool-93-thread-1] INFO  server.RaftServerConfigKeys (ConfUtils.java:logGet(44)) - raft.server.log.preallocated.size = 16384 (custom)
2021-09-01 14:11:11,922 [pool-93-thread-1] INFO  server.RaftServerConfigKeys (ConfUtils.java:logGet(44)) - raft.server.log.force.sync.num = 128 (default)
2021-09-01 14:11:11,922 [pool-93-thread-1] INFO  server.RaftServerConfigKeys (ConfUtils.java:logGet(44)) - raft.server.log.statemachine.data.sync = true (default)
2021-09-01 14:11:11,922 [pool-93-thread-1] INFO  server.RaftServerConfigKeys (ConfUtils.java:logGet(44)) - raft.server.log.statemachine.data.sync.timeout = 10s (default)
2021-09-01 14:11:11,922 [pool-93-thread-1] INFO  server.RaftServerConfigKeys (ConfUtils.java:logGet(44)) - raft.server.log.statemachine.data.sync.timeout.retry = -1 (default)
2021-09-01 14:11:11,922 [pool-93-thread-1] INFO  server.RaftServerConfigKeys (ConfUtils.java:logGet(44)) - raft.server.log.write.buffer.size = 1048576 (custom)
2021-09-01 14:11:11,922 [EventQueue-OpenPipelineForHealthyPipelineSafeModeRule] INFO  safemode.SCMSafeModeManager (HealthyPipelineSafeModeRule.java:process(124)) - SCM in safe mode. Healthy pipelines reported count is 0, required healthy pipeline reported count is 1
2021-09-01 14:11:11,921 [Command processor thread] INFO  commandhandler.CreatePipelineCommandHandler (CreatePipelineCommandHandler.java:handle(106)) - Created Pipeline RATIS THREE PipelineID=15194566-c2e7-43ec-a238-4f5c23251fd2.
2021-09-01 14:11:11,923 [pool-93-thread-1] INFO  server.RaftServerConfigKeys (ConfUtils.java:logGet(44)) - raft.server.log.statemachine.data.caching.enabled = true (custom)
2021-09-01 14:11:11,923 [pool-93-thread-1] INFO  segmented.SegmentedRaftLogWorker (SegmentedRaftLogWorker.java:lambda$new$0(133)) - 1f216d10-6a5d-4e67-b983-ab62dd80285a@group-4F5C23251FD2-SegmentedRaftLogWorker: flushIndex: setUnconditionally 0 -> -1
2021-09-01 14:11:11,923 [pool-93-thread-1] INFO  segmented.SegmentedRaftLogWorker (SegmentedRaftLogWorker.java:lambda$new$0(133)) - 1f216d10-6a5d-4e67-b983-ab62dd80285a@group-4F5C23251FD2-SegmentedRaftLogWorker: safeCacheEvictIndex: setUnconditionally 0 -> -1
2021-09-01 14:11:11,923 [pool-93-thread-1] INFO  server.RaftServerConfigKeys (ConfUtils.java:logGet(44)) - raft.server.snapshot.auto.trigger.enabled = true (custom)
2021-09-01 14:11:11,923 [pool-93-thread-1] INFO  server.RaftServerConfigKeys (ConfUtils.java:logGet(44)) - raft.server.snapshot.auto.trigger.threshold = 10000 (custom)
2021-09-01 14:11:11,923 [pool-93-thread-1] INFO  server.RaftServerConfigKeys (ConfUtils.java:logGet(44)) - raft.server.snapshot.retention.file.num = 5 (custom)
2021-09-01 14:11:11,923 [pool-93-thread-1] INFO  server.RaftServerConfigKeys (ConfUtils.java:logGet(44)) - raft.server.log.purge.upto.snapshot.index = false (default)
2021-09-01 14:11:11,923 [pool-93-thread-1] INFO  server.RaftServerConfigKeys (ConfUtils.java:logGet(44)) - raft.server.retrycache.expirytime = 600000ms (custom)
2021-09-01 14:11:11,924 [pool-93-thread-1] INFO  server.RaftServerConfigKeys (ConfUtils.java:logGet(44)) - raft.server.retrycache.statistics.expirytime = 100μs (default)
2021-09-01 14:11:11,924 [pool-93-thread-1] INFO  server.RaftServer$Division (RaftServerImpl.java:start(296)) - 1f216d10-6a5d-4e67-b983-ab62dd80285a@group-4F5C23251FD2: start as a follower, conf=-1: [5a414dd0-042d-4554-a0be-5f06df5d5cdb|rpc:10.1.0.27:40947|dataStream:|priority:0, 5c6bb450-033d-4b31-9de4-d545ca09f4a5|rpc:10.1.0.27:34561|dataStream:|priority:0, 1f216d10-6a5d-4e67-b983-ab62dd80285a|rpc:10.1.0.27:36441|dataStream:|priority:1], old=null
2021-09-01 14:11:11,925 [pool-93-thread-1] INFO  server.RaftServer$Division (RaftServerImpl.java:setRole(285)) - 1f216d10-6a5d-4e67-b983-ab62dd80285a@group-4F5C23251FD2: changes role from      null to FOLLOWER at term 0 for startAsFollower
2021-09-01 14:11:11,925 [pool-93-thread-1] INFO  impl.RoleInfo (RoleInfo.java:updateAndGet(130)) - 1f216d10-6a5d-4e67-b983-ab62dd80285a: start 1f216d10-6a5d-4e67-b983-ab62dd80285a@group-4F5C23251FD2-FollowerState
2021-09-01 14:11:11,929 [pool-93-thread-1] INFO  util.JmxRegister (JmxRegister.java:tryRegister(44)) - Successfully registered JMX Bean with object name Ratis:service=RaftServer,group=group-4F5C23251FD2,id=1f216d10-6a5d-4e67-b983-ab62dd80285a
2021-09-01 14:11:11,957 [Command processor thread] INFO  commandhandler.CreatePipelineCommandHandler (CreatePipelineCommandHandler.java:handle(106)) - Created Pipeline RATIS THREE PipelineID=15194566-c2e7-43ec-a238-4f5c23251fd2.
2021-09-01 14:11:11,989 [ReplicationMonitor] INFO  container.ReplicationManager (ReplicationManager.java:processAll(359)) - Replication Monitor Thread took 0 milliseconds for processing 0 containers.
2021-09-01 14:11:12,067 [Command processor thread] INFO  server.RaftServer (RaftServerProxy.java:addNew(95)) - 059685a6-7ba3-46e9-8034-8f2949cd639c: addNew group-F9EA12F3E638:[059685a6-7ba3-46e9-8034-8f2949cd639c|rpc:10.1.0.27:44709|priority:1] returns group-F9EA12F3E638:java.util.concurrent.CompletableFuture@3e250328[Not completed]
2021-09-01 14:11:12,071 [pool-112-thread-1] INFO  server.RaftServer$Division (RaftServerImpl.java:<init>(181)) - 059685a6-7ba3-46e9-8034-8f2949cd639c: new RaftServerImpl for group-F9EA12F3E638:[059685a6-7ba3-46e9-8034-8f2949cd639c|rpc:10.1.0.27:44709|priority:1] with ContainerStateMachine:uninitialized
2021-09-01 14:11:12,072 [pool-112-thread-1] INFO  server.RaftServerConfigKeys (ConfUtils.java:logGet(44)) - raft.server.rpc.timeout.min = 5s (custom)
2021-09-01 14:11:12,072 [pool-112-thread-1] INFO  server.RaftServerConfigKeys (ConfUtils.java:logGet(44)) - raft.server.rpc.timeout.max = 5200ms (custom)
2021-09-01 14:11:12,072 [pool-112-thread-1] INFO  server.RaftServerConfigKeys (ConfUtils.java:logGet(44)) - raft.server.rpc.sleep.time = 25ms (default)
2021-09-01 14:11:12,072 [pool-112-thread-1] INFO  server.RaftServerConfigKeys (ConfUtils.java:logGet(44)) - raft.server.rpc.slowness.timeout = 300s (custom)
2021-09-01 14:11:12,072 [pool-112-thread-1] INFO  server.RaftServerConfigKeys (ConfUtils.java:logGet(44)) - raft.server.leaderelection.leader.step-down.wait-time = 10s (default)
2021-09-01 14:11:12,073 [pool-112-thread-1] INFO  server.RaftServerConfigKeys (ConfUtils.java:logGet(44)) - raft.server.sleep.deviation.threshold = 300ms (default)
2021-09-01 14:11:12,073 [pool-112-thread-1] INFO  server.RaftServerConfigKeys (ConfUtils.java:logGet(44)) - raft.server.log.appender.install.snapshot.enabled = false (custom)
2021-09-01 14:11:12,073 [pool-112-thread-1] INFO  server.RaftServer$Division (ServerState.java:<init>(105)) - 059685a6-7ba3-46e9-8034-8f2949cd639c@group-F9EA12F3E638: ConfigurationManager, init=-1: [059685a6-7ba3-46e9-8034-8f2949cd639c|rpc:10.1.0.27:44709|priority:1], old=null, confs=<EMPTY_MAP>
2021-09-01 14:11:12,073 [pool-112-thread-1] INFO  server.RaftServerConfigKeys (ConfUtils.java:logGet(44)) - raft.server.storage.dir = [/home/runner/work/ozone/ozone/hadoop-ozone/integration-test/target/test-dir/MiniOzoneClusterImpl-cc063b0d-8217-4a41-b176-f0c6278c97ab/datanode-3/data/ratis] (custom)
2021-09-01 14:11:12,073 [pool-112-thread-1] INFO  server.RaftServerConfigKeys (ConfUtils.java:logGet(44)) - raft.server.log.corruption.policy = EXCEPTION (default)
2021-09-01 14:11:12,073 [pool-112-thread-1] INFO  server.RaftServerConfigKeys (ConfUtils.java:logGet(44)) - raft.server.storage.free-space.min = 0MB (=0) (default)
2021-09-01 14:11:12,073 [pool-112-thread-1] INFO  storage.RaftStorageDirectory (RaftStorageDirectoryImpl.java:analyzeStorage(135)) - The storage directory /home/runner/work/ozone/ozone/hadoop-ozone/integration-test/target/test-dir/MiniOzoneClusterImpl-cc063b0d-8217-4a41-b176-f0c6278c97ab/datanode-3/data/ratis/2ef4dc8c-a12a-4db6-854c-f9ea12f3e638 does not exist. Creating ...
2021-09-01 14:11:12,074 [pool-112-thread-1] INFO  storage.RaftStorageDirectory (RaftStorageDirectoryImpl.java:tryLock(230)) - Lock on /home/runner/work/ozone/ozone/hadoop-ozone/integration-test/target/test-dir/MiniOzoneClusterImpl-cc063b0d-8217-4a41-b176-f0c6278c97ab/datanode-3/data/ratis/2ef4dc8c-a12a-4db6-854c-f9ea12f3e638/in_use.lock acquired by nodename 9503@fv-az148-824
2021-09-01 14:11:12,075 [pool-112-thread-1] INFO  storage.RaftStorage (RaftStorageImpl.java:format(89)) - Storage directory /home/runner/work/ozone/ozone/hadoop-ozone/integration-test/target/test-dir/MiniOzoneClusterImpl-cc063b0d-8217-4a41-b176-f0c6278c97ab/datanode-3/data/ratis/2ef4dc8c-a12a-4db6-854c-f9ea12f3e638 has been successfully formatted.
2021-09-01 14:11:12,077 [pool-112-thread-1] INFO  ratis.ContainerStateMachine (ContainerStateMachine.java:loadSnapshot(224)) - group-F9EA12F3E638: The snapshot info is null. Setting the last applied indexto:(t:0, i:~)
2021-09-01 14:11:12,078 [EventQueue-PipelineReportForPipelineReportHandler] INFO  pipeline.PipelineManagerImpl (PipelineManagerImpl.java:openPipeline(282)) - Pipeline Pipeline[ Id: 2ef4dc8c-a12a-4db6-854c-f9ea12f3e638, Nodes: 059685a6-7ba3-46e9-8034-8f2949cd639c{ip: 10.1.0.27, host: fv-az148-824.bm4ck3pvxvsene1rjriu5fhcdb.bx.internal.cloudapp.net, ports: [REPLICATION=43657, RATIS=44709, RATIS_ADMIN=44709, RATIS_SERVER=44709, STANDALONE=35917], networkLocation: /default-rack, certSerialId: null, persistedOpState: IN_SERVICE, persistedOpStateExpiryEpochSec: 0}, ReplicationConfig: RATIS/ONE, State:ALLOCATED, leaderId:059685a6-7ba3-46e9-8034-8f2949cd639c, CreationTimestamp2021-09-01T14:11:09.071Z[Etc/UTC]] moved to OPEN state
2021-09-01 14:11:12,079 [EventQueue-OpenPipelineForHealthyPipelineSafeModeRule] INFO  safemode.SCMSafeModeManager (HealthyPipelineSafeModeRule.java:process(124)) - SCM in safe mode. Healthy pipelines reported count is 0, required healthy pipeline reported count is 1
2021-09-01 14:11:12,080 [pool-112-thread-1] INFO  server.RaftServerConfigKeys (ConfUtils.java:logGet(44)) - raft.server.notification.no-leader.timeout = 300s (custom)
2021-09-01 14:11:12,081 [pool-112-thread-1] INFO  server.RaftServerConfigKeys (ConfUtils.java:logGet(44)) - raft.server.log.use.memory = false (default)
2021-09-01 14:11:12,081 [pool-112-thread-1] INFO  server.RaftServerConfigKeys (ConfUtils.java:logGet(44)) - raft.server.log.purge.gap = 1000000 (custom)
2021-09-01 14:11:12,081 [pool-112-thread-1] INFO  server.RaftServerConfigKeys (ConfUtils.java:logGet(44)) - raft.server.log.appender.buffer.byte-limit = 33554432 (custom)
2021-09-01 14:11:12,082 [pool-112-thread-1] INFO  server.RaftServerConfigKeys (ConfUtils.java:logGet(44)) - raft.server.log.segment.size.max = 1048576 (custom)
2021-09-01 14:11:12,082 [pool-112-thread-1] INFO  server.RaftServerConfigKeys (ConfUtils.java:logGet(44)) - raft.server.log.segment.cache.num.max = 2 (custom)
2021-09-01 14:11:12,082 [pool-112-thread-1] INFO  server.RaftServerConfigKeys (ConfUtils.java:logGet(44)) - raft.server.log.segment.cache.size.max = 200MB (=209715200) (default)
2021-09-01 14:11:12,082 [pool-112-thread-1] INFO  segmented.SegmentedRaftLogWorker (SegmentedRaftLogWorker.java:<init>(182)) - new 059685a6-7ba3-46e9-8034-8f2949cd639c@group-F9EA12F3E638-SegmentedRaftLogWorker for RaftStorageImpl:Storage Directory /home/runner/work/ozone/ozone/hadoop-ozone/integration-test/target/test-dir/MiniOzoneClusterImpl-cc063b0d-8217-4a41-b176-f0c6278c97ab/datanode-3/data/ratis/2ef4dc8c-a12a-4db6-854c-f9ea12f3e638
2021-09-01 14:11:12,082 [pool-112-thread-1] INFO  server.RaftServerConfigKeys (ConfUtils.java:logGet(44)) - raft.server.log.queue.byte-limit = 2147483647 (custom)
2021-09-01 14:11:12,082 [pool-112-thread-1] INFO  server.RaftServerConfigKeys (ConfUtils.java:logGet(44)) - raft.server.log.queue.element-limit = 1024 (custom)
2021-09-01 14:11:12,082 [pool-112-thread-1] INFO  server.RaftServerConfigKeys (ConfUtils.java:logGet(44)) - raft.server.log.segment.size.max = 1048576 (custom)
2021-09-01 14:11:12,082 [pool-112-thread-1] INFO  server.RaftServerConfigKeys (ConfUtils.java:logGet(44)) - raft.server.log.preallocated.size = 16384 (custom)
2021-09-01 14:11:12,082 [pool-112-thread-1] INFO  server.RaftServerConfigKeys (ConfUtils.java:logGet(44)) - raft.server.log.force.sync.num = 128 (default)
2021-09-01 14:11:12,082 [pool-112-thread-1] INFO  server.RaftServerConfigKeys (ConfUtils.java:logGet(44)) - raft.server.log.statemachine.data.sync = true (default)
2021-09-01 14:11:12,082 [pool-112-thread-1] INFO  server.RaftServerConfigKeys (ConfUtils.java:logGet(44)) - raft.server.log.statemachine.data.sync.timeout = 10s (default)
2021-09-01 14:11:12,082 [pool-112-thread-1] INFO  server.RaftServerConfigKeys (ConfUtils.java:logGet(44)) - raft.server.log.statemachine.data.sync.timeout.retry = -1 (default)
2021-09-01 14:11:12,083 [pool-112-thread-1] INFO  server.RaftServerConfigKeys (ConfUtils.java:logGet(44)) - raft.server.log.write.buffer.size = 1048576 (custom)
2021-09-01 14:11:12,084 [pool-112-thread-1] INFO  server.RaftServerConfigKeys (ConfUtils.java:logGet(44)) - raft.server.log.statemachine.data.caching.enabled = true (custom)
2021-09-01 14:11:12,084 [pool-112-thread-1] INFO  segmented.SegmentedRaftLogWorker (SegmentedRaftLogWorker.java:lambda$new$0(133)) - 059685a6-7ba3-46e9-8034-8f2949cd639c@group-F9EA12F3E638-SegmentedRaftLogWorker: flushIndex: setUnconditionally 0 -> -1
2021-09-01 14:11:12,084 [pool-112-thread-1] INFO  segmented.SegmentedRaftLogWorker (SegmentedRaftLogWorker.java:lambda$new$0(133)) - 059685a6-7ba3-46e9-8034-8f2949cd639c@group-F9EA12F3E638-SegmentedRaftLogWorker: safeCacheEvictIndex: setUnconditionally 0 -> -1
2021-09-01 14:11:12,084 [pool-112-thread-1] INFO  server.RaftServerConfigKeys (ConfUtils.java:logGet(44)) - raft.server.snapshot.auto.trigger.enabled = true (custom)
2021-09-01 14:11:12,084 [pool-112-thread-1] INFO  server.RaftServerConfigKeys (ConfUtils.java:logGet(44)) - raft.server.snapshot.auto.trigger.threshold = 10000 (custom)
2021-09-01 14:11:12,084 [pool-112-thread-1] INFO  server.RaftServerConfigKeys (ConfUtils.java:logGet(44)) - raft.server.snapshot.retention.file.num = 5 (custom)
2021-09-01 14:11:12,084 [pool-112-thread-1] INFO  server.RaftServerConfigKeys (ConfUtils.java:logGet(44)) - raft.server.log.purge.upto.snapshot.index = false (default)
2021-09-01 14:11:12,084 [pool-112-thread-1] INFO  server.RaftServerConfigKeys (ConfUtils.java:logGet(44)) - raft.server.retrycache.expirytime = 600000ms (custom)
2021-09-01 14:11:12,084 [pool-112-thread-1] INFO  server.RaftServerConfigKeys (ConfUtils.java:logGet(44)) - raft.server.retrycache.statistics.expirytime = 100μs (default)
2021-09-01 14:11:12,085 [pool-112-thread-1] INFO  server.RaftServer$Division (RaftServerImpl.java:start(296)) - 059685a6-7ba3-46e9-8034-8f2949cd639c@group-F9EA12F3E638: start as a follower, conf=-1: [059685a6-7ba3-46e9-8034-8f2949cd639c|rpc:10.1.0.27:44709|priority:1], old=null
2021-09-01 14:11:12,085 [pool-112-thread-1] INFO  server.RaftServer$Division (RaftServerImpl.java:setRole(285)) - 059685a6-7ba3-46e9-8034-8f2949cd639c@group-F9EA12F3E638: changes role from      null to FOLLOWER at term 0 for startAsFollower
2021-09-01 14:11:12,085 [pool-112-thread-1] INFO  impl.RoleInfo (RoleInfo.java:updateAndGet(130)) - 059685a6-7ba3-46e9-8034-8f2949cd639c: start 059685a6-7ba3-46e9-8034-8f2949cd639c@group-F9EA12F3E638-FollowerState
2021-09-01 14:11:12,086 [pool-112-thread-1] INFO  util.JmxRegister (JmxRegister.java:tryRegister(44)) - Successfully registered JMX Bean with object name Ratis:service=RaftServer,group=group-F9EA12F3E638,id=059685a6-7ba3-46e9-8034-8f2949cd639c
2021-09-01 14:11:12,086 [Command processor thread] INFO  ratis.XceiverServerRatis (XceiverServerRatis.java:addGroup(763)) - Created group PipelineID=2ef4dc8c-a12a-4db6-854c-f9ea12f3e638
2021-09-01 14:11:12,086 [Command processor thread] INFO  commandhandler.CreatePipelineCommandHandler (CreatePipelineCommandHandler.java:handle(106)) - Created Pipeline RATIS ONE PipelineID=2ef4dc8c-a12a-4db6-854c-f9ea12f3e638.
2021-09-01 14:11:12,086 [Command processor thread] INFO  server.RaftServer (RaftServerProxy.java:addNew(95)) - 059685a6-7ba3-46e9-8034-8f2949cd639c: addNew group-8885606DFB5A:[5caa8675-6446-43f3-81d9-00bc94da7a89|rpc:10.1.0.27:42525|priority:0, 059685a6-7ba3-46e9-8034-8f2949cd639c|rpc:10.1.0.27:44709|priority:1, ec842b93-5b10-4e55-aba6-387b08725c40|rpc:10.1.0.27:33903|priority:0] returns group-8885606DFB5A:java.util.concurrent.CompletableFuture@3a1a9034[Not completed]
2021-09-01 14:11:12,087 [pool-112-thread-1] INFO  server.RaftServer$Division (RaftServerImpl.java:<init>(181)) - 059685a6-7ba3-46e9-8034-8f2949cd639c: new RaftServerImpl for group-8885606DFB5A:[5caa8675-6446-43f3-81d9-00bc94da7a89|rpc:10.1.0.27:42525|priority:0, 059685a6-7ba3-46e9-8034-8f2949cd639c|rpc:10.1.0.27:44709|priority:1, ec842b93-5b10-4e55-aba6-387b08725c40|rpc:10.1.0.27:33903|priority:0] with ContainerStateMachine:uninitialized
2021-09-01 14:11:12,087 [pool-112-thread-1] INFO  server.RaftServerConfigKeys (ConfUtils.java:logGet(44)) - raft.server.rpc.timeout.min = 5s (custom)
2021-09-01 14:11:12,087 [pool-112-thread-1] INFO  server.RaftServerConfigKeys (ConfUtils.java:logGet(44)) - raft.server.rpc.timeout.max = 5200ms (custom)
2021-09-01 14:11:12,087 [pool-112-thread-1] INFO  server.RaftServerConfigKeys (ConfUtils.java:logGet(44)) - raft.server.rpc.sleep.time = 25ms (default)
2021-09-01 14:11:12,087 [pool-112-thread-1] INFO  server.RaftServerConfigKeys (ConfUtils.java:logGet(44)) - raft.server.rpc.slowness.timeout = 300s (custom)
2021-09-01 14:11:12,087 [pool-112-thread-1] INFO  server.RaftServerConfigKeys (ConfUtils.java:logGet(44)) - raft.server.leaderelection.leader.step-down.wait-time = 10s (default)
2021-09-01 14:11:12,087 [pool-112-thread-1] INFO  server.RaftServerConfigKeys (ConfUtils.java:logGet(44)) - raft.server.sleep.deviation.threshold = 300ms (default)
2021-09-01 14:11:12,088 [pool-112-thread-1] INFO  server.RaftServerConfigKeys (ConfUtils.java:logGet(44)) - raft.server.log.appender.install.snapshot.enabled = false (custom)
2021-09-01 14:11:12,088 [pool-112-thread-1] INFO  server.RaftServer$Division (ServerState.java:<init>(105)) - 059685a6-7ba3-46e9-8034-8f2949cd639c@group-8885606DFB5A: ConfigurationManager, init=-1: [5caa8675-6446-43f3-81d9-00bc94da7a89|rpc:10.1.0.27:42525|priority:0, 059685a6-7ba3-46e9-8034-8f2949cd639c|rpc:10.1.0.27:44709|priority:1, ec842b93-5b10-4e55-aba6-387b08725c40|rpc:10.1.0.27:33903|priority:0], old=null, confs=<EMPTY_MAP>
2021-09-01 14:11:12,088 [pool-112-thread-1] INFO  server.RaftServerConfigKeys (ConfUtils.java:logGet(44)) - raft.server.storage.dir = [/home/runner/work/ozone/ozone/hadoop-ozone/integration-test/target/test-dir/MiniOzoneClusterImpl-cc063b0d-8217-4a41-b176-f0c6278c97ab/datanode-3/data/ratis] (custom)
2021-09-01 14:11:12,088 [pool-112-thread-1] INFO  server.RaftServerConfigKeys (ConfUtils.java:logGet(44)) - raft.server.log.corruption.policy = EXCEPTION (default)
2021-09-01 14:11:12,088 [pool-112-thread-1] INFO  server.RaftServerConfigKeys (ConfUtils.java:logGet(44)) - raft.server.storage.free-space.min = 0MB (=0) (default)
2021-09-01 14:11:12,088 [pool-112-thread-1] INFO  storage.RaftStorageDirectory (RaftStorageDirectoryImpl.java:analyzeStorage(135)) - The storage directory /home/runner/work/ozone/ozone/hadoop-ozone/integration-test/target/test-dir/MiniOzoneClusterImpl-cc063b0d-8217-4a41-b176-f0c6278c97ab/datanode-3/data/ratis/b47e4d84-dee4-4cda-a86c-8885606dfb5a does not exist. Creating ...
2021-09-01 14:11:12,089 [pool-112-thread-1] INFO  storage.RaftStorageDirectory (RaftStorageDirectoryImpl.java:tryLock(230)) - Lock on /home/runner/work/ozone/ozone/hadoop-ozone/integration-test/target/test-dir/MiniOzoneClusterImpl-cc063b0d-8217-4a41-b176-f0c6278c97ab/datanode-3/data/ratis/b47e4d84-dee4-4cda-a86c-8885606dfb5a/in_use.lock acquired by nodename 9503@fv-az148-824
2021-09-01 14:11:12,090 [pool-112-thread-1] INFO  storage.RaftStorage (RaftStorageImpl.java:format(89)) - Storage directory /home/runner/work/ozone/ozone/hadoop-ozone/integration-test/target/test-dir/MiniOzoneClusterImpl-cc063b0d-8217-4a41-b176-f0c6278c97ab/datanode-3/data/ratis/b47e4d84-dee4-4cda-a86c-8885606dfb5a has been successfully formatted.
2021-09-01 14:11:12,090 [pool-112-thread-1] INFO  ratis.ContainerStateMachine (ContainerStateMachine.java:loadSnapshot(224)) - group-8885606DFB5A: The snapshot info is null. Setting the last applied indexto:(t:0, i:~)
2021-09-01 14:11:12,090 [pool-112-thread-1] INFO  server.RaftServerConfigKeys (ConfUtils.java:logGet(44)) - raft.server.notification.no-leader.timeout = 300s (custom)
2021-09-01 14:11:12,090 [Datanode State Machine Thread - 0] WARN  statemachine.StateContext (StateContext.java:execute(621)) - No available thread in pool for past 1 seconds.
2021-09-01 14:11:12,090 [pool-112-thread-1] INFO  server.RaftServerConfigKeys (ConfUtils.java:logGet(44)) - raft.server.log.use.memory = false (default)
2021-09-01 14:11:12,090 [pool-112-thread-1] INFO  server.RaftServerConfigKeys (ConfUtils.java:logGet(44)) - raft.server.log.purge.gap = 1000000 (custom)
2021-09-01 14:11:12,090 [pool-112-thread-1] INFO  server.RaftServerConfigKeys (ConfUtils.java:logGet(44)) - raft.server.log.appender.buffer.byte-limit = 33554432 (custom)
2021-09-01 14:11:12,091 [EventQueue-OpenPipelineForHealthyPipelineSafeModeRule] INFO  safemode.SCMSafeModeManager (HealthyPipelineSafeModeRule.java:process(124)) - SCM in safe mode. Healthy pipelines reported count is 0, required healthy pipeline reported count is 1
2021-09-01 14:11:12,092 [pool-112-thread-1] INFO  server.RaftServerConfigKeys (ConfUtils.java:logGet(44)) - raft.server.log.segment.size.max = 1048576 (custom)
2021-09-01 14:11:12,092 [pool-112-thread-1] INFO  server.RaftServerConfigKeys (ConfUtils.java:logGet(44)) - raft.server.log.segment.cache.num.max = 2 (custom)
2021-09-01 14:11:12,092 [pool-112-thread-1] INFO  server.RaftServerConfigKeys (ConfUtils.java:logGet(44)) - raft.server.log.segment.cache.size.max = 200MB (=209715200) (default)
2021-09-01 14:11:12,092 [pool-112-thread-1] INFO  segmented.SegmentedRaftLogWorker (SegmentedRaftLogWorker.java:<init>(182)) - new 059685a6-7ba3-46e9-8034-8f2949cd639c@group-8885606DFB5A-SegmentedRaftLogWorker for RaftStorageImpl:Storage Directory /home/runner/work/ozone/ozone/hadoop-ozone/integration-test/target/test-dir/MiniOzoneClusterImpl-cc063b0d-8217-4a41-b176-f0c6278c97ab/datanode-3/data/ratis/b47e4d84-dee4-4cda-a86c-8885606dfb5a
2021-09-01 14:11:12,092 [pool-112-thread-1] INFO  server.RaftServerConfigKeys (ConfUtils.java:logGet(44)) - raft.server.log.queue.byte-limit = 2147483647 (custom)
2021-09-01 14:11:12,092 [pool-112-thread-1] INFO  server.RaftServerConfigKeys (ConfUtils.java:logGet(44)) - raft.server.log.queue.element-limit = 1024 (custom)
2021-09-01 14:11:12,092 [pool-112-thread-1] INFO  server.RaftServerConfigKeys (ConfUtils.java:logGet(44)) - raft.server.log.segment.size.max = 1048576 (custom)
2021-09-01 14:11:12,092 [pool-112-thread-1] INFO  server.RaftServerConfigKeys (ConfUtils.java:logGet(44)) - raft.server.log.preallocated.size = 16384 (custom)
2021-09-01 14:11:12,092 [pool-112-thread-1] INFO  server.RaftServerConfigKeys (ConfUtils.java:logGet(44)) - raft.server.log.force.sync.num = 128 (default)
2021-09-01 14:11:12,092 [pool-112-thread-1] INFO  server.RaftServerConfigKeys (ConfUtils.java:logGet(44)) - raft.server.log.statemachine.data.sync = true (default)
2021-09-01 14:11:12,092 [pool-112-thread-1] INFO  server.RaftServerConfigKeys (ConfUtils.java:logGet(44)) - raft.server.log.statemachine.data.sync.timeout = 10s (default)
2021-09-01 14:11:12,092 [pool-112-thread-1] INFO  server.RaftServerConfigKeys (ConfUtils.java:logGet(44)) - raft.server.log.statemachine.data.sync.timeout.retry = -1 (default)
2021-09-01 14:11:12,093 [pool-112-thread-1] INFO  server.RaftServerConfigKeys (ConfUtils.java:logGet(44)) - raft.server.log.write.buffer.size = 1048576 (custom)
2021-09-01 14:11:12,094 [pool-112-thread-1] INFO  server.RaftServerConfigKeys (ConfUtils.java:logGet(44)) - raft.server.log.statemachine.data.caching.enabled = true (custom)
2021-09-01 14:11:12,094 [pool-112-thread-1] INFO  segmented.SegmentedRaftLogWorker (SegmentedRaftLogWorker.java:lambda$new$0(133)) - 059685a6-7ba3-46e9-8034-8f2949cd639c@group-8885606DFB5A-SegmentedRaftLogWorker: flushIndex: setUnconditionally 0 -> -1
2021-09-01 14:11:12,094 [pool-112-thread-1] INFO  segmented.SegmentedRaftLogWorker (SegmentedRaftLogWorker.java:lambda$new$0(133)) - 059685a6-7ba3-46e9-8034-8f2949cd639c@group-8885606DFB5A-SegmentedRaftLogWorker: safeCacheEvictIndex: setUnconditionally 0 -> -1
2021-09-01 14:11:12,094 [pool-112-thread-1] INFO  server.RaftServerConfigKeys (ConfUtils.java:logGet(44)) - raft.server.snapshot.auto.trigger.enabled = true (custom)
2021-09-01 14:11:12,094 [pool-112-thread-1] INFO  server.RaftServerConfigKeys (ConfUtils.java:logGet(44)) - raft.server.snapshot.auto.trigger.threshold = 10000 (custom)
2021-09-01 14:11:12,094 [pool-112-thread-1] INFO  server.RaftServerConfigKeys (ConfUtils.java:logGet(44)) - raft.server.snapshot.retention.file.num = 5 (custom)
2021-09-01 14:11:12,094 [pool-112-thread-1] INFO  server.RaftServerConfigKeys (ConfUtils.java:logGet(44)) - raft.server.log.purge.upto.snapshot.index = false (default)
2021-09-01 14:11:12,094 [pool-112-thread-1] INFO  server.RaftServerConfigKeys (ConfUtils.java:logGet(44)) - raft.server.retrycache.expirytime = 600000ms (custom)
2021-09-01 14:11:12,094 [pool-112-thread-1] INFO  server.RaftServerConfigKeys (ConfUtils.java:logGet(44)) - raft.server.retrycache.statistics.expirytime = 100μs (default)
2021-09-01 14:11:12,095 [pool-112-thread-1] INFO  server.RaftServer$Division (RaftServerImpl.java:start(296)) - 059685a6-7ba3-46e9-8034-8f2949cd639c@group-8885606DFB5A: start as a follower, conf=-1: [5caa8675-6446-43f3-81d9-00bc94da7a89|rpc:10.1.0.27:42525|priority:0, 059685a6-7ba3-46e9-8034-8f2949cd639c|rpc:10.1.0.27:44709|priority:1, ec842b93-5b10-4e55-aba6-387b08725c40|rpc:10.1.0.27:33903|priority:0], old=null
2021-09-01 14:11:12,095 [pool-112-thread-1] INFO  server.RaftServer$Division (RaftServerImpl.java:setRole(285)) - 059685a6-7ba3-46e9-8034-8f2949cd639c@group-8885606DFB5A: changes role from      null to FOLLOWER at term 0 for startAsFollower
2021-09-01 14:11:12,095 [pool-112-thread-1] INFO  impl.RoleInfo (RoleInfo.java:updateAndGet(130)) - 059685a6-7ba3-46e9-8034-8f2949cd639c: start 059685a6-7ba3-46e9-8034-8f2949cd639c@group-8885606DFB5A-FollowerState
2021-09-01 14:11:12,096 [pool-112-thread-1] INFO  util.JmxRegister (JmxRegister.java:tryRegister(44)) - Successfully registered JMX Bean with object name Ratis:service=RaftServer,group=group-8885606DFB5A,id=059685a6-7ba3-46e9-8034-8f2949cd639c
2021-09-01 14:11:12,099 [Command processor thread] INFO  ratis.XceiverServerRatis (XceiverServerRatis.java:addGroup(763)) - Created group PipelineID=b47e4d84-dee4-4cda-a86c-8885606dfb5a
2021-09-01 14:11:12,117 [grpc-default-executor-1] INFO  server.RaftServer (RaftServerProxy.java:addNew(95)) - 5caa8675-6446-43f3-81d9-00bc94da7a89: addNew group-8885606DFB5A:[5caa8675-6446-43f3-81d9-00bc94da7a89|rpc:10.1.0.27:42525|dataStream:|priority:0, 059685a6-7ba3-46e9-8034-8f2949cd639c|rpc:10.1.0.27:44709|dataStream:|priority:1, ec842b93-5b10-4e55-aba6-387b08725c40|rpc:10.1.0.27:33903|dataStream:|priority:0] returns group-8885606DFB5A:java.util.concurrent.CompletableFuture@3bc0abe4[Not completed]
2021-09-01 14:11:12,121 [pool-131-thread-1] INFO  server.RaftServer$Division (RaftServerImpl.java:<init>(181)) - 5caa8675-6446-43f3-81d9-00bc94da7a89: new RaftServerImpl for group-8885606DFB5A:[5caa8675-6446-43f3-81d9-00bc94da7a89|rpc:10.1.0.27:42525|dataStream:|priority:0, 059685a6-7ba3-46e9-8034-8f2949cd639c|rpc:10.1.0.27:44709|dataStream:|priority:1, ec842b93-5b10-4e55-aba6-387b08725c40|rpc:10.1.0.27:33903|dataStream:|priority:0] with ContainerStateMachine:uninitialized
2021-09-01 14:11:12,121 [pool-131-thread-1] INFO  server.RaftServerConfigKeys (ConfUtils.java:logGet(44)) - raft.server.rpc.timeout.min = 5s (custom)
2021-09-01 14:11:12,121 [pool-131-thread-1] INFO  server.RaftServerConfigKeys (ConfUtils.java:logGet(44)) - raft.server.rpc.timeout.max = 5200ms (custom)
2021-09-01 14:11:12,122 [pool-131-thread-1] INFO  server.RaftServerConfigKeys (ConfUtils.java:logGet(44)) - raft.server.rpc.sleep.time = 25ms (default)
2021-09-01 14:11:12,122 [pool-131-thread-1] INFO  server.RaftServerConfigKeys (ConfUtils.java:logGet(44)) - raft.server.rpc.slowness.timeout = 300s (custom)
2021-09-01 14:11:12,122 [pool-131-thread-1] INFO  server.RaftServerConfigKeys (ConfUtils.java:logGet(44)) - raft.server.leaderelection.leader.step-down.wait-time = 10s (default)
2021-09-01 14:11:12,122 [pool-131-thread-1] INFO  server.RaftServerConfigKeys (ConfUtils.java:logGet(44)) - raft.server.sleep.deviation.threshold = 300ms (default)
2021-09-01 14:11:12,122 [pool-131-thread-1] INFO  server.RaftServerConfigKeys (ConfUtils.java:logGet(44)) - raft.server.log.appender.install.snapshot.enabled = false (custom)
2021-09-01 14:11:12,122 [pool-131-thread-1] INFO  server.RaftServer$Division (ServerState.java:<init>(105)) - 5caa8675-6446-43f3-81d9-00bc94da7a89@group-8885606DFB5A: ConfigurationManager, init=-1: [5caa8675-6446-43f3-81d9-00bc94da7a89|rpc:10.1.0.27:42525|dataStream:|priority:0, 059685a6-7ba3-46e9-8034-8f2949cd639c|rpc:10.1.0.27:44709|dataStream:|priority:1, ec842b93-5b10-4e55-aba6-387b08725c40|rpc:10.1.0.27:33903|dataStream:|priority:0], old=null, confs=<EMPTY_MAP>
2021-09-01 14:11:12,122 [pool-131-thread-1] INFO  server.RaftServerConfigKeys (ConfUtils.java:logGet(44)) - raft.server.storage.dir = [/home/runner/work/ozone/ozone/hadoop-ozone/integration-test/target/test-dir/MiniOzoneClusterImpl-cc063b0d-8217-4a41-b176-f0c6278c97ab/datanode-4/data/ratis] (custom)
2021-09-01 14:11:12,122 [pool-131-thread-1] INFO  server.RaftServerConfigKeys (ConfUtils.java:logGet(44)) - raft.server.log.corruption.policy = EXCEPTION (default)
2021-09-01 14:11:12,122 [pool-131-thread-1] INFO  server.RaftServerConfigKeys (ConfUtils.java:logGet(44)) - raft.server.storage.free-space.min = 0MB (=0) (default)
2021-09-01 14:11:12,122 [pool-131-thread-1] INFO  storage.RaftStorageDirectory (RaftStorageDirectoryImpl.java:analyzeStorage(135)) - The storage directory /home/runner/work/ozone/ozone/hadoop-ozone/integration-test/target/test-dir/MiniOzoneClusterImpl-cc063b0d-8217-4a41-b176-f0c6278c97ab/datanode-4/data/ratis/b47e4d84-dee4-4cda-a86c-8885606dfb5a does not exist. Creating ...
2021-09-01 14:11:12,123 [pool-131-thread-1] INFO  storage.RaftStorageDirectory (RaftStorageDirectoryImpl.java:tryLock(230)) - Lock on /home/runner/work/ozone/ozone/hadoop-ozone/integration-test/target/test-dir/MiniOzoneClusterImpl-cc063b0d-8217-4a41-b176-f0c6278c97ab/datanode-4/data/ratis/b47e4d84-dee4-4cda-a86c-8885606dfb5a/in_use.lock acquired by nodename 9503@fv-az148-824
2021-09-01 14:11:12,124 [pool-131-thread-1] INFO  storage.RaftStorage (RaftStorageImpl.java:format(89)) - Storage directory /home/runner/work/ozone/ozone/hadoop-ozone/integration-test/target/test-dir/MiniOzoneClusterImpl-cc063b0d-8217-4a41-b176-f0c6278c97ab/datanode-4/data/ratis/b47e4d84-dee4-4cda-a86c-8885606dfb5a has been successfully formatted.
2021-09-01 14:11:12,125 [pool-131-thread-1] INFO  ratis.ContainerStateMachine (ContainerStateMachine.java:loadSnapshot(224)) - group-8885606DFB5A: The snapshot info is null. Setting the last applied indexto:(t:0, i:~)
2021-09-01 14:11:12,125 [pool-131-thread-1] INFO  server.RaftServerConfigKeys (ConfUtils.java:logGet(44)) - raft.server.notification.no-leader.timeout = 300s (custom)
2021-09-01 14:11:12,125 [Datanode State Machine Thread - 0] WARN  statemachine.StateContext (StateContext.java:execute(621)) - No available thread in pool for past 1 seconds.
2021-09-01 14:11:12,125 [pool-131-thread-1] INFO  server.RaftServerConfigKeys (ConfUtils.java:logGet(44)) - raft.server.log.use.memory = false (default)
2021-09-01 14:11:12,137 [pool-131-thread-1] INFO  server.RaftServerConfigKeys (ConfUtils.java:logGet(44)) - raft.server.log.purge.gap = 1000000 (custom)
2021-09-01 14:11:12,138 [pool-131-thread-1] INFO  server.RaftServerConfigKeys (ConfUtils.java:logGet(44)) - raft.server.log.appender.buffer.byte-limit = 33554432 (custom)
2021-09-01 14:11:12,138 [pool-131-thread-1] INFO  server.RaftServerConfigKeys (ConfUtils.java:logGet(44)) - raft.server.log.segment.size.max = 1048576 (custom)
2021-09-01 14:11:12,139 [pool-131-thread-1] INFO  server.RaftServerConfigKeys (ConfUtils.java:logGet(44)) - raft.server.log.segment.cache.num.max = 2 (custom)
2021-09-01 14:11:12,139 [pool-131-thread-1] INFO  server.RaftServerConfigKeys (ConfUtils.java:logGet(44)) - raft.server.log.segment.cache.size.max = 200MB (=209715200) (default)
2021-09-01 14:11:12,140 [pool-131-thread-1] INFO  segmented.SegmentedRaftLogWorker (SegmentedRaftLogWorker.java:<init>(182)) - new 5caa8675-6446-43f3-81d9-00bc94da7a89@group-8885606DFB5A-SegmentedRaftLogWorker for RaftStorageImpl:Storage Directory /home/runner/work/ozone/ozone/hadoop-ozone/integration-test/target/test-dir/MiniOzoneClusterImpl-cc063b0d-8217-4a41-b176-f0c6278c97ab/datanode-4/data/ratis/b47e4d84-dee4-4cda-a86c-8885606dfb5a
2021-09-01 14:11:12,140 [pool-131-thread-1] INFO  server.RaftServerConfigKeys (ConfUtils.java:logGet(44)) - raft.server.log.queue.byte-limit = 2147483647 (custom)
2021-09-01 14:11:12,140 [pool-131-thread-1] INFO  server.RaftServerConfigKeys (ConfUtils.java:logGet(44)) - raft.server.log.queue.element-limit = 1024 (custom)
2021-09-01 14:11:12,140 [pool-131-thread-1] INFO  server.RaftServerConfigKeys (ConfUtils.java:logGet(44)) - raft.server.log.segment.size.max = 1048576 (custom)
2021-09-01 14:11:12,140 [pool-131-thread-1] INFO  server.RaftServerConfigKeys (ConfUtils.java:logGet(44)) - raft.server.log.preallocated.size = 16384 (custom)
2021-09-01 14:11:12,140 [pool-131-thread-1] INFO  server.RaftServerConfigKeys (ConfUtils.java:logGet(44)) - raft.server.log.force.sync.num = 128 (default)
2021-09-01 14:11:12,140 [pool-131-thread-1] INFO  server.RaftServerConfigKeys (ConfUtils.java:logGet(44)) - raft.server.log.statemachine.data.sync = true (default)
2021-09-01 14:11:12,140 [pool-131-thread-1] INFO  server.RaftServerConfigKeys (ConfUtils.java:logGet(44)) - raft.server.log.statemachine.data.sync.timeout = 10s (default)
2021-09-01 14:11:12,141 [pool-131-thread-1] INFO  server.RaftServerConfigKeys (ConfUtils.java:logGet(44)) - raft.server.log.statemachine.data.sync.timeout.retry = -1 (default)
2021-09-01 14:11:12,142 [pool-131-thread-1] INFO  server.RaftServerConfigKeys (ConfUtils.java:logGet(44)) - raft.server.log.write.buffer.size = 1048576 (custom)
2021-09-01 14:11:12,142 [pool-131-thread-1] INFO  server.RaftServerConfigKeys (ConfUtils.java:logGet(44)) - raft.server.log.statemachine.data.caching.enabled = true (custom)
2021-09-01 14:11:12,142 [pool-131-thread-1] INFO  segmented.SegmentedRaftLogWorker (SegmentedRaftLogWorker.java:lambda$new$0(133)) - 5caa8675-6446-43f3-81d9-00bc94da7a89@group-8885606DFB5A-SegmentedRaftLogWorker: flushIndex: setUnconditionally 0 -> -1
2021-09-01 14:11:12,142 [pool-131-thread-1] INFO  segmented.SegmentedRaftLogWorker (SegmentedRaftLogWorker.java:lambda$new$0(133)) - 5caa8675-6446-43f3-81d9-00bc94da7a89@group-8885606DFB5A-SegmentedRaftLogWorker: safeCacheEvictIndex: setUnconditionally 0 -> -1
2021-09-01 14:11:12,143 [pool-131-thread-1] INFO  server.RaftServerConfigKeys (ConfUtils.java:logGet(44)) - raft.server.snapshot.auto.trigger.enabled = true (custom)
2021-09-01 14:11:12,143 [pool-131-thread-1] INFO  server.RaftServerConfigKeys (ConfUtils.java:logGet(44)) - raft.server.snapshot.auto.trigger.threshold = 10000 (custom)
2021-09-01 14:11:12,143 [pool-131-thread-1] INFO  server.RaftServerConfigKeys (ConfUtils.java:logGet(44)) - raft.server.snapshot.retention.file.num = 5 (custom)
2021-09-01 14:11:12,143 [pool-131-thread-1] INFO  server.RaftServerConfigKeys (ConfUtils.java:logGet(44)) - raft.server.log.purge.upto.snapshot.index = false (default)
2021-09-01 14:11:12,143 [pool-131-thread-1] INFO  server.RaftServerConfigKeys (ConfUtils.java:logGet(44)) - raft.server.retrycache.expirytime = 600000ms (custom)
2021-09-01 14:11:12,143 [pool-131-thread-1] INFO  server.RaftServerConfigKeys (ConfUtils.java:logGet(44)) - raft.server.retrycache.statistics.expirytime = 100μs (default)
2021-09-01 14:11:12,144 [pool-131-thread-1] INFO  server.RaftServer$Division (RaftServerImpl.java:start(296)) - 5caa8675-6446-43f3-81d9-00bc94da7a89@group-8885606DFB5A: start as a follower, conf=-1: [5caa8675-6446-43f3-81d9-00bc94da7a89|rpc:10.1.0.27:42525|dataStream:|priority:0, 059685a6-7ba3-46e9-8034-8f2949cd639c|rpc:10.1.0.27:44709|dataStream:|priority:1, ec842b93-5b10-4e55-aba6-387b08725c40|rpc:10.1.0.27:33903|dataStream:|priority:0], old=null
2021-09-01 14:11:12,144 [pool-131-thread-1] INFO  server.RaftServer$Division (RaftServerImpl.java:setRole(285)) - 5caa8675-6446-43f3-81d9-00bc94da7a89@group-8885606DFB5A: changes role from      null to FOLLOWER at term 0 for startAsFollower
2021-09-01 14:11:12,144 [pool-131-thread-1] INFO  impl.RoleInfo (RoleInfo.java:updateAndGet(130)) - 5caa8675-6446-43f3-81d9-00bc94da7a89: start 5caa8675-6446-43f3-81d9-00bc94da7a89@group-8885606DFB5A-FollowerState
2021-09-01 14:11:12,144 [pool-131-thread-1] INFO  util.JmxRegister (JmxRegister.java:tryRegister(44)) - Successfully registered JMX Bean with object name Ratis:service=RaftServer,group=group-8885606DFB5A,id=5caa8675-6446-43f3-81d9-00bc94da7a89
2021-09-01 14:11:12,165 [grpc-default-executor-1] INFO  server.RaftServer (RaftServerProxy.java:addNew(95)) - ec842b93-5b10-4e55-aba6-387b08725c40: addNew group-8885606DFB5A:[5caa8675-6446-43f3-81d9-00bc94da7a89|rpc:10.1.0.27:42525|dataStream:|priority:0, 059685a6-7ba3-46e9-8034-8f2949cd639c|rpc:10.1.0.27:44709|dataStream:|priority:1, ec842b93-5b10-4e55-aba6-387b08725c40|rpc:10.1.0.27:33903|dataStream:|priority:0] returns group-8885606DFB5A:java.util.concurrent.CompletableFuture@6291291f[Not completed]
2021-09-01 14:11:12,166 [pool-150-thread-1] INFO  server.RaftServer$Division (RaftServerImpl.java:<init>(181)) - ec842b93-5b10-4e55-aba6-387b08725c40: new RaftServerImpl for group-8885606DFB5A:[5caa8675-6446-43f3-81d9-00bc94da7a89|rpc:10.1.0.27:42525|dataStream:|priority:0, 059685a6-7ba3-46e9-8034-8f2949cd639c|rpc:10.1.0.27:44709|dataStream:|priority:1, ec842b93-5b10-4e55-aba6-387b08725c40|rpc:10.1.0.27:33903|dataStream:|priority:0] with ContainerStateMachine:uninitialized
2021-09-01 14:11:12,167 [pool-150-thread-1] INFO  server.RaftServerConfigKeys (ConfUtils.java:logGet(44)) - raft.server.rpc.timeout.min = 5s (custom)
2021-09-01 14:11:12,167 [pool-150-thread-1] INFO  server.RaftServerConfigKeys (ConfUtils.java:logGet(44)) - raft.server.rpc.timeout.max = 5200ms (custom)
2021-09-01 14:11:12,167 [pool-150-thread-1] INFO  server.RaftServerConfigKeys (ConfUtils.java:logGet(44)) - raft.server.rpc.sleep.time = 25ms (default)
2021-09-01 14:11:12,167 [pool-150-thread-1] INFO  server.RaftServerConfigKeys (ConfUtils.java:logGet(44)) - raft.server.rpc.slowness.timeout = 300s (custom)
2021-09-01 14:11:12,168 [pool-150-thread-1] INFO  server.RaftServerConfigKeys (ConfUtils.java:logGet(44)) - raft.server.leaderelection.leader.step-down.wait-time = 10s (default)
2021-09-01 14:11:12,168 [pool-150-thread-1] INFO  server.RaftServerConfigKeys (ConfUtils.java:logGet(44)) - raft.server.sleep.deviation.threshold = 300ms (default)
2021-09-01 14:11:12,168 [pool-150-thread-1] INFO  server.RaftServerConfigKeys (ConfUtils.java:logGet(44)) - raft.server.log.appender.install.snapshot.enabled = false (custom)
2021-09-01 14:11:12,168 [pool-150-thread-1] INFO  server.RaftServer$Division (ServerState.java:<init>(105)) - ec842b93-5b10-4e55-aba6-387b08725c40@group-8885606DFB5A: ConfigurationManager, init=-1: [5caa8675-6446-43f3-81d9-00bc94da7a89|rpc:10.1.0.27:42525|dataStream:|priority:0, 059685a6-7ba3-46e9-8034-8f2949cd639c|rpc:10.1.0.27:44709|dataStream:|priority:1, ec842b93-5b10-4e55-aba6-387b08725c40|rpc:10.1.0.27:33903|dataStream:|priority:0], old=null, confs=<EMPTY_MAP>
2021-09-01 14:11:12,168 [pool-150-thread-1] INFO  server.RaftServerConfigKeys (ConfUtils.java:logGet(44)) - raft.server.storage.dir = [/home/runner/work/ozone/ozone/hadoop-ozone/integration-test/target/test-dir/MiniOzoneClusterImpl-cc063b0d-8217-4a41-b176-f0c6278c97ab/datanode-5/data/ratis] (custom)
2021-09-01 14:11:12,168 [pool-150-thread-1] INFO  server.RaftServerConfigKeys (ConfUtils.java:logGet(44)) - raft.server.log.corruption.policy = EXCEPTION (default)
2021-09-01 14:11:12,168 [pool-150-thread-1] INFO  server.RaftServerConfigKeys (ConfUtils.java:logGet(44)) - raft.server.storage.free-space.min = 0MB (=0) (default)
2021-09-01 14:11:12,168 [pool-150-thread-1] INFO  storage.RaftStorageDirectory (RaftStorageDirectoryImpl.java:analyzeStorage(135)) - The storage directory /home/runner/work/ozone/ozone/hadoop-ozone/integration-test/target/test-dir/MiniOzoneClusterImpl-cc063b0d-8217-4a41-b176-f0c6278c97ab/datanode-5/data/ratis/b47e4d84-dee4-4cda-a86c-8885606dfb5a does not exist. Creating ...
2021-09-01 14:11:12,171 [pool-150-thread-1] INFO  storage.RaftStorageDirectory (RaftStorageDirectoryImpl.java:tryLock(230)) - Lock on /home/runner/work/ozone/ozone/hadoop-ozone/integration-test/target/test-dir/MiniOzoneClusterImpl-cc063b0d-8217-4a41-b176-f0c6278c97ab/datanode-5/data/ratis/b47e4d84-dee4-4cda-a86c-8885606dfb5a/in_use.lock acquired by nodename 9503@fv-az148-824
2021-09-01 14:11:12,172 [pool-150-thread-1] INFO  storage.RaftStorage (RaftStorageImpl.java:format(89)) - Storage directory /home/runner/work/ozone/ozone/hadoop-ozone/integration-test/target/test-dir/MiniOzoneClusterImpl-cc063b0d-8217-4a41-b176-f0c6278c97ab/datanode-5/data/ratis/b47e4d84-dee4-4cda-a86c-8885606dfb5a has been successfully formatted.
2021-09-01 14:11:12,173 [pool-150-thread-1] INFO  ratis.ContainerStateMachine (ContainerStateMachine.java:loadSnapshot(224)) - group-8885606DFB5A: The snapshot info is null. Setting the last applied indexto:(t:0, i:~)
2021-09-01 14:11:12,173 [pool-150-thread-1] INFO  server.RaftServerConfigKeys (ConfUtils.java:logGet(44)) - raft.server.notification.no-leader.timeout = 300s (custom)
2021-09-01 14:11:12,173 [pool-150-thread-1] INFO  server.RaftServerConfigKeys (ConfUtils.java:logGet(44)) - raft.server.log.use.memory = false (default)
2021-09-01 14:11:12,173 [pool-150-thread-1] INFO  server.RaftServerConfigKeys (ConfUtils.java:logGet(44)) - raft.server.log.purge.gap = 1000000 (custom)
2021-09-01 14:11:12,174 [pool-150-thread-1] INFO  server.RaftServerConfigKeys (ConfUtils.java:logGet(44)) - raft.server.log.appender.buffer.byte-limit = 33554432 (custom)
2021-09-01 14:11:12,174 [pool-150-thread-1] INFO  server.RaftServerConfigKeys (ConfUtils.java:logGet(44)) - raft.server.log.segment.size.max = 1048576 (custom)
2021-09-01 14:11:12,174 [pool-150-thread-1] INFO  server.RaftServerConfigKeys (ConfUtils.java:logGet(44)) - raft.server.log.segment.cache.num.max = 2 (custom)
2021-09-01 14:11:12,174 [pool-150-thread-1] INFO  server.RaftServerConfigKeys (ConfUtils.java:logGet(44)) - raft.server.log.segment.cache.size.max = 200MB (=209715200) (default)
2021-09-01 14:11:12,174 [pool-150-thread-1] INFO  segmented.SegmentedRaftLogWorker (SegmentedRaftLogWorker.java:<init>(182)) - new ec842b93-5b10-4e55-aba6-387b08725c40@group-8885606DFB5A-SegmentedRaftLogWorker for RaftStorageImpl:Storage Directory /home/runner/work/ozone/ozone/hadoop-ozone/integration-test/target/test-dir/MiniOzoneClusterImpl-cc063b0d-8217-4a41-b176-f0c6278c97ab/datanode-5/data/ratis/b47e4d84-dee4-4cda-a86c-8885606dfb5a
2021-09-01 14:11:12,174 [pool-150-thread-1] INFO  server.RaftServerConfigKeys (ConfUtils.java:logGet(44)) - raft.server.log.queue.byte-limit = 2147483647 (custom)
2021-09-01 14:11:12,175 [pool-150-thread-1] INFO  server.RaftServerConfigKeys (ConfUtils.java:logGet(44)) - raft.server.log.queue.element-limit = 1024 (custom)
2021-09-01 14:11:12,175 [pool-150-thread-1] INFO  server.RaftServerConfigKeys (ConfUtils.java:logGet(44)) - raft.server.log.segment.size.max = 1048576 (custom)
2021-09-01 14:11:12,175 [pool-150-thread-1] INFO  server.RaftServerConfigKeys (ConfUtils.java:logGet(44)) - raft.server.log.preallocated.size = 16384 (custom)
2021-09-01 14:11:12,175 [pool-150-thread-1] INFO  server.RaftServerConfigKeys (ConfUtils.java:logGet(44)) - raft.server.log.force.sync.num = 128 (default)
2021-09-01 14:11:12,175 [pool-150-thread-1] INFO  server.RaftServerConfigKeys (ConfUtils.java:logGet(44)) - raft.server.log.statemachine.data.sync = true (default)
2021-09-01 14:11:12,175 [pool-150-thread-1] INFO  server.RaftServerConfigKeys (ConfUtils.java:logGet(44)) - raft.server.log.statemachine.data.sync.timeout = 10s (default)
2021-09-01 14:11:12,176 [pool-150-thread-1] INFO  server.RaftServerConfigKeys (ConfUtils.java:logGet(44)) - raft.server.log.statemachine.data.sync.timeout.retry = -1 (default)
2021-09-01 14:11:12,177 [pool-150-thread-1] INFO  server.RaftServerConfigKeys (ConfUtils.java:logGet(44)) - raft.server.log.write.buffer.size = 1048576 (custom)
2021-09-01 14:11:12,178 [pool-150-thread-1] INFO  server.RaftServerConfigKeys (ConfUtils.java:logGet(44)) - raft.server.log.statemachine.data.caching.enabled = true (custom)
2021-09-01 14:11:12,179 [pool-150-thread-1] INFO  segmented.SegmentedRaftLogWorker (SegmentedRaftLogWorker.java:lambda$new$0(133)) - ec842b93-5b10-4e55-aba6-387b08725c40@group-8885606DFB5A-SegmentedRaftLogWorker: flushIndex: setUnconditionally 0 -> -1
2021-09-01 14:11:12,180 [pool-150-thread-1] INFO  segmented.SegmentedRaftLogWorker (SegmentedRaftLogWorker.java:lambda$new$0(133)) - ec842b93-5b10-4e55-aba6-387b08725c40@group-8885606DFB5A-SegmentedRaftLogWorker: safeCacheEvictIndex: setUnconditionally 0 -> -1
2021-09-01 14:11:12,182 [pool-150-thread-1] INFO  server.RaftServerConfigKeys (ConfUtils.java:logGet(44)) - raft.server.snapshot.auto.trigger.enabled = true (custom)
2021-09-01 14:11:12,182 [pool-150-thread-1] INFO  server.RaftServerConfigKeys (ConfUtils.java:logGet(44)) - raft.server.snapshot.auto.trigger.threshold = 10000 (custom)
2021-09-01 14:11:12,182 [pool-150-thread-1] INFO  server.RaftServerConfigKeys (ConfUtils.java:logGet(44)) - raft.server.snapshot.retention.file.num = 5 (custom)
2021-09-01 14:11:12,182 [pool-150-thread-1] INFO  server.RaftServerConfigKeys (ConfUtils.java:logGet(44)) - raft.server.log.purge.upto.snapshot.index = false (default)
2021-09-01 14:11:12,182 [pool-150-thread-1] INFO  server.RaftServerConfigKeys (ConfUtils.java:logGet(44)) - raft.server.retrycache.expirytime = 600000ms (custom)
2021-09-01 14:11:12,182 [pool-150-thread-1] INFO  server.RaftServerConfigKeys (ConfUtils.java:logGet(44)) - raft.server.retrycache.statistics.expirytime = 100μs (default)
2021-09-01 14:11:12,183 [pool-150-thread-1] INFO  server.RaftServer$Division (RaftServerImpl.java:start(296)) - ec842b93-5b10-4e55-aba6-387b08725c40@group-8885606DFB5A: start as a follower, conf=-1: [5caa8675-6446-43f3-81d9-00bc94da7a89|rpc:10.1.0.27:42525|dataStream:|priority:0, 059685a6-7ba3-46e9-8034-8f2949cd639c|rpc:10.1.0.27:44709|dataStream:|priority:1, ec842b93-5b10-4e55-aba6-387b08725c40|rpc:10.1.0.27:33903|dataStream:|priority:0], old=null
2021-09-01 14:11:12,183 [pool-150-thread-1] INFO  server.RaftServer$Division (RaftServerImpl.java:setRole(285)) - ec842b93-5b10-4e55-aba6-387b08725c40@group-8885606DFB5A: changes role from      null to FOLLOWER at term 0 for startAsFollower
2021-09-01 14:11:12,183 [pool-150-thread-1] INFO  impl.RoleInfo (RoleInfo.java:updateAndGet(130)) - ec842b93-5b10-4e55-aba6-387b08725c40: start ec842b93-5b10-4e55-aba6-387b08725c40@group-8885606DFB5A-FollowerState
2021-09-01 14:11:12,183 [pool-150-thread-1] INFO  util.JmxRegister (JmxRegister.java:tryRegister(44)) - Successfully registered JMX Bean with object name Ratis:service=RaftServer,group=group-8885606DFB5A,id=ec842b93-5b10-4e55-aba6-387b08725c40
2021-09-01 14:11:12,188 [Command processor thread] INFO  commandhandler.CreatePipelineCommandHandler (CreatePipelineCommandHandler.java:handle(106)) - Created Pipeline RATIS THREE PipelineID=b47e4d84-dee4-4cda-a86c-8885606dfb5a.
2021-09-01 14:11:12,221 [Command processor thread] INFO  server.RaftServer (RaftServerProxy.java:addNew(95)) - 5caa8675-6446-43f3-81d9-00bc94da7a89: addNew group-9DB7DD4AF0A9:[5caa8675-6446-43f3-81d9-00bc94da7a89|rpc:10.1.0.27:42525|priority:1] returns group-9DB7DD4AF0A9:java.util.concurrent.CompletableFuture@1e0401ee[Not completed]
2021-09-01 14:11:12,222 [pool-131-thread-1] INFO  server.RaftServer$Division (RaftServerImpl.java:<init>(181)) - 5caa8675-6446-43f3-81d9-00bc94da7a89: new RaftServerImpl for group-9DB7DD4AF0A9:[5caa8675-6446-43f3-81d9-00bc94da7a89|rpc:10.1.0.27:42525|priority:1] with ContainerStateMachine:uninitialized
2021-09-01 14:11:12,222 [pool-131-thread-1] INFO  server.RaftServerConfigKeys (ConfUtils.java:logGet(44)) - raft.server.rpc.timeout.min = 5s (custom)
2021-09-01 14:11:12,222 [pool-131-thread-1] INFO  server.RaftServerConfigKeys (ConfUtils.java:logGet(44)) - raft.server.rpc.timeout.max = 5200ms (custom)
2021-09-01 14:11:12,222 [pool-131-thread-1] INFO  server.RaftServerConfigKeys (ConfUtils.java:logGet(44)) - raft.server.rpc.sleep.time = 25ms (default)
2021-09-01 14:11:12,222 [pool-131-thread-1] INFO  server.RaftServerConfigKeys (ConfUtils.java:logGet(44)) - raft.server.rpc.slowness.timeout = 300s (custom)
2021-09-01 14:11:12,222 [pool-131-thread-1] INFO  server.RaftServerConfigKeys (ConfUtils.java:logGet(44)) - raft.server.leaderelection.leader.step-down.wait-time = 10s (default)
2021-09-01 14:11:12,222 [pool-131-thread-1] INFO  server.RaftServerConfigKeys (ConfUtils.java:logGet(44)) - raft.server.sleep.deviation.threshold = 300ms (default)
2021-09-01 14:11:12,222 [pool-131-thread-1] INFO  server.RaftServerConfigKeys (ConfUtils.java:logGet(44)) - raft.server.log.appender.install.snapshot.enabled = false (custom)
2021-09-01 14:11:12,222 [pool-131-thread-1] INFO  server.RaftServer$Division (ServerState.java:<init>(105)) - 5caa8675-6446-43f3-81d9-00bc94da7a89@group-9DB7DD4AF0A9: ConfigurationManager, init=-1: [5caa8675-6446-43f3-81d9-00bc94da7a89|rpc:10.1.0.27:42525|priority:1], old=null, confs=<EMPTY_MAP>
2021-09-01 14:11:12,222 [pool-131-thread-1] INFO  server.RaftServerConfigKeys (ConfUtils.java:logGet(44)) - raft.server.storage.dir = [/home/runner/work/ozone/ozone/hadoop-ozone/integration-test/target/test-dir/MiniOzoneClusterImpl-cc063b0d-8217-4a41-b176-f0c6278c97ab/datanode-4/data/ratis] (custom)
2021-09-01 14:11:12,222 [pool-131-thread-1] INFO  server.RaftServerConfigKeys (ConfUtils.java:logGet(44)) - raft.server.log.corruption.policy = EXCEPTION (default)
2021-09-01 14:11:12,222 [pool-131-thread-1] INFO  server.RaftServerConfigKeys (ConfUtils.java:logGet(44)) - raft.server.storage.free-space.min = 0MB (=0) (default)
2021-09-01 14:11:12,222 [pool-131-thread-1] INFO  storage.RaftStorageDirectory (RaftStorageDirectoryImpl.java:analyzeStorage(135)) - The storage directory /home/runner/work/ozone/ozone/hadoop-ozone/integration-test/target/test-dir/MiniOzoneClusterImpl-cc063b0d-8217-4a41-b176-f0c6278c97ab/datanode-4/data/ratis/3acc6122-627c-4f35-ab4d-9db7dd4af0a9 does not exist. Creating ...
2021-09-01 14:11:12,223 [pool-131-thread-1] INFO  storage.RaftStorageDirectory (RaftStorageDirectoryImpl.java:tryLock(230)) - Lock on /home/runner/work/ozone/ozone/hadoop-ozone/integration-test/target/test-dir/MiniOzoneClusterImpl-cc063b0d-8217-4a41-b176-f0c6278c97ab/datanode-4/data/ratis/3acc6122-627c-4f35-ab4d-9db7dd4af0a9/in_use.lock acquired by nodename 9503@fv-az148-824
2021-09-01 14:11:12,224 [pool-131-thread-1] INFO  storage.RaftStorage (RaftStorageImpl.java:format(89)) - Storage directory /home/runner/work/ozone/ozone/hadoop-ozone/integration-test/target/test-dir/MiniOzoneClusterImpl-cc063b0d-8217-4a41-b176-f0c6278c97ab/datanode-4/data/ratis/3acc6122-627c-4f35-ab4d-9db7dd4af0a9 has been successfully formatted.
2021-09-01 14:11:12,224 [pool-131-thread-1] INFO  ratis.ContainerStateMachine (ContainerStateMachine.java:loadSnapshot(224)) - group-9DB7DD4AF0A9: The snapshot info is null. Setting the last applied indexto:(t:0, i:~)
2021-09-01 14:11:12,224 [pool-131-thread-1] INFO  server.RaftServerConfigKeys (ConfUtils.java:logGet(44)) - raft.server.notification.no-leader.timeout = 300s (custom)
2021-09-01 14:11:12,224 [pool-131-thread-1] INFO  server.RaftServerConfigKeys (ConfUtils.java:logGet(44)) - raft.server.log.use.memory = false (default)
2021-09-01 14:11:12,224 [Datanode State Machine Thread - 0] WARN  statemachine.StateContext (StateContext.java:execute(621)) - No available thread in pool for past 1 seconds.
2021-09-01 14:11:12,224 [pool-131-thread-1] INFO  server.RaftServerConfigKeys (ConfUtils.java:logGet(44)) - raft.server.log.purge.gap = 1000000 (custom)
2021-09-01 14:11:12,224 [pool-131-thread-1] INFO  server.RaftServerConfigKeys (ConfUtils.java:logGet(44)) - raft.server.log.appender.buffer.byte-limit = 33554432 (custom)
2021-09-01 14:11:12,225 [pool-131-thread-1] INFO  server.RaftServerConfigKeys (ConfUtils.java:logGet(44)) - raft.server.log.segment.size.max = 1048576 (custom)
2021-09-01 14:11:12,225 [pool-131-thread-1] INFO  server.RaftServerConfigKeys (ConfUtils.java:logGet(44)) - raft.server.log.segment.cache.num.max = 2 (custom)
2021-09-01 14:11:12,225 [pool-131-thread-1] INFO  server.RaftServerConfigKeys (ConfUtils.java:logGet(44)) - raft.server.log.segment.cache.size.max = 200MB (=209715200) (default)
2021-09-01 14:11:12,226 [EventQueue-PipelineReportForPipelineReportHandler] INFO  pipeline.PipelineManagerImpl (PipelineManagerImpl.java:openPipeline(282)) - Pipeline Pipeline[ Id: 3acc6122-627c-4f35-ab4d-9db7dd4af0a9, Nodes: 5caa8675-6446-43f3-81d9-00bc94da7a89{ip: 10.1.0.27, host: fv-az148-824.bm4ck3pvxvsene1rjriu5fhcdb.bx.internal.cloudapp.net, ports: [REPLICATION=45137, RATIS=42525, RATIS_ADMIN=42525, RATIS_SERVER=42525, STANDALONE=40609], networkLocation: /default-rack, certSerialId: null, persistedOpState: IN_SERVICE, persistedOpStateExpiryEpochSec: 0}, ReplicationConfig: RATIS/ONE, State:ALLOCATED, leaderId:5caa8675-6446-43f3-81d9-00bc94da7a89, CreationTimestamp2021-09-01T14:11:09.233Z[Etc/UTC]] moved to OPEN state
2021-09-01 14:11:12,227 [EventQueue-OpenPipelineForHealthyPipelineSafeModeRule] INFO  safemode.SCMSafeModeManager (HealthyPipelineSafeModeRule.java:process(124)) - SCM in safe mode. Healthy pipelines reported count is 0, required healthy pipeline reported count is 1
2021-09-01 14:11:12,227 [pool-131-thread-1] INFO  segmented.SegmentedRaftLogWorker (SegmentedRaftLogWorker.java:<init>(182)) - new 5caa8675-6446-43f3-81d9-00bc94da7a89@group-9DB7DD4AF0A9-SegmentedRaftLogWorker for RaftStorageImpl:Storage Directory /home/runner/work/ozone/ozone/hadoop-ozone/integration-test/target/test-dir/MiniOzoneClusterImpl-cc063b0d-8217-4a41-b176-f0c6278c97ab/datanode-4/data/ratis/3acc6122-627c-4f35-ab4d-9db7dd4af0a9
2021-09-01 14:11:12,227 [pool-131-thread-1] INFO  server.RaftServerConfigKeys (ConfUtils.java:logGet(44)) - raft.server.log.queue.byte-limit = 2147483647 (custom)
2021-09-01 14:11:12,227 [pool-131-thread-1] INFO  server.RaftServerConfigKeys (ConfUtils.java:logGet(44)) - raft.server.log.queue.element-limit = 1024 (custom)
2021-09-01 14:11:12,227 [pool-131-thread-1] INFO  server.RaftServerConfigKeys (ConfUtils.java:logGet(44)) - raft.server.log.segment.size.max = 1048576 (custom)
2021-09-01 14:11:12,227 [pool-131-thread-1] INFO  server.RaftServerConfigKeys (ConfUtils.java:logGet(44)) - raft.server.log.preallocated.size = 16384 (custom)
2021-09-01 14:11:12,227 [pool-131-thread-1] INFO  server.RaftServerConfigKeys (ConfUtils.java:logGet(44)) - raft.server.log.force.sync.num = 128 (default)
2021-09-01 14:11:12,227 [pool-131-thread-1] INFO  server.RaftServerConfigKeys (ConfUtils.java:logGet(44)) - raft.server.log.statemachine.data.sync = true (default)
2021-09-01 14:11:12,227 [pool-131-thread-1] INFO  server.RaftServerConfigKeys (ConfUtils.java:logGet(44)) - raft.server.log.statemachine.data.sync.timeout = 10s (default)
2021-09-01 14:11:12,227 [pool-131-thread-1] INFO  server.RaftServerConfigKeys (ConfUtils.java:logGet(44)) - raft.server.log.statemachine.data.sync.timeout.retry = -1 (default)
2021-09-01 14:11:12,228 [pool-131-thread-1] INFO  server.RaftServerConfigKeys (ConfUtils.java:logGet(44)) - raft.server.log.write.buffer.size = 1048576 (custom)
2021-09-01 14:11:12,229 [pool-131-thread-1] INFO  server.RaftServerConfigKeys (ConfUtils.java:logGet(44)) - raft.server.log.statemachine.data.caching.enabled = true (custom)
2021-09-01 14:11:12,229 [pool-131-thread-1] INFO  segmented.SegmentedRaftLogWorker (SegmentedRaftLogWorker.java:lambda$new$0(133)) - 5caa8675-6446-43f3-81d9-00bc94da7a89@group-9DB7DD4AF0A9-SegmentedRaftLogWorker: flushIndex: setUnconditionally 0 -> -1
2021-09-01 14:11:12,229 [pool-131-thread-1] INFO  segmented.SegmentedRaftLogWorker (SegmentedRaftLogWorker.java:lambda$new$0(133)) - 5caa8675-6446-43f3-81d9-00bc94da7a89@group-9DB7DD4AF0A9-SegmentedRaftLogWorker: safeCacheEvictIndex: setUnconditionally 0 -> -1
2021-09-01 14:11:12,229 [pool-131-thread-1] INFO  server.RaftServerConfigKeys (ConfUtils.java:logGet(44)) - raft.server.snapshot.auto.trigger.enabled = true (custom)
2021-09-01 14:11:12,229 [pool-131-thread-1] INFO  server.RaftServerConfigKeys (ConfUtils.java:logGet(44)) - raft.server.snapshot.auto.trigger.threshold = 10000 (custom)
2021-09-01 14:11:12,229 [pool-131-thread-1] INFO  server.RaftServerConfigKeys (ConfUtils.java:logGet(44)) - raft.server.snapshot.retention.file.num = 5 (custom)
2021-09-01 14:11:12,229 [pool-131-thread-1] INFO  server.RaftServerConfigKeys (ConfUtils.java:logGet(44)) - raft.server.log.purge.upto.snapshot.index = false (default)
2021-09-01 14:11:12,229 [pool-131-thread-1] INFO  server.RaftServerConfigKeys (ConfUtils.java:logGet(44)) - raft.server.retrycache.expirytime = 600000ms (custom)
2021-09-01 14:11:12,229 [pool-131-thread-1] INFO  server.RaftServerConfigKeys (ConfUtils.java:logGet(44)) - raft.server.retrycache.statistics.expirytime = 100μs (default)
2021-09-01 14:11:12,230 [pool-131-thread-1] INFO  server.RaftServer$Division (RaftServerImpl.java:start(296)) - 5caa8675-6446-43f3-81d9-00bc94da7a89@group-9DB7DD4AF0A9: start as a follower, conf=-1: [5caa8675-6446-43f3-81d9-00bc94da7a89|rpc:10.1.0.27:42525|priority:1], old=null
2021-09-01 14:11:12,230 [pool-131-thread-1] INFO  server.RaftServer$Division (RaftServerImpl.java:setRole(285)) - 5caa8675-6446-43f3-81d9-00bc94da7a89@group-9DB7DD4AF0A9: changes role from      null to FOLLOWER at term 0 for startAsFollower
2021-09-01 14:11:12,230 [pool-131-thread-1] INFO  impl.RoleInfo (RoleInfo.java:updateAndGet(130)) - 5caa8675-6446-43f3-81d9-00bc94da7a89: start 5caa8675-6446-43f3-81d9-00bc94da7a89@group-9DB7DD4AF0A9-FollowerState
2021-09-01 14:11:12,233 [pool-131-thread-1] INFO  util.JmxRegister (JmxRegister.java:tryRegister(44)) - Successfully registered JMX Bean with object name Ratis:service=RaftServer,group=group-9DB7DD4AF0A9,id=5caa8675-6446-43f3-81d9-00bc94da7a89
2021-09-01 14:11:12,234 [Command processor thread] INFO  ratis.XceiverServerRatis (XceiverServerRatis.java:addGroup(763)) - Created group PipelineID=3acc6122-627c-4f35-ab4d-9db7dd4af0a9
2021-09-01 14:11:12,234 [Command processor thread] INFO  commandhandler.CreatePipelineCommandHandler (CreatePipelineCommandHandler.java:handle(106)) - Created Pipeline RATIS ONE PipelineID=3acc6122-627c-4f35-ab4d-9db7dd4af0a9.
2021-09-01 14:11:12,293 [EventQueue-OpenPipelineForHealthyPipelineSafeModeRule] INFO  safemode.SCMSafeModeManager (HealthyPipelineSafeModeRule.java:process(124)) - SCM in safe mode. Healthy pipelines reported count is 0, required healthy pipeline reported count is 1
2021-09-01 14:11:12,389 [Listener at 127.0.0.1/45399] INFO  ozone.MiniOzoneClusterImpl (MiniOzoneClusterImpl.java:lambda$waitForClusterToBeReady$0(235)) - Nodes are ready. Got 6 of 6 DN Heartbeats.
2021-09-01 14:11:12,389 [Listener at 127.0.0.1/45399] INFO  ozone.MiniOzoneClusterImpl (MiniOzoneClusterImpl.java:lambda$waitForClusterToBeReady$0(238)) - Waiting for cluster to exit safe mode
2021-09-01 14:11:12,389 [Listener at 127.0.0.1/45399] INFO  ozone.MiniOzoneClusterImpl (MiniOzoneClusterImpl.java:lambda$waitForClusterToBeReady$0(240)) - SCM became leader
2021-09-01 14:11:12,397 [Command processor thread] INFO  server.RaftServer (RaftServerProxy.java:addNew(95)) - ec842b93-5b10-4e55-aba6-387b08725c40: addNew group-F6A143C39978:[ec842b93-5b10-4e55-aba6-387b08725c40|rpc:10.1.0.27:33903|priority:1] returns group-F6A143C39978:java.util.concurrent.CompletableFuture@212cd528[Not completed]
2021-09-01 14:11:12,398 [pool-150-thread-1] INFO  server.RaftServer$Division (RaftServerImpl.java:<init>(181)) - ec842b93-5b10-4e55-aba6-387b08725c40: new RaftServerImpl for group-F6A143C39978:[ec842b93-5b10-4e55-aba6-387b08725c40|rpc:10.1.0.27:33903|priority:1] with ContainerStateMachine:uninitialized
2021-09-01 14:11:12,398 [pool-150-thread-1] INFO  server.RaftServerConfigKeys (ConfUtils.java:logGet(44)) - raft.server.rpc.timeout.min = 5s (custom)
2021-09-01 14:11:12,398 [pool-150-thread-1] INFO  server.RaftServerConfigKeys (ConfUtils.java:logGet(44)) - raft.server.rpc.timeout.max = 5200ms (custom)
2021-09-01 14:11:12,398 [pool-150-thread-1] INFO  server.RaftServerConfigKeys (ConfUtils.java:logGet(44)) - raft.server.rpc.sleep.time = 25ms (default)
2021-09-01 14:11:12,398 [pool-150-thread-1] INFO  server.RaftServerConfigKeys (ConfUtils.java:logGet(44)) - raft.server.rpc.slowness.timeout = 300s (custom)
2021-09-01 14:11:12,398 [pool-150-thread-1] INFO  server.RaftServerConfigKeys (ConfUtils.java:logGet(44)) - raft.server.leaderelection.leader.step-down.wait-time = 10s (default)
2021-09-01 14:11:12,398 [pool-150-thread-1] INFO  server.RaftServerConfigKeys (ConfUtils.java:logGet(44)) - raft.server.sleep.deviation.threshold = 300ms (default)
2021-09-01 14:11:12,399 [pool-150-thread-1] INFO  server.RaftServerConfigKeys (ConfUtils.java:logGet(44)) - raft.server.log.appender.install.snapshot.enabled = false (custom)
2021-09-01 14:11:12,399 [pool-150-thread-1] INFO  server.RaftServer$Division (ServerState.java:<init>(105)) - ec842b93-5b10-4e55-aba6-387b08725c40@group-F6A143C39978: ConfigurationManager, init=-1: [ec842b93-5b10-4e55-aba6-387b08725c40|rpc:10.1.0.27:33903|priority:1], old=null, confs=<EMPTY_MAP>
2021-09-01 14:11:12,399 [pool-150-thread-1] INFO  server.RaftServerConfigKeys (ConfUtils.java:logGet(44)) - raft.server.storage.dir = [/home/runner/work/ozone/ozone/hadoop-ozone/integration-test/target/test-dir/MiniOzoneClusterImpl-cc063b0d-8217-4a41-b176-f0c6278c97ab/datanode-5/data/ratis] (custom)
2021-09-01 14:11:12,399 [pool-150-thread-1] INFO  server.RaftServerConfigKeys (ConfUtils.java:logGet(44)) - raft.server.log.corruption.policy = EXCEPTION (default)
2021-09-01 14:11:12,399 [pool-150-thread-1] INFO  server.RaftServerConfigKeys (ConfUtils.java:logGet(44)) - raft.server.storage.free-space.min = 0MB (=0) (default)
2021-09-01 14:11:12,399 [pool-150-thread-1] INFO  storage.RaftStorageDirectory (RaftStorageDirectoryImpl.java:analyzeStorage(135)) - The storage directory /home/runner/work/ozone/ozone/hadoop-ozone/integration-test/target/test-dir/MiniOzoneClusterImpl-cc063b0d-8217-4a41-b176-f0c6278c97ab/datanode-5/data/ratis/711af633-875b-40bd-a393-f6a143c39978 does not exist. Creating ...
2021-09-01 14:11:12,400 [pool-150-thread-1] INFO  storage.RaftStorageDirectory (RaftStorageDirectoryImpl.java:tryLock(230)) - Lock on /home/runner/work/ozone/ozone/hadoop-ozone/integration-test/target/test-dir/MiniOzoneClusterImpl-cc063b0d-8217-4a41-b176-f0c6278c97ab/datanode-5/data/ratis/711af633-875b-40bd-a393-f6a143c39978/in_use.lock acquired by nodename 9503@fv-az148-824
2021-09-01 14:11:12,401 [pool-150-thread-1] INFO  storage.RaftStorage (RaftStorageImpl.java:format(89)) - Storage directory /home/runner/work/ozone/ozone/hadoop-ozone/integration-test/target/test-dir/MiniOzoneClusterImpl-cc063b0d-8217-4a41-b176-f0c6278c97ab/datanode-5/data/ratis/711af633-875b-40bd-a393-f6a143c39978 has been successfully formatted.
2021-09-01 14:11:12,401 [pool-150-thread-1] INFO  ratis.ContainerStateMachine (ContainerStateMachine.java:loadSnapshot(224)) - group-F6A143C39978: The snapshot info is null. Setting the last applied indexto:(t:0, i:~)
2021-09-01 14:11:12,404 [pool-150-thread-1] INFO  server.RaftServerConfigKeys (ConfUtils.java:logGet(44)) - raft.server.notification.no-leader.timeout = 300s (custom)
2021-09-01 14:11:12,404 [pool-150-thread-1] INFO  server.RaftServerConfigKeys (ConfUtils.java:logGet(44)) - raft.server.log.use.memory = false (default)
2021-09-01 14:11:12,404 [pool-150-thread-1] INFO  server.RaftServerConfigKeys (ConfUtils.java:logGet(44)) - raft.server.log.purge.gap = 1000000 (custom)
2021-09-01 14:11:12,404 [pool-150-thread-1] INFO  server.RaftServerConfigKeys (ConfUtils.java:logGet(44)) - raft.server.log.appender.buffer.byte-limit = 33554432 (custom)
2021-09-01 14:11:12,404 [pool-150-thread-1] INFO  server.RaftServerConfigKeys (ConfUtils.java:logGet(44)) - raft.server.log.segment.size.max = 1048576 (custom)
2021-09-01 14:11:12,405 [pool-150-thread-1] INFO  server.RaftServerConfigKeys (ConfUtils.java:logGet(44)) - raft.server.log.segment.cache.num.max = 2 (custom)
2021-09-01 14:11:12,405 [pool-150-thread-1] INFO  server.RaftServerConfigKeys (ConfUtils.java:logGet(44)) - raft.server.log.segment.cache.size.max = 200MB (=209715200) (default)
2021-09-01 14:11:12,405 [pool-150-thread-1] INFO  segmented.SegmentedRaftLogWorker (SegmentedRaftLogWorker.java:<init>(182)) - new ec842b93-5b10-4e55-aba6-387b08725c40@group-F6A143C39978-SegmentedRaftLogWorker for RaftStorageImpl:Storage Directory /home/runner/work/ozone/ozone/hadoop-ozone/integration-test/target/test-dir/MiniOzoneClusterImpl-cc063b0d-8217-4a41-b176-f0c6278c97ab/datanode-5/data/ratis/711af633-875b-40bd-a393-f6a143c39978
2021-09-01 14:11:12,405 [pool-150-thread-1] INFO  server.RaftServerConfigKeys (ConfUtils.java:logGet(44)) - raft.server.log.queue.byte-limit = 2147483647 (custom)
2021-09-01 14:11:12,406 [pool-150-thread-1] INFO  server.RaftServerConfigKeys (ConfUtils.java:logGet(44)) - raft.server.log.queue.element-limit = 1024 (custom)
2021-09-01 14:11:12,406 [pool-150-thread-1] INFO  server.RaftServerConfigKeys (ConfUtils.java:logGet(44)) - raft.server.log.segment.size.max = 1048576 (custom)
2021-09-01 14:11:12,406 [pool-150-thread-1] INFO  server.RaftServerConfigKeys (ConfUtils.java:logGet(44)) - raft.server.log.preallocated.size = 16384 (custom)
2021-09-01 14:11:12,406 [pool-150-thread-1] INFO  server.RaftServerConfigKeys (ConfUtils.java:logGet(44)) - raft.server.log.force.sync.num = 128 (default)
2021-09-01 14:11:12,406 [pool-150-thread-1] INFO  server.RaftServerConfigKeys (ConfUtils.java:logGet(44)) - raft.server.log.statemachine.data.sync = true (default)
2021-09-01 14:11:12,406 [pool-150-thread-1] INFO  server.RaftServerConfigKeys (ConfUtils.java:logGet(44)) - raft.server.log.statemachine.data.sync.timeout = 10s (default)
2021-09-01 14:11:12,406 [pool-150-thread-1] INFO  server.RaftServerConfigKeys (ConfUtils.java:logGet(44)) - raft.server.log.statemachine.data.sync.timeout.retry = -1 (default)
2021-09-01 14:11:12,405 [EventQueue-PipelineReportForPipelineReportHandler] INFO  pipeline.PipelineManagerImpl (PipelineManagerImpl.java:openPipeline(282)) - Pipeline Pipeline[ Id: 711af633-875b-40bd-a393-f6a143c39978, Nodes: ec842b93-5b10-4e55-aba6-387b08725c40{ip: 10.1.0.27, host: fv-az148-824.bm4ck3pvxvsene1rjriu5fhcdb.bx.internal.cloudapp.net, ports: [REPLICATION=44095, RATIS=33903, RATIS_ADMIN=33903, RATIS_SERVER=33903, STANDALONE=35689], networkLocation: /default-rack, certSerialId: null, persistedOpState: IN_SERVICE, persistedOpStateExpiryEpochSec: 0}, ReplicationConfig: RATIS/ONE, State:ALLOCATED, leaderId:ec842b93-5b10-4e55-aba6-387b08725c40, CreationTimestamp2021-09-01T14:11:09.400Z[Etc/UTC]] moved to OPEN state
2021-09-01 14:11:12,406 [EventQueue-OpenPipelineForHealthyPipelineSafeModeRule] INFO  safemode.SCMSafeModeManager (HealthyPipelineSafeModeRule.java:process(124)) - SCM in safe mode. Healthy pipelines reported count is 0, required healthy pipeline reported count is 1
2021-09-01 14:11:12,407 [pool-150-thread-1] INFO  server.RaftServerConfigKeys (ConfUtils.java:logGet(44)) - raft.server.log.write.buffer.size = 1048576 (custom)
2021-09-01 14:11:12,408 [pool-150-thread-1] INFO  server.RaftServerConfigKeys (ConfUtils.java:logGet(44)) - raft.server.log.statemachine.data.caching.enabled = true (custom)
2021-09-01 14:11:12,408 [pool-150-thread-1] INFO  segmented.SegmentedRaftLogWorker (SegmentedRaftLogWorker.java:lambda$new$0(133)) - ec842b93-5b10-4e55-aba6-387b08725c40@group-F6A143C39978-SegmentedRaftLogWorker: flushIndex: setUnconditionally 0 -> -1
2021-09-01 14:11:12,408 [pool-150-thread-1] INFO  segmented.SegmentedRaftLogWorker (SegmentedRaftLogWorker.java:lambda$new$0(133)) - ec842b93-5b10-4e55-aba6-387b08725c40@group-F6A143C39978-SegmentedRaftLogWorker: safeCacheEvictIndex: setUnconditionally 0 -> -1
2021-09-01 14:11:12,408 [pool-150-thread-1] INFO  server.RaftServerConfigKeys (ConfUtils.java:logGet(44)) - raft.server.snapshot.auto.trigger.enabled = true (custom)
2021-09-01 14:11:12,408 [pool-150-thread-1] INFO  server.RaftServerConfigKeys (ConfUtils.java:logGet(44)) - raft.server.snapshot.auto.trigger.threshold = 10000 (custom)
2021-09-01 14:11:12,408 [pool-150-thread-1] INFO  server.RaftServerConfigKeys (ConfUtils.java:logGet(44)) - raft.server.snapshot.retention.file.num = 5 (custom)
2021-09-01 14:11:12,408 [pool-150-thread-1] INFO  server.RaftServerConfigKeys (ConfUtils.java:logGet(44)) - raft.server.log.purge.upto.snapshot.index = false (default)
2021-09-01 14:11:12,408 [pool-150-thread-1] INFO  server.RaftServerConfigKeys (ConfUtils.java:logGet(44)) - raft.server.retrycache.expirytime = 600000ms (custom)
2021-09-01 14:11:12,409 [pool-150-thread-1] INFO  server.RaftServerConfigKeys (ConfUtils.java:logGet(44)) - raft.server.retrycache.statistics.expirytime = 100μs (default)
2021-09-01 14:11:12,409 [pool-150-thread-1] INFO  server.RaftServer$Division (RaftServerImpl.java:start(296)) - ec842b93-5b10-4e55-aba6-387b08725c40@group-F6A143C39978: start as a follower, conf=-1: [ec842b93-5b10-4e55-aba6-387b08725c40|rpc:10.1.0.27:33903|priority:1], old=null
2021-09-01 14:11:12,410 [pool-150-thread-1] INFO  server.RaftServer$Division (RaftServerImpl.java:setRole(285)) - ec842b93-5b10-4e55-aba6-387b08725c40@group-F6A143C39978: changes role from      null to FOLLOWER at term 0 for startAsFollower
2021-09-01 14:11:12,410 [pool-150-thread-1] INFO  impl.RoleInfo (RoleInfo.java:updateAndGet(130)) - ec842b93-5b10-4e55-aba6-387b08725c40: start ec842b93-5b10-4e55-aba6-387b08725c40@group-F6A143C39978-FollowerState
2021-09-01 14:11:12,413 [pool-150-thread-1] INFO  util.JmxRegister (JmxRegister.java:tryRegister(44)) - Successfully registered JMX Bean with object name Ratis:service=RaftServer,group=group-F6A143C39978,id=ec842b93-5b10-4e55-aba6-387b08725c40
2021-09-01 14:11:12,414 [Command processor thread] INFO  ratis.XceiverServerRatis (XceiverServerRatis.java:addGroup(763)) - Created group PipelineID=711af633-875b-40bd-a393-f6a143c39978
2021-09-01 14:11:12,414 [Command processor thread] INFO  commandhandler.CreatePipelineCommandHandler (CreatePipelineCommandHandler.java:handle(106)) - Created Pipeline RATIS ONE PipelineID=711af633-875b-40bd-a393-f6a143c39978.
2021-09-01 14:11:12,558 [EventQueue-OpenPipelineForHealthyPipelineSafeModeRule] INFO  safemode.SCMSafeModeManager (HealthyPipelineSafeModeRule.java:process(124)) - SCM in safe mode. Healthy pipelines reported count is 0, required healthy pipeline reported count is 1
2021-09-01 14:11:12,990 [ReplicationMonitor] INFO  container.ReplicationManager (ReplicationManager.java:processAll(359)) - Replication Monitor Thread took 0 milliseconds for processing 0 containers.
2021-09-01 14:11:13,227 [EventQueue-OpenPipelineForHealthyPipelineSafeModeRule] INFO  safemode.SCMSafeModeManager (HealthyPipelineSafeModeRule.java:process(124)) - SCM in safe mode. Healthy pipelines reported count is 0, required healthy pipeline reported count is 1
2021-09-01 14:11:13,389 [Listener at 127.0.0.1/45399] INFO  ozone.MiniOzoneClusterImpl (MiniOzoneClusterImpl.java:lambda$waitForClusterToBeReady$0(235)) - Nodes are ready. Got 6 of 6 DN Heartbeats.
2021-09-01 14:11:13,389 [Listener at 127.0.0.1/45399] INFO  ozone.MiniOzoneClusterImpl (MiniOzoneClusterImpl.java:lambda$waitForClusterToBeReady$0(238)) - Waiting for cluster to exit safe mode
2021-09-01 14:11:13,389 [Listener at 127.0.0.1/45399] INFO  ozone.MiniOzoneClusterImpl (MiniOzoneClusterImpl.java:lambda$waitForClusterToBeReady$0(240)) - SCM became leader
2021-09-01 14:11:13,402 [EventQueue-OpenPipelineForHealthyPipelineSafeModeRule] INFO  safemode.SCMSafeModeManager (HealthyPipelineSafeModeRule.java:process(124)) - SCM in safe mode. Healthy pipelines reported count is 0, required healthy pipeline reported count is 1
2021-09-01 14:11:13,916 [EventQueue-OpenPipelineForHealthyPipelineSafeModeRule] INFO  safemode.SCMSafeModeManager (HealthyPipelineSafeModeRule.java:process(124)) - SCM in safe mode. Healthy pipelines reported count is 0, required healthy pipeline reported count is 1
2021-09-01 14:11:13,990 [ReplicationMonitor] INFO  container.ReplicationManager (ReplicationManager.java:processAll(359)) - Replication Monitor Thread took 0 milliseconds for processing 0 containers.
2021-09-01 14:11:14,091 [EventQueue-OpenPipelineForHealthyPipelineSafeModeRule] INFO  safemode.SCMSafeModeManager (HealthyPipelineSafeModeRule.java:process(124)) - SCM in safe mode. Healthy pipelines reported count is 0, required healthy pipeline reported count is 1
2021-09-01 14:11:14,293 [EventQueue-OpenPipelineForHealthyPipelineSafeModeRule] INFO  safemode.SCMSafeModeManager (HealthyPipelineSafeModeRule.java:process(124)) - SCM in safe mode. Healthy pipelines reported count is 0, required healthy pipeline reported count is 1
2021-09-01 14:11:14,389 [Listener at 127.0.0.1/45399] INFO  ozone.MiniOzoneClusterImpl (MiniOzoneClusterImpl.java:lambda$waitForClusterToBeReady$0(235)) - Nodes are ready. Got 6 of 6 DN Heartbeats.
2021-09-01 14:11:14,390 [Listener at 127.0.0.1/45399] INFO  ozone.MiniOzoneClusterImpl (MiniOzoneClusterImpl.java:lambda$waitForClusterToBeReady$0(238)) - Waiting for cluster to exit safe mode
2021-09-01 14:11:14,390 [Listener at 127.0.0.1/45399] INFO  ozone.MiniOzoneClusterImpl (MiniOzoneClusterImpl.java:lambda$waitForClusterToBeReady$0(240)) - SCM became leader
2021-09-01 14:11:14,559 [EventQueue-OpenPipelineForHealthyPipelineSafeModeRule] INFO  safemode.SCMSafeModeManager (HealthyPipelineSafeModeRule.java:process(124)) - SCM in safe mode. Healthy pipelines reported count is 0, required healthy pipeline reported count is 1
2021-09-01 14:11:14,917 [EventQueue-OpenPipelineForHealthyPipelineSafeModeRule] INFO  safemode.SCMSafeModeManager (HealthyPipelineSafeModeRule.java:process(124)) - SCM in safe mode. Healthy pipelines reported count is 0, required healthy pipeline reported count is 1
2021-09-01 14:11:14,991 [ReplicationMonitor] INFO  container.ReplicationManager (ReplicationManager.java:processAll(359)) - Replication Monitor Thread took 0 milliseconds for processing 0 containers.
2021-09-01 14:11:15,092 [EventQueue-OpenPipelineForHealthyPipelineSafeModeRule] INFO  safemode.SCMSafeModeManager (HealthyPipelineSafeModeRule.java:process(124)) - SCM in safe mode. Healthy pipelines reported count is 0, required healthy pipeline reported count is 1
2021-09-01 14:11:15,227 [EventQueue-OpenPipelineForHealthyPipelineSafeModeRule] INFO  safemode.SCMSafeModeManager (HealthyPipelineSafeModeRule.java:process(124)) - SCM in safe mode. Healthy pipelines reported count is 0, required healthy pipeline reported count is 1
2021-09-01 14:11:15,390 [Listener at 127.0.0.1/45399] INFO  ozone.MiniOzoneClusterImpl (MiniOzoneClusterImpl.java:lambda$waitForClusterToBeReady$0(235)) - Nodes are ready. Got 6 of 6 DN Heartbeats.
2021-09-01 14:11:15,390 [Listener at 127.0.0.1/45399] INFO  ozone.MiniOzoneClusterImpl (MiniOzoneClusterImpl.java:lambda$waitForClusterToBeReady$0(238)) - Waiting for cluster to exit safe mode
2021-09-01 14:11:15,390 [Listener at 127.0.0.1/45399] INFO  ozone.MiniOzoneClusterImpl (MiniOzoneClusterImpl.java:lambda$waitForClusterToBeReady$0(240)) - SCM became leader
2021-09-01 14:11:15,402 [EventQueue-OpenPipelineForHealthyPipelineSafeModeRule] INFO  safemode.SCMSafeModeManager (HealthyPipelineSafeModeRule.java:process(124)) - SCM in safe mode. Healthy pipelines reported count is 0, required healthy pipeline reported count is 1
2021-09-01 14:11:15,918 [EventQueue-OpenPipelineForHealthyPipelineSafeModeRule] INFO  safemode.SCMSafeModeManager (HealthyPipelineSafeModeRule.java:process(124)) - SCM in safe mode. Healthy pipelines reported count is 0, required healthy pipeline reported count is 1
2021-09-01 14:11:15,992 [ReplicationMonitor] INFO  container.ReplicationManager (ReplicationManager.java:processAll(359)) - Replication Monitor Thread took 1 milliseconds for processing 0 containers.
2021-09-01 14:11:16,092 [EventQueue-OpenPipelineForHealthyPipelineSafeModeRule] INFO  safemode.SCMSafeModeManager (HealthyPipelineSafeModeRule.java:process(124)) - SCM in safe mode. Healthy pipelines reported count is 0, required healthy pipeline reported count is 1
2021-09-01 14:11:16,227 [EventQueue-OpenPipelineForHealthyPipelineSafeModeRule] INFO  safemode.SCMSafeModeManager (HealthyPipelineSafeModeRule.java:process(124)) - SCM in safe mode. Healthy pipelines reported count is 0, required healthy pipeline reported count is 1
2021-09-01 14:11:16,294 [EventQueue-OpenPipelineForHealthyPipelineSafeModeRule] INFO  safemode.SCMSafeModeManager (HealthyPipelineSafeModeRule.java:process(124)) - SCM in safe mode. Healthy pipelines reported count is 0, required healthy pipeline reported count is 1
2021-09-01 14:11:16,380 [5c6bb450-033d-4b31-9de4-d545ca09f4a5@group-5C74B3D464DE-FollowerState] INFO  impl.FollowerState (FollowerState.java:run(134)) - 5c6bb450-033d-4b31-9de4-d545ca09f4a5@group-5C74B3D464DE-FollowerState: change to CANDIDATE, lastRpcElapsedTime:5101349746ns, electionTimeout:5095ms
2021-09-01 14:11:16,381 [5c6bb450-033d-4b31-9de4-d545ca09f4a5@group-5C74B3D464DE-FollowerState] INFO  impl.RoleInfo (RoleInfo.java:shutdownFollowerState(108)) - 5c6bb450-033d-4b31-9de4-d545ca09f4a5: shutdown 5c6bb450-033d-4b31-9de4-d545ca09f4a5@group-5C74B3D464DE-FollowerState
2021-09-01 14:11:16,381 [5c6bb450-033d-4b31-9de4-d545ca09f4a5@group-5C74B3D464DE-FollowerState] INFO  server.RaftServer$Division (RaftServerImpl.java:setRole(285)) - 5c6bb450-033d-4b31-9de4-d545ca09f4a5@group-5C74B3D464DE: changes role from  FOLLOWER to CANDIDATE at term 0 for changeToCandidate
2021-09-01 14:11:16,381 [5c6bb450-033d-4b31-9de4-d545ca09f4a5@group-5C74B3D464DE-FollowerState] INFO  server.RaftServerConfigKeys (ConfUtils.java:logGet(44)) - raft.server.leaderelection.pre-vote = false (custom)
2021-09-01 14:11:16,381 [5c6bb450-033d-4b31-9de4-d545ca09f4a5@group-5C74B3D464DE-FollowerState] INFO  impl.RoleInfo (RoleInfo.java:updateAndGet(130)) - 5c6bb450-033d-4b31-9de4-d545ca09f4a5: start 5c6bb450-033d-4b31-9de4-d545ca09f4a5@group-5C74B3D464DE-LeaderElection2
2021-09-01 14:11:16,386 [5c6bb450-033d-4b31-9de4-d545ca09f4a5@group-5C74B3D464DE-LeaderElection2] INFO  impl.LeaderElection (LeaderElection.java:askForVotes(306)) - 5c6bb450-033d-4b31-9de4-d545ca09f4a5@group-5C74B3D464DE-LeaderElection2 ELECTION round 0: submit vote requests at term 1 for -1: [5c6bb450-033d-4b31-9de4-d545ca09f4a5|rpc:10.1.0.27:34561|priority:1], old=null
2021-09-01 14:11:16,386 [5c6bb450-033d-4b31-9de4-d545ca09f4a5@group-5C74B3D464DE-LeaderElection2] INFO  impl.LeaderElection (LeaderElection.java:askForVotes(308)) - 5c6bb450-033d-4b31-9de4-d545ca09f4a5@group-5C74B3D464DE-LeaderElection2 ELECTION round 0: result PASSED (term=1)
2021-09-01 14:11:16,386 [5c6bb450-033d-4b31-9de4-d545ca09f4a5@group-5C74B3D464DE-LeaderElection2] INFO  impl.RoleInfo (RoleInfo.java:shutdownLeaderElection(121)) - 5c6bb450-033d-4b31-9de4-d545ca09f4a5: shutdown 5c6bb450-033d-4b31-9de4-d545ca09f4a5@group-5C74B3D464DE-LeaderElection2
2021-09-01 14:11:16,386 [5c6bb450-033d-4b31-9de4-d545ca09f4a5@group-5C74B3D464DE-LeaderElection2] INFO  server.RaftServer$Division (RaftServerImpl.java:setRole(285)) - 5c6bb450-033d-4b31-9de4-d545ca09f4a5@group-5C74B3D464DE: changes role from CANDIDATE to LEADER at term 1 for changeToLeader
2021-09-01 14:11:16,386 [5c6bb450-033d-4b31-9de4-d545ca09f4a5@group-5C74B3D464DE-LeaderElection2] INFO  ratis.XceiverServerRatis (XceiverServerRatis.java:handleLeaderChangedNotification(861)) - Leader change notification received for group: group-5C74B3D464DE with new leaderId: 5c6bb450-033d-4b31-9de4-d545ca09f4a5
2021-09-01 14:11:16,386 [5c6bb450-033d-4b31-9de4-d545ca09f4a5@group-5C74B3D464DE-LeaderElection2] INFO  server.RaftServer$Division (ServerState.java:setLeader(285)) - 5c6bb450-033d-4b31-9de4-d545ca09f4a5@group-5C74B3D464DE: change Leader from null to 5c6bb450-033d-4b31-9de4-d545ca09f4a5 at term 1 for becomeLeader, leader elected after 5131ms
2021-09-01 14:11:16,386 [5c6bb450-033d-4b31-9de4-d545ca09f4a5@group-5C74B3D464DE-LeaderElection2] INFO  server.RaftServerConfigKeys (ConfUtils.java:logGet(44)) - raft.server.staging.catchup.gap = 1000 (default)
2021-09-01 14:11:16,387 [5c6bb450-033d-4b31-9de4-d545ca09f4a5@group-5C74B3D464DE-LeaderElection2] INFO  server.RaftServerConfigKeys (ConfUtils.java:logGet(44)) - raft.server.write.element-limit = 1024 (custom)
2021-09-01 14:11:16,387 [5c6bb450-033d-4b31-9de4-d545ca09f4a5@group-5C74B3D464DE-LeaderElection2] INFO  server.RaftServerConfigKeys (ConfUtils.java:logGet(44)) - raft.server.write.byte-limit = 1024 M (=1073741824) (custom)
2021-09-01 14:11:16,388 [5c6bb450-033d-4b31-9de4-d545ca09f4a5@group-5C74B3D464DE-LeaderElection2] INFO  server.RaftServerConfigKeys (ConfUtils.java:logGet(44)) - raft.server.watch.timeout = 180s (custom)
2021-09-01 14:11:16,388 [5c6bb450-033d-4b31-9de4-d545ca09f4a5@group-5C74B3D464DE-LeaderElection2] INFO  server.RaftServerConfigKeys (ConfUtils.java:logGet(44)) - raft.server.watch.timeout.denomination = 1s (default)
2021-09-01 14:11:16,388 [5c6bb450-033d-4b31-9de4-d545ca09f4a5@group-5C74B3D464DE-LeaderElection2] INFO  server.RaftServerConfigKeys (ConfUtils.java:logGet(44)) - raft.server.watch.element-limit = 65536 (default)
2021-09-01 14:11:16,388 [EventQueue-OpenPipelineForHealthyPipelineSafeModeRule] INFO  safemode.SCMSafeModeManager (HealthyPipelineSafeModeRule.java:process(124)) - SCM in safe mode. Healthy pipelines reported count is 0, required healthy pipeline reported count is 1
2021-09-01 14:11:16,388 [5c6bb450-033d-4b31-9de4-d545ca09f4a5@group-5C74B3D464DE-LeaderElection2] INFO  impl.RoleInfo (RoleInfo.java:updateAndGet(130)) - 5c6bb450-033d-4b31-9de4-d545ca09f4a5: start 5c6bb450-033d-4b31-9de4-d545ca09f4a5@group-5C74B3D464DE-LeaderStateImpl
2021-09-01 14:11:16,389 [5c6bb450-033d-4b31-9de4-d545ca09f4a5@group-5C74B3D464DE-LeaderElection2] INFO  segmented.SegmentedRaftLogWorker (SegmentedRaftLogWorker.java:startLogSegment(394)) - 5c6bb450-033d-4b31-9de4-d545ca09f4a5@group-5C74B3D464DE-SegmentedRaftLogWorker: Starting segment from index:0
2021-09-01 14:11:16,390 [Listener at 127.0.0.1/45399] INFO  ozone.MiniOzoneClusterImpl (MiniOzoneClusterImpl.java:lambda$waitForClusterToBeReady$0(235)) - Nodes are ready. Got 6 of 6 DN Heartbeats.
2021-09-01 14:11:16,390 [Listener at 127.0.0.1/45399] INFO  ozone.MiniOzoneClusterImpl (MiniOzoneClusterImpl.java:lambda$waitForClusterToBeReady$0(238)) - Waiting for cluster to exit safe mode
2021-09-01 14:11:16,390 [Listener at 127.0.0.1/45399] INFO  ozone.MiniOzoneClusterImpl (MiniOzoneClusterImpl.java:lambda$waitForClusterToBeReady$0(240)) - SCM became leader
2021-09-01 14:11:16,388 [5c6bb450-033d-4b31-9de4-d545ca09f4a5@group-4F5C23251FD2-FollowerState] INFO  impl.FollowerState (FollowerState.java:run(134)) - 5c6bb450-033d-4b31-9de4-d545ca09f4a5@group-4F5C23251FD2-FollowerState: change to CANDIDATE, lastRpcElapsedTime:5088635857ns, electionTimeout:5085ms
2021-09-01 14:11:16,390 [5c6bb450-033d-4b31-9de4-d545ca09f4a5@group-4F5C23251FD2-FollowerState] INFO  impl.RoleInfo (RoleInfo.java:shutdownFollowerState(108)) - 5c6bb450-033d-4b31-9de4-d545ca09f4a5: shutdown 5c6bb450-033d-4b31-9de4-d545ca09f4a5@group-4F5C23251FD2-FollowerState
2021-09-01 14:11:16,391 [5c6bb450-033d-4b31-9de4-d545ca09f4a5@group-4F5C23251FD2-FollowerState] INFO  server.RaftServer$Division (RaftServerImpl.java:setRole(285)) - 5c6bb450-033d-4b31-9de4-d545ca09f4a5@group-4F5C23251FD2: changes role from  FOLLOWER to CANDIDATE at term 0 for changeToCandidate
2021-09-01 14:11:16,391 [5c6bb450-033d-4b31-9de4-d545ca09f4a5@group-4F5C23251FD2-FollowerState] INFO  server.RaftServerConfigKeys (ConfUtils.java:logGet(44)) - raft.server.leaderelection.pre-vote = false (custom)
2021-09-01 14:11:16,391 [5c6bb450-033d-4b31-9de4-d545ca09f4a5@group-5C74B3D464DE-LeaderElection2] INFO  server.RaftServer$Division (ServerState.java:setRaftConf(387)) - 5c6bb450-033d-4b31-9de4-d545ca09f4a5@group-5C74B3D464DE: set configuration 0: [5c6bb450-033d-4b31-9de4-d545ca09f4a5|rpc:10.1.0.27:34561|dataStream:|priority:1], old=null
2021-09-01 14:11:16,391 [5c6bb450-033d-4b31-9de4-d545ca09f4a5@group-5C74B3D464DE-SegmentedRaftLogWorker] INFO  segmented.SegmentedRaftLogWorker (SegmentedRaftLogWorker.java:execute(601)) - 5c6bb450-033d-4b31-9de4-d545ca09f4a5@group-5C74B3D464DE-SegmentedRaftLogWorker: created new log segment /home/runner/work/ozone/ozone/hadoop-ozone/integration-test/target/test-dir/MiniOzoneClusterImpl-cc063b0d-8217-4a41-b176-f0c6278c97ab/datanode-0/data/ratis/3daaa00a-a2b8-4896-835b-5c74b3d464de/current/log_inprogress_0
2021-09-01 14:11:16,391 [5c6bb450-033d-4b31-9de4-d545ca09f4a5@group-4F5C23251FD2-FollowerState] INFO  impl.RoleInfo (RoleInfo.java:updateAndGet(130)) - 5c6bb450-033d-4b31-9de4-d545ca09f4a5: start 5c6bb450-033d-4b31-9de4-d545ca09f4a5@group-4F5C23251FD2-LeaderElection3
2021-09-01 14:11:16,399 [5c6bb450-033d-4b31-9de4-d545ca09f4a5@group-4F5C23251FD2-LeaderElection3] INFO  impl.LeaderElection (LeaderElection.java:askForVotes(306)) - 5c6bb450-033d-4b31-9de4-d545ca09f4a5@group-4F5C23251FD2-LeaderElection3 ELECTION round 0: submit vote requests at term 1 for -1: [5a414dd0-042d-4554-a0be-5f06df5d5cdb|rpc:10.1.0.27:40947|priority:0, 5c6bb450-033d-4b31-9de4-d545ca09f4a5|rpc:10.1.0.27:34561|priority:0, 1f216d10-6a5d-4e67-b983-ab62dd80285a|rpc:10.1.0.27:36441|priority:1], old=null
2021-09-01 14:11:16,406 [EventQueue-OpenPipelineForHealthyPipelineSafeModeRule] INFO  safemode.SCMSafeModeManager (HealthyPipelineSafeModeRule.java:process(124)) - SCM in safe mode. Healthy pipelines reported count is 0, required healthy pipeline reported count is 1
2021-09-01 14:11:16,432 [grpc-default-executor-1] INFO  server.RaftServer$Division (RaftServerImpl.java:requestVote(1043)) - 1f216d10-6a5d-4e67-b983-ab62dd80285a@group-4F5C23251FD2: receive requestVote(ELECTION, 5c6bb450-033d-4b31-9de4-d545ca09f4a5, group-4F5C23251FD2, 1, (t:0, i:0))
2021-09-01 14:11:16,434 [grpc-default-executor-1] INFO  impl.VoteContext (VoteContext.java:log(48)) - 1f216d10-6a5d-4e67-b983-ab62dd80285a@group-4F5C23251FD2-FOLLOWER: reject ELECTION from 5c6bb450-033d-4b31-9de4-d545ca09f4a5: our priority 1 > candidate's priority 0
2021-09-01 14:11:16,434 [grpc-default-executor-1] INFO  server.RaftServer$Division (RaftServerImpl.java:setRole(285)) - 1f216d10-6a5d-4e67-b983-ab62dd80285a@group-4F5C23251FD2: changes role from  FOLLOWER to FOLLOWER at term 1 for candidate:5c6bb450-033d-4b31-9de4-d545ca09f4a5
2021-09-01 14:11:16,434 [grpc-default-executor-1] INFO  impl.RoleInfo (RoleInfo.java:shutdownFollowerState(108)) - 1f216d10-6a5d-4e67-b983-ab62dd80285a: shutdown 1f216d10-6a5d-4e67-b983-ab62dd80285a@group-4F5C23251FD2-FollowerState
2021-09-01 14:11:16,434 [1f216d10-6a5d-4e67-b983-ab62dd80285a@group-4F5C23251FD2-FollowerState] INFO  impl.FollowerState (FollowerState.java:run(143)) - 1f216d10-6a5d-4e67-b983-ab62dd80285a@group-4F5C23251FD2-FollowerState was interrupted: {}
java.lang.InterruptedException: sleep interrupted
	at java.lang.Thread.sleep(Native Method)
	at java.lang.Thread.sleep(Thread.java:340)
	at java.util.concurrent.TimeUnit.sleep(TimeUnit.java:386)
	at org.apache.ratis.util.TimeDuration.sleep(TimeDuration.java:324)
	at org.apache.ratis.util.TimeDuration.sleep(TimeDuration.java:309)
	at org.apache.ratis.server.impl.FollowerState.run(FollowerState.java:118)
2021-09-01 14:11:16,434 [grpc-default-executor-1] INFO  impl.RoleInfo (RoleInfo.java:updateAndGet(130)) - 1f216d10-6a5d-4e67-b983-ab62dd80285a: start 1f216d10-6a5d-4e67-b983-ab62dd80285a@group-4F5C23251FD2-FollowerState
2021-09-01 14:11:16,446 [grpc-default-executor-0] INFO  server.RaftServer$Division (RaftServerImpl.java:requestVote(1043)) - 5a414dd0-042d-4554-a0be-5f06df5d5cdb@group-4F5C23251FD2: receive requestVote(ELECTION, 5c6bb450-033d-4b31-9de4-d545ca09f4a5, group-4F5C23251FD2, 1, (t:0, i:0))
2021-09-01 14:11:16,448 [grpc-default-executor-1] INFO  server.RaftServer$Division (RaftServerImpl.java:requestVote(1075)) - 1f216d10-6a5d-4e67-b983-ab62dd80285a@group-4F5C23251FD2 replies to ELECTION vote request: 5c6bb450-033d-4b31-9de4-d545ca09f4a5<-1f216d10-6a5d-4e67-b983-ab62dd80285a#0:FAIL-t1. Peer's state: 1f216d10-6a5d-4e67-b983-ab62dd80285a@group-4F5C23251FD2:t1, leader=null, voted=null, raftlog=1f216d10-6a5d-4e67-b983-ab62dd80285a@group-4F5C23251FD2-SegmentedRaftLog:OPENED:c-1,f-1,i0, conf=-1: [5a414dd0-042d-4554-a0be-5f06df5d5cdb|rpc:10.1.0.27:40947|dataStream:|priority:0, 5c6bb450-033d-4b31-9de4-d545ca09f4a5|rpc:10.1.0.27:34561|dataStream:|priority:0, 1f216d10-6a5d-4e67-b983-ab62dd80285a|rpc:10.1.0.27:36441|dataStream:|priority:1], old=null
2021-09-01 14:11:16,446 [grpc-default-executor-0] INFO  impl.VoteContext (VoteContext.java:log(48)) - 5a414dd0-042d-4554-a0be-5f06df5d5cdb@group-4F5C23251FD2-FOLLOWER: accept ELECTION from 5c6bb450-033d-4b31-9de4-d545ca09f4a5: our priority 0 <= candidate's priority 0
2021-09-01 14:11:16,449 [grpc-default-executor-0] INFO  server.RaftServer$Division (RaftServerImpl.java:setRole(285)) - 5a414dd0-042d-4554-a0be-5f06df5d5cdb@group-4F5C23251FD2: changes role from  FOLLOWER to FOLLOWER at term 1 for candidate:5c6bb450-033d-4b31-9de4-d545ca09f4a5
2021-09-01 14:11:16,450 [grpc-default-executor-0] INFO  impl.RoleInfo (RoleInfo.java:shutdownFollowerState(108)) - 5a414dd0-042d-4554-a0be-5f06df5d5cdb: shutdown 5a414dd0-042d-4554-a0be-5f06df5d5cdb@group-4F5C23251FD2-FollowerState
2021-09-01 14:11:16,450 [grpc-default-executor-0] INFO  impl.RoleInfo (RoleInfo.java:updateAndGet(130)) - 5a414dd0-042d-4554-a0be-5f06df5d5cdb: start 5a414dd0-042d-4554-a0be-5f06df5d5cdb@group-4F5C23251FD2-FollowerState
2021-09-01 14:11:16,450 [5a414dd0-042d-4554-a0be-5f06df5d5cdb@group-4F5C23251FD2-FollowerState] INFO  impl.FollowerState (FollowerState.java:run(143)) - 5a414dd0-042d-4554-a0be-5f06df5d5cdb@group-4F5C23251FD2-FollowerState was interrupted: {}
java.lang.InterruptedException: sleep interrupted
	at java.lang.Thread.sleep(Native Method)
	at java.lang.Thread.sleep(Thread.java:340)
	at java.util.concurrent.TimeUnit.sleep(TimeUnit.java:386)
	at org.apache.ratis.util.TimeDuration.sleep(TimeDuration.java:324)
	at org.apache.ratis.util.TimeDuration.sleep(TimeDuration.java:309)
	at org.apache.ratis.server.impl.FollowerState.run(FollowerState.java:118)
2021-09-01 14:11:16,451 [5c6bb450-033d-4b31-9de4-d545ca09f4a5@group-4F5C23251FD2-LeaderElection3] INFO  impl.LeaderElection (LeaderElection.java:logAndReturn(89)) - 5c6bb450-033d-4b31-9de4-d545ca09f4a5@group-4F5C23251FD2-LeaderElection3: ELECTION REJECTED received 1 response(s) and 0 exception(s):
2021-09-01 14:11:16,452 [5c6bb450-033d-4b31-9de4-d545ca09f4a5@group-4F5C23251FD2-LeaderElection3] INFO  impl.LeaderElection (LeaderElection.java:logAndReturn(93)) -   Response 0: 5c6bb450-033d-4b31-9de4-d545ca09f4a5<-1f216d10-6a5d-4e67-b983-ab62dd80285a#0:FAIL-t1
2021-09-01 14:11:16,452 [5c6bb450-033d-4b31-9de4-d545ca09f4a5@group-4F5C23251FD2-LeaderElection3] INFO  impl.LeaderElection (LeaderElection.java:askForVotes(308)) - 5c6bb450-033d-4b31-9de4-d545ca09f4a5@group-4F5C23251FD2-LeaderElection3 ELECTION round 0: result REJECTED
2021-09-01 14:11:16,452 [5c6bb450-033d-4b31-9de4-d545ca09f4a5@group-4F5C23251FD2-LeaderElection3] INFO  server.RaftServer$Division (RaftServerImpl.java:setRole(285)) - 5c6bb450-033d-4b31-9de4-d545ca09f4a5@group-4F5C23251FD2: changes role from CANDIDATE to FOLLOWER at term 1 for REJECTED
2021-09-01 14:11:16,452 [5c6bb450-033d-4b31-9de4-d545ca09f4a5@group-4F5C23251FD2-LeaderElection3] INFO  impl.RoleInfo (RoleInfo.java:shutdownLeaderElection(121)) - 5c6bb450-033d-4b31-9de4-d545ca09f4a5: shutdown 5c6bb450-033d-4b31-9de4-d545ca09f4a5@group-4F5C23251FD2-LeaderElection3
2021-09-01 14:11:16,452 [5c6bb450-033d-4b31-9de4-d545ca09f4a5@group-4F5C23251FD2-LeaderElection3] INFO  impl.RoleInfo (RoleInfo.java:updateAndGet(130)) - 5c6bb450-033d-4b31-9de4-d545ca09f4a5: start 5c6bb450-033d-4b31-9de4-d545ca09f4a5@group-4F5C23251FD2-FollowerState
2021-09-01 14:11:16,455 [grpc-default-executor-0] INFO  server.RaftServer$Division (RaftServerImpl.java:requestVote(1075)) - 5a414dd0-042d-4554-a0be-5f06df5d5cdb@group-4F5C23251FD2 replies to ELECTION vote request: 5c6bb450-033d-4b31-9de4-d545ca09f4a5<-5a414dd0-042d-4554-a0be-5f06df5d5cdb#0:OK-t1. Peer's state: 5a414dd0-042d-4554-a0be-5f06df5d5cdb@group-4F5C23251FD2:t1, leader=null, voted=5c6bb450-033d-4b31-9de4-d545ca09f4a5, raftlog=5a414dd0-042d-4554-a0be-5f06df5d5cdb@group-4F5C23251FD2-SegmentedRaftLog:OPENED:c-1,f-1,i0, conf=-1: [5a414dd0-042d-4554-a0be-5f06df5d5cdb|rpc:10.1.0.27:40947|priority:0, 5c6bb450-033d-4b31-9de4-d545ca09f4a5|rpc:10.1.0.27:34561|priority:0, 1f216d10-6a5d-4e67-b983-ab62dd80285a|rpc:10.1.0.27:36441|priority:1], old=null
2021-09-01 14:11:16,520 [5a414dd0-042d-4554-a0be-5f06df5d5cdb@group-0AC8F9DA8ADD-FollowerState] INFO  impl.FollowerState (FollowerState.java:run(134)) - 5a414dd0-042d-4554-a0be-5f06df5d5cdb@group-0AC8F9DA8ADD-FollowerState: change to CANDIDATE, lastRpcElapsedTime:5004784912ns, electionTimeout:5001ms
2021-09-01 14:11:16,520 [5a414dd0-042d-4554-a0be-5f06df5d5cdb@group-0AC8F9DA8ADD-FollowerState] INFO  impl.RoleInfo (RoleInfo.java:shutdownFollowerState(108)) - 5a414dd0-042d-4554-a0be-5f06df5d5cdb: shutdown 5a414dd0-042d-4554-a0be-5f06df5d5cdb@group-0AC8F9DA8ADD-FollowerState
2021-09-01 14:11:16,520 [5a414dd0-042d-4554-a0be-5f06df5d5cdb@group-0AC8F9DA8ADD-FollowerState] INFO  server.RaftServer$Division (RaftServerImpl.java:setRole(285)) - 5a414dd0-042d-4554-a0be-5f06df5d5cdb@group-0AC8F9DA8ADD: changes role from  FOLLOWER to CANDIDATE at term 0 for changeToCandidate
2021-09-01 14:11:16,521 [5a414dd0-042d-4554-a0be-5f06df5d5cdb@group-0AC8F9DA8ADD-FollowerState] INFO  server.RaftServerConfigKeys (ConfUtils.java:logGet(44)) - raft.server.leaderelection.pre-vote = false (custom)
2021-09-01 14:11:16,521 [5a414dd0-042d-4554-a0be-5f06df5d5cdb@group-0AC8F9DA8ADD-FollowerState] INFO  impl.RoleInfo (RoleInfo.java:updateAndGet(130)) - 5a414dd0-042d-4554-a0be-5f06df5d5cdb: start 5a414dd0-042d-4554-a0be-5f06df5d5cdb@group-0AC8F9DA8ADD-LeaderElection4
2021-09-01 14:11:16,523 [5a414dd0-042d-4554-a0be-5f06df5d5cdb@group-0AC8F9DA8ADD-LeaderElection4] INFO  impl.LeaderElection (LeaderElection.java:askForVotes(306)) - 5a414dd0-042d-4554-a0be-5f06df5d5cdb@group-0AC8F9DA8ADD-LeaderElection4 ELECTION round 0: submit vote requests at term 1 for -1: [5a414dd0-042d-4554-a0be-5f06df5d5cdb|rpc:10.1.0.27:40947|priority:1], old=null
2021-09-01 14:11:16,524 [5a414dd0-042d-4554-a0be-5f06df5d5cdb@group-0AC8F9DA8ADD-LeaderElection4] INFO  impl.LeaderElection (LeaderElection.java:askForVotes(308)) - 5a414dd0-042d-4554-a0be-5f06df5d5cdb@group-0AC8F9DA8ADD-LeaderElection4 ELECTION round 0: result PASSED (term=1)
2021-09-01 14:11:16,524 [5a414dd0-042d-4554-a0be-5f06df5d5cdb@group-0AC8F9DA8ADD-LeaderElection4] INFO  impl.RoleInfo (RoleInfo.java:shutdownLeaderElection(121)) - 5a414dd0-042d-4554-a0be-5f06df5d5cdb: shutdown 5a414dd0-042d-4554-a0be-5f06df5d5cdb@group-0AC8F9DA8ADD-LeaderElection4
2021-09-01 14:11:16,524 [5a414dd0-042d-4554-a0be-5f06df5d5cdb@group-0AC8F9DA8ADD-LeaderElection4] INFO  server.RaftServer$Division (RaftServerImpl.java:setRole(285)) - 5a414dd0-042d-4554-a0be-5f06df5d5cdb@group-0AC8F9DA8ADD: changes role from CANDIDATE to LEADER at term 1 for changeToLeader
2021-09-01 14:11:16,524 [5a414dd0-042d-4554-a0be-5f06df5d5cdb@group-0AC8F9DA8ADD-LeaderElection4] INFO  ratis.XceiverServerRatis (XceiverServerRatis.java:handleLeaderChangedNotification(861)) - Leader change notification received for group: group-0AC8F9DA8ADD with new leaderId: 5a414dd0-042d-4554-a0be-5f06df5d5cdb
2021-09-01 14:11:16,524 [5a414dd0-042d-4554-a0be-5f06df5d5cdb@group-0AC8F9DA8ADD-LeaderElection4] INFO  server.RaftServer$Division (ServerState.java:setLeader(285)) - 5a414dd0-042d-4554-a0be-5f06df5d5cdb@group-0AC8F9DA8ADD: change Leader from null to 5a414dd0-042d-4554-a0be-5f06df5d5cdb at term 1 for becomeLeader, leader elected after 5041ms
2021-09-01 14:11:16,524 [5a414dd0-042d-4554-a0be-5f06df5d5cdb@group-0AC8F9DA8ADD-LeaderElection4] INFO  server.RaftServerConfigKeys (ConfUtils.java:logGet(44)) - raft.server.staging.catchup.gap = 1000 (default)
2021-09-01 14:11:16,525 [5a414dd0-042d-4554-a0be-5f06df5d5cdb@group-0AC8F9DA8ADD-LeaderElection4] INFO  server.RaftServerConfigKeys (ConfUtils.java:logGet(44)) - raft.server.write.element-limit = 1024 (custom)
2021-09-01 14:11:16,525 [5a414dd0-042d-4554-a0be-5f06df5d5cdb@group-0AC8F9DA8ADD-LeaderElection4] INFO  server.RaftServerConfigKeys (ConfUtils.java:logGet(44)) - raft.server.write.byte-limit = 1024 M (=1073741824) (custom)
2021-09-01 14:11:16,524 [Datanode State Machine Thread - 0] WARN  statemachine.StateContext (StateContext.java:execute(621)) - No available thread in pool for past 1 seconds.
2021-09-01 14:11:16,526 [5a414dd0-042d-4554-a0be-5f06df5d5cdb@group-0AC8F9DA8ADD-LeaderElection4] INFO  server.RaftServerConfigKeys (ConfUtils.java:logGet(44)) - raft.server.watch.timeout = 180s (custom)
2021-09-01 14:11:16,526 [5a414dd0-042d-4554-a0be-5f06df5d5cdb@group-0AC8F9DA8ADD-LeaderElection4] INFO  server.RaftServerConfigKeys (ConfUtils.java:logGet(44)) - raft.server.watch.timeout.denomination = 1s (default)
2021-09-01 14:11:16,526 [5a414dd0-042d-4554-a0be-5f06df5d5cdb@group-0AC8F9DA8ADD-LeaderElection4] INFO  server.RaftServerConfigKeys (ConfUtils.java:logGet(44)) - raft.server.watch.element-limit = 65536 (default)
2021-09-01 14:11:16,526 [5a414dd0-042d-4554-a0be-5f06df5d5cdb@group-0AC8F9DA8ADD-LeaderElection4] INFO  impl.RoleInfo (RoleInfo.java:updateAndGet(130)) - 5a414dd0-042d-4554-a0be-5f06df5d5cdb: start 5a414dd0-042d-4554-a0be-5f06df5d5cdb@group-0AC8F9DA8ADD-LeaderStateImpl
2021-09-01 14:11:16,527 [5a414dd0-042d-4554-a0be-5f06df5d5cdb@group-0AC8F9DA8ADD-LeaderElection4] INFO  segmented.SegmentedRaftLogWorker (SegmentedRaftLogWorker.java:startLogSegment(394)) - 5a414dd0-042d-4554-a0be-5f06df5d5cdb@group-0AC8F9DA8ADD-SegmentedRaftLogWorker: Starting segment from index:0
2021-09-01 14:11:16,528 [EventQueue-OpenPipelineForHealthyPipelineSafeModeRule] INFO  safemode.SCMSafeModeManager (HealthyPipelineSafeModeRule.java:process(124)) - SCM in safe mode. Healthy pipelines reported count is 0, required healthy pipeline reported count is 1
2021-09-01 14:11:16,528 [5a414dd0-042d-4554-a0be-5f06df5d5cdb@group-0AC8F9DA8ADD-LeaderElection4] INFO  server.RaftServer$Division (ServerState.java:setRaftConf(387)) - 5a414dd0-042d-4554-a0be-5f06df5d5cdb@group-0AC8F9DA8ADD: set configuration 0: [5a414dd0-042d-4554-a0be-5f06df5d5cdb|rpc:10.1.0.27:40947|dataStream:|priority:1], old=null
2021-09-01 14:11:16,528 [5a414dd0-042d-4554-a0be-5f06df5d5cdb@group-0AC8F9DA8ADD-SegmentedRaftLogWorker] INFO  segmented.SegmentedRaftLogWorker (SegmentedRaftLogWorker.java:execute(601)) - 5a414dd0-042d-4554-a0be-5f06df5d5cdb@group-0AC8F9DA8ADD-SegmentedRaftLogWorker: created new log segment /home/runner/work/ozone/ozone/hadoop-ozone/integration-test/target/test-dir/MiniOzoneClusterImpl-cc063b0d-8217-4a41-b176-f0c6278c97ab/datanode-1/data/ratis/c990ec6e-2338-409f-9f93-0ac8f9da8add/current/log_inprogress_0
2021-09-01 14:11:16,917 [EventQueue-OpenPipelineForHealthyPipelineSafeModeRule] INFO  safemode.SCMSafeModeManager (HealthyPipelineSafeModeRule.java:process(124)) - SCM in safe mode. Healthy pipelines reported count is 0, required healthy pipeline reported count is 1
2021-09-01 14:11:16,992 [ReplicationMonitor] INFO  container.ReplicationManager (ReplicationManager.java:processAll(359)) - Replication Monitor Thread took 0 milliseconds for processing 0 containers.
2021-09-01 14:11:17,071 [1f216d10-6a5d-4e67-b983-ab62dd80285a@group-E2BE6F1CA809-FollowerState] INFO  impl.FollowerState (FollowerState.java:run(134)) - 1f216d10-6a5d-4e67-b983-ab62dd80285a@group-E2BE6F1CA809-FollowerState: change to CANDIDATE, lastRpcElapsedTime:5176026947ns, electionTimeout:5175ms
2021-09-01 14:11:17,072 [1f216d10-6a5d-4e67-b983-ab62dd80285a@group-E2BE6F1CA809-FollowerState] INFO  impl.RoleInfo (RoleInfo.java:shutdownFollowerState(108)) - 1f216d10-6a5d-4e67-b983-ab62dd80285a: shutdown 1f216d10-6a5d-4e67-b983-ab62dd80285a@group-E2BE6F1CA809-FollowerState
2021-09-01 14:11:17,072 [1f216d10-6a5d-4e67-b983-ab62dd80285a@group-E2BE6F1CA809-FollowerState] INFO  server.RaftServer$Division (RaftServerImpl.java:setRole(285)) - 1f216d10-6a5d-4e67-b983-ab62dd80285a@group-E2BE6F1CA809: changes role from  FOLLOWER to CANDIDATE at term 0 for changeToCandidate
2021-09-01 14:11:17,072 [1f216d10-6a5d-4e67-b983-ab62dd80285a@group-E2BE6F1CA809-FollowerState] INFO  server.RaftServerConfigKeys (ConfUtils.java:logGet(44)) - raft.server.leaderelection.pre-vote = false (custom)
2021-09-01 14:11:17,072 [1f216d10-6a5d-4e67-b983-ab62dd80285a@group-E2BE6F1CA809-FollowerState] INFO  impl.RoleInfo (RoleInfo.java:updateAndGet(130)) - 1f216d10-6a5d-4e67-b983-ab62dd80285a: start 1f216d10-6a5d-4e67-b983-ab62dd80285a@group-E2BE6F1CA809-LeaderElection5
2021-09-01 14:11:17,075 [1f216d10-6a5d-4e67-b983-ab62dd80285a@group-E2BE6F1CA809-LeaderElection5] INFO  impl.LeaderElection (LeaderElection.java:askForVotes(306)) - 1f216d10-6a5d-4e67-b983-ab62dd80285a@group-E2BE6F1CA809-LeaderElection5 ELECTION round 0: submit vote requests at term 1 for -1: [1f216d10-6a5d-4e67-b983-ab62dd80285a|rpc:10.1.0.27:36441|priority:1], old=null
2021-09-01 14:11:17,075 [1f216d10-6a5d-4e67-b983-ab62dd80285a@group-E2BE6F1CA809-LeaderElection5] INFO  impl.LeaderElection (LeaderElection.java:askForVotes(308)) - 1f216d10-6a5d-4e67-b983-ab62dd80285a@group-E2BE6F1CA809-LeaderElection5 ELECTION round 0: result PASSED (term=1)
2021-09-01 14:11:17,075 [1f216d10-6a5d-4e67-b983-ab62dd80285a@group-E2BE6F1CA809-LeaderElection5] INFO  impl.RoleInfo (RoleInfo.java:shutdownLeaderElection(121)) - 1f216d10-6a5d-4e67-b983-ab62dd80285a: shutdown 1f216d10-6a5d-4e67-b983-ab62dd80285a@group-E2BE6F1CA809-LeaderElection5
2021-09-01 14:11:17,075 [1f216d10-6a5d-4e67-b983-ab62dd80285a@group-E2BE6F1CA809-LeaderElection5] INFO  server.RaftServer$Division (RaftServerImpl.java:setRole(285)) - 1f216d10-6a5d-4e67-b983-ab62dd80285a@group-E2BE6F1CA809: changes role from CANDIDATE to LEADER at term 1 for changeToLeader
2021-09-01 14:11:17,075 [1f216d10-6a5d-4e67-b983-ab62dd80285a@group-E2BE6F1CA809-LeaderElection5] INFO  ratis.XceiverServerRatis (XceiverServerRatis.java:handleLeaderChangedNotification(861)) - Leader change notification received for group: group-E2BE6F1CA809 with new leaderId: 1f216d10-6a5d-4e67-b983-ab62dd80285a
2021-09-01 14:11:17,076 [1f216d10-6a5d-4e67-b983-ab62dd80285a@group-E2BE6F1CA809-LeaderElection5] INFO  server.RaftServer$Division (ServerState.java:setLeader(285)) - 1f216d10-6a5d-4e67-b983-ab62dd80285a@group-E2BE6F1CA809: change Leader from null to 1f216d10-6a5d-4e67-b983-ab62dd80285a at term 1 for becomeLeader, leader elected after 5208ms
2021-09-01 14:11:17,076 [1f216d10-6a5d-4e67-b983-ab62dd80285a@group-E2BE6F1CA809-LeaderElection5] INFO  server.RaftServerConfigKeys (ConfUtils.java:logGet(44)) - raft.server.staging.catchup.gap = 1000 (default)
2021-09-01 14:11:17,076 [Datanode State Machine Thread - 0] WARN  statemachine.StateContext (StateContext.java:execute(621)) - No available thread in pool for past 1 seconds.
2021-09-01 14:11:17,076 [1f216d10-6a5d-4e67-b983-ab62dd80285a@group-E2BE6F1CA809-LeaderElection5] INFO  server.RaftServerConfigKeys (ConfUtils.java:logGet(44)) - raft.server.write.element-limit = 1024 (custom)
2021-09-01 14:11:17,076 [1f216d10-6a5d-4e67-b983-ab62dd80285a@group-E2BE6F1CA809-LeaderElection5] INFO  server.RaftServerConfigKeys (ConfUtils.java:logGet(44)) - raft.server.write.byte-limit = 1024 M (=1073741824) (custom)
2021-09-01 14:11:17,077 [EventQueue-OpenPipelineForHealthyPipelineSafeModeRule] INFO  safemode.SCMSafeModeManager (HealthyPipelineSafeModeRule.java:process(124)) - SCM in safe mode. Healthy pipelines reported count is 0, required healthy pipeline reported count is 1
2021-09-01 14:11:17,080 [1f216d10-6a5d-4e67-b983-ab62dd80285a@group-E2BE6F1CA809-LeaderElection5] INFO  server.RaftServerConfigKeys (ConfUtils.java:logGet(44)) - raft.server.watch.timeout = 180s (custom)
2021-09-01 14:11:17,081 [1f216d10-6a5d-4e67-b983-ab62dd80285a@group-E2BE6F1CA809-LeaderElection5] INFO  server.RaftServerConfigKeys (ConfUtils.java:logGet(44)) - raft.server.watch.timeout.denomination = 1s (default)
2021-09-01 14:11:17,081 [1f216d10-6a5d-4e67-b983-ab62dd80285a@group-E2BE6F1CA809-LeaderElection5] INFO  server.RaftServerConfigKeys (ConfUtils.java:logGet(44)) - raft.server.watch.element-limit = 65536 (default)
2021-09-01 14:11:17,081 [1f216d10-6a5d-4e67-b983-ab62dd80285a@group-E2BE6F1CA809-LeaderElection5] INFO  impl.RoleInfo (RoleInfo.java:updateAndGet(130)) - 1f216d10-6a5d-4e67-b983-ab62dd80285a: start 1f216d10-6a5d-4e67-b983-ab62dd80285a@group-E2BE6F1CA809-LeaderStateImpl
2021-09-01 14:11:17,081 [1f216d10-6a5d-4e67-b983-ab62dd80285a@group-E2BE6F1CA809-LeaderElection5] INFO  segmented.SegmentedRaftLogWorker (SegmentedRaftLogWorker.java:startLogSegment(394)) - 1f216d10-6a5d-4e67-b983-ab62dd80285a@group-E2BE6F1CA809-SegmentedRaftLogWorker: Starting segment from index:0
2021-09-01 14:11:17,082 [1f216d10-6a5d-4e67-b983-ab62dd80285a@group-E2BE6F1CA809-SegmentedRaftLogWorker] INFO  segmented.SegmentedRaftLogWorker (SegmentedRaftLogWorker.java:execute(601)) - 1f216d10-6a5d-4e67-b983-ab62dd80285a@group-E2BE6F1CA809-SegmentedRaftLogWorker: created new log segment /home/runner/work/ozone/ozone/hadoop-ozone/integration-test/target/test-dir/MiniOzoneClusterImpl-cc063b0d-8217-4a41-b176-f0c6278c97ab/datanode-2/data/ratis/8cb1bf33-e544-4c80-a5e5-e2be6f1ca809/current/log_inprogress_0
2021-09-01 14:11:17,085 [1f216d10-6a5d-4e67-b983-ab62dd80285a@group-E2BE6F1CA809-LeaderElection5] INFO  server.RaftServer$Division (ServerState.java:setRaftConf(387)) - 1f216d10-6a5d-4e67-b983-ab62dd80285a@group-E2BE6F1CA809: set configuration 0: [1f216d10-6a5d-4e67-b983-ab62dd80285a|rpc:10.1.0.27:36441|dataStream:|priority:1], old=null
2021-09-01 14:11:17,125 [059685a6-7ba3-46e9-8034-8f2949cd639c@group-F9EA12F3E638-FollowerState] INFO  impl.FollowerState (FollowerState.java:run(134)) - 059685a6-7ba3-46e9-8034-8f2949cd639c@group-F9EA12F3E638-FollowerState: change to CANDIDATE, lastRpcElapsedTime:5039437120ns, electionTimeout:5039ms
2021-09-01 14:11:17,125 [059685a6-7ba3-46e9-8034-8f2949cd639c@group-F9EA12F3E638-FollowerState] INFO  impl.RoleInfo (RoleInfo.java:shutdownFollowerState(108)) - 059685a6-7ba3-46e9-8034-8f2949cd639c: shutdown 059685a6-7ba3-46e9-8034-8f2949cd639c@group-F9EA12F3E638-FollowerState
2021-09-01 14:11:17,125 [059685a6-7ba3-46e9-8034-8f2949cd639c@group-F9EA12F3E638-FollowerState] INFO  server.RaftServer$Division (RaftServerImpl.java:setRole(285)) - 059685a6-7ba3-46e9-8034-8f2949cd639c@group-F9EA12F3E638: changes role from  FOLLOWER to CANDIDATE at term 0 for changeToCandidate
2021-09-01 14:11:17,125 [059685a6-7ba3-46e9-8034-8f2949cd639c@group-F9EA12F3E638-FollowerState] INFO  server.RaftServerConfigKeys (ConfUtils.java:logGet(44)) - raft.server.leaderelection.pre-vote = false (custom)
2021-09-01 14:11:17,125 [059685a6-7ba3-46e9-8034-8f2949cd639c@group-F9EA12F3E638-FollowerState] INFO  impl.RoleInfo (RoleInfo.java:updateAndGet(130)) - 059685a6-7ba3-46e9-8034-8f2949cd639c: start 059685a6-7ba3-46e9-8034-8f2949cd639c@group-F9EA12F3E638-LeaderElection6
2021-09-01 14:11:17,136 [059685a6-7ba3-46e9-8034-8f2949cd639c@group-F9EA12F3E638-LeaderElection6] INFO  impl.LeaderElection (LeaderElection.java:askForVotes(306)) - 059685a6-7ba3-46e9-8034-8f2949cd639c@group-F9EA12F3E638-LeaderElection6 ELECTION round 0: submit vote requests at term 1 for -1: [059685a6-7ba3-46e9-8034-8f2949cd639c|rpc:10.1.0.27:44709|priority:1], old=null
2021-09-01 14:11:17,136 [059685a6-7ba3-46e9-8034-8f2949cd639c@group-F9EA12F3E638-LeaderElection6] INFO  impl.LeaderElection (LeaderElection.java:askForVotes(308)) - 059685a6-7ba3-46e9-8034-8f2949cd639c@group-F9EA12F3E638-LeaderElection6 ELECTION round 0: result PASSED (term=1)
2021-09-01 14:11:17,136 [059685a6-7ba3-46e9-8034-8f2949cd639c@group-F9EA12F3E638-LeaderElection6] INFO  impl.RoleInfo (RoleInfo.java:shutdownLeaderElection(121)) - 059685a6-7ba3-46e9-8034-8f2949cd639c: shutdown 059685a6-7ba3-46e9-8034-8f2949cd639c@group-F9EA12F3E638-LeaderElection6
2021-09-01 14:11:17,136 [059685a6-7ba3-46e9-8034-8f2949cd639c@group-F9EA12F3E638-LeaderElection6] INFO  server.RaftServer$Division (RaftServerImpl.java:setRole(285)) - 059685a6-7ba3-46e9-8034-8f2949cd639c@group-F9EA12F3E638: changes role from CANDIDATE to LEADER at term 1 for changeToLeader
2021-09-01 14:11:17,136 [059685a6-7ba3-46e9-8034-8f2949cd639c@group-F9EA12F3E638-LeaderElection6] INFO  ratis.XceiverServerRatis (XceiverServerRatis.java:handleLeaderChangedNotification(861)) - Leader change notification received for group: group-F9EA12F3E638 with new leaderId: 059685a6-7ba3-46e9-8034-8f2949cd639c
2021-09-01 14:11:17,136 [059685a6-7ba3-46e9-8034-8f2949cd639c@group-F9EA12F3E638-LeaderElection6] INFO  server.RaftServer$Division (ServerState.java:setLeader(285)) - 059685a6-7ba3-46e9-8034-8f2949cd639c@group-F9EA12F3E638: change Leader from null to 059685a6-7ba3-46e9-8034-8f2949cd639c at term 1 for becomeLeader, leader elected after 5056ms
2021-09-01 14:11:17,136 [059685a6-7ba3-46e9-8034-8f2949cd639c@group-F9EA12F3E638-LeaderElection6] INFO  server.RaftServerConfigKeys (ConfUtils.java:logGet(44)) - raft.server.staging.catchup.gap = 1000 (default)
2021-09-01 14:11:17,136 [Datanode State Machine Thread - 0] WARN  statemachine.StateContext (StateContext.java:execute(621)) - No available thread in pool for past 1 seconds.
2021-09-01 14:11:17,137 [059685a6-7ba3-46e9-8034-8f2949cd639c@group-F9EA12F3E638-LeaderElection6] INFO  server.RaftServerConfigKeys (ConfUtils.java:logGet(44)) - raft.server.write.element-limit = 1024 (custom)
2021-09-01 14:11:17,137 [059685a6-7ba3-46e9-8034-8f2949cd639c@group-F9EA12F3E638-LeaderElection6] INFO  server.RaftServerConfigKeys (ConfUtils.java:logGet(44)) - raft.server.write.byte-limit = 1024 M (=1073741824) (custom)
2021-09-01 14:11:17,137 [059685a6-7ba3-46e9-8034-8f2949cd639c@group-F9EA12F3E638-LeaderElection6] INFO  server.RaftServerConfigKeys (ConfUtils.java:logGet(44)) - raft.server.watch.timeout = 180s (custom)
2021-09-01 14:11:17,137 [059685a6-7ba3-46e9-8034-8f2949cd639c@group-F9EA12F3E638-LeaderElection6] INFO  server.RaftServerConfigKeys (ConfUtils.java:logGet(44)) - raft.server.watch.timeout.denomination = 1s (default)
2021-09-01 14:11:17,137 [059685a6-7ba3-46e9-8034-8f2949cd639c@group-F9EA12F3E638-LeaderElection6] INFO  server.RaftServerConfigKeys (ConfUtils.java:logGet(44)) - raft.server.watch.element-limit = 65536 (default)
2021-09-01 14:11:17,138 [059685a6-7ba3-46e9-8034-8f2949cd639c@group-F9EA12F3E638-LeaderElection6] INFO  impl.RoleInfo (RoleInfo.java:updateAndGet(130)) - 059685a6-7ba3-46e9-8034-8f2949cd639c: start 059685a6-7ba3-46e9-8034-8f2949cd639c@group-F9EA12F3E638-LeaderStateImpl
2021-09-01 14:11:17,138 [059685a6-7ba3-46e9-8034-8f2949cd639c@group-F9EA12F3E638-LeaderElection6] INFO  segmented.SegmentedRaftLogWorker (SegmentedRaftLogWorker.java:startLogSegment(394)) - 059685a6-7ba3-46e9-8034-8f2949cd639c@group-F9EA12F3E638-SegmentedRaftLogWorker: Starting segment from index:0
2021-09-01 14:11:17,139 [EventQueue-OpenPipelineForHealthyPipelineSafeModeRule] INFO  safemode.SCMSafeModeManager (HealthyPipelineSafeModeRule.java:process(124)) - SCM in safe mode. Healthy pipelines reported count is 0, required healthy pipeline reported count is 1
2021-09-01 14:11:17,139 [059685a6-7ba3-46e9-8034-8f2949cd639c@group-F9EA12F3E638-SegmentedRaftLogWorker] INFO  segmented.SegmentedRaftLogWorker (SegmentedRaftLogWorker.java:execute(601)) - 059685a6-7ba3-46e9-8034-8f2949cd639c@group-F9EA12F3E638-SegmentedRaftLogWorker: created new log segment /home/runner/work/ozone/ozone/hadoop-ozone/integration-test/target/test-dir/MiniOzoneClusterImpl-cc063b0d-8217-4a41-b176-f0c6278c97ab/datanode-3/data/ratis/2ef4dc8c-a12a-4db6-854c-f9ea12f3e638/current/log_inprogress_0
2021-09-01 14:11:17,146 [059685a6-7ba3-46e9-8034-8f2949cd639c@group-F9EA12F3E638-LeaderElection6] INFO  server.RaftServer$Division (ServerState.java:setRaftConf(387)) - 059685a6-7ba3-46e9-8034-8f2949cd639c@group-F9EA12F3E638: set configuration 0: [059685a6-7ba3-46e9-8034-8f2949cd639c|rpc:10.1.0.27:44709|dataStream:|priority:1], old=null
2021-09-01 14:11:17,160 [059685a6-7ba3-46e9-8034-8f2949cd639c@group-8885606DFB5A-FollowerState] INFO  impl.FollowerState (FollowerState.java:run(134)) - 059685a6-7ba3-46e9-8034-8f2949cd639c@group-8885606DFB5A-FollowerState: change to CANDIDATE, lastRpcElapsedTime:5064836397ns, electionTimeout:5064ms
2021-09-01 14:11:17,160 [059685a6-7ba3-46e9-8034-8f2949cd639c@group-8885606DFB5A-FollowerState] INFO  impl.RoleInfo (RoleInfo.java:shutdownFollowerState(108)) - 059685a6-7ba3-46e9-8034-8f2949cd639c: shutdown 059685a6-7ba3-46e9-8034-8f2949cd639c@group-8885606DFB5A-FollowerState
2021-09-01 14:11:17,160 [059685a6-7ba3-46e9-8034-8f2949cd639c@group-8885606DFB5A-FollowerState] INFO  server.RaftServer$Division (RaftServerImpl.java:setRole(285)) - 059685a6-7ba3-46e9-8034-8f2949cd639c@group-8885606DFB5A: changes role from  FOLLOWER to CANDIDATE at term 0 for changeToCandidate
2021-09-01 14:11:17,160 [059685a6-7ba3-46e9-8034-8f2949cd639c@group-8885606DFB5A-FollowerState] INFO  server.RaftServerConfigKeys (ConfUtils.java:logGet(44)) - raft.server.leaderelection.pre-vote = false (custom)
2021-09-01 14:11:17,160 [059685a6-7ba3-46e9-8034-8f2949cd639c@group-8885606DFB5A-FollowerState] INFO  impl.RoleInfo (RoleInfo.java:updateAndGet(130)) - 059685a6-7ba3-46e9-8034-8f2949cd639c: start 059685a6-7ba3-46e9-8034-8f2949cd639c@group-8885606DFB5A-LeaderElection7
2021-09-01 14:11:17,171 [059685a6-7ba3-46e9-8034-8f2949cd639c@group-8885606DFB5A-LeaderElection7] INFO  impl.LeaderElection (LeaderElection.java:askForVotes(306)) - 059685a6-7ba3-46e9-8034-8f2949cd639c@group-8885606DFB5A-LeaderElection7 ELECTION round 0: submit vote requests at term 1 for -1: [5caa8675-6446-43f3-81d9-00bc94da7a89|rpc:10.1.0.27:42525|priority:0, 059685a6-7ba3-46e9-8034-8f2949cd639c|rpc:10.1.0.27:44709|priority:1, ec842b93-5b10-4e55-aba6-387b08725c40|rpc:10.1.0.27:33903|priority:0], old=null
2021-09-01 14:11:17,192 [grpc-default-executor-0] INFO  server.RaftServer$Division (RaftServerImpl.java:requestVote(1043)) - ec842b93-5b10-4e55-aba6-387b08725c40@group-8885606DFB5A: receive requestVote(ELECTION, 059685a6-7ba3-46e9-8034-8f2949cd639c, group-8885606DFB5A, 1, (t:0, i:0))
2021-09-01 14:11:17,192 [grpc-default-executor-0] INFO  impl.VoteContext (VoteContext.java:log(48)) - ec842b93-5b10-4e55-aba6-387b08725c40@group-8885606DFB5A-FOLLOWER: accept ELECTION from 059685a6-7ba3-46e9-8034-8f2949cd639c: our priority 0 <= candidate's priority 1
2021-09-01 14:11:17,192 [grpc-default-executor-0] INFO  server.RaftServer$Division (RaftServerImpl.java:setRole(285)) - ec842b93-5b10-4e55-aba6-387b08725c40@group-8885606DFB5A: changes role from  FOLLOWER to FOLLOWER at term 1 for candidate:059685a6-7ba3-46e9-8034-8f2949cd639c
2021-09-01 14:11:17,192 [grpc-default-executor-0] INFO  impl.RoleInfo (RoleInfo.java:shutdownFollowerState(108)) - ec842b93-5b10-4e55-aba6-387b08725c40: shutdown ec842b93-5b10-4e55-aba6-387b08725c40@group-8885606DFB5A-FollowerState
2021-09-01 14:11:17,192 [grpc-default-executor-0] INFO  impl.RoleInfo (RoleInfo.java:updateAndGet(130)) - ec842b93-5b10-4e55-aba6-387b08725c40: start ec842b93-5b10-4e55-aba6-387b08725c40@group-8885606DFB5A-FollowerState
2021-09-01 14:11:17,193 [ec842b93-5b10-4e55-aba6-387b08725c40@group-8885606DFB5A-FollowerState] INFO  impl.FollowerState (FollowerState.java:run(143)) - ec842b93-5b10-4e55-aba6-387b08725c40@group-8885606DFB5A-FollowerState was interrupted: {}
java.lang.InterruptedException: sleep interrupted
	at java.lang.Thread.sleep(Native Method)
	at java.lang.Thread.sleep(Thread.java:340)
	at java.util.concurrent.TimeUnit.sleep(TimeUnit.java:386)
	at org.apache.ratis.util.TimeDuration.sleep(TimeDuration.java:324)
	at org.apache.ratis.util.TimeDuration.sleep(TimeDuration.java:309)
	at org.apache.ratis.server.impl.FollowerState.run(FollowerState.java:118)
2021-09-01 14:11:17,195 [grpc-default-executor-0] INFO  server.RaftServer$Division (RaftServerImpl.java:requestVote(1075)) - ec842b93-5b10-4e55-aba6-387b08725c40@group-8885606DFB5A replies to ELECTION vote request: 059685a6-7ba3-46e9-8034-8f2949cd639c<-ec842b93-5b10-4e55-aba6-387b08725c40#0:OK-t1. Peer's state: ec842b93-5b10-4e55-aba6-387b08725c40@group-8885606DFB5A:t1, leader=null, voted=059685a6-7ba3-46e9-8034-8f2949cd639c, raftlog=ec842b93-5b10-4e55-aba6-387b08725c40@group-8885606DFB5A-SegmentedRaftLog:OPENED:c-1,f-1,i0, conf=-1: [5caa8675-6446-43f3-81d9-00bc94da7a89|rpc:10.1.0.27:42525|dataStream:|priority:0, 059685a6-7ba3-46e9-8034-8f2949cd639c|rpc:10.1.0.27:44709|dataStream:|priority:1, ec842b93-5b10-4e55-aba6-387b08725c40|rpc:10.1.0.27:33903|dataStream:|priority:0], old=null
2021-09-01 14:11:17,197 [grpc-default-executor-1] INFO  server.RaftServer$Division (RaftServerImpl.java:requestVote(1043)) - 5caa8675-6446-43f3-81d9-00bc94da7a89@group-8885606DFB5A: receive requestVote(ELECTION, 059685a6-7ba3-46e9-8034-8f2949cd639c, group-8885606DFB5A, 1, (t:0, i:0))
2021-09-01 14:11:17,197 [grpc-default-executor-1] INFO  impl.VoteContext (VoteContext.java:log(48)) - 5caa8675-6446-43f3-81d9-00bc94da7a89@group-8885606DFB5A-FOLLOWER: accept ELECTION from 059685a6-7ba3-46e9-8034-8f2949cd639c: our priority 0 <= candidate's priority 1
2021-09-01 14:11:17,197 [grpc-default-executor-1] INFO  server.RaftServer$Division (RaftServerImpl.java:setRole(285)) - 5caa8675-6446-43f3-81d9-00bc94da7a89@group-8885606DFB5A: changes role from  FOLLOWER to FOLLOWER at term 1 for candidate:059685a6-7ba3-46e9-8034-8f2949cd639c
2021-09-01 14:11:17,197 [grpc-default-executor-1] INFO  impl.RoleInfo (RoleInfo.java:shutdownFollowerState(108)) - 5caa8675-6446-43f3-81d9-00bc94da7a89: shutdown 5caa8675-6446-43f3-81d9-00bc94da7a89@group-8885606DFB5A-FollowerState
2021-09-01 14:11:17,197 [grpc-default-executor-1] INFO  impl.RoleInfo (RoleInfo.java:updateAndGet(130)) - 5caa8675-6446-43f3-81d9-00bc94da7a89: start 5caa8675-6446-43f3-81d9-00bc94da7a89@group-8885606DFB5A-FollowerState
2021-09-01 14:11:17,197 [5caa8675-6446-43f3-81d9-00bc94da7a89@group-8885606DFB5A-FollowerState] INFO  impl.FollowerState (FollowerState.java:run(143)) - 5caa8675-6446-43f3-81d9-00bc94da7a89@group-8885606DFB5A-FollowerState was interrupted: {}
java.lang.InterruptedException: sleep interrupted
	at java.lang.Thread.sleep(Native Method)
	at java.lang.Thread.sleep(Thread.java:340)
	at java.util.concurrent.TimeUnit.sleep(TimeUnit.java:386)
	at org.apache.ratis.util.TimeDuration.sleep(TimeDuration.java:324)
	at org.apache.ratis.util.TimeDuration.sleep(TimeDuration.java:309)
	at org.apache.ratis.server.impl.FollowerState.run(FollowerState.java:118)
2021-09-01 14:11:17,201 [059685a6-7ba3-46e9-8034-8f2949cd639c@group-8885606DFB5A-LeaderElection7] INFO  impl.LeaderElection (LeaderElection.java:logAndReturn(89)) - 059685a6-7ba3-46e9-8034-8f2949cd639c@group-8885606DFB5A-LeaderElection7: ELECTION PASSED received 1 response(s) and 0 exception(s):
2021-09-01 14:11:17,202 [059685a6-7ba3-46e9-8034-8f2949cd639c@group-8885606DFB5A-LeaderElection7] INFO  impl.LeaderElection (LeaderElection.java:logAndReturn(93)) -   Response 0: 059685a6-7ba3-46e9-8034-8f2949cd639c<-ec842b93-5b10-4e55-aba6-387b08725c40#0:OK-t1
2021-09-01 14:11:17,202 [059685a6-7ba3-46e9-8034-8f2949cd639c@group-8885606DFB5A-LeaderElection7] INFO  impl.LeaderElection (LeaderElection.java:askForVotes(308)) - 059685a6-7ba3-46e9-8034-8f2949cd639c@group-8885606DFB5A-LeaderElection7 ELECTION round 0: result PASSED
2021-09-01 14:11:17,202 [059685a6-7ba3-46e9-8034-8f2949cd639c@group-8885606DFB5A-LeaderElection7] INFO  impl.RoleInfo (RoleInfo.java:shutdownLeaderElection(121)) - 059685a6-7ba3-46e9-8034-8f2949cd639c: shutdown 059685a6-7ba3-46e9-8034-8f2949cd639c@group-8885606DFB5A-LeaderElection7
2021-09-01 14:11:17,202 [grpc-default-executor-1] INFO  server.RaftServer$Division (RaftServerImpl.java:requestVote(1075)) - 5caa8675-6446-43f3-81d9-00bc94da7a89@group-8885606DFB5A replies to ELECTION vote request: 059685a6-7ba3-46e9-8034-8f2949cd639c<-5caa8675-6446-43f3-81d9-00bc94da7a89#0:OK-t1. Peer's state: 5caa8675-6446-43f3-81d9-00bc94da7a89@group-8885606DFB5A:t1, leader=null, voted=059685a6-7ba3-46e9-8034-8f2949cd639c, raftlog=5caa8675-6446-43f3-81d9-00bc94da7a89@group-8885606DFB5A-SegmentedRaftLog:OPENED:c-1,f-1,i0, conf=-1: [5caa8675-6446-43f3-81d9-00bc94da7a89|rpc:10.1.0.27:42525|dataStream:|priority:0, 059685a6-7ba3-46e9-8034-8f2949cd639c|rpc:10.1.0.27:44709|dataStream:|priority:1, ec842b93-5b10-4e55-aba6-387b08725c40|rpc:10.1.0.27:33903|dataStream:|priority:0], old=null
2021-09-01 14:11:17,202 [059685a6-7ba3-46e9-8034-8f2949cd639c@group-8885606DFB5A-LeaderElection7] INFO  server.RaftServer$Division (RaftServerImpl.java:setRole(285)) - 059685a6-7ba3-46e9-8034-8f2949cd639c@group-8885606DFB5A: changes role from CANDIDATE to LEADER at term 1 for changeToLeader
2021-09-01 14:11:17,203 [059685a6-7ba3-46e9-8034-8f2949cd639c@group-8885606DFB5A-LeaderElection7] INFO  ratis.XceiverServerRatis (XceiverServerRatis.java:handleLeaderChangedNotification(861)) - Leader change notification received for group: group-8885606DFB5A with new leaderId: 059685a6-7ba3-46e9-8034-8f2949cd639c
2021-09-01 14:11:17,203 [059685a6-7ba3-46e9-8034-8f2949cd639c@group-8885606DFB5A-LeaderElection7] INFO  server.RaftServer$Division (ServerState.java:setLeader(285)) - 059685a6-7ba3-46e9-8034-8f2949cd639c@group-8885606DFB5A: change Leader from null to 059685a6-7ba3-46e9-8034-8f2949cd639c at term 1 for becomeLeader, leader elected after 5113ms
2021-09-01 14:11:17,203 [059685a6-7ba3-46e9-8034-8f2949cd639c@group-8885606DFB5A-LeaderElection7] INFO  server.RaftServerConfigKeys (ConfUtils.java:logGet(44)) - raft.server.staging.catchup.gap = 1000 (default)
2021-09-01 14:11:17,203 [059685a6-7ba3-46e9-8034-8f2949cd639c@group-8885606DFB5A-LeaderElection7] INFO  server.RaftServerConfigKeys (ConfUtils.java:logGet(44)) - raft.server.write.element-limit = 1024 (custom)
2021-09-01 14:11:17,203 [059685a6-7ba3-46e9-8034-8f2949cd639c@group-8885606DFB5A-LeaderElection7] INFO  server.RaftServerConfigKeys (ConfUtils.java:logGet(44)) - raft.server.write.byte-limit = 1024 M (=1073741824) (custom)
2021-09-01 14:11:17,204 [059685a6-7ba3-46e9-8034-8f2949cd639c@group-8885606DFB5A-LeaderElection7] INFO  server.RaftServerConfigKeys (ConfUtils.java:logGet(44)) - raft.server.watch.timeout = 180s (custom)
2021-09-01 14:11:17,204 [059685a6-7ba3-46e9-8034-8f2949cd639c@group-8885606DFB5A-LeaderElection7] INFO  server.RaftServerConfigKeys (ConfUtils.java:logGet(44)) - raft.server.watch.timeout.denomination = 1s (default)
2021-09-01 14:11:17,204 [059685a6-7ba3-46e9-8034-8f2949cd639c@group-8885606DFB5A-LeaderElection7] INFO  server.RaftServerConfigKeys (ConfUtils.java:logGet(44)) - raft.server.watch.element-limit = 65536 (default)
2021-09-01 14:11:17,205 [Datanode State Machine Thread - 0] WARN  statemachine.StateContext (StateContext.java:execute(621)) - No available thread in pool for past 1 seconds.
2021-09-01 14:11:17,206 [EventQueue-OpenPipelineForHealthyPipelineSafeModeRule] INFO  safemode.SCMSafeModeManager (HealthyPipelineSafeModeRule.java:process(124)) - SCM in safe mode. Healthy pipelines reported count is 0, required healthy pipeline reported count is 1
2021-09-01 14:11:17,206 [EventQueue-PipelineReportForPipelineReportHandler] INFO  pipeline.PipelineManagerImpl (PipelineManagerImpl.java:openPipeline(282)) - Pipeline Pipeline[ Id: b47e4d84-dee4-4cda-a86c-8885606dfb5a, Nodes: 5caa8675-6446-43f3-81d9-00bc94da7a89{ip: 10.1.0.27, host: fv-az148-824.bm4ck3pvxvsene1rjriu5fhcdb.bx.internal.cloudapp.net, ports: [REPLICATION=45137, RATIS=42525, RATIS_ADMIN=42525, RATIS_SERVER=42525, STANDALONE=40609], networkLocation: /default-rack, certSerialId: null, persistedOpState: IN_SERVICE, persistedOpStateExpiryEpochSec: 0}059685a6-7ba3-46e9-8034-8f2949cd639c{ip: 10.1.0.27, host: fv-az148-824.bm4ck3pvxvsene1rjriu5fhcdb.bx.internal.cloudapp.net, ports: [REPLICATION=43657, RATIS=44709, RATIS_ADMIN=44709, RATIS_SERVER=44709, STANDALONE=35917], networkLocation: /default-rack, certSerialId: null, persistedOpState: IN_SERVICE, persistedOpStateExpiryEpochSec: 0}ec842b93-5b10-4e55-aba6-387b08725c40{ip: 10.1.0.27, host: fv-az148-824.bm4ck3pvxvsene1rjriu5fhcdb.bx.internal.cloudapp.net, ports: [REPLICATION=44095, RATIS=33903, RATIS_ADMIN=33903, RATIS_SERVER=33903, STANDALONE=35689], networkLocation: /default-rack, certSerialId: null, persistedOpState: IN_SERVICE, persistedOpStateExpiryEpochSec: 0}, ReplicationConfig: RATIS/THREE, State:ALLOCATED, leaderId:059685a6-7ba3-46e9-8034-8f2949cd639c, CreationTimestamp2021-09-01T14:11:09.402Z[Etc/UTC]] moved to OPEN state
2021-09-01 14:11:17,210 [EventQueue-OpenPipelineForHealthyPipelineSafeModeRule] INFO  safemode.SCMSafeModeManager (HealthyPipelineSafeModeRule.java:process(124)) - SCM in safe mode. Healthy pipelines reported count is 1, required healthy pipeline reported count is 1
2021-09-01 14:11:17,210 [EventQueue-OpenPipelineForHealthyPipelineSafeModeRule] INFO  safemode.SCMSafeModeManager (SCMSafeModeManager.java:validateSafeModeExitRules(204)) - HealthyPipelineSafeModeRule rule is successfully validated
2021-09-01 14:11:17,210 [EventQueue-OpenPipelineForHealthyPipelineSafeModeRule] INFO  safemode.SCMSafeModeManager (SCMSafeModeManager.java:validateSafeModeExitRules(219)) - ScmSafeModeManager, all rules are successfully validated
2021-09-01 14:11:17,210 [EventQueue-OpenPipelineForHealthyPipelineSafeModeRule] INFO  safemode.SCMSafeModeManager (SCMSafeModeManager.java:exitSafeMode(248)) - SCM exiting safe mode.
2021-09-01 14:11:17,213 [EventQueue-OpenPipelineForHealthyPipelineSafeModeRule] WARN  events.EventQueue (EventQueue.java:fireEvent(194)) - No event handler registered for event TypedEvent{payloadType=SafeModeStatus, name='Safe mode status'}
2021-09-01 14:11:17,214 [EventQueue-OpenPipelineForHealthyPipelineSafeModeRule] INFO  ha.SCMContext (SCMContext.java:updateSafeModeStatus(205)) - Update SafeModeStatus from SafeModeStatus{safeModeStatus=true, preCheckPassed=true} to SafeModeStatus{safeModeStatus=false, preCheckPassed=true}.
2021-09-01 14:11:17,214 [EventQueue-OpenPipelineForHealthyPipelineSafeModeRule] INFO  pipeline.BackgroundPipelineCreator (BackgroundPipelineCreatorV2.java:notifyStatusChanged(264)) - Service BackgroundPipelineCreator transitions to RUNNING.
2021-09-01 14:11:17,214 [EventQueue-OpenPipelineForHealthyPipelineSafeModeRule] INFO  container.ReplicationManager (ReplicationManager.java:notifyStatusChanged(1722)) - Service ReplicationManager transitions to RUNNING.
2021-09-01 14:11:17,214 [059685a6-7ba3-46e9-8034-8f2949cd639c@group-8885606DFB5A-LeaderElection7] INFO  server.RaftServerConfigKeys (ConfUtils.java:logGet(44)) - raft.server.log.appender.snapshot.chunk.size.max = 16MB (=16777216) (default)
2021-09-01 14:11:17,215 [059685a6-7ba3-46e9-8034-8f2949cd639c@group-8885606DFB5A-LeaderElection7] INFO  server.RaftServerConfigKeys (ConfUtils.java:logGet(44)) - raft.server.log.appender.buffer.byte-limit = 33554432 (custom)
2021-09-01 14:11:17,215 [059685a6-7ba3-46e9-8034-8f2949cd639c@group-8885606DFB5A-LeaderElection7] INFO  server.RaftServerConfigKeys (ConfUtils.java:logGet(44)) - raft.server.log.appender.buffer.element-limit = 1 (custom)
2021-09-01 14:11:17,217 [059685a6-7ba3-46e9-8034-8f2949cd639c@group-8885606DFB5A-LeaderElection7] INFO  grpc.GrpcConfigKeys (ConfUtils.java:logGet(44)) - raft.grpc.server.leader.outstanding.appends.max = 128 (default)
2021-09-01 14:11:17,217 [059685a6-7ba3-46e9-8034-8f2949cd639c@group-8885606DFB5A-LeaderElection7] INFO  server.RaftServerConfigKeys (ConfUtils.java:logGet(44)) - raft.server.rpc.request.timeout = 60s (custom)
2021-09-01 14:11:17,217 [059685a6-7ba3-46e9-8034-8f2949cd639c@group-8885606DFB5A-LeaderElection7] INFO  server.RaftServerConfigKeys (ConfUtils.java:logGet(44)) - raft.server.log.appender.install.snapshot.enabled = false (custom)
2021-09-01 14:11:17,220 [059685a6-7ba3-46e9-8034-8f2949cd639c@group-8885606DFB5A-LeaderElection7] INFO  server.RaftServerConfigKeys (ConfUtils.java:logGet(44)) - raft.server.log.appender.snapshot.chunk.size.max = 16MB (=16777216) (default)
2021-09-01 14:11:17,220 [059685a6-7ba3-46e9-8034-8f2949cd639c@group-8885606DFB5A-LeaderElection7] INFO  server.RaftServerConfigKeys (ConfUtils.java:logGet(44)) - raft.server.log.appender.buffer.byte-limit = 33554432 (custom)
2021-09-01 14:11:17,220 [059685a6-7ba3-46e9-8034-8f2949cd639c@group-8885606DFB5A-LeaderElection7] INFO  server.RaftServerConfigKeys (ConfUtils.java:logGet(44)) - raft.server.log.appender.buffer.element-limit = 1 (custom)
2021-09-01 14:11:17,220 [059685a6-7ba3-46e9-8034-8f2949cd639c@group-8885606DFB5A-LeaderElection7] INFO  grpc.GrpcConfigKeys (ConfUtils.java:logGet(44)) - raft.grpc.server.leader.outstanding.appends.max = 128 (default)
2021-09-01 14:11:17,220 [059685a6-7ba3-46e9-8034-8f2949cd639c@group-8885606DFB5A-LeaderElection7] INFO  server.RaftServerConfigKeys (ConfUtils.java:logGet(44)) - raft.server.rpc.request.timeout = 60s (custom)
2021-09-01 14:11:17,220 [059685a6-7ba3-46e9-8034-8f2949cd639c@group-8885606DFB5A-LeaderElection7] INFO  server.RaftServerConfigKeys (ConfUtils.java:logGet(44)) - raft.server.log.appender.install.snapshot.enabled = false (custom)
2021-09-01 14:11:17,221 [059685a6-7ba3-46e9-8034-8f2949cd639c@group-8885606DFB5A-LeaderElection7] INFO  impl.RoleInfo (RoleInfo.java:updateAndGet(130)) - 059685a6-7ba3-46e9-8034-8f2949cd639c: start 059685a6-7ba3-46e9-8034-8f2949cd639c@group-8885606DFB5A-LeaderStateImpl
2021-09-01 14:11:17,222 [059685a6-7ba3-46e9-8034-8f2949cd639c@group-8885606DFB5A-LeaderElection7] INFO  segmented.SegmentedRaftLogWorker (SegmentedRaftLogWorker.java:startLogSegment(394)) - 059685a6-7ba3-46e9-8034-8f2949cd639c@group-8885606DFB5A-SegmentedRaftLogWorker: Starting segment from index:0
2021-09-01 14:11:17,223 [059685a6-7ba3-46e9-8034-8f2949cd639c@group-8885606DFB5A-SegmentedRaftLogWorker] INFO  segmented.SegmentedRaftLogWorker (SegmentedRaftLogWorker.java:execute(601)) - 059685a6-7ba3-46e9-8034-8f2949cd639c@group-8885606DFB5A-SegmentedRaftLogWorker: created new log segment /home/runner/work/ozone/ozone/hadoop-ozone/integration-test/target/test-dir/MiniOzoneClusterImpl-cc063b0d-8217-4a41-b176-f0c6278c97ab/datanode-3/data/ratis/b47e4d84-dee4-4cda-a86c-8885606dfb5a/current/log_inprogress_0
2021-09-01 14:11:17,233 [059685a6-7ba3-46e9-8034-8f2949cd639c@group-8885606DFB5A-LeaderElection7] INFO  server.RaftServer$Division (ServerState.java:setRaftConf(387)) - 059685a6-7ba3-46e9-8034-8f2949cd639c@group-8885606DFB5A: set configuration 0: [5caa8675-6446-43f3-81d9-00bc94da7a89|rpc:10.1.0.27:42525|dataStream:|priority:0, 059685a6-7ba3-46e9-8034-8f2949cd639c|rpc:10.1.0.27:44709|dataStream:|priority:1, ec842b93-5b10-4e55-aba6-387b08725c40|rpc:10.1.0.27:33903|dataStream:|priority:0], old=null
2021-09-01 14:11:17,245 [grpc-default-executor-2] INFO  ratis.XceiverServerRatis (XceiverServerRatis.java:handleLeaderChangedNotification(861)) - Leader change notification received for group: group-8885606DFB5A with new leaderId: 059685a6-7ba3-46e9-8034-8f2949cd639c
2021-09-01 14:11:17,246 [grpc-default-executor-2] INFO  server.RaftServer$Division (ServerState.java:setLeader(285)) - ec842b93-5b10-4e55-aba6-387b08725c40@group-8885606DFB5A: change Leader from null to 059685a6-7ba3-46e9-8034-8f2949cd639c at term 1 for appendEntries, leader elected after 5072ms
2021-09-01 14:11:17,245 [grpc-default-executor-0] INFO  ratis.XceiverServerRatis (XceiverServerRatis.java:handleLeaderChangedNotification(861)) - Leader change notification received for group: group-8885606DFB5A with new leaderId: 059685a6-7ba3-46e9-8034-8f2949cd639c
2021-09-01 14:11:17,246 [grpc-default-executor-0] INFO  server.RaftServer$Division (ServerState.java:setLeader(285)) - 5caa8675-6446-43f3-81d9-00bc94da7a89@group-8885606DFB5A: change Leader from null to 059685a6-7ba3-46e9-8034-8f2949cd639c at term 1 for appendEntries, leader elected after 5120ms
2021-09-01 14:11:17,253 [grpc-default-executor-2] INFO  server.RaftServer$Division (ServerState.java:setRaftConf(387)) - ec842b93-5b10-4e55-aba6-387b08725c40@group-8885606DFB5A: set configuration 0: [5caa8675-6446-43f3-81d9-00bc94da7a89|rpc:10.1.0.27:42525|dataStream:|priority:0, 059685a6-7ba3-46e9-8034-8f2949cd639c|rpc:10.1.0.27:44709|dataStream:|priority:1, ec842b93-5b10-4e55-aba6-387b08725c40|rpc:10.1.0.27:33903|dataStream:|priority:0], old=null
2021-09-01 14:11:17,253 [grpc-default-executor-2] INFO  segmented.SegmentedRaftLogWorker (SegmentedRaftLogWorker.java:startLogSegment(394)) - ec842b93-5b10-4e55-aba6-387b08725c40@group-8885606DFB5A-SegmentedRaftLogWorker: Starting segment from index:0
2021-09-01 14:11:17,254 [ec842b93-5b10-4e55-aba6-387b08725c40@group-8885606DFB5A-SegmentedRaftLogWorker] INFO  segmented.SegmentedRaftLogWorker (SegmentedRaftLogWorker.java:execute(601)) - ec842b93-5b10-4e55-aba6-387b08725c40@group-8885606DFB5A-SegmentedRaftLogWorker: created new log segment /home/runner/work/ozone/ozone/hadoop-ozone/integration-test/target/test-dir/MiniOzoneClusterImpl-cc063b0d-8217-4a41-b176-f0c6278c97ab/datanode-5/data/ratis/b47e4d84-dee4-4cda-a86c-8885606dfb5a/current/log_inprogress_0
2021-09-01 14:11:17,262 [grpc-default-executor-0] INFO  server.RaftServer$Division (ServerState.java:setRaftConf(387)) - 5caa8675-6446-43f3-81d9-00bc94da7a89@group-8885606DFB5A: set configuration 0: [5caa8675-6446-43f3-81d9-00bc94da7a89|rpc:10.1.0.27:42525|dataStream:|priority:0, 059685a6-7ba3-46e9-8034-8f2949cd639c|rpc:10.1.0.27:44709|dataStream:|priority:1, ec842b93-5b10-4e55-aba6-387b08725c40|rpc:10.1.0.27:33903|dataStream:|priority:0], old=null
2021-09-01 14:11:17,262 [grpc-default-executor-0] INFO  segmented.SegmentedRaftLogWorker (SegmentedRaftLogWorker.java:startLogSegment(394)) - 5caa8675-6446-43f3-81d9-00bc94da7a89@group-8885606DFB5A-SegmentedRaftLogWorker: Starting segment from index:0
2021-09-01 14:11:17,264 [5caa8675-6446-43f3-81d9-00bc94da7a89@group-8885606DFB5A-SegmentedRaftLogWorker] INFO  segmented.SegmentedRaftLogWorker (SegmentedRaftLogWorker.java:execute(601)) - 5caa8675-6446-43f3-81d9-00bc94da7a89@group-8885606DFB5A-SegmentedRaftLogWorker: created new log segment /home/runner/work/ozone/ozone/hadoop-ozone/integration-test/target/test-dir/MiniOzoneClusterImpl-cc063b0d-8217-4a41-b176-f0c6278c97ab/datanode-4/data/ratis/b47e4d84-dee4-4cda-a86c-8885606dfb5a/current/log_inprogress_0
2021-09-01 14:11:17,307 [5caa8675-6446-43f3-81d9-00bc94da7a89@group-9DB7DD4AF0A9-FollowerState] INFO  impl.FollowerState (FollowerState.java:run(134)) - 5caa8675-6446-43f3-81d9-00bc94da7a89@group-9DB7DD4AF0A9-FollowerState: change to CANDIDATE, lastRpcElapsedTime:5076642570ns, electionTimeout:5073ms
2021-09-01 14:11:17,307 [5caa8675-6446-43f3-81d9-00bc94da7a89@group-9DB7DD4AF0A9-FollowerState] INFO  impl.RoleInfo (RoleInfo.java:shutdownFollowerState(108)) - 5caa8675-6446-43f3-81d9-00bc94da7a89: shutdown 5caa8675-6446-43f3-81d9-00bc94da7a89@group-9DB7DD4AF0A9-FollowerState
2021-09-01 14:11:17,307 [5caa8675-6446-43f3-81d9-00bc94da7a89@group-9DB7DD4AF0A9-FollowerState] INFO  server.RaftServer$Division (RaftServerImpl.java:setRole(285)) - 5caa8675-6446-43f3-81d9-00bc94da7a89@group-9DB7DD4AF0A9: changes role from  FOLLOWER to CANDIDATE at term 0 for changeToCandidate
2021-09-01 14:11:17,307 [5caa8675-6446-43f3-81d9-00bc94da7a89@group-9DB7DD4AF0A9-FollowerState] INFO  server.RaftServerConfigKeys (ConfUtils.java:logGet(44)) - raft.server.leaderelection.pre-vote = false (custom)
2021-09-01 14:11:17,307 [5caa8675-6446-43f3-81d9-00bc94da7a89@group-9DB7DD4AF0A9-FollowerState] INFO  impl.RoleInfo (RoleInfo.java:updateAndGet(130)) - 5caa8675-6446-43f3-81d9-00bc94da7a89: start 5caa8675-6446-43f3-81d9-00bc94da7a89@group-9DB7DD4AF0A9-LeaderElection8
2021-09-01 14:11:17,310 [5caa8675-6446-43f3-81d9-00bc94da7a89@group-9DB7DD4AF0A9-LeaderElection8] INFO  impl.LeaderElection (LeaderElection.java:askForVotes(306)) - 5caa8675-6446-43f3-81d9-00bc94da7a89@group-9DB7DD4AF0A9-LeaderElection8 ELECTION round 0: submit vote requests at term 1 for -1: [5caa8675-6446-43f3-81d9-00bc94da7a89|rpc:10.1.0.27:42525|priority:1], old=null
2021-09-01 14:11:17,310 [5caa8675-6446-43f3-81d9-00bc94da7a89@group-9DB7DD4AF0A9-LeaderElection8] INFO  impl.LeaderElection (LeaderElection.java:askForVotes(308)) - 5caa8675-6446-43f3-81d9-00bc94da7a89@group-9DB7DD4AF0A9-LeaderElection8 ELECTION round 0: result PASSED (term=1)
2021-09-01 14:11:17,310 [5caa8675-6446-43f3-81d9-00bc94da7a89@group-9DB7DD4AF0A9-LeaderElection8] INFO  impl.RoleInfo (RoleInfo.java:shutdownLeaderElection(121)) - 5caa8675-6446-43f3-81d9-00bc94da7a89: shutdown 5caa8675-6446-43f3-81d9-00bc94da7a89@group-9DB7DD4AF0A9-LeaderElection8
2021-09-01 14:11:17,310 [5caa8675-6446-43f3-81d9-00bc94da7a89@group-9DB7DD4AF0A9-LeaderElection8] INFO  server.RaftServer$Division (RaftServerImpl.java:setRole(285)) - 5caa8675-6446-43f3-81d9-00bc94da7a89@group-9DB7DD4AF0A9: changes role from CANDIDATE to LEADER at term 1 for changeToLeader
2021-09-01 14:11:17,310 [5caa8675-6446-43f3-81d9-00bc94da7a89@group-9DB7DD4AF0A9-LeaderElection8] INFO  ratis.XceiverServerRatis (XceiverServerRatis.java:handleLeaderChangedNotification(861)) - Leader change notification received for group: group-9DB7DD4AF0A9 with new leaderId: 5caa8675-6446-43f3-81d9-00bc94da7a89
2021-09-01 14:11:17,311 [Datanode State Machine Thread - 0] WARN  statemachine.StateContext (StateContext.java:execute(621)) - No available thread in pool for past 1 seconds.
2021-09-01 14:11:17,311 [5caa8675-6446-43f3-81d9-00bc94da7a89@group-9DB7DD4AF0A9-LeaderElection8] INFO  server.RaftServer$Division (ServerState.java:setLeader(285)) - 5caa8675-6446-43f3-81d9-00bc94da7a89@group-9DB7DD4AF0A9: change Leader from null to 5caa8675-6446-43f3-81d9-00bc94da7a89 at term 1 for becomeLeader, leader elected after 5086ms
2021-09-01 14:11:17,311 [5caa8675-6446-43f3-81d9-00bc94da7a89@group-9DB7DD4AF0A9-LeaderElection8] INFO  server.RaftServerConfigKeys (ConfUtils.java:logGet(44)) - raft.server.staging.catchup.gap = 1000 (default)
2021-09-01 14:11:17,312 [5caa8675-6446-43f3-81d9-00bc94da7a89@group-9DB7DD4AF0A9-LeaderElection8] INFO  server.RaftServerConfigKeys (ConfUtils.java:logGet(44)) - raft.server.write.element-limit = 1024 (custom)
2021-09-01 14:11:17,312 [5caa8675-6446-43f3-81d9-00bc94da7a89@group-9DB7DD4AF0A9-LeaderElection8] INFO  server.RaftServerConfigKeys (ConfUtils.java:logGet(44)) - raft.server.write.byte-limit = 1024 M (=1073741824) (custom)
2021-09-01 14:11:17,312 [5caa8675-6446-43f3-81d9-00bc94da7a89@group-9DB7DD4AF0A9-LeaderElection8] INFO  server.RaftServerConfigKeys (ConfUtils.java:logGet(44)) - raft.server.watch.timeout = 180s (custom)
2021-09-01 14:11:17,312 [5caa8675-6446-43f3-81d9-00bc94da7a89@group-9DB7DD4AF0A9-LeaderElection8] INFO  server.RaftServerConfigKeys (ConfUtils.java:logGet(44)) - raft.server.watch.timeout.denomination = 1s (default)
2021-09-01 14:11:17,312 [5caa8675-6446-43f3-81d9-00bc94da7a89@group-9DB7DD4AF0A9-LeaderElection8] INFO  server.RaftServerConfigKeys (ConfUtils.java:logGet(44)) - raft.server.watch.element-limit = 65536 (default)
2021-09-01 14:11:17,312 [5caa8675-6446-43f3-81d9-00bc94da7a89@group-9DB7DD4AF0A9-LeaderElection8] INFO  impl.RoleInfo (RoleInfo.java:updateAndGet(130)) - 5caa8675-6446-43f3-81d9-00bc94da7a89: start 5caa8675-6446-43f3-81d9-00bc94da7a89@group-9DB7DD4AF0A9-LeaderStateImpl
2021-09-01 14:11:17,313 [5caa8675-6446-43f3-81d9-00bc94da7a89@group-9DB7DD4AF0A9-LeaderElection8] INFO  segmented.SegmentedRaftLogWorker (SegmentedRaftLogWorker.java:startLogSegment(394)) - 5caa8675-6446-43f3-81d9-00bc94da7a89@group-9DB7DD4AF0A9-SegmentedRaftLogWorker: Starting segment from index:0
2021-09-01 14:11:17,314 [5caa8675-6446-43f3-81d9-00bc94da7a89@group-9DB7DD4AF0A9-SegmentedRaftLogWorker] INFO  segmented.SegmentedRaftLogWorker (SegmentedRaftLogWorker.java:execute(601)) - 5caa8675-6446-43f3-81d9-00bc94da7a89@group-9DB7DD4AF0A9-SegmentedRaftLogWorker: created new log segment /home/runner/work/ozone/ozone/hadoop-ozone/integration-test/target/test-dir/MiniOzoneClusterImpl-cc063b0d-8217-4a41-b176-f0c6278c97ab/datanode-4/data/ratis/3acc6122-627c-4f35-ab4d-9db7dd4af0a9/current/log_inprogress_0
2021-09-01 14:11:17,315 [5caa8675-6446-43f3-81d9-00bc94da7a89@group-9DB7DD4AF0A9-LeaderElection8] INFO  server.RaftServer$Division (ServerState.java:setRaftConf(387)) - 5caa8675-6446-43f3-81d9-00bc94da7a89@group-9DB7DD4AF0A9: set configuration 0: [5caa8675-6446-43f3-81d9-00bc94da7a89|rpc:10.1.0.27:42525|dataStream:|priority:1], old=null
2021-09-01 14:11:17,390 [Listener at 127.0.0.1/45399] INFO  ozone.MiniOzoneClusterImpl (MiniOzoneClusterImpl.java:lambda$waitForClusterToBeReady$0(235)) - Nodes are ready. Got 6 of 6 DN Heartbeats.
2021-09-01 14:11:17,390 [Listener at 127.0.0.1/45399] INFO  ozone.MiniOzoneClusterImpl (MiniOzoneClusterImpl.java:lambda$waitForClusterToBeReady$0(238)) - Cluster exits safe mode
2021-09-01 14:11:17,390 [Listener at 127.0.0.1/45399] INFO  ozone.MiniOzoneClusterImpl (MiniOzoneClusterImpl.java:lambda$waitForClusterToBeReady$0(240)) - SCM became leader
2021-09-01 14:11:17,421 [Listener at 127.0.0.1/45399] WARN  server.ServerUtils (ServerUtils.java:getScmDbDir(148)) - ozone.scm.db.dirs is not configured. We recommend adding this setting. Falling back to ozone.metadata.dirs instead.
2021-09-01 14:11:17,422 [Listener at 127.0.0.1/45399] INFO  ha.SCMHANodeDetails (SCMHANodeDetails.java:loadSCMHAConfig(157)) - ServiceID for StorageContainerManager is null
2021-09-01 14:11:17,423 [Listener at 127.0.0.1/45399] INFO  ha.SCMHANodeDetails (SCMHANodeDetails.java:loadSCMHAConfig(162)) - ozone.scm.default.service.id is not defined, falling back to ozone.scm.service.ids to find serviceID for StorageContainerManager if it is HA enabled cluster
2021-09-01 14:11:17,423 [Listener at 127.0.0.1/45399] WARN  server.ServerUtils (ServerUtils.java:getScmDbDir(148)) - ozone.scm.db.dirs is not configured. We recommend adding this setting. Falling back to ozone.metadata.dirs instead.
2021-09-01 14:11:17,424 [Listener at 127.0.0.1/45399] INFO  upgrade.AbstractLayoutVersionManager (AbstractLayoutVersionManager.java:init(70)) - Initializing Layout version manager with metadata layout = SCM_HA (version = 2), software layout = SCM_HA (version = 2)
2021-09-01 14:11:17,502 [Listener at 127.0.0.1/45399] INFO  reflections.Reflections (Reflections.java:scan(232)) - Reflections took 78 ms to scan 7 urls, producing 120 keys and 275 values 
2021-09-01 14:11:17,503 [ec842b93-5b10-4e55-aba6-387b08725c40@group-F6A143C39978-FollowerState] INFO  impl.FollowerState (FollowerState.java:run(134)) - ec842b93-5b10-4e55-aba6-387b08725c40@group-F6A143C39978-FollowerState: change to CANDIDATE, lastRpcElapsedTime:5093313915ns, electionTimeout:5089ms
2021-09-01 14:11:17,503 [ec842b93-5b10-4e55-aba6-387b08725c40@group-F6A143C39978-FollowerState] INFO  impl.RoleInfo (RoleInfo.java:shutdownFollowerState(108)) - ec842b93-5b10-4e55-aba6-387b08725c40: shutdown ec842b93-5b10-4e55-aba6-387b08725c40@group-F6A143C39978-FollowerState
2021-09-01 14:11:17,503 [ec842b93-5b10-4e55-aba6-387b08725c40@group-F6A143C39978-FollowerState] INFO  server.RaftServer$Division (RaftServerImpl.java:setRole(285)) - ec842b93-5b10-4e55-aba6-387b08725c40@group-F6A143C39978: changes role from  FOLLOWER to CANDIDATE at term 0 for changeToCandidate
2021-09-01 14:11:17,504 [ec842b93-5b10-4e55-aba6-387b08725c40@group-F6A143C39978-FollowerState] INFO  server.RaftServerConfigKeys (ConfUtils.java:logGet(44)) - raft.server.leaderelection.pre-vote = false (custom)
2021-09-01 14:11:17,504 [ec842b93-5b10-4e55-aba6-387b08725c40@group-F6A143C39978-FollowerState] INFO  impl.RoleInfo (RoleInfo.java:updateAndGet(130)) - ec842b93-5b10-4e55-aba6-387b08725c40: start ec842b93-5b10-4e55-aba6-387b08725c40@group-F6A143C39978-LeaderElection9
2021-09-01 14:11:17,508 [Listener at 127.0.0.1/45399] WARN  utils.HAUtils (HAUtils.java:getMetaDir(342)) - ozone.scm.db.dirs is not configured. We recommend adding this setting. Falling back to ozone.metadata.dirs instead.
2021-09-01 14:11:17,509 [Listener at 127.0.0.1/45399] WARN  db.DBStoreBuilder (DBStoreBuilder.java:applyDBDefinition(145)) - ozone.scm.db.dirs is not configured. We recommend adding this setting. Falling back to ozone.metadata.dirs instead.
2021-09-01 14:11:17,520 [ec842b93-5b10-4e55-aba6-387b08725c40@group-F6A143C39978-LeaderElection9] INFO  impl.LeaderElection (LeaderElection.java:askForVotes(306)) - ec842b93-5b10-4e55-aba6-387b08725c40@group-F6A143C39978-LeaderElection9 ELECTION round 0: submit vote requests at term 1 for -1: [ec842b93-5b10-4e55-aba6-387b08725c40|rpc:10.1.0.27:33903|priority:1], old=null
2021-09-01 14:11:17,520 [ec842b93-5b10-4e55-aba6-387b08725c40@group-F6A143C39978-LeaderElection9] INFO  impl.LeaderElection (LeaderElection.java:askForVotes(308)) - ec842b93-5b10-4e55-aba6-387b08725c40@group-F6A143C39978-LeaderElection9 ELECTION round 0: result PASSED (term=1)
2021-09-01 14:11:17,520 [ec842b93-5b10-4e55-aba6-387b08725c40@group-F6A143C39978-LeaderElection9] INFO  impl.RoleInfo (RoleInfo.java:shutdownLeaderElection(121)) - ec842b93-5b10-4e55-aba6-387b08725c40: shutdown ec842b93-5b10-4e55-aba6-387b08725c40@group-F6A143C39978-LeaderElection9
2021-09-01 14:11:17,520 [ec842b93-5b10-4e55-aba6-387b08725c40@group-F6A143C39978-LeaderElection9] INFO  server.RaftServer$Division (RaftServerImpl.java:setRole(285)) - ec842b93-5b10-4e55-aba6-387b08725c40@group-F6A143C39978: changes role from CANDIDATE to LEADER at term 1 for changeToLeader
2021-09-01 14:11:17,520 [ec842b93-5b10-4e55-aba6-387b08725c40@group-F6A143C39978-LeaderElection9] INFO  ratis.XceiverServerRatis (XceiverServerRatis.java:handleLeaderChangedNotification(861)) - Leader change notification received for group: group-F6A143C39978 with new leaderId: ec842b93-5b10-4e55-aba6-387b08725c40
2021-09-01 14:11:17,520 [ec842b93-5b10-4e55-aba6-387b08725c40@group-F6A143C39978-LeaderElection9] INFO  server.RaftServer$Division (ServerState.java:setLeader(285)) - ec842b93-5b10-4e55-aba6-387b08725c40@group-F6A143C39978: change Leader from null to ec842b93-5b10-4e55-aba6-387b08725c40 at term 1 for becomeLeader, leader elected after 5116ms
2021-09-01 14:11:17,520 [ec842b93-5b10-4e55-aba6-387b08725c40@group-F6A143C39978-LeaderElection9] INFO  server.RaftServerConfigKeys (ConfUtils.java:logGet(44)) - raft.server.staging.catchup.gap = 1000 (default)
2021-09-01 14:11:17,520 [ec842b93-5b10-4e55-aba6-387b08725c40@group-F6A143C39978-LeaderElection9] INFO  server.RaftServerConfigKeys (ConfUtils.java:logGet(44)) - raft.server.write.element-limit = 1024 (custom)
2021-09-01 14:11:17,520 [ec842b93-5b10-4e55-aba6-387b08725c40@group-F6A143C39978-LeaderElection9] INFO  server.RaftServerConfigKeys (ConfUtils.java:logGet(44)) - raft.server.write.byte-limit = 1024 M (=1073741824) (custom)
2021-09-01 14:11:17,521 [ec842b93-5b10-4e55-aba6-387b08725c40@group-F6A143C39978-LeaderElection9] INFO  server.RaftServerConfigKeys (ConfUtils.java:logGet(44)) - raft.server.watch.timeout = 180s (custom)
2021-09-01 14:11:17,521 [ec842b93-5b10-4e55-aba6-387b08725c40@group-F6A143C39978-LeaderElection9] INFO  server.RaftServerConfigKeys (ConfUtils.java:logGet(44)) - raft.server.watch.timeout.denomination = 1s (default)
2021-09-01 14:11:17,521 [ec842b93-5b10-4e55-aba6-387b08725c40@group-F6A143C39978-LeaderElection9] INFO  server.RaftServerConfigKeys (ConfUtils.java:logGet(44)) - raft.server.watch.element-limit = 65536 (default)
2021-09-01 14:11:17,521 [ec842b93-5b10-4e55-aba6-387b08725c40@group-F6A143C39978-LeaderElection9] INFO  impl.RoleInfo (RoleInfo.java:updateAndGet(130)) - ec842b93-5b10-4e55-aba6-387b08725c40: start ec842b93-5b10-4e55-aba6-387b08725c40@group-F6A143C39978-LeaderStateImpl
2021-09-01 14:11:17,521 [ec842b93-5b10-4e55-aba6-387b08725c40@group-F6A143C39978-LeaderElection9] INFO  segmented.SegmentedRaftLogWorker (SegmentedRaftLogWorker.java:startLogSegment(394)) - ec842b93-5b10-4e55-aba6-387b08725c40@group-F6A143C39978-SegmentedRaftLogWorker: Starting segment from index:0
2021-09-01 14:11:17,522 [Datanode State Machine Thread - 0] WARN  statemachine.StateContext (StateContext.java:execute(621)) - No available thread in pool for past 1 seconds.
2021-09-01 14:11:17,526 [ec842b93-5b10-4e55-aba6-387b08725c40@group-F6A143C39978-SegmentedRaftLogWorker] INFO  segmented.SegmentedRaftLogWorker (SegmentedRaftLogWorker.java:execute(601)) - ec842b93-5b10-4e55-aba6-387b08725c40@group-F6A143C39978-SegmentedRaftLogWorker: created new log segment /home/runner/work/ozone/ozone/hadoop-ozone/integration-test/target/test-dir/MiniOzoneClusterImpl-cc063b0d-8217-4a41-b176-f0c6278c97ab/datanode-5/data/ratis/711af633-875b-40bd-a393-f6a143c39978/current/log_inprogress_0
2021-09-01 14:11:17,534 [ec842b93-5b10-4e55-aba6-387b08725c40@group-F6A143C39978-LeaderElection9] INFO  server.RaftServer$Division (ServerState.java:setRaftConf(387)) - ec842b93-5b10-4e55-aba6-387b08725c40@group-F6A143C39978: set configuration 0: [ec842b93-5b10-4e55-aba6-387b08725c40|rpc:10.1.0.27:33903|dataStream:|priority:1], old=null
2021-09-01 14:11:17,620 [Listener at 127.0.0.1/45399] INFO  net.NodeSchemaLoader (NodeSchemaLoader.java:loadSchemaFromFile(129)) - Loading schema from [jar:file:/home/runner/.m2/repository/org/apache/ozone/hdds-common/1.2.0-SNAPSHOT/hdds-common-1.2.0-SNAPSHOT.jar!/network-topology-default.xml]
2021-09-01 14:11:17,620 [Listener at 127.0.0.1/45399] INFO  net.NodeSchemaLoader (NodeSchemaLoader.java:loadSchema(176)) - Loading network topology layer schema file
2021-09-01 14:11:17,632 [Listener at 127.0.0.1/45399] WARN  impl.MetricRegistriesImpl (MetricRegistriesImpl.java:addReporterRegistration(111)) - New reporters are added after registries were created. Some metrics will be missing from the reporter. Please add reporter before adding any new registry.
2021-09-01 14:11:17,632 [Listener at 127.0.0.1/45399] WARN  impl.MetricRegistriesImpl (MetricRegistriesImpl.java:addReporterRegistration(111)) - New reporters are added after registries were created. Some metrics will be missing from the reporter. Please add reporter before adding any new registry.
2021-09-01 14:11:17,632 [Listener at 127.0.0.1/45399] INFO  ha.SequenceIdGenerator (SequenceIdGenerator.java:upgradeToSequenceId(327)) - upgrade localId to 107544261427200000
2021-09-01 14:11:17,632 [Listener at 127.0.0.1/45399] INFO  ha.SequenceIdGenerator (SequenceIdGenerator.java:upgradeToSequenceId(337)) - upgrade delTxnId to 0
2021-09-01 14:11:17,632 [Listener at 127.0.0.1/45399] INFO  ha.SequenceIdGenerator (SequenceIdGenerator.java:upgradeToSequenceId(351)) - upgrade containerId to 0
2021-09-01 14:11:17,632 [Listener at 127.0.0.1/45399] INFO  ha.SequenceIdGenerator (SequenceIdGenerator.java:<init>(217)) - Init the HA SequenceIdGenerator.
2021-09-01 14:11:17,641 [Listener at 127.0.0.1/45399] INFO  node.SCMNodeManager (SCMNodeManager.java:<init>(145)) - Entering startup safe mode.
2021-09-01 14:11:17,642 [Listener at 127.0.0.1/45399] INFO  algorithms.ContainerPlacementPolicyFactory (ContainerPlacementPolicyFactory.java:getPolicy(60)) - Create container placement policy of type org.apache.hadoop.hdds.scm.container.placement.algorithms.SCMContainerPlacementRandom
2021-09-01 14:11:17,642 [Listener at 127.0.0.1/45399] INFO  pipeline.PipelineStateManager (PipelineStateManagerV2Impl.java:initialize(78)) - No pipeline exists in current db
2021-09-01 14:11:17,642 [Listener at 127.0.0.1/45399] INFO  algorithms.LeaderChoosePolicyFactory (LeaderChoosePolicyFactory.java:getPolicy(57)) - Create leader choose policy of type org.apache.hadoop.hdds.scm.pipeline.leader.choose.algorithms.MinLeaderCountChoosePolicy
2021-09-01 14:11:17,643 [Listener at 127.0.0.1/45399] INFO  ha.SCMServiceManager (SCMServiceManager.java:register(43)) - Registering service BackgroundPipelineCreator.
2021-09-01 14:11:17,643 [Listener at 127.0.0.1/45399] INFO  pipeline.BackgroundPipelineCreator (BackgroundPipelineCreatorV2.java:start(130)) - Starting RatisPipelineUtilsThread.
2021-09-01 14:11:17,646 [Listener at 127.0.0.1/45399] INFO  algorithms.PipelineChoosePolicyFactory (PipelineChoosePolicyFactory.java:createPipelineChoosePolicyFromClass(73)) - Create pipeline choose policy of type org.apache.hadoop.hdds.scm.pipeline.choose.algorithms.RandomPipelineChoosePolicy
2021-09-01 14:11:17,646 [Listener at 127.0.0.1/45399] INFO  ha.SCMServiceManager (SCMServiceManager.java:register(43)) - Registering service SCMBlockDeletingService.
2021-09-01 14:11:17,646 [Listener at 127.0.0.1/45399] INFO  ha.SCMServiceManager (SCMServiceManager.java:register(43)) - Registering service ReplicationManager.
2021-09-01 14:11:17,646 [Listener at 127.0.0.1/45399] INFO  container.ReplicationManager (ReplicationManager.java:start(307)) - Starting Replication Monitor Thread.
2021-09-01 14:11:17,650 [Listener at 127.0.0.1/45399] INFO  safemode.ContainerSafeModeRule (ContainerSafeModeRule.java:<init>(89)) - containers with one replica threshold count 0
2021-09-01 14:11:17,650 [Listener at 127.0.0.1/45399] INFO  safemode.HealthyPipelineSafeModeRule (HealthyPipelineSafeModeRule.java:initializeRule(156)) - Total pipeline count is 0, healthy pipeline threshold count is 1
2021-09-01 14:11:17,650 [Listener at 127.0.0.1/45399] INFO  safemode.OneReplicaPipelineSafeModeRule (OneReplicaPipelineSafeModeRule.java:initializeRule(180)) - Total pipeline count is 0, pipeline's with at least one datanode reported threshold count is 0
2021-09-01 14:11:17,659 [ReplicationMonitor] INFO  container.ReplicationManager (ReplicationManager.java:processAll(359)) - Replication Monitor Thread took 0 milliseconds for processing 0 containers.
2021-09-01 14:11:17,660 [Listener at 127.0.0.1/45399] INFO  ipc.CallQueueManager (CallQueueManager.java:<init>(90)) - Using callQueue: class java.util.concurrent.LinkedBlockingQueue, queueCapacity: 2000, scheduler: class org.apache.hadoop.ipc.DefaultRpcScheduler, ipcBackoff: false.
2021-09-01 14:11:17,661 [Socket Reader #1 for port 0] INFO  ipc.Server (Server.java:run(1265)) - Starting Socket Reader #1 for port 0
2021-09-01 14:11:17,662 [Listener at 0.0.0.0/44509] INFO  ipc.CallQueueManager (CallQueueManager.java:<init>(90)) - Using callQueue: class java.util.concurrent.LinkedBlockingQueue, queueCapacity: 2000, scheduler: class org.apache.hadoop.ipc.DefaultRpcScheduler, ipcBackoff: false.
2021-09-01 14:11:17,665 [Socket Reader #1 for port 0] INFO  ipc.Server (Server.java:run(1265)) - Starting Socket Reader #1 for port 0
2021-09-01 14:11:17,666 [Listener at 0.0.0.0/33981] INFO  ipc.CallQueueManager (CallQueueManager.java:<init>(90)) - Using callQueue: class java.util.concurrent.LinkedBlockingQueue, queueCapacity: 2000, scheduler: class org.apache.hadoop.ipc.DefaultRpcScheduler, ipcBackoff: false.
2021-09-01 14:11:17,668 [Socket Reader #1 for port 0] INFO  ipc.Server (Server.java:run(1265)) - Starting Socket Reader #1 for port 0
2021-09-01 14:11:17,705 [Listener at 0.0.0.0/32963] INFO  algorithms.ContainerPlacementPolicyFactory (ContainerPlacementPolicyFactory.java:getPolicy(60)) - Create container placement policy of type org.apache.hadoop.hdds.scm.container.placement.algorithms.SCMContainerPlacementRandom
2021-09-01 14:11:17,706 [Listener at 0.0.0.0/32963] INFO  server.StorageContainerManager (StorageContainerManager.java:<init>(387)) - 
Container Balancer status:
Key                            Value
Running                        false
Container Balancer Configuration values:
Key                                                Value
Threshold                                          0.1
Max Datanodes to Involve per Iteration(ratio)      0.5
Max Size to Move per Iteration                     10737418240B

2021-09-01 14:11:17,706 [Listener at 0.0.0.0/32963] WARN  events.EventQueue (EventQueue.java:fireEvent(194)) - No event handler registered for event TypedEvent{payloadType=SafeModeStatus, name='Safe mode status'}
2021-09-01 14:11:17,706 [Listener at 0.0.0.0/32963] INFO  ha.SCMContext (SCMContext.java:updateSafeModeStatus(205)) - Update SafeModeStatus from SafeModeStatus{safeModeStatus=true, preCheckPassed=false} to SafeModeStatus{safeModeStatus=true, preCheckPassed=false}.
2021-09-01 14:11:17,706 [Listener at 0.0.0.0/32963] INFO  server.StorageContainerManager (StorageContainerManager.java:start(1256)) - StorageContainerLocationProtocol RPC server is listening at /0.0.0.0:32963
2021-09-01 14:11:17,706 [Listener at 0.0.0.0/32963] INFO  impl.MetricsSystemImpl (MetricsSystemImpl.java:init(158)) - StorageContainerManager metrics system started (again)
2021-09-01 14:11:17,733 [Listener at 0.0.0.0/32963] INFO  server.SCMClientProtocolServer (SCMClientProtocolServer.java:start(164)) - RPC server for Client  is listening at /0.0.0.0:32963
2021-09-01 14:11:17,733 [IPC Server Responder] INFO  ipc.Server (Server.java:run(1507)) - IPC Server Responder: starting
2021-09-01 14:11:17,733 [IPC Server listener on 0] INFO  ipc.Server (Server.java:run(1344)) - IPC Server listener on 0: starting
2021-09-01 14:11:17,785 [Listener at 0.0.0.0/32963] INFO  server.StorageContainerManager (StorageContainerManager.java:start(1271)) - ScmBlockLocationProtocol RPC server is listening at /0.0.0.0:33981
2021-09-01 14:11:17,786 [Listener at 0.0.0.0/32963] INFO  server.SCMBlockProtocolServer (SCMBlockProtocolServer.java:start(151)) - RPC server for Block Protocol is listening at /0.0.0.0:33981
2021-09-01 14:11:17,788 [IPC Server Responder] INFO  ipc.Server (Server.java:run(1507)) - IPC Server Responder: starting
2021-09-01 14:11:17,788 [IPC Server listener on 0] INFO  ipc.Server (Server.java:run(1344)) - IPC Server listener on 0: starting
2021-09-01 14:11:17,791 [Listener at 0.0.0.0/32963] INFO  server.StorageContainerManager (StorageContainerManager.java:start(1277)) - ScmDatanodeProtocl RPC server is listening at /0.0.0.0:44509
2021-09-01 14:11:17,791 [Listener at 0.0.0.0/32963] INFO  server.SCMDatanodeProtocolServer (SCMDatanodeProtocolServer.java:start(181)) - RPC server for DataNodes is listening at /0.0.0.0:44509
2021-09-01 14:11:17,791 [IPC Server Responder] INFO  ipc.Server (Server.java:run(1507)) - IPC Server Responder: starting
2021-09-01 14:11:17,791 [IPC Server listener on 0] INFO  ipc.Server (Server.java:run(1344)) - IPC Server listener on 0: starting
2021-09-01 14:11:17,798 [Listener at 0.0.0.0/32963] INFO  http.BaseHttpServer (BaseHttpServer.java:newHttpServer2BuilderForOzone(209)) - Starting Web-server for scm at: http://0.0.0.0:0
2021-09-01 14:11:17,799 [Listener at 0.0.0.0/32963] INFO  http.BaseHttpServer (BaseHttpServer.java:<init>(107)) - Hadoop Security Enabled: false Ozone Security Enabled: false Ozone HTTP Security Enabled: false 
2021-09-01 14:11:17,799 [org.apache.hadoop.util.JvmPauseMonitor$Monitor@bed2c15] INFO  util.JvmPauseMonitor (JvmPauseMonitor.java:run(188)) - Starting JVM pause monitor
2021-09-01 14:11:17,800 [Listener at 0.0.0.0/32963] INFO  server.AuthenticationFilter (AuthenticationFilter.java:constructSecretProvider(240)) - Unable to initialize FileSignerSecretProvider, falling back to use random secrets.
2021-09-01 14:11:17,801 [Listener at 0.0.0.0/32963] WARN  http.HttpRequestLog (HttpRequestLog.java:getRequestLog(103)) - Jetty request log can only be enabled using Log4j
2021-09-01 14:11:17,801 [Listener at 0.0.0.0/32963] INFO  http.HttpServer2 (HttpServer2.java:addGlobalFilter(1030)) - Added global filter 'safety' (class=org.apache.hadoop.hdds.server.http.HttpServer2$QuotingInputFilter)
2021-09-01 14:11:17,802 [Listener at 0.0.0.0/32963] INFO  http.HttpServer2 (HttpServer2.java:addFilter(1006)) - Added filter static_user_filter (class=org.apache.hadoop.http.lib.StaticUserWebFilter$StaticUserFilter) to context scm
2021-09-01 14:11:17,802 [Listener at 0.0.0.0/32963] INFO  http.HttpServer2 (HttpServer2.java:addFilter(1014)) - Added filter static_user_filter (class=org.apache.hadoop.http.lib.StaticUserWebFilter$StaticUserFilter) to context static
2021-09-01 14:11:17,802 [Listener at 0.0.0.0/32963] INFO  http.HttpServer2 (HttpServer2.java:addFilter(1014)) - Added filter static_user_filter (class=org.apache.hadoop.http.lib.StaticUserWebFilter$StaticUserFilter) to context logs
2021-09-01 14:11:17,803 [Listener at 0.0.0.0/32963] INFO  http.HttpServer2 (HttpServer2.java:bindListener(1249)) - Jetty bound to port 37995
2021-09-01 14:11:17,803 [Listener at 0.0.0.0/32963] INFO  server.Server (Server.java:doStart(375)) - jetty-9.4.43.v20210629; built: 2021-06-30T11:07:22.254Z; git: 526006ecfa3af7f1a27ef3a288e2bef7ea9dd7e8; jvm 1.8.0_292-b10
2021-09-01 14:11:17,806 [Listener at 0.0.0.0/32963] INFO  server.session (DefaultSessionIdManager.java:doStart(334)) - DefaultSessionIdManager workerName=node0
2021-09-01 14:11:17,806 [Listener at 0.0.0.0/32963] INFO  server.session (DefaultSessionIdManager.java:doStart(339)) - No SessionScavenger set, using defaults
2021-09-01 14:11:17,806 [Listener at 0.0.0.0/32963] INFO  server.session (HouseKeeper.java:startScavenging(132)) - node0 Scavenging every 660000ms
2021-09-01 14:11:17,807 [Listener at 0.0.0.0/32963] INFO  handler.ContextHandler (ContextHandler.java:doStart(915)) - Started o.e.j.s.ServletContextHandler@600cee61{logs,/logs,file:///home/runner/work/ozone/ozone/hadoop-ozone/integration-test/target/log,AVAILABLE}
2021-09-01 14:11:17,807 [Listener at 0.0.0.0/32963] INFO  handler.ContextHandler (ContextHandler.java:doStart(915)) - Started o.e.j.s.ServletContextHandler@503a84ee{static,/static,file:///home/runner/work/ozone/ozone/hadoop-ozone/integration-test/target/test-classes/webapps/static,AVAILABLE}
2021-09-01 14:11:17,810 [Listener at 0.0.0.0/32963] INFO  handler.ContextHandler (ContextHandler.java:doStart(915)) - Started o.e.j.w.WebAppContext@18844cfc{scm,/,file:///home/runner/work/ozone/ozone/hadoop-ozone/integration-test/target/test-classes/webapps/scm/,AVAILABLE}{file:/home/runner/work/ozone/ozone/hadoop-ozone/integration-test/target/test-classes/webapps/scm}
2021-09-01 14:11:17,816 [Listener at 0.0.0.0/32963] INFO  server.AbstractConnector (AbstractConnector.java:doStart(331)) - Started ServerConnector@7c7b307c{HTTP/1.1, (http/1.1)}{0.0.0.0:37995}
2021-09-01 14:11:17,816 [Listener at 0.0.0.0/32963] INFO  server.Server (Server.java:doStart(415)) - Started @19383ms
2021-09-01 14:11:17,816 [Listener at 0.0.0.0/32963] WARN  impl.MetricsSystemImpl (MetricsSystemImpl.java:register(279)) - Sink prometheus already exists!
2021-09-01 14:11:17,816 [Listener at 0.0.0.0/32963] INFO  http.BaseHttpServer (BaseHttpServer.java:updateConnectorAddress(329)) - HTTP server of scm listening at http://0.0.0.0:37995
2021-09-01 14:11:17,816 [Listener at 0.0.0.0/32963] WARN  server.ServerUtils (ServerUtils.java:getDBPath(225)) - ozone.om.db.dirs is not configured. We recommend adding this setting. Falling back to ozone.metadata.dirs instead.
2021-09-01 14:11:17,819 [Listener at 0.0.0.0/32963] INFO  ha.OMHANodeDetails (OMHANodeDetails.java:loadOMHAConfig(112)) - ozone.om.internal.service.id is not defined, falling back to ozone.om.service.ids to find serviceID for OzoneManager if it is HA enabled cluster
2021-09-01 14:11:17,819 [Listener at 0.0.0.0/32963] INFO  ha.OMHANodeDetails (OMHANodeDetails.java:loadOMHAConfig(219)) - Configuration does not have ozone.om.address set. Falling back to the default OM address /127.0.0.1:0
2021-09-01 14:11:17,819 [Listener at 0.0.0.0/32963] INFO  ha.OMHANodeDetails (OMHANodeDetails.java:getOMNodeDetails(247)) - OM Service ID is not set. Setting it to the default ID: omServiceIdDefault
2021-09-01 14:11:17,819 [Listener at 0.0.0.0/32963] INFO  ha.OMHANodeDetails (OMHANodeDetails.java:getOMNodeDetails(254)) - OM Node ID is not set. Setting it to the default ID: om1
2021-09-01 14:11:17,819 [Listener at 0.0.0.0/32963] WARN  server.ServerUtils (ServerUtils.java:getDBPath(225)) - ozone.om.db.dirs is not configured. We recommend adding this setting. Falling back to ozone.metadata.dirs instead.
2021-09-01 14:11:17,820 [Listener at 0.0.0.0/32963] INFO  upgrade.AbstractLayoutVersionManager (AbstractLayoutVersionManager.java:init(70)) - Initializing Layout version manager with metadata layout = INITIAL_VERSION (version = 0), software layout = INITIAL_VERSION (version = 0)
2021-09-01 14:11:17,888 [Listener at 0.0.0.0/32963] INFO  reflections.Reflections (Reflections.java:scan(232)) - Reflections took 67 ms to scan 2 urls, producing 131 keys and 342 values [using 2 cores]
2021-09-01 14:11:17,888 [Listener at 0.0.0.0/32963] INFO  upgrade.OMLayoutVersionManager (OMLayoutVersionManager.java:lambda$0(116)) - Skipping Upgrade Action MockOmUpgradeAction since it has been finalized.
2021-09-01 14:11:17,888 [Listener at 0.0.0.0/32963] WARN  server.ServerUtils (ServerUtils.java:getDBPath(225)) - ozone.om.db.dirs is not configured. We recommend adding this setting. Falling back to ozone.metadata.dirs instead.
2021-09-01 14:11:17,930 [Listener at 0.0.0.0/32963] WARN  server.ServerUtils (ServerUtils.java:getDBPath(225)) - ozone.om.db.dirs is not configured. We recommend adding this setting. Falling back to ozone.metadata.dirs instead.
2021-09-01 14:11:17,930 [Listener at 0.0.0.0/32963] INFO  codec.OmKeyInfoCodec (OmKeyInfoCodec.java:<init>(51)) - OmKeyInfoCodec ignorePipeline = true
2021-09-01 14:11:17,930 [Listener at 0.0.0.0/32963] INFO  codec.RepeatedOmKeyInfoCodec (RepeatedOmKeyInfoCodec.java:<init>(42)) - RepeatedOmKeyInfoCodec ignorePipeline = true
2021-09-01 14:11:17,967 [main] INFO  rpc.RpcClient (RpcClient.java:createVolume(342)) - Creating Volume: vol1, with user33070 as owner and space quota set to -1 bytes, counts quota set to -1
2021-09-01 14:11:17,993 [ReplicationMonitor] INFO  container.ReplicationManager (ReplicationManager.java:processAll(359)) - Replication Monitor Thread took 0 milliseconds for processing 0 containers.
2021-09-01 14:11:18,062 [OM StateMachine ApplyTransaction Thread - 0] INFO  volume.OMVolumeCreateRequest (OMVolumeCreateRequest.java:validateAndUpdateCache(195)) - created volume:vol1 for user:user33070
2021-09-01 14:11:18,089 [main] INFO  rpc.RpcClient (RpcClient.java:createBucket(502)) - Creating Bucket: vol1/bucket1, with Versioning false and Storage Type set to DISK and Encryption set to false 
2021-09-01 14:11:18,132 [Listener at 0.0.0.0/32963] INFO  om.OzoneManager (OzoneManager.java:addS3GVolumeToDB(4115)) - Created Volume s3v With Owner runner required for S3Gateway operations.
2021-09-01 14:11:18,132 [Listener at 0.0.0.0/32963] WARN  server.ServerUtils (ServerUtils.java:getDefaultRatisDirectory(237)) - Storage directory for Ratis is not configured. It is a good idea to map this to an SSD disk. Falling back to ozone.metadata.dirs
2021-09-01 14:11:18,132 [Listener at 0.0.0.0/32963] WARN  utils.OzoneManagerRatisUtils (OzoneManagerRatisUtils.java:getOMRatisSnapshotDirectory(391)) - ozone.om.ratis.snapshot.dir is not configured. Falling back to ozone.metadata.dirs config
2021-09-01 14:11:18,133 [Listener at 0.0.0.0/32963] WARN  impl.MetricRegistriesImpl (MetricRegistriesImpl.java:addReporterRegistration(111)) - New reporters are added after registries were created. Some metrics will be missing from the reporter. Please add reporter before adding any new registry.
2021-09-01 14:11:18,133 [Listener at 0.0.0.0/32963] WARN  impl.MetricRegistriesImpl (MetricRegistriesImpl.java:addReporterRegistration(111)) - New reporters are added after registries were created. Some metrics will be missing from the reporter. Please add reporter before adding any new registry.
2021-09-01 14:11:18,133 [Listener at 0.0.0.0/32963] WARN  server.ServerUtils (ServerUtils.java:getDefaultRatisDirectory(237)) - Storage directory for Ratis is not configured. It is a good idea to map this to an SSD disk. Falling back to ozone.metadata.dirs
2021-09-01 14:11:18,134 [Listener at 0.0.0.0/32963] INFO  ratis.OzoneManagerRatisServer (OzoneManagerRatisServer.java:<init>(158)) - Instantiating OM Ratis server with groupID: omServiceIdDefault and peers: localhost:35489
2021-09-01 14:11:18,136 [Listener at 0.0.0.0/32963] INFO  ratis.OzoneManagerStateMachine (OzoneManagerStateMachine.java:loadSnapshotInfoFromDB(605)) - LastAppliedIndex is set from TransactionInfo from OM DB as (t:0, i:~)
2021-09-01 14:11:18,150 [Listener at 0.0.0.0/32963] INFO  server.RaftServer (ConfUtils.java:logGet(44)) - raft.rpc.type = GRPC (default)
2021-09-01 14:11:18,150 [Listener at 0.0.0.0/32963] INFO  grpc.GrpcFactory (GrpcFactory.java:checkPooledByteBufAllocatorUseCacheForAllThreads(48)) - PERFORMANCE WARNING: useCacheForAllThreads is true that may cause Netty to create a lot garbage objects and, as a result, trigger GC.
	It is recommended to disable useCacheForAllThreads by setting -Dorg.apache.ratis.thirdparty.io.netty.allocator.useCacheForAllThreads=false in command line.
2021-09-01 14:11:18,150 [Listener at 0.0.0.0/32963] INFO  grpc.GrpcConfigKeys (ConfUtils.java:logGet(44)) - raft.grpc.admin.port = -1 (default)
2021-09-01 14:11:18,151 [Listener at 0.0.0.0/32963] INFO  grpc.GrpcConfigKeys (ConfUtils.java:logGet(44)) - raft.grpc.server.port = 35489 (custom)
2021-09-01 14:11:18,151 [Listener at 0.0.0.0/32963] INFO  grpc.GrpcConfigKeys (ConfUtils.java:logGet(44)) - raft.grpc.client.port = -1 (default)
2021-09-01 14:11:18,151 [Listener at 0.0.0.0/32963] INFO  grpc.GrpcConfigKeys (ConfUtils.java:logGet(44)) - raft.grpc.server.port = 35489 (custom)
2021-09-01 14:11:18,151 [Listener at 0.0.0.0/32963] INFO  grpc.GrpcConfigKeys (ConfUtils.java:logGet(44)) - raft.grpc.server.port = 35489 (custom)
2021-09-01 14:11:18,151 [Listener at 0.0.0.0/32963] INFO  server.GrpcService (ConfUtils.java:logGet(44)) - raft.grpc.message.size.max = 33554432 (custom)
2021-09-01 14:11:18,151 [Listener at 0.0.0.0/32963] INFO  server.RaftServerConfigKeys (ConfUtils.java:logGet(44)) - raft.server.log.appender.buffer.byte-limit = 33554432 (custom)
2021-09-01 14:11:18,151 [Listener at 0.0.0.0/32963] INFO  server.GrpcService (ConfUtils.java:logGet(44)) - raft.grpc.flow.control.window = 1MB (=1048576) (default)
2021-09-01 14:11:18,151 [Listener at 0.0.0.0/32963] INFO  server.RaftServerConfigKeys (ConfUtils.java:logGet(44)) - raft.server.rpc.request.timeout = 3000ms (default)
2021-09-01 14:11:18,152 [Listener at 0.0.0.0/32963] INFO  impl.DataStreamServerImpl (ConfUtils.java:logGet(44)) - raft.datastream.type = DISABLED (default)
2021-09-01 14:11:18,153 [Listener at 0.0.0.0/32963] INFO  server.RaftServerConfigKeys (ConfUtils.java:logGet(44)) - raft.server.rpc.slowness.timeout = 120s (custom)
2021-09-01 14:11:18,153 [Listener at 0.0.0.0/32963] INFO  server.RaftServerConfigKeys (ConfUtils.java:logGet(44)) - raft.server.leaderelection.leader.step-down.wait-time = 10s (default)
2021-09-01 14:11:18,153 [Listener at 0.0.0.0/32963] INFO  server.RaftServerConfigKeys (ConfUtils.java:logGet(44)) - raft.server.storage.dir = [/home/runner/work/ozone/ozone/hadoop-ozone/integration-test/target/test-dir/MiniOzoneClusterImpl-ade41b4a-42d1-4ce8-adde-039c2ad4b32e/ozone-meta/ratis] (custom)
2021-09-01 14:11:18,153 [Listener at 0.0.0.0/32963] INFO  server.RaftServer (RaftServerProxy.java:addNew(95)) - om1: addNew group-C5BA1605619E:[om1|rpc:localhost:35489|priority:0] returns group-C5BA1605619E:java.util.concurrent.CompletableFuture@7c97e299[Not completed]
2021-09-01 14:11:18,153 [Listener at 0.0.0.0/32963] INFO  om.OzoneManager (OzoneManager.java:initializeRatisServer(1573)) - OzoneManager Ratis server initialized at port 35489
2021-09-01 14:11:18,156 [Listener at 0.0.0.0/32963] INFO  ipc.CallQueueManager (CallQueueManager.java:<init>(90)) - Using callQueue: class java.util.concurrent.LinkedBlockingQueue, queueCapacity: 2000, scheduler: class org.apache.hadoop.ipc.DefaultRpcScheduler, ipcBackoff: false.
2021-09-01 14:11:18,156 [pool-206-thread-1] INFO  server.RaftServer$Division (RaftServerImpl.java:<init>(181)) - om1: new RaftServerImpl for group-C5BA1605619E:[om1|rpc:localhost:35489|priority:0] with OzoneManagerStateMachine:uninitialized
2021-09-01 14:11:18,166 [pool-206-thread-1] INFO  server.RaftServerConfigKeys (ConfUtils.java:logGet(44)) - raft.server.rpc.timeout.min = 1s (custom)
2021-09-01 14:11:18,166 [pool-206-thread-1] INFO  server.RaftServerConfigKeys (ConfUtils.java:logGet(44)) - raft.server.rpc.timeout.max = 1200ms (custom)
2021-09-01 14:11:18,166 [pool-206-thread-1] INFO  server.RaftServerConfigKeys (ConfUtils.java:logGet(44)) - raft.server.rpc.sleep.time = 25ms (default)
2021-09-01 14:11:18,166 [pool-206-thread-1] INFO  server.RaftServerConfigKeys (ConfUtils.java:logGet(44)) - raft.server.rpc.slowness.timeout = 120s (custom)
2021-09-01 14:11:18,166 [pool-206-thread-1] INFO  server.RaftServerConfigKeys (ConfUtils.java:logGet(44)) - raft.server.leaderelection.leader.step-down.wait-time = 10s (default)
2021-09-01 14:11:18,166 [pool-206-thread-1] INFO  server.RaftServerConfigKeys (ConfUtils.java:logGet(44)) - raft.server.sleep.deviation.threshold = 300ms (default)
2021-09-01 14:11:18,166 [pool-206-thread-1] INFO  server.RaftServerConfigKeys (ConfUtils.java:logGet(44)) - raft.server.log.appender.install.snapshot.enabled = false (custom)
2021-09-01 14:11:18,166 [pool-206-thread-1] INFO  server.RaftServer$Division (ServerState.java:<init>(105)) - om1@group-C5BA1605619E: ConfigurationManager, init=-1: [om1|rpc:localhost:35489|priority:0], old=null, confs=<EMPTY_MAP>
2021-09-01 14:11:18,166 [pool-206-thread-1] INFO  server.RaftServerConfigKeys (ConfUtils.java:logGet(44)) - raft.server.storage.dir = [/home/runner/work/ozone/ozone/hadoop-ozone/integration-test/target/test-dir/MiniOzoneClusterImpl-ade41b4a-42d1-4ce8-adde-039c2ad4b32e/ozone-meta/ratis] (custom)
2021-09-01 14:11:18,166 [pool-206-thread-1] INFO  server.RaftServerConfigKeys (ConfUtils.java:logGet(44)) - raft.server.log.corruption.policy = EXCEPTION (default)
2021-09-01 14:11:18,166 [pool-206-thread-1] INFO  server.RaftServerConfigKeys (ConfUtils.java:logGet(44)) - raft.server.storage.free-space.min = 0MB (=0) (default)
2021-09-01 14:11:18,167 [pool-206-thread-1] INFO  storage.RaftStorageDirectory (RaftStorageDirectoryImpl.java:analyzeStorage(135)) - The storage directory /home/runner/work/ozone/ozone/hadoop-ozone/integration-test/target/test-dir/MiniOzoneClusterImpl-ade41b4a-42d1-4ce8-adde-039c2ad4b32e/ozone-meta/ratis/bf265839-605b-3f16-9796-c5ba1605619e does not exist. Creating ...
2021-09-01 14:11:18,167 [Socket Reader #1 for port 0] INFO  ipc.Server (Server.java:run(1265)) - Starting Socket Reader #1 for port 0
2021-09-01 14:11:18,168 [pool-206-thread-1] INFO  storage.RaftStorageDirectory (RaftStorageDirectoryImpl.java:tryLock(230)) - Lock on /home/runner/work/ozone/ozone/hadoop-ozone/integration-test/target/test-dir/MiniOzoneClusterImpl-ade41b4a-42d1-4ce8-adde-039c2ad4b32e/ozone-meta/ratis/bf265839-605b-3f16-9796-c5ba1605619e/in_use.lock acquired by nodename 9503@fv-az148-824
2021-09-01 14:11:18,170 [pool-206-thread-1] INFO  storage.RaftStorage (RaftStorageImpl.java:format(89)) - Storage directory /home/runner/work/ozone/ozone/hadoop-ozone/integration-test/target/test-dir/MiniOzoneClusterImpl-ade41b4a-42d1-4ce8-adde-039c2ad4b32e/ozone-meta/ratis/bf265839-605b-3f16-9796-c5ba1605619e has been successfully formatted.
2021-09-01 14:11:18,170 [pool-206-thread-1] INFO  server.RaftServerConfigKeys (ConfUtils.java:logGet(44)) - raft.server.notification.no-leader.timeout = 120s (custom)
2021-09-01 14:11:18,170 [pool-206-thread-1] INFO  server.RaftServerConfigKeys (ConfUtils.java:logGet(44)) - raft.server.log.use.memory = false (default)
2021-09-01 14:11:18,170 [pool-206-thread-1] INFO  server.RaftServerConfigKeys (ConfUtils.java:logGet(44)) - raft.server.log.purge.gap = 1000000 (custom)
2021-09-01 14:11:18,170 [pool-206-thread-1] INFO  server.RaftServerConfigKeys (ConfUtils.java:logGet(44)) - raft.server.log.appender.buffer.byte-limit = 33554432 (custom)
2021-09-01 14:11:18,170 [pool-206-thread-1] INFO  server.RaftServerConfigKeys (ConfUtils.java:logGet(44)) - raft.server.log.segment.size.max = 4194304 (custom)
2021-09-01 14:11:18,170 [pool-206-thread-1] INFO  server.RaftServerConfigKeys (ConfUtils.java:logGet(44)) - raft.server.log.segment.cache.num.max = 2 (custom)
2021-09-01 14:11:18,170 [pool-206-thread-1] INFO  server.RaftServerConfigKeys (ConfUtils.java:logGet(44)) - raft.server.log.segment.cache.size.max = 200MB (=209715200) (default)
2021-09-01 14:11:18,170 [pool-206-thread-1] INFO  segmented.SegmentedRaftLogWorker (SegmentedRaftLogWorker.java:<init>(182)) - new om1@group-C5BA1605619E-SegmentedRaftLogWorker for RaftStorageImpl:Storage Directory /home/runner/work/ozone/ozone/hadoop-ozone/integration-test/target/test-dir/MiniOzoneClusterImpl-ade41b4a-42d1-4ce8-adde-039c2ad4b32e/ozone-meta/ratis/bf265839-605b-3f16-9796-c5ba1605619e
2021-09-01 14:11:18,170 [pool-206-thread-1] INFO  server.RaftServerConfigKeys (ConfUtils.java:logGet(44)) - raft.server.log.queue.byte-limit = 64MB (=67108864) (default)
2021-09-01 14:11:18,170 [pool-206-thread-1] INFO  server.RaftServerConfigKeys (ConfUtils.java:logGet(44)) - raft.server.log.queue.element-limit = 4096 (default)
2021-09-01 14:11:18,170 [pool-206-thread-1] INFO  server.RaftServerConfigKeys (ConfUtils.java:logGet(44)) - raft.server.log.segment.size.max = 4194304 (custom)
2021-09-01 14:11:18,170 [pool-206-thread-1] INFO  server.RaftServerConfigKeys (ConfUtils.java:logGet(44)) - raft.server.log.preallocated.size = 4194304 (custom)
2021-09-01 14:11:18,170 [pool-206-thread-1] INFO  server.RaftServerConfigKeys (ConfUtils.java:logGet(44)) - raft.server.log.force.sync.num = 128 (default)
2021-09-01 14:11:18,171 [pool-206-thread-1] INFO  server.RaftServerConfigKeys (ConfUtils.java:logGet(44)) - raft.server.log.statemachine.data.sync = true (default)
2021-09-01 14:11:18,171 [pool-206-thread-1] INFO  server.RaftServerConfigKeys (ConfUtils.java:logGet(44)) - raft.server.log.statemachine.data.sync.timeout = 10s (default)
2021-09-01 14:11:18,171 [pool-206-thread-1] INFO  server.RaftServerConfigKeys (ConfUtils.java:logGet(44)) - raft.server.log.statemachine.data.sync.timeout.retry = -1 (default)
2021-09-01 14:11:18,171 [pool-206-thread-1] INFO  server.RaftServerConfigKeys (ConfUtils.java:logGet(44)) - raft.server.log.write.buffer.size = 64KB (=65536) (default)
2021-09-01 14:11:18,171 [pool-206-thread-1] INFO  server.RaftServerConfigKeys (ConfUtils.java:logGet(44)) - raft.server.log.statemachine.data.caching.enabled = false (default)
2021-09-01 14:11:18,171 [pool-206-thread-1] INFO  segmented.SegmentedRaftLogWorker (SegmentedRaftLogWorker.java:lambda$new$0(133)) - om1@group-C5BA1605619E-SegmentedRaftLogWorker: flushIndex: setUnconditionally 0 -> -1
2021-09-01 14:11:18,171 [pool-206-thread-1] INFO  segmented.SegmentedRaftLogWorker (SegmentedRaftLogWorker.java:lambda$new$0(133)) - om1@group-C5BA1605619E-SegmentedRaftLogWorker: safeCacheEvictIndex: setUnconditionally 0 -> -1
2021-09-01 14:11:18,173 [pool-206-thread-1] INFO  server.RaftServerConfigKeys (ConfUtils.java:logGet(44)) - raft.server.snapshot.auto.trigger.enabled = true (custom)
2021-09-01 14:11:18,173 [pool-206-thread-1] INFO  server.RaftServerConfigKeys (ConfUtils.java:logGet(44)) - raft.server.snapshot.auto.trigger.threshold = 400000 (default)
2021-09-01 14:11:18,173 [pool-206-thread-1] INFO  server.RaftServerConfigKeys (ConfUtils.java:logGet(44)) - raft.server.snapshot.retention.file.num = -1 (default)
2021-09-01 14:11:18,173 [pool-206-thread-1] INFO  server.RaftServerConfigKeys (ConfUtils.java:logGet(44)) - raft.server.log.purge.upto.snapshot.index = true (custom)
2021-09-01 14:11:18,173 [pool-206-thread-1] INFO  server.RaftServerConfigKeys (ConfUtils.java:logGet(44)) - raft.server.retrycache.expirytime = 300s (custom)
2021-09-01 14:11:18,173 [pool-206-thread-1] INFO  server.RaftServerConfigKeys (ConfUtils.java:logGet(44)) - raft.server.retrycache.statistics.expirytime = 100μs (default)
2021-09-01 14:11:18,183 [IPC Server handler 0 on default port 43715] INFO  ha.SequenceIdGenerator (SequenceIdGenerator.java:getNextId(127)) - Allocate a batch for containerId, change lastId from 0 to 1000.
2021-09-01 14:11:18,202 [Listener at 127.0.0.1/44153] INFO  om.OzoneManager (OzoneManager.java:initFSOLayout(4321)) - Configured ozone.om.metadata.layout=SIMPLE and disabled optimized OM FS operations
2021-09-01 14:11:18,206 [IPC Server handler 0 on default port 43715] WARN  ha.SequenceIdGenerator (SequenceIdGenerator.java:allocateBatch(234)) - Failed to allocate a batch for localId, expected lastId is 0, actual lastId is 107544261427200000.
2021-09-01 14:11:18,209 [IPC Server handler 0 on default port 43715] INFO  ha.SequenceIdGenerator (SequenceIdGenerator.java:getNextId(127)) - Allocate a batch for localId, change lastId from 107544261427200000 to 107544261427201000.
2021-09-01 14:11:18,215 [Listener at 127.0.0.1/44153] INFO  impl.MetricsSystemImpl (MetricsSystemImpl.java:init(158)) - OzoneManager metrics system started (again)
2021-09-01 14:11:18,230 [Listener at 127.0.0.1/44153] INFO  om.OzoneManager (OzoneManager.java:start(1270)) - OzoneManager RPC server is listening at localhost/127.0.0.1:44153
2021-09-01 14:11:18,230 [Listener at 127.0.0.1/44153] INFO  ratis.OzoneManagerRatisServer (OzoneManagerRatisServer.java:start(516)) - Starting OzoneManagerRatisServer om1 at port 35489
2021-09-01 14:11:18,230 [Listener at 127.0.0.1/44153] INFO  server.RaftServer$Division (RaftServerImpl.java:start(296)) - om1@group-C5BA1605619E: start as a follower, conf=-1: [om1|rpc:localhost:35489|priority:0], old=null
2021-09-01 14:11:18,230 [Listener at 127.0.0.1/44153] INFO  server.RaftServer$Division (RaftServerImpl.java:setRole(285)) - om1@group-C5BA1605619E: changes role from      null to FOLLOWER at term 0 for startAsFollower
2021-09-01 14:11:18,230 [Listener at 127.0.0.1/44153] INFO  impl.RoleInfo (RoleInfo.java:updateAndGet(130)) - om1: start om1@group-C5BA1605619E-FollowerState
2021-09-01 14:11:18,230 [Listener at 127.0.0.1/44153] ERROR util.JmxRegister (JmxRegister.java:tryRegister(40)) - Failed to register JMX Bean with name Ratis:service=RaftServer,group=group-C5BA1605619E,id=om1
javax.management.InstanceAlreadyExistsException: Ratis:service=RaftServer,group=group-C5BA1605619E,id=om1
	at com.sun.jmx.mbeanserver.Repository.addMBean(Repository.java:437)
	at com.sun.jmx.interceptor.DefaultMBeanServerInterceptor.registerWithRepository(DefaultMBeanServerInterceptor.java:1898)
	at com.sun.jmx.interceptor.DefaultMBeanServerInterceptor.registerDynamicMBean(DefaultMBeanServerInterceptor.java:966)
	at com.sun.jmx.interceptor.DefaultMBeanServerInterceptor.registerObject(DefaultMBeanServerInterceptor.java:900)
	at com.sun.jmx.interceptor.DefaultMBeanServerInterceptor.registerMBean(DefaultMBeanServerInterceptor.java:324)
	at com.sun.jmx.mbeanserver.JmxMBeanServer.registerMBean(JmxMBeanServer.java:522)
	at org.apache.ratis.util.JmxRegister.tryRegister(JmxRegister.java:38)
	at org.apache.ratis.util.JmxRegister.register(JmxRegister.java:56)
	at org.apache.ratis.server.impl.RaftServerImpl.registerMBean(RaftServerImpl.java:312)
	at org.apache.ratis.server.impl.RaftServerImpl.start(RaftServerImpl.java:303)
	at java.util.stream.ForEachOps$ForEachOp$OfRef.accept(ForEachOps.java:183)
	at java.util.ArrayList$ArrayListSpliterator.forEachRemaining(ArrayList.java:1384)
	at java.util.stream.AbstractPipeline.copyInto(AbstractPipeline.java:482)
	at java.util.stream.ForEachOps$ForEachTask.compute(ForEachOps.java:290)
	at java.util.concurrent.CountedCompleter.exec(CountedCompleter.java:731)
	at java.util.concurrent.ForkJoinTask.doExec(ForkJoinTask.java:289)
	at java.util.concurrent.ForkJoinTask.doInvoke(ForkJoinTask.java:401)
	at java.util.concurrent.ForkJoinTask.invoke(ForkJoinTask.java:734)
	at java.util.stream.ForEachOps$ForEachOp.evaluateParallel(ForEachOps.java:159)
	at java.util.stream.ForEachOps$ForEachOp$OfRef.evaluateParallel(ForEachOps.java:173)
	at java.util.stream.AbstractPipeline.evaluate(AbstractPipeline.java:233)
	at java.util.stream.ReferencePipeline.forEach(ReferencePipeline.java:485)
	at java.util.stream.ReferencePipeline$Head.forEach(ReferencePipeline.java:650)
	at org.apache.ratis.server.impl.RaftServerProxy.start(RaftServerProxy.java:371)
	at org.apache.hadoop.ozone.om.ratis.OzoneManagerRatisServer.start(OzoneManagerRatisServer.java:518)
	at org.apache.hadoop.ozone.om.OzoneManager.start(OzoneManager.java:1279)
	at org.apache.hadoop.ozone.MiniOzoneClusterImpl$Builder.build(MiniOzoneClusterImpl.java:597)
	at org.apache.hadoop.ozone.MiniOzoneClusterProvider.lambda$createClusters$1(MiniOzoneClusterProvider.java:231)
	at java.lang.Thread.run(Thread.java:748)
2021-09-01 14:11:18,231 [Listener at 127.0.0.1/44153] INFO  util.JmxRegister (JmxRegister.java:tryRegister(44)) - Successfully registered JMX Bean with object name Ratis:service=RaftServer,group=group-C5BA1605619E,id="om1"
2021-09-01 14:11:18,234 [Listener at 127.0.0.1/44153] INFO  server.RaftServer (RaftServerProxy.java:lambda$start$5(374)) - om1: start RPC server
2021-09-01 14:11:18,236 [Listener at 127.0.0.1/44153] INFO  server.GrpcService (GrpcService.java:startImpl(253)) - om1: GrpcService started, listening on 35489
2021-09-01 14:11:18,236 [Listener at 127.0.0.1/44153] INFO  om.OzoneManager (OzoneManager.java:start(1288)) - Version File has different layout version (0) than OM DB (null). That is expected if this OM has never been finalized to a newer layout version.
2021-09-01 14:11:18,237 [org.apache.ratis.util.JvmPauseMonitor$$Lambda$534/1206384791@55f114b5] INFO  util.JvmPauseMonitor (JvmPauseMonitor.java:run(103)) - JvmPauseMonitor-om1: Started
2021-09-01 14:11:18,238 [Listener at 127.0.0.1/44153] INFO  http.BaseHttpServer (BaseHttpServer.java:newHttpServer2BuilderForOzone(209)) - Starting Web-server for ozoneManager at: http://0.0.0.0:0
2021-09-01 14:11:18,238 [Listener at 127.0.0.1/44153] INFO  http.BaseHttpServer (BaseHttpServer.java:<init>(107)) - Hadoop Security Enabled: false Ozone Security Enabled: false Ozone HTTP Security Enabled: false 
2021-09-01 14:11:18,239 [Listener at 127.0.0.1/44153] INFO  server.AuthenticationFilter (AuthenticationFilter.java:constructSecretProvider(240)) - Unable to initialize FileSignerSecretProvider, falling back to use random secrets.
2021-09-01 14:11:18,242 [Listener at 127.0.0.1/44153] WARN  http.HttpRequestLog (HttpRequestLog.java:getRequestLog(103)) - Jetty request log can only be enabled using Log4j
2021-09-01 14:11:18,243 [Listener at 127.0.0.1/44153] INFO  http.HttpServer2 (HttpServer2.java:addGlobalFilter(1030)) - Added global filter 'safety' (class=org.apache.hadoop.hdds.server.http.HttpServer2$QuotingInputFilter)
2021-09-01 14:11:18,244 [Listener at 127.0.0.1/44153] INFO  http.HttpServer2 (HttpServer2.java:addFilter(1006)) - Added filter static_user_filter (class=org.apache.hadoop.http.lib.StaticUserWebFilter$StaticUserFilter) to context ozoneManager
2021-09-01 14:11:18,244 [Listener at 127.0.0.1/44153] INFO  http.HttpServer2 (HttpServer2.java:addFilter(1014)) - Added filter static_user_filter (class=org.apache.hadoop.http.lib.StaticUserWebFilter$StaticUserFilter) to context logs
2021-09-01 14:11:18,244 [Listener at 127.0.0.1/44153] INFO  http.HttpServer2 (HttpServer2.java:addFilter(1014)) - Added filter static_user_filter (class=org.apache.hadoop.http.lib.StaticUserWebFilter$StaticUserFilter) to context static
2021-09-01 14:11:18,244 [Listener at 127.0.0.1/44153] INFO  http.HttpServer2 (HttpServer2.java:bindListener(1249)) - Jetty bound to port 40567
2021-09-01 14:11:18,244 [Listener at 127.0.0.1/44153] INFO  server.Server (Server.java:doStart(375)) - jetty-9.4.43.v20210629; built: 2021-06-30T11:07:22.254Z; git: 526006ecfa3af7f1a27ef3a288e2bef7ea9dd7e8; jvm 1.8.0_292-b10
2021-09-01 14:11:18,254 [Listener at 127.0.0.1/44153] INFO  server.session (DefaultSessionIdManager.java:doStart(334)) - DefaultSessionIdManager workerName=node0
2021-09-01 14:11:18,254 [Listener at 127.0.0.1/44153] INFO  server.session (DefaultSessionIdManager.java:doStart(339)) - No SessionScavenger set, using defaults
2021-09-01 14:11:18,254 [Listener at 127.0.0.1/44153] INFO  server.session (HouseKeeper.java:startScavenging(132)) - node0 Scavenging every 660000ms
2021-09-01 14:11:18,256 [Listener at 127.0.0.1/44153] INFO  handler.ContextHandler (ContextHandler.java:doStart(915)) - Started o.e.j.s.ServletContextHandler@20279c43{logs,/logs,file:///home/runner/work/ozone/ozone/hadoop-ozone/integration-test/target/log,AVAILABLE}
2021-09-01 14:11:18,257 [Listener at 127.0.0.1/44153] INFO  handler.ContextHandler (ContextHandler.java:doStart(915)) - Started o.e.j.s.ServletContextHandler@3237dc80{static,/static,file:///home/runner/work/ozone/ozone/hadoop-ozone/integration-test/target/test-classes/webapps/static,AVAILABLE}
2021-09-01 14:11:18,263 [Listener at 127.0.0.1/44153] INFO  handler.ContextHandler (ContextHandler.java:doStart(915)) - Started o.e.j.w.WebAppContext@3fedbab0{ozoneManager,/,file:///home/runner/work/ozone/ozone/hadoop-ozone/integration-test/target/test-classes/webapps/ozoneManager/,AVAILABLE}{file:/home/runner/work/ozone/ozone/hadoop-ozone/integration-test/target/test-classes/webapps/ozoneManager}
2021-09-01 14:11:18,266 [Listener at 127.0.0.1/44153] INFO  server.AbstractConnector (AbstractConnector.java:doStart(331)) - Started ServerConnector@23e6f1a6{HTTP/1.1, (http/1.1)}{0.0.0.0:40567}
2021-09-01 14:11:18,266 [Listener at 127.0.0.1/44153] INFO  server.Server (Server.java:doStart(415)) - Started @19834ms
2021-09-01 14:11:18,266 [Listener at 127.0.0.1/44153] WARN  impl.MetricsSystemImpl (MetricsSystemImpl.java:register(279)) - Sink prometheus already exists!
2021-09-01 14:11:18,267 [Listener at 127.0.0.1/44153] INFO  http.BaseHttpServer (BaseHttpServer.java:updateConnectorAddress(329)) - HTTP server of ozoneManager listening at http://0.0.0.0:40567
2021-09-01 14:11:18,275 [IPC Server Responder] INFO  ipc.Server (Server.java:run(1507)) - IPC Server Responder: starting
2021-09-01 14:11:18,275 [IPC Server listener on 0] INFO  ipc.Server (Server.java:run(1344)) - IPC Server listener on 0: starting
2021-09-01 14:11:18,302 [Listener at 127.0.0.1/44153] INFO  om.OzoneManager (OzoneManager.java:startTrashEmptier(1531)) - Trash Interval set to 0. Files deleted will not move to trash
2021-09-01 14:11:18,319 [org.apache.hadoop.util.JvmPauseMonitor$Monitor@4ad83b05] INFO  util.JvmPauseMonitor (JvmPauseMonitor.java:run(188)) - Starting JVM pause monitor
2021-09-01 14:11:18,319 [main] INFO  impl.MetricsSystemImpl (MetricsSystemImpl.java:init(158)) - XceiverClientMetrics metrics system started (again)
2021-09-01 14:11:18,335 [Listener at 127.0.0.1/44153] WARN  impl.MetricRegistriesImpl (MetricRegistriesImpl.java:addReporterRegistration(111)) - New reporters are added after registries were created. Some metrics will be missing from the reporter. Please add reporter before adding any new registry.
2021-09-01 14:11:18,336 [Listener at 127.0.0.1/44153] WARN  impl.MetricRegistriesImpl (MetricRegistriesImpl.java:addReporterRegistration(111)) - New reporters are added after registries were created. Some metrics will be missing from the reporter. Please add reporter before adding any new registry.
2021-09-01 14:11:18,336 [Listener at 127.0.0.1/44153] INFO  impl.MetricsSystemImpl (MetricsSystemImpl.java:init(158)) - HddsDatanode metrics system started (again)
2021-09-01 14:11:18,349 [Listener at 127.0.0.1/44153] INFO  ozone.HddsDatanodeService (HddsDatanodeService.java:start(234)) - HddsDatanodeService host:fv-az148-824.bm4ck3pvxvsene1rjriu5fhcdb.bx.internal.cloudapp.net ip:10.1.0.27
2021-09-01 14:11:18,395 [Listener at 127.0.0.1/44153] INFO  upgrade.AbstractLayoutVersionManager (AbstractLayoutVersionManager.java:init(70)) - Initializing Layout version manager with metadata layout = SCM_HA (version = 2), software layout = SCM_HA (version = 2)
2021-09-01 14:11:18,528 [Listener at 127.0.0.1/44153] INFO  reflections.Reflections (Reflections.java:scan(232)) - Reflections took 97 ms to scan 7 urls, producing 120 keys and 275 values 
2021-09-01 14:11:18,540 [Listener at 127.0.0.1/44153] INFO  volume.HddsVolume (HddsVolume.java:<init>(120)) - Creating HddsVolume: /home/runner/work/ozone/ozone/hadoop-ozone/integration-test/target/test-dir/MiniOzoneClusterImpl-ade41b4a-42d1-4ce8-adde-039c2ad4b32e/datanode-0/data-0/containers/hdds of storage type : DISK capacity : 9223372036854775807
2021-09-01 14:11:18,540 [Listener at 127.0.0.1/44153] INFO  volume.MutableVolumeSet (MutableVolumeSet.java:initializeVolumeSet(181)) - Added Volume : /home/runner/work/ozone/ozone/hadoop-ozone/integration-test/target/test-dir/MiniOzoneClusterImpl-ade41b4a-42d1-4ce8-adde-039c2ad4b32e/datanode-0/data-0/containers/hdds to VolumeSet
2021-09-01 14:11:18,540 [Listener at 127.0.0.1/44153] INFO  volume.ThrottledAsyncChecker (ThrottledAsyncChecker.java:schedule(141)) - Scheduling a check for /home/runner/work/ozone/ozone/hadoop-ozone/integration-test/target/test-dir/MiniOzoneClusterImpl-ade41b4a-42d1-4ce8-adde-039c2ad4b32e/datanode-0/data-0/containers/hdds
2021-09-01 14:11:18,544 [Listener at 127.0.0.1/44153] INFO  volume.StorageVolumeChecker (StorageVolumeChecker.java:checkAllVolumes(202)) - Scheduled health check for volume /home/runner/work/ozone/ozone/hadoop-ozone/integration-test/target/test-dir/MiniOzoneClusterImpl-ade41b4a-42d1-4ce8-adde-039c2ad4b32e/datanode-0/data-0/containers/hdds
2021-09-01 14:11:18,558 [Listener at 127.0.0.1/44153] INFO  volume.MutableVolumeSet (MutableVolumeSet.java:initializeVolumeSet(181)) - Added Volume : /home/runner/work/ozone/ozone/hadoop-ozone/integration-test/target/test-dir/MiniOzoneClusterImpl-ade41b4a-42d1-4ce8-adde-039c2ad4b32e/datanode-0/data/ratis to VolumeSet
2021-09-01 14:11:18,558 [Listener at 127.0.0.1/44153] INFO  volume.ThrottledAsyncChecker (ThrottledAsyncChecker.java:schedule(141)) - Scheduling a check for /home/runner/work/ozone/ozone/hadoop-ozone/integration-test/target/test-dir/MiniOzoneClusterImpl-ade41b4a-42d1-4ce8-adde-039c2ad4b32e/datanode-0/data/ratis
2021-09-01 14:11:18,558 [Listener at 127.0.0.1/44153] INFO  volume.StorageVolumeChecker (StorageVolumeChecker.java:checkAllVolumes(202)) - Scheduled health check for volume /home/runner/work/ozone/ozone/hadoop-ozone/integration-test/target/test-dir/MiniOzoneClusterImpl-ade41b4a-42d1-4ce8-adde-039c2ad4b32e/datanode-0/data/ratis
2021-09-01 14:11:18,579 [Listener at 127.0.0.1/44153] INFO  ozoneimpl.ContainerReader (ContainerReader.java:<init>(98)) - Running in upgrade mode:true
2021-09-01 14:11:18,581 [Thread-427] INFO  ozoneimpl.ContainerReader (ContainerReader.java:readVolume(142)) - Start to verify containers on volume /home/runner/work/ozone/ozone/hadoop-ozone/integration-test/target/test-dir/MiniOzoneClusterImpl-ade41b4a-42d1-4ce8-adde-039c2ad4b32e/datanode-0/data-0/containers/hdds
2021-09-01 14:11:18,581 [Thread-427] INFO  ozoneimpl.ContainerReader (ContainerReader.java:readVolume(174)) - Finish verifying containers on volume /home/runner/work/ozone/ozone/hadoop-ozone/integration-test/target/test-dir/MiniOzoneClusterImpl-ade41b4a-42d1-4ce8-adde-039c2ad4b32e/datanode-0/data-0/containers/hdds
2021-09-01 14:11:18,581 [Listener at 127.0.0.1/44153] INFO  ozoneimpl.OzoneContainer (OzoneContainer.java:buildContainerSet(237)) - Build ContainerSet costs 0s
2021-09-01 14:11:18,585 [Listener at 127.0.0.1/44153] INFO  server.RaftServer (ConfUtils.java:logGet(44)) - raft.rpc.type = GRPC (default)
2021-09-01 14:11:18,585 [Listener at 127.0.0.1/44153] INFO  grpc.GrpcFactory (GrpcFactory.java:checkPooledByteBufAllocatorUseCacheForAllThreads(48)) - PERFORMANCE WARNING: useCacheForAllThreads is true that may cause Netty to create a lot garbage objects and, as a result, trigger GC.
	It is recommended to disable useCacheForAllThreads by setting -Dorg.apache.ratis.thirdparty.io.netty.allocator.useCacheForAllThreads=false in command line.
2021-09-01 14:11:18,585 [Listener at 127.0.0.1/44153] INFO  grpc.GrpcConfigKeys (ConfUtils.java:logGet(44)) - raft.grpc.admin.port = 0 (custom)
2021-09-01 14:11:18,585 [Listener at 127.0.0.1/44153] INFO  grpc.GrpcConfigKeys (ConfUtils.java:logGet(44)) - raft.grpc.client.port = 0 (custom)
2021-09-01 14:11:18,586 [Listener at 127.0.0.1/44153] INFO  grpc.GrpcConfigKeys (ConfUtils.java:logGet(44)) - raft.grpc.server.port = 0 (default)
2021-09-01 14:11:18,586 [Listener at 127.0.0.1/44153] INFO  server.GrpcService (ConfUtils.java:logGet(44)) - raft.grpc.message.size.max = 32MB (=33554432) (custom)
2021-09-01 14:11:18,586 [Listener at 127.0.0.1/44153] INFO  server.RaftServerConfigKeys (ConfUtils.java:logGet(44)) - raft.server.log.appender.buffer.byte-limit = 33554432 (custom)
2021-09-01 14:11:18,586 [Listener at 127.0.0.1/44153] INFO  server.GrpcService (ConfUtils.java:logGet(44)) - raft.grpc.flow.control.window = 5MB (=5242880) (custom)
2021-09-01 14:11:18,586 [Listener at 127.0.0.1/44153] INFO  server.RaftServerConfigKeys (ConfUtils.java:logGet(44)) - raft.server.rpc.request.timeout = 60s (custom)
2021-09-01 14:11:18,587 [Listener at 127.0.0.1/44153] INFO  impl.DataStreamServerImpl (ConfUtils.java:logGet(44)) - raft.datastream.type = DISABLED (default)
2021-09-01 14:11:18,587 [Listener at 127.0.0.1/44153] INFO  server.RaftServerConfigKeys (ConfUtils.java:logGet(44)) - raft.server.rpc.slowness.timeout = 300s (custom)
2021-09-01 14:11:18,587 [Listener at 127.0.0.1/44153] INFO  server.RaftServerConfigKeys (ConfUtils.java:logGet(44)) - raft.server.leaderelection.leader.step-down.wait-time = 10s (default)
2021-09-01 14:11:18,587 [Listener at 127.0.0.1/44153] INFO  server.RaftServerConfigKeys (ConfUtils.java:logGet(44)) - raft.server.storage.dir = [/home/runner/work/ozone/ozone/hadoop-ozone/integration-test/target/test-dir/MiniOzoneClusterImpl-ade41b4a-42d1-4ce8-adde-039c2ad4b32e/datanode-0/data/ratis] (custom)
2021-09-01 14:11:18,590 [Listener at 127.0.0.1/44153] INFO  http.BaseHttpServer (BaseHttpServer.java:newHttpServer2BuilderForOzone(209)) - Starting Web-server for hddsDatanode at: http://0.0.0.0:0
2021-09-01 14:11:18,590 [Listener at 127.0.0.1/44153] INFO  http.BaseHttpServer (BaseHttpServer.java:<init>(107)) - Hadoop Security Enabled: false Ozone Security Enabled: false Ozone HTTP Security Enabled: false 
2021-09-01 14:11:18,591 [Listener at 127.0.0.1/44153] INFO  server.AuthenticationFilter (AuthenticationFilter.java:constructSecretProvider(240)) - Unable to initialize FileSignerSecretProvider, falling back to use random secrets.
2021-09-01 14:11:18,594 [Listener at 127.0.0.1/44153] WARN  http.HttpRequestLog (HttpRequestLog.java:getRequestLog(103)) - Jetty request log can only be enabled using Log4j
2021-09-01 14:11:18,594 [Listener at 127.0.0.1/44153] INFO  http.HttpServer2 (HttpServer2.java:addGlobalFilter(1030)) - Added global filter 'safety' (class=org.apache.hadoop.hdds.server.http.HttpServer2$QuotingInputFilter)
2021-09-01 14:11:18,595 [Listener at 127.0.0.1/44153] INFO  http.HttpServer2 (HttpServer2.java:addFilter(1006)) - Added filter static_user_filter (class=org.apache.hadoop.http.lib.StaticUserWebFilter$StaticUserFilter) to context hddsDatanode
2021-09-01 14:11:18,595 [Listener at 127.0.0.1/44153] INFO  http.HttpServer2 (HttpServer2.java:addFilter(1014)) - Added filter static_user_filter (class=org.apache.hadoop.http.lib.StaticUserWebFilter$StaticUserFilter) to context logs
2021-09-01 14:11:18,595 [Listener at 127.0.0.1/44153] INFO  http.HttpServer2 (HttpServer2.java:addFilter(1014)) - Added filter static_user_filter (class=org.apache.hadoop.http.lib.StaticUserWebFilter$StaticUserFilter) to context static
2021-09-01 14:11:18,595 [Listener at 127.0.0.1/44153] INFO  http.HttpServer2 (HttpServer2.java:bindListener(1249)) - Jetty bound to port 44419
2021-09-01 14:11:18,596 [Listener at 127.0.0.1/44153] INFO  server.Server (Server.java:doStart(375)) - jetty-9.4.43.v20210629; built: 2021-06-30T11:07:22.254Z; git: 526006ecfa3af7f1a27ef3a288e2bef7ea9dd7e8; jvm 1.8.0_292-b10
2021-09-01 14:11:18,619 [Listener at 127.0.0.1/44153] INFO  server.session (DefaultSessionIdManager.java:doStart(334)) - DefaultSessionIdManager workerName=node0
2021-09-01 14:11:18,619 [Listener at 127.0.0.1/44153] INFO  server.session (DefaultSessionIdManager.java:doStart(339)) - No SessionScavenger set, using defaults
2021-09-01 14:11:18,619 [Listener at 127.0.0.1/44153] INFO  server.session (HouseKeeper.java:startScavenging(132)) - node0 Scavenging every 600000ms
2021-09-01 14:11:18,624 [Listener at 127.0.0.1/44153] INFO  handler.ContextHandler (ContextHandler.java:doStart(915)) - Started o.e.j.s.ServletContextHandler@15415d98{logs,/logs,file:///home/runner/work/ozone/ozone/hadoop-ozone/integration-test/target/log,AVAILABLE}
2021-09-01 14:11:18,625 [Listener at 127.0.0.1/44153] INFO  handler.ContextHandler (ContextHandler.java:doStart(915)) - Started o.e.j.s.ServletContextHandler@335c9b47{static,/static,jar:file:/home/runner/.m2/repository/org/apache/ozone/hdds-container-service/1.2.0-SNAPSHOT/hdds-container-service-1.2.0-SNAPSHOT.jar!/webapps/static,AVAILABLE}
2021-09-01 14:11:18,659 [ReplicationMonitor] INFO  container.ReplicationManager (ReplicationManager.java:processAll(359)) - Replication Monitor Thread took 0 milliseconds for processing 0 containers.
2021-09-01 14:11:18,701 [Listener at 127.0.0.1/44153] INFO  handler.ContextHandler (ContextHandler.java:doStart(915)) - Started o.e.j.w.WebAppContext@a7e21ac{hddsDatanode,/,file:///tmp/jetty-0_0_0_0-44419-hdds-container-service-1_2_0-SNAPSHOT_jar-_-any-406607542950796956/webapp/,AVAILABLE}{jar:file:/home/runner/.m2/repository/org/apache/ozone/hdds-container-service/1.2.0-SNAPSHOT/hdds-container-service-1.2.0-SNAPSHOT.jar!/webapps/hddsDatanode}
2021-09-01 14:11:18,709 [Listener at 127.0.0.1/44153] INFO  server.AbstractConnector (AbstractConnector.java:doStart(331)) - Started ServerConnector@3385a55d{HTTP/1.1, (http/1.1)}{0.0.0.0:44419}
2021-09-01 14:11:18,709 [Listener at 127.0.0.1/44153] INFO  server.Server (Server.java:doStart(415)) - Started @20277ms
2021-09-01 14:11:18,709 [Listener at 127.0.0.1/44153] WARN  impl.MetricsSystemImpl (MetricsSystemImpl.java:register(279)) - Sink prometheus already exists!
2021-09-01 14:11:18,710 [Listener at 127.0.0.1/44153] INFO  http.BaseHttpServer (BaseHttpServer.java:updateConnectorAddress(329)) - HTTP server of hddsDatanode listening at http://0.0.0.0:44419
2021-09-01 14:11:18,717 [Listener at 127.0.0.1/44153] WARN  impl.MetricRegistriesImpl (MetricRegistriesImpl.java:addReporterRegistration(111)) - New reporters are added after registries were created. Some metrics will be missing from the reporter. Please add reporter before adding any new registry.
2021-09-01 14:11:18,717 [Listener at 127.0.0.1/44153] WARN  impl.MetricRegistriesImpl (MetricRegistriesImpl.java:addReporterRegistration(111)) - New reporters are added after registries were created. Some metrics will be missing from the reporter. Please add reporter before adding any new registry.
2021-09-01 14:11:18,717 [Listener at 127.0.0.1/44153] INFO  impl.MetricsSystemImpl (MetricsSystemImpl.java:init(158)) - HddsDatanode metrics system started (again)
2021-09-01 14:11:18,744 [Listener at 127.0.0.1/44153] INFO  ozone.HddsDatanodeService (HddsDatanodeService.java:start(234)) - HddsDatanodeService host:fv-az148-824.bm4ck3pvxvsene1rjriu5fhcdb.bx.internal.cloudapp.net ip:10.1.0.27
2021-09-01 14:11:18,764 [org.apache.hadoop.util.JvmPauseMonitor$Monitor@1dc571f4] INFO  util.JvmPauseMonitor (JvmPauseMonitor.java:run(188)) - Starting JVM pause monitor
2021-09-01 14:11:18,775 [Datanode State Machine Task Thread - 0] INFO  datanode.InitDatanodeState (InitDatanodeState.java:persistContainerDatanodeDetails(145)) - DatanodeDetails is persisted to /home/runner/work/ozone/ozone/hadoop-ozone/integration-test/target/test-dir/MiniOzoneClusterImpl-ade41b4a-42d1-4ce8-adde-039c2ad4b32e/datanode-0/meta/datanode.id
2021-09-01 14:11:18,778 [Listener at 127.0.0.1/44153] INFO  upgrade.AbstractLayoutVersionManager (AbstractLayoutVersionManager.java:init(70)) - Initializing Layout version manager with metadata layout = SCM_HA (version = 2), software layout = SCM_HA (version = 2)
2021-09-01 14:11:18,798 [Datanode State Machine Thread - 0] WARN  statemachine.StateContext (StateContext.java:execute(621)) - No available thread in pool for past 1 seconds.
2021-09-01 14:11:18,798 [Datanode State Machine Thread - 0] WARN  statemachine.StateContext (StateContext.java:execute(621)) - No available thread in pool for past 1 seconds.
2021-09-01 14:11:18,852 [Listener at 127.0.0.1/44153] INFO  reflections.Reflections (Reflections.java:scan(232)) - Reflections took 72 ms to scan 7 urls, producing 120 keys and 275 values 
2021-09-01 14:11:18,885 [Listener at 127.0.0.1/44153] INFO  volume.HddsVolume (HddsVolume.java:<init>(120)) - Creating HddsVolume: /home/runner/work/ozone/ozone/hadoop-ozone/integration-test/target/test-dir/MiniOzoneClusterImpl-ade41b4a-42d1-4ce8-adde-039c2ad4b32e/datanode-1/data-0/containers/hdds of storage type : DISK capacity : 9223372036854775807
2021-09-01 14:11:18,886 [Listener at 127.0.0.1/44153] INFO  volume.MutableVolumeSet (MutableVolumeSet.java:initializeVolumeSet(181)) - Added Volume : /home/runner/work/ozone/ozone/hadoop-ozone/integration-test/target/test-dir/MiniOzoneClusterImpl-ade41b4a-42d1-4ce8-adde-039c2ad4b32e/datanode-1/data-0/containers/hdds to VolumeSet
2021-09-01 14:11:18,886 [Listener at 127.0.0.1/44153] INFO  volume.ThrottledAsyncChecker (ThrottledAsyncChecker.java:schedule(141)) - Scheduling a check for /home/runner/work/ozone/ozone/hadoop-ozone/integration-test/target/test-dir/MiniOzoneClusterImpl-ade41b4a-42d1-4ce8-adde-039c2ad4b32e/datanode-1/data-0/containers/hdds
2021-09-01 14:11:18,893 [Listener at 127.0.0.1/44153] INFO  volume.StorageVolumeChecker (StorageVolumeChecker.java:checkAllVolumes(202)) - Scheduled health check for volume /home/runner/work/ozone/ozone/hadoop-ozone/integration-test/target/test-dir/MiniOzoneClusterImpl-ade41b4a-42d1-4ce8-adde-039c2ad4b32e/datanode-1/data-0/containers/hdds
2021-09-01 14:11:18,910 [Listener at 127.0.0.1/44153] INFO  volume.MutableVolumeSet (MutableVolumeSet.java:initializeVolumeSet(181)) - Added Volume : /home/runner/work/ozone/ozone/hadoop-ozone/integration-test/target/test-dir/MiniOzoneClusterImpl-ade41b4a-42d1-4ce8-adde-039c2ad4b32e/datanode-1/data/ratis to VolumeSet
2021-09-01 14:11:18,910 [Listener at 127.0.0.1/44153] INFO  volume.ThrottledAsyncChecker (ThrottledAsyncChecker.java:schedule(141)) - Scheduling a check for /home/runner/work/ozone/ozone/hadoop-ozone/integration-test/target/test-dir/MiniOzoneClusterImpl-ade41b4a-42d1-4ce8-adde-039c2ad4b32e/datanode-1/data/ratis
2021-09-01 14:11:18,915 [Listener at 127.0.0.1/44153] INFO  volume.StorageVolumeChecker (StorageVolumeChecker.java:checkAllVolumes(202)) - Scheduled health check for volume /home/runner/work/ozone/ozone/hadoop-ozone/integration-test/target/test-dir/MiniOzoneClusterImpl-ade41b4a-42d1-4ce8-adde-039c2ad4b32e/datanode-1/data/ratis
2021-09-01 14:11:18,993 [ReplicationMonitor] INFO  container.ReplicationManager (ReplicationManager.java:processAll(359)) - Replication Monitor Thread took 0 milliseconds for processing 1 containers.
2021-09-01 14:11:19,005 [Listener at 127.0.0.1/44153] INFO  ozoneimpl.ContainerReader (ContainerReader.java:<init>(98)) - Running in upgrade mode:true
2021-09-01 14:11:19,017 [Thread-449] INFO  ozoneimpl.ContainerReader (ContainerReader.java:readVolume(142)) - Start to verify containers on volume /home/runner/work/ozone/ozone/hadoop-ozone/integration-test/target/test-dir/MiniOzoneClusterImpl-ade41b4a-42d1-4ce8-adde-039c2ad4b32e/datanode-1/data-0/containers/hdds
2021-09-01 14:11:19,017 [Thread-449] INFO  ozoneimpl.ContainerReader (ContainerReader.java:readVolume(174)) - Finish verifying containers on volume /home/runner/work/ozone/ozone/hadoop-ozone/integration-test/target/test-dir/MiniOzoneClusterImpl-ade41b4a-42d1-4ce8-adde-039c2ad4b32e/datanode-1/data-0/containers/hdds
2021-09-01 14:11:19,017 [Listener at 127.0.0.1/44153] INFO  ozoneimpl.OzoneContainer (OzoneContainer.java:buildContainerSet(237)) - Build ContainerSet costs 0s
2021-09-01 14:11:19,031 [Listener at 127.0.0.1/44153] INFO  server.RaftServer (ConfUtils.java:logGet(44)) - raft.rpc.type = GRPC (default)
2021-09-01 14:11:19,035 [Listener at 127.0.0.1/44153] INFO  grpc.GrpcFactory (GrpcFactory.java:checkPooledByteBufAllocatorUseCacheForAllThreads(48)) - PERFORMANCE WARNING: useCacheForAllThreads is true that may cause Netty to create a lot garbage objects and, as a result, trigger GC.
	It is recommended to disable useCacheForAllThreads by setting -Dorg.apache.ratis.thirdparty.io.netty.allocator.useCacheForAllThreads=false in command line.
2021-09-01 14:11:19,035 [Listener at 127.0.0.1/44153] INFO  grpc.GrpcConfigKeys (ConfUtils.java:logGet(44)) - raft.grpc.admin.port = 0 (custom)
2021-09-01 14:11:19,035 [Listener at 127.0.0.1/44153] INFO  grpc.GrpcConfigKeys (ConfUtils.java:logGet(44)) - raft.grpc.client.port = 0 (custom)
2021-09-01 14:11:19,035 [Listener at 127.0.0.1/44153] INFO  grpc.GrpcConfigKeys (ConfUtils.java:logGet(44)) - raft.grpc.server.port = 0 (default)
2021-09-01 14:11:19,035 [Listener at 127.0.0.1/44153] INFO  server.GrpcService (ConfUtils.java:logGet(44)) - raft.grpc.message.size.max = 32MB (=33554432) (custom)
2021-09-01 14:11:19,036 [Listener at 127.0.0.1/44153] INFO  server.RaftServerConfigKeys (ConfUtils.java:logGet(44)) - raft.server.log.appender.buffer.byte-limit = 33554432 (custom)
2021-09-01 14:11:19,036 [Listener at 127.0.0.1/44153] INFO  server.GrpcService (ConfUtils.java:logGet(44)) - raft.grpc.flow.control.window = 5MB (=5242880) (custom)
2021-09-01 14:11:19,036 [Listener at 127.0.0.1/44153] INFO  server.RaftServerConfigKeys (ConfUtils.java:logGet(44)) - raft.server.rpc.request.timeout = 60s (custom)
2021-09-01 14:11:19,037 [Listener at 127.0.0.1/44153] INFO  impl.DataStreamServerImpl (ConfUtils.java:logGet(44)) - raft.datastream.type = DISABLED (default)
2021-09-01 14:11:19,038 [Listener at 127.0.0.1/44153] INFO  server.RaftServerConfigKeys (ConfUtils.java:logGet(44)) - raft.server.rpc.slowness.timeout = 300s (custom)
2021-09-01 14:11:19,038 [Listener at 127.0.0.1/44153] INFO  server.RaftServerConfigKeys (ConfUtils.java:logGet(44)) - raft.server.leaderelection.leader.step-down.wait-time = 10s (default)
2021-09-01 14:11:19,038 [Listener at 127.0.0.1/44153] INFO  server.RaftServerConfigKeys (ConfUtils.java:logGet(44)) - raft.server.storage.dir = [/home/runner/work/ozone/ozone/hadoop-ozone/integration-test/target/test-dir/MiniOzoneClusterImpl-ade41b4a-42d1-4ce8-adde-039c2ad4b32e/datanode-1/data/ratis] (custom)
2021-09-01 14:11:19,048 [Listener at 127.0.0.1/44153] INFO  http.BaseHttpServer (BaseHttpServer.java:newHttpServer2BuilderForOzone(209)) - Starting Web-server for hddsDatanode at: http://0.0.0.0:0
2021-09-01 14:11:19,048 [Listener at 127.0.0.1/44153] INFO  http.BaseHttpServer (BaseHttpServer.java:<init>(107)) - Hadoop Security Enabled: false Ozone Security Enabled: false Ozone HTTP Security Enabled: false 
2021-09-01 14:11:19,049 [Listener at 127.0.0.1/44153] INFO  server.AuthenticationFilter (AuthenticationFilter.java:constructSecretProvider(240)) - Unable to initialize FileSignerSecretProvider, falling back to use random secrets.
2021-09-01 14:11:19,050 [Listener at 127.0.0.1/44153] WARN  http.HttpRequestLog (HttpRequestLog.java:getRequestLog(103)) - Jetty request log can only be enabled using Log4j
2021-09-01 14:11:19,050 [Listener at 127.0.0.1/44153] INFO  http.HttpServer2 (HttpServer2.java:addGlobalFilter(1030)) - Added global filter 'safety' (class=org.apache.hadoop.hdds.server.http.HttpServer2$QuotingInputFilter)
2021-09-01 14:11:19,051 [Listener at 127.0.0.1/44153] INFO  http.HttpServer2 (HttpServer2.java:addFilter(1006)) - Added filter static_user_filter (class=org.apache.hadoop.http.lib.StaticUserWebFilter$StaticUserFilter) to context hddsDatanode
2021-09-01 14:11:19,051 [Listener at 127.0.0.1/44153] INFO  http.HttpServer2 (HttpServer2.java:addFilter(1014)) - Added filter static_user_filter (class=org.apache.hadoop.http.lib.StaticUserWebFilter$StaticUserFilter) to context static
2021-09-01 14:11:19,051 [Listener at 127.0.0.1/44153] INFO  http.HttpServer2 (HttpServer2.java:addFilter(1014)) - Added filter static_user_filter (class=org.apache.hadoop.http.lib.StaticUserWebFilter$StaticUserFilter) to context logs
2021-09-01 14:11:19,051 [Listener at 127.0.0.1/44153] INFO  http.HttpServer2 (HttpServer2.java:bindListener(1249)) - Jetty bound to port 36183
2021-09-01 14:11:19,052 [Listener at 127.0.0.1/44153] INFO  server.Server (Server.java:doStart(375)) - jetty-9.4.43.v20210629; built: 2021-06-30T11:07:22.254Z; git: 526006ecfa3af7f1a27ef3a288e2bef7ea9dd7e8; jvm 1.8.0_292-b10
2021-09-01 14:11:19,053 [Listener at 127.0.0.1/44153] INFO  server.session (DefaultSessionIdManager.java:doStart(334)) - DefaultSessionIdManager workerName=node0
2021-09-01 14:11:19,053 [Listener at 127.0.0.1/44153] INFO  server.session (DefaultSessionIdManager.java:doStart(339)) - No SessionScavenger set, using defaults
2021-09-01 14:11:19,053 [Listener at 127.0.0.1/44153] INFO  server.session (HouseKeeper.java:startScavenging(132)) - node0 Scavenging every 600000ms
2021-09-01 14:11:19,053 [Listener at 127.0.0.1/44153] INFO  handler.ContextHandler (ContextHandler.java:doStart(915)) - Started o.e.j.s.ServletContextHandler@113c49e4{logs,/logs,file:///home/runner/work/ozone/ozone/hadoop-ozone/integration-test/target/log,AVAILABLE}
2021-09-01 14:11:19,054 [Listener at 127.0.0.1/44153] INFO  handler.ContextHandler (ContextHandler.java:doStart(915)) - Started o.e.j.s.ServletContextHandler@1d023fb0{static,/static,jar:file:/home/runner/.m2/repository/org/apache/ozone/hdds-container-service/1.2.0-SNAPSHOT/hdds-container-service-1.2.0-SNAPSHOT.jar!/webapps/static,AVAILABLE}
2021-09-01 14:11:19,134 [Datanode State Machine Thread - 0] WARN  statemachine.StateContext (StateContext.java:execute(621)) - No available thread in pool for past 1 seconds.
2021-09-01 14:11:19,157 [Listener at 127.0.0.1/44153] INFO  handler.ContextHandler (ContextHandler.java:doStart(915)) - Started o.e.j.w.WebAppContext@68ef3305{hddsDatanode,/,file:///tmp/jetty-0_0_0_0-36183-hdds-container-service-1_2_0-SNAPSHOT_jar-_-any-3924785352654408448/webapp/,AVAILABLE}{jar:file:/home/runner/.m2/repository/org/apache/ozone/hdds-container-service/1.2.0-SNAPSHOT/hdds-container-service-1.2.0-SNAPSHOT.jar!/webapps/hddsDatanode}
2021-09-01 14:11:19,163 [Listener at 127.0.0.1/44153] INFO  server.AbstractConnector (AbstractConnector.java:doStart(331)) - Started ServerConnector@274c0759{HTTP/1.1, (http/1.1)}{0.0.0.0:36183}
2021-09-01 14:11:19,163 [Listener at 127.0.0.1/44153] INFO  server.Server (Server.java:doStart(415)) - Started @20731ms
2021-09-01 14:11:19,163 [Listener at 127.0.0.1/44153] WARN  impl.MetricsSystemImpl (MetricsSystemImpl.java:register(279)) - Sink prometheus already exists!
2021-09-01 14:11:19,164 [Listener at 127.0.0.1/44153] INFO  http.BaseHttpServer (BaseHttpServer.java:updateConnectorAddress(329)) - HTTP server of hddsDatanode listening at http://0.0.0.0:36183
2021-09-01 14:11:19,164 [Listener at 127.0.0.1/44153] WARN  impl.MetricRegistriesImpl (MetricRegistriesImpl.java:addReporterRegistration(111)) - New reporters are added after registries were created. Some metrics will be missing from the reporter. Please add reporter before adding any new registry.
2021-09-01 14:11:19,164 [Listener at 127.0.0.1/44153] WARN  impl.MetricRegistriesImpl (MetricRegistriesImpl.java:addReporterRegistration(111)) - New reporters are added after registries were created. Some metrics will be missing from the reporter. Please add reporter before adding any new registry.
2021-09-01 14:11:19,164 [Listener at 127.0.0.1/44153] INFO  impl.MetricsSystemImpl (MetricsSystemImpl.java:init(158)) - HddsDatanode metrics system started (again)
2021-09-01 14:11:19,194 [Listener at 127.0.0.1/44153] INFO  ozone.HddsDatanodeService (HddsDatanodeService.java:start(234)) - HddsDatanodeService host:fv-az148-824.bm4ck3pvxvsene1rjriu5fhcdb.bx.internal.cloudapp.net ip:10.1.0.27
2021-09-01 14:11:19,196 [Datanode State Machine Thread - 0] WARN  statemachine.StateContext (StateContext.java:execute(621)) - No available thread in pool for past 1 seconds.
2021-09-01 14:11:19,198 [org.apache.hadoop.util.JvmPauseMonitor$Monitor@78c2541a] INFO  util.JvmPauseMonitor (JvmPauseMonitor.java:run(188)) - Starting JVM pause monitor
2021-09-01 14:11:19,207 [Datanode State Machine Task Thread - 0] INFO  datanode.InitDatanodeState (InitDatanodeState.java:persistContainerDatanodeDetails(145)) - DatanodeDetails is persisted to /home/runner/work/ozone/ozone/hadoop-ozone/integration-test/target/test-dir/MiniOzoneClusterImpl-ade41b4a-42d1-4ce8-adde-039c2ad4b32e/datanode-1/meta/datanode.id
2021-09-01 14:11:19,201 [Datanode State Machine Thread - 0] WARN  statemachine.StateContext (StateContext.java:execute(621)) - No available thread in pool for past 1 seconds.
2021-09-01 14:11:19,231 [Listener at 127.0.0.1/44153] INFO  upgrade.AbstractLayoutVersionManager (AbstractLayoutVersionManager.java:init(70)) - Initializing Layout version manager with metadata layout = SCM_HA (version = 2), software layout = SCM_HA (version = 2)
2021-09-01 14:11:19,239 [om1@group-C5BA1605619E-FollowerState] INFO  impl.FollowerState (FollowerState.java:run(134)) - om1@group-C5BA1605619E-FollowerState: change to CANDIDATE, lastRpcElapsedTime:1008509044ns, electionTimeout:1004ms
2021-09-01 14:11:19,239 [om1@group-C5BA1605619E-FollowerState] INFO  impl.RoleInfo (RoleInfo.java:shutdownFollowerState(108)) - om1: shutdown om1@group-C5BA1605619E-FollowerState
2021-09-01 14:11:19,239 [om1@group-C5BA1605619E-FollowerState] INFO  server.RaftServer$Division (RaftServerImpl.java:setRole(285)) - om1@group-C5BA1605619E: changes role from  FOLLOWER to CANDIDATE at term 0 for changeToCandidate
2021-09-01 14:11:19,239 [om1@group-C5BA1605619E-FollowerState] INFO  server.RaftServerConfigKeys (ConfUtils.java:logGet(44)) - raft.server.leaderelection.pre-vote = false (custom)
2021-09-01 14:11:19,239 [om1@group-C5BA1605619E-FollowerState] INFO  impl.RoleInfo (RoleInfo.java:updateAndGet(130)) - om1: start om1@group-C5BA1605619E-LeaderElection10
2021-09-01 14:11:19,279 [om1@group-C5BA1605619E-LeaderElection10] INFO  impl.LeaderElection (LeaderElection.java:askForVotes(306)) - om1@group-C5BA1605619E-LeaderElection10 ELECTION round 0: submit vote requests at term 1 for -1: [om1|rpc:localhost:35489|priority:0], old=null
2021-09-01 14:11:19,280 [om1@group-C5BA1605619E-LeaderElection10] INFO  impl.LeaderElection (LeaderElection.java:askForVotes(308)) - om1@group-C5BA1605619E-LeaderElection10 ELECTION round 0: result PASSED (term=1)
2021-09-01 14:11:19,280 [om1@group-C5BA1605619E-LeaderElection10] INFO  impl.RoleInfo (RoleInfo.java:shutdownLeaderElection(121)) - om1: shutdown om1@group-C5BA1605619E-LeaderElection10
2021-09-01 14:11:19,280 [om1@group-C5BA1605619E-LeaderElection10] INFO  server.RaftServer$Division (RaftServerImpl.java:setRole(285)) - om1@group-C5BA1605619E: changes role from CANDIDATE to LEADER at term 1 for changeToLeader
2021-09-01 14:11:19,280 [om1@group-C5BA1605619E-LeaderElection10] INFO  server.RaftServer$Division (ServerState.java:setLeader(285)) - om1@group-C5BA1605619E: change Leader from null to om1 at term 1 for becomeLeader, leader elected after 1110ms
2021-09-01 14:11:19,280 [om1@group-C5BA1605619E-LeaderElection10] INFO  server.RaftServerConfigKeys (ConfUtils.java:logGet(44)) - raft.server.staging.catchup.gap = 1000 (default)
2021-09-01 14:11:19,280 [om1@group-C5BA1605619E-LeaderElection10] INFO  server.RaftServerConfigKeys (ConfUtils.java:logGet(44)) - raft.server.write.element-limit = 4096 (default)
2021-09-01 14:11:19,280 [om1@group-C5BA1605619E-LeaderElection10] INFO  server.RaftServerConfigKeys (ConfUtils.java:logGet(44)) - raft.server.write.byte-limit = 64MB (=67108864) (default)
2021-09-01 14:11:19,281 [om1@group-C5BA1605619E-LeaderElection10] INFO  server.RaftServerConfigKeys (ConfUtils.java:logGet(44)) - raft.server.watch.timeout = 10s (default)
2021-09-01 14:11:19,281 [om1@group-C5BA1605619E-LeaderElection10] INFO  server.RaftServerConfigKeys (ConfUtils.java:logGet(44)) - raft.server.watch.timeout.denomination = 1s (default)
2021-09-01 14:11:19,281 [om1@group-C5BA1605619E-LeaderElection10] INFO  server.RaftServerConfigKeys (ConfUtils.java:logGet(44)) - raft.server.watch.element-limit = 65536 (default)
2021-09-01 14:11:19,281 [om1@group-C5BA1605619E-LeaderElection10] INFO  impl.RoleInfo (RoleInfo.java:updateAndGet(130)) - om1: start om1@group-C5BA1605619E-LeaderStateImpl
2021-09-01 14:11:19,281 [om1@group-C5BA1605619E-LeaderElection10] INFO  segmented.SegmentedRaftLogWorker (SegmentedRaftLogWorker.java:startLogSegment(394)) - om1@group-C5BA1605619E-SegmentedRaftLogWorker: Starting segment from index:0
2021-09-01 14:11:19,297 [om1@group-C5BA1605619E-SegmentedRaftLogWorker] INFO  segmented.SegmentedRaftLogWorker (SegmentedRaftLogWorker.java:execute(601)) - om1@group-C5BA1605619E-SegmentedRaftLogWorker: created new log segment /home/runner/work/ozone/ozone/hadoop-ozone/integration-test/target/test-dir/MiniOzoneClusterImpl-ade41b4a-42d1-4ce8-adde-039c2ad4b32e/ozone-meta/ratis/bf265839-605b-3f16-9796-c5ba1605619e/current/log_inprogress_0
2021-09-01 14:11:19,300 [om1@group-C5BA1605619E-LeaderElection10] INFO  server.RaftServer$Division (ServerState.java:setRaftConf(387)) - om1@group-C5BA1605619E: set configuration 0: [om1|rpc:localhost:35489|admin:|client:|dataStream:|priority:0], old=null
2021-09-01 14:11:19,303 [om1@group-C5BA1605619E-StateMachineUpdater] INFO  ratis.OzoneManagerStateMachine (OzoneManagerStateMachine.java:notifyConfigurationChanged(188)) - Received Configuration change notification from Ratis. New Peer list:
[id: "om1"
address: "localhost:35489"
]
2021-09-01 14:11:19,345 [Listener at 127.0.0.1/44153] INFO  reflections.Reflections (Reflections.java:scan(232)) - Reflections took 113 ms to scan 7 urls, producing 120 keys and 275 values 
2021-09-01 14:11:19,354 [Listener at 127.0.0.1/44153] INFO  volume.HddsVolume (HddsVolume.java:<init>(120)) - Creating HddsVolume: /home/runner/work/ozone/ozone/hadoop-ozone/integration-test/target/test-dir/MiniOzoneClusterImpl-ade41b4a-42d1-4ce8-adde-039c2ad4b32e/datanode-2/data-0/containers/hdds of storage type : DISK capacity : 9223372036854775807
2021-09-01 14:11:19,358 [Listener at 127.0.0.1/44153] INFO  volume.MutableVolumeSet (MutableVolumeSet.java:initializeVolumeSet(181)) - Added Volume : /home/runner/work/ozone/ozone/hadoop-ozone/integration-test/target/test-dir/MiniOzoneClusterImpl-ade41b4a-42d1-4ce8-adde-039c2ad4b32e/datanode-2/data-0/containers/hdds to VolumeSet
2021-09-01 14:11:19,358 [Listener at 127.0.0.1/44153] INFO  volume.ThrottledAsyncChecker (ThrottledAsyncChecker.java:schedule(141)) - Scheduling a check for /home/runner/work/ozone/ozone/hadoop-ozone/integration-test/target/test-dir/MiniOzoneClusterImpl-ade41b4a-42d1-4ce8-adde-039c2ad4b32e/datanode-2/data-0/containers/hdds
2021-09-01 14:11:19,366 [Listener at 127.0.0.1/44153] INFO  volume.StorageVolumeChecker (StorageVolumeChecker.java:checkAllVolumes(202)) - Scheduled health check for volume /home/runner/work/ozone/ozone/hadoop-ozone/integration-test/target/test-dir/MiniOzoneClusterImpl-ade41b4a-42d1-4ce8-adde-039c2ad4b32e/datanode-2/data-0/containers/hdds
2021-09-01 14:11:19,404 [Datanode State Machine Thread - 0] WARN  statemachine.StateContext (StateContext.java:execute(621)) - No available thread in pool for past 1 seconds.
2021-09-01 14:11:19,418 [Datanode State Machine Thread - 0] WARN  statemachine.StateContext (StateContext.java:execute(621)) - No available thread in pool for past 1 seconds.
2021-09-01 14:11:19,475 [Listener at 127.0.0.1/44153] INFO  volume.MutableVolumeSet (MutableVolumeSet.java:initializeVolumeSet(181)) - Added Volume : /home/runner/work/ozone/ozone/hadoop-ozone/integration-test/target/test-dir/MiniOzoneClusterImpl-ade41b4a-42d1-4ce8-adde-039c2ad4b32e/datanode-2/data/ratis to VolumeSet
2021-09-01 14:11:19,486 [Listener at 127.0.0.1/44153] INFO  volume.ThrottledAsyncChecker (ThrottledAsyncChecker.java:schedule(141)) - Scheduling a check for /home/runner/work/ozone/ozone/hadoop-ozone/integration-test/target/test-dir/MiniOzoneClusterImpl-ade41b4a-42d1-4ce8-adde-039c2ad4b32e/datanode-2/data/ratis
2021-09-01 14:11:19,486 [Listener at 127.0.0.1/44153] INFO  volume.StorageVolumeChecker (StorageVolumeChecker.java:checkAllVolumes(202)) - Scheduled health check for volume /home/runner/work/ozone/ozone/hadoop-ozone/integration-test/target/test-dir/MiniOzoneClusterImpl-ade41b4a-42d1-4ce8-adde-039c2ad4b32e/datanode-2/data/ratis
2021-09-01 14:11:19,488 [Datanode State Machine Thread - 0] WARN  statemachine.StateContext (StateContext.java:execute(621)) - No available thread in pool for past 1 seconds.
2021-09-01 14:11:19,624 [Listener at 127.0.0.1/44153] INFO  ozoneimpl.ContainerReader (ContainerReader.java:<init>(98)) - Running in upgrade mode:true
2021-09-01 14:11:19,633 [Thread-483] INFO  ozoneimpl.ContainerReader (ContainerReader.java:readVolume(142)) - Start to verify containers on volume /home/runner/work/ozone/ozone/hadoop-ozone/integration-test/target/test-dir/MiniOzoneClusterImpl-ade41b4a-42d1-4ce8-adde-039c2ad4b32e/datanode-2/data-0/containers/hdds
2021-09-01 14:11:19,633 [Thread-483] INFO  ozoneimpl.ContainerReader (ContainerReader.java:readVolume(174)) - Finish verifying containers on volume /home/runner/work/ozone/ozone/hadoop-ozone/integration-test/target/test-dir/MiniOzoneClusterImpl-ade41b4a-42d1-4ce8-adde-039c2ad4b32e/datanode-2/data-0/containers/hdds
2021-09-01 14:11:19,637 [Listener at 127.0.0.1/44153] INFO  ozoneimpl.OzoneContainer (OzoneContainer.java:buildContainerSet(237)) - Build ContainerSet costs 0s
2021-09-01 14:11:19,654 [Listener at 127.0.0.1/44153] INFO  server.RaftServer (ConfUtils.java:logGet(44)) - raft.rpc.type = GRPC (default)
2021-09-01 14:11:19,654 [Listener at 127.0.0.1/44153] INFO  grpc.GrpcFactory (GrpcFactory.java:checkPooledByteBufAllocatorUseCacheForAllThreads(48)) - PERFORMANCE WARNING: useCacheForAllThreads is true that may cause Netty to create a lot garbage objects and, as a result, trigger GC.
	It is recommended to disable useCacheForAllThreads by setting -Dorg.apache.ratis.thirdparty.io.netty.allocator.useCacheForAllThreads=false in command line.
2021-09-01 14:11:19,654 [Listener at 127.0.0.1/44153] INFO  grpc.GrpcConfigKeys (ConfUtils.java:logGet(44)) - raft.grpc.admin.port = 0 (custom)
2021-09-01 14:11:19,654 [Listener at 127.0.0.1/44153] INFO  grpc.GrpcConfigKeys (ConfUtils.java:logGet(44)) - raft.grpc.client.port = 0 (custom)
2021-09-01 14:11:19,655 [Listener at 127.0.0.1/44153] INFO  grpc.GrpcConfigKeys (ConfUtils.java:logGet(44)) - raft.grpc.server.port = 0 (default)
2021-09-01 14:11:19,655 [Listener at 127.0.0.1/44153] INFO  server.GrpcService (ConfUtils.java:logGet(44)) - raft.grpc.message.size.max = 32MB (=33554432) (custom)
2021-09-01 14:11:19,655 [Listener at 127.0.0.1/44153] INFO  server.RaftServerConfigKeys (ConfUtils.java:logGet(44)) - raft.server.log.appender.buffer.byte-limit = 33554432 (custom)
2021-09-01 14:11:19,655 [Listener at 127.0.0.1/44153] INFO  server.GrpcService (ConfUtils.java:logGet(44)) - raft.grpc.flow.control.window = 5MB (=5242880) (custom)
2021-09-01 14:11:19,655 [Listener at 127.0.0.1/44153] INFO  server.RaftServerConfigKeys (ConfUtils.java:logGet(44)) - raft.server.rpc.request.timeout = 60s (custom)
2021-09-01 14:11:19,657 [Listener at 127.0.0.1/44153] INFO  impl.DataStreamServerImpl (ConfUtils.java:logGet(44)) - raft.datastream.type = DISABLED (default)
2021-09-01 14:11:19,658 [Listener at 127.0.0.1/44153] INFO  server.RaftServerConfigKeys (ConfUtils.java:logGet(44)) - raft.server.rpc.slowness.timeout = 300s (custom)
2021-09-01 14:11:19,658 [Listener at 127.0.0.1/44153] INFO  server.RaftServerConfigKeys (ConfUtils.java:logGet(44)) - raft.server.leaderelection.leader.step-down.wait-time = 10s (default)
2021-09-01 14:11:19,658 [Listener at 127.0.0.1/44153] INFO  server.RaftServerConfigKeys (ConfUtils.java:logGet(44)) - raft.server.storage.dir = [/home/runner/work/ozone/ozone/hadoop-ozone/integration-test/target/test-dir/MiniOzoneClusterImpl-ade41b4a-42d1-4ce8-adde-039c2ad4b32e/datanode-2/data/ratis] (custom)
2021-09-01 14:11:19,659 [ReplicationMonitor] INFO  container.ReplicationManager (ReplicationManager.java:processAll(359)) - Replication Monitor Thread took 0 milliseconds for processing 0 containers.
2021-09-01 14:11:19,699 [Listener at 127.0.0.1/44153] INFO  http.BaseHttpServer (BaseHttpServer.java:newHttpServer2BuilderForOzone(209)) - Starting Web-server for hddsDatanode at: http://0.0.0.0:0
2021-09-01 14:11:19,699 [Listener at 127.0.0.1/44153] INFO  http.BaseHttpServer (BaseHttpServer.java:<init>(107)) - Hadoop Security Enabled: false Ozone Security Enabled: false Ozone HTTP Security Enabled: false 
2021-09-01 14:11:19,702 [Listener at 127.0.0.1/44153] INFO  server.AuthenticationFilter (AuthenticationFilter.java:constructSecretProvider(240)) - Unable to initialize FileSignerSecretProvider, falling back to use random secrets.
2021-09-01 14:11:19,706 [Listener at 127.0.0.1/44153] WARN  http.HttpRequestLog (HttpRequestLog.java:getRequestLog(103)) - Jetty request log can only be enabled using Log4j
2021-09-01 14:11:19,708 [Listener at 127.0.0.1/44153] INFO  http.HttpServer2 (HttpServer2.java:addGlobalFilter(1030)) - Added global filter 'safety' (class=org.apache.hadoop.hdds.server.http.HttpServer2$QuotingInputFilter)
2021-09-01 14:11:19,710 [Listener at 127.0.0.1/44153] INFO  http.HttpServer2 (HttpServer2.java:addFilter(1006)) - Added filter static_user_filter (class=org.apache.hadoop.http.lib.StaticUserWebFilter$StaticUserFilter) to context hddsDatanode
2021-09-01 14:11:19,710 [Listener at 127.0.0.1/44153] INFO  http.HttpServer2 (HttpServer2.java:addFilter(1014)) - Added filter static_user_filter (class=org.apache.hadoop.http.lib.StaticUserWebFilter$StaticUserFilter) to context static
2021-09-01 14:11:19,710 [Listener at 127.0.0.1/44153] INFO  http.HttpServer2 (HttpServer2.java:addFilter(1014)) - Added filter static_user_filter (class=org.apache.hadoop.http.lib.StaticUserWebFilter$StaticUserFilter) to context logs
2021-09-01 14:11:19,711 [Listener at 127.0.0.1/44153] INFO  http.HttpServer2 (HttpServer2.java:bindListener(1249)) - Jetty bound to port 37947
2021-09-01 14:11:19,711 [Listener at 127.0.0.1/44153] INFO  server.Server (Server.java:doStart(375)) - jetty-9.4.43.v20210629; built: 2021-06-30T11:07:22.254Z; git: 526006ecfa3af7f1a27ef3a288e2bef7ea9dd7e8; jvm 1.8.0_292-b10
2021-09-01 14:11:19,718 [Listener at 127.0.0.1/44153] INFO  server.session (DefaultSessionIdManager.java:doStart(334)) - DefaultSessionIdManager workerName=node0
2021-09-01 14:11:19,719 [Listener at 127.0.0.1/44153] INFO  server.session (DefaultSessionIdManager.java:doStart(339)) - No SessionScavenger set, using defaults
2021-09-01 14:11:19,719 [Listener at 127.0.0.1/44153] INFO  server.session (HouseKeeper.java:startScavenging(132)) - node0 Scavenging every 600000ms
2021-09-01 14:11:19,719 [Listener at 127.0.0.1/44153] INFO  handler.ContextHandler (ContextHandler.java:doStart(915)) - Started o.e.j.s.ServletContextHandler@597f6753{logs,/logs,file:///home/runner/work/ozone/ozone/hadoop-ozone/integration-test/target/log,AVAILABLE}
2021-09-01 14:11:19,721 [Listener at 127.0.0.1/44153] INFO  handler.ContextHandler (ContextHandler.java:doStart(915)) - Started o.e.j.s.ServletContextHandler@b818354{static,/static,jar:file:/home/runner/.m2/repository/org/apache/ozone/hdds-container-service/1.2.0-SNAPSHOT/hdds-container-service-1.2.0-SNAPSHOT.jar!/webapps/static,AVAILABLE}
2021-09-01 14:11:19,789 [Listener at 127.0.0.1/44153] INFO  handler.ContextHandler (ContextHandler.java:doStart(915)) - Started o.e.j.w.WebAppContext@5f0bb9bb{hddsDatanode,/,file:///tmp/jetty-0_0_0_0-37947-hdds-container-service-1_2_0-SNAPSHOT_jar-_-any-8426911129594529752/webapp/,AVAILABLE}{jar:file:/home/runner/.m2/repository/org/apache/ozone/hdds-container-service/1.2.0-SNAPSHOT/hdds-container-service-1.2.0-SNAPSHOT.jar!/webapps/hddsDatanode}
2021-09-01 14:11:19,816 [Listener at 127.0.0.1/44153] INFO  server.AbstractConnector (AbstractConnector.java:doStart(331)) - Started ServerConnector@380f81b1{HTTP/1.1, (http/1.1)}{0.0.0.0:37947}
2021-09-01 14:11:19,816 [Listener at 127.0.0.1/44153] INFO  server.Server (Server.java:doStart(415)) - Started @21384ms
2021-09-01 14:11:19,816 [Listener at 127.0.0.1/44153] WARN  impl.MetricsSystemImpl (MetricsSystemImpl.java:register(279)) - Sink prometheus already exists!
2021-09-01 14:11:19,817 [Listener at 127.0.0.1/44153] INFO  http.BaseHttpServer (BaseHttpServer.java:updateConnectorAddress(329)) - HTTP server of hddsDatanode listening at http://0.0.0.0:37947
2021-09-01 14:11:19,846 [Listener at 127.0.0.1/44153] WARN  impl.MetricRegistriesImpl (MetricRegistriesImpl.java:addReporterRegistration(111)) - New reporters are added after registries were created. Some metrics will be missing from the reporter. Please add reporter before adding any new registry.
2021-09-01 14:11:19,846 [Listener at 127.0.0.1/44153] WARN  impl.MetricRegistriesImpl (MetricRegistriesImpl.java:addReporterRegistration(111)) - New reporters are added after registries were created. Some metrics will be missing from the reporter. Please add reporter before adding any new registry.
2021-09-01 14:11:19,846 [Listener at 127.0.0.1/44153] INFO  impl.MetricsSystemImpl (MetricsSystemImpl.java:init(158)) - HddsDatanode metrics system started (again)
2021-09-01 14:11:19,867 [Listener at 127.0.0.1/44153] INFO  ozone.HddsDatanodeService (HddsDatanodeService.java:start(234)) - HddsDatanodeService host:fv-az148-824.bm4ck3pvxvsene1rjriu5fhcdb.bx.internal.cloudapp.net ip:10.1.0.27
2021-09-01 14:11:19,878 [org.apache.hadoop.util.JvmPauseMonitor$Monitor@306c558f] INFO  util.JvmPauseMonitor (JvmPauseMonitor.java:run(188)) - Starting JVM pause monitor
2021-09-01 14:11:19,888 [Datanode State Machine Task Thread - 0] INFO  datanode.InitDatanodeState (InitDatanodeState.java:persistContainerDatanodeDetails(145)) - DatanodeDetails is persisted to /home/runner/work/ozone/ozone/hadoop-ozone/integration-test/target/test-dir/MiniOzoneClusterImpl-ade41b4a-42d1-4ce8-adde-039c2ad4b32e/datanode-2/meta/datanode.id
2021-09-01 14:11:19,896 [Listener at 127.0.0.1/44153] INFO  upgrade.AbstractLayoutVersionManager (AbstractLayoutVersionManager.java:init(70)) - Initializing Layout version manager with metadata layout = SCM_HA (version = 2), software layout = SCM_HA (version = 2)
2021-09-01 14:11:19,953 [Listener at 127.0.0.1/44153] INFO  reflections.Reflections (Reflections.java:scan(232)) - Reflections took 48 ms to scan 7 urls, producing 120 keys and 275 values 
2021-09-01 14:11:19,961 [Listener at 127.0.0.1/44153] INFO  volume.HddsVolume (HddsVolume.java:<init>(120)) - Creating HddsVolume: /home/runner/work/ozone/ozone/hadoop-ozone/integration-test/target/test-dir/MiniOzoneClusterImpl-ade41b4a-42d1-4ce8-adde-039c2ad4b32e/datanode-3/data-0/containers/hdds of storage type : DISK capacity : 9223372036854775807
2021-09-01 14:11:19,961 [Listener at 127.0.0.1/44153] INFO  volume.MutableVolumeSet (MutableVolumeSet.java:initializeVolumeSet(181)) - Added Volume : /home/runner/work/ozone/ozone/hadoop-ozone/integration-test/target/test-dir/MiniOzoneClusterImpl-ade41b4a-42d1-4ce8-adde-039c2ad4b32e/datanode-3/data-0/containers/hdds to VolumeSet
2021-09-01 14:11:19,961 [Listener at 127.0.0.1/44153] INFO  volume.ThrottledAsyncChecker (ThrottledAsyncChecker.java:schedule(141)) - Scheduling a check for /home/runner/work/ozone/ozone/hadoop-ozone/integration-test/target/test-dir/MiniOzoneClusterImpl-ade41b4a-42d1-4ce8-adde-039c2ad4b32e/datanode-3/data-0/containers/hdds
2021-09-01 14:11:19,962 [Listener at 127.0.0.1/44153] INFO  volume.StorageVolumeChecker (StorageVolumeChecker.java:checkAllVolumes(202)) - Scheduled health check for volume /home/runner/work/ozone/ozone/hadoop-ozone/integration-test/target/test-dir/MiniOzoneClusterImpl-ade41b4a-42d1-4ce8-adde-039c2ad4b32e/datanode-3/data-0/containers/hdds
2021-09-01 14:11:19,975 [Listener at 127.0.0.1/44153] INFO  volume.MutableVolumeSet (MutableVolumeSet.java:initializeVolumeSet(181)) - Added Volume : /home/runner/work/ozone/ozone/hadoop-ozone/integration-test/target/test-dir/MiniOzoneClusterImpl-ade41b4a-42d1-4ce8-adde-039c2ad4b32e/datanode-3/data/ratis to VolumeSet
2021-09-01 14:11:19,975 [Listener at 127.0.0.1/44153] INFO  volume.ThrottledAsyncChecker (ThrottledAsyncChecker.java:schedule(141)) - Scheduling a check for /home/runner/work/ozone/ozone/hadoop-ozone/integration-test/target/test-dir/MiniOzoneClusterImpl-ade41b4a-42d1-4ce8-adde-039c2ad4b32e/datanode-3/data/ratis
2021-09-01 14:11:19,975 [Listener at 127.0.0.1/44153] INFO  volume.StorageVolumeChecker (StorageVolumeChecker.java:checkAllVolumes(202)) - Scheduled health check for volume /home/runner/work/ozone/ozone/hadoop-ozone/integration-test/target/test-dir/MiniOzoneClusterImpl-ade41b4a-42d1-4ce8-adde-039c2ad4b32e/datanode-3/data/ratis
2021-09-01 14:11:19,987 [Listener at 127.0.0.1/44153] INFO  ozoneimpl.ContainerReader (ContainerReader.java:<init>(98)) - Running in upgrade mode:true
2021-09-01 14:11:19,989 [Thread-524] INFO  ozoneimpl.ContainerReader (ContainerReader.java:readVolume(142)) - Start to verify containers on volume /home/runner/work/ozone/ozone/hadoop-ozone/integration-test/target/test-dir/MiniOzoneClusterImpl-ade41b4a-42d1-4ce8-adde-039c2ad4b32e/datanode-3/data-0/containers/hdds
2021-09-01 14:11:19,989 [Thread-524] INFO  ozoneimpl.ContainerReader (ContainerReader.java:readVolume(174)) - Finish verifying containers on volume /home/runner/work/ozone/ozone/hadoop-ozone/integration-test/target/test-dir/MiniOzoneClusterImpl-ade41b4a-42d1-4ce8-adde-039c2ad4b32e/datanode-3/data-0/containers/hdds
2021-09-01 14:11:19,989 [Listener at 127.0.0.1/44153] INFO  ozoneimpl.OzoneContainer (OzoneContainer.java:buildContainerSet(237)) - Build ContainerSet costs 0s
2021-09-01 14:11:19,991 [Listener at 127.0.0.1/44153] INFO  server.RaftServer (ConfUtils.java:logGet(44)) - raft.rpc.type = GRPC (default)
2021-09-01 14:11:19,991 [Listener at 127.0.0.1/44153] INFO  grpc.GrpcFactory (GrpcFactory.java:checkPooledByteBufAllocatorUseCacheForAllThreads(48)) - PERFORMANCE WARNING: useCacheForAllThreads is true that may cause Netty to create a lot garbage objects and, as a result, trigger GC.
	It is recommended to disable useCacheForAllThreads by setting -Dorg.apache.ratis.thirdparty.io.netty.allocator.useCacheForAllThreads=false in command line.
2021-09-01 14:11:19,991 [Listener at 127.0.0.1/44153] INFO  grpc.GrpcConfigKeys (ConfUtils.java:logGet(44)) - raft.grpc.admin.port = 0 (custom)
2021-09-01 14:11:19,991 [Listener at 127.0.0.1/44153] INFO  grpc.GrpcConfigKeys (ConfUtils.java:logGet(44)) - raft.grpc.client.port = 0 (custom)
2021-09-01 14:11:19,992 [Listener at 127.0.0.1/44153] INFO  grpc.GrpcConfigKeys (ConfUtils.java:logGet(44)) - raft.grpc.server.port = 0 (default)
2021-09-01 14:11:19,992 [Listener at 127.0.0.1/44153] INFO  server.GrpcService (ConfUtils.java:logGet(44)) - raft.grpc.message.size.max = 32MB (=33554432) (custom)
2021-09-01 14:11:19,992 [Listener at 127.0.0.1/44153] INFO  server.RaftServerConfigKeys (ConfUtils.java:logGet(44)) - raft.server.log.appender.buffer.byte-limit = 33554432 (custom)
2021-09-01 14:11:19,992 [Listener at 127.0.0.1/44153] INFO  server.GrpcService (ConfUtils.java:logGet(44)) - raft.grpc.flow.control.window = 5MB (=5242880) (custom)
2021-09-01 14:11:19,992 [Listener at 127.0.0.1/44153] INFO  server.RaftServerConfigKeys (ConfUtils.java:logGet(44)) - raft.server.rpc.request.timeout = 60s (custom)
2021-09-01 14:11:19,993 [Listener at 127.0.0.1/44153] INFO  impl.DataStreamServerImpl (ConfUtils.java:logGet(44)) - raft.datastream.type = DISABLED (default)
2021-09-01 14:11:19,993 [Listener at 127.0.0.1/44153] INFO  server.RaftServerConfigKeys (ConfUtils.java:logGet(44)) - raft.server.rpc.slowness.timeout = 300s (custom)
2021-09-01 14:11:19,993 [Listener at 127.0.0.1/44153] INFO  server.RaftServerConfigKeys (ConfUtils.java:logGet(44)) - raft.server.leaderelection.leader.step-down.wait-time = 10s (default)
2021-09-01 14:11:19,993 [Listener at 127.0.0.1/44153] INFO  server.RaftServerConfigKeys (ConfUtils.java:logGet(44)) - raft.server.storage.dir = [/home/runner/work/ozone/ozone/hadoop-ozone/integration-test/target/test-dir/MiniOzoneClusterImpl-ade41b4a-42d1-4ce8-adde-039c2ad4b32e/datanode-3/data/ratis] (custom)
2021-09-01 14:11:19,994 [ReplicationMonitor] INFO  container.ReplicationManager (ReplicationManager.java:processAll(359)) - Replication Monitor Thread took 0 milliseconds for processing 3 containers.
2021-09-01 14:11:19,998 [Listener at 127.0.0.1/44153] INFO  http.BaseHttpServer (BaseHttpServer.java:newHttpServer2BuilderForOzone(209)) - Starting Web-server for hddsDatanode at: http://0.0.0.0:0
2021-09-01 14:11:19,998 [Listener at 127.0.0.1/44153] INFO  http.BaseHttpServer (BaseHttpServer.java:<init>(107)) - Hadoop Security Enabled: false Ozone Security Enabled: false Ozone HTTP Security Enabled: false 
2021-09-01 14:11:19,999 [Listener at 127.0.0.1/44153] INFO  server.AuthenticationFilter (AuthenticationFilter.java:constructSecretProvider(240)) - Unable to initialize FileSignerSecretProvider, falling back to use random secrets.
2021-09-01 14:11:20,001 [Listener at 127.0.0.1/44153] WARN  http.HttpRequestLog (HttpRequestLog.java:getRequestLog(103)) - Jetty request log can only be enabled using Log4j
2021-09-01 14:11:20,002 [Listener at 127.0.0.1/44153] INFO  http.HttpServer2 (HttpServer2.java:addGlobalFilter(1030)) - Added global filter 'safety' (class=org.apache.hadoop.hdds.server.http.HttpServer2$QuotingInputFilter)
2021-09-01 14:11:20,003 [Listener at 127.0.0.1/44153] INFO  http.HttpServer2 (HttpServer2.java:addFilter(1006)) - Added filter static_user_filter (class=org.apache.hadoop.http.lib.StaticUserWebFilter$StaticUserFilter) to context hddsDatanode
2021-09-01 14:11:20,003 [Listener at 127.0.0.1/44153] INFO  http.HttpServer2 (HttpServer2.java:addFilter(1014)) - Added filter static_user_filter (class=org.apache.hadoop.http.lib.StaticUserWebFilter$StaticUserFilter) to context static
2021-09-01 14:11:20,003 [Listener at 127.0.0.1/44153] INFO  http.HttpServer2 (HttpServer2.java:addFilter(1014)) - Added filter static_user_filter (class=org.apache.hadoop.http.lib.StaticUserWebFilter$StaticUserFilter) to context logs
2021-09-01 14:11:20,003 [Listener at 127.0.0.1/44153] INFO  http.HttpServer2 (HttpServer2.java:bindListener(1249)) - Jetty bound to port 45023
2021-09-01 14:11:20,003 [Listener at 127.0.0.1/44153] INFO  server.Server (Server.java:doStart(375)) - jetty-9.4.43.v20210629; built: 2021-06-30T11:07:22.254Z; git: 526006ecfa3af7f1a27ef3a288e2bef7ea9dd7e8; jvm 1.8.0_292-b10
2021-09-01 14:11:20,005 [Listener at 127.0.0.1/44153] INFO  server.session (DefaultSessionIdManager.java:doStart(334)) - DefaultSessionIdManager workerName=node0
2021-09-01 14:11:20,005 [Listener at 127.0.0.1/44153] INFO  server.session (DefaultSessionIdManager.java:doStart(339)) - No SessionScavenger set, using defaults
2021-09-01 14:11:20,005 [Listener at 127.0.0.1/44153] INFO  server.session (HouseKeeper.java:startScavenging(132)) - node0 Scavenging every 600000ms
2021-09-01 14:11:20,006 [Listener at 127.0.0.1/44153] INFO  handler.ContextHandler (ContextHandler.java:doStart(915)) - Started o.e.j.s.ServletContextHandler@6eeb39e6{logs,/logs,file:///home/runner/work/ozone/ozone/hadoop-ozone/integration-test/target/log,AVAILABLE}
2021-09-01 14:11:20,006 [Listener at 127.0.0.1/44153] INFO  handler.ContextHandler (ContextHandler.java:doStart(915)) - Started o.e.j.s.ServletContextHandler@2dacd07d{static,/static,jar:file:/home/runner/.m2/repository/org/apache/ozone/hdds-container-service/1.2.0-SNAPSHOT/hdds-container-service-1.2.0-SNAPSHOT.jar!/webapps/static,AVAILABLE}
2021-09-01 14:11:20,048 [Listener at 127.0.0.1/44153] INFO  handler.ContextHandler (ContextHandler.java:doStart(915)) - Started o.e.j.w.WebAppContext@2fbf837e{hddsDatanode,/,file:///tmp/jetty-0_0_0_0-45023-hdds-container-service-1_2_0-SNAPSHOT_jar-_-any-428631605345402602/webapp/,AVAILABLE}{jar:file:/home/runner/.m2/repository/org/apache/ozone/hdds-container-service/1.2.0-SNAPSHOT/hdds-container-service-1.2.0-SNAPSHOT.jar!/webapps/hddsDatanode}
2021-09-01 14:11:20,051 [Listener at 127.0.0.1/44153] INFO  server.AbstractConnector (AbstractConnector.java:doStart(331)) - Started ServerConnector@17728914{HTTP/1.1, (http/1.1)}{0.0.0.0:45023}
2021-09-01 14:11:20,051 [Listener at 127.0.0.1/44153] INFO  server.Server (Server.java:doStart(415)) - Started @21618ms
2021-09-01 14:11:20,051 [Listener at 127.0.0.1/44153] WARN  impl.MetricsSystemImpl (MetricsSystemImpl.java:register(279)) - Sink prometheus already exists!
2021-09-01 14:11:20,051 [Listener at 127.0.0.1/44153] INFO  http.BaseHttpServer (BaseHttpServer.java:updateConnectorAddress(329)) - HTTP server of hddsDatanode listening at http://0.0.0.0:45023
2021-09-01 14:11:20,052 [Listener at 127.0.0.1/44153] WARN  impl.MetricRegistriesImpl (MetricRegistriesImpl.java:addReporterRegistration(111)) - New reporters are added after registries were created. Some metrics will be missing from the reporter. Please add reporter before adding any new registry.
2021-09-01 14:11:20,052 [Listener at 127.0.0.1/44153] WARN  impl.MetricRegistriesImpl (MetricRegistriesImpl.java:addReporterRegistration(111)) - New reporters are added after registries were created. Some metrics will be missing from the reporter. Please add reporter before adding any new registry.
2021-09-01 14:11:20,052 [Listener at 127.0.0.1/44153] INFO  impl.MetricsSystemImpl (MetricsSystemImpl.java:init(158)) - HddsDatanode metrics system started (again)
2021-09-01 14:11:20,067 [Listener at 127.0.0.1/44153] INFO  ozone.HddsDatanodeService (HddsDatanodeService.java:start(234)) - HddsDatanodeService host:fv-az148-824.bm4ck3pvxvsene1rjriu5fhcdb.bx.internal.cloudapp.net ip:10.1.0.27
2021-09-01 14:11:20,077 [org.apache.hadoop.util.JvmPauseMonitor$Monitor@4ee5bc5a] INFO  util.JvmPauseMonitor (JvmPauseMonitor.java:run(188)) - Starting JVM pause monitor
2021-09-01 14:11:20,084 [Datanode State Machine Task Thread - 0] INFO  datanode.InitDatanodeState (InitDatanodeState.java:persistContainerDatanodeDetails(145)) - DatanodeDetails is persisted to /home/runner/work/ozone/ozone/hadoop-ozone/integration-test/target/test-dir/MiniOzoneClusterImpl-ade41b4a-42d1-4ce8-adde-039c2ad4b32e/datanode-3/meta/datanode.id
2021-09-01 14:11:20,089 [Listener at 127.0.0.1/44153] INFO  upgrade.AbstractLayoutVersionManager (AbstractLayoutVersionManager.java:init(70)) - Initializing Layout version manager with metadata layout = SCM_HA (version = 2), software layout = SCM_HA (version = 2)
2021-09-01 14:11:20,120 [Listener at 127.0.0.1/44153] INFO  reflections.Reflections (Reflections.java:scan(232)) - Reflections took 30 ms to scan 7 urls, producing 120 keys and 275 values 
2021-09-01 14:11:20,126 [Listener at 127.0.0.1/44153] INFO  volume.HddsVolume (HddsVolume.java:<init>(120)) - Creating HddsVolume: /home/runner/work/ozone/ozone/hadoop-ozone/integration-test/target/test-dir/MiniOzoneClusterImpl-ade41b4a-42d1-4ce8-adde-039c2ad4b32e/datanode-4/data-0/containers/hdds of storage type : DISK capacity : 9223372036854775807
2021-09-01 14:11:20,126 [Listener at 127.0.0.1/44153] INFO  volume.MutableVolumeSet (MutableVolumeSet.java:initializeVolumeSet(181)) - Added Volume : /home/runner/work/ozone/ozone/hadoop-ozone/integration-test/target/test-dir/MiniOzoneClusterImpl-ade41b4a-42d1-4ce8-adde-039c2ad4b32e/datanode-4/data-0/containers/hdds to VolumeSet
2021-09-01 14:11:20,126 [Listener at 127.0.0.1/44153] INFO  volume.ThrottledAsyncChecker (ThrottledAsyncChecker.java:schedule(141)) - Scheduling a check for /home/runner/work/ozone/ozone/hadoop-ozone/integration-test/target/test-dir/MiniOzoneClusterImpl-ade41b4a-42d1-4ce8-adde-039c2ad4b32e/datanode-4/data-0/containers/hdds
2021-09-01 14:11:20,126 [Listener at 127.0.0.1/44153] INFO  volume.StorageVolumeChecker (StorageVolumeChecker.java:checkAllVolumes(202)) - Scheduled health check for volume /home/runner/work/ozone/ozone/hadoop-ozone/integration-test/target/test-dir/MiniOzoneClusterImpl-ade41b4a-42d1-4ce8-adde-039c2ad4b32e/datanode-4/data-0/containers/hdds
2021-09-01 14:11:20,138 [Listener at 127.0.0.1/44153] INFO  volume.MutableVolumeSet (MutableVolumeSet.java:initializeVolumeSet(181)) - Added Volume : /home/runner/work/ozone/ozone/hadoop-ozone/integration-test/target/test-dir/MiniOzoneClusterImpl-ade41b4a-42d1-4ce8-adde-039c2ad4b32e/datanode-4/data/ratis to VolumeSet
2021-09-01 14:11:20,138 [Listener at 127.0.0.1/44153] INFO  volume.ThrottledAsyncChecker (ThrottledAsyncChecker.java:schedule(141)) - Scheduling a check for /home/runner/work/ozone/ozone/hadoop-ozone/integration-test/target/test-dir/MiniOzoneClusterImpl-ade41b4a-42d1-4ce8-adde-039c2ad4b32e/datanode-4/data/ratis
2021-09-01 14:11:20,138 [Listener at 127.0.0.1/44153] INFO  volume.StorageVolumeChecker (StorageVolumeChecker.java:checkAllVolumes(202)) - Scheduled health check for volume /home/runner/work/ozone/ozone/hadoop-ozone/integration-test/target/test-dir/MiniOzoneClusterImpl-ade41b4a-42d1-4ce8-adde-039c2ad4b32e/datanode-4/data/ratis
2021-09-01 14:11:20,150 [Listener at 127.0.0.1/44153] INFO  ozoneimpl.ContainerReader (ContainerReader.java:<init>(98)) - Running in upgrade mode:true
2021-09-01 14:11:20,151 [Thread-536] INFO  ozoneimpl.ContainerReader (ContainerReader.java:readVolume(142)) - Start to verify containers on volume /home/runner/work/ozone/ozone/hadoop-ozone/integration-test/target/test-dir/MiniOzoneClusterImpl-ade41b4a-42d1-4ce8-adde-039c2ad4b32e/datanode-4/data-0/containers/hdds
2021-09-01 14:11:20,151 [Thread-536] INFO  ozoneimpl.ContainerReader (ContainerReader.java:readVolume(174)) - Finish verifying containers on volume /home/runner/work/ozone/ozone/hadoop-ozone/integration-test/target/test-dir/MiniOzoneClusterImpl-ade41b4a-42d1-4ce8-adde-039c2ad4b32e/datanode-4/data-0/containers/hdds
2021-09-01 14:11:20,151 [Listener at 127.0.0.1/44153] INFO  ozoneimpl.OzoneContainer (OzoneContainer.java:buildContainerSet(237)) - Build ContainerSet costs 0s
2021-09-01 14:11:20,152 [Listener at 127.0.0.1/44153] INFO  server.RaftServer (ConfUtils.java:logGet(44)) - raft.rpc.type = GRPC (default)
2021-09-01 14:11:20,152 [Listener at 127.0.0.1/44153] INFO  grpc.GrpcFactory (GrpcFactory.java:checkPooledByteBufAllocatorUseCacheForAllThreads(48)) - PERFORMANCE WARNING: useCacheForAllThreads is true that may cause Netty to create a lot garbage objects and, as a result, trigger GC.
	It is recommended to disable useCacheForAllThreads by setting -Dorg.apache.ratis.thirdparty.io.netty.allocator.useCacheForAllThreads=false in command line.
2021-09-01 14:11:20,153 [Listener at 127.0.0.1/44153] INFO  grpc.GrpcConfigKeys (ConfUtils.java:logGet(44)) - raft.grpc.admin.port = 0 (custom)
2021-09-01 14:11:20,153 [Listener at 127.0.0.1/44153] INFO  grpc.GrpcConfigKeys (ConfUtils.java:logGet(44)) - raft.grpc.client.port = 0 (custom)
2021-09-01 14:11:20,153 [Listener at 127.0.0.1/44153] INFO  grpc.GrpcConfigKeys (ConfUtils.java:logGet(44)) - raft.grpc.server.port = 0 (default)
2021-09-01 14:11:20,153 [Listener at 127.0.0.1/44153] INFO  server.GrpcService (ConfUtils.java:logGet(44)) - raft.grpc.message.size.max = 32MB (=33554432) (custom)
2021-09-01 14:11:20,153 [Listener at 127.0.0.1/44153] INFO  server.RaftServerConfigKeys (ConfUtils.java:logGet(44)) - raft.server.log.appender.buffer.byte-limit = 33554432 (custom)
2021-09-01 14:11:20,153 [Listener at 127.0.0.1/44153] INFO  server.GrpcService (ConfUtils.java:logGet(44)) - raft.grpc.flow.control.window = 5MB (=5242880) (custom)
2021-09-01 14:11:20,153 [Listener at 127.0.0.1/44153] INFO  server.RaftServerConfigKeys (ConfUtils.java:logGet(44)) - raft.server.rpc.request.timeout = 60s (custom)
2021-09-01 14:11:20,154 [Listener at 127.0.0.1/44153] INFO  impl.DataStreamServerImpl (ConfUtils.java:logGet(44)) - raft.datastream.type = DISABLED (default)
2021-09-01 14:11:20,154 [Listener at 127.0.0.1/44153] INFO  server.RaftServerConfigKeys (ConfUtils.java:logGet(44)) - raft.server.rpc.slowness.timeout = 300s (custom)
2021-09-01 14:11:20,154 [Listener at 127.0.0.1/44153] INFO  server.RaftServerConfigKeys (ConfUtils.java:logGet(44)) - raft.server.leaderelection.leader.step-down.wait-time = 10s (default)
2021-09-01 14:11:20,154 [Listener at 127.0.0.1/44153] INFO  server.RaftServerConfigKeys (ConfUtils.java:logGet(44)) - raft.server.storage.dir = [/home/runner/work/ozone/ozone/hadoop-ozone/integration-test/target/test-dir/MiniOzoneClusterImpl-ade41b4a-42d1-4ce8-adde-039c2ad4b32e/datanode-4/data/ratis] (custom)
2021-09-01 14:11:20,157 [Listener at 127.0.0.1/44153] INFO  http.BaseHttpServer (BaseHttpServer.java:newHttpServer2BuilderForOzone(209)) - Starting Web-server for hddsDatanode at: http://0.0.0.0:0
2021-09-01 14:11:20,157 [Listener at 127.0.0.1/44153] INFO  http.BaseHttpServer (BaseHttpServer.java:<init>(107)) - Hadoop Security Enabled: false Ozone Security Enabled: false Ozone HTTP Security Enabled: false 
2021-09-01 14:11:20,158 [Listener at 127.0.0.1/44153] INFO  server.AuthenticationFilter (AuthenticationFilter.java:constructSecretProvider(240)) - Unable to initialize FileSignerSecretProvider, falling back to use random secrets.
2021-09-01 14:11:20,158 [Listener at 127.0.0.1/44153] WARN  http.HttpRequestLog (HttpRequestLog.java:getRequestLog(103)) - Jetty request log can only be enabled using Log4j
2021-09-01 14:11:20,159 [Listener at 127.0.0.1/44153] INFO  http.HttpServer2 (HttpServer2.java:addGlobalFilter(1030)) - Added global filter 'safety' (class=org.apache.hadoop.hdds.server.http.HttpServer2$QuotingInputFilter)
2021-09-01 14:11:20,159 [Listener at 127.0.0.1/44153] INFO  http.HttpServer2 (HttpServer2.java:addFilter(1006)) - Added filter static_user_filter (class=org.apache.hadoop.http.lib.StaticUserWebFilter$StaticUserFilter) to context hddsDatanode
2021-09-01 14:11:20,159 [Listener at 127.0.0.1/44153] INFO  http.HttpServer2 (HttpServer2.java:addFilter(1014)) - Added filter static_user_filter (class=org.apache.hadoop.http.lib.StaticUserWebFilter$StaticUserFilter) to context static
2021-09-01 14:11:20,159 [Listener at 127.0.0.1/44153] INFO  http.HttpServer2 (HttpServer2.java:addFilter(1014)) - Added filter static_user_filter (class=org.apache.hadoop.http.lib.StaticUserWebFilter$StaticUserFilter) to context logs
2021-09-01 14:11:20,160 [Listener at 127.0.0.1/44153] INFO  http.HttpServer2 (HttpServer2.java:bindListener(1249)) - Jetty bound to port 43391
2021-09-01 14:11:20,160 [Listener at 127.0.0.1/44153] INFO  server.Server (Server.java:doStart(375)) - jetty-9.4.43.v20210629; built: 2021-06-30T11:07:22.254Z; git: 526006ecfa3af7f1a27ef3a288e2bef7ea9dd7e8; jvm 1.8.0_292-b10
2021-09-01 14:11:20,161 [Listener at 127.0.0.1/44153] INFO  server.session (DefaultSessionIdManager.java:doStart(334)) - DefaultSessionIdManager workerName=node0
2021-09-01 14:11:20,161 [Listener at 127.0.0.1/44153] INFO  server.session (DefaultSessionIdManager.java:doStart(339)) - No SessionScavenger set, using defaults
2021-09-01 14:11:20,161 [Listener at 127.0.0.1/44153] INFO  server.session (HouseKeeper.java:startScavenging(132)) - node0 Scavenging every 600000ms
2021-09-01 14:11:20,162 [Listener at 127.0.0.1/44153] INFO  handler.ContextHandler (ContextHandler.java:doStart(915)) - Started o.e.j.s.ServletContextHandler@6e38cb4b{logs,/logs,file:///home/runner/work/ozone/ozone/hadoop-ozone/integration-test/target/log,AVAILABLE}
2021-09-01 14:11:20,162 [Listener at 127.0.0.1/44153] INFO  handler.ContextHandler (ContextHandler.java:doStart(915)) - Started o.e.j.s.ServletContextHandler@39b0ac32{static,/static,jar:file:/home/runner/.m2/repository/org/apache/ozone/hdds-container-service/1.2.0-SNAPSHOT/hdds-container-service-1.2.0-SNAPSHOT.jar!/webapps/static,AVAILABLE}
2021-09-01 14:11:20,199 [Listener at 127.0.0.1/44153] INFO  handler.ContextHandler (ContextHandler.java:doStart(915)) - Started o.e.j.w.WebAppContext@3ac5e7bc{hddsDatanode,/,file:///tmp/jetty-0_0_0_0-43391-hdds-container-service-1_2_0-SNAPSHOT_jar-_-any-1601340064943299530/webapp/,AVAILABLE}{jar:file:/home/runner/.m2/repository/org/apache/ozone/hdds-container-service/1.2.0-SNAPSHOT/hdds-container-service-1.2.0-SNAPSHOT.jar!/webapps/hddsDatanode}
2021-09-01 14:11:20,201 [Listener at 127.0.0.1/44153] INFO  server.AbstractConnector (AbstractConnector.java:doStart(331)) - Started ServerConnector@604ec0f{HTTP/1.1, (http/1.1)}{0.0.0.0:43391}
2021-09-01 14:11:20,201 [Listener at 127.0.0.1/44153] INFO  server.Server (Server.java:doStart(415)) - Started @21769ms
2021-09-01 14:11:20,201 [Listener at 127.0.0.1/44153] WARN  impl.MetricsSystemImpl (MetricsSystemImpl.java:register(279)) - Sink prometheus already exists!
2021-09-01 14:11:20,202 [Listener at 127.0.0.1/44153] INFO  http.BaseHttpServer (BaseHttpServer.java:updateConnectorAddress(329)) - HTTP server of hddsDatanode listening at http://0.0.0.0:43391
2021-09-01 14:11:20,202 [Listener at 127.0.0.1/44153] WARN  impl.MetricRegistriesImpl (MetricRegistriesImpl.java:addReporterRegistration(111)) - New reporters are added after registries were created. Some metrics will be missing from the reporter. Please add reporter before adding any new registry.
2021-09-01 14:11:20,202 [Listener at 127.0.0.1/44153] WARN  impl.MetricRegistriesImpl (MetricRegistriesImpl.java:addReporterRegistration(111)) - New reporters are added after registries were created. Some metrics will be missing from the reporter. Please add reporter before adding any new registry.
2021-09-01 14:11:20,202 [Listener at 127.0.0.1/44153] INFO  impl.MetricsSystemImpl (MetricsSystemImpl.java:init(158)) - HddsDatanode metrics system started (again)
2021-09-01 14:11:20,229 [Listener at 127.0.0.1/44153] INFO  ozone.HddsDatanodeService (HddsDatanodeService.java:start(234)) - HddsDatanodeService host:fv-az148-824.bm4ck3pvxvsene1rjriu5fhcdb.bx.internal.cloudapp.net ip:10.1.0.27
2021-09-01 14:11:20,239 [org.apache.hadoop.util.JvmPauseMonitor$Monitor@d842431] INFO  util.JvmPauseMonitor (JvmPauseMonitor.java:run(188)) - Starting JVM pause monitor
2021-09-01 14:11:20,243 [Datanode State Machine Task Thread - 0] INFO  datanode.InitDatanodeState (InitDatanodeState.java:persistContainerDatanodeDetails(145)) - DatanodeDetails is persisted to /home/runner/work/ozone/ozone/hadoop-ozone/integration-test/target/test-dir/MiniOzoneClusterImpl-ade41b4a-42d1-4ce8-adde-039c2ad4b32e/datanode-4/meta/datanode.id
2021-09-01 14:11:20,251 [Listener at 127.0.0.1/44153] INFO  upgrade.AbstractLayoutVersionManager (AbstractLayoutVersionManager.java:init(70)) - Initializing Layout version manager with metadata layout = SCM_HA (version = 2), software layout = SCM_HA (version = 2)
2021-09-01 14:11:20,284 [Listener at 127.0.0.1/44153] INFO  reflections.Reflections (Reflections.java:scan(232)) - Reflections took 32 ms to scan 7 urls, producing 120 keys and 275 values 
2021-09-01 14:11:20,296 [Listener at 127.0.0.1/44153] INFO  volume.HddsVolume (HddsVolume.java:<init>(120)) - Creating HddsVolume: /home/runner/work/ozone/ozone/hadoop-ozone/integration-test/target/test-dir/MiniOzoneClusterImpl-ade41b4a-42d1-4ce8-adde-039c2ad4b32e/datanode-5/data-0/containers/hdds of storage type : DISK capacity : 9223372036854775807
2021-09-01 14:11:20,296 [Listener at 127.0.0.1/44153] INFO  volume.MutableVolumeSet (MutableVolumeSet.java:initializeVolumeSet(181)) - Added Volume : /home/runner/work/ozone/ozone/hadoop-ozone/integration-test/target/test-dir/MiniOzoneClusterImpl-ade41b4a-42d1-4ce8-adde-039c2ad4b32e/datanode-5/data-0/containers/hdds to VolumeSet
2021-09-01 14:11:20,296 [Listener at 127.0.0.1/44153] INFO  volume.ThrottledAsyncChecker (ThrottledAsyncChecker.java:schedule(141)) - Scheduling a check for /home/runner/work/ozone/ozone/hadoop-ozone/integration-test/target/test-dir/MiniOzoneClusterImpl-ade41b4a-42d1-4ce8-adde-039c2ad4b32e/datanode-5/data-0/containers/hdds
2021-09-01 14:11:20,303 [Listener at 127.0.0.1/44153] INFO  volume.StorageVolumeChecker (StorageVolumeChecker.java:checkAllVolumes(202)) - Scheduled health check for volume /home/runner/work/ozone/ozone/hadoop-ozone/integration-test/target/test-dir/MiniOzoneClusterImpl-ade41b4a-42d1-4ce8-adde-039c2ad4b32e/datanode-5/data-0/containers/hdds
2021-09-01 14:11:20,328 [Listener at 127.0.0.1/44153] INFO  volume.MutableVolumeSet (MutableVolumeSet.java:initializeVolumeSet(181)) - Added Volume : /home/runner/work/ozone/ozone/hadoop-ozone/integration-test/target/test-dir/MiniOzoneClusterImpl-ade41b4a-42d1-4ce8-adde-039c2ad4b32e/datanode-5/data/ratis to VolumeSet
2021-09-01 14:11:20,328 [Listener at 127.0.0.1/44153] INFO  volume.ThrottledAsyncChecker (ThrottledAsyncChecker.java:schedule(141)) - Scheduling a check for /home/runner/work/ozone/ozone/hadoop-ozone/integration-test/target/test-dir/MiniOzoneClusterImpl-ade41b4a-42d1-4ce8-adde-039c2ad4b32e/datanode-5/data/ratis
2021-09-01 14:11:20,336 [Listener at 127.0.0.1/44153] INFO  volume.StorageVolumeChecker (StorageVolumeChecker.java:checkAllVolumes(202)) - Scheduled health check for volume /home/runner/work/ozone/ozone/hadoop-ozone/integration-test/target/test-dir/MiniOzoneClusterImpl-ade41b4a-42d1-4ce8-adde-039c2ad4b32e/datanode-5/data/ratis
2021-09-01 14:11:20,347 [Listener at 127.0.0.1/44153] INFO  ozoneimpl.ContainerReader (ContainerReader.java:<init>(98)) - Running in upgrade mode:true
2021-09-01 14:11:20,347 [Thread-548] INFO  ozoneimpl.ContainerReader (ContainerReader.java:readVolume(142)) - Start to verify containers on volume /home/runner/work/ozone/ozone/hadoop-ozone/integration-test/target/test-dir/MiniOzoneClusterImpl-ade41b4a-42d1-4ce8-adde-039c2ad4b32e/datanode-5/data-0/containers/hdds
2021-09-01 14:11:20,347 [Thread-548] INFO  ozoneimpl.ContainerReader (ContainerReader.java:readVolume(174)) - Finish verifying containers on volume /home/runner/work/ozone/ozone/hadoop-ozone/integration-test/target/test-dir/MiniOzoneClusterImpl-ade41b4a-42d1-4ce8-adde-039c2ad4b32e/datanode-5/data-0/containers/hdds
2021-09-01 14:11:20,347 [Listener at 127.0.0.1/44153] INFO  ozoneimpl.OzoneContainer (OzoneContainer.java:buildContainerSet(237)) - Build ContainerSet costs 0s
2021-09-01 14:11:20,349 [Listener at 127.0.0.1/44153] INFO  server.RaftServer (ConfUtils.java:logGet(44)) - raft.rpc.type = GRPC (default)
2021-09-01 14:11:20,349 [Listener at 127.0.0.1/44153] INFO  grpc.GrpcFactory (GrpcFactory.java:checkPooledByteBufAllocatorUseCacheForAllThreads(48)) - PERFORMANCE WARNING: useCacheForAllThreads is true that may cause Netty to create a lot garbage objects and, as a result, trigger GC.
	It is recommended to disable useCacheForAllThreads by setting -Dorg.apache.ratis.thirdparty.io.netty.allocator.useCacheForAllThreads=false in command line.
2021-09-01 14:11:20,349 [Listener at 127.0.0.1/44153] INFO  grpc.GrpcConfigKeys (ConfUtils.java:logGet(44)) - raft.grpc.admin.port = 0 (custom)
2021-09-01 14:11:20,349 [Listener at 127.0.0.1/44153] INFO  grpc.GrpcConfigKeys (ConfUtils.java:logGet(44)) - raft.grpc.client.port = 0 (custom)
2021-09-01 14:11:20,349 [Listener at 127.0.0.1/44153] INFO  grpc.GrpcConfigKeys (ConfUtils.java:logGet(44)) - raft.grpc.server.port = 0 (default)
2021-09-01 14:11:20,349 [Listener at 127.0.0.1/44153] INFO  server.GrpcService (ConfUtils.java:logGet(44)) - raft.grpc.message.size.max = 32MB (=33554432) (custom)
2021-09-01 14:11:20,349 [Listener at 127.0.0.1/44153] INFO  server.RaftServerConfigKeys (ConfUtils.java:logGet(44)) - raft.server.log.appender.buffer.byte-limit = 33554432 (custom)
2021-09-01 14:11:20,349 [Listener at 127.0.0.1/44153] INFO  server.GrpcService (ConfUtils.java:logGet(44)) - raft.grpc.flow.control.window = 5MB (=5242880) (custom)
2021-09-01 14:11:20,349 [Listener at 127.0.0.1/44153] INFO  server.RaftServerConfigKeys (ConfUtils.java:logGet(44)) - raft.server.rpc.request.timeout = 60s (custom)
2021-09-01 14:11:20,350 [Listener at 127.0.0.1/44153] INFO  impl.DataStreamServerImpl (ConfUtils.java:logGet(44)) - raft.datastream.type = DISABLED (default)
2021-09-01 14:11:20,350 [Listener at 127.0.0.1/44153] INFO  server.RaftServerConfigKeys (ConfUtils.java:logGet(44)) - raft.server.rpc.slowness.timeout = 300s (custom)
2021-09-01 14:11:20,350 [Listener at 127.0.0.1/44153] INFO  server.RaftServerConfigKeys (ConfUtils.java:logGet(44)) - raft.server.leaderelection.leader.step-down.wait-time = 10s (default)
2021-09-01 14:11:20,350 [Listener at 127.0.0.1/44153] INFO  server.RaftServerConfigKeys (ConfUtils.java:logGet(44)) - raft.server.storage.dir = [/home/runner/work/ozone/ozone/hadoop-ozone/integration-test/target/test-dir/MiniOzoneClusterImpl-ade41b4a-42d1-4ce8-adde-039c2ad4b32e/datanode-5/data/ratis] (custom)
2021-09-01 14:11:20,356 [Listener at 127.0.0.1/44153] INFO  http.BaseHttpServer (BaseHttpServer.java:newHttpServer2BuilderForOzone(209)) - Starting Web-server for hddsDatanode at: http://0.0.0.0:0
2021-09-01 14:11:20,356 [Listener at 127.0.0.1/44153] INFO  http.BaseHttpServer (BaseHttpServer.java:<init>(107)) - Hadoop Security Enabled: false Ozone Security Enabled: false Ozone HTTP Security Enabled: false 
2021-09-01 14:11:20,358 [Listener at 127.0.0.1/44153] INFO  server.AuthenticationFilter (AuthenticationFilter.java:constructSecretProvider(240)) - Unable to initialize FileSignerSecretProvider, falling back to use random secrets.
2021-09-01 14:11:20,359 [Listener at 127.0.0.1/44153] WARN  http.HttpRequestLog (HttpRequestLog.java:getRequestLog(103)) - Jetty request log can only be enabled using Log4j
2021-09-01 14:11:20,359 [Listener at 127.0.0.1/44153] INFO  http.HttpServer2 (HttpServer2.java:addGlobalFilter(1030)) - Added global filter 'safety' (class=org.apache.hadoop.hdds.server.http.HttpServer2$QuotingInputFilter)
2021-09-01 14:11:20,360 [Listener at 127.0.0.1/44153] INFO  http.HttpServer2 (HttpServer2.java:addFilter(1006)) - Added filter static_user_filter (class=org.apache.hadoop.http.lib.StaticUserWebFilter$StaticUserFilter) to context hddsDatanode
2021-09-01 14:11:20,360 [Listener at 127.0.0.1/44153] INFO  http.HttpServer2 (HttpServer2.java:addFilter(1014)) - Added filter static_user_filter (class=org.apache.hadoop.http.lib.StaticUserWebFilter$StaticUserFilter) to context logs
2021-09-01 14:11:20,360 [Listener at 127.0.0.1/44153] INFO  http.HttpServer2 (HttpServer2.java:addFilter(1014)) - Added filter static_user_filter (class=org.apache.hadoop.http.lib.StaticUserWebFilter$StaticUserFilter) to context static
2021-09-01 14:11:20,362 [Listener at 127.0.0.1/44153] INFO  http.HttpServer2 (HttpServer2.java:bindListener(1249)) - Jetty bound to port 43717
2021-09-01 14:11:20,362 [Listener at 127.0.0.1/44153] INFO  server.Server (Server.java:doStart(375)) - jetty-9.4.43.v20210629; built: 2021-06-30T11:07:22.254Z; git: 526006ecfa3af7f1a27ef3a288e2bef7ea9dd7e8; jvm 1.8.0_292-b10
2021-09-01 14:11:20,363 [Listener at 127.0.0.1/44153] INFO  server.session (DefaultSessionIdManager.java:doStart(334)) - DefaultSessionIdManager workerName=node0
2021-09-01 14:11:20,363 [Listener at 127.0.0.1/44153] INFO  server.session (DefaultSessionIdManager.java:doStart(339)) - No SessionScavenger set, using defaults
2021-09-01 14:11:20,363 [Listener at 127.0.0.1/44153] INFO  server.session (HouseKeeper.java:startScavenging(132)) - node0 Scavenging every 600000ms
2021-09-01 14:11:20,364 [Listener at 127.0.0.1/44153] INFO  handler.ContextHandler (ContextHandler.java:doStart(915)) - Started o.e.j.s.ServletContextHandler@698ba93d{logs,/logs,file:///home/runner/work/ozone/ozone/hadoop-ozone/integration-test/target/log,AVAILABLE}
2021-09-01 14:11:20,364 [Listener at 127.0.0.1/44153] INFO  handler.ContextHandler (ContextHandler.java:doStart(915)) - Started o.e.j.s.ServletContextHandler@c92c5b8{static,/static,jar:file:/home/runner/.m2/repository/org/apache/ozone/hdds-container-service/1.2.0-SNAPSHOT/hdds-container-service-1.2.0-SNAPSHOT.jar!/webapps/static,AVAILABLE}
2021-09-01 14:11:20,404 [Listener at 127.0.0.1/44153] INFO  handler.ContextHandler (ContextHandler.java:doStart(915)) - Started o.e.j.w.WebAppContext@47db1efc{hddsDatanode,/,file:///tmp/jetty-0_0_0_0-43717-hdds-container-service-1_2_0-SNAPSHOT_jar-_-any-2748538371497399410/webapp/,AVAILABLE}{jar:file:/home/runner/.m2/repository/org/apache/ozone/hdds-container-service/1.2.0-SNAPSHOT/hdds-container-service-1.2.0-SNAPSHOT.jar!/webapps/hddsDatanode}
2021-09-01 14:11:20,406 [Listener at 127.0.0.1/44153] INFO  server.AbstractConnector (AbstractConnector.java:doStart(331)) - Started ServerConnector@ef6b451{HTTP/1.1, (http/1.1)}{0.0.0.0:43717}
2021-09-01 14:11:20,412 [Listener at 127.0.0.1/44153] INFO  server.Server (Server.java:doStart(415)) - Started @21973ms
2021-09-01 14:11:20,412 [Listener at 127.0.0.1/44153] WARN  impl.MetricsSystemImpl (MetricsSystemImpl.java:register(279)) - Sink prometheus already exists!
2021-09-01 14:11:20,413 [Listener at 127.0.0.1/44153] INFO  http.BaseHttpServer (BaseHttpServer.java:updateConnectorAddress(329)) - HTTP server of hddsDatanode listening at http://0.0.0.0:43717
2021-09-01 14:11:20,414 [Listener at 127.0.0.1/44153] INFO  ozone.MiniOzoneClusterImpl (MiniOzoneClusterImpl.java:lambda$waitForClusterToBeReady$0(235)) - Waiting for nodes to be ready. Got 0 of 6 DN Heartbeats.
2021-09-01 14:11:20,414 [Listener at 127.0.0.1/44153] INFO  ozone.MiniOzoneClusterImpl (MiniOzoneClusterImpl.java:lambda$waitForClusterToBeReady$0(238)) - Waiting for cluster to exit safe mode
2021-09-01 14:11:20,414 [Listener at 127.0.0.1/44153] INFO  ozone.MiniOzoneClusterImpl (MiniOzoneClusterImpl.java:lambda$waitForClusterToBeReady$0(240)) - SCM became leader
2021-09-01 14:11:20,429 [org.apache.hadoop.util.JvmPauseMonitor$Monitor@12fddd93] INFO  util.JvmPauseMonitor (JvmPauseMonitor.java:run(188)) - Starting JVM pause monitor
2021-09-01 14:11:20,430 [Datanode State Machine Task Thread - 0] INFO  datanode.InitDatanodeState (InitDatanodeState.java:persistContainerDatanodeDetails(145)) - DatanodeDetails is persisted to /home/runner/work/ozone/ozone/hadoop-ozone/integration-test/target/test-dir/MiniOzoneClusterImpl-ade41b4a-42d1-4ce8-adde-039c2ad4b32e/datanode-5/meta/datanode.id
2021-09-01 14:11:20,660 [ReplicationMonitor] INFO  container.ReplicationManager (ReplicationManager.java:processAll(359)) - Replication Monitor Thread took 0 milliseconds for processing 0 containers.
2021-09-01 14:11:20,772 [EndpointStateMachine task thread for /0.0.0.0:44509 - 0 ] INFO  ozoneimpl.OzoneContainer (OzoneContainer.java:start(305)) - Attempting to start container services.
2021-09-01 14:11:20,772 [EndpointStateMachine task thread for /0.0.0.0:44509 - 0 ] INFO  ozoneimpl.OzoneContainer (OzoneContainer.java:startContainerScrub(250)) - Background container scanner has been disabled.
2021-09-01 14:11:20,778 [EndpointStateMachine task thread for /0.0.0.0:44509 - 0 ] INFO  replication.ReplicationServer (ReplicationServer.java:start(107)) - ReplicationServer is started using port 42373
2021-09-01 14:11:20,779 [EndpointStateMachine task thread for /0.0.0.0:44509 - 0 ] INFO  ratis.XceiverServerRatis (XceiverServerRatis.java:start(482)) - Starting XceiverServerRatis f523353f-23f0-4ce1-8f0d-52852ad44ff4
2021-09-01 14:11:20,782 [EndpointStateMachine task thread for /0.0.0.0:44509 - 0 ] INFO  server.RaftServer (RaftServerProxy.java:lambda$start$5(374)) - f523353f-23f0-4ce1-8f0d-52852ad44ff4: start RPC server
2021-09-01 14:11:20,785 [EndpointStateMachine task thread for /0.0.0.0:44509 - 0 ] INFO  server.GrpcService (GrpcService.java:startImpl(253)) - f523353f-23f0-4ce1-8f0d-52852ad44ff4: GrpcService started, listening on 39485
2021-09-01 14:11:20,787 [EndpointStateMachine task thread for /0.0.0.0:44509 - 0 ] INFO  ratis.XceiverServerRatis (XceiverServerRatis.java:getRealPort(503)) - XceiverServerRatis f523353f-23f0-4ce1-8f0d-52852ad44ff4 is started using port 39485 for RATIS
2021-09-01 14:11:20,787 [EndpointStateMachine task thread for /0.0.0.0:44509 - 0 ] INFO  ratis.XceiverServerRatis (XceiverServerRatis.java:getRealPort(503)) - XceiverServerRatis f523353f-23f0-4ce1-8f0d-52852ad44ff4 is started using port 39485 for RATIS_ADMIN
2021-09-01 14:11:20,787 [EndpointStateMachine task thread for /0.0.0.0:44509 - 0 ] INFO  ratis.XceiverServerRatis (XceiverServerRatis.java:getRealPort(503)) - XceiverServerRatis f523353f-23f0-4ce1-8f0d-52852ad44ff4 is started using port 39485 for RATIS_SERVER
2021-09-01 14:11:20,788 [EndpointStateMachine task thread for /0.0.0.0:44509 - 0 ] INFO  server.XceiverServerGrpc (XceiverServerGrpc.java:start(135)) - XceiverServerGrpc f523353f-23f0-4ce1-8f0d-52852ad44ff4 is started using port 33713
2021-09-01 14:11:20,794 [org.apache.ratis.util.JvmPauseMonitor$$Lambda$534/1206384791@16db831f] INFO  util.JvmPauseMonitor (JvmPauseMonitor.java:run(103)) - JvmPauseMonitor-f523353f-23f0-4ce1-8f0d-52852ad44ff4: Started
2021-09-01 14:11:20,996 [ReplicationMonitor] INFO  container.ReplicationManager (ReplicationManager.java:processAll(359)) - Replication Monitor Thread took 2 milliseconds for processing 3 containers.
2021-09-01 14:11:21,198 [EndpointStateMachine task thread for /0.0.0.0:44509 - 0 ] INFO  ozoneimpl.OzoneContainer (OzoneContainer.java:start(305)) - Attempting to start container services.
2021-09-01 14:11:21,199 [EndpointStateMachine task thread for /0.0.0.0:44509 - 0 ] INFO  ozoneimpl.OzoneContainer (OzoneContainer.java:startContainerScrub(250)) - Background container scanner has been disabled.
2021-09-01 14:11:21,199 [EndpointStateMachine task thread for /0.0.0.0:44509 - 0 ] INFO  replication.ReplicationServer (ReplicationServer.java:start(107)) - ReplicationServer is started using port 40399
2021-09-01 14:11:21,201 [EndpointStateMachine task thread for /0.0.0.0:44509 - 0 ] INFO  ratis.XceiverServerRatis (XceiverServerRatis.java:start(482)) - Starting XceiverServerRatis 0f964acd-6a98-4f1f-80e6-2232414a7fb4
2021-09-01 14:11:21,206 [EndpointStateMachine task thread for /0.0.0.0:44509 - 0 ] INFO  server.RaftServer (RaftServerProxy.java:lambda$start$5(374)) - 0f964acd-6a98-4f1f-80e6-2232414a7fb4: start RPC server
2021-09-01 14:11:21,207 [EndpointStateMachine task thread for /0.0.0.0:44509 - 0 ] INFO  server.GrpcService (GrpcService.java:startImpl(253)) - 0f964acd-6a98-4f1f-80e6-2232414a7fb4: GrpcService started, listening on 39297
2021-09-01 14:11:21,207 [EndpointStateMachine task thread for /0.0.0.0:44509 - 0 ] INFO  ratis.XceiverServerRatis (XceiverServerRatis.java:getRealPort(503)) - XceiverServerRatis 0f964acd-6a98-4f1f-80e6-2232414a7fb4 is started using port 39297 for RATIS
2021-09-01 14:11:21,207 [EndpointStateMachine task thread for /0.0.0.0:44509 - 0 ] INFO  ratis.XceiverServerRatis (XceiverServerRatis.java:getRealPort(503)) - XceiverServerRatis 0f964acd-6a98-4f1f-80e6-2232414a7fb4 is started using port 39297 for RATIS_ADMIN
2021-09-01 14:11:21,207 [EndpointStateMachine task thread for /0.0.0.0:44509 - 0 ] INFO  ratis.XceiverServerRatis (XceiverServerRatis.java:getRealPort(503)) - XceiverServerRatis 0f964acd-6a98-4f1f-80e6-2232414a7fb4 is started using port 39297 for RATIS_SERVER
2021-09-01 14:11:21,207 [org.apache.ratis.util.JvmPauseMonitor$$Lambda$534/1206384791@326a00a4] INFO  util.JvmPauseMonitor (JvmPauseMonitor.java:run(103)) - JvmPauseMonitor-0f964acd-6a98-4f1f-80e6-2232414a7fb4: Started
2021-09-01 14:11:21,207 [EndpointStateMachine task thread for /0.0.0.0:44509 - 0 ] INFO  server.XceiverServerGrpc (XceiverServerGrpc.java:start(135)) - XceiverServerGrpc 0f964acd-6a98-4f1f-80e6-2232414a7fb4 is started using port 34667
2021-09-01 14:11:21,414 [Listener at 127.0.0.1/44153] INFO  ozone.MiniOzoneClusterImpl (MiniOzoneClusterImpl.java:lambda$waitForClusterToBeReady$0(235)) - Waiting for nodes to be ready. Got 0 of 6 DN Heartbeats.
2021-09-01 14:11:21,414 [Listener at 127.0.0.1/44153] INFO  ozone.MiniOzoneClusterImpl (MiniOzoneClusterImpl.java:lambda$waitForClusterToBeReady$0(238)) - Waiting for cluster to exit safe mode
2021-09-01 14:11:21,414 [Listener at 127.0.0.1/44153] INFO  ozone.MiniOzoneClusterImpl (MiniOzoneClusterImpl.java:lambda$waitForClusterToBeReady$0(240)) - SCM became leader
2021-09-01 14:11:21,540 [5a414dd0-042d-4554-a0be-5f06df5d5cdb@group-4F5C23251FD2-FollowerState] INFO  impl.FollowerState (FollowerState.java:run(134)) - 5a414dd0-042d-4554-a0be-5f06df5d5cdb@group-4F5C23251FD2-FollowerState: change to CANDIDATE, lastRpcElapsedTime:5085357954ns, electionTimeout:5085ms
2021-09-01 14:11:21,540 [5a414dd0-042d-4554-a0be-5f06df5d5cdb@group-4F5C23251FD2-FollowerState] INFO  impl.RoleInfo (RoleInfo.java:shutdownFollowerState(108)) - 5a414dd0-042d-4554-a0be-5f06df5d5cdb: shutdown 5a414dd0-042d-4554-a0be-5f06df5d5cdb@group-4F5C23251FD2-FollowerState
2021-09-01 14:11:21,540 [5a414dd0-042d-4554-a0be-5f06df5d5cdb@group-4F5C23251FD2-FollowerState] INFO  server.RaftServer$Division (RaftServerImpl.java:setRole(285)) - 5a414dd0-042d-4554-a0be-5f06df5d5cdb@group-4F5C23251FD2: changes role from  FOLLOWER to CANDIDATE at term 1 for changeToCandidate
2021-09-01 14:11:21,540 [5a414dd0-042d-4554-a0be-5f06df5d5cdb@group-4F5C23251FD2-FollowerState] INFO  server.RaftServerConfigKeys (ConfUtils.java:logGet(44)) - raft.server.leaderelection.pre-vote = false (custom)
2021-09-01 14:11:21,540 [5a414dd0-042d-4554-a0be-5f06df5d5cdb@group-4F5C23251FD2-FollowerState] INFO  impl.RoleInfo (RoleInfo.java:updateAndGet(130)) - 5a414dd0-042d-4554-a0be-5f06df5d5cdb: start 5a414dd0-042d-4554-a0be-5f06df5d5cdb@group-4F5C23251FD2-LeaderElection11
2021-09-01 14:11:21,550 [5a414dd0-042d-4554-a0be-5f06df5d5cdb@group-4F5C23251FD2-LeaderElection11] INFO  impl.LeaderElection (LeaderElection.java:askForVotes(306)) - 5a414dd0-042d-4554-a0be-5f06df5d5cdb@group-4F5C23251FD2-LeaderElection11 ELECTION round 0: submit vote requests at term 2 for -1: [5a414dd0-042d-4554-a0be-5f06df5d5cdb|rpc:10.1.0.27:40947|priority:0, 5c6bb450-033d-4b31-9de4-d545ca09f4a5|rpc:10.1.0.27:34561|priority:0, 1f216d10-6a5d-4e67-b983-ab62dd80285a|rpc:10.1.0.27:36441|priority:1], old=null
2021-09-01 14:11:21,568 [grpc-default-executor-2] INFO  server.RaftServer$Division (RaftServerImpl.java:requestVote(1043)) - 5c6bb450-033d-4b31-9de4-d545ca09f4a5@group-4F5C23251FD2: receive requestVote(ELECTION, 5a414dd0-042d-4554-a0be-5f06df5d5cdb, group-4F5C23251FD2, 2, (t:0, i:0))
2021-09-01 14:11:21,568 [grpc-default-executor-2] INFO  impl.VoteContext (VoteContext.java:log(48)) - 5c6bb450-033d-4b31-9de4-d545ca09f4a5@group-4F5C23251FD2-FOLLOWER: accept ELECTION from 5a414dd0-042d-4554-a0be-5f06df5d5cdb: our priority 0 <= candidate's priority 0
2021-09-01 14:11:21,568 [grpc-default-executor-2] INFO  server.RaftServer$Division (RaftServerImpl.java:setRole(285)) - 5c6bb450-033d-4b31-9de4-d545ca09f4a5@group-4F5C23251FD2: changes role from  FOLLOWER to FOLLOWER at term 2 for candidate:5a414dd0-042d-4554-a0be-5f06df5d5cdb
2021-09-01 14:11:21,568 [grpc-default-executor-2] INFO  impl.RoleInfo (RoleInfo.java:shutdownFollowerState(108)) - 5c6bb450-033d-4b31-9de4-d545ca09f4a5: shutdown 5c6bb450-033d-4b31-9de4-d545ca09f4a5@group-4F5C23251FD2-FollowerState
2021-09-01 14:11:21,568 [grpc-default-executor-2] INFO  impl.RoleInfo (RoleInfo.java:updateAndGet(130)) - 5c6bb450-033d-4b31-9de4-d545ca09f4a5: start 5c6bb450-033d-4b31-9de4-d545ca09f4a5@group-4F5C23251FD2-FollowerState
2021-09-01 14:11:21,569 [5c6bb450-033d-4b31-9de4-d545ca09f4a5@group-4F5C23251FD2-FollowerState] INFO  impl.FollowerState (FollowerState.java:run(143)) - 5c6bb450-033d-4b31-9de4-d545ca09f4a5@group-4F5C23251FD2-FollowerState was interrupted: {}
java.lang.InterruptedException: sleep interrupted
	at java.lang.Thread.sleep(Native Method)
	at java.lang.Thread.sleep(Thread.java:340)
	at java.util.concurrent.TimeUnit.sleep(TimeUnit.java:386)
	at org.apache.ratis.util.TimeDuration.sleep(TimeDuration.java:324)
	at org.apache.ratis.util.TimeDuration.sleep(TimeDuration.java:309)
	at org.apache.ratis.server.impl.FollowerState.run(FollowerState.java:118)
2021-09-01 14:11:21,585 [grpc-default-executor-0] INFO  server.RaftServer$Division (RaftServerImpl.java:requestVote(1043)) - 1f216d10-6a5d-4e67-b983-ab62dd80285a@group-4F5C23251FD2: receive requestVote(ELECTION, 5a414dd0-042d-4554-a0be-5f06df5d5cdb, group-4F5C23251FD2, 2, (t:0, i:0))
2021-09-01 14:11:21,586 [grpc-default-executor-0] INFO  impl.VoteContext (VoteContext.java:log(48)) - 1f216d10-6a5d-4e67-b983-ab62dd80285a@group-4F5C23251FD2-FOLLOWER: reject ELECTION from 5a414dd0-042d-4554-a0be-5f06df5d5cdb: our priority 1 > candidate's priority 0
2021-09-01 14:11:21,586 [grpc-default-executor-0] INFO  server.RaftServer$Division (RaftServerImpl.java:setRole(285)) - 1f216d10-6a5d-4e67-b983-ab62dd80285a@group-4F5C23251FD2: changes role from  FOLLOWER to FOLLOWER at term 2 for candidate:5a414dd0-042d-4554-a0be-5f06df5d5cdb
2021-09-01 14:11:21,586 [grpc-default-executor-0] INFO  impl.RoleInfo (RoleInfo.java:shutdownFollowerState(108)) - 1f216d10-6a5d-4e67-b983-ab62dd80285a: shutdown 1f216d10-6a5d-4e67-b983-ab62dd80285a@group-4F5C23251FD2-FollowerState
2021-09-01 14:11:21,586 [grpc-default-executor-0] INFO  impl.RoleInfo (RoleInfo.java:updateAndGet(130)) - 1f216d10-6a5d-4e67-b983-ab62dd80285a: start 1f216d10-6a5d-4e67-b983-ab62dd80285a@group-4F5C23251FD2-FollowerState
2021-09-01 14:11:21,587 [1f216d10-6a5d-4e67-b983-ab62dd80285a@group-4F5C23251FD2-FollowerState] INFO  impl.FollowerState (FollowerState.java:run(143)) - 1f216d10-6a5d-4e67-b983-ab62dd80285a@group-4F5C23251FD2-FollowerState was interrupted: {}
java.lang.InterruptedException: sleep interrupted
	at java.lang.Thread.sleep(Native Method)
	at java.lang.Thread.sleep(Thread.java:340)
	at java.util.concurrent.TimeUnit.sleep(TimeUnit.java:386)
	at org.apache.ratis.util.TimeDuration.sleep(TimeDuration.java:324)
	at org.apache.ratis.util.TimeDuration.sleep(TimeDuration.java:309)
	at org.apache.ratis.server.impl.FollowerState.run(FollowerState.java:118)
2021-09-01 14:11:21,588 [grpc-default-executor-2] INFO  server.RaftServer$Division (RaftServerImpl.java:requestVote(1075)) - 5c6bb450-033d-4b31-9de4-d545ca09f4a5@group-4F5C23251FD2 replies to ELECTION vote request: 5a414dd0-042d-4554-a0be-5f06df5d5cdb<-5c6bb450-033d-4b31-9de4-d545ca09f4a5#0:OK-t2. Peer's state: 5c6bb450-033d-4b31-9de4-d545ca09f4a5@group-4F5C23251FD2:t2, leader=null, voted=5a414dd0-042d-4554-a0be-5f06df5d5cdb, raftlog=5c6bb450-033d-4b31-9de4-d545ca09f4a5@group-4F5C23251FD2-SegmentedRaftLog:OPENED:c-1,f-1,i0, conf=-1: [5a414dd0-042d-4554-a0be-5f06df5d5cdb|rpc:10.1.0.27:40947|priority:0, 5c6bb450-033d-4b31-9de4-d545ca09f4a5|rpc:10.1.0.27:34561|priority:0, 1f216d10-6a5d-4e67-b983-ab62dd80285a|rpc:10.1.0.27:36441|priority:1], old=null
2021-09-01 14:11:21,589 [grpc-default-executor-0] INFO  server.RaftServer$Division (RaftServerImpl.java:requestVote(1075)) - 1f216d10-6a5d-4e67-b983-ab62dd80285a@group-4F5C23251FD2 replies to ELECTION vote request: 5a414dd0-042d-4554-a0be-5f06df5d5cdb<-1f216d10-6a5d-4e67-b983-ab62dd80285a#0:FAIL-t2. Peer's state: 1f216d10-6a5d-4e67-b983-ab62dd80285a@group-4F5C23251FD2:t2, leader=null, voted=null, raftlog=1f216d10-6a5d-4e67-b983-ab62dd80285a@group-4F5C23251FD2-SegmentedRaftLog:OPENED:c-1,f-1,i0, conf=-1: [5a414dd0-042d-4554-a0be-5f06df5d5cdb|rpc:10.1.0.27:40947|dataStream:|priority:0, 5c6bb450-033d-4b31-9de4-d545ca09f4a5|rpc:10.1.0.27:34561|dataStream:|priority:0, 1f216d10-6a5d-4e67-b983-ab62dd80285a|rpc:10.1.0.27:36441|dataStream:|priority:1], old=null
2021-09-01 14:11:21,590 [5a414dd0-042d-4554-a0be-5f06df5d5cdb@group-4F5C23251FD2-LeaderElection11] INFO  impl.LeaderElection (LeaderElection.java:logAndReturn(89)) - 5a414dd0-042d-4554-a0be-5f06df5d5cdb@group-4F5C23251FD2-LeaderElection11: ELECTION REJECTED received 2 response(s) and 0 exception(s):
2021-09-01 14:11:21,592 [5a414dd0-042d-4554-a0be-5f06df5d5cdb@group-4F5C23251FD2-LeaderElection11] INFO  impl.LeaderElection (LeaderElection.java:logAndReturn(93)) -   Response 0: 5a414dd0-042d-4554-a0be-5f06df5d5cdb<-5c6bb450-033d-4b31-9de4-d545ca09f4a5#0:OK-t2
2021-09-01 14:11:21,592 [5a414dd0-042d-4554-a0be-5f06df5d5cdb@group-4F5C23251FD2-LeaderElection11] INFO  impl.LeaderElection (LeaderElection.java:logAndReturn(93)) -   Response 1: 5a414dd0-042d-4554-a0be-5f06df5d5cdb<-1f216d10-6a5d-4e67-b983-ab62dd80285a#0:FAIL-t2
2021-09-01 14:11:21,592 [5a414dd0-042d-4554-a0be-5f06df5d5cdb@group-4F5C23251FD2-LeaderElection11] INFO  impl.LeaderElection (LeaderElection.java:askForVotes(308)) - 5a414dd0-042d-4554-a0be-5f06df5d5cdb@group-4F5C23251FD2-LeaderElection11 ELECTION round 0: result REJECTED
2021-09-01 14:11:21,592 [5a414dd0-042d-4554-a0be-5f06df5d5cdb@group-4F5C23251FD2-LeaderElection11] INFO  server.RaftServer$Division (RaftServerImpl.java:setRole(285)) - 5a414dd0-042d-4554-a0be-5f06df5d5cdb@group-4F5C23251FD2: changes role from CANDIDATE to FOLLOWER at term 2 for REJECTED
2021-09-01 14:11:21,592 [5a414dd0-042d-4554-a0be-5f06df5d5cdb@group-4F5C23251FD2-LeaderElection11] INFO  impl.RoleInfo (RoleInfo.java:shutdownLeaderElection(121)) - 5a414dd0-042d-4554-a0be-5f06df5d5cdb: shutdown 5a414dd0-042d-4554-a0be-5f06df5d5cdb@group-4F5C23251FD2-LeaderElection11
2021-09-01 14:11:21,592 [5a414dd0-042d-4554-a0be-5f06df5d5cdb@group-4F5C23251FD2-LeaderElection11] INFO  impl.RoleInfo (RoleInfo.java:updateAndGet(130)) - 5a414dd0-042d-4554-a0be-5f06df5d5cdb: start 5a414dd0-042d-4554-a0be-5f06df5d5cdb@group-4F5C23251FD2-FollowerState
2021-09-01 14:11:21,660 [ReplicationMonitor] INFO  container.ReplicationManager (ReplicationManager.java:processAll(359)) - Replication Monitor Thread took 0 milliseconds for processing 0 containers.
2021-09-01 14:11:21,883 [EndpointStateMachine task thread for /0.0.0.0:44509 - 0 ] INFO  ozoneimpl.OzoneContainer (OzoneContainer.java:start(305)) - Attempting to start container services.
2021-09-01 14:11:21,883 [EndpointStateMachine task thread for /0.0.0.0:44509 - 0 ] INFO  ozoneimpl.OzoneContainer (OzoneContainer.java:startContainerScrub(250)) - Background container scanner has been disabled.
2021-09-01 14:11:21,884 [EndpointStateMachine task thread for /0.0.0.0:44509 - 0 ] INFO  replication.ReplicationServer (ReplicationServer.java:start(107)) - ReplicationServer is started using port 33213
2021-09-01 14:11:21,885 [EndpointStateMachine task thread for /0.0.0.0:44509 - 0 ] INFO  ratis.XceiverServerRatis (XceiverServerRatis.java:start(482)) - Starting XceiverServerRatis c4d6a0cb-d450-4943-aeb6-b38ae00f646d
2021-09-01 14:11:21,889 [EndpointStateMachine task thread for /0.0.0.0:44509 - 0 ] INFO  server.RaftServer (RaftServerProxy.java:lambda$start$5(374)) - c4d6a0cb-d450-4943-aeb6-b38ae00f646d: start RPC server
2021-09-01 14:11:21,890 [EndpointStateMachine task thread for /0.0.0.0:44509 - 0 ] INFO  server.GrpcService (GrpcService.java:startImpl(253)) - c4d6a0cb-d450-4943-aeb6-b38ae00f646d: GrpcService started, listening on 33205
2021-09-01 14:11:21,890 [EndpointStateMachine task thread for /0.0.0.0:44509 - 0 ] INFO  ratis.XceiverServerRatis (XceiverServerRatis.java:getRealPort(503)) - XceiverServerRatis c4d6a0cb-d450-4943-aeb6-b38ae00f646d is started using port 33205 for RATIS
2021-09-01 14:11:21,890 [EndpointStateMachine task thread for /0.0.0.0:44509 - 0 ] INFO  ratis.XceiverServerRatis (XceiverServerRatis.java:getRealPort(503)) - XceiverServerRatis c4d6a0cb-d450-4943-aeb6-b38ae00f646d is started using port 33205 for RATIS_ADMIN
2021-09-01 14:11:21,890 [EndpointStateMachine task thread for /0.0.0.0:44509 - 0 ] INFO  ratis.XceiverServerRatis (XceiverServerRatis.java:getRealPort(503)) - XceiverServerRatis c4d6a0cb-d450-4943-aeb6-b38ae00f646d is started using port 33205 for RATIS_SERVER
2021-09-01 14:11:21,891 [EndpointStateMachine task thread for /0.0.0.0:44509 - 0 ] INFO  server.XceiverServerGrpc (XceiverServerGrpc.java:start(135)) - XceiverServerGrpc c4d6a0cb-d450-4943-aeb6-b38ae00f646d is started using port 40753
2021-09-01 14:11:21,891 [org.apache.ratis.util.JvmPauseMonitor$$Lambda$534/1206384791@44aa9007] INFO  util.JvmPauseMonitor (JvmPauseMonitor.java:run(103)) - JvmPauseMonitor-c4d6a0cb-d450-4943-aeb6-b38ae00f646d: Started
2021-09-01 14:11:21,997 [ReplicationMonitor] INFO  container.ReplicationManager (ReplicationManager.java:processAll(359)) - Replication Monitor Thread took 0 milliseconds for processing 3 containers.
2021-09-01 14:11:22,082 [EndpointStateMachine task thread for /0.0.0.0:44509 - 0 ] INFO  ozoneimpl.OzoneContainer (OzoneContainer.java:start(305)) - Attempting to start container services.
2021-09-01 14:11:22,082 [EndpointStateMachine task thread for /0.0.0.0:44509 - 0 ] INFO  ozoneimpl.OzoneContainer (OzoneContainer.java:startContainerScrub(250)) - Background container scanner has been disabled.
2021-09-01 14:11:22,083 [EndpointStateMachine task thread for /0.0.0.0:44509 - 0 ] INFO  replication.ReplicationServer (ReplicationServer.java:start(107)) - ReplicationServer is started using port 37121
2021-09-01 14:11:22,084 [EndpointStateMachine task thread for /0.0.0.0:44509 - 0 ] INFO  ratis.XceiverServerRatis (XceiverServerRatis.java:start(482)) - Starting XceiverServerRatis 44d9a463-e606-45f4-b26f-9a0dec6122aa
2021-09-01 14:11:22,086 [EndpointStateMachine task thread for /0.0.0.0:44509 - 0 ] INFO  server.RaftServer (RaftServerProxy.java:lambda$start$5(374)) - 44d9a463-e606-45f4-b26f-9a0dec6122aa: start RPC server
2021-09-01 14:11:22,088 [EndpointStateMachine task thread for /0.0.0.0:44509 - 0 ] INFO  server.GrpcService (GrpcService.java:startImpl(253)) - 44d9a463-e606-45f4-b26f-9a0dec6122aa: GrpcService started, listening on 36785
2021-09-01 14:11:22,088 [EndpointStateMachine task thread for /0.0.0.0:44509 - 0 ] INFO  ratis.XceiverServerRatis (XceiverServerRatis.java:getRealPort(503)) - XceiverServerRatis 44d9a463-e606-45f4-b26f-9a0dec6122aa is started using port 36785 for RATIS
2021-09-01 14:11:22,088 [org.apache.ratis.util.JvmPauseMonitor$$Lambda$534/1206384791@2b1354cf] INFO  util.JvmPauseMonitor (JvmPauseMonitor.java:run(103)) - JvmPauseMonitor-44d9a463-e606-45f4-b26f-9a0dec6122aa: Started
2021-09-01 14:11:22,088 [EndpointStateMachine task thread for /0.0.0.0:44509 - 0 ] INFO  ratis.XceiverServerRatis (XceiverServerRatis.java:getRealPort(503)) - XceiverServerRatis 44d9a463-e606-45f4-b26f-9a0dec6122aa is started using port 36785 for RATIS_ADMIN
2021-09-01 14:11:22,088 [EndpointStateMachine task thread for /0.0.0.0:44509 - 0 ] INFO  ratis.XceiverServerRatis (XceiverServerRatis.java:getRealPort(503)) - XceiverServerRatis 44d9a463-e606-45f4-b26f-9a0dec6122aa is started using port 36785 for RATIS_SERVER
2021-09-01 14:11:22,088 [EndpointStateMachine task thread for /0.0.0.0:44509 - 0 ] INFO  server.XceiverServerGrpc (XceiverServerGrpc.java:start(135)) - XceiverServerGrpc 44d9a463-e606-45f4-b26f-9a0dec6122aa is started using port 35251
2021-09-01 14:11:22,242 [EndpointStateMachine task thread for /0.0.0.0:44509 - 0 ] INFO  ozoneimpl.OzoneContainer (OzoneContainer.java:start(305)) - Attempting to start container services.
2021-09-01 14:11:22,242 [EndpointStateMachine task thread for /0.0.0.0:44509 - 0 ] INFO  ozoneimpl.OzoneContainer (OzoneContainer.java:startContainerScrub(250)) - Background container scanner has been disabled.
2021-09-01 14:11:22,243 [EndpointStateMachine task thread for /0.0.0.0:44509 - 0 ] INFO  replication.ReplicationServer (ReplicationServer.java:start(107)) - ReplicationServer is started using port 39187
2021-09-01 14:11:22,244 [EndpointStateMachine task thread for /0.0.0.0:44509 - 0 ] INFO  ratis.XceiverServerRatis (XceiverServerRatis.java:start(482)) - Starting XceiverServerRatis 5b3e2d2c-648b-402a-a457-d38acf1cc2f9
2021-09-01 14:11:22,250 [EndpointStateMachine task thread for /0.0.0.0:44509 - 0 ] INFO  server.RaftServer (RaftServerProxy.java:lambda$start$5(374)) - 5b3e2d2c-648b-402a-a457-d38acf1cc2f9: start RPC server
2021-09-01 14:11:22,251 [EndpointStateMachine task thread for /0.0.0.0:44509 - 0 ] INFO  server.GrpcService (GrpcService.java:startImpl(253)) - 5b3e2d2c-648b-402a-a457-d38acf1cc2f9: GrpcService started, listening on 42361
2021-09-01 14:11:22,251 [EndpointStateMachine task thread for /0.0.0.0:44509 - 0 ] INFO  ratis.XceiverServerRatis (XceiverServerRatis.java:getRealPort(503)) - XceiverServerRatis 5b3e2d2c-648b-402a-a457-d38acf1cc2f9 is started using port 42361 for RATIS
2021-09-01 14:11:22,251 [EndpointStateMachine task thread for /0.0.0.0:44509 - 0 ] INFO  ratis.XceiverServerRatis (XceiverServerRatis.java:getRealPort(503)) - XceiverServerRatis 5b3e2d2c-648b-402a-a457-d38acf1cc2f9 is started using port 42361 for RATIS_ADMIN
2021-09-01 14:11:22,251 [org.apache.ratis.util.JvmPauseMonitor$$Lambda$534/1206384791@388dea06] INFO  util.JvmPauseMonitor (JvmPauseMonitor.java:run(103)) - JvmPauseMonitor-5b3e2d2c-648b-402a-a457-d38acf1cc2f9: Started
2021-09-01 14:11:22,251 [EndpointStateMachine task thread for /0.0.0.0:44509 - 0 ] INFO  ratis.XceiverServerRatis (XceiverServerRatis.java:getRealPort(503)) - XceiverServerRatis 5b3e2d2c-648b-402a-a457-d38acf1cc2f9 is started using port 42361 for RATIS_SERVER
2021-09-01 14:11:22,252 [EndpointStateMachine task thread for /0.0.0.0:44509 - 0 ] INFO  server.XceiverServerGrpc (XceiverServerGrpc.java:start(135)) - XceiverServerGrpc 5b3e2d2c-648b-402a-a457-d38acf1cc2f9 is started using port 45533
2021-09-01 14:11:22,414 [Listener at 127.0.0.1/44153] INFO  ozone.MiniOzoneClusterImpl (MiniOzoneClusterImpl.java:lambda$waitForClusterToBeReady$0(235)) - Waiting for nodes to be ready. Got 0 of 6 DN Heartbeats.
2021-09-01 14:11:22,414 [Listener at 127.0.0.1/44153] INFO  ozone.MiniOzoneClusterImpl (MiniOzoneClusterImpl.java:lambda$waitForClusterToBeReady$0(238)) - Waiting for cluster to exit safe mode
2021-09-01 14:11:22,414 [Listener at 127.0.0.1/44153] INFO  ozone.MiniOzoneClusterImpl (MiniOzoneClusterImpl.java:lambda$waitForClusterToBeReady$0(240)) - SCM became leader
2021-09-01 14:11:22,432 [EndpointStateMachine task thread for /0.0.0.0:44509 - 0 ] INFO  ozoneimpl.OzoneContainer (OzoneContainer.java:start(305)) - Attempting to start container services.
2021-09-01 14:11:22,432 [EndpointStateMachine task thread for /0.0.0.0:44509 - 0 ] INFO  ozoneimpl.OzoneContainer (OzoneContainer.java:startContainerScrub(250)) - Background container scanner has been disabled.
2021-09-01 14:11:22,432 [EndpointStateMachine task thread for /0.0.0.0:44509 - 0 ] INFO  replication.ReplicationServer (ReplicationServer.java:start(107)) - ReplicationServer is started using port 39979
2021-09-01 14:11:22,433 [EndpointStateMachine task thread for /0.0.0.0:44509 - 0 ] INFO  ratis.XceiverServerRatis (XceiverServerRatis.java:start(482)) - Starting XceiverServerRatis 5f4ce7d7-9eea-43d1-b933-2c22a00d0a16
2021-09-01 14:11:22,435 [EndpointStateMachine task thread for /0.0.0.0:44509 - 0 ] INFO  server.RaftServer (RaftServerProxy.java:lambda$start$5(374)) - 5f4ce7d7-9eea-43d1-b933-2c22a00d0a16: start RPC server
2021-09-01 14:11:22,435 [EndpointStateMachine task thread for /0.0.0.0:44509 - 0 ] INFO  server.GrpcService (GrpcService.java:startImpl(253)) - 5f4ce7d7-9eea-43d1-b933-2c22a00d0a16: GrpcService started, listening on 33785
2021-09-01 14:11:22,435 [EndpointStateMachine task thread for /0.0.0.0:44509 - 0 ] INFO  ratis.XceiverServerRatis (XceiverServerRatis.java:getRealPort(503)) - XceiverServerRatis 5f4ce7d7-9eea-43d1-b933-2c22a00d0a16 is started using port 33785 for RATIS
2021-09-01 14:11:22,435 [EndpointStateMachine task thread for /0.0.0.0:44509 - 0 ] INFO  ratis.XceiverServerRatis (XceiverServerRatis.java:getRealPort(503)) - XceiverServerRatis 5f4ce7d7-9eea-43d1-b933-2c22a00d0a16 is started using port 33785 for RATIS_ADMIN
2021-09-01 14:11:22,435 [org.apache.ratis.util.JvmPauseMonitor$$Lambda$534/1206384791@e8ef5d0] INFO  util.JvmPauseMonitor (JvmPauseMonitor.java:run(103)) - JvmPauseMonitor-5f4ce7d7-9eea-43d1-b933-2c22a00d0a16: Started
2021-09-01 14:11:22,435 [EndpointStateMachine task thread for /0.0.0.0:44509 - 0 ] INFO  ratis.XceiverServerRatis (XceiverServerRatis.java:getRealPort(503)) - XceiverServerRatis 5f4ce7d7-9eea-43d1-b933-2c22a00d0a16 is started using port 33785 for RATIS_SERVER
2021-09-01 14:11:22,437 [EndpointStateMachine task thread for /0.0.0.0:44509 - 0 ] INFO  server.XceiverServerGrpc (XceiverServerGrpc.java:start(135)) - XceiverServerGrpc 5f4ce7d7-9eea-43d1-b933-2c22a00d0a16 is started using port 46317
2021-09-01 14:11:22,661 [ReplicationMonitor] INFO  container.ReplicationManager (ReplicationManager.java:processAll(359)) - Replication Monitor Thread took 1 milliseconds for processing 0 containers.
2021-09-01 14:11:22,773 [IPC Server handler 3 on default port 44509] INFO  net.NetworkTopologyImpl (NetworkTopologyImpl.java:add(112)) - Added a new node: /default-rack/f523353f-23f0-4ce1-8f0d-52852ad44ff4
2021-09-01 14:11:22,773 [IPC Server handler 3 on default port 44509] INFO  node.SCMNodeManager (SCMNodeManager.java:register(390)) - Registered Data node : f523353f-23f0-4ce1-8f0d-52852ad44ff4{ip: 10.1.0.27, host: fv-az148-824.bm4ck3pvxvsene1rjriu5fhcdb.bx.internal.cloudapp.net, ports: [REPLICATION=42373, RATIS=39485, RATIS_ADMIN=39485, RATIS_SERVER=39485, STANDALONE=33713], networkLocation: /default-rack, certSerialId: null, persistedOpState: null, persistedOpStateExpiryEpochSec: 0}
2021-09-01 14:11:22,778 [EventQueue-NodeRegistrationContainerReportForDataNodeSafeModeRule] INFO  safemode.SCMSafeModeManager (DataNodeSafeModeRule.java:process(71)) - SCM in safe mode. 1 DataNodes registered, 3 required.
2021-09-01 14:11:22,778 [EventQueue-NodeRegistrationContainerReportForContainerSafeModeRule] INFO  safemode.SCMSafeModeManager (SCMSafeModeManager.java:validateSafeModeExitRules(204)) - ContainerSafeModeRule rule is successfully validated
2021-09-01 14:11:22,782 [EventQueue-NewNodeForNewNodeHandler] INFO  pipeline.BackgroundPipelineCreator (BackgroundPipelineCreatorV2.java:notifyEventTriggered(285)) - trigger a one-shot run on RatisPipelineUtilsThread.
2021-09-01 14:11:22,782 [RatisPipelineUtilsThread - 0] INFO  pipeline.RatisPipelineProvider (RatisPipelineProvider.java:lambda$create$0(183)) - Sending CreatePipelineCommand for pipeline:PipelineID=541e51d4-6c9f-49be-9f69-476d2d67d512 to datanode:f523353f-23f0-4ce1-8f0d-52852ad44ff4
2021-09-01 14:11:22,783 [RatisPipelineUtilsThread - 0] INFO  pipeline.PipelineStateManager (PipelineStateManagerV2Impl.java:addPipeline(101)) - Created pipeline Pipeline[ Id: 541e51d4-6c9f-49be-9f69-476d2d67d512, Nodes: f523353f-23f0-4ce1-8f0d-52852ad44ff4{ip: 10.1.0.27, host: fv-az148-824.bm4ck3pvxvsene1rjriu5fhcdb.bx.internal.cloudapp.net, ports: [REPLICATION=42373, RATIS=39485, RATIS_ADMIN=39485, RATIS_SERVER=39485, STANDALONE=33713], networkLocation: /default-rack, certSerialId: null, persistedOpState: IN_SERVICE, persistedOpStateExpiryEpochSec: 0}, ReplicationConfig: RATIS/ONE, State:ALLOCATED, leaderId:, CreationTimestamp2021-09-01T14:11:22.782Z[Etc/UTC]].
2021-09-01 14:11:22,784 [EventQueue-PipelineReportForOneReplicaPipelineSafeModeRule] INFO  safemode.SCMSafeModeManager (SCMSafeModeManager.java:validateSafeModeExitRules(204)) - AtleastOneDatanodeReportedRule rule is successfully validated
2021-09-01 14:11:22,998 [ReplicationMonitor] INFO  container.ReplicationManager (ReplicationManager.java:processAll(359)) - Replication Monitor Thread took 0 milliseconds for processing 3 containers.
2021-09-01 14:11:23,166 [IPC Server handler 14 on default port 40111] INFO  node.NodeDecommissionManager (NodeDecommissionManager.java:startMaintenance(361)) - Starting Maintenance for node 1f216d10-6a5d-4e67-b983-ab62dd80285a{ip: 10.1.0.27, host: fv-az148-824.bm4ck3pvxvsene1rjriu5fhcdb.bx.internal.cloudapp.net, ports: [REPLICATION=40941, RATIS=36441, RATIS_ADMIN=36441, RATIS_SERVER=36441, STANDALONE=46147], networkLocation: /default-rack, certSerialId: null, persistedOpState: IN_SERVICE, persistedOpStateExpiryEpochSec: 0}
2021-09-01 14:11:23,166 [EventQueue-HealthyReadonlyToHealthyNodeForReadOnlyHealthyToHealthyNodeHandler] INFO  node.ReadOnlyHealthyToHealthyNodeHandler (ReadOnlyHealthyToHealthyNodeHandler.java:onMessage(51)) - Datanode 1f216d10-6a5d-4e67-b983-ab62dd80285a{ip: 10.1.0.27, host: fv-az148-824.bm4ck3pvxvsene1rjriu5fhcdb.bx.internal.cloudapp.net, ports: [REPLICATION=40941, RATIS=36441, RATIS_ADMIN=36441, RATIS_SERVER=36441, STANDALONE=46147], networkLocation: /default-rack, certSerialId: null, persistedOpState: IN_SERVICE, persistedOpStateExpiryEpochSec: 0} moved to HEALTHY state.
2021-09-01 14:11:23,167 [EventQueue-HealthyReadonlyToHealthyNodeForReadOnlyHealthyToHealthyNodeHandler] INFO  pipeline.BackgroundPipelineCreator (BackgroundPipelineCreatorV2.java:notifyEventTriggered(285)) - trigger a one-shot run on RatisPipelineUtilsThread.
2021-09-01 14:11:23,197 [IPC Server handler 6 on default port 44509] INFO  net.NetworkTopologyImpl (NetworkTopologyImpl.java:add(112)) - Added a new node: /default-rack/0f964acd-6a98-4f1f-80e6-2232414a7fb4
2021-09-01 14:11:23,199 [IPC Server handler 6 on default port 44509] INFO  node.SCMNodeManager (SCMNodeManager.java:register(390)) - Registered Data node : 0f964acd-6a98-4f1f-80e6-2232414a7fb4{ip: 10.1.0.27, host: fv-az148-824.bm4ck3pvxvsene1rjriu5fhcdb.bx.internal.cloudapp.net, ports: [REPLICATION=40399, RATIS=39297, RATIS_ADMIN=39297, RATIS_SERVER=39297, STANDALONE=34667], networkLocation: /default-rack, certSerialId: null, persistedOpState: null, persistedOpStateExpiryEpochSec: 0}
2021-09-01 14:11:23,199 [EventQueue-NewNodeForNewNodeHandler] INFO  pipeline.BackgroundPipelineCreator (BackgroundPipelineCreatorV2.java:notifyEventTriggered(285)) - trigger a one-shot run on RatisPipelineUtilsThread.
2021-09-01 14:11:23,200 [EventQueue-NodeRegistrationContainerReportForDataNodeSafeModeRule] INFO  safemode.SCMSafeModeManager (DataNodeSafeModeRule.java:process(71)) - SCM in safe mode. 2 DataNodes registered, 3 required.
2021-09-01 14:11:23,200 [RatisPipelineUtilsThread - 0] INFO  pipeline.RatisPipelineProvider (RatisPipelineProvider.java:lambda$create$0(183)) - Sending CreatePipelineCommand for pipeline:PipelineID=3bc9b6b5-ccb2-45b8-88c4-e12424c69092 to datanode:0f964acd-6a98-4f1f-80e6-2232414a7fb4
2021-09-01 14:11:23,201 [RatisPipelineUtilsThread - 0] INFO  pipeline.PipelineStateManager (PipelineStateManagerV2Impl.java:addPipeline(101)) - Created pipeline Pipeline[ Id: 3bc9b6b5-ccb2-45b8-88c4-e12424c69092, Nodes: 0f964acd-6a98-4f1f-80e6-2232414a7fb4{ip: 10.1.0.27, host: fv-az148-824.bm4ck3pvxvsene1rjriu5fhcdb.bx.internal.cloudapp.net, ports: [REPLICATION=40399, RATIS=39297, RATIS_ADMIN=39297, RATIS_SERVER=39297, STANDALONE=34667], networkLocation: /default-rack, certSerialId: null, persistedOpState: IN_SERVICE, persistedOpStateExpiryEpochSec: 0}, ReplicationConfig: RATIS/ONE, State:ALLOCATED, leaderId:, CreationTimestamp2021-09-01T14:11:23.200Z[Etc/UTC]].
2021-09-01 14:11:23,415 [Listener at 127.0.0.1/44153] INFO  ozone.MiniOzoneClusterImpl (MiniOzoneClusterImpl.java:lambda$waitForClusterToBeReady$0(235)) - Waiting for nodes to be ready. Got 2 of 6 DN Heartbeats.
2021-09-01 14:11:23,415 [Listener at 127.0.0.1/44153] INFO  ozone.MiniOzoneClusterImpl (MiniOzoneClusterImpl.java:lambda$waitForClusterToBeReady$0(238)) - Waiting for cluster to exit safe mode
2021-09-01 14:11:23,415 [Listener at 127.0.0.1/44153] INFO  ozone.MiniOzoneClusterImpl (MiniOzoneClusterImpl.java:lambda$waitForClusterToBeReady$0(240)) - SCM became leader
2021-09-01 14:11:23,662 [ReplicationMonitor] INFO  container.ReplicationManager (ReplicationManager.java:processAll(359)) - Replication Monitor Thread took 0 milliseconds for processing 0 containers.
2021-09-01 14:11:23,880 [IPC Server handler 0 on default port 44509] INFO  net.NetworkTopologyImpl (NetworkTopologyImpl.java:add(112)) - Added a new node: /default-rack/c4d6a0cb-d450-4943-aeb6-b38ae00f646d
2021-09-01 14:11:23,881 [IPC Server handler 0 on default port 44509] INFO  node.SCMNodeManager (SCMNodeManager.java:register(390)) - Registered Data node : c4d6a0cb-d450-4943-aeb6-b38ae00f646d{ip: 10.1.0.27, host: fv-az148-824.bm4ck3pvxvsene1rjriu5fhcdb.bx.internal.cloudapp.net, ports: [REPLICATION=33213, RATIS=33205, RATIS_ADMIN=33205, RATIS_SERVER=33205, STANDALONE=40753], networkLocation: /default-rack, certSerialId: null, persistedOpState: null, persistedOpStateExpiryEpochSec: 0}
2021-09-01 14:11:23,881 [EventQueue-NewNodeForNewNodeHandler] INFO  pipeline.BackgroundPipelineCreator (BackgroundPipelineCreatorV2.java:notifyEventTriggered(285)) - trigger a one-shot run on RatisPipelineUtilsThread.
2021-09-01 14:11:23,881 [RatisPipelineUtilsThread - 0] INFO  pipeline.RatisPipelineProvider (RatisPipelineProvider.java:lambda$create$0(183)) - Sending CreatePipelineCommand for pipeline:PipelineID=8d50441c-44b6-4c12-8fca-61838d733805 to datanode:c4d6a0cb-d450-4943-aeb6-b38ae00f646d
2021-09-01 14:11:23,882 [RatisPipelineUtilsThread - 0] INFO  pipeline.PipelineStateManager (PipelineStateManagerV2Impl.java:addPipeline(101)) - Created pipeline Pipeline[ Id: 8d50441c-44b6-4c12-8fca-61838d733805, Nodes: c4d6a0cb-d450-4943-aeb6-b38ae00f646d{ip: 10.1.0.27, host: fv-az148-824.bm4ck3pvxvsene1rjriu5fhcdb.bx.internal.cloudapp.net, ports: [REPLICATION=33213, RATIS=33205, RATIS_ADMIN=33205, RATIS_SERVER=33205, STANDALONE=40753], networkLocation: /default-rack, certSerialId: null, persistedOpState: IN_SERVICE, persistedOpStateExpiryEpochSec: 0}, ReplicationConfig: RATIS/ONE, State:ALLOCATED, leaderId:, CreationTimestamp2021-09-01T14:11:23.881Z[Etc/UTC]].
2021-09-01 14:11:23,882 [EventQueue-NodeRegistrationContainerReportForDataNodeSafeModeRule] INFO  safemode.SCMSafeModeManager (DataNodeSafeModeRule.java:process(71)) - SCM in safe mode. 3 DataNodes registered, 3 required.
2021-09-01 14:11:23,882 [EventQueue-NodeRegistrationContainerReportForDataNodeSafeModeRule] INFO  safemode.SCMSafeModeManager (SCMSafeModeManager.java:validateSafeModeExitRules(204)) - DataNodeSafeModeRule rule is successfully validated
2021-09-01 14:11:23,882 [EventQueue-NodeRegistrationContainerReportForDataNodeSafeModeRule] INFO  safemode.SCMSafeModeManager (SCMSafeModeManager.java:completePreCheck(233)) - All SCM safe mode pre check rules have passed
2021-09-01 14:11:23,882 [EventQueue-NodeRegistrationContainerReportForDataNodeSafeModeRule] WARN  events.EventQueue (EventQueue.java:fireEvent(194)) - No event handler registered for event TypedEvent{payloadType=SafeModeStatus, name='Safe mode status'}
2021-09-01 14:11:23,882 [EventQueue-NodeRegistrationContainerReportForDataNodeSafeModeRule] INFO  ha.SCMContext (SCMContext.java:updateSafeModeStatus(205)) - Update SafeModeStatus from SafeModeStatus{safeModeStatus=true, preCheckPassed=false} to SafeModeStatus{safeModeStatus=true, preCheckPassed=true}.
2021-09-01 14:11:23,882 [EventQueue-NodeRegistrationContainerReportForDataNodeSafeModeRule] INFO  pipeline.BackgroundPipelineCreator (BackgroundPipelineCreatorV2.java:notifyEventTriggered(285)) - trigger a one-shot run on RatisPipelineUtilsThread.
2021-09-01 14:11:23,883 [RatisPipelineUtilsThread - 0] INFO  pipeline.RatisPipelineProvider (RatisPipelineProvider.java:lambda$create$0(183)) - Sending CreatePipelineCommand for pipeline:PipelineID=d191b0df-21e6-473e-b2a2-f257c67ca6d7 to datanode:c4d6a0cb-d450-4943-aeb6-b38ae00f646d
2021-09-01 14:11:23,885 [RatisPipelineUtilsThread - 0] INFO  pipeline.RatisPipelineProvider (RatisPipelineProvider.java:lambda$create$0(183)) - Sending CreatePipelineCommand for pipeline:PipelineID=d191b0df-21e6-473e-b2a2-f257c67ca6d7 to datanode:f523353f-23f0-4ce1-8f0d-52852ad44ff4
2021-09-01 14:11:23,885 [RatisPipelineUtilsThread - 0] INFO  pipeline.RatisPipelineProvider (RatisPipelineProvider.java:lambda$create$0(183)) - Sending CreatePipelineCommand for pipeline:PipelineID=d191b0df-21e6-473e-b2a2-f257c67ca6d7 to datanode:0f964acd-6a98-4f1f-80e6-2232414a7fb4
2021-09-01 14:11:23,885 [RatisPipelineUtilsThread - 0] INFO  pipeline.PipelineStateManager (PipelineStateManagerV2Impl.java:addPipeline(101)) - Created pipeline Pipeline[ Id: d191b0df-21e6-473e-b2a2-f257c67ca6d7, Nodes: c4d6a0cb-d450-4943-aeb6-b38ae00f646d{ip: 10.1.0.27, host: fv-az148-824.bm4ck3pvxvsene1rjriu5fhcdb.bx.internal.cloudapp.net, ports: [REPLICATION=33213, RATIS=33205, RATIS_ADMIN=33205, RATIS_SERVER=33205, STANDALONE=40753], networkLocation: /default-rack, certSerialId: null, persistedOpState: IN_SERVICE, persistedOpStateExpiryEpochSec: 0}f523353f-23f0-4ce1-8f0d-52852ad44ff4{ip: 10.1.0.27, host: fv-az148-824.bm4ck3pvxvsene1rjriu5fhcdb.bx.internal.cloudapp.net, ports: [REPLICATION=42373, RATIS=39485, RATIS_ADMIN=39485, RATIS_SERVER=39485, STANDALONE=33713], networkLocation: /default-rack, certSerialId: null, persistedOpState: IN_SERVICE, persistedOpStateExpiryEpochSec: 0}0f964acd-6a98-4f1f-80e6-2232414a7fb4{ip: 10.1.0.27, host: fv-az148-824.bm4ck3pvxvsene1rjriu5fhcdb.bx.internal.cloudapp.net, ports: [REPLICATION=40399, RATIS=39297, RATIS_ADMIN=39297, RATIS_SERVER=39297, STANDALONE=34667], networkLocation: /default-rack, certSerialId: null, persistedOpState: IN_SERVICE, persistedOpStateExpiryEpochSec: 0}, ReplicationConfig: RATIS/THREE, State:ALLOCATED, leaderId:, CreationTimestamp2021-09-01T14:11:23.883Z[Etc/UTC]].
2021-09-01 14:11:23,985 [DatanodeAdminManager-0] INFO  node.DatanodeAdminMonitorImpl (DatanodeAdminMonitorImpl.java:checkPipelinesClosedOnNode(267)) - Waiting for pipelines to close for 1f216d10-6a5d-4e67-b983-ab62dd80285a{ip: 10.1.0.27, host: fv-az148-824.bm4ck3pvxvsene1rjriu5fhcdb.bx.internal.cloudapp.net, ports: [REPLICATION=40941, RATIS=36441, RATIS_ADMIN=36441, RATIS_SERVER=36441, STANDALONE=46147], networkLocation: /default-rack, certSerialId: null, persistedOpState: IN_SERVICE, persistedOpStateExpiryEpochSec: 0}. There are 2 pipelines
2021-09-01 14:11:23,986 [DatanodeAdminManager-0] INFO  node.DatanodeAdminMonitorImpl (DatanodeAdminMonitorImpl.java:run(136)) - There are 1 nodes tracked for decommission and maintenance. 0 pending nodes.
2021-09-01 14:11:23,985 [EventQueue-StartAdminOnNodeForStartDatanodeAdminHandler] INFO  node.StartDatanodeAdminHandler (StartDatanodeAdminHandler.java:onMessage(56)) - Admin start on datanode 1f216d10-6a5d-4e67-b983-ab62dd80285a{ip: 10.1.0.27, host: fv-az148-824.bm4ck3pvxvsene1rjriu5fhcdb.bx.internal.cloudapp.net, ports: [REPLICATION=40941, RATIS=36441, RATIS_ADMIN=36441, RATIS_SERVER=36441, STANDALONE=46147], networkLocation: /default-rack, certSerialId: null, persistedOpState: IN_SERVICE, persistedOpStateExpiryEpochSec: 0}. Finalizing its pipelines [PipelineID=15194566-c2e7-43ec-a238-4f5c23251fd2, PipelineID=8cb1bf33-e544-4c80-a5e5-e2be6f1ca809]
2021-09-01 14:11:23,988 [EventQueue-StartAdminOnNodeForStartDatanodeAdminHandler] INFO  pipeline.PipelineManagerImpl (PipelineManagerImpl.java:closePipeline(342)) - Pipeline Pipeline[ Id: 15194566-c2e7-43ec-a238-4f5c23251fd2, Nodes: 5a414dd0-042d-4554-a0be-5f06df5d5cdb{ip: 10.1.0.27, host: fv-az148-824.bm4ck3pvxvsene1rjriu5fhcdb.bx.internal.cloudapp.net, ports: [REPLICATION=41385, RATIS=40947, RATIS_ADMIN=40947, RATIS_SERVER=40947, STANDALONE=34459], networkLocation: /default-rack, certSerialId: null, persistedOpState: IN_SERVICE, persistedOpStateExpiryEpochSec: 0}5c6bb450-033d-4b31-9de4-d545ca09f4a5{ip: 10.1.0.27, host: fv-az148-824.bm4ck3pvxvsene1rjriu5fhcdb.bx.internal.cloudapp.net, ports: [REPLICATION=34789, RATIS=34561, RATIS_ADMIN=34561, RATIS_SERVER=34561, STANDALONE=43013], networkLocation: /default-rack, certSerialId: null, persistedOpState: IN_SERVICE, persistedOpStateExpiryEpochSec: 0}1f216d10-6a5d-4e67-b983-ab62dd80285a{ip: 10.1.0.27, host: fv-az148-824.bm4ck3pvxvsene1rjriu5fhcdb.bx.internal.cloudapp.net, ports: [REPLICATION=40941, RATIS=36441, RATIS_ADMIN=36441, RATIS_SERVER=36441, STANDALONE=46147], networkLocation: /default-rack, certSerialId: null, persistedOpState: IN_SERVICE, persistedOpStateExpiryEpochSec: 0}, ReplicationConfig: RATIS/THREE, State:ALLOCATED, leaderId:, CreationTimestamp2021-09-01T14:11:08.845Z[Etc/UTC]] moved to CLOSED state
2021-09-01 14:11:23,989 [EventQueue-StartAdminOnNodeForStartDatanodeAdminHandler] INFO  pipeline.RatisPipelineProvider (RatisPipelineProvider.java:lambda$close$1(222)) - Send pipeline:PipelineID=15194566-c2e7-43ec-a238-4f5c23251fd2 close command to datanode 5a414dd0-042d-4554-a0be-5f06df5d5cdb
2021-09-01 14:11:23,989 [EventQueue-StartAdminOnNodeForStartDatanodeAdminHandler] INFO  pipeline.RatisPipelineProvider (RatisPipelineProvider.java:lambda$close$1(222)) - Send pipeline:PipelineID=15194566-c2e7-43ec-a238-4f5c23251fd2 close command to datanode 5c6bb450-033d-4b31-9de4-d545ca09f4a5
2021-09-01 14:11:23,989 [EventQueue-StartAdminOnNodeForStartDatanodeAdminHandler] INFO  pipeline.RatisPipelineProvider (RatisPipelineProvider.java:lambda$close$1(222)) - Send pipeline:PipelineID=15194566-c2e7-43ec-a238-4f5c23251fd2 close command to datanode 1f216d10-6a5d-4e67-b983-ab62dd80285a
2021-09-01 14:11:23,990 [EventQueue-StartAdminOnNodeForStartDatanodeAdminHandler] INFO  pipeline.PipelineStateManager (PipelineStateManagerV2Impl.java:removePipeline(211)) - Pipeline Pipeline[ Id: 15194566-c2e7-43ec-a238-4f5c23251fd2, Nodes: 5a414dd0-042d-4554-a0be-5f06df5d5cdb{ip: 10.1.0.27, host: fv-az148-824.bm4ck3pvxvsene1rjriu5fhcdb.bx.internal.cloudapp.net, ports: [REPLICATION=41385, RATIS=40947, RATIS_ADMIN=40947, RATIS_SERVER=40947, STANDALONE=34459], networkLocation: /default-rack, certSerialId: null, persistedOpState: IN_SERVICE, persistedOpStateExpiryEpochSec: 0}5c6bb450-033d-4b31-9de4-d545ca09f4a5{ip: 10.1.0.27, host: fv-az148-824.bm4ck3pvxvsene1rjriu5fhcdb.bx.internal.cloudapp.net, ports: [REPLICATION=34789, RATIS=34561, RATIS_ADMIN=34561, RATIS_SERVER=34561, STANDALONE=43013], networkLocation: /default-rack, certSerialId: null, persistedOpState: IN_SERVICE, persistedOpStateExpiryEpochSec: 0}1f216d10-6a5d-4e67-b983-ab62dd80285a{ip: 10.1.0.27, host: fv-az148-824.bm4ck3pvxvsene1rjriu5fhcdb.bx.internal.cloudapp.net, ports: [REPLICATION=40941, RATIS=36441, RATIS_ADMIN=36441, RATIS_SERVER=36441, STANDALONE=46147], networkLocation: /default-rack, certSerialId: null, persistedOpState: IN_SERVICE, persistedOpStateExpiryEpochSec: 0}, ReplicationConfig: RATIS/THREE, State:CLOSED, leaderId:, CreationTimestamp2021-09-01T14:11:08.845Z[Etc/UTC]] removed.
2021-09-01 14:11:23,990 [EventQueue-StartAdminOnNodeForStartDatanodeAdminHandler] INFO  pipeline.PipelineManagerImpl (PipelineManagerImpl.java:closePipeline(342)) - Pipeline Pipeline[ Id: 8cb1bf33-e544-4c80-a5e5-e2be6f1ca809, Nodes: 1f216d10-6a5d-4e67-b983-ab62dd80285a{ip: 10.1.0.27, host: fv-az148-824.bm4ck3pvxvsene1rjriu5fhcdb.bx.internal.cloudapp.net, ports: [REPLICATION=40941, RATIS=36441, RATIS_ADMIN=36441, RATIS_SERVER=36441, STANDALONE=46147], networkLocation: /default-rack, certSerialId: null, persistedOpState: IN_SERVICE, persistedOpStateExpiryEpochSec: 0}, ReplicationConfig: RATIS/ONE, State:OPEN, leaderId:1f216d10-6a5d-4e67-b983-ab62dd80285a, CreationTimestamp2021-09-01T14:11:08.842Z[Etc/UTC]] moved to CLOSED state
2021-09-01 14:11:23,990 [EventQueue-StartAdminOnNodeForStartDatanodeAdminHandler] INFO  pipeline.RatisPipelineProvider (RatisPipelineProvider.java:lambda$close$1(222)) - Send pipeline:PipelineID=8cb1bf33-e544-4c80-a5e5-e2be6f1ca809 close command to datanode 1f216d10-6a5d-4e67-b983-ab62dd80285a
2021-09-01 14:11:23,990 [EventQueue-StartAdminOnNodeForStartDatanodeAdminHandler] INFO  pipeline.PipelineStateManager (PipelineStateManagerV2Impl.java:removePipeline(211)) - Pipeline Pipeline[ Id: 8cb1bf33-e544-4c80-a5e5-e2be6f1ca809, Nodes: 1f216d10-6a5d-4e67-b983-ab62dd80285a{ip: 10.1.0.27, host: fv-az148-824.bm4ck3pvxvsene1rjriu5fhcdb.bx.internal.cloudapp.net, ports: [REPLICATION=40941, RATIS=36441, RATIS_ADMIN=36441, RATIS_SERVER=36441, STANDALONE=46147], networkLocation: /default-rack, certSerialId: null, persistedOpState: IN_SERVICE, persistedOpStateExpiryEpochSec: 0}, ReplicationConfig: RATIS/ONE, State:CLOSED, leaderId:1f216d10-6a5d-4e67-b983-ab62dd80285a, CreationTimestamp2021-09-01T14:11:08.842Z[Etc/UTC]] removed.
2021-09-01 14:11:24,003 [ReplicationMonitor] INFO  container.ReplicationManager (ReplicationManager.java:processAll(359)) - Replication Monitor Thread took 0 milliseconds for processing 3 containers.
2021-09-01 14:11:24,078 [IPC Server handler 5 on default port 44509] INFO  net.NetworkTopologyImpl (NetworkTopologyImpl.java:add(112)) - Added a new node: /default-rack/44d9a463-e606-45f4-b26f-9a0dec6122aa
2021-09-01 14:11:24,080 [IPC Server handler 5 on default port 44509] INFO  node.SCMNodeManager (SCMNodeManager.java:register(390)) - Registered Data node : 44d9a463-e606-45f4-b26f-9a0dec6122aa{ip: 10.1.0.27, host: fv-az148-824.bm4ck3pvxvsene1rjriu5fhcdb.bx.internal.cloudapp.net, ports: [REPLICATION=37121, RATIS=36785, RATIS_ADMIN=36785, RATIS_SERVER=36785, STANDALONE=35251], networkLocation: /default-rack, certSerialId: null, persistedOpState: null, persistedOpStateExpiryEpochSec: 0}
2021-09-01 14:11:24,081 [EventQueue-NewNodeForNewNodeHandler] INFO  pipeline.BackgroundPipelineCreator (BackgroundPipelineCreatorV2.java:notifyEventTriggered(285)) - trigger a one-shot run on RatisPipelineUtilsThread.
2021-09-01 14:11:24,081 [RatisPipelineUtilsThread - 0] INFO  pipeline.RatisPipelineProvider (RatisPipelineProvider.java:lambda$create$0(183)) - Sending CreatePipelineCommand for pipeline:PipelineID=3fed1152-fbbc-4757-85c6-59e501e7de2f to datanode:44d9a463-e606-45f4-b26f-9a0dec6122aa
2021-09-01 14:11:24,082 [RatisPipelineUtilsThread - 0] INFO  pipeline.PipelineStateManager (PipelineStateManagerV2Impl.java:addPipeline(101)) - Created pipeline Pipeline[ Id: 3fed1152-fbbc-4757-85c6-59e501e7de2f, Nodes: 44d9a463-e606-45f4-b26f-9a0dec6122aa{ip: 10.1.0.27, host: fv-az148-824.bm4ck3pvxvsene1rjriu5fhcdb.bx.internal.cloudapp.net, ports: [REPLICATION=37121, RATIS=36785, RATIS_ADMIN=36785, RATIS_SERVER=36785, STANDALONE=35251], networkLocation: /default-rack, certSerialId: null, persistedOpState: IN_SERVICE, persistedOpStateExpiryEpochSec: 0}, ReplicationConfig: RATIS/ONE, State:ALLOCATED, leaderId:, CreationTimestamp2021-09-01T14:11:24.081Z[Etc/UTC]].
2021-09-01 14:11:24,083 [IPC Server handler 8 on default port 41479] INFO  node.SCMNodeManager (SCMNodeManager.java:updateDatanodeOpState(484)) - Scheduling a command to update the operationalState persisted on 1f216d10-6a5d-4e67-b983-ab62dd80285a{ip: 10.1.0.27, host: fv-az148-824.bm4ck3pvxvsene1rjriu5fhcdb.bx.internal.cloudapp.net, ports: [REPLICATION=40941, RATIS=36441, RATIS_ADMIN=36441, RATIS_SERVER=36441, STANDALONE=46147], networkLocation: /default-rack, certSerialId: null, persistedOpState: null, persistedOpStateExpiryEpochSec: 0} as the reported value does not match the value stored in SCM (ENTERING_MAINTENANCE, 0)
2021-09-01 14:11:24,241 [IPC Server handler 4 on default port 44509] INFO  net.NetworkTopologyImpl (NetworkTopologyImpl.java:add(112)) - Added a new node: /default-rack/5b3e2d2c-648b-402a-a457-d38acf1cc2f9
2021-09-01 14:11:24,242 [IPC Server handler 4 on default port 44509] INFO  node.SCMNodeManager (SCMNodeManager.java:register(390)) - Registered Data node : 5b3e2d2c-648b-402a-a457-d38acf1cc2f9{ip: 10.1.0.27, host: fv-az148-824.bm4ck3pvxvsene1rjriu5fhcdb.bx.internal.cloudapp.net, ports: [REPLICATION=39187, RATIS=42361, RATIS_ADMIN=42361, RATIS_SERVER=42361, STANDALONE=45533], networkLocation: /default-rack, certSerialId: null, persistedOpState: null, persistedOpStateExpiryEpochSec: 0}
2021-09-01 14:11:24,243 [EventQueue-NewNodeForNewNodeHandler] INFO  pipeline.BackgroundPipelineCreator (BackgroundPipelineCreatorV2.java:notifyEventTriggered(285)) - trigger a one-shot run on RatisPipelineUtilsThread.
2021-09-01 14:11:24,245 [RatisPipelineUtilsThread - 0] INFO  pipeline.RatisPipelineProvider (RatisPipelineProvider.java:lambda$create$0(183)) - Sending CreatePipelineCommand for pipeline:PipelineID=c099e1c3-4881-42e3-a973-2384b616f0fb to datanode:5b3e2d2c-648b-402a-a457-d38acf1cc2f9
2021-09-01 14:11:24,246 [RatisPipelineUtilsThread - 0] INFO  pipeline.PipelineStateManager (PipelineStateManagerV2Impl.java:addPipeline(101)) - Created pipeline Pipeline[ Id: c099e1c3-4881-42e3-a973-2384b616f0fb, Nodes: 5b3e2d2c-648b-402a-a457-d38acf1cc2f9{ip: 10.1.0.27, host: fv-az148-824.bm4ck3pvxvsene1rjriu5fhcdb.bx.internal.cloudapp.net, ports: [REPLICATION=39187, RATIS=42361, RATIS_ADMIN=42361, RATIS_SERVER=42361, STANDALONE=45533], networkLocation: /default-rack, certSerialId: null, persistedOpState: IN_SERVICE, persistedOpStateExpiryEpochSec: 0}, ReplicationConfig: RATIS/ONE, State:ALLOCATED, leaderId:, CreationTimestamp2021-09-01T14:11:24.245Z[Etc/UTC]].
2021-09-01 14:11:24,391 [EventQueue-PipelineReportForPipelineReportHandler] INFO  pipeline.PipelineReportHandler (PipelineReportHandler.java:processPipelineReport(113)) - Reported pipeline PipelineID=15194566-c2e7-43ec-a238-4f5c23251fd2 is not found
2021-09-01 14:11:24,415 [Listener at 127.0.0.1/44153] INFO  ozone.MiniOzoneClusterImpl (MiniOzoneClusterImpl.java:lambda$waitForClusterToBeReady$0(235)) - Waiting for nodes to be ready. Got 5 of 6 DN Heartbeats.
2021-09-01 14:11:24,417 [Listener at 127.0.0.1/44153] INFO  ozone.MiniOzoneClusterImpl (MiniOzoneClusterImpl.java:lambda$waitForClusterToBeReady$0(238)) - Waiting for cluster to exit safe mode
2021-09-01 14:11:24,417 [Listener at 127.0.0.1/44153] INFO  ozone.MiniOzoneClusterImpl (MiniOzoneClusterImpl.java:lambda$waitForClusterToBeReady$0(240)) - SCM became leader
2021-09-01 14:11:24,430 [IPC Server handler 3 on default port 44509] INFO  net.NetworkTopologyImpl (NetworkTopologyImpl.java:add(112)) - Added a new node: /default-rack/5f4ce7d7-9eea-43d1-b933-2c22a00d0a16
2021-09-01 14:11:24,430 [IPC Server handler 3 on default port 44509] INFO  node.SCMNodeManager (SCMNodeManager.java:register(390)) - Registered Data node : 5f4ce7d7-9eea-43d1-b933-2c22a00d0a16{ip: 10.1.0.27, host: fv-az148-824.bm4ck3pvxvsene1rjriu5fhcdb.bx.internal.cloudapp.net, ports: [REPLICATION=39979, RATIS=33785, RATIS_ADMIN=33785, RATIS_SERVER=33785, STANDALONE=46317], networkLocation: /default-rack, certSerialId: null, persistedOpState: null, persistedOpStateExpiryEpochSec: 0}
2021-09-01 14:11:24,430 [EventQueue-NewNodeForNewNodeHandler] INFO  pipeline.BackgroundPipelineCreator (BackgroundPipelineCreatorV2.java:notifyEventTriggered(285)) - trigger a one-shot run on RatisPipelineUtilsThread.
2021-09-01 14:11:24,431 [RatisPipelineUtilsThread - 0] INFO  pipeline.RatisPipelineProvider (RatisPipelineProvider.java:lambda$create$0(183)) - Sending CreatePipelineCommand for pipeline:PipelineID=df9db3af-af24-4597-9f8c-729e798475a7 to datanode:5f4ce7d7-9eea-43d1-b933-2c22a00d0a16
2021-09-01 14:11:24,431 [RatisPipelineUtilsThread - 0] INFO  pipeline.PipelineStateManager (PipelineStateManagerV2Impl.java:addPipeline(101)) - Created pipeline Pipeline[ Id: df9db3af-af24-4597-9f8c-729e798475a7, Nodes: 5f4ce7d7-9eea-43d1-b933-2c22a00d0a16{ip: 10.1.0.27, host: fv-az148-824.bm4ck3pvxvsene1rjriu5fhcdb.bx.internal.cloudapp.net, ports: [REPLICATION=39979, RATIS=33785, RATIS_ADMIN=33785, RATIS_SERVER=33785, STANDALONE=46317], networkLocation: /default-rack, certSerialId: null, persistedOpState: IN_SERVICE, persistedOpStateExpiryEpochSec: 0}, ReplicationConfig: RATIS/ONE, State:ALLOCATED, leaderId:, CreationTimestamp2021-09-01T14:11:24.431Z[Etc/UTC]].
2021-09-01 14:11:24,432 [RatisPipelineUtilsThread - 0] INFO  pipeline.RatisPipelineProvider (RatisPipelineProvider.java:lambda$create$0(183)) - Sending CreatePipelineCommand for pipeline:PipelineID=aff2f8ce-52cc-4a7b-b339-033642db8999 to datanode:5f4ce7d7-9eea-43d1-b933-2c22a00d0a16
2021-09-01 14:11:24,432 [RatisPipelineUtilsThread - 0] INFO  pipeline.RatisPipelineProvider (RatisPipelineProvider.java:lambda$create$0(183)) - Sending CreatePipelineCommand for pipeline:PipelineID=aff2f8ce-52cc-4a7b-b339-033642db8999 to datanode:44d9a463-e606-45f4-b26f-9a0dec6122aa
2021-09-01 14:11:24,432 [RatisPipelineUtilsThread - 0] INFO  pipeline.RatisPipelineProvider (RatisPipelineProvider.java:lambda$create$0(183)) - Sending CreatePipelineCommand for pipeline:PipelineID=aff2f8ce-52cc-4a7b-b339-033642db8999 to datanode:5b3e2d2c-648b-402a-a457-d38acf1cc2f9
2021-09-01 14:11:24,433 [RatisPipelineUtilsThread - 0] INFO  pipeline.PipelineStateManager (PipelineStateManagerV2Impl.java:addPipeline(101)) - Created pipeline Pipeline[ Id: aff2f8ce-52cc-4a7b-b339-033642db8999, Nodes: 5f4ce7d7-9eea-43d1-b933-2c22a00d0a16{ip: 10.1.0.27, host: fv-az148-824.bm4ck3pvxvsene1rjriu5fhcdb.bx.internal.cloudapp.net, ports: [REPLICATION=39979, RATIS=33785, RATIS_ADMIN=33785, RATIS_SERVER=33785, STANDALONE=46317], networkLocation: /default-rack, certSerialId: null, persistedOpState: IN_SERVICE, persistedOpStateExpiryEpochSec: 0}44d9a463-e606-45f4-b26f-9a0dec6122aa{ip: 10.1.0.27, host: fv-az148-824.bm4ck3pvxvsene1rjriu5fhcdb.bx.internal.cloudapp.net, ports: [REPLICATION=37121, RATIS=36785, RATIS_ADMIN=36785, RATIS_SERVER=36785, STANDALONE=35251], networkLocation: /default-rack, certSerialId: null, persistedOpState: IN_SERVICE, persistedOpStateExpiryEpochSec: 0}5b3e2d2c-648b-402a-a457-d38acf1cc2f9{ip: 10.1.0.27, host: fv-az148-824.bm4ck3pvxvsene1rjriu5fhcdb.bx.internal.cloudapp.net, ports: [REPLICATION=39187, RATIS=42361, RATIS_ADMIN=42361, RATIS_SERVER=42361, STANDALONE=45533], networkLocation: /default-rack, certSerialId: null, persistedOpState: IN_SERVICE, persistedOpStateExpiryEpochSec: 0}, ReplicationConfig: RATIS/THREE, State:ALLOCATED, leaderId:, CreationTimestamp2021-09-01T14:11:24.432Z[Etc/UTC]].
2021-09-01 14:11:24,531 [EventQueue-PipelineReportForPipelineReportHandler] INFO  pipeline.PipelineReportHandler (PipelineReportHandler.java:processPipelineReport(113)) - Reported pipeline PipelineID=15194566-c2e7-43ec-a238-4f5c23251fd2 is not found
2021-09-01 14:11:24,664 [ReplicationMonitor] INFO  container.ReplicationManager (ReplicationManager.java:processAll(359)) - Replication Monitor Thread took 0 milliseconds for processing 0 containers.
2021-09-01 14:11:24,985 [DatanodeAdminManager-0] INFO  node.DatanodeAdminMonitorImpl (DatanodeAdminMonitorImpl.java:run(136)) - There are 1 nodes tracked for decommission and maintenance. 0 pending nodes.
2021-09-01 14:11:25,005 [ReplicationMonitor] INFO  container.ReplicationManager (ReplicationManager.java:processAll(359)) - Replication Monitor Thread took 1 milliseconds for processing 3 containers.
2021-09-01 14:11:25,079 [Command processor thread] INFO  server.RaftServer (RaftServerProxy.java:remove(106)) - 1f216d10-6a5d-4e67-b983-ab62dd80285a: remove  FOLLOWER 1f216d10-6a5d-4e67-b983-ab62dd80285a@group-4F5C23251FD2:t2, leader=null, voted=null, raftlog=1f216d10-6a5d-4e67-b983-ab62dd80285a@group-4F5C23251FD2-SegmentedRaftLog:OPENED:c-1,f-1,i0, conf=-1: [5a414dd0-042d-4554-a0be-5f06df5d5cdb|rpc:10.1.0.27:40947|dataStream:|priority:0, 5c6bb450-033d-4b31-9de4-d545ca09f4a5|rpc:10.1.0.27:34561|dataStream:|priority:0, 1f216d10-6a5d-4e67-b983-ab62dd80285a|rpc:10.1.0.27:36441|dataStream:|priority:1], old=null RUNNING
2021-09-01 14:11:25,081 [Command processor thread] INFO  server.RaftServer$Division (RaftServerImpl.java:lambda$close$4(407)) - 1f216d10-6a5d-4e67-b983-ab62dd80285a@group-4F5C23251FD2: shutdown
2021-09-01 14:11:25,081 [IPC Server handler 11 on default port 41479] INFO  node.SCMNodeManager (SCMNodeManager.java:updateDatanodeOpState(484)) - Scheduling a command to update the operationalState persisted on 1f216d10-6a5d-4e67-b983-ab62dd80285a{ip: 10.1.0.27, host: fv-az148-824.bm4ck3pvxvsene1rjriu5fhcdb.bx.internal.cloudapp.net, ports: [REPLICATION=40941, RATIS=36441, RATIS_ADMIN=36441, RATIS_SERVER=36441, STANDALONE=46147], networkLocation: /default-rack, certSerialId: null, persistedOpState: null, persistedOpStateExpiryEpochSec: 0} as the reported value does not match the value stored in SCM (ENTERING_MAINTENANCE, 0)
2021-09-01 14:11:25,084 [EventQueue-PipelineReportForPipelineReportHandler] INFO  pipeline.PipelineReportHandler (PipelineReportHandler.java:processPipelineReport(113)) - Reported pipeline PipelineID=15194566-c2e7-43ec-a238-4f5c23251fd2 is not found
2021-09-01 14:11:25,084 [EventQueue-PipelineReportForPipelineReportHandler] INFO  pipeline.PipelineReportHandler (PipelineReportHandler.java:processPipelineReport(113)) - Reported pipeline PipelineID=8cb1bf33-e544-4c80-a5e5-e2be6f1ca809 is not found
2021-09-01 14:11:25,084 [Command processor thread] INFO  util.JmxRegister (JmxRegister.java:unregister(73)) - Successfully un-registered JMX Bean with object name Ratis:service=RaftServer,group=group-4F5C23251FD2,id=1f216d10-6a5d-4e67-b983-ab62dd80285a
2021-09-01 14:11:25,086 [Command processor thread] INFO  impl.RoleInfo (RoleInfo.java:shutdownFollowerState(108)) - 1f216d10-6a5d-4e67-b983-ab62dd80285a: shutdown 1f216d10-6a5d-4e67-b983-ab62dd80285a@group-4F5C23251FD2-FollowerState
2021-09-01 14:11:25,086 [1f216d10-6a5d-4e67-b983-ab62dd80285a@group-4F5C23251FD2-FollowerState] INFO  impl.FollowerState (FollowerState.java:run(143)) - 1f216d10-6a5d-4e67-b983-ab62dd80285a@group-4F5C23251FD2-FollowerState was interrupted: {}
java.lang.InterruptedException: sleep interrupted
	at java.lang.Thread.sleep(Native Method)
	at java.lang.Thread.sleep(Thread.java:340)
	at java.util.concurrent.TimeUnit.sleep(TimeUnit.java:386)
	at org.apache.ratis.util.TimeDuration.sleep(TimeDuration.java:324)
	at org.apache.ratis.util.TimeDuration.sleep(TimeDuration.java:309)
	at org.apache.ratis.server.impl.FollowerState.run(FollowerState.java:118)
2021-09-01 14:11:25,086 [Command processor thread] INFO  impl.StateMachineUpdater (StateMachineUpdater.java:stopAndJoin(149)) - 1f216d10-6a5d-4e67-b983-ab62dd80285a@group-4F5C23251FD2-StateMachineUpdater: set stopIndex = -1
2021-09-01 14:11:25,091 [Command processor thread] INFO  server.RaftServer$Division (ServerState.java:close(419)) - 1f216d10-6a5d-4e67-b983-ab62dd80285a@group-4F5C23251FD2: closes. applyIndex: -1
2021-09-01 14:11:25,092 [1f216d10-6a5d-4e67-b983-ab62dd80285a@group-4F5C23251FD2-SegmentedRaftLogWorker] INFO  segmented.SegmentedRaftLogWorker (SegmentedRaftLogWorker.java:run(327)) - 1f216d10-6a5d-4e67-b983-ab62dd80285a@group-4F5C23251FD2-SegmentedRaftLogWorker was interrupted, exiting. There are 0 tasks remaining in the queue.
2021-09-01 14:11:25,092 [Command processor thread] INFO  segmented.SegmentedRaftLogWorker (SegmentedRaftLogWorker.java:close(237)) - 1f216d10-6a5d-4e67-b983-ab62dd80285a@group-4F5C23251FD2-SegmentedRaftLogWorker close()
2021-09-01 14:11:25,095 [Command processor thread] INFO  server.RaftServer$Division (RaftServerImpl.java:groupRemove(377)) - 1f216d10-6a5d-4e67-b983-ab62dd80285a@group-4F5C23251FD2: Succeed to remove RaftStorageDirectory Storage Directory /home/runner/work/ozone/ozone/hadoop-ozone/integration-test/target/test-dir/MiniOzoneClusterImpl-cc063b0d-8217-4a41-b176-f0c6278c97ab/datanode-2/data/ratis/15194566-c2e7-43ec-a238-4f5c23251fd2
2021-09-01 14:11:25,096 [Command processor thread] INFO  commandhandler.ClosePipelineCommandHandler (ClosePipelineCommandHandler.java:handle(75)) - Close Pipeline PipelineID=15194566-c2e7-43ec-a238-4f5c23251fd2 command on datanode 1f216d10-6a5d-4e67-b983-ab62dd80285a.
2021-09-01 14:11:25,096 [Command processor thread] INFO  server.RaftServer (RaftServerProxy.java:remove(106)) - 1f216d10-6a5d-4e67-b983-ab62dd80285a: remove    LEADER 1f216d10-6a5d-4e67-b983-ab62dd80285a@group-E2BE6F1CA809:t1, leader=1f216d10-6a5d-4e67-b983-ab62dd80285a, voted=1f216d10-6a5d-4e67-b983-ab62dd80285a, raftlog=1f216d10-6a5d-4e67-b983-ab62dd80285a@group-E2BE6F1CA809-SegmentedRaftLog:OPENED:c0,f0,i0, conf=0: [1f216d10-6a5d-4e67-b983-ab62dd80285a|rpc:10.1.0.27:36441|dataStream:|priority:1], old=null RUNNING
2021-09-01 14:11:25,096 [Command processor thread] INFO  server.RaftServer$Division (RaftServerImpl.java:lambda$close$4(407)) - 1f216d10-6a5d-4e67-b983-ab62dd80285a@group-E2BE6F1CA809: shutdown
2021-09-01 14:11:25,097 [Command processor thread] INFO  util.JmxRegister (JmxRegister.java:unregister(73)) - Successfully un-registered JMX Bean with object name Ratis:service=RaftServer,group=group-E2BE6F1CA809,id=1f216d10-6a5d-4e67-b983-ab62dd80285a
2021-09-01 14:11:25,097 [Command processor thread] INFO  impl.RoleInfo (RoleInfo.java:shutdownLeaderState(91)) - 1f216d10-6a5d-4e67-b983-ab62dd80285a: shutdown 1f216d10-6a5d-4e67-b983-ab62dd80285a@group-E2BE6F1CA809-LeaderStateImpl
2021-09-01 14:11:25,097 [Command processor thread] INFO  impl.PendingRequests (PendingRequests.java:sendNotLeaderResponses(282)) - 1f216d10-6a5d-4e67-b983-ab62dd80285a@group-E2BE6F1CA809-PendingRequests: sendNotLeaderResponses
2021-09-01 14:11:25,098 [Command processor thread] INFO  impl.StateMachineUpdater (StateMachineUpdater.java:stopAndJoin(149)) - 1f216d10-6a5d-4e67-b983-ab62dd80285a@group-E2BE6F1CA809-StateMachineUpdater: set stopIndex = 0
2021-09-01 14:11:25,098 [1f216d10-6a5d-4e67-b983-ab62dd80285a@group-E2BE6F1CA809-StateMachineUpdater] INFO  ratis.ContainerStateMachine (ContainerStateMachine.java:takeSnapshot(292)) - group-E2BE6F1CA809: Taking a snapshot at:(t:1, i:0) file /home/runner/work/ozone/ozone/hadoop-ozone/integration-test/target/test-dir/MiniOzoneClusterImpl-cc063b0d-8217-4a41-b176-f0c6278c97ab/datanode-2/data/ratis/8cb1bf33-e544-4c80-a5e5-e2be6f1ca809/sm/snapshot.1_0
2021-09-01 14:11:25,122 [1f216d10-6a5d-4e67-b983-ab62dd80285a@group-E2BE6F1CA809-StateMachineUpdater] INFO  ratis.ContainerStateMachine (ContainerStateMachine.java:takeSnapshot(303)) - group-E2BE6F1CA809: Finished taking a snapshot at:(t:1, i:0) file:/home/runner/work/ozone/ozone/hadoop-ozone/integration-test/target/test-dir/MiniOzoneClusterImpl-cc063b0d-8217-4a41-b176-f0c6278c97ab/datanode-2/data/ratis/8cb1bf33-e544-4c80-a5e5-e2be6f1ca809/sm/snapshot.1_0 took: 24 ms
2021-09-01 14:11:25,123 [1f216d10-6a5d-4e67-b983-ab62dd80285a@group-E2BE6F1CA809-StateMachineUpdater] INFO  impl.StateMachineUpdater (StateMachineUpdater.java:takeSnapshot(281)) - 1f216d10-6a5d-4e67-b983-ab62dd80285a@group-E2BE6F1CA809-StateMachineUpdater: Took a snapshot at index 0
2021-09-01 14:11:25,125 [1f216d10-6a5d-4e67-b983-ab62dd80285a@group-E2BE6F1CA809-StateMachineUpdater] INFO  impl.StateMachineUpdater (StateMachineUpdater.java:lambda$new$0(89)) - 1f216d10-6a5d-4e67-b983-ab62dd80285a@group-E2BE6F1CA809-StateMachineUpdater: snapshotIndex: updateIncreasingly -1 -> 0
2021-09-01 14:11:25,130 [Command processor thread] INFO  server.RaftServer$Division (ServerState.java:close(419)) - 1f216d10-6a5d-4e67-b983-ab62dd80285a@group-E2BE6F1CA809: closes. applyIndex: 0
2021-09-01 14:11:25,130 [1f216d10-6a5d-4e67-b983-ab62dd80285a@group-E2BE6F1CA809-SegmentedRaftLogWorker] INFO  segmented.SegmentedRaftLogWorker (SegmentedRaftLogWorker.java:run(327)) - 1f216d10-6a5d-4e67-b983-ab62dd80285a@group-E2BE6F1CA809-SegmentedRaftLogWorker was interrupted, exiting. There are 0 tasks remaining in the queue.
2021-09-01 14:11:25,130 [Command processor thread] INFO  segmented.SegmentedRaftLogWorker (SegmentedRaftLogWorker.java:close(237)) - 1f216d10-6a5d-4e67-b983-ab62dd80285a@group-E2BE6F1CA809-SegmentedRaftLogWorker close()
2021-09-01 14:11:25,131 [Command processor thread] INFO  server.RaftServer$Division (RaftServerImpl.java:groupRemove(377)) - 1f216d10-6a5d-4e67-b983-ab62dd80285a@group-E2BE6F1CA809: Succeed to remove RaftStorageDirectory Storage Directory /home/runner/work/ozone/ozone/hadoop-ozone/integration-test/target/test-dir/MiniOzoneClusterImpl-cc063b0d-8217-4a41-b176-f0c6278c97ab/datanode-2/data/ratis/8cb1bf33-e544-4c80-a5e5-e2be6f1ca809
2021-09-01 14:11:25,131 [Command processor thread] INFO  commandhandler.ClosePipelineCommandHandler (ClosePipelineCommandHandler.java:handle(75)) - Close Pipeline PipelineID=8cb1bf33-e544-4c80-a5e5-e2be6f1ca809 command on datanode 1f216d10-6a5d-4e67-b983-ab62dd80285a.
2021-09-01 14:11:25,391 [Command processor thread] INFO  server.RaftServer (RaftServerProxy.java:remove(106)) - 5c6bb450-033d-4b31-9de4-d545ca09f4a5: remove  FOLLOWER 5c6bb450-033d-4b31-9de4-d545ca09f4a5@group-4F5C23251FD2:t2, leader=null, voted=5a414dd0-042d-4554-a0be-5f06df5d5cdb, raftlog=5c6bb450-033d-4b31-9de4-d545ca09f4a5@group-4F5C23251FD2-SegmentedRaftLog:OPENED:c-1,f-1,i0, conf=-1: [5a414dd0-042d-4554-a0be-5f06df5d5cdb|rpc:10.1.0.27:40947|priority:0, 5c6bb450-033d-4b31-9de4-d545ca09f4a5|rpc:10.1.0.27:34561|priority:0, 1f216d10-6a5d-4e67-b983-ab62dd80285a|rpc:10.1.0.27:36441|priority:1], old=null RUNNING
2021-09-01 14:11:25,391 [Command processor thread] INFO  server.RaftServer$Division (RaftServerImpl.java:lambda$close$4(407)) - 5c6bb450-033d-4b31-9de4-d545ca09f4a5@group-4F5C23251FD2: shutdown
2021-09-01 14:11:25,391 [Command processor thread] INFO  util.JmxRegister (JmxRegister.java:unregister(73)) - Successfully un-registered JMX Bean with object name Ratis:service=RaftServer,group=group-4F5C23251FD2,id=5c6bb450-033d-4b31-9de4-d545ca09f4a5
2021-09-01 14:11:25,391 [Command processor thread] INFO  impl.RoleInfo (RoleInfo.java:shutdownFollowerState(108)) - 5c6bb450-033d-4b31-9de4-d545ca09f4a5: shutdown 5c6bb450-033d-4b31-9de4-d545ca09f4a5@group-4F5C23251FD2-FollowerState
2021-09-01 14:11:25,391 [Command processor thread] INFO  impl.StateMachineUpdater (StateMachineUpdater.java:stopAndJoin(149)) - 5c6bb450-033d-4b31-9de4-d545ca09f4a5@group-4F5C23251FD2-StateMachineUpdater: set stopIndex = -1
2021-09-01 14:11:25,391 [5c6bb450-033d-4b31-9de4-d545ca09f4a5@group-4F5C23251FD2-FollowerState] INFO  impl.FollowerState (FollowerState.java:run(143)) - 5c6bb450-033d-4b31-9de4-d545ca09f4a5@group-4F5C23251FD2-FollowerState was interrupted: {}
java.lang.InterruptedException: sleep interrupted
	at java.lang.Thread.sleep(Native Method)
	at java.lang.Thread.sleep(Thread.java:340)
	at java.util.concurrent.TimeUnit.sleep(TimeUnit.java:386)
	at org.apache.ratis.util.TimeDuration.sleep(TimeDuration.java:324)
	at org.apache.ratis.util.TimeDuration.sleep(TimeDuration.java:309)
	at org.apache.ratis.server.impl.FollowerState.run(FollowerState.java:118)
2021-09-01 14:11:25,392 [Command processor thread] INFO  server.RaftServer$Division (ServerState.java:close(419)) - 5c6bb450-033d-4b31-9de4-d545ca09f4a5@group-4F5C23251FD2: closes. applyIndex: -1
2021-09-01 14:11:25,393 [5c6bb450-033d-4b31-9de4-d545ca09f4a5@group-4F5C23251FD2-SegmentedRaftLogWorker] INFO  segmented.SegmentedRaftLogWorker (SegmentedRaftLogWorker.java:run(327)) - 5c6bb450-033d-4b31-9de4-d545ca09f4a5@group-4F5C23251FD2-SegmentedRaftLogWorker was interrupted, exiting. There are 0 tasks remaining in the queue.
2021-09-01 14:11:25,394 [Command processor thread] INFO  segmented.SegmentedRaftLogWorker (SegmentedRaftLogWorker.java:close(237)) - 5c6bb450-033d-4b31-9de4-d545ca09f4a5@group-4F5C23251FD2-SegmentedRaftLogWorker close()
2021-09-01 14:11:25,395 [Command processor thread] INFO  server.RaftServer$Division (RaftServerImpl.java:groupRemove(377)) - 5c6bb450-033d-4b31-9de4-d545ca09f4a5@group-4F5C23251FD2: Succeed to remove RaftStorageDirectory Storage Directory /home/runner/work/ozone/ozone/hadoop-ozone/integration-test/target/test-dir/MiniOzoneClusterImpl-cc063b0d-8217-4a41-b176-f0c6278c97ab/datanode-0/data/ratis/15194566-c2e7-43ec-a238-4f5c23251fd2
2021-09-01 14:11:25,395 [EventQueue-PipelineReportForPipelineReportHandler] INFO  pipeline.PipelineReportHandler (PipelineReportHandler.java:processPipelineReport(113)) - Reported pipeline PipelineID=15194566-c2e7-43ec-a238-4f5c23251fd2 is not found
2021-09-01 14:11:25,395 [Command processor thread] INFO  commandhandler.ClosePipelineCommandHandler (ClosePipelineCommandHandler.java:handle(75)) - Close Pipeline PipelineID=15194566-c2e7-43ec-a238-4f5c23251fd2 command on datanode 5c6bb450-033d-4b31-9de4-d545ca09f4a5.
2021-09-01 14:11:25,396 [Command processor thread] WARN  server.RaftServer (RaftServerProxy.java:remove(101)) - 5c6bb450-033d-4b31-9de4-d545ca09f4a5: does not contain group: group-4F5C23251FD2
2021-09-01 14:11:25,397 [Command processor thread] ERROR commandhandler.ClosePipelineCommandHandler (ClosePipelineCommandHandler.java:handle(78)) - Can't close pipeline PipelineID=15194566-c2e7-43ec-a238-4f5c23251fd2
java.io.IOException: 5c6bb450-033d-4b31-9de4-d545ca09f4a5: Group group-4F5C23251FD2 not found.
	at org.apache.hadoop.ozone.container.common.transport.server.ratis.XceiverServerRatis.removeGroup(XceiverServerRatis.java:781)
	at org.apache.hadoop.ozone.container.common.statemachine.commandhandler.ClosePipelineCommandHandler.handle(ClosePipelineCommandHandler.java:74)
	at org.apache.hadoop.ozone.container.common.statemachine.commandhandler.CommandDispatcher.handle(CommandDispatcher.java:99)
	at org.apache.hadoop.ozone.container.common.statemachine.DatanodeStateMachine.lambda$initCommandHandlerThread$2(DatanodeStateMachine.java:556)
	at java.lang.Thread.run(Thread.java:748)
Caused by: org.apache.ratis.protocol.exceptions.GroupMismatchException: 5c6bb450-033d-4b31-9de4-d545ca09f4a5: Group group-4F5C23251FD2 not found.
	at org.apache.ratis.server.impl.RaftServerProxy.groupRemoveAsync(RaftServerProxy.java:504)
	at org.apache.ratis.server.impl.RaftServerProxy.groupManagementAsync(RaftServerProxy.java:460)
	at org.apache.ratis.server.impl.RaftServerProxy.groupManagement(RaftServerProxy.java:440)
	at org.apache.hadoop.ozone.container.common.transport.server.ratis.XceiverServerRatis.removeGroup(XceiverServerRatis.java:779)
	... 4 more
2021-09-01 14:11:25,417 [Listener at 127.0.0.1/44153] INFO  ozone.MiniOzoneClusterImpl (MiniOzoneClusterImpl.java:lambda$waitForClusterToBeReady$0(235)) - Nodes are ready. Got 6 of 6 DN Heartbeats.
2021-09-01 14:11:25,417 [Listener at 127.0.0.1/44153] INFO  ozone.MiniOzoneClusterImpl (MiniOzoneClusterImpl.java:lambda$waitForClusterToBeReady$0(238)) - Waiting for cluster to exit safe mode
2021-09-01 14:11:25,418 [Listener at 127.0.0.1/44153] INFO  ozone.MiniOzoneClusterImpl (MiniOzoneClusterImpl.java:lambda$waitForClusterToBeReady$0(240)) - SCM became leader
2021-09-01 14:11:25,531 [Command processor thread] INFO  server.RaftServer (RaftServerProxy.java:remove(106)) - 5a414dd0-042d-4554-a0be-5f06df5d5cdb: remove  FOLLOWER 5a414dd0-042d-4554-a0be-5f06df5d5cdb@group-4F5C23251FD2:t2, leader=null, voted=5a414dd0-042d-4554-a0be-5f06df5d5cdb, raftlog=5a414dd0-042d-4554-a0be-5f06df5d5cdb@group-4F5C23251FD2-SegmentedRaftLog:OPENED:c-1,f-1,i0, conf=-1: [5a414dd0-042d-4554-a0be-5f06df5d5cdb|rpc:10.1.0.27:40947|priority:0, 5c6bb450-033d-4b31-9de4-d545ca09f4a5|rpc:10.1.0.27:34561|priority:0, 1f216d10-6a5d-4e67-b983-ab62dd80285a|rpc:10.1.0.27:36441|priority:1], old=null RUNNING
2021-09-01 14:11:25,531 [Command processor thread] INFO  server.RaftServer$Division (RaftServerImpl.java:lambda$close$4(407)) - 5a414dd0-042d-4554-a0be-5f06df5d5cdb@group-4F5C23251FD2: shutdown
2021-09-01 14:11:25,531 [Command processor thread] INFO  util.JmxRegister (JmxRegister.java:unregister(73)) - Successfully un-registered JMX Bean with object name Ratis:service=RaftServer,group=group-4F5C23251FD2,id=5a414dd0-042d-4554-a0be-5f06df5d5cdb
2021-09-01 14:11:25,531 [Command processor thread] INFO  impl.RoleInfo (RoleInfo.java:shutdownFollowerState(108)) - 5a414dd0-042d-4554-a0be-5f06df5d5cdb: shutdown 5a414dd0-042d-4554-a0be-5f06df5d5cdb@group-4F5C23251FD2-FollowerState
2021-09-01 14:11:25,531 [Command processor thread] INFO  impl.StateMachineUpdater (StateMachineUpdater.java:stopAndJoin(149)) - 5a414dd0-042d-4554-a0be-5f06df5d5cdb@group-4F5C23251FD2-StateMachineUpdater: set stopIndex = -1
2021-09-01 14:11:25,531 [5a414dd0-042d-4554-a0be-5f06df5d5cdb@group-4F5C23251FD2-FollowerState] INFO  impl.FollowerState (FollowerState.java:run(143)) - 5a414dd0-042d-4554-a0be-5f06df5d5cdb@group-4F5C23251FD2-FollowerState was interrupted: {}
java.lang.InterruptedException: sleep interrupted
	at java.lang.Thread.sleep(Native Method)
	at java.lang.Thread.sleep(Thread.java:340)
	at java.util.concurrent.TimeUnit.sleep(TimeUnit.java:386)
	at org.apache.ratis.util.TimeDuration.sleep(TimeDuration.java:324)
	at org.apache.ratis.util.TimeDuration.sleep(TimeDuration.java:309)
	at org.apache.ratis.server.impl.FollowerState.run(FollowerState.java:118)
2021-09-01 14:11:25,533 [EventQueue-PipelineReportForPipelineReportHandler] INFO  pipeline.PipelineReportHandler (PipelineReportHandler.java:processPipelineReport(113)) - Reported pipeline PipelineID=15194566-c2e7-43ec-a238-4f5c23251fd2 is not found
2021-09-01 14:11:25,531 [Command processor thread] INFO  server.RaftServer$Division (ServerState.java:close(419)) - 5a414dd0-042d-4554-a0be-5f06df5d5cdb@group-4F5C23251FD2: closes. applyIndex: -1
2021-09-01 14:11:25,539 [5a414dd0-042d-4554-a0be-5f06df5d5cdb@group-4F5C23251FD2-SegmentedRaftLogWorker] INFO  segmented.SegmentedRaftLogWorker (SegmentedRaftLogWorker.java:run(327)) - 5a414dd0-042d-4554-a0be-5f06df5d5cdb@group-4F5C23251FD2-SegmentedRaftLogWorker was interrupted, exiting. There are 0 tasks remaining in the queue.
2021-09-01 14:11:25,539 [Command processor thread] INFO  segmented.SegmentedRaftLogWorker (SegmentedRaftLogWorker.java:close(237)) - 5a414dd0-042d-4554-a0be-5f06df5d5cdb@group-4F5C23251FD2-SegmentedRaftLogWorker close()
2021-09-01 14:11:25,540 [Command processor thread] INFO  server.RaftServer$Division (RaftServerImpl.java:groupRemove(377)) - 5a414dd0-042d-4554-a0be-5f06df5d5cdb@group-4F5C23251FD2: Succeed to remove RaftStorageDirectory Storage Directory /home/runner/work/ozone/ozone/hadoop-ozone/integration-test/target/test-dir/MiniOzoneClusterImpl-cc063b0d-8217-4a41-b176-f0c6278c97ab/datanode-1/data/ratis/15194566-c2e7-43ec-a238-4f5c23251fd2
2021-09-01 14:11:25,540 [Command processor thread] INFO  commandhandler.ClosePipelineCommandHandler (ClosePipelineCommandHandler.java:handle(75)) - Close Pipeline PipelineID=15194566-c2e7-43ec-a238-4f5c23251fd2 command on datanode 5a414dd0-042d-4554-a0be-5f06df5d5cdb.
2021-09-01 14:11:25,541 [Command processor thread] WARN  server.RaftServer (RaftServerProxy.java:remove(101)) - 5a414dd0-042d-4554-a0be-5f06df5d5cdb: does not contain group: group-4F5C23251FD2
2021-09-01 14:11:25,541 [Command processor thread] ERROR commandhandler.ClosePipelineCommandHandler (ClosePipelineCommandHandler.java:handle(78)) - Can't close pipeline PipelineID=15194566-c2e7-43ec-a238-4f5c23251fd2
java.io.IOException: 5a414dd0-042d-4554-a0be-5f06df5d5cdb: Group group-4F5C23251FD2 not found.
	at org.apache.hadoop.ozone.container.common.transport.server.ratis.XceiverServerRatis.removeGroup(XceiverServerRatis.java:781)
	at org.apache.hadoop.ozone.container.common.statemachine.commandhandler.ClosePipelineCommandHandler.handle(ClosePipelineCommandHandler.java:74)
	at org.apache.hadoop.ozone.container.common.statemachine.commandhandler.CommandDispatcher.handle(CommandDispatcher.java:99)
	at org.apache.hadoop.ozone.container.common.statemachine.DatanodeStateMachine.lambda$initCommandHandlerThread$2(DatanodeStateMachine.java:556)
	at java.lang.Thread.run(Thread.java:748)
Caused by: org.apache.ratis.protocol.exceptions.GroupMismatchException: 5a414dd0-042d-4554-a0be-5f06df5d5cdb: Group group-4F5C23251FD2 not found.
	at org.apache.ratis.server.impl.RaftServerProxy.groupRemoveAsync(RaftServerProxy.java:504)
	at org.apache.ratis.server.impl.RaftServerProxy.groupManagementAsync(RaftServerProxy.java:460)
	at org.apache.ratis.server.impl.RaftServerProxy.groupManagement(RaftServerProxy.java:440)
	at org.apache.hadoop.ozone.container.common.transport.server.ratis.XceiverServerRatis.removeGroup(XceiverServerRatis.java:779)
	... 4 more
2021-09-01 14:11:25,666 [ReplicationMonitor] INFO  container.ReplicationManager (ReplicationManager.java:processAll(359)) - Replication Monitor Thread took 0 milliseconds for processing 0 containers.
2021-09-01 14:11:25,765 [Command processor thread] INFO  server.RaftServer (RaftServerProxy.java:addNew(95)) - f523353f-23f0-4ce1-8f0d-52852ad44ff4: addNew group-476D2D67D512:[f523353f-23f0-4ce1-8f0d-52852ad44ff4|rpc:10.1.0.27:39485|priority:1] returns group-476D2D67D512:java.util.concurrent.CompletableFuture@152c9a6f[Not completed]
2021-09-01 14:11:25,768 [pool-220-thread-1] INFO  server.RaftServer$Division (RaftServerImpl.java:<init>(181)) - f523353f-23f0-4ce1-8f0d-52852ad44ff4: new RaftServerImpl for group-476D2D67D512:[f523353f-23f0-4ce1-8f0d-52852ad44ff4|rpc:10.1.0.27:39485|priority:1] with ContainerStateMachine:uninitialized
2021-09-01 14:11:25,770 [pool-220-thread-1] INFO  server.RaftServerConfigKeys (ConfUtils.java:logGet(44)) - raft.server.rpc.timeout.min = 5s (custom)
2021-09-01 14:11:25,770 [pool-220-thread-1] INFO  server.RaftServerConfigKeys (ConfUtils.java:logGet(44)) - raft.server.rpc.timeout.max = 5200ms (custom)
2021-09-01 14:11:25,770 [pool-220-thread-1] INFO  server.RaftServerConfigKeys (ConfUtils.java:logGet(44)) - raft.server.rpc.sleep.time = 25ms (default)
2021-09-01 14:11:25,770 [pool-220-thread-1] INFO  server.RaftServerConfigKeys (ConfUtils.java:logGet(44)) - raft.server.rpc.slowness.timeout = 300s (custom)
2021-09-01 14:11:25,770 [pool-220-thread-1] INFO  server.RaftServerConfigKeys (ConfUtils.java:logGet(44)) - raft.server.leaderelection.leader.step-down.wait-time = 10s (default)
2021-09-01 14:11:25,770 [pool-220-thread-1] INFO  server.RaftServerConfigKeys (ConfUtils.java:logGet(44)) - raft.server.sleep.deviation.threshold = 300ms (default)
2021-09-01 14:11:25,770 [pool-220-thread-1] INFO  server.RaftServerConfigKeys (ConfUtils.java:logGet(44)) - raft.server.log.appender.install.snapshot.enabled = false (custom)
2021-09-01 14:11:25,770 [pool-220-thread-1] INFO  server.RaftServer$Division (ServerState.java:<init>(105)) - f523353f-23f0-4ce1-8f0d-52852ad44ff4@group-476D2D67D512: ConfigurationManager, init=-1: [f523353f-23f0-4ce1-8f0d-52852ad44ff4|rpc:10.1.0.27:39485|priority:1], old=null, confs=<EMPTY_MAP>
2021-09-01 14:11:25,771 [pool-220-thread-1] INFO  server.RaftServerConfigKeys (ConfUtils.java:logGet(44)) - raft.server.storage.dir = [/home/runner/work/ozone/ozone/hadoop-ozone/integration-test/target/test-dir/MiniOzoneClusterImpl-ade41b4a-42d1-4ce8-adde-039c2ad4b32e/datanode-0/data/ratis] (custom)
2021-09-01 14:11:25,771 [pool-220-thread-1] INFO  server.RaftServerConfigKeys (ConfUtils.java:logGet(44)) - raft.server.log.corruption.policy = EXCEPTION (default)
2021-09-01 14:11:25,771 [pool-220-thread-1] INFO  server.RaftServerConfigKeys (ConfUtils.java:logGet(44)) - raft.server.storage.free-space.min = 0MB (=0) (default)
2021-09-01 14:11:25,771 [pool-220-thread-1] INFO  storage.RaftStorageDirectory (RaftStorageDirectoryImpl.java:analyzeStorage(135)) - The storage directory /home/runner/work/ozone/ozone/hadoop-ozone/integration-test/target/test-dir/MiniOzoneClusterImpl-ade41b4a-42d1-4ce8-adde-039c2ad4b32e/datanode-0/data/ratis/541e51d4-6c9f-49be-9f69-476d2d67d512 does not exist. Creating ...
2021-09-01 14:11:25,773 [pool-220-thread-1] INFO  storage.RaftStorageDirectory (RaftStorageDirectoryImpl.java:tryLock(230)) - Lock on /home/runner/work/ozone/ozone/hadoop-ozone/integration-test/target/test-dir/MiniOzoneClusterImpl-ade41b4a-42d1-4ce8-adde-039c2ad4b32e/datanode-0/data/ratis/541e51d4-6c9f-49be-9f69-476d2d67d512/in_use.lock acquired by nodename 9503@fv-az148-824
2021-09-01 14:11:25,774 [pool-220-thread-1] INFO  storage.RaftStorage (RaftStorageImpl.java:format(89)) - Storage directory /home/runner/work/ozone/ozone/hadoop-ozone/integration-test/target/test-dir/MiniOzoneClusterImpl-ade41b4a-42d1-4ce8-adde-039c2ad4b32e/datanode-0/data/ratis/541e51d4-6c9f-49be-9f69-476d2d67d512 has been successfully formatted.
2021-09-01 14:11:25,775 [pool-220-thread-1] INFO  ratis.ContainerStateMachine (ContainerStateMachine.java:loadSnapshot(224)) - group-476D2D67D512: The snapshot info is null. Setting the last applied indexto:(t:0, i:~)
2021-09-01 14:11:25,776 [pool-220-thread-1] INFO  server.RaftServerConfigKeys (ConfUtils.java:logGet(44)) - raft.server.notification.no-leader.timeout = 300s (custom)
2021-09-01 14:11:25,776 [pool-220-thread-1] INFO  server.RaftServerConfigKeys (ConfUtils.java:logGet(44)) - raft.server.log.use.memory = false (default)
2021-09-01 14:11:25,776 [pool-220-thread-1] INFO  server.RaftServerConfigKeys (ConfUtils.java:logGet(44)) - raft.server.log.purge.gap = 1000000 (custom)
2021-09-01 14:11:25,776 [pool-220-thread-1] INFO  server.RaftServerConfigKeys (ConfUtils.java:logGet(44)) - raft.server.log.appender.buffer.byte-limit = 33554432 (custom)
2021-09-01 14:11:25,776 [pool-220-thread-1] INFO  server.RaftServerConfigKeys (ConfUtils.java:logGet(44)) - raft.server.log.segment.size.max = 1048576 (custom)
2021-09-01 14:11:25,776 [pool-220-thread-1] INFO  server.RaftServerConfigKeys (ConfUtils.java:logGet(44)) - raft.server.log.segment.cache.num.max = 2 (custom)
2021-09-01 14:11:25,776 [pool-220-thread-1] INFO  server.RaftServerConfigKeys (ConfUtils.java:logGet(44)) - raft.server.log.segment.cache.size.max = 200MB (=209715200) (default)
2021-09-01 14:11:25,777 [pool-220-thread-1] INFO  segmented.SegmentedRaftLogWorker (SegmentedRaftLogWorker.java:<init>(182)) - new f523353f-23f0-4ce1-8f0d-52852ad44ff4@group-476D2D67D512-SegmentedRaftLogWorker for RaftStorageImpl:Storage Directory /home/runner/work/ozone/ozone/hadoop-ozone/integration-test/target/test-dir/MiniOzoneClusterImpl-ade41b4a-42d1-4ce8-adde-039c2ad4b32e/datanode-0/data/ratis/541e51d4-6c9f-49be-9f69-476d2d67d512
2021-09-01 14:11:25,777 [pool-220-thread-1] INFO  server.RaftServerConfigKeys (ConfUtils.java:logGet(44)) - raft.server.log.queue.byte-limit = 2147483647 (custom)
2021-09-01 14:11:25,777 [pool-220-thread-1] INFO  server.RaftServerConfigKeys (ConfUtils.java:logGet(44)) - raft.server.log.queue.element-limit = 1024 (custom)
2021-09-01 14:11:25,777 [pool-220-thread-1] INFO  server.RaftServerConfigKeys (ConfUtils.java:logGet(44)) - raft.server.log.segment.size.max = 1048576 (custom)
2021-09-01 14:11:25,777 [EventQueue-PipelineReportForPipelineReportHandler] INFO  pipeline.PipelineManagerImpl (PipelineManagerImpl.java:openPipeline(282)) - Pipeline Pipeline[ Id: 541e51d4-6c9f-49be-9f69-476d2d67d512, Nodes: f523353f-23f0-4ce1-8f0d-52852ad44ff4{ip: 10.1.0.27, host: fv-az148-824.bm4ck3pvxvsene1rjriu5fhcdb.bx.internal.cloudapp.net, ports: [REPLICATION=42373, RATIS=39485, RATIS_ADMIN=39485, RATIS_SERVER=39485, STANDALONE=33713], networkLocation: /default-rack, certSerialId: null, persistedOpState: IN_SERVICE, persistedOpStateExpiryEpochSec: 0}, ReplicationConfig: RATIS/ONE, State:ALLOCATED, leaderId:f523353f-23f0-4ce1-8f0d-52852ad44ff4, CreationTimestamp2021-09-01T14:11:22.782Z[Etc/UTC]] moved to OPEN state
2021-09-01 14:11:25,777 [pool-220-thread-1] INFO  server.RaftServerConfigKeys (ConfUtils.java:logGet(44)) - raft.server.log.preallocated.size = 16384 (custom)
2021-09-01 14:11:25,777 [pool-220-thread-1] INFO  server.RaftServerConfigKeys (ConfUtils.java:logGet(44)) - raft.server.log.force.sync.num = 128 (default)
2021-09-01 14:11:25,777 [pool-220-thread-1] INFO  server.RaftServerConfigKeys (ConfUtils.java:logGet(44)) - raft.server.log.statemachine.data.sync = true (default)
2021-09-01 14:11:25,777 [pool-220-thread-1] INFO  server.RaftServerConfigKeys (ConfUtils.java:logGet(44)) - raft.server.log.statemachine.data.sync.timeout = 10s (default)
2021-09-01 14:11:25,777 [pool-220-thread-1] INFO  server.RaftServerConfigKeys (ConfUtils.java:logGet(44)) - raft.server.log.statemachine.data.sync.timeout.retry = -1 (default)
2021-09-01 14:11:25,778 [pool-220-thread-1] INFO  server.RaftServerConfigKeys (ConfUtils.java:logGet(44)) - raft.server.log.write.buffer.size = 1048576 (custom)
2021-09-01 14:11:25,778 [pool-220-thread-1] INFO  server.RaftServerConfigKeys (ConfUtils.java:logGet(44)) - raft.server.log.statemachine.data.caching.enabled = true (custom)
2021-09-01 14:11:25,782 [pool-220-thread-1] INFO  segmented.SegmentedRaftLogWorker (SegmentedRaftLogWorker.java:lambda$new$0(133)) - f523353f-23f0-4ce1-8f0d-52852ad44ff4@group-476D2D67D512-SegmentedRaftLogWorker: flushIndex: setUnconditionally 0 -> -1
2021-09-01 14:11:25,783 [pool-220-thread-1] INFO  segmented.SegmentedRaftLogWorker (SegmentedRaftLogWorker.java:lambda$new$0(133)) - f523353f-23f0-4ce1-8f0d-52852ad44ff4@group-476D2D67D512-SegmentedRaftLogWorker: safeCacheEvictIndex: setUnconditionally 0 -> -1
2021-09-01 14:11:25,783 [EventQueue-OpenPipelineForHealthyPipelineSafeModeRule] INFO  safemode.SCMSafeModeManager (HealthyPipelineSafeModeRule.java:process(124)) - SCM in safe mode. Healthy pipelines reported count is 0, required healthy pipeline reported count is 1
2021-09-01 14:11:25,791 [pool-220-thread-1] INFO  server.RaftServerConfigKeys (ConfUtils.java:logGet(44)) - raft.server.snapshot.auto.trigger.enabled = true (custom)
2021-09-01 14:11:25,791 [pool-220-thread-1] INFO  server.RaftServerConfigKeys (ConfUtils.java:logGet(44)) - raft.server.snapshot.auto.trigger.threshold = 10000 (custom)
2021-09-01 14:11:25,791 [pool-220-thread-1] INFO  server.RaftServerConfigKeys (ConfUtils.java:logGet(44)) - raft.server.snapshot.retention.file.num = 5 (custom)
2021-09-01 14:11:25,791 [pool-220-thread-1] INFO  server.RaftServerConfigKeys (ConfUtils.java:logGet(44)) - raft.server.log.purge.upto.snapshot.index = false (default)
2021-09-01 14:11:25,791 [pool-220-thread-1] INFO  server.RaftServerConfigKeys (ConfUtils.java:logGet(44)) - raft.server.retrycache.expirytime = 600000ms (custom)
2021-09-01 14:11:25,791 [pool-220-thread-1] INFO  server.RaftServerConfigKeys (ConfUtils.java:logGet(44)) - raft.server.retrycache.statistics.expirytime = 100μs (default)
2021-09-01 14:11:25,793 [pool-220-thread-1] INFO  server.RaftServer$Division (RaftServerImpl.java:start(296)) - f523353f-23f0-4ce1-8f0d-52852ad44ff4@group-476D2D67D512: start as a follower, conf=-1: [f523353f-23f0-4ce1-8f0d-52852ad44ff4|rpc:10.1.0.27:39485|priority:1], old=null
2021-09-01 14:11:25,793 [pool-220-thread-1] INFO  server.RaftServer$Division (RaftServerImpl.java:setRole(285)) - f523353f-23f0-4ce1-8f0d-52852ad44ff4@group-476D2D67D512: changes role from      null to FOLLOWER at term 0 for startAsFollower
2021-09-01 14:11:25,793 [pool-220-thread-1] INFO  impl.RoleInfo (RoleInfo.java:updateAndGet(130)) - f523353f-23f0-4ce1-8f0d-52852ad44ff4: start f523353f-23f0-4ce1-8f0d-52852ad44ff4@group-476D2D67D512-FollowerState
2021-09-01 14:11:25,793 [pool-220-thread-1] INFO  util.JmxRegister (JmxRegister.java:tryRegister(44)) - Successfully registered JMX Bean with object name Ratis:service=RaftServer,group=group-476D2D67D512,id=f523353f-23f0-4ce1-8f0d-52852ad44ff4
2021-09-01 14:11:25,794 [Command processor thread] INFO  ratis.XceiverServerRatis (XceiverServerRatis.java:addGroup(763)) - Created group PipelineID=541e51d4-6c9f-49be-9f69-476d2d67d512
2021-09-01 14:11:25,794 [Command processor thread] INFO  commandhandler.CreatePipelineCommandHandler (CreatePipelineCommandHandler.java:handle(106)) - Created Pipeline RATIS ONE PipelineID=541e51d4-6c9f-49be-9f69-476d2d67d512.
2021-09-01 14:11:25,794 [Command processor thread] INFO  server.RaftServer (RaftServerProxy.java:addNew(95)) - f523353f-23f0-4ce1-8f0d-52852ad44ff4: addNew group-F257C67CA6D7:[f523353f-23f0-4ce1-8f0d-52852ad44ff4|rpc:10.1.0.27:39485|priority:0, 0f964acd-6a98-4f1f-80e6-2232414a7fb4|rpc:10.1.0.27:39297|priority:0, c4d6a0cb-d450-4943-aeb6-b38ae00f646d|rpc:10.1.0.27:33205|priority:1] returns group-F257C67CA6D7:java.util.concurrent.CompletableFuture@11131c12[Not completed]
2021-09-01 14:11:25,795 [pool-220-thread-1] INFO  server.RaftServer$Division (RaftServerImpl.java:<init>(181)) - f523353f-23f0-4ce1-8f0d-52852ad44ff4: new RaftServerImpl for group-F257C67CA6D7:[f523353f-23f0-4ce1-8f0d-52852ad44ff4|rpc:10.1.0.27:39485|priority:0, 0f964acd-6a98-4f1f-80e6-2232414a7fb4|rpc:10.1.0.27:39297|priority:0, c4d6a0cb-d450-4943-aeb6-b38ae00f646d|rpc:10.1.0.27:33205|priority:1] with ContainerStateMachine:uninitialized
2021-09-01 14:11:25,795 [pool-220-thread-1] INFO  server.RaftServerConfigKeys (ConfUtils.java:logGet(44)) - raft.server.rpc.timeout.min = 5s (custom)
2021-09-01 14:11:25,795 [pool-220-thread-1] INFO  server.RaftServerConfigKeys (ConfUtils.java:logGet(44)) - raft.server.rpc.timeout.max = 5200ms (custom)
2021-09-01 14:11:25,796 [pool-220-thread-1] INFO  server.RaftServerConfigKeys (ConfUtils.java:logGet(44)) - raft.server.rpc.sleep.time = 25ms (default)
2021-09-01 14:11:25,796 [pool-220-thread-1] INFO  server.RaftServerConfigKeys (ConfUtils.java:logGet(44)) - raft.server.rpc.slowness.timeout = 300s (custom)
2021-09-01 14:11:25,796 [pool-220-thread-1] INFO  server.RaftServerConfigKeys (ConfUtils.java:logGet(44)) - raft.server.leaderelection.leader.step-down.wait-time = 10s (default)
2021-09-01 14:11:25,796 [pool-220-thread-1] INFO  server.RaftServerConfigKeys (ConfUtils.java:logGet(44)) - raft.server.sleep.deviation.threshold = 300ms (default)
2021-09-01 14:11:25,796 [pool-220-thread-1] INFO  server.RaftServerConfigKeys (ConfUtils.java:logGet(44)) - raft.server.log.appender.install.snapshot.enabled = false (custom)
2021-09-01 14:11:25,796 [pool-220-thread-1] INFO  server.RaftServer$Division (ServerState.java:<init>(105)) - f523353f-23f0-4ce1-8f0d-52852ad44ff4@group-F257C67CA6D7: ConfigurationManager, init=-1: [f523353f-23f0-4ce1-8f0d-52852ad44ff4|rpc:10.1.0.27:39485|priority:0, 0f964acd-6a98-4f1f-80e6-2232414a7fb4|rpc:10.1.0.27:39297|priority:0, c4d6a0cb-d450-4943-aeb6-b38ae00f646d|rpc:10.1.0.27:33205|priority:1], old=null, confs=<EMPTY_MAP>
2021-09-01 14:11:25,796 [pool-220-thread-1] INFO  server.RaftServerConfigKeys (ConfUtils.java:logGet(44)) - raft.server.storage.dir = [/home/runner/work/ozone/ozone/hadoop-ozone/integration-test/target/test-dir/MiniOzoneClusterImpl-ade41b4a-42d1-4ce8-adde-039c2ad4b32e/datanode-0/data/ratis] (custom)
2021-09-01 14:11:25,796 [pool-220-thread-1] INFO  server.RaftServerConfigKeys (ConfUtils.java:logGet(44)) - raft.server.log.corruption.policy = EXCEPTION (default)
2021-09-01 14:11:25,796 [pool-220-thread-1] INFO  server.RaftServerConfigKeys (ConfUtils.java:logGet(44)) - raft.server.storage.free-space.min = 0MB (=0) (default)
2021-09-01 14:11:25,796 [pool-220-thread-1] INFO  storage.RaftStorageDirectory (RaftStorageDirectoryImpl.java:analyzeStorage(135)) - The storage directory /home/runner/work/ozone/ozone/hadoop-ozone/integration-test/target/test-dir/MiniOzoneClusterImpl-ade41b4a-42d1-4ce8-adde-039c2ad4b32e/datanode-0/data/ratis/d191b0df-21e6-473e-b2a2-f257c67ca6d7 does not exist. Creating ...
2021-09-01 14:11:25,797 [pool-220-thread-1] INFO  storage.RaftStorageDirectory (RaftStorageDirectoryImpl.java:tryLock(230)) - Lock on /home/runner/work/ozone/ozone/hadoop-ozone/integration-test/target/test-dir/MiniOzoneClusterImpl-ade41b4a-42d1-4ce8-adde-039c2ad4b32e/datanode-0/data/ratis/d191b0df-21e6-473e-b2a2-f257c67ca6d7/in_use.lock acquired by nodename 9503@fv-az148-824
2021-09-01 14:11:25,798 [pool-220-thread-1] INFO  storage.RaftStorage (RaftStorageImpl.java:format(89)) - Storage directory /home/runner/work/ozone/ozone/hadoop-ozone/integration-test/target/test-dir/MiniOzoneClusterImpl-ade41b4a-42d1-4ce8-adde-039c2ad4b32e/datanode-0/data/ratis/d191b0df-21e6-473e-b2a2-f257c67ca6d7 has been successfully formatted.
2021-09-01 14:11:25,798 [Datanode State Machine Thread - 0] WARN  statemachine.StateContext (StateContext.java:execute(621)) - No available thread in pool for past 1 seconds.
2021-09-01 14:11:25,799 [EventQueue-OpenPipelineForHealthyPipelineSafeModeRule] INFO  safemode.SCMSafeModeManager (HealthyPipelineSafeModeRule.java:process(124)) - SCM in safe mode. Healthy pipelines reported count is 0, required healthy pipeline reported count is 1
2021-09-01 14:11:25,800 [pool-220-thread-1] INFO  ratis.ContainerStateMachine (ContainerStateMachine.java:loadSnapshot(224)) - group-F257C67CA6D7: The snapshot info is null. Setting the last applied indexto:(t:0, i:~)
2021-09-01 14:11:25,800 [pool-220-thread-1] INFO  server.RaftServerConfigKeys (ConfUtils.java:logGet(44)) - raft.server.notification.no-leader.timeout = 300s (custom)
2021-09-01 14:11:25,800 [pool-220-thread-1] INFO  server.RaftServerConfigKeys (ConfUtils.java:logGet(44)) - raft.server.log.use.memory = false (default)
2021-09-01 14:11:25,800 [pool-220-thread-1] INFO  server.RaftServerConfigKeys (ConfUtils.java:logGet(44)) - raft.server.log.purge.gap = 1000000 (custom)
2021-09-01 14:11:25,800 [pool-220-thread-1] INFO  server.RaftServerConfigKeys (ConfUtils.java:logGet(44)) - raft.server.log.appender.buffer.byte-limit = 33554432 (custom)
2021-09-01 14:11:25,800 [pool-220-thread-1] INFO  server.RaftServerConfigKeys (ConfUtils.java:logGet(44)) - raft.server.log.segment.size.max = 1048576 (custom)
2021-09-01 14:11:25,801 [pool-220-thread-1] INFO  server.RaftServerConfigKeys (ConfUtils.java:logGet(44)) - raft.server.log.segment.cache.num.max = 2 (custom)
2021-09-01 14:11:25,801 [pool-220-thread-1] INFO  server.RaftServerConfigKeys (ConfUtils.java:logGet(44)) - raft.server.log.segment.cache.size.max = 200MB (=209715200) (default)
2021-09-01 14:11:25,801 [pool-220-thread-1] INFO  segmented.SegmentedRaftLogWorker (SegmentedRaftLogWorker.java:<init>(182)) - new f523353f-23f0-4ce1-8f0d-52852ad44ff4@group-F257C67CA6D7-SegmentedRaftLogWorker for RaftStorageImpl:Storage Directory /home/runner/work/ozone/ozone/hadoop-ozone/integration-test/target/test-dir/MiniOzoneClusterImpl-ade41b4a-42d1-4ce8-adde-039c2ad4b32e/datanode-0/data/ratis/d191b0df-21e6-473e-b2a2-f257c67ca6d7
2021-09-01 14:11:25,801 [pool-220-thread-1] INFO  server.RaftServerConfigKeys (ConfUtils.java:logGet(44)) - raft.server.log.queue.byte-limit = 2147483647 (custom)
2021-09-01 14:11:25,801 [pool-220-thread-1] INFO  server.RaftServerConfigKeys (ConfUtils.java:logGet(44)) - raft.server.log.queue.element-limit = 1024 (custom)
2021-09-01 14:11:25,801 [pool-220-thread-1] INFO  server.RaftServerConfigKeys (ConfUtils.java:logGet(44)) - raft.server.log.segment.size.max = 1048576 (custom)
2021-09-01 14:11:25,801 [pool-220-thread-1] INFO  server.RaftServerConfigKeys (ConfUtils.java:logGet(44)) - raft.server.log.preallocated.size = 16384 (custom)
2021-09-01 14:11:25,801 [pool-220-thread-1] INFO  server.RaftServerConfigKeys (ConfUtils.java:logGet(44)) - raft.server.log.force.sync.num = 128 (default)
2021-09-01 14:11:25,801 [pool-220-thread-1] INFO  server.RaftServerConfigKeys (ConfUtils.java:logGet(44)) - raft.server.log.statemachine.data.sync = true (default)
2021-09-01 14:11:25,801 [pool-220-thread-1] INFO  server.RaftServerConfigKeys (ConfUtils.java:logGet(44)) - raft.server.log.statemachine.data.sync.timeout = 10s (default)
2021-09-01 14:11:25,801 [pool-220-thread-1] INFO  server.RaftServerConfigKeys (ConfUtils.java:logGet(44)) - raft.server.log.statemachine.data.sync.timeout.retry = -1 (default)
2021-09-01 14:11:25,802 [pool-220-thread-1] INFO  server.RaftServerConfigKeys (ConfUtils.java:logGet(44)) - raft.server.log.write.buffer.size = 1048576 (custom)
2021-09-01 14:11:25,802 [pool-220-thread-1] INFO  server.RaftServerConfigKeys (ConfUtils.java:logGet(44)) - raft.server.log.statemachine.data.caching.enabled = true (custom)
2021-09-01 14:11:25,803 [pool-220-thread-1] INFO  segmented.SegmentedRaftLogWorker (SegmentedRaftLogWorker.java:lambda$new$0(133)) - f523353f-23f0-4ce1-8f0d-52852ad44ff4@group-F257C67CA6D7-SegmentedRaftLogWorker: flushIndex: setUnconditionally 0 -> -1
2021-09-01 14:11:25,803 [pool-220-thread-1] INFO  segmented.SegmentedRaftLogWorker (SegmentedRaftLogWorker.java:lambda$new$0(133)) - f523353f-23f0-4ce1-8f0d-52852ad44ff4@group-F257C67CA6D7-SegmentedRaftLogWorker: safeCacheEvictIndex: setUnconditionally 0 -> -1
2021-09-01 14:11:25,805 [pool-220-thread-1] INFO  server.RaftServerConfigKeys (ConfUtils.java:logGet(44)) - raft.server.snapshot.auto.trigger.enabled = true (custom)
2021-09-01 14:11:25,805 [pool-220-thread-1] INFO  server.RaftServerConfigKeys (ConfUtils.java:logGet(44)) - raft.server.snapshot.auto.trigger.threshold = 10000 (custom)
2021-09-01 14:11:25,805 [pool-220-thread-1] INFO  server.RaftServerConfigKeys (ConfUtils.java:logGet(44)) - raft.server.snapshot.retention.file.num = 5 (custom)
2021-09-01 14:11:25,805 [pool-220-thread-1] INFO  server.RaftServerConfigKeys (ConfUtils.java:logGet(44)) - raft.server.log.purge.upto.snapshot.index = false (default)
2021-09-01 14:11:25,805 [pool-220-thread-1] INFO  server.RaftServerConfigKeys (ConfUtils.java:logGet(44)) - raft.server.retrycache.expirytime = 600000ms (custom)
2021-09-01 14:11:25,805 [pool-220-thread-1] INFO  server.RaftServerConfigKeys (ConfUtils.java:logGet(44)) - raft.server.retrycache.statistics.expirytime = 100μs (default)
2021-09-01 14:11:25,807 [pool-220-thread-1] INFO  server.RaftServer$Division (RaftServerImpl.java:start(296)) - f523353f-23f0-4ce1-8f0d-52852ad44ff4@group-F257C67CA6D7: start as a follower, conf=-1: [f523353f-23f0-4ce1-8f0d-52852ad44ff4|rpc:10.1.0.27:39485|priority:0, 0f964acd-6a98-4f1f-80e6-2232414a7fb4|rpc:10.1.0.27:39297|priority:0, c4d6a0cb-d450-4943-aeb6-b38ae00f646d|rpc:10.1.0.27:33205|priority:1], old=null
2021-09-01 14:11:25,807 [pool-220-thread-1] INFO  server.RaftServer$Division (RaftServerImpl.java:setRole(285)) - f523353f-23f0-4ce1-8f0d-52852ad44ff4@group-F257C67CA6D7: changes role from      null to FOLLOWER at term 0 for startAsFollower
2021-09-01 14:11:25,807 [pool-220-thread-1] INFO  impl.RoleInfo (RoleInfo.java:updateAndGet(130)) - f523353f-23f0-4ce1-8f0d-52852ad44ff4: start f523353f-23f0-4ce1-8f0d-52852ad44ff4@group-F257C67CA6D7-FollowerState
2021-09-01 14:11:25,807 [pool-220-thread-1] INFO  util.JmxRegister (JmxRegister.java:tryRegister(44)) - Successfully registered JMX Bean with object name Ratis:service=RaftServer,group=group-F257C67CA6D7,id=f523353f-23f0-4ce1-8f0d-52852ad44ff4
2021-09-01 14:11:25,808 [Command processor thread] INFO  ratis.XceiverServerRatis (XceiverServerRatis.java:addGroup(763)) - Created group PipelineID=d191b0df-21e6-473e-b2a2-f257c67ca6d7
2021-09-01 14:11:25,823 [grpc-default-executor-1] INFO  server.RaftServer (RaftServerProxy.java:addNew(95)) - c4d6a0cb-d450-4943-aeb6-b38ae00f646d: addNew group-F257C67CA6D7:[f523353f-23f0-4ce1-8f0d-52852ad44ff4|rpc:10.1.0.27:39485|dataStream:|priority:0, 0f964acd-6a98-4f1f-80e6-2232414a7fb4|rpc:10.1.0.27:39297|dataStream:|priority:0, c4d6a0cb-d450-4943-aeb6-b38ae00f646d|rpc:10.1.0.27:33205|dataStream:|priority:1] returns group-F257C67CA6D7:java.util.concurrent.CompletableFuture@4a9559e8[Not completed]
2021-09-01 14:11:25,824 [pool-297-thread-1] INFO  server.RaftServer$Division (RaftServerImpl.java:<init>(181)) - c4d6a0cb-d450-4943-aeb6-b38ae00f646d: new RaftServerImpl for group-F257C67CA6D7:[f523353f-23f0-4ce1-8f0d-52852ad44ff4|rpc:10.1.0.27:39485|dataStream:|priority:0, 0f964acd-6a98-4f1f-80e6-2232414a7fb4|rpc:10.1.0.27:39297|dataStream:|priority:0, c4d6a0cb-d450-4943-aeb6-b38ae00f646d|rpc:10.1.0.27:33205|dataStream:|priority:1] with ContainerStateMachine:uninitialized
2021-09-01 14:11:25,828 [pool-297-thread-1] INFO  server.RaftServerConfigKeys (ConfUtils.java:logGet(44)) - raft.server.rpc.timeout.min = 5s (custom)
2021-09-01 14:11:25,828 [pool-297-thread-1] INFO  server.RaftServerConfigKeys (ConfUtils.java:logGet(44)) - raft.server.rpc.timeout.max = 5200ms (custom)
2021-09-01 14:11:25,829 [pool-297-thread-1] INFO  server.RaftServerConfigKeys (ConfUtils.java:logGet(44)) - raft.server.rpc.sleep.time = 25ms (default)
2021-09-01 14:11:25,829 [pool-297-thread-1] INFO  server.RaftServerConfigKeys (ConfUtils.java:logGet(44)) - raft.server.rpc.slowness.timeout = 300s (custom)
2021-09-01 14:11:25,829 [pool-297-thread-1] INFO  server.RaftServerConfigKeys (ConfUtils.java:logGet(44)) - raft.server.leaderelection.leader.step-down.wait-time = 10s (default)
2021-09-01 14:11:25,829 [pool-297-thread-1] INFO  server.RaftServerConfigKeys (ConfUtils.java:logGet(44)) - raft.server.sleep.deviation.threshold = 300ms (default)
2021-09-01 14:11:25,829 [pool-297-thread-1] INFO  server.RaftServerConfigKeys (ConfUtils.java:logGet(44)) - raft.server.log.appender.install.snapshot.enabled = false (custom)
2021-09-01 14:11:25,829 [pool-297-thread-1] INFO  server.RaftServer$Division (ServerState.java:<init>(105)) - c4d6a0cb-d450-4943-aeb6-b38ae00f646d@group-F257C67CA6D7: ConfigurationManager, init=-1: [f523353f-23f0-4ce1-8f0d-52852ad44ff4|rpc:10.1.0.27:39485|dataStream:|priority:0, 0f964acd-6a98-4f1f-80e6-2232414a7fb4|rpc:10.1.0.27:39297|dataStream:|priority:0, c4d6a0cb-d450-4943-aeb6-b38ae00f646d|rpc:10.1.0.27:33205|dataStream:|priority:1], old=null, confs=<EMPTY_MAP>
2021-09-01 14:11:25,829 [pool-297-thread-1] INFO  server.RaftServerConfigKeys (ConfUtils.java:logGet(44)) - raft.server.storage.dir = [/home/runner/work/ozone/ozone/hadoop-ozone/integration-test/target/test-dir/MiniOzoneClusterImpl-ade41b4a-42d1-4ce8-adde-039c2ad4b32e/datanode-2/data/ratis] (custom)
2021-09-01 14:11:25,829 [pool-297-thread-1] INFO  server.RaftServerConfigKeys (ConfUtils.java:logGet(44)) - raft.server.log.corruption.policy = EXCEPTION (default)
2021-09-01 14:11:25,829 [pool-297-thread-1] INFO  server.RaftServerConfigKeys (ConfUtils.java:logGet(44)) - raft.server.storage.free-space.min = 0MB (=0) (default)
2021-09-01 14:11:25,829 [pool-297-thread-1] INFO  storage.RaftStorageDirectory (RaftStorageDirectoryImpl.java:analyzeStorage(135)) - The storage directory /home/runner/work/ozone/ozone/hadoop-ozone/integration-test/target/test-dir/MiniOzoneClusterImpl-ade41b4a-42d1-4ce8-adde-039c2ad4b32e/datanode-2/data/ratis/d191b0df-21e6-473e-b2a2-f257c67ca6d7 does not exist. Creating ...
2021-09-01 14:11:25,831 [pool-297-thread-1] INFO  storage.RaftStorageDirectory (RaftStorageDirectoryImpl.java:tryLock(230)) - Lock on /home/runner/work/ozone/ozone/hadoop-ozone/integration-test/target/test-dir/MiniOzoneClusterImpl-ade41b4a-42d1-4ce8-adde-039c2ad4b32e/datanode-2/data/ratis/d191b0df-21e6-473e-b2a2-f257c67ca6d7/in_use.lock acquired by nodename 9503@fv-az148-824
2021-09-01 14:11:25,832 [pool-297-thread-1] INFO  storage.RaftStorage (RaftStorageImpl.java:format(89)) - Storage directory /home/runner/work/ozone/ozone/hadoop-ozone/integration-test/target/test-dir/MiniOzoneClusterImpl-ade41b4a-42d1-4ce8-adde-039c2ad4b32e/datanode-2/data/ratis/d191b0df-21e6-473e-b2a2-f257c67ca6d7 has been successfully formatted.
2021-09-01 14:11:25,832 [pool-297-thread-1] INFO  ratis.ContainerStateMachine (ContainerStateMachine.java:loadSnapshot(224)) - group-F257C67CA6D7: The snapshot info is null. Setting the last applied indexto:(t:0, i:~)
2021-09-01 14:11:25,834 [pool-297-thread-1] INFO  server.RaftServerConfigKeys (ConfUtils.java:logGet(44)) - raft.server.notification.no-leader.timeout = 300s (custom)
2021-09-01 14:11:25,837 [pool-297-thread-1] INFO  server.RaftServerConfigKeys (ConfUtils.java:logGet(44)) - raft.server.log.use.memory = false (default)
2021-09-01 14:11:25,838 [pool-297-thread-1] INFO  server.RaftServerConfigKeys (ConfUtils.java:logGet(44)) - raft.server.log.purge.gap = 1000000 (custom)
2021-09-01 14:11:25,838 [pool-297-thread-1] INFO  server.RaftServerConfigKeys (ConfUtils.java:logGet(44)) - raft.server.log.appender.buffer.byte-limit = 33554432 (custom)
2021-09-01 14:11:25,838 [pool-297-thread-1] INFO  server.RaftServerConfigKeys (ConfUtils.java:logGet(44)) - raft.server.log.segment.size.max = 1048576 (custom)
2021-09-01 14:11:25,839 [pool-297-thread-1] INFO  server.RaftServerConfigKeys (ConfUtils.java:logGet(44)) - raft.server.log.segment.cache.num.max = 2 (custom)
2021-09-01 14:11:25,839 [pool-297-thread-1] INFO  server.RaftServerConfigKeys (ConfUtils.java:logGet(44)) - raft.server.log.segment.cache.size.max = 200MB (=209715200) (default)
2021-09-01 14:11:25,839 [pool-297-thread-1] INFO  segmented.SegmentedRaftLogWorker (SegmentedRaftLogWorker.java:<init>(182)) - new c4d6a0cb-d450-4943-aeb6-b38ae00f646d@group-F257C67CA6D7-SegmentedRaftLogWorker for RaftStorageImpl:Storage Directory /home/runner/work/ozone/ozone/hadoop-ozone/integration-test/target/test-dir/MiniOzoneClusterImpl-ade41b4a-42d1-4ce8-adde-039c2ad4b32e/datanode-2/data/ratis/d191b0df-21e6-473e-b2a2-f257c67ca6d7
2021-09-01 14:11:25,839 [pool-297-thread-1] INFO  server.RaftServerConfigKeys (ConfUtils.java:logGet(44)) - raft.server.log.queue.byte-limit = 2147483647 (custom)
2021-09-01 14:11:25,839 [pool-297-thread-1] INFO  server.RaftServerConfigKeys (ConfUtils.java:logGet(44)) - raft.server.log.queue.element-limit = 1024 (custom)
2021-09-01 14:11:25,839 [pool-297-thread-1] INFO  server.RaftServerConfigKeys (ConfUtils.java:logGet(44)) - raft.server.log.segment.size.max = 1048576 (custom)
2021-09-01 14:11:25,839 [pool-297-thread-1] INFO  server.RaftServerConfigKeys (ConfUtils.java:logGet(44)) - raft.server.log.preallocated.size = 16384 (custom)
2021-09-01 14:11:25,839 [pool-297-thread-1] INFO  server.RaftServerConfigKeys (ConfUtils.java:logGet(44)) - raft.server.log.force.sync.num = 128 (default)
2021-09-01 14:11:25,839 [pool-297-thread-1] INFO  server.RaftServerConfigKeys (ConfUtils.java:logGet(44)) - raft.server.log.statemachine.data.sync = true (default)
2021-09-01 14:11:25,839 [pool-297-thread-1] INFO  server.RaftServerConfigKeys (ConfUtils.java:logGet(44)) - raft.server.log.statemachine.data.sync.timeout = 10s (default)
2021-09-01 14:11:25,840 [pool-297-thread-1] INFO  server.RaftServerConfigKeys (ConfUtils.java:logGet(44)) - raft.server.log.statemachine.data.sync.timeout.retry = -1 (default)
2021-09-01 14:11:25,841 [pool-297-thread-1] INFO  server.RaftServerConfigKeys (ConfUtils.java:logGet(44)) - raft.server.log.write.buffer.size = 1048576 (custom)
2021-09-01 14:11:25,841 [pool-297-thread-1] INFO  server.RaftServerConfigKeys (ConfUtils.java:logGet(44)) - raft.server.log.statemachine.data.caching.enabled = true (custom)
2021-09-01 14:11:25,841 [pool-297-thread-1] INFO  segmented.SegmentedRaftLogWorker (SegmentedRaftLogWorker.java:lambda$new$0(133)) - c4d6a0cb-d450-4943-aeb6-b38ae00f646d@group-F257C67CA6D7-SegmentedRaftLogWorker: flushIndex: setUnconditionally 0 -> -1
2021-09-01 14:11:25,841 [pool-297-thread-1] INFO  segmented.SegmentedRaftLogWorker (SegmentedRaftLogWorker.java:lambda$new$0(133)) - c4d6a0cb-d450-4943-aeb6-b38ae00f646d@group-F257C67CA6D7-SegmentedRaftLogWorker: safeCacheEvictIndex: setUnconditionally 0 -> -1
2021-09-01 14:11:25,842 [pool-297-thread-1] INFO  server.RaftServerConfigKeys (ConfUtils.java:logGet(44)) - raft.server.snapshot.auto.trigger.enabled = true (custom)
2021-09-01 14:11:25,842 [pool-297-thread-1] INFO  server.RaftServerConfigKeys (ConfUtils.java:logGet(44)) - raft.server.snapshot.auto.trigger.threshold = 10000 (custom)
2021-09-01 14:11:25,842 [pool-297-thread-1] INFO  server.RaftServerConfigKeys (ConfUtils.java:logGet(44)) - raft.server.snapshot.retention.file.num = 5 (custom)
2021-09-01 14:11:25,842 [pool-297-thread-1] INFO  server.RaftServerConfigKeys (ConfUtils.java:logGet(44)) - raft.server.log.purge.upto.snapshot.index = false (default)
2021-09-01 14:11:25,842 [pool-297-thread-1] INFO  server.RaftServerConfigKeys (ConfUtils.java:logGet(44)) - raft.server.retrycache.expirytime = 600000ms (custom)
2021-09-01 14:11:25,842 [pool-297-thread-1] INFO  server.RaftServerConfigKeys (ConfUtils.java:logGet(44)) - raft.server.retrycache.statistics.expirytime = 100μs (default)
2021-09-01 14:11:25,843 [pool-297-thread-1] INFO  server.RaftServer$Division (RaftServerImpl.java:start(296)) - c4d6a0cb-d450-4943-aeb6-b38ae00f646d@group-F257C67CA6D7: start as a follower, conf=-1: [f523353f-23f0-4ce1-8f0d-52852ad44ff4|rpc:10.1.0.27:39485|dataStream:|priority:0, 0f964acd-6a98-4f1f-80e6-2232414a7fb4|rpc:10.1.0.27:39297|dataStream:|priority:0, c4d6a0cb-d450-4943-aeb6-b38ae00f646d|rpc:10.1.0.27:33205|dataStream:|priority:1], old=null
2021-09-01 14:11:25,843 [pool-297-thread-1] INFO  server.RaftServer$Division (RaftServerImpl.java:setRole(285)) - c4d6a0cb-d450-4943-aeb6-b38ae00f646d@group-F257C67CA6D7: changes role from      null to FOLLOWER at term 0 for startAsFollower
2021-09-01 14:11:25,843 [pool-297-thread-1] INFO  impl.RoleInfo (RoleInfo.java:updateAndGet(130)) - c4d6a0cb-d450-4943-aeb6-b38ae00f646d: start c4d6a0cb-d450-4943-aeb6-b38ae00f646d@group-F257C67CA6D7-FollowerState
2021-09-01 14:11:25,844 [pool-297-thread-1] INFO  util.JmxRegister (JmxRegister.java:tryRegister(44)) - Successfully registered JMX Bean with object name Ratis:service=RaftServer,group=group-F257C67CA6D7,id=c4d6a0cb-d450-4943-aeb6-b38ae00f646d
2021-09-01 14:11:25,857 [grpc-default-executor-1] INFO  server.RaftServer (RaftServerProxy.java:addNew(95)) - 0f964acd-6a98-4f1f-80e6-2232414a7fb4: addNew group-F257C67CA6D7:[f523353f-23f0-4ce1-8f0d-52852ad44ff4|rpc:10.1.0.27:39485|dataStream:|priority:0, 0f964acd-6a98-4f1f-80e6-2232414a7fb4|rpc:10.1.0.27:39297|dataStream:|priority:0, c4d6a0cb-d450-4943-aeb6-b38ae00f646d|rpc:10.1.0.27:33205|dataStream:|priority:1] returns group-F257C67CA6D7:java.util.concurrent.CompletableFuture@3d9e5faa[Not completed]
2021-09-01 14:11:25,858 [pool-251-thread-1] INFO  server.RaftServer$Division (RaftServerImpl.java:<init>(181)) - 0f964acd-6a98-4f1f-80e6-2232414a7fb4: new RaftServerImpl for group-F257C67CA6D7:[f523353f-23f0-4ce1-8f0d-52852ad44ff4|rpc:10.1.0.27:39485|dataStream:|priority:0, 0f964acd-6a98-4f1f-80e6-2232414a7fb4|rpc:10.1.0.27:39297|dataStream:|priority:0, c4d6a0cb-d450-4943-aeb6-b38ae00f646d|rpc:10.1.0.27:33205|dataStream:|priority:1] with ContainerStateMachine:uninitialized
2021-09-01 14:11:25,861 [pool-251-thread-1] INFO  server.RaftServerConfigKeys (ConfUtils.java:logGet(44)) - raft.server.rpc.timeout.min = 5s (custom)
2021-09-01 14:11:25,861 [pool-251-thread-1] INFO  server.RaftServerConfigKeys (ConfUtils.java:logGet(44)) - raft.server.rpc.timeout.max = 5200ms (custom)
2021-09-01 14:11:25,861 [pool-251-thread-1] INFO  server.RaftServerConfigKeys (ConfUtils.java:logGet(44)) - raft.server.rpc.sleep.time = 25ms (default)
2021-09-01 14:11:25,861 [pool-251-thread-1] INFO  server.RaftServerConfigKeys (ConfUtils.java:logGet(44)) - raft.server.rpc.slowness.timeout = 300s (custom)
2021-09-01 14:11:25,861 [pool-251-thread-1] INFO  server.RaftServerConfigKeys (ConfUtils.java:logGet(44)) - raft.server.leaderelection.leader.step-down.wait-time = 10s (default)
2021-09-01 14:11:25,862 [pool-251-thread-1] INFO  server.RaftServerConfigKeys (ConfUtils.java:logGet(44)) - raft.server.sleep.deviation.threshold = 300ms (default)
2021-09-01 14:11:25,862 [pool-251-thread-1] INFO  server.RaftServerConfigKeys (ConfUtils.java:logGet(44)) - raft.server.log.appender.install.snapshot.enabled = false (custom)
2021-09-01 14:11:25,862 [pool-251-thread-1] INFO  server.RaftServer$Division (ServerState.java:<init>(105)) - 0f964acd-6a98-4f1f-80e6-2232414a7fb4@group-F257C67CA6D7: ConfigurationManager, init=-1: [f523353f-23f0-4ce1-8f0d-52852ad44ff4|rpc:10.1.0.27:39485|dataStream:|priority:0, 0f964acd-6a98-4f1f-80e6-2232414a7fb4|rpc:10.1.0.27:39297|dataStream:|priority:0, c4d6a0cb-d450-4943-aeb6-b38ae00f646d|rpc:10.1.0.27:33205|dataStream:|priority:1], old=null, confs=<EMPTY_MAP>
2021-09-01 14:11:25,862 [pool-251-thread-1] INFO  server.RaftServerConfigKeys (ConfUtils.java:logGet(44)) - raft.server.storage.dir = [/home/runner/work/ozone/ozone/hadoop-ozone/integration-test/target/test-dir/MiniOzoneClusterImpl-ade41b4a-42d1-4ce8-adde-039c2ad4b32e/datanode-1/data/ratis] (custom)
2021-09-01 14:11:25,862 [pool-251-thread-1] INFO  server.RaftServerConfigKeys (ConfUtils.java:logGet(44)) - raft.server.log.corruption.policy = EXCEPTION (default)
2021-09-01 14:11:25,862 [pool-251-thread-1] INFO  server.RaftServerConfigKeys (ConfUtils.java:logGet(44)) - raft.server.storage.free-space.min = 0MB (=0) (default)
2021-09-01 14:11:25,862 [pool-251-thread-1] INFO  storage.RaftStorageDirectory (RaftStorageDirectoryImpl.java:analyzeStorage(135)) - The storage directory /home/runner/work/ozone/ozone/hadoop-ozone/integration-test/target/test-dir/MiniOzoneClusterImpl-ade41b4a-42d1-4ce8-adde-039c2ad4b32e/datanode-1/data/ratis/d191b0df-21e6-473e-b2a2-f257c67ca6d7 does not exist. Creating ...
2021-09-01 14:11:25,864 [pool-251-thread-1] INFO  storage.RaftStorageDirectory (RaftStorageDirectoryImpl.java:tryLock(230)) - Lock on /home/runner/work/ozone/ozone/hadoop-ozone/integration-test/target/test-dir/MiniOzoneClusterImpl-ade41b4a-42d1-4ce8-adde-039c2ad4b32e/datanode-1/data/ratis/d191b0df-21e6-473e-b2a2-f257c67ca6d7/in_use.lock acquired by nodename 9503@fv-az148-824
2021-09-01 14:11:25,864 [pool-251-thread-1] INFO  storage.RaftStorage (RaftStorageImpl.java:format(89)) - Storage directory /home/runner/work/ozone/ozone/hadoop-ozone/integration-test/target/test-dir/MiniOzoneClusterImpl-ade41b4a-42d1-4ce8-adde-039c2ad4b32e/datanode-1/data/ratis/d191b0df-21e6-473e-b2a2-f257c67ca6d7 has been successfully formatted.
2021-09-01 14:11:25,865 [pool-251-thread-1] INFO  ratis.ContainerStateMachine (ContainerStateMachine.java:loadSnapshot(224)) - group-F257C67CA6D7: The snapshot info is null. Setting the last applied indexto:(t:0, i:~)
2021-09-01 14:11:25,865 [pool-251-thread-1] INFO  server.RaftServerConfigKeys (ConfUtils.java:logGet(44)) - raft.server.notification.no-leader.timeout = 300s (custom)
2021-09-01 14:11:25,865 [Datanode State Machine Thread - 0] WARN  statemachine.StateContext (StateContext.java:execute(621)) - No available thread in pool for past 1 seconds.
2021-09-01 14:11:25,865 [pool-251-thread-1] INFO  server.RaftServerConfigKeys (ConfUtils.java:logGet(44)) - raft.server.log.use.memory = false (default)
2021-09-01 14:11:25,866 [pool-251-thread-1] INFO  server.RaftServerConfigKeys (ConfUtils.java:logGet(44)) - raft.server.log.purge.gap = 1000000 (custom)
2021-09-01 14:11:25,866 [pool-251-thread-1] INFO  server.RaftServerConfigKeys (ConfUtils.java:logGet(44)) - raft.server.log.appender.buffer.byte-limit = 33554432 (custom)
2021-09-01 14:11:25,867 [pool-251-thread-1] INFO  server.RaftServerConfigKeys (ConfUtils.java:logGet(44)) - raft.server.log.segment.size.max = 1048576 (custom)
2021-09-01 14:11:25,867 [pool-251-thread-1] INFO  server.RaftServerConfigKeys (ConfUtils.java:logGet(44)) - raft.server.log.segment.cache.num.max = 2 (custom)
2021-09-01 14:11:25,867 [pool-251-thread-1] INFO  server.RaftServerConfigKeys (ConfUtils.java:logGet(44)) - raft.server.log.segment.cache.size.max = 200MB (=209715200) (default)
2021-09-01 14:11:25,867 [pool-251-thread-1] INFO  segmented.SegmentedRaftLogWorker (SegmentedRaftLogWorker.java:<init>(182)) - new 0f964acd-6a98-4f1f-80e6-2232414a7fb4@group-F257C67CA6D7-SegmentedRaftLogWorker for RaftStorageImpl:Storage Directory /home/runner/work/ozone/ozone/hadoop-ozone/integration-test/target/test-dir/MiniOzoneClusterImpl-ade41b4a-42d1-4ce8-adde-039c2ad4b32e/datanode-1/data/ratis/d191b0df-21e6-473e-b2a2-f257c67ca6d7
2021-09-01 14:11:25,867 [pool-251-thread-1] INFO  server.RaftServerConfigKeys (ConfUtils.java:logGet(44)) - raft.server.log.queue.byte-limit = 2147483647 (custom)
2021-09-01 14:11:25,867 [pool-251-thread-1] INFO  server.RaftServerConfigKeys (ConfUtils.java:logGet(44)) - raft.server.log.queue.element-limit = 1024 (custom)
2021-09-01 14:11:25,867 [pool-251-thread-1] INFO  server.RaftServerConfigKeys (ConfUtils.java:logGet(44)) - raft.server.log.segment.size.max = 1048576 (custom)
2021-09-01 14:11:25,867 [pool-251-thread-1] INFO  server.RaftServerConfigKeys (ConfUtils.java:logGet(44)) - raft.server.log.preallocated.size = 16384 (custom)
2021-09-01 14:11:25,867 [pool-251-thread-1] INFO  server.RaftServerConfigKeys (ConfUtils.java:logGet(44)) - raft.server.log.force.sync.num = 128 (default)
2021-09-01 14:11:25,868 [pool-251-thread-1] INFO  server.RaftServerConfigKeys (ConfUtils.java:logGet(44)) - raft.server.log.statemachine.data.sync = true (default)
2021-09-01 14:11:25,868 [pool-251-thread-1] INFO  server.RaftServerConfigKeys (ConfUtils.java:logGet(44)) - raft.server.log.statemachine.data.sync.timeout = 10s (default)
2021-09-01 14:11:25,868 [pool-251-thread-1] INFO  server.RaftServerConfigKeys (ConfUtils.java:logGet(44)) - raft.server.log.statemachine.data.sync.timeout.retry = -1 (default)
2021-09-01 14:11:25,869 [pool-251-thread-1] INFO  server.RaftServerConfigKeys (ConfUtils.java:logGet(44)) - raft.server.log.write.buffer.size = 1048576 (custom)
2021-09-01 14:11:25,869 [pool-251-thread-1] INFO  server.RaftServerConfigKeys (ConfUtils.java:logGet(44)) - raft.server.log.statemachine.data.caching.enabled = true (custom)
2021-09-01 14:11:25,870 [pool-251-thread-1] INFO  segmented.SegmentedRaftLogWorker (SegmentedRaftLogWorker.java:lambda$new$0(133)) - 0f964acd-6a98-4f1f-80e6-2232414a7fb4@group-F257C67CA6D7-SegmentedRaftLogWorker: flushIndex: setUnconditionally 0 -> -1
2021-09-01 14:11:25,870 [pool-251-thread-1] INFO  segmented.SegmentedRaftLogWorker (SegmentedRaftLogWorker.java:lambda$new$0(133)) - 0f964acd-6a98-4f1f-80e6-2232414a7fb4@group-F257C67CA6D7-SegmentedRaftLogWorker: safeCacheEvictIndex: setUnconditionally 0 -> -1
2021-09-01 14:11:25,870 [pool-251-thread-1] INFO  server.RaftServerConfigKeys (ConfUtils.java:logGet(44)) - raft.server.snapshot.auto.trigger.enabled = true (custom)
2021-09-01 14:11:25,870 [pool-251-thread-1] INFO  server.RaftServerConfigKeys (ConfUtils.java:logGet(44)) - raft.server.snapshot.auto.trigger.threshold = 10000 (custom)
2021-09-01 14:11:25,870 [pool-251-thread-1] INFO  server.RaftServerConfigKeys (ConfUtils.java:logGet(44)) - raft.server.snapshot.retention.file.num = 5 (custom)
2021-09-01 14:11:25,870 [pool-251-thread-1] INFO  server.RaftServerConfigKeys (ConfUtils.java:logGet(44)) - raft.server.log.purge.upto.snapshot.index = false (default)
2021-09-01 14:11:25,870 [pool-251-thread-1] INFO  server.RaftServerConfigKeys (ConfUtils.java:logGet(44)) - raft.server.retrycache.expirytime = 600000ms (custom)
2021-09-01 14:11:25,870 [pool-251-thread-1] INFO  server.RaftServerConfigKeys (ConfUtils.java:logGet(44)) - raft.server.retrycache.statistics.expirytime = 100μs (default)
2021-09-01 14:11:25,872 [pool-251-thread-1] INFO  server.RaftServer$Division (RaftServerImpl.java:start(296)) - 0f964acd-6a98-4f1f-80e6-2232414a7fb4@group-F257C67CA6D7: start as a follower, conf=-1: [f523353f-23f0-4ce1-8f0d-52852ad44ff4|rpc:10.1.0.27:39485|dataStream:|priority:0, 0f964acd-6a98-4f1f-80e6-2232414a7fb4|rpc:10.1.0.27:39297|dataStream:|priority:0, c4d6a0cb-d450-4943-aeb6-b38ae00f646d|rpc:10.1.0.27:33205|dataStream:|priority:1], old=null
2021-09-01 14:11:25,872 [pool-251-thread-1] INFO  server.RaftServer$Division (RaftServerImpl.java:setRole(285)) - 0f964acd-6a98-4f1f-80e6-2232414a7fb4@group-F257C67CA6D7: changes role from      null to FOLLOWER at term 0 for startAsFollower
2021-09-01 14:11:25,872 [pool-251-thread-1] INFO  impl.RoleInfo (RoleInfo.java:updateAndGet(130)) - 0f964acd-6a98-4f1f-80e6-2232414a7fb4: start 0f964acd-6a98-4f1f-80e6-2232414a7fb4@group-F257C67CA6D7-FollowerState
2021-09-01 14:11:25,873 [pool-251-thread-1] INFO  util.JmxRegister (JmxRegister.java:tryRegister(44)) - Successfully registered JMX Bean with object name Ratis:service=RaftServer,group=group-F257C67CA6D7,id=0f964acd-6a98-4f1f-80e6-2232414a7fb4
2021-09-01 14:11:25,883 [Command processor thread] INFO  commandhandler.CreatePipelineCommandHandler (CreatePipelineCommandHandler.java:handle(106)) - Created Pipeline RATIS THREE PipelineID=d191b0df-21e6-473e-b2a2-f257c67ca6d7.
2021-09-01 14:11:25,985 [DatanodeAdminManager-0] INFO  node.DatanodeAdminMonitorImpl (DatanodeAdminMonitorImpl.java:run(136)) - There are 1 nodes tracked for decommission and maintenance. 0 pending nodes.
2021-09-01 14:11:26,005 [ReplicationMonitor] INFO  container.ReplicationManager (ReplicationManager.java:processAll(359)) - Replication Monitor Thread took 0 milliseconds for processing 3 containers.
2021-09-01 14:11:26,196 [Command processor thread] INFO  server.RaftServer (RaftServerProxy.java:addNew(95)) - 0f964acd-6a98-4f1f-80e6-2232414a7fb4: addNew group-E12424C69092:[0f964acd-6a98-4f1f-80e6-2232414a7fb4|rpc:10.1.0.27:39297|priority:1] returns group-E12424C69092:java.util.concurrent.CompletableFuture@cc951b4[Not completed]
2021-09-01 14:11:26,197 [pool-251-thread-1] INFO  server.RaftServer$Division (RaftServerImpl.java:<init>(181)) - 0f964acd-6a98-4f1f-80e6-2232414a7fb4: new RaftServerImpl for group-E12424C69092:[0f964acd-6a98-4f1f-80e6-2232414a7fb4|rpc:10.1.0.27:39297|priority:1] with ContainerStateMachine:uninitialized
2021-09-01 14:11:26,197 [pool-251-thread-1] INFO  server.RaftServerConfigKeys (ConfUtils.java:logGet(44)) - raft.server.rpc.timeout.min = 5s (custom)
2021-09-01 14:11:26,197 [pool-251-thread-1] INFO  server.RaftServerConfigKeys (ConfUtils.java:logGet(44)) - raft.server.rpc.timeout.max = 5200ms (custom)
2021-09-01 14:11:26,197 [pool-251-thread-1] INFO  server.RaftServerConfigKeys (ConfUtils.java:logGet(44)) - raft.server.rpc.sleep.time = 25ms (default)
2021-09-01 14:11:26,197 [pool-251-thread-1] INFO  server.RaftServerConfigKeys (ConfUtils.java:logGet(44)) - raft.server.rpc.slowness.timeout = 300s (custom)
2021-09-01 14:11:26,197 [pool-251-thread-1] INFO  server.RaftServerConfigKeys (ConfUtils.java:logGet(44)) - raft.server.leaderelection.leader.step-down.wait-time = 10s (default)
2021-09-01 14:11:26,197 [pool-251-thread-1] INFO  server.RaftServerConfigKeys (ConfUtils.java:logGet(44)) - raft.server.sleep.deviation.threshold = 300ms (default)
2021-09-01 14:11:26,197 [pool-251-thread-1] INFO  server.RaftServerConfigKeys (ConfUtils.java:logGet(44)) - raft.server.log.appender.install.snapshot.enabled = false (custom)
2021-09-01 14:11:26,197 [pool-251-thread-1] INFO  server.RaftServer$Division (ServerState.java:<init>(105)) - 0f964acd-6a98-4f1f-80e6-2232414a7fb4@group-E12424C69092: ConfigurationManager, init=-1: [0f964acd-6a98-4f1f-80e6-2232414a7fb4|rpc:10.1.0.27:39297|priority:1], old=null, confs=<EMPTY_MAP>
2021-09-01 14:11:26,197 [pool-251-thread-1] INFO  server.RaftServerConfigKeys (ConfUtils.java:logGet(44)) - raft.server.storage.dir = [/home/runner/work/ozone/ozone/hadoop-ozone/integration-test/target/test-dir/MiniOzoneClusterImpl-ade41b4a-42d1-4ce8-adde-039c2ad4b32e/datanode-1/data/ratis] (custom)
2021-09-01 14:11:26,198 [pool-251-thread-1] INFO  server.RaftServerConfigKeys (ConfUtils.java:logGet(44)) - raft.server.log.corruption.policy = EXCEPTION (default)
2021-09-01 14:11:26,198 [pool-251-thread-1] INFO  server.RaftServerConfigKeys (ConfUtils.java:logGet(44)) - raft.server.storage.free-space.min = 0MB (=0) (default)
2021-09-01 14:11:26,198 [pool-251-thread-1] INFO  storage.RaftStorageDirectory (RaftStorageDirectoryImpl.java:analyzeStorage(135)) - The storage directory /home/runner/work/ozone/ozone/hadoop-ozone/integration-test/target/test-dir/MiniOzoneClusterImpl-ade41b4a-42d1-4ce8-adde-039c2ad4b32e/datanode-1/data/ratis/3bc9b6b5-ccb2-45b8-88c4-e12424c69092 does not exist. Creating ...
2021-09-01 14:11:26,199 [pool-251-thread-1] INFO  storage.RaftStorageDirectory (RaftStorageDirectoryImpl.java:tryLock(230)) - Lock on /home/runner/work/ozone/ozone/hadoop-ozone/integration-test/target/test-dir/MiniOzoneClusterImpl-ade41b4a-42d1-4ce8-adde-039c2ad4b32e/datanode-1/data/ratis/3bc9b6b5-ccb2-45b8-88c4-e12424c69092/in_use.lock acquired by nodename 9503@fv-az148-824
2021-09-01 14:11:26,200 [pool-251-thread-1] INFO  storage.RaftStorage (RaftStorageImpl.java:format(89)) - Storage directory /home/runner/work/ozone/ozone/hadoop-ozone/integration-test/target/test-dir/MiniOzoneClusterImpl-ade41b4a-42d1-4ce8-adde-039c2ad4b32e/datanode-1/data/ratis/3bc9b6b5-ccb2-45b8-88c4-e12424c69092 has been successfully formatted.
2021-09-01 14:11:26,201 [pool-251-thread-1] INFO  ratis.ContainerStateMachine (ContainerStateMachine.java:loadSnapshot(224)) - group-E12424C69092: The snapshot info is null. Setting the last applied indexto:(t:0, i:~)
2021-09-01 14:11:26,201 [pool-251-thread-1] INFO  server.RaftServerConfigKeys (ConfUtils.java:logGet(44)) - raft.server.notification.no-leader.timeout = 300s (custom)
2021-09-01 14:11:26,201 [Datanode State Machine Thread - 0] WARN  statemachine.StateContext (StateContext.java:execute(621)) - No available thread in pool for past 1 seconds.
2021-09-01 14:11:26,202 [EventQueue-PipelineReportForPipelineReportHandler] INFO  pipeline.PipelineManagerImpl (PipelineManagerImpl.java:openPipeline(282)) - Pipeline Pipeline[ Id: 3bc9b6b5-ccb2-45b8-88c4-e12424c69092, Nodes: 0f964acd-6a98-4f1f-80e6-2232414a7fb4{ip: 10.1.0.27, host: fv-az148-824.bm4ck3pvxvsene1rjriu5fhcdb.bx.internal.cloudapp.net, ports: [REPLICATION=40399, RATIS=39297, RATIS_ADMIN=39297, RATIS_SERVER=39297, STANDALONE=34667], networkLocation: /default-rack, certSerialId: null, persistedOpState: IN_SERVICE, persistedOpStateExpiryEpochSec: 0}, ReplicationConfig: RATIS/ONE, State:ALLOCATED, leaderId:0f964acd-6a98-4f1f-80e6-2232414a7fb4, CreationTimestamp2021-09-01T14:11:23.200Z[Etc/UTC]] moved to OPEN state
2021-09-01 14:11:26,203 [EventQueue-OpenPipelineForHealthyPipelineSafeModeRule] INFO  safemode.SCMSafeModeManager (HealthyPipelineSafeModeRule.java:process(124)) - SCM in safe mode. Healthy pipelines reported count is 0, required healthy pipeline reported count is 1
2021-09-01 14:11:26,201 [pool-251-thread-1] INFO  server.RaftServerConfigKeys (ConfUtils.java:logGet(44)) - raft.server.log.use.memory = false (default)
2021-09-01 14:11:26,203 [pool-251-thread-1] INFO  server.RaftServerConfigKeys (ConfUtils.java:logGet(44)) - raft.server.log.purge.gap = 1000000 (custom)
2021-09-01 14:11:26,203 [pool-251-thread-1] INFO  server.RaftServerConfigKeys (ConfUtils.java:logGet(44)) - raft.server.log.appender.buffer.byte-limit = 33554432 (custom)
2021-09-01 14:11:26,204 [pool-251-thread-1] INFO  server.RaftServerConfigKeys (ConfUtils.java:logGet(44)) - raft.server.log.segment.size.max = 1048576 (custom)
2021-09-01 14:11:26,204 [pool-251-thread-1] INFO  server.RaftServerConfigKeys (ConfUtils.java:logGet(44)) - raft.server.log.segment.cache.num.max = 2 (custom)
2021-09-01 14:11:26,205 [pool-251-thread-1] INFO  server.RaftServerConfigKeys (ConfUtils.java:logGet(44)) - raft.server.log.segment.cache.size.max = 200MB (=209715200) (default)
2021-09-01 14:11:26,205 [pool-251-thread-1] INFO  segmented.SegmentedRaftLogWorker (SegmentedRaftLogWorker.java:<init>(182)) - new 0f964acd-6a98-4f1f-80e6-2232414a7fb4@group-E12424C69092-SegmentedRaftLogWorker for RaftStorageImpl:Storage Directory /home/runner/work/ozone/ozone/hadoop-ozone/integration-test/target/test-dir/MiniOzoneClusterImpl-ade41b4a-42d1-4ce8-adde-039c2ad4b32e/datanode-1/data/ratis/3bc9b6b5-ccb2-45b8-88c4-e12424c69092
2021-09-01 14:11:26,205 [pool-251-thread-1] INFO  server.RaftServerConfigKeys (ConfUtils.java:logGet(44)) - raft.server.log.queue.byte-limit = 2147483647 (custom)
2021-09-01 14:11:26,205 [pool-251-thread-1] INFO  server.RaftServerConfigKeys (ConfUtils.java:logGet(44)) - raft.server.log.queue.element-limit = 1024 (custom)
2021-09-01 14:11:26,205 [pool-251-thread-1] INFO  server.RaftServerConfigKeys (ConfUtils.java:logGet(44)) - raft.server.log.segment.size.max = 1048576 (custom)
2021-09-01 14:11:26,205 [pool-251-thread-1] INFO  server.RaftServerConfigKeys (ConfUtils.java:logGet(44)) - raft.server.log.preallocated.size = 16384 (custom)
2021-09-01 14:11:26,205 [pool-251-thread-1] INFO  server.RaftServerConfigKeys (ConfUtils.java:logGet(44)) - raft.server.log.force.sync.num = 128 (default)
2021-09-01 14:11:26,205 [pool-251-thread-1] INFO  server.RaftServerConfigKeys (ConfUtils.java:logGet(44)) - raft.server.log.statemachine.data.sync = true (default)
2021-09-01 14:11:26,205 [pool-251-thread-1] INFO  server.RaftServerConfigKeys (ConfUtils.java:logGet(44)) - raft.server.log.statemachine.data.sync.timeout = 10s (default)
2021-09-01 14:11:26,205 [pool-251-thread-1] INFO  server.RaftServerConfigKeys (ConfUtils.java:logGet(44)) - raft.server.log.statemachine.data.sync.timeout.retry = -1 (default)
2021-09-01 14:11:26,206 [pool-251-thread-1] INFO  server.RaftServerConfigKeys (ConfUtils.java:logGet(44)) - raft.server.log.write.buffer.size = 1048576 (custom)
2021-09-01 14:11:26,206 [pool-251-thread-1] INFO  server.RaftServerConfigKeys (ConfUtils.java:logGet(44)) - raft.server.log.statemachine.data.caching.enabled = true (custom)
2021-09-01 14:11:26,207 [pool-251-thread-1] INFO  segmented.SegmentedRaftLogWorker (SegmentedRaftLogWorker.java:lambda$new$0(133)) - 0f964acd-6a98-4f1f-80e6-2232414a7fb4@group-E12424C69092-SegmentedRaftLogWorker: flushIndex: setUnconditionally 0 -> -1
2021-09-01 14:11:26,207 [pool-251-thread-1] INFO  segmented.SegmentedRaftLogWorker (SegmentedRaftLogWorker.java:lambda$new$0(133)) - 0f964acd-6a98-4f1f-80e6-2232414a7fb4@group-E12424C69092-SegmentedRaftLogWorker: safeCacheEvictIndex: setUnconditionally 0 -> -1
2021-09-01 14:11:26,207 [pool-251-thread-1] INFO  server.RaftServerConfigKeys (ConfUtils.java:logGet(44)) - raft.server.snapshot.auto.trigger.enabled = true (custom)
2021-09-01 14:11:26,207 [pool-251-thread-1] INFO  server.RaftServerConfigKeys (ConfUtils.java:logGet(44)) - raft.server.snapshot.auto.trigger.threshold = 10000 (custom)
2021-09-01 14:11:26,207 [pool-251-thread-1] INFO  server.RaftServerConfigKeys (ConfUtils.java:logGet(44)) - raft.server.snapshot.retention.file.num = 5 (custom)
2021-09-01 14:11:26,207 [pool-251-thread-1] INFO  server.RaftServerConfigKeys (ConfUtils.java:logGet(44)) - raft.server.log.purge.upto.snapshot.index = false (default)
2021-09-01 14:11:26,207 [pool-251-thread-1] INFO  server.RaftServerConfigKeys (ConfUtils.java:logGet(44)) - raft.server.retrycache.expirytime = 600000ms (custom)
2021-09-01 14:11:26,207 [pool-251-thread-1] INFO  server.RaftServerConfigKeys (ConfUtils.java:logGet(44)) - raft.server.retrycache.statistics.expirytime = 100μs (default)
2021-09-01 14:11:26,208 [pool-251-thread-1] INFO  server.RaftServer$Division (RaftServerImpl.java:start(296)) - 0f964acd-6a98-4f1f-80e6-2232414a7fb4@group-E12424C69092: start as a follower, conf=-1: [0f964acd-6a98-4f1f-80e6-2232414a7fb4|rpc:10.1.0.27:39297|priority:1], old=null
2021-09-01 14:11:26,208 [pool-251-thread-1] INFO  server.RaftServer$Division (RaftServerImpl.java:setRole(285)) - 0f964acd-6a98-4f1f-80e6-2232414a7fb4@group-E12424C69092: changes role from      null to FOLLOWER at term 0 for startAsFollower
2021-09-01 14:11:26,208 [pool-251-thread-1] INFO  impl.RoleInfo (RoleInfo.java:updateAndGet(130)) - 0f964acd-6a98-4f1f-80e6-2232414a7fb4: start 0f964acd-6a98-4f1f-80e6-2232414a7fb4@group-E12424C69092-FollowerState
2021-09-01 14:11:26,209 [pool-251-thread-1] INFO  util.JmxRegister (JmxRegister.java:tryRegister(44)) - Successfully registered JMX Bean with object name Ratis:service=RaftServer,group=group-E12424C69092,id=0f964acd-6a98-4f1f-80e6-2232414a7fb4
2021-09-01 14:11:26,209 [Command processor thread] INFO  ratis.XceiverServerRatis (XceiverServerRatis.java:addGroup(763)) - Created group PipelineID=3bc9b6b5-ccb2-45b8-88c4-e12424c69092
2021-09-01 14:11:26,209 [Command processor thread] INFO  commandhandler.CreatePipelineCommandHandler (CreatePipelineCommandHandler.java:handle(106)) - Created Pipeline RATIS ONE PipelineID=3bc9b6b5-ccb2-45b8-88c4-e12424c69092.
2021-09-01 14:11:26,418 [Listener at 127.0.0.1/44153] INFO  ozone.MiniOzoneClusterImpl (MiniOzoneClusterImpl.java:lambda$waitForClusterToBeReady$0(235)) - Nodes are ready. Got 6 of 6 DN Heartbeats.
2021-09-01 14:11:26,418 [Listener at 127.0.0.1/44153] INFO  ozone.MiniOzoneClusterImpl (MiniOzoneClusterImpl.java:lambda$waitForClusterToBeReady$0(238)) - Waiting for cluster to exit safe mode
2021-09-01 14:11:26,418 [Listener at 127.0.0.1/44153] INFO  ozone.MiniOzoneClusterImpl (MiniOzoneClusterImpl.java:lambda$waitForClusterToBeReady$0(240)) - SCM became leader
2021-09-01 14:11:26,666 [ReplicationMonitor] INFO  container.ReplicationManager (ReplicationManager.java:processAll(359)) - Replication Monitor Thread took 0 milliseconds for processing 0 containers.
2021-09-01 14:11:26,879 [Command processor thread] INFO  server.RaftServer (RaftServerProxy.java:addNew(95)) - c4d6a0cb-d450-4943-aeb6-b38ae00f646d: addNew group-61838D733805:[c4d6a0cb-d450-4943-aeb6-b38ae00f646d|rpc:10.1.0.27:33205|priority:1] returns group-61838D733805:java.util.concurrent.CompletableFuture@2dfc8b2[Not completed]
2021-09-01 14:11:26,880 [pool-297-thread-1] INFO  server.RaftServer$Division (RaftServerImpl.java:<init>(181)) - c4d6a0cb-d450-4943-aeb6-b38ae00f646d: new RaftServerImpl for group-61838D733805:[c4d6a0cb-d450-4943-aeb6-b38ae00f646d|rpc:10.1.0.27:33205|priority:1] with ContainerStateMachine:uninitialized
2021-09-01 14:11:26,880 [pool-297-thread-1] INFO  server.RaftServerConfigKeys (ConfUtils.java:logGet(44)) - raft.server.rpc.timeout.min = 5s (custom)
2021-09-01 14:11:26,880 [pool-297-thread-1] INFO  server.RaftServerConfigKeys (ConfUtils.java:logGet(44)) - raft.server.rpc.timeout.max = 5200ms (custom)
2021-09-01 14:11:26,880 [pool-297-thread-1] INFO  server.RaftServerConfigKeys (ConfUtils.java:logGet(44)) - raft.server.rpc.sleep.time = 25ms (default)
2021-09-01 14:11:26,880 [pool-297-thread-1] INFO  server.RaftServerConfigKeys (ConfUtils.java:logGet(44)) - raft.server.rpc.slowness.timeout = 300s (custom)
2021-09-01 14:11:26,880 [pool-297-thread-1] INFO  server.RaftServerConfigKeys (ConfUtils.java:logGet(44)) - raft.server.leaderelection.leader.step-down.wait-time = 10s (default)
2021-09-01 14:11:26,880 [pool-297-thread-1] INFO  server.RaftServerConfigKeys (ConfUtils.java:logGet(44)) - raft.server.sleep.deviation.threshold = 300ms (default)
2021-09-01 14:11:26,881 [pool-297-thread-1] INFO  server.RaftServerConfigKeys (ConfUtils.java:logGet(44)) - raft.server.log.appender.install.snapshot.enabled = false (custom)
2021-09-01 14:11:26,881 [pool-297-thread-1] INFO  server.RaftServer$Division (ServerState.java:<init>(105)) - c4d6a0cb-d450-4943-aeb6-b38ae00f646d@group-61838D733805: ConfigurationManager, init=-1: [c4d6a0cb-d450-4943-aeb6-b38ae00f646d|rpc:10.1.0.27:33205|priority:1], old=null, confs=<EMPTY_MAP>
2021-09-01 14:11:26,881 [pool-297-thread-1] INFO  server.RaftServerConfigKeys (ConfUtils.java:logGet(44)) - raft.server.storage.dir = [/home/runner/work/ozone/ozone/hadoop-ozone/integration-test/target/test-dir/MiniOzoneClusterImpl-ade41b4a-42d1-4ce8-adde-039c2ad4b32e/datanode-2/data/ratis] (custom)
2021-09-01 14:11:26,881 [pool-297-thread-1] INFO  server.RaftServerConfigKeys (ConfUtils.java:logGet(44)) - raft.server.log.corruption.policy = EXCEPTION (default)
2021-09-01 14:11:26,881 [pool-297-thread-1] INFO  server.RaftServerConfigKeys (ConfUtils.java:logGet(44)) - raft.server.storage.free-space.min = 0MB (=0) (default)
2021-09-01 14:11:26,881 [pool-297-thread-1] INFO  storage.RaftStorageDirectory (RaftStorageDirectoryImpl.java:analyzeStorage(135)) - The storage directory /home/runner/work/ozone/ozone/hadoop-ozone/integration-test/target/test-dir/MiniOzoneClusterImpl-ade41b4a-42d1-4ce8-adde-039c2ad4b32e/datanode-2/data/ratis/8d50441c-44b6-4c12-8fca-61838d733805 does not exist. Creating ...
2021-09-01 14:11:26,882 [pool-297-thread-1] INFO  storage.RaftStorageDirectory (RaftStorageDirectoryImpl.java:tryLock(230)) - Lock on /home/runner/work/ozone/ozone/hadoop-ozone/integration-test/target/test-dir/MiniOzoneClusterImpl-ade41b4a-42d1-4ce8-adde-039c2ad4b32e/datanode-2/data/ratis/8d50441c-44b6-4c12-8fca-61838d733805/in_use.lock acquired by nodename 9503@fv-az148-824
2021-09-01 14:11:26,883 [pool-297-thread-1] INFO  storage.RaftStorage (RaftStorageImpl.java:format(89)) - Storage directory /home/runner/work/ozone/ozone/hadoop-ozone/integration-test/target/test-dir/MiniOzoneClusterImpl-ade41b4a-42d1-4ce8-adde-039c2ad4b32e/datanode-2/data/ratis/8d50441c-44b6-4c12-8fca-61838d733805 has been successfully formatted.
2021-09-01 14:11:26,883 [Datanode State Machine Thread - 0] WARN  statemachine.StateContext (StateContext.java:execute(621)) - No available thread in pool for past 1 seconds.
2021-09-01 14:11:26,884 [pool-297-thread-1] INFO  ratis.ContainerStateMachine (ContainerStateMachine.java:loadSnapshot(224)) - group-61838D733805: The snapshot info is null. Setting the last applied indexto:(t:0, i:~)
2021-09-01 14:11:26,885 [EventQueue-PipelineReportForPipelineReportHandler] INFO  pipeline.PipelineManagerImpl (PipelineManagerImpl.java:openPipeline(282)) - Pipeline Pipeline[ Id: 8d50441c-44b6-4c12-8fca-61838d733805, Nodes: c4d6a0cb-d450-4943-aeb6-b38ae00f646d{ip: 10.1.0.27, host: fv-az148-824.bm4ck3pvxvsene1rjriu5fhcdb.bx.internal.cloudapp.net, ports: [REPLICATION=33213, RATIS=33205, RATIS_ADMIN=33205, RATIS_SERVER=33205, STANDALONE=40753], networkLocation: /default-rack, certSerialId: null, persistedOpState: IN_SERVICE, persistedOpStateExpiryEpochSec: 0}, ReplicationConfig: RATIS/ONE, State:ALLOCATED, leaderId:c4d6a0cb-d450-4943-aeb6-b38ae00f646d, CreationTimestamp2021-09-01T14:11:23.881Z[Etc/UTC]] moved to OPEN state
2021-09-01 14:11:26,885 [EventQueue-OpenPipelineForHealthyPipelineSafeModeRule] INFO  safemode.SCMSafeModeManager (HealthyPipelineSafeModeRule.java:process(124)) - SCM in safe mode. Healthy pipelines reported count is 0, required healthy pipeline reported count is 1
2021-09-01 14:11:26,885 [pool-297-thread-1] INFO  server.RaftServerConfigKeys (ConfUtils.java:logGet(44)) - raft.server.notification.no-leader.timeout = 300s (custom)
2021-09-01 14:11:26,885 [pool-297-thread-1] INFO  server.RaftServerConfigKeys (ConfUtils.java:logGet(44)) - raft.server.log.use.memory = false (default)
2021-09-01 14:11:26,886 [pool-297-thread-1] INFO  server.RaftServerConfigKeys (ConfUtils.java:logGet(44)) - raft.server.log.purge.gap = 1000000 (custom)
2021-09-01 14:11:26,886 [pool-297-thread-1] INFO  server.RaftServerConfigKeys (ConfUtils.java:logGet(44)) - raft.server.log.appender.buffer.byte-limit = 33554432 (custom)
2021-09-01 14:11:26,886 [pool-297-thread-1] INFO  server.RaftServerConfigKeys (ConfUtils.java:logGet(44)) - raft.server.log.segment.size.max = 1048576 (custom)
2021-09-01 14:11:26,886 [pool-297-thread-1] INFO  server.RaftServerConfigKeys (ConfUtils.java:logGet(44)) - raft.server.log.segment.cache.num.max = 2 (custom)
2021-09-01 14:11:26,886 [pool-297-thread-1] INFO  server.RaftServerConfigKeys (ConfUtils.java:logGet(44)) - raft.server.log.segment.cache.size.max = 200MB (=209715200) (default)
2021-09-01 14:11:26,886 [pool-297-thread-1] INFO  segmented.SegmentedRaftLogWorker (SegmentedRaftLogWorker.java:<init>(182)) - new c4d6a0cb-d450-4943-aeb6-b38ae00f646d@group-61838D733805-SegmentedRaftLogWorker for RaftStorageImpl:Storage Directory /home/runner/work/ozone/ozone/hadoop-ozone/integration-test/target/test-dir/MiniOzoneClusterImpl-ade41b4a-42d1-4ce8-adde-039c2ad4b32e/datanode-2/data/ratis/8d50441c-44b6-4c12-8fca-61838d733805
2021-09-01 14:11:26,886 [pool-297-thread-1] INFO  server.RaftServerConfigKeys (ConfUtils.java:logGet(44)) - raft.server.log.queue.byte-limit = 2147483647 (custom)
2021-09-01 14:11:26,886 [pool-297-thread-1] INFO  server.RaftServerConfigKeys (ConfUtils.java:logGet(44)) - raft.server.log.queue.element-limit = 1024 (custom)
2021-09-01 14:11:26,887 [pool-297-thread-1] INFO  server.RaftServerConfigKeys (ConfUtils.java:logGet(44)) - raft.server.log.segment.size.max = 1048576 (custom)
2021-09-01 14:11:26,887 [pool-297-thread-1] INFO  server.RaftServerConfigKeys (ConfUtils.java:logGet(44)) - raft.server.log.preallocated.size = 16384 (custom)
2021-09-01 14:11:26,887 [pool-297-thread-1] INFO  server.RaftServerConfigKeys (ConfUtils.java:logGet(44)) - raft.server.log.force.sync.num = 128 (default)
2021-09-01 14:11:26,887 [pool-297-thread-1] INFO  server.RaftServerConfigKeys (ConfUtils.java:logGet(44)) - raft.server.log.statemachine.data.sync = true (default)
2021-09-01 14:11:26,887 [pool-297-thread-1] INFO  server.RaftServerConfigKeys (ConfUtils.java:logGet(44)) - raft.server.log.statemachine.data.sync.timeout = 10s (default)
2021-09-01 14:11:26,887 [pool-297-thread-1] INFO  server.RaftServerConfigKeys (ConfUtils.java:logGet(44)) - raft.server.log.statemachine.data.sync.timeout.retry = -1 (default)
2021-09-01 14:11:26,942 [pool-297-thread-1] INFO  server.RaftServerConfigKeys (ConfUtils.java:logGet(44)) - raft.server.log.write.buffer.size = 1048576 (custom)
2021-09-01 14:11:26,943 [pool-297-thread-1] INFO  server.RaftServerConfigKeys (ConfUtils.java:logGet(44)) - raft.server.log.statemachine.data.caching.enabled = true (custom)
2021-09-01 14:11:26,943 [pool-297-thread-1] INFO  segmented.SegmentedRaftLogWorker (SegmentedRaftLogWorker.java:lambda$new$0(133)) - c4d6a0cb-d450-4943-aeb6-b38ae00f646d@group-61838D733805-SegmentedRaftLogWorker: flushIndex: setUnconditionally 0 -> -1
2021-09-01 14:11:26,943 [pool-297-thread-1] INFO  segmented.SegmentedRaftLogWorker (SegmentedRaftLogWorker.java:lambda$new$0(133)) - c4d6a0cb-d450-4943-aeb6-b38ae00f646d@group-61838D733805-SegmentedRaftLogWorker: safeCacheEvictIndex: setUnconditionally 0 -> -1
2021-09-01 14:11:26,945 [pool-297-thread-1] INFO  server.RaftServerConfigKeys (ConfUtils.java:logGet(44)) - raft.server.snapshot.auto.trigger.enabled = true (custom)
2021-09-01 14:11:26,949 [pool-297-thread-1] INFO  server.RaftServerConfigKeys (ConfUtils.java:logGet(44)) - raft.server.snapshot.auto.trigger.threshold = 10000 (custom)
2021-09-01 14:11:26,950 [pool-297-thread-1] INFO  server.RaftServerConfigKeys (ConfUtils.java:logGet(44)) - raft.server.snapshot.retention.file.num = 5 (custom)
2021-09-01 14:11:26,950 [pool-297-thread-1] INFO  server.RaftServerConfigKeys (ConfUtils.java:logGet(44)) - raft.server.log.purge.upto.snapshot.index = false (default)
2021-09-01 14:11:26,950 [pool-297-thread-1] INFO  server.RaftServerConfigKeys (ConfUtils.java:logGet(44)) - raft.server.retrycache.expirytime = 600000ms (custom)
2021-09-01 14:11:26,950 [pool-297-thread-1] INFO  server.RaftServerConfigKeys (ConfUtils.java:logGet(44)) - raft.server.retrycache.statistics.expirytime = 100μs (default)
2021-09-01 14:11:26,951 [pool-297-thread-1] INFO  server.RaftServer$Division (RaftServerImpl.java:start(296)) - c4d6a0cb-d450-4943-aeb6-b38ae00f646d@group-61838D733805: start as a follower, conf=-1: [c4d6a0cb-d450-4943-aeb6-b38ae00f646d|rpc:10.1.0.27:33205|priority:1], old=null
2021-09-01 14:11:26,951 [pool-297-thread-1] INFO  server.RaftServer$Division (RaftServerImpl.java:setRole(285)) - c4d6a0cb-d450-4943-aeb6-b38ae00f646d@group-61838D733805: changes role from      null to FOLLOWER at term 0 for startAsFollower
2021-09-01 14:11:26,951 [pool-297-thread-1] INFO  impl.RoleInfo (RoleInfo.java:updateAndGet(130)) - c4d6a0cb-d450-4943-aeb6-b38ae00f646d: start c4d6a0cb-d450-4943-aeb6-b38ae00f646d@group-61838D733805-FollowerState
2021-09-01 14:11:26,958 [pool-297-thread-1] INFO  util.JmxRegister (JmxRegister.java:tryRegister(44)) - Successfully registered JMX Bean with object name Ratis:service=RaftServer,group=group-61838D733805,id=c4d6a0cb-d450-4943-aeb6-b38ae00f646d
2021-09-01 14:11:26,962 [Command processor thread] INFO  ratis.XceiverServerRatis (XceiverServerRatis.java:addGroup(763)) - Created group PipelineID=8d50441c-44b6-4c12-8fca-61838d733805
2021-09-01 14:11:26,962 [Command processor thread] INFO  commandhandler.CreatePipelineCommandHandler (CreatePipelineCommandHandler.java:handle(106)) - Created Pipeline RATIS ONE PipelineID=8d50441c-44b6-4c12-8fca-61838d733805.
2021-09-01 14:11:26,985 [DatanodeAdminManager-0] INFO  node.DatanodeAdminMonitorImpl (DatanodeAdminMonitorImpl.java:checkContainersReplicatedOnNode(297)) - 1f216d10-6a5d-4e67-b983-ab62dd80285a{ip: 10.1.0.27, host: fv-az148-824.bm4ck3pvxvsene1rjriu5fhcdb.bx.internal.cloudapp.net, ports: [REPLICATION=40941, RATIS=36441, RATIS_ADMIN=36441, RATIS_SERVER=36441, STANDALONE=46147], networkLocation: /default-rack, certSerialId: null, persistedOpState: ENTERING_MAINTENANCE, persistedOpStateExpiryEpochSec: 0} has 0 sufficientlyReplicated, 0 underReplicated and 0 unhealthy containers
2021-09-01 14:11:26,985 [DatanodeAdminManager-0] INFO  node.DatanodeAdminMonitorImpl (DatanodeAdminMonitorImpl.java:putIntoMaintenance(313)) - Datanode 1f216d10-6a5d-4e67-b983-ab62dd80285a{ip: 10.1.0.27, host: fv-az148-824.bm4ck3pvxvsene1rjriu5fhcdb.bx.internal.cloudapp.net, ports: [REPLICATION=40941, RATIS=36441, RATIS_ADMIN=36441, RATIS_SERVER=36441, STANDALONE=46147], networkLocation: /default-rack, certSerialId: null, persistedOpState: ENTERING_MAINTENANCE, persistedOpStateExpiryEpochSec: 0} has entered maintenance
2021-09-01 14:11:26,985 [DatanodeAdminManager-0] INFO  node.DatanodeAdminMonitorImpl (DatanodeAdminMonitorImpl.java:run(136)) - There are 1 nodes tracked for decommission and maintenance. 0 pending nodes.
2021-09-01 14:11:26,985 [EventQueue-HealthyReadonlyToHealthyNodeForReadOnlyHealthyToHealthyNodeHandler] INFO  node.ReadOnlyHealthyToHealthyNodeHandler (ReadOnlyHealthyToHealthyNodeHandler.java:onMessage(51)) - Datanode 1f216d10-6a5d-4e67-b983-ab62dd80285a{ip: 10.1.0.27, host: fv-az148-824.bm4ck3pvxvsene1rjriu5fhcdb.bx.internal.cloudapp.net, ports: [REPLICATION=40941, RATIS=36441, RATIS_ADMIN=36441, RATIS_SERVER=36441, STANDALONE=46147], networkLocation: /default-rack, certSerialId: null, persistedOpState: ENTERING_MAINTENANCE, persistedOpStateExpiryEpochSec: 0} moved to HEALTHY state.
2021-09-01 14:11:26,985 [EventQueue-HealthyReadonlyToHealthyNodeForReadOnlyHealthyToHealthyNodeHandler] INFO  pipeline.BackgroundPipelineCreator (BackgroundPipelineCreatorV2.java:notifyEventTriggered(285)) - trigger a one-shot run on RatisPipelineUtilsThread.
2021-09-01 14:11:27,006 [ReplicationMonitor] INFO  container.ReplicationManager (ReplicationManager.java:processAll(359)) - Replication Monitor Thread took 1 milliseconds for processing 3 containers.
2021-09-01 14:11:27,077 [Command processor thread] INFO  server.RaftServer (RaftServerProxy.java:addNew(95)) - 44d9a463-e606-45f4-b26f-9a0dec6122aa: addNew group-59E501E7DE2F:[44d9a463-e606-45f4-b26f-9a0dec6122aa|rpc:10.1.0.27:36785|priority:1] returns group-59E501E7DE2F:java.util.concurrent.CompletableFuture@27be28de[Not completed]
2021-09-01 14:11:27,079 [pool-318-thread-1] INFO  server.RaftServer$Division (RaftServerImpl.java:<init>(181)) - 44d9a463-e606-45f4-b26f-9a0dec6122aa: new RaftServerImpl for group-59E501E7DE2F:[44d9a463-e606-45f4-b26f-9a0dec6122aa|rpc:10.1.0.27:36785|priority:1] with ContainerStateMachine:uninitialized
2021-09-01 14:11:27,079 [pool-318-thread-1] INFO  server.RaftServerConfigKeys (ConfUtils.java:logGet(44)) - raft.server.rpc.timeout.min = 5s (custom)
2021-09-01 14:11:27,079 [pool-318-thread-1] INFO  server.RaftServerConfigKeys (ConfUtils.java:logGet(44)) - raft.server.rpc.timeout.max = 5200ms (custom)
2021-09-01 14:11:27,079 [pool-318-thread-1] INFO  server.RaftServerConfigKeys (ConfUtils.java:logGet(44)) - raft.server.rpc.sleep.time = 25ms (default)
2021-09-01 14:11:27,079 [pool-318-thread-1] INFO  server.RaftServerConfigKeys (ConfUtils.java:logGet(44)) - raft.server.rpc.slowness.timeout = 300s (custom)
2021-09-01 14:11:27,079 [pool-318-thread-1] INFO  server.RaftServerConfigKeys (ConfUtils.java:logGet(44)) - raft.server.leaderelection.leader.step-down.wait-time = 10s (default)
2021-09-01 14:11:27,079 [pool-318-thread-1] INFO  server.RaftServerConfigKeys (ConfUtils.java:logGet(44)) - raft.server.sleep.deviation.threshold = 300ms (default)
2021-09-01 14:11:27,079 [pool-318-thread-1] INFO  server.RaftServerConfigKeys (ConfUtils.java:logGet(44)) - raft.server.log.appender.install.snapshot.enabled = false (custom)
2021-09-01 14:11:27,079 [pool-318-thread-1] INFO  server.RaftServer$Division (ServerState.java:<init>(105)) - 44d9a463-e606-45f4-b26f-9a0dec6122aa@group-59E501E7DE2F: ConfigurationManager, init=-1: [44d9a463-e606-45f4-b26f-9a0dec6122aa|rpc:10.1.0.27:36785|priority:1], old=null, confs=<EMPTY_MAP>
2021-09-01 14:11:27,079 [pool-318-thread-1] INFO  server.RaftServerConfigKeys (ConfUtils.java:logGet(44)) - raft.server.storage.dir = [/home/runner/work/ozone/ozone/hadoop-ozone/integration-test/target/test-dir/MiniOzoneClusterImpl-ade41b4a-42d1-4ce8-adde-039c2ad4b32e/datanode-3/data/ratis] (custom)
2021-09-01 14:11:27,080 [pool-318-thread-1] INFO  server.RaftServerConfigKeys (ConfUtils.java:logGet(44)) - raft.server.log.corruption.policy = EXCEPTION (default)
2021-09-01 14:11:27,080 [pool-318-thread-1] INFO  server.RaftServerConfigKeys (ConfUtils.java:logGet(44)) - raft.server.storage.free-space.min = 0MB (=0) (default)
2021-09-01 14:11:27,080 [pool-318-thread-1] INFO  storage.RaftStorageDirectory (RaftStorageDirectoryImpl.java:analyzeStorage(135)) - The storage directory /home/runner/work/ozone/ozone/hadoop-ozone/integration-test/target/test-dir/MiniOzoneClusterImpl-ade41b4a-42d1-4ce8-adde-039c2ad4b32e/datanode-3/data/ratis/3fed1152-fbbc-4757-85c6-59e501e7de2f does not exist. Creating ...
2021-09-01 14:11:27,081 [Command processor thread] WARN  server.RaftServer (RaftServerProxy.java:remove(101)) - 1f216d10-6a5d-4e67-b983-ab62dd80285a: does not contain group: group-4F5C23251FD2
2021-09-01 14:11:27,081 [Command processor thread] ERROR commandhandler.ClosePipelineCommandHandler (ClosePipelineCommandHandler.java:handle(78)) - Can't close pipeline PipelineID=15194566-c2e7-43ec-a238-4f5c23251fd2
java.io.IOException: 1f216d10-6a5d-4e67-b983-ab62dd80285a: Group group-4F5C23251FD2 not found.
	at org.apache.hadoop.ozone.container.common.transport.server.ratis.XceiverServerRatis.removeGroup(XceiverServerRatis.java:781)
	at org.apache.hadoop.ozone.container.common.statemachine.commandhandler.ClosePipelineCommandHandler.handle(ClosePipelineCommandHandler.java:74)
	at org.apache.hadoop.ozone.container.common.statemachine.commandhandler.CommandDispatcher.handle(CommandDispatcher.java:99)
	at org.apache.hadoop.ozone.container.common.statemachine.DatanodeStateMachine.lambda$initCommandHandlerThread$2(DatanodeStateMachine.java:556)
	at java.lang.Thread.run(Thread.java:748)
Caused by: org.apache.ratis.protocol.exceptions.GroupMismatchException: 1f216d10-6a5d-4e67-b983-ab62dd80285a: Group group-4F5C23251FD2 not found.
	at org.apache.ratis.server.impl.RaftServerProxy.groupRemoveAsync(RaftServerProxy.java:504)
	at org.apache.ratis.server.impl.RaftServerProxy.groupManagementAsync(RaftServerProxy.java:460)
	at org.apache.ratis.server.impl.RaftServerProxy.groupManagement(RaftServerProxy.java:440)
	at org.apache.hadoop.ozone.container.common.transport.server.ratis.XceiverServerRatis.removeGroup(XceiverServerRatis.java:779)
	... 4 more
2021-09-01 14:11:27,081 [Command processor thread] WARN  server.RaftServer (RaftServerProxy.java:remove(101)) - 1f216d10-6a5d-4e67-b983-ab62dd80285a: does not contain group: group-E2BE6F1CA809
2021-09-01 14:11:27,081 [Command processor thread] ERROR commandhandler.ClosePipelineCommandHandler (ClosePipelineCommandHandler.java:handle(78)) - Can't close pipeline PipelineID=8cb1bf33-e544-4c80-a5e5-e2be6f1ca809
java.io.IOException: 1f216d10-6a5d-4e67-b983-ab62dd80285a: Group group-E2BE6F1CA809 not found.
	at org.apache.hadoop.ozone.container.common.transport.server.ratis.XceiverServerRatis.removeGroup(XceiverServerRatis.java:781)
	at org.apache.hadoop.ozone.container.common.statemachine.commandhandler.ClosePipelineCommandHandler.handle(ClosePipelineCommandHandler.java:74)
	at org.apache.hadoop.ozone.container.common.statemachine.commandhandler.CommandDispatcher.handle(CommandDispatcher.java:99)
	at org.apache.hadoop.ozone.container.common.statemachine.DatanodeStateMachine.lambda$initCommandHandlerThread$2(DatanodeStateMachine.java:556)
	at java.lang.Thread.run(Thread.java:748)
Caused by: org.apache.ratis.protocol.exceptions.GroupMismatchException: 1f216d10-6a5d-4e67-b983-ab62dd80285a: Group group-E2BE6F1CA809 not found.
	at org.apache.ratis.server.impl.RaftServerProxy.groupRemoveAsync(RaftServerProxy.java:504)
	at org.apache.ratis.server.impl.RaftServerProxy.groupManagementAsync(RaftServerProxy.java:460)
	at org.apache.ratis.server.impl.RaftServerProxy.groupManagement(RaftServerProxy.java:440)
	at org.apache.hadoop.ozone.container.common.transport.server.ratis.XceiverServerRatis.removeGroup(XceiverServerRatis.java:779)
	... 4 more
2021-09-01 14:11:27,081 [pool-318-thread-1] INFO  storage.RaftStorageDirectory (RaftStorageDirectoryImpl.java:tryLock(230)) - Lock on /home/runner/work/ozone/ozone/hadoop-ozone/integration-test/target/test-dir/MiniOzoneClusterImpl-ade41b4a-42d1-4ce8-adde-039c2ad4b32e/datanode-3/data/ratis/3fed1152-fbbc-4757-85c6-59e501e7de2f/in_use.lock acquired by nodename 9503@fv-az148-824
2021-09-01 14:11:27,081 [IPC Server handler 11 on default port 41479] INFO  node.SCMNodeManager (SCMNodeManager.java:updateDatanodeOpState(484)) - Scheduling a command to update the operationalState persisted on 1f216d10-6a5d-4e67-b983-ab62dd80285a{ip: 10.1.0.27, host: fv-az148-824.bm4ck3pvxvsene1rjriu5fhcdb.bx.internal.cloudapp.net, ports: [REPLICATION=40941, RATIS=36441, RATIS_ADMIN=36441, RATIS_SERVER=36441, STANDALONE=46147], networkLocation: /default-rack, certSerialId: null, persistedOpState: ENTERING_MAINTENANCE, persistedOpStateExpiryEpochSec: 0} as the reported value does not match the value stored in SCM (IN_MAINTENANCE, 0)
2021-09-01 14:11:27,083 [pool-318-thread-1] INFO  storage.RaftStorage (RaftStorageImpl.java:format(89)) - Storage directory /home/runner/work/ozone/ozone/hadoop-ozone/integration-test/target/test-dir/MiniOzoneClusterImpl-ade41b4a-42d1-4ce8-adde-039c2ad4b32e/datanode-3/data/ratis/3fed1152-fbbc-4757-85c6-59e501e7de2f has been successfully formatted.
2021-09-01 14:11:27,085 [pool-318-thread-1] INFO  ratis.ContainerStateMachine (ContainerStateMachine.java:loadSnapshot(224)) - group-59E501E7DE2F: The snapshot info is null. Setting the last applied indexto:(t:0, i:~)
2021-09-01 14:11:27,085 [Datanode State Machine Thread - 0] WARN  statemachine.StateContext (StateContext.java:execute(621)) - No available thread in pool for past 1 seconds.
2021-09-01 14:11:27,085 [pool-318-thread-1] INFO  server.RaftServerConfigKeys (ConfUtils.java:logGet(44)) - raft.server.notification.no-leader.timeout = 300s (custom)
2021-09-01 14:11:27,085 [pool-318-thread-1] INFO  server.RaftServerConfigKeys (ConfUtils.java:logGet(44)) - raft.server.log.use.memory = false (default)
2021-09-01 14:11:27,086 [EventQueue-PipelineReportForPipelineReportHandler] INFO  pipeline.PipelineManagerImpl (PipelineManagerImpl.java:openPipeline(282)) - Pipeline Pipeline[ Id: 3fed1152-fbbc-4757-85c6-59e501e7de2f, Nodes: 44d9a463-e606-45f4-b26f-9a0dec6122aa{ip: 10.1.0.27, host: fv-az148-824.bm4ck3pvxvsene1rjriu5fhcdb.bx.internal.cloudapp.net, ports: [REPLICATION=37121, RATIS=36785, RATIS_ADMIN=36785, RATIS_SERVER=36785, STANDALONE=35251], networkLocation: /default-rack, certSerialId: null, persistedOpState: IN_SERVICE, persistedOpStateExpiryEpochSec: 0}, ReplicationConfig: RATIS/ONE, State:ALLOCATED, leaderId:44d9a463-e606-45f4-b26f-9a0dec6122aa, CreationTimestamp2021-09-01T14:11:24.081Z[Etc/UTC]] moved to OPEN state
2021-09-01 14:11:27,086 [pool-318-thread-1] INFO  server.RaftServerConfigKeys (ConfUtils.java:logGet(44)) - raft.server.log.purge.gap = 1000000 (custom)
2021-09-01 14:11:27,086 [pool-318-thread-1] INFO  server.RaftServerConfigKeys (ConfUtils.java:logGet(44)) - raft.server.log.appender.buffer.byte-limit = 33554432 (custom)
2021-09-01 14:11:27,086 [pool-318-thread-1] INFO  server.RaftServerConfigKeys (ConfUtils.java:logGet(44)) - raft.server.log.segment.size.max = 1048576 (custom)
2021-09-01 14:11:27,086 [EventQueue-OpenPipelineForHealthyPipelineSafeModeRule] INFO  safemode.SCMSafeModeManager (HealthyPipelineSafeModeRule.java:process(124)) - SCM in safe mode. Healthy pipelines reported count is 0, required healthy pipeline reported count is 1
2021-09-01 14:11:27,089 [pool-318-thread-1] INFO  server.RaftServerConfigKeys (ConfUtils.java:logGet(44)) - raft.server.log.segment.cache.num.max = 2 (custom)
2021-09-01 14:11:27,090 [pool-318-thread-1] INFO  server.RaftServerConfigKeys (ConfUtils.java:logGet(44)) - raft.server.log.segment.cache.size.max = 200MB (=209715200) (default)
2021-09-01 14:11:27,090 [pool-318-thread-1] INFO  segmented.SegmentedRaftLogWorker (SegmentedRaftLogWorker.java:<init>(182)) - new 44d9a463-e606-45f4-b26f-9a0dec6122aa@group-59E501E7DE2F-SegmentedRaftLogWorker for RaftStorageImpl:Storage Directory /home/runner/work/ozone/ozone/hadoop-ozone/integration-test/target/test-dir/MiniOzoneClusterImpl-ade41b4a-42d1-4ce8-adde-039c2ad4b32e/datanode-3/data/ratis/3fed1152-fbbc-4757-85c6-59e501e7de2f
2021-09-01 14:11:27,090 [pool-318-thread-1] INFO  server.RaftServerConfigKeys (ConfUtils.java:logGet(44)) - raft.server.log.queue.byte-limit = 2147483647 (custom)
2021-09-01 14:11:27,090 [pool-318-thread-1] INFO  server.RaftServerConfigKeys (ConfUtils.java:logGet(44)) - raft.server.log.queue.element-limit = 1024 (custom)
2021-09-01 14:11:27,090 [pool-318-thread-1] INFO  server.RaftServerConfigKeys (ConfUtils.java:logGet(44)) - raft.server.log.segment.size.max = 1048576 (custom)
2021-09-01 14:11:27,090 [pool-318-thread-1] INFO  server.RaftServerConfigKeys (ConfUtils.java:logGet(44)) - raft.server.log.preallocated.size = 16384 (custom)
2021-09-01 14:11:27,090 [pool-318-thread-1] INFO  server.RaftServerConfigKeys (ConfUtils.java:logGet(44)) - raft.server.log.force.sync.num = 128 (default)
2021-09-01 14:11:27,090 [pool-318-thread-1] INFO  server.RaftServerConfigKeys (ConfUtils.java:logGet(44)) - raft.server.log.statemachine.data.sync = true (default)
2021-09-01 14:11:27,090 [pool-318-thread-1] INFO  server.RaftServerConfigKeys (ConfUtils.java:logGet(44)) - raft.server.log.statemachine.data.sync.timeout = 10s (default)
2021-09-01 14:11:27,090 [pool-318-thread-1] INFO  server.RaftServerConfigKeys (ConfUtils.java:logGet(44)) - raft.server.log.statemachine.data.sync.timeout.retry = -1 (default)
2021-09-01 14:11:27,091 [pool-318-thread-1] INFO  server.RaftServerConfigKeys (ConfUtils.java:logGet(44)) - raft.server.log.write.buffer.size = 1048576 (custom)
2021-09-01 14:11:27,092 [pool-318-thread-1] INFO  server.RaftServerConfigKeys (ConfUtils.java:logGet(44)) - raft.server.log.statemachine.data.caching.enabled = true (custom)
2021-09-01 14:11:27,093 [pool-318-thread-1] INFO  segmented.SegmentedRaftLogWorker (SegmentedRaftLogWorker.java:lambda$new$0(133)) - 44d9a463-e606-45f4-b26f-9a0dec6122aa@group-59E501E7DE2F-SegmentedRaftLogWorker: flushIndex: setUnconditionally 0 -> -1
2021-09-01 14:11:27,093 [pool-318-thread-1] INFO  segmented.SegmentedRaftLogWorker (SegmentedRaftLogWorker.java:lambda$new$0(133)) - 44d9a463-e606-45f4-b26f-9a0dec6122aa@group-59E501E7DE2F-SegmentedRaftLogWorker: safeCacheEvictIndex: setUnconditionally 0 -> -1
2021-09-01 14:11:27,093 [pool-318-thread-1] INFO  server.RaftServerConfigKeys (ConfUtils.java:logGet(44)) - raft.server.snapshot.auto.trigger.enabled = true (custom)
2021-09-01 14:11:27,093 [pool-318-thread-1] INFO  server.RaftServerConfigKeys (ConfUtils.java:logGet(44)) - raft.server.snapshot.auto.trigger.threshold = 10000 (custom)
2021-09-01 14:11:27,093 [pool-318-thread-1] INFO  server.RaftServerConfigKeys (ConfUtils.java:logGet(44)) - raft.server.snapshot.retention.file.num = 5 (custom)
2021-09-01 14:11:27,093 [pool-318-thread-1] INFO  server.RaftServerConfigKeys (ConfUtils.java:logGet(44)) - raft.server.log.purge.upto.snapshot.index = false (default)
2021-09-01 14:11:27,093 [pool-318-thread-1] INFO  server.RaftServerConfigKeys (ConfUtils.java:logGet(44)) - raft.server.retrycache.expirytime = 600000ms (custom)
2021-09-01 14:11:27,093 [pool-318-thread-1] INFO  server.RaftServerConfigKeys (ConfUtils.java:logGet(44)) - raft.server.retrycache.statistics.expirytime = 100μs (default)
2021-09-01 14:11:27,094 [pool-318-thread-1] INFO  server.RaftServer$Division (RaftServerImpl.java:start(296)) - 44d9a463-e606-45f4-b26f-9a0dec6122aa@group-59E501E7DE2F: start as a follower, conf=-1: [44d9a463-e606-45f4-b26f-9a0dec6122aa|rpc:10.1.0.27:36785|priority:1], old=null
2021-09-01 14:11:27,094 [pool-318-thread-1] INFO  server.RaftServer$Division (RaftServerImpl.java:setRole(285)) - 44d9a463-e606-45f4-b26f-9a0dec6122aa@group-59E501E7DE2F: changes role from      null to FOLLOWER at term 0 for startAsFollower
2021-09-01 14:11:27,094 [pool-318-thread-1] INFO  impl.RoleInfo (RoleInfo.java:updateAndGet(130)) - 44d9a463-e606-45f4-b26f-9a0dec6122aa: start 44d9a463-e606-45f4-b26f-9a0dec6122aa@group-59E501E7DE2F-FollowerState
2021-09-01 14:11:27,095 [pool-318-thread-1] INFO  util.JmxRegister (JmxRegister.java:tryRegister(44)) - Successfully registered JMX Bean with object name Ratis:service=RaftServer,group=group-59E501E7DE2F,id=44d9a463-e606-45f4-b26f-9a0dec6122aa
2021-09-01 14:11:27,096 [Command processor thread] INFO  ratis.XceiverServerRatis (XceiverServerRatis.java:addGroup(763)) - Created group PipelineID=3fed1152-fbbc-4757-85c6-59e501e7de2f
2021-09-01 14:11:27,096 [Command processor thread] INFO  commandhandler.CreatePipelineCommandHandler (CreatePipelineCommandHandler.java:handle(106)) - Created Pipeline RATIS ONE PipelineID=3fed1152-fbbc-4757-85c6-59e501e7de2f.
2021-09-01 14:11:27,096 [Command processor thread] INFO  server.RaftServer (RaftServerProxy.java:addNew(95)) - 44d9a463-e606-45f4-b26f-9a0dec6122aa: addNew group-033642DB8999:[5b3e2d2c-648b-402a-a457-d38acf1cc2f9|rpc:10.1.0.27:42361|priority:0, 5f4ce7d7-9eea-43d1-b933-2c22a00d0a16|rpc:10.1.0.27:33785|priority:0, 44d9a463-e606-45f4-b26f-9a0dec6122aa|rpc:10.1.0.27:36785|priority:1] returns group-033642DB8999:java.util.concurrent.CompletableFuture@2381a8f1[Not completed]
2021-09-01 14:11:27,096 [pool-318-thread-1] INFO  server.RaftServer$Division (RaftServerImpl.java:<init>(181)) - 44d9a463-e606-45f4-b26f-9a0dec6122aa: new RaftServerImpl for group-033642DB8999:[5b3e2d2c-648b-402a-a457-d38acf1cc2f9|rpc:10.1.0.27:42361|priority:0, 5f4ce7d7-9eea-43d1-b933-2c22a00d0a16|rpc:10.1.0.27:33785|priority:0, 44d9a463-e606-45f4-b26f-9a0dec6122aa|rpc:10.1.0.27:36785|priority:1] with ContainerStateMachine:uninitialized
2021-09-01 14:11:27,097 [pool-318-thread-1] INFO  server.RaftServerConfigKeys (ConfUtils.java:logGet(44)) - raft.server.rpc.timeout.min = 5s (custom)
2021-09-01 14:11:27,097 [pool-318-thread-1] INFO  server.RaftServerConfigKeys (ConfUtils.java:logGet(44)) - raft.server.rpc.timeout.max = 5200ms (custom)
2021-09-01 14:11:27,097 [pool-318-thread-1] INFO  server.RaftServerConfigKeys (ConfUtils.java:logGet(44)) - raft.server.rpc.sleep.time = 25ms (default)
2021-09-01 14:11:27,097 [pool-318-thread-1] INFO  server.RaftServerConfigKeys (ConfUtils.java:logGet(44)) - raft.server.rpc.slowness.timeout = 300s (custom)
2021-09-01 14:11:27,097 [pool-318-thread-1] INFO  server.RaftServerConfigKeys (ConfUtils.java:logGet(44)) - raft.server.leaderelection.leader.step-down.wait-time = 10s (default)
2021-09-01 14:11:27,097 [pool-318-thread-1] INFO  server.RaftServerConfigKeys (ConfUtils.java:logGet(44)) - raft.server.sleep.deviation.threshold = 300ms (default)
2021-09-01 14:11:27,097 [pool-318-thread-1] INFO  server.RaftServerConfigKeys (ConfUtils.java:logGet(44)) - raft.server.log.appender.install.snapshot.enabled = false (custom)
2021-09-01 14:11:27,097 [pool-318-thread-1] INFO  server.RaftServer$Division (ServerState.java:<init>(105)) - 44d9a463-e606-45f4-b26f-9a0dec6122aa@group-033642DB8999: ConfigurationManager, init=-1: [5b3e2d2c-648b-402a-a457-d38acf1cc2f9|rpc:10.1.0.27:42361|priority:0, 5f4ce7d7-9eea-43d1-b933-2c22a00d0a16|rpc:10.1.0.27:33785|priority:0, 44d9a463-e606-45f4-b26f-9a0dec6122aa|rpc:10.1.0.27:36785|priority:1], old=null, confs=<EMPTY_MAP>
2021-09-01 14:11:27,097 [pool-318-thread-1] INFO  server.RaftServerConfigKeys (ConfUtils.java:logGet(44)) - raft.server.storage.dir = [/home/runner/work/ozone/ozone/hadoop-ozone/integration-test/target/test-dir/MiniOzoneClusterImpl-ade41b4a-42d1-4ce8-adde-039c2ad4b32e/datanode-3/data/ratis] (custom)
2021-09-01 14:11:27,097 [pool-318-thread-1] INFO  server.RaftServerConfigKeys (ConfUtils.java:logGet(44)) - raft.server.log.corruption.policy = EXCEPTION (default)
2021-09-01 14:11:27,097 [pool-318-thread-1] INFO  server.RaftServerConfigKeys (ConfUtils.java:logGet(44)) - raft.server.storage.free-space.min = 0MB (=0) (default)
2021-09-01 14:11:27,097 [pool-318-thread-1] INFO  storage.RaftStorageDirectory (RaftStorageDirectoryImpl.java:analyzeStorage(135)) - The storage directory /home/runner/work/ozone/ozone/hadoop-ozone/integration-test/target/test-dir/MiniOzoneClusterImpl-ade41b4a-42d1-4ce8-adde-039c2ad4b32e/datanode-3/data/ratis/aff2f8ce-52cc-4a7b-b339-033642db8999 does not exist. Creating ...
2021-09-01 14:11:27,098 [pool-318-thread-1] INFO  storage.RaftStorageDirectory (RaftStorageDirectoryImpl.java:tryLock(230)) - Lock on /home/runner/work/ozone/ozone/hadoop-ozone/integration-test/target/test-dir/MiniOzoneClusterImpl-ade41b4a-42d1-4ce8-adde-039c2ad4b32e/datanode-3/data/ratis/aff2f8ce-52cc-4a7b-b339-033642db8999/in_use.lock acquired by nodename 9503@fv-az148-824
2021-09-01 14:11:27,099 [pool-318-thread-1] INFO  storage.RaftStorage (RaftStorageImpl.java:format(89)) - Storage directory /home/runner/work/ozone/ozone/hadoop-ozone/integration-test/target/test-dir/MiniOzoneClusterImpl-ade41b4a-42d1-4ce8-adde-039c2ad4b32e/datanode-3/data/ratis/aff2f8ce-52cc-4a7b-b339-033642db8999 has been successfully formatted.
2021-09-01 14:11:27,099 [pool-318-thread-1] INFO  ratis.ContainerStateMachine (ContainerStateMachine.java:loadSnapshot(224)) - group-033642DB8999: The snapshot info is null. Setting the last applied indexto:(t:0, i:~)
2021-09-01 14:11:27,099 [pool-318-thread-1] INFO  server.RaftServerConfigKeys (ConfUtils.java:logGet(44)) - raft.server.notification.no-leader.timeout = 300s (custom)
2021-09-01 14:11:27,099 [pool-318-thread-1] INFO  server.RaftServerConfigKeys (ConfUtils.java:logGet(44)) - raft.server.log.use.memory = false (default)
2021-09-01 14:11:27,099 [pool-318-thread-1] INFO  server.RaftServerConfigKeys (ConfUtils.java:logGet(44)) - raft.server.log.purge.gap = 1000000 (custom)
2021-09-01 14:11:27,099 [pool-318-thread-1] INFO  server.RaftServerConfigKeys (ConfUtils.java:logGet(44)) - raft.server.log.appender.buffer.byte-limit = 33554432 (custom)
2021-09-01 14:11:27,099 [pool-318-thread-1] INFO  server.RaftServerConfigKeys (ConfUtils.java:logGet(44)) - raft.server.log.segment.size.max = 1048576 (custom)
2021-09-01 14:11:27,100 [pool-318-thread-1] INFO  server.RaftServerConfigKeys (ConfUtils.java:logGet(44)) - raft.server.log.segment.cache.num.max = 2 (custom)
2021-09-01 14:11:27,100 [pool-318-thread-1] INFO  server.RaftServerConfigKeys (ConfUtils.java:logGet(44)) - raft.server.log.segment.cache.size.max = 200MB (=209715200) (default)
2021-09-01 14:11:27,100 [pool-318-thread-1] INFO  segmented.SegmentedRaftLogWorker (SegmentedRaftLogWorker.java:<init>(182)) - new 44d9a463-e606-45f4-b26f-9a0dec6122aa@group-033642DB8999-SegmentedRaftLogWorker for RaftStorageImpl:Storage Directory /home/runner/work/ozone/ozone/hadoop-ozone/integration-test/target/test-dir/MiniOzoneClusterImpl-ade41b4a-42d1-4ce8-adde-039c2ad4b32e/datanode-3/data/ratis/aff2f8ce-52cc-4a7b-b339-033642db8999
2021-09-01 14:11:27,100 [pool-318-thread-1] INFO  server.RaftServerConfigKeys (ConfUtils.java:logGet(44)) - raft.server.log.queue.byte-limit = 2147483647 (custom)
2021-09-01 14:11:27,100 [pool-318-thread-1] INFO  server.RaftServerConfigKeys (ConfUtils.java:logGet(44)) - raft.server.log.queue.element-limit = 1024 (custom)
2021-09-01 14:11:27,101 [EventQueue-OpenPipelineForHealthyPipelineSafeModeRule] INFO  safemode.SCMSafeModeManager (HealthyPipelineSafeModeRule.java:process(124)) - SCM in safe mode. Healthy pipelines reported count is 0, required healthy pipeline reported count is 1
2021-09-01 14:11:27,102 [pool-318-thread-1] INFO  server.RaftServerConfigKeys (ConfUtils.java:logGet(44)) - raft.server.log.segment.size.max = 1048576 (custom)
2021-09-01 14:11:27,102 [pool-318-thread-1] INFO  server.RaftServerConfigKeys (ConfUtils.java:logGet(44)) - raft.server.log.preallocated.size = 16384 (custom)
2021-09-01 14:11:27,102 [pool-318-thread-1] INFO  server.RaftServerConfigKeys (ConfUtils.java:logGet(44)) - raft.server.log.force.sync.num = 128 (default)
2021-09-01 14:11:27,102 [pool-318-thread-1] INFO  server.RaftServerConfigKeys (ConfUtils.java:logGet(44)) - raft.server.log.statemachine.data.sync = true (default)
2021-09-01 14:11:27,102 [pool-318-thread-1] INFO  server.RaftServerConfigKeys (ConfUtils.java:logGet(44)) - raft.server.log.statemachine.data.sync.timeout = 10s (default)
2021-09-01 14:11:27,102 [pool-318-thread-1] INFO  server.RaftServerConfigKeys (ConfUtils.java:logGet(44)) - raft.server.log.statemachine.data.sync.timeout.retry = -1 (default)
2021-09-01 14:11:27,103 [pool-318-thread-1] INFO  server.RaftServerConfigKeys (ConfUtils.java:logGet(44)) - raft.server.log.write.buffer.size = 1048576 (custom)
2021-09-01 14:11:27,104 [pool-318-thread-1] INFO  server.RaftServerConfigKeys (ConfUtils.java:logGet(44)) - raft.server.log.statemachine.data.caching.enabled = true (custom)
2021-09-01 14:11:27,104 [pool-318-thread-1] INFO  segmented.SegmentedRaftLogWorker (SegmentedRaftLogWorker.java:lambda$new$0(133)) - 44d9a463-e606-45f4-b26f-9a0dec6122aa@group-033642DB8999-SegmentedRaftLogWorker: flushIndex: setUnconditionally 0 -> -1
2021-09-01 14:11:27,104 [pool-318-thread-1] INFO  segmented.SegmentedRaftLogWorker (SegmentedRaftLogWorker.java:lambda$new$0(133)) - 44d9a463-e606-45f4-b26f-9a0dec6122aa@group-033642DB8999-SegmentedRaftLogWorker: safeCacheEvictIndex: setUnconditionally 0 -> -1
2021-09-01 14:11:27,111 [pool-318-thread-1] INFO  server.RaftServerConfigKeys (ConfUtils.java:logGet(44)) - raft.server.snapshot.auto.trigger.enabled = true (custom)
2021-09-01 14:11:27,111 [pool-318-thread-1] INFO  server.RaftServerConfigKeys (ConfUtils.java:logGet(44)) - raft.server.snapshot.auto.trigger.threshold = 10000 (custom)
2021-09-01 14:11:27,111 [pool-318-thread-1] INFO  server.RaftServerConfigKeys (ConfUtils.java:logGet(44)) - raft.server.snapshot.retention.file.num = 5 (custom)
2021-09-01 14:11:27,111 [pool-318-thread-1] INFO  server.RaftServerConfigKeys (ConfUtils.java:logGet(44)) - raft.server.log.purge.upto.snapshot.index = false (default)
2021-09-01 14:11:27,111 [pool-318-thread-1] INFO  server.RaftServerConfigKeys (ConfUtils.java:logGet(44)) - raft.server.retrycache.expirytime = 600000ms (custom)
2021-09-01 14:11:27,112 [pool-318-thread-1] INFO  server.RaftServerConfigKeys (ConfUtils.java:logGet(44)) - raft.server.retrycache.statistics.expirytime = 100μs (default)
2021-09-01 14:11:27,113 [pool-318-thread-1] INFO  server.RaftServer$Division (RaftServerImpl.java:start(296)) - 44d9a463-e606-45f4-b26f-9a0dec6122aa@group-033642DB8999: start as a follower, conf=-1: [5b3e2d2c-648b-402a-a457-d38acf1cc2f9|rpc:10.1.0.27:42361|priority:0, 5f4ce7d7-9eea-43d1-b933-2c22a00d0a16|rpc:10.1.0.27:33785|priority:0, 44d9a463-e606-45f4-b26f-9a0dec6122aa|rpc:10.1.0.27:36785|priority:1], old=null
2021-09-01 14:11:27,113 [pool-318-thread-1] INFO  server.RaftServer$Division (RaftServerImpl.java:setRole(285)) - 44d9a463-e606-45f4-b26f-9a0dec6122aa@group-033642DB8999: changes role from      null to FOLLOWER at term 0 for startAsFollower
2021-09-01 14:11:27,113 [pool-318-thread-1] INFO  impl.RoleInfo (RoleInfo.java:updateAndGet(130)) - 44d9a463-e606-45f4-b26f-9a0dec6122aa: start 44d9a463-e606-45f4-b26f-9a0dec6122aa@group-033642DB8999-FollowerState
2021-09-01 14:11:27,113 [pool-318-thread-1] INFO  util.JmxRegister (JmxRegister.java:tryRegister(44)) - Successfully registered JMX Bean with object name Ratis:service=RaftServer,group=group-033642DB8999,id=44d9a463-e606-45f4-b26f-9a0dec6122aa
2021-09-01 14:11:27,114 [Command processor thread] INFO  ratis.XceiverServerRatis (XceiverServerRatis.java:addGroup(763)) - Created group PipelineID=aff2f8ce-52cc-4a7b-b339-033642db8999
2021-09-01 14:11:27,126 [grpc-default-executor-1] INFO  server.RaftServer (RaftServerProxy.java:addNew(95)) - 5f4ce7d7-9eea-43d1-b933-2c22a00d0a16: addNew group-033642DB8999:[5b3e2d2c-648b-402a-a457-d38acf1cc2f9|rpc:10.1.0.27:42361|dataStream:|priority:0, 5f4ce7d7-9eea-43d1-b933-2c22a00d0a16|rpc:10.1.0.27:33785|dataStream:|priority:0, 44d9a463-e606-45f4-b26f-9a0dec6122aa|rpc:10.1.0.27:36785|dataStream:|priority:1] returns group-033642DB8999:java.util.concurrent.CompletableFuture@19b8bfc9[Not completed]
2021-09-01 14:11:27,128 [pool-356-thread-1] INFO  server.RaftServer$Division (RaftServerImpl.java:<init>(181)) - 5f4ce7d7-9eea-43d1-b933-2c22a00d0a16: new RaftServerImpl for group-033642DB8999:[5b3e2d2c-648b-402a-a457-d38acf1cc2f9|rpc:10.1.0.27:42361|dataStream:|priority:0, 5f4ce7d7-9eea-43d1-b933-2c22a00d0a16|rpc:10.1.0.27:33785|dataStream:|priority:0, 44d9a463-e606-45f4-b26f-9a0dec6122aa|rpc:10.1.0.27:36785|dataStream:|priority:1] with ContainerStateMachine:uninitialized
2021-09-01 14:11:27,129 [pool-356-thread-1] INFO  server.RaftServerConfigKeys (ConfUtils.java:logGet(44)) - raft.server.rpc.timeout.min = 5s (custom)
2021-09-01 14:11:27,129 [pool-356-thread-1] INFO  server.RaftServerConfigKeys (ConfUtils.java:logGet(44)) - raft.server.rpc.timeout.max = 5200ms (custom)
2021-09-01 14:11:27,129 [pool-356-thread-1] INFO  server.RaftServerConfigKeys (ConfUtils.java:logGet(44)) - raft.server.rpc.sleep.time = 25ms (default)
2021-09-01 14:11:27,129 [pool-356-thread-1] INFO  server.RaftServerConfigKeys (ConfUtils.java:logGet(44)) - raft.server.rpc.slowness.timeout = 300s (custom)
2021-09-01 14:11:27,129 [pool-356-thread-1] INFO  server.RaftServerConfigKeys (ConfUtils.java:logGet(44)) - raft.server.leaderelection.leader.step-down.wait-time = 10s (default)
2021-09-01 14:11:27,129 [pool-356-thread-1] INFO  server.RaftServerConfigKeys (ConfUtils.java:logGet(44)) - raft.server.sleep.deviation.threshold = 300ms (default)
2021-09-01 14:11:27,130 [pool-356-thread-1] INFO  server.RaftServerConfigKeys (ConfUtils.java:logGet(44)) - raft.server.log.appender.install.snapshot.enabled = false (custom)
2021-09-01 14:11:27,130 [pool-356-thread-1] INFO  server.RaftServer$Division (ServerState.java:<init>(105)) - 5f4ce7d7-9eea-43d1-b933-2c22a00d0a16@group-033642DB8999: ConfigurationManager, init=-1: [5b3e2d2c-648b-402a-a457-d38acf1cc2f9|rpc:10.1.0.27:42361|dataStream:|priority:0, 5f4ce7d7-9eea-43d1-b933-2c22a00d0a16|rpc:10.1.0.27:33785|dataStream:|priority:0, 44d9a463-e606-45f4-b26f-9a0dec6122aa|rpc:10.1.0.27:36785|dataStream:|priority:1], old=null, confs=<EMPTY_MAP>
2021-09-01 14:11:27,130 [pool-356-thread-1] INFO  server.RaftServerConfigKeys (ConfUtils.java:logGet(44)) - raft.server.storage.dir = [/home/runner/work/ozone/ozone/hadoop-ozone/integration-test/target/test-dir/MiniOzoneClusterImpl-ade41b4a-42d1-4ce8-adde-039c2ad4b32e/datanode-5/data/ratis] (custom)
2021-09-01 14:11:27,130 [pool-356-thread-1] INFO  server.RaftServerConfigKeys (ConfUtils.java:logGet(44)) - raft.server.log.corruption.policy = EXCEPTION (default)
2021-09-01 14:11:27,130 [pool-356-thread-1] INFO  server.RaftServerConfigKeys (ConfUtils.java:logGet(44)) - raft.server.storage.free-space.min = 0MB (=0) (default)
2021-09-01 14:11:27,130 [pool-356-thread-1] INFO  storage.RaftStorageDirectory (RaftStorageDirectoryImpl.java:analyzeStorage(135)) - The storage directory /home/runner/work/ozone/ozone/hadoop-ozone/integration-test/target/test-dir/MiniOzoneClusterImpl-ade41b4a-42d1-4ce8-adde-039c2ad4b32e/datanode-5/data/ratis/aff2f8ce-52cc-4a7b-b339-033642db8999 does not exist. Creating ...
2021-09-01 14:11:27,131 [pool-356-thread-1] INFO  storage.RaftStorageDirectory (RaftStorageDirectoryImpl.java:tryLock(230)) - Lock on /home/runner/work/ozone/ozone/hadoop-ozone/integration-test/target/test-dir/MiniOzoneClusterImpl-ade41b4a-42d1-4ce8-adde-039c2ad4b32e/datanode-5/data/ratis/aff2f8ce-52cc-4a7b-b339-033642db8999/in_use.lock acquired by nodename 9503@fv-az148-824
2021-09-01 14:11:27,132 [pool-356-thread-1] INFO  storage.RaftStorage (RaftStorageImpl.java:format(89)) - Storage directory /home/runner/work/ozone/ozone/hadoop-ozone/integration-test/target/test-dir/MiniOzoneClusterImpl-ade41b4a-42d1-4ce8-adde-039c2ad4b32e/datanode-5/data/ratis/aff2f8ce-52cc-4a7b-b339-033642db8999 has been successfully formatted.
2021-09-01 14:11:27,133 [pool-356-thread-1] INFO  ratis.ContainerStateMachine (ContainerStateMachine.java:loadSnapshot(224)) - group-033642DB8999: The snapshot info is null. Setting the last applied indexto:(t:0, i:~)
2021-09-01 14:11:27,135 [pool-356-thread-1] INFO  server.RaftServerConfigKeys (ConfUtils.java:logGet(44)) - raft.server.notification.no-leader.timeout = 300s (custom)
2021-09-01 14:11:27,135 [pool-356-thread-1] INFO  server.RaftServerConfigKeys (ConfUtils.java:logGet(44)) - raft.server.log.use.memory = false (default)
2021-09-01 14:11:27,135 [pool-356-thread-1] INFO  server.RaftServerConfigKeys (ConfUtils.java:logGet(44)) - raft.server.log.purge.gap = 1000000 (custom)
2021-09-01 14:11:27,137 [pool-356-thread-1] INFO  server.RaftServerConfigKeys (ConfUtils.java:logGet(44)) - raft.server.log.appender.buffer.byte-limit = 33554432 (custom)
2021-09-01 14:11:27,137 [pool-356-thread-1] INFO  server.RaftServerConfigKeys (ConfUtils.java:logGet(44)) - raft.server.log.segment.size.max = 1048576 (custom)
2021-09-01 14:11:27,138 [pool-356-thread-1] INFO  server.RaftServerConfigKeys (ConfUtils.java:logGet(44)) - raft.server.log.segment.cache.num.max = 2 (custom)
2021-09-01 14:11:27,138 [pool-356-thread-1] INFO  server.RaftServerConfigKeys (ConfUtils.java:logGet(44)) - raft.server.log.segment.cache.size.max = 200MB (=209715200) (default)
2021-09-01 14:11:27,138 [pool-356-thread-1] INFO  segmented.SegmentedRaftLogWorker (SegmentedRaftLogWorker.java:<init>(182)) - new 5f4ce7d7-9eea-43d1-b933-2c22a00d0a16@group-033642DB8999-SegmentedRaftLogWorker for RaftStorageImpl:Storage Directory /home/runner/work/ozone/ozone/hadoop-ozone/integration-test/target/test-dir/MiniOzoneClusterImpl-ade41b4a-42d1-4ce8-adde-039c2ad4b32e/datanode-5/data/ratis/aff2f8ce-52cc-4a7b-b339-033642db8999
2021-09-01 14:11:27,138 [pool-356-thread-1] INFO  server.RaftServerConfigKeys (ConfUtils.java:logGet(44)) - raft.server.log.queue.byte-limit = 2147483647 (custom)
2021-09-01 14:11:27,138 [pool-356-thread-1] INFO  server.RaftServerConfigKeys (ConfUtils.java:logGet(44)) - raft.server.log.queue.element-limit = 1024 (custom)
2021-09-01 14:11:27,138 [pool-356-thread-1] INFO  server.RaftServerConfigKeys (ConfUtils.java:logGet(44)) - raft.server.log.segment.size.max = 1048576 (custom)
2021-09-01 14:11:27,138 [pool-356-thread-1] INFO  server.RaftServerConfigKeys (ConfUtils.java:logGet(44)) - raft.server.log.preallocated.size = 16384 (custom)
2021-09-01 14:11:27,138 [pool-356-thread-1] INFO  server.RaftServerConfigKeys (ConfUtils.java:logGet(44)) - raft.server.log.force.sync.num = 128 (default)
2021-09-01 14:11:27,138 [pool-356-thread-1] INFO  server.RaftServerConfigKeys (ConfUtils.java:logGet(44)) - raft.server.log.statemachine.data.sync = true (default)
2021-09-01 14:11:27,138 [pool-356-thread-1] INFO  server.RaftServerConfigKeys (ConfUtils.java:logGet(44)) - raft.server.log.statemachine.data.sync.timeout = 10s (default)
2021-09-01 14:11:27,138 [pool-356-thread-1] INFO  server.RaftServerConfigKeys (ConfUtils.java:logGet(44)) - raft.server.log.statemachine.data.sync.timeout.retry = -1 (default)
2021-09-01 14:11:27,139 [pool-356-thread-1] INFO  server.RaftServerConfigKeys (ConfUtils.java:logGet(44)) - raft.server.log.write.buffer.size = 1048576 (custom)
2021-09-01 14:11:27,139 [pool-356-thread-1] INFO  server.RaftServerConfigKeys (ConfUtils.java:logGet(44)) - raft.server.log.statemachine.data.caching.enabled = true (custom)
2021-09-01 14:11:27,139 [pool-356-thread-1] INFO  segmented.SegmentedRaftLogWorker (SegmentedRaftLogWorker.java:lambda$new$0(133)) - 5f4ce7d7-9eea-43d1-b933-2c22a00d0a16@group-033642DB8999-SegmentedRaftLogWorker: flushIndex: setUnconditionally 0 -> -1
2021-09-01 14:11:27,139 [pool-356-thread-1] INFO  segmented.SegmentedRaftLogWorker (SegmentedRaftLogWorker.java:lambda$new$0(133)) - 5f4ce7d7-9eea-43d1-b933-2c22a00d0a16@group-033642DB8999-SegmentedRaftLogWorker: safeCacheEvictIndex: setUnconditionally 0 -> -1
2021-09-01 14:11:27,140 [pool-356-thread-1] INFO  server.RaftServerConfigKeys (ConfUtils.java:logGet(44)) - raft.server.snapshot.auto.trigger.enabled = true (custom)
2021-09-01 14:11:27,140 [pool-356-thread-1] INFO  server.RaftServerConfigKeys (ConfUtils.java:logGet(44)) - raft.server.snapshot.auto.trigger.threshold = 10000 (custom)
2021-09-01 14:11:27,140 [pool-356-thread-1] INFO  server.RaftServerConfigKeys (ConfUtils.java:logGet(44)) - raft.server.snapshot.retention.file.num = 5 (custom)
2021-09-01 14:11:27,140 [pool-356-thread-1] INFO  server.RaftServerConfigKeys (ConfUtils.java:logGet(44)) - raft.server.log.purge.upto.snapshot.index = false (default)
2021-09-01 14:11:27,140 [pool-356-thread-1] INFO  server.RaftServerConfigKeys (ConfUtils.java:logGet(44)) - raft.server.retrycache.expirytime = 600000ms (custom)
2021-09-01 14:11:27,140 [pool-356-thread-1] INFO  server.RaftServerConfigKeys (ConfUtils.java:logGet(44)) - raft.server.retrycache.statistics.expirytime = 100μs (default)
2021-09-01 14:11:27,141 [pool-356-thread-1] INFO  server.RaftServer$Division (RaftServerImpl.java:start(296)) - 5f4ce7d7-9eea-43d1-b933-2c22a00d0a16@group-033642DB8999: start as a follower, conf=-1: [5b3e2d2c-648b-402a-a457-d38acf1cc2f9|rpc:10.1.0.27:42361|dataStream:|priority:0, 5f4ce7d7-9eea-43d1-b933-2c22a00d0a16|rpc:10.1.0.27:33785|dataStream:|priority:0, 44d9a463-e606-45f4-b26f-9a0dec6122aa|rpc:10.1.0.27:36785|dataStream:|priority:1], old=null
2021-09-01 14:11:27,141 [pool-356-thread-1] INFO  server.RaftServer$Division (RaftServerImpl.java:setRole(285)) - 5f4ce7d7-9eea-43d1-b933-2c22a00d0a16@group-033642DB8999: changes role from      null to FOLLOWER at term 0 for startAsFollower
2021-09-01 14:11:27,141 [pool-356-thread-1] INFO  impl.RoleInfo (RoleInfo.java:updateAndGet(130)) - 5f4ce7d7-9eea-43d1-b933-2c22a00d0a16: start 5f4ce7d7-9eea-43d1-b933-2c22a00d0a16@group-033642DB8999-FollowerState
2021-09-01 14:11:27,146 [pool-356-thread-1] INFO  util.JmxRegister (JmxRegister.java:tryRegister(44)) - Successfully registered JMX Bean with object name Ratis:service=RaftServer,group=group-033642DB8999,id=5f4ce7d7-9eea-43d1-b933-2c22a00d0a16
2021-09-01 14:11:27,159 [grpc-default-executor-1] INFO  server.RaftServer (RaftServerProxy.java:addNew(95)) - 5b3e2d2c-648b-402a-a457-d38acf1cc2f9: addNew group-033642DB8999:[5b3e2d2c-648b-402a-a457-d38acf1cc2f9|rpc:10.1.0.27:42361|dataStream:|priority:0, 5f4ce7d7-9eea-43d1-b933-2c22a00d0a16|rpc:10.1.0.27:33785|dataStream:|priority:0, 44d9a463-e606-45f4-b26f-9a0dec6122aa|rpc:10.1.0.27:36785|dataStream:|priority:1] returns group-033642DB8999:java.util.concurrent.CompletableFuture@19815bcf[Not completed]
2021-09-01 14:11:27,160 [pool-337-thread-1] INFO  server.RaftServer$Division (RaftServerImpl.java:<init>(181)) - 5b3e2d2c-648b-402a-a457-d38acf1cc2f9: new RaftServerImpl for group-033642DB8999:[5b3e2d2c-648b-402a-a457-d38acf1cc2f9|rpc:10.1.0.27:42361|dataStream:|priority:0, 5f4ce7d7-9eea-43d1-b933-2c22a00d0a16|rpc:10.1.0.27:33785|dataStream:|priority:0, 44d9a463-e606-45f4-b26f-9a0dec6122aa|rpc:10.1.0.27:36785|dataStream:|priority:1] with ContainerStateMachine:uninitialized
2021-09-01 14:11:27,160 [pool-337-thread-1] INFO  server.RaftServerConfigKeys (ConfUtils.java:logGet(44)) - raft.server.rpc.timeout.min = 5s (custom)
2021-09-01 14:11:27,160 [pool-337-thread-1] INFO  server.RaftServerConfigKeys (ConfUtils.java:logGet(44)) - raft.server.rpc.timeout.max = 5200ms (custom)
2021-09-01 14:11:27,160 [pool-337-thread-1] INFO  server.RaftServerConfigKeys (ConfUtils.java:logGet(44)) - raft.server.rpc.sleep.time = 25ms (default)
2021-09-01 14:11:27,161 [pool-337-thread-1] INFO  server.RaftServerConfigKeys (ConfUtils.java:logGet(44)) - raft.server.rpc.slowness.timeout = 300s (custom)
2021-09-01 14:11:27,161 [pool-337-thread-1] INFO  server.RaftServerConfigKeys (ConfUtils.java:logGet(44)) - raft.server.leaderelection.leader.step-down.wait-time = 10s (default)
2021-09-01 14:11:27,161 [pool-337-thread-1] INFO  server.RaftServerConfigKeys (ConfUtils.java:logGet(44)) - raft.server.sleep.deviation.threshold = 300ms (default)
2021-09-01 14:11:27,161 [pool-337-thread-1] INFO  server.RaftServerConfigKeys (ConfUtils.java:logGet(44)) - raft.server.log.appender.install.snapshot.enabled = false (custom)
2021-09-01 14:11:27,161 [pool-337-thread-1] INFO  server.RaftServer$Division (ServerState.java:<init>(105)) - 5b3e2d2c-648b-402a-a457-d38acf1cc2f9@group-033642DB8999: ConfigurationManager, init=-1: [5b3e2d2c-648b-402a-a457-d38acf1cc2f9|rpc:10.1.0.27:42361|dataStream:|priority:0, 5f4ce7d7-9eea-43d1-b933-2c22a00d0a16|rpc:10.1.0.27:33785|dataStream:|priority:0, 44d9a463-e606-45f4-b26f-9a0dec6122aa|rpc:10.1.0.27:36785|dataStream:|priority:1], old=null, confs=<EMPTY_MAP>
2021-09-01 14:11:27,161 [pool-337-thread-1] INFO  server.RaftServerConfigKeys (ConfUtils.java:logGet(44)) - raft.server.storage.dir = [/home/runner/work/ozone/ozone/hadoop-ozone/integration-test/target/test-dir/MiniOzoneClusterImpl-ade41b4a-42d1-4ce8-adde-039c2ad4b32e/datanode-4/data/ratis] (custom)
2021-09-01 14:11:27,161 [pool-337-thread-1] INFO  server.RaftServerConfigKeys (ConfUtils.java:logGet(44)) - raft.server.log.corruption.policy = EXCEPTION (default)
2021-09-01 14:11:27,161 [pool-337-thread-1] INFO  server.RaftServerConfigKeys (ConfUtils.java:logGet(44)) - raft.server.storage.free-space.min = 0MB (=0) (default)
2021-09-01 14:11:27,161 [pool-337-thread-1] INFO  storage.RaftStorageDirectory (RaftStorageDirectoryImpl.java:analyzeStorage(135)) - The storage directory /home/runner/work/ozone/ozone/hadoop-ozone/integration-test/target/test-dir/MiniOzoneClusterImpl-ade41b4a-42d1-4ce8-adde-039c2ad4b32e/datanode-4/data/ratis/aff2f8ce-52cc-4a7b-b339-033642db8999 does not exist. Creating ...
2021-09-01 14:11:27,162 [pool-337-thread-1] INFO  storage.RaftStorageDirectory (RaftStorageDirectoryImpl.java:tryLock(230)) - Lock on /home/runner/work/ozone/ozone/hadoop-ozone/integration-test/target/test-dir/MiniOzoneClusterImpl-ade41b4a-42d1-4ce8-adde-039c2ad4b32e/datanode-4/data/ratis/aff2f8ce-52cc-4a7b-b339-033642db8999/in_use.lock acquired by nodename 9503@fv-az148-824
2021-09-01 14:11:27,164 [pool-337-thread-1] INFO  storage.RaftStorage (RaftStorageImpl.java:format(89)) - Storage directory /home/runner/work/ozone/ozone/hadoop-ozone/integration-test/target/test-dir/MiniOzoneClusterImpl-ade41b4a-42d1-4ce8-adde-039c2ad4b32e/datanode-4/data/ratis/aff2f8ce-52cc-4a7b-b339-033642db8999 has been successfully formatted.
2021-09-01 14:11:27,165 [Datanode State Machine Thread - 0] WARN  statemachine.StateContext (StateContext.java:execute(621)) - No available thread in pool for past 1 seconds.
2021-09-01 14:11:27,167 [pool-337-thread-1] INFO  ratis.ContainerStateMachine (ContainerStateMachine.java:loadSnapshot(224)) - group-033642DB8999: The snapshot info is null. Setting the last applied indexto:(t:0, i:~)
2021-09-01 14:11:27,167 [pool-337-thread-1] INFO  server.RaftServerConfigKeys (ConfUtils.java:logGet(44)) - raft.server.notification.no-leader.timeout = 300s (custom)
2021-09-01 14:11:27,167 [pool-337-thread-1] INFO  server.RaftServerConfigKeys (ConfUtils.java:logGet(44)) - raft.server.log.use.memory = false (default)
2021-09-01 14:11:27,167 [pool-337-thread-1] INFO  server.RaftServerConfigKeys (ConfUtils.java:logGet(44)) - raft.server.log.purge.gap = 1000000 (custom)
2021-09-01 14:11:27,167 [pool-337-thread-1] INFO  server.RaftServerConfigKeys (ConfUtils.java:logGet(44)) - raft.server.log.appender.buffer.byte-limit = 33554432 (custom)
2021-09-01 14:11:27,167 [pool-337-thread-1] INFO  server.RaftServerConfigKeys (ConfUtils.java:logGet(44)) - raft.server.log.segment.size.max = 1048576 (custom)
2021-09-01 14:11:27,168 [pool-337-thread-1] INFO  server.RaftServerConfigKeys (ConfUtils.java:logGet(44)) - raft.server.log.segment.cache.num.max = 2 (custom)
2021-09-01 14:11:27,168 [pool-337-thread-1] INFO  server.RaftServerConfigKeys (ConfUtils.java:logGet(44)) - raft.server.log.segment.cache.size.max = 200MB (=209715200) (default)
2021-09-01 14:11:27,168 [pool-337-thread-1] INFO  segmented.SegmentedRaftLogWorker (SegmentedRaftLogWorker.java:<init>(182)) - new 5b3e2d2c-648b-402a-a457-d38acf1cc2f9@group-033642DB8999-SegmentedRaftLogWorker for RaftStorageImpl:Storage Directory /home/runner/work/ozone/ozone/hadoop-ozone/integration-test/target/test-dir/MiniOzoneClusterImpl-ade41b4a-42d1-4ce8-adde-039c2ad4b32e/datanode-4/data/ratis/aff2f8ce-52cc-4a7b-b339-033642db8999
2021-09-01 14:11:27,168 [pool-337-thread-1] INFO  server.RaftServerConfigKeys (ConfUtils.java:logGet(44)) - raft.server.log.queue.byte-limit = 2147483647 (custom)
2021-09-01 14:11:27,168 [pool-337-thread-1] INFO  server.RaftServerConfigKeys (ConfUtils.java:logGet(44)) - raft.server.log.queue.element-limit = 1024 (custom)
2021-09-01 14:11:27,168 [pool-337-thread-1] INFO  server.RaftServerConfigKeys (ConfUtils.java:logGet(44)) - raft.server.log.segment.size.max = 1048576 (custom)
2021-09-01 14:11:27,168 [pool-337-thread-1] INFO  server.RaftServerConfigKeys (ConfUtils.java:logGet(44)) - raft.server.log.preallocated.size = 16384 (custom)
2021-09-01 14:11:27,168 [pool-337-thread-1] INFO  server.RaftServerConfigKeys (ConfUtils.java:logGet(44)) - raft.server.log.force.sync.num = 128 (default)
2021-09-01 14:11:27,168 [pool-337-thread-1] INFO  server.RaftServerConfigKeys (ConfUtils.java:logGet(44)) - raft.server.log.statemachine.data.sync = true (default)
2021-09-01 14:11:27,168 [pool-337-thread-1] INFO  server.RaftServerConfigKeys (ConfUtils.java:logGet(44)) - raft.server.log.statemachine.data.sync.timeout = 10s (default)
2021-09-01 14:11:27,168 [pool-337-thread-1] INFO  server.RaftServerConfigKeys (ConfUtils.java:logGet(44)) - raft.server.log.statemachine.data.sync.timeout.retry = -1 (default)
2021-09-01 14:11:27,169 [pool-337-thread-1] INFO  server.RaftServerConfigKeys (ConfUtils.java:logGet(44)) - raft.server.log.write.buffer.size = 1048576 (custom)
2021-09-01 14:11:27,170 [pool-337-thread-1] INFO  server.RaftServerConfigKeys (ConfUtils.java:logGet(44)) - raft.server.log.statemachine.data.caching.enabled = true (custom)
2021-09-01 14:11:27,170 [pool-337-thread-1] INFO  segmented.SegmentedRaftLogWorker (SegmentedRaftLogWorker.java:lambda$new$0(133)) - 5b3e2d2c-648b-402a-a457-d38acf1cc2f9@group-033642DB8999-SegmentedRaftLogWorker: flushIndex: setUnconditionally 0 -> -1
2021-09-01 14:11:27,170 [pool-337-thread-1] INFO  segmented.SegmentedRaftLogWorker (SegmentedRaftLogWorker.java:lambda$new$0(133)) - 5b3e2d2c-648b-402a-a457-d38acf1cc2f9@group-033642DB8999-SegmentedRaftLogWorker: safeCacheEvictIndex: setUnconditionally 0 -> -1
2021-09-01 14:11:27,170 [pool-337-thread-1] INFO  server.RaftServerConfigKeys (ConfUtils.java:logGet(44)) - raft.server.snapshot.auto.trigger.enabled = true (custom)
2021-09-01 14:11:27,170 [pool-337-thread-1] INFO  server.RaftServerConfigKeys (ConfUtils.java:logGet(44)) - raft.server.snapshot.auto.trigger.threshold = 10000 (custom)
2021-09-01 14:11:27,170 [pool-337-thread-1] INFO  server.RaftServerConfigKeys (ConfUtils.java:logGet(44)) - raft.server.snapshot.retention.file.num = 5 (custom)
2021-09-01 14:11:27,170 [pool-337-thread-1] INFO  server.RaftServerConfigKeys (ConfUtils.java:logGet(44)) - raft.server.log.purge.upto.snapshot.index = false (default)
2021-09-01 14:11:27,170 [pool-337-thread-1] INFO  server.RaftServerConfigKeys (ConfUtils.java:logGet(44)) - raft.server.retrycache.expirytime = 600000ms (custom)
2021-09-01 14:11:27,170 [pool-337-thread-1] INFO  server.RaftServerConfigKeys (ConfUtils.java:logGet(44)) - raft.server.retrycache.statistics.expirytime = 100μs (default)
2021-09-01 14:11:27,172 [pool-337-thread-1] INFO  server.RaftServer$Division (RaftServerImpl.java:start(296)) - 5b3e2d2c-648b-402a-a457-d38acf1cc2f9@group-033642DB8999: start as a follower, conf=-1: [5b3e2d2c-648b-402a-a457-d38acf1cc2f9|rpc:10.1.0.27:42361|dataStream:|priority:0, 5f4ce7d7-9eea-43d1-b933-2c22a00d0a16|rpc:10.1.0.27:33785|dataStream:|priority:0, 44d9a463-e606-45f4-b26f-9a0dec6122aa|rpc:10.1.0.27:36785|dataStream:|priority:1], old=null
2021-09-01 14:11:27,172 [pool-337-thread-1] INFO  server.RaftServer$Division (RaftServerImpl.java:setRole(285)) - 5b3e2d2c-648b-402a-a457-d38acf1cc2f9@group-033642DB8999: changes role from      null to FOLLOWER at term 0 for startAsFollower
2021-09-01 14:11:27,172 [pool-337-thread-1] INFO  impl.RoleInfo (RoleInfo.java:updateAndGet(130)) - 5b3e2d2c-648b-402a-a457-d38acf1cc2f9: start 5b3e2d2c-648b-402a-a457-d38acf1cc2f9@group-033642DB8999-FollowerState
2021-09-01 14:11:27,172 [pool-337-thread-1] INFO  util.JmxRegister (JmxRegister.java:tryRegister(44)) - Successfully registered JMX Bean with object name Ratis:service=RaftServer,group=group-033642DB8999,id=5b3e2d2c-648b-402a-a457-d38acf1cc2f9
2021-09-01 14:11:27,179 [Command processor thread] INFO  commandhandler.CreatePipelineCommandHandler (CreatePipelineCommandHandler.java:handle(106)) - Created Pipeline RATIS THREE PipelineID=aff2f8ce-52cc-4a7b-b339-033642db8999.
2021-09-01 14:11:27,240 [Command processor thread] INFO  server.RaftServer (RaftServerProxy.java:addNew(95)) - 5b3e2d2c-648b-402a-a457-d38acf1cc2f9: addNew group-2384B616F0FB:[5b3e2d2c-648b-402a-a457-d38acf1cc2f9|rpc:10.1.0.27:42361|priority:1] returns group-2384B616F0FB:java.util.concurrent.CompletableFuture@222c1e1e[Not completed]
2021-09-01 14:11:27,241 [pool-337-thread-1] INFO  server.RaftServer$Division (RaftServerImpl.java:<init>(181)) - 5b3e2d2c-648b-402a-a457-d38acf1cc2f9: new RaftServerImpl for group-2384B616F0FB:[5b3e2d2c-648b-402a-a457-d38acf1cc2f9|rpc:10.1.0.27:42361|priority:1] with ContainerStateMachine:uninitialized
2021-09-01 14:11:27,241 [pool-337-thread-1] INFO  server.RaftServerConfigKeys (ConfUtils.java:logGet(44)) - raft.server.rpc.timeout.min = 5s (custom)
2021-09-01 14:11:27,241 [pool-337-thread-1] INFO  server.RaftServerConfigKeys (ConfUtils.java:logGet(44)) - raft.server.rpc.timeout.max = 5200ms (custom)
2021-09-01 14:11:27,241 [pool-337-thread-1] INFO  server.RaftServerConfigKeys (ConfUtils.java:logGet(44)) - raft.server.rpc.sleep.time = 25ms (default)
2021-09-01 14:11:27,241 [pool-337-thread-1] INFO  server.RaftServerConfigKeys (ConfUtils.java:logGet(44)) - raft.server.rpc.slowness.timeout = 300s (custom)
2021-09-01 14:11:27,241 [pool-337-thread-1] INFO  server.RaftServerConfigKeys (ConfUtils.java:logGet(44)) - raft.server.leaderelection.leader.step-down.wait-time = 10s (default)
2021-09-01 14:11:27,241 [pool-337-thread-1] INFO  server.RaftServerConfigKeys (ConfUtils.java:logGet(44)) - raft.server.sleep.deviation.threshold = 300ms (default)
2021-09-01 14:11:27,241 [pool-337-thread-1] INFO  server.RaftServerConfigKeys (ConfUtils.java:logGet(44)) - raft.server.log.appender.install.snapshot.enabled = false (custom)
2021-09-01 14:11:27,241 [pool-337-thread-1] INFO  server.RaftServer$Division (ServerState.java:<init>(105)) - 5b3e2d2c-648b-402a-a457-d38acf1cc2f9@group-2384B616F0FB: ConfigurationManager, init=-1: [5b3e2d2c-648b-402a-a457-d38acf1cc2f9|rpc:10.1.0.27:42361|priority:1], old=null, confs=<EMPTY_MAP>
2021-09-01 14:11:27,241 [pool-337-thread-1] INFO  server.RaftServerConfigKeys (ConfUtils.java:logGet(44)) - raft.server.storage.dir = [/home/runner/work/ozone/ozone/hadoop-ozone/integration-test/target/test-dir/MiniOzoneClusterImpl-ade41b4a-42d1-4ce8-adde-039c2ad4b32e/datanode-4/data/ratis] (custom)
2021-09-01 14:11:27,241 [pool-337-thread-1] INFO  server.RaftServerConfigKeys (ConfUtils.java:logGet(44)) - raft.server.log.corruption.policy = EXCEPTION (default)
2021-09-01 14:11:27,241 [pool-337-thread-1] INFO  server.RaftServerConfigKeys (ConfUtils.java:logGet(44)) - raft.server.storage.free-space.min = 0MB (=0) (default)
2021-09-01 14:11:27,241 [pool-337-thread-1] INFO  storage.RaftStorageDirectory (RaftStorageDirectoryImpl.java:analyzeStorage(135)) - The storage directory /home/runner/work/ozone/ozone/hadoop-ozone/integration-test/target/test-dir/MiniOzoneClusterImpl-ade41b4a-42d1-4ce8-adde-039c2ad4b32e/datanode-4/data/ratis/c099e1c3-4881-42e3-a973-2384b616f0fb does not exist. Creating ...
2021-09-01 14:11:27,243 [pool-337-thread-1] INFO  storage.RaftStorageDirectory (RaftStorageDirectoryImpl.java:tryLock(230)) - Lock on /home/runner/work/ozone/ozone/hadoop-ozone/integration-test/target/test-dir/MiniOzoneClusterImpl-ade41b4a-42d1-4ce8-adde-039c2ad4b32e/datanode-4/data/ratis/c099e1c3-4881-42e3-a973-2384b616f0fb/in_use.lock acquired by nodename 9503@fv-az148-824
2021-09-01 14:11:27,244 [pool-337-thread-1] INFO  storage.RaftStorage (RaftStorageImpl.java:format(89)) - Storage directory /home/runner/work/ozone/ozone/hadoop-ozone/integration-test/target/test-dir/MiniOzoneClusterImpl-ade41b4a-42d1-4ce8-adde-039c2ad4b32e/datanode-4/data/ratis/c099e1c3-4881-42e3-a973-2384b616f0fb has been successfully formatted.
2021-09-01 14:11:27,244 [pool-337-thread-1] INFO  ratis.ContainerStateMachine (ContainerStateMachine.java:loadSnapshot(224)) - group-2384B616F0FB: The snapshot info is null. Setting the last applied indexto:(t:0, i:~)
2021-09-01 14:11:27,244 [pool-337-thread-1] INFO  server.RaftServerConfigKeys (ConfUtils.java:logGet(44)) - raft.server.notification.no-leader.timeout = 300s (custom)
2021-09-01 14:11:27,244 [pool-337-thread-1] INFO  server.RaftServerConfigKeys (ConfUtils.java:logGet(44)) - raft.server.log.use.memory = false (default)
2021-09-01 14:11:27,244 [pool-337-thread-1] INFO  server.RaftServerConfigKeys (ConfUtils.java:logGet(44)) - raft.server.log.purge.gap = 1000000 (custom)
2021-09-01 14:11:27,245 [pool-337-thread-1] INFO  server.RaftServerConfigKeys (ConfUtils.java:logGet(44)) - raft.server.log.appender.buffer.byte-limit = 33554432 (custom)
2021-09-01 14:11:27,245 [pool-337-thread-1] INFO  server.RaftServerConfigKeys (ConfUtils.java:logGet(44)) - raft.server.log.segment.size.max = 1048576 (custom)
2021-09-01 14:11:27,245 [EventQueue-PipelineReportForPipelineReportHandler] INFO  pipeline.PipelineManagerImpl (PipelineManagerImpl.java:openPipeline(282)) - Pipeline Pipeline[ Id: c099e1c3-4881-42e3-a973-2384b616f0fb, Nodes: 5b3e2d2c-648b-402a-a457-d38acf1cc2f9{ip: 10.1.0.27, host: fv-az148-824.bm4ck3pvxvsene1rjriu5fhcdb.bx.internal.cloudapp.net, ports: [REPLICATION=39187, RATIS=42361, RATIS_ADMIN=42361, RATIS_SERVER=42361, STANDALONE=45533], networkLocation: /default-rack, certSerialId: null, persistedOpState: IN_SERVICE, persistedOpStateExpiryEpochSec: 0}, ReplicationConfig: RATIS/ONE, State:ALLOCATED, leaderId:5b3e2d2c-648b-402a-a457-d38acf1cc2f9, CreationTimestamp2021-09-01T14:11:24.245Z[Etc/UTC]] moved to OPEN state
2021-09-01 14:11:27,246 [EventQueue-OpenPipelineForHealthyPipelineSafeModeRule] INFO  safemode.SCMSafeModeManager (HealthyPipelineSafeModeRule.java:process(124)) - SCM in safe mode. Healthy pipelines reported count is 0, required healthy pipeline reported count is 1
2021-09-01 14:11:27,246 [pool-337-thread-1] INFO  server.RaftServerConfigKeys (ConfUtils.java:logGet(44)) - raft.server.log.segment.cache.num.max = 2 (custom)
2021-09-01 14:11:27,246 [pool-337-thread-1] INFO  server.RaftServerConfigKeys (ConfUtils.java:logGet(44)) - raft.server.log.segment.cache.size.max = 200MB (=209715200) (default)
2021-09-01 14:11:27,246 [pool-337-thread-1] INFO  segmented.SegmentedRaftLogWorker (SegmentedRaftLogWorker.java:<init>(182)) - new 5b3e2d2c-648b-402a-a457-d38acf1cc2f9@group-2384B616F0FB-SegmentedRaftLogWorker for RaftStorageImpl:Storage Directory /home/runner/work/ozone/ozone/hadoop-ozone/integration-test/target/test-dir/MiniOzoneClusterImpl-ade41b4a-42d1-4ce8-adde-039c2ad4b32e/datanode-4/data/ratis/c099e1c3-4881-42e3-a973-2384b616f0fb
2021-09-01 14:11:27,246 [pool-337-thread-1] INFO  server.RaftServerConfigKeys (ConfUtils.java:logGet(44)) - raft.server.log.queue.byte-limit = 2147483647 (custom)
2021-09-01 14:11:27,246 [pool-337-thread-1] INFO  server.RaftServerConfigKeys (ConfUtils.java:logGet(44)) - raft.server.log.queue.element-limit = 1024 (custom)
2021-09-01 14:11:27,246 [pool-337-thread-1] INFO  server.RaftServerConfigKeys (ConfUtils.java:logGet(44)) - raft.server.log.segment.size.max = 1048576 (custom)
2021-09-01 14:11:27,246 [pool-337-thread-1] INFO  server.RaftServerConfigKeys (ConfUtils.java:logGet(44)) - raft.server.log.preallocated.size = 16384 (custom)
2021-09-01 14:11:27,246 [pool-337-thread-1] INFO  server.RaftServerConfigKeys (ConfUtils.java:logGet(44)) - raft.server.log.force.sync.num = 128 (default)
2021-09-01 14:11:27,247 [pool-337-thread-1] INFO  server.RaftServerConfigKeys (ConfUtils.java:logGet(44)) - raft.server.log.statemachine.data.sync = true (default)
2021-09-01 14:11:27,247 [pool-337-thread-1] INFO  server.RaftServerConfigKeys (ConfUtils.java:logGet(44)) - raft.server.log.statemachine.data.sync.timeout = 10s (default)
2021-09-01 14:11:27,247 [pool-337-thread-1] INFO  server.RaftServerConfigKeys (ConfUtils.java:logGet(44)) - raft.server.log.statemachine.data.sync.timeout.retry = -1 (default)
2021-09-01 14:11:27,247 [pool-337-thread-1] INFO  server.RaftServerConfigKeys (ConfUtils.java:logGet(44)) - raft.server.log.write.buffer.size = 1048576 (custom)
2021-09-01 14:11:27,248 [pool-337-thread-1] INFO  server.RaftServerConfigKeys (ConfUtils.java:logGet(44)) - raft.server.log.statemachine.data.caching.enabled = true (custom)
2021-09-01 14:11:27,248 [pool-337-thread-1] INFO  segmented.SegmentedRaftLogWorker (SegmentedRaftLogWorker.java:lambda$new$0(133)) - 5b3e2d2c-648b-402a-a457-d38acf1cc2f9@group-2384B616F0FB-SegmentedRaftLogWorker: flushIndex: setUnconditionally 0 -> -1
2021-09-01 14:11:27,248 [pool-337-thread-1] INFO  segmented.SegmentedRaftLogWorker (SegmentedRaftLogWorker.java:lambda$new$0(133)) - 5b3e2d2c-648b-402a-a457-d38acf1cc2f9@group-2384B616F0FB-SegmentedRaftLogWorker: safeCacheEvictIndex: setUnconditionally 0 -> -1
2021-09-01 14:11:27,251 [pool-337-thread-1] INFO  server.RaftServerConfigKeys (ConfUtils.java:logGet(44)) - raft.server.snapshot.auto.trigger.enabled = true (custom)
2021-09-01 14:11:27,252 [pool-337-thread-1] INFO  server.RaftServerConfigKeys (ConfUtils.java:logGet(44)) - raft.server.snapshot.auto.trigger.threshold = 10000 (custom)
2021-09-01 14:11:27,252 [pool-337-thread-1] INFO  server.RaftServerConfigKeys (ConfUtils.java:logGet(44)) - raft.server.snapshot.retention.file.num = 5 (custom)
2021-09-01 14:11:27,252 [pool-337-thread-1] INFO  server.RaftServerConfigKeys (ConfUtils.java:logGet(44)) - raft.server.log.purge.upto.snapshot.index = false (default)
2021-09-01 14:11:27,252 [pool-337-thread-1] INFO  server.RaftServerConfigKeys (ConfUtils.java:logGet(44)) - raft.server.retrycache.expirytime = 600000ms (custom)
2021-09-01 14:11:27,252 [pool-337-thread-1] INFO  server.RaftServerConfigKeys (ConfUtils.java:logGet(44)) - raft.server.retrycache.statistics.expirytime = 100μs (default)
2021-09-01 14:11:27,253 [pool-337-thread-1] INFO  server.RaftServer$Division (RaftServerImpl.java:start(296)) - 5b3e2d2c-648b-402a-a457-d38acf1cc2f9@group-2384B616F0FB: start as a follower, conf=-1: [5b3e2d2c-648b-402a-a457-d38acf1cc2f9|rpc:10.1.0.27:42361|priority:1], old=null
2021-09-01 14:11:27,253 [pool-337-thread-1] INFO  server.RaftServer$Division (RaftServerImpl.java:setRole(285)) - 5b3e2d2c-648b-402a-a457-d38acf1cc2f9@group-2384B616F0FB: changes role from      null to FOLLOWER at term 0 for startAsFollower
2021-09-01 14:11:27,253 [pool-337-thread-1] INFO  impl.RoleInfo (RoleInfo.java:updateAndGet(130)) - 5b3e2d2c-648b-402a-a457-d38acf1cc2f9: start 5b3e2d2c-648b-402a-a457-d38acf1cc2f9@group-2384B616F0FB-FollowerState
2021-09-01 14:11:27,253 [pool-337-thread-1] INFO  util.JmxRegister (JmxRegister.java:tryRegister(44)) - Successfully registered JMX Bean with object name Ratis:service=RaftServer,group=group-2384B616F0FB,id=5b3e2d2c-648b-402a-a457-d38acf1cc2f9
2021-09-01 14:11:27,254 [Command processor thread] INFO  ratis.XceiverServerRatis (XceiverServerRatis.java:addGroup(763)) - Created group PipelineID=c099e1c3-4881-42e3-a973-2384b616f0fb
2021-09-01 14:11:27,254 [Command processor thread] INFO  commandhandler.CreatePipelineCommandHandler (CreatePipelineCommandHandler.java:handle(106)) - Created Pipeline RATIS ONE PipelineID=c099e1c3-4881-42e3-a973-2384b616f0fb.
2021-09-01 14:11:27,389 [Command processor thread] WARN  server.RaftServer (RaftServerProxy.java:remove(101)) - 5c6bb450-033d-4b31-9de4-d545ca09f4a5: does not contain group: group-4F5C23251FD2
2021-09-01 14:11:27,389 [Command processor thread] ERROR commandhandler.ClosePipelineCommandHandler (ClosePipelineCommandHandler.java:handle(78)) - Can't close pipeline PipelineID=15194566-c2e7-43ec-a238-4f5c23251fd2
java.io.IOException: 5c6bb450-033d-4b31-9de4-d545ca09f4a5: Group group-4F5C23251FD2 not found.
	at org.apache.hadoop.ozone.container.common.transport.server.ratis.XceiverServerRatis.removeGroup(XceiverServerRatis.java:781)
	at org.apache.hadoop.ozone.container.common.statemachine.commandhandler.ClosePipelineCommandHandler.handle(ClosePipelineCommandHandler.java:74)
	at org.apache.hadoop.ozone.container.common.statemachine.commandhandler.CommandDispatcher.handle(CommandDispatcher.java:99)
	at org.apache.hadoop.ozone.container.common.statemachine.DatanodeStateMachine.lambda$initCommandHandlerThread$2(DatanodeStateMachine.java:556)
	at java.lang.Thread.run(Thread.java:748)
Caused by: org.apache.ratis.protocol.exceptions.GroupMismatchException: 5c6bb450-033d-4b31-9de4-d545ca09f4a5: Group group-4F5C23251FD2 not found.
	at org.apache.ratis.server.impl.RaftServerProxy.groupRemoveAsync(RaftServerProxy.java:504)
	at org.apache.ratis.server.impl.RaftServerProxy.groupManagementAsync(RaftServerProxy.java:460)
	at org.apache.ratis.server.impl.RaftServerProxy.groupManagement(RaftServerProxy.java:440)
	at org.apache.hadoop.ozone.container.common.transport.server.ratis.XceiverServerRatis.removeGroup(XceiverServerRatis.java:779)
	... 4 more
2021-09-01 14:11:27,418 [Listener at 127.0.0.1/44153] INFO  ozone.MiniOzoneClusterImpl (MiniOzoneClusterImpl.java:lambda$waitForClusterToBeReady$0(235)) - Nodes are ready. Got 6 of 6 DN Heartbeats.
2021-09-01 14:11:27,418 [Listener at 127.0.0.1/44153] INFO  ozone.MiniOzoneClusterImpl (MiniOzoneClusterImpl.java:lambda$waitForClusterToBeReady$0(238)) - Waiting for cluster to exit safe mode
2021-09-01 14:11:27,418 [Listener at 127.0.0.1/44153] INFO  ozone.MiniOzoneClusterImpl (MiniOzoneClusterImpl.java:lambda$waitForClusterToBeReady$0(240)) - SCM became leader
2021-09-01 14:11:27,430 [Command processor thread] INFO  server.RaftServer (RaftServerProxy.java:addNew(95)) - 5f4ce7d7-9eea-43d1-b933-2c22a00d0a16: addNew group-729E798475A7:[5f4ce7d7-9eea-43d1-b933-2c22a00d0a16|rpc:10.1.0.27:33785|priority:1] returns group-729E798475A7:java.util.concurrent.CompletableFuture@3d3db88a[Not completed]
2021-09-01 14:11:27,430 [pool-356-thread-1] INFO  server.RaftServer$Division (RaftServerImpl.java:<init>(181)) - 5f4ce7d7-9eea-43d1-b933-2c22a00d0a16: new RaftServerImpl for group-729E798475A7:[5f4ce7d7-9eea-43d1-b933-2c22a00d0a16|rpc:10.1.0.27:33785|priority:1] with ContainerStateMachine:uninitialized
2021-09-01 14:11:27,431 [pool-356-thread-1] INFO  server.RaftServerConfigKeys (ConfUtils.java:logGet(44)) - raft.server.rpc.timeout.min = 5s (custom)
2021-09-01 14:11:27,431 [pool-356-thread-1] INFO  server.RaftServerConfigKeys (ConfUtils.java:logGet(44)) - raft.server.rpc.timeout.max = 5200ms (custom)
2021-09-01 14:11:27,431 [pool-356-thread-1] INFO  server.RaftServerConfigKeys (ConfUtils.java:logGet(44)) - raft.server.rpc.sleep.time = 25ms (default)
2021-09-01 14:11:27,431 [pool-356-thread-1] INFO  server.RaftServerConfigKeys (ConfUtils.java:logGet(44)) - raft.server.rpc.slowness.timeout = 300s (custom)
2021-09-01 14:11:27,431 [pool-356-thread-1] INFO  server.RaftServerConfigKeys (ConfUtils.java:logGet(44)) - raft.server.leaderelection.leader.step-down.wait-time = 10s (default)
2021-09-01 14:11:27,431 [pool-356-thread-1] INFO  server.RaftServerConfigKeys (ConfUtils.java:logGet(44)) - raft.server.sleep.deviation.threshold = 300ms (default)
2021-09-01 14:11:27,431 [pool-356-thread-1] INFO  server.RaftServerConfigKeys (ConfUtils.java:logGet(44)) - raft.server.log.appender.install.snapshot.enabled = false (custom)
2021-09-01 14:11:27,431 [pool-356-thread-1] INFO  server.RaftServer$Division (ServerState.java:<init>(105)) - 5f4ce7d7-9eea-43d1-b933-2c22a00d0a16@group-729E798475A7: ConfigurationManager, init=-1: [5f4ce7d7-9eea-43d1-b933-2c22a00d0a16|rpc:10.1.0.27:33785|priority:1], old=null, confs=<EMPTY_MAP>
2021-09-01 14:11:27,431 [pool-356-thread-1] INFO  server.RaftServerConfigKeys (ConfUtils.java:logGet(44)) - raft.server.storage.dir = [/home/runner/work/ozone/ozone/hadoop-ozone/integration-test/target/test-dir/MiniOzoneClusterImpl-ade41b4a-42d1-4ce8-adde-039c2ad4b32e/datanode-5/data/ratis] (custom)
2021-09-01 14:11:27,431 [pool-356-thread-1] INFO  server.RaftServerConfigKeys (ConfUtils.java:logGet(44)) - raft.server.log.corruption.policy = EXCEPTION (default)
2021-09-01 14:11:27,431 [pool-356-thread-1] INFO  server.RaftServerConfigKeys (ConfUtils.java:logGet(44)) - raft.server.storage.free-space.min = 0MB (=0) (default)
2021-09-01 14:11:27,431 [pool-356-thread-1] INFO  storage.RaftStorageDirectory (RaftStorageDirectoryImpl.java:analyzeStorage(135)) - The storage directory /home/runner/work/ozone/ozone/hadoop-ozone/integration-test/target/test-dir/MiniOzoneClusterImpl-ade41b4a-42d1-4ce8-adde-039c2ad4b32e/datanode-5/data/ratis/df9db3af-af24-4597-9f8c-729e798475a7 does not exist. Creating ...
2021-09-01 14:11:27,433 [pool-356-thread-1] INFO  storage.RaftStorageDirectory (RaftStorageDirectoryImpl.java:tryLock(230)) - Lock on /home/runner/work/ozone/ozone/hadoop-ozone/integration-test/target/test-dir/MiniOzoneClusterImpl-ade41b4a-42d1-4ce8-adde-039c2ad4b32e/datanode-5/data/ratis/df9db3af-af24-4597-9f8c-729e798475a7/in_use.lock acquired by nodename 9503@fv-az148-824
2021-09-01 14:11:27,434 [pool-356-thread-1] INFO  storage.RaftStorage (RaftStorageImpl.java:format(89)) - Storage directory /home/runner/work/ozone/ozone/hadoop-ozone/integration-test/target/test-dir/MiniOzoneClusterImpl-ade41b4a-42d1-4ce8-adde-039c2ad4b32e/datanode-5/data/ratis/df9db3af-af24-4597-9f8c-729e798475a7 has been successfully formatted.
2021-09-01 14:11:27,434 [pool-356-thread-1] INFO  ratis.ContainerStateMachine (ContainerStateMachine.java:loadSnapshot(224)) - group-729E798475A7: The snapshot info is null. Setting the last applied indexto:(t:0, i:~)
2021-09-01 14:11:27,434 [Datanode State Machine Thread - 0] WARN  statemachine.StateContext (StateContext.java:execute(621)) - No available thread in pool for past 1 seconds.
2021-09-01 14:11:27,434 [pool-356-thread-1] INFO  server.RaftServerConfigKeys (ConfUtils.java:logGet(44)) - raft.server.notification.no-leader.timeout = 300s (custom)
2021-09-01 14:11:27,434 [pool-356-thread-1] INFO  server.RaftServerConfigKeys (ConfUtils.java:logGet(44)) - raft.server.log.use.memory = false (default)
2021-09-01 14:11:27,435 [pool-356-thread-1] INFO  server.RaftServerConfigKeys (ConfUtils.java:logGet(44)) - raft.server.log.purge.gap = 1000000 (custom)
2021-09-01 14:11:27,435 [pool-356-thread-1] INFO  server.RaftServerConfigKeys (ConfUtils.java:logGet(44)) - raft.server.log.appender.buffer.byte-limit = 33554432 (custom)
2021-09-01 14:11:27,435 [pool-356-thread-1] INFO  server.RaftServerConfigKeys (ConfUtils.java:logGet(44)) - raft.server.log.segment.size.max = 1048576 (custom)
2021-09-01 14:11:27,435 [EventQueue-PipelineReportForPipelineReportHandler] INFO  pipeline.PipelineManagerImpl (PipelineManagerImpl.java:openPipeline(282)) - Pipeline Pipeline[ Id: df9db3af-af24-4597-9f8c-729e798475a7, Nodes: 5f4ce7d7-9eea-43d1-b933-2c22a00d0a16{ip: 10.1.0.27, host: fv-az148-824.bm4ck3pvxvsene1rjriu5fhcdb.bx.internal.cloudapp.net, ports: [REPLICATION=39979, RATIS=33785, RATIS_ADMIN=33785, RATIS_SERVER=33785, STANDALONE=46317], networkLocation: /default-rack, certSerialId: null, persistedOpState: IN_SERVICE, persistedOpStateExpiryEpochSec: 0}, ReplicationConfig: RATIS/ONE, State:ALLOCATED, leaderId:5f4ce7d7-9eea-43d1-b933-2c22a00d0a16, CreationTimestamp2021-09-01T14:11:24.431Z[Etc/UTC]] moved to OPEN state
2021-09-01 14:11:27,436 [EventQueue-OpenPipelineForHealthyPipelineSafeModeRule] INFO  safemode.SCMSafeModeManager (HealthyPipelineSafeModeRule.java:process(124)) - SCM in safe mode. Healthy pipelines reported count is 0, required healthy pipeline reported count is 1
2021-09-01 14:11:27,436 [pool-356-thread-1] INFO  server.RaftServerConfigKeys (ConfUtils.java:logGet(44)) - raft.server.log.segment.cache.num.max = 2 (custom)
2021-09-01 14:11:27,436 [pool-356-thread-1] INFO  server.RaftServerConfigKeys (ConfUtils.java:logGet(44)) - raft.server.log.segment.cache.size.max = 200MB (=209715200) (default)
2021-09-01 14:11:27,436 [pool-356-thread-1] INFO  segmented.SegmentedRaftLogWorker (SegmentedRaftLogWorker.java:<init>(182)) - new 5f4ce7d7-9eea-43d1-b933-2c22a00d0a16@group-729E798475A7-SegmentedRaftLogWorker for RaftStorageImpl:Storage Directory /home/runner/work/ozone/ozone/hadoop-ozone/integration-test/target/test-dir/MiniOzoneClusterImpl-ade41b4a-42d1-4ce8-adde-039c2ad4b32e/datanode-5/data/ratis/df9db3af-af24-4597-9f8c-729e798475a7
2021-09-01 14:11:27,436 [pool-356-thread-1] INFO  server.RaftServerConfigKeys (ConfUtils.java:logGet(44)) - raft.server.log.queue.byte-limit = 2147483647 (custom)
2021-09-01 14:11:27,436 [pool-356-thread-1] INFO  server.RaftServerConfigKeys (ConfUtils.java:logGet(44)) - raft.server.log.queue.element-limit = 1024 (custom)
2021-09-01 14:11:27,437 [pool-356-thread-1] INFO  server.RaftServerConfigKeys (ConfUtils.java:logGet(44)) - raft.server.log.segment.size.max = 1048576 (custom)
2021-09-01 14:11:27,437 [pool-356-thread-1] INFO  server.RaftServerConfigKeys (ConfUtils.java:logGet(44)) - raft.server.log.preallocated.size = 16384 (custom)
2021-09-01 14:11:27,437 [pool-356-thread-1] INFO  server.RaftServerConfigKeys (ConfUtils.java:logGet(44)) - raft.server.log.force.sync.num = 128 (default)
2021-09-01 14:11:27,437 [pool-356-thread-1] INFO  server.RaftServerConfigKeys (ConfUtils.java:logGet(44)) - raft.server.log.statemachine.data.sync = true (default)
2021-09-01 14:11:27,437 [pool-356-thread-1] INFO  server.RaftServerConfigKeys (ConfUtils.java:logGet(44)) - raft.server.log.statemachine.data.sync.timeout = 10s (default)
2021-09-01 14:11:27,437 [pool-356-thread-1] INFO  server.RaftServerConfigKeys (ConfUtils.java:logGet(44)) - raft.server.log.statemachine.data.sync.timeout.retry = -1 (default)
2021-09-01 14:11:27,438 [pool-356-thread-1] INFO  server.RaftServerConfigKeys (ConfUtils.java:logGet(44)) - raft.server.log.write.buffer.size = 1048576 (custom)
2021-09-01 14:11:27,438 [pool-356-thread-1] INFO  server.RaftServerConfigKeys (ConfUtils.java:logGet(44)) - raft.server.log.statemachine.data.caching.enabled = true (custom)
2021-09-01 14:11:27,438 [pool-356-thread-1] INFO  segmented.SegmentedRaftLogWorker (SegmentedRaftLogWorker.java:lambda$new$0(133)) - 5f4ce7d7-9eea-43d1-b933-2c22a00d0a16@group-729E798475A7-SegmentedRaftLogWorker: flushIndex: setUnconditionally 0 -> -1
2021-09-01 14:11:27,438 [pool-356-thread-1] INFO  segmented.SegmentedRaftLogWorker (SegmentedRaftLogWorker.java:lambda$new$0(133)) - 5f4ce7d7-9eea-43d1-b933-2c22a00d0a16@group-729E798475A7-SegmentedRaftLogWorker: safeCacheEvictIndex: setUnconditionally 0 -> -1
2021-09-01 14:11:27,439 [pool-356-thread-1] INFO  server.RaftServerConfigKeys (ConfUtils.java:logGet(44)) - raft.server.snapshot.auto.trigger.enabled = true (custom)
2021-09-01 14:11:27,439 [pool-356-thread-1] INFO  server.RaftServerConfigKeys (ConfUtils.java:logGet(44)) - raft.server.snapshot.auto.trigger.threshold = 10000 (custom)
2021-09-01 14:11:27,439 [pool-356-thread-1] INFO  server.RaftServerConfigKeys (ConfUtils.java:logGet(44)) - raft.server.snapshot.retention.file.num = 5 (custom)
2021-09-01 14:11:27,439 [pool-356-thread-1] INFO  server.RaftServerConfigKeys (ConfUtils.java:logGet(44)) - raft.server.log.purge.upto.snapshot.index = false (default)
2021-09-01 14:11:27,439 [pool-356-thread-1] INFO  server.RaftServerConfigKeys (ConfUtils.java:logGet(44)) - raft.server.retrycache.expirytime = 600000ms (custom)
2021-09-01 14:11:27,439 [pool-356-thread-1] INFO  server.RaftServerConfigKeys (ConfUtils.java:logGet(44)) - raft.server.retrycache.statistics.expirytime = 100μs (default)
2021-09-01 14:11:27,440 [pool-356-thread-1] INFO  server.RaftServer$Division (RaftServerImpl.java:start(296)) - 5f4ce7d7-9eea-43d1-b933-2c22a00d0a16@group-729E798475A7: start as a follower, conf=-1: [5f4ce7d7-9eea-43d1-b933-2c22a00d0a16|rpc:10.1.0.27:33785|priority:1], old=null
2021-09-01 14:11:27,440 [pool-356-thread-1] INFO  server.RaftServer$Division (RaftServerImpl.java:setRole(285)) - 5f4ce7d7-9eea-43d1-b933-2c22a00d0a16@group-729E798475A7: changes role from      null to FOLLOWER at term 0 for startAsFollower
2021-09-01 14:11:27,440 [pool-356-thread-1] INFO  impl.RoleInfo (RoleInfo.java:updateAndGet(130)) - 5f4ce7d7-9eea-43d1-b933-2c22a00d0a16: start 5f4ce7d7-9eea-43d1-b933-2c22a00d0a16@group-729E798475A7-FollowerState
2021-09-01 14:11:27,441 [pool-356-thread-1] INFO  util.JmxRegister (JmxRegister.java:tryRegister(44)) - Successfully registered JMX Bean with object name Ratis:service=RaftServer,group=group-729E798475A7,id=5f4ce7d7-9eea-43d1-b933-2c22a00d0a16
2021-09-01 14:11:27,442 [Command processor thread] INFO  ratis.XceiverServerRatis (XceiverServerRatis.java:addGroup(763)) - Created group PipelineID=df9db3af-af24-4597-9f8c-729e798475a7
2021-09-01 14:11:27,442 [Command processor thread] INFO  commandhandler.CreatePipelineCommandHandler (CreatePipelineCommandHandler.java:handle(106)) - Created Pipeline RATIS ONE PipelineID=df9db3af-af24-4597-9f8c-729e798475a7.
2021-09-01 14:11:27,530 [Command processor thread] WARN  server.RaftServer (RaftServerProxy.java:remove(101)) - 5a414dd0-042d-4554-a0be-5f06df5d5cdb: does not contain group: group-4F5C23251FD2
2021-09-01 14:11:27,530 [Command processor thread] ERROR commandhandler.ClosePipelineCommandHandler (ClosePipelineCommandHandler.java:handle(78)) - Can't close pipeline PipelineID=15194566-c2e7-43ec-a238-4f5c23251fd2
java.io.IOException: 5a414dd0-042d-4554-a0be-5f06df5d5cdb: Group group-4F5C23251FD2 not found.
	at org.apache.hadoop.ozone.container.common.transport.server.ratis.XceiverServerRatis.removeGroup(XceiverServerRatis.java:781)
	at org.apache.hadoop.ozone.container.common.statemachine.commandhandler.ClosePipelineCommandHandler.handle(ClosePipelineCommandHandler.java:74)
	at org.apache.hadoop.ozone.container.common.statemachine.commandhandler.CommandDispatcher.handle(CommandDispatcher.java:99)
	at org.apache.hadoop.ozone.container.common.statemachine.DatanodeStateMachine.lambda$initCommandHandlerThread$2(DatanodeStateMachine.java:556)
	at java.lang.Thread.run(Thread.java:748)
Caused by: org.apache.ratis.protocol.exceptions.GroupMismatchException: 5a414dd0-042d-4554-a0be-5f06df5d5cdb: Group group-4F5C23251FD2 not found.
	at org.apache.ratis.server.impl.RaftServerProxy.groupRemoveAsync(RaftServerProxy.java:504)
	at org.apache.ratis.server.impl.RaftServerProxy.groupManagementAsync(RaftServerProxy.java:460)
	at org.apache.ratis.server.impl.RaftServerProxy.groupManagement(RaftServerProxy.java:440)
	at org.apache.hadoop.ozone.container.common.transport.server.ratis.XceiverServerRatis.removeGroup(XceiverServerRatis.java:779)
	... 4 more
2021-09-01 14:11:27,667 [ReplicationMonitor] INFO  container.ReplicationManager (ReplicationManager.java:processAll(359)) - Replication Monitor Thread took 0 milliseconds for processing 0 containers.
2021-09-01 14:11:27,799 [EventQueue-OpenPipelineForHealthyPipelineSafeModeRule] INFO  safemode.SCMSafeModeManager (HealthyPipelineSafeModeRule.java:process(124)) - SCM in safe mode. Healthy pipelines reported count is 0, required healthy pipeline reported count is 1
2021-09-01 14:11:27,885 [EventQueue-OpenPipelineForHealthyPipelineSafeModeRule] INFO  safemode.SCMSafeModeManager (HealthyPipelineSafeModeRule.java:process(124)) - SCM in safe mode. Healthy pipelines reported count is 0, required healthy pipeline reported count is 1
2021-09-01 14:11:27,985 [DatanodeAdminManager-0] INFO  node.DatanodeAdminMonitorImpl (DatanodeAdminMonitorImpl.java:run(136)) - There are 1 nodes tracked for decommission and maintenance. 0 pending nodes.
2021-09-01 14:11:28,006 [ReplicationMonitor] INFO  container.ReplicationManager (ReplicationManager.java:processAll(359)) - Replication Monitor Thread took 0 milliseconds for processing 3 containers.
2021-09-01 14:11:28,082 [IPC Server handler 11 on default port 41479] INFO  node.SCMNodeManager (SCMNodeManager.java:updateDatanodeOpState(484)) - Scheduling a command to update the operationalState persisted on 1f216d10-6a5d-4e67-b983-ab62dd80285a{ip: 10.1.0.27, host: fv-az148-824.bm4ck3pvxvsene1rjriu5fhcdb.bx.internal.cloudapp.net, ports: [REPLICATION=40941, RATIS=36441, RATIS_ADMIN=36441, RATIS_SERVER=36441, STANDALONE=46147], networkLocation: /default-rack, certSerialId: null, persistedOpState: ENTERING_MAINTENANCE, persistedOpStateExpiryEpochSec: 0} as the reported value does not match the value stored in SCM (IN_MAINTENANCE, 0)
2021-09-01 14:11:28,101 [EventQueue-OpenPipelineForHealthyPipelineSafeModeRule] INFO  safemode.SCMSafeModeManager (HealthyPipelineSafeModeRule.java:process(124)) - SCM in safe mode. Healthy pipelines reported count is 0, required healthy pipeline reported count is 1
2021-09-01 14:11:28,202 [EventQueue-OpenPipelineForHealthyPipelineSafeModeRule] INFO  safemode.SCMSafeModeManager (HealthyPipelineSafeModeRule.java:process(124)) - SCM in safe mode. Healthy pipelines reported count is 0, required healthy pipeline reported count is 1
2021-09-01 14:11:28,249 [EventQueue-OpenPipelineForHealthyPipelineSafeModeRule] INFO  safemode.SCMSafeModeManager (HealthyPipelineSafeModeRule.java:process(124)) - SCM in safe mode. Healthy pipelines reported count is 0, required healthy pipeline reported count is 1
2021-09-01 14:11:28,418 [Listener at 127.0.0.1/44153] INFO  ozone.MiniOzoneClusterImpl (MiniOzoneClusterImpl.java:lambda$waitForClusterToBeReady$0(235)) - Nodes are ready. Got 6 of 6 DN Heartbeats.
2021-09-01 14:11:28,418 [Listener at 127.0.0.1/44153] INFO  ozone.MiniOzoneClusterImpl (MiniOzoneClusterImpl.java:lambda$waitForClusterToBeReady$0(238)) - Waiting for cluster to exit safe mode
2021-09-01 14:11:28,418 [Listener at 127.0.0.1/44153] INFO  ozone.MiniOzoneClusterImpl (MiniOzoneClusterImpl.java:lambda$waitForClusterToBeReady$0(240)) - SCM became leader
2021-09-01 14:11:28,436 [EventQueue-OpenPipelineForHealthyPipelineSafeModeRule] INFO  safemode.SCMSafeModeManager (HealthyPipelineSafeModeRule.java:process(124)) - SCM in safe mode. Healthy pipelines reported count is 0, required healthy pipeline reported count is 1
2021-09-01 14:11:28,667 [ReplicationMonitor] INFO  container.ReplicationManager (ReplicationManager.java:processAll(359)) - Replication Monitor Thread took 0 milliseconds for processing 0 containers.
2021-09-01 14:11:28,800 [EventQueue-OpenPipelineForHealthyPipelineSafeModeRule] INFO  safemode.SCMSafeModeManager (HealthyPipelineSafeModeRule.java:process(124)) - SCM in safe mode. Healthy pipelines reported count is 0, required healthy pipeline reported count is 1
2021-09-01 14:11:28,886 [EventQueue-OpenPipelineForHealthyPipelineSafeModeRule] INFO  safemode.SCMSafeModeManager (HealthyPipelineSafeModeRule.java:process(124)) - SCM in safe mode. Healthy pipelines reported count is 0, required healthy pipeline reported count is 1
2021-09-01 14:11:28,985 [DatanodeAdminManager-0] INFO  node.DatanodeAdminMonitorImpl (DatanodeAdminMonitorImpl.java:run(136)) - There are 1 nodes tracked for decommission and maintenance. 0 pending nodes.
2021-09-01 14:11:29,007 [ReplicationMonitor] INFO  container.ReplicationManager (ReplicationManager.java:processAll(359)) - Replication Monitor Thread took 1 milliseconds for processing 3 containers.
2021-09-01 14:11:29,081 [IPC Server handler 9 on default port 41479] INFO  node.SCMNodeManager (SCMNodeManager.java:updateDatanodeOpState(484)) - Scheduling a command to update the operationalState persisted on 1f216d10-6a5d-4e67-b983-ab62dd80285a{ip: 10.1.0.27, host: fv-az148-824.bm4ck3pvxvsene1rjriu5fhcdb.bx.internal.cloudapp.net, ports: [REPLICATION=40941, RATIS=36441, RATIS_ADMIN=36441, RATIS_SERVER=36441, STANDALONE=46147], networkLocation: /default-rack, certSerialId: null, persistedOpState: ENTERING_MAINTENANCE, persistedOpStateExpiryEpochSec: 0} as the reported value does not match the value stored in SCM (IN_MAINTENANCE, 0)
2021-09-01 14:11:29,101 [EventQueue-OpenPipelineForHealthyPipelineSafeModeRule] INFO  safemode.SCMSafeModeManager (HealthyPipelineSafeModeRule.java:process(124)) - SCM in safe mode. Healthy pipelines reported count is 0, required healthy pipeline reported count is 1
2021-09-01 14:11:29,202 [EventQueue-OpenPipelineForHealthyPipelineSafeModeRule] INFO  safemode.SCMSafeModeManager (HealthyPipelineSafeModeRule.java:process(124)) - SCM in safe mode. Healthy pipelines reported count is 0, required healthy pipeline reported count is 1
2021-09-01 14:11:29,246 [EventQueue-OpenPipelineForHealthyPipelineSafeModeRule] INFO  safemode.SCMSafeModeManager (HealthyPipelineSafeModeRule.java:process(124)) - SCM in safe mode. Healthy pipelines reported count is 0, required healthy pipeline reported count is 1
2021-09-01 14:11:29,419 [Listener at 127.0.0.1/44153] INFO  ozone.MiniOzoneClusterImpl (MiniOzoneClusterImpl.java:lambda$waitForClusterToBeReady$0(235)) - Nodes are ready. Got 6 of 6 DN Heartbeats.
2021-09-01 14:11:29,419 [Listener at 127.0.0.1/44153] INFO  ozone.MiniOzoneClusterImpl (MiniOzoneClusterImpl.java:lambda$waitForClusterToBeReady$0(238)) - Waiting for cluster to exit safe mode
2021-09-01 14:11:29,419 [Listener at 127.0.0.1/44153] INFO  ozone.MiniOzoneClusterImpl (MiniOzoneClusterImpl.java:lambda$waitForClusterToBeReady$0(240)) - SCM became leader
2021-09-01 14:11:29,667 [ReplicationMonitor] INFO  container.ReplicationManager (ReplicationManager.java:processAll(359)) - Replication Monitor Thread took 0 milliseconds for processing 0 containers.
2021-09-01 14:11:29,799 [EventQueue-OpenPipelineForHealthyPipelineSafeModeRule] INFO  safemode.SCMSafeModeManager (HealthyPipelineSafeModeRule.java:process(124)) - SCM in safe mode. Healthy pipelines reported count is 0, required healthy pipeline reported count is 1
2021-09-01 14:11:29,985 [DatanodeAdminManager-0] INFO  node.DatanodeAdminMonitorImpl (DatanodeAdminMonitorImpl.java:run(136)) - There are 1 nodes tracked for decommission and maintenance. 0 pending nodes.
2021-09-01 14:11:30,007 [ReplicationMonitor] INFO  container.ReplicationManager (ReplicationManager.java:processAll(359)) - Replication Monitor Thread took 0 milliseconds for processing 3 containers.
2021-09-01 14:11:30,419 [Listener at 127.0.0.1/44153] INFO  ozone.MiniOzoneClusterImpl (MiniOzoneClusterImpl.java:lambda$waitForClusterToBeReady$0(235)) - Nodes are ready. Got 6 of 6 DN Heartbeats.
2021-09-01 14:11:30,419 [Listener at 127.0.0.1/44153] INFO  ozone.MiniOzoneClusterImpl (MiniOzoneClusterImpl.java:lambda$waitForClusterToBeReady$0(238)) - Waiting for cluster to exit safe mode
2021-09-01 14:11:30,419 [Listener at 127.0.0.1/44153] INFO  ozone.MiniOzoneClusterImpl (MiniOzoneClusterImpl.java:lambda$waitForClusterToBeReady$0(240)) - SCM became leader
2021-09-01 14:11:30,436 [EventQueue-OpenPipelineForHealthyPipelineSafeModeRule] INFO  safemode.SCMSafeModeManager (HealthyPipelineSafeModeRule.java:process(124)) - SCM in safe mode. Healthy pipelines reported count is 0, required healthy pipeline reported count is 1
2021-09-01 14:11:30,668 [ReplicationMonitor] INFO  container.ReplicationManager (ReplicationManager.java:processAll(359)) - Replication Monitor Thread took 0 milliseconds for processing 0 containers.
2021-09-01 14:11:30,885 [EventQueue-OpenPipelineForHealthyPipelineSafeModeRule] INFO  safemode.SCMSafeModeManager (HealthyPipelineSafeModeRule.java:process(124)) - SCM in safe mode. Healthy pipelines reported count is 0, required healthy pipeline reported count is 1
2021-09-01 14:11:30,900 [0f964acd-6a98-4f1f-80e6-2232414a7fb4@group-F257C67CA6D7-FollowerState] INFO  impl.FollowerState (FollowerState.java:run(134)) - 0f964acd-6a98-4f1f-80e6-2232414a7fb4@group-F257C67CA6D7-FollowerState: change to CANDIDATE, lastRpcElapsedTime:5027966406ns, electionTimeout:5026ms
2021-09-01 14:11:30,900 [0f964acd-6a98-4f1f-80e6-2232414a7fb4@group-F257C67CA6D7-FollowerState] INFO  impl.RoleInfo (RoleInfo.java:shutdownFollowerState(108)) - 0f964acd-6a98-4f1f-80e6-2232414a7fb4: shutdown 0f964acd-6a98-4f1f-80e6-2232414a7fb4@group-F257C67CA6D7-FollowerState
2021-09-01 14:11:30,900 [0f964acd-6a98-4f1f-80e6-2232414a7fb4@group-F257C67CA6D7-FollowerState] INFO  server.RaftServer$Division (RaftServerImpl.java:setRole(285)) - 0f964acd-6a98-4f1f-80e6-2232414a7fb4@group-F257C67CA6D7: changes role from  FOLLOWER to CANDIDATE at term 0 for changeToCandidate
2021-09-01 14:11:30,900 [0f964acd-6a98-4f1f-80e6-2232414a7fb4@group-F257C67CA6D7-FollowerState] INFO  server.RaftServerConfigKeys (ConfUtils.java:logGet(44)) - raft.server.leaderelection.pre-vote = false (custom)
2021-09-01 14:11:30,900 [0f964acd-6a98-4f1f-80e6-2232414a7fb4@group-F257C67CA6D7-FollowerState] INFO  impl.RoleInfo (RoleInfo.java:updateAndGet(130)) - 0f964acd-6a98-4f1f-80e6-2232414a7fb4: start 0f964acd-6a98-4f1f-80e6-2232414a7fb4@group-F257C67CA6D7-LeaderElection12
2021-09-01 14:11:30,908 [c4d6a0cb-d450-4943-aeb6-b38ae00f646d@group-F257C67CA6D7-FollowerState] INFO  impl.FollowerState (FollowerState.java:run(134)) - c4d6a0cb-d450-4943-aeb6-b38ae00f646d@group-F257C67CA6D7-FollowerState: change to CANDIDATE, lastRpcElapsedTime:5064934254ns, electionTimeout:5064ms
2021-09-01 14:11:30,908 [c4d6a0cb-d450-4943-aeb6-b38ae00f646d@group-F257C67CA6D7-FollowerState] INFO  impl.RoleInfo (RoleInfo.java:shutdownFollowerState(108)) - c4d6a0cb-d450-4943-aeb6-b38ae00f646d: shutdown c4d6a0cb-d450-4943-aeb6-b38ae00f646d@group-F257C67CA6D7-FollowerState
2021-09-01 14:11:30,909 [c4d6a0cb-d450-4943-aeb6-b38ae00f646d@group-F257C67CA6D7-FollowerState] INFO  server.RaftServer$Division (RaftServerImpl.java:setRole(285)) - c4d6a0cb-d450-4943-aeb6-b38ae00f646d@group-F257C67CA6D7: changes role from  FOLLOWER to CANDIDATE at term 0 for changeToCandidate
2021-09-01 14:11:30,909 [c4d6a0cb-d450-4943-aeb6-b38ae00f646d@group-F257C67CA6D7-FollowerState] INFO  server.RaftServerConfigKeys (ConfUtils.java:logGet(44)) - raft.server.leaderelection.pre-vote = false (custom)
2021-09-01 14:11:30,909 [c4d6a0cb-d450-4943-aeb6-b38ae00f646d@group-F257C67CA6D7-FollowerState] INFO  impl.RoleInfo (RoleInfo.java:updateAndGet(130)) - c4d6a0cb-d450-4943-aeb6-b38ae00f646d: start c4d6a0cb-d450-4943-aeb6-b38ae00f646d@group-F257C67CA6D7-LeaderElection13
2021-09-01 14:11:30,911 [0f964acd-6a98-4f1f-80e6-2232414a7fb4@group-F257C67CA6D7-LeaderElection12] INFO  impl.LeaderElection (LeaderElection.java:askForVotes(306)) - 0f964acd-6a98-4f1f-80e6-2232414a7fb4@group-F257C67CA6D7-LeaderElection12 ELECTION round 0: submit vote requests at term 1 for -1: [f523353f-23f0-4ce1-8f0d-52852ad44ff4|rpc:10.1.0.27:39485|dataStream:|priority:0, 0f964acd-6a98-4f1f-80e6-2232414a7fb4|rpc:10.1.0.27:39297|dataStream:|priority:0, c4d6a0cb-d450-4943-aeb6-b38ae00f646d|rpc:10.1.0.27:33205|dataStream:|priority:1], old=null
2021-09-01 14:11:30,913 [c4d6a0cb-d450-4943-aeb6-b38ae00f646d@group-F257C67CA6D7-LeaderElection13] INFO  impl.LeaderElection (LeaderElection.java:askForVotes(306)) - c4d6a0cb-d450-4943-aeb6-b38ae00f646d@group-F257C67CA6D7-LeaderElection13 ELECTION round 0: submit vote requests at term 1 for -1: [f523353f-23f0-4ce1-8f0d-52852ad44ff4|rpc:10.1.0.27:39485|dataStream:|priority:0, 0f964acd-6a98-4f1f-80e6-2232414a7fb4|rpc:10.1.0.27:39297|dataStream:|priority:0, c4d6a0cb-d450-4943-aeb6-b38ae00f646d|rpc:10.1.0.27:33205|dataStream:|priority:1], old=null
2021-09-01 14:11:30,930 [grpc-default-executor-1] INFO  server.RaftServer$Division (RaftServerImpl.java:requestVote(1043)) - f523353f-23f0-4ce1-8f0d-52852ad44ff4@group-F257C67CA6D7: receive requestVote(ELECTION, 0f964acd-6a98-4f1f-80e6-2232414a7fb4, group-F257C67CA6D7, 1, (t:0, i:0))
2021-09-01 14:11:30,931 [grpc-default-executor-1] INFO  impl.VoteContext (VoteContext.java:log(48)) - f523353f-23f0-4ce1-8f0d-52852ad44ff4@group-F257C67CA6D7-FOLLOWER: accept ELECTION from 0f964acd-6a98-4f1f-80e6-2232414a7fb4: our priority 0 <= candidate's priority 0
2021-09-01 14:11:30,931 [grpc-default-executor-1] INFO  server.RaftServer$Division (RaftServerImpl.java:setRole(285)) - f523353f-23f0-4ce1-8f0d-52852ad44ff4@group-F257C67CA6D7: changes role from  FOLLOWER to FOLLOWER at term 1 for candidate:0f964acd-6a98-4f1f-80e6-2232414a7fb4
2021-09-01 14:11:30,931 [grpc-default-executor-1] INFO  impl.RoleInfo (RoleInfo.java:shutdownFollowerState(108)) - f523353f-23f0-4ce1-8f0d-52852ad44ff4: shutdown f523353f-23f0-4ce1-8f0d-52852ad44ff4@group-F257C67CA6D7-FollowerState
2021-09-01 14:11:30,931 [grpc-default-executor-1] INFO  impl.RoleInfo (RoleInfo.java:updateAndGet(130)) - f523353f-23f0-4ce1-8f0d-52852ad44ff4: start f523353f-23f0-4ce1-8f0d-52852ad44ff4@group-F257C67CA6D7-FollowerState
2021-09-01 14:11:30,931 [f523353f-23f0-4ce1-8f0d-52852ad44ff4@group-F257C67CA6D7-FollowerState] INFO  impl.FollowerState (FollowerState.java:run(143)) - f523353f-23f0-4ce1-8f0d-52852ad44ff4@group-F257C67CA6D7-FollowerState was interrupted: {}
java.lang.InterruptedException: sleep interrupted
	at java.lang.Thread.sleep(Native Method)
	at java.lang.Thread.sleep(Thread.java:340)
	at java.util.concurrent.TimeUnit.sleep(TimeUnit.java:386)
	at org.apache.ratis.util.TimeDuration.sleep(TimeDuration.java:324)
	at org.apache.ratis.util.TimeDuration.sleep(TimeDuration.java:309)
	at org.apache.ratis.server.impl.FollowerState.run(FollowerState.java:118)
2021-09-01 14:11:30,943 [grpc-default-executor-1] INFO  server.RaftServer$Division (RaftServerImpl.java:requestVote(1075)) - f523353f-23f0-4ce1-8f0d-52852ad44ff4@group-F257C67CA6D7 replies to ELECTION vote request: 0f964acd-6a98-4f1f-80e6-2232414a7fb4<-f523353f-23f0-4ce1-8f0d-52852ad44ff4#0:OK-t1. Peer's state: f523353f-23f0-4ce1-8f0d-52852ad44ff4@group-F257C67CA6D7:t1, leader=null, voted=0f964acd-6a98-4f1f-80e6-2232414a7fb4, raftlog=f523353f-23f0-4ce1-8f0d-52852ad44ff4@group-F257C67CA6D7-SegmentedRaftLog:OPENED:c-1,f-1,i0, conf=-1: [f523353f-23f0-4ce1-8f0d-52852ad44ff4|rpc:10.1.0.27:39485|priority:0, 0f964acd-6a98-4f1f-80e6-2232414a7fb4|rpc:10.1.0.27:39297|priority:0, c4d6a0cb-d450-4943-aeb6-b38ae00f646d|rpc:10.1.0.27:33205|priority:1], old=null
2021-09-01 14:11:30,948 [grpc-default-executor-2] INFO  server.RaftServer$Division (RaftServerImpl.java:requestVote(1043)) - c4d6a0cb-d450-4943-aeb6-b38ae00f646d@group-F257C67CA6D7: receive requestVote(ELECTION, 0f964acd-6a98-4f1f-80e6-2232414a7fb4, group-F257C67CA6D7, 1, (t:0, i:0))
2021-09-01 14:11:30,948 [grpc-default-executor-1] INFO  server.RaftServer$Division (RaftServerImpl.java:requestVote(1043)) - f523353f-23f0-4ce1-8f0d-52852ad44ff4@group-F257C67CA6D7: receive requestVote(ELECTION, c4d6a0cb-d450-4943-aeb6-b38ae00f646d, group-F257C67CA6D7, 1, (t:0, i:0))
2021-09-01 14:11:30,949 [grpc-default-executor-1] INFO  impl.VoteContext (VoteContext.java:log(48)) - f523353f-23f0-4ce1-8f0d-52852ad44ff4@group-F257C67CA6D7-FOLLOWER: reject ELECTION from c4d6a0cb-d450-4943-aeb6-b38ae00f646d: already has voted for 0f964acd-6a98-4f1f-80e6-2232414a7fb4 at current term 1
2021-09-01 14:11:30,949 [grpc-default-executor-1] INFO  server.RaftServer$Division (RaftServerImpl.java:requestVote(1075)) - f523353f-23f0-4ce1-8f0d-52852ad44ff4@group-F257C67CA6D7 replies to ELECTION vote request: c4d6a0cb-d450-4943-aeb6-b38ae00f646d<-f523353f-23f0-4ce1-8f0d-52852ad44ff4#0:FAIL-t1. Peer's state: f523353f-23f0-4ce1-8f0d-52852ad44ff4@group-F257C67CA6D7:t1, leader=null, voted=0f964acd-6a98-4f1f-80e6-2232414a7fb4, raftlog=f523353f-23f0-4ce1-8f0d-52852ad44ff4@group-F257C67CA6D7-SegmentedRaftLog:OPENED:c-1,f-1,i0, conf=-1: [f523353f-23f0-4ce1-8f0d-52852ad44ff4|rpc:10.1.0.27:39485|priority:0, 0f964acd-6a98-4f1f-80e6-2232414a7fb4|rpc:10.1.0.27:39297|priority:0, c4d6a0cb-d450-4943-aeb6-b38ae00f646d|rpc:10.1.0.27:33205|priority:1], old=null
2021-09-01 14:11:30,949 [grpc-default-executor-2] INFO  impl.VoteContext (VoteContext.java:log(48)) - c4d6a0cb-d450-4943-aeb6-b38ae00f646d@group-F257C67CA6D7-CANDIDATE: reject ELECTION from 0f964acd-6a98-4f1f-80e6-2232414a7fb4: already has voted for c4d6a0cb-d450-4943-aeb6-b38ae00f646d at current term 1
2021-09-01 14:11:30,949 [grpc-default-executor-2] INFO  server.RaftServer$Division (RaftServerImpl.java:requestVote(1075)) - c4d6a0cb-d450-4943-aeb6-b38ae00f646d@group-F257C67CA6D7 replies to ELECTION vote request: 0f964acd-6a98-4f1f-80e6-2232414a7fb4<-c4d6a0cb-d450-4943-aeb6-b38ae00f646d#0:FAIL-t1. Peer's state: c4d6a0cb-d450-4943-aeb6-b38ae00f646d@group-F257C67CA6D7:t1, leader=null, voted=c4d6a0cb-d450-4943-aeb6-b38ae00f646d, raftlog=c4d6a0cb-d450-4943-aeb6-b38ae00f646d@group-F257C67CA6D7-SegmentedRaftLog:OPENED:c-1,f-1,i0, conf=-1: [f523353f-23f0-4ce1-8f0d-52852ad44ff4|rpc:10.1.0.27:39485|dataStream:|priority:0, 0f964acd-6a98-4f1f-80e6-2232414a7fb4|rpc:10.1.0.27:39297|dataStream:|priority:0, c4d6a0cb-d450-4943-aeb6-b38ae00f646d|rpc:10.1.0.27:33205|dataStream:|priority:1], old=null
2021-09-01 14:11:30,955 [0f964acd-6a98-4f1f-80e6-2232414a7fb4@group-F257C67CA6D7-LeaderElection12] INFO  impl.LeaderElection (LeaderElection.java:logAndReturn(89)) - 0f964acd-6a98-4f1f-80e6-2232414a7fb4@group-F257C67CA6D7-LeaderElection12: ELECTION REJECTED received 2 response(s) and 0 exception(s):
2021-09-01 14:11:30,955 [0f964acd-6a98-4f1f-80e6-2232414a7fb4@group-F257C67CA6D7-LeaderElection12] INFO  impl.LeaderElection (LeaderElection.java:logAndReturn(93)) -   Response 0: 0f964acd-6a98-4f1f-80e6-2232414a7fb4<-f523353f-23f0-4ce1-8f0d-52852ad44ff4#0:OK-t1
2021-09-01 14:11:30,955 [0f964acd-6a98-4f1f-80e6-2232414a7fb4@group-F257C67CA6D7-LeaderElection12] INFO  impl.LeaderElection (LeaderElection.java:logAndReturn(93)) -   Response 1: 0f964acd-6a98-4f1f-80e6-2232414a7fb4<-c4d6a0cb-d450-4943-aeb6-b38ae00f646d#0:FAIL-t1
2021-09-01 14:11:30,955 [0f964acd-6a98-4f1f-80e6-2232414a7fb4@group-F257C67CA6D7-LeaderElection12] INFO  impl.LeaderElection (LeaderElection.java:askForVotes(308)) - 0f964acd-6a98-4f1f-80e6-2232414a7fb4@group-F257C67CA6D7-LeaderElection12 ELECTION round 0: result REJECTED
2021-09-01 14:11:30,955 [0f964acd-6a98-4f1f-80e6-2232414a7fb4@group-F257C67CA6D7-LeaderElection12] INFO  server.RaftServer$Division (RaftServerImpl.java:setRole(285)) - 0f964acd-6a98-4f1f-80e6-2232414a7fb4@group-F257C67CA6D7: changes role from CANDIDATE to FOLLOWER at term 1 for REJECTED
2021-09-01 14:11:30,956 [0f964acd-6a98-4f1f-80e6-2232414a7fb4@group-F257C67CA6D7-LeaderElection12] INFO  impl.RoleInfo (RoleInfo.java:shutdownLeaderElection(121)) - 0f964acd-6a98-4f1f-80e6-2232414a7fb4: shutdown 0f964acd-6a98-4f1f-80e6-2232414a7fb4@group-F257C67CA6D7-LeaderElection12
2021-09-01 14:11:30,956 [0f964acd-6a98-4f1f-80e6-2232414a7fb4@group-F257C67CA6D7-LeaderElection12] INFO  impl.RoleInfo (RoleInfo.java:updateAndGet(130)) - 0f964acd-6a98-4f1f-80e6-2232414a7fb4: start 0f964acd-6a98-4f1f-80e6-2232414a7fb4@group-F257C67CA6D7-FollowerState
2021-09-01 14:11:30,960 [grpc-default-executor-1] INFO  server.RaftServer$Division (RaftServerImpl.java:requestVote(1043)) - 0f964acd-6a98-4f1f-80e6-2232414a7fb4@group-F257C67CA6D7: receive requestVote(ELECTION, c4d6a0cb-d450-4943-aeb6-b38ae00f646d, group-F257C67CA6D7, 1, (t:0, i:0))
2021-09-01 14:11:30,961 [grpc-default-executor-1] INFO  impl.VoteContext (VoteContext.java:log(48)) - 0f964acd-6a98-4f1f-80e6-2232414a7fb4@group-F257C67CA6D7-FOLLOWER: reject ELECTION from c4d6a0cb-d450-4943-aeb6-b38ae00f646d: already has voted for 0f964acd-6a98-4f1f-80e6-2232414a7fb4 at current term 1
2021-09-01 14:11:30,961 [grpc-default-executor-1] INFO  server.RaftServer$Division (RaftServerImpl.java:requestVote(1075)) - 0f964acd-6a98-4f1f-80e6-2232414a7fb4@group-F257C67CA6D7 replies to ELECTION vote request: c4d6a0cb-d450-4943-aeb6-b38ae00f646d<-0f964acd-6a98-4f1f-80e6-2232414a7fb4#0:FAIL-t1. Peer's state: 0f964acd-6a98-4f1f-80e6-2232414a7fb4@group-F257C67CA6D7:t1, leader=null, voted=0f964acd-6a98-4f1f-80e6-2232414a7fb4, raftlog=0f964acd-6a98-4f1f-80e6-2232414a7fb4@group-F257C67CA6D7-SegmentedRaftLog:OPENED:c-1,f-1,i0, conf=-1: [f523353f-23f0-4ce1-8f0d-52852ad44ff4|rpc:10.1.0.27:39485|dataStream:|priority:0, 0f964acd-6a98-4f1f-80e6-2232414a7fb4|rpc:10.1.0.27:39297|dataStream:|priority:0, c4d6a0cb-d450-4943-aeb6-b38ae00f646d|rpc:10.1.0.27:33205|dataStream:|priority:1], old=null
2021-09-01 14:11:30,962 [c4d6a0cb-d450-4943-aeb6-b38ae00f646d@group-F257C67CA6D7-LeaderElection13] INFO  impl.LeaderElection (LeaderElection.java:logAndReturn(89)) - c4d6a0cb-d450-4943-aeb6-b38ae00f646d@group-F257C67CA6D7-LeaderElection13: ELECTION REJECTED received 2 response(s) and 0 exception(s):
2021-09-01 14:11:30,962 [c4d6a0cb-d450-4943-aeb6-b38ae00f646d@group-F257C67CA6D7-LeaderElection13] INFO  impl.LeaderElection (LeaderElection.java:logAndReturn(93)) -   Response 0: c4d6a0cb-d450-4943-aeb6-b38ae00f646d<-f523353f-23f0-4ce1-8f0d-52852ad44ff4#0:FAIL-t1
2021-09-01 14:11:30,962 [c4d6a0cb-d450-4943-aeb6-b38ae00f646d@group-F257C67CA6D7-LeaderElection13] INFO  impl.LeaderElection (LeaderElection.java:logAndReturn(93)) -   Response 1: c4d6a0cb-d450-4943-aeb6-b38ae00f646d<-0f964acd-6a98-4f1f-80e6-2232414a7fb4#0:FAIL-t1
2021-09-01 14:11:30,962 [c4d6a0cb-d450-4943-aeb6-b38ae00f646d@group-F257C67CA6D7-LeaderElection13] INFO  impl.LeaderElection (LeaderElection.java:askForVotes(308)) - c4d6a0cb-d450-4943-aeb6-b38ae00f646d@group-F257C67CA6D7-LeaderElection13 ELECTION round 0: result REJECTED
2021-09-01 14:11:30,962 [c4d6a0cb-d450-4943-aeb6-b38ae00f646d@group-F257C67CA6D7-LeaderElection13] INFO  server.RaftServer$Division (RaftServerImpl.java:setRole(285)) - c4d6a0cb-d450-4943-aeb6-b38ae00f646d@group-F257C67CA6D7: changes role from CANDIDATE to FOLLOWER at term 1 for REJECTED
2021-09-01 14:11:30,962 [c4d6a0cb-d450-4943-aeb6-b38ae00f646d@group-F257C67CA6D7-LeaderElection13] INFO  impl.RoleInfo (RoleInfo.java:shutdownLeaderElection(121)) - c4d6a0cb-d450-4943-aeb6-b38ae00f646d: shutdown c4d6a0cb-d450-4943-aeb6-b38ae00f646d@group-F257C67CA6D7-LeaderElection13
2021-09-01 14:11:30,962 [c4d6a0cb-d450-4943-aeb6-b38ae00f646d@group-F257C67CA6D7-LeaderElection13] INFO  impl.RoleInfo (RoleInfo.java:updateAndGet(130)) - c4d6a0cb-d450-4943-aeb6-b38ae00f646d: start c4d6a0cb-d450-4943-aeb6-b38ae00f646d@group-F257C67CA6D7-FollowerState
2021-09-01 14:11:30,984 [f523353f-23f0-4ce1-8f0d-52852ad44ff4@group-476D2D67D512-FollowerState] INFO  impl.FollowerState (FollowerState.java:run(134)) - f523353f-23f0-4ce1-8f0d-52852ad44ff4@group-476D2D67D512-FollowerState: change to CANDIDATE, lastRpcElapsedTime:5190999320ns, electionTimeout:5190ms
2021-09-01 14:11:30,984 [f523353f-23f0-4ce1-8f0d-52852ad44ff4@group-476D2D67D512-FollowerState] INFO  impl.RoleInfo (RoleInfo.java:shutdownFollowerState(108)) - f523353f-23f0-4ce1-8f0d-52852ad44ff4: shutdown f523353f-23f0-4ce1-8f0d-52852ad44ff4@group-476D2D67D512-FollowerState
2021-09-01 14:11:30,984 [f523353f-23f0-4ce1-8f0d-52852ad44ff4@group-476D2D67D512-FollowerState] INFO  server.RaftServer$Division (RaftServerImpl.java:setRole(285)) - f523353f-23f0-4ce1-8f0d-52852ad44ff4@group-476D2D67D512: changes role from  FOLLOWER to CANDIDATE at term 0 for changeToCandidate
2021-09-01 14:11:30,984 [f523353f-23f0-4ce1-8f0d-52852ad44ff4@group-476D2D67D512-FollowerState] INFO  server.RaftServerConfigKeys (ConfUtils.java:logGet(44)) - raft.server.leaderelection.pre-vote = false (custom)
2021-09-01 14:11:30,985 [f523353f-23f0-4ce1-8f0d-52852ad44ff4@group-476D2D67D512-FollowerState] INFO  impl.RoleInfo (RoleInfo.java:updateAndGet(130)) - f523353f-23f0-4ce1-8f0d-52852ad44ff4: start f523353f-23f0-4ce1-8f0d-52852ad44ff4@group-476D2D67D512-LeaderElection14
2021-09-01 14:11:30,989 [DatanodeAdminManager-0] INFO  node.DatanodeAdminMonitorImpl (DatanodeAdminMonitorImpl.java:run(136)) - There are 1 nodes tracked for decommission and maintenance. 0 pending nodes.
2021-09-01 14:11:30,995 [f523353f-23f0-4ce1-8f0d-52852ad44ff4@group-476D2D67D512-LeaderElection14] INFO  impl.LeaderElection (LeaderElection.java:askForVotes(306)) - f523353f-23f0-4ce1-8f0d-52852ad44ff4@group-476D2D67D512-LeaderElection14 ELECTION round 0: submit vote requests at term 1 for -1: [f523353f-23f0-4ce1-8f0d-52852ad44ff4|rpc:10.1.0.27:39485|priority:1], old=null
2021-09-01 14:11:30,995 [f523353f-23f0-4ce1-8f0d-52852ad44ff4@group-476D2D67D512-LeaderElection14] INFO  impl.LeaderElection (LeaderElection.java:askForVotes(308)) - f523353f-23f0-4ce1-8f0d-52852ad44ff4@group-476D2D67D512-LeaderElection14 ELECTION round 0: result PASSED (term=1)
2021-09-01 14:11:30,996 [f523353f-23f0-4ce1-8f0d-52852ad44ff4@group-476D2D67D512-LeaderElection14] INFO  impl.RoleInfo (RoleInfo.java:shutdownLeaderElection(121)) - f523353f-23f0-4ce1-8f0d-52852ad44ff4: shutdown f523353f-23f0-4ce1-8f0d-52852ad44ff4@group-476D2D67D512-LeaderElection14
2021-09-01 14:11:30,997 [f523353f-23f0-4ce1-8f0d-52852ad44ff4@group-476D2D67D512-LeaderElection14] INFO  server.RaftServer$Division (RaftServerImpl.java:setRole(285)) - f523353f-23f0-4ce1-8f0d-52852ad44ff4@group-476D2D67D512: changes role from CANDIDATE to LEADER at term 1 for changeToLeader
2021-09-01 14:11:30,997 [f523353f-23f0-4ce1-8f0d-52852ad44ff4@group-476D2D67D512-LeaderElection14] INFO  ratis.XceiverServerRatis (XceiverServerRatis.java:handleLeaderChangedNotification(861)) - Leader change notification received for group: group-476D2D67D512 with new leaderId: f523353f-23f0-4ce1-8f0d-52852ad44ff4
2021-09-01 14:11:30,997 [f523353f-23f0-4ce1-8f0d-52852ad44ff4@group-476D2D67D512-LeaderElection14] INFO  server.RaftServer$Division (ServerState.java:setLeader(285)) - f523353f-23f0-4ce1-8f0d-52852ad44ff4@group-476D2D67D512: change Leader from null to f523353f-23f0-4ce1-8f0d-52852ad44ff4 at term 1 for becomeLeader, leader elected after 5221ms
2021-09-01 14:11:30,997 [f523353f-23f0-4ce1-8f0d-52852ad44ff4@group-476D2D67D512-LeaderElection14] INFO  server.RaftServerConfigKeys (ConfUtils.java:logGet(44)) - raft.server.staging.catchup.gap = 1000 (default)
2021-09-01 14:11:30,997 [Datanode State Machine Thread - 0] WARN  statemachine.StateContext (StateContext.java:execute(621)) - No available thread in pool for past 1 seconds.
2021-09-01 14:11:30,997 [f523353f-23f0-4ce1-8f0d-52852ad44ff4@group-476D2D67D512-LeaderElection14] INFO  server.RaftServerConfigKeys (ConfUtils.java:logGet(44)) - raft.server.write.element-limit = 1024 (custom)
2021-09-01 14:11:30,997 [f523353f-23f0-4ce1-8f0d-52852ad44ff4@group-476D2D67D512-LeaderElection14] INFO  server.RaftServerConfigKeys (ConfUtils.java:logGet(44)) - raft.server.write.byte-limit = 1024 M (=1073741824) (custom)
2021-09-01 14:11:30,998 [EventQueue-OpenPipelineForHealthyPipelineSafeModeRule] INFO  safemode.SCMSafeModeManager (HealthyPipelineSafeModeRule.java:process(124)) - SCM in safe mode. Healthy pipelines reported count is 0, required healthy pipeline reported count is 1
2021-09-01 14:11:30,999 [f523353f-23f0-4ce1-8f0d-52852ad44ff4@group-476D2D67D512-LeaderElection14] INFO  server.RaftServerConfigKeys (ConfUtils.java:logGet(44)) - raft.server.watch.timeout = 180s (custom)
2021-09-01 14:11:30,999 [f523353f-23f0-4ce1-8f0d-52852ad44ff4@group-476D2D67D512-LeaderElection14] INFO  server.RaftServerConfigKeys (ConfUtils.java:logGet(44)) - raft.server.watch.timeout.denomination = 1s (default)
2021-09-01 14:11:30,999 [f523353f-23f0-4ce1-8f0d-52852ad44ff4@group-476D2D67D512-LeaderElection14] INFO  server.RaftServerConfigKeys (ConfUtils.java:logGet(44)) - raft.server.watch.element-limit = 65536 (default)
2021-09-01 14:11:30,999 [f523353f-23f0-4ce1-8f0d-52852ad44ff4@group-476D2D67D512-LeaderElection14] INFO  impl.RoleInfo (RoleInfo.java:updateAndGet(130)) - f523353f-23f0-4ce1-8f0d-52852ad44ff4: start f523353f-23f0-4ce1-8f0d-52852ad44ff4@group-476D2D67D512-LeaderStateImpl
2021-09-01 14:11:30,999 [f523353f-23f0-4ce1-8f0d-52852ad44ff4@group-476D2D67D512-LeaderElection14] INFO  segmented.SegmentedRaftLogWorker (SegmentedRaftLogWorker.java:startLogSegment(394)) - f523353f-23f0-4ce1-8f0d-52852ad44ff4@group-476D2D67D512-SegmentedRaftLogWorker: Starting segment from index:0
2021-09-01 14:11:31,001 [f523353f-23f0-4ce1-8f0d-52852ad44ff4@group-476D2D67D512-LeaderElection14] INFO  server.RaftServer$Division (ServerState.java:setRaftConf(387)) - f523353f-23f0-4ce1-8f0d-52852ad44ff4@group-476D2D67D512: set configuration 0: [f523353f-23f0-4ce1-8f0d-52852ad44ff4|rpc:10.1.0.27:39485|dataStream:|priority:1], old=null
2021-09-01 14:11:31,002 [f523353f-23f0-4ce1-8f0d-52852ad44ff4@group-476D2D67D512-SegmentedRaftLogWorker] INFO  segmented.SegmentedRaftLogWorker (SegmentedRaftLogWorker.java:execute(601)) - f523353f-23f0-4ce1-8f0d-52852ad44ff4@group-476D2D67D512-SegmentedRaftLogWorker: created new log segment /home/runner/work/ozone/ozone/hadoop-ozone/integration-test/target/test-dir/MiniOzoneClusterImpl-ade41b4a-42d1-4ce8-adde-039c2ad4b32e/datanode-0/data/ratis/541e51d4-6c9f-49be-9f69-476d2d67d512/current/log_inprogress_0
2021-09-01 14:11:31,007 [ReplicationMonitor] INFO  container.ReplicationManager (ReplicationManager.java:processAll(359)) - Replication Monitor Thread took 0 milliseconds for processing 3 containers.
2021-09-01 14:11:31,080 [Datanode State Machine Thread - 0] INFO  statemachine.DatanodeStateMachine (DatanodeStateMachine.java:lambda$startDaemon$0(457)) - Ozone container server started.
2021-09-01 14:11:31,102 [EventQueue-OpenPipelineForHealthyPipelineSafeModeRule] INFO  safemode.SCMSafeModeManager (HealthyPipelineSafeModeRule.java:process(124)) - SCM in safe mode. Healthy pipelines reported count is 0, required healthy pipeline reported count is 1
2021-09-01 14:11:31,202 [EventQueue-OpenPipelineForHealthyPipelineSafeModeRule] INFO  safemode.SCMSafeModeManager (HealthyPipelineSafeModeRule.java:process(124)) - SCM in safe mode. Healthy pipelines reported count is 0, required healthy pipeline reported count is 1
2021-09-01 14:11:31,219 [0f964acd-6a98-4f1f-80e6-2232414a7fb4@group-E12424C69092-FollowerState] INFO  impl.FollowerState (FollowerState.java:run(134)) - 0f964acd-6a98-4f1f-80e6-2232414a7fb4@group-E12424C69092-FollowerState: change to CANDIDATE, lastRpcElapsedTime:5010987552ns, electionTimeout:5010ms
2021-09-01 14:11:31,220 [0f964acd-6a98-4f1f-80e6-2232414a7fb4@group-E12424C69092-FollowerState] INFO  impl.RoleInfo (RoleInfo.java:shutdownFollowerState(108)) - 0f964acd-6a98-4f1f-80e6-2232414a7fb4: shutdown 0f964acd-6a98-4f1f-80e6-2232414a7fb4@group-E12424C69092-FollowerState
2021-09-01 14:11:31,220 [0f964acd-6a98-4f1f-80e6-2232414a7fb4@group-E12424C69092-FollowerState] INFO  server.RaftServer$Division (RaftServerImpl.java:setRole(285)) - 0f964acd-6a98-4f1f-80e6-2232414a7fb4@group-E12424C69092: changes role from  FOLLOWER to CANDIDATE at term 0 for changeToCandidate
2021-09-01 14:11:31,220 [0f964acd-6a98-4f1f-80e6-2232414a7fb4@group-E12424C69092-FollowerState] INFO  server.RaftServerConfigKeys (ConfUtils.java:logGet(44)) - raft.server.leaderelection.pre-vote = false (custom)
2021-09-01 14:11:31,220 [0f964acd-6a98-4f1f-80e6-2232414a7fb4@group-E12424C69092-FollowerState] INFO  impl.RoleInfo (RoleInfo.java:updateAndGet(130)) - 0f964acd-6a98-4f1f-80e6-2232414a7fb4: start 0f964acd-6a98-4f1f-80e6-2232414a7fb4@group-E12424C69092-LeaderElection15
2021-09-01 14:11:31,228 [0f964acd-6a98-4f1f-80e6-2232414a7fb4@group-E12424C69092-LeaderElection15] INFO  impl.LeaderElection (LeaderElection.java:askForVotes(306)) - 0f964acd-6a98-4f1f-80e6-2232414a7fb4@group-E12424C69092-LeaderElection15 ELECTION round 0: submit vote requests at term 1 for -1: [0f964acd-6a98-4f1f-80e6-2232414a7fb4|rpc:10.1.0.27:39297|priority:1], old=null
2021-09-01 14:11:31,228 [0f964acd-6a98-4f1f-80e6-2232414a7fb4@group-E12424C69092-LeaderElection15] INFO  impl.LeaderElection (LeaderElection.java:askForVotes(308)) - 0f964acd-6a98-4f1f-80e6-2232414a7fb4@group-E12424C69092-LeaderElection15 ELECTION round 0: result PASSED (term=1)
2021-09-01 14:11:31,228 [0f964acd-6a98-4f1f-80e6-2232414a7fb4@group-E12424C69092-LeaderElection15] INFO  impl.RoleInfo (RoleInfo.java:shutdownLeaderElection(121)) - 0f964acd-6a98-4f1f-80e6-2232414a7fb4: shutdown 0f964acd-6a98-4f1f-80e6-2232414a7fb4@group-E12424C69092-LeaderElection15
2021-09-01 14:11:31,228 [0f964acd-6a98-4f1f-80e6-2232414a7fb4@group-E12424C69092-LeaderElection15] INFO  server.RaftServer$Division (RaftServerImpl.java:setRole(285)) - 0f964acd-6a98-4f1f-80e6-2232414a7fb4@group-E12424C69092: changes role from CANDIDATE to LEADER at term 1 for changeToLeader
2021-09-01 14:11:31,228 [0f964acd-6a98-4f1f-80e6-2232414a7fb4@group-E12424C69092-LeaderElection15] INFO  ratis.XceiverServerRatis (XceiverServerRatis.java:handleLeaderChangedNotification(861)) - Leader change notification received for group: group-E12424C69092 with new leaderId: 0f964acd-6a98-4f1f-80e6-2232414a7fb4
2021-09-01 14:11:31,228 [0f964acd-6a98-4f1f-80e6-2232414a7fb4@group-E12424C69092-LeaderElection15] INFO  server.RaftServer$Division (ServerState.java:setLeader(285)) - 0f964acd-6a98-4f1f-80e6-2232414a7fb4@group-E12424C69092: change Leader from null to 0f964acd-6a98-4f1f-80e6-2232414a7fb4 at term 1 for becomeLeader, leader elected after 5027ms
2021-09-01 14:11:31,228 [0f964acd-6a98-4f1f-80e6-2232414a7fb4@group-E12424C69092-LeaderElection15] INFO  server.RaftServerConfigKeys (ConfUtils.java:logGet(44)) - raft.server.staging.catchup.gap = 1000 (default)
2021-09-01 14:11:31,228 [Datanode State Machine Thread - 0] WARN  statemachine.StateContext (StateContext.java:execute(621)) - No available thread in pool for past 1 seconds.
2021-09-01 14:11:31,228 [0f964acd-6a98-4f1f-80e6-2232414a7fb4@group-E12424C69092-LeaderElection15] INFO  server.RaftServerConfigKeys (ConfUtils.java:logGet(44)) - raft.server.write.element-limit = 1024 (custom)
2021-09-01 14:11:31,228 [0f964acd-6a98-4f1f-80e6-2232414a7fb4@group-E12424C69092-LeaderElection15] INFO  server.RaftServerConfigKeys (ConfUtils.java:logGet(44)) - raft.server.write.byte-limit = 1024 M (=1073741824) (custom)
2021-09-01 14:11:31,229 [0f964acd-6a98-4f1f-80e6-2232414a7fb4@group-E12424C69092-LeaderElection15] INFO  server.RaftServerConfigKeys (ConfUtils.java:logGet(44)) - raft.server.watch.timeout = 180s (custom)
2021-09-01 14:11:31,229 [0f964acd-6a98-4f1f-80e6-2232414a7fb4@group-E12424C69092-LeaderElection15] INFO  server.RaftServerConfigKeys (ConfUtils.java:logGet(44)) - raft.server.watch.timeout.denomination = 1s (default)
2021-09-01 14:11:31,229 [EventQueue-OpenPipelineForHealthyPipelineSafeModeRule] INFO  safemode.SCMSafeModeManager (HealthyPipelineSafeModeRule.java:process(124)) - SCM in safe mode. Healthy pipelines reported count is 0, required healthy pipeline reported count is 1
2021-09-01 14:11:31,230 [0f964acd-6a98-4f1f-80e6-2232414a7fb4@group-E12424C69092-LeaderElection15] INFO  server.RaftServerConfigKeys (ConfUtils.java:logGet(44)) - raft.server.watch.element-limit = 65536 (default)
2021-09-01 14:11:31,230 [0f964acd-6a98-4f1f-80e6-2232414a7fb4@group-E12424C69092-LeaderElection15] INFO  impl.RoleInfo (RoleInfo.java:updateAndGet(130)) - 0f964acd-6a98-4f1f-80e6-2232414a7fb4: start 0f964acd-6a98-4f1f-80e6-2232414a7fb4@group-E12424C69092-LeaderStateImpl
2021-09-01 14:11:31,230 [0f964acd-6a98-4f1f-80e6-2232414a7fb4@group-E12424C69092-LeaderElection15] INFO  segmented.SegmentedRaftLogWorker (SegmentedRaftLogWorker.java:startLogSegment(394)) - 0f964acd-6a98-4f1f-80e6-2232414a7fb4@group-E12424C69092-SegmentedRaftLogWorker: Starting segment from index:0
2021-09-01 14:11:31,231 [0f964acd-6a98-4f1f-80e6-2232414a7fb4@group-E12424C69092-SegmentedRaftLogWorker] INFO  segmented.SegmentedRaftLogWorker (SegmentedRaftLogWorker.java:execute(601)) - 0f964acd-6a98-4f1f-80e6-2232414a7fb4@group-E12424C69092-SegmentedRaftLogWorker: created new log segment /home/runner/work/ozone/ozone/hadoop-ozone/integration-test/target/test-dir/MiniOzoneClusterImpl-ade41b4a-42d1-4ce8-adde-039c2ad4b32e/datanode-1/data/ratis/3bc9b6b5-ccb2-45b8-88c4-e12424c69092/current/log_inprogress_0
2021-09-01 14:11:31,234 [0f964acd-6a98-4f1f-80e6-2232414a7fb4@group-E12424C69092-LeaderElection15] INFO  server.RaftServer$Division (ServerState.java:setRaftConf(387)) - 0f964acd-6a98-4f1f-80e6-2232414a7fb4@group-E12424C69092: set configuration 0: [0f964acd-6a98-4f1f-80e6-2232414a7fb4|rpc:10.1.0.27:39297|dataStream:|priority:1], old=null
2021-09-01 14:11:31,245 [EventQueue-OpenPipelineForHealthyPipelineSafeModeRule] INFO  safemode.SCMSafeModeManager (HealthyPipelineSafeModeRule.java:process(124)) - SCM in safe mode. Healthy pipelines reported count is 0, required healthy pipeline reported count is 1
2021-09-01 14:11:31,419 [Listener at 127.0.0.1/44153] INFO  ozone.MiniOzoneClusterImpl (MiniOzoneClusterImpl.java:lambda$waitForClusterToBeReady$0(235)) - Nodes are ready. Got 6 of 6 DN Heartbeats.
2021-09-01 14:11:31,419 [Listener at 127.0.0.1/44153] INFO  ozone.MiniOzoneClusterImpl (MiniOzoneClusterImpl.java:lambda$waitForClusterToBeReady$0(238)) - Waiting for cluster to exit safe mode
2021-09-01 14:11:31,419 [Listener at 127.0.0.1/44153] INFO  ozone.MiniOzoneClusterImpl (MiniOzoneClusterImpl.java:lambda$waitForClusterToBeReady$0(240)) - SCM became leader
2021-09-01 14:11:31,437 [EventQueue-OpenPipelineForHealthyPipelineSafeModeRule] INFO  safemode.SCMSafeModeManager (HealthyPipelineSafeModeRule.java:process(124)) - SCM in safe mode. Healthy pipelines reported count is 0, required healthy pipeline reported count is 1
2021-09-01 14:11:31,668 [ReplicationMonitor] INFO  container.ReplicationManager (ReplicationManager.java:processAll(359)) - Replication Monitor Thread took 0 milliseconds for processing 0 containers.
2021-09-01 14:11:31,985 [DatanodeAdminManager-0] INFO  node.DatanodeAdminMonitorImpl (DatanodeAdminMonitorImpl.java:run(136)) - There are 1 nodes tracked for decommission and maintenance. 0 pending nodes.
2021-09-01 14:11:32,008 [ReplicationMonitor] INFO  container.ReplicationManager (ReplicationManager.java:processAll(359)) - Replication Monitor Thread took 0 milliseconds for processing 3 containers.
2021-09-01 14:11:32,103 [EventQueue-OpenPipelineForHealthyPipelineSafeModeRule] INFO  safemode.SCMSafeModeManager (HealthyPipelineSafeModeRule.java:process(124)) - SCM in safe mode. Healthy pipelines reported count is 0, required healthy pipeline reported count is 1
2021-09-01 14:11:32,115 [c4d6a0cb-d450-4943-aeb6-b38ae00f646d@group-61838D733805-FollowerState] INFO  impl.FollowerState (FollowerState.java:run(134)) - c4d6a0cb-d450-4943-aeb6-b38ae00f646d@group-61838D733805-FollowerState: change to CANDIDATE, lastRpcElapsedTime:5164025708ns, electionTimeout:5162ms
2021-09-01 14:11:32,115 [c4d6a0cb-d450-4943-aeb6-b38ae00f646d@group-61838D733805-FollowerState] INFO  impl.RoleInfo (RoleInfo.java:shutdownFollowerState(108)) - c4d6a0cb-d450-4943-aeb6-b38ae00f646d: shutdown c4d6a0cb-d450-4943-aeb6-b38ae00f646d@group-61838D733805-FollowerState
2021-09-01 14:11:32,115 [c4d6a0cb-d450-4943-aeb6-b38ae00f646d@group-61838D733805-FollowerState] INFO  server.RaftServer$Division (RaftServerImpl.java:setRole(285)) - c4d6a0cb-d450-4943-aeb6-b38ae00f646d@group-61838D733805: changes role from  FOLLOWER to CANDIDATE at term 0 for changeToCandidate
2021-09-01 14:11:32,115 [c4d6a0cb-d450-4943-aeb6-b38ae00f646d@group-61838D733805-FollowerState] INFO  server.RaftServerConfigKeys (ConfUtils.java:logGet(44)) - raft.server.leaderelection.pre-vote = false (custom)
2021-09-01 14:11:32,115 [c4d6a0cb-d450-4943-aeb6-b38ae00f646d@group-61838D733805-FollowerState] INFO  impl.RoleInfo (RoleInfo.java:updateAndGet(130)) - c4d6a0cb-d450-4943-aeb6-b38ae00f646d: start c4d6a0cb-d450-4943-aeb6-b38ae00f646d@group-61838D733805-LeaderElection16
2021-09-01 14:11:32,120 [c4d6a0cb-d450-4943-aeb6-b38ae00f646d@group-61838D733805-LeaderElection16] INFO  impl.LeaderElection (LeaderElection.java:askForVotes(306)) - c4d6a0cb-d450-4943-aeb6-b38ae00f646d@group-61838D733805-LeaderElection16 ELECTION round 0: submit vote requests at term 1 for -1: [c4d6a0cb-d450-4943-aeb6-b38ae00f646d|rpc:10.1.0.27:33205|priority:1], old=null
2021-09-01 14:11:32,120 [c4d6a0cb-d450-4943-aeb6-b38ae00f646d@group-61838D733805-LeaderElection16] INFO  impl.LeaderElection (LeaderElection.java:askForVotes(308)) - c4d6a0cb-d450-4943-aeb6-b38ae00f646d@group-61838D733805-LeaderElection16 ELECTION round 0: result PASSED (term=1)
2021-09-01 14:11:32,120 [c4d6a0cb-d450-4943-aeb6-b38ae00f646d@group-61838D733805-LeaderElection16] INFO  impl.RoleInfo (RoleInfo.java:shutdownLeaderElection(121)) - c4d6a0cb-d450-4943-aeb6-b38ae00f646d: shutdown c4d6a0cb-d450-4943-aeb6-b38ae00f646d@group-61838D733805-LeaderElection16
2021-09-01 14:11:32,120 [c4d6a0cb-d450-4943-aeb6-b38ae00f646d@group-61838D733805-LeaderElection16] INFO  server.RaftServer$Division (RaftServerImpl.java:setRole(285)) - c4d6a0cb-d450-4943-aeb6-b38ae00f646d@group-61838D733805: changes role from CANDIDATE to LEADER at term 1 for changeToLeader
2021-09-01 14:11:32,120 [c4d6a0cb-d450-4943-aeb6-b38ae00f646d@group-61838D733805-LeaderElection16] INFO  ratis.XceiverServerRatis (XceiverServerRatis.java:handleLeaderChangedNotification(861)) - Leader change notification received for group: group-61838D733805 with new leaderId: c4d6a0cb-d450-4943-aeb6-b38ae00f646d
2021-09-01 14:11:32,120 [c4d6a0cb-d450-4943-aeb6-b38ae00f646d@group-61838D733805-LeaderElection16] INFO  server.RaftServer$Division (ServerState.java:setLeader(285)) - c4d6a0cb-d450-4943-aeb6-b38ae00f646d@group-61838D733805: change Leader from null to c4d6a0cb-d450-4943-aeb6-b38ae00f646d at term 1 for becomeLeader, leader elected after 5234ms
2021-09-01 14:11:32,120 [c4d6a0cb-d450-4943-aeb6-b38ae00f646d@group-61838D733805-LeaderElection16] INFO  server.RaftServerConfigKeys (ConfUtils.java:logGet(44)) - raft.server.staging.catchup.gap = 1000 (default)
2021-09-01 14:11:32,120 [Datanode State Machine Thread - 0] WARN  statemachine.StateContext (StateContext.java:execute(621)) - No available thread in pool for past 1 seconds.
2021-09-01 14:11:32,121 [c4d6a0cb-d450-4943-aeb6-b38ae00f646d@group-61838D733805-LeaderElection16] INFO  server.RaftServerConfigKeys (ConfUtils.java:logGet(44)) - raft.server.write.element-limit = 1024 (custom)
2021-09-01 14:11:32,121 [c4d6a0cb-d450-4943-aeb6-b38ae00f646d@group-61838D733805-LeaderElection16] INFO  server.RaftServerConfigKeys (ConfUtils.java:logGet(44)) - raft.server.write.byte-limit = 1024 M (=1073741824) (custom)
2021-09-01 14:11:32,121 [c4d6a0cb-d450-4943-aeb6-b38ae00f646d@group-61838D733805-LeaderElection16] INFO  server.RaftServerConfigKeys (ConfUtils.java:logGet(44)) - raft.server.watch.timeout = 180s (custom)
2021-09-01 14:11:32,122 [c4d6a0cb-d450-4943-aeb6-b38ae00f646d@group-61838D733805-LeaderElection16] INFO  server.RaftServerConfigKeys (ConfUtils.java:logGet(44)) - raft.server.watch.timeout.denomination = 1s (default)
2021-09-01 14:11:32,122 [c4d6a0cb-d450-4943-aeb6-b38ae00f646d@group-61838D733805-LeaderElection16] INFO  server.RaftServerConfigKeys (ConfUtils.java:logGet(44)) - raft.server.watch.element-limit = 65536 (default)
2021-09-01 14:11:32,122 [c4d6a0cb-d450-4943-aeb6-b38ae00f646d@group-61838D733805-LeaderElection16] INFO  impl.RoleInfo (RoleInfo.java:updateAndGet(130)) - c4d6a0cb-d450-4943-aeb6-b38ae00f646d: start c4d6a0cb-d450-4943-aeb6-b38ae00f646d@group-61838D733805-LeaderStateImpl
2021-09-01 14:11:32,122 [c4d6a0cb-d450-4943-aeb6-b38ae00f646d@group-61838D733805-LeaderElection16] INFO  segmented.SegmentedRaftLogWorker (SegmentedRaftLogWorker.java:startLogSegment(394)) - c4d6a0cb-d450-4943-aeb6-b38ae00f646d@group-61838D733805-SegmentedRaftLogWorker: Starting segment from index:0
2021-09-01 14:11:32,122 [EventQueue-OpenPipelineForHealthyPipelineSafeModeRule] INFO  safemode.SCMSafeModeManager (HealthyPipelineSafeModeRule.java:process(124)) - SCM in safe mode. Healthy pipelines reported count is 0, required healthy pipeline reported count is 1
2021-09-01 14:11:32,126 [c4d6a0cb-d450-4943-aeb6-b38ae00f646d@group-61838D733805-LeaderElection16] INFO  server.RaftServer$Division (ServerState.java:setRaftConf(387)) - c4d6a0cb-d450-4943-aeb6-b38ae00f646d@group-61838D733805: set configuration 0: [c4d6a0cb-d450-4943-aeb6-b38ae00f646d|rpc:10.1.0.27:33205|dataStream:|priority:1], old=null
2021-09-01 14:11:32,127 [c4d6a0cb-d450-4943-aeb6-b38ae00f646d@group-61838D733805-SegmentedRaftLogWorker] INFO  segmented.SegmentedRaftLogWorker (SegmentedRaftLogWorker.java:execute(601)) - c4d6a0cb-d450-4943-aeb6-b38ae00f646d@group-61838D733805-SegmentedRaftLogWorker: created new log segment /home/runner/work/ozone/ozone/hadoop-ozone/integration-test/target/test-dir/MiniOzoneClusterImpl-ade41b4a-42d1-4ce8-adde-039c2ad4b32e/datanode-2/data/ratis/8d50441c-44b6-4c12-8fca-61838d733805/current/log_inprogress_0
2021-09-01 14:11:32,180 [5b3e2d2c-648b-402a-a457-d38acf1cc2f9@group-033642DB8999-FollowerState] INFO  impl.FollowerState (FollowerState.java:run(134)) - 5b3e2d2c-648b-402a-a457-d38acf1cc2f9@group-033642DB8999-FollowerState: change to CANDIDATE, lastRpcElapsedTime:5008044299ns, electionTimeout:5007ms
2021-09-01 14:11:32,180 [5b3e2d2c-648b-402a-a457-d38acf1cc2f9@group-033642DB8999-FollowerState] INFO  impl.RoleInfo (RoleInfo.java:shutdownFollowerState(108)) - 5b3e2d2c-648b-402a-a457-d38acf1cc2f9: shutdown 5b3e2d2c-648b-402a-a457-d38acf1cc2f9@group-033642DB8999-FollowerState
2021-09-01 14:11:32,180 [5b3e2d2c-648b-402a-a457-d38acf1cc2f9@group-033642DB8999-FollowerState] INFO  server.RaftServer$Division (RaftServerImpl.java:setRole(285)) - 5b3e2d2c-648b-402a-a457-d38acf1cc2f9@group-033642DB8999: changes role from  FOLLOWER to CANDIDATE at term 0 for changeToCandidate
2021-09-01 14:11:32,180 [5b3e2d2c-648b-402a-a457-d38acf1cc2f9@group-033642DB8999-FollowerState] INFO  server.RaftServerConfigKeys (ConfUtils.java:logGet(44)) - raft.server.leaderelection.pre-vote = false (custom)
2021-09-01 14:11:32,180 [5b3e2d2c-648b-402a-a457-d38acf1cc2f9@group-033642DB8999-FollowerState] INFO  impl.RoleInfo (RoleInfo.java:updateAndGet(130)) - 5b3e2d2c-648b-402a-a457-d38acf1cc2f9: start 5b3e2d2c-648b-402a-a457-d38acf1cc2f9@group-033642DB8999-LeaderElection17
2021-09-01 14:11:32,187 [44d9a463-e606-45f4-b26f-9a0dec6122aa@group-033642DB8999-FollowerState] INFO  impl.FollowerState (FollowerState.java:run(134)) - 44d9a463-e606-45f4-b26f-9a0dec6122aa@group-033642DB8999-FollowerState: change to CANDIDATE, lastRpcElapsedTime:5074537183ns, electionTimeout:5072ms
2021-09-01 14:11:32,188 [44d9a463-e606-45f4-b26f-9a0dec6122aa@group-033642DB8999-FollowerState] INFO  impl.RoleInfo (RoleInfo.java:shutdownFollowerState(108)) - 44d9a463-e606-45f4-b26f-9a0dec6122aa: shutdown 44d9a463-e606-45f4-b26f-9a0dec6122aa@group-033642DB8999-FollowerState
2021-09-01 14:11:32,188 [44d9a463-e606-45f4-b26f-9a0dec6122aa@group-033642DB8999-FollowerState] INFO  server.RaftServer$Division (RaftServerImpl.java:setRole(285)) - 44d9a463-e606-45f4-b26f-9a0dec6122aa@group-033642DB8999: changes role from  FOLLOWER to CANDIDATE at term 0 for changeToCandidate
2021-09-01 14:11:32,188 [44d9a463-e606-45f4-b26f-9a0dec6122aa@group-033642DB8999-FollowerState] INFO  server.RaftServerConfigKeys (ConfUtils.java:logGet(44)) - raft.server.leaderelection.pre-vote = false (custom)
2021-09-01 14:11:32,188 [44d9a463-e606-45f4-b26f-9a0dec6122aa@group-033642DB8999-FollowerState] INFO  impl.RoleInfo (RoleInfo.java:updateAndGet(130)) - 44d9a463-e606-45f4-b26f-9a0dec6122aa: start 44d9a463-e606-45f4-b26f-9a0dec6122aa@group-033642DB8999-LeaderElection18
2021-09-01 14:11:32,192 [5b3e2d2c-648b-402a-a457-d38acf1cc2f9@group-033642DB8999-LeaderElection17] INFO  impl.LeaderElection (LeaderElection.java:askForVotes(306)) - 5b3e2d2c-648b-402a-a457-d38acf1cc2f9@group-033642DB8999-LeaderElection17 ELECTION round 0: submit vote requests at term 1 for -1: [5b3e2d2c-648b-402a-a457-d38acf1cc2f9|rpc:10.1.0.27:42361|dataStream:|priority:0, 5f4ce7d7-9eea-43d1-b933-2c22a00d0a16|rpc:10.1.0.27:33785|dataStream:|priority:0, 44d9a463-e606-45f4-b26f-9a0dec6122aa|rpc:10.1.0.27:36785|dataStream:|priority:1], old=null
2021-09-01 14:11:32,193 [44d9a463-e606-45f4-b26f-9a0dec6122aa@group-033642DB8999-LeaderElection18] INFO  impl.LeaderElection (LeaderElection.java:askForVotes(306)) - 44d9a463-e606-45f4-b26f-9a0dec6122aa@group-033642DB8999-LeaderElection18 ELECTION round 0: submit vote requests at term 1 for -1: [5b3e2d2c-648b-402a-a457-d38acf1cc2f9|rpc:10.1.0.27:42361|priority:0, 5f4ce7d7-9eea-43d1-b933-2c22a00d0a16|rpc:10.1.0.27:33785|priority:0, 44d9a463-e606-45f4-b26f-9a0dec6122aa|rpc:10.1.0.27:36785|priority:1], old=null
2021-09-01 14:11:32,203 [grpc-default-executor-1] INFO  server.RaftServer$Division (RaftServerImpl.java:requestVote(1043)) - 5f4ce7d7-9eea-43d1-b933-2c22a00d0a16@group-033642DB8999: receive requestVote(ELECTION, 5b3e2d2c-648b-402a-a457-d38acf1cc2f9, group-033642DB8999, 1, (t:0, i:0))
2021-09-01 14:11:32,204 [grpc-default-executor-1] INFO  impl.VoteContext (VoteContext.java:log(48)) - 5f4ce7d7-9eea-43d1-b933-2c22a00d0a16@group-033642DB8999-FOLLOWER: accept ELECTION from 5b3e2d2c-648b-402a-a457-d38acf1cc2f9: our priority 0 <= candidate's priority 0
2021-09-01 14:11:32,204 [grpc-default-executor-1] INFO  server.RaftServer$Division (RaftServerImpl.java:setRole(285)) - 5f4ce7d7-9eea-43d1-b933-2c22a00d0a16@group-033642DB8999: changes role from  FOLLOWER to FOLLOWER at term 1 for candidate:5b3e2d2c-648b-402a-a457-d38acf1cc2f9
2021-09-01 14:11:32,204 [grpc-default-executor-1] INFO  impl.RoleInfo (RoleInfo.java:shutdownFollowerState(108)) - 5f4ce7d7-9eea-43d1-b933-2c22a00d0a16: shutdown 5f4ce7d7-9eea-43d1-b933-2c22a00d0a16@group-033642DB8999-FollowerState
2021-09-01 14:11:32,204 [grpc-default-executor-1] INFO  impl.RoleInfo (RoleInfo.java:updateAndGet(130)) - 5f4ce7d7-9eea-43d1-b933-2c22a00d0a16: start 5f4ce7d7-9eea-43d1-b933-2c22a00d0a16@group-033642DB8999-FollowerState
2021-09-01 14:11:32,204 [5f4ce7d7-9eea-43d1-b933-2c22a00d0a16@group-033642DB8999-FollowerState] INFO  impl.FollowerState (FollowerState.java:run(143)) - 5f4ce7d7-9eea-43d1-b933-2c22a00d0a16@group-033642DB8999-FollowerState was interrupted: {}
java.lang.InterruptedException: sleep interrupted
	at java.lang.Thread.sleep(Native Method)
	at java.lang.Thread.sleep(Thread.java:340)
	at java.util.concurrent.TimeUnit.sleep(TimeUnit.java:386)
	at org.apache.ratis.util.TimeDuration.sleep(TimeDuration.java:324)
	at org.apache.ratis.util.TimeDuration.sleep(TimeDuration.java:309)
	at org.apache.ratis.server.impl.FollowerState.run(FollowerState.java:118)
2021-09-01 14:11:32,206 [grpc-default-executor-1] INFO  server.RaftServer$Division (RaftServerImpl.java:requestVote(1075)) - 5f4ce7d7-9eea-43d1-b933-2c22a00d0a16@group-033642DB8999 replies to ELECTION vote request: 5b3e2d2c-648b-402a-a457-d38acf1cc2f9<-5f4ce7d7-9eea-43d1-b933-2c22a00d0a16#0:OK-t1. Peer's state: 5f4ce7d7-9eea-43d1-b933-2c22a00d0a16@group-033642DB8999:t1, leader=null, voted=5b3e2d2c-648b-402a-a457-d38acf1cc2f9, raftlog=5f4ce7d7-9eea-43d1-b933-2c22a00d0a16@group-033642DB8999-SegmentedRaftLog:OPENED:c-1,f-1,i0, conf=-1: [5b3e2d2c-648b-402a-a457-d38acf1cc2f9|rpc:10.1.0.27:42361|dataStream:|priority:0, 5f4ce7d7-9eea-43d1-b933-2c22a00d0a16|rpc:10.1.0.27:33785|dataStream:|priority:0, 44d9a463-e606-45f4-b26f-9a0dec6122aa|rpc:10.1.0.27:36785|dataStream:|priority:1], old=null
2021-09-01 14:11:32,207 [grpc-default-executor-2] INFO  server.RaftServer$Division (RaftServerImpl.java:requestVote(1043)) - 44d9a463-e606-45f4-b26f-9a0dec6122aa@group-033642DB8999: receive requestVote(ELECTION, 5b3e2d2c-648b-402a-a457-d38acf1cc2f9, group-033642DB8999, 1, (t:0, i:0))
2021-09-01 14:11:32,207 [grpc-default-executor-2] INFO  impl.VoteContext (VoteContext.java:log(48)) - 44d9a463-e606-45f4-b26f-9a0dec6122aa@group-033642DB8999-CANDIDATE: reject ELECTION from 5b3e2d2c-648b-402a-a457-d38acf1cc2f9: already has voted for 44d9a463-e606-45f4-b26f-9a0dec6122aa at current term 1
2021-09-01 14:11:32,213 [grpc-default-executor-2] INFO  server.RaftServer$Division (RaftServerImpl.java:requestVote(1075)) - 44d9a463-e606-45f4-b26f-9a0dec6122aa@group-033642DB8999 replies to ELECTION vote request: 5b3e2d2c-648b-402a-a457-d38acf1cc2f9<-44d9a463-e606-45f4-b26f-9a0dec6122aa#0:FAIL-t1. Peer's state: 44d9a463-e606-45f4-b26f-9a0dec6122aa@group-033642DB8999:t1, leader=null, voted=44d9a463-e606-45f4-b26f-9a0dec6122aa, raftlog=44d9a463-e606-45f4-b26f-9a0dec6122aa@group-033642DB8999-SegmentedRaftLog:OPENED:c-1,f-1,i0, conf=-1: [5b3e2d2c-648b-402a-a457-d38acf1cc2f9|rpc:10.1.0.27:42361|priority:0, 5f4ce7d7-9eea-43d1-b933-2c22a00d0a16|rpc:10.1.0.27:33785|priority:0, 44d9a463-e606-45f4-b26f-9a0dec6122aa|rpc:10.1.0.27:36785|priority:1], old=null
2021-09-01 14:11:32,214 [grpc-default-executor-3] INFO  server.RaftServer$Division (RaftServerImpl.java:requestVote(1043)) - 5b3e2d2c-648b-402a-a457-d38acf1cc2f9@group-033642DB8999: receive requestVote(ELECTION, 44d9a463-e606-45f4-b26f-9a0dec6122aa, group-033642DB8999, 1, (t:0, i:0))
2021-09-01 14:11:32,214 [grpc-default-executor-0] INFO  server.RaftServer$Division (RaftServerImpl.java:requestVote(1043)) - 5f4ce7d7-9eea-43d1-b933-2c22a00d0a16@group-033642DB8999: receive requestVote(ELECTION, 44d9a463-e606-45f4-b26f-9a0dec6122aa, group-033642DB8999, 1, (t:0, i:0))
2021-09-01 14:11:32,216 [grpc-default-executor-3] INFO  impl.VoteContext (VoteContext.java:log(48)) - 5b3e2d2c-648b-402a-a457-d38acf1cc2f9@group-033642DB8999-CANDIDATE: reject ELECTION from 44d9a463-e606-45f4-b26f-9a0dec6122aa: already has voted for 5b3e2d2c-648b-402a-a457-d38acf1cc2f9 at current term 1
2021-09-01 14:11:32,216 [grpc-default-executor-3] INFO  server.RaftServer$Division (RaftServerImpl.java:requestVote(1075)) - 5b3e2d2c-648b-402a-a457-d38acf1cc2f9@group-033642DB8999 replies to ELECTION vote request: 44d9a463-e606-45f4-b26f-9a0dec6122aa<-5b3e2d2c-648b-402a-a457-d38acf1cc2f9#0:FAIL-t1. Peer's state: 5b3e2d2c-648b-402a-a457-d38acf1cc2f9@group-033642DB8999:t1, leader=null, voted=5b3e2d2c-648b-402a-a457-d38acf1cc2f9, raftlog=5b3e2d2c-648b-402a-a457-d38acf1cc2f9@group-033642DB8999-SegmentedRaftLog:OPENED:c-1,f-1,i0, conf=-1: [5b3e2d2c-648b-402a-a457-d38acf1cc2f9|rpc:10.1.0.27:42361|dataStream:|priority:0, 5f4ce7d7-9eea-43d1-b933-2c22a00d0a16|rpc:10.1.0.27:33785|dataStream:|priority:0, 44d9a463-e606-45f4-b26f-9a0dec6122aa|rpc:10.1.0.27:36785|dataStream:|priority:1], old=null
2021-09-01 14:11:32,216 [grpc-default-executor-0] INFO  impl.VoteContext (VoteContext.java:log(48)) - 5f4ce7d7-9eea-43d1-b933-2c22a00d0a16@group-033642DB8999-FOLLOWER: reject ELECTION from 44d9a463-e606-45f4-b26f-9a0dec6122aa: already has voted for 5b3e2d2c-648b-402a-a457-d38acf1cc2f9 at current term 1
2021-09-01 14:11:32,216 [5b3e2d2c-648b-402a-a457-d38acf1cc2f9@group-033642DB8999-LeaderElection17] INFO  impl.LeaderElection (LeaderElection.java:logAndReturn(89)) - 5b3e2d2c-648b-402a-a457-d38acf1cc2f9@group-033642DB8999-LeaderElection17: ELECTION REJECTED received 2 response(s) and 0 exception(s):
2021-09-01 14:11:32,216 [grpc-default-executor-0] INFO  server.RaftServer$Division (RaftServerImpl.java:requestVote(1075)) - 5f4ce7d7-9eea-43d1-b933-2c22a00d0a16@group-033642DB8999 replies to ELECTION vote request: 44d9a463-e606-45f4-b26f-9a0dec6122aa<-5f4ce7d7-9eea-43d1-b933-2c22a00d0a16#0:FAIL-t1. Peer's state: 5f4ce7d7-9eea-43d1-b933-2c22a00d0a16@group-033642DB8999:t1, leader=null, voted=5b3e2d2c-648b-402a-a457-d38acf1cc2f9, raftlog=5f4ce7d7-9eea-43d1-b933-2c22a00d0a16@group-033642DB8999-SegmentedRaftLog:OPENED:c-1,f-1,i0, conf=-1: [5b3e2d2c-648b-402a-a457-d38acf1cc2f9|rpc:10.1.0.27:42361|dataStream:|priority:0, 5f4ce7d7-9eea-43d1-b933-2c22a00d0a16|rpc:10.1.0.27:33785|dataStream:|priority:0, 44d9a463-e606-45f4-b26f-9a0dec6122aa|rpc:10.1.0.27:36785|dataStream:|priority:1], old=null
2021-09-01 14:11:32,216 [5b3e2d2c-648b-402a-a457-d38acf1cc2f9@group-033642DB8999-LeaderElection17] INFO  impl.LeaderElection (LeaderElection.java:logAndReturn(93)) -   Response 0: 5b3e2d2c-648b-402a-a457-d38acf1cc2f9<-5f4ce7d7-9eea-43d1-b933-2c22a00d0a16#0:OK-t1
2021-09-01 14:11:32,216 [5b3e2d2c-648b-402a-a457-d38acf1cc2f9@group-033642DB8999-LeaderElection17] INFO  impl.LeaderElection (LeaderElection.java:logAndReturn(93)) -   Response 1: 5b3e2d2c-648b-402a-a457-d38acf1cc2f9<-44d9a463-e606-45f4-b26f-9a0dec6122aa#0:FAIL-t1
2021-09-01 14:11:32,216 [5b3e2d2c-648b-402a-a457-d38acf1cc2f9@group-033642DB8999-LeaderElection17] INFO  impl.LeaderElection (LeaderElection.java:askForVotes(308)) - 5b3e2d2c-648b-402a-a457-d38acf1cc2f9@group-033642DB8999-LeaderElection17 ELECTION round 0: result REJECTED
2021-09-01 14:11:32,217 [5b3e2d2c-648b-402a-a457-d38acf1cc2f9@group-033642DB8999-LeaderElection17] INFO  server.RaftServer$Division (RaftServerImpl.java:setRole(285)) - 5b3e2d2c-648b-402a-a457-d38acf1cc2f9@group-033642DB8999: changes role from CANDIDATE to FOLLOWER at term 1 for REJECTED
2021-09-01 14:11:32,217 [5b3e2d2c-648b-402a-a457-d38acf1cc2f9@group-033642DB8999-LeaderElection17] INFO  impl.RoleInfo (RoleInfo.java:shutdownLeaderElection(121)) - 5b3e2d2c-648b-402a-a457-d38acf1cc2f9: shutdown 5b3e2d2c-648b-402a-a457-d38acf1cc2f9@group-033642DB8999-LeaderElection17
2021-09-01 14:11:32,217 [5b3e2d2c-648b-402a-a457-d38acf1cc2f9@group-033642DB8999-LeaderElection17] INFO  impl.RoleInfo (RoleInfo.java:updateAndGet(130)) - 5b3e2d2c-648b-402a-a457-d38acf1cc2f9: start 5b3e2d2c-648b-402a-a457-d38acf1cc2f9@group-033642DB8999-FollowerState
2021-09-01 14:11:32,225 [44d9a463-e606-45f4-b26f-9a0dec6122aa@group-033642DB8999-LeaderElection18] INFO  impl.LeaderElection (LeaderElection.java:logAndReturn(89)) - 44d9a463-e606-45f4-b26f-9a0dec6122aa@group-033642DB8999-LeaderElection18: ELECTION REJECTED received 2 response(s) and 0 exception(s):
2021-09-01 14:11:32,225 [44d9a463-e606-45f4-b26f-9a0dec6122aa@group-033642DB8999-LeaderElection18] INFO  impl.LeaderElection (LeaderElection.java:logAndReturn(93)) -   Response 0: 44d9a463-e606-45f4-b26f-9a0dec6122aa<-5b3e2d2c-648b-402a-a457-d38acf1cc2f9#0:FAIL-t1
2021-09-01 14:11:32,225 [44d9a463-e606-45f4-b26f-9a0dec6122aa@group-033642DB8999-LeaderElection18] INFO  impl.LeaderElection (LeaderElection.java:logAndReturn(93)) -   Response 1: 44d9a463-e606-45f4-b26f-9a0dec6122aa<-5f4ce7d7-9eea-43d1-b933-2c22a00d0a16#0:FAIL-t1
2021-09-01 14:11:32,225 [44d9a463-e606-45f4-b26f-9a0dec6122aa@group-033642DB8999-LeaderElection18] INFO  impl.LeaderElection (LeaderElection.java:askForVotes(308)) - 44d9a463-e606-45f4-b26f-9a0dec6122aa@group-033642DB8999-LeaderElection18 ELECTION round 0: result REJECTED
2021-09-01 14:11:32,226 [44d9a463-e606-45f4-b26f-9a0dec6122aa@group-033642DB8999-LeaderElection18] INFO  server.RaftServer$Division (RaftServerImpl.java:setRole(285)) - 44d9a463-e606-45f4-b26f-9a0dec6122aa@group-033642DB8999: changes role from CANDIDATE to FOLLOWER at term 1 for REJECTED
2021-09-01 14:11:32,227 [44d9a463-e606-45f4-b26f-9a0dec6122aa@group-033642DB8999-LeaderElection18] INFO  impl.RoleInfo (RoleInfo.java:shutdownLeaderElection(121)) - 44d9a463-e606-45f4-b26f-9a0dec6122aa: shutdown 44d9a463-e606-45f4-b26f-9a0dec6122aa@group-033642DB8999-LeaderElection18
2021-09-01 14:11:32,227 [44d9a463-e606-45f4-b26f-9a0dec6122aa@group-033642DB8999-LeaderElection18] INFO  impl.RoleInfo (RoleInfo.java:updateAndGet(130)) - 44d9a463-e606-45f4-b26f-9a0dec6122aa: start 44d9a463-e606-45f4-b26f-9a0dec6122aa@group-033642DB8999-FollowerState
2021-09-01 14:11:32,284 [44d9a463-e606-45f4-b26f-9a0dec6122aa@group-59E501E7DE2F-FollowerState] INFO  impl.FollowerState (FollowerState.java:run(134)) - 44d9a463-e606-45f4-b26f-9a0dec6122aa@group-59E501E7DE2F-FollowerState: change to CANDIDATE, lastRpcElapsedTime:5189304480ns, electionTimeout:5188ms
2021-09-01 14:11:32,284 [44d9a463-e606-45f4-b26f-9a0dec6122aa@group-59E501E7DE2F-FollowerState] INFO  impl.RoleInfo (RoleInfo.java:shutdownFollowerState(108)) - 44d9a463-e606-45f4-b26f-9a0dec6122aa: shutdown 44d9a463-e606-45f4-b26f-9a0dec6122aa@group-59E501E7DE2F-FollowerState
2021-09-01 14:11:32,284 [44d9a463-e606-45f4-b26f-9a0dec6122aa@group-59E501E7DE2F-FollowerState] INFO  server.RaftServer$Division (RaftServerImpl.java:setRole(285)) - 44d9a463-e606-45f4-b26f-9a0dec6122aa@group-59E501E7DE2F: changes role from  FOLLOWER to CANDIDATE at term 0 for changeToCandidate
2021-09-01 14:11:32,284 [44d9a463-e606-45f4-b26f-9a0dec6122aa@group-59E501E7DE2F-FollowerState] INFO  server.RaftServerConfigKeys (ConfUtils.java:logGet(44)) - raft.server.leaderelection.pre-vote = false (custom)
2021-09-01 14:11:32,284 [44d9a463-e606-45f4-b26f-9a0dec6122aa@group-59E501E7DE2F-FollowerState] INFO  impl.RoleInfo (RoleInfo.java:updateAndGet(130)) - 44d9a463-e606-45f4-b26f-9a0dec6122aa: start 44d9a463-e606-45f4-b26f-9a0dec6122aa@group-59E501E7DE2F-LeaderElection19
2021-09-01 14:11:32,289 [44d9a463-e606-45f4-b26f-9a0dec6122aa@group-59E501E7DE2F-LeaderElection19] INFO  impl.LeaderElection (LeaderElection.java:askForVotes(306)) - 44d9a463-e606-45f4-b26f-9a0dec6122aa@group-59E501E7DE2F-LeaderElection19 ELECTION round 0: submit vote requests at term 1 for -1: [44d9a463-e606-45f4-b26f-9a0dec6122aa|rpc:10.1.0.27:36785|priority:1], old=null
2021-09-01 14:11:32,289 [44d9a463-e606-45f4-b26f-9a0dec6122aa@group-59E501E7DE2F-LeaderElection19] INFO  impl.LeaderElection (LeaderElection.java:askForVotes(308)) - 44d9a463-e606-45f4-b26f-9a0dec6122aa@group-59E501E7DE2F-LeaderElection19 ELECTION round 0: result PASSED (term=1)
2021-09-01 14:11:32,289 [44d9a463-e606-45f4-b26f-9a0dec6122aa@group-59E501E7DE2F-LeaderElection19] INFO  impl.RoleInfo (RoleInfo.java:shutdownLeaderElection(121)) - 44d9a463-e606-45f4-b26f-9a0dec6122aa: shutdown 44d9a463-e606-45f4-b26f-9a0dec6122aa@group-59E501E7DE2F-LeaderElection19
2021-09-01 14:11:32,289 [44d9a463-e606-45f4-b26f-9a0dec6122aa@group-59E501E7DE2F-LeaderElection19] INFO  server.RaftServer$Division (RaftServerImpl.java:setRole(285)) - 44d9a463-e606-45f4-b26f-9a0dec6122aa@group-59E501E7DE2F: changes role from CANDIDATE to LEADER at term 1 for changeToLeader
2021-09-01 14:11:32,289 [44d9a463-e606-45f4-b26f-9a0dec6122aa@group-59E501E7DE2F-LeaderElection19] INFO  ratis.XceiverServerRatis (XceiverServerRatis.java:handleLeaderChangedNotification(861)) - Leader change notification received for group: group-59E501E7DE2F with new leaderId: 44d9a463-e606-45f4-b26f-9a0dec6122aa
2021-09-01 14:11:32,289 [44d9a463-e606-45f4-b26f-9a0dec6122aa@group-59E501E7DE2F-LeaderElection19] INFO  server.RaftServer$Division (ServerState.java:setLeader(285)) - 44d9a463-e606-45f4-b26f-9a0dec6122aa@group-59E501E7DE2F: change Leader from null to 44d9a463-e606-45f4-b26f-9a0dec6122aa at term 1 for becomeLeader, leader elected after 5203ms
2021-09-01 14:11:32,289 [44d9a463-e606-45f4-b26f-9a0dec6122aa@group-59E501E7DE2F-LeaderElection19] INFO  server.RaftServerConfigKeys (ConfUtils.java:logGet(44)) - raft.server.staging.catchup.gap = 1000 (default)
2021-09-01 14:11:32,289 [Datanode State Machine Thread - 0] WARN  statemachine.StateContext (StateContext.java:execute(621)) - No available thread in pool for past 1 seconds.
2021-09-01 14:11:32,289 [44d9a463-e606-45f4-b26f-9a0dec6122aa@group-59E501E7DE2F-LeaderElection19] INFO  server.RaftServerConfigKeys (ConfUtils.java:logGet(44)) - raft.server.write.element-limit = 1024 (custom)
2021-09-01 14:11:32,289 [44d9a463-e606-45f4-b26f-9a0dec6122aa@group-59E501E7DE2F-LeaderElection19] INFO  server.RaftServerConfigKeys (ConfUtils.java:logGet(44)) - raft.server.write.byte-limit = 1024 M (=1073741824) (custom)
2021-09-01 14:11:32,290 [EventQueue-OpenPipelineForHealthyPipelineSafeModeRule] INFO  safemode.SCMSafeModeManager (HealthyPipelineSafeModeRule.java:process(124)) - SCM in safe mode. Healthy pipelines reported count is 0, required healthy pipeline reported count is 1
2021-09-01 14:11:32,291 [44d9a463-e606-45f4-b26f-9a0dec6122aa@group-59E501E7DE2F-LeaderElection19] INFO  server.RaftServerConfigKeys (ConfUtils.java:logGet(44)) - raft.server.watch.timeout = 180s (custom)
2021-09-01 14:11:32,291 [44d9a463-e606-45f4-b26f-9a0dec6122aa@group-59E501E7DE2F-LeaderElection19] INFO  server.RaftServerConfigKeys (ConfUtils.java:logGet(44)) - raft.server.watch.timeout.denomination = 1s (default)
2021-09-01 14:11:32,291 [44d9a463-e606-45f4-b26f-9a0dec6122aa@group-59E501E7DE2F-LeaderElection19] INFO  server.RaftServerConfigKeys (ConfUtils.java:logGet(44)) - raft.server.watch.element-limit = 65536 (default)
2021-09-01 14:11:32,291 [44d9a463-e606-45f4-b26f-9a0dec6122aa@group-59E501E7DE2F-LeaderElection19] INFO  impl.RoleInfo (RoleInfo.java:updateAndGet(130)) - 44d9a463-e606-45f4-b26f-9a0dec6122aa: start 44d9a463-e606-45f4-b26f-9a0dec6122aa@group-59E501E7DE2F-LeaderStateImpl
2021-09-01 14:11:32,291 [44d9a463-e606-45f4-b26f-9a0dec6122aa@group-59E501E7DE2F-LeaderElection19] INFO  segmented.SegmentedRaftLogWorker (SegmentedRaftLogWorker.java:startLogSegment(394)) - 44d9a463-e606-45f4-b26f-9a0dec6122aa@group-59E501E7DE2F-SegmentedRaftLogWorker: Starting segment from index:0
2021-09-01 14:11:32,293 [44d9a463-e606-45f4-b26f-9a0dec6122aa@group-59E501E7DE2F-SegmentedRaftLogWorker] INFO  segmented.SegmentedRaftLogWorker (SegmentedRaftLogWorker.java:execute(601)) - 44d9a463-e606-45f4-b26f-9a0dec6122aa@group-59E501E7DE2F-SegmentedRaftLogWorker: created new log segment /home/runner/work/ozone/ozone/hadoop-ozone/integration-test/target/test-dir/MiniOzoneClusterImpl-ade41b4a-42d1-4ce8-adde-039c2ad4b32e/datanode-3/data/ratis/3fed1152-fbbc-4757-85c6-59e501e7de2f/current/log_inprogress_0
2021-09-01 14:11:32,293 [44d9a463-e606-45f4-b26f-9a0dec6122aa@group-59E501E7DE2F-LeaderElection19] INFO  server.RaftServer$Division (ServerState.java:setRaftConf(387)) - 44d9a463-e606-45f4-b26f-9a0dec6122aa@group-59E501E7DE2F: set configuration 0: [44d9a463-e606-45f4-b26f-9a0dec6122aa|rpc:10.1.0.27:36785|dataStream:|priority:1], old=null
2021-09-01 14:11:32,419 [Listener at 127.0.0.1/44153] INFO  ozone.MiniOzoneClusterImpl (MiniOzoneClusterImpl.java:lambda$waitForClusterToBeReady$0(235)) - Nodes are ready. Got 6 of 6 DN Heartbeats.
2021-09-01 14:11:32,419 [Listener at 127.0.0.1/44153] INFO  ozone.MiniOzoneClusterImpl (MiniOzoneClusterImpl.java:lambda$waitForClusterToBeReady$0(238)) - Waiting for cluster to exit safe mode
2021-09-01 14:11:32,420 [Listener at 127.0.0.1/44153] INFO  ozone.MiniOzoneClusterImpl (MiniOzoneClusterImpl.java:lambda$waitForClusterToBeReady$0(240)) - SCM became leader
2021-09-01 14:11:32,437 [5b3e2d2c-648b-402a-a457-d38acf1cc2f9@group-2384B616F0FB-FollowerState] INFO  impl.FollowerState (FollowerState.java:run(134)) - 5b3e2d2c-648b-402a-a457-d38acf1cc2f9@group-2384B616F0FB-FollowerState: change to CANDIDATE, lastRpcElapsedTime:5183920599ns, electionTimeout:5183ms
2021-09-01 14:11:32,437 [5b3e2d2c-648b-402a-a457-d38acf1cc2f9@group-2384B616F0FB-FollowerState] INFO  impl.RoleInfo (RoleInfo.java:shutdownFollowerState(108)) - 5b3e2d2c-648b-402a-a457-d38acf1cc2f9: shutdown 5b3e2d2c-648b-402a-a457-d38acf1cc2f9@group-2384B616F0FB-FollowerState
2021-09-01 14:11:32,437 [5b3e2d2c-648b-402a-a457-d38acf1cc2f9@group-2384B616F0FB-FollowerState] INFO  server.RaftServer$Division (RaftServerImpl.java:setRole(285)) - 5b3e2d2c-648b-402a-a457-d38acf1cc2f9@group-2384B616F0FB: changes role from  FOLLOWER to CANDIDATE at term 0 for changeToCandidate
2021-09-01 14:11:32,437 [5b3e2d2c-648b-402a-a457-d38acf1cc2f9@group-2384B616F0FB-FollowerState] INFO  server.RaftServerConfigKeys (ConfUtils.java:logGet(44)) - raft.server.leaderelection.pre-vote = false (custom)
2021-09-01 14:11:32,437 [5b3e2d2c-648b-402a-a457-d38acf1cc2f9@group-2384B616F0FB-FollowerState] INFO  impl.RoleInfo (RoleInfo.java:updateAndGet(130)) - 5b3e2d2c-648b-402a-a457-d38acf1cc2f9: start 5b3e2d2c-648b-402a-a457-d38acf1cc2f9@group-2384B616F0FB-LeaderElection20
2021-09-01 14:11:32,443 [5b3e2d2c-648b-402a-a457-d38acf1cc2f9@group-2384B616F0FB-LeaderElection20] INFO  impl.LeaderElection (LeaderElection.java:askForVotes(306)) - 5b3e2d2c-648b-402a-a457-d38acf1cc2f9@group-2384B616F0FB-LeaderElection20 ELECTION round 0: submit vote requests at term 1 for -1: [5b3e2d2c-648b-402a-a457-d38acf1cc2f9|rpc:10.1.0.27:42361|priority:1], old=null
2021-09-01 14:11:32,443 [5b3e2d2c-648b-402a-a457-d38acf1cc2f9@group-2384B616F0FB-LeaderElection20] INFO  impl.LeaderElection (LeaderElection.java:askForVotes(308)) - 5b3e2d2c-648b-402a-a457-d38acf1cc2f9@group-2384B616F0FB-LeaderElection20 ELECTION round 0: result PASSED (term=1)
2021-09-01 14:11:32,443 [5b3e2d2c-648b-402a-a457-d38acf1cc2f9@group-2384B616F0FB-LeaderElection20] INFO  impl.RoleInfo (RoleInfo.java:shutdownLeaderElection(121)) - 5b3e2d2c-648b-402a-a457-d38acf1cc2f9: shutdown 5b3e2d2c-648b-402a-a457-d38acf1cc2f9@group-2384B616F0FB-LeaderElection20
2021-09-01 14:11:32,443 [5b3e2d2c-648b-402a-a457-d38acf1cc2f9@group-2384B616F0FB-LeaderElection20] INFO  server.RaftServer$Division (RaftServerImpl.java:setRole(285)) - 5b3e2d2c-648b-402a-a457-d38acf1cc2f9@group-2384B616F0FB: changes role from CANDIDATE to LEADER at term 1 for changeToLeader
2021-09-01 14:11:32,443 [5b3e2d2c-648b-402a-a457-d38acf1cc2f9@group-2384B616F0FB-LeaderElection20] INFO  ratis.XceiverServerRatis (XceiverServerRatis.java:handleLeaderChangedNotification(861)) - Leader change notification received for group: group-2384B616F0FB with new leaderId: 5b3e2d2c-648b-402a-a457-d38acf1cc2f9
2021-09-01 14:11:32,447 [5b3e2d2c-648b-402a-a457-d38acf1cc2f9@group-2384B616F0FB-LeaderElection20] INFO  server.RaftServer$Division (ServerState.java:setLeader(285)) - 5b3e2d2c-648b-402a-a457-d38acf1cc2f9@group-2384B616F0FB: change Leader from null to 5b3e2d2c-648b-402a-a457-d38acf1cc2f9 at term 1 for becomeLeader, leader elected after 5199ms
2021-09-01 14:11:32,447 [Datanode State Machine Thread - 0] WARN  statemachine.StateContext (StateContext.java:execute(621)) - No available thread in pool for past 1 seconds.
2021-09-01 14:11:32,447 [5b3e2d2c-648b-402a-a457-d38acf1cc2f9@group-2384B616F0FB-LeaderElection20] INFO  server.RaftServerConfigKeys (ConfUtils.java:logGet(44)) - raft.server.staging.catchup.gap = 1000 (default)
2021-09-01 14:11:32,448 [5b3e2d2c-648b-402a-a457-d38acf1cc2f9@group-2384B616F0FB-LeaderElection20] INFO  server.RaftServerConfigKeys (ConfUtils.java:logGet(44)) - raft.server.write.element-limit = 1024 (custom)
2021-09-01 14:11:32,448 [5b3e2d2c-648b-402a-a457-d38acf1cc2f9@group-2384B616F0FB-LeaderElection20] INFO  server.RaftServerConfigKeys (ConfUtils.java:logGet(44)) - raft.server.write.byte-limit = 1024 M (=1073741824) (custom)
2021-09-01 14:11:32,448 [5b3e2d2c-648b-402a-a457-d38acf1cc2f9@group-2384B616F0FB-LeaderElection20] INFO  server.RaftServerConfigKeys (ConfUtils.java:logGet(44)) - raft.server.watch.timeout = 180s (custom)
2021-09-01 14:11:32,448 [EventQueue-OpenPipelineForHealthyPipelineSafeModeRule] INFO  safemode.SCMSafeModeManager (HealthyPipelineSafeModeRule.java:process(124)) - SCM in safe mode. Healthy pipelines reported count is 0, required healthy pipeline reported count is 1
2021-09-01 14:11:32,448 [5b3e2d2c-648b-402a-a457-d38acf1cc2f9@group-2384B616F0FB-LeaderElection20] INFO  server.RaftServerConfigKeys (ConfUtils.java:logGet(44)) - raft.server.watch.timeout.denomination = 1s (default)
2021-09-01 14:11:32,448 [5b3e2d2c-648b-402a-a457-d38acf1cc2f9@group-2384B616F0FB-LeaderElection20] INFO  server.RaftServerConfigKeys (ConfUtils.java:logGet(44)) - raft.server.watch.element-limit = 65536 (default)
2021-09-01 14:11:32,449 [5b3e2d2c-648b-402a-a457-d38acf1cc2f9@group-2384B616F0FB-LeaderElection20] INFO  impl.RoleInfo (RoleInfo.java:updateAndGet(130)) - 5b3e2d2c-648b-402a-a457-d38acf1cc2f9: start 5b3e2d2c-648b-402a-a457-d38acf1cc2f9@group-2384B616F0FB-LeaderStateImpl
2021-09-01 14:11:32,449 [5b3e2d2c-648b-402a-a457-d38acf1cc2f9@group-2384B616F0FB-LeaderElection20] INFO  segmented.SegmentedRaftLogWorker (SegmentedRaftLogWorker.java:startLogSegment(394)) - 5b3e2d2c-648b-402a-a457-d38acf1cc2f9@group-2384B616F0FB-SegmentedRaftLogWorker: Starting segment from index:0
2021-09-01 14:11:32,450 [5b3e2d2c-648b-402a-a457-d38acf1cc2f9@group-2384B616F0FB-SegmentedRaftLogWorker] INFO  segmented.SegmentedRaftLogWorker (SegmentedRaftLogWorker.java:execute(601)) - 5b3e2d2c-648b-402a-a457-d38acf1cc2f9@group-2384B616F0FB-SegmentedRaftLogWorker: created new log segment /home/runner/work/ozone/ozone/hadoop-ozone/integration-test/target/test-dir/MiniOzoneClusterImpl-ade41b4a-42d1-4ce8-adde-039c2ad4b32e/datanode-4/data/ratis/c099e1c3-4881-42e3-a973-2384b616f0fb/current/log_inprogress_0
2021-09-01 14:11:32,458 [5b3e2d2c-648b-402a-a457-d38acf1cc2f9@group-2384B616F0FB-LeaderElection20] INFO  server.RaftServer$Division (ServerState.java:setRaftConf(387)) - 5b3e2d2c-648b-402a-a457-d38acf1cc2f9@group-2384B616F0FB: set configuration 0: [5b3e2d2c-648b-402a-a457-d38acf1cc2f9|rpc:10.1.0.27:42361|dataStream:|priority:1], old=null
2021-09-01 14:11:32,554 [5f4ce7d7-9eea-43d1-b933-2c22a00d0a16@group-729E798475A7-FollowerState] INFO  impl.FollowerState (FollowerState.java:run(134)) - 5f4ce7d7-9eea-43d1-b933-2c22a00d0a16@group-729E798475A7-FollowerState: change to CANDIDATE, lastRpcElapsedTime:5113609757ns, electionTimeout:5112ms
2021-09-01 14:11:32,554 [5f4ce7d7-9eea-43d1-b933-2c22a00d0a16@group-729E798475A7-FollowerState] INFO  impl.RoleInfo (RoleInfo.java:shutdownFollowerState(108)) - 5f4ce7d7-9eea-43d1-b933-2c22a00d0a16: shutdown 5f4ce7d7-9eea-43d1-b933-2c22a00d0a16@group-729E798475A7-FollowerState
2021-09-01 14:11:32,555 [5f4ce7d7-9eea-43d1-b933-2c22a00d0a16@group-729E798475A7-FollowerState] INFO  server.RaftServer$Division (RaftServerImpl.java:setRole(285)) - 5f4ce7d7-9eea-43d1-b933-2c22a00d0a16@group-729E798475A7: changes role from  FOLLOWER to CANDIDATE at term 0 for changeToCandidate
2021-09-01 14:11:32,555 [5f4ce7d7-9eea-43d1-b933-2c22a00d0a16@group-729E798475A7-FollowerState] INFO  server.RaftServerConfigKeys (ConfUtils.java:logGet(44)) - raft.server.leaderelection.pre-vote = false (custom)
2021-09-01 14:11:32,555 [5f4ce7d7-9eea-43d1-b933-2c22a00d0a16@group-729E798475A7-FollowerState] INFO  impl.RoleInfo (RoleInfo.java:updateAndGet(130)) - 5f4ce7d7-9eea-43d1-b933-2c22a00d0a16: start 5f4ce7d7-9eea-43d1-b933-2c22a00d0a16@group-729E798475A7-LeaderElection21
2021-09-01 14:11:32,559 [5f4ce7d7-9eea-43d1-b933-2c22a00d0a16@group-729E798475A7-LeaderElection21] INFO  impl.LeaderElection (LeaderElection.java:askForVotes(306)) - 5f4ce7d7-9eea-43d1-b933-2c22a00d0a16@group-729E798475A7-LeaderElection21 ELECTION round 0: submit vote requests at term 1 for -1: [5f4ce7d7-9eea-43d1-b933-2c22a00d0a16|rpc:10.1.0.27:33785|priority:1], old=null
2021-09-01 14:11:32,559 [5f4ce7d7-9eea-43d1-b933-2c22a00d0a16@group-729E798475A7-LeaderElection21] INFO  impl.LeaderElection (LeaderElection.java:askForVotes(308)) - 5f4ce7d7-9eea-43d1-b933-2c22a00d0a16@group-729E798475A7-LeaderElection21 ELECTION round 0: result PASSED (term=1)
2021-09-01 14:11:32,559 [5f4ce7d7-9eea-43d1-b933-2c22a00d0a16@group-729E798475A7-LeaderElection21] INFO  impl.RoleInfo (RoleInfo.java:shutdownLeaderElection(121)) - 5f4ce7d7-9eea-43d1-b933-2c22a00d0a16: shutdown 5f4ce7d7-9eea-43d1-b933-2c22a00d0a16@group-729E798475A7-LeaderElection21
2021-09-01 14:11:32,559 [5f4ce7d7-9eea-43d1-b933-2c22a00d0a16@group-729E798475A7-LeaderElection21] INFO  server.RaftServer$Division (RaftServerImpl.java:setRole(285)) - 5f4ce7d7-9eea-43d1-b933-2c22a00d0a16@group-729E798475A7: changes role from CANDIDATE to LEADER at term 1 for changeToLeader
2021-09-01 14:11:32,559 [5f4ce7d7-9eea-43d1-b933-2c22a00d0a16@group-729E798475A7-LeaderElection21] INFO  ratis.XceiverServerRatis (XceiverServerRatis.java:handleLeaderChangedNotification(861)) - Leader change notification received for group: group-729E798475A7 with new leaderId: 5f4ce7d7-9eea-43d1-b933-2c22a00d0a16
2021-09-01 14:11:32,559 [5f4ce7d7-9eea-43d1-b933-2c22a00d0a16@group-729E798475A7-LeaderElection21] INFO  server.RaftServer$Division (ServerState.java:setLeader(285)) - 5f4ce7d7-9eea-43d1-b933-2c22a00d0a16@group-729E798475A7: change Leader from null to 5f4ce7d7-9eea-43d1-b933-2c22a00d0a16 at term 1 for becomeLeader, leader elected after 5124ms
2021-09-01 14:11:32,559 [5f4ce7d7-9eea-43d1-b933-2c22a00d0a16@group-729E798475A7-LeaderElection21] INFO  server.RaftServerConfigKeys (ConfUtils.java:logGet(44)) - raft.server.staging.catchup.gap = 1000 (default)
2021-09-01 14:11:32,559 [Datanode State Machine Thread - 0] WARN  statemachine.StateContext (StateContext.java:execute(621)) - No available thread in pool for past 1 seconds.
2021-09-01 14:11:32,559 [5f4ce7d7-9eea-43d1-b933-2c22a00d0a16@group-729E798475A7-LeaderElection21] INFO  server.RaftServerConfigKeys (ConfUtils.java:logGet(44)) - raft.server.write.element-limit = 1024 (custom)
2021-09-01 14:11:32,560 [5f4ce7d7-9eea-43d1-b933-2c22a00d0a16@group-729E798475A7-LeaderElection21] INFO  server.RaftServerConfigKeys (ConfUtils.java:logGet(44)) - raft.server.write.byte-limit = 1024 M (=1073741824) (custom)
2021-09-01 14:11:32,560 [5f4ce7d7-9eea-43d1-b933-2c22a00d0a16@group-729E798475A7-LeaderElection21] INFO  server.RaftServerConfigKeys (ConfUtils.java:logGet(44)) - raft.server.watch.timeout = 180s (custom)
2021-09-01 14:11:32,560 [5f4ce7d7-9eea-43d1-b933-2c22a00d0a16@group-729E798475A7-LeaderElection21] INFO  server.RaftServerConfigKeys (ConfUtils.java:logGet(44)) - raft.server.watch.timeout.denomination = 1s (default)
2021-09-01 14:11:32,560 [5f4ce7d7-9eea-43d1-b933-2c22a00d0a16@group-729E798475A7-LeaderElection21] INFO  server.RaftServerConfigKeys (ConfUtils.java:logGet(44)) - raft.server.watch.element-limit = 65536 (default)
2021-09-01 14:11:32,560 [EventQueue-OpenPipelineForHealthyPipelineSafeModeRule] INFO  safemode.SCMSafeModeManager (HealthyPipelineSafeModeRule.java:process(124)) - SCM in safe mode. Healthy pipelines reported count is 0, required healthy pipeline reported count is 1
2021-09-01 14:11:32,561 [5f4ce7d7-9eea-43d1-b933-2c22a00d0a16@group-729E798475A7-LeaderElection21] INFO  impl.RoleInfo (RoleInfo.java:updateAndGet(130)) - 5f4ce7d7-9eea-43d1-b933-2c22a00d0a16: start 5f4ce7d7-9eea-43d1-b933-2c22a00d0a16@group-729E798475A7-LeaderStateImpl
2021-09-01 14:11:32,561 [5f4ce7d7-9eea-43d1-b933-2c22a00d0a16@group-729E798475A7-LeaderElection21] INFO  segmented.SegmentedRaftLogWorker (SegmentedRaftLogWorker.java:startLogSegment(394)) - 5f4ce7d7-9eea-43d1-b933-2c22a00d0a16@group-729E798475A7-SegmentedRaftLogWorker: Starting segment from index:0
2021-09-01 14:11:32,568 [5f4ce7d7-9eea-43d1-b933-2c22a00d0a16@group-729E798475A7-LeaderElection21] INFO  server.RaftServer$Division (ServerState.java:setRaftConf(387)) - 5f4ce7d7-9eea-43d1-b933-2c22a00d0a16@group-729E798475A7: set configuration 0: [5f4ce7d7-9eea-43d1-b933-2c22a00d0a16|rpc:10.1.0.27:33785|dataStream:|priority:1], old=null
2021-09-01 14:11:32,568 [5f4ce7d7-9eea-43d1-b933-2c22a00d0a16@group-729E798475A7-SegmentedRaftLogWorker] INFO  segmented.SegmentedRaftLogWorker (SegmentedRaftLogWorker.java:execute(601)) - 5f4ce7d7-9eea-43d1-b933-2c22a00d0a16@group-729E798475A7-SegmentedRaftLogWorker: created new log segment /home/runner/work/ozone/ozone/hadoop-ozone/integration-test/target/test-dir/MiniOzoneClusterImpl-ade41b4a-42d1-4ce8-adde-039c2ad4b32e/datanode-5/data/ratis/df9db3af-af24-4597-9f8c-729e798475a7/current/log_inprogress_0
2021-09-01 14:11:32,668 [ReplicationMonitor] INFO  container.ReplicationManager (ReplicationManager.java:processAll(359)) - Replication Monitor Thread took 0 milliseconds for processing 0 containers.
2021-09-01 14:11:32,985 [DatanodeAdminManager-0] INFO  node.DatanodeAdminMonitorImpl (DatanodeAdminMonitorImpl.java:run(136)) - There are 1 nodes tracked for decommission and maintenance. 0 pending nodes.
2021-09-01 14:11:32,998 [EventQueue-OpenPipelineForHealthyPipelineSafeModeRule] INFO  safemode.SCMSafeModeManager (HealthyPipelineSafeModeRule.java:process(124)) - SCM in safe mode. Healthy pipelines reported count is 0, required healthy pipeline reported count is 1
2021-09-01 14:11:33,008 [ReplicationMonitor] INFO  container.ReplicationManager (ReplicationManager.java:processAll(359)) - Replication Monitor Thread took 0 milliseconds for processing 3 containers.
2021-09-01 14:11:33,121 [EventQueue-OpenPipelineForHealthyPipelineSafeModeRule] INFO  safemode.SCMSafeModeManager (HealthyPipelineSafeModeRule.java:process(124)) - SCM in safe mode. Healthy pipelines reported count is 0, required healthy pipeline reported count is 1
2021-09-01 14:11:33,150 [EventQueue-StaleNodeForStaleNodeHandler] INFO  node.StaleNodeHandler (StaleNodeHandler.java:onMessage(58)) - Datanode 1f216d10-6a5d-4e67-b983-ab62dd80285a{ip: 10.1.0.27, host: fv-az148-824.bm4ck3pvxvsene1rjriu5fhcdb.bx.internal.cloudapp.net, ports: [REPLICATION=40941, RATIS=36441, RATIS_ADMIN=36441, RATIS_SERVER=36441, STANDALONE=46147], networkLocation: /default-rack, certSerialId: null, persistedOpState: IN_MAINTENANCE, persistedOpStateExpiryEpochSec: 0} moved to stale state. Finalizing its pipelines []
2021-09-01 14:11:33,229 [EventQueue-OpenPipelineForHealthyPipelineSafeModeRule] INFO  safemode.SCMSafeModeManager (HealthyPipelineSafeModeRule.java:process(124)) - SCM in safe mode. Healthy pipelines reported count is 0, required healthy pipeline reported count is 1
2021-09-01 14:11:33,291 [EventQueue-OpenPipelineForHealthyPipelineSafeModeRule] INFO  safemode.SCMSafeModeManager (HealthyPipelineSafeModeRule.java:process(124)) - SCM in safe mode. Healthy pipelines reported count is 0, required healthy pipeline reported count is 1
2021-09-01 14:11:33,420 [Listener at 127.0.0.1/44153] INFO  ozone.MiniOzoneClusterImpl (MiniOzoneClusterImpl.java:lambda$waitForClusterToBeReady$0(235)) - Nodes are ready. Got 6 of 6 DN Heartbeats.
2021-09-01 14:11:33,420 [Listener at 127.0.0.1/44153] INFO  ozone.MiniOzoneClusterImpl (MiniOzoneClusterImpl.java:lambda$waitForClusterToBeReady$0(238)) - Waiting for cluster to exit safe mode
2021-09-01 14:11:33,420 [Listener at 127.0.0.1/44153] INFO  ozone.MiniOzoneClusterImpl (MiniOzoneClusterImpl.java:lambda$waitForClusterToBeReady$0(240)) - SCM became leader
2021-09-01 14:11:33,560 [EventQueue-OpenPipelineForHealthyPipelineSafeModeRule] INFO  safemode.SCMSafeModeManager (HealthyPipelineSafeModeRule.java:process(124)) - SCM in safe mode. Healthy pipelines reported count is 0, required healthy pipeline reported count is 1
2021-09-01 14:11:33,669 [ReplicationMonitor] INFO  container.ReplicationManager (ReplicationManager.java:processAll(359)) - Replication Monitor Thread took 0 milliseconds for processing 0 containers.
2021-09-01 14:11:33,985 [DatanodeAdminManager-0] INFO  node.DatanodeAdminMonitorImpl (DatanodeAdminMonitorImpl.java:run(136)) - There are 1 nodes tracked for decommission and maintenance. 0 pending nodes.
2021-09-01 14:11:33,998 [EventQueue-OpenPipelineForHealthyPipelineSafeModeRule] INFO  safemode.SCMSafeModeManager (HealthyPipelineSafeModeRule.java:process(124)) - SCM in safe mode. Healthy pipelines reported count is 0, required healthy pipeline reported count is 1
2021-09-01 14:11:34,009 [ReplicationMonitor] INFO  container.ReplicationManager (ReplicationManager.java:processAll(359)) - Replication Monitor Thread took 0 milliseconds for processing 3 containers.
2021-09-01 14:11:34,121 [EventQueue-OpenPipelineForHealthyPipelineSafeModeRule] INFO  safemode.SCMSafeModeManager (HealthyPipelineSafeModeRule.java:process(124)) - SCM in safe mode. Healthy pipelines reported count is 0, required healthy pipeline reported count is 1
2021-09-01 14:11:34,229 [EventQueue-OpenPipelineForHealthyPipelineSafeModeRule] INFO  safemode.SCMSafeModeManager (HealthyPipelineSafeModeRule.java:process(124)) - SCM in safe mode. Healthy pipelines reported count is 0, required healthy pipeline reported count is 1
2021-09-01 14:11:34,420 [Listener at 127.0.0.1/44153] INFO  ozone.MiniOzoneClusterImpl (MiniOzoneClusterImpl.java:lambda$waitForClusterToBeReady$0(235)) - Nodes are ready. Got 6 of 6 DN Heartbeats.
2021-09-01 14:11:34,420 [Listener at 127.0.0.1/44153] INFO  ozone.MiniOzoneClusterImpl (MiniOzoneClusterImpl.java:lambda$waitForClusterToBeReady$0(238)) - Waiting for cluster to exit safe mode
2021-09-01 14:11:34,420 [Listener at 127.0.0.1/44153] INFO  ozone.MiniOzoneClusterImpl (MiniOzoneClusterImpl.java:lambda$waitForClusterToBeReady$0(240)) - SCM became leader
2021-09-01 14:11:34,448 [EventQueue-OpenPipelineForHealthyPipelineSafeModeRule] INFO  safemode.SCMSafeModeManager (HealthyPipelineSafeModeRule.java:process(124)) - SCM in safe mode. Healthy pipelines reported count is 0, required healthy pipeline reported count is 1
2021-09-01 14:11:34,559 [EventQueue-OpenPipelineForHealthyPipelineSafeModeRule] INFO  safemode.SCMSafeModeManager (HealthyPipelineSafeModeRule.java:process(124)) - SCM in safe mode. Healthy pipelines reported count is 0, required healthy pipeline reported count is 1
2021-09-01 14:11:34,669 [ReplicationMonitor] INFO  container.ReplicationManager (ReplicationManager.java:processAll(359)) - Replication Monitor Thread took 0 milliseconds for processing 0 containers.
2021-09-01 14:11:34,985 [DatanodeAdminManager-0] INFO  node.DatanodeAdminMonitorImpl (DatanodeAdminMonitorImpl.java:run(136)) - There are 1 nodes tracked for decommission and maintenance. 0 pending nodes.
2021-09-01 14:11:35,009 [ReplicationMonitor] INFO  container.ReplicationManager (ReplicationManager.java:processAll(359)) - Replication Monitor Thread took 0 milliseconds for processing 3 containers.
2021-09-01 14:11:35,180 [main] INFO  ozoneimpl.OzoneContainer (OzoneContainer.java:stop(326)) - Attempting to stop container services.
2021-09-01 14:11:35,182 [main] INFO  server.RaftServer (RaftServerProxy.java:lambda$close$6(391)) - 1f216d10-6a5d-4e67-b983-ab62dd80285a: close
2021-09-01 14:11:35,183 [main] INFO  server.GrpcService (GrpcService.java:closeImpl(262)) - 1f216d10-6a5d-4e67-b983-ab62dd80285a: shutdown server with port 36441 now
2021-09-01 14:11:35,188 [main] INFO  server.GrpcService (GrpcService.java:closeImpl(271)) - 1f216d10-6a5d-4e67-b983-ab62dd80285a: shutdown server with port 36441 successfully
2021-09-01 14:11:35,188 [org.apache.ratis.util.JvmPauseMonitor$$Lambda$534/1206384791@189c6cef] INFO  util.JvmPauseMonitor (JvmPauseMonitor.java:run(109)) - JvmPauseMonitor-1f216d10-6a5d-4e67-b983-ab62dd80285a: Stopped
2021-09-01 14:11:35,195 [main] INFO  utils.BackgroundService (BackgroundService.java:shutdown(132)) - Shutting down service BlockDeletingService
2021-09-01 14:11:35,229 [EventQueue-OpenPipelineForHealthyPipelineSafeModeRule] INFO  safemode.SCMSafeModeManager (HealthyPipelineSafeModeRule.java:process(124)) - SCM in safe mode. Healthy pipelines reported count is 0, required healthy pipeline reported count is 1
2021-09-01 14:11:35,291 [EventQueue-OpenPipelineForHealthyPipelineSafeModeRule] INFO  safemode.SCMSafeModeManager (HealthyPipelineSafeModeRule.java:process(124)) - SCM in safe mode. Healthy pipelines reported count is 0, required healthy pipeline reported count is 1
2021-09-01 14:11:35,420 [Listener at 127.0.0.1/44153] INFO  ozone.MiniOzoneClusterImpl (MiniOzoneClusterImpl.java:lambda$waitForClusterToBeReady$0(235)) - Nodes are ready. Got 6 of 6 DN Heartbeats.
2021-09-01 14:11:35,420 [Listener at 127.0.0.1/44153] INFO  ozone.MiniOzoneClusterImpl (MiniOzoneClusterImpl.java:lambda$waitForClusterToBeReady$0(238)) - Waiting for cluster to exit safe mode
2021-09-01 14:11:35,420 [Listener at 127.0.0.1/44153] INFO  ozone.MiniOzoneClusterImpl (MiniOzoneClusterImpl.java:lambda$waitForClusterToBeReady$0(240)) - SCM became leader
2021-09-01 14:11:35,560 [EventQueue-OpenPipelineForHealthyPipelineSafeModeRule] INFO  safemode.SCMSafeModeManager (HealthyPipelineSafeModeRule.java:process(124)) - SCM in safe mode. Healthy pipelines reported count is 0, required healthy pipeline reported count is 1
2021-09-01 14:11:35,669 [ReplicationMonitor] INFO  container.ReplicationManager (ReplicationManager.java:processAll(359)) - Replication Monitor Thread took 0 milliseconds for processing 0 containers.
2021-09-01 14:11:35,985 [DatanodeAdminManager-0] INFO  node.DatanodeAdminMonitorImpl (DatanodeAdminMonitorImpl.java:run(136)) - There are 1 nodes tracked for decommission and maintenance. 0 pending nodes.
2021-09-01 14:11:36,000 [EventQueue-OpenPipelineForHealthyPipelineSafeModeRule] INFO  safemode.SCMSafeModeManager (HealthyPipelineSafeModeRule.java:process(124)) - SCM in safe mode. Healthy pipelines reported count is 0, required healthy pipeline reported count is 1
2021-09-01 14:11:36,010 [ReplicationMonitor] INFO  container.ReplicationManager (ReplicationManager.java:processAll(359)) - Replication Monitor Thread took 0 milliseconds for processing 3 containers.
2021-09-01 14:11:36,013 [c4d6a0cb-d450-4943-aeb6-b38ae00f646d@group-F257C67CA6D7-FollowerState] INFO  impl.FollowerState (FollowerState.java:run(134)) - c4d6a0cb-d450-4943-aeb6-b38ae00f646d@group-F257C67CA6D7-FollowerState: change to CANDIDATE, lastRpcElapsedTime:5050896394ns, electionTimeout:5046ms
2021-09-01 14:11:36,013 [c4d6a0cb-d450-4943-aeb6-b38ae00f646d@group-F257C67CA6D7-FollowerState] INFO  impl.RoleInfo (RoleInfo.java:shutdownFollowerState(108)) - c4d6a0cb-d450-4943-aeb6-b38ae00f646d: shutdown c4d6a0cb-d450-4943-aeb6-b38ae00f646d@group-F257C67CA6D7-FollowerState
2021-09-01 14:11:36,013 [c4d6a0cb-d450-4943-aeb6-b38ae00f646d@group-F257C67CA6D7-FollowerState] INFO  server.RaftServer$Division (RaftServerImpl.java:setRole(285)) - c4d6a0cb-d450-4943-aeb6-b38ae00f646d@group-F257C67CA6D7: changes role from  FOLLOWER to CANDIDATE at term 1 for changeToCandidate
2021-09-01 14:11:36,013 [c4d6a0cb-d450-4943-aeb6-b38ae00f646d@group-F257C67CA6D7-FollowerState] INFO  server.RaftServerConfigKeys (ConfUtils.java:logGet(44)) - raft.server.leaderelection.pre-vote = false (custom)
2021-09-01 14:11:36,013 [c4d6a0cb-d450-4943-aeb6-b38ae00f646d@group-F257C67CA6D7-FollowerState] INFO  impl.RoleInfo (RoleInfo.java:updateAndGet(130)) - c4d6a0cb-d450-4943-aeb6-b38ae00f646d: start c4d6a0cb-d450-4943-aeb6-b38ae00f646d@group-F257C67CA6D7-LeaderElection22
2021-09-01 14:11:36,019 [c4d6a0cb-d450-4943-aeb6-b38ae00f646d@group-F257C67CA6D7-LeaderElection22] INFO  impl.LeaderElection (LeaderElection.java:askForVotes(306)) - c4d6a0cb-d450-4943-aeb6-b38ae00f646d@group-F257C67CA6D7-LeaderElection22 ELECTION round 0: submit vote requests at term 2 for -1: [f523353f-23f0-4ce1-8f0d-52852ad44ff4|rpc:10.1.0.27:39485|dataStream:|priority:0, 0f964acd-6a98-4f1f-80e6-2232414a7fb4|rpc:10.1.0.27:39297|dataStream:|priority:0, c4d6a0cb-d450-4943-aeb6-b38ae00f646d|rpc:10.1.0.27:33205|dataStream:|priority:1], old=null
2021-09-01 14:11:36,026 [grpc-default-executor-3] INFO  server.RaftServer$Division (RaftServerImpl.java:requestVote(1043)) - f523353f-23f0-4ce1-8f0d-52852ad44ff4@group-F257C67CA6D7: receive requestVote(ELECTION, c4d6a0cb-d450-4943-aeb6-b38ae00f646d, group-F257C67CA6D7, 2, (t:0, i:0))
2021-09-01 14:11:36,026 [grpc-default-executor-3] INFO  impl.VoteContext (VoteContext.java:log(48)) - f523353f-23f0-4ce1-8f0d-52852ad44ff4@group-F257C67CA6D7-FOLLOWER: accept ELECTION from c4d6a0cb-d450-4943-aeb6-b38ae00f646d: our priority 0 <= candidate's priority 1
2021-09-01 14:11:36,026 [grpc-default-executor-3] INFO  server.RaftServer$Division (RaftServerImpl.java:setRole(285)) - f523353f-23f0-4ce1-8f0d-52852ad44ff4@group-F257C67CA6D7: changes role from  FOLLOWER to FOLLOWER at term 2 for candidate:c4d6a0cb-d450-4943-aeb6-b38ae00f646d
2021-09-01 14:11:36,026 [grpc-default-executor-3] INFO  impl.RoleInfo (RoleInfo.java:shutdownFollowerState(108)) - f523353f-23f0-4ce1-8f0d-52852ad44ff4: shutdown f523353f-23f0-4ce1-8f0d-52852ad44ff4@group-F257C67CA6D7-FollowerState
2021-09-01 14:11:36,027 [grpc-default-executor-3] INFO  impl.RoleInfo (RoleInfo.java:updateAndGet(130)) - f523353f-23f0-4ce1-8f0d-52852ad44ff4: start f523353f-23f0-4ce1-8f0d-52852ad44ff4@group-F257C67CA6D7-FollowerState
2021-09-01 14:11:36,027 [f523353f-23f0-4ce1-8f0d-52852ad44ff4@group-F257C67CA6D7-FollowerState] INFO  impl.FollowerState (FollowerState.java:run(143)) - f523353f-23f0-4ce1-8f0d-52852ad44ff4@group-F257C67CA6D7-FollowerState was interrupted: {}
java.lang.InterruptedException: sleep interrupted
	at java.lang.Thread.sleep(Native Method)
	at java.lang.Thread.sleep(Thread.java:340)
	at java.util.concurrent.TimeUnit.sleep(TimeUnit.java:386)
	at org.apache.ratis.util.TimeDuration.sleep(TimeDuration.java:324)
	at org.apache.ratis.util.TimeDuration.sleep(TimeDuration.java:309)
	at org.apache.ratis.server.impl.FollowerState.run(FollowerState.java:118)
2021-09-01 14:11:36,029 [grpc-default-executor-3] INFO  server.RaftServer$Division (RaftServerImpl.java:requestVote(1075)) - f523353f-23f0-4ce1-8f0d-52852ad44ff4@group-F257C67CA6D7 replies to ELECTION vote request: c4d6a0cb-d450-4943-aeb6-b38ae00f646d<-f523353f-23f0-4ce1-8f0d-52852ad44ff4#0:OK-t2. Peer's state: f523353f-23f0-4ce1-8f0d-52852ad44ff4@group-F257C67CA6D7:t2, leader=null, voted=c4d6a0cb-d450-4943-aeb6-b38ae00f646d, raftlog=f523353f-23f0-4ce1-8f0d-52852ad44ff4@group-F257C67CA6D7-SegmentedRaftLog:OPENED:c-1,f-1,i0, conf=-1: [f523353f-23f0-4ce1-8f0d-52852ad44ff4|rpc:10.1.0.27:39485|priority:0, 0f964acd-6a98-4f1f-80e6-2232414a7fb4|rpc:10.1.0.27:39297|priority:0, c4d6a0cb-d450-4943-aeb6-b38ae00f646d|rpc:10.1.0.27:33205|priority:1], old=null
2021-09-01 14:11:36,032 [grpc-default-executor-3] INFO  server.RaftServer$Division (RaftServerImpl.java:requestVote(1043)) - 0f964acd-6a98-4f1f-80e6-2232414a7fb4@group-F257C67CA6D7: receive requestVote(ELECTION, c4d6a0cb-d450-4943-aeb6-b38ae00f646d, group-F257C67CA6D7, 2, (t:0, i:0))
2021-09-01 14:11:36,032 [grpc-default-executor-3] INFO  impl.VoteContext (VoteContext.java:log(48)) - 0f964acd-6a98-4f1f-80e6-2232414a7fb4@group-F257C67CA6D7-FOLLOWER: accept ELECTION from c4d6a0cb-d450-4943-aeb6-b38ae00f646d: our priority 0 <= candidate's priority 1
2021-09-01 14:11:36,032 [grpc-default-executor-3] INFO  server.RaftServer$Division (RaftServerImpl.java:setRole(285)) - 0f964acd-6a98-4f1f-80e6-2232414a7fb4@group-F257C67CA6D7: changes role from  FOLLOWER to FOLLOWER at term 2 for candidate:c4d6a0cb-d450-4943-aeb6-b38ae00f646d
2021-09-01 14:11:36,032 [grpc-default-executor-3] INFO  impl.RoleInfo (RoleInfo.java:shutdownFollowerState(108)) - 0f964acd-6a98-4f1f-80e6-2232414a7fb4: shutdown 0f964acd-6a98-4f1f-80e6-2232414a7fb4@group-F257C67CA6D7-FollowerState
2021-09-01 14:11:36,032 [grpc-default-executor-3] INFO  impl.RoleInfo (RoleInfo.java:updateAndGet(130)) - 0f964acd-6a98-4f1f-80e6-2232414a7fb4: start 0f964acd-6a98-4f1f-80e6-2232414a7fb4@group-F257C67CA6D7-FollowerState
2021-09-01 14:11:36,032 [0f964acd-6a98-4f1f-80e6-2232414a7fb4@group-F257C67CA6D7-FollowerState] INFO  impl.FollowerState (FollowerState.java:run(143)) - 0f964acd-6a98-4f1f-80e6-2232414a7fb4@group-F257C67CA6D7-FollowerState was interrupted: {}
java.lang.InterruptedException: sleep interrupted
	at java.lang.Thread.sleep(Native Method)
	at java.lang.Thread.sleep(Thread.java:340)
	at java.util.concurrent.TimeUnit.sleep(TimeUnit.java:386)
	at org.apache.ratis.util.TimeDuration.sleep(TimeDuration.java:324)
	at org.apache.ratis.util.TimeDuration.sleep(TimeDuration.java:309)
	at org.apache.ratis.server.impl.FollowerState.run(FollowerState.java:118)
2021-09-01 14:11:36,038 [grpc-default-executor-3] INFO  server.RaftServer$Division (RaftServerImpl.java:requestVote(1075)) - 0f964acd-6a98-4f1f-80e6-2232414a7fb4@group-F257C67CA6D7 replies to ELECTION vote request: c4d6a0cb-d450-4943-aeb6-b38ae00f646d<-0f964acd-6a98-4f1f-80e6-2232414a7fb4#0:OK-t2. Peer's state: 0f964acd-6a98-4f1f-80e6-2232414a7fb4@group-F257C67CA6D7:t2, leader=null, voted=c4d6a0cb-d450-4943-aeb6-b38ae00f646d, raftlog=0f964acd-6a98-4f1f-80e6-2232414a7fb4@group-F257C67CA6D7-SegmentedRaftLog:OPENED:c-1,f-1,i0, conf=-1: [f523353f-23f0-4ce1-8f0d-52852ad44ff4|rpc:10.1.0.27:39485|dataStream:|priority:0, 0f964acd-6a98-4f1f-80e6-2232414a7fb4|rpc:10.1.0.27:39297|dataStream:|priority:0, c4d6a0cb-d450-4943-aeb6-b38ae00f646d|rpc:10.1.0.27:33205|dataStream:|priority:1], old=null
2021-09-01 14:11:36,041 [c4d6a0cb-d450-4943-aeb6-b38ae00f646d@group-F257C67CA6D7-LeaderElection22] INFO  impl.LeaderElection (LeaderElection.java:logAndReturn(89)) - c4d6a0cb-d450-4943-aeb6-b38ae00f646d@group-F257C67CA6D7-LeaderElection22: ELECTION PASSED received 1 response(s) and 0 exception(s):
2021-09-01 14:11:36,041 [c4d6a0cb-d450-4943-aeb6-b38ae00f646d@group-F257C67CA6D7-LeaderElection22] INFO  impl.LeaderElection (LeaderElection.java:logAndReturn(93)) -   Response 0: c4d6a0cb-d450-4943-aeb6-b38ae00f646d<-f523353f-23f0-4ce1-8f0d-52852ad44ff4#0:OK-t2
2021-09-01 14:11:36,041 [c4d6a0cb-d450-4943-aeb6-b38ae00f646d@group-F257C67CA6D7-LeaderElection22] INFO  impl.LeaderElection (LeaderElection.java:askForVotes(308)) - c4d6a0cb-d450-4943-aeb6-b38ae00f646d@group-F257C67CA6D7-LeaderElection22 ELECTION round 0: result PASSED
2021-09-01 14:11:36,041 [c4d6a0cb-d450-4943-aeb6-b38ae00f646d@group-F257C67CA6D7-LeaderElection22] INFO  impl.RoleInfo (RoleInfo.java:shutdownLeaderElection(121)) - c4d6a0cb-d450-4943-aeb6-b38ae00f646d: shutdown c4d6a0cb-d450-4943-aeb6-b38ae00f646d@group-F257C67CA6D7-LeaderElection22
2021-09-01 14:11:36,041 [c4d6a0cb-d450-4943-aeb6-b38ae00f646d@group-F257C67CA6D7-LeaderElection22] INFO  server.RaftServer$Division (RaftServerImpl.java:setRole(285)) - c4d6a0cb-d450-4943-aeb6-b38ae00f646d@group-F257C67CA6D7: changes role from CANDIDATE to LEADER at term 2 for changeToLeader
2021-09-01 14:11:36,041 [c4d6a0cb-d450-4943-aeb6-b38ae00f646d@group-F257C67CA6D7-LeaderElection22] INFO  ratis.XceiverServerRatis (XceiverServerRatis.java:handleLeaderChangedNotification(861)) - Leader change notification received for group: group-F257C67CA6D7 with new leaderId: c4d6a0cb-d450-4943-aeb6-b38ae00f646d
2021-09-01 14:11:36,042 [c4d6a0cb-d450-4943-aeb6-b38ae00f646d@group-F257C67CA6D7-LeaderElection22] INFO  server.RaftServer$Division (ServerState.java:setLeader(285)) - c4d6a0cb-d450-4943-aeb6-b38ae00f646d@group-F257C67CA6D7: change Leader from null to c4d6a0cb-d450-4943-aeb6-b38ae00f646d at term 2 for becomeLeader, leader elected after 10207ms
2021-09-01 14:11:36,042 [c4d6a0cb-d450-4943-aeb6-b38ae00f646d@group-F257C67CA6D7-LeaderElection22] INFO  server.RaftServerConfigKeys (ConfUtils.java:logGet(44)) - raft.server.staging.catchup.gap = 1000 (default)
2021-09-01 14:11:36,042 [c4d6a0cb-d450-4943-aeb6-b38ae00f646d@group-F257C67CA6D7-LeaderElection22] INFO  server.RaftServerConfigKeys (ConfUtils.java:logGet(44)) - raft.server.write.element-limit = 1024 (custom)
2021-09-01 14:11:36,042 [c4d6a0cb-d450-4943-aeb6-b38ae00f646d@group-F257C67CA6D7-LeaderElection22] INFO  server.RaftServerConfigKeys (ConfUtils.java:logGet(44)) - raft.server.write.byte-limit = 1024 M (=1073741824) (custom)
2021-09-01 14:11:36,042 [c4d6a0cb-d450-4943-aeb6-b38ae00f646d@group-F257C67CA6D7-LeaderElection22] INFO  server.RaftServerConfigKeys (ConfUtils.java:logGet(44)) - raft.server.watch.timeout = 180s (custom)
2021-09-01 14:11:36,042 [c4d6a0cb-d450-4943-aeb6-b38ae00f646d@group-F257C67CA6D7-LeaderElection22] INFO  server.RaftServerConfigKeys (ConfUtils.java:logGet(44)) - raft.server.watch.timeout.denomination = 1s (default)
2021-09-01 14:11:36,042 [c4d6a0cb-d450-4943-aeb6-b38ae00f646d@group-F257C67CA6D7-LeaderElection22] INFO  server.RaftServerConfigKeys (ConfUtils.java:logGet(44)) - raft.server.watch.element-limit = 65536 (default)
2021-09-01 14:11:36,042 [c4d6a0cb-d450-4943-aeb6-b38ae00f646d@group-F257C67CA6D7-LeaderElection22] INFO  server.RaftServerConfigKeys (ConfUtils.java:logGet(44)) - raft.server.log.appender.snapshot.chunk.size.max = 16MB (=16777216) (default)
2021-09-01 14:11:36,042 [c4d6a0cb-d450-4943-aeb6-b38ae00f646d@group-F257C67CA6D7-LeaderElection22] INFO  server.RaftServerConfigKeys (ConfUtils.java:logGet(44)) - raft.server.log.appender.buffer.byte-limit = 33554432 (custom)
2021-09-01 14:11:36,042 [c4d6a0cb-d450-4943-aeb6-b38ae00f646d@group-F257C67CA6D7-LeaderElection22] INFO  server.RaftServerConfigKeys (ConfUtils.java:logGet(44)) - raft.server.log.appender.buffer.element-limit = 1 (custom)
2021-09-01 14:11:36,042 [c4d6a0cb-d450-4943-aeb6-b38ae00f646d@group-F257C67CA6D7-LeaderElection22] INFO  grpc.GrpcConfigKeys (ConfUtils.java:logGet(44)) - raft.grpc.server.leader.outstanding.appends.max = 128 (default)
2021-09-01 14:11:36,043 [c4d6a0cb-d450-4943-aeb6-b38ae00f646d@group-F257C67CA6D7-LeaderElection22] INFO  server.RaftServerConfigKeys (ConfUtils.java:logGet(44)) - raft.server.rpc.request.timeout = 60s (custom)
2021-09-01 14:11:36,043 [c4d6a0cb-d450-4943-aeb6-b38ae00f646d@group-F257C67CA6D7-LeaderElection22] INFO  server.RaftServerConfigKeys (ConfUtils.java:logGet(44)) - raft.server.log.appender.install.snapshot.enabled = false (custom)
2021-09-01 14:11:36,043 [c4d6a0cb-d450-4943-aeb6-b38ae00f646d@group-F257C67CA6D7-LeaderElection22] INFO  server.RaftServerConfigKeys (ConfUtils.java:logGet(44)) - raft.server.log.appender.snapshot.chunk.size.max = 16MB (=16777216) (default)
2021-09-01 14:11:36,043 [c4d6a0cb-d450-4943-aeb6-b38ae00f646d@group-F257C67CA6D7-LeaderElection22] INFO  server.RaftServerConfigKeys (ConfUtils.java:logGet(44)) - raft.server.log.appender.buffer.byte-limit = 33554432 (custom)
2021-09-01 14:11:36,043 [c4d6a0cb-d450-4943-aeb6-b38ae00f646d@group-F257C67CA6D7-LeaderElection22] INFO  server.RaftServerConfigKeys (ConfUtils.java:logGet(44)) - raft.server.log.appender.buffer.element-limit = 1 (custom)
2021-09-01 14:11:36,043 [c4d6a0cb-d450-4943-aeb6-b38ae00f646d@group-F257C67CA6D7-LeaderElection22] INFO  grpc.GrpcConfigKeys (ConfUtils.java:logGet(44)) - raft.grpc.server.leader.outstanding.appends.max = 128 (default)
2021-09-01 14:11:36,043 [c4d6a0cb-d450-4943-aeb6-b38ae00f646d@group-F257C67CA6D7-LeaderElection22] INFO  server.RaftServerConfigKeys (ConfUtils.java:logGet(44)) - raft.server.rpc.request.timeout = 60s (custom)
2021-09-01 14:11:36,044 [c4d6a0cb-d450-4943-aeb6-b38ae00f646d@group-F257C67CA6D7-LeaderElection22] INFO  server.RaftServerConfigKeys (ConfUtils.java:logGet(44)) - raft.server.log.appender.install.snapshot.enabled = false (custom)
2021-09-01 14:11:36,044 [c4d6a0cb-d450-4943-aeb6-b38ae00f646d@group-F257C67CA6D7-LeaderElection22] INFO  impl.RoleInfo (RoleInfo.java:updateAndGet(130)) - c4d6a0cb-d450-4943-aeb6-b38ae00f646d: start c4d6a0cb-d450-4943-aeb6-b38ae00f646d@group-F257C67CA6D7-LeaderStateImpl
2021-09-01 14:11:36,046 [EventQueue-OpenPipelineForHealthyPipelineSafeModeRule] INFO  safemode.SCMSafeModeManager (HealthyPipelineSafeModeRule.java:process(124)) - SCM in safe mode. Healthy pipelines reported count is 0, required healthy pipeline reported count is 1
2021-09-01 14:11:36,045 [EventQueue-PipelineReportForPipelineReportHandler] INFO  pipeline.PipelineManagerImpl (PipelineManagerImpl.java:openPipeline(282)) - Pipeline Pipeline[ Id: d191b0df-21e6-473e-b2a2-f257c67ca6d7, Nodes: c4d6a0cb-d450-4943-aeb6-b38ae00f646d{ip: 10.1.0.27, host: fv-az148-824.bm4ck3pvxvsene1rjriu5fhcdb.bx.internal.cloudapp.net, ports: [REPLICATION=33213, RATIS=33205, RATIS_ADMIN=33205, RATIS_SERVER=33205, STANDALONE=40753], networkLocation: /default-rack, certSerialId: null, persistedOpState: IN_SERVICE, persistedOpStateExpiryEpochSec: 0}f523353f-23f0-4ce1-8f0d-52852ad44ff4{ip: 10.1.0.27, host: fv-az148-824.bm4ck3pvxvsene1rjriu5fhcdb.bx.internal.cloudapp.net, ports: [REPLICATION=42373, RATIS=39485, RATIS_ADMIN=39485, RATIS_SERVER=39485, STANDALONE=33713], networkLocation: /default-rack, certSerialId: null, persistedOpState: IN_SERVICE, persistedOpStateExpiryEpochSec: 0}0f964acd-6a98-4f1f-80e6-2232414a7fb4{ip: 10.1.0.27, host: fv-az148-824.bm4ck3pvxvsene1rjriu5fhcdb.bx.internal.cloudapp.net, ports: [REPLICATION=40399, RATIS=39297, RATIS_ADMIN=39297, RATIS_SERVER=39297, STANDALONE=34667], networkLocation: /default-rack, certSerialId: null, persistedOpState: IN_SERVICE, persistedOpStateExpiryEpochSec: 0}, ReplicationConfig: RATIS/THREE, State:ALLOCATED, leaderId:c4d6a0cb-d450-4943-aeb6-b38ae00f646d, CreationTimestamp2021-09-01T14:11:23.883Z[Etc/UTC]] moved to OPEN state
2021-09-01 14:11:36,049 [c4d6a0cb-d450-4943-aeb6-b38ae00f646d@group-F257C67CA6D7-LeaderElection22] INFO  segmented.SegmentedRaftLogWorker (SegmentedRaftLogWorker.java:startLogSegment(394)) - c4d6a0cb-d450-4943-aeb6-b38ae00f646d@group-F257C67CA6D7-SegmentedRaftLogWorker: Starting segment from index:0
2021-09-01 14:11:36,050 [EventQueue-OpenPipelineForHealthyPipelineSafeModeRule] INFO  safemode.SCMSafeModeManager (HealthyPipelineSafeModeRule.java:process(124)) - SCM in safe mode. Healthy pipelines reported count is 1, required healthy pipeline reported count is 1
2021-09-01 14:11:36,050 [EventQueue-OpenPipelineForHealthyPipelineSafeModeRule] INFO  safemode.SCMSafeModeManager (SCMSafeModeManager.java:validateSafeModeExitRules(204)) - HealthyPipelineSafeModeRule rule is successfully validated
2021-09-01 14:11:36,050 [EventQueue-OpenPipelineForHealthyPipelineSafeModeRule] INFO  safemode.SCMSafeModeManager (SCMSafeModeManager.java:validateSafeModeExitRules(219)) - ScmSafeModeManager, all rules are successfully validated
2021-09-01 14:11:36,050 [EventQueue-OpenPipelineForHealthyPipelineSafeModeRule] INFO  safemode.SCMSafeModeManager (SCMSafeModeManager.java:exitSafeMode(248)) - SCM exiting safe mode.
2021-09-01 14:11:36,050 [EventQueue-OpenPipelineForHealthyPipelineSafeModeRule] WARN  events.EventQueue (EventQueue.java:fireEvent(194)) - No event handler registered for event TypedEvent{payloadType=SafeModeStatus, name='Safe mode status'}
2021-09-01 14:11:36,051 [EventQueue-OpenPipelineForHealthyPipelineSafeModeRule] INFO  ha.SCMContext (SCMContext.java:updateSafeModeStatus(205)) - Update SafeModeStatus from SafeModeStatus{safeModeStatus=true, preCheckPassed=true} to SafeModeStatus{safeModeStatus=false, preCheckPassed=true}.
2021-09-01 14:11:36,044 [Datanode State Machine Thread - 0] WARN  statemachine.StateContext (StateContext.java:execute(621)) - No available thread in pool for past 1 seconds.
2021-09-01 14:11:36,051 [EventQueue-OpenPipelineForHealthyPipelineSafeModeRule] INFO  pipeline.BackgroundPipelineCreator (BackgroundPipelineCreatorV2.java:notifyStatusChanged(264)) - Service BackgroundPipelineCreator transitions to RUNNING.
2021-09-01 14:11:36,051 [EventQueue-OpenPipelineForHealthyPipelineSafeModeRule] INFO  container.ReplicationManager (ReplicationManager.java:notifyStatusChanged(1722)) - Service ReplicationManager transitions to RUNNING.
2021-09-01 14:11:36,051 [c4d6a0cb-d450-4943-aeb6-b38ae00f646d@group-F257C67CA6D7-SegmentedRaftLogWorker] INFO  segmented.SegmentedRaftLogWorker (SegmentedRaftLogWorker.java:execute(601)) - c4d6a0cb-d450-4943-aeb6-b38ae00f646d@group-F257C67CA6D7-SegmentedRaftLogWorker: created new log segment /home/runner/work/ozone/ozone/hadoop-ozone/integration-test/target/test-dir/MiniOzoneClusterImpl-ade41b4a-42d1-4ce8-adde-039c2ad4b32e/datanode-2/data/ratis/d191b0df-21e6-473e-b2a2-f257c67ca6d7/current/log_inprogress_0
2021-09-01 14:11:36,059 [grpc-default-executor-3] INFO  ratis.XceiverServerRatis (XceiverServerRatis.java:handleLeaderChangedNotification(861)) - Leader change notification received for group: group-F257C67CA6D7 with new leaderId: c4d6a0cb-d450-4943-aeb6-b38ae00f646d
2021-09-01 14:11:36,059 [grpc-default-executor-3] INFO  server.RaftServer$Division (ServerState.java:setLeader(285)) - f523353f-23f0-4ce1-8f0d-52852ad44ff4@group-F257C67CA6D7: change Leader from null to c4d6a0cb-d450-4943-aeb6-b38ae00f646d at term 2 for appendEntries, leader elected after 10259ms
2021-09-01 14:11:36,070 [c4d6a0cb-d450-4943-aeb6-b38ae00f646d@group-F257C67CA6D7-LeaderElection22] INFO  server.RaftServer$Division (ServerState.java:setRaftConf(387)) - c4d6a0cb-d450-4943-aeb6-b38ae00f646d@group-F257C67CA6D7: set configuration 0: [f523353f-23f0-4ce1-8f0d-52852ad44ff4|rpc:10.1.0.27:39485|dataStream:|priority:0, 0f964acd-6a98-4f1f-80e6-2232414a7fb4|rpc:10.1.0.27:39297|dataStream:|priority:0, c4d6a0cb-d450-4943-aeb6-b38ae00f646d|rpc:10.1.0.27:33205|dataStream:|priority:1], old=null
2021-09-01 14:11:36,078 [grpc-default-executor-0] INFO  ratis.XceiverServerRatis (XceiverServerRatis.java:handleLeaderChangedNotification(861)) - Leader change notification received for group: group-F257C67CA6D7 with new leaderId: c4d6a0cb-d450-4943-aeb6-b38ae00f646d
2021-09-01 14:11:36,078 [grpc-default-executor-0] INFO  server.RaftServer$Division (ServerState.java:setLeader(285)) - 0f964acd-6a98-4f1f-80e6-2232414a7fb4@group-F257C67CA6D7: change Leader from null to c4d6a0cb-d450-4943-aeb6-b38ae00f646d at term 2 for appendEntries, leader elected after 10212ms
2021-09-01 14:11:36,083 [grpc-default-executor-3] INFO  server.RaftServer$Division (ServerState.java:setRaftConf(387)) - f523353f-23f0-4ce1-8f0d-52852ad44ff4@group-F257C67CA6D7: set configuration 0: [f523353f-23f0-4ce1-8f0d-52852ad44ff4|rpc:10.1.0.27:39485|dataStream:|priority:0, 0f964acd-6a98-4f1f-80e6-2232414a7fb4|rpc:10.1.0.27:39297|dataStream:|priority:0, c4d6a0cb-d450-4943-aeb6-b38ae00f646d|rpc:10.1.0.27:33205|dataStream:|priority:1], old=null
2021-09-01 14:11:36,084 [grpc-default-executor-3] INFO  segmented.SegmentedRaftLogWorker (SegmentedRaftLogWorker.java:startLogSegment(394)) - f523353f-23f0-4ce1-8f0d-52852ad44ff4@group-F257C67CA6D7-SegmentedRaftLogWorker: Starting segment from index:0
2021-09-01 14:11:36,092 [grpc-default-executor-0] INFO  server.RaftServer$Division (ServerState.java:setRaftConf(387)) - 0f964acd-6a98-4f1f-80e6-2232414a7fb4@group-F257C67CA6D7: set configuration 0: [f523353f-23f0-4ce1-8f0d-52852ad44ff4|rpc:10.1.0.27:39485|dataStream:|priority:0, 0f964acd-6a98-4f1f-80e6-2232414a7fb4|rpc:10.1.0.27:39297|dataStream:|priority:0, c4d6a0cb-d450-4943-aeb6-b38ae00f646d|rpc:10.1.0.27:33205|dataStream:|priority:1], old=null
2021-09-01 14:11:36,092 [grpc-default-executor-0] INFO  segmented.SegmentedRaftLogWorker (SegmentedRaftLogWorker.java:startLogSegment(394)) - 0f964acd-6a98-4f1f-80e6-2232414a7fb4@group-F257C67CA6D7-SegmentedRaftLogWorker: Starting segment from index:0
2021-09-01 14:11:36,094 [0f964acd-6a98-4f1f-80e6-2232414a7fb4@group-F257C67CA6D7-SegmentedRaftLogWorker] INFO  segmented.SegmentedRaftLogWorker (SegmentedRaftLogWorker.java:execute(601)) - 0f964acd-6a98-4f1f-80e6-2232414a7fb4@group-F257C67CA6D7-SegmentedRaftLogWorker: created new log segment /home/runner/work/ozone/ozone/hadoop-ozone/integration-test/target/test-dir/MiniOzoneClusterImpl-ade41b4a-42d1-4ce8-adde-039c2ad4b32e/datanode-1/data/ratis/d191b0df-21e6-473e-b2a2-f257c67ca6d7/current/log_inprogress_0
2021-09-01 14:11:36,098 [f523353f-23f0-4ce1-8f0d-52852ad44ff4@group-F257C67CA6D7-SegmentedRaftLogWorker] INFO  segmented.SegmentedRaftLogWorker (SegmentedRaftLogWorker.java:execute(601)) - f523353f-23f0-4ce1-8f0d-52852ad44ff4@group-F257C67CA6D7-SegmentedRaftLogWorker: created new log segment /home/runner/work/ozone/ozone/hadoop-ozone/integration-test/target/test-dir/MiniOzoneClusterImpl-ade41b4a-42d1-4ce8-adde-039c2ad4b32e/datanode-0/data/ratis/d191b0df-21e6-473e-b2a2-f257c67ca6d7/current/log_inprogress_0
2021-09-01 14:11:36,164 [EventQueue-DeadNodeForDeadNodeHandler] INFO  node.DeadNodeHandler (DeadNodeHandler.java:onMessage(80)) - A dead datanode is detected. 1f216d10-6a5d-4e67-b983-ab62dd80285a{ip: 10.1.0.27, host: fv-az148-824.bm4ck3pvxvsene1rjriu5fhcdb.bx.internal.cloudapp.net, ports: [REPLICATION=40941, RATIS=36441, RATIS_ADMIN=36441, RATIS_SERVER=36441, STANDALONE=46147], networkLocation: /default-rack, certSerialId: null, persistedOpState: IN_MAINTENANCE, persistedOpStateExpiryEpochSec: 0}
2021-09-01 14:11:36,165 [EventQueue-DeadNodeForDeadNodeHandler] INFO  net.NetworkTopologyImpl (NetworkTopologyImpl.java:remove(137)) - Removed a node: /default-rack/1f216d10-6a5d-4e67-b983-ab62dd80285a
2021-09-01 14:11:36,420 [Listener at 127.0.0.1/44153] INFO  ozone.MiniOzoneClusterImpl (MiniOzoneClusterImpl.java:lambda$waitForClusterToBeReady$0(235)) - Nodes are ready. Got 6 of 6 DN Heartbeats.
2021-09-01 14:11:36,421 [Listener at 127.0.0.1/44153] INFO  ozone.MiniOzoneClusterImpl (MiniOzoneClusterImpl.java:lambda$waitForClusterToBeReady$0(238)) - Cluster exits safe mode
2021-09-01 14:11:36,421 [Listener at 127.0.0.1/44153] INFO  ozone.MiniOzoneClusterImpl (MiniOzoneClusterImpl.java:lambda$waitForClusterToBeReady$0(240)) - SCM became leader
2021-09-01 14:11:36,422 [Listener at 127.0.0.1/44153] WARN  server.ServerUtils (ServerUtils.java:getScmDbDir(148)) - ozone.scm.db.dirs is not configured. We recommend adding this setting. Falling back to ozone.metadata.dirs instead.
2021-09-01 14:11:36,425 [Listener at 127.0.0.1/44153] INFO  ha.SCMHANodeDetails (SCMHANodeDetails.java:loadSCMHAConfig(157)) - ServiceID for StorageContainerManager is null
2021-09-01 14:11:36,425 [Listener at 127.0.0.1/44153] INFO  ha.SCMHANodeDetails (SCMHANodeDetails.java:loadSCMHAConfig(162)) - ozone.scm.default.service.id is not defined, falling back to ozone.scm.service.ids to find serviceID for StorageContainerManager if it is HA enabled cluster
2021-09-01 14:11:36,426 [Listener at 127.0.0.1/44153] WARN  server.ServerUtils (ServerUtils.java:getScmDbDir(148)) - ozone.scm.db.dirs is not configured. We recommend adding this setting. Falling back to ozone.metadata.dirs instead.
2021-09-01 14:11:36,428 [Listener at 127.0.0.1/44153] INFO  upgrade.AbstractLayoutVersionManager (AbstractLayoutVersionManager.java:init(70)) - Initializing Layout version manager with metadata layout = SCM_HA (version = 2), software layout = SCM_HA (version = 2)
2021-09-01 14:11:36,477 [Listener at 127.0.0.1/44153] INFO  reflections.Reflections (Reflections.java:scan(232)) - Reflections took 48 ms to scan 7 urls, producing 120 keys and 275 values 
2021-09-01 14:11:36,478 [Listener at 127.0.0.1/44153] WARN  utils.HAUtils (HAUtils.java:getMetaDir(342)) - ozone.scm.db.dirs is not configured. We recommend adding this setting. Falling back to ozone.metadata.dirs instead.
2021-09-01 14:11:36,479 [Listener at 127.0.0.1/44153] WARN  db.DBStoreBuilder (DBStoreBuilder.java:applyDBDefinition(145)) - ozone.scm.db.dirs is not configured. We recommend adding this setting. Falling back to ozone.metadata.dirs instead.
2021-09-01 14:11:36,580 [Listener at 127.0.0.1/44153] INFO  net.NodeSchemaLoader (NodeSchemaLoader.java:loadSchemaFromFile(129)) - Loading schema from [jar:file:/home/runner/.m2/repository/org/apache/ozone/hdds-common/1.2.0-SNAPSHOT/hdds-common-1.2.0-SNAPSHOT.jar!/network-topology-default.xml]
2021-09-01 14:11:36,580 [Listener at 127.0.0.1/44153] INFO  net.NodeSchemaLoader (NodeSchemaLoader.java:loadSchema(176)) - Loading network topology layer schema file
2021-09-01 14:11:36,582 [Listener at 127.0.0.1/44153] WARN  impl.MetricRegistriesImpl (MetricRegistriesImpl.java:addReporterRegistration(111)) - New reporters are added after registries were created. Some metrics will be missing from the reporter. Please add reporter before adding any new registry.
2021-09-01 14:11:36,583 [Listener at 127.0.0.1/44153] WARN  impl.MetricRegistriesImpl (MetricRegistriesImpl.java:addReporterRegistration(111)) - New reporters are added after registries were created. Some metrics will be missing from the reporter. Please add reporter before adding any new registry.
2021-09-01 14:11:36,583 [Listener at 127.0.0.1/44153] INFO  ha.SequenceIdGenerator (SequenceIdGenerator.java:upgradeToSequenceId(327)) - upgrade localId to 107544261427200000
2021-09-01 14:11:36,583 [Listener at 127.0.0.1/44153] INFO  ha.SequenceIdGenerator (SequenceIdGenerator.java:upgradeToSequenceId(337)) - upgrade delTxnId to 0
2021-09-01 14:11:36,583 [Listener at 127.0.0.1/44153] INFO  ha.SequenceIdGenerator (SequenceIdGenerator.java:upgradeToSequenceId(351)) - upgrade containerId to 0
2021-09-01 14:11:36,583 [Listener at 127.0.0.1/44153] INFO  ha.SequenceIdGenerator (SequenceIdGenerator.java:<init>(217)) - Init the HA SequenceIdGenerator.
2021-09-01 14:11:36,594 [Listener at 127.0.0.1/44153] INFO  node.SCMNodeManager (SCMNodeManager.java:<init>(145)) - Entering startup safe mode.
2021-09-01 14:11:36,595 [Listener at 127.0.0.1/44153] INFO  algorithms.ContainerPlacementPolicyFactory (ContainerPlacementPolicyFactory.java:getPolicy(60)) - Create container placement policy of type org.apache.hadoop.hdds.scm.container.placement.algorithms.SCMContainerPlacementRandom
2021-09-01 14:11:36,595 [Listener at 127.0.0.1/44153] INFO  pipeline.PipelineStateManager (PipelineStateManagerV2Impl.java:initialize(78)) - No pipeline exists in current db
2021-09-01 14:11:36,595 [Listener at 127.0.0.1/44153] INFO  algorithms.LeaderChoosePolicyFactory (LeaderChoosePolicyFactory.java:getPolicy(57)) - Create leader choose policy of type org.apache.hadoop.hdds.scm.pipeline.leader.choose.algorithms.MinLeaderCountChoosePolicy
2021-09-01 14:11:36,595 [Listener at 127.0.0.1/44153] INFO  ha.SCMServiceManager (SCMServiceManager.java:register(43)) - Registering service BackgroundPipelineCreator.
2021-09-01 14:11:36,595 [Listener at 127.0.0.1/44153] INFO  pipeline.BackgroundPipelineCreator (BackgroundPipelineCreatorV2.java:start(130)) - Starting RatisPipelineUtilsThread.
2021-09-01 14:11:36,606 [Listener at 127.0.0.1/44153] INFO  algorithms.PipelineChoosePolicyFactory (PipelineChoosePolicyFactory.java:createPipelineChoosePolicyFromClass(73)) - Create pipeline choose policy of type org.apache.hadoop.hdds.scm.pipeline.choose.algorithms.RandomPipelineChoosePolicy
2021-09-01 14:11:36,606 [Listener at 127.0.0.1/44153] INFO  ha.SCMServiceManager (SCMServiceManager.java:register(43)) - Registering service SCMBlockDeletingService.
2021-09-01 14:11:36,606 [Listener at 127.0.0.1/44153] INFO  ha.SCMServiceManager (SCMServiceManager.java:register(43)) - Registering service ReplicationManager.
2021-09-01 14:11:36,606 [Listener at 127.0.0.1/44153] INFO  container.ReplicationManager (ReplicationManager.java:start(307)) - Starting Replication Monitor Thread.
2021-09-01 14:11:36,607 [Listener at 127.0.0.1/44153] INFO  safemode.ContainerSafeModeRule (ContainerSafeModeRule.java:<init>(89)) - containers with one replica threshold count 0
2021-09-01 14:11:36,608 [Listener at 127.0.0.1/44153] INFO  safemode.HealthyPipelineSafeModeRule (HealthyPipelineSafeModeRule.java:initializeRule(156)) - Total pipeline count is 0, healthy pipeline threshold count is 1
2021-09-01 14:11:36,608 [Listener at 127.0.0.1/44153] INFO  safemode.OneReplicaPipelineSafeModeRule (OneReplicaPipelineSafeModeRule.java:initializeRule(180)) - Total pipeline count is 0, pipeline's with at least one datanode reported threshold count is 0
2021-09-01 14:11:36,608 [Listener at 127.0.0.1/44153] INFO  ipc.CallQueueManager (CallQueueManager.java:<init>(90)) - Using callQueue: class java.util.concurrent.LinkedBlockingQueue, queueCapacity: 2000, scheduler: class org.apache.hadoop.ipc.DefaultRpcScheduler, ipcBackoff: false.
2021-09-01 14:11:36,618 [ReplicationMonitor] INFO  container.ReplicationManager (ReplicationManager.java:processAll(359)) - Replication Monitor Thread took 0 milliseconds for processing 0 containers.
2021-09-01 14:11:36,619 [Listener at 0.0.0.0/37021] INFO  ipc.CallQueueManager (CallQueueManager.java:<init>(90)) - Using callQueue: class java.util.concurrent.LinkedBlockingQueue, queueCapacity: 2000, scheduler: class org.apache.hadoop.ipc.DefaultRpcScheduler, ipcBackoff: false.
2021-09-01 14:11:36,620 [Socket Reader #1 for port 0] INFO  ipc.Server (Server.java:run(1265)) - Starting Socket Reader #1 for port 0
2021-09-01 14:11:36,621 [Listener at 0.0.0.0/36011] INFO  ipc.CallQueueManager (CallQueueManager.java:<init>(90)) - Using callQueue: class java.util.concurrent.LinkedBlockingQueue, queueCapacity: 2000, scheduler: class org.apache.hadoop.ipc.DefaultRpcScheduler, ipcBackoff: false.
2021-09-01 14:11:36,622 [Socket Reader #1 for port 0] INFO  ipc.Server (Server.java:run(1265)) - Starting Socket Reader #1 for port 0
2021-09-01 14:11:36,625 [Socket Reader #1 for port 0] INFO  ipc.Server (Server.java:run(1265)) - Starting Socket Reader #1 for port 0
2021-09-01 14:11:36,645 [Listener at 0.0.0.0/35485] INFO  algorithms.ContainerPlacementPolicyFactory (ContainerPlacementPolicyFactory.java:getPolicy(60)) - Create container placement policy of type org.apache.hadoop.hdds.scm.container.placement.algorithms.SCMContainerPlacementRandom
2021-09-01 14:11:36,646 [Listener at 0.0.0.0/35485] INFO  server.StorageContainerManager (StorageContainerManager.java:<init>(387)) - 
Container Balancer status:
Key                            Value
Running                        false
Container Balancer Configuration values:
Key                                                Value
Threshold                                          0.1
Max Datanodes to Involve per Iteration(ratio)      0.5
Max Size to Move per Iteration                     10737418240B

2021-09-01 14:11:36,646 [Listener at 0.0.0.0/35485] WARN  events.EventQueue (EventQueue.java:fireEvent(194)) - No event handler registered for event TypedEvent{payloadType=SafeModeStatus, name='Safe mode status'}
2021-09-01 14:11:36,646 [Listener at 0.0.0.0/35485] INFO  ha.SCMContext (SCMContext.java:updateSafeModeStatus(205)) - Update SafeModeStatus from SafeModeStatus{safeModeStatus=true, preCheckPassed=false} to SafeModeStatus{safeModeStatus=true, preCheckPassed=false}.
2021-09-01 14:11:36,646 [Listener at 0.0.0.0/35485] INFO  server.StorageContainerManager (StorageContainerManager.java:start(1256)) - StorageContainerLocationProtocol RPC server is listening at /0.0.0.0:35485
2021-09-01 14:11:36,646 [Listener at 0.0.0.0/35485] INFO  impl.MetricsSystemImpl (MetricsSystemImpl.java:init(158)) - StorageContainerManager metrics system started (again)
2021-09-01 14:11:36,666 [Listener at 0.0.0.0/35485] INFO  server.SCMClientProtocolServer (SCMClientProtocolServer.java:start(164)) - RPC server for Client  is listening at /0.0.0.0:35485
2021-09-01 14:11:36,667 [IPC Server Responder] INFO  ipc.Server (Server.java:run(1507)) - IPC Server Responder: starting
2021-09-01 14:11:36,667 [IPC Server listener on 0] INFO  ipc.Server (Server.java:run(1344)) - IPC Server listener on 0: starting
2021-09-01 14:11:36,669 [ReplicationMonitor] INFO  container.ReplicationManager (ReplicationManager.java:processAll(359)) - Replication Monitor Thread took 0 milliseconds for processing 0 containers.
2021-09-01 14:11:36,670 [Listener at 0.0.0.0/35485] INFO  server.StorageContainerManager (StorageContainerManager.java:start(1271)) - ScmBlockLocationProtocol RPC server is listening at /0.0.0.0:36011
2021-09-01 14:11:36,670 [Listener at 0.0.0.0/35485] INFO  server.SCMBlockProtocolServer (SCMBlockProtocolServer.java:start(151)) - RPC server for Block Protocol is listening at /0.0.0.0:36011
2021-09-01 14:11:36,670 [IPC Server Responder] INFO  ipc.Server (Server.java:run(1507)) - IPC Server Responder: starting
2021-09-01 14:11:36,670 [IPC Server listener on 0] INFO  ipc.Server (Server.java:run(1344)) - IPC Server listener on 0: starting
2021-09-01 14:11:36,673 [Listener at 0.0.0.0/35485] INFO  server.StorageContainerManager (StorageContainerManager.java:start(1277)) - ScmDatanodeProtocl RPC server is listening at /0.0.0.0:37021
2021-09-01 14:11:36,673 [Listener at 0.0.0.0/35485] INFO  server.SCMDatanodeProtocolServer (SCMDatanodeProtocolServer.java:start(181)) - RPC server for DataNodes is listening at /0.0.0.0:37021
2021-09-01 14:11:36,674 [IPC Server Responder] INFO  ipc.Server (Server.java:run(1507)) - IPC Server Responder: starting
2021-09-01 14:11:36,674 [IPC Server listener on 0] INFO  ipc.Server (Server.java:run(1344)) - IPC Server listener on 0: starting
2021-09-01 14:11:36,680 [Listener at 0.0.0.0/35485] INFO  http.BaseHttpServer (BaseHttpServer.java:newHttpServer2BuilderForOzone(209)) - Starting Web-server for scm at: http://0.0.0.0:0
2021-09-01 14:11:36,680 [Listener at 0.0.0.0/35485] INFO  http.BaseHttpServer (BaseHttpServer.java:<init>(107)) - Hadoop Security Enabled: false Ozone Security Enabled: false Ozone HTTP Security Enabled: false 
2021-09-01 14:11:36,680 [org.apache.hadoop.util.JvmPauseMonitor$Monitor@77a74def] INFO  util.JvmPauseMonitor (JvmPauseMonitor.java:run(188)) - Starting JVM pause monitor
2021-09-01 14:11:36,681 [Listener at 0.0.0.0/35485] INFO  server.AuthenticationFilter (AuthenticationFilter.java:constructSecretProvider(240)) - Unable to initialize FileSignerSecretProvider, falling back to use random secrets.
2021-09-01 14:11:36,689 [Listener at 0.0.0.0/35485] WARN  http.HttpRequestLog (HttpRequestLog.java:getRequestLog(103)) - Jetty request log can only be enabled using Log4j
2021-09-01 14:11:36,690 [Listener at 0.0.0.0/35485] INFO  http.HttpServer2 (HttpServer2.java:addGlobalFilter(1030)) - Added global filter 'safety' (class=org.apache.hadoop.hdds.server.http.HttpServer2$QuotingInputFilter)
2021-09-01 14:11:36,690 [Listener at 0.0.0.0/35485] INFO  http.HttpServer2 (HttpServer2.java:addFilter(1006)) - Added filter static_user_filter (class=org.apache.hadoop.http.lib.StaticUserWebFilter$StaticUserFilter) to context scm
2021-09-01 14:11:36,690 [Listener at 0.0.0.0/35485] INFO  http.HttpServer2 (HttpServer2.java:addFilter(1014)) - Added filter static_user_filter (class=org.apache.hadoop.http.lib.StaticUserWebFilter$StaticUserFilter) to context static
2021-09-01 14:11:36,690 [Listener at 0.0.0.0/35485] INFO  http.HttpServer2 (HttpServer2.java:addFilter(1014)) - Added filter static_user_filter (class=org.apache.hadoop.http.lib.StaticUserWebFilter$StaticUserFilter) to context logs
2021-09-01 14:11:36,691 [Listener at 0.0.0.0/35485] INFO  http.HttpServer2 (HttpServer2.java:bindListener(1249)) - Jetty bound to port 38861
2021-09-01 14:11:36,691 [Listener at 0.0.0.0/35485] INFO  server.Server (Server.java:doStart(375)) - jetty-9.4.43.v20210629; built: 2021-06-30T11:07:22.254Z; git: 526006ecfa3af7f1a27ef3a288e2bef7ea9dd7e8; jvm 1.8.0_292-b10
2021-09-01 14:11:36,711 [Listener at 0.0.0.0/35485] INFO  server.session (DefaultSessionIdManager.java:doStart(334)) - DefaultSessionIdManager workerName=node0
2021-09-01 14:11:36,711 [Listener at 0.0.0.0/35485] INFO  server.session (DefaultSessionIdManager.java:doStart(339)) - No SessionScavenger set, using defaults
2021-09-01 14:11:36,712 [Listener at 0.0.0.0/35485] INFO  server.session (HouseKeeper.java:startScavenging(132)) - node0 Scavenging every 600000ms
2021-09-01 14:11:36,721 [Listener at 0.0.0.0/35485] INFO  handler.ContextHandler (ContextHandler.java:doStart(915)) - Started o.e.j.s.ServletContextHandler@25bca613{logs,/logs,file:///home/runner/work/ozone/ozone/hadoop-ozone/integration-test/target/log,AVAILABLE}
2021-09-01 14:11:36,722 [Listener at 0.0.0.0/35485] INFO  handler.ContextHandler (ContextHandler.java:doStart(915)) - Started o.e.j.s.ServletContextHandler@43a781db{static,/static,file:///home/runner/work/ozone/ozone/hadoop-ozone/integration-test/target/test-classes/webapps/static,AVAILABLE}
2021-09-01 14:11:36,724 [Listener at 0.0.0.0/35485] INFO  handler.ContextHandler (ContextHandler.java:doStart(915)) - Started o.e.j.w.WebAppContext@4e5279e{scm,/,file:///home/runner/work/ozone/ozone/hadoop-ozone/integration-test/target/test-classes/webapps/scm/,AVAILABLE}{file:/home/runner/work/ozone/ozone/hadoop-ozone/integration-test/target/test-classes/webapps/scm}
2021-09-01 14:11:36,726 [Listener at 0.0.0.0/35485] INFO  server.AbstractConnector (AbstractConnector.java:doStart(331)) - Started ServerConnector@267e94c4{HTTP/1.1, (http/1.1)}{0.0.0.0:38861}
2021-09-01 14:11:36,726 [Listener at 0.0.0.0/35485] INFO  server.Server (Server.java:doStart(415)) - Started @38294ms
2021-09-01 14:11:36,726 [Listener at 0.0.0.0/35485] WARN  impl.MetricsSystemImpl (MetricsSystemImpl.java:register(279)) - Sink prometheus already exists!
2021-09-01 14:11:36,727 [Listener at 0.0.0.0/35485] INFO  http.BaseHttpServer (BaseHttpServer.java:updateConnectorAddress(329)) - HTTP server of scm listening at http://0.0.0.0:38861
2021-09-01 14:11:36,727 [Listener at 0.0.0.0/35485] WARN  server.ServerUtils (ServerUtils.java:getDBPath(225)) - ozone.om.db.dirs is not configured. We recommend adding this setting. Falling back to ozone.metadata.dirs instead.
2021-09-01 14:11:36,728 [Listener at 0.0.0.0/35485] INFO  ha.OMHANodeDetails (OMHANodeDetails.java:loadOMHAConfig(112)) - ozone.om.internal.service.id is not defined, falling back to ozone.om.service.ids to find serviceID for OzoneManager if it is HA enabled cluster
2021-09-01 14:11:36,728 [Listener at 0.0.0.0/35485] INFO  ha.OMHANodeDetails (OMHANodeDetails.java:loadOMHAConfig(219)) - Configuration does not have ozone.om.address set. Falling back to the default OM address /127.0.0.1:0
2021-09-01 14:11:36,728 [Listener at 0.0.0.0/35485] INFO  ha.OMHANodeDetails (OMHANodeDetails.java:getOMNodeDetails(247)) - OM Service ID is not set. Setting it to the default ID: omServiceIdDefault
2021-09-01 14:11:36,728 [Listener at 0.0.0.0/35485] INFO  ha.OMHANodeDetails (OMHANodeDetails.java:getOMNodeDetails(254)) - OM Node ID is not set. Setting it to the default ID: om1
2021-09-01 14:11:36,728 [Listener at 0.0.0.0/35485] WARN  server.ServerUtils (ServerUtils.java:getDBPath(225)) - ozone.om.db.dirs is not configured. We recommend adding this setting. Falling back to ozone.metadata.dirs instead.
2021-09-01 14:11:36,729 [Listener at 0.0.0.0/35485] INFO  upgrade.AbstractLayoutVersionManager (AbstractLayoutVersionManager.java:init(70)) - Initializing Layout version manager with metadata layout = INITIAL_VERSION (version = 0), software layout = INITIAL_VERSION (version = 0)
2021-09-01 14:11:36,782 [Listener at 0.0.0.0/35485] INFO  reflections.Reflections (Reflections.java:scan(232)) - Reflections took 53 ms to scan 2 urls, producing 131 keys and 342 values [using 2 cores]
2021-09-01 14:11:36,782 [Listener at 0.0.0.0/35485] INFO  upgrade.OMLayoutVersionManager (OMLayoutVersionManager.java:lambda$0(116)) - Skipping Upgrade Action MockOmUpgradeAction since it has been finalized.
2021-09-01 14:11:36,783 [Listener at 0.0.0.0/35485] WARN  server.ServerUtils (ServerUtils.java:getDBPath(225)) - ozone.om.db.dirs is not configured. We recommend adding this setting. Falling back to ozone.metadata.dirs instead.
2021-09-01 14:11:36,793 [Listener at 0.0.0.0/35485] WARN  server.ServerUtils (ServerUtils.java:getDBPath(225)) - ozone.om.db.dirs is not configured. We recommend adding this setting. Falling back to ozone.metadata.dirs instead.
2021-09-01 14:11:36,793 [Listener at 0.0.0.0/35485] INFO  codec.OmKeyInfoCodec (OmKeyInfoCodec.java:<init>(51)) - OmKeyInfoCodec ignorePipeline = true
2021-09-01 14:11:36,793 [Listener at 0.0.0.0/35485] INFO  codec.RepeatedOmKeyInfoCodec (RepeatedOmKeyInfoCodec.java:<init>(42)) - RepeatedOmKeyInfoCodec ignorePipeline = true
2021-09-01 14:11:36,883 [Listener at 0.0.0.0/35485] INFO  om.OzoneManager (OzoneManager.java:addS3GVolumeToDB(4115)) - Created Volume s3v With Owner runner required for S3Gateway operations.
2021-09-01 14:11:36,883 [Listener at 0.0.0.0/35485] WARN  server.ServerUtils (ServerUtils.java:getDefaultRatisDirectory(237)) - Storage directory for Ratis is not configured. It is a good idea to map this to an SSD disk. Falling back to ozone.metadata.dirs
2021-09-01 14:11:36,883 [Listener at 0.0.0.0/35485] WARN  utils.OzoneManagerRatisUtils (OzoneManagerRatisUtils.java:getOMRatisSnapshotDirectory(391)) - ozone.om.ratis.snapshot.dir is not configured. Falling back to ozone.metadata.dirs config
2021-09-01 14:11:36,884 [Listener at 0.0.0.0/35485] WARN  impl.MetricRegistriesImpl (MetricRegistriesImpl.java:addReporterRegistration(111)) - New reporters are added after registries were created. Some metrics will be missing from the reporter. Please add reporter before adding any new registry.
2021-09-01 14:11:36,884 [Listener at 0.0.0.0/35485] WARN  impl.MetricRegistriesImpl (MetricRegistriesImpl.java:addReporterRegistration(111)) - New reporters are added after registries were created. Some metrics will be missing from the reporter. Please add reporter before adding any new registry.
2021-09-01 14:11:36,884 [Listener at 0.0.0.0/35485] WARN  server.ServerUtils (ServerUtils.java:getDefaultRatisDirectory(237)) - Storage directory for Ratis is not configured. It is a good idea to map this to an SSD disk. Falling back to ozone.metadata.dirs
2021-09-01 14:11:36,885 [Listener at 0.0.0.0/35485] INFO  ratis.OzoneManagerRatisServer (OzoneManagerRatisServer.java:<init>(158)) - Instantiating OM Ratis server with groupID: omServiceIdDefault and peers: localhost:42135
2021-09-01 14:11:36,885 [Listener at 0.0.0.0/35485] INFO  ratis.OzoneManagerStateMachine (OzoneManagerStateMachine.java:loadSnapshotInfoFromDB(605)) - LastAppliedIndex is set from TransactionInfo from OM DB as (t:0, i:~)
2021-09-01 14:11:36,885 [Listener at 0.0.0.0/35485] INFO  server.RaftServer (ConfUtils.java:logGet(44)) - raft.rpc.type = GRPC (default)
2021-09-01 14:11:36,885 [Listener at 0.0.0.0/35485] INFO  grpc.GrpcFactory (GrpcFactory.java:checkPooledByteBufAllocatorUseCacheForAllThreads(48)) - PERFORMANCE WARNING: useCacheForAllThreads is true that may cause Netty to create a lot garbage objects and, as a result, trigger GC.
	It is recommended to disable useCacheForAllThreads by setting -Dorg.apache.ratis.thirdparty.io.netty.allocator.useCacheForAllThreads=false in command line.
2021-09-01 14:11:36,885 [Listener at 0.0.0.0/35485] INFO  grpc.GrpcConfigKeys (ConfUtils.java:logGet(44)) - raft.grpc.admin.port = -1 (default)
2021-09-01 14:11:36,885 [Listener at 0.0.0.0/35485] INFO  grpc.GrpcConfigKeys (ConfUtils.java:logGet(44)) - raft.grpc.server.port = 42135 (custom)
2021-09-01 14:11:36,885 [Listener at 0.0.0.0/35485] INFO  grpc.GrpcConfigKeys (ConfUtils.java:logGet(44)) - raft.grpc.client.port = -1 (default)
2021-09-01 14:11:36,885 [Listener at 0.0.0.0/35485] INFO  grpc.GrpcConfigKeys (ConfUtils.java:logGet(44)) - raft.grpc.server.port = 42135 (custom)
2021-09-01 14:11:36,885 [Listener at 0.0.0.0/35485] INFO  grpc.GrpcConfigKeys (ConfUtils.java:logGet(44)) - raft.grpc.server.port = 42135 (custom)
2021-09-01 14:11:36,886 [Listener at 0.0.0.0/35485] INFO  server.GrpcService (ConfUtils.java:logGet(44)) - raft.grpc.message.size.max = 33554432 (custom)
2021-09-01 14:11:36,886 [Listener at 0.0.0.0/35485] INFO  server.RaftServerConfigKeys (ConfUtils.java:logGet(44)) - raft.server.log.appender.buffer.byte-limit = 33554432 (custom)
2021-09-01 14:11:36,886 [Listener at 0.0.0.0/35485] INFO  server.GrpcService (ConfUtils.java:logGet(44)) - raft.grpc.flow.control.window = 1MB (=1048576) (default)
2021-09-01 14:11:36,886 [Listener at 0.0.0.0/35485] INFO  server.RaftServerConfigKeys (ConfUtils.java:logGet(44)) - raft.server.rpc.request.timeout = 3000ms (default)
2021-09-01 14:11:36,887 [Listener at 0.0.0.0/35485] INFO  impl.DataStreamServerImpl (ConfUtils.java:logGet(44)) - raft.datastream.type = DISABLED (default)
2021-09-01 14:11:36,887 [Listener at 0.0.0.0/35485] INFO  server.RaftServerConfigKeys (ConfUtils.java:logGet(44)) - raft.server.rpc.slowness.timeout = 120s (custom)
2021-09-01 14:11:36,887 [Listener at 0.0.0.0/35485] INFO  server.RaftServerConfigKeys (ConfUtils.java:logGet(44)) - raft.server.leaderelection.leader.step-down.wait-time = 10s (default)
2021-09-01 14:11:36,887 [Listener at 0.0.0.0/35485] INFO  server.RaftServerConfigKeys (ConfUtils.java:logGet(44)) - raft.server.storage.dir = [/home/runner/work/ozone/ozone/hadoop-ozone/integration-test/target/test-dir/MiniOzoneClusterImpl-d7a4aa25-2cb2-423f-8a56-21877a9d22ed/ozone-meta/ratis] (custom)
2021-09-01 14:11:36,887 [Listener at 0.0.0.0/35485] INFO  server.RaftServer (RaftServerProxy.java:addNew(95)) - om1: addNew group-C5BA1605619E:[om1|rpc:localhost:42135|priority:0] returns group-C5BA1605619E:java.util.concurrent.CompletableFuture@2b9a3d6e[Not completed]
2021-09-01 14:11:36,887 [Listener at 0.0.0.0/35485] INFO  om.OzoneManager (OzoneManager.java:initializeRatisServer(1573)) - OzoneManager Ratis server initialized at port 42135
2021-09-01 14:11:36,888 [Listener at 0.0.0.0/35485] INFO  ipc.CallQueueManager (CallQueueManager.java:<init>(90)) - Using callQueue: class java.util.concurrent.LinkedBlockingQueue, queueCapacity: 2000, scheduler: class org.apache.hadoop.ipc.DefaultRpcScheduler, ipcBackoff: false.
2021-09-01 14:11:36,889 [pool-426-thread-1] INFO  server.RaftServer$Division (RaftServerImpl.java:<init>(181)) - om1: new RaftServerImpl for group-C5BA1605619E:[om1|rpc:localhost:42135|priority:0] with OzoneManagerStateMachine:uninitialized
2021-09-01 14:11:36,889 [pool-426-thread-1] INFO  server.RaftServerConfigKeys (ConfUtils.java:logGet(44)) - raft.server.rpc.timeout.min = 1s (custom)
2021-09-01 14:11:36,889 [pool-426-thread-1] INFO  server.RaftServerConfigKeys (ConfUtils.java:logGet(44)) - raft.server.rpc.timeout.max = 1200ms (custom)
2021-09-01 14:11:36,889 [pool-426-thread-1] INFO  server.RaftServerConfigKeys (ConfUtils.java:logGet(44)) - raft.server.rpc.sleep.time = 25ms (default)
2021-09-01 14:11:36,889 [pool-426-thread-1] INFO  server.RaftServerConfigKeys (ConfUtils.java:logGet(44)) - raft.server.rpc.slowness.timeout = 120s (custom)
2021-09-01 14:11:36,889 [pool-426-thread-1] INFO  server.RaftServerConfigKeys (ConfUtils.java:logGet(44)) - raft.server.leaderelection.leader.step-down.wait-time = 10s (default)
2021-09-01 14:11:36,889 [pool-426-thread-1] INFO  server.RaftServerConfigKeys (ConfUtils.java:logGet(44)) - raft.server.sleep.deviation.threshold = 300ms (default)
2021-09-01 14:11:36,889 [pool-426-thread-1] INFO  server.RaftServerConfigKeys (ConfUtils.java:logGet(44)) - raft.server.log.appender.install.snapshot.enabled = false (custom)
2021-09-01 14:11:36,889 [pool-426-thread-1] INFO  server.RaftServer$Division (ServerState.java:<init>(105)) - om1@group-C5BA1605619E: ConfigurationManager, init=-1: [om1|rpc:localhost:42135|priority:0], old=null, confs=<EMPTY_MAP>
2021-09-01 14:11:36,889 [pool-426-thread-1] INFO  server.RaftServerConfigKeys (ConfUtils.java:logGet(44)) - raft.server.storage.dir = [/home/runner/work/ozone/ozone/hadoop-ozone/integration-test/target/test-dir/MiniOzoneClusterImpl-d7a4aa25-2cb2-423f-8a56-21877a9d22ed/ozone-meta/ratis] (custom)
2021-09-01 14:11:36,889 [pool-426-thread-1] INFO  server.RaftServerConfigKeys (ConfUtils.java:logGet(44)) - raft.server.log.corruption.policy = EXCEPTION (default)
2021-09-01 14:11:36,889 [pool-426-thread-1] INFO  server.RaftServerConfigKeys (ConfUtils.java:logGet(44)) - raft.server.storage.free-space.min = 0MB (=0) (default)
2021-09-01 14:11:36,890 [pool-426-thread-1] INFO  storage.RaftStorageDirectory (RaftStorageDirectoryImpl.java:analyzeStorage(135)) - The storage directory /home/runner/work/ozone/ozone/hadoop-ozone/integration-test/target/test-dir/MiniOzoneClusterImpl-d7a4aa25-2cb2-423f-8a56-21877a9d22ed/ozone-meta/ratis/bf265839-605b-3f16-9796-c5ba1605619e does not exist. Creating ...
2021-09-01 14:11:36,890 [Socket Reader #1 for port 0] INFO  ipc.Server (Server.java:run(1265)) - Starting Socket Reader #1 for port 0
2021-09-01 14:11:36,891 [pool-426-thread-1] INFO  storage.RaftStorageDirectory (RaftStorageDirectoryImpl.java:tryLock(230)) - Lock on /home/runner/work/ozone/ozone/hadoop-ozone/integration-test/target/test-dir/MiniOzoneClusterImpl-d7a4aa25-2cb2-423f-8a56-21877a9d22ed/ozone-meta/ratis/bf265839-605b-3f16-9796-c5ba1605619e/in_use.lock acquired by nodename 9503@fv-az148-824
2021-09-01 14:11:36,891 [pool-426-thread-1] INFO  storage.RaftStorage (RaftStorageImpl.java:format(89)) - Storage directory /home/runner/work/ozone/ozone/hadoop-ozone/integration-test/target/test-dir/MiniOzoneClusterImpl-d7a4aa25-2cb2-423f-8a56-21877a9d22ed/ozone-meta/ratis/bf265839-605b-3f16-9796-c5ba1605619e has been successfully formatted.
2021-09-01 14:11:36,891 [pool-426-thread-1] INFO  server.RaftServerConfigKeys (ConfUtils.java:logGet(44)) - raft.server.notification.no-leader.timeout = 120s (custom)
2021-09-01 14:11:36,892 [pool-426-thread-1] INFO  server.RaftServerConfigKeys (ConfUtils.java:logGet(44)) - raft.server.log.use.memory = false (default)
2021-09-01 14:11:36,892 [pool-426-thread-1] INFO  server.RaftServerConfigKeys (ConfUtils.java:logGet(44)) - raft.server.log.purge.gap = 1000000 (custom)
2021-09-01 14:11:36,892 [pool-426-thread-1] INFO  server.RaftServerConfigKeys (ConfUtils.java:logGet(44)) - raft.server.log.appender.buffer.byte-limit = 33554432 (custom)
2021-09-01 14:11:36,892 [pool-426-thread-1] INFO  server.RaftServerConfigKeys (ConfUtils.java:logGet(44)) - raft.server.log.segment.size.max = 4194304 (custom)
2021-09-01 14:11:36,892 [pool-426-thread-1] INFO  server.RaftServerConfigKeys (ConfUtils.java:logGet(44)) - raft.server.log.segment.cache.num.max = 2 (custom)
2021-09-01 14:11:36,892 [pool-426-thread-1] INFO  server.RaftServerConfigKeys (ConfUtils.java:logGet(44)) - raft.server.log.segment.cache.size.max = 200MB (=209715200) (default)
2021-09-01 14:11:36,892 [pool-426-thread-1] INFO  segmented.SegmentedRaftLogWorker (SegmentedRaftLogWorker.java:<init>(182)) - new om1@group-C5BA1605619E-SegmentedRaftLogWorker for RaftStorageImpl:Storage Directory /home/runner/work/ozone/ozone/hadoop-ozone/integration-test/target/test-dir/MiniOzoneClusterImpl-d7a4aa25-2cb2-423f-8a56-21877a9d22ed/ozone-meta/ratis/bf265839-605b-3f16-9796-c5ba1605619e
2021-09-01 14:11:36,892 [pool-426-thread-1] INFO  server.RaftServerConfigKeys (ConfUtils.java:logGet(44)) - raft.server.log.queue.byte-limit = 64MB (=67108864) (default)
2021-09-01 14:11:36,892 [pool-426-thread-1] INFO  server.RaftServerConfigKeys (ConfUtils.java:logGet(44)) - raft.server.log.queue.element-limit = 4096 (default)
2021-09-01 14:11:36,892 [pool-426-thread-1] INFO  server.RaftServerConfigKeys (ConfUtils.java:logGet(44)) - raft.server.log.segment.size.max = 4194304 (custom)
2021-09-01 14:11:36,892 [pool-426-thread-1] INFO  server.RaftServerConfigKeys (ConfUtils.java:logGet(44)) - raft.server.log.preallocated.size = 4194304 (custom)
2021-09-01 14:11:36,892 [pool-426-thread-1] INFO  server.RaftServerConfigKeys (ConfUtils.java:logGet(44)) - raft.server.log.force.sync.num = 128 (default)
2021-09-01 14:11:36,892 [pool-426-thread-1] INFO  server.RaftServerConfigKeys (ConfUtils.java:logGet(44)) - raft.server.log.statemachine.data.sync = true (default)
2021-09-01 14:11:36,892 [pool-426-thread-1] INFO  server.RaftServerConfigKeys (ConfUtils.java:logGet(44)) - raft.server.log.statemachine.data.sync.timeout = 10s (default)
2021-09-01 14:11:36,892 [pool-426-thread-1] INFO  server.RaftServerConfigKeys (ConfUtils.java:logGet(44)) - raft.server.log.statemachine.data.sync.timeout.retry = -1 (default)
2021-09-01 14:11:36,899 [pool-426-thread-1] INFO  server.RaftServerConfigKeys (ConfUtils.java:logGet(44)) - raft.server.log.write.buffer.size = 64KB (=65536) (default)
2021-09-01 14:11:36,899 [pool-426-thread-1] INFO  server.RaftServerConfigKeys (ConfUtils.java:logGet(44)) - raft.server.log.statemachine.data.caching.enabled = false (default)
2021-09-01 14:11:36,899 [pool-426-thread-1] INFO  segmented.SegmentedRaftLogWorker (SegmentedRaftLogWorker.java:lambda$new$0(133)) - om1@group-C5BA1605619E-SegmentedRaftLogWorker: flushIndex: setUnconditionally 0 -> -1
2021-09-01 14:11:36,899 [pool-426-thread-1] INFO  segmented.SegmentedRaftLogWorker (SegmentedRaftLogWorker.java:lambda$new$0(133)) - om1@group-C5BA1605619E-SegmentedRaftLogWorker: safeCacheEvictIndex: setUnconditionally 0 -> -1
2021-09-01 14:11:36,899 [pool-426-thread-1] INFO  server.RaftServerConfigKeys (ConfUtils.java:logGet(44)) - raft.server.snapshot.auto.trigger.enabled = true (custom)
2021-09-01 14:11:36,899 [pool-426-thread-1] INFO  server.RaftServerConfigKeys (ConfUtils.java:logGet(44)) - raft.server.snapshot.auto.trigger.threshold = 400000 (default)
2021-09-01 14:11:36,899 [pool-426-thread-1] INFO  server.RaftServerConfigKeys (ConfUtils.java:logGet(44)) - raft.server.snapshot.retention.file.num = -1 (default)
2021-09-01 14:11:36,899 [pool-426-thread-1] INFO  server.RaftServerConfigKeys (ConfUtils.java:logGet(44)) - raft.server.log.purge.upto.snapshot.index = true (custom)
2021-09-01 14:11:36,899 [pool-426-thread-1] INFO  server.RaftServerConfigKeys (ConfUtils.java:logGet(44)) - raft.server.retrycache.expirytime = 300s (custom)
2021-09-01 14:11:36,899 [pool-426-thread-1] INFO  server.RaftServerConfigKeys (ConfUtils.java:logGet(44)) - raft.server.retrycache.statistics.expirytime = 100μs (default)
2021-09-01 14:11:36,909 [Listener at 127.0.0.1/44177] INFO  om.OzoneManager (OzoneManager.java:initFSOLayout(4321)) - Configured ozone.om.metadata.layout=SIMPLE and disabled optimized OM FS operations
2021-09-01 14:11:36,909 [Listener at 127.0.0.1/44177] INFO  impl.MetricsSystemImpl (MetricsSystemImpl.java:init(158)) - OzoneManager metrics system started (again)
2021-09-01 14:11:36,920 [Listener at 127.0.0.1/44177] INFO  om.OzoneManager (OzoneManager.java:start(1270)) - OzoneManager RPC server is listening at localhost/127.0.0.1:44177
2021-09-01 14:11:36,920 [Listener at 127.0.0.1/44177] INFO  ratis.OzoneManagerRatisServer (OzoneManagerRatisServer.java:start(516)) - Starting OzoneManagerRatisServer om1 at port 42135
2021-09-01 14:11:36,920 [Listener at 127.0.0.1/44177] INFO  server.RaftServer$Division (RaftServerImpl.java:start(296)) - om1@group-C5BA1605619E: start as a follower, conf=-1: [om1|rpc:localhost:42135|priority:0], old=null
2021-09-01 14:11:36,920 [Listener at 127.0.0.1/44177] INFO  server.RaftServer$Division (RaftServerImpl.java:setRole(285)) - om1@group-C5BA1605619E: changes role from      null to FOLLOWER at term 0 for startAsFollower
2021-09-01 14:11:36,920 [Listener at 127.0.0.1/44177] INFO  impl.RoleInfo (RoleInfo.java:updateAndGet(130)) - om1: start om1@group-C5BA1605619E-FollowerState
2021-09-01 14:11:36,920 [Listener at 127.0.0.1/44177] ERROR util.JmxRegister (JmxRegister.java:tryRegister(40)) - Failed to register JMX Bean with name Ratis:service=RaftServer,group=group-C5BA1605619E,id=om1
javax.management.InstanceAlreadyExistsException: Ratis:service=RaftServer,group=group-C5BA1605619E,id=om1
	at com.sun.jmx.mbeanserver.Repository.addMBean(Repository.java:437)
	at com.sun.jmx.interceptor.DefaultMBeanServerInterceptor.registerWithRepository(DefaultMBeanServerInterceptor.java:1898)
	at com.sun.jmx.interceptor.DefaultMBeanServerInterceptor.registerDynamicMBean(DefaultMBeanServerInterceptor.java:966)
	at com.sun.jmx.interceptor.DefaultMBeanServerInterceptor.registerObject(DefaultMBeanServerInterceptor.java:900)
	at com.sun.jmx.interceptor.DefaultMBeanServerInterceptor.registerMBean(DefaultMBeanServerInterceptor.java:324)
	at com.sun.jmx.mbeanserver.JmxMBeanServer.registerMBean(JmxMBeanServer.java:522)
	at org.apache.ratis.util.JmxRegister.tryRegister(JmxRegister.java:38)
	at org.apache.ratis.util.JmxRegister.register(JmxRegister.java:56)
	at org.apache.ratis.server.impl.RaftServerImpl.registerMBean(RaftServerImpl.java:312)
	at org.apache.ratis.server.impl.RaftServerImpl.start(RaftServerImpl.java:303)
	at java.util.stream.ForEachOps$ForEachOp$OfRef.accept(ForEachOps.java:183)
	at java.util.ArrayList$ArrayListSpliterator.forEachRemaining(ArrayList.java:1384)
	at java.util.stream.AbstractPipeline.copyInto(AbstractPipeline.java:482)
	at java.util.stream.ForEachOps$ForEachTask.compute(ForEachOps.java:290)
	at java.util.concurrent.CountedCompleter.exec(CountedCompleter.java:731)
	at java.util.concurrent.ForkJoinTask.doExec(ForkJoinTask.java:289)
	at java.util.concurrent.ForkJoinTask.doInvoke(ForkJoinTask.java:401)
	at java.util.concurrent.ForkJoinTask.invoke(ForkJoinTask.java:734)
	at java.util.stream.ForEachOps$ForEachOp.evaluateParallel(ForEachOps.java:159)
	at java.util.stream.ForEachOps$ForEachOp$OfRef.evaluateParallel(ForEachOps.java:173)
	at java.util.stream.AbstractPipeline.evaluate(AbstractPipeline.java:233)
	at java.util.stream.ReferencePipeline.forEach(ReferencePipeline.java:485)
	at java.util.stream.ReferencePipeline$Head.forEach(ReferencePipeline.java:650)
	at org.apache.ratis.server.impl.RaftServerProxy.start(RaftServerProxy.java:371)
	at org.apache.hadoop.ozone.om.ratis.OzoneManagerRatisServer.start(OzoneManagerRatisServer.java:518)
	at org.apache.hadoop.ozone.om.OzoneManager.start(OzoneManager.java:1279)
	at org.apache.hadoop.ozone.MiniOzoneClusterImpl$Builder.build(MiniOzoneClusterImpl.java:597)
	at org.apache.hadoop.ozone.MiniOzoneClusterProvider.lambda$createClusters$1(MiniOzoneClusterProvider.java:231)
	at java.lang.Thread.run(Thread.java:748)
2021-09-01 14:11:36,921 [Listener at 127.0.0.1/44177] ERROR util.JmxRegister (JmxRegister.java:tryRegister(40)) - Failed to register JMX Bean with name Ratis:service=RaftServer,group=group-C5BA1605619E,id="om1"
javax.management.InstanceAlreadyExistsException: Ratis:service=RaftServer,group=group-C5BA1605619E,id="om1"
	at com.sun.jmx.mbeanserver.Repository.addMBean(Repository.java:437)
	at com.sun.jmx.interceptor.DefaultMBeanServerInterceptor.registerWithRepository(DefaultMBeanServerInterceptor.java:1898)
	at com.sun.jmx.interceptor.DefaultMBeanServerInterceptor.registerDynamicMBean(DefaultMBeanServerInterceptor.java:966)
	at com.sun.jmx.interceptor.DefaultMBeanServerInterceptor.registerObject(DefaultMBeanServerInterceptor.java:900)
	at com.sun.jmx.interceptor.DefaultMBeanServerInterceptor.registerMBean(DefaultMBeanServerInterceptor.java:324)
	at com.sun.jmx.mbeanserver.JmxMBeanServer.registerMBean(JmxMBeanServer.java:522)
	at org.apache.ratis.util.JmxRegister.tryRegister(JmxRegister.java:38)
	at org.apache.ratis.util.JmxRegister.register(JmxRegister.java:56)
	at org.apache.ratis.server.impl.RaftServerImpl.registerMBean(RaftServerImpl.java:312)
	at org.apache.ratis.server.impl.RaftServerImpl.start(RaftServerImpl.java:303)
	at java.util.stream.ForEachOps$ForEachOp$OfRef.accept(ForEachOps.java:183)
	at java.util.ArrayList$ArrayListSpliterator.forEachRemaining(ArrayList.java:1384)
	at java.util.stream.AbstractPipeline.copyInto(AbstractPipeline.java:482)
	at java.util.stream.ForEachOps$ForEachTask.compute(ForEachOps.java:290)
	at java.util.concurrent.CountedCompleter.exec(CountedCompleter.java:731)
	at java.util.concurrent.ForkJoinTask.doExec(ForkJoinTask.java:289)
	at java.util.concurrent.ForkJoinTask.doInvoke(ForkJoinTask.java:401)
	at java.util.concurrent.ForkJoinTask.invoke(ForkJoinTask.java:734)
	at java.util.stream.ForEachOps$ForEachOp.evaluateParallel(ForEachOps.java:159)
	at java.util.stream.ForEachOps$ForEachOp$OfRef.evaluateParallel(ForEachOps.java:173)
	at java.util.stream.AbstractPipeline.evaluate(AbstractPipeline.java:233)
	at java.util.stream.ReferencePipeline.forEach(ReferencePipeline.java:485)
	at java.util.stream.ReferencePipeline$Head.forEach(ReferencePipeline.java:650)
	at org.apache.ratis.server.impl.RaftServerProxy.start(RaftServerProxy.java:371)
	at org.apache.hadoop.ozone.om.ratis.OzoneManagerRatisServer.start(OzoneManagerRatisServer.java:518)
	at org.apache.hadoop.ozone.om.OzoneManager.start(OzoneManager.java:1279)
	at org.apache.hadoop.ozone.MiniOzoneClusterImpl$Builder.build(MiniOzoneClusterImpl.java:597)
	at org.apache.hadoop.ozone.MiniOzoneClusterProvider.lambda$createClusters$1(MiniOzoneClusterProvider.java:231)
	at java.lang.Thread.run(Thread.java:748)
2021-09-01 14:11:36,921 [Listener at 127.0.0.1/44177] INFO  server.RaftServer (RaftServerProxy.java:lambda$start$5(374)) - om1: start RPC server
2021-09-01 14:11:36,922 [Listener at 127.0.0.1/44177] INFO  server.GrpcService (GrpcService.java:startImpl(253)) - om1: GrpcService started, listening on 42135
2021-09-01 14:11:36,922 [Listener at 127.0.0.1/44177] INFO  om.OzoneManager (OzoneManager.java:start(1288)) - Version File has different layout version (0) than OM DB (null). That is expected if this OM has never been finalized to a newer layout version.
2021-09-01 14:11:36,922 [org.apache.ratis.util.JvmPauseMonitor$$Lambda$534/1206384791@144b5c35] INFO  util.JvmPauseMonitor (JvmPauseMonitor.java:run(103)) - JvmPauseMonitor-om1: Started
2021-09-01 14:11:36,923 [Listener at 127.0.0.1/44177] INFO  http.BaseHttpServer (BaseHttpServer.java:newHttpServer2BuilderForOzone(209)) - Starting Web-server for ozoneManager at: http://0.0.0.0:0
2021-09-01 14:11:36,923 [Listener at 127.0.0.1/44177] INFO  http.BaseHttpServer (BaseHttpServer.java:<init>(107)) - Hadoop Security Enabled: false Ozone Security Enabled: false Ozone HTTP Security Enabled: false 
2021-09-01 14:11:36,924 [Listener at 127.0.0.1/44177] INFO  server.AuthenticationFilter (AuthenticationFilter.java:constructSecretProvider(240)) - Unable to initialize FileSignerSecretProvider, falling back to use random secrets.
2021-09-01 14:11:36,929 [Listener at 127.0.0.1/44177] WARN  http.HttpRequestLog (HttpRequestLog.java:getRequestLog(103)) - Jetty request log can only be enabled using Log4j
2021-09-01 14:11:36,930 [Listener at 127.0.0.1/44177] INFO  http.HttpServer2 (HttpServer2.java:addGlobalFilter(1030)) - Added global filter 'safety' (class=org.apache.hadoop.hdds.server.http.HttpServer2$QuotingInputFilter)
2021-09-01 14:11:36,930 [Listener at 127.0.0.1/44177] INFO  http.HttpServer2 (HttpServer2.java:addFilter(1006)) - Added filter static_user_filter (class=org.apache.hadoop.http.lib.StaticUserWebFilter$StaticUserFilter) to context ozoneManager
2021-09-01 14:11:36,930 [Listener at 127.0.0.1/44177] INFO  http.HttpServer2 (HttpServer2.java:addFilter(1014)) - Added filter static_user_filter (class=org.apache.hadoop.http.lib.StaticUserWebFilter$StaticUserFilter) to context logs
2021-09-01 14:11:36,930 [Listener at 127.0.0.1/44177] INFO  http.HttpServer2 (HttpServer2.java:addFilter(1014)) - Added filter static_user_filter (class=org.apache.hadoop.http.lib.StaticUserWebFilter$StaticUserFilter) to context static
2021-09-01 14:11:36,931 [Listener at 127.0.0.1/44177] INFO  http.HttpServer2 (HttpServer2.java:bindListener(1249)) - Jetty bound to port 38311
2021-09-01 14:11:36,931 [Listener at 127.0.0.1/44177] INFO  server.Server (Server.java:doStart(375)) - jetty-9.4.43.v20210629; built: 2021-06-30T11:07:22.254Z; git: 526006ecfa3af7f1a27ef3a288e2bef7ea9dd7e8; jvm 1.8.0_292-b10
2021-09-01 14:11:36,948 [Listener at 127.0.0.1/44177] INFO  server.session (DefaultSessionIdManager.java:doStart(334)) - DefaultSessionIdManager workerName=node0
2021-09-01 14:11:36,949 [Listener at 127.0.0.1/44177] INFO  server.session (DefaultSessionIdManager.java:doStart(339)) - No SessionScavenger set, using defaults
2021-09-01 14:11:36,949 [Listener at 127.0.0.1/44177] INFO  server.session (HouseKeeper.java:startScavenging(132)) - node0 Scavenging every 600000ms
2021-09-01 14:11:36,949 [Listener at 127.0.0.1/44177] INFO  handler.ContextHandler (ContextHandler.java:doStart(915)) - Started o.e.j.s.ServletContextHandler@6ea71072{logs,/logs,file:///home/runner/work/ozone/ozone/hadoop-ozone/integration-test/target/log,AVAILABLE}
2021-09-01 14:11:36,949 [Listener at 127.0.0.1/44177] INFO  handler.ContextHandler (ContextHandler.java:doStart(915)) - Started o.e.j.s.ServletContextHandler@29779dc{static,/static,file:///home/runner/work/ozone/ozone/hadoop-ozone/integration-test/target/test-classes/webapps/static,AVAILABLE}
2021-09-01 14:11:36,952 [Listener at 127.0.0.1/44177] INFO  handler.ContextHandler (ContextHandler.java:doStart(915)) - Started o.e.j.w.WebAppContext@1391b3e3{ozoneManager,/,file:///home/runner/work/ozone/ozone/hadoop-ozone/integration-test/target/test-classes/webapps/ozoneManager/,AVAILABLE}{file:/home/runner/work/ozone/ozone/hadoop-ozone/integration-test/target/test-classes/webapps/ozoneManager}
2021-09-01 14:11:36,954 [Listener at 127.0.0.1/44177] INFO  server.AbstractConnector (AbstractConnector.java:doStart(331)) - Started ServerConnector@7deebf6c{HTTP/1.1, (http/1.1)}{0.0.0.0:38311}
2021-09-01 14:11:36,954 [Listener at 127.0.0.1/44177] INFO  server.Server (Server.java:doStart(415)) - Started @38522ms
2021-09-01 14:11:36,954 [Listener at 127.0.0.1/44177] WARN  impl.MetricsSystemImpl (MetricsSystemImpl.java:register(279)) - Sink prometheus already exists!
2021-09-01 14:11:36,955 [Listener at 127.0.0.1/44177] INFO  http.BaseHttpServer (BaseHttpServer.java:updateConnectorAddress(329)) - HTTP server of ozoneManager listening at http://0.0.0.0:38311
2021-09-01 14:11:36,957 [IPC Server Responder] INFO  ipc.Server (Server.java:run(1507)) - IPC Server Responder: starting
2021-09-01 14:11:36,958 [IPC Server listener on 0] INFO  ipc.Server (Server.java:run(1344)) - IPC Server listener on 0: starting
2021-09-01 14:11:36,961 [Listener at 127.0.0.1/44177] INFO  om.OzoneManager (OzoneManager.java:startTrashEmptier(1531)) - Trash Interval set to 0. Files deleted will not move to trash
2021-09-01 14:11:36,975 [org.apache.hadoop.util.JvmPauseMonitor$Monitor@9bc851f] INFO  util.JvmPauseMonitor (JvmPauseMonitor.java:run(188)) - Starting JVM pause monitor
2021-09-01 14:11:36,985 [DatanodeAdminManager-0] INFO  node.DatanodeAdminMonitorImpl (DatanodeAdminMonitorImpl.java:run(136)) - There are 1 nodes tracked for decommission and maintenance. 0 pending nodes.
2021-09-01 14:11:36,987 [Listener at 127.0.0.1/44177] WARN  impl.MetricRegistriesImpl (MetricRegistriesImpl.java:addReporterRegistration(111)) - New reporters are added after registries were created. Some metrics will be missing from the reporter. Please add reporter before adding any new registry.
2021-09-01 14:11:36,987 [Listener at 127.0.0.1/44177] WARN  impl.MetricRegistriesImpl (MetricRegistriesImpl.java:addReporterRegistration(111)) - New reporters are added after registries were created. Some metrics will be missing from the reporter. Please add reporter before adding any new registry.
2021-09-01 14:11:36,987 [Listener at 127.0.0.1/44177] INFO  impl.MetricsSystemImpl (MetricsSystemImpl.java:init(158)) - HddsDatanode metrics system started (again)
2021-09-01 14:11:37,010 [ReplicationMonitor] INFO  container.ReplicationManager (ReplicationManager.java:processAll(359)) - Replication Monitor Thread took 0 milliseconds for processing 3 containers.
2021-09-01 14:11:37,011 [Listener at 127.0.0.1/44177] INFO  ozone.HddsDatanodeService (HddsDatanodeService.java:start(234)) - HddsDatanodeService host:fv-az148-824.bm4ck3pvxvsene1rjriu5fhcdb.bx.internal.cloudapp.net ip:10.1.0.27
2021-09-01 14:11:37,030 [Listener at 127.0.0.1/44177] INFO  upgrade.AbstractLayoutVersionManager (AbstractLayoutVersionManager.java:init(70)) - Initializing Layout version manager with metadata layout = SCM_HA (version = 2), software layout = SCM_HA (version = 2)
2021-09-01 14:11:37,063 [Listener at 127.0.0.1/44177] INFO  reflections.Reflections (Reflections.java:scan(232)) - Reflections took 32 ms to scan 7 urls, producing 120 keys and 275 values 
2021-09-01 14:11:37,071 [Listener at 127.0.0.1/44177] INFO  volume.HddsVolume (HddsVolume.java:<init>(120)) - Creating HddsVolume: /home/runner/work/ozone/ozone/hadoop-ozone/integration-test/target/test-dir/MiniOzoneClusterImpl-d7a4aa25-2cb2-423f-8a56-21877a9d22ed/datanode-0/data-0/containers/hdds of storage type : DISK capacity : 9223372036854775807
2021-09-01 14:11:37,071 [Listener at 127.0.0.1/44177] INFO  volume.MutableVolumeSet (MutableVolumeSet.java:initializeVolumeSet(181)) - Added Volume : /home/runner/work/ozone/ozone/hadoop-ozone/integration-test/target/test-dir/MiniOzoneClusterImpl-d7a4aa25-2cb2-423f-8a56-21877a9d22ed/datanode-0/data-0/containers/hdds to VolumeSet
2021-09-01 14:11:37,071 [Listener at 127.0.0.1/44177] INFO  volume.ThrottledAsyncChecker (ThrottledAsyncChecker.java:schedule(141)) - Scheduling a check for /home/runner/work/ozone/ozone/hadoop-ozone/integration-test/target/test-dir/MiniOzoneClusterImpl-d7a4aa25-2cb2-423f-8a56-21877a9d22ed/datanode-0/data-0/containers/hdds
2021-09-01 14:11:37,077 [Listener at 127.0.0.1/44177] INFO  volume.StorageVolumeChecker (StorageVolumeChecker.java:checkAllVolumes(202)) - Scheduled health check for volume /home/runner/work/ozone/ozone/hadoop-ozone/integration-test/target/test-dir/MiniOzoneClusterImpl-d7a4aa25-2cb2-423f-8a56-21877a9d22ed/datanode-0/data-0/containers/hdds
2021-09-01 14:11:37,090 [Listener at 127.0.0.1/44177] INFO  volume.MutableVolumeSet (MutableVolumeSet.java:initializeVolumeSet(181)) - Added Volume : /home/runner/work/ozone/ozone/hadoop-ozone/integration-test/target/test-dir/MiniOzoneClusterImpl-d7a4aa25-2cb2-423f-8a56-21877a9d22ed/datanode-0/data/ratis to VolumeSet
2021-09-01 14:11:37,090 [Listener at 127.0.0.1/44177] INFO  volume.ThrottledAsyncChecker (ThrottledAsyncChecker.java:schedule(141)) - Scheduling a check for /home/runner/work/ozone/ozone/hadoop-ozone/integration-test/target/test-dir/MiniOzoneClusterImpl-d7a4aa25-2cb2-423f-8a56-21877a9d22ed/datanode-0/data/ratis
2021-09-01 14:11:37,090 [Listener at 127.0.0.1/44177] INFO  volume.StorageVolumeChecker (StorageVolumeChecker.java:checkAllVolumes(202)) - Scheduled health check for volume /home/runner/work/ozone/ozone/hadoop-ozone/integration-test/target/test-dir/MiniOzoneClusterImpl-d7a4aa25-2cb2-423f-8a56-21877a9d22ed/datanode-0/data/ratis
2021-09-01 14:11:37,101 [Listener at 127.0.0.1/44177] INFO  ozoneimpl.ContainerReader (ContainerReader.java:<init>(98)) - Running in upgrade mode:true
2021-09-01 14:11:37,102 [Thread-982] INFO  ozoneimpl.ContainerReader (ContainerReader.java:readVolume(142)) - Start to verify containers on volume /home/runner/work/ozone/ozone/hadoop-ozone/integration-test/target/test-dir/MiniOzoneClusterImpl-d7a4aa25-2cb2-423f-8a56-21877a9d22ed/datanode-0/data-0/containers/hdds
2021-09-01 14:11:37,102 [Thread-982] INFO  ozoneimpl.ContainerReader (ContainerReader.java:readVolume(174)) - Finish verifying containers on volume /home/runner/work/ozone/ozone/hadoop-ozone/integration-test/target/test-dir/MiniOzoneClusterImpl-d7a4aa25-2cb2-423f-8a56-21877a9d22ed/datanode-0/data-0/containers/hdds
2021-09-01 14:11:37,102 [Listener at 127.0.0.1/44177] INFO  ozoneimpl.OzoneContainer (OzoneContainer.java:buildContainerSet(237)) - Build ContainerSet costs 0s
2021-09-01 14:11:37,104 [Listener at 127.0.0.1/44177] INFO  server.RaftServer (ConfUtils.java:logGet(44)) - raft.rpc.type = GRPC (default)
2021-09-01 14:11:37,104 [Listener at 127.0.0.1/44177] INFO  grpc.GrpcFactory (GrpcFactory.java:checkPooledByteBufAllocatorUseCacheForAllThreads(48)) - PERFORMANCE WARNING: useCacheForAllThreads is true that may cause Netty to create a lot garbage objects and, as a result, trigger GC.
	It is recommended to disable useCacheForAllThreads by setting -Dorg.apache.ratis.thirdparty.io.netty.allocator.useCacheForAllThreads=false in command line.
2021-09-01 14:11:37,104 [Listener at 127.0.0.1/44177] INFO  grpc.GrpcConfigKeys (ConfUtils.java:logGet(44)) - raft.grpc.admin.port = 0 (custom)
2021-09-01 14:11:37,104 [Listener at 127.0.0.1/44177] INFO  grpc.GrpcConfigKeys (ConfUtils.java:logGet(44)) - raft.grpc.client.port = 0 (custom)
2021-09-01 14:11:37,104 [Listener at 127.0.0.1/44177] INFO  grpc.GrpcConfigKeys (ConfUtils.java:logGet(44)) - raft.grpc.server.port = 0 (default)
2021-09-01 14:11:37,104 [Listener at 127.0.0.1/44177] INFO  server.GrpcService (ConfUtils.java:logGet(44)) - raft.grpc.message.size.max = 32MB (=33554432) (custom)
2021-09-01 14:11:37,104 [Listener at 127.0.0.1/44177] INFO  server.RaftServerConfigKeys (ConfUtils.java:logGet(44)) - raft.server.log.appender.buffer.byte-limit = 33554432 (custom)
2021-09-01 14:11:37,104 [Listener at 127.0.0.1/44177] INFO  server.GrpcService (ConfUtils.java:logGet(44)) - raft.grpc.flow.control.window = 5MB (=5242880) (custom)
2021-09-01 14:11:37,104 [Listener at 127.0.0.1/44177] INFO  server.RaftServerConfigKeys (ConfUtils.java:logGet(44)) - raft.server.rpc.request.timeout = 60s (custom)
2021-09-01 14:11:37,106 [Listener at 127.0.0.1/44177] INFO  impl.DataStreamServerImpl (ConfUtils.java:logGet(44)) - raft.datastream.type = DISABLED (default)
2021-09-01 14:11:37,106 [Listener at 127.0.0.1/44177] INFO  server.RaftServerConfigKeys (ConfUtils.java:logGet(44)) - raft.server.rpc.slowness.timeout = 300s (custom)
2021-09-01 14:11:37,106 [Listener at 127.0.0.1/44177] INFO  server.RaftServerConfigKeys (ConfUtils.java:logGet(44)) - raft.server.leaderelection.leader.step-down.wait-time = 10s (default)
2021-09-01 14:11:37,106 [Listener at 127.0.0.1/44177] INFO  server.RaftServerConfigKeys (ConfUtils.java:logGet(44)) - raft.server.storage.dir = [/home/runner/work/ozone/ozone/hadoop-ozone/integration-test/target/test-dir/MiniOzoneClusterImpl-d7a4aa25-2cb2-423f-8a56-21877a9d22ed/datanode-0/data/ratis] (custom)
2021-09-01 14:11:37,109 [Listener at 127.0.0.1/44177] INFO  http.BaseHttpServer (BaseHttpServer.java:newHttpServer2BuilderForOzone(209)) - Starting Web-server for hddsDatanode at: http://0.0.0.0:0
2021-09-01 14:11:37,109 [Listener at 127.0.0.1/44177] INFO  http.BaseHttpServer (BaseHttpServer.java:<init>(107)) - Hadoop Security Enabled: false Ozone Security Enabled: false Ozone HTTP Security Enabled: false 
2021-09-01 14:11:37,110 [Listener at 127.0.0.1/44177] INFO  server.AuthenticationFilter (AuthenticationFilter.java:constructSecretProvider(240)) - Unable to initialize FileSignerSecretProvider, falling back to use random secrets.
2021-09-01 14:11:37,113 [Listener at 127.0.0.1/44177] WARN  http.HttpRequestLog (HttpRequestLog.java:getRequestLog(103)) - Jetty request log can only be enabled using Log4j
2021-09-01 14:11:37,113 [Listener at 127.0.0.1/44177] INFO  http.HttpServer2 (HttpServer2.java:addGlobalFilter(1030)) - Added global filter 'safety' (class=org.apache.hadoop.hdds.server.http.HttpServer2$QuotingInputFilter)
2021-09-01 14:11:37,114 [Listener at 127.0.0.1/44177] INFO  http.HttpServer2 (HttpServer2.java:addFilter(1006)) - Added filter static_user_filter (class=org.apache.hadoop.http.lib.StaticUserWebFilter$StaticUserFilter) to context hddsDatanode
2021-09-01 14:11:37,114 [Listener at 127.0.0.1/44177] INFO  http.HttpServer2 (HttpServer2.java:addFilter(1014)) - Added filter static_user_filter (class=org.apache.hadoop.http.lib.StaticUserWebFilter$StaticUserFilter) to context logs
2021-09-01 14:11:37,114 [Listener at 127.0.0.1/44177] INFO  http.HttpServer2 (HttpServer2.java:addFilter(1014)) - Added filter static_user_filter (class=org.apache.hadoop.http.lib.StaticUserWebFilter$StaticUserFilter) to context static
2021-09-01 14:11:37,117 [Listener at 127.0.0.1/44177] INFO  http.HttpServer2 (HttpServer2.java:bindListener(1249)) - Jetty bound to port 36251
2021-09-01 14:11:37,119 [Listener at 127.0.0.1/44177] INFO  server.Server (Server.java:doStart(375)) - jetty-9.4.43.v20210629; built: 2021-06-30T11:07:22.254Z; git: 526006ecfa3af7f1a27ef3a288e2bef7ea9dd7e8; jvm 1.8.0_292-b10
2021-09-01 14:11:37,120 [Listener at 127.0.0.1/44177] INFO  server.session (DefaultSessionIdManager.java:doStart(334)) - DefaultSessionIdManager workerName=node0
2021-09-01 14:11:37,120 [Listener at 127.0.0.1/44177] INFO  server.session (DefaultSessionIdManager.java:doStart(339)) - No SessionScavenger set, using defaults
2021-09-01 14:11:37,120 [Listener at 127.0.0.1/44177] INFO  server.session (HouseKeeper.java:startScavenging(132)) - node0 Scavenging every 660000ms
2021-09-01 14:11:37,121 [Listener at 127.0.0.1/44177] INFO  handler.ContextHandler (ContextHandler.java:doStart(915)) - Started o.e.j.s.ServletContextHandler@78c8171b{logs,/logs,file:///home/runner/work/ozone/ozone/hadoop-ozone/integration-test/target/log,AVAILABLE}
2021-09-01 14:11:37,121 [Listener at 127.0.0.1/44177] INFO  handler.ContextHandler (ContextHandler.java:doStart(915)) - Started o.e.j.s.ServletContextHandler@73dab442{static,/static,jar:file:/home/runner/.m2/repository/org/apache/ozone/hdds-container-service/1.2.0-SNAPSHOT/hdds-container-service-1.2.0-SNAPSHOT.jar!/webapps/static,AVAILABLE}
2021-09-01 14:11:37,162 [Listener at 127.0.0.1/44177] INFO  handler.ContextHandler (ContextHandler.java:doStart(915)) - Started o.e.j.w.WebAppContext@6c3f906e{hddsDatanode,/,file:///tmp/jetty-0_0_0_0-36251-hdds-container-service-1_2_0-SNAPSHOT_jar-_-any-7519896657390949515/webapp/,AVAILABLE}{jar:file:/home/runner/.m2/repository/org/apache/ozone/hdds-container-service/1.2.0-SNAPSHOT/hdds-container-service-1.2.0-SNAPSHOT.jar!/webapps/hddsDatanode}
2021-09-01 14:11:37,164 [Listener at 127.0.0.1/44177] INFO  server.AbstractConnector (AbstractConnector.java:doStart(331)) - Started ServerConnector@143493f2{HTTP/1.1, (http/1.1)}{0.0.0.0:36251}
2021-09-01 14:11:37,165 [Listener at 127.0.0.1/44177] INFO  server.Server (Server.java:doStart(415)) - Started @38732ms
2021-09-01 14:11:37,165 [Listener at 127.0.0.1/44177] WARN  impl.MetricsSystemImpl (MetricsSystemImpl.java:register(279)) - Sink prometheus already exists!
2021-09-01 14:11:37,165 [Listener at 127.0.0.1/44177] INFO  http.BaseHttpServer (BaseHttpServer.java:updateConnectorAddress(329)) - HTTP server of hddsDatanode listening at http://0.0.0.0:36251
2021-09-01 14:11:37,168 [Listener at 127.0.0.1/44177] WARN  impl.MetricRegistriesImpl (MetricRegistriesImpl.java:addReporterRegistration(111)) - New reporters are added after registries were created. Some metrics will be missing from the reporter. Please add reporter before adding any new registry.
2021-09-01 14:11:37,168 [Listener at 127.0.0.1/44177] WARN  impl.MetricRegistriesImpl (MetricRegistriesImpl.java:addReporterRegistration(111)) - New reporters are added after registries were created. Some metrics will be missing from the reporter. Please add reporter before adding any new registry.
2021-09-01 14:11:37,168 [Listener at 127.0.0.1/44177] INFO  impl.MetricsSystemImpl (MetricsSystemImpl.java:init(158)) - HddsDatanode metrics system started (again)
2021-09-01 14:11:37,188 [Listener at 127.0.0.1/44177] INFO  ozone.HddsDatanodeService (HddsDatanodeService.java:start(234)) - HddsDatanodeService host:fv-az148-824.bm4ck3pvxvsene1rjriu5fhcdb.bx.internal.cloudapp.net ip:10.1.0.27
2021-09-01 14:11:37,201 [org.apache.hadoop.util.JvmPauseMonitor$Monitor@705daaac] INFO  util.JvmPauseMonitor (JvmPauseMonitor.java:run(188)) - Starting JVM pause monitor
2021-09-01 14:11:37,205 [Datanode State Machine Task Thread - 0] INFO  datanode.InitDatanodeState (InitDatanodeState.java:persistContainerDatanodeDetails(145)) - DatanodeDetails is persisted to /home/runner/work/ozone/ozone/hadoop-ozone/integration-test/target/test-dir/MiniOzoneClusterImpl-d7a4aa25-2cb2-423f-8a56-21877a9d22ed/datanode-0/meta/datanode.id
2021-09-01 14:11:37,214 [Listener at 127.0.0.1/44177] INFO  upgrade.AbstractLayoutVersionManager (AbstractLayoutVersionManager.java:init(70)) - Initializing Layout version manager with metadata layout = SCM_HA (version = 2), software layout = SCM_HA (version = 2)
2021-09-01 14:11:37,260 [Listener at 127.0.0.1/44177] INFO  reflections.Reflections (Reflections.java:scan(232)) - Reflections took 45 ms to scan 7 urls, producing 120 keys and 275 values 
2021-09-01 14:11:37,266 [Listener at 127.0.0.1/44177] INFO  volume.HddsVolume (HddsVolume.java:<init>(120)) - Creating HddsVolume: /home/runner/work/ozone/ozone/hadoop-ozone/integration-test/target/test-dir/MiniOzoneClusterImpl-d7a4aa25-2cb2-423f-8a56-21877a9d22ed/datanode-1/data-0/containers/hdds of storage type : DISK capacity : 9223372036854775807
2021-09-01 14:11:37,266 [Listener at 127.0.0.1/44177] INFO  volume.MutableVolumeSet (MutableVolumeSet.java:initializeVolumeSet(181)) - Added Volume : /home/runner/work/ozone/ozone/hadoop-ozone/integration-test/target/test-dir/MiniOzoneClusterImpl-d7a4aa25-2cb2-423f-8a56-21877a9d22ed/datanode-1/data-0/containers/hdds to VolumeSet
2021-09-01 14:11:37,266 [Listener at 127.0.0.1/44177] INFO  volume.ThrottledAsyncChecker (ThrottledAsyncChecker.java:schedule(141)) - Scheduling a check for /home/runner/work/ozone/ozone/hadoop-ozone/integration-test/target/test-dir/MiniOzoneClusterImpl-d7a4aa25-2cb2-423f-8a56-21877a9d22ed/datanode-1/data-0/containers/hdds
2021-09-01 14:11:37,267 [Listener at 127.0.0.1/44177] INFO  volume.StorageVolumeChecker (StorageVolumeChecker.java:checkAllVolumes(202)) - Scheduled health check for volume /home/runner/work/ozone/ozone/hadoop-ozone/integration-test/target/test-dir/MiniOzoneClusterImpl-d7a4aa25-2cb2-423f-8a56-21877a9d22ed/datanode-1/data-0/containers/hdds
2021-09-01 14:11:37,279 [Listener at 127.0.0.1/44177] INFO  volume.MutableVolumeSet (MutableVolumeSet.java:initializeVolumeSet(181)) - Added Volume : /home/runner/work/ozone/ozone/hadoop-ozone/integration-test/target/test-dir/MiniOzoneClusterImpl-d7a4aa25-2cb2-423f-8a56-21877a9d22ed/datanode-1/data/ratis to VolumeSet
2021-09-01 14:11:37,279 [Listener at 127.0.0.1/44177] INFO  volume.ThrottledAsyncChecker (ThrottledAsyncChecker.java:schedule(141)) - Scheduling a check for /home/runner/work/ozone/ozone/hadoop-ozone/integration-test/target/test-dir/MiniOzoneClusterImpl-d7a4aa25-2cb2-423f-8a56-21877a9d22ed/datanode-1/data/ratis
2021-09-01 14:11:37,279 [Listener at 127.0.0.1/44177] INFO  volume.StorageVolumeChecker (StorageVolumeChecker.java:checkAllVolumes(202)) - Scheduled health check for volume /home/runner/work/ozone/ozone/hadoop-ozone/integration-test/target/test-dir/MiniOzoneClusterImpl-d7a4aa25-2cb2-423f-8a56-21877a9d22ed/datanode-1/data/ratis
2021-09-01 14:11:37,293 [Listener at 127.0.0.1/44177] INFO  ozoneimpl.ContainerReader (ContainerReader.java:<init>(98)) - Running in upgrade mode:true
2021-09-01 14:11:37,295 [Thread-994] INFO  ozoneimpl.ContainerReader (ContainerReader.java:readVolume(142)) - Start to verify containers on volume /home/runner/work/ozone/ozone/hadoop-ozone/integration-test/target/test-dir/MiniOzoneClusterImpl-d7a4aa25-2cb2-423f-8a56-21877a9d22ed/datanode-1/data-0/containers/hdds
2021-09-01 14:11:37,295 [Thread-994] INFO  ozoneimpl.ContainerReader (ContainerReader.java:readVolume(174)) - Finish verifying containers on volume /home/runner/work/ozone/ozone/hadoop-ozone/integration-test/target/test-dir/MiniOzoneClusterImpl-d7a4aa25-2cb2-423f-8a56-21877a9d22ed/datanode-1/data-0/containers/hdds
2021-09-01 14:11:37,295 [Listener at 127.0.0.1/44177] INFO  ozoneimpl.OzoneContainer (OzoneContainer.java:buildContainerSet(237)) - Build ContainerSet costs 0s
2021-09-01 14:11:37,297 [Listener at 127.0.0.1/44177] INFO  server.RaftServer (ConfUtils.java:logGet(44)) - raft.rpc.type = GRPC (default)
2021-09-01 14:11:37,298 [Listener at 127.0.0.1/44177] INFO  grpc.GrpcFactory (GrpcFactory.java:checkPooledByteBufAllocatorUseCacheForAllThreads(48)) - PERFORMANCE WARNING: useCacheForAllThreads is true that may cause Netty to create a lot garbage objects and, as a result, trigger GC.
	It is recommended to disable useCacheForAllThreads by setting -Dorg.apache.ratis.thirdparty.io.netty.allocator.useCacheForAllThreads=false in command line.
2021-09-01 14:11:37,298 [Listener at 127.0.0.1/44177] INFO  grpc.GrpcConfigKeys (ConfUtils.java:logGet(44)) - raft.grpc.admin.port = 0 (custom)
2021-09-01 14:11:37,298 [Listener at 127.0.0.1/44177] INFO  grpc.GrpcConfigKeys (ConfUtils.java:logGet(44)) - raft.grpc.client.port = 0 (custom)
2021-09-01 14:11:37,298 [Listener at 127.0.0.1/44177] INFO  grpc.GrpcConfigKeys (ConfUtils.java:logGet(44)) - raft.grpc.server.port = 0 (default)
2021-09-01 14:11:37,298 [Listener at 127.0.0.1/44177] INFO  server.GrpcService (ConfUtils.java:logGet(44)) - raft.grpc.message.size.max = 32MB (=33554432) (custom)
2021-09-01 14:11:37,298 [Listener at 127.0.0.1/44177] INFO  server.RaftServerConfigKeys (ConfUtils.java:logGet(44)) - raft.server.log.appender.buffer.byte-limit = 33554432 (custom)
2021-09-01 14:11:37,298 [Listener at 127.0.0.1/44177] INFO  server.GrpcService (ConfUtils.java:logGet(44)) - raft.grpc.flow.control.window = 5MB (=5242880) (custom)
2021-09-01 14:11:37,298 [Listener at 127.0.0.1/44177] INFO  server.RaftServerConfigKeys (ConfUtils.java:logGet(44)) - raft.server.rpc.request.timeout = 60s (custom)
2021-09-01 14:11:37,299 [Listener at 127.0.0.1/44177] INFO  impl.DataStreamServerImpl (ConfUtils.java:logGet(44)) - raft.datastream.type = DISABLED (default)
2021-09-01 14:11:37,299 [Listener at 127.0.0.1/44177] INFO  server.RaftServerConfigKeys (ConfUtils.java:logGet(44)) - raft.server.rpc.slowness.timeout = 300s (custom)
2021-09-01 14:11:37,299 [Listener at 127.0.0.1/44177] INFO  server.RaftServerConfigKeys (ConfUtils.java:logGet(44)) - raft.server.leaderelection.leader.step-down.wait-time = 10s (default)
2021-09-01 14:11:37,299 [Listener at 127.0.0.1/44177] INFO  server.RaftServerConfigKeys (ConfUtils.java:logGet(44)) - raft.server.storage.dir = [/home/runner/work/ozone/ozone/hadoop-ozone/integration-test/target/test-dir/MiniOzoneClusterImpl-d7a4aa25-2cb2-423f-8a56-21877a9d22ed/datanode-1/data/ratis] (custom)
2021-09-01 14:11:37,301 [Listener at 127.0.0.1/44177] INFO  http.BaseHttpServer (BaseHttpServer.java:newHttpServer2BuilderForOzone(209)) - Starting Web-server for hddsDatanode at: http://0.0.0.0:0
2021-09-01 14:11:37,301 [Listener at 127.0.0.1/44177] INFO  http.BaseHttpServer (BaseHttpServer.java:<init>(107)) - Hadoop Security Enabled: false Ozone Security Enabled: false Ozone HTTP Security Enabled: false 
2021-09-01 14:11:37,302 [Listener at 127.0.0.1/44177] INFO  server.AuthenticationFilter (AuthenticationFilter.java:constructSecretProvider(240)) - Unable to initialize FileSignerSecretProvider, falling back to use random secrets.
2021-09-01 14:11:37,302 [Listener at 127.0.0.1/44177] WARN  http.HttpRequestLog (HttpRequestLog.java:getRequestLog(103)) - Jetty request log can only be enabled using Log4j
2021-09-01 14:11:37,304 [Listener at 127.0.0.1/44177] INFO  http.HttpServer2 (HttpServer2.java:addGlobalFilter(1030)) - Added global filter 'safety' (class=org.apache.hadoop.hdds.server.http.HttpServer2$QuotingInputFilter)
2021-09-01 14:11:37,304 [Listener at 127.0.0.1/44177] INFO  http.HttpServer2 (HttpServer2.java:addFilter(1006)) - Added filter static_user_filter (class=org.apache.hadoop.http.lib.StaticUserWebFilter$StaticUserFilter) to context hddsDatanode
2021-09-01 14:11:37,304 [Listener at 127.0.0.1/44177] INFO  http.HttpServer2 (HttpServer2.java:addFilter(1014)) - Added filter static_user_filter (class=org.apache.hadoop.http.lib.StaticUserWebFilter$StaticUserFilter) to context logs
2021-09-01 14:11:37,304 [Listener at 127.0.0.1/44177] INFO  http.HttpServer2 (HttpServer2.java:addFilter(1014)) - Added filter static_user_filter (class=org.apache.hadoop.http.lib.StaticUserWebFilter$StaticUserFilter) to context static
2021-09-01 14:11:37,304 [Listener at 127.0.0.1/44177] INFO  http.HttpServer2 (HttpServer2.java:bindListener(1249)) - Jetty bound to port 34739
2021-09-01 14:11:37,304 [Listener at 127.0.0.1/44177] INFO  server.Server (Server.java:doStart(375)) - jetty-9.4.43.v20210629; built: 2021-06-30T11:07:22.254Z; git: 526006ecfa3af7f1a27ef3a288e2bef7ea9dd7e8; jvm 1.8.0_292-b10
2021-09-01 14:11:37,507 [5b3e2d2c-648b-402a-a457-d38acf1cc2f9@group-033642DB8999-FollowerState] INFO  impl.FollowerState (FollowerState.java:run(134)) - 5b3e2d2c-648b-402a-a457-d38acf1cc2f9@group-033642DB8999-FollowerState: change to CANDIDATE, lastRpcElapsedTime:5290358220ns, electionTimeout:5163ms
2021-09-01 14:11:37,507 [5b3e2d2c-648b-402a-a457-d38acf1cc2f9@group-033642DB8999-FollowerState] INFO  impl.RoleInfo (RoleInfo.java:shutdownFollowerState(108)) - 5b3e2d2c-648b-402a-a457-d38acf1cc2f9: shutdown 5b3e2d2c-648b-402a-a457-d38acf1cc2f9@group-033642DB8999-FollowerState
2021-09-01 14:11:37,507 [5f4ce7d7-9eea-43d1-b933-2c22a00d0a16@group-033642DB8999-FollowerState] INFO  impl.FollowerState (FollowerState.java:run(134)) - 5f4ce7d7-9eea-43d1-b933-2c22a00d0a16@group-033642DB8999-FollowerState: change to CANDIDATE, lastRpcElapsedTime:5301102478ns, electionTimeout:5143ms
2021-09-01 14:11:37,507 [5b3e2d2c-648b-402a-a457-d38acf1cc2f9@group-033642DB8999-FollowerState] INFO  server.RaftServer$Division (RaftServerImpl.java:setRole(285)) - 5b3e2d2c-648b-402a-a457-d38acf1cc2f9@group-033642DB8999: changes role from  FOLLOWER to CANDIDATE at term 1 for changeToCandidate
2021-09-01 14:11:37,507 [5b3e2d2c-648b-402a-a457-d38acf1cc2f9@group-033642DB8999-FollowerState] INFO  server.RaftServerConfigKeys (ConfUtils.java:logGet(44)) - raft.server.leaderelection.pre-vote = false (custom)
2021-09-01 14:11:37,507 [5b3e2d2c-648b-402a-a457-d38acf1cc2f9@group-033642DB8999-FollowerState] INFO  impl.RoleInfo (RoleInfo.java:updateAndGet(130)) - 5b3e2d2c-648b-402a-a457-d38acf1cc2f9: start 5b3e2d2c-648b-402a-a457-d38acf1cc2f9@group-033642DB8999-LeaderElection23
2021-09-01 14:11:37,507 [5f4ce7d7-9eea-43d1-b933-2c22a00d0a16@group-033642DB8999-FollowerState] INFO  impl.RoleInfo (RoleInfo.java:shutdownFollowerState(108)) - 5f4ce7d7-9eea-43d1-b933-2c22a00d0a16: shutdown 5f4ce7d7-9eea-43d1-b933-2c22a00d0a16@group-033642DB8999-FollowerState
2021-09-01 14:11:37,508 [5f4ce7d7-9eea-43d1-b933-2c22a00d0a16@group-033642DB8999-FollowerState] INFO  server.RaftServer$Division (RaftServerImpl.java:setRole(285)) - 5f4ce7d7-9eea-43d1-b933-2c22a00d0a16@group-033642DB8999: changes role from  FOLLOWER to CANDIDATE at term 1 for changeToCandidate
2021-09-01 14:11:37,513 [44d9a463-e606-45f4-b26f-9a0dec6122aa@group-033642DB8999-FollowerState] INFO  impl.FollowerState (FollowerState.java:run(134)) - 44d9a463-e606-45f4-b26f-9a0dec6122aa@group-033642DB8999-FollowerState: change to CANDIDATE, lastRpcElapsedTime:5286476263ns, electionTimeout:5077ms
2021-09-01 14:11:37,513 [44d9a463-e606-45f4-b26f-9a0dec6122aa@group-033642DB8999-FollowerState] INFO  impl.RoleInfo (RoleInfo.java:shutdownFollowerState(108)) - 44d9a463-e606-45f4-b26f-9a0dec6122aa: shutdown 44d9a463-e606-45f4-b26f-9a0dec6122aa@group-033642DB8999-FollowerState
2021-09-01 14:11:37,513 [44d9a463-e606-45f4-b26f-9a0dec6122aa@group-033642DB8999-FollowerState] INFO  server.RaftServer$Division (RaftServerImpl.java:setRole(285)) - 44d9a463-e606-45f4-b26f-9a0dec6122aa@group-033642DB8999: changes role from  FOLLOWER to CANDIDATE at term 1 for changeToCandidate
2021-09-01 14:11:37,513 [44d9a463-e606-45f4-b26f-9a0dec6122aa@group-033642DB8999-FollowerState] INFO  server.RaftServerConfigKeys (ConfUtils.java:logGet(44)) - raft.server.leaderelection.pre-vote = false (custom)
2021-09-01 14:11:37,513 [44d9a463-e606-45f4-b26f-9a0dec6122aa@group-033642DB8999-FollowerState] INFO  impl.RoleInfo (RoleInfo.java:updateAndGet(130)) - 44d9a463-e606-45f4-b26f-9a0dec6122aa: start 44d9a463-e606-45f4-b26f-9a0dec6122aa@group-033642DB8999-LeaderElection25
2021-09-01 14:11:37,516 [44d9a463-e606-45f4-b26f-9a0dec6122aa@group-033642DB8999-LeaderElection25] INFO  impl.LeaderElection (LeaderElection.java:askForVotes(306)) - 44d9a463-e606-45f4-b26f-9a0dec6122aa@group-033642DB8999-LeaderElection25 ELECTION round 0: submit vote requests at term 2 for -1: [5b3e2d2c-648b-402a-a457-d38acf1cc2f9|rpc:10.1.0.27:42361|priority:0, 5f4ce7d7-9eea-43d1-b933-2c22a00d0a16|rpc:10.1.0.27:33785|priority:0, 44d9a463-e606-45f4-b26f-9a0dec6122aa|rpc:10.1.0.27:36785|priority:1], old=null
2021-09-01 14:11:37,522 [Listener at 127.0.0.1/44177] INFO  server.session (DefaultSessionIdManager.java:doStart(334)) - DefaultSessionIdManager workerName=node0
2021-09-01 14:11:37,522 [Listener at 127.0.0.1/44177] INFO  server.session (DefaultSessionIdManager.java:doStart(339)) - No SessionScavenger set, using defaults
2021-09-01 14:11:37,522 [Listener at 127.0.0.1/44177] INFO  server.session (HouseKeeper.java:startScavenging(132)) - node0 Scavenging every 660000ms
2021-09-01 14:11:37,523 [Listener at 127.0.0.1/44177] INFO  handler.ContextHandler (ContextHandler.java:doStart(915)) - Started o.e.j.s.ServletContextHandler@71d180b9{logs,/logs,file:///home/runner/work/ozone/ozone/hadoop-ozone/integration-test/target/log,AVAILABLE}
2021-09-01 14:11:37,523 [Listener at 127.0.0.1/44177] INFO  handler.ContextHandler (ContextHandler.java:doStart(915)) - Started o.e.j.s.ServletContextHandler@5422f449{static,/static,jar:file:/home/runner/.m2/repository/org/apache/ozone/hdds-container-service/1.2.0-SNAPSHOT/hdds-container-service-1.2.0-SNAPSHOT.jar!/webapps/static,AVAILABLE}
2021-09-01 14:11:37,549 [5f4ce7d7-9eea-43d1-b933-2c22a00d0a16@group-033642DB8999-FollowerState] INFO  server.RaftServerConfigKeys (ConfUtils.java:logGet(44)) - raft.server.leaderelection.pre-vote = false (custom)
2021-09-01 14:11:37,549 [5f4ce7d7-9eea-43d1-b933-2c22a00d0a16@group-033642DB8999-FollowerState] INFO  impl.RoleInfo (RoleInfo.java:updateAndGet(130)) - 5f4ce7d7-9eea-43d1-b933-2c22a00d0a16: start 5f4ce7d7-9eea-43d1-b933-2c22a00d0a16@group-033642DB8999-LeaderElection24
2021-09-01 14:11:37,550 [grpc-default-executor-3] INFO  server.RaftServer$Division (RaftServerImpl.java:requestVote(1043)) - 5b3e2d2c-648b-402a-a457-d38acf1cc2f9@group-033642DB8999: receive requestVote(ELECTION, 44d9a463-e606-45f4-b26f-9a0dec6122aa, group-033642DB8999, 2, (t:0, i:0))
2021-09-01 14:11:37,551 [5b3e2d2c-648b-402a-a457-d38acf1cc2f9@group-033642DB8999-LeaderElection23] INFO  impl.LeaderElection (LeaderElection.java:askForVotes(306)) - 5b3e2d2c-648b-402a-a457-d38acf1cc2f9@group-033642DB8999-LeaderElection23 ELECTION round 0: submit vote requests at term 2 for -1: [5b3e2d2c-648b-402a-a457-d38acf1cc2f9|rpc:10.1.0.27:42361|dataStream:|priority:0, 5f4ce7d7-9eea-43d1-b933-2c22a00d0a16|rpc:10.1.0.27:33785|dataStream:|priority:0, 44d9a463-e606-45f4-b26f-9a0dec6122aa|rpc:10.1.0.27:36785|dataStream:|priority:1], old=null
2021-09-01 14:11:37,551 [grpc-default-executor-3] INFO  impl.VoteContext (VoteContext.java:log(48)) - 5b3e2d2c-648b-402a-a457-d38acf1cc2f9@group-033642DB8999-CANDIDATE: reject ELECTION from 44d9a463-e606-45f4-b26f-9a0dec6122aa: already has voted for 5b3e2d2c-648b-402a-a457-d38acf1cc2f9 at current term 2
2021-09-01 14:11:37,552 [grpc-default-executor-3] INFO  server.RaftServer$Division (RaftServerImpl.java:requestVote(1075)) - 5b3e2d2c-648b-402a-a457-d38acf1cc2f9@group-033642DB8999 replies to ELECTION vote request: 44d9a463-e606-45f4-b26f-9a0dec6122aa<-5b3e2d2c-648b-402a-a457-d38acf1cc2f9#0:FAIL-t2. Peer's state: 5b3e2d2c-648b-402a-a457-d38acf1cc2f9@group-033642DB8999:t2, leader=null, voted=5b3e2d2c-648b-402a-a457-d38acf1cc2f9, raftlog=5b3e2d2c-648b-402a-a457-d38acf1cc2f9@group-033642DB8999-SegmentedRaftLog:OPENED:c-1,f-1,i0, conf=-1: [5b3e2d2c-648b-402a-a457-d38acf1cc2f9|rpc:10.1.0.27:42361|dataStream:|priority:0, 5f4ce7d7-9eea-43d1-b933-2c22a00d0a16|rpc:10.1.0.27:33785|dataStream:|priority:0, 44d9a463-e606-45f4-b26f-9a0dec6122aa|rpc:10.1.0.27:36785|dataStream:|priority:1], old=null
2021-09-01 14:11:37,567 [5f4ce7d7-9eea-43d1-b933-2c22a00d0a16@group-033642DB8999-LeaderElection24] INFO  impl.LeaderElection (LeaderElection.java:askForVotes(306)) - 5f4ce7d7-9eea-43d1-b933-2c22a00d0a16@group-033642DB8999-LeaderElection24 ELECTION round 0: submit vote requests at term 2 for -1: [5b3e2d2c-648b-402a-a457-d38acf1cc2f9|rpc:10.1.0.27:42361|dataStream:|priority:0, 5f4ce7d7-9eea-43d1-b933-2c22a00d0a16|rpc:10.1.0.27:33785|dataStream:|priority:0, 44d9a463-e606-45f4-b26f-9a0dec6122aa|rpc:10.1.0.27:36785|dataStream:|priority:1], old=null
2021-09-01 14:11:37,608 [grpc-default-executor-0] INFO  server.RaftServer$Division (RaftServerImpl.java:requestVote(1043)) - 5f4ce7d7-9eea-43d1-b933-2c22a00d0a16@group-033642DB8999: receive requestVote(ELECTION, 5b3e2d2c-648b-402a-a457-d38acf1cc2f9, group-033642DB8999, 2, (t:0, i:0))
2021-09-01 14:11:37,608 [grpc-default-executor-0] INFO  impl.VoteContext (VoteContext.java:log(48)) - 5f4ce7d7-9eea-43d1-b933-2c22a00d0a16@group-033642DB8999-CANDIDATE: reject ELECTION from 5b3e2d2c-648b-402a-a457-d38acf1cc2f9: already has voted for 5f4ce7d7-9eea-43d1-b933-2c22a00d0a16 at current term 2
2021-09-01 14:11:37,608 [grpc-default-executor-0] INFO  server.RaftServer$Division (RaftServerImpl.java:requestVote(1075)) - 5f4ce7d7-9eea-43d1-b933-2c22a00d0a16@group-033642DB8999 replies to ELECTION vote request: 5b3e2d2c-648b-402a-a457-d38acf1cc2f9<-5f4ce7d7-9eea-43d1-b933-2c22a00d0a16#0:FAIL-t2. Peer's state: 5f4ce7d7-9eea-43d1-b933-2c22a00d0a16@group-033642DB8999:t2, leader=null, voted=5f4ce7d7-9eea-43d1-b933-2c22a00d0a16, raftlog=5f4ce7d7-9eea-43d1-b933-2c22a00d0a16@group-033642DB8999-SegmentedRaftLog:OPENED:c-1,f-1,i0, conf=-1: [5b3e2d2c-648b-402a-a457-d38acf1cc2f9|rpc:10.1.0.27:42361|dataStream:|priority:0, 5f4ce7d7-9eea-43d1-b933-2c22a00d0a16|rpc:10.1.0.27:33785|dataStream:|priority:0, 44d9a463-e606-45f4-b26f-9a0dec6122aa|rpc:10.1.0.27:36785|dataStream:|priority:1], old=null
2021-09-01 14:11:37,608 [grpc-default-executor-3] INFO  server.RaftServer$Division (RaftServerImpl.java:requestVote(1043)) - 5f4ce7d7-9eea-43d1-b933-2c22a00d0a16@group-033642DB8999: receive requestVote(ELECTION, 44d9a463-e606-45f4-b26f-9a0dec6122aa, group-033642DB8999, 2, (t:0, i:0))
2021-09-01 14:11:37,609 [grpc-default-executor-3] INFO  impl.VoteContext (VoteContext.java:log(48)) - 5f4ce7d7-9eea-43d1-b933-2c22a00d0a16@group-033642DB8999-CANDIDATE: reject ELECTION from 44d9a463-e606-45f4-b26f-9a0dec6122aa: already has voted for 5f4ce7d7-9eea-43d1-b933-2c22a00d0a16 at current term 2
2021-09-01 14:11:37,609 [grpc-default-executor-3] INFO  server.RaftServer$Division (RaftServerImpl.java:requestVote(1075)) - 5f4ce7d7-9eea-43d1-b933-2c22a00d0a16@group-033642DB8999 replies to ELECTION vote request: 44d9a463-e606-45f4-b26f-9a0dec6122aa<-5f4ce7d7-9eea-43d1-b933-2c22a00d0a16#0:FAIL-t2. Peer's state: 5f4ce7d7-9eea-43d1-b933-2c22a00d0a16@group-033642DB8999:t2, leader=null, voted=5f4ce7d7-9eea-43d1-b933-2c22a00d0a16, raftlog=5f4ce7d7-9eea-43d1-b933-2c22a00d0a16@group-033642DB8999-SegmentedRaftLog:OPENED:c-1,f-1,i0, conf=-1: [5b3e2d2c-648b-402a-a457-d38acf1cc2f9|rpc:10.1.0.27:42361|dataStream:|priority:0, 5f4ce7d7-9eea-43d1-b933-2c22a00d0a16|rpc:10.1.0.27:33785|dataStream:|priority:0, 44d9a463-e606-45f4-b26f-9a0dec6122aa|rpc:10.1.0.27:36785|dataStream:|priority:1], old=null
2021-09-01 14:11:37,611 [44d9a463-e606-45f4-b26f-9a0dec6122aa@group-033642DB8999-LeaderElection25] INFO  impl.LeaderElection (LeaderElection.java:logAndReturn(89)) - 44d9a463-e606-45f4-b26f-9a0dec6122aa@group-033642DB8999-LeaderElection25: ELECTION REJECTED received 2 response(s) and 0 exception(s):
2021-09-01 14:11:37,611 [44d9a463-e606-45f4-b26f-9a0dec6122aa@group-033642DB8999-LeaderElection25] INFO  impl.LeaderElection (LeaderElection.java:logAndReturn(93)) -   Response 0: 44d9a463-e606-45f4-b26f-9a0dec6122aa<-5b3e2d2c-648b-402a-a457-d38acf1cc2f9#0:FAIL-t2
2021-09-01 14:11:37,611 [44d9a463-e606-45f4-b26f-9a0dec6122aa@group-033642DB8999-LeaderElection25] INFO  impl.LeaderElection (LeaderElection.java:logAndReturn(93)) -   Response 1: 44d9a463-e606-45f4-b26f-9a0dec6122aa<-5f4ce7d7-9eea-43d1-b933-2c22a00d0a16#0:FAIL-t2
2021-09-01 14:11:37,615 [Listener at 127.0.0.1/44177] INFO  handler.ContextHandler (ContextHandler.java:doStart(915)) - Started o.e.j.w.WebAppContext@3a52f2c6{hddsDatanode,/,file:///tmp/jetty-0_0_0_0-34739-hdds-container-service-1_2_0-SNAPSHOT_jar-_-any-5822475492599434213/webapp/,AVAILABLE}{jar:file:/home/runner/.m2/repository/org/apache/ozone/hdds-container-service/1.2.0-SNAPSHOT/hdds-container-service-1.2.0-SNAPSHOT.jar!/webapps/hddsDatanode}
2021-09-01 14:11:37,619 [ReplicationMonitor] INFO  container.ReplicationManager (ReplicationManager.java:processAll(359)) - Replication Monitor Thread took 0 milliseconds for processing 0 containers.
2021-09-01 14:11:37,619 [44d9a463-e606-45f4-b26f-9a0dec6122aa@group-033642DB8999-LeaderElection25] INFO  impl.LeaderElection (LeaderElection.java:askForVotes(308)) - 44d9a463-e606-45f4-b26f-9a0dec6122aa@group-033642DB8999-LeaderElection25 ELECTION round 0: result REJECTED
2021-09-01 14:11:37,619 [44d9a463-e606-45f4-b26f-9a0dec6122aa@group-033642DB8999-LeaderElection25] INFO  server.RaftServer$Division (RaftServerImpl.java:setRole(285)) - 44d9a463-e606-45f4-b26f-9a0dec6122aa@group-033642DB8999: changes role from CANDIDATE to FOLLOWER at term 2 for REJECTED
2021-09-01 14:11:37,619 [44d9a463-e606-45f4-b26f-9a0dec6122aa@group-033642DB8999-LeaderElection25] INFO  impl.RoleInfo (RoleInfo.java:shutdownLeaderElection(121)) - 44d9a463-e606-45f4-b26f-9a0dec6122aa: shutdown 44d9a463-e606-45f4-b26f-9a0dec6122aa@group-033642DB8999-LeaderElection25
2021-09-01 14:11:37,622 [grpc-default-executor-0] INFO  server.RaftServer$Division (RaftServerImpl.java:requestVote(1043)) - 44d9a463-e606-45f4-b26f-9a0dec6122aa@group-033642DB8999: receive requestVote(ELECTION, 5b3e2d2c-648b-402a-a457-d38acf1cc2f9, group-033642DB8999, 2, (t:0, i:0))
2021-09-01 14:11:37,626 [grpc-default-executor-3] INFO  server.RaftServer$Division (RaftServerImpl.java:requestVote(1043)) - 5b3e2d2c-648b-402a-a457-d38acf1cc2f9@group-033642DB8999: receive requestVote(ELECTION, 5f4ce7d7-9eea-43d1-b933-2c22a00d0a16, group-033642DB8999, 2, (t:0, i:0))
2021-09-01 14:11:37,626 [grpc-default-executor-3] INFO  impl.VoteContext (VoteContext.java:log(48)) - 5b3e2d2c-648b-402a-a457-d38acf1cc2f9@group-033642DB8999-CANDIDATE: reject ELECTION from 5f4ce7d7-9eea-43d1-b933-2c22a00d0a16: already has voted for 5b3e2d2c-648b-402a-a457-d38acf1cc2f9 at current term 2
2021-09-01 14:11:37,626 [grpc-default-executor-3] INFO  server.RaftServer$Division (RaftServerImpl.java:requestVote(1075)) - 5b3e2d2c-648b-402a-a457-d38acf1cc2f9@group-033642DB8999 replies to ELECTION vote request: 5f4ce7d7-9eea-43d1-b933-2c22a00d0a16<-5b3e2d2c-648b-402a-a457-d38acf1cc2f9#0:FAIL-t2. Peer's state: 5b3e2d2c-648b-402a-a457-d38acf1cc2f9@group-033642DB8999:t2, leader=null, voted=5b3e2d2c-648b-402a-a457-d38acf1cc2f9, raftlog=5b3e2d2c-648b-402a-a457-d38acf1cc2f9@group-033642DB8999-SegmentedRaftLog:OPENED:c-1,f-1,i0, conf=-1: [5b3e2d2c-648b-402a-a457-d38acf1cc2f9|rpc:10.1.0.27:42361|dataStream:|priority:0, 5f4ce7d7-9eea-43d1-b933-2c22a00d0a16|rpc:10.1.0.27:33785|dataStream:|priority:0, 44d9a463-e606-45f4-b26f-9a0dec6122aa|rpc:10.1.0.27:36785|dataStream:|priority:1], old=null
2021-09-01 14:11:37,626 [44d9a463-e606-45f4-b26f-9a0dec6122aa@group-033642DB8999-LeaderElection25] INFO  impl.RoleInfo (RoleInfo.java:updateAndGet(130)) - 44d9a463-e606-45f4-b26f-9a0dec6122aa: start 44d9a463-e606-45f4-b26f-9a0dec6122aa@group-033642DB8999-FollowerState
2021-09-01 14:11:37,628 [grpc-default-executor-0] INFO  impl.VoteContext (VoteContext.java:log(48)) - 44d9a463-e606-45f4-b26f-9a0dec6122aa@group-033642DB8999-FOLLOWER: reject ELECTION from 5b3e2d2c-648b-402a-a457-d38acf1cc2f9: already has voted for 44d9a463-e606-45f4-b26f-9a0dec6122aa at current term 2
2021-09-01 14:11:37,628 [grpc-default-executor-0] INFO  server.RaftServer$Division (RaftServerImpl.java:requestVote(1075)) - 44d9a463-e606-45f4-b26f-9a0dec6122aa@group-033642DB8999 replies to ELECTION vote request: 5b3e2d2c-648b-402a-a457-d38acf1cc2f9<-44d9a463-e606-45f4-b26f-9a0dec6122aa#0:FAIL-t2. Peer's state: 44d9a463-e606-45f4-b26f-9a0dec6122aa@group-033642DB8999:t2, leader=null, voted=44d9a463-e606-45f4-b26f-9a0dec6122aa, raftlog=44d9a463-e606-45f4-b26f-9a0dec6122aa@group-033642DB8999-SegmentedRaftLog:OPENED:c-1,f-1,i0, conf=-1: [5b3e2d2c-648b-402a-a457-d38acf1cc2f9|rpc:10.1.0.27:42361|priority:0, 5f4ce7d7-9eea-43d1-b933-2c22a00d0a16|rpc:10.1.0.27:33785|priority:0, 44d9a463-e606-45f4-b26f-9a0dec6122aa|rpc:10.1.0.27:36785|priority:1], old=null
2021-09-01 14:11:37,630 [Listener at 127.0.0.1/44177] INFO  server.AbstractConnector (AbstractConnector.java:doStart(331)) - Started ServerConnector@6b44ec3b{HTTP/1.1, (http/1.1)}{0.0.0.0:34739}
2021-09-01 14:11:37,630 [Listener at 127.0.0.1/44177] INFO  server.Server (Server.java:doStart(415)) - Started @39198ms
2021-09-01 14:11:37,630 [Listener at 127.0.0.1/44177] WARN  impl.MetricsSystemImpl (MetricsSystemImpl.java:register(279)) - Sink prometheus already exists!
2021-09-01 14:11:37,631 [Listener at 127.0.0.1/44177] INFO  http.BaseHttpServer (BaseHttpServer.java:updateConnectorAddress(329)) - HTTP server of hddsDatanode listening at http://0.0.0.0:34739
2021-09-01 14:11:37,633 [Listener at 127.0.0.1/44177] WARN  impl.MetricRegistriesImpl (MetricRegistriesImpl.java:addReporterRegistration(111)) - New reporters are added after registries were created. Some metrics will be missing from the reporter. Please add reporter before adding any new registry.
2021-09-01 14:11:37,633 [Listener at 127.0.0.1/44177] WARN  impl.MetricRegistriesImpl (MetricRegistriesImpl.java:addReporterRegistration(111)) - New reporters are added after registries were created. Some metrics will be missing from the reporter. Please add reporter before adding any new registry.
2021-09-01 14:11:37,633 [Listener at 127.0.0.1/44177] INFO  impl.MetricsSystemImpl (MetricsSystemImpl.java:init(158)) - HddsDatanode metrics system started (again)
2021-09-01 14:11:37,641 [5b3e2d2c-648b-402a-a457-d38acf1cc2f9@group-033642DB8999-LeaderElection23] INFO  impl.LeaderElection (LeaderElection.java:logAndReturn(89)) - 5b3e2d2c-648b-402a-a457-d38acf1cc2f9@group-033642DB8999-LeaderElection23: ELECTION REJECTED received 2 response(s) and 0 exception(s):
2021-09-01 14:11:37,641 [5b3e2d2c-648b-402a-a457-d38acf1cc2f9@group-033642DB8999-LeaderElection23] INFO  impl.LeaderElection (LeaderElection.java:logAndReturn(93)) -   Response 0: 5b3e2d2c-648b-402a-a457-d38acf1cc2f9<-5f4ce7d7-9eea-43d1-b933-2c22a00d0a16#0:FAIL-t2
2021-09-01 14:11:37,641 [5b3e2d2c-648b-402a-a457-d38acf1cc2f9@group-033642DB8999-LeaderElection23] INFO  impl.LeaderElection (LeaderElection.java:logAndReturn(93)) -   Response 1: 5b3e2d2c-648b-402a-a457-d38acf1cc2f9<-44d9a463-e606-45f4-b26f-9a0dec6122aa#0:FAIL-t2
2021-09-01 14:11:37,641 [5b3e2d2c-648b-402a-a457-d38acf1cc2f9@group-033642DB8999-LeaderElection23] INFO  impl.LeaderElection (LeaderElection.java:askForVotes(308)) - 5b3e2d2c-648b-402a-a457-d38acf1cc2f9@group-033642DB8999-LeaderElection23 ELECTION round 0: result REJECTED
2021-09-01 14:11:37,641 [5b3e2d2c-648b-402a-a457-d38acf1cc2f9@group-033642DB8999-LeaderElection23] INFO  server.RaftServer$Division (RaftServerImpl.java:setRole(285)) - 5b3e2d2c-648b-402a-a457-d38acf1cc2f9@group-033642DB8999: changes role from CANDIDATE to FOLLOWER at term 2 for REJECTED
2021-09-01 14:11:37,641 [5b3e2d2c-648b-402a-a457-d38acf1cc2f9@group-033642DB8999-LeaderElection23] INFO  impl.RoleInfo (RoleInfo.java:shutdownLeaderElection(121)) - 5b3e2d2c-648b-402a-a457-d38acf1cc2f9: shutdown 5b3e2d2c-648b-402a-a457-d38acf1cc2f9@group-033642DB8999-LeaderElection23
2021-09-01 14:11:37,641 [5b3e2d2c-648b-402a-a457-d38acf1cc2f9@group-033642DB8999-LeaderElection23] INFO  impl.RoleInfo (RoleInfo.java:updateAndGet(130)) - 5b3e2d2c-648b-402a-a457-d38acf1cc2f9: start 5b3e2d2c-648b-402a-a457-d38acf1cc2f9@group-033642DB8999-FollowerState
2021-09-01 14:11:37,648 [Listener at 127.0.0.1/44177] INFO  ozone.HddsDatanodeService (HddsDatanodeService.java:start(234)) - HddsDatanodeService host:fv-az148-824.bm4ck3pvxvsene1rjriu5fhcdb.bx.internal.cloudapp.net ip:10.1.0.27
2021-09-01 14:11:37,655 [org.apache.hadoop.util.JvmPauseMonitor$Monitor@355dca6] INFO  util.JvmPauseMonitor (JvmPauseMonitor.java:run(188)) - Starting JVM pause monitor
2021-09-01 14:11:37,663 [grpc-default-executor-0] INFO  server.RaftServer$Division (RaftServerImpl.java:requestVote(1043)) - 44d9a463-e606-45f4-b26f-9a0dec6122aa@group-033642DB8999: receive requestVote(ELECTION, 5f4ce7d7-9eea-43d1-b933-2c22a00d0a16, group-033642DB8999, 2, (t:0, i:0))
2021-09-01 14:11:37,663 [grpc-default-executor-0] INFO  impl.VoteContext (VoteContext.java:log(48)) - 44d9a463-e606-45f4-b26f-9a0dec6122aa@group-033642DB8999-FOLLOWER: reject ELECTION from 5f4ce7d7-9eea-43d1-b933-2c22a00d0a16: already has voted for 44d9a463-e606-45f4-b26f-9a0dec6122aa at current term 2
2021-09-01 14:11:37,663 [grpc-default-executor-0] INFO  server.RaftServer$Division (RaftServerImpl.java:requestVote(1075)) - 44d9a463-e606-45f4-b26f-9a0dec6122aa@group-033642DB8999 replies to ELECTION vote request: 5f4ce7d7-9eea-43d1-b933-2c22a00d0a16<-44d9a463-e606-45f4-b26f-9a0dec6122aa#0:FAIL-t2. Peer's state: 44d9a463-e606-45f4-b26f-9a0dec6122aa@group-033642DB8999:t2, leader=null, voted=44d9a463-e606-45f4-b26f-9a0dec6122aa, raftlog=44d9a463-e606-45f4-b26f-9a0dec6122aa@group-033642DB8999-SegmentedRaftLog:OPENED:c-1,f-1,i0, conf=-1: [5b3e2d2c-648b-402a-a457-d38acf1cc2f9|rpc:10.1.0.27:42361|priority:0, 5f4ce7d7-9eea-43d1-b933-2c22a00d0a16|rpc:10.1.0.27:33785|priority:0, 44d9a463-e606-45f4-b26f-9a0dec6122aa|rpc:10.1.0.27:36785|priority:1], old=null
2021-09-01 14:11:37,666 [5f4ce7d7-9eea-43d1-b933-2c22a00d0a16@group-033642DB8999-LeaderElection24] INFO  impl.LeaderElection (LeaderElection.java:logAndReturn(89)) - 5f4ce7d7-9eea-43d1-b933-2c22a00d0a16@group-033642DB8999-LeaderElection24: ELECTION REJECTED received 2 response(s) and 0 exception(s):
2021-09-01 14:11:37,666 [5f4ce7d7-9eea-43d1-b933-2c22a00d0a16@group-033642DB8999-LeaderElection24] INFO  impl.LeaderElection (LeaderElection.java:logAndReturn(93)) -   Response 0: 5f4ce7d7-9eea-43d1-b933-2c22a00d0a16<-5b3e2d2c-648b-402a-a457-d38acf1cc2f9#0:FAIL-t2
2021-09-01 14:11:37,666 [5f4ce7d7-9eea-43d1-b933-2c22a00d0a16@group-033642DB8999-LeaderElection24] INFO  impl.LeaderElection (LeaderElection.java:logAndReturn(93)) -   Response 1: 5f4ce7d7-9eea-43d1-b933-2c22a00d0a16<-44d9a463-e606-45f4-b26f-9a0dec6122aa#0:FAIL-t2
2021-09-01 14:11:37,666 [5f4ce7d7-9eea-43d1-b933-2c22a00d0a16@group-033642DB8999-LeaderElection24] INFO  impl.LeaderElection (LeaderElection.java:askForVotes(308)) - 5f4ce7d7-9eea-43d1-b933-2c22a00d0a16@group-033642DB8999-LeaderElection24 ELECTION round 0: result REJECTED
2021-09-01 14:11:37,666 [5f4ce7d7-9eea-43d1-b933-2c22a00d0a16@group-033642DB8999-LeaderElection24] INFO  server.RaftServer$Division (RaftServerImpl.java:setRole(285)) - 5f4ce7d7-9eea-43d1-b933-2c22a00d0a16@group-033642DB8999: changes role from CANDIDATE to FOLLOWER at term 2 for REJECTED
2021-09-01 14:11:37,666 [5f4ce7d7-9eea-43d1-b933-2c22a00d0a16@group-033642DB8999-LeaderElection24] INFO  impl.RoleInfo (RoleInfo.java:shutdownLeaderElection(121)) - 5f4ce7d7-9eea-43d1-b933-2c22a00d0a16: shutdown 5f4ce7d7-9eea-43d1-b933-2c22a00d0a16@group-033642DB8999-LeaderElection24
2021-09-01 14:11:37,666 [5f4ce7d7-9eea-43d1-b933-2c22a00d0a16@group-033642DB8999-LeaderElection24] INFO  impl.RoleInfo (RoleInfo.java:updateAndGet(130)) - 5f4ce7d7-9eea-43d1-b933-2c22a00d0a16: start 5f4ce7d7-9eea-43d1-b933-2c22a00d0a16@group-033642DB8999-FollowerState
2021-09-01 14:11:37,668 [Datanode State Machine Task Thread - 0] INFO  datanode.InitDatanodeState (InitDatanodeState.java:persistContainerDatanodeDetails(145)) - DatanodeDetails is persisted to /home/runner/work/ozone/ozone/hadoop-ozone/integration-test/target/test-dir/MiniOzoneClusterImpl-d7a4aa25-2cb2-423f-8a56-21877a9d22ed/datanode-1/meta/datanode.id
2021-09-01 14:11:37,670 [ReplicationMonitor] INFO  container.ReplicationManager (ReplicationManager.java:processAll(359)) - Replication Monitor Thread took 0 milliseconds for processing 0 containers.
2021-09-01 14:11:37,679 [Listener at 127.0.0.1/44177] INFO  upgrade.AbstractLayoutVersionManager (AbstractLayoutVersionManager.java:init(70)) - Initializing Layout version manager with metadata layout = SCM_HA (version = 2), software layout = SCM_HA (version = 2)
2021-09-01 14:11:37,714 [Listener at 127.0.0.1/44177] INFO  reflections.Reflections (Reflections.java:scan(232)) - Reflections took 32 ms to scan 7 urls, producing 120 keys and 275 values 
2021-09-01 14:11:37,722 [Listener at 127.0.0.1/44177] INFO  volume.HddsVolume (HddsVolume.java:<init>(120)) - Creating HddsVolume: /home/runner/work/ozone/ozone/hadoop-ozone/integration-test/target/test-dir/MiniOzoneClusterImpl-d7a4aa25-2cb2-423f-8a56-21877a9d22ed/datanode-2/data-0/containers/hdds of storage type : DISK capacity : 9223372036854775807
2021-09-01 14:11:37,722 [Listener at 127.0.0.1/44177] INFO  volume.MutableVolumeSet (MutableVolumeSet.java:initializeVolumeSet(181)) - Added Volume : /home/runner/work/ozone/ozone/hadoop-ozone/integration-test/target/test-dir/MiniOzoneClusterImpl-d7a4aa25-2cb2-423f-8a56-21877a9d22ed/datanode-2/data-0/containers/hdds to VolumeSet
2021-09-01 14:11:37,722 [Listener at 127.0.0.1/44177] INFO  volume.ThrottledAsyncChecker (ThrottledAsyncChecker.java:schedule(141)) - Scheduling a check for /home/runner/work/ozone/ozone/hadoop-ozone/integration-test/target/test-dir/MiniOzoneClusterImpl-d7a4aa25-2cb2-423f-8a56-21877a9d22ed/datanode-2/data-0/containers/hdds
2021-09-01 14:11:37,723 [Listener at 127.0.0.1/44177] INFO  volume.StorageVolumeChecker (StorageVolumeChecker.java:checkAllVolumes(202)) - Scheduled health check for volume /home/runner/work/ozone/ozone/hadoop-ozone/integration-test/target/test-dir/MiniOzoneClusterImpl-d7a4aa25-2cb2-423f-8a56-21877a9d22ed/datanode-2/data-0/containers/hdds
2021-09-01 14:11:37,735 [Listener at 127.0.0.1/44177] INFO  volume.MutableVolumeSet (MutableVolumeSet.java:initializeVolumeSet(181)) - Added Volume : /home/runner/work/ozone/ozone/hadoop-ozone/integration-test/target/test-dir/MiniOzoneClusterImpl-d7a4aa25-2cb2-423f-8a56-21877a9d22ed/datanode-2/data/ratis to VolumeSet
2021-09-01 14:11:37,735 [Listener at 127.0.0.1/44177] INFO  volume.ThrottledAsyncChecker (ThrottledAsyncChecker.java:schedule(141)) - Scheduling a check for /home/runner/work/ozone/ozone/hadoop-ozone/integration-test/target/test-dir/MiniOzoneClusterImpl-d7a4aa25-2cb2-423f-8a56-21877a9d22ed/datanode-2/data/ratis
2021-09-01 14:11:37,735 [Listener at 127.0.0.1/44177] INFO  volume.StorageVolumeChecker (StorageVolumeChecker.java:checkAllVolumes(202)) - Scheduled health check for volume /home/runner/work/ozone/ozone/hadoop-ozone/integration-test/target/test-dir/MiniOzoneClusterImpl-d7a4aa25-2cb2-423f-8a56-21877a9d22ed/datanode-2/data/ratis
2021-09-01 14:11:37,748 [Listener at 127.0.0.1/44177] INFO  ozoneimpl.ContainerReader (ContainerReader.java:<init>(98)) - Running in upgrade mode:true
2021-09-01 14:11:37,748 [Thread-1018] INFO  ozoneimpl.ContainerReader (ContainerReader.java:readVolume(142)) - Start to verify containers on volume /home/runner/work/ozone/ozone/hadoop-ozone/integration-test/target/test-dir/MiniOzoneClusterImpl-d7a4aa25-2cb2-423f-8a56-21877a9d22ed/datanode-2/data-0/containers/hdds
2021-09-01 14:11:37,749 [Thread-1018] INFO  ozoneimpl.ContainerReader (ContainerReader.java:readVolume(174)) - Finish verifying containers on volume /home/runner/work/ozone/ozone/hadoop-ozone/integration-test/target/test-dir/MiniOzoneClusterImpl-d7a4aa25-2cb2-423f-8a56-21877a9d22ed/datanode-2/data-0/containers/hdds
2021-09-01 14:11:37,749 [Listener at 127.0.0.1/44177] INFO  ozoneimpl.OzoneContainer (OzoneContainer.java:buildContainerSet(237)) - Build ContainerSet costs 0s
2021-09-01 14:11:37,750 [Listener at 127.0.0.1/44177] INFO  server.RaftServer (ConfUtils.java:logGet(44)) - raft.rpc.type = GRPC (default)
2021-09-01 14:11:37,750 [Listener at 127.0.0.1/44177] INFO  grpc.GrpcFactory (GrpcFactory.java:checkPooledByteBufAllocatorUseCacheForAllThreads(48)) - PERFORMANCE WARNING: useCacheForAllThreads is true that may cause Netty to create a lot garbage objects and, as a result, trigger GC.
	It is recommended to disable useCacheForAllThreads by setting -Dorg.apache.ratis.thirdparty.io.netty.allocator.useCacheForAllThreads=false in command line.
2021-09-01 14:11:37,750 [Listener at 127.0.0.1/44177] INFO  grpc.GrpcConfigKeys (ConfUtils.java:logGet(44)) - raft.grpc.admin.port = 0 (custom)
2021-09-01 14:11:37,750 [Listener at 127.0.0.1/44177] INFO  grpc.GrpcConfigKeys (ConfUtils.java:logGet(44)) - raft.grpc.client.port = 0 (custom)
2021-09-01 14:11:37,750 [Listener at 127.0.0.1/44177] INFO  grpc.GrpcConfigKeys (ConfUtils.java:logGet(44)) - raft.grpc.server.port = 0 (default)
2021-09-01 14:11:37,751 [Listener at 127.0.0.1/44177] INFO  server.GrpcService (ConfUtils.java:logGet(44)) - raft.grpc.message.size.max = 32MB (=33554432) (custom)
2021-09-01 14:11:37,751 [Listener at 127.0.0.1/44177] INFO  server.RaftServerConfigKeys (ConfUtils.java:logGet(44)) - raft.server.log.appender.buffer.byte-limit = 33554432 (custom)
2021-09-01 14:11:37,751 [Listener at 127.0.0.1/44177] INFO  server.GrpcService (ConfUtils.java:logGet(44)) - raft.grpc.flow.control.window = 5MB (=5242880) (custom)
2021-09-01 14:11:37,751 [Listener at 127.0.0.1/44177] INFO  server.RaftServerConfigKeys (ConfUtils.java:logGet(44)) - raft.server.rpc.request.timeout = 60s (custom)
2021-09-01 14:11:37,751 [Listener at 127.0.0.1/44177] INFO  impl.DataStreamServerImpl (ConfUtils.java:logGet(44)) - raft.datastream.type = DISABLED (default)
2021-09-01 14:11:37,752 [Listener at 127.0.0.1/44177] INFO  server.RaftServerConfigKeys (ConfUtils.java:logGet(44)) - raft.server.rpc.slowness.timeout = 300s (custom)
2021-09-01 14:11:37,752 [Listener at 127.0.0.1/44177] INFO  server.RaftServerConfigKeys (ConfUtils.java:logGet(44)) - raft.server.leaderelection.leader.step-down.wait-time = 10s (default)
2021-09-01 14:11:37,752 [Listener at 127.0.0.1/44177] INFO  server.RaftServerConfigKeys (ConfUtils.java:logGet(44)) - raft.server.storage.dir = [/home/runner/work/ozone/ozone/hadoop-ozone/integration-test/target/test-dir/MiniOzoneClusterImpl-d7a4aa25-2cb2-423f-8a56-21877a9d22ed/datanode-2/data/ratis] (custom)
2021-09-01 14:11:37,755 [Listener at 127.0.0.1/44177] INFO  http.BaseHttpServer (BaseHttpServer.java:newHttpServer2BuilderForOzone(209)) - Starting Web-server for hddsDatanode at: http://0.0.0.0:0
2021-09-01 14:11:37,755 [Listener at 127.0.0.1/44177] INFO  http.BaseHttpServer (BaseHttpServer.java:<init>(107)) - Hadoop Security Enabled: false Ozone Security Enabled: false Ozone HTTP Security Enabled: false 
2021-09-01 14:11:37,762 [Listener at 127.0.0.1/44177] INFO  server.AuthenticationFilter (AuthenticationFilter.java:constructSecretProvider(240)) - Unable to initialize FileSignerSecretProvider, falling back to use random secrets.
2021-09-01 14:11:37,765 [Listener at 127.0.0.1/44177] WARN  http.HttpRequestLog (HttpRequestLog.java:getRequestLog(103)) - Jetty request log can only be enabled using Log4j
2021-09-01 14:11:37,766 [Listener at 127.0.0.1/44177] INFO  http.HttpServer2 (HttpServer2.java:addGlobalFilter(1030)) - Added global filter 'safety' (class=org.apache.hadoop.hdds.server.http.HttpServer2$QuotingInputFilter)
2021-09-01 14:11:37,766 [Listener at 127.0.0.1/44177] INFO  http.HttpServer2 (HttpServer2.java:addFilter(1006)) - Added filter static_user_filter (class=org.apache.hadoop.http.lib.StaticUserWebFilter$StaticUserFilter) to context hddsDatanode
2021-09-01 14:11:37,766 [Listener at 127.0.0.1/44177] INFO  http.HttpServer2 (HttpServer2.java:addFilter(1014)) - Added filter static_user_filter (class=org.apache.hadoop.http.lib.StaticUserWebFilter$StaticUserFilter) to context logs
2021-09-01 14:11:37,766 [Listener at 127.0.0.1/44177] INFO  http.HttpServer2 (HttpServer2.java:addFilter(1014)) - Added filter static_user_filter (class=org.apache.hadoop.http.lib.StaticUserWebFilter$StaticUserFilter) to context static
2021-09-01 14:11:37,767 [Listener at 127.0.0.1/44177] INFO  http.HttpServer2 (HttpServer2.java:bindListener(1249)) - Jetty bound to port 44163
2021-09-01 14:11:37,767 [Listener at 127.0.0.1/44177] INFO  server.Server (Server.java:doStart(375)) - jetty-9.4.43.v20210629; built: 2021-06-30T11:07:22.254Z; git: 526006ecfa3af7f1a27ef3a288e2bef7ea9dd7e8; jvm 1.8.0_292-b10
2021-09-01 14:11:37,769 [Listener at 127.0.0.1/44177] INFO  server.session (DefaultSessionIdManager.java:doStart(334)) - DefaultSessionIdManager workerName=node0
2021-09-01 14:11:37,769 [Listener at 127.0.0.1/44177] INFO  server.session (DefaultSessionIdManager.java:doStart(339)) - No SessionScavenger set, using defaults
2021-09-01 14:11:37,775 [Listener at 127.0.0.1/44177] INFO  server.session (HouseKeeper.java:startScavenging(132)) - node0 Scavenging every 600000ms
2021-09-01 14:11:37,776 [Listener at 127.0.0.1/44177] INFO  handler.ContextHandler (ContextHandler.java:doStart(915)) - Started o.e.j.s.ServletContextHandler@3fc5e67a{logs,/logs,file:///home/runner/work/ozone/ozone/hadoop-ozone/integration-test/target/log,AVAILABLE}
2021-09-01 14:11:37,776 [Listener at 127.0.0.1/44177] INFO  handler.ContextHandler (ContextHandler.java:doStart(915)) - Started o.e.j.s.ServletContextHandler@7dcb7fe4{static,/static,jar:file:/home/runner/.m2/repository/org/apache/ozone/hdds-container-service/1.2.0-SNAPSHOT/hdds-container-service-1.2.0-SNAPSHOT.jar!/webapps/static,AVAILABLE}
2021-09-01 14:11:37,818 [Listener at 127.0.0.1/44177] INFO  handler.ContextHandler (ContextHandler.java:doStart(915)) - Started o.e.j.w.WebAppContext@7a091191{hddsDatanode,/,file:///tmp/jetty-0_0_0_0-44163-hdds-container-service-1_2_0-SNAPSHOT_jar-_-any-6573480865464521264/webapp/,AVAILABLE}{jar:file:/home/runner/.m2/repository/org/apache/ozone/hdds-container-service/1.2.0-SNAPSHOT/hdds-container-service-1.2.0-SNAPSHOT.jar!/webapps/hddsDatanode}
2021-09-01 14:11:37,825 [Listener at 127.0.0.1/44177] INFO  server.AbstractConnector (AbstractConnector.java:doStart(331)) - Started ServerConnector@4ffd1327{HTTP/1.1, (http/1.1)}{0.0.0.0:44163}
2021-09-01 14:11:37,825 [Listener at 127.0.0.1/44177] INFO  server.Server (Server.java:doStart(415)) - Started @39393ms
2021-09-01 14:11:37,825 [Listener at 127.0.0.1/44177] WARN  impl.MetricsSystemImpl (MetricsSystemImpl.java:register(279)) - Sink prometheus already exists!
2021-09-01 14:11:37,826 [Listener at 127.0.0.1/44177] INFO  http.BaseHttpServer (BaseHttpServer.java:updateConnectorAddress(329)) - HTTP server of hddsDatanode listening at http://0.0.0.0:44163
2021-09-01 14:11:37,830 [Listener at 127.0.0.1/44177] WARN  impl.MetricRegistriesImpl (MetricRegistriesImpl.java:addReporterRegistration(111)) - New reporters are added after registries were created. Some metrics will be missing from the reporter. Please add reporter before adding any new registry.
2021-09-01 14:11:37,830 [Listener at 127.0.0.1/44177] WARN  impl.MetricRegistriesImpl (MetricRegistriesImpl.java:addReporterRegistration(111)) - New reporters are added after registries were created. Some metrics will be missing from the reporter. Please add reporter before adding any new registry.
2021-09-01 14:11:37,831 [Listener at 127.0.0.1/44177] INFO  impl.MetricsSystemImpl (MetricsSystemImpl.java:init(158)) - HddsDatanode metrics system started (again)
2021-09-01 14:11:37,847 [Listener at 127.0.0.1/44177] INFO  ozone.HddsDatanodeService (HddsDatanodeService.java:start(234)) - HddsDatanodeService host:fv-az148-824.bm4ck3pvxvsene1rjriu5fhcdb.bx.internal.cloudapp.net ip:10.1.0.27
2021-09-01 14:11:37,861 [Listener at 127.0.0.1/44177] INFO  upgrade.AbstractLayoutVersionManager (AbstractLayoutVersionManager.java:init(70)) - Initializing Layout version manager with metadata layout = SCM_HA (version = 2), software layout = SCM_HA (version = 2)
2021-09-01 14:11:37,879 [org.apache.hadoop.util.JvmPauseMonitor$Monitor@32ba45b3] INFO  util.JvmPauseMonitor (JvmPauseMonitor.java:run(188)) - Starting JVM pause monitor
2021-09-01 14:11:37,886 [Datanode State Machine Task Thread - 0] INFO  datanode.InitDatanodeState (InitDatanodeState.java:persistContainerDatanodeDetails(145)) - DatanodeDetails is persisted to /home/runner/work/ozone/ozone/hadoop-ozone/integration-test/target/test-dir/MiniOzoneClusterImpl-d7a4aa25-2cb2-423f-8a56-21877a9d22ed/datanode-2/meta/datanode.id
2021-09-01 14:11:37,901 [Listener at 127.0.0.1/44177] INFO  reflections.Reflections (Reflections.java:scan(232)) - Reflections took 37 ms to scan 7 urls, producing 120 keys and 275 values 
2021-09-01 14:11:37,905 [Listener at 127.0.0.1/44177] INFO  volume.HddsVolume (HddsVolume.java:<init>(120)) - Creating HddsVolume: /home/runner/work/ozone/ozone/hadoop-ozone/integration-test/target/test-dir/MiniOzoneClusterImpl-d7a4aa25-2cb2-423f-8a56-21877a9d22ed/datanode-3/data-0/containers/hdds of storage type : DISK capacity : 9223372036854775807
2021-09-01 14:11:37,905 [Listener at 127.0.0.1/44177] INFO  volume.MutableVolumeSet (MutableVolumeSet.java:initializeVolumeSet(181)) - Added Volume : /home/runner/work/ozone/ozone/hadoop-ozone/integration-test/target/test-dir/MiniOzoneClusterImpl-d7a4aa25-2cb2-423f-8a56-21877a9d22ed/datanode-3/data-0/containers/hdds to VolumeSet
2021-09-01 14:11:37,906 [Listener at 127.0.0.1/44177] INFO  volume.ThrottledAsyncChecker (ThrottledAsyncChecker.java:schedule(141)) - Scheduling a check for /home/runner/work/ozone/ozone/hadoop-ozone/integration-test/target/test-dir/MiniOzoneClusterImpl-d7a4aa25-2cb2-423f-8a56-21877a9d22ed/datanode-3/data-0/containers/hdds
2021-09-01 14:11:37,913 [Listener at 127.0.0.1/44177] INFO  volume.StorageVolumeChecker (StorageVolumeChecker.java:checkAllVolumes(202)) - Scheduled health check for volume /home/runner/work/ozone/ozone/hadoop-ozone/integration-test/target/test-dir/MiniOzoneClusterImpl-d7a4aa25-2cb2-423f-8a56-21877a9d22ed/datanode-3/data-0/containers/hdds
2021-09-01 14:11:37,926 [Listener at 127.0.0.1/44177] INFO  volume.MutableVolumeSet (MutableVolumeSet.java:initializeVolumeSet(181)) - Added Volume : /home/runner/work/ozone/ozone/hadoop-ozone/integration-test/target/test-dir/MiniOzoneClusterImpl-d7a4aa25-2cb2-423f-8a56-21877a9d22ed/datanode-3/data/ratis to VolumeSet
2021-09-01 14:11:37,926 [Listener at 127.0.0.1/44177] INFO  volume.ThrottledAsyncChecker (ThrottledAsyncChecker.java:schedule(141)) - Scheduling a check for /home/runner/work/ozone/ozone/hadoop-ozone/integration-test/target/test-dir/MiniOzoneClusterImpl-d7a4aa25-2cb2-423f-8a56-21877a9d22ed/datanode-3/data/ratis
2021-09-01 14:11:37,926 [Listener at 127.0.0.1/44177] INFO  volume.StorageVolumeChecker (StorageVolumeChecker.java:checkAllVolumes(202)) - Scheduled health check for volume /home/runner/work/ozone/ozone/hadoop-ozone/integration-test/target/test-dir/MiniOzoneClusterImpl-d7a4aa25-2cb2-423f-8a56-21877a9d22ed/datanode-3/data/ratis
2021-09-01 14:11:37,931 [om1@group-C5BA1605619E-FollowerState] INFO  impl.FollowerState (FollowerState.java:run(134)) - om1@group-C5BA1605619E-FollowerState: change to CANDIDATE, lastRpcElapsedTime:1011008843ns, electionTimeout:1010ms
2021-09-01 14:11:37,931 [om1@group-C5BA1605619E-FollowerState] INFO  impl.RoleInfo (RoleInfo.java:shutdownFollowerState(108)) - om1: shutdown om1@group-C5BA1605619E-FollowerState
2021-09-01 14:11:37,931 [om1@group-C5BA1605619E-FollowerState] INFO  server.RaftServer$Division (RaftServerImpl.java:setRole(285)) - om1@group-C5BA1605619E: changes role from  FOLLOWER to CANDIDATE at term 0 for changeToCandidate
2021-09-01 14:11:37,931 [om1@group-C5BA1605619E-FollowerState] INFO  server.RaftServerConfigKeys (ConfUtils.java:logGet(44)) - raft.server.leaderelection.pre-vote = false (custom)
2021-09-01 14:11:37,931 [om1@group-C5BA1605619E-FollowerState] INFO  impl.RoleInfo (RoleInfo.java:updateAndGet(130)) - om1: start om1@group-C5BA1605619E-LeaderElection26
2021-09-01 14:11:37,943 [Listener at 127.0.0.1/44177] INFO  ozoneimpl.ContainerReader (ContainerReader.java:<init>(98)) - Running in upgrade mode:true
2021-09-01 14:11:37,944 [Thread-1031] INFO  ozoneimpl.ContainerReader (ContainerReader.java:readVolume(142)) - Start to verify containers on volume /home/runner/work/ozone/ozone/hadoop-ozone/integration-test/target/test-dir/MiniOzoneClusterImpl-d7a4aa25-2cb2-423f-8a56-21877a9d22ed/datanode-3/data-0/containers/hdds
2021-09-01 14:11:37,944 [Thread-1031] INFO  ozoneimpl.ContainerReader (ContainerReader.java:readVolume(174)) - Finish verifying containers on volume /home/runner/work/ozone/ozone/hadoop-ozone/integration-test/target/test-dir/MiniOzoneClusterImpl-d7a4aa25-2cb2-423f-8a56-21877a9d22ed/datanode-3/data-0/containers/hdds
2021-09-01 14:11:37,944 [Listener at 127.0.0.1/44177] INFO  ozoneimpl.OzoneContainer (OzoneContainer.java:buildContainerSet(237)) - Build ContainerSet costs 0s
2021-09-01 14:11:37,944 [om1@group-C5BA1605619E-LeaderElection26] INFO  impl.LeaderElection (LeaderElection.java:askForVotes(306)) - om1@group-C5BA1605619E-LeaderElection26 ELECTION round 0: submit vote requests at term 1 for -1: [om1|rpc:localhost:42135|priority:0], old=null
2021-09-01 14:11:37,944 [om1@group-C5BA1605619E-LeaderElection26] INFO  impl.LeaderElection (LeaderElection.java:askForVotes(308)) - om1@group-C5BA1605619E-LeaderElection26 ELECTION round 0: result PASSED (term=1)
2021-09-01 14:11:37,944 [om1@group-C5BA1605619E-LeaderElection26] INFO  impl.RoleInfo (RoleInfo.java:shutdownLeaderElection(121)) - om1: shutdown om1@group-C5BA1605619E-LeaderElection26
2021-09-01 14:11:37,944 [om1@group-C5BA1605619E-LeaderElection26] INFO  server.RaftServer$Division (RaftServerImpl.java:setRole(285)) - om1@group-C5BA1605619E: changes role from CANDIDATE to LEADER at term 1 for changeToLeader
2021-09-01 14:11:37,944 [om1@group-C5BA1605619E-LeaderElection26] INFO  server.RaftServer$Division (ServerState.java:setLeader(285)) - om1@group-C5BA1605619E: change Leader from null to om1 at term 1 for becomeLeader, leader elected after 1052ms
2021-09-01 14:11:37,944 [om1@group-C5BA1605619E-LeaderElection26] INFO  server.RaftServerConfigKeys (ConfUtils.java:logGet(44)) - raft.server.staging.catchup.gap = 1000 (default)
2021-09-01 14:11:37,944 [om1@group-C5BA1605619E-LeaderElection26] INFO  server.RaftServerConfigKeys (ConfUtils.java:logGet(44)) - raft.server.write.element-limit = 4096 (default)
2021-09-01 14:11:37,944 [om1@group-C5BA1605619E-LeaderElection26] INFO  server.RaftServerConfigKeys (ConfUtils.java:logGet(44)) - raft.server.write.byte-limit = 64MB (=67108864) (default)
2021-09-01 14:11:37,945 [om1@group-C5BA1605619E-LeaderElection26] INFO  server.RaftServerConfigKeys (ConfUtils.java:logGet(44)) - raft.server.watch.timeout = 10s (default)
2021-09-01 14:11:37,945 [om1@group-C5BA1605619E-LeaderElection26] INFO  server.RaftServerConfigKeys (ConfUtils.java:logGet(44)) - raft.server.watch.timeout.denomination = 1s (default)
2021-09-01 14:11:37,945 [om1@group-C5BA1605619E-LeaderElection26] INFO  server.RaftServerConfigKeys (ConfUtils.java:logGet(44)) - raft.server.watch.element-limit = 65536 (default)
2021-09-01 14:11:37,945 [om1@group-C5BA1605619E-LeaderElection26] INFO  impl.RoleInfo (RoleInfo.java:updateAndGet(130)) - om1: start om1@group-C5BA1605619E-LeaderStateImpl
2021-09-01 14:11:37,945 [om1@group-C5BA1605619E-LeaderElection26] INFO  segmented.SegmentedRaftLogWorker (SegmentedRaftLogWorker.java:startLogSegment(394)) - om1@group-C5BA1605619E-SegmentedRaftLogWorker: Starting segment from index:0
2021-09-01 14:11:37,946 [Listener at 127.0.0.1/44177] INFO  server.RaftServer (ConfUtils.java:logGet(44)) - raft.rpc.type = GRPC (default)
2021-09-01 14:11:37,946 [Listener at 127.0.0.1/44177] INFO  grpc.GrpcFactory (GrpcFactory.java:checkPooledByteBufAllocatorUseCacheForAllThreads(48)) - PERFORMANCE WARNING: useCacheForAllThreads is true that may cause Netty to create a lot garbage objects and, as a result, trigger GC.
	It is recommended to disable useCacheForAllThreads by setting -Dorg.apache.ratis.thirdparty.io.netty.allocator.useCacheForAllThreads=false in command line.
2021-09-01 14:11:37,946 [Listener at 127.0.0.1/44177] INFO  grpc.GrpcConfigKeys (ConfUtils.java:logGet(44)) - raft.grpc.admin.port = 0 (custom)
2021-09-01 14:11:37,946 [Listener at 127.0.0.1/44177] INFO  grpc.GrpcConfigKeys (ConfUtils.java:logGet(44)) - raft.grpc.client.port = 0 (custom)
2021-09-01 14:11:37,946 [Listener at 127.0.0.1/44177] INFO  grpc.GrpcConfigKeys (ConfUtils.java:logGet(44)) - raft.grpc.server.port = 0 (default)
2021-09-01 14:11:37,946 [Listener at 127.0.0.1/44177] INFO  server.GrpcService (ConfUtils.java:logGet(44)) - raft.grpc.message.size.max = 32MB (=33554432) (custom)
2021-09-01 14:11:37,947 [Listener at 127.0.0.1/44177] INFO  server.RaftServerConfigKeys (ConfUtils.java:logGet(44)) - raft.server.log.appender.buffer.byte-limit = 33554432 (custom)
2021-09-01 14:11:37,947 [Listener at 127.0.0.1/44177] INFO  server.GrpcService (ConfUtils.java:logGet(44)) - raft.grpc.flow.control.window = 5MB (=5242880) (custom)
2021-09-01 14:11:37,947 [Listener at 127.0.0.1/44177] INFO  server.RaftServerConfigKeys (ConfUtils.java:logGet(44)) - raft.server.rpc.request.timeout = 60s (custom)
2021-09-01 14:11:37,948 [Listener at 127.0.0.1/44177] INFO  impl.DataStreamServerImpl (ConfUtils.java:logGet(44)) - raft.datastream.type = DISABLED (default)
2021-09-01 14:11:37,949 [Listener at 127.0.0.1/44177] INFO  server.RaftServerConfigKeys (ConfUtils.java:logGet(44)) - raft.server.rpc.slowness.timeout = 300s (custom)
2021-09-01 14:11:37,949 [Listener at 127.0.0.1/44177] INFO  server.RaftServerConfigKeys (ConfUtils.java:logGet(44)) - raft.server.leaderelection.leader.step-down.wait-time = 10s (default)
2021-09-01 14:11:37,949 [Listener at 127.0.0.1/44177] INFO  server.RaftServerConfigKeys (ConfUtils.java:logGet(44)) - raft.server.storage.dir = [/home/runner/work/ozone/ozone/hadoop-ozone/integration-test/target/test-dir/MiniOzoneClusterImpl-d7a4aa25-2cb2-423f-8a56-21877a9d22ed/datanode-3/data/ratis] (custom)
2021-09-01 14:11:37,955 [om1@group-C5BA1605619E-SegmentedRaftLogWorker] INFO  segmented.SegmentedRaftLogWorker (SegmentedRaftLogWorker.java:execute(601)) - om1@group-C5BA1605619E-SegmentedRaftLogWorker: created new log segment /home/runner/work/ozone/ozone/hadoop-ozone/integration-test/target/test-dir/MiniOzoneClusterImpl-d7a4aa25-2cb2-423f-8a56-21877a9d22ed/ozone-meta/ratis/bf265839-605b-3f16-9796-c5ba1605619e/current/log_inprogress_0
2021-09-01 14:11:37,962 [om1@group-C5BA1605619E-LeaderElection26] INFO  server.RaftServer$Division (ServerState.java:setRaftConf(387)) - om1@group-C5BA1605619E: set configuration 0: [om1|rpc:localhost:42135|admin:|client:|dataStream:|priority:0], old=null
2021-09-01 14:11:37,967 [Listener at 127.0.0.1/44177] INFO  http.BaseHttpServer (BaseHttpServer.java:newHttpServer2BuilderForOzone(209)) - Starting Web-server for hddsDatanode at: http://0.0.0.0:0
2021-09-01 14:11:37,967 [Listener at 127.0.0.1/44177] INFO  http.BaseHttpServer (BaseHttpServer.java:<init>(107)) - Hadoop Security Enabled: false Ozone Security Enabled: false Ozone HTTP Security Enabled: false 
2021-09-01 14:11:37,968 [Listener at 127.0.0.1/44177] INFO  server.AuthenticationFilter (AuthenticationFilter.java:constructSecretProvider(240)) - Unable to initialize FileSignerSecretProvider, falling back to use random secrets.
2021-09-01 14:11:37,968 [om1@group-C5BA1605619E-StateMachineUpdater] INFO  ratis.OzoneManagerStateMachine (OzoneManagerStateMachine.java:notifyConfigurationChanged(188)) - Received Configuration change notification from Ratis. New Peer list:
[id: "om1"
address: "localhost:42135"
]
2021-09-01 14:11:37,968 [Listener at 127.0.0.1/44177] WARN  http.HttpRequestLog (HttpRequestLog.java:getRequestLog(103)) - Jetty request log can only be enabled using Log4j
2021-09-01 14:11:37,969 [Listener at 127.0.0.1/44177] INFO  http.HttpServer2 (HttpServer2.java:addGlobalFilter(1030)) - Added global filter 'safety' (class=org.apache.hadoop.hdds.server.http.HttpServer2$QuotingInputFilter)
2021-09-01 14:11:37,969 [Listener at 127.0.0.1/44177] INFO  http.HttpServer2 (HttpServer2.java:addFilter(1006)) - Added filter static_user_filter (class=org.apache.hadoop.http.lib.StaticUserWebFilter$StaticUserFilter) to context hddsDatanode
2021-09-01 14:11:37,969 [Listener at 127.0.0.1/44177] INFO  http.HttpServer2 (HttpServer2.java:addFilter(1014)) - Added filter static_user_filter (class=org.apache.hadoop.http.lib.StaticUserWebFilter$StaticUserFilter) to context static
2021-09-01 14:11:37,969 [Listener at 127.0.0.1/44177] INFO  http.HttpServer2 (HttpServer2.java:addFilter(1014)) - Added filter static_user_filter (class=org.apache.hadoop.http.lib.StaticUserWebFilter$StaticUserFilter) to context logs
2021-09-01 14:11:37,970 [Listener at 127.0.0.1/44177] INFO  http.HttpServer2 (HttpServer2.java:bindListener(1249)) - Jetty bound to port 42543
2021-09-01 14:11:37,970 [Listener at 127.0.0.1/44177] INFO  server.Server (Server.java:doStart(375)) - jetty-9.4.43.v20210629; built: 2021-06-30T11:07:22.254Z; git: 526006ecfa3af7f1a27ef3a288e2bef7ea9dd7e8; jvm 1.8.0_292-b10
2021-09-01 14:11:37,971 [Listener at 127.0.0.1/44177] INFO  server.session (DefaultSessionIdManager.java:doStart(334)) - DefaultSessionIdManager workerName=node0
2021-09-01 14:11:37,971 [Listener at 127.0.0.1/44177] INFO  server.session (DefaultSessionIdManager.java:doStart(339)) - No SessionScavenger set, using defaults
2021-09-01 14:11:37,971 [Listener at 127.0.0.1/44177] INFO  server.session (HouseKeeper.java:startScavenging(132)) - node0 Scavenging every 600000ms
2021-09-01 14:11:37,972 [Listener at 127.0.0.1/44177] INFO  handler.ContextHandler (ContextHandler.java:doStart(915)) - Started o.e.j.s.ServletContextHandler@fad6ffb{logs,/logs,file:///home/runner/work/ozone/ozone/hadoop-ozone/integration-test/target/log,AVAILABLE}
2021-09-01 14:11:37,972 [Listener at 127.0.0.1/44177] INFO  handler.ContextHandler (ContextHandler.java:doStart(915)) - Started o.e.j.s.ServletContextHandler@2efb250b{static,/static,jar:file:/home/runner/.m2/repository/org/apache/ozone/hdds-container-service/1.2.0-SNAPSHOT/hdds-container-service-1.2.0-SNAPSHOT.jar!/webapps/static,AVAILABLE}
2021-09-01 14:11:37,985 [DatanodeAdminManager-0] INFO  node.DatanodeAdminMonitorImpl (DatanodeAdminMonitorImpl.java:run(136)) - There are 1 nodes tracked for decommission and maintenance. 0 pending nodes.
2021-09-01 14:11:38,010 [ReplicationMonitor] INFO  container.ReplicationManager (ReplicationManager.java:processAll(359)) - Replication Monitor Thread took 0 milliseconds for processing 3 containers.
2021-09-01 14:11:38,027 [Listener at 127.0.0.1/44177] INFO  handler.ContextHandler (ContextHandler.java:doStart(915)) - Started o.e.j.w.WebAppContext@633429fa{hddsDatanode,/,file:///tmp/jetty-0_0_0_0-42543-hdds-container-service-1_2_0-SNAPSHOT_jar-_-any-6709678790191869984/webapp/,AVAILABLE}{jar:file:/home/runner/.m2/repository/org/apache/ozone/hdds-container-service/1.2.0-SNAPSHOT/hdds-container-service-1.2.0-SNAPSHOT.jar!/webapps/hddsDatanode}
2021-09-01 14:11:38,029 [Listener at 127.0.0.1/44177] INFO  server.AbstractConnector (AbstractConnector.java:doStart(331)) - Started ServerConnector@326abb1e{HTTP/1.1, (http/1.1)}{0.0.0.0:42543}
2021-09-01 14:11:38,029 [Listener at 127.0.0.1/44177] INFO  server.Server (Server.java:doStart(415)) - Started @39597ms
2021-09-01 14:11:38,029 [Listener at 127.0.0.1/44177] WARN  impl.MetricsSystemImpl (MetricsSystemImpl.java:register(279)) - Sink prometheus already exists!
2021-09-01 14:11:38,030 [Listener at 127.0.0.1/44177] INFO  http.BaseHttpServer (BaseHttpServer.java:updateConnectorAddress(329)) - HTTP server of hddsDatanode listening at http://0.0.0.0:42543
2021-09-01 14:11:38,034 [Listener at 127.0.0.1/44177] WARN  impl.MetricRegistriesImpl (MetricRegistriesImpl.java:addReporterRegistration(111)) - New reporters are added after registries were created. Some metrics will be missing from the reporter. Please add reporter before adding any new registry.
2021-09-01 14:11:38,035 [Listener at 127.0.0.1/44177] WARN  impl.MetricRegistriesImpl (MetricRegistriesImpl.java:addReporterRegistration(111)) - New reporters are added after registries were created. Some metrics will be missing from the reporter. Please add reporter before adding any new registry.
2021-09-01 14:11:38,035 [Listener at 127.0.0.1/44177] INFO  impl.MetricsSystemImpl (MetricsSystemImpl.java:init(158)) - HddsDatanode metrics system started (again)
2021-09-01 14:11:38,060 [Listener at 127.0.0.1/44177] INFO  ozone.HddsDatanodeService (HddsDatanodeService.java:start(234)) - HddsDatanodeService host:fv-az148-824.bm4ck3pvxvsene1rjriu5fhcdb.bx.internal.cloudapp.net ip:10.1.0.27
2021-09-01 14:11:38,066 [org.apache.hadoop.util.JvmPauseMonitor$Monitor@502065bb] INFO  util.JvmPauseMonitor (JvmPauseMonitor.java:run(188)) - Starting JVM pause monitor
2021-09-01 14:11:38,079 [Datanode State Machine Task Thread - 0] INFO  datanode.InitDatanodeState (InitDatanodeState.java:persistContainerDatanodeDetails(145)) - DatanodeDetails is persisted to /home/runner/work/ozone/ozone/hadoop-ozone/integration-test/target/test-dir/MiniOzoneClusterImpl-d7a4aa25-2cb2-423f-8a56-21877a9d22ed/datanode-3/meta/datanode.id
2021-09-01 14:11:38,094 [Listener at 127.0.0.1/44177] INFO  upgrade.AbstractLayoutVersionManager (AbstractLayoutVersionManager.java:init(70)) - Initializing Layout version manager with metadata layout = SCM_HA (version = 2), software layout = SCM_HA (version = 2)
2021-09-01 14:11:38,133 [Listener at 127.0.0.1/44177] INFO  reflections.Reflections (Reflections.java:scan(232)) - Reflections took 38 ms to scan 7 urls, producing 120 keys and 275 values 
2021-09-01 14:11:38,147 [Listener at 127.0.0.1/44177] INFO  volume.HddsVolume (HddsVolume.java:<init>(120)) - Creating HddsVolume: /home/runner/work/ozone/ozone/hadoop-ozone/integration-test/target/test-dir/MiniOzoneClusterImpl-d7a4aa25-2cb2-423f-8a56-21877a9d22ed/datanode-4/data-0/containers/hdds of storage type : DISK capacity : 9223372036854775807
2021-09-01 14:11:38,148 [Listener at 127.0.0.1/44177] INFO  volume.MutableVolumeSet (MutableVolumeSet.java:initializeVolumeSet(181)) - Added Volume : /home/runner/work/ozone/ozone/hadoop-ozone/integration-test/target/test-dir/MiniOzoneClusterImpl-d7a4aa25-2cb2-423f-8a56-21877a9d22ed/datanode-4/data-0/containers/hdds to VolumeSet
2021-09-01 14:11:38,148 [Listener at 127.0.0.1/44177] INFO  volume.ThrottledAsyncChecker (ThrottledAsyncChecker.java:schedule(141)) - Scheduling a check for /home/runner/work/ozone/ozone/hadoop-ozone/integration-test/target/test-dir/MiniOzoneClusterImpl-d7a4aa25-2cb2-423f-8a56-21877a9d22ed/datanode-4/data-0/containers/hdds
2021-09-01 14:11:38,149 [Listener at 127.0.0.1/44177] INFO  volume.StorageVolumeChecker (StorageVolumeChecker.java:checkAllVolumes(202)) - Scheduled health check for volume /home/runner/work/ozone/ozone/hadoop-ozone/integration-test/target/test-dir/MiniOzoneClusterImpl-d7a4aa25-2cb2-423f-8a56-21877a9d22ed/datanode-4/data-0/containers/hdds
2021-09-01 14:11:38,161 [Listener at 127.0.0.1/44177] INFO  volume.MutableVolumeSet (MutableVolumeSet.java:initializeVolumeSet(181)) - Added Volume : /home/runner/work/ozone/ozone/hadoop-ozone/integration-test/target/test-dir/MiniOzoneClusterImpl-d7a4aa25-2cb2-423f-8a56-21877a9d22ed/datanode-4/data/ratis to VolumeSet
2021-09-01 14:11:38,161 [Listener at 127.0.0.1/44177] INFO  volume.ThrottledAsyncChecker (ThrottledAsyncChecker.java:schedule(141)) - Scheduling a check for /home/runner/work/ozone/ozone/hadoop-ozone/integration-test/target/test-dir/MiniOzoneClusterImpl-d7a4aa25-2cb2-423f-8a56-21877a9d22ed/datanode-4/data/ratis
2021-09-01 14:11:38,162 [Listener at 127.0.0.1/44177] INFO  volume.StorageVolumeChecker (StorageVolumeChecker.java:checkAllVolumes(202)) - Scheduled health check for volume /home/runner/work/ozone/ozone/hadoop-ozone/integration-test/target/test-dir/MiniOzoneClusterImpl-d7a4aa25-2cb2-423f-8a56-21877a9d22ed/datanode-4/data/ratis
2021-09-01 14:11:38,173 [Listener at 127.0.0.1/44177] INFO  ozoneimpl.ContainerReader (ContainerReader.java:<init>(98)) - Running in upgrade mode:true
2021-09-01 14:11:38,173 [Thread-1046] INFO  ozoneimpl.ContainerReader (ContainerReader.java:readVolume(142)) - Start to verify containers on volume /home/runner/work/ozone/ozone/hadoop-ozone/integration-test/target/test-dir/MiniOzoneClusterImpl-d7a4aa25-2cb2-423f-8a56-21877a9d22ed/datanode-4/data-0/containers/hdds
2021-09-01 14:11:38,173 [Thread-1046] INFO  ozoneimpl.ContainerReader (ContainerReader.java:readVolume(174)) - Finish verifying containers on volume /home/runner/work/ozone/ozone/hadoop-ozone/integration-test/target/test-dir/MiniOzoneClusterImpl-d7a4aa25-2cb2-423f-8a56-21877a9d22ed/datanode-4/data-0/containers/hdds
2021-09-01 14:11:38,173 [Listener at 127.0.0.1/44177] INFO  ozoneimpl.OzoneContainer (OzoneContainer.java:buildContainerSet(237)) - Build ContainerSet costs 0s
2021-09-01 14:11:38,174 [Listener at 127.0.0.1/44177] INFO  server.RaftServer (ConfUtils.java:logGet(44)) - raft.rpc.type = GRPC (default)
2021-09-01 14:11:38,175 [Listener at 127.0.0.1/44177] INFO  grpc.GrpcFactory (GrpcFactory.java:checkPooledByteBufAllocatorUseCacheForAllThreads(48)) - PERFORMANCE WARNING: useCacheForAllThreads is true that may cause Netty to create a lot garbage objects and, as a result, trigger GC.
	It is recommended to disable useCacheForAllThreads by setting -Dorg.apache.ratis.thirdparty.io.netty.allocator.useCacheForAllThreads=false in command line.
2021-09-01 14:11:38,175 [Listener at 127.0.0.1/44177] INFO  grpc.GrpcConfigKeys (ConfUtils.java:logGet(44)) - raft.grpc.admin.port = 0 (custom)
2021-09-01 14:11:38,175 [Listener at 127.0.0.1/44177] INFO  grpc.GrpcConfigKeys (ConfUtils.java:logGet(44)) - raft.grpc.client.port = 0 (custom)
2021-09-01 14:11:38,175 [Listener at 127.0.0.1/44177] INFO  grpc.GrpcConfigKeys (ConfUtils.java:logGet(44)) - raft.grpc.server.port = 0 (default)
2021-09-01 14:11:38,175 [Listener at 127.0.0.1/44177] INFO  server.GrpcService (ConfUtils.java:logGet(44)) - raft.grpc.message.size.max = 32MB (=33554432) (custom)
2021-09-01 14:11:38,175 [Listener at 127.0.0.1/44177] INFO  server.RaftServerConfigKeys (ConfUtils.java:logGet(44)) - raft.server.log.appender.buffer.byte-limit = 33554432 (custom)
2021-09-01 14:11:38,175 [Listener at 127.0.0.1/44177] INFO  server.GrpcService (ConfUtils.java:logGet(44)) - raft.grpc.flow.control.window = 5MB (=5242880) (custom)
2021-09-01 14:11:38,175 [Listener at 127.0.0.1/44177] INFO  server.RaftServerConfigKeys (ConfUtils.java:logGet(44)) - raft.server.rpc.request.timeout = 60s (custom)
2021-09-01 14:11:38,176 [Listener at 127.0.0.1/44177] INFO  impl.DataStreamServerImpl (ConfUtils.java:logGet(44)) - raft.datastream.type = DISABLED (default)
2021-09-01 14:11:38,176 [Listener at 127.0.0.1/44177] INFO  server.RaftServerConfigKeys (ConfUtils.java:logGet(44)) - raft.server.rpc.slowness.timeout = 300s (custom)
2021-09-01 14:11:38,176 [Listener at 127.0.0.1/44177] INFO  server.RaftServerConfigKeys (ConfUtils.java:logGet(44)) - raft.server.leaderelection.leader.step-down.wait-time = 10s (default)
2021-09-01 14:11:38,176 [Listener at 127.0.0.1/44177] INFO  server.RaftServerConfigKeys (ConfUtils.java:logGet(44)) - raft.server.storage.dir = [/home/runner/work/ozone/ozone/hadoop-ozone/integration-test/target/test-dir/MiniOzoneClusterImpl-d7a4aa25-2cb2-423f-8a56-21877a9d22ed/datanode-4/data/ratis] (custom)
2021-09-01 14:11:38,186 [Listener at 127.0.0.1/44177] INFO  http.BaseHttpServer (BaseHttpServer.java:newHttpServer2BuilderForOzone(209)) - Starting Web-server for hddsDatanode at: http://0.0.0.0:0
2021-09-01 14:11:38,186 [Listener at 127.0.0.1/44177] INFO  http.BaseHttpServer (BaseHttpServer.java:<init>(107)) - Hadoop Security Enabled: false Ozone Security Enabled: false Ozone HTTP Security Enabled: false 
2021-09-01 14:11:38,187 [Listener at 127.0.0.1/44177] INFO  server.AuthenticationFilter (AuthenticationFilter.java:constructSecretProvider(240)) - Unable to initialize FileSignerSecretProvider, falling back to use random secrets.
2021-09-01 14:11:38,189 [Listener at 127.0.0.1/44177] WARN  http.HttpRequestLog (HttpRequestLog.java:getRequestLog(103)) - Jetty request log can only be enabled using Log4j
2021-09-01 14:11:38,190 [Listener at 127.0.0.1/44177] INFO  http.HttpServer2 (HttpServer2.java:addGlobalFilter(1030)) - Added global filter 'safety' (class=org.apache.hadoop.hdds.server.http.HttpServer2$QuotingInputFilter)
2021-09-01 14:11:38,190 [Listener at 127.0.0.1/44177] INFO  http.HttpServer2 (HttpServer2.java:addFilter(1006)) - Added filter static_user_filter (class=org.apache.hadoop.http.lib.StaticUserWebFilter$StaticUserFilter) to context hddsDatanode
2021-09-01 14:11:38,190 [Listener at 127.0.0.1/44177] INFO  http.HttpServer2 (HttpServer2.java:addFilter(1014)) - Added filter static_user_filter (class=org.apache.hadoop.http.lib.StaticUserWebFilter$StaticUserFilter) to context logs
2021-09-01 14:11:38,190 [Listener at 127.0.0.1/44177] INFO  http.HttpServer2 (HttpServer2.java:addFilter(1014)) - Added filter static_user_filter (class=org.apache.hadoop.http.lib.StaticUserWebFilter$StaticUserFilter) to context static
2021-09-01 14:11:38,190 [Listener at 127.0.0.1/44177] INFO  http.HttpServer2 (HttpServer2.java:bindListener(1249)) - Jetty bound to port 36513
2021-09-01 14:11:38,191 [Listener at 127.0.0.1/44177] INFO  server.Server (Server.java:doStart(375)) - jetty-9.4.43.v20210629; built: 2021-06-30T11:07:22.254Z; git: 526006ecfa3af7f1a27ef3a288e2bef7ea9dd7e8; jvm 1.8.0_292-b10
2021-09-01 14:11:38,193 [Listener at 127.0.0.1/44177] INFO  server.session (DefaultSessionIdManager.java:doStart(334)) - DefaultSessionIdManager workerName=node0
2021-09-01 14:11:38,193 [Listener at 127.0.0.1/44177] INFO  server.session (DefaultSessionIdManager.java:doStart(339)) - No SessionScavenger set, using defaults
2021-09-01 14:11:38,194 [Listener at 127.0.0.1/44177] INFO  server.session (HouseKeeper.java:startScavenging(132)) - node0 Scavenging every 600000ms
2021-09-01 14:11:38,194 [Listener at 127.0.0.1/44177] INFO  handler.ContextHandler (ContextHandler.java:doStart(915)) - Started o.e.j.s.ServletContextHandler@51cc6a7a{logs,/logs,file:///home/runner/work/ozone/ozone/hadoop-ozone/integration-test/target/log,AVAILABLE}
2021-09-01 14:11:38,195 [Listener at 127.0.0.1/44177] INFO  handler.ContextHandler (ContextHandler.java:doStart(915)) - Started o.e.j.s.ServletContextHandler@2c65214b{static,/static,jar:file:/home/runner/.m2/repository/org/apache/ozone/hdds-container-service/1.2.0-SNAPSHOT/hdds-container-service-1.2.0-SNAPSHOT.jar!/webapps/static,AVAILABLE}
2021-09-01 14:11:38,199 [main] INFO  statemachine.DatanodeStateMachine (DatanodeStateMachine.java:stopDaemon(515)) - Ozone container server stopped.
2021-09-01 14:11:38,207 [main] INFO  handler.ContextHandler (ContextHandler.java:doStop(1153)) - Stopped o.e.j.w.WebAppContext@5c219cbb{hddsDatanode,/,null,STOPPED}{jar:file:/home/runner/.m2/repository/org/apache/ozone/hdds-container-service/1.2.0-SNAPSHOT/hdds-container-service-1.2.0-SNAPSHOT.jar!/webapps/hddsDatanode}
2021-09-01 14:11:38,219 [main] INFO  server.AbstractConnector (AbstractConnector.java:doStop(381)) - Stopped ServerConnector@2e0cc38c{HTTP/1.1, (http/1.1)}{0.0.0.0:0}
2021-09-01 14:11:38,219 [main] INFO  server.session (HouseKeeper.java:stopScavenging(149)) - node0 Stopped scavenging
2021-09-01 14:11:38,221 [main] INFO  handler.ContextHandler (ContextHandler.java:doStop(1153)) - Stopped o.e.j.s.ServletContextHandler@309e81ae{static,/static,jar:file:/home/runner/.m2/repository/org/apache/ozone/hdds-container-service/1.2.0-SNAPSHOT/hdds-container-service-1.2.0-SNAPSHOT.jar!/webapps/static,STOPPED}
2021-09-01 14:11:38,222 [main] INFO  handler.ContextHandler (ContextHandler.java:doStop(1153)) - Stopped o.e.j.s.ServletContextHandler@202af147{logs,/logs,file:///home/runner/work/ozone/ozone/hadoop-ozone/integration-test/target/log,STOPPED}
2021-09-01 14:11:38,259 [IPC Server handler 11 on default port 40111] INFO  node.NodeDecommissionManager (NodeDecommissionManager.java:recommission(316)) - Queued node 1f216d10-6a5d-4e67-b983-ab62dd80285a{ip: 10.1.0.27, host: fv-az148-824.bm4ck3pvxvsene1rjriu5fhcdb.bx.internal.cloudapp.net, ports: [REPLICATION=40941, RATIS=36441, RATIS_ADMIN=36441, RATIS_SERVER=36441, STANDALONE=46147], networkLocation: /default-rack, certSerialId: null, persistedOpState: IN_MAINTENANCE, persistedOpStateExpiryEpochSec: 0} for recommission
2021-09-01 14:11:38,264 [main] WARN  impl.MetricRegistriesImpl (MetricRegistriesImpl.java:addReporterRegistration(111)) - New reporters are added after registries were created. Some metrics will be missing from the reporter. Please add reporter before adding any new registry.
2021-09-01 14:11:38,264 [main] WARN  impl.MetricRegistriesImpl (MetricRegistriesImpl.java:addReporterRegistration(111)) - New reporters are added after registries were created. Some metrics will be missing from the reporter. Please add reporter before adding any new registry.
2021-09-01 14:11:38,264 [main] INFO  impl.MetricsSystemImpl (MetricsSystemImpl.java:init(158)) - HddsDatanode metrics system started (again)
2021-09-01 14:11:38,306 [Listener at 127.0.0.1/44177] INFO  handler.ContextHandler (ContextHandler.java:doStart(915)) - Started o.e.j.w.WebAppContext@4b4e21e6{hddsDatanode,/,file:///tmp/jetty-0_0_0_0-36513-hdds-container-service-1_2_0-SNAPSHOT_jar-_-any-5941405195790498740/webapp/,AVAILABLE}{jar:file:/home/runner/.m2/repository/org/apache/ozone/hdds-container-service/1.2.0-SNAPSHOT/hdds-container-service-1.2.0-SNAPSHOT.jar!/webapps/hddsDatanode}
2021-09-01 14:11:38,322 [Listener at 127.0.0.1/44177] INFO  server.AbstractConnector (AbstractConnector.java:doStart(331)) - Started ServerConnector@5381be5{HTTP/1.1, (http/1.1)}{0.0.0.0:36513}
2021-09-01 14:11:38,322 [Listener at 127.0.0.1/44177] INFO  server.Server (Server.java:doStart(415)) - Started @39890ms
2021-09-01 14:11:38,322 [Listener at 127.0.0.1/44177] WARN  impl.MetricsSystemImpl (MetricsSystemImpl.java:register(279)) - Sink prometheus already exists!
2021-09-01 14:11:38,323 [Listener at 127.0.0.1/44177] INFO  http.BaseHttpServer (BaseHttpServer.java:updateConnectorAddress(329)) - HTTP server of hddsDatanode listening at http://0.0.0.0:36513
2021-09-01 14:11:38,325 [Listener at 127.0.0.1/44177] WARN  impl.MetricRegistriesImpl (MetricRegistriesImpl.java:addReporterRegistration(111)) - New reporters are added after registries were created. Some metrics will be missing from the reporter. Please add reporter before adding any new registry.
2021-09-01 14:11:38,325 [Listener at 127.0.0.1/44177] WARN  impl.MetricRegistriesImpl (MetricRegistriesImpl.java:addReporterRegistration(111)) - New reporters are added after registries were created. Some metrics will be missing from the reporter. Please add reporter before adding any new registry.
2021-09-01 14:11:38,325 [Listener at 127.0.0.1/44177] INFO  impl.MetricsSystemImpl (MetricsSystemImpl.java:init(158)) - HddsDatanode metrics system started (again)
2021-09-01 14:11:38,359 [main] INFO  ozone.HddsDatanodeService (HddsDatanodeService.java:start(234)) - HddsDatanodeService host:fv-az148-824.bm4ck3pvxvsene1rjriu5fhcdb.bx.internal.cloudapp.net ip:10.1.0.27
2021-09-01 14:11:38,369 [Listener at 127.0.0.1/44177] INFO  ozone.HddsDatanodeService (HddsDatanodeService.java:start(234)) - HddsDatanodeService host:fv-az148-824.bm4ck3pvxvsene1rjriu5fhcdb.bx.internal.cloudapp.net ip:10.1.0.27
2021-09-01 14:11:38,370 [org.apache.hadoop.util.JvmPauseMonitor$Monitor@40f1f105] INFO  util.JvmPauseMonitor (JvmPauseMonitor.java:run(188)) - Starting JVM pause monitor
2021-09-01 14:11:38,376 [Datanode State Machine Task Thread - 0] INFO  datanode.InitDatanodeState (InitDatanodeState.java:persistContainerDatanodeDetails(145)) - DatanodeDetails is persisted to /home/runner/work/ozone/ozone/hadoop-ozone/integration-test/target/test-dir/MiniOzoneClusterImpl-d7a4aa25-2cb2-423f-8a56-21877a9d22ed/datanode-4/meta/datanode.id
2021-09-01 14:11:38,394 [Listener at 127.0.0.1/44177] INFO  upgrade.AbstractLayoutVersionManager (AbstractLayoutVersionManager.java:init(70)) - Initializing Layout version manager with metadata layout = SCM_HA (version = 2), software layout = SCM_HA (version = 2)
2021-09-01 14:11:38,400 [main] INFO  upgrade.AbstractLayoutVersionManager (AbstractLayoutVersionManager.java:init(70)) - Initializing Layout version manager with metadata layout = SCM_HA (version = 2), software layout = SCM_HA (version = 2)
2021-09-01 14:11:38,413 [Mini-Cluster-Provider-Reap] INFO  ozone.MiniOzoneClusterImpl (MiniOzoneClusterImpl.java:shutdown(453)) - Shutting down the Mini Ozone Cluster
2021-09-01 14:11:38,415 [Mini-Cluster-Provider-Reap] INFO  ozone.MiniOzoneClusterImpl (MiniOzoneClusterImpl.java:stop(468)) - Stopping the Mini Ozone Cluster
2021-09-01 14:11:38,415 [Mini-Cluster-Provider-Reap] INFO  ozone.MiniOzoneClusterImpl (MiniOzoneClusterImpl.java:stopOM(550)) - Stopping the OzoneManager
2021-09-01 14:11:38,415 [Mini-Cluster-Provider-Reap] INFO  om.OzoneManager (OzoneManager.java:stop(1632)) - Stopping Ozone Manager
2021-09-01 14:11:38,416 [Mini-Cluster-Provider-Reap] INFO  ipc.Server (Server.java:stop(3414)) - Stopping server on 45399
2021-09-01 14:11:38,435 [IPC Server listener on 0] INFO  ipc.Server (Server.java:run(1376)) - Stopping IPC Server listener on 0
2021-09-01 14:11:38,441 [IPC Server Responder] INFO  ipc.Server (Server.java:run(1512)) - Stopping IPC Server Responder
2021-09-01 14:11:38,450 [Mini-Cluster-Provider-Reap] INFO  server.RaftServer (RaftServerProxy.java:lambda$close$6(391)) - om1: close
2021-09-01 14:11:38,454 [Mini-Cluster-Provider-Reap] INFO  server.RaftServer$Division (RaftServerImpl.java:lambda$close$4(407)) - om1@group-C5BA1605619E: shutdown
2021-09-01 14:11:38,454 [Mini-Cluster-Provider-Reap] INFO  util.JmxRegister (JmxRegister.java:unregister(73)) - Successfully un-registered JMX Bean with object name Ratis:service=RaftServer,group=group-C5BA1605619E,id=om1
2021-09-01 14:11:38,454 [Mini-Cluster-Provider-Reap] INFO  impl.RoleInfo (RoleInfo.java:shutdownLeaderState(91)) - om1: shutdown om1@group-C5BA1605619E-LeaderStateImpl
2021-09-01 14:11:38,454 [Mini-Cluster-Provider-Reap] INFO  impl.PendingRequests (PendingRequests.java:sendNotLeaderResponses(282)) - om1@group-C5BA1605619E-PendingRequests: sendNotLeaderResponses
]]></system-out>
  </testcase>
  <testcase name="testContainerIsReplicatedWhenAllNodesGotoMaintenance" classname="org.apache.hadoop.ozone.scm.node.TestDecommissionAndMaintenance" time="22.231"/>
  <testcase name="testDecommissionedStateReinstatedAfterSCMRestart" classname="org.apache.hadoop.ozone.scm.node.TestDecommissionAndMaintenance" time="22.918"/>
  <testcase name="testMaintenanceEndsAutomaticallyAtTimeout" classname="org.apache.hadoop.ozone.scm.node.TestDecommissionAndMaintenance" time="48.042"/>
  <testcase name="testDecommissionedNodeCanBeRecommissioned" classname="org.apache.hadoop.ozone.scm.node.TestDecommissionAndMaintenance" time="20.313"/>
  <testcase name="testNodeWithOpenPipelineCanBeDecommissioned" classname="org.apache.hadoop.ozone.scm.node.TestDecommissionAndMaintenance" time="37.545"/>
  <testcase name="testSingleNodeWithOpenPipelineCanGotoMaintenance" classname="org.apache.hadoop.ozone.scm.node.TestDecommissionAndMaintenance" time="30.032"/>
  <testcase name="testSCMHandlesRestartForMaintenanceNode" classname="org.apache.hadoop.ozone.scm.node.TestDecommissionAndMaintenance" time="35.897"/>
  <testcase name="testStoppedDecommissionedNodeTakesSCMStateOnRestart" classname="org.apache.hadoop.ozone.scm.node.TestDecommissionAndMaintenance" time="38.895"/>
  <testcase name="testEnteringMaintenanceNodeCompletesAfterSCMRestart" classname="org.apache.hadoop.ozone.scm.node.TestDecommissionAndMaintenance" time="18.902"/>
  <testcase name="testDecommissioningNodesCompleteDecommissionOnSCMRestart" classname="org.apache.hadoop.ozone.scm.node.TestDecommissionAndMaintenance" time="28.464"/>
</testsuite>