<?xml version="1.0" encoding="UTF-8"?>
<testsuite xmlns:xsi="http://www.w3.org/2001/XMLSchema-instance" xsi:noNamespaceSchemaLocation="https://maven.apache.org/surefire/maven-surefire-plugin/xsd/surefire-test-report.xsd" name="org.apache.hadoop.hdds.scm.pipeline.TestPipelineClose" time="139.395" tests="4" errors="0" skipped="0" failures="1">
  <properties>
    <property name="awt.toolkit" value="sun.awt.X11.XToolkit"/>
    <property name="file.encoding.pkg" value="sun.io"/>
    <property name="java.specification.version" value="1.8"/>
    <property name="sun.cpu.isalist" value=""/>
    <property name="sun.jnu.encoding" value="UTF-8"/>
    <property name="java.class.path" value="/home/runner/work/ozone/ozone/hadoop-ozone/integration-test/target/test-classes:/home/runner/work/ozone/ozone/hadoop-ozone/integration-test/target/classes:/home/runner/.m2/repository/org/apache/ozone/ozone-common/1.2.0-SNAPSHOT/ozone-common-1.2.0-SNAPSHOT.jar:/home/runner/.m2/repository/org/apache/commons/commons-compress/1.20/commons-compress-1.20.jar:/home/runner/.m2/repository/org/apache/ozone/hdds-common/1.2.0-SNAPSHOT/hdds-common-1.2.0-SNAPSHOT.jar:/home/runner/.m2/repository/org/apache/ozone/hdds-client/1.2.0-SNAPSHOT/hdds-client-1.2.0-SNAPSHOT.jar:/home/runner/.m2/repository/org/apache/ozone/ozone-interface-client/1.2.0-SNAPSHOT/ozone-interface-client-1.2.0-SNAPSHOT.jar:/home/runner/.m2/repository/org/apache/ozone/hdds-server-framework/1.2.0-SNAPSHOT/hdds-server-framework-1.2.0-SNAPSHOT.jar:/home/runner/.m2/repository/org/apache/ozone/hdds-interface-server/1.2.0-SNAPSHOT/hdds-interface-server-1.2.0-SNAPSHOT.jar:/home/runner/.m2/repository/org/eclipse/jetty/jetty-servlet/9.4.43.v20210629/jetty-servlet-9.4.43.v20210629.jar:/home/runner/.m2/repository/org/eclipse/jetty/jetty-security/9.4.43.v20210629/jetty-security-9.4.43.v20210629.jar:/home/runner/.m2/repository/org/rocksdb/rocksdbjni/6.20.3/rocksdbjni-6.20.3.jar:/home/runner/.m2/repository/io/prometheus/simpleclient_dropwizard/0.7.0/simpleclient_dropwizard-0.7.0.jar:/home/runner/.m2/repository/io/prometheus/simpleclient/0.7.0/simpleclient-0.7.0.jar:/home/runner/.m2/repository/io/prometheus/simpleclient_common/0.7.0/simpleclient_common-0.7.0.jar:/home/runner/.m2/repository/com/fasterxml/jackson/datatype/jackson-datatype-jsr310/2.12.1/jackson-datatype-jsr310-2.12.1.jar:/home/runner/.m2/repository/org/apache/ozone/hdds-test-utils/1.2.0-SNAPSHOT/hdds-test-utils-1.2.0-SNAPSHOT.jar:/home/runner/.m2/repository/com/google/guava/guava/30.1.1-jre/guava-30.1.1-jre.jar:/home/runner/.m2/repository/com/google/guava/failureaccess/1.0.1/failureaccess-1.0.1.jar:/home/runner/.m2/repository/com/google/guava/listenablefuture/9999.0-empty-to-avoid-conflict-with-guava/listenablefuture-9999.0-empty-to-avoid-conflict-with-guava.jar:/home/runner/.m2/repository/com/google/code/findbugs/jsr305/3.0.0/jsr305-3.0.0.jar:/home/runner/.m2/repository/org/checkerframework/checker-qual/3.8.0/checker-qual-3.8.0.jar:/home/runner/.m2/repository/com/google/errorprone/error_prone_annotations/2.2.0/error_prone_annotations-2.2.0.jar:/home/runner/.m2/repository/com/google/j2objc/j2objc-annotations/1.3/j2objc-annotations-1.3.jar:/home/runner/.m2/repository/commons-io/commons-io/2.8.0/commons-io-2.8.0.jar:/home/runner/.m2/repository/commons-logging/commons-logging/1.2/commons-logging-1.2.jar:/home/runner/.m2/repository/log4j/log4j/1.2.17/log4j-1.2.17.jar:/home/runner/.m2/repository/org/slf4j/slf4j-api/1.7.30/slf4j-api-1.7.30.jar:/home/runner/.m2/repository/org/apache/ozone/hdds-server-scm/1.2.0-SNAPSHOT/hdds-server-scm-1.2.0-SNAPSHOT.jar:/home/runner/.m2/repository/org/apache/ozone/hdds-container-service/1.2.0-SNAPSHOT/hdds-container-service-1.2.0-SNAPSHOT.jar:/home/runner/.m2/repository/org/apache/ozone/hdds-hadoop-dependency-server/1.2.0-SNAPSHOT/hdds-hadoop-dependency-server-1.2.0-SNAPSHOT.jar:/home/runner/.m2/repository/org/apache/hadoop/hadoop-hdfs/3.3.1/hadoop-hdfs-3.3.1.jar:/home/runner/.m2/repository/io/dropwizard/metrics/metrics-core/3.2.4/metrics-core-3.2.4.jar:/home/runner/.m2/repository/org/apache/hadoop/hadoop-hdfs-client/3.3.1/hadoop-hdfs-client-3.3.1.jar:/home/runner/.m2/repository/org/bouncycastle/bcprov-jdk15on/1.67/bcprov-jdk15on-1.67.jar:/home/runner/.m2/repository/com/google/protobuf/protobuf-java/2.5.0/protobuf-java-2.5.0.jar:/home/runner/.m2/repository/org/apache/ozone/ozone-manager/1.2.0-SNAPSHOT/ozone-manager-1.2.0-SNAPSHOT.jar:/home/runner/.m2/repository/org/aspectj/aspectjrt/1.8.9/aspectjrt-1.8.9.jar:/home/runner/.m2/repository/org/aspectj/aspectjweaver/1.8.9/aspectjweaver-1.8.9.jar:/home/runner/.m2/repository/org/apache/ozone/hdds-interface-client/1.2.0-SNAPSHOT/hdds-interface-client-1.2.0-SNAPSHOT.jar:/home/runner/.m2/repository/org/apache/hadoop/thirdparty/hadoop-shaded-protobuf_3_7/1.1.1/hadoop-shaded-protobuf_3_7-1.1.1.jar:/home/runner/.m2/repository/org/apache/ratis/ratis-thirdparty-misc/0.7.0/ratis-thirdparty-misc-0.7.0.jar:/home/runner/.m2/repository/org/apache/ozone/ozone-interface-storage/1.2.0-SNAPSHOT/ozone-interface-storage-1.2.0-SNAPSHOT.jar:/home/runner/.m2/repository/org/reflections/reflections/0.9.11/reflections-0.9.11.jar:/home/runner/.m2/repository/org/apache/hadoop/hadoop-minikdc/3.3.1/hadoop-minikdc-3.3.1.jar:/home/runner/.m2/repository/org/apache/kerby/kerb-simplekdc/1.0.1/kerb-simplekdc-1.0.1.jar:/home/runner/.m2/repository/org/apache/kerby/kerb-client/1.0.1/kerb-client-1.0.1.jar:/home/runner/.m2/repository/org/apache/kerby/kerby-config/1.0.1/kerby-config-1.0.1.jar:/home/runner/.m2/repository/org/apache/kerby/kerb-common/1.0.1/kerb-common-1.0.1.jar:/home/runner/.m2/repository/org/apache/kerby/kerb-crypto/1.0.1/kerb-crypto-1.0.1.jar:/home/runner/.m2/repository/org/apache/kerby/kerb-util/1.0.1/kerb-util-1.0.1.jar:/home/runner/.m2/repository/org/apache/kerby/token-provider/1.0.1/token-provider-1.0.1.jar:/home/runner/.m2/repository/org/apache/kerby/kerb-admin/1.0.1/kerb-admin-1.0.1.jar:/home/runner/.m2/repository/org/apache/kerby/kerb-server/1.0.1/kerb-server-1.0.1.jar:/home/runner/.m2/repository/org/apache/kerby/kerb-identity/1.0.1/kerb-identity-1.0.1.jar:/home/runner/.m2/repository/org/apache/kerby/kerby-xdr/1.0.1/kerby-xdr-1.0.1.jar:/home/runner/.m2/repository/org/slf4j/slf4j-log4j12/1.7.30/slf4j-log4j12-1.7.30.jar:/home/runner/.m2/repository/org/apache/ozone/ozone-s3gateway/1.2.0-SNAPSHOT/ozone-s3gateway-1.2.0-SNAPSHOT.jar:/home/runner/.m2/repository/org/javassist/javassist/3.21.0-GA/javassist-3.21.0-GA.jar:/home/runner/.m2/repository/org/jboss/weld/servlet/weld-servlet/2.4.7.Final/weld-servlet-2.4.7.Final.jar:/home/runner/.m2/repository/org/glassfish/jersey/containers/jersey-container-servlet-core/2.33/jersey-container-servlet-core-2.33.jar:/home/runner/.m2/repository/org/glassfish/hk2/external/jakarta.inject/2.6.1/jakarta.inject-2.6.1.jar:/home/runner/.m2/repository/org/glassfish/jersey/core/jersey-common/2.33/jersey-common-2.33.jar:/home/runner/.m2/repository/jakarta/ws/rs/jakarta.ws.rs-api/2.1.6/jakarta.ws.rs-api-2.1.6.jar:/home/runner/.m2/repository/org/glassfish/jersey/ext/cdi/jersey-cdi1x/2.33/jersey-cdi1x-2.33.jar:/home/runner/.m2/repository/org/glassfish/jersey/inject/jersey-hk2/2.33/jersey-hk2-2.33.jar:/home/runner/.m2/repository/org/glassfish/hk2/hk2-locator/2.6.1/hk2-locator-2.6.1.jar:/home/runner/.m2/repository/org/glassfish/jersey/media/jersey-media-jaxb/2.33/jersey-media-jaxb-2.33.jar:/home/runner/.m2/repository/org/glassfish/hk2/osgi-resource-locator/1.0.3/osgi-resource-locator-1.0.3.jar:/home/runner/.m2/repository/org/glassfish/hk2/hk2-api/2.5.0/hk2-api-2.5.0.jar:/home/runner/.m2/repository/org/glassfish/hk2/hk2-utils/2.5.0/hk2-utils-2.5.0.jar:/home/runner/.m2/repository/org/glassfish/hk2/external/aopalliance-repackaged/2.5.0/aopalliance-repackaged-2.5.0.jar:/home/runner/.m2/repository/com/fasterxml/jackson/dataformat/jackson-dataformat-xml/2.12.1/jackson-dataformat-xml-2.12.1.jar:/home/runner/.m2/repository/com/fasterxml/jackson/core/jackson-core/2.12.1/jackson-core-2.12.1.jar:/home/runner/.m2/repository/com/fasterxml/jackson/module/jackson-module-jaxb-annotations/2.12.1/jackson-module-jaxb-annotations-2.12.1.jar:/home/runner/.m2/repository/jakarta/xml/bind/jakarta.xml.bind-api/2.3.2/jakarta.xml.bind-api-2.3.2.jar:/home/runner/.m2/repository/org/codehaus/woodstox/stax2-api/3.1.4/stax2-api-3.1.4.jar:/home/runner/.m2/repository/com/fasterxml/woodstox/woodstox-core/5.0.3/woodstox-core-5.0.3.jar:/home/runner/.m2/repository/javax/enterprise/cdi-api/1.2/cdi-api-1.2.jar:/home/runner/.m2/repository/javax/el/javax.el-api/3.0.0/javax.el-api-3.0.0.jar:/home/runner/.m2/repository/javax/interceptor/javax.interceptor-api/1.2/javax.interceptor-api-1.2.jar:/home/runner/.m2/repository/javax/inject/javax.inject/1/javax.inject-1.jar:/home/runner/.m2/repository/javax/xml/bind/jaxb-api/2.3.0/jaxb-api-2.3.0.jar:/home/runner/.m2/repository/org/glassfish/jaxb/jaxb-runtime/2.3.0.1/jaxb-runtime-2.3.0.1.jar:/home/runner/.m2/repository/org/glassfish/jaxb/jaxb-core/2.3.0.1/jaxb-core-2.3.0.1.jar:/home/runner/.m2/repository/org/glassfish/jaxb/txw2/2.3.0.1/txw2-2.3.0.1.jar:/home/runner/.m2/repository/com/sun/istack/istack-commons-runtime/3.0.5/istack-commons-runtime-3.0.5.jar:/home/runner/.m2/repository/org/jvnet/staxex/stax-ex/1.7.8/stax-ex-1.7.8.jar:/home/runner/.m2/repository/com/sun/xml/fastinfoset/FastInfoset/1.2.13/FastInfoset-1.2.13.jar:/home/runner/.m2/repository/javax/activation/activation/1.1.1/activation-1.1.1.jar:/home/runner/.m2/repository/org/apache/ozone/ozone-csi/1.2.0-SNAPSHOT/ozone-csi-1.2.0-SNAPSHOT.jar:/home/runner/.m2/repository/com/google/protobuf/protobuf-java-util/3.12.0/protobuf-java-util-3.12.0.jar:/home/runner/.m2/repository/com/google/code/gson/gson/2.2.4/gson-2.2.4.jar:/home/runner/.m2/repository/org/apache/ozone/hdds-config/1.2.0-SNAPSHOT/hdds-config-1.2.0-SNAPSHOT.jar:/home/runner/.m2/repository/io/grpc/grpc-netty/1.33.0/grpc-netty-1.33.0.jar:/home/runner/.m2/repository/io/grpc/grpc-core/1.33.0/grpc-core-1.33.0.jar:/home/runner/.m2/repository/com/google/android/annotations/4.1.1.4/annotations-4.1.1.4.jar:/home/runner/.m2/repository/io/netty/netty-codec-http2/4.1.63.Final/netty-codec-http2-4.1.63.Final.jar:/home/runner/.m2/repository/io/netty/netty-codec-http/4.1.63.Final/netty-codec-http-4.1.63.Final.jar:/home/runner/.m2/repository/io/netty/netty-handler-proxy/4.1.63.Final/netty-handler-proxy-4.1.63.Final.jar:/home/runner/.m2/repository/io/netty/netty-codec-socks/4.1.63.Final/netty-codec-socks-4.1.63.Final.jar:/home/runner/.m2/repository/io/perfmark/perfmark-api/0.19.0/perfmark-api-0.19.0.jar:/home/runner/.m2/repository/org/codehaus/mojo/animal-sniffer-annotations/1.18/animal-sniffer-annotations-1.18.jar:/home/runner/.m2/repository/io/netty/netty-transport-native-epoll/4.1.63.Final/netty-transport-native-epoll-4.1.63.Final.jar:/home/runner/.m2/repository/io/netty/netty-common/4.1.63.Final/netty-common-4.1.63.Final.jar:/home/runner/.m2/repository/io/netty/netty-buffer/4.1.63.Final/netty-buffer-4.1.63.Final.jar:/home/runner/.m2/repository/io/netty/netty-transport-native-unix-common/4.1.63.Final/netty-transport-native-unix-common-4.1.63.Final.jar:/home/runner/.m2/repository/io/grpc/grpc-protobuf/1.33.0/grpc-protobuf-1.33.0.jar:/home/runner/.m2/repository/io/grpc/grpc-api/1.33.0/grpc-api-1.33.0.jar:/home/runner/.m2/repository/io/grpc/grpc-context/1.33.0/grpc-context-1.33.0.jar:/home/runner/.m2/repository/com/google/api/grpc/proto-google-common-protos/1.17.0/proto-google-common-protos-1.17.0.jar:/home/runner/.m2/repository/io/grpc/grpc-protobuf-lite/1.33.0/grpc-protobuf-lite-1.33.0.jar:/home/runner/.m2/repository/io/grpc/grpc-stub/1.33.0/grpc-stub-1.33.0.jar:/home/runner/.m2/repository/org/apache/ozone/ozone-recon/1.2.0-SNAPSHOT/ozone-recon-1.2.0-SNAPSHOT.jar:/home/runner/.m2/repository/org/apache/ozone/ozone-reconcodegen/1.2.0-SNAPSHOT/ozone-reconcodegen-1.2.0-SNAPSHOT.jar:/home/runner/.m2/repository/com/google/inject/extensions/guice-multibindings/4.0/guice-multibindings-4.0.jar:/home/runner/.m2/repository/com/google/inject/guice/4.0/guice-4.0.jar:/home/runner/.m2/repository/aopalliance/aopalliance/1.0/aopalliance-1.0.jar:/home/runner/.m2/repository/com/google/inject/extensions/guice-assistedinject/4.0/guice-assistedinject-4.0.jar:/home/runner/.m2/repository/com/google/inject/extensions/guice-servlet/4.0/guice-servlet-4.0.jar:/home/runner/.m2/repository/org/glassfish/jersey/containers/jersey-container-servlet/2.33/jersey-container-servlet-2.33.jar:/home/runner/.m2/repository/org/glassfish/hk2/guice-bridge/2.5.0/guice-bridge-2.5.0.jar:/home/runner/.m2/repository/org/glassfish/jersey/core/jersey-server/2.33/jersey-server-2.33.jar:/home/runner/.m2/repository/org/glassfish/jersey/core/jersey-client/2.33/jersey-client-2.33.jar:/home/runner/.m2/repository/jakarta/annotation/jakarta.annotation-api/1.3.5/jakarta.annotation-api-1.3.5.jar:/home/runner/.m2/repository/jakarta/validation/jakarta.validation-api/2.0.2/jakarta.validation-api-2.0.2.jar:/home/runner/.m2/repository/org/glassfish/jersey/media/jersey-media-json-jackson/2.33/jersey-media-json-jackson-2.33.jar:/home/runner/.m2/repository/org/glassfish/jersey/ext/jersey-entity-filtering/2.33/jersey-entity-filtering-2.33.jar:/home/runner/.m2/repository/org/jooq/jooq/3.11.10/jooq-3.11.10.jar:/home/runner/.m2/repository/org/jooq/jooq-meta/3.11.10/jooq-meta-3.11.10.jar:/home/runner/.m2/repository/org/jooq/jooq-codegen/3.11.10/jooq-codegen-3.11.10.jar:/home/runner/.m2/repository/com/jolbox/bonecp/0.8.0.RELEASE/bonecp-0.8.0.RELEASE.jar:/home/runner/.m2/repository/org/apache/derby/derby/10.14.2.0/derby-10.14.2.0.jar:/home/runner/.m2/repository/org/xerial/sqlite-jdbc/3.25.2/sqlite-jdbc-3.25.2.jar:/home/runner/.m2/repository/org/springframework/spring-jdbc/5.2.11.RELEASE/spring-jdbc-5.2.11.RELEASE.jar:/home/runner/.m2/repository/org/springframework/spring-beans/5.2.11.RELEASE/spring-beans-5.2.11.RELEASE.jar:/home/runner/.m2/repository/org/springframework/spring-core/5.2.11.RELEASE/spring-core-5.2.11.RELEASE.jar:/home/runner/.m2/repository/org/springframework/spring-jcl/5.2.11.RELEASE/spring-jcl-5.2.11.RELEASE.jar:/home/runner/.m2/repository/org/springframework/spring-tx/5.2.11.RELEASE/spring-tx-5.2.11.RELEASE.jar:/home/runner/.m2/repository/org/apache/ozone/ozone-client/1.2.0-SNAPSHOT/ozone-client-1.2.0-SNAPSHOT.jar:/home/runner/.m2/repository/org/apache/ozone/ozone-filesystem/1.2.0-SNAPSHOT/ozone-filesystem-1.2.0-SNAPSHOT.jar:/home/runner/.m2/repository/org/apache/ozone/ozone-filesystem-common/1.2.0-SNAPSHOT/ozone-filesystem-common-1.2.0-SNAPSHOT.jar:/home/runner/.m2/repository/org/apache/ozone/ozone-tools/1.2.0-SNAPSHOT/ozone-tools-1.2.0-SNAPSHOT.jar:/home/runner/.m2/repository/org/apache/ratis/ratis-tools/2.1.0-03f3b68-SNAPSHOT/ratis-tools-2.1.0-03f3b68-SNAPSHOT.jar:/home/runner/.m2/repository/org/apache/ratis/ratis-proto/2.1.0-03f3b68-SNAPSHOT/ratis-proto-2.1.0-03f3b68-SNAPSHOT.jar:/home/runner/.m2/repository/org/apache/ratis/ratis-common/2.1.0-03f3b68-SNAPSHOT/ratis-common-2.1.0-03f3b68-SNAPSHOT.jar:/home/runner/.m2/repository/com/amazonaws/aws-java-sdk-core/1.11.901/aws-java-sdk-core-1.11.901.jar:/home/runner/.m2/repository/org/apache/httpcomponents/httpclient/4.5.13/httpclient-4.5.13.jar:/home/runner/.m2/repository/org/apache/httpcomponents/httpcore/4.4.13/httpcore-4.4.13.jar:/home/runner/.m2/repository/software/amazon/ion/ion-java/1.0.2/ion-java-1.0.2.jar:/home/runner/.m2/repository/com/fasterxml/jackson/dataformat/jackson-dataformat-cbor/2.12.1/jackson-dataformat-cbor-2.12.1.jar:/home/runner/.m2/repository/joda-time/joda-time/2.8.1/joda-time-2.8.1.jar:/home/runner/.m2/repository/com/amazonaws/aws-java-sdk-s3/1.11.901/aws-java-sdk-s3-1.11.901.jar:/home/runner/.m2/repository/com/amazonaws/aws-java-sdk-kms/1.11.901/aws-java-sdk-kms-1.11.901.jar:/home/runner/.m2/repository/com/amazonaws/jmespath-java/1.11.901/jmespath-java-1.11.901.jar:/home/runner/.m2/repository/org/kohsuke/metainf-services/metainf-services/1.8/metainf-services-1.8.jar:/home/runner/.m2/repository/org/apache/ozone/hdds-tools/1.2.0-SNAPSHOT/hdds-tools-1.2.0-SNAPSHOT.jar:/home/runner/.m2/repository/commons-cli/commons-cli/1.2/commons-cli-1.2.jar:/home/runner/.m2/repository/org/apache/commons/commons-lang3/3.7/commons-lang3-3.7.jar:/home/runner/.m2/repository/org/apache/ozone/ozone-manager/1.2.0-SNAPSHOT/ozone-manager-1.2.0-SNAPSHOT-tests.jar:/home/runner/.m2/repository/org/apache/ozone/hdds-common/1.2.0-SNAPSHOT/hdds-common-1.2.0-SNAPSHOT-tests.jar:/home/runner/.m2/repository/org/apache/ozone/hdds-hadoop-dependency-client/1.2.0-SNAPSHOT/hdds-hadoop-dependency-client-1.2.0-SNAPSHOT.jar:/home/runner/.m2/repository/info/picocli/picocli/4.4.0/picocli-4.4.0.jar:/home/runner/.m2/repository/com/fasterxml/jackson/core/jackson-annotations/2.12.1/jackson-annotations-2.12.1.jar:/home/runner/.m2/repository/javax/annotation/javax.annotation-api/1.2/javax.annotation-api-1.2.jar:/home/runner/.m2/repository/org/apache/ratis/ratis-server/2.1.0-03f3b68-SNAPSHOT/ratis-server-2.1.0-03f3b68-SNAPSHOT.jar:/home/runner/.m2/repository/org/apache/ratis/ratis-client/2.1.0-03f3b68-SNAPSHOT/ratis-client-2.1.0-03f3b68-SNAPSHOT.jar:/home/runner/.m2/repository/org/apache/ratis/ratis-server-api/2.1.0-03f3b68-SNAPSHOT/ratis-server-api-2.1.0-03f3b68-SNAPSHOT.jar:/home/runner/.m2/repository/org/apache/ratis/ratis-metrics/2.1.0-03f3b68-SNAPSHOT/ratis-metrics-2.1.0-03f3b68-SNAPSHOT.jar:/home/runner/.m2/repository/org/apache/ratis/ratis-netty/2.1.0-03f3b68-SNAPSHOT/ratis-netty-2.1.0-03f3b68-SNAPSHOT.jar:/home/runner/.m2/repository/org/apache/ratis/ratis-grpc/2.1.0-03f3b68-SNAPSHOT/ratis-grpc-2.1.0-03f3b68-SNAPSHOT.jar:/home/runner/.m2/repository/org/apache/logging/log4j/log4j-api/2.13.3/log4j-api-2.13.3.jar:/home/runner/.m2/repository/org/apache/logging/log4j/log4j-core/2.13.3/log4j-core-2.13.3.jar:/home/runner/.m2/repository/com/lmax/disruptor/3.4.2/disruptor-3.4.2.jar:/home/runner/.m2/repository/org/apache/commons/commons-pool2/2.6.0/commons-pool2-2.6.0.jar:/home/runner/.m2/repository/org/bouncycastle/bcpkix-jdk15on/1.67/bcpkix-jdk15on-1.67.jar:/home/runner/.m2/repository/commons-validator/commons-validator/1.6/commons-validator-1.6.jar:/home/runner/.m2/repository/commons-beanutils/commons-beanutils/1.9.4/commons-beanutils-1.9.4.jar:/home/runner/.m2/repository/commons-digester/commons-digester/1.8.1/commons-digester-1.8.1.jar:/home/runner/.m2/repository/commons-collections/commons-collections/3.2.2/commons-collections-3.2.2.jar:/home/runner/.m2/repository/io/jaegertracing/jaeger-client/1.6.0/jaeger-client-1.6.0.jar:/home/runner/.m2/repository/io/jaegertracing/jaeger-thrift/1.6.0/jaeger-thrift-1.6.0.jar:/home/runner/.m2/repository/org/apache/thrift/libthrift/0.14.1/libthrift-0.14.1.jar:/home/runner/.m2/repository/com/squareup/okhttp3/okhttp/4.9.0/okhttp-4.9.0.jar:/home/runner/.m2/repository/com/squareup/okio/okio/2.8.0/okio-2.8.0.jar:/home/runner/.m2/repository/io/jaegertracing/jaeger-core/1.6.0/jaeger-core-1.6.0.jar:/home/runner/.m2/repository/io/jaegertracing/jaeger-tracerresolver/1.6.0/jaeger-tracerresolver-1.6.0.jar:/home/runner/.m2/repository/io/opentracing/contrib/opentracing-tracerresolver/0.1.8/opentracing-tracerresolver-0.1.8.jar:/home/runner/.m2/repository/org/jetbrains/kotlin/kotlin-stdlib/1.4.31/kotlin-stdlib-1.4.31.jar:/home/runner/.m2/repository/org/jetbrains/kotlin/kotlin-stdlib-common/1.4.31/kotlin-stdlib-common-1.4.31.jar:/home/runner/.m2/repository/org/jetbrains/annotations/13.0/annotations-13.0.jar:/home/runner/.m2/repository/io/opentracing/opentracing-util/0.33.0/opentracing-util-0.33.0.jar:/home/runner/.m2/repository/io/opentracing/opentracing-api/0.33.0/opentracing-api-0.33.0.jar:/home/runner/.m2/repository/io/opentracing/opentracing-noop/0.33.0/opentracing-noop-0.33.0.jar:/home/runner/.m2/repository/org/yaml/snakeyaml/1.26/snakeyaml-1.26.jar:/home/runner/.m2/repository/org/apache/ozone/hdds-interface-admin/1.2.0-SNAPSHOT/hdds-interface-admin-1.2.0-SNAPSHOT.jar:/home/runner/.m2/repository/junit/junit/4.13.1/junit-4.13.1.jar:/home/runner/.m2/repository/org/hamcrest/hamcrest-core/1.3/hamcrest-core-1.3.jar:/home/runner/.m2/repository/org/junit/jupiter/junit-jupiter-api/5.7.0/junit-jupiter-api-5.7.0.jar:/home/runner/.m2/repository/org/apiguardian/apiguardian-api/1.1.0/apiguardian-api-1.1.0.jar:/home/runner/.m2/repository/org/opentest4j/opentest4j/1.2.0/opentest4j-1.2.0.jar:/home/runner/.m2/repository/org/junit/platform/junit-platform-commons/1.7.0/junit-platform-commons-1.7.0.jar:/home/runner/.m2/repository/org/junit/jupiter/junit-jupiter-engine/5.7.0/junit-jupiter-engine-5.7.0.jar:/home/runner/.m2/repository/org/junit/platform/junit-platform-engine/1.7.0/junit-platform-engine-1.7.0.jar:/home/runner/.m2/repository/org/junit/vintage/junit-vintage-engine/5.7.0/junit-vintage-engine-5.7.0.jar:/home/runner/.m2/repository/org/junit/platform/junit-platform-launcher/1.7.0/junit-platform-launcher-1.7.0.jar:/home/runner/.m2/repository/org/openjdk/jmh/jmh-core/1.19/jmh-core-1.19.jar:/home/runner/.m2/repository/net/sf/jopt-simple/jopt-simple/4.6/jopt-simple-4.6.jar:/home/runner/.m2/repository/org/apache/commons/commons-math3/3.1.1/commons-math3-3.1.1.jar:/home/runner/.m2/repository/org/openjdk/jmh/jmh-generator-annprocess/1.19/jmh-generator-annprocess-1.19.jar:/home/runner/.m2/repository/org/mockito/mockito-core/2.28.2/mockito-core-2.28.2.jar:/home/runner/.m2/repository/net/bytebuddy/byte-buddy/1.9.10/byte-buddy-1.9.10.jar:/home/runner/.m2/repository/net/bytebuddy/byte-buddy-agent/1.9.10/byte-buddy-agent-1.9.10.jar:/home/runner/.m2/repository/org/objenesis/objenesis/1.0/objenesis-1.0.jar:/home/runner/.m2/repository/org/apache/hadoop/hadoop-kms/3.3.1/hadoop-kms-3.3.1.jar:/home/runner/.m2/repository/org/apache/hadoop/hadoop-auth/3.3.1/hadoop-auth-3.3.1.jar:/home/runner/.m2/repository/com/nimbusds/nimbus-jose-jwt/7.9/nimbus-jose-jwt-7.9.jar:/home/runner/.m2/repository/com/github/stephenc/jcip/jcip-annotations/1.0-1/jcip-annotations-1.0-1.jar:/home/runner/.m2/repository/net/minidev/json-smart/2.3/json-smart-2.3.jar:/home/runner/.m2/repository/net/minidev/accessors-smart/1.2/accessors-smart-1.2.jar:/home/runner/.m2/repository/org/ow2/asm/asm/5.0.4/asm-5.0.4.jar:/home/runner/.m2/repository/org/apache/zookeeper/zookeeper/3.5.6/zookeeper-3.5.6.jar:/home/runner/.m2/repository/org/apache/zookeeper/zookeeper-jute/3.5.6/zookeeper-jute-3.5.6.jar:/home/runner/.m2/repository/org/apache/yetus/audience-annotations/0.5.0/audience-annotations-0.5.0.jar:/home/runner/.m2/repository/org/apache/curator/curator-framework/4.2.0/curator-framework-4.2.0.jar:/home/runner/.m2/repository/org/apache/hadoop/thirdparty/hadoop-shaded-guava/1.1.1/hadoop-shaded-guava-1.1.1.jar:/home/runner/.m2/repository/com/sun/jersey/jersey-core/1.19/jersey-core-1.19.jar:/home/runner/.m2/repository/javax/ws/rs/jsr311-api/1.1.1/jsr311-api-1.1.1.jar:/home/runner/.m2/repository/com/sun/jersey/jersey-server/1.19/jersey-server-1.19.jar:/home/runner/.m2/repository/javax/servlet/javax.servlet-api/3.1.0/javax.servlet-api-3.1.0.jar:/home/runner/.m2/repository/org/eclipse/jetty/jetty-server/9.4.43.v20210629/jetty-server-9.4.43.v20210629.jar:/home/runner/.m2/repository/org/eclipse/jetty/jetty-http/9.4.43.v20210629/jetty-http-9.4.43.v20210629.jar:/home/runner/.m2/repository/org/eclipse/jetty/jetty-io/9.4.43.v20210629/jetty-io-9.4.43.v20210629.jar:/home/runner/.m2/repository/org/eclipse/jetty/jetty-webapp/9.4.43.v20210629/jetty-webapp-9.4.43.v20210629.jar:/home/runner/.m2/repository/org/eclipse/jetty/jetty-xml/9.4.43.v20210629/jetty-xml-9.4.43.v20210629.jar:/home/runner/.m2/repository/org/apache/hadoop/hadoop-common/3.3.1/hadoop-common-3.3.1.jar:/home/runner/.m2/repository/commons-net/commons-net/3.6/commons-net-3.6.jar:/home/runner/.m2/repository/jakarta/activation/jakarta.activation-api/1.2.1/jakarta.activation-api-1.2.1.jar:/home/runner/.m2/repository/com/sun/jersey/jersey-servlet/1.19/jersey-servlet-1.19.jar:/home/runner/.m2/repository/com/sun/jersey/jersey-json/1.19/jersey-json-1.19.jar:/home/runner/.m2/repository/org/codehaus/jettison/jettison/1.1/jettison-1.1.jar:/home/runner/.m2/repository/com/sun/xml/bind/jaxb-impl/2.2.3-1/jaxb-impl-2.2.3-1.jar:/home/runner/.m2/repository/org/codehaus/jackson/jackson-jaxrs/1.9.2/jackson-jaxrs-1.9.2.jar:/home/runner/.m2/repository/org/codehaus/jackson/jackson-xc/1.9.2/jackson-xc-1.9.2.jar:/home/runner/.m2/repository/org/apache/commons/commons-configuration2/2.1.1/commons-configuration2-2.1.1.jar:/home/runner/.m2/repository/org/apache/commons/commons-text/1.4/commons-text-1.4.jar:/home/runner/.m2/repository/com/google/re2j/re2j/1.1/re2j-1.1.jar:/home/runner/.m2/repository/com/jcraft/jsch/0.1.54/jsch-0.1.54.jar:/home/runner/.m2/repository/org/apache/curator/curator-client/4.2.0/curator-client-4.2.0.jar:/home/runner/.m2/repository/org/apache/curator/curator-recipes/4.2.0/curator-recipes-4.2.0.jar:/home/runner/.m2/repository/org/apache/kerby/kerb-core/1.0.1/kerb-core-1.0.1.jar:/home/runner/.m2/repository/org/apache/kerby/kerby-pkix/1.0.1/kerby-pkix-1.0.1.jar:/home/runner/.m2/repository/org/apache/kerby/kerby-asn1/1.0.1/kerby-asn1-1.0.1.jar:/home/runner/.m2/repository/org/apache/kerby/kerby-util/1.0.1/kerby-util-1.0.1.jar:/home/runner/.m2/repository/dnsjava/dnsjava/2.1.7/dnsjava-2.1.7.jar:/home/runner/.m2/repository/org/xerial/snappy/snappy-java/1.1.8.2/snappy-java-1.1.8.2.jar:/home/runner/.m2/repository/org/slf4j/jul-to-slf4j/1.7.30/jul-to-slf4j-1.7.30.jar:/home/runner/.m2/repository/org/eclipse/jetty/jetty-util/9.4.43.v20210629/jetty-util-9.4.43.v20210629.jar:/home/runner/.m2/repository/com/fasterxml/jackson/core/jackson-databind/2.12.1/jackson-databind-2.12.1.jar:/home/runner/.m2/repository/org/apache/hadoop/hadoop-kms/3.3.1/hadoop-kms-3.3.1-tests.jar:/home/runner/.m2/repository/org/apache/ozone/hdds-server-scm/1.2.0-SNAPSHOT/hdds-server-scm-1.2.0-SNAPSHOT-tests.jar:/home/runner/.m2/repository/org/apache/ozone/hdds-container-service/1.2.0-SNAPSHOT/hdds-container-service-1.2.0-SNAPSHOT-tests.jar:/home/runner/.m2/repository/commons-codec/commons-codec/1.11/commons-codec-1.11.jar:/home/runner/.m2/repository/io/netty/netty-transport/4.1.63.Final/netty-transport-4.1.63.Final.jar:/home/runner/.m2/repository/io/netty/netty-resolver/4.1.63.Final/netty-resolver-4.1.63.Final.jar:/home/runner/.m2/repository/io/netty/netty-codec/4.1.63.Final/netty-codec-4.1.63.Final.jar:/home/runner/.m2/repository/io/netty/netty-handler/4.1.63.Final/netty-handler-4.1.63.Final.jar:/home/runner/.m2/repository/org/apache/ozone/hdds-hadoop-dependency-test/1.2.0-SNAPSHOT/hdds-hadoop-dependency-test-1.2.0-SNAPSHOT.jar:/home/runner/.m2/repository/org/apache/hadoop/hadoop-common/3.3.1/hadoop-common-3.3.1-tests.jar:/home/runner/.m2/repository/org/assertj/assertj-core/3.12.2/assertj-core-3.12.2.jar:/home/runner/.m2/repository/org/apache/hadoop/hadoop-hdfs/3.3.1/hadoop-hdfs-3.3.1-tests.jar:/home/runner/.m2/repository/org/eclipse/jetty/jetty-util-ajax/9.4.43.v20210629/jetty-util-ajax-9.4.43.v20210629.jar:/home/runner/.m2/repository/commons-daemon/commons-daemon/1.0.13/commons-daemon-1.0.13.jar:/home/runner/.m2/repository/io/netty/netty/3.10.6.Final/netty-3.10.6.Final.jar:/home/runner/.m2/repository/io/netty/netty-all/4.1.63.Final/netty-all-4.1.63.Final.jar:/home/runner/.m2/repository/org/apache/htrace/htrace-core4/4.1.0-incubating/htrace-core4-4.1.0-incubating.jar:/home/runner/.m2/repository/org/fusesource/leveldbjni/leveldbjni-all/1.8/leveldbjni-all-1.8.jar:/home/runner/.m2/repository/org/apache/hadoop/hadoop-distcp/3.3.1/hadoop-distcp-3.3.1.jar:/home/runner/.m2/repository/org/apache/hadoop/hadoop-mapreduce-client-jobclient/3.3.1/hadoop-mapreduce-client-jobclient-3.3.1.jar:/home/runner/.m2/repository/org/apache/hadoop/hadoop-mapreduce-client-common/3.3.1/hadoop-mapreduce-client-common-3.3.1.jar:/home/runner/.m2/repository/org/apache/hadoop/hadoop-yarn-common/3.3.1/hadoop-yarn-common-3.3.1.jar:/home/runner/.m2/repository/org/apache/hadoop/hadoop-yarn-api/3.3.1/hadoop-yarn-api-3.3.1.jar:/home/runner/.m2/repository/com/sun/jersey/jersey-client/1.19/jersey-client-1.19.jar:/home/runner/.m2/repository/com/sun/jersey/contribs/jersey-guice/1.19/jersey-guice-1.19.jar:/home/runner/.m2/repository/com/fasterxml/jackson/jaxrs/jackson-jaxrs-json-provider/2.12.1/jackson-jaxrs-json-provider-2.12.1.jar:/home/runner/.m2/repository/com/fasterxml/jackson/jaxrs/jackson-jaxrs-base/2.12.1/jackson-jaxrs-base-2.12.1.jar:/home/runner/.m2/repository/org/apache/hadoop/hadoop-yarn-client/3.3.1/hadoop-yarn-client-3.3.1.jar:/home/runner/.m2/repository/org/eclipse/jetty/websocket/websocket-client/9.4.40.v20210413/websocket-client-9.4.40.v20210413.jar:/home/runner/.m2/repository/org/eclipse/jetty/jetty-client/9.4.40.v20210413/jetty-client-9.4.40.v20210413.jar:/home/runner/.m2/repository/org/eclipse/jetty/websocket/websocket-common/9.4.40.v20210413/websocket-common-9.4.40.v20210413.jar:/home/runner/.m2/repository/org/eclipse/jetty/websocket/websocket-api/9.4.40.v20210413/websocket-api-9.4.40.v20210413.jar:/home/runner/.m2/repository/org/jline/jline/3.9.0/jline-3.9.0.jar:/home/runner/.m2/repository/org/apache/hadoop/hadoop-mapreduce-client-core/3.3.1/hadoop-mapreduce-client-core-3.3.1.jar:/home/runner/.m2/repository/org/apache/avro/avro/1.7.7/avro-1.7.7.jar:/home/runner/.m2/repository/org/codehaus/jackson/jackson-core-asl/1.9.13/jackson-core-asl-1.9.13.jar:/home/runner/.m2/repository/org/codehaus/jackson/jackson-mapper-asl/1.9.13/jackson-mapper-asl-1.9.13.jar:/home/runner/.m2/repository/com/thoughtworks/paranamer/paranamer/2.3/paranamer-2.3.jar:/home/runner/.m2/repository/org/apache/hadoop/hadoop-annotations/3.3.1/hadoop-annotations-3.3.1.jar:/usr/lib/jvm/adoptopenjdk-8-hotspot-amd64/jre/../lib/tools.jar:/home/runner/.m2/repository/org/apache/hadoop/hadoop-distcp/3.3.1/hadoop-distcp-3.3.1-tests.jar:"/>
    <property name="java.vm.vendor" value="AdoptOpenJDK"/>
    <property name="sun.arch.data.model" value="64"/>
    <property name="test.build.dir" value="/home/runner/work/ozone/ozone/hadoop-ozone/integration-test/target/test-dir"/>
    <property name="test.cache.data" value=""/>
    <property name="java.vendor.url" value="https://adoptopenjdk.net/"/>
    <property name="user.timezone" value=""/>
    <property name="java.vm.specification.version" value="1.8"/>
    <property name="os.name" value="Linux"/>
    <property name="test.build.data" value="/home/runner/work/ozone/ozone/hadoop-ozone/integration-test/target/test-dir"/>
    <property name="sun.java.launcher" value="SUN_STANDARD"/>
    <property name="sun.boot.library.path" value="/usr/lib/jvm/adoptopenjdk-8-hotspot-amd64/jre/lib/amd64"/>
    <property name="sun.java.command" value="/home/runner/work/ozone/ozone/hadoop-ozone/integration-test/target/surefire/surefirebooter5714359411291242981.jar /home/runner/work/ozone/ozone/hadoop-ozone/integration-test/target/surefire 2021-08-15T00-54-44_980-jvmRun1 surefire8260761612891213615tmp surefire_141047501449462937300tmp"/>
    <property name="surefire.test.class.path" value="/home/runner/work/ozone/ozone/hadoop-ozone/integration-test/target/test-classes:/home/runner/work/ozone/ozone/hadoop-ozone/integration-test/target/classes:/home/runner/.m2/repository/org/apache/ozone/ozone-common/1.2.0-SNAPSHOT/ozone-common-1.2.0-SNAPSHOT.jar:/home/runner/.m2/repository/org/apache/commons/commons-compress/1.20/commons-compress-1.20.jar:/home/runner/.m2/repository/org/apache/ozone/hdds-common/1.2.0-SNAPSHOT/hdds-common-1.2.0-SNAPSHOT.jar:/home/runner/.m2/repository/org/apache/ozone/hdds-client/1.2.0-SNAPSHOT/hdds-client-1.2.0-SNAPSHOT.jar:/home/runner/.m2/repository/org/apache/ozone/ozone-interface-client/1.2.0-SNAPSHOT/ozone-interface-client-1.2.0-SNAPSHOT.jar:/home/runner/.m2/repository/org/apache/ozone/hdds-server-framework/1.2.0-SNAPSHOT/hdds-server-framework-1.2.0-SNAPSHOT.jar:/home/runner/.m2/repository/org/apache/ozone/hdds-interface-server/1.2.0-SNAPSHOT/hdds-interface-server-1.2.0-SNAPSHOT.jar:/home/runner/.m2/repository/org/eclipse/jetty/jetty-servlet/9.4.43.v20210629/jetty-servlet-9.4.43.v20210629.jar:/home/runner/.m2/repository/org/eclipse/jetty/jetty-security/9.4.43.v20210629/jetty-security-9.4.43.v20210629.jar:/home/runner/.m2/repository/org/rocksdb/rocksdbjni/6.20.3/rocksdbjni-6.20.3.jar:/home/runner/.m2/repository/io/prometheus/simpleclient_dropwizard/0.7.0/simpleclient_dropwizard-0.7.0.jar:/home/runner/.m2/repository/io/prometheus/simpleclient/0.7.0/simpleclient-0.7.0.jar:/home/runner/.m2/repository/io/prometheus/simpleclient_common/0.7.0/simpleclient_common-0.7.0.jar:/home/runner/.m2/repository/com/fasterxml/jackson/datatype/jackson-datatype-jsr310/2.12.1/jackson-datatype-jsr310-2.12.1.jar:/home/runner/.m2/repository/org/apache/ozone/hdds-test-utils/1.2.0-SNAPSHOT/hdds-test-utils-1.2.0-SNAPSHOT.jar:/home/runner/.m2/repository/com/google/guava/guava/30.1.1-jre/guava-30.1.1-jre.jar:/home/runner/.m2/repository/com/google/guava/failureaccess/1.0.1/failureaccess-1.0.1.jar:/home/runner/.m2/repository/com/google/guava/listenablefuture/9999.0-empty-to-avoid-conflict-with-guava/listenablefuture-9999.0-empty-to-avoid-conflict-with-guava.jar:/home/runner/.m2/repository/com/google/code/findbugs/jsr305/3.0.0/jsr305-3.0.0.jar:/home/runner/.m2/repository/org/checkerframework/checker-qual/3.8.0/checker-qual-3.8.0.jar:/home/runner/.m2/repository/com/google/errorprone/error_prone_annotations/2.2.0/error_prone_annotations-2.2.0.jar:/home/runner/.m2/repository/com/google/j2objc/j2objc-annotations/1.3/j2objc-annotations-1.3.jar:/home/runner/.m2/repository/commons-io/commons-io/2.8.0/commons-io-2.8.0.jar:/home/runner/.m2/repository/commons-logging/commons-logging/1.2/commons-logging-1.2.jar:/home/runner/.m2/repository/log4j/log4j/1.2.17/log4j-1.2.17.jar:/home/runner/.m2/repository/org/slf4j/slf4j-api/1.7.30/slf4j-api-1.7.30.jar:/home/runner/.m2/repository/org/apache/ozone/hdds-server-scm/1.2.0-SNAPSHOT/hdds-server-scm-1.2.0-SNAPSHOT.jar:/home/runner/.m2/repository/org/apache/ozone/hdds-container-service/1.2.0-SNAPSHOT/hdds-container-service-1.2.0-SNAPSHOT.jar:/home/runner/.m2/repository/org/apache/ozone/hdds-hadoop-dependency-server/1.2.0-SNAPSHOT/hdds-hadoop-dependency-server-1.2.0-SNAPSHOT.jar:/home/runner/.m2/repository/org/apache/hadoop/hadoop-hdfs/3.3.1/hadoop-hdfs-3.3.1.jar:/home/runner/.m2/repository/io/dropwizard/metrics/metrics-core/3.2.4/metrics-core-3.2.4.jar:/home/runner/.m2/repository/org/apache/hadoop/hadoop-hdfs-client/3.3.1/hadoop-hdfs-client-3.3.1.jar:/home/runner/.m2/repository/org/bouncycastle/bcprov-jdk15on/1.67/bcprov-jdk15on-1.67.jar:/home/runner/.m2/repository/com/google/protobuf/protobuf-java/2.5.0/protobuf-java-2.5.0.jar:/home/runner/.m2/repository/org/apache/ozone/ozone-manager/1.2.0-SNAPSHOT/ozone-manager-1.2.0-SNAPSHOT.jar:/home/runner/.m2/repository/org/aspectj/aspectjrt/1.8.9/aspectjrt-1.8.9.jar:/home/runner/.m2/repository/org/aspectj/aspectjweaver/1.8.9/aspectjweaver-1.8.9.jar:/home/runner/.m2/repository/org/apache/ozone/hdds-interface-client/1.2.0-SNAPSHOT/hdds-interface-client-1.2.0-SNAPSHOT.jar:/home/runner/.m2/repository/org/apache/hadoop/thirdparty/hadoop-shaded-protobuf_3_7/1.1.1/hadoop-shaded-protobuf_3_7-1.1.1.jar:/home/runner/.m2/repository/org/apache/ratis/ratis-thirdparty-misc/0.7.0/ratis-thirdparty-misc-0.7.0.jar:/home/runner/.m2/repository/org/apache/ozone/ozone-interface-storage/1.2.0-SNAPSHOT/ozone-interface-storage-1.2.0-SNAPSHOT.jar:/home/runner/.m2/repository/org/reflections/reflections/0.9.11/reflections-0.9.11.jar:/home/runner/.m2/repository/org/apache/hadoop/hadoop-minikdc/3.3.1/hadoop-minikdc-3.3.1.jar:/home/runner/.m2/repository/org/apache/kerby/kerb-simplekdc/1.0.1/kerb-simplekdc-1.0.1.jar:/home/runner/.m2/repository/org/apache/kerby/kerb-client/1.0.1/kerb-client-1.0.1.jar:/home/runner/.m2/repository/org/apache/kerby/kerby-config/1.0.1/kerby-config-1.0.1.jar:/home/runner/.m2/repository/org/apache/kerby/kerb-common/1.0.1/kerb-common-1.0.1.jar:/home/runner/.m2/repository/org/apache/kerby/kerb-crypto/1.0.1/kerb-crypto-1.0.1.jar:/home/runner/.m2/repository/org/apache/kerby/kerb-util/1.0.1/kerb-util-1.0.1.jar:/home/runner/.m2/repository/org/apache/kerby/token-provider/1.0.1/token-provider-1.0.1.jar:/home/runner/.m2/repository/org/apache/kerby/kerb-admin/1.0.1/kerb-admin-1.0.1.jar:/home/runner/.m2/repository/org/apache/kerby/kerb-server/1.0.1/kerb-server-1.0.1.jar:/home/runner/.m2/repository/org/apache/kerby/kerb-identity/1.0.1/kerb-identity-1.0.1.jar:/home/runner/.m2/repository/org/apache/kerby/kerby-xdr/1.0.1/kerby-xdr-1.0.1.jar:/home/runner/.m2/repository/org/slf4j/slf4j-log4j12/1.7.30/slf4j-log4j12-1.7.30.jar:/home/runner/.m2/repository/org/apache/ozone/ozone-s3gateway/1.2.0-SNAPSHOT/ozone-s3gateway-1.2.0-SNAPSHOT.jar:/home/runner/.m2/repository/org/javassist/javassist/3.21.0-GA/javassist-3.21.0-GA.jar:/home/runner/.m2/repository/org/jboss/weld/servlet/weld-servlet/2.4.7.Final/weld-servlet-2.4.7.Final.jar:/home/runner/.m2/repository/org/glassfish/jersey/containers/jersey-container-servlet-core/2.33/jersey-container-servlet-core-2.33.jar:/home/runner/.m2/repository/org/glassfish/hk2/external/jakarta.inject/2.6.1/jakarta.inject-2.6.1.jar:/home/runner/.m2/repository/org/glassfish/jersey/core/jersey-common/2.33/jersey-common-2.33.jar:/home/runner/.m2/repository/jakarta/ws/rs/jakarta.ws.rs-api/2.1.6/jakarta.ws.rs-api-2.1.6.jar:/home/runner/.m2/repository/org/glassfish/jersey/ext/cdi/jersey-cdi1x/2.33/jersey-cdi1x-2.33.jar:/home/runner/.m2/repository/org/glassfish/jersey/inject/jersey-hk2/2.33/jersey-hk2-2.33.jar:/home/runner/.m2/repository/org/glassfish/hk2/hk2-locator/2.6.1/hk2-locator-2.6.1.jar:/home/runner/.m2/repository/org/glassfish/jersey/media/jersey-media-jaxb/2.33/jersey-media-jaxb-2.33.jar:/home/runner/.m2/repository/org/glassfish/hk2/osgi-resource-locator/1.0.3/osgi-resource-locator-1.0.3.jar:/home/runner/.m2/repository/org/glassfish/hk2/hk2-api/2.5.0/hk2-api-2.5.0.jar:/home/runner/.m2/repository/org/glassfish/hk2/hk2-utils/2.5.0/hk2-utils-2.5.0.jar:/home/runner/.m2/repository/org/glassfish/hk2/external/aopalliance-repackaged/2.5.0/aopalliance-repackaged-2.5.0.jar:/home/runner/.m2/repository/com/fasterxml/jackson/dataformat/jackson-dataformat-xml/2.12.1/jackson-dataformat-xml-2.12.1.jar:/home/runner/.m2/repository/com/fasterxml/jackson/core/jackson-core/2.12.1/jackson-core-2.12.1.jar:/home/runner/.m2/repository/com/fasterxml/jackson/module/jackson-module-jaxb-annotations/2.12.1/jackson-module-jaxb-annotations-2.12.1.jar:/home/runner/.m2/repository/jakarta/xml/bind/jakarta.xml.bind-api/2.3.2/jakarta.xml.bind-api-2.3.2.jar:/home/runner/.m2/repository/org/codehaus/woodstox/stax2-api/3.1.4/stax2-api-3.1.4.jar:/home/runner/.m2/repository/com/fasterxml/woodstox/woodstox-core/5.0.3/woodstox-core-5.0.3.jar:/home/runner/.m2/repository/javax/enterprise/cdi-api/1.2/cdi-api-1.2.jar:/home/runner/.m2/repository/javax/el/javax.el-api/3.0.0/javax.el-api-3.0.0.jar:/home/runner/.m2/repository/javax/interceptor/javax.interceptor-api/1.2/javax.interceptor-api-1.2.jar:/home/runner/.m2/repository/javax/inject/javax.inject/1/javax.inject-1.jar:/home/runner/.m2/repository/javax/xml/bind/jaxb-api/2.3.0/jaxb-api-2.3.0.jar:/home/runner/.m2/repository/org/glassfish/jaxb/jaxb-runtime/2.3.0.1/jaxb-runtime-2.3.0.1.jar:/home/runner/.m2/repository/org/glassfish/jaxb/jaxb-core/2.3.0.1/jaxb-core-2.3.0.1.jar:/home/runner/.m2/repository/org/glassfish/jaxb/txw2/2.3.0.1/txw2-2.3.0.1.jar:/home/runner/.m2/repository/com/sun/istack/istack-commons-runtime/3.0.5/istack-commons-runtime-3.0.5.jar:/home/runner/.m2/repository/org/jvnet/staxex/stax-ex/1.7.8/stax-ex-1.7.8.jar:/home/runner/.m2/repository/com/sun/xml/fastinfoset/FastInfoset/1.2.13/FastInfoset-1.2.13.jar:/home/runner/.m2/repository/javax/activation/activation/1.1.1/activation-1.1.1.jar:/home/runner/.m2/repository/org/apache/ozone/ozone-csi/1.2.0-SNAPSHOT/ozone-csi-1.2.0-SNAPSHOT.jar:/home/runner/.m2/repository/com/google/protobuf/protobuf-java-util/3.12.0/protobuf-java-util-3.12.0.jar:/home/runner/.m2/repository/com/google/code/gson/gson/2.2.4/gson-2.2.4.jar:/home/runner/.m2/repository/org/apache/ozone/hdds-config/1.2.0-SNAPSHOT/hdds-config-1.2.0-SNAPSHOT.jar:/home/runner/.m2/repository/io/grpc/grpc-netty/1.33.0/grpc-netty-1.33.0.jar:/home/runner/.m2/repository/io/grpc/grpc-core/1.33.0/grpc-core-1.33.0.jar:/home/runner/.m2/repository/com/google/android/annotations/4.1.1.4/annotations-4.1.1.4.jar:/home/runner/.m2/repository/io/netty/netty-codec-http2/4.1.63.Final/netty-codec-http2-4.1.63.Final.jar:/home/runner/.m2/repository/io/netty/netty-codec-http/4.1.63.Final/netty-codec-http-4.1.63.Final.jar:/home/runner/.m2/repository/io/netty/netty-handler-proxy/4.1.63.Final/netty-handler-proxy-4.1.63.Final.jar:/home/runner/.m2/repository/io/netty/netty-codec-socks/4.1.63.Final/netty-codec-socks-4.1.63.Final.jar:/home/runner/.m2/repository/io/perfmark/perfmark-api/0.19.0/perfmark-api-0.19.0.jar:/home/runner/.m2/repository/org/codehaus/mojo/animal-sniffer-annotations/1.18/animal-sniffer-annotations-1.18.jar:/home/runner/.m2/repository/io/netty/netty-transport-native-epoll/4.1.63.Final/netty-transport-native-epoll-4.1.63.Final.jar:/home/runner/.m2/repository/io/netty/netty-common/4.1.63.Final/netty-common-4.1.63.Final.jar:/home/runner/.m2/repository/io/netty/netty-buffer/4.1.63.Final/netty-buffer-4.1.63.Final.jar:/home/runner/.m2/repository/io/netty/netty-transport-native-unix-common/4.1.63.Final/netty-transport-native-unix-common-4.1.63.Final.jar:/home/runner/.m2/repository/io/grpc/grpc-protobuf/1.33.0/grpc-protobuf-1.33.0.jar:/home/runner/.m2/repository/io/grpc/grpc-api/1.33.0/grpc-api-1.33.0.jar:/home/runner/.m2/repository/io/grpc/grpc-context/1.33.0/grpc-context-1.33.0.jar:/home/runner/.m2/repository/com/google/api/grpc/proto-google-common-protos/1.17.0/proto-google-common-protos-1.17.0.jar:/home/runner/.m2/repository/io/grpc/grpc-protobuf-lite/1.33.0/grpc-protobuf-lite-1.33.0.jar:/home/runner/.m2/repository/io/grpc/grpc-stub/1.33.0/grpc-stub-1.33.0.jar:/home/runner/.m2/repository/org/apache/ozone/ozone-recon/1.2.0-SNAPSHOT/ozone-recon-1.2.0-SNAPSHOT.jar:/home/runner/.m2/repository/org/apache/ozone/ozone-reconcodegen/1.2.0-SNAPSHOT/ozone-reconcodegen-1.2.0-SNAPSHOT.jar:/home/runner/.m2/repository/com/google/inject/extensions/guice-multibindings/4.0/guice-multibindings-4.0.jar:/home/runner/.m2/repository/com/google/inject/guice/4.0/guice-4.0.jar:/home/runner/.m2/repository/aopalliance/aopalliance/1.0/aopalliance-1.0.jar:/home/runner/.m2/repository/com/google/inject/extensions/guice-assistedinject/4.0/guice-assistedinject-4.0.jar:/home/runner/.m2/repository/com/google/inject/extensions/guice-servlet/4.0/guice-servlet-4.0.jar:/home/runner/.m2/repository/org/glassfish/jersey/containers/jersey-container-servlet/2.33/jersey-container-servlet-2.33.jar:/home/runner/.m2/repository/org/glassfish/hk2/guice-bridge/2.5.0/guice-bridge-2.5.0.jar:/home/runner/.m2/repository/org/glassfish/jersey/core/jersey-server/2.33/jersey-server-2.33.jar:/home/runner/.m2/repository/org/glassfish/jersey/core/jersey-client/2.33/jersey-client-2.33.jar:/home/runner/.m2/repository/jakarta/annotation/jakarta.annotation-api/1.3.5/jakarta.annotation-api-1.3.5.jar:/home/runner/.m2/repository/jakarta/validation/jakarta.validation-api/2.0.2/jakarta.validation-api-2.0.2.jar:/home/runner/.m2/repository/org/glassfish/jersey/media/jersey-media-json-jackson/2.33/jersey-media-json-jackson-2.33.jar:/home/runner/.m2/repository/org/glassfish/jersey/ext/jersey-entity-filtering/2.33/jersey-entity-filtering-2.33.jar:/home/runner/.m2/repository/org/jooq/jooq/3.11.10/jooq-3.11.10.jar:/home/runner/.m2/repository/org/jooq/jooq-meta/3.11.10/jooq-meta-3.11.10.jar:/home/runner/.m2/repository/org/jooq/jooq-codegen/3.11.10/jooq-codegen-3.11.10.jar:/home/runner/.m2/repository/com/jolbox/bonecp/0.8.0.RELEASE/bonecp-0.8.0.RELEASE.jar:/home/runner/.m2/repository/org/apache/derby/derby/10.14.2.0/derby-10.14.2.0.jar:/home/runner/.m2/repository/org/xerial/sqlite-jdbc/3.25.2/sqlite-jdbc-3.25.2.jar:/home/runner/.m2/repository/org/springframework/spring-jdbc/5.2.11.RELEASE/spring-jdbc-5.2.11.RELEASE.jar:/home/runner/.m2/repository/org/springframework/spring-beans/5.2.11.RELEASE/spring-beans-5.2.11.RELEASE.jar:/home/runner/.m2/repository/org/springframework/spring-core/5.2.11.RELEASE/spring-core-5.2.11.RELEASE.jar:/home/runner/.m2/repository/org/springframework/spring-jcl/5.2.11.RELEASE/spring-jcl-5.2.11.RELEASE.jar:/home/runner/.m2/repository/org/springframework/spring-tx/5.2.11.RELEASE/spring-tx-5.2.11.RELEASE.jar:/home/runner/.m2/repository/org/apache/ozone/ozone-client/1.2.0-SNAPSHOT/ozone-client-1.2.0-SNAPSHOT.jar:/home/runner/.m2/repository/org/apache/ozone/ozone-filesystem/1.2.0-SNAPSHOT/ozone-filesystem-1.2.0-SNAPSHOT.jar:/home/runner/.m2/repository/org/apache/ozone/ozone-filesystem-common/1.2.0-SNAPSHOT/ozone-filesystem-common-1.2.0-SNAPSHOT.jar:/home/runner/.m2/repository/org/apache/ozone/ozone-tools/1.2.0-SNAPSHOT/ozone-tools-1.2.0-SNAPSHOT.jar:/home/runner/.m2/repository/org/apache/ratis/ratis-tools/2.1.0-03f3b68-SNAPSHOT/ratis-tools-2.1.0-03f3b68-SNAPSHOT.jar:/home/runner/.m2/repository/org/apache/ratis/ratis-proto/2.1.0-03f3b68-SNAPSHOT/ratis-proto-2.1.0-03f3b68-SNAPSHOT.jar:/home/runner/.m2/repository/org/apache/ratis/ratis-common/2.1.0-03f3b68-SNAPSHOT/ratis-common-2.1.0-03f3b68-SNAPSHOT.jar:/home/runner/.m2/repository/com/amazonaws/aws-java-sdk-core/1.11.901/aws-java-sdk-core-1.11.901.jar:/home/runner/.m2/repository/org/apache/httpcomponents/httpclient/4.5.13/httpclient-4.5.13.jar:/home/runner/.m2/repository/org/apache/httpcomponents/httpcore/4.4.13/httpcore-4.4.13.jar:/home/runner/.m2/repository/software/amazon/ion/ion-java/1.0.2/ion-java-1.0.2.jar:/home/runner/.m2/repository/com/fasterxml/jackson/dataformat/jackson-dataformat-cbor/2.12.1/jackson-dataformat-cbor-2.12.1.jar:/home/runner/.m2/repository/joda-time/joda-time/2.8.1/joda-time-2.8.1.jar:/home/runner/.m2/repository/com/amazonaws/aws-java-sdk-s3/1.11.901/aws-java-sdk-s3-1.11.901.jar:/home/runner/.m2/repository/com/amazonaws/aws-java-sdk-kms/1.11.901/aws-java-sdk-kms-1.11.901.jar:/home/runner/.m2/repository/com/amazonaws/jmespath-java/1.11.901/jmespath-java-1.11.901.jar:/home/runner/.m2/repository/org/kohsuke/metainf-services/metainf-services/1.8/metainf-services-1.8.jar:/home/runner/.m2/repository/org/apache/ozone/hdds-tools/1.2.0-SNAPSHOT/hdds-tools-1.2.0-SNAPSHOT.jar:/home/runner/.m2/repository/commons-cli/commons-cli/1.2/commons-cli-1.2.jar:/home/runner/.m2/repository/org/apache/commons/commons-lang3/3.7/commons-lang3-3.7.jar:/home/runner/.m2/repository/org/apache/ozone/ozone-manager/1.2.0-SNAPSHOT/ozone-manager-1.2.0-SNAPSHOT-tests.jar:/home/runner/.m2/repository/org/apache/ozone/hdds-common/1.2.0-SNAPSHOT/hdds-common-1.2.0-SNAPSHOT-tests.jar:/home/runner/.m2/repository/org/apache/ozone/hdds-hadoop-dependency-client/1.2.0-SNAPSHOT/hdds-hadoop-dependency-client-1.2.0-SNAPSHOT.jar:/home/runner/.m2/repository/info/picocli/picocli/4.4.0/picocli-4.4.0.jar:/home/runner/.m2/repository/com/fasterxml/jackson/core/jackson-annotations/2.12.1/jackson-annotations-2.12.1.jar:/home/runner/.m2/repository/javax/annotation/javax.annotation-api/1.2/javax.annotation-api-1.2.jar:/home/runner/.m2/repository/org/apache/ratis/ratis-server/2.1.0-03f3b68-SNAPSHOT/ratis-server-2.1.0-03f3b68-SNAPSHOT.jar:/home/runner/.m2/repository/org/apache/ratis/ratis-client/2.1.0-03f3b68-SNAPSHOT/ratis-client-2.1.0-03f3b68-SNAPSHOT.jar:/home/runner/.m2/repository/org/apache/ratis/ratis-server-api/2.1.0-03f3b68-SNAPSHOT/ratis-server-api-2.1.0-03f3b68-SNAPSHOT.jar:/home/runner/.m2/repository/org/apache/ratis/ratis-metrics/2.1.0-03f3b68-SNAPSHOT/ratis-metrics-2.1.0-03f3b68-SNAPSHOT.jar:/home/runner/.m2/repository/org/apache/ratis/ratis-netty/2.1.0-03f3b68-SNAPSHOT/ratis-netty-2.1.0-03f3b68-SNAPSHOT.jar:/home/runner/.m2/repository/org/apache/ratis/ratis-grpc/2.1.0-03f3b68-SNAPSHOT/ratis-grpc-2.1.0-03f3b68-SNAPSHOT.jar:/home/runner/.m2/repository/org/apache/logging/log4j/log4j-api/2.13.3/log4j-api-2.13.3.jar:/home/runner/.m2/repository/org/apache/logging/log4j/log4j-core/2.13.3/log4j-core-2.13.3.jar:/home/runner/.m2/repository/com/lmax/disruptor/3.4.2/disruptor-3.4.2.jar:/home/runner/.m2/repository/org/apache/commons/commons-pool2/2.6.0/commons-pool2-2.6.0.jar:/home/runner/.m2/repository/org/bouncycastle/bcpkix-jdk15on/1.67/bcpkix-jdk15on-1.67.jar:/home/runner/.m2/repository/commons-validator/commons-validator/1.6/commons-validator-1.6.jar:/home/runner/.m2/repository/commons-beanutils/commons-beanutils/1.9.4/commons-beanutils-1.9.4.jar:/home/runner/.m2/repository/commons-digester/commons-digester/1.8.1/commons-digester-1.8.1.jar:/home/runner/.m2/repository/commons-collections/commons-collections/3.2.2/commons-collections-3.2.2.jar:/home/runner/.m2/repository/io/jaegertracing/jaeger-client/1.6.0/jaeger-client-1.6.0.jar:/home/runner/.m2/repository/io/jaegertracing/jaeger-thrift/1.6.0/jaeger-thrift-1.6.0.jar:/home/runner/.m2/repository/org/apache/thrift/libthrift/0.14.1/libthrift-0.14.1.jar:/home/runner/.m2/repository/com/squareup/okhttp3/okhttp/4.9.0/okhttp-4.9.0.jar:/home/runner/.m2/repository/com/squareup/okio/okio/2.8.0/okio-2.8.0.jar:/home/runner/.m2/repository/io/jaegertracing/jaeger-core/1.6.0/jaeger-core-1.6.0.jar:/home/runner/.m2/repository/io/jaegertracing/jaeger-tracerresolver/1.6.0/jaeger-tracerresolver-1.6.0.jar:/home/runner/.m2/repository/io/opentracing/contrib/opentracing-tracerresolver/0.1.8/opentracing-tracerresolver-0.1.8.jar:/home/runner/.m2/repository/org/jetbrains/kotlin/kotlin-stdlib/1.4.31/kotlin-stdlib-1.4.31.jar:/home/runner/.m2/repository/org/jetbrains/kotlin/kotlin-stdlib-common/1.4.31/kotlin-stdlib-common-1.4.31.jar:/home/runner/.m2/repository/org/jetbrains/annotations/13.0/annotations-13.0.jar:/home/runner/.m2/repository/io/opentracing/opentracing-util/0.33.0/opentracing-util-0.33.0.jar:/home/runner/.m2/repository/io/opentracing/opentracing-api/0.33.0/opentracing-api-0.33.0.jar:/home/runner/.m2/repository/io/opentracing/opentracing-noop/0.33.0/opentracing-noop-0.33.0.jar:/home/runner/.m2/repository/org/yaml/snakeyaml/1.26/snakeyaml-1.26.jar:/home/runner/.m2/repository/org/apache/ozone/hdds-interface-admin/1.2.0-SNAPSHOT/hdds-interface-admin-1.2.0-SNAPSHOT.jar:/home/runner/.m2/repository/junit/junit/4.13.1/junit-4.13.1.jar:/home/runner/.m2/repository/org/hamcrest/hamcrest-core/1.3/hamcrest-core-1.3.jar:/home/runner/.m2/repository/org/junit/jupiter/junit-jupiter-api/5.7.0/junit-jupiter-api-5.7.0.jar:/home/runner/.m2/repository/org/apiguardian/apiguardian-api/1.1.0/apiguardian-api-1.1.0.jar:/home/runner/.m2/repository/org/opentest4j/opentest4j/1.2.0/opentest4j-1.2.0.jar:/home/runner/.m2/repository/org/junit/platform/junit-platform-commons/1.7.0/junit-platform-commons-1.7.0.jar:/home/runner/.m2/repository/org/junit/jupiter/junit-jupiter-engine/5.7.0/junit-jupiter-engine-5.7.0.jar:/home/runner/.m2/repository/org/junit/platform/junit-platform-engine/1.7.0/junit-platform-engine-1.7.0.jar:/home/runner/.m2/repository/org/junit/vintage/junit-vintage-engine/5.7.0/junit-vintage-engine-5.7.0.jar:/home/runner/.m2/repository/org/junit/platform/junit-platform-launcher/1.7.0/junit-platform-launcher-1.7.0.jar:/home/runner/.m2/repository/org/openjdk/jmh/jmh-core/1.19/jmh-core-1.19.jar:/home/runner/.m2/repository/net/sf/jopt-simple/jopt-simple/4.6/jopt-simple-4.6.jar:/home/runner/.m2/repository/org/apache/commons/commons-math3/3.1.1/commons-math3-3.1.1.jar:/home/runner/.m2/repository/org/openjdk/jmh/jmh-generator-annprocess/1.19/jmh-generator-annprocess-1.19.jar:/home/runner/.m2/repository/org/mockito/mockito-core/2.28.2/mockito-core-2.28.2.jar:/home/runner/.m2/repository/net/bytebuddy/byte-buddy/1.9.10/byte-buddy-1.9.10.jar:/home/runner/.m2/repository/net/bytebuddy/byte-buddy-agent/1.9.10/byte-buddy-agent-1.9.10.jar:/home/runner/.m2/repository/org/objenesis/objenesis/1.0/objenesis-1.0.jar:/home/runner/.m2/repository/org/apache/hadoop/hadoop-kms/3.3.1/hadoop-kms-3.3.1.jar:/home/runner/.m2/repository/org/apache/hadoop/hadoop-auth/3.3.1/hadoop-auth-3.3.1.jar:/home/runner/.m2/repository/com/nimbusds/nimbus-jose-jwt/7.9/nimbus-jose-jwt-7.9.jar:/home/runner/.m2/repository/com/github/stephenc/jcip/jcip-annotations/1.0-1/jcip-annotations-1.0-1.jar:/home/runner/.m2/repository/net/minidev/json-smart/2.3/json-smart-2.3.jar:/home/runner/.m2/repository/net/minidev/accessors-smart/1.2/accessors-smart-1.2.jar:/home/runner/.m2/repository/org/ow2/asm/asm/5.0.4/asm-5.0.4.jar:/home/runner/.m2/repository/org/apache/zookeeper/zookeeper/3.5.6/zookeeper-3.5.6.jar:/home/runner/.m2/repository/org/apache/zookeeper/zookeeper-jute/3.5.6/zookeeper-jute-3.5.6.jar:/home/runner/.m2/repository/org/apache/yetus/audience-annotations/0.5.0/audience-annotations-0.5.0.jar:/home/runner/.m2/repository/org/apache/curator/curator-framework/4.2.0/curator-framework-4.2.0.jar:/home/runner/.m2/repository/org/apache/hadoop/thirdparty/hadoop-shaded-guava/1.1.1/hadoop-shaded-guava-1.1.1.jar:/home/runner/.m2/repository/com/sun/jersey/jersey-core/1.19/jersey-core-1.19.jar:/home/runner/.m2/repository/javax/ws/rs/jsr311-api/1.1.1/jsr311-api-1.1.1.jar:/home/runner/.m2/repository/com/sun/jersey/jersey-server/1.19/jersey-server-1.19.jar:/home/runner/.m2/repository/javax/servlet/javax.servlet-api/3.1.0/javax.servlet-api-3.1.0.jar:/home/runner/.m2/repository/org/eclipse/jetty/jetty-server/9.4.43.v20210629/jetty-server-9.4.43.v20210629.jar:/home/runner/.m2/repository/org/eclipse/jetty/jetty-http/9.4.43.v20210629/jetty-http-9.4.43.v20210629.jar:/home/runner/.m2/repository/org/eclipse/jetty/jetty-io/9.4.43.v20210629/jetty-io-9.4.43.v20210629.jar:/home/runner/.m2/repository/org/eclipse/jetty/jetty-webapp/9.4.43.v20210629/jetty-webapp-9.4.43.v20210629.jar:/home/runner/.m2/repository/org/eclipse/jetty/jetty-xml/9.4.43.v20210629/jetty-xml-9.4.43.v20210629.jar:/home/runner/.m2/repository/org/apache/hadoop/hadoop-common/3.3.1/hadoop-common-3.3.1.jar:/home/runner/.m2/repository/commons-net/commons-net/3.6/commons-net-3.6.jar:/home/runner/.m2/repository/jakarta/activation/jakarta.activation-api/1.2.1/jakarta.activation-api-1.2.1.jar:/home/runner/.m2/repository/com/sun/jersey/jersey-servlet/1.19/jersey-servlet-1.19.jar:/home/runner/.m2/repository/com/sun/jersey/jersey-json/1.19/jersey-json-1.19.jar:/home/runner/.m2/repository/org/codehaus/jettison/jettison/1.1/jettison-1.1.jar:/home/runner/.m2/repository/com/sun/xml/bind/jaxb-impl/2.2.3-1/jaxb-impl-2.2.3-1.jar:/home/runner/.m2/repository/org/codehaus/jackson/jackson-jaxrs/1.9.2/jackson-jaxrs-1.9.2.jar:/home/runner/.m2/repository/org/codehaus/jackson/jackson-xc/1.9.2/jackson-xc-1.9.2.jar:/home/runner/.m2/repository/org/apache/commons/commons-configuration2/2.1.1/commons-configuration2-2.1.1.jar:/home/runner/.m2/repository/org/apache/commons/commons-text/1.4/commons-text-1.4.jar:/home/runner/.m2/repository/com/google/re2j/re2j/1.1/re2j-1.1.jar:/home/runner/.m2/repository/com/jcraft/jsch/0.1.54/jsch-0.1.54.jar:/home/runner/.m2/repository/org/apache/curator/curator-client/4.2.0/curator-client-4.2.0.jar:/home/runner/.m2/repository/org/apache/curator/curator-recipes/4.2.0/curator-recipes-4.2.0.jar:/home/runner/.m2/repository/org/apache/kerby/kerb-core/1.0.1/kerb-core-1.0.1.jar:/home/runner/.m2/repository/org/apache/kerby/kerby-pkix/1.0.1/kerby-pkix-1.0.1.jar:/home/runner/.m2/repository/org/apache/kerby/kerby-asn1/1.0.1/kerby-asn1-1.0.1.jar:/home/runner/.m2/repository/org/apache/kerby/kerby-util/1.0.1/kerby-util-1.0.1.jar:/home/runner/.m2/repository/dnsjava/dnsjava/2.1.7/dnsjava-2.1.7.jar:/home/runner/.m2/repository/org/xerial/snappy/snappy-java/1.1.8.2/snappy-java-1.1.8.2.jar:/home/runner/.m2/repository/org/slf4j/jul-to-slf4j/1.7.30/jul-to-slf4j-1.7.30.jar:/home/runner/.m2/repository/org/eclipse/jetty/jetty-util/9.4.43.v20210629/jetty-util-9.4.43.v20210629.jar:/home/runner/.m2/repository/com/fasterxml/jackson/core/jackson-databind/2.12.1/jackson-databind-2.12.1.jar:/home/runner/.m2/repository/org/apache/hadoop/hadoop-kms/3.3.1/hadoop-kms-3.3.1-tests.jar:/home/runner/.m2/repository/org/apache/ozone/hdds-server-scm/1.2.0-SNAPSHOT/hdds-server-scm-1.2.0-SNAPSHOT-tests.jar:/home/runner/.m2/repository/org/apache/ozone/hdds-container-service/1.2.0-SNAPSHOT/hdds-container-service-1.2.0-SNAPSHOT-tests.jar:/home/runner/.m2/repository/commons-codec/commons-codec/1.11/commons-codec-1.11.jar:/home/runner/.m2/repository/io/netty/netty-transport/4.1.63.Final/netty-transport-4.1.63.Final.jar:/home/runner/.m2/repository/io/netty/netty-resolver/4.1.63.Final/netty-resolver-4.1.63.Final.jar:/home/runner/.m2/repository/io/netty/netty-codec/4.1.63.Final/netty-codec-4.1.63.Final.jar:/home/runner/.m2/repository/io/netty/netty-handler/4.1.63.Final/netty-handler-4.1.63.Final.jar:/home/runner/.m2/repository/org/apache/ozone/hdds-hadoop-dependency-test/1.2.0-SNAPSHOT/hdds-hadoop-dependency-test-1.2.0-SNAPSHOT.jar:/home/runner/.m2/repository/org/apache/hadoop/hadoop-common/3.3.1/hadoop-common-3.3.1-tests.jar:/home/runner/.m2/repository/org/assertj/assertj-core/3.12.2/assertj-core-3.12.2.jar:/home/runner/.m2/repository/org/apache/hadoop/hadoop-hdfs/3.3.1/hadoop-hdfs-3.3.1-tests.jar:/home/runner/.m2/repository/org/eclipse/jetty/jetty-util-ajax/9.4.43.v20210629/jetty-util-ajax-9.4.43.v20210629.jar:/home/runner/.m2/repository/commons-daemon/commons-daemon/1.0.13/commons-daemon-1.0.13.jar:/home/runner/.m2/repository/io/netty/netty/3.10.6.Final/netty-3.10.6.Final.jar:/home/runner/.m2/repository/io/netty/netty-all/4.1.63.Final/netty-all-4.1.63.Final.jar:/home/runner/.m2/repository/org/apache/htrace/htrace-core4/4.1.0-incubating/htrace-core4-4.1.0-incubating.jar:/home/runner/.m2/repository/org/fusesource/leveldbjni/leveldbjni-all/1.8/leveldbjni-all-1.8.jar:/home/runner/.m2/repository/org/apache/hadoop/hadoop-distcp/3.3.1/hadoop-distcp-3.3.1.jar:/home/runner/.m2/repository/org/apache/hadoop/hadoop-mapreduce-client-jobclient/3.3.1/hadoop-mapreduce-client-jobclient-3.3.1.jar:/home/runner/.m2/repository/org/apache/hadoop/hadoop-mapreduce-client-common/3.3.1/hadoop-mapreduce-client-common-3.3.1.jar:/home/runner/.m2/repository/org/apache/hadoop/hadoop-yarn-common/3.3.1/hadoop-yarn-common-3.3.1.jar:/home/runner/.m2/repository/org/apache/hadoop/hadoop-yarn-api/3.3.1/hadoop-yarn-api-3.3.1.jar:/home/runner/.m2/repository/com/sun/jersey/jersey-client/1.19/jersey-client-1.19.jar:/home/runner/.m2/repository/com/sun/jersey/contribs/jersey-guice/1.19/jersey-guice-1.19.jar:/home/runner/.m2/repository/com/fasterxml/jackson/jaxrs/jackson-jaxrs-json-provider/2.12.1/jackson-jaxrs-json-provider-2.12.1.jar:/home/runner/.m2/repository/com/fasterxml/jackson/jaxrs/jackson-jaxrs-base/2.12.1/jackson-jaxrs-base-2.12.1.jar:/home/runner/.m2/repository/org/apache/hadoop/hadoop-yarn-client/3.3.1/hadoop-yarn-client-3.3.1.jar:/home/runner/.m2/repository/org/eclipse/jetty/websocket/websocket-client/9.4.40.v20210413/websocket-client-9.4.40.v20210413.jar:/home/runner/.m2/repository/org/eclipse/jetty/jetty-client/9.4.40.v20210413/jetty-client-9.4.40.v20210413.jar:/home/runner/.m2/repository/org/eclipse/jetty/websocket/websocket-common/9.4.40.v20210413/websocket-common-9.4.40.v20210413.jar:/home/runner/.m2/repository/org/eclipse/jetty/websocket/websocket-api/9.4.40.v20210413/websocket-api-9.4.40.v20210413.jar:/home/runner/.m2/repository/org/jline/jline/3.9.0/jline-3.9.0.jar:/home/runner/.m2/repository/org/apache/hadoop/hadoop-mapreduce-client-core/3.3.1/hadoop-mapreduce-client-core-3.3.1.jar:/home/runner/.m2/repository/org/apache/avro/avro/1.7.7/avro-1.7.7.jar:/home/runner/.m2/repository/org/codehaus/jackson/jackson-core-asl/1.9.13/jackson-core-asl-1.9.13.jar:/home/runner/.m2/repository/org/codehaus/jackson/jackson-mapper-asl/1.9.13/jackson-mapper-asl-1.9.13.jar:/home/runner/.m2/repository/com/thoughtworks/paranamer/paranamer/2.3/paranamer-2.3.jar:/home/runner/.m2/repository/org/apache/hadoop/hadoop-annotations/3.3.1/hadoop-annotations-3.3.1.jar:/usr/lib/jvm/adoptopenjdk-8-hotspot-amd64/jre/../lib/tools.jar:/home/runner/.m2/repository/org/apache/hadoop/hadoop-distcp/3.3.1/hadoop-distcp-3.3.1-tests.jar:"/>
    <property name="sun.cpu.endian" value="little"/>
    <property name="user.home" value="/home/runner"/>
    <property name="user.language" value="en"/>
    <property name="java.specification.vendor" value="Oracle Corporation"/>
    <property name="java.home" value="/usr/lib/jvm/adoptopenjdk-8-hotspot-amd64/jre"/>
    <property name="java.security.krb5.conf" value="/home/runner/work/ozone/ozone/hadoop-ozone/integration-test/target/test-classes/krb5.conf"/>
    <property name="basedir" value="/home/runner/work/ozone/ozone/hadoop-ozone/integration-test"/>
    <property name="file.separator" value="/"/>
    <property name="line.separator" value="&#10;"/>
    <property name="java.vm.specification.vendor" value="Oracle Corporation"/>
    <property name="java.specification.name" value="Java Platform API Specification"/>
    <property name="java.awt.graphicsenv" value="sun.awt.X11GraphicsEnvironment"/>
    <property name="skip.installnpx" value="true"/>
    <property name="surefire.real.class.path" value="/home/runner/work/ozone/ozone/hadoop-ozone/integration-test/target/surefire/surefirebooter5714359411291242981.jar:/home/runner/.m2/repository/org/jacoco/org.jacoco.agent/0.8.5/org.jacoco.agent-0.8.5-runtime.jar"/>
    <property name="hadoop.log.dir" value="/home/runner/work/ozone/ozone/hadoop-ozone/integration-test/target/log"/>
    <property name="sun.boot.class.path" value="/usr/lib/jvm/adoptopenjdk-8-hotspot-amd64/jre/lib/resources.jar:/usr/lib/jvm/adoptopenjdk-8-hotspot-amd64/jre/lib/rt.jar:/usr/lib/jvm/adoptopenjdk-8-hotspot-amd64/jre/lib/sunrsasign.jar:/usr/lib/jvm/adoptopenjdk-8-hotspot-amd64/jre/lib/jsse.jar:/usr/lib/jvm/adoptopenjdk-8-hotspot-amd64/jre/lib/jce.jar:/usr/lib/jvm/adoptopenjdk-8-hotspot-amd64/jre/lib/charsets.jar:/usr/lib/jvm/adoptopenjdk-8-hotspot-amd64/jre/lib/jfr.jar:/usr/lib/jvm/adoptopenjdk-8-hotspot-amd64/jre/classes"/>
    <property name="sun.management.compiler" value="HotSpot 64-Bit Tiered Compilers"/>
    <property name="skip.npx" value="true"/>
    <property name="java.runtime.version" value="1.8.0_292-b10"/>
    <property name="java.net.preferIPv4Stack" value="true"/>
    <property name="user.name" value="runner"/>
    <property name="path.separator" value=":"/>
    <property name="java.security.egd" value="file:///dev/urandom"/>
    <property name="os.version" value="5.4.0-1055-azure"/>
    <property name="java.endorsed.dirs" value="/usr/lib/jvm/adoptopenjdk-8-hotspot-amd64/jre/lib/endorsed"/>
    <property name="java.runtime.name" value="OpenJDK Runtime Environment"/>
    <property name="file.encoding" value="UTF-8"/>
    <property name="java.vm.name" value="OpenJDK 64-Bit Server VM"/>
    <property name="test.build.webapps" value=""/>
    <property name="localRepository" value="/home/runner/.m2/repository"/>
    <property name="java.vendor.url.bug" value="https://github.com/AdoptOpenJDK/openjdk-support/issues"/>
    <property name="java.io.tmpdir" value="/tmp"/>
    <property name="require.test.libhadoop" value=""/>
    <property name="java.version" value="1.8.0_292"/>
    <property name="user.dir" value="/home/runner/work/ozone/ozone/hadoop-ozone/integration-test"/>
    <property name="os.arch" value="amd64"/>
    <property name="java.vm.specification.name" value="Java Virtual Machine Specification"/>
    <property name="test.build.classes" value="/home/runner/work/ozone/ozone/hadoop-ozone/integration-test/target/test-classes"/>
    <property name="java.awt.printerjob" value="sun.print.PSPrinterJob"/>
    <property name="sun.os.patch.level" value="unknown"/>
    <property name="hadoop.tmp.dir" value="/home/runner/work/ozone/ozone/hadoop-ozone/integration-test/target/tmp"/>
    <property name="java.library.path" value="/usr/java/packages/lib/amd64:/usr/lib64:/lib64:/lib:/usr/lib"/>
    <property name="java.vm.info" value="mixed mode"/>
    <property name="java.vendor" value="AdoptOpenJDK"/>
    <property name="java.vm.version" value="25.292-b10"/>
    <property name="java.ext.dirs" value="/usr/lib/jvm/adoptopenjdk-8-hotspot-amd64/jre/lib/ext:/usr/java/packages/lib/ext"/>
    <property name="sun.io.unicode.encoding" value="UnicodeLittle"/>
    <property name="java.class.version" value="52.0"/>
  </properties>
  <testcase name="testPipelineCloseWithPipelineAction" classname="org.apache.hadoop.hdds.scm.pipeline.TestPipelineClose" time="39.805"/>
  <testcase name="testPipelineCloseWithOpenContainer" classname="org.apache.hadoop.hdds.scm.pipeline.TestPipelineClose" time="30.706"/>
  <testcase name="testPipelineCloseWithClosedContainer" classname="org.apache.hadoop.hdds.scm.pipeline.TestPipelineClose" time="30.723"/>
  <testcase name="testPipelineCloseWithLogFailure" classname="org.apache.hadoop.hdds.scm.pipeline.TestPipelineClose" time="38.15">
    <failure message="&#10;Wanted but not invoked:&#10;pipelineActionHandler.onMessage(&#10;    &lt;Capturing argument&gt;,&#10;    &lt;any org.apache.hadoop.hdds.server.events.EventPublisher&gt;&#10;);&#10;-&gt; at org.apache.hadoop.hdds.scm.pipeline.PipelineActionHandler.onMessage(PipelineActionHandler.java:64)&#10;Actually, there were zero interactions with this mock.&#10;" type="Wanted but not invoked"><![CDATA[Wanted but not invoked:
pipelineActionHandler.onMessage(
    <Capturing argument>,
    <any org.apache.hadoop.hdds.server.events.EventPublisher>
);
-> at org.apache.hadoop.hdds.scm.pipeline.PipelineActionHandler.onMessage(PipelineActionHandler.java:64)
Actually, there were zero interactions with this mock.

	at org.apache.hadoop.hdds.scm.pipeline.PipelineActionHandler.onMessage(PipelineActionHandler.java:64)
	at org.apache.hadoop.hdds.scm.pipeline.TestPipelineClose.testPipelineCloseWithLogFailure(TestPipelineClose.java:246)
	at sun.reflect.NativeMethodAccessorImpl.invoke0(Native Method)
	at sun.reflect.NativeMethodAccessorImpl.invoke(NativeMethodAccessorImpl.java:62)
	at sun.reflect.DelegatingMethodAccessorImpl.invoke(DelegatingMethodAccessorImpl.java:43)
	at java.lang.reflect.Method.invoke(Method.java:498)
	at org.junit.runners.model.FrameworkMethod$1.runReflectiveCall(FrameworkMethod.java:59)
	at org.junit.internal.runners.model.ReflectiveCallable.run(ReflectiveCallable.java:12)
	at org.junit.runners.model.FrameworkMethod.invokeExplosively(FrameworkMethod.java:56)
	at org.junit.internal.runners.statements.InvokeMethod.evaluate(InvokeMethod.java:17)
	at org.junit.internal.runners.statements.RunBefores.evaluate(RunBefores.java:26)
	at org.junit.internal.runners.statements.RunAfters.evaluate(RunAfters.java:27)
	at org.junit.internal.runners.statements.FailOnTimeout$CallableStatement.call(FailOnTimeout.java:288)
	at org.junit.internal.runners.statements.FailOnTimeout$CallableStatement.call(FailOnTimeout.java:282)
	at java.util.concurrent.FutureTask.run(FutureTask.java:266)
	at java.lang.Thread.run(Thread.java:748)
]]></failure>
    <system-out><![CDATA[2021-08-15 01:17:34,775 [Time-limited test] WARN  server.ServerUtils (ServerUtils.java:getScmDbDir(148)) - ozone.scm.db.dirs is not configured. We recommend adding this setting. Falling back to ozone.metadata.dirs instead.
2021-08-15 01:17:34,789 [Time-limited test] INFO  ha.SCMHANodeDetails (SCMHANodeDetails.java:loadSCMHAConfig(157)) - ServiceID for StorageContainerManager is null
2021-08-15 01:17:34,789 [Time-limited test] INFO  ha.SCMHANodeDetails (SCMHANodeDetails.java:loadSCMHAConfig(162)) - ozone.scm.default.service.id is not defined, falling back to ozone.scm.service.ids to find serviceID for StorageContainerManager if it is HA enabled cluster
2021-08-15 01:17:34,790 [Time-limited test] WARN  server.ServerUtils (ServerUtils.java:getScmDbDir(148)) - ozone.scm.db.dirs is not configured. We recommend adding this setting. Falling back to ozone.metadata.dirs instead.
2021-08-15 01:17:34,790 [Time-limited test] INFO  upgrade.AbstractLayoutVersionManager (AbstractLayoutVersionManager.java:init(70)) - Initializing Layout version manager with metadata layout = SCM_HA (version = 2), software layout = SCM_HA (version = 2)
2021-08-15 01:17:34,865 [Time-limited test] INFO  reflections.Reflections (Reflections.java:scan(232)) - Reflections took 74 ms to scan 7 urls, producing 120 keys and 275 values 
2021-08-15 01:17:34,866 [Time-limited test] WARN  utils.HAUtils (HAUtils.java:getMetaDir(342)) - ozone.scm.db.dirs is not configured. We recommend adding this setting. Falling back to ozone.metadata.dirs instead.
2021-08-15 01:17:34,866 [Time-limited test] WARN  db.DBStoreBuilder (DBStoreBuilder.java:applyDBDefinition(145)) - ozone.scm.db.dirs is not configured. We recommend adding this setting. Falling back to ozone.metadata.dirs instead.
2021-08-15 01:17:35,012 [Time-limited test] INFO  net.NodeSchemaLoader (NodeSchemaLoader.java:loadSchemaFromFile(129)) - Loading schema from [jar:file:/home/runner/.m2/repository/org/apache/ozone/hdds-common/1.2.0-SNAPSHOT/hdds-common-1.2.0-SNAPSHOT.jar!/network-topology-default.xml]
2021-08-15 01:17:35,012 [Time-limited test] INFO  net.NodeSchemaLoader (NodeSchemaLoader.java:loadSchema(176)) - Loading network topology layer schema file
2021-08-15 01:17:35,019 [Time-limited test] INFO  ha.SequenceIdGenerator (SequenceIdGenerator.java:upgradeToSequenceId(327)) - upgrade localId to 107544261427200000
2021-08-15 01:17:35,019 [Time-limited test] INFO  ha.SequenceIdGenerator (SequenceIdGenerator.java:upgradeToSequenceId(337)) - upgrade delTxnId to 0
2021-08-15 01:17:35,019 [Time-limited test] INFO  ha.SequenceIdGenerator (SequenceIdGenerator.java:upgradeToSequenceId(351)) - upgrade containerId to 0
2021-08-15 01:17:35,019 [Time-limited test] INFO  ha.SequenceIdGenerator (SequenceIdGenerator.java:<init>(217)) - Init the HA SequenceIdGenerator.
2021-08-15 01:17:35,019 [Time-limited test] WARN  server.ServerUtils (ServerUtils.java:sanitizeUserArgs(73)) - ozone.scm.stale.node.interval value = 300000 is larger than max = 100000 based on the key value of ozone.scm.heartbeat.thread.interval, reset to the max value 100000.
2021-08-15 01:17:35,019 [Time-limited test] WARN  server.ServerUtils (ServerUtils.java:sanitizeUserArgs(73)) - ozone.scm.stale.node.interval value = 300000 is larger than max = 100000 based on the key value of ozone.scm.heartbeat.thread.interval, reset to the max value 100000.
2021-08-15 01:17:35,020 [Time-limited test] INFO  node.SCMNodeManager (SCMNodeManager.java:<init>(145)) - Entering startup safe mode.
2021-08-15 01:17:35,021 [Time-limited test] INFO  algorithms.ContainerPlacementPolicyFactory (ContainerPlacementPolicyFactory.java:getPolicy(60)) - Create container placement policy of type org.apache.hadoop.hdds.scm.container.placement.algorithms.SCMContainerPlacementRandom
2021-08-15 01:17:35,021 [Time-limited test] INFO  pipeline.PipelineStateManager (PipelineStateManagerV2Impl.java:initialize(78)) - No pipeline exists in current db
2021-08-15 01:17:35,021 [Time-limited test] INFO  algorithms.LeaderChoosePolicyFactory (LeaderChoosePolicyFactory.java:getPolicy(57)) - Create leader choose policy of type org.apache.hadoop.hdds.scm.pipeline.leader.choose.algorithms.MinLeaderCountChoosePolicy
2021-08-15 01:17:35,026 [Time-limited test] INFO  ha.SCMServiceManager (SCMServiceManager.java:register(43)) - Registering service BackgroundPipelineCreator.
2021-08-15 01:17:35,026 [Time-limited test] INFO  pipeline.BackgroundPipelineCreator (BackgroundPipelineCreatorV2.java:start(130)) - Starting RatisPipelineUtilsThread.
2021-08-15 01:17:35,027 [Time-limited test] INFO  algorithms.PipelineChoosePolicyFactory (PipelineChoosePolicyFactory.java:createPipelineChoosePolicyFromClass(73)) - Create pipeline choose policy of type org.apache.hadoop.hdds.scm.pipeline.choose.algorithms.RandomPipelineChoosePolicy
2021-08-15 01:17:35,027 [Time-limited test] INFO  ha.SCMServiceManager (SCMServiceManager.java:register(43)) - Registering service SCMBlockDeletingService.
2021-08-15 01:17:35,027 [Time-limited test] INFO  ha.SCMServiceManager (SCMServiceManager.java:register(43)) - Registering service ReplicationManager.
2021-08-15 01:17:35,028 [Time-limited test] INFO  container.ReplicationManager (ReplicationManager.java:start(286)) - Starting Replication Monitor Thread.
2021-08-15 01:17:35,031 [Time-limited test] INFO  safemode.ContainerSafeModeRule (ContainerSafeModeRule.java:<init>(89)) - containers with one replica threshold count 0
2021-08-15 01:17:35,031 [Time-limited test] INFO  safemode.HealthyPipelineSafeModeRule (HealthyPipelineSafeModeRule.java:initializeRule(156)) - Total pipeline count is 0, healthy pipeline threshold count is 1
2021-08-15 01:17:35,031 [Time-limited test] INFO  safemode.OneReplicaPipelineSafeModeRule (OneReplicaPipelineSafeModeRule.java:initializeRule(180)) - Total pipeline count is 0, pipeline's with at least one datanode reported threshold count is 0
2021-08-15 01:17:35,032 [Time-limited test] INFO  ipc.CallQueueManager (CallQueueManager.java:<init>(90)) - Using callQueue: class java.util.concurrent.LinkedBlockingQueue, queueCapacity: 2000, scheduler: class org.apache.hadoop.ipc.DefaultRpcScheduler, ipcBackoff: false.
2021-08-15 01:17:35,033 [Socket Reader #1 for port 0] INFO  ipc.Server (Server.java:run(1265)) - Starting Socket Reader #1 for port 0
2021-08-15 01:17:35,034 [Listener at 0.0.0.0/44541] INFO  ipc.CallQueueManager (CallQueueManager.java:<init>(90)) - Using callQueue: class java.util.concurrent.LinkedBlockingQueue, queueCapacity: 2000, scheduler: class org.apache.hadoop.ipc.DefaultRpcScheduler, ipcBackoff: false.
2021-08-15 01:17:35,041 [Socket Reader #1 for port 0] INFO  ipc.Server (Server.java:run(1265)) - Starting Socket Reader #1 for port 0
2021-08-15 01:17:35,041 [Listener at 0.0.0.0/44705] INFO  ipc.CallQueueManager (CallQueueManager.java:<init>(90)) - Using callQueue: class java.util.concurrent.LinkedBlockingQueue, queueCapacity: 2000, scheduler: class org.apache.hadoop.ipc.DefaultRpcScheduler, ipcBackoff: false.
2021-08-15 01:17:35,042 [Socket Reader #1 for port 0] INFO  ipc.Server (Server.java:run(1265)) - Starting Socket Reader #1 for port 0
2021-08-15 01:17:35,051 [ReplicationMonitor] INFO  container.ReplicationManager (ReplicationManager.java:processAll(341)) - Replication Monitor Thread took 0 milliseconds for processing 0 containers.
2021-08-15 01:17:35,077 [Listener at 0.0.0.0/46793] INFO  algorithms.ContainerPlacementPolicyFactory (ContainerPlacementPolicyFactory.java:getPolicy(60)) - Create container placement policy of type org.apache.hadoop.hdds.scm.container.placement.algorithms.SCMContainerPlacementRandom
2021-08-15 01:17:35,077 [Listener at 0.0.0.0/46793] INFO  server.StorageContainerManager (StorageContainerManager.java:<init>(383)) - 
Container Balancer status:
Key                            Value
Running                        false
Container Balancer Configuration values:
Key                                                Value
Threshold                                          0.1
Max Datanodes to Involve per Iteration(ratio)      0.5
Max Size to Move per Iteration                     10737418240B

2021-08-15 01:17:35,077 [Listener at 0.0.0.0/46793] WARN  events.EventQueue (EventQueue.java:fireEvent(194)) - No event handler registered for event TypedEvent{payloadType=SafeModeStatus, name='Safe mode status'}
2021-08-15 01:17:35,077 [Listener at 0.0.0.0/46793] INFO  ha.SCMContext (SCMContext.java:updateSafeModeStatus(205)) - Update SafeModeStatus from SafeModeStatus{safeModeStatus=true, preCheckPassed=false} to SafeModeStatus{safeModeStatus=true, preCheckPassed=false}.
2021-08-15 01:17:35,081 [Listener at 0.0.0.0/46793] INFO  server.StorageContainerManager (StorageContainerManager.java:start(1249)) - StorageContainerLocationProtocol RPC server is listening at /0.0.0.0:46793
2021-08-15 01:17:35,089 [Listener at 0.0.0.0/46793] WARN  impl.MetricsConfig (MetricsConfig.java:loadFirst(136)) - Cannot locate configuration: tried hadoop-metrics2-storagecontainermanager.properties,hadoop-metrics2.properties
2021-08-15 01:17:35,090 [Listener at 0.0.0.0/46793] INFO  impl.MetricsSystemImpl (MetricsSystemImpl.java:startTimer(378)) - Scheduled Metric snapshot period at 10 second(s).
2021-08-15 01:17:35,090 [Listener at 0.0.0.0/46793] INFO  impl.MetricsSystemImpl (MetricsSystemImpl.java:start(191)) - StorageContainerManager metrics system started
2021-08-15 01:17:35,165 [Listener at 0.0.0.0/46793] INFO  impl.MetricsSinkAdapter (MetricsSinkAdapter.java:start(204)) - Sink prometheus started
2021-08-15 01:17:35,165 [Listener at 0.0.0.0/46793] INFO  impl.MetricsSystemImpl (MetricsSystemImpl.java:registerSink(305)) - Registered sink prometheus
2021-08-15 01:17:35,182 [Listener at 0.0.0.0/46793] INFO  server.SCMClientProtocolServer (SCMClientProtocolServer.java:start(164)) - RPC server for Client  is listening at /0.0.0.0:46793
2021-08-15 01:17:35,187 [IPC Server Responder] INFO  ipc.Server (Server.java:run(1507)) - IPC Server Responder: starting
2021-08-15 01:17:35,187 [IPC Server listener on 0] INFO  ipc.Server (Server.java:run(1344)) - IPC Server listener on 0: starting
2021-08-15 01:17:35,211 [Listener at 0.0.0.0/46793] INFO  server.StorageContainerManager (StorageContainerManager.java:start(1264)) - ScmBlockLocationProtocol RPC server is listening at /0.0.0.0:44705
2021-08-15 01:17:35,212 [Listener at 0.0.0.0/46793] INFO  server.SCMBlockProtocolServer (SCMBlockProtocolServer.java:start(151)) - RPC server for Block Protocol is listening at /0.0.0.0:44705
2021-08-15 01:17:35,212 [IPC Server Responder] INFO  ipc.Server (Server.java:run(1507)) - IPC Server Responder: starting
2021-08-15 01:17:35,212 [IPC Server listener on 0] INFO  ipc.Server (Server.java:run(1344)) - IPC Server listener on 0: starting
2021-08-15 01:17:35,214 [Listener at 0.0.0.0/46793] INFO  server.StorageContainerManager (StorageContainerManager.java:start(1270)) - ScmDatanodeProtocl RPC server is listening at /0.0.0.0:44541
2021-08-15 01:17:35,214 [Listener at 0.0.0.0/46793] INFO  server.SCMDatanodeProtocolServer (SCMDatanodeProtocolServer.java:start(181)) - RPC server for DataNodes is listening at /0.0.0.0:44541
2021-08-15 01:17:35,214 [IPC Server Responder] INFO  ipc.Server (Server.java:run(1507)) - IPC Server Responder: starting
2021-08-15 01:17:35,215 [IPC Server listener on 0] INFO  ipc.Server (Server.java:run(1344)) - IPC Server listener on 0: starting
2021-08-15 01:17:35,218 [Listener at 0.0.0.0/46793] INFO  http.BaseHttpServer (BaseHttpServer.java:newHttpServer2BuilderForOzone(209)) - Starting Web-server for scm at: http://0.0.0.0:0
2021-08-15 01:17:35,218 [Listener at 0.0.0.0/46793] INFO  http.BaseHttpServer (BaseHttpServer.java:<init>(107)) - Hadoop Security Enabled: false Ozone Security Enabled: false Ozone HTTP Security Enabled: false 
2021-08-15 01:17:35,219 [org.apache.hadoop.util.JvmPauseMonitor$Monitor@6a5f0059] INFO  util.JvmPauseMonitor (JvmPauseMonitor.java:run(188)) - Starting JVM pause monitor
2021-08-15 01:17:35,220 [Listener at 0.0.0.0/46793] INFO  server.AuthenticationFilter (AuthenticationFilter.java:constructSecretProvider(240)) - Unable to initialize FileSignerSecretProvider, falling back to use random secrets.
2021-08-15 01:17:35,222 [Listener at 0.0.0.0/46793] WARN  http.HttpRequestLog (HttpRequestLog.java:getRequestLog(103)) - Jetty request log can only be enabled using Log4j
2021-08-15 01:17:35,222 [Listener at 0.0.0.0/46793] INFO  http.HttpServer2 (HttpServer2.java:addGlobalFilter(1020)) - Added global filter 'safety' (class=org.apache.hadoop.hdds.server.http.HttpServer2$QuotingInputFilter)
2021-08-15 01:17:35,231 [Listener at 0.0.0.0/46793] INFO  http.HttpServer2 (HttpServer2.java:addFilter(996)) - Added filter static_user_filter (class=org.apache.hadoop.http.lib.StaticUserWebFilter$StaticUserFilter) to context scm
2021-08-15 01:17:35,231 [Listener at 0.0.0.0/46793] INFO  http.HttpServer2 (HttpServer2.java:addFilter(1004)) - Added filter static_user_filter (class=org.apache.hadoop.http.lib.StaticUserWebFilter$StaticUserFilter) to context logs
2021-08-15 01:17:35,231 [Listener at 0.0.0.0/46793] INFO  http.HttpServer2 (HttpServer2.java:addFilter(1004)) - Added filter static_user_filter (class=org.apache.hadoop.http.lib.StaticUserWebFilter$StaticUserFilter) to context static
2021-08-15 01:17:35,232 [Listener at 0.0.0.0/46793] INFO  http.HttpServer2 (HttpServer2.java:bindListener(1239)) - Jetty bound to port 38079
2021-08-15 01:17:35,232 [Listener at 0.0.0.0/46793] INFO  server.Server (Server.java:doStart(375)) - jetty-9.4.43.v20210629; built: 2021-06-30T11:07:22.254Z; git: 526006ecfa3af7f1a27ef3a288e2bef7ea9dd7e8; jvm 1.8.0_292-b10
2021-08-15 01:17:35,252 [Listener at 0.0.0.0/46793] INFO  server.session (DefaultSessionIdManager.java:doStart(334)) - DefaultSessionIdManager workerName=node0
2021-08-15 01:17:35,252 [Listener at 0.0.0.0/46793] INFO  server.session (DefaultSessionIdManager.java:doStart(339)) - No SessionScavenger set, using defaults
2021-08-15 01:17:35,252 [Listener at 0.0.0.0/46793] INFO  server.session (HouseKeeper.java:startScavenging(132)) - node0 Scavenging every 660000ms
2021-08-15 01:17:35,253 [Listener at 0.0.0.0/46793] INFO  handler.ContextHandler (ContextHandler.java:doStart(915)) - Started o.e.j.s.ServletContextHandler@5ae9a3a7{logs,/logs,file:///home/runner/work/ozone/ozone/hadoop-ozone/integration-test/target/log,AVAILABLE}
2021-08-15 01:17:35,254 [Listener at 0.0.0.0/46793] INFO  handler.ContextHandler (ContextHandler.java:doStart(915)) - Started o.e.j.s.ServletContextHandler@34ac3583{static,/static,file:///home/runner/work/ozone/ozone/hadoop-ozone/integration-test/target/test-classes/webapps/static,AVAILABLE}
2021-08-15 01:17:35,271 [Listener at 0.0.0.0/46793] INFO  handler.ContextHandler (ContextHandler.java:doStart(915)) - Started o.e.j.w.WebAppContext@41229c96{scm,/,file:///home/runner/work/ozone/ozone/hadoop-ozone/integration-test/target/test-classes/webapps/scm/,AVAILABLE}{file:/home/runner/work/ozone/ozone/hadoop-ozone/integration-test/target/test-classes/webapps/scm}
2021-08-15 01:17:35,283 [Listener at 0.0.0.0/46793] INFO  server.AbstractConnector (AbstractConnector.java:doStart(331)) - Started ServerConnector@7b974568{HTTP/1.1, (http/1.1)}{0.0.0.0:38079}
2021-08-15 01:17:35,283 [Listener at 0.0.0.0/46793] INFO  server.Server (Server.java:doStart(415)) - Started @102761ms
2021-08-15 01:17:35,283 [Listener at 0.0.0.0/46793] WARN  impl.MetricsSystemImpl (MetricsSystemImpl.java:register(279)) - Sink prometheus already exists!
2021-08-15 01:17:35,283 [Listener at 0.0.0.0/46793] INFO  http.BaseHttpServer (BaseHttpServer.java:updateConnectorAddress(329)) - HTTP server of scm listening at http://0.0.0.0:38079
2021-08-15 01:17:35,284 [Listener at 0.0.0.0/46793] WARN  server.ServerUtils (ServerUtils.java:getDBPath(225)) - ozone.om.db.dirs is not configured. We recommend adding this setting. Falling back to ozone.metadata.dirs instead.
2021-08-15 01:17:35,290 [Listener at 0.0.0.0/46793] INFO  ha.OMHANodeDetails (OMHANodeDetails.java:loadOMHAConfig(112)) - ozone.om.internal.service.id is not defined, falling back to ozone.om.service.ids to find serviceID for OzoneManager if it is HA enabled cluster
2021-08-15 01:17:35,291 [Listener at 0.0.0.0/46793] INFO  ha.OMHANodeDetails (OMHANodeDetails.java:loadOMHAConfig(219)) - Configuration does not have ozone.om.address set. Falling back to the default OM address /127.0.0.1:0
2021-08-15 01:17:35,291 [Listener at 0.0.0.0/46793] INFO  ha.OMHANodeDetails (OMHANodeDetails.java:getOMNodeDetails(247)) - OM Service ID is not set. Setting it to the default ID: omServiceIdDefault
2021-08-15 01:17:35,291 [Listener at 0.0.0.0/46793] INFO  ha.OMHANodeDetails (OMHANodeDetails.java:getOMNodeDetails(254)) - OM Node ID is not set. Setting it to the default ID: om1
2021-08-15 01:17:35,291 [Listener at 0.0.0.0/46793] WARN  server.ServerUtils (ServerUtils.java:getDBPath(225)) - ozone.om.db.dirs is not configured. We recommend adding this setting. Falling back to ozone.metadata.dirs instead.
2021-08-15 01:17:35,302 [Listener at 0.0.0.0/46793] INFO  upgrade.AbstractLayoutVersionManager (AbstractLayoutVersionManager.java:init(70)) - Initializing Layout version manager with metadata layout = INITIAL_VERSION (version = 0), software layout = INITIAL_VERSION (version = 0)
2021-08-15 01:17:35,467 [Listener at 0.0.0.0/46793] INFO  reflections.Reflections (Reflections.java:scan(232)) - Reflections took 164 ms to scan 2 urls, producing 131 keys and 342 values [using 2 cores]
2021-08-15 01:17:35,468 [Listener at 0.0.0.0/46793] INFO  upgrade.OMLayoutVersionManager (OMLayoutVersionManager.java:lambda$0(116)) - Skipping Upgrade Action MockOmUpgradeAction since it has been finalized.
2021-08-15 01:17:35,468 [Listener at 0.0.0.0/46793] WARN  server.ServerUtils (ServerUtils.java:getDBPath(225)) - ozone.om.db.dirs is not configured. We recommend adding this setting. Falling back to ozone.metadata.dirs instead.
2021-08-15 01:17:35,482 [Listener at 0.0.0.0/46793] WARN  server.ServerUtils (ServerUtils.java:getDBPath(225)) - ozone.om.db.dirs is not configured. We recommend adding this setting. Falling back to ozone.metadata.dirs instead.
2021-08-15 01:17:35,483 [Listener at 0.0.0.0/46793] INFO  codec.OmKeyInfoCodec (OmKeyInfoCodec.java:<init>(51)) - OmKeyInfoCodec ignorePipeline = true
2021-08-15 01:17:35,483 [Listener at 0.0.0.0/46793] INFO  codec.RepeatedOmKeyInfoCodec (RepeatedOmKeyInfoCodec.java:<init>(42)) - RepeatedOmKeyInfoCodec ignorePipeline = true
2021-08-15 01:17:35,683 [Listener at 0.0.0.0/46793] INFO  om.OzoneManager (OzoneManager.java:addS3GVolumeToDB(4115)) - Created Volume s3v With Owner runner required for S3Gateway operations.
2021-08-15 01:17:35,683 [Listener at 0.0.0.0/46793] WARN  server.ServerUtils (ServerUtils.java:getDefaultRatisDirectory(237)) - Storage directory for Ratis is not configured. It is a good idea to map this to an SSD disk. Falling back to ozone.metadata.dirs
2021-08-15 01:17:35,684 [Listener at 0.0.0.0/46793] WARN  utils.OzoneManagerRatisUtils (OzoneManagerRatisUtils.java:getOMRatisSnapshotDirectory(391)) - ozone.om.ratis.snapshot.dir is not configured. Falling back to ozone.metadata.dirs config
2021-08-15 01:17:35,684 [Listener at 0.0.0.0/46793] WARN  server.ServerUtils (ServerUtils.java:getDefaultRatisDirectory(237)) - Storage directory for Ratis is not configured. It is a good idea to map this to an SSD disk. Falling back to ozone.metadata.dirs
2021-08-15 01:17:35,685 [Listener at 0.0.0.0/46793] INFO  ratis.OzoneManagerRatisServer (OzoneManagerRatisServer.java:<init>(158)) - Instantiating OM Ratis server with groupID: omServiceIdDefault and peers: localhost:9872
2021-08-15 01:17:35,685 [Listener at 0.0.0.0/46793] INFO  ratis.OzoneManagerStateMachine (OzoneManagerStateMachine.java:loadSnapshotInfoFromDB(605)) - LastAppliedIndex is set from TransactionInfo from OM DB as (t:0, i:~)
2021-08-15 01:17:35,685 [Listener at 0.0.0.0/46793] INFO  server.RaftServer (ConfUtils.java:logGet(44)) - raft.rpc.type = GRPC (default)
2021-08-15 01:17:35,685 [Listener at 0.0.0.0/46793] INFO  grpc.GrpcFactory (GrpcFactory.java:checkPooledByteBufAllocatorUseCacheForAllThreads(48)) - PERFORMANCE WARNING: useCacheForAllThreads is true that may cause Netty to create a lot garbage objects and, as a result, trigger GC.
	It is recommended to disable useCacheForAllThreads by setting -Dorg.apache.ratis.thirdparty.io.netty.allocator.useCacheForAllThreads=false in command line.
2021-08-15 01:17:35,686 [Listener at 0.0.0.0/46793] INFO  grpc.GrpcConfigKeys (ConfUtils.java:logGet(44)) - raft.grpc.admin.port = -1 (default)
2021-08-15 01:17:35,686 [Listener at 0.0.0.0/46793] INFO  grpc.GrpcConfigKeys (ConfUtils.java:logGet(44)) - raft.grpc.server.port = 9872 (custom)
2021-08-15 01:17:35,686 [Listener at 0.0.0.0/46793] INFO  grpc.GrpcConfigKeys (ConfUtils.java:logGet(44)) - raft.grpc.client.port = -1 (default)
2021-08-15 01:17:35,686 [Listener at 0.0.0.0/46793] INFO  grpc.GrpcConfigKeys (ConfUtils.java:logGet(44)) - raft.grpc.server.port = 9872 (custom)
2021-08-15 01:17:35,686 [Listener at 0.0.0.0/46793] INFO  grpc.GrpcConfigKeys (ConfUtils.java:logGet(44)) - raft.grpc.server.port = 9872 (custom)
2021-08-15 01:17:35,686 [Listener at 0.0.0.0/46793] INFO  server.GrpcService (ConfUtils.java:logGet(44)) - raft.grpc.message.size.max = 33554432 (custom)
2021-08-15 01:17:35,686 [Listener at 0.0.0.0/46793] INFO  server.RaftServerConfigKeys (ConfUtils.java:logGet(44)) - raft.server.log.appender.buffer.byte-limit = 33554432 (custom)
2021-08-15 01:17:35,686 [Listener at 0.0.0.0/46793] INFO  server.GrpcService (ConfUtils.java:logGet(44)) - raft.grpc.flow.control.window = 1MB (=1048576) (default)
2021-08-15 01:17:35,686 [Listener at 0.0.0.0/46793] INFO  server.RaftServerConfigKeys (ConfUtils.java:logGet(44)) - raft.server.rpc.request.timeout = 3000ms (default)
2021-08-15 01:17:35,687 [Listener at 0.0.0.0/46793] INFO  impl.DataStreamServerImpl (ConfUtils.java:logGet(44)) - raft.datastream.type = DISABLED (default)
2021-08-15 01:17:35,687 [Listener at 0.0.0.0/46793] INFO  server.RaftServerConfigKeys (ConfUtils.java:logGet(44)) - raft.server.rpc.slowness.timeout = 120s (custom)
2021-08-15 01:17:35,688 [Listener at 0.0.0.0/46793] INFO  server.RaftServerConfigKeys (ConfUtils.java:logGet(44)) - raft.server.leaderelection.leader.step-down.wait-time = 10s (default)
2021-08-15 01:17:35,688 [Listener at 0.0.0.0/46793] INFO  server.RaftServerConfigKeys (ConfUtils.java:logGet(44)) - raft.server.storage.dir = [/home/runner/work/ozone/ozone/hadoop-ozone/integration-test/target/test-dir/MiniOzoneClusterImpl-d2e0817b-7a27-4795-9ea2-3152af8552da/ozone-meta/ratis] (custom)
2021-08-15 01:17:35,694 [Listener at 0.0.0.0/46793] INFO  server.RaftServer (RaftServerProxy.java:addNew(95)) - om1: addNew group-C5BA1605619E:[om1|rpc:localhost:9872|priority:0] returns group-C5BA1605619E:java.util.concurrent.CompletableFuture@7e42a39b[Not completed]
2021-08-15 01:17:35,694 [pool-355-thread-1] INFO  server.RaftServer$Division (RaftServerImpl.java:<init>(181)) - om1: new RaftServerImpl for group-C5BA1605619E:[om1|rpc:localhost:9872|priority:0] with OzoneManagerStateMachine:uninitialized
2021-08-15 01:17:35,694 [Listener at 0.0.0.0/46793] INFO  om.OzoneManager (OzoneManager.java:initializeRatisServer(1573)) - OzoneManager Ratis server initialized at port 9872
2021-08-15 01:17:35,695 [pool-355-thread-1] INFO  server.RaftServerConfigKeys (ConfUtils.java:logGet(44)) - raft.server.rpc.timeout.min = 1s (custom)
2021-08-15 01:17:35,704 [pool-355-thread-1] INFO  server.RaftServerConfigKeys (ConfUtils.java:logGet(44)) - raft.server.rpc.timeout.max = 1200ms (custom)
2021-08-15 01:17:35,704 [pool-355-thread-1] INFO  server.RaftServerConfigKeys (ConfUtils.java:logGet(44)) - raft.server.rpc.sleep.time = 25ms (default)
2021-08-15 01:17:35,704 [pool-355-thread-1] INFO  server.RaftServerConfigKeys (ConfUtils.java:logGet(44)) - raft.server.rpc.slowness.timeout = 120s (custom)
2021-08-15 01:17:35,704 [pool-355-thread-1] INFO  server.RaftServerConfigKeys (ConfUtils.java:logGet(44)) - raft.server.leaderelection.leader.step-down.wait-time = 10s (default)
2021-08-15 01:17:35,705 [pool-355-thread-1] INFO  server.RaftServerConfigKeys (ConfUtils.java:logGet(44)) - raft.server.sleep.deviation.threshold = 300ms (default)
2021-08-15 01:17:35,705 [pool-355-thread-1] INFO  server.RaftServerConfigKeys (ConfUtils.java:logGet(44)) - raft.server.log.appender.install.snapshot.enabled = false (custom)
2021-08-15 01:17:35,705 [pool-355-thread-1] INFO  server.RaftServer$Division (ServerState.java:<init>(105)) - om1@group-C5BA1605619E: ConfigurationManager, init=-1: [om1|rpc:localhost:9872|priority:0], old=null, confs=<EMPTY_MAP>
2021-08-15 01:17:35,705 [pool-355-thread-1] INFO  server.RaftServerConfigKeys (ConfUtils.java:logGet(44)) - raft.server.storage.dir = [/home/runner/work/ozone/ozone/hadoop-ozone/integration-test/target/test-dir/MiniOzoneClusterImpl-d2e0817b-7a27-4795-9ea2-3152af8552da/ozone-meta/ratis] (custom)
2021-08-15 01:17:35,705 [pool-355-thread-1] INFO  server.RaftServerConfigKeys (ConfUtils.java:logGet(44)) - raft.server.log.corruption.policy = EXCEPTION (default)
2021-08-15 01:17:35,705 [pool-355-thread-1] INFO  server.RaftServerConfigKeys (ConfUtils.java:logGet(44)) - raft.server.storage.free-space.min = 0MB (=0) (default)
2021-08-15 01:17:35,705 [pool-355-thread-1] INFO  storage.RaftStorageDirectory (RaftStorageDirectoryImpl.java:analyzeStorage(135)) - The storage directory /home/runner/work/ozone/ozone/hadoop-ozone/integration-test/target/test-dir/MiniOzoneClusterImpl-d2e0817b-7a27-4795-9ea2-3152af8552da/ozone-meta/ratis/bf265839-605b-3f16-9796-c5ba1605619e does not exist. Creating ...
2021-08-15 01:17:35,710 [pool-355-thread-1] INFO  storage.RaftStorageDirectory (RaftStorageDirectoryImpl.java:tryLock(230)) - Lock on /home/runner/work/ozone/ozone/hadoop-ozone/integration-test/target/test-dir/MiniOzoneClusterImpl-d2e0817b-7a27-4795-9ea2-3152af8552da/ozone-meta/ratis/bf265839-605b-3f16-9796-c5ba1605619e/in_use.lock acquired by nodename 21311@fv-az122-443
2021-08-15 01:17:35,711 [Listener at 0.0.0.0/46793] INFO  ipc.CallQueueManager (CallQueueManager.java:<init>(90)) - Using callQueue: class java.util.concurrent.LinkedBlockingQueue, queueCapacity: 2000, scheduler: class org.apache.hadoop.ipc.DefaultRpcScheduler, ipcBackoff: false.
2021-08-15 01:17:35,714 [Socket Reader #1 for port 0] INFO  ipc.Server (Server.java:run(1265)) - Starting Socket Reader #1 for port 0
2021-08-15 01:17:35,742 [pool-355-thread-1] INFO  storage.RaftStorage (RaftStorageImpl.java:format(89)) - Storage directory /home/runner/work/ozone/ozone/hadoop-ozone/integration-test/target/test-dir/MiniOzoneClusterImpl-d2e0817b-7a27-4795-9ea2-3152af8552da/ozone-meta/ratis/bf265839-605b-3f16-9796-c5ba1605619e has been successfully formatted.
2021-08-15 01:17:35,743 [pool-355-thread-1] INFO  server.RaftServerConfigKeys (ConfUtils.java:logGet(44)) - raft.server.notification.no-leader.timeout = 120s (custom)
2021-08-15 01:17:35,743 [pool-355-thread-1] INFO  server.RaftServerConfigKeys (ConfUtils.java:logGet(44)) - raft.server.log.use.memory = false (default)
2021-08-15 01:17:35,743 [pool-355-thread-1] INFO  server.RaftServerConfigKeys (ConfUtils.java:logGet(44)) - raft.server.log.purge.gap = 1000000 (custom)
2021-08-15 01:17:35,743 [pool-355-thread-1] INFO  server.RaftServerConfigKeys (ConfUtils.java:logGet(44)) - raft.server.log.appender.buffer.byte-limit = 33554432 (custom)
2021-08-15 01:17:35,743 [pool-355-thread-1] INFO  server.RaftServerConfigKeys (ConfUtils.java:logGet(44)) - raft.server.log.segment.size.max = 4194304 (custom)
2021-08-15 01:17:35,743 [pool-355-thread-1] INFO  server.RaftServerConfigKeys (ConfUtils.java:logGet(44)) - raft.server.log.segment.cache.num.max = 2 (custom)
2021-08-15 01:17:35,743 [pool-355-thread-1] INFO  server.RaftServerConfigKeys (ConfUtils.java:logGet(44)) - raft.server.log.segment.cache.size.max = 200MB (=209715200) (default)
2021-08-15 01:17:35,743 [pool-355-thread-1] INFO  segmented.SegmentedRaftLogWorker (SegmentedRaftLogWorker.java:<init>(182)) - new om1@group-C5BA1605619E-SegmentedRaftLogWorker for RaftStorageImpl:Storage Directory /home/runner/work/ozone/ozone/hadoop-ozone/integration-test/target/test-dir/MiniOzoneClusterImpl-d2e0817b-7a27-4795-9ea2-3152af8552da/ozone-meta/ratis/bf265839-605b-3f16-9796-c5ba1605619e
2021-08-15 01:17:35,743 [pool-355-thread-1] INFO  server.RaftServerConfigKeys (ConfUtils.java:logGet(44)) - raft.server.log.queue.byte-limit = 64MB (=67108864) (default)
2021-08-15 01:17:35,743 [pool-355-thread-1] INFO  server.RaftServerConfigKeys (ConfUtils.java:logGet(44)) - raft.server.log.queue.element-limit = 4096 (default)
2021-08-15 01:17:35,744 [pool-355-thread-1] INFO  server.RaftServerConfigKeys (ConfUtils.java:logGet(44)) - raft.server.log.segment.size.max = 4194304 (custom)
2021-08-15 01:17:35,744 [pool-355-thread-1] INFO  server.RaftServerConfigKeys (ConfUtils.java:logGet(44)) - raft.server.log.preallocated.size = 4194304 (custom)
2021-08-15 01:17:35,744 [pool-355-thread-1] INFO  server.RaftServerConfigKeys (ConfUtils.java:logGet(44)) - raft.server.log.force.sync.num = 128 (default)
2021-08-15 01:17:35,744 [pool-355-thread-1] INFO  server.RaftServerConfigKeys (ConfUtils.java:logGet(44)) - raft.server.log.statemachine.data.sync = true (default)
2021-08-15 01:17:35,744 [pool-355-thread-1] INFO  server.RaftServerConfigKeys (ConfUtils.java:logGet(44)) - raft.server.log.statemachine.data.sync.timeout = 10s (default)
2021-08-15 01:17:35,744 [pool-355-thread-1] INFO  server.RaftServerConfigKeys (ConfUtils.java:logGet(44)) - raft.server.log.statemachine.data.sync.timeout.retry = -1 (default)
2021-08-15 01:17:35,744 [pool-355-thread-1] INFO  server.RaftServerConfigKeys (ConfUtils.java:logGet(44)) - raft.server.log.write.buffer.size = 64KB (=65536) (default)
2021-08-15 01:17:35,744 [pool-355-thread-1] INFO  server.RaftServerConfigKeys (ConfUtils.java:logGet(44)) - raft.server.log.statemachine.data.caching.enabled = false (default)
2021-08-15 01:17:35,745 [pool-355-thread-1] INFO  segmented.SegmentedRaftLogWorker (SegmentedRaftLogWorker.java:lambda$new$0(133)) - om1@group-C5BA1605619E-SegmentedRaftLogWorker: flushIndex: setUnconditionally 0 -> -1
2021-08-15 01:17:35,745 [pool-355-thread-1] INFO  segmented.SegmentedRaftLogWorker (SegmentedRaftLogWorker.java:lambda$new$0(133)) - om1@group-C5BA1605619E-SegmentedRaftLogWorker: safeCacheEvictIndex: setUnconditionally 0 -> -1
2021-08-15 01:17:35,754 [pool-355-thread-1] INFO  server.RaftServerConfigKeys (ConfUtils.java:logGet(44)) - raft.server.snapshot.auto.trigger.enabled = true (custom)
2021-08-15 01:17:35,754 [pool-355-thread-1] INFO  server.RaftServerConfigKeys (ConfUtils.java:logGet(44)) - raft.server.snapshot.auto.trigger.threshold = 400000 (default)
2021-08-15 01:17:35,754 [pool-355-thread-1] INFO  server.RaftServerConfigKeys (ConfUtils.java:logGet(44)) - raft.server.snapshot.retention.file.num = -1 (default)
2021-08-15 01:17:35,755 [pool-355-thread-1] INFO  server.RaftServerConfigKeys (ConfUtils.java:logGet(44)) - raft.server.log.purge.upto.snapshot.index = true (custom)
2021-08-15 01:17:35,755 [pool-355-thread-1] INFO  server.RaftServerConfigKeys (ConfUtils.java:logGet(44)) - raft.server.retrycache.expirytime = 300s (custom)
2021-08-15 01:17:35,755 [pool-355-thread-1] INFO  server.RaftServerConfigKeys (ConfUtils.java:logGet(44)) - raft.server.retrycache.statistics.expirytime = 100μs (default)
2021-08-15 01:17:35,776 [Listener at 127.0.0.1/41191] INFO  om.OzoneManager (OzoneManager.java:initFSOLayout(4321)) - Configured ozone.om.metadata.layout=SIMPLE and disabled optimized OM FS operations
2021-08-15 01:17:35,776 [Listener at 127.0.0.1/41191] INFO  impl.MetricsSystemImpl (MetricsSystemImpl.java:init(158)) - OzoneManager metrics system started (again)
2021-08-15 01:17:35,816 [Listener at 127.0.0.1/41191] INFO  om.OzoneManager (OzoneManager.java:start(1270)) - OzoneManager RPC server is listening at localhost/127.0.0.1:41191
2021-08-15 01:17:35,816 [Listener at 127.0.0.1/41191] INFO  ratis.OzoneManagerRatisServer (OzoneManagerRatisServer.java:start(516)) - Starting OzoneManagerRatisServer om1 at port 9872
2021-08-15 01:17:35,816 [Listener at 127.0.0.1/41191] INFO  server.RaftServer$Division (RaftServerImpl.java:start(296)) - om1@group-C5BA1605619E: start as a follower, conf=-1: [om1|rpc:localhost:9872|priority:0], old=null
2021-08-15 01:17:35,817 [Listener at 127.0.0.1/41191] INFO  server.RaftServer$Division (RaftServerImpl.java:setRole(285)) - om1@group-C5BA1605619E: changes role from      null to FOLLOWER at term 0 for startAsFollower
2021-08-15 01:17:35,817 [Listener at 127.0.0.1/41191] INFO  impl.RoleInfo (RoleInfo.java:updateAndGet(130)) - om1: start om1@group-C5BA1605619E-FollowerState
2021-08-15 01:17:35,817 [Listener at 127.0.0.1/41191] INFO  util.JmxRegister (JmxRegister.java:tryRegister(44)) - Successfully registered JMX Bean with object name Ratis:service=RaftServer,group=group-C5BA1605619E,id=om1
2021-08-15 01:17:35,819 [Listener at 127.0.0.1/41191] INFO  server.RaftServer (RaftServerProxy.java:lambda$start$5(374)) - om1: start RPC server
2021-08-15 01:17:35,857 [Listener at 127.0.0.1/41191] INFO  server.GrpcService (GrpcService.java:startImpl(253)) - om1: GrpcService started, listening on 9872
2021-08-15 01:17:35,870 [Listener at 127.0.0.1/41191] INFO  om.OzoneManager (OzoneManager.java:start(1288)) - Version File has different layout version (0) than OM DB (null). That is expected if this OM has never been finalized to a newer layout version.
2021-08-15 01:17:35,871 [org.apache.ratis.util.JvmPauseMonitor$$Lambda$531/1550087810@49801250] INFO  util.JvmPauseMonitor (JvmPauseMonitor.java:run(103)) - JvmPauseMonitor-om1: Started
2021-08-15 01:17:35,892 [Listener at 127.0.0.1/41191] INFO  http.BaseHttpServer (BaseHttpServer.java:newHttpServer2BuilderForOzone(209)) - Starting Web-server for ozoneManager at: http://0.0.0.0:0
2021-08-15 01:17:35,892 [Listener at 127.0.0.1/41191] INFO  http.BaseHttpServer (BaseHttpServer.java:<init>(107)) - Hadoop Security Enabled: false Ozone Security Enabled: false Ozone HTTP Security Enabled: false 
2021-08-15 01:17:35,893 [Listener at 127.0.0.1/41191] INFO  server.AuthenticationFilter (AuthenticationFilter.java:constructSecretProvider(240)) - Unable to initialize FileSignerSecretProvider, falling back to use random secrets.
2021-08-15 01:17:35,894 [Listener at 127.0.0.1/41191] WARN  http.HttpRequestLog (HttpRequestLog.java:getRequestLog(103)) - Jetty request log can only be enabled using Log4j
2021-08-15 01:17:35,895 [Listener at 127.0.0.1/41191] INFO  http.HttpServer2 (HttpServer2.java:addGlobalFilter(1020)) - Added global filter 'safety' (class=org.apache.hadoop.hdds.server.http.HttpServer2$QuotingInputFilter)
2021-08-15 01:17:35,895 [Listener at 127.0.0.1/41191] INFO  http.HttpServer2 (HttpServer2.java:addFilter(996)) - Added filter static_user_filter (class=org.apache.hadoop.http.lib.StaticUserWebFilter$StaticUserFilter) to context ozoneManager
2021-08-15 01:17:35,895 [Listener at 127.0.0.1/41191] INFO  http.HttpServer2 (HttpServer2.java:addFilter(1004)) - Added filter static_user_filter (class=org.apache.hadoop.http.lib.StaticUserWebFilter$StaticUserFilter) to context logs
2021-08-15 01:17:35,895 [Listener at 127.0.0.1/41191] INFO  http.HttpServer2 (HttpServer2.java:addFilter(1004)) - Added filter static_user_filter (class=org.apache.hadoop.http.lib.StaticUserWebFilter$StaticUserFilter) to context static
2021-08-15 01:17:35,896 [Listener at 127.0.0.1/41191] INFO  http.HttpServer2 (HttpServer2.java:bindListener(1239)) - Jetty bound to port 41285
2021-08-15 01:17:35,896 [Listener at 127.0.0.1/41191] INFO  server.Server (Server.java:doStart(375)) - jetty-9.4.43.v20210629; built: 2021-06-30T11:07:22.254Z; git: 526006ecfa3af7f1a27ef3a288e2bef7ea9dd7e8; jvm 1.8.0_292-b10
2021-08-15 01:17:35,930 [Listener at 127.0.0.1/41191] INFO  server.session (DefaultSessionIdManager.java:doStart(334)) - DefaultSessionIdManager workerName=node0
2021-08-15 01:17:35,930 [Listener at 127.0.0.1/41191] INFO  server.session (DefaultSessionIdManager.java:doStart(339)) - No SessionScavenger set, using defaults
2021-08-15 01:17:35,930 [Listener at 127.0.0.1/41191] INFO  server.session (HouseKeeper.java:startScavenging(132)) - node0 Scavenging every 660000ms
2021-08-15 01:17:35,931 [Listener at 127.0.0.1/41191] INFO  handler.ContextHandler (ContextHandler.java:doStart(915)) - Started o.e.j.s.ServletContextHandler@57dd9785{logs,/logs,file:///home/runner/work/ozone/ozone/hadoop-ozone/integration-test/target/log,AVAILABLE}
2021-08-15 01:17:35,931 [Listener at 127.0.0.1/41191] INFO  handler.ContextHandler (ContextHandler.java:doStart(915)) - Started o.e.j.s.ServletContextHandler@427bb786{static,/static,file:///home/runner/work/ozone/ozone/hadoop-ozone/integration-test/target/test-classes/webapps/static,AVAILABLE}
2021-08-15 01:17:35,934 [Listener at 127.0.0.1/41191] INFO  handler.ContextHandler (ContextHandler.java:doStart(915)) - Started o.e.j.w.WebAppContext@572d3a22{ozoneManager,/,file:///home/runner/work/ozone/ozone/hadoop-ozone/integration-test/target/test-classes/webapps/ozoneManager/,AVAILABLE}{file:/home/runner/work/ozone/ozone/hadoop-ozone/integration-test/target/test-classes/webapps/ozoneManager}
2021-08-15 01:17:35,951 [Listener at 127.0.0.1/41191] INFO  server.AbstractConnector (AbstractConnector.java:doStart(331)) - Started ServerConnector@49b9fe44{HTTP/1.1, (http/1.1)}{0.0.0.0:41285}
2021-08-15 01:17:35,951 [Listener at 127.0.0.1/41191] INFO  server.Server (Server.java:doStart(415)) - Started @103429ms
2021-08-15 01:17:35,952 [Listener at 127.0.0.1/41191] WARN  impl.MetricsSystemImpl (MetricsSystemImpl.java:register(279)) - Sink prometheus already exists!
2021-08-15 01:17:35,952 [Listener at 127.0.0.1/41191] INFO  http.BaseHttpServer (BaseHttpServer.java:updateConnectorAddress(329)) - HTTP server of ozoneManager listening at http://0.0.0.0:41285
2021-08-15 01:17:35,956 [IPC Server Responder] INFO  ipc.Server (Server.java:run(1507)) - IPC Server Responder: starting
2021-08-15 01:17:35,957 [IPC Server listener on 0] INFO  ipc.Server (Server.java:run(1344)) - IPC Server listener on 0: starting
2021-08-15 01:17:35,958 [Listener at 127.0.0.1/41191] INFO  om.OzoneManager (OzoneManager.java:startTrashEmptier(1531)) - Trash Interval set to 0. Files deleted will not move to trash
2021-08-15 01:17:35,975 [Listener at 127.0.0.1/41191] WARN  impl.MetricRegistriesImpl (MetricRegistriesImpl.java:addReporterRegistration(111)) - New reporters are added after registries were created. Some metrics will be missing from the reporter. Please add reporter before adding any new registry.
2021-08-15 01:17:35,975 [Listener at 127.0.0.1/41191] WARN  impl.MetricRegistriesImpl (MetricRegistriesImpl.java:addReporterRegistration(111)) - New reporters are added after registries were created. Some metrics will be missing from the reporter. Please add reporter before adding any new registry.
2021-08-15 01:17:35,975 [Listener at 127.0.0.1/41191] INFO  impl.MetricsSystemImpl (MetricsSystemImpl.java:init(158)) - HddsDatanode metrics system started (again)
2021-08-15 01:17:35,975 [org.apache.hadoop.util.JvmPauseMonitor$Monitor@2851b052] INFO  util.JvmPauseMonitor (JvmPauseMonitor.java:run(188)) - Starting JVM pause monitor
2021-08-15 01:17:36,021 [Listener at 127.0.0.1/41191] INFO  ozone.HddsDatanodeService (HddsDatanodeService.java:start(234)) - HddsDatanodeService host:fv-az122-443.zf1tlrj3kn4expqppa1j4mpycf.xx.internal.cloudapp.net ip:10.1.0.43
2021-08-15 01:17:36,061 [Listener at 127.0.0.1/41191] INFO  upgrade.AbstractLayoutVersionManager (AbstractLayoutVersionManager.java:init(70)) - Initializing Layout version manager with metadata layout = SCM_HA (version = 2), software layout = SCM_HA (version = 2)
2021-08-15 01:17:36,115 [Listener at 127.0.0.1/41191] INFO  reflections.Reflections (Reflections.java:scan(232)) - Reflections took 53 ms to scan 7 urls, producing 120 keys and 275 values 
2021-08-15 01:17:36,120 [Listener at 127.0.0.1/41191] INFO  volume.HddsVolume (HddsVolume.java:<init>(120)) - Creating HddsVolume: /home/runner/work/ozone/ozone/hadoop-ozone/integration-test/target/test-dir/MiniOzoneClusterImpl-d2e0817b-7a27-4795-9ea2-3152af8552da/datanode-0/data-0/containers/hdds of storage type : DISK capacity : 9223372036854775807
2021-08-15 01:17:36,120 [Listener at 127.0.0.1/41191] INFO  volume.MutableVolumeSet (MutableVolumeSet.java:initializeVolumeSet(181)) - Added Volume : /home/runner/work/ozone/ozone/hadoop-ozone/integration-test/target/test-dir/MiniOzoneClusterImpl-d2e0817b-7a27-4795-9ea2-3152af8552da/datanode-0/data-0/containers/hdds to VolumeSet
2021-08-15 01:17:36,120 [Listener at 127.0.0.1/41191] INFO  volume.ThrottledAsyncChecker (ThrottledAsyncChecker.java:schedule(141)) - Scheduling a check for /home/runner/work/ozone/ozone/hadoop-ozone/integration-test/target/test-dir/MiniOzoneClusterImpl-d2e0817b-7a27-4795-9ea2-3152af8552da/datanode-0/data-0/containers/hdds
2021-08-15 01:17:36,131 [Listener at 127.0.0.1/41191] INFO  volume.StorageVolumeChecker (StorageVolumeChecker.java:checkAllVolumes(202)) - Scheduled health check for volume /home/runner/work/ozone/ozone/hadoop-ozone/integration-test/target/test-dir/MiniOzoneClusterImpl-d2e0817b-7a27-4795-9ea2-3152af8552da/datanode-0/data-0/containers/hdds
2021-08-15 01:17:36,144 [Listener at 127.0.0.1/41191] INFO  volume.MutableVolumeSet (MutableVolumeSet.java:initializeVolumeSet(181)) - Added Volume : /home/runner/work/ozone/ozone/hadoop-ozone/integration-test/target/test-dir/MiniOzoneClusterImpl-d2e0817b-7a27-4795-9ea2-3152af8552da/datanode-0/data/ratis to VolumeSet
2021-08-15 01:17:36,144 [Listener at 127.0.0.1/41191] INFO  volume.ThrottledAsyncChecker (ThrottledAsyncChecker.java:schedule(141)) - Scheduling a check for /home/runner/work/ozone/ozone/hadoop-ozone/integration-test/target/test-dir/MiniOzoneClusterImpl-d2e0817b-7a27-4795-9ea2-3152af8552da/datanode-0/data/ratis
2021-08-15 01:17:36,144 [Listener at 127.0.0.1/41191] INFO  volume.StorageVolumeChecker (StorageVolumeChecker.java:checkAllVolumes(202)) - Scheduled health check for volume /home/runner/work/ozone/ozone/hadoop-ozone/integration-test/target/test-dir/MiniOzoneClusterImpl-d2e0817b-7a27-4795-9ea2-3152af8552da/datanode-0/data/ratis
2021-08-15 01:17:36,158 [Listener at 127.0.0.1/41191] INFO  ozoneimpl.ContainerReader (ContainerReader.java:<init>(98)) - Running in upgrade mode:true
2021-08-15 01:17:36,159 [Thread-882] INFO  ozoneimpl.ContainerReader (ContainerReader.java:readVolume(142)) - Start to verify containers on volume /home/runner/work/ozone/ozone/hadoop-ozone/integration-test/target/test-dir/MiniOzoneClusterImpl-d2e0817b-7a27-4795-9ea2-3152af8552da/datanode-0/data-0/containers/hdds
2021-08-15 01:17:36,159 [Thread-882] INFO  ozoneimpl.ContainerReader (ContainerReader.java:readVolume(174)) - Finish verifying containers on volume /home/runner/work/ozone/ozone/hadoop-ozone/integration-test/target/test-dir/MiniOzoneClusterImpl-d2e0817b-7a27-4795-9ea2-3152af8552da/datanode-0/data-0/containers/hdds
2021-08-15 01:17:36,159 [Listener at 127.0.0.1/41191] INFO  ozoneimpl.OzoneContainer (OzoneContainer.java:buildContainerSet(237)) - Build ContainerSet costs 0s
2021-08-15 01:17:36,171 [Listener at 127.0.0.1/41191] INFO  server.RaftServer (ConfUtils.java:logGet(44)) - raft.rpc.type = GRPC (default)
2021-08-15 01:17:36,171 [Listener at 127.0.0.1/41191] INFO  grpc.GrpcFactory (GrpcFactory.java:checkPooledByteBufAllocatorUseCacheForAllThreads(48)) - PERFORMANCE WARNING: useCacheForAllThreads is true that may cause Netty to create a lot garbage objects and, as a result, trigger GC.
	It is recommended to disable useCacheForAllThreads by setting -Dorg.apache.ratis.thirdparty.io.netty.allocator.useCacheForAllThreads=false in command line.
2021-08-15 01:17:36,171 [Listener at 127.0.0.1/41191] INFO  grpc.GrpcConfigKeys (ConfUtils.java:logGet(44)) - raft.grpc.admin.port = 0 (custom)
2021-08-15 01:17:36,171 [Listener at 127.0.0.1/41191] INFO  grpc.GrpcConfigKeys (ConfUtils.java:logGet(44)) - raft.grpc.client.port = 0 (custom)
2021-08-15 01:17:36,171 [Listener at 127.0.0.1/41191] INFO  grpc.GrpcConfigKeys (ConfUtils.java:logGet(44)) - raft.grpc.server.port = 0 (default)
2021-08-15 01:17:36,171 [Listener at 127.0.0.1/41191] INFO  server.GrpcService (ConfUtils.java:logGet(44)) - raft.grpc.message.size.max = 32MB (=33554432) (custom)
2021-08-15 01:17:36,171 [Listener at 127.0.0.1/41191] INFO  server.RaftServerConfigKeys (ConfUtils.java:logGet(44)) - raft.server.log.appender.buffer.byte-limit = 33554432 (custom)
2021-08-15 01:17:36,171 [Listener at 127.0.0.1/41191] INFO  server.GrpcService (ConfUtils.java:logGet(44)) - raft.grpc.flow.control.window = 5MB (=5242880) (custom)
2021-08-15 01:17:36,172 [Listener at 127.0.0.1/41191] INFO  server.RaftServerConfigKeys (ConfUtils.java:logGet(44)) - raft.server.rpc.request.timeout = 60s (custom)
2021-08-15 01:17:36,172 [Listener at 127.0.0.1/41191] INFO  impl.DataStreamServerImpl (ConfUtils.java:logGet(44)) - raft.datastream.type = DISABLED (default)
2021-08-15 01:17:36,173 [Listener at 127.0.0.1/41191] INFO  server.RaftServerConfigKeys (ConfUtils.java:logGet(44)) - raft.server.rpc.slowness.timeout = 300s (custom)
2021-08-15 01:17:36,173 [Listener at 127.0.0.1/41191] INFO  server.RaftServerConfigKeys (ConfUtils.java:logGet(44)) - raft.server.leaderelection.leader.step-down.wait-time = 10s (default)
2021-08-15 01:17:36,173 [Listener at 127.0.0.1/41191] INFO  server.RaftServerConfigKeys (ConfUtils.java:logGet(44)) - raft.server.storage.dir = [/home/runner/work/ozone/ozone/hadoop-ozone/integration-test/target/test-dir/MiniOzoneClusterImpl-d2e0817b-7a27-4795-9ea2-3152af8552da/datanode-0/data/ratis] (custom)
2021-08-15 01:17:36,184 [Listener at 127.0.0.1/41191] INFO  http.BaseHttpServer (BaseHttpServer.java:newHttpServer2BuilderForOzone(209)) - Starting Web-server for hddsDatanode at: http://0.0.0.0:0
2021-08-15 01:17:36,184 [Listener at 127.0.0.1/41191] INFO  http.BaseHttpServer (BaseHttpServer.java:<init>(107)) - Hadoop Security Enabled: false Ozone Security Enabled: false Ozone HTTP Security Enabled: false 
2021-08-15 01:17:36,186 [Listener at 127.0.0.1/41191] INFO  server.AuthenticationFilter (AuthenticationFilter.java:constructSecretProvider(240)) - Unable to initialize FileSignerSecretProvider, falling back to use random secrets.
2021-08-15 01:17:36,203 [Listener at 127.0.0.1/41191] WARN  http.HttpRequestLog (HttpRequestLog.java:getRequestLog(103)) - Jetty request log can only be enabled using Log4j
2021-08-15 01:17:36,203 [Listener at 127.0.0.1/41191] INFO  http.HttpServer2 (HttpServer2.java:addGlobalFilter(1020)) - Added global filter 'safety' (class=org.apache.hadoop.hdds.server.http.HttpServer2$QuotingInputFilter)
2021-08-15 01:17:36,204 [Listener at 127.0.0.1/41191] INFO  http.HttpServer2 (HttpServer2.java:addFilter(996)) - Added filter static_user_filter (class=org.apache.hadoop.http.lib.StaticUserWebFilter$StaticUserFilter) to context hddsDatanode
2021-08-15 01:17:36,204 [Listener at 127.0.0.1/41191] INFO  http.HttpServer2 (HttpServer2.java:addFilter(1004)) - Added filter static_user_filter (class=org.apache.hadoop.http.lib.StaticUserWebFilter$StaticUserFilter) to context logs
2021-08-15 01:17:36,204 [Listener at 127.0.0.1/41191] INFO  http.HttpServer2 (HttpServer2.java:addFilter(1004)) - Added filter static_user_filter (class=org.apache.hadoop.http.lib.StaticUserWebFilter$StaticUserFilter) to context static
2021-08-15 01:17:36,204 [Listener at 127.0.0.1/41191] INFO  http.HttpServer2 (HttpServer2.java:bindListener(1239)) - Jetty bound to port 35949
2021-08-15 01:17:36,204 [Listener at 127.0.0.1/41191] INFO  server.Server (Server.java:doStart(375)) - jetty-9.4.43.v20210629; built: 2021-06-30T11:07:22.254Z; git: 526006ecfa3af7f1a27ef3a288e2bef7ea9dd7e8; jvm 1.8.0_292-b10
2021-08-15 01:17:36,220 [Listener at 127.0.0.1/41191] INFO  server.session (DefaultSessionIdManager.java:doStart(334)) - DefaultSessionIdManager workerName=node0
2021-08-15 01:17:36,220 [Listener at 127.0.0.1/41191] INFO  server.session (DefaultSessionIdManager.java:doStart(339)) - No SessionScavenger set, using defaults
2021-08-15 01:17:36,220 [Listener at 127.0.0.1/41191] INFO  server.session (HouseKeeper.java:startScavenging(132)) - node0 Scavenging every 660000ms
2021-08-15 01:17:36,221 [Listener at 127.0.0.1/41191] INFO  handler.ContextHandler (ContextHandler.java:doStart(915)) - Started o.e.j.s.ServletContextHandler@7cf66c9e{logs,/logs,file:///home/runner/work/ozone/ozone/hadoop-ozone/integration-test/target/log,AVAILABLE}
2021-08-15 01:17:36,221 [Listener at 127.0.0.1/41191] INFO  handler.ContextHandler (ContextHandler.java:doStart(915)) - Started o.e.j.s.ServletContextHandler@43ed0162{static,/static,jar:file:/home/runner/.m2/repository/org/apache/ozone/hdds-container-service/1.2.0-SNAPSHOT/hdds-container-service-1.2.0-SNAPSHOT.jar!/webapps/static,AVAILABLE}
2021-08-15 01:17:36,314 [Listener at 127.0.0.1/41191] INFO  handler.ContextHandler (ContextHandler.java:doStart(915)) - Started o.e.j.w.WebAppContext@5f7970e1{hddsDatanode,/,file:///tmp/jetty-0_0_0_0-35949-hdds-container-service-1_2_0-SNAPSHOT_jar-_-any-3064740701710211067/webapp/,AVAILABLE}{jar:file:/home/runner/.m2/repository/org/apache/ozone/hdds-container-service/1.2.0-SNAPSHOT/hdds-container-service-1.2.0-SNAPSHOT.jar!/webapps/hddsDatanode}
2021-08-15 01:17:36,316 [Listener at 127.0.0.1/41191] INFO  server.AbstractConnector (AbstractConnector.java:doStart(331)) - Started ServerConnector@7da39a3d{HTTP/1.1, (http/1.1)}{0.0.0.0:35949}
2021-08-15 01:17:36,316 [Listener at 127.0.0.1/41191] INFO  server.Server (Server.java:doStart(415)) - Started @103794ms
2021-08-15 01:17:36,317 [Listener at 127.0.0.1/41191] WARN  impl.MetricsSystemImpl (MetricsSystemImpl.java:register(279)) - Sink prometheus already exists!
2021-08-15 01:17:36,317 [Listener at 127.0.0.1/41191] INFO  http.BaseHttpServer (BaseHttpServer.java:updateConnectorAddress(329)) - HTTP server of hddsDatanode listening at http://0.0.0.0:35949
2021-08-15 01:17:36,326 [Listener at 127.0.0.1/41191] WARN  impl.MetricRegistriesImpl (MetricRegistriesImpl.java:addReporterRegistration(111)) - New reporters are added after registries were created. Some metrics will be missing from the reporter. Please add reporter before adding any new registry.
2021-08-15 01:17:36,326 [Listener at 127.0.0.1/41191] WARN  impl.MetricRegistriesImpl (MetricRegistriesImpl.java:addReporterRegistration(111)) - New reporters are added after registries were created. Some metrics will be missing from the reporter. Please add reporter before adding any new registry.
2021-08-15 01:17:36,327 [Listener at 127.0.0.1/41191] INFO  impl.MetricsSystemImpl (MetricsSystemImpl.java:init(158)) - HddsDatanode metrics system started (again)
2021-08-15 01:17:36,374 [org.apache.hadoop.util.JvmPauseMonitor$Monitor@3987e95c] INFO  util.JvmPauseMonitor (JvmPauseMonitor.java:run(188)) - Starting JVM pause monitor
2021-08-15 01:17:36,398 [Listener at 127.0.0.1/41191] INFO  ozone.HddsDatanodeService (HddsDatanodeService.java:start(234)) - HddsDatanodeService host:fv-az122-443.zf1tlrj3kn4expqppa1j4mpycf.xx.internal.cloudapp.net ip:10.1.0.43
2021-08-15 01:17:36,476 [Datanode State Machine Task Thread - 0] INFO  datanode.InitDatanodeState (InitDatanodeState.java:persistContainerDatanodeDetails(145)) - DatanodeDetails is persisted to /home/runner/work/ozone/ozone/hadoop-ozone/integration-test/target/test-dir/MiniOzoneClusterImpl-d2e0817b-7a27-4795-9ea2-3152af8552da/datanode-0/meta/datanode.id
2021-08-15 01:17:36,532 [Listener at 127.0.0.1/41191] INFO  upgrade.AbstractLayoutVersionManager (AbstractLayoutVersionManager.java:init(70)) - Initializing Layout version manager with metadata layout = SCM_HA (version = 2), software layout = SCM_HA (version = 2)
2021-08-15 01:17:36,598 [Listener at 127.0.0.1/41191] INFO  reflections.Reflections (Reflections.java:scan(232)) - Reflections took 65 ms to scan 7 urls, producing 120 keys and 275 values 
2021-08-15 01:17:36,610 [Listener at 127.0.0.1/41191] INFO  volume.HddsVolume (HddsVolume.java:<init>(120)) - Creating HddsVolume: /home/runner/work/ozone/ozone/hadoop-ozone/integration-test/target/test-dir/MiniOzoneClusterImpl-d2e0817b-7a27-4795-9ea2-3152af8552da/datanode-1/data-0/containers/hdds of storage type : DISK capacity : 9223372036854775807
2021-08-15 01:17:36,610 [Listener at 127.0.0.1/41191] INFO  volume.MutableVolumeSet (MutableVolumeSet.java:initializeVolumeSet(181)) - Added Volume : /home/runner/work/ozone/ozone/hadoop-ozone/integration-test/target/test-dir/MiniOzoneClusterImpl-d2e0817b-7a27-4795-9ea2-3152af8552da/datanode-1/data-0/containers/hdds to VolumeSet
2021-08-15 01:17:36,610 [Listener at 127.0.0.1/41191] INFO  volume.ThrottledAsyncChecker (ThrottledAsyncChecker.java:schedule(141)) - Scheduling a check for /home/runner/work/ozone/ozone/hadoop-ozone/integration-test/target/test-dir/MiniOzoneClusterImpl-d2e0817b-7a27-4795-9ea2-3152af8552da/datanode-1/data-0/containers/hdds
2021-08-15 01:17:36,635 [Listener at 127.0.0.1/41191] INFO  volume.StorageVolumeChecker (StorageVolumeChecker.java:checkAllVolumes(202)) - Scheduled health check for volume /home/runner/work/ozone/ozone/hadoop-ozone/integration-test/target/test-dir/MiniOzoneClusterImpl-d2e0817b-7a27-4795-9ea2-3152af8552da/datanode-1/data-0/containers/hdds
2021-08-15 01:17:36,672 [Listener at 127.0.0.1/41191] INFO  volume.MutableVolumeSet (MutableVolumeSet.java:initializeVolumeSet(181)) - Added Volume : /home/runner/work/ozone/ozone/hadoop-ozone/integration-test/target/test-dir/MiniOzoneClusterImpl-d2e0817b-7a27-4795-9ea2-3152af8552da/datanode-1/data/ratis to VolumeSet
2021-08-15 01:17:36,672 [Listener at 127.0.0.1/41191] INFO  volume.ThrottledAsyncChecker (ThrottledAsyncChecker.java:schedule(141)) - Scheduling a check for /home/runner/work/ozone/ozone/hadoop-ozone/integration-test/target/test-dir/MiniOzoneClusterImpl-d2e0817b-7a27-4795-9ea2-3152af8552da/datanode-1/data/ratis
2021-08-15 01:17:36,673 [Listener at 127.0.0.1/41191] INFO  volume.StorageVolumeChecker (StorageVolumeChecker.java:checkAllVolumes(202)) - Scheduled health check for volume /home/runner/work/ozone/ozone/hadoop-ozone/integration-test/target/test-dir/MiniOzoneClusterImpl-d2e0817b-7a27-4795-9ea2-3152af8552da/datanode-1/data/ratis
2021-08-15 01:17:36,719 [Listener at 127.0.0.1/41191] INFO  ozoneimpl.ContainerReader (ContainerReader.java:<init>(98)) - Running in upgrade mode:true
2021-08-15 01:17:36,731 [Thread-894] INFO  ozoneimpl.ContainerReader (ContainerReader.java:readVolume(142)) - Start to verify containers on volume /home/runner/work/ozone/ozone/hadoop-ozone/integration-test/target/test-dir/MiniOzoneClusterImpl-d2e0817b-7a27-4795-9ea2-3152af8552da/datanode-1/data-0/containers/hdds
2021-08-15 01:17:36,731 [Thread-894] INFO  ozoneimpl.ContainerReader (ContainerReader.java:readVolume(174)) - Finish verifying containers on volume /home/runner/work/ozone/ozone/hadoop-ozone/integration-test/target/test-dir/MiniOzoneClusterImpl-d2e0817b-7a27-4795-9ea2-3152af8552da/datanode-1/data-0/containers/hdds
2021-08-15 01:17:36,731 [Listener at 127.0.0.1/41191] INFO  ozoneimpl.OzoneContainer (OzoneContainer.java:buildContainerSet(237)) - Build ContainerSet costs 0s
2021-08-15 01:17:36,733 [Listener at 127.0.0.1/41191] INFO  server.RaftServer (ConfUtils.java:logGet(44)) - raft.rpc.type = GRPC (default)
2021-08-15 01:17:36,733 [Listener at 127.0.0.1/41191] INFO  grpc.GrpcFactory (GrpcFactory.java:checkPooledByteBufAllocatorUseCacheForAllThreads(48)) - PERFORMANCE WARNING: useCacheForAllThreads is true that may cause Netty to create a lot garbage objects and, as a result, trigger GC.
	It is recommended to disable useCacheForAllThreads by setting -Dorg.apache.ratis.thirdparty.io.netty.allocator.useCacheForAllThreads=false in command line.
2021-08-15 01:17:36,733 [Listener at 127.0.0.1/41191] INFO  grpc.GrpcConfigKeys (ConfUtils.java:logGet(44)) - raft.grpc.admin.port = 0 (custom)
2021-08-15 01:17:36,733 [Listener at 127.0.0.1/41191] INFO  grpc.GrpcConfigKeys (ConfUtils.java:logGet(44)) - raft.grpc.client.port = 0 (custom)
2021-08-15 01:17:36,733 [Listener at 127.0.0.1/41191] INFO  grpc.GrpcConfigKeys (ConfUtils.java:logGet(44)) - raft.grpc.server.port = 0 (default)
2021-08-15 01:17:36,733 [Listener at 127.0.0.1/41191] INFO  server.GrpcService (ConfUtils.java:logGet(44)) - raft.grpc.message.size.max = 32MB (=33554432) (custom)
2021-08-15 01:17:36,733 [Listener at 127.0.0.1/41191] INFO  server.RaftServerConfigKeys (ConfUtils.java:logGet(44)) - raft.server.log.appender.buffer.byte-limit = 33554432 (custom)
2021-08-15 01:17:36,733 [Listener at 127.0.0.1/41191] INFO  server.GrpcService (ConfUtils.java:logGet(44)) - raft.grpc.flow.control.window = 5MB (=5242880) (custom)
2021-08-15 01:17:36,733 [Listener at 127.0.0.1/41191] INFO  server.RaftServerConfigKeys (ConfUtils.java:logGet(44)) - raft.server.rpc.request.timeout = 60s (custom)
2021-08-15 01:17:36,735 [Listener at 127.0.0.1/41191] INFO  impl.DataStreamServerImpl (ConfUtils.java:logGet(44)) - raft.datastream.type = DISABLED (default)
2021-08-15 01:17:36,735 [Listener at 127.0.0.1/41191] INFO  server.RaftServerConfigKeys (ConfUtils.java:logGet(44)) - raft.server.rpc.slowness.timeout = 300s (custom)
2021-08-15 01:17:36,735 [Listener at 127.0.0.1/41191] INFO  server.RaftServerConfigKeys (ConfUtils.java:logGet(44)) - raft.server.leaderelection.leader.step-down.wait-time = 10s (default)
2021-08-15 01:17:36,735 [Listener at 127.0.0.1/41191] INFO  server.RaftServerConfigKeys (ConfUtils.java:logGet(44)) - raft.server.storage.dir = [/home/runner/work/ozone/ozone/hadoop-ozone/integration-test/target/test-dir/MiniOzoneClusterImpl-d2e0817b-7a27-4795-9ea2-3152af8552da/datanode-1/data/ratis] (custom)
2021-08-15 01:17:36,739 [Listener at 127.0.0.1/41191] INFO  http.BaseHttpServer (BaseHttpServer.java:newHttpServer2BuilderForOzone(209)) - Starting Web-server for hddsDatanode at: http://0.0.0.0:0
2021-08-15 01:17:36,740 [Listener at 127.0.0.1/41191] INFO  http.BaseHttpServer (BaseHttpServer.java:<init>(107)) - Hadoop Security Enabled: false Ozone Security Enabled: false Ozone HTTP Security Enabled: false 
2021-08-15 01:17:36,740 [Listener at 127.0.0.1/41191] INFO  server.AuthenticationFilter (AuthenticationFilter.java:constructSecretProvider(240)) - Unable to initialize FileSignerSecretProvider, falling back to use random secrets.
2021-08-15 01:17:36,741 [Listener at 127.0.0.1/41191] WARN  http.HttpRequestLog (HttpRequestLog.java:getRequestLog(103)) - Jetty request log can only be enabled using Log4j
2021-08-15 01:17:36,741 [Listener at 127.0.0.1/41191] INFO  http.HttpServer2 (HttpServer2.java:addGlobalFilter(1020)) - Added global filter 'safety' (class=org.apache.hadoop.hdds.server.http.HttpServer2$QuotingInputFilter)
2021-08-15 01:17:36,742 [Listener at 127.0.0.1/41191] INFO  http.HttpServer2 (HttpServer2.java:addFilter(996)) - Added filter static_user_filter (class=org.apache.hadoop.http.lib.StaticUserWebFilter$StaticUserFilter) to context hddsDatanode
2021-08-15 01:17:36,742 [Listener at 127.0.0.1/41191] INFO  http.HttpServer2 (HttpServer2.java:addFilter(1004)) - Added filter static_user_filter (class=org.apache.hadoop.http.lib.StaticUserWebFilter$StaticUserFilter) to context static
2021-08-15 01:17:36,742 [Listener at 127.0.0.1/41191] INFO  http.HttpServer2 (HttpServer2.java:addFilter(1004)) - Added filter static_user_filter (class=org.apache.hadoop.http.lib.StaticUserWebFilter$StaticUserFilter) to context logs
2021-08-15 01:17:36,742 [Listener at 127.0.0.1/41191] INFO  http.HttpServer2 (HttpServer2.java:bindListener(1239)) - Jetty bound to port 34433
2021-08-15 01:17:36,742 [Listener at 127.0.0.1/41191] INFO  server.Server (Server.java:doStart(375)) - jetty-9.4.43.v20210629; built: 2021-06-30T11:07:22.254Z; git: 526006ecfa3af7f1a27ef3a288e2bef7ea9dd7e8; jvm 1.8.0_292-b10
2021-08-15 01:17:36,744 [Listener at 127.0.0.1/41191] INFO  server.session (DefaultSessionIdManager.java:doStart(334)) - DefaultSessionIdManager workerName=node0
2021-08-15 01:17:36,744 [Listener at 127.0.0.1/41191] INFO  server.session (DefaultSessionIdManager.java:doStart(339)) - No SessionScavenger set, using defaults
2021-08-15 01:17:36,744 [Listener at 127.0.0.1/41191] INFO  server.session (HouseKeeper.java:startScavenging(132)) - node0 Scavenging every 660000ms
2021-08-15 01:17:36,745 [Listener at 127.0.0.1/41191] INFO  handler.ContextHandler (ContextHandler.java:doStart(915)) - Started o.e.j.s.ServletContextHandler@364d7233{logs,/logs,file:///home/runner/work/ozone/ozone/hadoop-ozone/integration-test/target/log,AVAILABLE}
2021-08-15 01:17:36,745 [Listener at 127.0.0.1/41191] INFO  handler.ContextHandler (ContextHandler.java:doStart(915)) - Started o.e.j.s.ServletContextHandler@27cbcc29{static,/static,jar:file:/home/runner/.m2/repository/org/apache/ozone/hdds-container-service/1.2.0-SNAPSHOT/hdds-container-service-1.2.0-SNAPSHOT.jar!/webapps/static,AVAILABLE}
2021-08-15 01:17:36,805 [Listener at 127.0.0.1/41191] INFO  handler.ContextHandler (ContextHandler.java:doStart(915)) - Started o.e.j.w.WebAppContext@1912b4b6{hddsDatanode,/,file:///tmp/jetty-0_0_0_0-34433-hdds-container-service-1_2_0-SNAPSHOT_jar-_-any-4383802824705404966/webapp/,AVAILABLE}{jar:file:/home/runner/.m2/repository/org/apache/ozone/hdds-container-service/1.2.0-SNAPSHOT/hdds-container-service-1.2.0-SNAPSHOT.jar!/webapps/hddsDatanode}
2021-08-15 01:17:36,819 [Listener at 127.0.0.1/41191] INFO  server.AbstractConnector (AbstractConnector.java:doStart(331)) - Started ServerConnector@27b795d3{HTTP/1.1, (http/1.1)}{0.0.0.0:34433}
2021-08-15 01:17:36,819 [Listener at 127.0.0.1/41191] INFO  server.Server (Server.java:doStart(415)) - Started @104297ms
2021-08-15 01:17:36,819 [Listener at 127.0.0.1/41191] WARN  impl.MetricsSystemImpl (MetricsSystemImpl.java:register(279)) - Sink prometheus already exists!
2021-08-15 01:17:36,820 [Listener at 127.0.0.1/41191] INFO  http.BaseHttpServer (BaseHttpServer.java:updateConnectorAddress(329)) - HTTP server of hddsDatanode listening at http://0.0.0.0:34433
2021-08-15 01:17:36,820 [Listener at 127.0.0.1/41191] WARN  impl.MetricRegistriesImpl (MetricRegistriesImpl.java:addReporterRegistration(111)) - New reporters are added after registries were created. Some metrics will be missing from the reporter. Please add reporter before adding any new registry.
2021-08-15 01:17:36,820 [Listener at 127.0.0.1/41191] WARN  impl.MetricRegistriesImpl (MetricRegistriesImpl.java:addReporterRegistration(111)) - New reporters are added after registries were created. Some metrics will be missing from the reporter. Please add reporter before adding any new registry.
2021-08-15 01:17:36,820 [Listener at 127.0.0.1/41191] INFO  impl.MetricsSystemImpl (MetricsSystemImpl.java:init(158)) - HddsDatanode metrics system started (again)
2021-08-15 01:17:36,842 [Listener at 127.0.0.1/41191] INFO  ozone.HddsDatanodeService (HddsDatanodeService.java:start(234)) - HddsDatanodeService host:fv-az122-443.zf1tlrj3kn4expqppa1j4mpycf.xx.internal.cloudapp.net ip:10.1.0.43
2021-08-15 01:17:36,867 [org.apache.hadoop.util.JvmPauseMonitor$Monitor@6c35c8c9] INFO  util.JvmPauseMonitor (JvmPauseMonitor.java:run(188)) - Starting JVM pause monitor
2021-08-15 01:17:36,893 [Listener at 127.0.0.1/41191] INFO  upgrade.AbstractLayoutVersionManager (AbstractLayoutVersionManager.java:init(70)) - Initializing Layout version manager with metadata layout = SCM_HA (version = 2), software layout = SCM_HA (version = 2)
2021-08-15 01:17:36,938 [Listener at 127.0.0.1/41191] INFO  reflections.Reflections (Reflections.java:scan(232)) - Reflections took 44 ms to scan 7 urls, producing 120 keys and 275 values 
2021-08-15 01:17:36,945 [Listener at 127.0.0.1/41191] INFO  volume.HddsVolume (HddsVolume.java:<init>(120)) - Creating HddsVolume: /home/runner/work/ozone/ozone/hadoop-ozone/integration-test/target/test-dir/MiniOzoneClusterImpl-d2e0817b-7a27-4795-9ea2-3152af8552da/datanode-2/data-0/containers/hdds of storage type : DISK capacity : 9223372036854775807
2021-08-15 01:17:36,950 [Listener at 127.0.0.1/41191] INFO  volume.MutableVolumeSet (MutableVolumeSet.java:initializeVolumeSet(181)) - Added Volume : /home/runner/work/ozone/ozone/hadoop-ozone/integration-test/target/test-dir/MiniOzoneClusterImpl-d2e0817b-7a27-4795-9ea2-3152af8552da/datanode-2/data-0/containers/hdds to VolumeSet
2021-08-15 01:17:36,951 [Listener at 127.0.0.1/41191] INFO  volume.ThrottledAsyncChecker (ThrottledAsyncChecker.java:schedule(141)) - Scheduling a check for /home/runner/work/ozone/ozone/hadoop-ozone/integration-test/target/test-dir/MiniOzoneClusterImpl-d2e0817b-7a27-4795-9ea2-3152af8552da/datanode-2/data-0/containers/hdds
2021-08-15 01:17:36,947 [Datanode State Machine Task Thread - 0] INFO  datanode.InitDatanodeState (InitDatanodeState.java:persistContainerDatanodeDetails(145)) - DatanodeDetails is persisted to /home/runner/work/ozone/ozone/hadoop-ozone/integration-test/target/test-dir/MiniOzoneClusterImpl-d2e0817b-7a27-4795-9ea2-3152af8552da/datanode-1/meta/datanode.id
2021-08-15 01:17:36,951 [Listener at 127.0.0.1/41191] INFO  volume.StorageVolumeChecker (StorageVolumeChecker.java:checkAllVolumes(202)) - Scheduled health check for volume /home/runner/work/ozone/ozone/hadoop-ozone/integration-test/target/test-dir/MiniOzoneClusterImpl-d2e0817b-7a27-4795-9ea2-3152af8552da/datanode-2/data-0/containers/hdds
2021-08-15 01:17:36,974 [Listener at 127.0.0.1/41191] INFO  volume.MutableVolumeSet (MutableVolumeSet.java:initializeVolumeSet(181)) - Added Volume : /home/runner/work/ozone/ozone/hadoop-ozone/integration-test/target/test-dir/MiniOzoneClusterImpl-d2e0817b-7a27-4795-9ea2-3152af8552da/datanode-2/data/ratis to VolumeSet
2021-08-15 01:17:36,974 [Listener at 127.0.0.1/41191] INFO  volume.ThrottledAsyncChecker (ThrottledAsyncChecker.java:schedule(141)) - Scheduling a check for /home/runner/work/ozone/ozone/hadoop-ozone/integration-test/target/test-dir/MiniOzoneClusterImpl-d2e0817b-7a27-4795-9ea2-3152af8552da/datanode-2/data/ratis
2021-08-15 01:17:36,975 [Listener at 127.0.0.1/41191] INFO  volume.StorageVolumeChecker (StorageVolumeChecker.java:checkAllVolumes(202)) - Scheduled health check for volume /home/runner/work/ozone/ozone/hadoop-ozone/integration-test/target/test-dir/MiniOzoneClusterImpl-d2e0817b-7a27-4795-9ea2-3152af8552da/datanode-2/data/ratis
2021-08-15 01:17:36,985 [Listener at 127.0.0.1/41191] INFO  ozoneimpl.ContainerReader (ContainerReader.java:<init>(98)) - Running in upgrade mode:true
2021-08-15 01:17:36,987 [Thread-906] INFO  ozoneimpl.ContainerReader (ContainerReader.java:readVolume(142)) - Start to verify containers on volume /home/runner/work/ozone/ozone/hadoop-ozone/integration-test/target/test-dir/MiniOzoneClusterImpl-d2e0817b-7a27-4795-9ea2-3152af8552da/datanode-2/data-0/containers/hdds
2021-08-15 01:17:36,987 [Thread-906] INFO  ozoneimpl.ContainerReader (ContainerReader.java:readVolume(174)) - Finish verifying containers on volume /home/runner/work/ozone/ozone/hadoop-ozone/integration-test/target/test-dir/MiniOzoneClusterImpl-d2e0817b-7a27-4795-9ea2-3152af8552da/datanode-2/data-0/containers/hdds
2021-08-15 01:17:36,987 [Listener at 127.0.0.1/41191] INFO  ozoneimpl.OzoneContainer (OzoneContainer.java:buildContainerSet(237)) - Build ContainerSet costs 0s
2021-08-15 01:17:36,989 [Listener at 127.0.0.1/41191] INFO  server.RaftServer (ConfUtils.java:logGet(44)) - raft.rpc.type = GRPC (default)
2021-08-15 01:17:36,989 [Listener at 127.0.0.1/41191] INFO  grpc.GrpcFactory (GrpcFactory.java:checkPooledByteBufAllocatorUseCacheForAllThreads(48)) - PERFORMANCE WARNING: useCacheForAllThreads is true that may cause Netty to create a lot garbage objects and, as a result, trigger GC.
	It is recommended to disable useCacheForAllThreads by setting -Dorg.apache.ratis.thirdparty.io.netty.allocator.useCacheForAllThreads=false in command line.
2021-08-15 01:17:36,989 [Listener at 127.0.0.1/41191] INFO  grpc.GrpcConfigKeys (ConfUtils.java:logGet(44)) - raft.grpc.admin.port = 0 (custom)
2021-08-15 01:17:36,989 [Listener at 127.0.0.1/41191] INFO  grpc.GrpcConfigKeys (ConfUtils.java:logGet(44)) - raft.grpc.client.port = 0 (custom)
2021-08-15 01:17:36,989 [Listener at 127.0.0.1/41191] INFO  grpc.GrpcConfigKeys (ConfUtils.java:logGet(44)) - raft.grpc.server.port = 0 (default)
2021-08-15 01:17:36,989 [Listener at 127.0.0.1/41191] INFO  server.GrpcService (ConfUtils.java:logGet(44)) - raft.grpc.message.size.max = 32MB (=33554432) (custom)
2021-08-15 01:17:36,989 [Listener at 127.0.0.1/41191] INFO  server.RaftServerConfigKeys (ConfUtils.java:logGet(44)) - raft.server.log.appender.buffer.byte-limit = 33554432 (custom)
2021-08-15 01:17:36,990 [Listener at 127.0.0.1/41191] INFO  server.GrpcService (ConfUtils.java:logGet(44)) - raft.grpc.flow.control.window = 5MB (=5242880) (custom)
2021-08-15 01:17:36,990 [Listener at 127.0.0.1/41191] INFO  server.RaftServerConfigKeys (ConfUtils.java:logGet(44)) - raft.server.rpc.request.timeout = 60s (custom)
2021-08-15 01:17:36,991 [Listener at 127.0.0.1/41191] INFO  impl.DataStreamServerImpl (ConfUtils.java:logGet(44)) - raft.datastream.type = DISABLED (default)
2021-08-15 01:17:36,991 [Listener at 127.0.0.1/41191] INFO  server.RaftServerConfigKeys (ConfUtils.java:logGet(44)) - raft.server.rpc.slowness.timeout = 300s (custom)
2021-08-15 01:17:36,991 [Listener at 127.0.0.1/41191] INFO  server.RaftServerConfigKeys (ConfUtils.java:logGet(44)) - raft.server.leaderelection.leader.step-down.wait-time = 10s (default)
2021-08-15 01:17:36,991 [Listener at 127.0.0.1/41191] INFO  server.RaftServerConfigKeys (ConfUtils.java:logGet(44)) - raft.server.storage.dir = [/home/runner/work/ozone/ozone/hadoop-ozone/integration-test/target/test-dir/MiniOzoneClusterImpl-d2e0817b-7a27-4795-9ea2-3152af8552da/datanode-2/data/ratis] (custom)
2021-08-15 01:17:36,995 [Listener at 127.0.0.1/41191] INFO  http.BaseHttpServer (BaseHttpServer.java:newHttpServer2BuilderForOzone(209)) - Starting Web-server for hddsDatanode at: http://0.0.0.0:0
2021-08-15 01:17:36,996 [Listener at 127.0.0.1/41191] INFO  http.BaseHttpServer (BaseHttpServer.java:<init>(107)) - Hadoop Security Enabled: false Ozone Security Enabled: false Ozone HTTP Security Enabled: false 
2021-08-15 01:17:36,996 [Listener at 127.0.0.1/41191] INFO  server.AuthenticationFilter (AuthenticationFilter.java:constructSecretProvider(240)) - Unable to initialize FileSignerSecretProvider, falling back to use random secrets.
2021-08-15 01:17:36,997 [Listener at 127.0.0.1/41191] WARN  http.HttpRequestLog (HttpRequestLog.java:getRequestLog(103)) - Jetty request log can only be enabled using Log4j
2021-08-15 01:17:36,997 [Listener at 127.0.0.1/41191] INFO  http.HttpServer2 (HttpServer2.java:addGlobalFilter(1020)) - Added global filter 'safety' (class=org.apache.hadoop.hdds.server.http.HttpServer2$QuotingInputFilter)
2021-08-15 01:17:36,998 [Listener at 127.0.0.1/41191] INFO  http.HttpServer2 (HttpServer2.java:addFilter(996)) - Added filter static_user_filter (class=org.apache.hadoop.http.lib.StaticUserWebFilter$StaticUserFilter) to context hddsDatanode
2021-08-15 01:17:36,998 [Listener at 127.0.0.1/41191] INFO  http.HttpServer2 (HttpServer2.java:addFilter(1004)) - Added filter static_user_filter (class=org.apache.hadoop.http.lib.StaticUserWebFilter$StaticUserFilter) to context logs
2021-08-15 01:17:36,998 [Listener at 127.0.0.1/41191] INFO  http.HttpServer2 (HttpServer2.java:addFilter(1004)) - Added filter static_user_filter (class=org.apache.hadoop.http.lib.StaticUserWebFilter$StaticUserFilter) to context static
2021-08-15 01:17:36,998 [Listener at 127.0.0.1/41191] INFO  http.HttpServer2 (HttpServer2.java:bindListener(1239)) - Jetty bound to port 35613
2021-08-15 01:17:36,998 [Listener at 127.0.0.1/41191] INFO  server.Server (Server.java:doStart(375)) - jetty-9.4.43.v20210629; built: 2021-06-30T11:07:22.254Z; git: 526006ecfa3af7f1a27ef3a288e2bef7ea9dd7e8; jvm 1.8.0_292-b10
2021-08-15 01:17:36,999 [Listener at 127.0.0.1/41191] INFO  server.session (DefaultSessionIdManager.java:doStart(334)) - DefaultSessionIdManager workerName=node0
2021-08-15 01:17:37,000 [Listener at 127.0.0.1/41191] INFO  server.session (DefaultSessionIdManager.java:doStart(339)) - No SessionScavenger set, using defaults
2021-08-15 01:17:37,000 [Listener at 127.0.0.1/41191] INFO  server.session (HouseKeeper.java:startScavenging(132)) - node0 Scavenging every 660000ms
2021-08-15 01:17:37,000 [Listener at 127.0.0.1/41191] INFO  handler.ContextHandler (ContextHandler.java:doStart(915)) - Started o.e.j.s.ServletContextHandler@2e247808{logs,/logs,file:///home/runner/work/ozone/ozone/hadoop-ozone/integration-test/target/log,AVAILABLE}
2021-08-15 01:17:37,000 [Listener at 127.0.0.1/41191] INFO  handler.ContextHandler (ContextHandler.java:doStart(915)) - Started o.e.j.s.ServletContextHandler@6e8871a5{static,/static,jar:file:/home/runner/.m2/repository/org/apache/ozone/hdds-container-service/1.2.0-SNAPSHOT/hdds-container-service-1.2.0-SNAPSHOT.jar!/webapps/static,AVAILABLE}
2021-08-15 01:17:37,046 [Listener at 127.0.0.1/41191] INFO  handler.ContextHandler (ContextHandler.java:doStart(915)) - Started o.e.j.w.WebAppContext@5c0d0c7e{hddsDatanode,/,file:///tmp/jetty-0_0_0_0-35613-hdds-container-service-1_2_0-SNAPSHOT_jar-_-any-6482453482711657877/webapp/,AVAILABLE}{jar:file:/home/runner/.m2/repository/org/apache/ozone/hdds-container-service/1.2.0-SNAPSHOT/hdds-container-service-1.2.0-SNAPSHOT.jar!/webapps/hddsDatanode}
2021-08-15 01:17:37,048 [Listener at 127.0.0.1/41191] INFO  server.AbstractConnector (AbstractConnector.java:doStart(331)) - Started ServerConnector@853ce0b{HTTP/1.1, (http/1.1)}{0.0.0.0:35613}
2021-08-15 01:17:37,053 [Listener at 127.0.0.1/41191] INFO  server.Server (Server.java:doStart(415)) - Started @104526ms
2021-08-15 01:17:37,053 [Listener at 127.0.0.1/41191] WARN  impl.MetricsSystemImpl (MetricsSystemImpl.java:register(279)) - Sink prometheus already exists!
2021-08-15 01:17:37,054 [Listener at 127.0.0.1/41191] INFO  http.BaseHttpServer (BaseHttpServer.java:updateConnectorAddress(329)) - HTTP server of hddsDatanode listening at http://0.0.0.0:35613
2021-08-15 01:17:37,054 [Listener at 127.0.0.1/41191] INFO  ozone.MiniOzoneClusterImpl (MiniOzoneClusterImpl.java:lambda$waitForClusterToBeReady$0(235)) - Waiting for nodes to be ready. Got 0 of 3 DN Heartbeats.
2021-08-15 01:17:37,055 [Listener at 127.0.0.1/41191] INFO  ozone.MiniOzoneClusterImpl (MiniOzoneClusterImpl.java:lambda$waitForClusterToBeReady$0(238)) - Waiting for cluster to exit safe mode
2021-08-15 01:17:37,055 [Listener at 127.0.0.1/41191] INFO  ozone.MiniOzoneClusterImpl (MiniOzoneClusterImpl.java:lambda$waitForClusterToBeReady$0(240)) - SCM became leader
2021-08-15 01:17:37,074 [org.apache.hadoop.util.JvmPauseMonitor$Monitor@1be58ba] INFO  util.JvmPauseMonitor (JvmPauseMonitor.java:run(188)) - Starting JVM pause monitor
2021-08-15 01:17:37,075 [om1@group-C5BA1605619E-FollowerState] INFO  impl.FollowerState (FollowerState.java:run(134)) - om1@group-C5BA1605619E-FollowerState: change to CANDIDATE, lastRpcElapsedTime:1257969599ns, electionTimeout:1163ms
2021-08-15 01:17:37,075 [om1@group-C5BA1605619E-FollowerState] INFO  impl.RoleInfo (RoleInfo.java:shutdownFollowerState(108)) - om1: shutdown om1@group-C5BA1605619E-FollowerState
2021-08-15 01:17:37,075 [om1@group-C5BA1605619E-FollowerState] INFO  server.RaftServer$Division (RaftServerImpl.java:setRole(285)) - om1@group-C5BA1605619E: changes role from  FOLLOWER to CANDIDATE at term 0 for changeToCandidate
2021-08-15 01:17:37,075 [om1@group-C5BA1605619E-FollowerState] INFO  server.RaftServerConfigKeys (ConfUtils.java:logGet(44)) - raft.server.leaderelection.pre-vote = false (custom)
2021-08-15 01:17:37,075 [om1@group-C5BA1605619E-FollowerState] INFO  impl.RoleInfo (RoleInfo.java:updateAndGet(130)) - om1: start om1@group-C5BA1605619E-LeaderElection29
2021-08-15 01:17:37,085 [Datanode State Machine Task Thread - 0] INFO  datanode.InitDatanodeState (InitDatanodeState.java:persistContainerDatanodeDetails(145)) - DatanodeDetails is persisted to /home/runner/work/ozone/ozone/hadoop-ozone/integration-test/target/test-dir/MiniOzoneClusterImpl-d2e0817b-7a27-4795-9ea2-3152af8552da/datanode-2/meta/datanode.id
2021-08-15 01:17:37,107 [om1@group-C5BA1605619E-LeaderElection29] INFO  impl.LeaderElection (LeaderElection.java:askForVotes(306)) - om1@group-C5BA1605619E-LeaderElection29 ELECTION round 0: submit vote requests at term 1 for -1: [om1|rpc:localhost:9872|priority:0], old=null
2021-08-15 01:17:37,107 [om1@group-C5BA1605619E-LeaderElection29] INFO  impl.LeaderElection (LeaderElection.java:askForVotes(308)) - om1@group-C5BA1605619E-LeaderElection29 ELECTION round 0: result PASSED (term=1)
2021-08-15 01:17:37,107 [om1@group-C5BA1605619E-LeaderElection29] INFO  impl.RoleInfo (RoleInfo.java:shutdownLeaderElection(121)) - om1: shutdown om1@group-C5BA1605619E-LeaderElection29
2021-08-15 01:17:37,107 [om1@group-C5BA1605619E-LeaderElection29] INFO  server.RaftServer$Division (RaftServerImpl.java:setRole(285)) - om1@group-C5BA1605619E: changes role from CANDIDATE to LEADER at term 1 for changeToLeader
2021-08-15 01:17:37,107 [om1@group-C5BA1605619E-LeaderElection29] INFO  server.RaftServer$Division (ServerState.java:setLeader(285)) - om1@group-C5BA1605619E: change Leader from null to om1 at term 1 for becomeLeader, leader elected after 1364ms
2021-08-15 01:17:37,107 [om1@group-C5BA1605619E-LeaderElection29] INFO  server.RaftServerConfigKeys (ConfUtils.java:logGet(44)) - raft.server.staging.catchup.gap = 1000 (default)
2021-08-15 01:17:37,107 [om1@group-C5BA1605619E-LeaderElection29] INFO  server.RaftServerConfigKeys (ConfUtils.java:logGet(44)) - raft.server.write.element-limit = 4096 (default)
2021-08-15 01:17:37,107 [om1@group-C5BA1605619E-LeaderElection29] INFO  server.RaftServerConfigKeys (ConfUtils.java:logGet(44)) - raft.server.write.byte-limit = 64MB (=67108864) (default)
2021-08-15 01:17:37,108 [om1@group-C5BA1605619E-LeaderElection29] INFO  server.RaftServerConfigKeys (ConfUtils.java:logGet(44)) - raft.server.watch.timeout = 10s (default)
2021-08-15 01:17:37,108 [om1@group-C5BA1605619E-LeaderElection29] INFO  server.RaftServerConfigKeys (ConfUtils.java:logGet(44)) - raft.server.watch.timeout.denomination = 1s (default)
2021-08-15 01:17:37,108 [om1@group-C5BA1605619E-LeaderElection29] INFO  server.RaftServerConfigKeys (ConfUtils.java:logGet(44)) - raft.server.watch.element-limit = 65536 (default)
2021-08-15 01:17:37,108 [om1@group-C5BA1605619E-LeaderElection29] INFO  impl.RoleInfo (RoleInfo.java:updateAndGet(130)) - om1: start om1@group-C5BA1605619E-LeaderStateImpl
2021-08-15 01:17:37,108 [om1@group-C5BA1605619E-LeaderElection29] INFO  segmented.SegmentedRaftLogWorker (SegmentedRaftLogWorker.java:startLogSegment(394)) - om1@group-C5BA1605619E-SegmentedRaftLogWorker: Starting segment from index:0
2021-08-15 01:17:37,117 [om1@group-C5BA1605619E-LeaderElection29] INFO  server.RaftServer$Division (ServerState.java:setRaftConf(387)) - om1@group-C5BA1605619E: set configuration 0: [om1|rpc:localhost:9872|admin:|client:|dataStream:|priority:0], old=null
2021-08-15 01:17:37,122 [om1@group-C5BA1605619E-SegmentedRaftLogWorker] INFO  segmented.SegmentedRaftLogWorker (SegmentedRaftLogWorker.java:execute(601)) - om1@group-C5BA1605619E-SegmentedRaftLogWorker: created new log segment /home/runner/work/ozone/ozone/hadoop-ozone/integration-test/target/test-dir/MiniOzoneClusterImpl-d2e0817b-7a27-4795-9ea2-3152af8552da/ozone-meta/ratis/bf265839-605b-3f16-9796-c5ba1605619e/current/log_inprogress_0
2021-08-15 01:17:37,124 [om1@group-C5BA1605619E-StateMachineUpdater] INFO  ratis.OzoneManagerStateMachine (OzoneManagerStateMachine.java:notifyConfigurationChanged(188)) - Received Configuration change notification from Ratis. New Peer list:
[id: "om1"
address: "localhost:9872"
]
2021-08-15 01:17:38,056 [Listener at 127.0.0.1/41191] INFO  ozone.MiniOzoneClusterImpl (MiniOzoneClusterImpl.java:lambda$waitForClusterToBeReady$0(235)) - Waiting for nodes to be ready. Got 0 of 3 DN Heartbeats.
2021-08-15 01:17:38,056 [Listener at 127.0.0.1/41191] INFO  ozone.MiniOzoneClusterImpl (MiniOzoneClusterImpl.java:lambda$waitForClusterToBeReady$0(238)) - Waiting for cluster to exit safe mode
2021-08-15 01:17:38,056 [Listener at 127.0.0.1/41191] INFO  ozone.MiniOzoneClusterImpl (MiniOzoneClusterImpl.java:lambda$waitForClusterToBeReady$0(240)) - SCM became leader
2021-08-15 01:17:38,411 [EndpointStateMachine task thread for /0.0.0.0:44541 - 0 ] INFO  ozoneimpl.OzoneContainer (OzoneContainer.java:start(305)) - Attempting to start container services.
2021-08-15 01:17:38,411 [EndpointStateMachine task thread for /0.0.0.0:44541 - 0 ] INFO  ozoneimpl.OzoneContainer (OzoneContainer.java:startContainerScrub(250)) - Background container scanner has been disabled.
2021-08-15 01:17:38,412 [EndpointStateMachine task thread for /0.0.0.0:44541 - 0 ] INFO  replication.ReplicationServer (ReplicationServer.java:start(106)) - ReplicationServer is started using port 35913
2021-08-15 01:17:38,417 [EndpointStateMachine task thread for /0.0.0.0:44541 - 0 ] INFO  ratis.XceiverServerRatis (XceiverServerRatis.java:start(482)) - Starting XceiverServerRatis 80fb03ba-aab4-4d6c-a114-0a36b49bfdbd
2021-08-15 01:17:38,426 [EndpointStateMachine task thread for /0.0.0.0:44541 - 0 ] INFO  server.RaftServer (RaftServerProxy.java:lambda$start$5(374)) - 80fb03ba-aab4-4d6c-a114-0a36b49bfdbd: start RPC server
2021-08-15 01:17:38,427 [EndpointStateMachine task thread for /0.0.0.0:44541 - 0 ] INFO  server.GrpcService (GrpcService.java:startImpl(253)) - 80fb03ba-aab4-4d6c-a114-0a36b49bfdbd: GrpcService started, listening on 35737
2021-08-15 01:17:38,427 [EndpointStateMachine task thread for /0.0.0.0:44541 - 0 ] INFO  ratis.XceiverServerRatis (XceiverServerRatis.java:getRealPort(503)) - XceiverServerRatis 80fb03ba-aab4-4d6c-a114-0a36b49bfdbd is started using port 35737 for RATIS
2021-08-15 01:17:38,427 [EndpointStateMachine task thread for /0.0.0.0:44541 - 0 ] INFO  ratis.XceiverServerRatis (XceiverServerRatis.java:getRealPort(503)) - XceiverServerRatis 80fb03ba-aab4-4d6c-a114-0a36b49bfdbd is started using port 35737 for RATIS_ADMIN
2021-08-15 01:17:38,427 [EndpointStateMachine task thread for /0.0.0.0:44541 - 0 ] INFO  ratis.XceiverServerRatis (XceiverServerRatis.java:getRealPort(503)) - XceiverServerRatis 80fb03ba-aab4-4d6c-a114-0a36b49bfdbd is started using port 35737 for RATIS_SERVER
2021-08-15 01:17:38,434 [EndpointStateMachine task thread for /0.0.0.0:44541 - 0 ] INFO  server.XceiverServerGrpc (XceiverServerGrpc.java:start(135)) - XceiverServerGrpc 80fb03ba-aab4-4d6c-a114-0a36b49bfdbd is started using port 40353
2021-08-15 01:17:38,462 [org.apache.ratis.util.JvmPauseMonitor$$Lambda$531/1550087810@27937672] INFO  util.JvmPauseMonitor (JvmPauseMonitor.java:run(103)) - JvmPauseMonitor-80fb03ba-aab4-4d6c-a114-0a36b49bfdbd: Started
2021-08-15 01:17:38,880 [EndpointStateMachine task thread for /0.0.0.0:44541 - 0 ] INFO  ozoneimpl.OzoneContainer (OzoneContainer.java:start(305)) - Attempting to start container services.
2021-08-15 01:17:38,880 [EndpointStateMachine task thread for /0.0.0.0:44541 - 0 ] INFO  ozoneimpl.OzoneContainer (OzoneContainer.java:startContainerScrub(250)) - Background container scanner has been disabled.
2021-08-15 01:17:38,881 [EndpointStateMachine task thread for /0.0.0.0:44541 - 0 ] INFO  replication.ReplicationServer (ReplicationServer.java:start(106)) - ReplicationServer is started using port 35633
2021-08-15 01:17:38,882 [EndpointStateMachine task thread for /0.0.0.0:44541 - 0 ] INFO  ratis.XceiverServerRatis (XceiverServerRatis.java:start(482)) - Starting XceiverServerRatis 65295508-def1-4def-8cfe-b2ee89df246c
2021-08-15 01:17:38,902 [EndpointStateMachine task thread for /0.0.0.0:44541 - 0 ] INFO  server.RaftServer (RaftServerProxy.java:lambda$start$5(374)) - 65295508-def1-4def-8cfe-b2ee89df246c: start RPC server
2021-08-15 01:17:38,903 [EndpointStateMachine task thread for /0.0.0.0:44541 - 0 ] INFO  server.GrpcService (GrpcService.java:startImpl(253)) - 65295508-def1-4def-8cfe-b2ee89df246c: GrpcService started, listening on 38387
2021-08-15 01:17:38,909 [EndpointStateMachine task thread for /0.0.0.0:44541 - 0 ] INFO  ratis.XceiverServerRatis (XceiverServerRatis.java:getRealPort(503)) - XceiverServerRatis 65295508-def1-4def-8cfe-b2ee89df246c is started using port 38387 for RATIS
2021-08-15 01:17:38,909 [EndpointStateMachine task thread for /0.0.0.0:44541 - 0 ] INFO  ratis.XceiverServerRatis (XceiverServerRatis.java:getRealPort(503)) - XceiverServerRatis 65295508-def1-4def-8cfe-b2ee89df246c is started using port 38387 for RATIS_ADMIN
2021-08-15 01:17:38,909 [EndpointStateMachine task thread for /0.0.0.0:44541 - 0 ] INFO  ratis.XceiverServerRatis (XceiverServerRatis.java:getRealPort(503)) - XceiverServerRatis 65295508-def1-4def-8cfe-b2ee89df246c is started using port 38387 for RATIS_SERVER
2021-08-15 01:17:38,909 [EndpointStateMachine task thread for /0.0.0.0:44541 - 0 ] INFO  server.XceiverServerGrpc (XceiverServerGrpc.java:start(135)) - XceiverServerGrpc 65295508-def1-4def-8cfe-b2ee89df246c is started using port 37285
2021-08-15 01:17:38,918 [org.apache.ratis.util.JvmPauseMonitor$$Lambda$531/1550087810@1f5e7031] INFO  util.JvmPauseMonitor (JvmPauseMonitor.java:run(103)) - JvmPauseMonitor-65295508-def1-4def-8cfe-b2ee89df246c: Started
2021-08-15 01:17:39,056 [Listener at 127.0.0.1/41191] INFO  ozone.MiniOzoneClusterImpl (MiniOzoneClusterImpl.java:lambda$waitForClusterToBeReady$0(235)) - Waiting for nodes to be ready. Got 0 of 3 DN Heartbeats.
2021-08-15 01:17:39,056 [Listener at 127.0.0.1/41191] INFO  ozone.MiniOzoneClusterImpl (MiniOzoneClusterImpl.java:lambda$waitForClusterToBeReady$0(238)) - Waiting for cluster to exit safe mode
2021-08-15 01:17:39,056 [Listener at 127.0.0.1/41191] INFO  ozone.MiniOzoneClusterImpl (MiniOzoneClusterImpl.java:lambda$waitForClusterToBeReady$0(240)) - SCM became leader
2021-08-15 01:17:39,080 [EndpointStateMachine task thread for /0.0.0.0:44541 - 0 ] INFO  ozoneimpl.OzoneContainer (OzoneContainer.java:start(305)) - Attempting to start container services.
2021-08-15 01:17:39,080 [EndpointStateMachine task thread for /0.0.0.0:44541 - 0 ] INFO  ozoneimpl.OzoneContainer (OzoneContainer.java:startContainerScrub(250)) - Background container scanner has been disabled.
2021-08-15 01:17:39,081 [EndpointStateMachine task thread for /0.0.0.0:44541 - 0 ] INFO  replication.ReplicationServer (ReplicationServer.java:start(106)) - ReplicationServer is started using port 40859
2021-08-15 01:17:39,098 [EndpointStateMachine task thread for /0.0.0.0:44541 - 0 ] INFO  ratis.XceiverServerRatis (XceiverServerRatis.java:start(482)) - Starting XceiverServerRatis de46658e-6de7-45a1-81e4-0d2091b7d264
2021-08-15 01:17:39,099 [EndpointStateMachine task thread for /0.0.0.0:44541 - 0 ] INFO  server.RaftServer (RaftServerProxy.java:lambda$start$5(374)) - de46658e-6de7-45a1-81e4-0d2091b7d264: start RPC server
2021-08-15 01:17:39,100 [EndpointStateMachine task thread for /0.0.0.0:44541 - 0 ] INFO  server.GrpcService (GrpcService.java:startImpl(253)) - de46658e-6de7-45a1-81e4-0d2091b7d264: GrpcService started, listening on 36647
2021-08-15 01:17:39,130 [EndpointStateMachine task thread for /0.0.0.0:44541 - 0 ] INFO  ratis.XceiverServerRatis (XceiverServerRatis.java:getRealPort(503)) - XceiverServerRatis de46658e-6de7-45a1-81e4-0d2091b7d264 is started using port 36647 for RATIS
2021-08-15 01:17:39,130 [EndpointStateMachine task thread for /0.0.0.0:44541 - 0 ] INFO  ratis.XceiverServerRatis (XceiverServerRatis.java:getRealPort(503)) - XceiverServerRatis de46658e-6de7-45a1-81e4-0d2091b7d264 is started using port 36647 for RATIS_ADMIN
2021-08-15 01:17:39,130 [EndpointStateMachine task thread for /0.0.0.0:44541 - 0 ] INFO  ratis.XceiverServerRatis (XceiverServerRatis.java:getRealPort(503)) - XceiverServerRatis de46658e-6de7-45a1-81e4-0d2091b7d264 is started using port 36647 for RATIS_SERVER
2021-08-15 01:17:39,132 [EndpointStateMachine task thread for /0.0.0.0:44541 - 0 ] INFO  server.XceiverServerGrpc (XceiverServerGrpc.java:start(135)) - XceiverServerGrpc de46658e-6de7-45a1-81e4-0d2091b7d264 is started using port 40357
2021-08-15 01:17:39,133 [org.apache.ratis.util.JvmPauseMonitor$$Lambda$531/1550087810@2416160d] INFO  util.JvmPauseMonitor (JvmPauseMonitor.java:run(103)) - JvmPauseMonitor-de46658e-6de7-45a1-81e4-0d2091b7d264: Started
2021-08-15 01:17:40,056 [Listener at 127.0.0.1/41191] INFO  ozone.MiniOzoneClusterImpl (MiniOzoneClusterImpl.java:lambda$waitForClusterToBeReady$0(235)) - Waiting for nodes to be ready. Got 0 of 3 DN Heartbeats.
2021-08-15 01:17:40,056 [Listener at 127.0.0.1/41191] INFO  ozone.MiniOzoneClusterImpl (MiniOzoneClusterImpl.java:lambda$waitForClusterToBeReady$0(238)) - Waiting for cluster to exit safe mode
2021-08-15 01:17:40,057 [Listener at 127.0.0.1/41191] INFO  ozone.MiniOzoneClusterImpl (MiniOzoneClusterImpl.java:lambda$waitForClusterToBeReady$0(240)) - SCM became leader
2021-08-15 01:17:40,379 [IPC Server handler 2 on default port 44541] INFO  net.NetworkTopologyImpl (NetworkTopologyImpl.java:add(112)) - Added a new node: /default-rack/80fb03ba-aab4-4d6c-a114-0a36b49bfdbd
2021-08-15 01:17:40,379 [IPC Server handler 2 on default port 44541] INFO  node.SCMNodeManager (SCMNodeManager.java:register(390)) - Registered Data node : 80fb03ba-aab4-4d6c-a114-0a36b49bfdbd{ip: 10.1.0.43, host: fv-az122-443.zf1tlrj3kn4expqppa1j4mpycf.xx.internal.cloudapp.net, ports: [REPLICATION=35913, RATIS=35737, RATIS_ADMIN=35737, RATIS_SERVER=35737, STANDALONE=40353], networkLocation: /default-rack, certSerialId: null, persistedOpState: null, persistedOpStateExpiryEpochSec: 0}
2021-08-15 01:17:40,381 [EventQueue-NodeRegistrationContainerReportForDataNodeSafeModeRule] INFO  safemode.SCMSafeModeManager (DataNodeSafeModeRule.java:process(71)) - SCM in safe mode. 1 DataNodes registered, 3 required.
2021-08-15 01:17:40,382 [EventQueue-NodeRegistrationContainerReportForContainerSafeModeRule] INFO  safemode.SCMSafeModeManager (SCMSafeModeManager.java:validateSafeModeExitRules(204)) - ContainerSafeModeRule rule is successfully validated
2021-08-15 01:17:40,393 [EventQueue-NewNodeForNewNodeHandler] INFO  pipeline.BackgroundPipelineCreator (BackgroundPipelineCreatorV2.java:notifyEventTriggered(285)) - trigger a one-shot run on RatisPipelineUtilsThread.
2021-08-15 01:17:40,399 [RatisPipelineUtilsThread - 0] INFO  pipeline.RatisPipelineProvider (RatisPipelineProvider.java:lambda$create$0(183)) - Sending CreatePipelineCommand for pipeline:PipelineID=e5151e9b-1a5f-42c8-8ec3-d799bb9c1d78 to datanode:80fb03ba-aab4-4d6c-a114-0a36b49bfdbd
2021-08-15 01:17:40,411 [RatisPipelineUtilsThread - 0] INFO  pipeline.PipelineStateManager (PipelineStateManagerV2Impl.java:addPipeline(101)) - Created pipeline Pipeline[ Id: e5151e9b-1a5f-42c8-8ec3-d799bb9c1d78, Nodes: 80fb03ba-aab4-4d6c-a114-0a36b49bfdbd{ip: 10.1.0.43, host: fv-az122-443.zf1tlrj3kn4expqppa1j4mpycf.xx.internal.cloudapp.net, ports: [REPLICATION=35913, RATIS=35737, RATIS_ADMIN=35737, RATIS_SERVER=35737, STANDALONE=40353], networkLocation: /default-rack, certSerialId: null, persistedOpState: IN_SERVICE, persistedOpStateExpiryEpochSec: 0}, ReplicationConfig: RATIS/ONE, State:ALLOCATED, leaderId:, CreationTimestamp2021-08-15T01:17:40.399Z[Etc/UTC]].
2021-08-15 01:17:40,414 [EventQueue-PipelineReportForOneReplicaPipelineSafeModeRule] INFO  safemode.SCMSafeModeManager (SCMSafeModeManager.java:validateSafeModeExitRules(204)) - AtleastOneDatanodeReportedRule rule is successfully validated
2021-08-15 01:17:40,872 [IPC Server handler 3 on default port 44541] INFO  net.NetworkTopologyImpl (NetworkTopologyImpl.java:add(112)) - Added a new node: /default-rack/65295508-def1-4def-8cfe-b2ee89df246c
2021-08-15 01:17:40,873 [IPC Server handler 3 on default port 44541] INFO  node.SCMNodeManager (SCMNodeManager.java:register(390)) - Registered Data node : 65295508-def1-4def-8cfe-b2ee89df246c{ip: 10.1.0.43, host: fv-az122-443.zf1tlrj3kn4expqppa1j4mpycf.xx.internal.cloudapp.net, ports: [REPLICATION=35633, RATIS=38387, RATIS_ADMIN=38387, RATIS_SERVER=38387, STANDALONE=37285], networkLocation: /default-rack, certSerialId: null, persistedOpState: null, persistedOpStateExpiryEpochSec: 0}
2021-08-15 01:17:40,873 [EventQueue-NewNodeForNewNodeHandler] INFO  pipeline.BackgroundPipelineCreator (BackgroundPipelineCreatorV2.java:notifyEventTriggered(285)) - trigger a one-shot run on RatisPipelineUtilsThread.
2021-08-15 01:17:40,874 [EventQueue-NodeRegistrationContainerReportForDataNodeSafeModeRule] INFO  safemode.SCMSafeModeManager (DataNodeSafeModeRule.java:process(71)) - SCM in safe mode. 2 DataNodes registered, 3 required.
2021-08-15 01:17:40,875 [RatisPipelineUtilsThread - 0] INFO  pipeline.RatisPipelineProvider (RatisPipelineProvider.java:lambda$create$0(183)) - Sending CreatePipelineCommand for pipeline:PipelineID=65e8fb37-1c9f-4915-b111-db2258a51505 to datanode:65295508-def1-4def-8cfe-b2ee89df246c
2021-08-15 01:17:40,875 [RatisPipelineUtilsThread - 0] INFO  pipeline.PipelineStateManager (PipelineStateManagerV2Impl.java:addPipeline(101)) - Created pipeline Pipeline[ Id: 65e8fb37-1c9f-4915-b111-db2258a51505, Nodes: 65295508-def1-4def-8cfe-b2ee89df246c{ip: 10.1.0.43, host: fv-az122-443.zf1tlrj3kn4expqppa1j4mpycf.xx.internal.cloudapp.net, ports: [REPLICATION=35633, RATIS=38387, RATIS_ADMIN=38387, RATIS_SERVER=38387, STANDALONE=37285], networkLocation: /default-rack, certSerialId: null, persistedOpState: IN_SERVICE, persistedOpStateExpiryEpochSec: 0}, ReplicationConfig: RATIS/ONE, State:ALLOCATED, leaderId:, CreationTimestamp2021-08-15T01:17:40.875Z[Etc/UTC]].
2021-08-15 01:17:41,057 [Listener at 127.0.0.1/41191] INFO  ozone.MiniOzoneClusterImpl (MiniOzoneClusterImpl.java:lambda$waitForClusterToBeReady$0(235)) - Waiting for nodes to be ready. Got 2 of 3 DN Heartbeats.
2021-08-15 01:17:41,057 [Listener at 127.0.0.1/41191] INFO  ozone.MiniOzoneClusterImpl (MiniOzoneClusterImpl.java:lambda$waitForClusterToBeReady$0(238)) - Waiting for cluster to exit safe mode
2021-08-15 01:17:41,057 [Listener at 127.0.0.1/41191] INFO  ozone.MiniOzoneClusterImpl (MiniOzoneClusterImpl.java:lambda$waitForClusterToBeReady$0(240)) - SCM became leader
2021-08-15 01:17:41,077 [IPC Server handler 4 on default port 44541] INFO  net.NetworkTopologyImpl (NetworkTopologyImpl.java:add(112)) - Added a new node: /default-rack/de46658e-6de7-45a1-81e4-0d2091b7d264
2021-08-15 01:17:41,078 [IPC Server handler 4 on default port 44541] INFO  node.SCMNodeManager (SCMNodeManager.java:register(390)) - Registered Data node : de46658e-6de7-45a1-81e4-0d2091b7d264{ip: 10.1.0.43, host: fv-az122-443.zf1tlrj3kn4expqppa1j4mpycf.xx.internal.cloudapp.net, ports: [REPLICATION=40859, RATIS=36647, RATIS_ADMIN=36647, RATIS_SERVER=36647, STANDALONE=40357], networkLocation: /default-rack, certSerialId: null, persistedOpState: null, persistedOpStateExpiryEpochSec: 0}
2021-08-15 01:17:41,078 [EventQueue-NodeRegistrationContainerReportForDataNodeSafeModeRule] INFO  safemode.SCMSafeModeManager (DataNodeSafeModeRule.java:process(71)) - SCM in safe mode. 3 DataNodes registered, 3 required.
2021-08-15 01:17:41,079 [EventQueue-NodeRegistrationContainerReportForDataNodeSafeModeRule] INFO  safemode.SCMSafeModeManager (SCMSafeModeManager.java:validateSafeModeExitRules(204)) - DataNodeSafeModeRule rule is successfully validated
2021-08-15 01:17:41,079 [EventQueue-NodeRegistrationContainerReportForDataNodeSafeModeRule] INFO  safemode.SCMSafeModeManager (SCMSafeModeManager.java:completePreCheck(233)) - All SCM safe mode pre check rules have passed
2021-08-15 01:17:41,079 [EventQueue-NodeRegistrationContainerReportForDataNodeSafeModeRule] WARN  events.EventQueue (EventQueue.java:fireEvent(194)) - No event handler registered for event TypedEvent{payloadType=SafeModeStatus, name='Safe mode status'}
2021-08-15 01:17:41,079 [EventQueue-NodeRegistrationContainerReportForDataNodeSafeModeRule] INFO  ha.SCMContext (SCMContext.java:updateSafeModeStatus(205)) - Update SafeModeStatus from SafeModeStatus{safeModeStatus=true, preCheckPassed=false} to SafeModeStatus{safeModeStatus=true, preCheckPassed=true}.
2021-08-15 01:17:41,079 [EventQueue-NodeRegistrationContainerReportForDataNodeSafeModeRule] INFO  pipeline.BackgroundPipelineCreator (BackgroundPipelineCreatorV2.java:notifyEventTriggered(285)) - trigger a one-shot run on RatisPipelineUtilsThread.
2021-08-15 01:17:41,079 [RatisPipelineUtilsThread - 0] INFO  pipeline.RatisPipelineProvider (RatisPipelineProvider.java:lambda$create$0(183)) - Sending CreatePipelineCommand for pipeline:PipelineID=e9607f93-402c-4a4c-bb21-62cb5c4c931e to datanode:de46658e-6de7-45a1-81e4-0d2091b7d264
2021-08-15 01:17:41,080 [RatisPipelineUtilsThread - 0] INFO  pipeline.PipelineStateManager (PipelineStateManagerV2Impl.java:addPipeline(101)) - Created pipeline Pipeline[ Id: e9607f93-402c-4a4c-bb21-62cb5c4c931e, Nodes: de46658e-6de7-45a1-81e4-0d2091b7d264{ip: 10.1.0.43, host: fv-az122-443.zf1tlrj3kn4expqppa1j4mpycf.xx.internal.cloudapp.net, ports: [REPLICATION=40859, RATIS=36647, RATIS_ADMIN=36647, RATIS_SERVER=36647, STANDALONE=40357], networkLocation: /default-rack, certSerialId: null, persistedOpState: IN_SERVICE, persistedOpStateExpiryEpochSec: 0}, ReplicationConfig: RATIS/ONE, State:ALLOCATED, leaderId:, CreationTimestamp2021-08-15T01:17:41.079Z[Etc/UTC]].
2021-08-15 01:17:41,080 [RatisPipelineUtilsThread - 0] INFO  pipeline.RatisPipelineProvider (RatisPipelineProvider.java:lambda$create$0(183)) - Sending CreatePipelineCommand for pipeline:PipelineID=841087be-2d30-4ef2-aaba-d845931f6563 to datanode:de46658e-6de7-45a1-81e4-0d2091b7d264
2021-08-15 01:17:41,080 [RatisPipelineUtilsThread - 0] INFO  pipeline.RatisPipelineProvider (RatisPipelineProvider.java:lambda$create$0(183)) - Sending CreatePipelineCommand for pipeline:PipelineID=841087be-2d30-4ef2-aaba-d845931f6563 to datanode:80fb03ba-aab4-4d6c-a114-0a36b49bfdbd
2021-08-15 01:17:41,080 [RatisPipelineUtilsThread - 0] INFO  pipeline.RatisPipelineProvider (RatisPipelineProvider.java:lambda$create$0(183)) - Sending CreatePipelineCommand for pipeline:PipelineID=841087be-2d30-4ef2-aaba-d845931f6563 to datanode:65295508-def1-4def-8cfe-b2ee89df246c
2021-08-15 01:17:41,081 [RatisPipelineUtilsThread - 0] INFO  pipeline.PipelineStateManager (PipelineStateManagerV2Impl.java:addPipeline(101)) - Created pipeline Pipeline[ Id: 841087be-2d30-4ef2-aaba-d845931f6563, Nodes: de46658e-6de7-45a1-81e4-0d2091b7d264{ip: 10.1.0.43, host: fv-az122-443.zf1tlrj3kn4expqppa1j4mpycf.xx.internal.cloudapp.net, ports: [REPLICATION=40859, RATIS=36647, RATIS_ADMIN=36647, RATIS_SERVER=36647, STANDALONE=40357], networkLocation: /default-rack, certSerialId: null, persistedOpState: IN_SERVICE, persistedOpStateExpiryEpochSec: 0}80fb03ba-aab4-4d6c-a114-0a36b49bfdbd{ip: 10.1.0.43, host: fv-az122-443.zf1tlrj3kn4expqppa1j4mpycf.xx.internal.cloudapp.net, ports: [REPLICATION=35913, RATIS=35737, RATIS_ADMIN=35737, RATIS_SERVER=35737, STANDALONE=40353], networkLocation: /default-rack, certSerialId: null, persistedOpState: IN_SERVICE, persistedOpStateExpiryEpochSec: 0}65295508-def1-4def-8cfe-b2ee89df246c{ip: 10.1.0.43, host: fv-az122-443.zf1tlrj3kn4expqppa1j4mpycf.xx.internal.cloudapp.net, ports: [REPLICATION=35633, RATIS=38387, RATIS_ADMIN=38387, RATIS_SERVER=38387, STANDALONE=37285], networkLocation: /default-rack, certSerialId: null, persistedOpState: IN_SERVICE, persistedOpStateExpiryEpochSec: 0}, ReplicationConfig: RATIS/THREE, State:ALLOCATED, leaderId:, CreationTimestamp2021-08-15T01:17:41.080Z[Etc/UTC]].
2021-08-15 01:17:41,081 [EventQueue-NewNodeForNewNodeHandler] INFO  pipeline.BackgroundPipelineCreator (BackgroundPipelineCreatorV2.java:notifyEventTriggered(285)) - trigger a one-shot run on RatisPipelineUtilsThread.
2021-08-15 01:17:41,085 [RatisPipelineUtilsThread - 0] INFO  pipeline.RatisPipelineProvider (RatisPipelineProvider.java:lambda$create$0(183)) - Sending CreatePipelineCommand for pipeline:PipelineID=1b686b0a-7480-43f8-9750-50b81f3cf1a5 to datanode:65295508-def1-4def-8cfe-b2ee89df246c
2021-08-15 01:17:41,095 [RatisPipelineUtilsThread - 0] INFO  pipeline.RatisPipelineProvider (RatisPipelineProvider.java:lambda$create$0(183)) - Sending CreatePipelineCommand for pipeline:PipelineID=1b686b0a-7480-43f8-9750-50b81f3cf1a5 to datanode:80fb03ba-aab4-4d6c-a114-0a36b49bfdbd
2021-08-15 01:17:41,095 [RatisPipelineUtilsThread - 0] INFO  pipeline.RatisPipelineProvider (RatisPipelineProvider.java:lambda$create$0(183)) - Sending CreatePipelineCommand for pipeline:PipelineID=1b686b0a-7480-43f8-9750-50b81f3cf1a5 to datanode:de46658e-6de7-45a1-81e4-0d2091b7d264
2021-08-15 01:17:41,095 [RatisPipelineUtilsThread - 0] INFO  pipeline.PipelineStateManager (PipelineStateManagerV2Impl.java:addPipeline(101)) - Created pipeline Pipeline[ Id: 1b686b0a-7480-43f8-9750-50b81f3cf1a5, Nodes: 65295508-def1-4def-8cfe-b2ee89df246c{ip: 10.1.0.43, host: fv-az122-443.zf1tlrj3kn4expqppa1j4mpycf.xx.internal.cloudapp.net, ports: [REPLICATION=35633, RATIS=38387, RATIS_ADMIN=38387, RATIS_SERVER=38387, STANDALONE=37285], networkLocation: /default-rack, certSerialId: null, persistedOpState: IN_SERVICE, persistedOpStateExpiryEpochSec: 0}80fb03ba-aab4-4d6c-a114-0a36b49bfdbd{ip: 10.1.0.43, host: fv-az122-443.zf1tlrj3kn4expqppa1j4mpycf.xx.internal.cloudapp.net, ports: [REPLICATION=35913, RATIS=35737, RATIS_ADMIN=35737, RATIS_SERVER=35737, STANDALONE=40353], networkLocation: /default-rack, certSerialId: null, persistedOpState: IN_SERVICE, persistedOpStateExpiryEpochSec: 0}de46658e-6de7-45a1-81e4-0d2091b7d264{ip: 10.1.0.43, host: fv-az122-443.zf1tlrj3kn4expqppa1j4mpycf.xx.internal.cloudapp.net, ports: [REPLICATION=40859, RATIS=36647, RATIS_ADMIN=36647, RATIS_SERVER=36647, STANDALONE=40357], networkLocation: /default-rack, certSerialId: null, persistedOpState: IN_SERVICE, persistedOpStateExpiryEpochSec: 0}, ReplicationConfig: RATIS/THREE, State:ALLOCATED, leaderId:, CreationTimestamp2021-08-15T01:17:41.085Z[Etc/UTC]].
2021-08-15 01:17:41,095 [RatisPipelineUtilsThread - 0] INFO  pipeline.PipelineManagerImpl (PipelineManagerImpl.java:recordMetricsForPipeline(614)) - Pipeline: PipelineID=1b686b0a-7480-43f8-9750-50b81f3cf1a5 contains same datanodes as previous pipelines: PipelineID=841087be-2d30-4ef2-aaba-d845931f6563 nodeIds: 65295508-def1-4def-8cfe-b2ee89df246c, 80fb03ba-aab4-4d6c-a114-0a36b49bfdbd, de46658e-6de7-45a1-81e4-0d2091b7d264
2021-08-15 01:17:42,057 [Listener at 127.0.0.1/41191] INFO  ozone.MiniOzoneClusterImpl (MiniOzoneClusterImpl.java:lambda$waitForClusterToBeReady$0(235)) - Nodes are ready. Got 3 of 3 DN Heartbeats.
2021-08-15 01:17:42,058 [Listener at 127.0.0.1/41191] INFO  ozone.MiniOzoneClusterImpl (MiniOzoneClusterImpl.java:lambda$waitForClusterToBeReady$0(238)) - Waiting for cluster to exit safe mode
2021-08-15 01:17:42,058 [Listener at 127.0.0.1/41191] INFO  ozone.MiniOzoneClusterImpl (MiniOzoneClusterImpl.java:lambda$waitForClusterToBeReady$0(240)) - SCM became leader
2021-08-15 01:17:43,058 [Listener at 127.0.0.1/41191] INFO  ozone.MiniOzoneClusterImpl (MiniOzoneClusterImpl.java:lambda$waitForClusterToBeReady$0(235)) - Nodes are ready. Got 3 of 3 DN Heartbeats.
2021-08-15 01:17:43,058 [Listener at 127.0.0.1/41191] INFO  ozone.MiniOzoneClusterImpl (MiniOzoneClusterImpl.java:lambda$waitForClusterToBeReady$0(238)) - Waiting for cluster to exit safe mode
2021-08-15 01:17:43,059 [Listener at 127.0.0.1/41191] INFO  ozone.MiniOzoneClusterImpl (MiniOzoneClusterImpl.java:lambda$waitForClusterToBeReady$0(240)) - SCM became leader
2021-08-15 01:17:43,376 [Command processor thread] INFO  server.RaftServer (RaftServerProxy.java:addNew(95)) - 80fb03ba-aab4-4d6c-a114-0a36b49bfdbd: addNew group-D799BB9C1D78:[80fb03ba-aab4-4d6c-a114-0a36b49bfdbd|rpc:10.1.0.43:35737|priority:1] returns group-D799BB9C1D78:java.util.concurrent.CompletableFuture@6f9d2b59[Not completed]
2021-08-15 01:17:43,383 [pool-369-thread-1] INFO  server.RaftServer$Division (RaftServerImpl.java:<init>(181)) - 80fb03ba-aab4-4d6c-a114-0a36b49bfdbd: new RaftServerImpl for group-D799BB9C1D78:[80fb03ba-aab4-4d6c-a114-0a36b49bfdbd|rpc:10.1.0.43:35737|priority:1] with ContainerStateMachine:uninitialized
2021-08-15 01:17:43,383 [pool-369-thread-1] INFO  server.RaftServerConfigKeys (ConfUtils.java:logGet(44)) - raft.server.rpc.timeout.min = 5s (custom)
2021-08-15 01:17:43,383 [pool-369-thread-1] INFO  server.RaftServerConfigKeys (ConfUtils.java:logGet(44)) - raft.server.rpc.timeout.max = 5200ms (custom)
2021-08-15 01:17:43,383 [pool-369-thread-1] INFO  server.RaftServerConfigKeys (ConfUtils.java:logGet(44)) - raft.server.rpc.sleep.time = 25ms (default)
2021-08-15 01:17:43,383 [pool-369-thread-1] INFO  server.RaftServerConfigKeys (ConfUtils.java:logGet(44)) - raft.server.rpc.slowness.timeout = 300s (custom)
2021-08-15 01:17:43,383 [pool-369-thread-1] INFO  server.RaftServerConfigKeys (ConfUtils.java:logGet(44)) - raft.server.leaderelection.leader.step-down.wait-time = 10s (default)
2021-08-15 01:17:43,383 [pool-369-thread-1] INFO  server.RaftServerConfigKeys (ConfUtils.java:logGet(44)) - raft.server.sleep.deviation.threshold = 300ms (default)
2021-08-15 01:17:43,383 [pool-369-thread-1] INFO  server.RaftServerConfigKeys (ConfUtils.java:logGet(44)) - raft.server.log.appender.install.snapshot.enabled = false (custom)
2021-08-15 01:17:43,383 [pool-369-thread-1] INFO  server.RaftServer$Division (ServerState.java:<init>(105)) - 80fb03ba-aab4-4d6c-a114-0a36b49bfdbd@group-D799BB9C1D78: ConfigurationManager, init=-1: [80fb03ba-aab4-4d6c-a114-0a36b49bfdbd|rpc:10.1.0.43:35737|priority:1], old=null, confs=<EMPTY_MAP>
2021-08-15 01:17:43,383 [pool-369-thread-1] INFO  server.RaftServerConfigKeys (ConfUtils.java:logGet(44)) - raft.server.storage.dir = [/home/runner/work/ozone/ozone/hadoop-ozone/integration-test/target/test-dir/MiniOzoneClusterImpl-d2e0817b-7a27-4795-9ea2-3152af8552da/datanode-0/data/ratis] (custom)
2021-08-15 01:17:43,384 [pool-369-thread-1] INFO  server.RaftServerConfigKeys (ConfUtils.java:logGet(44)) - raft.server.log.corruption.policy = EXCEPTION (default)
2021-08-15 01:17:43,384 [pool-369-thread-1] INFO  server.RaftServerConfigKeys (ConfUtils.java:logGet(44)) - raft.server.storage.free-space.min = 0MB (=0) (default)
2021-08-15 01:17:43,384 [pool-369-thread-1] INFO  storage.RaftStorageDirectory (RaftStorageDirectoryImpl.java:analyzeStorage(135)) - The storage directory /home/runner/work/ozone/ozone/hadoop-ozone/integration-test/target/test-dir/MiniOzoneClusterImpl-d2e0817b-7a27-4795-9ea2-3152af8552da/datanode-0/data/ratis/e5151e9b-1a5f-42c8-8ec3-d799bb9c1d78 does not exist. Creating ...
2021-08-15 01:17:43,386 [pool-369-thread-1] INFO  storage.RaftStorageDirectory (RaftStorageDirectoryImpl.java:tryLock(230)) - Lock on /home/runner/work/ozone/ozone/hadoop-ozone/integration-test/target/test-dir/MiniOzoneClusterImpl-d2e0817b-7a27-4795-9ea2-3152af8552da/datanode-0/data/ratis/e5151e9b-1a5f-42c8-8ec3-d799bb9c1d78/in_use.lock acquired by nodename 21311@fv-az122-443
2021-08-15 01:17:43,387 [pool-369-thread-1] INFO  storage.RaftStorage (RaftStorageImpl.java:format(89)) - Storage directory /home/runner/work/ozone/ozone/hadoop-ozone/integration-test/target/test-dir/MiniOzoneClusterImpl-d2e0817b-7a27-4795-9ea2-3152af8552da/datanode-0/data/ratis/e5151e9b-1a5f-42c8-8ec3-d799bb9c1d78 has been successfully formatted.
2021-08-15 01:17:43,389 [pool-369-thread-1] INFO  ratis.ContainerStateMachine (ContainerStateMachine.java:loadSnapshot(225)) - group-D799BB9C1D78: The snapshot info is null. Setting the last applied indexto:(t:0, i:~)
2021-08-15 01:17:43,389 [pool-369-thread-1] INFO  server.RaftServerConfigKeys (ConfUtils.java:logGet(44)) - raft.server.notification.no-leader.timeout = 300s (custom)
2021-08-15 01:17:43,389 [pool-369-thread-1] INFO  server.RaftServerConfigKeys (ConfUtils.java:logGet(44)) - raft.server.log.use.memory = false (default)
2021-08-15 01:17:43,389 [pool-369-thread-1] INFO  server.RaftServerConfigKeys (ConfUtils.java:logGet(44)) - raft.server.log.purge.gap = 1000000 (custom)
2021-08-15 01:17:43,389 [pool-369-thread-1] INFO  server.RaftServerConfigKeys (ConfUtils.java:logGet(44)) - raft.server.log.appender.buffer.byte-limit = 33554432 (custom)
2021-08-15 01:17:43,389 [pool-369-thread-1] INFO  server.RaftServerConfigKeys (ConfUtils.java:logGet(44)) - raft.server.log.segment.size.max = 1048576 (custom)
2021-08-15 01:17:43,390 [pool-369-thread-1] INFO  server.RaftServerConfigKeys (ConfUtils.java:logGet(44)) - raft.server.log.segment.cache.num.max = 2 (custom)
2021-08-15 01:17:43,390 [pool-369-thread-1] INFO  server.RaftServerConfigKeys (ConfUtils.java:logGet(44)) - raft.server.log.segment.cache.size.max = 200MB (=209715200) (default)
2021-08-15 01:17:43,402 [Datanode State Machine Thread - 0] WARN  statemachine.StateContext (StateContext.java:execute(621)) - No available thread in pool for past 1 seconds.
2021-08-15 01:17:43,404 [EventQueue-PipelineReportForPipelineReportHandler] INFO  pipeline.PipelineManagerImpl (PipelineManagerImpl.java:openPipeline(283)) - Pipeline Pipeline[ Id: e5151e9b-1a5f-42c8-8ec3-d799bb9c1d78, Nodes: 80fb03ba-aab4-4d6c-a114-0a36b49bfdbd{ip: 10.1.0.43, host: fv-az122-443.zf1tlrj3kn4expqppa1j4mpycf.xx.internal.cloudapp.net, ports: [REPLICATION=35913, RATIS=35737, RATIS_ADMIN=35737, RATIS_SERVER=35737, STANDALONE=40353], networkLocation: /default-rack, certSerialId: null, persistedOpState: IN_SERVICE, persistedOpStateExpiryEpochSec: 0}, ReplicationConfig: RATIS/ONE, State:ALLOCATED, leaderId:80fb03ba-aab4-4d6c-a114-0a36b49bfdbd, CreationTimestamp2021-08-15T01:17:40.399Z[Etc/UTC]] moved to OPEN state
2021-08-15 01:17:43,406 [pool-369-thread-1] INFO  segmented.SegmentedRaftLogWorker (SegmentedRaftLogWorker.java:<init>(182)) - new 80fb03ba-aab4-4d6c-a114-0a36b49bfdbd@group-D799BB9C1D78-SegmentedRaftLogWorker for RaftStorageImpl:Storage Directory /home/runner/work/ozone/ozone/hadoop-ozone/integration-test/target/test-dir/MiniOzoneClusterImpl-d2e0817b-7a27-4795-9ea2-3152af8552da/datanode-0/data/ratis/e5151e9b-1a5f-42c8-8ec3-d799bb9c1d78
2021-08-15 01:17:43,406 [pool-369-thread-1] INFO  server.RaftServerConfigKeys (ConfUtils.java:logGet(44)) - raft.server.log.queue.byte-limit = 2147483647 (custom)
2021-08-15 01:17:43,406 [pool-369-thread-1] INFO  server.RaftServerConfigKeys (ConfUtils.java:logGet(44)) - raft.server.log.queue.element-limit = 1024 (custom)
2021-08-15 01:17:43,407 [pool-369-thread-1] INFO  server.RaftServerConfigKeys (ConfUtils.java:logGet(44)) - raft.server.log.segment.size.max = 1048576 (custom)
2021-08-15 01:17:43,407 [pool-369-thread-1] INFO  server.RaftServerConfigKeys (ConfUtils.java:logGet(44)) - raft.server.log.preallocated.size = 16384 (custom)
2021-08-15 01:17:43,407 [pool-369-thread-1] INFO  server.RaftServerConfigKeys (ConfUtils.java:logGet(44)) - raft.server.log.force.sync.num = 128 (default)
2021-08-15 01:17:43,407 [pool-369-thread-1] INFO  server.RaftServerConfigKeys (ConfUtils.java:logGet(44)) - raft.server.log.statemachine.data.sync = true (default)
2021-08-15 01:17:43,407 [pool-369-thread-1] INFO  server.RaftServerConfigKeys (ConfUtils.java:logGet(44)) - raft.server.log.statemachine.data.sync.timeout = 10s (default)
2021-08-15 01:17:43,407 [pool-369-thread-1] INFO  server.RaftServerConfigKeys (ConfUtils.java:logGet(44)) - raft.server.log.statemachine.data.sync.timeout.retry = -1 (default)
2021-08-15 01:17:43,408 [pool-369-thread-1] INFO  server.RaftServerConfigKeys (ConfUtils.java:logGet(44)) - raft.server.log.write.buffer.size = 1048576 (custom)
2021-08-15 01:17:43,408 [pool-369-thread-1] INFO  server.RaftServerConfigKeys (ConfUtils.java:logGet(44)) - raft.server.log.statemachine.data.caching.enabled = true (custom)
2021-08-15 01:17:43,408 [pool-369-thread-1] INFO  segmented.SegmentedRaftLogWorker (SegmentedRaftLogWorker.java:lambda$new$0(133)) - 80fb03ba-aab4-4d6c-a114-0a36b49bfdbd@group-D799BB9C1D78-SegmentedRaftLogWorker: flushIndex: setUnconditionally 0 -> -1
2021-08-15 01:17:43,408 [pool-369-thread-1] INFO  segmented.SegmentedRaftLogWorker (SegmentedRaftLogWorker.java:lambda$new$0(133)) - 80fb03ba-aab4-4d6c-a114-0a36b49bfdbd@group-D799BB9C1D78-SegmentedRaftLogWorker: safeCacheEvictIndex: setUnconditionally 0 -> -1
2021-08-15 01:17:43,422 [pool-369-thread-1] INFO  server.RaftServerConfigKeys (ConfUtils.java:logGet(44)) - raft.server.snapshot.auto.trigger.enabled = true (custom)
2021-08-15 01:17:43,422 [pool-369-thread-1] INFO  server.RaftServerConfigKeys (ConfUtils.java:logGet(44)) - raft.server.snapshot.auto.trigger.threshold = 10000 (custom)
2021-08-15 01:17:43,423 [pool-369-thread-1] INFO  server.RaftServerConfigKeys (ConfUtils.java:logGet(44)) - raft.server.snapshot.retention.file.num = 5 (custom)
2021-08-15 01:17:43,423 [pool-369-thread-1] INFO  server.RaftServerConfigKeys (ConfUtils.java:logGet(44)) - raft.server.log.purge.upto.snapshot.index = false (default)
2021-08-15 01:17:43,423 [pool-369-thread-1] INFO  server.RaftServerConfigKeys (ConfUtils.java:logGet(44)) - raft.server.retrycache.expirytime = 600000ms (custom)
2021-08-15 01:17:43,423 [pool-369-thread-1] INFO  server.RaftServerConfigKeys (ConfUtils.java:logGet(44)) - raft.server.retrycache.statistics.expirytime = 100μs (default)
2021-08-15 01:17:43,424 [pool-369-thread-1] INFO  server.RaftServer$Division (RaftServerImpl.java:start(296)) - 80fb03ba-aab4-4d6c-a114-0a36b49bfdbd@group-D799BB9C1D78: start as a follower, conf=-1: [80fb03ba-aab4-4d6c-a114-0a36b49bfdbd|rpc:10.1.0.43:35737|priority:1], old=null
2021-08-15 01:17:43,424 [pool-369-thread-1] INFO  server.RaftServer$Division (RaftServerImpl.java:setRole(285)) - 80fb03ba-aab4-4d6c-a114-0a36b49bfdbd@group-D799BB9C1D78: changes role from      null to FOLLOWER at term 0 for startAsFollower
2021-08-15 01:17:43,424 [pool-369-thread-1] INFO  impl.RoleInfo (RoleInfo.java:updateAndGet(130)) - 80fb03ba-aab4-4d6c-a114-0a36b49bfdbd: start 80fb03ba-aab4-4d6c-a114-0a36b49bfdbd@group-D799BB9C1D78-FollowerState
2021-08-15 01:17:43,425 [pool-369-thread-1] INFO  util.JmxRegister (JmxRegister.java:tryRegister(44)) - Successfully registered JMX Bean with object name Ratis:service=RaftServer,group=group-D799BB9C1D78,id=80fb03ba-aab4-4d6c-a114-0a36b49bfdbd
2021-08-15 01:17:43,425 [Command processor thread] INFO  ratis.XceiverServerRatis (XceiverServerRatis.java:addGroup(763)) - Created group PipelineID=e5151e9b-1a5f-42c8-8ec3-d799bb9c1d78
2021-08-15 01:17:43,427 [Command processor thread] INFO  commandhandler.CreatePipelineCommandHandler (CreatePipelineCommandHandler.java:handle(106)) - Created Pipeline RATIS ONE PipelineID=e5151e9b-1a5f-42c8-8ec3-d799bb9c1d78.
2021-08-15 01:17:43,427 [Command processor thread] INFO  server.RaftServer (RaftServerProxy.java:addNew(95)) - 80fb03ba-aab4-4d6c-a114-0a36b49bfdbd: addNew group-D845931F6563:[65295508-def1-4def-8cfe-b2ee89df246c|rpc:10.1.0.43:38387|priority:0, de46658e-6de7-45a1-81e4-0d2091b7d264|rpc:10.1.0.43:36647|priority:1, 80fb03ba-aab4-4d6c-a114-0a36b49bfdbd|rpc:10.1.0.43:35737|priority:0] returns group-D845931F6563:java.util.concurrent.CompletableFuture@6ba2a272[Not completed]
2021-08-15 01:17:43,436 [pool-369-thread-1] INFO  server.RaftServer$Division (RaftServerImpl.java:<init>(181)) - 80fb03ba-aab4-4d6c-a114-0a36b49bfdbd: new RaftServerImpl for group-D845931F6563:[65295508-def1-4def-8cfe-b2ee89df246c|rpc:10.1.0.43:38387|priority:0, de46658e-6de7-45a1-81e4-0d2091b7d264|rpc:10.1.0.43:36647|priority:1, 80fb03ba-aab4-4d6c-a114-0a36b49bfdbd|rpc:10.1.0.43:35737|priority:0] with ContainerStateMachine:uninitialized
2021-08-15 01:17:43,437 [pool-369-thread-1] INFO  server.RaftServerConfigKeys (ConfUtils.java:logGet(44)) - raft.server.rpc.timeout.min = 5s (custom)
2021-08-15 01:17:43,437 [pool-369-thread-1] INFO  server.RaftServerConfigKeys (ConfUtils.java:logGet(44)) - raft.server.rpc.timeout.max = 5200ms (custom)
2021-08-15 01:17:43,437 [pool-369-thread-1] INFO  server.RaftServerConfigKeys (ConfUtils.java:logGet(44)) - raft.server.rpc.sleep.time = 25ms (default)
2021-08-15 01:17:43,437 [pool-369-thread-1] INFO  server.RaftServerConfigKeys (ConfUtils.java:logGet(44)) - raft.server.rpc.slowness.timeout = 300s (custom)
2021-08-15 01:17:43,437 [pool-369-thread-1] INFO  server.RaftServerConfigKeys (ConfUtils.java:logGet(44)) - raft.server.leaderelection.leader.step-down.wait-time = 10s (default)
2021-08-15 01:17:43,437 [pool-369-thread-1] INFO  server.RaftServerConfigKeys (ConfUtils.java:logGet(44)) - raft.server.sleep.deviation.threshold = 300ms (default)
2021-08-15 01:17:43,437 [pool-369-thread-1] INFO  server.RaftServerConfigKeys (ConfUtils.java:logGet(44)) - raft.server.log.appender.install.snapshot.enabled = false (custom)
2021-08-15 01:17:43,437 [pool-369-thread-1] INFO  server.RaftServer$Division (ServerState.java:<init>(105)) - 80fb03ba-aab4-4d6c-a114-0a36b49bfdbd@group-D845931F6563: ConfigurationManager, init=-1: [65295508-def1-4def-8cfe-b2ee89df246c|rpc:10.1.0.43:38387|priority:0, de46658e-6de7-45a1-81e4-0d2091b7d264|rpc:10.1.0.43:36647|priority:1, 80fb03ba-aab4-4d6c-a114-0a36b49bfdbd|rpc:10.1.0.43:35737|priority:0], old=null, confs=<EMPTY_MAP>
2021-08-15 01:17:43,437 [pool-369-thread-1] INFO  server.RaftServerConfigKeys (ConfUtils.java:logGet(44)) - raft.server.storage.dir = [/home/runner/work/ozone/ozone/hadoop-ozone/integration-test/target/test-dir/MiniOzoneClusterImpl-d2e0817b-7a27-4795-9ea2-3152af8552da/datanode-0/data/ratis] (custom)
2021-08-15 01:17:43,437 [pool-369-thread-1] INFO  server.RaftServerConfigKeys (ConfUtils.java:logGet(44)) - raft.server.log.corruption.policy = EXCEPTION (default)
2021-08-15 01:17:43,437 [pool-369-thread-1] INFO  server.RaftServerConfigKeys (ConfUtils.java:logGet(44)) - raft.server.storage.free-space.min = 0MB (=0) (default)
2021-08-15 01:17:43,437 [pool-369-thread-1] INFO  storage.RaftStorageDirectory (RaftStorageDirectoryImpl.java:analyzeStorage(135)) - The storage directory /home/runner/work/ozone/ozone/hadoop-ozone/integration-test/target/test-dir/MiniOzoneClusterImpl-d2e0817b-7a27-4795-9ea2-3152af8552da/datanode-0/data/ratis/841087be-2d30-4ef2-aaba-d845931f6563 does not exist. Creating ...
2021-08-15 01:17:43,438 [EventQueue-OpenPipelineForHealthyPipelineSafeModeRule] INFO  safemode.SCMSafeModeManager (HealthyPipelineSafeModeRule.java:process(124)) - SCM in safe mode. Healthy pipelines reported count is 0, required healthy pipeline reported count is 1
2021-08-15 01:17:43,443 [pool-369-thread-1] INFO  storage.RaftStorageDirectory (RaftStorageDirectoryImpl.java:tryLock(230)) - Lock on /home/runner/work/ozone/ozone/hadoop-ozone/integration-test/target/test-dir/MiniOzoneClusterImpl-d2e0817b-7a27-4795-9ea2-3152af8552da/datanode-0/data/ratis/841087be-2d30-4ef2-aaba-d845931f6563/in_use.lock acquired by nodename 21311@fv-az122-443
2021-08-15 01:17:43,444 [pool-369-thread-1] INFO  storage.RaftStorage (RaftStorageImpl.java:format(89)) - Storage directory /home/runner/work/ozone/ozone/hadoop-ozone/integration-test/target/test-dir/MiniOzoneClusterImpl-d2e0817b-7a27-4795-9ea2-3152af8552da/datanode-0/data/ratis/841087be-2d30-4ef2-aaba-d845931f6563 has been successfully formatted.
2021-08-15 01:17:43,445 [Datanode State Machine Thread - 0] WARN  statemachine.StateContext (StateContext.java:execute(621)) - No available thread in pool for past 1 seconds.
2021-08-15 01:17:43,446 [pool-369-thread-1] INFO  ratis.ContainerStateMachine (ContainerStateMachine.java:loadSnapshot(225)) - group-D845931F6563: The snapshot info is null. Setting the last applied indexto:(t:0, i:~)
2021-08-15 01:17:43,447 [pool-369-thread-1] INFO  server.RaftServerConfigKeys (ConfUtils.java:logGet(44)) - raft.server.notification.no-leader.timeout = 300s (custom)
2021-08-15 01:17:43,447 [pool-369-thread-1] INFO  server.RaftServerConfigKeys (ConfUtils.java:logGet(44)) - raft.server.log.use.memory = false (default)
2021-08-15 01:17:43,447 [pool-369-thread-1] INFO  server.RaftServerConfigKeys (ConfUtils.java:logGet(44)) - raft.server.log.purge.gap = 1000000 (custom)
2021-08-15 01:17:43,447 [pool-369-thread-1] INFO  server.RaftServerConfigKeys (ConfUtils.java:logGet(44)) - raft.server.log.appender.buffer.byte-limit = 33554432 (custom)
2021-08-15 01:17:43,447 [pool-369-thread-1] INFO  server.RaftServerConfigKeys (ConfUtils.java:logGet(44)) - raft.server.log.segment.size.max = 1048576 (custom)
2021-08-15 01:17:43,448 [pool-369-thread-1] INFO  server.RaftServerConfigKeys (ConfUtils.java:logGet(44)) - raft.server.log.segment.cache.num.max = 2 (custom)
2021-08-15 01:17:43,449 [pool-369-thread-1] INFO  server.RaftServerConfigKeys (ConfUtils.java:logGet(44)) - raft.server.log.segment.cache.size.max = 200MB (=209715200) (default)
2021-08-15 01:17:43,449 [pool-369-thread-1] INFO  segmented.SegmentedRaftLogWorker (SegmentedRaftLogWorker.java:<init>(182)) - new 80fb03ba-aab4-4d6c-a114-0a36b49bfdbd@group-D845931F6563-SegmentedRaftLogWorker for RaftStorageImpl:Storage Directory /home/runner/work/ozone/ozone/hadoop-ozone/integration-test/target/test-dir/MiniOzoneClusterImpl-d2e0817b-7a27-4795-9ea2-3152af8552da/datanode-0/data/ratis/841087be-2d30-4ef2-aaba-d845931f6563
2021-08-15 01:17:43,449 [pool-369-thread-1] INFO  server.RaftServerConfigKeys (ConfUtils.java:logGet(44)) - raft.server.log.queue.byte-limit = 2147483647 (custom)
2021-08-15 01:17:43,449 [pool-369-thread-1] INFO  server.RaftServerConfigKeys (ConfUtils.java:logGet(44)) - raft.server.log.queue.element-limit = 1024 (custom)
2021-08-15 01:17:43,449 [pool-369-thread-1] INFO  server.RaftServerConfigKeys (ConfUtils.java:logGet(44)) - raft.server.log.segment.size.max = 1048576 (custom)
2021-08-15 01:17:43,449 [pool-369-thread-1] INFO  server.RaftServerConfigKeys (ConfUtils.java:logGet(44)) - raft.server.log.preallocated.size = 16384 (custom)
2021-08-15 01:17:43,449 [pool-369-thread-1] INFO  server.RaftServerConfigKeys (ConfUtils.java:logGet(44)) - raft.server.log.force.sync.num = 128 (default)
2021-08-15 01:17:43,449 [pool-369-thread-1] INFO  server.RaftServerConfigKeys (ConfUtils.java:logGet(44)) - raft.server.log.statemachine.data.sync = true (default)
2021-08-15 01:17:43,449 [pool-369-thread-1] INFO  server.RaftServerConfigKeys (ConfUtils.java:logGet(44)) - raft.server.log.statemachine.data.sync.timeout = 10s (default)
2021-08-15 01:17:43,449 [pool-369-thread-1] INFO  server.RaftServerConfigKeys (ConfUtils.java:logGet(44)) - raft.server.log.statemachine.data.sync.timeout.retry = -1 (default)
2021-08-15 01:17:43,450 [pool-369-thread-1] INFO  server.RaftServerConfigKeys (ConfUtils.java:logGet(44)) - raft.server.log.write.buffer.size = 1048576 (custom)
2021-08-15 01:17:43,450 [pool-369-thread-1] INFO  server.RaftServerConfigKeys (ConfUtils.java:logGet(44)) - raft.server.log.statemachine.data.caching.enabled = true (custom)
2021-08-15 01:17:43,451 [pool-369-thread-1] INFO  segmented.SegmentedRaftLogWorker (SegmentedRaftLogWorker.java:lambda$new$0(133)) - 80fb03ba-aab4-4d6c-a114-0a36b49bfdbd@group-D845931F6563-SegmentedRaftLogWorker: flushIndex: setUnconditionally 0 -> -1
2021-08-15 01:17:43,451 [pool-369-thread-1] INFO  segmented.SegmentedRaftLogWorker (SegmentedRaftLogWorker.java:lambda$new$0(133)) - 80fb03ba-aab4-4d6c-a114-0a36b49bfdbd@group-D845931F6563-SegmentedRaftLogWorker: safeCacheEvictIndex: setUnconditionally 0 -> -1
2021-08-15 01:17:43,451 [EventQueue-OpenPipelineForHealthyPipelineSafeModeRule] INFO  safemode.SCMSafeModeManager (HealthyPipelineSafeModeRule.java:process(124)) - SCM in safe mode. Healthy pipelines reported count is 0, required healthy pipeline reported count is 1
2021-08-15 01:17:43,459 [pool-369-thread-1] INFO  server.RaftServerConfigKeys (ConfUtils.java:logGet(44)) - raft.server.snapshot.auto.trigger.enabled = true (custom)
2021-08-15 01:17:43,459 [pool-369-thread-1] INFO  server.RaftServerConfigKeys (ConfUtils.java:logGet(44)) - raft.server.snapshot.auto.trigger.threshold = 10000 (custom)
2021-08-15 01:17:43,459 [pool-369-thread-1] INFO  server.RaftServerConfigKeys (ConfUtils.java:logGet(44)) - raft.server.snapshot.retention.file.num = 5 (custom)
2021-08-15 01:17:43,459 [pool-369-thread-1] INFO  server.RaftServerConfigKeys (ConfUtils.java:logGet(44)) - raft.server.log.purge.upto.snapshot.index = false (default)
2021-08-15 01:17:43,459 [pool-369-thread-1] INFO  server.RaftServerConfigKeys (ConfUtils.java:logGet(44)) - raft.server.retrycache.expirytime = 600000ms (custom)
2021-08-15 01:17:43,459 [pool-369-thread-1] INFO  server.RaftServerConfigKeys (ConfUtils.java:logGet(44)) - raft.server.retrycache.statistics.expirytime = 100μs (default)
2021-08-15 01:17:43,460 [pool-369-thread-1] INFO  server.RaftServer$Division (RaftServerImpl.java:start(296)) - 80fb03ba-aab4-4d6c-a114-0a36b49bfdbd@group-D845931F6563: start as a follower, conf=-1: [65295508-def1-4def-8cfe-b2ee89df246c|rpc:10.1.0.43:38387|priority:0, de46658e-6de7-45a1-81e4-0d2091b7d264|rpc:10.1.0.43:36647|priority:1, 80fb03ba-aab4-4d6c-a114-0a36b49bfdbd|rpc:10.1.0.43:35737|priority:0], old=null
2021-08-15 01:17:43,460 [pool-369-thread-1] INFO  server.RaftServer$Division (RaftServerImpl.java:setRole(285)) - 80fb03ba-aab4-4d6c-a114-0a36b49bfdbd@group-D845931F6563: changes role from      null to FOLLOWER at term 0 for startAsFollower
2021-08-15 01:17:43,460 [pool-369-thread-1] INFO  impl.RoleInfo (RoleInfo.java:updateAndGet(130)) - 80fb03ba-aab4-4d6c-a114-0a36b49bfdbd: start 80fb03ba-aab4-4d6c-a114-0a36b49bfdbd@group-D845931F6563-FollowerState
2021-08-15 01:17:43,468 [pool-369-thread-1] INFO  util.JmxRegister (JmxRegister.java:tryRegister(44)) - Successfully registered JMX Bean with object name Ratis:service=RaftServer,group=group-D845931F6563,id=80fb03ba-aab4-4d6c-a114-0a36b49bfdbd
2021-08-15 01:17:43,483 [Command processor thread] INFO  ratis.XceiverServerRatis (XceiverServerRatis.java:addGroup(763)) - Created group PipelineID=841087be-2d30-4ef2-aaba-d845931f6563
2021-08-15 01:17:43,532 [grpc-default-executor-0] INFO  server.RaftServer (RaftServerProxy.java:addNew(95)) - de46658e-6de7-45a1-81e4-0d2091b7d264: addNew group-D845931F6563:[65295508-def1-4def-8cfe-b2ee89df246c|rpc:10.1.0.43:38387|dataStream:|priority:0, de46658e-6de7-45a1-81e4-0d2091b7d264|rpc:10.1.0.43:36647|dataStream:|priority:1, 80fb03ba-aab4-4d6c-a114-0a36b49bfdbd|rpc:10.1.0.43:35737|dataStream:|priority:0] returns group-D845931F6563:java.util.concurrent.CompletableFuture@300358b2[Not completed]
2021-08-15 01:17:43,560 [pool-407-thread-1] INFO  server.RaftServer$Division (RaftServerImpl.java:<init>(181)) - de46658e-6de7-45a1-81e4-0d2091b7d264: new RaftServerImpl for group-D845931F6563:[65295508-def1-4def-8cfe-b2ee89df246c|rpc:10.1.0.43:38387|dataStream:|priority:0, de46658e-6de7-45a1-81e4-0d2091b7d264|rpc:10.1.0.43:36647|dataStream:|priority:1, 80fb03ba-aab4-4d6c-a114-0a36b49bfdbd|rpc:10.1.0.43:35737|dataStream:|priority:0] with ContainerStateMachine:uninitialized
2021-08-15 01:17:43,578 [pool-407-thread-1] INFO  server.RaftServerConfigKeys (ConfUtils.java:logGet(44)) - raft.server.rpc.timeout.min = 5s (custom)
2021-08-15 01:17:43,578 [pool-407-thread-1] INFO  server.RaftServerConfigKeys (ConfUtils.java:logGet(44)) - raft.server.rpc.timeout.max = 5200ms (custom)
2021-08-15 01:17:43,579 [pool-407-thread-1] INFO  server.RaftServerConfigKeys (ConfUtils.java:logGet(44)) - raft.server.rpc.sleep.time = 25ms (default)
2021-08-15 01:17:43,579 [pool-407-thread-1] INFO  server.RaftServerConfigKeys (ConfUtils.java:logGet(44)) - raft.server.rpc.slowness.timeout = 300s (custom)
2021-08-15 01:17:43,579 [pool-407-thread-1] INFO  server.RaftServerConfigKeys (ConfUtils.java:logGet(44)) - raft.server.leaderelection.leader.step-down.wait-time = 10s (default)
2021-08-15 01:17:43,579 [pool-407-thread-1] INFO  server.RaftServerConfigKeys (ConfUtils.java:logGet(44)) - raft.server.sleep.deviation.threshold = 300ms (default)
2021-08-15 01:17:43,579 [pool-407-thread-1] INFO  server.RaftServerConfigKeys (ConfUtils.java:logGet(44)) - raft.server.log.appender.install.snapshot.enabled = false (custom)
2021-08-15 01:17:43,579 [pool-407-thread-1] INFO  server.RaftServer$Division (ServerState.java:<init>(105)) - de46658e-6de7-45a1-81e4-0d2091b7d264@group-D845931F6563: ConfigurationManager, init=-1: [65295508-def1-4def-8cfe-b2ee89df246c|rpc:10.1.0.43:38387|dataStream:|priority:0, de46658e-6de7-45a1-81e4-0d2091b7d264|rpc:10.1.0.43:36647|dataStream:|priority:1, 80fb03ba-aab4-4d6c-a114-0a36b49bfdbd|rpc:10.1.0.43:35737|dataStream:|priority:0], old=null, confs=<EMPTY_MAP>
2021-08-15 01:17:43,579 [pool-407-thread-1] INFO  server.RaftServerConfigKeys (ConfUtils.java:logGet(44)) - raft.server.storage.dir = [/home/runner/work/ozone/ozone/hadoop-ozone/integration-test/target/test-dir/MiniOzoneClusterImpl-d2e0817b-7a27-4795-9ea2-3152af8552da/datanode-2/data/ratis] (custom)
2021-08-15 01:17:43,579 [pool-407-thread-1] INFO  server.RaftServerConfigKeys (ConfUtils.java:logGet(44)) - raft.server.log.corruption.policy = EXCEPTION (default)
2021-08-15 01:17:43,579 [pool-407-thread-1] INFO  server.RaftServerConfigKeys (ConfUtils.java:logGet(44)) - raft.server.storage.free-space.min = 0MB (=0) (default)
2021-08-15 01:17:43,580 [pool-407-thread-1] INFO  storage.RaftStorageDirectory (RaftStorageDirectoryImpl.java:analyzeStorage(135)) - The storage directory /home/runner/work/ozone/ozone/hadoop-ozone/integration-test/target/test-dir/MiniOzoneClusterImpl-d2e0817b-7a27-4795-9ea2-3152af8552da/datanode-2/data/ratis/841087be-2d30-4ef2-aaba-d845931f6563 does not exist. Creating ...
2021-08-15 01:17:43,582 [pool-407-thread-1] INFO  storage.RaftStorageDirectory (RaftStorageDirectoryImpl.java:tryLock(230)) - Lock on /home/runner/work/ozone/ozone/hadoop-ozone/integration-test/target/test-dir/MiniOzoneClusterImpl-d2e0817b-7a27-4795-9ea2-3152af8552da/datanode-2/data/ratis/841087be-2d30-4ef2-aaba-d845931f6563/in_use.lock acquired by nodename 21311@fv-az122-443
2021-08-15 01:17:43,586 [pool-407-thread-1] INFO  storage.RaftStorage (RaftStorageImpl.java:format(89)) - Storage directory /home/runner/work/ozone/ozone/hadoop-ozone/integration-test/target/test-dir/MiniOzoneClusterImpl-d2e0817b-7a27-4795-9ea2-3152af8552da/datanode-2/data/ratis/841087be-2d30-4ef2-aaba-d845931f6563 has been successfully formatted.
2021-08-15 01:17:43,587 [pool-407-thread-1] INFO  ratis.ContainerStateMachine (ContainerStateMachine.java:loadSnapshot(225)) - group-D845931F6563: The snapshot info is null. Setting the last applied indexto:(t:0, i:~)
2021-08-15 01:17:43,587 [pool-407-thread-1] INFO  server.RaftServerConfigKeys (ConfUtils.java:logGet(44)) - raft.server.notification.no-leader.timeout = 300s (custom)
2021-08-15 01:17:43,587 [pool-407-thread-1] INFO  server.RaftServerConfigKeys (ConfUtils.java:logGet(44)) - raft.server.log.use.memory = false (default)
2021-08-15 01:17:43,587 [pool-407-thread-1] INFO  server.RaftServerConfigKeys (ConfUtils.java:logGet(44)) - raft.server.log.purge.gap = 1000000 (custom)
2021-08-15 01:17:43,587 [pool-407-thread-1] INFO  server.RaftServerConfigKeys (ConfUtils.java:logGet(44)) - raft.server.log.appender.buffer.byte-limit = 33554432 (custom)
2021-08-15 01:17:43,587 [Datanode State Machine Thread - 0] WARN  statemachine.StateContext (StateContext.java:execute(621)) - No available thread in pool for past 1 seconds.
2021-08-15 01:17:43,588 [pool-407-thread-1] INFO  server.RaftServerConfigKeys (ConfUtils.java:logGet(44)) - raft.server.log.segment.size.max = 1048576 (custom)
2021-08-15 01:17:43,588 [pool-407-thread-1] INFO  server.RaftServerConfigKeys (ConfUtils.java:logGet(44)) - raft.server.log.segment.cache.num.max = 2 (custom)
2021-08-15 01:17:43,588 [pool-407-thread-1] INFO  server.RaftServerConfigKeys (ConfUtils.java:logGet(44)) - raft.server.log.segment.cache.size.max = 200MB (=209715200) (default)
2021-08-15 01:17:43,588 [pool-407-thread-1] INFO  segmented.SegmentedRaftLogWorker (SegmentedRaftLogWorker.java:<init>(182)) - new de46658e-6de7-45a1-81e4-0d2091b7d264@group-D845931F6563-SegmentedRaftLogWorker for RaftStorageImpl:Storage Directory /home/runner/work/ozone/ozone/hadoop-ozone/integration-test/target/test-dir/MiniOzoneClusterImpl-d2e0817b-7a27-4795-9ea2-3152af8552da/datanode-2/data/ratis/841087be-2d30-4ef2-aaba-d845931f6563
2021-08-15 01:17:43,588 [pool-407-thread-1] INFO  server.RaftServerConfigKeys (ConfUtils.java:logGet(44)) - raft.server.log.queue.byte-limit = 2147483647 (custom)
2021-08-15 01:17:43,588 [pool-407-thread-1] INFO  server.RaftServerConfigKeys (ConfUtils.java:logGet(44)) - raft.server.log.queue.element-limit = 1024 (custom)
2021-08-15 01:17:43,588 [pool-407-thread-1] INFO  server.RaftServerConfigKeys (ConfUtils.java:logGet(44)) - raft.server.log.segment.size.max = 1048576 (custom)
2021-08-15 01:17:43,588 [pool-407-thread-1] INFO  server.RaftServerConfigKeys (ConfUtils.java:logGet(44)) - raft.server.log.preallocated.size = 16384 (custom)
2021-08-15 01:17:43,588 [pool-407-thread-1] INFO  server.RaftServerConfigKeys (ConfUtils.java:logGet(44)) - raft.server.log.force.sync.num = 128 (default)
2021-08-15 01:17:43,588 [pool-407-thread-1] INFO  server.RaftServerConfigKeys (ConfUtils.java:logGet(44)) - raft.server.log.statemachine.data.sync = true (default)
2021-08-15 01:17:43,588 [pool-407-thread-1] INFO  server.RaftServerConfigKeys (ConfUtils.java:logGet(44)) - raft.server.log.statemachine.data.sync.timeout = 10s (default)
2021-08-15 01:17:43,598 [pool-407-thread-1] INFO  server.RaftServerConfigKeys (ConfUtils.java:logGet(44)) - raft.server.log.statemachine.data.sync.timeout.retry = -1 (default)
2021-08-15 01:17:43,599 [pool-407-thread-1] INFO  server.RaftServerConfigKeys (ConfUtils.java:logGet(44)) - raft.server.log.write.buffer.size = 1048576 (custom)
2021-08-15 01:17:43,600 [pool-407-thread-1] INFO  server.RaftServerConfigKeys (ConfUtils.java:logGet(44)) - raft.server.log.statemachine.data.caching.enabled = true (custom)
2021-08-15 01:17:43,600 [pool-407-thread-1] INFO  segmented.SegmentedRaftLogWorker (SegmentedRaftLogWorker.java:lambda$new$0(133)) - de46658e-6de7-45a1-81e4-0d2091b7d264@group-D845931F6563-SegmentedRaftLogWorker: flushIndex: setUnconditionally 0 -> -1
2021-08-15 01:17:43,600 [pool-407-thread-1] INFO  segmented.SegmentedRaftLogWorker (SegmentedRaftLogWorker.java:lambda$new$0(133)) - de46658e-6de7-45a1-81e4-0d2091b7d264@group-D845931F6563-SegmentedRaftLogWorker: safeCacheEvictIndex: setUnconditionally 0 -> -1
2021-08-15 01:17:43,600 [pool-407-thread-1] INFO  server.RaftServerConfigKeys (ConfUtils.java:logGet(44)) - raft.server.snapshot.auto.trigger.enabled = true (custom)
2021-08-15 01:17:43,600 [pool-407-thread-1] INFO  server.RaftServerConfigKeys (ConfUtils.java:logGet(44)) - raft.server.snapshot.auto.trigger.threshold = 10000 (custom)
2021-08-15 01:17:43,600 [pool-407-thread-1] INFO  server.RaftServerConfigKeys (ConfUtils.java:logGet(44)) - raft.server.snapshot.retention.file.num = 5 (custom)
2021-08-15 01:17:43,600 [pool-407-thread-1] INFO  server.RaftServerConfigKeys (ConfUtils.java:logGet(44)) - raft.server.log.purge.upto.snapshot.index = false (default)
2021-08-15 01:17:43,600 [pool-407-thread-1] INFO  server.RaftServerConfigKeys (ConfUtils.java:logGet(44)) - raft.server.retrycache.expirytime = 600000ms (custom)
2021-08-15 01:17:43,600 [pool-407-thread-1] INFO  server.RaftServerConfigKeys (ConfUtils.java:logGet(44)) - raft.server.retrycache.statistics.expirytime = 100μs (default)
2021-08-15 01:17:43,601 [pool-407-thread-1] INFO  server.RaftServer$Division (RaftServerImpl.java:start(296)) - de46658e-6de7-45a1-81e4-0d2091b7d264@group-D845931F6563: start as a follower, conf=-1: [65295508-def1-4def-8cfe-b2ee89df246c|rpc:10.1.0.43:38387|dataStream:|priority:0, de46658e-6de7-45a1-81e4-0d2091b7d264|rpc:10.1.0.43:36647|dataStream:|priority:1, 80fb03ba-aab4-4d6c-a114-0a36b49bfdbd|rpc:10.1.0.43:35737|dataStream:|priority:0], old=null
2021-08-15 01:17:43,602 [pool-407-thread-1] INFO  server.RaftServer$Division (RaftServerImpl.java:setRole(285)) - de46658e-6de7-45a1-81e4-0d2091b7d264@group-D845931F6563: changes role from      null to FOLLOWER at term 0 for startAsFollower
2021-08-15 01:17:43,602 [pool-407-thread-1] INFO  impl.RoleInfo (RoleInfo.java:updateAndGet(130)) - de46658e-6de7-45a1-81e4-0d2091b7d264: start de46658e-6de7-45a1-81e4-0d2091b7d264@group-D845931F6563-FollowerState
2021-08-15 01:17:43,614 [pool-407-thread-1] INFO  util.JmxRegister (JmxRegister.java:tryRegister(44)) - Successfully registered JMX Bean with object name Ratis:service=RaftServer,group=group-D845931F6563,id=de46658e-6de7-45a1-81e4-0d2091b7d264
2021-08-15 01:17:43,667 [grpc-default-executor-0] INFO  server.RaftServer (RaftServerProxy.java:addNew(95)) - 65295508-def1-4def-8cfe-b2ee89df246c: addNew group-D845931F6563:[65295508-def1-4def-8cfe-b2ee89df246c|rpc:10.1.0.43:38387|dataStream:|priority:0, de46658e-6de7-45a1-81e4-0d2091b7d264|rpc:10.1.0.43:36647|dataStream:|priority:1, 80fb03ba-aab4-4d6c-a114-0a36b49bfdbd|rpc:10.1.0.43:35737|dataStream:|priority:0] returns group-D845931F6563:java.util.concurrent.CompletableFuture@71dc01cb[Not completed]
2021-08-15 01:17:43,668 [pool-388-thread-1] INFO  server.RaftServer$Division (RaftServerImpl.java:<init>(181)) - 65295508-def1-4def-8cfe-b2ee89df246c: new RaftServerImpl for group-D845931F6563:[65295508-def1-4def-8cfe-b2ee89df246c|rpc:10.1.0.43:38387|dataStream:|priority:0, de46658e-6de7-45a1-81e4-0d2091b7d264|rpc:10.1.0.43:36647|dataStream:|priority:1, 80fb03ba-aab4-4d6c-a114-0a36b49bfdbd|rpc:10.1.0.43:35737|dataStream:|priority:0] with ContainerStateMachine:uninitialized
2021-08-15 01:17:43,668 [pool-388-thread-1] INFO  server.RaftServerConfigKeys (ConfUtils.java:logGet(44)) - raft.server.rpc.timeout.min = 5s (custom)
2021-08-15 01:17:43,668 [pool-388-thread-1] INFO  server.RaftServerConfigKeys (ConfUtils.java:logGet(44)) - raft.server.rpc.timeout.max = 5200ms (custom)
2021-08-15 01:17:43,668 [pool-388-thread-1] INFO  server.RaftServerConfigKeys (ConfUtils.java:logGet(44)) - raft.server.rpc.sleep.time = 25ms (default)
2021-08-15 01:17:43,668 [pool-388-thread-1] INFO  server.RaftServerConfigKeys (ConfUtils.java:logGet(44)) - raft.server.rpc.slowness.timeout = 300s (custom)
2021-08-15 01:17:43,668 [pool-388-thread-1] INFO  server.RaftServerConfigKeys (ConfUtils.java:logGet(44)) - raft.server.leaderelection.leader.step-down.wait-time = 10s (default)
2021-08-15 01:17:43,668 [pool-388-thread-1] INFO  server.RaftServerConfigKeys (ConfUtils.java:logGet(44)) - raft.server.sleep.deviation.threshold = 300ms (default)
2021-08-15 01:17:43,668 [pool-388-thread-1] INFO  server.RaftServerConfigKeys (ConfUtils.java:logGet(44)) - raft.server.log.appender.install.snapshot.enabled = false (custom)
2021-08-15 01:17:43,668 [pool-388-thread-1] INFO  server.RaftServer$Division (ServerState.java:<init>(105)) - 65295508-def1-4def-8cfe-b2ee89df246c@group-D845931F6563: ConfigurationManager, init=-1: [65295508-def1-4def-8cfe-b2ee89df246c|rpc:10.1.0.43:38387|dataStream:|priority:0, de46658e-6de7-45a1-81e4-0d2091b7d264|rpc:10.1.0.43:36647|dataStream:|priority:1, 80fb03ba-aab4-4d6c-a114-0a36b49bfdbd|rpc:10.1.0.43:35737|dataStream:|priority:0], old=null, confs=<EMPTY_MAP>
2021-08-15 01:17:43,669 [pool-388-thread-1] INFO  server.RaftServerConfigKeys (ConfUtils.java:logGet(44)) - raft.server.storage.dir = [/home/runner/work/ozone/ozone/hadoop-ozone/integration-test/target/test-dir/MiniOzoneClusterImpl-d2e0817b-7a27-4795-9ea2-3152af8552da/datanode-1/data/ratis] (custom)
2021-08-15 01:17:43,669 [pool-388-thread-1] INFO  server.RaftServerConfigKeys (ConfUtils.java:logGet(44)) - raft.server.log.corruption.policy = EXCEPTION (default)
2021-08-15 01:17:43,669 [pool-388-thread-1] INFO  server.RaftServerConfigKeys (ConfUtils.java:logGet(44)) - raft.server.storage.free-space.min = 0MB (=0) (default)
2021-08-15 01:17:43,669 [pool-388-thread-1] INFO  storage.RaftStorageDirectory (RaftStorageDirectoryImpl.java:analyzeStorage(135)) - The storage directory /home/runner/work/ozone/ozone/hadoop-ozone/integration-test/target/test-dir/MiniOzoneClusterImpl-d2e0817b-7a27-4795-9ea2-3152af8552da/datanode-1/data/ratis/841087be-2d30-4ef2-aaba-d845931f6563 does not exist. Creating ...
2021-08-15 01:17:43,674 [pool-388-thread-1] INFO  storage.RaftStorageDirectory (RaftStorageDirectoryImpl.java:tryLock(230)) - Lock on /home/runner/work/ozone/ozone/hadoop-ozone/integration-test/target/test-dir/MiniOzoneClusterImpl-d2e0817b-7a27-4795-9ea2-3152af8552da/datanode-1/data/ratis/841087be-2d30-4ef2-aaba-d845931f6563/in_use.lock acquired by nodename 21311@fv-az122-443
2021-08-15 01:17:43,679 [pool-388-thread-1] INFO  storage.RaftStorage (RaftStorageImpl.java:format(89)) - Storage directory /home/runner/work/ozone/ozone/hadoop-ozone/integration-test/target/test-dir/MiniOzoneClusterImpl-d2e0817b-7a27-4795-9ea2-3152af8552da/datanode-1/data/ratis/841087be-2d30-4ef2-aaba-d845931f6563 has been successfully formatted.
2021-08-15 01:17:43,683 [pool-388-thread-1] INFO  ratis.ContainerStateMachine (ContainerStateMachine.java:loadSnapshot(225)) - group-D845931F6563: The snapshot info is null. Setting the last applied indexto:(t:0, i:~)
2021-08-15 01:17:43,683 [pool-388-thread-1] INFO  server.RaftServerConfigKeys (ConfUtils.java:logGet(44)) - raft.server.notification.no-leader.timeout = 300s (custom)
2021-08-15 01:17:43,687 [pool-388-thread-1] INFO  server.RaftServerConfigKeys (ConfUtils.java:logGet(44)) - raft.server.log.use.memory = false (default)
2021-08-15 01:17:43,687 [pool-388-thread-1] INFO  server.RaftServerConfigKeys (ConfUtils.java:logGet(44)) - raft.server.log.purge.gap = 1000000 (custom)
2021-08-15 01:17:43,687 [pool-388-thread-1] INFO  server.RaftServerConfigKeys (ConfUtils.java:logGet(44)) - raft.server.log.appender.buffer.byte-limit = 33554432 (custom)
2021-08-15 01:17:43,688 [pool-388-thread-1] INFO  server.RaftServerConfigKeys (ConfUtils.java:logGet(44)) - raft.server.log.segment.size.max = 1048576 (custom)
2021-08-15 01:17:43,689 [pool-388-thread-1] INFO  server.RaftServerConfigKeys (ConfUtils.java:logGet(44)) - raft.server.log.segment.cache.num.max = 2 (custom)
2021-08-15 01:17:43,689 [pool-388-thread-1] INFO  server.RaftServerConfigKeys (ConfUtils.java:logGet(44)) - raft.server.log.segment.cache.size.max = 200MB (=209715200) (default)
2021-08-15 01:17:43,689 [pool-388-thread-1] INFO  segmented.SegmentedRaftLogWorker (SegmentedRaftLogWorker.java:<init>(182)) - new 65295508-def1-4def-8cfe-b2ee89df246c@group-D845931F6563-SegmentedRaftLogWorker for RaftStorageImpl:Storage Directory /home/runner/work/ozone/ozone/hadoop-ozone/integration-test/target/test-dir/MiniOzoneClusterImpl-d2e0817b-7a27-4795-9ea2-3152af8552da/datanode-1/data/ratis/841087be-2d30-4ef2-aaba-d845931f6563
2021-08-15 01:17:43,689 [pool-388-thread-1] INFO  server.RaftServerConfigKeys (ConfUtils.java:logGet(44)) - raft.server.log.queue.byte-limit = 2147483647 (custom)
2021-08-15 01:17:43,689 [pool-388-thread-1] INFO  server.RaftServerConfigKeys (ConfUtils.java:logGet(44)) - raft.server.log.queue.element-limit = 1024 (custom)
2021-08-15 01:17:43,689 [pool-388-thread-1] INFO  server.RaftServerConfigKeys (ConfUtils.java:logGet(44)) - raft.server.log.segment.size.max = 1048576 (custom)
2021-08-15 01:17:43,689 [pool-388-thread-1] INFO  server.RaftServerConfigKeys (ConfUtils.java:logGet(44)) - raft.server.log.preallocated.size = 16384 (custom)
2021-08-15 01:17:43,689 [pool-388-thread-1] INFO  server.RaftServerConfigKeys (ConfUtils.java:logGet(44)) - raft.server.log.force.sync.num = 128 (default)
2021-08-15 01:17:43,689 [pool-388-thread-1] INFO  server.RaftServerConfigKeys (ConfUtils.java:logGet(44)) - raft.server.log.statemachine.data.sync = true (default)
2021-08-15 01:17:43,690 [pool-388-thread-1] INFO  server.RaftServerConfigKeys (ConfUtils.java:logGet(44)) - raft.server.log.statemachine.data.sync.timeout = 10s (default)
2021-08-15 01:17:43,690 [pool-388-thread-1] INFO  server.RaftServerConfigKeys (ConfUtils.java:logGet(44)) - raft.server.log.statemachine.data.sync.timeout.retry = -1 (default)
2021-08-15 01:17:43,690 [pool-388-thread-1] INFO  server.RaftServerConfigKeys (ConfUtils.java:logGet(44)) - raft.server.log.write.buffer.size = 1048576 (custom)
2021-08-15 01:17:43,691 [pool-388-thread-1] INFO  server.RaftServerConfigKeys (ConfUtils.java:logGet(44)) - raft.server.log.statemachine.data.caching.enabled = true (custom)
2021-08-15 01:17:43,691 [pool-388-thread-1] INFO  segmented.SegmentedRaftLogWorker (SegmentedRaftLogWorker.java:lambda$new$0(133)) - 65295508-def1-4def-8cfe-b2ee89df246c@group-D845931F6563-SegmentedRaftLogWorker: flushIndex: setUnconditionally 0 -> -1
2021-08-15 01:17:43,691 [pool-388-thread-1] INFO  segmented.SegmentedRaftLogWorker (SegmentedRaftLogWorker.java:lambda$new$0(133)) - 65295508-def1-4def-8cfe-b2ee89df246c@group-D845931F6563-SegmentedRaftLogWorker: safeCacheEvictIndex: setUnconditionally 0 -> -1
2021-08-15 01:17:43,691 [pool-388-thread-1] INFO  server.RaftServerConfigKeys (ConfUtils.java:logGet(44)) - raft.server.snapshot.auto.trigger.enabled = true (custom)
2021-08-15 01:17:43,691 [pool-388-thread-1] INFO  server.RaftServerConfigKeys (ConfUtils.java:logGet(44)) - raft.server.snapshot.auto.trigger.threshold = 10000 (custom)
2021-08-15 01:17:43,691 [pool-388-thread-1] INFO  server.RaftServerConfigKeys (ConfUtils.java:logGet(44)) - raft.server.snapshot.retention.file.num = 5 (custom)
2021-08-15 01:17:43,691 [pool-388-thread-1] INFO  server.RaftServerConfigKeys (ConfUtils.java:logGet(44)) - raft.server.log.purge.upto.snapshot.index = false (default)
2021-08-15 01:17:43,691 [pool-388-thread-1] INFO  server.RaftServerConfigKeys (ConfUtils.java:logGet(44)) - raft.server.retrycache.expirytime = 600000ms (custom)
2021-08-15 01:17:43,691 [pool-388-thread-1] INFO  server.RaftServerConfigKeys (ConfUtils.java:logGet(44)) - raft.server.retrycache.statistics.expirytime = 100μs (default)
2021-08-15 01:17:43,692 [pool-388-thread-1] INFO  server.RaftServer$Division (RaftServerImpl.java:start(296)) - 65295508-def1-4def-8cfe-b2ee89df246c@group-D845931F6563: start as a follower, conf=-1: [65295508-def1-4def-8cfe-b2ee89df246c|rpc:10.1.0.43:38387|dataStream:|priority:0, de46658e-6de7-45a1-81e4-0d2091b7d264|rpc:10.1.0.43:36647|dataStream:|priority:1, 80fb03ba-aab4-4d6c-a114-0a36b49bfdbd|rpc:10.1.0.43:35737|dataStream:|priority:0], old=null
2021-08-15 01:17:43,692 [pool-388-thread-1] INFO  server.RaftServer$Division (RaftServerImpl.java:setRole(285)) - 65295508-def1-4def-8cfe-b2ee89df246c@group-D845931F6563: changes role from      null to FOLLOWER at term 0 for startAsFollower
2021-08-15 01:17:43,692 [pool-388-thread-1] INFO  impl.RoleInfo (RoleInfo.java:updateAndGet(130)) - 65295508-def1-4def-8cfe-b2ee89df246c: start 65295508-def1-4def-8cfe-b2ee89df246c@group-D845931F6563-FollowerState
2021-08-15 01:17:43,695 [pool-388-thread-1] INFO  util.JmxRegister (JmxRegister.java:tryRegister(44)) - Successfully registered JMX Bean with object name Ratis:service=RaftServer,group=group-D845931F6563,id=65295508-def1-4def-8cfe-b2ee89df246c
2021-08-15 01:17:43,737 [Command processor thread] INFO  commandhandler.CreatePipelineCommandHandler (CreatePipelineCommandHandler.java:handle(106)) - Created Pipeline RATIS THREE PipelineID=841087be-2d30-4ef2-aaba-d845931f6563.
2021-08-15 01:17:43,740 [Command processor thread] INFO  server.RaftServer (RaftServerProxy.java:addNew(95)) - 80fb03ba-aab4-4d6c-a114-0a36b49bfdbd: addNew group-50B81F3CF1A5:[65295508-def1-4def-8cfe-b2ee89df246c|rpc:10.1.0.43:38387|priority:1, de46658e-6de7-45a1-81e4-0d2091b7d264|rpc:10.1.0.43:36647|priority:0, 80fb03ba-aab4-4d6c-a114-0a36b49bfdbd|rpc:10.1.0.43:35737|priority:0] returns group-50B81F3CF1A5:java.util.concurrent.CompletableFuture@377e0e42[Not completed]
2021-08-15 01:17:43,741 [pool-369-thread-1] INFO  server.RaftServer$Division (RaftServerImpl.java:<init>(181)) - 80fb03ba-aab4-4d6c-a114-0a36b49bfdbd: new RaftServerImpl for group-50B81F3CF1A5:[65295508-def1-4def-8cfe-b2ee89df246c|rpc:10.1.0.43:38387|priority:1, de46658e-6de7-45a1-81e4-0d2091b7d264|rpc:10.1.0.43:36647|priority:0, 80fb03ba-aab4-4d6c-a114-0a36b49bfdbd|rpc:10.1.0.43:35737|priority:0] with ContainerStateMachine:uninitialized
2021-08-15 01:17:43,741 [pool-369-thread-1] INFO  server.RaftServerConfigKeys (ConfUtils.java:logGet(44)) - raft.server.rpc.timeout.min = 5s (custom)
2021-08-15 01:17:43,741 [pool-369-thread-1] INFO  server.RaftServerConfigKeys (ConfUtils.java:logGet(44)) - raft.server.rpc.timeout.max = 5200ms (custom)
2021-08-15 01:17:43,741 [pool-369-thread-1] INFO  server.RaftServerConfigKeys (ConfUtils.java:logGet(44)) - raft.server.rpc.sleep.time = 25ms (default)
2021-08-15 01:17:43,741 [pool-369-thread-1] INFO  server.RaftServerConfigKeys (ConfUtils.java:logGet(44)) - raft.server.rpc.slowness.timeout = 300s (custom)
2021-08-15 01:17:43,741 [pool-369-thread-1] INFO  server.RaftServerConfigKeys (ConfUtils.java:logGet(44)) - raft.server.leaderelection.leader.step-down.wait-time = 10s (default)
2021-08-15 01:17:43,741 [pool-369-thread-1] INFO  server.RaftServerConfigKeys (ConfUtils.java:logGet(44)) - raft.server.sleep.deviation.threshold = 300ms (default)
2021-08-15 01:17:43,741 [pool-369-thread-1] INFO  server.RaftServerConfigKeys (ConfUtils.java:logGet(44)) - raft.server.log.appender.install.snapshot.enabled = false (custom)
2021-08-15 01:17:43,741 [pool-369-thread-1] INFO  server.RaftServer$Division (ServerState.java:<init>(105)) - 80fb03ba-aab4-4d6c-a114-0a36b49bfdbd@group-50B81F3CF1A5: ConfigurationManager, init=-1: [65295508-def1-4def-8cfe-b2ee89df246c|rpc:10.1.0.43:38387|priority:1, de46658e-6de7-45a1-81e4-0d2091b7d264|rpc:10.1.0.43:36647|priority:0, 80fb03ba-aab4-4d6c-a114-0a36b49bfdbd|rpc:10.1.0.43:35737|priority:0], old=null, confs=<EMPTY_MAP>
2021-08-15 01:17:43,741 [pool-369-thread-1] INFO  server.RaftServerConfigKeys (ConfUtils.java:logGet(44)) - raft.server.storage.dir = [/home/runner/work/ozone/ozone/hadoop-ozone/integration-test/target/test-dir/MiniOzoneClusterImpl-d2e0817b-7a27-4795-9ea2-3152af8552da/datanode-0/data/ratis] (custom)
2021-08-15 01:17:43,742 [pool-369-thread-1] INFO  server.RaftServerConfigKeys (ConfUtils.java:logGet(44)) - raft.server.log.corruption.policy = EXCEPTION (default)
2021-08-15 01:17:43,742 [pool-369-thread-1] INFO  server.RaftServerConfigKeys (ConfUtils.java:logGet(44)) - raft.server.storage.free-space.min = 0MB (=0) (default)
2021-08-15 01:17:43,742 [pool-369-thread-1] INFO  storage.RaftStorageDirectory (RaftStorageDirectoryImpl.java:analyzeStorage(135)) - The storage directory /home/runner/work/ozone/ozone/hadoop-ozone/integration-test/target/test-dir/MiniOzoneClusterImpl-d2e0817b-7a27-4795-9ea2-3152af8552da/datanode-0/data/ratis/1b686b0a-7480-43f8-9750-50b81f3cf1a5 does not exist. Creating ...
2021-08-15 01:17:43,744 [pool-369-thread-1] INFO  storage.RaftStorageDirectory (RaftStorageDirectoryImpl.java:tryLock(230)) - Lock on /home/runner/work/ozone/ozone/hadoop-ozone/integration-test/target/test-dir/MiniOzoneClusterImpl-d2e0817b-7a27-4795-9ea2-3152af8552da/datanode-0/data/ratis/1b686b0a-7480-43f8-9750-50b81f3cf1a5/in_use.lock acquired by nodename 21311@fv-az122-443
2021-08-15 01:17:43,745 [pool-369-thread-1] INFO  storage.RaftStorage (RaftStorageImpl.java:format(89)) - Storage directory /home/runner/work/ozone/ozone/hadoop-ozone/integration-test/target/test-dir/MiniOzoneClusterImpl-d2e0817b-7a27-4795-9ea2-3152af8552da/datanode-0/data/ratis/1b686b0a-7480-43f8-9750-50b81f3cf1a5 has been successfully formatted.
2021-08-15 01:17:43,745 [pool-369-thread-1] INFO  ratis.ContainerStateMachine (ContainerStateMachine.java:loadSnapshot(225)) - group-50B81F3CF1A5: The snapshot info is null. Setting the last applied indexto:(t:0, i:~)
2021-08-15 01:17:43,746 [pool-369-thread-1] INFO  server.RaftServerConfigKeys (ConfUtils.java:logGet(44)) - raft.server.notification.no-leader.timeout = 300s (custom)
2021-08-15 01:17:43,746 [pool-369-thread-1] INFO  server.RaftServerConfigKeys (ConfUtils.java:logGet(44)) - raft.server.log.use.memory = false (default)
2021-08-15 01:17:43,746 [pool-369-thread-1] INFO  server.RaftServerConfigKeys (ConfUtils.java:logGet(44)) - raft.server.log.purge.gap = 1000000 (custom)
2021-08-15 01:17:43,746 [pool-369-thread-1] INFO  server.RaftServerConfigKeys (ConfUtils.java:logGet(44)) - raft.server.log.appender.buffer.byte-limit = 33554432 (custom)
2021-08-15 01:17:43,746 [pool-369-thread-1] INFO  server.RaftServerConfigKeys (ConfUtils.java:logGet(44)) - raft.server.log.segment.size.max = 1048576 (custom)
2021-08-15 01:17:43,746 [pool-369-thread-1] INFO  server.RaftServerConfigKeys (ConfUtils.java:logGet(44)) - raft.server.log.segment.cache.num.max = 2 (custom)
2021-08-15 01:17:43,746 [pool-369-thread-1] INFO  server.RaftServerConfigKeys (ConfUtils.java:logGet(44)) - raft.server.log.segment.cache.size.max = 200MB (=209715200) (default)
2021-08-15 01:17:43,746 [pool-369-thread-1] INFO  segmented.SegmentedRaftLogWorker (SegmentedRaftLogWorker.java:<init>(182)) - new 80fb03ba-aab4-4d6c-a114-0a36b49bfdbd@group-50B81F3CF1A5-SegmentedRaftLogWorker for RaftStorageImpl:Storage Directory /home/runner/work/ozone/ozone/hadoop-ozone/integration-test/target/test-dir/MiniOzoneClusterImpl-d2e0817b-7a27-4795-9ea2-3152af8552da/datanode-0/data/ratis/1b686b0a-7480-43f8-9750-50b81f3cf1a5
2021-08-15 01:17:43,746 [Datanode State Machine Thread - 0] WARN  statemachine.StateContext (StateContext.java:execute(621)) - No available thread in pool for past 1 seconds.
2021-08-15 01:17:43,747 [pool-369-thread-1] INFO  server.RaftServerConfigKeys (ConfUtils.java:logGet(44)) - raft.server.log.queue.byte-limit = 2147483647 (custom)
2021-08-15 01:17:43,747 [pool-369-thread-1] INFO  server.RaftServerConfigKeys (ConfUtils.java:logGet(44)) - raft.server.log.queue.element-limit = 1024 (custom)
2021-08-15 01:17:43,747 [pool-369-thread-1] INFO  server.RaftServerConfigKeys (ConfUtils.java:logGet(44)) - raft.server.log.segment.size.max = 1048576 (custom)
2021-08-15 01:17:43,747 [pool-369-thread-1] INFO  server.RaftServerConfigKeys (ConfUtils.java:logGet(44)) - raft.server.log.preallocated.size = 16384 (custom)
2021-08-15 01:17:43,747 [EventQueue-OpenPipelineForHealthyPipelineSafeModeRule] INFO  safemode.SCMSafeModeManager (HealthyPipelineSafeModeRule.java:process(124)) - SCM in safe mode. Healthy pipelines reported count is 0, required healthy pipeline reported count is 1
2021-08-15 01:17:43,748 [pool-369-thread-1] INFO  server.RaftServerConfigKeys (ConfUtils.java:logGet(44)) - raft.server.log.force.sync.num = 128 (default)
2021-08-15 01:17:43,748 [pool-369-thread-1] INFO  server.RaftServerConfigKeys (ConfUtils.java:logGet(44)) - raft.server.log.statemachine.data.sync = true (default)
2021-08-15 01:17:43,748 [pool-369-thread-1] INFO  server.RaftServerConfigKeys (ConfUtils.java:logGet(44)) - raft.server.log.statemachine.data.sync.timeout = 10s (default)
2021-08-15 01:17:43,748 [pool-369-thread-1] INFO  server.RaftServerConfigKeys (ConfUtils.java:logGet(44)) - raft.server.log.statemachine.data.sync.timeout.retry = -1 (default)
2021-08-15 01:17:43,749 [pool-369-thread-1] INFO  server.RaftServerConfigKeys (ConfUtils.java:logGet(44)) - raft.server.log.write.buffer.size = 1048576 (custom)
2021-08-15 01:17:43,749 [pool-369-thread-1] INFO  server.RaftServerConfigKeys (ConfUtils.java:logGet(44)) - raft.server.log.statemachine.data.caching.enabled = true (custom)
2021-08-15 01:17:43,749 [pool-369-thread-1] INFO  segmented.SegmentedRaftLogWorker (SegmentedRaftLogWorker.java:lambda$new$0(133)) - 80fb03ba-aab4-4d6c-a114-0a36b49bfdbd@group-50B81F3CF1A5-SegmentedRaftLogWorker: flushIndex: setUnconditionally 0 -> -1
2021-08-15 01:17:43,749 [pool-369-thread-1] INFO  segmented.SegmentedRaftLogWorker (SegmentedRaftLogWorker.java:lambda$new$0(133)) - 80fb03ba-aab4-4d6c-a114-0a36b49bfdbd@group-50B81F3CF1A5-SegmentedRaftLogWorker: safeCacheEvictIndex: setUnconditionally 0 -> -1
2021-08-15 01:17:43,749 [pool-369-thread-1] INFO  server.RaftServerConfigKeys (ConfUtils.java:logGet(44)) - raft.server.snapshot.auto.trigger.enabled = true (custom)
2021-08-15 01:17:43,749 [pool-369-thread-1] INFO  server.RaftServerConfigKeys (ConfUtils.java:logGet(44)) - raft.server.snapshot.auto.trigger.threshold = 10000 (custom)
2021-08-15 01:17:43,749 [pool-369-thread-1] INFO  server.RaftServerConfigKeys (ConfUtils.java:logGet(44)) - raft.server.snapshot.retention.file.num = 5 (custom)
2021-08-15 01:17:43,749 [pool-369-thread-1] INFO  server.RaftServerConfigKeys (ConfUtils.java:logGet(44)) - raft.server.log.purge.upto.snapshot.index = false (default)
2021-08-15 01:17:43,749 [pool-369-thread-1] INFO  server.RaftServerConfigKeys (ConfUtils.java:logGet(44)) - raft.server.retrycache.expirytime = 600000ms (custom)
2021-08-15 01:17:43,749 [pool-369-thread-1] INFO  server.RaftServerConfigKeys (ConfUtils.java:logGet(44)) - raft.server.retrycache.statistics.expirytime = 100μs (default)
2021-08-15 01:17:43,750 [pool-369-thread-1] INFO  server.RaftServer$Division (RaftServerImpl.java:start(296)) - 80fb03ba-aab4-4d6c-a114-0a36b49bfdbd@group-50B81F3CF1A5: start as a follower, conf=-1: [65295508-def1-4def-8cfe-b2ee89df246c|rpc:10.1.0.43:38387|priority:1, de46658e-6de7-45a1-81e4-0d2091b7d264|rpc:10.1.0.43:36647|priority:0, 80fb03ba-aab4-4d6c-a114-0a36b49bfdbd|rpc:10.1.0.43:35737|priority:0], old=null
2021-08-15 01:17:43,750 [pool-369-thread-1] INFO  server.RaftServer$Division (RaftServerImpl.java:setRole(285)) - 80fb03ba-aab4-4d6c-a114-0a36b49bfdbd@group-50B81F3CF1A5: changes role from      null to FOLLOWER at term 0 for startAsFollower
2021-08-15 01:17:43,750 [pool-369-thread-1] INFO  impl.RoleInfo (RoleInfo.java:updateAndGet(130)) - 80fb03ba-aab4-4d6c-a114-0a36b49bfdbd: start 80fb03ba-aab4-4d6c-a114-0a36b49bfdbd@group-50B81F3CF1A5-FollowerState
2021-08-15 01:17:43,751 [pool-369-thread-1] INFO  util.JmxRegister (JmxRegister.java:tryRegister(44)) - Successfully registered JMX Bean with object name Ratis:service=RaftServer,group=group-50B81F3CF1A5,id=80fb03ba-aab4-4d6c-a114-0a36b49bfdbd
2021-08-15 01:17:43,751 [Command processor thread] INFO  ratis.XceiverServerRatis (XceiverServerRatis.java:addGroup(763)) - Created group PipelineID=1b686b0a-7480-43f8-9750-50b81f3cf1a5
2021-08-15 01:17:43,768 [grpc-default-executor-0] INFO  server.RaftServer (RaftServerProxy.java:addNew(95)) - 65295508-def1-4def-8cfe-b2ee89df246c: addNew group-50B81F3CF1A5:[65295508-def1-4def-8cfe-b2ee89df246c|rpc:10.1.0.43:38387|dataStream:|priority:1, de46658e-6de7-45a1-81e4-0d2091b7d264|rpc:10.1.0.43:36647|dataStream:|priority:0, 80fb03ba-aab4-4d6c-a114-0a36b49bfdbd|rpc:10.1.0.43:35737|dataStream:|priority:0] returns group-50B81F3CF1A5:java.util.concurrent.CompletableFuture@2da8728d[Not completed]
2021-08-15 01:17:43,769 [pool-388-thread-1] INFO  server.RaftServer$Division (RaftServerImpl.java:<init>(181)) - 65295508-def1-4def-8cfe-b2ee89df246c: new RaftServerImpl for group-50B81F3CF1A5:[65295508-def1-4def-8cfe-b2ee89df246c|rpc:10.1.0.43:38387|dataStream:|priority:1, de46658e-6de7-45a1-81e4-0d2091b7d264|rpc:10.1.0.43:36647|dataStream:|priority:0, 80fb03ba-aab4-4d6c-a114-0a36b49bfdbd|rpc:10.1.0.43:35737|dataStream:|priority:0] with ContainerStateMachine:uninitialized
2021-08-15 01:17:43,769 [pool-388-thread-1] INFO  server.RaftServerConfigKeys (ConfUtils.java:logGet(44)) - raft.server.rpc.timeout.min = 5s (custom)
2021-08-15 01:17:43,769 [pool-388-thread-1] INFO  server.RaftServerConfigKeys (ConfUtils.java:logGet(44)) - raft.server.rpc.timeout.max = 5200ms (custom)
2021-08-15 01:17:43,769 [pool-388-thread-1] INFO  server.RaftServerConfigKeys (ConfUtils.java:logGet(44)) - raft.server.rpc.sleep.time = 25ms (default)
2021-08-15 01:17:43,769 [pool-388-thread-1] INFO  server.RaftServerConfigKeys (ConfUtils.java:logGet(44)) - raft.server.rpc.slowness.timeout = 300s (custom)
2021-08-15 01:17:43,769 [pool-388-thread-1] INFO  server.RaftServerConfigKeys (ConfUtils.java:logGet(44)) - raft.server.leaderelection.leader.step-down.wait-time = 10s (default)
2021-08-15 01:17:43,769 [pool-388-thread-1] INFO  server.RaftServerConfigKeys (ConfUtils.java:logGet(44)) - raft.server.sleep.deviation.threshold = 300ms (default)
2021-08-15 01:17:43,769 [pool-388-thread-1] INFO  server.RaftServerConfigKeys (ConfUtils.java:logGet(44)) - raft.server.log.appender.install.snapshot.enabled = false (custom)
2021-08-15 01:17:43,769 [pool-388-thread-1] INFO  server.RaftServer$Division (ServerState.java:<init>(105)) - 65295508-def1-4def-8cfe-b2ee89df246c@group-50B81F3CF1A5: ConfigurationManager, init=-1: [65295508-def1-4def-8cfe-b2ee89df246c|rpc:10.1.0.43:38387|dataStream:|priority:1, de46658e-6de7-45a1-81e4-0d2091b7d264|rpc:10.1.0.43:36647|dataStream:|priority:0, 80fb03ba-aab4-4d6c-a114-0a36b49bfdbd|rpc:10.1.0.43:35737|dataStream:|priority:0], old=null, confs=<EMPTY_MAP>
2021-08-15 01:17:43,770 [pool-388-thread-1] INFO  server.RaftServerConfigKeys (ConfUtils.java:logGet(44)) - raft.server.storage.dir = [/home/runner/work/ozone/ozone/hadoop-ozone/integration-test/target/test-dir/MiniOzoneClusterImpl-d2e0817b-7a27-4795-9ea2-3152af8552da/datanode-1/data/ratis] (custom)
2021-08-15 01:17:43,770 [pool-388-thread-1] INFO  server.RaftServerConfigKeys (ConfUtils.java:logGet(44)) - raft.server.log.corruption.policy = EXCEPTION (default)
2021-08-15 01:17:43,770 [pool-388-thread-1] INFO  server.RaftServerConfigKeys (ConfUtils.java:logGet(44)) - raft.server.storage.free-space.min = 0MB (=0) (default)
2021-08-15 01:17:43,770 [pool-388-thread-1] INFO  storage.RaftStorageDirectory (RaftStorageDirectoryImpl.java:analyzeStorage(135)) - The storage directory /home/runner/work/ozone/ozone/hadoop-ozone/integration-test/target/test-dir/MiniOzoneClusterImpl-d2e0817b-7a27-4795-9ea2-3152af8552da/datanode-1/data/ratis/1b686b0a-7480-43f8-9750-50b81f3cf1a5 does not exist. Creating ...
2021-08-15 01:17:43,776 [pool-388-thread-1] INFO  storage.RaftStorageDirectory (RaftStorageDirectoryImpl.java:tryLock(230)) - Lock on /home/runner/work/ozone/ozone/hadoop-ozone/integration-test/target/test-dir/MiniOzoneClusterImpl-d2e0817b-7a27-4795-9ea2-3152af8552da/datanode-1/data/ratis/1b686b0a-7480-43f8-9750-50b81f3cf1a5/in_use.lock acquired by nodename 21311@fv-az122-443
2021-08-15 01:17:43,786 [pool-388-thread-1] INFO  storage.RaftStorage (RaftStorageImpl.java:format(89)) - Storage directory /home/runner/work/ozone/ozone/hadoop-ozone/integration-test/target/test-dir/MiniOzoneClusterImpl-d2e0817b-7a27-4795-9ea2-3152af8552da/datanode-1/data/ratis/1b686b0a-7480-43f8-9750-50b81f3cf1a5 has been successfully formatted.
2021-08-15 01:17:43,787 [pool-388-thread-1] INFO  ratis.ContainerStateMachine (ContainerStateMachine.java:loadSnapshot(225)) - group-50B81F3CF1A5: The snapshot info is null. Setting the last applied indexto:(t:0, i:~)
2021-08-15 01:17:43,787 [Datanode State Machine Thread - 0] WARN  statemachine.StateContext (StateContext.java:execute(621)) - No available thread in pool for past 1 seconds.
2021-08-15 01:17:43,787 [pool-388-thread-1] INFO  server.RaftServerConfigKeys (ConfUtils.java:logGet(44)) - raft.server.notification.no-leader.timeout = 300s (custom)
2021-08-15 01:17:43,787 [pool-388-thread-1] INFO  server.RaftServerConfigKeys (ConfUtils.java:logGet(44)) - raft.server.log.use.memory = false (default)
2021-08-15 01:17:43,787 [pool-388-thread-1] INFO  server.RaftServerConfigKeys (ConfUtils.java:logGet(44)) - raft.server.log.purge.gap = 1000000 (custom)
2021-08-15 01:17:43,787 [pool-388-thread-1] INFO  server.RaftServerConfigKeys (ConfUtils.java:logGet(44)) - raft.server.log.appender.buffer.byte-limit = 33554432 (custom)
2021-08-15 01:17:43,787 [pool-388-thread-1] INFO  server.RaftServerConfigKeys (ConfUtils.java:logGet(44)) - raft.server.log.segment.size.max = 1048576 (custom)
2021-08-15 01:17:43,787 [pool-388-thread-1] INFO  server.RaftServerConfigKeys (ConfUtils.java:logGet(44)) - raft.server.log.segment.cache.num.max = 2 (custom)
2021-08-15 01:17:43,787 [pool-388-thread-1] INFO  server.RaftServerConfigKeys (ConfUtils.java:logGet(44)) - raft.server.log.segment.cache.size.max = 200MB (=209715200) (default)
2021-08-15 01:17:43,788 [pool-388-thread-1] INFO  segmented.SegmentedRaftLogWorker (SegmentedRaftLogWorker.java:<init>(182)) - new 65295508-def1-4def-8cfe-b2ee89df246c@group-50B81F3CF1A5-SegmentedRaftLogWorker for RaftStorageImpl:Storage Directory /home/runner/work/ozone/ozone/hadoop-ozone/integration-test/target/test-dir/MiniOzoneClusterImpl-d2e0817b-7a27-4795-9ea2-3152af8552da/datanode-1/data/ratis/1b686b0a-7480-43f8-9750-50b81f3cf1a5
2021-08-15 01:17:43,788 [pool-388-thread-1] INFO  server.RaftServerConfigKeys (ConfUtils.java:logGet(44)) - raft.server.log.queue.byte-limit = 2147483647 (custom)
2021-08-15 01:17:43,788 [pool-388-thread-1] INFO  server.RaftServerConfigKeys (ConfUtils.java:logGet(44)) - raft.server.log.queue.element-limit = 1024 (custom)
2021-08-15 01:17:43,788 [pool-388-thread-1] INFO  server.RaftServerConfigKeys (ConfUtils.java:logGet(44)) - raft.server.log.segment.size.max = 1048576 (custom)
2021-08-15 01:17:43,788 [pool-388-thread-1] INFO  server.RaftServerConfigKeys (ConfUtils.java:logGet(44)) - raft.server.log.preallocated.size = 16384 (custom)
2021-08-15 01:17:43,788 [pool-388-thread-1] INFO  server.RaftServerConfigKeys (ConfUtils.java:logGet(44)) - raft.server.log.force.sync.num = 128 (default)
2021-08-15 01:17:43,788 [pool-388-thread-1] INFO  server.RaftServerConfigKeys (ConfUtils.java:logGet(44)) - raft.server.log.statemachine.data.sync = true (default)
2021-08-15 01:17:43,788 [pool-388-thread-1] INFO  server.RaftServerConfigKeys (ConfUtils.java:logGet(44)) - raft.server.log.statemachine.data.sync.timeout = 10s (default)
2021-08-15 01:17:43,788 [pool-388-thread-1] INFO  server.RaftServerConfigKeys (ConfUtils.java:logGet(44)) - raft.server.log.statemachine.data.sync.timeout.retry = -1 (default)
2021-08-15 01:17:43,789 [pool-388-thread-1] INFO  server.RaftServerConfigKeys (ConfUtils.java:logGet(44)) - raft.server.log.write.buffer.size = 1048576 (custom)
2021-08-15 01:17:43,789 [pool-388-thread-1] INFO  server.RaftServerConfigKeys (ConfUtils.java:logGet(44)) - raft.server.log.statemachine.data.caching.enabled = true (custom)
2021-08-15 01:17:43,789 [pool-388-thread-1] INFO  segmented.SegmentedRaftLogWorker (SegmentedRaftLogWorker.java:lambda$new$0(133)) - 65295508-def1-4def-8cfe-b2ee89df246c@group-50B81F3CF1A5-SegmentedRaftLogWorker: flushIndex: setUnconditionally 0 -> -1
2021-08-15 01:17:43,789 [pool-388-thread-1] INFO  segmented.SegmentedRaftLogWorker (SegmentedRaftLogWorker.java:lambda$new$0(133)) - 65295508-def1-4def-8cfe-b2ee89df246c@group-50B81F3CF1A5-SegmentedRaftLogWorker: safeCacheEvictIndex: setUnconditionally 0 -> -1
2021-08-15 01:17:43,791 [pool-388-thread-1] INFO  server.RaftServerConfigKeys (ConfUtils.java:logGet(44)) - raft.server.snapshot.auto.trigger.enabled = true (custom)
2021-08-15 01:17:43,791 [pool-388-thread-1] INFO  server.RaftServerConfigKeys (ConfUtils.java:logGet(44)) - raft.server.snapshot.auto.trigger.threshold = 10000 (custom)
2021-08-15 01:17:43,791 [pool-388-thread-1] INFO  server.RaftServerConfigKeys (ConfUtils.java:logGet(44)) - raft.server.snapshot.retention.file.num = 5 (custom)
2021-08-15 01:17:43,791 [pool-388-thread-1] INFO  server.RaftServerConfigKeys (ConfUtils.java:logGet(44)) - raft.server.log.purge.upto.snapshot.index = false (default)
2021-08-15 01:17:43,791 [pool-388-thread-1] INFO  server.RaftServerConfigKeys (ConfUtils.java:logGet(44)) - raft.server.retrycache.expirytime = 600000ms (custom)
2021-08-15 01:17:43,792 [pool-388-thread-1] INFO  server.RaftServerConfigKeys (ConfUtils.java:logGet(44)) - raft.server.retrycache.statistics.expirytime = 100μs (default)
2021-08-15 01:17:43,792 [pool-388-thread-1] INFO  server.RaftServer$Division (RaftServerImpl.java:start(296)) - 65295508-def1-4def-8cfe-b2ee89df246c@group-50B81F3CF1A5: start as a follower, conf=-1: [65295508-def1-4def-8cfe-b2ee89df246c|rpc:10.1.0.43:38387|dataStream:|priority:1, de46658e-6de7-45a1-81e4-0d2091b7d264|rpc:10.1.0.43:36647|dataStream:|priority:0, 80fb03ba-aab4-4d6c-a114-0a36b49bfdbd|rpc:10.1.0.43:35737|dataStream:|priority:0], old=null
2021-08-15 01:17:43,793 [pool-388-thread-1] INFO  server.RaftServer$Division (RaftServerImpl.java:setRole(285)) - 65295508-def1-4def-8cfe-b2ee89df246c@group-50B81F3CF1A5: changes role from      null to FOLLOWER at term 0 for startAsFollower
2021-08-15 01:17:43,793 [pool-388-thread-1] INFO  impl.RoleInfo (RoleInfo.java:updateAndGet(130)) - 65295508-def1-4def-8cfe-b2ee89df246c: start 65295508-def1-4def-8cfe-b2ee89df246c@group-50B81F3CF1A5-FollowerState
2021-08-15 01:17:43,807 [pool-388-thread-1] INFO  util.JmxRegister (JmxRegister.java:tryRegister(44)) - Successfully registered JMX Bean with object name Ratis:service=RaftServer,group=group-50B81F3CF1A5,id=65295508-def1-4def-8cfe-b2ee89df246c
2021-08-15 01:17:43,828 [grpc-default-executor-0] INFO  server.RaftServer (RaftServerProxy.java:addNew(95)) - de46658e-6de7-45a1-81e4-0d2091b7d264: addNew group-50B81F3CF1A5:[65295508-def1-4def-8cfe-b2ee89df246c|rpc:10.1.0.43:38387|dataStream:|priority:1, de46658e-6de7-45a1-81e4-0d2091b7d264|rpc:10.1.0.43:36647|dataStream:|priority:0, 80fb03ba-aab4-4d6c-a114-0a36b49bfdbd|rpc:10.1.0.43:35737|dataStream:|priority:0] returns group-50B81F3CF1A5:java.util.concurrent.CompletableFuture@237d3d0[Not completed]
2021-08-15 01:17:43,830 [pool-407-thread-1] INFO  server.RaftServer$Division (RaftServerImpl.java:<init>(181)) - de46658e-6de7-45a1-81e4-0d2091b7d264: new RaftServerImpl for group-50B81F3CF1A5:[65295508-def1-4def-8cfe-b2ee89df246c|rpc:10.1.0.43:38387|dataStream:|priority:1, de46658e-6de7-45a1-81e4-0d2091b7d264|rpc:10.1.0.43:36647|dataStream:|priority:0, 80fb03ba-aab4-4d6c-a114-0a36b49bfdbd|rpc:10.1.0.43:35737|dataStream:|priority:0] with ContainerStateMachine:uninitialized
2021-08-15 01:17:43,830 [pool-407-thread-1] INFO  server.RaftServerConfigKeys (ConfUtils.java:logGet(44)) - raft.server.rpc.timeout.min = 5s (custom)
2021-08-15 01:17:43,830 [pool-407-thread-1] INFO  server.RaftServerConfigKeys (ConfUtils.java:logGet(44)) - raft.server.rpc.timeout.max = 5200ms (custom)
2021-08-15 01:17:43,830 [pool-407-thread-1] INFO  server.RaftServerConfigKeys (ConfUtils.java:logGet(44)) - raft.server.rpc.sleep.time = 25ms (default)
2021-08-15 01:17:43,831 [pool-407-thread-1] INFO  server.RaftServerConfigKeys (ConfUtils.java:logGet(44)) - raft.server.rpc.slowness.timeout = 300s (custom)
2021-08-15 01:17:43,831 [pool-407-thread-1] INFO  server.RaftServerConfigKeys (ConfUtils.java:logGet(44)) - raft.server.leaderelection.leader.step-down.wait-time = 10s (default)
2021-08-15 01:17:43,831 [pool-407-thread-1] INFO  server.RaftServerConfigKeys (ConfUtils.java:logGet(44)) - raft.server.sleep.deviation.threshold = 300ms (default)
2021-08-15 01:17:43,831 [pool-407-thread-1] INFO  server.RaftServerConfigKeys (ConfUtils.java:logGet(44)) - raft.server.log.appender.install.snapshot.enabled = false (custom)
2021-08-15 01:17:43,831 [pool-407-thread-1] INFO  server.RaftServer$Division (ServerState.java:<init>(105)) - de46658e-6de7-45a1-81e4-0d2091b7d264@group-50B81F3CF1A5: ConfigurationManager, init=-1: [65295508-def1-4def-8cfe-b2ee89df246c|rpc:10.1.0.43:38387|dataStream:|priority:1, de46658e-6de7-45a1-81e4-0d2091b7d264|rpc:10.1.0.43:36647|dataStream:|priority:0, 80fb03ba-aab4-4d6c-a114-0a36b49bfdbd|rpc:10.1.0.43:35737|dataStream:|priority:0], old=null, confs=<EMPTY_MAP>
2021-08-15 01:17:43,831 [pool-407-thread-1] INFO  server.RaftServerConfigKeys (ConfUtils.java:logGet(44)) - raft.server.storage.dir = [/home/runner/work/ozone/ozone/hadoop-ozone/integration-test/target/test-dir/MiniOzoneClusterImpl-d2e0817b-7a27-4795-9ea2-3152af8552da/datanode-2/data/ratis] (custom)
2021-08-15 01:17:43,831 [pool-407-thread-1] INFO  server.RaftServerConfigKeys (ConfUtils.java:logGet(44)) - raft.server.log.corruption.policy = EXCEPTION (default)
2021-08-15 01:17:43,831 [pool-407-thread-1] INFO  server.RaftServerConfigKeys (ConfUtils.java:logGet(44)) - raft.server.storage.free-space.min = 0MB (=0) (default)
2021-08-15 01:17:43,831 [pool-407-thread-1] INFO  storage.RaftStorageDirectory (RaftStorageDirectoryImpl.java:analyzeStorage(135)) - The storage directory /home/runner/work/ozone/ozone/hadoop-ozone/integration-test/target/test-dir/MiniOzoneClusterImpl-d2e0817b-7a27-4795-9ea2-3152af8552da/datanode-2/data/ratis/1b686b0a-7480-43f8-9750-50b81f3cf1a5 does not exist. Creating ...
2021-08-15 01:17:43,834 [pool-407-thread-1] INFO  storage.RaftStorageDirectory (RaftStorageDirectoryImpl.java:tryLock(230)) - Lock on /home/runner/work/ozone/ozone/hadoop-ozone/integration-test/target/test-dir/MiniOzoneClusterImpl-d2e0817b-7a27-4795-9ea2-3152af8552da/datanode-2/data/ratis/1b686b0a-7480-43f8-9750-50b81f3cf1a5/in_use.lock acquired by nodename 21311@fv-az122-443
2021-08-15 01:17:43,835 [pool-407-thread-1] INFO  storage.RaftStorage (RaftStorageImpl.java:format(89)) - Storage directory /home/runner/work/ozone/ozone/hadoop-ozone/integration-test/target/test-dir/MiniOzoneClusterImpl-d2e0817b-7a27-4795-9ea2-3152af8552da/datanode-2/data/ratis/1b686b0a-7480-43f8-9750-50b81f3cf1a5 has been successfully formatted.
2021-08-15 01:17:43,836 [Datanode State Machine Thread - 0] WARN  statemachine.StateContext (StateContext.java:execute(621)) - No available thread in pool for past 1 seconds.
2021-08-15 01:17:43,836 [pool-407-thread-1] INFO  ratis.ContainerStateMachine (ContainerStateMachine.java:loadSnapshot(225)) - group-50B81F3CF1A5: The snapshot info is null. Setting the last applied indexto:(t:0, i:~)
2021-08-15 01:17:43,837 [pool-407-thread-1] INFO  server.RaftServerConfigKeys (ConfUtils.java:logGet(44)) - raft.server.notification.no-leader.timeout = 300s (custom)
2021-08-15 01:17:43,837 [pool-407-thread-1] INFO  server.RaftServerConfigKeys (ConfUtils.java:logGet(44)) - raft.server.log.use.memory = false (default)
2021-08-15 01:17:43,837 [pool-407-thread-1] INFO  server.RaftServerConfigKeys (ConfUtils.java:logGet(44)) - raft.server.log.purge.gap = 1000000 (custom)
2021-08-15 01:17:43,837 [pool-407-thread-1] INFO  server.RaftServerConfigKeys (ConfUtils.java:logGet(44)) - raft.server.log.appender.buffer.byte-limit = 33554432 (custom)
2021-08-15 01:17:43,837 [pool-407-thread-1] INFO  server.RaftServerConfigKeys (ConfUtils.java:logGet(44)) - raft.server.log.segment.size.max = 1048576 (custom)
2021-08-15 01:17:43,838 [pool-407-thread-1] INFO  server.RaftServerConfigKeys (ConfUtils.java:logGet(44)) - raft.server.log.segment.cache.num.max = 2 (custom)
2021-08-15 01:17:43,838 [pool-407-thread-1] INFO  server.RaftServerConfigKeys (ConfUtils.java:logGet(44)) - raft.server.log.segment.cache.size.max = 200MB (=209715200) (default)
2021-08-15 01:17:43,838 [pool-407-thread-1] INFO  segmented.SegmentedRaftLogWorker (SegmentedRaftLogWorker.java:<init>(182)) - new de46658e-6de7-45a1-81e4-0d2091b7d264@group-50B81F3CF1A5-SegmentedRaftLogWorker for RaftStorageImpl:Storage Directory /home/runner/work/ozone/ozone/hadoop-ozone/integration-test/target/test-dir/MiniOzoneClusterImpl-d2e0817b-7a27-4795-9ea2-3152af8552da/datanode-2/data/ratis/1b686b0a-7480-43f8-9750-50b81f3cf1a5
2021-08-15 01:17:43,838 [pool-407-thread-1] INFO  server.RaftServerConfigKeys (ConfUtils.java:logGet(44)) - raft.server.log.queue.byte-limit = 2147483647 (custom)
2021-08-15 01:17:43,842 [pool-407-thread-1] INFO  server.RaftServerConfigKeys (ConfUtils.java:logGet(44)) - raft.server.log.queue.element-limit = 1024 (custom)
2021-08-15 01:17:43,842 [pool-407-thread-1] INFO  server.RaftServerConfigKeys (ConfUtils.java:logGet(44)) - raft.server.log.segment.size.max = 1048576 (custom)
2021-08-15 01:17:43,842 [pool-407-thread-1] INFO  server.RaftServerConfigKeys (ConfUtils.java:logGet(44)) - raft.server.log.preallocated.size = 16384 (custom)
2021-08-15 01:17:43,843 [pool-407-thread-1] INFO  server.RaftServerConfigKeys (ConfUtils.java:logGet(44)) - raft.server.log.force.sync.num = 128 (default)
2021-08-15 01:17:43,843 [pool-407-thread-1] INFO  server.RaftServerConfigKeys (ConfUtils.java:logGet(44)) - raft.server.log.statemachine.data.sync = true (default)
2021-08-15 01:17:43,843 [pool-407-thread-1] INFO  server.RaftServerConfigKeys (ConfUtils.java:logGet(44)) - raft.server.log.statemachine.data.sync.timeout = 10s (default)
2021-08-15 01:17:43,843 [pool-407-thread-1] INFO  server.RaftServerConfigKeys (ConfUtils.java:logGet(44)) - raft.server.log.statemachine.data.sync.timeout.retry = -1 (default)
2021-08-15 01:17:43,843 [pool-407-thread-1] INFO  server.RaftServerConfigKeys (ConfUtils.java:logGet(44)) - raft.server.log.write.buffer.size = 1048576 (custom)
2021-08-15 01:17:43,844 [pool-407-thread-1] INFO  server.RaftServerConfigKeys (ConfUtils.java:logGet(44)) - raft.server.log.statemachine.data.caching.enabled = true (custom)
2021-08-15 01:17:43,844 [pool-407-thread-1] INFO  segmented.SegmentedRaftLogWorker (SegmentedRaftLogWorker.java:lambda$new$0(133)) - de46658e-6de7-45a1-81e4-0d2091b7d264@group-50B81F3CF1A5-SegmentedRaftLogWorker: flushIndex: setUnconditionally 0 -> -1
2021-08-15 01:17:43,844 [pool-407-thread-1] INFO  segmented.SegmentedRaftLogWorker (SegmentedRaftLogWorker.java:lambda$new$0(133)) - de46658e-6de7-45a1-81e4-0d2091b7d264@group-50B81F3CF1A5-SegmentedRaftLogWorker: safeCacheEvictIndex: setUnconditionally 0 -> -1
2021-08-15 01:17:43,851 [pool-407-thread-1] INFO  server.RaftServerConfigKeys (ConfUtils.java:logGet(44)) - raft.server.snapshot.auto.trigger.enabled = true (custom)
2021-08-15 01:17:43,851 [pool-407-thread-1] INFO  server.RaftServerConfigKeys (ConfUtils.java:logGet(44)) - raft.server.snapshot.auto.trigger.threshold = 10000 (custom)
2021-08-15 01:17:43,851 [pool-407-thread-1] INFO  server.RaftServerConfigKeys (ConfUtils.java:logGet(44)) - raft.server.snapshot.retention.file.num = 5 (custom)
2021-08-15 01:17:43,851 [pool-407-thread-1] INFO  server.RaftServerConfigKeys (ConfUtils.java:logGet(44)) - raft.server.log.purge.upto.snapshot.index = false (default)
2021-08-15 01:17:43,851 [pool-407-thread-1] INFO  server.RaftServerConfigKeys (ConfUtils.java:logGet(44)) - raft.server.retrycache.expirytime = 600000ms (custom)
2021-08-15 01:17:43,851 [pool-407-thread-1] INFO  server.RaftServerConfigKeys (ConfUtils.java:logGet(44)) - raft.server.retrycache.statistics.expirytime = 100μs (default)
2021-08-15 01:17:43,852 [pool-407-thread-1] INFO  server.RaftServer$Division (RaftServerImpl.java:start(296)) - de46658e-6de7-45a1-81e4-0d2091b7d264@group-50B81F3CF1A5: start as a follower, conf=-1: [65295508-def1-4def-8cfe-b2ee89df246c|rpc:10.1.0.43:38387|dataStream:|priority:1, de46658e-6de7-45a1-81e4-0d2091b7d264|rpc:10.1.0.43:36647|dataStream:|priority:0, 80fb03ba-aab4-4d6c-a114-0a36b49bfdbd|rpc:10.1.0.43:35737|dataStream:|priority:0], old=null
2021-08-15 01:17:43,852 [pool-407-thread-1] INFO  server.RaftServer$Division (RaftServerImpl.java:setRole(285)) - de46658e-6de7-45a1-81e4-0d2091b7d264@group-50B81F3CF1A5: changes role from      null to FOLLOWER at term 0 for startAsFollower
2021-08-15 01:17:43,852 [pool-407-thread-1] INFO  impl.RoleInfo (RoleInfo.java:updateAndGet(130)) - de46658e-6de7-45a1-81e4-0d2091b7d264: start de46658e-6de7-45a1-81e4-0d2091b7d264@group-50B81F3CF1A5-FollowerState
2021-08-15 01:17:43,853 [pool-407-thread-1] INFO  util.JmxRegister (JmxRegister.java:tryRegister(44)) - Successfully registered JMX Bean with object name Ratis:service=RaftServer,group=group-50B81F3CF1A5,id=de46658e-6de7-45a1-81e4-0d2091b7d264
2021-08-15 01:17:43,861 [Command processor thread] INFO  commandhandler.CreatePipelineCommandHandler (CreatePipelineCommandHandler.java:handle(106)) - Created Pipeline RATIS THREE PipelineID=1b686b0a-7480-43f8-9750-50b81f3cf1a5.
2021-08-15 01:17:43,867 [Command processor thread] INFO  server.RaftServer (RaftServerProxy.java:addNew(95)) - 65295508-def1-4def-8cfe-b2ee89df246c: addNew group-DB2258A51505:[65295508-def1-4def-8cfe-b2ee89df246c|rpc:10.1.0.43:38387|priority:1] returns group-DB2258A51505:java.util.concurrent.CompletableFuture@3af5acf0[Not completed]
2021-08-15 01:17:43,868 [pool-388-thread-1] INFO  server.RaftServer$Division (RaftServerImpl.java:<init>(181)) - 65295508-def1-4def-8cfe-b2ee89df246c: new RaftServerImpl for group-DB2258A51505:[65295508-def1-4def-8cfe-b2ee89df246c|rpc:10.1.0.43:38387|priority:1] with ContainerStateMachine:uninitialized
2021-08-15 01:17:43,868 [pool-388-thread-1] INFO  server.RaftServerConfigKeys (ConfUtils.java:logGet(44)) - raft.server.rpc.timeout.min = 5s (custom)
2021-08-15 01:17:43,868 [pool-388-thread-1] INFO  server.RaftServerConfigKeys (ConfUtils.java:logGet(44)) - raft.server.rpc.timeout.max = 5200ms (custom)
2021-08-15 01:17:43,868 [pool-388-thread-1] INFO  server.RaftServerConfigKeys (ConfUtils.java:logGet(44)) - raft.server.rpc.sleep.time = 25ms (default)
2021-08-15 01:17:43,868 [pool-388-thread-1] INFO  server.RaftServerConfigKeys (ConfUtils.java:logGet(44)) - raft.server.rpc.slowness.timeout = 300s (custom)
2021-08-15 01:17:43,868 [pool-388-thread-1] INFO  server.RaftServerConfigKeys (ConfUtils.java:logGet(44)) - raft.server.leaderelection.leader.step-down.wait-time = 10s (default)
2021-08-15 01:17:43,868 [pool-388-thread-1] INFO  server.RaftServerConfigKeys (ConfUtils.java:logGet(44)) - raft.server.sleep.deviation.threshold = 300ms (default)
2021-08-15 01:17:43,868 [pool-388-thread-1] INFO  server.RaftServerConfigKeys (ConfUtils.java:logGet(44)) - raft.server.log.appender.install.snapshot.enabled = false (custom)
2021-08-15 01:17:43,868 [pool-388-thread-1] INFO  server.RaftServer$Division (ServerState.java:<init>(105)) - 65295508-def1-4def-8cfe-b2ee89df246c@group-DB2258A51505: ConfigurationManager, init=-1: [65295508-def1-4def-8cfe-b2ee89df246c|rpc:10.1.0.43:38387|priority:1], old=null, confs=<EMPTY_MAP>
2021-08-15 01:17:43,868 [pool-388-thread-1] INFO  server.RaftServerConfigKeys (ConfUtils.java:logGet(44)) - raft.server.storage.dir = [/home/runner/work/ozone/ozone/hadoop-ozone/integration-test/target/test-dir/MiniOzoneClusterImpl-d2e0817b-7a27-4795-9ea2-3152af8552da/datanode-1/data/ratis] (custom)
2021-08-15 01:17:43,868 [pool-388-thread-1] INFO  server.RaftServerConfigKeys (ConfUtils.java:logGet(44)) - raft.server.log.corruption.policy = EXCEPTION (default)
2021-08-15 01:17:43,868 [pool-388-thread-1] INFO  server.RaftServerConfigKeys (ConfUtils.java:logGet(44)) - raft.server.storage.free-space.min = 0MB (=0) (default)
2021-08-15 01:17:43,868 [pool-388-thread-1] INFO  storage.RaftStorageDirectory (RaftStorageDirectoryImpl.java:analyzeStorage(135)) - The storage directory /home/runner/work/ozone/ozone/hadoop-ozone/integration-test/target/test-dir/MiniOzoneClusterImpl-d2e0817b-7a27-4795-9ea2-3152af8552da/datanode-1/data/ratis/65e8fb37-1c9f-4915-b111-db2258a51505 does not exist. Creating ...
2021-08-15 01:17:43,869 [pool-388-thread-1] INFO  storage.RaftStorageDirectory (RaftStorageDirectoryImpl.java:tryLock(230)) - Lock on /home/runner/work/ozone/ozone/hadoop-ozone/integration-test/target/test-dir/MiniOzoneClusterImpl-d2e0817b-7a27-4795-9ea2-3152af8552da/datanode-1/data/ratis/65e8fb37-1c9f-4915-b111-db2258a51505/in_use.lock acquired by nodename 21311@fv-az122-443
2021-08-15 01:17:43,874 [pool-388-thread-1] INFO  storage.RaftStorage (RaftStorageImpl.java:format(89)) - Storage directory /home/runner/work/ozone/ozone/hadoop-ozone/integration-test/target/test-dir/MiniOzoneClusterImpl-d2e0817b-7a27-4795-9ea2-3152af8552da/datanode-1/data/ratis/65e8fb37-1c9f-4915-b111-db2258a51505 has been successfully formatted.
2021-08-15 01:17:43,875 [Datanode State Machine Thread - 0] WARN  statemachine.StateContext (StateContext.java:execute(621)) - No available thread in pool for past 1 seconds.
2021-08-15 01:17:43,875 [pool-388-thread-1] INFO  ratis.ContainerStateMachine (ContainerStateMachine.java:loadSnapshot(225)) - group-DB2258A51505: The snapshot info is null. Setting the last applied indexto:(t:0, i:~)
2021-08-15 01:17:43,875 [pool-388-thread-1] INFO  server.RaftServerConfigKeys (ConfUtils.java:logGet(44)) - raft.server.notification.no-leader.timeout = 300s (custom)
2021-08-15 01:17:43,876 [pool-388-thread-1] INFO  server.RaftServerConfigKeys (ConfUtils.java:logGet(44)) - raft.server.log.use.memory = false (default)
2021-08-15 01:17:43,876 [pool-388-thread-1] INFO  server.RaftServerConfigKeys (ConfUtils.java:logGet(44)) - raft.server.log.purge.gap = 1000000 (custom)
2021-08-15 01:17:43,876 [pool-388-thread-1] INFO  server.RaftServerConfigKeys (ConfUtils.java:logGet(44)) - raft.server.log.appender.buffer.byte-limit = 33554432 (custom)
2021-08-15 01:17:43,876 [pool-388-thread-1] INFO  server.RaftServerConfigKeys (ConfUtils.java:logGet(44)) - raft.server.log.segment.size.max = 1048576 (custom)
2021-08-15 01:17:43,876 [pool-388-thread-1] INFO  server.RaftServerConfigKeys (ConfUtils.java:logGet(44)) - raft.server.log.segment.cache.num.max = 2 (custom)
2021-08-15 01:17:43,876 [pool-388-thread-1] INFO  server.RaftServerConfigKeys (ConfUtils.java:logGet(44)) - raft.server.log.segment.cache.size.max = 200MB (=209715200) (default)
2021-08-15 01:17:43,877 [pool-388-thread-1] INFO  segmented.SegmentedRaftLogWorker (SegmentedRaftLogWorker.java:<init>(182)) - new 65295508-def1-4def-8cfe-b2ee89df246c@group-DB2258A51505-SegmentedRaftLogWorker for RaftStorageImpl:Storage Directory /home/runner/work/ozone/ozone/hadoop-ozone/integration-test/target/test-dir/MiniOzoneClusterImpl-d2e0817b-7a27-4795-9ea2-3152af8552da/datanode-1/data/ratis/65e8fb37-1c9f-4915-b111-db2258a51505
2021-08-15 01:17:43,877 [pool-388-thread-1] INFO  server.RaftServerConfigKeys (ConfUtils.java:logGet(44)) - raft.server.log.queue.byte-limit = 2147483647 (custom)
2021-08-15 01:17:43,877 [pool-388-thread-1] INFO  server.RaftServerConfigKeys (ConfUtils.java:logGet(44)) - raft.server.log.queue.element-limit = 1024 (custom)
2021-08-15 01:17:43,877 [pool-388-thread-1] INFO  server.RaftServerConfigKeys (ConfUtils.java:logGet(44)) - raft.server.log.segment.size.max = 1048576 (custom)
2021-08-15 01:17:43,877 [pool-388-thread-1] INFO  server.RaftServerConfigKeys (ConfUtils.java:logGet(44)) - raft.server.log.preallocated.size = 16384 (custom)
2021-08-15 01:17:43,877 [pool-388-thread-1] INFO  server.RaftServerConfigKeys (ConfUtils.java:logGet(44)) - raft.server.log.force.sync.num = 128 (default)
2021-08-15 01:17:43,877 [pool-388-thread-1] INFO  server.RaftServerConfigKeys (ConfUtils.java:logGet(44)) - raft.server.log.statemachine.data.sync = true (default)
2021-08-15 01:17:43,877 [pool-388-thread-1] INFO  server.RaftServerConfigKeys (ConfUtils.java:logGet(44)) - raft.server.log.statemachine.data.sync.timeout = 10s (default)
2021-08-15 01:17:43,877 [pool-388-thread-1] INFO  server.RaftServerConfigKeys (ConfUtils.java:logGet(44)) - raft.server.log.statemachine.data.sync.timeout.retry = -1 (default)
2021-08-15 01:17:43,878 [pool-388-thread-1] INFO  server.RaftServerConfigKeys (ConfUtils.java:logGet(44)) - raft.server.log.write.buffer.size = 1048576 (custom)
2021-08-15 01:17:43,878 [pool-388-thread-1] INFO  server.RaftServerConfigKeys (ConfUtils.java:logGet(44)) - raft.server.log.statemachine.data.caching.enabled = true (custom)
2021-08-15 01:17:43,878 [pool-388-thread-1] INFO  segmented.SegmentedRaftLogWorker (SegmentedRaftLogWorker.java:lambda$new$0(133)) - 65295508-def1-4def-8cfe-b2ee89df246c@group-DB2258A51505-SegmentedRaftLogWorker: flushIndex: setUnconditionally 0 -> -1
2021-08-15 01:17:43,882 [EventQueue-PipelineReportForPipelineReportHandler] INFO  pipeline.PipelineManagerImpl (PipelineManagerImpl.java:openPipeline(283)) - Pipeline Pipeline[ Id: 65e8fb37-1c9f-4915-b111-db2258a51505, Nodes: 65295508-def1-4def-8cfe-b2ee89df246c{ip: 10.1.0.43, host: fv-az122-443.zf1tlrj3kn4expqppa1j4mpycf.xx.internal.cloudapp.net, ports: [REPLICATION=35633, RATIS=38387, RATIS_ADMIN=38387, RATIS_SERVER=38387, STANDALONE=37285], networkLocation: /default-rack, certSerialId: null, persistedOpState: IN_SERVICE, persistedOpStateExpiryEpochSec: 0}, ReplicationConfig: RATIS/ONE, State:ALLOCATED, leaderId:65295508-def1-4def-8cfe-b2ee89df246c, CreationTimestamp2021-08-15T01:17:40.875Z[Etc/UTC]] moved to OPEN state
2021-08-15 01:17:43,886 [EventQueue-OpenPipelineForHealthyPipelineSafeModeRule] INFO  safemode.SCMSafeModeManager (HealthyPipelineSafeModeRule.java:process(124)) - SCM in safe mode. Healthy pipelines reported count is 0, required healthy pipeline reported count is 1
2021-08-15 01:17:43,886 [pool-388-thread-1] INFO  segmented.SegmentedRaftLogWorker (SegmentedRaftLogWorker.java:lambda$new$0(133)) - 65295508-def1-4def-8cfe-b2ee89df246c@group-DB2258A51505-SegmentedRaftLogWorker: safeCacheEvictIndex: setUnconditionally 0 -> -1
2021-08-15 01:17:43,904 [pool-388-thread-1] INFO  server.RaftServerConfigKeys (ConfUtils.java:logGet(44)) - raft.server.snapshot.auto.trigger.enabled = true (custom)
2021-08-15 01:17:43,904 [pool-388-thread-1] INFO  server.RaftServerConfigKeys (ConfUtils.java:logGet(44)) - raft.server.snapshot.auto.trigger.threshold = 10000 (custom)
2021-08-15 01:17:43,904 [pool-388-thread-1] INFO  server.RaftServerConfigKeys (ConfUtils.java:logGet(44)) - raft.server.snapshot.retention.file.num = 5 (custom)
2021-08-15 01:17:43,904 [pool-388-thread-1] INFO  server.RaftServerConfigKeys (ConfUtils.java:logGet(44)) - raft.server.log.purge.upto.snapshot.index = false (default)
2021-08-15 01:17:43,904 [pool-388-thread-1] INFO  server.RaftServerConfigKeys (ConfUtils.java:logGet(44)) - raft.server.retrycache.expirytime = 600000ms (custom)
2021-08-15 01:17:43,904 [pool-388-thread-1] INFO  server.RaftServerConfigKeys (ConfUtils.java:logGet(44)) - raft.server.retrycache.statistics.expirytime = 100μs (default)
2021-08-15 01:17:43,905 [pool-388-thread-1] INFO  server.RaftServer$Division (RaftServerImpl.java:start(296)) - 65295508-def1-4def-8cfe-b2ee89df246c@group-DB2258A51505: start as a follower, conf=-1: [65295508-def1-4def-8cfe-b2ee89df246c|rpc:10.1.0.43:38387|priority:1], old=null
2021-08-15 01:17:43,905 [pool-388-thread-1] INFO  server.RaftServer$Division (RaftServerImpl.java:setRole(285)) - 65295508-def1-4def-8cfe-b2ee89df246c@group-DB2258A51505: changes role from      null to FOLLOWER at term 0 for startAsFollower
2021-08-15 01:17:43,905 [pool-388-thread-1] INFO  impl.RoleInfo (RoleInfo.java:updateAndGet(130)) - 65295508-def1-4def-8cfe-b2ee89df246c: start 65295508-def1-4def-8cfe-b2ee89df246c@group-DB2258A51505-FollowerState
2021-08-15 01:17:43,905 [pool-388-thread-1] INFO  util.JmxRegister (JmxRegister.java:tryRegister(44)) - Successfully registered JMX Bean with object name Ratis:service=RaftServer,group=group-DB2258A51505,id=65295508-def1-4def-8cfe-b2ee89df246c
2021-08-15 01:17:43,907 [Command processor thread] INFO  ratis.XceiverServerRatis (XceiverServerRatis.java:addGroup(763)) - Created group PipelineID=65e8fb37-1c9f-4915-b111-db2258a51505
2021-08-15 01:17:43,907 [Command processor thread] INFO  commandhandler.CreatePipelineCommandHandler (CreatePipelineCommandHandler.java:handle(106)) - Created Pipeline RATIS ONE PipelineID=65e8fb37-1c9f-4915-b111-db2258a51505.
2021-08-15 01:17:44,060 [Listener at 127.0.0.1/41191] INFO  ozone.MiniOzoneClusterImpl (MiniOzoneClusterImpl.java:lambda$waitForClusterToBeReady$0(235)) - Nodes are ready. Got 3 of 3 DN Heartbeats.
2021-08-15 01:17:44,060 [Listener at 127.0.0.1/41191] INFO  ozone.MiniOzoneClusterImpl (MiniOzoneClusterImpl.java:lambda$waitForClusterToBeReady$0(238)) - Waiting for cluster to exit safe mode
2021-08-15 01:17:44,060 [Listener at 127.0.0.1/41191] INFO  ozone.MiniOzoneClusterImpl (MiniOzoneClusterImpl.java:lambda$waitForClusterToBeReady$0(240)) - SCM became leader
2021-08-15 01:17:44,074 [Command processor thread] INFO  server.RaftServer (RaftServerProxy.java:addNew(95)) - de46658e-6de7-45a1-81e4-0d2091b7d264: addNew group-62CB5C4C931E:[de46658e-6de7-45a1-81e4-0d2091b7d264|rpc:10.1.0.43:36647|priority:1] returns group-62CB5C4C931E:java.util.concurrent.CompletableFuture@4ca499b[Not completed]
2021-08-15 01:17:44,075 [pool-407-thread-1] INFO  server.RaftServer$Division (RaftServerImpl.java:<init>(181)) - de46658e-6de7-45a1-81e4-0d2091b7d264: new RaftServerImpl for group-62CB5C4C931E:[de46658e-6de7-45a1-81e4-0d2091b7d264|rpc:10.1.0.43:36647|priority:1] with ContainerStateMachine:uninitialized
2021-08-15 01:17:44,075 [pool-407-thread-1] INFO  server.RaftServerConfigKeys (ConfUtils.java:logGet(44)) - raft.server.rpc.timeout.min = 5s (custom)
2021-08-15 01:17:44,075 [pool-407-thread-1] INFO  server.RaftServerConfigKeys (ConfUtils.java:logGet(44)) - raft.server.rpc.timeout.max = 5200ms (custom)
2021-08-15 01:17:44,075 [pool-407-thread-1] INFO  server.RaftServerConfigKeys (ConfUtils.java:logGet(44)) - raft.server.rpc.sleep.time = 25ms (default)
2021-08-15 01:17:44,075 [pool-407-thread-1] INFO  server.RaftServerConfigKeys (ConfUtils.java:logGet(44)) - raft.server.rpc.slowness.timeout = 300s (custom)
2021-08-15 01:17:44,075 [pool-407-thread-1] INFO  server.RaftServerConfigKeys (ConfUtils.java:logGet(44)) - raft.server.leaderelection.leader.step-down.wait-time = 10s (default)
2021-08-15 01:17:44,075 [pool-407-thread-1] INFO  server.RaftServerConfigKeys (ConfUtils.java:logGet(44)) - raft.server.sleep.deviation.threshold = 300ms (default)
2021-08-15 01:17:44,075 [pool-407-thread-1] INFO  server.RaftServerConfigKeys (ConfUtils.java:logGet(44)) - raft.server.log.appender.install.snapshot.enabled = false (custom)
2021-08-15 01:17:44,075 [pool-407-thread-1] INFO  server.RaftServer$Division (ServerState.java:<init>(105)) - de46658e-6de7-45a1-81e4-0d2091b7d264@group-62CB5C4C931E: ConfigurationManager, init=-1: [de46658e-6de7-45a1-81e4-0d2091b7d264|rpc:10.1.0.43:36647|priority:1], old=null, confs=<EMPTY_MAP>
2021-08-15 01:17:44,076 [pool-407-thread-1] INFO  server.RaftServerConfigKeys (ConfUtils.java:logGet(44)) - raft.server.storage.dir = [/home/runner/work/ozone/ozone/hadoop-ozone/integration-test/target/test-dir/MiniOzoneClusterImpl-d2e0817b-7a27-4795-9ea2-3152af8552da/datanode-2/data/ratis] (custom)
2021-08-15 01:17:44,076 [pool-407-thread-1] INFO  server.RaftServerConfigKeys (ConfUtils.java:logGet(44)) - raft.server.log.corruption.policy = EXCEPTION (default)
2021-08-15 01:17:44,076 [pool-407-thread-1] INFO  server.RaftServerConfigKeys (ConfUtils.java:logGet(44)) - raft.server.storage.free-space.min = 0MB (=0) (default)
2021-08-15 01:17:44,076 [pool-407-thread-1] INFO  storage.RaftStorageDirectory (RaftStorageDirectoryImpl.java:analyzeStorage(135)) - The storage directory /home/runner/work/ozone/ozone/hadoop-ozone/integration-test/target/test-dir/MiniOzoneClusterImpl-d2e0817b-7a27-4795-9ea2-3152af8552da/datanode-2/data/ratis/e9607f93-402c-4a4c-bb21-62cb5c4c931e does not exist. Creating ...
2021-08-15 01:17:44,079 [pool-407-thread-1] INFO  storage.RaftStorageDirectory (RaftStorageDirectoryImpl.java:tryLock(230)) - Lock on /home/runner/work/ozone/ozone/hadoop-ozone/integration-test/target/test-dir/MiniOzoneClusterImpl-d2e0817b-7a27-4795-9ea2-3152af8552da/datanode-2/data/ratis/e9607f93-402c-4a4c-bb21-62cb5c4c931e/in_use.lock acquired by nodename 21311@fv-az122-443
2021-08-15 01:17:44,083 [pool-407-thread-1] INFO  storage.RaftStorage (RaftStorageImpl.java:format(89)) - Storage directory /home/runner/work/ozone/ozone/hadoop-ozone/integration-test/target/test-dir/MiniOzoneClusterImpl-d2e0817b-7a27-4795-9ea2-3152af8552da/datanode-2/data/ratis/e9607f93-402c-4a4c-bb21-62cb5c4c931e has been successfully formatted.
2021-08-15 01:17:44,083 [Datanode State Machine Thread - 0] WARN  statemachine.StateContext (StateContext.java:execute(621)) - No available thread in pool for past 1 seconds.
2021-08-15 01:17:44,084 [pool-407-thread-1] INFO  ratis.ContainerStateMachine (ContainerStateMachine.java:loadSnapshot(225)) - group-62CB5C4C931E: The snapshot info is null. Setting the last applied indexto:(t:0, i:~)
2021-08-15 01:17:44,084 [pool-407-thread-1] INFO  server.RaftServerConfigKeys (ConfUtils.java:logGet(44)) - raft.server.notification.no-leader.timeout = 300s (custom)
2021-08-15 01:17:44,084 [pool-407-thread-1] INFO  server.RaftServerConfigKeys (ConfUtils.java:logGet(44)) - raft.server.log.use.memory = false (default)
2021-08-15 01:17:44,084 [pool-407-thread-1] INFO  server.RaftServerConfigKeys (ConfUtils.java:logGet(44)) - raft.server.log.purge.gap = 1000000 (custom)
2021-08-15 01:17:44,084 [pool-407-thread-1] INFO  server.RaftServerConfigKeys (ConfUtils.java:logGet(44)) - raft.server.log.appender.buffer.byte-limit = 33554432 (custom)
2021-08-15 01:17:44,085 [EventQueue-PipelineReportForPipelineReportHandler] INFO  pipeline.PipelineManagerImpl (PipelineManagerImpl.java:openPipeline(283)) - Pipeline Pipeline[ Id: e9607f93-402c-4a4c-bb21-62cb5c4c931e, Nodes: de46658e-6de7-45a1-81e4-0d2091b7d264{ip: 10.1.0.43, host: fv-az122-443.zf1tlrj3kn4expqppa1j4mpycf.xx.internal.cloudapp.net, ports: [REPLICATION=40859, RATIS=36647, RATIS_ADMIN=36647, RATIS_SERVER=36647, STANDALONE=40357], networkLocation: /default-rack, certSerialId: null, persistedOpState: IN_SERVICE, persistedOpStateExpiryEpochSec: 0}, ReplicationConfig: RATIS/ONE, State:ALLOCATED, leaderId:de46658e-6de7-45a1-81e4-0d2091b7d264, CreationTimestamp2021-08-15T01:17:41.079Z[Etc/UTC]] moved to OPEN state
2021-08-15 01:17:44,085 [pool-407-thread-1] INFO  server.RaftServerConfigKeys (ConfUtils.java:logGet(44)) - raft.server.log.segment.size.max = 1048576 (custom)
2021-08-15 01:17:44,085 [EventQueue-OpenPipelineForHealthyPipelineSafeModeRule] INFO  safemode.SCMSafeModeManager (HealthyPipelineSafeModeRule.java:process(124)) - SCM in safe mode. Healthy pipelines reported count is 0, required healthy pipeline reported count is 1
2021-08-15 01:17:44,089 [pool-407-thread-1] INFO  server.RaftServerConfigKeys (ConfUtils.java:logGet(44)) - raft.server.log.segment.cache.num.max = 2 (custom)
2021-08-15 01:17:44,090 [pool-407-thread-1] INFO  server.RaftServerConfigKeys (ConfUtils.java:logGet(44)) - raft.server.log.segment.cache.size.max = 200MB (=209715200) (default)
2021-08-15 01:17:44,090 [pool-407-thread-1] INFO  segmented.SegmentedRaftLogWorker (SegmentedRaftLogWorker.java:<init>(182)) - new de46658e-6de7-45a1-81e4-0d2091b7d264@group-62CB5C4C931E-SegmentedRaftLogWorker for RaftStorageImpl:Storage Directory /home/runner/work/ozone/ozone/hadoop-ozone/integration-test/target/test-dir/MiniOzoneClusterImpl-d2e0817b-7a27-4795-9ea2-3152af8552da/datanode-2/data/ratis/e9607f93-402c-4a4c-bb21-62cb5c4c931e
2021-08-15 01:17:44,090 [pool-407-thread-1] INFO  server.RaftServerConfigKeys (ConfUtils.java:logGet(44)) - raft.server.log.queue.byte-limit = 2147483647 (custom)
2021-08-15 01:17:44,090 [pool-407-thread-1] INFO  server.RaftServerConfigKeys (ConfUtils.java:logGet(44)) - raft.server.log.queue.element-limit = 1024 (custom)
2021-08-15 01:17:44,090 [pool-407-thread-1] INFO  server.RaftServerConfigKeys (ConfUtils.java:logGet(44)) - raft.server.log.segment.size.max = 1048576 (custom)
2021-08-15 01:17:44,090 [pool-407-thread-1] INFO  server.RaftServerConfigKeys (ConfUtils.java:logGet(44)) - raft.server.log.preallocated.size = 16384 (custom)
2021-08-15 01:17:44,090 [pool-407-thread-1] INFO  server.RaftServerConfigKeys (ConfUtils.java:logGet(44)) - raft.server.log.force.sync.num = 128 (default)
2021-08-15 01:17:44,091 [pool-407-thread-1] INFO  server.RaftServerConfigKeys (ConfUtils.java:logGet(44)) - raft.server.log.statemachine.data.sync = true (default)
2021-08-15 01:17:44,091 [pool-407-thread-1] INFO  server.RaftServerConfigKeys (ConfUtils.java:logGet(44)) - raft.server.log.statemachine.data.sync.timeout = 10s (default)
2021-08-15 01:17:44,091 [pool-407-thread-1] INFO  server.RaftServerConfigKeys (ConfUtils.java:logGet(44)) - raft.server.log.statemachine.data.sync.timeout.retry = -1 (default)
2021-08-15 01:17:44,092 [pool-407-thread-1] INFO  server.RaftServerConfigKeys (ConfUtils.java:logGet(44)) - raft.server.log.write.buffer.size = 1048576 (custom)
2021-08-15 01:17:44,100 [pool-407-thread-1] INFO  server.RaftServerConfigKeys (ConfUtils.java:logGet(44)) - raft.server.log.statemachine.data.caching.enabled = true (custom)
2021-08-15 01:17:44,101 [pool-407-thread-1] INFO  segmented.SegmentedRaftLogWorker (SegmentedRaftLogWorker.java:lambda$new$0(133)) - de46658e-6de7-45a1-81e4-0d2091b7d264@group-62CB5C4C931E-SegmentedRaftLogWorker: flushIndex: setUnconditionally 0 -> -1
2021-08-15 01:17:44,101 [pool-407-thread-1] INFO  segmented.SegmentedRaftLogWorker (SegmentedRaftLogWorker.java:lambda$new$0(133)) - de46658e-6de7-45a1-81e4-0d2091b7d264@group-62CB5C4C931E-SegmentedRaftLogWorker: safeCacheEvictIndex: setUnconditionally 0 -> -1
2021-08-15 01:17:44,101 [pool-407-thread-1] INFO  server.RaftServerConfigKeys (ConfUtils.java:logGet(44)) - raft.server.snapshot.auto.trigger.enabled = true (custom)
2021-08-15 01:17:44,101 [pool-407-thread-1] INFO  server.RaftServerConfigKeys (ConfUtils.java:logGet(44)) - raft.server.snapshot.auto.trigger.threshold = 10000 (custom)
2021-08-15 01:17:44,101 [pool-407-thread-1] INFO  server.RaftServerConfigKeys (ConfUtils.java:logGet(44)) - raft.server.snapshot.retention.file.num = 5 (custom)
2021-08-15 01:17:44,101 [pool-407-thread-1] INFO  server.RaftServerConfigKeys (ConfUtils.java:logGet(44)) - raft.server.log.purge.upto.snapshot.index = false (default)
2021-08-15 01:17:44,101 [pool-407-thread-1] INFO  server.RaftServerConfigKeys (ConfUtils.java:logGet(44)) - raft.server.retrycache.expirytime = 600000ms (custom)
2021-08-15 01:17:44,101 [pool-407-thread-1] INFO  server.RaftServerConfigKeys (ConfUtils.java:logGet(44)) - raft.server.retrycache.statistics.expirytime = 100μs (default)
2021-08-15 01:17:44,102 [pool-407-thread-1] INFO  server.RaftServer$Division (RaftServerImpl.java:start(296)) - de46658e-6de7-45a1-81e4-0d2091b7d264@group-62CB5C4C931E: start as a follower, conf=-1: [de46658e-6de7-45a1-81e4-0d2091b7d264|rpc:10.1.0.43:36647|priority:1], old=null
2021-08-15 01:17:44,102 [pool-407-thread-1] INFO  server.RaftServer$Division (RaftServerImpl.java:setRole(285)) - de46658e-6de7-45a1-81e4-0d2091b7d264@group-62CB5C4C931E: changes role from      null to FOLLOWER at term 0 for startAsFollower
2021-08-15 01:17:44,102 [pool-407-thread-1] INFO  impl.RoleInfo (RoleInfo.java:updateAndGet(130)) - de46658e-6de7-45a1-81e4-0d2091b7d264: start de46658e-6de7-45a1-81e4-0d2091b7d264@group-62CB5C4C931E-FollowerState
2021-08-15 01:17:44,103 [pool-407-thread-1] INFO  util.JmxRegister (JmxRegister.java:tryRegister(44)) - Successfully registered JMX Bean with object name Ratis:service=RaftServer,group=group-62CB5C4C931E,id=de46658e-6de7-45a1-81e4-0d2091b7d264
2021-08-15 01:17:44,103 [Command processor thread] INFO  ratis.XceiverServerRatis (XceiverServerRatis.java:addGroup(763)) - Created group PipelineID=e9607f93-402c-4a4c-bb21-62cb5c4c931e
2021-08-15 01:17:44,103 [Command processor thread] INFO  commandhandler.CreatePipelineCommandHandler (CreatePipelineCommandHandler.java:handle(106)) - Created Pipeline RATIS ONE PipelineID=e9607f93-402c-4a4c-bb21-62cb5c4c931e.
2021-08-15 01:17:45,060 [Listener at 127.0.0.1/41191] INFO  ozone.MiniOzoneClusterImpl (MiniOzoneClusterImpl.java:lambda$waitForClusterToBeReady$0(235)) - Nodes are ready. Got 3 of 3 DN Heartbeats.
2021-08-15 01:17:45,060 [Listener at 127.0.0.1/41191] INFO  ozone.MiniOzoneClusterImpl (MiniOzoneClusterImpl.java:lambda$waitForClusterToBeReady$0(238)) - Waiting for cluster to exit safe mode
2021-08-15 01:17:45,060 [Listener at 127.0.0.1/41191] INFO  ozone.MiniOzoneClusterImpl (MiniOzoneClusterImpl.java:lambda$waitForClusterToBeReady$0(240)) - SCM became leader
2021-08-15 01:17:46,060 [Listener at 127.0.0.1/41191] INFO  ozone.MiniOzoneClusterImpl (MiniOzoneClusterImpl.java:lambda$waitForClusterToBeReady$0(235)) - Nodes are ready. Got 3 of 3 DN Heartbeats.
2021-08-15 01:17:46,061 [Listener at 127.0.0.1/41191] INFO  ozone.MiniOzoneClusterImpl (MiniOzoneClusterImpl.java:lambda$waitForClusterToBeReady$0(238)) - Waiting for cluster to exit safe mode
2021-08-15 01:17:46,061 [Listener at 127.0.0.1/41191] INFO  ozone.MiniOzoneClusterImpl (MiniOzoneClusterImpl.java:lambda$waitForClusterToBeReady$0(240)) - SCM became leader
2021-08-15 01:17:47,061 [Listener at 127.0.0.1/41191] INFO  ozone.MiniOzoneClusterImpl (MiniOzoneClusterImpl.java:lambda$waitForClusterToBeReady$0(235)) - Nodes are ready. Got 3 of 3 DN Heartbeats.
2021-08-15 01:17:47,061 [Listener at 127.0.0.1/41191] INFO  ozone.MiniOzoneClusterImpl (MiniOzoneClusterImpl.java:lambda$waitForClusterToBeReady$0(238)) - Waiting for cluster to exit safe mode
2021-08-15 01:17:47,061 [Listener at 127.0.0.1/41191] INFO  ozone.MiniOzoneClusterImpl (MiniOzoneClusterImpl.java:lambda$waitForClusterToBeReady$0(240)) - SCM became leader
2021-08-15 01:17:48,061 [Listener at 127.0.0.1/41191] INFO  ozone.MiniOzoneClusterImpl (MiniOzoneClusterImpl.java:lambda$waitForClusterToBeReady$0(235)) - Nodes are ready. Got 3 of 3 DN Heartbeats.
2021-08-15 01:17:48,061 [Listener at 127.0.0.1/41191] INFO  ozone.MiniOzoneClusterImpl (MiniOzoneClusterImpl.java:lambda$waitForClusterToBeReady$0(238)) - Waiting for cluster to exit safe mode
2021-08-15 01:17:48,061 [Listener at 127.0.0.1/41191] INFO  ozone.MiniOzoneClusterImpl (MiniOzoneClusterImpl.java:lambda$waitForClusterToBeReady$0(240)) - SCM became leader
2021-08-15 01:17:48,576 [80fb03ba-aab4-4d6c-a114-0a36b49bfdbd@group-D799BB9C1D78-FollowerState] INFO  impl.FollowerState (FollowerState.java:run(134)) - 80fb03ba-aab4-4d6c-a114-0a36b49bfdbd@group-D799BB9C1D78-FollowerState: change to CANDIDATE, lastRpcElapsedTime:5151914447ns, electionTimeout:5151ms
2021-08-15 01:17:48,576 [80fb03ba-aab4-4d6c-a114-0a36b49bfdbd@group-D799BB9C1D78-FollowerState] INFO  impl.RoleInfo (RoleInfo.java:shutdownFollowerState(108)) - 80fb03ba-aab4-4d6c-a114-0a36b49bfdbd: shutdown 80fb03ba-aab4-4d6c-a114-0a36b49bfdbd@group-D799BB9C1D78-FollowerState
2021-08-15 01:17:48,576 [80fb03ba-aab4-4d6c-a114-0a36b49bfdbd@group-D799BB9C1D78-FollowerState] INFO  server.RaftServer$Division (RaftServerImpl.java:setRole(285)) - 80fb03ba-aab4-4d6c-a114-0a36b49bfdbd@group-D799BB9C1D78: changes role from  FOLLOWER to CANDIDATE at term 0 for changeToCandidate
2021-08-15 01:17:48,577 [80fb03ba-aab4-4d6c-a114-0a36b49bfdbd@group-D799BB9C1D78-FollowerState] INFO  server.RaftServerConfigKeys (ConfUtils.java:logGet(44)) - raft.server.leaderelection.pre-vote = false (custom)
2021-08-15 01:17:48,577 [80fb03ba-aab4-4d6c-a114-0a36b49bfdbd@group-D799BB9C1D78-FollowerState] INFO  impl.RoleInfo (RoleInfo.java:updateAndGet(130)) - 80fb03ba-aab4-4d6c-a114-0a36b49bfdbd: start 80fb03ba-aab4-4d6c-a114-0a36b49bfdbd@group-D799BB9C1D78-LeaderElection30
2021-08-15 01:17:48,603 [80fb03ba-aab4-4d6c-a114-0a36b49bfdbd@group-D799BB9C1D78-LeaderElection30] INFO  impl.LeaderElection (LeaderElection.java:askForVotes(306)) - 80fb03ba-aab4-4d6c-a114-0a36b49bfdbd@group-D799BB9C1D78-LeaderElection30 ELECTION round 0: submit vote requests at term 1 for -1: [80fb03ba-aab4-4d6c-a114-0a36b49bfdbd|rpc:10.1.0.43:35737|priority:1], old=null
2021-08-15 01:17:48,603 [80fb03ba-aab4-4d6c-a114-0a36b49bfdbd@group-D799BB9C1D78-LeaderElection30] INFO  impl.LeaderElection (LeaderElection.java:askForVotes(308)) - 80fb03ba-aab4-4d6c-a114-0a36b49bfdbd@group-D799BB9C1D78-LeaderElection30 ELECTION round 0: result PASSED (term=1)
2021-08-15 01:17:48,603 [80fb03ba-aab4-4d6c-a114-0a36b49bfdbd@group-D799BB9C1D78-LeaderElection30] INFO  impl.RoleInfo (RoleInfo.java:shutdownLeaderElection(121)) - 80fb03ba-aab4-4d6c-a114-0a36b49bfdbd: shutdown 80fb03ba-aab4-4d6c-a114-0a36b49bfdbd@group-D799BB9C1D78-LeaderElection30
2021-08-15 01:17:48,603 [80fb03ba-aab4-4d6c-a114-0a36b49bfdbd@group-D799BB9C1D78-LeaderElection30] INFO  server.RaftServer$Division (RaftServerImpl.java:setRole(285)) - 80fb03ba-aab4-4d6c-a114-0a36b49bfdbd@group-D799BB9C1D78: changes role from CANDIDATE to LEADER at term 1 for changeToLeader
2021-08-15 01:17:48,603 [80fb03ba-aab4-4d6c-a114-0a36b49bfdbd@group-D799BB9C1D78-LeaderElection30] INFO  ratis.XceiverServerRatis (XceiverServerRatis.java:handleLeaderChangedNotification(861)) - Leader change notification received for group: group-D799BB9C1D78 with new leaderId: 80fb03ba-aab4-4d6c-a114-0a36b49bfdbd
2021-08-15 01:17:48,603 [80fb03ba-aab4-4d6c-a114-0a36b49bfdbd@group-D799BB9C1D78-LeaderElection30] INFO  server.RaftServer$Division (ServerState.java:setLeader(285)) - 80fb03ba-aab4-4d6c-a114-0a36b49bfdbd@group-D799BB9C1D78: change Leader from null to 80fb03ba-aab4-4d6c-a114-0a36b49bfdbd at term 1 for becomeLeader, leader elected after 5214ms
2021-08-15 01:17:48,603 [80fb03ba-aab4-4d6c-a114-0a36b49bfdbd@group-D799BB9C1D78-LeaderElection30] INFO  server.RaftServerConfigKeys (ConfUtils.java:logGet(44)) - raft.server.staging.catchup.gap = 1000 (default)
2021-08-15 01:17:48,604 [Datanode State Machine Thread - 0] WARN  statemachine.StateContext (StateContext.java:execute(621)) - No available thread in pool for past 1 seconds.
2021-08-15 01:17:48,604 [80fb03ba-aab4-4d6c-a114-0a36b49bfdbd@group-D799BB9C1D78-LeaderElection30] INFO  server.RaftServerConfigKeys (ConfUtils.java:logGet(44)) - raft.server.write.element-limit = 1024 (custom)
2021-08-15 01:17:48,604 [80fb03ba-aab4-4d6c-a114-0a36b49bfdbd@group-D799BB9C1D78-LeaderElection30] INFO  server.RaftServerConfigKeys (ConfUtils.java:logGet(44)) - raft.server.write.byte-limit = 1024 M (=1073741824) (custom)
2021-08-15 01:17:48,604 [80fb03ba-aab4-4d6c-a114-0a36b49bfdbd@group-D799BB9C1D78-LeaderElection30] INFO  server.RaftServerConfigKeys (ConfUtils.java:logGet(44)) - raft.server.watch.timeout = 180s (custom)
2021-08-15 01:17:48,604 [80fb03ba-aab4-4d6c-a114-0a36b49bfdbd@group-D799BB9C1D78-LeaderElection30] INFO  server.RaftServerConfigKeys (ConfUtils.java:logGet(44)) - raft.server.watch.timeout.denomination = 1s (default)
2021-08-15 01:17:48,604 [80fb03ba-aab4-4d6c-a114-0a36b49bfdbd@group-D799BB9C1D78-LeaderElection30] INFO  server.RaftServerConfigKeys (ConfUtils.java:logGet(44)) - raft.server.watch.element-limit = 65536 (default)
2021-08-15 01:17:48,604 [80fb03ba-aab4-4d6c-a114-0a36b49bfdbd@group-D799BB9C1D78-LeaderElection30] INFO  impl.RoleInfo (RoleInfo.java:updateAndGet(130)) - 80fb03ba-aab4-4d6c-a114-0a36b49bfdbd: start 80fb03ba-aab4-4d6c-a114-0a36b49bfdbd@group-D799BB9C1D78-LeaderStateImpl
2021-08-15 01:17:48,604 [80fb03ba-aab4-4d6c-a114-0a36b49bfdbd@group-D799BB9C1D78-LeaderElection30] INFO  segmented.SegmentedRaftLogWorker (SegmentedRaftLogWorker.java:startLogSegment(394)) - 80fb03ba-aab4-4d6c-a114-0a36b49bfdbd@group-D799BB9C1D78-SegmentedRaftLogWorker: Starting segment from index:0
2021-08-15 01:17:48,606 [80fb03ba-aab4-4d6c-a114-0a36b49bfdbd@group-D845931F6563-FollowerState] INFO  impl.FollowerState (FollowerState.java:run(134)) - 80fb03ba-aab4-4d6c-a114-0a36b49bfdbd@group-D845931F6563-FollowerState: change to CANDIDATE, lastRpcElapsedTime:5145303945ns, electionTimeout:5137ms
2021-08-15 01:17:48,607 [EventQueue-OpenPipelineForHealthyPipelineSafeModeRule] INFO  safemode.SCMSafeModeManager (HealthyPipelineSafeModeRule.java:process(124)) - SCM in safe mode. Healthy pipelines reported count is 0, required healthy pipeline reported count is 1
2021-08-15 01:17:48,608 [80fb03ba-aab4-4d6c-a114-0a36b49bfdbd@group-D845931F6563-FollowerState] INFO  impl.RoleInfo (RoleInfo.java:shutdownFollowerState(108)) - 80fb03ba-aab4-4d6c-a114-0a36b49bfdbd: shutdown 80fb03ba-aab4-4d6c-a114-0a36b49bfdbd@group-D845931F6563-FollowerState
2021-08-15 01:17:48,608 [80fb03ba-aab4-4d6c-a114-0a36b49bfdbd@group-D845931F6563-FollowerState] INFO  server.RaftServer$Division (RaftServerImpl.java:setRole(285)) - 80fb03ba-aab4-4d6c-a114-0a36b49bfdbd@group-D845931F6563: changes role from  FOLLOWER to CANDIDATE at term 0 for changeToCandidate
2021-08-15 01:17:48,608 [80fb03ba-aab4-4d6c-a114-0a36b49bfdbd@group-D845931F6563-FollowerState] INFO  server.RaftServerConfigKeys (ConfUtils.java:logGet(44)) - raft.server.leaderelection.pre-vote = false (custom)
2021-08-15 01:17:48,608 [80fb03ba-aab4-4d6c-a114-0a36b49bfdbd@group-D845931F6563-FollowerState] INFO  impl.RoleInfo (RoleInfo.java:updateAndGet(130)) - 80fb03ba-aab4-4d6c-a114-0a36b49bfdbd: start 80fb03ba-aab4-4d6c-a114-0a36b49bfdbd@group-D845931F6563-LeaderElection31
2021-08-15 01:17:48,610 [80fb03ba-aab4-4d6c-a114-0a36b49bfdbd@group-D799BB9C1D78-SegmentedRaftLogWorker] INFO  segmented.SegmentedRaftLogWorker (SegmentedRaftLogWorker.java:execute(601)) - 80fb03ba-aab4-4d6c-a114-0a36b49bfdbd@group-D799BB9C1D78-SegmentedRaftLogWorker: created new log segment /home/runner/work/ozone/ozone/hadoop-ozone/integration-test/target/test-dir/MiniOzoneClusterImpl-d2e0817b-7a27-4795-9ea2-3152af8552da/datanode-0/data/ratis/e5151e9b-1a5f-42c8-8ec3-d799bb9c1d78/current/log_inprogress_0
2021-08-15 01:17:48,619 [80fb03ba-aab4-4d6c-a114-0a36b49bfdbd@group-D799BB9C1D78-LeaderElection30] INFO  server.RaftServer$Division (ServerState.java:setRaftConf(387)) - 80fb03ba-aab4-4d6c-a114-0a36b49bfdbd@group-D799BB9C1D78: set configuration 0: [80fb03ba-aab4-4d6c-a114-0a36b49bfdbd|rpc:10.1.0.43:35737|dataStream:|priority:1], old=null
2021-08-15 01:17:48,627 [80fb03ba-aab4-4d6c-a114-0a36b49bfdbd@group-D845931F6563-LeaderElection31] INFO  impl.LeaderElection (LeaderElection.java:askForVotes(306)) - 80fb03ba-aab4-4d6c-a114-0a36b49bfdbd@group-D845931F6563-LeaderElection31 ELECTION round 0: submit vote requests at term 1 for -1: [65295508-def1-4def-8cfe-b2ee89df246c|rpc:10.1.0.43:38387|priority:0, de46658e-6de7-45a1-81e4-0d2091b7d264|rpc:10.1.0.43:36647|priority:1, 80fb03ba-aab4-4d6c-a114-0a36b49bfdbd|rpc:10.1.0.43:35737|priority:0], old=null
2021-08-15 01:17:48,639 [grpc-default-executor-0] INFO  server.RaftServer$Division (RaftServerImpl.java:requestVote(1043)) - 65295508-def1-4def-8cfe-b2ee89df246c@group-D845931F6563: receive requestVote(ELECTION, 80fb03ba-aab4-4d6c-a114-0a36b49bfdbd, group-D845931F6563, 1, (t:0, i:0))
2021-08-15 01:17:48,639 [grpc-default-executor-0] INFO  impl.VoteContext (VoteContext.java:log(48)) - 65295508-def1-4def-8cfe-b2ee89df246c@group-D845931F6563-FOLLOWER: accept ELECTION from 80fb03ba-aab4-4d6c-a114-0a36b49bfdbd: our priority 0 <= candidate's priority 0
2021-08-15 01:17:48,639 [grpc-default-executor-0] INFO  server.RaftServer$Division (RaftServerImpl.java:setRole(285)) - 65295508-def1-4def-8cfe-b2ee89df246c@group-D845931F6563: changes role from  FOLLOWER to FOLLOWER at term 1 for candidate:80fb03ba-aab4-4d6c-a114-0a36b49bfdbd
2021-08-15 01:17:48,639 [grpc-default-executor-0] INFO  impl.RoleInfo (RoleInfo.java:shutdownFollowerState(108)) - 65295508-def1-4def-8cfe-b2ee89df246c: shutdown 65295508-def1-4def-8cfe-b2ee89df246c@group-D845931F6563-FollowerState
2021-08-15 01:17:48,639 [grpc-default-executor-0] INFO  impl.RoleInfo (RoleInfo.java:updateAndGet(130)) - 65295508-def1-4def-8cfe-b2ee89df246c: start 65295508-def1-4def-8cfe-b2ee89df246c@group-D845931F6563-FollowerState
2021-08-15 01:17:48,639 [65295508-def1-4def-8cfe-b2ee89df246c@group-D845931F6563-FollowerState] INFO  impl.FollowerState (FollowerState.java:run(143)) - 65295508-def1-4def-8cfe-b2ee89df246c@group-D845931F6563-FollowerState was interrupted: {}
java.lang.InterruptedException: sleep interrupted
	at java.lang.Thread.sleep(Native Method)
	at java.lang.Thread.sleep(Thread.java:340)
	at java.util.concurrent.TimeUnit.sleep(TimeUnit.java:386)
	at org.apache.ratis.util.TimeDuration.sleep(TimeDuration.java:324)
	at org.apache.ratis.util.TimeDuration.sleep(TimeDuration.java:309)
	at org.apache.ratis.server.impl.FollowerState.run(FollowerState.java:118)
2021-08-15 01:17:48,647 [grpc-default-executor-0] INFO  server.RaftServer$Division (RaftServerImpl.java:requestVote(1075)) - 65295508-def1-4def-8cfe-b2ee89df246c@group-D845931F6563 replies to ELECTION vote request: 80fb03ba-aab4-4d6c-a114-0a36b49bfdbd<-65295508-def1-4def-8cfe-b2ee89df246c#0:OK-t1. Peer's state: 65295508-def1-4def-8cfe-b2ee89df246c@group-D845931F6563:t1, leader=null, voted=80fb03ba-aab4-4d6c-a114-0a36b49bfdbd, raftlog=65295508-def1-4def-8cfe-b2ee89df246c@group-D845931F6563-SegmentedRaftLog:OPENED:c-1,f-1,i0, conf=-1: [65295508-def1-4def-8cfe-b2ee89df246c|rpc:10.1.0.43:38387|dataStream:|priority:0, de46658e-6de7-45a1-81e4-0d2091b7d264|rpc:10.1.0.43:36647|dataStream:|priority:1, 80fb03ba-aab4-4d6c-a114-0a36b49bfdbd|rpc:10.1.0.43:35737|dataStream:|priority:0], old=null
2021-08-15 01:17:48,686 [grpc-default-executor-0] INFO  server.RaftServer$Division (RaftServerImpl.java:requestVote(1043)) - de46658e-6de7-45a1-81e4-0d2091b7d264@group-D845931F6563: receive requestVote(ELECTION, 80fb03ba-aab4-4d6c-a114-0a36b49bfdbd, group-D845931F6563, 1, (t:0, i:0))
2021-08-15 01:17:48,686 [grpc-default-executor-0] INFO  impl.VoteContext (VoteContext.java:log(48)) - de46658e-6de7-45a1-81e4-0d2091b7d264@group-D845931F6563-FOLLOWER: reject ELECTION from 80fb03ba-aab4-4d6c-a114-0a36b49bfdbd: our priority 1 > candidate's priority 0
2021-08-15 01:17:48,686 [grpc-default-executor-0] INFO  server.RaftServer$Division (RaftServerImpl.java:setRole(285)) - de46658e-6de7-45a1-81e4-0d2091b7d264@group-D845931F6563: changes role from  FOLLOWER to FOLLOWER at term 1 for candidate:80fb03ba-aab4-4d6c-a114-0a36b49bfdbd
2021-08-15 01:17:48,686 [grpc-default-executor-0] INFO  impl.RoleInfo (RoleInfo.java:shutdownFollowerState(108)) - de46658e-6de7-45a1-81e4-0d2091b7d264: shutdown de46658e-6de7-45a1-81e4-0d2091b7d264@group-D845931F6563-FollowerState
2021-08-15 01:17:48,686 [grpc-default-executor-0] INFO  impl.RoleInfo (RoleInfo.java:updateAndGet(130)) - de46658e-6de7-45a1-81e4-0d2091b7d264: start de46658e-6de7-45a1-81e4-0d2091b7d264@group-D845931F6563-FollowerState
2021-08-15 01:17:48,686 [de46658e-6de7-45a1-81e4-0d2091b7d264@group-D845931F6563-FollowerState] INFO  impl.FollowerState (FollowerState.java:run(143)) - de46658e-6de7-45a1-81e4-0d2091b7d264@group-D845931F6563-FollowerState was interrupted: {}
java.lang.InterruptedException: sleep interrupted
	at java.lang.Thread.sleep(Native Method)
	at java.lang.Thread.sleep(Thread.java:340)
	at java.util.concurrent.TimeUnit.sleep(TimeUnit.java:386)
	at org.apache.ratis.util.TimeDuration.sleep(TimeDuration.java:324)
	at org.apache.ratis.util.TimeDuration.sleep(TimeDuration.java:309)
	at org.apache.ratis.server.impl.FollowerState.run(FollowerState.java:118)
2021-08-15 01:17:48,694 [grpc-default-executor-0] INFO  server.RaftServer$Division (RaftServerImpl.java:requestVote(1075)) - de46658e-6de7-45a1-81e4-0d2091b7d264@group-D845931F6563 replies to ELECTION vote request: 80fb03ba-aab4-4d6c-a114-0a36b49bfdbd<-de46658e-6de7-45a1-81e4-0d2091b7d264#0:FAIL-t1. Peer's state: de46658e-6de7-45a1-81e4-0d2091b7d264@group-D845931F6563:t1, leader=null, voted=null, raftlog=de46658e-6de7-45a1-81e4-0d2091b7d264@group-D845931F6563-SegmentedRaftLog:OPENED:c-1,f-1,i0, conf=-1: [65295508-def1-4def-8cfe-b2ee89df246c|rpc:10.1.0.43:38387|dataStream:|priority:0, de46658e-6de7-45a1-81e4-0d2091b7d264|rpc:10.1.0.43:36647|dataStream:|priority:1, 80fb03ba-aab4-4d6c-a114-0a36b49bfdbd|rpc:10.1.0.43:35737|dataStream:|priority:0], old=null
2021-08-15 01:17:48,711 [80fb03ba-aab4-4d6c-a114-0a36b49bfdbd@group-D845931F6563-LeaderElection31] INFO  impl.LeaderElection (LeaderElection.java:logAndReturn(89)) - 80fb03ba-aab4-4d6c-a114-0a36b49bfdbd@group-D845931F6563-LeaderElection31: ELECTION REJECTED received 2 response(s) and 0 exception(s):
2021-08-15 01:17:48,711 [80fb03ba-aab4-4d6c-a114-0a36b49bfdbd@group-D845931F6563-LeaderElection31] INFO  impl.LeaderElection (LeaderElection.java:logAndReturn(93)) -   Response 0: 80fb03ba-aab4-4d6c-a114-0a36b49bfdbd<-65295508-def1-4def-8cfe-b2ee89df246c#0:OK-t1
2021-08-15 01:17:48,711 [80fb03ba-aab4-4d6c-a114-0a36b49bfdbd@group-D845931F6563-LeaderElection31] INFO  impl.LeaderElection (LeaderElection.java:logAndReturn(93)) -   Response 1: 80fb03ba-aab4-4d6c-a114-0a36b49bfdbd<-de46658e-6de7-45a1-81e4-0d2091b7d264#0:FAIL-t1
2021-08-15 01:17:48,711 [80fb03ba-aab4-4d6c-a114-0a36b49bfdbd@group-D845931F6563-LeaderElection31] INFO  impl.LeaderElection (LeaderElection.java:askForVotes(308)) - 80fb03ba-aab4-4d6c-a114-0a36b49bfdbd@group-D845931F6563-LeaderElection31 ELECTION round 0: result REJECTED
2021-08-15 01:17:48,711 [80fb03ba-aab4-4d6c-a114-0a36b49bfdbd@group-D845931F6563-LeaderElection31] INFO  server.RaftServer$Division (RaftServerImpl.java:setRole(285)) - 80fb03ba-aab4-4d6c-a114-0a36b49bfdbd@group-D845931F6563: changes role from CANDIDATE to FOLLOWER at term 1 for REJECTED
2021-08-15 01:17:48,711 [80fb03ba-aab4-4d6c-a114-0a36b49bfdbd@group-D845931F6563-LeaderElection31] INFO  impl.RoleInfo (RoleInfo.java:shutdownLeaderElection(121)) - 80fb03ba-aab4-4d6c-a114-0a36b49bfdbd: shutdown 80fb03ba-aab4-4d6c-a114-0a36b49bfdbd@group-D845931F6563-LeaderElection31
2021-08-15 01:17:48,711 [80fb03ba-aab4-4d6c-a114-0a36b49bfdbd@group-D845931F6563-LeaderElection31] INFO  impl.RoleInfo (RoleInfo.java:updateAndGet(130)) - 80fb03ba-aab4-4d6c-a114-0a36b49bfdbd: start 80fb03ba-aab4-4d6c-a114-0a36b49bfdbd@group-D845931F6563-FollowerState
2021-08-15 01:17:48,800 [80fb03ba-aab4-4d6c-a114-0a36b49bfdbd@group-50B81F3CF1A5-FollowerState] INFO  impl.FollowerState (FollowerState.java:run(134)) - 80fb03ba-aab4-4d6c-a114-0a36b49bfdbd@group-50B81F3CF1A5-FollowerState: change to CANDIDATE, lastRpcElapsedTime:5049788323ns, electionTimeout:5049ms
2021-08-15 01:17:48,801 [80fb03ba-aab4-4d6c-a114-0a36b49bfdbd@group-50B81F3CF1A5-FollowerState] INFO  impl.RoleInfo (RoleInfo.java:shutdownFollowerState(108)) - 80fb03ba-aab4-4d6c-a114-0a36b49bfdbd: shutdown 80fb03ba-aab4-4d6c-a114-0a36b49bfdbd@group-50B81F3CF1A5-FollowerState
2021-08-15 01:17:48,801 [80fb03ba-aab4-4d6c-a114-0a36b49bfdbd@group-50B81F3CF1A5-FollowerState] INFO  server.RaftServer$Division (RaftServerImpl.java:setRole(285)) - 80fb03ba-aab4-4d6c-a114-0a36b49bfdbd@group-50B81F3CF1A5: changes role from  FOLLOWER to CANDIDATE at term 0 for changeToCandidate
2021-08-15 01:17:48,801 [80fb03ba-aab4-4d6c-a114-0a36b49bfdbd@group-50B81F3CF1A5-FollowerState] INFO  server.RaftServerConfigKeys (ConfUtils.java:logGet(44)) - raft.server.leaderelection.pre-vote = false (custom)
2021-08-15 01:17:48,801 [80fb03ba-aab4-4d6c-a114-0a36b49bfdbd@group-50B81F3CF1A5-FollowerState] INFO  impl.RoleInfo (RoleInfo.java:updateAndGet(130)) - 80fb03ba-aab4-4d6c-a114-0a36b49bfdbd: start 80fb03ba-aab4-4d6c-a114-0a36b49bfdbd@group-50B81F3CF1A5-LeaderElection32
2021-08-15 01:17:48,847 [80fb03ba-aab4-4d6c-a114-0a36b49bfdbd@group-50B81F3CF1A5-LeaderElection32] INFO  impl.LeaderElection (LeaderElection.java:askForVotes(306)) - 80fb03ba-aab4-4d6c-a114-0a36b49bfdbd@group-50B81F3CF1A5-LeaderElection32 ELECTION round 0: submit vote requests at term 1 for -1: [65295508-def1-4def-8cfe-b2ee89df246c|rpc:10.1.0.43:38387|priority:1, de46658e-6de7-45a1-81e4-0d2091b7d264|rpc:10.1.0.43:36647|priority:0, 80fb03ba-aab4-4d6c-a114-0a36b49bfdbd|rpc:10.1.0.43:35737|priority:0], old=null
2021-08-15 01:17:48,851 [grpc-default-executor-0] INFO  server.RaftServer$Division (RaftServerImpl.java:requestVote(1043)) - 65295508-def1-4def-8cfe-b2ee89df246c@group-50B81F3CF1A5: receive requestVote(ELECTION, 80fb03ba-aab4-4d6c-a114-0a36b49bfdbd, group-50B81F3CF1A5, 1, (t:0, i:0))
2021-08-15 01:17:48,851 [grpc-default-executor-0] INFO  impl.VoteContext (VoteContext.java:log(48)) - 65295508-def1-4def-8cfe-b2ee89df246c@group-50B81F3CF1A5-FOLLOWER: reject ELECTION from 80fb03ba-aab4-4d6c-a114-0a36b49bfdbd: our priority 1 > candidate's priority 0
2021-08-15 01:17:48,851 [grpc-default-executor-0] INFO  server.RaftServer$Division (RaftServerImpl.java:setRole(285)) - 65295508-def1-4def-8cfe-b2ee89df246c@group-50B81F3CF1A5: changes role from  FOLLOWER to FOLLOWER at term 1 for candidate:80fb03ba-aab4-4d6c-a114-0a36b49bfdbd
2021-08-15 01:17:48,851 [grpc-default-executor-0] INFO  impl.RoleInfo (RoleInfo.java:shutdownFollowerState(108)) - 65295508-def1-4def-8cfe-b2ee89df246c: shutdown 65295508-def1-4def-8cfe-b2ee89df246c@group-50B81F3CF1A5-FollowerState
2021-08-15 01:17:48,851 [grpc-default-executor-0] INFO  impl.RoleInfo (RoleInfo.java:updateAndGet(130)) - 65295508-def1-4def-8cfe-b2ee89df246c: start 65295508-def1-4def-8cfe-b2ee89df246c@group-50B81F3CF1A5-FollowerState
2021-08-15 01:17:48,851 [65295508-def1-4def-8cfe-b2ee89df246c@group-50B81F3CF1A5-FollowerState] INFO  impl.FollowerState (FollowerState.java:run(143)) - 65295508-def1-4def-8cfe-b2ee89df246c@group-50B81F3CF1A5-FollowerState was interrupted: {}
java.lang.InterruptedException: sleep interrupted
	at java.lang.Thread.sleep(Native Method)
	at java.lang.Thread.sleep(Thread.java:340)
	at java.util.concurrent.TimeUnit.sleep(TimeUnit.java:386)
	at org.apache.ratis.util.TimeDuration.sleep(TimeDuration.java:324)
	at org.apache.ratis.util.TimeDuration.sleep(TimeDuration.java:309)
	at org.apache.ratis.server.impl.FollowerState.run(FollowerState.java:118)
2021-08-15 01:17:48,875 [grpc-default-executor-0] INFO  server.RaftServer$Division (RaftServerImpl.java:requestVote(1075)) - 65295508-def1-4def-8cfe-b2ee89df246c@group-50B81F3CF1A5 replies to ELECTION vote request: 80fb03ba-aab4-4d6c-a114-0a36b49bfdbd<-65295508-def1-4def-8cfe-b2ee89df246c#0:FAIL-t1. Peer's state: 65295508-def1-4def-8cfe-b2ee89df246c@group-50B81F3CF1A5:t1, leader=null, voted=null, raftlog=65295508-def1-4def-8cfe-b2ee89df246c@group-50B81F3CF1A5-SegmentedRaftLog:OPENED:c-1,f-1,i0, conf=-1: [65295508-def1-4def-8cfe-b2ee89df246c|rpc:10.1.0.43:38387|dataStream:|priority:1, de46658e-6de7-45a1-81e4-0d2091b7d264|rpc:10.1.0.43:36647|dataStream:|priority:0, 80fb03ba-aab4-4d6c-a114-0a36b49bfdbd|rpc:10.1.0.43:35737|dataStream:|priority:0], old=null
2021-08-15 01:17:48,876 [80fb03ba-aab4-4d6c-a114-0a36b49bfdbd@group-50B81F3CF1A5-LeaderElection32] INFO  impl.LeaderElection (LeaderElection.java:logAndReturn(89)) - 80fb03ba-aab4-4d6c-a114-0a36b49bfdbd@group-50B81F3CF1A5-LeaderElection32: ELECTION REJECTED received 1 response(s) and 0 exception(s):
2021-08-15 01:17:48,876 [80fb03ba-aab4-4d6c-a114-0a36b49bfdbd@group-50B81F3CF1A5-LeaderElection32] INFO  impl.LeaderElection (LeaderElection.java:logAndReturn(93)) -   Response 0: 80fb03ba-aab4-4d6c-a114-0a36b49bfdbd<-65295508-def1-4def-8cfe-b2ee89df246c#0:FAIL-t1
2021-08-15 01:17:48,876 [80fb03ba-aab4-4d6c-a114-0a36b49bfdbd@group-50B81F3CF1A5-LeaderElection32] INFO  impl.LeaderElection (LeaderElection.java:askForVotes(308)) - 80fb03ba-aab4-4d6c-a114-0a36b49bfdbd@group-50B81F3CF1A5-LeaderElection32 ELECTION round 0: result REJECTED
2021-08-15 01:17:48,876 [80fb03ba-aab4-4d6c-a114-0a36b49bfdbd@group-50B81F3CF1A5-LeaderElection32] INFO  server.RaftServer$Division (RaftServerImpl.java:setRole(285)) - 80fb03ba-aab4-4d6c-a114-0a36b49bfdbd@group-50B81F3CF1A5: changes role from CANDIDATE to FOLLOWER at term 1 for REJECTED
2021-08-15 01:17:48,876 [80fb03ba-aab4-4d6c-a114-0a36b49bfdbd@group-50B81F3CF1A5-LeaderElection32] INFO  impl.RoleInfo (RoleInfo.java:shutdownLeaderElection(121)) - 80fb03ba-aab4-4d6c-a114-0a36b49bfdbd: shutdown 80fb03ba-aab4-4d6c-a114-0a36b49bfdbd@group-50B81F3CF1A5-LeaderElection32
2021-08-15 01:17:48,876 [80fb03ba-aab4-4d6c-a114-0a36b49bfdbd@group-50B81F3CF1A5-LeaderElection32] INFO  impl.RoleInfo (RoleInfo.java:updateAndGet(130)) - 80fb03ba-aab4-4d6c-a114-0a36b49bfdbd: start 80fb03ba-aab4-4d6c-a114-0a36b49bfdbd@group-50B81F3CF1A5-FollowerState
2021-08-15 01:17:48,883 [grpc-default-executor-0] INFO  server.RaftServer$Division (RaftServerImpl.java:requestVote(1043)) - de46658e-6de7-45a1-81e4-0d2091b7d264@group-50B81F3CF1A5: receive requestVote(ELECTION, 80fb03ba-aab4-4d6c-a114-0a36b49bfdbd, group-50B81F3CF1A5, 1, (t:0, i:0))
2021-08-15 01:17:48,883 [grpc-default-executor-0] INFO  impl.VoteContext (VoteContext.java:log(48)) - de46658e-6de7-45a1-81e4-0d2091b7d264@group-50B81F3CF1A5-FOLLOWER: accept ELECTION from 80fb03ba-aab4-4d6c-a114-0a36b49bfdbd: our priority 0 <= candidate's priority 0
2021-08-15 01:17:48,883 [grpc-default-executor-0] INFO  server.RaftServer$Division (RaftServerImpl.java:setRole(285)) - de46658e-6de7-45a1-81e4-0d2091b7d264@group-50B81F3CF1A5: changes role from  FOLLOWER to FOLLOWER at term 1 for candidate:80fb03ba-aab4-4d6c-a114-0a36b49bfdbd
2021-08-15 01:17:48,883 [grpc-default-executor-0] INFO  impl.RoleInfo (RoleInfo.java:shutdownFollowerState(108)) - de46658e-6de7-45a1-81e4-0d2091b7d264: shutdown de46658e-6de7-45a1-81e4-0d2091b7d264@group-50B81F3CF1A5-FollowerState
2021-08-15 01:17:48,884 [grpc-default-executor-0] INFO  impl.RoleInfo (RoleInfo.java:updateAndGet(130)) - de46658e-6de7-45a1-81e4-0d2091b7d264: start de46658e-6de7-45a1-81e4-0d2091b7d264@group-50B81F3CF1A5-FollowerState
2021-08-15 01:17:48,884 [de46658e-6de7-45a1-81e4-0d2091b7d264@group-50B81F3CF1A5-FollowerState] INFO  impl.FollowerState (FollowerState.java:run(143)) - de46658e-6de7-45a1-81e4-0d2091b7d264@group-50B81F3CF1A5-FollowerState was interrupted: {}
java.lang.InterruptedException: sleep interrupted
	at java.lang.Thread.sleep(Native Method)
	at java.lang.Thread.sleep(Thread.java:340)
	at java.util.concurrent.TimeUnit.sleep(TimeUnit.java:386)
	at org.apache.ratis.util.TimeDuration.sleep(TimeDuration.java:324)
	at org.apache.ratis.util.TimeDuration.sleep(TimeDuration.java:309)
	at org.apache.ratis.server.impl.FollowerState.run(FollowerState.java:118)
2021-08-15 01:17:48,891 [grpc-default-executor-0] INFO  server.RaftServer$Division (RaftServerImpl.java:requestVote(1075)) - de46658e-6de7-45a1-81e4-0d2091b7d264@group-50B81F3CF1A5 replies to ELECTION vote request: 80fb03ba-aab4-4d6c-a114-0a36b49bfdbd<-de46658e-6de7-45a1-81e4-0d2091b7d264#0:OK-t1. Peer's state: de46658e-6de7-45a1-81e4-0d2091b7d264@group-50B81F3CF1A5:t1, leader=null, voted=80fb03ba-aab4-4d6c-a114-0a36b49bfdbd, raftlog=de46658e-6de7-45a1-81e4-0d2091b7d264@group-50B81F3CF1A5-SegmentedRaftLog:OPENED:c-1,f-1,i0, conf=-1: [65295508-def1-4def-8cfe-b2ee89df246c|rpc:10.1.0.43:38387|dataStream:|priority:1, de46658e-6de7-45a1-81e4-0d2091b7d264|rpc:10.1.0.43:36647|dataStream:|priority:0, 80fb03ba-aab4-4d6c-a114-0a36b49bfdbd|rpc:10.1.0.43:35737|dataStream:|priority:0], old=null
2021-08-15 01:17:49,010 [65295508-def1-4def-8cfe-b2ee89df246c@group-DB2258A51505-FollowerState] INFO  impl.FollowerState (FollowerState.java:run(134)) - 65295508-def1-4def-8cfe-b2ee89df246c@group-DB2258A51505-FollowerState: change to CANDIDATE, lastRpcElapsedTime:5104540137ns, electionTimeout:5103ms
2021-08-15 01:17:49,010 [65295508-def1-4def-8cfe-b2ee89df246c@group-DB2258A51505-FollowerState] INFO  impl.RoleInfo (RoleInfo.java:shutdownFollowerState(108)) - 65295508-def1-4def-8cfe-b2ee89df246c: shutdown 65295508-def1-4def-8cfe-b2ee89df246c@group-DB2258A51505-FollowerState
2021-08-15 01:17:49,010 [65295508-def1-4def-8cfe-b2ee89df246c@group-DB2258A51505-FollowerState] INFO  server.RaftServer$Division (RaftServerImpl.java:setRole(285)) - 65295508-def1-4def-8cfe-b2ee89df246c@group-DB2258A51505: changes role from  FOLLOWER to CANDIDATE at term 0 for changeToCandidate
2021-08-15 01:17:49,011 [65295508-def1-4def-8cfe-b2ee89df246c@group-DB2258A51505-FollowerState] INFO  server.RaftServerConfigKeys (ConfUtils.java:logGet(44)) - raft.server.leaderelection.pre-vote = false (custom)
2021-08-15 01:17:49,011 [65295508-def1-4def-8cfe-b2ee89df246c@group-DB2258A51505-FollowerState] INFO  impl.RoleInfo (RoleInfo.java:updateAndGet(130)) - 65295508-def1-4def-8cfe-b2ee89df246c: start 65295508-def1-4def-8cfe-b2ee89df246c@group-DB2258A51505-LeaderElection33
2021-08-15 01:17:49,035 [65295508-def1-4def-8cfe-b2ee89df246c@group-DB2258A51505-LeaderElection33] INFO  impl.LeaderElection (LeaderElection.java:askForVotes(306)) - 65295508-def1-4def-8cfe-b2ee89df246c@group-DB2258A51505-LeaderElection33 ELECTION round 0: submit vote requests at term 1 for -1: [65295508-def1-4def-8cfe-b2ee89df246c|rpc:10.1.0.43:38387|priority:1], old=null
2021-08-15 01:17:49,036 [65295508-def1-4def-8cfe-b2ee89df246c@group-DB2258A51505-LeaderElection33] INFO  impl.LeaderElection (LeaderElection.java:askForVotes(308)) - 65295508-def1-4def-8cfe-b2ee89df246c@group-DB2258A51505-LeaderElection33 ELECTION round 0: result PASSED (term=1)
2021-08-15 01:17:49,036 [65295508-def1-4def-8cfe-b2ee89df246c@group-DB2258A51505-LeaderElection33] INFO  impl.RoleInfo (RoleInfo.java:shutdownLeaderElection(121)) - 65295508-def1-4def-8cfe-b2ee89df246c: shutdown 65295508-def1-4def-8cfe-b2ee89df246c@group-DB2258A51505-LeaderElection33
2021-08-15 01:17:49,036 [65295508-def1-4def-8cfe-b2ee89df246c@group-DB2258A51505-LeaderElection33] INFO  server.RaftServer$Division (RaftServerImpl.java:setRole(285)) - 65295508-def1-4def-8cfe-b2ee89df246c@group-DB2258A51505: changes role from CANDIDATE to LEADER at term 1 for changeToLeader
2021-08-15 01:17:49,036 [65295508-def1-4def-8cfe-b2ee89df246c@group-DB2258A51505-LeaderElection33] INFO  ratis.XceiverServerRatis (XceiverServerRatis.java:handleLeaderChangedNotification(861)) - Leader change notification received for group: group-DB2258A51505 with new leaderId: 65295508-def1-4def-8cfe-b2ee89df246c
2021-08-15 01:17:49,036 [65295508-def1-4def-8cfe-b2ee89df246c@group-DB2258A51505-LeaderElection33] INFO  server.RaftServer$Division (ServerState.java:setLeader(285)) - 65295508-def1-4def-8cfe-b2ee89df246c@group-DB2258A51505: change Leader from null to 65295508-def1-4def-8cfe-b2ee89df246c at term 1 for becomeLeader, leader elected after 5160ms
2021-08-15 01:17:49,036 [65295508-def1-4def-8cfe-b2ee89df246c@group-DB2258A51505-LeaderElection33] INFO  server.RaftServerConfigKeys (ConfUtils.java:logGet(44)) - raft.server.staging.catchup.gap = 1000 (default)
2021-08-15 01:17:49,036 [65295508-def1-4def-8cfe-b2ee89df246c@group-DB2258A51505-LeaderElection33] INFO  server.RaftServerConfigKeys (ConfUtils.java:logGet(44)) - raft.server.write.element-limit = 1024 (custom)
2021-08-15 01:17:49,036 [65295508-def1-4def-8cfe-b2ee89df246c@group-DB2258A51505-LeaderElection33] INFO  server.RaftServerConfigKeys (ConfUtils.java:logGet(44)) - raft.server.write.byte-limit = 1024 M (=1073741824) (custom)
2021-08-15 01:17:49,036 [65295508-def1-4def-8cfe-b2ee89df246c@group-DB2258A51505-LeaderElection33] INFO  server.RaftServerConfigKeys (ConfUtils.java:logGet(44)) - raft.server.watch.timeout = 180s (custom)
2021-08-15 01:17:49,036 [65295508-def1-4def-8cfe-b2ee89df246c@group-DB2258A51505-LeaderElection33] INFO  server.RaftServerConfigKeys (ConfUtils.java:logGet(44)) - raft.server.watch.timeout.denomination = 1s (default)
2021-08-15 01:17:49,037 [65295508-def1-4def-8cfe-b2ee89df246c@group-DB2258A51505-LeaderElection33] INFO  server.RaftServerConfigKeys (ConfUtils.java:logGet(44)) - raft.server.watch.element-limit = 65536 (default)
2021-08-15 01:17:49,037 [65295508-def1-4def-8cfe-b2ee89df246c@group-DB2258A51505-LeaderElection33] INFO  impl.RoleInfo (RoleInfo.java:updateAndGet(130)) - 65295508-def1-4def-8cfe-b2ee89df246c: start 65295508-def1-4def-8cfe-b2ee89df246c@group-DB2258A51505-LeaderStateImpl
2021-08-15 01:17:49,037 [65295508-def1-4def-8cfe-b2ee89df246c@group-DB2258A51505-LeaderElection33] INFO  segmented.SegmentedRaftLogWorker (SegmentedRaftLogWorker.java:startLogSegment(394)) - 65295508-def1-4def-8cfe-b2ee89df246c@group-DB2258A51505-SegmentedRaftLogWorker: Starting segment from index:0
2021-08-15 01:17:49,037 [Datanode State Machine Thread - 0] WARN  statemachine.StateContext (StateContext.java:execute(621)) - No available thread in pool for past 1 seconds.
2021-08-15 01:17:49,042 [65295508-def1-4def-8cfe-b2ee89df246c@group-DB2258A51505-LeaderElection33] INFO  server.RaftServer$Division (ServerState.java:setRaftConf(387)) - 65295508-def1-4def-8cfe-b2ee89df246c@group-DB2258A51505: set configuration 0: [65295508-def1-4def-8cfe-b2ee89df246c|rpc:10.1.0.43:38387|dataStream:|priority:1], old=null
2021-08-15 01:17:49,054 [65295508-def1-4def-8cfe-b2ee89df246c@group-DB2258A51505-SegmentedRaftLogWorker] INFO  segmented.SegmentedRaftLogWorker (SegmentedRaftLogWorker.java:execute(601)) - 65295508-def1-4def-8cfe-b2ee89df246c@group-DB2258A51505-SegmentedRaftLogWorker: created new log segment /home/runner/work/ozone/ozone/hadoop-ozone/integration-test/target/test-dir/MiniOzoneClusterImpl-d2e0817b-7a27-4795-9ea2-3152af8552da/datanode-1/data/ratis/65e8fb37-1c9f-4915-b111-db2258a51505/current/log_inprogress_0
2021-08-15 01:17:49,055 [EventQueue-OpenPipelineForHealthyPipelineSafeModeRule] INFO  safemode.SCMSafeModeManager (HealthyPipelineSafeModeRule.java:process(124)) - SCM in safe mode. Healthy pipelines reported count is 0, required healthy pipeline reported count is 1
2021-08-15 01:17:49,062 [Listener at 127.0.0.1/41191] INFO  ozone.MiniOzoneClusterImpl (MiniOzoneClusterImpl.java:lambda$waitForClusterToBeReady$0(235)) - Nodes are ready. Got 3 of 3 DN Heartbeats.
2021-08-15 01:17:49,062 [Listener at 127.0.0.1/41191] INFO  ozone.MiniOzoneClusterImpl (MiniOzoneClusterImpl.java:lambda$waitForClusterToBeReady$0(238)) - Waiting for cluster to exit safe mode
2021-08-15 01:17:49,062 [Listener at 127.0.0.1/41191] INFO  ozone.MiniOzoneClusterImpl (MiniOzoneClusterImpl.java:lambda$waitForClusterToBeReady$0(240)) - SCM became leader
2021-08-15 01:17:49,120 [de46658e-6de7-45a1-81e4-0d2091b7d264@group-62CB5C4C931E-FollowerState] INFO  impl.FollowerState (FollowerState.java:run(134)) - de46658e-6de7-45a1-81e4-0d2091b7d264@group-62CB5C4C931E-FollowerState: change to CANDIDATE, lastRpcElapsedTime:5017811517ns, electionTimeout:5017ms
2021-08-15 01:17:49,120 [de46658e-6de7-45a1-81e4-0d2091b7d264@group-62CB5C4C931E-FollowerState] INFO  impl.RoleInfo (RoleInfo.java:shutdownFollowerState(108)) - de46658e-6de7-45a1-81e4-0d2091b7d264: shutdown de46658e-6de7-45a1-81e4-0d2091b7d264@group-62CB5C4C931E-FollowerState
2021-08-15 01:17:49,120 [de46658e-6de7-45a1-81e4-0d2091b7d264@group-62CB5C4C931E-FollowerState] INFO  server.RaftServer$Division (RaftServerImpl.java:setRole(285)) - de46658e-6de7-45a1-81e4-0d2091b7d264@group-62CB5C4C931E: changes role from  FOLLOWER to CANDIDATE at term 0 for changeToCandidate
2021-08-15 01:17:49,121 [de46658e-6de7-45a1-81e4-0d2091b7d264@group-62CB5C4C931E-FollowerState] INFO  server.RaftServerConfigKeys (ConfUtils.java:logGet(44)) - raft.server.leaderelection.pre-vote = false (custom)
2021-08-15 01:17:49,121 [de46658e-6de7-45a1-81e4-0d2091b7d264@group-62CB5C4C931E-FollowerState] INFO  impl.RoleInfo (RoleInfo.java:updateAndGet(130)) - de46658e-6de7-45a1-81e4-0d2091b7d264: start de46658e-6de7-45a1-81e4-0d2091b7d264@group-62CB5C4C931E-LeaderElection34
2021-08-15 01:17:49,126 [de46658e-6de7-45a1-81e4-0d2091b7d264@group-62CB5C4C931E-LeaderElection34] INFO  impl.LeaderElection (LeaderElection.java:askForVotes(306)) - de46658e-6de7-45a1-81e4-0d2091b7d264@group-62CB5C4C931E-LeaderElection34 ELECTION round 0: submit vote requests at term 1 for -1: [de46658e-6de7-45a1-81e4-0d2091b7d264|rpc:10.1.0.43:36647|priority:1], old=null
2021-08-15 01:17:49,126 [de46658e-6de7-45a1-81e4-0d2091b7d264@group-62CB5C4C931E-LeaderElection34] INFO  impl.LeaderElection (LeaderElection.java:askForVotes(308)) - de46658e-6de7-45a1-81e4-0d2091b7d264@group-62CB5C4C931E-LeaderElection34 ELECTION round 0: result PASSED (term=1)
2021-08-15 01:17:49,126 [de46658e-6de7-45a1-81e4-0d2091b7d264@group-62CB5C4C931E-LeaderElection34] INFO  impl.RoleInfo (RoleInfo.java:shutdownLeaderElection(121)) - de46658e-6de7-45a1-81e4-0d2091b7d264: shutdown de46658e-6de7-45a1-81e4-0d2091b7d264@group-62CB5C4C931E-LeaderElection34
2021-08-15 01:17:49,126 [de46658e-6de7-45a1-81e4-0d2091b7d264@group-62CB5C4C931E-LeaderElection34] INFO  server.RaftServer$Division (RaftServerImpl.java:setRole(285)) - de46658e-6de7-45a1-81e4-0d2091b7d264@group-62CB5C4C931E: changes role from CANDIDATE to LEADER at term 1 for changeToLeader
2021-08-15 01:17:49,126 [de46658e-6de7-45a1-81e4-0d2091b7d264@group-62CB5C4C931E-LeaderElection34] INFO  ratis.XceiverServerRatis (XceiverServerRatis.java:handleLeaderChangedNotification(861)) - Leader change notification received for group: group-62CB5C4C931E with new leaderId: de46658e-6de7-45a1-81e4-0d2091b7d264
2021-08-15 01:17:49,126 [de46658e-6de7-45a1-81e4-0d2091b7d264@group-62CB5C4C931E-LeaderElection34] INFO  server.RaftServer$Division (ServerState.java:setLeader(285)) - de46658e-6de7-45a1-81e4-0d2091b7d264@group-62CB5C4C931E: change Leader from null to de46658e-6de7-45a1-81e4-0d2091b7d264 at term 1 for becomeLeader, leader elected after 5041ms
2021-08-15 01:17:49,126 [de46658e-6de7-45a1-81e4-0d2091b7d264@group-62CB5C4C931E-LeaderElection34] INFO  server.RaftServerConfigKeys (ConfUtils.java:logGet(44)) - raft.server.staging.catchup.gap = 1000 (default)
2021-08-15 01:17:49,126 [de46658e-6de7-45a1-81e4-0d2091b7d264@group-62CB5C4C931E-LeaderElection34] INFO  server.RaftServerConfigKeys (ConfUtils.java:logGet(44)) - raft.server.write.element-limit = 1024 (custom)
2021-08-15 01:17:49,126 [de46658e-6de7-45a1-81e4-0d2091b7d264@group-62CB5C4C931E-LeaderElection34] INFO  server.RaftServerConfigKeys (ConfUtils.java:logGet(44)) - raft.server.write.byte-limit = 1024 M (=1073741824) (custom)
2021-08-15 01:17:49,127 [de46658e-6de7-45a1-81e4-0d2091b7d264@group-62CB5C4C931E-LeaderElection34] INFO  server.RaftServerConfigKeys (ConfUtils.java:logGet(44)) - raft.server.watch.timeout = 180s (custom)
2021-08-15 01:17:49,127 [de46658e-6de7-45a1-81e4-0d2091b7d264@group-62CB5C4C931E-LeaderElection34] INFO  server.RaftServerConfigKeys (ConfUtils.java:logGet(44)) - raft.server.watch.timeout.denomination = 1s (default)
2021-08-15 01:17:49,127 [de46658e-6de7-45a1-81e4-0d2091b7d264@group-62CB5C4C931E-LeaderElection34] INFO  server.RaftServerConfigKeys (ConfUtils.java:logGet(44)) - raft.server.watch.element-limit = 65536 (default)
2021-08-15 01:17:49,127 [de46658e-6de7-45a1-81e4-0d2091b7d264@group-62CB5C4C931E-LeaderElection34] INFO  impl.RoleInfo (RoleInfo.java:updateAndGet(130)) - de46658e-6de7-45a1-81e4-0d2091b7d264: start de46658e-6de7-45a1-81e4-0d2091b7d264@group-62CB5C4C931E-LeaderStateImpl
2021-08-15 01:17:49,128 [de46658e-6de7-45a1-81e4-0d2091b7d264@group-62CB5C4C931E-LeaderElection34] INFO  segmented.SegmentedRaftLogWorker (SegmentedRaftLogWorker.java:startLogSegment(394)) - de46658e-6de7-45a1-81e4-0d2091b7d264@group-62CB5C4C931E-SegmentedRaftLogWorker: Starting segment from index:0
2021-08-15 01:17:49,139 [de46658e-6de7-45a1-81e4-0d2091b7d264@group-62CB5C4C931E-LeaderElection34] INFO  server.RaftServer$Division (ServerState.java:setRaftConf(387)) - de46658e-6de7-45a1-81e4-0d2091b7d264@group-62CB5C4C931E: set configuration 0: [de46658e-6de7-45a1-81e4-0d2091b7d264|rpc:10.1.0.43:36647|dataStream:|priority:1], old=null
2021-08-15 01:17:49,151 [de46658e-6de7-45a1-81e4-0d2091b7d264@group-62CB5C4C931E-SegmentedRaftLogWorker] INFO  segmented.SegmentedRaftLogWorker (SegmentedRaftLogWorker.java:execute(601)) - de46658e-6de7-45a1-81e4-0d2091b7d264@group-62CB5C4C931E-SegmentedRaftLogWorker: created new log segment /home/runner/work/ozone/ozone/hadoop-ozone/integration-test/target/test-dir/MiniOzoneClusterImpl-d2e0817b-7a27-4795-9ea2-3152af8552da/datanode-2/data/ratis/e9607f93-402c-4a4c-bb21-62cb5c4c931e/current/log_inprogress_0
2021-08-15 01:17:49,151 [Datanode State Machine Thread - 0] WARN  statemachine.StateContext (StateContext.java:execute(621)) - No available thread in pool for past 1 seconds.
2021-08-15 01:17:49,153 [EventQueue-OpenPipelineForHealthyPipelineSafeModeRule] INFO  safemode.SCMSafeModeManager (HealthyPipelineSafeModeRule.java:process(124)) - SCM in safe mode. Healthy pipelines reported count is 0, required healthy pipeline reported count is 1
2021-08-15 01:17:50,062 [Listener at 127.0.0.1/41191] INFO  ozone.MiniOzoneClusterImpl (MiniOzoneClusterImpl.java:lambda$waitForClusterToBeReady$0(235)) - Nodes are ready. Got 3 of 3 DN Heartbeats.
2021-08-15 01:17:50,062 [Listener at 127.0.0.1/41191] INFO  ozone.MiniOzoneClusterImpl (MiniOzoneClusterImpl.java:lambda$waitForClusterToBeReady$0(238)) - Waiting for cluster to exit safe mode
2021-08-15 01:17:50,062 [Listener at 127.0.0.1/41191] INFO  ozone.MiniOzoneClusterImpl (MiniOzoneClusterImpl.java:lambda$waitForClusterToBeReady$0(240)) - SCM became leader
2021-08-15 01:17:51,062 [Listener at 127.0.0.1/41191] INFO  ozone.MiniOzoneClusterImpl (MiniOzoneClusterImpl.java:lambda$waitForClusterToBeReady$0(235)) - Nodes are ready. Got 3 of 3 DN Heartbeats.
2021-08-15 01:17:51,062 [Listener at 127.0.0.1/41191] INFO  ozone.MiniOzoneClusterImpl (MiniOzoneClusterImpl.java:lambda$waitForClusterToBeReady$0(238)) - Waiting for cluster to exit safe mode
2021-08-15 01:17:51,062 [Listener at 127.0.0.1/41191] INFO  ozone.MiniOzoneClusterImpl (MiniOzoneClusterImpl.java:lambda$waitForClusterToBeReady$0(240)) - SCM became leader
2021-08-15 01:17:52,063 [Listener at 127.0.0.1/41191] INFO  ozone.MiniOzoneClusterImpl (MiniOzoneClusterImpl.java:lambda$waitForClusterToBeReady$0(235)) - Nodes are ready. Got 3 of 3 DN Heartbeats.
2021-08-15 01:17:52,063 [Listener at 127.0.0.1/41191] INFO  ozone.MiniOzoneClusterImpl (MiniOzoneClusterImpl.java:lambda$waitForClusterToBeReady$0(238)) - Waiting for cluster to exit safe mode
2021-08-15 01:17:52,063 [Listener at 127.0.0.1/41191] INFO  ozone.MiniOzoneClusterImpl (MiniOzoneClusterImpl.java:lambda$waitForClusterToBeReady$0(240)) - SCM became leader
2021-08-15 01:17:53,063 [Listener at 127.0.0.1/41191] INFO  ozone.MiniOzoneClusterImpl (MiniOzoneClusterImpl.java:lambda$waitForClusterToBeReady$0(235)) - Nodes are ready. Got 3 of 3 DN Heartbeats.
2021-08-15 01:17:53,063 [Listener at 127.0.0.1/41191] INFO  ozone.MiniOzoneClusterImpl (MiniOzoneClusterImpl.java:lambda$waitForClusterToBeReady$0(238)) - Waiting for cluster to exit safe mode
2021-08-15 01:17:53,063 [Listener at 127.0.0.1/41191] INFO  ozone.MiniOzoneClusterImpl (MiniOzoneClusterImpl.java:lambda$waitForClusterToBeReady$0(240)) - SCM became leader
2021-08-15 01:17:53,871 [de46658e-6de7-45a1-81e4-0d2091b7d264@group-D845931F6563-FollowerState] INFO  impl.FollowerState (FollowerState.java:run(134)) - de46658e-6de7-45a1-81e4-0d2091b7d264@group-D845931F6563-FollowerState: change to CANDIDATE, lastRpcElapsedTime:5184476266ns, electionTimeout:5177ms
2021-08-15 01:17:53,871 [de46658e-6de7-45a1-81e4-0d2091b7d264@group-D845931F6563-FollowerState] INFO  impl.RoleInfo (RoleInfo.java:shutdownFollowerState(108)) - de46658e-6de7-45a1-81e4-0d2091b7d264: shutdown de46658e-6de7-45a1-81e4-0d2091b7d264@group-D845931F6563-FollowerState
2021-08-15 01:17:53,871 [de46658e-6de7-45a1-81e4-0d2091b7d264@group-D845931F6563-FollowerState] INFO  server.RaftServer$Division (RaftServerImpl.java:setRole(285)) - de46658e-6de7-45a1-81e4-0d2091b7d264@group-D845931F6563: changes role from  FOLLOWER to CANDIDATE at term 1 for changeToCandidate
2021-08-15 01:17:53,871 [de46658e-6de7-45a1-81e4-0d2091b7d264@group-D845931F6563-FollowerState] INFO  server.RaftServerConfigKeys (ConfUtils.java:logGet(44)) - raft.server.leaderelection.pre-vote = false (custom)
2021-08-15 01:17:53,871 [de46658e-6de7-45a1-81e4-0d2091b7d264@group-D845931F6563-FollowerState] INFO  impl.RoleInfo (RoleInfo.java:updateAndGet(130)) - de46658e-6de7-45a1-81e4-0d2091b7d264: start de46658e-6de7-45a1-81e4-0d2091b7d264@group-D845931F6563-LeaderElection35
2021-08-15 01:17:53,887 [80fb03ba-aab4-4d6c-a114-0a36b49bfdbd@group-D845931F6563-FollowerState] INFO  impl.FollowerState (FollowerState.java:run(134)) - 80fb03ba-aab4-4d6c-a114-0a36b49bfdbd@group-D845931F6563-FollowerState: change to CANDIDATE, lastRpcElapsedTime:5175097064ns, electionTimeout:5156ms
2021-08-15 01:17:53,887 [80fb03ba-aab4-4d6c-a114-0a36b49bfdbd@group-D845931F6563-FollowerState] INFO  impl.RoleInfo (RoleInfo.java:shutdownFollowerState(108)) - 80fb03ba-aab4-4d6c-a114-0a36b49bfdbd: shutdown 80fb03ba-aab4-4d6c-a114-0a36b49bfdbd@group-D845931F6563-FollowerState
2021-08-15 01:17:53,887 [80fb03ba-aab4-4d6c-a114-0a36b49bfdbd@group-D845931F6563-FollowerState] INFO  server.RaftServer$Division (RaftServerImpl.java:setRole(285)) - 80fb03ba-aab4-4d6c-a114-0a36b49bfdbd@group-D845931F6563: changes role from  FOLLOWER to CANDIDATE at term 1 for changeToCandidate
2021-08-15 01:17:53,887 [80fb03ba-aab4-4d6c-a114-0a36b49bfdbd@group-D845931F6563-FollowerState] INFO  server.RaftServerConfigKeys (ConfUtils.java:logGet(44)) - raft.server.leaderelection.pre-vote = false (custom)
2021-08-15 01:17:53,887 [80fb03ba-aab4-4d6c-a114-0a36b49bfdbd@group-D845931F6563-FollowerState] INFO  impl.RoleInfo (RoleInfo.java:updateAndGet(130)) - 80fb03ba-aab4-4d6c-a114-0a36b49bfdbd: start 80fb03ba-aab4-4d6c-a114-0a36b49bfdbd@group-D845931F6563-LeaderElection36
2021-08-15 01:17:53,899 [de46658e-6de7-45a1-81e4-0d2091b7d264@group-D845931F6563-LeaderElection35] INFO  impl.LeaderElection (LeaderElection.java:askForVotes(306)) - de46658e-6de7-45a1-81e4-0d2091b7d264@group-D845931F6563-LeaderElection35 ELECTION round 0: submit vote requests at term 2 for -1: [65295508-def1-4def-8cfe-b2ee89df246c|rpc:10.1.0.43:38387|dataStream:|priority:0, de46658e-6de7-45a1-81e4-0d2091b7d264|rpc:10.1.0.43:36647|dataStream:|priority:1, 80fb03ba-aab4-4d6c-a114-0a36b49bfdbd|rpc:10.1.0.43:35737|dataStream:|priority:0], old=null
2021-08-15 01:17:53,906 [80fb03ba-aab4-4d6c-a114-0a36b49bfdbd@group-50B81F3CF1A5-FollowerState] INFO  impl.FollowerState (FollowerState.java:run(134)) - 80fb03ba-aab4-4d6c-a114-0a36b49bfdbd@group-50B81F3CF1A5-FollowerState: change to CANDIDATE, lastRpcElapsedTime:5030068729ns, electionTimeout:5012ms
2021-08-15 01:17:53,906 [80fb03ba-aab4-4d6c-a114-0a36b49bfdbd@group-50B81F3CF1A5-FollowerState] INFO  impl.RoleInfo (RoleInfo.java:shutdownFollowerState(108)) - 80fb03ba-aab4-4d6c-a114-0a36b49bfdbd: shutdown 80fb03ba-aab4-4d6c-a114-0a36b49bfdbd@group-50B81F3CF1A5-FollowerState
2021-08-15 01:17:53,907 [80fb03ba-aab4-4d6c-a114-0a36b49bfdbd@group-50B81F3CF1A5-FollowerState] INFO  server.RaftServer$Division (RaftServerImpl.java:setRole(285)) - 80fb03ba-aab4-4d6c-a114-0a36b49bfdbd@group-50B81F3CF1A5: changes role from  FOLLOWER to CANDIDATE at term 1 for changeToCandidate
2021-08-15 01:17:53,932 [80fb03ba-aab4-4d6c-a114-0a36b49bfdbd@group-50B81F3CF1A5-FollowerState] INFO  server.RaftServerConfigKeys (ConfUtils.java:logGet(44)) - raft.server.leaderelection.pre-vote = false (custom)
2021-08-15 01:17:53,932 [80fb03ba-aab4-4d6c-a114-0a36b49bfdbd@group-50B81F3CF1A5-FollowerState] INFO  impl.RoleInfo (RoleInfo.java:updateAndGet(130)) - 80fb03ba-aab4-4d6c-a114-0a36b49bfdbd: start 80fb03ba-aab4-4d6c-a114-0a36b49bfdbd@group-50B81F3CF1A5-LeaderElection37
2021-08-15 01:17:53,941 [80fb03ba-aab4-4d6c-a114-0a36b49bfdbd@group-D845931F6563-LeaderElection36] INFO  impl.LeaderElection (LeaderElection.java:askForVotes(306)) - 80fb03ba-aab4-4d6c-a114-0a36b49bfdbd@group-D845931F6563-LeaderElection36 ELECTION round 0: submit vote requests at term 2 for -1: [65295508-def1-4def-8cfe-b2ee89df246c|rpc:10.1.0.43:38387|priority:0, de46658e-6de7-45a1-81e4-0d2091b7d264|rpc:10.1.0.43:36647|priority:1, 80fb03ba-aab4-4d6c-a114-0a36b49bfdbd|rpc:10.1.0.43:35737|priority:0], old=null
2021-08-15 01:17:53,963 [grpc-default-executor-2] INFO  server.RaftServer$Division (RaftServerImpl.java:requestVote(1043)) - 80fb03ba-aab4-4d6c-a114-0a36b49bfdbd@group-D845931F6563: receive requestVote(ELECTION, de46658e-6de7-45a1-81e4-0d2091b7d264, group-D845931F6563, 2, (t:0, i:0))
2021-08-15 01:17:53,964 [grpc-default-executor-2] INFO  impl.VoteContext (VoteContext.java:log(48)) - 80fb03ba-aab4-4d6c-a114-0a36b49bfdbd@group-D845931F6563-CANDIDATE: reject ELECTION from de46658e-6de7-45a1-81e4-0d2091b7d264: already has voted for 80fb03ba-aab4-4d6c-a114-0a36b49bfdbd at current term 2
2021-08-15 01:17:53,964 [grpc-default-executor-2] INFO  server.RaftServer$Division (RaftServerImpl.java:requestVote(1075)) - 80fb03ba-aab4-4d6c-a114-0a36b49bfdbd@group-D845931F6563 replies to ELECTION vote request: de46658e-6de7-45a1-81e4-0d2091b7d264<-80fb03ba-aab4-4d6c-a114-0a36b49bfdbd#0:FAIL-t2. Peer's state: 80fb03ba-aab4-4d6c-a114-0a36b49bfdbd@group-D845931F6563:t2, leader=null, voted=80fb03ba-aab4-4d6c-a114-0a36b49bfdbd, raftlog=80fb03ba-aab4-4d6c-a114-0a36b49bfdbd@group-D845931F6563-SegmentedRaftLog:OPENED:c-1,f-1,i0, conf=-1: [65295508-def1-4def-8cfe-b2ee89df246c|rpc:10.1.0.43:38387|priority:0, de46658e-6de7-45a1-81e4-0d2091b7d264|rpc:10.1.0.43:36647|priority:1, 80fb03ba-aab4-4d6c-a114-0a36b49bfdbd|rpc:10.1.0.43:35737|priority:0], old=null
2021-08-15 01:17:53,963 [65295508-def1-4def-8cfe-b2ee89df246c@group-50B81F3CF1A5-FollowerState] INFO  impl.FollowerState (FollowerState.java:run(134)) - 65295508-def1-4def-8cfe-b2ee89df246c@group-50B81F3CF1A5-FollowerState: change to CANDIDATE, lastRpcElapsedTime:5111621949ns, electionTimeout:5031ms
2021-08-15 01:17:53,966 [65295508-def1-4def-8cfe-b2ee89df246c@group-50B81F3CF1A5-FollowerState] INFO  impl.RoleInfo (RoleInfo.java:shutdownFollowerState(108)) - 65295508-def1-4def-8cfe-b2ee89df246c: shutdown 65295508-def1-4def-8cfe-b2ee89df246c@group-50B81F3CF1A5-FollowerState
2021-08-15 01:17:53,966 [65295508-def1-4def-8cfe-b2ee89df246c@group-50B81F3CF1A5-FollowerState] INFO  server.RaftServer$Division (RaftServerImpl.java:setRole(285)) - 65295508-def1-4def-8cfe-b2ee89df246c@group-50B81F3CF1A5: changes role from  FOLLOWER to CANDIDATE at term 1 for changeToCandidate
2021-08-15 01:17:53,963 [grpc-default-executor-0] INFO  server.RaftServer$Division (RaftServerImpl.java:requestVote(1043)) - 65295508-def1-4def-8cfe-b2ee89df246c@group-D845931F6563: receive requestVote(ELECTION, de46658e-6de7-45a1-81e4-0d2091b7d264, group-D845931F6563, 2, (t:0, i:0))
2021-08-15 01:17:53,993 [grpc-default-executor-0] INFO  impl.VoteContext (VoteContext.java:log(48)) - 65295508-def1-4def-8cfe-b2ee89df246c@group-D845931F6563-FOLLOWER: accept ELECTION from de46658e-6de7-45a1-81e4-0d2091b7d264: our priority 0 <= candidate's priority 1
2021-08-15 01:17:53,993 [grpc-default-executor-0] INFO  server.RaftServer$Division (RaftServerImpl.java:setRole(285)) - 65295508-def1-4def-8cfe-b2ee89df246c@group-D845931F6563: changes role from  FOLLOWER to FOLLOWER at term 2 for candidate:de46658e-6de7-45a1-81e4-0d2091b7d264
2021-08-15 01:17:53,993 [grpc-default-executor-0] INFO  impl.RoleInfo (RoleInfo.java:shutdownFollowerState(108)) - 65295508-def1-4def-8cfe-b2ee89df246c: shutdown 65295508-def1-4def-8cfe-b2ee89df246c@group-D845931F6563-FollowerState
2021-08-15 01:17:53,993 [80fb03ba-aab4-4d6c-a114-0a36b49bfdbd@group-50B81F3CF1A5-LeaderElection37] INFO  impl.LeaderElection (LeaderElection.java:askForVotes(306)) - 80fb03ba-aab4-4d6c-a114-0a36b49bfdbd@group-50B81F3CF1A5-LeaderElection37 ELECTION round 0: submit vote requests at term 2 for -1: [65295508-def1-4def-8cfe-b2ee89df246c|rpc:10.1.0.43:38387|priority:1, de46658e-6de7-45a1-81e4-0d2091b7d264|rpc:10.1.0.43:36647|priority:0, 80fb03ba-aab4-4d6c-a114-0a36b49bfdbd|rpc:10.1.0.43:35737|priority:0], old=null
2021-08-15 01:17:53,993 [65295508-def1-4def-8cfe-b2ee89df246c@group-50B81F3CF1A5-FollowerState] INFO  server.RaftServerConfigKeys (ConfUtils.java:logGet(44)) - raft.server.leaderelection.pre-vote = false (custom)
2021-08-15 01:17:53,993 [65295508-def1-4def-8cfe-b2ee89df246c@group-50B81F3CF1A5-FollowerState] INFO  impl.RoleInfo (RoleInfo.java:updateAndGet(130)) - 65295508-def1-4def-8cfe-b2ee89df246c: start 65295508-def1-4def-8cfe-b2ee89df246c@group-50B81F3CF1A5-LeaderElection38
2021-08-15 01:17:53,993 [65295508-def1-4def-8cfe-b2ee89df246c@group-D845931F6563-FollowerState] INFO  impl.FollowerState (FollowerState.java:run(143)) - 65295508-def1-4def-8cfe-b2ee89df246c@group-D845931F6563-FollowerState was interrupted: {}
java.lang.InterruptedException: sleep interrupted
	at java.lang.Thread.sleep(Native Method)
	at java.lang.Thread.sleep(Thread.java:340)
	at java.util.concurrent.TimeUnit.sleep(TimeUnit.java:386)
	at org.apache.ratis.util.TimeDuration.sleep(TimeDuration.java:324)
	at org.apache.ratis.util.TimeDuration.sleep(TimeDuration.java:309)
	at org.apache.ratis.server.impl.FollowerState.run(FollowerState.java:118)
2021-08-15 01:17:53,993 [grpc-default-executor-0] INFO  impl.RoleInfo (RoleInfo.java:updateAndGet(130)) - 65295508-def1-4def-8cfe-b2ee89df246c: start 65295508-def1-4def-8cfe-b2ee89df246c@group-D845931F6563-FollowerState
2021-08-15 01:17:54,007 [grpc-default-executor-2] INFO  server.RaftServer$Division (RaftServerImpl.java:requestVote(1043)) - 65295508-def1-4def-8cfe-b2ee89df246c@group-D845931F6563: receive requestVote(ELECTION, 80fb03ba-aab4-4d6c-a114-0a36b49bfdbd, group-D845931F6563, 2, (t:0, i:0))
2021-08-15 01:17:54,007 [grpc-default-executor-1] INFO  server.RaftServer$Division (RaftServerImpl.java:requestVote(1043)) - 65295508-def1-4def-8cfe-b2ee89df246c@group-50B81F3CF1A5: receive requestVote(ELECTION, 80fb03ba-aab4-4d6c-a114-0a36b49bfdbd, group-50B81F3CF1A5, 2, (t:0, i:0))
2021-08-15 01:17:54,008 [grpc-default-executor-1] INFO  impl.VoteContext (VoteContext.java:log(48)) - 65295508-def1-4def-8cfe-b2ee89df246c@group-50B81F3CF1A5-CANDIDATE: reject ELECTION from 80fb03ba-aab4-4d6c-a114-0a36b49bfdbd: our priority 1 > candidate's priority 0
2021-08-15 01:17:54,008 [grpc-default-executor-1] INFO  server.RaftServer$Division (RaftServerImpl.java:setRole(285)) - 65295508-def1-4def-8cfe-b2ee89df246c@group-50B81F3CF1A5: changes role from CANDIDATE to FOLLOWER at term 2 for candidate:80fb03ba-aab4-4d6c-a114-0a36b49bfdbd
2021-08-15 01:17:54,008 [grpc-default-executor-1] INFO  impl.RoleInfo (RoleInfo.java:shutdownLeaderElection(121)) - 65295508-def1-4def-8cfe-b2ee89df246c: shutdown 65295508-def1-4def-8cfe-b2ee89df246c@group-50B81F3CF1A5-LeaderElection38
2021-08-15 01:17:54,008 [grpc-default-executor-1] INFO  impl.RoleInfo (RoleInfo.java:updateAndGet(130)) - 65295508-def1-4def-8cfe-b2ee89df246c: start 65295508-def1-4def-8cfe-b2ee89df246c@group-50B81F3CF1A5-FollowerState
2021-08-15 01:17:54,009 [grpc-default-executor-0] INFO  server.RaftServer$Division (RaftServerImpl.java:requestVote(1075)) - 65295508-def1-4def-8cfe-b2ee89df246c@group-D845931F6563 replies to ELECTION vote request: de46658e-6de7-45a1-81e4-0d2091b7d264<-65295508-def1-4def-8cfe-b2ee89df246c#0:OK-t2. Peer's state: 65295508-def1-4def-8cfe-b2ee89df246c@group-D845931F6563:t2, leader=null, voted=de46658e-6de7-45a1-81e4-0d2091b7d264, raftlog=65295508-def1-4def-8cfe-b2ee89df246c@group-D845931F6563-SegmentedRaftLog:OPENED:c-1,f-1,i0, conf=-1: [65295508-def1-4def-8cfe-b2ee89df246c|rpc:10.1.0.43:38387|dataStream:|priority:0, de46658e-6de7-45a1-81e4-0d2091b7d264|rpc:10.1.0.43:36647|dataStream:|priority:1, 80fb03ba-aab4-4d6c-a114-0a36b49bfdbd|rpc:10.1.0.43:35737|dataStream:|priority:0], old=null
2021-08-15 01:17:54,009 [grpc-default-executor-2] INFO  impl.VoteContext (VoteContext.java:log(48)) - 65295508-def1-4def-8cfe-b2ee89df246c@group-D845931F6563-FOLLOWER: reject ELECTION from 80fb03ba-aab4-4d6c-a114-0a36b49bfdbd: already has voted for de46658e-6de7-45a1-81e4-0d2091b7d264 at current term 2
2021-08-15 01:17:54,009 [grpc-default-executor-2] INFO  server.RaftServer$Division (RaftServerImpl.java:requestVote(1075)) - 65295508-def1-4def-8cfe-b2ee89df246c@group-D845931F6563 replies to ELECTION vote request: 80fb03ba-aab4-4d6c-a114-0a36b49bfdbd<-65295508-def1-4def-8cfe-b2ee89df246c#0:FAIL-t2. Peer's state: 65295508-def1-4def-8cfe-b2ee89df246c@group-D845931F6563:t2, leader=null, voted=de46658e-6de7-45a1-81e4-0d2091b7d264, raftlog=65295508-def1-4def-8cfe-b2ee89df246c@group-D845931F6563-SegmentedRaftLog:OPENED:c-1,f-1,i0, conf=-1: [65295508-def1-4def-8cfe-b2ee89df246c|rpc:10.1.0.43:38387|dataStream:|priority:0, de46658e-6de7-45a1-81e4-0d2091b7d264|rpc:10.1.0.43:36647|dataStream:|priority:1, 80fb03ba-aab4-4d6c-a114-0a36b49bfdbd|rpc:10.1.0.43:35737|dataStream:|priority:0], old=null
2021-08-15 01:17:54,010 [65295508-def1-4def-8cfe-b2ee89df246c@group-50B81F3CF1A5-LeaderElection38] INFO  impl.LeaderElection (LeaderElection.java:run(230)) - 65295508-def1-4def-8cfe-b2ee89df246c@group-50B81F3CF1A5-LeaderElection38: skip running since this is already CLOSING
2021-08-15 01:17:54,037 [de46658e-6de7-45a1-81e4-0d2091b7d264@group-50B81F3CF1A5-FollowerState] INFO  impl.FollowerState (FollowerState.java:run(134)) - de46658e-6de7-45a1-81e4-0d2091b7d264@group-50B81F3CF1A5-FollowerState: change to CANDIDATE, lastRpcElapsedTime:5145757657ns, electionTimeout:5090ms
2021-08-15 01:17:54,027 [de46658e-6de7-45a1-81e4-0d2091b7d264@group-D845931F6563-LeaderElection35] INFO  impl.LeaderElection (LeaderElection.java:logAndReturn(89)) - de46658e-6de7-45a1-81e4-0d2091b7d264@group-D845931F6563-LeaderElection35: ELECTION PASSED received 2 response(s) and 0 exception(s):
2021-08-15 01:17:54,037 [de46658e-6de7-45a1-81e4-0d2091b7d264@group-D845931F6563-LeaderElection35] INFO  impl.LeaderElection (LeaderElection.java:logAndReturn(93)) -   Response 0: de46658e-6de7-45a1-81e4-0d2091b7d264<-65295508-def1-4def-8cfe-b2ee89df246c#0:OK-t2
2021-08-15 01:17:54,037 [de46658e-6de7-45a1-81e4-0d2091b7d264@group-D845931F6563-LeaderElection35] INFO  impl.LeaderElection (LeaderElection.java:logAndReturn(93)) -   Response 1: de46658e-6de7-45a1-81e4-0d2091b7d264<-80fb03ba-aab4-4d6c-a114-0a36b49bfdbd#0:FAIL-t2
2021-08-15 01:17:54,037 [de46658e-6de7-45a1-81e4-0d2091b7d264@group-D845931F6563-LeaderElection35] INFO  impl.LeaderElection (LeaderElection.java:askForVotes(308)) - de46658e-6de7-45a1-81e4-0d2091b7d264@group-D845931F6563-LeaderElection35 ELECTION round 0: result PASSED
2021-08-15 01:17:54,037 [de46658e-6de7-45a1-81e4-0d2091b7d264@group-D845931F6563-LeaderElection35] INFO  impl.RoleInfo (RoleInfo.java:shutdownLeaderElection(121)) - de46658e-6de7-45a1-81e4-0d2091b7d264: shutdown de46658e-6de7-45a1-81e4-0d2091b7d264@group-D845931F6563-LeaderElection35
2021-08-15 01:17:54,037 [de46658e-6de7-45a1-81e4-0d2091b7d264@group-D845931F6563-LeaderElection35] INFO  server.RaftServer$Division (RaftServerImpl.java:setRole(285)) - de46658e-6de7-45a1-81e4-0d2091b7d264@group-D845931F6563: changes role from CANDIDATE to LEADER at term 2 for changeToLeader
2021-08-15 01:17:54,038 [de46658e-6de7-45a1-81e4-0d2091b7d264@group-D845931F6563-LeaderElection35] INFO  ratis.XceiverServerRatis (XceiverServerRatis.java:handleLeaderChangedNotification(861)) - Leader change notification received for group: group-D845931F6563 with new leaderId: de46658e-6de7-45a1-81e4-0d2091b7d264
2021-08-15 01:17:54,038 [de46658e-6de7-45a1-81e4-0d2091b7d264@group-D845931F6563-LeaderElection35] INFO  server.RaftServer$Division (ServerState.java:setLeader(285)) - de46658e-6de7-45a1-81e4-0d2091b7d264@group-D845931F6563: change Leader from null to de46658e-6de7-45a1-81e4-0d2091b7d264 at term 2 for becomeLeader, leader elected after 10450ms
2021-08-15 01:17:54,018 [grpc-default-executor-1] INFO  server.RaftServer$Division (RaftServerImpl.java:requestVote(1075)) - 65295508-def1-4def-8cfe-b2ee89df246c@group-50B81F3CF1A5 replies to ELECTION vote request: 80fb03ba-aab4-4d6c-a114-0a36b49bfdbd<-65295508-def1-4def-8cfe-b2ee89df246c#0:FAIL-t2. Peer's state: 65295508-def1-4def-8cfe-b2ee89df246c@group-50B81F3CF1A5:t2, leader=null, voted=null, raftlog=65295508-def1-4def-8cfe-b2ee89df246c@group-50B81F3CF1A5-SegmentedRaftLog:OPENED:c-1,f-1,i0, conf=-1: [65295508-def1-4def-8cfe-b2ee89df246c|rpc:10.1.0.43:38387|dataStream:|priority:1, de46658e-6de7-45a1-81e4-0d2091b7d264|rpc:10.1.0.43:36647|dataStream:|priority:0, 80fb03ba-aab4-4d6c-a114-0a36b49bfdbd|rpc:10.1.0.43:35737|dataStream:|priority:0], old=null
2021-08-15 01:17:54,038 [Datanode State Machine Thread - 0] WARN  statemachine.StateContext (StateContext.java:execute(621)) - No available thread in pool for past 1 seconds.
2021-08-15 01:17:54,037 [de46658e-6de7-45a1-81e4-0d2091b7d264@group-50B81F3CF1A5-FollowerState] INFO  impl.RoleInfo (RoleInfo.java:shutdownFollowerState(108)) - de46658e-6de7-45a1-81e4-0d2091b7d264: shutdown de46658e-6de7-45a1-81e4-0d2091b7d264@group-50B81F3CF1A5-FollowerState
2021-08-15 01:17:54,039 [de46658e-6de7-45a1-81e4-0d2091b7d264@group-50B81F3CF1A5-FollowerState] INFO  server.RaftServer$Division (RaftServerImpl.java:setRole(285)) - de46658e-6de7-45a1-81e4-0d2091b7d264@group-50B81F3CF1A5: changes role from  FOLLOWER to CANDIDATE at term 1 for changeToCandidate
2021-08-15 01:17:54,050 [de46658e-6de7-45a1-81e4-0d2091b7d264@group-50B81F3CF1A5-FollowerState] INFO  server.RaftServerConfigKeys (ConfUtils.java:logGet(44)) - raft.server.leaderelection.pre-vote = false (custom)
2021-08-15 01:17:54,050 [de46658e-6de7-45a1-81e4-0d2091b7d264@group-50B81F3CF1A5-FollowerState] INFO  impl.RoleInfo (RoleInfo.java:updateAndGet(130)) - de46658e-6de7-45a1-81e4-0d2091b7d264: start de46658e-6de7-45a1-81e4-0d2091b7d264@group-50B81F3CF1A5-LeaderElection39
2021-08-15 01:17:54,050 [EventQueue-OpenPipelineForHealthyPipelineSafeModeRule] INFO  safemode.SCMSafeModeManager (HealthyPipelineSafeModeRule.java:process(124)) - SCM in safe mode. Healthy pipelines reported count is 0, required healthy pipeline reported count is 1
2021-08-15 01:17:54,050 [de46658e-6de7-45a1-81e4-0d2091b7d264@group-D845931F6563-LeaderElection35] INFO  server.RaftServerConfigKeys (ConfUtils.java:logGet(44)) - raft.server.staging.catchup.gap = 1000 (default)
2021-08-15 01:17:54,050 [EventQueue-PipelineReportForPipelineReportHandler] INFO  pipeline.PipelineManagerImpl (PipelineManagerImpl.java:openPipeline(283)) - Pipeline Pipeline[ Id: 841087be-2d30-4ef2-aaba-d845931f6563, Nodes: de46658e-6de7-45a1-81e4-0d2091b7d264{ip: 10.1.0.43, host: fv-az122-443.zf1tlrj3kn4expqppa1j4mpycf.xx.internal.cloudapp.net, ports: [REPLICATION=40859, RATIS=36647, RATIS_ADMIN=36647, RATIS_SERVER=36647, STANDALONE=40357], networkLocation: /default-rack, certSerialId: null, persistedOpState: IN_SERVICE, persistedOpStateExpiryEpochSec: 0}80fb03ba-aab4-4d6c-a114-0a36b49bfdbd{ip: 10.1.0.43, host: fv-az122-443.zf1tlrj3kn4expqppa1j4mpycf.xx.internal.cloudapp.net, ports: [REPLICATION=35913, RATIS=35737, RATIS_ADMIN=35737, RATIS_SERVER=35737, STANDALONE=40353], networkLocation: /default-rack, certSerialId: null, persistedOpState: IN_SERVICE, persistedOpStateExpiryEpochSec: 0}65295508-def1-4def-8cfe-b2ee89df246c{ip: 10.1.0.43, host: fv-az122-443.zf1tlrj3kn4expqppa1j4mpycf.xx.internal.cloudapp.net, ports: [REPLICATION=35633, RATIS=38387, RATIS_ADMIN=38387, RATIS_SERVER=38387, STANDALONE=37285], networkLocation: /default-rack, certSerialId: null, persistedOpState: IN_SERVICE, persistedOpStateExpiryEpochSec: 0}, ReplicationConfig: RATIS/THREE, State:ALLOCATED, leaderId:de46658e-6de7-45a1-81e4-0d2091b7d264, CreationTimestamp2021-08-15T01:17:41.080Z[Etc/UTC]] moved to OPEN state
2021-08-15 01:17:54,052 [EventQueue-OpenPipelineForHealthyPipelineSafeModeRule] INFO  safemode.SCMSafeModeManager (HealthyPipelineSafeModeRule.java:process(124)) - SCM in safe mode. Healthy pipelines reported count is 1, required healthy pipeline reported count is 1
2021-08-15 01:17:54,053 [EventQueue-OpenPipelineForHealthyPipelineSafeModeRule] INFO  safemode.SCMSafeModeManager (SCMSafeModeManager.java:validateSafeModeExitRules(204)) - HealthyPipelineSafeModeRule rule is successfully validated
2021-08-15 01:17:54,053 [EventQueue-OpenPipelineForHealthyPipelineSafeModeRule] INFO  safemode.SCMSafeModeManager (SCMSafeModeManager.java:validateSafeModeExitRules(219)) - ScmSafeModeManager, all rules are successfully validated
2021-08-15 01:17:54,053 [EventQueue-OpenPipelineForHealthyPipelineSafeModeRule] INFO  safemode.SCMSafeModeManager (SCMSafeModeManager.java:exitSafeMode(248)) - SCM exiting safe mode.
2021-08-15 01:17:54,053 [EventQueue-OpenPipelineForHealthyPipelineSafeModeRule] WARN  events.EventQueue (EventQueue.java:fireEvent(194)) - No event handler registered for event TypedEvent{payloadType=SafeModeStatus, name='Safe mode status'}
2021-08-15 01:17:54,053 [EventQueue-OpenPipelineForHealthyPipelineSafeModeRule] INFO  ha.SCMContext (SCMContext.java:updateSafeModeStatus(205)) - Update SafeModeStatus from SafeModeStatus{safeModeStatus=true, preCheckPassed=true} to SafeModeStatus{safeModeStatus=false, preCheckPassed=true}.
2021-08-15 01:17:54,053 [EventQueue-OpenPipelineForHealthyPipelineSafeModeRule] INFO  pipeline.BackgroundPipelineCreator (BackgroundPipelineCreatorV2.java:notifyStatusChanged(264)) - Service BackgroundPipelineCreator transitions to RUNNING.
2021-08-15 01:17:54,063 [EventQueue-OpenPipelineForHealthyPipelineSafeModeRule] INFO  container.ReplicationManager (ReplicationManager.java:notifyStatusChanged(1679)) - Service ReplicationManager transitions to RUNNING.
2021-08-15 01:17:54,064 [Listener at 127.0.0.1/41191] INFO  ozone.MiniOzoneClusterImpl (MiniOzoneClusterImpl.java:lambda$waitForClusterToBeReady$0(235)) - Nodes are ready. Got 3 of 3 DN Heartbeats.
2021-08-15 01:17:54,070 [Listener at 127.0.0.1/41191] INFO  ozone.MiniOzoneClusterImpl (MiniOzoneClusterImpl.java:lambda$waitForClusterToBeReady$0(238)) - Cluster exits safe mode
2021-08-15 01:17:54,070 [Listener at 127.0.0.1/41191] INFO  ozone.MiniOzoneClusterImpl (MiniOzoneClusterImpl.java:lambda$waitForClusterToBeReady$0(240)) - SCM became leader
2021-08-15 01:17:54,071 [Listener at 127.0.0.1/41191] INFO  ha.SequenceIdGenerator (SequenceIdGenerator.java:getNextId(127)) - Allocate a batch for containerId, change lastId from 0 to 1000.
2021-08-15 01:17:54,066 [80fb03ba-aab4-4d6c-a114-0a36b49bfdbd@group-50B81F3CF1A5-LeaderElection37] INFO  impl.LeaderElection (LeaderElection.java:logAndReturn(89)) - 80fb03ba-aab4-4d6c-a114-0a36b49bfdbd@group-50B81F3CF1A5-LeaderElection37: ELECTION REJECTED received 1 response(s) and 0 exception(s):
2021-08-15 01:17:54,074 [80fb03ba-aab4-4d6c-a114-0a36b49bfdbd@group-50B81F3CF1A5-LeaderElection37] INFO  impl.LeaderElection (LeaderElection.java:logAndReturn(93)) -   Response 0: 80fb03ba-aab4-4d6c-a114-0a36b49bfdbd<-65295508-def1-4def-8cfe-b2ee89df246c#0:FAIL-t2
2021-08-15 01:17:54,074 [80fb03ba-aab4-4d6c-a114-0a36b49bfdbd@group-50B81F3CF1A5-LeaderElection37] INFO  impl.LeaderElection (LeaderElection.java:askForVotes(308)) - 80fb03ba-aab4-4d6c-a114-0a36b49bfdbd@group-50B81F3CF1A5-LeaderElection37 ELECTION round 0: result REJECTED
2021-08-15 01:17:54,074 [80fb03ba-aab4-4d6c-a114-0a36b49bfdbd@group-50B81F3CF1A5-LeaderElection37] INFO  server.RaftServer$Division (RaftServerImpl.java:setRole(285)) - 80fb03ba-aab4-4d6c-a114-0a36b49bfdbd@group-50B81F3CF1A5: changes role from CANDIDATE to FOLLOWER at term 2 for REJECTED
2021-08-15 01:17:54,075 [80fb03ba-aab4-4d6c-a114-0a36b49bfdbd@group-50B81F3CF1A5-LeaderElection37] INFO  impl.RoleInfo (RoleInfo.java:shutdownLeaderElection(121)) - 80fb03ba-aab4-4d6c-a114-0a36b49bfdbd: shutdown 80fb03ba-aab4-4d6c-a114-0a36b49bfdbd@group-50B81F3CF1A5-LeaderElection37
2021-08-15 01:17:54,075 [80fb03ba-aab4-4d6c-a114-0a36b49bfdbd@group-50B81F3CF1A5-LeaderElection37] INFO  impl.RoleInfo (RoleInfo.java:updateAndGet(130)) - 80fb03ba-aab4-4d6c-a114-0a36b49bfdbd: start 80fb03ba-aab4-4d6c-a114-0a36b49bfdbd@group-50B81F3CF1A5-FollowerState
2021-08-15 01:17:54,066 [grpc-default-executor-0] INFO  server.RaftServer$Division (RaftServerImpl.java:requestVote(1043)) - de46658e-6de7-45a1-81e4-0d2091b7d264@group-D845931F6563: receive requestVote(ELECTION, 80fb03ba-aab4-4d6c-a114-0a36b49bfdbd, group-D845931F6563, 2, (t:0, i:0))
2021-08-15 01:17:54,076 [grpc-default-executor-1] INFO  server.RaftServer$Division (RaftServerImpl.java:requestVote(1043)) - de46658e-6de7-45a1-81e4-0d2091b7d264@group-50B81F3CF1A5: receive requestVote(ELECTION, 80fb03ba-aab4-4d6c-a114-0a36b49bfdbd, group-50B81F3CF1A5, 2, (t:0, i:0))
2021-08-15 01:17:54,076 [grpc-default-executor-1] INFO  impl.VoteContext (VoteContext.java:log(48)) - de46658e-6de7-45a1-81e4-0d2091b7d264@group-50B81F3CF1A5-CANDIDATE: accept ELECTION from 80fb03ba-aab4-4d6c-a114-0a36b49bfdbd: our priority 0 <= candidate's priority 0
2021-08-15 01:17:54,076 [grpc-default-executor-1] INFO  server.RaftServer$Division (RaftServerImpl.java:setRole(285)) - de46658e-6de7-45a1-81e4-0d2091b7d264@group-50B81F3CF1A5: changes role from CANDIDATE to FOLLOWER at term 2 for candidate:80fb03ba-aab4-4d6c-a114-0a36b49bfdbd
2021-08-15 01:17:54,076 [grpc-default-executor-1] INFO  impl.RoleInfo (RoleInfo.java:shutdownLeaderElection(121)) - de46658e-6de7-45a1-81e4-0d2091b7d264: shutdown de46658e-6de7-45a1-81e4-0d2091b7d264@group-50B81F3CF1A5-LeaderElection39
2021-08-15 01:17:54,066 [de46658e-6de7-45a1-81e4-0d2091b7d264@group-D845931F6563-LeaderElection35] INFO  server.RaftServerConfigKeys (ConfUtils.java:logGet(44)) - raft.server.write.element-limit = 1024 (custom)
2021-08-15 01:17:54,076 [de46658e-6de7-45a1-81e4-0d2091b7d264@group-D845931F6563-LeaderElection35] INFO  server.RaftServerConfigKeys (ConfUtils.java:logGet(44)) - raft.server.write.byte-limit = 1024 M (=1073741824) (custom)
2021-08-15 01:17:54,076 [de46658e-6de7-45a1-81e4-0d2091b7d264@group-D845931F6563-LeaderElection35] INFO  server.RaftServerConfigKeys (ConfUtils.java:logGet(44)) - raft.server.watch.timeout = 180s (custom)
2021-08-15 01:17:54,076 [de46658e-6de7-45a1-81e4-0d2091b7d264@group-D845931F6563-LeaderElection35] INFO  server.RaftServerConfigKeys (ConfUtils.java:logGet(44)) - raft.server.watch.timeout.denomination = 1s (default)
2021-08-15 01:17:54,076 [de46658e-6de7-45a1-81e4-0d2091b7d264@group-D845931F6563-LeaderElection35] INFO  server.RaftServerConfigKeys (ConfUtils.java:logGet(44)) - raft.server.watch.element-limit = 65536 (default)
2021-08-15 01:17:54,076 [de46658e-6de7-45a1-81e4-0d2091b7d264@group-D845931F6563-LeaderElection35] INFO  server.RaftServerConfigKeys (ConfUtils.java:logGet(44)) - raft.server.log.appender.snapshot.chunk.size.max = 16MB (=16777216) (default)
2021-08-15 01:17:54,077 [de46658e-6de7-45a1-81e4-0d2091b7d264@group-D845931F6563-LeaderElection35] INFO  server.RaftServerConfigKeys (ConfUtils.java:logGet(44)) - raft.server.log.appender.buffer.byte-limit = 33554432 (custom)
2021-08-15 01:17:54,077 [de46658e-6de7-45a1-81e4-0d2091b7d264@group-D845931F6563-LeaderElection35] INFO  server.RaftServerConfigKeys (ConfUtils.java:logGet(44)) - raft.server.log.appender.buffer.element-limit = 1 (custom)
2021-08-15 01:17:54,126 [de46658e-6de7-45a1-81e4-0d2091b7d264@group-D845931F6563-LeaderElection35] INFO  grpc.GrpcConfigKeys (ConfUtils.java:logGet(44)) - raft.grpc.server.leader.outstanding.appends.max = 128 (default)
2021-08-15 01:17:54,126 [de46658e-6de7-45a1-81e4-0d2091b7d264@group-D845931F6563-LeaderElection35] INFO  server.RaftServerConfigKeys (ConfUtils.java:logGet(44)) - raft.server.rpc.request.timeout = 60s (custom)
2021-08-15 01:17:54,127 [de46658e-6de7-45a1-81e4-0d2091b7d264@group-D845931F6563-LeaderElection35] INFO  server.RaftServerConfigKeys (ConfUtils.java:logGet(44)) - raft.server.log.appender.install.snapshot.enabled = false (custom)
2021-08-15 01:17:54,127 [de46658e-6de7-45a1-81e4-0d2091b7d264@group-D845931F6563-LeaderElection35] INFO  server.RaftServerConfigKeys (ConfUtils.java:logGet(44)) - raft.server.log.appender.snapshot.chunk.size.max = 16MB (=16777216) (default)
2021-08-15 01:17:54,127 [de46658e-6de7-45a1-81e4-0d2091b7d264@group-D845931F6563-LeaderElection35] INFO  server.RaftServerConfigKeys (ConfUtils.java:logGet(44)) - raft.server.log.appender.buffer.byte-limit = 33554432 (custom)
2021-08-15 01:17:54,127 [de46658e-6de7-45a1-81e4-0d2091b7d264@group-D845931F6563-LeaderElection35] INFO  server.RaftServerConfigKeys (ConfUtils.java:logGet(44)) - raft.server.log.appender.buffer.element-limit = 1 (custom)
2021-08-15 01:17:54,128 [de46658e-6de7-45a1-81e4-0d2091b7d264@group-D845931F6563-LeaderElection35] INFO  grpc.GrpcConfigKeys (ConfUtils.java:logGet(44)) - raft.grpc.server.leader.outstanding.appends.max = 128 (default)
2021-08-15 01:17:54,128 [de46658e-6de7-45a1-81e4-0d2091b7d264@group-D845931F6563-LeaderElection35] INFO  server.RaftServerConfigKeys (ConfUtils.java:logGet(44)) - raft.server.rpc.request.timeout = 60s (custom)
2021-08-15 01:17:54,128 [de46658e-6de7-45a1-81e4-0d2091b7d264@group-D845931F6563-LeaderElection35] INFO  server.RaftServerConfigKeys (ConfUtils.java:logGet(44)) - raft.server.log.appender.install.snapshot.enabled = false (custom)
2021-08-15 01:17:54,128 [de46658e-6de7-45a1-81e4-0d2091b7d264@group-D845931F6563-LeaderElection35] INFO  impl.RoleInfo (RoleInfo.java:updateAndGet(130)) - de46658e-6de7-45a1-81e4-0d2091b7d264: start de46658e-6de7-45a1-81e4-0d2091b7d264@group-D845931F6563-LeaderStateImpl
2021-08-15 01:17:54,129 [de46658e-6de7-45a1-81e4-0d2091b7d264@group-D845931F6563-LeaderElection35] INFO  segmented.SegmentedRaftLogWorker (SegmentedRaftLogWorker.java:startLogSegment(394)) - de46658e-6de7-45a1-81e4-0d2091b7d264@group-D845931F6563-SegmentedRaftLogWorker: Starting segment from index:0
2021-08-15 01:17:54,129 [grpc-default-executor-1] INFO  impl.RoleInfo (RoleInfo.java:updateAndGet(130)) - de46658e-6de7-45a1-81e4-0d2091b7d264: start de46658e-6de7-45a1-81e4-0d2091b7d264@group-50B81F3CF1A5-FollowerState
2021-08-15 01:17:54,141 [de46658e-6de7-45a1-81e4-0d2091b7d264@group-D845931F6563-SegmentedRaftLogWorker] INFO  segmented.SegmentedRaftLogWorker (SegmentedRaftLogWorker.java:execute(601)) - de46658e-6de7-45a1-81e4-0d2091b7d264@group-D845931F6563-SegmentedRaftLogWorker: created new log segment /home/runner/work/ozone/ozone/hadoop-ozone/integration-test/target/test-dir/MiniOzoneClusterImpl-d2e0817b-7a27-4795-9ea2-3152af8552da/datanode-2/data/ratis/841087be-2d30-4ef2-aaba-d845931f6563/current/log_inprogress_0
2021-08-15 01:17:54,162 [grpc-default-executor-1] INFO  server.RaftServer$Division (RaftServerImpl.java:requestVote(1075)) - de46658e-6de7-45a1-81e4-0d2091b7d264@group-50B81F3CF1A5 replies to ELECTION vote request: 80fb03ba-aab4-4d6c-a114-0a36b49bfdbd<-de46658e-6de7-45a1-81e4-0d2091b7d264#0:OK-t2. Peer's state: de46658e-6de7-45a1-81e4-0d2091b7d264@group-50B81F3CF1A5:t2, leader=null, voted=80fb03ba-aab4-4d6c-a114-0a36b49bfdbd, raftlog=de46658e-6de7-45a1-81e4-0d2091b7d264@group-50B81F3CF1A5-SegmentedRaftLog:OPENED:c-1,f-1,i0, conf=-1: [65295508-def1-4def-8cfe-b2ee89df246c|rpc:10.1.0.43:38387|dataStream:|priority:1, de46658e-6de7-45a1-81e4-0d2091b7d264|rpc:10.1.0.43:36647|dataStream:|priority:0, 80fb03ba-aab4-4d6c-a114-0a36b49bfdbd|rpc:10.1.0.43:35737|dataStream:|priority:0], old=null
2021-08-15 01:17:54,183 [de46658e-6de7-45a1-81e4-0d2091b7d264@group-D845931F6563-LeaderElection35] INFO  server.RaftServer$Division (ServerState.java:setRaftConf(387)) - de46658e-6de7-45a1-81e4-0d2091b7d264@group-D845931F6563: set configuration 0: [65295508-def1-4def-8cfe-b2ee89df246c|rpc:10.1.0.43:38387|dataStream:|priority:0, de46658e-6de7-45a1-81e4-0d2091b7d264|rpc:10.1.0.43:36647|dataStream:|priority:1, 80fb03ba-aab4-4d6c-a114-0a36b49bfdbd|rpc:10.1.0.43:35737|dataStream:|priority:0], old=null
2021-08-15 01:17:54,184 [grpc-default-executor-0] INFO  impl.VoteContext (VoteContext.java:log(48)) - de46658e-6de7-45a1-81e4-0d2091b7d264@group-D845931F6563-LEADER: reject ELECTION from 80fb03ba-aab4-4d6c-a114-0a36b49bfdbd: already has voted for de46658e-6de7-45a1-81e4-0d2091b7d264 at current term 2
2021-08-15 01:17:54,222 [grpc-default-executor-0] INFO  server.RaftServer$Division (RaftServerImpl.java:requestVote(1075)) - de46658e-6de7-45a1-81e4-0d2091b7d264@group-D845931F6563 replies to ELECTION vote request: 80fb03ba-aab4-4d6c-a114-0a36b49bfdbd<-de46658e-6de7-45a1-81e4-0d2091b7d264#0:FAIL-t2. Peer's state: de46658e-6de7-45a1-81e4-0d2091b7d264@group-D845931F6563:t2, leader=de46658e-6de7-45a1-81e4-0d2091b7d264, voted=de46658e-6de7-45a1-81e4-0d2091b7d264, raftlog=de46658e-6de7-45a1-81e4-0d2091b7d264@group-D845931F6563-SegmentedRaftLog:OPENED:c0,f0,i0, conf=0: [65295508-def1-4def-8cfe-b2ee89df246c|rpc:10.1.0.43:38387|dataStream:|priority:0, de46658e-6de7-45a1-81e4-0d2091b7d264|rpc:10.1.0.43:36647|dataStream:|priority:1, 80fb03ba-aab4-4d6c-a114-0a36b49bfdbd|rpc:10.1.0.43:35737|dataStream:|priority:0], old=null
2021-08-15 01:17:54,195 [grpc-default-executor-1] INFO  server.RaftServer$Division (RaftServerImpl.java:setRole(285)) - 80fb03ba-aab4-4d6c-a114-0a36b49bfdbd@group-D845931F6563: changes role from CANDIDATE to FOLLOWER at term 2 for appendEntries
2021-08-15 01:17:54,222 [grpc-default-executor-1] INFO  impl.RoleInfo (RoleInfo.java:shutdownLeaderElection(121)) - 80fb03ba-aab4-4d6c-a114-0a36b49bfdbd: shutdown 80fb03ba-aab4-4d6c-a114-0a36b49bfdbd@group-D845931F6563-LeaderElection36
2021-08-15 01:17:54,223 [grpc-default-executor-1] INFO  impl.RoleInfo (RoleInfo.java:updateAndGet(130)) - 80fb03ba-aab4-4d6c-a114-0a36b49bfdbd: start 80fb03ba-aab4-4d6c-a114-0a36b49bfdbd@group-D845931F6563-FollowerState
2021-08-15 01:17:54,195 [grpc-default-executor-2] INFO  ratis.XceiverServerRatis (XceiverServerRatis.java:handleLeaderChangedNotification(861)) - Leader change notification received for group: group-D845931F6563 with new leaderId: de46658e-6de7-45a1-81e4-0d2091b7d264
2021-08-15 01:17:54,247 [80fb03ba-aab4-4d6c-a114-0a36b49bfdbd@group-D845931F6563-LeaderElection36] INFO  impl.LeaderElection (LeaderElection.java:logAndReturn(89)) - 80fb03ba-aab4-4d6c-a114-0a36b49bfdbd@group-D845931F6563-LeaderElection36: ELECTION REJECTED received 2 response(s) and 0 exception(s):
2021-08-15 01:17:54,230 [grpc-default-executor-1] INFO  ratis.XceiverServerRatis (XceiverServerRatis.java:handleLeaderChangedNotification(861)) - Leader change notification received for group: group-D845931F6563 with new leaderId: de46658e-6de7-45a1-81e4-0d2091b7d264
2021-08-15 01:17:54,263 [80fb03ba-aab4-4d6c-a114-0a36b49bfdbd@group-D845931F6563-LeaderElection36] INFO  impl.LeaderElection (LeaderElection.java:logAndReturn(93)) -   Response 0: 80fb03ba-aab4-4d6c-a114-0a36b49bfdbd<-65295508-def1-4def-8cfe-b2ee89df246c#0:FAIL-t2
2021-08-15 01:17:54,263 [80fb03ba-aab4-4d6c-a114-0a36b49bfdbd@group-D845931F6563-LeaderElection36] INFO  impl.LeaderElection (LeaderElection.java:logAndReturn(93)) -   Response 1: 80fb03ba-aab4-4d6c-a114-0a36b49bfdbd<-de46658e-6de7-45a1-81e4-0d2091b7d264#0:FAIL-t2
2021-08-15 01:17:54,263 [80fb03ba-aab4-4d6c-a114-0a36b49bfdbd@group-D845931F6563-LeaderElection36] INFO  impl.LeaderElection (LeaderElection.java:askForVotes(308)) - 80fb03ba-aab4-4d6c-a114-0a36b49bfdbd@group-D845931F6563-LeaderElection36 ELECTION round 0: result REJECTED
2021-08-15 01:17:54,262 [grpc-default-executor-2] INFO  server.RaftServer$Division (ServerState.java:setLeader(285)) - 65295508-def1-4def-8cfe-b2ee89df246c@group-D845931F6563: change Leader from null to de46658e-6de7-45a1-81e4-0d2091b7d264 at term 2 for appendEntries, leader elected after 10511ms
2021-08-15 01:17:54,263 [grpc-default-executor-1] INFO  server.RaftServer$Division (ServerState.java:setLeader(285)) - 80fb03ba-aab4-4d6c-a114-0a36b49bfdbd@group-D845931F6563: change Leader from null to de46658e-6de7-45a1-81e4-0d2091b7d264 at term 2 for appendEntries, leader elected after 10783ms
2021-08-15 01:17:54,336 [grpc-default-executor-2] INFO  server.RaftServer$Division (ServerState.java:setRaftConf(387)) - 65295508-def1-4def-8cfe-b2ee89df246c@group-D845931F6563: set configuration 0: [65295508-def1-4def-8cfe-b2ee89df246c|rpc:10.1.0.43:38387|dataStream:|priority:0, de46658e-6de7-45a1-81e4-0d2091b7d264|rpc:10.1.0.43:36647|dataStream:|priority:1, 80fb03ba-aab4-4d6c-a114-0a36b49bfdbd|rpc:10.1.0.43:35737|dataStream:|priority:0], old=null
2021-08-15 01:17:54,336 [grpc-default-executor-2] INFO  segmented.SegmentedRaftLogWorker (SegmentedRaftLogWorker.java:startLogSegment(394)) - 65295508-def1-4def-8cfe-b2ee89df246c@group-D845931F6563-SegmentedRaftLogWorker: Starting segment from index:0
2021-08-15 01:17:54,354 [65295508-def1-4def-8cfe-b2ee89df246c@group-D845931F6563-SegmentedRaftLogWorker] INFO  segmented.SegmentedRaftLogWorker (SegmentedRaftLogWorker.java:execute(601)) - 65295508-def1-4def-8cfe-b2ee89df246c@group-D845931F6563-SegmentedRaftLogWorker: created new log segment /home/runner/work/ozone/ozone/hadoop-ozone/integration-test/target/test-dir/MiniOzoneClusterImpl-d2e0817b-7a27-4795-9ea2-3152af8552da/datanode-1/data/ratis/841087be-2d30-4ef2-aaba-d845931f6563/current/log_inprogress_0
2021-08-15 01:17:54,375 [grpc-default-executor-2] INFO  server.RaftServer$Division (ServerState.java:setRaftConf(387)) - 80fb03ba-aab4-4d6c-a114-0a36b49bfdbd@group-D845931F6563: set configuration 0: [65295508-def1-4def-8cfe-b2ee89df246c|rpc:10.1.0.43:38387|dataStream:|priority:0, de46658e-6de7-45a1-81e4-0d2091b7d264|rpc:10.1.0.43:36647|dataStream:|priority:1, 80fb03ba-aab4-4d6c-a114-0a36b49bfdbd|rpc:10.1.0.43:35737|dataStream:|priority:0], old=null
2021-08-15 01:17:54,375 [grpc-default-executor-2] INFO  segmented.SegmentedRaftLogWorker (SegmentedRaftLogWorker.java:startLogSegment(394)) - 80fb03ba-aab4-4d6c-a114-0a36b49bfdbd@group-D845931F6563-SegmentedRaftLogWorker: Starting segment from index:0
2021-08-15 01:17:54,386 [80fb03ba-aab4-4d6c-a114-0a36b49bfdbd@group-D845931F6563-SegmentedRaftLogWorker] INFO  segmented.SegmentedRaftLogWorker (SegmentedRaftLogWorker.java:execute(601)) - 80fb03ba-aab4-4d6c-a114-0a36b49bfdbd@group-D845931F6563-SegmentedRaftLogWorker: created new log segment /home/runner/work/ozone/ozone/hadoop-ozone/integration-test/target/test-dir/MiniOzoneClusterImpl-d2e0817b-7a27-4795-9ea2-3152af8552da/datanode-0/data/ratis/841087be-2d30-4ef2-aaba-d845931f6563/current/log_inprogress_0
2021-08-15 01:17:55,784 [Listener at 127.0.0.1/41191] ERROR ratis.XceiverServerRatis (XceiverServerRatis.java:triggerPipelineClose(676)) - pipeline Action CLOSE on pipeline PipelineID=841087be-2d30-4ef2-aaba-d845931f6563.Reason : Unspecified failure reported in Ratis log
2021-08-15 01:17:55,785 [Datanode State Machine Thread - 0] WARN  statemachine.StateContext (StateContext.java:execute(621)) - No available thread in pool for past 1 seconds.
2021-08-15 01:17:55,849 [EventQueue-PipelineActionsForPipelineActionHandler] INFO  pipeline.PipelineActionHandler (PipelineActionHandler.java:processPipelineAction(82)) - Received pipeline action CLOSE for PipelineID=841087be-2d30-4ef2-aaba-d845931f6563 from datanode de46658e-6de7-45a1-81e4-0d2091b7d264. Reason : Unspecified failure reported in Ratis log
2021-08-15 01:17:55,869 [EventQueue-PipelineActionsForPipelineActionHandler] INFO  pipeline.PipelineManagerImpl (PipelineManagerImpl.java:closePipeline(343)) - Pipeline Pipeline[ Id: 841087be-2d30-4ef2-aaba-d845931f6563, Nodes: de46658e-6de7-45a1-81e4-0d2091b7d264{ip: 10.1.0.43, host: fv-az122-443.zf1tlrj3kn4expqppa1j4mpycf.xx.internal.cloudapp.net, ports: [REPLICATION=40859, RATIS=36647, RATIS_ADMIN=36647, RATIS_SERVER=36647, STANDALONE=40357], networkLocation: /default-rack, certSerialId: null, persistedOpState: IN_SERVICE, persistedOpStateExpiryEpochSec: 0}80fb03ba-aab4-4d6c-a114-0a36b49bfdbd{ip: 10.1.0.43, host: fv-az122-443.zf1tlrj3kn4expqppa1j4mpycf.xx.internal.cloudapp.net, ports: [REPLICATION=35913, RATIS=35737, RATIS_ADMIN=35737, RATIS_SERVER=35737, STANDALONE=40353], networkLocation: /default-rack, certSerialId: null, persistedOpState: IN_SERVICE, persistedOpStateExpiryEpochSec: 0}65295508-def1-4def-8cfe-b2ee89df246c{ip: 10.1.0.43, host: fv-az122-443.zf1tlrj3kn4expqppa1j4mpycf.xx.internal.cloudapp.net, ports: [REPLICATION=35633, RATIS=38387, RATIS_ADMIN=38387, RATIS_SERVER=38387, STANDALONE=37285], networkLocation: /default-rack, certSerialId: null, persistedOpState: IN_SERVICE, persistedOpStateExpiryEpochSec: 0}, ReplicationConfig: RATIS/THREE, State:OPEN, leaderId:de46658e-6de7-45a1-81e4-0d2091b7d264, CreationTimestamp2021-08-15T01:17:41.080Z[Etc/UTC]] moved to CLOSED state
2021-08-15 01:17:55,878 [EventQueue-PipelineActionsForPipelineActionHandler] INFO  pipeline.RatisPipelineProvider (RatisPipelineProvider.java:lambda$close$1(222)) - Send pipeline:PipelineID=841087be-2d30-4ef2-aaba-d845931f6563 close command to datanode de46658e-6de7-45a1-81e4-0d2091b7d264
2021-08-15 01:17:55,879 [EventQueue-PipelineActionsForPipelineActionHandler] INFO  pipeline.RatisPipelineProvider (RatisPipelineProvider.java:lambda$close$1(222)) - Send pipeline:PipelineID=841087be-2d30-4ef2-aaba-d845931f6563 close command to datanode 80fb03ba-aab4-4d6c-a114-0a36b49bfdbd
2021-08-15 01:17:55,879 [EventQueue-PipelineActionsForPipelineActionHandler] INFO  pipeline.RatisPipelineProvider (RatisPipelineProvider.java:lambda$close$1(222)) - Send pipeline:PipelineID=841087be-2d30-4ef2-aaba-d845931f6563 close command to datanode 65295508-def1-4def-8cfe-b2ee89df246c
2021-08-15 01:17:55,907 [EventQueue-PipelineActionsForPipelineActionHandler] INFO  pipeline.PipelineStateManager (PipelineStateManagerV2Impl.java:removePipeline(211)) - Pipeline Pipeline[ Id: 841087be-2d30-4ef2-aaba-d845931f6563, Nodes: de46658e-6de7-45a1-81e4-0d2091b7d264{ip: 10.1.0.43, host: fv-az122-443.zf1tlrj3kn4expqppa1j4mpycf.xx.internal.cloudapp.net, ports: [REPLICATION=40859, RATIS=36647, RATIS_ADMIN=36647, RATIS_SERVER=36647, STANDALONE=40357], networkLocation: /default-rack, certSerialId: null, persistedOpState: IN_SERVICE, persistedOpStateExpiryEpochSec: 0}80fb03ba-aab4-4d6c-a114-0a36b49bfdbd{ip: 10.1.0.43, host: fv-az122-443.zf1tlrj3kn4expqppa1j4mpycf.xx.internal.cloudapp.net, ports: [REPLICATION=35913, RATIS=35737, RATIS_ADMIN=35737, RATIS_SERVER=35737, STANDALONE=40353], networkLocation: /default-rack, certSerialId: null, persistedOpState: IN_SERVICE, persistedOpStateExpiryEpochSec: 0}65295508-def1-4def-8cfe-b2ee89df246c{ip: 10.1.0.43, host: fv-az122-443.zf1tlrj3kn4expqppa1j4mpycf.xx.internal.cloudapp.net, ports: [REPLICATION=35633, RATIS=38387, RATIS_ADMIN=38387, RATIS_SERVER=38387, STANDALONE=37285], networkLocation: /default-rack, certSerialId: null, persistedOpState: IN_SERVICE, persistedOpStateExpiryEpochSec: 0}, ReplicationConfig: RATIS/THREE, State:CLOSED, leaderId:de46658e-6de7-45a1-81e4-0d2091b7d264, CreationTimestamp2021-08-15T01:17:41.080Z[Etc/UTC]] removed.
2021-08-15 01:17:55,917 [EventQueue-CloseContainerForCloseContainerEventHandler] INFO  container.CloseContainerEventHandler (CloseContainerEventHandler.java:onMessage(69)) - Close container Event triggered for container : #1
2021-08-15 01:17:55,921 [EventQueue-CloseContainerForCloseContainerEventHandler] INFO  pipeline.PipelineStateManager (PipelineStateManagerV2Impl.java:removeContainerFromPipeline(237)) - Pipeline PipelineID=841087be-2d30-4ef2-aaba-d845931f6563 is not found in the pipeline2ContainerMap. Pipeline may have been closed already.
2021-08-15 01:17:55,921 [EventQueue-CloseContainerForCloseContainerEventHandler] INFO  container.CloseContainerEventHandler (CloseContainerEventHandler.java:onMessage(69)) - Close container Event triggered for container : #2
2021-08-15 01:17:55,922 [EventQueue-CloseContainerForCloseContainerEventHandler] INFO  pipeline.PipelineStateManager (PipelineStateManagerV2Impl.java:removeContainerFromPipeline(237)) - Pipeline PipelineID=841087be-2d30-4ef2-aaba-d845931f6563 is not found in the pipeline2ContainerMap. Pipeline may have been closed already.
2021-08-15 01:17:56,139 [Listener at 127.0.0.1/41191] INFO  ozone.MiniOzoneClusterImpl (MiniOzoneClusterImpl.java:shutdown(453)) - Shutting down the Mini Ozone Cluster
2021-08-15 01:17:56,175 [Listener at 127.0.0.1/41191] INFO  ozone.MiniOzoneClusterImpl (MiniOzoneClusterImpl.java:stop(468)) - Stopping the Mini Ozone Cluster
2021-08-15 01:17:56,175 [Listener at 127.0.0.1/41191] INFO  ozone.MiniOzoneClusterImpl (MiniOzoneClusterImpl.java:stopOM(550)) - Stopping the OzoneManager
2021-08-15 01:17:56,175 [Listener at 127.0.0.1/41191] INFO  om.OzoneManager (OzoneManager.java:stop(1632)) - Stopping Ozone Manager
2021-08-15 01:17:56,175 [Listener at 127.0.0.1/41191] INFO  ipc.Server (Server.java:stop(3414)) - Stopping server on 41191
2021-08-15 01:17:56,205 [IPC Server listener on 0] INFO  ipc.Server (Server.java:run(1376)) - Stopping IPC Server listener on 0
2021-08-15 01:17:56,206 [IPC Server Responder] INFO  ipc.Server (Server.java:run(1512)) - Stopping IPC Server Responder
2021-08-15 01:17:56,206 [Listener at 127.0.0.1/41191] INFO  server.RaftServer (RaftServerProxy.java:lambda$close$6(391)) - om1: close
2021-08-15 01:17:56,206 [Listener at 127.0.0.1/41191] INFO  server.RaftServer$Division (RaftServerImpl.java:lambda$close$4(407)) - om1@group-C5BA1605619E: shutdown
2021-08-15 01:17:56,206 [Listener at 127.0.0.1/41191] INFO  util.JmxRegister (JmxRegister.java:unregister(73)) - Successfully un-registered JMX Bean with object name Ratis:service=RaftServer,group=group-C5BA1605619E,id=om1
2021-08-15 01:17:56,207 [Listener at 127.0.0.1/41191] INFO  impl.RoleInfo (RoleInfo.java:shutdownLeaderState(91)) - om1: shutdown om1@group-C5BA1605619E-LeaderStateImpl
2021-08-15 01:17:56,207 [Listener at 127.0.0.1/41191] INFO  impl.PendingRequests (PendingRequests.java:sendNotLeaderResponses(282)) - om1@group-C5BA1605619E-PendingRequests: sendNotLeaderResponses
2021-08-15 01:17:56,209 [Listener at 127.0.0.1/41191] INFO  impl.StateMachineUpdater (StateMachineUpdater.java:stopAndJoin(149)) - om1@group-C5BA1605619E-StateMachineUpdater: set stopIndex = 0
2021-08-15 01:17:56,236 [om1@group-C5BA1605619E-StateMachineUpdater] INFO  ratis.OzoneManagerStateMachine (OzoneManagerStateMachine.java:takeSnapshot(417)) - Current Snapshot Index (t:1, i:0)
2021-08-15 01:17:56,236 [om1@group-C5BA1605619E-StateMachineUpdater] INFO  impl.StateMachineUpdater (StateMachineUpdater.java:takeSnapshot(281)) - om1@group-C5BA1605619E-StateMachineUpdater: Took a snapshot at index 0
2021-08-15 01:17:56,236 [om1@group-C5BA1605619E-StateMachineUpdater] INFO  impl.StateMachineUpdater (StateMachineUpdater.java:lambda$new$0(89)) - om1@group-C5BA1605619E-StateMachineUpdater: snapshotIndex: updateIncreasingly -1 -> 0
2021-08-15 01:17:56,236 [om1@group-C5BA1605619E-StateMachineUpdater] INFO  ratis.OzoneManagerStateMachine (OzoneManagerStateMachine.java:close(471)) - StateMachine has shutdown. Shutdown OzoneManager if not already shutdown.
2021-08-15 01:17:56,237 [Listener at 127.0.0.1/41191] INFO  server.RaftServer$Division (ServerState.java:close(419)) - om1@group-C5BA1605619E: closes. applyIndex: 0
2021-08-15 01:17:56,237 [om1@group-C5BA1605619E-SegmentedRaftLogWorker] INFO  segmented.SegmentedRaftLogWorker (SegmentedRaftLogWorker.java:run(327)) - om1@group-C5BA1605619E-SegmentedRaftLogWorker was interrupted, exiting. There are 0 tasks remaining in the queue.
2021-08-15 01:17:56,239 [Listener at 127.0.0.1/41191] INFO  segmented.SegmentedRaftLogWorker (SegmentedRaftLogWorker.java:close(237)) - om1@group-C5BA1605619E-SegmentedRaftLogWorker close()
2021-08-15 01:17:56,241 [Listener at 127.0.0.1/41191] INFO  server.GrpcService (GrpcService.java:closeImpl(262)) - om1: shutdown server with port 9872 now
2021-08-15 01:17:56,246 [Listener at 127.0.0.1/41191] INFO  server.GrpcService (GrpcService.java:closeImpl(271)) - om1: shutdown server with port 9872 successfully
2021-08-15 01:17:56,247 [org.apache.ratis.util.JvmPauseMonitor$$Lambda$531/1550087810@49801250] INFO  util.JvmPauseMonitor (JvmPauseMonitor.java:run(109)) - JvmPauseMonitor-om1: Stopped
2021-08-15 01:17:56,247 [Listener at 127.0.0.1/41191] INFO  ratis.OzoneManagerDoubleBuffer (OzoneManagerDoubleBuffer.java:stop(437)) - Stopping OMDoubleBuffer flush thread
2021-08-15 01:17:56,270 [OMDoubleBufferFlushThread] INFO  ratis.OzoneManagerDoubleBuffer (OzoneManagerDoubleBuffer.java:flushTransactions(356)) - OMDoubleBuffer flush thread OMDoubleBufferFlushThread is interrupted and will exit. OMDoubleBufferFlushThread
2021-08-15 01:17:56,271 [Listener at 127.0.0.1/41191] INFO  utils.BackgroundService (BackgroundService.java:shutdown(132)) - Shutting down service KeyDeletingService
2021-08-15 01:17:56,296 [Listener at 127.0.0.1/41191] INFO  handler.ContextHandler (ContextHandler.java:doStop(1153)) - Stopped o.e.j.w.WebAppContext@572d3a22{ozoneManager,/,null,STOPPED}{file:/home/runner/work/ozone/ozone/hadoop-ozone/integration-test/target/test-classes/webapps/ozoneManager}
2021-08-15 01:17:56,297 [Listener at 127.0.0.1/41191] INFO  server.AbstractConnector (AbstractConnector.java:doStop(381)) - Stopped ServerConnector@49b9fe44{HTTP/1.1, (http/1.1)}{0.0.0.0:0}
2021-08-15 01:17:56,297 [Listener at 127.0.0.1/41191] INFO  server.session (HouseKeeper.java:stopScavenging(149)) - node0 Stopped scavenging
2021-08-15 01:17:56,298 [Listener at 127.0.0.1/41191] INFO  handler.ContextHandler (ContextHandler.java:doStop(1153)) - Stopped o.e.j.s.ServletContextHandler@427bb786{static,/static,file:///home/runner/work/ozone/ozone/hadoop-ozone/integration-test/target/test-classes/webapps/static,STOPPED}
2021-08-15 01:17:56,298 [Listener at 127.0.0.1/41191] INFO  handler.ContextHandler (ContextHandler.java:doStop(1153)) - Stopped o.e.j.s.ServletContextHandler@57dd9785{logs,/logs,file:///home/runner/work/ozone/ozone/hadoop-ozone/integration-test/target/log,STOPPED}
2021-08-15 01:17:56,352 [Listener at 127.0.0.1/41191] INFO  ozone.MiniOzoneClusterImpl (MiniOzoneClusterImpl.java:stopDatanodes(527)) - Stopping the HddsDatanodes
2021-08-15 01:17:56,612 [Datanode State Machine Thread - 0] INFO  statemachine.DatanodeStateMachine (DatanodeStateMachine.java:lambda$startDaemon$0(457)) - Ozone container server started.
2021-08-15 01:17:57,038 [Command processor thread] INFO  server.RaftServer (RaftServerProxy.java:remove(106)) - de46658e-6de7-45a1-81e4-0d2091b7d264: remove    LEADER de46658e-6de7-45a1-81e4-0d2091b7d264@group-D845931F6563:t2, leader=de46658e-6de7-45a1-81e4-0d2091b7d264, voted=de46658e-6de7-45a1-81e4-0d2091b7d264, raftlog=de46658e-6de7-45a1-81e4-0d2091b7d264@group-D845931F6563-SegmentedRaftLog:OPENED:c0,f0,i0, conf=0: [65295508-def1-4def-8cfe-b2ee89df246c|rpc:10.1.0.43:38387|dataStream:|priority:0, de46658e-6de7-45a1-81e4-0d2091b7d264|rpc:10.1.0.43:36647|dataStream:|priority:1, 80fb03ba-aab4-4d6c-a114-0a36b49bfdbd|rpc:10.1.0.43:35737|dataStream:|priority:0], old=null RUNNING
2021-08-15 01:17:57,044 [Command processor thread] INFO  server.RaftServer$Division (RaftServerImpl.java:lambda$close$4(407)) - de46658e-6de7-45a1-81e4-0d2091b7d264@group-D845931F6563: shutdown
2021-08-15 01:17:57,044 [Command processor thread] INFO  util.JmxRegister (JmxRegister.java:unregister(73)) - Successfully un-registered JMX Bean with object name Ratis:service=RaftServer,group=group-D845931F6563,id=de46658e-6de7-45a1-81e4-0d2091b7d264
2021-08-15 01:17:57,044 [Command processor thread] INFO  impl.RoleInfo (RoleInfo.java:shutdownLeaderState(91)) - de46658e-6de7-45a1-81e4-0d2091b7d264: shutdown de46658e-6de7-45a1-81e4-0d2091b7d264@group-D845931F6563-LeaderStateImpl
2021-08-15 01:17:57,045 [Command processor thread] INFO  impl.PendingRequests (PendingRequests.java:sendNotLeaderResponses(282)) - de46658e-6de7-45a1-81e4-0d2091b7d264@group-D845931F6563-PendingRequests: sendNotLeaderResponses
2021-08-15 01:17:57,046 [de46658e-6de7-45a1-81e4-0d2091b7d264@group-D845931F6563->65295508-def1-4def-8cfe-b2ee89df246c-GrpcLogAppender-LogAppenderDaemon] WARN  server.GrpcLogAppender (GrpcLogAppender.java:mayWait(175)) - de46658e-6de7-45a1-81e4-0d2091b7d264@group-D845931F6563->65295508-def1-4def-8cfe-b2ee89df246c-GrpcLogAppender: Wait interrupted by java.lang.InterruptedException
2021-08-15 01:17:57,052 [de46658e-6de7-45a1-81e4-0d2091b7d264@group-D845931F6563-StateMachineUpdater] INFO  ratis.ContainerStateMachine (ContainerStateMachine.java:takeSnapshot(293)) - group-D845931F6563: Taking a snapshot at:(t:2, i:0) file /home/runner/work/ozone/ozone/hadoop-ozone/integration-test/target/test-dir/MiniOzoneClusterImpl-d2e0817b-7a27-4795-9ea2-3152af8552da/datanode-2/data/ratis/841087be-2d30-4ef2-aaba-d845931f6563/sm/snapshot.2_0
2021-08-15 01:17:57,048 [de46658e-6de7-45a1-81e4-0d2091b7d264@group-D845931F6563->80fb03ba-aab4-4d6c-a114-0a36b49bfdbd-GrpcLogAppender-LogAppenderDaemon] WARN  server.GrpcLogAppender (GrpcLogAppender.java:mayWait(175)) - de46658e-6de7-45a1-81e4-0d2091b7d264@group-D845931F6563->80fb03ba-aab4-4d6c-a114-0a36b49bfdbd-GrpcLogAppender: Wait interrupted by java.lang.InterruptedException
2021-08-15 01:17:57,048 [Command processor thread] INFO  impl.StateMachineUpdater (StateMachineUpdater.java:stopAndJoin(149)) - de46658e-6de7-45a1-81e4-0d2091b7d264@group-D845931F6563-StateMachineUpdater: set stopIndex = 0
2021-08-15 01:17:57,063 [grpc-default-executor-0] INFO  server.GrpcServerProtocolService (GrpcServerProtocolService.java:onCompleted(140)) - 65295508-def1-4def-8cfe-b2ee89df246c: Completed APPEND_ENTRIES, lastRequest: de46658e-6de7-45a1-81e4-0d2091b7d264->65295508-def1-4def-8cfe-b2ee89df246c#1-t2,previous=(t:0, i:0),leaderCommit=0,initializing? true,entries: size=1, first=(t:2, i:0), CONFIGURATIONENTRY
2021-08-15 01:17:57,064 [grpc-default-executor-2] INFO  server.GrpcServerProtocolService (GrpcServerProtocolService.java:onCompleted(140)) - 80fb03ba-aab4-4d6c-a114-0a36b49bfdbd: Completed APPEND_ENTRIES, lastRequest: de46658e-6de7-45a1-81e4-0d2091b7d264->80fb03ba-aab4-4d6c-a114-0a36b49bfdbd#1-t2,previous=(t:0, i:0),leaderCommit=0,initializing? true,entries: size=1, first=(t:2, i:0), CONFIGURATIONENTRY
2021-08-15 01:17:57,074 [Datanode State Machine Thread - 0] INFO  statemachine.DatanodeStateMachine (DatanodeStateMachine.java:lambda$startDaemon$0(457)) - Ozone container server started.
2021-08-15 01:17:57,082 [grpc-default-executor-1] INFO  server.GrpcLogAppender (GrpcLogAppender.java:onCompleted(344)) - de46658e-6de7-45a1-81e4-0d2091b7d264@group-D845931F6563->65295508-def1-4def-8cfe-b2ee89df246c-AppendLogResponseHandler: follower responses appendEntries COMPLETED
2021-08-15 01:17:57,083 [grpc-default-executor-1] INFO  leader.FollowerInfo (FollowerInfoImpl.java:lambda$new$0(46)) - de46658e-6de7-45a1-81e4-0d2091b7d264@group-D845931F6563->65295508-def1-4def-8cfe-b2ee89df246c: nextIndex: updateUnconditionally 1 -> 0
2021-08-15 01:17:57,082 [de46658e-6de7-45a1-81e4-0d2091b7d264@group-D845931F6563-StateMachineUpdater] INFO  ratis.ContainerStateMachine (ContainerStateMachine.java:takeSnapshot(304)) - group-D845931F6563: Finished taking a snapshot at:(t:2, i:0) file:/home/runner/work/ozone/ozone/hadoop-ozone/integration-test/target/test-dir/MiniOzoneClusterImpl-d2e0817b-7a27-4795-9ea2-3152af8552da/datanode-2/data/ratis/841087be-2d30-4ef2-aaba-d845931f6563/sm/snapshot.2_0 took: 14 ms
2021-08-15 01:17:57,087 [de46658e-6de7-45a1-81e4-0d2091b7d264@group-D845931F6563-StateMachineUpdater] INFO  impl.StateMachineUpdater (StateMachineUpdater.java:takeSnapshot(281)) - de46658e-6de7-45a1-81e4-0d2091b7d264@group-D845931F6563-StateMachineUpdater: Took a snapshot at index 0
2021-08-15 01:17:57,087 [de46658e-6de7-45a1-81e4-0d2091b7d264@group-D845931F6563-StateMachineUpdater] INFO  impl.StateMachineUpdater (StateMachineUpdater.java:lambda$new$0(89)) - de46658e-6de7-45a1-81e4-0d2091b7d264@group-D845931F6563-StateMachineUpdater: snapshotIndex: updateIncreasingly -1 -> 0
2021-08-15 01:17:57,087 [Command processor thread] INFO  server.RaftServer$Division (ServerState.java:close(419)) - de46658e-6de7-45a1-81e4-0d2091b7d264@group-D845931F6563: closes. applyIndex: 0
2021-08-15 01:17:57,088 [de46658e-6de7-45a1-81e4-0d2091b7d264@group-D845931F6563-SegmentedRaftLogWorker] INFO  segmented.SegmentedRaftLogWorker (SegmentedRaftLogWorker.java:run(327)) - de46658e-6de7-45a1-81e4-0d2091b7d264@group-D845931F6563-SegmentedRaftLogWorker was interrupted, exiting. There are 0 tasks remaining in the queue.
2021-08-15 01:17:57,089 [Command processor thread] INFO  segmented.SegmentedRaftLogWorker (SegmentedRaftLogWorker.java:close(237)) - de46658e-6de7-45a1-81e4-0d2091b7d264@group-D845931F6563-SegmentedRaftLogWorker close()
2021-08-15 01:17:57,090 [Command processor thread] INFO  server.RaftServer$Division (RaftServerImpl.java:groupRemove(377)) - de46658e-6de7-45a1-81e4-0d2091b7d264@group-D845931F6563: Succeed to remove RaftStorageDirectory Storage Directory /home/runner/work/ozone/ozone/hadoop-ozone/integration-test/target/test-dir/MiniOzoneClusterImpl-d2e0817b-7a27-4795-9ea2-3152af8552da/datanode-2/data/ratis/841087be-2d30-4ef2-aaba-d845931f6563
2021-08-15 01:17:57,091 [Command processor thread] INFO  commandhandler.ClosePipelineCommandHandler (ClosePipelineCommandHandler.java:handle(75)) - Close Pipeline PipelineID=841087be-2d30-4ef2-aaba-d845931f6563 command on datanode de46658e-6de7-45a1-81e4-0d2091b7d264.
2021-08-15 01:17:57,098 [grpc-default-executor-2] INFO  server.GrpcLogAppender (GrpcLogAppender.java:onCompleted(344)) - de46658e-6de7-45a1-81e4-0d2091b7d264@group-D845931F6563->80fb03ba-aab4-4d6c-a114-0a36b49bfdbd-AppendLogResponseHandler: follower responses appendEntries COMPLETED
2021-08-15 01:17:57,099 [grpc-default-executor-2] INFO  leader.FollowerInfo (FollowerInfoImpl.java:lambda$new$0(46)) - de46658e-6de7-45a1-81e4-0d2091b7d264@group-D845931F6563->80fb03ba-aab4-4d6c-a114-0a36b49bfdbd: nextIndex: updateUnconditionally 1 -> 0
2021-08-15 01:17:59,129 [65295508-def1-4def-8cfe-b2ee89df246c@group-50B81F3CF1A5-FollowerState] INFO  impl.FollowerState (FollowerState.java:run(134)) - 65295508-def1-4def-8cfe-b2ee89df246c@group-50B81F3CF1A5-FollowerState: change to CANDIDATE, lastRpcElapsedTime:5121128562ns, electionTimeout:5111ms
2021-08-15 01:17:59,129 [65295508-def1-4def-8cfe-b2ee89df246c@group-50B81F3CF1A5-FollowerState] INFO  impl.RoleInfo (RoleInfo.java:shutdownFollowerState(108)) - 65295508-def1-4def-8cfe-b2ee89df246c: shutdown 65295508-def1-4def-8cfe-b2ee89df246c@group-50B81F3CF1A5-FollowerState
2021-08-15 01:17:59,130 [65295508-def1-4def-8cfe-b2ee89df246c@group-50B81F3CF1A5-FollowerState] INFO  server.RaftServer$Division (RaftServerImpl.java:setRole(285)) - 65295508-def1-4def-8cfe-b2ee89df246c@group-50B81F3CF1A5: changes role from  FOLLOWER to CANDIDATE at term 2 for changeToCandidate
2021-08-15 01:17:59,130 [65295508-def1-4def-8cfe-b2ee89df246c@group-50B81F3CF1A5-FollowerState] INFO  server.RaftServerConfigKeys (ConfUtils.java:logGet(44)) - raft.server.leaderelection.pre-vote = false (custom)
2021-08-15 01:17:59,130 [65295508-def1-4def-8cfe-b2ee89df246c@group-50B81F3CF1A5-FollowerState] INFO  impl.RoleInfo (RoleInfo.java:updateAndGet(130)) - 65295508-def1-4def-8cfe-b2ee89df246c: start 65295508-def1-4def-8cfe-b2ee89df246c@group-50B81F3CF1A5-LeaderElection40
2021-08-15 01:17:59,193 [65295508-def1-4def-8cfe-b2ee89df246c@group-50B81F3CF1A5-LeaderElection40] INFO  impl.LeaderElection (LeaderElection.java:askForVotes(306)) - 65295508-def1-4def-8cfe-b2ee89df246c@group-50B81F3CF1A5-LeaderElection40 ELECTION round 0: submit vote requests at term 3 for -1: [65295508-def1-4def-8cfe-b2ee89df246c|rpc:10.1.0.43:38387|dataStream:|priority:1, de46658e-6de7-45a1-81e4-0d2091b7d264|rpc:10.1.0.43:36647|dataStream:|priority:0, 80fb03ba-aab4-4d6c-a114-0a36b49bfdbd|rpc:10.1.0.43:35737|dataStream:|priority:0], old=null
2021-08-15 01:17:59,205 [80fb03ba-aab4-4d6c-a114-0a36b49bfdbd@group-50B81F3CF1A5-FollowerState] INFO  impl.FollowerState (FollowerState.java:run(134)) - 80fb03ba-aab4-4d6c-a114-0a36b49bfdbd@group-50B81F3CF1A5-FollowerState: change to CANDIDATE, lastRpcElapsedTime:5130114164ns, electionTimeout:5086ms
2021-08-15 01:17:59,205 [80fb03ba-aab4-4d6c-a114-0a36b49bfdbd@group-50B81F3CF1A5-FollowerState] INFO  impl.RoleInfo (RoleInfo.java:shutdownFollowerState(108)) - 80fb03ba-aab4-4d6c-a114-0a36b49bfdbd: shutdown 80fb03ba-aab4-4d6c-a114-0a36b49bfdbd@group-50B81F3CF1A5-FollowerState
2021-08-15 01:17:59,216 [80fb03ba-aab4-4d6c-a114-0a36b49bfdbd@group-50B81F3CF1A5-FollowerState] INFO  server.RaftServer$Division (RaftServerImpl.java:setRole(285)) - 80fb03ba-aab4-4d6c-a114-0a36b49bfdbd@group-50B81F3CF1A5: changes role from  FOLLOWER to CANDIDATE at term 2 for changeToCandidate
2021-08-15 01:17:59,216 [80fb03ba-aab4-4d6c-a114-0a36b49bfdbd@group-50B81F3CF1A5-FollowerState] INFO  server.RaftServerConfigKeys (ConfUtils.java:logGet(44)) - raft.server.leaderelection.pre-vote = false (custom)
2021-08-15 01:17:59,216 [80fb03ba-aab4-4d6c-a114-0a36b49bfdbd@group-50B81F3CF1A5-FollowerState] INFO  impl.RoleInfo (RoleInfo.java:updateAndGet(130)) - 80fb03ba-aab4-4d6c-a114-0a36b49bfdbd: start 80fb03ba-aab4-4d6c-a114-0a36b49bfdbd@group-50B81F3CF1A5-LeaderElection41
2021-08-15 01:17:59,247 [grpc-default-executor-1] INFO  server.RaftServer$Division (RaftServerImpl.java:requestVote(1043)) - de46658e-6de7-45a1-81e4-0d2091b7d264@group-50B81F3CF1A5: receive requestVote(ELECTION, 65295508-def1-4def-8cfe-b2ee89df246c, group-50B81F3CF1A5, 3, (t:0, i:0))
2021-08-15 01:17:59,252 [grpc-default-executor-1] INFO  impl.VoteContext (VoteContext.java:log(48)) - de46658e-6de7-45a1-81e4-0d2091b7d264@group-50B81F3CF1A5-FOLLOWER: accept ELECTION from 65295508-def1-4def-8cfe-b2ee89df246c: our priority 0 <= candidate's priority 1
2021-08-15 01:17:59,252 [grpc-default-executor-1] INFO  server.RaftServer$Division (RaftServerImpl.java:setRole(285)) - de46658e-6de7-45a1-81e4-0d2091b7d264@group-50B81F3CF1A5: changes role from  FOLLOWER to FOLLOWER at term 3 for candidate:65295508-def1-4def-8cfe-b2ee89df246c
2021-08-15 01:17:59,252 [grpc-default-executor-1] INFO  impl.RoleInfo (RoleInfo.java:shutdownFollowerState(108)) - de46658e-6de7-45a1-81e4-0d2091b7d264: shutdown de46658e-6de7-45a1-81e4-0d2091b7d264@group-50B81F3CF1A5-FollowerState
2021-08-15 01:17:59,252 [grpc-default-executor-1] INFO  impl.RoleInfo (RoleInfo.java:updateAndGet(130)) - de46658e-6de7-45a1-81e4-0d2091b7d264: start de46658e-6de7-45a1-81e4-0d2091b7d264@group-50B81F3CF1A5-FollowerState
2021-08-15 01:17:59,272 [grpc-default-executor-1] INFO  server.RaftServer$Division (RaftServerImpl.java:requestVote(1075)) - de46658e-6de7-45a1-81e4-0d2091b7d264@group-50B81F3CF1A5 replies to ELECTION vote request: 65295508-def1-4def-8cfe-b2ee89df246c<-de46658e-6de7-45a1-81e4-0d2091b7d264#0:OK-t3. Peer's state: de46658e-6de7-45a1-81e4-0d2091b7d264@group-50B81F3CF1A5:t3, leader=null, voted=65295508-def1-4def-8cfe-b2ee89df246c, raftlog=de46658e-6de7-45a1-81e4-0d2091b7d264@group-50B81F3CF1A5-SegmentedRaftLog:OPENED:c-1,f-1,i0, conf=-1: [65295508-def1-4def-8cfe-b2ee89df246c|rpc:10.1.0.43:38387|dataStream:|priority:1, de46658e-6de7-45a1-81e4-0d2091b7d264|rpc:10.1.0.43:36647|dataStream:|priority:0, 80fb03ba-aab4-4d6c-a114-0a36b49bfdbd|rpc:10.1.0.43:35737|dataStream:|priority:0], old=null
2021-08-15 01:17:59,284 [65295508-def1-4def-8cfe-b2ee89df246c@group-50B81F3CF1A5-LeaderElection40] INFO  impl.LeaderElection (LeaderElection.java:logAndReturn(89)) - 65295508-def1-4def-8cfe-b2ee89df246c@group-50B81F3CF1A5-LeaderElection40: ELECTION PASSED received 1 response(s) and 0 exception(s):
2021-08-15 01:17:59,284 [de46658e-6de7-45a1-81e4-0d2091b7d264@group-50B81F3CF1A5-FollowerState] INFO  impl.FollowerState (FollowerState.java:run(143)) - de46658e-6de7-45a1-81e4-0d2091b7d264@group-50B81F3CF1A5-FollowerState was interrupted: {}
java.lang.InterruptedException: sleep interrupted
	at java.lang.Thread.sleep(Native Method)
	at java.lang.Thread.sleep(Thread.java:340)
	at java.util.concurrent.TimeUnit.sleep(TimeUnit.java:386)
	at org.apache.ratis.util.TimeDuration.sleep(TimeDuration.java:324)
	at org.apache.ratis.util.TimeDuration.sleep(TimeDuration.java:309)
	at org.apache.ratis.server.impl.FollowerState.run(FollowerState.java:118)
2021-08-15 01:17:59,284 [65295508-def1-4def-8cfe-b2ee89df246c@group-50B81F3CF1A5-LeaderElection40] INFO  impl.LeaderElection (LeaderElection.java:logAndReturn(93)) -   Response 0: 65295508-def1-4def-8cfe-b2ee89df246c<-de46658e-6de7-45a1-81e4-0d2091b7d264#0:OK-t3
2021-08-15 01:17:59,287 [65295508-def1-4def-8cfe-b2ee89df246c@group-50B81F3CF1A5-LeaderElection40] INFO  impl.LeaderElection (LeaderElection.java:askForVotes(308)) - 65295508-def1-4def-8cfe-b2ee89df246c@group-50B81F3CF1A5-LeaderElection40 ELECTION round 0: result PASSED
2021-08-15 01:17:59,287 [65295508-def1-4def-8cfe-b2ee89df246c@group-50B81F3CF1A5-LeaderElection40] INFO  impl.RoleInfo (RoleInfo.java:shutdownLeaderElection(121)) - 65295508-def1-4def-8cfe-b2ee89df246c: shutdown 65295508-def1-4def-8cfe-b2ee89df246c@group-50B81F3CF1A5-LeaderElection40
2021-08-15 01:17:59,287 [65295508-def1-4def-8cfe-b2ee89df246c@group-50B81F3CF1A5-LeaderElection40] INFO  server.RaftServer$Division (RaftServerImpl.java:setRole(285)) - 65295508-def1-4def-8cfe-b2ee89df246c@group-50B81F3CF1A5: changes role from CANDIDATE to LEADER at term 3 for changeToLeader
2021-08-15 01:17:59,287 [65295508-def1-4def-8cfe-b2ee89df246c@group-50B81F3CF1A5-LeaderElection40] INFO  ratis.XceiverServerRatis (XceiverServerRatis.java:handleLeaderChangedNotification(861)) - Leader change notification received for group: group-50B81F3CF1A5 with new leaderId: 65295508-def1-4def-8cfe-b2ee89df246c
2021-08-15 01:17:59,288 [65295508-def1-4def-8cfe-b2ee89df246c@group-50B81F3CF1A5-LeaderElection40] INFO  server.RaftServer$Division (ServerState.java:setLeader(285)) - 65295508-def1-4def-8cfe-b2ee89df246c@group-50B81F3CF1A5: change Leader from null to 65295508-def1-4def-8cfe-b2ee89df246c at term 3 for becomeLeader, leader elected after 15500ms
2021-08-15 01:17:59,288 [65295508-def1-4def-8cfe-b2ee89df246c@group-50B81F3CF1A5-LeaderElection40] INFO  server.RaftServerConfigKeys (ConfUtils.java:logGet(44)) - raft.server.staging.catchup.gap = 1000 (default)
2021-08-15 01:17:59,290 [65295508-def1-4def-8cfe-b2ee89df246c@group-50B81F3CF1A5-LeaderElection40] INFO  server.RaftServerConfigKeys (ConfUtils.java:logGet(44)) - raft.server.write.element-limit = 1024 (custom)
2021-08-15 01:17:59,290 [80fb03ba-aab4-4d6c-a114-0a36b49bfdbd@group-50B81F3CF1A5-LeaderElection41] INFO  impl.LeaderElection (LeaderElection.java:askForVotes(306)) - 80fb03ba-aab4-4d6c-a114-0a36b49bfdbd@group-50B81F3CF1A5-LeaderElection41 ELECTION round 0: submit vote requests at term 3 for -1: [65295508-def1-4def-8cfe-b2ee89df246c|rpc:10.1.0.43:38387|priority:1, de46658e-6de7-45a1-81e4-0d2091b7d264|rpc:10.1.0.43:36647|priority:0, 80fb03ba-aab4-4d6c-a114-0a36b49bfdbd|rpc:10.1.0.43:35737|priority:0], old=null
2021-08-15 01:17:59,291 [65295508-def1-4def-8cfe-b2ee89df246c@group-50B81F3CF1A5-LeaderElection40] INFO  server.RaftServerConfigKeys (ConfUtils.java:logGet(44)) - raft.server.write.byte-limit = 1024 M (=1073741824) (custom)
2021-08-15 01:17:59,292 [65295508-def1-4def-8cfe-b2ee89df246c@group-50B81F3CF1A5-LeaderElection40] INFO  server.RaftServerConfigKeys (ConfUtils.java:logGet(44)) - raft.server.watch.timeout = 180s (custom)
2021-08-15 01:17:59,292 [65295508-def1-4def-8cfe-b2ee89df246c@group-50B81F3CF1A5-LeaderElection40] INFO  server.RaftServerConfigKeys (ConfUtils.java:logGet(44)) - raft.server.watch.timeout.denomination = 1s (default)
2021-08-15 01:17:59,292 [65295508-def1-4def-8cfe-b2ee89df246c@group-50B81F3CF1A5-LeaderElection40] INFO  server.RaftServerConfigKeys (ConfUtils.java:logGet(44)) - raft.server.watch.element-limit = 65536 (default)
2021-08-15 01:17:59,292 [65295508-def1-4def-8cfe-b2ee89df246c@group-50B81F3CF1A5-LeaderElection40] INFO  server.RaftServerConfigKeys (ConfUtils.java:logGet(44)) - raft.server.log.appender.snapshot.chunk.size.max = 16MB (=16777216) (default)
2021-08-15 01:17:59,293 [65295508-def1-4def-8cfe-b2ee89df246c@group-50B81F3CF1A5-LeaderElection40] INFO  server.RaftServerConfigKeys (ConfUtils.java:logGet(44)) - raft.server.log.appender.buffer.byte-limit = 33554432 (custom)
2021-08-15 01:17:59,293 [65295508-def1-4def-8cfe-b2ee89df246c@group-50B81F3CF1A5-LeaderElection40] INFO  server.RaftServerConfigKeys (ConfUtils.java:logGet(44)) - raft.server.log.appender.buffer.element-limit = 1 (custom)
2021-08-15 01:17:59,336 [65295508-def1-4def-8cfe-b2ee89df246c@group-50B81F3CF1A5-LeaderElection40] INFO  grpc.GrpcConfigKeys (ConfUtils.java:logGet(44)) - raft.grpc.server.leader.outstanding.appends.max = 128 (default)
2021-08-15 01:17:59,336 [65295508-def1-4def-8cfe-b2ee89df246c@group-50B81F3CF1A5-LeaderElection40] INFO  server.RaftServerConfigKeys (ConfUtils.java:logGet(44)) - raft.server.rpc.request.timeout = 60s (custom)
2021-08-15 01:17:59,336 [65295508-def1-4def-8cfe-b2ee89df246c@group-50B81F3CF1A5-LeaderElection40] INFO  server.RaftServerConfigKeys (ConfUtils.java:logGet(44)) - raft.server.log.appender.install.snapshot.enabled = false (custom)
2021-08-15 01:17:59,361 [grpc-default-executor-2] INFO  server.RaftServer$Division (RaftServerImpl.java:requestVote(1043)) - 65295508-def1-4def-8cfe-b2ee89df246c@group-50B81F3CF1A5: receive requestVote(ELECTION, 80fb03ba-aab4-4d6c-a114-0a36b49bfdbd, group-50B81F3CF1A5, 3, (t:0, i:0))
2021-08-15 01:17:59,361 [grpc-default-executor-1] INFO  server.RaftServer$Division (RaftServerImpl.java:requestVote(1043)) - 80fb03ba-aab4-4d6c-a114-0a36b49bfdbd@group-50B81F3CF1A5: receive requestVote(ELECTION, 65295508-def1-4def-8cfe-b2ee89df246c, group-50B81F3CF1A5, 3, (t:0, i:0))
2021-08-15 01:17:59,361 [grpc-default-executor-1] INFO  impl.VoteContext (VoteContext.java:log(48)) - 80fb03ba-aab4-4d6c-a114-0a36b49bfdbd@group-50B81F3CF1A5-CANDIDATE: reject ELECTION from 65295508-def1-4def-8cfe-b2ee89df246c: already has voted for 80fb03ba-aab4-4d6c-a114-0a36b49bfdbd at current term 3
2021-08-15 01:17:59,362 [grpc-default-executor-1] INFO  server.RaftServer$Division (RaftServerImpl.java:requestVote(1075)) - 80fb03ba-aab4-4d6c-a114-0a36b49bfdbd@group-50B81F3CF1A5 replies to ELECTION vote request: 65295508-def1-4def-8cfe-b2ee89df246c<-80fb03ba-aab4-4d6c-a114-0a36b49bfdbd#0:FAIL-t3. Peer's state: 80fb03ba-aab4-4d6c-a114-0a36b49bfdbd@group-50B81F3CF1A5:t3, leader=null, voted=80fb03ba-aab4-4d6c-a114-0a36b49bfdbd, raftlog=80fb03ba-aab4-4d6c-a114-0a36b49bfdbd@group-50B81F3CF1A5-SegmentedRaftLog:OPENED:c-1,f-1,i0, conf=-1: [65295508-def1-4def-8cfe-b2ee89df246c|rpc:10.1.0.43:38387|priority:1, de46658e-6de7-45a1-81e4-0d2091b7d264|rpc:10.1.0.43:36647|priority:0, 80fb03ba-aab4-4d6c-a114-0a36b49bfdbd|rpc:10.1.0.43:35737|priority:0], old=null
2021-08-15 01:17:59,363 [grpc-default-executor-0] INFO  server.RaftServer$Division (RaftServerImpl.java:requestVote(1043)) - de46658e-6de7-45a1-81e4-0d2091b7d264@group-50B81F3CF1A5: receive requestVote(ELECTION, 80fb03ba-aab4-4d6c-a114-0a36b49bfdbd, group-50B81F3CF1A5, 3, (t:0, i:0))
2021-08-15 01:17:59,363 [grpc-default-executor-0] INFO  impl.VoteContext (VoteContext.java:log(48)) - de46658e-6de7-45a1-81e4-0d2091b7d264@group-50B81F3CF1A5-FOLLOWER: reject ELECTION from 80fb03ba-aab4-4d6c-a114-0a36b49bfdbd: already has voted for 65295508-def1-4def-8cfe-b2ee89df246c at current term 3
2021-08-15 01:17:59,364 [grpc-default-executor-0] INFO  server.RaftServer$Division (RaftServerImpl.java:requestVote(1075)) - de46658e-6de7-45a1-81e4-0d2091b7d264@group-50B81F3CF1A5 replies to ELECTION vote request: 80fb03ba-aab4-4d6c-a114-0a36b49bfdbd<-de46658e-6de7-45a1-81e4-0d2091b7d264#0:FAIL-t3. Peer's state: de46658e-6de7-45a1-81e4-0d2091b7d264@group-50B81F3CF1A5:t3, leader=null, voted=65295508-def1-4def-8cfe-b2ee89df246c, raftlog=de46658e-6de7-45a1-81e4-0d2091b7d264@group-50B81F3CF1A5-SegmentedRaftLog:OPENED:c-1,f-1,i0, conf=-1: [65295508-def1-4def-8cfe-b2ee89df246c|rpc:10.1.0.43:38387|dataStream:|priority:1, de46658e-6de7-45a1-81e4-0d2091b7d264|rpc:10.1.0.43:36647|dataStream:|priority:0, 80fb03ba-aab4-4d6c-a114-0a36b49bfdbd|rpc:10.1.0.43:35737|dataStream:|priority:0], old=null
2021-08-15 01:17:59,385 [65295508-def1-4def-8cfe-b2ee89df246c@group-50B81F3CF1A5-LeaderElection40] INFO  server.RaftServerConfigKeys (ConfUtils.java:logGet(44)) - raft.server.log.appender.snapshot.chunk.size.max = 16MB (=16777216) (default)
2021-08-15 01:17:59,390 [65295508-def1-4def-8cfe-b2ee89df246c@group-50B81F3CF1A5-LeaderElection40] INFO  server.RaftServerConfigKeys (ConfUtils.java:logGet(44)) - raft.server.log.appender.buffer.byte-limit = 33554432 (custom)
2021-08-15 01:17:59,390 [65295508-def1-4def-8cfe-b2ee89df246c@group-50B81F3CF1A5-LeaderElection40] INFO  server.RaftServerConfigKeys (ConfUtils.java:logGet(44)) - raft.server.log.appender.buffer.element-limit = 1 (custom)
2021-08-15 01:17:59,391 [65295508-def1-4def-8cfe-b2ee89df246c@group-50B81F3CF1A5-LeaderElection40] INFO  grpc.GrpcConfigKeys (ConfUtils.java:logGet(44)) - raft.grpc.server.leader.outstanding.appends.max = 128 (default)
2021-08-15 01:17:59,391 [65295508-def1-4def-8cfe-b2ee89df246c@group-50B81F3CF1A5-LeaderElection40] INFO  server.RaftServerConfigKeys (ConfUtils.java:logGet(44)) - raft.server.rpc.request.timeout = 60s (custom)
2021-08-15 01:17:59,391 [65295508-def1-4def-8cfe-b2ee89df246c@group-50B81F3CF1A5-LeaderElection40] INFO  server.RaftServerConfigKeys (ConfUtils.java:logGet(44)) - raft.server.log.appender.install.snapshot.enabled = false (custom)
2021-08-15 01:17:59,397 [65295508-def1-4def-8cfe-b2ee89df246c@group-50B81F3CF1A5-LeaderElection40] INFO  impl.RoleInfo (RoleInfo.java:updateAndGet(130)) - 65295508-def1-4def-8cfe-b2ee89df246c: start 65295508-def1-4def-8cfe-b2ee89df246c@group-50B81F3CF1A5-LeaderStateImpl
2021-08-15 01:17:59,398 [65295508-def1-4def-8cfe-b2ee89df246c@group-50B81F3CF1A5-LeaderElection40] INFO  segmented.SegmentedRaftLogWorker (SegmentedRaftLogWorker.java:startLogSegment(394)) - 65295508-def1-4def-8cfe-b2ee89df246c@group-50B81F3CF1A5-SegmentedRaftLogWorker: Starting segment from index:0
2021-08-15 01:17:59,405 [65295508-def1-4def-8cfe-b2ee89df246c@group-50B81F3CF1A5-SegmentedRaftLogWorker] INFO  segmented.SegmentedRaftLogWorker (SegmentedRaftLogWorker.java:execute(601)) - 65295508-def1-4def-8cfe-b2ee89df246c@group-50B81F3CF1A5-SegmentedRaftLogWorker: created new log segment /home/runner/work/ozone/ozone/hadoop-ozone/integration-test/target/test-dir/MiniOzoneClusterImpl-d2e0817b-7a27-4795-9ea2-3152af8552da/datanode-1/data/ratis/1b686b0a-7480-43f8-9750-50b81f3cf1a5/current/log_inprogress_0
2021-08-15 01:17:59,432 [65295508-def1-4def-8cfe-b2ee89df246c@group-50B81F3CF1A5-LeaderElection40] INFO  server.RaftServer$Division (ServerState.java:setRaftConf(387)) - 65295508-def1-4def-8cfe-b2ee89df246c@group-50B81F3CF1A5: set configuration 0: [65295508-def1-4def-8cfe-b2ee89df246c|rpc:10.1.0.43:38387|dataStream:|priority:1, de46658e-6de7-45a1-81e4-0d2091b7d264|rpc:10.1.0.43:36647|dataStream:|priority:0, 80fb03ba-aab4-4d6c-a114-0a36b49bfdbd|rpc:10.1.0.43:35737|dataStream:|priority:0], old=null
2021-08-15 01:17:59,420 [grpc-default-executor-1] INFO  ratis.XceiverServerRatis (XceiverServerRatis.java:handleLeaderChangedNotification(861)) - Leader change notification received for group: group-50B81F3CF1A5 with new leaderId: 65295508-def1-4def-8cfe-b2ee89df246c
2021-08-15 01:17:59,432 [grpc-default-executor-1] INFO  server.RaftServer$Division (ServerState.java:setLeader(285)) - de46658e-6de7-45a1-81e4-0d2091b7d264@group-50B81F3CF1A5: change Leader from null to 65295508-def1-4def-8cfe-b2ee89df246c at term 3 for appendEntries, leader elected after 15583ms
2021-08-15 01:17:59,432 [grpc-default-executor-2] INFO  impl.VoteContext (VoteContext.java:log(48)) - 65295508-def1-4def-8cfe-b2ee89df246c@group-50B81F3CF1A5-LEADER: reject ELECTION from 80fb03ba-aab4-4d6c-a114-0a36b49bfdbd: already has voted for 65295508-def1-4def-8cfe-b2ee89df246c at current term 3
2021-08-15 01:17:59,434 [grpc-default-executor-2] INFO  server.RaftServer$Division (RaftServerImpl.java:requestVote(1075)) - 65295508-def1-4def-8cfe-b2ee89df246c@group-50B81F3CF1A5 replies to ELECTION vote request: 80fb03ba-aab4-4d6c-a114-0a36b49bfdbd<-65295508-def1-4def-8cfe-b2ee89df246c#0:FAIL-t3. Peer's state: 65295508-def1-4def-8cfe-b2ee89df246c@group-50B81F3CF1A5:t3, leader=65295508-def1-4def-8cfe-b2ee89df246c, voted=65295508-def1-4def-8cfe-b2ee89df246c, raftlog=65295508-def1-4def-8cfe-b2ee89df246c@group-50B81F3CF1A5-SegmentedRaftLog:OPENED:c-1,f0,i0, conf=0: [65295508-def1-4def-8cfe-b2ee89df246c|rpc:10.1.0.43:38387|dataStream:|priority:1, de46658e-6de7-45a1-81e4-0d2091b7d264|rpc:10.1.0.43:36647|dataStream:|priority:0, 80fb03ba-aab4-4d6c-a114-0a36b49bfdbd|rpc:10.1.0.43:35737|dataStream:|priority:0], old=null
2021-08-15 01:17:59,438 [80fb03ba-aab4-4d6c-a114-0a36b49bfdbd@group-50B81F3CF1A5-LeaderElection41] INFO  impl.LeaderElection (LeaderElection.java:logAndReturn(89)) - 80fb03ba-aab4-4d6c-a114-0a36b49bfdbd@group-50B81F3CF1A5-LeaderElection41: ELECTION REJECTED received 2 response(s) and 0 exception(s):
2021-08-15 01:17:59,439 [80fb03ba-aab4-4d6c-a114-0a36b49bfdbd@group-50B81F3CF1A5-LeaderElection41] INFO  impl.LeaderElection (LeaderElection.java:logAndReturn(93)) -   Response 0: 80fb03ba-aab4-4d6c-a114-0a36b49bfdbd<-65295508-def1-4def-8cfe-b2ee89df246c#0:FAIL-t3
2021-08-15 01:17:59,439 [80fb03ba-aab4-4d6c-a114-0a36b49bfdbd@group-50B81F3CF1A5-LeaderElection41] INFO  impl.LeaderElection (LeaderElection.java:logAndReturn(93)) -   Response 1: 80fb03ba-aab4-4d6c-a114-0a36b49bfdbd<-de46658e-6de7-45a1-81e4-0d2091b7d264#0:FAIL-t3
2021-08-15 01:17:59,439 [80fb03ba-aab4-4d6c-a114-0a36b49bfdbd@group-50B81F3CF1A5-LeaderElection41] INFO  impl.LeaderElection (LeaderElection.java:askForVotes(308)) - 80fb03ba-aab4-4d6c-a114-0a36b49bfdbd@group-50B81F3CF1A5-LeaderElection41 ELECTION round 0: result REJECTED
2021-08-15 01:17:59,439 [80fb03ba-aab4-4d6c-a114-0a36b49bfdbd@group-50B81F3CF1A5-LeaderElection41] INFO  server.RaftServer$Division (RaftServerImpl.java:setRole(285)) - 80fb03ba-aab4-4d6c-a114-0a36b49bfdbd@group-50B81F3CF1A5: changes role from CANDIDATE to FOLLOWER at term 3 for REJECTED
2021-08-15 01:17:59,439 [80fb03ba-aab4-4d6c-a114-0a36b49bfdbd@group-50B81F3CF1A5-LeaderElection41] INFO  impl.RoleInfo (RoleInfo.java:shutdownLeaderElection(121)) - 80fb03ba-aab4-4d6c-a114-0a36b49bfdbd: shutdown 80fb03ba-aab4-4d6c-a114-0a36b49bfdbd@group-50B81F3CF1A5-LeaderElection41
2021-08-15 01:17:59,439 [80fb03ba-aab4-4d6c-a114-0a36b49bfdbd@group-50B81F3CF1A5-LeaderElection41] INFO  impl.RoleInfo (RoleInfo.java:updateAndGet(130)) - 80fb03ba-aab4-4d6c-a114-0a36b49bfdbd: start 80fb03ba-aab4-4d6c-a114-0a36b49bfdbd@group-50B81F3CF1A5-FollowerState
2021-08-15 01:17:59,456 [grpc-default-executor-1] INFO  server.RaftServer$Division (ServerState.java:setRaftConf(387)) - de46658e-6de7-45a1-81e4-0d2091b7d264@group-50B81F3CF1A5: set configuration 0: [65295508-def1-4def-8cfe-b2ee89df246c|rpc:10.1.0.43:38387|dataStream:|priority:1, de46658e-6de7-45a1-81e4-0d2091b7d264|rpc:10.1.0.43:36647|dataStream:|priority:0, 80fb03ba-aab4-4d6c-a114-0a36b49bfdbd|rpc:10.1.0.43:35737|dataStream:|priority:0], old=null
2021-08-15 01:17:59,457 [grpc-default-executor-1] INFO  segmented.SegmentedRaftLogWorker (SegmentedRaftLogWorker.java:startLogSegment(394)) - de46658e-6de7-45a1-81e4-0d2091b7d264@group-50B81F3CF1A5-SegmentedRaftLogWorker: Starting segment from index:0
2021-08-15 01:17:59,461 [grpc-default-executor-2] INFO  ratis.XceiverServerRatis (XceiverServerRatis.java:handleLeaderChangedNotification(861)) - Leader change notification received for group: group-50B81F3CF1A5 with new leaderId: 65295508-def1-4def-8cfe-b2ee89df246c
2021-08-15 01:17:59,461 [grpc-default-executor-2] INFO  server.RaftServer$Division (ServerState.java:setLeader(285)) - 80fb03ba-aab4-4d6c-a114-0a36b49bfdbd@group-50B81F3CF1A5: change Leader from null to 65295508-def1-4def-8cfe-b2ee89df246c at term 3 for appendEntries, leader elected after 15714ms
2021-08-15 01:17:59,463 [de46658e-6de7-45a1-81e4-0d2091b7d264@group-50B81F3CF1A5-SegmentedRaftLogWorker] INFO  segmented.SegmentedRaftLogWorker (SegmentedRaftLogWorker.java:execute(601)) - de46658e-6de7-45a1-81e4-0d2091b7d264@group-50B81F3CF1A5-SegmentedRaftLogWorker: created new log segment /home/runner/work/ozone/ozone/hadoop-ozone/integration-test/target/test-dir/MiniOzoneClusterImpl-d2e0817b-7a27-4795-9ea2-3152af8552da/datanode-2/data/ratis/1b686b0a-7480-43f8-9750-50b81f3cf1a5/current/log_inprogress_0
2021-08-15 01:17:59,478 [grpc-default-executor-2] INFO  server.RaftServer$Division (ServerState.java:setRaftConf(387)) - 80fb03ba-aab4-4d6c-a114-0a36b49bfdbd@group-50B81F3CF1A5: set configuration 0: [65295508-def1-4def-8cfe-b2ee89df246c|rpc:10.1.0.43:38387|dataStream:|priority:1, de46658e-6de7-45a1-81e4-0d2091b7d264|rpc:10.1.0.43:36647|dataStream:|priority:0, 80fb03ba-aab4-4d6c-a114-0a36b49bfdbd|rpc:10.1.0.43:35737|dataStream:|priority:0], old=null
2021-08-15 01:17:59,480 [grpc-default-executor-2] INFO  segmented.SegmentedRaftLogWorker (SegmentedRaftLogWorker.java:startLogSegment(394)) - 80fb03ba-aab4-4d6c-a114-0a36b49bfdbd@group-50B81F3CF1A5-SegmentedRaftLogWorker: Starting segment from index:0
2021-08-15 01:17:59,484 [80fb03ba-aab4-4d6c-a114-0a36b49bfdbd@group-50B81F3CF1A5-SegmentedRaftLogWorker] INFO  segmented.SegmentedRaftLogWorker (SegmentedRaftLogWorker.java:execute(601)) - 80fb03ba-aab4-4d6c-a114-0a36b49bfdbd@group-50B81F3CF1A5-SegmentedRaftLogWorker: created new log segment /home/runner/work/ozone/ozone/hadoop-ozone/integration-test/target/test-dir/MiniOzoneClusterImpl-d2e0817b-7a27-4795-9ea2-3152af8552da/datanode-0/data/ratis/1b686b0a-7480-43f8-9750-50b81f3cf1a5/current/log_inprogress_0
2021-08-15 01:18:01,367 [Listener at 127.0.0.1/41191] INFO  ozoneimpl.OzoneContainer (OzoneContainer.java:stop(326)) - Attempting to stop container services.
2021-08-15 01:18:01,371 [Listener at 127.0.0.1/41191] INFO  server.RaftServer (RaftServerProxy.java:lambda$close$6(391)) - 65295508-def1-4def-8cfe-b2ee89df246c: close
2021-08-15 01:18:01,371 [Listener at 127.0.0.1/41191] INFO  server.RaftServer$Division (RaftServerImpl.java:lambda$close$4(407)) - 65295508-def1-4def-8cfe-b2ee89df246c@group-DB2258A51505: shutdown
2021-08-15 01:18:01,371 [Listener at 127.0.0.1/41191] INFO  util.JmxRegister (JmxRegister.java:unregister(73)) - Successfully un-registered JMX Bean with object name Ratis:service=RaftServer,group=group-DB2258A51505,id=65295508-def1-4def-8cfe-b2ee89df246c
2021-08-15 01:18:01,371 [Listener at 127.0.0.1/41191] INFO  impl.RoleInfo (RoleInfo.java:shutdownLeaderState(91)) - 65295508-def1-4def-8cfe-b2ee89df246c: shutdown 65295508-def1-4def-8cfe-b2ee89df246c@group-DB2258A51505-LeaderStateImpl
2021-08-15 01:18:01,371 [Listener at 127.0.0.1/41191] INFO  impl.PendingRequests (PendingRequests.java:sendNotLeaderResponses(282)) - 65295508-def1-4def-8cfe-b2ee89df246c@group-DB2258A51505-PendingRequests: sendNotLeaderResponses
2021-08-15 01:18:01,373 [65295508-def1-4def-8cfe-b2ee89df246c@group-DB2258A51505-StateMachineUpdater] INFO  ratis.ContainerStateMachine (ContainerStateMachine.java:takeSnapshot(293)) - group-DB2258A51505: Taking a snapshot at:(t:1, i:0) file /home/runner/work/ozone/ozone/hadoop-ozone/integration-test/target/test-dir/MiniOzoneClusterImpl-d2e0817b-7a27-4795-9ea2-3152af8552da/datanode-1/data/ratis/65e8fb37-1c9f-4915-b111-db2258a51505/sm/snapshot.1_0
2021-08-15 01:18:01,373 [Listener at 127.0.0.1/41191] INFO  impl.StateMachineUpdater (StateMachineUpdater.java:stopAndJoin(149)) - 65295508-def1-4def-8cfe-b2ee89df246c@group-DB2258A51505-StateMachineUpdater: set stopIndex = 0
2021-08-15 01:18:01,376 [65295508-def1-4def-8cfe-b2ee89df246c@group-DB2258A51505-StateMachineUpdater] INFO  ratis.ContainerStateMachine (ContainerStateMachine.java:takeSnapshot(304)) - group-DB2258A51505: Finished taking a snapshot at:(t:1, i:0) file:/home/runner/work/ozone/ozone/hadoop-ozone/integration-test/target/test-dir/MiniOzoneClusterImpl-d2e0817b-7a27-4795-9ea2-3152af8552da/datanode-1/data/ratis/65e8fb37-1c9f-4915-b111-db2258a51505/sm/snapshot.1_0 took: 3 ms
2021-08-15 01:18:01,376 [65295508-def1-4def-8cfe-b2ee89df246c@group-DB2258A51505-StateMachineUpdater] INFO  impl.StateMachineUpdater (StateMachineUpdater.java:takeSnapshot(281)) - 65295508-def1-4def-8cfe-b2ee89df246c@group-DB2258A51505-StateMachineUpdater: Took a snapshot at index 0
2021-08-15 01:18:01,377 [65295508-def1-4def-8cfe-b2ee89df246c@group-DB2258A51505-StateMachineUpdater] INFO  impl.StateMachineUpdater (StateMachineUpdater.java:lambda$new$0(89)) - 65295508-def1-4def-8cfe-b2ee89df246c@group-DB2258A51505-StateMachineUpdater: snapshotIndex: updateIncreasingly -1 -> 0
2021-08-15 01:18:01,377 [Listener at 127.0.0.1/41191] INFO  server.RaftServer$Division (ServerState.java:close(419)) - 65295508-def1-4def-8cfe-b2ee89df246c@group-DB2258A51505: closes. applyIndex: 0
2021-08-15 01:18:01,377 [65295508-def1-4def-8cfe-b2ee89df246c@group-DB2258A51505-SegmentedRaftLogWorker] INFO  segmented.SegmentedRaftLogWorker (SegmentedRaftLogWorker.java:run(327)) - 65295508-def1-4def-8cfe-b2ee89df246c@group-DB2258A51505-SegmentedRaftLogWorker was interrupted, exiting. There are 0 tasks remaining in the queue.
2021-08-15 01:18:01,379 [Listener at 127.0.0.1/41191] INFO  segmented.SegmentedRaftLogWorker (SegmentedRaftLogWorker.java:close(237)) - 65295508-def1-4def-8cfe-b2ee89df246c@group-DB2258A51505-SegmentedRaftLogWorker close()
2021-08-15 01:18:01,380 [Listener at 127.0.0.1/41191] INFO  server.RaftServer$Division (RaftServerImpl.java:lambda$close$4(407)) - 65295508-def1-4def-8cfe-b2ee89df246c@group-50B81F3CF1A5: shutdown
2021-08-15 01:18:01,380 [Listener at 127.0.0.1/41191] INFO  util.JmxRegister (JmxRegister.java:unregister(73)) - Successfully un-registered JMX Bean with object name Ratis:service=RaftServer,group=group-50B81F3CF1A5,id=65295508-def1-4def-8cfe-b2ee89df246c
2021-08-15 01:18:01,380 [Listener at 127.0.0.1/41191] INFO  impl.RoleInfo (RoleInfo.java:shutdownLeaderState(91)) - 65295508-def1-4def-8cfe-b2ee89df246c: shutdown 65295508-def1-4def-8cfe-b2ee89df246c@group-50B81F3CF1A5-LeaderStateImpl
2021-08-15 01:18:01,380 [65295508-def1-4def-8cfe-b2ee89df246c@group-50B81F3CF1A5->de46658e-6de7-45a1-81e4-0d2091b7d264-GrpcLogAppender-LogAppenderDaemon] WARN  server.GrpcLogAppender (GrpcLogAppender.java:mayWait(175)) - 65295508-def1-4def-8cfe-b2ee89df246c@group-50B81F3CF1A5->de46658e-6de7-45a1-81e4-0d2091b7d264-GrpcLogAppender: Wait interrupted by java.lang.InterruptedException
2021-08-15 01:18:01,380 [Listener at 127.0.0.1/41191] INFO  impl.PendingRequests (PendingRequests.java:sendNotLeaderResponses(282)) - 65295508-def1-4def-8cfe-b2ee89df246c@group-50B81F3CF1A5-PendingRequests: sendNotLeaderResponses
2021-08-15 01:18:01,380 [65295508-def1-4def-8cfe-b2ee89df246c@group-50B81F3CF1A5->80fb03ba-aab4-4d6c-a114-0a36b49bfdbd-GrpcLogAppender-LogAppenderDaemon] WARN  server.GrpcLogAppender (GrpcLogAppender.java:mayWait(175)) - 65295508-def1-4def-8cfe-b2ee89df246c@group-50B81F3CF1A5->80fb03ba-aab4-4d6c-a114-0a36b49bfdbd-GrpcLogAppender: Wait interrupted by java.lang.InterruptedException
2021-08-15 01:18:01,381 [grpc-default-executor-1] INFO  server.GrpcServerProtocolService (GrpcServerProtocolService.java:onCompleted(140)) - de46658e-6de7-45a1-81e4-0d2091b7d264: Completed APPEND_ENTRIES, lastRequest: 65295508-def1-4def-8cfe-b2ee89df246c->de46658e-6de7-45a1-81e4-0d2091b7d264#1-t3,previous=(t:0, i:0),leaderCommit=-1,initializing? true,entries: size=1, first=(t:3, i:0), CONFIGURATIONENTRY
2021-08-15 01:18:01,399 [Listener at 127.0.0.1/41191] INFO  impl.StateMachineUpdater (StateMachineUpdater.java:stopAndJoin(149)) - 65295508-def1-4def-8cfe-b2ee89df246c@group-50B81F3CF1A5-StateMachineUpdater: set stopIndex = 0
2021-08-15 01:18:01,399 [65295508-def1-4def-8cfe-b2ee89df246c@group-50B81F3CF1A5-StateMachineUpdater] INFO  ratis.ContainerStateMachine (ContainerStateMachine.java:takeSnapshot(293)) - group-50B81F3CF1A5: Taking a snapshot at:(t:3, i:0) file /home/runner/work/ozone/ozone/hadoop-ozone/integration-test/target/test-dir/MiniOzoneClusterImpl-d2e0817b-7a27-4795-9ea2-3152af8552da/datanode-1/data/ratis/1b686b0a-7480-43f8-9750-50b81f3cf1a5/sm/snapshot.3_0
2021-08-15 01:18:01,400 [ForkJoinPool.commonPool-worker-1] INFO  ozoneimpl.OzoneContainer (OzoneContainer.java:stop(326)) - Attempting to stop container services.
2021-08-15 01:18:01,400 [grpc-default-executor-0] INFO  server.GrpcLogAppender (GrpcLogAppender.java:onCompleted(344)) - 65295508-def1-4def-8cfe-b2ee89df246c@group-50B81F3CF1A5->de46658e-6de7-45a1-81e4-0d2091b7d264-AppendLogResponseHandler: follower responses appendEntries COMPLETED
2021-08-15 01:18:01,400 [grpc-default-executor-0] INFO  leader.FollowerInfo (FollowerInfoImpl.java:lambda$new$0(46)) - 65295508-def1-4def-8cfe-b2ee89df246c@group-50B81F3CF1A5->de46658e-6de7-45a1-81e4-0d2091b7d264: nextIndex: updateUnconditionally 1 -> 0
2021-08-15 01:18:01,402 [ForkJoinPool.commonPool-worker-1] INFO  server.RaftServer (RaftServerProxy.java:lambda$close$6(391)) - 80fb03ba-aab4-4d6c-a114-0a36b49bfdbd: close
2021-08-15 01:18:01,402 [ForkJoinPool.commonPool-worker-1] INFO  server.RaftServer$Division (RaftServerImpl.java:lambda$close$4(407)) - 80fb03ba-aab4-4d6c-a114-0a36b49bfdbd@group-D799BB9C1D78: shutdown
2021-08-15 01:18:01,402 [ForkJoinPool.commonPool-worker-1] INFO  util.JmxRegister (JmxRegister.java:unregister(73)) - Successfully un-registered JMX Bean with object name Ratis:service=RaftServer,group=group-D799BB9C1D78,id=80fb03ba-aab4-4d6c-a114-0a36b49bfdbd
2021-08-15 01:18:01,402 [ForkJoinPool.commonPool-worker-1] INFO  impl.RoleInfo (RoleInfo.java:shutdownLeaderState(91)) - 80fb03ba-aab4-4d6c-a114-0a36b49bfdbd: shutdown 80fb03ba-aab4-4d6c-a114-0a36b49bfdbd@group-D799BB9C1D78-LeaderStateImpl
2021-08-15 01:18:01,403 [ForkJoinPool.commonPool-worker-1] INFO  impl.PendingRequests (PendingRequests.java:sendNotLeaderResponses(282)) - 80fb03ba-aab4-4d6c-a114-0a36b49bfdbd@group-D799BB9C1D78-PendingRequests: sendNotLeaderResponses
2021-08-15 01:18:01,403 [ForkJoinPool.commonPool-worker-1] INFO  impl.StateMachineUpdater (StateMachineUpdater.java:stopAndJoin(149)) - 80fb03ba-aab4-4d6c-a114-0a36b49bfdbd@group-D799BB9C1D78-StateMachineUpdater: set stopIndex = 0
2021-08-15 01:18:01,404 [80fb03ba-aab4-4d6c-a114-0a36b49bfdbd@group-D799BB9C1D78-StateMachineUpdater] INFO  ratis.ContainerStateMachine (ContainerStateMachine.java:takeSnapshot(293)) - group-D799BB9C1D78: Taking a snapshot at:(t:1, i:0) file /home/runner/work/ozone/ozone/hadoop-ozone/integration-test/target/test-dir/MiniOzoneClusterImpl-d2e0817b-7a27-4795-9ea2-3152af8552da/datanode-0/data/ratis/e5151e9b-1a5f-42c8-8ec3-d799bb9c1d78/sm/snapshot.1_0
2021-08-15 01:18:01,407 [grpc-default-executor-1] INFO  server.GrpcServerProtocolService (GrpcServerProtocolService.java:onCompleted(140)) - 80fb03ba-aab4-4d6c-a114-0a36b49bfdbd: Completed APPEND_ENTRIES, lastRequest: 65295508-def1-4def-8cfe-b2ee89df246c->80fb03ba-aab4-4d6c-a114-0a36b49bfdbd#1-t3,previous=(t:0, i:0),leaderCommit=-1,initializing? true,entries: size=1, first=(t:3, i:0), CONFIGURATIONENTRY
2021-08-15 01:18:01,408 [grpc-default-executor-0] INFO  server.GrpcLogAppender (GrpcLogAppender.java:onCompleted(344)) - 65295508-def1-4def-8cfe-b2ee89df246c@group-50B81F3CF1A5->80fb03ba-aab4-4d6c-a114-0a36b49bfdbd-AppendLogResponseHandler: follower responses appendEntries COMPLETED
2021-08-15 01:18:01,408 [grpc-default-executor-0] INFO  leader.FollowerInfo (FollowerInfoImpl.java:lambda$new$0(46)) - 65295508-def1-4def-8cfe-b2ee89df246c@group-50B81F3CF1A5->80fb03ba-aab4-4d6c-a114-0a36b49bfdbd: nextIndex: updateUnconditionally 1 -> 0
2021-08-15 01:18:01,413 [80fb03ba-aab4-4d6c-a114-0a36b49bfdbd@group-D799BB9C1D78-StateMachineUpdater] INFO  ratis.ContainerStateMachine (ContainerStateMachine.java:takeSnapshot(304)) - group-D799BB9C1D78: Finished taking a snapshot at:(t:1, i:0) file:/home/runner/work/ozone/ozone/hadoop-ozone/integration-test/target/test-dir/MiniOzoneClusterImpl-d2e0817b-7a27-4795-9ea2-3152af8552da/datanode-0/data/ratis/e5151e9b-1a5f-42c8-8ec3-d799bb9c1d78/sm/snapshot.1_0 took: 9 ms
2021-08-15 01:18:01,413 [80fb03ba-aab4-4d6c-a114-0a36b49bfdbd@group-D799BB9C1D78-StateMachineUpdater] INFO  impl.StateMachineUpdater (StateMachineUpdater.java:takeSnapshot(281)) - 80fb03ba-aab4-4d6c-a114-0a36b49bfdbd@group-D799BB9C1D78-StateMachineUpdater: Took a snapshot at index 0
2021-08-15 01:18:01,413 [80fb03ba-aab4-4d6c-a114-0a36b49bfdbd@group-D799BB9C1D78-StateMachineUpdater] INFO  impl.StateMachineUpdater (StateMachineUpdater.java:lambda$new$0(89)) - 80fb03ba-aab4-4d6c-a114-0a36b49bfdbd@group-D799BB9C1D78-StateMachineUpdater: snapshotIndex: updateIncreasingly -1 -> 0
2021-08-15 01:18:01,414 [65295508-def1-4def-8cfe-b2ee89df246c@group-50B81F3CF1A5-StateMachineUpdater] INFO  ratis.ContainerStateMachine (ContainerStateMachine.java:takeSnapshot(304)) - group-50B81F3CF1A5: Finished taking a snapshot at:(t:3, i:0) file:/home/runner/work/ozone/ozone/hadoop-ozone/integration-test/target/test-dir/MiniOzoneClusterImpl-d2e0817b-7a27-4795-9ea2-3152af8552da/datanode-1/data/ratis/1b686b0a-7480-43f8-9750-50b81f3cf1a5/sm/snapshot.3_0 took: 15 ms
2021-08-15 01:18:01,414 [65295508-def1-4def-8cfe-b2ee89df246c@group-50B81F3CF1A5-StateMachineUpdater] INFO  impl.StateMachineUpdater (StateMachineUpdater.java:takeSnapshot(281)) - 65295508-def1-4def-8cfe-b2ee89df246c@group-50B81F3CF1A5-StateMachineUpdater: Took a snapshot at index 0
2021-08-15 01:18:01,414 [65295508-def1-4def-8cfe-b2ee89df246c@group-50B81F3CF1A5-StateMachineUpdater] INFO  impl.StateMachineUpdater (StateMachineUpdater.java:lambda$new$0(89)) - 65295508-def1-4def-8cfe-b2ee89df246c@group-50B81F3CF1A5-StateMachineUpdater: snapshotIndex: updateIncreasingly -1 -> 0
2021-08-15 01:18:01,414 [ForkJoinPool.commonPool-worker-1] INFO  server.RaftServer$Division (ServerState.java:close(419)) - 80fb03ba-aab4-4d6c-a114-0a36b49bfdbd@group-D799BB9C1D78: closes. applyIndex: 0
2021-08-15 01:18:01,414 [80fb03ba-aab4-4d6c-a114-0a36b49bfdbd@group-D799BB9C1D78-SegmentedRaftLogWorker] INFO  segmented.SegmentedRaftLogWorker (SegmentedRaftLogWorker.java:run(327)) - 80fb03ba-aab4-4d6c-a114-0a36b49bfdbd@group-D799BB9C1D78-SegmentedRaftLogWorker was interrupted, exiting. There are 0 tasks remaining in the queue.
2021-08-15 01:18:01,418 [Listener at 127.0.0.1/41191] INFO  server.RaftServer$Division (ServerState.java:close(419)) - 65295508-def1-4def-8cfe-b2ee89df246c@group-50B81F3CF1A5: closes. applyIndex: 0
2021-08-15 01:18:01,418 [65295508-def1-4def-8cfe-b2ee89df246c@group-50B81F3CF1A5-SegmentedRaftLogWorker] INFO  segmented.SegmentedRaftLogWorker (SegmentedRaftLogWorker.java:run(327)) - 65295508-def1-4def-8cfe-b2ee89df246c@group-50B81F3CF1A5-SegmentedRaftLogWorker was interrupted, exiting. There are 0 tasks remaining in the queue.
2021-08-15 01:18:01,420 [ForkJoinPool.commonPool-worker-1] INFO  segmented.SegmentedRaftLogWorker (SegmentedRaftLogWorker.java:close(237)) - 80fb03ba-aab4-4d6c-a114-0a36b49bfdbd@group-D799BB9C1D78-SegmentedRaftLogWorker close()
2021-08-15 01:18:01,420 [Listener at 127.0.0.1/41191] INFO  segmented.SegmentedRaftLogWorker (SegmentedRaftLogWorker.java:close(237)) - 65295508-def1-4def-8cfe-b2ee89df246c@group-50B81F3CF1A5-SegmentedRaftLogWorker close()
2021-08-15 01:18:01,421 [Listener at 127.0.0.1/41191] INFO  server.RaftServer$Division (RaftServerImpl.java:lambda$close$4(407)) - 65295508-def1-4def-8cfe-b2ee89df246c@group-D845931F6563: shutdown
2021-08-15 01:18:01,421 [Listener at 127.0.0.1/41191] INFO  util.JmxRegister (JmxRegister.java:unregister(73)) - Successfully un-registered JMX Bean with object name Ratis:service=RaftServer,group=group-D845931F6563,id=65295508-def1-4def-8cfe-b2ee89df246c
2021-08-15 01:18:01,421 [Listener at 127.0.0.1/41191] INFO  impl.RoleInfo (RoleInfo.java:shutdownFollowerState(108)) - 65295508-def1-4def-8cfe-b2ee89df246c: shutdown 65295508-def1-4def-8cfe-b2ee89df246c@group-D845931F6563-FollowerState
2021-08-15 01:18:01,421 [Listener at 127.0.0.1/41191] INFO  impl.StateMachineUpdater (StateMachineUpdater.java:stopAndJoin(149)) - 65295508-def1-4def-8cfe-b2ee89df246c@group-D845931F6563-StateMachineUpdater: set stopIndex = 0
2021-08-15 01:18:01,421 [ForkJoinPool.commonPool-worker-1] INFO  server.RaftServer$Division (RaftServerImpl.java:lambda$close$4(407)) - 80fb03ba-aab4-4d6c-a114-0a36b49bfdbd@group-50B81F3CF1A5: shutdown
2021-08-15 01:18:01,421 [65295508-def1-4def-8cfe-b2ee89df246c@group-D845931F6563-FollowerState] INFO  impl.FollowerState (FollowerState.java:run(143)) - 65295508-def1-4def-8cfe-b2ee89df246c@group-D845931F6563-FollowerState was interrupted: {}
java.lang.InterruptedException: sleep interrupted
	at java.lang.Thread.sleep(Native Method)
	at java.lang.Thread.sleep(Thread.java:340)
	at java.util.concurrent.TimeUnit.sleep(TimeUnit.java:386)
	at org.apache.ratis.util.TimeDuration.sleep(TimeDuration.java:324)
	at org.apache.ratis.util.TimeDuration.sleep(TimeDuration.java:309)
	at org.apache.ratis.server.impl.FollowerState.run(FollowerState.java:118)
2021-08-15 01:18:01,423 [65295508-def1-4def-8cfe-b2ee89df246c@group-D845931F6563-StateMachineUpdater] INFO  ratis.ContainerStateMachine (ContainerStateMachine.java:takeSnapshot(293)) - group-D845931F6563: Taking a snapshot at:(t:2, i:0) file /home/runner/work/ozone/ozone/hadoop-ozone/integration-test/target/test-dir/MiniOzoneClusterImpl-d2e0817b-7a27-4795-9ea2-3152af8552da/datanode-1/data/ratis/841087be-2d30-4ef2-aaba-d845931f6563/sm/snapshot.2_0
2021-08-15 01:18:01,423 [ForkJoinPool.commonPool-worker-1] INFO  util.JmxRegister (JmxRegister.java:unregister(73)) - Successfully un-registered JMX Bean with object name Ratis:service=RaftServer,group=group-50B81F3CF1A5,id=80fb03ba-aab4-4d6c-a114-0a36b49bfdbd
2021-08-15 01:18:01,423 [ForkJoinPool.commonPool-worker-1] INFO  impl.RoleInfo (RoleInfo.java:shutdownFollowerState(108)) - 80fb03ba-aab4-4d6c-a114-0a36b49bfdbd: shutdown 80fb03ba-aab4-4d6c-a114-0a36b49bfdbd@group-50B81F3CF1A5-FollowerState
2021-08-15 01:18:01,424 [ForkJoinPool.commonPool-worker-1] INFO  impl.StateMachineUpdater (StateMachineUpdater.java:stopAndJoin(149)) - 80fb03ba-aab4-4d6c-a114-0a36b49bfdbd@group-50B81F3CF1A5-StateMachineUpdater: set stopIndex = 0
2021-08-15 01:18:01,424 [80fb03ba-aab4-4d6c-a114-0a36b49bfdbd@group-50B81F3CF1A5-FollowerState] INFO  impl.FollowerState (FollowerState.java:run(143)) - 80fb03ba-aab4-4d6c-a114-0a36b49bfdbd@group-50B81F3CF1A5-FollowerState was interrupted: {}
java.lang.InterruptedException: sleep interrupted
	at java.lang.Thread.sleep(Native Method)
	at java.lang.Thread.sleep(Thread.java:340)
	at java.util.concurrent.TimeUnit.sleep(TimeUnit.java:386)
	at org.apache.ratis.util.TimeDuration.sleep(TimeDuration.java:324)
	at org.apache.ratis.util.TimeDuration.sleep(TimeDuration.java:309)
	at org.apache.ratis.server.impl.FollowerState.run(FollowerState.java:118)
2021-08-15 01:18:01,424 [80fb03ba-aab4-4d6c-a114-0a36b49bfdbd@group-50B81F3CF1A5-StateMachineUpdater] INFO  ratis.ContainerStateMachine (ContainerStateMachine.java:takeSnapshot(293)) - group-50B81F3CF1A5: Taking a snapshot at:(t:3, i:0) file /home/runner/work/ozone/ozone/hadoop-ozone/integration-test/target/test-dir/MiniOzoneClusterImpl-d2e0817b-7a27-4795-9ea2-3152af8552da/datanode-0/data/ratis/1b686b0a-7480-43f8-9750-50b81f3cf1a5/sm/snapshot.3_0
2021-08-15 01:18:01,431 [80fb03ba-aab4-4d6c-a114-0a36b49bfdbd@group-50B81F3CF1A5-StateMachineUpdater] INFO  ratis.ContainerStateMachine (ContainerStateMachine.java:takeSnapshot(304)) - group-50B81F3CF1A5: Finished taking a snapshot at:(t:3, i:0) file:/home/runner/work/ozone/ozone/hadoop-ozone/integration-test/target/test-dir/MiniOzoneClusterImpl-d2e0817b-7a27-4795-9ea2-3152af8552da/datanode-0/data/ratis/1b686b0a-7480-43f8-9750-50b81f3cf1a5/sm/snapshot.3_0 took: 7 ms
2021-08-15 01:18:01,431 [80fb03ba-aab4-4d6c-a114-0a36b49bfdbd@group-50B81F3CF1A5-StateMachineUpdater] INFO  impl.StateMachineUpdater (StateMachineUpdater.java:takeSnapshot(281)) - 80fb03ba-aab4-4d6c-a114-0a36b49bfdbd@group-50B81F3CF1A5-StateMachineUpdater: Took a snapshot at index 0
2021-08-15 01:18:01,431 [80fb03ba-aab4-4d6c-a114-0a36b49bfdbd@group-50B81F3CF1A5-StateMachineUpdater] INFO  impl.StateMachineUpdater (StateMachineUpdater.java:lambda$new$0(89)) - 80fb03ba-aab4-4d6c-a114-0a36b49bfdbd@group-50B81F3CF1A5-StateMachineUpdater: snapshotIndex: updateIncreasingly -1 -> 0
2021-08-15 01:18:01,431 [65295508-def1-4def-8cfe-b2ee89df246c@group-D845931F6563-StateMachineUpdater] INFO  ratis.ContainerStateMachine (ContainerStateMachine.java:takeSnapshot(304)) - group-D845931F6563: Finished taking a snapshot at:(t:2, i:0) file:/home/runner/work/ozone/ozone/hadoop-ozone/integration-test/target/test-dir/MiniOzoneClusterImpl-d2e0817b-7a27-4795-9ea2-3152af8552da/datanode-1/data/ratis/841087be-2d30-4ef2-aaba-d845931f6563/sm/snapshot.2_0 took: 8 ms
2021-08-15 01:18:01,432 [65295508-def1-4def-8cfe-b2ee89df246c@group-D845931F6563-StateMachineUpdater] INFO  impl.StateMachineUpdater (StateMachineUpdater.java:takeSnapshot(281)) - 65295508-def1-4def-8cfe-b2ee89df246c@group-D845931F6563-StateMachineUpdater: Took a snapshot at index 0
2021-08-15 01:18:01,432 [65295508-def1-4def-8cfe-b2ee89df246c@group-D845931F6563-StateMachineUpdater] INFO  impl.StateMachineUpdater (StateMachineUpdater.java:lambda$new$0(89)) - 65295508-def1-4def-8cfe-b2ee89df246c@group-D845931F6563-StateMachineUpdater: snapshotIndex: updateIncreasingly -1 -> 0
2021-08-15 01:18:01,432 [Listener at 127.0.0.1/41191] INFO  server.RaftServer$Division (ServerState.java:close(419)) - 65295508-def1-4def-8cfe-b2ee89df246c@group-D845931F6563: closes. applyIndex: 0
2021-08-15 01:18:01,432 [65295508-def1-4def-8cfe-b2ee89df246c@group-D845931F6563-SegmentedRaftLogWorker] INFO  segmented.SegmentedRaftLogWorker (SegmentedRaftLogWorker.java:run(327)) - 65295508-def1-4def-8cfe-b2ee89df246c@group-D845931F6563-SegmentedRaftLogWorker was interrupted, exiting. There are 0 tasks remaining in the queue.
2021-08-15 01:18:01,432 [ForkJoinPool.commonPool-worker-1] INFO  server.RaftServer$Division (ServerState.java:close(419)) - 80fb03ba-aab4-4d6c-a114-0a36b49bfdbd@group-50B81F3CF1A5: closes. applyIndex: 0
2021-08-15 01:18:01,433 [80fb03ba-aab4-4d6c-a114-0a36b49bfdbd@group-50B81F3CF1A5-SegmentedRaftLogWorker] INFO  segmented.SegmentedRaftLogWorker (SegmentedRaftLogWorker.java:run(327)) - 80fb03ba-aab4-4d6c-a114-0a36b49bfdbd@group-50B81F3CF1A5-SegmentedRaftLogWorker was interrupted, exiting. There are 0 tasks remaining in the queue.
2021-08-15 01:18:01,438 [Listener at 127.0.0.1/41191] INFO  segmented.SegmentedRaftLogWorker (SegmentedRaftLogWorker.java:close(237)) - 65295508-def1-4def-8cfe-b2ee89df246c@group-D845931F6563-SegmentedRaftLogWorker close()
2021-08-15 01:18:01,438 [ForkJoinPool.commonPool-worker-1] INFO  segmented.SegmentedRaftLogWorker (SegmentedRaftLogWorker.java:close(237)) - 80fb03ba-aab4-4d6c-a114-0a36b49bfdbd@group-50B81F3CF1A5-SegmentedRaftLogWorker close()
2021-08-15 01:18:01,443 [Listener at 127.0.0.1/41191] INFO  server.GrpcService (GrpcService.java:closeImpl(262)) - 65295508-def1-4def-8cfe-b2ee89df246c: shutdown server with port 38387 now
2021-08-15 01:18:01,444 [ForkJoinPool.commonPool-worker-1] INFO  server.RaftServer$Division (RaftServerImpl.java:lambda$close$4(407)) - 80fb03ba-aab4-4d6c-a114-0a36b49bfdbd@group-D845931F6563: shutdown
2021-08-15 01:18:01,444 [ForkJoinPool.commonPool-worker-1] INFO  util.JmxRegister (JmxRegister.java:unregister(73)) - Successfully un-registered JMX Bean with object name Ratis:service=RaftServer,group=group-D845931F6563,id=80fb03ba-aab4-4d6c-a114-0a36b49bfdbd
2021-08-15 01:18:01,444 [ForkJoinPool.commonPool-worker-1] INFO  impl.RoleInfo (RoleInfo.java:shutdownFollowerState(108)) - 80fb03ba-aab4-4d6c-a114-0a36b49bfdbd: shutdown 80fb03ba-aab4-4d6c-a114-0a36b49bfdbd@group-D845931F6563-FollowerState
2021-08-15 01:18:01,444 [ForkJoinPool.commonPool-worker-1] INFO  impl.StateMachineUpdater (StateMachineUpdater.java:stopAndJoin(149)) - 80fb03ba-aab4-4d6c-a114-0a36b49bfdbd@group-D845931F6563-StateMachineUpdater: set stopIndex = 0
2021-08-15 01:18:01,444 [80fb03ba-aab4-4d6c-a114-0a36b49bfdbd@group-D845931F6563-FollowerState] INFO  impl.FollowerState (FollowerState.java:run(143)) - 80fb03ba-aab4-4d6c-a114-0a36b49bfdbd@group-D845931F6563-FollowerState was interrupted: {}
java.lang.InterruptedException: sleep interrupted
	at java.lang.Thread.sleep(Native Method)
	at java.lang.Thread.sleep(Thread.java:340)
	at java.util.concurrent.TimeUnit.sleep(TimeUnit.java:386)
	at org.apache.ratis.util.TimeDuration.sleep(TimeDuration.java:324)
	at org.apache.ratis.util.TimeDuration.sleep(TimeDuration.java:309)
	at org.apache.ratis.server.impl.FollowerState.run(FollowerState.java:118)
2021-08-15 01:18:01,445 [80fb03ba-aab4-4d6c-a114-0a36b49bfdbd@group-D845931F6563-StateMachineUpdater] INFO  ratis.ContainerStateMachine (ContainerStateMachine.java:takeSnapshot(293)) - group-D845931F6563: Taking a snapshot at:(t:2, i:0) file /home/runner/work/ozone/ozone/hadoop-ozone/integration-test/target/test-dir/MiniOzoneClusterImpl-d2e0817b-7a27-4795-9ea2-3152af8552da/datanode-0/data/ratis/841087be-2d30-4ef2-aaba-d845931f6563/sm/snapshot.2_0
2021-08-15 01:18:01,446 [80fb03ba-aab4-4d6c-a114-0a36b49bfdbd@group-D845931F6563-StateMachineUpdater] INFO  ratis.ContainerStateMachine (ContainerStateMachine.java:takeSnapshot(304)) - group-D845931F6563: Finished taking a snapshot at:(t:2, i:0) file:/home/runner/work/ozone/ozone/hadoop-ozone/integration-test/target/test-dir/MiniOzoneClusterImpl-d2e0817b-7a27-4795-9ea2-3152af8552da/datanode-0/data/ratis/841087be-2d30-4ef2-aaba-d845931f6563/sm/snapshot.2_0 took: 1 ms
2021-08-15 01:18:01,446 [80fb03ba-aab4-4d6c-a114-0a36b49bfdbd@group-D845931F6563-StateMachineUpdater] INFO  impl.StateMachineUpdater (StateMachineUpdater.java:takeSnapshot(281)) - 80fb03ba-aab4-4d6c-a114-0a36b49bfdbd@group-D845931F6563-StateMachineUpdater: Took a snapshot at index 0
2021-08-15 01:18:01,446 [80fb03ba-aab4-4d6c-a114-0a36b49bfdbd@group-D845931F6563-StateMachineUpdater] INFO  impl.StateMachineUpdater (StateMachineUpdater.java:lambda$new$0(89)) - 80fb03ba-aab4-4d6c-a114-0a36b49bfdbd@group-D845931F6563-StateMachineUpdater: snapshotIndex: updateIncreasingly -1 -> 0
2021-08-15 01:18:01,447 [ForkJoinPool.commonPool-worker-1] INFO  server.RaftServer$Division (ServerState.java:close(419)) - 80fb03ba-aab4-4d6c-a114-0a36b49bfdbd@group-D845931F6563: closes. applyIndex: 0
2021-08-15 01:18:01,456 [80fb03ba-aab4-4d6c-a114-0a36b49bfdbd@group-D845931F6563-SegmentedRaftLogWorker] INFO  segmented.SegmentedRaftLogWorker (SegmentedRaftLogWorker.java:run(327)) - 80fb03ba-aab4-4d6c-a114-0a36b49bfdbd@group-D845931F6563-SegmentedRaftLogWorker was interrupted, exiting. There are 0 tasks remaining in the queue.
2021-08-15 01:18:01,466 [Listener at 127.0.0.1/41191] INFO  server.GrpcService (GrpcService.java:closeImpl(271)) - 65295508-def1-4def-8cfe-b2ee89df246c: shutdown server with port 38387 successfully
2021-08-15 01:18:01,467 [ForkJoinPool.commonPool-worker-1] INFO  segmented.SegmentedRaftLogWorker (SegmentedRaftLogWorker.java:close(237)) - 80fb03ba-aab4-4d6c-a114-0a36b49bfdbd@group-D845931F6563-SegmentedRaftLogWorker close()
2021-08-15 01:18:01,484 [org.apache.ratis.util.JvmPauseMonitor$$Lambda$531/1550087810@1f5e7031] INFO  util.JvmPauseMonitor (JvmPauseMonitor.java:run(109)) - JvmPauseMonitor-65295508-def1-4def-8cfe-b2ee89df246c: Stopped
2021-08-15 01:18:01,491 [Listener at 127.0.0.1/41191] INFO  utils.BackgroundService (BackgroundService.java:shutdown(132)) - Shutting down service BlockDeletingService
2021-08-15 01:18:01,493 [ForkJoinPool.commonPool-worker-1] INFO  server.GrpcService (GrpcService.java:closeImpl(262)) - 80fb03ba-aab4-4d6c-a114-0a36b49bfdbd: shutdown server with port 35737 now
2021-08-15 01:18:01,502 [ForkJoinPool.commonPool-worker-1] INFO  server.GrpcService (GrpcService.java:closeImpl(271)) - 80fb03ba-aab4-4d6c-a114-0a36b49bfdbd: shutdown server with port 35737 successfully
2021-08-15 01:18:01,504 [org.apache.ratis.util.JvmPauseMonitor$$Lambda$531/1550087810@27937672] INFO  util.JvmPauseMonitor (JvmPauseMonitor.java:run(109)) - JvmPauseMonitor-80fb03ba-aab4-4d6c-a114-0a36b49bfdbd: Stopped
2021-08-15 01:18:01,507 [ForkJoinPool.commonPool-worker-1] INFO  utils.BackgroundService (BackgroundService.java:shutdown(132)) - Shutting down service BlockDeletingService
2021-08-15 01:18:04,495 [Listener at 127.0.0.1/41191] INFO  statemachine.DatanodeStateMachine (DatanodeStateMachine.java:stopDaemon(515)) - Ozone container server stopped.
2021-08-15 01:18:04,496 [Listener at 127.0.0.1/41191] INFO  handler.ContextHandler (ContextHandler.java:doStop(1153)) - Stopped o.e.j.w.WebAppContext@1912b4b6{hddsDatanode,/,null,STOPPED}{jar:file:/home/runner/.m2/repository/org/apache/ozone/hdds-container-service/1.2.0-SNAPSHOT/hdds-container-service-1.2.0-SNAPSHOT.jar!/webapps/hddsDatanode}
2021-08-15 01:18:04,498 [Listener at 127.0.0.1/41191] INFO  server.AbstractConnector (AbstractConnector.java:doStop(381)) - Stopped ServerConnector@27b795d3{HTTP/1.1, (http/1.1)}{0.0.0.0:0}
2021-08-15 01:18:04,498 [Listener at 127.0.0.1/41191] INFO  server.session (HouseKeeper.java:stopScavenging(149)) - node0 Stopped scavenging
2021-08-15 01:18:04,498 [Listener at 127.0.0.1/41191] INFO  handler.ContextHandler (ContextHandler.java:doStop(1153)) - Stopped o.e.j.s.ServletContextHandler@27cbcc29{static,/static,jar:file:/home/runner/.m2/repository/org/apache/ozone/hdds-container-service/1.2.0-SNAPSHOT/hdds-container-service-1.2.0-SNAPSHOT.jar!/webapps/static,STOPPED}
2021-08-15 01:18:04,498 [Listener at 127.0.0.1/41191] INFO  handler.ContextHandler (ContextHandler.java:doStop(1153)) - Stopped o.e.j.s.ServletContextHandler@364d7233{logs,/logs,file:///home/runner/work/ozone/ozone/hadoop-ozone/integration-test/target/log,STOPPED}
2021-08-15 01:18:04,528 [ForkJoinPool.commonPool-worker-1] INFO  statemachine.DatanodeStateMachine (DatanodeStateMachine.java:stopDaemon(515)) - Ozone container server stopped.
2021-08-15 01:18:04,532 [ForkJoinPool.commonPool-worker-1] INFO  handler.ContextHandler (ContextHandler.java:doStop(1153)) - Stopped o.e.j.w.WebAppContext@5f7970e1{hddsDatanode,/,null,STOPPED}{jar:file:/home/runner/.m2/repository/org/apache/ozone/hdds-container-service/1.2.0-SNAPSHOT/hdds-container-service-1.2.0-SNAPSHOT.jar!/webapps/hddsDatanode}
2021-08-15 01:18:04,534 [ForkJoinPool.commonPool-worker-1] INFO  server.AbstractConnector (AbstractConnector.java:doStop(381)) - Stopped ServerConnector@7da39a3d{HTTP/1.1, (http/1.1)}{0.0.0.0:0}
2021-08-15 01:18:04,534 [ForkJoinPool.commonPool-worker-1] INFO  server.session (HouseKeeper.java:stopScavenging(149)) - node0 Stopped scavenging
2021-08-15 01:18:04,554 [ForkJoinPool.commonPool-worker-1] INFO  handler.ContextHandler (ContextHandler.java:doStop(1153)) - Stopped o.e.j.s.ServletContextHandler@43ed0162{static,/static,jar:file:/home/runner/.m2/repository/org/apache/ozone/hdds-container-service/1.2.0-SNAPSHOT/hdds-container-service-1.2.0-SNAPSHOT.jar!/webapps/static,STOPPED}
2021-08-15 01:18:04,575 [ForkJoinPool.commonPool-worker-1] INFO  handler.ContextHandler (ContextHandler.java:doStop(1153)) - Stopped o.e.j.s.ServletContextHandler@7cf66c9e{logs,/logs,file:///home/runner/work/ozone/ozone/hadoop-ozone/integration-test/target/log,STOPPED}
2021-08-15 01:18:04,787 [Datanode State Machine Thread - 0] INFO  statemachine.DatanodeStateMachine (DatanodeStateMachine.java:lambda$startDaemon$0(457)) - Ozone container server started.
2021-08-15 01:18:09,508 [Listener at 127.0.0.1/41191] INFO  ozoneimpl.OzoneContainer (OzoneContainer.java:stop(326)) - Attempting to stop container services.
2021-08-15 01:18:09,509 [Listener at 127.0.0.1/41191] INFO  server.RaftServer (RaftServerProxy.java:lambda$close$6(391)) - de46658e-6de7-45a1-81e4-0d2091b7d264: close
2021-08-15 01:18:09,512 [Listener at 127.0.0.1/41191] INFO  server.RaftServer$Division (RaftServerImpl.java:lambda$close$4(407)) - de46658e-6de7-45a1-81e4-0d2091b7d264@group-50B81F3CF1A5: shutdown
2021-08-15 01:18:09,512 [Listener at 127.0.0.1/41191] INFO  util.JmxRegister (JmxRegister.java:unregister(73)) - Successfully un-registered JMX Bean with object name Ratis:service=RaftServer,group=group-50B81F3CF1A5,id=de46658e-6de7-45a1-81e4-0d2091b7d264
2021-08-15 01:18:09,512 [Listener at 127.0.0.1/41191] INFO  impl.RoleInfo (RoleInfo.java:shutdownFollowerState(108)) - de46658e-6de7-45a1-81e4-0d2091b7d264: shutdown de46658e-6de7-45a1-81e4-0d2091b7d264@group-50B81F3CF1A5-FollowerState
2021-08-15 01:18:09,512 [Listener at 127.0.0.1/41191] INFO  impl.StateMachineUpdater (StateMachineUpdater.java:stopAndJoin(149)) - de46658e-6de7-45a1-81e4-0d2091b7d264@group-50B81F3CF1A5-StateMachineUpdater: set stopIndex = 0
2021-08-15 01:18:09,512 [de46658e-6de7-45a1-81e4-0d2091b7d264@group-50B81F3CF1A5-FollowerState] INFO  impl.FollowerState (FollowerState.java:run(143)) - de46658e-6de7-45a1-81e4-0d2091b7d264@group-50B81F3CF1A5-FollowerState was interrupted: {}
java.lang.InterruptedException: sleep interrupted
	at java.lang.Thread.sleep(Native Method)
	at java.lang.Thread.sleep(Thread.java:340)
	at java.util.concurrent.TimeUnit.sleep(TimeUnit.java:386)
	at org.apache.ratis.util.TimeDuration.sleep(TimeDuration.java:324)
	at org.apache.ratis.util.TimeDuration.sleep(TimeDuration.java:309)
	at org.apache.ratis.server.impl.FollowerState.run(FollowerState.java:118)
2021-08-15 01:18:09,513 [de46658e-6de7-45a1-81e4-0d2091b7d264@group-50B81F3CF1A5-StateMachineUpdater] INFO  ratis.ContainerStateMachine (ContainerStateMachine.java:takeSnapshot(293)) - group-50B81F3CF1A5: Taking a snapshot at:(t:3, i:0) file /home/runner/work/ozone/ozone/hadoop-ozone/integration-test/target/test-dir/MiniOzoneClusterImpl-d2e0817b-7a27-4795-9ea2-3152af8552da/datanode-2/data/ratis/1b686b0a-7480-43f8-9750-50b81f3cf1a5/sm/snapshot.3_0
2021-08-15 01:18:09,518 [de46658e-6de7-45a1-81e4-0d2091b7d264@group-50B81F3CF1A5-StateMachineUpdater] INFO  ratis.ContainerStateMachine (ContainerStateMachine.java:takeSnapshot(304)) - group-50B81F3CF1A5: Finished taking a snapshot at:(t:3, i:0) file:/home/runner/work/ozone/ozone/hadoop-ozone/integration-test/target/test-dir/MiniOzoneClusterImpl-d2e0817b-7a27-4795-9ea2-3152af8552da/datanode-2/data/ratis/1b686b0a-7480-43f8-9750-50b81f3cf1a5/sm/snapshot.3_0 took: 6 ms
2021-08-15 01:18:09,519 [de46658e-6de7-45a1-81e4-0d2091b7d264@group-50B81F3CF1A5-StateMachineUpdater] INFO  impl.StateMachineUpdater (StateMachineUpdater.java:takeSnapshot(281)) - de46658e-6de7-45a1-81e4-0d2091b7d264@group-50B81F3CF1A5-StateMachineUpdater: Took a snapshot at index 0
2021-08-15 01:18:09,519 [de46658e-6de7-45a1-81e4-0d2091b7d264@group-50B81F3CF1A5-StateMachineUpdater] INFO  impl.StateMachineUpdater (StateMachineUpdater.java:lambda$new$0(89)) - de46658e-6de7-45a1-81e4-0d2091b7d264@group-50B81F3CF1A5-StateMachineUpdater: snapshotIndex: updateIncreasingly -1 -> 0
2021-08-15 01:18:09,519 [Listener at 127.0.0.1/41191] INFO  server.RaftServer$Division (ServerState.java:close(419)) - de46658e-6de7-45a1-81e4-0d2091b7d264@group-50B81F3CF1A5: closes. applyIndex: 0
2021-08-15 01:18:09,522 [de46658e-6de7-45a1-81e4-0d2091b7d264@group-50B81F3CF1A5-SegmentedRaftLogWorker] INFO  segmented.SegmentedRaftLogWorker (SegmentedRaftLogWorker.java:run(327)) - de46658e-6de7-45a1-81e4-0d2091b7d264@group-50B81F3CF1A5-SegmentedRaftLogWorker was interrupted, exiting. There are 0 tasks remaining in the queue.
2021-08-15 01:18:09,523 [Listener at 127.0.0.1/41191] INFO  segmented.SegmentedRaftLogWorker (SegmentedRaftLogWorker.java:close(237)) - de46658e-6de7-45a1-81e4-0d2091b7d264@group-50B81F3CF1A5-SegmentedRaftLogWorker close()
2021-08-15 01:18:09,527 [Listener at 127.0.0.1/41191] INFO  server.RaftServer$Division (RaftServerImpl.java:lambda$close$4(407)) - de46658e-6de7-45a1-81e4-0d2091b7d264@group-62CB5C4C931E: shutdown
2021-08-15 01:18:09,527 [Listener at 127.0.0.1/41191] INFO  util.JmxRegister (JmxRegister.java:unregister(73)) - Successfully un-registered JMX Bean with object name Ratis:service=RaftServer,group=group-62CB5C4C931E,id=de46658e-6de7-45a1-81e4-0d2091b7d264
2021-08-15 01:18:09,527 [Listener at 127.0.0.1/41191] INFO  impl.RoleInfo (RoleInfo.java:shutdownLeaderState(91)) - de46658e-6de7-45a1-81e4-0d2091b7d264: shutdown de46658e-6de7-45a1-81e4-0d2091b7d264@group-62CB5C4C931E-LeaderStateImpl
2021-08-15 01:18:09,527 [Listener at 127.0.0.1/41191] INFO  impl.PendingRequests (PendingRequests.java:sendNotLeaderResponses(282)) - de46658e-6de7-45a1-81e4-0d2091b7d264@group-62CB5C4C931E-PendingRequests: sendNotLeaderResponses
2021-08-15 01:18:09,528 [Listener at 127.0.0.1/41191] INFO  impl.StateMachineUpdater (StateMachineUpdater.java:stopAndJoin(149)) - de46658e-6de7-45a1-81e4-0d2091b7d264@group-62CB5C4C931E-StateMachineUpdater: set stopIndex = 0
2021-08-15 01:18:09,531 [de46658e-6de7-45a1-81e4-0d2091b7d264@group-62CB5C4C931E-StateMachineUpdater] INFO  ratis.ContainerStateMachine (ContainerStateMachine.java:takeSnapshot(293)) - group-62CB5C4C931E: Taking a snapshot at:(t:1, i:0) file /home/runner/work/ozone/ozone/hadoop-ozone/integration-test/target/test-dir/MiniOzoneClusterImpl-d2e0817b-7a27-4795-9ea2-3152af8552da/datanode-2/data/ratis/e9607f93-402c-4a4c-bb21-62cb5c4c931e/sm/snapshot.1_0
2021-08-15 01:18:09,539 [de46658e-6de7-45a1-81e4-0d2091b7d264@group-62CB5C4C931E-StateMachineUpdater] INFO  ratis.ContainerStateMachine (ContainerStateMachine.java:takeSnapshot(304)) - group-62CB5C4C931E: Finished taking a snapshot at:(t:1, i:0) file:/home/runner/work/ozone/ozone/hadoop-ozone/integration-test/target/test-dir/MiniOzoneClusterImpl-d2e0817b-7a27-4795-9ea2-3152af8552da/datanode-2/data/ratis/e9607f93-402c-4a4c-bb21-62cb5c4c931e/sm/snapshot.1_0 took: 8 ms
2021-08-15 01:18:09,539 [de46658e-6de7-45a1-81e4-0d2091b7d264@group-62CB5C4C931E-StateMachineUpdater] INFO  impl.StateMachineUpdater (StateMachineUpdater.java:takeSnapshot(281)) - de46658e-6de7-45a1-81e4-0d2091b7d264@group-62CB5C4C931E-StateMachineUpdater: Took a snapshot at index 0
2021-08-15 01:18:09,539 [de46658e-6de7-45a1-81e4-0d2091b7d264@group-62CB5C4C931E-StateMachineUpdater] INFO  impl.StateMachineUpdater (StateMachineUpdater.java:lambda$new$0(89)) - de46658e-6de7-45a1-81e4-0d2091b7d264@group-62CB5C4C931E-StateMachineUpdater: snapshotIndex: updateIncreasingly -1 -> 0
2021-08-15 01:18:09,539 [Listener at 127.0.0.1/41191] INFO  server.RaftServer$Division (ServerState.java:close(419)) - de46658e-6de7-45a1-81e4-0d2091b7d264@group-62CB5C4C931E: closes. applyIndex: 0
2021-08-15 01:18:09,540 [de46658e-6de7-45a1-81e4-0d2091b7d264@group-62CB5C4C931E-SegmentedRaftLogWorker] INFO  segmented.SegmentedRaftLogWorker (SegmentedRaftLogWorker.java:run(327)) - de46658e-6de7-45a1-81e4-0d2091b7d264@group-62CB5C4C931E-SegmentedRaftLogWorker was interrupted, exiting. There are 0 tasks remaining in the queue.
2021-08-15 01:18:09,541 [Listener at 127.0.0.1/41191] INFO  segmented.SegmentedRaftLogWorker (SegmentedRaftLogWorker.java:close(237)) - de46658e-6de7-45a1-81e4-0d2091b7d264@group-62CB5C4C931E-SegmentedRaftLogWorker close()
2021-08-15 01:18:09,547 [Listener at 127.0.0.1/41191] INFO  server.GrpcService (GrpcService.java:closeImpl(262)) - de46658e-6de7-45a1-81e4-0d2091b7d264: shutdown server with port 36647 now
2021-08-15 01:18:09,594 [Listener at 127.0.0.1/41191] INFO  server.GrpcService (GrpcService.java:closeImpl(271)) - de46658e-6de7-45a1-81e4-0d2091b7d264: shutdown server with port 36647 successfully
2021-08-15 01:18:09,595 [org.apache.ratis.util.JvmPauseMonitor$$Lambda$531/1550087810@2416160d] INFO  util.JvmPauseMonitor (JvmPauseMonitor.java:run(109)) - JvmPauseMonitor-de46658e-6de7-45a1-81e4-0d2091b7d264: Stopped
2021-08-15 01:18:09,606 [Listener at 127.0.0.1/41191] INFO  utils.BackgroundService (BackgroundService.java:shutdown(132)) - Shutting down service BlockDeletingService
2021-08-15 01:18:12,629 [Listener at 127.0.0.1/41191] INFO  statemachine.DatanodeStateMachine (DatanodeStateMachine.java:stopDaemon(515)) - Ozone container server stopped.
2021-08-15 01:18:12,631 [Listener at 127.0.0.1/41191] INFO  handler.ContextHandler (ContextHandler.java:doStop(1153)) - Stopped o.e.j.w.WebAppContext@5c0d0c7e{hddsDatanode,/,null,STOPPED}{jar:file:/home/runner/.m2/repository/org/apache/ozone/hdds-container-service/1.2.0-SNAPSHOT/hdds-container-service-1.2.0-SNAPSHOT.jar!/webapps/hddsDatanode}
2021-08-15 01:18:12,635 [Listener at 127.0.0.1/41191] INFO  server.AbstractConnector (AbstractConnector.java:doStop(381)) - Stopped ServerConnector@853ce0b{HTTP/1.1, (http/1.1)}{0.0.0.0:0}
2021-08-15 01:18:12,635 [Listener at 127.0.0.1/41191] INFO  server.session (HouseKeeper.java:stopScavenging(149)) - node0 Stopped scavenging
2021-08-15 01:18:12,636 [Listener at 127.0.0.1/41191] INFO  handler.ContextHandler (ContextHandler.java:doStop(1153)) - Stopped o.e.j.s.ServletContextHandler@6e8871a5{static,/static,jar:file:/home/runner/.m2/repository/org/apache/ozone/hdds-container-service/1.2.0-SNAPSHOT/hdds-container-service-1.2.0-SNAPSHOT.jar!/webapps/static,STOPPED}
2021-08-15 01:18:12,636 [Listener at 127.0.0.1/41191] INFO  handler.ContextHandler (ContextHandler.java:doStop(1153)) - Stopped o.e.j.s.ServletContextHandler@2e247808{logs,/logs,file:///home/runner/work/ozone/ozone/hadoop-ozone/integration-test/target/log,STOPPED}
2021-08-15 01:18:12,645 [Listener at 127.0.0.1/41191] INFO  ozone.MiniOzoneClusterImpl (MiniOzoneClusterImpl.java:stopSCM(542)) - Stopping the StorageContainerManager
2021-08-15 01:18:12,645 [Listener at 127.0.0.1/41191] INFO  server.StorageContainerManager (StorageContainerManager.java:stop(1341)) - Stopping Replication Manager Service.
2021-08-15 01:18:12,646 [Listener at 127.0.0.1/41191] INFO  container.ReplicationManager (ReplicationManager.java:stop(317)) - Stopping Replication Monitor Thread.
2021-08-15 01:18:12,646 [Listener at 127.0.0.1/41191] INFO  server.StorageContainerManager (StorageContainerManager.java:stop(1348)) - Stopping the Datanode Admin Monitor.
2021-08-15 01:18:12,646 [Listener at 127.0.0.1/41191] INFO  server.StorageContainerManager (StorageContainerManager.java:stop(1355)) - Stopping Lease Manager of the command watchers
2021-08-15 01:18:12,646 [Listener at 127.0.0.1/41191] INFO  server.StorageContainerManager (StorageContainerManager.java:stop(1362)) - Stopping datanode service RPC server
2021-08-15 01:18:12,646 [Listener at 127.0.0.1/41191] INFO  server.SCMDatanodeProtocolServer (SCMDatanodeProtocolServer.java:stop(389)) - Stopping the RPC server for DataNodes
2021-08-15 01:18:12,646 [Listener at 127.0.0.1/41191] INFO  ipc.Server (Server.java:stop(3414)) - Stopping server on 44541
2021-08-15 01:18:12,647 [IPC Server listener on 0] INFO  ipc.Server (Server.java:run(1376)) - Stopping IPC Server listener on 0
2021-08-15 01:18:12,655 [IPC Server Responder] INFO  ipc.Server (Server.java:run(1512)) - Stopping IPC Server Responder
2021-08-15 01:18:12,692 [SCM Heartbeat Processing Thread - 0] WARN  node.NodeStateManager (NodeStateManager.java:scheduleNextHealthCheck(799)) - Current Thread is interrupted, shutting down HB processing thread for Node Manager.
2021-08-15 01:18:12,693 [Listener at 127.0.0.1/41191] INFO  server.StorageContainerManager (StorageContainerManager.java:stop(1370)) - Stopping block service RPC server
2021-08-15 01:18:12,693 [Listener at 127.0.0.1/41191] INFO  server.SCMBlockProtocolServer (SCMBlockProtocolServer.java:stop(160)) - Stopping the RPC server for Block Protocol
2021-08-15 01:18:12,693 [Listener at 127.0.0.1/41191] INFO  ipc.Server (Server.java:stop(3414)) - Stopping server on 44705
2021-08-15 01:18:12,696 [Listener at 127.0.0.1/41191] INFO  server.StorageContainerManager (StorageContainerManager.java:stop(1377)) - Stopping the StorageContainerLocationProtocol RPC server
2021-08-15 01:18:12,696 [Listener at 127.0.0.1/41191] INFO  server.SCMClientProtocolServer (SCMClientProtocolServer.java:stop(173)) - Stopping the RPC server for Client Protocol
2021-08-15 01:18:12,696 [Listener at 127.0.0.1/41191] INFO  ipc.Server (Server.java:stop(3414)) - Stopping server on 46793
2021-08-15 01:18:12,696 [IPC Server Responder] INFO  ipc.Server (Server.java:run(1512)) - Stopping IPC Server Responder
2021-08-15 01:18:12,697 [IPC Server listener on 0] INFO  ipc.Server (Server.java:run(1376)) - Stopping IPC Server listener on 0
2021-08-15 01:18:12,716 [Listener at 127.0.0.1/41191] INFO  server.StorageContainerManager (StorageContainerManager.java:stop(1384)) - Stopping Storage Container Manager HTTP server.
2021-08-15 01:18:12,716 [Listener at 127.0.0.1/41191] INFO  handler.ContextHandler (ContextHandler.java:doStop(1153)) - Stopped o.e.j.w.WebAppContext@41229c96{scm,/,null,STOPPED}{file:/home/runner/work/ozone/ozone/hadoop-ozone/integration-test/target/test-classes/webapps/scm}
2021-08-15 01:18:12,717 [IPC Server Responder] INFO  ipc.Server (Server.java:run(1512)) - Stopping IPC Server Responder
2021-08-15 01:18:12,717 [IPC Server listener on 0] INFO  ipc.Server (Server.java:run(1376)) - Stopping IPC Server listener on 0
2021-08-15 01:18:12,718 [Listener at 127.0.0.1/41191] INFO  server.AbstractConnector (AbstractConnector.java:doStop(381)) - Stopped ServerConnector@7b974568{HTTP/1.1, (http/1.1)}{0.0.0.0:0}
2021-08-15 01:18:12,718 [Listener at 127.0.0.1/41191] INFO  server.session (HouseKeeper.java:stopScavenging(149)) - node0 Stopped scavenging
2021-08-15 01:18:12,718 [Listener at 127.0.0.1/41191] INFO  handler.ContextHandler (ContextHandler.java:doStop(1153)) - Stopped o.e.j.s.ServletContextHandler@34ac3583{static,/static,file:///home/runner/work/ozone/ozone/hadoop-ozone/integration-test/target/test-classes/webapps/static,STOPPED}
2021-08-15 01:18:12,718 [Listener at 127.0.0.1/41191] INFO  handler.ContextHandler (ContextHandler.java:doStop(1153)) - Stopped o.e.j.s.ServletContextHandler@5ae9a3a7{logs,/logs,file:///home/runner/work/ozone/ozone/hadoop-ozone/integration-test/target/log,STOPPED}
2021-08-15 01:18:12,722 [Listener at 127.0.0.1/41191] INFO  server.StorageContainerManager (StorageContainerManager.java:stop(1395)) - Stopping Block Manager Service.
2021-08-15 01:18:12,722 [Listener at 127.0.0.1/41191] INFO  utils.BackgroundService (BackgroundService.java:shutdown(132)) - Shutting down service SCMBlockDeletingService
2021-08-15 01:18:12,735 [Listener at 127.0.0.1/41191] INFO  utils.BackgroundService (BackgroundService.java:shutdown(132)) - Shutting down service SCMBlockDeletingService
2021-08-15 01:18:12,735 [Listener at 127.0.0.1/41191] INFO  server.StorageContainerManager (StorageContainerManager.java:stop(1422)) - Stopping SCM Event Queue.
2021-08-15 01:18:12,736 [Listener at 127.0.0.1/41191] INFO  server.StorageContainerManager (StorageContainerManager.java:stop(1433)) - Stopping SCM HA services.
2021-08-15 01:18:12,736 [Listener at 127.0.0.1/41191] INFO  pipeline.BackgroundPipelineCreator (BackgroundPipelineCreatorV2.java:stop(158)) - Stopping RatisPipelineUtilsThread.
2021-08-15 01:18:12,737 [Listener at 127.0.0.1/41191] INFO  server.StorageContainerManager (StorageContainerManager.java:stop(1443)) - Stopping SCM MetadataStore.
2021-08-15 01:18:12,738 [Listener at 127.0.0.1/41191] INFO  impl.MetricsSystemImpl (MetricsSystemImpl.java:stop(210)) - Stopping HddsDatanode metrics system...
2021-08-15 01:18:12,771 [prometheus] INFO  impl.MetricsSinkAdapter (MetricsSinkAdapter.java:publishMetricsFromQueue(141)) - prometheus thread interrupted.
2021-08-15 01:18:12,771 [Listener at 127.0.0.1/41191] INFO  impl.MetricsSystemImpl (MetricsSystemImpl.java:stop(216)) - HddsDatanode metrics system stopped.
]]></system-out>
  </testcase>
</testsuite>