<?xml version="1.0" encoding="UTF-8"?>
<testsuite xmlns:xsi="http://www.w3.org/2001/XMLSchema-instance" xsi:noNamespaceSchemaLocation="https://maven.apache.org/surefire/maven-surefire-plugin/xsd/surefire-test-report.xsd" name="org.apache.hadoop.ozone.scm.node.TestDecommissionAndMaintenance" time="677.37" tests="8" errors="6" skipped="0" failures="0">
  <properties>
    <property name="awt.toolkit" value="sun.awt.X11.XToolkit"/>
    <property name="file.encoding.pkg" value="sun.io"/>
    <property name="java.specification.version" value="1.8"/>
    <property name="sun.cpu.isalist" value=""/>
    <property name="sun.jnu.encoding" value="UTF-8"/>
    <property name="java.class.path" value="/home/runner/work/ozone/ozone/hadoop-ozone/integration-test/target/test-classes:/home/runner/work/ozone/ozone/hadoop-ozone/integration-test/target/classes:/home/runner/.m2/repository/org/apache/ozone/ozone-common/1.2.0-SNAPSHOT/ozone-common-1.2.0-SNAPSHOT.jar:/home/runner/.m2/repository/org/apache/commons/commons-compress/1.21/commons-compress-1.21.jar:/home/runner/.m2/repository/org/apache/ozone/hdds-common/1.2.0-SNAPSHOT/hdds-common-1.2.0-SNAPSHOT.jar:/home/runner/.m2/repository/org/apache/ozone/hdds-client/1.2.0-SNAPSHOT/hdds-client-1.2.0-SNAPSHOT.jar:/home/runner/.m2/repository/org/apache/ozone/ozone-interface-client/1.2.0-SNAPSHOT/ozone-interface-client-1.2.0-SNAPSHOT.jar:/home/runner/.m2/repository/org/apache/ozone/hdds-test-utils/1.2.0-SNAPSHOT/hdds-test-utils-1.2.0-SNAPSHOT.jar:/home/runner/.m2/repository/com/google/guava/guava/30.1.1-jre/guava-30.1.1-jre.jar:/home/runner/.m2/repository/com/google/guava/failureaccess/1.0.1/failureaccess-1.0.1.jar:/home/runner/.m2/repository/com/google/guava/listenablefuture/9999.0-empty-to-avoid-conflict-with-guava/listenablefuture-9999.0-empty-to-avoid-conflict-with-guava.jar:/home/runner/.m2/repository/com/google/code/findbugs/jsr305/3.0.0/jsr305-3.0.0.jar:/home/runner/.m2/repository/org/checkerframework/checker-qual/3.8.0/checker-qual-3.8.0.jar:/home/runner/.m2/repository/com/google/errorprone/error_prone_annotations/2.2.0/error_prone_annotations-2.2.0.jar:/home/runner/.m2/repository/com/google/j2objc/j2objc-annotations/1.3/j2objc-annotations-1.3.jar:/home/runner/.m2/repository/commons-io/commons-io/2.11.0/commons-io-2.11.0.jar:/home/runner/.m2/repository/commons-logging/commons-logging/1.2/commons-logging-1.2.jar:/home/runner/.m2/repository/log4j/log4j/1.2.17/log4j-1.2.17.jar:/home/runner/.m2/repository/org/slf4j/slf4j-api/1.7.30/slf4j-api-1.7.30.jar:/home/runner/.m2/repository/org/apache/ozone/hdds-server-scm/1.2.0-SNAPSHOT/hdds-server-scm-1.2.0-SNAPSHOT.jar:/home/runner/.m2/repository/org/apache/ozone/hdds-container-service/1.2.0-SNAPSHOT/hdds-container-service-1.2.0-SNAPSHOT.jar:/home/runner/.m2/repository/org/apache/ozone/hdds-hadoop-dependency-server/1.2.0-SNAPSHOT/hdds-hadoop-dependency-server-1.2.0-SNAPSHOT.jar:/home/runner/.m2/repository/org/apache/hadoop/hadoop-hdfs/3.3.1/hadoop-hdfs-3.3.1.jar:/home/runner/.m2/repository/org/apache/ozone/hdds-server-framework/1.2.0-SNAPSHOT/hdds-server-framework-1.2.0-SNAPSHOT.jar:/home/runner/.m2/repository/org/apache/ozone/hdds-interface-server/1.2.0-SNAPSHOT/hdds-interface-server-1.2.0-SNAPSHOT.jar:/home/runner/.m2/repository/org/eclipse/jetty/jetty-servlet/9.4.43.v20210629/jetty-servlet-9.4.43.v20210629.jar:/home/runner/.m2/repository/org/eclipse/jetty/jetty-security/9.4.43.v20210629/jetty-security-9.4.43.v20210629.jar:/home/runner/.m2/repository/org/rocksdb/rocksdbjni/6.25.3/rocksdbjni-6.25.3.jar:/home/runner/.m2/repository/io/prometheus/simpleclient_dropwizard/0.7.0/simpleclient_dropwizard-0.7.0.jar:/home/runner/.m2/repository/io/prometheus/simpleclient/0.7.0/simpleclient-0.7.0.jar:/home/runner/.m2/repository/io/prometheus/simpleclient_common/0.7.0/simpleclient_common-0.7.0.jar:/home/runner/.m2/repository/com/fasterxml/jackson/datatype/jackson-datatype-jsr310/2.12.1/jackson-datatype-jsr310-2.12.1.jar:/home/runner/.m2/repository/io/dropwizard/metrics/metrics-core/3.2.4/metrics-core-3.2.4.jar:/home/runner/.m2/repository/org/apache/hadoop/hadoop-hdfs-client/3.3.1/hadoop-hdfs-client-3.3.1.jar:/home/runner/.m2/repository/org/bouncycastle/bcprov-jdk15on/1.67/bcprov-jdk15on-1.67.jar:/home/runner/.m2/repository/com/google/protobuf/protobuf-java/2.5.0/protobuf-java-2.5.0.jar:/home/runner/.m2/repository/org/apache/ozone/ozone-manager/1.2.0-SNAPSHOT/ozone-manager-1.2.0-SNAPSHOT.jar:/home/runner/.m2/repository/org/aspectj/aspectjrt/1.9.7/aspectjrt-1.9.7.jar:/home/runner/.m2/repository/org/aspectj/aspectjweaver/1.9.7/aspectjweaver-1.9.7.jar:/home/runner/.m2/repository/org/apache/ozone/hdds-interface-client/1.2.0-SNAPSHOT/hdds-interface-client-1.2.0-SNAPSHOT.jar:/home/runner/.m2/repository/org/apache/hadoop/thirdparty/hadoop-shaded-protobuf_3_7/1.1.1/hadoop-shaded-protobuf_3_7-1.1.1.jar:/home/runner/.m2/repository/org/apache/ozone/ozone-interface-storage/1.2.0-SNAPSHOT/ozone-interface-storage-1.2.0-SNAPSHOT.jar:/home/runner/.m2/repository/org/reflections/reflections/0.9.11/reflections-0.9.11.jar:/home/runner/.m2/repository/org/apache/hadoop/hadoop-minikdc/3.3.1/hadoop-minikdc-3.3.1.jar:/home/runner/.m2/repository/org/apache/kerby/kerb-simplekdc/1.0.1/kerb-simplekdc-1.0.1.jar:/home/runner/.m2/repository/org/apache/kerby/kerb-client/1.0.1/kerb-client-1.0.1.jar:/home/runner/.m2/repository/org/apache/kerby/kerby-config/1.0.1/kerby-config-1.0.1.jar:/home/runner/.m2/repository/org/apache/kerby/kerb-common/1.0.1/kerb-common-1.0.1.jar:/home/runner/.m2/repository/org/apache/kerby/kerb-crypto/1.0.1/kerb-crypto-1.0.1.jar:/home/runner/.m2/repository/org/apache/kerby/kerb-util/1.0.1/kerb-util-1.0.1.jar:/home/runner/.m2/repository/org/apache/kerby/token-provider/1.0.1/token-provider-1.0.1.jar:/home/runner/.m2/repository/org/apache/kerby/kerb-admin/1.0.1/kerb-admin-1.0.1.jar:/home/runner/.m2/repository/org/apache/kerby/kerb-server/1.0.1/kerb-server-1.0.1.jar:/home/runner/.m2/repository/org/apache/kerby/kerb-identity/1.0.1/kerb-identity-1.0.1.jar:/home/runner/.m2/repository/org/apache/kerby/kerby-xdr/1.0.1/kerby-xdr-1.0.1.jar:/home/runner/.m2/repository/org/slf4j/slf4j-log4j12/1.7.30/slf4j-log4j12-1.7.30.jar:/home/runner/.m2/repository/org/apache/ozone/ozone-s3gateway/1.2.0-SNAPSHOT/ozone-s3gateway-1.2.0-SNAPSHOT.jar:/home/runner/.m2/repository/org/javassist/javassist/3.21.0-GA/javassist-3.21.0-GA.jar:/home/runner/.m2/repository/org/jboss/weld/servlet/weld-servlet/2.4.7.Final/weld-servlet-2.4.7.Final.jar:/home/runner/.m2/repository/org/glassfish/jersey/containers/jersey-container-servlet-core/2.33/jersey-container-servlet-core-2.33.jar:/home/runner/.m2/repository/org/glassfish/hk2/external/jakarta.inject/2.6.1/jakarta.inject-2.6.1.jar:/home/runner/.m2/repository/org/glassfish/jersey/core/jersey-common/2.33/jersey-common-2.33.jar:/home/runner/.m2/repository/jakarta/ws/rs/jakarta.ws.rs-api/2.1.6/jakarta.ws.rs-api-2.1.6.jar:/home/runner/.m2/repository/org/glassfish/jersey/ext/cdi/jersey-cdi1x/2.33/jersey-cdi1x-2.33.jar:/home/runner/.m2/repository/org/glassfish/jersey/inject/jersey-hk2/2.33/jersey-hk2-2.33.jar:/home/runner/.m2/repository/org/glassfish/hk2/hk2-locator/2.6.1/hk2-locator-2.6.1.jar:/home/runner/.m2/repository/org/glassfish/jersey/media/jersey-media-jaxb/2.33/jersey-media-jaxb-2.33.jar:/home/runner/.m2/repository/org/glassfish/hk2/osgi-resource-locator/1.0.3/osgi-resource-locator-1.0.3.jar:/home/runner/.m2/repository/org/glassfish/hk2/hk2-api/2.5.0/hk2-api-2.5.0.jar:/home/runner/.m2/repository/org/glassfish/hk2/hk2-utils/2.5.0/hk2-utils-2.5.0.jar:/home/runner/.m2/repository/org/glassfish/hk2/external/aopalliance-repackaged/2.5.0/aopalliance-repackaged-2.5.0.jar:/home/runner/.m2/repository/com/fasterxml/jackson/dataformat/jackson-dataformat-xml/2.12.1/jackson-dataformat-xml-2.12.1.jar:/home/runner/.m2/repository/com/fasterxml/jackson/core/jackson-core/2.12.1/jackson-core-2.12.1.jar:/home/runner/.m2/repository/com/fasterxml/jackson/module/jackson-module-jaxb-annotations/2.12.1/jackson-module-jaxb-annotations-2.12.1.jar:/home/runner/.m2/repository/jakarta/xml/bind/jakarta.xml.bind-api/2.3.2/jakarta.xml.bind-api-2.3.2.jar:/home/runner/.m2/repository/org/codehaus/woodstox/stax2-api/3.1.4/stax2-api-3.1.4.jar:/home/runner/.m2/repository/com/fasterxml/woodstox/woodstox-core/5.0.3/woodstox-core-5.0.3.jar:/home/runner/.m2/repository/javax/enterprise/cdi-api/1.2/cdi-api-1.2.jar:/home/runner/.m2/repository/javax/el/javax.el-api/3.0.0/javax.el-api-3.0.0.jar:/home/runner/.m2/repository/javax/interceptor/javax.interceptor-api/1.2/javax.interceptor-api-1.2.jar:/home/runner/.m2/repository/javax/inject/javax.inject/1/javax.inject-1.jar:/home/runner/.m2/repository/javax/xml/bind/jaxb-api/2.3.0/jaxb-api-2.3.0.jar:/home/runner/.m2/repository/org/glassfish/jaxb/jaxb-runtime/2.3.0.1/jaxb-runtime-2.3.0.1.jar:/home/runner/.m2/repository/org/glassfish/jaxb/jaxb-core/2.3.0.1/jaxb-core-2.3.0.1.jar:/home/runner/.m2/repository/org/glassfish/jaxb/txw2/2.3.0.1/txw2-2.3.0.1.jar:/home/runner/.m2/repository/com/sun/istack/istack-commons-runtime/3.0.5/istack-commons-runtime-3.0.5.jar:/home/runner/.m2/repository/org/jvnet/staxex/stax-ex/1.7.8/stax-ex-1.7.8.jar:/home/runner/.m2/repository/com/sun/xml/fastinfoset/FastInfoset/1.2.13/FastInfoset-1.2.13.jar:/home/runner/.m2/repository/javax/activation/activation/1.1.1/activation-1.1.1.jar:/home/runner/.m2/repository/org/apache/ozone/ozone-csi/1.2.0-SNAPSHOT/ozone-csi-1.2.0-SNAPSHOT.jar:/home/runner/.m2/repository/com/google/protobuf/protobuf-java-util/3.12.0/protobuf-java-util-3.12.0.jar:/home/runner/.m2/repository/com/google/code/gson/gson/2.2.4/gson-2.2.4.jar:/home/runner/.m2/repository/org/apache/ozone/hdds-config/1.2.0-SNAPSHOT/hdds-config-1.2.0-SNAPSHOT.jar:/home/runner/.m2/repository/io/grpc/grpc-netty/1.33.0/grpc-netty-1.33.0.jar:/home/runner/.m2/repository/io/grpc/grpc-core/1.33.0/grpc-core-1.33.0.jar:/home/runner/.m2/repository/com/google/android/annotations/4.1.1.4/annotations-4.1.1.4.jar:/home/runner/.m2/repository/io/netty/netty-codec-http2/4.1.63.Final/netty-codec-http2-4.1.63.Final.jar:/home/runner/.m2/repository/io/netty/netty-codec-http/4.1.63.Final/netty-codec-http-4.1.63.Final.jar:/home/runner/.m2/repository/io/netty/netty-handler-proxy/4.1.63.Final/netty-handler-proxy-4.1.63.Final.jar:/home/runner/.m2/repository/io/netty/netty-codec-socks/4.1.63.Final/netty-codec-socks-4.1.63.Final.jar:/home/runner/.m2/repository/io/perfmark/perfmark-api/0.19.0/perfmark-api-0.19.0.jar:/home/runner/.m2/repository/org/codehaus/mojo/animal-sniffer-annotations/1.18/animal-sniffer-annotations-1.18.jar:/home/runner/.m2/repository/io/netty/netty-transport-native-epoll/4.1.63.Final/netty-transport-native-epoll-4.1.63.Final.jar:/home/runner/.m2/repository/io/netty/netty-common/4.1.63.Final/netty-common-4.1.63.Final.jar:/home/runner/.m2/repository/io/netty/netty-buffer/4.1.63.Final/netty-buffer-4.1.63.Final.jar:/home/runner/.m2/repository/io/netty/netty-transport-native-unix-common/4.1.63.Final/netty-transport-native-unix-common-4.1.63.Final.jar:/home/runner/.m2/repository/io/grpc/grpc-protobuf/1.33.0/grpc-protobuf-1.33.0.jar:/home/runner/.m2/repository/io/grpc/grpc-api/1.33.0/grpc-api-1.33.0.jar:/home/runner/.m2/repository/io/grpc/grpc-context/1.33.0/grpc-context-1.33.0.jar:/home/runner/.m2/repository/com/google/api/grpc/proto-google-common-protos/1.17.0/proto-google-common-protos-1.17.0.jar:/home/runner/.m2/repository/io/grpc/grpc-protobuf-lite/1.33.0/grpc-protobuf-lite-1.33.0.jar:/home/runner/.m2/repository/io/grpc/grpc-stub/1.33.0/grpc-stub-1.33.0.jar:/home/runner/.m2/repository/org/apache/ozone/ozone-recon/1.2.0-SNAPSHOT/ozone-recon-1.2.0-SNAPSHOT.jar:/home/runner/.m2/repository/org/apache/ozone/ozone-reconcodegen/1.2.0-SNAPSHOT/ozone-reconcodegen-1.2.0-SNAPSHOT.jar:/home/runner/.m2/repository/com/google/inject/extensions/guice-multibindings/4.0/guice-multibindings-4.0.jar:/home/runner/.m2/repository/com/google/inject/guice/4.0/guice-4.0.jar:/home/runner/.m2/repository/aopalliance/aopalliance/1.0/aopalliance-1.0.jar:/home/runner/.m2/repository/com/google/inject/extensions/guice-assistedinject/4.0/guice-assistedinject-4.0.jar:/home/runner/.m2/repository/com/google/inject/extensions/guice-servlet/4.0/guice-servlet-4.0.jar:/home/runner/.m2/repository/org/glassfish/jersey/containers/jersey-container-servlet/2.33/jersey-container-servlet-2.33.jar:/home/runner/.m2/repository/org/glassfish/hk2/guice-bridge/2.5.0/guice-bridge-2.5.0.jar:/home/runner/.m2/repository/org/glassfish/jersey/core/jersey-server/2.33/jersey-server-2.33.jar:/home/runner/.m2/repository/org/glassfish/jersey/core/jersey-client/2.33/jersey-client-2.33.jar:/home/runner/.m2/repository/jakarta/annotation/jakarta.annotation-api/1.3.5/jakarta.annotation-api-1.3.5.jar:/home/runner/.m2/repository/jakarta/validation/jakarta.validation-api/2.0.2/jakarta.validation-api-2.0.2.jar:/home/runner/.m2/repository/org/glassfish/jersey/media/jersey-media-json-jackson/2.33/jersey-media-json-jackson-2.33.jar:/home/runner/.m2/repository/org/glassfish/jersey/ext/jersey-entity-filtering/2.33/jersey-entity-filtering-2.33.jar:/home/runner/.m2/repository/org/jooq/jooq/3.11.10/jooq-3.11.10.jar:/home/runner/.m2/repository/org/jooq/jooq-meta/3.11.10/jooq-meta-3.11.10.jar:/home/runner/.m2/repository/org/jooq/jooq-codegen/3.11.10/jooq-codegen-3.11.10.jar:/home/runner/.m2/repository/com/jolbox/bonecp/0.8.0.RELEASE/bonecp-0.8.0.RELEASE.jar:/home/runner/.m2/repository/org/apache/derby/derby/10.14.2.0/derby-10.14.2.0.jar:/home/runner/.m2/repository/org/xerial/sqlite-jdbc/3.25.2/sqlite-jdbc-3.25.2.jar:/home/runner/.m2/repository/org/springframework/spring-jdbc/5.2.18.RELEASE/spring-jdbc-5.2.18.RELEASE.jar:/home/runner/.m2/repository/org/springframework/spring-beans/5.2.18.RELEASE/spring-beans-5.2.18.RELEASE.jar:/home/runner/.m2/repository/org/springframework/spring-core/5.2.18.RELEASE/spring-core-5.2.18.RELEASE.jar:/home/runner/.m2/repository/org/springframework/spring-jcl/5.2.18.RELEASE/spring-jcl-5.2.18.RELEASE.jar:/home/runner/.m2/repository/org/springframework/spring-tx/5.2.18.RELEASE/spring-tx-5.2.18.RELEASE.jar:/home/runner/.m2/repository/org/apache/ozone/ozone-client/1.2.0-SNAPSHOT/ozone-client-1.2.0-SNAPSHOT.jar:/home/runner/.m2/repository/org/apache/ozone/ozone-filesystem/1.2.0-SNAPSHOT/ozone-filesystem-1.2.0-SNAPSHOT.jar:/home/runner/.m2/repository/org/apache/ozone/ozone-filesystem-common/1.2.0-SNAPSHOT/ozone-filesystem-common-1.2.0-SNAPSHOT.jar:/home/runner/.m2/repository/org/apache/ozone/ozone-tools/1.2.0-SNAPSHOT/ozone-tools-1.2.0-SNAPSHOT.jar:/home/runner/.m2/repository/org/apache/ratis/ratis-tools/2.2.0/ratis-tools-2.2.0.jar:/home/runner/.m2/repository/com/amazonaws/aws-java-sdk-core/1.11.1034/aws-java-sdk-core-1.11.1034.jar:/home/runner/.m2/repository/org/apache/httpcomponents/httpclient/4.5.13/httpclient-4.5.13.jar:/home/runner/.m2/repository/org/apache/httpcomponents/httpcore/4.4.13/httpcore-4.4.13.jar:/home/runner/.m2/repository/software/amazon/ion/ion-java/1.0.2/ion-java-1.0.2.jar:/home/runner/.m2/repository/com/fasterxml/jackson/dataformat/jackson-dataformat-cbor/2.12.1/jackson-dataformat-cbor-2.12.1.jar:/home/runner/.m2/repository/joda-time/joda-time/2.8.1/joda-time-2.8.1.jar:/home/runner/.m2/repository/com/amazonaws/aws-java-sdk-s3/1.11.1034/aws-java-sdk-s3-1.11.1034.jar:/home/runner/.m2/repository/com/amazonaws/aws-java-sdk-kms/1.11.1034/aws-java-sdk-kms-1.11.1034.jar:/home/runner/.m2/repository/com/amazonaws/jmespath-java/1.11.1034/jmespath-java-1.11.1034.jar:/home/runner/.m2/repository/org/kohsuke/metainf-services/metainf-services/1.8/metainf-services-1.8.jar:/home/runner/.m2/repository/org/apache/ozone/hdds-tools/1.2.0-SNAPSHOT/hdds-tools-1.2.0-SNAPSHOT.jar:/home/runner/.m2/repository/commons-cli/commons-cli/1.2/commons-cli-1.2.jar:/home/runner/.m2/repository/org/apache/commons/commons-lang3/3.7/commons-lang3-3.7.jar:/home/runner/.m2/repository/org/apache/ozone/ozone-manager/1.2.0-SNAPSHOT/ozone-manager-1.2.0-SNAPSHOT-tests.jar:/home/runner/.m2/repository/org/apache/ozone/hdds-common/1.2.0-SNAPSHOT/hdds-common-1.2.0-SNAPSHOT-tests.jar:/home/runner/.m2/repository/org/apache/ozone/hdds-hadoop-dependency-client/1.2.0-SNAPSHOT/hdds-hadoop-dependency-client-1.2.0-SNAPSHOT.jar:/home/runner/.m2/repository/info/picocli/picocli/4.6.1/picocli-4.6.1.jar:/home/runner/.m2/repository/com/fasterxml/jackson/core/jackson-annotations/2.12.1/jackson-annotations-2.12.1.jar:/home/runner/.m2/repository/javax/annotation/javax.annotation-api/1.2/javax.annotation-api-1.2.jar:/home/runner/.m2/repository/org/apache/ratis/ratis-server/2.2.0/ratis-server-2.2.0.jar:/home/runner/.m2/repository/org/apache/ratis/ratis-client/2.2.0/ratis-client-2.2.0.jar:/home/runner/.m2/repository/org/apache/ratis/ratis-server-api/2.2.0/ratis-server-api-2.2.0.jar:/home/runner/.m2/repository/org/apache/ratis/ratis-metrics/2.2.0/ratis-metrics-2.2.0.jar:/home/runner/.m2/repository/org/apache/ratis/ratis-netty/2.2.0/ratis-netty-2.2.0.jar:/home/runner/.m2/repository/org/apache/ratis/ratis-grpc/2.2.0/ratis-grpc-2.2.0.jar:/home/runner/.m2/repository/org/apache/logging/log4j/log4j-api/2.13.3/log4j-api-2.13.3.jar:/home/runner/.m2/repository/org/apache/logging/log4j/log4j-core/2.13.3/log4j-core-2.13.3.jar:/home/runner/.m2/repository/com/lmax/disruptor/3.4.2/disruptor-3.4.2.jar:/home/runner/.m2/repository/org/apache/commons/commons-pool2/2.6.0/commons-pool2-2.6.0.jar:/home/runner/.m2/repository/org/bouncycastle/bcpkix-jdk15on/1.67/bcpkix-jdk15on-1.67.jar:/home/runner/.m2/repository/commons-validator/commons-validator/1.6/commons-validator-1.6.jar:/home/runner/.m2/repository/commons-beanutils/commons-beanutils/1.9.4/commons-beanutils-1.9.4.jar:/home/runner/.m2/repository/commons-digester/commons-digester/1.8.1/commons-digester-1.8.1.jar:/home/runner/.m2/repository/commons-collections/commons-collections/3.2.2/commons-collections-3.2.2.jar:/home/runner/.m2/repository/io/jaegertracing/jaeger-client/1.6.0/jaeger-client-1.6.0.jar:/home/runner/.m2/repository/io/jaegertracing/jaeger-thrift/1.6.0/jaeger-thrift-1.6.0.jar:/home/runner/.m2/repository/org/apache/thrift/libthrift/0.14.1/libthrift-0.14.1.jar:/home/runner/.m2/repository/com/squareup/okhttp3/okhttp/4.9.0/okhttp-4.9.0.jar:/home/runner/.m2/repository/com/squareup/okio/okio/2.8.0/okio-2.8.0.jar:/home/runner/.m2/repository/io/jaegertracing/jaeger-core/1.6.0/jaeger-core-1.6.0.jar:/home/runner/.m2/repository/io/jaegertracing/jaeger-tracerresolver/1.6.0/jaeger-tracerresolver-1.6.0.jar:/home/runner/.m2/repository/io/opentracing/contrib/opentracing-tracerresolver/0.1.8/opentracing-tracerresolver-0.1.8.jar:/home/runner/.m2/repository/org/jetbrains/kotlin/kotlin-stdlib/1.4.31/kotlin-stdlib-1.4.31.jar:/home/runner/.m2/repository/org/jetbrains/kotlin/kotlin-stdlib-common/1.4.31/kotlin-stdlib-common-1.4.31.jar:/home/runner/.m2/repository/org/jetbrains/annotations/13.0/annotations-13.0.jar:/home/runner/.m2/repository/io/opentracing/opentracing-util/0.33.0/opentracing-util-0.33.0.jar:/home/runner/.m2/repository/io/opentracing/opentracing-api/0.33.0/opentracing-api-0.33.0.jar:/home/runner/.m2/repository/io/opentracing/opentracing-noop/0.33.0/opentracing-noop-0.33.0.jar:/home/runner/.m2/repository/org/yaml/snakeyaml/1.26/snakeyaml-1.26.jar:/home/runner/.m2/repository/org/apache/ozone/hdds-interface-admin/1.2.0-SNAPSHOT/hdds-interface-admin-1.2.0-SNAPSHOT.jar:/home/runner/.m2/repository/junit/junit/4.13.1/junit-4.13.1.jar:/home/runner/.m2/repository/org/hamcrest/hamcrest-core/1.3/hamcrest-core-1.3.jar:/home/runner/.m2/repository/org/junit/jupiter/junit-jupiter-api/5.7.0/junit-jupiter-api-5.7.0.jar:/home/runner/.m2/repository/org/apiguardian/apiguardian-api/1.1.0/apiguardian-api-1.1.0.jar:/home/runner/.m2/repository/org/opentest4j/opentest4j/1.2.0/opentest4j-1.2.0.jar:/home/runner/.m2/repository/org/junit/platform/junit-platform-commons/1.7.0/junit-platform-commons-1.7.0.jar:/home/runner/.m2/repository/org/junit/jupiter/junit-jupiter-engine/5.7.0/junit-jupiter-engine-5.7.0.jar:/home/runner/.m2/repository/org/junit/platform/junit-platform-engine/1.7.0/junit-platform-engine-1.7.0.jar:/home/runner/.m2/repository/org/junit/vintage/junit-vintage-engine/5.7.0/junit-vintage-engine-5.7.0.jar:/home/runner/.m2/repository/org/junit/platform/junit-platform-launcher/1.7.0/junit-platform-launcher-1.7.0.jar:/home/runner/.m2/repository/org/openjdk/jmh/jmh-core/1.19/jmh-core-1.19.jar:/home/runner/.m2/repository/net/sf/jopt-simple/jopt-simple/4.6/jopt-simple-4.6.jar:/home/runner/.m2/repository/org/apache/commons/commons-math3/3.1.1/commons-math3-3.1.1.jar:/home/runner/.m2/repository/org/openjdk/jmh/jmh-generator-annprocess/1.19/jmh-generator-annprocess-1.19.jar:/home/runner/.m2/repository/org/mockito/mockito-core/2.28.2/mockito-core-2.28.2.jar:/home/runner/.m2/repository/net/bytebuddy/byte-buddy/1.9.10/byte-buddy-1.9.10.jar:/home/runner/.m2/repository/net/bytebuddy/byte-buddy-agent/1.9.10/byte-buddy-agent-1.9.10.jar:/home/runner/.m2/repository/org/objenesis/objenesis/1.0/objenesis-1.0.jar:/home/runner/.m2/repository/org/apache/hadoop/hadoop-kms/3.3.1/hadoop-kms-3.3.1.jar:/home/runner/.m2/repository/org/apache/hadoop/hadoop-auth/3.3.1/hadoop-auth-3.3.1.jar:/home/runner/.m2/repository/com/nimbusds/nimbus-jose-jwt/7.9/nimbus-jose-jwt-7.9.jar:/home/runner/.m2/repository/com/github/stephenc/jcip/jcip-annotations/1.0-1/jcip-annotations-1.0-1.jar:/home/runner/.m2/repository/net/minidev/json-smart/2.3.1/json-smart-2.3.1.jar:/home/runner/.m2/repository/net/minidev/accessors-smart/2.3.1/accessors-smart-2.3.1.jar:/home/runner/.m2/repository/org/ow2/asm/asm/5.0.4/asm-5.0.4.jar:/home/runner/.m2/repository/org/apache/zookeeper/zookeeper/3.5.6/zookeeper-3.5.6.jar:/home/runner/.m2/repository/org/apache/zookeeper/zookeeper-jute/3.5.6/zookeeper-jute-3.5.6.jar:/home/runner/.m2/repository/org/apache/yetus/audience-annotations/0.5.0/audience-annotations-0.5.0.jar:/home/runner/.m2/repository/org/apache/curator/curator-framework/4.2.0/curator-framework-4.2.0.jar:/home/runner/.m2/repository/org/apache/hadoop/thirdparty/hadoop-shaded-guava/1.1.1/hadoop-shaded-guava-1.1.1.jar:/home/runner/.m2/repository/com/sun/jersey/jersey-core/1.19/jersey-core-1.19.jar:/home/runner/.m2/repository/javax/ws/rs/jsr311-api/1.1.1/jsr311-api-1.1.1.jar:/home/runner/.m2/repository/com/sun/jersey/jersey-server/1.19/jersey-server-1.19.jar:/home/runner/.m2/repository/javax/servlet/javax.servlet-api/3.1.0/javax.servlet-api-3.1.0.jar:/home/runner/.m2/repository/org/eclipse/jetty/jetty-server/9.4.43.v20210629/jetty-server-9.4.43.v20210629.jar:/home/runner/.m2/repository/org/eclipse/jetty/jetty-http/9.4.43.v20210629/jetty-http-9.4.43.v20210629.jar:/home/runner/.m2/repository/org/eclipse/jetty/jetty-io/9.4.43.v20210629/jetty-io-9.4.43.v20210629.jar:/home/runner/.m2/repository/org/eclipse/jetty/jetty-webapp/9.4.43.v20210629/jetty-webapp-9.4.43.v20210629.jar:/home/runner/.m2/repository/org/eclipse/jetty/jetty-xml/9.4.43.v20210629/jetty-xml-9.4.43.v20210629.jar:/home/runner/.m2/repository/org/apache/hadoop/hadoop-common/3.3.1/hadoop-common-3.3.1.jar:/home/runner/.m2/repository/commons-net/commons-net/3.6/commons-net-3.6.jar:/home/runner/.m2/repository/jakarta/activation/jakarta.activation-api/1.2.1/jakarta.activation-api-1.2.1.jar:/home/runner/.m2/repository/com/sun/jersey/jersey-servlet/1.19/jersey-servlet-1.19.jar:/home/runner/.m2/repository/com/sun/jersey/jersey-json/1.19/jersey-json-1.19.jar:/home/runner/.m2/repository/org/codehaus/jettison/jettison/1.1/jettison-1.1.jar:/home/runner/.m2/repository/com/sun/xml/bind/jaxb-impl/2.2.3-1/jaxb-impl-2.2.3-1.jar:/home/runner/.m2/repository/org/codehaus/jackson/jackson-jaxrs/1.9.2/jackson-jaxrs-1.9.2.jar:/home/runner/.m2/repository/org/codehaus/jackson/jackson-xc/1.9.2/jackson-xc-1.9.2.jar:/home/runner/.m2/repository/org/apache/commons/commons-configuration2/2.1.1/commons-configuration2-2.1.1.jar:/home/runner/.m2/repository/org/apache/commons/commons-text/1.4/commons-text-1.4.jar:/home/runner/.m2/repository/com/google/re2j/re2j/1.1/re2j-1.1.jar:/home/runner/.m2/repository/com/jcraft/jsch/0.1.54/jsch-0.1.54.jar:/home/runner/.m2/repository/org/apache/curator/curator-client/4.2.0/curator-client-4.2.0.jar:/home/runner/.m2/repository/org/apache/curator/curator-recipes/4.2.0/curator-recipes-4.2.0.jar:/home/runner/.m2/repository/org/apache/kerby/kerb-core/1.0.1/kerb-core-1.0.1.jar:/home/runner/.m2/repository/org/apache/kerby/kerby-pkix/1.0.1/kerby-pkix-1.0.1.jar:/home/runner/.m2/repository/org/apache/kerby/kerby-asn1/1.0.1/kerby-asn1-1.0.1.jar:/home/runner/.m2/repository/org/apache/kerby/kerby-util/1.0.1/kerby-util-1.0.1.jar:/home/runner/.m2/repository/dnsjava/dnsjava/2.1.7/dnsjava-2.1.7.jar:/home/runner/.m2/repository/org/xerial/snappy/snappy-java/1.1.8.2/snappy-java-1.1.8.2.jar:/home/runner/.m2/repository/org/slf4j/jul-to-slf4j/1.7.30/jul-to-slf4j-1.7.30.jar:/home/runner/.m2/repository/org/eclipse/jetty/jetty-util/9.4.43.v20210629/jetty-util-9.4.43.v20210629.jar:/home/runner/.m2/repository/com/fasterxml/jackson/core/jackson-databind/2.12.1/jackson-databind-2.12.1.jar:/home/runner/.m2/repository/org/apache/hadoop/hadoop-kms/3.3.1/hadoop-kms-3.3.1-tests.jar:/home/runner/.m2/repository/org/apache/ozone/hdds-server-scm/1.2.0-SNAPSHOT/hdds-server-scm-1.2.0-SNAPSHOT-tests.jar:/home/runner/.m2/repository/org/apache/ozone/hdds-container-service/1.2.0-SNAPSHOT/hdds-container-service-1.2.0-SNAPSHOT-tests.jar:/home/runner/.m2/repository/commons-codec/commons-codec/1.11/commons-codec-1.11.jar:/home/runner/.m2/repository/io/netty/netty-transport/4.1.63.Final/netty-transport-4.1.63.Final.jar:/home/runner/.m2/repository/io/netty/netty-resolver/4.1.63.Final/netty-resolver-4.1.63.Final.jar:/home/runner/.m2/repository/io/netty/netty-codec/4.1.63.Final/netty-codec-4.1.63.Final.jar:/home/runner/.m2/repository/io/netty/netty-handler/4.1.63.Final/netty-handler-4.1.63.Final.jar:/home/runner/.m2/repository/org/apache/ozone/hdds-hadoop-dependency-test/1.2.0-SNAPSHOT/hdds-hadoop-dependency-test-1.2.0-SNAPSHOT.jar:/home/runner/.m2/repository/org/apache/hadoop/hadoop-common/3.3.1/hadoop-common-3.3.1-tests.jar:/home/runner/.m2/repository/org/assertj/assertj-core/3.12.2/assertj-core-3.12.2.jar:/home/runner/.m2/repository/org/apache/hadoop/hadoop-hdfs/3.3.1/hadoop-hdfs-3.3.1-tests.jar:/home/runner/.m2/repository/org/eclipse/jetty/jetty-util-ajax/9.4.43.v20210629/jetty-util-ajax-9.4.43.v20210629.jar:/home/runner/.m2/repository/commons-daemon/commons-daemon/1.0.13/commons-daemon-1.0.13.jar:/home/runner/.m2/repository/io/netty/netty/3.10.6.Final/netty-3.10.6.Final.jar:/home/runner/.m2/repository/io/netty/netty-all/4.1.63.Final/netty-all-4.1.63.Final.jar:/home/runner/.m2/repository/org/apache/htrace/htrace-core4/4.1.0-incubating/htrace-core4-4.1.0-incubating.jar:/home/runner/.m2/repository/org/fusesource/leveldbjni/leveldbjni-all/1.8/leveldbjni-all-1.8.jar:/home/runner/.m2/repository/org/apache/hadoop/hadoop-distcp/3.3.1/hadoop-distcp-3.3.1.jar:/home/runner/.m2/repository/org/apache/hadoop/hadoop-mapreduce-client-jobclient/3.3.1/hadoop-mapreduce-client-jobclient-3.3.1.jar:/home/runner/.m2/repository/org/apache/hadoop/hadoop-mapreduce-client-common/3.3.1/hadoop-mapreduce-client-common-3.3.1.jar:/home/runner/.m2/repository/org/apache/hadoop/hadoop-yarn-common/3.3.1/hadoop-yarn-common-3.3.1.jar:/home/runner/.m2/repository/org/apache/hadoop/hadoop-yarn-api/3.3.1/hadoop-yarn-api-3.3.1.jar:/home/runner/.m2/repository/com/sun/jersey/jersey-client/1.19/jersey-client-1.19.jar:/home/runner/.m2/repository/com/sun/jersey/contribs/jersey-guice/1.19/jersey-guice-1.19.jar:/home/runner/.m2/repository/com/fasterxml/jackson/jaxrs/jackson-jaxrs-json-provider/2.12.1/jackson-jaxrs-json-provider-2.12.1.jar:/home/runner/.m2/repository/com/fasterxml/jackson/jaxrs/jackson-jaxrs-base/2.12.1/jackson-jaxrs-base-2.12.1.jar:/home/runner/.m2/repository/org/apache/hadoop/hadoop-yarn-client/3.3.1/hadoop-yarn-client-3.3.1.jar:/home/runner/.m2/repository/org/eclipse/jetty/websocket/websocket-client/9.4.40.v20210413/websocket-client-9.4.40.v20210413.jar:/home/runner/.m2/repository/org/eclipse/jetty/jetty-client/9.4.40.v20210413/jetty-client-9.4.40.v20210413.jar:/home/runner/.m2/repository/org/eclipse/jetty/websocket/websocket-common/9.4.40.v20210413/websocket-common-9.4.40.v20210413.jar:/home/runner/.m2/repository/org/eclipse/jetty/websocket/websocket-api/9.4.40.v20210413/websocket-api-9.4.40.v20210413.jar:/home/runner/.m2/repository/org/jline/jline/3.9.0/jline-3.9.0.jar:/home/runner/.m2/repository/org/apache/hadoop/hadoop-mapreduce-client-core/3.3.1/hadoop-mapreduce-client-core-3.3.1.jar:/home/runner/.m2/repository/org/apache/avro/avro/1.7.7/avro-1.7.7.jar:/home/runner/.m2/repository/org/codehaus/jackson/jackson-core-asl/1.9.13/jackson-core-asl-1.9.13.jar:/home/runner/.m2/repository/org/codehaus/jackson/jackson-mapper-asl/1.9.13/jackson-mapper-asl-1.9.13.jar:/home/runner/.m2/repository/com/thoughtworks/paranamer/paranamer/2.3/paranamer-2.3.jar:/home/runner/.m2/repository/org/apache/hadoop/hadoop-annotations/3.3.1/hadoop-annotations-3.3.1.jar:/usr/lib/jvm/adoptopenjdk-8-hotspot-amd64/jre/../lib/tools.jar:/home/runner/.m2/repository/org/apache/hadoop/hadoop-distcp/3.3.1/hadoop-distcp-3.3.1-tests.jar:/home/runner/.m2/repository/org/apache/ratis/ratis-common/2.2.0/ratis-common-2.2.0.jar:/home/runner/.m2/repository/org/apache/ratis/ratis-thirdparty-misc/0.7.0/ratis-thirdparty-misc-0.7.0.jar:/home/runner/.m2/repository/org/apache/ratis/ratis-proto/2.2.0/ratis-proto-2.2.0.jar:"/>
    <property name="java.vm.vendor" value="AdoptOpenJDK"/>
    <property name="sun.arch.data.model" value="64"/>
    <property name="test.build.dir" value="/home/runner/work/ozone/ozone/hadoop-ozone/integration-test/target/test-dir"/>
    <property name="test.cache.data" value=""/>
    <property name="java.vendor.url" value="https://adoptopenjdk.net/"/>
    <property name="user.timezone" value=""/>
    <property name="java.vm.specification.version" value="1.8"/>
    <property name="os.name" value="Linux"/>
    <property name="test.build.data" value="/home/runner/work/ozone/ozone/hadoop-ozone/integration-test/target/test-dir"/>
    <property name="sun.java.launcher" value="SUN_STANDARD"/>
    <property name="sun.boot.library.path" value="/usr/lib/jvm/adoptopenjdk-8-hotspot-amd64/jre/lib/amd64"/>
    <property name="sun.java.command" value="/home/runner/work/ozone/ozone/hadoop-ozone/integration-test/target/surefire/surefirebooter131681395892635927.jar /home/runner/work/ozone/ozone/hadoop-ozone/integration-test/target/surefire 2021-11-11T01-36-14_818-jvmRun1 surefire5376176002931728134tmp surefire_48665283121480255851tmp"/>
    <property name="surefire.test.class.path" value="/home/runner/work/ozone/ozone/hadoop-ozone/integration-test/target/test-classes:/home/runner/work/ozone/ozone/hadoop-ozone/integration-test/target/classes:/home/runner/.m2/repository/org/apache/ozone/ozone-common/1.2.0-SNAPSHOT/ozone-common-1.2.0-SNAPSHOT.jar:/home/runner/.m2/repository/org/apache/commons/commons-compress/1.21/commons-compress-1.21.jar:/home/runner/.m2/repository/org/apache/ozone/hdds-common/1.2.0-SNAPSHOT/hdds-common-1.2.0-SNAPSHOT.jar:/home/runner/.m2/repository/org/apache/ozone/hdds-client/1.2.0-SNAPSHOT/hdds-client-1.2.0-SNAPSHOT.jar:/home/runner/.m2/repository/org/apache/ozone/ozone-interface-client/1.2.0-SNAPSHOT/ozone-interface-client-1.2.0-SNAPSHOT.jar:/home/runner/.m2/repository/org/apache/ozone/hdds-test-utils/1.2.0-SNAPSHOT/hdds-test-utils-1.2.0-SNAPSHOT.jar:/home/runner/.m2/repository/com/google/guava/guava/30.1.1-jre/guava-30.1.1-jre.jar:/home/runner/.m2/repository/com/google/guava/failureaccess/1.0.1/failureaccess-1.0.1.jar:/home/runner/.m2/repository/com/google/guava/listenablefuture/9999.0-empty-to-avoid-conflict-with-guava/listenablefuture-9999.0-empty-to-avoid-conflict-with-guava.jar:/home/runner/.m2/repository/com/google/code/findbugs/jsr305/3.0.0/jsr305-3.0.0.jar:/home/runner/.m2/repository/org/checkerframework/checker-qual/3.8.0/checker-qual-3.8.0.jar:/home/runner/.m2/repository/com/google/errorprone/error_prone_annotations/2.2.0/error_prone_annotations-2.2.0.jar:/home/runner/.m2/repository/com/google/j2objc/j2objc-annotations/1.3/j2objc-annotations-1.3.jar:/home/runner/.m2/repository/commons-io/commons-io/2.11.0/commons-io-2.11.0.jar:/home/runner/.m2/repository/commons-logging/commons-logging/1.2/commons-logging-1.2.jar:/home/runner/.m2/repository/log4j/log4j/1.2.17/log4j-1.2.17.jar:/home/runner/.m2/repository/org/slf4j/slf4j-api/1.7.30/slf4j-api-1.7.30.jar:/home/runner/.m2/repository/org/apache/ozone/hdds-server-scm/1.2.0-SNAPSHOT/hdds-server-scm-1.2.0-SNAPSHOT.jar:/home/runner/.m2/repository/org/apache/ozone/hdds-container-service/1.2.0-SNAPSHOT/hdds-container-service-1.2.0-SNAPSHOT.jar:/home/runner/.m2/repository/org/apache/ozone/hdds-hadoop-dependency-server/1.2.0-SNAPSHOT/hdds-hadoop-dependency-server-1.2.0-SNAPSHOT.jar:/home/runner/.m2/repository/org/apache/hadoop/hadoop-hdfs/3.3.1/hadoop-hdfs-3.3.1.jar:/home/runner/.m2/repository/org/apache/ozone/hdds-server-framework/1.2.0-SNAPSHOT/hdds-server-framework-1.2.0-SNAPSHOT.jar:/home/runner/.m2/repository/org/apache/ozone/hdds-interface-server/1.2.0-SNAPSHOT/hdds-interface-server-1.2.0-SNAPSHOT.jar:/home/runner/.m2/repository/org/eclipse/jetty/jetty-servlet/9.4.43.v20210629/jetty-servlet-9.4.43.v20210629.jar:/home/runner/.m2/repository/org/eclipse/jetty/jetty-security/9.4.43.v20210629/jetty-security-9.4.43.v20210629.jar:/home/runner/.m2/repository/org/rocksdb/rocksdbjni/6.25.3/rocksdbjni-6.25.3.jar:/home/runner/.m2/repository/io/prometheus/simpleclient_dropwizard/0.7.0/simpleclient_dropwizard-0.7.0.jar:/home/runner/.m2/repository/io/prometheus/simpleclient/0.7.0/simpleclient-0.7.0.jar:/home/runner/.m2/repository/io/prometheus/simpleclient_common/0.7.0/simpleclient_common-0.7.0.jar:/home/runner/.m2/repository/com/fasterxml/jackson/datatype/jackson-datatype-jsr310/2.12.1/jackson-datatype-jsr310-2.12.1.jar:/home/runner/.m2/repository/io/dropwizard/metrics/metrics-core/3.2.4/metrics-core-3.2.4.jar:/home/runner/.m2/repository/org/apache/hadoop/hadoop-hdfs-client/3.3.1/hadoop-hdfs-client-3.3.1.jar:/home/runner/.m2/repository/org/bouncycastle/bcprov-jdk15on/1.67/bcprov-jdk15on-1.67.jar:/home/runner/.m2/repository/com/google/protobuf/protobuf-java/2.5.0/protobuf-java-2.5.0.jar:/home/runner/.m2/repository/org/apache/ozone/ozone-manager/1.2.0-SNAPSHOT/ozone-manager-1.2.0-SNAPSHOT.jar:/home/runner/.m2/repository/org/aspectj/aspectjrt/1.9.7/aspectjrt-1.9.7.jar:/home/runner/.m2/repository/org/aspectj/aspectjweaver/1.9.7/aspectjweaver-1.9.7.jar:/home/runner/.m2/repository/org/apache/ozone/hdds-interface-client/1.2.0-SNAPSHOT/hdds-interface-client-1.2.0-SNAPSHOT.jar:/home/runner/.m2/repository/org/apache/hadoop/thirdparty/hadoop-shaded-protobuf_3_7/1.1.1/hadoop-shaded-protobuf_3_7-1.1.1.jar:/home/runner/.m2/repository/org/apache/ozone/ozone-interface-storage/1.2.0-SNAPSHOT/ozone-interface-storage-1.2.0-SNAPSHOT.jar:/home/runner/.m2/repository/org/reflections/reflections/0.9.11/reflections-0.9.11.jar:/home/runner/.m2/repository/org/apache/hadoop/hadoop-minikdc/3.3.1/hadoop-minikdc-3.3.1.jar:/home/runner/.m2/repository/org/apache/kerby/kerb-simplekdc/1.0.1/kerb-simplekdc-1.0.1.jar:/home/runner/.m2/repository/org/apache/kerby/kerb-client/1.0.1/kerb-client-1.0.1.jar:/home/runner/.m2/repository/org/apache/kerby/kerby-config/1.0.1/kerby-config-1.0.1.jar:/home/runner/.m2/repository/org/apache/kerby/kerb-common/1.0.1/kerb-common-1.0.1.jar:/home/runner/.m2/repository/org/apache/kerby/kerb-crypto/1.0.1/kerb-crypto-1.0.1.jar:/home/runner/.m2/repository/org/apache/kerby/kerb-util/1.0.1/kerb-util-1.0.1.jar:/home/runner/.m2/repository/org/apache/kerby/token-provider/1.0.1/token-provider-1.0.1.jar:/home/runner/.m2/repository/org/apache/kerby/kerb-admin/1.0.1/kerb-admin-1.0.1.jar:/home/runner/.m2/repository/org/apache/kerby/kerb-server/1.0.1/kerb-server-1.0.1.jar:/home/runner/.m2/repository/org/apache/kerby/kerb-identity/1.0.1/kerb-identity-1.0.1.jar:/home/runner/.m2/repository/org/apache/kerby/kerby-xdr/1.0.1/kerby-xdr-1.0.1.jar:/home/runner/.m2/repository/org/slf4j/slf4j-log4j12/1.7.30/slf4j-log4j12-1.7.30.jar:/home/runner/.m2/repository/org/apache/ozone/ozone-s3gateway/1.2.0-SNAPSHOT/ozone-s3gateway-1.2.0-SNAPSHOT.jar:/home/runner/.m2/repository/org/javassist/javassist/3.21.0-GA/javassist-3.21.0-GA.jar:/home/runner/.m2/repository/org/jboss/weld/servlet/weld-servlet/2.4.7.Final/weld-servlet-2.4.7.Final.jar:/home/runner/.m2/repository/org/glassfish/jersey/containers/jersey-container-servlet-core/2.33/jersey-container-servlet-core-2.33.jar:/home/runner/.m2/repository/org/glassfish/hk2/external/jakarta.inject/2.6.1/jakarta.inject-2.6.1.jar:/home/runner/.m2/repository/org/glassfish/jersey/core/jersey-common/2.33/jersey-common-2.33.jar:/home/runner/.m2/repository/jakarta/ws/rs/jakarta.ws.rs-api/2.1.6/jakarta.ws.rs-api-2.1.6.jar:/home/runner/.m2/repository/org/glassfish/jersey/ext/cdi/jersey-cdi1x/2.33/jersey-cdi1x-2.33.jar:/home/runner/.m2/repository/org/glassfish/jersey/inject/jersey-hk2/2.33/jersey-hk2-2.33.jar:/home/runner/.m2/repository/org/glassfish/hk2/hk2-locator/2.6.1/hk2-locator-2.6.1.jar:/home/runner/.m2/repository/org/glassfish/jersey/media/jersey-media-jaxb/2.33/jersey-media-jaxb-2.33.jar:/home/runner/.m2/repository/org/glassfish/hk2/osgi-resource-locator/1.0.3/osgi-resource-locator-1.0.3.jar:/home/runner/.m2/repository/org/glassfish/hk2/hk2-api/2.5.0/hk2-api-2.5.0.jar:/home/runner/.m2/repository/org/glassfish/hk2/hk2-utils/2.5.0/hk2-utils-2.5.0.jar:/home/runner/.m2/repository/org/glassfish/hk2/external/aopalliance-repackaged/2.5.0/aopalliance-repackaged-2.5.0.jar:/home/runner/.m2/repository/com/fasterxml/jackson/dataformat/jackson-dataformat-xml/2.12.1/jackson-dataformat-xml-2.12.1.jar:/home/runner/.m2/repository/com/fasterxml/jackson/core/jackson-core/2.12.1/jackson-core-2.12.1.jar:/home/runner/.m2/repository/com/fasterxml/jackson/module/jackson-module-jaxb-annotations/2.12.1/jackson-module-jaxb-annotations-2.12.1.jar:/home/runner/.m2/repository/jakarta/xml/bind/jakarta.xml.bind-api/2.3.2/jakarta.xml.bind-api-2.3.2.jar:/home/runner/.m2/repository/org/codehaus/woodstox/stax2-api/3.1.4/stax2-api-3.1.4.jar:/home/runner/.m2/repository/com/fasterxml/woodstox/woodstox-core/5.0.3/woodstox-core-5.0.3.jar:/home/runner/.m2/repository/javax/enterprise/cdi-api/1.2/cdi-api-1.2.jar:/home/runner/.m2/repository/javax/el/javax.el-api/3.0.0/javax.el-api-3.0.0.jar:/home/runner/.m2/repository/javax/interceptor/javax.interceptor-api/1.2/javax.interceptor-api-1.2.jar:/home/runner/.m2/repository/javax/inject/javax.inject/1/javax.inject-1.jar:/home/runner/.m2/repository/javax/xml/bind/jaxb-api/2.3.0/jaxb-api-2.3.0.jar:/home/runner/.m2/repository/org/glassfish/jaxb/jaxb-runtime/2.3.0.1/jaxb-runtime-2.3.0.1.jar:/home/runner/.m2/repository/org/glassfish/jaxb/jaxb-core/2.3.0.1/jaxb-core-2.3.0.1.jar:/home/runner/.m2/repository/org/glassfish/jaxb/txw2/2.3.0.1/txw2-2.3.0.1.jar:/home/runner/.m2/repository/com/sun/istack/istack-commons-runtime/3.0.5/istack-commons-runtime-3.0.5.jar:/home/runner/.m2/repository/org/jvnet/staxex/stax-ex/1.7.8/stax-ex-1.7.8.jar:/home/runner/.m2/repository/com/sun/xml/fastinfoset/FastInfoset/1.2.13/FastInfoset-1.2.13.jar:/home/runner/.m2/repository/javax/activation/activation/1.1.1/activation-1.1.1.jar:/home/runner/.m2/repository/org/apache/ozone/ozone-csi/1.2.0-SNAPSHOT/ozone-csi-1.2.0-SNAPSHOT.jar:/home/runner/.m2/repository/com/google/protobuf/protobuf-java-util/3.12.0/protobuf-java-util-3.12.0.jar:/home/runner/.m2/repository/com/google/code/gson/gson/2.2.4/gson-2.2.4.jar:/home/runner/.m2/repository/org/apache/ozone/hdds-config/1.2.0-SNAPSHOT/hdds-config-1.2.0-SNAPSHOT.jar:/home/runner/.m2/repository/io/grpc/grpc-netty/1.33.0/grpc-netty-1.33.0.jar:/home/runner/.m2/repository/io/grpc/grpc-core/1.33.0/grpc-core-1.33.0.jar:/home/runner/.m2/repository/com/google/android/annotations/4.1.1.4/annotations-4.1.1.4.jar:/home/runner/.m2/repository/io/netty/netty-codec-http2/4.1.63.Final/netty-codec-http2-4.1.63.Final.jar:/home/runner/.m2/repository/io/netty/netty-codec-http/4.1.63.Final/netty-codec-http-4.1.63.Final.jar:/home/runner/.m2/repository/io/netty/netty-handler-proxy/4.1.63.Final/netty-handler-proxy-4.1.63.Final.jar:/home/runner/.m2/repository/io/netty/netty-codec-socks/4.1.63.Final/netty-codec-socks-4.1.63.Final.jar:/home/runner/.m2/repository/io/perfmark/perfmark-api/0.19.0/perfmark-api-0.19.0.jar:/home/runner/.m2/repository/org/codehaus/mojo/animal-sniffer-annotations/1.18/animal-sniffer-annotations-1.18.jar:/home/runner/.m2/repository/io/netty/netty-transport-native-epoll/4.1.63.Final/netty-transport-native-epoll-4.1.63.Final.jar:/home/runner/.m2/repository/io/netty/netty-common/4.1.63.Final/netty-common-4.1.63.Final.jar:/home/runner/.m2/repository/io/netty/netty-buffer/4.1.63.Final/netty-buffer-4.1.63.Final.jar:/home/runner/.m2/repository/io/netty/netty-transport-native-unix-common/4.1.63.Final/netty-transport-native-unix-common-4.1.63.Final.jar:/home/runner/.m2/repository/io/grpc/grpc-protobuf/1.33.0/grpc-protobuf-1.33.0.jar:/home/runner/.m2/repository/io/grpc/grpc-api/1.33.0/grpc-api-1.33.0.jar:/home/runner/.m2/repository/io/grpc/grpc-context/1.33.0/grpc-context-1.33.0.jar:/home/runner/.m2/repository/com/google/api/grpc/proto-google-common-protos/1.17.0/proto-google-common-protos-1.17.0.jar:/home/runner/.m2/repository/io/grpc/grpc-protobuf-lite/1.33.0/grpc-protobuf-lite-1.33.0.jar:/home/runner/.m2/repository/io/grpc/grpc-stub/1.33.0/grpc-stub-1.33.0.jar:/home/runner/.m2/repository/org/apache/ozone/ozone-recon/1.2.0-SNAPSHOT/ozone-recon-1.2.0-SNAPSHOT.jar:/home/runner/.m2/repository/org/apache/ozone/ozone-reconcodegen/1.2.0-SNAPSHOT/ozone-reconcodegen-1.2.0-SNAPSHOT.jar:/home/runner/.m2/repository/com/google/inject/extensions/guice-multibindings/4.0/guice-multibindings-4.0.jar:/home/runner/.m2/repository/com/google/inject/guice/4.0/guice-4.0.jar:/home/runner/.m2/repository/aopalliance/aopalliance/1.0/aopalliance-1.0.jar:/home/runner/.m2/repository/com/google/inject/extensions/guice-assistedinject/4.0/guice-assistedinject-4.0.jar:/home/runner/.m2/repository/com/google/inject/extensions/guice-servlet/4.0/guice-servlet-4.0.jar:/home/runner/.m2/repository/org/glassfish/jersey/containers/jersey-container-servlet/2.33/jersey-container-servlet-2.33.jar:/home/runner/.m2/repository/org/glassfish/hk2/guice-bridge/2.5.0/guice-bridge-2.5.0.jar:/home/runner/.m2/repository/org/glassfish/jersey/core/jersey-server/2.33/jersey-server-2.33.jar:/home/runner/.m2/repository/org/glassfish/jersey/core/jersey-client/2.33/jersey-client-2.33.jar:/home/runner/.m2/repository/jakarta/annotation/jakarta.annotation-api/1.3.5/jakarta.annotation-api-1.3.5.jar:/home/runner/.m2/repository/jakarta/validation/jakarta.validation-api/2.0.2/jakarta.validation-api-2.0.2.jar:/home/runner/.m2/repository/org/glassfish/jersey/media/jersey-media-json-jackson/2.33/jersey-media-json-jackson-2.33.jar:/home/runner/.m2/repository/org/glassfish/jersey/ext/jersey-entity-filtering/2.33/jersey-entity-filtering-2.33.jar:/home/runner/.m2/repository/org/jooq/jooq/3.11.10/jooq-3.11.10.jar:/home/runner/.m2/repository/org/jooq/jooq-meta/3.11.10/jooq-meta-3.11.10.jar:/home/runner/.m2/repository/org/jooq/jooq-codegen/3.11.10/jooq-codegen-3.11.10.jar:/home/runner/.m2/repository/com/jolbox/bonecp/0.8.0.RELEASE/bonecp-0.8.0.RELEASE.jar:/home/runner/.m2/repository/org/apache/derby/derby/10.14.2.0/derby-10.14.2.0.jar:/home/runner/.m2/repository/org/xerial/sqlite-jdbc/3.25.2/sqlite-jdbc-3.25.2.jar:/home/runner/.m2/repository/org/springframework/spring-jdbc/5.2.18.RELEASE/spring-jdbc-5.2.18.RELEASE.jar:/home/runner/.m2/repository/org/springframework/spring-beans/5.2.18.RELEASE/spring-beans-5.2.18.RELEASE.jar:/home/runner/.m2/repository/org/springframework/spring-core/5.2.18.RELEASE/spring-core-5.2.18.RELEASE.jar:/home/runner/.m2/repository/org/springframework/spring-jcl/5.2.18.RELEASE/spring-jcl-5.2.18.RELEASE.jar:/home/runner/.m2/repository/org/springframework/spring-tx/5.2.18.RELEASE/spring-tx-5.2.18.RELEASE.jar:/home/runner/.m2/repository/org/apache/ozone/ozone-client/1.2.0-SNAPSHOT/ozone-client-1.2.0-SNAPSHOT.jar:/home/runner/.m2/repository/org/apache/ozone/ozone-filesystem/1.2.0-SNAPSHOT/ozone-filesystem-1.2.0-SNAPSHOT.jar:/home/runner/.m2/repository/org/apache/ozone/ozone-filesystem-common/1.2.0-SNAPSHOT/ozone-filesystem-common-1.2.0-SNAPSHOT.jar:/home/runner/.m2/repository/org/apache/ozone/ozone-tools/1.2.0-SNAPSHOT/ozone-tools-1.2.0-SNAPSHOT.jar:/home/runner/.m2/repository/org/apache/ratis/ratis-tools/2.2.0/ratis-tools-2.2.0.jar:/home/runner/.m2/repository/com/amazonaws/aws-java-sdk-core/1.11.1034/aws-java-sdk-core-1.11.1034.jar:/home/runner/.m2/repository/org/apache/httpcomponents/httpclient/4.5.13/httpclient-4.5.13.jar:/home/runner/.m2/repository/org/apache/httpcomponents/httpcore/4.4.13/httpcore-4.4.13.jar:/home/runner/.m2/repository/software/amazon/ion/ion-java/1.0.2/ion-java-1.0.2.jar:/home/runner/.m2/repository/com/fasterxml/jackson/dataformat/jackson-dataformat-cbor/2.12.1/jackson-dataformat-cbor-2.12.1.jar:/home/runner/.m2/repository/joda-time/joda-time/2.8.1/joda-time-2.8.1.jar:/home/runner/.m2/repository/com/amazonaws/aws-java-sdk-s3/1.11.1034/aws-java-sdk-s3-1.11.1034.jar:/home/runner/.m2/repository/com/amazonaws/aws-java-sdk-kms/1.11.1034/aws-java-sdk-kms-1.11.1034.jar:/home/runner/.m2/repository/com/amazonaws/jmespath-java/1.11.1034/jmespath-java-1.11.1034.jar:/home/runner/.m2/repository/org/kohsuke/metainf-services/metainf-services/1.8/metainf-services-1.8.jar:/home/runner/.m2/repository/org/apache/ozone/hdds-tools/1.2.0-SNAPSHOT/hdds-tools-1.2.0-SNAPSHOT.jar:/home/runner/.m2/repository/commons-cli/commons-cli/1.2/commons-cli-1.2.jar:/home/runner/.m2/repository/org/apache/commons/commons-lang3/3.7/commons-lang3-3.7.jar:/home/runner/.m2/repository/org/apache/ozone/ozone-manager/1.2.0-SNAPSHOT/ozone-manager-1.2.0-SNAPSHOT-tests.jar:/home/runner/.m2/repository/org/apache/ozone/hdds-common/1.2.0-SNAPSHOT/hdds-common-1.2.0-SNAPSHOT-tests.jar:/home/runner/.m2/repository/org/apache/ozone/hdds-hadoop-dependency-client/1.2.0-SNAPSHOT/hdds-hadoop-dependency-client-1.2.0-SNAPSHOT.jar:/home/runner/.m2/repository/info/picocli/picocli/4.6.1/picocli-4.6.1.jar:/home/runner/.m2/repository/com/fasterxml/jackson/core/jackson-annotations/2.12.1/jackson-annotations-2.12.1.jar:/home/runner/.m2/repository/javax/annotation/javax.annotation-api/1.2/javax.annotation-api-1.2.jar:/home/runner/.m2/repository/org/apache/ratis/ratis-server/2.2.0/ratis-server-2.2.0.jar:/home/runner/.m2/repository/org/apache/ratis/ratis-client/2.2.0/ratis-client-2.2.0.jar:/home/runner/.m2/repository/org/apache/ratis/ratis-server-api/2.2.0/ratis-server-api-2.2.0.jar:/home/runner/.m2/repository/org/apache/ratis/ratis-metrics/2.2.0/ratis-metrics-2.2.0.jar:/home/runner/.m2/repository/org/apache/ratis/ratis-netty/2.2.0/ratis-netty-2.2.0.jar:/home/runner/.m2/repository/org/apache/ratis/ratis-grpc/2.2.0/ratis-grpc-2.2.0.jar:/home/runner/.m2/repository/org/apache/logging/log4j/log4j-api/2.13.3/log4j-api-2.13.3.jar:/home/runner/.m2/repository/org/apache/logging/log4j/log4j-core/2.13.3/log4j-core-2.13.3.jar:/home/runner/.m2/repository/com/lmax/disruptor/3.4.2/disruptor-3.4.2.jar:/home/runner/.m2/repository/org/apache/commons/commons-pool2/2.6.0/commons-pool2-2.6.0.jar:/home/runner/.m2/repository/org/bouncycastle/bcpkix-jdk15on/1.67/bcpkix-jdk15on-1.67.jar:/home/runner/.m2/repository/commons-validator/commons-validator/1.6/commons-validator-1.6.jar:/home/runner/.m2/repository/commons-beanutils/commons-beanutils/1.9.4/commons-beanutils-1.9.4.jar:/home/runner/.m2/repository/commons-digester/commons-digester/1.8.1/commons-digester-1.8.1.jar:/home/runner/.m2/repository/commons-collections/commons-collections/3.2.2/commons-collections-3.2.2.jar:/home/runner/.m2/repository/io/jaegertracing/jaeger-client/1.6.0/jaeger-client-1.6.0.jar:/home/runner/.m2/repository/io/jaegertracing/jaeger-thrift/1.6.0/jaeger-thrift-1.6.0.jar:/home/runner/.m2/repository/org/apache/thrift/libthrift/0.14.1/libthrift-0.14.1.jar:/home/runner/.m2/repository/com/squareup/okhttp3/okhttp/4.9.0/okhttp-4.9.0.jar:/home/runner/.m2/repository/com/squareup/okio/okio/2.8.0/okio-2.8.0.jar:/home/runner/.m2/repository/io/jaegertracing/jaeger-core/1.6.0/jaeger-core-1.6.0.jar:/home/runner/.m2/repository/io/jaegertracing/jaeger-tracerresolver/1.6.0/jaeger-tracerresolver-1.6.0.jar:/home/runner/.m2/repository/io/opentracing/contrib/opentracing-tracerresolver/0.1.8/opentracing-tracerresolver-0.1.8.jar:/home/runner/.m2/repository/org/jetbrains/kotlin/kotlin-stdlib/1.4.31/kotlin-stdlib-1.4.31.jar:/home/runner/.m2/repository/org/jetbrains/kotlin/kotlin-stdlib-common/1.4.31/kotlin-stdlib-common-1.4.31.jar:/home/runner/.m2/repository/org/jetbrains/annotations/13.0/annotations-13.0.jar:/home/runner/.m2/repository/io/opentracing/opentracing-util/0.33.0/opentracing-util-0.33.0.jar:/home/runner/.m2/repository/io/opentracing/opentracing-api/0.33.0/opentracing-api-0.33.0.jar:/home/runner/.m2/repository/io/opentracing/opentracing-noop/0.33.0/opentracing-noop-0.33.0.jar:/home/runner/.m2/repository/org/yaml/snakeyaml/1.26/snakeyaml-1.26.jar:/home/runner/.m2/repository/org/apache/ozone/hdds-interface-admin/1.2.0-SNAPSHOT/hdds-interface-admin-1.2.0-SNAPSHOT.jar:/home/runner/.m2/repository/junit/junit/4.13.1/junit-4.13.1.jar:/home/runner/.m2/repository/org/hamcrest/hamcrest-core/1.3/hamcrest-core-1.3.jar:/home/runner/.m2/repository/org/junit/jupiter/junit-jupiter-api/5.7.0/junit-jupiter-api-5.7.0.jar:/home/runner/.m2/repository/org/apiguardian/apiguardian-api/1.1.0/apiguardian-api-1.1.0.jar:/home/runner/.m2/repository/org/opentest4j/opentest4j/1.2.0/opentest4j-1.2.0.jar:/home/runner/.m2/repository/org/junit/platform/junit-platform-commons/1.7.0/junit-platform-commons-1.7.0.jar:/home/runner/.m2/repository/org/junit/jupiter/junit-jupiter-engine/5.7.0/junit-jupiter-engine-5.7.0.jar:/home/runner/.m2/repository/org/junit/platform/junit-platform-engine/1.7.0/junit-platform-engine-1.7.0.jar:/home/runner/.m2/repository/org/junit/vintage/junit-vintage-engine/5.7.0/junit-vintage-engine-5.7.0.jar:/home/runner/.m2/repository/org/junit/platform/junit-platform-launcher/1.7.0/junit-platform-launcher-1.7.0.jar:/home/runner/.m2/repository/org/openjdk/jmh/jmh-core/1.19/jmh-core-1.19.jar:/home/runner/.m2/repository/net/sf/jopt-simple/jopt-simple/4.6/jopt-simple-4.6.jar:/home/runner/.m2/repository/org/apache/commons/commons-math3/3.1.1/commons-math3-3.1.1.jar:/home/runner/.m2/repository/org/openjdk/jmh/jmh-generator-annprocess/1.19/jmh-generator-annprocess-1.19.jar:/home/runner/.m2/repository/org/mockito/mockito-core/2.28.2/mockito-core-2.28.2.jar:/home/runner/.m2/repository/net/bytebuddy/byte-buddy/1.9.10/byte-buddy-1.9.10.jar:/home/runner/.m2/repository/net/bytebuddy/byte-buddy-agent/1.9.10/byte-buddy-agent-1.9.10.jar:/home/runner/.m2/repository/org/objenesis/objenesis/1.0/objenesis-1.0.jar:/home/runner/.m2/repository/org/apache/hadoop/hadoop-kms/3.3.1/hadoop-kms-3.3.1.jar:/home/runner/.m2/repository/org/apache/hadoop/hadoop-auth/3.3.1/hadoop-auth-3.3.1.jar:/home/runner/.m2/repository/com/nimbusds/nimbus-jose-jwt/7.9/nimbus-jose-jwt-7.9.jar:/home/runner/.m2/repository/com/github/stephenc/jcip/jcip-annotations/1.0-1/jcip-annotations-1.0-1.jar:/home/runner/.m2/repository/net/minidev/json-smart/2.3.1/json-smart-2.3.1.jar:/home/runner/.m2/repository/net/minidev/accessors-smart/2.3.1/accessors-smart-2.3.1.jar:/home/runner/.m2/repository/org/ow2/asm/asm/5.0.4/asm-5.0.4.jar:/home/runner/.m2/repository/org/apache/zookeeper/zookeeper/3.5.6/zookeeper-3.5.6.jar:/home/runner/.m2/repository/org/apache/zookeeper/zookeeper-jute/3.5.6/zookeeper-jute-3.5.6.jar:/home/runner/.m2/repository/org/apache/yetus/audience-annotations/0.5.0/audience-annotations-0.5.0.jar:/home/runner/.m2/repository/org/apache/curator/curator-framework/4.2.0/curator-framework-4.2.0.jar:/home/runner/.m2/repository/org/apache/hadoop/thirdparty/hadoop-shaded-guava/1.1.1/hadoop-shaded-guava-1.1.1.jar:/home/runner/.m2/repository/com/sun/jersey/jersey-core/1.19/jersey-core-1.19.jar:/home/runner/.m2/repository/javax/ws/rs/jsr311-api/1.1.1/jsr311-api-1.1.1.jar:/home/runner/.m2/repository/com/sun/jersey/jersey-server/1.19/jersey-server-1.19.jar:/home/runner/.m2/repository/javax/servlet/javax.servlet-api/3.1.0/javax.servlet-api-3.1.0.jar:/home/runner/.m2/repository/org/eclipse/jetty/jetty-server/9.4.43.v20210629/jetty-server-9.4.43.v20210629.jar:/home/runner/.m2/repository/org/eclipse/jetty/jetty-http/9.4.43.v20210629/jetty-http-9.4.43.v20210629.jar:/home/runner/.m2/repository/org/eclipse/jetty/jetty-io/9.4.43.v20210629/jetty-io-9.4.43.v20210629.jar:/home/runner/.m2/repository/org/eclipse/jetty/jetty-webapp/9.4.43.v20210629/jetty-webapp-9.4.43.v20210629.jar:/home/runner/.m2/repository/org/eclipse/jetty/jetty-xml/9.4.43.v20210629/jetty-xml-9.4.43.v20210629.jar:/home/runner/.m2/repository/org/apache/hadoop/hadoop-common/3.3.1/hadoop-common-3.3.1.jar:/home/runner/.m2/repository/commons-net/commons-net/3.6/commons-net-3.6.jar:/home/runner/.m2/repository/jakarta/activation/jakarta.activation-api/1.2.1/jakarta.activation-api-1.2.1.jar:/home/runner/.m2/repository/com/sun/jersey/jersey-servlet/1.19/jersey-servlet-1.19.jar:/home/runner/.m2/repository/com/sun/jersey/jersey-json/1.19/jersey-json-1.19.jar:/home/runner/.m2/repository/org/codehaus/jettison/jettison/1.1/jettison-1.1.jar:/home/runner/.m2/repository/com/sun/xml/bind/jaxb-impl/2.2.3-1/jaxb-impl-2.2.3-1.jar:/home/runner/.m2/repository/org/codehaus/jackson/jackson-jaxrs/1.9.2/jackson-jaxrs-1.9.2.jar:/home/runner/.m2/repository/org/codehaus/jackson/jackson-xc/1.9.2/jackson-xc-1.9.2.jar:/home/runner/.m2/repository/org/apache/commons/commons-configuration2/2.1.1/commons-configuration2-2.1.1.jar:/home/runner/.m2/repository/org/apache/commons/commons-text/1.4/commons-text-1.4.jar:/home/runner/.m2/repository/com/google/re2j/re2j/1.1/re2j-1.1.jar:/home/runner/.m2/repository/com/jcraft/jsch/0.1.54/jsch-0.1.54.jar:/home/runner/.m2/repository/org/apache/curator/curator-client/4.2.0/curator-client-4.2.0.jar:/home/runner/.m2/repository/org/apache/curator/curator-recipes/4.2.0/curator-recipes-4.2.0.jar:/home/runner/.m2/repository/org/apache/kerby/kerb-core/1.0.1/kerb-core-1.0.1.jar:/home/runner/.m2/repository/org/apache/kerby/kerby-pkix/1.0.1/kerby-pkix-1.0.1.jar:/home/runner/.m2/repository/org/apache/kerby/kerby-asn1/1.0.1/kerby-asn1-1.0.1.jar:/home/runner/.m2/repository/org/apache/kerby/kerby-util/1.0.1/kerby-util-1.0.1.jar:/home/runner/.m2/repository/dnsjava/dnsjava/2.1.7/dnsjava-2.1.7.jar:/home/runner/.m2/repository/org/xerial/snappy/snappy-java/1.1.8.2/snappy-java-1.1.8.2.jar:/home/runner/.m2/repository/org/slf4j/jul-to-slf4j/1.7.30/jul-to-slf4j-1.7.30.jar:/home/runner/.m2/repository/org/eclipse/jetty/jetty-util/9.4.43.v20210629/jetty-util-9.4.43.v20210629.jar:/home/runner/.m2/repository/com/fasterxml/jackson/core/jackson-databind/2.12.1/jackson-databind-2.12.1.jar:/home/runner/.m2/repository/org/apache/hadoop/hadoop-kms/3.3.1/hadoop-kms-3.3.1-tests.jar:/home/runner/.m2/repository/org/apache/ozone/hdds-server-scm/1.2.0-SNAPSHOT/hdds-server-scm-1.2.0-SNAPSHOT-tests.jar:/home/runner/.m2/repository/org/apache/ozone/hdds-container-service/1.2.0-SNAPSHOT/hdds-container-service-1.2.0-SNAPSHOT-tests.jar:/home/runner/.m2/repository/commons-codec/commons-codec/1.11/commons-codec-1.11.jar:/home/runner/.m2/repository/io/netty/netty-transport/4.1.63.Final/netty-transport-4.1.63.Final.jar:/home/runner/.m2/repository/io/netty/netty-resolver/4.1.63.Final/netty-resolver-4.1.63.Final.jar:/home/runner/.m2/repository/io/netty/netty-codec/4.1.63.Final/netty-codec-4.1.63.Final.jar:/home/runner/.m2/repository/io/netty/netty-handler/4.1.63.Final/netty-handler-4.1.63.Final.jar:/home/runner/.m2/repository/org/apache/ozone/hdds-hadoop-dependency-test/1.2.0-SNAPSHOT/hdds-hadoop-dependency-test-1.2.0-SNAPSHOT.jar:/home/runner/.m2/repository/org/apache/hadoop/hadoop-common/3.3.1/hadoop-common-3.3.1-tests.jar:/home/runner/.m2/repository/org/assertj/assertj-core/3.12.2/assertj-core-3.12.2.jar:/home/runner/.m2/repository/org/apache/hadoop/hadoop-hdfs/3.3.1/hadoop-hdfs-3.3.1-tests.jar:/home/runner/.m2/repository/org/eclipse/jetty/jetty-util-ajax/9.4.43.v20210629/jetty-util-ajax-9.4.43.v20210629.jar:/home/runner/.m2/repository/commons-daemon/commons-daemon/1.0.13/commons-daemon-1.0.13.jar:/home/runner/.m2/repository/io/netty/netty/3.10.6.Final/netty-3.10.6.Final.jar:/home/runner/.m2/repository/io/netty/netty-all/4.1.63.Final/netty-all-4.1.63.Final.jar:/home/runner/.m2/repository/org/apache/htrace/htrace-core4/4.1.0-incubating/htrace-core4-4.1.0-incubating.jar:/home/runner/.m2/repository/org/fusesource/leveldbjni/leveldbjni-all/1.8/leveldbjni-all-1.8.jar:/home/runner/.m2/repository/org/apache/hadoop/hadoop-distcp/3.3.1/hadoop-distcp-3.3.1.jar:/home/runner/.m2/repository/org/apache/hadoop/hadoop-mapreduce-client-jobclient/3.3.1/hadoop-mapreduce-client-jobclient-3.3.1.jar:/home/runner/.m2/repository/org/apache/hadoop/hadoop-mapreduce-client-common/3.3.1/hadoop-mapreduce-client-common-3.3.1.jar:/home/runner/.m2/repository/org/apache/hadoop/hadoop-yarn-common/3.3.1/hadoop-yarn-common-3.3.1.jar:/home/runner/.m2/repository/org/apache/hadoop/hadoop-yarn-api/3.3.1/hadoop-yarn-api-3.3.1.jar:/home/runner/.m2/repository/com/sun/jersey/jersey-client/1.19/jersey-client-1.19.jar:/home/runner/.m2/repository/com/sun/jersey/contribs/jersey-guice/1.19/jersey-guice-1.19.jar:/home/runner/.m2/repository/com/fasterxml/jackson/jaxrs/jackson-jaxrs-json-provider/2.12.1/jackson-jaxrs-json-provider-2.12.1.jar:/home/runner/.m2/repository/com/fasterxml/jackson/jaxrs/jackson-jaxrs-base/2.12.1/jackson-jaxrs-base-2.12.1.jar:/home/runner/.m2/repository/org/apache/hadoop/hadoop-yarn-client/3.3.1/hadoop-yarn-client-3.3.1.jar:/home/runner/.m2/repository/org/eclipse/jetty/websocket/websocket-client/9.4.40.v20210413/websocket-client-9.4.40.v20210413.jar:/home/runner/.m2/repository/org/eclipse/jetty/jetty-client/9.4.40.v20210413/jetty-client-9.4.40.v20210413.jar:/home/runner/.m2/repository/org/eclipse/jetty/websocket/websocket-common/9.4.40.v20210413/websocket-common-9.4.40.v20210413.jar:/home/runner/.m2/repository/org/eclipse/jetty/websocket/websocket-api/9.4.40.v20210413/websocket-api-9.4.40.v20210413.jar:/home/runner/.m2/repository/org/jline/jline/3.9.0/jline-3.9.0.jar:/home/runner/.m2/repository/org/apache/hadoop/hadoop-mapreduce-client-core/3.3.1/hadoop-mapreduce-client-core-3.3.1.jar:/home/runner/.m2/repository/org/apache/avro/avro/1.7.7/avro-1.7.7.jar:/home/runner/.m2/repository/org/codehaus/jackson/jackson-core-asl/1.9.13/jackson-core-asl-1.9.13.jar:/home/runner/.m2/repository/org/codehaus/jackson/jackson-mapper-asl/1.9.13/jackson-mapper-asl-1.9.13.jar:/home/runner/.m2/repository/com/thoughtworks/paranamer/paranamer/2.3/paranamer-2.3.jar:/home/runner/.m2/repository/org/apache/hadoop/hadoop-annotations/3.3.1/hadoop-annotations-3.3.1.jar:/usr/lib/jvm/adoptopenjdk-8-hotspot-amd64/jre/../lib/tools.jar:/home/runner/.m2/repository/org/apache/hadoop/hadoop-distcp/3.3.1/hadoop-distcp-3.3.1-tests.jar:/home/runner/.m2/repository/org/apache/ratis/ratis-common/2.2.0/ratis-common-2.2.0.jar:/home/runner/.m2/repository/org/apache/ratis/ratis-thirdparty-misc/0.7.0/ratis-thirdparty-misc-0.7.0.jar:/home/runner/.m2/repository/org/apache/ratis/ratis-proto/2.2.0/ratis-proto-2.2.0.jar:"/>
    <property name="sun.cpu.endian" value="little"/>
    <property name="user.home" value="/home/runner"/>
    <property name="user.language" value="en"/>
    <property name="java.specification.vendor" value="Oracle Corporation"/>
    <property name="java.home" value="/usr/lib/jvm/adoptopenjdk-8-hotspot-amd64/jre"/>
    <property name="java.security.krb5.conf" value="/home/runner/work/ozone/ozone/hadoop-ozone/integration-test/target/test-classes/krb5.conf"/>
    <property name="basedir" value="/home/runner/work/ozone/ozone/hadoop-ozone/integration-test"/>
    <property name="file.separator" value="/"/>
    <property name="line.separator" value="&#10;"/>
    <property name="java.vm.specification.vendor" value="Oracle Corporation"/>
    <property name="java.specification.name" value="Java Platform API Specification"/>
    <property name="java.awt.graphicsenv" value="sun.awt.X11GraphicsEnvironment"/>
    <property name="skip.installnpx" value="true"/>
    <property name="surefire.real.class.path" value="/home/runner/work/ozone/ozone/hadoop-ozone/integration-test/target/surefire/surefirebooter131681395892635927.jar:/home/runner/.m2/repository/org/jacoco/org.jacoco.agent/0.8.5/org.jacoco.agent-0.8.5-runtime.jar"/>
    <property name="hadoop.log.dir" value="/home/runner/work/ozone/ozone/hadoop-ozone/integration-test/target/log"/>
    <property name="sun.boot.class.path" value="/usr/lib/jvm/adoptopenjdk-8-hotspot-amd64/jre/lib/resources.jar:/usr/lib/jvm/adoptopenjdk-8-hotspot-amd64/jre/lib/rt.jar:/usr/lib/jvm/adoptopenjdk-8-hotspot-amd64/jre/lib/sunrsasign.jar:/usr/lib/jvm/adoptopenjdk-8-hotspot-amd64/jre/lib/jsse.jar:/usr/lib/jvm/adoptopenjdk-8-hotspot-amd64/jre/lib/jce.jar:/usr/lib/jvm/adoptopenjdk-8-hotspot-amd64/jre/lib/charsets.jar:/usr/lib/jvm/adoptopenjdk-8-hotspot-amd64/jre/lib/jfr.jar:/usr/lib/jvm/adoptopenjdk-8-hotspot-amd64/jre/classes"/>
    <property name="sun.management.compiler" value="HotSpot 64-Bit Tiered Compilers"/>
    <property name="skip.npx" value="true"/>
    <property name="java.runtime.version" value="1.8.0_292-b10"/>
    <property name="java.net.preferIPv4Stack" value="true"/>
    <property name="user.name" value="runner"/>
    <property name="path.separator" value=":"/>
    <property name="java.security.egd" value="file:///dev/urandom"/>
    <property name="os.version" value="5.4.0-1062-azure"/>
    <property name="java.endorsed.dirs" value="/usr/lib/jvm/adoptopenjdk-8-hotspot-amd64/jre/lib/endorsed"/>
    <property name="java.runtime.name" value="OpenJDK Runtime Environment"/>
    <property name="file.encoding" value="UTF-8"/>
    <property name="java.vm.name" value="OpenJDK 64-Bit Server VM"/>
    <property name="test.build.webapps" value=""/>
    <property name="localRepository" value="/home/runner/.m2/repository"/>
    <property name="java.vendor.url.bug" value="https://github.com/AdoptOpenJDK/openjdk-support/issues"/>
    <property name="java.io.tmpdir" value="/tmp"/>
    <property name="require.test.libhadoop" value=""/>
    <property name="java.version" value="1.8.0_292"/>
    <property name="user.dir" value="/home/runner/work/ozone/ozone/hadoop-ozone/integration-test"/>
    <property name="os.arch" value="amd64"/>
    <property name="java.vm.specification.name" value="Java Virtual Machine Specification"/>
    <property name="test.build.classes" value="/home/runner/work/ozone/ozone/hadoop-ozone/integration-test/target/test-classes"/>
    <property name="java.awt.printerjob" value="sun.print.PSPrinterJob"/>
    <property name="sun.os.patch.level" value="unknown"/>
    <property name="hadoop.tmp.dir" value="/home/runner/work/ozone/ozone/hadoop-ozone/integration-test/target/tmp"/>
    <property name="java.library.path" value="/usr/java/packages/lib/amd64:/usr/lib64:/lib64:/lib:/usr/lib"/>
    <property name="java.vm.info" value="mixed mode"/>
    <property name="java.vendor" value="AdoptOpenJDK"/>
    <property name="java.vm.version" value="25.292-b10"/>
    <property name="java.ext.dirs" value="/usr/lib/jvm/adoptopenjdk-8-hotspot-amd64/jre/lib/ext:/usr/java/packages/lib/ext"/>
    <property name="sun.io.unicode.encoding" value="UnicodeLittle"/>
    <property name="java.class.version" value="52.0"/>
  </properties>
  <testcase name="testNodeWithOpenPipelineCanBeDecommissionedAndRecommissioned" classname="org.apache.hadoop.ozone.scm.node.TestDecommissionAndMaintenance" time="54.7"/>
  <testcase name="testContainerIsReplicatedWhenAllNodesGotoMaintenance" classname="org.apache.hadoop.ozone.scm.node.TestDecommissionAndMaintenance" time="22.181"/>
  <testcase name="testMaintenanceEndsAutomaticallyAtTimeout" classname="org.apache.hadoop.ozone.scm.node.TestDecommissionAndMaintenance" time="100.021">
    <error message="Failed to obtain available cluster in time" type="java.io.IOException">java.io.IOException: Failed to obtain available cluster in time
	at org.apache.hadoop.ozone.MiniOzoneClusterProvider.provide(MiniOzoneClusterProvider.java:162)
	at org.apache.hadoop.ozone.scm.node.TestDecommissionAndMaintenance.setUp(TestDecommissionAndMaintenance.java:144)
	at sun.reflect.NativeMethodAccessorImpl.invoke0(Native Method)
	at sun.reflect.NativeMethodAccessorImpl.invoke(NativeMethodAccessorImpl.java:62)
	at sun.reflect.DelegatingMethodAccessorImpl.invoke(DelegatingMethodAccessorImpl.java:43)
	at java.lang.reflect.Method.invoke(Method.java:498)
	at org.junit.runners.model.FrameworkMethod$1.runReflectiveCall(FrameworkMethod.java:59)
	at org.junit.internal.runners.model.ReflectiveCallable.run(ReflectiveCallable.java:12)
	at org.junit.runners.model.FrameworkMethod.invokeExplosively(FrameworkMethod.java:56)
	at org.junit.internal.runners.statements.RunBefores.invokeMethod(RunBefores.java:33)
	at org.junit.internal.runners.statements.RunBefores.evaluate(RunBefores.java:24)
	at org.junit.internal.runners.statements.RunAfters.evaluate(RunAfters.java:27)
	at org.junit.runners.ParentRunner$3.evaluate(ParentRunner.java:306)
	at org.junit.runners.BlockJUnit4ClassRunner$1.evaluate(BlockJUnit4ClassRunner.java:100)
	at org.junit.runners.ParentRunner.runLeaf(ParentRunner.java:366)
	at org.junit.runners.BlockJUnit4ClassRunner.runChild(BlockJUnit4ClassRunner.java:103)
	at org.junit.runners.BlockJUnit4ClassRunner.runChild(BlockJUnit4ClassRunner.java:63)
	at org.junit.runners.ParentRunner$4.run(ParentRunner.java:331)
	at org.junit.runners.ParentRunner$1.schedule(ParentRunner.java:79)
	at org.junit.runners.ParentRunner.runChildren(ParentRunner.java:329)
	at org.junit.runners.ParentRunner.access$100(ParentRunner.java:66)
	at org.junit.runners.ParentRunner$2.evaluate(ParentRunner.java:293)
	at org.junit.internal.runners.statements.RunBefores.evaluate(RunBefores.java:26)
	at org.junit.internal.runners.statements.RunAfters.evaluate(RunAfters.java:27)
	at org.junit.runners.ParentRunner$3.evaluate(ParentRunner.java:306)
	at org.junit.runners.ParentRunner.run(ParentRunner.java:413)
	at org.junit.runner.JUnitCore.run(JUnitCore.java:137)
	at org.junit.runner.JUnitCore.run(JUnitCore.java:115)
	at org.junit.vintage.engine.execution.RunnerExecutor.execute(RunnerExecutor.java:43)
	at java.util.stream.ForEachOps$ForEachOp$OfRef.accept(ForEachOps.java:183)
	at java.util.stream.ReferencePipeline$3$1.accept(ReferencePipeline.java:193)
	at java.util.Iterator.forEachRemaining(Iterator.java:116)
	at java.util.Spliterators$IteratorSpliterator.forEachRemaining(Spliterators.java:1801)
	at java.util.stream.AbstractPipeline.copyInto(AbstractPipeline.java:482)
	at java.util.stream.AbstractPipeline.wrapAndCopyInto(AbstractPipeline.java:472)
	at java.util.stream.ForEachOps$ForEachOp.evaluateSequential(ForEachOps.java:150)
	at java.util.stream.ForEachOps$ForEachOp$OfRef.evaluateSequential(ForEachOps.java:173)
	at java.util.stream.AbstractPipeline.evaluate(AbstractPipeline.java:234)
	at java.util.stream.ReferencePipeline.forEach(ReferencePipeline.java:485)
	at org.junit.vintage.engine.VintageTestEngine.executeAllChildren(VintageTestEngine.java:82)
	at org.junit.vintage.engine.VintageTestEngine.execute(VintageTestEngine.java:73)
	at org.junit.platform.launcher.core.EngineExecutionOrchestrator.execute(EngineExecutionOrchestrator.java:108)
	at org.junit.platform.launcher.core.EngineExecutionOrchestrator.execute(EngineExecutionOrchestrator.java:88)
	at org.junit.platform.launcher.core.EngineExecutionOrchestrator.lambda$execute$0(EngineExecutionOrchestrator.java:54)
	at org.junit.platform.launcher.core.EngineExecutionOrchestrator.withInterceptedStreams(EngineExecutionOrchestrator.java:67)
	at org.junit.platform.launcher.core.EngineExecutionOrchestrator.execute(EngineExecutionOrchestrator.java:52)
	at org.junit.platform.launcher.core.DefaultLauncher.execute(DefaultLauncher.java:96)
	at org.junit.platform.launcher.core.DefaultLauncher.execute(DefaultLauncher.java:75)
	at org.apache.maven.surefire.junitplatform.JUnitPlatformProvider.invokeAllTests(JUnitPlatformProvider.java:142)
	at org.apache.maven.surefire.junitplatform.JUnitPlatformProvider.invoke(JUnitPlatformProvider.java:113)
	at org.apache.maven.surefire.booter.ForkedBooter.invokeProviderInSameClassLoader(ForkedBooter.java:384)
	at org.apache.maven.surefire.booter.ForkedBooter.runSuitesInProcess(ForkedBooter.java:345)
	at org.apache.maven.surefire.booter.ForkedBooter.execute(ForkedBooter.java:126)
	at org.apache.maven.surefire.booter.ForkedBooter.main(ForkedBooter.java:418)
</error>
    <system-out><![CDATA[2021-11-11 02:23:39,302 [ReplicationMonitor] INFO  container.ReplicationManager (ReplicationManager.java:processAll(371)) - Replication Monitor Thread took 1 milliseconds for processing 6 containers.
2021-11-11 02:23:40,067 [8144d56f-0d27-4688-93ba-465874d06109@group-91134DBCBA30-FollowerState] INFO  impl.FollowerState (FollowerState.java:run(134)) - 8144d56f-0d27-4688-93ba-465874d06109@group-91134DBCBA30-FollowerState: change to CANDIDATE, lastRpcElapsedTime:5061635996ns, electionTimeout:5055ms
2021-11-11 02:23:40,067 [8144d56f-0d27-4688-93ba-465874d06109@group-91134DBCBA30-FollowerState] INFO  impl.RoleInfo (RoleInfo.java:shutdownFollowerState(108)) - 8144d56f-0d27-4688-93ba-465874d06109: shutdown 8144d56f-0d27-4688-93ba-465874d06109@group-91134DBCBA30-FollowerState
2021-11-11 02:23:40,067 [8144d56f-0d27-4688-93ba-465874d06109@group-91134DBCBA30-FollowerState] INFO  server.RaftServer$Division (RaftServerImpl.java:setRole(290)) - 8144d56f-0d27-4688-93ba-465874d06109@group-91134DBCBA30: changes role from  FOLLOWER to CANDIDATE at term 0 for changeToCandidate
2021-11-11 02:23:40,068 [8144d56f-0d27-4688-93ba-465874d06109@group-91134DBCBA30-FollowerState] INFO  server.RaftServerConfigKeys (ConfUtils.java:logGet(44)) - raft.server.leaderelection.pre-vote = false (custom)
2021-11-11 02:23:40,072 [8144d56f-0d27-4688-93ba-465874d06109@group-91134DBCBA30-FollowerState] INFO  impl.RoleInfo (RoleInfo.java:updateAndGet(130)) - 8144d56f-0d27-4688-93ba-465874d06109: start 8144d56f-0d27-4688-93ba-465874d06109@group-91134DBCBA30-LeaderElection32
2021-11-11 02:23:40,078 [ReplicationMonitor] WARN  container.ReplicationManager (ReplicationManager.java:handleUnderReplicatedContainer(1195)) - Cannot replicate container #1, no healthy replica found.
2021-11-11 02:23:40,079 [ReplicationMonitor] WARN  container.ReplicationManager (ReplicationManager.java:handleUnderReplicatedContainer(1195)) - Cannot replicate container #2, no healthy replica found.
2021-11-11 02:23:40,079 [ReplicationMonitor] WARN  container.ReplicationManager (ReplicationManager.java:handleUnderReplicatedContainer(1195)) - Cannot replicate container #3, no healthy replica found.
2021-11-11 02:23:40,079 [ReplicationMonitor] INFO  container.ReplicationManager (ReplicationManager.java:processAll(371)) - Replication Monitor Thread took 1 milliseconds for processing 3 containers.
2021-11-11 02:23:40,088 [2eab701e-61f4-497c-969a-5a075b5d9825@group-C6C8485190AD-FollowerState] INFO  impl.FollowerState (FollowerState.java:run(134)) - 2eab701e-61f4-497c-969a-5a075b5d9825@group-C6C8485190AD-FollowerState: change to CANDIDATE, lastRpcElapsedTime:5040317401ns, electionTimeout:5032ms
2021-11-11 02:23:40,089 [2eab701e-61f4-497c-969a-5a075b5d9825@group-C6C8485190AD-FollowerState] INFO  impl.RoleInfo (RoleInfo.java:shutdownFollowerState(108)) - 2eab701e-61f4-497c-969a-5a075b5d9825: shutdown 2eab701e-61f4-497c-969a-5a075b5d9825@group-C6C8485190AD-FollowerState
2021-11-11 02:23:40,089 [2eab701e-61f4-497c-969a-5a075b5d9825@group-C6C8485190AD-FollowerState] INFO  server.RaftServer$Division (RaftServerImpl.java:setRole(290)) - 2eab701e-61f4-497c-969a-5a075b5d9825@group-C6C8485190AD: changes role from  FOLLOWER to CANDIDATE at term 0 for changeToCandidate
2021-11-11 02:23:40,089 [2eab701e-61f4-497c-969a-5a075b5d9825@group-C6C8485190AD-FollowerState] INFO  server.RaftServerConfigKeys (ConfUtils.java:logGet(44)) - raft.server.leaderelection.pre-vote = false (custom)
2021-11-11 02:23:40,089 [2eab701e-61f4-497c-969a-5a075b5d9825@group-C6C8485190AD-FollowerState] INFO  impl.RoleInfo (RoleInfo.java:updateAndGet(130)) - 2eab701e-61f4-497c-969a-5a075b5d9825: start 2eab701e-61f4-497c-969a-5a075b5d9825@group-C6C8485190AD-LeaderElection33
2021-11-11 02:23:40,094 [8144d56f-0d27-4688-93ba-465874d06109@group-91134DBCBA30-LeaderElection32] INFO  impl.LeaderElection (LeaderElection.java:askForVotes(306)) - 8144d56f-0d27-4688-93ba-465874d06109@group-91134DBCBA30-LeaderElection32 ELECTION round 0: submit vote requests at term 1 for -1: [8144d56f-0d27-4688-93ba-465874d06109|rpc:10.1.0.58:39279|priority:0, 8ce69a9b-f2ea-4e34-9290-b52812aaba8f|rpc:10.1.0.58:37187|priority:1, 2eab701e-61f4-497c-969a-5a075b5d9825|rpc:10.1.0.58:37311|priority:0], old=null
2021-11-11 02:23:40,144 [grpc-default-executor-2] INFO  server.RaftServer$Division (RaftServerImpl.java:requestVote(1046)) - 8ce69a9b-f2ea-4e34-9290-b52812aaba8f@group-91134DBCBA30: receive requestVote(ELECTION, 8144d56f-0d27-4688-93ba-465874d06109, group-91134DBCBA30, 1, (t:0, i:0))
2021-11-11 02:23:40,145 [grpc-default-executor-2] INFO  impl.VoteContext (VoteContext.java:log(48)) - 8ce69a9b-f2ea-4e34-9290-b52812aaba8f@group-91134DBCBA30-FOLLOWER: reject ELECTION from 8144d56f-0d27-4688-93ba-465874d06109: our priority 1 > candidate's priority 0
2021-11-11 02:23:40,145 [grpc-default-executor-2] INFO  server.RaftServer$Division (RaftServerImpl.java:setRole(290)) - 8ce69a9b-f2ea-4e34-9290-b52812aaba8f@group-91134DBCBA30: changes role from  FOLLOWER to FOLLOWER at term 1 for candidate:8144d56f-0d27-4688-93ba-465874d06109
2021-11-11 02:23:40,145 [grpc-default-executor-2] INFO  impl.RoleInfo (RoleInfo.java:shutdownFollowerState(108)) - 8ce69a9b-f2ea-4e34-9290-b52812aaba8f: shutdown 8ce69a9b-f2ea-4e34-9290-b52812aaba8f@group-91134DBCBA30-FollowerState
2021-11-11 02:23:40,145 [grpc-default-executor-2] INFO  impl.RoleInfo (RoleInfo.java:updateAndGet(130)) - 8ce69a9b-f2ea-4e34-9290-b52812aaba8f: start 8ce69a9b-f2ea-4e34-9290-b52812aaba8f@group-91134DBCBA30-FollowerState
2021-11-11 02:23:40,145 [8ce69a9b-f2ea-4e34-9290-b52812aaba8f@group-91134DBCBA30-FollowerState] INFO  impl.FollowerState (FollowerState.java:run(143)) - 8ce69a9b-f2ea-4e34-9290-b52812aaba8f@group-91134DBCBA30-FollowerState was interrupted: {}
java.lang.InterruptedException: sleep interrupted
	at java.lang.Thread.sleep(Native Method)
	at java.lang.Thread.sleep(Thread.java:340)
	at java.util.concurrent.TimeUnit.sleep(TimeUnit.java:386)
	at org.apache.ratis.util.TimeDuration.sleep(TimeDuration.java:324)
	at org.apache.ratis.util.TimeDuration.sleep(TimeDuration.java:309)
	at org.apache.ratis.server.impl.FollowerState.run(FollowerState.java:118)
2021-11-11 02:23:40,145 [2eab701e-61f4-497c-969a-5a075b5d9825@group-C6C8485190AD-LeaderElection33] INFO  impl.LeaderElection (LeaderElection.java:askForVotes(306)) - 2eab701e-61f4-497c-969a-5a075b5d9825@group-C6C8485190AD-LeaderElection33 ELECTION round 0: submit vote requests at term 1 for -1: [2eab701e-61f4-497c-969a-5a075b5d9825|rpc:10.1.0.58:37311|priority:1], old=null
2021-11-11 02:23:40,145 [2eab701e-61f4-497c-969a-5a075b5d9825@group-C6C8485190AD-LeaderElection33] INFO  impl.LeaderElection (LeaderElection.java:askForVotes(308)) - 2eab701e-61f4-497c-969a-5a075b5d9825@group-C6C8485190AD-LeaderElection33 ELECTION round 0: result PASSED (term=1)
2021-11-11 02:23:40,146 [2eab701e-61f4-497c-969a-5a075b5d9825@group-C6C8485190AD-LeaderElection33] INFO  impl.RoleInfo (RoleInfo.java:shutdownLeaderElection(121)) - 2eab701e-61f4-497c-969a-5a075b5d9825: shutdown 2eab701e-61f4-497c-969a-5a075b5d9825@group-C6C8485190AD-LeaderElection33
2021-11-11 02:23:40,146 [2eab701e-61f4-497c-969a-5a075b5d9825@group-C6C8485190AD-LeaderElection33] INFO  server.RaftServer$Division (RaftServerImpl.java:setRole(290)) - 2eab701e-61f4-497c-969a-5a075b5d9825@group-C6C8485190AD: changes role from CANDIDATE to LEADER at term 1 for changeToLeader
2021-11-11 02:23:40,146 [2eab701e-61f4-497c-969a-5a075b5d9825@group-C6C8485190AD-LeaderElection33] INFO  ratis.XceiverServerRatis (XceiverServerRatis.java:handleLeaderChangedNotification(866)) - Leader change notification received for group: group-C6C8485190AD with new leaderId: 2eab701e-61f4-497c-969a-5a075b5d9825
2021-11-11 02:23:40,148 [grpc-default-executor-2] INFO  server.RaftServer$Division (RaftServerImpl.java:requestVote(1078)) - 8ce69a9b-f2ea-4e34-9290-b52812aaba8f@group-91134DBCBA30 replies to ELECTION vote request: 8144d56f-0d27-4688-93ba-465874d06109<-8ce69a9b-f2ea-4e34-9290-b52812aaba8f#0:FAIL-t1. Peer's state: 8ce69a9b-f2ea-4e34-9290-b52812aaba8f@group-91134DBCBA30:t1, leader=null, voted=null, raftlog=8ce69a9b-f2ea-4e34-9290-b52812aaba8f@group-91134DBCBA30-SegmentedRaftLog:OPENED:c-1, conf=-1: [8144d56f-0d27-4688-93ba-465874d06109|rpc:10.1.0.58:39279|dataStream:|priority:0, 8ce69a9b-f2ea-4e34-9290-b52812aaba8f|rpc:10.1.0.58:37187|dataStream:|priority:1, 2eab701e-61f4-497c-969a-5a075b5d9825|rpc:10.1.0.58:37311|dataStream:|priority:0], old=null
2021-11-11 02:23:40,149 [8144d56f-0d27-4688-93ba-465874d06109@group-91134DBCBA30-LeaderElection32] INFO  impl.LeaderElection (LeaderElection.java:logAndReturn(89)) - 8144d56f-0d27-4688-93ba-465874d06109@group-91134DBCBA30-LeaderElection32: ELECTION REJECTED received 1 response(s) and 0 exception(s):
2021-11-11 02:23:40,150 [8144d56f-0d27-4688-93ba-465874d06109@group-91134DBCBA30-LeaderElection32] INFO  impl.LeaderElection (LeaderElection.java:logAndReturn(93)) -   Response 0: 8144d56f-0d27-4688-93ba-465874d06109<-8ce69a9b-f2ea-4e34-9290-b52812aaba8f#0:FAIL-t1
2021-11-11 02:23:40,150 [8144d56f-0d27-4688-93ba-465874d06109@group-91134DBCBA30-LeaderElection32] INFO  impl.LeaderElection (LeaderElection.java:askForVotes(308)) - 8144d56f-0d27-4688-93ba-465874d06109@group-91134DBCBA30-LeaderElection32 ELECTION round 0: result REJECTED
2021-11-11 02:23:40,150 [8144d56f-0d27-4688-93ba-465874d06109@group-91134DBCBA30-LeaderElection32] INFO  server.RaftServer$Division (RaftServerImpl.java:setRole(290)) - 8144d56f-0d27-4688-93ba-465874d06109@group-91134DBCBA30: changes role from CANDIDATE to FOLLOWER at term 1 for REJECTED
2021-11-11 02:23:40,150 [8144d56f-0d27-4688-93ba-465874d06109@group-91134DBCBA30-LeaderElection32] INFO  impl.RoleInfo (RoleInfo.java:shutdownLeaderElection(121)) - 8144d56f-0d27-4688-93ba-465874d06109: shutdown 8144d56f-0d27-4688-93ba-465874d06109@group-91134DBCBA30-LeaderElection32
2021-11-11 02:23:40,150 [8144d56f-0d27-4688-93ba-465874d06109@group-91134DBCBA30-LeaderElection32] INFO  impl.RoleInfo (RoleInfo.java:updateAndGet(130)) - 8144d56f-0d27-4688-93ba-465874d06109: start 8144d56f-0d27-4688-93ba-465874d06109@group-91134DBCBA30-FollowerState
2021-11-11 02:23:40,153 [2eab701e-61f4-497c-969a-5a075b5d9825@group-C6C8485190AD-LeaderElection33] INFO  server.RaftServer$Division (ServerState.java:setLeader(285)) - 2eab701e-61f4-497c-969a-5a075b5d9825@group-C6C8485190AD: change Leader from null to 2eab701e-61f4-497c-969a-5a075b5d9825 at term 1 for becomeLeader, leader elected after 5151ms
2021-11-11 02:23:40,153 [2eab701e-61f4-497c-969a-5a075b5d9825@group-C6C8485190AD-LeaderElection33] INFO  server.RaftServerConfigKeys (ConfUtils.java:logGet(44)) - raft.server.staging.catchup.gap = 1000 (default)
2021-11-11 02:23:40,154 [2eab701e-61f4-497c-969a-5a075b5d9825@group-C6C8485190AD-LeaderElection33] INFO  server.RaftServerConfigKeys (ConfUtils.java:logGet(44)) - raft.server.write.element-limit = 1024 (custom)
2021-11-11 02:23:40,154 [2eab701e-61f4-497c-969a-5a075b5d9825@group-C6C8485190AD-LeaderElection33] INFO  server.RaftServerConfigKeys (ConfUtils.java:logGet(44)) - raft.server.write.byte-limit = 1024 M (=1073741824) (custom)
2021-11-11 02:23:40,154 [2eab701e-61f4-497c-969a-5a075b5d9825@group-C6C8485190AD-LeaderElection33] INFO  server.RaftServerConfigKeys (ConfUtils.java:logGet(44)) - raft.server.watch.timeout = 180s (custom)
2021-11-11 02:23:40,154 [2eab701e-61f4-497c-969a-5a075b5d9825@group-C6C8485190AD-LeaderElection33] INFO  server.RaftServerConfigKeys (ConfUtils.java:logGet(44)) - raft.server.watch.timeout.denomination = 1s (default)
2021-11-11 02:23:40,154 [2eab701e-61f4-497c-969a-5a075b5d9825@group-C6C8485190AD-LeaderElection33] INFO  server.RaftServerConfigKeys (ConfUtils.java:logGet(44)) - raft.server.watch.element-limit = 65536 (default)
2021-11-11 02:23:40,154 [2eab701e-61f4-497c-969a-5a075b5d9825@group-C6C8485190AD-LeaderElection33] INFO  server.RaftServerConfigKeys (ConfUtils.java:logGet(44)) - raft.server.write.element-limit = 1024 (custom)
2021-11-11 02:23:40,154 [2eab701e-61f4-497c-969a-5a075b5d9825@group-C6C8485190AD-LeaderElection33] INFO  server.RaftServerConfigKeys (ConfUtils.java:logGet(44)) - raft.server.write.follower.gap.ratio.max = -1.0 (default)
2021-11-11 02:23:40,154 [2eab701e-61f4-497c-969a-5a075b5d9825@group-C6C8485190AD-LeaderElection33] INFO  impl.RoleInfo (RoleInfo.java:updateAndGet(130)) - 2eab701e-61f4-497c-969a-5a075b5d9825: start 2eab701e-61f4-497c-969a-5a075b5d9825@group-C6C8485190AD-LeaderStateImpl
2021-11-11 02:23:40,155 [2eab701e-61f4-497c-969a-5a075b5d9825@group-C6C8485190AD-LeaderElection33] INFO  segmented.SegmentedRaftLogWorker (SegmentedRaftLogWorker.java:startLogSegment(394)) - 2eab701e-61f4-497c-969a-5a075b5d9825@group-C6C8485190AD-SegmentedRaftLogWorker: Starting segment from index:0
2021-11-11 02:23:40,166 [2eab701e-61f4-497c-969a-5a075b5d9825@group-C6C8485190AD-LeaderElection33] INFO  server.RaftServer$Division (ServerState.java:setRaftConf(387)) - 2eab701e-61f4-497c-969a-5a075b5d9825@group-C6C8485190AD: set configuration 0: [2eab701e-61f4-497c-969a-5a075b5d9825|rpc:10.1.0.58:37311|dataStream:|priority:1], old=null
2021-11-11 02:23:40,166 [grpc-default-executor-2] INFO  server.RaftServer$Division (RaftServerImpl.java:requestVote(1046)) - 2eab701e-61f4-497c-969a-5a075b5d9825@group-91134DBCBA30: receive requestVote(ELECTION, 8144d56f-0d27-4688-93ba-465874d06109, group-91134DBCBA30, 1, (t:0, i:0))
2021-11-11 02:23:40,166 [grpc-default-executor-2] INFO  impl.VoteContext (VoteContext.java:log(48)) - 2eab701e-61f4-497c-969a-5a075b5d9825@group-91134DBCBA30-FOLLOWER: accept ELECTION from 8144d56f-0d27-4688-93ba-465874d06109: our priority 0 <= candidate's priority 0
2021-11-11 02:23:40,166 [grpc-default-executor-2] INFO  server.RaftServer$Division (RaftServerImpl.java:setRole(290)) - 2eab701e-61f4-497c-969a-5a075b5d9825@group-91134DBCBA30: changes role from  FOLLOWER to FOLLOWER at term 1 for candidate:8144d56f-0d27-4688-93ba-465874d06109
2021-11-11 02:23:40,166 [grpc-default-executor-2] INFO  impl.RoleInfo (RoleInfo.java:shutdownFollowerState(108)) - 2eab701e-61f4-497c-969a-5a075b5d9825: shutdown 2eab701e-61f4-497c-969a-5a075b5d9825@group-91134DBCBA30-FollowerState
2021-11-11 02:23:40,167 [grpc-default-executor-2] INFO  impl.RoleInfo (RoleInfo.java:updateAndGet(130)) - 2eab701e-61f4-497c-969a-5a075b5d9825: start 2eab701e-61f4-497c-969a-5a075b5d9825@group-91134DBCBA30-FollowerState
2021-11-11 02:23:40,167 [2eab701e-61f4-497c-969a-5a075b5d9825@group-91134DBCBA30-FollowerState] INFO  impl.FollowerState (FollowerState.java:run(143)) - 2eab701e-61f4-497c-969a-5a075b5d9825@group-91134DBCBA30-FollowerState was interrupted: {}
java.lang.InterruptedException: sleep interrupted
	at java.lang.Thread.sleep(Native Method)
	at java.lang.Thread.sleep(Thread.java:340)
	at java.util.concurrent.TimeUnit.sleep(TimeUnit.java:386)
	at org.apache.ratis.util.TimeDuration.sleep(TimeDuration.java:324)
	at org.apache.ratis.util.TimeDuration.sleep(TimeDuration.java:309)
	at org.apache.ratis.server.impl.FollowerState.run(FollowerState.java:118)
2021-11-11 02:23:40,174 [2eab701e-61f4-497c-969a-5a075b5d9825@group-C6C8485190AD-SegmentedRaftLogWorker] INFO  segmented.SegmentedRaftLogWorker (SegmentedRaftLogWorker.java:execute(601)) - 2eab701e-61f4-497c-969a-5a075b5d9825@group-C6C8485190AD-SegmentedRaftLogWorker: created new log segment /home/runner/work/ozone/ozone/hadoop-ozone/integration-test/target/test-dir/MiniOzoneClusterImpl-fa7c201b-b2c9-4d4a-bc80-193480666daa/datanode-5/data/ratis/2349b9e7-06c2-454f-af42-c6c8485190ad/current/log_inprogress_0
2021-11-11 02:23:40,175 [grpc-default-executor-2] INFO  server.RaftServer$Division (RaftServerImpl.java:requestVote(1078)) - 2eab701e-61f4-497c-969a-5a075b5d9825@group-91134DBCBA30 replies to ELECTION vote request: 8144d56f-0d27-4688-93ba-465874d06109<-2eab701e-61f4-497c-969a-5a075b5d9825#0:OK-t1. Peer's state: 2eab701e-61f4-497c-969a-5a075b5d9825@group-91134DBCBA30:t1, leader=null, voted=8144d56f-0d27-4688-93ba-465874d06109, raftlog=2eab701e-61f4-497c-969a-5a075b5d9825@group-91134DBCBA30-SegmentedRaftLog:OPENED:c-1, conf=-1: [8144d56f-0d27-4688-93ba-465874d06109|rpc:10.1.0.58:39279|priority:0, 8ce69a9b-f2ea-4e34-9290-b52812aaba8f|rpc:10.1.0.58:37187|priority:1, 2eab701e-61f4-497c-969a-5a075b5d9825|rpc:10.1.0.58:37311|priority:0], old=null
2021-11-11 02:23:40,235 [8ce69a9b-f2ea-4e34-9290-b52812aaba8f@group-8733E1E3C7D4-FollowerState] INFO  impl.FollowerState (FollowerState.java:run(134)) - 8ce69a9b-f2ea-4e34-9290-b52812aaba8f@group-8733E1E3C7D4-FollowerState: change to CANDIDATE, lastRpcElapsedTime:5023659304ns, electionTimeout:5012ms
2021-11-11 02:23:40,235 [8ce69a9b-f2ea-4e34-9290-b52812aaba8f@group-8733E1E3C7D4-FollowerState] INFO  impl.RoleInfo (RoleInfo.java:shutdownFollowerState(108)) - 8ce69a9b-f2ea-4e34-9290-b52812aaba8f: shutdown 8ce69a9b-f2ea-4e34-9290-b52812aaba8f@group-8733E1E3C7D4-FollowerState
2021-11-11 02:23:40,236 [8ce69a9b-f2ea-4e34-9290-b52812aaba8f@group-8733E1E3C7D4-FollowerState] INFO  server.RaftServer$Division (RaftServerImpl.java:setRole(290)) - 8ce69a9b-f2ea-4e34-9290-b52812aaba8f@group-8733E1E3C7D4: changes role from  FOLLOWER to CANDIDATE at term 0 for changeToCandidate
2021-11-11 02:23:40,236 [8ce69a9b-f2ea-4e34-9290-b52812aaba8f@group-8733E1E3C7D4-FollowerState] INFO  server.RaftServerConfigKeys (ConfUtils.java:logGet(44)) - raft.server.leaderelection.pre-vote = false (custom)
2021-11-11 02:23:40,236 [8ce69a9b-f2ea-4e34-9290-b52812aaba8f@group-8733E1E3C7D4-FollowerState] INFO  impl.RoleInfo (RoleInfo.java:updateAndGet(130)) - 8ce69a9b-f2ea-4e34-9290-b52812aaba8f: start 8ce69a9b-f2ea-4e34-9290-b52812aaba8f@group-8733E1E3C7D4-LeaderElection34
2021-11-11 02:23:40,250 [8ce69a9b-f2ea-4e34-9290-b52812aaba8f@group-8733E1E3C7D4-LeaderElection34] INFO  impl.LeaderElection (LeaderElection.java:askForVotes(306)) - 8ce69a9b-f2ea-4e34-9290-b52812aaba8f@group-8733E1E3C7D4-LeaderElection34 ELECTION round 0: submit vote requests at term 1 for -1: [8ce69a9b-f2ea-4e34-9290-b52812aaba8f|rpc:10.1.0.58:37187|priority:1], old=null
2021-11-11 02:23:40,250 [8ce69a9b-f2ea-4e34-9290-b52812aaba8f@group-8733E1E3C7D4-LeaderElection34] INFO  impl.LeaderElection (LeaderElection.java:askForVotes(308)) - 8ce69a9b-f2ea-4e34-9290-b52812aaba8f@group-8733E1E3C7D4-LeaderElection34 ELECTION round 0: result PASSED (term=1)
2021-11-11 02:23:40,250 [8ce69a9b-f2ea-4e34-9290-b52812aaba8f@group-8733E1E3C7D4-LeaderElection34] INFO  impl.RoleInfo (RoleInfo.java:shutdownLeaderElection(121)) - 8ce69a9b-f2ea-4e34-9290-b52812aaba8f: shutdown 8ce69a9b-f2ea-4e34-9290-b52812aaba8f@group-8733E1E3C7D4-LeaderElection34
2021-11-11 02:23:40,250 [8ce69a9b-f2ea-4e34-9290-b52812aaba8f@group-8733E1E3C7D4-LeaderElection34] INFO  server.RaftServer$Division (RaftServerImpl.java:setRole(290)) - 8ce69a9b-f2ea-4e34-9290-b52812aaba8f@group-8733E1E3C7D4: changes role from CANDIDATE to LEADER at term 1 for changeToLeader
2021-11-11 02:23:40,250 [8ce69a9b-f2ea-4e34-9290-b52812aaba8f@group-8733E1E3C7D4-LeaderElection34] INFO  ratis.XceiverServerRatis (XceiverServerRatis.java:handleLeaderChangedNotification(866)) - Leader change notification received for group: group-8733E1E3C7D4 with new leaderId: 8ce69a9b-f2ea-4e34-9290-b52812aaba8f
2021-11-11 02:23:40,251 [8ce69a9b-f2ea-4e34-9290-b52812aaba8f@group-8733E1E3C7D4-LeaderElection34] INFO  server.RaftServer$Division (ServerState.java:setLeader(285)) - 8ce69a9b-f2ea-4e34-9290-b52812aaba8f@group-8733E1E3C7D4: change Leader from null to 8ce69a9b-f2ea-4e34-9290-b52812aaba8f at term 1 for becomeLeader, leader elected after 5071ms
2021-11-11 02:23:40,251 [8ce69a9b-f2ea-4e34-9290-b52812aaba8f@group-8733E1E3C7D4-LeaderElection34] INFO  server.RaftServerConfigKeys (ConfUtils.java:logGet(44)) - raft.server.staging.catchup.gap = 1000 (default)
2021-11-11 02:23:40,251 [8ce69a9b-f2ea-4e34-9290-b52812aaba8f@group-8733E1E3C7D4-LeaderElection34] INFO  server.RaftServerConfigKeys (ConfUtils.java:logGet(44)) - raft.server.write.element-limit = 1024 (custom)
2021-11-11 02:23:40,251 [8ce69a9b-f2ea-4e34-9290-b52812aaba8f@group-8733E1E3C7D4-LeaderElection34] INFO  server.RaftServerConfigKeys (ConfUtils.java:logGet(44)) - raft.server.write.byte-limit = 1024 M (=1073741824) (custom)
2021-11-11 02:23:40,261 [8ce69a9b-f2ea-4e34-9290-b52812aaba8f@group-8733E1E3C7D4-LeaderElection34] INFO  server.RaftServerConfigKeys (ConfUtils.java:logGet(44)) - raft.server.watch.timeout = 180s (custom)
2021-11-11 02:23:40,261 [8ce69a9b-f2ea-4e34-9290-b52812aaba8f@group-8733E1E3C7D4-LeaderElection34] INFO  server.RaftServerConfigKeys (ConfUtils.java:logGet(44)) - raft.server.watch.timeout.denomination = 1s (default)
2021-11-11 02:23:40,261 [8ce69a9b-f2ea-4e34-9290-b52812aaba8f@group-8733E1E3C7D4-LeaderElection34] INFO  server.RaftServerConfigKeys (ConfUtils.java:logGet(44)) - raft.server.watch.element-limit = 65536 (default)
2021-11-11 02:23:40,262 [8ce69a9b-f2ea-4e34-9290-b52812aaba8f@group-8733E1E3C7D4-LeaderElection34] INFO  server.RaftServerConfigKeys (ConfUtils.java:logGet(44)) - raft.server.write.element-limit = 1024 (custom)
2021-11-11 02:23:40,262 [8ce69a9b-f2ea-4e34-9290-b52812aaba8f@group-8733E1E3C7D4-LeaderElection34] INFO  server.RaftServerConfigKeys (ConfUtils.java:logGet(44)) - raft.server.write.follower.gap.ratio.max = -1.0 (default)
2021-11-11 02:23:40,262 [8ce69a9b-f2ea-4e34-9290-b52812aaba8f@group-8733E1E3C7D4-LeaderElection34] INFO  impl.RoleInfo (RoleInfo.java:updateAndGet(130)) - 8ce69a9b-f2ea-4e34-9290-b52812aaba8f: start 8ce69a9b-f2ea-4e34-9290-b52812aaba8f@group-8733E1E3C7D4-LeaderStateImpl
2021-11-11 02:23:40,262 [8ce69a9b-f2ea-4e34-9290-b52812aaba8f@group-8733E1E3C7D4-LeaderElection34] INFO  segmented.SegmentedRaftLogWorker (SegmentedRaftLogWorker.java:startLogSegment(394)) - 8ce69a9b-f2ea-4e34-9290-b52812aaba8f@group-8733E1E3C7D4-SegmentedRaftLogWorker: Starting segment from index:0
2021-11-11 02:23:40,264 [8ce69a9b-f2ea-4e34-9290-b52812aaba8f@group-8733E1E3C7D4-SegmentedRaftLogWorker] INFO  segmented.SegmentedRaftLogWorker (SegmentedRaftLogWorker.java:execute(601)) - 8ce69a9b-f2ea-4e34-9290-b52812aaba8f@group-8733E1E3C7D4-SegmentedRaftLogWorker: created new log segment /home/runner/work/ozone/ozone/hadoop-ozone/integration-test/target/test-dir/MiniOzoneClusterImpl-fa7c201b-b2c9-4d4a-bc80-193480666daa/datanode-4/data/ratis/6bd761f0-1b76-47f2-92c3-8733e1e3c7d4/current/log_inprogress_0
2021-11-11 02:23:40,267 [8ce69a9b-f2ea-4e34-9290-b52812aaba8f@group-8733E1E3C7D4-LeaderElection34] INFO  server.RaftServer$Division (ServerState.java:setRaftConf(387)) - 8ce69a9b-f2ea-4e34-9290-b52812aaba8f@group-8733E1E3C7D4: set configuration 0: [8ce69a9b-f2ea-4e34-9290-b52812aaba8f|rpc:10.1.0.58:37187|dataStream:|priority:1], old=null
2021-11-11 02:23:40,302 [ReplicationMonitor] INFO  container.ReplicationManager (ReplicationManager.java:processAll(371)) - Replication Monitor Thread took 0 milliseconds for processing 6 containers.
2021-11-11 02:23:40,345 [ForkJoinPool.commonPool-worker-1] INFO  statemachine.DatanodeStateMachine (DatanodeStateMachine.java:stopDaemon(526)) - Ozone container server stopped.
2021-11-11 02:23:40,349 [ForkJoinPool.commonPool-worker-1] INFO  handler.ContextHandler (ContextHandler.java:doStop(1153)) - Stopped o.e.j.w.WebAppContext@2adb3f45{hddsDatanode,/,null,STOPPED}{jar:file:/home/runner/.m2/repository/org/apache/ozone/hdds-container-service/1.2.0-SNAPSHOT/hdds-container-service-1.2.0-SNAPSHOT.jar!/webapps/hddsDatanode}
2021-11-11 02:23:40,355 [ForkJoinPool.commonPool-worker-1] INFO  server.AbstractConnector (AbstractConnector.java:doStop(381)) - Stopped ServerConnector@39f0ef26{HTTP/1.1, (http/1.1)}{0.0.0.0:0}
2021-11-11 02:23:40,355 [ForkJoinPool.commonPool-worker-1] INFO  server.session (HouseKeeper.java:stopScavenging(149)) - node0 Stopped scavenging
2021-11-11 02:23:40,359 [ForkJoinPool.commonPool-worker-1] INFO  handler.ContextHandler (ContextHandler.java:doStop(1153)) - Stopped o.e.j.s.ServletContextHandler@6a7cefa9{static,/static,jar:file:/home/runner/.m2/repository/org/apache/ozone/hdds-container-service/1.2.0-SNAPSHOT/hdds-container-service-1.2.0-SNAPSHOT.jar!/webapps/static,STOPPED}
2021-11-11 02:23:40,359 [ForkJoinPool.commonPool-worker-1] INFO  handler.ContextHandler (ContextHandler.java:doStop(1153)) - Stopped o.e.j.s.ServletContextHandler@454095d2{logs,/logs,file:///home/runner/work/ozone/ozone/hadoop-ozone/integration-test/target/log,STOPPED}
2021-11-11 02:23:40,373 [8144d56f-0d27-4688-93ba-465874d06109@group-7D659A355870-FollowerState] INFO  impl.FollowerState (FollowerState.java:run(134)) - 8144d56f-0d27-4688-93ba-465874d06109@group-7D659A355870-FollowerState: change to CANDIDATE, lastRpcElapsedTime:5072946392ns, electionTimeout:5059ms
2021-11-11 02:23:40,373 [8144d56f-0d27-4688-93ba-465874d06109@group-7D659A355870-FollowerState] INFO  impl.RoleInfo (RoleInfo.java:shutdownFollowerState(108)) - 8144d56f-0d27-4688-93ba-465874d06109: shutdown 8144d56f-0d27-4688-93ba-465874d06109@group-7D659A355870-FollowerState
2021-11-11 02:23:40,373 [8144d56f-0d27-4688-93ba-465874d06109@group-7D659A355870-FollowerState] INFO  server.RaftServer$Division (RaftServerImpl.java:setRole(290)) - 8144d56f-0d27-4688-93ba-465874d06109@group-7D659A355870: changes role from  FOLLOWER to CANDIDATE at term 0 for changeToCandidate
2021-11-11 02:23:40,373 [8144d56f-0d27-4688-93ba-465874d06109@group-7D659A355870-FollowerState] INFO  server.RaftServerConfigKeys (ConfUtils.java:logGet(44)) - raft.server.leaderelection.pre-vote = false (custom)
2021-11-11 02:23:40,373 [8144d56f-0d27-4688-93ba-465874d06109@group-7D659A355870-FollowerState] INFO  impl.RoleInfo (RoleInfo.java:updateAndGet(130)) - 8144d56f-0d27-4688-93ba-465874d06109: start 8144d56f-0d27-4688-93ba-465874d06109@group-7D659A355870-LeaderElection35
2021-11-11 02:23:40,391 [8144d56f-0d27-4688-93ba-465874d06109@group-7D659A355870-LeaderElection35] INFO  impl.LeaderElection (LeaderElection.java:askForVotes(306)) - 8144d56f-0d27-4688-93ba-465874d06109@group-7D659A355870-LeaderElection35 ELECTION round 0: submit vote requests at term 1 for -1: [8144d56f-0d27-4688-93ba-465874d06109|rpc:10.1.0.58:39279|priority:1], old=null
2021-11-11 02:23:40,392 [8144d56f-0d27-4688-93ba-465874d06109@group-7D659A355870-LeaderElection35] INFO  impl.LeaderElection (LeaderElection.java:askForVotes(308)) - 8144d56f-0d27-4688-93ba-465874d06109@group-7D659A355870-LeaderElection35 ELECTION round 0: result PASSED (term=1)
2021-11-11 02:23:40,392 [8144d56f-0d27-4688-93ba-465874d06109@group-7D659A355870-LeaderElection35] INFO  impl.RoleInfo (RoleInfo.java:shutdownLeaderElection(121)) - 8144d56f-0d27-4688-93ba-465874d06109: shutdown 8144d56f-0d27-4688-93ba-465874d06109@group-7D659A355870-LeaderElection35
2021-11-11 02:23:40,392 [8144d56f-0d27-4688-93ba-465874d06109@group-7D659A355870-LeaderElection35] INFO  server.RaftServer$Division (RaftServerImpl.java:setRole(290)) - 8144d56f-0d27-4688-93ba-465874d06109@group-7D659A355870: changes role from CANDIDATE to LEADER at term 1 for changeToLeader
2021-11-11 02:23:40,392 [8144d56f-0d27-4688-93ba-465874d06109@group-7D659A355870-LeaderElection35] INFO  ratis.XceiverServerRatis (XceiverServerRatis.java:handleLeaderChangedNotification(866)) - Leader change notification received for group: group-7D659A355870 with new leaderId: 8144d56f-0d27-4688-93ba-465874d06109
2021-11-11 02:23:40,396 [8144d56f-0d27-4688-93ba-465874d06109@group-7D659A355870-LeaderElection35] INFO  server.RaftServer$Division (ServerState.java:setLeader(285)) - 8144d56f-0d27-4688-93ba-465874d06109@group-7D659A355870: change Leader from null to 8144d56f-0d27-4688-93ba-465874d06109 at term 1 for becomeLeader, leader elected after 5118ms
2021-11-11 02:23:40,396 [8144d56f-0d27-4688-93ba-465874d06109@group-7D659A355870-LeaderElection35] INFO  server.RaftServerConfigKeys (ConfUtils.java:logGet(44)) - raft.server.staging.catchup.gap = 1000 (default)
2021-11-11 02:23:40,396 [8144d56f-0d27-4688-93ba-465874d06109@group-7D659A355870-LeaderElection35] INFO  server.RaftServerConfigKeys (ConfUtils.java:logGet(44)) - raft.server.write.element-limit = 1024 (custom)
2021-11-11 02:23:40,396 [8144d56f-0d27-4688-93ba-465874d06109@group-7D659A355870-LeaderElection35] INFO  server.RaftServerConfigKeys (ConfUtils.java:logGet(44)) - raft.server.write.byte-limit = 1024 M (=1073741824) (custom)
2021-11-11 02:23:40,397 [8144d56f-0d27-4688-93ba-465874d06109@group-7D659A355870-LeaderElection35] INFO  server.RaftServerConfigKeys (ConfUtils.java:logGet(44)) - raft.server.watch.timeout = 180s (custom)
2021-11-11 02:23:40,397 [8144d56f-0d27-4688-93ba-465874d06109@group-7D659A355870-LeaderElection35] INFO  server.RaftServerConfigKeys (ConfUtils.java:logGet(44)) - raft.server.watch.timeout.denomination = 1s (default)
2021-11-11 02:23:40,397 [8144d56f-0d27-4688-93ba-465874d06109@group-7D659A355870-LeaderElection35] INFO  server.RaftServerConfigKeys (ConfUtils.java:logGet(44)) - raft.server.watch.element-limit = 65536 (default)
2021-11-11 02:23:40,397 [8144d56f-0d27-4688-93ba-465874d06109@group-7D659A355870-LeaderElection35] INFO  server.RaftServerConfigKeys (ConfUtils.java:logGet(44)) - raft.server.write.element-limit = 1024 (custom)
2021-11-11 02:23:40,397 [8144d56f-0d27-4688-93ba-465874d06109@group-7D659A355870-LeaderElection35] INFO  server.RaftServerConfigKeys (ConfUtils.java:logGet(44)) - raft.server.write.follower.gap.ratio.max = -1.0 (default)
2021-11-11 02:23:40,397 [8144d56f-0d27-4688-93ba-465874d06109@group-7D659A355870-LeaderElection35] INFO  impl.RoleInfo (RoleInfo.java:updateAndGet(130)) - 8144d56f-0d27-4688-93ba-465874d06109: start 8144d56f-0d27-4688-93ba-465874d06109@group-7D659A355870-LeaderStateImpl
2021-11-11 02:23:40,412 [8144d56f-0d27-4688-93ba-465874d06109@group-7D659A355870-LeaderElection35] INFO  segmented.SegmentedRaftLogWorker (SegmentedRaftLogWorker.java:startLogSegment(394)) - 8144d56f-0d27-4688-93ba-465874d06109@group-7D659A355870-SegmentedRaftLogWorker: Starting segment from index:0
2021-11-11 02:23:40,425 [8144d56f-0d27-4688-93ba-465874d06109@group-7D659A355870-SegmentedRaftLogWorker] INFO  segmented.SegmentedRaftLogWorker (SegmentedRaftLogWorker.java:execute(601)) - 8144d56f-0d27-4688-93ba-465874d06109@group-7D659A355870-SegmentedRaftLogWorker: created new log segment /home/runner/work/ozone/ozone/hadoop-ozone/integration-test/target/test-dir/MiniOzoneClusterImpl-fa7c201b-b2c9-4d4a-bc80-193480666daa/datanode-3/data/ratis/ff296bd9-e020-4a08-9768-7d659a355870/current/log_inprogress_0
2021-11-11 02:23:40,428 [8144d56f-0d27-4688-93ba-465874d06109@group-7D659A355870-LeaderElection35] INFO  server.RaftServer$Division (ServerState.java:setRaftConf(387)) - 8144d56f-0d27-4688-93ba-465874d06109@group-7D659A355870: set configuration 0: [8144d56f-0d27-4688-93ba-465874d06109|rpc:10.1.0.58:39279|dataStream:|priority:1], old=null
2021-11-11 02:23:40,999 [Mini-Cluster-Provider-Reap] INFO  statemachine.DatanodeStateMachine (DatanodeStateMachine.java:stopDaemon(526)) - Ozone container server stopped.
2021-11-11 02:23:41,002 [Mini-Cluster-Provider-Reap] INFO  handler.ContextHandler (ContextHandler.java:doStop(1153)) - Stopped o.e.j.w.WebAppContext@3929a042{hddsDatanode,/,null,STOPPED}{jar:file:/home/runner/.m2/repository/org/apache/ozone/hdds-container-service/1.2.0-SNAPSHOT/hdds-container-service-1.2.0-SNAPSHOT.jar!/webapps/hddsDatanode}
2021-11-11 02:23:41,014 [Mini-Cluster-Provider-Reap] INFO  server.AbstractConnector (AbstractConnector.java:doStop(381)) - Stopped ServerConnector@5b6f2990{HTTP/1.1, (http/1.1)}{0.0.0.0:0}
2021-11-11 02:23:41,014 [Mini-Cluster-Provider-Reap] INFO  server.session (HouseKeeper.java:stopScavenging(149)) - node0 Stopped scavenging
2021-11-11 02:23:41,014 [Mini-Cluster-Provider-Reap] INFO  handler.ContextHandler (ContextHandler.java:doStop(1153)) - Stopped o.e.j.s.ServletContextHandler@37633de4{static,/static,jar:file:/home/runner/.m2/repository/org/apache/ozone/hdds-container-service/1.2.0-SNAPSHOT/hdds-container-service-1.2.0-SNAPSHOT.jar!/webapps/static,STOPPED}
2021-11-11 02:23:41,015 [Mini-Cluster-Provider-Reap] INFO  handler.ContextHandler (ContextHandler.java:doStop(1153)) - Stopped o.e.j.s.ServletContextHandler@56db90e5{logs,/logs,file:///home/runner/work/ozone/ozone/hadoop-ozone/integration-test/target/log,STOPPED}
2021-11-11 02:23:41,016 [Mini-Cluster-Provider-Reap] INFO  ozone.MiniOzoneClusterImpl (MiniOzoneClusterImpl.java:stopSCM(542)) - Stopping the StorageContainerManager
2021-11-11 02:23:41,016 [Mini-Cluster-Provider-Reap] INFO  server.StorageContainerManager (StorageContainerManager.java:stop(1395)) - Stopping Container Balancer service.
2021-11-11 02:23:41,017 [Mini-Cluster-Provider-Reap] INFO  balancer.ContainerBalancer (ContainerBalancer.java:stop(773)) - Container Balancer is not running.
2021-11-11 02:23:41,017 [Mini-Cluster-Provider-Reap] INFO  server.StorageContainerManager (StorageContainerManager.java:stop(1402)) - Stopping Replication Manager Service.
2021-11-11 02:23:41,017 [Mini-Cluster-Provider-Reap] INFO  container.ReplicationManager (ReplicationManager.java:stop(350)) - Stopping Replication Monitor Thread.
2021-11-11 02:23:41,017 [Mini-Cluster-Provider-Reap] INFO  server.StorageContainerManager (StorageContainerManager.java:stop(1409)) - Stopping the Datanode Admin Monitor.
2021-11-11 02:23:41,017 [Mini-Cluster-Provider-Reap] INFO  server.StorageContainerManager (StorageContainerManager.java:stop(1416)) - Stopping Lease Manager of the command watchers
2021-11-11 02:23:41,017 [Mini-Cluster-Provider-Reap] INFO  server.StorageContainerManager (StorageContainerManager.java:stop(1423)) - Stopping datanode service RPC server
2021-11-11 02:23:41,017 [Mini-Cluster-Provider-Reap] INFO  server.SCMDatanodeProtocolServer (SCMDatanodeProtocolServer.java:stop(389)) - Stopping the RPC server for DataNodes
2021-11-11 02:23:41,017 [Mini-Cluster-Provider-Reap] INFO  ipc.Server (Server.java:stop(3414)) - Stopping server on 42671
2021-11-11 02:23:41,024 [IPC Server listener on 0] INFO  ipc.Server (Server.java:run(1376)) - Stopping IPC Server listener on 0
2021-11-11 02:23:41,026 [IPC Server Responder] INFO  ipc.Server (Server.java:run(1512)) - Stopping IPC Server Responder
2021-11-11 02:23:41,057 [SCM Heartbeat Processing Thread - 0] WARN  node.NodeStateManager (NodeStateManager.java:scheduleNextHealthCheck(799)) - Current Thread is interrupted, shutting down HB processing thread for Node Manager.
2021-11-11 02:23:41,058 [Mini-Cluster-Provider-Reap] INFO  server.StorageContainerManager (StorageContainerManager.java:stop(1431)) - Stopping block service RPC server
2021-11-11 02:23:41,058 [Mini-Cluster-Provider-Reap] INFO  server.SCMBlockProtocolServer (SCMBlockProtocolServer.java:stop(160)) - Stopping the RPC server for Block Protocol
2021-11-11 02:23:41,058 [Mini-Cluster-Provider-Reap] INFO  ipc.Server (Server.java:stop(3414)) - Stopping server on 46665
2021-11-11 02:23:41,061 [IPC Server listener on 0] INFO  ipc.Server (Server.java:run(1376)) - Stopping IPC Server listener on 0
2021-11-11 02:23:41,061 [Mini-Cluster-Provider-Reap] INFO  server.StorageContainerManager (StorageContainerManager.java:stop(1438)) - Stopping the StorageContainerLocationProtocol RPC server
2021-11-11 02:23:41,061 [Mini-Cluster-Provider-Reap] INFO  server.SCMClientProtocolServer (SCMClientProtocolServer.java:stop(173)) - Stopping the RPC server for Client Protocol
2021-11-11 02:23:41,061 [IPC Server Responder] INFO  ipc.Server (Server.java:run(1512)) - Stopping IPC Server Responder
2021-11-11 02:23:41,061 [Mini-Cluster-Provider-Reap] INFO  ipc.Server (Server.java:stop(3414)) - Stopping server on 36503
2021-11-11 02:23:41,065 [IPC Server listener on 0] INFO  ipc.Server (Server.java:run(1376)) - Stopping IPC Server listener on 0
2021-11-11 02:23:41,065 [Mini-Cluster-Provider-Reap] INFO  server.StorageContainerManager (StorageContainerManager.java:stop(1445)) - Stopping Storage Container Manager HTTP server.
2021-11-11 02:23:41,065 [IPC Server Responder] INFO  ipc.Server (Server.java:run(1512)) - Stopping IPC Server Responder
2021-11-11 02:23:41,067 [Mini-Cluster-Provider-Reap] INFO  handler.ContextHandler (ContextHandler.java:doStop(1153)) - Stopped o.e.j.w.WebAppContext@100bfc96{scm,/,null,STOPPED}{file:/home/runner/work/ozone/ozone/hadoop-ozone/integration-test/target/test-classes/webapps/scm}
2021-11-11 02:23:41,068 [Mini-Cluster-Provider-Reap] INFO  server.AbstractConnector (AbstractConnector.java:doStop(381)) - Stopped ServerConnector@25380bf8{HTTP/1.1, (http/1.1)}{0.0.0.0:0}
2021-11-11 02:23:41,068 [Mini-Cluster-Provider-Reap] INFO  server.session (HouseKeeper.java:stopScavenging(149)) - node0 Stopped scavenging
2021-11-11 02:23:41,068 [Mini-Cluster-Provider-Reap] INFO  handler.ContextHandler (ContextHandler.java:doStop(1153)) - Stopped o.e.j.s.ServletContextHandler@29785024{static,/static,file:///home/runner/work/ozone/ozone/hadoop-ozone/integration-test/target/test-classes/webapps/static,STOPPED}
2021-11-11 02:23:41,068 [Mini-Cluster-Provider-Reap] INFO  handler.ContextHandler (ContextHandler.java:doStop(1153)) - Stopped o.e.j.s.ServletContextHandler@65f40e63{logs,/logs,file:///home/runner/work/ozone/ozone/hadoop-ozone/integration-test/target/log,STOPPED}
2021-11-11 02:23:41,070 [Mini-Cluster-Provider-Reap] INFO  server.StorageContainerManager (StorageContainerManager.java:stop(1456)) - Stopping Block Manager Service.
2021-11-11 02:23:41,070 [Mini-Cluster-Provider-Reap] INFO  utils.BackgroundService (BackgroundService.java:shutdown(132)) - Shutting down service SCMBlockDeletingService
2021-11-11 02:23:41,070 [Mini-Cluster-Provider-Reap] INFO  utils.BackgroundService (BackgroundService.java:shutdown(132)) - Shutting down service SCMBlockDeletingService
2021-11-11 02:23:41,071 [Mini-Cluster-Provider-Reap] INFO  server.StorageContainerManager (StorageContainerManager.java:stop(1483)) - Stopping SCM Event Queue.
2021-11-11 02:23:41,088 [Mini-Cluster-Provider-Reap] INFO  server.StorageContainerManager (StorageContainerManager.java:stop(1494)) - Stopping SCM HA services.
2021-11-11 02:23:41,093 [Mini-Cluster-Provider-Reap] INFO  pipeline.BackgroundPipelineCreator (BackgroundPipelineCreator.java:stop(158)) - Stopping RatisPipelineUtilsThread.
2021-11-11 02:23:41,095 [Mini-Cluster-Provider-Reap] INFO  server.StorageContainerManager (StorageContainerManager.java:stop(1504)) - Stopping SCM MetadataStore.
2021-11-11 02:23:41,096 [Mini-Cluster-Provider-Reap] INFO  impl.MetricsSystemImpl (MetricsSystemImpl.java:stop(210)) - Stopping HddsDatanode metrics system...
2021-11-11 02:23:41,130 [prometheus] INFO  impl.MetricsSinkAdapter (MetricsSinkAdapter.java:publishMetricsFromQueue(141)) - prometheus thread interrupted.
2021-11-11 02:23:41,139 [Mini-Cluster-Provider-Reap] INFO  impl.MetricsSystemImpl (MetricsSystemImpl.java:stop(216)) - HddsDatanode metrics system stopped.
2021-11-11 02:23:41,303 [ReplicationMonitor] INFO  container.ReplicationManager (ReplicationManager.java:processAll(371)) - Replication Monitor Thread took 0 milliseconds for processing 6 containers.
2021-11-11 02:23:41,316 [Mini-Cluster-Provider-Reap] INFO  ozone.MiniOzoneClusterImpl (MiniOzoneClusterImpl.java:shutdown(453)) - Shutting down the Mini Ozone Cluster
2021-11-11 02:23:41,316 [Mini-Cluster-Provider-Reap] INFO  ozone.MiniOzoneClusterImpl (MiniOzoneClusterImpl.java:stop(468)) - Stopping the Mini Ozone Cluster
2021-11-11 02:23:41,317 [Mini-Cluster-Provider-Reap] INFO  ozone.MiniOzoneClusterImpl (MiniOzoneClusterImpl.java:stopOM(550)) - Stopping the OzoneManager
2021-11-11 02:23:41,317 [Mini-Cluster-Provider-Reap] INFO  om.OzoneManager (OzoneManager.java:stop(1698)) - Stopping Ozone Manager
2021-11-11 02:23:41,319 [Mini-Cluster-Provider-Reap] INFO  ipc.Server (Server.java:stop(3414)) - Stopping server on 33833
2021-11-11 02:23:41,320 [IPC Server listener on 0] INFO  ipc.Server (Server.java:run(1376)) - Stopping IPC Server listener on 0
2021-11-11 02:23:41,341 [IPC Server Responder] INFO  ipc.Server (Server.java:run(1512)) - Stopping IPC Server Responder
2021-11-11 02:23:41,341 [Mini-Cluster-Provider-Reap] INFO  server.RaftServer (RaftServerProxy.java:lambda$close$6(391)) - om1: close
2021-11-11 02:23:41,343 [Mini-Cluster-Provider-Reap] INFO  server.RaftServer$Division (RaftServerImpl.java:lambda$close$4(412)) - om1@group-C5BA1605619E: shutdown
2021-11-11 02:23:41,343 [Mini-Cluster-Provider-Reap] INFO  util.JmxRegister (JmxRegister.java:unregister(73)) - Successfully un-registered JMX Bean with object name Ratis:service=RaftServer,group=group-C5BA1605619E,id="om1"
2021-11-11 02:23:41,343 [Mini-Cluster-Provider-Reap] INFO  impl.RoleInfo (RoleInfo.java:shutdownLeaderState(91)) - om1: shutdown om1@group-C5BA1605619E-LeaderStateImpl
2021-11-11 02:23:41,343 [Mini-Cluster-Provider-Reap] INFO  impl.PendingRequests (PendingRequests.java:sendNotLeaderResponses(282)) - om1@group-C5BA1605619E-PendingRequests: sendNotLeaderResponses
2021-11-11 02:23:41,359 [Mini-Cluster-Provider-Reap] INFO  impl.StateMachineUpdater (StateMachineUpdater.java:stopAndJoin(149)) - om1@group-C5BA1605619E-StateMachineUpdater: set stopIndex = 84
2021-11-11 02:23:41,359 [om1@group-C5BA1605619E-StateMachineUpdater] INFO  ratis.OzoneManagerStateMachine (OzoneManagerStateMachine.java:takeSnapshot(417)) - Current Snapshot Index (t:1, i:84)
2021-11-11 02:23:41,372 [om1@group-C5BA1605619E-StateMachineUpdater] INFO  impl.StateMachineUpdater (StateMachineUpdater.java:takeSnapshot(281)) - om1@group-C5BA1605619E-StateMachineUpdater: Took a snapshot at index 84
2021-11-11 02:23:41,372 [om1@group-C5BA1605619E-StateMachineUpdater] INFO  impl.StateMachineUpdater (StateMachineUpdater.java:lambda$new$0(89)) - om1@group-C5BA1605619E-StateMachineUpdater: snapshotIndex: updateIncreasingly -1 -> 84
2021-11-11 02:23:41,372 [om1@group-C5BA1605619E-StateMachineUpdater] INFO  ratis.OzoneManagerStateMachine (OzoneManagerStateMachine.java:close(471)) - StateMachine has shutdown. Shutdown OzoneManager if not already shutdown.
2021-11-11 02:23:41,372 [Mini-Cluster-Provider-Reap] INFO  server.RaftServer$Division (ServerState.java:close(419)) - om1@group-C5BA1605619E: closes. applyIndex: 84
2021-11-11 02:23:41,376 [om1@group-C5BA1605619E-SegmentedRaftLogWorker] INFO  segmented.SegmentedRaftLogWorker (SegmentedRaftLogWorker.java:run(327)) - om1@group-C5BA1605619E-SegmentedRaftLogWorker was interrupted, exiting. There are 0 tasks remaining in the queue.
2021-11-11 02:23:41,376 [Mini-Cluster-Provider-Reap] INFO  segmented.SegmentedRaftLogWorker (SegmentedRaftLogWorker.java:close(237)) - om1@group-C5BA1605619E-SegmentedRaftLogWorker close()
2021-11-11 02:23:41,377 [Mini-Cluster-Provider-Reap] INFO  server.GrpcService (GrpcService.java:closeImpl(262)) - om1: shutdown server with port 34547 now
2021-11-11 02:23:41,377 [Mini-Cluster-Provider-Reap] INFO  server.GrpcService (GrpcService.java:closeImpl(271)) - om1: shutdown server with port 34547 successfully
2021-11-11 02:23:41,377 [org.apache.ratis.util.JvmPauseMonitor$$Lambda$534/2057921032@7c63eb20] INFO  util.JvmPauseMonitor (JvmPauseMonitor.java:run(109)) - JvmPauseMonitor-om1: Stopped
2021-11-11 02:23:41,377 [Mini-Cluster-Provider-Reap] INFO  ratis.OzoneManagerDoubleBuffer (OzoneManagerDoubleBuffer.java:stop(437)) - Stopping OMDoubleBuffer flush thread
2021-11-11 02:23:41,377 [OMDoubleBufferFlushThread] INFO  ratis.OzoneManagerDoubleBuffer (OzoneManagerDoubleBuffer.java:flushTransactions(356)) - OMDoubleBuffer flush thread OMDoubleBufferFlushThread is interrupted and will exit. OMDoubleBufferFlushThread
2021-11-11 02:23:41,378 [Mini-Cluster-Provider-Reap] INFO  utils.BackgroundService (BackgroundService.java:shutdown(132)) - Shutting down service KeyDeletingService
2021-11-11 02:23:41,378 [Mini-Cluster-Provider-Reap] INFO  utils.BackgroundService (BackgroundService.java:shutdown(132)) - Shutting down service DirectoryDeletingService
2021-11-11 02:23:41,390 [Mini-Cluster-Provider-Reap] INFO  handler.ContextHandler (ContextHandler.java:doStop(1153)) - Stopped o.e.j.w.WebAppContext@4bb53c33{ozoneManager,/,null,STOPPED}{file:/home/runner/work/ozone/ozone/hadoop-ozone/integration-test/target/test-classes/webapps/ozoneManager}
2021-11-11 02:23:41,390 [Mini-Cluster-Provider-Reap] INFO  server.AbstractConnector (AbstractConnector.java:doStop(381)) - Stopped ServerConnector@1f1ed3f3{HTTP/1.1, (http/1.1)}{0.0.0.0:0}
2021-11-11 02:23:41,390 [Mini-Cluster-Provider-Reap] INFO  server.session (HouseKeeper.java:stopScavenging(149)) - node0 Stopped scavenging
2021-11-11 02:23:41,391 [Mini-Cluster-Provider-Reap] INFO  handler.ContextHandler (ContextHandler.java:doStop(1153)) - Stopped o.e.j.s.ServletContextHandler@7ce46cd1{static,/static,file:///home/runner/work/ozone/ozone/hadoop-ozone/integration-test/target/test-classes/webapps/static,STOPPED}
2021-11-11 02:23:41,391 [Mini-Cluster-Provider-Reap] INFO  handler.ContextHandler (ContextHandler.java:doStop(1153)) - Stopped o.e.j.s.ServletContextHandler@269e7a9c{logs,/logs,file:///home/runner/work/ozone/ozone/hadoop-ozone/integration-test/target/log,STOPPED}
2021-11-11 02:23:41,402 [Mini-Cluster-Provider-Reap] INFO  ozone.MiniOzoneClusterImpl (MiniOzoneClusterImpl.java:stopDatanodes(527)) - Stopping the HddsDatanodes
2021-11-11 02:23:42,303 [ReplicationMonitor] INFO  container.ReplicationManager (ReplicationManager.java:processAll(371)) - Replication Monitor Thread took 0 milliseconds for processing 6 containers.
2021-11-11 02:23:43,304 [ReplicationMonitor] INFO  container.ReplicationManager (ReplicationManager.java:processAll(371)) - Replication Monitor Thread took 0 milliseconds for processing 6 containers.
2021-11-11 02:23:44,304 [ReplicationMonitor] INFO  container.ReplicationManager (ReplicationManager.java:processAll(371)) - Replication Monitor Thread took 0 milliseconds for processing 6 containers.
2021-11-11 02:23:44,394 [EventQueue-StaleNodeForStaleNodeHandler] INFO  node.StaleNodeHandler (StaleNodeHandler.java:onMessage(58)) - Datanode 582f844f-ab60-4375-a757-c803745debcc{ip: 10.1.0.58, host: fv-az291-868.wgnan5asplgejimfprtllbpdch.jx.internal.cloudapp.net, ports: [REPLICATION=34531, RATIS=33919, RATIS_ADMIN=33919, RATIS_SERVER=33919, STANDALONE=41711], networkLocation: /default-rack, certSerialId: null, persistedOpState: IN_SERVICE, persistedOpStateExpiryEpochSec: 0} moved to stale state. Finalizing its pipelines [PipelineID=ce09035b-dc0a-43f6-b483-de72aa4f0da7, PipelineID=708f94e8-bd7f-41a2-8d7a-fcdf3dfca2fc]
2021-11-11 02:23:44,395 [EventQueue-StaleNodeForStaleNodeHandler] INFO  pipeline.PipelineManagerImpl (PipelineManagerImpl.java:closePipeline(349)) - Pipeline Pipeline[ Id: ce09035b-dc0a-43f6-b483-de72aa4f0da7, Nodes: c8f23f42-74be-4190-8774-dbf76800ed63{ip: 10.1.0.58, host: fv-az291-868.wgnan5asplgejimfprtllbpdch.jx.internal.cloudapp.net, ports: [REPLICATION=39159, RATIS=41403, RATIS_ADMIN=41403, RATIS_SERVER=41403, STANDALONE=44585], networkLocation: /default-rack, certSerialId: null, persistedOpState: IN_SERVICE, persistedOpStateExpiryEpochSec: 0}df1ddcd8-4ce4-4820-afc9-bcb0b9602ced{ip: 10.1.0.58, host: fv-az291-868.wgnan5asplgejimfprtllbpdch.jx.internal.cloudapp.net, ports: [REPLICATION=36697, RATIS=42723, RATIS_ADMIN=42723, RATIS_SERVER=42723, STANDALONE=44483], networkLocation: /default-rack, certSerialId: null, persistedOpState: IN_SERVICE, persistedOpStateExpiryEpochSec: 0}582f844f-ab60-4375-a757-c803745debcc{ip: 10.1.0.58, host: fv-az291-868.wgnan5asplgejimfprtllbpdch.jx.internal.cloudapp.net, ports: [REPLICATION=34531, RATIS=33919, RATIS_ADMIN=33919, RATIS_SERVER=33919, STANDALONE=41711], networkLocation: /default-rack, certSerialId: null, persistedOpState: IN_SERVICE, persistedOpStateExpiryEpochSec: 0}, ReplicationConfig: RATIS/THREE, State:OPEN, leaderId:582f844f-ab60-4375-a757-c803745debcc, CreationTimestamp2021-11-11T02:22:53.010Z[Etc/UTC]] moved to CLOSED state
2021-11-11 02:23:44,395 [EventQueue-CloseContainerForCloseContainerEventHandler] INFO  container.CloseContainerEventHandler (CloseContainerEventHandler.java:onMessage(69)) - Close container Event triggered for container : #2
2021-11-11 02:23:44,395 [EventQueue-StaleNodeForStaleNodeHandler] INFO  pipeline.PipelineManagerImpl (PipelineManagerImpl.java:closePipeline(349)) - Pipeline Pipeline[ Id: 708f94e8-bd7f-41a2-8d7a-fcdf3dfca2fc, Nodes: 582f844f-ab60-4375-a757-c803745debcc{ip: 10.1.0.58, host: fv-az291-868.wgnan5asplgejimfprtllbpdch.jx.internal.cloudapp.net, ports: [REPLICATION=34531, RATIS=33919, RATIS_ADMIN=33919, RATIS_SERVER=33919, STANDALONE=41711], networkLocation: /default-rack, certSerialId: null, persistedOpState: IN_SERVICE, persistedOpStateExpiryEpochSec: 0}, ReplicationConfig: RATIS/ONE, State:OPEN, leaderId:582f844f-ab60-4375-a757-c803745debcc, CreationTimestamp2021-11-11T02:22:52.726Z[Etc/UTC]] moved to CLOSED state
2021-11-11 02:23:44,395 [EventQueue-CloseContainerForCloseContainerEventHandler] INFO  container.CloseContainerEventHandler (CloseContainerEventHandler.java:onMessage(69)) - Close container Event triggered for container : #5
2021-11-11 02:23:44,396 [EventQueue-CloseContainerForCloseContainerEventHandler] INFO  container.CloseContainerEventHandler (CloseContainerEventHandler.java:onMessage(69)) - Close container Event triggered for container : #6
2021-11-11 02:23:44,494 [EventQueue-StaleNodeForStaleNodeHandler] INFO  node.StaleNodeHandler (StaleNodeHandler.java:onMessage(58)) - Datanode 8144d56f-0d27-4688-93ba-465874d06109{ip: 10.1.0.58, host: fv-az291-868.wgnan5asplgejimfprtllbpdch.jx.internal.cloudapp.net, ports: [REPLICATION=45347, RATIS=39279, RATIS_ADMIN=39279, RATIS_SERVER=39279, STANDALONE=33283], networkLocation: /default-rack, certSerialId: null, persistedOpState: IN_SERVICE, persistedOpStateExpiryEpochSec: 0} moved to stale state. Finalizing its pipelines [PipelineID=ff296bd9-e020-4a08-9768-7d659a355870, PipelineID=47b6d99c-b65f-41fb-b5fd-91134dbcba30]
2021-11-11 02:23:44,495 [EventQueue-StaleNodeForStaleNodeHandler] INFO  pipeline.PipelineManagerImpl (PipelineManagerImpl.java:closePipeline(349)) - Pipeline Pipeline[ Id: ff296bd9-e020-4a08-9768-7d659a355870, Nodes: 8144d56f-0d27-4688-93ba-465874d06109{ip: 10.1.0.58, host: fv-az291-868.wgnan5asplgejimfprtllbpdch.jx.internal.cloudapp.net, ports: [REPLICATION=45347, RATIS=39279, RATIS_ADMIN=39279, RATIS_SERVER=39279, STANDALONE=33283], networkLocation: /default-rack, certSerialId: null, persistedOpState: IN_MAINTENANCE, persistedOpStateExpiryEpochSec: 0}, ReplicationConfig: RATIS/ONE, State:OPEN, leaderId:8144d56f-0d27-4688-93ba-465874d06109, CreationTimestamp2021-11-11T02:23:33.217Z[Etc/UTC]] moved to CLOSED state
2021-11-11 02:23:44,495 [EventQueue-StaleNodeForStaleNodeHandler] INFO  pipeline.PipelineManagerImpl (PipelineManagerImpl.java:closePipeline(349)) - Pipeline Pipeline[ Id: 47b6d99c-b65f-41fb-b5fd-91134dbcba30, Nodes: 8144d56f-0d27-4688-93ba-465874d06109{ip: 10.1.0.58, host: fv-az291-868.wgnan5asplgejimfprtllbpdch.jx.internal.cloudapp.net, ports: [REPLICATION=45347, RATIS=39279, RATIS_ADMIN=39279, RATIS_SERVER=39279, STANDALONE=33283], networkLocation: /default-rack, certSerialId: null, persistedOpState: IN_MAINTENANCE, persistedOpStateExpiryEpochSec: 0}8ce69a9b-f2ea-4e34-9290-b52812aaba8f{ip: 10.1.0.58, host: fv-az291-868.wgnan5asplgejimfprtllbpdch.jx.internal.cloudapp.net, ports: [REPLICATION=33855, RATIS=37187, RATIS_ADMIN=37187, RATIS_SERVER=37187, STANDALONE=46849], networkLocation: /default-rack, certSerialId: null, persistedOpState: IN_MAINTENANCE, persistedOpStateExpiryEpochSec: 0}2eab701e-61f4-497c-969a-5a075b5d9825{ip: 10.1.0.58, host: fv-az291-868.wgnan5asplgejimfprtllbpdch.jx.internal.cloudapp.net, ports: [REPLICATION=36923, RATIS=37311, RATIS_ADMIN=37311, RATIS_SERVER=37311, STANDALONE=41763], networkLocation: /default-rack, certSerialId: null, persistedOpState: IN_MAINTENANCE, persistedOpStateExpiryEpochSec: 0}, ReplicationConfig: RATIS/THREE, State:ALLOCATED, leaderId:, CreationTimestamp2021-11-11T02:23:33.216Z[Etc/UTC]] moved to CLOSED state
2021-11-11 02:23:45,247 [8ce69a9b-f2ea-4e34-9290-b52812aaba8f@group-91134DBCBA30-FollowerState] INFO  impl.FollowerState (FollowerState.java:run(134)) - 8ce69a9b-f2ea-4e34-9290-b52812aaba8f@group-91134DBCBA30-FollowerState: change to CANDIDATE, lastRpcElapsedTime:5101751569ns, electionTimeout:5091ms
2021-11-11 02:23:45,247 [8ce69a9b-f2ea-4e34-9290-b52812aaba8f@group-91134DBCBA30-FollowerState] INFO  impl.RoleInfo (RoleInfo.java:shutdownFollowerState(108)) - 8ce69a9b-f2ea-4e34-9290-b52812aaba8f: shutdown 8ce69a9b-f2ea-4e34-9290-b52812aaba8f@group-91134DBCBA30-FollowerState
2021-11-11 02:23:45,247 [8ce69a9b-f2ea-4e34-9290-b52812aaba8f@group-91134DBCBA30-FollowerState] INFO  server.RaftServer$Division (RaftServerImpl.java:setRole(290)) - 8ce69a9b-f2ea-4e34-9290-b52812aaba8f@group-91134DBCBA30: changes role from  FOLLOWER to CANDIDATE at term 1 for changeToCandidate
2021-11-11 02:23:45,247 [8ce69a9b-f2ea-4e34-9290-b52812aaba8f@group-91134DBCBA30-FollowerState] INFO  server.RaftServerConfigKeys (ConfUtils.java:logGet(44)) - raft.server.leaderelection.pre-vote = false (custom)
2021-11-11 02:23:45,247 [8ce69a9b-f2ea-4e34-9290-b52812aaba8f@group-91134DBCBA30-FollowerState] INFO  impl.RoleInfo (RoleInfo.java:updateAndGet(130)) - 8ce69a9b-f2ea-4e34-9290-b52812aaba8f: start 8ce69a9b-f2ea-4e34-9290-b52812aaba8f@group-91134DBCBA30-LeaderElection36
2021-11-11 02:23:45,257 [8144d56f-0d27-4688-93ba-465874d06109@group-91134DBCBA30-FollowerState] INFO  impl.FollowerState (FollowerState.java:run(134)) - 8144d56f-0d27-4688-93ba-465874d06109@group-91134DBCBA30-FollowerState: change to CANDIDATE, lastRpcElapsedTime:5106858168ns, electionTimeout:5101ms
2021-11-11 02:23:45,257 [8144d56f-0d27-4688-93ba-465874d06109@group-91134DBCBA30-FollowerState] INFO  impl.RoleInfo (RoleInfo.java:shutdownFollowerState(108)) - 8144d56f-0d27-4688-93ba-465874d06109: shutdown 8144d56f-0d27-4688-93ba-465874d06109@group-91134DBCBA30-FollowerState
2021-11-11 02:23:45,257 [8144d56f-0d27-4688-93ba-465874d06109@group-91134DBCBA30-FollowerState] INFO  server.RaftServer$Division (RaftServerImpl.java:setRole(290)) - 8144d56f-0d27-4688-93ba-465874d06109@group-91134DBCBA30: changes role from  FOLLOWER to CANDIDATE at term 1 for changeToCandidate
2021-11-11 02:23:45,257 [8144d56f-0d27-4688-93ba-465874d06109@group-91134DBCBA30-FollowerState] INFO  server.RaftServerConfigKeys (ConfUtils.java:logGet(44)) - raft.server.leaderelection.pre-vote = false (custom)
2021-11-11 02:23:45,257 [8144d56f-0d27-4688-93ba-465874d06109@group-91134DBCBA30-FollowerState] INFO  impl.RoleInfo (RoleInfo.java:updateAndGet(130)) - 8144d56f-0d27-4688-93ba-465874d06109: start 8144d56f-0d27-4688-93ba-465874d06109@group-91134DBCBA30-LeaderElection37
2021-11-11 02:23:45,272 [8ce69a9b-f2ea-4e34-9290-b52812aaba8f@group-91134DBCBA30-LeaderElection36] INFO  impl.LeaderElection (LeaderElection.java:askForVotes(306)) - 8ce69a9b-f2ea-4e34-9290-b52812aaba8f@group-91134DBCBA30-LeaderElection36 ELECTION round 0: submit vote requests at term 2 for -1: [8144d56f-0d27-4688-93ba-465874d06109|rpc:10.1.0.58:39279|dataStream:|priority:0, 8ce69a9b-f2ea-4e34-9290-b52812aaba8f|rpc:10.1.0.58:37187|dataStream:|priority:1, 2eab701e-61f4-497c-969a-5a075b5d9825|rpc:10.1.0.58:37311|dataStream:|priority:0], old=null
2021-11-11 02:23:45,277 [grpc-default-executor-2] INFO  server.RaftServer$Division (RaftServerImpl.java:requestVote(1046)) - 8144d56f-0d27-4688-93ba-465874d06109@group-91134DBCBA30: receive requestVote(ELECTION, 8ce69a9b-f2ea-4e34-9290-b52812aaba8f, group-91134DBCBA30, 2, (t:0, i:0))
2021-11-11 02:23:45,287 [8144d56f-0d27-4688-93ba-465874d06109@group-91134DBCBA30-LeaderElection37] INFO  impl.LeaderElection (LeaderElection.java:askForVotes(306)) - 8144d56f-0d27-4688-93ba-465874d06109@group-91134DBCBA30-LeaderElection37 ELECTION round 0: submit vote requests at term 2 for -1: [8144d56f-0d27-4688-93ba-465874d06109|rpc:10.1.0.58:39279|priority:0, 8ce69a9b-f2ea-4e34-9290-b52812aaba8f|rpc:10.1.0.58:37187|priority:1, 2eab701e-61f4-497c-969a-5a075b5d9825|rpc:10.1.0.58:37311|priority:0], old=null
2021-11-11 02:23:45,287 [grpc-default-executor-2] INFO  impl.VoteContext (VoteContext.java:log(48)) - 8144d56f-0d27-4688-93ba-465874d06109@group-91134DBCBA30-CANDIDATE: reject ELECTION from 8ce69a9b-f2ea-4e34-9290-b52812aaba8f: already has voted for 8144d56f-0d27-4688-93ba-465874d06109 at current term 2
2021-11-11 02:23:45,287 [grpc-default-executor-2] INFO  server.RaftServer$Division (RaftServerImpl.java:requestVote(1078)) - 8144d56f-0d27-4688-93ba-465874d06109@group-91134DBCBA30 replies to ELECTION vote request: 8ce69a9b-f2ea-4e34-9290-b52812aaba8f<-8144d56f-0d27-4688-93ba-465874d06109#0:FAIL-t2. Peer's state: 8144d56f-0d27-4688-93ba-465874d06109@group-91134DBCBA30:t2, leader=null, voted=8144d56f-0d27-4688-93ba-465874d06109, raftlog=8144d56f-0d27-4688-93ba-465874d06109@group-91134DBCBA30-SegmentedRaftLog:OPENED:c-1, conf=-1: [8144d56f-0d27-4688-93ba-465874d06109|rpc:10.1.0.58:39279|priority:0, 8ce69a9b-f2ea-4e34-9290-b52812aaba8f|rpc:10.1.0.58:37187|priority:1, 2eab701e-61f4-497c-969a-5a075b5d9825|rpc:10.1.0.58:37311|priority:0], old=null
2021-11-11 02:23:45,305 [ReplicationMonitor] INFO  container.ReplicationManager (ReplicationManager.java:sendCloseCommand(1482)) - Sending close container command for container #2 to datanode 582f844f-ab60-4375-a757-c803745debcc{ip: 10.1.0.58, host: fv-az291-868.wgnan5asplgejimfprtllbpdch.jx.internal.cloudapp.net, ports: [REPLICATION=34531, RATIS=33919, RATIS_ADMIN=33919, RATIS_SERVER=33919, STANDALONE=41711], networkLocation: /default-rack, certSerialId: null, persistedOpState: IN_SERVICE, persistedOpStateExpiryEpochSec: 0}.
2021-11-11 02:23:45,316 [grpc-default-executor-2] INFO  server.RaftServer$Division (RaftServerImpl.java:requestVote(1046)) - 8ce69a9b-f2ea-4e34-9290-b52812aaba8f@group-91134DBCBA30: receive requestVote(ELECTION, 8144d56f-0d27-4688-93ba-465874d06109, group-91134DBCBA30, 2, (t:0, i:0))
2021-11-11 02:23:45,316 [grpc-default-executor-2] INFO  impl.VoteContext (VoteContext.java:log(48)) - 8ce69a9b-f2ea-4e34-9290-b52812aaba8f@group-91134DBCBA30-CANDIDATE: reject ELECTION from 8144d56f-0d27-4688-93ba-465874d06109: already has voted for 8ce69a9b-f2ea-4e34-9290-b52812aaba8f at current term 2
2021-11-11 02:23:45,316 [grpc-default-executor-2] INFO  server.RaftServer$Division (RaftServerImpl.java:requestVote(1078)) - 8ce69a9b-f2ea-4e34-9290-b52812aaba8f@group-91134DBCBA30 replies to ELECTION vote request: 8144d56f-0d27-4688-93ba-465874d06109<-8ce69a9b-f2ea-4e34-9290-b52812aaba8f#0:FAIL-t2. Peer's state: 8ce69a9b-f2ea-4e34-9290-b52812aaba8f@group-91134DBCBA30:t2, leader=null, voted=8ce69a9b-f2ea-4e34-9290-b52812aaba8f, raftlog=8ce69a9b-f2ea-4e34-9290-b52812aaba8f@group-91134DBCBA30-SegmentedRaftLog:OPENED:c-1, conf=-1: [8144d56f-0d27-4688-93ba-465874d06109|rpc:10.1.0.58:39279|dataStream:|priority:0, 8ce69a9b-f2ea-4e34-9290-b52812aaba8f|rpc:10.1.0.58:37187|dataStream:|priority:1, 2eab701e-61f4-497c-969a-5a075b5d9825|rpc:10.1.0.58:37311|dataStream:|priority:0], old=null
2021-11-11 02:23:45,318 [grpc-default-executor-1] INFO  server.RaftServer$Division (RaftServerImpl.java:requestVote(1046)) - 2eab701e-61f4-497c-969a-5a075b5d9825@group-91134DBCBA30: receive requestVote(ELECTION, 8144d56f-0d27-4688-93ba-465874d06109, group-91134DBCBA30, 2, (t:0, i:0))
2021-11-11 02:23:45,321 [ReplicationMonitor] INFO  container.ReplicationManager (ReplicationManager.java:sendCloseCommand(1482)) - Sending close container command for container #2 to datanode df1ddcd8-4ce4-4820-afc9-bcb0b9602ced{ip: 10.1.0.58, host: fv-az291-868.wgnan5asplgejimfprtllbpdch.jx.internal.cloudapp.net, ports: [REPLICATION=36697, RATIS=42723, RATIS_ADMIN=42723, RATIS_SERVER=42723, STANDALONE=44483], networkLocation: /default-rack, certSerialId: null, persistedOpState: IN_SERVICE, persistedOpStateExpiryEpochSec: 0}.
2021-11-11 02:23:45,321 [ReplicationMonitor] INFO  container.ReplicationManager (ReplicationManager.java:sendCloseCommand(1482)) - Sending close container command for container #2 to datanode c8f23f42-74be-4190-8774-dbf76800ed63{ip: 10.1.0.58, host: fv-az291-868.wgnan5asplgejimfprtllbpdch.jx.internal.cloudapp.net, ports: [REPLICATION=39159, RATIS=41403, RATIS_ADMIN=41403, RATIS_SERVER=41403, STANDALONE=44585], networkLocation: /default-rack, certSerialId: null, persistedOpState: IN_SERVICE, persistedOpStateExpiryEpochSec: 0}.
2021-11-11 02:23:45,322 [ReplicationMonitor] INFO  container.ReplicationManager (ReplicationManager.java:sendCloseCommand(1482)) - Sending close container command for container #5 to datanode c8f23f42-74be-4190-8774-dbf76800ed63{ip: 10.1.0.58, host: fv-az291-868.wgnan5asplgejimfprtllbpdch.jx.internal.cloudapp.net, ports: [REPLICATION=39159, RATIS=41403, RATIS_ADMIN=41403, RATIS_SERVER=41403, STANDALONE=44585], networkLocation: /default-rack, certSerialId: null, persistedOpState: IN_SERVICE, persistedOpStateExpiryEpochSec: 0}.
2021-11-11 02:23:45,322 [ReplicationMonitor] INFO  container.ReplicationManager (ReplicationManager.java:sendCloseCommand(1482)) - Sending close container command for container #5 to datanode df1ddcd8-4ce4-4820-afc9-bcb0b9602ced{ip: 10.1.0.58, host: fv-az291-868.wgnan5asplgejimfprtllbpdch.jx.internal.cloudapp.net, ports: [REPLICATION=36697, RATIS=42723, RATIS_ADMIN=42723, RATIS_SERVER=42723, STANDALONE=44483], networkLocation: /default-rack, certSerialId: null, persistedOpState: IN_SERVICE, persistedOpStateExpiryEpochSec: 0}.
2021-11-11 02:23:45,322 [ReplicationMonitor] INFO  container.ReplicationManager (ReplicationManager.java:sendCloseCommand(1482)) - Sending close container command for container #5 to datanode 582f844f-ab60-4375-a757-c803745debcc{ip: 10.1.0.58, host: fv-az291-868.wgnan5asplgejimfprtllbpdch.jx.internal.cloudapp.net, ports: [REPLICATION=34531, RATIS=33919, RATIS_ADMIN=33919, RATIS_SERVER=33919, STANDALONE=41711], networkLocation: /default-rack, certSerialId: null, persistedOpState: IN_SERVICE, persistedOpStateExpiryEpochSec: 0}.
2021-11-11 02:23:45,322 [ReplicationMonitor] INFO  container.ReplicationManager (ReplicationManager.java:sendCloseCommand(1482)) - Sending close container command for container #6 to datanode df1ddcd8-4ce4-4820-afc9-bcb0b9602ced{ip: 10.1.0.58, host: fv-az291-868.wgnan5asplgejimfprtllbpdch.jx.internal.cloudapp.net, ports: [REPLICATION=36697, RATIS=42723, RATIS_ADMIN=42723, RATIS_SERVER=42723, STANDALONE=44483], networkLocation: /default-rack, certSerialId: null, persistedOpState: IN_SERVICE, persistedOpStateExpiryEpochSec: 0}.
2021-11-11 02:23:45,322 [ReplicationMonitor] INFO  container.ReplicationManager (ReplicationManager.java:sendCloseCommand(1482)) - Sending close container command for container #6 to datanode 582f844f-ab60-4375-a757-c803745debcc{ip: 10.1.0.58, host: fv-az291-868.wgnan5asplgejimfprtllbpdch.jx.internal.cloudapp.net, ports: [REPLICATION=34531, RATIS=33919, RATIS_ADMIN=33919, RATIS_SERVER=33919, STANDALONE=41711], networkLocation: /default-rack, certSerialId: null, persistedOpState: IN_SERVICE, persistedOpStateExpiryEpochSec: 0}.
2021-11-11 02:23:45,322 [ReplicationMonitor] INFO  container.ReplicationManager (ReplicationManager.java:sendCloseCommand(1482)) - Sending close container command for container #6 to datanode c8f23f42-74be-4190-8774-dbf76800ed63{ip: 10.1.0.58, host: fv-az291-868.wgnan5asplgejimfprtllbpdch.jx.internal.cloudapp.net, ports: [REPLICATION=39159, RATIS=41403, RATIS_ADMIN=41403, RATIS_SERVER=41403, STANDALONE=44585], networkLocation: /default-rack, certSerialId: null, persistedOpState: IN_SERVICE, persistedOpStateExpiryEpochSec: 0}.
2021-11-11 02:23:45,322 [ReplicationMonitor] INFO  container.ReplicationManager (ReplicationManager.java:processAll(371)) - Replication Monitor Thread took 17 milliseconds for processing 6 containers.
2021-11-11 02:23:45,322 [8144d56f-0d27-4688-93ba-465874d06109@group-91134DBCBA30-LeaderElection37] INFO  impl.LeaderElection (LeaderElection.java:logAndReturn(89)) - 8144d56f-0d27-4688-93ba-465874d06109@group-91134DBCBA30-LeaderElection37: ELECTION REJECTED received 1 response(s) and 0 exception(s):
2021-11-11 02:23:45,322 [8144d56f-0d27-4688-93ba-465874d06109@group-91134DBCBA30-LeaderElection37] INFO  impl.LeaderElection (LeaderElection.java:logAndReturn(93)) -   Response 0: 8144d56f-0d27-4688-93ba-465874d06109<-8ce69a9b-f2ea-4e34-9290-b52812aaba8f#0:FAIL-t2
2021-11-11 02:23:45,322 [8144d56f-0d27-4688-93ba-465874d06109@group-91134DBCBA30-LeaderElection37] INFO  impl.LeaderElection (LeaderElection.java:askForVotes(308)) - 8144d56f-0d27-4688-93ba-465874d06109@group-91134DBCBA30-LeaderElection37 ELECTION round 0: result REJECTED
2021-11-11 02:23:45,322 [8144d56f-0d27-4688-93ba-465874d06109@group-91134DBCBA30-LeaderElection37] INFO  server.RaftServer$Division (RaftServerImpl.java:setRole(290)) - 8144d56f-0d27-4688-93ba-465874d06109@group-91134DBCBA30: changes role from CANDIDATE to FOLLOWER at term 2 for REJECTED
2021-11-11 02:23:45,322 [8144d56f-0d27-4688-93ba-465874d06109@group-91134DBCBA30-LeaderElection37] INFO  impl.RoleInfo (RoleInfo.java:shutdownLeaderElection(121)) - 8144d56f-0d27-4688-93ba-465874d06109: shutdown 8144d56f-0d27-4688-93ba-465874d06109@group-91134DBCBA30-LeaderElection37
2021-11-11 02:23:45,323 [8144d56f-0d27-4688-93ba-465874d06109@group-91134DBCBA30-LeaderElection37] INFO  impl.RoleInfo (RoleInfo.java:updateAndGet(130)) - 8144d56f-0d27-4688-93ba-465874d06109: start 8144d56f-0d27-4688-93ba-465874d06109@group-91134DBCBA30-FollowerState
2021-11-11 02:23:45,328 [grpc-default-executor-3] INFO  server.RaftServer$Division (RaftServerImpl.java:requestVote(1046)) - 2eab701e-61f4-497c-969a-5a075b5d9825@group-91134DBCBA30: receive requestVote(ELECTION, 8ce69a9b-f2ea-4e34-9290-b52812aaba8f, group-91134DBCBA30, 2, (t:0, i:0))
2021-11-11 02:23:45,328 [grpc-default-executor-3] INFO  impl.VoteContext (VoteContext.java:log(48)) - 2eab701e-61f4-497c-969a-5a075b5d9825@group-91134DBCBA30-FOLLOWER: accept ELECTION from 8ce69a9b-f2ea-4e34-9290-b52812aaba8f: our priority 0 <= candidate's priority 1
2021-11-11 02:23:45,328 [grpc-default-executor-3] INFO  server.RaftServer$Division (RaftServerImpl.java:setRole(290)) - 2eab701e-61f4-497c-969a-5a075b5d9825@group-91134DBCBA30: changes role from  FOLLOWER to FOLLOWER at term 2 for candidate:8ce69a9b-f2ea-4e34-9290-b52812aaba8f
2021-11-11 02:23:45,328 [grpc-default-executor-3] INFO  impl.RoleInfo (RoleInfo.java:shutdownFollowerState(108)) - 2eab701e-61f4-497c-969a-5a075b5d9825: shutdown 2eab701e-61f4-497c-969a-5a075b5d9825@group-91134DBCBA30-FollowerState
2021-11-11 02:23:45,328 [grpc-default-executor-3] INFO  impl.RoleInfo (RoleInfo.java:updateAndGet(130)) - 2eab701e-61f4-497c-969a-5a075b5d9825: start 2eab701e-61f4-497c-969a-5a075b5d9825@group-91134DBCBA30-FollowerState
2021-11-11 02:23:45,328 [2eab701e-61f4-497c-969a-5a075b5d9825@group-91134DBCBA30-FollowerState] INFO  impl.FollowerState (FollowerState.java:run(143)) - 2eab701e-61f4-497c-969a-5a075b5d9825@group-91134DBCBA30-FollowerState was interrupted: {}
java.lang.InterruptedException: sleep interrupted
	at java.lang.Thread.sleep(Native Method)
	at java.lang.Thread.sleep(Thread.java:340)
	at java.util.concurrent.TimeUnit.sleep(TimeUnit.java:386)
	at org.apache.ratis.util.TimeDuration.sleep(TimeDuration.java:324)
	at org.apache.ratis.util.TimeDuration.sleep(TimeDuration.java:309)
	at org.apache.ratis.server.impl.FollowerState.run(FollowerState.java:118)
2021-11-11 02:23:45,345 [grpc-default-executor-3] INFO  server.RaftServer$Division (RaftServerImpl.java:requestVote(1078)) - 2eab701e-61f4-497c-969a-5a075b5d9825@group-91134DBCBA30 replies to ELECTION vote request: 8ce69a9b-f2ea-4e34-9290-b52812aaba8f<-2eab701e-61f4-497c-969a-5a075b5d9825#0:OK-t2. Peer's state: 2eab701e-61f4-497c-969a-5a075b5d9825@group-91134DBCBA30:t2, leader=null, voted=8ce69a9b-f2ea-4e34-9290-b52812aaba8f, raftlog=2eab701e-61f4-497c-969a-5a075b5d9825@group-91134DBCBA30-SegmentedRaftLog:OPENED:c-1, conf=-1: [8144d56f-0d27-4688-93ba-465874d06109|rpc:10.1.0.58:39279|priority:0, 8ce69a9b-f2ea-4e34-9290-b52812aaba8f|rpc:10.1.0.58:37187|priority:1, 2eab701e-61f4-497c-969a-5a075b5d9825|rpc:10.1.0.58:37311|priority:0], old=null
2021-11-11 02:23:45,345 [grpc-default-executor-1] INFO  impl.VoteContext (VoteContext.java:log(48)) - 2eab701e-61f4-497c-969a-5a075b5d9825@group-91134DBCBA30-FOLLOWER: reject ELECTION from 8144d56f-0d27-4688-93ba-465874d06109: already has voted for 8ce69a9b-f2ea-4e34-9290-b52812aaba8f at current term 2
2021-11-11 02:23:45,345 [grpc-default-executor-1] INFO  server.RaftServer$Division (RaftServerImpl.java:requestVote(1078)) - 2eab701e-61f4-497c-969a-5a075b5d9825@group-91134DBCBA30 replies to ELECTION vote request: 8144d56f-0d27-4688-93ba-465874d06109<-2eab701e-61f4-497c-969a-5a075b5d9825#0:FAIL-t2. Peer's state: 2eab701e-61f4-497c-969a-5a075b5d9825@group-91134DBCBA30:t2, leader=null, voted=8ce69a9b-f2ea-4e34-9290-b52812aaba8f, raftlog=2eab701e-61f4-497c-969a-5a075b5d9825@group-91134DBCBA30-SegmentedRaftLog:OPENED:c-1, conf=-1: [8144d56f-0d27-4688-93ba-465874d06109|rpc:10.1.0.58:39279|priority:0, 8ce69a9b-f2ea-4e34-9290-b52812aaba8f|rpc:10.1.0.58:37187|priority:1, 2eab701e-61f4-497c-969a-5a075b5d9825|rpc:10.1.0.58:37311|priority:0], old=null
2021-11-11 02:23:45,347 [8ce69a9b-f2ea-4e34-9290-b52812aaba8f@group-91134DBCBA30-LeaderElection36] INFO  impl.LeaderElection (LeaderElection.java:logAndReturn(89)) - 8ce69a9b-f2ea-4e34-9290-b52812aaba8f@group-91134DBCBA30-LeaderElection36: ELECTION PASSED received 2 response(s) and 0 exception(s):
2021-11-11 02:23:45,347 [8ce69a9b-f2ea-4e34-9290-b52812aaba8f@group-91134DBCBA30-LeaderElection36] INFO  impl.LeaderElection (LeaderElection.java:logAndReturn(93)) -   Response 0: 8ce69a9b-f2ea-4e34-9290-b52812aaba8f<-8144d56f-0d27-4688-93ba-465874d06109#0:FAIL-t2
2021-11-11 02:23:45,347 [8ce69a9b-f2ea-4e34-9290-b52812aaba8f@group-91134DBCBA30-LeaderElection36] INFO  impl.LeaderElection (LeaderElection.java:logAndReturn(93)) -   Response 1: 8ce69a9b-f2ea-4e34-9290-b52812aaba8f<-2eab701e-61f4-497c-969a-5a075b5d9825#0:OK-t2
2021-11-11 02:23:45,347 [8ce69a9b-f2ea-4e34-9290-b52812aaba8f@group-91134DBCBA30-LeaderElection36] INFO  impl.LeaderElection (LeaderElection.java:askForVotes(308)) - 8ce69a9b-f2ea-4e34-9290-b52812aaba8f@group-91134DBCBA30-LeaderElection36 ELECTION round 0: result PASSED
2021-11-11 02:23:45,347 [8ce69a9b-f2ea-4e34-9290-b52812aaba8f@group-91134DBCBA30-LeaderElection36] INFO  impl.RoleInfo (RoleInfo.java:shutdownLeaderElection(121)) - 8ce69a9b-f2ea-4e34-9290-b52812aaba8f: shutdown 8ce69a9b-f2ea-4e34-9290-b52812aaba8f@group-91134DBCBA30-LeaderElection36
2021-11-11 02:23:45,347 [8ce69a9b-f2ea-4e34-9290-b52812aaba8f@group-91134DBCBA30-LeaderElection36] INFO  server.RaftServer$Division (RaftServerImpl.java:setRole(290)) - 8ce69a9b-f2ea-4e34-9290-b52812aaba8f@group-91134DBCBA30: changes role from CANDIDATE to LEADER at term 2 for changeToLeader
2021-11-11 02:23:45,347 [8ce69a9b-f2ea-4e34-9290-b52812aaba8f@group-91134DBCBA30-LeaderElection36] INFO  ratis.XceiverServerRatis (XceiverServerRatis.java:handleLeaderChangedNotification(866)) - Leader change notification received for group: group-91134DBCBA30 with new leaderId: 8ce69a9b-f2ea-4e34-9290-b52812aaba8f
2021-11-11 02:23:45,347 [8ce69a9b-f2ea-4e34-9290-b52812aaba8f@group-91134DBCBA30-LeaderElection36] INFO  server.RaftServer$Division (ServerState.java:setLeader(285)) - 8ce69a9b-f2ea-4e34-9290-b52812aaba8f@group-91134DBCBA30: change Leader from null to 8ce69a9b-f2ea-4e34-9290-b52812aaba8f at term 2 for becomeLeader, leader elected after 10289ms
2021-11-11 02:23:45,347 [8ce69a9b-f2ea-4e34-9290-b52812aaba8f@group-91134DBCBA30-LeaderElection36] INFO  server.RaftServerConfigKeys (ConfUtils.java:logGet(44)) - raft.server.staging.catchup.gap = 1000 (default)
2021-11-11 02:23:45,348 [8ce69a9b-f2ea-4e34-9290-b52812aaba8f@group-91134DBCBA30-LeaderElection36] INFO  server.RaftServerConfigKeys (ConfUtils.java:logGet(44)) - raft.server.write.element-limit = 1024 (custom)
2021-11-11 02:23:45,348 [8ce69a9b-f2ea-4e34-9290-b52812aaba8f@group-91134DBCBA30-LeaderElection36] INFO  server.RaftServerConfigKeys (ConfUtils.java:logGet(44)) - raft.server.write.byte-limit = 1024 M (=1073741824) (custom)
2021-11-11 02:23:45,348 [8ce69a9b-f2ea-4e34-9290-b52812aaba8f@group-91134DBCBA30-LeaderElection36] INFO  server.RaftServerConfigKeys (ConfUtils.java:logGet(44)) - raft.server.watch.timeout = 180s (custom)
2021-11-11 02:23:45,348 [8ce69a9b-f2ea-4e34-9290-b52812aaba8f@group-91134DBCBA30-LeaderElection36] INFO  server.RaftServerConfigKeys (ConfUtils.java:logGet(44)) - raft.server.watch.timeout.denomination = 1s (default)
2021-11-11 02:23:45,348 [8ce69a9b-f2ea-4e34-9290-b52812aaba8f@group-91134DBCBA30-LeaderElection36] INFO  server.RaftServerConfigKeys (ConfUtils.java:logGet(44)) - raft.server.watch.element-limit = 65536 (default)
2021-11-11 02:23:45,348 [8ce69a9b-f2ea-4e34-9290-b52812aaba8f@group-91134DBCBA30-LeaderElection36] INFO  server.RaftServerConfigKeys (ConfUtils.java:logGet(44)) - raft.server.write.element-limit = 1024 (custom)
2021-11-11 02:23:45,348 [8ce69a9b-f2ea-4e34-9290-b52812aaba8f@group-91134DBCBA30-LeaderElection36] INFO  server.RaftServerConfigKeys (ConfUtils.java:logGet(44)) - raft.server.write.follower.gap.ratio.max = -1.0 (default)
2021-11-11 02:23:45,348 [8ce69a9b-f2ea-4e34-9290-b52812aaba8f@group-91134DBCBA30-LeaderElection36] INFO  server.RaftServerConfigKeys (ConfUtils.java:logGet(44)) - raft.server.log.appender.snapshot.chunk.size.max = 16MB (=16777216) (default)
2021-11-11 02:23:45,348 [8ce69a9b-f2ea-4e34-9290-b52812aaba8f@group-91134DBCBA30-LeaderElection36] INFO  server.RaftServerConfigKeys (ConfUtils.java:logGet(44)) - raft.server.log.appender.buffer.byte-limit = 33554432 (custom)
2021-11-11 02:23:45,349 [8ce69a9b-f2ea-4e34-9290-b52812aaba8f@group-91134DBCBA30-LeaderElection36] INFO  server.RaftServerConfigKeys (ConfUtils.java:logGet(44)) - raft.server.log.appender.buffer.element-limit = 1 (custom)
2021-11-11 02:23:45,349 [8ce69a9b-f2ea-4e34-9290-b52812aaba8f@group-91134DBCBA30-LeaderElection36] INFO  grpc.GrpcConfigKeys (ConfUtils.java:logGet(44)) - raft.grpc.server.leader.outstanding.appends.max = 128 (default)
2021-11-11 02:23:45,349 [8ce69a9b-f2ea-4e34-9290-b52812aaba8f@group-91134DBCBA30-LeaderElection36] INFO  server.RaftServerConfigKeys (ConfUtils.java:logGet(44)) - raft.server.rpc.request.timeout = 60s (custom)
2021-11-11 02:23:45,349 [8ce69a9b-f2ea-4e34-9290-b52812aaba8f@group-91134DBCBA30-LeaderElection36] INFO  server.RaftServerConfigKeys (ConfUtils.java:logGet(44)) - raft.server.log.appender.install.snapshot.enabled = false (custom)
2021-11-11 02:23:45,350 [8ce69a9b-f2ea-4e34-9290-b52812aaba8f@group-91134DBCBA30-LeaderElection36] INFO  server.RaftServerConfigKeys (ConfUtils.java:logGet(44)) - raft.server.log.appender.snapshot.chunk.size.max = 16MB (=16777216) (default)
2021-11-11 02:23:45,352 [8ce69a9b-f2ea-4e34-9290-b52812aaba8f@group-91134DBCBA30-LeaderElection36] INFO  server.RaftServerConfigKeys (ConfUtils.java:logGet(44)) - raft.server.log.appender.buffer.byte-limit = 33554432 (custom)
2021-11-11 02:23:45,352 [8ce69a9b-f2ea-4e34-9290-b52812aaba8f@group-91134DBCBA30-LeaderElection36] INFO  server.RaftServerConfigKeys (ConfUtils.java:logGet(44)) - raft.server.log.appender.buffer.element-limit = 1 (custom)
2021-11-11 02:23:45,352 [8ce69a9b-f2ea-4e34-9290-b52812aaba8f@group-91134DBCBA30-LeaderElection36] INFO  grpc.GrpcConfigKeys (ConfUtils.java:logGet(44)) - raft.grpc.server.leader.outstanding.appends.max = 128 (default)
2021-11-11 02:23:45,352 [8ce69a9b-f2ea-4e34-9290-b52812aaba8f@group-91134DBCBA30-LeaderElection36] INFO  server.RaftServerConfigKeys (ConfUtils.java:logGet(44)) - raft.server.rpc.request.timeout = 60s (custom)
2021-11-11 02:23:45,352 [8ce69a9b-f2ea-4e34-9290-b52812aaba8f@group-91134DBCBA30-LeaderElection36] INFO  server.RaftServerConfigKeys (ConfUtils.java:logGet(44)) - raft.server.log.appender.install.snapshot.enabled = false (custom)
2021-11-11 02:23:45,353 [8ce69a9b-f2ea-4e34-9290-b52812aaba8f@group-91134DBCBA30-LeaderElection36] INFO  impl.RoleInfo (RoleInfo.java:updateAndGet(130)) - 8ce69a9b-f2ea-4e34-9290-b52812aaba8f: start 8ce69a9b-f2ea-4e34-9290-b52812aaba8f@group-91134DBCBA30-LeaderStateImpl
2021-11-11 02:23:45,354 [8ce69a9b-f2ea-4e34-9290-b52812aaba8f@group-91134DBCBA30-LeaderElection36] INFO  segmented.SegmentedRaftLogWorker (SegmentedRaftLogWorker.java:startLogSegment(394)) - 8ce69a9b-f2ea-4e34-9290-b52812aaba8f@group-91134DBCBA30-SegmentedRaftLogWorker: Starting segment from index:0
2021-11-11 02:23:45,359 [8ce69a9b-f2ea-4e34-9290-b52812aaba8f@group-91134DBCBA30-SegmentedRaftLogWorker] INFO  segmented.SegmentedRaftLogWorker (SegmentedRaftLogWorker.java:execute(601)) - 8ce69a9b-f2ea-4e34-9290-b52812aaba8f@group-91134DBCBA30-SegmentedRaftLogWorker: created new log segment /home/runner/work/ozone/ozone/hadoop-ozone/integration-test/target/test-dir/MiniOzoneClusterImpl-fa7c201b-b2c9-4d4a-bc80-193480666daa/datanode-4/data/ratis/47b6d99c-b65f-41fb-b5fd-91134dbcba30/current/log_inprogress_0
2021-11-11 02:23:45,376 [grpc-default-executor-1] INFO  ratis.XceiverServerRatis (XceiverServerRatis.java:handleLeaderChangedNotification(866)) - Leader change notification received for group: group-91134DBCBA30 with new leaderId: 8ce69a9b-f2ea-4e34-9290-b52812aaba8f
2021-11-11 02:23:45,377 [grpc-default-executor-1] INFO  server.RaftServer$Division (ServerState.java:setLeader(285)) - 2eab701e-61f4-497c-969a-5a075b5d9825@group-91134DBCBA30: change Leader from null to 8ce69a9b-f2ea-4e34-9290-b52812aaba8f at term 2 for appendEntries, leader elected after 10296ms
2021-11-11 02:23:45,382 [grpc-default-executor-2] INFO  ratis.XceiverServerRatis (XceiverServerRatis.java:handleLeaderChangedNotification(866)) - Leader change notification received for group: group-91134DBCBA30 with new leaderId: 8ce69a9b-f2ea-4e34-9290-b52812aaba8f
2021-11-11 02:23:45,382 [grpc-default-executor-2] INFO  server.RaftServer$Division (ServerState.java:setLeader(285)) - 8144d56f-0d27-4688-93ba-465874d06109@group-91134DBCBA30: change Leader from null to 8ce69a9b-f2ea-4e34-9290-b52812aaba8f at term 2 for appendEntries, leader elected after 10393ms
2021-11-11 02:23:45,399 [8ce69a9b-f2ea-4e34-9290-b52812aaba8f@group-91134DBCBA30-LeaderElection36] INFO  server.RaftServer$Division (ServerState.java:setRaftConf(387)) - 8ce69a9b-f2ea-4e34-9290-b52812aaba8f@group-91134DBCBA30: set configuration 0: [8144d56f-0d27-4688-93ba-465874d06109|rpc:10.1.0.58:39279|dataStream:|priority:0, 8ce69a9b-f2ea-4e34-9290-b52812aaba8f|rpc:10.1.0.58:37187|dataStream:|priority:1, 2eab701e-61f4-497c-969a-5a075b5d9825|rpc:10.1.0.58:37311|dataStream:|priority:0], old=null
2021-11-11 02:23:45,399 [grpc-default-executor-1] INFO  server.RaftServer$Division (ServerState.java:setRaftConf(387)) - 2eab701e-61f4-497c-969a-5a075b5d9825@group-91134DBCBA30: set configuration 0: [8144d56f-0d27-4688-93ba-465874d06109|rpc:10.1.0.58:39279|dataStream:|priority:0, 8ce69a9b-f2ea-4e34-9290-b52812aaba8f|rpc:10.1.0.58:37187|dataStream:|priority:1, 2eab701e-61f4-497c-969a-5a075b5d9825|rpc:10.1.0.58:37311|dataStream:|priority:0], old=null
2021-11-11 02:23:45,399 [grpc-default-executor-1] INFO  segmented.SegmentedRaftLogWorker (SegmentedRaftLogWorker.java:startLogSegment(394)) - 2eab701e-61f4-497c-969a-5a075b5d9825@group-91134DBCBA30-SegmentedRaftLogWorker: Starting segment from index:0
2021-11-11 02:23:45,401 [2eab701e-61f4-497c-969a-5a075b5d9825@group-91134DBCBA30-SegmentedRaftLogWorker] INFO  segmented.SegmentedRaftLogWorker (SegmentedRaftLogWorker.java:execute(601)) - 2eab701e-61f4-497c-969a-5a075b5d9825@group-91134DBCBA30-SegmentedRaftLogWorker: created new log segment /home/runner/work/ozone/ozone/hadoop-ozone/integration-test/target/test-dir/MiniOzoneClusterImpl-fa7c201b-b2c9-4d4a-bc80-193480666daa/datanode-5/data/ratis/47b6d99c-b65f-41fb-b5fd-91134dbcba30/current/log_inprogress_0
2021-11-11 02:23:45,470 [grpc-default-executor-2] INFO  server.RaftServer$Division (ServerState.java:setRaftConf(387)) - 8144d56f-0d27-4688-93ba-465874d06109@group-91134DBCBA30: set configuration 0: [8144d56f-0d27-4688-93ba-465874d06109|rpc:10.1.0.58:39279|dataStream:|priority:0, 8ce69a9b-f2ea-4e34-9290-b52812aaba8f|rpc:10.1.0.58:37187|dataStream:|priority:1, 2eab701e-61f4-497c-969a-5a075b5d9825|rpc:10.1.0.58:37311|dataStream:|priority:0], old=null
2021-11-11 02:23:45,471 [grpc-default-executor-2] INFO  segmented.SegmentedRaftLogWorker (SegmentedRaftLogWorker.java:startLogSegment(394)) - 8144d56f-0d27-4688-93ba-465874d06109@group-91134DBCBA30-SegmentedRaftLogWorker: Starting segment from index:0
2021-11-11 02:23:45,473 [8144d56f-0d27-4688-93ba-465874d06109@group-91134DBCBA30-SegmentedRaftLogWorker] INFO  segmented.SegmentedRaftLogWorker (SegmentedRaftLogWorker.java:execute(601)) - 8144d56f-0d27-4688-93ba-465874d06109@group-91134DBCBA30-SegmentedRaftLogWorker: created new log segment /home/runner/work/ozone/ozone/hadoop-ozone/integration-test/target/test-dir/MiniOzoneClusterImpl-fa7c201b-b2c9-4d4a-bc80-193480666daa/datanode-3/data/ratis/47b6d99c-b65f-41fb-b5fd-91134dbcba30/current/log_inprogress_0
2021-11-11 02:23:46,322 [ReplicationMonitor] INFO  container.ReplicationManager (ReplicationManager.java:sendCloseCommand(1482)) - Sending close container command for container #2 to datanode 582f844f-ab60-4375-a757-c803745debcc{ip: 10.1.0.58, host: fv-az291-868.wgnan5asplgejimfprtllbpdch.jx.internal.cloudapp.net, ports: [REPLICATION=34531, RATIS=33919, RATIS_ADMIN=33919, RATIS_SERVER=33919, STANDALONE=41711], networkLocation: /default-rack, certSerialId: null, persistedOpState: IN_SERVICE, persistedOpStateExpiryEpochSec: 0}.
2021-11-11 02:23:46,323 [ReplicationMonitor] INFO  container.ReplicationManager (ReplicationManager.java:sendCloseCommand(1482)) - Sending close container command for container #2 to datanode df1ddcd8-4ce4-4820-afc9-bcb0b9602ced{ip: 10.1.0.58, host: fv-az291-868.wgnan5asplgejimfprtllbpdch.jx.internal.cloudapp.net, ports: [REPLICATION=36697, RATIS=42723, RATIS_ADMIN=42723, RATIS_SERVER=42723, STANDALONE=44483], networkLocation: /default-rack, certSerialId: null, persistedOpState: IN_SERVICE, persistedOpStateExpiryEpochSec: 0}.
2021-11-11 02:23:46,323 [ReplicationMonitor] INFO  container.ReplicationManager (ReplicationManager.java:sendCloseCommand(1482)) - Sending close container command for container #2 to datanode c8f23f42-74be-4190-8774-dbf76800ed63{ip: 10.1.0.58, host: fv-az291-868.wgnan5asplgejimfprtllbpdch.jx.internal.cloudapp.net, ports: [REPLICATION=39159, RATIS=41403, RATIS_ADMIN=41403, RATIS_SERVER=41403, STANDALONE=44585], networkLocation: /default-rack, certSerialId: null, persistedOpState: IN_SERVICE, persistedOpStateExpiryEpochSec: 0}.
2021-11-11 02:23:46,323 [ReplicationMonitor] INFO  container.ReplicationManager (ReplicationManager.java:sendCloseCommand(1482)) - Sending close container command for container #5 to datanode c8f23f42-74be-4190-8774-dbf76800ed63{ip: 10.1.0.58, host: fv-az291-868.wgnan5asplgejimfprtllbpdch.jx.internal.cloudapp.net, ports: [REPLICATION=39159, RATIS=41403, RATIS_ADMIN=41403, RATIS_SERVER=41403, STANDALONE=44585], networkLocation: /default-rack, certSerialId: null, persistedOpState: IN_SERVICE, persistedOpStateExpiryEpochSec: 0}.
2021-11-11 02:23:46,323 [ReplicationMonitor] INFO  container.ReplicationManager (ReplicationManager.java:sendCloseCommand(1482)) - Sending close container command for container #5 to datanode df1ddcd8-4ce4-4820-afc9-bcb0b9602ced{ip: 10.1.0.58, host: fv-az291-868.wgnan5asplgejimfprtllbpdch.jx.internal.cloudapp.net, ports: [REPLICATION=36697, RATIS=42723, RATIS_ADMIN=42723, RATIS_SERVER=42723, STANDALONE=44483], networkLocation: /default-rack, certSerialId: null, persistedOpState: IN_SERVICE, persistedOpStateExpiryEpochSec: 0}.
2021-11-11 02:23:46,323 [ReplicationMonitor] INFO  container.ReplicationManager (ReplicationManager.java:sendCloseCommand(1482)) - Sending close container command for container #5 to datanode 582f844f-ab60-4375-a757-c803745debcc{ip: 10.1.0.58, host: fv-az291-868.wgnan5asplgejimfprtllbpdch.jx.internal.cloudapp.net, ports: [REPLICATION=34531, RATIS=33919, RATIS_ADMIN=33919, RATIS_SERVER=33919, STANDALONE=41711], networkLocation: /default-rack, certSerialId: null, persistedOpState: IN_SERVICE, persistedOpStateExpiryEpochSec: 0}.
2021-11-11 02:23:46,323 [ReplicationMonitor] INFO  container.ReplicationManager (ReplicationManager.java:sendCloseCommand(1482)) - Sending close container command for container #6 to datanode df1ddcd8-4ce4-4820-afc9-bcb0b9602ced{ip: 10.1.0.58, host: fv-az291-868.wgnan5asplgejimfprtllbpdch.jx.internal.cloudapp.net, ports: [REPLICATION=36697, RATIS=42723, RATIS_ADMIN=42723, RATIS_SERVER=42723, STANDALONE=44483], networkLocation: /default-rack, certSerialId: null, persistedOpState: IN_SERVICE, persistedOpStateExpiryEpochSec: 0}.
2021-11-11 02:23:46,323 [ReplicationMonitor] INFO  container.ReplicationManager (ReplicationManager.java:sendCloseCommand(1482)) - Sending close container command for container #6 to datanode 582f844f-ab60-4375-a757-c803745debcc{ip: 10.1.0.58, host: fv-az291-868.wgnan5asplgejimfprtllbpdch.jx.internal.cloudapp.net, ports: [REPLICATION=34531, RATIS=33919, RATIS_ADMIN=33919, RATIS_SERVER=33919, STANDALONE=41711], networkLocation: /default-rack, certSerialId: null, persistedOpState: IN_SERVICE, persistedOpStateExpiryEpochSec: 0}.
2021-11-11 02:23:46,323 [ReplicationMonitor] INFO  container.ReplicationManager (ReplicationManager.java:sendCloseCommand(1482)) - Sending close container command for container #6 to datanode c8f23f42-74be-4190-8774-dbf76800ed63{ip: 10.1.0.58, host: fv-az291-868.wgnan5asplgejimfprtllbpdch.jx.internal.cloudapp.net, ports: [REPLICATION=39159, RATIS=41403, RATIS_ADMIN=41403, RATIS_SERVER=41403, STANDALONE=44585], networkLocation: /default-rack, certSerialId: null, persistedOpState: IN_SERVICE, persistedOpStateExpiryEpochSec: 0}.
2021-11-11 02:23:46,323 [ReplicationMonitor] INFO  container.ReplicationManager (ReplicationManager.java:processAll(371)) - Replication Monitor Thread took 1 milliseconds for processing 6 containers.
2021-11-11 02:23:46,403 [Mini-Cluster-Provider-Reap] INFO  ozoneimpl.OzoneContainer (OzoneContainer.java:stop(325)) - Attempting to stop container services.
2021-11-11 02:23:46,403 [ForkJoinPool.commonPool-worker-1] INFO  ozoneimpl.OzoneContainer (OzoneContainer.java:stop(325)) - Attempting to stop container services.
2021-11-11 02:23:46,406 [ForkJoinPool.commonPool-worker-1] INFO  server.RaftServer (RaftServerProxy.java:lambda$close$6(391)) - 582f844f-ab60-4375-a757-c803745debcc: close
2021-11-11 02:23:46,407 [ForkJoinPool.commonPool-worker-1] INFO  server.RaftServer$Division (RaftServerImpl.java:lambda$close$4(412)) - 582f844f-ab60-4375-a757-c803745debcc@group-DE72AA4F0DA7: shutdown
2021-11-11 02:23:46,407 [ForkJoinPool.commonPool-worker-1] INFO  util.JmxRegister (JmxRegister.java:unregister(73)) - Successfully un-registered JMX Bean with object name Ratis:service=RaftServer,group=group-DE72AA4F0DA7,id=582f844f-ab60-4375-a757-c803745debcc
2021-11-11 02:23:46,407 [ForkJoinPool.commonPool-worker-1] INFO  impl.RoleInfo (RoleInfo.java:shutdownLeaderState(91)) - 582f844f-ab60-4375-a757-c803745debcc: shutdown 582f844f-ab60-4375-a757-c803745debcc@group-DE72AA4F0DA7-LeaderStateImpl
2021-11-11 02:23:46,407 [582f844f-ab60-4375-a757-c803745debcc@group-DE72AA4F0DA7->c8f23f42-74be-4190-8774-dbf76800ed63-GrpcLogAppender-LogAppenderDaemon] WARN  server.GrpcLogAppender (GrpcLogAppender.java:mayWait(177)) - 582f844f-ab60-4375-a757-c803745debcc@group-DE72AA4F0DA7->c8f23f42-74be-4190-8774-dbf76800ed63-GrpcLogAppender: Wait interrupted by java.lang.InterruptedException
2021-11-11 02:23:46,407 [ForkJoinPool.commonPool-worker-1] INFO  impl.PendingRequests (PendingRequests.java:sendNotLeaderResponses(282)) - 582f844f-ab60-4375-a757-c803745debcc@group-DE72AA4F0DA7-PendingRequests: sendNotLeaderResponses
2021-11-11 02:23:46,407 [582f844f-ab60-4375-a757-c803745debcc@group-DE72AA4F0DA7->df1ddcd8-4ce4-4820-afc9-bcb0b9602ced-GrpcLogAppender-LogAppenderDaemon] WARN  server.GrpcLogAppender (GrpcLogAppender.java:mayWait(177)) - 582f844f-ab60-4375-a757-c803745debcc@group-DE72AA4F0DA7->df1ddcd8-4ce4-4820-afc9-bcb0b9602ced-GrpcLogAppender: Wait interrupted by java.lang.InterruptedException
2021-11-11 02:23:46,408 [grpc-default-executor-2] INFO  server.GrpcServerProtocolService (GrpcServerProtocolService.java:onCompleted(140)) - df1ddcd8-4ce4-4820-afc9-bcb0b9602ced: Completed APPEND_ENTRIES, lastRequest: 582f844f-ab60-4375-a757-c803745debcc->df1ddcd8-4ce4-4820-afc9-bcb0b9602ced#269-t2,previous=(t:2, i:51),leaderCommit=50,initializing? true,entries: size=1, first=(t:2, i:52), METADATAENTRY(c:50)
2021-11-11 02:23:46,408 [grpc-default-executor-1] INFO  server.GrpcServerProtocolService (GrpcServerProtocolService.java:onCompleted(140)) - c8f23f42-74be-4190-8774-dbf76800ed63: Completed APPEND_ENTRIES, lastRequest: 582f844f-ab60-4375-a757-c803745debcc->c8f23f42-74be-4190-8774-dbf76800ed63#269-t2,previous=(t:2, i:51),leaderCommit=50,initializing? true,entries: size=1, first=(t:2, i:52), METADATAENTRY(c:50)
2021-11-11 02:23:46,410 [grpc-default-executor-3] INFO  server.GrpcLogAppender (GrpcLogAppender.java:onCompleted(346)) - 582f844f-ab60-4375-a757-c803745debcc@group-DE72AA4F0DA7->df1ddcd8-4ce4-4820-afc9-bcb0b9602ced-AppendLogResponseHandler: follower responses appendEntries COMPLETED
2021-11-11 02:23:46,410 [grpc-default-executor-3] INFO  leader.FollowerInfo (FollowerInfoImpl.java:lambda$new$0(47)) - 582f844f-ab60-4375-a757-c803745debcc@group-DE72AA4F0DA7->df1ddcd8-4ce4-4820-afc9-bcb0b9602ced: nextIndex: updateUnconditionally 53 -> 52
2021-11-11 02:23:46,410 [grpc-default-executor-1] INFO  server.GrpcLogAppender (GrpcLogAppender.java:onCompleted(346)) - 582f844f-ab60-4375-a757-c803745debcc@group-DE72AA4F0DA7->c8f23f42-74be-4190-8774-dbf76800ed63-AppendLogResponseHandler: follower responses appendEntries COMPLETED
2021-11-11 02:23:46,410 [grpc-default-executor-1] INFO  leader.FollowerInfo (FollowerInfoImpl.java:lambda$new$0(47)) - 582f844f-ab60-4375-a757-c803745debcc@group-DE72AA4F0DA7->c8f23f42-74be-4190-8774-dbf76800ed63: nextIndex: updateUnconditionally 53 -> 52
2021-11-11 02:23:46,419 [ForkJoinPool.commonPool-worker-1] INFO  impl.StateMachineUpdater (StateMachineUpdater.java:stopAndJoin(149)) - 582f844f-ab60-4375-a757-c803745debcc@group-DE72AA4F0DA7-StateMachineUpdater: set stopIndex = 52
2021-11-11 02:23:46,419 [582f844f-ab60-4375-a757-c803745debcc@group-DE72AA4F0DA7-StateMachineUpdater] INFO  ratis.ContainerStateMachine (ContainerStateMachine.java:takeSnapshot(292)) - group-DE72AA4F0DA7: Taking a snapshot at:(t:2, i:52) file /home/runner/work/ozone/ozone/hadoop-ozone/integration-test/target/test-dir/MiniOzoneClusterImpl-fa7c201b-b2c9-4d4a-bc80-193480666daa/datanode-1/data/ratis/ce09035b-dc0a-43f6-b483-de72aa4f0da7/sm/snapshot.2_52
2021-11-11 02:23:46,421 [582f844f-ab60-4375-a757-c803745debcc@group-DE72AA4F0DA7-StateMachineUpdater] INFO  ratis.ContainerStateMachine (ContainerStateMachine.java:takeSnapshot(303)) - group-DE72AA4F0DA7: Finished taking a snapshot at:(t:2, i:52) file:/home/runner/work/ozone/ozone/hadoop-ozone/integration-test/target/test-dir/MiniOzoneClusterImpl-fa7c201b-b2c9-4d4a-bc80-193480666daa/datanode-1/data/ratis/ce09035b-dc0a-43f6-b483-de72aa4f0da7/sm/snapshot.2_52 took: 2 ms
2021-11-11 02:23:46,421 [582f844f-ab60-4375-a757-c803745debcc@group-DE72AA4F0DA7-StateMachineUpdater] INFO  impl.StateMachineUpdater (StateMachineUpdater.java:takeSnapshot(281)) - 582f844f-ab60-4375-a757-c803745debcc@group-DE72AA4F0DA7-StateMachineUpdater: Took a snapshot at index 52
2021-11-11 02:23:46,421 [582f844f-ab60-4375-a757-c803745debcc@group-DE72AA4F0DA7-StateMachineUpdater] INFO  impl.StateMachineUpdater (StateMachineUpdater.java:lambda$new$0(89)) - 582f844f-ab60-4375-a757-c803745debcc@group-DE72AA4F0DA7-StateMachineUpdater: snapshotIndex: updateIncreasingly -1 -> 52
2021-11-11 02:23:46,422 [ForkJoinPool.commonPool-worker-1] INFO  server.RaftServer$Division (ServerState.java:close(419)) - 582f844f-ab60-4375-a757-c803745debcc@group-DE72AA4F0DA7: closes. applyIndex: 52
2021-11-11 02:23:46,423 [582f844f-ab60-4375-a757-c803745debcc@group-DE72AA4F0DA7-SegmentedRaftLogWorker] INFO  segmented.SegmentedRaftLogWorker (SegmentedRaftLogWorker.java:run(327)) - 582f844f-ab60-4375-a757-c803745debcc@group-DE72AA4F0DA7-SegmentedRaftLogWorker was interrupted, exiting. There are 0 tasks remaining in the queue.
2021-11-11 02:23:46,424 [ForkJoinPool.commonPool-worker-1] INFO  segmented.SegmentedRaftLogWorker (SegmentedRaftLogWorker.java:close(237)) - 582f844f-ab60-4375-a757-c803745debcc@group-DE72AA4F0DA7-SegmentedRaftLogWorker close()
2021-11-11 02:23:46,424 [ForkJoinPool.commonPool-worker-1] INFO  server.RaftServer$Division (RaftServerImpl.java:lambda$close$4(412)) - 582f844f-ab60-4375-a757-c803745debcc@group-FCDF3DFCA2FC: shutdown
2021-11-11 02:23:46,424 [ForkJoinPool.commonPool-worker-1] INFO  util.JmxRegister (JmxRegister.java:unregister(73)) - Successfully un-registered JMX Bean with object name Ratis:service=RaftServer,group=group-FCDF3DFCA2FC,id=582f844f-ab60-4375-a757-c803745debcc
2021-11-11 02:23:46,424 [ForkJoinPool.commonPool-worker-1] INFO  impl.RoleInfo (RoleInfo.java:shutdownLeaderState(91)) - 582f844f-ab60-4375-a757-c803745debcc: shutdown 582f844f-ab60-4375-a757-c803745debcc@group-FCDF3DFCA2FC-LeaderStateImpl
2021-11-11 02:23:46,425 [ForkJoinPool.commonPool-worker-1] INFO  impl.PendingRequests (PendingRequests.java:sendNotLeaderResponses(282)) - 582f844f-ab60-4375-a757-c803745debcc@group-FCDF3DFCA2FC-PendingRequests: sendNotLeaderResponses
2021-11-11 02:23:46,425 [ForkJoinPool.commonPool-worker-1] INFO  impl.StateMachineUpdater (StateMachineUpdater.java:stopAndJoin(149)) - 582f844f-ab60-4375-a757-c803745debcc@group-FCDF3DFCA2FC-StateMachineUpdater: set stopIndex = 0
2021-11-11 02:23:46,425 [Mini-Cluster-Provider-Reap] INFO  server.RaftServer (RaftServerProxy.java:lambda$close$6(391)) - 8144d56f-0d27-4688-93ba-465874d06109: close
2021-11-11 02:23:46,426 [Mini-Cluster-Provider-Reap] INFO  server.RaftServer$Division (RaftServerImpl.java:lambda$close$4(412)) - 8144d56f-0d27-4688-93ba-465874d06109@group-7D659A355870: shutdown
2021-11-11 02:23:46,426 [Mini-Cluster-Provider-Reap] INFO  util.JmxRegister (JmxRegister.java:unregister(73)) - Successfully un-registered JMX Bean with object name Ratis:service=RaftServer,group=group-7D659A355870,id=8144d56f-0d27-4688-93ba-465874d06109
2021-11-11 02:23:46,426 [Mini-Cluster-Provider-Reap] INFO  impl.RoleInfo (RoleInfo.java:shutdownLeaderState(91)) - 8144d56f-0d27-4688-93ba-465874d06109: shutdown 8144d56f-0d27-4688-93ba-465874d06109@group-7D659A355870-LeaderStateImpl
2021-11-11 02:23:46,426 [Mini-Cluster-Provider-Reap] INFO  impl.PendingRequests (PendingRequests.java:sendNotLeaderResponses(282)) - 8144d56f-0d27-4688-93ba-465874d06109@group-7D659A355870-PendingRequests: sendNotLeaderResponses
2021-11-11 02:23:46,426 [Mini-Cluster-Provider-Reap] INFO  impl.StateMachineUpdater (StateMachineUpdater.java:stopAndJoin(149)) - 8144d56f-0d27-4688-93ba-465874d06109@group-7D659A355870-StateMachineUpdater: set stopIndex = 0
2021-11-11 02:23:46,427 [8144d56f-0d27-4688-93ba-465874d06109@group-7D659A355870-StateMachineUpdater] INFO  ratis.ContainerStateMachine (ContainerStateMachine.java:takeSnapshot(292)) - group-7D659A355870: Taking a snapshot at:(t:1, i:0) file /home/runner/work/ozone/ozone/hadoop-ozone/integration-test/target/test-dir/MiniOzoneClusterImpl-fa7c201b-b2c9-4d4a-bc80-193480666daa/datanode-3/data/ratis/ff296bd9-e020-4a08-9768-7d659a355870/sm/snapshot.1_0
2021-11-11 02:23:46,427 [582f844f-ab60-4375-a757-c803745debcc@group-FCDF3DFCA2FC-StateMachineUpdater] INFO  ratis.ContainerStateMachine (ContainerStateMachine.java:takeSnapshot(292)) - group-FCDF3DFCA2FC: Taking a snapshot at:(t:1, i:0) file /home/runner/work/ozone/ozone/hadoop-ozone/integration-test/target/test-dir/MiniOzoneClusterImpl-fa7c201b-b2c9-4d4a-bc80-193480666daa/datanode-1/data/ratis/708f94e8-bd7f-41a2-8d7a-fcdf3dfca2fc/sm/snapshot.1_0
2021-11-11 02:23:46,428 [8144d56f-0d27-4688-93ba-465874d06109@group-7D659A355870-StateMachineUpdater] INFO  ratis.ContainerStateMachine (ContainerStateMachine.java:takeSnapshot(303)) - group-7D659A355870: Finished taking a snapshot at:(t:1, i:0) file:/home/runner/work/ozone/ozone/hadoop-ozone/integration-test/target/test-dir/MiniOzoneClusterImpl-fa7c201b-b2c9-4d4a-bc80-193480666daa/datanode-3/data/ratis/ff296bd9-e020-4a08-9768-7d659a355870/sm/snapshot.1_0 took: 1 ms
2021-11-11 02:23:46,428 [8144d56f-0d27-4688-93ba-465874d06109@group-7D659A355870-StateMachineUpdater] INFO  impl.StateMachineUpdater (StateMachineUpdater.java:takeSnapshot(281)) - 8144d56f-0d27-4688-93ba-465874d06109@group-7D659A355870-StateMachineUpdater: Took a snapshot at index 0
2021-11-11 02:23:46,428 [8144d56f-0d27-4688-93ba-465874d06109@group-7D659A355870-StateMachineUpdater] INFO  impl.StateMachineUpdater (StateMachineUpdater.java:lambda$new$0(89)) - 8144d56f-0d27-4688-93ba-465874d06109@group-7D659A355870-StateMachineUpdater: snapshotIndex: updateIncreasingly -1 -> 0
2021-11-11 02:23:46,428 [Mini-Cluster-Provider-Reap] INFO  server.RaftServer$Division (ServerState.java:close(419)) - 8144d56f-0d27-4688-93ba-465874d06109@group-7D659A355870: closes. applyIndex: 0
2021-11-11 02:23:46,428 [8144d56f-0d27-4688-93ba-465874d06109@group-7D659A355870-SegmentedRaftLogWorker] INFO  segmented.SegmentedRaftLogWorker (SegmentedRaftLogWorker.java:run(327)) - 8144d56f-0d27-4688-93ba-465874d06109@group-7D659A355870-SegmentedRaftLogWorker was interrupted, exiting. There are 0 tasks remaining in the queue.
2021-11-11 02:23:46,429 [Mini-Cluster-Provider-Reap] INFO  segmented.SegmentedRaftLogWorker (SegmentedRaftLogWorker.java:close(237)) - 8144d56f-0d27-4688-93ba-465874d06109@group-7D659A355870-SegmentedRaftLogWorker close()
2021-11-11 02:23:46,429 [582f844f-ab60-4375-a757-c803745debcc@group-FCDF3DFCA2FC-StateMachineUpdater] INFO  ratis.ContainerStateMachine (ContainerStateMachine.java:takeSnapshot(303)) - group-FCDF3DFCA2FC: Finished taking a snapshot at:(t:1, i:0) file:/home/runner/work/ozone/ozone/hadoop-ozone/integration-test/target/test-dir/MiniOzoneClusterImpl-fa7c201b-b2c9-4d4a-bc80-193480666daa/datanode-1/data/ratis/708f94e8-bd7f-41a2-8d7a-fcdf3dfca2fc/sm/snapshot.1_0 took: 2 ms
2021-11-11 02:23:46,429 [582f844f-ab60-4375-a757-c803745debcc@group-FCDF3DFCA2FC-StateMachineUpdater] INFO  impl.StateMachineUpdater (StateMachineUpdater.java:takeSnapshot(281)) - 582f844f-ab60-4375-a757-c803745debcc@group-FCDF3DFCA2FC-StateMachineUpdater: Took a snapshot at index 0
2021-11-11 02:23:46,429 [582f844f-ab60-4375-a757-c803745debcc@group-FCDF3DFCA2FC-StateMachineUpdater] INFO  impl.StateMachineUpdater (StateMachineUpdater.java:lambda$new$0(89)) - 582f844f-ab60-4375-a757-c803745debcc@group-FCDF3DFCA2FC-StateMachineUpdater: snapshotIndex: updateIncreasingly -1 -> 0
2021-11-11 02:23:46,430 [ForkJoinPool.commonPool-worker-1] INFO  server.RaftServer$Division (ServerState.java:close(419)) - 582f844f-ab60-4375-a757-c803745debcc@group-FCDF3DFCA2FC: closes. applyIndex: 0
2021-11-11 02:23:46,430 [582f844f-ab60-4375-a757-c803745debcc@group-FCDF3DFCA2FC-SegmentedRaftLogWorker] INFO  segmented.SegmentedRaftLogWorker (SegmentedRaftLogWorker.java:run(327)) - 582f844f-ab60-4375-a757-c803745debcc@group-FCDF3DFCA2FC-SegmentedRaftLogWorker was interrupted, exiting. There are 0 tasks remaining in the queue.
2021-11-11 02:23:46,431 [ForkJoinPool.commonPool-worker-1] INFO  segmented.SegmentedRaftLogWorker (SegmentedRaftLogWorker.java:close(237)) - 582f844f-ab60-4375-a757-c803745debcc@group-FCDF3DFCA2FC-SegmentedRaftLogWorker close()
2021-11-11 02:23:46,431 [ForkJoinPool.commonPool-worker-1] INFO  server.GrpcService (GrpcService.java:closeImpl(262)) - 582f844f-ab60-4375-a757-c803745debcc: shutdown server with port 33919 now
2021-11-11 02:23:46,437 [Mini-Cluster-Provider-Reap] INFO  server.RaftServer$Division (RaftServerImpl.java:lambda$close$4(412)) - 8144d56f-0d27-4688-93ba-465874d06109@group-91134DBCBA30: shutdown
2021-11-11 02:23:46,437 [Mini-Cluster-Provider-Reap] INFO  util.JmxRegister (JmxRegister.java:unregister(73)) - Successfully un-registered JMX Bean with object name Ratis:service=RaftServer,group=group-91134DBCBA30,id=8144d56f-0d27-4688-93ba-465874d06109
2021-11-11 02:23:46,437 [Mini-Cluster-Provider-Reap] INFO  impl.RoleInfo (RoleInfo.java:shutdownFollowerState(108)) - 8144d56f-0d27-4688-93ba-465874d06109: shutdown 8144d56f-0d27-4688-93ba-465874d06109@group-91134DBCBA30-FollowerState
2021-11-11 02:23:46,437 [Mini-Cluster-Provider-Reap] INFO  impl.StateMachineUpdater (StateMachineUpdater.java:stopAndJoin(149)) - 8144d56f-0d27-4688-93ba-465874d06109@group-91134DBCBA30-StateMachineUpdater: set stopIndex = 0
2021-11-11 02:23:46,437 [8144d56f-0d27-4688-93ba-465874d06109@group-91134DBCBA30-StateMachineUpdater] INFO  ratis.ContainerStateMachine (ContainerStateMachine.java:takeSnapshot(292)) - group-91134DBCBA30: Taking a snapshot at:(t:2, i:0) file /home/runner/work/ozone/ozone/hadoop-ozone/integration-test/target/test-dir/MiniOzoneClusterImpl-fa7c201b-b2c9-4d4a-bc80-193480666daa/datanode-3/data/ratis/47b6d99c-b65f-41fb-b5fd-91134dbcba30/sm/snapshot.2_0
2021-11-11 02:23:46,437 [8144d56f-0d27-4688-93ba-465874d06109@group-91134DBCBA30-FollowerState] INFO  impl.FollowerState (FollowerState.java:run(143)) - 8144d56f-0d27-4688-93ba-465874d06109@group-91134DBCBA30-FollowerState was interrupted: {}
java.lang.InterruptedException: sleep interrupted
	at java.lang.Thread.sleep(Native Method)
	at java.lang.Thread.sleep(Thread.java:340)
	at java.util.concurrent.TimeUnit.sleep(TimeUnit.java:386)
	at org.apache.ratis.util.TimeDuration.sleep(TimeDuration.java:324)
	at org.apache.ratis.util.TimeDuration.sleep(TimeDuration.java:309)
	at org.apache.ratis.server.impl.FollowerState.run(FollowerState.java:118)
2021-11-11 02:23:46,438 [8144d56f-0d27-4688-93ba-465874d06109@group-91134DBCBA30-StateMachineUpdater] INFO  ratis.ContainerStateMachine (ContainerStateMachine.java:takeSnapshot(303)) - group-91134DBCBA30: Finished taking a snapshot at:(t:2, i:0) file:/home/runner/work/ozone/ozone/hadoop-ozone/integration-test/target/test-dir/MiniOzoneClusterImpl-fa7c201b-b2c9-4d4a-bc80-193480666daa/datanode-3/data/ratis/47b6d99c-b65f-41fb-b5fd-91134dbcba30/sm/snapshot.2_0 took: 1 ms
2021-11-11 02:23:46,451 [grpc-default-executor-1] WARN  client.GrpcClientProtocolService (LogUtils.java:warn(122)) - 1-UnorderedRequestStreamObserver1: onError: org.apache.ratis.thirdparty.io.grpc.StatusRuntimeException: CANCELLED: client cancelled
2021-11-11 02:23:46,455 [ForkJoinPool.commonPool-worker-1] INFO  server.GrpcService (GrpcService.java:closeImpl(271)) - 582f844f-ab60-4375-a757-c803745debcc: shutdown server with port 33919 successfully
2021-11-11 02:23:46,455 [org.apache.ratis.util.JvmPauseMonitor$$Lambda$534/2057921032@614b31ee] INFO  util.JvmPauseMonitor (JvmPauseMonitor.java:run(109)) - JvmPauseMonitor-582f844f-ab60-4375-a757-c803745debcc: Stopped
2021-11-11 02:23:46,460 [ForkJoinPool.commonPool-worker-1] INFO  utils.BackgroundService (BackgroundService.java:shutdown(132)) - Shutting down service BlockDeletingService
2021-11-11 02:23:46,465 [8144d56f-0d27-4688-93ba-465874d06109@group-91134DBCBA30-StateMachineUpdater] INFO  impl.StateMachineUpdater (StateMachineUpdater.java:takeSnapshot(281)) - 8144d56f-0d27-4688-93ba-465874d06109@group-91134DBCBA30-StateMachineUpdater: Took a snapshot at index 0
2021-11-11 02:23:46,465 [8144d56f-0d27-4688-93ba-465874d06109@group-91134DBCBA30-StateMachineUpdater] INFO  impl.StateMachineUpdater (StateMachineUpdater.java:lambda$new$0(89)) - 8144d56f-0d27-4688-93ba-465874d06109@group-91134DBCBA30-StateMachineUpdater: snapshotIndex: updateIncreasingly -1 -> 0
2021-11-11 02:23:46,465 [Mini-Cluster-Provider-Reap] INFO  server.RaftServer$Division (ServerState.java:close(419)) - 8144d56f-0d27-4688-93ba-465874d06109@group-91134DBCBA30: closes. applyIndex: 0
2021-11-11 02:23:46,465 [8144d56f-0d27-4688-93ba-465874d06109@group-91134DBCBA30-SegmentedRaftLogWorker] INFO  segmented.SegmentedRaftLogWorker (SegmentedRaftLogWorker.java:run(327)) - 8144d56f-0d27-4688-93ba-465874d06109@group-91134DBCBA30-SegmentedRaftLogWorker was interrupted, exiting. There are 0 tasks remaining in the queue.
2021-11-11 02:23:46,466 [Mini-Cluster-Provider-Reap] INFO  segmented.SegmentedRaftLogWorker (SegmentedRaftLogWorker.java:close(237)) - 8144d56f-0d27-4688-93ba-465874d06109@group-91134DBCBA30-SegmentedRaftLogWorker close()
2021-11-11 02:23:46,487 [Mini-Cluster-Provider-Reap] INFO  server.GrpcService (GrpcService.java:closeImpl(262)) - 8144d56f-0d27-4688-93ba-465874d06109: shutdown server with port 39279 now
2021-11-11 02:23:46,499 [grpc-default-executor-2] WARN  server.GrpcServerProtocolService (LogUtils.java:warn(122)) - 8144d56f-0d27-4688-93ba-465874d06109: installSnapshot onError, lastRequest: 8ce69a9b-f2ea-4e34-9290-b52812aaba8f->8144d56f-0d27-4688-93ba-465874d06109#1-t2,previous=(t:0, i:0),leaderCommit=-1,initializing? true,entries: size=1, first=(t:2, i:0), CONFIGURATIONENTRY: org.apache.ratis.thirdparty.io.grpc.StatusRuntimeException: CANCELLED: client cancelled
2021-11-11 02:23:46,527 [grpc-default-executor-0] WARN  server.GrpcLogAppender (LogUtils.java:warn(122)) - 8ce69a9b-f2ea-4e34-9290-b52812aaba8f@group-91134DBCBA30->8144d56f-0d27-4688-93ba-465874d06109-AppendLogResponseHandler: Failed appendEntries: org.apache.ratis.thirdparty.io.grpc.StatusRuntimeException: CANCELLED: HTTP/2 error code: CANCEL
Received Rst Stream
2021-11-11 02:23:46,527 [grpc-default-executor-0] WARN  server.GrpcLogAppender (GrpcLogAppender.java:resetClient(110)) - 8ce69a9b-f2ea-4e34-9290-b52812aaba8f@group-91134DBCBA30->8144d56f-0d27-4688-93ba-465874d06109-GrpcLogAppender: Leader has not got in touch with Follower 8ce69a9b-f2ea-4e34-9290-b52812aaba8f@group-91134DBCBA30->8144d56f-0d27-4688-93ba-465874d06109(c0,m0,n1, attendVote=true, lastRpcSendTime=1059, lastRpcResponseTime=1035) yet, just keep nextIndex unchanged and retry.
2021-11-11 02:23:46,537 [Mini-Cluster-Provider-Reap] INFO  server.GrpcService (GrpcService.java:closeImpl(271)) - 8144d56f-0d27-4688-93ba-465874d06109: shutdown server with port 39279 successfully
2021-11-11 02:23:46,537 [org.apache.ratis.util.JvmPauseMonitor$$Lambda$534/2057921032@24233a50] INFO  util.JvmPauseMonitor (JvmPauseMonitor.java:run(109)) - JvmPauseMonitor-8144d56f-0d27-4688-93ba-465874d06109: Stopped
2021-11-11 02:23:46,547 [Mini-Cluster-Provider-Reap] INFO  utils.BackgroundService (BackgroundService.java:shutdown(132)) - Shutting down service BlockDeletingService
2021-11-11 02:23:47,324 [ReplicationMonitor] INFO  container.ReplicationManager (ReplicationManager.java:sendCloseCommand(1482)) - Sending close container command for container #2 to datanode 582f844f-ab60-4375-a757-c803745debcc{ip: 10.1.0.58, host: fv-az291-868.wgnan5asplgejimfprtllbpdch.jx.internal.cloudapp.net, ports: [REPLICATION=34531, RATIS=33919, RATIS_ADMIN=33919, RATIS_SERVER=33919, STANDALONE=41711], networkLocation: /default-rack, certSerialId: null, persistedOpState: IN_SERVICE, persistedOpStateExpiryEpochSec: 0}.
2021-11-11 02:23:47,324 [ReplicationMonitor] INFO  container.ReplicationManager (ReplicationManager.java:sendCloseCommand(1482)) - Sending close container command for container #2 to datanode df1ddcd8-4ce4-4820-afc9-bcb0b9602ced{ip: 10.1.0.58, host: fv-az291-868.wgnan5asplgejimfprtllbpdch.jx.internal.cloudapp.net, ports: [REPLICATION=36697, RATIS=42723, RATIS_ADMIN=42723, RATIS_SERVER=42723, STANDALONE=44483], networkLocation: /default-rack, certSerialId: null, persistedOpState: IN_SERVICE, persistedOpStateExpiryEpochSec: 0}.
2021-11-11 02:23:47,324 [ReplicationMonitor] INFO  container.ReplicationManager (ReplicationManager.java:sendCloseCommand(1482)) - Sending close container command for container #2 to datanode c8f23f42-74be-4190-8774-dbf76800ed63{ip: 10.1.0.58, host: fv-az291-868.wgnan5asplgejimfprtllbpdch.jx.internal.cloudapp.net, ports: [REPLICATION=39159, RATIS=41403, RATIS_ADMIN=41403, RATIS_SERVER=41403, STANDALONE=44585], networkLocation: /default-rack, certSerialId: null, persistedOpState: IN_SERVICE, persistedOpStateExpiryEpochSec: 0}.
2021-11-11 02:23:47,324 [ReplicationMonitor] INFO  container.ReplicationManager (ReplicationManager.java:sendCloseCommand(1482)) - Sending close container command for container #5 to datanode c8f23f42-74be-4190-8774-dbf76800ed63{ip: 10.1.0.58, host: fv-az291-868.wgnan5asplgejimfprtllbpdch.jx.internal.cloudapp.net, ports: [REPLICATION=39159, RATIS=41403, RATIS_ADMIN=41403, RATIS_SERVER=41403, STANDALONE=44585], networkLocation: /default-rack, certSerialId: null, persistedOpState: IN_SERVICE, persistedOpStateExpiryEpochSec: 0}.
2021-11-11 02:23:47,324 [ReplicationMonitor] INFO  container.ReplicationManager (ReplicationManager.java:sendCloseCommand(1482)) - Sending close container command for container #5 to datanode df1ddcd8-4ce4-4820-afc9-bcb0b9602ced{ip: 10.1.0.58, host: fv-az291-868.wgnan5asplgejimfprtllbpdch.jx.internal.cloudapp.net, ports: [REPLICATION=36697, RATIS=42723, RATIS_ADMIN=42723, RATIS_SERVER=42723, STANDALONE=44483], networkLocation: /default-rack, certSerialId: null, persistedOpState: IN_SERVICE, persistedOpStateExpiryEpochSec: 0}.
2021-11-11 02:23:47,324 [ReplicationMonitor] INFO  container.ReplicationManager (ReplicationManager.java:sendCloseCommand(1482)) - Sending close container command for container #5 to datanode 582f844f-ab60-4375-a757-c803745debcc{ip: 10.1.0.58, host: fv-az291-868.wgnan5asplgejimfprtllbpdch.jx.internal.cloudapp.net, ports: [REPLICATION=34531, RATIS=33919, RATIS_ADMIN=33919, RATIS_SERVER=33919, STANDALONE=41711], networkLocation: /default-rack, certSerialId: null, persistedOpState: IN_SERVICE, persistedOpStateExpiryEpochSec: 0}.
2021-11-11 02:23:47,324 [ReplicationMonitor] INFO  container.ReplicationManager (ReplicationManager.java:sendCloseCommand(1482)) - Sending close container command for container #6 to datanode df1ddcd8-4ce4-4820-afc9-bcb0b9602ced{ip: 10.1.0.58, host: fv-az291-868.wgnan5asplgejimfprtllbpdch.jx.internal.cloudapp.net, ports: [REPLICATION=36697, RATIS=42723, RATIS_ADMIN=42723, RATIS_SERVER=42723, STANDALONE=44483], networkLocation: /default-rack, certSerialId: null, persistedOpState: IN_SERVICE, persistedOpStateExpiryEpochSec: 0}.
2021-11-11 02:23:47,324 [ReplicationMonitor] INFO  container.ReplicationManager (ReplicationManager.java:sendCloseCommand(1482)) - Sending close container command for container #6 to datanode 582f844f-ab60-4375-a757-c803745debcc{ip: 10.1.0.58, host: fv-az291-868.wgnan5asplgejimfprtllbpdch.jx.internal.cloudapp.net, ports: [REPLICATION=34531, RATIS=33919, RATIS_ADMIN=33919, RATIS_SERVER=33919, STANDALONE=41711], networkLocation: /default-rack, certSerialId: null, persistedOpState: IN_SERVICE, persistedOpStateExpiryEpochSec: 0}.
2021-11-11 02:23:47,324 [ReplicationMonitor] INFO  container.ReplicationManager (ReplicationManager.java:sendCloseCommand(1482)) - Sending close container command for container #6 to datanode c8f23f42-74be-4190-8774-dbf76800ed63{ip: 10.1.0.58, host: fv-az291-868.wgnan5asplgejimfprtllbpdch.jx.internal.cloudapp.net, ports: [REPLICATION=39159, RATIS=41403, RATIS_ADMIN=41403, RATIS_SERVER=41403, STANDALONE=44585], networkLocation: /default-rack, certSerialId: null, persistedOpState: IN_SERVICE, persistedOpStateExpiryEpochSec: 0}.
2021-11-11 02:23:47,324 [ReplicationMonitor] INFO  container.ReplicationManager (ReplicationManager.java:processAll(371)) - Replication Monitor Thread took 1 milliseconds for processing 6 containers.
2021-11-11 02:23:47,407 [EventQueue-DeadNodeForDeadNodeHandler] INFO  node.DeadNodeHandler (DeadNodeHandler.java:onMessage(80)) - A dead datanode is detected. 582f844f-ab60-4375-a757-c803745debcc{ip: 10.1.0.58, host: fv-az291-868.wgnan5asplgejimfprtllbpdch.jx.internal.cloudapp.net, ports: [REPLICATION=34531, RATIS=33919, RATIS_ADMIN=33919, RATIS_SERVER=33919, STANDALONE=41711], networkLocation: /default-rack, certSerialId: null, persistedOpState: IN_SERVICE, persistedOpStateExpiryEpochSec: 0}
2021-11-11 02:23:47,407 [EventQueue-DeadNodeForDeadNodeHandler] INFO  pipeline.RatisPipelineProvider (RatisPipelineProvider.java:lambda$close$1(222)) - Send pipeline:PipelineID=ce09035b-dc0a-43f6-b483-de72aa4f0da7 close command to datanode c8f23f42-74be-4190-8774-dbf76800ed63
2021-11-11 02:23:47,407 [EventQueue-DeadNodeForDeadNodeHandler] INFO  pipeline.RatisPipelineProvider (RatisPipelineProvider.java:lambda$close$1(222)) - Send pipeline:PipelineID=ce09035b-dc0a-43f6-b483-de72aa4f0da7 close command to datanode df1ddcd8-4ce4-4820-afc9-bcb0b9602ced
2021-11-11 02:23:47,407 [EventQueue-DeadNodeForDeadNodeHandler] INFO  pipeline.RatisPipelineProvider (RatisPipelineProvider.java:lambda$close$1(222)) - Send pipeline:PipelineID=ce09035b-dc0a-43f6-b483-de72aa4f0da7 close command to datanode 582f844f-ab60-4375-a757-c803745debcc
2021-11-11 02:23:47,407 [EventQueue-DeadNodeForDeadNodeHandler] INFO  pipeline.PipelineStateManagerImpl (PipelineStateManagerImpl.java:removePipeline(223)) - Pipeline Pipeline[ Id: ce09035b-dc0a-43f6-b483-de72aa4f0da7, Nodes: c8f23f42-74be-4190-8774-dbf76800ed63{ip: 10.1.0.58, host: fv-az291-868.wgnan5asplgejimfprtllbpdch.jx.internal.cloudapp.net, ports: [REPLICATION=39159, RATIS=41403, RATIS_ADMIN=41403, RATIS_SERVER=41403, STANDALONE=44585], networkLocation: /default-rack, certSerialId: null, persistedOpState: IN_SERVICE, persistedOpStateExpiryEpochSec: 0}df1ddcd8-4ce4-4820-afc9-bcb0b9602ced{ip: 10.1.0.58, host: fv-az291-868.wgnan5asplgejimfprtllbpdch.jx.internal.cloudapp.net, ports: [REPLICATION=36697, RATIS=42723, RATIS_ADMIN=42723, RATIS_SERVER=42723, STANDALONE=44483], networkLocation: /default-rack, certSerialId: null, persistedOpState: IN_SERVICE, persistedOpStateExpiryEpochSec: 0}582f844f-ab60-4375-a757-c803745debcc{ip: 10.1.0.58, host: fv-az291-868.wgnan5asplgejimfprtllbpdch.jx.internal.cloudapp.net, ports: [REPLICATION=34531, RATIS=33919, RATIS_ADMIN=33919, RATIS_SERVER=33919, STANDALONE=41711], networkLocation: /default-rack, certSerialId: null, persistedOpState: IN_SERVICE, persistedOpStateExpiryEpochSec: 0}, ReplicationConfig: RATIS/THREE, State:CLOSED, leaderId:582f844f-ab60-4375-a757-c803745debcc, CreationTimestamp2021-11-11T02:22:53.010Z[Etc/UTC]] removed.
2021-11-11 02:23:47,408 [EventQueue-DeadNodeForDeadNodeHandler] INFO  pipeline.RatisPipelineProvider (RatisPipelineProvider.java:lambda$close$1(222)) - Send pipeline:PipelineID=708f94e8-bd7f-41a2-8d7a-fcdf3dfca2fc close command to datanode 582f844f-ab60-4375-a757-c803745debcc
2021-11-11 02:23:47,410 [EventQueue-DeadNodeForDeadNodeHandler] INFO  pipeline.PipelineStateManagerImpl (PipelineStateManagerImpl.java:removePipeline(223)) - Pipeline Pipeline[ Id: 708f94e8-bd7f-41a2-8d7a-fcdf3dfca2fc, Nodes: 582f844f-ab60-4375-a757-c803745debcc{ip: 10.1.0.58, host: fv-az291-868.wgnan5asplgejimfprtllbpdch.jx.internal.cloudapp.net, ports: [REPLICATION=34531, RATIS=33919, RATIS_ADMIN=33919, RATIS_SERVER=33919, STANDALONE=41711], networkLocation: /default-rack, certSerialId: null, persistedOpState: IN_SERVICE, persistedOpStateExpiryEpochSec: 0}, ReplicationConfig: RATIS/ONE, State:CLOSED, leaderId:582f844f-ab60-4375-a757-c803745debcc, CreationTimestamp2021-11-11T02:22:52.726Z[Etc/UTC]] removed.
2021-11-11 02:23:47,410 [EventQueue-DeadNodeForDeadNodeHandler] INFO  net.NetworkTopologyImpl (NetworkTopologyImpl.java:remove(137)) - Removed a node: /default-rack/582f844f-ab60-4375-a757-c803745debcc
2021-11-11 02:23:47,410 [EventQueue-DeadNodeForDeadNodeHandler] INFO  node.DeadNodeHandler (DeadNodeHandler.java:onMessage(80)) - A dead datanode is detected. 8144d56f-0d27-4688-93ba-465874d06109{ip: 10.1.0.58, host: fv-az291-868.wgnan5asplgejimfprtllbpdch.jx.internal.cloudapp.net, ports: [REPLICATION=45347, RATIS=39279, RATIS_ADMIN=39279, RATIS_SERVER=39279, STANDALONE=33283], networkLocation: /default-rack, certSerialId: null, persistedOpState: IN_SERVICE, persistedOpStateExpiryEpochSec: 0}
2021-11-11 02:23:47,410 [EventQueue-DeadNodeForDeadNodeHandler] INFO  pipeline.RatisPipelineProvider (RatisPipelineProvider.java:lambda$close$1(222)) - Send pipeline:PipelineID=ff296bd9-e020-4a08-9768-7d659a355870 close command to datanode 8144d56f-0d27-4688-93ba-465874d06109
2021-11-11 02:23:47,418 [EventQueue-DeadNodeForDeadNodeHandler] INFO  pipeline.PipelineStateManagerImpl (PipelineStateManagerImpl.java:removePipeline(223)) - Pipeline Pipeline[ Id: ff296bd9-e020-4a08-9768-7d659a355870, Nodes: 8144d56f-0d27-4688-93ba-465874d06109{ip: 10.1.0.58, host: fv-az291-868.wgnan5asplgejimfprtllbpdch.jx.internal.cloudapp.net, ports: [REPLICATION=45347, RATIS=39279, RATIS_ADMIN=39279, RATIS_SERVER=39279, STANDALONE=33283], networkLocation: /default-rack, certSerialId: null, persistedOpState: IN_MAINTENANCE, persistedOpStateExpiryEpochSec: 0}, ReplicationConfig: RATIS/ONE, State:CLOSED, leaderId:8144d56f-0d27-4688-93ba-465874d06109, CreationTimestamp2021-11-11T02:23:33.217Z[Etc/UTC]] removed.
2021-11-11 02:23:47,418 [EventQueue-DeadNodeForDeadNodeHandler] INFO  pipeline.RatisPipelineProvider (RatisPipelineProvider.java:lambda$close$1(222)) - Send pipeline:PipelineID=47b6d99c-b65f-41fb-b5fd-91134dbcba30 close command to datanode 8144d56f-0d27-4688-93ba-465874d06109
2021-11-11 02:23:47,418 [EventQueue-DeadNodeForDeadNodeHandler] INFO  pipeline.RatisPipelineProvider (RatisPipelineProvider.java:lambda$close$1(222)) - Send pipeline:PipelineID=47b6d99c-b65f-41fb-b5fd-91134dbcba30 close command to datanode 8ce69a9b-f2ea-4e34-9290-b52812aaba8f
2021-11-11 02:23:47,418 [EventQueue-DeadNodeForDeadNodeHandler] INFO  pipeline.RatisPipelineProvider (RatisPipelineProvider.java:lambda$close$1(222)) - Send pipeline:PipelineID=47b6d99c-b65f-41fb-b5fd-91134dbcba30 close command to datanode 2eab701e-61f4-497c-969a-5a075b5d9825
2021-11-11 02:23:47,419 [EventQueue-DeadNodeForDeadNodeHandler] INFO  pipeline.PipelineStateManagerImpl (PipelineStateManagerImpl.java:removePipeline(223)) - Pipeline Pipeline[ Id: 47b6d99c-b65f-41fb-b5fd-91134dbcba30, Nodes: 8144d56f-0d27-4688-93ba-465874d06109{ip: 10.1.0.58, host: fv-az291-868.wgnan5asplgejimfprtllbpdch.jx.internal.cloudapp.net, ports: [REPLICATION=45347, RATIS=39279, RATIS_ADMIN=39279, RATIS_SERVER=39279, STANDALONE=33283], networkLocation: /default-rack, certSerialId: null, persistedOpState: IN_MAINTENANCE, persistedOpStateExpiryEpochSec: 0}8ce69a9b-f2ea-4e34-9290-b52812aaba8f{ip: 10.1.0.58, host: fv-az291-868.wgnan5asplgejimfprtllbpdch.jx.internal.cloudapp.net, ports: [REPLICATION=33855, RATIS=37187, RATIS_ADMIN=37187, RATIS_SERVER=37187, STANDALONE=46849], networkLocation: /default-rack, certSerialId: null, persistedOpState: IN_MAINTENANCE, persistedOpStateExpiryEpochSec: 0}2eab701e-61f4-497c-969a-5a075b5d9825{ip: 10.1.0.58, host: fv-az291-868.wgnan5asplgejimfprtllbpdch.jx.internal.cloudapp.net, ports: [REPLICATION=36923, RATIS=37311, RATIS_ADMIN=37311, RATIS_SERVER=37311, STANDALONE=41763], networkLocation: /default-rack, certSerialId: null, persistedOpState: IN_MAINTENANCE, persistedOpStateExpiryEpochSec: 0}, ReplicationConfig: RATIS/THREE, State:CLOSED, leaderId:8ce69a9b-f2ea-4e34-9290-b52812aaba8f, CreationTimestamp2021-11-11T02:23:33.216Z[Etc/UTC]] removed.
2021-11-11 02:23:47,419 [EventQueue-DeadNodeForDeadNodeHandler] INFO  net.NetworkTopologyImpl (NetworkTopologyImpl.java:remove(137)) - Removed a node: /default-rack/8144d56f-0d27-4688-93ba-465874d06109
2021-11-11 02:23:47,482 [EventQueue-PipelineReportForPipelineReportHandler] INFO  pipeline.PipelineReportHandler (PipelineReportHandler.java:processPipelineReport(113)) - Reported pipeline PipelineID=ce09035b-dc0a-43f6-b483-de72aa4f0da7 is not found
2021-11-11 02:23:48,014 [grpc-default-executor-1] WARN  server.GrpcLogAppender (LogUtils.java:warn(122)) - 8ce69a9b-f2ea-4e34-9290-b52812aaba8f@group-91134DBCBA30->8144d56f-0d27-4688-93ba-465874d06109-AppendLogResponseHandler: Failed appendEntries: org.apache.ratis.thirdparty.io.grpc.StatusRuntimeException: UNAVAILABLE: io exception
2021-11-11 02:23:48,014 [grpc-default-executor-1] WARN  server.GrpcLogAppender (GrpcLogAppender.java:resetClient(110)) - 8ce69a9b-f2ea-4e34-9290-b52812aaba8f@group-91134DBCBA30->8144d56f-0d27-4688-93ba-465874d06109-GrpcLogAppender: Leader has not got in touch with Follower 8ce69a9b-f2ea-4e34-9290-b52812aaba8f@group-91134DBCBA30->8144d56f-0d27-4688-93ba-465874d06109(c0,m0,n1, attendVote=true, lastRpcSendTime=1, lastRpcResponseTime=2521) yet, just keep nextIndex unchanged and retry.
2021-11-11 02:23:48,325 [ReplicationMonitor] INFO  container.ReplicationManager (ReplicationManager.java:handleUnderReplicatedContainer(1166)) - Container #1 is under replicated. Expected replica count is 3, but found 1.
2021-11-11 02:23:48,325 [ReplicationMonitor] INFO  container.ReplicationManager (ReplicationManager.java:sendReplicateCommand(1518)) - Sending replicate container command for container #1 to datanode 2eab701e-61f4-497c-969a-5a075b5d9825{ip: 10.1.0.58, host: fv-az291-868.wgnan5asplgejimfprtllbpdch.jx.internal.cloudapp.net, ports: [REPLICATION=36923, RATIS=37311, RATIS_ADMIN=37311, RATIS_SERVER=37311, STANDALONE=41763], networkLocation: /default-rack, certSerialId: null, persistedOpState: IN_SERVICE, persistedOpStateExpiryEpochSec: 0} from datanodes [8ce69a9b-f2ea-4e34-9290-b52812aaba8f{ip: 10.1.0.58, host: fv-az291-868.wgnan5asplgejimfprtllbpdch.jx.internal.cloudapp.net, ports: [REPLICATION=33855, RATIS=37187, RATIS_ADMIN=37187, RATIS_SERVER=37187, STANDALONE=46849], networkLocation: /default-rack, certSerialId: null, persistedOpState: IN_SERVICE, persistedOpStateExpiryEpochSec: 0}]
2021-11-11 02:23:48,325 [ReplicationMonitor] INFO  container.ReplicationManager (ReplicationManager.java:sendReplicateCommand(1518)) - Sending replicate container command for container #1 to datanode c8f23f42-74be-4190-8774-dbf76800ed63{ip: 10.1.0.58, host: fv-az291-868.wgnan5asplgejimfprtllbpdch.jx.internal.cloudapp.net, ports: [REPLICATION=39159, RATIS=41403, RATIS_ADMIN=41403, RATIS_SERVER=41403, STANDALONE=44585], networkLocation: /default-rack, certSerialId: null, persistedOpState: IN_SERVICE, persistedOpStateExpiryEpochSec: 0} from datanodes [8ce69a9b-f2ea-4e34-9290-b52812aaba8f{ip: 10.1.0.58, host: fv-az291-868.wgnan5asplgejimfprtllbpdch.jx.internal.cloudapp.net, ports: [REPLICATION=33855, RATIS=37187, RATIS_ADMIN=37187, RATIS_SERVER=37187, STANDALONE=46849], networkLocation: /default-rack, certSerialId: null, persistedOpState: IN_SERVICE, persistedOpStateExpiryEpochSec: 0}]
2021-11-11 02:23:48,325 [ReplicationMonitor] INFO  container.ReplicationManager (ReplicationManager.java:sendCloseCommand(1482)) - Sending close container command for container #2 to datanode df1ddcd8-4ce4-4820-afc9-bcb0b9602ced{ip: 10.1.0.58, host: fv-az291-868.wgnan5asplgejimfprtllbpdch.jx.internal.cloudapp.net, ports: [REPLICATION=36697, RATIS=42723, RATIS_ADMIN=42723, RATIS_SERVER=42723, STANDALONE=44483], networkLocation: /default-rack, certSerialId: null, persistedOpState: IN_SERVICE, persistedOpStateExpiryEpochSec: 0}.
2021-11-11 02:23:48,325 [ReplicationMonitor] INFO  container.ReplicationManager (ReplicationManager.java:sendCloseCommand(1482)) - Sending close container command for container #2 to datanode c8f23f42-74be-4190-8774-dbf76800ed63{ip: 10.1.0.58, host: fv-az291-868.wgnan5asplgejimfprtllbpdch.jx.internal.cloudapp.net, ports: [REPLICATION=39159, RATIS=41403, RATIS_ADMIN=41403, RATIS_SERVER=41403, STANDALONE=44585], networkLocation: /default-rack, certSerialId: null, persistedOpState: IN_SERVICE, persistedOpStateExpiryEpochSec: 0}.
2021-11-11 02:23:48,326 [ReplicationMonitor] INFO  container.ReplicationManager (ReplicationManager.java:handleUnderReplicatedContainer(1166)) - Container #3 is under replicated. Expected replica count is 3, but found 2.
2021-11-11 02:23:48,326 [ReplicationMonitor] INFO  container.ReplicationManager (ReplicationManager.java:sendReplicateCommand(1518)) - Sending replicate container command for container #3 to datanode 2eab701e-61f4-497c-969a-5a075b5d9825{ip: 10.1.0.58, host: fv-az291-868.wgnan5asplgejimfprtllbpdch.jx.internal.cloudapp.net, ports: [REPLICATION=36923, RATIS=37311, RATIS_ADMIN=37311, RATIS_SERVER=37311, STANDALONE=41763], networkLocation: /default-rack, certSerialId: null, persistedOpState: IN_SERVICE, persistedOpStateExpiryEpochSec: 0} from datanodes [c8f23f42-74be-4190-8774-dbf76800ed63{ip: 10.1.0.58, host: fv-az291-868.wgnan5asplgejimfprtllbpdch.jx.internal.cloudapp.net, ports: [REPLICATION=39159, RATIS=41403, RATIS_ADMIN=41403, RATIS_SERVER=41403, STANDALONE=44585], networkLocation: /default-rack, certSerialId: null, persistedOpState: IN_SERVICE, persistedOpStateExpiryEpochSec: 0}, 8ce69a9b-f2ea-4e34-9290-b52812aaba8f{ip: 10.1.0.58, host: fv-az291-868.wgnan5asplgejimfprtllbpdch.jx.internal.cloudapp.net, ports: [REPLICATION=33855, RATIS=37187, RATIS_ADMIN=37187, RATIS_SERVER=37187, STANDALONE=46849], networkLocation: /default-rack, certSerialId: null, persistedOpState: IN_SERVICE, persistedOpStateExpiryEpochSec: 0}]
2021-11-11 02:23:48,326 [ReplicationMonitor] INFO  container.ReplicationManager (ReplicationManager.java:handleUnderReplicatedContainer(1166)) - Container #4 is under replicated. Expected replica count is 3, but found 1.
2021-11-11 02:23:48,326 [ReplicationMonitor] INFO  container.ReplicationManager (ReplicationManager.java:sendReplicateCommand(1518)) - Sending replicate container command for container #4 to datanode 8ce69a9b-f2ea-4e34-9290-b52812aaba8f{ip: 10.1.0.58, host: fv-az291-868.wgnan5asplgejimfprtllbpdch.jx.internal.cloudapp.net, ports: [REPLICATION=33855, RATIS=37187, RATIS_ADMIN=37187, RATIS_SERVER=37187, STANDALONE=46849], networkLocation: /default-rack, certSerialId: null, persistedOpState: IN_SERVICE, persistedOpStateExpiryEpochSec: 0} from datanodes [c8f23f42-74be-4190-8774-dbf76800ed63{ip: 10.1.0.58, host: fv-az291-868.wgnan5asplgejimfprtllbpdch.jx.internal.cloudapp.net, ports: [REPLICATION=39159, RATIS=41403, RATIS_ADMIN=41403, RATIS_SERVER=41403, STANDALONE=44585], networkLocation: /default-rack, certSerialId: null, persistedOpState: IN_SERVICE, persistedOpStateExpiryEpochSec: 0}]
2021-11-11 02:23:48,326 [ReplicationMonitor] INFO  container.ReplicationManager (ReplicationManager.java:sendReplicateCommand(1518)) - Sending replicate container command for container #4 to datanode 2eab701e-61f4-497c-969a-5a075b5d9825{ip: 10.1.0.58, host: fv-az291-868.wgnan5asplgejimfprtllbpdch.jx.internal.cloudapp.net, ports: [REPLICATION=36923, RATIS=37311, RATIS_ADMIN=37311, RATIS_SERVER=37311, STANDALONE=41763], networkLocation: /default-rack, certSerialId: null, persistedOpState: IN_SERVICE, persistedOpStateExpiryEpochSec: 0} from datanodes [c8f23f42-74be-4190-8774-dbf76800ed63{ip: 10.1.0.58, host: fv-az291-868.wgnan5asplgejimfprtllbpdch.jx.internal.cloudapp.net, ports: [REPLICATION=39159, RATIS=41403, RATIS_ADMIN=41403, RATIS_SERVER=41403, STANDALONE=44585], networkLocation: /default-rack, certSerialId: null, persistedOpState: IN_SERVICE, persistedOpStateExpiryEpochSec: 0}]
2021-11-11 02:23:48,326 [ReplicationMonitor] INFO  container.ReplicationManager (ReplicationManager.java:sendCloseCommand(1482)) - Sending close container command for container #5 to datanode c8f23f42-74be-4190-8774-dbf76800ed63{ip: 10.1.0.58, host: fv-az291-868.wgnan5asplgejimfprtllbpdch.jx.internal.cloudapp.net, ports: [REPLICATION=39159, RATIS=41403, RATIS_ADMIN=41403, RATIS_SERVER=41403, STANDALONE=44585], networkLocation: /default-rack, certSerialId: null, persistedOpState: IN_SERVICE, persistedOpStateExpiryEpochSec: 0}.
2021-11-11 02:23:48,326 [ReplicationMonitor] INFO  container.ReplicationManager (ReplicationManager.java:sendCloseCommand(1482)) - Sending close container command for container #5 to datanode df1ddcd8-4ce4-4820-afc9-bcb0b9602ced{ip: 10.1.0.58, host: fv-az291-868.wgnan5asplgejimfprtllbpdch.jx.internal.cloudapp.net, ports: [REPLICATION=36697, RATIS=42723, RATIS_ADMIN=42723, RATIS_SERVER=42723, STANDALONE=44483], networkLocation: /default-rack, certSerialId: null, persistedOpState: IN_SERVICE, persistedOpStateExpiryEpochSec: 0}.
2021-11-11 02:23:48,326 [ReplicationMonitor] INFO  container.ReplicationManager (ReplicationManager.java:sendCloseCommand(1482)) - Sending close container command for container #6 to datanode df1ddcd8-4ce4-4820-afc9-bcb0b9602ced{ip: 10.1.0.58, host: fv-az291-868.wgnan5asplgejimfprtllbpdch.jx.internal.cloudapp.net, ports: [REPLICATION=36697, RATIS=42723, RATIS_ADMIN=42723, RATIS_SERVER=42723, STANDALONE=44483], networkLocation: /default-rack, certSerialId: null, persistedOpState: IN_SERVICE, persistedOpStateExpiryEpochSec: 0}.
2021-11-11 02:23:48,326 [ReplicationMonitor] INFO  container.ReplicationManager (ReplicationManager.java:sendCloseCommand(1482)) - Sending close container command for container #6 to datanode c8f23f42-74be-4190-8774-dbf76800ed63{ip: 10.1.0.58, host: fv-az291-868.wgnan5asplgejimfprtllbpdch.jx.internal.cloudapp.net, ports: [REPLICATION=39159, RATIS=41403, RATIS_ADMIN=41403, RATIS_SERVER=41403, STANDALONE=44585], networkLocation: /default-rack, certSerialId: null, persistedOpState: IN_SERVICE, persistedOpStateExpiryEpochSec: 0}.
2021-11-11 02:23:48,326 [ReplicationMonitor] INFO  container.ReplicationManager (ReplicationManager.java:processAll(371)) - Replication Monitor Thread took 1 milliseconds for processing 6 containers.
2021-11-11 02:23:48,481 [Command processor thread] INFO  server.RaftServer (RaftServerProxy.java:remove(106)) - df1ddcd8-4ce4-4820-afc9-bcb0b9602ced: remove  FOLLOWER df1ddcd8-4ce4-4820-afc9-bcb0b9602ced@group-DE72AA4F0DA7:t2, leader=582f844f-ab60-4375-a757-c803745debcc, voted=582f844f-ab60-4375-a757-c803745debcc, raftlog=df1ddcd8-4ce4-4820-afc9-bcb0b9602ced@group-DE72AA4F0DA7-SegmentedRaftLog:OPENED:c52, conf=0: [df1ddcd8-4ce4-4820-afc9-bcb0b9602ced|rpc:10.1.0.58:42723|dataStream:|priority:0, c8f23f42-74be-4190-8774-dbf76800ed63|rpc:10.1.0.58:41403|dataStream:|priority:0, 582f844f-ab60-4375-a757-c803745debcc|rpc:10.1.0.58:33919|dataStream:|priority:1], old=null RUNNING
2021-11-11 02:23:48,481 [Command processor thread] INFO  server.RaftServer$Division (RaftServerImpl.java:lambda$close$4(412)) - df1ddcd8-4ce4-4820-afc9-bcb0b9602ced@group-DE72AA4F0DA7: shutdown
2021-11-11 02:23:48,481 [Command processor thread] INFO  util.JmxRegister (JmxRegister.java:unregister(73)) - Successfully un-registered JMX Bean with object name Ratis:service=RaftServer,group=group-DE72AA4F0DA7,id=df1ddcd8-4ce4-4820-afc9-bcb0b9602ced
2021-11-11 02:23:48,481 [Command processor thread] INFO  impl.RoleInfo (RoleInfo.java:shutdownFollowerState(108)) - df1ddcd8-4ce4-4820-afc9-bcb0b9602ced: shutdown df1ddcd8-4ce4-4820-afc9-bcb0b9602ced@group-DE72AA4F0DA7-FollowerState
2021-11-11 02:23:48,481 [Command processor thread] INFO  impl.StateMachineUpdater (StateMachineUpdater.java:stopAndJoin(149)) - df1ddcd8-4ce4-4820-afc9-bcb0b9602ced@group-DE72AA4F0DA7-StateMachineUpdater: set stopIndex = 52
2021-11-11 02:23:48,481 [df1ddcd8-4ce4-4820-afc9-bcb0b9602ced@group-DE72AA4F0DA7-FollowerState] INFO  impl.FollowerState (FollowerState.java:run(143)) - df1ddcd8-4ce4-4820-afc9-bcb0b9602ced@group-DE72AA4F0DA7-FollowerState was interrupted: {}
java.lang.InterruptedException: sleep interrupted
	at java.lang.Thread.sleep(Native Method)
	at java.lang.Thread.sleep(Thread.java:340)
	at java.util.concurrent.TimeUnit.sleep(TimeUnit.java:386)
	at org.apache.ratis.util.TimeDuration.sleep(TimeDuration.java:324)
	at org.apache.ratis.util.TimeDuration.sleep(TimeDuration.java:309)
	at org.apache.ratis.server.impl.FollowerState.run(FollowerState.java:118)
2021-11-11 02:23:48,481 [df1ddcd8-4ce4-4820-afc9-bcb0b9602ced@group-DE72AA4F0DA7-StateMachineUpdater] INFO  ratis.ContainerStateMachine (ContainerStateMachine.java:takeSnapshot(292)) - group-DE72AA4F0DA7: Taking a snapshot at:(t:2, i:52) file /home/runner/work/ozone/ozone/hadoop-ozone/integration-test/target/test-dir/MiniOzoneClusterImpl-fa7c201b-b2c9-4d4a-bc80-193480666daa/datanode-2/data/ratis/ce09035b-dc0a-43f6-b483-de72aa4f0da7/sm/snapshot.2_52
2021-11-11 02:23:48,484 [EventQueue-PipelineReportForPipelineReportHandler] INFO  pipeline.PipelineReportHandler (PipelineReportHandler.java:processPipelineReport(113)) - Reported pipeline PipelineID=ce09035b-dc0a-43f6-b483-de72aa4f0da7 is not found
2021-11-11 02:23:48,486 [df1ddcd8-4ce4-4820-afc9-bcb0b9602ced@group-DE72AA4F0DA7-StateMachineUpdater] INFO  ratis.ContainerStateMachine (ContainerStateMachine.java:takeSnapshot(303)) - group-DE72AA4F0DA7: Finished taking a snapshot at:(t:2, i:52) file:/home/runner/work/ozone/ozone/hadoop-ozone/integration-test/target/test-dir/MiniOzoneClusterImpl-fa7c201b-b2c9-4d4a-bc80-193480666daa/datanode-2/data/ratis/ce09035b-dc0a-43f6-b483-de72aa4f0da7/sm/snapshot.2_52 took: 4 ms
2021-11-11 02:23:48,486 [df1ddcd8-4ce4-4820-afc9-bcb0b9602ced@group-DE72AA4F0DA7-StateMachineUpdater] INFO  impl.StateMachineUpdater (StateMachineUpdater.java:takeSnapshot(281)) - df1ddcd8-4ce4-4820-afc9-bcb0b9602ced@group-DE72AA4F0DA7-StateMachineUpdater: Took a snapshot at index 52
2021-11-11 02:23:48,486 [df1ddcd8-4ce4-4820-afc9-bcb0b9602ced@group-DE72AA4F0DA7-StateMachineUpdater] INFO  impl.StateMachineUpdater (StateMachineUpdater.java:lambda$new$0(89)) - df1ddcd8-4ce4-4820-afc9-bcb0b9602ced@group-DE72AA4F0DA7-StateMachineUpdater: snapshotIndex: updateIncreasingly -1 -> 52
2021-11-11 02:23:48,486 [Command processor thread] INFO  server.RaftServer$Division (ServerState.java:close(419)) - df1ddcd8-4ce4-4820-afc9-bcb0b9602ced@group-DE72AA4F0DA7: closes. applyIndex: 52
2021-11-11 02:23:48,487 [df1ddcd8-4ce4-4820-afc9-bcb0b9602ced@group-DE72AA4F0DA7-SegmentedRaftLogWorker] INFO  segmented.SegmentedRaftLogWorker (SegmentedRaftLogWorker.java:run(327)) - df1ddcd8-4ce4-4820-afc9-bcb0b9602ced@group-DE72AA4F0DA7-SegmentedRaftLogWorker was interrupted, exiting. There are 0 tasks remaining in the queue.
2021-11-11 02:23:48,487 [Command processor thread] INFO  segmented.SegmentedRaftLogWorker (SegmentedRaftLogWorker.java:close(237)) - df1ddcd8-4ce4-4820-afc9-bcb0b9602ced@group-DE72AA4F0DA7-SegmentedRaftLogWorker close()
2021-11-11 02:23:48,585 [EventQueue-PipelineReportForPipelineReportHandler] INFO  pipeline.PipelineReportHandler (PipelineReportHandler.java:processPipelineReport(113)) - Reported pipeline PipelineID=ce09035b-dc0a-43f6-b483-de72aa4f0da7 is not found
2021-11-11 02:23:48,627 [Command processor thread] INFO  keyvalue.KeyValueContainer (KeyValueContainer.java:flushAndSyncDB(397)) - Container 2 is synced with bcsId 50.
2021-11-11 02:23:48,627 [Command processor thread] INFO  keyvalue.KeyValueContainer (KeyValueContainer.java:flushAndSyncDB(397)) - Container 2 is synced with bcsId 50.
2021-11-11 02:23:48,632 [EventQueue-IncrementalContainerReportForIncrementalContainerReportHandler] INFO  container.IncrementalContainerReportHandler (AbstractContainerReportHandler.java:updateContainerState(216)) - Moving container #2 to QUASI_CLOSED state, datanode df1ddcd8-4ce4-4820-afc9-bcb0b9602ced{ip: 10.1.0.58, host: fv-az291-868.wgnan5asplgejimfprtllbpdch.jx.internal.cloudapp.net, ports: [REPLICATION=36697, RATIS=42723, RATIS_ADMIN=42723, RATIS_SERVER=42723, STANDALONE=44483], networkLocation: /default-rack, certSerialId: null, persistedOpState: IN_SERVICE, persistedOpStateExpiryEpochSec: 0} reported QUASI_CLOSED replica.
2021-11-11 02:23:48,727 [Command processor thread] INFO  keyvalue.KeyValueContainer (KeyValueContainer.java:flushAndSyncDB(397)) - Container 5 is synced with bcsId 42.
2021-11-11 02:23:48,728 [Command processor thread] INFO  keyvalue.KeyValueContainer (KeyValueContainer.java:flushAndSyncDB(397)) - Container 5 is synced with bcsId 42.
2021-11-11 02:23:48,735 [EventQueue-IncrementalContainerReportForIncrementalContainerReportHandler] INFO  container.IncrementalContainerReportHandler (AbstractContainerReportHandler.java:updateContainerState(216)) - Moving container #5 to QUASI_CLOSED state, datanode df1ddcd8-4ce4-4820-afc9-bcb0b9602ced{ip: 10.1.0.58, host: fv-az291-868.wgnan5asplgejimfprtllbpdch.jx.internal.cloudapp.net, ports: [REPLICATION=36697, RATIS=42723, RATIS_ADMIN=42723, RATIS_SERVER=42723, STANDALONE=44483], networkLocation: /default-rack, certSerialId: null, persistedOpState: IN_SERVICE, persistedOpStateExpiryEpochSec: 0} reported QUASI_CLOSED replica.
2021-11-11 02:23:48,810 [Command processor thread] INFO  keyvalue.KeyValueContainer (KeyValueContainer.java:flushAndSyncDB(397)) - Container 6 is synced with bcsId 46.
2021-11-11 02:23:48,810 [Command processor thread] INFO  keyvalue.KeyValueContainer (KeyValueContainer.java:flushAndSyncDB(397)) - Container 6 is synced with bcsId 46.
2021-11-11 02:23:48,818 [EventQueue-IncrementalContainerReportForIncrementalContainerReportHandler] INFO  container.IncrementalContainerReportHandler (AbstractContainerReportHandler.java:updateContainerState(216)) - Moving container #6 to QUASI_CLOSED state, datanode df1ddcd8-4ce4-4820-afc9-bcb0b9602ced{ip: 10.1.0.58, host: fv-az291-868.wgnan5asplgejimfprtllbpdch.jx.internal.cloudapp.net, ports: [REPLICATION=36697, RATIS=42723, RATIS_ADMIN=42723, RATIS_SERVER=42723, STANDALONE=44483], networkLocation: /default-rack, certSerialId: null, persistedOpState: IN_SERVICE, persistedOpStateExpiryEpochSec: 0} reported QUASI_CLOSED replica.
2021-11-11 02:23:48,819 [Command processor thread] INFO  server.RaftServer$Division (RaftServerImpl.java:groupRemove(382)) - df1ddcd8-4ce4-4820-afc9-bcb0b9602ced@group-DE72AA4F0DA7: Succeed to remove RaftStorageDirectory Storage Directory /home/runner/work/ozone/ozone/hadoop-ozone/integration-test/target/test-dir/MiniOzoneClusterImpl-fa7c201b-b2c9-4d4a-bc80-193480666daa/datanode-2/data/ratis/ce09035b-dc0a-43f6-b483-de72aa4f0da7
2021-11-11 02:23:48,819 [Command processor thread] INFO  commandhandler.ClosePipelineCommandHandler (ClosePipelineCommandHandler.java:handle(78)) - Close Pipeline PipelineID=ce09035b-dc0a-43f6-b483-de72aa4f0da7 command on datanode df1ddcd8-4ce4-4820-afc9-bcb0b9602ced.
2021-11-11 02:23:49,159 [Command processor thread] INFO  server.RaftServer (RaftServerProxy.java:remove(106)) - 2eab701e-61f4-497c-969a-5a075b5d9825: remove  FOLLOWER 2eab701e-61f4-497c-969a-5a075b5d9825@group-91134DBCBA30:t2, leader=8ce69a9b-f2ea-4e34-9290-b52812aaba8f, voted=8ce69a9b-f2ea-4e34-9290-b52812aaba8f, raftlog=2eab701e-61f4-497c-969a-5a075b5d9825@group-91134DBCBA30-SegmentedRaftLog:OPENED:c0, conf=0: [8144d56f-0d27-4688-93ba-465874d06109|rpc:10.1.0.58:39279|dataStream:|priority:0, 8ce69a9b-f2ea-4e34-9290-b52812aaba8f|rpc:10.1.0.58:37187|dataStream:|priority:1, 2eab701e-61f4-497c-969a-5a075b5d9825|rpc:10.1.0.58:37311|dataStream:|priority:0], old=null RUNNING
2021-11-11 02:23:49,159 [Command processor thread] INFO  server.RaftServer$Division (RaftServerImpl.java:lambda$close$4(412)) - 2eab701e-61f4-497c-969a-5a075b5d9825@group-91134DBCBA30: shutdown
2021-11-11 02:23:49,159 [Command processor thread] INFO  util.JmxRegister (JmxRegister.java:unregister(73)) - Successfully un-registered JMX Bean with object name Ratis:service=RaftServer,group=group-91134DBCBA30,id=2eab701e-61f4-497c-969a-5a075b5d9825
2021-11-11 02:23:49,159 [Command processor thread] INFO  impl.RoleInfo (RoleInfo.java:shutdownFollowerState(108)) - 2eab701e-61f4-497c-969a-5a075b5d9825: shutdown 2eab701e-61f4-497c-969a-5a075b5d9825@group-91134DBCBA30-FollowerState
2021-11-11 02:23:49,159 [Command processor thread] INFO  impl.StateMachineUpdater (StateMachineUpdater.java:stopAndJoin(149)) - 2eab701e-61f4-497c-969a-5a075b5d9825@group-91134DBCBA30-StateMachineUpdater: set stopIndex = 0
2021-11-11 02:23:49,159 [2eab701e-61f4-497c-969a-5a075b5d9825@group-91134DBCBA30-FollowerState] INFO  impl.FollowerState (FollowerState.java:run(143)) - 2eab701e-61f4-497c-969a-5a075b5d9825@group-91134DBCBA30-FollowerState was interrupted: {}
java.lang.InterruptedException: sleep interrupted
	at java.lang.Thread.sleep(Native Method)
	at java.lang.Thread.sleep(Thread.java:340)
	at java.util.concurrent.TimeUnit.sleep(TimeUnit.java:386)
	at org.apache.ratis.util.TimeDuration.sleep(TimeDuration.java:324)
	at org.apache.ratis.util.TimeDuration.sleep(TimeDuration.java:309)
	at org.apache.ratis.server.impl.FollowerState.run(FollowerState.java:118)
2021-11-11 02:23:49,160 [2eab701e-61f4-497c-969a-5a075b5d9825@group-91134DBCBA30-StateMachineUpdater] INFO  ratis.ContainerStateMachine (ContainerStateMachine.java:takeSnapshot(292)) - group-91134DBCBA30: Taking a snapshot at:(t:2, i:0) file /home/runner/work/ozone/ozone/hadoop-ozone/integration-test/target/test-dir/MiniOzoneClusterImpl-fa7c201b-b2c9-4d4a-bc80-193480666daa/datanode-5/data/ratis/47b6d99c-b65f-41fb-b5fd-91134dbcba30/sm/snapshot.2_0
2021-11-11 02:23:49,161 [EventQueue-PipelineReportForPipelineReportHandler] INFO  pipeline.PipelineReportHandler (PipelineReportHandler.java:processPipelineReport(113)) - Reported pipeline PipelineID=47b6d99c-b65f-41fb-b5fd-91134dbcba30 is not found
2021-11-11 02:23:49,162 [2eab701e-61f4-497c-969a-5a075b5d9825@group-91134DBCBA30-StateMachineUpdater] INFO  ratis.ContainerStateMachine (ContainerStateMachine.java:takeSnapshot(303)) - group-91134DBCBA30: Finished taking a snapshot at:(t:2, i:0) file:/home/runner/work/ozone/ozone/hadoop-ozone/integration-test/target/test-dir/MiniOzoneClusterImpl-fa7c201b-b2c9-4d4a-bc80-193480666daa/datanode-5/data/ratis/47b6d99c-b65f-41fb-b5fd-91134dbcba30/sm/snapshot.2_0 took: 3 ms
2021-11-11 02:23:49,163 [2eab701e-61f4-497c-969a-5a075b5d9825@group-91134DBCBA30-StateMachineUpdater] INFO  impl.StateMachineUpdater (StateMachineUpdater.java:takeSnapshot(281)) - 2eab701e-61f4-497c-969a-5a075b5d9825@group-91134DBCBA30-StateMachineUpdater: Took a snapshot at index 0
2021-11-11 02:23:49,163 [2eab701e-61f4-497c-969a-5a075b5d9825@group-91134DBCBA30-StateMachineUpdater] INFO  impl.StateMachineUpdater (StateMachineUpdater.java:lambda$new$0(89)) - 2eab701e-61f4-497c-969a-5a075b5d9825@group-91134DBCBA30-StateMachineUpdater: snapshotIndex: updateIncreasingly -1 -> 0
2021-11-11 02:23:49,172 [Command processor thread] INFO  server.RaftServer$Division (ServerState.java:close(419)) - 2eab701e-61f4-497c-969a-5a075b5d9825@group-91134DBCBA30: closes. applyIndex: 0
2021-11-11 02:23:49,172 [2eab701e-61f4-497c-969a-5a075b5d9825@group-91134DBCBA30-SegmentedRaftLogWorker] INFO  segmented.SegmentedRaftLogWorker (SegmentedRaftLogWorker.java:run(327)) - 2eab701e-61f4-497c-969a-5a075b5d9825@group-91134DBCBA30-SegmentedRaftLogWorker was interrupted, exiting. There are 0 tasks remaining in the queue.
2021-11-11 02:23:49,172 [Command processor thread] INFO  segmented.SegmentedRaftLogWorker (SegmentedRaftLogWorker.java:close(237)) - 2eab701e-61f4-497c-969a-5a075b5d9825@group-91134DBCBA30-SegmentedRaftLogWorker close()
2021-11-11 02:23:49,177 [Command processor thread] INFO  server.RaftServer$Division (RaftServerImpl.java:groupRemove(382)) - 2eab701e-61f4-497c-969a-5a075b5d9825@group-91134DBCBA30: Succeed to remove RaftStorageDirectory Storage Directory /home/runner/work/ozone/ozone/hadoop-ozone/integration-test/target/test-dir/MiniOzoneClusterImpl-fa7c201b-b2c9-4d4a-bc80-193480666daa/datanode-5/data/ratis/47b6d99c-b65f-41fb-b5fd-91134dbcba30
2021-11-11 02:23:49,178 [Command processor thread] INFO  commandhandler.ClosePipelineCommandHandler (ClosePipelineCommandHandler.java:handle(78)) - Close Pipeline PipelineID=47b6d99c-b65f-41fb-b5fd-91134dbcba30 command on datanode 2eab701e-61f4-497c-969a-5a075b5d9825.
2021-11-11 02:23:49,193 [ContainerReplicationThread-0] INFO  replication.DownloadAndImportReplicator (DownloadAndImportReplicator.java:replicate(107)) - Starting replication of container 1 from [8ce69a9b-f2ea-4e34-9290-b52812aaba8f{ip: 10.1.0.58, host: fv-az291-868.wgnan5asplgejimfprtllbpdch.jx.internal.cloudapp.net, ports: [REPLICATION=33855, RATIS=37187, RATIS_ADMIN=37187, RATIS_SERVER=37187, STANDALONE=46849], networkLocation: /default-rack, certSerialId: null, persistedOpState: IN_SERVICE, persistedOpStateExpiryEpochSec: 0}]
2021-11-11 02:23:49,198 [grpc-default-executor-1] INFO  replication.GrpcReplicationService (GrpcReplicationService.java:download(52)) - Streaming container data (1) to other datanode
2021-11-11 02:23:49,212 [ContainerReplicationThread-1] INFO  replication.DownloadAndImportReplicator (DownloadAndImportReplicator.java:replicate(107)) - Starting replication of container 3 from [c8f23f42-74be-4190-8774-dbf76800ed63{ip: 10.1.0.58, host: fv-az291-868.wgnan5asplgejimfprtllbpdch.jx.internal.cloudapp.net, ports: [REPLICATION=39159, RATIS=41403, RATIS_ADMIN=41403, RATIS_SERVER=41403, STANDALONE=44585], networkLocation: /default-rack, certSerialId: null, persistedOpState: IN_SERVICE, persistedOpStateExpiryEpochSec: 0}, 8ce69a9b-f2ea-4e34-9290-b52812aaba8f{ip: 10.1.0.58, host: fv-az291-868.wgnan5asplgejimfprtllbpdch.jx.internal.cloudapp.net, ports: [REPLICATION=33855, RATIS=37187, RATIS_ADMIN=37187, RATIS_SERVER=37187, STANDALONE=46849], networkLocation: /default-rack, certSerialId: null, persistedOpState: IN_SERVICE, persistedOpStateExpiryEpochSec: 0}]
2021-11-11 02:23:49,219 [grpc-default-executor-0] INFO  replication.GrpcReplicationService (GrpcReplicationService.java:download(52)) - Streaming container data (3) to other datanode
2021-11-11 02:23:49,248 [ContainerReplicationThread-2] INFO  replication.DownloadAndImportReplicator (DownloadAndImportReplicator.java:replicate(107)) - Starting replication of container 4 from [c8f23f42-74be-4190-8774-dbf76800ed63{ip: 10.1.0.58, host: fv-az291-868.wgnan5asplgejimfprtllbpdch.jx.internal.cloudapp.net, ports: [REPLICATION=39159, RATIS=41403, RATIS_ADMIN=41403, RATIS_SERVER=41403, STANDALONE=44585], networkLocation: /default-rack, certSerialId: null, persistedOpState: IN_SERVICE, persistedOpStateExpiryEpochSec: 0}]
2021-11-11 02:23:49,302 [grpc-default-executor-3] INFO  replication.GrpcReplicationService (GrpcReplicationService.java:download(52)) - Streaming container data (4) to other datanode
2021-11-11 02:23:49,327 [ReplicationMonitor] INFO  container.ReplicationManager (ReplicationManager.java:handleUnderReplicatedContainer(1166)) - Container #2 is under replicated. Expected replica count is 3, but found 2.
2021-11-11 02:23:49,327 [ReplicationMonitor] INFO  container.ReplicationManager (ReplicationManager.java:sendReplicateCommand(1518)) - Sending replicate container command for container #2 to datanode 2eab701e-61f4-497c-969a-5a075b5d9825{ip: 10.1.0.58, host: fv-az291-868.wgnan5asplgejimfprtllbpdch.jx.internal.cloudapp.net, ports: [REPLICATION=36923, RATIS=37311, RATIS_ADMIN=37311, RATIS_SERVER=37311, STANDALONE=41763], networkLocation: /default-rack, certSerialId: null, persistedOpState: IN_SERVICE, persistedOpStateExpiryEpochSec: 0} from datanodes [df1ddcd8-4ce4-4820-afc9-bcb0b9602ced{ip: 10.1.0.58, host: fv-az291-868.wgnan5asplgejimfprtllbpdch.jx.internal.cloudapp.net, ports: [REPLICATION=36697, RATIS=42723, RATIS_ADMIN=42723, RATIS_SERVER=42723, STANDALONE=44483], networkLocation: /default-rack, certSerialId: null, persistedOpState: IN_SERVICE, persistedOpStateExpiryEpochSec: 0}]
2021-11-11 02:23:49,327 [ReplicationMonitor] INFO  container.ReplicationManager (ReplicationManager.java:handleUnderReplicatedContainer(1166)) - Container #5 is under replicated. Expected replica count is 3, but found 2.
2021-11-11 02:23:49,327 [ReplicationMonitor] INFO  container.ReplicationManager (ReplicationManager.java:sendReplicateCommand(1518)) - Sending replicate container command for container #5 to datanode 2eab701e-61f4-497c-969a-5a075b5d9825{ip: 10.1.0.58, host: fv-az291-868.wgnan5asplgejimfprtllbpdch.jx.internal.cloudapp.net, ports: [REPLICATION=36923, RATIS=37311, RATIS_ADMIN=37311, RATIS_SERVER=37311, STANDALONE=41763], networkLocation: /default-rack, certSerialId: null, persistedOpState: IN_SERVICE, persistedOpStateExpiryEpochSec: 0} from datanodes [df1ddcd8-4ce4-4820-afc9-bcb0b9602ced{ip: 10.1.0.58, host: fv-az291-868.wgnan5asplgejimfprtllbpdch.jx.internal.cloudapp.net, ports: [REPLICATION=36697, RATIS=42723, RATIS_ADMIN=42723, RATIS_SERVER=42723, STANDALONE=44483], networkLocation: /default-rack, certSerialId: null, persistedOpState: IN_SERVICE, persistedOpStateExpiryEpochSec: 0}]
2021-11-11 02:23:49,327 [ReplicationMonitor] INFO  container.ReplicationManager (ReplicationManager.java:handleUnderReplicatedContainer(1166)) - Container #6 is under replicated. Expected replica count is 3, but found 2.
2021-11-11 02:23:49,328 [ReplicationMonitor] INFO  container.ReplicationManager (ReplicationManager.java:sendReplicateCommand(1518)) - Sending replicate container command for container #6 to datanode 2eab701e-61f4-497c-969a-5a075b5d9825{ip: 10.1.0.58, host: fv-az291-868.wgnan5asplgejimfprtllbpdch.jx.internal.cloudapp.net, ports: [REPLICATION=36923, RATIS=37311, RATIS_ADMIN=37311, RATIS_SERVER=37311, STANDALONE=41763], networkLocation: /default-rack, certSerialId: null, persistedOpState: IN_SERVICE, persistedOpStateExpiryEpochSec: 0} from datanodes [df1ddcd8-4ce4-4820-afc9-bcb0b9602ced{ip: 10.1.0.58, host: fv-az291-868.wgnan5asplgejimfprtllbpdch.jx.internal.cloudapp.net, ports: [REPLICATION=36697, RATIS=42723, RATIS_ADMIN=42723, RATIS_SERVER=42723, STANDALONE=44483], networkLocation: /default-rack, certSerialId: null, persistedOpState: IN_SERVICE, persistedOpStateExpiryEpochSec: 0}]
2021-11-11 02:23:49,328 [ReplicationMonitor] INFO  container.ReplicationManager (ReplicationManager.java:processAll(371)) - Replication Monitor Thread took 2 milliseconds for processing 6 containers.
2021-11-11 02:23:49,353 [EventQueue-PipelineReportForPipelineReportHandler] INFO  pipeline.PipelineReportHandler (PipelineReportHandler.java:processPipelineReport(113)) - Reported pipeline PipelineID=47b6d99c-b65f-41fb-b5fd-91134dbcba30 is not found
2021-11-11 02:23:49,353 [grpc-default-executor-1] INFO  replication.GrpcOutputStream (GrpcOutputStream.java:close(104)) - Sent 24589 bytes for container 1
2021-11-11 02:23:49,355 [grpc-default-executor-2] INFO  replication.GrpcReplicationClient (GrpcReplicationClient.java:onCompleted(187)) - Container 1 is downloaded to /home/runner/work/ozone/ozone/hadoop-ozone/integration-test/target/test-dir/MiniOzoneClusterImpl-fa7c201b-b2c9-4d4a-bc80-193480666daa/datanode-5/data/replication/work/container-1.tar.gz
2021-11-11 02:23:49,357 [ContainerReplicationThread-0] INFO  replication.DownloadAndImportReplicator (DownloadAndImportReplicator.java:replicate(122)) - Container 1 is downloaded with size 24589, starting to import.
2021-11-11 02:23:49,431 [ContainerReplicationThread-0] INFO  replication.DownloadAndImportReplicator (DownloadAndImportReplicator.java:replicate(127)) - Container 1 is replicated successfully
2021-11-11 02:23:49,431 [ContainerReplicationThread-0] INFO  replication.ReplicationSupervisor (ReplicationSupervisor.java:run(169)) - Container 1 is replicated.
2021-11-11 02:23:49,461 [grpc-default-executor-3] INFO  replication.GrpcOutputStream (GrpcOutputStream.java:close(104)) - Sent 24106 bytes for container 4
2021-11-11 02:23:49,462 [grpc-default-executor-1] INFO  replication.GrpcReplicationClient (GrpcReplicationClient.java:onCompleted(187)) - Container 4 is downloaded to /home/runner/work/ozone/ozone/hadoop-ozone/integration-test/target/test-dir/MiniOzoneClusterImpl-fa7c201b-b2c9-4d4a-bc80-193480666daa/datanode-5/data/replication/work/container-4.tar.gz
2021-11-11 02:23:49,464 [ContainerReplicationThread-2] INFO  replication.DownloadAndImportReplicator (DownloadAndImportReplicator.java:replicate(122)) - Container 4 is downloaded with size 24106, starting to import.
2021-11-11 02:23:49,497 [ForkJoinPool.commonPool-worker-1] INFO  statemachine.DatanodeStateMachine (DatanodeStateMachine.java:stopDaemon(526)) - Ozone container server stopped.
2021-11-11 02:23:49,504 [grpc-default-executor-0] INFO  replication.GrpcOutputStream (GrpcOutputStream.java:close(104)) - Sent 23582 bytes for container 3
2021-11-11 02:23:49,506 [ForkJoinPool.commonPool-worker-1] INFO  handler.ContextHandler (ContextHandler.java:doStop(1153)) - Stopped o.e.j.w.WebAppContext@e9178b0{hddsDatanode,/,null,STOPPED}{jar:file:/home/runner/.m2/repository/org/apache/ozone/hdds-container-service/1.2.0-SNAPSHOT/hdds-container-service-1.2.0-SNAPSHOT.jar!/webapps/hddsDatanode}
2021-11-11 02:23:49,516 [grpc-default-executor-0] INFO  replication.GrpcReplicationClient (GrpcReplicationClient.java:onCompleted(187)) - Container 3 is downloaded to /home/runner/work/ozone/ozone/hadoop-ozone/integration-test/target/test-dir/MiniOzoneClusterImpl-fa7c201b-b2c9-4d4a-bc80-193480666daa/datanode-5/data/replication/work/container-3.tar.gz
2021-11-11 02:23:49,521 [ContainerReplicationThread-1] INFO  replication.DownloadAndImportReplicator (DownloadAndImportReplicator.java:replicate(122)) - Container 3 is downloaded with size 23582, starting to import.
2021-11-11 02:23:49,535 [ForkJoinPool.commonPool-worker-1] INFO  server.AbstractConnector (AbstractConnector.java:doStop(381)) - Stopped ServerConnector@445303fd{HTTP/1.1, (http/1.1)}{0.0.0.0:0}
2021-11-11 02:23:49,535 [ForkJoinPool.commonPool-worker-1] INFO  server.session (HouseKeeper.java:stopScavenging(149)) - node0 Stopped scavenging
2021-11-11 02:23:49,535 [ForkJoinPool.commonPool-worker-1] INFO  handler.ContextHandler (ContextHandler.java:doStop(1153)) - Stopped o.e.j.s.ServletContextHandler@1b40cc2{static,/static,jar:file:/home/runner/.m2/repository/org/apache/ozone/hdds-container-service/1.2.0-SNAPSHOT/hdds-container-service-1.2.0-SNAPSHOT.jar!/webapps/static,STOPPED}
2021-11-11 02:23:49,535 [ForkJoinPool.commonPool-worker-1] INFO  handler.ContextHandler (ContextHandler.java:doStop(1153)) - Stopped o.e.j.s.ServletContextHandler@19879f3b{logs,/logs,file:///home/runner/work/ozone/ozone/hadoop-ozone/integration-test/target/log,STOPPED}
2021-11-11 02:23:49,549 [Mini-Cluster-Provider-Reap] INFO  statemachine.DatanodeStateMachine (DatanodeStateMachine.java:stopDaemon(526)) - Ozone container server stopped.
2021-11-11 02:23:49,560 [Mini-Cluster-Provider-Reap] INFO  handler.ContextHandler (ContextHandler.java:doStop(1153)) - Stopped o.e.j.w.WebAppContext@3e231414{hddsDatanode,/,null,STOPPED}{jar:file:/home/runner/.m2/repository/org/apache/ozone/hdds-container-service/1.2.0-SNAPSHOT/hdds-container-service-1.2.0-SNAPSHOT.jar!/webapps/hddsDatanode}
2021-11-11 02:23:49,562 [ContainerReplicationThread-2] INFO  replication.DownloadAndImportReplicator (DownloadAndImportReplicator.java:replicate(127)) - Container 4 is replicated successfully
2021-11-11 02:23:49,562 [ContainerReplicationThread-2] INFO  replication.ReplicationSupervisor (ReplicationSupervisor.java:run(169)) - Container 4 is replicated.
2021-11-11 02:23:49,566 [Mini-Cluster-Provider-Reap] INFO  server.AbstractConnector (AbstractConnector.java:doStop(381)) - Stopped ServerConnector@6b29e47f{HTTP/1.1, (http/1.1)}{0.0.0.0:0}
2021-11-11 02:23:49,566 [Mini-Cluster-Provider-Reap] INFO  server.session (HouseKeeper.java:stopScavenging(149)) - node0 Stopped scavenging
2021-11-11 02:23:49,566 [Mini-Cluster-Provider-Reap] INFO  handler.ContextHandler (ContextHandler.java:doStop(1153)) - Stopped o.e.j.s.ServletContextHandler@f8d7d1f{static,/static,jar:file:/home/runner/.m2/repository/org/apache/ozone/hdds-container-service/1.2.0-SNAPSHOT/hdds-container-service-1.2.0-SNAPSHOT.jar!/webapps/static,STOPPED}
2021-11-11 02:23:49,566 [Mini-Cluster-Provider-Reap] INFO  handler.ContextHandler (ContextHandler.java:doStop(1153)) - Stopped o.e.j.s.ServletContextHandler@246c364b{logs,/logs,file:///home/runner/work/ozone/ozone/hadoop-ozone/integration-test/target/log,STOPPED}
2021-11-11 02:23:49,584 [Command processor thread] INFO  server.RaftServer (RaftServerProxy.java:remove(106)) - c8f23f42-74be-4190-8774-dbf76800ed63: remove  FOLLOWER c8f23f42-74be-4190-8774-dbf76800ed63@group-DE72AA4F0DA7:t2, leader=582f844f-ab60-4375-a757-c803745debcc, voted=582f844f-ab60-4375-a757-c803745debcc, raftlog=c8f23f42-74be-4190-8774-dbf76800ed63@group-DE72AA4F0DA7-SegmentedRaftLog:OPENED:c52, conf=0: [df1ddcd8-4ce4-4820-afc9-bcb0b9602ced|rpc:10.1.0.58:42723|dataStream:|priority:0, c8f23f42-74be-4190-8774-dbf76800ed63|rpc:10.1.0.58:41403|dataStream:|priority:0, 582f844f-ab60-4375-a757-c803745debcc|rpc:10.1.0.58:33919|dataStream:|priority:1], old=null RUNNING
2021-11-11 02:23:49,584 [Command processor thread] INFO  server.RaftServer$Division (RaftServerImpl.java:lambda$close$4(412)) - c8f23f42-74be-4190-8774-dbf76800ed63@group-DE72AA4F0DA7: shutdown
2021-11-11 02:23:49,584 [Command processor thread] INFO  util.JmxRegister (JmxRegister.java:unregister(73)) - Successfully un-registered JMX Bean with object name Ratis:service=RaftServer,group=group-DE72AA4F0DA7,id=c8f23f42-74be-4190-8774-dbf76800ed63
2021-11-11 02:23:49,585 [Command processor thread] INFO  impl.RoleInfo (RoleInfo.java:shutdownFollowerState(108)) - c8f23f42-74be-4190-8774-dbf76800ed63: shutdown c8f23f42-74be-4190-8774-dbf76800ed63@group-DE72AA4F0DA7-FollowerState
2021-11-11 02:23:49,585 [Command processor thread] INFO  impl.StateMachineUpdater (StateMachineUpdater.java:stopAndJoin(149)) - c8f23f42-74be-4190-8774-dbf76800ed63@group-DE72AA4F0DA7-StateMachineUpdater: set stopIndex = 52
2021-11-11 02:23:49,585 [c8f23f42-74be-4190-8774-dbf76800ed63@group-DE72AA4F0DA7-StateMachineUpdater] INFO  ratis.ContainerStateMachine (ContainerStateMachine.java:takeSnapshot(292)) - group-DE72AA4F0DA7: Taking a snapshot at:(t:2, i:52) file /home/runner/work/ozone/ozone/hadoop-ozone/integration-test/target/test-dir/MiniOzoneClusterImpl-fa7c201b-b2c9-4d4a-bc80-193480666daa/datanode-0/data/ratis/ce09035b-dc0a-43f6-b483-de72aa4f0da7/sm/snapshot.2_52
2021-11-11 02:23:49,586 [EventQueue-PipelineReportForPipelineReportHandler] INFO  pipeline.PipelineReportHandler (PipelineReportHandler.java:processPipelineReport(113)) - Reported pipeline PipelineID=ce09035b-dc0a-43f6-b483-de72aa4f0da7 is not found
2021-11-11 02:23:49,587 [c8f23f42-74be-4190-8774-dbf76800ed63@group-DE72AA4F0DA7-StateMachineUpdater] INFO  ratis.ContainerStateMachine (ContainerStateMachine.java:takeSnapshot(303)) - group-DE72AA4F0DA7: Finished taking a snapshot at:(t:2, i:52) file:/home/runner/work/ozone/ozone/hadoop-ozone/integration-test/target/test-dir/MiniOzoneClusterImpl-fa7c201b-b2c9-4d4a-bc80-193480666daa/datanode-0/data/ratis/ce09035b-dc0a-43f6-b483-de72aa4f0da7/sm/snapshot.2_52 took: 2 ms
2021-11-11 02:23:49,587 [c8f23f42-74be-4190-8774-dbf76800ed63@group-DE72AA4F0DA7-StateMachineUpdater] INFO  impl.StateMachineUpdater (StateMachineUpdater.java:takeSnapshot(281)) - c8f23f42-74be-4190-8774-dbf76800ed63@group-DE72AA4F0DA7-StateMachineUpdater: Took a snapshot at index 52
2021-11-11 02:23:49,587 [c8f23f42-74be-4190-8774-dbf76800ed63@group-DE72AA4F0DA7-StateMachineUpdater] INFO  impl.StateMachineUpdater (StateMachineUpdater.java:lambda$new$0(89)) - c8f23f42-74be-4190-8774-dbf76800ed63@group-DE72AA4F0DA7-StateMachineUpdater: snapshotIndex: updateIncreasingly -1 -> 52
2021-11-11 02:23:49,588 [Command processor thread] INFO  server.RaftServer$Division (ServerState.java:close(419)) - c8f23f42-74be-4190-8774-dbf76800ed63@group-DE72AA4F0DA7: closes. applyIndex: 52
2021-11-11 02:23:49,588 [c8f23f42-74be-4190-8774-dbf76800ed63@group-DE72AA4F0DA7-SegmentedRaftLogWorker] INFO  segmented.SegmentedRaftLogWorker (SegmentedRaftLogWorker.java:run(327)) - c8f23f42-74be-4190-8774-dbf76800ed63@group-DE72AA4F0DA7-SegmentedRaftLogWorker was interrupted, exiting. There are 0 tasks remaining in the queue.
2021-11-11 02:23:49,588 [Command processor thread] INFO  segmented.SegmentedRaftLogWorker (SegmentedRaftLogWorker.java:close(237)) - c8f23f42-74be-4190-8774-dbf76800ed63@group-DE72AA4F0DA7-SegmentedRaftLogWorker close()
2021-11-11 02:23:49,592 [c8f23f42-74be-4190-8774-dbf76800ed63@group-DE72AA4F0DA7-FollowerState] INFO  impl.FollowerState (FollowerState.java:run(143)) - c8f23f42-74be-4190-8774-dbf76800ed63@group-DE72AA4F0DA7-FollowerState was interrupted: {}
java.lang.InterruptedException: sleep interrupted
	at java.lang.Thread.sleep(Native Method)
	at java.lang.Thread.sleep(Thread.java:340)
	at java.util.concurrent.TimeUnit.sleep(TimeUnit.java:386)
	at org.apache.ratis.util.TimeDuration.sleep(TimeDuration.java:324)
	at org.apache.ratis.util.TimeDuration.sleep(TimeDuration.java:309)
	at org.apache.ratis.server.impl.FollowerState.run(FollowerState.java:118)
2021-11-11 02:23:49,598 [ContainerReplicationThread-1] INFO  replication.DownloadAndImportReplicator (DownloadAndImportReplicator.java:replicate(127)) - Container 3 is replicated successfully
2021-11-11 02:23:49,598 [ContainerReplicationThread-1] INFO  replication.ReplicationSupervisor (ReplicationSupervisor.java:run(169)) - Container 3 is replicated.
2021-11-11 02:23:49,676 [Command processor thread] INFO  keyvalue.KeyValueContainer (KeyValueContainer.java:flushAndSyncDB(397)) - Container 2 is synced with bcsId 50.
2021-11-11 02:23:49,676 [Command processor thread] INFO  keyvalue.KeyValueContainer (KeyValueContainer.java:flushAndSyncDB(397)) - Container 2 is synced with bcsId 50.
2021-11-11 02:23:49,800 [Command processor thread] INFO  keyvalue.KeyValueContainer (KeyValueContainer.java:flushAndSyncDB(397)) - Container 5 is synced with bcsId 42.
2021-11-11 02:23:49,800 [Command processor thread] INFO  keyvalue.KeyValueContainer (KeyValueContainer.java:flushAndSyncDB(397)) - Container 5 is synced with bcsId 42.
2021-11-11 02:23:49,903 [Command processor thread] INFO  keyvalue.KeyValueContainer (KeyValueContainer.java:flushAndSyncDB(397)) - Container 6 is synced with bcsId 46.
2021-11-11 02:23:49,903 [Command processor thread] INFO  keyvalue.KeyValueContainer (KeyValueContainer.java:flushAndSyncDB(397)) - Container 6 is synced with bcsId 46.
2021-11-11 02:23:49,907 [Command processor thread] INFO  server.RaftServer$Division (RaftServerImpl.java:groupRemove(382)) - c8f23f42-74be-4190-8774-dbf76800ed63@group-DE72AA4F0DA7: Succeed to remove RaftStorageDirectory Storage Directory /home/runner/work/ozone/ozone/hadoop-ozone/integration-test/target/test-dir/MiniOzoneClusterImpl-fa7c201b-b2c9-4d4a-bc80-193480666daa/datanode-0/data/ratis/ce09035b-dc0a-43f6-b483-de72aa4f0da7
2021-11-11 02:23:49,908 [Command processor thread] INFO  commandhandler.ClosePipelineCommandHandler (ClosePipelineCommandHandler.java:handle(78)) - Close Pipeline PipelineID=ce09035b-dc0a-43f6-b483-de72aa4f0da7 command on datanode c8f23f42-74be-4190-8774-dbf76800ed63.
2021-11-11 02:23:49,921 [ContainerReplicationThread-2] INFO  replication.DownloadAndImportReplicator (DownloadAndImportReplicator.java:replicate(107)) - Starting replication of container 1 from [8ce69a9b-f2ea-4e34-9290-b52812aaba8f{ip: 10.1.0.58, host: fv-az291-868.wgnan5asplgejimfprtllbpdch.jx.internal.cloudapp.net, ports: [REPLICATION=33855, RATIS=37187, RATIS_ADMIN=37187, RATIS_SERVER=37187, STANDALONE=46849], networkLocation: /default-rack, certSerialId: null, persistedOpState: IN_SERVICE, persistedOpStateExpiryEpochSec: 0}]
2021-11-11 02:23:49,936 [grpc-default-executor-0] INFO  replication.GrpcReplicationService (GrpcReplicationService.java:download(52)) - Streaming container data (1) to other datanode
2021-11-11 02:23:50,132 [grpc-default-executor-0] INFO  replication.GrpcOutputStream (GrpcOutputStream.java:close(104)) - Sent 31651 bytes for container 1
2021-11-11 02:23:50,136 [grpc-default-executor-3] INFO  replication.GrpcReplicationClient (GrpcReplicationClient.java:onCompleted(187)) - Container 1 is downloaded to /home/runner/work/ozone/ozone/hadoop-ozone/integration-test/target/test-dir/MiniOzoneClusterImpl-fa7c201b-b2c9-4d4a-bc80-193480666daa/datanode-0/data/replication/work/container-1.tar.gz
2021-11-11 02:23:50,138 [ContainerReplicationThread-2] INFO  replication.DownloadAndImportReplicator (DownloadAndImportReplicator.java:replicate(122)) - Container 1 is downloaded with size 31651, starting to import.
2021-11-11 02:23:50,282 [ContainerReplicationThread-2] INFO  replication.DownloadAndImportReplicator (DownloadAndImportReplicator.java:replicate(127)) - Container 1 is replicated successfully
2021-11-11 02:23:50,282 [ContainerReplicationThread-2] INFO  replication.ReplicationSupervisor (ReplicationSupervisor.java:run(169)) - Container 1 is replicated.
2021-11-11 02:23:50,328 [ReplicationMonitor] INFO  container.ReplicationManager (ReplicationManager.java:forceCloseContainer(1073)) - Force closing container #2 with BCSID 50, which is in QUASI_CLOSED state.
2021-11-11 02:23:50,328 [ReplicationMonitor] INFO  container.ReplicationManager (ReplicationManager.java:sendCloseCommand(1482)) - Sending close container command for container #2 to datanode df1ddcd8-4ce4-4820-afc9-bcb0b9602ced{ip: 10.1.0.58, host: fv-az291-868.wgnan5asplgejimfprtllbpdch.jx.internal.cloudapp.net, ports: [REPLICATION=36697, RATIS=42723, RATIS_ADMIN=42723, RATIS_SERVER=42723, STANDALONE=44483], networkLocation: /default-rack, certSerialId: null, persistedOpState: IN_SERVICE, persistedOpStateExpiryEpochSec: 0}.
2021-11-11 02:23:50,328 [ReplicationMonitor] INFO  container.ReplicationManager (ReplicationManager.java:sendCloseCommand(1482)) - Sending close container command for container #2 to datanode c8f23f42-74be-4190-8774-dbf76800ed63{ip: 10.1.0.58, host: fv-az291-868.wgnan5asplgejimfprtllbpdch.jx.internal.cloudapp.net, ports: [REPLICATION=39159, RATIS=41403, RATIS_ADMIN=41403, RATIS_SERVER=41403, STANDALONE=44585], networkLocation: /default-rack, certSerialId: null, persistedOpState: IN_SERVICE, persistedOpStateExpiryEpochSec: 0}.
2021-11-11 02:23:50,329 [ReplicationMonitor] INFO  container.ReplicationManager (ReplicationManager.java:forceCloseContainer(1073)) - Force closing container #5 with BCSID 42, which is in QUASI_CLOSED state.
2021-11-11 02:23:50,329 [ReplicationMonitor] INFO  container.ReplicationManager (ReplicationManager.java:sendCloseCommand(1482)) - Sending close container command for container #5 to datanode c8f23f42-74be-4190-8774-dbf76800ed63{ip: 10.1.0.58, host: fv-az291-868.wgnan5asplgejimfprtllbpdch.jx.internal.cloudapp.net, ports: [REPLICATION=39159, RATIS=41403, RATIS_ADMIN=41403, RATIS_SERVER=41403, STANDALONE=44585], networkLocation: /default-rack, certSerialId: null, persistedOpState: IN_SERVICE, persistedOpStateExpiryEpochSec: 0}.
2021-11-11 02:23:50,329 [ReplicationMonitor] INFO  container.ReplicationManager (ReplicationManager.java:sendCloseCommand(1482)) - Sending close container command for container #5 to datanode df1ddcd8-4ce4-4820-afc9-bcb0b9602ced{ip: 10.1.0.58, host: fv-az291-868.wgnan5asplgejimfprtllbpdch.jx.internal.cloudapp.net, ports: [REPLICATION=36697, RATIS=42723, RATIS_ADMIN=42723, RATIS_SERVER=42723, STANDALONE=44483], networkLocation: /default-rack, certSerialId: null, persistedOpState: IN_SERVICE, persistedOpStateExpiryEpochSec: 0}.
2021-11-11 02:23:50,329 [ReplicationMonitor] INFO  container.ReplicationManager (ReplicationManager.java:forceCloseContainer(1073)) - Force closing container #6 with BCSID 46, which is in QUASI_CLOSED state.
2021-11-11 02:23:50,329 [ReplicationMonitor] INFO  container.ReplicationManager (ReplicationManager.java:sendCloseCommand(1482)) - Sending close container command for container #6 to datanode df1ddcd8-4ce4-4820-afc9-bcb0b9602ced{ip: 10.1.0.58, host: fv-az291-868.wgnan5asplgejimfprtllbpdch.jx.internal.cloudapp.net, ports: [REPLICATION=36697, RATIS=42723, RATIS_ADMIN=42723, RATIS_SERVER=42723, STANDALONE=44483], networkLocation: /default-rack, certSerialId: null, persistedOpState: IN_SERVICE, persistedOpStateExpiryEpochSec: 0}.
2021-11-11 02:23:50,329 [ReplicationMonitor] INFO  container.ReplicationManager (ReplicationManager.java:sendCloseCommand(1482)) - Sending close container command for container #6 to datanode c8f23f42-74be-4190-8774-dbf76800ed63{ip: 10.1.0.58, host: fv-az291-868.wgnan5asplgejimfprtllbpdch.jx.internal.cloudapp.net, ports: [REPLICATION=39159, RATIS=41403, RATIS_ADMIN=41403, RATIS_SERVER=41403, STANDALONE=44585], networkLocation: /default-rack, certSerialId: null, persistedOpState: IN_SERVICE, persistedOpStateExpiryEpochSec: 0}.
2021-11-11 02:23:50,329 [ReplicationMonitor] INFO  container.ReplicationManager (ReplicationManager.java:processAll(371)) - Replication Monitor Thread took 1 milliseconds for processing 6 containers.
2021-11-11 02:23:50,352 [Command processor thread] INFO  server.RaftServer (RaftServerProxy.java:remove(106)) - 8ce69a9b-f2ea-4e34-9290-b52812aaba8f: remove    LEADER 8ce69a9b-f2ea-4e34-9290-b52812aaba8f@group-91134DBCBA30:t2, leader=8ce69a9b-f2ea-4e34-9290-b52812aaba8f, voted=8ce69a9b-f2ea-4e34-9290-b52812aaba8f, raftlog=8ce69a9b-f2ea-4e34-9290-b52812aaba8f@group-91134DBCBA30-SegmentedRaftLog:OPENED:c0, conf=0: [8144d56f-0d27-4688-93ba-465874d06109|rpc:10.1.0.58:39279|dataStream:|priority:0, 8ce69a9b-f2ea-4e34-9290-b52812aaba8f|rpc:10.1.0.58:37187|dataStream:|priority:1, 2eab701e-61f4-497c-969a-5a075b5d9825|rpc:10.1.0.58:37311|dataStream:|priority:0], old=null RUNNING
2021-11-11 02:23:50,352 [Command processor thread] INFO  server.RaftServer$Division (RaftServerImpl.java:lambda$close$4(412)) - 8ce69a9b-f2ea-4e34-9290-b52812aaba8f@group-91134DBCBA30: shutdown
2021-11-11 02:23:50,352 [Command processor thread] INFO  util.JmxRegister (JmxRegister.java:unregister(73)) - Successfully un-registered JMX Bean with object name Ratis:service=RaftServer,group=group-91134DBCBA30,id=8ce69a9b-f2ea-4e34-9290-b52812aaba8f
2021-11-11 02:23:50,352 [Command processor thread] INFO  impl.RoleInfo (RoleInfo.java:shutdownLeaderState(91)) - 8ce69a9b-f2ea-4e34-9290-b52812aaba8f: shutdown 8ce69a9b-f2ea-4e34-9290-b52812aaba8f@group-91134DBCBA30-LeaderStateImpl
2021-11-11 02:23:50,352 [Command processor thread] INFO  impl.PendingRequests (PendingRequests.java:sendNotLeaderResponses(282)) - 8ce69a9b-f2ea-4e34-9290-b52812aaba8f@group-91134DBCBA30-PendingRequests: sendNotLeaderResponses
2021-11-11 02:23:50,353 [Command processor thread] INFO  impl.StateMachineUpdater (StateMachineUpdater.java:stopAndJoin(149)) - 8ce69a9b-f2ea-4e34-9290-b52812aaba8f@group-91134DBCBA30-StateMachineUpdater: set stopIndex = 0
2021-11-11 02:23:50,353 [8ce69a9b-f2ea-4e34-9290-b52812aaba8f@group-91134DBCBA30->2eab701e-61f4-497c-969a-5a075b5d9825-GrpcLogAppender-LogAppenderDaemon] WARN  server.GrpcLogAppender (GrpcLogAppender.java:mayWait(177)) - 8ce69a9b-f2ea-4e34-9290-b52812aaba8f@group-91134DBCBA30->2eab701e-61f4-497c-969a-5a075b5d9825-GrpcLogAppender: Wait interrupted by java.lang.InterruptedException
2021-11-11 02:23:50,353 [8ce69a9b-f2ea-4e34-9290-b52812aaba8f@group-91134DBCBA30-StateMachineUpdater] INFO  ratis.ContainerStateMachine (ContainerStateMachine.java:takeSnapshot(292)) - group-91134DBCBA30: Taking a snapshot at:(t:2, i:0) file /home/runner/work/ozone/ozone/hadoop-ozone/integration-test/target/test-dir/MiniOzoneClusterImpl-fa7c201b-b2c9-4d4a-bc80-193480666daa/datanode-4/data/ratis/47b6d99c-b65f-41fb-b5fd-91134dbcba30/sm/snapshot.2_0
2021-11-11 02:23:50,354 [grpc-default-executor-3] INFO  server.GrpcServerProtocolService (GrpcServerProtocolService.java:onCompleted(140)) - 2eab701e-61f4-497c-969a-5a075b5d9825: Completed APPEND_ENTRIES, lastRequest: 8ce69a9b-f2ea-4e34-9290-b52812aaba8f->2eab701e-61f4-497c-969a-5a075b5d9825#1-t2,previous=(t:0, i:0),leaderCommit=-1,initializing? true,entries: size=1, first=(t:2, i:0), CONFIGURATIONENTRY
2021-11-11 02:23:50,356 [EventQueue-PipelineReportForPipelineReportHandler] INFO  pipeline.PipelineReportHandler (PipelineReportHandler.java:processPipelineReport(113)) - Reported pipeline PipelineID=47b6d99c-b65f-41fb-b5fd-91134dbcba30 is not found
2021-11-11 02:23:50,357 [8ce69a9b-f2ea-4e34-9290-b52812aaba8f@group-91134DBCBA30-StateMachineUpdater] INFO  ratis.ContainerStateMachine (ContainerStateMachine.java:takeSnapshot(303)) - group-91134DBCBA30: Finished taking a snapshot at:(t:2, i:0) file:/home/runner/work/ozone/ozone/hadoop-ozone/integration-test/target/test-dir/MiniOzoneClusterImpl-fa7c201b-b2c9-4d4a-bc80-193480666daa/datanode-4/data/ratis/47b6d99c-b65f-41fb-b5fd-91134dbcba30/sm/snapshot.2_0 took: 4 ms
2021-11-11 02:23:50,357 [grpc-default-executor-0] INFO  server.GrpcLogAppender (GrpcLogAppender.java:onCompleted(346)) - 8ce69a9b-f2ea-4e34-9290-b52812aaba8f@group-91134DBCBA30->2eab701e-61f4-497c-969a-5a075b5d9825-AppendLogResponseHandler: follower responses appendEntries COMPLETED
2021-11-11 02:23:50,357 [grpc-default-executor-0] INFO  leader.FollowerInfo (FollowerInfoImpl.java:lambda$new$0(47)) - 8ce69a9b-f2ea-4e34-9290-b52812aaba8f@group-91134DBCBA30->2eab701e-61f4-497c-969a-5a075b5d9825: nextIndex: updateUnconditionally 1 -> 0
2021-11-11 02:23:50,357 [8ce69a9b-f2ea-4e34-9290-b52812aaba8f@group-91134DBCBA30-StateMachineUpdater] INFO  impl.StateMachineUpdater (StateMachineUpdater.java:takeSnapshot(281)) - 8ce69a9b-f2ea-4e34-9290-b52812aaba8f@group-91134DBCBA30-StateMachineUpdater: Took a snapshot at index 0
2021-11-11 02:23:50,375 [8ce69a9b-f2ea-4e34-9290-b52812aaba8f@group-91134DBCBA30-StateMachineUpdater] INFO  impl.StateMachineUpdater (StateMachineUpdater.java:lambda$new$0(89)) - 8ce69a9b-f2ea-4e34-9290-b52812aaba8f@group-91134DBCBA30-StateMachineUpdater: snapshotIndex: updateIncreasingly -1 -> 0
2021-11-11 02:23:50,375 [Command processor thread] INFO  server.RaftServer$Division (ServerState.java:close(419)) - 8ce69a9b-f2ea-4e34-9290-b52812aaba8f@group-91134DBCBA30: closes. applyIndex: 0
2021-11-11 02:23:50,375 [Mini-Cluster-Provider-Reap] INFO  ozoneimpl.OzoneContainer (OzoneContainer.java:stop(325)) - Attempting to stop container services.
2021-11-11 02:23:50,376 [8ce69a9b-f2ea-4e34-9290-b52812aaba8f@group-91134DBCBA30-SegmentedRaftLogWorker] INFO  segmented.SegmentedRaftLogWorker (SegmentedRaftLogWorker.java:run(327)) - 8ce69a9b-f2ea-4e34-9290-b52812aaba8f@group-91134DBCBA30-SegmentedRaftLogWorker was interrupted, exiting. There are 0 tasks remaining in the queue.
2021-11-11 02:23:50,376 [Command processor thread] INFO  segmented.SegmentedRaftLogWorker (SegmentedRaftLogWorker.java:close(237)) - 8ce69a9b-f2ea-4e34-9290-b52812aaba8f@group-91134DBCBA30-SegmentedRaftLogWorker close()
2021-11-11 02:23:50,380 [Mini-Cluster-Provider-Reap] INFO  server.RaftServer (RaftServerProxy.java:lambda$close$6(391)) - 2eab701e-61f4-497c-969a-5a075b5d9825: close
2021-11-11 02:23:50,380 [Mini-Cluster-Provider-Reap] INFO  server.RaftServer$Division (RaftServerImpl.java:lambda$close$4(412)) - 2eab701e-61f4-497c-969a-5a075b5d9825@group-C6C8485190AD: shutdown
2021-11-11 02:23:50,385 [Mini-Cluster-Provider-Reap] INFO  util.JmxRegister (JmxRegister.java:unregister(73)) - Successfully un-registered JMX Bean with object name Ratis:service=RaftServer,group=group-C6C8485190AD,id=2eab701e-61f4-497c-969a-5a075b5d9825
2021-11-11 02:23:50,385 [Mini-Cluster-Provider-Reap] INFO  impl.RoleInfo (RoleInfo.java:shutdownLeaderState(91)) - 2eab701e-61f4-497c-969a-5a075b5d9825: shutdown 2eab701e-61f4-497c-969a-5a075b5d9825@group-C6C8485190AD-LeaderStateImpl
2021-11-11 02:23:50,385 [Mini-Cluster-Provider-Reap] INFO  impl.PendingRequests (PendingRequests.java:sendNotLeaderResponses(282)) - 2eab701e-61f4-497c-969a-5a075b5d9825@group-C6C8485190AD-PendingRequests: sendNotLeaderResponses
2021-11-11 02:23:50,385 [Mini-Cluster-Provider-Reap] INFO  impl.StateMachineUpdater (StateMachineUpdater.java:stopAndJoin(149)) - 2eab701e-61f4-497c-969a-5a075b5d9825@group-C6C8485190AD-StateMachineUpdater: set stopIndex = 0
2021-11-11 02:23:50,386 [2eab701e-61f4-497c-969a-5a075b5d9825@group-C6C8485190AD-StateMachineUpdater] INFO  ratis.ContainerStateMachine (ContainerStateMachine.java:takeSnapshot(292)) - group-C6C8485190AD: Taking a snapshot at:(t:1, i:0) file /home/runner/work/ozone/ozone/hadoop-ozone/integration-test/target/test-dir/MiniOzoneClusterImpl-fa7c201b-b2c9-4d4a-bc80-193480666daa/datanode-5/data/ratis/2349b9e7-06c2-454f-af42-c6c8485190ad/sm/snapshot.1_0
2021-11-11 02:23:50,387 [2eab701e-61f4-497c-969a-5a075b5d9825@group-C6C8485190AD-StateMachineUpdater] INFO  ratis.ContainerStateMachine (ContainerStateMachine.java:takeSnapshot(303)) - group-C6C8485190AD: Finished taking a snapshot at:(t:1, i:0) file:/home/runner/work/ozone/ozone/hadoop-ozone/integration-test/target/test-dir/MiniOzoneClusterImpl-fa7c201b-b2c9-4d4a-bc80-193480666daa/datanode-5/data/ratis/2349b9e7-06c2-454f-af42-c6c8485190ad/sm/snapshot.1_0 took: 1 ms
2021-11-11 02:23:50,387 [2eab701e-61f4-497c-969a-5a075b5d9825@group-C6C8485190AD-StateMachineUpdater] INFO  impl.StateMachineUpdater (StateMachineUpdater.java:takeSnapshot(281)) - 2eab701e-61f4-497c-969a-5a075b5d9825@group-C6C8485190AD-StateMachineUpdater: Took a snapshot at index 0
2021-11-11 02:23:50,388 [2eab701e-61f4-497c-969a-5a075b5d9825@group-C6C8485190AD-StateMachineUpdater] INFO  impl.StateMachineUpdater (StateMachineUpdater.java:lambda$new$0(89)) - 2eab701e-61f4-497c-969a-5a075b5d9825@group-C6C8485190AD-StateMachineUpdater: snapshotIndex: updateIncreasingly -1 -> 0
2021-11-11 02:23:50,388 [Command processor thread] INFO  server.RaftServer$Division (RaftServerImpl.java:groupRemove(382)) - 8ce69a9b-f2ea-4e34-9290-b52812aaba8f@group-91134DBCBA30: Succeed to remove RaftStorageDirectory Storage Directory /home/runner/work/ozone/ozone/hadoop-ozone/integration-test/target/test-dir/MiniOzoneClusterImpl-fa7c201b-b2c9-4d4a-bc80-193480666daa/datanode-4/data/ratis/47b6d99c-b65f-41fb-b5fd-91134dbcba30
2021-11-11 02:23:50,388 [Mini-Cluster-Provider-Reap] INFO  server.RaftServer$Division (ServerState.java:close(419)) - 2eab701e-61f4-497c-969a-5a075b5d9825@group-C6C8485190AD: closes. applyIndex: 0
2021-11-11 02:23:50,388 [2eab701e-61f4-497c-969a-5a075b5d9825@group-C6C8485190AD-SegmentedRaftLogWorker] INFO  segmented.SegmentedRaftLogWorker (SegmentedRaftLogWorker.java:run(327)) - 2eab701e-61f4-497c-969a-5a075b5d9825@group-C6C8485190AD-SegmentedRaftLogWorker was interrupted, exiting. There are 0 tasks remaining in the queue.
2021-11-11 02:23:50,388 [Mini-Cluster-Provider-Reap] INFO  segmented.SegmentedRaftLogWorker (SegmentedRaftLogWorker.java:close(237)) - 2eab701e-61f4-497c-969a-5a075b5d9825@group-C6C8485190AD-SegmentedRaftLogWorker close()
2021-11-11 02:23:50,388 [Command processor thread] INFO  commandhandler.ClosePipelineCommandHandler (ClosePipelineCommandHandler.java:handle(78)) - Close Pipeline PipelineID=47b6d99c-b65f-41fb-b5fd-91134dbcba30 command on datanode 8ce69a9b-f2ea-4e34-9290-b52812aaba8f.
2021-11-11 02:23:50,400 [Mini-Cluster-Provider-Reap] INFO  server.GrpcService (GrpcService.java:closeImpl(262)) - 2eab701e-61f4-497c-969a-5a075b5d9825: shutdown server with port 37311 now
2021-11-11 02:23:50,413 [grpc-default-executor-3] WARN  client.GrpcClientProtocolService (LogUtils.java:warn(122)) - 1-UnorderedRequestStreamObserver1: onError: org.apache.ratis.thirdparty.io.grpc.StatusRuntimeException: CANCELLED: client cancelled
2021-11-11 02:23:50,422 [ContainerReplicationThread-0] INFO  replication.DownloadAndImportReplicator (DownloadAndImportReplicator.java:replicate(107)) - Starting replication of container 4 from [c8f23f42-74be-4190-8774-dbf76800ed63{ip: 10.1.0.58, host: fv-az291-868.wgnan5asplgejimfprtllbpdch.jx.internal.cloudapp.net, ports: [REPLICATION=39159, RATIS=41403, RATIS_ADMIN=41403, RATIS_SERVER=41403, STANDALONE=44585], networkLocation: /default-rack, certSerialId: null, persistedOpState: IN_SERVICE, persistedOpStateExpiryEpochSec: 0}]
2021-11-11 02:23:50,432 [Mini-Cluster-Provider-Reap] INFO  server.GrpcService (GrpcService.java:closeImpl(271)) - 2eab701e-61f4-497c-969a-5a075b5d9825: shutdown server with port 37311 successfully
2021-11-11 02:23:50,432 [org.apache.ratis.util.JvmPauseMonitor$$Lambda$534/2057921032@60a6723a] INFO  util.JvmPauseMonitor (JvmPauseMonitor.java:run(109)) - JvmPauseMonitor-2eab701e-61f4-497c-969a-5a075b5d9825: Stopped
2021-11-11 02:23:50,463 [Mini-Cluster-Provider-Reap] INFO  utils.BackgroundService (BackgroundService.java:shutdown(132)) - Shutting down service BlockDeletingService
2021-11-11 02:23:50,466 [grpc-default-executor-3] INFO  replication.GrpcReplicationService (GrpcReplicationService.java:download(52)) - Streaming container data (4) to other datanode
2021-11-11 02:23:50,539 [grpc-default-executor-3] INFO  replication.GrpcOutputStream (GrpcOutputStream.java:close(104)) - Sent 31325 bytes for container 4
2021-11-11 02:23:50,540 [grpc-default-executor-0] INFO  replication.GrpcReplicationClient (GrpcReplicationClient.java:onCompleted(187)) - Container 4 is downloaded to /home/runner/work/ozone/ozone/hadoop-ozone/integration-test/target/test-dir/MiniOzoneClusterImpl-fa7c201b-b2c9-4d4a-bc80-193480666daa/datanode-4/data/replication/work/container-4.tar.gz
2021-11-11 02:23:50,548 [ContainerReplicationThread-0] INFO  replication.DownloadAndImportReplicator (DownloadAndImportReplicator.java:replicate(122)) - Container 4 is downloaded with size 31325, starting to import.
2021-11-11 02:23:50,609 [ContainerReplicationThread-0] INFO  replication.DownloadAndImportReplicator (DownloadAndImportReplicator.java:replicate(127)) - Container 4 is replicated successfully
2021-11-11 02:23:50,610 [ContainerReplicationThread-0] INFO  replication.ReplicationSupervisor (ReplicationSupervisor.java:run(169)) - Container 4 is replicated.
2021-11-11 02:23:51,330 [ReplicationMonitor] INFO  container.ReplicationManager (ReplicationManager.java:forceCloseContainer(1073)) - Force closing container #2 with BCSID 50, which is in QUASI_CLOSED state.
2021-11-11 02:23:51,330 [ReplicationMonitor] INFO  container.ReplicationManager (ReplicationManager.java:sendCloseCommand(1482)) - Sending close container command for container #2 to datanode df1ddcd8-4ce4-4820-afc9-bcb0b9602ced{ip: 10.1.0.58, host: fv-az291-868.wgnan5asplgejimfprtllbpdch.jx.internal.cloudapp.net, ports: [REPLICATION=36697, RATIS=42723, RATIS_ADMIN=42723, RATIS_SERVER=42723, STANDALONE=44483], networkLocation: /default-rack, certSerialId: null, persistedOpState: IN_SERVICE, persistedOpStateExpiryEpochSec: 0}.
2021-11-11 02:23:51,330 [ReplicationMonitor] INFO  container.ReplicationManager (ReplicationManager.java:sendCloseCommand(1482)) - Sending close container command for container #2 to datanode c8f23f42-74be-4190-8774-dbf76800ed63{ip: 10.1.0.58, host: fv-az291-868.wgnan5asplgejimfprtllbpdch.jx.internal.cloudapp.net, ports: [REPLICATION=39159, RATIS=41403, RATIS_ADMIN=41403, RATIS_SERVER=41403, STANDALONE=44585], networkLocation: /default-rack, certSerialId: null, persistedOpState: IN_SERVICE, persistedOpStateExpiryEpochSec: 0}.
2021-11-11 02:23:51,330 [ReplicationMonitor] INFO  container.ReplicationManager (ReplicationManager.java:forceCloseContainer(1073)) - Force closing container #5 with BCSID 42, which is in QUASI_CLOSED state.
2021-11-11 02:23:51,330 [ReplicationMonitor] INFO  container.ReplicationManager (ReplicationManager.java:sendCloseCommand(1482)) - Sending close container command for container #5 to datanode c8f23f42-74be-4190-8774-dbf76800ed63{ip: 10.1.0.58, host: fv-az291-868.wgnan5asplgejimfprtllbpdch.jx.internal.cloudapp.net, ports: [REPLICATION=39159, RATIS=41403, RATIS_ADMIN=41403, RATIS_SERVER=41403, STANDALONE=44585], networkLocation: /default-rack, certSerialId: null, persistedOpState: IN_SERVICE, persistedOpStateExpiryEpochSec: 0}.
2021-11-11 02:23:51,331 [ReplicationMonitor] INFO  container.ReplicationManager (ReplicationManager.java:sendCloseCommand(1482)) - Sending close container command for container #5 to datanode df1ddcd8-4ce4-4820-afc9-bcb0b9602ced{ip: 10.1.0.58, host: fv-az291-868.wgnan5asplgejimfprtllbpdch.jx.internal.cloudapp.net, ports: [REPLICATION=36697, RATIS=42723, RATIS_ADMIN=42723, RATIS_SERVER=42723, STANDALONE=44483], networkLocation: /default-rack, certSerialId: null, persistedOpState: IN_SERVICE, persistedOpStateExpiryEpochSec: 0}.
2021-11-11 02:23:51,331 [ReplicationMonitor] INFO  container.ReplicationManager (ReplicationManager.java:forceCloseContainer(1073)) - Force closing container #6 with BCSID 46, which is in QUASI_CLOSED state.
2021-11-11 02:23:51,331 [ReplicationMonitor] INFO  container.ReplicationManager (ReplicationManager.java:sendCloseCommand(1482)) - Sending close container command for container #6 to datanode df1ddcd8-4ce4-4820-afc9-bcb0b9602ced{ip: 10.1.0.58, host: fv-az291-868.wgnan5asplgejimfprtllbpdch.jx.internal.cloudapp.net, ports: [REPLICATION=36697, RATIS=42723, RATIS_ADMIN=42723, RATIS_SERVER=42723, STANDALONE=44483], networkLocation: /default-rack, certSerialId: null, persistedOpState: IN_SERVICE, persistedOpStateExpiryEpochSec: 0}.
2021-11-11 02:23:51,331 [ReplicationMonitor] INFO  container.ReplicationManager (ReplicationManager.java:sendCloseCommand(1482)) - Sending close container command for container #6 to datanode c8f23f42-74be-4190-8774-dbf76800ed63{ip: 10.1.0.58, host: fv-az291-868.wgnan5asplgejimfprtllbpdch.jx.internal.cloudapp.net, ports: [REPLICATION=39159, RATIS=41403, RATIS_ADMIN=41403, RATIS_SERVER=41403, STANDALONE=44585], networkLocation: /default-rack, certSerialId: null, persistedOpState: IN_SERVICE, persistedOpStateExpiryEpochSec: 0}.
2021-11-11 02:23:51,331 [ReplicationMonitor] INFO  container.ReplicationManager (ReplicationManager.java:processAll(371)) - Replication Monitor Thread took 1 milliseconds for processing 6 containers.
2021-11-11 02:23:51,825 [EventQueue-StaleNodeForStaleNodeHandler] INFO  node.StaleNodeHandler (StaleNodeHandler.java:onMessage(58)) - Datanode df1ddcd8-4ce4-4820-afc9-bcb0b9602ced{ip: 10.1.0.58, host: fv-az291-868.wgnan5asplgejimfprtllbpdch.jx.internal.cloudapp.net, ports: [REPLICATION=36697, RATIS=42723, RATIS_ADMIN=42723, RATIS_SERVER=42723, STANDALONE=44483], networkLocation: /default-rack, certSerialId: null, persistedOpState: IN_SERVICE, persistedOpStateExpiryEpochSec: 0} moved to stale state. Finalizing its pipelines [PipelineID=5e09f340-e085-452d-8f88-4755b744b3c3]
2021-11-11 02:23:51,825 [EventQueue-StaleNodeForStaleNodeHandler] INFO  pipeline.PipelineManagerImpl (PipelineManagerImpl.java:closePipeline(349)) - Pipeline Pipeline[ Id: 5e09f340-e085-452d-8f88-4755b744b3c3, Nodes: df1ddcd8-4ce4-4820-afc9-bcb0b9602ced{ip: 10.1.0.58, host: fv-az291-868.wgnan5asplgejimfprtllbpdch.jx.internal.cloudapp.net, ports: [REPLICATION=36697, RATIS=42723, RATIS_ADMIN=42723, RATIS_SERVER=42723, STANDALONE=44483], networkLocation: /default-rack, certSerialId: null, persistedOpState: IN_SERVICE, persistedOpStateExpiryEpochSec: 0}, ReplicationConfig: RATIS/ONE, State:OPEN, leaderId:df1ddcd8-4ce4-4820-afc9-bcb0b9602ced, CreationTimestamp2021-11-11T02:22:53.009Z[Etc/UTC]] moved to CLOSED state
2021-11-11 02:23:51,908 [Command processor thread] INFO  keyvalue.KeyValueContainer (KeyValueContainer.java:flushAndSyncDB(397)) - Container 2 is synced with bcsId 50.
2021-11-11 02:23:51,908 [Command processor thread] INFO  keyvalue.KeyValueContainer (KeyValueContainer.java:flushAndSyncDB(397)) - Container 2 is synced with bcsId 50.
2021-11-11 02:23:51,921 [Command processor thread] INFO  keyvalue.KeyValueContainer (KeyValueContainer.java:close(334)) - Container 2 is closed with bcsId 50.
2021-11-11 02:23:51,922 [Command processor thread] INFO  keyvalue.KeyValueContainer (KeyValueContainer.java:flushAndSyncDB(397)) - Container 5 is synced with bcsId 42.
2021-11-11 02:23:51,922 [Command processor thread] INFO  keyvalue.KeyValueContainer (KeyValueContainer.java:flushAndSyncDB(397)) - Container 5 is synced with bcsId 42.
2021-11-11 02:23:51,924 [EventQueue-IncrementalContainerReportForIncrementalContainerReportHandler] INFO  container.IncrementalContainerReportHandler (AbstractContainerReportHandler.java:updateContainerState(249)) - Moving container #2 to CLOSED state, datanode c8f23f42-74be-4190-8774-dbf76800ed63{ip: 10.1.0.58, host: fv-az291-868.wgnan5asplgejimfprtllbpdch.jx.internal.cloudapp.net, ports: [REPLICATION=39159, RATIS=41403, RATIS_ADMIN=41403, RATIS_SERVER=41403, STANDALONE=44585], networkLocation: /default-rack, certSerialId: null, persistedOpState: IN_SERVICE, persistedOpStateExpiryEpochSec: 0} reported CLOSED replica.
2021-11-11 02:23:51,932 [Command processor thread] INFO  keyvalue.KeyValueContainer (KeyValueContainer.java:close(334)) - Container 5 is closed with bcsId 42.
2021-11-11 02:23:51,933 [EventQueue-IncrementalContainerReportForIncrementalContainerReportHandler] INFO  container.IncrementalContainerReportHandler (AbstractContainerReportHandler.java:updateContainerState(249)) - Moving container #5 to CLOSED state, datanode c8f23f42-74be-4190-8774-dbf76800ed63{ip: 10.1.0.58, host: fv-az291-868.wgnan5asplgejimfprtllbpdch.jx.internal.cloudapp.net, ports: [REPLICATION=39159, RATIS=41403, RATIS_ADMIN=41403, RATIS_SERVER=41403, STANDALONE=44585], networkLocation: /default-rack, certSerialId: null, persistedOpState: IN_SERVICE, persistedOpStateExpiryEpochSec: 0} reported CLOSED replica.
2021-11-11 02:23:51,933 [Command processor thread] INFO  keyvalue.KeyValueContainer (KeyValueContainer.java:flushAndSyncDB(397)) - Container 6 is synced with bcsId 46.
2021-11-11 02:23:51,933 [Command processor thread] INFO  keyvalue.KeyValueContainer (KeyValueContainer.java:flushAndSyncDB(397)) - Container 6 is synced with bcsId 46.
2021-11-11 02:23:51,940 [Command processor thread] INFO  keyvalue.KeyValueContainer (KeyValueContainer.java:close(334)) - Container 6 is closed with bcsId 46.
2021-11-11 02:23:51,941 [EventQueue-IncrementalContainerReportForIncrementalContainerReportHandler] INFO  container.IncrementalContainerReportHandler (AbstractContainerReportHandler.java:updateContainerState(249)) - Moving container #6 to CLOSED state, datanode c8f23f42-74be-4190-8774-dbf76800ed63{ip: 10.1.0.58, host: fv-az291-868.wgnan5asplgejimfprtllbpdch.jx.internal.cloudapp.net, ports: [REPLICATION=39159, RATIS=41403, RATIS_ADMIN=41403, RATIS_SERVER=41403, STANDALONE=44585], networkLocation: /default-rack, certSerialId: null, persistedOpState: IN_SERVICE, persistedOpStateExpiryEpochSec: 0} reported CLOSED replica.
2021-11-11 02:23:52,331 [ReplicationMonitor] INFO  container.ReplicationManager (ReplicationManager.java:processAll(371)) - Replication Monitor Thread took 1 milliseconds for processing 6 containers.
2021-11-11 02:23:52,627 [EventQueue-StaleNodeForStaleNodeHandler] INFO  node.StaleNodeHandler (StaleNodeHandler.java:onMessage(58)) - Datanode 2eab701e-61f4-497c-969a-5a075b5d9825{ip: 10.1.0.58, host: fv-az291-868.wgnan5asplgejimfprtllbpdch.jx.internal.cloudapp.net, ports: [REPLICATION=36923, RATIS=37311, RATIS_ADMIN=37311, RATIS_SERVER=37311, STANDALONE=41763], networkLocation: /default-rack, certSerialId: null, persistedOpState: IN_SERVICE, persistedOpStateExpiryEpochSec: 0} moved to stale state. Finalizing its pipelines [PipelineID=2349b9e7-06c2-454f-af42-c6c8485190ad]
2021-11-11 02:23:52,628 [EventQueue-StaleNodeForStaleNodeHandler] INFO  pipeline.PipelineManagerImpl (PipelineManagerImpl.java:closePipeline(349)) - Pipeline Pipeline[ Id: 2349b9e7-06c2-454f-af42-c6c8485190ad, Nodes: 2eab701e-61f4-497c-969a-5a075b5d9825{ip: 10.1.0.58, host: fv-az291-868.wgnan5asplgejimfprtllbpdch.jx.internal.cloudapp.net, ports: [REPLICATION=36923, RATIS=37311, RATIS_ADMIN=37311, RATIS_SERVER=37311, STANDALONE=41763], networkLocation: /default-rack, certSerialId: null, persistedOpState: IN_MAINTENANCE, persistedOpStateExpiryEpochSec: 0}, ReplicationConfig: RATIS/ONE, State:OPEN, leaderId:2eab701e-61f4-497c-969a-5a075b5d9825, CreationTimestamp2021-11-11T02:23:33.214Z[Etc/UTC]] moved to CLOSED state
2021-11-11 02:23:53,332 [ReplicationMonitor] INFO  container.ReplicationManager (ReplicationManager.java:handleUnderReplicatedContainer(1166)) - Container #2 is under replicated. Expected replica count is 3, but found 2.
2021-11-11 02:23:53,332 [ReplicationMonitor] INFO  container.ReplicationManager (ReplicationManager.java:sendReplicateCommand(1518)) - Sending replicate container command for container #2 to datanode 8ce69a9b-f2ea-4e34-9290-b52812aaba8f{ip: 10.1.0.58, host: fv-az291-868.wgnan5asplgejimfprtllbpdch.jx.internal.cloudapp.net, ports: [REPLICATION=33855, RATIS=37187, RATIS_ADMIN=37187, RATIS_SERVER=37187, STANDALONE=46849], networkLocation: /default-rack, certSerialId: null, persistedOpState: IN_SERVICE, persistedOpStateExpiryEpochSec: 0} from datanodes [c8f23f42-74be-4190-8774-dbf76800ed63{ip: 10.1.0.58, host: fv-az291-868.wgnan5asplgejimfprtllbpdch.jx.internal.cloudapp.net, ports: [REPLICATION=39159, RATIS=41403, RATIS_ADMIN=41403, RATIS_SERVER=41403, STANDALONE=44585], networkLocation: /default-rack, certSerialId: null, persistedOpState: IN_SERVICE, persistedOpStateExpiryEpochSec: 0}]
2021-11-11 02:23:53,332 [ReplicationMonitor] INFO  container.ReplicationManager (ReplicationManager.java:handleUnderReplicatedContainer(1166)) - Container #5 is under replicated. Expected replica count is 3, but found 2.
2021-11-11 02:23:53,333 [ReplicationMonitor] INFO  container.ReplicationManager (ReplicationManager.java:sendReplicateCommand(1518)) - Sending replicate container command for container #5 to datanode 8ce69a9b-f2ea-4e34-9290-b52812aaba8f{ip: 10.1.0.58, host: fv-az291-868.wgnan5asplgejimfprtllbpdch.jx.internal.cloudapp.net, ports: [REPLICATION=33855, RATIS=37187, RATIS_ADMIN=37187, RATIS_SERVER=37187, STANDALONE=46849], networkLocation: /default-rack, certSerialId: null, persistedOpState: IN_SERVICE, persistedOpStateExpiryEpochSec: 0} from datanodes [c8f23f42-74be-4190-8774-dbf76800ed63{ip: 10.1.0.58, host: fv-az291-868.wgnan5asplgejimfprtllbpdch.jx.internal.cloudapp.net, ports: [REPLICATION=39159, RATIS=41403, RATIS_ADMIN=41403, RATIS_SERVER=41403, STANDALONE=44585], networkLocation: /default-rack, certSerialId: null, persistedOpState: IN_SERVICE, persistedOpStateExpiryEpochSec: 0}]
2021-11-11 02:23:53,333 [ReplicationMonitor] INFO  container.ReplicationManager (ReplicationManager.java:handleUnderReplicatedContainer(1166)) - Container #6 is under replicated. Expected replica count is 3, but found 2.
2021-11-11 02:23:53,333 [ReplicationMonitor] INFO  container.ReplicationManager (ReplicationManager.java:sendReplicateCommand(1518)) - Sending replicate container command for container #6 to datanode 8ce69a9b-f2ea-4e34-9290-b52812aaba8f{ip: 10.1.0.58, host: fv-az291-868.wgnan5asplgejimfprtllbpdch.jx.internal.cloudapp.net, ports: [REPLICATION=33855, RATIS=37187, RATIS_ADMIN=37187, RATIS_SERVER=37187, STANDALONE=46849], networkLocation: /default-rack, certSerialId: null, persistedOpState: IN_SERVICE, persistedOpStateExpiryEpochSec: 0} from datanodes [c8f23f42-74be-4190-8774-dbf76800ed63{ip: 10.1.0.58, host: fv-az291-868.wgnan5asplgejimfprtllbpdch.jx.internal.cloudapp.net, ports: [REPLICATION=39159, RATIS=41403, RATIS_ADMIN=41403, RATIS_SERVER=41403, STANDALONE=44585], networkLocation: /default-rack, certSerialId: null, persistedOpState: IN_SERVICE, persistedOpStateExpiryEpochSec: 0}]
2021-11-11 02:23:53,333 [ReplicationMonitor] INFO  container.ReplicationManager (ReplicationManager.java:processAll(371)) - Replication Monitor Thread took 1 milliseconds for processing 6 containers.
2021-11-11 02:23:53,482 [Mini-Cluster-Provider-Reap] INFO  statemachine.DatanodeStateMachine (DatanodeStateMachine.java:stopDaemon(526)) - Ozone container server stopped.
2021-11-11 02:23:53,496 [Mini-Cluster-Provider-Reap] INFO  handler.ContextHandler (ContextHandler.java:doStop(1153)) - Stopped o.e.j.w.WebAppContext@3ce67d40{hddsDatanode,/,null,STOPPED}{jar:file:/home/runner/.m2/repository/org/apache/ozone/hdds-container-service/1.2.0-SNAPSHOT/hdds-container-service-1.2.0-SNAPSHOT.jar!/webapps/hddsDatanode}
2021-11-11 02:23:53,501 [Mini-Cluster-Provider-Reap] INFO  server.AbstractConnector (AbstractConnector.java:doStop(381)) - Stopped ServerConnector@655a3f19{HTTP/1.1, (http/1.1)}{0.0.0.0:0}
2021-11-11 02:23:53,502 [Mini-Cluster-Provider-Reap] INFO  server.session (HouseKeeper.java:stopScavenging(149)) - node0 Stopped scavenging
2021-11-11 02:23:53,502 [Mini-Cluster-Provider-Reap] INFO  handler.ContextHandler (ContextHandler.java:doStop(1153)) - Stopped o.e.j.s.ServletContextHandler@5fe1678f{static,/static,jar:file:/home/runner/.m2/repository/org/apache/ozone/hdds-container-service/1.2.0-SNAPSHOT/hdds-container-service-1.2.0-SNAPSHOT.jar!/webapps/static,STOPPED}
2021-11-11 02:23:53,502 [Mini-Cluster-Provider-Reap] INFO  handler.ContextHandler (ContextHandler.java:doStop(1153)) - Stopped o.e.j.s.ServletContextHandler@561c022f{logs,/logs,file:///home/runner/work/ozone/ozone/hadoop-ozone/integration-test/target/log,STOPPED}
2021-11-11 02:23:54,335 [ReplicationMonitor] INFO  container.ReplicationManager (ReplicationManager.java:processAll(371)) - Replication Monitor Thread took 1 milliseconds for processing 6 containers.
2021-11-11 02:23:54,546 [ForkJoinPool.commonPool-worker-1] INFO  ozoneimpl.OzoneContainer (OzoneContainer.java:stop(325)) - Attempting to stop container services.
2021-11-11 02:23:54,546 [ForkJoinPool.commonPool-worker-1] INFO  server.RaftServer (RaftServerProxy.java:lambda$close$6(391)) - df1ddcd8-4ce4-4820-afc9-bcb0b9602ced: close
2021-11-11 02:23:54,547 [ForkJoinPool.commonPool-worker-1] INFO  server.RaftServer$Division (RaftServerImpl.java:lambda$close$4(412)) - df1ddcd8-4ce4-4820-afc9-bcb0b9602ced@group-4755B744B3C3: shutdown
2021-11-11 02:23:54,547 [ForkJoinPool.commonPool-worker-1] INFO  util.JmxRegister (JmxRegister.java:unregister(73)) - Successfully un-registered JMX Bean with object name Ratis:service=RaftServer,group=group-4755B744B3C3,id=df1ddcd8-4ce4-4820-afc9-bcb0b9602ced
2021-11-11 02:23:54,547 [ForkJoinPool.commonPool-worker-1] INFO  impl.RoleInfo (RoleInfo.java:shutdownLeaderState(91)) - df1ddcd8-4ce4-4820-afc9-bcb0b9602ced: shutdown df1ddcd8-4ce4-4820-afc9-bcb0b9602ced@group-4755B744B3C3-LeaderStateImpl
2021-11-11 02:23:54,547 [ForkJoinPool.commonPool-worker-1] INFO  impl.PendingRequests (PendingRequests.java:sendNotLeaderResponses(282)) - df1ddcd8-4ce4-4820-afc9-bcb0b9602ced@group-4755B744B3C3-PendingRequests: sendNotLeaderResponses
2021-11-11 02:23:54,548 [ForkJoinPool.commonPool-worker-1] INFO  impl.StateMachineUpdater (StateMachineUpdater.java:stopAndJoin(149)) - df1ddcd8-4ce4-4820-afc9-bcb0b9602ced@group-4755B744B3C3-StateMachineUpdater: set stopIndex = 0
2021-11-11 02:23:54,548 [df1ddcd8-4ce4-4820-afc9-bcb0b9602ced@group-4755B744B3C3-StateMachineUpdater] INFO  ratis.ContainerStateMachine (ContainerStateMachine.java:takeSnapshot(292)) - group-4755B744B3C3: Taking a snapshot at:(t:1, i:0) file /home/runner/work/ozone/ozone/hadoop-ozone/integration-test/target/test-dir/MiniOzoneClusterImpl-fa7c201b-b2c9-4d4a-bc80-193480666daa/datanode-2/data/ratis/5e09f340-e085-452d-8f88-4755b744b3c3/sm/snapshot.1_0
2021-11-11 02:23:54,550 [df1ddcd8-4ce4-4820-afc9-bcb0b9602ced@group-4755B744B3C3-StateMachineUpdater] INFO  ratis.ContainerStateMachine (ContainerStateMachine.java:takeSnapshot(303)) - group-4755B744B3C3: Finished taking a snapshot at:(t:1, i:0) file:/home/runner/work/ozone/ozone/hadoop-ozone/integration-test/target/test-dir/MiniOzoneClusterImpl-fa7c201b-b2c9-4d4a-bc80-193480666daa/datanode-2/data/ratis/5e09f340-e085-452d-8f88-4755b744b3c3/sm/snapshot.1_0 took: 2 ms
2021-11-11 02:23:54,550 [df1ddcd8-4ce4-4820-afc9-bcb0b9602ced@group-4755B744B3C3-StateMachineUpdater] INFO  impl.StateMachineUpdater (StateMachineUpdater.java:takeSnapshot(281)) - df1ddcd8-4ce4-4820-afc9-bcb0b9602ced@group-4755B744B3C3-StateMachineUpdater: Took a snapshot at index 0
2021-11-11 02:23:54,550 [df1ddcd8-4ce4-4820-afc9-bcb0b9602ced@group-4755B744B3C3-StateMachineUpdater] INFO  impl.StateMachineUpdater (StateMachineUpdater.java:lambda$new$0(89)) - df1ddcd8-4ce4-4820-afc9-bcb0b9602ced@group-4755B744B3C3-StateMachineUpdater: snapshotIndex: updateIncreasingly -1 -> 0
2021-11-11 02:23:54,551 [ForkJoinPool.commonPool-worker-1] INFO  server.RaftServer$Division (ServerState.java:close(419)) - df1ddcd8-4ce4-4820-afc9-bcb0b9602ced@group-4755B744B3C3: closes. applyIndex: 0
2021-11-11 02:23:54,551 [df1ddcd8-4ce4-4820-afc9-bcb0b9602ced@group-4755B744B3C3-SegmentedRaftLogWorker] INFO  segmented.SegmentedRaftLogWorker (SegmentedRaftLogWorker.java:run(327)) - df1ddcd8-4ce4-4820-afc9-bcb0b9602ced@group-4755B744B3C3-SegmentedRaftLogWorker was interrupted, exiting. There are 0 tasks remaining in the queue.
2021-11-11 02:23:54,552 [ForkJoinPool.commonPool-worker-1] INFO  segmented.SegmentedRaftLogWorker (SegmentedRaftLogWorker.java:close(237)) - df1ddcd8-4ce4-4820-afc9-bcb0b9602ced@group-4755B744B3C3-SegmentedRaftLogWorker close()
2021-11-11 02:23:54,552 [ForkJoinPool.commonPool-worker-1] INFO  server.GrpcService (GrpcService.java:closeImpl(262)) - df1ddcd8-4ce4-4820-afc9-bcb0b9602ced: shutdown server with port 42723 now
2021-11-11 02:23:54,552 [ForkJoinPool.commonPool-worker-1] INFO  server.GrpcService (GrpcService.java:closeImpl(271)) - df1ddcd8-4ce4-4820-afc9-bcb0b9602ced: shutdown server with port 42723 successfully
2021-11-11 02:23:54,555 [org.apache.ratis.util.JvmPauseMonitor$$Lambda$534/2057921032@715d0359] INFO  util.JvmPauseMonitor (JvmPauseMonitor.java:run(109)) - JvmPauseMonitor-df1ddcd8-4ce4-4820-afc9-bcb0b9602ced: Stopped
2021-11-11 02:23:54,561 [ForkJoinPool.commonPool-worker-1] INFO  utils.BackgroundService (BackgroundService.java:shutdown(132)) - Shutting down service BlockDeletingService
2021-11-11 02:23:54,848 [EventQueue-DeadNodeForDeadNodeHandler] INFO  node.DeadNodeHandler (DeadNodeHandler.java:onMessage(80)) - A dead datanode is detected. df1ddcd8-4ce4-4820-afc9-bcb0b9602ced{ip: 10.1.0.58, host: fv-az291-868.wgnan5asplgejimfprtllbpdch.jx.internal.cloudapp.net, ports: [REPLICATION=36697, RATIS=42723, RATIS_ADMIN=42723, RATIS_SERVER=42723, STANDALONE=44483], networkLocation: /default-rack, certSerialId: null, persistedOpState: IN_SERVICE, persistedOpStateExpiryEpochSec: 0}
2021-11-11 02:23:54,848 [EventQueue-DeadNodeForDeadNodeHandler] INFO  pipeline.RatisPipelineProvider (RatisPipelineProvider.java:lambda$close$1(222)) - Send pipeline:PipelineID=5e09f340-e085-452d-8f88-4755b744b3c3 close command to datanode df1ddcd8-4ce4-4820-afc9-bcb0b9602ced
2021-11-11 02:23:54,848 [EventQueue-DeadNodeForDeadNodeHandler] INFO  pipeline.PipelineStateManagerImpl (PipelineStateManagerImpl.java:removePipeline(223)) - Pipeline Pipeline[ Id: 5e09f340-e085-452d-8f88-4755b744b3c3, Nodes: df1ddcd8-4ce4-4820-afc9-bcb0b9602ced{ip: 10.1.0.58, host: fv-az291-868.wgnan5asplgejimfprtllbpdch.jx.internal.cloudapp.net, ports: [REPLICATION=36697, RATIS=42723, RATIS_ADMIN=42723, RATIS_SERVER=42723, STANDALONE=44483], networkLocation: /default-rack, certSerialId: null, persistedOpState: IN_SERVICE, persistedOpStateExpiryEpochSec: 0}, ReplicationConfig: RATIS/ONE, State:CLOSED, leaderId:df1ddcd8-4ce4-4820-afc9-bcb0b9602ced, CreationTimestamp2021-11-11T02:22:53.009Z[Etc/UTC]] removed.
2021-11-11 02:23:54,849 [EventQueue-DeadNodeForDeadNodeHandler] INFO  net.NetworkTopologyImpl (NetworkTopologyImpl.java:remove(137)) - Removed a node: /default-rack/df1ddcd8-4ce4-4820-afc9-bcb0b9602ced
2021-11-11 02:23:55,335 [ReplicationMonitor] ERROR scm.SCMCommonPlacementPolicy (SCMCommonPlacementPolicy.java:chooseDatanodes(140)) - No healthy node found to allocate container.
2021-11-11 02:23:55,335 [ReplicationMonitor] WARN  container.ReplicationManager (ReplicationManager.java:handleUnderReplicatedContainer(1199)) - Exception while replicating container 2.
org.apache.hadoop.hdds.scm.exceptions.SCMException: No healthy node found to allocate container.
	at org.apache.hadoop.hdds.scm.SCMCommonPlacementPolicy.chooseDatanodes(SCMCommonPlacementPolicy.java:141)
	at org.apache.hadoop.hdds.scm.container.placement.algorithms.SCMContainerPlacementRandom.chooseDatanodes(SCMContainerPlacementRandom.java:78)
	at org.apache.hadoop.hdds.scm.container.ReplicationManager.handleUnderReplicatedContainer(ReplicationManager.java:1163)
	at org.apache.hadoop.hdds.scm.container.ReplicationManager.processContainer(ReplicationManager.java:519)
	at java.util.ArrayList.forEach(ArrayList.java:1259)
	at org.apache.hadoop.hdds.scm.container.ReplicationManager.processAll(ReplicationManager.java:369)
	at org.apache.hadoop.hdds.scm.container.ReplicationManager.run(ReplicationManager.java:383)
	at java.lang.Thread.run(Thread.java:748)
2021-11-11 02:23:55,363 [ReplicationMonitor] ERROR scm.SCMCommonPlacementPolicy (SCMCommonPlacementPolicy.java:chooseDatanodes(140)) - No healthy node found to allocate container.
2021-11-11 02:23:55,363 [ReplicationMonitor] WARN  container.ReplicationManager (ReplicationManager.java:handleUnderReplicatedContainer(1199)) - Exception while replicating container 5.
org.apache.hadoop.hdds.scm.exceptions.SCMException: No healthy node found to allocate container.
	at org.apache.hadoop.hdds.scm.SCMCommonPlacementPolicy.chooseDatanodes(SCMCommonPlacementPolicy.java:141)
	at org.apache.hadoop.hdds.scm.container.placement.algorithms.SCMContainerPlacementRandom.chooseDatanodes(SCMContainerPlacementRandom.java:78)
	at org.apache.hadoop.hdds.scm.container.ReplicationManager.handleUnderReplicatedContainer(ReplicationManager.java:1163)
	at org.apache.hadoop.hdds.scm.container.ReplicationManager.processContainer(ReplicationManager.java:519)
	at java.util.ArrayList.forEach(ArrayList.java:1259)
	at org.apache.hadoop.hdds.scm.container.ReplicationManager.processAll(ReplicationManager.java:369)
	at org.apache.hadoop.hdds.scm.container.ReplicationManager.run(ReplicationManager.java:383)
	at java.lang.Thread.run(Thread.java:748)
2021-11-11 02:23:55,363 [ReplicationMonitor] ERROR scm.SCMCommonPlacementPolicy (SCMCommonPlacementPolicy.java:chooseDatanodes(140)) - No healthy node found to allocate container.
2021-11-11 02:23:55,363 [ReplicationMonitor] WARN  container.ReplicationManager (ReplicationManager.java:handleUnderReplicatedContainer(1199)) - Exception while replicating container 6.
org.apache.hadoop.hdds.scm.exceptions.SCMException: No healthy node found to allocate container.
	at org.apache.hadoop.hdds.scm.SCMCommonPlacementPolicy.chooseDatanodes(SCMCommonPlacementPolicy.java:141)
	at org.apache.hadoop.hdds.scm.container.placement.algorithms.SCMContainerPlacementRandom.chooseDatanodes(SCMContainerPlacementRandom.java:78)
	at org.apache.hadoop.hdds.scm.container.ReplicationManager.handleUnderReplicatedContainer(ReplicationManager.java:1163)
	at org.apache.hadoop.hdds.scm.container.ReplicationManager.processContainer(ReplicationManager.java:519)
	at java.util.ArrayList.forEach(ArrayList.java:1259)
	at org.apache.hadoop.hdds.scm.container.ReplicationManager.processAll(ReplicationManager.java:369)
	at org.apache.hadoop.hdds.scm.container.ReplicationManager.run(ReplicationManager.java:383)
	at java.lang.Thread.run(Thread.java:748)
2021-11-11 02:23:55,364 [ReplicationMonitor] INFO  container.ReplicationManager (ReplicationManager.java:processAll(371)) - Replication Monitor Thread took 29 milliseconds for processing 6 containers.
2021-11-11 02:23:55,656 [EventQueue-DeadNodeForDeadNodeHandler] INFO  node.DeadNodeHandler (DeadNodeHandler.java:onMessage(80)) - A dead datanode is detected. 2eab701e-61f4-497c-969a-5a075b5d9825{ip: 10.1.0.58, host: fv-az291-868.wgnan5asplgejimfprtllbpdch.jx.internal.cloudapp.net, ports: [REPLICATION=36923, RATIS=37311, RATIS_ADMIN=37311, RATIS_SERVER=37311, STANDALONE=41763], networkLocation: /default-rack, certSerialId: null, persistedOpState: IN_SERVICE, persistedOpStateExpiryEpochSec: 0}
2021-11-11 02:23:55,656 [EventQueue-DeadNodeForDeadNodeHandler] INFO  pipeline.RatisPipelineProvider (RatisPipelineProvider.java:lambda$close$1(222)) - Send pipeline:PipelineID=2349b9e7-06c2-454f-af42-c6c8485190ad close command to datanode 2eab701e-61f4-497c-969a-5a075b5d9825
2021-11-11 02:23:55,656 [EventQueue-DeadNodeForDeadNodeHandler] INFO  pipeline.PipelineStateManagerImpl (PipelineStateManagerImpl.java:removePipeline(223)) - Pipeline Pipeline[ Id: 2349b9e7-06c2-454f-af42-c6c8485190ad, Nodes: 2eab701e-61f4-497c-969a-5a075b5d9825{ip: 10.1.0.58, host: fv-az291-868.wgnan5asplgejimfprtllbpdch.jx.internal.cloudapp.net, ports: [REPLICATION=36923, RATIS=37311, RATIS_ADMIN=37311, RATIS_SERVER=37311, STANDALONE=41763], networkLocation: /default-rack, certSerialId: null, persistedOpState: IN_MAINTENANCE, persistedOpStateExpiryEpochSec: 0}, ReplicationConfig: RATIS/ONE, State:CLOSED, leaderId:2eab701e-61f4-497c-969a-5a075b5d9825, CreationTimestamp2021-11-11T02:23:33.214Z[Etc/UTC]] removed.
2021-11-11 02:23:55,657 [EventQueue-DeadNodeForDeadNodeHandler] INFO  net.NetworkTopologyImpl (NetworkTopologyImpl.java:remove(137)) - Removed a node: /default-rack/2eab701e-61f4-497c-969a-5a075b5d9825
2021-11-11 02:23:55,657 [EventQueue-StaleNodeForStaleNodeHandler] INFO  node.StaleNodeHandler (StaleNodeHandler.java:onMessage(58)) - Datanode 8ce69a9b-f2ea-4e34-9290-b52812aaba8f{ip: 10.1.0.58, host: fv-az291-868.wgnan5asplgejimfprtllbpdch.jx.internal.cloudapp.net, ports: [REPLICATION=33855, RATIS=37187, RATIS_ADMIN=37187, RATIS_SERVER=37187, STANDALONE=46849], networkLocation: /default-rack, certSerialId: null, persistedOpState: IN_SERVICE, persistedOpStateExpiryEpochSec: 0} moved to stale state. Finalizing its pipelines [PipelineID=6bd761f0-1b76-47f2-92c3-8733e1e3c7d4]
2021-11-11 02:23:55,657 [EventQueue-StaleNodeForStaleNodeHandler] INFO  pipeline.PipelineManagerImpl (PipelineManagerImpl.java:closePipeline(349)) - Pipeline Pipeline[ Id: 6bd761f0-1b76-47f2-92c3-8733e1e3c7d4, Nodes: 8ce69a9b-f2ea-4e34-9290-b52812aaba8f{ip: 10.1.0.58, host: fv-az291-868.wgnan5asplgejimfprtllbpdch.jx.internal.cloudapp.net, ports: [REPLICATION=33855, RATIS=37187, RATIS_ADMIN=37187, RATIS_SERVER=37187, STANDALONE=46849], networkLocation: /default-rack, certSerialId: null, persistedOpState: IN_MAINTENANCE, persistedOpStateExpiryEpochSec: 0}, ReplicationConfig: RATIS/ONE, State:OPEN, leaderId:8ce69a9b-f2ea-4e34-9290-b52812aaba8f, CreationTimestamp2021-11-11T02:23:33.216Z[Etc/UTC]] moved to CLOSED state
2021-11-11 02:23:56,364 [ReplicationMonitor] ERROR scm.SCMCommonPlacementPolicy (SCMCommonPlacementPolicy.java:chooseDatanodes(140)) - No healthy node found to allocate container.
2021-11-11 02:23:56,364 [ReplicationMonitor] WARN  container.ReplicationManager (ReplicationManager.java:handleUnderReplicatedContainer(1199)) - Exception while replicating container 1.
org.apache.hadoop.hdds.scm.exceptions.SCMException: No healthy node found to allocate container.
	at org.apache.hadoop.hdds.scm.SCMCommonPlacementPolicy.chooseDatanodes(SCMCommonPlacementPolicy.java:141)
	at org.apache.hadoop.hdds.scm.container.placement.algorithms.SCMContainerPlacementRandom.chooseDatanodes(SCMContainerPlacementRandom.java:78)
	at org.apache.hadoop.hdds.scm.container.ReplicationManager.handleUnderReplicatedContainer(ReplicationManager.java:1163)
	at org.apache.hadoop.hdds.scm.container.ReplicationManager.processContainer(ReplicationManager.java:519)
	at java.util.ArrayList.forEach(ArrayList.java:1259)
	at org.apache.hadoop.hdds.scm.container.ReplicationManager.processAll(ReplicationManager.java:369)
	at org.apache.hadoop.hdds.scm.container.ReplicationManager.run(ReplicationManager.java:383)
	at java.lang.Thread.run(Thread.java:748)
2021-11-11 02:23:56,365 [ReplicationMonitor] ERROR scm.SCMCommonPlacementPolicy (SCMCommonPlacementPolicy.java:chooseDatanodes(140)) - No healthy node found to allocate container.
2021-11-11 02:23:56,365 [ReplicationMonitor] WARN  container.ReplicationManager (ReplicationManager.java:handleUnderReplicatedContainer(1199)) - Exception while replicating container 2.
org.apache.hadoop.hdds.scm.exceptions.SCMException: No healthy node found to allocate container.
	at org.apache.hadoop.hdds.scm.SCMCommonPlacementPolicy.chooseDatanodes(SCMCommonPlacementPolicy.java:141)
	at org.apache.hadoop.hdds.scm.container.placement.algorithms.SCMContainerPlacementRandom.chooseDatanodes(SCMContainerPlacementRandom.java:78)
	at org.apache.hadoop.hdds.scm.container.ReplicationManager.handleUnderReplicatedContainer(ReplicationManager.java:1163)
	at org.apache.hadoop.hdds.scm.container.ReplicationManager.processContainer(ReplicationManager.java:519)
	at java.util.ArrayList.forEach(ArrayList.java:1259)
	at org.apache.hadoop.hdds.scm.container.ReplicationManager.processAll(ReplicationManager.java:369)
	at org.apache.hadoop.hdds.scm.container.ReplicationManager.run(ReplicationManager.java:383)
	at java.lang.Thread.run(Thread.java:748)
2021-11-11 02:23:56,367 [ReplicationMonitor] ERROR scm.SCMCommonPlacementPolicy (SCMCommonPlacementPolicy.java:chooseDatanodes(140)) - No healthy node found to allocate container.
2021-11-11 02:23:56,367 [ReplicationMonitor] WARN  container.ReplicationManager (ReplicationManager.java:handleUnderReplicatedContainer(1199)) - Exception while replicating container 3.
org.apache.hadoop.hdds.scm.exceptions.SCMException: No healthy node found to allocate container.
	at org.apache.hadoop.hdds.scm.SCMCommonPlacementPolicy.chooseDatanodes(SCMCommonPlacementPolicy.java:141)
	at org.apache.hadoop.hdds.scm.container.placement.algorithms.SCMContainerPlacementRandom.chooseDatanodes(SCMContainerPlacementRandom.java:78)
	at org.apache.hadoop.hdds.scm.container.ReplicationManager.handleUnderReplicatedContainer(ReplicationManager.java:1163)
	at org.apache.hadoop.hdds.scm.container.ReplicationManager.processContainer(ReplicationManager.java:519)
	at java.util.ArrayList.forEach(ArrayList.java:1259)
	at org.apache.hadoop.hdds.scm.container.ReplicationManager.processAll(ReplicationManager.java:369)
	at org.apache.hadoop.hdds.scm.container.ReplicationManager.run(ReplicationManager.java:383)
	at java.lang.Thread.run(Thread.java:748)
2021-11-11 02:23:56,367 [ReplicationMonitor] ERROR scm.SCMCommonPlacementPolicy (SCMCommonPlacementPolicy.java:chooseDatanodes(140)) - No healthy node found to allocate container.
2021-11-11 02:23:56,367 [ReplicationMonitor] WARN  container.ReplicationManager (ReplicationManager.java:handleUnderReplicatedContainer(1199)) - Exception while replicating container 4.
org.apache.hadoop.hdds.scm.exceptions.SCMException: No healthy node found to allocate container.
	at org.apache.hadoop.hdds.scm.SCMCommonPlacementPolicy.chooseDatanodes(SCMCommonPlacementPolicy.java:141)
	at org.apache.hadoop.hdds.scm.container.placement.algorithms.SCMContainerPlacementRandom.chooseDatanodes(SCMContainerPlacementRandom.java:78)
	at org.apache.hadoop.hdds.scm.container.ReplicationManager.handleUnderReplicatedContainer(ReplicationManager.java:1163)
	at org.apache.hadoop.hdds.scm.container.ReplicationManager.processContainer(ReplicationManager.java:519)
	at java.util.ArrayList.forEach(ArrayList.java:1259)
	at org.apache.hadoop.hdds.scm.container.ReplicationManager.processAll(ReplicationManager.java:369)
	at org.apache.hadoop.hdds.scm.container.ReplicationManager.run(ReplicationManager.java:383)
	at java.lang.Thread.run(Thread.java:748)
2021-11-11 02:23:56,367 [ReplicationMonitor] ERROR scm.SCMCommonPlacementPolicy (SCMCommonPlacementPolicy.java:chooseDatanodes(140)) - No healthy node found to allocate container.
2021-11-11 02:23:56,367 [ReplicationMonitor] WARN  container.ReplicationManager (ReplicationManager.java:handleUnderReplicatedContainer(1199)) - Exception while replicating container 5.
org.apache.hadoop.hdds.scm.exceptions.SCMException: No healthy node found to allocate container.
	at org.apache.hadoop.hdds.scm.SCMCommonPlacementPolicy.chooseDatanodes(SCMCommonPlacementPolicy.java:141)
	at org.apache.hadoop.hdds.scm.container.placement.algorithms.SCMContainerPlacementRandom.chooseDatanodes(SCMContainerPlacementRandom.java:78)
	at org.apache.hadoop.hdds.scm.container.ReplicationManager.handleUnderReplicatedContainer(ReplicationManager.java:1163)
	at org.apache.hadoop.hdds.scm.container.ReplicationManager.processContainer(ReplicationManager.java:519)
	at java.util.ArrayList.forEach(ArrayList.java:1259)
	at org.apache.hadoop.hdds.scm.container.ReplicationManager.processAll(ReplicationManager.java:369)
	at org.apache.hadoop.hdds.scm.container.ReplicationManager.run(ReplicationManager.java:383)
	at java.lang.Thread.run(Thread.java:748)
2021-11-11 02:23:56,368 [ReplicationMonitor] ERROR scm.SCMCommonPlacementPolicy (SCMCommonPlacementPolicy.java:chooseDatanodes(140)) - No healthy node found to allocate container.
2021-11-11 02:23:56,368 [ReplicationMonitor] WARN  container.ReplicationManager (ReplicationManager.java:handleUnderReplicatedContainer(1199)) - Exception while replicating container 6.
org.apache.hadoop.hdds.scm.exceptions.SCMException: No healthy node found to allocate container.
	at org.apache.hadoop.hdds.scm.SCMCommonPlacementPolicy.chooseDatanodes(SCMCommonPlacementPolicy.java:141)
	at org.apache.hadoop.hdds.scm.container.placement.algorithms.SCMContainerPlacementRandom.chooseDatanodes(SCMContainerPlacementRandom.java:78)
	at org.apache.hadoop.hdds.scm.container.ReplicationManager.handleUnderReplicatedContainer(ReplicationManager.java:1163)
	at org.apache.hadoop.hdds.scm.container.ReplicationManager.processContainer(ReplicationManager.java:519)
	at java.util.ArrayList.forEach(ArrayList.java:1259)
	at org.apache.hadoop.hdds.scm.container.ReplicationManager.processAll(ReplicationManager.java:369)
	at org.apache.hadoop.hdds.scm.container.ReplicationManager.run(ReplicationManager.java:383)
	at java.lang.Thread.run(Thread.java:748)
2021-11-11 02:23:56,368 [ReplicationMonitor] INFO  container.ReplicationManager (ReplicationManager.java:processAll(371)) - Replication Monitor Thread took 4 milliseconds for processing 6 containers.
2021-11-11 02:23:57,368 [ReplicationMonitor] ERROR scm.SCMCommonPlacementPolicy (SCMCommonPlacementPolicy.java:chooseDatanodes(140)) - No healthy node found to allocate container.
2021-11-11 02:23:57,368 [ReplicationMonitor] WARN  container.ReplicationManager (ReplicationManager.java:handleUnderReplicatedContainer(1199)) - Exception while replicating container 1.
org.apache.hadoop.hdds.scm.exceptions.SCMException: No healthy node found to allocate container.
	at org.apache.hadoop.hdds.scm.SCMCommonPlacementPolicy.chooseDatanodes(SCMCommonPlacementPolicy.java:141)
	at org.apache.hadoop.hdds.scm.container.placement.algorithms.SCMContainerPlacementRandom.chooseDatanodes(SCMContainerPlacementRandom.java:78)
	at org.apache.hadoop.hdds.scm.container.ReplicationManager.handleUnderReplicatedContainer(ReplicationManager.java:1163)
	at org.apache.hadoop.hdds.scm.container.ReplicationManager.processContainer(ReplicationManager.java:519)
	at java.util.ArrayList.forEach(ArrayList.java:1259)
	at org.apache.hadoop.hdds.scm.container.ReplicationManager.processAll(ReplicationManager.java:369)
	at org.apache.hadoop.hdds.scm.container.ReplicationManager.run(ReplicationManager.java:383)
	at java.lang.Thread.run(Thread.java:748)
2021-11-11 02:23:57,369 [ReplicationMonitor] ERROR scm.SCMCommonPlacementPolicy (SCMCommonPlacementPolicy.java:chooseDatanodes(140)) - No healthy node found to allocate container.
2021-11-11 02:23:57,369 [ReplicationMonitor] WARN  container.ReplicationManager (ReplicationManager.java:handleUnderReplicatedContainer(1199)) - Exception while replicating container 2.
org.apache.hadoop.hdds.scm.exceptions.SCMException: No healthy node found to allocate container.
	at org.apache.hadoop.hdds.scm.SCMCommonPlacementPolicy.chooseDatanodes(SCMCommonPlacementPolicy.java:141)
	at org.apache.hadoop.hdds.scm.container.placement.algorithms.SCMContainerPlacementRandom.chooseDatanodes(SCMContainerPlacementRandom.java:78)
	at org.apache.hadoop.hdds.scm.container.ReplicationManager.handleUnderReplicatedContainer(ReplicationManager.java:1163)
	at org.apache.hadoop.hdds.scm.container.ReplicationManager.processContainer(ReplicationManager.java:519)
	at java.util.ArrayList.forEach(ArrayList.java:1259)
	at org.apache.hadoop.hdds.scm.container.ReplicationManager.processAll(ReplicationManager.java:369)
	at org.apache.hadoop.hdds.scm.container.ReplicationManager.run(ReplicationManager.java:383)
	at java.lang.Thread.run(Thread.java:748)
2021-11-11 02:23:57,369 [ReplicationMonitor] ERROR scm.SCMCommonPlacementPolicy (SCMCommonPlacementPolicy.java:chooseDatanodes(140)) - No healthy node found to allocate container.
2021-11-11 02:23:57,369 [ReplicationMonitor] WARN  container.ReplicationManager (ReplicationManager.java:handleUnderReplicatedContainer(1199)) - Exception while replicating container 3.
org.apache.hadoop.hdds.scm.exceptions.SCMException: No healthy node found to allocate container.
	at org.apache.hadoop.hdds.scm.SCMCommonPlacementPolicy.chooseDatanodes(SCMCommonPlacementPolicy.java:141)
	at org.apache.hadoop.hdds.scm.container.placement.algorithms.SCMContainerPlacementRandom.chooseDatanodes(SCMContainerPlacementRandom.java:78)
	at org.apache.hadoop.hdds.scm.container.ReplicationManager.handleUnderReplicatedContainer(ReplicationManager.java:1163)
	at org.apache.hadoop.hdds.scm.container.ReplicationManager.processContainer(ReplicationManager.java:519)
	at java.util.ArrayList.forEach(ArrayList.java:1259)
	at org.apache.hadoop.hdds.scm.container.ReplicationManager.processAll(ReplicationManager.java:369)
	at org.apache.hadoop.hdds.scm.container.ReplicationManager.run(ReplicationManager.java:383)
	at java.lang.Thread.run(Thread.java:748)
2021-11-11 02:23:57,369 [ReplicationMonitor] ERROR scm.SCMCommonPlacementPolicy (SCMCommonPlacementPolicy.java:chooseDatanodes(140)) - No healthy node found to allocate container.
2021-11-11 02:23:57,369 [ReplicationMonitor] WARN  container.ReplicationManager (ReplicationManager.java:handleUnderReplicatedContainer(1199)) - Exception while replicating container 4.
org.apache.hadoop.hdds.scm.exceptions.SCMException: No healthy node found to allocate container.
	at org.apache.hadoop.hdds.scm.SCMCommonPlacementPolicy.chooseDatanodes(SCMCommonPlacementPolicy.java:141)
	at org.apache.hadoop.hdds.scm.container.placement.algorithms.SCMContainerPlacementRandom.chooseDatanodes(SCMContainerPlacementRandom.java:78)
	at org.apache.hadoop.hdds.scm.container.ReplicationManager.handleUnderReplicatedContainer(ReplicationManager.java:1163)
	at org.apache.hadoop.hdds.scm.container.ReplicationManager.processContainer(ReplicationManager.java:519)
	at java.util.ArrayList.forEach(ArrayList.java:1259)
	at org.apache.hadoop.hdds.scm.container.ReplicationManager.processAll(ReplicationManager.java:369)
	at org.apache.hadoop.hdds.scm.container.ReplicationManager.run(ReplicationManager.java:383)
	at java.lang.Thread.run(Thread.java:748)
2021-11-11 02:23:57,369 [ReplicationMonitor] ERROR scm.SCMCommonPlacementPolicy (SCMCommonPlacementPolicy.java:chooseDatanodes(140)) - No healthy node found to allocate container.
2021-11-11 02:23:57,369 [ReplicationMonitor] WARN  container.ReplicationManager (ReplicationManager.java:handleUnderReplicatedContainer(1199)) - Exception while replicating container 5.
org.apache.hadoop.hdds.scm.exceptions.SCMException: No healthy node found to allocate container.
	at org.apache.hadoop.hdds.scm.SCMCommonPlacementPolicy.chooseDatanodes(SCMCommonPlacementPolicy.java:141)
	at org.apache.hadoop.hdds.scm.container.placement.algorithms.SCMContainerPlacementRandom.chooseDatanodes(SCMContainerPlacementRandom.java:78)
	at org.apache.hadoop.hdds.scm.container.ReplicationManager.handleUnderReplicatedContainer(ReplicationManager.java:1163)
	at org.apache.hadoop.hdds.scm.container.ReplicationManager.processContainer(ReplicationManager.java:519)
	at java.util.ArrayList.forEach(ArrayList.java:1259)
	at org.apache.hadoop.hdds.scm.container.ReplicationManager.processAll(ReplicationManager.java:369)
	at org.apache.hadoop.hdds.scm.container.ReplicationManager.run(ReplicationManager.java:383)
	at java.lang.Thread.run(Thread.java:748)
2021-11-11 02:23:57,370 [ReplicationMonitor] ERROR scm.SCMCommonPlacementPolicy (SCMCommonPlacementPolicy.java:chooseDatanodes(140)) - No healthy node found to allocate container.
2021-11-11 02:23:57,370 [ReplicationMonitor] WARN  container.ReplicationManager (ReplicationManager.java:handleUnderReplicatedContainer(1199)) - Exception while replicating container 6.
org.apache.hadoop.hdds.scm.exceptions.SCMException: No healthy node found to allocate container.
	at org.apache.hadoop.hdds.scm.SCMCommonPlacementPolicy.chooseDatanodes(SCMCommonPlacementPolicy.java:141)
	at org.apache.hadoop.hdds.scm.container.placement.algorithms.SCMContainerPlacementRandom.chooseDatanodes(SCMContainerPlacementRandom.java:78)
	at org.apache.hadoop.hdds.scm.container.ReplicationManager.handleUnderReplicatedContainer(ReplicationManager.java:1163)
	at org.apache.hadoop.hdds.scm.container.ReplicationManager.processContainer(ReplicationManager.java:519)
	at java.util.ArrayList.forEach(ArrayList.java:1259)
	at org.apache.hadoop.hdds.scm.container.ReplicationManager.processAll(ReplicationManager.java:369)
	at org.apache.hadoop.hdds.scm.container.ReplicationManager.run(ReplicationManager.java:383)
	at java.lang.Thread.run(Thread.java:748)
2021-11-11 02:23:57,370 [ReplicationMonitor] INFO  container.ReplicationManager (ReplicationManager.java:processAll(371)) - Replication Monitor Thread took 2 milliseconds for processing 6 containers.
2021-11-11 02:23:57,589 [ForkJoinPool.commonPool-worker-1] INFO  statemachine.DatanodeStateMachine (DatanodeStateMachine.java:stopDaemon(526)) - Ozone container server stopped.
2021-11-11 02:23:57,592 [ForkJoinPool.commonPool-worker-1] INFO  handler.ContextHandler (ContextHandler.java:doStop(1153)) - Stopped o.e.j.w.WebAppContext@32f122ef{hddsDatanode,/,null,STOPPED}{jar:file:/home/runner/.m2/repository/org/apache/ozone/hdds-container-service/1.2.0-SNAPSHOT/hdds-container-service-1.2.0-SNAPSHOT.jar!/webapps/hddsDatanode}
2021-11-11 02:23:57,600 [ForkJoinPool.commonPool-worker-1] INFO  server.AbstractConnector (AbstractConnector.java:doStop(381)) - Stopped ServerConnector@1ca8b994{HTTP/1.1, (http/1.1)}{0.0.0.0:0}
2021-11-11 02:23:57,600 [ForkJoinPool.commonPool-worker-1] INFO  server.session (HouseKeeper.java:stopScavenging(149)) - node0 Stopped scavenging
2021-11-11 02:23:57,600 [ForkJoinPool.commonPool-worker-1] INFO  handler.ContextHandler (ContextHandler.java:doStop(1153)) - Stopped o.e.j.s.ServletContextHandler@281c0021{static,/static,jar:file:/home/runner/.m2/repository/org/apache/ozone/hdds-container-service/1.2.0-SNAPSHOT/hdds-container-service-1.2.0-SNAPSHOT.jar!/webapps/static,STOPPED}
2021-11-11 02:23:57,601 [ForkJoinPool.commonPool-worker-1] INFO  handler.ContextHandler (ContextHandler.java:doStop(1153)) - Stopped o.e.j.s.ServletContextHandler@4055a215{logs,/logs,file:///home/runner/work/ozone/ozone/hadoop-ozone/integration-test/target/log,STOPPED}
2021-11-11 02:23:58,371 [ReplicationMonitor] ERROR scm.SCMCommonPlacementPolicy (SCMCommonPlacementPolicy.java:chooseDatanodes(140)) - No healthy node found to allocate container.
2021-11-11 02:23:58,371 [ReplicationMonitor] WARN  container.ReplicationManager (ReplicationManager.java:handleUnderReplicatedContainer(1199)) - Exception while replicating container 1.
org.apache.hadoop.hdds.scm.exceptions.SCMException: No healthy node found to allocate container.
	at org.apache.hadoop.hdds.scm.SCMCommonPlacementPolicy.chooseDatanodes(SCMCommonPlacementPolicy.java:141)
	at org.apache.hadoop.hdds.scm.container.placement.algorithms.SCMContainerPlacementRandom.chooseDatanodes(SCMContainerPlacementRandom.java:78)
	at org.apache.hadoop.hdds.scm.container.ReplicationManager.handleUnderReplicatedContainer(ReplicationManager.java:1163)
	at org.apache.hadoop.hdds.scm.container.ReplicationManager.processContainer(ReplicationManager.java:519)
	at java.util.ArrayList.forEach(ArrayList.java:1259)
	at org.apache.hadoop.hdds.scm.container.ReplicationManager.processAll(ReplicationManager.java:369)
	at org.apache.hadoop.hdds.scm.container.ReplicationManager.run(ReplicationManager.java:383)
	at java.lang.Thread.run(Thread.java:748)
2021-11-11 02:23:58,372 [ReplicationMonitor] ERROR scm.SCMCommonPlacementPolicy (SCMCommonPlacementPolicy.java:chooseDatanodes(140)) - No healthy node found to allocate container.
2021-11-11 02:23:58,372 [ReplicationMonitor] WARN  container.ReplicationManager (ReplicationManager.java:handleUnderReplicatedContainer(1199)) - Exception while replicating container 2.
org.apache.hadoop.hdds.scm.exceptions.SCMException: No healthy node found to allocate container.
	at org.apache.hadoop.hdds.scm.SCMCommonPlacementPolicy.chooseDatanodes(SCMCommonPlacementPolicy.java:141)
	at org.apache.hadoop.hdds.scm.container.placement.algorithms.SCMContainerPlacementRandom.chooseDatanodes(SCMContainerPlacementRandom.java:78)
	at org.apache.hadoop.hdds.scm.container.ReplicationManager.handleUnderReplicatedContainer(ReplicationManager.java:1163)
	at org.apache.hadoop.hdds.scm.container.ReplicationManager.processContainer(ReplicationManager.java:519)
	at java.util.ArrayList.forEach(ArrayList.java:1259)
	at org.apache.hadoop.hdds.scm.container.ReplicationManager.processAll(ReplicationManager.java:369)
	at org.apache.hadoop.hdds.scm.container.ReplicationManager.run(ReplicationManager.java:383)
	at java.lang.Thread.run(Thread.java:748)
2021-11-11 02:23:58,373 [ReplicationMonitor] ERROR scm.SCMCommonPlacementPolicy (SCMCommonPlacementPolicy.java:chooseDatanodes(140)) - No healthy node found to allocate container.
2021-11-11 02:23:58,373 [ReplicationMonitor] WARN  container.ReplicationManager (ReplicationManager.java:handleUnderReplicatedContainer(1199)) - Exception while replicating container 3.
org.apache.hadoop.hdds.scm.exceptions.SCMException: No healthy node found to allocate container.
	at org.apache.hadoop.hdds.scm.SCMCommonPlacementPolicy.chooseDatanodes(SCMCommonPlacementPolicy.java:141)
	at org.apache.hadoop.hdds.scm.container.placement.algorithms.SCMContainerPlacementRandom.chooseDatanodes(SCMContainerPlacementRandom.java:78)
	at org.apache.hadoop.hdds.scm.container.ReplicationManager.handleUnderReplicatedContainer(ReplicationManager.java:1163)
	at org.apache.hadoop.hdds.scm.container.ReplicationManager.processContainer(ReplicationManager.java:519)
	at java.util.ArrayList.forEach(ArrayList.java:1259)
	at org.apache.hadoop.hdds.scm.container.ReplicationManager.processAll(ReplicationManager.java:369)
	at org.apache.hadoop.hdds.scm.container.ReplicationManager.run(ReplicationManager.java:383)
	at java.lang.Thread.run(Thread.java:748)
2021-11-11 02:23:58,373 [ReplicationMonitor] ERROR scm.SCMCommonPlacementPolicy (SCMCommonPlacementPolicy.java:chooseDatanodes(140)) - No healthy node found to allocate container.
2021-11-11 02:23:58,373 [ReplicationMonitor] WARN  container.ReplicationManager (ReplicationManager.java:handleUnderReplicatedContainer(1199)) - Exception while replicating container 4.
org.apache.hadoop.hdds.scm.exceptions.SCMException: No healthy node found to allocate container.
	at org.apache.hadoop.hdds.scm.SCMCommonPlacementPolicy.chooseDatanodes(SCMCommonPlacementPolicy.java:141)
	at org.apache.hadoop.hdds.scm.container.placement.algorithms.SCMContainerPlacementRandom.chooseDatanodes(SCMContainerPlacementRandom.java:78)
	at org.apache.hadoop.hdds.scm.container.ReplicationManager.handleUnderReplicatedContainer(ReplicationManager.java:1163)
	at org.apache.hadoop.hdds.scm.container.ReplicationManager.processContainer(ReplicationManager.java:519)
	at java.util.ArrayList.forEach(ArrayList.java:1259)
	at org.apache.hadoop.hdds.scm.container.ReplicationManager.processAll(ReplicationManager.java:369)
	at org.apache.hadoop.hdds.scm.container.ReplicationManager.run(ReplicationManager.java:383)
	at java.lang.Thread.run(Thread.java:748)
2021-11-11 02:23:58,374 [ReplicationMonitor] ERROR scm.SCMCommonPlacementPolicy (SCMCommonPlacementPolicy.java:chooseDatanodes(140)) - No healthy node found to allocate container.
2021-11-11 02:23:58,374 [ReplicationMonitor] WARN  container.ReplicationManager (ReplicationManager.java:handleUnderReplicatedContainer(1199)) - Exception while replicating container 5.
org.apache.hadoop.hdds.scm.exceptions.SCMException: No healthy node found to allocate container.
	at org.apache.hadoop.hdds.scm.SCMCommonPlacementPolicy.chooseDatanodes(SCMCommonPlacementPolicy.java:141)
	at org.apache.hadoop.hdds.scm.container.placement.algorithms.SCMContainerPlacementRandom.chooseDatanodes(SCMContainerPlacementRandom.java:78)
	at org.apache.hadoop.hdds.scm.container.ReplicationManager.handleUnderReplicatedContainer(ReplicationManager.java:1163)
	at org.apache.hadoop.hdds.scm.container.ReplicationManager.processContainer(ReplicationManager.java:519)
	at java.util.ArrayList.forEach(ArrayList.java:1259)
	at org.apache.hadoop.hdds.scm.container.ReplicationManager.processAll(ReplicationManager.java:369)
	at org.apache.hadoop.hdds.scm.container.ReplicationManager.run(ReplicationManager.java:383)
	at java.lang.Thread.run(Thread.java:748)
2021-11-11 02:23:58,374 [ReplicationMonitor] ERROR scm.SCMCommonPlacementPolicy (SCMCommonPlacementPolicy.java:chooseDatanodes(140)) - No healthy node found to allocate container.
2021-11-11 02:23:58,374 [ReplicationMonitor] WARN  container.ReplicationManager (ReplicationManager.java:handleUnderReplicatedContainer(1199)) - Exception while replicating container 6.
org.apache.hadoop.hdds.scm.exceptions.SCMException: No healthy node found to allocate container.
	at org.apache.hadoop.hdds.scm.SCMCommonPlacementPolicy.chooseDatanodes(SCMCommonPlacementPolicy.java:141)
	at org.apache.hadoop.hdds.scm.container.placement.algorithms.SCMContainerPlacementRandom.chooseDatanodes(SCMContainerPlacementRandom.java:78)
	at org.apache.hadoop.hdds.scm.container.ReplicationManager.handleUnderReplicatedContainer(ReplicationManager.java:1163)
	at org.apache.hadoop.hdds.scm.container.ReplicationManager.processContainer(ReplicationManager.java:519)
	at java.util.ArrayList.forEach(ArrayList.java:1259)
	at org.apache.hadoop.hdds.scm.container.ReplicationManager.processAll(ReplicationManager.java:369)
	at org.apache.hadoop.hdds.scm.container.ReplicationManager.run(ReplicationManager.java:383)
	at java.lang.Thread.run(Thread.java:748)
2021-11-11 02:23:58,374 [ReplicationMonitor] INFO  container.ReplicationManager (ReplicationManager.java:processAll(371)) - Replication Monitor Thread took 3 milliseconds for processing 6 containers.
2021-11-11 02:23:58,516 [Mini-Cluster-Provider-Reap] INFO  ozoneimpl.OzoneContainer (OzoneContainer.java:stop(325)) - Attempting to stop container services.
2021-11-11 02:23:58,517 [Mini-Cluster-Provider-Reap] INFO  server.RaftServer (RaftServerProxy.java:lambda$close$6(391)) - 8ce69a9b-f2ea-4e34-9290-b52812aaba8f: close
2021-11-11 02:23:58,517 [Mini-Cluster-Provider-Reap] INFO  server.RaftServer$Division (RaftServerImpl.java:lambda$close$4(412)) - 8ce69a9b-f2ea-4e34-9290-b52812aaba8f@group-8733E1E3C7D4: shutdown
2021-11-11 02:23:58,517 [Mini-Cluster-Provider-Reap] INFO  util.JmxRegister (JmxRegister.java:unregister(73)) - Successfully un-registered JMX Bean with object name Ratis:service=RaftServer,group=group-8733E1E3C7D4,id=8ce69a9b-f2ea-4e34-9290-b52812aaba8f
2021-11-11 02:23:58,517 [Mini-Cluster-Provider-Reap] INFO  impl.RoleInfo (RoleInfo.java:shutdownLeaderState(91)) - 8ce69a9b-f2ea-4e34-9290-b52812aaba8f: shutdown 8ce69a9b-f2ea-4e34-9290-b52812aaba8f@group-8733E1E3C7D4-LeaderStateImpl
2021-11-11 02:23:58,517 [Mini-Cluster-Provider-Reap] INFO  impl.PendingRequests (PendingRequests.java:sendNotLeaderResponses(282)) - 8ce69a9b-f2ea-4e34-9290-b52812aaba8f@group-8733E1E3C7D4-PendingRequests: sendNotLeaderResponses
2021-11-11 02:23:58,518 [Mini-Cluster-Provider-Reap] INFO  impl.StateMachineUpdater (StateMachineUpdater.java:stopAndJoin(149)) - 8ce69a9b-f2ea-4e34-9290-b52812aaba8f@group-8733E1E3C7D4-StateMachineUpdater: set stopIndex = 0
2021-11-11 02:23:58,518 [8ce69a9b-f2ea-4e34-9290-b52812aaba8f@group-8733E1E3C7D4-StateMachineUpdater] INFO  ratis.ContainerStateMachine (ContainerStateMachine.java:takeSnapshot(292)) - group-8733E1E3C7D4: Taking a snapshot at:(t:1, i:0) file /home/runner/work/ozone/ozone/hadoop-ozone/integration-test/target/test-dir/MiniOzoneClusterImpl-fa7c201b-b2c9-4d4a-bc80-193480666daa/datanode-4/data/ratis/6bd761f0-1b76-47f2-92c3-8733e1e3c7d4/sm/snapshot.1_0
2021-11-11 02:23:58,520 [8ce69a9b-f2ea-4e34-9290-b52812aaba8f@group-8733E1E3C7D4-StateMachineUpdater] INFO  ratis.ContainerStateMachine (ContainerStateMachine.java:takeSnapshot(303)) - group-8733E1E3C7D4: Finished taking a snapshot at:(t:1, i:0) file:/home/runner/work/ozone/ozone/hadoop-ozone/integration-test/target/test-dir/MiniOzoneClusterImpl-fa7c201b-b2c9-4d4a-bc80-193480666daa/datanode-4/data/ratis/6bd761f0-1b76-47f2-92c3-8733e1e3c7d4/sm/snapshot.1_0 took: 2 ms
2021-11-11 02:23:58,520 [8ce69a9b-f2ea-4e34-9290-b52812aaba8f@group-8733E1E3C7D4-StateMachineUpdater] INFO  impl.StateMachineUpdater (StateMachineUpdater.java:takeSnapshot(281)) - 8ce69a9b-f2ea-4e34-9290-b52812aaba8f@group-8733E1E3C7D4-StateMachineUpdater: Took a snapshot at index 0
2021-11-11 02:23:58,520 [8ce69a9b-f2ea-4e34-9290-b52812aaba8f@group-8733E1E3C7D4-StateMachineUpdater] INFO  impl.StateMachineUpdater (StateMachineUpdater.java:lambda$new$0(89)) - 8ce69a9b-f2ea-4e34-9290-b52812aaba8f@group-8733E1E3C7D4-StateMachineUpdater: snapshotIndex: updateIncreasingly -1 -> 0
2021-11-11 02:23:58,527 [Mini-Cluster-Provider-Reap] INFO  server.RaftServer$Division (ServerState.java:close(419)) - 8ce69a9b-f2ea-4e34-9290-b52812aaba8f@group-8733E1E3C7D4: closes. applyIndex: 0
2021-11-11 02:23:58,528 [8ce69a9b-f2ea-4e34-9290-b52812aaba8f@group-8733E1E3C7D4-SegmentedRaftLogWorker] INFO  segmented.SegmentedRaftLogWorker (SegmentedRaftLogWorker.java:run(327)) - 8ce69a9b-f2ea-4e34-9290-b52812aaba8f@group-8733E1E3C7D4-SegmentedRaftLogWorker was interrupted, exiting. There are 0 tasks remaining in the queue.
2021-11-11 02:23:58,528 [Mini-Cluster-Provider-Reap] INFO  segmented.SegmentedRaftLogWorker (SegmentedRaftLogWorker.java:close(237)) - 8ce69a9b-f2ea-4e34-9290-b52812aaba8f@group-8733E1E3C7D4-SegmentedRaftLogWorker close()
2021-11-11 02:23:58,552 [Mini-Cluster-Provider-Reap] INFO  server.GrpcService (GrpcService.java:closeImpl(262)) - 8ce69a9b-f2ea-4e34-9290-b52812aaba8f: shutdown server with port 37187 now
2021-11-11 02:23:58,576 [Mini-Cluster-Provider-Reap] INFO  server.GrpcService (GrpcService.java:closeImpl(271)) - 8ce69a9b-f2ea-4e34-9290-b52812aaba8f: shutdown server with port 37187 successfully
2021-11-11 02:23:58,576 [org.apache.ratis.util.JvmPauseMonitor$$Lambda$534/2057921032@62b0ef63] INFO  util.JvmPauseMonitor (JvmPauseMonitor.java:run(109)) - JvmPauseMonitor-8ce69a9b-f2ea-4e34-9290-b52812aaba8f: Stopped
2021-11-11 02:23:58,580 [Mini-Cluster-Provider-Reap] INFO  utils.BackgroundService (BackgroundService.java:shutdown(132)) - Shutting down service BlockDeletingService
2021-11-11 02:23:58,673 [EventQueue-DeadNodeForDeadNodeHandler] INFO  node.DeadNodeHandler (DeadNodeHandler.java:onMessage(80)) - A dead datanode is detected. 8ce69a9b-f2ea-4e34-9290-b52812aaba8f{ip: 10.1.0.58, host: fv-az291-868.wgnan5asplgejimfprtllbpdch.jx.internal.cloudapp.net, ports: [REPLICATION=33855, RATIS=37187, RATIS_ADMIN=37187, RATIS_SERVER=37187, STANDALONE=46849], networkLocation: /default-rack, certSerialId: null, persistedOpState: IN_SERVICE, persistedOpStateExpiryEpochSec: 0}
2021-11-11 02:23:58,673 [EventQueue-DeadNodeForDeadNodeHandler] INFO  pipeline.RatisPipelineProvider (RatisPipelineProvider.java:lambda$close$1(222)) - Send pipeline:PipelineID=6bd761f0-1b76-47f2-92c3-8733e1e3c7d4 close command to datanode 8ce69a9b-f2ea-4e34-9290-b52812aaba8f
2021-11-11 02:23:58,673 [EventQueue-DeadNodeForDeadNodeHandler] INFO  pipeline.PipelineStateManagerImpl (PipelineStateManagerImpl.java:removePipeline(223)) - Pipeline Pipeline[ Id: 6bd761f0-1b76-47f2-92c3-8733e1e3c7d4, Nodes: 8ce69a9b-f2ea-4e34-9290-b52812aaba8f{ip: 10.1.0.58, host: fv-az291-868.wgnan5asplgejimfprtllbpdch.jx.internal.cloudapp.net, ports: [REPLICATION=33855, RATIS=37187, RATIS_ADMIN=37187, RATIS_SERVER=37187, STANDALONE=46849], networkLocation: /default-rack, certSerialId: null, persistedOpState: IN_MAINTENANCE, persistedOpStateExpiryEpochSec: 0}, ReplicationConfig: RATIS/ONE, State:CLOSED, leaderId:8ce69a9b-f2ea-4e34-9290-b52812aaba8f, CreationTimestamp2021-11-11T02:23:33.216Z[Etc/UTC]] removed.
2021-11-11 02:23:58,674 [EventQueue-DeadNodeForDeadNodeHandler] INFO  net.NetworkTopologyImpl (NetworkTopologyImpl.java:remove(137)) - Removed a node: /default-rack/8ce69a9b-f2ea-4e34-9290-b52812aaba8f
2021-11-11 02:23:59,375 [ReplicationMonitor] ERROR scm.SCMCommonPlacementPolicy (SCMCommonPlacementPolicy.java:chooseDatanodes(140)) - No healthy node found to allocate container.
2021-11-11 02:23:59,375 [ReplicationMonitor] WARN  container.ReplicationManager (ReplicationManager.java:handleUnderReplicatedContainer(1199)) - Exception while replicating container 1.
org.apache.hadoop.hdds.scm.exceptions.SCMException: No healthy node found to allocate container.
	at org.apache.hadoop.hdds.scm.SCMCommonPlacementPolicy.chooseDatanodes(SCMCommonPlacementPolicy.java:141)
	at org.apache.hadoop.hdds.scm.container.placement.algorithms.SCMContainerPlacementRandom.chooseDatanodes(SCMContainerPlacementRandom.java:78)
	at org.apache.hadoop.hdds.scm.container.ReplicationManager.handleUnderReplicatedContainer(ReplicationManager.java:1163)
	at org.apache.hadoop.hdds.scm.container.ReplicationManager.processContainer(ReplicationManager.java:519)
	at java.util.ArrayList.forEach(ArrayList.java:1259)
	at org.apache.hadoop.hdds.scm.container.ReplicationManager.processAll(ReplicationManager.java:369)
	at org.apache.hadoop.hdds.scm.container.ReplicationManager.run(ReplicationManager.java:383)
	at java.lang.Thread.run(Thread.java:748)
2021-11-11 02:23:59,375 [ReplicationMonitor] ERROR scm.SCMCommonPlacementPolicy (SCMCommonPlacementPolicy.java:chooseDatanodes(140)) - No healthy node found to allocate container.
2021-11-11 02:23:59,375 [ReplicationMonitor] WARN  container.ReplicationManager (ReplicationManager.java:handleUnderReplicatedContainer(1199)) - Exception while replicating container 2.
org.apache.hadoop.hdds.scm.exceptions.SCMException: No healthy node found to allocate container.
	at org.apache.hadoop.hdds.scm.SCMCommonPlacementPolicy.chooseDatanodes(SCMCommonPlacementPolicy.java:141)
	at org.apache.hadoop.hdds.scm.container.placement.algorithms.SCMContainerPlacementRandom.chooseDatanodes(SCMContainerPlacementRandom.java:78)
	at org.apache.hadoop.hdds.scm.container.ReplicationManager.handleUnderReplicatedContainer(ReplicationManager.java:1163)
	at org.apache.hadoop.hdds.scm.container.ReplicationManager.processContainer(ReplicationManager.java:519)
	at java.util.ArrayList.forEach(ArrayList.java:1259)
	at org.apache.hadoop.hdds.scm.container.ReplicationManager.processAll(ReplicationManager.java:369)
	at org.apache.hadoop.hdds.scm.container.ReplicationManager.run(ReplicationManager.java:383)
	at java.lang.Thread.run(Thread.java:748)
2021-11-11 02:23:59,376 [ReplicationMonitor] ERROR scm.SCMCommonPlacementPolicy (SCMCommonPlacementPolicy.java:chooseDatanodes(140)) - No healthy node found to allocate container.
2021-11-11 02:23:59,376 [ReplicationMonitor] WARN  container.ReplicationManager (ReplicationManager.java:handleUnderReplicatedContainer(1199)) - Exception while replicating container 3.
org.apache.hadoop.hdds.scm.exceptions.SCMException: No healthy node found to allocate container.
	at org.apache.hadoop.hdds.scm.SCMCommonPlacementPolicy.chooseDatanodes(SCMCommonPlacementPolicy.java:141)
	at org.apache.hadoop.hdds.scm.container.placement.algorithms.SCMContainerPlacementRandom.chooseDatanodes(SCMContainerPlacementRandom.java:78)
	at org.apache.hadoop.hdds.scm.container.ReplicationManager.handleUnderReplicatedContainer(ReplicationManager.java:1163)
	at org.apache.hadoop.hdds.scm.container.ReplicationManager.processContainer(ReplicationManager.java:519)
	at java.util.ArrayList.forEach(ArrayList.java:1259)
	at org.apache.hadoop.hdds.scm.container.ReplicationManager.processAll(ReplicationManager.java:369)
	at org.apache.hadoop.hdds.scm.container.ReplicationManager.run(ReplicationManager.java:383)
	at java.lang.Thread.run(Thread.java:748)
2021-11-11 02:23:59,376 [ReplicationMonitor] ERROR scm.SCMCommonPlacementPolicy (SCMCommonPlacementPolicy.java:chooseDatanodes(140)) - No healthy node found to allocate container.
2021-11-11 02:23:59,376 [ReplicationMonitor] WARN  container.ReplicationManager (ReplicationManager.java:handleUnderReplicatedContainer(1199)) - Exception while replicating container 4.
org.apache.hadoop.hdds.scm.exceptions.SCMException: No healthy node found to allocate container.
	at org.apache.hadoop.hdds.scm.SCMCommonPlacementPolicy.chooseDatanodes(SCMCommonPlacementPolicy.java:141)
	at org.apache.hadoop.hdds.scm.container.placement.algorithms.SCMContainerPlacementRandom.chooseDatanodes(SCMContainerPlacementRandom.java:78)
	at org.apache.hadoop.hdds.scm.container.ReplicationManager.handleUnderReplicatedContainer(ReplicationManager.java:1163)
	at org.apache.hadoop.hdds.scm.container.ReplicationManager.processContainer(ReplicationManager.java:519)
	at java.util.ArrayList.forEach(ArrayList.java:1259)
	at org.apache.hadoop.hdds.scm.container.ReplicationManager.processAll(ReplicationManager.java:369)
	at org.apache.hadoop.hdds.scm.container.ReplicationManager.run(ReplicationManager.java:383)
	at java.lang.Thread.run(Thread.java:748)
2021-11-11 02:23:59,378 [ReplicationMonitor] ERROR scm.SCMCommonPlacementPolicy (SCMCommonPlacementPolicy.java:chooseDatanodes(140)) - No healthy node found to allocate container.
2021-11-11 02:23:59,378 [ReplicationMonitor] WARN  container.ReplicationManager (ReplicationManager.java:handleUnderReplicatedContainer(1199)) - Exception while replicating container 5.
org.apache.hadoop.hdds.scm.exceptions.SCMException: No healthy node found to allocate container.
	at org.apache.hadoop.hdds.scm.SCMCommonPlacementPolicy.chooseDatanodes(SCMCommonPlacementPolicy.java:141)
	at org.apache.hadoop.hdds.scm.container.placement.algorithms.SCMContainerPlacementRandom.chooseDatanodes(SCMContainerPlacementRandom.java:78)
	at org.apache.hadoop.hdds.scm.container.ReplicationManager.handleUnderReplicatedContainer(ReplicationManager.java:1163)
	at org.apache.hadoop.hdds.scm.container.ReplicationManager.processContainer(ReplicationManager.java:519)
	at java.util.ArrayList.forEach(ArrayList.java:1259)
	at org.apache.hadoop.hdds.scm.container.ReplicationManager.processAll(ReplicationManager.java:369)
	at org.apache.hadoop.hdds.scm.container.ReplicationManager.run(ReplicationManager.java:383)
	at java.lang.Thread.run(Thread.java:748)
2021-11-11 02:23:59,378 [ReplicationMonitor] ERROR scm.SCMCommonPlacementPolicy (SCMCommonPlacementPolicy.java:chooseDatanodes(140)) - No healthy node found to allocate container.
2021-11-11 02:23:59,378 [ReplicationMonitor] WARN  container.ReplicationManager (ReplicationManager.java:handleUnderReplicatedContainer(1199)) - Exception while replicating container 6.
org.apache.hadoop.hdds.scm.exceptions.SCMException: No healthy node found to allocate container.
	at org.apache.hadoop.hdds.scm.SCMCommonPlacementPolicy.chooseDatanodes(SCMCommonPlacementPolicy.java:141)
	at org.apache.hadoop.hdds.scm.container.placement.algorithms.SCMContainerPlacementRandom.chooseDatanodes(SCMContainerPlacementRandom.java:78)
	at org.apache.hadoop.hdds.scm.container.ReplicationManager.handleUnderReplicatedContainer(ReplicationManager.java:1163)
	at org.apache.hadoop.hdds.scm.container.ReplicationManager.processContainer(ReplicationManager.java:519)
	at java.util.ArrayList.forEach(ArrayList.java:1259)
	at org.apache.hadoop.hdds.scm.container.ReplicationManager.processAll(ReplicationManager.java:369)
	at org.apache.hadoop.hdds.scm.container.ReplicationManager.run(ReplicationManager.java:383)
	at java.lang.Thread.run(Thread.java:748)
2021-11-11 02:23:59,378 [ReplicationMonitor] INFO  container.ReplicationManager (ReplicationManager.java:processAll(371)) - Replication Monitor Thread took 4 milliseconds for processing 6 containers.
2021-11-11 02:23:59,978 [EventQueue-StaleNodeForStaleNodeHandler] INFO  node.StaleNodeHandler (StaleNodeHandler.java:onMessage(58)) - Datanode c8f23f42-74be-4190-8774-dbf76800ed63{ip: 10.1.0.58, host: fv-az291-868.wgnan5asplgejimfprtllbpdch.jx.internal.cloudapp.net, ports: [REPLICATION=39159, RATIS=41403, RATIS_ADMIN=41403, RATIS_SERVER=41403, STANDALONE=44585], networkLocation: /default-rack, certSerialId: null, persistedOpState: IN_SERVICE, persistedOpStateExpiryEpochSec: 0} moved to stale state. Finalizing its pipelines [PipelineID=24051345-b3f6-49e5-852d-0116f46e0584]
2021-11-11 02:23:59,978 [EventQueue-StaleNodeForStaleNodeHandler] INFO  pipeline.PipelineManagerImpl (PipelineManagerImpl.java:closePipeline(349)) - Pipeline Pipeline[ Id: 24051345-b3f6-49e5-852d-0116f46e0584, Nodes: c8f23f42-74be-4190-8774-dbf76800ed63{ip: 10.1.0.58, host: fv-az291-868.wgnan5asplgejimfprtllbpdch.jx.internal.cloudapp.net, ports: [REPLICATION=39159, RATIS=41403, RATIS_ADMIN=41403, RATIS_SERVER=41403, STANDALONE=44585], networkLocation: /default-rack, certSerialId: null, persistedOpState: IN_SERVICE, persistedOpStateExpiryEpochSec: 0}, ReplicationConfig: RATIS/ONE, State:OPEN, leaderId:c8f23f42-74be-4190-8774-dbf76800ed63, CreationTimestamp2021-11-11T02:22:52.272Z[Etc/UTC]] moved to CLOSED state
2021-11-11 02:24:00,379 [ReplicationMonitor] WARN  container.ReplicationManager (ReplicationManager.java:handleUnderReplicatedContainer(1195)) - Cannot replicate container #1, no healthy replica found.
2021-11-11 02:24:00,379 [ReplicationMonitor] WARN  container.ReplicationManager (ReplicationManager.java:handleUnderReplicatedContainer(1195)) - Cannot replicate container #2, no healthy replica found.
2021-11-11 02:24:00,379 [ReplicationMonitor] WARN  container.ReplicationManager (ReplicationManager.java:handleUnderReplicatedContainer(1195)) - Cannot replicate container #3, no healthy replica found.
2021-11-11 02:24:00,379 [ReplicationMonitor] WARN  container.ReplicationManager (ReplicationManager.java:handleUnderReplicatedContainer(1195)) - Cannot replicate container #4, no healthy replica found.
2021-11-11 02:24:00,379 [ReplicationMonitor] WARN  container.ReplicationManager (ReplicationManager.java:handleUnderReplicatedContainer(1195)) - Cannot replicate container #5, no healthy replica found.
2021-11-11 02:24:00,379 [ReplicationMonitor] WARN  container.ReplicationManager (ReplicationManager.java:handleUnderReplicatedContainer(1195)) - Cannot replicate container #6, no healthy replica found.
2021-11-11 02:24:00,379 [ReplicationMonitor] INFO  container.ReplicationManager (ReplicationManager.java:processAll(371)) - Replication Monitor Thread took 1 milliseconds for processing 6 containers.
2021-11-11 02:24:01,380 [ReplicationMonitor] WARN  container.ReplicationManager (ReplicationManager.java:handleUnderReplicatedContainer(1195)) - Cannot replicate container #1, no healthy replica found.
2021-11-11 02:24:01,380 [ReplicationMonitor] WARN  container.ReplicationManager (ReplicationManager.java:handleUnderReplicatedContainer(1195)) - Cannot replicate container #2, no healthy replica found.
2021-11-11 02:24:01,380 [ReplicationMonitor] WARN  container.ReplicationManager (ReplicationManager.java:handleUnderReplicatedContainer(1195)) - Cannot replicate container #3, no healthy replica found.
2021-11-11 02:24:01,380 [ReplicationMonitor] WARN  container.ReplicationManager (ReplicationManager.java:handleUnderReplicatedContainer(1195)) - Cannot replicate container #4, no healthy replica found.
2021-11-11 02:24:01,380 [ReplicationMonitor] WARN  container.ReplicationManager (ReplicationManager.java:handleUnderReplicatedContainer(1195)) - Cannot replicate container #5, no healthy replica found.
2021-11-11 02:24:01,380 [ReplicationMonitor] WARN  container.ReplicationManager (ReplicationManager.java:handleUnderReplicatedContainer(1195)) - Cannot replicate container #6, no healthy replica found.
2021-11-11 02:24:01,380 [ReplicationMonitor] INFO  container.ReplicationManager (ReplicationManager.java:processAll(371)) - Replication Monitor Thread took 1 milliseconds for processing 6 containers.
2021-11-11 02:24:01,583 [Mini-Cluster-Provider-Reap] INFO  statemachine.DatanodeStateMachine (DatanodeStateMachine.java:stopDaemon(526)) - Ozone container server stopped.
2021-11-11 02:24:01,586 [Mini-Cluster-Provider-Reap] INFO  handler.ContextHandler (ContextHandler.java:doStop(1153)) - Stopped o.e.j.w.WebAppContext@37b2604b{hddsDatanode,/,null,STOPPED}{jar:file:/home/runner/.m2/repository/org/apache/ozone/hdds-container-service/1.2.0-SNAPSHOT/hdds-container-service-1.2.0-SNAPSHOT.jar!/webapps/hddsDatanode}
2021-11-11 02:24:01,594 [Mini-Cluster-Provider-Reap] INFO  server.AbstractConnector (AbstractConnector.java:doStop(381)) - Stopped ServerConnector@15d26efa{HTTP/1.1, (http/1.1)}{0.0.0.0:0}
2021-11-11 02:24:01,594 [Mini-Cluster-Provider-Reap] INFO  server.session (HouseKeeper.java:stopScavenging(149)) - node0 Stopped scavenging
2021-11-11 02:24:01,594 [Mini-Cluster-Provider-Reap] INFO  handler.ContextHandler (ContextHandler.java:doStop(1153)) - Stopped o.e.j.s.ServletContextHandler@3e663e78{static,/static,jar:file:/home/runner/.m2/repository/org/apache/ozone/hdds-container-service/1.2.0-SNAPSHOT/hdds-container-service-1.2.0-SNAPSHOT.jar!/webapps/static,STOPPED}
2021-11-11 02:24:01,594 [Mini-Cluster-Provider-Reap] INFO  handler.ContextHandler (ContextHandler.java:doStop(1153)) - Stopped o.e.j.s.ServletContextHandler@8223883{logs,/logs,file:///home/runner/work/ozone/ozone/hadoop-ozone/integration-test/target/log,STOPPED}
2021-11-11 02:24:02,381 [ReplicationMonitor] WARN  container.ReplicationManager (ReplicationManager.java:handleUnderReplicatedContainer(1195)) - Cannot replicate container #1, no healthy replica found.
2021-11-11 02:24:02,381 [ReplicationMonitor] WARN  container.ReplicationManager (ReplicationManager.java:handleUnderReplicatedContainer(1195)) - Cannot replicate container #2, no healthy replica found.
2021-11-11 02:24:02,381 [ReplicationMonitor] WARN  container.ReplicationManager (ReplicationManager.java:handleUnderReplicatedContainer(1195)) - Cannot replicate container #3, no healthy replica found.
2021-11-11 02:24:02,381 [ReplicationMonitor] WARN  container.ReplicationManager (ReplicationManager.java:handleUnderReplicatedContainer(1195)) - Cannot replicate container #4, no healthy replica found.
2021-11-11 02:24:02,381 [ReplicationMonitor] WARN  container.ReplicationManager (ReplicationManager.java:handleUnderReplicatedContainer(1195)) - Cannot replicate container #5, no healthy replica found.
2021-11-11 02:24:02,381 [ReplicationMonitor] WARN  container.ReplicationManager (ReplicationManager.java:handleUnderReplicatedContainer(1195)) - Cannot replicate container #6, no healthy replica found.
2021-11-11 02:24:02,381 [ReplicationMonitor] INFO  container.ReplicationManager (ReplicationManager.java:processAll(371)) - Replication Monitor Thread took 0 milliseconds for processing 6 containers.
2021-11-11 02:24:02,606 [ForkJoinPool.commonPool-worker-1] INFO  ozoneimpl.OzoneContainer (OzoneContainer.java:stop(325)) - Attempting to stop container services.
2021-11-11 02:24:02,610 [ForkJoinPool.commonPool-worker-1] INFO  server.RaftServer (RaftServerProxy.java:lambda$close$6(391)) - c8f23f42-74be-4190-8774-dbf76800ed63: close
2021-11-11 02:24:02,610 [ForkJoinPool.commonPool-worker-1] INFO  server.RaftServer$Division (RaftServerImpl.java:lambda$close$4(412)) - c8f23f42-74be-4190-8774-dbf76800ed63@group-0116F46E0584: shutdown
2021-11-11 02:24:02,610 [ForkJoinPool.commonPool-worker-1] INFO  util.JmxRegister (JmxRegister.java:unregister(73)) - Successfully un-registered JMX Bean with object name Ratis:service=RaftServer,group=group-0116F46E0584,id=c8f23f42-74be-4190-8774-dbf76800ed63
2021-11-11 02:24:02,610 [ForkJoinPool.commonPool-worker-1] INFO  impl.RoleInfo (RoleInfo.java:shutdownLeaderState(91)) - c8f23f42-74be-4190-8774-dbf76800ed63: shutdown c8f23f42-74be-4190-8774-dbf76800ed63@group-0116F46E0584-LeaderStateImpl
2021-11-11 02:24:02,610 [ForkJoinPool.commonPool-worker-1] INFO  impl.PendingRequests (PendingRequests.java:sendNotLeaderResponses(282)) - c8f23f42-74be-4190-8774-dbf76800ed63@group-0116F46E0584-PendingRequests: sendNotLeaderResponses
2021-11-11 02:24:02,611 [ForkJoinPool.commonPool-worker-1] INFO  impl.StateMachineUpdater (StateMachineUpdater.java:stopAndJoin(149)) - c8f23f42-74be-4190-8774-dbf76800ed63@group-0116F46E0584-StateMachineUpdater: set stopIndex = 0
2021-11-11 02:24:02,611 [c8f23f42-74be-4190-8774-dbf76800ed63@group-0116F46E0584-StateMachineUpdater] INFO  ratis.ContainerStateMachine (ContainerStateMachine.java:takeSnapshot(292)) - group-0116F46E0584: Taking a snapshot at:(t:1, i:0) file /home/runner/work/ozone/ozone/hadoop-ozone/integration-test/target/test-dir/MiniOzoneClusterImpl-fa7c201b-b2c9-4d4a-bc80-193480666daa/datanode-0/data/ratis/24051345-b3f6-49e5-852d-0116f46e0584/sm/snapshot.1_0
2021-11-11 02:24:02,614 [c8f23f42-74be-4190-8774-dbf76800ed63@group-0116F46E0584-StateMachineUpdater] INFO  ratis.ContainerStateMachine (ContainerStateMachine.java:takeSnapshot(303)) - group-0116F46E0584: Finished taking a snapshot at:(t:1, i:0) file:/home/runner/work/ozone/ozone/hadoop-ozone/integration-test/target/test-dir/MiniOzoneClusterImpl-fa7c201b-b2c9-4d4a-bc80-193480666daa/datanode-0/data/ratis/24051345-b3f6-49e5-852d-0116f46e0584/sm/snapshot.1_0 took: 4 ms
2021-11-11 02:24:02,615 [c8f23f42-74be-4190-8774-dbf76800ed63@group-0116F46E0584-StateMachineUpdater] INFO  impl.StateMachineUpdater (StateMachineUpdater.java:takeSnapshot(281)) - c8f23f42-74be-4190-8774-dbf76800ed63@group-0116F46E0584-StateMachineUpdater: Took a snapshot at index 0
2021-11-11 02:24:02,615 [c8f23f42-74be-4190-8774-dbf76800ed63@group-0116F46E0584-StateMachineUpdater] INFO  impl.StateMachineUpdater (StateMachineUpdater.java:lambda$new$0(89)) - c8f23f42-74be-4190-8774-dbf76800ed63@group-0116F46E0584-StateMachineUpdater: snapshotIndex: updateIncreasingly -1 -> 0
2021-11-11 02:24:02,615 [ForkJoinPool.commonPool-worker-1] INFO  server.RaftServer$Division (ServerState.java:close(419)) - c8f23f42-74be-4190-8774-dbf76800ed63@group-0116F46E0584: closes. applyIndex: 0
2021-11-11 02:24:02,615 [c8f23f42-74be-4190-8774-dbf76800ed63@group-0116F46E0584-SegmentedRaftLogWorker] INFO  segmented.SegmentedRaftLogWorker (SegmentedRaftLogWorker.java:run(327)) - c8f23f42-74be-4190-8774-dbf76800ed63@group-0116F46E0584-SegmentedRaftLogWorker was interrupted, exiting. There are 0 tasks remaining in the queue.
2021-11-11 02:24:02,615 [ForkJoinPool.commonPool-worker-1] INFO  segmented.SegmentedRaftLogWorker (SegmentedRaftLogWorker.java:close(237)) - c8f23f42-74be-4190-8774-dbf76800ed63@group-0116F46E0584-SegmentedRaftLogWorker close()
2021-11-11 02:24:02,616 [ForkJoinPool.commonPool-worker-1] INFO  server.GrpcService (GrpcService.java:closeImpl(262)) - c8f23f42-74be-4190-8774-dbf76800ed63: shutdown server with port 41403 now
2021-11-11 02:24:02,642 [ForkJoinPool.commonPool-worker-1] INFO  server.GrpcService (GrpcService.java:closeImpl(271)) - c8f23f42-74be-4190-8774-dbf76800ed63: shutdown server with port 41403 successfully
2021-11-11 02:24:02,642 [org.apache.ratis.util.JvmPauseMonitor$$Lambda$534/2057921032@4de82e98] INFO  util.JvmPauseMonitor (JvmPauseMonitor.java:run(109)) - JvmPauseMonitor-c8f23f42-74be-4190-8774-dbf76800ed63: Stopped
2021-11-11 02:24:02,644 [ForkJoinPool.commonPool-worker-1] INFO  utils.BackgroundService (BackgroundService.java:shutdown(132)) - Shutting down service BlockDeletingService
2021-11-11 02:24:02,998 [EventQueue-DeadNodeForDeadNodeHandler] INFO  node.DeadNodeHandler (DeadNodeHandler.java:onMessage(80)) - A dead datanode is detected. c8f23f42-74be-4190-8774-dbf76800ed63{ip: 10.1.0.58, host: fv-az291-868.wgnan5asplgejimfprtllbpdch.jx.internal.cloudapp.net, ports: [REPLICATION=39159, RATIS=41403, RATIS_ADMIN=41403, RATIS_SERVER=41403, STANDALONE=44585], networkLocation: /default-rack, certSerialId: null, persistedOpState: IN_SERVICE, persistedOpStateExpiryEpochSec: 0}
2021-11-11 02:24:02,998 [EventQueue-DeadNodeForDeadNodeHandler] INFO  pipeline.RatisPipelineProvider (RatisPipelineProvider.java:lambda$close$1(222)) - Send pipeline:PipelineID=24051345-b3f6-49e5-852d-0116f46e0584 close command to datanode c8f23f42-74be-4190-8774-dbf76800ed63
2021-11-11 02:24:02,998 [EventQueue-DeadNodeForDeadNodeHandler] INFO  pipeline.PipelineStateManagerImpl (PipelineStateManagerImpl.java:removePipeline(223)) - Pipeline Pipeline[ Id: 24051345-b3f6-49e5-852d-0116f46e0584, Nodes: c8f23f42-74be-4190-8774-dbf76800ed63{ip: 10.1.0.58, host: fv-az291-868.wgnan5asplgejimfprtllbpdch.jx.internal.cloudapp.net, ports: [REPLICATION=39159, RATIS=41403, RATIS_ADMIN=41403, RATIS_SERVER=41403, STANDALONE=44585], networkLocation: /default-rack, certSerialId: null, persistedOpState: IN_SERVICE, persistedOpStateExpiryEpochSec: 0}, ReplicationConfig: RATIS/ONE, State:CLOSED, leaderId:c8f23f42-74be-4190-8774-dbf76800ed63, CreationTimestamp2021-11-11T02:22:52.272Z[Etc/UTC]] removed.
2021-11-11 02:24:02,998 [EventQueue-DeadNodeForDeadNodeHandler] INFO  net.NetworkTopologyImpl (NetworkTopologyImpl.java:remove(137)) - Removed a node: /default-rack/c8f23f42-74be-4190-8774-dbf76800ed63
2021-11-11 02:24:03,382 [ReplicationMonitor] WARN  container.ReplicationManager (ReplicationManager.java:handleUnderReplicatedContainer(1195)) - Cannot replicate container #1, no healthy replica found.
2021-11-11 02:24:03,382 [ReplicationMonitor] WARN  container.ReplicationManager (ReplicationManager.java:handleUnderReplicatedContainer(1195)) - Cannot replicate container #2, no healthy replica found.
2021-11-11 02:24:03,382 [ReplicationMonitor] WARN  container.ReplicationManager (ReplicationManager.java:handleUnderReplicatedContainer(1195)) - Cannot replicate container #3, no healthy replica found.
2021-11-11 02:24:03,382 [ReplicationMonitor] WARN  container.ReplicationManager (ReplicationManager.java:handleUnderReplicatedContainer(1195)) - Cannot replicate container #4, no healthy replica found.
2021-11-11 02:24:03,382 [ReplicationMonitor] WARN  container.ReplicationManager (ReplicationManager.java:handleUnderReplicatedContainer(1195)) - Cannot replicate container #5, no healthy replica found.
2021-11-11 02:24:03,382 [ReplicationMonitor] WARN  container.ReplicationManager (ReplicationManager.java:handleUnderReplicatedContainer(1195)) - Cannot replicate container #6, no healthy replica found.
2021-11-11 02:24:03,382 [ReplicationMonitor] INFO  container.ReplicationManager (ReplicationManager.java:processAll(371)) - Replication Monitor Thread took 0 milliseconds for processing 6 containers.
2021-11-11 02:24:04,383 [ReplicationMonitor] WARN  container.ReplicationManager (ReplicationManager.java:handleUnderReplicatedContainer(1195)) - Cannot replicate container #1, no healthy replica found.
2021-11-11 02:24:04,383 [ReplicationMonitor] WARN  container.ReplicationManager (ReplicationManager.java:handleUnderReplicatedContainer(1195)) - Cannot replicate container #2, no healthy replica found.
2021-11-11 02:24:04,383 [ReplicationMonitor] WARN  container.ReplicationManager (ReplicationManager.java:handleUnderReplicatedContainer(1195)) - Cannot replicate container #3, no healthy replica found.
2021-11-11 02:24:04,383 [ReplicationMonitor] WARN  container.ReplicationManager (ReplicationManager.java:handleUnderReplicatedContainer(1195)) - Cannot replicate container #4, no healthy replica found.
2021-11-11 02:24:04,383 [ReplicationMonitor] WARN  container.ReplicationManager (ReplicationManager.java:handleUnderReplicatedContainer(1195)) - Cannot replicate container #5, no healthy replica found.
2021-11-11 02:24:04,383 [ReplicationMonitor] WARN  container.ReplicationManager (ReplicationManager.java:handleUnderReplicatedContainer(1195)) - Cannot replicate container #6, no healthy replica found.
2021-11-11 02:24:04,383 [ReplicationMonitor] INFO  container.ReplicationManager (ReplicationManager.java:processAll(371)) - Replication Monitor Thread took 1 milliseconds for processing 6 containers.
2021-11-11 02:24:05,384 [ReplicationMonitor] WARN  container.ReplicationManager (ReplicationManager.java:handleUnderReplicatedContainer(1195)) - Cannot replicate container #1, no healthy replica found.
2021-11-11 02:24:05,384 [ReplicationMonitor] WARN  container.ReplicationManager (ReplicationManager.java:handleUnderReplicatedContainer(1195)) - Cannot replicate container #2, no healthy replica found.
2021-11-11 02:24:05,384 [ReplicationMonitor] WARN  container.ReplicationManager (ReplicationManager.java:handleUnderReplicatedContainer(1195)) - Cannot replicate container #3, no healthy replica found.
2021-11-11 02:24:05,384 [ReplicationMonitor] WARN  container.ReplicationManager (ReplicationManager.java:handleUnderReplicatedContainer(1195)) - Cannot replicate container #4, no healthy replica found.
2021-11-11 02:24:05,384 [ReplicationMonitor] WARN  container.ReplicationManager (ReplicationManager.java:handleUnderReplicatedContainer(1195)) - Cannot replicate container #5, no healthy replica found.
2021-11-11 02:24:05,384 [ReplicationMonitor] WARN  container.ReplicationManager (ReplicationManager.java:handleUnderReplicatedContainer(1195)) - Cannot replicate container #6, no healthy replica found.
2021-11-11 02:24:05,384 [ReplicationMonitor] INFO  container.ReplicationManager (ReplicationManager.java:processAll(371)) - Replication Monitor Thread took 1 milliseconds for processing 6 containers.
2021-11-11 02:24:05,651 [ForkJoinPool.commonPool-worker-1] INFO  statemachine.DatanodeStateMachine (DatanodeStateMachine.java:stopDaemon(526)) - Ozone container server stopped.
2021-11-11 02:24:05,655 [ForkJoinPool.commonPool-worker-1] INFO  handler.ContextHandler (ContextHandler.java:doStop(1153)) - Stopped o.e.j.w.WebAppContext@7dfbc235{hddsDatanode,/,null,STOPPED}{jar:file:/home/runner/.m2/repository/org/apache/ozone/hdds-container-service/1.2.0-SNAPSHOT/hdds-container-service-1.2.0-SNAPSHOT.jar!/webapps/hddsDatanode}
2021-11-11 02:24:05,663 [ForkJoinPool.commonPool-worker-1] INFO  server.AbstractConnector (AbstractConnector.java:doStop(381)) - Stopped ServerConnector@5dfa8613{HTTP/1.1, (http/1.1)}{0.0.0.0:0}
2021-11-11 02:24:05,663 [ForkJoinPool.commonPool-worker-1] INFO  server.session (HouseKeeper.java:stopScavenging(149)) - node0 Stopped scavenging
2021-11-11 02:24:05,663 [ForkJoinPool.commonPool-worker-1] INFO  handler.ContextHandler (ContextHandler.java:doStop(1153)) - Stopped o.e.j.s.ServletContextHandler@7d1e488e{static,/static,jar:file:/home/runner/.m2/repository/org/apache/ozone/hdds-container-service/1.2.0-SNAPSHOT/hdds-container-service-1.2.0-SNAPSHOT.jar!/webapps/static,STOPPED}
2021-11-11 02:24:05,673 [ForkJoinPool.commonPool-worker-1] INFO  handler.ContextHandler (ContextHandler.java:doStop(1153)) - Stopped o.e.j.s.ServletContextHandler@1eccf123{logs,/logs,file:///home/runner/work/ozone/ozone/hadoop-ozone/integration-test/target/log,STOPPED}
2021-11-11 02:24:05,683 [Mini-Cluster-Provider-Reap] INFO  ozone.MiniOzoneClusterImpl (MiniOzoneClusterImpl.java:stopSCM(542)) - Stopping the StorageContainerManager
2021-11-11 02:24:05,684 [Mini-Cluster-Provider-Reap] INFO  server.StorageContainerManager (StorageContainerManager.java:stop(1395)) - Stopping Container Balancer service.
2021-11-11 02:24:05,684 [Mini-Cluster-Provider-Reap] INFO  balancer.ContainerBalancer (ContainerBalancer.java:stop(773)) - Container Balancer is not running.
2021-11-11 02:24:05,684 [Mini-Cluster-Provider-Reap] INFO  server.StorageContainerManager (StorageContainerManager.java:stop(1402)) - Stopping Replication Manager Service.
2021-11-11 02:24:05,684 [Mini-Cluster-Provider-Reap] INFO  container.ReplicationManager (ReplicationManager.java:stop(350)) - Stopping Replication Monitor Thread.
2021-11-11 02:24:05,684 [Mini-Cluster-Provider-Reap] INFO  server.StorageContainerManager (StorageContainerManager.java:stop(1409)) - Stopping the Datanode Admin Monitor.
2021-11-11 02:24:05,702 [Mini-Cluster-Provider-Reap] INFO  server.StorageContainerManager (StorageContainerManager.java:stop(1416)) - Stopping Lease Manager of the command watchers
2021-11-11 02:24:05,702 [Mini-Cluster-Provider-Reap] INFO  server.StorageContainerManager (StorageContainerManager.java:stop(1423)) - Stopping datanode service RPC server
2021-11-11 02:24:05,702 [Mini-Cluster-Provider-Reap] INFO  server.SCMDatanodeProtocolServer (SCMDatanodeProtocolServer.java:stop(389)) - Stopping the RPC server for DataNodes
2021-11-11 02:24:05,703 [Mini-Cluster-Provider-Reap] INFO  ipc.Server (Server.java:stop(3414)) - Stopping server on 35257
2021-11-11 02:24:05,705 [IPC Server Responder] INFO  ipc.Server (Server.java:run(1512)) - Stopping IPC Server Responder
2021-11-11 02:24:05,707 [IPC Server listener on 0] INFO  ipc.Server (Server.java:run(1376)) - Stopping IPC Server listener on 0
2021-11-11 02:24:05,802 [SCM Heartbeat Processing Thread - 0] WARN  node.NodeStateManager (NodeStateManager.java:scheduleNextHealthCheck(799)) - Current Thread is interrupted, shutting down HB processing thread for Node Manager.
2021-11-11 02:24:05,802 [Mini-Cluster-Provider-Reap] INFO  server.StorageContainerManager (StorageContainerManager.java:stop(1431)) - Stopping block service RPC server
2021-11-11 02:24:05,802 [Mini-Cluster-Provider-Reap] INFO  server.SCMBlockProtocolServer (SCMBlockProtocolServer.java:stop(160)) - Stopping the RPC server for Block Protocol
2021-11-11 02:24:05,803 [Mini-Cluster-Provider-Reap] INFO  ipc.Server (Server.java:stop(3414)) - Stopping server on 41175
2021-11-11 02:24:05,808 [IPC Server listener on 0] INFO  ipc.Server (Server.java:run(1376)) - Stopping IPC Server listener on 0
2021-11-11 02:24:05,836 [Mini-Cluster-Provider-Reap] INFO  server.StorageContainerManager (StorageContainerManager.java:stop(1438)) - Stopping the StorageContainerLocationProtocol RPC server
2021-11-11 02:24:05,836 [Mini-Cluster-Provider-Reap] INFO  server.SCMClientProtocolServer (SCMClientProtocolServer.java:stop(173)) - Stopping the RPC server for Client Protocol
2021-11-11 02:24:05,836 [IPC Server Responder] INFO  ipc.Server (Server.java:run(1512)) - Stopping IPC Server Responder
2021-11-11 02:24:05,837 [Mini-Cluster-Provider-Reap] INFO  ipc.Server (Server.java:stop(3414)) - Stopping server on 38757
2021-11-11 02:24:05,840 [Mini-Cluster-Provider-Reap] INFO  server.StorageContainerManager (StorageContainerManager.java:stop(1445)) - Stopping Storage Container Manager HTTP server.
2021-11-11 02:24:05,840 [IPC Server listener on 0] INFO  ipc.Server (Server.java:run(1376)) - Stopping IPC Server listener on 0
2021-11-11 02:24:05,840 [IPC Server Responder] INFO  ipc.Server (Server.java:run(1512)) - Stopping IPC Server Responder
2021-11-11 02:24:05,855 [Mini-Cluster-Provider-Reap] INFO  handler.ContextHandler (ContextHandler.java:doStop(1153)) - Stopped o.e.j.w.WebAppContext@3e729eeb{scm,/,null,STOPPED}{file:/home/runner/work/ozone/ozone/hadoop-ozone/integration-test/target/test-classes/webapps/scm}
2021-11-11 02:24:05,856 [Mini-Cluster-Provider-Reap] INFO  server.AbstractConnector (AbstractConnector.java:doStop(381)) - Stopped ServerConnector@60d2b55d{HTTP/1.1, (http/1.1)}{0.0.0.0:0}
2021-11-11 02:24:05,856 [Mini-Cluster-Provider-Reap] INFO  server.session (HouseKeeper.java:stopScavenging(149)) - node0 Stopped scavenging
2021-11-11 02:24:05,856 [Mini-Cluster-Provider-Reap] INFO  handler.ContextHandler (ContextHandler.java:doStop(1153)) - Stopped o.e.j.s.ServletContextHandler@1ea8ce6c{static,/static,file:///home/runner/work/ozone/ozone/hadoop-ozone/integration-test/target/test-classes/webapps/static,STOPPED}
2021-11-11 02:24:05,856 [Mini-Cluster-Provider-Reap] INFO  handler.ContextHandler (ContextHandler.java:doStop(1153)) - Stopped o.e.j.s.ServletContextHandler@4fb3537e{logs,/logs,file:///home/runner/work/ozone/ozone/hadoop-ozone/integration-test/target/log,STOPPED}
2021-11-11 02:24:05,857 [Mini-Cluster-Provider-Reap] INFO  server.StorageContainerManager (StorageContainerManager.java:stop(1456)) - Stopping Block Manager Service.
2021-11-11 02:24:05,857 [Mini-Cluster-Provider-Reap] INFO  utils.BackgroundService (BackgroundService.java:shutdown(132)) - Shutting down service SCMBlockDeletingService
2021-11-11 02:24:05,858 [Mini-Cluster-Provider-Reap] INFO  utils.BackgroundService (BackgroundService.java:shutdown(132)) - Shutting down service SCMBlockDeletingService
2021-11-11 02:24:05,858 [Mini-Cluster-Provider-Reap] INFO  server.StorageContainerManager (StorageContainerManager.java:stop(1483)) - Stopping SCM Event Queue.
2021-11-11 02:24:05,869 [Mini-Cluster-Provider-Reap] INFO  server.StorageContainerManager (StorageContainerManager.java:stop(1494)) - Stopping SCM HA services.
2021-11-11 02:24:05,869 [Mini-Cluster-Provider-Reap] INFO  pipeline.BackgroundPipelineCreator (BackgroundPipelineCreator.java:stop(158)) - Stopping RatisPipelineUtilsThread.
2021-11-11 02:24:05,869 [Mini-Cluster-Provider-Reap] INFO  server.StorageContainerManager (StorageContainerManager.java:stop(1504)) - Stopping SCM MetadataStore.
2021-11-11 02:24:05,870 [Mini-Cluster-Provider-Reap] INFO  impl.MetricsSystemImpl (MetricsSystemImpl.java:stop(205)) - HddsDatanode metrics system stopped (again)
]]></system-out>
  </testcase>
  <testcase name="testSingleNodeWithOpenPipelineCanGotoMaintenance" classname="org.apache.hadoop.ozone.scm.node.TestDecommissionAndMaintenance" time="100.003">
    <error message="Failed to obtain available cluster in time" type="java.io.IOException">java.io.IOException: Failed to obtain available cluster in time
	at org.apache.hadoop.ozone.MiniOzoneClusterProvider.provide(MiniOzoneClusterProvider.java:162)
	at org.apache.hadoop.ozone.scm.node.TestDecommissionAndMaintenance.setUp(TestDecommissionAndMaintenance.java:144)
	at sun.reflect.NativeMethodAccessorImpl.invoke0(Native Method)
	at sun.reflect.NativeMethodAccessorImpl.invoke(NativeMethodAccessorImpl.java:62)
	at sun.reflect.DelegatingMethodAccessorImpl.invoke(DelegatingMethodAccessorImpl.java:43)
	at java.lang.reflect.Method.invoke(Method.java:498)
	at org.junit.runners.model.FrameworkMethod$1.runReflectiveCall(FrameworkMethod.java:59)
	at org.junit.internal.runners.model.ReflectiveCallable.run(ReflectiveCallable.java:12)
	at org.junit.runners.model.FrameworkMethod.invokeExplosively(FrameworkMethod.java:56)
	at org.junit.internal.runners.statements.RunBefores.invokeMethod(RunBefores.java:33)
	at org.junit.internal.runners.statements.RunBefores.evaluate(RunBefores.java:24)
	at org.junit.internal.runners.statements.RunAfters.evaluate(RunAfters.java:27)
	at org.junit.runners.ParentRunner$3.evaluate(ParentRunner.java:306)
	at org.junit.runners.BlockJUnit4ClassRunner$1.evaluate(BlockJUnit4ClassRunner.java:100)
	at org.junit.runners.ParentRunner.runLeaf(ParentRunner.java:366)
	at org.junit.runners.BlockJUnit4ClassRunner.runChild(BlockJUnit4ClassRunner.java:103)
	at org.junit.runners.BlockJUnit4ClassRunner.runChild(BlockJUnit4ClassRunner.java:63)
	at org.junit.runners.ParentRunner$4.run(ParentRunner.java:331)
	at org.junit.runners.ParentRunner$1.schedule(ParentRunner.java:79)
	at org.junit.runners.ParentRunner.runChildren(ParentRunner.java:329)
	at org.junit.runners.ParentRunner.access$100(ParentRunner.java:66)
	at org.junit.runners.ParentRunner$2.evaluate(ParentRunner.java:293)
	at org.junit.internal.runners.statements.RunBefores.evaluate(RunBefores.java:26)
	at org.junit.internal.runners.statements.RunAfters.evaluate(RunAfters.java:27)
	at org.junit.runners.ParentRunner$3.evaluate(ParentRunner.java:306)
	at org.junit.runners.ParentRunner.run(ParentRunner.java:413)
	at org.junit.runner.JUnitCore.run(JUnitCore.java:137)
	at org.junit.runner.JUnitCore.run(JUnitCore.java:115)
	at org.junit.vintage.engine.execution.RunnerExecutor.execute(RunnerExecutor.java:43)
	at java.util.stream.ForEachOps$ForEachOp$OfRef.accept(ForEachOps.java:183)
	at java.util.stream.ReferencePipeline$3$1.accept(ReferencePipeline.java:193)
	at java.util.Iterator.forEachRemaining(Iterator.java:116)
	at java.util.Spliterators$IteratorSpliterator.forEachRemaining(Spliterators.java:1801)
	at java.util.stream.AbstractPipeline.copyInto(AbstractPipeline.java:482)
	at java.util.stream.AbstractPipeline.wrapAndCopyInto(AbstractPipeline.java:472)
	at java.util.stream.ForEachOps$ForEachOp.evaluateSequential(ForEachOps.java:150)
	at java.util.stream.ForEachOps$ForEachOp$OfRef.evaluateSequential(ForEachOps.java:173)
	at java.util.stream.AbstractPipeline.evaluate(AbstractPipeline.java:234)
	at java.util.stream.ReferencePipeline.forEach(ReferencePipeline.java:485)
	at org.junit.vintage.engine.VintageTestEngine.executeAllChildren(VintageTestEngine.java:82)
	at org.junit.vintage.engine.VintageTestEngine.execute(VintageTestEngine.java:73)
	at org.junit.platform.launcher.core.EngineExecutionOrchestrator.execute(EngineExecutionOrchestrator.java:108)
	at org.junit.platform.launcher.core.EngineExecutionOrchestrator.execute(EngineExecutionOrchestrator.java:88)
	at org.junit.platform.launcher.core.EngineExecutionOrchestrator.lambda$execute$0(EngineExecutionOrchestrator.java:54)
	at org.junit.platform.launcher.core.EngineExecutionOrchestrator.withInterceptedStreams(EngineExecutionOrchestrator.java:67)
	at org.junit.platform.launcher.core.EngineExecutionOrchestrator.execute(EngineExecutionOrchestrator.java:52)
	at org.junit.platform.launcher.core.DefaultLauncher.execute(DefaultLauncher.java:96)
	at org.junit.platform.launcher.core.DefaultLauncher.execute(DefaultLauncher.java:75)
	at org.apache.maven.surefire.junitplatform.JUnitPlatformProvider.invokeAllTests(JUnitPlatformProvider.java:142)
	at org.apache.maven.surefire.junitplatform.JUnitPlatformProvider.invoke(JUnitPlatformProvider.java:113)
	at org.apache.maven.surefire.booter.ForkedBooter.invokeProviderInSameClassLoader(ForkedBooter.java:384)
	at org.apache.maven.surefire.booter.ForkedBooter.runSuitesInProcess(ForkedBooter.java:345)
	at org.apache.maven.surefire.booter.ForkedBooter.execute(ForkedBooter.java:126)
	at org.apache.maven.surefire.booter.ForkedBooter.main(ForkedBooter.java:418)
</error>
  </testcase>
  <testcase name="testSCMHandlesRestartForMaintenanceNode" classname="org.apache.hadoop.ozone.scm.node.TestDecommissionAndMaintenance" time="100.002">
    <error message="Failed to obtain available cluster in time" type="java.io.IOException">java.io.IOException: Failed to obtain available cluster in time
	at org.apache.hadoop.ozone.MiniOzoneClusterProvider.provide(MiniOzoneClusterProvider.java:162)
	at org.apache.hadoop.ozone.scm.node.TestDecommissionAndMaintenance.setUp(TestDecommissionAndMaintenance.java:144)
	at sun.reflect.NativeMethodAccessorImpl.invoke0(Native Method)
	at sun.reflect.NativeMethodAccessorImpl.invoke(NativeMethodAccessorImpl.java:62)
	at sun.reflect.DelegatingMethodAccessorImpl.invoke(DelegatingMethodAccessorImpl.java:43)
	at java.lang.reflect.Method.invoke(Method.java:498)
	at org.junit.runners.model.FrameworkMethod$1.runReflectiveCall(FrameworkMethod.java:59)
	at org.junit.internal.runners.model.ReflectiveCallable.run(ReflectiveCallable.java:12)
	at org.junit.runners.model.FrameworkMethod.invokeExplosively(FrameworkMethod.java:56)
	at org.junit.internal.runners.statements.RunBefores.invokeMethod(RunBefores.java:33)
	at org.junit.internal.runners.statements.RunBefores.evaluate(RunBefores.java:24)
	at org.junit.internal.runners.statements.RunAfters.evaluate(RunAfters.java:27)
	at org.junit.runners.ParentRunner$3.evaluate(ParentRunner.java:306)
	at org.junit.runners.BlockJUnit4ClassRunner$1.evaluate(BlockJUnit4ClassRunner.java:100)
	at org.junit.runners.ParentRunner.runLeaf(ParentRunner.java:366)
	at org.junit.runners.BlockJUnit4ClassRunner.runChild(BlockJUnit4ClassRunner.java:103)
	at org.junit.runners.BlockJUnit4ClassRunner.runChild(BlockJUnit4ClassRunner.java:63)
	at org.junit.runners.ParentRunner$4.run(ParentRunner.java:331)
	at org.junit.runners.ParentRunner$1.schedule(ParentRunner.java:79)
	at org.junit.runners.ParentRunner.runChildren(ParentRunner.java:329)
	at org.junit.runners.ParentRunner.access$100(ParentRunner.java:66)
	at org.junit.runners.ParentRunner$2.evaluate(ParentRunner.java:293)
	at org.junit.internal.runners.statements.RunBefores.evaluate(RunBefores.java:26)
	at org.junit.internal.runners.statements.RunAfters.evaluate(RunAfters.java:27)
	at org.junit.runners.ParentRunner$3.evaluate(ParentRunner.java:306)
	at org.junit.runners.ParentRunner.run(ParentRunner.java:413)
	at org.junit.runner.JUnitCore.run(JUnitCore.java:137)
	at org.junit.runner.JUnitCore.run(JUnitCore.java:115)
	at org.junit.vintage.engine.execution.RunnerExecutor.execute(RunnerExecutor.java:43)
	at java.util.stream.ForEachOps$ForEachOp$OfRef.accept(ForEachOps.java:183)
	at java.util.stream.ReferencePipeline$3$1.accept(ReferencePipeline.java:193)
	at java.util.Iterator.forEachRemaining(Iterator.java:116)
	at java.util.Spliterators$IteratorSpliterator.forEachRemaining(Spliterators.java:1801)
	at java.util.stream.AbstractPipeline.copyInto(AbstractPipeline.java:482)
	at java.util.stream.AbstractPipeline.wrapAndCopyInto(AbstractPipeline.java:472)
	at java.util.stream.ForEachOps$ForEachOp.evaluateSequential(ForEachOps.java:150)
	at java.util.stream.ForEachOps$ForEachOp$OfRef.evaluateSequential(ForEachOps.java:173)
	at java.util.stream.AbstractPipeline.evaluate(AbstractPipeline.java:234)
	at java.util.stream.ReferencePipeline.forEach(ReferencePipeline.java:485)
	at org.junit.vintage.engine.VintageTestEngine.executeAllChildren(VintageTestEngine.java:82)
	at org.junit.vintage.engine.VintageTestEngine.execute(VintageTestEngine.java:73)
	at org.junit.platform.launcher.core.EngineExecutionOrchestrator.execute(EngineExecutionOrchestrator.java:108)
	at org.junit.platform.launcher.core.EngineExecutionOrchestrator.execute(EngineExecutionOrchestrator.java:88)
	at org.junit.platform.launcher.core.EngineExecutionOrchestrator.lambda$execute$0(EngineExecutionOrchestrator.java:54)
	at org.junit.platform.launcher.core.EngineExecutionOrchestrator.withInterceptedStreams(EngineExecutionOrchestrator.java:67)
	at org.junit.platform.launcher.core.EngineExecutionOrchestrator.execute(EngineExecutionOrchestrator.java:52)
	at org.junit.platform.launcher.core.DefaultLauncher.execute(DefaultLauncher.java:96)
	at org.junit.platform.launcher.core.DefaultLauncher.execute(DefaultLauncher.java:75)
	at org.apache.maven.surefire.junitplatform.JUnitPlatformProvider.invokeAllTests(JUnitPlatformProvider.java:142)
	at org.apache.maven.surefire.junitplatform.JUnitPlatformProvider.invoke(JUnitPlatformProvider.java:113)
	at org.apache.maven.surefire.booter.ForkedBooter.invokeProviderInSameClassLoader(ForkedBooter.java:384)
	at org.apache.maven.surefire.booter.ForkedBooter.runSuitesInProcess(ForkedBooter.java:345)
	at org.apache.maven.surefire.booter.ForkedBooter.execute(ForkedBooter.java:126)
	at org.apache.maven.surefire.booter.ForkedBooter.main(ForkedBooter.java:418)
</error>
  </testcase>
  <testcase name="testStoppedDecommissionedNodeTakesSCMStateOnRestart" classname="org.apache.hadoop.ozone.scm.node.TestDecommissionAndMaintenance" time="99.999">
    <error message="Failed to obtain available cluster in time" type="java.io.IOException">java.io.IOException: Failed to obtain available cluster in time
	at org.apache.hadoop.ozone.MiniOzoneClusterProvider.provide(MiniOzoneClusterProvider.java:162)
	at org.apache.hadoop.ozone.scm.node.TestDecommissionAndMaintenance.setUp(TestDecommissionAndMaintenance.java:144)
	at sun.reflect.NativeMethodAccessorImpl.invoke0(Native Method)
	at sun.reflect.NativeMethodAccessorImpl.invoke(NativeMethodAccessorImpl.java:62)
	at sun.reflect.DelegatingMethodAccessorImpl.invoke(DelegatingMethodAccessorImpl.java:43)
	at java.lang.reflect.Method.invoke(Method.java:498)
	at org.junit.runners.model.FrameworkMethod$1.runReflectiveCall(FrameworkMethod.java:59)
	at org.junit.internal.runners.model.ReflectiveCallable.run(ReflectiveCallable.java:12)
	at org.junit.runners.model.FrameworkMethod.invokeExplosively(FrameworkMethod.java:56)
	at org.junit.internal.runners.statements.RunBefores.invokeMethod(RunBefores.java:33)
	at org.junit.internal.runners.statements.RunBefores.evaluate(RunBefores.java:24)
	at org.junit.internal.runners.statements.RunAfters.evaluate(RunAfters.java:27)
	at org.junit.runners.ParentRunner$3.evaluate(ParentRunner.java:306)
	at org.junit.runners.BlockJUnit4ClassRunner$1.evaluate(BlockJUnit4ClassRunner.java:100)
	at org.junit.runners.ParentRunner.runLeaf(ParentRunner.java:366)
	at org.junit.runners.BlockJUnit4ClassRunner.runChild(BlockJUnit4ClassRunner.java:103)
	at org.junit.runners.BlockJUnit4ClassRunner.runChild(BlockJUnit4ClassRunner.java:63)
	at org.junit.runners.ParentRunner$4.run(ParentRunner.java:331)
	at org.junit.runners.ParentRunner$1.schedule(ParentRunner.java:79)
	at org.junit.runners.ParentRunner.runChildren(ParentRunner.java:329)
	at org.junit.runners.ParentRunner.access$100(ParentRunner.java:66)
	at org.junit.runners.ParentRunner$2.evaluate(ParentRunner.java:293)
	at org.junit.internal.runners.statements.RunBefores.evaluate(RunBefores.java:26)
	at org.junit.internal.runners.statements.RunAfters.evaluate(RunAfters.java:27)
	at org.junit.runners.ParentRunner$3.evaluate(ParentRunner.java:306)
	at org.junit.runners.ParentRunner.run(ParentRunner.java:413)
	at org.junit.runner.JUnitCore.run(JUnitCore.java:137)
	at org.junit.runner.JUnitCore.run(JUnitCore.java:115)
	at org.junit.vintage.engine.execution.RunnerExecutor.execute(RunnerExecutor.java:43)
	at java.util.stream.ForEachOps$ForEachOp$OfRef.accept(ForEachOps.java:183)
	at java.util.stream.ReferencePipeline$3$1.accept(ReferencePipeline.java:193)
	at java.util.Iterator.forEachRemaining(Iterator.java:116)
	at java.util.Spliterators$IteratorSpliterator.forEachRemaining(Spliterators.java:1801)
	at java.util.stream.AbstractPipeline.copyInto(AbstractPipeline.java:482)
	at java.util.stream.AbstractPipeline.wrapAndCopyInto(AbstractPipeline.java:472)
	at java.util.stream.ForEachOps$ForEachOp.evaluateSequential(ForEachOps.java:150)
	at java.util.stream.ForEachOps$ForEachOp$OfRef.evaluateSequential(ForEachOps.java:173)
	at java.util.stream.AbstractPipeline.evaluate(AbstractPipeline.java:234)
	at java.util.stream.ReferencePipeline.forEach(ReferencePipeline.java:485)
	at org.junit.vintage.engine.VintageTestEngine.executeAllChildren(VintageTestEngine.java:82)
	at org.junit.vintage.engine.VintageTestEngine.execute(VintageTestEngine.java:73)
	at org.junit.platform.launcher.core.EngineExecutionOrchestrator.execute(EngineExecutionOrchestrator.java:108)
	at org.junit.platform.launcher.core.EngineExecutionOrchestrator.execute(EngineExecutionOrchestrator.java:88)
	at org.junit.platform.launcher.core.EngineExecutionOrchestrator.lambda$execute$0(EngineExecutionOrchestrator.java:54)
	at org.junit.platform.launcher.core.EngineExecutionOrchestrator.withInterceptedStreams(EngineExecutionOrchestrator.java:67)
	at org.junit.platform.launcher.core.EngineExecutionOrchestrator.execute(EngineExecutionOrchestrator.java:52)
	at org.junit.platform.launcher.core.DefaultLauncher.execute(DefaultLauncher.java:96)
	at org.junit.platform.launcher.core.DefaultLauncher.execute(DefaultLauncher.java:75)
	at org.apache.maven.surefire.junitplatform.JUnitPlatformProvider.invokeAllTests(JUnitPlatformProvider.java:142)
	at org.apache.maven.surefire.junitplatform.JUnitPlatformProvider.invoke(JUnitPlatformProvider.java:113)
	at org.apache.maven.surefire.booter.ForkedBooter.invokeProviderInSameClassLoader(ForkedBooter.java:384)
	at org.apache.maven.surefire.booter.ForkedBooter.runSuitesInProcess(ForkedBooter.java:345)
	at org.apache.maven.surefire.booter.ForkedBooter.execute(ForkedBooter.java:126)
	at org.apache.maven.surefire.booter.ForkedBooter.main(ForkedBooter.java:418)
</error>
  </testcase>
  <testcase name="testEnteringMaintenanceNodeCompletesAfterSCMRestart" classname="org.apache.hadoop.ozone.scm.node.TestDecommissionAndMaintenance" time="100.004">
    <error message="Failed to obtain available cluster in time" type="java.io.IOException">java.io.IOException: Failed to obtain available cluster in time
	at org.apache.hadoop.ozone.MiniOzoneClusterProvider.provide(MiniOzoneClusterProvider.java:162)
	at org.apache.hadoop.ozone.scm.node.TestDecommissionAndMaintenance.setUp(TestDecommissionAndMaintenance.java:144)
	at sun.reflect.NativeMethodAccessorImpl.invoke0(Native Method)
	at sun.reflect.NativeMethodAccessorImpl.invoke(NativeMethodAccessorImpl.java:62)
	at sun.reflect.DelegatingMethodAccessorImpl.invoke(DelegatingMethodAccessorImpl.java:43)
	at java.lang.reflect.Method.invoke(Method.java:498)
	at org.junit.runners.model.FrameworkMethod$1.runReflectiveCall(FrameworkMethod.java:59)
	at org.junit.internal.runners.model.ReflectiveCallable.run(ReflectiveCallable.java:12)
	at org.junit.runners.model.FrameworkMethod.invokeExplosively(FrameworkMethod.java:56)
	at org.junit.internal.runners.statements.RunBefores.invokeMethod(RunBefores.java:33)
	at org.junit.internal.runners.statements.RunBefores.evaluate(RunBefores.java:24)
	at org.junit.internal.runners.statements.RunAfters.evaluate(RunAfters.java:27)
	at org.junit.runners.ParentRunner$3.evaluate(ParentRunner.java:306)
	at org.junit.runners.BlockJUnit4ClassRunner$1.evaluate(BlockJUnit4ClassRunner.java:100)
	at org.junit.runners.ParentRunner.runLeaf(ParentRunner.java:366)
	at org.junit.runners.BlockJUnit4ClassRunner.runChild(BlockJUnit4ClassRunner.java:103)
	at org.junit.runners.BlockJUnit4ClassRunner.runChild(BlockJUnit4ClassRunner.java:63)
	at org.junit.runners.ParentRunner$4.run(ParentRunner.java:331)
	at org.junit.runners.ParentRunner$1.schedule(ParentRunner.java:79)
	at org.junit.runners.ParentRunner.runChildren(ParentRunner.java:329)
	at org.junit.runners.ParentRunner.access$100(ParentRunner.java:66)
	at org.junit.runners.ParentRunner$2.evaluate(ParentRunner.java:293)
	at org.junit.internal.runners.statements.RunBefores.evaluate(RunBefores.java:26)
	at org.junit.internal.runners.statements.RunAfters.evaluate(RunAfters.java:27)
	at org.junit.runners.ParentRunner$3.evaluate(ParentRunner.java:306)
	at org.junit.runners.ParentRunner.run(ParentRunner.java:413)
	at org.junit.runner.JUnitCore.run(JUnitCore.java:137)
	at org.junit.runner.JUnitCore.run(JUnitCore.java:115)
	at org.junit.vintage.engine.execution.RunnerExecutor.execute(RunnerExecutor.java:43)
	at java.util.stream.ForEachOps$ForEachOp$OfRef.accept(ForEachOps.java:183)
	at java.util.stream.ReferencePipeline$3$1.accept(ReferencePipeline.java:193)
	at java.util.Iterator.forEachRemaining(Iterator.java:116)
	at java.util.Spliterators$IteratorSpliterator.forEachRemaining(Spliterators.java:1801)
	at java.util.stream.AbstractPipeline.copyInto(AbstractPipeline.java:482)
	at java.util.stream.AbstractPipeline.wrapAndCopyInto(AbstractPipeline.java:472)
	at java.util.stream.ForEachOps$ForEachOp.evaluateSequential(ForEachOps.java:150)
	at java.util.stream.ForEachOps$ForEachOp$OfRef.evaluateSequential(ForEachOps.java:173)
	at java.util.stream.AbstractPipeline.evaluate(AbstractPipeline.java:234)
	at java.util.stream.ReferencePipeline.forEach(ReferencePipeline.java:485)
	at org.junit.vintage.engine.VintageTestEngine.executeAllChildren(VintageTestEngine.java:82)
	at org.junit.vintage.engine.VintageTestEngine.execute(VintageTestEngine.java:73)
	at org.junit.platform.launcher.core.EngineExecutionOrchestrator.execute(EngineExecutionOrchestrator.java:108)
	at org.junit.platform.launcher.core.EngineExecutionOrchestrator.execute(EngineExecutionOrchestrator.java:88)
	at org.junit.platform.launcher.core.EngineExecutionOrchestrator.lambda$execute$0(EngineExecutionOrchestrator.java:54)
	at org.junit.platform.launcher.core.EngineExecutionOrchestrator.withInterceptedStreams(EngineExecutionOrchestrator.java:67)
	at org.junit.platform.launcher.core.EngineExecutionOrchestrator.execute(EngineExecutionOrchestrator.java:52)
	at org.junit.platform.launcher.core.DefaultLauncher.execute(DefaultLauncher.java:96)
	at org.junit.platform.launcher.core.DefaultLauncher.execute(DefaultLauncher.java:75)
	at org.apache.maven.surefire.junitplatform.JUnitPlatformProvider.invokeAllTests(JUnitPlatformProvider.java:142)
	at org.apache.maven.surefire.junitplatform.JUnitPlatformProvider.invoke(JUnitPlatformProvider.java:113)
	at org.apache.maven.surefire.booter.ForkedBooter.invokeProviderInSameClassLoader(ForkedBooter.java:384)
	at org.apache.maven.surefire.booter.ForkedBooter.runSuitesInProcess(ForkedBooter.java:345)
	at org.apache.maven.surefire.booter.ForkedBooter.execute(ForkedBooter.java:126)
	at org.apache.maven.surefire.booter.ForkedBooter.main(ForkedBooter.java:418)
</error>
  </testcase>
  <testcase name="testDecommissioningNodesCompleteDecommissionOnSCMRestart" classname="org.apache.hadoop.ozone.scm.node.TestDecommissionAndMaintenance" time="100.047">
    <error message="Failed to obtain available cluster in time" type="java.io.IOException">java.io.IOException: Failed to obtain available cluster in time
	at org.apache.hadoop.ozone.MiniOzoneClusterProvider.provide(MiniOzoneClusterProvider.java:162)
	at org.apache.hadoop.ozone.scm.node.TestDecommissionAndMaintenance.setUp(TestDecommissionAndMaintenance.java:144)
	at sun.reflect.NativeMethodAccessorImpl.invoke0(Native Method)
	at sun.reflect.NativeMethodAccessorImpl.invoke(NativeMethodAccessorImpl.java:62)
	at sun.reflect.DelegatingMethodAccessorImpl.invoke(DelegatingMethodAccessorImpl.java:43)
	at java.lang.reflect.Method.invoke(Method.java:498)
	at org.junit.runners.model.FrameworkMethod$1.runReflectiveCall(FrameworkMethod.java:59)
	at org.junit.internal.runners.model.ReflectiveCallable.run(ReflectiveCallable.java:12)
	at org.junit.runners.model.FrameworkMethod.invokeExplosively(FrameworkMethod.java:56)
	at org.junit.internal.runners.statements.RunBefores.invokeMethod(RunBefores.java:33)
	at org.junit.internal.runners.statements.RunBefores.evaluate(RunBefores.java:24)
	at org.junit.internal.runners.statements.RunAfters.evaluate(RunAfters.java:27)
	at org.junit.runners.ParentRunner$3.evaluate(ParentRunner.java:306)
	at org.junit.runners.BlockJUnit4ClassRunner$1.evaluate(BlockJUnit4ClassRunner.java:100)
	at org.junit.runners.ParentRunner.runLeaf(ParentRunner.java:366)
	at org.junit.runners.BlockJUnit4ClassRunner.runChild(BlockJUnit4ClassRunner.java:103)
	at org.junit.runners.BlockJUnit4ClassRunner.runChild(BlockJUnit4ClassRunner.java:63)
	at org.junit.runners.ParentRunner$4.run(ParentRunner.java:331)
	at org.junit.runners.ParentRunner$1.schedule(ParentRunner.java:79)
	at org.junit.runners.ParentRunner.runChildren(ParentRunner.java:329)
	at org.junit.runners.ParentRunner.access$100(ParentRunner.java:66)
	at org.junit.runners.ParentRunner$2.evaluate(ParentRunner.java:293)
	at org.junit.internal.runners.statements.RunBefores.evaluate(RunBefores.java:26)
	at org.junit.internal.runners.statements.RunAfters.evaluate(RunAfters.java:27)
	at org.junit.runners.ParentRunner$3.evaluate(ParentRunner.java:306)
	at org.junit.runners.ParentRunner.run(ParentRunner.java:413)
	at org.junit.runner.JUnitCore.run(JUnitCore.java:137)
	at org.junit.runner.JUnitCore.run(JUnitCore.java:115)
	at org.junit.vintage.engine.execution.RunnerExecutor.execute(RunnerExecutor.java:43)
	at java.util.stream.ForEachOps$ForEachOp$OfRef.accept(ForEachOps.java:183)
	at java.util.stream.ReferencePipeline$3$1.accept(ReferencePipeline.java:193)
	at java.util.Iterator.forEachRemaining(Iterator.java:116)
	at java.util.Spliterators$IteratorSpliterator.forEachRemaining(Spliterators.java:1801)
	at java.util.stream.AbstractPipeline.copyInto(AbstractPipeline.java:482)
	at java.util.stream.AbstractPipeline.wrapAndCopyInto(AbstractPipeline.java:472)
	at java.util.stream.ForEachOps$ForEachOp.evaluateSequential(ForEachOps.java:150)
	at java.util.stream.ForEachOps$ForEachOp$OfRef.evaluateSequential(ForEachOps.java:173)
	at java.util.stream.AbstractPipeline.evaluate(AbstractPipeline.java:234)
	at java.util.stream.ReferencePipeline.forEach(ReferencePipeline.java:485)
	at org.junit.vintage.engine.VintageTestEngine.executeAllChildren(VintageTestEngine.java:82)
	at org.junit.vintage.engine.VintageTestEngine.execute(VintageTestEngine.java:73)
	at org.junit.platform.launcher.core.EngineExecutionOrchestrator.execute(EngineExecutionOrchestrator.java:108)
	at org.junit.platform.launcher.core.EngineExecutionOrchestrator.execute(EngineExecutionOrchestrator.java:88)
	at org.junit.platform.launcher.core.EngineExecutionOrchestrator.lambda$execute$0(EngineExecutionOrchestrator.java:54)
	at org.junit.platform.launcher.core.EngineExecutionOrchestrator.withInterceptedStreams(EngineExecutionOrchestrator.java:67)
	at org.junit.platform.launcher.core.EngineExecutionOrchestrator.execute(EngineExecutionOrchestrator.java:52)
	at org.junit.platform.launcher.core.DefaultLauncher.execute(DefaultLauncher.java:96)
	at org.junit.platform.launcher.core.DefaultLauncher.execute(DefaultLauncher.java:75)
	at org.apache.maven.surefire.junitplatform.JUnitPlatformProvider.invokeAllTests(JUnitPlatformProvider.java:142)
	at org.apache.maven.surefire.junitplatform.JUnitPlatformProvider.invoke(JUnitPlatformProvider.java:113)
	at org.apache.maven.surefire.booter.ForkedBooter.invokeProviderInSameClassLoader(ForkedBooter.java:384)
	at org.apache.maven.surefire.booter.ForkedBooter.runSuitesInProcess(ForkedBooter.java:345)
	at org.apache.maven.surefire.booter.ForkedBooter.execute(ForkedBooter.java:126)
	at org.apache.maven.surefire.booter.ForkedBooter.main(ForkedBooter.java:418)
</error>
  </testcase>
</testsuite>