<?xml version="1.0" encoding="UTF-8"?>
<testsuite xmlns:xsi="http://www.w3.org/2001/XMLSchema-instance" xsi:noNamespaceSchemaLocation="https://maven.apache.org/surefire/maven-surefire-plugin/xsd/surefire-test-report-3.0.xsd" version="3.0" name="org.apache.hadoop.ozone.om.TestAddRemoveOzoneManager" time="109.805" tests="3" errors="1" skipped="0" failures="0">
  <properties>
    <property name="java.specification.version" value="17"/>
    <property name="sun.jnu.encoding" value="UTF-8"/>
    <property name="java.class.path" value="/home/runner/work/ozone/ozone/hadoop-ozone/integration-test/target/test-classes:/home/runner/work/ozone/ozone/hadoop-ozone/integration-test/target/classes:/home/runner/work/ozone/ozone/hadoop-ozone/common/target/ozone-common-1.5.0-SNAPSHOT.jar:/home/runner/.m2/repository/io/grpc/grpc-netty/1.58.0/grpc-netty-1.58.0.jar:/home/runner/.m2/repository/io/grpc/grpc-core/1.58.0/grpc-core-1.58.0.jar:/home/runner/.m2/repository/com/google/android/annotations/4.1.1.4/annotations-4.1.1.4.jar:/home/runner/.m2/repository/org/codehaus/mojo/animal-sniffer-annotations/1.23/animal-sniffer-annotations-1.23.jar:/home/runner/.m2/repository/io/grpc/grpc-context/1.58.0/grpc-context-1.58.0.jar:/home/runner/.m2/repository/io/grpc/grpc-util/1.58.0/grpc-util-1.58.0.jar:/home/runner/.m2/repository/com/google/errorprone/error_prone_annotations/2.29.2/error_prone_annotations-2.29.2.jar:/home/runner/.m2/repository/io/perfmark/perfmark-api/0.26.0/perfmark-api-0.26.0.jar:/home/runner/.m2/repository/io/netty/netty-codec-http2/4.1.109.Final/netty-codec-http2-4.1.109.Final.jar:/home/runner/.m2/repository/io/netty/netty-codec-http/4.1.109.Final/netty-codec-http-4.1.109.Final.jar:/home/runner/.m2/repository/io/netty/netty-handler-proxy/4.1.109.Final/netty-handler-proxy-4.1.109.Final.jar:/home/runner/.m2/repository/io/netty/netty-codec-socks/4.1.109.Final/netty-codec-socks-4.1.109.Final.jar:/home/runner/.m2/repository/io/netty/netty-tcnative-boringssl-static/2.0.65.Final/netty-tcnative-boringssl-static-2.0.65.Final.jar:/home/runner/.m2/repository/io/netty/netty-tcnative-classes/2.0.65.Final/netty-tcnative-classes-2.0.65.Final.jar:/home/runner/.m2/repository/io/netty/netty-tcnative-boringssl-static/2.0.65.Final/netty-tcnative-boringssl-static-2.0.65.Final-linux-x86_64.jar:/home/runner/.m2/repository/io/netty/netty-tcnative-boringssl-static/2.0.65.Final/netty-tcnative-boringssl-static-2.0.65.Final-linux-aarch_64.jar:/home/runner/.m2/repository/io/netty/netty-tcnative-boringssl-static/2.0.65.Final/netty-tcnative-boringssl-static-2.0.65.Final-osx-x86_64.jar:/home/runner/.m2/repository/io/netty/netty-tcnative-boringssl-static/2.0.65.Final/netty-tcnative-boringssl-static-2.0.65.Final-osx-aarch_64.jar:/home/runner/.m2/repository/io/netty/netty-tcnative-boringssl-static/2.0.65.Final/netty-tcnative-boringssl-static-2.0.65.Final-windows-x86_64.jar:/home/runner/.m2/repository/org/apache/commons/commons-compress/1.27.0/commons-compress-1.27.0.jar:/home/runner/work/ozone/ozone/hadoop-hdds/common/target/hdds-common-1.5.0-SNAPSHOT.jar:/home/runner/work/ozone/ozone/hadoop-hdds/client/target/hdds-client-1.5.0-SNAPSHOT.jar:/home/runner/work/ozone/ozone/hadoop-hdds/config/target/hdds-config-1.5.0-SNAPSHOT.jar:/home/runner/work/ozone/ozone/hadoop-hdds/interface-client/target/hdds-interface-client-1.5.0-SNAPSHOT.jar:/home/runner/.m2/repository/org/apache/hadoop/thirdparty/hadoop-shaded-protobuf_3_7/1.1.1/hadoop-shaded-protobuf_3_7-1.1.1.jar:/home/runner/work/ozone/ozone/hadoop-ozone/interface-client/target/ozone-interface-client-1.5.0-SNAPSHOT.jar:/home/runner/.m2/repository/org/apache/hadoop/hadoop-hdfs-client/3.3.6/hadoop-hdfs-client-3.3.6.jar:/home/runner/.m2/repository/com/squareup/okhttp3/okhttp/4.12.0/okhttp-4.12.0.jar:/home/runner/.m2/repository/com/squareup/okio/okio/3.6.0/okio-3.6.0.jar:/home/runner/.m2/repository/com/squareup/okio/okio-jvm/3.6.0/okio-jvm-3.6.0.jar:/home/runner/.m2/repository/org/jetbrains/kotlin/kotlin-stdlib-jdk8/1.9.25/kotlin-stdlib-jdk8-1.9.25.jar:/home/runner/.m2/repository/org/jetbrains/kotlin/kotlin-stdlib-jdk7/1.9.25/kotlin-stdlib-jdk7-1.9.25.jar:/home/runner/.m2/repository/org/jetbrains/kotlin/kotlin-stdlib-common/1.9.25/kotlin-stdlib-common-1.9.25.jar:/home/runner/.m2/repository/org/apache/httpcomponents/httpclient/4.5.14/httpclient-4.5.14.jar:/home/runner/.m2/repository/org/apache/httpcomponents/httpcore/4.4.16/httpcore-4.4.16.jar:/home/runner/.m2/repository/org/apache/ratis/ratis-common/3.1.0/ratis-common-3.1.0.jar:/home/runner/.m2/repository/org/apache/ratis/ratis-proto/3.1.0/ratis-proto-3.1.0.jar:/home/runner/.m2/repository/org/apache/ratis/ratis-thirdparty-misc/1.0.6/ratis-thirdparty-misc-1.0.6.jar:/home/runner/.m2/repository/org/slf4j/slf4j-api/2.0.16/slf4j-api-2.0.16.jar:/home/runner/.m2/repository/com/fasterxml/jackson/core/jackson-annotations/2.16.2/jackson-annotations-2.16.2.jar:/home/runner/.m2/repository/com/fasterxml/jackson/core/jackson-databind/2.16.2/jackson-databind-2.16.2.jar:/home/runner/.m2/repository/com/github/stephenc/jcip/jcip-annotations/1.0-1/jcip-annotations-1.0-1.jar:/home/runner/.m2/repository/com/google/guava/guava/32.1.3-jre/guava-32.1.3-jre.jar:/home/runner/.m2/repository/com/google/guava/failureaccess/1.0.1/failureaccess-1.0.1.jar:/home/runner/.m2/repository/com/google/guava/listenablefuture/9999.0-empty-to-avoid-conflict-with-guava/listenablefuture-9999.0-empty-to-avoid-conflict-with-guava.jar:/home/runner/.m2/repository/org/checkerframework/checker-qual/3.37.0/checker-qual-3.37.0.jar:/home/runner/.m2/repository/com/google/j2objc/j2objc-annotations/2.8/j2objc-annotations-2.8.jar:/home/runner/.m2/repository/com/google/protobuf/protobuf-java/2.5.0/protobuf-java-2.5.0.jar:/home/runner/.m2/repository/io/grpc/grpc-api/1.58.0/grpc-api-1.58.0.jar:/home/runner/.m2/repository/io/grpc/grpc-stub/1.58.0/grpc-stub-1.58.0.jar:/home/runner/.m2/repository/io/netty/netty-common/4.1.109.Final/netty-common-4.1.109.Final.jar:/home/runner/.m2/repository/io/netty/netty-handler/4.1.109.Final/netty-handler-4.1.109.Final.jar:/home/runner/.m2/repository/io/netty/netty-resolver/4.1.109.Final/netty-resolver-4.1.109.Final.jar:/home/runner/.m2/repository/jakarta/annotation/jakarta.annotation-api/2.1.1/jakarta.annotation-api-2.1.1.jar:/home/runner/work/ozone/ozone/hadoop-hdds/test-utils/target/hdds-test-utils-1.5.0-SNAPSHOT.jar:/home/runner/.m2/repository/org/assertj/assertj-core/3.26.3/assertj-core-3.26.3.jar:/home/runner/.m2/repository/net/bytebuddy/byte-buddy/1.14.18/byte-buddy-1.14.18.jar:/home/runner/.m2/repository/commons-io/commons-io/2.16.1/commons-io-2.16.1.jar:/home/runner/.m2/repository/commons-logging/commons-logging/1.2/commons-logging-1.2.jar:/home/runner/.m2/repository/org/junit/jupiter/junit-jupiter-api/5.10.3/junit-jupiter-api-5.10.3.jar:/home/runner/.m2/repository/org/opentest4j/opentest4j/1.3.0/opentest4j-1.3.0.jar:/home/runner/.m2/repository/org/junit/platform/junit-platform-commons/1.10.3/junit-platform-commons-1.10.3.jar:/home/runner/.m2/repository/ch/qos/reload4j/reload4j/1.2.25/reload4j-1.2.25.jar:/home/runner/.m2/repository/org/apache/logging/log4j/log4j-api/2.23.1/log4j-api-2.23.1.jar:/home/runner/work/ozone/ozone/hadoop-hdds/server-scm/target/hdds-server-scm-1.5.0-SNAPSHOT.jar:/home/runner/work/ozone/ozone/hadoop-hdds/container-service/target/hdds-container-service-1.5.0-SNAPSHOT.jar:/home/runner/work/ozone/ozone/hadoop-hdds/hadoop-dependency-server/target/hdds-hadoop-dependency-server-1.5.0-SNAPSHOT.jar:/home/runner/.m2/repository/com/nimbusds/nimbus-jose-jwt/9.40/nimbus-jose-jwt-9.40.jar:/home/runner/.m2/repository/org/apache/hadoop/hadoop-hdfs/3.3.6/hadoop-hdfs-3.3.6.jar:/home/runner/.m2/repository/commons-daemon/commons-daemon/1.4.0/commons-daemon-1.4.0.jar:/home/runner/.m2/repository/org/apache/kerby/kerb-core/1.0.1/kerb-core-1.0.1.jar:/home/runner/.m2/repository/org/apache/kerby/kerby-pkix/1.0.1/kerby-pkix-1.0.1.jar:/home/runner/.m2/repository/org/apache/kerby/kerby-asn1/1.0.1/kerby-asn1-1.0.1.jar:/home/runner/.m2/repository/org/apache/kerby/kerb-util/1.0.1/kerb-util-1.0.1.jar:/home/runner/.m2/repository/org/apache/kerby/kerby-config/1.0.1/kerby-config-1.0.1.jar:/home/runner/.m2/repository/org/apache/kerby/kerb-crypto/1.0.1/kerb-crypto-1.0.1.jar:/home/runner/.m2/repository/org/xerial/snappy/snappy-java/1.1.10.5/snappy-java-1.1.10.5.jar:/home/runner/work/ozone/ozone/hadoop-hdds/interface-admin/target/hdds-interface-admin-1.5.0-SNAPSHOT.jar:/home/runner/work/ozone/ozone/hadoop-hdds/interface-server/target/hdds-interface-server-1.5.0-SNAPSHOT.jar:/home/runner/work/ozone/ozone/hadoop-hdds/framework/target/hdds-server-framework-1.5.0-SNAPSHOT.jar:/home/runner/.m2/repository/org/apache/ratis/ratis-client/3.1.0/ratis-client-3.1.0.jar:/home/runner/.m2/repository/org/apache/ratis/ratis-grpc/3.1.0/ratis-grpc-3.1.0.jar:/home/runner/.m2/repository/org/apache/ratis/ratis-netty/3.1.0/ratis-netty-3.1.0.jar:/home/runner/.m2/repository/org/apache/ratis/ratis-server-api/3.1.0/ratis-server-api-3.1.0.jar:/home/runner/.m2/repository/org/bouncycastle/bcpkix-jdk18on/1.78.1/bcpkix-jdk18on-1.78.1.jar:/home/runner/.m2/repository/org/bouncycastle/bcprov-jdk18on/1.78.1/bcprov-jdk18on-1.78.1.jar:/home/runner/.m2/repository/io/dropwizard/metrics/metrics-core/3.2.6/metrics-core-3.2.6.jar:/home/runner/.m2/repository/org/apache/commons/commons-text/1.12.0/commons-text-1.12.0.jar:/home/runner/.m2/repository/org/eclipse/jetty/jetty-webapp/9.4.55.v20240627/jetty-webapp-9.4.55.v20240627.jar:/home/runner/.m2/repository/org/eclipse/jetty/jetty-xml/9.4.55.v20240627/jetty-xml-9.4.55.v20240627.jar:/home/runner/.m2/repository/com/fasterxml/jackson/core/jackson-core/2.16.2/jackson-core-2.16.2.jar:/home/runner/.m2/repository/info/picocli/picocli/4.7.6/picocli-4.7.6.jar:/home/runner/.m2/repository/javax/servlet/javax.servlet-api/3.1.0/javax.servlet-api-3.1.0.jar:/home/runner/.m2/repository/commons-collections/commons-collections/3.2.2/commons-collections-3.2.2.jar:/home/runner/work/ozone/ozone/hadoop-hdds/framework/target/hdds-server-framework-1.5.0-SNAPSHOT-tests.jar:/home/runner/work/ozone/ozone/hadoop-hdds/managed-rocksdb/target/hdds-managed-rocksdb-1.5.0-SNAPSHOT.jar:/home/runner/.m2/repository/org/slf4j/slf4j-reload4j/2.0.16/slf4j-reload4j-2.0.16.jar:/home/runner/.m2/repository/org/apache/commons/commons-configuration2/2.10.1/commons-configuration2-2.10.1.jar:/home/runner/.m2/repository/commons-codec/commons-codec/1.17.0/commons-codec-1.17.0.jar:/home/runner/.m2/repository/commons-fileupload/commons-fileupload/1.5/commons-fileupload-1.5.jar:/home/runner/.m2/repository/commons-validator/commons-validator/1.6/commons-validator-1.6.jar:/home/runner/.m2/repository/commons-beanutils/commons-beanutils/1.9.4/commons-beanutils-1.9.4.jar:/home/runner/.m2/repository/commons-digester/commons-digester/1.8.1/commons-digester-1.8.1.jar:/home/runner/.m2/repository/org/apache/logging/log4j/log4j-core/2.23.1/log4j-core-2.23.1.jar:/home/runner/.m2/repository/com/lmax/disruptor/3.4.4/disruptor-3.4.4.jar:/home/runner/.m2/repository/org/eclipse/jetty/jetty-http/9.4.55.v20240627/jetty-http-9.4.55.v20240627.jar:/home/runner/.m2/repository/org/eclipse/jetty/jetty-io/9.4.55.v20240627/jetty-io-9.4.55.v20240627.jar:/home/runner/.m2/repository/org/eclipse/jetty/jetty-util/9.4.55.v20240627/jetty-util-9.4.55.v20240627.jar:/home/runner/.m2/repository/org/eclipse/jetty/jetty-server/9.4.55.v20240627/jetty-server-9.4.55.v20240627.jar:/home/runner/.m2/repository/org/eclipse/jetty/jetty-servlet/9.4.55.v20240627/jetty-servlet-9.4.55.v20240627.jar:/home/runner/.m2/repository/org/eclipse/jetty/jetty-security/9.4.55.v20240627/jetty-security-9.4.55.v20240627.jar:/home/runner/.m2/repository/org/eclipse/jetty/jetty-util-ajax/9.4.55.v20240627/jetty-util-ajax-9.4.55.v20240627.jar:/home/runner/.m2/repository/org/glassfish/jersey/core/jersey-server/2.43/jersey-server-2.43.jar:/home/runner/.m2/repository/org/glassfish/jersey/core/jersey-client/2.43/jersey-client-2.43.jar:/home/runner/.m2/repository/org/glassfish/jersey/containers/jersey-container-servlet-core/2.43/jersey-container-servlet-core-2.43.jar:/home/runner/.m2/repository/org/rocksdb/rocksdbjni/7.7.3/rocksdbjni-7.7.3.jar:/home/runner/.m2/repository/org/apache/ratis/ratis-metrics-api/3.1.0/ratis-metrics-api-3.1.0.jar:/home/runner/.m2/repository/org/apache/ratis/ratis-metrics-dropwizard3/3.1.0/ratis-metrics-dropwizard3-3.1.0.jar:/home/runner/.m2/repository/io/opentracing/opentracing-api/0.33.0/opentracing-api-0.33.0.jar:/home/runner/.m2/repository/io/prometheus/simpleclient/0.16.0/simpleclient-0.16.0.jar:/home/runner/.m2/repository/io/prometheus/simpleclient_dropwizard/0.16.0/simpleclient_dropwizard-0.16.0.jar:/home/runner/.m2/repository/io/prometheus/simpleclient_common/0.16.0/simpleclient_common-0.16.0.jar:/home/runner/.m2/repository/com/fasterxml/jackson/datatype/jackson-datatype-jsr310/2.16.2/jackson-datatype-jsr310-2.16.2.jar:/home/runner/.m2/repository/com/github/jnr/jnr-constants/0.10.4/jnr-constants-0.10.4.jar:/home/runner/.m2/repository/com/github/jnr/jnr-posix/3.1.19/jnr-posix-3.1.19.jar:/home/runner/.m2/repository/com/github/jnr/jnr-ffi/2.2.16/jnr-ffi-2.2.16.jar:/home/runner/.m2/repository/com/github/jnr/jffi/1.3.13/jffi-1.3.13.jar:/home/runner/.m2/repository/com/github/jnr/jffi/1.3.13/jffi-1.3.13-native.jar:/home/runner/.m2/repository/org/ow2/asm/asm/9.2/asm-9.2.jar:/home/runner/.m2/repository/org/ow2/asm/asm-commons/9.2/asm-commons-9.2.jar:/home/runner/.m2/repository/org/ow2/asm/asm-analysis/9.2/asm-analysis-9.2.jar:/home/runner/.m2/repository/org/ow2/asm/asm-tree/9.2/asm-tree-9.2.jar:/home/runner/.m2/repository/org/ow2/asm/asm-util/9.2/asm-util-9.2.jar:/home/runner/.m2/repository/com/github/jnr/jnr-a64asm/1.0.0/jnr-a64asm-1.0.0.jar:/home/runner/.m2/repository/com/github/jnr/jnr-x86asm/1.0.2/jnr-x86asm-1.0.2.jar:/home/runner/.m2/repository/com/google/code/gson/gson/2.10.1/gson-2.10.1.jar:/home/runner/work/ozone/ozone/hadoop-hdds/rocksdb-checkpoint-differ/target/rocksdb-checkpoint-differ-1.5.0-SNAPSHOT.jar:/home/runner/.m2/repository/org/jgrapht/jgrapht-core/1.4.0/jgrapht-core-1.4.0.jar:/home/runner/.m2/repository/org/jheaps/jheaps/0.11/jheaps-0.11.jar:/home/runner/.m2/repository/org/jgrapht/jgrapht-ext/1.4.0/jgrapht-ext-1.4.0.jar:/home/runner/.m2/repository/com/github/vlsi/mxgraph/jgraphx/3.9.8.1/jgraphx-3.9.8.1.jar:/home/runner/.m2/repository/jakarta/ws/rs/jakarta.ws.rs-api/2.1.6/jakarta.ws.rs-api-2.1.6.jar:/home/runner/work/ozone/ozone/hadoop-ozone/ozone-manager/target/ozone-manager-1.5.0-SNAPSHOT.jar:/home/runner/.m2/repository/org/aspectj/aspectjrt/1.9.7/aspectjrt-1.9.7.jar:/home/runner/.m2/repository/org/aspectj/aspectjweaver/1.9.7/aspectjweaver-1.9.7.jar:/home/runner/work/ozone/ozone/hadoop-ozone/interface-storage/target/ozone-interface-storage-1.5.0-SNAPSHOT.jar:/home/runner/.m2/repository/org/apache/kerby/kerby-util/1.0.1/kerby-util-1.0.1.jar:/home/runner/.m2/repository/io/netty/netty-transport/4.1.109.Final/netty-transport-4.1.109.Final.jar:/home/runner/.m2/repository/org/reflections/reflections/0.10.2/reflections-0.10.2.jar:/home/runner/.m2/repository/com/sun/jersey/jersey-client/1.19.4/jersey-client-1.19.4.jar:/home/runner/.m2/repository/jakarta/xml/bind/jakarta.xml.bind-api/2.3.3/jakarta.xml.bind-api-2.3.3.jar:/home/runner/.m2/repository/org/codehaus/jackson/jackson-core-asl/1.9.13/jackson-core-asl-1.9.13.jar:/home/runner/.m2/repository/org/codehaus/jackson/jackson-mapper-asl/1.9.13/jackson-mapper-asl-1.9.13.jar:/home/runner/.m2/repository/org/codehaus/jackson/jackson-jaxrs/1.9.13/jackson-jaxrs-1.9.13.jar:/home/runner/.m2/repository/org/apache/ranger/ranger-plugins-common/2.3.0/ranger-plugins-common-2.3.0.jar:/home/runner/.m2/repository/commons-lang/commons-lang/2.6/commons-lang-2.6.jar:/home/runner/.m2/repository/org/apache/ranger/ranger-plugins-cred/2.3.0/ranger-plugins-cred-2.3.0.jar:/home/runner/.m2/repository/org/apache/ranger/ranger-plugins-audit/2.3.0/ranger-plugins-audit-2.3.0.jar:/home/runner/.m2/repository/org/eclipse/jetty/jetty-client/9.4.55.v20240627/jetty-client-9.4.55.v20240627.jar:/home/runner/.m2/repository/org/apache/httpcomponents/httpmime/4.5.6/httpmime-4.5.6.jar:/home/runner/.m2/repository/org/apache/httpcomponents/httpcore-nio/4.4.16/httpcore-nio-4.4.16.jar:/home/runner/.m2/repository/org/apache/httpcomponents/httpasyncclient/4.1.3/httpasyncclient-4.1.3.jar:/home/runner/.m2/repository/com/carrotsearch/hppc/0.8.0/hppc-0.8.0.jar:/home/runner/.m2/repository/org/apache/orc/orc-core/1.5.8/orc-core-1.5.8.jar:/home/runner/.m2/repository/net/java/dev/jna/jna/5.2.0/jna-5.2.0.jar:/home/runner/.m2/repository/net/java/dev/jna/jna-platform/5.2.0/jna-platform-5.2.0.jar:/home/runner/.m2/repository/com/kstruct/gethostname4j/0.0.2/gethostname4j-0.0.2.jar:/home/runner/.m2/repository/org/apache/ranger/ranger-plugin-classloader/2.3.0/ranger-plugin-classloader-2.3.0.jar:/home/runner/.m2/repository/org/apache/ranger/ranger-intg/2.3.0/ranger-intg-2.3.0.jar:/home/runner/work/ozone/ozone/hadoop-hdds/rocks-native/target/hdds-rocks-native-1.5.0-SNAPSHOT.jar:/home/runner/.m2/repository/org/apache/hadoop/hadoop-minikdc/3.3.6/hadoop-minikdc-3.3.6.jar:/home/runner/.m2/repository/org/apache/kerby/kerb-simplekdc/1.0.1/kerb-simplekdc-1.0.1.jar:/home/runner/.m2/repository/org/apache/kerby/kerb-client/1.0.1/kerb-client-1.0.1.jar:/home/runner/.m2/repository/org/apache/kerby/kerb-common/1.0.1/kerb-common-1.0.1.jar:/home/runner/.m2/repository/org/apache/kerby/token-provider/1.0.1/token-provider-1.0.1.jar:/home/runner/.m2/repository/org/apache/kerby/kerb-admin/1.0.1/kerb-admin-1.0.1.jar:/home/runner/.m2/repository/org/apache/kerby/kerb-server/1.0.1/kerb-server-1.0.1.jar:/home/runner/.m2/repository/org/apache/kerby/kerb-identity/1.0.1/kerb-identity-1.0.1.jar:/home/runner/.m2/repository/org/apache/kerby/kerby-xdr/1.0.1/kerby-xdr-1.0.1.jar:/home/runner/.m2/repository/junit/junit/4.13.2/junit-4.13.2.jar:/home/runner/.m2/repository/org/hamcrest/hamcrest-core/1.3/hamcrest-core-1.3.jar:/home/runner/work/ozone/ozone/hadoop-ozone/s3gateway/target/ozone-s3gateway-1.5.0-SNAPSHOT.jar:/home/runner/.m2/repository/org/javassist/javassist/3.30.2-GA/javassist-3.30.2-GA.jar:/home/runner/.m2/repository/org/jboss/weld/servlet/weld-servlet-shaded/3.1.9.Final/weld-servlet-shaded-3.1.9.Final.jar:/home/runner/.m2/repository/org/glassfish/jersey/core/jersey-common/2.43/jersey-common-2.43.jar:/home/runner/.m2/repository/org/glassfish/hk2/osgi-resource-locator/1.0.3/osgi-resource-locator-1.0.3.jar:/home/runner/.m2/repository/org/glassfish/jersey/ext/cdi/jersey-cdi1x/2.43/jersey-cdi1x-2.43.jar:/home/runner/.m2/repository/org/glassfish/jersey/inject/jersey-hk2/2.43/jersey-hk2-2.43.jar:/home/runner/.m2/repository/org/glassfish/hk2/hk2-locator/2.6.1/hk2-locator-2.6.1.jar:/home/runner/.m2/repository/org/glassfish/jersey/media/jersey-media-jaxb/2.43/jersey-media-jaxb-2.43.jar:/home/runner/.m2/repository/org/glassfish/hk2/hk2-api/2.6.1/hk2-api-2.6.1.jar:/home/runner/.m2/repository/org/glassfish/hk2/hk2-utils/2.6.1/hk2-utils-2.6.1.jar:/home/runner/.m2/repository/org/glassfish/hk2/external/aopalliance-repackaged/2.6.1/aopalliance-repackaged-2.6.1.jar:/home/runner/.m2/repository/com/fasterxml/jackson/dataformat/jackson-dataformat-xml/2.16.2/jackson-dataformat-xml-2.16.2.jar:/home/runner/.m2/repository/org/codehaus/woodstox/stax2-api/4.2.2/stax2-api-4.2.2.jar:/home/runner/.m2/repository/com/fasterxml/woodstox/woodstox-core/5.4.0/woodstox-core-5.4.0.jar:/home/runner/.m2/repository/com/fasterxml/jackson/module/jackson-module-jaxb-annotations/2.16.2/jackson-module-jaxb-annotations-2.16.2.jar:/home/runner/.m2/repository/javax/annotation/javax.annotation-api/1.3.2/javax.annotation-api-1.3.2.jar:/home/runner/.m2/repository/javax/enterprise/cdi-api/2.0/cdi-api-2.0.jar:/home/runner/.m2/repository/javax/el/javax.el-api/3.0.0/javax.el-api-3.0.0.jar:/home/runner/.m2/repository/javax/interceptor/javax.interceptor-api/1.2/javax.interceptor-api-1.2.jar:/home/runner/.m2/repository/org/glassfish/jaxb/jaxb-runtime/2.3.9/jaxb-runtime-2.3.9.jar:/home/runner/.m2/repository/org/glassfish/jaxb/txw2/2.3.9/txw2-2.3.9.jar:/home/runner/.m2/repository/com/sun/istack/istack-commons-runtime/3.0.12/istack-commons-runtime-3.0.12.jar:/home/runner/.m2/repository/com/sun/activation/jakarta.activation/1.2.2/jakarta.activation-1.2.2.jar:/home/runner/.m2/repository/jakarta/activation/jakarta.activation-api/1.2.2/jakarta.activation-api-1.2.2.jar:/home/runner/.m2/repository/io/grpc/grpc-protobuf/1.58.0/grpc-protobuf-1.58.0.jar:/home/runner/.m2/repository/com/google/api/grpc/proto-google-common-protos/2.22.0/proto-google-common-protos-2.22.0.jar:/home/runner/.m2/repository/io/grpc/grpc-protobuf-lite/1.58.0/grpc-protobuf-lite-1.58.0.jar:/home/runner/.m2/repository/io/opentracing/opentracing-noop/0.33.0/opentracing-noop-0.33.0.jar:/home/runner/.m2/repository/io/opentracing/opentracing-util/0.33.0/opentracing-util-0.33.0.jar:/home/runner/work/ozone/ozone/hadoop-ozone/csi/target/ozone-csi-1.5.0-SNAPSHOT.jar:/home/runner/.m2/repository/com/google/protobuf/protobuf-java-util/3.19.6/protobuf-java-util-3.19.6.jar:/home/runner/.m2/repository/io/netty/netty-transport-classes-epoll/4.1.109.Final/netty-transport-classes-epoll-4.1.109.Final.jar:/home/runner/.m2/repository/io/netty/netty-transport-native-epoll/4.1.109.Final/netty-transport-native-epoll-4.1.109.Final-linux-x86_64.jar:/home/runner/.m2/repository/io/netty/netty-transport-native-unix-common/4.1.109.Final/netty-transport-native-unix-common-4.1.109.Final.jar:/home/runner/work/ozone/ozone/hadoop-ozone/recon/target/ozone-recon-1.5.0-SNAPSHOT.jar:/home/runner/work/ozone/ozone/hadoop-ozone/recon-codegen/target/ozone-reconcodegen-1.5.0-SNAPSHOT.jar:/home/runner/.m2/repository/aopalliance/aopalliance/1.0/aopalliance-1.0.jar:/home/runner/.m2/repository/com/google/inject/guice/6.0.0/guice-6.0.0.jar:/home/runner/.m2/repository/jakarta/inject/jakarta.inject-api/2.0.1/jakarta.inject-api-2.0.1.jar:/home/runner/.m2/repository/com/google/inject/extensions/guice-assistedinject/6.0.0/guice-assistedinject-6.0.0.jar:/home/runner/.m2/repository/com/google/inject/extensions/guice-servlet/6.0.0/guice-servlet-6.0.0.jar:/home/runner/.m2/repository/org/glassfish/jersey/containers/jersey-container-servlet/2.43/jersey-container-servlet-2.43.jar:/home/runner/.m2/repository/org/glassfish/hk2/guice-bridge/2.6.1/guice-bridge-2.6.1.jar:/home/runner/.m2/repository/org/glassfish/hk2/external/jakarta.inject/2.6.1/jakarta.inject-2.6.1.jar:/home/runner/.m2/repository/org/glassfish/jersey/media/jersey-media-json-jackson/2.43/jersey-media-json-jackson-2.43.jar:/home/runner/.m2/repository/org/glassfish/jersey/ext/jersey-entity-filtering/2.43/jersey-entity-filtering-2.43.jar:/home/runner/.m2/repository/org/jooq/jooq/3.11.10/jooq-3.11.10.jar:/home/runner/.m2/repository/org/jooq/jooq-meta/3.11.10/jooq-meta-3.11.10.jar:/home/runner/.m2/repository/org/jooq/jooq-codegen/3.11.10/jooq-codegen-3.11.10.jar:/home/runner/.m2/repository/com/jolbox/bonecp/0.8.0.RELEASE/bonecp-0.8.0.RELEASE.jar:/home/runner/.m2/repository/org/apache/derby/derby/10.14.2.0/derby-10.14.2.0.jar:/home/runner/.m2/repository/org/xerial/sqlite-jdbc/3.46.0.0/sqlite-jdbc-3.46.0.0.jar:/home/runner/.m2/repository/org/springframework/spring-core/5.3.39/spring-core-5.3.39.jar:/home/runner/.m2/repository/org/springframework/spring-jdbc/5.3.39/spring-jdbc-5.3.39.jar:/home/runner/.m2/repository/org/springframework/spring-beans/5.3.39/spring-beans-5.3.39.jar:/home/runner/.m2/repository/org/springframework/spring-tx/5.3.39/spring-tx-5.3.39.jar:/home/runner/.m2/repository/jakarta/validation/jakarta.validation-api/2.0.2/jakarta.validation-api-2.0.2.jar:/home/runner/.m2/repository/javax/inject/javax.inject/1/javax.inject-1.jar:/home/runner/work/ozone/ozone/hadoop-ozone/client/target/ozone-client-1.5.0-SNAPSHOT.jar:/home/runner/work/ozone/ozone/hadoop-hdds/erasurecode/target/hdds-erasurecode-1.5.0-SNAPSHOT.jar:/home/runner/work/ozone/ozone/hadoop-ozone/ozonefs/target/ozone-filesystem-1.5.0-SNAPSHOT.jar:/home/runner/work/ozone/ozone/hadoop-ozone/ozonefs-common/target/ozone-filesystem-common-1.5.0-SNAPSHOT.jar:/home/runner/work/ozone/ozone/hadoop-ozone/tools/target/ozone-tools-1.5.0-SNAPSHOT.jar:/home/runner/.m2/repository/org/apache/ratis/ratis-tools/3.1.0/ratis-tools-3.1.0.jar:/home/runner/.m2/repository/com/amazonaws/aws-java-sdk-core/1.12.661/aws-java-sdk-core-1.12.661.jar:/home/runner/.m2/repository/com/fasterxml/jackson/dataformat/jackson-dataformat-cbor/2.16.2/jackson-dataformat-cbor-2.16.2.jar:/home/runner/.m2/repository/joda-time/joda-time/2.12.7/joda-time-2.12.7.jar:/home/runner/.m2/repository/com/amazonaws/aws-java-sdk-s3/1.12.661/aws-java-sdk-s3-1.12.661.jar:/home/runner/.m2/repository/com/amazonaws/aws-java-sdk-kms/1.12.661/aws-java-sdk-kms-1.12.661.jar:/home/runner/.m2/repository/com/amazonaws/jmespath-java/1.12.661/jmespath-java-1.12.661.jar:/home/runner/.m2/repository/org/kohsuke/metainf-services/metainf-services/1.11/metainf-services-1.11.jar:/home/runner/work/ozone/ozone/hadoop-hdds/tools/target/hdds-tools-1.5.0-SNAPSHOT.jar:/home/runner/.m2/repository/commons-cli/commons-cli/1.8.0/commons-cli-1.8.0.jar:/home/runner/.m2/repository/org/apache/commons/commons-lang3/3.14.0/commons-lang3-3.14.0.jar:/home/runner/work/ozone/ozone/hadoop-ozone/ozone-manager/target/ozone-manager-1.5.0-SNAPSHOT-tests.jar:/home/runner/work/ozone/ozone/hadoop-hdds/common/target/hdds-common-1.5.0-SNAPSHOT-tests.jar:/home/runner/work/ozone/ozone/hadoop-hdds/hadoop-dependency-client/target/hdds-hadoop-dependency-client-1.5.0-SNAPSHOT.jar:/home/runner/work/ozone/ozone/hadoop-hdds/annotations/target/hdds-annotation-processing-1.5.0-SNAPSHOT.jar:/home/runner/.m2/repository/org/bouncycastle/bcutil-jdk18on/1.78.1/bcutil-jdk18on-1.78.1.jar:/home/runner/.m2/repository/io/jaegertracing/jaeger-client/1.8.1/jaeger-client-1.8.1.jar:/home/runner/.m2/repository/io/jaegertracing/jaeger-thrift/1.8.1/jaeger-thrift-1.8.1.jar:/home/runner/.m2/repository/org/apache/thrift/libthrift/0.15.0/libthrift-0.15.0.jar:/home/runner/.m2/repository/io/jaegertracing/jaeger-tracerresolver/1.8.1/jaeger-tracerresolver-1.8.1.jar:/home/runner/.m2/repository/io/opentracing/contrib/opentracing-tracerresolver/0.1.8/opentracing-tracerresolver-0.1.8.jar:/home/runner/.m2/repository/io/jaegertracing/jaeger-core/1.8.1/jaeger-core-1.8.1.jar:/home/runner/.m2/repository/org/jetbrains/kotlin/kotlin-stdlib/1.9.25/kotlin-stdlib-1.9.25.jar:/home/runner/.m2/repository/org/jetbrains/annotations/13.0/annotations-13.0.jar:/home/runner/.m2/repository/org/yaml/snakeyaml/2.0/snakeyaml-2.0.jar:/home/runner/.m2/repository/org/junit/platform/junit-platform-launcher/1.10.3/junit-platform-launcher-1.10.3.jar:/home/runner/.m2/repository/org/junit/platform/junit-platform-engine/1.10.3/junit-platform-engine-1.10.3.jar:/home/runner/.m2/repository/org/apiguardian/apiguardian-api/1.1.2/apiguardian-api-1.1.2.jar:/home/runner/.m2/repository/org/apache/hadoop/hadoop-kms/3.3.6/hadoop-kms-3.3.6.jar:/home/runner/.m2/repository/org/apache/hadoop/hadoop-auth/3.3.6/hadoop-auth-3.3.6.jar:/home/runner/.m2/repository/org/apache/zookeeper/zookeeper/3.8.4/zookeeper-3.8.4.jar:/home/runner/.m2/repository/org/apache/zookeeper/zookeeper-jute/3.8.4/zookeeper-jute-3.8.4.jar:/home/runner/.m2/repository/org/apache/yetus/audience-annotations/0.12.0/audience-annotations-0.12.0.jar:/home/runner/.m2/repository/org/apache/curator/curator-framework/4.2.0/curator-framework-4.2.0.jar:/home/runner/.m2/repository/org/apache/hadoop/thirdparty/hadoop-shaded-guava/1.2.0/hadoop-shaded-guava-1.2.0.jar:/home/runner/.m2/repository/com/sun/jersey/jersey-core/1.19.4/jersey-core-1.19.4.jar:/home/runner/.m2/repository/javax/ws/rs/jsr311-api/1.1.1/jsr311-api-1.1.1.jar:/home/runner/.m2/repository/com/sun/jersey/jersey-server/1.19.4/jersey-server-1.19.4.jar:/home/runner/.m2/repository/org/apache/hadoop/hadoop-common/3.3.6/hadoop-common-3.3.6.jar:/home/runner/.m2/repository/org/apache/commons/commons-math3/3.6.1/commons-math3-3.6.1.jar:/home/runner/.m2/repository/commons-net/commons-net/3.11.1/commons-net-3.11.1.jar:/home/runner/.m2/repository/com/sun/jersey/jersey-servlet/1.19.4/jersey-servlet-1.19.4.jar:/home/runner/.m2/repository/com/github/pjfanning/jersey-json/1.20/jersey-json-1.20.jar:/home/runner/.m2/repository/org/codehaus/jettison/jettison/1.1/jettison-1.1.jar:/home/runner/.m2/repository/com/sun/xml/bind/jaxb-impl/2.2.3-1/jaxb-impl-2.2.3-1.jar:/home/runner/.m2/repository/com/google/re2j/re2j/1.7/re2j-1.7.jar:/home/runner/.m2/repository/com/jcraft/jsch/0.1.55/jsch-0.1.55.jar:/home/runner/.m2/repository/org/apache/curator/curator-client/4.2.0/curator-client-4.2.0.jar:/home/runner/.m2/repository/org/apache/curator/curator-recipes/5.2.0/curator-recipes-5.2.0.jar:/home/runner/.m2/repository/com/google/code/findbugs/jsr305/3.0.2/jsr305-3.0.2.jar:/home/runner/.m2/repository/dnsjava/dnsjava/2.1.9/dnsjava-2.1.9.jar:/home/runner/.m2/repository/org/apache/hadoop/hadoop-kms/3.3.6/hadoop-kms-3.3.6-tests.jar:/home/runner/work/ozone/ozone/hadoop-hdds/server-scm/target/hdds-server-scm-1.5.0-SNAPSHOT-tests.jar:/home/runner/work/ozone/ozone/hadoop-hdds/container-service/target/hdds-container-service-1.5.0-SNAPSHOT-tests.jar:/home/runner/.m2/repository/com/github/luben/zstd-jni/1.5.6-4/zstd-jni-1.5.6-4.jar:/home/runner/.m2/repository/io/netty/netty-buffer/4.1.109.Final/netty-buffer-4.1.109.Final.jar:/home/runner/.m2/repository/io/netty/netty-codec/4.1.109.Final/netty-codec-4.1.109.Final.jar:/home/runner/work/ozone/ozone/hadoop-hdds/hadoop-dependency-test/target/hdds-hadoop-dependency-test-1.5.0-SNAPSHOT.jar:/home/runner/.m2/repository/org/apache/hadoop/hadoop-common/3.3.6/hadoop-common-3.3.6-tests.jar:/home/runner/.m2/repository/org/apache/hadoop/hadoop-hdfs/3.3.6/hadoop-hdfs-3.3.6-tests.jar:/home/runner/.m2/repository/org/junit/jupiter/junit-jupiter-engine/5.10.3/junit-jupiter-engine-5.10.3.jar:/home/runner/.m2/repository/org/junit/jupiter/junit-jupiter-params/5.10.3/junit-jupiter-params-5.10.3.jar:/home/runner/.m2/repository/org/mockito/mockito-core/4.11.0/mockito-core-4.11.0.jar:/home/runner/.m2/repository/net/bytebuddy/byte-buddy-agent/1.12.19/byte-buddy-agent-1.12.19.jar:/home/runner/.m2/repository/org/objenesis/objenesis/3.3/objenesis-3.3.jar:/home/runner/.m2/repository/org/mockito/mockito-inline/4.11.0/mockito-inline-4.11.0.jar:/home/runner/.m2/repository/org/mockito/mockito-junit-jupiter/4.11.0/mockito-junit-jupiter-4.11.0.jar:/home/runner/.m2/repository/org/apache/hadoop/hadoop-distcp/3.3.6/hadoop-distcp-3.3.6.jar:/home/runner/.m2/repository/org/apache/hadoop/hadoop-mapreduce-client-jobclient/3.3.6/hadoop-mapreduce-client-jobclient-3.3.6.jar:/home/runner/.m2/repository/org/apache/hadoop/hadoop-mapreduce-client-common/3.3.6/hadoop-mapreduce-client-common-3.3.6.jar:/home/runner/.m2/repository/org/apache/hadoop/hadoop-yarn-common/3.3.6/hadoop-yarn-common-3.3.6.jar:/home/runner/.m2/repository/org/apache/hadoop/hadoop-yarn-api/3.3.6/hadoop-yarn-api-3.3.6.jar:/home/runner/.m2/repository/javax/xml/bind/jaxb-api/2.2.11/jaxb-api-2.2.11.jar:/home/runner/.m2/repository/com/sun/jersey/contribs/jersey-guice/1.19.4/jersey-guice-1.19.4.jar:/home/runner/.m2/repository/com/fasterxml/jackson/jaxrs/jackson-jaxrs-json-provider/2.16.2/jackson-jaxrs-json-provider-2.16.2.jar:/home/runner/.m2/repository/com/fasterxml/jackson/jaxrs/jackson-jaxrs-base/2.16.2/jackson-jaxrs-base-2.16.2.jar:/home/runner/.m2/repository/org/apache/hadoop/hadoop-yarn-client/3.3.6/hadoop-yarn-client-3.3.6.jar:/home/runner/.m2/repository/org/eclipse/jetty/websocket/websocket-client/9.4.51.v20230217/websocket-client-9.4.51.v20230217.jar:/home/runner/.m2/repository/org/eclipse/jetty/websocket/websocket-common/9.4.51.v20230217/websocket-common-9.4.51.v20230217.jar:/home/runner/.m2/repository/org/eclipse/jetty/websocket/websocket-api/9.4.51.v20230217/websocket-api-9.4.51.v20230217.jar:/home/runner/.m2/repository/org/jline/jline/3.9.0/jline-3.9.0.jar:/home/runner/.m2/repository/org/apache/hadoop/hadoop-mapreduce-client-core/3.3.6/hadoop-mapreduce-client-core-3.3.6.jar:/home/runner/.m2/repository/org/apache/avro/avro/1.7.7/avro-1.7.7.jar:/home/runner/.m2/repository/com/thoughtworks/paranamer/paranamer/2.3/paranamer-2.3.jar:/home/runner/.m2/repository/org/apache/hadoop/hadoop-annotations/3.3.6/hadoop-annotations-3.3.6.jar:/home/runner/.m2/repository/io/netty/netty/3.10.6.Final/netty-3.10.6.Final.jar:/home/runner/.m2/repository/org/apache/hadoop/hadoop-distcp/3.3.6/hadoop-distcp-3.3.6-tests.jar:/home/runner/.m2/repository/org/apache/ratis/ratis-server/3.1.0/ratis-server-3.1.0.jar:/home/runner/.m2/repository/org/hamcrest/hamcrest/2.2/hamcrest-2.2.jar:/home/runner/.m2/repository/org/slf4j/jul-to-slf4j/2.0.16/jul-to-slf4j-2.0.16.jar:/home/runner/work/ozone/ozone/hadoop-ozone/integration-test/target/gradle-enterprise/test-listeners.jar:"/>
    <property name="java.vm.vendor" value="Eclipse Adoptium"/>
    <property name="sun.arch.data.model" value="64"/>
    <property name="test.build.dir" value="/home/runner/work/ozone/ozone/hadoop-ozone/integration-test/target/test-dir"/>
    <property name="test.cache.data" value=""/>
    <property name="java.vendor.url" value="https://adoptium.net/"/>
    <property name="user.timezone" value="Etc/UTC"/>
    <property name="maven-surefire-plugin.argLineAccessArgs" value=" --add-opens java.management/com.sun.jmx.mbeanserver=ALL-UNNAMED --add-exports java.management/com.sun.jmx.mbeanserver=ALL-UNNAMED --add-opens java.base/java.nio=ALL-UNNAMED --add-opens java.base/java.lang=ALL-UNNAMED --add-opens java.base/java.lang.reflect=ALL-UNNAMED"/>
    <property name="os.name" value="Linux"/>
    <property name="java.vm.specification.version" value="17"/>
    <property name="test.build.data" value="/home/runner/work/ozone/ozone/hadoop-ozone/integration-test/target/test-dir"/>
    <property name="sun.java.launcher" value="SUN_STANDARD"/>
    <property name="sun.boot.library.path" value="/usr/lib/jvm/temurin-17-jdk-amd64/lib"/>
    <property name="sun.java.command" value="/home/runner/work/ozone/ozone/hadoop-ozone/integration-test/target/surefire/surefirebooter10468279594583789957.jar /home/runner/work/ozone/ozone/hadoop-ozone/integration-test/target/surefire 2024-08-23T17-00-59_005-jvmRun1 surefire4244364742536567481tmp surefire_1966251119810723975631tmp"/>
    <property name="jdk.debug" value="release"/>
    <property name="native.lib.tmp.dir" value="/tmp"/>
    <property name="surefire.test.class.path" value="/home/runner/work/ozone/ozone/hadoop-ozone/integration-test/target/test-classes:/home/runner/work/ozone/ozone/hadoop-ozone/integration-test/target/classes:/home/runner/work/ozone/ozone/hadoop-ozone/common/target/ozone-common-1.5.0-SNAPSHOT.jar:/home/runner/.m2/repository/io/grpc/grpc-netty/1.58.0/grpc-netty-1.58.0.jar:/home/runner/.m2/repository/io/grpc/grpc-core/1.58.0/grpc-core-1.58.0.jar:/home/runner/.m2/repository/com/google/android/annotations/4.1.1.4/annotations-4.1.1.4.jar:/home/runner/.m2/repository/org/codehaus/mojo/animal-sniffer-annotations/1.23/animal-sniffer-annotations-1.23.jar:/home/runner/.m2/repository/io/grpc/grpc-context/1.58.0/grpc-context-1.58.0.jar:/home/runner/.m2/repository/io/grpc/grpc-util/1.58.0/grpc-util-1.58.0.jar:/home/runner/.m2/repository/com/google/errorprone/error_prone_annotations/2.29.2/error_prone_annotations-2.29.2.jar:/home/runner/.m2/repository/io/perfmark/perfmark-api/0.26.0/perfmark-api-0.26.0.jar:/home/runner/.m2/repository/io/netty/netty-codec-http2/4.1.109.Final/netty-codec-http2-4.1.109.Final.jar:/home/runner/.m2/repository/io/netty/netty-codec-http/4.1.109.Final/netty-codec-http-4.1.109.Final.jar:/home/runner/.m2/repository/io/netty/netty-handler-proxy/4.1.109.Final/netty-handler-proxy-4.1.109.Final.jar:/home/runner/.m2/repository/io/netty/netty-codec-socks/4.1.109.Final/netty-codec-socks-4.1.109.Final.jar:/home/runner/.m2/repository/io/netty/netty-tcnative-boringssl-static/2.0.65.Final/netty-tcnative-boringssl-static-2.0.65.Final.jar:/home/runner/.m2/repository/io/netty/netty-tcnative-classes/2.0.65.Final/netty-tcnative-classes-2.0.65.Final.jar:/home/runner/.m2/repository/io/netty/netty-tcnative-boringssl-static/2.0.65.Final/netty-tcnative-boringssl-static-2.0.65.Final-linux-x86_64.jar:/home/runner/.m2/repository/io/netty/netty-tcnative-boringssl-static/2.0.65.Final/netty-tcnative-boringssl-static-2.0.65.Final-linux-aarch_64.jar:/home/runner/.m2/repository/io/netty/netty-tcnative-boringssl-static/2.0.65.Final/netty-tcnative-boringssl-static-2.0.65.Final-osx-x86_64.jar:/home/runner/.m2/repository/io/netty/netty-tcnative-boringssl-static/2.0.65.Final/netty-tcnative-boringssl-static-2.0.65.Final-osx-aarch_64.jar:/home/runner/.m2/repository/io/netty/netty-tcnative-boringssl-static/2.0.65.Final/netty-tcnative-boringssl-static-2.0.65.Final-windows-x86_64.jar:/home/runner/.m2/repository/org/apache/commons/commons-compress/1.27.0/commons-compress-1.27.0.jar:/home/runner/work/ozone/ozone/hadoop-hdds/common/target/hdds-common-1.5.0-SNAPSHOT.jar:/home/runner/work/ozone/ozone/hadoop-hdds/client/target/hdds-client-1.5.0-SNAPSHOT.jar:/home/runner/work/ozone/ozone/hadoop-hdds/config/target/hdds-config-1.5.0-SNAPSHOT.jar:/home/runner/work/ozone/ozone/hadoop-hdds/interface-client/target/hdds-interface-client-1.5.0-SNAPSHOT.jar:/home/runner/.m2/repository/org/apache/hadoop/thirdparty/hadoop-shaded-protobuf_3_7/1.1.1/hadoop-shaded-protobuf_3_7-1.1.1.jar:/home/runner/work/ozone/ozone/hadoop-ozone/interface-client/target/ozone-interface-client-1.5.0-SNAPSHOT.jar:/home/runner/.m2/repository/org/apache/hadoop/hadoop-hdfs-client/3.3.6/hadoop-hdfs-client-3.3.6.jar:/home/runner/.m2/repository/com/squareup/okhttp3/okhttp/4.12.0/okhttp-4.12.0.jar:/home/runner/.m2/repository/com/squareup/okio/okio/3.6.0/okio-3.6.0.jar:/home/runner/.m2/repository/com/squareup/okio/okio-jvm/3.6.0/okio-jvm-3.6.0.jar:/home/runner/.m2/repository/org/jetbrains/kotlin/kotlin-stdlib-jdk8/1.9.25/kotlin-stdlib-jdk8-1.9.25.jar:/home/runner/.m2/repository/org/jetbrains/kotlin/kotlin-stdlib-jdk7/1.9.25/kotlin-stdlib-jdk7-1.9.25.jar:/home/runner/.m2/repository/org/jetbrains/kotlin/kotlin-stdlib-common/1.9.25/kotlin-stdlib-common-1.9.25.jar:/home/runner/.m2/repository/org/apache/httpcomponents/httpclient/4.5.14/httpclient-4.5.14.jar:/home/runner/.m2/repository/org/apache/httpcomponents/httpcore/4.4.16/httpcore-4.4.16.jar:/home/runner/.m2/repository/org/apache/ratis/ratis-common/3.1.0/ratis-common-3.1.0.jar:/home/runner/.m2/repository/org/apache/ratis/ratis-proto/3.1.0/ratis-proto-3.1.0.jar:/home/runner/.m2/repository/org/apache/ratis/ratis-thirdparty-misc/1.0.6/ratis-thirdparty-misc-1.0.6.jar:/home/runner/.m2/repository/org/slf4j/slf4j-api/2.0.16/slf4j-api-2.0.16.jar:/home/runner/.m2/repository/com/fasterxml/jackson/core/jackson-annotations/2.16.2/jackson-annotations-2.16.2.jar:/home/runner/.m2/repository/com/fasterxml/jackson/core/jackson-databind/2.16.2/jackson-databind-2.16.2.jar:/home/runner/.m2/repository/com/github/stephenc/jcip/jcip-annotations/1.0-1/jcip-annotations-1.0-1.jar:/home/runner/.m2/repository/com/google/guava/guava/32.1.3-jre/guava-32.1.3-jre.jar:/home/runner/.m2/repository/com/google/guava/failureaccess/1.0.1/failureaccess-1.0.1.jar:/home/runner/.m2/repository/com/google/guava/listenablefuture/9999.0-empty-to-avoid-conflict-with-guava/listenablefuture-9999.0-empty-to-avoid-conflict-with-guava.jar:/home/runner/.m2/repository/org/checkerframework/checker-qual/3.37.0/checker-qual-3.37.0.jar:/home/runner/.m2/repository/com/google/j2objc/j2objc-annotations/2.8/j2objc-annotations-2.8.jar:/home/runner/.m2/repository/com/google/protobuf/protobuf-java/2.5.0/protobuf-java-2.5.0.jar:/home/runner/.m2/repository/io/grpc/grpc-api/1.58.0/grpc-api-1.58.0.jar:/home/runner/.m2/repository/io/grpc/grpc-stub/1.58.0/grpc-stub-1.58.0.jar:/home/runner/.m2/repository/io/netty/netty-common/4.1.109.Final/netty-common-4.1.109.Final.jar:/home/runner/.m2/repository/io/netty/netty-handler/4.1.109.Final/netty-handler-4.1.109.Final.jar:/home/runner/.m2/repository/io/netty/netty-resolver/4.1.109.Final/netty-resolver-4.1.109.Final.jar:/home/runner/.m2/repository/jakarta/annotation/jakarta.annotation-api/2.1.1/jakarta.annotation-api-2.1.1.jar:/home/runner/work/ozone/ozone/hadoop-hdds/test-utils/target/hdds-test-utils-1.5.0-SNAPSHOT.jar:/home/runner/.m2/repository/org/assertj/assertj-core/3.26.3/assertj-core-3.26.3.jar:/home/runner/.m2/repository/net/bytebuddy/byte-buddy/1.14.18/byte-buddy-1.14.18.jar:/home/runner/.m2/repository/commons-io/commons-io/2.16.1/commons-io-2.16.1.jar:/home/runner/.m2/repository/commons-logging/commons-logging/1.2/commons-logging-1.2.jar:/home/runner/.m2/repository/org/junit/jupiter/junit-jupiter-api/5.10.3/junit-jupiter-api-5.10.3.jar:/home/runner/.m2/repository/org/opentest4j/opentest4j/1.3.0/opentest4j-1.3.0.jar:/home/runner/.m2/repository/org/junit/platform/junit-platform-commons/1.10.3/junit-platform-commons-1.10.3.jar:/home/runner/.m2/repository/ch/qos/reload4j/reload4j/1.2.25/reload4j-1.2.25.jar:/home/runner/.m2/repository/org/apache/logging/log4j/log4j-api/2.23.1/log4j-api-2.23.1.jar:/home/runner/work/ozone/ozone/hadoop-hdds/server-scm/target/hdds-server-scm-1.5.0-SNAPSHOT.jar:/home/runner/work/ozone/ozone/hadoop-hdds/container-service/target/hdds-container-service-1.5.0-SNAPSHOT.jar:/home/runner/work/ozone/ozone/hadoop-hdds/hadoop-dependency-server/target/hdds-hadoop-dependency-server-1.5.0-SNAPSHOT.jar:/home/runner/.m2/repository/com/nimbusds/nimbus-jose-jwt/9.40/nimbus-jose-jwt-9.40.jar:/home/runner/.m2/repository/org/apache/hadoop/hadoop-hdfs/3.3.6/hadoop-hdfs-3.3.6.jar:/home/runner/.m2/repository/commons-daemon/commons-daemon/1.4.0/commons-daemon-1.4.0.jar:/home/runner/.m2/repository/org/apache/kerby/kerb-core/1.0.1/kerb-core-1.0.1.jar:/home/runner/.m2/repository/org/apache/kerby/kerby-pkix/1.0.1/kerby-pkix-1.0.1.jar:/home/runner/.m2/repository/org/apache/kerby/kerby-asn1/1.0.1/kerby-asn1-1.0.1.jar:/home/runner/.m2/repository/org/apache/kerby/kerb-util/1.0.1/kerb-util-1.0.1.jar:/home/runner/.m2/repository/org/apache/kerby/kerby-config/1.0.1/kerby-config-1.0.1.jar:/home/runner/.m2/repository/org/apache/kerby/kerb-crypto/1.0.1/kerb-crypto-1.0.1.jar:/home/runner/.m2/repository/org/xerial/snappy/snappy-java/1.1.10.5/snappy-java-1.1.10.5.jar:/home/runner/work/ozone/ozone/hadoop-hdds/interface-admin/target/hdds-interface-admin-1.5.0-SNAPSHOT.jar:/home/runner/work/ozone/ozone/hadoop-hdds/interface-server/target/hdds-interface-server-1.5.0-SNAPSHOT.jar:/home/runner/work/ozone/ozone/hadoop-hdds/framework/target/hdds-server-framework-1.5.0-SNAPSHOT.jar:/home/runner/.m2/repository/org/apache/ratis/ratis-client/3.1.0/ratis-client-3.1.0.jar:/home/runner/.m2/repository/org/apache/ratis/ratis-grpc/3.1.0/ratis-grpc-3.1.0.jar:/home/runner/.m2/repository/org/apache/ratis/ratis-netty/3.1.0/ratis-netty-3.1.0.jar:/home/runner/.m2/repository/org/apache/ratis/ratis-server-api/3.1.0/ratis-server-api-3.1.0.jar:/home/runner/.m2/repository/org/bouncycastle/bcpkix-jdk18on/1.78.1/bcpkix-jdk18on-1.78.1.jar:/home/runner/.m2/repository/org/bouncycastle/bcprov-jdk18on/1.78.1/bcprov-jdk18on-1.78.1.jar:/home/runner/.m2/repository/io/dropwizard/metrics/metrics-core/3.2.6/metrics-core-3.2.6.jar:/home/runner/.m2/repository/org/apache/commons/commons-text/1.12.0/commons-text-1.12.0.jar:/home/runner/.m2/repository/org/eclipse/jetty/jetty-webapp/9.4.55.v20240627/jetty-webapp-9.4.55.v20240627.jar:/home/runner/.m2/repository/org/eclipse/jetty/jetty-xml/9.4.55.v20240627/jetty-xml-9.4.55.v20240627.jar:/home/runner/.m2/repository/com/fasterxml/jackson/core/jackson-core/2.16.2/jackson-core-2.16.2.jar:/home/runner/.m2/repository/info/picocli/picocli/4.7.6/picocli-4.7.6.jar:/home/runner/.m2/repository/javax/servlet/javax.servlet-api/3.1.0/javax.servlet-api-3.1.0.jar:/home/runner/.m2/repository/commons-collections/commons-collections/3.2.2/commons-collections-3.2.2.jar:/home/runner/work/ozone/ozone/hadoop-hdds/framework/target/hdds-server-framework-1.5.0-SNAPSHOT-tests.jar:/home/runner/work/ozone/ozone/hadoop-hdds/managed-rocksdb/target/hdds-managed-rocksdb-1.5.0-SNAPSHOT.jar:/home/runner/.m2/repository/org/slf4j/slf4j-reload4j/2.0.16/slf4j-reload4j-2.0.16.jar:/home/runner/.m2/repository/org/apache/commons/commons-configuration2/2.10.1/commons-configuration2-2.10.1.jar:/home/runner/.m2/repository/commons-codec/commons-codec/1.17.0/commons-codec-1.17.0.jar:/home/runner/.m2/repository/commons-fileupload/commons-fileupload/1.5/commons-fileupload-1.5.jar:/home/runner/.m2/repository/commons-validator/commons-validator/1.6/commons-validator-1.6.jar:/home/runner/.m2/repository/commons-beanutils/commons-beanutils/1.9.4/commons-beanutils-1.9.4.jar:/home/runner/.m2/repository/commons-digester/commons-digester/1.8.1/commons-digester-1.8.1.jar:/home/runner/.m2/repository/org/apache/logging/log4j/log4j-core/2.23.1/log4j-core-2.23.1.jar:/home/runner/.m2/repository/com/lmax/disruptor/3.4.4/disruptor-3.4.4.jar:/home/runner/.m2/repository/org/eclipse/jetty/jetty-http/9.4.55.v20240627/jetty-http-9.4.55.v20240627.jar:/home/runner/.m2/repository/org/eclipse/jetty/jetty-io/9.4.55.v20240627/jetty-io-9.4.55.v20240627.jar:/home/runner/.m2/repository/org/eclipse/jetty/jetty-util/9.4.55.v20240627/jetty-util-9.4.55.v20240627.jar:/home/runner/.m2/repository/org/eclipse/jetty/jetty-server/9.4.55.v20240627/jetty-server-9.4.55.v20240627.jar:/home/runner/.m2/repository/org/eclipse/jetty/jetty-servlet/9.4.55.v20240627/jetty-servlet-9.4.55.v20240627.jar:/home/runner/.m2/repository/org/eclipse/jetty/jetty-security/9.4.55.v20240627/jetty-security-9.4.55.v20240627.jar:/home/runner/.m2/repository/org/eclipse/jetty/jetty-util-ajax/9.4.55.v20240627/jetty-util-ajax-9.4.55.v20240627.jar:/home/runner/.m2/repository/org/glassfish/jersey/core/jersey-server/2.43/jersey-server-2.43.jar:/home/runner/.m2/repository/org/glassfish/jersey/core/jersey-client/2.43/jersey-client-2.43.jar:/home/runner/.m2/repository/org/glassfish/jersey/containers/jersey-container-servlet-core/2.43/jersey-container-servlet-core-2.43.jar:/home/runner/.m2/repository/org/rocksdb/rocksdbjni/7.7.3/rocksdbjni-7.7.3.jar:/home/runner/.m2/repository/org/apache/ratis/ratis-metrics-api/3.1.0/ratis-metrics-api-3.1.0.jar:/home/runner/.m2/repository/org/apache/ratis/ratis-metrics-dropwizard3/3.1.0/ratis-metrics-dropwizard3-3.1.0.jar:/home/runner/.m2/repository/io/opentracing/opentracing-api/0.33.0/opentracing-api-0.33.0.jar:/home/runner/.m2/repository/io/prometheus/simpleclient/0.16.0/simpleclient-0.16.0.jar:/home/runner/.m2/repository/io/prometheus/simpleclient_dropwizard/0.16.0/simpleclient_dropwizard-0.16.0.jar:/home/runner/.m2/repository/io/prometheus/simpleclient_common/0.16.0/simpleclient_common-0.16.0.jar:/home/runner/.m2/repository/com/fasterxml/jackson/datatype/jackson-datatype-jsr310/2.16.2/jackson-datatype-jsr310-2.16.2.jar:/home/runner/.m2/repository/com/github/jnr/jnr-constants/0.10.4/jnr-constants-0.10.4.jar:/home/runner/.m2/repository/com/github/jnr/jnr-posix/3.1.19/jnr-posix-3.1.19.jar:/home/runner/.m2/repository/com/github/jnr/jnr-ffi/2.2.16/jnr-ffi-2.2.16.jar:/home/runner/.m2/repository/com/github/jnr/jffi/1.3.13/jffi-1.3.13.jar:/home/runner/.m2/repository/com/github/jnr/jffi/1.3.13/jffi-1.3.13-native.jar:/home/runner/.m2/repository/org/ow2/asm/asm/9.2/asm-9.2.jar:/home/runner/.m2/repository/org/ow2/asm/asm-commons/9.2/asm-commons-9.2.jar:/home/runner/.m2/repository/org/ow2/asm/asm-analysis/9.2/asm-analysis-9.2.jar:/home/runner/.m2/repository/org/ow2/asm/asm-tree/9.2/asm-tree-9.2.jar:/home/runner/.m2/repository/org/ow2/asm/asm-util/9.2/asm-util-9.2.jar:/home/runner/.m2/repository/com/github/jnr/jnr-a64asm/1.0.0/jnr-a64asm-1.0.0.jar:/home/runner/.m2/repository/com/github/jnr/jnr-x86asm/1.0.2/jnr-x86asm-1.0.2.jar:/home/runner/.m2/repository/com/google/code/gson/gson/2.10.1/gson-2.10.1.jar:/home/runner/work/ozone/ozone/hadoop-hdds/rocksdb-checkpoint-differ/target/rocksdb-checkpoint-differ-1.5.0-SNAPSHOT.jar:/home/runner/.m2/repository/org/jgrapht/jgrapht-core/1.4.0/jgrapht-core-1.4.0.jar:/home/runner/.m2/repository/org/jheaps/jheaps/0.11/jheaps-0.11.jar:/home/runner/.m2/repository/org/jgrapht/jgrapht-ext/1.4.0/jgrapht-ext-1.4.0.jar:/home/runner/.m2/repository/com/github/vlsi/mxgraph/jgraphx/3.9.8.1/jgraphx-3.9.8.1.jar:/home/runner/.m2/repository/jakarta/ws/rs/jakarta.ws.rs-api/2.1.6/jakarta.ws.rs-api-2.1.6.jar:/home/runner/work/ozone/ozone/hadoop-ozone/ozone-manager/target/ozone-manager-1.5.0-SNAPSHOT.jar:/home/runner/.m2/repository/org/aspectj/aspectjrt/1.9.7/aspectjrt-1.9.7.jar:/home/runner/.m2/repository/org/aspectj/aspectjweaver/1.9.7/aspectjweaver-1.9.7.jar:/home/runner/work/ozone/ozone/hadoop-ozone/interface-storage/target/ozone-interface-storage-1.5.0-SNAPSHOT.jar:/home/runner/.m2/repository/org/apache/kerby/kerby-util/1.0.1/kerby-util-1.0.1.jar:/home/runner/.m2/repository/io/netty/netty-transport/4.1.109.Final/netty-transport-4.1.109.Final.jar:/home/runner/.m2/repository/org/reflections/reflections/0.10.2/reflections-0.10.2.jar:/home/runner/.m2/repository/com/sun/jersey/jersey-client/1.19.4/jersey-client-1.19.4.jar:/home/runner/.m2/repository/jakarta/xml/bind/jakarta.xml.bind-api/2.3.3/jakarta.xml.bind-api-2.3.3.jar:/home/runner/.m2/repository/org/codehaus/jackson/jackson-core-asl/1.9.13/jackson-core-asl-1.9.13.jar:/home/runner/.m2/repository/org/codehaus/jackson/jackson-mapper-asl/1.9.13/jackson-mapper-asl-1.9.13.jar:/home/runner/.m2/repository/org/codehaus/jackson/jackson-jaxrs/1.9.13/jackson-jaxrs-1.9.13.jar:/home/runner/.m2/repository/org/apache/ranger/ranger-plugins-common/2.3.0/ranger-plugins-common-2.3.0.jar:/home/runner/.m2/repository/commons-lang/commons-lang/2.6/commons-lang-2.6.jar:/home/runner/.m2/repository/org/apache/ranger/ranger-plugins-cred/2.3.0/ranger-plugins-cred-2.3.0.jar:/home/runner/.m2/repository/org/apache/ranger/ranger-plugins-audit/2.3.0/ranger-plugins-audit-2.3.0.jar:/home/runner/.m2/repository/org/eclipse/jetty/jetty-client/9.4.55.v20240627/jetty-client-9.4.55.v20240627.jar:/home/runner/.m2/repository/org/apache/httpcomponents/httpmime/4.5.6/httpmime-4.5.6.jar:/home/runner/.m2/repository/org/apache/httpcomponents/httpcore-nio/4.4.16/httpcore-nio-4.4.16.jar:/home/runner/.m2/repository/org/apache/httpcomponents/httpasyncclient/4.1.3/httpasyncclient-4.1.3.jar:/home/runner/.m2/repository/com/carrotsearch/hppc/0.8.0/hppc-0.8.0.jar:/home/runner/.m2/repository/org/apache/orc/orc-core/1.5.8/orc-core-1.5.8.jar:/home/runner/.m2/repository/net/java/dev/jna/jna/5.2.0/jna-5.2.0.jar:/home/runner/.m2/repository/net/java/dev/jna/jna-platform/5.2.0/jna-platform-5.2.0.jar:/home/runner/.m2/repository/com/kstruct/gethostname4j/0.0.2/gethostname4j-0.0.2.jar:/home/runner/.m2/repository/org/apache/ranger/ranger-plugin-classloader/2.3.0/ranger-plugin-classloader-2.3.0.jar:/home/runner/.m2/repository/org/apache/ranger/ranger-intg/2.3.0/ranger-intg-2.3.0.jar:/home/runner/work/ozone/ozone/hadoop-hdds/rocks-native/target/hdds-rocks-native-1.5.0-SNAPSHOT.jar:/home/runner/.m2/repository/org/apache/hadoop/hadoop-minikdc/3.3.6/hadoop-minikdc-3.3.6.jar:/home/runner/.m2/repository/org/apache/kerby/kerb-simplekdc/1.0.1/kerb-simplekdc-1.0.1.jar:/home/runner/.m2/repository/org/apache/kerby/kerb-client/1.0.1/kerb-client-1.0.1.jar:/home/runner/.m2/repository/org/apache/kerby/kerb-common/1.0.1/kerb-common-1.0.1.jar:/home/runner/.m2/repository/org/apache/kerby/token-provider/1.0.1/token-provider-1.0.1.jar:/home/runner/.m2/repository/org/apache/kerby/kerb-admin/1.0.1/kerb-admin-1.0.1.jar:/home/runner/.m2/repository/org/apache/kerby/kerb-server/1.0.1/kerb-server-1.0.1.jar:/home/runner/.m2/repository/org/apache/kerby/kerb-identity/1.0.1/kerb-identity-1.0.1.jar:/home/runner/.m2/repository/org/apache/kerby/kerby-xdr/1.0.1/kerby-xdr-1.0.1.jar:/home/runner/.m2/repository/junit/junit/4.13.2/junit-4.13.2.jar:/home/runner/.m2/repository/org/hamcrest/hamcrest-core/1.3/hamcrest-core-1.3.jar:/home/runner/work/ozone/ozone/hadoop-ozone/s3gateway/target/ozone-s3gateway-1.5.0-SNAPSHOT.jar:/home/runner/.m2/repository/org/javassist/javassist/3.30.2-GA/javassist-3.30.2-GA.jar:/home/runner/.m2/repository/org/jboss/weld/servlet/weld-servlet-shaded/3.1.9.Final/weld-servlet-shaded-3.1.9.Final.jar:/home/runner/.m2/repository/org/glassfish/jersey/core/jersey-common/2.43/jersey-common-2.43.jar:/home/runner/.m2/repository/org/glassfish/hk2/osgi-resource-locator/1.0.3/osgi-resource-locator-1.0.3.jar:/home/runner/.m2/repository/org/glassfish/jersey/ext/cdi/jersey-cdi1x/2.43/jersey-cdi1x-2.43.jar:/home/runner/.m2/repository/org/glassfish/jersey/inject/jersey-hk2/2.43/jersey-hk2-2.43.jar:/home/runner/.m2/repository/org/glassfish/hk2/hk2-locator/2.6.1/hk2-locator-2.6.1.jar:/home/runner/.m2/repository/org/glassfish/jersey/media/jersey-media-jaxb/2.43/jersey-media-jaxb-2.43.jar:/home/runner/.m2/repository/org/glassfish/hk2/hk2-api/2.6.1/hk2-api-2.6.1.jar:/home/runner/.m2/repository/org/glassfish/hk2/hk2-utils/2.6.1/hk2-utils-2.6.1.jar:/home/runner/.m2/repository/org/glassfish/hk2/external/aopalliance-repackaged/2.6.1/aopalliance-repackaged-2.6.1.jar:/home/runner/.m2/repository/com/fasterxml/jackson/dataformat/jackson-dataformat-xml/2.16.2/jackson-dataformat-xml-2.16.2.jar:/home/runner/.m2/repository/org/codehaus/woodstox/stax2-api/4.2.2/stax2-api-4.2.2.jar:/home/runner/.m2/repository/com/fasterxml/woodstox/woodstox-core/5.4.0/woodstox-core-5.4.0.jar:/home/runner/.m2/repository/com/fasterxml/jackson/module/jackson-module-jaxb-annotations/2.16.2/jackson-module-jaxb-annotations-2.16.2.jar:/home/runner/.m2/repository/javax/annotation/javax.annotation-api/1.3.2/javax.annotation-api-1.3.2.jar:/home/runner/.m2/repository/javax/enterprise/cdi-api/2.0/cdi-api-2.0.jar:/home/runner/.m2/repository/javax/el/javax.el-api/3.0.0/javax.el-api-3.0.0.jar:/home/runner/.m2/repository/javax/interceptor/javax.interceptor-api/1.2/javax.interceptor-api-1.2.jar:/home/runner/.m2/repository/org/glassfish/jaxb/jaxb-runtime/2.3.9/jaxb-runtime-2.3.9.jar:/home/runner/.m2/repository/org/glassfish/jaxb/txw2/2.3.9/txw2-2.3.9.jar:/home/runner/.m2/repository/com/sun/istack/istack-commons-runtime/3.0.12/istack-commons-runtime-3.0.12.jar:/home/runner/.m2/repository/com/sun/activation/jakarta.activation/1.2.2/jakarta.activation-1.2.2.jar:/home/runner/.m2/repository/jakarta/activation/jakarta.activation-api/1.2.2/jakarta.activation-api-1.2.2.jar:/home/runner/.m2/repository/io/grpc/grpc-protobuf/1.58.0/grpc-protobuf-1.58.0.jar:/home/runner/.m2/repository/com/google/api/grpc/proto-google-common-protos/2.22.0/proto-google-common-protos-2.22.0.jar:/home/runner/.m2/repository/io/grpc/grpc-protobuf-lite/1.58.0/grpc-protobuf-lite-1.58.0.jar:/home/runner/.m2/repository/io/opentracing/opentracing-noop/0.33.0/opentracing-noop-0.33.0.jar:/home/runner/.m2/repository/io/opentracing/opentracing-util/0.33.0/opentracing-util-0.33.0.jar:/home/runner/work/ozone/ozone/hadoop-ozone/csi/target/ozone-csi-1.5.0-SNAPSHOT.jar:/home/runner/.m2/repository/com/google/protobuf/protobuf-java-util/3.19.6/protobuf-java-util-3.19.6.jar:/home/runner/.m2/repository/io/netty/netty-transport-classes-epoll/4.1.109.Final/netty-transport-classes-epoll-4.1.109.Final.jar:/home/runner/.m2/repository/io/netty/netty-transport-native-epoll/4.1.109.Final/netty-transport-native-epoll-4.1.109.Final-linux-x86_64.jar:/home/runner/.m2/repository/io/netty/netty-transport-native-unix-common/4.1.109.Final/netty-transport-native-unix-common-4.1.109.Final.jar:/home/runner/work/ozone/ozone/hadoop-ozone/recon/target/ozone-recon-1.5.0-SNAPSHOT.jar:/home/runner/work/ozone/ozone/hadoop-ozone/recon-codegen/target/ozone-reconcodegen-1.5.0-SNAPSHOT.jar:/home/runner/.m2/repository/aopalliance/aopalliance/1.0/aopalliance-1.0.jar:/home/runner/.m2/repository/com/google/inject/guice/6.0.0/guice-6.0.0.jar:/home/runner/.m2/repository/jakarta/inject/jakarta.inject-api/2.0.1/jakarta.inject-api-2.0.1.jar:/home/runner/.m2/repository/com/google/inject/extensions/guice-assistedinject/6.0.0/guice-assistedinject-6.0.0.jar:/home/runner/.m2/repository/com/google/inject/extensions/guice-servlet/6.0.0/guice-servlet-6.0.0.jar:/home/runner/.m2/repository/org/glassfish/jersey/containers/jersey-container-servlet/2.43/jersey-container-servlet-2.43.jar:/home/runner/.m2/repository/org/glassfish/hk2/guice-bridge/2.6.1/guice-bridge-2.6.1.jar:/home/runner/.m2/repository/org/glassfish/hk2/external/jakarta.inject/2.6.1/jakarta.inject-2.6.1.jar:/home/runner/.m2/repository/org/glassfish/jersey/media/jersey-media-json-jackson/2.43/jersey-media-json-jackson-2.43.jar:/home/runner/.m2/repository/org/glassfish/jersey/ext/jersey-entity-filtering/2.43/jersey-entity-filtering-2.43.jar:/home/runner/.m2/repository/org/jooq/jooq/3.11.10/jooq-3.11.10.jar:/home/runner/.m2/repository/org/jooq/jooq-meta/3.11.10/jooq-meta-3.11.10.jar:/home/runner/.m2/repository/org/jooq/jooq-codegen/3.11.10/jooq-codegen-3.11.10.jar:/home/runner/.m2/repository/com/jolbox/bonecp/0.8.0.RELEASE/bonecp-0.8.0.RELEASE.jar:/home/runner/.m2/repository/org/apache/derby/derby/10.14.2.0/derby-10.14.2.0.jar:/home/runner/.m2/repository/org/xerial/sqlite-jdbc/3.46.0.0/sqlite-jdbc-3.46.0.0.jar:/home/runner/.m2/repository/org/springframework/spring-core/5.3.39/spring-core-5.3.39.jar:/home/runner/.m2/repository/org/springframework/spring-jdbc/5.3.39/spring-jdbc-5.3.39.jar:/home/runner/.m2/repository/org/springframework/spring-beans/5.3.39/spring-beans-5.3.39.jar:/home/runner/.m2/repository/org/springframework/spring-tx/5.3.39/spring-tx-5.3.39.jar:/home/runner/.m2/repository/jakarta/validation/jakarta.validation-api/2.0.2/jakarta.validation-api-2.0.2.jar:/home/runner/.m2/repository/javax/inject/javax.inject/1/javax.inject-1.jar:/home/runner/work/ozone/ozone/hadoop-ozone/client/target/ozone-client-1.5.0-SNAPSHOT.jar:/home/runner/work/ozone/ozone/hadoop-hdds/erasurecode/target/hdds-erasurecode-1.5.0-SNAPSHOT.jar:/home/runner/work/ozone/ozone/hadoop-ozone/ozonefs/target/ozone-filesystem-1.5.0-SNAPSHOT.jar:/home/runner/work/ozone/ozone/hadoop-ozone/ozonefs-common/target/ozone-filesystem-common-1.5.0-SNAPSHOT.jar:/home/runner/work/ozone/ozone/hadoop-ozone/tools/target/ozone-tools-1.5.0-SNAPSHOT.jar:/home/runner/.m2/repository/org/apache/ratis/ratis-tools/3.1.0/ratis-tools-3.1.0.jar:/home/runner/.m2/repository/com/amazonaws/aws-java-sdk-core/1.12.661/aws-java-sdk-core-1.12.661.jar:/home/runner/.m2/repository/com/fasterxml/jackson/dataformat/jackson-dataformat-cbor/2.16.2/jackson-dataformat-cbor-2.16.2.jar:/home/runner/.m2/repository/joda-time/joda-time/2.12.7/joda-time-2.12.7.jar:/home/runner/.m2/repository/com/amazonaws/aws-java-sdk-s3/1.12.661/aws-java-sdk-s3-1.12.661.jar:/home/runner/.m2/repository/com/amazonaws/aws-java-sdk-kms/1.12.661/aws-java-sdk-kms-1.12.661.jar:/home/runner/.m2/repository/com/amazonaws/jmespath-java/1.12.661/jmespath-java-1.12.661.jar:/home/runner/.m2/repository/org/kohsuke/metainf-services/metainf-services/1.11/metainf-services-1.11.jar:/home/runner/work/ozone/ozone/hadoop-hdds/tools/target/hdds-tools-1.5.0-SNAPSHOT.jar:/home/runner/.m2/repository/commons-cli/commons-cli/1.8.0/commons-cli-1.8.0.jar:/home/runner/.m2/repository/org/apache/commons/commons-lang3/3.14.0/commons-lang3-3.14.0.jar:/home/runner/work/ozone/ozone/hadoop-ozone/ozone-manager/target/ozone-manager-1.5.0-SNAPSHOT-tests.jar:/home/runner/work/ozone/ozone/hadoop-hdds/common/target/hdds-common-1.5.0-SNAPSHOT-tests.jar:/home/runner/work/ozone/ozone/hadoop-hdds/hadoop-dependency-client/target/hdds-hadoop-dependency-client-1.5.0-SNAPSHOT.jar:/home/runner/work/ozone/ozone/hadoop-hdds/annotations/target/hdds-annotation-processing-1.5.0-SNAPSHOT.jar:/home/runner/.m2/repository/org/bouncycastle/bcutil-jdk18on/1.78.1/bcutil-jdk18on-1.78.1.jar:/home/runner/.m2/repository/io/jaegertracing/jaeger-client/1.8.1/jaeger-client-1.8.1.jar:/home/runner/.m2/repository/io/jaegertracing/jaeger-thrift/1.8.1/jaeger-thrift-1.8.1.jar:/home/runner/.m2/repository/org/apache/thrift/libthrift/0.15.0/libthrift-0.15.0.jar:/home/runner/.m2/repository/io/jaegertracing/jaeger-tracerresolver/1.8.1/jaeger-tracerresolver-1.8.1.jar:/home/runner/.m2/repository/io/opentracing/contrib/opentracing-tracerresolver/0.1.8/opentracing-tracerresolver-0.1.8.jar:/home/runner/.m2/repository/io/jaegertracing/jaeger-core/1.8.1/jaeger-core-1.8.1.jar:/home/runner/.m2/repository/org/jetbrains/kotlin/kotlin-stdlib/1.9.25/kotlin-stdlib-1.9.25.jar:/home/runner/.m2/repository/org/jetbrains/annotations/13.0/annotations-13.0.jar:/home/runner/.m2/repository/org/yaml/snakeyaml/2.0/snakeyaml-2.0.jar:/home/runner/.m2/repository/org/junit/platform/junit-platform-launcher/1.10.3/junit-platform-launcher-1.10.3.jar:/home/runner/.m2/repository/org/junit/platform/junit-platform-engine/1.10.3/junit-platform-engine-1.10.3.jar:/home/runner/.m2/repository/org/apiguardian/apiguardian-api/1.1.2/apiguardian-api-1.1.2.jar:/home/runner/.m2/repository/org/apache/hadoop/hadoop-kms/3.3.6/hadoop-kms-3.3.6.jar:/home/runner/.m2/repository/org/apache/hadoop/hadoop-auth/3.3.6/hadoop-auth-3.3.6.jar:/home/runner/.m2/repository/org/apache/zookeeper/zookeeper/3.8.4/zookeeper-3.8.4.jar:/home/runner/.m2/repository/org/apache/zookeeper/zookeeper-jute/3.8.4/zookeeper-jute-3.8.4.jar:/home/runner/.m2/repository/org/apache/yetus/audience-annotations/0.12.0/audience-annotations-0.12.0.jar:/home/runner/.m2/repository/org/apache/curator/curator-framework/4.2.0/curator-framework-4.2.0.jar:/home/runner/.m2/repository/org/apache/hadoop/thirdparty/hadoop-shaded-guava/1.2.0/hadoop-shaded-guava-1.2.0.jar:/home/runner/.m2/repository/com/sun/jersey/jersey-core/1.19.4/jersey-core-1.19.4.jar:/home/runner/.m2/repository/javax/ws/rs/jsr311-api/1.1.1/jsr311-api-1.1.1.jar:/home/runner/.m2/repository/com/sun/jersey/jersey-server/1.19.4/jersey-server-1.19.4.jar:/home/runner/.m2/repository/org/apache/hadoop/hadoop-common/3.3.6/hadoop-common-3.3.6.jar:/home/runner/.m2/repository/org/apache/commons/commons-math3/3.6.1/commons-math3-3.6.1.jar:/home/runner/.m2/repository/commons-net/commons-net/3.11.1/commons-net-3.11.1.jar:/home/runner/.m2/repository/com/sun/jersey/jersey-servlet/1.19.4/jersey-servlet-1.19.4.jar:/home/runner/.m2/repository/com/github/pjfanning/jersey-json/1.20/jersey-json-1.20.jar:/home/runner/.m2/repository/org/codehaus/jettison/jettison/1.1/jettison-1.1.jar:/home/runner/.m2/repository/com/sun/xml/bind/jaxb-impl/2.2.3-1/jaxb-impl-2.2.3-1.jar:/home/runner/.m2/repository/com/google/re2j/re2j/1.7/re2j-1.7.jar:/home/runner/.m2/repository/com/jcraft/jsch/0.1.55/jsch-0.1.55.jar:/home/runner/.m2/repository/org/apache/curator/curator-client/4.2.0/curator-client-4.2.0.jar:/home/runner/.m2/repository/org/apache/curator/curator-recipes/5.2.0/curator-recipes-5.2.0.jar:/home/runner/.m2/repository/com/google/code/findbugs/jsr305/3.0.2/jsr305-3.0.2.jar:/home/runner/.m2/repository/dnsjava/dnsjava/2.1.9/dnsjava-2.1.9.jar:/home/runner/.m2/repository/org/apache/hadoop/hadoop-kms/3.3.6/hadoop-kms-3.3.6-tests.jar:/home/runner/work/ozone/ozone/hadoop-hdds/server-scm/target/hdds-server-scm-1.5.0-SNAPSHOT-tests.jar:/home/runner/work/ozone/ozone/hadoop-hdds/container-service/target/hdds-container-service-1.5.0-SNAPSHOT-tests.jar:/home/runner/.m2/repository/com/github/luben/zstd-jni/1.5.6-4/zstd-jni-1.5.6-4.jar:/home/runner/.m2/repository/io/netty/netty-buffer/4.1.109.Final/netty-buffer-4.1.109.Final.jar:/home/runner/.m2/repository/io/netty/netty-codec/4.1.109.Final/netty-codec-4.1.109.Final.jar:/home/runner/work/ozone/ozone/hadoop-hdds/hadoop-dependency-test/target/hdds-hadoop-dependency-test-1.5.0-SNAPSHOT.jar:/home/runner/.m2/repository/org/apache/hadoop/hadoop-common/3.3.6/hadoop-common-3.3.6-tests.jar:/home/runner/.m2/repository/org/apache/hadoop/hadoop-hdfs/3.3.6/hadoop-hdfs-3.3.6-tests.jar:/home/runner/.m2/repository/org/junit/jupiter/junit-jupiter-engine/5.10.3/junit-jupiter-engine-5.10.3.jar:/home/runner/.m2/repository/org/junit/jupiter/junit-jupiter-params/5.10.3/junit-jupiter-params-5.10.3.jar:/home/runner/.m2/repository/org/mockito/mockito-core/4.11.0/mockito-core-4.11.0.jar:/home/runner/.m2/repository/net/bytebuddy/byte-buddy-agent/1.12.19/byte-buddy-agent-1.12.19.jar:/home/runner/.m2/repository/org/objenesis/objenesis/3.3/objenesis-3.3.jar:/home/runner/.m2/repository/org/mockito/mockito-inline/4.11.0/mockito-inline-4.11.0.jar:/home/runner/.m2/repository/org/mockito/mockito-junit-jupiter/4.11.0/mockito-junit-jupiter-4.11.0.jar:/home/runner/.m2/repository/org/apache/hadoop/hadoop-distcp/3.3.6/hadoop-distcp-3.3.6.jar:/home/runner/.m2/repository/org/apache/hadoop/hadoop-mapreduce-client-jobclient/3.3.6/hadoop-mapreduce-client-jobclient-3.3.6.jar:/home/runner/.m2/repository/org/apache/hadoop/hadoop-mapreduce-client-common/3.3.6/hadoop-mapreduce-client-common-3.3.6.jar:/home/runner/.m2/repository/org/apache/hadoop/hadoop-yarn-common/3.3.6/hadoop-yarn-common-3.3.6.jar:/home/runner/.m2/repository/org/apache/hadoop/hadoop-yarn-api/3.3.6/hadoop-yarn-api-3.3.6.jar:/home/runner/.m2/repository/javax/xml/bind/jaxb-api/2.2.11/jaxb-api-2.2.11.jar:/home/runner/.m2/repository/com/sun/jersey/contribs/jersey-guice/1.19.4/jersey-guice-1.19.4.jar:/home/runner/.m2/repository/com/fasterxml/jackson/jaxrs/jackson-jaxrs-json-provider/2.16.2/jackson-jaxrs-json-provider-2.16.2.jar:/home/runner/.m2/repository/com/fasterxml/jackson/jaxrs/jackson-jaxrs-base/2.16.2/jackson-jaxrs-base-2.16.2.jar:/home/runner/.m2/repository/org/apache/hadoop/hadoop-yarn-client/3.3.6/hadoop-yarn-client-3.3.6.jar:/home/runner/.m2/repository/org/eclipse/jetty/websocket/websocket-client/9.4.51.v20230217/websocket-client-9.4.51.v20230217.jar:/home/runner/.m2/repository/org/eclipse/jetty/websocket/websocket-common/9.4.51.v20230217/websocket-common-9.4.51.v20230217.jar:/home/runner/.m2/repository/org/eclipse/jetty/websocket/websocket-api/9.4.51.v20230217/websocket-api-9.4.51.v20230217.jar:/home/runner/.m2/repository/org/jline/jline/3.9.0/jline-3.9.0.jar:/home/runner/.m2/repository/org/apache/hadoop/hadoop-mapreduce-client-core/3.3.6/hadoop-mapreduce-client-core-3.3.6.jar:/home/runner/.m2/repository/org/apache/avro/avro/1.7.7/avro-1.7.7.jar:/home/runner/.m2/repository/com/thoughtworks/paranamer/paranamer/2.3/paranamer-2.3.jar:/home/runner/.m2/repository/org/apache/hadoop/hadoop-annotations/3.3.6/hadoop-annotations-3.3.6.jar:/home/runner/.m2/repository/io/netty/netty/3.10.6.Final/netty-3.10.6.Final.jar:/home/runner/.m2/repository/org/apache/hadoop/hadoop-distcp/3.3.6/hadoop-distcp-3.3.6-tests.jar:/home/runner/.m2/repository/org/apache/ratis/ratis-server/3.1.0/ratis-server-3.1.0.jar:/home/runner/.m2/repository/org/hamcrest/hamcrest/2.2/hamcrest-2.2.jar:/home/runner/.m2/repository/org/slf4j/jul-to-slf4j/2.0.16/jul-to-slf4j-2.0.16.jar:/home/runner/work/ozone/ozone/hadoop-ozone/integration-test/target/gradle-enterprise/test-listeners.jar:"/>
    <property name="sun.cpu.endian" value="little"/>
    <property name="user.home" value="/home/runner"/>
    <property name="user.language" value="en"/>
    <property name="java.specification.vendor" value="Oracle Corporation"/>
    <property name="java.version.date" value="2024-07-16"/>
    <property name="java.home" value="/usr/lib/jvm/temurin-17-jdk-amd64"/>
    <property name="java.security.krb5.conf" value="/home/runner/work/ozone/ozone/hadoop-ozone/integration-test/target/test-classes/krb5.conf"/>
    <property name="file.separator" value="/"/>
    <property name="basedir" value="/home/runner/work/ozone/ozone/hadoop-ozone/integration-test"/>
    <property name="java.vm.compressedOopsMode" value="Zero based"/>
    <property name="line.separator" value="&#10;"/>
    <property name="java.vm.specification.vendor" value="Oracle Corporation"/>
    <property name="java.specification.name" value="Java Platform API Specification"/>
    <property name="skip.installnpx" value="true"/>
    <property name="surefire.real.class.path" value="/home/runner/work/ozone/ozone/hadoop-ozone/integration-test/target/surefire/surefirebooter10468279594583789957.jar"/>
    <property name="hadoop.log.dir" value="/home/runner/work/ozone/ozone/hadoop-ozone/integration-test/target/log"/>
    <property name="sun.management.compiler" value="HotSpot 64-Bit Tiered Compilers"/>
    <property name="java.runtime.version" value="17.0.12+7"/>
    <property name="skip.npx" value="true"/>
    <property name="user.name" value="runner"/>
    <property name="java.net.preferIPv4Stack" value="true"/>
    <property name="path.separator" value=":"/>
    <property name="java.security.egd" value="file:///dev/urandom"/>
    <property name="os.version" value="5.15.0-1070-azure"/>
    <property name="java.runtime.name" value="OpenJDK Runtime Environment"/>
    <property name="com.gradle.maven.scan.extension.test.listener.junitplatform.NestedExecutionSafeDelegatingTestExecutionListener" value="7cbd9d24"/>
    <property name="file.encoding" value="UTF-8"/>
    <property name="java.vm.name" value="OpenJDK 64-Bit Server VM"/>
    <property name="java.vendor.version" value="Temurin-17.0.12+7"/>
    <property name="test.build.webapps" value=""/>
    <property name="develocity.listener.surefire.forkId" value="1"/>
    <property name="localRepository" value="/home/runner/.m2/repository"/>
    <property name="java.vendor.url.bug" value="https://github.com/adoptium/adoptium-support/issues"/>
    <property name="jetty.git.hash" value="70015831e5195ba74da6383c4ab7c90c56bb08af"/>
    <property name="java.io.tmpdir" value="/tmp"/>
    <property name="require.test.libhadoop" value=""/>
    <property name="java.version" value="17.0.12"/>
    <property name="user.dir" value="/home/runner/work/ozone/ozone/hadoop-ozone/integration-test"/>
    <property name="os.arch" value="amd64"/>
    <property name="java.vm.specification.name" value="Java Virtual Machine Specification"/>
    <property name="test.build.classes" value="/home/runner/work/ozone/ozone/hadoop-ozone/integration-test/target/test-classes"/>
    <property name="org.apache.ratis.thirdparty.io.netty.allocator.useCacheForAllThreads" value="false"/>
    <property name="native.encoding" value="UTF-8"/>
    <property name="hadoop.tmp.dir" value="/home/runner/work/ozone/ozone/hadoop-ozone/integration-test/target/tmp"/>
    <property name="java.library.path" value="/usr/java/packages/lib:/usr/lib64:/lib64:/lib:/usr/lib"/>
    <property name="java.vm.info" value="mixed mode, sharing"/>
    <property name="java.vendor" value="Eclipse Adoptium"/>
    <property name="java.vm.version" value="17.0.12+7"/>
    <property name="sun.io.unicode.encoding" value="UnicodeLittle"/>
    <property name="develocity.listener.port" value="40449"/>
    <property name="java.class.version" value="61.0"/>
  </properties>
  <testcase name="testBootstrapWithoutConfigUpdate" classname="org.apache.hadoop.ozone.om.TestAddRemoveOzoneManager" time="40.554"/>
  <testcase name="testBootstrap" classname="org.apache.hadoop.ozone.om.TestAddRemoveOzoneManager" time="35.006">
    <error type="java.io.IOException"><![CDATA[java.io.IOException: Failed to Bootstrap OM. Error Code: RATIS_BOOTSTRAP_ERROR, Error Message: omNode-1@group-0AAC5367B30E-ConfigurationStagingState: Fail to set configuration peers:[omNode-bootstrap-1|localhost:15097, omNode-1|localhost:15066]|listeners:[] due to NOPROGRESS
	at org.apache.hadoop.ozone.om.protocolPB.OMInterServiceProtocolClientSideImpl.throwException(OMInterServiceProtocolClientSideImpl.java:113)
	at org.apache.hadoop.ozone.om.protocolPB.OMInterServiceProtocolClientSideImpl.bootstrap(OMInterServiceProtocolClientSideImpl.java:107)
	at org.apache.hadoop.ozone.om.OzoneManager.bootstrap(OzoneManager.java:1947)
	at org.apache.hadoop.ozone.om.OzoneManager.start(OzoneManager.java:1755)
	at org.apache.hadoop.ozone.MiniOzoneHAClusterImpl$MiniOzoneHAService.startInactiveService(MiniOzoneHAClusterImpl.java:993)
	at org.apache.hadoop.ozone.MiniOzoneHAClusterImpl.startInactiveOM(MiniOzoneHAClusterImpl.java:189)
	at org.apache.hadoop.ozone.MiniOzoneHAClusterImpl.bootstrapNewOM(MiniOzoneHAClusterImpl.java:834)
	at org.apache.hadoop.ozone.MiniOzoneHAClusterImpl.bootstrapOzoneManager(MiniOzoneHAClusterImpl.java:749)
	at org.apache.hadoop.ozone.MiniOzoneHAClusterImpl.bootstrapOzoneManager(MiniOzoneHAClusterImpl.java:715)
	at org.apache.hadoop.ozone.om.TestAddRemoveOzoneManager.testBootstrapOMs(TestAddRemoveOzoneManager.java:173)
	at org.apache.hadoop.ozone.om.TestAddRemoveOzoneManager.testBootstrap(TestAddRemoveOzoneManager.java:191)
	at java.base/java.lang.reflect.Method.invoke(Method.java:569)
	at java.base/java.util.ArrayList.forEach(ArrayList.java:1511)
	at java.base/java.util.ArrayList.forEach(ArrayList.java:1511)
]]></error>
    <system-out><![CDATA[2024-08-23 17:40:17,490 [main] WARN  server.ServerUtils (ServerUtils.java:getScmDbDir(143)) - ozone.scm.db.dirs is not configured. We recommend adding this setting. Falling back to ozone.metadata.dirs instead.
2024-08-23 17:40:17,491 [main] INFO  ha.SCMHANodeDetails (SCMHANodeDetails.java:loadSCMHAConfig(207)) - ServiceID for StorageContainerManager is scmServiceId
2024-08-23 17:40:17,491 [main] INFO  ha.SCMHANodeDetails (SCMHANodeDetails.java:loadSCMHAConfig(218)) - ServiceID for StorageContainerManager is scmServiceId
2024-08-23 17:40:17,491 [main] INFO  ha.SCMHANodeDetails (SCMHANodeDetails.java:loadSCMHAConfig(305)) - Found matching SCM address with SCMServiceId: scmServiceId, SCMNodeId: scmNode-1, RPC Address: localhost:15054 and Ratis port: 15054
2024-08-23 17:40:17,491 [main] INFO  ha.SCMHANodeDetails (ConfUtils.java:setNodeSpecificConfigs(97)) - Setting configuration key ozone.scm.datanode.address with value of key ozone.scm.datanode.address.scmServiceId.scmNode-1: 127.0.0.1:15055
2024-08-23 17:40:17,491 [main] INFO  ha.SCMHANodeDetails (ConfUtils.java:setNodeSpecificConfigs(97)) - Setting configuration key ozone.scm.block.client.address with value of key ozone.scm.block.client.address.scmServiceId.scmNode-1: 127.0.0.1:15058
2024-08-23 17:40:17,491 [main] INFO  ha.SCMHANodeDetails (ConfUtils.java:setNodeSpecificConfigs(97)) - Setting configuration key ozone.scm.client.address with value of key ozone.scm.client.address.scmServiceId.scmNode-1: 127.0.0.1:15056
2024-08-23 17:40:17,491 [main] INFO  ha.SCMHANodeDetails (ConfUtils.java:setNodeSpecificConfigs(97)) - Setting configuration key ozone.scm.security.service.address with value of key ozone.scm.security.service.address.scmServiceId.scmNode-1: 127.0.0.1:15053
2024-08-23 17:40:17,491 [main] INFO  ha.SCMHANodeDetails (ConfUtils.java:setNodeSpecificConfigs(97)) - Setting configuration key ozone.scm.ratis.port with value of key ozone.scm.ratis.port.scmServiceId.scmNode-1: 15054
2024-08-23 17:40:17,492 [main] INFO  ha.SCMHANodeDetails (ConfUtils.java:setNodeSpecificConfigs(97)) - Setting configuration key ozone.scm.grpc.port with value of key ozone.scm.grpc.port.scmServiceId.scmNode-1: 15057
2024-08-23 17:40:17,492 [main] INFO  ha.SCMHANodeDetails (ConfUtils.java:setNodeSpecificConfigs(97)) - Setting configuration key ozone.scm.http-address with value of key ozone.scm.http-address.scmServiceId.scmNode-1: 127.0.0.1:15051
2024-08-23 17:40:17,492 [main] INFO  ha.SCMHANodeDetails (ConfUtils.java:setNodeSpecificConfigs(97)) - Setting configuration key ozone.scm.https-address with value of key ozone.scm.https-address.scmServiceId.scmNode-1: 127.0.0.1:15052
2024-08-23 17:40:17,492 [main] INFO  ha.SCMHANodeDetails (ConfUtils.java:setNodeSpecificConfigs(97)) - Setting configuration key ozone.scm.address with value of key ozone.scm.address.scmServiceId.scmNode-1: 127.0.0.1
2024-08-23 17:40:17,492 [main] WARN  scm.ScmUtils (ScmUtils.java:logWarn(165)) - ConfigKey ozone.scm.block.client.address is deprecated, For configuring different ports for each SCM use PortConfigKey ozone.scm.block.client.port appended with serviceId and nodeId. If want to configure same port configure ozone.scm.block.client.port
2024-08-23 17:40:17,492 [main] WARN  scm.ScmUtils (ScmUtils.java:logWarn(165)) - ConfigKey ozone.scm.client.address is deprecated, For configuring different ports for each SCM use PortConfigKey ozone.scm.client.port appended with serviceId and nodeId. If want to configure same port configure ozone.scm.client.port
2024-08-23 17:40:17,492 [main] WARN  scm.ScmUtils (ScmUtils.java:logWarn(165)) - ConfigKey ozone.scm.datanode.address is deprecated, For configuring different ports for each SCM use PortConfigKey ozone.scm.datanode.port appended with serviceId and nodeId. If want to configure same port configure ozone.scm.datanode.port
2024-08-23 17:40:17,495 [main] INFO  server.RaftServerConfigKeys (ConfUtils.java:logGet(46)) - raft.server.log.appender.buffer.byte-limit = 4194304 (custom)
2024-08-23 17:40:17,496 [main] INFO  server.RaftServer (ConfUtils.java:logGet(46)) - raft.rpc.type = GRPC (default)
2024-08-23 17:40:17,497 [main] INFO  grpc.GrpcConfigKeys (ConfUtils.java:logFallback(53)) - raft.grpc.admin.host = null (fallback to raft.grpc.server.host)
2024-08-23 17:40:17,497 [main] INFO  grpc.GrpcConfigKeys (ConfUtils.java:logFallback(53)) - raft.grpc.admin.port = 15054 (fallback to raft.grpc.server.port)
2024-08-23 17:40:17,497 [main] INFO  grpc.GrpcConfigKeys (ConfUtils.java:logFallback(53)) - raft.grpc.client.host = null (fallback to raft.grpc.server.host)
2024-08-23 17:40:17,497 [main] INFO  grpc.GrpcConfigKeys (ConfUtils.java:logFallback(53)) - raft.grpc.client.port = 15054 (fallback to raft.grpc.server.port)
2024-08-23 17:40:17,497 [main] INFO  grpc.GrpcConfigKeys (ConfUtils.java:logGet(46)) - raft.grpc.server.host = null (default)
2024-08-23 17:40:17,497 [main] INFO  grpc.GrpcConfigKeys (ConfUtils.java:logGet(46)) - raft.grpc.server.port = 15054 (custom)
2024-08-23 17:40:17,497 [main] INFO  server.GrpcService (ConfUtils.java:logGet(46)) - raft.grpc.message.size.max = 5242880 (custom)
2024-08-23 17:40:17,497 [main] INFO  server.RaftServerConfigKeys (ConfUtils.java:logGet(46)) - raft.server.log.appender.buffer.byte-limit = 4194304 (custom)
2024-08-23 17:40:17,497 [main] INFO  server.GrpcService (ConfUtils.java:logGet(46)) - raft.grpc.flow.control.window = 1MB (=1048576) (default)
2024-08-23 17:40:17,498 [main] INFO  server.RaftServerConfigKeys (ConfUtils.java:logGet(46)) - raft.server.rpc.request.timeout = 30000ms (custom)
2024-08-23 17:40:17,498 [main] INFO  grpc.GrpcConfigKeys (ConfUtils.java:logGet(46)) - raft.grpc.server.heartbeat.channel = true (default)
2024-08-23 17:40:17,498 [main] INFO  grpc.GrpcConfigKeys (ConfUtils.java:logGet(46)) - raft.grpc.server.async.request.thread.pool.cached = true (default)
2024-08-23 17:40:17,498 [main] INFO  grpc.GrpcConfigKeys (ConfUtils.java:logGet(46)) - raft.grpc.server.async.request.thread.pool.size = 32 (default)
2024-08-23 17:40:17,499 [main] INFO  impl.DataStreamServerImpl (ConfUtils.java:logGet(46)) - raft.datastream.type = DISABLED (default)
2024-08-23 17:40:17,499 [main] INFO  server.RaftServerConfigKeys (ConfUtils.java:logGet(46)) - raft.server.sleep.deviation.threshold = 300ms (default)
2024-08-23 17:40:17,499 [main] INFO  server.RaftServerConfigKeys (ConfUtils.java:logGet(46)) - raft.server.close.threshold = 60s (default)
2024-08-23 17:40:17,499 [main] INFO  server.RaftServerConfigKeys (ConfUtils.java:logGet(46)) - raft.server.leaderelection.leader.step-down.wait-time = 10s (default)
2024-08-23 17:40:17,499 [main] INFO  server.RaftServerConfigKeys (ConfUtils.java:logGet(46)) - raft.server.storage.dir = [/home/runner/work/ozone/ozone/hadoop-ozone/integration-test/target/test-dir/MiniOzoneClusterImpl-79f21b30-aaf8-43fb-84ca-e7a29640eabd/scmNode-1/scm-ha] (custom)
2024-08-23 17:40:17,499 [main] INFO  server.RaftServerConfigKeys (ConfUtils.java:logGet(46)) - raft.server.threadpool.proxy.cached = true (default)
2024-08-23 17:40:17,500 [main] INFO  server.RaftServerConfigKeys (ConfUtils.java:logGet(46)) - raft.server.threadpool.proxy.size = 0 (default)
2024-08-23 17:40:17,500 [main] INFO  server.RaftServer (RaftServerProxy.java:addNew(101)) - f4d24886-16e8-42a6-a606-6b9205f6426d: addNew group-E7A29640EABD:[f4d24886-16e8-42a6-a606-6b9205f6426d|localhost:15054] returns group-E7A29640EABD:java.util.concurrent.CompletableFuture@22c15ebc[Not completed]
2024-08-23 17:40:17,500 [f4d24886-16e8-42a6-a606-6b9205f6426d-groupManagement] INFO  server.RaftServer$Division (RaftServerImpl.java:<init>(253)) - f4d24886-16e8-42a6-a606-6b9205f6426d: new RaftServerImpl for group-E7A29640EABD:[f4d24886-16e8-42a6-a606-6b9205f6426d|localhost:15054] with SCMStateMachine:uninitialized
2024-08-23 17:40:17,500 [f4d24886-16e8-42a6-a606-6b9205f6426d-groupManagement] INFO  server.RaftServerConfigKeys (ConfUtils.java:logGet(46)) - raft.server.rpc.timeout.min = 5000ms (custom)
2024-08-23 17:40:17,500 [f4d24886-16e8-42a6-a606-6b9205f6426d-groupManagement] INFO  server.RaftServerConfigKeys (ConfUtils.java:logGet(46)) - raft.server.rpc.timeout.max = 5200ms (custom)
2024-08-23 17:40:17,500 [f4d24886-16e8-42a6-a606-6b9205f6426d-groupManagement] INFO  server.RaftServerConfigKeys (ConfUtils.java:logGet(46)) - raft.server.rpc.sleep.time = 25ms (default)
2024-08-23 17:40:17,500 [f4d24886-16e8-42a6-a606-6b9205f6426d-groupManagement] INFO  server.RaftServerConfigKeys (ConfUtils.java:logGet(46)) - raft.server.rpc.slowness.timeout = 120000ms (custom)
2024-08-23 17:40:17,501 [f4d24886-16e8-42a6-a606-6b9205f6426d-groupManagement] INFO  server.RaftServerConfigKeys (ConfUtils.java:logGet(46)) - raft.server.leaderelection.leader.step-down.wait-time = 10s (default)
2024-08-23 17:40:17,501 [f4d24886-16e8-42a6-a606-6b9205f6426d-groupManagement] INFO  server.RaftServerConfigKeys (ConfUtils.java:logGet(46)) - raft.server.leaderelection.member.majority-add = false (default)
2024-08-23 17:40:17,501 [f4d24886-16e8-42a6-a606-6b9205f6426d-groupManagement] INFO  server.RaftServerConfigKeys (ConfUtils.java:logGet(46)) - raft.server.sleep.deviation.threshold = 300ms (default)
2024-08-23 17:40:17,501 [f4d24886-16e8-42a6-a606-6b9205f6426d-groupManagement] INFO  server.RaftServer$Division (ServerState.java:<init>(114)) - f4d24886-16e8-42a6-a606-6b9205f6426d@group-E7A29640EABD: ConfigurationManager, init=conf: {index: -1, cur=peers:[f4d24886-16e8-42a6-a606-6b9205f6426d|localhost:15054]|listeners:[], old=null}, confs=<EMPTY_MAP>
2024-08-23 17:40:17,501 [f4d24886-16e8-42a6-a606-6b9205f6426d-groupManagement] INFO  server.RaftServerConfigKeys (ConfUtils.java:logGet(46)) - raft.server.notification.no-leader.timeout = 60s (default)
2024-08-23 17:40:17,501 [f4d24886-16e8-42a6-a606-6b9205f6426d-groupManagement] INFO  server.RaftServerConfigKeys (ConfUtils.java:logGet(46)) - raft.server.read.timeout = 10s (default)
2024-08-23 17:40:17,501 [f4d24886-16e8-42a6-a606-6b9205f6426d-groupManagement] INFO  server.RaftServerConfigKeys (ConfUtils.java:logGet(46)) - raft.server.retrycache.expirytime = 60000ms (default)
2024-08-23 17:40:17,501 [f4d24886-16e8-42a6-a606-6b9205f6426d-groupManagement] INFO  server.RaftServerConfigKeys (ConfUtils.java:logGet(46)) - raft.server.retrycache.statistics.expirytime = 100ms (default)
2024-08-23 17:40:17,501 [f4d24886-16e8-42a6-a606-6b9205f6426d-groupManagement] INFO  server.RaftServerConfigKeys (ConfUtils.java:logGet(46)) - raft.server.read.option = DEFAULT (default)
2024-08-23 17:40:17,501 [f4d24886-16e8-42a6-a606-6b9205f6426d-groupManagement] INFO  server.RaftServerConfigKeys (ConfUtils.java:logGet(46)) - raft.server.read.read-after-write-consistent.write-index-cache.expiry-time = 60s (default)
2024-08-23 17:40:17,502 [f4d24886-16e8-42a6-a606-6b9205f6426d-groupManagement] INFO  server.RaftServerConfigKeys (ConfUtils.java:logGet(46)) - raft.server.rpc.request.timeout = 30000ms (custom)
2024-08-23 17:40:17,502 [f4d24886-16e8-42a6-a606-6b9205f6426d-groupManagement] INFO  server.RaftServerConfigKeys (ConfUtils.java:logGet(46)) - raft.server.log.appender.install.snapshot.enabled = false (custom)
2024-08-23 17:40:17,502 [f4d24886-16e8-42a6-a606-6b9205f6426d-groupManagement] INFO  server.RaftServerConfigKeys (ConfUtils.java:logGet(46)) - raft.server.threadpool.server.cached = true (default)
2024-08-23 17:40:17,502 [f4d24886-16e8-42a6-a606-6b9205f6426d-groupManagement] INFO  server.RaftServerConfigKeys (ConfUtils.java:logGet(46)) - raft.server.threadpool.server.size = 0 (default)
2024-08-23 17:40:17,502 [f4d24886-16e8-42a6-a606-6b9205f6426d-groupManagement] INFO  server.RaftServerConfigKeys (ConfUtils.java:logGet(46)) - raft.server.threadpool.client.cached = true (default)
2024-08-23 17:40:17,502 [f4d24886-16e8-42a6-a606-6b9205f6426d-groupManagement] INFO  server.RaftServerConfigKeys (ConfUtils.java:logGet(46)) - raft.server.threadpool.client.size = 0 (default)
2024-08-23 17:40:17,502 [f4d24886-16e8-42a6-a606-6b9205f6426d-impl-thread1] INFO  server.RaftServerConfigKeys (ConfUtils.java:logGet(46)) - raft.server.storage.free-space.min = 0MB (=0) (default)
2024-08-23 17:40:17,502 [f4d24886-16e8-42a6-a606-6b9205f6426d-impl-thread1] INFO  server.RaftServerConfigKeys (ConfUtils.java:logGet(46)) - raft.server.log.corruption.policy = EXCEPTION (default)
2024-08-23 17:40:17,502 [f4d24886-16e8-42a6-a606-6b9205f6426d-impl-thread1] INFO  server.RaftServerConfigKeys (ConfUtils.java:logGet(46)) - raft.server.storage.dir = [/home/runner/work/ozone/ozone/hadoop-ozone/integration-test/target/test-dir/MiniOzoneClusterImpl-79f21b30-aaf8-43fb-84ca-e7a29640eabd/scmNode-1/scm-ha] (custom)
2024-08-23 17:40:17,502 [f4d24886-16e8-42a6-a606-6b9205f6426d-impl-thread1] INFO  storage.RaftStorageDirectory (RaftStorageDirectoryImpl.java:analyzeStorage(138)) - The storage directory /home/runner/work/ozone/ozone/hadoop-ozone/integration-test/target/test-dir/MiniOzoneClusterImpl-79f21b30-aaf8-43fb-84ca-e7a29640eabd/scmNode-1/scm-ha/79f21b30-aaf8-43fb-84ca-e7a29640eabd does not exist. Creating ...
2024-08-23 17:40:17,503 [f4d24886-16e8-42a6-a606-6b9205f6426d-impl-thread1] INFO  storage.RaftStorageDirectory (RaftStorageDirectoryImpl.java:tryLock(229)) - Lock on /home/runner/work/ozone/ozone/hadoop-ozone/integration-test/target/test-dir/MiniOzoneClusterImpl-79f21b30-aaf8-43fb-84ca-e7a29640eabd/scmNode-1/scm-ha/79f21b30-aaf8-43fb-84ca-e7a29640eabd/in_use.lock acquired by nodename 126670@fv-az848-402
2024-08-23 17:40:17,504 [f4d24886-16e8-42a6-a606-6b9205f6426d-impl-thread1] INFO  storage.RaftStorage (RaftStorageImpl.java:format(98)) - Storage directory /home/runner/work/ozone/ozone/hadoop-ozone/integration-test/target/test-dir/MiniOzoneClusterImpl-79f21b30-aaf8-43fb-84ca-e7a29640eabd/scmNode-1/scm-ha/79f21b30-aaf8-43fb-84ca-e7a29640eabd has been successfully formatted.
2024-08-23 17:40:17,505 [f4d24886-16e8-42a6-a606-6b9205f6426d-impl-thread1] INFO  server.RaftServerConfigKeys (ConfUtils.java:logGet(46)) - raft.server.log.use.memory = false (default)
2024-08-23 17:40:17,505 [f4d24886-16e8-42a6-a606-6b9205f6426d-impl-thread1] INFO  server.RaftServerConfigKeys (ConfUtils.java:logGet(46)) - raft.server.log.purge.gap = 1000000 (custom)
2024-08-23 17:40:17,505 [f4d24886-16e8-42a6-a606-6b9205f6426d-impl-thread1] INFO  server.RaftServerConfigKeys (ConfUtils.java:logGet(46)) - raft.server.log.appender.buffer.byte-limit = 4194304 (custom)
2024-08-23 17:40:17,505 [f4d24886-16e8-42a6-a606-6b9205f6426d-impl-thread1] INFO  server.RaftServerConfigKeys (ConfUtils.java:logGet(46)) - raft.server.log.statemachine.data.read.timeout = 1000ms (default)
2024-08-23 17:40:17,505 [f4d24886-16e8-42a6-a606-6b9205f6426d-impl-thread1] INFO  server.RaftServerConfigKeys (ConfUtils.java:logGet(46)) - raft.server.log.purge.preservation.log.num = 0 (default)
2024-08-23 17:40:17,505 [f4d24886-16e8-42a6-a606-6b9205f6426d-impl-thread1] INFO  server.RaftServerConfigKeys (ConfUtils.java:logGet(46)) - raft.server.log.segment.size.max = 4194304 (custom)
2024-08-23 17:40:17,505 [f4d24886-16e8-42a6-a606-6b9205f6426d-impl-thread1] INFO  server.RaftServerConfigKeys (ConfUtils.java:logGet(46)) - raft.server.log.segment.cache.num.max = 2 (custom)
2024-08-23 17:40:17,505 [f4d24886-16e8-42a6-a606-6b9205f6426d-impl-thread1] INFO  server.RaftServerConfigKeys (ConfUtils.java:logGet(46)) - raft.server.log.segment.cache.size.max = 200MB (=209715200) (default)
2024-08-23 17:40:17,505 [f4d24886-16e8-42a6-a606-6b9205f6426d-impl-thread1] INFO  server.RaftServerConfigKeys (ConfUtils.java:logGet(46)) - raft.server.log.appender.buffer.byte-limit = 4194304 (custom)
2024-08-23 17:40:17,506 [f4d24886-16e8-42a6-a606-6b9205f6426d-impl-thread1] INFO  util.AwaitToRun (AwaitToRun.java:start(81)) - Thread[f4d24886-16e8-42a6-a606-6b9205f6426d@group-E7A29640EABD-cacheEviction-AwaitToRun,5,main] started
2024-08-23 17:40:17,506 [f4d24886-16e8-42a6-a606-6b9205f6426d-impl-thread1] INFO  segmented.SegmentedRaftLogWorker (SegmentedRaftLogWorker.java:<init>(184)) - new f4d24886-16e8-42a6-a606-6b9205f6426d@group-E7A29640EABD-SegmentedRaftLogWorker for RaftStorageImpl:Storage Directory /home/runner/work/ozone/ozone/hadoop-ozone/integration-test/target/test-dir/MiniOzoneClusterImpl-79f21b30-aaf8-43fb-84ca-e7a29640eabd/scmNode-1/scm-ha/79f21b30-aaf8-43fb-84ca-e7a29640eabd
2024-08-23 17:40:17,506 [f4d24886-16e8-42a6-a606-6b9205f6426d-impl-thread1] INFO  server.RaftServerConfigKeys (ConfUtils.java:logGet(46)) - raft.server.log.queue.byte-limit = 64MB (=67108864) (default)
2024-08-23 17:40:17,506 [f4d24886-16e8-42a6-a606-6b9205f6426d-impl-thread1] INFO  server.RaftServerConfigKeys (ConfUtils.java:logGet(46)) - raft.server.log.queue.element-limit = 4096 (default)
2024-08-23 17:40:17,506 [f4d24886-16e8-42a6-a606-6b9205f6426d-impl-thread1] INFO  server.RaftServerConfigKeys (ConfUtils.java:logGet(46)) - raft.server.log.segment.size.max = 4194304 (custom)
2024-08-23 17:40:17,506 [f4d24886-16e8-42a6-a606-6b9205f6426d-impl-thread1] INFO  server.RaftServerConfigKeys (ConfUtils.java:logGet(46)) - raft.server.log.preallocated.size = 4194304 (custom)
2024-08-23 17:40:17,506 [f4d24886-16e8-42a6-a606-6b9205f6426d-impl-thread1] INFO  server.RaftServerConfigKeys (ConfUtils.java:logGet(46)) - raft.server.log.force.sync.num = 128 (default)
2024-08-23 17:40:17,506 [f4d24886-16e8-42a6-a606-6b9205f6426d-impl-thread1] INFO  server.RaftServerConfigKeys (ConfUtils.java:logGet(46)) - raft.server.log.statemachine.data.sync = true (default)
2024-08-23 17:40:17,506 [f4d24886-16e8-42a6-a606-6b9205f6426d-impl-thread1] INFO  server.RaftServerConfigKeys (ConfUtils.java:logGet(46)) - raft.server.log.statemachine.data.sync.timeout = 10s (default)
2024-08-23 17:40:17,506 [f4d24886-16e8-42a6-a606-6b9205f6426d-impl-thread1] INFO  server.RaftServerConfigKeys (ConfUtils.java:logGet(46)) - raft.server.log.statemachine.data.sync.timeout.retry = -1 (default)
2024-08-23 17:40:17,506 [f4d24886-16e8-42a6-a606-6b9205f6426d-impl-thread1] INFO  server.RaftServerConfigKeys (ConfUtils.java:logGet(46)) - raft.server.log.write.buffer.size = 4194312 (custom)
2024-08-23 17:40:17,508 [f4d24886-16e8-42a6-a606-6b9205f6426d-impl-thread1] INFO  server.RaftServerConfigKeys (ConfUtils.java:logGet(46)) - raft.server.log.appender.buffer.byte-limit = 4194304 (custom)
2024-08-23 17:40:17,508 [f4d24886-16e8-42a6-a606-6b9205f6426d-impl-thread1] INFO  server.RaftServerConfigKeys (ConfUtils.java:logGet(46)) - raft.server.log.unsafe-flush.enabled = false (default)
2024-08-23 17:40:17,508 [f4d24886-16e8-42a6-a606-6b9205f6426d-impl-thread1] INFO  server.RaftServerConfigKeys (ConfUtils.java:logGet(46)) - raft.server.log.async-flush.enabled = false (default)
2024-08-23 17:40:17,508 [f4d24886-16e8-42a6-a606-6b9205f6426d-impl-thread1] INFO  server.RaftServerConfigKeys (ConfUtils.java:logGet(46)) - raft.server.log.statemachine.data.caching.enabled = false (default)
2024-08-23 17:40:17,508 [f4d24886-16e8-42a6-a606-6b9205f6426d-impl-thread1] INFO  segmented.SegmentedRaftLogWorker (SegmentedRaftLogWorker.java:lambda$new$0(135)) - f4d24886-16e8-42a6-a606-6b9205f6426d@group-E7A29640EABD-SegmentedRaftLogWorker: flushIndex: setUnconditionally 0 -> -1
2024-08-23 17:40:17,509 [f4d24886-16e8-42a6-a606-6b9205f6426d-impl-thread1] INFO  segmented.SegmentedRaftLogWorker (SegmentedRaftLogWorker.java:lambda$new$0(135)) - f4d24886-16e8-42a6-a606-6b9205f6426d@group-E7A29640EABD-SegmentedRaftLogWorker: safeCacheEvictIndex: setUnconditionally 0 -> -1
2024-08-23 17:40:17,509 [f4d24886-16e8-42a6-a606-6b9205f6426d-impl-thread1] INFO  server.RaftServer$Division (RaftServerImpl.java:start(389)) - f4d24886-16e8-42a6-a606-6b9205f6426d@group-E7A29640EABD: start as a follower, conf=conf: {index: -1, cur=peers:[f4d24886-16e8-42a6-a606-6b9205f6426d|localhost:15054]|listeners:[], old=null}
2024-08-23 17:40:17,509 [f4d24886-16e8-42a6-a606-6b9205f6426d-impl-thread1] INFO  server.RaftServer$Division (RaftServerImpl.java:setRole(376)) - f4d24886-16e8-42a6-a606-6b9205f6426d@group-E7A29640EABD: changes role from      null to FOLLOWER at term 0 for startAsFollower
2024-08-23 17:40:17,509 [f4d24886-16e8-42a6-a606-6b9205f6426d-impl-thread1] INFO  impl.RoleInfo (RoleInfo.java:updateAndGet(148)) - f4d24886-16e8-42a6-a606-6b9205f6426d: start f4d24886-16e8-42a6-a606-6b9205f6426d@group-E7A29640EABD-FollowerState
2024-08-23 17:40:17,509 [f4d24886-16e8-42a6-a606-6b9205f6426d@group-E7A29640EABD-FollowerState] INFO  server.RaftServerConfigKeys (ConfUtils.java:logFallback(53)) - raft.server.rpc.first-election.timeout.min = 5000ms (fallback to raft.server.rpc.timeout.min)
2024-08-23 17:40:17,509 [f4d24886-16e8-42a6-a606-6b9205f6426d-impl-thread1] INFO  util.JmxRegister (JmxRegister.java:tryRegister(44)) - Successfully registered JMX Bean with object name Ratis:service=RaftServer,group=group-E7A29640EABD,id=f4d24886-16e8-42a6-a606-6b9205f6426d
2024-08-23 17:40:17,509 [f4d24886-16e8-42a6-a606-6b9205f6426d@group-E7A29640EABD-FollowerState] INFO  server.RaftServerConfigKeys (ConfUtils.java:logFallback(53)) - raft.server.rpc.first-election.timeout.max = 5200ms (fallback to raft.server.rpc.timeout.max)
2024-08-23 17:40:17,509 [f4d24886-16e8-42a6-a606-6b9205f6426d-impl-thread1] INFO  util.JmxRegister (JmxRegister.java:register(58)) - register mxBean class org.apache.ratis.server.impl.RaftServerJmxAdapter as Ratis:service=RaftServer,group=group-E7A29640EABD,id=f4d24886-16e8-42a6-a606-6b9205f6426d
2024-08-23 17:40:17,509 [f4d24886-16e8-42a6-a606-6b9205f6426d-impl-thread1] INFO  server.RaftServerConfigKeys (ConfUtils.java:logGet(46)) - raft.server.snapshot.trigger-when-stop.enabled = true (default)
2024-08-23 17:40:17,509 [f4d24886-16e8-42a6-a606-6b9205f6426d-impl-thread1] INFO  server.RaftServerConfigKeys (ConfUtils.java:logGet(46)) - raft.server.snapshot.trigger-when-remove.enabled = true (default)
2024-08-23 17:40:17,509 [f4d24886-16e8-42a6-a606-6b9205f6426d-impl-thread1] INFO  server.RaftServerConfigKeys (ConfUtils.java:logGet(46)) - raft.server.snapshot.auto.trigger.enabled = true (custom)
2024-08-23 17:40:17,509 [f4d24886-16e8-42a6-a606-6b9205f6426d-impl-thread1] INFO  server.RaftServerConfigKeys (ConfUtils.java:logGet(46)) - raft.server.snapshot.auto.trigger.threshold = 1000 (custom)
2024-08-23 17:40:17,509 [f4d24886-16e8-42a6-a606-6b9205f6426d-impl-thread1] INFO  server.RaftServerConfigKeys (ConfUtils.java:logGet(46)) - raft.server.snapshot.retention.file.num = -1 (default)
2024-08-23 17:40:17,509 [f4d24886-16e8-42a6-a606-6b9205f6426d-impl-thread1] INFO  server.RaftServerConfigKeys (ConfUtils.java:logGet(46)) - raft.server.log.purge.upto.snapshot.index = false (default)
2024-08-23 17:40:17,510 [main] INFO  server.RaftServer (RaftServerProxy.java:startImpl(408)) - f4d24886-16e8-42a6-a606-6b9205f6426d: start RPC server
2024-08-23 17:40:17,510 [main] INFO  server.GrpcService (GrpcService.java:startImpl(302)) - f4d24886-16e8-42a6-a606-6b9205f6426d: GrpcService started, listening on 15054
2024-08-23 17:40:17,511 [JvmPauseMonitor7] INFO  util.JvmPauseMonitor (JvmPauseMonitor.java:run(146)) - JvmPauseMonitor-f4d24886-16e8-42a6-a606-6b9205f6426d: Started
2024-08-23 17:40:19,695 [timer5] WARN  server.GrpcLogAppender (LogUtils.java:warn(121)) - 438a1399-89d6-4585-867e-dd8215c938a4@group-CC2A4C2D774C->dbd409a9-448c-4f0e-b0d9-1e56bf1542cc-AppendLogResponseHandler: Failed appendEntries (Repeated 2 times in the last 5.001s): org.apache.ratis.thirdparty.io.grpc.StatusRuntimeException: CANCELLED: RST_STREAM closed stream. HTTP/2 error code: CANCEL
2024-08-23 17:40:19,695 [timer5] WARN  server.GrpcLogAppender (LogUtils.java:warn(121)) - 438a1399-89d6-4585-867e-dd8215c938a4@group-CC2A4C2D774C->6ace9351-a83f-4450-bc9e-d4b944bcb2a6-AppendLogResponseHandler: Failed appendEntries (Repeated 2 times in the last 5.003s): org.apache.ratis.thirdparty.io.grpc.StatusRuntimeException: CANCELLED: RST_STREAM closed stream. HTTP/2 error code: CANCEL
2024-08-23 17:40:19,696 [timer6] WARN  server.GrpcLogAppender (GrpcLogAppender.java:lambda$resetClient$1(221)) - 438a1399-89d6-4585-867e-dd8215c938a4@group-CC2A4C2D774C->6ace9351-a83f-4450-bc9e-d4b944bcb2a6-GrpcLogAppender: Follower failed (request=null, errorCount=2); keep nextIndex (1) unchanged and retry. (Repeated 2 times in the last 5.001s)
2024-08-23 17:40:19,697 [timer5] WARN  server.GrpcLogAppender (GrpcLogAppender.java:lambda$resetClient$1(221)) - 438a1399-89d6-4585-867e-dd8215c938a4@group-CC2A4C2D774C->dbd409a9-448c-4f0e-b0d9-1e56bf1542cc-GrpcLogAppender: Follower failed (request=null, errorCount=2); keep nextIndex (1) unchanged and retry. (Repeated 2 times in the last 5.001s)
2024-08-23 17:40:22,699 [f4d24886-16e8-42a6-a606-6b9205f6426d@group-E7A29640EABD-FollowerState] INFO  impl.FollowerState (FollowerState.java:run(144)) - f4d24886-16e8-42a6-a606-6b9205f6426d@group-E7A29640EABD-FollowerState: change to CANDIDATE, lastRpcElapsedTime:5190543595ns, electionTimeout:5190ms
2024-08-23 17:40:22,700 [f4d24886-16e8-42a6-a606-6b9205f6426d@group-E7A29640EABD-FollowerState] INFO  impl.RoleInfo (RoleInfo.java:shutdownFollowerState(119)) - f4d24886-16e8-42a6-a606-6b9205f6426d: shutdown f4d24886-16e8-42a6-a606-6b9205f6426d@group-E7A29640EABD-FollowerState
2024-08-23 17:40:22,700 [f4d24886-16e8-42a6-a606-6b9205f6426d@group-E7A29640EABD-FollowerState] INFO  server.RaftServer$Division (RaftServerImpl.java:setRole(376)) - f4d24886-16e8-42a6-a606-6b9205f6426d@group-E7A29640EABD: changes role from  FOLLOWER to CANDIDATE at term 0 for changeToCandidate
2024-08-23 17:40:22,700 [f4d24886-16e8-42a6-a606-6b9205f6426d@group-E7A29640EABD-FollowerState] INFO  server.RaftServerConfigKeys (ConfUtils.java:logGet(46)) - raft.server.leaderelection.pre-vote = true (default)
2024-08-23 17:40:22,700 [f4d24886-16e8-42a6-a606-6b9205f6426d@group-E7A29640EABD-FollowerState] INFO  impl.RoleInfo (RoleInfo.java:updateAndGet(148)) - f4d24886-16e8-42a6-a606-6b9205f6426d: start f4d24886-16e8-42a6-a606-6b9205f6426d@group-E7A29640EABD-LeaderElection10
2024-08-23 17:40:22,700 [f4d24886-16e8-42a6-a606-6b9205f6426d@group-E7A29640EABD-LeaderElection10] INFO  impl.LeaderElection (LeaderElection.java:askForVotes(321)) - f4d24886-16e8-42a6-a606-6b9205f6426d@group-E7A29640EABD-LeaderElection10 PRE_VOTE round 0: submit vote requests at term 0 for conf: {index: -1, cur=peers:[f4d24886-16e8-42a6-a606-6b9205f6426d|localhost:15054]|listeners:[], old=null}
2024-08-23 17:40:22,701 [f4d24886-16e8-42a6-a606-6b9205f6426d@group-E7A29640EABD-LeaderElection10] INFO  impl.LeaderElection (LeaderElection.java:askForVotes(323)) - f4d24886-16e8-42a6-a606-6b9205f6426d@group-E7A29640EABD-LeaderElection10 PRE_VOTE round 0: result PASSED (term=0)
2024-08-23 17:40:22,702 [f4d24886-16e8-42a6-a606-6b9205f6426d@group-E7A29640EABD-LeaderElection10] INFO  impl.LeaderElection (LeaderElection.java:askForVotes(321)) - f4d24886-16e8-42a6-a606-6b9205f6426d@group-E7A29640EABD-LeaderElection10 ELECTION round 0: submit vote requests at term 1 for conf: {index: -1, cur=peers:[f4d24886-16e8-42a6-a606-6b9205f6426d|localhost:15054]|listeners:[], old=null}
2024-08-23 17:40:22,702 [f4d24886-16e8-42a6-a606-6b9205f6426d@group-E7A29640EABD-LeaderElection10] INFO  impl.LeaderElection (LeaderElection.java:askForVotes(323)) - f4d24886-16e8-42a6-a606-6b9205f6426d@group-E7A29640EABD-LeaderElection10 ELECTION round 0: result PASSED (term=1)
2024-08-23 17:40:22,702 [f4d24886-16e8-42a6-a606-6b9205f6426d@group-E7A29640EABD-LeaderElection10] INFO  impl.RoleInfo (RoleInfo.java:shutdownLeaderElection(139)) - f4d24886-16e8-42a6-a606-6b9205f6426d: shutdown f4d24886-16e8-42a6-a606-6b9205f6426d@group-E7A29640EABD-LeaderElection10
2024-08-23 17:40:22,702 [f4d24886-16e8-42a6-a606-6b9205f6426d@group-E7A29640EABD-LeaderElection10] INFO  server.RaftServer$Division (RaftServerImpl.java:setRole(376)) - f4d24886-16e8-42a6-a606-6b9205f6426d@group-E7A29640EABD: changes role from CANDIDATE to LEADER at term 1 for changeToLeader
2024-08-23 17:40:22,702 [f4d24886-16e8-42a6-a606-6b9205f6426d@group-E7A29640EABD-LeaderElection10] INFO  server.RaftServerConfigKeys (ConfUtils.java:logGet(46)) - raft.server.staging.catchup.gap = 1000 (default)
2024-08-23 17:40:22,703 [f4d24886-16e8-42a6-a606-6b9205f6426d@group-E7A29640EABD-LeaderElection10] INFO  server.RaftServerConfigKeys (ConfUtils.java:logGet(46)) - raft.server.write.element-limit = 4096 (default)
2024-08-23 17:40:22,703 [f4d24886-16e8-42a6-a606-6b9205f6426d@group-E7A29640EABD-LeaderElection10] INFO  server.RaftServerConfigKeys (ConfUtils.java:logGet(46)) - raft.server.write.byte-limit = 64MB (=67108864) (default)
2024-08-23 17:40:22,703 [f4d24886-16e8-42a6-a606-6b9205f6426d@group-E7A29640EABD-LeaderElection10] INFO  server.RaftServerConfigKeys (ConfUtils.java:logGet(46)) - raft.server.watch.timeout = 10s (default)
2024-08-23 17:40:22,703 [f4d24886-16e8-42a6-a606-6b9205f6426d@group-E7A29640EABD-LeaderElection10] INFO  server.RaftServerConfigKeys (ConfUtils.java:logGet(46)) - raft.server.watch.timeout.denomination = 1s (default)
2024-08-23 17:40:22,703 [f4d24886-16e8-42a6-a606-6b9205f6426d@group-E7A29640EABD-LeaderElection10] INFO  server.RaftServerConfigKeys (ConfUtils.java:logGet(46)) - raft.server.watch.element-limit = 65536 (default)
2024-08-23 17:40:22,703 [f4d24886-16e8-42a6-a606-6b9205f6426d@group-E7A29640EABD-LeaderElection10] INFO  server.RaftServerConfigKeys (ConfUtils.java:logGet(46)) - raft.server.read.leader.lease.enabled = false (default)
2024-08-23 17:40:22,703 [f4d24886-16e8-42a6-a606-6b9205f6426d@group-E7A29640EABD-LeaderElection10] INFO  server.RaftServerConfigKeys (ConfUtils.java:logGet(46)) - raft.server.read.leader.lease.timeout.ratio = 0.9 (default)
2024-08-23 17:40:22,703 [f4d24886-16e8-42a6-a606-6b9205f6426d@group-E7A29640EABD-LeaderElection10] INFO  server.RaftServerConfigKeys (ConfUtils.java:logGet(46)) - raft.server.rpc.timeout.min = 5000ms (custom)
2024-08-23 17:40:22,703 [f4d24886-16e8-42a6-a606-6b9205f6426d@group-E7A29640EABD-LeaderElection10] INFO  server.RaftServerConfigKeys (ConfUtils.java:logGet(46)) - raft.server.log.log-metadata.enabled = true (default)
2024-08-23 17:40:22,703 [f4d24886-16e8-42a6-a606-6b9205f6426d@group-E7A29640EABD-LeaderElection10] INFO  server.RaftServerConfigKeys (ConfUtils.java:logGet(46)) - raft.server.write.element-limit = 4096 (default)
2024-08-23 17:40:22,703 [f4d24886-16e8-42a6-a606-6b9205f6426d@group-E7A29640EABD-LeaderElection10] INFO  server.RaftServerConfigKeys (ConfUtils.java:logGet(46)) - raft.server.write.follower.gap.ratio.max = -1.0 (default)
2024-08-23 17:40:22,703 [f4d24886-16e8-42a6-a606-6b9205f6426d@group-E7A29640EABD-LeaderElection10] INFO  impl.RoleInfo (RoleInfo.java:updateAndGet(148)) - f4d24886-16e8-42a6-a606-6b9205f6426d: start f4d24886-16e8-42a6-a606-6b9205f6426d@group-E7A29640EABD-LeaderStateImpl
2024-08-23 17:40:22,704 [f4d24886-16e8-42a6-a606-6b9205f6426d@group-E7A29640EABD-LeaderElection10] INFO  server.RaftServer$Division (RaftServerImpl.java:setFirstElection(549)) - f4d24886-16e8-42a6-a606-6b9205f6426d@group-E7A29640EABD: set firstElectionSinceStartup to false for becomeLeader
2024-08-23 17:40:22,704 [f4d24886-16e8-42a6-a606-6b9205f6426d@group-E7A29640EABD-LeaderElection10] INFO  server.RaftServer$Division (ServerState.java:setLeader(272)) - f4d24886-16e8-42a6-a606-6b9205f6426d@group-E7A29640EABD: change Leader from null to f4d24886-16e8-42a6-a606-6b9205f6426d at term 1 for becomeLeader, leader elected after 5202ms
2024-08-23 17:40:22,704 [f4d24886-16e8-42a6-a606-6b9205f6426d@group-E7A29640EABD-LeaderElection10] INFO  segmented.SegmentedRaftLogWorker (SegmentedRaftLogWorker.java:startLogSegment(433)) - f4d24886-16e8-42a6-a606-6b9205f6426d@group-E7A29640EABD-SegmentedRaftLogWorker: Starting segment from index:0
2024-08-23 17:40:22,704 [f4d24886-16e8-42a6-a606-6b9205f6426d@group-E7A29640EABD-LeaderElection10] INFO  server.RaftServer$Division (ServerState.java:setRaftConf(386)) - f4d24886-16e8-42a6-a606-6b9205f6426d@group-E7A29640EABD: set configuration conf: {index: 0, cur=peers:[f4d24886-16e8-42a6-a606-6b9205f6426d|localhost:15054]|listeners:[], old=null}
2024-08-23 17:40:22,704 [f4d24886-16e8-42a6-a606-6b9205f6426d@group-E7A29640EABD-SegmentedRaftLogWorker] INFO  segmented.BufferedWriteChannel (BufferedWriteChannel.java:open(61)) - open log_inprogress_0 at position 0
2024-08-23 17:40:22,714 [f4d24886-16e8-42a6-a606-6b9205f6426d@group-E7A29640EABD-SegmentedRaftLogWorker] INFO  segmented.SegmentedRaftLogWorker (SegmentedRaftLogWorker.java:execute(637)) - f4d24886-16e8-42a6-a606-6b9205f6426d@group-E7A29640EABD-SegmentedRaftLogWorker: created new log segment /home/runner/work/ozone/ozone/hadoop-ozone/integration-test/target/test-dir/MiniOzoneClusterImpl-79f21b30-aaf8-43fb-84ca-e7a29640eabd/scmNode-1/scm-ha/79f21b30-aaf8-43fb-84ca-e7a29640eabd/current/log_inprogress_0
2024-08-23 17:40:22,716 [f4d24886-16e8-42a6-a606-6b9205f6426d@group-E7A29640EABD-StateMachineUpdater] INFO  server.RaftServer$Division (LeaderStateImpl.java:checkStartIndex(316)) - Leader f4d24886-16e8-42a6-a606-6b9205f6426d@group-E7A29640EABD-LeaderStateImpl is ready since appliedIndex == startIndex == 0
2024-08-23 17:40:23,511 [main] INFO  server.RaftServer (RaftServerProxy.java:lambda$close$9(418)) - f4d24886-16e8-42a6-a606-6b9205f6426d: close
2024-08-23 17:40:23,511 [main] INFO  server.GrpcService (GrpcService.java:closeImpl(311)) - f4d24886-16e8-42a6-a606-6b9205f6426d: shutdown server GrpcServerProtocolService now
2024-08-23 17:40:23,512 [main] INFO  server.GrpcService (GrpcService.java:closeImpl(320)) - f4d24886-16e8-42a6-a606-6b9205f6426d: shutdown server GrpcServerProtocolService successfully
2024-08-23 17:40:23,511 [f4d24886-16e8-42a6-a606-6b9205f6426d-impl-thread1] INFO  server.RaftServer$Division (RaftServerImpl.java:lambda$close$1(501)) - f4d24886-16e8-42a6-a606-6b9205f6426d@group-E7A29640EABD: shutdown
2024-08-23 17:40:23,512 [f4d24886-16e8-42a6-a606-6b9205f6426d-impl-thread1] INFO  util.JmxRegister (JmxRegister.java:unregister(74)) - Successfully un-registered JMX Bean with object name Ratis:service=RaftServer,group=group-E7A29640EABD,id=f4d24886-16e8-42a6-a606-6b9205f6426d
2024-08-23 17:40:23,512 [f4d24886-16e8-42a6-a606-6b9205f6426d-impl-thread1] INFO  impl.RoleInfo (RoleInfo.java:shutdownLeaderState(103)) - f4d24886-16e8-42a6-a606-6b9205f6426d: shutdown f4d24886-16e8-42a6-a606-6b9205f6426d@group-E7A29640EABD-LeaderStateImpl
2024-08-23 17:40:23,512 [f4d24886-16e8-42a6-a606-6b9205f6426d-impl-thread1] INFO  impl.PendingRequests (PendingRequests.java:sendNotLeaderResponses(287)) - f4d24886-16e8-42a6-a606-6b9205f6426d@group-E7A29640EABD-PendingRequests: sendNotLeaderResponses
2024-08-23 17:40:23,513 [f4d24886-16e8-42a6-a606-6b9205f6426d-impl-thread1] INFO  impl.StateMachineUpdater (StateMachineUpdater.java:stopAndJoin(164)) - f4d24886-16e8-42a6-a606-6b9205f6426d@group-E7A29640EABD-StateMachineUpdater: set stopIndex = 0
2024-08-23 17:40:23,513 [f4d24886-16e8-42a6-a606-6b9205f6426d@group-E7A29640EABD-StateMachineUpdater] INFO  impl.StateMachineUpdater (StateMachineUpdater.java:takeSnapshot(303)) - f4d24886-16e8-42a6-a606-6b9205f6426d@group-E7A29640EABD-StateMachineUpdater: Took a snapshot at index 0
2024-08-23 17:40:23,513 [f4d24886-16e8-42a6-a606-6b9205f6426d@group-E7A29640EABD-StateMachineUpdater] INFO  impl.StateMachineUpdater (StateMachineUpdater.java:lambda$new$0(102)) - f4d24886-16e8-42a6-a606-6b9205f6426d@group-E7A29640EABD-StateMachineUpdater: snapshotIndex: updateIncreasingly -1 -> 0
2024-08-23 17:40:23,513 [f4d24886-16e8-42a6-a606-6b9205f6426d@group-E7A29640EABD-StateMachineUpdater] INFO  impl.StateMachineUpdater (StateMachineUpdater.java:stop(141)) - f4d24886-16e8-42a6-a606-6b9205f6426d@group-E7A29640EABD-StateMachineUpdater: closing SCMStateMachine, lastApplied=(t:1, i:0)
2024-08-23 17:40:23,513 [f4d24886-16e8-42a6-a606-6b9205f6426d@group-E7A29640EABD-cacheEviction-AwaitToRun] INFO  util.AwaitToRun (AwaitToRun.java:run(49)) - f4d24886-16e8-42a6-a606-6b9205f6426d@group-E7A29640EABD-cacheEviction-AwaitToRun-AwaitForSignal is interrupted
2024-08-23 17:40:23,716 [f4d24886-16e8-42a6-a606-6b9205f6426d-impl-thread1] INFO  segmented.SegmentedRaftLogWorker (SegmentedRaftLogWorker.java:close(248)) - f4d24886-16e8-42a6-a606-6b9205f6426d@group-E7A29640EABD-SegmentedRaftLogWorker close()
2024-08-23 17:40:23,717 [JvmPauseMonitor7] INFO  util.JvmPauseMonitor (JvmPauseMonitor.java:run(152)) - JvmPauseMonitor-f4d24886-16e8-42a6-a606-6b9205f6426d: Stopped
2024-08-23 17:40:23,717 [main] WARN  server.ServerUtils (ServerUtils.java:getScmDbDir(143)) - ozone.scm.db.dirs is not configured. We recommend adding this setting. Falling back to ozone.metadata.dirs instead.
2024-08-23 17:40:23,718 [main] INFO  server.StorageContainerManager (StorageContainerManager.java:scmInit(1305)) - SCM initialization succeeded. Current cluster id for sd=/home/runner/work/ozone/ozone/hadoop-ozone/integration-test/target/test-dir/MiniOzoneClusterImpl-79f21b30-aaf8-43fb-84ca-e7a29640eabd/scmNode-1/scm; cid=79f21b30-aaf8-43fb-84ca-e7a29640eabd; layoutVersion=8; scmId=f4d24886-16e8-42a6-a606-6b9205f6426d
2024-08-23 17:40:23,718 [main] WARN  server.ServerUtils (ServerUtils.java:getScmDbDir(143)) - ozone.scm.db.dirs is not configured. We recommend adding this setting. Falling back to ozone.metadata.dirs instead.
2024-08-23 17:40:23,719 [main] INFO  ha.SCMHANodeDetails (SCMHANodeDetails.java:loadSCMHAConfig(207)) - ServiceID for StorageContainerManager is scmServiceId
2024-08-23 17:40:23,719 [main] INFO  ha.SCMHANodeDetails (SCMHANodeDetails.java:loadSCMHAConfig(218)) - ServiceID for StorageContainerManager is scmServiceId
2024-08-23 17:40:23,719 [main] INFO  ha.SCMHANodeDetails (SCMHANodeDetails.java:loadSCMHAConfig(305)) - Found matching SCM address with SCMServiceId: scmServiceId, SCMNodeId: scmNode-1, RPC Address: localhost:15054 and Ratis port: 15054
2024-08-23 17:40:23,719 [main] INFO  ha.SCMHANodeDetails (ConfUtils.java:setNodeSpecificConfigs(97)) - Setting configuration key ozone.scm.datanode.address with value of key ozone.scm.datanode.address.scmServiceId.scmNode-1: 127.0.0.1:15055
2024-08-23 17:40:23,719 [main] INFO  ha.SCMHANodeDetails (ConfUtils.java:setNodeSpecificConfigs(97)) - Setting configuration key ozone.scm.block.client.address with value of key ozone.scm.block.client.address.scmServiceId.scmNode-1: 127.0.0.1:15058
2024-08-23 17:40:23,719 [main] INFO  ha.SCMHANodeDetails (ConfUtils.java:setNodeSpecificConfigs(97)) - Setting configuration key ozone.scm.client.address with value of key ozone.scm.client.address.scmServiceId.scmNode-1: 127.0.0.1:15056
2024-08-23 17:40:23,719 [main] INFO  ha.SCMHANodeDetails (ConfUtils.java:setNodeSpecificConfigs(97)) - Setting configuration key ozone.scm.security.service.address with value of key ozone.scm.security.service.address.scmServiceId.scmNode-1: 127.0.0.1:15053
2024-08-23 17:40:23,719 [main] INFO  ha.SCMHANodeDetails (ConfUtils.java:setNodeSpecificConfigs(97)) - Setting configuration key ozone.scm.ratis.port with value of key ozone.scm.ratis.port.scmServiceId.scmNode-1: 15054
2024-08-23 17:40:23,719 [main] INFO  ha.SCMHANodeDetails (ConfUtils.java:setNodeSpecificConfigs(97)) - Setting configuration key ozone.scm.grpc.port with value of key ozone.scm.grpc.port.scmServiceId.scmNode-1: 15057
2024-08-23 17:40:23,720 [main] INFO  ha.SCMHANodeDetails (ConfUtils.java:setNodeSpecificConfigs(97)) - Setting configuration key ozone.scm.http-address with value of key ozone.scm.http-address.scmServiceId.scmNode-1: 127.0.0.1:15051
2024-08-23 17:40:23,720 [main] INFO  ha.SCMHANodeDetails (ConfUtils.java:setNodeSpecificConfigs(97)) - Setting configuration key ozone.scm.https-address with value of key ozone.scm.https-address.scmServiceId.scmNode-1: 127.0.0.1:15052
2024-08-23 17:40:23,720 [main] INFO  ha.SCMHANodeDetails (ConfUtils.java:setNodeSpecificConfigs(97)) - Setting configuration key ozone.scm.address with value of key ozone.scm.address.scmServiceId.scmNode-1: 127.0.0.1
2024-08-23 17:40:23,720 [main] WARN  scm.ScmUtils (ScmUtils.java:logWarn(165)) - ConfigKey ozone.scm.block.client.address is deprecated, For configuring different ports for each SCM use PortConfigKey ozone.scm.block.client.port appended with serviceId and nodeId. If want to configure same port configure ozone.scm.block.client.port
2024-08-23 17:40:23,720 [main] WARN  scm.ScmUtils (ScmUtils.java:logWarn(165)) - ConfigKey ozone.scm.client.address is deprecated, For configuring different ports for each SCM use PortConfigKey ozone.scm.client.port appended with serviceId and nodeId. If want to configure same port configure ozone.scm.client.port
2024-08-23 17:40:23,720 [main] WARN  scm.ScmUtils (ScmUtils.java:logWarn(165)) - ConfigKey ozone.scm.datanode.address is deprecated, For configuring different ports for each SCM use PortConfigKey ozone.scm.datanode.port appended with serviceId and nodeId. If want to configure same port configure ozone.scm.datanode.port
2024-08-23 17:40:23,720 [main] WARN  utils.HAUtils (HAUtils.java:getMetaDir(339)) - ozone.scm.db.dirs is not configured. We recommend adding this setting. Falling back to ozone.metadata.dirs instead.
2024-08-23 17:40:23,721 [main] WARN  db.DBStoreBuilder (DBStoreBuilder.java:applyDBDefinition(171)) - ozone.scm.db.dirs is not configured. We recommend adding this setting. Falling back to ozone.metadata.dirs instead.
2024-08-23 17:40:23,766 [main] INFO  net.NodeSchemaLoader (NodeSchemaLoader.java:loadSchemaFromFile(129)) - Loading schema from [jar:file:/home/runner/work/ozone/ozone/hadoop-hdds/common/target/hdds-common-1.5.0-SNAPSHOT.jar!/network-topology-default.xml]
2024-08-23 17:40:23,766 [main] INFO  net.NodeSchemaLoader (NodeSchemaLoader.java:loadSchema(176)) - Loading network topology layer schema file
2024-08-23 17:40:23,784 [main] INFO  ha.SCMRatisServerImpl (SCMRatisServerImpl.java:<init>(99)) - starting Raft server for scm:f4d24886-16e8-42a6-a606-6b9205f6426d
2024-08-23 17:40:23,784 [main] INFO  server.RaftServerConfigKeys (ConfUtils.java:logGet(46)) - raft.server.log.appender.buffer.byte-limit = 4194304 (custom)
2024-08-23 17:40:23,786 [main] INFO  server.RaftServer (ConfUtils.java:logGet(46)) - raft.rpc.type = GRPC (default)
2024-08-23 17:40:23,786 [main] INFO  grpc.GrpcConfigKeys (ConfUtils.java:logFallback(53)) - raft.grpc.admin.host = null (fallback to raft.grpc.server.host)
2024-08-23 17:40:23,786 [main] INFO  grpc.GrpcConfigKeys (ConfUtils.java:logFallback(53)) - raft.grpc.admin.port = 15054 (fallback to raft.grpc.server.port)
2024-08-23 17:40:23,786 [main] INFO  grpc.GrpcConfigKeys (ConfUtils.java:logFallback(53)) - raft.grpc.client.host = null (fallback to raft.grpc.server.host)
2024-08-23 17:40:23,786 [main] INFO  grpc.GrpcConfigKeys (ConfUtils.java:logFallback(53)) - raft.grpc.client.port = 15054 (fallback to raft.grpc.server.port)
2024-08-23 17:40:23,786 [main] INFO  grpc.GrpcConfigKeys (ConfUtils.java:logGet(46)) - raft.grpc.server.host = null (default)
2024-08-23 17:40:23,786 [main] INFO  grpc.GrpcConfigKeys (ConfUtils.java:logGet(46)) - raft.grpc.server.port = 15054 (custom)
2024-08-23 17:40:23,786 [main] INFO  server.GrpcService (ConfUtils.java:logGet(46)) - raft.grpc.message.size.max = 5242880 (custom)
2024-08-23 17:40:23,787 [main] INFO  server.RaftServerConfigKeys (ConfUtils.java:logGet(46)) - raft.server.log.appender.buffer.byte-limit = 4194304 (custom)
2024-08-23 17:40:23,787 [main] INFO  server.GrpcService (ConfUtils.java:logGet(46)) - raft.grpc.flow.control.window = 1MB (=1048576) (default)
2024-08-23 17:40:23,787 [main] INFO  server.RaftServerConfigKeys (ConfUtils.java:logGet(46)) - raft.server.rpc.request.timeout = 30000ms (custom)
2024-08-23 17:40:23,787 [main] INFO  grpc.GrpcConfigKeys (ConfUtils.java:logGet(46)) - raft.grpc.server.heartbeat.channel = true (default)
2024-08-23 17:40:23,787 [main] INFO  grpc.GrpcConfigKeys (ConfUtils.java:logGet(46)) - raft.grpc.server.async.request.thread.pool.cached = true (default)
2024-08-23 17:40:23,787 [main] INFO  grpc.GrpcConfigKeys (ConfUtils.java:logGet(46)) - raft.grpc.server.async.request.thread.pool.size = 32 (default)
2024-08-23 17:40:23,788 [main] INFO  impl.DataStreamServerImpl (ConfUtils.java:logGet(46)) - raft.datastream.type = DISABLED (default)
2024-08-23 17:40:23,788 [main] INFO  server.RaftServerConfigKeys (ConfUtils.java:logGet(46)) - raft.server.sleep.deviation.threshold = 300ms (default)
2024-08-23 17:40:23,788 [main] INFO  server.RaftServerConfigKeys (ConfUtils.java:logGet(46)) - raft.server.close.threshold = 60s (default)
2024-08-23 17:40:23,788 [main] INFO  server.RaftServerConfigKeys (ConfUtils.java:logGet(46)) - raft.server.leaderelection.leader.step-down.wait-time = 10s (default)
2024-08-23 17:40:23,788 [main] INFO  server.RaftServerConfigKeys (ConfUtils.java:logGet(46)) - raft.server.storage.dir = [/home/runner/work/ozone/ozone/hadoop-ozone/integration-test/target/test-dir/MiniOzoneClusterImpl-79f21b30-aaf8-43fb-84ca-e7a29640eabd/scmNode-1/scm-ha] (custom)
2024-08-23 17:40:23,788 [main] INFO  server.RaftServerConfigKeys (ConfUtils.java:logGet(46)) - raft.server.threadpool.proxy.cached = true (default)
2024-08-23 17:40:23,789 [main] INFO  server.RaftServerConfigKeys (ConfUtils.java:logGet(46)) - raft.server.threadpool.proxy.size = 0 (default)
2024-08-23 17:40:23,789 [f4d24886-16e8-42a6-a606-6b9205f6426d-impl-thread1] INFO  server.RaftServer (RaftServerProxy.java:initGroupDir(266)) - f4d24886-16e8-42a6-a606-6b9205f6426d: found a subdirectory /home/runner/work/ozone/ozone/hadoop-ozone/integration-test/target/test-dir/MiniOzoneClusterImpl-79f21b30-aaf8-43fb-84ca-e7a29640eabd/scmNode-1/scm-ha/79f21b30-aaf8-43fb-84ca-e7a29640eabd
2024-08-23 17:40:23,789 [main] INFO  server.RaftServer (RaftServerProxy.java:addNew(101)) - f4d24886-16e8-42a6-a606-6b9205f6426d: addNew group-E7A29640EABD:[] returns group-E7A29640EABD:java.util.concurrent.CompletableFuture@261a8248[Not completed]
2024-08-23 17:40:23,789 [f4d24886-16e8-42a6-a606-6b9205f6426d-groupManagement] INFO  server.RaftServer$Division (RaftServerImpl.java:<init>(253)) - f4d24886-16e8-42a6-a606-6b9205f6426d: new RaftServerImpl for group-E7A29640EABD:[] with SCMStateMachine:uninitialized
2024-08-23 17:40:23,790 [f4d24886-16e8-42a6-a606-6b9205f6426d-groupManagement] INFO  server.RaftServerConfigKeys (ConfUtils.java:logGet(46)) - raft.server.rpc.timeout.min = 5000ms (custom)
2024-08-23 17:40:23,790 [f4d24886-16e8-42a6-a606-6b9205f6426d-groupManagement] INFO  server.RaftServerConfigKeys (ConfUtils.java:logGet(46)) - raft.server.rpc.timeout.max = 5200ms (custom)
2024-08-23 17:40:23,790 [f4d24886-16e8-42a6-a606-6b9205f6426d-groupManagement] INFO  server.RaftServerConfigKeys (ConfUtils.java:logGet(46)) - raft.server.rpc.sleep.time = 25ms (default)
2024-08-23 17:40:23,790 [f4d24886-16e8-42a6-a606-6b9205f6426d-groupManagement] INFO  server.RaftServerConfigKeys (ConfUtils.java:logGet(46)) - raft.server.rpc.slowness.timeout = 120000ms (custom)
2024-08-23 17:40:23,790 [f4d24886-16e8-42a6-a606-6b9205f6426d-groupManagement] INFO  server.RaftServerConfigKeys (ConfUtils.java:logGet(46)) - raft.server.leaderelection.leader.step-down.wait-time = 10s (default)
2024-08-23 17:40:23,790 [f4d24886-16e8-42a6-a606-6b9205f6426d-groupManagement] INFO  server.RaftServerConfigKeys (ConfUtils.java:logGet(46)) - raft.server.leaderelection.member.majority-add = false (default)
2024-08-23 17:40:23,790 [f4d24886-16e8-42a6-a606-6b9205f6426d-groupManagement] INFO  server.RaftServerConfigKeys (ConfUtils.java:logGet(46)) - raft.server.sleep.deviation.threshold = 300ms (default)
2024-08-23 17:40:23,790 [f4d24886-16e8-42a6-a606-6b9205f6426d-groupManagement] INFO  server.RaftServer$Division (ServerState.java:<init>(114)) - f4d24886-16e8-42a6-a606-6b9205f6426d@group-E7A29640EABD: ConfigurationManager, init=conf: {index: -1, cur=peers:[]|listeners:[], old=null}, confs=<EMPTY_MAP>
2024-08-23 17:40:23,790 [f4d24886-16e8-42a6-a606-6b9205f6426d-groupManagement] INFO  server.RaftServerConfigKeys (ConfUtils.java:logGet(46)) - raft.server.notification.no-leader.timeout = 60s (default)
2024-08-23 17:40:23,790 [f4d24886-16e8-42a6-a606-6b9205f6426d-groupManagement] INFO  server.RaftServerConfigKeys (ConfUtils.java:logGet(46)) - raft.server.read.timeout = 10s (default)
2024-08-23 17:40:23,790 [f4d24886-16e8-42a6-a606-6b9205f6426d-groupManagement] INFO  server.RaftServerConfigKeys (ConfUtils.java:logGet(46)) - raft.server.retrycache.expirytime = 60000ms (default)
2024-08-23 17:40:23,790 [f4d24886-16e8-42a6-a606-6b9205f6426d-groupManagement] INFO  server.RaftServerConfigKeys (ConfUtils.java:logGet(46)) - raft.server.retrycache.statistics.expirytime = 100ms (default)
2024-08-23 17:40:23,790 [f4d24886-16e8-42a6-a606-6b9205f6426d-groupManagement] INFO  server.RaftServerConfigKeys (ConfUtils.java:logGet(46)) - raft.server.read.option = DEFAULT (default)
2024-08-23 17:40:23,790 [f4d24886-16e8-42a6-a606-6b9205f6426d-groupManagement] INFO  server.RaftServerConfigKeys (ConfUtils.java:logGet(46)) - raft.server.read.read-after-write-consistent.write-index-cache.expiry-time = 60s (default)
2024-08-23 17:40:23,792 [f4d24886-16e8-42a6-a606-6b9205f6426d-groupManagement] INFO  server.RaftServerConfigKeys (ConfUtils.java:logGet(46)) - raft.server.rpc.request.timeout = 30000ms (custom)
2024-08-23 17:40:23,792 [f4d24886-16e8-42a6-a606-6b9205f6426d-groupManagement] INFO  server.RaftServerConfigKeys (ConfUtils.java:logGet(46)) - raft.server.log.appender.install.snapshot.enabled = false (custom)
2024-08-23 17:40:23,792 [f4d24886-16e8-42a6-a606-6b9205f6426d-groupManagement] INFO  server.RaftServerConfigKeys (ConfUtils.java:logGet(46)) - raft.server.threadpool.server.cached = true (default)
2024-08-23 17:40:23,792 [f4d24886-16e8-42a6-a606-6b9205f6426d-groupManagement] INFO  server.RaftServerConfigKeys (ConfUtils.java:logGet(46)) - raft.server.threadpool.server.size = 0 (default)
2024-08-23 17:40:23,792 [f4d24886-16e8-42a6-a606-6b9205f6426d-groupManagement] INFO  server.RaftServerConfigKeys (ConfUtils.java:logGet(46)) - raft.server.threadpool.client.cached = true (default)
2024-08-23 17:40:23,792 [f4d24886-16e8-42a6-a606-6b9205f6426d-groupManagement] INFO  server.RaftServerConfigKeys (ConfUtils.java:logGet(46)) - raft.server.threadpool.client.size = 0 (default)
2024-08-23 17:40:23,792 [main] INFO  ha.SCMSnapshotProvider (SCMSnapshotProvider.java:<init>(66)) - Initializing SCM Snapshot Provider
2024-08-23 17:40:23,792 [main] WARN  server.ServerUtils (ServerUtils.java:getDefaultRatisDirectory(311)) - Storage directory for Ratis is not configured. It is a good idea to map this to an SSD disk. Falling back to ozone.metadata.dirs
2024-08-23 17:40:23,792 [main] WARN  ha.SCMHAUtils (SCMHAUtils.java:getSCMRatisSnapshotDirectory(158)) - SCM snapshot dir is not configured. Falling back to ozone.metadata.dirs config
2024-08-23 17:40:23,793 [main] INFO  upgrade.AbstractLayoutVersionManager (AbstractLayoutVersionManager.java:init(83)) - Initializing Layout version manager with metadata layout = HBASE_SUPPORT (version = 8), software layout = HBASE_SUPPORT (version = 8)
2024-08-23 17:40:23,795 [main] INFO  ha.SequenceIdGenerator (SequenceIdGenerator.java:upgradeToSequenceId(369)) - upgrade localId to 113750153625600000
2024-08-23 17:40:23,796 [main] INFO  ha.SequenceIdGenerator (SequenceIdGenerator.java:upgradeToSequenceId(379)) - upgrade delTxnId to 0
2024-08-23 17:40:23,796 [main] INFO  ha.SequenceIdGenerator (SequenceIdGenerator.java:upgradeToSequenceId(396)) - upgrade containerId to 0
2024-08-23 17:40:23,797 [main] INFO  ha.SequenceIdGenerator (SequenceIdGenerator.java:upgradeToCertificateSequenceId(433)) - upgrade CertificateId to 2
2024-08-23 17:40:23,797 [main] INFO  ha.SequenceIdGenerator (SequenceIdGenerator.java:<init>(240)) - Init the HA SequenceIdGenerator.
2024-08-23 17:40:23,798 [main] WARN  server.ServerUtils (ServerUtils.java:sanitizeUserArgs(79)) - ozone.scm.stale.node.interval value = 300000 is larger than max = 100000 based on the key value of ozone.scm.heartbeat.thread.interval, reset to the max value 100000.
2024-08-23 17:40:23,798 [main] WARN  server.ServerUtils (ServerUtils.java:sanitizeUserArgs(79)) - ozone.scm.stale.node.interval value = 300000 is larger than max = 100000 based on the key value of ozone.scm.heartbeat.thread.interval, reset to the max value 100000.
2024-08-23 17:40:23,798 [main] INFO  node.SCMNodeManager (SCMNodeManager.java:<init>(178)) - Entering startup safe mode.
2024-08-23 17:40:23,799 [main] INFO  algorithms.ContainerPlacementPolicyFactory (ContainerPlacementPolicyFactory.java:getPolicyInternal(86)) - Create container placement policy of type org.apache.hadoop.hdds.scm.container.placement.algorithms.SCMContainerPlacementRackAware
2024-08-23 17:40:23,799 [main] INFO  algorithms.ContainerPlacementPolicyFactory (ContainerPlacementPolicyFactory.java:getPolicyInternal(86)) - Create container placement policy of type org.apache.hadoop.hdds.scm.container.placement.algorithms.SCMContainerPlacementRackScatter
2024-08-23 17:40:23,799 [main] INFO  pipeline.PipelineStateManagerImpl (PipelineStateManagerImpl.java:initialize(78)) - No pipeline exists in current db
2024-08-23 17:40:23,799 [main] INFO  algorithms.LeaderChoosePolicyFactory (LeaderChoosePolicyFactory.java:getPolicy(57)) - Create leader choose policy of type org.apache.hadoop.hdds.scm.pipeline.leader.choose.algorithms.MinLeaderCountChoosePolicy
2024-08-23 17:40:23,799 [main] INFO  algorithms.ContainerPlacementPolicyFactory (ContainerPlacementPolicyFactory.java:getPolicyInternal(86)) - Create container placement policy of type org.apache.hadoop.hdds.scm.container.placement.algorithms.SCMContainerPlacementRackScatter
2024-08-23 17:40:23,800 [main] INFO  ha.SCMServiceManager (SCMServiceManager.java:register(42)) - Registering service BackgroundPipelineCreator.
2024-08-23 17:40:23,800 [main] INFO  pipeline.BackgroundPipelineCreator (BackgroundPipelineCreator.java:start(127)) - Starting scmNode-1-RatisPipelineUtilsThread.
2024-08-23 17:40:23,800 [main] INFO  BackgroundPipelineScrubber (BackgroundSCMService.java:start(65)) - Starting BackgroundPipelineScrubber Service.
2024-08-23 17:40:23,802 [main] INFO  ha.SCMServiceManager (SCMServiceManager.java:register(42)) - Registering service BackgroundPipelineScrubber.
2024-08-23 17:40:23,803 [main] INFO  ExpiredContainerReplicaOpScrubber (BackgroundSCMService.java:start(65)) - Starting ExpiredContainerReplicaOpScrubber Service.
2024-08-23 17:40:23,803 [main] INFO  ha.SCMServiceManager (SCMServiceManager.java:register(42)) - Registering service ExpiredContainerReplicaOpScrubber.
2024-08-23 17:40:23,804 [main] INFO  algorithms.PipelineChoosePolicyFactory (PipelineChoosePolicyFactory.java:createPipelineChoosePolicyFromClass(80)) - Create pipeline choose policy of type org.apache.hadoop.hdds.scm.pipeline.choose.algorithms.RandomPipelineChoosePolicy
2024-08-23 17:40:23,804 [main] INFO  algorithms.PipelineChoosePolicyFactory (PipelineChoosePolicyFactory.java:createPipelineChoosePolicyFromClass(80)) - Create pipeline choose policy of type org.apache.hadoop.hdds.scm.pipeline.choose.algorithms.RandomPipelineChoosePolicy
2024-08-23 17:40:23,804 [main] INFO  ha.SCMServiceManager (SCMServiceManager.java:register(42)) - Registering service SCMBlockDeletingService.
2024-08-23 17:40:23,805 [main] INFO  replication.ReplicationManager (ReplicationManager.java:start(296)) - Starting Replication Monitor Thread.
2024-08-23 17:40:23,808 [main] INFO  ha.SCMServiceManager (SCMServiceManager.java:register(42)) - Registering service ReplicationManager.
2024-08-23 17:40:23,808 [main] INFO  safemode.ContainerSafeModeRule (ContainerSafeModeRule.java:<init>(91)) - containers with one replica threshold count 0
2024-08-23 17:40:23,808 [main] INFO  safemode.HealthyPipelineSafeModeRule (HealthyPipelineSafeModeRule.java:initializeRule(176)) - Total pipeline count is 0, healthy pipeline threshold count is 1
2024-08-23 17:40:23,809 [main] INFO  safemode.OneReplicaPipelineSafeModeRule (OneReplicaPipelineSafeModeRule.java:initializeRule(193)) - Total pipeline count is 0, pipeline's with at least one datanode reported threshold count is 0
2024-08-23 17:40:23,810 [main] INFO  server.StorageContainerManager (StorageContainerManager.java:<init>(442)) - SCM start with adminUsers: [runner]
2024-08-23 17:40:23,811 [main] INFO  ipc.CallQueueManager (CallQueueManager.java:<init>(90)) - Using callQueue: class java.util.concurrent.LinkedBlockingQueue, queueCapacity: 10000, scheduler: class org.apache.hadoop.ipc.DefaultRpcScheduler, ipcBackoff: false.
2024-08-23 17:40:23,811 [main] INFO  ipc.Server (Server.java:<init>(1287)) - Listener at 0.0.0.0:15055
2024-08-23 17:40:23,814 [Socket Reader #1 for port 15055] INFO  ipc.Server (Server.java:run(1323)) - Starting Socket Reader #1 for port 15055
2024-08-23 17:40:23,815 [Socket Reader #4 for port 15055] INFO  ipc.Server (Server.java:run(1323)) - Starting Socket Reader #4 for port 15055
2024-08-23 17:40:23,815 [Socket Reader #3 for port 15055] INFO  ipc.Server (Server.java:run(1323)) - Starting Socket Reader #3 for port 15055
2024-08-23 17:40:23,815 [Socket Reader #2 for port 15055] INFO  ipc.Server (Server.java:run(1323)) - Starting Socket Reader #2 for port 15055
2024-08-23 17:40:23,815 [Socket Reader #5 for port 15055] INFO  ipc.Server (Server.java:run(1323)) - Starting Socket Reader #5 for port 15055
2024-08-23 17:40:23,816 [Socket Reader #6 for port 15055] INFO  ipc.Server (Server.java:run(1323)) - Starting Socket Reader #6 for port 15055
2024-08-23 17:40:23,816 [Socket Reader #7 for port 15055] INFO  ipc.Server (Server.java:run(1323)) - Starting Socket Reader #7 for port 15055
2024-08-23 17:40:23,816 [Socket Reader #8 for port 15055] INFO  ipc.Server (Server.java:run(1323)) - Starting Socket Reader #8 for port 15055
2024-08-23 17:40:23,818 [Socket Reader #9 for port 15055] INFO  ipc.Server (Server.java:run(1323)) - Starting Socket Reader #9 for port 15055
2024-08-23 17:40:23,818 [Socket Reader #10 for port 15055] INFO  ipc.Server (Server.java:run(1323)) - Starting Socket Reader #10 for port 15055
2024-08-23 17:40:23,819 [main] INFO  ipc.CallQueueManager (CallQueueManager.java:<init>(90)) - Using callQueue: class java.util.concurrent.LinkedBlockingQueue, queueCapacity: 10000, scheduler: class org.apache.hadoop.ipc.DefaultRpcScheduler, ipcBackoff: false.
2024-08-23 17:40:23,819 [main] INFO  ipc.Server (Server.java:<init>(1287)) - Listener at 0.0.0.0:15058
2024-08-23 17:40:23,820 [Socket Reader #1 for port 15058] INFO  ipc.Server (Server.java:run(1323)) - Starting Socket Reader #1 for port 15058
2024-08-23 17:40:23,820 [Socket Reader #2 for port 15058] INFO  ipc.Server (Server.java:run(1323)) - Starting Socket Reader #2 for port 15058
2024-08-23 17:40:23,820 [Socket Reader #3 for port 15058] INFO  ipc.Server (Server.java:run(1323)) - Starting Socket Reader #3 for port 15058
2024-08-23 17:40:23,820 [Socket Reader #4 for port 15058] INFO  ipc.Server (Server.java:run(1323)) - Starting Socket Reader #4 for port 15058
2024-08-23 17:40:23,820 [Socket Reader #5 for port 15058] INFO  ipc.Server (Server.java:run(1323)) - Starting Socket Reader #5 for port 15058
2024-08-23 17:40:23,821 [Socket Reader #6 for port 15058] INFO  ipc.Server (Server.java:run(1323)) - Starting Socket Reader #6 for port 15058
2024-08-23 17:40:23,821 [Socket Reader #7 for port 15058] INFO  ipc.Server (Server.java:run(1323)) - Starting Socket Reader #7 for port 15058
2024-08-23 17:40:23,821 [Socket Reader #8 for port 15058] INFO  ipc.Server (Server.java:run(1323)) - Starting Socket Reader #8 for port 15058
2024-08-23 17:40:23,821 [Socket Reader #9 for port 15058] INFO  ipc.Server (Server.java:run(1323)) - Starting Socket Reader #9 for port 15058
2024-08-23 17:40:23,821 [Socket Reader #10 for port 15058] INFO  ipc.Server (Server.java:run(1323)) - Starting Socket Reader #10 for port 15058
2024-08-23 17:40:23,822 [main] INFO  ipc.CallQueueManager (CallQueueManager.java:<init>(90)) - Using callQueue: class java.util.concurrent.LinkedBlockingQueue, queueCapacity: 10000, scheduler: class org.apache.hadoop.ipc.DefaultRpcScheduler, ipcBackoff: false.
2024-08-23 17:40:23,822 [main] INFO  ipc.Server (Server.java:<init>(1287)) - Listener at 0.0.0.0:15056
2024-08-23 17:40:23,823 [Socket Reader #1 for port 15056] INFO  ipc.Server (Server.java:run(1323)) - Starting Socket Reader #1 for port 15056
2024-08-23 17:40:23,826 [Socket Reader #2 for port 15056] INFO  ipc.Server (Server.java:run(1323)) - Starting Socket Reader #2 for port 15056
2024-08-23 17:40:23,827 [Socket Reader #3 for port 15056] INFO  ipc.Server (Server.java:run(1323)) - Starting Socket Reader #3 for port 15056
2024-08-23 17:40:23,829 [Socket Reader #4 for port 15056] INFO  ipc.Server (Server.java:run(1323)) - Starting Socket Reader #4 for port 15056
2024-08-23 17:40:23,830 [Socket Reader #5 for port 15056] INFO  ipc.Server (Server.java:run(1323)) - Starting Socket Reader #5 for port 15056
2024-08-23 17:40:23,830 [Socket Reader #7 for port 15056] INFO  ipc.Server (Server.java:run(1323)) - Starting Socket Reader #7 for port 15056
2024-08-23 17:40:23,830 [Socket Reader #6 for port 15056] INFO  ipc.Server (Server.java:run(1323)) - Starting Socket Reader #6 for port 15056
2024-08-23 17:40:23,834 [Socket Reader #9 for port 15056] INFO  ipc.Server (Server.java:run(1323)) - Starting Socket Reader #9 for port 15056
2024-08-23 17:40:23,835 [Socket Reader #8 for port 15056] INFO  ipc.Server (Server.java:run(1323)) - Starting Socket Reader #8 for port 15056
2024-08-23 17:40:23,836 [Socket Reader #10 for port 15056] INFO  ipc.Server (Server.java:run(1323)) - Starting Socket Reader #10 for port 15056
2024-08-23 17:40:23,840 [main] INFO  ha.SCMServiceManager (SCMServiceManager.java:register(42)) - Registering service ContainerBalancer.
2024-08-23 17:40:23,840 [main] INFO  ha.SCMContext (SCMContext.java:updateSafeModeStatus(225)) - Update SafeModeStatus from SafeModeStatus{safeModeStatus=true, preCheckPassed=false} to SafeModeStatus{safeModeStatus=true, preCheckPassed=false}.
2024-08-23 17:40:23,841 [main] INFO  server.StorageContainerManager (StorageContainerManager.java:start(1543)) - StorageContainerLocationProtocol RPC server is listening at /0.0.0.0:15056
2024-08-23 17:40:23,841 [main] INFO  ha.SCMRatisServerImpl (SCMRatisServerImpl.java:start(192)) - starting ratis server 0.0.0.0:15054
2024-08-23 17:40:23,841 [f4d24886-16e8-42a6-a606-6b9205f6426d-impl-thread1] INFO  server.RaftServerConfigKeys (ConfUtils.java:logGet(46)) - raft.server.storage.free-space.min = 0MB (=0) (default)
2024-08-23 17:40:23,841 [f4d24886-16e8-42a6-a606-6b9205f6426d-impl-thread1] INFO  server.RaftServerConfigKeys (ConfUtils.java:logGet(46)) - raft.server.log.corruption.policy = EXCEPTION (default)
2024-08-23 17:40:23,841 [f4d24886-16e8-42a6-a606-6b9205f6426d-impl-thread1] INFO  server.RaftServerConfigKeys (ConfUtils.java:logGet(46)) - raft.server.storage.dir = [/home/runner/work/ozone/ozone/hadoop-ozone/integration-test/target/test-dir/MiniOzoneClusterImpl-79f21b30-aaf8-43fb-84ca-e7a29640eabd/scmNode-1/scm-ha] (custom)
2024-08-23 17:40:23,842 [f4d24886-16e8-42a6-a606-6b9205f6426d-impl-thread1] INFO  storage.RaftStorageDirectory (RaftStorageDirectoryImpl.java:tryLock(229)) - Lock on /home/runner/work/ozone/ozone/hadoop-ozone/integration-test/target/test-dir/MiniOzoneClusterImpl-79f21b30-aaf8-43fb-84ca-e7a29640eabd/scmNode-1/scm-ha/79f21b30-aaf8-43fb-84ca-e7a29640eabd/in_use.lock acquired by nodename 126670@fv-az848-402
2024-08-23 17:40:23,843 [f4d24886-16e8-42a6-a606-6b9205f6426d-impl-thread1] INFO  storage.RaftStorage (RaftStorageImpl.java:analyzeAndRecoverStorage(118)) - Read RaftStorageMetadata{term=1, votedFor=f4d24886-16e8-42a6-a606-6b9205f6426d} from /home/runner/work/ozone/ozone/hadoop-ozone/integration-test/target/test-dir/MiniOzoneClusterImpl-79f21b30-aaf8-43fb-84ca-e7a29640eabd/scmNode-1/scm-ha/79f21b30-aaf8-43fb-84ca-e7a29640eabd/current/raft-meta
2024-08-23 17:40:23,843 [f4d24886-16e8-42a6-a606-6b9205f6426d-impl-thread1] INFO  server.RaftServer$Division (ServerState.java:setRaftConf(386)) - f4d24886-16e8-42a6-a606-6b9205f6426d@group-E7A29640EABD: set configuration conf: {index: 0, cur=peers:[f4d24886-16e8-42a6-a606-6b9205f6426d|localhost:15054]|listeners:[], old=null}
2024-08-23 17:40:23,843 [f4d24886-16e8-42a6-a606-6b9205f6426d-impl-thread1] INFO  server.RaftServerConfigKeys (ConfUtils.java:logGet(46)) - raft.server.log.use.memory = false (default)
2024-08-23 17:40:23,843 [f4d24886-16e8-42a6-a606-6b9205f6426d-impl-thread1] INFO  server.RaftServerConfigKeys (ConfUtils.java:logGet(46)) - raft.server.log.purge.gap = 1000000 (custom)
2024-08-23 17:40:23,843 [f4d24886-16e8-42a6-a606-6b9205f6426d-impl-thread1] INFO  server.RaftServerConfigKeys (ConfUtils.java:logGet(46)) - raft.server.log.appender.buffer.byte-limit = 4194304 (custom)
2024-08-23 17:40:23,843 [f4d24886-16e8-42a6-a606-6b9205f6426d-impl-thread1] INFO  server.RaftServerConfigKeys (ConfUtils.java:logGet(46)) - raft.server.log.statemachine.data.read.timeout = 1000ms (default)
2024-08-23 17:40:23,843 [f4d24886-16e8-42a6-a606-6b9205f6426d-impl-thread1] INFO  server.RaftServerConfigKeys (ConfUtils.java:logGet(46)) - raft.server.log.purge.preservation.log.num = 0 (default)
2024-08-23 17:40:23,844 [f4d24886-16e8-42a6-a606-6b9205f6426d-impl-thread1] INFO  server.RaftServerConfigKeys (ConfUtils.java:logGet(46)) - raft.server.log.segment.size.max = 4194304 (custom)
2024-08-23 17:40:23,844 [f4d24886-16e8-42a6-a606-6b9205f6426d-impl-thread1] INFO  server.RaftServerConfigKeys (ConfUtils.java:logGet(46)) - raft.server.log.segment.cache.num.max = 2 (custom)
2024-08-23 17:40:23,844 [f4d24886-16e8-42a6-a606-6b9205f6426d-impl-thread1] INFO  server.RaftServerConfigKeys (ConfUtils.java:logGet(46)) - raft.server.log.segment.cache.size.max = 200MB (=209715200) (default)
2024-08-23 17:40:23,844 [f4d24886-16e8-42a6-a606-6b9205f6426d-impl-thread1] INFO  server.RaftServerConfigKeys (ConfUtils.java:logGet(46)) - raft.server.log.appender.buffer.byte-limit = 4194304 (custom)
2024-08-23 17:40:23,844 [f4d24886-16e8-42a6-a606-6b9205f6426d-impl-thread1] INFO  util.AwaitToRun (AwaitToRun.java:start(81)) - Thread[f4d24886-16e8-42a6-a606-6b9205f6426d@group-E7A29640EABD-cacheEviction-AwaitToRun,5,main] started
2024-08-23 17:40:23,844 [f4d24886-16e8-42a6-a606-6b9205f6426d-impl-thread1] INFO  segmented.SegmentedRaftLogWorker (SegmentedRaftLogWorker.java:<init>(184)) - new f4d24886-16e8-42a6-a606-6b9205f6426d@group-E7A29640EABD-SegmentedRaftLogWorker for RaftStorageImpl:Storage Directory /home/runner/work/ozone/ozone/hadoop-ozone/integration-test/target/test-dir/MiniOzoneClusterImpl-79f21b30-aaf8-43fb-84ca-e7a29640eabd/scmNode-1/scm-ha/79f21b30-aaf8-43fb-84ca-e7a29640eabd
2024-08-23 17:40:23,844 [f4d24886-16e8-42a6-a606-6b9205f6426d-impl-thread1] INFO  server.RaftServerConfigKeys (ConfUtils.java:logGet(46)) - raft.server.log.queue.byte-limit = 64MB (=67108864) (default)
2024-08-23 17:40:23,844 [f4d24886-16e8-42a6-a606-6b9205f6426d-impl-thread1] INFO  server.RaftServerConfigKeys (ConfUtils.java:logGet(46)) - raft.server.log.queue.element-limit = 4096 (default)
2024-08-23 17:40:23,845 [f4d24886-16e8-42a6-a606-6b9205f6426d-impl-thread1] INFO  server.RaftServerConfigKeys (ConfUtils.java:logGet(46)) - raft.server.log.segment.size.max = 4194304 (custom)
2024-08-23 17:40:23,845 [f4d24886-16e8-42a6-a606-6b9205f6426d-impl-thread1] INFO  server.RaftServerConfigKeys (ConfUtils.java:logGet(46)) - raft.server.log.preallocated.size = 4194304 (custom)
2024-08-23 17:40:23,845 [f4d24886-16e8-42a6-a606-6b9205f6426d-impl-thread1] INFO  server.RaftServerConfigKeys (ConfUtils.java:logGet(46)) - raft.server.log.force.sync.num = 128 (default)
2024-08-23 17:40:23,845 [f4d24886-16e8-42a6-a606-6b9205f6426d-impl-thread1] INFO  server.RaftServerConfigKeys (ConfUtils.java:logGet(46)) - raft.server.log.statemachine.data.sync = true (default)
2024-08-23 17:40:23,845 [f4d24886-16e8-42a6-a606-6b9205f6426d-impl-thread1] INFO  server.RaftServerConfigKeys (ConfUtils.java:logGet(46)) - raft.server.log.statemachine.data.sync.timeout = 10s (default)
2024-08-23 17:40:23,845 [f4d24886-16e8-42a6-a606-6b9205f6426d-impl-thread1] INFO  server.RaftServerConfigKeys (ConfUtils.java:logGet(46)) - raft.server.log.statemachine.data.sync.timeout.retry = -1 (default)
2024-08-23 17:40:23,845 [f4d24886-16e8-42a6-a606-6b9205f6426d-impl-thread1] INFO  server.RaftServerConfigKeys (ConfUtils.java:logGet(46)) - raft.server.log.write.buffer.size = 4194312 (custom)
2024-08-23 17:40:23,845 [f4d24886-16e8-42a6-a606-6b9205f6426d-impl-thread1] INFO  server.RaftServerConfigKeys (ConfUtils.java:logGet(46)) - raft.server.log.appender.buffer.byte-limit = 4194304 (custom)
2024-08-23 17:40:23,845 [f4d24886-16e8-42a6-a606-6b9205f6426d-impl-thread1] INFO  server.RaftServerConfigKeys (ConfUtils.java:logGet(46)) - raft.server.log.unsafe-flush.enabled = false (default)
2024-08-23 17:40:23,845 [f4d24886-16e8-42a6-a606-6b9205f6426d-impl-thread1] INFO  server.RaftServerConfigKeys (ConfUtils.java:logGet(46)) - raft.server.log.async-flush.enabled = false (default)
2024-08-23 17:40:23,845 [f4d24886-16e8-42a6-a606-6b9205f6426d-impl-thread1] INFO  server.RaftServerConfigKeys (ConfUtils.java:logGet(46)) - raft.server.log.statemachine.data.caching.enabled = false (default)
2024-08-23 17:40:23,845 [f4d24886-16e8-42a6-a606-6b9205f6426d-impl-thread1] INFO  server.RaftServer$Division (ServerState.java:setRaftConf(386)) - f4d24886-16e8-42a6-a606-6b9205f6426d@group-E7A29640EABD: set configuration conf: {index: 0, cur=peers:[f4d24886-16e8-42a6-a606-6b9205f6426d|localhost:15054]|listeners:[], old=null}
2024-08-23 17:40:23,846 [f4d24886-16e8-42a6-a606-6b9205f6426d-impl-thread1] INFO  segmented.LogSegment (LogSegment.java:loadSegment(175)) - Successfully read 1 entries from segment file /home/runner/work/ozone/ozone/hadoop-ozone/integration-test/target/test-dir/MiniOzoneClusterImpl-79f21b30-aaf8-43fb-84ca-e7a29640eabd/scmNode-1/scm-ha/79f21b30-aaf8-43fb-84ca-e7a29640eabd/current/log_inprogress_0
2024-08-23 17:40:23,846 [f4d24886-16e8-42a6-a606-6b9205f6426d-impl-thread1] INFO  segmented.SegmentedRaftLogWorker (SegmentedRaftLogWorker.java:lambda$new$0(135)) - f4d24886-16e8-42a6-a606-6b9205f6426d@group-E7A29640EABD-SegmentedRaftLogWorker: safeCacheEvictIndex: setUnconditionally 0 -> -1
2024-08-23 17:40:23,846 [f4d24886-16e8-42a6-a606-6b9205f6426d-impl-thread1] INFO  segmented.BufferedWriteChannel (BufferedWriteChannel.java:open(61)) - open log_inprogress_0 (append) at position 76
2024-08-23 17:40:23,846 [f4d24886-16e8-42a6-a606-6b9205f6426d-impl-thread1] INFO  server.RaftServer$Division (RaftServerImpl.java:start(389)) - f4d24886-16e8-42a6-a606-6b9205f6426d@group-E7A29640EABD: start as a follower, conf=conf: {index: 0, cur=peers:[f4d24886-16e8-42a6-a606-6b9205f6426d|localhost:15054]|listeners:[], old=null}
2024-08-23 17:40:23,846 [f4d24886-16e8-42a6-a606-6b9205f6426d-impl-thread1] INFO  server.RaftServer$Division (RaftServerImpl.java:setRole(376)) - f4d24886-16e8-42a6-a606-6b9205f6426d@group-E7A29640EABD: changes role from      null to FOLLOWER at term 1 for startAsFollower
2024-08-23 17:40:23,846 [f4d24886-16e8-42a6-a606-6b9205f6426d-impl-thread1] INFO  impl.RoleInfo (RoleInfo.java:updateAndGet(148)) - f4d24886-16e8-42a6-a606-6b9205f6426d: start f4d24886-16e8-42a6-a606-6b9205f6426d@group-E7A29640EABD-FollowerState
2024-08-23 17:40:23,846 [f4d24886-16e8-42a6-a606-6b9205f6426d@group-E7A29640EABD-FollowerState] INFO  server.RaftServerConfigKeys (ConfUtils.java:logFallback(53)) - raft.server.rpc.first-election.timeout.min = 5000ms (fallback to raft.server.rpc.timeout.min)
2024-08-23 17:40:23,847 [f4d24886-16e8-42a6-a606-6b9205f6426d-impl-thread1] INFO  util.JmxRegister (JmxRegister.java:tryRegister(44)) - Successfully registered JMX Bean with object name Ratis:service=RaftServer,group=group-E7A29640EABD,id=f4d24886-16e8-42a6-a606-6b9205f6426d
2024-08-23 17:40:23,847 [f4d24886-16e8-42a6-a606-6b9205f6426d-impl-thread1] INFO  util.JmxRegister (JmxRegister.java:register(58)) - register mxBean class org.apache.ratis.server.impl.RaftServerJmxAdapter as Ratis:service=RaftServer,group=group-E7A29640EABD,id=f4d24886-16e8-42a6-a606-6b9205f6426d
2024-08-23 17:40:23,847 [f4d24886-16e8-42a6-a606-6b9205f6426d-impl-thread1] INFO  server.RaftServerConfigKeys (ConfUtils.java:logGet(46)) - raft.server.snapshot.trigger-when-stop.enabled = true (default)
2024-08-23 17:40:23,847 [f4d24886-16e8-42a6-a606-6b9205f6426d-impl-thread1] INFO  server.RaftServerConfigKeys (ConfUtils.java:logGet(46)) - raft.server.snapshot.trigger-when-remove.enabled = true (default)
2024-08-23 17:40:23,847 [f4d24886-16e8-42a6-a606-6b9205f6426d-impl-thread1] INFO  server.RaftServerConfigKeys (ConfUtils.java:logGet(46)) - raft.server.snapshot.auto.trigger.enabled = true (custom)
2024-08-23 17:40:23,847 [f4d24886-16e8-42a6-a606-6b9205f6426d-impl-thread1] INFO  server.RaftServerConfigKeys (ConfUtils.java:logGet(46)) - raft.server.snapshot.auto.trigger.threshold = 1000 (custom)
2024-08-23 17:40:23,847 [f4d24886-16e8-42a6-a606-6b9205f6426d-impl-thread1] INFO  server.RaftServerConfigKeys (ConfUtils.java:logGet(46)) - raft.server.snapshot.retention.file.num = -1 (default)
2024-08-23 17:40:23,847 [f4d24886-16e8-42a6-a606-6b9205f6426d-impl-thread1] INFO  server.RaftServerConfigKeys (ConfUtils.java:logGet(46)) - raft.server.log.purge.upto.snapshot.index = false (default)
2024-08-23 17:40:23,847 [f4d24886-16e8-42a6-a606-6b9205f6426d@group-E7A29640EABD-FollowerState] INFO  server.RaftServerConfigKeys (ConfUtils.java:logFallback(53)) - raft.server.rpc.first-election.timeout.max = 5200ms (fallback to raft.server.rpc.timeout.max)
2024-08-23 17:40:23,847 [main] INFO  server.RaftServer (RaftServerProxy.java:startImpl(408)) - f4d24886-16e8-42a6-a606-6b9205f6426d: start RPC server
2024-08-23 17:40:23,848 [main] INFO  server.GrpcService (GrpcService.java:startImpl(302)) - f4d24886-16e8-42a6-a606-6b9205f6426d: GrpcService started, listening on 15054
2024-08-23 17:40:23,848 [main] INFO  ha.SCMHAManagerImpl (SCMHAManagerImpl.java:start(144)) -  scm role is FOLLOWER peers [f4d24886-16e8-42a6-a606-6b9205f6426d|localhost:15054]
2024-08-23 17:40:23,848 [main] INFO  ha.InterSCMGrpcService (InterSCMGrpcProtocolService.java:start(99)) - Starting SCM Grpc Service at port 15057
2024-08-23 17:40:23,848 [JvmPauseMonitor8] INFO  util.JvmPauseMonitor (JvmPauseMonitor.java:run(146)) - JvmPauseMonitor-f4d24886-16e8-42a6-a606-6b9205f6426d: Started
2024-08-23 17:40:23,849 [main] INFO  SCMHATransactionMonitor (BackgroundSCMService.java:start(65)) - Starting SCMHATransactionMonitor Service.
2024-08-23 17:40:23,849 [main] INFO  ha.SCMServiceManager (SCMServiceManager.java:register(42)) - Registering service SCMHATransactionMonitor.
2024-08-23 17:40:23,849 [main] INFO  SCMHATransactionMonitor (BackgroundSCMService.java:start(62)) - SCMHATransactionMonitor Service is already running, skip start.
2024-08-23 17:40:23,850 [main] WARN  impl.MetricsConfig (MetricsConfig.java:loadFirst(136)) - Cannot locate configuration: tried hadoop-metrics2-storagecontainermanager.properties,hadoop-metrics2.properties
2024-08-23 17:40:23,851 [main] INFO  impl.MetricsSystemImpl (MetricsSystemImpl.java:startTimer(378)) - Scheduled Metric snapshot period at 10 second(s).
2024-08-23 17:40:23,851 [main] INFO  impl.MetricsSystemImpl (MetricsSystemImpl.java:start(191)) - StorageContainerManager metrics system started
2024-08-23 17:40:23,856 [main] INFO  impl.MetricsSinkAdapter (MetricsSinkAdapter.java:start(204)) - Sink prometheus started
2024-08-23 17:40:23,856 [main] INFO  impl.MetricsSystemImpl (MetricsSystemImpl.java:registerSink(305)) - Registered sink prometheus
2024-08-23 17:40:23,871 [main] INFO  server.SCMClientProtocolServer (SCMClientProtocolServer.java:start(213)) - RPC server for Client  is listening at /0.0.0.0:15056
2024-08-23 17:40:23,871 [IPC Server Responder] INFO  ipc.Server (Server.java:run(1562)) - IPC Server Responder: starting
2024-08-23 17:40:23,871 [IPC Server listener on 15056] INFO  ipc.Server (Server.java:run(1402)) - IPC Server listener on 15056: starting
2024-08-23 17:40:23,882 [main] INFO  server.StorageContainerManager (StorageContainerManager.java:start(1556)) - ScmBlockLocationProtocol RPC server is listening at /0.0.0.0:15058
2024-08-23 17:40:23,882 [main] INFO  server.SCMBlockProtocolServer (SCMBlockProtocolServer.java:start(172)) - RPC server for Block Protocol is listening at /0.0.0.0:15058
2024-08-23 17:40:23,886 [IPC Server Responder] INFO  ipc.Server (Server.java:run(1562)) - IPC Server Responder: starting
2024-08-23 17:40:23,886 [IPC Server listener on 15058] INFO  ipc.Server (Server.java:run(1402)) - IPC Server listener on 15058: starting
2024-08-23 17:40:23,895 [main] INFO  http.BaseHttpServer (BaseHttpServer.java:newHttpServer2BuilderForOzone(223)) - Starting Web-server for scm at: http://0.0.0.0:15051
2024-08-23 17:40:23,896 [main] INFO  http.BaseHttpServer (BaseHttpServer.java:<init>(110)) - Hadoop Security Enabled: false Ozone Security Enabled: false Ozone HTTP Security Enabled: false 
2024-08-23 17:40:23,897 [main] WARN  server.AuthenticationFilter (AuthenticationFilter.java:constructSecretProvider(240)) - Unable to initialize FileSignerSecretProvider, falling back to use random secrets. Reason: Could not read signature secret file: /home/runner/hadoop-http-auth-signature-secret
2024-08-23 17:40:23,898 [main] INFO  http.HttpRequestLog (HttpRequestLog.java:getRequestLog(86)) - Http request log for http.requests.scm is not defined
2024-08-23 17:40:23,899 [main] INFO  http.HttpServer2 (HttpServer2.java:addGlobalFilter(1035)) - Added global filter 'safety' (class=org.apache.hadoop.hdds.server.http.HttpServer2$QuotingInputFilter)
2024-08-23 17:40:23,900 [main] INFO  http.HttpServer2 (HttpServer2.java:addFilter(1011)) - Added filter static_user_filter (class=org.apache.hadoop.http.lib.StaticUserWebFilter$StaticUserFilter) to context scm
2024-08-23 17:40:23,900 [main] INFO  http.HttpServer2 (HttpServer2.java:addFilter(1019)) - Added filter static_user_filter (class=org.apache.hadoop.http.lib.StaticUserWebFilter$StaticUserFilter) to context static
2024-08-23 17:40:23,900 [main] INFO  http.HttpServer2 (HttpServer2.java:addFilter(1019)) - Added filter static_user_filter (class=org.apache.hadoop.http.lib.StaticUserWebFilter$StaticUserFilter) to context logs
2024-08-23 17:40:23,901 [main] INFO  http.BaseHttpServer (BaseHttpServer.java:<init>(189)) - HTTP server of scm uses base directory /home/runner/work/ozone/ozone/hadoop-ozone/integration-test/target/test-dir/MiniOzoneClusterImpl-79f21b30-aaf8-43fb-84ca-e7a29640eabd/scmNode-1/webserver
2024-08-23 17:40:23,901 [main] INFO  http.HttpServer2 (HttpServer2.java:bindListener(1235)) - Jetty bound to port 15051
2024-08-23 17:40:23,901 [main] INFO  server.Server (Server.java:doStart(375)) - jetty-9.4.55.v20240627; built: 2024-06-27T15:05:37.765Z; git: 70015831e5195ba74da6383c4ab7c90c56bb08af; jvm 17.0.12+7
2024-08-23 17:40:23,903 [main] INFO  server.session (DefaultSessionIdManager.java:doStart(334)) - DefaultSessionIdManager workerName=node0
2024-08-23 17:40:23,903 [main] INFO  server.session (DefaultSessionIdManager.java:doStart(339)) - No SessionScavenger set, using defaults
2024-08-23 17:40:23,903 [main] INFO  server.session (HouseKeeper.java:startScavenging(132)) - node0 Scavenging every 600000ms
2024-08-23 17:40:23,904 [main] INFO  handler.ContextHandler (ContextHandler.java:doStart(921)) - Started o.e.j.s.ServletContextHandler@7f4f3ae4{logs,/logs,file:///home/runner/work/ozone/ozone/hadoop-ozone/integration-test/target/log,AVAILABLE}
2024-08-23 17:40:23,904 [main] INFO  handler.ContextHandler (ContextHandler.java:doStart(921)) - Started o.e.j.s.ServletContextHandler@1bdfa51f{static,/static,file:///home/runner/work/ozone/ozone/hadoop-ozone/integration-test/target/test-classes/webapps/static,AVAILABLE}
2024-08-23 17:40:23,911 [main] INFO  handler.ContextHandler (ContextHandler.java:doStart(921)) - Started o.e.j.w.WebAppContext@2f62b8a3{scm,/,file:///home/runner/work/ozone/ozone/hadoop-ozone/integration-test/target/test-classes/webapps/scm/,AVAILABLE}{file:/home/runner/work/ozone/ozone/hadoop-ozone/integration-test/target/test-classes/webapps/scm}
2024-08-23 17:40:23,911 [main] INFO  server.AbstractConnector (AbstractConnector.java:doStart(333)) - Started ServerConnector@63afc3e0{HTTP/1.1, (http/1.1)}{0.0.0.0:15051}
2024-08-23 17:40:23,911 [main] INFO  server.Server (Server.java:doStart(415)) - Started @47895ms
2024-08-23 17:40:23,911 [main] WARN  impl.MetricsSystemImpl (MetricsSystemImpl.java:register(279)) - Sink prometheus already exists!
2024-08-23 17:40:23,912 [main] INFO  http.BaseHttpServer (BaseHttpServer.java:updateConnectorAddress(354)) - HTTP server of scm listening at http://0.0.0.0:15051
2024-08-23 17:40:23,912 [main] INFO  ozone.MiniOzoneHAClusterImpl (MiniOzoneHAClusterImpl.java:createSCMService(590)) - Started SCM RPC server at /0.0.0.0:15056
2024-08-23 17:40:23,913 [main] INFO  ha.OMHANodeDetails (OMHANodeDetails.java:loadOMHAConfig(121)) - ServiceID for OzoneManager is om-add-remove
2024-08-23 17:40:23,913 [main] INFO  ha.OMHANodeDetails (OMHANodeDetails.java:loadOMHAConfig(201)) - Found matching OM address with OMServiceId: om-add-remove, OMNodeId: omNode-1, RPC Address: localhost:15063 and Ratis port: 15066
2024-08-23 17:40:23,914 [main] INFO  ha.OMHANodeDetails (ConfUtils.java:setNodeSpecificConfigs(97)) - Setting configuration key ozone.om.http-address with value of key ozone.om.http-address.om-add-remove.omNode-1: 127.0.0.1:15064
2024-08-23 17:40:23,914 [main] INFO  ha.OMHANodeDetails (ConfUtils.java:setNodeSpecificConfigs(97)) - Setting configuration key ozone.om.https-address with value of key ozone.om.https-address.om-add-remove.omNode-1: 127.0.0.1:15065
2024-08-23 17:40:23,914 [main] INFO  ha.OMHANodeDetails (ConfUtils.java:setNodeSpecificConfigs(97)) - Setting configuration key ozone.om.address with value of key ozone.om.address.om-add-remove.omNode-1: 127.0.0.1:15063
2024-08-23 17:40:23,914 [main] WARN  server.ServerUtils (ServerUtils.java:getDBPath(299)) - ozone.om.db.dirs is not configured. We recommend adding this setting. Falling back to ozone.metadata.dirs instead.
2024-08-23 17:40:23,915 [main] INFO  ha.SCMNodeInfo (SCMNodeInfo.java:getPort(197)) - ConfigKey ozone.scm.client.address is deprecated, For configuring different ports for each SCM use PortConfigKey ozone.scm.client.port appended with serviceId and nodeId
2024-08-23 17:40:23,915 [main] INFO  ha.SCMNodeInfo (SCMNodeInfo.java:getPort(197)) - ConfigKey ozone.scm.block.client.address is deprecated, For configuring different ports for each SCM use PortConfigKey ozone.scm.block.client.port appended with serviceId and nodeId
2024-08-23 17:40:23,915 [main] INFO  ha.SCMNodeInfo (SCMNodeInfo.java:getPort(197)) - ConfigKey ozone.scm.security.service.address is deprecated, For configuring different ports for each SCM use PortConfigKey ozone.scm.security.service.port appended with serviceId and nodeId
2024-08-23 17:40:23,915 [main] INFO  ha.SCMNodeInfo (SCMNodeInfo.java:getPort(197)) - ConfigKey ozone.scm.datanode.address is deprecated, For configuring different ports for each SCM use PortConfigKey ozone.scm.datanode.port appended with serviceId and nodeId
2024-08-23 17:40:23,916 [main] INFO  proxy.SCMBlockLocationFailoverProxyProvider (SCMBlockLocationFailoverProxyProvider.java:<init>(115)) - Created block location fail-over proxy with 1 nodes: [nodeId=scmNode-1,nodeAddress=/127.0.0.1:15058]
2024-08-23 17:40:25,923 [main] INFO  retry.RetryInvocationHandler (RetryInvocationHandler.java:log(422)) - com.google.protobuf.ServiceException: org.apache.hadoop.ipc.RemoteException(org.apache.hadoop.hdds.ratis.ServerNotLeaderException): Server:f4d24886-16e8-42a6-a606-6b9205f6426d is not the leader. Could not determine the leader node.
	at org.apache.hadoop.hdds.ratis.ServerNotLeaderException.convertToNotLeaderException(ServerNotLeaderException.java:105)
	at org.apache.hadoop.hdds.scm.ha.RatisUtil.checkRatisException(RatisUtil.java:248)
	at org.apache.hadoop.hdds.scm.protocol.ScmBlockLocationProtocolServerSideTranslatorPB.send(ScmBlockLocationProtocolServerSideTranslatorPB.java:111)
	at org.apache.hadoop.hdds.protocol.proto.ScmBlockLocationProtocolProtos$ScmBlockLocationProtocolService$2.callBlockingMethod(ScmBlockLocationProtocolProtos.java:15776)
	at org.apache.hadoop.ipc.ProtobufRpcEngine$Server.processCall(ProtobufRpcEngine.java:484)
	at org.apache.hadoop.ipc.ProtobufRpcEngine2$Server$ProtoBufRpcInvoker.call(ProtobufRpcEngine2.java:595)
	at org.apache.hadoop.ipc.ProtobufRpcEngine2$Server$ProtoBufRpcInvoker.call(ProtobufRpcEngine2.java:573)
	at org.apache.hadoop.ipc.RPC$Server.call(RPC.java:1227)
	at org.apache.hadoop.ipc.Server$RpcCall.run(Server.java:1094)
	at org.apache.hadoop.ipc.Server$RpcCall.run(Server.java:1017)
	at java.base/java.security.AccessController.doPrivileged(AccessController.java:712)
	at java.base/javax.security.auth.Subject.doAs(Subject.java:439)
	at org.apache.hadoop.security.UserGroupInformation.doAs(UserGroupInformation.java:1899)
	at org.apache.hadoop.ipc.Server$Handler.run(Server.java:3048)
, while invoking $Proxy105.send over nodeId=scmNode-1,nodeAddress=/127.0.0.1:15058 after 1 failover attempts. Trying to failover after sleeping for 2000ms. Current retry count: 1.
2024-08-23 17:40:27,926 [main] INFO  retry.RetryInvocationHandler (RetryInvocationHandler.java:log(422)) - com.google.protobuf.ServiceException: org.apache.hadoop.ipc.RemoteException(org.apache.hadoop.hdds.ratis.ServerNotLeaderException): Server:f4d24886-16e8-42a6-a606-6b9205f6426d is not the leader. Could not determine the leader node.
	at org.apache.hadoop.hdds.ratis.ServerNotLeaderException.convertToNotLeaderException(ServerNotLeaderException.java:105)
	at org.apache.hadoop.hdds.scm.ha.RatisUtil.checkRatisException(RatisUtil.java:248)
	at org.apache.hadoop.hdds.scm.protocol.ScmBlockLocationProtocolServerSideTranslatorPB.send(ScmBlockLocationProtocolServerSideTranslatorPB.java:111)
	at org.apache.hadoop.hdds.protocol.proto.ScmBlockLocationProtocolProtos$ScmBlockLocationProtocolService$2.callBlockingMethod(ScmBlockLocationProtocolProtos.java:15776)
	at org.apache.hadoop.ipc.ProtobufRpcEngine$Server.processCall(ProtobufRpcEngine.java:484)
	at org.apache.hadoop.ipc.ProtobufRpcEngine2$Server$ProtoBufRpcInvoker.call(ProtobufRpcEngine2.java:595)
	at org.apache.hadoop.ipc.ProtobufRpcEngine2$Server$ProtoBufRpcInvoker.call(ProtobufRpcEngine2.java:573)
	at org.apache.hadoop.ipc.RPC$Server.call(RPC.java:1227)
	at org.apache.hadoop.ipc.Server$RpcCall.run(Server.java:1094)
	at org.apache.hadoop.ipc.Server$RpcCall.run(Server.java:1017)
	at java.base/java.security.AccessController.doPrivileged(AccessController.java:712)
	at java.base/javax.security.auth.Subject.doAs(Subject.java:439)
	at org.apache.hadoop.security.UserGroupInformation.doAs(UserGroupInformation.java:1899)
	at org.apache.hadoop.ipc.Server$Handler.run(Server.java:3048)
, while invoking $Proxy105.send over nodeId=scmNode-1,nodeAddress=/127.0.0.1:15058 after 2 failover attempts. Trying to failover after sleeping for 2000ms. Current retry count: 2.
2024-08-23 17:40:28,860 [f4d24886-16e8-42a6-a606-6b9205f6426d@group-E7A29640EABD-FollowerState] INFO  impl.FollowerState (FollowerState.java:run(144)) - f4d24886-16e8-42a6-a606-6b9205f6426d@group-E7A29640EABD-FollowerState: change to CANDIDATE, lastRpcElapsedTime:5013993349ns, electionTimeout:5013ms
2024-08-23 17:40:28,860 [f4d24886-16e8-42a6-a606-6b9205f6426d@group-E7A29640EABD-FollowerState] INFO  impl.RoleInfo (RoleInfo.java:shutdownFollowerState(119)) - f4d24886-16e8-42a6-a606-6b9205f6426d: shutdown f4d24886-16e8-42a6-a606-6b9205f6426d@group-E7A29640EABD-FollowerState
2024-08-23 17:40:28,861 [f4d24886-16e8-42a6-a606-6b9205f6426d@group-E7A29640EABD-FollowerState] INFO  server.RaftServer$Division (RaftServerImpl.java:setRole(376)) - f4d24886-16e8-42a6-a606-6b9205f6426d@group-E7A29640EABD: changes role from  FOLLOWER to CANDIDATE at term 1 for changeToCandidate
2024-08-23 17:40:28,861 [f4d24886-16e8-42a6-a606-6b9205f6426d@group-E7A29640EABD-FollowerState] INFO  server.RaftServerConfigKeys (ConfUtils.java:logGet(46)) - raft.server.leaderelection.pre-vote = true (default)
2024-08-23 17:40:28,861 [f4d24886-16e8-42a6-a606-6b9205f6426d@group-E7A29640EABD-FollowerState] INFO  impl.RoleInfo (RoleInfo.java:updateAndGet(148)) - f4d24886-16e8-42a6-a606-6b9205f6426d: start f4d24886-16e8-42a6-a606-6b9205f6426d@group-E7A29640EABD-LeaderElection11
2024-08-23 17:40:28,861 [f4d24886-16e8-42a6-a606-6b9205f6426d@group-E7A29640EABD-LeaderElection11] INFO  impl.LeaderElection (LeaderElection.java:askForVotes(321)) - f4d24886-16e8-42a6-a606-6b9205f6426d@group-E7A29640EABD-LeaderElection11 PRE_VOTE round 0: submit vote requests at term 1 for conf: {index: 0, cur=peers:[f4d24886-16e8-42a6-a606-6b9205f6426d|localhost:15054]|listeners:[], old=null}
2024-08-23 17:40:28,861 [f4d24886-16e8-42a6-a606-6b9205f6426d@group-E7A29640EABD-LeaderElection11] INFO  impl.LeaderElection (LeaderElection.java:askForVotes(323)) - f4d24886-16e8-42a6-a606-6b9205f6426d@group-E7A29640EABD-LeaderElection11 PRE_VOTE round 0: result PASSED (term=1)
2024-08-23 17:40:28,863 [f4d24886-16e8-42a6-a606-6b9205f6426d@group-E7A29640EABD-LeaderElection11] INFO  impl.LeaderElection (LeaderElection.java:askForVotes(321)) - f4d24886-16e8-42a6-a606-6b9205f6426d@group-E7A29640EABD-LeaderElection11 ELECTION round 0: submit vote requests at term 2 for conf: {index: 0, cur=peers:[f4d24886-16e8-42a6-a606-6b9205f6426d|localhost:15054]|listeners:[], old=null}
2024-08-23 17:40:28,863 [f4d24886-16e8-42a6-a606-6b9205f6426d@group-E7A29640EABD-LeaderElection11] INFO  impl.LeaderElection (LeaderElection.java:askForVotes(323)) - f4d24886-16e8-42a6-a606-6b9205f6426d@group-E7A29640EABD-LeaderElection11 ELECTION round 0: result PASSED (term=2)
2024-08-23 17:40:28,863 [f4d24886-16e8-42a6-a606-6b9205f6426d@group-E7A29640EABD-LeaderElection11] INFO  impl.RoleInfo (RoleInfo.java:shutdownLeaderElection(139)) - f4d24886-16e8-42a6-a606-6b9205f6426d: shutdown f4d24886-16e8-42a6-a606-6b9205f6426d@group-E7A29640EABD-LeaderElection11
2024-08-23 17:40:28,863 [f4d24886-16e8-42a6-a606-6b9205f6426d@group-E7A29640EABD-LeaderElection11] INFO  server.RaftServer$Division (RaftServerImpl.java:setRole(376)) - f4d24886-16e8-42a6-a606-6b9205f6426d@group-E7A29640EABD: changes role from CANDIDATE to LEADER at term 2 for changeToLeader
2024-08-23 17:40:28,863 [f4d24886-16e8-42a6-a606-6b9205f6426d@group-E7A29640EABD-LeaderElection11] INFO  server.RaftServerConfigKeys (ConfUtils.java:logGet(46)) - raft.server.staging.catchup.gap = 1000 (default)
2024-08-23 17:40:28,863 [f4d24886-16e8-42a6-a606-6b9205f6426d@group-E7A29640EABD-LeaderElection11] INFO  server.RaftServerConfigKeys (ConfUtils.java:logGet(46)) - raft.server.write.element-limit = 4096 (default)
2024-08-23 17:40:28,863 [f4d24886-16e8-42a6-a606-6b9205f6426d@group-E7A29640EABD-LeaderElection11] INFO  server.RaftServerConfigKeys (ConfUtils.java:logGet(46)) - raft.server.write.byte-limit = 64MB (=67108864) (default)
2024-08-23 17:40:28,863 [f4d24886-16e8-42a6-a606-6b9205f6426d@group-E7A29640EABD-LeaderElection11] INFO  server.RaftServerConfigKeys (ConfUtils.java:logGet(46)) - raft.server.watch.timeout = 10s (default)
2024-08-23 17:40:28,864 [f4d24886-16e8-42a6-a606-6b9205f6426d@group-E7A29640EABD-LeaderElection11] INFO  server.RaftServerConfigKeys (ConfUtils.java:logGet(46)) - raft.server.watch.timeout.denomination = 1s (default)
2024-08-23 17:40:28,864 [f4d24886-16e8-42a6-a606-6b9205f6426d@group-E7A29640EABD-LeaderElection11] INFO  server.RaftServerConfigKeys (ConfUtils.java:logGet(46)) - raft.server.watch.element-limit = 65536 (default)
2024-08-23 17:40:28,864 [f4d24886-16e8-42a6-a606-6b9205f6426d@group-E7A29640EABD-LeaderElection11] INFO  server.RaftServerConfigKeys (ConfUtils.java:logGet(46)) - raft.server.read.leader.lease.enabled = false (default)
2024-08-23 17:40:28,864 [f4d24886-16e8-42a6-a606-6b9205f6426d@group-E7A29640EABD-LeaderElection11] INFO  server.RaftServerConfigKeys (ConfUtils.java:logGet(46)) - raft.server.read.leader.lease.timeout.ratio = 0.9 (default)
2024-08-23 17:40:28,864 [f4d24886-16e8-42a6-a606-6b9205f6426d@group-E7A29640EABD-LeaderElection11] INFO  server.RaftServerConfigKeys (ConfUtils.java:logGet(46)) - raft.server.rpc.timeout.min = 5000ms (custom)
2024-08-23 17:40:28,864 [f4d24886-16e8-42a6-a606-6b9205f6426d@group-E7A29640EABD-LeaderElection11] INFO  server.RaftServerConfigKeys (ConfUtils.java:logGet(46)) - raft.server.log.log-metadata.enabled = true (default)
2024-08-23 17:40:28,864 [f4d24886-16e8-42a6-a606-6b9205f6426d@group-E7A29640EABD-LeaderElection11] INFO  server.RaftServerConfigKeys (ConfUtils.java:logGet(46)) - raft.server.write.element-limit = 4096 (default)
2024-08-23 17:40:28,864 [f4d24886-16e8-42a6-a606-6b9205f6426d@group-E7A29640EABD-LeaderElection11] INFO  server.RaftServerConfigKeys (ConfUtils.java:logGet(46)) - raft.server.write.follower.gap.ratio.max = -1.0 (default)
2024-08-23 17:40:28,864 [f4d24886-16e8-42a6-a606-6b9205f6426d@group-E7A29640EABD-LeaderElection11] INFO  impl.RoleInfo (RoleInfo.java:updateAndGet(148)) - f4d24886-16e8-42a6-a606-6b9205f6426d: start f4d24886-16e8-42a6-a606-6b9205f6426d@group-E7A29640EABD-LeaderStateImpl
2024-08-23 17:40:28,864 [f4d24886-16e8-42a6-a606-6b9205f6426d@group-E7A29640EABD-LeaderElection11] INFO  server.RaftServer$Division (RaftServerImpl.java:setFirstElection(549)) - f4d24886-16e8-42a6-a606-6b9205f6426d@group-E7A29640EABD: set firstElectionSinceStartup to false for becomeLeader
2024-08-23 17:40:28,864 [f4d24886-16e8-42a6-a606-6b9205f6426d@group-E7A29640EABD-LeaderElection11] INFO  ha.SCMStateMachine (SCMStateMachine.java:notifyLeaderChanged(292)) - current SCM becomes leader of term 2.
2024-08-23 17:40:28,864 [f4d24886-16e8-42a6-a606-6b9205f6426d@group-E7A29640EABD-LeaderElection11] INFO  ha.SCMContext (SCMContext.java:updateLeaderAndTerm(96)) - update <isLeader,term> from <false,0> to <true,2>
2024-08-23 17:40:28,865 [f4d24886-16e8-42a6-a606-6b9205f6426d@group-E7A29640EABD-LeaderElection11] INFO  server.RaftServer$Division (ServerState.java:setLeader(272)) - f4d24886-16e8-42a6-a606-6b9205f6426d@group-E7A29640EABD: change Leader from null to f4d24886-16e8-42a6-a606-6b9205f6426d at term 2 for becomeLeader, leader elected after 5074ms
2024-08-23 17:40:28,865 [f4d24886-16e8-42a6-a606-6b9205f6426d@group-E7A29640EABD-LeaderElection11] INFO  segmented.SegmentedRaftLogWorker (SegmentedRaftLogWorker.java:rollLogSegment(438)) - f4d24886-16e8-42a6-a606-6b9205f6426d@group-E7A29640EABD-SegmentedRaftLogWorker: Rolling segment log-0_0 to index:0
2024-08-23 17:40:28,865 [f4d24886-16e8-42a6-a606-6b9205f6426d@group-E7A29640EABD-SegmentedRaftLogWorker] INFO  segmented.SegmentedRaftLogWorker (SegmentedRaftLogWorker.java:execute(594)) - f4d24886-16e8-42a6-a606-6b9205f6426d@group-E7A29640EABD-SegmentedRaftLogWorker: Rolled log segment from /home/runner/work/ozone/ozone/hadoop-ozone/integration-test/target/test-dir/MiniOzoneClusterImpl-79f21b30-aaf8-43fb-84ca-e7a29640eabd/scmNode-1/scm-ha/79f21b30-aaf8-43fb-84ca-e7a29640eabd/current/log_inprogress_0 to /home/runner/work/ozone/ozone/hadoop-ozone/integration-test/target/test-dir/MiniOzoneClusterImpl-79f21b30-aaf8-43fb-84ca-e7a29640eabd/scmNode-1/scm-ha/79f21b30-aaf8-43fb-84ca-e7a29640eabd/current/log_0-0
2024-08-23 17:40:28,866 [f4d24886-16e8-42a6-a606-6b9205f6426d@group-E7A29640EABD-SegmentedRaftLogWorker] INFO  segmented.BufferedWriteChannel (BufferedWriteChannel.java:open(61)) - open log_inprogress_1 at position 0
2024-08-23 17:40:28,870 [f4d24886-16e8-42a6-a606-6b9205f6426d@group-E7A29640EABD-LeaderElection11] INFO  server.RaftServer$Division (ServerState.java:setRaftConf(386)) - f4d24886-16e8-42a6-a606-6b9205f6426d@group-E7A29640EABD: set configuration conf: {index: 1, cur=peers:[f4d24886-16e8-42a6-a606-6b9205f6426d|localhost:15054]|listeners:[], old=null}
2024-08-23 17:40:28,876 [f4d24886-16e8-42a6-a606-6b9205f6426d@group-E7A29640EABD-SegmentedRaftLogWorker] INFO  segmented.SegmentedRaftLogWorker (SegmentedRaftLogWorker.java:execute(637)) - f4d24886-16e8-42a6-a606-6b9205f6426d@group-E7A29640EABD-SegmentedRaftLogWorker: created new log segment /home/runner/work/ozone/ozone/hadoop-ozone/integration-test/target/test-dir/MiniOzoneClusterImpl-79f21b30-aaf8-43fb-84ca-e7a29640eabd/scmNode-1/scm-ha/79f21b30-aaf8-43fb-84ca-e7a29640eabd/current/log_inprogress_1
2024-08-23 17:40:28,878 [f4d24886-16e8-42a6-a606-6b9205f6426d@group-E7A29640EABD-StateMachineUpdater] INFO  server.RaftServer$Division (LeaderStateImpl.java:checkStartIndex(316)) - Leader f4d24886-16e8-42a6-a606-6b9205f6426d@group-E7A29640EABD-LeaderStateImpl is ready since appliedIndex == startIndex == 1
2024-08-23 17:40:28,879 [f4d24886-16e8-42a6-a606-6b9205f6426d@group-E7A29640EABD-StateMachineUpdater] INFO  ha.SCMContext (SCMContext.java:setLeaderReady(123)) - update <isLeaderReady> from <false> to <true>
2024-08-23 17:40:28,879 [f4d24886-16e8-42a6-a606-6b9205f6426d@group-E7A29640EABD-StateMachineUpdater] INFO  pipeline.BackgroundPipelineCreator (BackgroundPipelineCreator.java:notifyStatusChanged(258)) - Service BackgroundPipelineCreator transitions to RUNNING.
2024-08-23 17:40:28,879 [f4d24886-16e8-42a6-a606-6b9205f6426d@group-E7A29640EABD-StateMachineUpdater] INFO  safemode.HealthyPipelineSafeModeRule (HealthyPipelineSafeModeRule.java:initializeRule(172)) - Refreshed total pipeline count is 0, healthy pipeline threshold count is 1
2024-08-23 17:40:28,879 [f4d24886-16e8-42a6-a606-6b9205f6426d@group-E7A29640EABD-StateMachineUpdater] INFO  safemode.ContainerSafeModeRule (ContainerSafeModeRule.java:reInitializeRule(191)) - Refreshed one replica container threshold 0, currentThreshold 0
2024-08-23 17:40:28,879 [f4d24886-16e8-42a6-a606-6b9205f6426d@group-E7A29640EABD-StateMachineUpdater] INFO  safemode.OneReplicaPipelineSafeModeRule (OneReplicaPipelineSafeModeRule.java:initializeRule(189)) - Refreshed Total pipeline count is 0, pipeline's with at least one datanode reported threshold count is 0
2024-08-23 17:40:28,879 [f4d24886-16e8-42a6-a606-6b9205f6426d@group-E7A29640EABD-StateMachineUpdater] INFO  server.SCMDatanodeProtocolServer (SCMDatanodeProtocolServer.java:start(199)) - ScmDatanodeProtocol RPC server for DataNodes is listening at /0.0.0.0:15055
2024-08-23 17:40:28,880 [IPC Server Responder] INFO  ipc.Server (Server.java:run(1562)) - IPC Server Responder: starting
2024-08-23 17:40:28,880 [IPC Server listener on 15055] INFO  ipc.Server (Server.java:run(1402)) - IPC Server listener on 15055: starting
OM initialization succeeded.Current cluster id for sd=/home/runner/work/ozone/ozone/hadoop-ozone/integration-test/target/test-dir/MiniOzoneClusterImpl-79f21b30-aaf8-43fb-84ca-e7a29640eabd/omNode-1/om;cid=79f21b30-aaf8-43fb-84ca-e7a29640eabd;layoutVersion=7
2024-08-23 17:40:29,929 [main] INFO  ha.OMHANodeDetails (OMHANodeDetails.java:loadOMHAConfig(121)) - ServiceID for OzoneManager is om-add-remove
2024-08-23 17:40:29,929 [main] INFO  ha.OMHANodeDetails (OMHANodeDetails.java:loadOMHAConfig(201)) - Found matching OM address with OMServiceId: om-add-remove, OMNodeId: omNode-1, RPC Address: localhost:15063 and Ratis port: 15066
2024-08-23 17:40:29,929 [main] INFO  ha.OMHANodeDetails (ConfUtils.java:setNodeSpecificConfigs(97)) - Setting configuration key ozone.om.http-address with value of key ozone.om.http-address.om-add-remove.omNode-1: 127.0.0.1:15064
2024-08-23 17:40:29,930 [main] INFO  ha.OMHANodeDetails (ConfUtils.java:setNodeSpecificConfigs(97)) - Setting configuration key ozone.om.https-address with value of key ozone.om.https-address.om-add-remove.omNode-1: 127.0.0.1:15065
2024-08-23 17:40:29,930 [main] INFO  ha.OMHANodeDetails (ConfUtils.java:setNodeSpecificConfigs(97)) - Setting configuration key ozone.om.address with value of key ozone.om.address.om-add-remove.omNode-1: 127.0.0.1:15063
2024-08-23 17:40:29,930 [main] WARN  server.ServerUtils (ServerUtils.java:getDBPath(299)) - ozone.om.db.dirs is not configured. We recommend adding this setting. Falling back to ozone.metadata.dirs instead.
2024-08-23 17:40:29,931 [main] INFO  upgrade.AbstractLayoutVersionManager (AbstractLayoutVersionManager.java:init(83)) - Initializing Layout version manager with metadata layout = HBASE_SUPPORT (version = 7), software layout = HBASE_SUPPORT (version = 7)
2024-08-23 17:40:29,967 [main] INFO  reflections.Reflections (Reflections.java:scan(219)) - Reflections took 36 ms to scan 2 urls, producing 188 keys and 552 values
2024-08-23 17:40:29,967 [main] INFO  upgrade.OMLayoutVersionManager (OMLayoutVersionManager.java:lambda$0(113)) - Skipping Upgrade Action QuotaRepairUpgradeAction since it has been finalized.
2024-08-23 17:40:29,967 [main] INFO  upgrade.OMLayoutVersionManager (OMLayoutVersionManager.java:lambda$0(113)) - Skipping Upgrade Action MockOmUpgradeAction since it has been finalized.
2024-08-23 17:40:29,967 [main] WARN  server.ServerUtils (ServerUtils.java:getDBPath(299)) - ozone.om.db.dirs is not configured. We recommend adding this setting. Falling back to ozone.metadata.dirs instead.
2024-08-23 17:40:29,968 [main] INFO  ha.SCMNodeInfo (SCMNodeInfo.java:getPort(197)) - ConfigKey ozone.scm.client.address is deprecated, For configuring different ports for each SCM use PortConfigKey ozone.scm.client.port appended with serviceId and nodeId
2024-08-23 17:40:29,968 [main] INFO  ha.SCMNodeInfo (SCMNodeInfo.java:getPort(197)) - ConfigKey ozone.scm.block.client.address is deprecated, For configuring different ports for each SCM use PortConfigKey ozone.scm.block.client.port appended with serviceId and nodeId
2024-08-23 17:40:29,968 [main] INFO  ha.SCMNodeInfo (SCMNodeInfo.java:getPort(197)) - ConfigKey ozone.scm.security.service.address is deprecated, For configuring different ports for each SCM use PortConfigKey ozone.scm.security.service.port appended with serviceId and nodeId
2024-08-23 17:40:29,968 [main] INFO  ha.SCMNodeInfo (SCMNodeInfo.java:getPort(197)) - ConfigKey ozone.scm.datanode.address is deprecated, For configuring different ports for each SCM use PortConfigKey ozone.scm.datanode.port appended with serviceId and nodeId
2024-08-23 17:40:29,969 [main] INFO  ha.SCMNodeInfo (SCMNodeInfo.java:getPort(197)) - ConfigKey ozone.scm.client.address is deprecated, For configuring different ports for each SCM use PortConfigKey ozone.scm.client.port appended with serviceId and nodeId
2024-08-23 17:40:29,969 [main] INFO  ha.SCMNodeInfo (SCMNodeInfo.java:getPort(197)) - ConfigKey ozone.scm.block.client.address is deprecated, For configuring different ports for each SCM use PortConfigKey ozone.scm.block.client.port appended with serviceId and nodeId
2024-08-23 17:40:29,969 [main] INFO  ha.SCMNodeInfo (SCMNodeInfo.java:getPort(197)) - ConfigKey ozone.scm.security.service.address is deprecated, For configuring different ports for each SCM use PortConfigKey ozone.scm.security.service.port appended with serviceId and nodeId
2024-08-23 17:40:29,969 [main] INFO  ha.SCMNodeInfo (SCMNodeInfo.java:getPort(197)) - ConfigKey ozone.scm.datanode.address is deprecated, For configuring different ports for each SCM use PortConfigKey ozone.scm.datanode.port appended with serviceId and nodeId
2024-08-23 17:40:29,969 [main] INFO  proxy.SCMBlockLocationFailoverProxyProvider (SCMBlockLocationFailoverProxyProvider.java:<init>(115)) - Created block location fail-over proxy with 1 nodes: [nodeId=scmNode-1,nodeAddress=/127.0.0.1:15058]
2024-08-23 17:40:29,970 [main] INFO  ha.SCMNodeInfo (SCMNodeInfo.java:getPort(197)) - ConfigKey ozone.scm.client.address is deprecated, For configuring different ports for each SCM use PortConfigKey ozone.scm.client.port appended with serviceId and nodeId
2024-08-23 17:40:29,970 [main] INFO  ha.SCMNodeInfo (SCMNodeInfo.java:getPort(197)) - ConfigKey ozone.scm.block.client.address is deprecated, For configuring different ports for each SCM use PortConfigKey ozone.scm.block.client.port appended with serviceId and nodeId
2024-08-23 17:40:29,971 [main] INFO  ha.SCMNodeInfo (SCMNodeInfo.java:getPort(197)) - ConfigKey ozone.scm.security.service.address is deprecated, For configuring different ports for each SCM use PortConfigKey ozone.scm.security.service.port appended with serviceId and nodeId
2024-08-23 17:40:29,971 [main] INFO  ha.SCMNodeInfo (SCMNodeInfo.java:getPort(197)) - ConfigKey ozone.scm.datanode.address is deprecated, For configuring different ports for each SCM use PortConfigKey ozone.scm.datanode.port appended with serviceId and nodeId
2024-08-23 17:40:29,971 [main] INFO  proxy.SCMBlockLocationFailoverProxyProvider (SCMBlockLocationFailoverProxyProvider.java:<init>(115)) - Created block location fail-over proxy with 1 nodes: [nodeId=scmNode-1,nodeAddress=/127.0.0.1:15058]
2024-08-23 17:40:29,975 [main] INFO  om.OzoneManager (OzoneManager.java:<init>(702)) - OM start with adminUsers: [runner]
2024-08-23 17:40:29,976 [main] WARN  server.ServerUtils (ServerUtils.java:getDBPath(299)) - ozone.om.db.dirs is not configured. We recommend adding this setting. Falling back to ozone.metadata.dirs instead.
2024-08-23 17:40:29,977 [main] INFO  helpers.OmKeyInfo (OmKeyInfo.java:getCodec(72)) - OmKeyInfo.getCodec ignorePipeline = true
2024-08-23 17:40:30,117 [main] INFO  om.OzoneManager (OzoneManager.java:instantiateServices(836)) - S3 Multi-Tenancy is disabled
2024-08-23 17:40:30,117 [main] INFO  om.OmSnapshotManager (OmSnapshotManager.java:<init>(180)) - Ozone filesystem snapshot feature is enabled.
2024-08-23 17:40:30,117 [main] WARN  server.ServerUtils (ServerUtils.java:getDBPath(299)) - ozone.om.snapshot.diff.db.dir is not configured. We recommend adding this setting. Falling back to ozone.metadata.dirs instead.
2024-08-23 17:40:30,134 [main] INFO  utils.NativeLibraryLoader (NativeLibraryLoader.java:loadLibrary(111)) - Loading Library: ozone_rocksdb_tools
2024-08-23 17:40:30,134 [main] ERROR snapshot.SnapshotDiffManager (SnapshotDiffManager.java:initNativeLibraryForEfficientDiff(287)) - Native Library for raw sst file reading loading failed.
org.apache.hadoop.hdds.utils.NativeLibraryNotLoadedException: Unable to load library ozone_rocksdb_tools from both java.library.path & resource file libozone_rocksdb_tools.so from jar.
	at org.apache.hadoop.hdds.utils.db.managed.ManagedRawSSTFileReader.loadLibrary(ManagedRawSSTFileReader.java:40)
	at org.apache.hadoop.ozone.om.snapshot.SnapshotDiffManager.initNativeLibraryForEfficientDiff(SnapshotDiffManager.java:285)
	at org.apache.hadoop.ozone.om.snapshot.SnapshotDiffManager.<init>(SnapshotDiffManager.java:259)
	at org.apache.hadoop.ozone.om.OmSnapshotManager.<init>(OmSnapshotManager.java:287)
	at org.apache.hadoop.ozone.om.OzoneManager.instantiateServices(OzoneManager.java:888)
	at org.apache.hadoop.ozone.om.OzoneManager.<init>(OzoneManager.java:712)
	at org.apache.hadoop.ozone.om.OzoneManager.createOm(OzoneManager.java:799)
	at org.apache.hadoop.ozone.MiniOzoneHAClusterImpl$Builder.createOMService(MiniOzoneHAClusterImpl.java:510)
	at org.apache.hadoop.ozone.MiniOzoneHAClusterImpl$Builder.build(MiniOzoneHAClusterImpl.java:425)
	at org.apache.hadoop.ozone.om.TestAddRemoveOzoneManager.setupCluster(TestAddRemoveOzoneManager.java:101)
	at org.apache.hadoop.ozone.om.TestAddRemoveOzoneManager.testBootstrap(TestAddRemoveOzoneManager.java:187)
	at java.base/jdk.internal.reflect.NativeMethodAccessorImpl.invoke0(Native Method)
	at java.base/jdk.internal.reflect.NativeMethodAccessorImpl.invoke(NativeMethodAccessorImpl.java:77)
	at java.base/jdk.internal.reflect.DelegatingMethodAccessorImpl.invoke(DelegatingMethodAccessorImpl.java:43)
	at java.base/java.lang.reflect.Method.invoke(Method.java:569)
	at org.junit.platform.commons.util.ReflectionUtils.invokeMethod(ReflectionUtils.java:728)
	at org.junit.jupiter.engine.execution.MethodInvocation.proceed(MethodInvocation.java:60)
	at org.junit.jupiter.engine.execution.InvocationInterceptorChain$ValidatingInvocation.proceed(InvocationInterceptorChain.java:131)
	at org.junit.jupiter.engine.extension.SameThreadTimeoutInvocation.proceed(SameThreadTimeoutInvocation.java:45)
	at org.junit.jupiter.engine.extension.TimeoutExtension.intercept(TimeoutExtension.java:156)
	at org.junit.jupiter.engine.extension.TimeoutExtension.interceptTestableMethod(TimeoutExtension.java:147)
	at org.junit.jupiter.engine.extension.TimeoutExtension.interceptTestMethod(TimeoutExtension.java:86)
	at org.junit.jupiter.engine.execution.InterceptingExecutableInvoker$ReflectiveInterceptorCall.lambda$ofVoidMethod$0(InterceptingExecutableInvoker.java:103)
	at org.junit.jupiter.engine.execution.InterceptingExecutableInvoker.lambda$invoke$0(InterceptingExecutableInvoker.java:93)
	at org.junit.jupiter.engine.execution.InvocationInterceptorChain$InterceptedInvocation.proceed(InvocationInterceptorChain.java:106)
	at org.junit.jupiter.engine.execution.InvocationInterceptorChain.proceed(InvocationInterceptorChain.java:64)
	at org.junit.jupiter.engine.execution.InvocationInterceptorChain.chainAndInvoke(InvocationInterceptorChain.java:45)
	at org.junit.jupiter.engine.execution.InvocationInterceptorChain.invoke(InvocationInterceptorChain.java:37)
	at org.junit.jupiter.engine.execution.InterceptingExecutableInvoker.invoke(InterceptingExecutableInvoker.java:92)
	at org.junit.jupiter.engine.execution.InterceptingExecutableInvoker.invoke(InterceptingExecutableInvoker.java:86)
	at org.junit.jupiter.engine.descriptor.TestMethodTestDescriptor.lambda$invokeTestMethod$7(TestMethodTestDescriptor.java:218)
	at org.junit.platform.engine.support.hierarchical.ThrowableCollector.execute(ThrowableCollector.java:73)
	at org.junit.jupiter.engine.descriptor.TestMethodTestDescriptor.invokeTestMethod(TestMethodTestDescriptor.java:214)
	at org.junit.jupiter.engine.descriptor.TestMethodTestDescriptor.execute(TestMethodTestDescriptor.java:139)
	at org.junit.jupiter.engine.descriptor.TestMethodTestDescriptor.execute(TestMethodTestDescriptor.java:69)
	at org.junit.platform.engine.support.hierarchical.NodeTestTask.lambda$executeRecursively$6(NodeTestTask.java:151)
	at org.junit.platform.engine.support.hierarchical.ThrowableCollector.execute(ThrowableCollector.java:73)
	at org.junit.platform.engine.support.hierarchical.NodeTestTask.lambda$executeRecursively$8(NodeTestTask.java:141)
	at org.junit.platform.engine.support.hierarchical.Node.around(Node.java:137)
	at org.junit.platform.engine.support.hierarchical.NodeTestTask.lambda$executeRecursively$9(NodeTestTask.java:139)
	at org.junit.platform.engine.support.hierarchical.ThrowableCollector.execute(ThrowableCollector.java:73)
	at org.junit.platform.engine.support.hierarchical.NodeTestTask.executeRecursively(NodeTestTask.java:138)
	at org.junit.platform.engine.support.hierarchical.NodeTestTask.execute(NodeTestTask.java:95)
	at java.base/java.util.ArrayList.forEach(ArrayList.java:1511)
	at org.junit.platform.engine.support.hierarchical.SameThreadHierarchicalTestExecutorService.invokeAll(SameThreadHierarchicalTestExecutorService.java:41)
	at org.junit.platform.engine.support.hierarchical.NodeTestTask.lambda$executeRecursively$6(NodeTestTask.java:155)
	at org.junit.platform.engine.support.hierarchical.ThrowableCollector.execute(ThrowableCollector.java:73)
	at org.junit.platform.engine.support.hierarchical.NodeTestTask.lambda$executeRecursively$8(NodeTestTask.java:141)
	at org.junit.platform.engine.support.hierarchical.Node.around(Node.java:137)
	at org.junit.platform.engine.support.hierarchical.NodeTestTask.lambda$executeRecursively$9(NodeTestTask.java:139)
	at org.junit.platform.engine.support.hierarchical.ThrowableCollector.execute(ThrowableCollector.java:73)
	at org.junit.platform.engine.support.hierarchical.NodeTestTask.executeRecursively(NodeTestTask.java:138)
	at org.junit.platform.engine.support.hierarchical.NodeTestTask.execute(NodeTestTask.java:95)
	at java.base/java.util.ArrayList.forEach(ArrayList.java:1511)
	at org.junit.platform.engine.support.hierarchical.SameThreadHierarchicalTestExecutorService.invokeAll(SameThreadHierarchicalTestExecutorService.java:41)
	at org.junit.platform.engine.support.hierarchical.NodeTestTask.lambda$executeRecursively$6(NodeTestTask.java:155)
	at org.junit.platform.engine.support.hierarchical.ThrowableCollector.execute(ThrowableCollector.java:73)
	at org.junit.platform.engine.support.hierarchical.NodeTestTask.lambda$executeRecursively$8(NodeTestTask.java:141)
	at org.junit.platform.engine.support.hierarchical.Node.around(Node.java:137)
	at org.junit.platform.engine.support.hierarchical.NodeTestTask.lambda$executeRecursively$9(NodeTestTask.java:139)
	at org.junit.platform.engine.support.hierarchical.ThrowableCollector.execute(ThrowableCollector.java:73)
	at org.junit.platform.engine.support.hierarchical.NodeTestTask.executeRecursively(NodeTestTask.java:138)
	at org.junit.platform.engine.support.hierarchical.NodeTestTask.execute(NodeTestTask.java:95)
	at org.junit.platform.engine.support.hierarchical.SameThreadHierarchicalTestExecutorService.submit(SameThreadHierarchicalTestExecutorService.java:35)
	at org.junit.platform.engine.support.hierarchical.HierarchicalTestExecutor.execute(HierarchicalTestExecutor.java:57)
	at org.junit.platform.engine.support.hierarchical.HierarchicalTestEngine.execute(HierarchicalTestEngine.java:54)
	at org.junit.platform.launcher.core.EngineExecutionOrchestrator.execute(EngineExecutionOrchestrator.java:198)
	at org.junit.platform.launcher.core.EngineExecutionOrchestrator.execute(EngineExecutionOrchestrator.java:169)
	at org.junit.platform.launcher.core.EngineExecutionOrchestrator.execute(EngineExecutionOrchestrator.java:93)
	at org.junit.platform.launcher.core.EngineExecutionOrchestrator.lambda$execute$0(EngineExecutionOrchestrator.java:58)
	at org.junit.platform.launcher.core.EngineExecutionOrchestrator.withInterceptedStreams(EngineExecutionOrchestrator.java:141)
	at org.junit.platform.launcher.core.EngineExecutionOrchestrator.execute(EngineExecutionOrchestrator.java:57)
	at org.junit.platform.launcher.core.DefaultLauncher.execute(DefaultLauncher.java:103)
	at org.junit.platform.launcher.core.DefaultLauncher.execute(DefaultLauncher.java:85)
	at org.junit.platform.launcher.core.DelegatingLauncher.execute(DelegatingLauncher.java:47)
	at org.junit.platform.launcher.core.SessionPerRequestLauncher.execute(SessionPerRequestLauncher.java:63)
	at org.apache.maven.surefire.junitplatform.JUnitPlatformProvider.invokeAllTests(JUnitPlatformProvider.java:154)
	at org.apache.maven.surefire.junitplatform.JUnitPlatformProvider.invoke(JUnitPlatformProvider.java:123)
	at org.apache.maven.surefire.booter.ForkedBooter.runSuitesInProcess(ForkedBooter.java:377)
	at org.apache.maven.surefire.booter.ForkedBooter.execute(ForkedBooter.java:138)
	at org.apache.maven.surefire.booter.ForkedBooter.run(ForkedBooter.java:465)
	at org.apache.maven.surefire.booter.ForkedBooter.main(ForkedBooter.java:451)
2024-08-23 17:40:30,140 [main] INFO  om.OzoneManager (OzoneManager.java:addS3GVolumeToDB(4589)) - Created Volume s3v With Owner runner required for S3Gateway operations.
2024-08-23 17:40:30,140 [main] WARN  server.ServerUtils (ServerUtils.java:getDefaultRatisDirectory(311)) - Storage directory for Ratis is not configured. It is a good idea to map this to an SSD disk. Falling back to ozone.metadata.dirs
2024-08-23 17:40:30,140 [main] WARN  utils.OzoneManagerRatisUtils (OzoneManagerRatisUtils.java:getOMRatisSnapshotDirectory(478)) - ozone.om.ratis.snapshot.dir is not configured. Falling back to ozone.metadata.dirs config
2024-08-23 17:40:30,141 [main] WARN  dropwizard3.Dm3MetricRegistriesImpl (Dm3MetricRegistriesImpl.java:addReporterRegistration(114)) - New reporters are added after registries were created. Some metrics will be missing from the reporter. Please add reporter before adding any new registry.
2024-08-23 17:40:30,141 [main] WARN  dropwizard3.Dm3MetricRegistriesImpl (Dm3MetricRegistriesImpl.java:addReporterRegistration(114)) - New reporters are added after registries were created. Some metrics will be missing from the reporter. Please add reporter before adding any new registry.
2024-08-23 17:40:30,141 [main] WARN  server.ServerUtils (ServerUtils.java:getDefaultRatisDirectory(311)) - Storage directory for Ratis is not configured. It is a good idea to map this to an SSD disk. Falling back to ozone.metadata.dirs
2024-08-23 17:40:30,141 [main] INFO  server.RaftServerConfigKeys (ConfUtils.java:logGet(46)) - raft.server.log.appender.buffer.byte-limit = 4194304 (custom)
2024-08-23 17:40:30,143 [main] INFO  ratis.OzoneManagerRatisServer (OzoneManagerRatisServer.java:<init>(169)) - Instantiating OM Ratis server with groupID: om-add-remove and peers: localhost:15066
2024-08-23 17:40:30,143 [main] INFO  ratis.OzoneManagerStateMachine (OzoneManagerStateMachine.java:loadSnapshotInfoFromDB(593)) - TransactionInfo not found in OM DB.
2024-08-23 17:40:30,144 [main] INFO  server.RaftServer (ConfUtils.java:logGet(46)) - raft.rpc.type = GRPC (default)
2024-08-23 17:40:30,144 [main] INFO  grpc.GrpcConfigKeys (ConfUtils.java:logFallback(53)) - raft.grpc.admin.host = null (fallback to raft.grpc.server.host)
2024-08-23 17:40:30,144 [main] INFO  grpc.GrpcConfigKeys (ConfUtils.java:logFallback(53)) - raft.grpc.admin.port = 15066 (fallback to raft.grpc.server.port)
2024-08-23 17:40:30,144 [main] INFO  grpc.GrpcConfigKeys (ConfUtils.java:logFallback(53)) - raft.grpc.client.host = null (fallback to raft.grpc.server.host)
2024-08-23 17:40:30,144 [main] INFO  grpc.GrpcConfigKeys (ConfUtils.java:logFallback(53)) - raft.grpc.client.port = 15066 (fallback to raft.grpc.server.port)
2024-08-23 17:40:30,144 [main] INFO  grpc.GrpcConfigKeys (ConfUtils.java:logGet(46)) - raft.grpc.server.host = null (default)
2024-08-23 17:40:30,144 [main] INFO  grpc.GrpcConfigKeys (ConfUtils.java:logGet(46)) - raft.grpc.server.port = 15066 (custom)
2024-08-23 17:40:30,145 [main] INFO  server.GrpcService (ConfUtils.java:logGet(46)) - raft.grpc.message.size.max = 5242880 (custom)
2024-08-23 17:40:30,145 [main] INFO  server.RaftServerConfigKeys (ConfUtils.java:logGet(46)) - raft.server.log.appender.buffer.byte-limit = 4194304 (custom)
2024-08-23 17:40:30,145 [main] INFO  server.GrpcService (ConfUtils.java:logGet(46)) - raft.grpc.flow.control.window = 1MB (=1048576) (default)
2024-08-23 17:40:30,145 [main] INFO  server.RaftServerConfigKeys (ConfUtils.java:logGet(46)) - raft.server.rpc.request.timeout = 3000ms (default)
2024-08-23 17:40:30,145 [main] INFO  grpc.GrpcConfigKeys (ConfUtils.java:logGet(46)) - raft.grpc.server.heartbeat.channel = true (default)
2024-08-23 17:40:30,145 [main] INFO  grpc.GrpcConfigKeys (ConfUtils.java:logGet(46)) - raft.grpc.server.async.request.thread.pool.cached = true (default)
2024-08-23 17:40:30,145 [main] INFO  grpc.GrpcConfigKeys (ConfUtils.java:logGet(46)) - raft.grpc.server.async.request.thread.pool.size = 32 (default)
2024-08-23 17:40:30,146 [main] INFO  impl.DataStreamServerImpl (ConfUtils.java:logGet(46)) - raft.datastream.type = DISABLED (default)
2024-08-23 17:40:30,146 [main] INFO  server.RaftServerConfigKeys (ConfUtils.java:logGet(46)) - raft.server.sleep.deviation.threshold = 300ms (default)
2024-08-23 17:40:30,146 [main] INFO  server.RaftServerConfigKeys (ConfUtils.java:logGet(46)) - raft.server.close.threshold = 60s (default)
2024-08-23 17:40:30,146 [main] INFO  server.RaftServerConfigKeys (ConfUtils.java:logGet(46)) - raft.server.leaderelection.leader.step-down.wait-time = 10s (default)
2024-08-23 17:40:30,146 [main] INFO  server.RaftServerConfigKeys (ConfUtils.java:logGet(46)) - raft.server.storage.dir = [/home/runner/work/ozone/ozone/hadoop-ozone/integration-test/target/test-dir/MiniOzoneClusterImpl-79f21b30-aaf8-43fb-84ca-e7a29640eabd/omNode-1/ratis] (custom)
2024-08-23 17:40:30,147 [main] INFO  server.RaftServerConfigKeys (ConfUtils.java:logGet(46)) - raft.server.threadpool.proxy.cached = true (default)
2024-08-23 17:40:30,147 [main] INFO  server.RaftServerConfigKeys (ConfUtils.java:logGet(46)) - raft.server.threadpool.proxy.size = 0 (default)
2024-08-23 17:40:30,151 [main] INFO  server.RaftServer (RaftServerProxy.java:addNew(101)) - omNode-1: addNew group-0AAC5367B30E:[omNode-1|localhost:15066] returns group-0AAC5367B30E:java.util.concurrent.CompletableFuture@250feea4[Not completed]
2024-08-23 17:40:30,151 [omNode-1-groupManagement] INFO  server.RaftServer$Division (OzoneManager.java:initializeRatisServer(2204)) - OzoneManager Ratis server initialized at port 15066
RaftServerImpl.java:<init>(253)) - omNode-1: new RaftServerImpl for group-0AAC5367B30E:[omNode-1|localhost:15066] with OzoneManagerStateMachine:uninitialized
2024-08-23 17:40:30,151 [omNode-1-groupManagement] INFO  server.RaftServerConfigKeys (ConfUtils.java:logGet(46)) - raft.server.rpc.timeout.min = 1s (custom)
2024-08-23 17:40:30,151 [omNode-1-groupManagement] INFO  server.RaftServerConfigKeys (ConfUtils.java:logGet(46)) - raft.server.rpc.timeout.max = 1200ms (custom)
2024-08-23 17:40:30,152 [omNode-1-groupManagement] INFO  server.RaftServerConfigKeys (ConfUtils.java:logGet(46)) - raft.server.rpc.sleep.time = 25ms (default)
2024-08-23 17:40:30,152 [omNode-1-groupManagement] INFO  server.RaftServerConfigKeys (ConfUtils.java:logGet(46)) - raft.server.rpc.slowness.timeout = 2s (custom)
2024-08-23 17:40:30,152 [omNode-1-groupManagement] INFO  server.RaftServerConfigKeys (ConfUtils.java:logGet(46)) - raft.server.leaderelection.leader.step-down.wait-time = 10s (default)
2024-08-23 17:40:30,152 [omNode-1-groupManagement] INFO  server.RaftServerConfigKeys (ConfUtils.java:logGet(46)) - raft.server.leaderelection.member.majority-add = false (default)
2024-08-23 17:40:30,152 [omNode-1-groupManagement] INFO  server.RaftServerConfigKeys (ConfUtils.java:logGet(46)) - raft.server.sleep.deviation.threshold = 300ms (default)
2024-08-23 17:40:30,152 [omNode-1-groupManagement] INFO  server.RaftServer$Division (ServerState.java:<init>(114)) - omNode-1@group-0AAC5367B30E: ConfigurationManager, init=conf: {index: -1, cur=peers:[omNode-1|localhost:15066]|listeners:[], old=null}, confs=<EMPTY_MAP>
2024-08-23 17:40:30,151 [main] INFO  om.OzoneManager (OzoneManager.java:initializeRatisServer(2204)) - OzoneManager Ratis server initialized at port 15066
2024-08-23 17:40:30,152 [main] INFO  om.OzoneManager (ConfUtils.java:logGet(46)) - raft.server.notification.no-leader.timeout = 2s (custom)
2024-08-23 17:40:30,152 [omNode-1-groupManagement] INFO  server.RaftServerConfigKeys (OzoneManager.java:getRpcServer(1252)) - Creating RPC Server
ConfUtils.java:logGet(46)) - raft.server.read.timeout = 10s (default)
2024-08-23 17:40:30,152 [omNode-1-groupManagement] INFO  server.RaftServerConfigKeys (ConfUtils.java:logGet(46)) - raft.server.retrycache.expirytime = 300s (custom)
2024-08-23 17:40:30,152 [omNode-1-groupManagement] INFO  server.RaftServerConfigKeys (ConfUtils.java:logGet(46)) - raft.server.retrycache.statistics.expirytime = 100ms (default)
2024-08-23 17:40:30,152 [main] INFO  om.OzoneManager (OzoneManager.java:getRpcServer(1252)) - Creating RPC Server
2024-08-23 17:40:30,152 [omNode-1-groupManagement] INFO  server.RaftServerConfigKeys (ConfUtils.java:logGet(46)) - raft.server.read.option = DEFAULT (default)
2024-08-23 17:40:30,152 [omNode-1-groupManagement] INFO  server.RaftServerConfigKeys (ConfUtils.java:logGet(46)) - raft.server.read.read-after-write-consistent.write-index-cache.expiry-time = 60s (default)
2024-08-23 17:40:30,169 [omNode-1-groupManagement] INFO  server.RaftServerConfigKeys (ConfUtils.java:logGet(46)) - raft.server.rpc.request.timeout = 3000ms (default)
2024-08-23 17:40:30,170 [omNode-1-groupManagement] INFO  server.RaftServerConfigKeys (ConfUtils.java:logGet(46)) - raft.server.log.appender.install.snapshot.enabled = false (custom)
2024-08-23 17:40:30,170 [omNode-1-groupManagement] INFO  server.RaftServerConfigKeys (ConfUtils.java:logGet(46)) - raft.server.threadpool.server.cached = true (default)
2024-08-23 17:40:30,170 [omNode-1-groupManagement] INFO  server.RaftServerConfigKeys (ConfUtils.java:logGet(46)) - raft.server.threadpool.server.size = 0 (default)
2024-08-23 17:40:30,171 [omNode-1-groupManagement] INFO  server.RaftServerConfigKeys (ConfUtils.java:logGet(46)) - raft.server.threadpool.client.cached = true (default)
2024-08-23 17:40:30,171 [omNode-1-groupManagement] INFO  server.RaftServerConfigKeys (ConfUtils.java:logGet(46)) - raft.server.threadpool.client.size = 0 (default)
2024-08-23 17:40:30,502 [main] INFO  reflections.Reflections (Reflections.java:scan(219)) - Reflections took 349 ms to scan 20 urls, producing 59 keys and 6796 values
2024-08-23 17:40:30,504 [main] INFO  ipc.CallQueueManager (CallQueueManager.java:<init>(90)) - Using callQueue: class java.util.concurrent.LinkedBlockingQueue, queueCapacity: 2000, scheduler: class org.apache.hadoop.ipc.DefaultRpcScheduler, ipcBackoff: false.
2024-08-23 17:40:30,504 [main] INFO  ipc.Server (Server.java:<init>(1287)) - Listener at 127.0.0.1:15063
2024-08-23 17:40:30,504 [Socket Reader #1 for port 15063] INFO  ipc.Server (Server.java:run(1323)) - Starting Socket Reader #1 for port 15063
2024-08-23 17:40:30,505 [Socket Reader #2 for port 15063] INFO  ipc.Server (Server.java:run(1323)) - Starting Socket Reader #2 for port 15063
2024-08-23 17:40:30,505 [Socket Reader #3 for port 15063] INFO  ipc.Server (Server.java:run(1323)) - Starting Socket Reader #3 for port 15063
2024-08-23 17:40:30,505 [Socket Reader #4 for port 15063] INFO  ipc.Server (Server.java:run(1323)) - Starting Socket Reader #4 for port 15063
2024-08-23 17:40:30,505 [Socket Reader #5 for port 15063] INFO  ipc.Server (Server.java:run(1323)) - Starting Socket Reader #5 for port 15063
2024-08-23 17:40:30,505 [Socket Reader #7 for port 15063] INFO  ipc.Server (Server.java:run(1323)) - Starting Socket Reader #7 for port 15063
2024-08-23 17:40:30,506 [Socket Reader #6 for port 15063] INFO  ipc.Server (Server.java:run(1323)) - Starting Socket Reader #6 for port 15063
2024-08-23 17:40:30,506 [Socket Reader #8 for port 15063] INFO  ipc.Server (Server.java:run(1323)) - Starting Socket Reader #8 for port 15063
2024-08-23 17:40:30,506 [Socket Reader #9 for port 15063] INFO  ipc.Server (Server.java:run(1323)) - Starting Socket Reader #9 for port 15063
2024-08-23 17:40:30,506 [Socket Reader #10 for port 15063] INFO  ipc.Server (Server.java:run(1323)) - Starting Socket Reader #10 for port 15063
2024-08-23 17:40:30,524 [main] INFO  impl.MetricsSystemImpl (MetricsSystemImpl.java:init(158)) - OzoneManager metrics system started (again)
2024-08-23 17:40:30,533 [main] INFO  om.OzoneManager (OzoneManager.java:start(1680)) - OzoneManager RPC server is listening at localhost/127.0.0.1:15063
2024-08-23 17:40:30,534 [main] INFO  ratis.OzoneManagerRatisServer (OzoneManagerRatisServer.java:start(595)) - Starting OzoneManagerRatisServer omNode-1 at port 15066
2024-08-23 17:40:30,534 [omNode-1-impl-thread1] INFO  server.RaftServerConfigKeys (ConfUtils.java:logGet(46)) - raft.server.storage.free-space.min = 0MB (=0) (default)
2024-08-23 17:40:30,534 [omNode-1-impl-thread1] INFO  server.RaftServerConfigKeys (ConfUtils.java:logGet(46)) - raft.server.log.corruption.policy = EXCEPTION (default)
2024-08-23 17:40:30,534 [omNode-1-impl-thread1] INFO  server.RaftServerConfigKeys (ConfUtils.java:logGet(46)) - raft.server.storage.dir = [/home/runner/work/ozone/ozone/hadoop-ozone/integration-test/target/test-dir/MiniOzoneClusterImpl-79f21b30-aaf8-43fb-84ca-e7a29640eabd/omNode-1/ratis] (custom)
2024-08-23 17:40:30,534 [omNode-1-impl-thread1] INFO  storage.RaftStorageDirectory (RaftStorageDirectoryImpl.java:analyzeStorage(138)) - The storage directory /home/runner/work/ozone/ozone/hadoop-ozone/integration-test/target/test-dir/MiniOzoneClusterImpl-79f21b30-aaf8-43fb-84ca-e7a29640eabd/omNode-1/ratis/0718e334-ffa1-36bc-8e9a-0aac5367b30e does not exist. Creating ...
2024-08-23 17:40:30,536 [omNode-1-impl-thread1] INFO  storage.RaftStorageDirectory (RaftStorageDirectoryImpl.java:tryLock(229)) - Lock on /home/runner/work/ozone/ozone/hadoop-ozone/integration-test/target/test-dir/MiniOzoneClusterImpl-79f21b30-aaf8-43fb-84ca-e7a29640eabd/omNode-1/ratis/0718e334-ffa1-36bc-8e9a-0aac5367b30e/in_use.lock acquired by nodename 126670@fv-az848-402
2024-08-23 17:40:30,537 [omNode-1-impl-thread1] INFO  storage.RaftStorage (RaftStorageImpl.java:format(98)) - Storage directory /home/runner/work/ozone/ozone/hadoop-ozone/integration-test/target/test-dir/MiniOzoneClusterImpl-79f21b30-aaf8-43fb-84ca-e7a29640eabd/omNode-1/ratis/0718e334-ffa1-36bc-8e9a-0aac5367b30e has been successfully formatted.
2024-08-23 17:40:30,537 [omNode-1-impl-thread1] INFO  server.RaftServerConfigKeys (ConfUtils.java:logGet(46)) - raft.server.log.use.memory = false (default)
2024-08-23 17:40:30,537 [omNode-1-impl-thread1] INFO  server.RaftServerConfigKeys (ConfUtils.java:logGet(46)) - raft.server.log.purge.gap = 1000000 (custom)
2024-08-23 17:40:30,537 [omNode-1-impl-thread1] INFO  server.RaftServerConfigKeys (ConfUtils.java:logGet(46)) - raft.server.log.appender.buffer.byte-limit = 4194304 (custom)
2024-08-23 17:40:30,537 [omNode-1-impl-thread1] INFO  server.RaftServerConfigKeys (ConfUtils.java:logGet(46)) - raft.server.log.statemachine.data.read.timeout = 1000ms (default)
2024-08-23 17:40:30,537 [omNode-1-impl-thread1] INFO  server.RaftServerConfigKeys (ConfUtils.java:logGet(46)) - raft.server.log.purge.preservation.log.num = 0 (default)
2024-08-23 17:40:30,538 [omNode-1-impl-thread1] INFO  server.RaftServerConfigKeys (ConfUtils.java:logGet(46)) - raft.server.log.segment.size.max = 4194304 (custom)
2024-08-23 17:40:30,539 [omNode-1-impl-thread1] INFO  server.RaftServerConfigKeys (ConfUtils.java:logGet(46)) - raft.server.log.segment.cache.num.max = 2 (custom)
2024-08-23 17:40:30,539 [omNode-1-impl-thread1] INFO  server.RaftServerConfigKeys (ConfUtils.java:logGet(46)) - raft.server.log.segment.cache.size.max = 200MB (=209715200) (default)
2024-08-23 17:40:30,539 [omNode-1-impl-thread1] INFO  server.RaftServerConfigKeys (ConfUtils.java:logGet(46)) - raft.server.log.appender.buffer.byte-limit = 4194304 (custom)
2024-08-23 17:40:30,539 [omNode-1-impl-thread1] INFO  util.AwaitToRun (AwaitToRun.java:start(81)) - Thread[omNode-1@group-0AAC5367B30E-cacheEviction-AwaitToRun,5,main] started
2024-08-23 17:40:30,539 [omNode-1-impl-thread1] INFO  segmented.SegmentedRaftLogWorker (SegmentedRaftLogWorker.java:<init>(184)) - new omNode-1@group-0AAC5367B30E-SegmentedRaftLogWorker for RaftStorageImpl:Storage Directory /home/runner/work/ozone/ozone/hadoop-ozone/integration-test/target/test-dir/MiniOzoneClusterImpl-79f21b30-aaf8-43fb-84ca-e7a29640eabd/omNode-1/ratis/0718e334-ffa1-36bc-8e9a-0aac5367b30e
2024-08-23 17:40:30,539 [omNode-1-impl-thread1] INFO  server.RaftServerConfigKeys (ConfUtils.java:logGet(46)) - raft.server.log.queue.byte-limit = 64MB (=67108864) (default)
2024-08-23 17:40:30,539 [omNode-1-impl-thread1] INFO  server.RaftServerConfigKeys (ConfUtils.java:logGet(46)) - raft.server.log.queue.element-limit = 4096 (default)
2024-08-23 17:40:30,539 [omNode-1-impl-thread1] INFO  server.RaftServerConfigKeys (ConfUtils.java:logGet(46)) - raft.server.log.segment.size.max = 4194304 (custom)
2024-08-23 17:40:30,539 [omNode-1-impl-thread1] INFO  server.RaftServerConfigKeys (ConfUtils.java:logGet(46)) - raft.server.log.preallocated.size = 4194304 (custom)
2024-08-23 17:40:30,539 [omNode-1-impl-thread1] INFO  server.RaftServerConfigKeys (ConfUtils.java:logGet(46)) - raft.server.log.force.sync.num = 128 (default)
2024-08-23 17:40:30,539 [omNode-1-impl-thread1] INFO  server.RaftServerConfigKeys (ConfUtils.java:logGet(46)) - raft.server.log.statemachine.data.sync = true (default)
2024-08-23 17:40:30,539 [omNode-1-impl-thread1] INFO  server.RaftServerConfigKeys (ConfUtils.java:logGet(46)) - raft.server.log.statemachine.data.sync.timeout = 10s (default)
2024-08-23 17:40:30,539 [omNode-1-impl-thread1] INFO  server.RaftServerConfigKeys (ConfUtils.java:logGet(46)) - raft.server.log.statemachine.data.sync.timeout.retry = -1 (default)
2024-08-23 17:40:30,540 [omNode-1-impl-thread1] INFO  server.RaftServerConfigKeys (ConfUtils.java:logGet(46)) - raft.server.log.write.buffer.size = 4194312 (custom)
2024-08-23 17:40:30,541 [omNode-1-impl-thread1] INFO  server.RaftServerConfigKeys (ConfUtils.java:logGet(46)) - raft.server.log.appender.buffer.byte-limit = 4194304 (custom)
2024-08-23 17:40:30,541 [omNode-1-impl-thread1] INFO  server.RaftServerConfigKeys (ConfUtils.java:logGet(46)) - raft.server.log.unsafe-flush.enabled = false (default)
2024-08-23 17:40:30,541 [omNode-1-impl-thread1] INFO  server.RaftServerConfigKeys (ConfUtils.java:logGet(46)) - raft.server.log.async-flush.enabled = false (default)
2024-08-23 17:40:30,541 [omNode-1-impl-thread1] INFO  server.RaftServerConfigKeys (ConfUtils.java:logGet(46)) - raft.server.log.statemachine.data.caching.enabled = false (default)
2024-08-23 17:40:30,541 [omNode-1-impl-thread1] INFO  segmented.SegmentedRaftLogWorker (SegmentedRaftLogWorker.java:lambda$new$0(135)) - omNode-1@group-0AAC5367B30E-SegmentedRaftLogWorker: flushIndex: setUnconditionally 0 -> -1
2024-08-23 17:40:30,541 [omNode-1-impl-thread1] INFO  segmented.SegmentedRaftLogWorker (SegmentedRaftLogWorker.java:lambda$new$0(135)) - omNode-1@group-0AAC5367B30E-SegmentedRaftLogWorker: safeCacheEvictIndex: setUnconditionally 0 -> -1
2024-08-23 17:40:30,542 [omNode-1-impl-thread1] INFO  server.RaftServer$Division (RaftServerImpl.java:start(389)) - omNode-1@group-0AAC5367B30E: start as a follower, conf=conf: {index: -1, cur=peers:[omNode-1|localhost:15066]|listeners:[], old=null}
2024-08-23 17:40:30,542 [omNode-1-impl-thread1] INFO  server.RaftServer$Division (RaftServerImpl.java:setRole(376)) - omNode-1@group-0AAC5367B30E: changes role from      null to FOLLOWER at term 0 for startAsFollower
2024-08-23 17:40:30,542 [omNode-1-impl-thread1] INFO  impl.RoleInfo (RoleInfo.java:updateAndGet(148)) - omNode-1: start omNode-1@group-0AAC5367B30E-FollowerState
2024-08-23 17:40:30,542 [omNode-1@group-0AAC5367B30E-FollowerState] INFO  server.RaftServerConfigKeys (ConfUtils.java:logFallback(53)) - raft.server.rpc.first-election.timeout.min = 1s (fallback to raft.server.rpc.timeout.min)
2024-08-23 17:40:30,542 [omNode-1-impl-thread1] INFO  util.JmxRegister (JmxRegister.java:tryRegister(44)) - Successfully registered JMX Bean with object name Ratis:service=RaftServer,group=group-0AAC5367B30E,id=omNode-1
2024-08-23 17:40:30,542 [omNode-1-impl-thread1] INFO  util.JmxRegister (JmxRegister.java:register(58)) - register mxBean class org.apache.ratis.server.impl.RaftServerJmxAdapter as Ratis:service=RaftServer,group=group-0AAC5367B30E,id=omNode-1
2024-08-23 17:40:30,542 [omNode-1@group-0AAC5367B30E-FollowerState] INFO  server.RaftServerConfigKeys (ConfUtils.java:logFallback(53)) - raft.server.rpc.first-election.timeout.max = 1200ms (fallback to raft.server.rpc.timeout.max)
2024-08-23 17:40:30,542 [omNode-1-impl-thread1] INFO  server.RaftServerConfigKeys (ConfUtils.java:logGet(46)) - raft.server.snapshot.trigger-when-stop.enabled = true (default)
2024-08-23 17:40:30,542 [omNode-1-impl-thread1] INFO  server.RaftServerConfigKeys (ConfUtils.java:logGet(46)) - raft.server.snapshot.trigger-when-remove.enabled = true (default)
2024-08-23 17:40:30,542 [omNode-1-impl-thread1] INFO  server.RaftServerConfigKeys (ConfUtils.java:logGet(46)) - raft.server.snapshot.auto.trigger.enabled = true (custom)
2024-08-23 17:40:30,542 [omNode-1-impl-thread1] INFO  server.RaftServerConfigKeys (ConfUtils.java:logGet(46)) - raft.server.snapshot.auto.trigger.threshold = 400000 (default)
2024-08-23 17:40:30,542 [omNode-1-impl-thread1] INFO  server.RaftServerConfigKeys (ConfUtils.java:logGet(46)) - raft.server.snapshot.retention.file.num = -1 (default)
2024-08-23 17:40:30,543 [omNode-1-impl-thread1] INFO  server.RaftServerConfigKeys (ConfUtils.java:logGet(46)) - raft.server.log.purge.upto.snapshot.index = true (custom)
2024-08-23 17:40:30,543 [main] INFO  server.RaftServer (RaftServerProxy.java:startImpl(408)) - omNode-1: start RPC server
2024-08-23 17:40:30,544 [main] INFO  server.GrpcService (GrpcService.java:startImpl(302)) - omNode-1: GrpcService started, listening on 15066
2024-08-23 17:40:30,545 [JvmPauseMonitor9] INFO  util.JvmPauseMonitor (JvmPauseMonitor.java:run(146)) - JvmPauseMonitor-omNode-1: Started
2024-08-23 17:40:30,545 [main] INFO  om.OzoneManager (OzoneManager.java:start(1695)) - Version File has different layout version (7) than OM DB (null). That is expected if this OM has never been finalized to a newer layout version.
2024-08-23 17:40:30,548 [main] INFO  client.ScmTopologyClient (ScmTopologyClient.java:start(72)) - Initial network topology fetched from SCM: /.
2024-08-23 17:40:30,548 [main] INFO  net.NodeSchemaLoader (NodeSchemaLoader.java:loadSchemaFromFile(129)) - Loading schema from [jar:file:/home/runner/work/ozone/ozone/hadoop-hdds/common/target/hdds-common-1.5.0-SNAPSHOT.jar!/network-topology-default.xml]
2024-08-23 17:40:30,548 [main] INFO  net.NodeSchemaLoader (NodeSchemaLoader.java:loadSchema(176)) - Loading network topology layer schema file
2024-08-23 17:40:30,556 [main] INFO  http.BaseHttpServer (BaseHttpServer.java:newHttpServer2BuilderForOzone(223)) - Starting Web-server for ozoneManager at: http://0.0.0.0:15064
2024-08-23 17:40:30,556 [main] INFO  http.BaseHttpServer (BaseHttpServer.java:<init>(110)) - Hadoop Security Enabled: false Ozone Security Enabled: false Ozone HTTP Security Enabled: false 
2024-08-23 17:40:30,558 [main] WARN  server.AuthenticationFilter (AuthenticationFilter.java:constructSecretProvider(240)) - Unable to initialize FileSignerSecretProvider, falling back to use random secrets. Reason: Could not read signature secret file: /home/runner/hadoop-http-auth-signature-secret
2024-08-23 17:40:30,562 [main] INFO  http.HttpRequestLog (HttpRequestLog.java:getRequestLog(86)) - Http request log for http.requests.ozoneManager is not defined
2024-08-23 17:40:30,563 [main] INFO  http.HttpServer2 (HttpServer2.java:addGlobalFilter(1035)) - Added global filter 'safety' (class=org.apache.hadoop.hdds.server.http.HttpServer2$QuotingInputFilter)
2024-08-23 17:40:30,564 [main] INFO  http.HttpServer2 (HttpServer2.java:addFilter(1011)) - Added filter static_user_filter (class=org.apache.hadoop.http.lib.StaticUserWebFilter$StaticUserFilter) to context ozoneManager
2024-08-23 17:40:30,564 [main] INFO  http.HttpServer2 (HttpServer2.java:addFilter(1019)) - Added filter static_user_filter (class=org.apache.hadoop.http.lib.StaticUserWebFilter$StaticUserFilter) to context static
2024-08-23 17:40:30,564 [main] INFO  http.HttpServer2 (HttpServer2.java:addFilter(1019)) - Added filter static_user_filter (class=org.apache.hadoop.http.lib.StaticUserWebFilter$StaticUserFilter) to context logs
2024-08-23 17:40:30,564 [main] INFO  http.BaseHttpServer (BaseHttpServer.java:<init>(189)) - HTTP server of ozoneManager uses base directory /home/runner/work/ozone/ozone/hadoop-ozone/integration-test/target/test-dir/MiniOzoneClusterImpl-79f21b30-aaf8-43fb-84ca-e7a29640eabd/omNode-1/webserver
2024-08-23 17:40:30,565 [main] INFO  http.HttpServer2 (HttpServer2.java:bindListener(1235)) - Jetty bound to port 15064
2024-08-23 17:40:30,565 [main] INFO  server.Server (Server.java:doStart(375)) - jetty-9.4.55.v20240627; built: 2024-06-27T15:05:37.765Z; git: 70015831e5195ba74da6383c4ab7c90c56bb08af; jvm 17.0.12+7
2024-08-23 17:40:30,566 [main] INFO  server.session (DefaultSessionIdManager.java:doStart(334)) - DefaultSessionIdManager workerName=node0
2024-08-23 17:40:30,566 [main] INFO  server.session (DefaultSessionIdManager.java:doStart(339)) - No SessionScavenger set, using defaults
2024-08-23 17:40:30,566 [main] INFO  server.session (HouseKeeper.java:startScavenging(132)) - node0 Scavenging every 660000ms
2024-08-23 17:40:30,571 [main] INFO  handler.ContextHandler (ContextHandler.java:doStart(921)) - Started o.e.j.s.ServletContextHandler@62f1773d{logs,/logs,file:///home/runner/work/ozone/ozone/hadoop-ozone/integration-test/target/log,AVAILABLE}
2024-08-23 17:40:30,571 [main] INFO  handler.ContextHandler (ContextHandler.java:doStart(921)) - Started o.e.j.s.ServletContextHandler@539f603f{static,/static,file:///home/runner/work/ozone/ozone/hadoop-ozone/integration-test/target/test-classes/webapps/static,AVAILABLE}
2024-08-23 17:40:30,575 [main] INFO  handler.ContextHandler (ContextHandler.java:doStart(921)) - Started o.e.j.w.WebAppContext@351b9520{ozoneManager,/,file:///home/runner/work/ozone/ozone/hadoop-ozone/integration-test/target/test-classes/webapps/ozoneManager/,AVAILABLE}{file:/home/runner/work/ozone/ozone/hadoop-ozone/integration-test/target/test-classes/webapps/ozoneManager}
2024-08-23 17:40:30,576 [main] INFO  server.AbstractConnector (AbstractConnector.java:doStart(333)) - Started ServerConnector@2bbf9ee1{HTTP/1.1, (http/1.1)}{0.0.0.0:15064}
2024-08-23 17:40:30,576 [main] INFO  server.Server (Server.java:doStart(415)) - Started @54559ms
2024-08-23 17:40:30,576 [main] WARN  impl.MetricsSystemImpl (MetricsSystemImpl.java:register(279)) - Sink prometheus already exists!
2024-08-23 17:40:30,576 [main] INFO  http.BaseHttpServer (BaseHttpServer.java:updateConnectorAddress(354)) - HTTP server of ozoneManager listening at http://0.0.0.0:15064
2024-08-23 17:40:30,577 [IPC Server Responder] INFO  ipc.Server (Server.java:run(1562)) - IPC Server Responder: starting
2024-08-23 17:40:30,577 [IPC Server listener on 15063] INFO  ipc.Server (Server.java:run(1402)) - IPC Server listener on 15063: starting
2024-08-23 17:40:30,578 [main] INFO  om.OzoneManager (OzoneManager.java:startTrashEmptier(2157)) - Trash Interval set to 0. Files deleted won't move to trash
2024-08-23 17:40:30,579 [main] INFO  ozone.MiniOzoneHAClusterImpl (MiniOzoneHAClusterImpl.java:createOMService(517)) - Started OzoneManager omNode-1 RPC server at localhost/127.0.0.1:15063
2024-08-23 17:40:30,585 [main] WARN  dropwizard3.Dm3MetricRegistriesImpl (Dm3MetricRegistriesImpl.java:addReporterRegistration(114)) - New reporters are added after registries were created. Some metrics will be missing from the reporter. Please add reporter before adding any new registry.
2024-08-23 17:40:30,585 [main] WARN  dropwizard3.Dm3MetricRegistriesImpl (Dm3MetricRegistriesImpl.java:addReporterRegistration(114)) - New reporters are added after registries were created. Some metrics will be missing from the reporter. Please add reporter before adding any new registry.
2024-08-23 17:40:30,586 [main] INFO  impl.MetricsSystemImpl (MetricsSystemImpl.java:init(158)) - HddsDatanode metrics system started (again)
2024-08-23 17:40:30,595 [main] INFO  ozone.HddsDatanodeService (HddsDatanodeService.java:start(235)) - HddsDatanodeService host:fv-az848-402 ip:10.1.0.41
2024-08-23 17:40:30,597 [main] INFO  upgrade.AbstractLayoutVersionManager (AbstractLayoutVersionManager.java:init(83)) - Initializing Layout version manager with metadata layout = HBASE_SUPPORT (version = 8), software layout = HBASE_SUPPORT (version = 8)
2024-08-23 17:40:30,597 [main] INFO  ha.SCMNodeInfo (SCMNodeInfo.java:getPort(197)) - ConfigKey ozone.scm.client.address is deprecated, For configuring different ports for each SCM use PortConfigKey ozone.scm.client.port appended with serviceId and nodeId
2024-08-23 17:40:30,597 [main] INFO  ha.SCMNodeInfo (SCMNodeInfo.java:getPort(197)) - ConfigKey ozone.scm.block.client.address is deprecated, For configuring different ports for each SCM use PortConfigKey ozone.scm.block.client.port appended with serviceId and nodeId
2024-08-23 17:40:30,598 [main] INFO  ha.SCMNodeInfo (SCMNodeInfo.java:getPort(197)) - ConfigKey ozone.scm.security.service.address is deprecated, For configuring different ports for each SCM use PortConfigKey ozone.scm.security.service.port appended with serviceId and nodeId
2024-08-23 17:40:30,598 [main] INFO  ha.SCMNodeInfo (SCMNodeInfo.java:getPort(197)) - ConfigKey ozone.scm.datanode.address is deprecated, For configuring different ports for each SCM use PortConfigKey ozone.scm.datanode.port appended with serviceId and nodeId
2024-08-23 17:40:30,598 [main] INFO  statemachine.DatanodeStateMachine (DatanodeStateMachine.java:getEndPointTaskThreadPoolSize(295)) - Datanode State Machine Task Thread Pool size 2
2024-08-23 17:40:30,600 [main] INFO  volume.HddsVolume (HddsVolume.java:<init>(127)) - Creating HddsVolume: /home/runner/work/ozone/ozone/hadoop-ozone/integration-test/target/test-dir/MiniOzoneClusterImpl-79f21b30-aaf8-43fb-84ca-e7a29640eabd/ozone-meta/datanode-1/data-0/hdds of storage type : DISK capacity : 9222449699674390527
2024-08-23 17:40:30,600 [main] INFO  volume.MutableVolumeSet (MutableVolumeSet.java:initializeVolumeSet(173)) - Added Volume : /home/runner/work/ozone/ozone/hadoop-ozone/integration-test/target/test-dir/MiniOzoneClusterImpl-79f21b30-aaf8-43fb-84ca-e7a29640eabd/ozone-meta/datanode-1/data-0/hdds to VolumeSet
2024-08-23 17:40:30,601 [main] INFO  volume.MutableVolumeSet (MutableVolumeSet.java:initializeVolumeSet(173)) - Added Volume : /home/runner/work/ozone/ozone/hadoop-ozone/integration-test/target/test-dir/MiniOzoneClusterImpl-79f21b30-aaf8-43fb-84ca-e7a29640eabd/ozone-meta/datanode-1/ratis to VolumeSet
2024-08-23 17:40:30,601 [main] INFO  ozoneimpl.OzoneContainer (HddsVolumeUtil.java:loadAllHddsVolumeDbStore(103)) - Load 1 volumes DbStore cost: 0ms
2024-08-23 17:40:30,602 [main] INFO  server.RaftServerConfigKeys (ConfUtils.java:logGet(46)) - raft.server.log.appender.buffer.byte-limit = 8388608 (custom)
2024-08-23 17:40:30,603 [main] INFO  server.RaftServer (ConfUtils.java:logGet(46)) - raft.rpc.type = GRPC (default)
2024-08-23 17:40:30,604 [main] INFO  grpc.GrpcConfigKeys (ConfUtils.java:logFallback(53)) - raft.grpc.admin.host = null (fallback to raft.grpc.server.host)
2024-08-23 17:40:30,604 [main] INFO  grpc.GrpcConfigKeys (ConfUtils.java:logGet(46)) - raft.grpc.admin.port = 15071 (custom)
2024-08-23 17:40:30,604 [main] INFO  grpc.GrpcConfigKeys (ConfUtils.java:logFallback(53)) - raft.grpc.client.host = null (fallback to raft.grpc.server.host)
2024-08-23 17:40:30,604 [main] INFO  grpc.GrpcConfigKeys (ConfUtils.java:logGet(46)) - raft.grpc.client.port = 15071 (custom)
2024-08-23 17:40:30,604 [main] INFO  grpc.GrpcConfigKeys (ConfUtils.java:logGet(46)) - raft.grpc.server.host = null (default)
2024-08-23 17:40:30,604 [main] INFO  grpc.GrpcConfigKeys (ConfUtils.java:logGet(46)) - raft.grpc.server.port = 15071 (custom)
2024-08-23 17:40:30,604 [main] INFO  server.GrpcService (ConfUtils.java:logGet(46)) - raft.grpc.message.size.max = 32MB (=33554432) (custom)
2024-08-23 17:40:30,604 [main] INFO  server.RaftServerConfigKeys (ConfUtils.java:logGet(46)) - raft.server.log.appender.buffer.byte-limit = 8388608 (custom)
2024-08-23 17:40:30,604 [main] INFO  server.GrpcService (ConfUtils.java:logGet(46)) - raft.grpc.flow.control.window = 5MB (=5242880) (custom)
2024-08-23 17:40:30,604 [main] INFO  server.RaftServerConfigKeys (ConfUtils.java:logGet(46)) - raft.server.rpc.request.timeout = 60s (custom)
2024-08-23 17:40:30,605 [main] INFO  grpc.GrpcConfigKeys (ConfUtils.java:logGet(46)) - raft.grpc.server.heartbeat.channel = true (default)
2024-08-23 17:40:30,605 [main] INFO  grpc.GrpcConfigKeys (ConfUtils.java:logGet(46)) - raft.grpc.server.async.request.thread.pool.cached = true (default)
2024-08-23 17:40:30,605 [main] INFO  grpc.GrpcConfigKeys (ConfUtils.java:logGet(46)) - raft.grpc.server.async.request.thread.pool.size = 32 (default)
2024-08-23 17:40:30,606 [main] INFO  impl.DataStreamServerImpl (ConfUtils.java:logGet(46)) - raft.datastream.type = NETTY (custom)
2024-08-23 17:40:30,606 [main] INFO  server.RaftServerConfigKeys (ConfUtils.java:logGet(46)) - raft.server.data-stream.async.request.thread.pool.cached = false (default)
2024-08-23 17:40:30,606 [main] INFO  server.RaftServerConfigKeys (ConfUtils.java:logGet(46)) - raft.server.data-stream.async.request.thread.pool.size = 20 (custom)
2024-08-23 17:40:30,606 [main] INFO  server.RaftServerConfigKeys (ConfUtils.java:logGet(46)) - raft.server.data-stream.async.write.thread.pool.size = 16 (default)
2024-08-23 17:40:30,606 [main] INFO  netty.NettyConfigKeys$DataStream (ConfUtils.java:logGet(46)) - raft.netty.dataStream.server.channel.inactive.grace-period = 10min (default)
2024-08-23 17:40:30,606 [main] INFO  server.RaftServerConfigKeys (ConfUtils.java:logGet(46)) - raft.server.data-stream.client.pool.size = 10 (default)
2024-08-23 17:40:30,606 [main] INFO  netty.NettyConfigKeys$DataStream (ConfUtils.java:logGet(46)) - raft.netty.dataStream.server.use-epoll = true (default)
2024-08-23 17:40:30,607 [main] INFO  netty.NettyConfigKeys$DataStream (ConfUtils.java:logGet(46)) - raft.netty.dataStream.server.boss-group.size = 0 (default)
2024-08-23 17:40:30,607 [main] INFO  netty.NettyUtils (NettyUtils.java:newEventLoopGroup(74)) - Create EpollEventLoopGroup for ab598a91-1760-425c-863f-c9c0150b23d9-NettyServerStreamRpc-bossGroup; Thread size is 0.
2024-08-23 17:40:30,607 [main] INFO  netty.NettyConfigKeys$DataStream (ConfUtils.java:logGet(46)) - raft.netty.dataStream.server.worker-group.size = 0 (default)
2024-08-23 17:40:30,607 [main] INFO  netty.NettyUtils (NettyUtils.java:newEventLoopGroup(74)) - Create EpollEventLoopGroup for ab598a91-1760-425c-863f-c9c0150b23d9-NettyServerStreamRpc-workerGroup; Thread size is 0.
2024-08-23 17:40:30,608 [main] INFO  netty.NettyConfigKeys$DataStream (ConfUtils.java:logGet(46)) - raft.netty.dataStream.server.tls.conf = null (default)
2024-08-23 17:40:30,608 [main] INFO  netty.NettyConfigKeys$DataStream (ConfUtils.java:logGet(46)) - raft.netty.dataStream.host = null (default)
2024-08-23 17:40:30,608 [main] INFO  netty.NettyConfigKeys$DataStream (ConfUtils.java:logGet(46)) - raft.netty.dataStream.port = 15074 (custom)
2024-08-23 17:40:30,608 [main] INFO  server.RaftServerConfigKeys (ConfUtils.java:logGet(46)) - raft.server.sleep.deviation.threshold = 300ms (default)
2024-08-23 17:40:30,608 [main] INFO  server.RaftServerConfigKeys (ConfUtils.java:logGet(46)) - raft.server.close.threshold = 60s (default)
2024-08-23 17:40:30,608 [main] INFO  server.RaftServerConfigKeys (ConfUtils.java:logGet(46)) - raft.server.leaderelection.leader.step-down.wait-time = 10s (default)
2024-08-23 17:40:30,609 [main] INFO  server.RaftServerConfigKeys (ConfUtils.java:logGet(46)) - raft.server.storage.dir = [/home/runner/work/ozone/ozone/hadoop-ozone/integration-test/target/test-dir/MiniOzoneClusterImpl-79f21b30-aaf8-43fb-84ca-e7a29640eabd/ozone-meta/datanode-1/ratis] (custom)
2024-08-23 17:40:30,609 [main] INFO  server.RaftServerConfigKeys (ConfUtils.java:logGet(46)) - raft.server.threadpool.proxy.cached = true (default)
2024-08-23 17:40:30,609 [main] INFO  server.RaftServerConfigKeys (ConfUtils.java:logGet(46)) - raft.server.threadpool.proxy.size = 0 (default)
2024-08-23 17:40:30,609 [ab598a91-1760-425c-863f-c9c0150b23d9-NettyServerStreamRpc-bossGroup--thread1] INFO  logging.LoggingHandler (AbstractInternalLogger.java:log(148)) - [id: 0xd74af316] REGISTERED
2024-08-23 17:40:30,609 [ab598a91-1760-425c-863f-c9c0150b23d9-NettyServerStreamRpc-bossGroup--thread1] INFO  logging.LoggingHandler (AbstractInternalLogger.java:log(148)) - [id: 0xd74af316] BIND: 0.0.0.0/0.0.0.0:15074
2024-08-23 17:40:30,610 [ab598a91-1760-425c-863f-c9c0150b23d9-NettyServerStreamRpc-bossGroup--thread1] INFO  logging.LoggingHandler (AbstractInternalLogger.java:log(148)) - [id: 0xd74af316, L:/0.0.0.0:15074] ACTIVE
2024-08-23 17:40:30,610 [ab598a91-1760-425c-863f-c9c0150b23d9-impl-thread1] INFO  server.RaftServer (RaftServerProxy.java:initGroupDir(266)) - ab598a91-1760-425c-863f-c9c0150b23d9: found a subdirectory /home/runner/work/ozone/ozone/hadoop-ozone/integration-test/target/test-dir/MiniOzoneClusterImpl-79f21b30-aaf8-43fb-84ca-e7a29640eabd/ozone-meta/datanode-1/ratis/tmp
2024-08-23 17:40:30,611 [ab598a91-1760-425c-863f-c9c0150b23d9-impl-thread1] INFO  server.RaftServer (RaftServerProxy.java:initGroupDir(271)) - ab598a91-1760-425c-863f-c9c0150b23d9: The directory /home/runner/work/ozone/ozone/hadoop-ozone/integration-test/target/test-dir/MiniOzoneClusterImpl-79f21b30-aaf8-43fb-84ca-e7a29640eabd/ozone-meta/datanode-1/ratis/tmp is not a group directory; ignoring it. 
2024-08-23 17:40:30,611 [main] INFO  replication.ReplicationServer (ReplicationServer.java:<init>(86)) - Initializing replication server with thread count = 10 queue length = 4096
2024-08-23 17:40:30,612 [main] INFO  server.XceiverServerGrpc (XceiverServerGrpc.java:<init>(141)) - GrpcServer channel type EpollServerSocketChannel
2024-08-23 17:40:30,613 [main] INFO  replication.ReplicationSupervisor (ReplicationSupervisor.java:build(157)) - Initializing replication supervisor with thread count = 10
2024-08-23 17:40:30,613 [main] INFO  replication.ReplicationSupervisor (ReplicationSupervisor.java:nodeStateUpdated(312)) - Node state updated to IN_SERVICE, scaling executor pool size to 10
2024-08-23 17:40:30,615 [main] INFO  http.BaseHttpServer (BaseHttpServer.java:newHttpServer2BuilderForOzone(223)) - Starting Web-server for hddsDatanode at: http://0.0.0.0:15068
2024-08-23 17:40:30,615 [main] INFO  http.BaseHttpServer (BaseHttpServer.java:<init>(110)) - Hadoop Security Enabled: false Ozone Security Enabled: false Ozone HTTP Security Enabled: false 
2024-08-23 17:40:30,616 [main] WARN  server.AuthenticationFilter (AuthenticationFilter.java:constructSecretProvider(240)) - Unable to initialize FileSignerSecretProvider, falling back to use random secrets. Reason: Could not read signature secret file: /home/runner/hadoop-http-auth-signature-secret
2024-08-23 17:40:30,617 [main] INFO  http.HttpRequestLog (HttpRequestLog.java:getRequestLog(86)) - Http request log for http.requests.hddsDatanode is not defined
2024-08-23 17:40:30,618 [main] INFO  http.HttpServer2 (HttpServer2.java:addGlobalFilter(1035)) - Added global filter 'safety' (class=org.apache.hadoop.hdds.server.http.HttpServer2$QuotingInputFilter)
2024-08-23 17:40:30,618 [main] INFO  http.HttpServer2 (HttpServer2.java:addFilter(1011)) - Added filter static_user_filter (class=org.apache.hadoop.http.lib.StaticUserWebFilter$StaticUserFilter) to context hddsDatanode
2024-08-23 17:40:30,619 [main] INFO  http.HttpServer2 (HttpServer2.java:addFilter(1019)) - Added filter static_user_filter (class=org.apache.hadoop.http.lib.StaticUserWebFilter$StaticUserFilter) to context static
2024-08-23 17:40:30,619 [main] INFO  http.HttpServer2 (HttpServer2.java:addFilter(1019)) - Added filter static_user_filter (class=org.apache.hadoop.http.lib.StaticUserWebFilter$StaticUserFilter) to context logs
2024-08-23 17:40:30,619 [main] INFO  http.BaseHttpServer (BaseHttpServer.java:<init>(189)) - HTTP server of hddsDatanode uses base directory /home/runner/work/ozone/ozone/hadoop-ozone/integration-test/target/test-dir/MiniOzoneClusterImpl-79f21b30-aaf8-43fb-84ca-e7a29640eabd/ozone-meta/datanode-1/meta/webserver
2024-08-23 17:40:30,619 [main] INFO  http.HttpServer2 (HttpServer2.java:bindListener(1235)) - Jetty bound to port 15068
2024-08-23 17:40:30,619 [main] INFO  server.Server (Server.java:doStart(375)) - jetty-9.4.55.v20240627; built: 2024-06-27T15:05:37.765Z; git: 70015831e5195ba74da6383c4ab7c90c56bb08af; jvm 17.0.12+7
2024-08-23 17:40:30,628 [main] INFO  server.session (DefaultSessionIdManager.java:doStart(334)) - DefaultSessionIdManager workerName=node0
2024-08-23 17:40:30,629 [main] INFO  server.session (DefaultSessionIdManager.java:doStart(339)) - No SessionScavenger set, using defaults
2024-08-23 17:40:30,629 [main] INFO  server.session (HouseKeeper.java:startScavenging(132)) - node0 Scavenging every 600000ms
2024-08-23 17:40:30,629 [main] INFO  handler.ContextHandler (ContextHandler.java:doStart(921)) - Started o.e.j.s.ServletContextHandler@57e52459{logs,/logs,file:///home/runner/work/ozone/ozone/hadoop-ozone/integration-test/target/log,AVAILABLE}
2024-08-23 17:40:30,630 [main] INFO  handler.ContextHandler (ContextHandler.java:doStart(921)) - Started o.e.j.s.ServletContextHandler@7369aeec{static,/static,jar:file:/home/runner/work/ozone/ozone/hadoop-hdds/container-service/target/hdds-container-service-1.5.0-SNAPSHOT.jar!/webapps/static,AVAILABLE}
2024-08-23 17:40:30,839 [main] INFO  handler.ContextHandler (ContextHandler.java:doStart(921)) - Started o.e.j.w.WebAppContext@1fbdd357{hddsDatanode,/,file:///home/runner/work/ozone/ozone/hadoop-ozone/integration-test/target/test-dir/MiniOzoneClusterImpl-79f21b30-aaf8-43fb-84ca-e7a29640eabd/ozone-meta/datanode-1/meta/webserver/jetty-0_0_0_0-15068-hdds-container-service-1_5_0-SNAPSHOT_jar-_-any-9486892814043110029/webapp/,AVAILABLE}{jar:file:/home/runner/work/ozone/ozone/hadoop-hdds/container-service/target/hdds-container-service-1.5.0-SNAPSHOT.jar!/webapps/hddsDatanode}
2024-08-23 17:40:30,839 [main] INFO  server.AbstractConnector (AbstractConnector.java:doStart(333)) - Started ServerConnector@54ab606b{HTTP/1.1, (http/1.1)}{0.0.0.0:15068}
2024-08-23 17:40:30,839 [main] INFO  server.Server (Server.java:doStart(415)) - Started @54823ms
2024-08-23 17:40:30,840 [main] WARN  impl.MetricsSystemImpl (MetricsSystemImpl.java:register(279)) - Sink prometheus already exists!
2024-08-23 17:40:30,840 [main] INFO  http.BaseHttpServer (BaseHttpServer.java:updateConnectorAddress(354)) - HTTP server of hddsDatanode listening at http://0.0.0.0:15068
2024-08-23 17:40:30,840 [main] INFO  ipc.CallQueueManager (CallQueueManager.java:<init>(90)) - Using callQueue: class java.util.concurrent.LinkedBlockingQueue, queueCapacity: 1000, scheduler: class org.apache.hadoop.ipc.DefaultRpcScheduler, ipcBackoff: false.
2024-08-23 17:40:30,841 [main] INFO  ipc.Server (Server.java:<init>(1287)) - Listener at 0.0.0.0:15069
2024-08-23 17:40:30,841 [Socket Reader #1 for port 15069] INFO  ipc.Server (Server.java:run(1323)) - Starting Socket Reader #1 for port 15069
2024-08-23 17:40:30,842 [Socket Reader #2 for port 15069] INFO  ipc.Server (Server.java:run(1323)) - Starting Socket Reader #2 for port 15069
2024-08-23 17:40:30,842 [Socket Reader #3 for port 15069] INFO  ipc.Server (Server.java:run(1323)) - Starting Socket Reader #3 for port 15069
2024-08-23 17:40:30,842 [Socket Reader #4 for port 15069] INFO  ipc.Server (Server.java:run(1323)) - Starting Socket Reader #4 for port 15069
2024-08-23 17:40:30,842 [Socket Reader #5 for port 15069] INFO  ipc.Server (Server.java:run(1323)) - Starting Socket Reader #5 for port 15069
2024-08-23 17:40:30,843 [Socket Reader #6 for port 15069] INFO  ipc.Server (Server.java:run(1323)) - Starting Socket Reader #6 for port 15069
2024-08-23 17:40:30,843 [Socket Reader #7 for port 15069] INFO  ipc.Server (Server.java:run(1323)) - Starting Socket Reader #7 for port 15069
2024-08-23 17:40:30,843 [Socket Reader #8 for port 15069] INFO  ipc.Server (Server.java:run(1323)) - Starting Socket Reader #8 for port 15069
2024-08-23 17:40:30,843 [Socket Reader #9 for port 15069] INFO  ipc.Server (Server.java:run(1323)) - Starting Socket Reader #9 for port 15069
2024-08-23 17:40:30,843 [Socket Reader #10 for port 15069] INFO  ipc.Server (Server.java:run(1323)) - Starting Socket Reader #10 for port 15069
2024-08-23 17:40:30,845 [main] INFO  ozone.HddsDatanodeService (HddsDatanodeService.java:start(319)) - Datanode start with admins: [runner]
2024-08-23 17:40:30,845 [main] INFO  ozone.HddsDatanodeClientProtocolServer (HddsDatanodeClientProtocolServer.java:start(79)) - RPC server for Client /0.0.0.0:15069
2024-08-23 17:40:30,845 [IPC Server Responder] INFO  ipc.Server (Server.java:run(1562)) - IPC Server Responder: starting
2024-08-23 17:40:30,845 [IPC Server listener on 15069] INFO  ipc.Server (Server.java:run(1402)) - IPC Server listener on 15069: starting
2024-08-23 17:40:30,847 [main] WARN  dropwizard3.Dm3MetricRegistriesImpl (Dm3MetricRegistriesImpl.java:addReporterRegistration(114)) - New reporters are added after registries were created. Some metrics will be missing from the reporter. Please add reporter before adding any new registry.
2024-08-23 17:40:30,847 [main] WARN  dropwizard3.Dm3MetricRegistriesImpl (Dm3MetricRegistriesImpl.java:addReporterRegistration(114)) - New reporters are added after registries were created. Some metrics will be missing from the reporter. Please add reporter before adding any new registry.
2024-08-23 17:40:30,847 [main] INFO  impl.MetricsSystemImpl (MetricsSystemImpl.java:init(158)) - HddsDatanode metrics system started (again)
2024-08-23 17:40:30,847 [ab598a91-1760-425c-863f-c9c0150b23d9-DatanodeStateMachineDaemonThread] INFO  statemachine.DatanodeStateMachine (DatanodeStateMachine.java:startStateMachineThread(338)) - Ozone container server started.
2024-08-23 17:40:30,847 [ab598a91-1760-425c-863f-c9c0150b23d9-DatanodeStateMachineTaskThread-0] INFO  ha.SCMNodeInfo (SCMNodeInfo.java:getPort(197)) - ConfigKey ozone.scm.client.address is deprecated, For configuring different ports for each SCM use PortConfigKey ozone.scm.client.port appended with serviceId and nodeId
2024-08-23 17:40:30,848 [ab598a91-1760-425c-863f-c9c0150b23d9-DatanodeStateMachineTaskThread-0] INFO  ha.SCMNodeInfo (SCMNodeInfo.java:getPort(197)) - ConfigKey ozone.scm.block.client.address is deprecated, For configuring different ports for each SCM use PortConfigKey ozone.scm.block.client.port appended with serviceId and nodeId
2024-08-23 17:40:30,848 [ab598a91-1760-425c-863f-c9c0150b23d9-DatanodeStateMachineTaskThread-0] INFO  ha.SCMNodeInfo (SCMNodeInfo.java:getPort(197)) - ConfigKey ozone.scm.security.service.address is deprecated, For configuring different ports for each SCM use PortConfigKey ozone.scm.security.service.port appended with serviceId and nodeId
2024-08-23 17:40:30,848 [ab598a91-1760-425c-863f-c9c0150b23d9-DatanodeStateMachineTaskThread-0] INFO  ha.SCMNodeInfo (SCMNodeInfo.java:getPort(197)) - ConfigKey ozone.scm.datanode.address is deprecated, For configuring different ports for each SCM use PortConfigKey ozone.scm.datanode.port appended with serviceId and nodeId
2024-08-23 17:40:30,850 [ab598a91-1760-425c-863f-c9c0150b23d9-DatanodeStateMachineTaskThread-0] INFO  datanode.InitDatanodeState (InitDatanodeState.java:persistContainerDatanodeDetails(139)) - DatanodeDetails is persisted to /home/runner/work/ozone/ozone/hadoop-ozone/integration-test/target/test-dir/MiniOzoneClusterImpl-79f21b30-aaf8-43fb-84ca-e7a29640eabd/ozone-meta/datanode-1/meta/datanode.id
2024-08-23 17:40:30,860 [main] INFO  ozone.HddsDatanodeService (HddsDatanodeService.java:start(235)) - HddsDatanodeService host:fv-az848-402 ip:10.1.0.41
2024-08-23 17:40:30,862 [main] INFO  upgrade.AbstractLayoutVersionManager (AbstractLayoutVersionManager.java:init(83)) - Initializing Layout version manager with metadata layout = HBASE_SUPPORT (version = 8), software layout = HBASE_SUPPORT (version = 8)
2024-08-23 17:40:30,862 [main] INFO  ha.SCMNodeInfo (SCMNodeInfo.java:getPort(197)) - ConfigKey ozone.scm.client.address is deprecated, For configuring different ports for each SCM use PortConfigKey ozone.scm.client.port appended with serviceId and nodeId
2024-08-23 17:40:30,863 [main] INFO  ha.SCMNodeInfo (SCMNodeInfo.java:getPort(197)) - ConfigKey ozone.scm.block.client.address is deprecated, For configuring different ports for each SCM use PortConfigKey ozone.scm.block.client.port appended with serviceId and nodeId
2024-08-23 17:40:30,863 [main] INFO  ha.SCMNodeInfo (SCMNodeInfo.java:getPort(197)) - ConfigKey ozone.scm.security.service.address is deprecated, For configuring different ports for each SCM use PortConfigKey ozone.scm.security.service.port appended with serviceId and nodeId
2024-08-23 17:40:30,863 [main] INFO  ha.SCMNodeInfo (SCMNodeInfo.java:getPort(197)) - ConfigKey ozone.scm.datanode.address is deprecated, For configuring different ports for each SCM use PortConfigKey ozone.scm.datanode.port appended with serviceId and nodeId
2024-08-23 17:40:30,863 [main] INFO  statemachine.DatanodeStateMachine (DatanodeStateMachine.java:getEndPointTaskThreadPoolSize(295)) - Datanode State Machine Task Thread Pool size 2
2024-08-23 17:40:30,864 [main] INFO  volume.HddsVolume (HddsVolume.java:<init>(127)) - Creating HddsVolume: /home/runner/work/ozone/ozone/hadoop-ozone/integration-test/target/test-dir/MiniOzoneClusterImpl-79f21b30-aaf8-43fb-84ca-e7a29640eabd/ozone-meta/datanode-2/data-0/hdds of storage type : DISK capacity : 9222449699674390527
2024-08-23 17:40:30,864 [main] INFO  volume.MutableVolumeSet (MutableVolumeSet.java:initializeVolumeSet(173)) - Added Volume : /home/runner/work/ozone/ozone/hadoop-ozone/integration-test/target/test-dir/MiniOzoneClusterImpl-79f21b30-aaf8-43fb-84ca-e7a29640eabd/ozone-meta/datanode-2/data-0/hdds to VolumeSet
2024-08-23 17:40:30,865 [main] INFO  volume.MutableVolumeSet (MutableVolumeSet.java:initializeVolumeSet(173)) - Added Volume : /home/runner/work/ozone/ozone/hadoop-ozone/integration-test/target/test-dir/MiniOzoneClusterImpl-79f21b30-aaf8-43fb-84ca-e7a29640eabd/ozone-meta/datanode-2/ratis to VolumeSet
2024-08-23 17:40:30,867 [main] INFO  ozoneimpl.OzoneContainer (HddsVolumeUtil.java:loadAllHddsVolumeDbStore(103)) - Load 1 volumes DbStore cost: 0ms
2024-08-23 17:40:30,868 [main] INFO  server.RaftServerConfigKeys (ConfUtils.java:logGet(46)) - raft.server.log.appender.buffer.byte-limit = 8388608 (custom)
2024-08-23 17:40:30,869 [main] INFO  server.RaftServer (ConfUtils.java:logGet(46)) - raft.rpc.type = GRPC (default)
2024-08-23 17:40:30,869 [main] INFO  grpc.GrpcConfigKeys (ConfUtils.java:logFallback(53)) - raft.grpc.admin.host = null (fallback to raft.grpc.server.host)
2024-08-23 17:40:30,869 [main] INFO  grpc.GrpcConfigKeys (ConfUtils.java:logGet(46)) - raft.grpc.admin.port = 15080 (custom)
2024-08-23 17:40:30,869 [main] INFO  grpc.GrpcConfigKeys (ConfUtils.java:logFallback(53)) - raft.grpc.client.host = null (fallback to raft.grpc.server.host)
2024-08-23 17:40:30,869 [main] INFO  grpc.GrpcConfigKeys (ConfUtils.java:logGet(46)) - raft.grpc.client.port = 15080 (custom)
2024-08-23 17:40:30,870 [main] INFO  grpc.GrpcConfigKeys (ConfUtils.java:logGet(46)) - raft.grpc.server.host = null (default)
2024-08-23 17:40:30,870 [main] INFO  grpc.GrpcConfigKeys (ConfUtils.java:logGet(46)) - raft.grpc.server.port = 15080 (custom)
2024-08-23 17:40:30,870 [main] INFO  server.GrpcService (ConfUtils.java:logGet(46)) - raft.grpc.message.size.max = 32MB (=33554432) (custom)
2024-08-23 17:40:30,870 [main] INFO  server.RaftServerConfigKeys (ConfUtils.java:logGet(46)) - raft.server.log.appender.buffer.byte-limit = 8388608 (custom)
2024-08-23 17:40:30,870 [main] INFO  server.GrpcService (ConfUtils.java:logGet(46)) - raft.grpc.flow.control.window = 5MB (=5242880) (custom)
2024-08-23 17:40:30,870 [main] INFO  server.RaftServerConfigKeys (ConfUtils.java:logGet(46)) - raft.server.rpc.request.timeout = 60s (custom)
2024-08-23 17:40:30,870 [main] INFO  grpc.GrpcConfigKeys (ConfUtils.java:logGet(46)) - raft.grpc.server.heartbeat.channel = true (default)
2024-08-23 17:40:30,870 [main] INFO  grpc.GrpcConfigKeys (ConfUtils.java:logGet(46)) - raft.grpc.server.async.request.thread.pool.cached = true (default)
2024-08-23 17:40:30,870 [main] INFO  grpc.GrpcConfigKeys (ConfUtils.java:logGet(46)) - raft.grpc.server.async.request.thread.pool.size = 32 (default)
2024-08-23 17:40:30,871 [main] INFO  impl.DataStreamServerImpl (ConfUtils.java:logGet(46)) - raft.datastream.type = NETTY (custom)
2024-08-23 17:40:30,872 [main] INFO  server.RaftServerConfigKeys (ConfUtils.java:logGet(46)) - raft.server.data-stream.async.request.thread.pool.cached = false (default)
2024-08-23 17:40:30,872 [main] INFO  server.RaftServerConfigKeys (ConfUtils.java:logGet(46)) - raft.server.data-stream.async.request.thread.pool.size = 20 (custom)
2024-08-23 17:40:30,872 [main] INFO  server.RaftServerConfigKeys (ConfUtils.java:logGet(46)) - raft.server.data-stream.async.write.thread.pool.size = 16 (default)
2024-08-23 17:40:30,872 [main] INFO  netty.NettyConfigKeys$DataStream (ConfUtils.java:logGet(46)) - raft.netty.dataStream.server.channel.inactive.grace-period = 10min (default)
2024-08-23 17:40:30,872 [main] INFO  server.RaftServerConfigKeys (ConfUtils.java:logGet(46)) - raft.server.data-stream.client.pool.size = 10 (default)
2024-08-23 17:40:30,872 [main] INFO  netty.NettyConfigKeys$DataStream (ConfUtils.java:logGet(46)) - raft.netty.dataStream.server.use-epoll = true (default)
2024-08-23 17:40:30,872 [main] INFO  netty.NettyConfigKeys$DataStream (ConfUtils.java:logGet(46)) - raft.netty.dataStream.server.boss-group.size = 0 (default)
2024-08-23 17:40:30,873 [main] INFO  netty.NettyUtils (NettyUtils.java:newEventLoopGroup(74)) - Create EpollEventLoopGroup for 97398481-acd0-44c3-9c1f-2d1228ad6123-NettyServerStreamRpc-bossGroup; Thread size is 0.
2024-08-23 17:40:30,874 [main] INFO  netty.NettyConfigKeys$DataStream (ConfUtils.java:logGet(46)) - raft.netty.dataStream.server.worker-group.size = 0 (default)
2024-08-23 17:40:30,874 [main] INFO  netty.NettyUtils (NettyUtils.java:newEventLoopGroup(74)) - Create EpollEventLoopGroup for 97398481-acd0-44c3-9c1f-2d1228ad6123-NettyServerStreamRpc-workerGroup; Thread size is 0.
2024-08-23 17:40:30,874 [main] INFO  netty.NettyConfigKeys$DataStream (ConfUtils.java:logGet(46)) - raft.netty.dataStream.server.tls.conf = null (default)
2024-08-23 17:40:30,874 [main] INFO  netty.NettyConfigKeys$DataStream (ConfUtils.java:logGet(46)) - raft.netty.dataStream.host = null (default)
2024-08-23 17:40:30,875 [main] INFO  netty.NettyConfigKeys$DataStream (ConfUtils.java:logGet(46)) - raft.netty.dataStream.port = 15083 (custom)
2024-08-23 17:40:30,878 [main] INFO  server.RaftServerConfigKeys (ConfUtils.java:logGet(46)) - raft.server.sleep.deviation.threshold = 300ms (default)
2024-08-23 17:40:30,878 [main] INFO  server.RaftServerConfigKeys (ConfUtils.java:logGet(46)) - raft.server.close.threshold = 60s (default)
2024-08-23 17:40:30,879 [main] INFO  server.RaftServerConfigKeys (ConfUtils.java:logGet(46)) - raft.server.leaderelection.leader.step-down.wait-time = 10s (default)
2024-08-23 17:40:30,879 [main] INFO  server.RaftServerConfigKeys (ConfUtils.java:logGet(46)) - raft.server.storage.dir = [/home/runner/work/ozone/ozone/hadoop-ozone/integration-test/target/test-dir/MiniOzoneClusterImpl-79f21b30-aaf8-43fb-84ca-e7a29640eabd/ozone-meta/datanode-2/ratis] (custom)
2024-08-23 17:40:30,879 [main] INFO  server.RaftServerConfigKeys (ConfUtils.java:logGet(46)) - raft.server.threadpool.proxy.cached = true (default)
2024-08-23 17:40:30,879 [main] INFO  server.RaftServerConfigKeys (ConfUtils.java:logGet(46)) - raft.server.threadpool.proxy.size = 0 (default)
2024-08-23 17:40:30,879 [97398481-acd0-44c3-9c1f-2d1228ad6123-NettyServerStreamRpc-bossGroup--thread1] INFO  logging.LoggingHandler (AbstractInternalLogger.java:log(148)) - [id: 0x55c56753] REGISTERED
2024-08-23 17:40:30,879 [97398481-acd0-44c3-9c1f-2d1228ad6123-NettyServerStreamRpc-bossGroup--thread1] INFO  logging.LoggingHandler (AbstractInternalLogger.java:log(148)) - [id: 0x55c56753] BIND: 0.0.0.0/0.0.0.0:15083
2024-08-23 17:40:30,879 [97398481-acd0-44c3-9c1f-2d1228ad6123-impl-thread1] INFO  server.RaftServer (RaftServerProxy.java:initGroupDir(266)) - 97398481-acd0-44c3-9c1f-2d1228ad6123: found a subdirectory /home/runner/work/ozone/ozone/hadoop-ozone/integration-test/target/test-dir/MiniOzoneClusterImpl-79f21b30-aaf8-43fb-84ca-e7a29640eabd/ozone-meta/datanode-2/ratis/tmp
2024-08-23 17:40:30,880 [97398481-acd0-44c3-9c1f-2d1228ad6123-impl-thread1] INFO  server.RaftServer (RaftServerProxy.java:initGroupDir(271)) - 97398481-acd0-44c3-9c1f-2d1228ad6123: The directory /home/runner/work/ozone/ozone/hadoop-ozone/integration-test/target/test-dir/MiniOzoneClusterImpl-79f21b30-aaf8-43fb-84ca-e7a29640eabd/ozone-meta/datanode-2/ratis/tmp is not a group directory; ignoring it. 
2024-08-23 17:40:30,880 [main] INFO  replication.ReplicationServer (ReplicationServer.java:<init>(86)) - Initializing replication server with thread count = 10 queue length = 4096
2024-08-23 17:40:30,880 [97398481-acd0-44c3-9c1f-2d1228ad6123-NettyServerStreamRpc-bossGroup--thread1] INFO  logging.LoggingHandler (AbstractInternalLogger.java:log(148)) - [id: 0x55c56753, L:/0.0.0.0:15083] ACTIVE
2024-08-23 17:40:30,881 [main] INFO  server.XceiverServerGrpc (XceiverServerGrpc.java:<init>(141)) - GrpcServer channel type EpollServerSocketChannel
2024-08-23 17:40:30,883 [main] INFO  replication.ReplicationSupervisor (ReplicationSupervisor.java:build(157)) - Initializing replication supervisor with thread count = 10
2024-08-23 17:40:30,883 [main] INFO  replication.ReplicationSupervisor (ReplicationSupervisor.java:nodeStateUpdated(312)) - Node state updated to IN_SERVICE, scaling executor pool size to 10
2024-08-23 17:40:30,892 [main] INFO  http.BaseHttpServer (BaseHttpServer.java:newHttpServer2BuilderForOzone(223)) - Starting Web-server for hddsDatanode at: http://0.0.0.0:15077
2024-08-23 17:40:30,892 [main] INFO  http.BaseHttpServer (BaseHttpServer.java:<init>(110)) - Hadoop Security Enabled: false Ozone Security Enabled: false Ozone HTTP Security Enabled: false 
2024-08-23 17:40:30,893 [main] WARN  server.AuthenticationFilter (AuthenticationFilter.java:constructSecretProvider(240)) - Unable to initialize FileSignerSecretProvider, falling back to use random secrets. Reason: Could not read signature secret file: /home/runner/hadoop-http-auth-signature-secret
2024-08-23 17:40:30,898 [main] INFO  http.HttpRequestLog (HttpRequestLog.java:getRequestLog(86)) - Http request log for http.requests.hddsDatanode is not defined
2024-08-23 17:40:30,899 [main] INFO  http.HttpServer2 (HttpServer2.java:addGlobalFilter(1035)) - Added global filter 'safety' (class=org.apache.hadoop.hdds.server.http.HttpServer2$QuotingInputFilter)
2024-08-23 17:40:30,900 [main] INFO  http.HttpServer2 (HttpServer2.java:addFilter(1011)) - Added filter static_user_filter (class=org.apache.hadoop.http.lib.StaticUserWebFilter$StaticUserFilter) to context hddsDatanode
2024-08-23 17:40:30,900 [main] INFO  http.HttpServer2 (HttpServer2.java:addFilter(1019)) - Added filter static_user_filter (class=org.apache.hadoop.http.lib.StaticUserWebFilter$StaticUserFilter) to context static
2024-08-23 17:40:30,900 [main] INFO  http.HttpServer2 (HttpServer2.java:addFilter(1019)) - Added filter static_user_filter (class=org.apache.hadoop.http.lib.StaticUserWebFilter$StaticUserFilter) to context logs
2024-08-23 17:40:30,901 [main] INFO  http.BaseHttpServer (BaseHttpServer.java:<init>(189)) - HTTP server of hddsDatanode uses base directory /home/runner/work/ozone/ozone/hadoop-ozone/integration-test/target/test-dir/MiniOzoneClusterImpl-79f21b30-aaf8-43fb-84ca-e7a29640eabd/ozone-meta/datanode-2/meta/webserver
2024-08-23 17:40:30,901 [main] INFO  http.HttpServer2 (HttpServer2.java:bindListener(1235)) - Jetty bound to port 15077
2024-08-23 17:40:30,901 [main] INFO  server.Server (Server.java:doStart(375)) - jetty-9.4.55.v20240627; built: 2024-06-27T15:05:37.765Z; git: 70015831e5195ba74da6383c4ab7c90c56bb08af; jvm 17.0.12+7
2024-08-23 17:40:30,918 [main] INFO  server.session (DefaultSessionIdManager.java:doStart(334)) - DefaultSessionIdManager workerName=node0
2024-08-23 17:40:30,919 [main] INFO  server.session (DefaultSessionIdManager.java:doStart(339)) - No SessionScavenger set, using defaults
2024-08-23 17:40:30,919 [main] INFO  server.session (HouseKeeper.java:startScavenging(132)) - node0 Scavenging every 600000ms
2024-08-23 17:40:30,919 [main] INFO  handler.ContextHandler (ContextHandler.java:doStart(921)) - Started o.e.j.s.ServletContextHandler@77c9db55{logs,/logs,file:///home/runner/work/ozone/ozone/hadoop-ozone/integration-test/target/log,AVAILABLE}
2024-08-23 17:40:30,920 [main] INFO  handler.ContextHandler (ContextHandler.java:doStart(921)) - Started o.e.j.s.ServletContextHandler@45f675a4{static,/static,jar:file:/home/runner/work/ozone/ozone/hadoop-hdds/container-service/target/hdds-container-service-1.5.0-SNAPSHOT.jar!/webapps/static,AVAILABLE}
2024-08-23 17:40:31,117 [main] INFO  handler.ContextHandler (ContextHandler.java:doStart(921)) - Started o.e.j.w.WebAppContext@4974318d{hddsDatanode,/,file:///home/runner/work/ozone/ozone/hadoop-ozone/integration-test/target/test-dir/MiniOzoneClusterImpl-79f21b30-aaf8-43fb-84ca-e7a29640eabd/ozone-meta/datanode-2/meta/webserver/jetty-0_0_0_0-15077-hdds-container-service-1_5_0-SNAPSHOT_jar-_-any-579539598420941382/webapp/,AVAILABLE}{jar:file:/home/runner/work/ozone/ozone/hadoop-hdds/container-service/target/hdds-container-service-1.5.0-SNAPSHOT.jar!/webapps/hddsDatanode}
2024-08-23 17:40:31,118 [main] INFO  server.AbstractConnector (AbstractConnector.java:doStart(333)) - Started ServerConnector@3766b982{HTTP/1.1, (http/1.1)}{0.0.0.0:15077}
2024-08-23 17:40:31,118 [main] INFO  server.Server (Server.java:doStart(415)) - Started @55101ms
2024-08-23 17:40:31,118 [main] WARN  impl.MetricsSystemImpl (MetricsSystemImpl.java:register(279)) - Sink prometheus already exists!
2024-08-23 17:40:31,119 [main] INFO  http.BaseHttpServer (BaseHttpServer.java:updateConnectorAddress(354)) - HTTP server of hddsDatanode listening at http://0.0.0.0:15077
2024-08-23 17:40:31,119 [main] INFO  ipc.CallQueueManager (CallQueueManager.java:<init>(90)) - Using callQueue: class java.util.concurrent.LinkedBlockingQueue, queueCapacity: 1000, scheduler: class org.apache.hadoop.ipc.DefaultRpcScheduler, ipcBackoff: false.
2024-08-23 17:40:31,119 [main] INFO  ipc.Server (Server.java:<init>(1287)) - Listener at 0.0.0.0:15078
2024-08-23 17:40:31,120 [Socket Reader #1 for port 15078] INFO  ipc.Server (Server.java:run(1323)) - Starting Socket Reader #1 for port 15078
2024-08-23 17:40:31,120 [Socket Reader #3 for port 15078] INFO  ipc.Server (Server.java:run(1323)) - Starting Socket Reader #3 for port 15078
2024-08-23 17:40:31,120 [Socket Reader #2 for port 15078] INFO  ipc.Server (Server.java:run(1323)) - Starting Socket Reader #2 for port 15078
2024-08-23 17:40:31,120 [Socket Reader #4 for port 15078] INFO  ipc.Server (Server.java:run(1323)) - Starting Socket Reader #4 for port 15078
2024-08-23 17:40:31,121 [Socket Reader #5 for port 15078] INFO  ipc.Server (Server.java:run(1323)) - Starting Socket Reader #5 for port 15078
2024-08-23 17:40:31,122 [Socket Reader #6 for port 15078] INFO  ipc.Server (Server.java:run(1323)) - Starting Socket Reader #6 for port 15078
2024-08-23 17:40:31,123 [Socket Reader #7 for port 15078] INFO  ipc.Server (Server.java:run(1323)) - Starting Socket Reader #7 for port 15078
2024-08-23 17:40:31,130 [Socket Reader #9 for port 15078] INFO  ipc.Server (Server.java:run(1323)) - Starting Socket Reader #9 for port 15078
2024-08-23 17:40:31,131 [Socket Reader #10 for port 15078] INFO  ipc.Server (Server.java:run(1323)) - Starting Socket Reader #10 for port 15078
2024-08-23 17:40:31,134 [main] INFO  ozone.HddsDatanodeService (HddsDatanodeService.java:start(319)) - Datanode start with admins: [runner]
2024-08-23 17:40:31,134 [main] INFO  ozone.HddsDatanodeClientProtocolServer (HddsDatanodeClientProtocolServer.java:start(79)) - RPC server for Client /0.0.0.0:15078
2024-08-23 17:40:31,135 [IPC Server Responder] INFO  ipc.Server (Server.java:run(1562)) - IPC Server Responder: starting
2024-08-23 17:40:31,138 [Socket Reader #8 for port 15078] INFO  ipc.Server (Server.java:run(1323)) - Starting Socket Reader #8 for port 15078
2024-08-23 17:40:31,139 [IPC Server listener on 15078] INFO  ipc.Server (Server.java:run(1402)) - IPC Server listener on 15078: starting
2024-08-23 17:40:31,142 [main] WARN  dropwizard3.Dm3MetricRegistriesImpl (Dm3MetricRegistriesImpl.java:addReporterRegistration(114)) - New reporters are added after registries were created. Some metrics will be missing from the reporter. Please add reporter before adding any new registry.
2024-08-23 17:40:31,143 [main] WARN  dropwizard3.Dm3MetricRegistriesImpl (Dm3MetricRegistriesImpl.java:addReporterRegistration(114)) - New reporters are added after registries were created. Some metrics will be missing from the reporter. Please add reporter before adding any new registry.
2024-08-23 17:40:31,143 [main] INFO  impl.MetricsSystemImpl (MetricsSystemImpl.java:init(158)) - HddsDatanode metrics system started (again)
2024-08-23 17:40:31,155 [main] INFO  ozone.HddsDatanodeService (HddsDatanodeService.java:start(235)) - HddsDatanodeService host:fv-az848-402 ip:10.1.0.41
2024-08-23 17:40:31,156 [97398481-acd0-44c3-9c1f-2d1228ad6123-DatanodeStateMachineDaemonThread] INFO  statemachine.DatanodeStateMachine (DatanodeStateMachine.java:startStateMachineThread(338)) - Ozone container server started.
2024-08-23 17:40:31,157 [97398481-acd0-44c3-9c1f-2d1228ad6123-DatanodeStateMachineTaskThread-0] INFO  ha.SCMNodeInfo (SCMNodeInfo.java:getPort(197)) - ConfigKey ozone.scm.client.address is deprecated, For configuring different ports for each SCM use PortConfigKey ozone.scm.client.port appended with serviceId and nodeId
2024-08-23 17:40:31,157 [97398481-acd0-44c3-9c1f-2d1228ad6123-DatanodeStateMachineTaskThread-0] INFO  ha.SCMNodeInfo (SCMNodeInfo.java:getPort(197)) - ConfigKey ozone.scm.block.client.address is deprecated, For configuring different ports for each SCM use PortConfigKey ozone.scm.block.client.port appended with serviceId and nodeId
2024-08-23 17:40:31,157 [97398481-acd0-44c3-9c1f-2d1228ad6123-DatanodeStateMachineTaskThread-0] INFO  ha.SCMNodeInfo (SCMNodeInfo.java:getPort(197)) - ConfigKey ozone.scm.security.service.address is deprecated, For configuring different ports for each SCM use PortConfigKey ozone.scm.security.service.port appended with serviceId and nodeId
2024-08-23 17:40:31,157 [97398481-acd0-44c3-9c1f-2d1228ad6123-DatanodeStateMachineTaskThread-0] INFO  ha.SCMNodeInfo (SCMNodeInfo.java:getPort(197)) - ConfigKey ozone.scm.datanode.address is deprecated, For configuring different ports for each SCM use PortConfigKey ozone.scm.datanode.port appended with serviceId and nodeId
2024-08-23 17:40:31,157 [main] INFO  upgrade.AbstractLayoutVersionManager (AbstractLayoutVersionManager.java:init(83)) - Initializing Layout version manager with metadata layout = HBASE_SUPPORT (version = 8), software layout = HBASE_SUPPORT (version = 8)
2024-08-23 17:40:31,158 [main] INFO  ha.SCMNodeInfo (SCMNodeInfo.java:getPort(197)) - ConfigKey ozone.scm.client.address is deprecated, For configuring different ports for each SCM use PortConfigKey ozone.scm.client.port appended with serviceId and nodeId
2024-08-23 17:40:31,158 [main] INFO  ha.SCMNodeInfo (SCMNodeInfo.java:getPort(197)) - ConfigKey ozone.scm.block.client.address is deprecated, For configuring different ports for each SCM use PortConfigKey ozone.scm.block.client.port appended with serviceId and nodeId
2024-08-23 17:40:31,158 [main] INFO  ha.SCMNodeInfo (SCMNodeInfo.java:getPort(197)) - ConfigKey ozone.scm.security.service.address is deprecated, For configuring different ports for each SCM use PortConfigKey ozone.scm.security.service.port appended with serviceId and nodeId
2024-08-23 17:40:31,158 [main] INFO  ha.SCMNodeInfo (SCMNodeInfo.java:getPort(197)) - ConfigKey ozone.scm.datanode.address is deprecated, For configuring different ports for each SCM use PortConfigKey ozone.scm.datanode.port appended with serviceId and nodeId
2024-08-23 17:40:31,158 [main] INFO  statemachine.DatanodeStateMachine (DatanodeStateMachine.java:getEndPointTaskThreadPoolSize(295)) - Datanode State Machine Task Thread Pool size 2
2024-08-23 17:40:31,160 [main] INFO  volume.HddsVolume (HddsVolume.java:<init>(127)) - Creating HddsVolume: /home/runner/work/ozone/ozone/hadoop-ozone/integration-test/target/test-dir/MiniOzoneClusterImpl-79f21b30-aaf8-43fb-84ca-e7a29640eabd/ozone-meta/datanode-3/data-0/hdds of storage type : DISK capacity : 9222449699674390527
2024-08-23 17:40:31,160 [main] INFO  volume.MutableVolumeSet (MutableVolumeSet.java:initializeVolumeSet(173)) - Added Volume : /home/runner/work/ozone/ozone/hadoop-ozone/integration-test/target/test-dir/MiniOzoneClusterImpl-79f21b30-aaf8-43fb-84ca-e7a29640eabd/ozone-meta/datanode-3/data-0/hdds to VolumeSet
2024-08-23 17:40:31,161 [main] INFO  volume.MutableVolumeSet (MutableVolumeSet.java:initializeVolumeSet(173)) - Added Volume : /home/runner/work/ozone/ozone/hadoop-ozone/integration-test/target/test-dir/MiniOzoneClusterImpl-79f21b30-aaf8-43fb-84ca-e7a29640eabd/ozone-meta/datanode-3/ratis to VolumeSet
2024-08-23 17:40:31,162 [main] INFO  ozoneimpl.OzoneContainer (HddsVolumeUtil.java:loadAllHddsVolumeDbStore(103)) - Load 1 volumes DbStore cost: 0ms
2024-08-23 17:40:31,163 [main] INFO  server.RaftServerConfigKeys (ConfUtils.java:logGet(46)) - raft.server.log.appender.buffer.byte-limit = 8388608 (custom)
2024-08-23 17:40:31,164 [97398481-acd0-44c3-9c1f-2d1228ad6123-DatanodeStateMachineTaskThread-0] INFO  datanode.InitDatanodeState (InitDatanodeState.java:persistContainerDatanodeDetails(139)) - DatanodeDetails is persisted to /home/runner/work/ozone/ozone/hadoop-ozone/integration-test/target/test-dir/MiniOzoneClusterImpl-79f21b30-aaf8-43fb-84ca-e7a29640eabd/ozone-meta/datanode-2/meta/datanode.id
2024-08-23 17:40:31,165 [main] INFO  server.RaftServer (ConfUtils.java:logGet(46)) - raft.rpc.type = GRPC (default)
2024-08-23 17:40:31,165 [main] INFO  grpc.GrpcConfigKeys (ConfUtils.java:logFallback(53)) - raft.grpc.admin.host = null (fallback to raft.grpc.server.host)
2024-08-23 17:40:31,165 [main] INFO  grpc.GrpcConfigKeys (ConfUtils.java:logGet(46)) - raft.grpc.admin.port = 15089 (custom)
2024-08-23 17:40:31,165 [main] INFO  grpc.GrpcConfigKeys (ConfUtils.java:logFallback(53)) - raft.grpc.client.host = null (fallback to raft.grpc.server.host)
2024-08-23 17:40:31,166 [main] INFO  grpc.GrpcConfigKeys (ConfUtils.java:logGet(46)) - raft.grpc.client.port = 15089 (custom)
2024-08-23 17:40:31,166 [main] INFO  grpc.GrpcConfigKeys (ConfUtils.java:logGet(46)) - raft.grpc.server.host = null (default)
2024-08-23 17:40:31,166 [main] INFO  grpc.GrpcConfigKeys (ConfUtils.java:logGet(46)) - raft.grpc.server.port = 15089 (custom)
2024-08-23 17:40:31,166 [main] INFO  server.GrpcService (ConfUtils.java:logGet(46)) - raft.grpc.message.size.max = 32MB (=33554432) (custom)
2024-08-23 17:40:31,166 [main] INFO  server.RaftServerConfigKeys (ConfUtils.java:logGet(46)) - raft.server.log.appender.buffer.byte-limit = 8388608 (custom)
2024-08-23 17:40:31,166 [main] INFO  server.GrpcService (ConfUtils.java:logGet(46)) - raft.grpc.flow.control.window = 5MB (=5242880) (custom)
2024-08-23 17:40:31,166 [main] INFO  server.RaftServerConfigKeys (ConfUtils.java:logGet(46)) - raft.server.rpc.request.timeout = 60s (custom)
2024-08-23 17:40:31,166 [main] INFO  grpc.GrpcConfigKeys (ConfUtils.java:logGet(46)) - raft.grpc.server.heartbeat.channel = true (default)
2024-08-23 17:40:31,166 [main] INFO  grpc.GrpcConfigKeys (ConfUtils.java:logGet(46)) - raft.grpc.server.async.request.thread.pool.cached = true (default)
2024-08-23 17:40:31,166 [main] INFO  grpc.GrpcConfigKeys (ConfUtils.java:logGet(46)) - raft.grpc.server.async.request.thread.pool.size = 32 (default)
2024-08-23 17:40:31,167 [main] INFO  impl.DataStreamServerImpl (ConfUtils.java:logGet(46)) - raft.datastream.type = NETTY (custom)
2024-08-23 17:40:31,168 [main] INFO  server.RaftServerConfigKeys (ConfUtils.java:logGet(46)) - raft.server.data-stream.async.request.thread.pool.cached = false (default)
2024-08-23 17:40:31,168 [main] INFO  server.RaftServerConfigKeys (ConfUtils.java:logGet(46)) - raft.server.data-stream.async.request.thread.pool.size = 20 (custom)
2024-08-23 17:40:31,168 [main] INFO  server.RaftServerConfigKeys (ConfUtils.java:logGet(46)) - raft.server.data-stream.async.write.thread.pool.size = 16 (default)
2024-08-23 17:40:31,168 [main] INFO  netty.NettyConfigKeys$DataStream (ConfUtils.java:logGet(46)) - raft.netty.dataStream.server.channel.inactive.grace-period = 10min (default)
2024-08-23 17:40:31,168 [main] INFO  server.RaftServerConfigKeys (ConfUtils.java:logGet(46)) - raft.server.data-stream.client.pool.size = 10 (default)
2024-08-23 17:40:31,168 [main] INFO  netty.NettyConfigKeys$DataStream (ConfUtils.java:logGet(46)) - raft.netty.dataStream.server.use-epoll = true (default)
2024-08-23 17:40:31,168 [main] INFO  netty.NettyConfigKeys$DataStream (ConfUtils.java:logGet(46)) - raft.netty.dataStream.server.boss-group.size = 0 (default)
2024-08-23 17:40:31,168 [main] INFO  netty.NettyUtils (NettyUtils.java:newEventLoopGroup(74)) - Create EpollEventLoopGroup for 4c92e27b-ecd4-4d14-ba24-c9bbe0da28ff-NettyServerStreamRpc-bossGroup; Thread size is 0.
2024-08-23 17:40:31,169 [main] INFO  netty.NettyConfigKeys$DataStream (ConfUtils.java:logGet(46)) - raft.netty.dataStream.server.worker-group.size = 0 (default)
2024-08-23 17:40:31,169 [main] INFO  netty.NettyUtils (NettyUtils.java:newEventLoopGroup(74)) - Create EpollEventLoopGroup for 4c92e27b-ecd4-4d14-ba24-c9bbe0da28ff-NettyServerStreamRpc-workerGroup; Thread size is 0.
2024-08-23 17:40:31,169 [main] INFO  netty.NettyConfigKeys$DataStream (ConfUtils.java:logGet(46)) - raft.netty.dataStream.server.tls.conf = null (default)
2024-08-23 17:40:31,170 [main] INFO  netty.NettyConfigKeys$DataStream (ConfUtils.java:logGet(46)) - raft.netty.dataStream.host = null (default)
2024-08-23 17:40:31,170 [main] INFO  netty.NettyConfigKeys$DataStream (ConfUtils.java:logGet(46)) - raft.netty.dataStream.port = 15092 (custom)
2024-08-23 17:40:31,170 [main] INFO  server.RaftServerConfigKeys (ConfUtils.java:logGet(46)) - raft.server.sleep.deviation.threshold = 300ms (default)
2024-08-23 17:40:31,170 [main] INFO  server.RaftServerConfigKeys (ConfUtils.java:logGet(46)) - raft.server.close.threshold = 60s (default)
2024-08-23 17:40:31,170 [main] INFO  server.RaftServerConfigKeys (ConfUtils.java:logGet(46)) - raft.server.leaderelection.leader.step-down.wait-time = 10s (default)
2024-08-23 17:40:31,170 [4c92e27b-ecd4-4d14-ba24-c9bbe0da28ff-NettyServerStreamRpc-bossGroup--thread1] INFO  logging.LoggingHandler (AbstractInternalLogger.java:log(148)) - [id: 0x5431e9e0] REGISTERED
2024-08-23 17:40:31,170 [main] INFO  server.RaftServerConfigKeys (ConfUtils.java:logGet(46)) - raft.server.storage.dir = [/home/runner/work/ozone/ozone/hadoop-ozone/integration-test/target/test-dir/MiniOzoneClusterImpl-79f21b30-aaf8-43fb-84ca-e7a29640eabd/ozone-meta/datanode-3/ratis] (custom)
2024-08-23 17:40:31,171 [main] INFO  server.RaftServerConfigKeys (ConfUtils.java:logGet(46)) - raft.server.threadpool.proxy.cached = true (default)
2024-08-23 17:40:31,171 [main] INFO  server.RaftServerConfigKeys (ConfUtils.java:logGet(46)) - raft.server.threadpool.proxy.size = 0 (default)
2024-08-23 17:40:31,171 [4c92e27b-ecd4-4d14-ba24-c9bbe0da28ff-NettyServerStreamRpc-bossGroup--thread1] INFO  logging.LoggingHandler (AbstractInternalLogger.java:log(148)) - [id: 0x5431e9e0] BIND: 0.0.0.0/0.0.0.0:15092
2024-08-23 17:40:31,171 [4c92e27b-ecd4-4d14-ba24-c9bbe0da28ff-NettyServerStreamRpc-bossGroup--thread1] INFO  logging.LoggingHandler (AbstractInternalLogger.java:log(148)) - [id: 0x5431e9e0, L:/0.0.0.0:15092] ACTIVE
2024-08-23 17:40:31,171 [4c92e27b-ecd4-4d14-ba24-c9bbe0da28ff-impl-thread1] INFO  server.RaftServer (RaftServerProxy.java:initGroupDir(266)) - 4c92e27b-ecd4-4d14-ba24-c9bbe0da28ff: found a subdirectory /home/runner/work/ozone/ozone/hadoop-ozone/integration-test/target/test-dir/MiniOzoneClusterImpl-79f21b30-aaf8-43fb-84ca-e7a29640eabd/ozone-meta/datanode-3/ratis/tmp
2024-08-23 17:40:31,171 [4c92e27b-ecd4-4d14-ba24-c9bbe0da28ff-impl-thread1] INFO  server.RaftServer (RaftServerProxy.java:initGroupDir(271)) - 4c92e27b-ecd4-4d14-ba24-c9bbe0da28ff: The directory /home/runner/work/ozone/ozone/hadoop-ozone/integration-test/target/test-dir/MiniOzoneClusterImpl-79f21b30-aaf8-43fb-84ca-e7a29640eabd/ozone-meta/datanode-3/ratis/tmp is not a group directory; ignoring it. 
2024-08-23 17:40:31,171 [main] INFO  replication.ReplicationServer (ReplicationServer.java:<init>(86)) - Initializing replication server with thread count = 10 queue length = 4096
2024-08-23 17:40:31,172 [main] INFO  server.XceiverServerGrpc (XceiverServerGrpc.java:<init>(141)) - GrpcServer channel type EpollServerSocketChannel
2024-08-23 17:40:31,174 [main] INFO  replication.ReplicationSupervisor (ReplicationSupervisor.java:build(157)) - Initializing replication supervisor with thread count = 10
2024-08-23 17:40:31,174 [main] INFO  replication.ReplicationSupervisor (ReplicationSupervisor.java:nodeStateUpdated(312)) - Node state updated to IN_SERVICE, scaling executor pool size to 10
2024-08-23 17:40:31,178 [main] INFO  http.BaseHttpServer (BaseHttpServer.java:newHttpServer2BuilderForOzone(223)) - Starting Web-server for hddsDatanode at: http://0.0.0.0:15086
2024-08-23 17:40:31,178 [main] INFO  http.BaseHttpServer (BaseHttpServer.java:<init>(110)) - Hadoop Security Enabled: false Ozone Security Enabled: false Ozone HTTP Security Enabled: false 
2024-08-23 17:40:31,180 [main] WARN  server.AuthenticationFilter (AuthenticationFilter.java:constructSecretProvider(240)) - Unable to initialize FileSignerSecretProvider, falling back to use random secrets. Reason: Could not read signature secret file: /home/runner/hadoop-http-auth-signature-secret
2024-08-23 17:40:31,186 [main] INFO  http.HttpRequestLog (HttpRequestLog.java:getRequestLog(86)) - Http request log for http.requests.hddsDatanode is not defined
2024-08-23 17:40:31,188 [main] INFO  http.HttpServer2 (HttpServer2.java:addGlobalFilter(1035)) - Added global filter 'safety' (class=org.apache.hadoop.hdds.server.http.HttpServer2$QuotingInputFilter)
2024-08-23 17:40:31,188 [main] INFO  http.HttpServer2 (HttpServer2.java:addFilter(1011)) - Added filter static_user_filter (class=org.apache.hadoop.http.lib.StaticUserWebFilter$StaticUserFilter) to context hddsDatanode
2024-08-23 17:40:31,188 [main] INFO  http.HttpServer2 (HttpServer2.java:addFilter(1019)) - Added filter static_user_filter (class=org.apache.hadoop.http.lib.StaticUserWebFilter$StaticUserFilter) to context logs
2024-08-23 17:40:31,188 [main] INFO  http.HttpServer2 (HttpServer2.java:addFilter(1019)) - Added filter static_user_filter (class=org.apache.hadoop.http.lib.StaticUserWebFilter$StaticUserFilter) to context static
2024-08-23 17:40:31,189 [main] INFO  http.BaseHttpServer (BaseHttpServer.java:<init>(189)) - HTTP server of hddsDatanode uses base directory /home/runner/work/ozone/ozone/hadoop-ozone/integration-test/target/test-dir/MiniOzoneClusterImpl-79f21b30-aaf8-43fb-84ca-e7a29640eabd/ozone-meta/datanode-3/meta/webserver
2024-08-23 17:40:31,189 [main] INFO  http.HttpServer2 (HttpServer2.java:bindListener(1235)) - Jetty bound to port 15086
2024-08-23 17:40:31,189 [main] INFO  server.Server (Server.java:doStart(375)) - jetty-9.4.55.v20240627; built: 2024-06-27T15:05:37.765Z; git: 70015831e5195ba74da6383c4ab7c90c56bb08af; jvm 17.0.12+7
2024-08-23 17:40:31,192 [main] INFO  server.session (DefaultSessionIdManager.java:doStart(334)) - DefaultSessionIdManager workerName=node0
2024-08-23 17:40:31,193 [main] INFO  server.session (DefaultSessionIdManager.java:doStart(339)) - No SessionScavenger set, using defaults
2024-08-23 17:40:31,193 [main] INFO  server.session (HouseKeeper.java:startScavenging(132)) - node0 Scavenging every 600000ms
2024-08-23 17:40:31,193 [main] INFO  handler.ContextHandler (ContextHandler.java:doStart(921)) - Started o.e.j.s.ServletContextHandler@2d296418{logs,/logs,file:///home/runner/work/ozone/ozone/hadoop-ozone/integration-test/target/log,AVAILABLE}
2024-08-23 17:40:31,194 [main] INFO  handler.ContextHandler (ContextHandler.java:doStart(921)) - Started o.e.j.s.ServletContextHandler@443253eb{static,/static,jar:file:/home/runner/work/ozone/ozone/hadoop-hdds/container-service/target/hdds-container-service-1.5.0-SNAPSHOT.jar!/webapps/static,AVAILABLE}
2024-08-23 17:40:31,388 [main] INFO  handler.ContextHandler (ContextHandler.java:doStart(921)) - Started o.e.j.w.WebAppContext@6751f450{hddsDatanode,/,file:///home/runner/work/ozone/ozone/hadoop-ozone/integration-test/target/test-dir/MiniOzoneClusterImpl-79f21b30-aaf8-43fb-84ca-e7a29640eabd/ozone-meta/datanode-3/meta/webserver/jetty-0_0_0_0-15086-hdds-container-service-1_5_0-SNAPSHOT_jar-_-any-15384987972841319799/webapp/,AVAILABLE}{jar:file:/home/runner/work/ozone/ozone/hadoop-hdds/container-service/target/hdds-container-service-1.5.0-SNAPSHOT.jar!/webapps/hddsDatanode}
2024-08-23 17:40:31,389 [main] INFO  server.AbstractConnector (AbstractConnector.java:doStart(333)) - Started ServerConnector@44c93acc{HTTP/1.1, (http/1.1)}{0.0.0.0:15086}
2024-08-23 17:40:31,389 [main] INFO  server.Server (Server.java:doStart(415)) - Started @55373ms
2024-08-23 17:40:31,389 [main] WARN  impl.MetricsSystemImpl (MetricsSystemImpl.java:register(279)) - Sink prometheus already exists!
2024-08-23 17:40:31,390 [main] INFO  http.BaseHttpServer (BaseHttpServer.java:updateConnectorAddress(354)) - HTTP server of hddsDatanode listening at http://0.0.0.0:15086
2024-08-23 17:40:31,390 [main] INFO  ipc.CallQueueManager (CallQueueManager.java:<init>(90)) - Using callQueue: class java.util.concurrent.LinkedBlockingQueue, queueCapacity: 1000, scheduler: class org.apache.hadoop.ipc.DefaultRpcScheduler, ipcBackoff: false.
2024-08-23 17:40:31,390 [main] INFO  ipc.Server (Server.java:<init>(1287)) - Listener at 0.0.0.0:15087
2024-08-23 17:40:31,391 [Socket Reader #1 for port 15087] INFO  ipc.Server (Server.java:run(1323)) - Starting Socket Reader #1 for port 15087
2024-08-23 17:40:31,391 [Socket Reader #2 for port 15087] INFO  ipc.Server (Server.java:run(1323)) - Starting Socket Reader #2 for port 15087
2024-08-23 17:40:31,391 [Socket Reader #3 for port 15087] INFO  ipc.Server (Server.java:run(1323)) - Starting Socket Reader #3 for port 15087
2024-08-23 17:40:31,392 [Socket Reader #4 for port 15087] INFO  ipc.Server (Server.java:run(1323)) - Starting Socket Reader #4 for port 15087
2024-08-23 17:40:31,392 [Socket Reader #5 for port 15087] INFO  ipc.Server (Server.java:run(1323)) - Starting Socket Reader #5 for port 15087
2024-08-23 17:40:31,392 [Socket Reader #6 for port 15087] INFO  ipc.Server (Server.java:run(1323)) - Starting Socket Reader #6 for port 15087
2024-08-23 17:40:31,392 [Socket Reader #7 for port 15087] INFO  ipc.Server (Server.java:run(1323)) - Starting Socket Reader #7 for port 15087
2024-08-23 17:40:31,392 [Socket Reader #8 for port 15087] INFO  ipc.Server (Server.java:run(1323)) - Starting Socket Reader #8 for port 15087
2024-08-23 17:40:31,393 [Socket Reader #9 for port 15087] INFO  ipc.Server (Server.java:run(1323)) - Starting Socket Reader #9 for port 15087
2024-08-23 17:40:31,393 [Socket Reader #10 for port 15087] INFO  ipc.Server (Server.java:run(1323)) - Starting Socket Reader #10 for port 15087
2024-08-23 17:40:31,394 [main] INFO  ozone.HddsDatanodeService (HddsDatanodeService.java:start(319)) - Datanode start with admins: [runner]
2024-08-23 17:40:31,394 [main] INFO  ozone.HddsDatanodeClientProtocolServer (HddsDatanodeClientProtocolServer.java:start(79)) - RPC server for Client /0.0.0.0:15087
2024-08-23 17:40:31,395 [IPC Server Responder] INFO  ipc.Server (Server.java:run(1562)) - IPC Server Responder: starting
2024-08-23 17:40:31,395 [IPC Server listener on 15087] INFO  ipc.Server (Server.java:run(1402)) - IPC Server listener on 15087: starting
2024-08-23 17:40:31,397 [main] INFO  ozone.MiniOzoneClusterImpl (MiniOzoneClusterImpl.java:lambda$waitForClusterToBeReady$0(198)) - Waiting for nodes to be ready. Got 0 of 3 DN Heartbeats.
2024-08-23 17:40:31,397 [main] INFO  ozone.MiniOzoneClusterImpl (MiniOzoneClusterImpl.java:lambda$waitForClusterToBeReady$0(201)) - Waiting for cluster to exit safe mode
2024-08-23 17:40:31,397 [main] INFO  ozone.MiniOzoneClusterImpl (MiniOzoneClusterImpl.java:lambda$waitForClusterToBeReady$0(203)) - SCM became leader
2024-08-23 17:40:31,397 [4c92e27b-ecd4-4d14-ba24-c9bbe0da28ff-DatanodeStateMachineDaemonThread] INFO  statemachine.DatanodeStateMachine (DatanodeStateMachine.java:startStateMachineThread(338)) - Ozone container server started.
2024-08-23 17:40:31,398 [4c92e27b-ecd4-4d14-ba24-c9bbe0da28ff-DatanodeStateMachineTaskThread-0] INFO  ha.SCMNodeInfo (SCMNodeInfo.java:getPort(197)) - ConfigKey ozone.scm.client.address is deprecated, For configuring different ports for each SCM use PortConfigKey ozone.scm.client.port appended with serviceId and nodeId
2024-08-23 17:40:31,398 [4c92e27b-ecd4-4d14-ba24-c9bbe0da28ff-DatanodeStateMachineTaskThread-0] INFO  ha.SCMNodeInfo (SCMNodeInfo.java:getPort(197)) - ConfigKey ozone.scm.block.client.address is deprecated, For configuring different ports for each SCM use PortConfigKey ozone.scm.block.client.port appended with serviceId and nodeId
2024-08-23 17:40:31,398 [4c92e27b-ecd4-4d14-ba24-c9bbe0da28ff-DatanodeStateMachineTaskThread-0] INFO  ha.SCMNodeInfo (SCMNodeInfo.java:getPort(197)) - ConfigKey ozone.scm.security.service.address is deprecated, For configuring different ports for each SCM use PortConfigKey ozone.scm.security.service.port appended with serviceId and nodeId
2024-08-23 17:40:31,398 [4c92e27b-ecd4-4d14-ba24-c9bbe0da28ff-DatanodeStateMachineTaskThread-0] INFO  ha.SCMNodeInfo (SCMNodeInfo.java:getPort(197)) - ConfigKey ozone.scm.datanode.address is deprecated, For configuring different ports for each SCM use PortConfigKey ozone.scm.datanode.port appended with serviceId and nodeId
2024-08-23 17:40:31,400 [4c92e27b-ecd4-4d14-ba24-c9bbe0da28ff-DatanodeStateMachineTaskThread-0] INFO  datanode.InitDatanodeState (InitDatanodeState.java:persistContainerDatanodeDetails(139)) - DatanodeDetails is persisted to /home/runner/work/ozone/ozone/hadoop-ozone/integration-test/target/test-dir/MiniOzoneClusterImpl-79f21b30-aaf8-43fb-84ca-e7a29640eabd/ozone-meta/datanode-3/meta/datanode.id
2024-08-23 17:40:31,724 [omNode-1@group-0AAC5367B30E-FollowerState] INFO  impl.FollowerState (FollowerState.java:run(144)) - omNode-1@group-0AAC5367B30E-FollowerState: change to CANDIDATE, lastRpcElapsedTime:1182623977ns, electionTimeout:1182ms
2024-08-23 17:40:31,724 [omNode-1@group-0AAC5367B30E-FollowerState] INFO  impl.RoleInfo (RoleInfo.java:shutdownFollowerState(119)) - omNode-1: shutdown omNode-1@group-0AAC5367B30E-FollowerState
2024-08-23 17:40:31,725 [omNode-1@group-0AAC5367B30E-FollowerState] INFO  server.RaftServer$Division (RaftServerImpl.java:setRole(376)) - omNode-1@group-0AAC5367B30E: changes role from  FOLLOWER to CANDIDATE at term 0 for changeToCandidate
2024-08-23 17:40:31,725 [omNode-1@group-0AAC5367B30E-FollowerState] INFO  server.RaftServerConfigKeys (ConfUtils.java:logGet(46)) - raft.server.leaderelection.pre-vote = true (default)
2024-08-23 17:40:31,725 [omNode-1@group-0AAC5367B30E-FollowerState] INFO  impl.RoleInfo (RoleInfo.java:updateAndGet(148)) - omNode-1: start omNode-1@group-0AAC5367B30E-LeaderElection12
2024-08-23 17:40:31,725 [omNode-1@group-0AAC5367B30E-LeaderElection12] INFO  impl.LeaderElection (LeaderElection.java:askForVotes(321)) - omNode-1@group-0AAC5367B30E-LeaderElection12 PRE_VOTE round 0: submit vote requests at term 0 for conf: {index: -1, cur=peers:[omNode-1|localhost:15066]|listeners:[], old=null}
2024-08-23 17:40:31,725 [omNode-1@group-0AAC5367B30E-LeaderElection12] INFO  impl.LeaderElection (LeaderElection.java:askForVotes(323)) - omNode-1@group-0AAC5367B30E-LeaderElection12 PRE_VOTE round 0: result PASSED (term=0)
2024-08-23 17:40:31,727 [omNode-1@group-0AAC5367B30E-LeaderElection12] INFO  impl.LeaderElection (LeaderElection.java:askForVotes(321)) - omNode-1@group-0AAC5367B30E-LeaderElection12 ELECTION round 0: submit vote requests at term 1 for conf: {index: -1, cur=peers:[omNode-1|localhost:15066]|listeners:[], old=null}
2024-08-23 17:40:31,727 [omNode-1@group-0AAC5367B30E-LeaderElection12] INFO  impl.LeaderElection (LeaderElection.java:askForVotes(323)) - omNode-1@group-0AAC5367B30E-LeaderElection12 ELECTION round 0: result PASSED (term=1)
2024-08-23 17:40:31,727 [omNode-1@group-0AAC5367B30E-LeaderElection12] INFO  impl.RoleInfo (RoleInfo.java:shutdownLeaderElection(139)) - omNode-1: shutdown omNode-1@group-0AAC5367B30E-LeaderElection12
2024-08-23 17:40:31,727 [omNode-1@group-0AAC5367B30E-LeaderElection12] INFO  server.RaftServer$Division (RaftServerImpl.java:setRole(376)) - omNode-1@group-0AAC5367B30E: changes role from CANDIDATE to LEADER at term 1 for changeToLeader
2024-08-23 17:40:31,727 [omNode-1@group-0AAC5367B30E-LeaderElection12] INFO  server.RaftServerConfigKeys (ConfUtils.java:logGet(46)) - raft.server.staging.catchup.gap = 1000 (default)
2024-08-23 17:40:31,728 [omNode-1@group-0AAC5367B30E-LeaderElection12] INFO  server.RaftServerConfigKeys (ConfUtils.java:logGet(46)) - raft.server.write.element-limit = 4096 (default)
2024-08-23 17:40:31,728 [omNode-1@group-0AAC5367B30E-LeaderElection12] INFO  server.RaftServerConfigKeys (ConfUtils.java:logGet(46)) - raft.server.write.byte-limit = 64MB (=67108864) (default)
2024-08-23 17:40:31,728 [omNode-1@group-0AAC5367B30E-LeaderElection12] INFO  server.RaftServerConfigKeys (ConfUtils.java:logGet(46)) - raft.server.watch.timeout = 10s (default)
2024-08-23 17:40:31,728 [omNode-1@group-0AAC5367B30E-LeaderElection12] INFO  server.RaftServerConfigKeys (ConfUtils.java:logGet(46)) - raft.server.watch.timeout.denomination = 1s (default)
2024-08-23 17:40:31,728 [omNode-1@group-0AAC5367B30E-LeaderElection12] INFO  server.RaftServerConfigKeys (ConfUtils.java:logGet(46)) - raft.server.watch.element-limit = 65536 (default)
2024-08-23 17:40:31,728 [omNode-1@group-0AAC5367B30E-LeaderElection12] INFO  server.RaftServerConfigKeys (ConfUtils.java:logGet(46)) - raft.server.read.leader.lease.enabled = false (default)
2024-08-23 17:40:31,729 [omNode-1@group-0AAC5367B30E-LeaderElection12] INFO  server.RaftServerConfigKeys (ConfUtils.java:logGet(46)) - raft.server.read.leader.lease.timeout.ratio = 0.9 (default)
2024-08-23 17:40:31,729 [omNode-1@group-0AAC5367B30E-LeaderElection12] INFO  server.RaftServerConfigKeys (ConfUtils.java:logGet(46)) - raft.server.rpc.timeout.min = 1s (custom)
2024-08-23 17:40:31,729 [omNode-1@group-0AAC5367B30E-LeaderElection12] INFO  server.RaftServerConfigKeys (ConfUtils.java:logGet(46)) - raft.server.log.log-metadata.enabled = true (default)
2024-08-23 17:40:31,729 [omNode-1@group-0AAC5367B30E-LeaderElection12] INFO  server.RaftServerConfigKeys (ConfUtils.java:logGet(46)) - raft.server.write.element-limit = 4096 (default)
2024-08-23 17:40:31,729 [omNode-1@group-0AAC5367B30E-LeaderElection12] INFO  server.RaftServerConfigKeys (ConfUtils.java:logGet(46)) - raft.server.write.follower.gap.ratio.max = -1.0 (default)
2024-08-23 17:40:31,729 [omNode-1@group-0AAC5367B30E-LeaderElection12] INFO  impl.RoleInfo (RoleInfo.java:updateAndGet(148)) - omNode-1: start omNode-1@group-0AAC5367B30E-LeaderStateImpl
2024-08-23 17:40:31,729 [omNode-1@group-0AAC5367B30E-LeaderElection12] INFO  server.RaftServer$Division (RaftServerImpl.java:setFirstElection(549)) - omNode-1@group-0AAC5367B30E: set firstElectionSinceStartup to false for becomeLeader
2024-08-23 17:40:31,729 [omNode-1@group-0AAC5367B30E-LeaderElection12] INFO  server.RaftServer$Division (ServerState.java:setLeader(272)) - omNode-1@group-0AAC5367B30E: change Leader from null to omNode-1 at term 1 for becomeLeader, leader elected after 1576ms
2024-08-23 17:40:31,729 [omNode-1@group-0AAC5367B30E-LeaderElection12] INFO  segmented.SegmentedRaftLogWorker (SegmentedRaftLogWorker.java:startLogSegment(433)) - omNode-1@group-0AAC5367B30E-SegmentedRaftLogWorker: Starting segment from index:0
2024-08-23 17:40:31,730 [omNode-1@group-0AAC5367B30E-LeaderElection12] INFO  server.RaftServer$Division (ServerState.java:setRaftConf(386)) - omNode-1@group-0AAC5367B30E: set configuration conf: {index: 0, cur=peers:[omNode-1|localhost:15066]|listeners:[], old=null}
2024-08-23 17:40:31,730 [omNode-1@group-0AAC5367B30E-SegmentedRaftLogWorker] INFO  segmented.BufferedWriteChannel (BufferedWriteChannel.java:open(61)) - open log_inprogress_0 at position 0
2024-08-23 17:40:31,741 [omNode-1@group-0AAC5367B30E-SegmentedRaftLogWorker] INFO  segmented.SegmentedRaftLogWorker (SegmentedRaftLogWorker.java:execute(637)) - omNode-1@group-0AAC5367B30E-SegmentedRaftLogWorker: created new log segment /home/runner/work/ozone/ozone/hadoop-ozone/integration-test/target/test-dir/MiniOzoneClusterImpl-79f21b30-aaf8-43fb-84ca-e7a29640eabd/omNode-1/ratis/0718e334-ffa1-36bc-8e9a-0aac5367b30e/current/log_inprogress_0
2024-08-23 17:40:31,743 [omNode-1@group-0AAC5367B30E-StateMachineUpdater] INFO  ratis.OzoneManagerStateMachine (OzoneManagerStateMachine.java:notifyConfigurationChanged(216)) - Received Configuration change notification from Ratis. New Peer list:
[id: "omNode-1"
address: "localhost:15066"
startupRole: FOLLOWER
]
2024-08-23 17:40:31,743 [omNode-1@group-0AAC5367B30E-StateMachineUpdater] INFO  server.RaftServer$Division (LeaderStateImpl.java:checkStartIndex(316)) - Leader omNode-1@group-0AAC5367B30E-LeaderStateImpl is ready since appliedIndex == startIndex == 0
2024-08-23 17:40:32,397 [main] INFO  ozone.MiniOzoneClusterImpl (MiniOzoneClusterImpl.java:lambda$waitForClusterToBeReady$0(198)) - Waiting for nodes to be ready. Got 0 of 3 DN Heartbeats.
2024-08-23 17:40:32,397 [main] INFO  ozone.MiniOzoneClusterImpl (MiniOzoneClusterImpl.java:lambda$waitForClusterToBeReady$0(201)) - Waiting for cluster to exit safe mode
2024-08-23 17:40:32,398 [main] INFO  ozone.MiniOzoneClusterImpl (MiniOzoneClusterImpl.java:lambda$waitForClusterToBeReady$0(203)) - SCM became leader
2024-08-23 17:40:32,877 [ab598a91-1760-425c-863f-c9c0150b23d9-EndpointStateMachineTaskThread-/127.0.0.1:15055-0 ] INFO  utils.DatanodeStoreCache (DatanodeStoreCache.java:addDB(72)) - Added db /home/runner/work/ozone/ozone/hadoop-ozone/integration-test/target/test-dir/MiniOzoneClusterImpl-79f21b30-aaf8-43fb-84ca-e7a29640eabd/ozone-meta/datanode-1/data-0/hdds/79f21b30-aaf8-43fb-84ca-e7a29640eabd/DS-4ff73f7a-f844-4687-8ff2-679edd3a2ca4/container.db to cache
2024-08-23 17:40:32,878 [ab598a91-1760-425c-863f-c9c0150b23d9-EndpointStateMachineTaskThread-/127.0.0.1:15055-0 ] INFO  volume.HddsVolume (HddsVolume.java:createDbStore(429)) - SchemaV3 db is created and loaded at /home/runner/work/ozone/ozone/hadoop-ozone/integration-test/target/test-dir/MiniOzoneClusterImpl-79f21b30-aaf8-43fb-84ca-e7a29640eabd/ozone-meta/datanode-1/data-0/hdds/79f21b30-aaf8-43fb-84ca-e7a29640eabd/DS-4ff73f7a-f844-4687-8ff2-679edd3a2ca4/container.db for volume DS-4ff73f7a-f844-4687-8ff2-679edd3a2ca4
2024-08-23 17:40:32,880 [ab598a91-1760-425c-863f-c9c0150b23d9-ContainerReader-0] INFO  ozoneimpl.ContainerReader (ContainerReader.java:readVolume(148)) - Start to verify containers on volume /home/runner/work/ozone/ozone/hadoop-ozone/integration-test/target/test-dir/MiniOzoneClusterImpl-79f21b30-aaf8-43fb-84ca-e7a29640eabd/ozone-meta/datanode-1/data-0/hdds
2024-08-23 17:40:32,880 [ab598a91-1760-425c-863f-c9c0150b23d9-ContainerReader-0] INFO  ozoneimpl.ContainerReader (ContainerReader.java:readVolume(178)) - Finish verifying containers on volume /home/runner/work/ozone/ozone/hadoop-ozone/integration-test/target/test-dir/MiniOzoneClusterImpl-79f21b30-aaf8-43fb-84ca-e7a29640eabd/ozone-meta/datanode-1/data-0/hdds
2024-08-23 17:40:32,880 [ab598a91-1760-425c-863f-c9c0150b23d9-EndpointStateMachineTaskThread-/127.0.0.1:15055-0 ] INFO  ozoneimpl.OzoneContainer (OzoneContainer.java:buildContainerSet(344)) - Build ContainerSet costs 0s
2024-08-23 17:40:32,880 [ab598a91-1760-425c-863f-c9c0150b23d9-EndpointStateMachineTaskThread-/127.0.0.1:15055-0 ] INFO  volume.ThrottledAsyncChecker (ThrottledAsyncChecker.java:schedule(141)) - Scheduling a check for /home/runner/work/ozone/ozone/hadoop-ozone/integration-test/target/test-dir/MiniOzoneClusterImpl-79f21b30-aaf8-43fb-84ca-e7a29640eabd/ozone-meta/datanode-1/data-0/hdds
2024-08-23 17:40:32,881 [ab598a91-1760-425c-863f-c9c0150b23d9-EndpointStateMachineTaskThread-/127.0.0.1:15055-0 ] INFO  volume.StorageVolumeChecker (StorageVolumeChecker.java:checkAllVolumes(218)) - Scheduled health check for volume /home/runner/work/ozone/ozone/hadoop-ozone/integration-test/target/test-dir/MiniOzoneClusterImpl-79f21b30-aaf8-43fb-84ca-e7a29640eabd/ozone-meta/datanode-1/data-0/hdds
2024-08-23 17:40:32,882 [ab598a91-1760-425c-863f-c9c0150b23d9-EndpointStateMachineTaskThread-/127.0.0.1:15055-0 ] INFO  volume.ThrottledAsyncChecker (ThrottledAsyncChecker.java:schedule(141)) - Scheduling a check for /home/runner/work/ozone/ozone/hadoop-ozone/integration-test/target/test-dir/MiniOzoneClusterImpl-79f21b30-aaf8-43fb-84ca-e7a29640eabd/ozone-meta/datanode-1/ratis
2024-08-23 17:40:32,882 [ab598a91-1760-425c-863f-c9c0150b23d9-EndpointStateMachineTaskThread-/127.0.0.1:15055-0 ] INFO  volume.StorageVolumeChecker (StorageVolumeChecker.java:checkAllVolumes(218)) - Scheduled health check for volume /home/runner/work/ozone/ozone/hadoop-ozone/integration-test/target/test-dir/MiniOzoneClusterImpl-79f21b30-aaf8-43fb-84ca-e7a29640eabd/ozone-meta/datanode-1/ratis
2024-08-23 17:40:32,883 [ab598a91-1760-425c-863f-c9c0150b23d9-EndpointStateMachineTaskThread-/127.0.0.1:15055-0 ] INFO  ozoneimpl.OzoneContainer (OzoneContainer.java:start(475)) - Attempting to start container services.
2024-08-23 17:40:32,884 [ContainerMetadataScanner] INFO  ozoneimpl.AbstractBackgroundContainerScanner (AbstractBackgroundContainerScanner.java:runIteration(87)) - Completed an iteration in 0 minutes. Number of iterations (since the data-node restart) : 1, Number of containers scanned in this iteration : 0, Number of unhealthy containers found in this iteration : 0
2024-08-23 17:40:32,884 [ContainerDataScanner(/home/runner/work/ozone/ozone/hadoop-ozone/integration-test/target/test-dir/MiniOzoneClusterImpl-79f21b30-aaf8-43fb-84ca-e7a29640eabd/ozone-meta/datanode-1/data-0/hdds)] INFO  ozoneimpl.AbstractBackgroundContainerScanner (AbstractBackgroundContainerScanner.java:runIteration(87)) - Completed an iteration in 0 minutes. Number of iterations (since the data-node restart) : 1, Number of containers scanned in this iteration : 0, Number of unhealthy containers found in this iteration : 0
2024-08-23 17:40:32,885 [ab598a91-1760-425c-863f-c9c0150b23d9-EndpointStateMachineTaskThread-/127.0.0.1:15055-0 ] INFO  replication.ReplicationServer (ReplicationServer.java:start(140)) - ReplicationServer is started using port 15075
2024-08-23 17:40:32,885 [ab598a91-1760-425c-863f-c9c0150b23d9-EndpointStateMachineTaskThread-/127.0.0.1:15055-0 ] INFO  ratis.XceiverServerRatis (XceiverServerRatis.java:start(561)) - Starting XceiverServerRatis ab598a91-1760-425c-863f-c9c0150b23d9
2024-08-23 17:40:32,895 [ab598a91-1760-425c-863f-c9c0150b23d9-EndpointStateMachineTaskThread-/127.0.0.1:15055-0 ] INFO  server.RaftServer (RaftServerProxy.java:startImpl(408)) - ab598a91-1760-425c-863f-c9c0150b23d9: start RPC server
2024-08-23 17:40:32,895 [ab598a91-1760-425c-863f-c9c0150b23d9-EndpointStateMachineTaskThread-/127.0.0.1:15055-0 ] INFO  server.GrpcService (GrpcService.java:startImpl(302)) - ab598a91-1760-425c-863f-c9c0150b23d9: GrpcService started, listening on 15071
2024-08-23 17:40:32,895 [ab598a91-1760-425c-863f-c9c0150b23d9-EndpointStateMachineTaskThread-/127.0.0.1:15055-0 ] INFO  ratis.XceiverServerRatis (XceiverServerRatis.java:getRealPort(587)) - XceiverServerRatis ab598a91-1760-425c-863f-c9c0150b23d9 is started using port 15071 for RATIS
2024-08-23 17:40:32,896 [ab598a91-1760-425c-863f-c9c0150b23d9-EndpointStateMachineTaskThread-/127.0.0.1:15055-0 ] INFO  ratis.XceiverServerRatis (XceiverServerRatis.java:getRealPort(587)) - XceiverServerRatis ab598a91-1760-425c-863f-c9c0150b23d9 is started using port 15071 for RATIS_ADMIN
2024-08-23 17:40:32,896 [ab598a91-1760-425c-863f-c9c0150b23d9-EndpointStateMachineTaskThread-/127.0.0.1:15055-0 ] INFO  ratis.XceiverServerRatis (XceiverServerRatis.java:getRealPort(587)) - XceiverServerRatis ab598a91-1760-425c-863f-c9c0150b23d9 is started using port 15071 for RATIS_SERVER
2024-08-23 17:40:32,896 [ab598a91-1760-425c-863f-c9c0150b23d9-EndpointStateMachineTaskThread-/127.0.0.1:15055-0 ] INFO  ratis.XceiverServerRatis (XceiverServerRatis.java:getRealPort(587)) - XceiverServerRatis ab598a91-1760-425c-863f-c9c0150b23d9 is started using port 15074 for RATIS_DATASTREAM
2024-08-23 17:40:32,895 [JvmPauseMonitor10] INFO  util.JvmPauseMonitor (JvmPauseMonitor.java:run(146)) - JvmPauseMonitor-ab598a91-1760-425c-863f-c9c0150b23d9: Started
2024-08-23 17:40:32,897 [ab598a91-1760-425c-863f-c9c0150b23d9-BlockDeletingService#0] INFO  interfaces.ContainerDeletionChoosingPolicyTemplate (ContainerDeletionChoosingPolicyTemplate.java:chooseContainerForBlockDeletion(85)) - Chosen 0/5000 blocks from 0 candidate containers.
2024-08-23 17:40:33,184 [97398481-acd0-44c3-9c1f-2d1228ad6123-EndpointStateMachineTaskThread-/127.0.0.1:15055-0 ] INFO  utils.DatanodeStoreCache (DatanodeStoreCache.java:addDB(72)) - Added db /home/runner/work/ozone/ozone/hadoop-ozone/integration-test/target/test-dir/MiniOzoneClusterImpl-79f21b30-aaf8-43fb-84ca-e7a29640eabd/ozone-meta/datanode-2/data-0/hdds/79f21b30-aaf8-43fb-84ca-e7a29640eabd/DS-1940adda-a11d-4365-812f-1ea8662ce544/container.db to cache
2024-08-23 17:40:33,185 [97398481-acd0-44c3-9c1f-2d1228ad6123-EndpointStateMachineTaskThread-/127.0.0.1:15055-0 ] INFO  volume.HddsVolume (HddsVolume.java:createDbStore(429)) - SchemaV3 db is created and loaded at /home/runner/work/ozone/ozone/hadoop-ozone/integration-test/target/test-dir/MiniOzoneClusterImpl-79f21b30-aaf8-43fb-84ca-e7a29640eabd/ozone-meta/datanode-2/data-0/hdds/79f21b30-aaf8-43fb-84ca-e7a29640eabd/DS-1940adda-a11d-4365-812f-1ea8662ce544/container.db for volume DS-1940adda-a11d-4365-812f-1ea8662ce544
2024-08-23 17:40:33,187 [97398481-acd0-44c3-9c1f-2d1228ad6123-ContainerReader-0] INFO  ozoneimpl.ContainerReader (ContainerReader.java:readVolume(148)) - Start to verify containers on volume /home/runner/work/ozone/ozone/hadoop-ozone/integration-test/target/test-dir/MiniOzoneClusterImpl-79f21b30-aaf8-43fb-84ca-e7a29640eabd/ozone-meta/datanode-2/data-0/hdds
2024-08-23 17:40:33,187 [97398481-acd0-44c3-9c1f-2d1228ad6123-ContainerReader-0] INFO  ozoneimpl.ContainerReader (ContainerReader.java:readVolume(178)) - Finish verifying containers on volume /home/runner/work/ozone/ozone/hadoop-ozone/integration-test/target/test-dir/MiniOzoneClusterImpl-79f21b30-aaf8-43fb-84ca-e7a29640eabd/ozone-meta/datanode-2/data-0/hdds
2024-08-23 17:40:33,187 [97398481-acd0-44c3-9c1f-2d1228ad6123-EndpointStateMachineTaskThread-/127.0.0.1:15055-0 ] INFO  ozoneimpl.OzoneContainer (OzoneContainer.java:buildContainerSet(344)) - Build ContainerSet costs 0s
2024-08-23 17:40:33,188 [97398481-acd0-44c3-9c1f-2d1228ad6123-EndpointStateMachineTaskThread-/127.0.0.1:15055-0 ] INFO  volume.ThrottledAsyncChecker (ThrottledAsyncChecker.java:schedule(141)) - Scheduling a check for /home/runner/work/ozone/ozone/hadoop-ozone/integration-test/target/test-dir/MiniOzoneClusterImpl-79f21b30-aaf8-43fb-84ca-e7a29640eabd/ozone-meta/datanode-2/data-0/hdds
2024-08-23 17:40:33,188 [97398481-acd0-44c3-9c1f-2d1228ad6123-EndpointStateMachineTaskThread-/127.0.0.1:15055-0 ] INFO  volume.StorageVolumeChecker (StorageVolumeChecker.java:checkAllVolumes(218)) - Scheduled health check for volume /home/runner/work/ozone/ozone/hadoop-ozone/integration-test/target/test-dir/MiniOzoneClusterImpl-79f21b30-aaf8-43fb-84ca-e7a29640eabd/ozone-meta/datanode-2/data-0/hdds
2024-08-23 17:40:33,189 [97398481-acd0-44c3-9c1f-2d1228ad6123-EndpointStateMachineTaskThread-/127.0.0.1:15055-0 ] INFO  volume.ThrottledAsyncChecker (ThrottledAsyncChecker.java:schedule(141)) - Scheduling a check for /home/runner/work/ozone/ozone/hadoop-ozone/integration-test/target/test-dir/MiniOzoneClusterImpl-79f21b30-aaf8-43fb-84ca-e7a29640eabd/ozone-meta/datanode-2/ratis
2024-08-23 17:40:33,189 [97398481-acd0-44c3-9c1f-2d1228ad6123-EndpointStateMachineTaskThread-/127.0.0.1:15055-0 ] INFO  volume.StorageVolumeChecker (StorageVolumeChecker.java:checkAllVolumes(218)) - Scheduled health check for volume /home/runner/work/ozone/ozone/hadoop-ozone/integration-test/target/test-dir/MiniOzoneClusterImpl-79f21b30-aaf8-43fb-84ca-e7a29640eabd/ozone-meta/datanode-2/ratis
2024-08-23 17:40:33,190 [97398481-acd0-44c3-9c1f-2d1228ad6123-EndpointStateMachineTaskThread-/127.0.0.1:15055-0 ] INFO  ozoneimpl.OzoneContainer (OzoneContainer.java:start(475)) - Attempting to start container services.
2024-08-23 17:40:33,190 [97398481-acd0-44c3-9c1f-2d1228ad6123-EndpointStateMachineTaskThread-/127.0.0.1:15055-0 ] WARN  ozoneimpl.OnDemandContainerDataScanner (OnDemandContainerDataScanner.java:init(75)) - Trying to initialize on demand scanner a second time on a datanode.
2024-08-23 17:40:33,190 [ContainerMetadataScanner] INFO  ozoneimpl.AbstractBackgroundContainerScanner (AbstractBackgroundContainerScanner.java:runIteration(87)) - Completed an iteration in 0 minutes. Number of iterations (since the data-node restart) : 1, Number of containers scanned in this iteration : 0, Number of unhealthy containers found in this iteration : 0
2024-08-23 17:40:33,191 [ContainerDataScanner(/home/runner/work/ozone/ozone/hadoop-ozone/integration-test/target/test-dir/MiniOzoneClusterImpl-79f21b30-aaf8-43fb-84ca-e7a29640eabd/ozone-meta/datanode-2/data-0/hdds)] INFO  ozoneimpl.AbstractBackgroundContainerScanner (AbstractBackgroundContainerScanner.java:runIteration(87)) - Completed an iteration in 0 minutes. Number of iterations (since the data-node restart) : 1, Number of containers scanned in this iteration : 0, Number of unhealthy containers found in this iteration : 0
2024-08-23 17:40:33,191 [97398481-acd0-44c3-9c1f-2d1228ad6123-EndpointStateMachineTaskThread-/127.0.0.1:15055-0 ] INFO  replication.ReplicationServer (ReplicationServer.java:start(140)) - ReplicationServer is started using port 15084
2024-08-23 17:40:33,191 [97398481-acd0-44c3-9c1f-2d1228ad6123-EndpointStateMachineTaskThread-/127.0.0.1:15055-0 ] INFO  ratis.XceiverServerRatis (XceiverServerRatis.java:start(561)) - Starting XceiverServerRatis 97398481-acd0-44c3-9c1f-2d1228ad6123
2024-08-23 17:40:33,192 [97398481-acd0-44c3-9c1f-2d1228ad6123-EndpointStateMachineTaskThread-/127.0.0.1:15055-0 ] INFO  server.RaftServer (RaftServerProxy.java:startImpl(408)) - 97398481-acd0-44c3-9c1f-2d1228ad6123: start RPC server
2024-08-23 17:40:33,192 [97398481-acd0-44c3-9c1f-2d1228ad6123-EndpointStateMachineTaskThread-/127.0.0.1:15055-0 ] INFO  server.GrpcService (GrpcService.java:startImpl(302)) - 97398481-acd0-44c3-9c1f-2d1228ad6123: GrpcService started, listening on 15080
2024-08-23 17:40:33,193 [97398481-acd0-44c3-9c1f-2d1228ad6123-EndpointStateMachineTaskThread-/127.0.0.1:15055-0 ] INFO  ratis.XceiverServerRatis (XceiverServerRatis.java:getRealPort(587)) - XceiverServerRatis 97398481-acd0-44c3-9c1f-2d1228ad6123 is started using port 15080 for RATIS
2024-08-23 17:40:33,193 [97398481-acd0-44c3-9c1f-2d1228ad6123-EndpointStateMachineTaskThread-/127.0.0.1:15055-0 ] INFO  ratis.XceiverServerRatis (XceiverServerRatis.java:getRealPort(587)) - XceiverServerRatis 97398481-acd0-44c3-9c1f-2d1228ad6123 is started using port 15080 for RATIS_ADMIN
2024-08-23 17:40:33,193 [97398481-acd0-44c3-9c1f-2d1228ad6123-EndpointStateMachineTaskThread-/127.0.0.1:15055-0 ] INFO  ratis.XceiverServerRatis (XceiverServerRatis.java:getRealPort(587)) - XceiverServerRatis 97398481-acd0-44c3-9c1f-2d1228ad6123 is started using port 15080 for RATIS_SERVER
2024-08-23 17:40:33,193 [97398481-acd0-44c3-9c1f-2d1228ad6123-EndpointStateMachineTaskThread-/127.0.0.1:15055-0 ] INFO  ratis.XceiverServerRatis (XceiverServerRatis.java:getRealPort(587)) - XceiverServerRatis 97398481-acd0-44c3-9c1f-2d1228ad6123 is started using port 15083 for RATIS_DATASTREAM
2024-08-23 17:40:33,193 [JvmPauseMonitor11] INFO  util.JvmPauseMonitor (JvmPauseMonitor.java:run(146)) - JvmPauseMonitor-97398481-acd0-44c3-9c1f-2d1228ad6123: Started
2024-08-23 17:40:33,195 [97398481-acd0-44c3-9c1f-2d1228ad6123-BlockDeletingService#0] INFO  interfaces.ContainerDeletionChoosingPolicyTemplate (ContainerDeletionChoosingPolicyTemplate.java:chooseContainerForBlockDeletion(85)) - Chosen 0/5000 blocks from 0 candidate containers.
2024-08-23 17:40:33,398 [main] INFO  ozone.MiniOzoneClusterImpl (MiniOzoneClusterImpl.java:lambda$waitForClusterToBeReady$0(198)) - Waiting for nodes to be ready. Got 0 of 3 DN Heartbeats.
2024-08-23 17:40:33,398 [main] INFO  ozone.MiniOzoneClusterImpl (MiniOzoneClusterImpl.java:lambda$waitForClusterToBeReady$0(201)) - Waiting for cluster to exit safe mode
2024-08-23 17:40:33,398 [main] INFO  ozone.MiniOzoneClusterImpl (MiniOzoneClusterImpl.java:lambda$waitForClusterToBeReady$0(203)) - SCM became leader
2024-08-23 17:40:33,423 [4c92e27b-ecd4-4d14-ba24-c9bbe0da28ff-EndpointStateMachineTaskThread-/127.0.0.1:15055-0 ] INFO  utils.DatanodeStoreCache (DatanodeStoreCache.java:addDB(72)) - Added db /home/runner/work/ozone/ozone/hadoop-ozone/integration-test/target/test-dir/MiniOzoneClusterImpl-79f21b30-aaf8-43fb-84ca-e7a29640eabd/ozone-meta/datanode-3/data-0/hdds/79f21b30-aaf8-43fb-84ca-e7a29640eabd/DS-ef12ddfd-4dde-4a5c-b443-a597efc478b9/container.db to cache
2024-08-23 17:40:33,423 [4c92e27b-ecd4-4d14-ba24-c9bbe0da28ff-EndpointStateMachineTaskThread-/127.0.0.1:15055-0 ] INFO  volume.HddsVolume (HddsVolume.java:createDbStore(429)) - SchemaV3 db is created and loaded at /home/runner/work/ozone/ozone/hadoop-ozone/integration-test/target/test-dir/MiniOzoneClusterImpl-79f21b30-aaf8-43fb-84ca-e7a29640eabd/ozone-meta/datanode-3/data-0/hdds/79f21b30-aaf8-43fb-84ca-e7a29640eabd/DS-ef12ddfd-4dde-4a5c-b443-a597efc478b9/container.db for volume DS-ef12ddfd-4dde-4a5c-b443-a597efc478b9
2024-08-23 17:40:33,425 [4c92e27b-ecd4-4d14-ba24-c9bbe0da28ff-ContainerReader-0] INFO  ozoneimpl.ContainerReader (ContainerReader.java:readVolume(148)) - Start to verify containers on volume /home/runner/work/ozone/ozone/hadoop-ozone/integration-test/target/test-dir/MiniOzoneClusterImpl-79f21b30-aaf8-43fb-84ca-e7a29640eabd/ozone-meta/datanode-3/data-0/hdds
2024-08-23 17:40:33,425 [4c92e27b-ecd4-4d14-ba24-c9bbe0da28ff-ContainerReader-0] INFO  ozoneimpl.ContainerReader (ContainerReader.java:readVolume(178)) - Finish verifying containers on volume /home/runner/work/ozone/ozone/hadoop-ozone/integration-test/target/test-dir/MiniOzoneClusterImpl-79f21b30-aaf8-43fb-84ca-e7a29640eabd/ozone-meta/datanode-3/data-0/hdds
2024-08-23 17:40:33,425 [4c92e27b-ecd4-4d14-ba24-c9bbe0da28ff-EndpointStateMachineTaskThread-/127.0.0.1:15055-0 ] INFO  ozoneimpl.OzoneContainer (OzoneContainer.java:buildContainerSet(344)) - Build ContainerSet costs 0s
2024-08-23 17:40:33,426 [4c92e27b-ecd4-4d14-ba24-c9bbe0da28ff-EndpointStateMachineTaskThread-/127.0.0.1:15055-0 ] INFO  volume.ThrottledAsyncChecker (ThrottledAsyncChecker.java:schedule(141)) - Scheduling a check for /home/runner/work/ozone/ozone/hadoop-ozone/integration-test/target/test-dir/MiniOzoneClusterImpl-79f21b30-aaf8-43fb-84ca-e7a29640eabd/ozone-meta/datanode-3/data-0/hdds
2024-08-23 17:40:33,427 [4c92e27b-ecd4-4d14-ba24-c9bbe0da28ff-EndpointStateMachineTaskThread-/127.0.0.1:15055-0 ] INFO  volume.StorageVolumeChecker (StorageVolumeChecker.java:checkAllVolumes(218)) - Scheduled health check for volume /home/runner/work/ozone/ozone/hadoop-ozone/integration-test/target/test-dir/MiniOzoneClusterImpl-79f21b30-aaf8-43fb-84ca-e7a29640eabd/ozone-meta/datanode-3/data-0/hdds
2024-08-23 17:40:33,428 [4c92e27b-ecd4-4d14-ba24-c9bbe0da28ff-EndpointStateMachineTaskThread-/127.0.0.1:15055-0 ] INFO  volume.ThrottledAsyncChecker (ThrottledAsyncChecker.java:schedule(141)) - Scheduling a check for /home/runner/work/ozone/ozone/hadoop-ozone/integration-test/target/test-dir/MiniOzoneClusterImpl-79f21b30-aaf8-43fb-84ca-e7a29640eabd/ozone-meta/datanode-3/ratis
2024-08-23 17:40:33,428 [4c92e27b-ecd4-4d14-ba24-c9bbe0da28ff-EndpointStateMachineTaskThread-/127.0.0.1:15055-0 ] INFO  volume.StorageVolumeChecker (StorageVolumeChecker.java:checkAllVolumes(218)) - Scheduled health check for volume /home/runner/work/ozone/ozone/hadoop-ozone/integration-test/target/test-dir/MiniOzoneClusterImpl-79f21b30-aaf8-43fb-84ca-e7a29640eabd/ozone-meta/datanode-3/ratis
2024-08-23 17:40:33,429 [4c92e27b-ecd4-4d14-ba24-c9bbe0da28ff-EndpointStateMachineTaskThread-/127.0.0.1:15055-0 ] INFO  ozoneimpl.OzoneContainer (OzoneContainer.java:start(475)) - Attempting to start container services.
2024-08-23 17:40:33,429 [4c92e27b-ecd4-4d14-ba24-c9bbe0da28ff-EndpointStateMachineTaskThread-/127.0.0.1:15055-0 ] WARN  ozoneimpl.OnDemandContainerDataScanner (OnDemandContainerDataScanner.java:init(75)) - Trying to initialize on demand scanner a second time on a datanode.
2024-08-23 17:40:33,429 [ContainerMetadataScanner] INFO  ozoneimpl.AbstractBackgroundContainerScanner (AbstractBackgroundContainerScanner.java:runIteration(87)) - Completed an iteration in 0 minutes. Number of iterations (since the data-node restart) : 1, Number of containers scanned in this iteration : 0, Number of unhealthy containers found in this iteration : 0
2024-08-23 17:40:33,429 [ContainerDataScanner(/home/runner/work/ozone/ozone/hadoop-ozone/integration-test/target/test-dir/MiniOzoneClusterImpl-79f21b30-aaf8-43fb-84ca-e7a29640eabd/ozone-meta/datanode-3/data-0/hdds)] INFO  ozoneimpl.AbstractBackgroundContainerScanner (AbstractBackgroundContainerScanner.java:runIteration(87)) - Completed an iteration in 0 minutes. Number of iterations (since the data-node restart) : 1, Number of containers scanned in this iteration : 0, Number of unhealthy containers found in this iteration : 0
2024-08-23 17:40:33,430 [4c92e27b-ecd4-4d14-ba24-c9bbe0da28ff-EndpointStateMachineTaskThread-/127.0.0.1:15055-0 ] INFO  replication.ReplicationServer (ReplicationServer.java:start(140)) - ReplicationServer is started using port 15093
2024-08-23 17:40:33,430 [4c92e27b-ecd4-4d14-ba24-c9bbe0da28ff-EndpointStateMachineTaskThread-/127.0.0.1:15055-0 ] INFO  ratis.XceiverServerRatis (XceiverServerRatis.java:start(561)) - Starting XceiverServerRatis 4c92e27b-ecd4-4d14-ba24-c9bbe0da28ff
2024-08-23 17:40:33,430 [4c92e27b-ecd4-4d14-ba24-c9bbe0da28ff-EndpointStateMachineTaskThread-/127.0.0.1:15055-0 ] INFO  server.RaftServer (RaftServerProxy.java:startImpl(408)) - 4c92e27b-ecd4-4d14-ba24-c9bbe0da28ff: start RPC server
2024-08-23 17:40:33,431 [4c92e27b-ecd4-4d14-ba24-c9bbe0da28ff-EndpointStateMachineTaskThread-/127.0.0.1:15055-0 ] INFO  server.GrpcService (GrpcService.java:startImpl(302)) - 4c92e27b-ecd4-4d14-ba24-c9bbe0da28ff: GrpcService started, listening on 15089
2024-08-23 17:40:33,431 [4c92e27b-ecd4-4d14-ba24-c9bbe0da28ff-EndpointStateMachineTaskThread-/127.0.0.1:15055-0 ] INFO  ratis.XceiverServerRatis (XceiverServerRatis.java:getRealPort(587)) - XceiverServerRatis 4c92e27b-ecd4-4d14-ba24-c9bbe0da28ff is started using port 15089 for RATIS
2024-08-23 17:40:33,431 [4c92e27b-ecd4-4d14-ba24-c9bbe0da28ff-EndpointStateMachineTaskThread-/127.0.0.1:15055-0 ] INFO  ratis.XceiverServerRatis (XceiverServerRatis.java:getRealPort(587)) - XceiverServerRatis 4c92e27b-ecd4-4d14-ba24-c9bbe0da28ff is started using port 15089 for RATIS_ADMIN
2024-08-23 17:40:33,431 [4c92e27b-ecd4-4d14-ba24-c9bbe0da28ff-EndpointStateMachineTaskThread-/127.0.0.1:15055-0 ] INFO  ratis.XceiverServerRatis (XceiverServerRatis.java:getRealPort(587)) - XceiverServerRatis 4c92e27b-ecd4-4d14-ba24-c9bbe0da28ff is started using port 15089 for RATIS_SERVER
2024-08-23 17:40:33,431 [4c92e27b-ecd4-4d14-ba24-c9bbe0da28ff-EndpointStateMachineTaskThread-/127.0.0.1:15055-0 ] INFO  ratis.XceiverServerRatis (XceiverServerRatis.java:getRealPort(587)) - XceiverServerRatis 4c92e27b-ecd4-4d14-ba24-c9bbe0da28ff is started using port 15092 for RATIS_DATASTREAM
2024-08-23 17:40:33,431 [JvmPauseMonitor12] INFO  util.JvmPauseMonitor (JvmPauseMonitor.java:run(146)) - JvmPauseMonitor-4c92e27b-ecd4-4d14-ba24-c9bbe0da28ff: Started
2024-08-23 17:40:33,432 [4c92e27b-ecd4-4d14-ba24-c9bbe0da28ff-BlockDeletingService#0] INFO  interfaces.ContainerDeletionChoosingPolicyTemplate (ContainerDeletionChoosingPolicyTemplate.java:chooseContainerForBlockDeletion(85)) - Chosen 0/5000 blocks from 0 candidate containers.
2024-08-23 17:40:34,398 [main] INFO  ozone.MiniOzoneClusterImpl (MiniOzoneClusterImpl.java:lambda$waitForClusterToBeReady$0(198)) - Waiting for nodes to be ready. Got 0 of 3 DN Heartbeats.
2024-08-23 17:40:34,398 [main] INFO  ozone.MiniOzoneClusterImpl (MiniOzoneClusterImpl.java:lambda$waitForClusterToBeReady$0(201)) - Waiting for cluster to exit safe mode
2024-08-23 17:40:34,399 [main] INFO  ozone.MiniOzoneClusterImpl (MiniOzoneClusterImpl.java:lambda$waitForClusterToBeReady$0(203)) - SCM became leader
2024-08-23 17:40:34,850 [IPC Server handler 3 on default port 15055] INFO  net.NetworkTopologyImpl (NetworkTopologyImpl.java:add(134)) - Added a new node: /default-rack/ab598a91-1760-425c-863f-c9c0150b23d9
2024-08-23 17:40:34,850 [IPC Server handler 3 on default port 15055] INFO  node.SCMNodeManager (SCMNodeManager.java:register(422)) - Registered datanode: ab598a91-1760-425c-863f-c9c0150b23d9{ip: 127.0.0.1, host: localhost, ports: [HTTP=15068, CLIENT_RPC=15069, REPLICATION=15075, RATIS=15071, RATIS_ADMIN=15071, RATIS_SERVER=15071, RATIS_DATASTREAM=15074, STANDALONE=15070], networkLocation: /default-rack, certSerialId: null, persistedOpState: null, persistedOpStateExpiryEpochSec: 0}
2024-08-23 17:40:34,851 [scmNode-1-EventQueue-NewNodeForNewNodeHandler] INFO  pipeline.BackgroundPipelineCreator (BackgroundPipelineCreator.java:notifyEventTriggered(280)) - trigger a one-shot run on scmNode-1-RatisPipelineUtilsThread.
2024-08-23 17:40:34,851 [scmNode-1-EventQueue-NodeRegistrationContainerReportForDataNodeSafeModeRule] INFO  safemode.SCMSafeModeManager (DataNodeSafeModeRule.java:process(71)) - SCM in safe mode. 1 DataNodes registered, 3 required.
2024-08-23 17:40:34,851 [scmNode-1-RatisPipelineUtilsThread-0] INFO  pipeline.RatisPipelineProvider (RatisPipelineProvider.java:lambda$create$0(205)) - Sending CreatePipelineCommand for pipeline:PipelineID=aca7c363-b9df-461b-a88d-26b6f44de0e3 to datanode:ab598a91-1760-425c-863f-c9c0150b23d9
2024-08-23 17:40:34,851 [scmNode-1-EventQueue-NodeRegistrationContainerReportForContainerSafeModeRule] INFO  safemode.SCMSafeModeManager (SCMSafeModeManager.java:validateSafeModeExitRules(203)) - ContainerSafeModeRule rule is successfully validated
2024-08-23 17:40:34,852 [scmNode-1-EventQueue-PipelineReportForOneReplicaPipelineSafeModeRule] INFO  safemode.SCMSafeModeManager (SCMSafeModeManager.java:validateSafeModeExitRules(203)) - AtleastOneDatanodeReportedRule rule is successfully validated
2024-08-23 17:40:34,855 [f4d24886-16e8-42a6-a606-6b9205f6426d@group-E7A29640EABD-StateMachineUpdater] INFO  safemode.HealthyPipelineSafeModeRule (HealthyPipelineSafeModeRule.java:initializeRule(172)) - Refreshed total pipeline count is 0, healthy pipeline threshold count is 1
2024-08-23 17:40:34,855 [scmNode-1-RatisPipelineUtilsThread-0] INFO  pipeline.BackgroundPipelineCreator (BackgroundPipelineCreator.java:createPipelines(236)) - Created new pipeline Pipeline[ Id: aca7c363-b9df-461b-a88d-26b6f44de0e3, Nodes: ab598a91-1760-425c-863f-c9c0150b23d9(localhost/127.0.0.1) ReplicaIndex: 0, ReplicationConfig: RATIS/ONE, State:ALLOCATED, leaderId:, CreationTimestamp2024-08-23T17:40:34.851636436Z[Etc/UTC]]
2024-08-23 17:40:35,158 [IPC Server handler 0 on default port 15055] INFO  net.NetworkTopologyImpl (NetworkTopologyImpl.java:add(134)) - Added a new node: /default-rack/97398481-acd0-44c3-9c1f-2d1228ad6123
2024-08-23 17:40:35,159 [IPC Server handler 0 on default port 15055] INFO  node.SCMNodeManager (SCMNodeManager.java:register(422)) - Registered datanode: 97398481-acd0-44c3-9c1f-2d1228ad6123{ip: 127.0.0.1, host: localhost, ports: [HTTP=15077, CLIENT_RPC=15078, REPLICATION=15084, RATIS=15080, RATIS_ADMIN=15080, RATIS_SERVER=15080, RATIS_DATASTREAM=15083, STANDALONE=15079], networkLocation: /default-rack, certSerialId: null, persistedOpState: null, persistedOpStateExpiryEpochSec: 0}
2024-08-23 17:40:35,159 [scmNode-1-EventQueue-NewNodeForNewNodeHandler] INFO  pipeline.BackgroundPipelineCreator (BackgroundPipelineCreator.java:notifyEventTriggered(280)) - trigger a one-shot run on scmNode-1-RatisPipelineUtilsThread.
2024-08-23 17:40:35,159 [scmNode-1-EventQueue-NodeRegistrationContainerReportForDataNodeSafeModeRule] INFO  safemode.SCMSafeModeManager (DataNodeSafeModeRule.java:process(71)) - SCM in safe mode. 2 DataNodes registered, 3 required.
2024-08-23 17:40:35,159 [scmNode-1-RatisPipelineUtilsThread-0] INFO  pipeline.RatisPipelineProvider (RatisPipelineProvider.java:lambda$create$0(205)) - Sending CreatePipelineCommand for pipeline:PipelineID=289afc9d-6f61-4593-ba54-b0d1dd2fc95c to datanode:97398481-acd0-44c3-9c1f-2d1228ad6123
2024-08-23 17:40:35,162 [f4d24886-16e8-42a6-a606-6b9205f6426d@group-E7A29640EABD-StateMachineUpdater] INFO  safemode.HealthyPipelineSafeModeRule (HealthyPipelineSafeModeRule.java:initializeRule(172)) - Refreshed total pipeline count is 0, healthy pipeline threshold count is 1
2024-08-23 17:40:35,162 [scmNode-1-RatisPipelineUtilsThread-0] INFO  pipeline.BackgroundPipelineCreator (BackgroundPipelineCreator.java:createPipelines(236)) - Created new pipeline Pipeline[ Id: 289afc9d-6f61-4593-ba54-b0d1dd2fc95c, Nodes: 97398481-acd0-44c3-9c1f-2d1228ad6123(localhost/127.0.0.1) ReplicaIndex: 0, ReplicationConfig: RATIS/ONE, State:ALLOCATED, leaderId:, CreationTimestamp2024-08-23T17:40:35.159893119Z[Etc/UTC]]
2024-08-23 17:40:35,398 [IPC Server handler 2 on default port 15055] INFO  net.NetworkTopologyImpl (NetworkTopologyImpl.java:add(134)) - Added a new node: /default-rack/4c92e27b-ecd4-4d14-ba24-c9bbe0da28ff
2024-08-23 17:40:35,398 [IPC Server handler 2 on default port 15055] INFO  node.SCMNodeManager (SCMNodeManager.java:register(422)) - Registered datanode: 4c92e27b-ecd4-4d14-ba24-c9bbe0da28ff{ip: 127.0.0.1, host: localhost, ports: [HTTP=15086, CLIENT_RPC=15087, REPLICATION=15093, RATIS=15089, RATIS_ADMIN=15089, RATIS_SERVER=15089, RATIS_DATASTREAM=15092, STANDALONE=15088], networkLocation: /default-rack, certSerialId: null, persistedOpState: null, persistedOpStateExpiryEpochSec: 0}
2024-08-23 17:40:35,399 [scmNode-1-EventQueue-NewNodeForNewNodeHandler] INFO  pipeline.BackgroundPipelineCreator (BackgroundPipelineCreator.java:notifyEventTriggered(280)) - trigger a one-shot run on scmNode-1-RatisPipelineUtilsThread.
2024-08-23 17:40:35,399 [scmNode-1-EventQueue-NodeRegistrationContainerReportForDataNodeSafeModeRule] INFO  safemode.SCMSafeModeManager (DataNodeSafeModeRule.java:process(71)) - SCM in safe mode. 3 DataNodes registered, 3 required.
2024-08-23 17:40:35,399 [scmNode-1-EventQueue-NodeRegistrationContainerReportForDataNodeSafeModeRule] INFO  safemode.SCMSafeModeManager (SCMSafeModeManager.java:validateSafeModeExitRules(203)) - DataNodeSafeModeRule rule is successfully validated
2024-08-23 17:40:35,399 [scmNode-1-EventQueue-NodeRegistrationContainerReportForDataNodeSafeModeRule] INFO  safemode.SCMSafeModeManager (SCMSafeModeManager.java:completePreCheck(232)) - All SCM safe mode pre check rules have passed
2024-08-23 17:40:35,399 [scmNode-1-EventQueue-NodeRegistrationContainerReportForDataNodeSafeModeRule] INFO  ha.SCMContext (SCMContext.java:updateSafeModeStatus(225)) - Update SafeModeStatus from SafeModeStatus{safeModeStatus=true, preCheckPassed=false} to SafeModeStatus{safeModeStatus=true, preCheckPassed=true}.
2024-08-23 17:40:35,399 [scmNode-1-EventQueue-NodeRegistrationContainerReportForDataNodeSafeModeRule] INFO  pipeline.BackgroundPipelineCreator (BackgroundPipelineCreator.java:notifyEventTriggered(280)) - trigger a one-shot run on scmNode-1-RatisPipelineUtilsThread.
2024-08-23 17:40:35,399 [scmNode-1-RatisPipelineUtilsThread-0] INFO  pipeline.RatisPipelineProvider (RatisPipelineProvider.java:lambda$create$0(205)) - Sending CreatePipelineCommand for pipeline:PipelineID=09556f9f-9f24-4dd4-9dbc-4f5cf625c0f0 to datanode:4c92e27b-ecd4-4d14-ba24-c9bbe0da28ff
2024-08-23 17:40:35,399 [main] INFO  ozone.MiniOzoneClusterImpl (MiniOzoneClusterImpl.java:lambda$waitForClusterToBeReady$0(198)) - Nodes are ready. Got 3 of 3 DN Heartbeats.
2024-08-23 17:40:35,400 [main] INFO  ozone.MiniOzoneClusterImpl (MiniOzoneClusterImpl.java:lambda$waitForClusterToBeReady$0(201)) - Waiting for cluster to exit safe mode
2024-08-23 17:40:35,400 [main] INFO  ozone.MiniOzoneClusterImpl (MiniOzoneClusterImpl.java:lambda$waitForClusterToBeReady$0(203)) - SCM became leader
2024-08-23 17:40:35,401 [f4d24886-16e8-42a6-a606-6b9205f6426d@group-E7A29640EABD-StateMachineUpdater] INFO  safemode.HealthyPipelineSafeModeRule (HealthyPipelineSafeModeRule.java:initializeRule(172)) - Refreshed total pipeline count is 0, healthy pipeline threshold count is 1
2024-08-23 17:40:35,402 [scmNode-1-RatisPipelineUtilsThread-0] INFO  pipeline.BackgroundPipelineCreator (BackgroundPipelineCreator.java:createPipelines(236)) - Created new pipeline Pipeline[ Id: 09556f9f-9f24-4dd4-9dbc-4f5cf625c0f0, Nodes: 4c92e27b-ecd4-4d14-ba24-c9bbe0da28ff(localhost/127.0.0.1) ReplicaIndex: 0, ReplicationConfig: RATIS/ONE, State:ALLOCATED, leaderId:, CreationTimestamp2024-08-23T17:40:35.399593956Z[Etc/UTC]]
2024-08-23 17:40:35,402 [scmNode-1-RatisPipelineUtilsThread-0] INFO  pipeline.RatisPipelineProvider (RatisPipelineProvider.java:lambda$create$0(205)) - Sending CreatePipelineCommand for pipeline:PipelineID=0cfc3ccb-df1c-40a7-a6da-09cd5a5c52e7 to datanode:97398481-acd0-44c3-9c1f-2d1228ad6123
2024-08-23 17:40:35,402 [scmNode-1-RatisPipelineUtilsThread-0] INFO  pipeline.RatisPipelineProvider (RatisPipelineProvider.java:lambda$create$0(205)) - Sending CreatePipelineCommand for pipeline:PipelineID=0cfc3ccb-df1c-40a7-a6da-09cd5a5c52e7 to datanode:ab598a91-1760-425c-863f-c9c0150b23d9
2024-08-23 17:40:35,402 [scmNode-1-RatisPipelineUtilsThread-0] INFO  pipeline.RatisPipelineProvider (RatisPipelineProvider.java:lambda$create$0(205)) - Sending CreatePipelineCommand for pipeline:PipelineID=0cfc3ccb-df1c-40a7-a6da-09cd5a5c52e7 to datanode:4c92e27b-ecd4-4d14-ba24-c9bbe0da28ff
2024-08-23 17:40:35,404 [f4d24886-16e8-42a6-a606-6b9205f6426d@group-E7A29640EABD-StateMachineUpdater] INFO  safemode.HealthyPipelineSafeModeRule (HealthyPipelineSafeModeRule.java:initializeRule(172)) - Refreshed total pipeline count is 0, healthy pipeline threshold count is 1
2024-08-23 17:40:35,404 [scmNode-1-RatisPipelineUtilsThread-0] INFO  pipeline.BackgroundPipelineCreator (BackgroundPipelineCreator.java:createPipelines(236)) - Created new pipeline Pipeline[ Id: 0cfc3ccb-df1c-40a7-a6da-09cd5a5c52e7, Nodes: 97398481-acd0-44c3-9c1f-2d1228ad6123(localhost/127.0.0.1) ReplicaIndex: 0ab598a91-1760-425c-863f-c9c0150b23d9(localhost/127.0.0.1) ReplicaIndex: 04c92e27b-ecd4-4d14-ba24-c9bbe0da28ff(localhost/127.0.0.1) ReplicaIndex: 0, ReplicationConfig: RATIS/THREE, State:ALLOCATED, leaderId:, CreationTimestamp2024-08-23T17:40:35.402600802Z[Etc/UTC]]
2024-08-23 17:40:35,405 [scmNode-1-RatisPipelineUtilsThread-0] INFO  pipeline.RatisPipelineProvider (RatisPipelineProvider.java:lambda$create$0(205)) - Sending CreatePipelineCommand for pipeline:PipelineID=aa54c26e-dc3d-466a-8ec7-3784ce077ecc to datanode:97398481-acd0-44c3-9c1f-2d1228ad6123
2024-08-23 17:40:35,405 [scmNode-1-RatisPipelineUtilsThread-0] INFO  pipeline.RatisPipelineProvider (RatisPipelineProvider.java:lambda$create$0(205)) - Sending CreatePipelineCommand for pipeline:PipelineID=aa54c26e-dc3d-466a-8ec7-3784ce077ecc to datanode:ab598a91-1760-425c-863f-c9c0150b23d9
2024-08-23 17:40:35,405 [scmNode-1-RatisPipelineUtilsThread-0] INFO  pipeline.RatisPipelineProvider (RatisPipelineProvider.java:lambda$create$0(205)) - Sending CreatePipelineCommand for pipeline:PipelineID=aa54c26e-dc3d-466a-8ec7-3784ce077ecc to datanode:4c92e27b-ecd4-4d14-ba24-c9bbe0da28ff
2024-08-23 17:40:35,407 [f4d24886-16e8-42a6-a606-6b9205f6426d@group-E7A29640EABD-StateMachineUpdater] INFO  safemode.HealthyPipelineSafeModeRule (HealthyPipelineSafeModeRule.java:initializeRule(172)) - Refreshed total pipeline count is 0, healthy pipeline threshold count is 1
2024-08-23 17:40:35,407 [scmNode-1-RatisPipelineUtilsThread-0] INFO  pipeline.PipelineManagerImpl (PipelineManagerImpl.java:recordMetricsForPipeline(916)) - Pipeline: PipelineID=aa54c26e-dc3d-466a-8ec7-3784ce077ecc contains same datanodes as previous pipelines: PipelineID=0cfc3ccb-df1c-40a7-a6da-09cd5a5c52e7 nodeIds: 97398481-acd0-44c3-9c1f-2d1228ad6123, ab598a91-1760-425c-863f-c9c0150b23d9, 4c92e27b-ecd4-4d14-ba24-c9bbe0da28ff
2024-08-23 17:40:35,407 [scmNode-1-RatisPipelineUtilsThread-0] INFO  pipeline.BackgroundPipelineCreator (BackgroundPipelineCreator.java:createPipelines(236)) - Created new pipeline Pipeline[ Id: aa54c26e-dc3d-466a-8ec7-3784ce077ecc, Nodes: 97398481-acd0-44c3-9c1f-2d1228ad6123(localhost/127.0.0.1) ReplicaIndex: 0ab598a91-1760-425c-863f-c9c0150b23d9(localhost/127.0.0.1) ReplicaIndex: 04c92e27b-ecd4-4d14-ba24-c9bbe0da28ff(localhost/127.0.0.1) ReplicaIndex: 0, ReplicationConfig: RATIS/THREE, State:ALLOCATED, leaderId:, CreationTimestamp2024-08-23T17:40:35.405319644Z[Etc/UTC]]
2024-08-23 17:40:36,400 [main] INFO  ozone.MiniOzoneClusterImpl (MiniOzoneClusterImpl.java:lambda$waitForClusterToBeReady$0(198)) - Nodes are ready. Got 3 of 3 DN Heartbeats.
2024-08-23 17:40:36,400 [main] INFO  ozone.MiniOzoneClusterImpl (MiniOzoneClusterImpl.java:lambda$waitForClusterToBeReady$0(201)) - Waiting for cluster to exit safe mode
2024-08-23 17:40:36,400 [main] INFO  ozone.MiniOzoneClusterImpl (MiniOzoneClusterImpl.java:lambda$waitForClusterToBeReady$0(203)) - SCM became leader
2024-08-23 17:40:37,401 [main] INFO  ozone.MiniOzoneClusterImpl (MiniOzoneClusterImpl.java:lambda$waitForClusterToBeReady$0(198)) - Nodes are ready. Got 3 of 3 DN Heartbeats.
2024-08-23 17:40:37,401 [main] INFO  ozone.MiniOzoneClusterImpl (MiniOzoneClusterImpl.java:lambda$waitForClusterToBeReady$0(201)) - Waiting for cluster to exit safe mode
2024-08-23 17:40:37,401 [main] INFO  ozone.MiniOzoneClusterImpl (MiniOzoneClusterImpl.java:lambda$waitForClusterToBeReady$0(203)) - SCM became leader
2024-08-23 17:40:37,848 [ab598a91-1760-425c-863f-c9c0150b23d9-PipelineCommandHandlerThread-0] INFO  server.RaftServer (RaftServerProxy.java:addNew(101)) - ab598a91-1760-425c-863f-c9c0150b23d9: addNew group-26B6F44DE0E3:[ab598a91-1760-425c-863f-c9c0150b23d9|127.0.0.1:15071] returns group-26B6F44DE0E3:java.util.concurrent.CompletableFuture@5b15fa2f[Not completed]
2024-08-23 17:40:37,850 [ab598a91-1760-425c-863f-c9c0150b23d9-groupManagement] INFO  server.RaftServer$Division (RaftServerImpl.java:<init>(253)) - ab598a91-1760-425c-863f-c9c0150b23d9: new RaftServerImpl for group-26B6F44DE0E3:[ab598a91-1760-425c-863f-c9c0150b23d9|127.0.0.1:15071] with ContainerStateMachine:uninitialized
2024-08-23 17:40:37,850 [ab598a91-1760-425c-863f-c9c0150b23d9-groupManagement] INFO  server.RaftServerConfigKeys (ConfUtils.java:logGet(46)) - raft.server.rpc.timeout.min = 5s (custom)
2024-08-23 17:40:37,850 [ab598a91-1760-425c-863f-c9c0150b23d9-groupManagement] INFO  server.RaftServerConfigKeys (ConfUtils.java:logGet(46)) - raft.server.rpc.timeout.max = 5200ms (custom)
2024-08-23 17:40:37,850 [ab598a91-1760-425c-863f-c9c0150b23d9-groupManagement] INFO  server.RaftServerConfigKeys (ConfUtils.java:logGet(46)) - raft.server.rpc.sleep.time = 25ms (default)
2024-08-23 17:40:37,850 [ab598a91-1760-425c-863f-c9c0150b23d9-groupManagement] INFO  server.RaftServerConfigKeys (ConfUtils.java:logGet(46)) - raft.server.rpc.slowness.timeout = 300s (custom)
2024-08-23 17:40:37,850 [ab598a91-1760-425c-863f-c9c0150b23d9-groupManagement] INFO  server.RaftServerConfigKeys (ConfUtils.java:logGet(46)) - raft.server.leaderelection.leader.step-down.wait-time = 10s (default)
2024-08-23 17:40:37,850 [ab598a91-1760-425c-863f-c9c0150b23d9-groupManagement] INFO  server.RaftServerConfigKeys (ConfUtils.java:logGet(46)) - raft.server.leaderelection.member.majority-add = false (default)
2024-08-23 17:40:37,850 [ab598a91-1760-425c-863f-c9c0150b23d9-groupManagement] INFO  server.RaftServerConfigKeys (ConfUtils.java:logGet(46)) - raft.server.sleep.deviation.threshold = 300ms (default)
2024-08-23 17:40:37,850 [ab598a91-1760-425c-863f-c9c0150b23d9-groupManagement] INFO  server.RaftServer$Division (ServerState.java:<init>(114)) - ab598a91-1760-425c-863f-c9c0150b23d9@group-26B6F44DE0E3: ConfigurationManager, init=conf: {index: -1, cur=peers:[ab598a91-1760-425c-863f-c9c0150b23d9|127.0.0.1:15071]|listeners:[], old=null}, confs=<EMPTY_MAP>
2024-08-23 17:40:37,850 [ab598a91-1760-425c-863f-c9c0150b23d9-groupManagement] INFO  server.RaftServerConfigKeys (ConfUtils.java:logGet(46)) - raft.server.notification.no-leader.timeout = 300s (custom)
2024-08-23 17:40:37,851 [ab598a91-1760-425c-863f-c9c0150b23d9-groupManagement] INFO  server.RaftServerConfigKeys (ConfUtils.java:logGet(46)) - raft.server.read.timeout = 10s (default)
2024-08-23 17:40:37,851 [ab598a91-1760-425c-863f-c9c0150b23d9-groupManagement] INFO  server.RaftServerConfigKeys (ConfUtils.java:logGet(46)) - raft.server.retrycache.expirytime = 600000ms (custom)
2024-08-23 17:40:37,851 [ab598a91-1760-425c-863f-c9c0150b23d9-groupManagement] INFO  server.RaftServerConfigKeys (ConfUtils.java:logGet(46)) - raft.server.retrycache.statistics.expirytime = 100ms (default)
2024-08-23 17:40:37,851 [ab598a91-1760-425c-863f-c9c0150b23d9-groupManagement] INFO  server.RaftServerConfigKeys (ConfUtils.java:logGet(46)) - raft.server.read.option = DEFAULT (default)
2024-08-23 17:40:37,851 [ab598a91-1760-425c-863f-c9c0150b23d9-groupManagement] INFO  server.RaftServerConfigKeys (ConfUtils.java:logGet(46)) - raft.server.read.read-after-write-consistent.write-index-cache.expiry-time = 60s (default)
2024-08-23 17:40:37,854 [ab598a91-1760-425c-863f-c9c0150b23d9-groupManagement] INFO  server.RaftServerConfigKeys (ConfUtils.java:logGet(46)) - raft.server.rpc.request.timeout = 60s (custom)
2024-08-23 17:40:37,854 [ab598a91-1760-425c-863f-c9c0150b23d9-groupManagement] INFO  server.RaftServerConfigKeys (ConfUtils.java:logGet(46)) - raft.server.log.appender.install.snapshot.enabled = false (custom)
2024-08-23 17:40:37,854 [ab598a91-1760-425c-863f-c9c0150b23d9-groupManagement] INFO  server.RaftServerConfigKeys (ConfUtils.java:logGet(46)) - raft.server.threadpool.server.cached = true (default)
2024-08-23 17:40:37,854 [ab598a91-1760-425c-863f-c9c0150b23d9-groupManagement] INFO  server.RaftServerConfigKeys (ConfUtils.java:logGet(46)) - raft.server.threadpool.server.size = 0 (default)
2024-08-23 17:40:37,854 [ab598a91-1760-425c-863f-c9c0150b23d9-groupManagement] INFO  server.RaftServerConfigKeys (ConfUtils.java:logGet(46)) - raft.server.threadpool.client.cached = true (default)
2024-08-23 17:40:37,855 [ab598a91-1760-425c-863f-c9c0150b23d9-groupManagement] INFO  server.RaftServerConfigKeys (ConfUtils.java:logGet(46)) - raft.server.threadpool.client.size = 0 (default)
2024-08-23 17:40:37,855 [ab598a91-1760-425c-863f-c9c0150b23d9-groupManagement] INFO  server.RaftServerConfigKeys (ConfUtils.java:logGet(46)) - raft.server.storage.free-space.min = 0MB (=0) (default)
2024-08-23 17:40:37,855 [ab598a91-1760-425c-863f-c9c0150b23d9-groupManagement] INFO  server.RaftServerConfigKeys (ConfUtils.java:logGet(46)) - raft.server.log.corruption.policy = EXCEPTION (default)
2024-08-23 17:40:37,855 [ab598a91-1760-425c-863f-c9c0150b23d9-groupManagement] INFO  server.RaftServerConfigKeys (ConfUtils.java:logGet(46)) - raft.server.storage.dir = [/home/runner/work/ozone/ozone/hadoop-ozone/integration-test/target/test-dir/MiniOzoneClusterImpl-79f21b30-aaf8-43fb-84ca-e7a29640eabd/ozone-meta/datanode-1/ratis] (custom)
2024-08-23 17:40:37,855 [ab598a91-1760-425c-863f-c9c0150b23d9-groupManagement] INFO  storage.RaftStorageDirectory (RaftStorageDirectoryImpl.java:analyzeStorage(138)) - The storage directory /home/runner/work/ozone/ozone/hadoop-ozone/integration-test/target/test-dir/MiniOzoneClusterImpl-79f21b30-aaf8-43fb-84ca-e7a29640eabd/ozone-meta/datanode-1/ratis/aca7c363-b9df-461b-a88d-26b6f44de0e3 does not exist. Creating ...
2024-08-23 17:40:37,856 [ab598a91-1760-425c-863f-c9c0150b23d9-groupManagement] INFO  storage.RaftStorageDirectory (RaftStorageDirectoryImpl.java:tryLock(229)) - Lock on /home/runner/work/ozone/ozone/hadoop-ozone/integration-test/target/test-dir/MiniOzoneClusterImpl-79f21b30-aaf8-43fb-84ca-e7a29640eabd/ozone-meta/datanode-1/ratis/aca7c363-b9df-461b-a88d-26b6f44de0e3/in_use.lock acquired by nodename 126670@fv-az848-402
2024-08-23 17:40:37,857 [ab598a91-1760-425c-863f-c9c0150b23d9-groupManagement] INFO  storage.RaftStorage (RaftStorageImpl.java:format(98)) - Storage directory /home/runner/work/ozone/ozone/hadoop-ozone/integration-test/target/test-dir/MiniOzoneClusterImpl-79f21b30-aaf8-43fb-84ca-e7a29640eabd/ozone-meta/datanode-1/ratis/aca7c363-b9df-461b-a88d-26b6f44de0e3 has been successfully formatted.
2024-08-23 17:40:37,857 [ab598a91-1760-425c-863f-c9c0150b23d9-groupManagement] INFO  ratis.ContainerStateMachine (ContainerStateMachine.java:loadSnapshot(295)) - group-26B6F44DE0E3: The snapshot info is null. Setting the last applied index to:(t:0, i:~)
2024-08-23 17:40:37,857 [ab598a91-1760-425c-863f-c9c0150b23d9-groupManagement] INFO  server.RaftServerConfigKeys (ConfUtils.java:logGet(46)) - raft.server.log.use.memory = false (default)
2024-08-23 17:40:37,858 [ab598a91-1760-425c-863f-c9c0150b23d9-groupManagement] INFO  server.RaftServerConfigKeys (ConfUtils.java:logGet(46)) - raft.server.log.purge.gap = 1000000 (custom)
2024-08-23 17:40:37,858 [ab598a91-1760-425c-863f-c9c0150b23d9-groupManagement] INFO  server.RaftServerConfigKeys (ConfUtils.java:logGet(46)) - raft.server.log.appender.buffer.byte-limit = 8388608 (custom)
2024-08-23 17:40:37,858 [ab598a91-1760-425c-863f-c9c0150b23d9-groupManagement] INFO  server.RaftServerConfigKeys (ConfUtils.java:logGet(46)) - raft.server.log.statemachine.data.read.timeout = 1000ms (default)
2024-08-23 17:40:37,858 [ab598a91-1760-425c-863f-c9c0150b23d9-groupManagement] INFO  server.RaftServerConfigKeys (ConfUtils.java:logGet(46)) - raft.server.log.purge.preservation.log.num = 0 (default)
2024-08-23 17:40:37,859 [ab598a91-1760-425c-863f-c9c0150b23d9-groupManagement] INFO  server.RaftServerConfigKeys (ConfUtils.java:logGet(46)) - raft.server.log.segment.size.max = 67108864 (custom)
2024-08-23 17:40:37,860 [ab598a91-1760-425c-863f-c9c0150b23d9-groupManagement] INFO  server.RaftServerConfigKeys (ConfUtils.java:logGet(46)) - raft.server.log.segment.cache.num.max = 2 (custom)
2024-08-23 17:40:37,860 [ab598a91-1760-425c-863f-c9c0150b23d9-groupManagement] INFO  server.RaftServerConfigKeys (ConfUtils.java:logGet(46)) - raft.server.log.segment.cache.size.max = 200MB (=209715200) (default)
2024-08-23 17:40:37,860 [ab598a91-1760-425c-863f-c9c0150b23d9-groupManagement] INFO  server.RaftServerConfigKeys (ConfUtils.java:logGet(46)) - raft.server.log.appender.buffer.byte-limit = 8388608 (custom)
2024-08-23 17:40:37,860 [ab598a91-1760-425c-863f-c9c0150b23d9-groupManagement] INFO  util.AwaitToRun (AwaitToRun.java:start(81)) - Thread[ab598a91-1760-425c-863f-c9c0150b23d9@group-26B6F44DE0E3-cacheEviction-AwaitToRun,5,main] started
2024-08-23 17:40:37,860 [ab598a91-1760-425c-863f-c9c0150b23d9-groupManagement] INFO  segmented.SegmentedRaftLogWorker (SegmentedRaftLogWorker.java:<init>(184)) - new ab598a91-1760-425c-863f-c9c0150b23d9@group-26B6F44DE0E3-SegmentedRaftLogWorker for RaftStorageImpl:Storage Directory /home/runner/work/ozone/ozone/hadoop-ozone/integration-test/target/test-dir/MiniOzoneClusterImpl-79f21b30-aaf8-43fb-84ca-e7a29640eabd/ozone-meta/datanode-1/ratis/aca7c363-b9df-461b-a88d-26b6f44de0e3
2024-08-23 17:40:37,860 [ab598a91-1760-425c-863f-c9c0150b23d9-groupManagement] INFO  server.RaftServerConfigKeys (ConfUtils.java:logGet(46)) - raft.server.log.queue.byte-limit = 4294967296 (custom)
2024-08-23 17:40:37,860 [ab598a91-1760-425c-863f-c9c0150b23d9-groupManagement] INFO  server.RaftServerConfigKeys (ConfUtils.java:logGet(46)) - raft.server.log.queue.element-limit = 1024 (custom)
2024-08-23 17:40:37,860 [ab598a91-1760-425c-863f-c9c0150b23d9-groupManagement] INFO  server.RaftServerConfigKeys (ConfUtils.java:logGet(46)) - raft.server.log.segment.size.max = 67108864 (custom)
2024-08-23 17:40:37,860 [ab598a91-1760-425c-863f-c9c0150b23d9-groupManagement] INFO  server.RaftServerConfigKeys (ConfUtils.java:logGet(46)) - raft.server.log.preallocated.size = 4194304 (custom)
2024-08-23 17:40:37,861 [ab598a91-1760-425c-863f-c9c0150b23d9-groupManagement] INFO  server.RaftServerConfigKeys (ConfUtils.java:logGet(46)) - raft.server.log.force.sync.num = 128 (default)
2024-08-23 17:40:37,861 [ab598a91-1760-425c-863f-c9c0150b23d9-groupManagement] INFO  server.RaftServerConfigKeys (ConfUtils.java:logGet(46)) - raft.server.log.statemachine.data.sync = true (default)
2024-08-23 17:40:37,861 [ab598a91-1760-425c-863f-c9c0150b23d9-groupManagement] INFO  server.RaftServerConfigKeys (ConfUtils.java:logGet(46)) - raft.server.log.statemachine.data.sync.timeout = 10s (default)
2024-08-23 17:40:37,861 [ab598a91-1760-425c-863f-c9c0150b23d9-groupManagement] INFO  server.RaftServerConfigKeys (ConfUtils.java:logGet(46)) - raft.server.log.statemachine.data.sync.timeout.retry = 30 (custom)
2024-08-23 17:40:37,860 [f4d24886-16e8-42a6-a606-6b9205f6426d@group-E7A29640EABD-StateMachineUpdater] INFO  safemode.HealthyPipelineSafeModeRule (HealthyPipelineSafeModeRule.java:initializeRule(172)) - Refreshed total pipeline count is 0, healthy pipeline threshold count is 1
2024-08-23 17:40:37,861 [ab598a91-1760-425c-863f-c9c0150b23d9-groupManagement] INFO  server.RaftServerConfigKeys (ConfUtils.java:logGet(46)) - raft.server.log.write.buffer.size = 8388616 (custom)
2024-08-23 17:40:37,861 [scmNode-1-EventQueue-PipelineReportForPipelineReportHandler] INFO  pipeline.PipelineReportHandler (PipelineReportHandler.java:processPipelineReport(136)) - Opened pipeline PipelineID=aca7c363-b9df-461b-a88d-26b6f44de0e3
2024-08-23 17:40:37,862 [scmNode-1-EventQueue-OpenPipelineForHealthyPipelineSafeModeRule] INFO  safemode.SCMSafeModeManager (HealthyPipelineSafeModeRule.java:process(140)) - SCM in safe mode. Healthy pipelines reported count is 0, required healthy pipeline reported count is 1
2024-08-23 17:40:37,863 [ab598a91-1760-425c-863f-c9c0150b23d9-groupManagement] INFO  server.RaftServerConfigKeys (ConfUtils.java:logGet(46)) - raft.server.log.appender.buffer.byte-limit = 8388608 (custom)
2024-08-23 17:40:37,863 [ab598a91-1760-425c-863f-c9c0150b23d9-groupManagement] INFO  server.RaftServerConfigKeys (ConfUtils.java:logGet(46)) - raft.server.log.unsafe-flush.enabled = false (default)
2024-08-23 17:40:37,863 [ab598a91-1760-425c-863f-c9c0150b23d9-groupManagement] INFO  server.RaftServerConfigKeys (ConfUtils.java:logGet(46)) - raft.server.log.async-flush.enabled = false (default)
2024-08-23 17:40:37,863 [ab598a91-1760-425c-863f-c9c0150b23d9-groupManagement] INFO  server.RaftServerConfigKeys (ConfUtils.java:logGet(46)) - raft.server.log.statemachine.data.caching.enabled = true (custom)
2024-08-23 17:40:37,864 [ab598a91-1760-425c-863f-c9c0150b23d9-groupManagement] INFO  segmented.SegmentedRaftLogWorker (SegmentedRaftLogWorker.java:lambda$new$0(135)) - ab598a91-1760-425c-863f-c9c0150b23d9@group-26B6F44DE0E3-SegmentedRaftLogWorker: flushIndex: setUnconditionally 0 -> -1
2024-08-23 17:40:37,864 [ab598a91-1760-425c-863f-c9c0150b23d9-groupManagement] INFO  segmented.SegmentedRaftLogWorker (SegmentedRaftLogWorker.java:lambda$new$0(135)) - ab598a91-1760-425c-863f-c9c0150b23d9@group-26B6F44DE0E3-SegmentedRaftLogWorker: safeCacheEvictIndex: setUnconditionally 0 -> -1
2024-08-23 17:40:37,864 [ab598a91-1760-425c-863f-c9c0150b23d9-groupManagement] INFO  server.RaftServer$Division (RaftServerImpl.java:start(389)) - ab598a91-1760-425c-863f-c9c0150b23d9@group-26B6F44DE0E3: start as a follower, conf=conf: {index: -1, cur=peers:[ab598a91-1760-425c-863f-c9c0150b23d9|127.0.0.1:15071]|listeners:[], old=null}
2024-08-23 17:40:37,864 [ab598a91-1760-425c-863f-c9c0150b23d9-groupManagement] INFO  server.RaftServer$Division (RaftServerImpl.java:setRole(376)) - ab598a91-1760-425c-863f-c9c0150b23d9@group-26B6F44DE0E3: changes role from      null to FOLLOWER at term 0 for startAsFollower
2024-08-23 17:40:37,864 [ab598a91-1760-425c-863f-c9c0150b23d9-groupManagement] INFO  impl.RoleInfo (RoleInfo.java:updateAndGet(148)) - ab598a91-1760-425c-863f-c9c0150b23d9: start ab598a91-1760-425c-863f-c9c0150b23d9@group-26B6F44DE0E3-FollowerState
2024-08-23 17:40:37,864 [ab598a91-1760-425c-863f-c9c0150b23d9-groupManagement] INFO  util.JmxRegister (JmxRegister.java:tryRegister(44)) - Successfully registered JMX Bean with object name Ratis:service=RaftServer,group=group-26B6F44DE0E3,id=ab598a91-1760-425c-863f-c9c0150b23d9
2024-08-23 17:40:37,864 [ab598a91-1760-425c-863f-c9c0150b23d9-groupManagement] INFO  util.JmxRegister (JmxRegister.java:register(58)) - register mxBean class org.apache.ratis.server.impl.RaftServerJmxAdapter as Ratis:service=RaftServer,group=group-26B6F44DE0E3,id=ab598a91-1760-425c-863f-c9c0150b23d9
2024-08-23 17:40:37,864 [ab598a91-1760-425c-863f-c9c0150b23d9-groupManagement] INFO  server.RaftServerConfigKeys (ConfUtils.java:logGet(46)) - raft.server.snapshot.trigger-when-stop.enabled = true (default)
2024-08-23 17:40:37,865 [ab598a91-1760-425c-863f-c9c0150b23d9-groupManagement] INFO  server.RaftServerConfigKeys (ConfUtils.java:logGet(46)) - raft.server.snapshot.trigger-when-remove.enabled = true (default)
2024-08-23 17:40:37,865 [ab598a91-1760-425c-863f-c9c0150b23d9-groupManagement] INFO  server.RaftServerConfigKeys (ConfUtils.java:logGet(46)) - raft.server.snapshot.auto.trigger.enabled = true (custom)
2024-08-23 17:40:37,865 [ab598a91-1760-425c-863f-c9c0150b23d9-groupManagement] INFO  server.RaftServerConfigKeys (ConfUtils.java:logGet(46)) - raft.server.snapshot.auto.trigger.threshold = 10000 (custom)
2024-08-23 17:40:37,865 [ab598a91-1760-425c-863f-c9c0150b23d9-groupManagement] INFO  server.RaftServerConfigKeys (ConfUtils.java:logGet(46)) - raft.server.snapshot.retention.file.num = 5 (custom)
2024-08-23 17:40:37,865 [ab598a91-1760-425c-863f-c9c0150b23d9-groupManagement] INFO  server.RaftServerConfigKeys (ConfUtils.java:logGet(46)) - raft.server.log.purge.upto.snapshot.index = false (default)
2024-08-23 17:40:37,865 [ab598a91-1760-425c-863f-c9c0150b23d9-PipelineCommandHandlerThread-0] INFO  ratis.XceiverServerRatis (XceiverServerRatis.java:addGroup(849)) - Created group PipelineID=aca7c363-b9df-461b-a88d-26b6f44de0e3
2024-08-23 17:40:37,865 [ab598a91-1760-425c-863f-c9c0150b23d9-PipelineCommandHandlerThread-0] INFO  commandhandler.CreatePipelineCommandHandler (CreatePipelineCommandHandler.java:lambda$handle$2(124)) - Created Pipeline RATIS ONE PipelineID=aca7c363-b9df-461b-a88d-26b6f44de0e3.
2024-08-23 17:40:37,865 [ab598a91-1760-425c-863f-c9c0150b23d9@group-26B6F44DE0E3-FollowerState] INFO  server.RaftServerConfigKeys (ConfUtils.java:logFallback(53)) - raft.server.rpc.first-election.timeout.min = 5s (fallback to raft.server.rpc.timeout.min)
2024-08-23 17:40:37,866 [ab598a91-1760-425c-863f-c9c0150b23d9@group-26B6F44DE0E3-FollowerState] INFO  server.RaftServerConfigKeys (ConfUtils.java:logFallback(53)) - raft.server.rpc.first-election.timeout.max = 5200ms (fallback to raft.server.rpc.timeout.max)
2024-08-23 17:40:37,866 [ab598a91-1760-425c-863f-c9c0150b23d9-PipelineCommandHandlerThread-0] INFO  server.RaftServer (RaftServerProxy.java:addNew(101)) - ab598a91-1760-425c-863f-c9c0150b23d9: addNew group-09CD5A5C52E7:[ab598a91-1760-425c-863f-c9c0150b23d9|127.0.0.1:15071, 4c92e27b-ecd4-4d14-ba24-c9bbe0da28ff|127.0.0.1:15089, 97398481-acd0-44c3-9c1f-2d1228ad6123|127.0.0.1:15080] returns group-09CD5A5C52E7:java.util.concurrent.CompletableFuture@5f2a7595[Not completed]
2024-08-23 17:40:37,867 [ab598a91-1760-425c-863f-c9c0150b23d9-groupManagement] INFO  server.RaftServer$Division (RaftServerImpl.java:<init>(253)) - ab598a91-1760-425c-863f-c9c0150b23d9: new RaftServerImpl for group-09CD5A5C52E7:[ab598a91-1760-425c-863f-c9c0150b23d9|127.0.0.1:15071, 4c92e27b-ecd4-4d14-ba24-c9bbe0da28ff|127.0.0.1:15089, 97398481-acd0-44c3-9c1f-2d1228ad6123|127.0.0.1:15080] with ContainerStateMachine:uninitialized
2024-08-23 17:40:37,867 [ab598a91-1760-425c-863f-c9c0150b23d9-groupManagement] INFO  server.RaftServerConfigKeys (ConfUtils.java:logGet(46)) - raft.server.rpc.timeout.min = 5s (custom)
2024-08-23 17:40:37,867 [ab598a91-1760-425c-863f-c9c0150b23d9-groupManagement] INFO  server.RaftServerConfigKeys (ConfUtils.java:logGet(46)) - raft.server.rpc.timeout.max = 5200ms (custom)
2024-08-23 17:40:37,867 [ab598a91-1760-425c-863f-c9c0150b23d9-groupManagement] INFO  server.RaftServerConfigKeys (ConfUtils.java:logGet(46)) - raft.server.rpc.sleep.time = 25ms (default)
2024-08-23 17:40:37,867 [ab598a91-1760-425c-863f-c9c0150b23d9-groupManagement] INFO  server.RaftServerConfigKeys (ConfUtils.java:logGet(46)) - raft.server.rpc.slowness.timeout = 300s (custom)
2024-08-23 17:40:37,867 [ab598a91-1760-425c-863f-c9c0150b23d9-groupManagement] INFO  server.RaftServerConfigKeys (ConfUtils.java:logGet(46)) - raft.server.leaderelection.leader.step-down.wait-time = 10s (default)
2024-08-23 17:40:37,867 [ab598a91-1760-425c-863f-c9c0150b23d9-groupManagement] INFO  server.RaftServerConfigKeys (ConfUtils.java:logGet(46)) - raft.server.leaderelection.member.majority-add = false (default)
2024-08-23 17:40:37,867 [ab598a91-1760-425c-863f-c9c0150b23d9-groupManagement] INFO  server.RaftServerConfigKeys (ConfUtils.java:logGet(46)) - raft.server.sleep.deviation.threshold = 300ms (default)
2024-08-23 17:40:37,867 [ab598a91-1760-425c-863f-c9c0150b23d9-groupManagement] INFO  server.RaftServer$Division (ServerState.java:<init>(114)) - ab598a91-1760-425c-863f-c9c0150b23d9@group-09CD5A5C52E7: ConfigurationManager, init=conf: {index: -1, cur=peers:[ab598a91-1760-425c-863f-c9c0150b23d9|127.0.0.1:15071, 4c92e27b-ecd4-4d14-ba24-c9bbe0da28ff|127.0.0.1:15089, 97398481-acd0-44c3-9c1f-2d1228ad6123|127.0.0.1:15080]|listeners:[], old=null}, confs=<EMPTY_MAP>
2024-08-23 17:40:37,867 [ab598a91-1760-425c-863f-c9c0150b23d9-groupManagement] INFO  server.RaftServerConfigKeys (ConfUtils.java:logGet(46)) - raft.server.notification.no-leader.timeout = 300s (custom)
2024-08-23 17:40:37,868 [ab598a91-1760-425c-863f-c9c0150b23d9-groupManagement] INFO  server.RaftServerConfigKeys (ConfUtils.java:logGet(46)) - raft.server.read.timeout = 10s (default)
2024-08-23 17:40:37,868 [ab598a91-1760-425c-863f-c9c0150b23d9-groupManagement] INFO  server.RaftServerConfigKeys (ConfUtils.java:logGet(46)) - raft.server.retrycache.expirytime = 600000ms (custom)
2024-08-23 17:40:37,868 [ab598a91-1760-425c-863f-c9c0150b23d9-groupManagement] INFO  server.RaftServerConfigKeys (ConfUtils.java:logGet(46)) - raft.server.retrycache.statistics.expirytime = 100ms (default)
2024-08-23 17:40:37,868 [ab598a91-1760-425c-863f-c9c0150b23d9-groupManagement] INFO  server.RaftServerConfigKeys (ConfUtils.java:logGet(46)) - raft.server.read.option = DEFAULT (default)
2024-08-23 17:40:37,868 [ab598a91-1760-425c-863f-c9c0150b23d9-groupManagement] INFO  server.RaftServerConfigKeys (ConfUtils.java:logGet(46)) - raft.server.read.read-after-write-consistent.write-index-cache.expiry-time = 60s (default)
2024-08-23 17:40:37,871 [ab598a91-1760-425c-863f-c9c0150b23d9-groupManagement] INFO  server.RaftServerConfigKeys (ConfUtils.java:logGet(46)) - raft.server.rpc.request.timeout = 60s (custom)
2024-08-23 17:40:37,871 [ab598a91-1760-425c-863f-c9c0150b23d9-groupManagement] INFO  server.RaftServerConfigKeys (ConfUtils.java:logGet(46)) - raft.server.log.appender.install.snapshot.enabled = false (custom)
2024-08-23 17:40:37,871 [ab598a91-1760-425c-863f-c9c0150b23d9-groupManagement] INFO  server.RaftServerConfigKeys (ConfUtils.java:logGet(46)) - raft.server.threadpool.server.cached = true (default)
2024-08-23 17:40:37,871 [ab598a91-1760-425c-863f-c9c0150b23d9-groupManagement] INFO  server.RaftServerConfigKeys (ConfUtils.java:logGet(46)) - raft.server.threadpool.server.size = 0 (default)
2024-08-23 17:40:37,871 [ab598a91-1760-425c-863f-c9c0150b23d9-groupManagement] INFO  server.RaftServerConfigKeys (ConfUtils.java:logGet(46)) - raft.server.threadpool.client.cached = true (default)
2024-08-23 17:40:37,871 [ab598a91-1760-425c-863f-c9c0150b23d9-groupManagement] INFO  server.RaftServerConfigKeys (ConfUtils.java:logGet(46)) - raft.server.threadpool.client.size = 0 (default)
2024-08-23 17:40:37,871 [ab598a91-1760-425c-863f-c9c0150b23d9-groupManagement] INFO  server.RaftServerConfigKeys (ConfUtils.java:logGet(46)) - raft.server.storage.free-space.min = 0MB (=0) (default)
2024-08-23 17:40:37,871 [ab598a91-1760-425c-863f-c9c0150b23d9-groupManagement] INFO  server.RaftServerConfigKeys (ConfUtils.java:logGet(46)) - raft.server.log.corruption.policy = EXCEPTION (default)
2024-08-23 17:40:37,871 [ab598a91-1760-425c-863f-c9c0150b23d9-groupManagement] INFO  server.RaftServerConfigKeys (ConfUtils.java:logGet(46)) - raft.server.storage.dir = [/home/runner/work/ozone/ozone/hadoop-ozone/integration-test/target/test-dir/MiniOzoneClusterImpl-79f21b30-aaf8-43fb-84ca-e7a29640eabd/ozone-meta/datanode-1/ratis] (custom)
2024-08-23 17:40:37,872 [ab598a91-1760-425c-863f-c9c0150b23d9-groupManagement] INFO  storage.RaftStorageDirectory (RaftStorageDirectoryImpl.java:analyzeStorage(138)) - The storage directory /home/runner/work/ozone/ozone/hadoop-ozone/integration-test/target/test-dir/MiniOzoneClusterImpl-79f21b30-aaf8-43fb-84ca-e7a29640eabd/ozone-meta/datanode-1/ratis/0cfc3ccb-df1c-40a7-a6da-09cd5a5c52e7 does not exist. Creating ...
2024-08-23 17:40:37,873 [ab598a91-1760-425c-863f-c9c0150b23d9-groupManagement] INFO  storage.RaftStorageDirectory (RaftStorageDirectoryImpl.java:tryLock(229)) - Lock on /home/runner/work/ozone/ozone/hadoop-ozone/integration-test/target/test-dir/MiniOzoneClusterImpl-79f21b30-aaf8-43fb-84ca-e7a29640eabd/ozone-meta/datanode-1/ratis/0cfc3ccb-df1c-40a7-a6da-09cd5a5c52e7/in_use.lock acquired by nodename 126670@fv-az848-402
2024-08-23 17:40:37,874 [ab598a91-1760-425c-863f-c9c0150b23d9-groupManagement] INFO  storage.RaftStorage (RaftStorageImpl.java:format(98)) - Storage directory /home/runner/work/ozone/ozone/hadoop-ozone/integration-test/target/test-dir/MiniOzoneClusterImpl-79f21b30-aaf8-43fb-84ca-e7a29640eabd/ozone-meta/datanode-1/ratis/0cfc3ccb-df1c-40a7-a6da-09cd5a5c52e7 has been successfully formatted.
2024-08-23 17:40:37,874 [ab598a91-1760-425c-863f-c9c0150b23d9-groupManagement] INFO  ratis.ContainerStateMachine (ContainerStateMachine.java:loadSnapshot(295)) - group-09CD5A5C52E7: The snapshot info is null. Setting the last applied index to:(t:0, i:~)
2024-08-23 17:40:37,874 [ab598a91-1760-425c-863f-c9c0150b23d9-groupManagement] INFO  server.RaftServerConfigKeys (ConfUtils.java:logGet(46)) - raft.server.log.use.memory = false (default)
2024-08-23 17:40:37,874 [ab598a91-1760-425c-863f-c9c0150b23d9-groupManagement] INFO  server.RaftServerConfigKeys (ConfUtils.java:logGet(46)) - raft.server.log.purge.gap = 1000000 (custom)
2024-08-23 17:40:37,874 [ab598a91-1760-425c-863f-c9c0150b23d9-groupManagement] INFO  server.RaftServerConfigKeys (ConfUtils.java:logGet(46)) - raft.server.log.appender.buffer.byte-limit = 8388608 (custom)
2024-08-23 17:40:37,874 [ab598a91-1760-425c-863f-c9c0150b23d9-groupManagement] INFO  server.RaftServerConfigKeys (ConfUtils.java:logGet(46)) - raft.server.log.statemachine.data.read.timeout = 1000ms (default)
2024-08-23 17:40:37,874 [ab598a91-1760-425c-863f-c9c0150b23d9-groupManagement] INFO  server.RaftServerConfigKeys (ConfUtils.java:logGet(46)) - raft.server.log.purge.preservation.log.num = 0 (default)
2024-08-23 17:40:37,875 [ab598a91-1760-425c-863f-c9c0150b23d9-groupManagement] INFO  server.RaftServerConfigKeys (ConfUtils.java:logGet(46)) - raft.server.log.segment.size.max = 67108864 (custom)
2024-08-23 17:40:37,876 [ab598a91-1760-425c-863f-c9c0150b23d9-groupManagement] INFO  server.RaftServerConfigKeys (ConfUtils.java:logGet(46)) - raft.server.log.segment.cache.num.max = 2 (custom)
2024-08-23 17:40:37,876 [ab598a91-1760-425c-863f-c9c0150b23d9-groupManagement] INFO  server.RaftServerConfigKeys (ConfUtils.java:logGet(46)) - raft.server.log.segment.cache.size.max = 200MB (=209715200) (default)
2024-08-23 17:40:37,876 [scmNode-1-EventQueue-OpenPipelineForHealthyPipelineSafeModeRule] INFO  safemode.SCMSafeModeManager (HealthyPipelineSafeModeRule.java:process(140)) - SCM in safe mode. Healthy pipelines reported count is 0, required healthy pipeline reported count is 1
2024-08-23 17:40:37,876 [ab598a91-1760-425c-863f-c9c0150b23d9-groupManagement] INFO  server.RaftServerConfigKeys (ConfUtils.java:logGet(46)) - raft.server.log.appender.buffer.byte-limit = 8388608 (custom)
2024-08-23 17:40:37,878 [ab598a91-1760-425c-863f-c9c0150b23d9-groupManagement] INFO  util.AwaitToRun (AwaitToRun.java:start(81)) - Thread[ab598a91-1760-425c-863f-c9c0150b23d9@group-09CD5A5C52E7-cacheEviction-AwaitToRun,5,main] started
2024-08-23 17:40:37,878 [ab598a91-1760-425c-863f-c9c0150b23d9-groupManagement] INFO  segmented.SegmentedRaftLogWorker (SegmentedRaftLogWorker.java:<init>(184)) - new ab598a91-1760-425c-863f-c9c0150b23d9@group-09CD5A5C52E7-SegmentedRaftLogWorker for RaftStorageImpl:Storage Directory /home/runner/work/ozone/ozone/hadoop-ozone/integration-test/target/test-dir/MiniOzoneClusterImpl-79f21b30-aaf8-43fb-84ca-e7a29640eabd/ozone-meta/datanode-1/ratis/0cfc3ccb-df1c-40a7-a6da-09cd5a5c52e7
2024-08-23 17:40:37,878 [ab598a91-1760-425c-863f-c9c0150b23d9-groupManagement] INFO  server.RaftServerConfigKeys (ConfUtils.java:logGet(46)) - raft.server.log.queue.byte-limit = 4294967296 (custom)
2024-08-23 17:40:37,878 [ab598a91-1760-425c-863f-c9c0150b23d9-groupManagement] INFO  server.RaftServerConfigKeys (ConfUtils.java:logGet(46)) - raft.server.log.queue.element-limit = 1024 (custom)
2024-08-23 17:40:37,878 [ab598a91-1760-425c-863f-c9c0150b23d9-groupManagement] INFO  server.RaftServerConfigKeys (ConfUtils.java:logGet(46)) - raft.server.log.segment.size.max = 67108864 (custom)
2024-08-23 17:40:37,878 [ab598a91-1760-425c-863f-c9c0150b23d9-groupManagement] INFO  server.RaftServerConfigKeys (ConfUtils.java:logGet(46)) - raft.server.log.preallocated.size = 4194304 (custom)
2024-08-23 17:40:37,878 [ab598a91-1760-425c-863f-c9c0150b23d9-groupManagement] INFO  server.RaftServerConfigKeys (ConfUtils.java:logGet(46)) - raft.server.log.force.sync.num = 128 (default)
2024-08-23 17:40:37,878 [ab598a91-1760-425c-863f-c9c0150b23d9-groupManagement] INFO  server.RaftServerConfigKeys (ConfUtils.java:logGet(46)) - raft.server.log.statemachine.data.sync = true (default)
2024-08-23 17:40:37,878 [ab598a91-1760-425c-863f-c9c0150b23d9-groupManagement] INFO  server.RaftServerConfigKeys (ConfUtils.java:logGet(46)) - raft.server.log.statemachine.data.sync.timeout = 10s (default)
2024-08-23 17:40:37,878 [ab598a91-1760-425c-863f-c9c0150b23d9-groupManagement] INFO  server.RaftServerConfigKeys (ConfUtils.java:logGet(46)) - raft.server.log.statemachine.data.sync.timeout.retry = 30 (custom)
2024-08-23 17:40:37,878 [ab598a91-1760-425c-863f-c9c0150b23d9-groupManagement] INFO  server.RaftServerConfigKeys (ConfUtils.java:logGet(46)) - raft.server.log.write.buffer.size = 8388616 (custom)
2024-08-23 17:40:37,880 [ab598a91-1760-425c-863f-c9c0150b23d9-groupManagement] INFO  server.RaftServerConfigKeys (ConfUtils.java:logGet(46)) - raft.server.log.appender.buffer.byte-limit = 8388608 (custom)
2024-08-23 17:40:37,880 [ab598a91-1760-425c-863f-c9c0150b23d9-groupManagement] INFO  server.RaftServerConfigKeys (ConfUtils.java:logGet(46)) - raft.server.log.unsafe-flush.enabled = false (default)
2024-08-23 17:40:37,882 [ab598a91-1760-425c-863f-c9c0150b23d9-groupManagement] INFO  server.RaftServerConfigKeys (ConfUtils.java:logGet(46)) - raft.server.log.async-flush.enabled = false (default)
2024-08-23 17:40:37,882 [ab598a91-1760-425c-863f-c9c0150b23d9-groupManagement] INFO  server.RaftServerConfigKeys (ConfUtils.java:logGet(46)) - raft.server.log.statemachine.data.caching.enabled = true (custom)
2024-08-23 17:40:37,883 [ab598a91-1760-425c-863f-c9c0150b23d9-groupManagement] INFO  segmented.SegmentedRaftLogWorker (SegmentedRaftLogWorker.java:lambda$new$0(135)) - ab598a91-1760-425c-863f-c9c0150b23d9@group-09CD5A5C52E7-SegmentedRaftLogWorker: flushIndex: setUnconditionally 0 -> -1
2024-08-23 17:40:37,883 [ab598a91-1760-425c-863f-c9c0150b23d9-groupManagement] INFO  segmented.SegmentedRaftLogWorker (SegmentedRaftLogWorker.java:lambda$new$0(135)) - ab598a91-1760-425c-863f-c9c0150b23d9@group-09CD5A5C52E7-SegmentedRaftLogWorker: safeCacheEvictIndex: setUnconditionally 0 -> -1
2024-08-23 17:40:37,883 [ab598a91-1760-425c-863f-c9c0150b23d9-groupManagement] INFO  server.RaftServer$Division (RaftServerImpl.java:start(389)) - ab598a91-1760-425c-863f-c9c0150b23d9@group-09CD5A5C52E7: start as a follower, conf=conf: {index: -1, cur=peers:[ab598a91-1760-425c-863f-c9c0150b23d9|127.0.0.1:15071, 4c92e27b-ecd4-4d14-ba24-c9bbe0da28ff|127.0.0.1:15089, 97398481-acd0-44c3-9c1f-2d1228ad6123|127.0.0.1:15080]|listeners:[], old=null}
2024-08-23 17:40:37,883 [ab598a91-1760-425c-863f-c9c0150b23d9-groupManagement] INFO  server.RaftServer$Division (RaftServerImpl.java:setRole(376)) - ab598a91-1760-425c-863f-c9c0150b23d9@group-09CD5A5C52E7: changes role from      null to FOLLOWER at term 0 for startAsFollower
2024-08-23 17:40:37,883 [ab598a91-1760-425c-863f-c9c0150b23d9-groupManagement] INFO  impl.RoleInfo (RoleInfo.java:updateAndGet(148)) - ab598a91-1760-425c-863f-c9c0150b23d9: start ab598a91-1760-425c-863f-c9c0150b23d9@group-09CD5A5C52E7-FollowerState
2024-08-23 17:40:37,884 [ab598a91-1760-425c-863f-c9c0150b23d9-groupManagement] INFO  util.JmxRegister (JmxRegister.java:tryRegister(44)) - Successfully registered JMX Bean with object name Ratis:service=RaftServer,group=group-09CD5A5C52E7,id=ab598a91-1760-425c-863f-c9c0150b23d9
2024-08-23 17:40:37,884 [ab598a91-1760-425c-863f-c9c0150b23d9-groupManagement] INFO  util.JmxRegister (JmxRegister.java:register(58)) - register mxBean class org.apache.ratis.server.impl.RaftServerJmxAdapter as Ratis:service=RaftServer,group=group-09CD5A5C52E7,id=ab598a91-1760-425c-863f-c9c0150b23d9
2024-08-23 17:40:37,884 [ab598a91-1760-425c-863f-c9c0150b23d9@group-09CD5A5C52E7-FollowerState] INFO  server.RaftServerConfigKeys (ConfUtils.java:logFallback(53)) - raft.server.rpc.first-election.timeout.min = 5s (fallback to raft.server.rpc.timeout.min)
2024-08-23 17:40:37,884 [ab598a91-1760-425c-863f-c9c0150b23d9@group-09CD5A5C52E7-FollowerState] INFO  server.RaftServerConfigKeys (ConfUtils.java:logFallback(53)) - raft.server.rpc.first-election.timeout.max = 5200ms (fallback to raft.server.rpc.timeout.max)
2024-08-23 17:40:37,884 [ab598a91-1760-425c-863f-c9c0150b23d9-groupManagement] INFO  server.RaftServerConfigKeys (ConfUtils.java:logGet(46)) - raft.server.snapshot.trigger-when-stop.enabled = true (default)
2024-08-23 17:40:37,884 [ab598a91-1760-425c-863f-c9c0150b23d9-groupManagement] INFO  server.RaftServerConfigKeys (ConfUtils.java:logGet(46)) - raft.server.snapshot.trigger-when-remove.enabled = true (default)
2024-08-23 17:40:37,884 [ab598a91-1760-425c-863f-c9c0150b23d9-groupManagement] INFO  server.RaftServerConfigKeys (ConfUtils.java:logGet(46)) - raft.server.snapshot.auto.trigger.enabled = true (custom)
2024-08-23 17:40:37,884 [ab598a91-1760-425c-863f-c9c0150b23d9-groupManagement] INFO  server.RaftServerConfigKeys (ConfUtils.java:logGet(46)) - raft.server.snapshot.auto.trigger.threshold = 10000 (custom)
2024-08-23 17:40:37,885 [ab598a91-1760-425c-863f-c9c0150b23d9-groupManagement] INFO  server.RaftServerConfigKeys (ConfUtils.java:logGet(46)) - raft.server.snapshot.retention.file.num = 5 (custom)
2024-08-23 17:40:37,885 [ab598a91-1760-425c-863f-c9c0150b23d9-groupManagement] INFO  server.RaftServerConfigKeys (ConfUtils.java:logGet(46)) - raft.server.log.purge.upto.snapshot.index = false (default)
2024-08-23 17:40:37,887 [ab598a91-1760-425c-863f-c9c0150b23d9-PipelineCommandHandlerThread-0] INFO  ratis.XceiverServerRatis (XceiverServerRatis.java:addGroup(849)) - Created group PipelineID=0cfc3ccb-df1c-40a7-a6da-09cd5a5c52e7
2024-08-23 17:40:37,899 [grpc-default-executor-0] INFO  server.RaftServer (RaftServerProxy.java:addNew(101)) - 97398481-acd0-44c3-9c1f-2d1228ad6123: addNew group-09CD5A5C52E7:[ab598a91-1760-425c-863f-c9c0150b23d9|127.0.0.1:15071, 4c92e27b-ecd4-4d14-ba24-c9bbe0da28ff|127.0.0.1:15089, 97398481-acd0-44c3-9c1f-2d1228ad6123|127.0.0.1:15080] returns group-09CD5A5C52E7:java.util.concurrent.CompletableFuture@1c9d0b9[Not completed]
2024-08-23 17:40:37,900 [97398481-acd0-44c3-9c1f-2d1228ad6123-groupManagement] INFO  server.RaftServer$Division (RaftServerImpl.java:<init>(253)) - 97398481-acd0-44c3-9c1f-2d1228ad6123: new RaftServerImpl for group-09CD5A5C52E7:[ab598a91-1760-425c-863f-c9c0150b23d9|127.0.0.1:15071, 4c92e27b-ecd4-4d14-ba24-c9bbe0da28ff|127.0.0.1:15089, 97398481-acd0-44c3-9c1f-2d1228ad6123|127.0.0.1:15080] with ContainerStateMachine:uninitialized
2024-08-23 17:40:37,900 [97398481-acd0-44c3-9c1f-2d1228ad6123-groupManagement] INFO  server.RaftServerConfigKeys (ConfUtils.java:logGet(46)) - raft.server.rpc.timeout.min = 5s (custom)
2024-08-23 17:40:37,900 [97398481-acd0-44c3-9c1f-2d1228ad6123-groupManagement] INFO  server.RaftServerConfigKeys (ConfUtils.java:logGet(46)) - raft.server.rpc.timeout.max = 5200ms (custom)
2024-08-23 17:40:37,901 [97398481-acd0-44c3-9c1f-2d1228ad6123-groupManagement] INFO  server.RaftServerConfigKeys (ConfUtils.java:logGet(46)) - raft.server.rpc.sleep.time = 25ms (default)
2024-08-23 17:40:37,901 [97398481-acd0-44c3-9c1f-2d1228ad6123-groupManagement] INFO  server.RaftServerConfigKeys (ConfUtils.java:logGet(46)) - raft.server.rpc.slowness.timeout = 300s (custom)
2024-08-23 17:40:37,901 [97398481-acd0-44c3-9c1f-2d1228ad6123-groupManagement] INFO  server.RaftServerConfigKeys (ConfUtils.java:logGet(46)) - raft.server.leaderelection.leader.step-down.wait-time = 10s (default)
2024-08-23 17:40:37,901 [97398481-acd0-44c3-9c1f-2d1228ad6123-groupManagement] INFO  server.RaftServerConfigKeys (ConfUtils.java:logGet(46)) - raft.server.leaderelection.member.majority-add = false (default)
2024-08-23 17:40:37,901 [97398481-acd0-44c3-9c1f-2d1228ad6123-groupManagement] INFO  server.RaftServerConfigKeys (ConfUtils.java:logGet(46)) - raft.server.sleep.deviation.threshold = 300ms (default)
2024-08-23 17:40:37,901 [97398481-acd0-44c3-9c1f-2d1228ad6123-groupManagement] INFO  server.RaftServer$Division (ServerState.java:<init>(114)) - 97398481-acd0-44c3-9c1f-2d1228ad6123@group-09CD5A5C52E7: ConfigurationManager, init=conf: {index: -1, cur=peers:[ab598a91-1760-425c-863f-c9c0150b23d9|127.0.0.1:15071, 4c92e27b-ecd4-4d14-ba24-c9bbe0da28ff|127.0.0.1:15089, 97398481-acd0-44c3-9c1f-2d1228ad6123|127.0.0.1:15080]|listeners:[], old=null}, confs=<EMPTY_MAP>
2024-08-23 17:40:37,901 [97398481-acd0-44c3-9c1f-2d1228ad6123-groupManagement] INFO  server.RaftServerConfigKeys (ConfUtils.java:logGet(46)) - raft.server.notification.no-leader.timeout = 300s (custom)
2024-08-23 17:40:37,901 [97398481-acd0-44c3-9c1f-2d1228ad6123-groupManagement] INFO  server.RaftServerConfigKeys (ConfUtils.java:logGet(46)) - raft.server.read.timeout = 10s (default)
2024-08-23 17:40:37,901 [97398481-acd0-44c3-9c1f-2d1228ad6123-groupManagement] INFO  server.RaftServerConfigKeys (ConfUtils.java:logGet(46)) - raft.server.retrycache.expirytime = 600000ms (custom)
2024-08-23 17:40:37,901 [97398481-acd0-44c3-9c1f-2d1228ad6123-groupManagement] INFO  server.RaftServerConfigKeys (ConfUtils.java:logGet(46)) - raft.server.retrycache.statistics.expirytime = 100ms (default)
2024-08-23 17:40:37,901 [97398481-acd0-44c3-9c1f-2d1228ad6123-groupManagement] INFO  server.RaftServerConfigKeys (ConfUtils.java:logGet(46)) - raft.server.read.option = DEFAULT (default)
2024-08-23 17:40:37,901 [97398481-acd0-44c3-9c1f-2d1228ad6123-groupManagement] INFO  server.RaftServerConfigKeys (ConfUtils.java:logGet(46)) - raft.server.read.read-after-write-consistent.write-index-cache.expiry-time = 60s (default)
2024-08-23 17:40:37,904 [97398481-acd0-44c3-9c1f-2d1228ad6123-groupManagement] INFO  server.RaftServerConfigKeys (ConfUtils.java:logGet(46)) - raft.server.rpc.request.timeout = 60s (custom)
2024-08-23 17:40:37,904 [97398481-acd0-44c3-9c1f-2d1228ad6123-groupManagement] INFO  server.RaftServerConfigKeys (ConfUtils.java:logGet(46)) - raft.server.log.appender.install.snapshot.enabled = false (custom)
2024-08-23 17:40:37,904 [97398481-acd0-44c3-9c1f-2d1228ad6123-groupManagement] INFO  server.RaftServerConfigKeys (ConfUtils.java:logGet(46)) - raft.server.threadpool.server.cached = true (default)
2024-08-23 17:40:37,904 [97398481-acd0-44c3-9c1f-2d1228ad6123-groupManagement] INFO  server.RaftServerConfigKeys (ConfUtils.java:logGet(46)) - raft.server.threadpool.server.size = 0 (default)
2024-08-23 17:40:37,904 [97398481-acd0-44c3-9c1f-2d1228ad6123-groupManagement] INFO  server.RaftServerConfigKeys (ConfUtils.java:logGet(46)) - raft.server.threadpool.client.cached = true (default)
2024-08-23 17:40:37,904 [97398481-acd0-44c3-9c1f-2d1228ad6123-groupManagement] INFO  server.RaftServerConfigKeys (ConfUtils.java:logGet(46)) - raft.server.threadpool.client.size = 0 (default)
2024-08-23 17:40:37,904 [97398481-acd0-44c3-9c1f-2d1228ad6123-groupManagement] INFO  server.RaftServerConfigKeys (ConfUtils.java:logGet(46)) - raft.server.storage.free-space.min = 0MB (=0) (default)
2024-08-23 17:40:37,904 [97398481-acd0-44c3-9c1f-2d1228ad6123-groupManagement] INFO  server.RaftServerConfigKeys (ConfUtils.java:logGet(46)) - raft.server.log.corruption.policy = EXCEPTION (default)
2024-08-23 17:40:37,904 [97398481-acd0-44c3-9c1f-2d1228ad6123-groupManagement] INFO  server.RaftServerConfigKeys (ConfUtils.java:logGet(46)) - raft.server.storage.dir = [/home/runner/work/ozone/ozone/hadoop-ozone/integration-test/target/test-dir/MiniOzoneClusterImpl-79f21b30-aaf8-43fb-84ca-e7a29640eabd/ozone-meta/datanode-2/ratis] (custom)
2024-08-23 17:40:37,904 [97398481-acd0-44c3-9c1f-2d1228ad6123-groupManagement] INFO  storage.RaftStorageDirectory (RaftStorageDirectoryImpl.java:analyzeStorage(138)) - The storage directory /home/runner/work/ozone/ozone/hadoop-ozone/integration-test/target/test-dir/MiniOzoneClusterImpl-79f21b30-aaf8-43fb-84ca-e7a29640eabd/ozone-meta/datanode-2/ratis/0cfc3ccb-df1c-40a7-a6da-09cd5a5c52e7 does not exist. Creating ...
2024-08-23 17:40:37,905 [97398481-acd0-44c3-9c1f-2d1228ad6123-groupManagement] INFO  storage.RaftStorageDirectory (RaftStorageDirectoryImpl.java:tryLock(229)) - Lock on /home/runner/work/ozone/ozone/hadoop-ozone/integration-test/target/test-dir/MiniOzoneClusterImpl-79f21b30-aaf8-43fb-84ca-e7a29640eabd/ozone-meta/datanode-2/ratis/0cfc3ccb-df1c-40a7-a6da-09cd5a5c52e7/in_use.lock acquired by nodename 126670@fv-az848-402
2024-08-23 17:40:37,906 [97398481-acd0-44c3-9c1f-2d1228ad6123-groupManagement] INFO  storage.RaftStorage (RaftStorageImpl.java:format(98)) - Storage directory /home/runner/work/ozone/ozone/hadoop-ozone/integration-test/target/test-dir/MiniOzoneClusterImpl-79f21b30-aaf8-43fb-84ca-e7a29640eabd/ozone-meta/datanode-2/ratis/0cfc3ccb-df1c-40a7-a6da-09cd5a5c52e7 has been successfully formatted.
2024-08-23 17:40:37,907 [97398481-acd0-44c3-9c1f-2d1228ad6123-groupManagement] INFO  ratis.ContainerStateMachine (ContainerStateMachine.java:loadSnapshot(295)) - group-09CD5A5C52E7: The snapshot info is null. Setting the last applied index to:(t:0, i:~)
2024-08-23 17:40:37,907 [97398481-acd0-44c3-9c1f-2d1228ad6123-groupManagement] INFO  server.RaftServerConfigKeys (ConfUtils.java:logGet(46)) - raft.server.log.use.memory = false (default)
2024-08-23 17:40:37,907 [97398481-acd0-44c3-9c1f-2d1228ad6123-groupManagement] INFO  server.RaftServerConfigKeys (ConfUtils.java:logGet(46)) - raft.server.log.purge.gap = 1000000 (custom)
2024-08-23 17:40:37,907 [97398481-acd0-44c3-9c1f-2d1228ad6123-groupManagement] INFO  server.RaftServerConfigKeys (ConfUtils.java:logGet(46)) - raft.server.log.appender.buffer.byte-limit = 8388608 (custom)
2024-08-23 17:40:37,907 [97398481-acd0-44c3-9c1f-2d1228ad6123-groupManagement] INFO  server.RaftServerConfigKeys (ConfUtils.java:logGet(46)) - raft.server.log.statemachine.data.read.timeout = 1000ms (default)
2024-08-23 17:40:37,907 [97398481-acd0-44c3-9c1f-2d1228ad6123-groupManagement] INFO  server.RaftServerConfigKeys (ConfUtils.java:logGet(46)) - raft.server.log.purge.preservation.log.num = 0 (default)
2024-08-23 17:40:37,908 [97398481-acd0-44c3-9c1f-2d1228ad6123-groupManagement] INFO  server.RaftServerConfigKeys (ConfUtils.java:logGet(46)) - raft.server.log.segment.size.max = 67108864 (custom)
2024-08-23 17:40:37,909 [97398481-acd0-44c3-9c1f-2d1228ad6123-groupManagement] INFO  server.RaftServerConfigKeys (ConfUtils.java:logGet(46)) - raft.server.log.segment.cache.num.max = 2 (custom)
2024-08-23 17:40:37,909 [97398481-acd0-44c3-9c1f-2d1228ad6123-groupManagement] INFO  server.RaftServerConfigKeys (ConfUtils.java:logGet(46)) - raft.server.log.segment.cache.size.max = 200MB (=209715200) (default)
2024-08-23 17:40:37,909 [97398481-acd0-44c3-9c1f-2d1228ad6123-groupManagement] INFO  server.RaftServerConfigKeys (ConfUtils.java:logGet(46)) - raft.server.log.appender.buffer.byte-limit = 8388608 (custom)
2024-08-23 17:40:37,909 [97398481-acd0-44c3-9c1f-2d1228ad6123-groupManagement] INFO  util.AwaitToRun (AwaitToRun.java:start(81)) - Thread[97398481-acd0-44c3-9c1f-2d1228ad6123@group-09CD5A5C52E7-cacheEviction-AwaitToRun,5,main] started
2024-08-23 17:40:37,909 [97398481-acd0-44c3-9c1f-2d1228ad6123-groupManagement] INFO  segmented.SegmentedRaftLogWorker (SegmentedRaftLogWorker.java:<init>(184)) - new 97398481-acd0-44c3-9c1f-2d1228ad6123@group-09CD5A5C52E7-SegmentedRaftLogWorker for RaftStorageImpl:Storage Directory /home/runner/work/ozone/ozone/hadoop-ozone/integration-test/target/test-dir/MiniOzoneClusterImpl-79f21b30-aaf8-43fb-84ca-e7a29640eabd/ozone-meta/datanode-2/ratis/0cfc3ccb-df1c-40a7-a6da-09cd5a5c52e7
2024-08-23 17:40:37,909 [97398481-acd0-44c3-9c1f-2d1228ad6123-groupManagement] INFO  server.RaftServerConfigKeys (ConfUtils.java:logGet(46)) - raft.server.log.queue.byte-limit = 4294967296 (custom)
2024-08-23 17:40:37,909 [97398481-acd0-44c3-9c1f-2d1228ad6123-groupManagement] INFO  server.RaftServerConfigKeys (ConfUtils.java:logGet(46)) - raft.server.log.queue.element-limit = 1024 (custom)
2024-08-23 17:40:37,909 [97398481-acd0-44c3-9c1f-2d1228ad6123-groupManagement] INFO  server.RaftServerConfigKeys (ConfUtils.java:logGet(46)) - raft.server.log.segment.size.max = 67108864 (custom)
2024-08-23 17:40:37,909 [97398481-acd0-44c3-9c1f-2d1228ad6123-groupManagement] INFO  server.RaftServerConfigKeys (ConfUtils.java:logGet(46)) - raft.server.log.preallocated.size = 4194304 (custom)
2024-08-23 17:40:37,909 [97398481-acd0-44c3-9c1f-2d1228ad6123-groupManagement] INFO  server.RaftServerConfigKeys (ConfUtils.java:logGet(46)) - raft.server.log.force.sync.num = 128 (default)
2024-08-23 17:40:37,909 [97398481-acd0-44c3-9c1f-2d1228ad6123-groupManagement] INFO  server.RaftServerConfigKeys (ConfUtils.java:logGet(46)) - raft.server.log.statemachine.data.sync = true (default)
2024-08-23 17:40:37,909 [97398481-acd0-44c3-9c1f-2d1228ad6123-groupManagement] INFO  server.RaftServerConfigKeys (ConfUtils.java:logGet(46)) - raft.server.log.statemachine.data.sync.timeout = 10s (default)
2024-08-23 17:40:37,909 [97398481-acd0-44c3-9c1f-2d1228ad6123-groupManagement] INFO  server.RaftServerConfigKeys (ConfUtils.java:logGet(46)) - raft.server.log.statemachine.data.sync.timeout.retry = 30 (custom)
2024-08-23 17:40:37,910 [97398481-acd0-44c3-9c1f-2d1228ad6123-groupManagement] INFO  server.RaftServerConfigKeys (ConfUtils.java:logGet(46)) - raft.server.log.write.buffer.size = 8388616 (custom)
2024-08-23 17:40:37,912 [97398481-acd0-44c3-9c1f-2d1228ad6123-groupManagement] INFO  server.RaftServerConfigKeys (ConfUtils.java:logGet(46)) - raft.server.log.appender.buffer.byte-limit = 8388608 (custom)
2024-08-23 17:40:37,912 [97398481-acd0-44c3-9c1f-2d1228ad6123-groupManagement] INFO  server.RaftServerConfigKeys (ConfUtils.java:logGet(46)) - raft.server.log.unsafe-flush.enabled = false (default)
2024-08-23 17:40:37,912 [97398481-acd0-44c3-9c1f-2d1228ad6123-groupManagement] INFO  server.RaftServerConfigKeys (ConfUtils.java:logGet(46)) - raft.server.log.async-flush.enabled = false (default)
2024-08-23 17:40:37,912 [97398481-acd0-44c3-9c1f-2d1228ad6123-groupManagement] INFO  server.RaftServerConfigKeys (ConfUtils.java:logGet(46)) - raft.server.log.statemachine.data.caching.enabled = true (custom)
2024-08-23 17:40:37,912 [97398481-acd0-44c3-9c1f-2d1228ad6123-groupManagement] INFO  segmented.SegmentedRaftLogWorker (SegmentedRaftLogWorker.java:lambda$new$0(135)) - 97398481-acd0-44c3-9c1f-2d1228ad6123@group-09CD5A5C52E7-SegmentedRaftLogWorker: flushIndex: setUnconditionally 0 -> -1
2024-08-23 17:40:37,912 [97398481-acd0-44c3-9c1f-2d1228ad6123-groupManagement] INFO  segmented.SegmentedRaftLogWorker (SegmentedRaftLogWorker.java:lambda$new$0(135)) - 97398481-acd0-44c3-9c1f-2d1228ad6123@group-09CD5A5C52E7-SegmentedRaftLogWorker: safeCacheEvictIndex: setUnconditionally 0 -> -1
2024-08-23 17:40:37,912 [97398481-acd0-44c3-9c1f-2d1228ad6123-groupManagement] INFO  server.RaftServer$Division (RaftServerImpl.java:start(389)) - 97398481-acd0-44c3-9c1f-2d1228ad6123@group-09CD5A5C52E7: start as a follower, conf=conf: {index: -1, cur=peers:[ab598a91-1760-425c-863f-c9c0150b23d9|127.0.0.1:15071, 4c92e27b-ecd4-4d14-ba24-c9bbe0da28ff|127.0.0.1:15089, 97398481-acd0-44c3-9c1f-2d1228ad6123|127.0.0.1:15080]|listeners:[], old=null}
2024-08-23 17:40:37,912 [97398481-acd0-44c3-9c1f-2d1228ad6123-groupManagement] INFO  server.RaftServer$Division (RaftServerImpl.java:setRole(376)) - 97398481-acd0-44c3-9c1f-2d1228ad6123@group-09CD5A5C52E7: changes role from      null to FOLLOWER at term 0 for startAsFollower
2024-08-23 17:40:37,912 [97398481-acd0-44c3-9c1f-2d1228ad6123-groupManagement] INFO  impl.RoleInfo (RoleInfo.java:updateAndGet(148)) - 97398481-acd0-44c3-9c1f-2d1228ad6123: start 97398481-acd0-44c3-9c1f-2d1228ad6123@group-09CD5A5C52E7-FollowerState
2024-08-23 17:40:37,913 [97398481-acd0-44c3-9c1f-2d1228ad6123@group-09CD5A5C52E7-FollowerState] INFO  server.RaftServerConfigKeys (ConfUtils.java:logFallback(53)) - raft.server.rpc.first-election.timeout.min = 5s (fallback to raft.server.rpc.timeout.min)
2024-08-23 17:40:37,913 [97398481-acd0-44c3-9c1f-2d1228ad6123-groupManagement] INFO  util.JmxRegister (JmxRegister.java:tryRegister(44)) - Successfully registered JMX Bean with object name Ratis:service=RaftServer,group=group-09CD5A5C52E7,id=97398481-acd0-44c3-9c1f-2d1228ad6123
2024-08-23 17:40:37,913 [97398481-acd0-44c3-9c1f-2d1228ad6123-groupManagement] INFO  util.JmxRegister (JmxRegister.java:register(58)) - register mxBean class org.apache.ratis.server.impl.RaftServerJmxAdapter as Ratis:service=RaftServer,group=group-09CD5A5C52E7,id=97398481-acd0-44c3-9c1f-2d1228ad6123
2024-08-23 17:40:37,913 [97398481-acd0-44c3-9c1f-2d1228ad6123@group-09CD5A5C52E7-FollowerState] INFO  server.RaftServerConfigKeys (ConfUtils.java:logFallback(53)) - raft.server.rpc.first-election.timeout.max = 5200ms (fallback to raft.server.rpc.timeout.max)
2024-08-23 17:40:37,913 [97398481-acd0-44c3-9c1f-2d1228ad6123-groupManagement] INFO  server.RaftServerConfigKeys (ConfUtils.java:logGet(46)) - raft.server.snapshot.trigger-when-stop.enabled = true (default)
2024-08-23 17:40:37,913 [97398481-acd0-44c3-9c1f-2d1228ad6123-groupManagement] INFO  server.RaftServerConfigKeys (ConfUtils.java:logGet(46)) - raft.server.snapshot.trigger-when-remove.enabled = true (default)
2024-08-23 17:40:37,913 [97398481-acd0-44c3-9c1f-2d1228ad6123-groupManagement] INFO  server.RaftServerConfigKeys (ConfUtils.java:logGet(46)) - raft.server.snapshot.auto.trigger.enabled = true (custom)
2024-08-23 17:40:37,913 [97398481-acd0-44c3-9c1f-2d1228ad6123-groupManagement] INFO  server.RaftServerConfigKeys (ConfUtils.java:logGet(46)) - raft.server.snapshot.auto.trigger.threshold = 10000 (custom)
2024-08-23 17:40:37,913 [97398481-acd0-44c3-9c1f-2d1228ad6123-groupManagement] INFO  server.RaftServerConfigKeys (ConfUtils.java:logGet(46)) - raft.server.snapshot.retention.file.num = 5 (custom)
2024-08-23 17:40:37,913 [97398481-acd0-44c3-9c1f-2d1228ad6123-groupManagement] INFO  server.RaftServerConfigKeys (ConfUtils.java:logGet(46)) - raft.server.log.purge.upto.snapshot.index = false (default)
2024-08-23 17:40:37,924 [grpc-default-executor-0] INFO  server.RaftServer (RaftServerProxy.java:addNew(101)) - 4c92e27b-ecd4-4d14-ba24-c9bbe0da28ff: addNew group-09CD5A5C52E7:[ab598a91-1760-425c-863f-c9c0150b23d9|127.0.0.1:15071, 4c92e27b-ecd4-4d14-ba24-c9bbe0da28ff|127.0.0.1:15089, 97398481-acd0-44c3-9c1f-2d1228ad6123|127.0.0.1:15080] returns group-09CD5A5C52E7:java.util.concurrent.CompletableFuture@f501e46[Not completed]
2024-08-23 17:40:37,925 [4c92e27b-ecd4-4d14-ba24-c9bbe0da28ff-groupManagement] INFO  server.RaftServer$Division (RaftServerImpl.java:<init>(253)) - 4c92e27b-ecd4-4d14-ba24-c9bbe0da28ff: new RaftServerImpl for group-09CD5A5C52E7:[ab598a91-1760-425c-863f-c9c0150b23d9|127.0.0.1:15071, 4c92e27b-ecd4-4d14-ba24-c9bbe0da28ff|127.0.0.1:15089, 97398481-acd0-44c3-9c1f-2d1228ad6123|127.0.0.1:15080] with ContainerStateMachine:uninitialized
2024-08-23 17:40:37,925 [4c92e27b-ecd4-4d14-ba24-c9bbe0da28ff-groupManagement] INFO  server.RaftServerConfigKeys (ConfUtils.java:logGet(46)) - raft.server.rpc.timeout.min = 5s (custom)
2024-08-23 17:40:37,925 [4c92e27b-ecd4-4d14-ba24-c9bbe0da28ff-groupManagement] INFO  server.RaftServerConfigKeys (ConfUtils.java:logGet(46)) - raft.server.rpc.timeout.max = 5200ms (custom)
2024-08-23 17:40:37,925 [4c92e27b-ecd4-4d14-ba24-c9bbe0da28ff-groupManagement] INFO  server.RaftServerConfigKeys (ConfUtils.java:logGet(46)) - raft.server.rpc.sleep.time = 25ms (default)
2024-08-23 17:40:37,925 [4c92e27b-ecd4-4d14-ba24-c9bbe0da28ff-groupManagement] INFO  server.RaftServerConfigKeys (ConfUtils.java:logGet(46)) - raft.server.rpc.slowness.timeout = 300s (custom)
2024-08-23 17:40:37,925 [4c92e27b-ecd4-4d14-ba24-c9bbe0da28ff-groupManagement] INFO  server.RaftServerConfigKeys (ConfUtils.java:logGet(46)) - raft.server.leaderelection.leader.step-down.wait-time = 10s (default)
2024-08-23 17:40:37,926 [4c92e27b-ecd4-4d14-ba24-c9bbe0da28ff-groupManagement] INFO  server.RaftServerConfigKeys (ConfUtils.java:logGet(46)) - raft.server.leaderelection.member.majority-add = false (default)
2024-08-23 17:40:37,926 [4c92e27b-ecd4-4d14-ba24-c9bbe0da28ff-groupManagement] INFO  server.RaftServerConfigKeys (ConfUtils.java:logGet(46)) - raft.server.sleep.deviation.threshold = 300ms (default)
2024-08-23 17:40:37,926 [4c92e27b-ecd4-4d14-ba24-c9bbe0da28ff-groupManagement] INFO  server.RaftServer$Division (ServerState.java:<init>(114)) - 4c92e27b-ecd4-4d14-ba24-c9bbe0da28ff@group-09CD5A5C52E7: ConfigurationManager, init=conf: {index: -1, cur=peers:[ab598a91-1760-425c-863f-c9c0150b23d9|127.0.0.1:15071, 4c92e27b-ecd4-4d14-ba24-c9bbe0da28ff|127.0.0.1:15089, 97398481-acd0-44c3-9c1f-2d1228ad6123|127.0.0.1:15080]|listeners:[], old=null}, confs=<EMPTY_MAP>
2024-08-23 17:40:37,926 [4c92e27b-ecd4-4d14-ba24-c9bbe0da28ff-groupManagement] INFO  server.RaftServerConfigKeys (ConfUtils.java:logGet(46)) - raft.server.notification.no-leader.timeout = 300s (custom)
2024-08-23 17:40:37,926 [4c92e27b-ecd4-4d14-ba24-c9bbe0da28ff-groupManagement] INFO  server.RaftServerConfigKeys (ConfUtils.java:logGet(46)) - raft.server.read.timeout = 10s (default)
2024-08-23 17:40:37,926 [4c92e27b-ecd4-4d14-ba24-c9bbe0da28ff-groupManagement] INFO  server.RaftServerConfigKeys (ConfUtils.java:logGet(46)) - raft.server.retrycache.expirytime = 600000ms (custom)
2024-08-23 17:40:37,926 [4c92e27b-ecd4-4d14-ba24-c9bbe0da28ff-groupManagement] INFO  server.RaftServerConfigKeys (ConfUtils.java:logGet(46)) - raft.server.retrycache.statistics.expirytime = 100ms (default)
2024-08-23 17:40:37,926 [4c92e27b-ecd4-4d14-ba24-c9bbe0da28ff-groupManagement] INFO  server.RaftServerConfigKeys (ConfUtils.java:logGet(46)) - raft.server.read.option = DEFAULT (default)
2024-08-23 17:40:37,926 [4c92e27b-ecd4-4d14-ba24-c9bbe0da28ff-groupManagement] INFO  server.RaftServerConfigKeys (ConfUtils.java:logGet(46)) - raft.server.read.read-after-write-consistent.write-index-cache.expiry-time = 60s (default)
2024-08-23 17:40:37,928 [4c92e27b-ecd4-4d14-ba24-c9bbe0da28ff-groupManagement] INFO  server.RaftServerConfigKeys (ConfUtils.java:logGet(46)) - raft.server.rpc.request.timeout = 60s (custom)
2024-08-23 17:40:37,928 [4c92e27b-ecd4-4d14-ba24-c9bbe0da28ff-groupManagement] INFO  server.RaftServerConfigKeys (ConfUtils.java:logGet(46)) - raft.server.log.appender.install.snapshot.enabled = false (custom)
2024-08-23 17:40:37,929 [4c92e27b-ecd4-4d14-ba24-c9bbe0da28ff-groupManagement] INFO  server.RaftServerConfigKeys (ConfUtils.java:logGet(46)) - raft.server.threadpool.server.cached = true (default)
2024-08-23 17:40:37,929 [4c92e27b-ecd4-4d14-ba24-c9bbe0da28ff-groupManagement] INFO  server.RaftServerConfigKeys (ConfUtils.java:logGet(46)) - raft.server.threadpool.server.size = 0 (default)
2024-08-23 17:40:37,929 [4c92e27b-ecd4-4d14-ba24-c9bbe0da28ff-groupManagement] INFO  server.RaftServerConfigKeys (ConfUtils.java:logGet(46)) - raft.server.threadpool.client.cached = true (default)
2024-08-23 17:40:37,929 [4c92e27b-ecd4-4d14-ba24-c9bbe0da28ff-groupManagement] INFO  server.RaftServerConfigKeys (ConfUtils.java:logGet(46)) - raft.server.threadpool.client.size = 0 (default)
2024-08-23 17:40:37,929 [4c92e27b-ecd4-4d14-ba24-c9bbe0da28ff-groupManagement] INFO  server.RaftServerConfigKeys (ConfUtils.java:logGet(46)) - raft.server.storage.free-space.min = 0MB (=0) (default)
2024-08-23 17:40:37,929 [4c92e27b-ecd4-4d14-ba24-c9bbe0da28ff-groupManagement] INFO  server.RaftServerConfigKeys (ConfUtils.java:logGet(46)) - raft.server.log.corruption.policy = EXCEPTION (default)
2024-08-23 17:40:37,929 [4c92e27b-ecd4-4d14-ba24-c9bbe0da28ff-groupManagement] INFO  server.RaftServerConfigKeys (ConfUtils.java:logGet(46)) - raft.server.storage.dir = [/home/runner/work/ozone/ozone/hadoop-ozone/integration-test/target/test-dir/MiniOzoneClusterImpl-79f21b30-aaf8-43fb-84ca-e7a29640eabd/ozone-meta/datanode-3/ratis] (custom)
2024-08-23 17:40:37,929 [4c92e27b-ecd4-4d14-ba24-c9bbe0da28ff-groupManagement] INFO  storage.RaftStorageDirectory (RaftStorageDirectoryImpl.java:analyzeStorage(138)) - The storage directory /home/runner/work/ozone/ozone/hadoop-ozone/integration-test/target/test-dir/MiniOzoneClusterImpl-79f21b30-aaf8-43fb-84ca-e7a29640eabd/ozone-meta/datanode-3/ratis/0cfc3ccb-df1c-40a7-a6da-09cd5a5c52e7 does not exist. Creating ...
2024-08-23 17:40:37,930 [4c92e27b-ecd4-4d14-ba24-c9bbe0da28ff-groupManagement] INFO  storage.RaftStorageDirectory (RaftStorageDirectoryImpl.java:tryLock(229)) - Lock on /home/runner/work/ozone/ozone/hadoop-ozone/integration-test/target/test-dir/MiniOzoneClusterImpl-79f21b30-aaf8-43fb-84ca-e7a29640eabd/ozone-meta/datanode-3/ratis/0cfc3ccb-df1c-40a7-a6da-09cd5a5c52e7/in_use.lock acquired by nodename 126670@fv-az848-402
2024-08-23 17:40:37,931 [4c92e27b-ecd4-4d14-ba24-c9bbe0da28ff-groupManagement] INFO  storage.RaftStorage (RaftStorageImpl.java:format(98)) - Storage directory /home/runner/work/ozone/ozone/hadoop-ozone/integration-test/target/test-dir/MiniOzoneClusterImpl-79f21b30-aaf8-43fb-84ca-e7a29640eabd/ozone-meta/datanode-3/ratis/0cfc3ccb-df1c-40a7-a6da-09cd5a5c52e7 has been successfully formatted.
2024-08-23 17:40:37,932 [4c92e27b-ecd4-4d14-ba24-c9bbe0da28ff-groupManagement] INFO  ratis.ContainerStateMachine (ContainerStateMachine.java:loadSnapshot(295)) - group-09CD5A5C52E7: The snapshot info is null. Setting the last applied index to:(t:0, i:~)
2024-08-23 17:40:37,932 [4c92e27b-ecd4-4d14-ba24-c9bbe0da28ff-groupManagement] INFO  server.RaftServerConfigKeys (ConfUtils.java:logGet(46)) - raft.server.log.use.memory = false (default)
2024-08-23 17:40:37,932 [4c92e27b-ecd4-4d14-ba24-c9bbe0da28ff-groupManagement] INFO  server.RaftServerConfigKeys (ConfUtils.java:logGet(46)) - raft.server.log.purge.gap = 1000000 (custom)
2024-08-23 17:40:37,932 [4c92e27b-ecd4-4d14-ba24-c9bbe0da28ff-groupManagement] INFO  server.RaftServerConfigKeys (ConfUtils.java:logGet(46)) - raft.server.log.appender.buffer.byte-limit = 8388608 (custom)
2024-08-23 17:40:37,932 [4c92e27b-ecd4-4d14-ba24-c9bbe0da28ff-groupManagement] INFO  server.RaftServerConfigKeys (ConfUtils.java:logGet(46)) - raft.server.log.statemachine.data.read.timeout = 1000ms (default)
2024-08-23 17:40:37,932 [4c92e27b-ecd4-4d14-ba24-c9bbe0da28ff-groupManagement] INFO  server.RaftServerConfigKeys (ConfUtils.java:logGet(46)) - raft.server.log.purge.preservation.log.num = 0 (default)
2024-08-23 17:40:37,933 [4c92e27b-ecd4-4d14-ba24-c9bbe0da28ff-groupManagement] INFO  server.RaftServerConfigKeys (ConfUtils.java:logGet(46)) - raft.server.log.segment.size.max = 67108864 (custom)
2024-08-23 17:40:37,933 [4c92e27b-ecd4-4d14-ba24-c9bbe0da28ff-groupManagement] INFO  server.RaftServerConfigKeys (ConfUtils.java:logGet(46)) - raft.server.log.segment.cache.num.max = 2 (custom)
2024-08-23 17:40:37,933 [4c92e27b-ecd4-4d14-ba24-c9bbe0da28ff-groupManagement] INFO  server.RaftServerConfigKeys (ConfUtils.java:logGet(46)) - raft.server.log.segment.cache.size.max = 200MB (=209715200) (default)
2024-08-23 17:40:37,934 [4c92e27b-ecd4-4d14-ba24-c9bbe0da28ff-groupManagement] INFO  server.RaftServerConfigKeys (ConfUtils.java:logGet(46)) - raft.server.log.appender.buffer.byte-limit = 8388608 (custom)
2024-08-23 17:40:37,934 [4c92e27b-ecd4-4d14-ba24-c9bbe0da28ff-groupManagement] INFO  util.AwaitToRun (AwaitToRun.java:start(81)) - Thread[4c92e27b-ecd4-4d14-ba24-c9bbe0da28ff@group-09CD5A5C52E7-cacheEviction-AwaitToRun,5,main] started
2024-08-23 17:40:37,934 [4c92e27b-ecd4-4d14-ba24-c9bbe0da28ff-groupManagement] INFO  segmented.SegmentedRaftLogWorker (SegmentedRaftLogWorker.java:<init>(184)) - new 4c92e27b-ecd4-4d14-ba24-c9bbe0da28ff@group-09CD5A5C52E7-SegmentedRaftLogWorker for RaftStorageImpl:Storage Directory /home/runner/work/ozone/ozone/hadoop-ozone/integration-test/target/test-dir/MiniOzoneClusterImpl-79f21b30-aaf8-43fb-84ca-e7a29640eabd/ozone-meta/datanode-3/ratis/0cfc3ccb-df1c-40a7-a6da-09cd5a5c52e7
2024-08-23 17:40:37,934 [4c92e27b-ecd4-4d14-ba24-c9bbe0da28ff-groupManagement] INFO  server.RaftServerConfigKeys (ConfUtils.java:logGet(46)) - raft.server.log.queue.byte-limit = 4294967296 (custom)
2024-08-23 17:40:37,934 [4c92e27b-ecd4-4d14-ba24-c9bbe0da28ff-groupManagement] INFO  server.RaftServerConfigKeys (ConfUtils.java:logGet(46)) - raft.server.log.queue.element-limit = 1024 (custom)
2024-08-23 17:40:37,934 [4c92e27b-ecd4-4d14-ba24-c9bbe0da28ff-groupManagement] INFO  server.RaftServerConfigKeys (ConfUtils.java:logGet(46)) - raft.server.log.segment.size.max = 67108864 (custom)
2024-08-23 17:40:37,934 [4c92e27b-ecd4-4d14-ba24-c9bbe0da28ff-groupManagement] INFO  server.RaftServerConfigKeys (ConfUtils.java:logGet(46)) - raft.server.log.preallocated.size = 4194304 (custom)
2024-08-23 17:40:37,934 [4c92e27b-ecd4-4d14-ba24-c9bbe0da28ff-groupManagement] INFO  server.RaftServerConfigKeys (ConfUtils.java:logGet(46)) - raft.server.log.force.sync.num = 128 (default)
2024-08-23 17:40:37,934 [4c92e27b-ecd4-4d14-ba24-c9bbe0da28ff-groupManagement] INFO  server.RaftServerConfigKeys (ConfUtils.java:logGet(46)) - raft.server.log.statemachine.data.sync = true (default)
2024-08-23 17:40:37,934 [4c92e27b-ecd4-4d14-ba24-c9bbe0da28ff-groupManagement] INFO  server.RaftServerConfigKeys (ConfUtils.java:logGet(46)) - raft.server.log.statemachine.data.sync.timeout = 10s (default)
2024-08-23 17:40:37,934 [4c92e27b-ecd4-4d14-ba24-c9bbe0da28ff-groupManagement] INFO  server.RaftServerConfigKeys (ConfUtils.java:logGet(46)) - raft.server.log.statemachine.data.sync.timeout.retry = 30 (custom)
2024-08-23 17:40:37,934 [4c92e27b-ecd4-4d14-ba24-c9bbe0da28ff-groupManagement] INFO  server.RaftServerConfigKeys (ConfUtils.java:logGet(46)) - raft.server.log.write.buffer.size = 8388616 (custom)
2024-08-23 17:40:37,936 [4c92e27b-ecd4-4d14-ba24-c9bbe0da28ff-groupManagement] INFO  server.RaftServerConfigKeys (ConfUtils.java:logGet(46)) - raft.server.log.appender.buffer.byte-limit = 8388608 (custom)
2024-08-23 17:40:37,936 [4c92e27b-ecd4-4d14-ba24-c9bbe0da28ff-groupManagement] INFO  server.RaftServerConfigKeys (ConfUtils.java:logGet(46)) - raft.server.log.unsafe-flush.enabled = false (default)
2024-08-23 17:40:37,937 [4c92e27b-ecd4-4d14-ba24-c9bbe0da28ff-groupManagement] INFO  server.RaftServerConfigKeys (ConfUtils.java:logGet(46)) - raft.server.log.async-flush.enabled = false (default)
2024-08-23 17:40:37,937 [4c92e27b-ecd4-4d14-ba24-c9bbe0da28ff-groupManagement] INFO  server.RaftServerConfigKeys (ConfUtils.java:logGet(46)) - raft.server.log.statemachine.data.caching.enabled = true (custom)
2024-08-23 17:40:37,937 [4c92e27b-ecd4-4d14-ba24-c9bbe0da28ff-groupManagement] INFO  segmented.SegmentedRaftLogWorker (SegmentedRaftLogWorker.java:lambda$new$0(135)) - 4c92e27b-ecd4-4d14-ba24-c9bbe0da28ff@group-09CD5A5C52E7-SegmentedRaftLogWorker: flushIndex: setUnconditionally 0 -> -1
2024-08-23 17:40:37,937 [4c92e27b-ecd4-4d14-ba24-c9bbe0da28ff-groupManagement] INFO  segmented.SegmentedRaftLogWorker (SegmentedRaftLogWorker.java:lambda$new$0(135)) - 4c92e27b-ecd4-4d14-ba24-c9bbe0da28ff@group-09CD5A5C52E7-SegmentedRaftLogWorker: safeCacheEvictIndex: setUnconditionally 0 -> -1
2024-08-23 17:40:37,937 [4c92e27b-ecd4-4d14-ba24-c9bbe0da28ff-groupManagement] INFO  server.RaftServer$Division (RaftServerImpl.java:start(389)) - 4c92e27b-ecd4-4d14-ba24-c9bbe0da28ff@group-09CD5A5C52E7: start as a follower, conf=conf: {index: -1, cur=peers:[ab598a91-1760-425c-863f-c9c0150b23d9|127.0.0.1:15071, 4c92e27b-ecd4-4d14-ba24-c9bbe0da28ff|127.0.0.1:15089, 97398481-acd0-44c3-9c1f-2d1228ad6123|127.0.0.1:15080]|listeners:[], old=null}
2024-08-23 17:40:37,937 [4c92e27b-ecd4-4d14-ba24-c9bbe0da28ff-groupManagement] INFO  server.RaftServer$Division (RaftServerImpl.java:setRole(376)) - 4c92e27b-ecd4-4d14-ba24-c9bbe0da28ff@group-09CD5A5C52E7: changes role from      null to FOLLOWER at term 0 for startAsFollower
2024-08-23 17:40:37,937 [4c92e27b-ecd4-4d14-ba24-c9bbe0da28ff-groupManagement] INFO  impl.RoleInfo (RoleInfo.java:updateAndGet(148)) - 4c92e27b-ecd4-4d14-ba24-c9bbe0da28ff: start 4c92e27b-ecd4-4d14-ba24-c9bbe0da28ff@group-09CD5A5C52E7-FollowerState
2024-08-23 17:40:37,942 [4c92e27b-ecd4-4d14-ba24-c9bbe0da28ff-groupManagement] INFO  util.JmxRegister (JmxRegister.java:tryRegister(44)) - Successfully registered JMX Bean with object name Ratis:service=RaftServer,group=group-09CD5A5C52E7,id=4c92e27b-ecd4-4d14-ba24-c9bbe0da28ff
2024-08-23 17:40:37,942 [4c92e27b-ecd4-4d14-ba24-c9bbe0da28ff-groupManagement] INFO  util.JmxRegister (JmxRegister.java:register(58)) - register mxBean class org.apache.ratis.server.impl.RaftServerJmxAdapter as Ratis:service=RaftServer,group=group-09CD5A5C52E7,id=4c92e27b-ecd4-4d14-ba24-c9bbe0da28ff
2024-08-23 17:40:37,942 [4c92e27b-ecd4-4d14-ba24-c9bbe0da28ff-groupManagement] INFO  server.RaftServerConfigKeys (ConfUtils.java:logGet(46)) - raft.server.snapshot.trigger-when-stop.enabled = true (default)
2024-08-23 17:40:37,942 [4c92e27b-ecd4-4d14-ba24-c9bbe0da28ff-groupManagement] INFO  server.RaftServerConfigKeys (ConfUtils.java:logGet(46)) - raft.server.snapshot.trigger-when-remove.enabled = true (default)
2024-08-23 17:40:37,943 [4c92e27b-ecd4-4d14-ba24-c9bbe0da28ff-groupManagement] INFO  server.RaftServerConfigKeys (ConfUtils.java:logGet(46)) - raft.server.snapshot.auto.trigger.enabled = true (custom)
2024-08-23 17:40:37,943 [4c92e27b-ecd4-4d14-ba24-c9bbe0da28ff-groupManagement] INFO  server.RaftServerConfigKeys (ConfUtils.java:logGet(46)) - raft.server.snapshot.auto.trigger.threshold = 10000 (custom)
2024-08-23 17:40:37,943 [4c92e27b-ecd4-4d14-ba24-c9bbe0da28ff-groupManagement] INFO  server.RaftServerConfigKeys (ConfUtils.java:logGet(46)) - raft.server.snapshot.retention.file.num = 5 (custom)
2024-08-23 17:40:37,943 [4c92e27b-ecd4-4d14-ba24-c9bbe0da28ff-groupManagement] INFO  server.RaftServerConfigKeys (ConfUtils.java:logGet(46)) - raft.server.log.purge.upto.snapshot.index = false (default)
2024-08-23 17:40:37,944 [4c92e27b-ecd4-4d14-ba24-c9bbe0da28ff@group-09CD5A5C52E7-FollowerState] INFO  server.RaftServerConfigKeys (ConfUtils.java:logFallback(53)) - raft.server.rpc.first-election.timeout.min = 5s (fallback to raft.server.rpc.timeout.min)
2024-08-23 17:40:37,944 [4c92e27b-ecd4-4d14-ba24-c9bbe0da28ff@group-09CD5A5C52E7-FollowerState] INFO  server.RaftServerConfigKeys (ConfUtils.java:logFallback(53)) - raft.server.rpc.first-election.timeout.max = 5200ms (fallback to raft.server.rpc.timeout.max)
2024-08-23 17:40:37,946 [ab598a91-1760-425c-863f-c9c0150b23d9-PipelineCommandHandlerThread-0] INFO  commandhandler.CreatePipelineCommandHandler (CreatePipelineCommandHandler.java:lambda$handle$2(124)) - Created Pipeline RATIS THREE PipelineID=0cfc3ccb-df1c-40a7-a6da-09cd5a5c52e7.
2024-08-23 17:40:37,946 [ab598a91-1760-425c-863f-c9c0150b23d9-PipelineCommandHandlerThread-0] INFO  server.RaftServer (RaftServerProxy.java:addNew(101)) - ab598a91-1760-425c-863f-c9c0150b23d9: addNew group-3784CE077ECC:[ab598a91-1760-425c-863f-c9c0150b23d9|127.0.0.1:15071, 4c92e27b-ecd4-4d14-ba24-c9bbe0da28ff|127.0.0.1:15089, 97398481-acd0-44c3-9c1f-2d1228ad6123|127.0.0.1:15080] returns group-3784CE077ECC:java.util.concurrent.CompletableFuture@50655814[Not completed]
2024-08-23 17:40:37,947 [ab598a91-1760-425c-863f-c9c0150b23d9-groupManagement] INFO  server.RaftServer$Division (RaftServerImpl.java:<init>(253)) - ab598a91-1760-425c-863f-c9c0150b23d9: new RaftServerImpl for group-3784CE077ECC:[ab598a91-1760-425c-863f-c9c0150b23d9|127.0.0.1:15071, 4c92e27b-ecd4-4d14-ba24-c9bbe0da28ff|127.0.0.1:15089, 97398481-acd0-44c3-9c1f-2d1228ad6123|127.0.0.1:15080] with ContainerStateMachine:uninitialized
2024-08-23 17:40:37,947 [ab598a91-1760-425c-863f-c9c0150b23d9-groupManagement] INFO  server.RaftServerConfigKeys (ConfUtils.java:logGet(46)) - raft.server.rpc.timeout.min = 5s (custom)
2024-08-23 17:40:37,948 [ab598a91-1760-425c-863f-c9c0150b23d9-groupManagement] INFO  server.RaftServerConfigKeys (ConfUtils.java:logGet(46)) - raft.server.rpc.timeout.max = 5200ms (custom)
2024-08-23 17:40:37,948 [ab598a91-1760-425c-863f-c9c0150b23d9-groupManagement] INFO  server.RaftServerConfigKeys (ConfUtils.java:logGet(46)) - raft.server.rpc.sleep.time = 25ms (default)
2024-08-23 17:40:37,948 [ab598a91-1760-425c-863f-c9c0150b23d9-groupManagement] INFO  server.RaftServerConfigKeys (ConfUtils.java:logGet(46)) - raft.server.rpc.slowness.timeout = 300s (custom)
2024-08-23 17:40:37,948 [ab598a91-1760-425c-863f-c9c0150b23d9-groupManagement] INFO  server.RaftServerConfigKeys (ConfUtils.java:logGet(46)) - raft.server.leaderelection.leader.step-down.wait-time = 10s (default)
2024-08-23 17:40:37,948 [ab598a91-1760-425c-863f-c9c0150b23d9-groupManagement] INFO  server.RaftServerConfigKeys (ConfUtils.java:logGet(46)) - raft.server.leaderelection.member.majority-add = false (default)
2024-08-23 17:40:37,948 [ab598a91-1760-425c-863f-c9c0150b23d9-groupManagement] INFO  server.RaftServerConfigKeys (ConfUtils.java:logGet(46)) - raft.server.sleep.deviation.threshold = 300ms (default)
2024-08-23 17:40:37,948 [ab598a91-1760-425c-863f-c9c0150b23d9-groupManagement] INFO  server.RaftServer$Division (ServerState.java:<init>(114)) - ab598a91-1760-425c-863f-c9c0150b23d9@group-3784CE077ECC: ConfigurationManager, init=conf: {index: -1, cur=peers:[ab598a91-1760-425c-863f-c9c0150b23d9|127.0.0.1:15071, 4c92e27b-ecd4-4d14-ba24-c9bbe0da28ff|127.0.0.1:15089, 97398481-acd0-44c3-9c1f-2d1228ad6123|127.0.0.1:15080]|listeners:[], old=null}, confs=<EMPTY_MAP>
2024-08-23 17:40:37,948 [ab598a91-1760-425c-863f-c9c0150b23d9-groupManagement] INFO  server.RaftServerConfigKeys (ConfUtils.java:logGet(46)) - raft.server.notification.no-leader.timeout = 300s (custom)
2024-08-23 17:40:37,948 [ab598a91-1760-425c-863f-c9c0150b23d9-groupManagement] INFO  server.RaftServerConfigKeys (ConfUtils.java:logGet(46)) - raft.server.read.timeout = 10s (default)
2024-08-23 17:40:37,948 [ab598a91-1760-425c-863f-c9c0150b23d9-groupManagement] INFO  server.RaftServerConfigKeys (ConfUtils.java:logGet(46)) - raft.server.retrycache.expirytime = 600000ms (custom)
2024-08-23 17:40:37,948 [ab598a91-1760-425c-863f-c9c0150b23d9-groupManagement] INFO  server.RaftServerConfigKeys (ConfUtils.java:logGet(46)) - raft.server.retrycache.statistics.expirytime = 100ms (default)
2024-08-23 17:40:37,948 [ab598a91-1760-425c-863f-c9c0150b23d9-groupManagement] INFO  server.RaftServerConfigKeys (ConfUtils.java:logGet(46)) - raft.server.read.option = DEFAULT (default)
2024-08-23 17:40:37,948 [ab598a91-1760-425c-863f-c9c0150b23d9-groupManagement] INFO  server.RaftServerConfigKeys (ConfUtils.java:logGet(46)) - raft.server.read.read-after-write-consistent.write-index-cache.expiry-time = 60s (default)
2024-08-23 17:40:37,951 [ab598a91-1760-425c-863f-c9c0150b23d9-groupManagement] INFO  server.RaftServerConfigKeys (ConfUtils.java:logGet(46)) - raft.server.rpc.request.timeout = 60s (custom)
2024-08-23 17:40:37,951 [ab598a91-1760-425c-863f-c9c0150b23d9-groupManagement] INFO  server.RaftServerConfigKeys (ConfUtils.java:logGet(46)) - raft.server.log.appender.install.snapshot.enabled = false (custom)
2024-08-23 17:40:37,951 [ab598a91-1760-425c-863f-c9c0150b23d9-groupManagement] INFO  server.RaftServerConfigKeys (ConfUtils.java:logGet(46)) - raft.server.threadpool.server.cached = true (default)
2024-08-23 17:40:37,951 [ab598a91-1760-425c-863f-c9c0150b23d9-groupManagement] INFO  server.RaftServerConfigKeys (ConfUtils.java:logGet(46)) - raft.server.threadpool.server.size = 0 (default)
2024-08-23 17:40:37,951 [ab598a91-1760-425c-863f-c9c0150b23d9-groupManagement] INFO  server.RaftServerConfigKeys (ConfUtils.java:logGet(46)) - raft.server.threadpool.client.cached = true (default)
2024-08-23 17:40:37,951 [ab598a91-1760-425c-863f-c9c0150b23d9-groupManagement] INFO  server.RaftServerConfigKeys (ConfUtils.java:logGet(46)) - raft.server.threadpool.client.size = 0 (default)
2024-08-23 17:40:37,952 [ab598a91-1760-425c-863f-c9c0150b23d9-groupManagement] INFO  server.RaftServerConfigKeys (ConfUtils.java:logGet(46)) - raft.server.storage.free-space.min = 0MB (=0) (default)
2024-08-23 17:40:37,952 [ab598a91-1760-425c-863f-c9c0150b23d9-groupManagement] INFO  server.RaftServerConfigKeys (ConfUtils.java:logGet(46)) - raft.server.log.corruption.policy = EXCEPTION (default)
2024-08-23 17:40:37,952 [ab598a91-1760-425c-863f-c9c0150b23d9-groupManagement] INFO  server.RaftServerConfigKeys (ConfUtils.java:logGet(46)) - raft.server.storage.dir = [/home/runner/work/ozone/ozone/hadoop-ozone/integration-test/target/test-dir/MiniOzoneClusterImpl-79f21b30-aaf8-43fb-84ca-e7a29640eabd/ozone-meta/datanode-1/ratis] (custom)
2024-08-23 17:40:37,952 [ab598a91-1760-425c-863f-c9c0150b23d9-groupManagement] INFO  storage.RaftStorageDirectory (RaftStorageDirectoryImpl.java:analyzeStorage(138)) - The storage directory /home/runner/work/ozone/ozone/hadoop-ozone/integration-test/target/test-dir/MiniOzoneClusterImpl-79f21b30-aaf8-43fb-84ca-e7a29640eabd/ozone-meta/datanode-1/ratis/aa54c26e-dc3d-466a-8ec7-3784ce077ecc does not exist. Creating ...
2024-08-23 17:40:37,953 [ab598a91-1760-425c-863f-c9c0150b23d9-groupManagement] INFO  storage.RaftStorageDirectory (RaftStorageDirectoryImpl.java:tryLock(229)) - Lock on /home/runner/work/ozone/ozone/hadoop-ozone/integration-test/target/test-dir/MiniOzoneClusterImpl-79f21b30-aaf8-43fb-84ca-e7a29640eabd/ozone-meta/datanode-1/ratis/aa54c26e-dc3d-466a-8ec7-3784ce077ecc/in_use.lock acquired by nodename 126670@fv-az848-402
2024-08-23 17:40:37,954 [ab598a91-1760-425c-863f-c9c0150b23d9-groupManagement] INFO  storage.RaftStorage (RaftStorageImpl.java:format(98)) - Storage directory /home/runner/work/ozone/ozone/hadoop-ozone/integration-test/target/test-dir/MiniOzoneClusterImpl-79f21b30-aaf8-43fb-84ca-e7a29640eabd/ozone-meta/datanode-1/ratis/aa54c26e-dc3d-466a-8ec7-3784ce077ecc has been successfully formatted.
2024-08-23 17:40:37,955 [ab598a91-1760-425c-863f-c9c0150b23d9-groupManagement] INFO  ratis.ContainerStateMachine (ContainerStateMachine.java:loadSnapshot(295)) - group-3784CE077ECC: The snapshot info is null. Setting the last applied index to:(t:0, i:~)
2024-08-23 17:40:37,955 [ab598a91-1760-425c-863f-c9c0150b23d9-groupManagement] INFO  server.RaftServerConfigKeys (ConfUtils.java:logGet(46)) - raft.server.log.use.memory = false (default)
2024-08-23 17:40:37,955 [ab598a91-1760-425c-863f-c9c0150b23d9-groupManagement] INFO  server.RaftServerConfigKeys (ConfUtils.java:logGet(46)) - raft.server.log.purge.gap = 1000000 (custom)
2024-08-23 17:40:37,955 [ab598a91-1760-425c-863f-c9c0150b23d9-groupManagement] INFO  server.RaftServerConfigKeys (ConfUtils.java:logGet(46)) - raft.server.log.appender.buffer.byte-limit = 8388608 (custom)
2024-08-23 17:40:37,955 [ab598a91-1760-425c-863f-c9c0150b23d9-groupManagement] INFO  server.RaftServerConfigKeys (ConfUtils.java:logGet(46)) - raft.server.log.statemachine.data.read.timeout = 1000ms (default)
2024-08-23 17:40:37,955 [ab598a91-1760-425c-863f-c9c0150b23d9-groupManagement] INFO  server.RaftServerConfigKeys (ConfUtils.java:logGet(46)) - raft.server.log.purge.preservation.log.num = 0 (default)
2024-08-23 17:40:37,956 [ab598a91-1760-425c-863f-c9c0150b23d9-groupManagement] INFO  server.RaftServerConfigKeys (ConfUtils.java:logGet(46)) - raft.server.log.segment.size.max = 67108864 (custom)
2024-08-23 17:40:37,956 [ab598a91-1760-425c-863f-c9c0150b23d9-groupManagement] INFO  server.RaftServerConfigKeys (ConfUtils.java:logGet(46)) - raft.server.log.segment.cache.num.max = 2 (custom)
2024-08-23 17:40:37,956 [ab598a91-1760-425c-863f-c9c0150b23d9-groupManagement] INFO  server.RaftServerConfigKeys (ConfUtils.java:logGet(46)) - raft.server.log.segment.cache.size.max = 200MB (=209715200) (default)
2024-08-23 17:40:37,956 [scmNode-1-EventQueue-OpenPipelineForHealthyPipelineSafeModeRule] INFO  safemode.SCMSafeModeManager (HealthyPipelineSafeModeRule.java:process(140)) - SCM in safe mode. Healthy pipelines reported count is 0, required healthy pipeline reported count is 1
2024-08-23 17:40:37,956 [ab598a91-1760-425c-863f-c9c0150b23d9-groupManagement] INFO  server.RaftServerConfigKeys (ConfUtils.java:logGet(46)) - raft.server.log.appender.buffer.byte-limit = 8388608 (custom)
2024-08-23 17:40:37,958 [ab598a91-1760-425c-863f-c9c0150b23d9-groupManagement] INFO  util.AwaitToRun (AwaitToRun.java:start(81)) - Thread[ab598a91-1760-425c-863f-c9c0150b23d9@group-3784CE077ECC-cacheEviction-AwaitToRun,5,main] started
2024-08-23 17:40:37,958 [ab598a91-1760-425c-863f-c9c0150b23d9-groupManagement] INFO  segmented.SegmentedRaftLogWorker (SegmentedRaftLogWorker.java:<init>(184)) - new ab598a91-1760-425c-863f-c9c0150b23d9@group-3784CE077ECC-SegmentedRaftLogWorker for RaftStorageImpl:Storage Directory /home/runner/work/ozone/ozone/hadoop-ozone/integration-test/target/test-dir/MiniOzoneClusterImpl-79f21b30-aaf8-43fb-84ca-e7a29640eabd/ozone-meta/datanode-1/ratis/aa54c26e-dc3d-466a-8ec7-3784ce077ecc
2024-08-23 17:40:37,959 [ab598a91-1760-425c-863f-c9c0150b23d9-groupManagement] INFO  server.RaftServerConfigKeys (ConfUtils.java:logGet(46)) - raft.server.log.queue.byte-limit = 4294967296 (custom)
2024-08-23 17:40:37,959 [ab598a91-1760-425c-863f-c9c0150b23d9-groupManagement] INFO  server.RaftServerConfigKeys (ConfUtils.java:logGet(46)) - raft.server.log.queue.element-limit = 1024 (custom)
2024-08-23 17:40:37,959 [ab598a91-1760-425c-863f-c9c0150b23d9-groupManagement] INFO  server.RaftServerConfigKeys (ConfUtils.java:logGet(46)) - raft.server.log.segment.size.max = 67108864 (custom)
2024-08-23 17:40:37,959 [ab598a91-1760-425c-863f-c9c0150b23d9-groupManagement] INFO  server.RaftServerConfigKeys (ConfUtils.java:logGet(46)) - raft.server.log.preallocated.size = 4194304 (custom)
2024-08-23 17:40:37,959 [ab598a91-1760-425c-863f-c9c0150b23d9-groupManagement] INFO  server.RaftServerConfigKeys (ConfUtils.java:logGet(46)) - raft.server.log.force.sync.num = 128 (default)
2024-08-23 17:40:37,959 [ab598a91-1760-425c-863f-c9c0150b23d9-groupManagement] INFO  server.RaftServerConfigKeys (ConfUtils.java:logGet(46)) - raft.server.log.statemachine.data.sync = true (default)
2024-08-23 17:40:37,959 [ab598a91-1760-425c-863f-c9c0150b23d9-groupManagement] INFO  server.RaftServerConfigKeys (ConfUtils.java:logGet(46)) - raft.server.log.statemachine.data.sync.timeout = 10s (default)
2024-08-23 17:40:37,959 [ab598a91-1760-425c-863f-c9c0150b23d9-groupManagement] INFO  server.RaftServerConfigKeys (ConfUtils.java:logGet(46)) - raft.server.log.statemachine.data.sync.timeout.retry = 30 (custom)
2024-08-23 17:40:37,960 [ab598a91-1760-425c-863f-c9c0150b23d9-groupManagement] INFO  server.RaftServerConfigKeys (ConfUtils.java:logGet(46)) - raft.server.log.write.buffer.size = 8388616 (custom)
2024-08-23 17:40:37,962 [ab598a91-1760-425c-863f-c9c0150b23d9-groupManagement] INFO  server.RaftServerConfigKeys (ConfUtils.java:logGet(46)) - raft.server.log.appender.buffer.byte-limit = 8388608 (custom)
2024-08-23 17:40:37,962 [ab598a91-1760-425c-863f-c9c0150b23d9-groupManagement] INFO  server.RaftServerConfigKeys (ConfUtils.java:logGet(46)) - raft.server.log.unsafe-flush.enabled = false (default)
2024-08-23 17:40:37,962 [ab598a91-1760-425c-863f-c9c0150b23d9-groupManagement] INFO  server.RaftServerConfigKeys (ConfUtils.java:logGet(46)) - raft.server.log.async-flush.enabled = false (default)
2024-08-23 17:40:37,962 [ab598a91-1760-425c-863f-c9c0150b23d9-groupManagement] INFO  server.RaftServerConfigKeys (ConfUtils.java:logGet(46)) - raft.server.log.statemachine.data.caching.enabled = true (custom)
2024-08-23 17:40:37,962 [ab598a91-1760-425c-863f-c9c0150b23d9-groupManagement] INFO  segmented.SegmentedRaftLogWorker (SegmentedRaftLogWorker.java:lambda$new$0(135)) - ab598a91-1760-425c-863f-c9c0150b23d9@group-3784CE077ECC-SegmentedRaftLogWorker: flushIndex: setUnconditionally 0 -> -1
2024-08-23 17:40:37,962 [ab598a91-1760-425c-863f-c9c0150b23d9-groupManagement] INFO  segmented.SegmentedRaftLogWorker (SegmentedRaftLogWorker.java:lambda$new$0(135)) - ab598a91-1760-425c-863f-c9c0150b23d9@group-3784CE077ECC-SegmentedRaftLogWorker: safeCacheEvictIndex: setUnconditionally 0 -> -1
2024-08-23 17:40:37,963 [ab598a91-1760-425c-863f-c9c0150b23d9-groupManagement] INFO  server.RaftServer$Division (RaftServerImpl.java:start(389)) - ab598a91-1760-425c-863f-c9c0150b23d9@group-3784CE077ECC: start as a follower, conf=conf: {index: -1, cur=peers:[ab598a91-1760-425c-863f-c9c0150b23d9|127.0.0.1:15071, 4c92e27b-ecd4-4d14-ba24-c9bbe0da28ff|127.0.0.1:15089, 97398481-acd0-44c3-9c1f-2d1228ad6123|127.0.0.1:15080]|listeners:[], old=null}
2024-08-23 17:40:37,963 [ab598a91-1760-425c-863f-c9c0150b23d9-groupManagement] INFO  server.RaftServer$Division (RaftServerImpl.java:setRole(376)) - ab598a91-1760-425c-863f-c9c0150b23d9@group-3784CE077ECC: changes role from      null to FOLLOWER at term 0 for startAsFollower
2024-08-23 17:40:37,963 [ab598a91-1760-425c-863f-c9c0150b23d9-groupManagement] INFO  impl.RoleInfo (RoleInfo.java:updateAndGet(148)) - ab598a91-1760-425c-863f-c9c0150b23d9: start ab598a91-1760-425c-863f-c9c0150b23d9@group-3784CE077ECC-FollowerState
2024-08-23 17:40:37,963 [ab598a91-1760-425c-863f-c9c0150b23d9@group-3784CE077ECC-FollowerState] INFO  server.RaftServerConfigKeys (ConfUtils.java:logFallback(53)) - raft.server.rpc.first-election.timeout.min = 5s (fallback to raft.server.rpc.timeout.min)
2024-08-23 17:40:37,963 [ab598a91-1760-425c-863f-c9c0150b23d9@group-3784CE077ECC-FollowerState] INFO  server.RaftServerConfigKeys (ConfUtils.java:logFallback(53)) - raft.server.rpc.first-election.timeout.max = 5200ms (fallback to raft.server.rpc.timeout.max)
2024-08-23 17:40:37,963 [ab598a91-1760-425c-863f-c9c0150b23d9-groupManagement] INFO  util.JmxRegister (JmxRegister.java:tryRegister(44)) - Successfully registered JMX Bean with object name Ratis:service=RaftServer,group=group-3784CE077ECC,id=ab598a91-1760-425c-863f-c9c0150b23d9
2024-08-23 17:40:37,963 [ab598a91-1760-425c-863f-c9c0150b23d9-groupManagement] INFO  util.JmxRegister (JmxRegister.java:register(58)) - register mxBean class org.apache.ratis.server.impl.RaftServerJmxAdapter as Ratis:service=RaftServer,group=group-3784CE077ECC,id=ab598a91-1760-425c-863f-c9c0150b23d9
2024-08-23 17:40:37,964 [ab598a91-1760-425c-863f-c9c0150b23d9-groupManagement] INFO  server.RaftServerConfigKeys (ConfUtils.java:logGet(46)) - raft.server.snapshot.trigger-when-stop.enabled = true (default)
2024-08-23 17:40:37,964 [ab598a91-1760-425c-863f-c9c0150b23d9-groupManagement] INFO  server.RaftServerConfigKeys (ConfUtils.java:logGet(46)) - raft.server.snapshot.trigger-when-remove.enabled = true (default)
2024-08-23 17:40:37,965 [ab598a91-1760-425c-863f-c9c0150b23d9-groupManagement] INFO  server.RaftServerConfigKeys (ConfUtils.java:logGet(46)) - raft.server.snapshot.auto.trigger.enabled = true (custom)
2024-08-23 17:40:37,965 [ab598a91-1760-425c-863f-c9c0150b23d9-groupManagement] INFO  server.RaftServerConfigKeys (ConfUtils.java:logGet(46)) - raft.server.snapshot.auto.trigger.threshold = 10000 (custom)
2024-08-23 17:40:37,965 [ab598a91-1760-425c-863f-c9c0150b23d9-groupManagement] INFO  server.RaftServerConfigKeys (ConfUtils.java:logGet(46)) - raft.server.snapshot.retention.file.num = 5 (custom)
2024-08-23 17:40:37,965 [ab598a91-1760-425c-863f-c9c0150b23d9-groupManagement] INFO  server.RaftServerConfigKeys (ConfUtils.java:logGet(46)) - raft.server.log.purge.upto.snapshot.index = false (default)
2024-08-23 17:40:37,965 [ab598a91-1760-425c-863f-c9c0150b23d9-PipelineCommandHandlerThread-0] INFO  ratis.XceiverServerRatis (XceiverServerRatis.java:addGroup(849)) - Created group PipelineID=aa54c26e-dc3d-466a-8ec7-3784ce077ecc
2024-08-23 17:40:37,971 [grpc-default-executor-0] INFO  server.RaftServer (RaftServerProxy.java:addNew(101)) - 97398481-acd0-44c3-9c1f-2d1228ad6123: addNew group-3784CE077ECC:[ab598a91-1760-425c-863f-c9c0150b23d9|127.0.0.1:15071, 4c92e27b-ecd4-4d14-ba24-c9bbe0da28ff|127.0.0.1:15089, 97398481-acd0-44c3-9c1f-2d1228ad6123|127.0.0.1:15080] returns group-3784CE077ECC:java.util.concurrent.CompletableFuture@148f75b6[Not completed]
2024-08-23 17:40:37,972 [97398481-acd0-44c3-9c1f-2d1228ad6123-groupManagement] INFO  server.RaftServer$Division (RaftServerImpl.java:<init>(253)) - 97398481-acd0-44c3-9c1f-2d1228ad6123: new RaftServerImpl for group-3784CE077ECC:[ab598a91-1760-425c-863f-c9c0150b23d9|127.0.0.1:15071, 4c92e27b-ecd4-4d14-ba24-c9bbe0da28ff|127.0.0.1:15089, 97398481-acd0-44c3-9c1f-2d1228ad6123|127.0.0.1:15080] with ContainerStateMachine:uninitialized
2024-08-23 17:40:37,972 [97398481-acd0-44c3-9c1f-2d1228ad6123-groupManagement] INFO  server.RaftServerConfigKeys (ConfUtils.java:logGet(46)) - raft.server.rpc.timeout.min = 5s (custom)
2024-08-23 17:40:37,972 [97398481-acd0-44c3-9c1f-2d1228ad6123-groupManagement] INFO  server.RaftServerConfigKeys (ConfUtils.java:logGet(46)) - raft.server.rpc.timeout.max = 5200ms (custom)
2024-08-23 17:40:37,972 [97398481-acd0-44c3-9c1f-2d1228ad6123-groupManagement] INFO  server.RaftServerConfigKeys (ConfUtils.java:logGet(46)) - raft.server.rpc.sleep.time = 25ms (default)
2024-08-23 17:40:37,972 [97398481-acd0-44c3-9c1f-2d1228ad6123-groupManagement] INFO  server.RaftServerConfigKeys (ConfUtils.java:logGet(46)) - raft.server.rpc.slowness.timeout = 300s (custom)
2024-08-23 17:40:37,972 [97398481-acd0-44c3-9c1f-2d1228ad6123-groupManagement] INFO  server.RaftServerConfigKeys (ConfUtils.java:logGet(46)) - raft.server.leaderelection.leader.step-down.wait-time = 10s (default)
2024-08-23 17:40:37,972 [97398481-acd0-44c3-9c1f-2d1228ad6123-groupManagement] INFO  server.RaftServerConfigKeys (ConfUtils.java:logGet(46)) - raft.server.leaderelection.member.majority-add = false (default)
2024-08-23 17:40:37,972 [97398481-acd0-44c3-9c1f-2d1228ad6123-groupManagement] INFO  server.RaftServerConfigKeys (ConfUtils.java:logGet(46)) - raft.server.sleep.deviation.threshold = 300ms (default)
2024-08-23 17:40:37,972 [97398481-acd0-44c3-9c1f-2d1228ad6123-groupManagement] INFO  server.RaftServer$Division (ServerState.java:<init>(114)) - 97398481-acd0-44c3-9c1f-2d1228ad6123@group-3784CE077ECC: ConfigurationManager, init=conf: {index: -1, cur=peers:[ab598a91-1760-425c-863f-c9c0150b23d9|127.0.0.1:15071, 4c92e27b-ecd4-4d14-ba24-c9bbe0da28ff|127.0.0.1:15089, 97398481-acd0-44c3-9c1f-2d1228ad6123|127.0.0.1:15080]|listeners:[], old=null}, confs=<EMPTY_MAP>
2024-08-23 17:40:37,972 [97398481-acd0-44c3-9c1f-2d1228ad6123-groupManagement] INFO  server.RaftServerConfigKeys (ConfUtils.java:logGet(46)) - raft.server.notification.no-leader.timeout = 300s (custom)
2024-08-23 17:40:37,972 [97398481-acd0-44c3-9c1f-2d1228ad6123-groupManagement] INFO  server.RaftServerConfigKeys (ConfUtils.java:logGet(46)) - raft.server.read.timeout = 10s (default)
2024-08-23 17:40:37,972 [97398481-acd0-44c3-9c1f-2d1228ad6123-groupManagement] INFO  server.RaftServerConfigKeys (ConfUtils.java:logGet(46)) - raft.server.retrycache.expirytime = 600000ms (custom)
2024-08-23 17:40:37,972 [97398481-acd0-44c3-9c1f-2d1228ad6123-groupManagement] INFO  server.RaftServerConfigKeys (ConfUtils.java:logGet(46)) - raft.server.retrycache.statistics.expirytime = 100ms (default)
2024-08-23 17:40:37,972 [97398481-acd0-44c3-9c1f-2d1228ad6123-groupManagement] INFO  server.RaftServerConfigKeys (ConfUtils.java:logGet(46)) - raft.server.read.option = DEFAULT (default)
2024-08-23 17:40:37,972 [97398481-acd0-44c3-9c1f-2d1228ad6123-groupManagement] INFO  server.RaftServerConfigKeys (ConfUtils.java:logGet(46)) - raft.server.read.read-after-write-consistent.write-index-cache.expiry-time = 60s (default)
2024-08-23 17:40:37,974 [97398481-acd0-44c3-9c1f-2d1228ad6123-groupManagement] INFO  server.RaftServerConfigKeys (ConfUtils.java:logGet(46)) - raft.server.rpc.request.timeout = 60s (custom)
2024-08-23 17:40:37,974 [97398481-acd0-44c3-9c1f-2d1228ad6123-groupManagement] INFO  server.RaftServerConfigKeys (ConfUtils.java:logGet(46)) - raft.server.log.appender.install.snapshot.enabled = false (custom)
2024-08-23 17:40:37,974 [97398481-acd0-44c3-9c1f-2d1228ad6123-groupManagement] INFO  server.RaftServerConfigKeys (ConfUtils.java:logGet(46)) - raft.server.threadpool.server.cached = true (default)
2024-08-23 17:40:37,974 [97398481-acd0-44c3-9c1f-2d1228ad6123-groupManagement] INFO  server.RaftServerConfigKeys (ConfUtils.java:logGet(46)) - raft.server.threadpool.server.size = 0 (default)
2024-08-23 17:40:37,974 [97398481-acd0-44c3-9c1f-2d1228ad6123-groupManagement] INFO  server.RaftServerConfigKeys (ConfUtils.java:logGet(46)) - raft.server.threadpool.client.cached = true (default)
2024-08-23 17:40:37,974 [97398481-acd0-44c3-9c1f-2d1228ad6123-groupManagement] INFO  server.RaftServerConfigKeys (ConfUtils.java:logGet(46)) - raft.server.threadpool.client.size = 0 (default)
2024-08-23 17:40:37,974 [97398481-acd0-44c3-9c1f-2d1228ad6123-groupManagement] INFO  server.RaftServerConfigKeys (ConfUtils.java:logGet(46)) - raft.server.storage.free-space.min = 0MB (=0) (default)
2024-08-23 17:40:37,974 [97398481-acd0-44c3-9c1f-2d1228ad6123-groupManagement] INFO  server.RaftServerConfigKeys (ConfUtils.java:logGet(46)) - raft.server.log.corruption.policy = EXCEPTION (default)
2024-08-23 17:40:37,974 [97398481-acd0-44c3-9c1f-2d1228ad6123-groupManagement] INFO  server.RaftServerConfigKeys (ConfUtils.java:logGet(46)) - raft.server.storage.dir = [/home/runner/work/ozone/ozone/hadoop-ozone/integration-test/target/test-dir/MiniOzoneClusterImpl-79f21b30-aaf8-43fb-84ca-e7a29640eabd/ozone-meta/datanode-2/ratis] (custom)
2024-08-23 17:40:37,975 [97398481-acd0-44c3-9c1f-2d1228ad6123-groupManagement] INFO  storage.RaftStorageDirectory (RaftStorageDirectoryImpl.java:analyzeStorage(138)) - The storage directory /home/runner/work/ozone/ozone/hadoop-ozone/integration-test/target/test-dir/MiniOzoneClusterImpl-79f21b30-aaf8-43fb-84ca-e7a29640eabd/ozone-meta/datanode-2/ratis/aa54c26e-dc3d-466a-8ec7-3784ce077ecc does not exist. Creating ...
2024-08-23 17:40:37,975 [97398481-acd0-44c3-9c1f-2d1228ad6123-groupManagement] INFO  storage.RaftStorageDirectory (RaftStorageDirectoryImpl.java:tryLock(229)) - Lock on /home/runner/work/ozone/ozone/hadoop-ozone/integration-test/target/test-dir/MiniOzoneClusterImpl-79f21b30-aaf8-43fb-84ca-e7a29640eabd/ozone-meta/datanode-2/ratis/aa54c26e-dc3d-466a-8ec7-3784ce077ecc/in_use.lock acquired by nodename 126670@fv-az848-402
2024-08-23 17:40:37,976 [97398481-acd0-44c3-9c1f-2d1228ad6123-groupManagement] INFO  storage.RaftStorage (RaftStorageImpl.java:format(98)) - Storage directory /home/runner/work/ozone/ozone/hadoop-ozone/integration-test/target/test-dir/MiniOzoneClusterImpl-79f21b30-aaf8-43fb-84ca-e7a29640eabd/ozone-meta/datanode-2/ratis/aa54c26e-dc3d-466a-8ec7-3784ce077ecc has been successfully formatted.
2024-08-23 17:40:37,979 [97398481-acd0-44c3-9c1f-2d1228ad6123-groupManagement] INFO  ratis.ContainerStateMachine (ContainerStateMachine.java:loadSnapshot(295)) - group-3784CE077ECC: The snapshot info is null. Setting the last applied index to:(t:0, i:~)
2024-08-23 17:40:37,979 [97398481-acd0-44c3-9c1f-2d1228ad6123-groupManagement] INFO  server.RaftServerConfigKeys (ConfUtils.java:logGet(46)) - raft.server.log.use.memory = false (default)
2024-08-23 17:40:37,979 [97398481-acd0-44c3-9c1f-2d1228ad6123-groupManagement] INFO  server.RaftServerConfigKeys (ConfUtils.java:logGet(46)) - raft.server.log.purge.gap = 1000000 (custom)
2024-08-23 17:40:37,979 [97398481-acd0-44c3-9c1f-2d1228ad6123-groupManagement] INFO  server.RaftServerConfigKeys (ConfUtils.java:logGet(46)) - raft.server.log.appender.buffer.byte-limit = 8388608 (custom)
2024-08-23 17:40:37,979 [97398481-acd0-44c3-9c1f-2d1228ad6123-groupManagement] INFO  server.RaftServerConfigKeys (ConfUtils.java:logGet(46)) - raft.server.log.statemachine.data.read.timeout = 1000ms (default)
2024-08-23 17:40:37,979 [97398481-acd0-44c3-9c1f-2d1228ad6123-groupManagement] INFO  server.RaftServerConfigKeys (ConfUtils.java:logGet(46)) - raft.server.log.purge.preservation.log.num = 0 (default)
2024-08-23 17:40:37,990 [97398481-acd0-44c3-9c1f-2d1228ad6123-groupManagement] INFO  server.RaftServerConfigKeys (ConfUtils.java:logGet(46)) - raft.server.log.segment.size.max = 67108864 (custom)
2024-08-23 17:40:37,990 [97398481-acd0-44c3-9c1f-2d1228ad6123-groupManagement] INFO  server.RaftServerConfigKeys (ConfUtils.java:logGet(46)) - raft.server.log.segment.cache.num.max = 2 (custom)
2024-08-23 17:40:37,990 [97398481-acd0-44c3-9c1f-2d1228ad6123-groupManagement] INFO  server.RaftServerConfigKeys (ConfUtils.java:logGet(46)) - raft.server.log.segment.cache.size.max = 200MB (=209715200) (default)
2024-08-23 17:40:37,990 [97398481-acd0-44c3-9c1f-2d1228ad6123-groupManagement] INFO  server.RaftServerConfigKeys (ConfUtils.java:logGet(46)) - raft.server.log.appender.buffer.byte-limit = 8388608 (custom)
2024-08-23 17:40:37,994 [97398481-acd0-44c3-9c1f-2d1228ad6123-groupManagement] INFO  util.AwaitToRun (AwaitToRun.java:start(81)) - Thread[97398481-acd0-44c3-9c1f-2d1228ad6123@group-3784CE077ECC-cacheEviction-AwaitToRun,5,main] started
2024-08-23 17:40:37,994 [97398481-acd0-44c3-9c1f-2d1228ad6123-groupManagement] INFO  segmented.SegmentedRaftLogWorker (SegmentedRaftLogWorker.java:<init>(184)) - new 97398481-acd0-44c3-9c1f-2d1228ad6123@group-3784CE077ECC-SegmentedRaftLogWorker for RaftStorageImpl:Storage Directory /home/runner/work/ozone/ozone/hadoop-ozone/integration-test/target/test-dir/MiniOzoneClusterImpl-79f21b30-aaf8-43fb-84ca-e7a29640eabd/ozone-meta/datanode-2/ratis/aa54c26e-dc3d-466a-8ec7-3784ce077ecc
2024-08-23 17:40:37,995 [97398481-acd0-44c3-9c1f-2d1228ad6123-groupManagement] INFO  server.RaftServerConfigKeys (ConfUtils.java:logGet(46)) - raft.server.log.queue.byte-limit = 4294967296 (custom)
2024-08-23 17:40:37,995 [97398481-acd0-44c3-9c1f-2d1228ad6123-groupManagement] INFO  server.RaftServerConfigKeys (ConfUtils.java:logGet(46)) - raft.server.log.queue.element-limit = 1024 (custom)
2024-08-23 17:40:37,995 [97398481-acd0-44c3-9c1f-2d1228ad6123-groupManagement] INFO  server.RaftServerConfigKeys (ConfUtils.java:logGet(46)) - raft.server.log.segment.size.max = 67108864 (custom)
2024-08-23 17:40:37,995 [97398481-acd0-44c3-9c1f-2d1228ad6123-groupManagement] INFO  server.RaftServerConfigKeys (ConfUtils.java:logGet(46)) - raft.server.log.preallocated.size = 4194304 (custom)
2024-08-23 17:40:37,995 [97398481-acd0-44c3-9c1f-2d1228ad6123-groupManagement] INFO  server.RaftServerConfigKeys (ConfUtils.java:logGet(46)) - raft.server.log.force.sync.num = 128 (default)
2024-08-23 17:40:37,995 [97398481-acd0-44c3-9c1f-2d1228ad6123-groupManagement] INFO  server.RaftServerConfigKeys (ConfUtils.java:logGet(46)) - raft.server.log.statemachine.data.sync = true (default)
2024-08-23 17:40:37,995 [97398481-acd0-44c3-9c1f-2d1228ad6123-groupManagement] INFO  server.RaftServerConfigKeys (ConfUtils.java:logGet(46)) - raft.server.log.statemachine.data.sync.timeout = 10s (default)
2024-08-23 17:40:37,995 [97398481-acd0-44c3-9c1f-2d1228ad6123-groupManagement] INFO  server.RaftServerConfigKeys (ConfUtils.java:logGet(46)) - raft.server.log.statemachine.data.sync.timeout.retry = 30 (custom)
2024-08-23 17:40:37,995 [97398481-acd0-44c3-9c1f-2d1228ad6123-groupManagement] INFO  server.RaftServerConfigKeys (ConfUtils.java:logGet(46)) - raft.server.log.write.buffer.size = 8388616 (custom)
2024-08-23 17:40:37,998 [97398481-acd0-44c3-9c1f-2d1228ad6123-groupManagement] INFO  server.RaftServerConfigKeys (ConfUtils.java:logGet(46)) - raft.server.log.appender.buffer.byte-limit = 8388608 (custom)
2024-08-23 17:40:37,998 [97398481-acd0-44c3-9c1f-2d1228ad6123-groupManagement] INFO  server.RaftServerConfigKeys (ConfUtils.java:logGet(46)) - raft.server.log.unsafe-flush.enabled = false (default)
2024-08-23 17:40:37,998 [97398481-acd0-44c3-9c1f-2d1228ad6123-groupManagement] INFO  server.RaftServerConfigKeys (ConfUtils.java:logGet(46)) - raft.server.log.async-flush.enabled = false (default)
2024-08-23 17:40:37,999 [97398481-acd0-44c3-9c1f-2d1228ad6123-groupManagement] INFO  server.RaftServerConfigKeys (ConfUtils.java:logGet(46)) - raft.server.log.statemachine.data.caching.enabled = true (custom)
2024-08-23 17:40:37,999 [97398481-acd0-44c3-9c1f-2d1228ad6123-groupManagement] INFO  segmented.SegmentedRaftLogWorker (SegmentedRaftLogWorker.java:lambda$new$0(135)) - 97398481-acd0-44c3-9c1f-2d1228ad6123@group-3784CE077ECC-SegmentedRaftLogWorker: flushIndex: setUnconditionally 0 -> -1
2024-08-23 17:40:37,999 [97398481-acd0-44c3-9c1f-2d1228ad6123-groupManagement] INFO  segmented.SegmentedRaftLogWorker (SegmentedRaftLogWorker.java:lambda$new$0(135)) - 97398481-acd0-44c3-9c1f-2d1228ad6123@group-3784CE077ECC-SegmentedRaftLogWorker: safeCacheEvictIndex: setUnconditionally 0 -> -1
2024-08-23 17:40:37,999 [97398481-acd0-44c3-9c1f-2d1228ad6123-groupManagement] INFO  server.RaftServer$Division (RaftServerImpl.java:start(389)) - 97398481-acd0-44c3-9c1f-2d1228ad6123@group-3784CE077ECC: start as a follower, conf=conf: {index: -1, cur=peers:[ab598a91-1760-425c-863f-c9c0150b23d9|127.0.0.1:15071, 4c92e27b-ecd4-4d14-ba24-c9bbe0da28ff|127.0.0.1:15089, 97398481-acd0-44c3-9c1f-2d1228ad6123|127.0.0.1:15080]|listeners:[], old=null}
2024-08-23 17:40:37,999 [97398481-acd0-44c3-9c1f-2d1228ad6123-groupManagement] INFO  server.RaftServer$Division (RaftServerImpl.java:setRole(376)) - 97398481-acd0-44c3-9c1f-2d1228ad6123@group-3784CE077ECC: changes role from      null to FOLLOWER at term 0 for startAsFollower
2024-08-23 17:40:37,999 [97398481-acd0-44c3-9c1f-2d1228ad6123-groupManagement] INFO  impl.RoleInfo (RoleInfo.java:updateAndGet(148)) - 97398481-acd0-44c3-9c1f-2d1228ad6123: start 97398481-acd0-44c3-9c1f-2d1228ad6123@group-3784CE077ECC-FollowerState
2024-08-23 17:40:38,002 [97398481-acd0-44c3-9c1f-2d1228ad6123@group-3784CE077ECC-FollowerState] INFO  server.RaftServerConfigKeys (ConfUtils.java:logFallback(53)) - raft.server.rpc.first-election.timeout.min = 5s (fallback to raft.server.rpc.timeout.min)
2024-08-23 17:40:38,002 [97398481-acd0-44c3-9c1f-2d1228ad6123-groupManagement] INFO  util.JmxRegister (JmxRegister.java:tryRegister(44)) - Successfully registered JMX Bean with object name Ratis:service=RaftServer,group=group-3784CE077ECC,id=97398481-acd0-44c3-9c1f-2d1228ad6123
2024-08-23 17:40:38,003 [97398481-acd0-44c3-9c1f-2d1228ad6123-groupManagement] INFO  util.JmxRegister (JmxRegister.java:register(58)) - register mxBean class org.apache.ratis.server.impl.RaftServerJmxAdapter as Ratis:service=RaftServer,group=group-3784CE077ECC,id=97398481-acd0-44c3-9c1f-2d1228ad6123
2024-08-23 17:40:38,003 [97398481-acd0-44c3-9c1f-2d1228ad6123-groupManagement] INFO  server.RaftServerConfigKeys (ConfUtils.java:logGet(46)) - raft.server.snapshot.trigger-when-stop.enabled = true (default)
2024-08-23 17:40:38,003 [97398481-acd0-44c3-9c1f-2d1228ad6123-groupManagement] INFO  server.RaftServerConfigKeys (ConfUtils.java:logGet(46)) - raft.server.snapshot.trigger-when-remove.enabled = true (default)
2024-08-23 17:40:38,003 [97398481-acd0-44c3-9c1f-2d1228ad6123-groupManagement] INFO  server.RaftServerConfigKeys (ConfUtils.java:logGet(46)) - raft.server.snapshot.auto.trigger.enabled = true (custom)
2024-08-23 17:40:38,003 [97398481-acd0-44c3-9c1f-2d1228ad6123-groupManagement] INFO  server.RaftServerConfigKeys (ConfUtils.java:logGet(46)) - raft.server.snapshot.auto.trigger.threshold = 10000 (custom)
2024-08-23 17:40:38,003 [97398481-acd0-44c3-9c1f-2d1228ad6123-groupManagement] INFO  server.RaftServerConfigKeys (ConfUtils.java:logGet(46)) - raft.server.snapshot.retention.file.num = 5 (custom)
2024-08-23 17:40:38,003 [97398481-acd0-44c3-9c1f-2d1228ad6123-groupManagement] INFO  server.RaftServerConfigKeys (ConfUtils.java:logGet(46)) - raft.server.log.purge.upto.snapshot.index = false (default)
2024-08-23 17:40:38,003 [97398481-acd0-44c3-9c1f-2d1228ad6123@group-3784CE077ECC-FollowerState] INFO  server.RaftServerConfigKeys (ConfUtils.java:logFallback(53)) - raft.server.rpc.first-election.timeout.max = 5200ms (fallback to raft.server.rpc.timeout.max)
2024-08-23 17:40:38,019 [grpc-default-executor-0] INFO  server.RaftServer (RaftServerProxy.java:addNew(101)) - 4c92e27b-ecd4-4d14-ba24-c9bbe0da28ff: addNew group-3784CE077ECC:[ab598a91-1760-425c-863f-c9c0150b23d9|127.0.0.1:15071, 4c92e27b-ecd4-4d14-ba24-c9bbe0da28ff|127.0.0.1:15089, 97398481-acd0-44c3-9c1f-2d1228ad6123|127.0.0.1:15080] returns group-3784CE077ECC:java.util.concurrent.CompletableFuture@3046477e[Not completed]
2024-08-23 17:40:38,021 [4c92e27b-ecd4-4d14-ba24-c9bbe0da28ff-groupManagement] INFO  server.RaftServer$Division (RaftServerImpl.java:<init>(253)) - 4c92e27b-ecd4-4d14-ba24-c9bbe0da28ff: new RaftServerImpl for group-3784CE077ECC:[ab598a91-1760-425c-863f-c9c0150b23d9|127.0.0.1:15071, 4c92e27b-ecd4-4d14-ba24-c9bbe0da28ff|127.0.0.1:15089, 97398481-acd0-44c3-9c1f-2d1228ad6123|127.0.0.1:15080] with ContainerStateMachine:uninitialized
2024-08-23 17:40:38,021 [4c92e27b-ecd4-4d14-ba24-c9bbe0da28ff-groupManagement] INFO  server.RaftServerConfigKeys (ConfUtils.java:logGet(46)) - raft.server.rpc.timeout.min = 5s (custom)
2024-08-23 17:40:38,021 [4c92e27b-ecd4-4d14-ba24-c9bbe0da28ff-groupManagement] INFO  server.RaftServerConfigKeys (ConfUtils.java:logGet(46)) - raft.server.rpc.timeout.max = 5200ms (custom)
2024-08-23 17:40:38,021 [4c92e27b-ecd4-4d14-ba24-c9bbe0da28ff-groupManagement] INFO  server.RaftServerConfigKeys (ConfUtils.java:logGet(46)) - raft.server.rpc.sleep.time = 25ms (default)
2024-08-23 17:40:38,021 [4c92e27b-ecd4-4d14-ba24-c9bbe0da28ff-groupManagement] INFO  server.RaftServerConfigKeys (ConfUtils.java:logGet(46)) - raft.server.rpc.slowness.timeout = 300s (custom)
2024-08-23 17:40:38,021 [4c92e27b-ecd4-4d14-ba24-c9bbe0da28ff-groupManagement] INFO  server.RaftServerConfigKeys (ConfUtils.java:logGet(46)) - raft.server.leaderelection.leader.step-down.wait-time = 10s (default)
2024-08-23 17:40:38,021 [4c92e27b-ecd4-4d14-ba24-c9bbe0da28ff-groupManagement] INFO  server.RaftServerConfigKeys (ConfUtils.java:logGet(46)) - raft.server.leaderelection.member.majority-add = false (default)
2024-08-23 17:40:38,021 [4c92e27b-ecd4-4d14-ba24-c9bbe0da28ff-groupManagement] INFO  server.RaftServerConfigKeys (ConfUtils.java:logGet(46)) - raft.server.sleep.deviation.threshold = 300ms (default)
2024-08-23 17:40:38,021 [4c92e27b-ecd4-4d14-ba24-c9bbe0da28ff-groupManagement] INFO  server.RaftServer$Division (ServerState.java:<init>(114)) - 4c92e27b-ecd4-4d14-ba24-c9bbe0da28ff@group-3784CE077ECC: ConfigurationManager, init=conf: {index: -1, cur=peers:[ab598a91-1760-425c-863f-c9c0150b23d9|127.0.0.1:15071, 4c92e27b-ecd4-4d14-ba24-c9bbe0da28ff|127.0.0.1:15089, 97398481-acd0-44c3-9c1f-2d1228ad6123|127.0.0.1:15080]|listeners:[], old=null}, confs=<EMPTY_MAP>
2024-08-23 17:40:38,021 [4c92e27b-ecd4-4d14-ba24-c9bbe0da28ff-groupManagement] INFO  server.RaftServerConfigKeys (ConfUtils.java:logGet(46)) - raft.server.notification.no-leader.timeout = 300s (custom)
2024-08-23 17:40:38,021 [4c92e27b-ecd4-4d14-ba24-c9bbe0da28ff-groupManagement] INFO  server.RaftServerConfigKeys (ConfUtils.java:logGet(46)) - raft.server.read.timeout = 10s (default)
2024-08-23 17:40:38,021 [4c92e27b-ecd4-4d14-ba24-c9bbe0da28ff-groupManagement] INFO  server.RaftServerConfigKeys (ConfUtils.java:logGet(46)) - raft.server.retrycache.expirytime = 600000ms (custom)
2024-08-23 17:40:38,021 [4c92e27b-ecd4-4d14-ba24-c9bbe0da28ff-groupManagement] INFO  server.RaftServerConfigKeys (ConfUtils.java:logGet(46)) - raft.server.retrycache.statistics.expirytime = 100ms (default)
2024-08-23 17:40:38,022 [4c92e27b-ecd4-4d14-ba24-c9bbe0da28ff-groupManagement] INFO  server.RaftServerConfigKeys (ConfUtils.java:logGet(46)) - raft.server.read.option = DEFAULT (default)
2024-08-23 17:40:38,022 [4c92e27b-ecd4-4d14-ba24-c9bbe0da28ff-groupManagement] INFO  server.RaftServerConfigKeys (ConfUtils.java:logGet(46)) - raft.server.read.read-after-write-consistent.write-index-cache.expiry-time = 60s (default)
2024-08-23 17:40:38,024 [4c92e27b-ecd4-4d14-ba24-c9bbe0da28ff-groupManagement] INFO  server.RaftServerConfigKeys (ConfUtils.java:logGet(46)) - raft.server.rpc.request.timeout = 60s (custom)
2024-08-23 17:40:38,024 [4c92e27b-ecd4-4d14-ba24-c9bbe0da28ff-groupManagement] INFO  server.RaftServerConfigKeys (ConfUtils.java:logGet(46)) - raft.server.log.appender.install.snapshot.enabled = false (custom)
2024-08-23 17:40:38,024 [4c92e27b-ecd4-4d14-ba24-c9bbe0da28ff-groupManagement] INFO  server.RaftServerConfigKeys (ConfUtils.java:logGet(46)) - raft.server.threadpool.server.cached = true (default)
2024-08-23 17:40:38,024 [4c92e27b-ecd4-4d14-ba24-c9bbe0da28ff-groupManagement] INFO  server.RaftServerConfigKeys (ConfUtils.java:logGet(46)) - raft.server.threadpool.server.size = 0 (default)
2024-08-23 17:40:38,024 [4c92e27b-ecd4-4d14-ba24-c9bbe0da28ff-groupManagement] INFO  server.RaftServerConfigKeys (ConfUtils.java:logGet(46)) - raft.server.threadpool.client.cached = true (default)
2024-08-23 17:40:38,024 [4c92e27b-ecd4-4d14-ba24-c9bbe0da28ff-groupManagement] INFO  server.RaftServerConfigKeys (ConfUtils.java:logGet(46)) - raft.server.threadpool.client.size = 0 (default)
2024-08-23 17:40:38,024 [4c92e27b-ecd4-4d14-ba24-c9bbe0da28ff-groupManagement] INFO  server.RaftServerConfigKeys (ConfUtils.java:logGet(46)) - raft.server.storage.free-space.min = 0MB (=0) (default)
2024-08-23 17:40:38,024 [4c92e27b-ecd4-4d14-ba24-c9bbe0da28ff-groupManagement] INFO  server.RaftServerConfigKeys (ConfUtils.java:logGet(46)) - raft.server.log.corruption.policy = EXCEPTION (default)
2024-08-23 17:40:38,024 [4c92e27b-ecd4-4d14-ba24-c9bbe0da28ff-groupManagement] INFO  server.RaftServerConfigKeys (ConfUtils.java:logGet(46)) - raft.server.storage.dir = [/home/runner/work/ozone/ozone/hadoop-ozone/integration-test/target/test-dir/MiniOzoneClusterImpl-79f21b30-aaf8-43fb-84ca-e7a29640eabd/ozone-meta/datanode-3/ratis] (custom)
2024-08-23 17:40:38,025 [4c92e27b-ecd4-4d14-ba24-c9bbe0da28ff-groupManagement] INFO  storage.RaftStorageDirectory (RaftStorageDirectoryImpl.java:analyzeStorage(138)) - The storage directory /home/runner/work/ozone/ozone/hadoop-ozone/integration-test/target/test-dir/MiniOzoneClusterImpl-79f21b30-aaf8-43fb-84ca-e7a29640eabd/ozone-meta/datanode-3/ratis/aa54c26e-dc3d-466a-8ec7-3784ce077ecc does not exist. Creating ...
2024-08-23 17:40:38,026 [4c92e27b-ecd4-4d14-ba24-c9bbe0da28ff-groupManagement] INFO  storage.RaftStorageDirectory (RaftStorageDirectoryImpl.java:tryLock(229)) - Lock on /home/runner/work/ozone/ozone/hadoop-ozone/integration-test/target/test-dir/MiniOzoneClusterImpl-79f21b30-aaf8-43fb-84ca-e7a29640eabd/ozone-meta/datanode-3/ratis/aa54c26e-dc3d-466a-8ec7-3784ce077ecc/in_use.lock acquired by nodename 126670@fv-az848-402
2024-08-23 17:40:38,027 [4c92e27b-ecd4-4d14-ba24-c9bbe0da28ff-groupManagement] INFO  storage.RaftStorage (RaftStorageImpl.java:format(98)) - Storage directory /home/runner/work/ozone/ozone/hadoop-ozone/integration-test/target/test-dir/MiniOzoneClusterImpl-79f21b30-aaf8-43fb-84ca-e7a29640eabd/ozone-meta/datanode-3/ratis/aa54c26e-dc3d-466a-8ec7-3784ce077ecc has been successfully formatted.
2024-08-23 17:40:38,028 [4c92e27b-ecd4-4d14-ba24-c9bbe0da28ff-groupManagement] INFO  ratis.ContainerStateMachine (ContainerStateMachine.java:loadSnapshot(295)) - group-3784CE077ECC: The snapshot info is null. Setting the last applied index to:(t:0, i:~)
2024-08-23 17:40:38,028 [4c92e27b-ecd4-4d14-ba24-c9bbe0da28ff-groupManagement] INFO  server.RaftServerConfigKeys (ConfUtils.java:logGet(46)) - raft.server.log.use.memory = false (default)
2024-08-23 17:40:38,028 [4c92e27b-ecd4-4d14-ba24-c9bbe0da28ff-groupManagement] INFO  server.RaftServerConfigKeys (ConfUtils.java:logGet(46)) - raft.server.log.purge.gap = 1000000 (custom)
2024-08-23 17:40:38,028 [4c92e27b-ecd4-4d14-ba24-c9bbe0da28ff-groupManagement] INFO  server.RaftServerConfigKeys (ConfUtils.java:logGet(46)) - raft.server.log.appender.buffer.byte-limit = 8388608 (custom)
2024-08-23 17:40:38,028 [4c92e27b-ecd4-4d14-ba24-c9bbe0da28ff-groupManagement] INFO  server.RaftServerConfigKeys (ConfUtils.java:logGet(46)) - raft.server.log.statemachine.data.read.timeout = 1000ms (default)
2024-08-23 17:40:38,028 [4c92e27b-ecd4-4d14-ba24-c9bbe0da28ff-groupManagement] INFO  server.RaftServerConfigKeys (ConfUtils.java:logGet(46)) - raft.server.log.purge.preservation.log.num = 0 (default)
2024-08-23 17:40:38,029 [4c92e27b-ecd4-4d14-ba24-c9bbe0da28ff-groupManagement] INFO  server.RaftServerConfigKeys (ConfUtils.java:logGet(46)) - raft.server.log.segment.size.max = 67108864 (custom)
2024-08-23 17:40:38,031 [4c92e27b-ecd4-4d14-ba24-c9bbe0da28ff-groupManagement] INFO  server.RaftServerConfigKeys (ConfUtils.java:logGet(46)) - raft.server.log.segment.cache.num.max = 2 (custom)
2024-08-23 17:40:38,031 [4c92e27b-ecd4-4d14-ba24-c9bbe0da28ff-groupManagement] INFO  server.RaftServerConfigKeys (ConfUtils.java:logGet(46)) - raft.server.log.segment.cache.size.max = 200MB (=209715200) (default)
2024-08-23 17:40:38,031 [4c92e27b-ecd4-4d14-ba24-c9bbe0da28ff-groupManagement] INFO  server.RaftServerConfigKeys (ConfUtils.java:logGet(46)) - raft.server.log.appender.buffer.byte-limit = 8388608 (custom)
2024-08-23 17:40:38,034 [4c92e27b-ecd4-4d14-ba24-c9bbe0da28ff-groupManagement] INFO  util.AwaitToRun (AwaitToRun.java:start(81)) - Thread[4c92e27b-ecd4-4d14-ba24-c9bbe0da28ff@group-3784CE077ECC-cacheEviction-AwaitToRun,5,main] started
2024-08-23 17:40:38,034 [4c92e27b-ecd4-4d14-ba24-c9bbe0da28ff-groupManagement] INFO  segmented.SegmentedRaftLogWorker (SegmentedRaftLogWorker.java:<init>(184)) - new 4c92e27b-ecd4-4d14-ba24-c9bbe0da28ff@group-3784CE077ECC-SegmentedRaftLogWorker for RaftStorageImpl:Storage Directory /home/runner/work/ozone/ozone/hadoop-ozone/integration-test/target/test-dir/MiniOzoneClusterImpl-79f21b30-aaf8-43fb-84ca-e7a29640eabd/ozone-meta/datanode-3/ratis/aa54c26e-dc3d-466a-8ec7-3784ce077ecc
2024-08-23 17:40:38,034 [4c92e27b-ecd4-4d14-ba24-c9bbe0da28ff-groupManagement] INFO  server.RaftServerConfigKeys (ConfUtils.java:logGet(46)) - raft.server.log.queue.byte-limit = 4294967296 (custom)
2024-08-23 17:40:38,034 [4c92e27b-ecd4-4d14-ba24-c9bbe0da28ff-groupManagement] INFO  server.RaftServerConfigKeys (ConfUtils.java:logGet(46)) - raft.server.log.queue.element-limit = 1024 (custom)
2024-08-23 17:40:38,035 [4c92e27b-ecd4-4d14-ba24-c9bbe0da28ff-groupManagement] INFO  server.RaftServerConfigKeys (ConfUtils.java:logGet(46)) - raft.server.log.segment.size.max = 67108864 (custom)
2024-08-23 17:40:38,035 [4c92e27b-ecd4-4d14-ba24-c9bbe0da28ff-groupManagement] INFO  server.RaftServerConfigKeys (ConfUtils.java:logGet(46)) - raft.server.log.preallocated.size = 4194304 (custom)
2024-08-23 17:40:38,035 [4c92e27b-ecd4-4d14-ba24-c9bbe0da28ff-groupManagement] INFO  server.RaftServerConfigKeys (ConfUtils.java:logGet(46)) - raft.server.log.force.sync.num = 128 (default)
2024-08-23 17:40:38,035 [4c92e27b-ecd4-4d14-ba24-c9bbe0da28ff-groupManagement] INFO  server.RaftServerConfigKeys (ConfUtils.java:logGet(46)) - raft.server.log.statemachine.data.sync = true (default)
2024-08-23 17:40:38,035 [4c92e27b-ecd4-4d14-ba24-c9bbe0da28ff-groupManagement] INFO  server.RaftServerConfigKeys (ConfUtils.java:logGet(46)) - raft.server.log.statemachine.data.sync.timeout = 10s (default)
2024-08-23 17:40:38,035 [4c92e27b-ecd4-4d14-ba24-c9bbe0da28ff-groupManagement] INFO  server.RaftServerConfigKeys (ConfUtils.java:logGet(46)) - raft.server.log.statemachine.data.sync.timeout.retry = 30 (custom)
2024-08-23 17:40:38,035 [4c92e27b-ecd4-4d14-ba24-c9bbe0da28ff-groupManagement] INFO  server.RaftServerConfigKeys (ConfUtils.java:logGet(46)) - raft.server.log.write.buffer.size = 8388616 (custom)
2024-08-23 17:40:38,037 [4c92e27b-ecd4-4d14-ba24-c9bbe0da28ff-groupManagement] INFO  server.RaftServerConfigKeys (ConfUtils.java:logGet(46)) - raft.server.log.appender.buffer.byte-limit = 8388608 (custom)
2024-08-23 17:40:38,037 [4c92e27b-ecd4-4d14-ba24-c9bbe0da28ff-groupManagement] INFO  server.RaftServerConfigKeys (ConfUtils.java:logGet(46)) - raft.server.log.unsafe-flush.enabled = false (default)
2024-08-23 17:40:38,037 [4c92e27b-ecd4-4d14-ba24-c9bbe0da28ff-groupManagement] INFO  server.RaftServerConfigKeys (ConfUtils.java:logGet(46)) - raft.server.log.async-flush.enabled = false (default)
2024-08-23 17:40:38,037 [4c92e27b-ecd4-4d14-ba24-c9bbe0da28ff-groupManagement] INFO  server.RaftServerConfigKeys (ConfUtils.java:logGet(46)) - raft.server.log.statemachine.data.caching.enabled = true (custom)
2024-08-23 17:40:38,038 [4c92e27b-ecd4-4d14-ba24-c9bbe0da28ff-groupManagement] INFO  segmented.SegmentedRaftLogWorker (SegmentedRaftLogWorker.java:lambda$new$0(135)) - 4c92e27b-ecd4-4d14-ba24-c9bbe0da28ff@group-3784CE077ECC-SegmentedRaftLogWorker: flushIndex: setUnconditionally 0 -> -1
2024-08-23 17:40:38,038 [4c92e27b-ecd4-4d14-ba24-c9bbe0da28ff-groupManagement] INFO  segmented.SegmentedRaftLogWorker (SegmentedRaftLogWorker.java:lambda$new$0(135)) - 4c92e27b-ecd4-4d14-ba24-c9bbe0da28ff@group-3784CE077ECC-SegmentedRaftLogWorker: safeCacheEvictIndex: setUnconditionally 0 -> -1
2024-08-23 17:40:38,038 [4c92e27b-ecd4-4d14-ba24-c9bbe0da28ff-groupManagement] INFO  server.RaftServer$Division (RaftServerImpl.java:start(389)) - 4c92e27b-ecd4-4d14-ba24-c9bbe0da28ff@group-3784CE077ECC: start as a follower, conf=conf: {index: -1, cur=peers:[ab598a91-1760-425c-863f-c9c0150b23d9|127.0.0.1:15071, 4c92e27b-ecd4-4d14-ba24-c9bbe0da28ff|127.0.0.1:15089, 97398481-acd0-44c3-9c1f-2d1228ad6123|127.0.0.1:15080]|listeners:[], old=null}
2024-08-23 17:40:38,038 [4c92e27b-ecd4-4d14-ba24-c9bbe0da28ff-groupManagement] INFO  server.RaftServer$Division (RaftServerImpl.java:setRole(376)) - 4c92e27b-ecd4-4d14-ba24-c9bbe0da28ff@group-3784CE077ECC: changes role from      null to FOLLOWER at term 0 for startAsFollower
2024-08-23 17:40:38,039 [4c92e27b-ecd4-4d14-ba24-c9bbe0da28ff-groupManagement] INFO  impl.RoleInfo (RoleInfo.java:updateAndGet(148)) - 4c92e27b-ecd4-4d14-ba24-c9bbe0da28ff: start 4c92e27b-ecd4-4d14-ba24-c9bbe0da28ff@group-3784CE077ECC-FollowerState
2024-08-23 17:40:38,042 [4c92e27b-ecd4-4d14-ba24-c9bbe0da28ff-groupManagement] INFO  util.JmxRegister (JmxRegister.java:tryRegister(44)) - Successfully registered JMX Bean with object name Ratis:service=RaftServer,group=group-3784CE077ECC,id=4c92e27b-ecd4-4d14-ba24-c9bbe0da28ff
2024-08-23 17:40:38,042 [4c92e27b-ecd4-4d14-ba24-c9bbe0da28ff-groupManagement] INFO  util.JmxRegister (JmxRegister.java:register(58)) - register mxBean class org.apache.ratis.server.impl.RaftServerJmxAdapter as Ratis:service=RaftServer,group=group-3784CE077ECC,id=4c92e27b-ecd4-4d14-ba24-c9bbe0da28ff
2024-08-23 17:40:38,042 [4c92e27b-ecd4-4d14-ba24-c9bbe0da28ff-groupManagement] INFO  server.RaftServerConfigKeys (ConfUtils.java:logGet(46)) - raft.server.snapshot.trigger-when-stop.enabled = true (default)
2024-08-23 17:40:38,042 [4c92e27b-ecd4-4d14-ba24-c9bbe0da28ff-groupManagement] INFO  server.RaftServerConfigKeys (ConfUtils.java:logGet(46)) - raft.server.snapshot.trigger-when-remove.enabled = true (default)
2024-08-23 17:40:38,042 [4c92e27b-ecd4-4d14-ba24-c9bbe0da28ff-groupManagement] INFO  server.RaftServerConfigKeys (ConfUtils.java:logGet(46)) - raft.server.snapshot.auto.trigger.enabled = true (custom)
2024-08-23 17:40:38,042 [4c92e27b-ecd4-4d14-ba24-c9bbe0da28ff-groupManagement] INFO  server.RaftServerConfigKeys (ConfUtils.java:logGet(46)) - raft.server.snapshot.auto.trigger.threshold = 10000 (custom)
2024-08-23 17:40:38,043 [4c92e27b-ecd4-4d14-ba24-c9bbe0da28ff-groupManagement] INFO  server.RaftServerConfigKeys (ConfUtils.java:logGet(46)) - raft.server.snapshot.retention.file.num = 5 (custom)
2024-08-23 17:40:38,043 [4c92e27b-ecd4-4d14-ba24-c9bbe0da28ff-groupManagement] INFO  server.RaftServerConfigKeys (ConfUtils.java:logGet(46)) - raft.server.log.purge.upto.snapshot.index = false (default)
2024-08-23 17:40:38,043 [4c92e27b-ecd4-4d14-ba24-c9bbe0da28ff@group-3784CE077ECC-FollowerState] INFO  server.RaftServerConfigKeys (ConfUtils.java:logFallback(53)) - raft.server.rpc.first-election.timeout.min = 5s (fallback to raft.server.rpc.timeout.min)
2024-08-23 17:40:38,043 [4c92e27b-ecd4-4d14-ba24-c9bbe0da28ff@group-3784CE077ECC-FollowerState] INFO  server.RaftServerConfigKeys (ConfUtils.java:logFallback(53)) - raft.server.rpc.first-election.timeout.max = 5200ms (fallback to raft.server.rpc.timeout.max)
2024-08-23 17:40:38,048 [ab598a91-1760-425c-863f-c9c0150b23d9-PipelineCommandHandlerThread-0] INFO  commandhandler.CreatePipelineCommandHandler (CreatePipelineCommandHandler.java:lambda$handle$2(124)) - Created Pipeline RATIS THREE PipelineID=aa54c26e-dc3d-466a-8ec7-3784ce077ecc.
2024-08-23 17:40:38,158 [97398481-acd0-44c3-9c1f-2d1228ad6123-PipelineCommandHandlerThread-0] INFO  server.RaftServer (RaftServerProxy.java:addNew(101)) - 97398481-acd0-44c3-9c1f-2d1228ad6123: addNew group-B0D1DD2FC95C:[97398481-acd0-44c3-9c1f-2d1228ad6123|127.0.0.1:15080] returns group-B0D1DD2FC95C:java.util.concurrent.CompletableFuture@2b81c276[Not completed]
2024-08-23 17:40:38,159 [97398481-acd0-44c3-9c1f-2d1228ad6123-groupManagement] INFO  server.RaftServer$Division (RaftServerImpl.java:<init>(253)) - 97398481-acd0-44c3-9c1f-2d1228ad6123: new RaftServerImpl for group-B0D1DD2FC95C:[97398481-acd0-44c3-9c1f-2d1228ad6123|127.0.0.1:15080] with ContainerStateMachine:uninitialized
2024-08-23 17:40:38,159 [97398481-acd0-44c3-9c1f-2d1228ad6123-groupManagement] INFO  server.RaftServerConfigKeys (ConfUtils.java:logGet(46)) - raft.server.rpc.timeout.min = 5s (custom)
2024-08-23 17:40:38,159 [97398481-acd0-44c3-9c1f-2d1228ad6123-groupManagement] INFO  server.RaftServerConfigKeys (ConfUtils.java:logGet(46)) - raft.server.rpc.timeout.max = 5200ms (custom)
2024-08-23 17:40:38,159 [97398481-acd0-44c3-9c1f-2d1228ad6123-groupManagement] INFO  server.RaftServerConfigKeys (ConfUtils.java:logGet(46)) - raft.server.rpc.sleep.time = 25ms (default)
2024-08-23 17:40:38,159 [97398481-acd0-44c3-9c1f-2d1228ad6123-groupManagement] INFO  server.RaftServerConfigKeys (ConfUtils.java:logGet(46)) - raft.server.rpc.slowness.timeout = 300s (custom)
2024-08-23 17:40:38,159 [97398481-acd0-44c3-9c1f-2d1228ad6123-groupManagement] INFO  server.RaftServerConfigKeys (ConfUtils.java:logGet(46)) - raft.server.leaderelection.leader.step-down.wait-time = 10s (default)
2024-08-23 17:40:38,159 [97398481-acd0-44c3-9c1f-2d1228ad6123-groupManagement] INFO  server.RaftServerConfigKeys (ConfUtils.java:logGet(46)) - raft.server.leaderelection.member.majority-add = false (default)
2024-08-23 17:40:38,159 [97398481-acd0-44c3-9c1f-2d1228ad6123-groupManagement] INFO  server.RaftServerConfigKeys (ConfUtils.java:logGet(46)) - raft.server.sleep.deviation.threshold = 300ms (default)
2024-08-23 17:40:38,159 [97398481-acd0-44c3-9c1f-2d1228ad6123-groupManagement] INFO  server.RaftServer$Division (ServerState.java:<init>(114)) - 97398481-acd0-44c3-9c1f-2d1228ad6123@group-B0D1DD2FC95C: ConfigurationManager, init=conf: {index: -1, cur=peers:[97398481-acd0-44c3-9c1f-2d1228ad6123|127.0.0.1:15080]|listeners:[], old=null}, confs=<EMPTY_MAP>
2024-08-23 17:40:38,159 [97398481-acd0-44c3-9c1f-2d1228ad6123-groupManagement] INFO  server.RaftServerConfigKeys (ConfUtils.java:logGet(46)) - raft.server.notification.no-leader.timeout = 300s (custom)
2024-08-23 17:40:38,159 [97398481-acd0-44c3-9c1f-2d1228ad6123-groupManagement] INFO  server.RaftServerConfigKeys (ConfUtils.java:logGet(46)) - raft.server.read.timeout = 10s (default)
2024-08-23 17:40:38,159 [97398481-acd0-44c3-9c1f-2d1228ad6123-groupManagement] INFO  server.RaftServerConfigKeys (ConfUtils.java:logGet(46)) - raft.server.retrycache.expirytime = 600000ms (custom)
2024-08-23 17:40:38,159 [97398481-acd0-44c3-9c1f-2d1228ad6123-groupManagement] INFO  server.RaftServerConfigKeys (ConfUtils.java:logGet(46)) - raft.server.retrycache.statistics.expirytime = 100ms (default)
2024-08-23 17:40:38,159 [97398481-acd0-44c3-9c1f-2d1228ad6123-groupManagement] INFO  server.RaftServerConfigKeys (ConfUtils.java:logGet(46)) - raft.server.read.option = DEFAULT (default)
2024-08-23 17:40:38,159 [97398481-acd0-44c3-9c1f-2d1228ad6123-groupManagement] INFO  server.RaftServerConfigKeys (ConfUtils.java:logGet(46)) - raft.server.read.read-after-write-consistent.write-index-cache.expiry-time = 60s (default)
2024-08-23 17:40:38,162 [97398481-acd0-44c3-9c1f-2d1228ad6123-groupManagement] INFO  server.RaftServerConfigKeys (ConfUtils.java:logGet(46)) - raft.server.rpc.request.timeout = 60s (custom)
2024-08-23 17:40:38,163 [97398481-acd0-44c3-9c1f-2d1228ad6123-groupManagement] INFO  server.RaftServerConfigKeys (ConfUtils.java:logGet(46)) - raft.server.log.appender.install.snapshot.enabled = false (custom)
2024-08-23 17:40:38,163 [97398481-acd0-44c3-9c1f-2d1228ad6123-groupManagement] INFO  server.RaftServerConfigKeys (ConfUtils.java:logGet(46)) - raft.server.threadpool.server.cached = true (default)
2024-08-23 17:40:38,163 [97398481-acd0-44c3-9c1f-2d1228ad6123-groupManagement] INFO  server.RaftServerConfigKeys (ConfUtils.java:logGet(46)) - raft.server.threadpool.server.size = 0 (default)
2024-08-23 17:40:38,163 [97398481-acd0-44c3-9c1f-2d1228ad6123-groupManagement] INFO  server.RaftServerConfigKeys (ConfUtils.java:logGet(46)) - raft.server.threadpool.client.cached = true (default)
2024-08-23 17:40:38,163 [97398481-acd0-44c3-9c1f-2d1228ad6123-groupManagement] INFO  server.RaftServerConfigKeys (ConfUtils.java:logGet(46)) - raft.server.threadpool.client.size = 0 (default)
2024-08-23 17:40:38,163 [97398481-acd0-44c3-9c1f-2d1228ad6123-groupManagement] INFO  server.RaftServerConfigKeys (ConfUtils.java:logGet(46)) - raft.server.storage.free-space.min = 0MB (=0) (default)
2024-08-23 17:40:38,163 [97398481-acd0-44c3-9c1f-2d1228ad6123-groupManagement] INFO  server.RaftServerConfigKeys (ConfUtils.java:logGet(46)) - raft.server.log.corruption.policy = EXCEPTION (default)
2024-08-23 17:40:38,163 [97398481-acd0-44c3-9c1f-2d1228ad6123-groupManagement] INFO  server.RaftServerConfigKeys (ConfUtils.java:logGet(46)) - raft.server.storage.dir = [/home/runner/work/ozone/ozone/hadoop-ozone/integration-test/target/test-dir/MiniOzoneClusterImpl-79f21b30-aaf8-43fb-84ca-e7a29640eabd/ozone-meta/datanode-2/ratis] (custom)
2024-08-23 17:40:38,163 [97398481-acd0-44c3-9c1f-2d1228ad6123-groupManagement] INFO  storage.RaftStorageDirectory (RaftStorageDirectoryImpl.java:analyzeStorage(138)) - The storage directory /home/runner/work/ozone/ozone/hadoop-ozone/integration-test/target/test-dir/MiniOzoneClusterImpl-79f21b30-aaf8-43fb-84ca-e7a29640eabd/ozone-meta/datanode-2/ratis/289afc9d-6f61-4593-ba54-b0d1dd2fc95c does not exist. Creating ...
2024-08-23 17:40:38,164 [97398481-acd0-44c3-9c1f-2d1228ad6123-groupManagement] INFO  storage.RaftStorageDirectory (RaftStorageDirectoryImpl.java:tryLock(229)) - Lock on /home/runner/work/ozone/ozone/hadoop-ozone/integration-test/target/test-dir/MiniOzoneClusterImpl-79f21b30-aaf8-43fb-84ca-e7a29640eabd/ozone-meta/datanode-2/ratis/289afc9d-6f61-4593-ba54-b0d1dd2fc95c/in_use.lock acquired by nodename 126670@fv-az848-402
2024-08-23 17:40:38,166 [97398481-acd0-44c3-9c1f-2d1228ad6123-groupManagement] INFO  storage.RaftStorage (RaftStorageImpl.java:format(98)) - Storage directory /home/runner/work/ozone/ozone/hadoop-ozone/integration-test/target/test-dir/MiniOzoneClusterImpl-79f21b30-aaf8-43fb-84ca-e7a29640eabd/ozone-meta/datanode-2/ratis/289afc9d-6f61-4593-ba54-b0d1dd2fc95c has been successfully formatted.
2024-08-23 17:40:38,166 [97398481-acd0-44c3-9c1f-2d1228ad6123-groupManagement] INFO  ratis.ContainerStateMachine (ContainerStateMachine.java:loadSnapshot(295)) - group-B0D1DD2FC95C: The snapshot info is null. Setting the last applied index to:(t:0, i:~)
2024-08-23 17:40:38,166 [97398481-acd0-44c3-9c1f-2d1228ad6123-groupManagement] INFO  server.RaftServerConfigKeys (ConfUtils.java:logGet(46)) - raft.server.log.use.memory = false (default)
2024-08-23 17:40:38,167 [97398481-acd0-44c3-9c1f-2d1228ad6123-groupManagement] INFO  server.RaftServerConfigKeys (ConfUtils.java:logGet(46)) - raft.server.log.purge.gap = 1000000 (custom)
2024-08-23 17:40:38,168 [97398481-acd0-44c3-9c1f-2d1228ad6123-groupManagement] INFO  server.RaftServerConfigKeys (ConfUtils.java:logGet(46)) - raft.server.log.appender.buffer.byte-limit = 8388608 (custom)
2024-08-23 17:40:38,168 [97398481-acd0-44c3-9c1f-2d1228ad6123-groupManagement] INFO  server.RaftServerConfigKeys (ConfUtils.java:logGet(46)) - raft.server.log.statemachine.data.read.timeout = 1000ms (default)
2024-08-23 17:40:38,168 [97398481-acd0-44c3-9c1f-2d1228ad6123-groupManagement] INFO  server.RaftServerConfigKeys (ConfUtils.java:logGet(46)) - raft.server.log.purge.preservation.log.num = 0 (default)
2024-08-23 17:40:38,170 [f4d24886-16e8-42a6-a606-6b9205f6426d@group-E7A29640EABD-StateMachineUpdater] INFO  safemode.HealthyPipelineSafeModeRule (HealthyPipelineSafeModeRule.java:initializeRule(172)) - Refreshed total pipeline count is 0, healthy pipeline threshold count is 1
2024-08-23 17:40:38,170 [97398481-acd0-44c3-9c1f-2d1228ad6123-groupManagement] INFO  server.RaftServerConfigKeys (ConfUtils.java:logGet(46)) - raft.server.log.segment.size.max = 67108864 (custom)
2024-08-23 17:40:38,170 [scmNode-1-EventQueue-PipelineReportForPipelineReportHandler] INFO  pipeline.PipelineReportHandler (PipelineReportHandler.java:processPipelineReport(136)) - Opened pipeline PipelineID=289afc9d-6f61-4593-ba54-b0d1dd2fc95c
2024-08-23 17:40:38,170 [97398481-acd0-44c3-9c1f-2d1228ad6123-groupManagement] INFO  server.RaftServerConfigKeys (ConfUtils.java:logGet(46)) - raft.server.log.segment.cache.num.max = 2 (custom)
2024-08-23 17:40:38,170 [scmNode-1-EventQueue-OpenPipelineForHealthyPipelineSafeModeRule] INFO  safemode.SCMSafeModeManager (HealthyPipelineSafeModeRule.java:process(140)) - SCM in safe mode. Healthy pipelines reported count is 0, required healthy pipeline reported count is 1
2024-08-23 17:40:38,170 [97398481-acd0-44c3-9c1f-2d1228ad6123-groupManagement] INFO  server.RaftServerConfigKeys (ConfUtils.java:logGet(46)) - raft.server.log.segment.cache.size.max = 200MB (=209715200) (default)
2024-08-23 17:40:38,171 [97398481-acd0-44c3-9c1f-2d1228ad6123-groupManagement] INFO  server.RaftServerConfigKeys (ConfUtils.java:logGet(46)) - raft.server.log.appender.buffer.byte-limit = 8388608 (custom)
2024-08-23 17:40:38,171 [97398481-acd0-44c3-9c1f-2d1228ad6123-groupManagement] INFO  util.AwaitToRun (AwaitToRun.java:start(81)) - Thread[97398481-acd0-44c3-9c1f-2d1228ad6123@group-B0D1DD2FC95C-cacheEviction-AwaitToRun,5,main] started
2024-08-23 17:40:38,171 [97398481-acd0-44c3-9c1f-2d1228ad6123-groupManagement] INFO  segmented.SegmentedRaftLogWorker (SegmentedRaftLogWorker.java:<init>(184)) - new 97398481-acd0-44c3-9c1f-2d1228ad6123@group-B0D1DD2FC95C-SegmentedRaftLogWorker for RaftStorageImpl:Storage Directory /home/runner/work/ozone/ozone/hadoop-ozone/integration-test/target/test-dir/MiniOzoneClusterImpl-79f21b30-aaf8-43fb-84ca-e7a29640eabd/ozone-meta/datanode-2/ratis/289afc9d-6f61-4593-ba54-b0d1dd2fc95c
2024-08-23 17:40:38,171 [97398481-acd0-44c3-9c1f-2d1228ad6123-groupManagement] INFO  server.RaftServerConfigKeys (ConfUtils.java:logGet(46)) - raft.server.log.queue.byte-limit = 4294967296 (custom)
2024-08-23 17:40:38,171 [97398481-acd0-44c3-9c1f-2d1228ad6123-groupManagement] INFO  server.RaftServerConfigKeys (ConfUtils.java:logGet(46)) - raft.server.log.queue.element-limit = 1024 (custom)
2024-08-23 17:40:38,171 [97398481-acd0-44c3-9c1f-2d1228ad6123-groupManagement] INFO  server.RaftServerConfigKeys (ConfUtils.java:logGet(46)) - raft.server.log.segment.size.max = 67108864 (custom)
2024-08-23 17:40:38,171 [97398481-acd0-44c3-9c1f-2d1228ad6123-groupManagement] INFO  server.RaftServerConfigKeys (ConfUtils.java:logGet(46)) - raft.server.log.preallocated.size = 4194304 (custom)
2024-08-23 17:40:38,171 [97398481-acd0-44c3-9c1f-2d1228ad6123-groupManagement] INFO  server.RaftServerConfigKeys (ConfUtils.java:logGet(46)) - raft.server.log.force.sync.num = 128 (default)
2024-08-23 17:40:38,171 [97398481-acd0-44c3-9c1f-2d1228ad6123-groupManagement] INFO  server.RaftServerConfigKeys (ConfUtils.java:logGet(46)) - raft.server.log.statemachine.data.sync = true (default)
2024-08-23 17:40:38,172 [97398481-acd0-44c3-9c1f-2d1228ad6123-groupManagement] INFO  server.RaftServerConfigKeys (ConfUtils.java:logGet(46)) - raft.server.log.statemachine.data.sync.timeout = 10s (default)
2024-08-23 17:40:38,172 [97398481-acd0-44c3-9c1f-2d1228ad6123-groupManagement] INFO  server.RaftServerConfigKeys (ConfUtils.java:logGet(46)) - raft.server.log.statemachine.data.sync.timeout.retry = 30 (custom)
2024-08-23 17:40:38,172 [97398481-acd0-44c3-9c1f-2d1228ad6123-groupManagement] INFO  server.RaftServerConfigKeys (ConfUtils.java:logGet(46)) - raft.server.log.write.buffer.size = 8388616 (custom)
2024-08-23 17:40:38,173 [97398481-acd0-44c3-9c1f-2d1228ad6123-groupManagement] INFO  server.RaftServerConfigKeys (ConfUtils.java:logGet(46)) - raft.server.log.appender.buffer.byte-limit = 8388608 (custom)
2024-08-23 17:40:38,173 [97398481-acd0-44c3-9c1f-2d1228ad6123-groupManagement] INFO  server.RaftServerConfigKeys (ConfUtils.java:logGet(46)) - raft.server.log.unsafe-flush.enabled = false (default)
2024-08-23 17:40:38,173 [97398481-acd0-44c3-9c1f-2d1228ad6123-groupManagement] INFO  server.RaftServerConfigKeys (ConfUtils.java:logGet(46)) - raft.server.log.async-flush.enabled = false (default)
2024-08-23 17:40:38,173 [97398481-acd0-44c3-9c1f-2d1228ad6123-groupManagement] INFO  server.RaftServerConfigKeys (ConfUtils.java:logGet(46)) - raft.server.log.statemachine.data.caching.enabled = true (custom)
2024-08-23 17:40:38,173 [97398481-acd0-44c3-9c1f-2d1228ad6123-groupManagement] INFO  segmented.SegmentedRaftLogWorker (SegmentedRaftLogWorker.java:lambda$new$0(135)) - 97398481-acd0-44c3-9c1f-2d1228ad6123@group-B0D1DD2FC95C-SegmentedRaftLogWorker: flushIndex: setUnconditionally 0 -> -1
2024-08-23 17:40:38,174 [97398481-acd0-44c3-9c1f-2d1228ad6123-groupManagement] INFO  segmented.SegmentedRaftLogWorker (SegmentedRaftLogWorker.java:lambda$new$0(135)) - 97398481-acd0-44c3-9c1f-2d1228ad6123@group-B0D1DD2FC95C-SegmentedRaftLogWorker: safeCacheEvictIndex: setUnconditionally 0 -> -1
2024-08-23 17:40:38,174 [97398481-acd0-44c3-9c1f-2d1228ad6123-groupManagement] INFO  server.RaftServer$Division (RaftServerImpl.java:start(389)) - 97398481-acd0-44c3-9c1f-2d1228ad6123@group-B0D1DD2FC95C: start as a follower, conf=conf: {index: -1, cur=peers:[97398481-acd0-44c3-9c1f-2d1228ad6123|127.0.0.1:15080]|listeners:[], old=null}
2024-08-23 17:40:38,174 [97398481-acd0-44c3-9c1f-2d1228ad6123-groupManagement] INFO  server.RaftServer$Division (RaftServerImpl.java:setRole(376)) - 97398481-acd0-44c3-9c1f-2d1228ad6123@group-B0D1DD2FC95C: changes role from      null to FOLLOWER at term 0 for startAsFollower
2024-08-23 17:40:38,174 [97398481-acd0-44c3-9c1f-2d1228ad6123-groupManagement] INFO  impl.RoleInfo (RoleInfo.java:updateAndGet(148)) - 97398481-acd0-44c3-9c1f-2d1228ad6123: start 97398481-acd0-44c3-9c1f-2d1228ad6123@group-B0D1DD2FC95C-FollowerState
2024-08-23 17:40:38,174 [97398481-acd0-44c3-9c1f-2d1228ad6123-groupManagement] INFO  util.JmxRegister (JmxRegister.java:tryRegister(44)) - Successfully registered JMX Bean with object name Ratis:service=RaftServer,group=group-B0D1DD2FC95C,id=97398481-acd0-44c3-9c1f-2d1228ad6123
2024-08-23 17:40:38,174 [97398481-acd0-44c3-9c1f-2d1228ad6123-groupManagement] INFO  util.JmxRegister (JmxRegister.java:register(58)) - register mxBean class org.apache.ratis.server.impl.RaftServerJmxAdapter as Ratis:service=RaftServer,group=group-B0D1DD2FC95C,id=97398481-acd0-44c3-9c1f-2d1228ad6123
2024-08-23 17:40:38,174 [97398481-acd0-44c3-9c1f-2d1228ad6123-groupManagement] INFO  server.RaftServerConfigKeys (ConfUtils.java:logGet(46)) - raft.server.snapshot.trigger-when-stop.enabled = true (default)
2024-08-23 17:40:38,174 [97398481-acd0-44c3-9c1f-2d1228ad6123-groupManagement] INFO  server.RaftServerConfigKeys (ConfUtils.java:logGet(46)) - raft.server.snapshot.trigger-when-remove.enabled = true (default)
2024-08-23 17:40:38,174 [97398481-acd0-44c3-9c1f-2d1228ad6123-groupManagement] INFO  server.RaftServerConfigKeys (ConfUtils.java:logGet(46)) - raft.server.snapshot.auto.trigger.enabled = true (custom)
2024-08-23 17:40:38,174 [97398481-acd0-44c3-9c1f-2d1228ad6123-groupManagement] INFO  server.RaftServerConfigKeys (ConfUtils.java:logGet(46)) - raft.server.snapshot.auto.trigger.threshold = 10000 (custom)
2024-08-23 17:40:38,174 [97398481-acd0-44c3-9c1f-2d1228ad6123-groupManagement] INFO  server.RaftServerConfigKeys (ConfUtils.java:logGet(46)) - raft.server.snapshot.retention.file.num = 5 (custom)
2024-08-23 17:40:38,174 [97398481-acd0-44c3-9c1f-2d1228ad6123-groupManagement] INFO  server.RaftServerConfigKeys (ConfUtils.java:logGet(46)) - raft.server.log.purge.upto.snapshot.index = false (default)
2024-08-23 17:40:38,176 [97398481-acd0-44c3-9c1f-2d1228ad6123@group-B0D1DD2FC95C-FollowerState] INFO  server.RaftServerConfigKeys (ConfUtils.java:logFallback(53)) - raft.server.rpc.first-election.timeout.min = 5s (fallback to raft.server.rpc.timeout.min)
2024-08-23 17:40:38,176 [97398481-acd0-44c3-9c1f-2d1228ad6123@group-B0D1DD2FC95C-FollowerState] INFO  server.RaftServerConfigKeys (ConfUtils.java:logFallback(53)) - raft.server.rpc.first-election.timeout.max = 5200ms (fallback to raft.server.rpc.timeout.max)
2024-08-23 17:40:38,177 [97398481-acd0-44c3-9c1f-2d1228ad6123-PipelineCommandHandlerThread-0] INFO  ratis.XceiverServerRatis (XceiverServerRatis.java:addGroup(849)) - Created group PipelineID=289afc9d-6f61-4593-ba54-b0d1dd2fc95c
2024-08-23 17:40:38,177 [97398481-acd0-44c3-9c1f-2d1228ad6123-PipelineCommandHandlerThread-0] INFO  commandhandler.CreatePipelineCommandHandler (CreatePipelineCommandHandler.java:lambda$handle$2(124)) - Created Pipeline RATIS ONE PipelineID=289afc9d-6f61-4593-ba54-b0d1dd2fc95c.
2024-08-23 17:40:38,397 [4c92e27b-ecd4-4d14-ba24-c9bbe0da28ff-PipelineCommandHandlerThread-0] INFO  server.RaftServer (RaftServerProxy.java:addNew(101)) - 4c92e27b-ecd4-4d14-ba24-c9bbe0da28ff: addNew group-4F5CF625C0F0:[4c92e27b-ecd4-4d14-ba24-c9bbe0da28ff|127.0.0.1:15089] returns group-4F5CF625C0F0:java.util.concurrent.CompletableFuture@54ac2958[Not completed]
2024-08-23 17:40:38,398 [4c92e27b-ecd4-4d14-ba24-c9bbe0da28ff-groupManagement] INFO  server.RaftServer$Division (RaftServerImpl.java:<init>(253)) - 4c92e27b-ecd4-4d14-ba24-c9bbe0da28ff: new RaftServerImpl for group-4F5CF625C0F0:[4c92e27b-ecd4-4d14-ba24-c9bbe0da28ff|127.0.0.1:15089] with ContainerStateMachine:uninitialized
2024-08-23 17:40:38,398 [4c92e27b-ecd4-4d14-ba24-c9bbe0da28ff-groupManagement] INFO  server.RaftServerConfigKeys (ConfUtils.java:logGet(46)) - raft.server.rpc.timeout.min = 5s (custom)
2024-08-23 17:40:38,398 [4c92e27b-ecd4-4d14-ba24-c9bbe0da28ff-groupManagement] INFO  server.RaftServerConfigKeys (ConfUtils.java:logGet(46)) - raft.server.rpc.timeout.max = 5200ms (custom)
2024-08-23 17:40:38,398 [4c92e27b-ecd4-4d14-ba24-c9bbe0da28ff-groupManagement] INFO  server.RaftServerConfigKeys (ConfUtils.java:logGet(46)) - raft.server.rpc.sleep.time = 25ms (default)
2024-08-23 17:40:38,399 [4c92e27b-ecd4-4d14-ba24-c9bbe0da28ff-groupManagement] INFO  server.RaftServerConfigKeys (ConfUtils.java:logGet(46)) - raft.server.rpc.slowness.timeout = 300s (custom)
2024-08-23 17:40:38,399 [4c92e27b-ecd4-4d14-ba24-c9bbe0da28ff-groupManagement] INFO  server.RaftServerConfigKeys (ConfUtils.java:logGet(46)) - raft.server.leaderelection.leader.step-down.wait-time = 10s (default)
2024-08-23 17:40:38,399 [4c92e27b-ecd4-4d14-ba24-c9bbe0da28ff-groupManagement] INFO  server.RaftServerConfigKeys (ConfUtils.java:logGet(46)) - raft.server.leaderelection.member.majority-add = false (default)
2024-08-23 17:40:38,399 [4c92e27b-ecd4-4d14-ba24-c9bbe0da28ff-groupManagement] INFO  server.RaftServerConfigKeys (ConfUtils.java:logGet(46)) - raft.server.sleep.deviation.threshold = 300ms (default)
2024-08-23 17:40:38,399 [4c92e27b-ecd4-4d14-ba24-c9bbe0da28ff-groupManagement] INFO  server.RaftServer$Division (ServerState.java:<init>(114)) - 4c92e27b-ecd4-4d14-ba24-c9bbe0da28ff@group-4F5CF625C0F0: ConfigurationManager, init=conf: {index: -1, cur=peers:[4c92e27b-ecd4-4d14-ba24-c9bbe0da28ff|127.0.0.1:15089]|listeners:[], old=null}, confs=<EMPTY_MAP>
2024-08-23 17:40:38,399 [4c92e27b-ecd4-4d14-ba24-c9bbe0da28ff-groupManagement] INFO  server.RaftServerConfigKeys (ConfUtils.java:logGet(46)) - raft.server.notification.no-leader.timeout = 300s (custom)
2024-08-23 17:40:38,399 [4c92e27b-ecd4-4d14-ba24-c9bbe0da28ff-groupManagement] INFO  server.RaftServerConfigKeys (ConfUtils.java:logGet(46)) - raft.server.read.timeout = 10s (default)
2024-08-23 17:40:38,399 [4c92e27b-ecd4-4d14-ba24-c9bbe0da28ff-groupManagement] INFO  server.RaftServerConfigKeys (ConfUtils.java:logGet(46)) - raft.server.retrycache.expirytime = 600000ms (custom)
2024-08-23 17:40:38,399 [4c92e27b-ecd4-4d14-ba24-c9bbe0da28ff-groupManagement] INFO  server.RaftServerConfigKeys (ConfUtils.java:logGet(46)) - raft.server.retrycache.statistics.expirytime = 100ms (default)
2024-08-23 17:40:38,399 [4c92e27b-ecd4-4d14-ba24-c9bbe0da28ff-groupManagement] INFO  server.RaftServerConfigKeys (ConfUtils.java:logGet(46)) - raft.server.read.option = DEFAULT (default)
2024-08-23 17:40:38,399 [4c92e27b-ecd4-4d14-ba24-c9bbe0da28ff-groupManagement] INFO  server.RaftServerConfigKeys (ConfUtils.java:logGet(46)) - raft.server.read.read-after-write-consistent.write-index-cache.expiry-time = 60s (default)
2024-08-23 17:40:38,401 [main] INFO  ozone.MiniOzoneClusterImpl (MiniOzoneClusterImpl.java:lambda$waitForClusterToBeReady$0(198)) - Nodes are ready. Got 3 of 3 DN Heartbeats.
2024-08-23 17:40:38,401 [main] INFO  ozone.MiniOzoneClusterImpl (MiniOzoneClusterImpl.java:lambda$waitForClusterToBeReady$0(201)) - Waiting for cluster to exit safe mode
2024-08-23 17:40:38,401 [main] INFO  ozone.MiniOzoneClusterImpl (MiniOzoneClusterImpl.java:lambda$waitForClusterToBeReady$0(203)) - SCM became leader
2024-08-23 17:40:38,402 [4c92e27b-ecd4-4d14-ba24-c9bbe0da28ff-groupManagement] INFO  server.RaftServerConfigKeys (ConfUtils.java:logGet(46)) - raft.server.rpc.request.timeout = 60s (custom)
2024-08-23 17:40:38,402 [4c92e27b-ecd4-4d14-ba24-c9bbe0da28ff-groupManagement] INFO  server.RaftServerConfigKeys (ConfUtils.java:logGet(46)) - raft.server.log.appender.install.snapshot.enabled = false (custom)
2024-08-23 17:40:38,402 [4c92e27b-ecd4-4d14-ba24-c9bbe0da28ff-groupManagement] INFO  server.RaftServerConfigKeys (ConfUtils.java:logGet(46)) - raft.server.threadpool.server.cached = true (default)
2024-08-23 17:40:38,402 [4c92e27b-ecd4-4d14-ba24-c9bbe0da28ff-groupManagement] INFO  server.RaftServerConfigKeys (ConfUtils.java:logGet(46)) - raft.server.threadpool.server.size = 0 (default)
2024-08-23 17:40:38,402 [4c92e27b-ecd4-4d14-ba24-c9bbe0da28ff-groupManagement] INFO  server.RaftServerConfigKeys (ConfUtils.java:logGet(46)) - raft.server.threadpool.client.cached = true (default)
2024-08-23 17:40:38,402 [4c92e27b-ecd4-4d14-ba24-c9bbe0da28ff-groupManagement] INFO  server.RaftServerConfigKeys (ConfUtils.java:logGet(46)) - raft.server.threadpool.client.size = 0 (default)
2024-08-23 17:40:38,402 [4c92e27b-ecd4-4d14-ba24-c9bbe0da28ff-groupManagement] INFO  server.RaftServerConfigKeys (ConfUtils.java:logGet(46)) - raft.server.storage.free-space.min = 0MB (=0) (default)
2024-08-23 17:40:38,402 [4c92e27b-ecd4-4d14-ba24-c9bbe0da28ff-groupManagement] INFO  server.RaftServerConfigKeys (ConfUtils.java:logGet(46)) - raft.server.log.corruption.policy = EXCEPTION (default)
2024-08-23 17:40:38,403 [4c92e27b-ecd4-4d14-ba24-c9bbe0da28ff-groupManagement] INFO  server.RaftServerConfigKeys (ConfUtils.java:logGet(46)) - raft.server.storage.dir = [/home/runner/work/ozone/ozone/hadoop-ozone/integration-test/target/test-dir/MiniOzoneClusterImpl-79f21b30-aaf8-43fb-84ca-e7a29640eabd/ozone-meta/datanode-3/ratis] (custom)
2024-08-23 17:40:38,403 [4c92e27b-ecd4-4d14-ba24-c9bbe0da28ff-groupManagement] INFO  storage.RaftStorageDirectory (RaftStorageDirectoryImpl.java:analyzeStorage(138)) - The storage directory /home/runner/work/ozone/ozone/hadoop-ozone/integration-test/target/test-dir/MiniOzoneClusterImpl-79f21b30-aaf8-43fb-84ca-e7a29640eabd/ozone-meta/datanode-3/ratis/09556f9f-9f24-4dd4-9dbc-4f5cf625c0f0 does not exist. Creating ...
2024-08-23 17:40:38,407 [4c92e27b-ecd4-4d14-ba24-c9bbe0da28ff-groupManagement] INFO  storage.RaftStorageDirectory (RaftStorageDirectoryImpl.java:tryLock(229)) - Lock on /home/runner/work/ozone/ozone/hadoop-ozone/integration-test/target/test-dir/MiniOzoneClusterImpl-79f21b30-aaf8-43fb-84ca-e7a29640eabd/ozone-meta/datanode-3/ratis/09556f9f-9f24-4dd4-9dbc-4f5cf625c0f0/in_use.lock acquired by nodename 126670@fv-az848-402
2024-08-23 17:40:38,408 [4c92e27b-ecd4-4d14-ba24-c9bbe0da28ff-groupManagement] INFO  storage.RaftStorage (RaftStorageImpl.java:format(98)) - Storage directory /home/runner/work/ozone/ozone/hadoop-ozone/integration-test/target/test-dir/MiniOzoneClusterImpl-79f21b30-aaf8-43fb-84ca-e7a29640eabd/ozone-meta/datanode-3/ratis/09556f9f-9f24-4dd4-9dbc-4f5cf625c0f0 has been successfully formatted.
2024-08-23 17:40:38,408 [4c92e27b-ecd4-4d14-ba24-c9bbe0da28ff-groupManagement] INFO  ratis.ContainerStateMachine (ContainerStateMachine.java:loadSnapshot(295)) - group-4F5CF625C0F0: The snapshot info is null. Setting the last applied index to:(t:0, i:~)
2024-08-23 17:40:38,408 [4c92e27b-ecd4-4d14-ba24-c9bbe0da28ff-groupManagement] INFO  server.RaftServerConfigKeys (ConfUtils.java:logGet(46)) - raft.server.log.use.memory = false (default)
2024-08-23 17:40:38,408 [4c92e27b-ecd4-4d14-ba24-c9bbe0da28ff-groupManagement] INFO  server.RaftServerConfigKeys (ConfUtils.java:logGet(46)) - raft.server.log.purge.gap = 1000000 (custom)
2024-08-23 17:40:38,409 [4c92e27b-ecd4-4d14-ba24-c9bbe0da28ff-groupManagement] INFO  server.RaftServerConfigKeys (ConfUtils.java:logGet(46)) - raft.server.log.appender.buffer.byte-limit = 8388608 (custom)
2024-08-23 17:40:38,412 [f4d24886-16e8-42a6-a606-6b9205f6426d@group-E7A29640EABD-StateMachineUpdater] INFO  safemode.HealthyPipelineSafeModeRule (HealthyPipelineSafeModeRule.java:initializeRule(172)) - Refreshed total pipeline count is 0, healthy pipeline threshold count is 1
2024-08-23 17:40:38,412 [scmNode-1-EventQueue-PipelineReportForPipelineReportHandler] INFO  pipeline.PipelineReportHandler (PipelineReportHandler.java:processPipelineReport(136)) - Opened pipeline PipelineID=09556f9f-9f24-4dd4-9dbc-4f5cf625c0f0
2024-08-23 17:40:38,412 [scmNode-1-EventQueue-OpenPipelineForHealthyPipelineSafeModeRule] INFO  safemode.SCMSafeModeManager (HealthyPipelineSafeModeRule.java:process(140)) - SCM in safe mode. Healthy pipelines reported count is 0, required healthy pipeline reported count is 1
2024-08-23 17:40:38,413 [4c92e27b-ecd4-4d14-ba24-c9bbe0da28ff-groupManagement] INFO  server.RaftServerConfigKeys (ConfUtils.java:logGet(46)) - raft.server.log.statemachine.data.read.timeout = 1000ms (default)
2024-08-23 17:40:38,413 [4c92e27b-ecd4-4d14-ba24-c9bbe0da28ff-groupManagement] INFO  server.RaftServerConfigKeys (ConfUtils.java:logGet(46)) - raft.server.log.purge.preservation.log.num = 0 (default)
2024-08-23 17:40:38,414 [4c92e27b-ecd4-4d14-ba24-c9bbe0da28ff-groupManagement] INFO  server.RaftServerConfigKeys (ConfUtils.java:logGet(46)) - raft.server.log.segment.size.max = 67108864 (custom)
2024-08-23 17:40:38,414 [4c92e27b-ecd4-4d14-ba24-c9bbe0da28ff-groupManagement] INFO  server.RaftServerConfigKeys (ConfUtils.java:logGet(46)) - raft.server.log.segment.cache.num.max = 2 (custom)
2024-08-23 17:40:38,414 [4c92e27b-ecd4-4d14-ba24-c9bbe0da28ff-groupManagement] INFO  server.RaftServerConfigKeys (ConfUtils.java:logGet(46)) - raft.server.log.segment.cache.size.max = 200MB (=209715200) (default)
2024-08-23 17:40:38,414 [4c92e27b-ecd4-4d14-ba24-c9bbe0da28ff-groupManagement] INFO  server.RaftServerConfigKeys (ConfUtils.java:logGet(46)) - raft.server.log.appender.buffer.byte-limit = 8388608 (custom)
2024-08-23 17:40:38,415 [4c92e27b-ecd4-4d14-ba24-c9bbe0da28ff-groupManagement] INFO  util.AwaitToRun (AwaitToRun.java:start(81)) - Thread[4c92e27b-ecd4-4d14-ba24-c9bbe0da28ff@group-4F5CF625C0F0-cacheEviction-AwaitToRun,5,main] started
2024-08-23 17:40:38,415 [4c92e27b-ecd4-4d14-ba24-c9bbe0da28ff-groupManagement] INFO  segmented.SegmentedRaftLogWorker (SegmentedRaftLogWorker.java:<init>(184)) - new 4c92e27b-ecd4-4d14-ba24-c9bbe0da28ff@group-4F5CF625C0F0-SegmentedRaftLogWorker for RaftStorageImpl:Storage Directory /home/runner/work/ozone/ozone/hadoop-ozone/integration-test/target/test-dir/MiniOzoneClusterImpl-79f21b30-aaf8-43fb-84ca-e7a29640eabd/ozone-meta/datanode-3/ratis/09556f9f-9f24-4dd4-9dbc-4f5cf625c0f0
2024-08-23 17:40:38,415 [4c92e27b-ecd4-4d14-ba24-c9bbe0da28ff-groupManagement] INFO  server.RaftServerConfigKeys (ConfUtils.java:logGet(46)) - raft.server.log.queue.byte-limit = 4294967296 (custom)
2024-08-23 17:40:38,415 [4c92e27b-ecd4-4d14-ba24-c9bbe0da28ff-groupManagement] INFO  server.RaftServerConfigKeys (ConfUtils.java:logGet(46)) - raft.server.log.queue.element-limit = 1024 (custom)
2024-08-23 17:40:38,415 [4c92e27b-ecd4-4d14-ba24-c9bbe0da28ff-groupManagement] INFO  server.RaftServerConfigKeys (ConfUtils.java:logGet(46)) - raft.server.log.segment.size.max = 67108864 (custom)
2024-08-23 17:40:38,415 [4c92e27b-ecd4-4d14-ba24-c9bbe0da28ff-groupManagement] INFO  server.RaftServerConfigKeys (ConfUtils.java:logGet(46)) - raft.server.log.preallocated.size = 4194304 (custom)
2024-08-23 17:40:38,415 [4c92e27b-ecd4-4d14-ba24-c9bbe0da28ff-groupManagement] INFO  server.RaftServerConfigKeys (ConfUtils.java:logGet(46)) - raft.server.log.force.sync.num = 128 (default)
2024-08-23 17:40:38,415 [4c92e27b-ecd4-4d14-ba24-c9bbe0da28ff-groupManagement] INFO  server.RaftServerConfigKeys (ConfUtils.java:logGet(46)) - raft.server.log.statemachine.data.sync = true (default)
2024-08-23 17:40:38,415 [4c92e27b-ecd4-4d14-ba24-c9bbe0da28ff-groupManagement] INFO  server.RaftServerConfigKeys (ConfUtils.java:logGet(46)) - raft.server.log.statemachine.data.sync.timeout = 10s (default)
2024-08-23 17:40:38,415 [4c92e27b-ecd4-4d14-ba24-c9bbe0da28ff-groupManagement] INFO  server.RaftServerConfigKeys (ConfUtils.java:logGet(46)) - raft.server.log.statemachine.data.sync.timeout.retry = 30 (custom)
2024-08-23 17:40:38,416 [4c92e27b-ecd4-4d14-ba24-c9bbe0da28ff-groupManagement] INFO  server.RaftServerConfigKeys (ConfUtils.java:logGet(46)) - raft.server.log.write.buffer.size = 8388616 (custom)
2024-08-23 17:40:38,418 [4c92e27b-ecd4-4d14-ba24-c9bbe0da28ff-groupManagement] INFO  server.RaftServerConfigKeys (ConfUtils.java:logGet(46)) - raft.server.log.appender.buffer.byte-limit = 8388608 (custom)
2024-08-23 17:40:38,418 [4c92e27b-ecd4-4d14-ba24-c9bbe0da28ff-groupManagement] INFO  server.RaftServerConfigKeys (ConfUtils.java:logGet(46)) - raft.server.log.unsafe-flush.enabled = false (default)
2024-08-23 17:40:38,418 [4c92e27b-ecd4-4d14-ba24-c9bbe0da28ff-groupManagement] INFO  server.RaftServerConfigKeys (ConfUtils.java:logGet(46)) - raft.server.log.async-flush.enabled = false (default)
2024-08-23 17:40:38,418 [4c92e27b-ecd4-4d14-ba24-c9bbe0da28ff-groupManagement] INFO  server.RaftServerConfigKeys (ConfUtils.java:logGet(46)) - raft.server.log.statemachine.data.caching.enabled = true (custom)
2024-08-23 17:40:38,418 [4c92e27b-ecd4-4d14-ba24-c9bbe0da28ff-groupManagement] INFO  segmented.SegmentedRaftLogWorker (SegmentedRaftLogWorker.java:lambda$new$0(135)) - 4c92e27b-ecd4-4d14-ba24-c9bbe0da28ff@group-4F5CF625C0F0-SegmentedRaftLogWorker: flushIndex: setUnconditionally 0 -> -1
2024-08-23 17:40:38,418 [4c92e27b-ecd4-4d14-ba24-c9bbe0da28ff-groupManagement] INFO  segmented.SegmentedRaftLogWorker (SegmentedRaftLogWorker.java:lambda$new$0(135)) - 4c92e27b-ecd4-4d14-ba24-c9bbe0da28ff@group-4F5CF625C0F0-SegmentedRaftLogWorker: safeCacheEvictIndex: setUnconditionally 0 -> -1
2024-08-23 17:40:38,418 [4c92e27b-ecd4-4d14-ba24-c9bbe0da28ff-groupManagement] INFO  server.RaftServer$Division (RaftServerImpl.java:start(389)) - 4c92e27b-ecd4-4d14-ba24-c9bbe0da28ff@group-4F5CF625C0F0: start as a follower, conf=conf: {index: -1, cur=peers:[4c92e27b-ecd4-4d14-ba24-c9bbe0da28ff|127.0.0.1:15089]|listeners:[], old=null}
2024-08-23 17:40:38,418 [4c92e27b-ecd4-4d14-ba24-c9bbe0da28ff-groupManagement] INFO  server.RaftServer$Division (RaftServerImpl.java:setRole(376)) - 4c92e27b-ecd4-4d14-ba24-c9bbe0da28ff@group-4F5CF625C0F0: changes role from      null to FOLLOWER at term 0 for startAsFollower
2024-08-23 17:40:38,418 [4c92e27b-ecd4-4d14-ba24-c9bbe0da28ff-groupManagement] INFO  impl.RoleInfo (RoleInfo.java:updateAndGet(148)) - 4c92e27b-ecd4-4d14-ba24-c9bbe0da28ff: start 4c92e27b-ecd4-4d14-ba24-c9bbe0da28ff@group-4F5CF625C0F0-FollowerState
2024-08-23 17:40:38,419 [4c92e27b-ecd4-4d14-ba24-c9bbe0da28ff-groupManagement] INFO  util.JmxRegister (JmxRegister.java:tryRegister(44)) - Successfully registered JMX Bean with object name Ratis:service=RaftServer,group=group-4F5CF625C0F0,id=4c92e27b-ecd4-4d14-ba24-c9bbe0da28ff
2024-08-23 17:40:38,419 [4c92e27b-ecd4-4d14-ba24-c9bbe0da28ff-groupManagement] INFO  util.JmxRegister (JmxRegister.java:register(58)) - register mxBean class org.apache.ratis.server.impl.RaftServerJmxAdapter as Ratis:service=RaftServer,group=group-4F5CF625C0F0,id=4c92e27b-ecd4-4d14-ba24-c9bbe0da28ff
2024-08-23 17:40:38,419 [4c92e27b-ecd4-4d14-ba24-c9bbe0da28ff-groupManagement] INFO  server.RaftServerConfigKeys (ConfUtils.java:logGet(46)) - raft.server.snapshot.trigger-when-stop.enabled = true (default)
2024-08-23 17:40:38,419 [4c92e27b-ecd4-4d14-ba24-c9bbe0da28ff-groupManagement] INFO  server.RaftServerConfigKeys (ConfUtils.java:logGet(46)) - raft.server.snapshot.trigger-when-remove.enabled = true (default)
2024-08-23 17:40:38,419 [4c92e27b-ecd4-4d14-ba24-c9bbe0da28ff-groupManagement] INFO  server.RaftServerConfigKeys (ConfUtils.java:logGet(46)) - raft.server.snapshot.auto.trigger.enabled = true (custom)
2024-08-23 17:40:38,419 [4c92e27b-ecd4-4d14-ba24-c9bbe0da28ff-groupManagement] INFO  server.RaftServerConfigKeys (ConfUtils.java:logGet(46)) - raft.server.snapshot.auto.trigger.threshold = 10000 (custom)
2024-08-23 17:40:38,419 [4c92e27b-ecd4-4d14-ba24-c9bbe0da28ff-groupManagement] INFO  server.RaftServerConfigKeys (ConfUtils.java:logGet(46)) - raft.server.snapshot.retention.file.num = 5 (custom)
2024-08-23 17:40:38,419 [4c92e27b-ecd4-4d14-ba24-c9bbe0da28ff-groupManagement] INFO  server.RaftServerConfigKeys (ConfUtils.java:logGet(46)) - raft.server.log.purge.upto.snapshot.index = false (default)
2024-08-23 17:40:38,420 [4c92e27b-ecd4-4d14-ba24-c9bbe0da28ff-PipelineCommandHandlerThread-0] INFO  ratis.XceiverServerRatis (XceiverServerRatis.java:addGroup(849)) - Created group PipelineID=09556f9f-9f24-4dd4-9dbc-4f5cf625c0f0
2024-08-23 17:40:38,420 [4c92e27b-ecd4-4d14-ba24-c9bbe0da28ff-PipelineCommandHandlerThread-0] INFO  commandhandler.CreatePipelineCommandHandler (CreatePipelineCommandHandler.java:lambda$handle$2(124)) - Created Pipeline RATIS ONE PipelineID=09556f9f-9f24-4dd4-9dbc-4f5cf625c0f0.
2024-08-23 17:40:38,420 [4c92e27b-ecd4-4d14-ba24-c9bbe0da28ff@group-4F5CF625C0F0-FollowerState] INFO  server.RaftServerConfigKeys (ConfUtils.java:logFallback(53)) - raft.server.rpc.first-election.timeout.min = 5s (fallback to raft.server.rpc.timeout.min)
2024-08-23 17:40:38,420 [4c92e27b-ecd4-4d14-ba24-c9bbe0da28ff@group-4F5CF625C0F0-FollowerState] INFO  server.RaftServerConfigKeys (ConfUtils.java:logFallback(53)) - raft.server.rpc.first-election.timeout.max = 5200ms (fallback to raft.server.rpc.timeout.max)
2024-08-23 17:40:39,402 [main] INFO  ozone.MiniOzoneClusterImpl (MiniOzoneClusterImpl.java:lambda$waitForClusterToBeReady$0(198)) - Nodes are ready. Got 3 of 3 DN Heartbeats.
2024-08-23 17:40:39,402 [main] INFO  ozone.MiniOzoneClusterImpl (MiniOzoneClusterImpl.java:lambda$waitForClusterToBeReady$0(201)) - Waiting for cluster to exit safe mode
2024-08-23 17:40:39,402 [main] INFO  ozone.MiniOzoneClusterImpl (MiniOzoneClusterImpl.java:lambda$waitForClusterToBeReady$0(203)) - SCM became leader
2024-08-23 17:40:40,402 [main] INFO  ozone.MiniOzoneClusterImpl (MiniOzoneClusterImpl.java:lambda$waitForClusterToBeReady$0(198)) - Nodes are ready. Got 3 of 3 DN Heartbeats.
2024-08-23 17:40:40,402 [main] INFO  ozone.MiniOzoneClusterImpl (MiniOzoneClusterImpl.java:lambda$waitForClusterToBeReady$0(201)) - Waiting for cluster to exit safe mode
2024-08-23 17:40:40,402 [main] INFO  ozone.MiniOzoneClusterImpl (MiniOzoneClusterImpl.java:lambda$waitForClusterToBeReady$0(203)) - SCM became leader
2024-08-23 17:40:41,403 [main] INFO  ozone.MiniOzoneClusterImpl (MiniOzoneClusterImpl.java:lambda$waitForClusterToBeReady$0(198)) - Nodes are ready. Got 3 of 3 DN Heartbeats.
2024-08-23 17:40:41,403 [main] INFO  ozone.MiniOzoneClusterImpl (MiniOzoneClusterImpl.java:lambda$waitForClusterToBeReady$0(201)) - Waiting for cluster to exit safe mode
2024-08-23 17:40:41,403 [main] INFO  ozone.MiniOzoneClusterImpl (MiniOzoneClusterImpl.java:lambda$waitForClusterToBeReady$0(203)) - SCM became leader
2024-08-23 17:40:42,403 [main] INFO  ozone.MiniOzoneClusterImpl (MiniOzoneClusterImpl.java:lambda$waitForClusterToBeReady$0(198)) - Nodes are ready. Got 3 of 3 DN Heartbeats.
2024-08-23 17:40:42,403 [main] INFO  ozone.MiniOzoneClusterImpl (MiniOzoneClusterImpl.java:lambda$waitForClusterToBeReady$0(201)) - Waiting for cluster to exit safe mode
2024-08-23 17:40:42,404 [main] INFO  ozone.MiniOzoneClusterImpl (MiniOzoneClusterImpl.java:lambda$waitForClusterToBeReady$0(203)) - SCM became leader
2024-08-23 17:40:42,937 [ab598a91-1760-425c-863f-c9c0150b23d9@group-09CD5A5C52E7-FollowerState] INFO  impl.FollowerState (FollowerState.java:run(144)) - ab598a91-1760-425c-863f-c9c0150b23d9@group-09CD5A5C52E7-FollowerState: change to CANDIDATE, lastRpcElapsedTime:5053896571ns, electionTimeout:5053ms
2024-08-23 17:40:42,937 [ab598a91-1760-425c-863f-c9c0150b23d9@group-09CD5A5C52E7-FollowerState] INFO  impl.RoleInfo (RoleInfo.java:shutdownFollowerState(119)) - ab598a91-1760-425c-863f-c9c0150b23d9: shutdown ab598a91-1760-425c-863f-c9c0150b23d9@group-09CD5A5C52E7-FollowerState
2024-08-23 17:40:42,937 [ab598a91-1760-425c-863f-c9c0150b23d9@group-09CD5A5C52E7-FollowerState] INFO  server.RaftServer$Division (RaftServerImpl.java:setRole(376)) - ab598a91-1760-425c-863f-c9c0150b23d9@group-09CD5A5C52E7: changes role from  FOLLOWER to CANDIDATE at term 0 for changeToCandidate
2024-08-23 17:40:42,938 [ab598a91-1760-425c-863f-c9c0150b23d9@group-09CD5A5C52E7-FollowerState] INFO  server.RaftServerConfigKeys (ConfUtils.java:logGet(46)) - raft.server.leaderelection.pre-vote = true (default)
2024-08-23 17:40:42,938 [ab598a91-1760-425c-863f-c9c0150b23d9@group-09CD5A5C52E7-FollowerState] INFO  impl.RoleInfo (RoleInfo.java:updateAndGet(148)) - ab598a91-1760-425c-863f-c9c0150b23d9: start ab598a91-1760-425c-863f-c9c0150b23d9@group-09CD5A5C52E7-LeaderElection13
2024-08-23 17:40:42,938 [ab598a91-1760-425c-863f-c9c0150b23d9@group-09CD5A5C52E7-LeaderElection13] INFO  impl.LeaderElection (LeaderElection.java:askForVotes(321)) - ab598a91-1760-425c-863f-c9c0150b23d9@group-09CD5A5C52E7-LeaderElection13 PRE_VOTE round 0: submit vote requests at term 0 for conf: {index: -1, cur=peers:[ab598a91-1760-425c-863f-c9c0150b23d9|127.0.0.1:15071, 4c92e27b-ecd4-4d14-ba24-c9bbe0da28ff|127.0.0.1:15089, 97398481-acd0-44c3-9c1f-2d1228ad6123|127.0.0.1:15080]|listeners:[], old=null}
2024-08-23 17:40:42,938 [ab598a91-1760-425c-863f-c9c0150b23d9@group-09CD5A5C52E7-LeaderElection13-1] INFO  server.GrpcServerProtocolClient (GrpcServerProtocolClient.java:<init>(65)) - Build channel for 4c92e27b-ecd4-4d14-ba24-c9bbe0da28ff|127.0.0.1:15089
2024-08-23 17:40:42,939 [ab598a91-1760-425c-863f-c9c0150b23d9@group-09CD5A5C52E7-LeaderElection13-2] INFO  server.GrpcServerProtocolClient (GrpcServerProtocolClient.java:<init>(65)) - Build channel for 97398481-acd0-44c3-9c1f-2d1228ad6123|127.0.0.1:15080
2024-08-23 17:40:42,938 [ab598a91-1760-425c-863f-c9c0150b23d9@group-09CD5A5C52E7-LeaderElection13] INFO  server.RaftServerConfigKeys (ConfUtils.java:logFallback(53)) - raft.server.rpc.first-election.timeout.min = 5s (fallback to raft.server.rpc.timeout.min)
2024-08-23 17:40:42,939 [ab598a91-1760-425c-863f-c9c0150b23d9@group-09CD5A5C52E7-LeaderElection13] INFO  server.RaftServerConfigKeys (ConfUtils.java:logFallback(53)) - raft.server.rpc.first-election.timeout.max = 5200ms (fallback to raft.server.rpc.timeout.max)
2024-08-23 17:40:42,943 [grpc-default-executor-0] INFO  server.RaftServer$Division (RaftServerImpl.java:requestVote(1416)) - 4c92e27b-ecd4-4d14-ba24-c9bbe0da28ff@group-09CD5A5C52E7: receive requestVote(PRE_VOTE, ab598a91-1760-425c-863f-c9c0150b23d9, group-09CD5A5C52E7, 0, (t:0, i:0))
2024-08-23 17:40:42,943 [grpc-default-executor-0] INFO  impl.VoteContext (VoteContext.java:log(49)) - 4c92e27b-ecd4-4d14-ba24-c9bbe0da28ff@group-09CD5A5C52E7-FOLLOWER: reject PRE_VOTE from ab598a91-1760-425c-863f-c9c0150b23d9: our priority 1 > candidate's priority 0
2024-08-23 17:40:42,943 [grpc-default-executor-0] INFO  server.RaftServer$Division (RaftServerImpl.java:requestVote(1449)) - 4c92e27b-ecd4-4d14-ba24-c9bbe0da28ff@group-09CD5A5C52E7 replies to PRE_VOTE vote request: ab598a91-1760-425c-863f-c9c0150b23d9<-4c92e27b-ecd4-4d14-ba24-c9bbe0da28ff#0:FAIL-t0. Peer's state: 4c92e27b-ecd4-4d14-ba24-c9bbe0da28ff@group-09CD5A5C52E7:t0, leader=null, voted=, raftlog=Memoized:4c92e27b-ecd4-4d14-ba24-c9bbe0da28ff@group-09CD5A5C52E7-SegmentedRaftLog:OPENED:c-1:lastnull, conf=conf: {index: -1, cur=peers:[ab598a91-1760-425c-863f-c9c0150b23d9|127.0.0.1:15071, 4c92e27b-ecd4-4d14-ba24-c9bbe0da28ff|127.0.0.1:15089, 97398481-acd0-44c3-9c1f-2d1228ad6123|127.0.0.1:15080]|listeners:[], old=null}
2024-08-23 17:40:42,944 [ab598a91-1760-425c-863f-c9c0150b23d9@group-09CD5A5C52E7-LeaderElection13] INFO  impl.LeaderElection (LeaderElection.java:logAndReturn(89)) - ab598a91-1760-425c-863f-c9c0150b23d9@group-09CD5A5C52E7-LeaderElection13: PRE_VOTE REJECTED received 1 response(s) and 0 exception(s):
2024-08-23 17:40:42,944 [ab598a91-1760-425c-863f-c9c0150b23d9@group-09CD5A5C52E7-LeaderElection13] INFO  impl.LeaderElection (LeaderElection.java:logAndReturn(93)) -   Response 0: ab598a91-1760-425c-863f-c9c0150b23d9<-4c92e27b-ecd4-4d14-ba24-c9bbe0da28ff#0:FAIL-t0
2024-08-23 17:40:42,944 [ab598a91-1760-425c-863f-c9c0150b23d9@group-09CD5A5C52E7-LeaderElection13] INFO  impl.LeaderElection (LeaderElection.java:askForVotes(323)) - ab598a91-1760-425c-863f-c9c0150b23d9@group-09CD5A5C52E7-LeaderElection13 PRE_VOTE round 0: result REJECTED
2024-08-23 17:40:42,944 [ab598a91-1760-425c-863f-c9c0150b23d9@group-09CD5A5C52E7-LeaderElection13] INFO  server.RaftServer$Division (RaftServerImpl.java:setRole(376)) - ab598a91-1760-425c-863f-c9c0150b23d9@group-09CD5A5C52E7: changes role from CANDIDATE to FOLLOWER at term 0 for REJECTED
2024-08-23 17:40:42,944 [ab598a91-1760-425c-863f-c9c0150b23d9@group-09CD5A5C52E7-LeaderElection13] INFO  impl.RoleInfo (RoleInfo.java:shutdownLeaderElection(139)) - ab598a91-1760-425c-863f-c9c0150b23d9: shutdown ab598a91-1760-425c-863f-c9c0150b23d9@group-09CD5A5C52E7-LeaderElection13
2024-08-23 17:40:42,944 [ab598a91-1760-425c-863f-c9c0150b23d9@group-09CD5A5C52E7-LeaderElection13] INFO  impl.RoleInfo (RoleInfo.java:updateAndGet(148)) - ab598a91-1760-425c-863f-c9c0150b23d9: start ab598a91-1760-425c-863f-c9c0150b23d9@group-09CD5A5C52E7-FollowerState
2024-08-23 17:40:42,945 [ab598a91-1760-425c-863f-c9c0150b23d9@group-09CD5A5C52E7-LeaderElection13] INFO  server.RaftServer$Division (RaftServerImpl.java:setFirstElection(549)) - ab598a91-1760-425c-863f-c9c0150b23d9@group-09CD5A5C52E7: set firstElectionSinceStartup to false for REJECTED
2024-08-23 17:40:42,961 [ab598a91-1760-425c-863f-c9c0150b23d9@group-26B6F44DE0E3-FollowerState] INFO  impl.FollowerState (FollowerState.java:run(144)) - ab598a91-1760-425c-863f-c9c0150b23d9@group-26B6F44DE0E3-FollowerState: change to CANDIDATE, lastRpcElapsedTime:5096705538ns, electionTimeout:5095ms
2024-08-23 17:40:42,961 [ab598a91-1760-425c-863f-c9c0150b23d9@group-26B6F44DE0E3-FollowerState] INFO  impl.RoleInfo (RoleInfo.java:shutdownFollowerState(119)) - ab598a91-1760-425c-863f-c9c0150b23d9: shutdown ab598a91-1760-425c-863f-c9c0150b23d9@group-26B6F44DE0E3-FollowerState
2024-08-23 17:40:42,961 [ab598a91-1760-425c-863f-c9c0150b23d9@group-26B6F44DE0E3-FollowerState] INFO  server.RaftServer$Division (RaftServerImpl.java:setRole(376)) - ab598a91-1760-425c-863f-c9c0150b23d9@group-26B6F44DE0E3: changes role from  FOLLOWER to CANDIDATE at term 0 for changeToCandidate
2024-08-23 17:40:42,961 [ab598a91-1760-425c-863f-c9c0150b23d9@group-26B6F44DE0E3-FollowerState] INFO  server.RaftServerConfigKeys (ConfUtils.java:logGet(46)) - raft.server.leaderelection.pre-vote = true (default)
2024-08-23 17:40:42,961 [ab598a91-1760-425c-863f-c9c0150b23d9@group-26B6F44DE0E3-FollowerState] INFO  impl.RoleInfo (RoleInfo.java:updateAndGet(148)) - ab598a91-1760-425c-863f-c9c0150b23d9: start ab598a91-1760-425c-863f-c9c0150b23d9@group-26B6F44DE0E3-LeaderElection14
2024-08-23 17:40:42,961 [ab598a91-1760-425c-863f-c9c0150b23d9@group-26B6F44DE0E3-LeaderElection14] INFO  impl.LeaderElection (LeaderElection.java:askForVotes(321)) - ab598a91-1760-425c-863f-c9c0150b23d9@group-26B6F44DE0E3-LeaderElection14 PRE_VOTE round 0: submit vote requests at term 0 for conf: {index: -1, cur=peers:[ab598a91-1760-425c-863f-c9c0150b23d9|127.0.0.1:15071]|listeners:[], old=null}
2024-08-23 17:40:42,961 [ab598a91-1760-425c-863f-c9c0150b23d9@group-26B6F44DE0E3-LeaderElection14] INFO  impl.LeaderElection (LeaderElection.java:askForVotes(323)) - ab598a91-1760-425c-863f-c9c0150b23d9@group-26B6F44DE0E3-LeaderElection14 PRE_VOTE round 0: result PASSED (term=0)
2024-08-23 17:40:42,963 [ab598a91-1760-425c-863f-c9c0150b23d9@group-26B6F44DE0E3-LeaderElection14] INFO  impl.LeaderElection (LeaderElection.java:askForVotes(321)) - ab598a91-1760-425c-863f-c9c0150b23d9@group-26B6F44DE0E3-LeaderElection14 ELECTION round 0: submit vote requests at term 1 for conf: {index: -1, cur=peers:[ab598a91-1760-425c-863f-c9c0150b23d9|127.0.0.1:15071]|listeners:[], old=null}
2024-08-23 17:40:42,963 [ab598a91-1760-425c-863f-c9c0150b23d9@group-26B6F44DE0E3-LeaderElection14] INFO  impl.LeaderElection (LeaderElection.java:askForVotes(323)) - ab598a91-1760-425c-863f-c9c0150b23d9@group-26B6F44DE0E3-LeaderElection14 ELECTION round 0: result PASSED (term=1)
2024-08-23 17:40:42,963 [ab598a91-1760-425c-863f-c9c0150b23d9@group-26B6F44DE0E3-LeaderElection14] INFO  impl.RoleInfo (RoleInfo.java:shutdownLeaderElection(139)) - ab598a91-1760-425c-863f-c9c0150b23d9: shutdown ab598a91-1760-425c-863f-c9c0150b23d9@group-26B6F44DE0E3-LeaderElection14
2024-08-23 17:40:42,963 [ab598a91-1760-425c-863f-c9c0150b23d9@group-26B6F44DE0E3-LeaderElection14] INFO  server.RaftServer$Division (RaftServerImpl.java:setRole(376)) - ab598a91-1760-425c-863f-c9c0150b23d9@group-26B6F44DE0E3: changes role from CANDIDATE to LEADER at term 1 for changeToLeader
2024-08-23 17:40:42,963 [ab598a91-1760-425c-863f-c9c0150b23d9@group-26B6F44DE0E3-LeaderElection14] INFO  server.RaftServerConfigKeys (ConfUtils.java:logGet(46)) - raft.server.staging.catchup.gap = 1000 (default)
2024-08-23 17:40:42,963 [ab598a91-1760-425c-863f-c9c0150b23d9@group-26B6F44DE0E3-LeaderElection14] INFO  server.RaftServerConfigKeys (ConfUtils.java:logGet(46)) - raft.server.write.element-limit = 1024 (custom)
2024-08-23 17:40:42,963 [ab598a91-1760-425c-863f-c9c0150b23d9@group-26B6F44DE0E3-LeaderElection14] INFO  server.RaftServerConfigKeys (ConfUtils.java:logGet(46)) - raft.server.write.byte-limit = 1024 M (=1073741824) (custom)
2024-08-23 17:40:42,963 [ab598a91-1760-425c-863f-c9c0150b23d9@group-26B6F44DE0E3-LeaderElection14] INFO  server.RaftServerConfigKeys (ConfUtils.java:logGet(46)) - raft.server.watch.timeout = 30s (custom)
2024-08-23 17:40:42,963 [ab598a91-1760-425c-863f-c9c0150b23d9@group-26B6F44DE0E3-LeaderElection14] INFO  server.RaftServerConfigKeys (ConfUtils.java:logGet(46)) - raft.server.watch.timeout.denomination = 1s (default)
2024-08-23 17:40:42,963 [ab598a91-1760-425c-863f-c9c0150b23d9@group-26B6F44DE0E3-LeaderElection14] INFO  server.RaftServerConfigKeys (ConfUtils.java:logGet(46)) - raft.server.watch.element-limit = 65536 (default)
2024-08-23 17:40:42,964 [ab598a91-1760-425c-863f-c9c0150b23d9@group-26B6F44DE0E3-LeaderElection14] INFO  server.RaftServerConfigKeys (ConfUtils.java:logGet(46)) - raft.server.read.leader.lease.enabled = false (default)
2024-08-23 17:40:42,964 [ab598a91-1760-425c-863f-c9c0150b23d9@group-26B6F44DE0E3-LeaderElection14] INFO  server.RaftServerConfigKeys (ConfUtils.java:logGet(46)) - raft.server.read.leader.lease.timeout.ratio = 0.9 (default)
2024-08-23 17:40:42,964 [ab598a91-1760-425c-863f-c9c0150b23d9@group-26B6F44DE0E3-LeaderElection14] INFO  server.RaftServerConfigKeys (ConfUtils.java:logGet(46)) - raft.server.rpc.timeout.min = 5s (custom)
2024-08-23 17:40:42,964 [ab598a91-1760-425c-863f-c9c0150b23d9@group-26B6F44DE0E3-LeaderElection14] INFO  server.RaftServerConfigKeys (ConfUtils.java:logGet(46)) - raft.server.log.log-metadata.enabled = true (default)
2024-08-23 17:40:42,964 [ab598a91-1760-425c-863f-c9c0150b23d9@group-26B6F44DE0E3-LeaderElection14] INFO  server.RaftServerConfigKeys (ConfUtils.java:logGet(46)) - raft.server.write.element-limit = 1024 (custom)
2024-08-23 17:40:42,964 [ab598a91-1760-425c-863f-c9c0150b23d9@group-26B6F44DE0E3-LeaderElection14] INFO  server.RaftServerConfigKeys (ConfUtils.java:logGet(46)) - raft.server.write.follower.gap.ratio.max = -1.0 (default)
2024-08-23 17:40:42,964 [ab598a91-1760-425c-863f-c9c0150b23d9@group-26B6F44DE0E3-LeaderElection14] INFO  impl.RoleInfo (RoleInfo.java:updateAndGet(148)) - ab598a91-1760-425c-863f-c9c0150b23d9: start ab598a91-1760-425c-863f-c9c0150b23d9@group-26B6F44DE0E3-LeaderStateImpl
2024-08-23 17:40:42,964 [ab598a91-1760-425c-863f-c9c0150b23d9@group-26B6F44DE0E3-LeaderElection14] INFO  server.RaftServer$Division (RaftServerImpl.java:setFirstElection(549)) - ab598a91-1760-425c-863f-c9c0150b23d9@group-26B6F44DE0E3: set firstElectionSinceStartup to false for becomeLeader
2024-08-23 17:40:42,964 [ab598a91-1760-425c-863f-c9c0150b23d9@group-26B6F44DE0E3-LeaderElection14] INFO  ratis.XceiverServerRatis (XceiverServerRatis.java:handleLeaderChangedNotification(950)) - Leader change notification received for group: group-26B6F44DE0E3 with new leaderId: ab598a91-1760-425c-863f-c9c0150b23d9
2024-08-23 17:40:42,964 [ab598a91-1760-425c-863f-c9c0150b23d9@group-26B6F44DE0E3-LeaderElection14] INFO  server.RaftServer$Division (ServerState.java:setLeader(272)) - ab598a91-1760-425c-863f-c9c0150b23d9@group-26B6F44DE0E3: change Leader from null to ab598a91-1760-425c-863f-c9c0150b23d9 at term 1 for becomeLeader, leader elected after 5113ms
2024-08-23 17:40:42,965 [ab598a91-1760-425c-863f-c9c0150b23d9@group-26B6F44DE0E3-LeaderElection14] INFO  segmented.SegmentedRaftLogWorker (SegmentedRaftLogWorker.java:startLogSegment(433)) - ab598a91-1760-425c-863f-c9c0150b23d9@group-26B6F44DE0E3-SegmentedRaftLogWorker: Starting segment from index:0
2024-08-23 17:40:42,965 [ab598a91-1760-425c-863f-c9c0150b23d9@group-26B6F44DE0E3-LeaderElection14] INFO  server.RaftServer$Division (ServerState.java:setRaftConf(386)) - ab598a91-1760-425c-863f-c9c0150b23d9@group-26B6F44DE0E3: set configuration conf: {index: 0, cur=peers:[ab598a91-1760-425c-863f-c9c0150b23d9|127.0.0.1:15071]|listeners:[], old=null}
2024-08-23 17:40:42,965 [ab598a91-1760-425c-863f-c9c0150b23d9@group-26B6F44DE0E3-SegmentedRaftLogWorker] INFO  segmented.BufferedWriteChannel (BufferedWriteChannel.java:open(61)) - open log_inprogress_0 at position 0
2024-08-23 17:40:42,966 [scmNode-1-EventQueue-OpenPipelineForHealthyPipelineSafeModeRule] INFO  safemode.SCMSafeModeManager (HealthyPipelineSafeModeRule.java:process(140)) - SCM in safe mode. Healthy pipelines reported count is 0, required healthy pipeline reported count is 1
2024-08-23 17:40:42,975 [ab598a91-1760-425c-863f-c9c0150b23d9@group-26B6F44DE0E3-SegmentedRaftLogWorker] INFO  segmented.SegmentedRaftLogWorker (SegmentedRaftLogWorker.java:execute(637)) - ab598a91-1760-425c-863f-c9c0150b23d9@group-26B6F44DE0E3-SegmentedRaftLogWorker: created new log segment /home/runner/work/ozone/ozone/hadoop-ozone/integration-test/target/test-dir/MiniOzoneClusterImpl-79f21b30-aaf8-43fb-84ca-e7a29640eabd/ozone-meta/datanode-1/ratis/aca7c363-b9df-461b-a88d-26b6f44de0e3/current/log_inprogress_0
2024-08-23 17:40:42,976 [ab598a91-1760-425c-863f-c9c0150b23d9@group-26B6F44DE0E3-StateMachineUpdater] INFO  server.RaftServer$Division (LeaderStateImpl.java:checkStartIndex(316)) - Leader ab598a91-1760-425c-863f-c9c0150b23d9@group-26B6F44DE0E3-LeaderStateImpl is ready since appliedIndex == startIndex == 0
2024-08-23 17:40:43,006 [ab598a91-1760-425c-863f-c9c0150b23d9@group-3784CE077ECC-FollowerState] INFO  impl.FollowerState (FollowerState.java:run(144)) - ab598a91-1760-425c-863f-c9c0150b23d9@group-3784CE077ECC-FollowerState: change to CANDIDATE, lastRpcElapsedTime:5043512284ns, electionTimeout:5043ms
2024-08-23 17:40:43,006 [ab598a91-1760-425c-863f-c9c0150b23d9@group-3784CE077ECC-FollowerState] INFO  impl.RoleInfo (RoleInfo.java:shutdownFollowerState(119)) - ab598a91-1760-425c-863f-c9c0150b23d9: shutdown ab598a91-1760-425c-863f-c9c0150b23d9@group-3784CE077ECC-FollowerState
2024-08-23 17:40:43,006 [ab598a91-1760-425c-863f-c9c0150b23d9@group-3784CE077ECC-FollowerState] INFO  server.RaftServer$Division (RaftServerImpl.java:setRole(376)) - ab598a91-1760-425c-863f-c9c0150b23d9@group-3784CE077ECC: changes role from  FOLLOWER to CANDIDATE at term 0 for changeToCandidate
2024-08-23 17:40:43,007 [ab598a91-1760-425c-863f-c9c0150b23d9@group-3784CE077ECC-FollowerState] INFO  server.RaftServerConfigKeys (ConfUtils.java:logGet(46)) - raft.server.leaderelection.pre-vote = true (default)
2024-08-23 17:40:43,007 [ab598a91-1760-425c-863f-c9c0150b23d9@group-3784CE077ECC-FollowerState] INFO  impl.RoleInfo (RoleInfo.java:updateAndGet(148)) - ab598a91-1760-425c-863f-c9c0150b23d9: start ab598a91-1760-425c-863f-c9c0150b23d9@group-3784CE077ECC-LeaderElection15
2024-08-23 17:40:43,007 [ab598a91-1760-425c-863f-c9c0150b23d9@group-3784CE077ECC-LeaderElection15] INFO  impl.LeaderElection (LeaderElection.java:askForVotes(321)) - ab598a91-1760-425c-863f-c9c0150b23d9@group-3784CE077ECC-LeaderElection15 PRE_VOTE round 0: submit vote requests at term 0 for conf: {index: -1, cur=peers:[ab598a91-1760-425c-863f-c9c0150b23d9|127.0.0.1:15071, 4c92e27b-ecd4-4d14-ba24-c9bbe0da28ff|127.0.0.1:15089, 97398481-acd0-44c3-9c1f-2d1228ad6123|127.0.0.1:15080]|listeners:[], old=null}
2024-08-23 17:40:43,007 [ab598a91-1760-425c-863f-c9c0150b23d9@group-3784CE077ECC-LeaderElection15] INFO  server.RaftServerConfigKeys (ConfUtils.java:logFallback(53)) - raft.server.rpc.first-election.timeout.min = 5s (fallback to raft.server.rpc.timeout.min)
2024-08-23 17:40:43,007 [ab598a91-1760-425c-863f-c9c0150b23d9@group-3784CE077ECC-LeaderElection15] INFO  server.RaftServerConfigKeys (ConfUtils.java:logFallback(53)) - raft.server.rpc.first-election.timeout.max = 5200ms (fallback to raft.server.rpc.timeout.max)
2024-08-23 17:40:43,008 [grpc-default-executor-1] INFO  server.RaftServer$Division (RaftServerImpl.java:requestVote(1416)) - 4c92e27b-ecd4-4d14-ba24-c9bbe0da28ff@group-3784CE077ECC: receive requestVote(PRE_VOTE, ab598a91-1760-425c-863f-c9c0150b23d9, group-3784CE077ECC, 0, (t:0, i:0))
2024-08-23 17:40:43,009 [grpc-default-executor-1] INFO  impl.VoteContext (VoteContext.java:log(49)) - 4c92e27b-ecd4-4d14-ba24-c9bbe0da28ff@group-3784CE077ECC-FOLLOWER: accept PRE_VOTE from ab598a91-1760-425c-863f-c9c0150b23d9: our priority 0 <= candidate's priority 0
2024-08-23 17:40:43,009 [grpc-default-executor-1] INFO  server.RaftServer$Division (RaftServerImpl.java:requestVote(1449)) - 4c92e27b-ecd4-4d14-ba24-c9bbe0da28ff@group-3784CE077ECC replies to PRE_VOTE vote request: ab598a91-1760-425c-863f-c9c0150b23d9<-4c92e27b-ecd4-4d14-ba24-c9bbe0da28ff#0:OK-t0. Peer's state: 4c92e27b-ecd4-4d14-ba24-c9bbe0da28ff@group-3784CE077ECC:t0, leader=null, voted=, raftlog=Memoized:4c92e27b-ecd4-4d14-ba24-c9bbe0da28ff@group-3784CE077ECC-SegmentedRaftLog:OPENED:c-1:lastnull, conf=conf: {index: -1, cur=peers:[ab598a91-1760-425c-863f-c9c0150b23d9|127.0.0.1:15071, 4c92e27b-ecd4-4d14-ba24-c9bbe0da28ff|127.0.0.1:15089, 97398481-acd0-44c3-9c1f-2d1228ad6123|127.0.0.1:15080]|listeners:[], old=null}
2024-08-23 17:40:43,010 [grpc-default-executor-1] INFO  server.RaftServer$Division (RaftServerImpl.java:requestVote(1416)) - 97398481-acd0-44c3-9c1f-2d1228ad6123@group-3784CE077ECC: receive requestVote(PRE_VOTE, ab598a91-1760-425c-863f-c9c0150b23d9, group-3784CE077ECC, 0, (t:0, i:0))
2024-08-23 17:40:43,010 [grpc-default-executor-1] INFO  impl.VoteContext (VoteContext.java:log(49)) - 97398481-acd0-44c3-9c1f-2d1228ad6123@group-3784CE077ECC-FOLLOWER: reject PRE_VOTE from ab598a91-1760-425c-863f-c9c0150b23d9: our priority 1 > candidate's priority 0
2024-08-23 17:40:43,010 [grpc-default-executor-1] INFO  server.RaftServer$Division (RaftServerImpl.java:requestVote(1449)) - 97398481-acd0-44c3-9c1f-2d1228ad6123@group-3784CE077ECC replies to PRE_VOTE vote request: ab598a91-1760-425c-863f-c9c0150b23d9<-97398481-acd0-44c3-9c1f-2d1228ad6123#0:FAIL-t0. Peer's state: 97398481-acd0-44c3-9c1f-2d1228ad6123@group-3784CE077ECC:t0, leader=null, voted=, raftlog=Memoized:97398481-acd0-44c3-9c1f-2d1228ad6123@group-3784CE077ECC-SegmentedRaftLog:OPENED:c-1:lastnull, conf=conf: {index: -1, cur=peers:[ab598a91-1760-425c-863f-c9c0150b23d9|127.0.0.1:15071, 4c92e27b-ecd4-4d14-ba24-c9bbe0da28ff|127.0.0.1:15089, 97398481-acd0-44c3-9c1f-2d1228ad6123|127.0.0.1:15080]|listeners:[], old=null}
2024-08-23 17:40:43,011 [ab598a91-1760-425c-863f-c9c0150b23d9@group-3784CE077ECC-LeaderElection15] INFO  impl.LeaderElection (LeaderElection.java:logAndReturn(89)) - ab598a91-1760-425c-863f-c9c0150b23d9@group-3784CE077ECC-LeaderElection15: PRE_VOTE REJECTED received 2 response(s) and 0 exception(s):
2024-08-23 17:40:43,011 [ab598a91-1760-425c-863f-c9c0150b23d9@group-3784CE077ECC-LeaderElection15] INFO  impl.LeaderElection (LeaderElection.java:logAndReturn(93)) -   Response 0: ab598a91-1760-425c-863f-c9c0150b23d9<-4c92e27b-ecd4-4d14-ba24-c9bbe0da28ff#0:OK-t0
2024-08-23 17:40:43,011 [ab598a91-1760-425c-863f-c9c0150b23d9@group-3784CE077ECC-LeaderElection15] INFO  impl.LeaderElection (LeaderElection.java:logAndReturn(93)) -   Response 1: ab598a91-1760-425c-863f-c9c0150b23d9<-97398481-acd0-44c3-9c1f-2d1228ad6123#0:FAIL-t0
2024-08-23 17:40:43,011 [ab598a91-1760-425c-863f-c9c0150b23d9@group-3784CE077ECC-LeaderElection15] INFO  impl.LeaderElection (LeaderElection.java:askForVotes(323)) - ab598a91-1760-425c-863f-c9c0150b23d9@group-3784CE077ECC-LeaderElection15 PRE_VOTE round 0: result REJECTED
2024-08-23 17:40:43,011 [ab598a91-1760-425c-863f-c9c0150b23d9@group-3784CE077ECC-LeaderElection15] INFO  server.RaftServer$Division (RaftServerImpl.java:setRole(376)) - ab598a91-1760-425c-863f-c9c0150b23d9@group-3784CE077ECC: changes role from CANDIDATE to FOLLOWER at term 0 for REJECTED
2024-08-23 17:40:43,011 [ab598a91-1760-425c-863f-c9c0150b23d9@group-3784CE077ECC-LeaderElection15] INFO  impl.RoleInfo (RoleInfo.java:shutdownLeaderElection(139)) - ab598a91-1760-425c-863f-c9c0150b23d9: shutdown ab598a91-1760-425c-863f-c9c0150b23d9@group-3784CE077ECC-LeaderElection15
2024-08-23 17:40:43,011 [ab598a91-1760-425c-863f-c9c0150b23d9@group-3784CE077ECC-LeaderElection15] INFO  impl.RoleInfo (RoleInfo.java:updateAndGet(148)) - ab598a91-1760-425c-863f-c9c0150b23d9: start ab598a91-1760-425c-863f-c9c0150b23d9@group-3784CE077ECC-FollowerState
2024-08-23 17:40:43,014 [ab598a91-1760-425c-863f-c9c0150b23d9@group-3784CE077ECC-LeaderElection15] INFO  server.RaftServer$Division (RaftServerImpl.java:setFirstElection(549)) - ab598a91-1760-425c-863f-c9c0150b23d9@group-3784CE077ECC: set firstElectionSinceStartup to false for REJECTED
2024-08-23 17:40:43,022 [4c92e27b-ecd4-4d14-ba24-c9bbe0da28ff@group-09CD5A5C52E7-FollowerState] INFO  impl.FollowerState (FollowerState.java:run(144)) - 4c92e27b-ecd4-4d14-ba24-c9bbe0da28ff@group-09CD5A5C52E7-FollowerState: change to CANDIDATE, lastRpcElapsedTime:5085248728ns, electionTimeout:5078ms
2024-08-23 17:40:43,022 [4c92e27b-ecd4-4d14-ba24-c9bbe0da28ff@group-09CD5A5C52E7-FollowerState] INFO  impl.RoleInfo (RoleInfo.java:shutdownFollowerState(119)) - 4c92e27b-ecd4-4d14-ba24-c9bbe0da28ff: shutdown 4c92e27b-ecd4-4d14-ba24-c9bbe0da28ff@group-09CD5A5C52E7-FollowerState
2024-08-23 17:40:43,023 [4c92e27b-ecd4-4d14-ba24-c9bbe0da28ff@group-09CD5A5C52E7-FollowerState] INFO  server.RaftServer$Division (RaftServerImpl.java:setRole(376)) - 4c92e27b-ecd4-4d14-ba24-c9bbe0da28ff@group-09CD5A5C52E7: changes role from  FOLLOWER to CANDIDATE at term 0 for changeToCandidate
2024-08-23 17:40:43,023 [4c92e27b-ecd4-4d14-ba24-c9bbe0da28ff@group-09CD5A5C52E7-FollowerState] INFO  server.RaftServerConfigKeys (ConfUtils.java:logGet(46)) - raft.server.leaderelection.pre-vote = true (default)
2024-08-23 17:40:43,023 [4c92e27b-ecd4-4d14-ba24-c9bbe0da28ff@group-09CD5A5C52E7-FollowerState] INFO  impl.RoleInfo (RoleInfo.java:updateAndGet(148)) - 4c92e27b-ecd4-4d14-ba24-c9bbe0da28ff: start 4c92e27b-ecd4-4d14-ba24-c9bbe0da28ff@group-09CD5A5C52E7-LeaderElection16
2024-08-23 17:40:43,023 [4c92e27b-ecd4-4d14-ba24-c9bbe0da28ff@group-09CD5A5C52E7-LeaderElection16] INFO  impl.LeaderElection (LeaderElection.java:askForVotes(321)) - 4c92e27b-ecd4-4d14-ba24-c9bbe0da28ff@group-09CD5A5C52E7-LeaderElection16 PRE_VOTE round 0: submit vote requests at term 0 for conf: {index: -1, cur=peers:[ab598a91-1760-425c-863f-c9c0150b23d9|127.0.0.1:15071, 4c92e27b-ecd4-4d14-ba24-c9bbe0da28ff|127.0.0.1:15089, 97398481-acd0-44c3-9c1f-2d1228ad6123|127.0.0.1:15080]|listeners:[], old=null}
2024-08-23 17:40:43,023 [4c92e27b-ecd4-4d14-ba24-c9bbe0da28ff@group-09CD5A5C52E7-LeaderElection16] INFO  server.RaftServerConfigKeys (ConfUtils.java:logFallback(53)) - raft.server.rpc.first-election.timeout.min = 5s (fallback to raft.server.rpc.timeout.min)
2024-08-23 17:40:43,023 [4c92e27b-ecd4-4d14-ba24-c9bbe0da28ff@group-09CD5A5C52E7-LeaderElection16] INFO  server.RaftServerConfigKeys (ConfUtils.java:logFallback(53)) - raft.server.rpc.first-election.timeout.max = 5200ms (fallback to raft.server.rpc.timeout.max)
2024-08-23 17:40:43,023 [4c92e27b-ecd4-4d14-ba24-c9bbe0da28ff@group-09CD5A5C52E7-LeaderElection16-1] INFO  server.GrpcServerProtocolClient (GrpcServerProtocolClient.java:<init>(65)) - Build channel for ab598a91-1760-425c-863f-c9c0150b23d9|127.0.0.1:15071
2024-08-23 17:40:43,024 [4c92e27b-ecd4-4d14-ba24-c9bbe0da28ff@group-09CD5A5C52E7-LeaderElection16-2] INFO  server.GrpcServerProtocolClient (GrpcServerProtocolClient.java:<init>(65)) - Build channel for 97398481-acd0-44c3-9c1f-2d1228ad6123|127.0.0.1:15080
2024-08-23 17:40:43,028 [grpc-default-executor-1] INFO  server.RaftServer$Division (RaftServerImpl.java:requestVote(1416)) - ab598a91-1760-425c-863f-c9c0150b23d9@group-09CD5A5C52E7: receive requestVote(PRE_VOTE, 4c92e27b-ecd4-4d14-ba24-c9bbe0da28ff, group-09CD5A5C52E7, 0, (t:0, i:0))
2024-08-23 17:40:43,029 [grpc-default-executor-1] INFO  impl.VoteContext (VoteContext.java:log(49)) - ab598a91-1760-425c-863f-c9c0150b23d9@group-09CD5A5C52E7-FOLLOWER: accept PRE_VOTE from 4c92e27b-ecd4-4d14-ba24-c9bbe0da28ff: our priority 0 <= candidate's priority 1
2024-08-23 17:40:43,029 [grpc-default-executor-1] INFO  server.RaftServer$Division (RaftServerImpl.java:requestVote(1449)) - ab598a91-1760-425c-863f-c9c0150b23d9@group-09CD5A5C52E7 replies to PRE_VOTE vote request: 4c92e27b-ecd4-4d14-ba24-c9bbe0da28ff<-ab598a91-1760-425c-863f-c9c0150b23d9#0:OK-t0. Peer's state: ab598a91-1760-425c-863f-c9c0150b23d9@group-09CD5A5C52E7:t0, leader=null, voted=, raftlog=Memoized:ab598a91-1760-425c-863f-c9c0150b23d9@group-09CD5A5C52E7-SegmentedRaftLog:OPENED:c-1:lastnull, conf=conf: {index: -1, cur=peers:[ab598a91-1760-425c-863f-c9c0150b23d9|127.0.0.1:15071, 4c92e27b-ecd4-4d14-ba24-c9bbe0da28ff|127.0.0.1:15089, 97398481-acd0-44c3-9c1f-2d1228ad6123|127.0.0.1:15080]|listeners:[], old=null}
2024-08-23 17:40:43,029 [grpc-default-executor-0] INFO  server.RaftServer$Division (RaftServerImpl.java:requestVote(1416)) - 97398481-acd0-44c3-9c1f-2d1228ad6123@group-09CD5A5C52E7: receive requestVote(PRE_VOTE, 4c92e27b-ecd4-4d14-ba24-c9bbe0da28ff, group-09CD5A5C52E7, 0, (t:0, i:0))
2024-08-23 17:40:43,029 [grpc-default-executor-0] INFO  impl.VoteContext (VoteContext.java:log(49)) - 97398481-acd0-44c3-9c1f-2d1228ad6123@group-09CD5A5C52E7-FOLLOWER: accept PRE_VOTE from 4c92e27b-ecd4-4d14-ba24-c9bbe0da28ff: our priority 0 <= candidate's priority 1
2024-08-23 17:40:43,029 [grpc-default-executor-0] INFO  server.RaftServer$Division (RaftServerImpl.java:requestVote(1449)) - 97398481-acd0-44c3-9c1f-2d1228ad6123@group-09CD5A5C52E7 replies to PRE_VOTE vote request: 4c92e27b-ecd4-4d14-ba24-c9bbe0da28ff<-97398481-acd0-44c3-9c1f-2d1228ad6123#0:OK-t0. Peer's state: 97398481-acd0-44c3-9c1f-2d1228ad6123@group-09CD5A5C52E7:t0, leader=null, voted=, raftlog=Memoized:97398481-acd0-44c3-9c1f-2d1228ad6123@group-09CD5A5C52E7-SegmentedRaftLog:OPENED:c-1:lastnull, conf=conf: {index: -1, cur=peers:[ab598a91-1760-425c-863f-c9c0150b23d9|127.0.0.1:15071, 4c92e27b-ecd4-4d14-ba24-c9bbe0da28ff|127.0.0.1:15089, 97398481-acd0-44c3-9c1f-2d1228ad6123|127.0.0.1:15080]|listeners:[], old=null}
2024-08-23 17:40:43,030 [4c92e27b-ecd4-4d14-ba24-c9bbe0da28ff@group-09CD5A5C52E7-LeaderElection16] INFO  impl.LeaderElection (LeaderElection.java:logAndReturn(89)) - 4c92e27b-ecd4-4d14-ba24-c9bbe0da28ff@group-09CD5A5C52E7-LeaderElection16: PRE_VOTE PASSED received 1 response(s) and 0 exception(s):
2024-08-23 17:40:43,030 [4c92e27b-ecd4-4d14-ba24-c9bbe0da28ff@group-09CD5A5C52E7-LeaderElection16] INFO  impl.LeaderElection (LeaderElection.java:logAndReturn(93)) -   Response 0: 4c92e27b-ecd4-4d14-ba24-c9bbe0da28ff<-ab598a91-1760-425c-863f-c9c0150b23d9#0:OK-t0
2024-08-23 17:40:43,030 [4c92e27b-ecd4-4d14-ba24-c9bbe0da28ff@group-09CD5A5C52E7-LeaderElection16] INFO  impl.LeaderElection (LeaderElection.java:askForVotes(323)) - 4c92e27b-ecd4-4d14-ba24-c9bbe0da28ff@group-09CD5A5C52E7-LeaderElection16 PRE_VOTE round 0: result PASSED
2024-08-23 17:40:43,032 [4c92e27b-ecd4-4d14-ba24-c9bbe0da28ff@group-09CD5A5C52E7-LeaderElection16] INFO  impl.LeaderElection (LeaderElection.java:askForVotes(321)) - 4c92e27b-ecd4-4d14-ba24-c9bbe0da28ff@group-09CD5A5C52E7-LeaderElection16 ELECTION round 0: submit vote requests at term 1 for conf: {index: -1, cur=peers:[ab598a91-1760-425c-863f-c9c0150b23d9|127.0.0.1:15071, 4c92e27b-ecd4-4d14-ba24-c9bbe0da28ff|127.0.0.1:15089, 97398481-acd0-44c3-9c1f-2d1228ad6123|127.0.0.1:15080]|listeners:[], old=null}
2024-08-23 17:40:43,033 [grpc-default-executor-0] INFO  server.RaftServer$Division (RaftServerImpl.java:requestVote(1416)) - ab598a91-1760-425c-863f-c9c0150b23d9@group-09CD5A5C52E7: receive requestVote(ELECTION, 4c92e27b-ecd4-4d14-ba24-c9bbe0da28ff, group-09CD5A5C52E7, 1, (t:0, i:0))
2024-08-23 17:40:43,033 [grpc-default-executor-0] INFO  impl.VoteContext (VoteContext.java:log(49)) - ab598a91-1760-425c-863f-c9c0150b23d9@group-09CD5A5C52E7-FOLLOWER: accept ELECTION from 4c92e27b-ecd4-4d14-ba24-c9bbe0da28ff: our priority 0 <= candidate's priority 1
2024-08-23 17:40:43,033 [grpc-default-executor-0] INFO  server.RaftServer$Division (RaftServerImpl.java:setRole(376)) - ab598a91-1760-425c-863f-c9c0150b23d9@group-09CD5A5C52E7: changes role from  FOLLOWER to FOLLOWER at term 1 for candidate:4c92e27b-ecd4-4d14-ba24-c9bbe0da28ff
2024-08-23 17:40:43,033 [grpc-default-executor-0] INFO  impl.RoleInfo (RoleInfo.java:shutdownFollowerState(119)) - ab598a91-1760-425c-863f-c9c0150b23d9: shutdown ab598a91-1760-425c-863f-c9c0150b23d9@group-09CD5A5C52E7-FollowerState
2024-08-23 17:40:43,033 [grpc-default-executor-0] INFO  impl.RoleInfo (RoleInfo.java:updateAndGet(148)) - ab598a91-1760-425c-863f-c9c0150b23d9: start ab598a91-1760-425c-863f-c9c0150b23d9@group-09CD5A5C52E7-FollowerState
2024-08-23 17:40:43,033 [ab598a91-1760-425c-863f-c9c0150b23d9@group-09CD5A5C52E7-FollowerState] INFO  impl.FollowerState (FollowerState.java:run(153)) - ab598a91-1760-425c-863f-c9c0150b23d9@group-09CD5A5C52E7-FollowerState was interrupted
2024-08-23 17:40:43,034 [4c92e27b-ecd4-4d14-ba24-c9bbe0da28ff@group-09CD5A5C52E7-LeaderElection16] INFO  server.RaftServerConfigKeys (ConfUtils.java:logFallback(53)) - raft.server.rpc.first-election.timeout.min = 5s (fallback to raft.server.rpc.timeout.min)
2024-08-23 17:40:43,034 [4c92e27b-ecd4-4d14-ba24-c9bbe0da28ff@group-09CD5A5C52E7-LeaderElection16] INFO  server.RaftServerConfigKeys (ConfUtils.java:logFallback(53)) - raft.server.rpc.first-election.timeout.max = 5200ms (fallback to raft.server.rpc.timeout.max)
2024-08-23 17:40:43,036 [grpc-default-executor-1] INFO  server.RaftServer$Division (RaftServerImpl.java:requestVote(1416)) - 97398481-acd0-44c3-9c1f-2d1228ad6123@group-09CD5A5C52E7: receive requestVote(ELECTION, 4c92e27b-ecd4-4d14-ba24-c9bbe0da28ff, group-09CD5A5C52E7, 1, (t:0, i:0))
2024-08-23 17:40:43,036 [grpc-default-executor-1] INFO  impl.VoteContext (VoteContext.java:log(49)) - 97398481-acd0-44c3-9c1f-2d1228ad6123@group-09CD5A5C52E7-FOLLOWER: accept ELECTION from 4c92e27b-ecd4-4d14-ba24-c9bbe0da28ff: our priority 0 <= candidate's priority 1
2024-08-23 17:40:43,036 [grpc-default-executor-1] INFO  server.RaftServer$Division (RaftServerImpl.java:setRole(376)) - 97398481-acd0-44c3-9c1f-2d1228ad6123@group-09CD5A5C52E7: changes role from  FOLLOWER to FOLLOWER at term 1 for candidate:4c92e27b-ecd4-4d14-ba24-c9bbe0da28ff
2024-08-23 17:40:43,036 [grpc-default-executor-1] INFO  impl.RoleInfo (RoleInfo.java:shutdownFollowerState(119)) - 97398481-acd0-44c3-9c1f-2d1228ad6123: shutdown 97398481-acd0-44c3-9c1f-2d1228ad6123@group-09CD5A5C52E7-FollowerState
2024-08-23 17:40:43,036 [grpc-default-executor-1] INFO  impl.RoleInfo (RoleInfo.java:updateAndGet(148)) - 97398481-acd0-44c3-9c1f-2d1228ad6123: start 97398481-acd0-44c3-9c1f-2d1228ad6123@group-09CD5A5C52E7-FollowerState
2024-08-23 17:40:43,036 [97398481-acd0-44c3-9c1f-2d1228ad6123@group-09CD5A5C52E7-FollowerState] INFO  impl.FollowerState (FollowerState.java:run(153)) - 97398481-acd0-44c3-9c1f-2d1228ad6123@group-09CD5A5C52E7-FollowerState was interrupted
2024-08-23 17:40:43,037 [grpc-default-executor-0] INFO  server.RaftServer$Division (RaftServerImpl.java:requestVote(1449)) - ab598a91-1760-425c-863f-c9c0150b23d9@group-09CD5A5C52E7 replies to ELECTION vote request: 4c92e27b-ecd4-4d14-ba24-c9bbe0da28ff<-ab598a91-1760-425c-863f-c9c0150b23d9#0:OK-t1. Peer's state: ab598a91-1760-425c-863f-c9c0150b23d9@group-09CD5A5C52E7:t1, leader=null, voted=4c92e27b-ecd4-4d14-ba24-c9bbe0da28ff, raftlog=Memoized:ab598a91-1760-425c-863f-c9c0150b23d9@group-09CD5A5C52E7-SegmentedRaftLog:OPENED:c-1:lastnull, conf=conf: {index: -1, cur=peers:[ab598a91-1760-425c-863f-c9c0150b23d9|127.0.0.1:15071, 4c92e27b-ecd4-4d14-ba24-c9bbe0da28ff|127.0.0.1:15089, 97398481-acd0-44c3-9c1f-2d1228ad6123|127.0.0.1:15080]|listeners:[], old=null}
2024-08-23 17:40:43,038 [4c92e27b-ecd4-4d14-ba24-c9bbe0da28ff@group-09CD5A5C52E7-LeaderElection16] INFO  impl.LeaderElection (LeaderElection.java:logAndReturn(89)) - 4c92e27b-ecd4-4d14-ba24-c9bbe0da28ff@group-09CD5A5C52E7-LeaderElection16: ELECTION PASSED received 1 response(s) and 0 exception(s):
2024-08-23 17:40:43,038 [4c92e27b-ecd4-4d14-ba24-c9bbe0da28ff@group-09CD5A5C52E7-LeaderElection16] INFO  impl.LeaderElection (LeaderElection.java:logAndReturn(93)) -   Response 0: 4c92e27b-ecd4-4d14-ba24-c9bbe0da28ff<-ab598a91-1760-425c-863f-c9c0150b23d9#0:OK-t1
2024-08-23 17:40:43,038 [4c92e27b-ecd4-4d14-ba24-c9bbe0da28ff@group-09CD5A5C52E7-LeaderElection16] INFO  impl.LeaderElection (LeaderElection.java:askForVotes(323)) - 4c92e27b-ecd4-4d14-ba24-c9bbe0da28ff@group-09CD5A5C52E7-LeaderElection16 ELECTION round 0: result PASSED
2024-08-23 17:40:43,038 [4c92e27b-ecd4-4d14-ba24-c9bbe0da28ff@group-09CD5A5C52E7-LeaderElection16] INFO  impl.RoleInfo (RoleInfo.java:shutdownLeaderElection(139)) - 4c92e27b-ecd4-4d14-ba24-c9bbe0da28ff: shutdown 4c92e27b-ecd4-4d14-ba24-c9bbe0da28ff@group-09CD5A5C52E7-LeaderElection16
2024-08-23 17:40:43,038 [4c92e27b-ecd4-4d14-ba24-c9bbe0da28ff@group-09CD5A5C52E7-LeaderElection16] INFO  server.RaftServer$Division (RaftServerImpl.java:setRole(376)) - 4c92e27b-ecd4-4d14-ba24-c9bbe0da28ff@group-09CD5A5C52E7: changes role from CANDIDATE to LEADER at term 1 for changeToLeader
2024-08-23 17:40:43,038 [4c92e27b-ecd4-4d14-ba24-c9bbe0da28ff@group-09CD5A5C52E7-LeaderElection16] INFO  server.RaftServerConfigKeys (ConfUtils.java:logGet(46)) - raft.server.staging.catchup.gap = 1000 (default)
2024-08-23 17:40:43,039 [4c92e27b-ecd4-4d14-ba24-c9bbe0da28ff@group-09CD5A5C52E7-LeaderElection16] INFO  server.RaftServerConfigKeys (ConfUtils.java:logGet(46)) - raft.server.write.element-limit = 1024 (custom)
2024-08-23 17:40:43,039 [4c92e27b-ecd4-4d14-ba24-c9bbe0da28ff@group-09CD5A5C52E7-LeaderElection16] INFO  server.RaftServerConfigKeys (ConfUtils.java:logGet(46)) - raft.server.write.byte-limit = 1024 M (=1073741824) (custom)
2024-08-23 17:40:43,039 [4c92e27b-ecd4-4d14-ba24-c9bbe0da28ff@group-09CD5A5C52E7-LeaderElection16] INFO  server.RaftServerConfigKeys (ConfUtils.java:logGet(46)) - raft.server.watch.timeout = 30s (custom)
2024-08-23 17:40:43,039 [4c92e27b-ecd4-4d14-ba24-c9bbe0da28ff@group-09CD5A5C52E7-LeaderElection16] INFO  server.RaftServerConfigKeys (ConfUtils.java:logGet(46)) - raft.server.watch.timeout.denomination = 1s (default)
2024-08-23 17:40:43,039 [4c92e27b-ecd4-4d14-ba24-c9bbe0da28ff@group-09CD5A5C52E7-LeaderElection16] INFO  server.RaftServerConfigKeys (ConfUtils.java:logGet(46)) - raft.server.watch.element-limit = 65536 (default)
2024-08-23 17:40:43,039 [4c92e27b-ecd4-4d14-ba24-c9bbe0da28ff@group-09CD5A5C52E7-LeaderElection16] INFO  server.RaftServerConfigKeys (ConfUtils.java:logGet(46)) - raft.server.read.leader.lease.enabled = false (default)
2024-08-23 17:40:43,040 [4c92e27b-ecd4-4d14-ba24-c9bbe0da28ff@group-09CD5A5C52E7-LeaderElection16] INFO  server.RaftServerConfigKeys (ConfUtils.java:logGet(46)) - raft.server.read.leader.lease.timeout.ratio = 0.9 (default)
2024-08-23 17:40:43,040 [4c92e27b-ecd4-4d14-ba24-c9bbe0da28ff@group-09CD5A5C52E7-LeaderElection16] INFO  server.RaftServerConfigKeys (ConfUtils.java:logGet(46)) - raft.server.rpc.timeout.min = 5s (custom)
2024-08-23 17:40:43,040 [4c92e27b-ecd4-4d14-ba24-c9bbe0da28ff@group-09CD5A5C52E7-LeaderElection16] INFO  server.RaftServerConfigKeys (ConfUtils.java:logGet(46)) - raft.server.log.log-metadata.enabled = true (default)
2024-08-23 17:40:43,040 [4c92e27b-ecd4-4d14-ba24-c9bbe0da28ff@group-09CD5A5C52E7-LeaderElection16] INFO  server.RaftServerConfigKeys (ConfUtils.java:logGet(46)) - raft.server.write.element-limit = 1024 (custom)
2024-08-23 17:40:43,040 [4c92e27b-ecd4-4d14-ba24-c9bbe0da28ff@group-09CD5A5C52E7-LeaderElection16] INFO  server.RaftServerConfigKeys (ConfUtils.java:logGet(46)) - raft.server.write.follower.gap.ratio.max = -1.0 (default)
2024-08-23 17:40:43,040 [4c92e27b-ecd4-4d14-ba24-c9bbe0da28ff@group-09CD5A5C52E7-LeaderElection16] INFO  server.RaftServerConfigKeys (ConfUtils.java:logGet(46)) - raft.server.log.appender.snapshot.chunk.size.max = 16MB (=16777216) (default)
2024-08-23 17:40:43,040 [4c92e27b-ecd4-4d14-ba24-c9bbe0da28ff@group-09CD5A5C52E7-LeaderElection16] INFO  server.RaftServerConfigKeys (ConfUtils.java:logGet(46)) - raft.server.log.appender.buffer.byte-limit = 8388608 (custom)
2024-08-23 17:40:43,040 [4c92e27b-ecd4-4d14-ba24-c9bbe0da28ff@group-09CD5A5C52E7-LeaderElection16] INFO  server.RaftServerConfigKeys (ConfUtils.java:logGet(46)) - raft.server.log.appender.buffer.element-limit = 1024 (custom)
2024-08-23 17:40:43,041 [4c92e27b-ecd4-4d14-ba24-c9bbe0da28ff@group-09CD5A5C52E7-LeaderElection16] INFO  server.RaftServerConfigKeys (ConfUtils.java:logGet(46)) - raft.server.log.appender.wait-time.min = 0μs (custom)
2024-08-23 17:40:43,041 [4c92e27b-ecd4-4d14-ba24-c9bbe0da28ff@group-09CD5A5C52E7-LeaderElection16] INFO  grpc.GrpcConfigKeys (ConfUtils.java:logGet(46)) - raft.grpc.server.leader.outstanding.appends.max = 8 (default)
2024-08-23 17:40:43,041 [4c92e27b-ecd4-4d14-ba24-c9bbe0da28ff@group-09CD5A5C52E7-LeaderElection16] INFO  server.RaftServerConfigKeys (ConfUtils.java:logGet(46)) - raft.server.rpc.request.timeout = 60s (custom)
2024-08-23 17:40:43,041 [4c92e27b-ecd4-4d14-ba24-c9bbe0da28ff@group-09CD5A5C52E7-LeaderElection16] INFO  grpc.GrpcConfigKeys (ConfUtils.java:logGet(46)) - raft.grpc.server.install_snapshot.request.element-limit = 8 (default)
2024-08-23 17:40:43,041 [4c92e27b-ecd4-4d14-ba24-c9bbe0da28ff@group-09CD5A5C52E7-LeaderElection16] INFO  grpc.GrpcConfigKeys (ConfUtils.java:logGet(46)) - raft.grpc.server.install_snapshot.request.timeout = 3000ms (default)
2024-08-23 17:40:43,041 [4c92e27b-ecd4-4d14-ba24-c9bbe0da28ff@group-09CD5A5C52E7-LeaderElection16] INFO  grpc.GrpcConfigKeys (ConfUtils.java:logGet(46)) - raft.grpc.server.log-message.batch.duration = 5s (default)
2024-08-23 17:40:43,041 [4c92e27b-ecd4-4d14-ba24-c9bbe0da28ff@group-09CD5A5C52E7-LeaderElection16] INFO  server.RaftServerConfigKeys (ConfUtils.java:logGet(46)) - raft.server.log.appender.install.snapshot.enabled = false (custom)
2024-08-23 17:40:43,041 [4c92e27b-ecd4-4d14-ba24-c9bbe0da28ff@group-09CD5A5C52E7-LeaderElection16] INFO  grpc.GrpcConfigKeys (ConfUtils.java:logGet(46)) - raft.grpc.server.heartbeat.channel = true (default)
2024-08-23 17:40:43,042 [4c92e27b-ecd4-4d14-ba24-c9bbe0da28ff@group-09CD5A5C52E7-LeaderElection16] INFO  server.RaftServerConfigKeys (ConfUtils.java:logGet(46)) - raft.server.log.appender.snapshot.chunk.size.max = 16MB (=16777216) (default)
2024-08-23 17:40:43,042 [4c92e27b-ecd4-4d14-ba24-c9bbe0da28ff@group-09CD5A5C52E7-LeaderElection16] INFO  server.RaftServerConfigKeys (ConfUtils.java:logGet(46)) - raft.server.log.appender.buffer.byte-limit = 8388608 (custom)
2024-08-23 17:40:43,042 [4c92e27b-ecd4-4d14-ba24-c9bbe0da28ff@group-09CD5A5C52E7-LeaderElection16] INFO  server.RaftServerConfigKeys (ConfUtils.java:logGet(46)) - raft.server.log.appender.buffer.element-limit = 1024 (custom)
2024-08-23 17:40:43,042 [4c92e27b-ecd4-4d14-ba24-c9bbe0da28ff@group-09CD5A5C52E7-LeaderElection16] INFO  server.RaftServerConfigKeys (ConfUtils.java:logGet(46)) - raft.server.log.appender.wait-time.min = 0μs (custom)
2024-08-23 17:40:43,042 [4c92e27b-ecd4-4d14-ba24-c9bbe0da28ff@group-09CD5A5C52E7-LeaderElection16] INFO  grpc.GrpcConfigKeys (ConfUtils.java:logGet(46)) - raft.grpc.server.leader.outstanding.appends.max = 8 (default)
2024-08-23 17:40:43,042 [4c92e27b-ecd4-4d14-ba24-c9bbe0da28ff@group-09CD5A5C52E7-LeaderElection16] INFO  server.RaftServerConfigKeys (ConfUtils.java:logGet(46)) - raft.server.rpc.request.timeout = 60s (custom)
2024-08-23 17:40:43,042 [4c92e27b-ecd4-4d14-ba24-c9bbe0da28ff@group-09CD5A5C52E7-LeaderElection16] INFO  grpc.GrpcConfigKeys (ConfUtils.java:logGet(46)) - raft.grpc.server.install_snapshot.request.element-limit = 8 (default)
2024-08-23 17:40:43,042 [4c92e27b-ecd4-4d14-ba24-c9bbe0da28ff@group-09CD5A5C52E7-LeaderElection16] INFO  grpc.GrpcConfigKeys (ConfUtils.java:logGet(46)) - raft.grpc.server.install_snapshot.request.timeout = 3000ms (default)
2024-08-23 17:40:43,042 [4c92e27b-ecd4-4d14-ba24-c9bbe0da28ff@group-09CD5A5C52E7-LeaderElection16] INFO  grpc.GrpcConfigKeys (ConfUtils.java:logGet(46)) - raft.grpc.server.log-message.batch.duration = 5s (default)
2024-08-23 17:40:43,042 [4c92e27b-ecd4-4d14-ba24-c9bbe0da28ff@group-09CD5A5C52E7-LeaderElection16] INFO  server.RaftServerConfigKeys (ConfUtils.java:logGet(46)) - raft.server.log.appender.install.snapshot.enabled = false (custom)
2024-08-23 17:40:43,043 [4c92e27b-ecd4-4d14-ba24-c9bbe0da28ff@group-09CD5A5C52E7-LeaderElection16] INFO  grpc.GrpcConfigKeys (ConfUtils.java:logGet(46)) - raft.grpc.server.heartbeat.channel = true (default)
2024-08-23 17:40:43,043 [grpc-default-executor-1] INFO  server.RaftServer$Division (RaftServerImpl.java:setFirstElection(549)) - 97398481-acd0-44c3-9c1f-2d1228ad6123@group-09CD5A5C52E7: set firstElectionSinceStartup to false for candidate:4c92e27b-ecd4-4d14-ba24-c9bbe0da28ff
2024-08-23 17:40:43,044 [4c92e27b-ecd4-4d14-ba24-c9bbe0da28ff@group-09CD5A5C52E7-LeaderElection16] INFO  impl.RoleInfo (RoleInfo.java:updateAndGet(148)) - 4c92e27b-ecd4-4d14-ba24-c9bbe0da28ff: start 4c92e27b-ecd4-4d14-ba24-c9bbe0da28ff@group-09CD5A5C52E7-LeaderStateImpl
2024-08-23 17:40:43,044 [4c92e27b-ecd4-4d14-ba24-c9bbe0da28ff@group-09CD5A5C52E7-LeaderElection16] INFO  server.RaftServer$Division (RaftServerImpl.java:setFirstElection(549)) - 4c92e27b-ecd4-4d14-ba24-c9bbe0da28ff@group-09CD5A5C52E7: set firstElectionSinceStartup to false for becomeLeader
2024-08-23 17:40:43,044 [4c92e27b-ecd4-4d14-ba24-c9bbe0da28ff@group-09CD5A5C52E7-LeaderElection16] INFO  ratis.XceiverServerRatis (XceiverServerRatis.java:handleLeaderChangedNotification(950)) - Leader change notification received for group: group-09CD5A5C52E7 with new leaderId: 4c92e27b-ecd4-4d14-ba24-c9bbe0da28ff
2024-08-23 17:40:43,045 [4c92e27b-ecd4-4d14-ba24-c9bbe0da28ff@group-09CD5A5C52E7-LeaderElection16] INFO  server.RaftServer$Division (ServerState.java:setLeader(272)) - 4c92e27b-ecd4-4d14-ba24-c9bbe0da28ff@group-09CD5A5C52E7: change Leader from null to 4c92e27b-ecd4-4d14-ba24-c9bbe0da28ff at term 1 for becomeLeader, leader elected after 5118ms
2024-08-23 17:40:43,045 [grpc-default-executor-1] INFO  server.RaftServer$Division (RaftServerImpl.java:requestVote(1449)) - 97398481-acd0-44c3-9c1f-2d1228ad6123@group-09CD5A5C52E7 replies to ELECTION vote request: 4c92e27b-ecd4-4d14-ba24-c9bbe0da28ff<-97398481-acd0-44c3-9c1f-2d1228ad6123#0:OK-t1. Peer's state: 97398481-acd0-44c3-9c1f-2d1228ad6123@group-09CD5A5C52E7:t1, leader=null, voted=4c92e27b-ecd4-4d14-ba24-c9bbe0da28ff, raftlog=Memoized:97398481-acd0-44c3-9c1f-2d1228ad6123@group-09CD5A5C52E7-SegmentedRaftLog:OPENED:c-1:lastnull, conf=conf: {index: -1, cur=peers:[ab598a91-1760-425c-863f-c9c0150b23d9|127.0.0.1:15071, 4c92e27b-ecd4-4d14-ba24-c9bbe0da28ff|127.0.0.1:15089, 97398481-acd0-44c3-9c1f-2d1228ad6123|127.0.0.1:15080]|listeners:[], old=null}
2024-08-23 17:40:43,045 [4c92e27b-ecd4-4d14-ba24-c9bbe0da28ff@group-09CD5A5C52E7-LeaderElection16] INFO  segmented.SegmentedRaftLogWorker (SegmentedRaftLogWorker.java:startLogSegment(433)) - 4c92e27b-ecd4-4d14-ba24-c9bbe0da28ff@group-09CD5A5C52E7-SegmentedRaftLogWorker: Starting segment from index:0
2024-08-23 17:40:43,046 [4c92e27b-ecd4-4d14-ba24-c9bbe0da28ff@group-09CD5A5C52E7-SegmentedRaftLogWorker] INFO  segmented.BufferedWriteChannel (BufferedWriteChannel.java:open(61)) - open log_inprogress_0 at position 0
2024-08-23 17:40:43,047 [4c92e27b-ecd4-4d14-ba24-c9bbe0da28ff@group-09CD5A5C52E7-LeaderElection16] INFO  server.RaftServer$Division (ServerState.java:setRaftConf(386)) - 4c92e27b-ecd4-4d14-ba24-c9bbe0da28ff@group-09CD5A5C52E7: set configuration conf: {index: 0, cur=peers:[ab598a91-1760-425c-863f-c9c0150b23d9|127.0.0.1:15071, 4c92e27b-ecd4-4d14-ba24-c9bbe0da28ff|127.0.0.1:15089, 97398481-acd0-44c3-9c1f-2d1228ad6123|127.0.0.1:15080]|listeners:[], old=null}
2024-08-23 17:40:43,052 [f4d24886-16e8-42a6-a606-6b9205f6426d@group-E7A29640EABD-StateMachineUpdater] INFO  safemode.HealthyPipelineSafeModeRule (HealthyPipelineSafeModeRule.java:initializeRule(172)) - Refreshed total pipeline count is 1, healthy pipeline threshold count is 1
2024-08-23 17:40:43,053 [scmNode-1-EventQueue-PipelineReportForPipelineReportHandler] INFO  pipeline.PipelineReportHandler (PipelineReportHandler.java:processPipelineReport(136)) - Opened pipeline PipelineID=0cfc3ccb-df1c-40a7-a6da-09cd5a5c52e7
2024-08-23 17:40:43,053 [scmNode-1-EventQueue-OpenPipelineForHealthyPipelineSafeModeRule] INFO  safemode.SCMSafeModeManager (HealthyPipelineSafeModeRule.java:process(140)) - SCM in safe mode. Healthy pipelines reported count is 1, required healthy pipeline reported count is 1
2024-08-23 17:40:43,053 [scmNode-1-EventQueue-OpenPipelineForHealthyPipelineSafeModeRule] INFO  safemode.SCMSafeModeManager (SCMSafeModeManager.java:validateSafeModeExitRules(203)) - HealthyPipelineSafeModeRule rule is successfully validated
2024-08-23 17:40:43,053 [scmNode-1-EventQueue-OpenPipelineForHealthyPipelineSafeModeRule] INFO  safemode.SCMSafeModeManager (SCMSafeModeManager.java:validateSafeModeExitRules(218)) - ScmSafeModeManager, all rules are successfully validated
2024-08-23 17:40:43,053 [scmNode-1-EventQueue-OpenPipelineForHealthyPipelineSafeModeRule] INFO  safemode.SCMSafeModeManager (SCMSafeModeManager.java:exitSafeMode(248)) - SCM exiting safe mode.
2024-08-23 17:40:43,053 [scmNode-1-EventQueue-OpenPipelineForHealthyPipelineSafeModeRule] INFO  ha.SCMContext (SCMContext.java:updateSafeModeStatus(225)) - Update SafeModeStatus from SafeModeStatus{safeModeStatus=true, preCheckPassed=true} to SafeModeStatus{safeModeStatus=false, preCheckPassed=true}.
2024-08-23 17:40:43,053 [scmNode-1-EventQueue-OpenPipelineForHealthyPipelineSafeModeRule] INFO  BackgroundPipelineScrubber (BackgroundSCMService.java:notifyStatusChanged(79)) - Service BackgroundPipelineScrubber transitions to RUNNING.
2024-08-23 17:40:43,053 [scmNode-1-EventQueue-OpenPipelineForHealthyPipelineSafeModeRule] INFO  ExpiredContainerReplicaOpScrubber (BackgroundSCMService.java:notifyStatusChanged(79)) - Service ExpiredContainerReplicaOpScrubber transitions to RUNNING.
2024-08-23 17:40:43,053 [scmNode-1-EventQueue-OpenPipelineForHealthyPipelineSafeModeRule] INFO  block.SCMBlockDeletingService (SCMBlockDeletingService.java:notifyStatusChanged(247)) - notifyStatusChanged:RUNNING
2024-08-23 17:40:43,053 [scmNode-1-EventQueue-OpenPipelineForHealthyPipelineSafeModeRule] INFO  replication.ReplicationManager (ReplicationManager.java:notifyStatusChanged(1406)) - Service ReplicationManager transitions to RUNNING.
2024-08-23 17:40:43,053 [scmNode-1-EventQueue-OpenPipelineForHealthyPipelineSafeModeRule] WARN  balancer.ContainerBalancer (ContainerBalancer.java:shouldRun(136)) - Could not find persisted configuration for ContainerBalancer when checking if ContainerBalancer should run. ContainerBalancer should not run now.
2024-08-23 17:40:43,053 [scmNode-1-EventQueue-OpenPipelineForHealthyPipelineSafeModeRule] INFO  SCMHATransactionMonitor (BackgroundSCMService.java:notifyStatusChanged(79)) - Service SCMHATransactionMonitor transitions to RUNNING.
2024-08-23 17:40:43,062 [4c92e27b-ecd4-4d14-ba24-c9bbe0da28ff@group-09CD5A5C52E7-SegmentedRaftLogWorker] INFO  segmented.SegmentedRaftLogWorker (SegmentedRaftLogWorker.java:execute(637)) - 4c92e27b-ecd4-4d14-ba24-c9bbe0da28ff@group-09CD5A5C52E7-SegmentedRaftLogWorker: created new log segment /home/runner/work/ozone/ozone/hadoop-ozone/integration-test/target/test-dir/MiniOzoneClusterImpl-79f21b30-aaf8-43fb-84ca-e7a29640eabd/ozone-meta/datanode-3/ratis/0cfc3ccb-df1c-40a7-a6da-09cd5a5c52e7/current/log_inprogress_0
2024-08-23 17:40:43,065 [97398481-acd0-44c3-9c1f-2d1228ad6123@group-3784CE077ECC-FollowerState] INFO  impl.FollowerState (FollowerState.java:run(144)) - 97398481-acd0-44c3-9c1f-2d1228ad6123@group-3784CE077ECC-FollowerState: change to CANDIDATE, lastRpcElapsedTime:5066123012ns, electionTimeout:5060ms
2024-08-23 17:40:43,066 [97398481-acd0-44c3-9c1f-2d1228ad6123@group-3784CE077ECC-FollowerState] INFO  impl.RoleInfo (RoleInfo.java:shutdownFollowerState(119)) - 97398481-acd0-44c3-9c1f-2d1228ad6123: shutdown 97398481-acd0-44c3-9c1f-2d1228ad6123@group-3784CE077ECC-FollowerState
2024-08-23 17:40:43,066 [97398481-acd0-44c3-9c1f-2d1228ad6123@group-3784CE077ECC-FollowerState] INFO  server.RaftServer$Division (RaftServerImpl.java:setRole(376)) - 97398481-acd0-44c3-9c1f-2d1228ad6123@group-3784CE077ECC: changes role from  FOLLOWER to CANDIDATE at term 0 for changeToCandidate
2024-08-23 17:40:43,066 [97398481-acd0-44c3-9c1f-2d1228ad6123@group-3784CE077ECC-FollowerState] INFO  server.RaftServerConfigKeys (ConfUtils.java:logGet(46)) - raft.server.leaderelection.pre-vote = true (default)
2024-08-23 17:40:43,066 [97398481-acd0-44c3-9c1f-2d1228ad6123@group-3784CE077ECC-FollowerState] INFO  impl.RoleInfo (RoleInfo.java:updateAndGet(148)) - 97398481-acd0-44c3-9c1f-2d1228ad6123: start 97398481-acd0-44c3-9c1f-2d1228ad6123@group-3784CE077ECC-LeaderElection17
2024-08-23 17:40:43,066 [97398481-acd0-44c3-9c1f-2d1228ad6123-server-thread1] INFO  ratis.XceiverServerRatis (XceiverServerRatis.java:handleLeaderChangedNotification(950)) - Leader change notification received for group: group-09CD5A5C52E7 with new leaderId: 4c92e27b-ecd4-4d14-ba24-c9bbe0da28ff
2024-08-23 17:40:43,067 [97398481-acd0-44c3-9c1f-2d1228ad6123-server-thread1] INFO  server.RaftServer$Division (ServerState.java:setLeader(272)) - 97398481-acd0-44c3-9c1f-2d1228ad6123@group-09CD5A5C52E7: change Leader from null to 4c92e27b-ecd4-4d14-ba24-c9bbe0da28ff at term 1 for appendEntries, leader elected after 5165ms
2024-08-23 17:40:43,067 [ab598a91-1760-425c-863f-c9c0150b23d9-server-thread1] INFO  ratis.XceiverServerRatis (XceiverServerRatis.java:handleLeaderChangedNotification(950)) - Leader change notification received for group: group-09CD5A5C52E7 with new leaderId: 4c92e27b-ecd4-4d14-ba24-c9bbe0da28ff
2024-08-23 17:40:43,068 [ab598a91-1760-425c-863f-c9c0150b23d9-server-thread1] INFO  server.RaftServer$Division (ServerState.java:setLeader(272)) - ab598a91-1760-425c-863f-c9c0150b23d9@group-09CD5A5C52E7: change Leader from null to 4c92e27b-ecd4-4d14-ba24-c9bbe0da28ff at term 1 for appendEntries, leader elected after 5199ms
2024-08-23 17:40:43,071 [97398481-acd0-44c3-9c1f-2d1228ad6123-server-thread2] INFO  server.RaftServer$Division (ServerState.java:setRaftConf(386)) - 97398481-acd0-44c3-9c1f-2d1228ad6123@group-09CD5A5C52E7: set configuration conf: {index: 0, cur=peers:[ab598a91-1760-425c-863f-c9c0150b23d9|127.0.0.1:15071, 4c92e27b-ecd4-4d14-ba24-c9bbe0da28ff|127.0.0.1:15089, 97398481-acd0-44c3-9c1f-2d1228ad6123|127.0.0.1:15080]|listeners:[], old=null}
2024-08-23 17:40:43,071 [97398481-acd0-44c3-9c1f-2d1228ad6123-server-thread2] INFO  segmented.SegmentedRaftLogWorker (SegmentedRaftLogWorker.java:startLogSegment(433)) - 97398481-acd0-44c3-9c1f-2d1228ad6123@group-09CD5A5C52E7-SegmentedRaftLogWorker: Starting segment from index:0
2024-08-23 17:40:43,072 [97398481-acd0-44c3-9c1f-2d1228ad6123@group-09CD5A5C52E7-SegmentedRaftLogWorker] INFO  segmented.BufferedWriteChannel (BufferedWriteChannel.java:open(61)) - open log_inprogress_0 at position 0
2024-08-23 17:40:43,079 [97398481-acd0-44c3-9c1f-2d1228ad6123@group-3784CE077ECC-LeaderElection17] INFO  impl.LeaderElection (LeaderElection.java:askForVotes(321)) - 97398481-acd0-44c3-9c1f-2d1228ad6123@group-3784CE077ECC-LeaderElection17 PRE_VOTE round 0: submit vote requests at term 0 for conf: {index: -1, cur=peers:[ab598a91-1760-425c-863f-c9c0150b23d9|127.0.0.1:15071, 4c92e27b-ecd4-4d14-ba24-c9bbe0da28ff|127.0.0.1:15089, 97398481-acd0-44c3-9c1f-2d1228ad6123|127.0.0.1:15080]|listeners:[], old=null}
2024-08-23 17:40:43,083 [97398481-acd0-44c3-9c1f-2d1228ad6123@group-09CD5A5C52E7-SegmentedRaftLogWorker] INFO  segmented.SegmentedRaftLogWorker (SegmentedRaftLogWorker.java:execute(637)) - 97398481-acd0-44c3-9c1f-2d1228ad6123@group-09CD5A5C52E7-SegmentedRaftLogWorker: created new log segment /home/runner/work/ozone/ozone/hadoop-ozone/integration-test/target/test-dir/MiniOzoneClusterImpl-79f21b30-aaf8-43fb-84ca-e7a29640eabd/ozone-meta/datanode-2/ratis/0cfc3ccb-df1c-40a7-a6da-09cd5a5c52e7/current/log_inprogress_0
2024-08-23 17:40:43,086 [4c92e27b-ecd4-4d14-ba24-c9bbe0da28ff@group-09CD5A5C52E7-StateMachineUpdater] INFO  server.RaftServer$Division (LeaderStateImpl.java:checkStartIndex(316)) - Leader 4c92e27b-ecd4-4d14-ba24-c9bbe0da28ff@group-09CD5A5C52E7-LeaderStateImpl is ready since appliedIndex == startIndex == 0
2024-08-23 17:40:43,087 [97398481-acd0-44c3-9c1f-2d1228ad6123@group-3784CE077ECC-LeaderElection17-1] INFO  server.GrpcServerProtocolClient (GrpcServerProtocolClient.java:<init>(65)) - Build channel for ab598a91-1760-425c-863f-c9c0150b23d9|127.0.0.1:15071
2024-08-23 17:40:43,087 [ab598a91-1760-425c-863f-c9c0150b23d9-server-thread3] INFO  server.RaftServer$Division (ServerState.java:setRaftConf(386)) - ab598a91-1760-425c-863f-c9c0150b23d9@group-09CD5A5C52E7: set configuration conf: {index: 0, cur=peers:[ab598a91-1760-425c-863f-c9c0150b23d9|127.0.0.1:15071, 4c92e27b-ecd4-4d14-ba24-c9bbe0da28ff|127.0.0.1:15089, 97398481-acd0-44c3-9c1f-2d1228ad6123|127.0.0.1:15080]|listeners:[], old=null}
2024-08-23 17:40:43,088 [ab598a91-1760-425c-863f-c9c0150b23d9-server-thread3] INFO  segmented.SegmentedRaftLogWorker (SegmentedRaftLogWorker.java:startLogSegment(433)) - ab598a91-1760-425c-863f-c9c0150b23d9@group-09CD5A5C52E7-SegmentedRaftLogWorker: Starting segment from index:0
2024-08-23 17:40:43,089 [ab598a91-1760-425c-863f-c9c0150b23d9@group-09CD5A5C52E7-SegmentedRaftLogWorker] INFO  segmented.BufferedWriteChannel (BufferedWriteChannel.java:open(61)) - open log_inprogress_0 at position 0
2024-08-23 17:40:43,096 [97398481-acd0-44c3-9c1f-2d1228ad6123@group-3784CE077ECC-LeaderElection17] INFO  server.RaftServerConfigKeys (ConfUtils.java:logFallback(53)) - raft.server.rpc.first-election.timeout.min = 5s (fallback to raft.server.rpc.timeout.min)
2024-08-23 17:40:43,096 [97398481-acd0-44c3-9c1f-2d1228ad6123@group-3784CE077ECC-LeaderElection17] INFO  server.RaftServerConfigKeys (ConfUtils.java:logFallback(53)) - raft.server.rpc.first-election.timeout.max = 5200ms (fallback to raft.server.rpc.timeout.max)
2024-08-23 17:40:43,096 [grpc-default-executor-1] INFO  server.RaftServer$Division (RaftServerImpl.java:requestVote(1416)) - ab598a91-1760-425c-863f-c9c0150b23d9@group-3784CE077ECC: receive requestVote(PRE_VOTE, 97398481-acd0-44c3-9c1f-2d1228ad6123, group-3784CE077ECC, 0, (t:0, i:0))
2024-08-23 17:40:43,096 [grpc-default-executor-1] INFO  impl.VoteContext (VoteContext.java:log(49)) - ab598a91-1760-425c-863f-c9c0150b23d9@group-3784CE077ECC-FOLLOWER: accept PRE_VOTE from 97398481-acd0-44c3-9c1f-2d1228ad6123: our priority 0 <= candidate's priority 1
2024-08-23 17:40:43,096 [grpc-default-executor-1] INFO  server.RaftServer$Division (RaftServerImpl.java:requestVote(1449)) - ab598a91-1760-425c-863f-c9c0150b23d9@group-3784CE077ECC replies to PRE_VOTE vote request: 97398481-acd0-44c3-9c1f-2d1228ad6123<-ab598a91-1760-425c-863f-c9c0150b23d9#0:OK-t0. Peer's state: ab598a91-1760-425c-863f-c9c0150b23d9@group-3784CE077ECC:t0, leader=null, voted=, raftlog=Memoized:ab598a91-1760-425c-863f-c9c0150b23d9@group-3784CE077ECC-SegmentedRaftLog:OPENED:c-1:lastnull, conf=conf: {index: -1, cur=peers:[ab598a91-1760-425c-863f-c9c0150b23d9|127.0.0.1:15071, 4c92e27b-ecd4-4d14-ba24-c9bbe0da28ff|127.0.0.1:15089, 97398481-acd0-44c3-9c1f-2d1228ad6123|127.0.0.1:15080]|listeners:[], old=null}
2024-08-23 17:40:43,096 [97398481-acd0-44c3-9c1f-2d1228ad6123@group-3784CE077ECC-LeaderElection17-2] INFO  server.GrpcServerProtocolClient (GrpcServerProtocolClient.java:<init>(65)) - Build channel for 4c92e27b-ecd4-4d14-ba24-c9bbe0da28ff|127.0.0.1:15089
2024-08-23 17:40:43,097 [97398481-acd0-44c3-9c1f-2d1228ad6123@group-3784CE077ECC-LeaderElection17] INFO  impl.LeaderElection (LeaderElection.java:logAndReturn(89)) - 97398481-acd0-44c3-9c1f-2d1228ad6123@group-3784CE077ECC-LeaderElection17: PRE_VOTE PASSED received 1 response(s) and 0 exception(s):
2024-08-23 17:40:43,097 [97398481-acd0-44c3-9c1f-2d1228ad6123@group-3784CE077ECC-LeaderElection17] INFO  impl.LeaderElection (LeaderElection.java:logAndReturn(93)) -   Response 0: 97398481-acd0-44c3-9c1f-2d1228ad6123<-ab598a91-1760-425c-863f-c9c0150b23d9#0:OK-t0
2024-08-23 17:40:43,097 [97398481-acd0-44c3-9c1f-2d1228ad6123@group-3784CE077ECC-LeaderElection17] INFO  impl.LeaderElection (LeaderElection.java:askForVotes(323)) - 97398481-acd0-44c3-9c1f-2d1228ad6123@group-3784CE077ECC-LeaderElection17 PRE_VOTE round 0: result PASSED
2024-08-23 17:40:43,099 [97398481-acd0-44c3-9c1f-2d1228ad6123@group-3784CE077ECC-LeaderElection17] INFO  impl.LeaderElection (LeaderElection.java:askForVotes(321)) - 97398481-acd0-44c3-9c1f-2d1228ad6123@group-3784CE077ECC-LeaderElection17 ELECTION round 0: submit vote requests at term 1 for conf: {index: -1, cur=peers:[ab598a91-1760-425c-863f-c9c0150b23d9|127.0.0.1:15071, 4c92e27b-ecd4-4d14-ba24-c9bbe0da28ff|127.0.0.1:15089, 97398481-acd0-44c3-9c1f-2d1228ad6123|127.0.0.1:15080]|listeners:[], old=null}
2024-08-23 17:40:43,100 [ab598a91-1760-425c-863f-c9c0150b23d9@group-09CD5A5C52E7-SegmentedRaftLogWorker] INFO  segmented.SegmentedRaftLogWorker (SegmentedRaftLogWorker.java:execute(637)) - ab598a91-1760-425c-863f-c9c0150b23d9@group-09CD5A5C52E7-SegmentedRaftLogWorker: created new log segment /home/runner/work/ozone/ozone/hadoop-ozone/integration-test/target/test-dir/MiniOzoneClusterImpl-79f21b30-aaf8-43fb-84ca-e7a29640eabd/ozone-meta/datanode-1/ratis/0cfc3ccb-df1c-40a7-a6da-09cd5a5c52e7/current/log_inprogress_0
2024-08-23 17:40:43,102 [97398481-acd0-44c3-9c1f-2d1228ad6123@group-3784CE077ECC-LeaderElection17] INFO  server.RaftServerConfigKeys (ConfUtils.java:logFallback(53)) - raft.server.rpc.first-election.timeout.min = 5s (fallback to raft.server.rpc.timeout.min)
2024-08-23 17:40:43,102 [97398481-acd0-44c3-9c1f-2d1228ad6123@group-3784CE077ECC-LeaderElection17] INFO  server.RaftServerConfigKeys (ConfUtils.java:logFallback(53)) - raft.server.rpc.first-election.timeout.max = 5200ms (fallback to raft.server.rpc.timeout.max)
2024-08-23 17:40:43,103 [grpc-default-executor-1] INFO  server.RaftServer$Division (RaftServerImpl.java:requestVote(1416)) - 4c92e27b-ecd4-4d14-ba24-c9bbe0da28ff@group-3784CE077ECC: receive requestVote(ELECTION, 97398481-acd0-44c3-9c1f-2d1228ad6123, group-3784CE077ECC, 1, (t:0, i:0))
2024-08-23 17:40:43,103 [grpc-default-executor-1] INFO  impl.VoteContext (VoteContext.java:log(49)) - 4c92e27b-ecd4-4d14-ba24-c9bbe0da28ff@group-3784CE077ECC-FOLLOWER: accept ELECTION from 97398481-acd0-44c3-9c1f-2d1228ad6123: our priority 0 <= candidate's priority 1
2024-08-23 17:40:43,104 [grpc-default-executor-1] INFO  server.RaftServer$Division (RaftServerImpl.java:setRole(376)) - 4c92e27b-ecd4-4d14-ba24-c9bbe0da28ff@group-3784CE077ECC: changes role from  FOLLOWER to FOLLOWER at term 1 for candidate:97398481-acd0-44c3-9c1f-2d1228ad6123
2024-08-23 17:40:43,104 [grpc-default-executor-1] INFO  impl.RoleInfo (RoleInfo.java:shutdownFollowerState(119)) - 4c92e27b-ecd4-4d14-ba24-c9bbe0da28ff: shutdown 4c92e27b-ecd4-4d14-ba24-c9bbe0da28ff@group-3784CE077ECC-FollowerState
2024-08-23 17:40:43,104 [grpc-default-executor-1] INFO  impl.RoleInfo (RoleInfo.java:updateAndGet(148)) - 4c92e27b-ecd4-4d14-ba24-c9bbe0da28ff: start 4c92e27b-ecd4-4d14-ba24-c9bbe0da28ff@group-3784CE077ECC-FollowerState
2024-08-23 17:40:43,104 [4c92e27b-ecd4-4d14-ba24-c9bbe0da28ff@group-3784CE077ECC-FollowerState] INFO  impl.FollowerState (FollowerState.java:run(153)) - 4c92e27b-ecd4-4d14-ba24-c9bbe0da28ff@group-3784CE077ECC-FollowerState was interrupted
2024-08-23 17:40:43,104 [grpc-default-executor-1] INFO  server.RaftServer$Division (RaftServerImpl.java:setFirstElection(549)) - 4c92e27b-ecd4-4d14-ba24-c9bbe0da28ff@group-3784CE077ECC: set firstElectionSinceStartup to false for candidate:97398481-acd0-44c3-9c1f-2d1228ad6123
2024-08-23 17:40:43,104 [grpc-default-executor-3] INFO  server.RaftServer$Division (RaftServerImpl.java:requestVote(1416)) - ab598a91-1760-425c-863f-c9c0150b23d9@group-3784CE077ECC: receive requestVote(ELECTION, 97398481-acd0-44c3-9c1f-2d1228ad6123, group-3784CE077ECC, 1, (t:0, i:0))
2024-08-23 17:40:43,104 [grpc-default-executor-3] INFO  impl.VoteContext (VoteContext.java:log(49)) - ab598a91-1760-425c-863f-c9c0150b23d9@group-3784CE077ECC-FOLLOWER: accept ELECTION from 97398481-acd0-44c3-9c1f-2d1228ad6123: our priority 0 <= candidate's priority 1
2024-08-23 17:40:43,104 [grpc-default-executor-3] INFO  server.RaftServer$Division (RaftServerImpl.java:setRole(376)) - ab598a91-1760-425c-863f-c9c0150b23d9@group-3784CE077ECC: changes role from  FOLLOWER to FOLLOWER at term 1 for candidate:97398481-acd0-44c3-9c1f-2d1228ad6123
2024-08-23 17:40:43,104 [grpc-default-executor-3] INFO  impl.RoleInfo (RoleInfo.java:shutdownFollowerState(119)) - ab598a91-1760-425c-863f-c9c0150b23d9: shutdown ab598a91-1760-425c-863f-c9c0150b23d9@group-3784CE077ECC-FollowerState
2024-08-23 17:40:43,104 [grpc-default-executor-3] INFO  impl.RoleInfo (RoleInfo.java:updateAndGet(148)) - ab598a91-1760-425c-863f-c9c0150b23d9: start ab598a91-1760-425c-863f-c9c0150b23d9@group-3784CE077ECC-FollowerState
2024-08-23 17:40:43,104 [ab598a91-1760-425c-863f-c9c0150b23d9@group-3784CE077ECC-FollowerState] INFO  impl.FollowerState (FollowerState.java:run(153)) - ab598a91-1760-425c-863f-c9c0150b23d9@group-3784CE077ECC-FollowerState was interrupted
2024-08-23 17:40:43,105 [grpc-default-executor-1] INFO  server.RaftServer$Division (RaftServerImpl.java:requestVote(1449)) - 4c92e27b-ecd4-4d14-ba24-c9bbe0da28ff@group-3784CE077ECC replies to ELECTION vote request: 97398481-acd0-44c3-9c1f-2d1228ad6123<-4c92e27b-ecd4-4d14-ba24-c9bbe0da28ff#0:OK-t1. Peer's state: 4c92e27b-ecd4-4d14-ba24-c9bbe0da28ff@group-3784CE077ECC:t1, leader=null, voted=97398481-acd0-44c3-9c1f-2d1228ad6123, raftlog=Memoized:4c92e27b-ecd4-4d14-ba24-c9bbe0da28ff@group-3784CE077ECC-SegmentedRaftLog:OPENED:c-1:lastnull, conf=conf: {index: -1, cur=peers:[ab598a91-1760-425c-863f-c9c0150b23d9|127.0.0.1:15071, 4c92e27b-ecd4-4d14-ba24-c9bbe0da28ff|127.0.0.1:15089, 97398481-acd0-44c3-9c1f-2d1228ad6123|127.0.0.1:15080]|listeners:[], old=null}
2024-08-23 17:40:43,106 [97398481-acd0-44c3-9c1f-2d1228ad6123@group-3784CE077ECC-LeaderElection17] INFO  impl.LeaderElection (LeaderElection.java:logAndReturn(89)) - 97398481-acd0-44c3-9c1f-2d1228ad6123@group-3784CE077ECC-LeaderElection17: ELECTION PASSED received 1 response(s) and 0 exception(s):
2024-08-23 17:40:43,106 [97398481-acd0-44c3-9c1f-2d1228ad6123@group-3784CE077ECC-LeaderElection17] INFO  impl.LeaderElection (LeaderElection.java:logAndReturn(93)) -   Response 0: 97398481-acd0-44c3-9c1f-2d1228ad6123<-4c92e27b-ecd4-4d14-ba24-c9bbe0da28ff#0:OK-t1
2024-08-23 17:40:43,106 [97398481-acd0-44c3-9c1f-2d1228ad6123@group-3784CE077ECC-LeaderElection17] INFO  impl.LeaderElection (LeaderElection.java:askForVotes(323)) - 97398481-acd0-44c3-9c1f-2d1228ad6123@group-3784CE077ECC-LeaderElection17 ELECTION round 0: result PASSED
2024-08-23 17:40:43,106 [97398481-acd0-44c3-9c1f-2d1228ad6123@group-3784CE077ECC-LeaderElection17] INFO  impl.RoleInfo (RoleInfo.java:shutdownLeaderElection(139)) - 97398481-acd0-44c3-9c1f-2d1228ad6123: shutdown 97398481-acd0-44c3-9c1f-2d1228ad6123@group-3784CE077ECC-LeaderElection17
2024-08-23 17:40:43,106 [grpc-default-executor-3] INFO  server.RaftServer$Division (RaftServerImpl.java:requestVote(1449)) - ab598a91-1760-425c-863f-c9c0150b23d9@group-3784CE077ECC replies to ELECTION vote request: 97398481-acd0-44c3-9c1f-2d1228ad6123<-ab598a91-1760-425c-863f-c9c0150b23d9#0:OK-t1. Peer's state: ab598a91-1760-425c-863f-c9c0150b23d9@group-3784CE077ECC:t1, leader=null, voted=97398481-acd0-44c3-9c1f-2d1228ad6123, raftlog=Memoized:ab598a91-1760-425c-863f-c9c0150b23d9@group-3784CE077ECC-SegmentedRaftLog:OPENED:c-1:lastnull, conf=conf: {index: -1, cur=peers:[ab598a91-1760-425c-863f-c9c0150b23d9|127.0.0.1:15071, 4c92e27b-ecd4-4d14-ba24-c9bbe0da28ff|127.0.0.1:15089, 97398481-acd0-44c3-9c1f-2d1228ad6123|127.0.0.1:15080]|listeners:[], old=null}
2024-08-23 17:40:43,106 [97398481-acd0-44c3-9c1f-2d1228ad6123@group-3784CE077ECC-LeaderElection17] INFO  server.RaftServer$Division (RaftServerImpl.java:setRole(376)) - 97398481-acd0-44c3-9c1f-2d1228ad6123@group-3784CE077ECC: changes role from CANDIDATE to LEADER at term 1 for changeToLeader
2024-08-23 17:40:43,106 [97398481-acd0-44c3-9c1f-2d1228ad6123@group-3784CE077ECC-LeaderElection17] INFO  server.RaftServerConfigKeys (ConfUtils.java:logGet(46)) - raft.server.staging.catchup.gap = 1000 (default)
2024-08-23 17:40:43,106 [97398481-acd0-44c3-9c1f-2d1228ad6123@group-3784CE077ECC-LeaderElection17] INFO  server.RaftServerConfigKeys (ConfUtils.java:logGet(46)) - raft.server.write.element-limit = 1024 (custom)
2024-08-23 17:40:43,106 [97398481-acd0-44c3-9c1f-2d1228ad6123@group-3784CE077ECC-LeaderElection17] INFO  server.RaftServerConfigKeys (ConfUtils.java:logGet(46)) - raft.server.write.byte-limit = 1024 M (=1073741824) (custom)
2024-08-23 17:40:43,106 [97398481-acd0-44c3-9c1f-2d1228ad6123@group-3784CE077ECC-LeaderElection17] INFO  server.RaftServerConfigKeys (ConfUtils.java:logGet(46)) - raft.server.watch.timeout = 30s (custom)
2024-08-23 17:40:43,106 [97398481-acd0-44c3-9c1f-2d1228ad6123@group-3784CE077ECC-LeaderElection17] INFO  server.RaftServerConfigKeys (ConfUtils.java:logGet(46)) - raft.server.watch.timeout.denomination = 1s (default)
2024-08-23 17:40:43,107 [97398481-acd0-44c3-9c1f-2d1228ad6123@group-3784CE077ECC-LeaderElection17] INFO  server.RaftServerConfigKeys (ConfUtils.java:logGet(46)) - raft.server.watch.element-limit = 65536 (default)
2024-08-23 17:40:43,107 [97398481-acd0-44c3-9c1f-2d1228ad6123@group-3784CE077ECC-LeaderElection17] INFO  server.RaftServerConfigKeys (ConfUtils.java:logGet(46)) - raft.server.read.leader.lease.enabled = false (default)
2024-08-23 17:40:43,107 [97398481-acd0-44c3-9c1f-2d1228ad6123@group-3784CE077ECC-LeaderElection17] INFO  server.RaftServerConfigKeys (ConfUtils.java:logGet(46)) - raft.server.read.leader.lease.timeout.ratio = 0.9 (default)
2024-08-23 17:40:43,107 [97398481-acd0-44c3-9c1f-2d1228ad6123@group-3784CE077ECC-LeaderElection17] INFO  server.RaftServerConfigKeys (ConfUtils.java:logGet(46)) - raft.server.rpc.timeout.min = 5s (custom)
2024-08-23 17:40:43,107 [97398481-acd0-44c3-9c1f-2d1228ad6123@group-3784CE077ECC-LeaderElection17] INFO  server.RaftServerConfigKeys (ConfUtils.java:logGet(46)) - raft.server.log.log-metadata.enabled = true (default)
2024-08-23 17:40:43,107 [97398481-acd0-44c3-9c1f-2d1228ad6123@group-3784CE077ECC-LeaderElection17] INFO  server.RaftServerConfigKeys (ConfUtils.java:logGet(46)) - raft.server.write.element-limit = 1024 (custom)
2024-08-23 17:40:43,107 [97398481-acd0-44c3-9c1f-2d1228ad6123@group-3784CE077ECC-LeaderElection17] INFO  server.RaftServerConfigKeys (ConfUtils.java:logGet(46)) - raft.server.write.follower.gap.ratio.max = -1.0 (default)
2024-08-23 17:40:43,108 [97398481-acd0-44c3-9c1f-2d1228ad6123@group-3784CE077ECC-LeaderElection17] INFO  server.RaftServerConfigKeys (ConfUtils.java:logGet(46)) - raft.server.log.appender.snapshot.chunk.size.max = 16MB (=16777216) (default)
2024-08-23 17:40:43,108 [97398481-acd0-44c3-9c1f-2d1228ad6123@group-3784CE077ECC-LeaderElection17] INFO  server.RaftServerConfigKeys (ConfUtils.java:logGet(46)) - raft.server.log.appender.buffer.byte-limit = 8388608 (custom)
2024-08-23 17:40:43,108 [97398481-acd0-44c3-9c1f-2d1228ad6123@group-3784CE077ECC-LeaderElection17] INFO  server.RaftServerConfigKeys (ConfUtils.java:logGet(46)) - raft.server.log.appender.buffer.element-limit = 1024 (custom)
2024-08-23 17:40:43,108 [97398481-acd0-44c3-9c1f-2d1228ad6123@group-3784CE077ECC-LeaderElection17] INFO  server.RaftServerConfigKeys (ConfUtils.java:logGet(46)) - raft.server.log.appender.wait-time.min = 0μs (custom)
2024-08-23 17:40:43,108 [97398481-acd0-44c3-9c1f-2d1228ad6123@group-3784CE077ECC-LeaderElection17] INFO  grpc.GrpcConfigKeys (ConfUtils.java:logGet(46)) - raft.grpc.server.leader.outstanding.appends.max = 8 (default)
2024-08-23 17:40:43,108 [97398481-acd0-44c3-9c1f-2d1228ad6123@group-3784CE077ECC-LeaderElection17] INFO  server.RaftServerConfigKeys (ConfUtils.java:logGet(46)) - raft.server.rpc.request.timeout = 60s (custom)
2024-08-23 17:40:43,108 [97398481-acd0-44c3-9c1f-2d1228ad6123@group-3784CE077ECC-LeaderElection17] INFO  grpc.GrpcConfigKeys (ConfUtils.java:logGet(46)) - raft.grpc.server.install_snapshot.request.element-limit = 8 (default)
2024-08-23 17:40:43,108 [97398481-acd0-44c3-9c1f-2d1228ad6123@group-3784CE077ECC-LeaderElection17] INFO  grpc.GrpcConfigKeys (ConfUtils.java:logGet(46)) - raft.grpc.server.install_snapshot.request.timeout = 3000ms (default)
2024-08-23 17:40:43,108 [97398481-acd0-44c3-9c1f-2d1228ad6123@group-3784CE077ECC-LeaderElection17] INFO  grpc.GrpcConfigKeys (ConfUtils.java:logGet(46)) - raft.grpc.server.log-message.batch.duration = 5s (default)
2024-08-23 17:40:43,108 [97398481-acd0-44c3-9c1f-2d1228ad6123@group-3784CE077ECC-LeaderElection17] INFO  server.RaftServerConfigKeys (ConfUtils.java:logGet(46)) - raft.server.log.appender.install.snapshot.enabled = false (custom)
2024-08-23 17:40:43,108 [97398481-acd0-44c3-9c1f-2d1228ad6123@group-3784CE077ECC-LeaderElection17] INFO  grpc.GrpcConfigKeys (ConfUtils.java:logGet(46)) - raft.grpc.server.heartbeat.channel = true (default)
2024-08-23 17:40:43,109 [97398481-acd0-44c3-9c1f-2d1228ad6123@group-3784CE077ECC-LeaderElection17] INFO  server.RaftServerConfigKeys (ConfUtils.java:logGet(46)) - raft.server.log.appender.snapshot.chunk.size.max = 16MB (=16777216) (default)
2024-08-23 17:40:43,109 [97398481-acd0-44c3-9c1f-2d1228ad6123@group-3784CE077ECC-LeaderElection17] INFO  server.RaftServerConfigKeys (ConfUtils.java:logGet(46)) - raft.server.log.appender.buffer.byte-limit = 8388608 (custom)
2024-08-23 17:40:43,109 [97398481-acd0-44c3-9c1f-2d1228ad6123@group-3784CE077ECC-LeaderElection17] INFO  server.RaftServerConfigKeys (ConfUtils.java:logGet(46)) - raft.server.log.appender.buffer.element-limit = 1024 (custom)
2024-08-23 17:40:43,109 [97398481-acd0-44c3-9c1f-2d1228ad6123@group-3784CE077ECC-LeaderElection17] INFO  server.RaftServerConfigKeys (ConfUtils.java:logGet(46)) - raft.server.log.appender.wait-time.min = 0μs (custom)
2024-08-23 17:40:43,109 [97398481-acd0-44c3-9c1f-2d1228ad6123@group-3784CE077ECC-LeaderElection17] INFO  grpc.GrpcConfigKeys (ConfUtils.java:logGet(46)) - raft.grpc.server.leader.outstanding.appends.max = 8 (default)
2024-08-23 17:40:43,109 [97398481-acd0-44c3-9c1f-2d1228ad6123@group-3784CE077ECC-LeaderElection17] INFO  server.RaftServerConfigKeys (ConfUtils.java:logGet(46)) - raft.server.rpc.request.timeout = 60s (custom)
2024-08-23 17:40:43,109 [97398481-acd0-44c3-9c1f-2d1228ad6123@group-3784CE077ECC-LeaderElection17] INFO  grpc.GrpcConfigKeys (ConfUtils.java:logGet(46)) - raft.grpc.server.install_snapshot.request.element-limit = 8 (default)
2024-08-23 17:40:43,110 [97398481-acd0-44c3-9c1f-2d1228ad6123@group-3784CE077ECC-LeaderElection17] INFO  grpc.GrpcConfigKeys (ConfUtils.java:logGet(46)) - raft.grpc.server.install_snapshot.request.timeout = 3000ms (default)
2024-08-23 17:40:43,110 [97398481-acd0-44c3-9c1f-2d1228ad6123@group-3784CE077ECC-LeaderElection17] INFO  grpc.GrpcConfigKeys (ConfUtils.java:logGet(46)) - raft.grpc.server.log-message.batch.duration = 5s (default)
2024-08-23 17:40:43,110 [97398481-acd0-44c3-9c1f-2d1228ad6123@group-3784CE077ECC-LeaderElection17] INFO  server.RaftServerConfigKeys (ConfUtils.java:logGet(46)) - raft.server.log.appender.install.snapshot.enabled = false (custom)
2024-08-23 17:40:43,110 [97398481-acd0-44c3-9c1f-2d1228ad6123@group-3784CE077ECC-LeaderElection17] INFO  grpc.GrpcConfigKeys (ConfUtils.java:logGet(46)) - raft.grpc.server.heartbeat.channel = true (default)
2024-08-23 17:40:43,110 [97398481-acd0-44c3-9c1f-2d1228ad6123@group-3784CE077ECC-LeaderElection17] INFO  impl.RoleInfo (RoleInfo.java:updateAndGet(148)) - 97398481-acd0-44c3-9c1f-2d1228ad6123: start 97398481-acd0-44c3-9c1f-2d1228ad6123@group-3784CE077ECC-LeaderStateImpl
2024-08-23 17:40:43,110 [97398481-acd0-44c3-9c1f-2d1228ad6123@group-3784CE077ECC-LeaderElection17] INFO  server.RaftServer$Division (RaftServerImpl.java:setFirstElection(549)) - 97398481-acd0-44c3-9c1f-2d1228ad6123@group-3784CE077ECC: set firstElectionSinceStartup to false for becomeLeader
2024-08-23 17:40:43,110 [97398481-acd0-44c3-9c1f-2d1228ad6123@group-3784CE077ECC-LeaderElection17] INFO  ratis.XceiverServerRatis (XceiverServerRatis.java:handleLeaderChangedNotification(950)) - Leader change notification received for group: group-3784CE077ECC with new leaderId: 97398481-acd0-44c3-9c1f-2d1228ad6123
2024-08-23 17:40:43,111 [97398481-acd0-44c3-9c1f-2d1228ad6123@group-3784CE077ECC-LeaderElection17] INFO  server.RaftServer$Division (ServerState.java:setLeader(272)) - 97398481-acd0-44c3-9c1f-2d1228ad6123@group-3784CE077ECC: change Leader from null to 97398481-acd0-44c3-9c1f-2d1228ad6123 at term 1 for becomeLeader, leader elected after 5138ms
2024-08-23 17:40:43,111 [97398481-acd0-44c3-9c1f-2d1228ad6123@group-3784CE077ECC-LeaderElection17] INFO  segmented.SegmentedRaftLogWorker (SegmentedRaftLogWorker.java:startLogSegment(433)) - 97398481-acd0-44c3-9c1f-2d1228ad6123@group-3784CE077ECC-SegmentedRaftLogWorker: Starting segment from index:0
2024-08-23 17:40:43,111 [97398481-acd0-44c3-9c1f-2d1228ad6123@group-3784CE077ECC-SegmentedRaftLogWorker] INFO  segmented.BufferedWriteChannel (BufferedWriteChannel.java:open(61)) - open log_inprogress_0 at position 0
2024-08-23 17:40:43,114 [scmNode-1-EventQueue-PipelineReportForPipelineReportHandler] INFO  pipeline.PipelineReportHandler (PipelineReportHandler.java:processPipelineReport(136)) - Opened pipeline PipelineID=aa54c26e-dc3d-466a-8ec7-3784ce077ecc
2024-08-23 17:40:43,117 [97398481-acd0-44c3-9c1f-2d1228ad6123@group-3784CE077ECC-LeaderElection17] INFO  server.RaftServer$Division (ServerState.java:setRaftConf(386)) - 97398481-acd0-44c3-9c1f-2d1228ad6123@group-3784CE077ECC: set configuration conf: {index: 0, cur=peers:[ab598a91-1760-425c-863f-c9c0150b23d9|127.0.0.1:15071, 4c92e27b-ecd4-4d14-ba24-c9bbe0da28ff|127.0.0.1:15089, 97398481-acd0-44c3-9c1f-2d1228ad6123|127.0.0.1:15080]|listeners:[], old=null}
2024-08-23 17:40:43,122 [97398481-acd0-44c3-9c1f-2d1228ad6123@group-3784CE077ECC-SegmentedRaftLogWorker] INFO  segmented.SegmentedRaftLogWorker (SegmentedRaftLogWorker.java:execute(637)) - 97398481-acd0-44c3-9c1f-2d1228ad6123@group-3784CE077ECC-SegmentedRaftLogWorker: created new log segment /home/runner/work/ozone/ozone/hadoop-ozone/integration-test/target/test-dir/MiniOzoneClusterImpl-79f21b30-aaf8-43fb-84ca-e7a29640eabd/ozone-meta/datanode-2/ratis/aa54c26e-dc3d-466a-8ec7-3784ce077ecc/current/log_inprogress_0
2024-08-23 17:40:43,134 [ab598a91-1760-425c-863f-c9c0150b23d9-server-thread1] INFO  ratis.XceiverServerRatis (XceiverServerRatis.java:handleLeaderChangedNotification(950)) - Leader change notification received for group: group-3784CE077ECC with new leaderId: 97398481-acd0-44c3-9c1f-2d1228ad6123
2024-08-23 17:40:43,135 [ab598a91-1760-425c-863f-c9c0150b23d9-server-thread1] INFO  server.RaftServer$Division (ServerState.java:setLeader(272)) - ab598a91-1760-425c-863f-c9c0150b23d9@group-3784CE077ECC: change Leader from null to 97398481-acd0-44c3-9c1f-2d1228ad6123 at term 1 for appendEntries, leader elected after 5186ms
2024-08-23 17:40:43,138 [4c92e27b-ecd4-4d14-ba24-c9bbe0da28ff-server-thread1] INFO  ratis.XceiverServerRatis (XceiverServerRatis.java:handleLeaderChangedNotification(950)) - Leader change notification received for group: group-3784CE077ECC with new leaderId: 97398481-acd0-44c3-9c1f-2d1228ad6123
2024-08-23 17:40:43,138 [4c92e27b-ecd4-4d14-ba24-c9bbe0da28ff-server-thread1] INFO  server.RaftServer$Division (ServerState.java:setLeader(272)) - 4c92e27b-ecd4-4d14-ba24-c9bbe0da28ff@group-3784CE077ECC: change Leader from null to 97398481-acd0-44c3-9c1f-2d1228ad6123 at term 1 for appendEntries, leader elected after 5117ms
2024-08-23 17:40:43,139 [ab598a91-1760-425c-863f-c9c0150b23d9-server-thread2] INFO  server.RaftServer$Division (ServerState.java:setRaftConf(386)) - ab598a91-1760-425c-863f-c9c0150b23d9@group-3784CE077ECC: set configuration conf: {index: 0, cur=peers:[ab598a91-1760-425c-863f-c9c0150b23d9|127.0.0.1:15071, 4c92e27b-ecd4-4d14-ba24-c9bbe0da28ff|127.0.0.1:15089, 97398481-acd0-44c3-9c1f-2d1228ad6123|127.0.0.1:15080]|listeners:[], old=null}
2024-08-23 17:40:43,139 [ab598a91-1760-425c-863f-c9c0150b23d9-server-thread2] INFO  segmented.SegmentedRaftLogWorker (SegmentedRaftLogWorker.java:startLogSegment(433)) - ab598a91-1760-425c-863f-c9c0150b23d9@group-3784CE077ECC-SegmentedRaftLogWorker: Starting segment from index:0
2024-08-23 17:40:43,140 [ab598a91-1760-425c-863f-c9c0150b23d9@group-3784CE077ECC-SegmentedRaftLogWorker] INFO  segmented.BufferedWriteChannel (BufferedWriteChannel.java:open(61)) - open log_inprogress_0 at position 0
2024-08-23 17:40:43,147 [4c92e27b-ecd4-4d14-ba24-c9bbe0da28ff-server-thread2] INFO  server.RaftServer$Division (ServerState.java:setRaftConf(386)) - 4c92e27b-ecd4-4d14-ba24-c9bbe0da28ff@group-3784CE077ECC: set configuration conf: {index: 0, cur=peers:[ab598a91-1760-425c-863f-c9c0150b23d9|127.0.0.1:15071, 4c92e27b-ecd4-4d14-ba24-c9bbe0da28ff|127.0.0.1:15089, 97398481-acd0-44c3-9c1f-2d1228ad6123|127.0.0.1:15080]|listeners:[], old=null}
2024-08-23 17:40:43,147 [4c92e27b-ecd4-4d14-ba24-c9bbe0da28ff-server-thread2] INFO  segmented.SegmentedRaftLogWorker (SegmentedRaftLogWorker.java:startLogSegment(433)) - 4c92e27b-ecd4-4d14-ba24-c9bbe0da28ff@group-3784CE077ECC-SegmentedRaftLogWorker: Starting segment from index:0
2024-08-23 17:40:43,148 [4c92e27b-ecd4-4d14-ba24-c9bbe0da28ff@group-3784CE077ECC-SegmentedRaftLogWorker] INFO  segmented.BufferedWriteChannel (BufferedWriteChannel.java:open(61)) - open log_inprogress_0 at position 0
2024-08-23 17:40:43,150 [ab598a91-1760-425c-863f-c9c0150b23d9@group-3784CE077ECC-SegmentedRaftLogWorker] INFO  segmented.SegmentedRaftLogWorker (SegmentedRaftLogWorker.java:execute(637)) - ab598a91-1760-425c-863f-c9c0150b23d9@group-3784CE077ECC-SegmentedRaftLogWorker: created new log segment /home/runner/work/ozone/ozone/hadoop-ozone/integration-test/target/test-dir/MiniOzoneClusterImpl-79f21b30-aaf8-43fb-84ca-e7a29640eabd/ozone-meta/datanode-1/ratis/aa54c26e-dc3d-466a-8ec7-3784ce077ecc/current/log_inprogress_0
2024-08-23 17:40:43,159 [97398481-acd0-44c3-9c1f-2d1228ad6123@group-3784CE077ECC-StateMachineUpdater] INFO  server.RaftServer$Division (LeaderStateImpl.java:checkStartIndex(316)) - Leader 97398481-acd0-44c3-9c1f-2d1228ad6123@group-3784CE077ECC-LeaderStateImpl is ready since appliedIndex == startIndex == 0
2024-08-23 17:40:43,159 [4c92e27b-ecd4-4d14-ba24-c9bbe0da28ff@group-3784CE077ECC-SegmentedRaftLogWorker] INFO  segmented.SegmentedRaftLogWorker (SegmentedRaftLogWorker.java:execute(637)) - 4c92e27b-ecd4-4d14-ba24-c9bbe0da28ff@group-3784CE077ECC-SegmentedRaftLogWorker: created new log segment /home/runner/work/ozone/ozone/hadoop-ozone/integration-test/target/test-dir/MiniOzoneClusterImpl-79f21b30-aaf8-43fb-84ca-e7a29640eabd/ozone-meta/datanode-3/ratis/aa54c26e-dc3d-466a-8ec7-3784ce077ecc/current/log_inprogress_0
2024-08-23 17:40:43,364 [97398481-acd0-44c3-9c1f-2d1228ad6123@group-B0D1DD2FC95C-FollowerState] INFO  impl.FollowerState (FollowerState.java:run(144)) - 97398481-acd0-44c3-9c1f-2d1228ad6123@group-B0D1DD2FC95C-FollowerState: change to CANDIDATE, lastRpcElapsedTime:5190606452ns, electionTimeout:5188ms
2024-08-23 17:40:43,365 [97398481-acd0-44c3-9c1f-2d1228ad6123@group-B0D1DD2FC95C-FollowerState] INFO  impl.RoleInfo (RoleInfo.java:shutdownFollowerState(119)) - 97398481-acd0-44c3-9c1f-2d1228ad6123: shutdown 97398481-acd0-44c3-9c1f-2d1228ad6123@group-B0D1DD2FC95C-FollowerState
2024-08-23 17:40:43,365 [97398481-acd0-44c3-9c1f-2d1228ad6123@group-B0D1DD2FC95C-FollowerState] INFO  server.RaftServer$Division (RaftServerImpl.java:setRole(376)) - 97398481-acd0-44c3-9c1f-2d1228ad6123@group-B0D1DD2FC95C: changes role from  FOLLOWER to CANDIDATE at term 0 for changeToCandidate
2024-08-23 17:40:43,365 [97398481-acd0-44c3-9c1f-2d1228ad6123@group-B0D1DD2FC95C-FollowerState] INFO  server.RaftServerConfigKeys (ConfUtils.java:logGet(46)) - raft.server.leaderelection.pre-vote = true (default)
2024-08-23 17:40:43,365 [97398481-acd0-44c3-9c1f-2d1228ad6123@group-B0D1DD2FC95C-FollowerState] INFO  impl.RoleInfo (RoleInfo.java:updateAndGet(148)) - 97398481-acd0-44c3-9c1f-2d1228ad6123: start 97398481-acd0-44c3-9c1f-2d1228ad6123@group-B0D1DD2FC95C-LeaderElection18
2024-08-23 17:40:43,365 [97398481-acd0-44c3-9c1f-2d1228ad6123@group-B0D1DD2FC95C-LeaderElection18] INFO  impl.LeaderElection (LeaderElection.java:askForVotes(321)) - 97398481-acd0-44c3-9c1f-2d1228ad6123@group-B0D1DD2FC95C-LeaderElection18 PRE_VOTE round 0: submit vote requests at term 0 for conf: {index: -1, cur=peers:[97398481-acd0-44c3-9c1f-2d1228ad6123|127.0.0.1:15080]|listeners:[], old=null}
2024-08-23 17:40:43,365 [97398481-acd0-44c3-9c1f-2d1228ad6123@group-B0D1DD2FC95C-LeaderElection18] INFO  impl.LeaderElection (LeaderElection.java:askForVotes(323)) - 97398481-acd0-44c3-9c1f-2d1228ad6123@group-B0D1DD2FC95C-LeaderElection18 PRE_VOTE round 0: result PASSED (term=0)
2024-08-23 17:40:43,367 [97398481-acd0-44c3-9c1f-2d1228ad6123@group-B0D1DD2FC95C-LeaderElection18] INFO  impl.LeaderElection (LeaderElection.java:askForVotes(321)) - 97398481-acd0-44c3-9c1f-2d1228ad6123@group-B0D1DD2FC95C-LeaderElection18 ELECTION round 0: submit vote requests at term 1 for conf: {index: -1, cur=peers:[97398481-acd0-44c3-9c1f-2d1228ad6123|127.0.0.1:15080]|listeners:[], old=null}
2024-08-23 17:40:43,367 [97398481-acd0-44c3-9c1f-2d1228ad6123@group-B0D1DD2FC95C-LeaderElection18] INFO  impl.LeaderElection (LeaderElection.java:askForVotes(323)) - 97398481-acd0-44c3-9c1f-2d1228ad6123@group-B0D1DD2FC95C-LeaderElection18 ELECTION round 0: result PASSED (term=1)
2024-08-23 17:40:43,367 [97398481-acd0-44c3-9c1f-2d1228ad6123@group-B0D1DD2FC95C-LeaderElection18] INFO  impl.RoleInfo (RoleInfo.java:shutdownLeaderElection(139)) - 97398481-acd0-44c3-9c1f-2d1228ad6123: shutdown 97398481-acd0-44c3-9c1f-2d1228ad6123@group-B0D1DD2FC95C-LeaderElection18
2024-08-23 17:40:43,367 [97398481-acd0-44c3-9c1f-2d1228ad6123@group-B0D1DD2FC95C-LeaderElection18] INFO  server.RaftServer$Division (RaftServerImpl.java:setRole(376)) - 97398481-acd0-44c3-9c1f-2d1228ad6123@group-B0D1DD2FC95C: changes role from CANDIDATE to LEADER at term 1 for changeToLeader
2024-08-23 17:40:43,367 [97398481-acd0-44c3-9c1f-2d1228ad6123@group-B0D1DD2FC95C-LeaderElection18] INFO  server.RaftServerConfigKeys (ConfUtils.java:logGet(46)) - raft.server.staging.catchup.gap = 1000 (default)
2024-08-23 17:40:43,367 [97398481-acd0-44c3-9c1f-2d1228ad6123@group-B0D1DD2FC95C-LeaderElection18] INFO  server.RaftServerConfigKeys (ConfUtils.java:logGet(46)) - raft.server.write.element-limit = 1024 (custom)
2024-08-23 17:40:43,367 [97398481-acd0-44c3-9c1f-2d1228ad6123@group-B0D1DD2FC95C-LeaderElection18] INFO  server.RaftServerConfigKeys (ConfUtils.java:logGet(46)) - raft.server.write.byte-limit = 1024 M (=1073741824) (custom)
2024-08-23 17:40:43,367 [97398481-acd0-44c3-9c1f-2d1228ad6123@group-B0D1DD2FC95C-LeaderElection18] INFO  server.RaftServerConfigKeys (ConfUtils.java:logGet(46)) - raft.server.watch.timeout = 30s (custom)
2024-08-23 17:40:43,367 [97398481-acd0-44c3-9c1f-2d1228ad6123@group-B0D1DD2FC95C-LeaderElection18] INFO  server.RaftServerConfigKeys (ConfUtils.java:logGet(46)) - raft.server.watch.timeout.denomination = 1s (default)
2024-08-23 17:40:43,367 [97398481-acd0-44c3-9c1f-2d1228ad6123@group-B0D1DD2FC95C-LeaderElection18] INFO  server.RaftServerConfigKeys (ConfUtils.java:logGet(46)) - raft.server.watch.element-limit = 65536 (default)
2024-08-23 17:40:43,368 [97398481-acd0-44c3-9c1f-2d1228ad6123@group-B0D1DD2FC95C-LeaderElection18] INFO  server.RaftServerConfigKeys (ConfUtils.java:logGet(46)) - raft.server.read.leader.lease.enabled = false (default)
2024-08-23 17:40:43,368 [97398481-acd0-44c3-9c1f-2d1228ad6123@group-B0D1DD2FC95C-LeaderElection18] INFO  server.RaftServerConfigKeys (ConfUtils.java:logGet(46)) - raft.server.read.leader.lease.timeout.ratio = 0.9 (default)
2024-08-23 17:40:43,368 [97398481-acd0-44c3-9c1f-2d1228ad6123@group-B0D1DD2FC95C-LeaderElection18] INFO  server.RaftServerConfigKeys (ConfUtils.java:logGet(46)) - raft.server.rpc.timeout.min = 5s (custom)
2024-08-23 17:40:43,368 [97398481-acd0-44c3-9c1f-2d1228ad6123@group-B0D1DD2FC95C-LeaderElection18] INFO  server.RaftServerConfigKeys (ConfUtils.java:logGet(46)) - raft.server.log.log-metadata.enabled = true (default)
2024-08-23 17:40:43,368 [97398481-acd0-44c3-9c1f-2d1228ad6123@group-B0D1DD2FC95C-LeaderElection18] INFO  server.RaftServerConfigKeys (ConfUtils.java:logGet(46)) - raft.server.write.element-limit = 1024 (custom)
2024-08-23 17:40:43,368 [97398481-acd0-44c3-9c1f-2d1228ad6123@group-B0D1DD2FC95C-LeaderElection18] INFO  server.RaftServerConfigKeys (ConfUtils.java:logGet(46)) - raft.server.write.follower.gap.ratio.max = -1.0 (default)
2024-08-23 17:40:43,368 [97398481-acd0-44c3-9c1f-2d1228ad6123@group-B0D1DD2FC95C-LeaderElection18] INFO  impl.RoleInfo (RoleInfo.java:updateAndGet(148)) - 97398481-acd0-44c3-9c1f-2d1228ad6123: start 97398481-acd0-44c3-9c1f-2d1228ad6123@group-B0D1DD2FC95C-LeaderStateImpl
2024-08-23 17:40:43,368 [97398481-acd0-44c3-9c1f-2d1228ad6123@group-B0D1DD2FC95C-LeaderElection18] INFO  server.RaftServer$Division (RaftServerImpl.java:setFirstElection(549)) - 97398481-acd0-44c3-9c1f-2d1228ad6123@group-B0D1DD2FC95C: set firstElectionSinceStartup to false for becomeLeader
2024-08-23 17:40:43,368 [97398481-acd0-44c3-9c1f-2d1228ad6123@group-B0D1DD2FC95C-LeaderElection18] INFO  ratis.XceiverServerRatis (XceiverServerRatis.java:handleLeaderChangedNotification(950)) - Leader change notification received for group: group-B0D1DD2FC95C with new leaderId: 97398481-acd0-44c3-9c1f-2d1228ad6123
2024-08-23 17:40:43,380 [97398481-acd0-44c3-9c1f-2d1228ad6123@group-B0D1DD2FC95C-LeaderElection18] INFO  server.RaftServer$Division (ServerState.java:setLeader(272)) - 97398481-acd0-44c3-9c1f-2d1228ad6123@group-B0D1DD2FC95C: change Leader from null to 97398481-acd0-44c3-9c1f-2d1228ad6123 at term 1 for becomeLeader, leader elected after 5208ms
2024-08-23 17:40:43,380 [97398481-acd0-44c3-9c1f-2d1228ad6123@group-B0D1DD2FC95C-LeaderElection18] INFO  segmented.SegmentedRaftLogWorker (SegmentedRaftLogWorker.java:startLogSegment(433)) - 97398481-acd0-44c3-9c1f-2d1228ad6123@group-B0D1DD2FC95C-SegmentedRaftLogWorker: Starting segment from index:0
2024-08-23 17:40:43,380 [97398481-acd0-44c3-9c1f-2d1228ad6123@group-B0D1DD2FC95C-SegmentedRaftLogWorker] INFO  segmented.BufferedWriteChannel (BufferedWriteChannel.java:open(61)) - open log_inprogress_0 at position 0
2024-08-23 17:40:43,383 [97398481-acd0-44c3-9c1f-2d1228ad6123@group-B0D1DD2FC95C-LeaderElection18] INFO  server.RaftServer$Division (ServerState.java:setRaftConf(386)) - 97398481-acd0-44c3-9c1f-2d1228ad6123@group-B0D1DD2FC95C: set configuration conf: {index: 0, cur=peers:[97398481-acd0-44c3-9c1f-2d1228ad6123|127.0.0.1:15080]|listeners:[], old=null}
2024-08-23 17:40:43,391 [97398481-acd0-44c3-9c1f-2d1228ad6123@group-B0D1DD2FC95C-SegmentedRaftLogWorker] INFO  segmented.SegmentedRaftLogWorker (SegmentedRaftLogWorker.java:execute(637)) - 97398481-acd0-44c3-9c1f-2d1228ad6123@group-B0D1DD2FC95C-SegmentedRaftLogWorker: created new log segment /home/runner/work/ozone/ozone/hadoop-ozone/integration-test/target/test-dir/MiniOzoneClusterImpl-79f21b30-aaf8-43fb-84ca-e7a29640eabd/ozone-meta/datanode-2/ratis/289afc9d-6f61-4593-ba54-b0d1dd2fc95c/current/log_inprogress_0
2024-08-23 17:40:43,393 [97398481-acd0-44c3-9c1f-2d1228ad6123@group-B0D1DD2FC95C-StateMachineUpdater] INFO  server.RaftServer$Division (LeaderStateImpl.java:checkStartIndex(316)) - Leader 97398481-acd0-44c3-9c1f-2d1228ad6123@group-B0D1DD2FC95C-LeaderStateImpl is ready since appliedIndex == startIndex == 0
2024-08-23 17:40:43,404 [main] INFO  ozone.MiniOzoneClusterImpl (MiniOzoneClusterImpl.java:lambda$waitForClusterToBeReady$0(198)) - Nodes are ready. Got 3 of 3 DN Heartbeats.
2024-08-23 17:40:43,404 [main] INFO  ozone.MiniOzoneClusterImpl (MiniOzoneClusterImpl.java:lambda$waitForClusterToBeReady$0(201)) - Cluster exits safe mode
2024-08-23 17:40:43,404 [main] INFO  ozone.MiniOzoneClusterImpl (MiniOzoneClusterImpl.java:lambda$waitForClusterToBeReady$0(203)) - SCM became leader
2024-08-23 17:40:43,407 [IPC Server handler 0 on default port 15063] INFO  ha.SCMNodeInfo (SCMNodeInfo.java:getPort(197)) - ConfigKey ozone.scm.client.address is deprecated, For configuring different ports for each SCM use PortConfigKey ozone.scm.client.port appended with serviceId and nodeId
2024-08-23 17:40:43,407 [IPC Server handler 0 on default port 15063] INFO  ha.SCMNodeInfo (SCMNodeInfo.java:getPort(197)) - ConfigKey ozone.scm.block.client.address is deprecated, For configuring different ports for each SCM use PortConfigKey ozone.scm.block.client.port appended with serviceId and nodeId
2024-08-23 17:40:43,407 [IPC Server handler 0 on default port 15063] INFO  ha.SCMNodeInfo (SCMNodeInfo.java:getPort(197)) - ConfigKey ozone.scm.security.service.address is deprecated, For configuring different ports for each SCM use PortConfigKey ozone.scm.security.service.port appended with serviceId and nodeId
2024-08-23 17:40:43,407 [IPC Server handler 0 on default port 15063] INFO  ha.SCMNodeInfo (SCMNodeInfo.java:getPort(197)) - ConfigKey ozone.scm.datanode.address is deprecated, For configuring different ports for each SCM use PortConfigKey ozone.scm.datanode.port appended with serviceId and nodeId
2024-08-23 17:40:43,409 [main] INFO  rpc.RpcClient (RpcClient.java:createVolume(486)) - Creating Volume: volume16581, with runner as owner and space quota set to -1 bytes, counts quota set to -1
2024-08-23 17:40:43,412 [omNode-1-OMStateMachineApplyTransactionThread - 0] INFO  volume.OMVolumeCreateRequest (OMVolumeCreateRequest.java:validateAndUpdateCache(198)) - created volume:volume16581 for user:runner
2024-08-23 17:40:43,414 [main] INFO  rpc.RpcClient (RpcClient.java:createBucket(712)) - Creating Bucket: volume16581/bucket06880, with server-side default bucket layout, runner as owner, Versioning false, Storage Type set to DISK and Encryption set to false, Replication Type set to server-side default replication type, Namespace Quota set to -1, Space Quota set to -1 
2024-08-23 17:40:43,416 [omNode-1-OMStateMachineApplyTransactionThread - 0] INFO  bucket.OMBucketCreateRequest (OMBucketCreateRequest.java:validateAndUpdateCache(293)) - created bucket: bucket06880 of layout FILE_SYSTEM_OPTIMIZED in volume: volume16581
2024-08-23 17:40:43,423 [IPC Server handler 5 on default port 15058] INFO  ha.SequenceIdGenerator (SequenceIdGenerator.java:getNextId(144)) - Allocate a batch for containerId, change lastId from 0 to 1000.
2024-08-23 17:40:43,425 [f4d24886-16e8-42a6-a606-6b9205f6426d@group-E7A29640EABD-StateMachineUpdater] WARN  ha.SequenceIdGenerator (SequenceIdGenerator.java:allocateBatch(257)) - Failed to allocate a batch for localId, expected lastId is 0, actual lastId is 113750153625600000.
2024-08-23 17:40:43,426 [IPC Server handler 5 on default port 15058] INFO  ha.SequenceIdGenerator (SequenceIdGenerator.java:getNextId(144)) - Allocate a batch for localId, change lastId from 113750153625600000 to 113750153625601000.
2024-08-23 17:40:43,429 [4c92e27b-ecd4-4d14-ba24-c9bbe0da28ff@group-4F5CF625C0F0-FollowerState] INFO  impl.FollowerState (FollowerState.java:run(144)) - 4c92e27b-ecd4-4d14-ba24-c9bbe0da28ff@group-4F5CF625C0F0-FollowerState: change to CANDIDATE, lastRpcElapsedTime:5010690047ns, electionTimeout:5009ms
2024-08-23 17:40:43,429 [4c92e27b-ecd4-4d14-ba24-c9bbe0da28ff@group-4F5CF625C0F0-FollowerState] INFO  impl.RoleInfo (RoleInfo.java:shutdownFollowerState(119)) - 4c92e27b-ecd4-4d14-ba24-c9bbe0da28ff: shutdown 4c92e27b-ecd4-4d14-ba24-c9bbe0da28ff@group-4F5CF625C0F0-FollowerState
2024-08-23 17:40:43,429 [4c92e27b-ecd4-4d14-ba24-c9bbe0da28ff@group-4F5CF625C0F0-FollowerState] INFO  server.RaftServer$Division (RaftServerImpl.java:setRole(376)) - 4c92e27b-ecd4-4d14-ba24-c9bbe0da28ff@group-4F5CF625C0F0: changes role from  FOLLOWER to CANDIDATE at term 0 for changeToCandidate
2024-08-23 17:40:43,429 [4c92e27b-ecd4-4d14-ba24-c9bbe0da28ff@group-4F5CF625C0F0-FollowerState] INFO  server.RaftServerConfigKeys (ConfUtils.java:logGet(46)) - raft.server.leaderelection.pre-vote = true (default)
2024-08-23 17:40:43,429 [4c92e27b-ecd4-4d14-ba24-c9bbe0da28ff@group-4F5CF625C0F0-FollowerState] INFO  impl.RoleInfo (RoleInfo.java:updateAndGet(148)) - 4c92e27b-ecd4-4d14-ba24-c9bbe0da28ff: start 4c92e27b-ecd4-4d14-ba24-c9bbe0da28ff@group-4F5CF625C0F0-LeaderElection19
2024-08-23 17:40:43,430 [4c92e27b-ecd4-4d14-ba24-c9bbe0da28ff@group-4F5CF625C0F0-LeaderElection19] INFO  impl.LeaderElection (LeaderElection.java:askForVotes(321)) - 4c92e27b-ecd4-4d14-ba24-c9bbe0da28ff@group-4F5CF625C0F0-LeaderElection19 PRE_VOTE round 0: submit vote requests at term 0 for conf: {index: -1, cur=peers:[4c92e27b-ecd4-4d14-ba24-c9bbe0da28ff|127.0.0.1:15089]|listeners:[], old=null}
2024-08-23 17:40:43,430 [4c92e27b-ecd4-4d14-ba24-c9bbe0da28ff@group-4F5CF625C0F0-LeaderElection19] INFO  impl.LeaderElection (LeaderElection.java:askForVotes(323)) - 4c92e27b-ecd4-4d14-ba24-c9bbe0da28ff@group-4F5CF625C0F0-LeaderElection19 PRE_VOTE round 0: result PASSED (term=0)
2024-08-23 17:40:43,431 [main] INFO  io.KeyOutputStreamSemaphore (KeyOutputStreamSemaphore.java:<init>(35)) - Initializing semaphore with maxConcurrentWritePerKey = 1
2024-08-23 17:40:43,431 [4c92e27b-ecd4-4d14-ba24-c9bbe0da28ff@group-4F5CF625C0F0-LeaderElection19] INFO  impl.LeaderElection (LeaderElection.java:askForVotes(321)) - 4c92e27b-ecd4-4d14-ba24-c9bbe0da28ff@group-4F5CF625C0F0-LeaderElection19 ELECTION round 0: submit vote requests at term 1 for conf: {index: -1, cur=peers:[4c92e27b-ecd4-4d14-ba24-c9bbe0da28ff|127.0.0.1:15089]|listeners:[], old=null}
2024-08-23 17:40:43,431 [4c92e27b-ecd4-4d14-ba24-c9bbe0da28ff@group-4F5CF625C0F0-LeaderElection19] INFO  impl.LeaderElection (LeaderElection.java:askForVotes(323)) - 4c92e27b-ecd4-4d14-ba24-c9bbe0da28ff@group-4F5CF625C0F0-LeaderElection19 ELECTION round 0: result PASSED (term=1)
2024-08-23 17:40:43,432 [4c92e27b-ecd4-4d14-ba24-c9bbe0da28ff@group-4F5CF625C0F0-LeaderElection19] INFO  impl.RoleInfo (RoleInfo.java:shutdownLeaderElection(139)) - 4c92e27b-ecd4-4d14-ba24-c9bbe0da28ff: shutdown 4c92e27b-ecd4-4d14-ba24-c9bbe0da28ff@group-4F5CF625C0F0-LeaderElection19
2024-08-23 17:40:43,432 [4c92e27b-ecd4-4d14-ba24-c9bbe0da28ff@group-4F5CF625C0F0-LeaderElection19] INFO  server.RaftServer$Division (RaftServerImpl.java:setRole(376)) - 4c92e27b-ecd4-4d14-ba24-c9bbe0da28ff@group-4F5CF625C0F0: changes role from CANDIDATE to LEADER at term 1 for changeToLeader
2024-08-23 17:40:43,432 [4c92e27b-ecd4-4d14-ba24-c9bbe0da28ff@group-4F5CF625C0F0-LeaderElection19] INFO  server.RaftServerConfigKeys (ConfUtils.java:logGet(46)) - raft.server.staging.catchup.gap = 1000 (default)
2024-08-23 17:40:43,432 [4c92e27b-ecd4-4d14-ba24-c9bbe0da28ff@group-4F5CF625C0F0-LeaderElection19] INFO  server.RaftServerConfigKeys (ConfUtils.java:logGet(46)) - raft.server.write.element-limit = 1024 (custom)
2024-08-23 17:40:43,432 [4c92e27b-ecd4-4d14-ba24-c9bbe0da28ff@group-4F5CF625C0F0-LeaderElection19] INFO  server.RaftServerConfigKeys (ConfUtils.java:logGet(46)) - raft.server.write.byte-limit = 1024 M (=1073741824) (custom)
2024-08-23 17:40:43,432 [4c92e27b-ecd4-4d14-ba24-c9bbe0da28ff@group-4F5CF625C0F0-LeaderElection19] INFO  server.RaftServerConfigKeys (ConfUtils.java:logGet(46)) - raft.server.watch.timeout = 30s (custom)
2024-08-23 17:40:43,432 [4c92e27b-ecd4-4d14-ba24-c9bbe0da28ff@group-4F5CF625C0F0-LeaderElection19] INFO  server.RaftServerConfigKeys (ConfUtils.java:logGet(46)) - raft.server.watch.timeout.denomination = 1s (default)
2024-08-23 17:40:43,432 [4c92e27b-ecd4-4d14-ba24-c9bbe0da28ff@group-4F5CF625C0F0-LeaderElection19] INFO  server.RaftServerConfigKeys (ConfUtils.java:logGet(46)) - raft.server.watch.element-limit = 65536 (default)
2024-08-23 17:40:43,432 [4c92e27b-ecd4-4d14-ba24-c9bbe0da28ff@group-4F5CF625C0F0-LeaderElection19] INFO  server.RaftServerConfigKeys (ConfUtils.java:logGet(46)) - raft.server.read.leader.lease.enabled = false (default)
2024-08-23 17:40:43,432 [4c92e27b-ecd4-4d14-ba24-c9bbe0da28ff@group-4F5CF625C0F0-LeaderElection19] INFO  server.RaftServerConfigKeys (ConfUtils.java:logGet(46)) - raft.server.read.leader.lease.timeout.ratio = 0.9 (default)
2024-08-23 17:40:43,432 [4c92e27b-ecd4-4d14-ba24-c9bbe0da28ff@group-4F5CF625C0F0-LeaderElection19] INFO  server.RaftServerConfigKeys (ConfUtils.java:logGet(46)) - raft.server.rpc.timeout.min = 5s (custom)
2024-08-23 17:40:43,433 [4c92e27b-ecd4-4d14-ba24-c9bbe0da28ff@group-4F5CF625C0F0-LeaderElection19] INFO  server.RaftServerConfigKeys (ConfUtils.java:logGet(46)) - raft.server.log.log-metadata.enabled = true (default)
2024-08-23 17:40:43,433 [4c92e27b-ecd4-4d14-ba24-c9bbe0da28ff@group-4F5CF625C0F0-LeaderElection19] INFO  server.RaftServerConfigKeys (ConfUtils.java:logGet(46)) - raft.server.write.element-limit = 1024 (custom)
2024-08-23 17:40:43,433 [4c92e27b-ecd4-4d14-ba24-c9bbe0da28ff@group-4F5CF625C0F0-LeaderElection19] INFO  server.RaftServerConfigKeys (ConfUtils.java:logGet(46)) - raft.server.write.follower.gap.ratio.max = -1.0 (default)
2024-08-23 17:40:43,433 [4c92e27b-ecd4-4d14-ba24-c9bbe0da28ff@group-4F5CF625C0F0-LeaderElection19] INFO  impl.RoleInfo (RoleInfo.java:updateAndGet(148)) - 4c92e27b-ecd4-4d14-ba24-c9bbe0da28ff: start 4c92e27b-ecd4-4d14-ba24-c9bbe0da28ff@group-4F5CF625C0F0-LeaderStateImpl
2024-08-23 17:40:43,433 [4c92e27b-ecd4-4d14-ba24-c9bbe0da28ff@group-4F5CF625C0F0-LeaderElection19] INFO  server.RaftServer$Division (RaftServerImpl.java:setFirstElection(549)) - 4c92e27b-ecd4-4d14-ba24-c9bbe0da28ff@group-4F5CF625C0F0: set firstElectionSinceStartup to false for becomeLeader
2024-08-23 17:40:43,433 [4c92e27b-ecd4-4d14-ba24-c9bbe0da28ff@group-4F5CF625C0F0-LeaderElection19] INFO  ratis.XceiverServerRatis (XceiverServerRatis.java:handleLeaderChangedNotification(950)) - Leader change notification received for group: group-4F5CF625C0F0 with new leaderId: 4c92e27b-ecd4-4d14-ba24-c9bbe0da28ff
2024-08-23 17:40:43,433 [4c92e27b-ecd4-4d14-ba24-c9bbe0da28ff@group-4F5CF625C0F0-LeaderElection19] INFO  server.RaftServer$Division (ServerState.java:setLeader(272)) - 4c92e27b-ecd4-4d14-ba24-c9bbe0da28ff@group-4F5CF625C0F0: change Leader from null to 4c92e27b-ecd4-4d14-ba24-c9bbe0da28ff at term 1 for becomeLeader, leader elected after 5033ms
2024-08-23 17:40:43,433 [4c92e27b-ecd4-4d14-ba24-c9bbe0da28ff@group-4F5CF625C0F0-LeaderElection19] INFO  segmented.SegmentedRaftLogWorker (SegmentedRaftLogWorker.java:startLogSegment(433)) - 4c92e27b-ecd4-4d14-ba24-c9bbe0da28ff@group-4F5CF625C0F0-SegmentedRaftLogWorker: Starting segment from index:0
2024-08-23 17:40:43,433 [4c92e27b-ecd4-4d14-ba24-c9bbe0da28ff@group-4F5CF625C0F0-LeaderElection19] INFO  server.RaftServer$Division (ServerState.java:setRaftConf(386)) - 4c92e27b-ecd4-4d14-ba24-c9bbe0da28ff@group-4F5CF625C0F0: set configuration conf: {index: 0, cur=peers:[4c92e27b-ecd4-4d14-ba24-c9bbe0da28ff|127.0.0.1:15089]|listeners:[], old=null}
2024-08-23 17:40:43,433 [4c92e27b-ecd4-4d14-ba24-c9bbe0da28ff@group-4F5CF625C0F0-SegmentedRaftLogWorker] INFO  segmented.BufferedWriteChannel (BufferedWriteChannel.java:open(61)) - open log_inprogress_0 at position 0
2024-08-23 17:40:43,446 [4c92e27b-ecd4-4d14-ba24-c9bbe0da28ff@group-4F5CF625C0F0-SegmentedRaftLogWorker] INFO  segmented.SegmentedRaftLogWorker (SegmentedRaftLogWorker.java:execute(637)) - 4c92e27b-ecd4-4d14-ba24-c9bbe0da28ff@group-4F5CF625C0F0-SegmentedRaftLogWorker: created new log segment /home/runner/work/ozone/ozone/hadoop-ozone/integration-test/target/test-dir/MiniOzoneClusterImpl-79f21b30-aaf8-43fb-84ca-e7a29640eabd/ozone-meta/datanode-3/ratis/09556f9f-9f24-4dd4-9dbc-4f5cf625c0f0/current/log_inprogress_0
2024-08-23 17:40:43,450 [4c92e27b-ecd4-4d14-ba24-c9bbe0da28ff@group-4F5CF625C0F0-StateMachineUpdater] INFO  server.RaftServer$Division (LeaderStateImpl.java:checkStartIndex(316)) - Leader 4c92e27b-ecd4-4d14-ba24-c9bbe0da28ff@group-4F5CF625C0F0-LeaderStateImpl is ready since appliedIndex == startIndex == 0
2024-08-23 17:40:43,461 [main] INFO  ha.OMHANodeDetails (OMHANodeDetails.java:loadOMHAConfig(121)) - ServiceID for OzoneManager is om-add-remove
2024-08-23 17:40:43,461 [main] INFO  ha.OMHANodeDetails (OMHANodeDetails.java:loadOMHAConfig(201)) - Found matching OM address with OMServiceId: om-add-remove, OMNodeId: omNode-bootstrap-1, RPC Address: localhost:15094 and Ratis port: 15097
2024-08-23 17:40:43,461 [main] INFO  ha.OMHANodeDetails (ConfUtils.java:setNodeSpecificConfigs(97)) - Setting configuration key ozone.om.http-address with value of key ozone.om.http-address.om-add-remove.omNode-bootstrap-1: 127.0.0.1:15095
2024-08-23 17:40:43,461 [main] INFO  ha.OMHANodeDetails (ConfUtils.java:setNodeSpecificConfigs(97)) - Setting configuration key ozone.om.https-address with value of key ozone.om.https-address.om-add-remove.omNode-bootstrap-1: 127.0.0.1:15096
2024-08-23 17:40:43,461 [main] INFO  ha.OMHANodeDetails (ConfUtils.java:setNodeSpecificConfigs(97)) - Setting configuration key ozone.om.address with value of key ozone.om.address.om-add-remove.omNode-bootstrap-1: 127.0.0.1:15094
2024-08-23 17:40:43,461 [main] WARN  server.ServerUtils (ServerUtils.java:getDBPath(299)) - ozone.om.db.dirs is not configured. We recommend adding this setting. Falling back to ozone.metadata.dirs instead.
2024-08-23 17:40:43,462 [main] INFO  ha.SCMNodeInfo (SCMNodeInfo.java:getPort(197)) - ConfigKey ozone.scm.client.address is deprecated, For configuring different ports for each SCM use PortConfigKey ozone.scm.client.port appended with serviceId and nodeId
2024-08-23 17:40:43,463 [main] INFO  ha.SCMNodeInfo (SCMNodeInfo.java:getPort(197)) - ConfigKey ozone.scm.block.client.address is deprecated, For configuring different ports for each SCM use PortConfigKey ozone.scm.block.client.port appended with serviceId and nodeId
2024-08-23 17:40:43,463 [main] INFO  ha.SCMNodeInfo (SCMNodeInfo.java:getPort(197)) - ConfigKey ozone.scm.security.service.address is deprecated, For configuring different ports for each SCM use PortConfigKey ozone.scm.security.service.port appended with serviceId and nodeId
2024-08-23 17:40:43,463 [main] INFO  ha.SCMNodeInfo (SCMNodeInfo.java:getPort(197)) - ConfigKey ozone.scm.datanode.address is deprecated, For configuring different ports for each SCM use PortConfigKey ozone.scm.datanode.port appended with serviceId and nodeId
2024-08-23 17:40:43,463 [main] INFO  proxy.SCMBlockLocationFailoverProxyProvider (SCMBlockLocationFailoverProxyProvider.java:<init>(115)) - Created block location fail-over proxy with 1 nodes: [nodeId=scmNode-1,nodeAddress=/127.0.0.1:15058]
OM initialization succeeded.Current cluster id for sd=/home/runner/work/ozone/ozone/hadoop-ozone/integration-test/target/test-dir/MiniOzoneClusterImpl-79f21b30-aaf8-43fb-84ca-e7a29640eabd/omNode-bootstrap-1/om;cid=79f21b30-aaf8-43fb-84ca-e7a29640eabd;layoutVersion=7
2024-08-23 17:40:43,468 [main] INFO  ha.OMHANodeDetails (OMHANodeDetails.java:loadOMHAConfig(121)) - ServiceID for OzoneManager is om-add-remove
2024-08-23 17:40:43,468 [main] INFO  ha.OMHANodeDetails (OMHANodeDetails.java:loadOMHAConfig(201)) - Found matching OM address with OMServiceId: om-add-remove, OMNodeId: omNode-bootstrap-1, RPC Address: localhost:15094 and Ratis port: 15097
2024-08-23 17:40:43,468 [main] INFO  ha.OMHANodeDetails (ConfUtils.java:setNodeSpecificConfigs(97)) - Setting configuration key ozone.om.http-address with value of key ozone.om.http-address.om-add-remove.omNode-bootstrap-1: 127.0.0.1:15095
2024-08-23 17:40:43,469 [main] INFO  ha.OMHANodeDetails (ConfUtils.java:setNodeSpecificConfigs(97)) - Setting configuration key ozone.om.https-address with value of key ozone.om.https-address.om-add-remove.omNode-bootstrap-1: 127.0.0.1:15096
2024-08-23 17:40:43,469 [main] INFO  ha.OMHANodeDetails (ConfUtils.java:setNodeSpecificConfigs(97)) - Setting configuration key ozone.om.address with value of key ozone.om.address.om-add-remove.omNode-bootstrap-1: 127.0.0.1:15094
2024-08-23 17:40:43,469 [main] WARN  server.ServerUtils (ServerUtils.java:getDBPath(299)) - ozone.om.db.dirs is not configured. We recommend adding this setting. Falling back to ozone.metadata.dirs instead.
2024-08-23 17:40:43,470 [main] INFO  upgrade.AbstractLayoutVersionManager (AbstractLayoutVersionManager.java:init(83)) - Initializing Layout version manager with metadata layout = HBASE_SUPPORT (version = 7), software layout = HBASE_SUPPORT (version = 7)
2024-08-23 17:40:43,507 [main] INFO  reflections.Reflections (Reflections.java:scan(219)) - Reflections took 37 ms to scan 2 urls, producing 188 keys and 552 values
2024-08-23 17:40:43,508 [main] INFO  upgrade.OMLayoutVersionManager (OMLayoutVersionManager.java:lambda$0(113)) - Skipping Upgrade Action QuotaRepairUpgradeAction since it has been finalized.
2024-08-23 17:40:43,508 [main] INFO  upgrade.OMLayoutVersionManager (OMLayoutVersionManager.java:lambda$0(113)) - Skipping Upgrade Action MockOmUpgradeAction since it has been finalized.
2024-08-23 17:40:43,508 [main] WARN  server.ServerUtils (ServerUtils.java:getDBPath(299)) - ozone.om.db.dirs is not configured. We recommend adding this setting. Falling back to ozone.metadata.dirs instead.
2024-08-23 17:40:43,508 [main] INFO  ha.SCMNodeInfo (SCMNodeInfo.java:getPort(197)) - ConfigKey ozone.scm.client.address is deprecated, For configuring different ports for each SCM use PortConfigKey ozone.scm.client.port appended with serviceId and nodeId
2024-08-23 17:40:43,508 [main] INFO  ha.SCMNodeInfo (SCMNodeInfo.java:getPort(197)) - ConfigKey ozone.scm.block.client.address is deprecated, For configuring different ports for each SCM use PortConfigKey ozone.scm.block.client.port appended with serviceId and nodeId
2024-08-23 17:40:43,509 [main] INFO  ha.SCMNodeInfo (SCMNodeInfo.java:getPort(197)) - ConfigKey ozone.scm.security.service.address is deprecated, For configuring different ports for each SCM use PortConfigKey ozone.scm.security.service.port appended with serviceId and nodeId
2024-08-23 17:40:43,509 [main] INFO  ha.SCMNodeInfo (SCMNodeInfo.java:getPort(197)) - ConfigKey ozone.scm.datanode.address is deprecated, For configuring different ports for each SCM use PortConfigKey ozone.scm.datanode.port appended with serviceId and nodeId
2024-08-23 17:40:43,509 [main] INFO  ha.SCMNodeInfo (SCMNodeInfo.java:getPort(197)) - ConfigKey ozone.scm.client.address is deprecated, For configuring different ports for each SCM use PortConfigKey ozone.scm.client.port appended with serviceId and nodeId
2024-08-23 17:40:43,509 [main] INFO  ha.SCMNodeInfo (SCMNodeInfo.java:getPort(197)) - ConfigKey ozone.scm.block.client.address is deprecated, For configuring different ports for each SCM use PortConfigKey ozone.scm.block.client.port appended with serviceId and nodeId
2024-08-23 17:40:43,509 [main] INFO  ha.SCMNodeInfo (SCMNodeInfo.java:getPort(197)) - ConfigKey ozone.scm.security.service.address is deprecated, For configuring different ports for each SCM use PortConfigKey ozone.scm.security.service.port appended with serviceId and nodeId
2024-08-23 17:40:43,509 [main] INFO  ha.SCMNodeInfo (SCMNodeInfo.java:getPort(197)) - ConfigKey ozone.scm.datanode.address is deprecated, For configuring different ports for each SCM use PortConfigKey ozone.scm.datanode.port appended with serviceId and nodeId
2024-08-23 17:40:43,509 [main] INFO  proxy.SCMBlockLocationFailoverProxyProvider (SCMBlockLocationFailoverProxyProvider.java:<init>(115)) - Created block location fail-over proxy with 1 nodes: [nodeId=scmNode-1,nodeAddress=/127.0.0.1:15058]
2024-08-23 17:40:43,510 [main] INFO  ha.SCMNodeInfo (SCMNodeInfo.java:getPort(197)) - ConfigKey ozone.scm.client.address is deprecated, For configuring different ports for each SCM use PortConfigKey ozone.scm.client.port appended with serviceId and nodeId
2024-08-23 17:40:43,511 [main] INFO  ha.SCMNodeInfo (SCMNodeInfo.java:getPort(197)) - ConfigKey ozone.scm.block.client.address is deprecated, For configuring different ports for each SCM use PortConfigKey ozone.scm.block.client.port appended with serviceId and nodeId
2024-08-23 17:40:43,511 [main] INFO  ha.SCMNodeInfo (SCMNodeInfo.java:getPort(197)) - ConfigKey ozone.scm.security.service.address is deprecated, For configuring different ports for each SCM use PortConfigKey ozone.scm.security.service.port appended with serviceId and nodeId
2024-08-23 17:40:43,511 [main] INFO  ha.SCMNodeInfo (SCMNodeInfo.java:getPort(197)) - ConfigKey ozone.scm.datanode.address is deprecated, For configuring different ports for each SCM use PortConfigKey ozone.scm.datanode.port appended with serviceId and nodeId
2024-08-23 17:40:43,511 [main] INFO  proxy.SCMBlockLocationFailoverProxyProvider (SCMBlockLocationFailoverProxyProvider.java:<init>(115)) - Created block location fail-over proxy with 1 nodes: [nodeId=scmNode-1,nodeAddress=/127.0.0.1:15058]
2024-08-23 17:40:43,515 [main] INFO  om.OzoneManager (OzoneManager.java:<init>(702)) - OM start with adminUsers: [runner]
2024-08-23 17:40:43,515 [main] WARN  server.ServerUtils (ServerUtils.java:getDBPath(299)) - ozone.om.db.dirs is not configured. We recommend adding this setting. Falling back to ozone.metadata.dirs instead.
2024-08-23 17:40:43,516 [main] INFO  helpers.OmKeyInfo (OmKeyInfo.java:getCodec(72)) - OmKeyInfo.getCodec ignorePipeline = true
2024-08-23 17:40:43,655 [main] INFO  om.OzoneManager (OzoneManager.java:instantiateServices(836)) - S3 Multi-Tenancy is disabled
2024-08-23 17:40:43,655 [main] INFO  om.OmSnapshotManager (OmSnapshotManager.java:<init>(180)) - Ozone filesystem snapshot feature is enabled.
2024-08-23 17:40:43,656 [main] WARN  server.ServerUtils (ServerUtils.java:getDBPath(299)) - ozone.om.snapshot.diff.db.dir is not configured. We recommend adding this setting. Falling back to ozone.metadata.dirs instead.
2024-08-23 17:40:43,673 [main] INFO  utils.NativeLibraryLoader (NativeLibraryLoader.java:loadLibrary(111)) - Loading Library: ozone_rocksdb_tools
2024-08-23 17:40:43,673 [main] ERROR snapshot.SnapshotDiffManager (SnapshotDiffManager.java:initNativeLibraryForEfficientDiff(287)) - Native Library for raw sst file reading loading failed.
org.apache.hadoop.hdds.utils.NativeLibraryNotLoadedException: Unable to load library ozone_rocksdb_tools from both java.library.path & resource file libozone_rocksdb_tools.so from jar.
	at org.apache.hadoop.hdds.utils.db.managed.ManagedRawSSTFileReader.loadLibrary(ManagedRawSSTFileReader.java:40)
	at org.apache.hadoop.ozone.om.snapshot.SnapshotDiffManager.initNativeLibraryForEfficientDiff(SnapshotDiffManager.java:285)
	at org.apache.hadoop.ozone.om.snapshot.SnapshotDiffManager.<init>(SnapshotDiffManager.java:259)
	at org.apache.hadoop.ozone.om.OmSnapshotManager.<init>(OmSnapshotManager.java:287)
	at org.apache.hadoop.ozone.om.OzoneManager.instantiateServices(OzoneManager.java:888)
	at org.apache.hadoop.ozone.om.OzoneManager.<init>(OzoneManager.java:712)
	at org.apache.hadoop.ozone.om.OzoneManager.createOm(OzoneManager.java:804)
	at org.apache.hadoop.ozone.MiniOzoneHAClusterImpl.bootstrapNewOM(MiniOzoneHAClusterImpl.java:828)
	at org.apache.hadoop.ozone.MiniOzoneHAClusterImpl.bootstrapOzoneManager(MiniOzoneHAClusterImpl.java:749)
	at org.apache.hadoop.ozone.MiniOzoneHAClusterImpl.bootstrapOzoneManager(MiniOzoneHAClusterImpl.java:715)
	at org.apache.hadoop.ozone.om.TestAddRemoveOzoneManager.testBootstrapOMs(TestAddRemoveOzoneManager.java:173)
	at org.apache.hadoop.ozone.om.TestAddRemoveOzoneManager.testBootstrap(TestAddRemoveOzoneManager.java:191)
	at java.base/jdk.internal.reflect.NativeMethodAccessorImpl.invoke0(Native Method)
	at java.base/jdk.internal.reflect.NativeMethodAccessorImpl.invoke(NativeMethodAccessorImpl.java:77)
	at java.base/jdk.internal.reflect.DelegatingMethodAccessorImpl.invoke(DelegatingMethodAccessorImpl.java:43)
	at java.base/java.lang.reflect.Method.invoke(Method.java:569)
	at org.junit.platform.commons.util.ReflectionUtils.invokeMethod(ReflectionUtils.java:728)
	at org.junit.jupiter.engine.execution.MethodInvocation.proceed(MethodInvocation.java:60)
	at org.junit.jupiter.engine.execution.InvocationInterceptorChain$ValidatingInvocation.proceed(InvocationInterceptorChain.java:131)
	at org.junit.jupiter.engine.extension.SameThreadTimeoutInvocation.proceed(SameThreadTimeoutInvocation.java:45)
	at org.junit.jupiter.engine.extension.TimeoutExtension.intercept(TimeoutExtension.java:156)
	at org.junit.jupiter.engine.extension.TimeoutExtension.interceptTestableMethod(TimeoutExtension.java:147)
	at org.junit.jupiter.engine.extension.TimeoutExtension.interceptTestMethod(TimeoutExtension.java:86)
	at org.junit.jupiter.engine.execution.InterceptingExecutableInvoker$ReflectiveInterceptorCall.lambda$ofVoidMethod$0(InterceptingExecutableInvoker.java:103)
	at org.junit.jupiter.engine.execution.InterceptingExecutableInvoker.lambda$invoke$0(InterceptingExecutableInvoker.java:93)
	at org.junit.jupiter.engine.execution.InvocationInterceptorChain$InterceptedInvocation.proceed(InvocationInterceptorChain.java:106)
	at org.junit.jupiter.engine.execution.InvocationInterceptorChain.proceed(InvocationInterceptorChain.java:64)
	at org.junit.jupiter.engine.execution.InvocationInterceptorChain.chainAndInvoke(InvocationInterceptorChain.java:45)
	at org.junit.jupiter.engine.execution.InvocationInterceptorChain.invoke(InvocationInterceptorChain.java:37)
	at org.junit.jupiter.engine.execution.InterceptingExecutableInvoker.invoke(InterceptingExecutableInvoker.java:92)
	at org.junit.jupiter.engine.execution.InterceptingExecutableInvoker.invoke(InterceptingExecutableInvoker.java:86)
	at org.junit.jupiter.engine.descriptor.TestMethodTestDescriptor.lambda$invokeTestMethod$7(TestMethodTestDescriptor.java:218)
	at org.junit.platform.engine.support.hierarchical.ThrowableCollector.execute(ThrowableCollector.java:73)
	at org.junit.jupiter.engine.descriptor.TestMethodTestDescriptor.invokeTestMethod(TestMethodTestDescriptor.java:214)
	at org.junit.jupiter.engine.descriptor.TestMethodTestDescriptor.execute(TestMethodTestDescriptor.java:139)
	at org.junit.jupiter.engine.descriptor.TestMethodTestDescriptor.execute(TestMethodTestDescriptor.java:69)
	at org.junit.platform.engine.support.hierarchical.NodeTestTask.lambda$executeRecursively$6(NodeTestTask.java:151)
	at org.junit.platform.engine.support.hierarchical.ThrowableCollector.execute(ThrowableCollector.java:73)
	at org.junit.platform.engine.support.hierarchical.NodeTestTask.lambda$executeRecursively$8(NodeTestTask.java:141)
	at org.junit.platform.engine.support.hierarchical.Node.around(Node.java:137)
	at org.junit.platform.engine.support.hierarchical.NodeTestTask.lambda$executeRecursively$9(NodeTestTask.java:139)
	at org.junit.platform.engine.support.hierarchical.ThrowableCollector.execute(ThrowableCollector.java:73)
	at org.junit.platform.engine.support.hierarchical.NodeTestTask.executeRecursively(NodeTestTask.java:138)
	at org.junit.platform.engine.support.hierarchical.NodeTestTask.execute(NodeTestTask.java:95)
	at java.base/java.util.ArrayList.forEach(ArrayList.java:1511)
	at org.junit.platform.engine.support.hierarchical.SameThreadHierarchicalTestExecutorService.invokeAll(SameThreadHierarchicalTestExecutorService.java:41)
	at org.junit.platform.engine.support.hierarchical.NodeTestTask.lambda$executeRecursively$6(NodeTestTask.java:155)
	at org.junit.platform.engine.support.hierarchical.ThrowableCollector.execute(ThrowableCollector.java:73)
	at org.junit.platform.engine.support.hierarchical.NodeTestTask.lambda$executeRecursively$8(NodeTestTask.java:141)
	at org.junit.platform.engine.support.hierarchical.Node.around(Node.java:137)
	at org.junit.platform.engine.support.hierarchical.NodeTestTask.lambda$executeRecursively$9(NodeTestTask.java:139)
	at org.junit.platform.engine.support.hierarchical.ThrowableCollector.execute(ThrowableCollector.java:73)
	at org.junit.platform.engine.support.hierarchical.NodeTestTask.executeRecursively(NodeTestTask.java:138)
	at org.junit.platform.engine.support.hierarchical.NodeTestTask.execute(NodeTestTask.java:95)
	at java.base/java.util.ArrayList.forEach(ArrayList.java:1511)
	at org.junit.platform.engine.support.hierarchical.SameThreadHierarchicalTestExecutorService.invokeAll(SameThreadHierarchicalTestExecutorService.java:41)
	at org.junit.platform.engine.support.hierarchical.NodeTestTask.lambda$executeRecursively$6(NodeTestTask.java:155)
	at org.junit.platform.engine.support.hierarchical.ThrowableCollector.execute(ThrowableCollector.java:73)
	at org.junit.platform.engine.support.hierarchical.NodeTestTask.lambda$executeRecursively$8(NodeTestTask.java:141)
	at org.junit.platform.engine.support.hierarchical.Node.around(Node.java:137)
	at org.junit.platform.engine.support.hierarchical.NodeTestTask.lambda$executeRecursively$9(NodeTestTask.java:139)
	at org.junit.platform.engine.support.hierarchical.ThrowableCollector.execute(ThrowableCollector.java:73)
	at org.junit.platform.engine.support.hierarchical.NodeTestTask.executeRecursively(NodeTestTask.java:138)
	at org.junit.platform.engine.support.hierarchical.NodeTestTask.execute(NodeTestTask.java:95)
	at org.junit.platform.engine.support.hierarchical.SameThreadHierarchicalTestExecutorService.submit(SameThreadHierarchicalTestExecutorService.java:35)
	at org.junit.platform.engine.support.hierarchical.HierarchicalTestExecutor.execute(HierarchicalTestExecutor.java:57)
	at org.junit.platform.engine.support.hierarchical.HierarchicalTestEngine.execute(HierarchicalTestEngine.java:54)
	at org.junit.platform.launcher.core.EngineExecutionOrchestrator.execute(EngineExecutionOrchestrator.java:198)
	at org.junit.platform.launcher.core.EngineExecutionOrchestrator.execute(EngineExecutionOrchestrator.java:169)
	at org.junit.platform.launcher.core.EngineExecutionOrchestrator.execute(EngineExecutionOrchestrator.java:93)
	at org.junit.platform.launcher.core.EngineExecutionOrchestrator.lambda$execute$0(EngineExecutionOrchestrator.java:58)
	at org.junit.platform.launcher.core.EngineExecutionOrchestrator.withInterceptedStreams(EngineExecutionOrchestrator.java:141)
	at org.junit.platform.launcher.core.EngineExecutionOrchestrator.execute(EngineExecutionOrchestrator.java:57)
	at org.junit.platform.launcher.core.DefaultLauncher.execute(DefaultLauncher.java:103)
	at org.junit.platform.launcher.core.DefaultLauncher.execute(DefaultLauncher.java:85)
	at org.junit.platform.launcher.core.DelegatingLauncher.execute(DelegatingLauncher.java:47)
	at org.junit.platform.launcher.core.SessionPerRequestLauncher.execute(SessionPerRequestLauncher.java:63)
	at org.apache.maven.surefire.junitplatform.JUnitPlatformProvider.invokeAllTests(JUnitPlatformProvider.java:154)
	at org.apache.maven.surefire.junitplatform.JUnitPlatformProvider.invoke(JUnitPlatformProvider.java:123)
	at org.apache.maven.surefire.booter.ForkedBooter.runSuitesInProcess(ForkedBooter.java:377)
	at org.apache.maven.surefire.booter.ForkedBooter.execute(ForkedBooter.java:138)
	at org.apache.maven.surefire.booter.ForkedBooter.run(ForkedBooter.java:465)
	at org.apache.maven.surefire.booter.ForkedBooter.main(ForkedBooter.java:451)
2024-08-23 17:40:43,676 [main] INFO  om.OzoneManager (OzoneManager.java:addS3GVolumeToDB(4589)) - Created Volume s3v With Owner runner required for S3Gateway operations.
2024-08-23 17:40:43,676 [main] WARN  server.ServerUtils (ServerUtils.java:getDefaultRatisDirectory(311)) - Storage directory for Ratis is not configured. It is a good idea to map this to an SSD disk. Falling back to ozone.metadata.dirs
2024-08-23 17:40:43,676 [main] WARN  utils.OzoneManagerRatisUtils (OzoneManagerRatisUtils.java:getOMRatisSnapshotDirectory(478)) - ozone.om.ratis.snapshot.dir is not configured. Falling back to ozone.metadata.dirs config
2024-08-23 17:40:43,677 [main] INFO  utils.RDBSnapshotProvider (RDBSnapshotProvider.java:init(87)) - Cleaning up the candidate dir: /home/runner/work/ozone/ozone/hadoop-ozone/integration-test/target/test-dir/MiniOzoneClusterImpl-79f21b30-aaf8-43fb-84ca-e7a29640eabd/omNode-bootstrap-1/snapshot/om.db.candidate
2024-08-23 17:40:43,677 [main] INFO  ratis_snapshot.OmRatisSnapshotProvider (OmRatisSnapshotProvider.java:<init>(99)) - Initializing OM Snapshot Provider
2024-08-23 17:40:43,678 [main] WARN  dropwizard3.Dm3MetricRegistriesImpl (Dm3MetricRegistriesImpl.java:addReporterRegistration(114)) - New reporters are added after registries were created. Some metrics will be missing from the reporter. Please add reporter before adding any new registry.
2024-08-23 17:40:43,678 [main] WARN  dropwizard3.Dm3MetricRegistriesImpl (Dm3MetricRegistriesImpl.java:addReporterRegistration(114)) - New reporters are added after registries were created. Some metrics will be missing from the reporter. Please add reporter before adding any new registry.
2024-08-23 17:40:43,678 [main] WARN  server.ServerUtils (ServerUtils.java:getDefaultRatisDirectory(311)) - Storage directory for Ratis is not configured. It is a good idea to map this to an SSD disk. Falling back to ozone.metadata.dirs
2024-08-23 17:40:43,678 [main] INFO  server.RaftServerConfigKeys (ConfUtils.java:logGet(46)) - raft.server.log.appender.buffer.byte-limit = 4194304 (custom)
2024-08-23 17:40:43,680 [main] INFO  ratis.OzoneManagerRatisServer (OzoneManagerRatisServer.java:<init>(162)) - OM started in Bootstrap mode. Instantiating OM Ratis server with groupID: om-add-remove
2024-08-23 17:40:43,680 [main] INFO  ratis.OzoneManagerStateMachine (OzoneManagerStateMachine.java:loadSnapshotInfoFromDB(593)) - TransactionInfo not found in OM DB.
2024-08-23 17:40:43,680 [main] INFO  server.RaftServer (ConfUtils.java:logGet(46)) - raft.rpc.type = GRPC (default)
2024-08-23 17:40:43,681 [main] INFO  grpc.GrpcConfigKeys (ConfUtils.java:logFallback(53)) - raft.grpc.admin.host = null (fallback to raft.grpc.server.host)
2024-08-23 17:40:43,681 [main] INFO  grpc.GrpcConfigKeys (ConfUtils.java:logFallback(53)) - raft.grpc.admin.port = 15097 (fallback to raft.grpc.server.port)
2024-08-23 17:40:43,681 [main] INFO  grpc.GrpcConfigKeys (ConfUtils.java:logFallback(53)) - raft.grpc.client.host = null (fallback to raft.grpc.server.host)
2024-08-23 17:40:43,681 [main] INFO  grpc.GrpcConfigKeys (ConfUtils.java:logFallback(53)) - raft.grpc.client.port = 15097 (fallback to raft.grpc.server.port)
2024-08-23 17:40:43,681 [main] INFO  grpc.GrpcConfigKeys (ConfUtils.java:logGet(46)) - raft.grpc.server.host = null (default)
2024-08-23 17:40:43,681 [main] INFO  grpc.GrpcConfigKeys (ConfUtils.java:logGet(46)) - raft.grpc.server.port = 15097 (custom)
2024-08-23 17:40:43,681 [main] INFO  server.GrpcService (ConfUtils.java:logGet(46)) - raft.grpc.message.size.max = 5242880 (custom)
2024-08-23 17:40:43,681 [main] INFO  server.RaftServerConfigKeys (ConfUtils.java:logGet(46)) - raft.server.log.appender.buffer.byte-limit = 4194304 (custom)
2024-08-23 17:40:43,681 [main] INFO  server.GrpcService (ConfUtils.java:logGet(46)) - raft.grpc.flow.control.window = 1MB (=1048576) (default)
2024-08-23 17:40:43,682 [main] INFO  server.RaftServerConfigKeys (ConfUtils.java:logGet(46)) - raft.server.rpc.request.timeout = 3000ms (default)
2024-08-23 17:40:43,682 [main] INFO  grpc.GrpcConfigKeys (ConfUtils.java:logGet(46)) - raft.grpc.server.heartbeat.channel = true (default)
2024-08-23 17:40:43,682 [main] INFO  grpc.GrpcConfigKeys (ConfUtils.java:logGet(46)) - raft.grpc.server.async.request.thread.pool.cached = true (default)
2024-08-23 17:40:43,682 [main] INFO  grpc.GrpcConfigKeys (ConfUtils.java:logGet(46)) - raft.grpc.server.async.request.thread.pool.size = 32 (default)
2024-08-23 17:40:43,683 [main] INFO  impl.DataStreamServerImpl (ConfUtils.java:logGet(46)) - raft.datastream.type = DISABLED (default)
2024-08-23 17:40:43,683 [main] INFO  server.RaftServerConfigKeys (ConfUtils.java:logGet(46)) - raft.server.sleep.deviation.threshold = 300ms (default)
2024-08-23 17:40:43,683 [main] INFO  server.RaftServerConfigKeys (ConfUtils.java:logGet(46)) - raft.server.close.threshold = 60s (default)
2024-08-23 17:40:43,683 [main] INFO  server.RaftServerConfigKeys (ConfUtils.java:logGet(46)) - raft.server.leaderelection.leader.step-down.wait-time = 10s (default)
2024-08-23 17:40:43,683 [main] INFO  server.RaftServerConfigKeys (ConfUtils.java:logGet(46)) - raft.server.storage.dir = [/home/runner/work/ozone/ozone/hadoop-ozone/integration-test/target/test-dir/MiniOzoneClusterImpl-79f21b30-aaf8-43fb-84ca-e7a29640eabd/omNode-bootstrap-1/ratis] (custom)
2024-08-23 17:40:43,684 [main] INFO  server.RaftServerConfigKeys (ConfUtils.java:logGet(46)) - raft.server.threadpool.proxy.cached = true (default)
2024-08-23 17:40:43,684 [main] INFO  server.RaftServerConfigKeys (ConfUtils.java:logGet(46)) - raft.server.threadpool.proxy.size = 0 (default)
2024-08-23 17:40:43,684 [main] INFO  server.RaftServer (RaftServerProxy.java:addNew(101)) - omNode-bootstrap-1: addNew group-0AAC5367B30E:[] returns group-0AAC5367B30E:java.util.concurrent.CompletableFuture@31a57be9[Not completed]
2024-08-23 17:40:43,684 [main] INFO  om.OzoneManager (OzoneManager.java:initializeRatisServer(2204)) - OzoneManager Ratis server initialized at port 15097
2024-08-23 17:40:43,685 [omNode-bootstrap-1-groupManagement] INFO  server.RaftServer$Division (RaftServerImpl.java:<init>(253)) - omNode-bootstrap-1: new RaftServerImpl for group-0AAC5367B30E:[] with OzoneManagerStateMachine:uninitialized
2024-08-23 17:40:43,685 [main] INFO  om.OzoneManager (OzoneManager.java:getRpcServer(1252)) - Creating RPC Server
2024-08-23 17:40:43,685 [omNode-bootstrap-1-groupManagement] INFO  server.RaftServerConfigKeys (ConfUtils.java:logGet(46)) - raft.server.rpc.timeout.min = 1s (custom)
2024-08-23 17:40:43,685 [omNode-bootstrap-1-groupManagement] INFO  server.RaftServerConfigKeys (ConfUtils.java:logGet(46)) - raft.server.rpc.timeout.max = 1200ms (custom)
2024-08-23 17:40:43,685 [omNode-bootstrap-1-groupManagement] INFO  server.RaftServerConfigKeys (ConfUtils.java:logGet(46)) - raft.server.rpc.sleep.time = 25ms (default)
2024-08-23 17:40:43,685 [omNode-bootstrap-1-groupManagement] INFO  server.RaftServerConfigKeys (ConfUtils.java:logGet(46)) - raft.server.rpc.slowness.timeout = 2s (custom)
2024-08-23 17:40:43,685 [omNode-bootstrap-1-groupManagement] INFO  server.RaftServerConfigKeys (ConfUtils.java:logGet(46)) - raft.server.leaderelection.leader.step-down.wait-time = 10s (default)
2024-08-23 17:40:43,685 [omNode-bootstrap-1-groupManagement] INFO  server.RaftServerConfigKeys (ConfUtils.java:logGet(46)) - raft.server.leaderelection.member.majority-add = false (default)
2024-08-23 17:40:43,686 [omNode-bootstrap-1-groupManagement] INFO  server.RaftServerConfigKeys (ConfUtils.java:logGet(46)) - raft.server.sleep.deviation.threshold = 300ms (default)
2024-08-23 17:40:43,695 [omNode-bootstrap-1-groupManagement] INFO  server.RaftServer$Division (ServerState.java:<init>(114)) - omNode-bootstrap-1@group-0AAC5367B30E: ConfigurationManager, init=conf: {index: -1, cur=peers:[]|listeners:[], old=null}, confs=<EMPTY_MAP>
2024-08-23 17:40:43,695 [omNode-bootstrap-1-groupManagement] INFO  server.RaftServerConfigKeys (ConfUtils.java:logGet(46)) - raft.server.notification.no-leader.timeout = 2s (custom)
2024-08-23 17:40:43,695 [omNode-bootstrap-1-groupManagement] INFO  server.RaftServerConfigKeys (ConfUtils.java:logGet(46)) - raft.server.read.timeout = 10s (default)
2024-08-23 17:40:43,695 [omNode-bootstrap-1-groupManagement] INFO  server.RaftServerConfigKeys (ConfUtils.java:logGet(46)) - raft.server.retrycache.expirytime = 300s (custom)
2024-08-23 17:40:43,695 [omNode-bootstrap-1-groupManagement] INFO  server.RaftServerConfigKeys (ConfUtils.java:logGet(46)) - raft.server.retrycache.statistics.expirytime = 100ms (default)
2024-08-23 17:40:43,695 [omNode-bootstrap-1-groupManagement] INFO  server.RaftServerConfigKeys (ConfUtils.java:logGet(46)) - raft.server.read.option = DEFAULT (default)
2024-08-23 17:40:43,696 [omNode-bootstrap-1-groupManagement] INFO  server.RaftServerConfigKeys (ConfUtils.java:logGet(46)) - raft.server.read.read-after-write-consistent.write-index-cache.expiry-time = 60s (default)
2024-08-23 17:40:43,696 [omNode-bootstrap-1-groupManagement] INFO  server.RaftServerConfigKeys (ConfUtils.java:logGet(46)) - raft.server.rpc.request.timeout = 3000ms (default)
2024-08-23 17:40:43,696 [omNode-bootstrap-1-groupManagement] INFO  server.RaftServerConfigKeys (ConfUtils.java:logGet(46)) - raft.server.log.appender.install.snapshot.enabled = false (custom)
2024-08-23 17:40:43,696 [omNode-bootstrap-1-groupManagement] INFO  server.RaftServerConfigKeys (ConfUtils.java:logGet(46)) - raft.server.threadpool.server.cached = true (default)
2024-08-23 17:40:43,696 [omNode-bootstrap-1-groupManagement] INFO  server.RaftServerConfigKeys (ConfUtils.java:logGet(46)) - raft.server.threadpool.server.size = 0 (default)
2024-08-23 17:40:43,696 [omNode-bootstrap-1-groupManagement] INFO  server.RaftServerConfigKeys (ConfUtils.java:logGet(46)) - raft.server.threadpool.client.cached = true (default)
2024-08-23 17:40:43,696 [omNode-bootstrap-1-groupManagement] INFO  server.RaftServerConfigKeys (ConfUtils.java:logGet(46)) - raft.server.threadpool.client.size = 0 (default)
2024-08-23 17:40:44,046 [main] INFO  reflections.Reflections (Reflections.java:scan(219)) - Reflections took 360 ms to scan 20 urls, producing 59 keys and 6796 values
2024-08-23 17:40:44,047 [main] INFO  ipc.CallQueueManager (CallQueueManager.java:<init>(90)) - Using callQueue: class java.util.concurrent.LinkedBlockingQueue, queueCapacity: 2000, scheduler: class org.apache.hadoop.ipc.DefaultRpcScheduler, ipcBackoff: false.
2024-08-23 17:40:44,047 [main] INFO  ipc.Server (Server.java:<init>(1287)) - Listener at 127.0.0.1:15094
2024-08-23 17:40:44,048 [Socket Reader #1 for port 15094] INFO  ipc.Server (Server.java:run(1323)) - Starting Socket Reader #1 for port 15094
2024-08-23 17:40:44,049 [Socket Reader #3 for port 15094] INFO  ipc.Server (Server.java:run(1323)) - Starting Socket Reader #3 for port 15094
2024-08-23 17:40:44,049 [Socket Reader #2 for port 15094] INFO  ipc.Server (Server.java:run(1323)) - Starting Socket Reader #2 for port 15094
2024-08-23 17:40:44,049 [Socket Reader #5 for port 15094] INFO  ipc.Server (Server.java:run(1323)) - Starting Socket Reader #5 for port 15094
2024-08-23 17:40:44,049 [Socket Reader #4 for port 15094] INFO  ipc.Server (Server.java:run(1323)) - Starting Socket Reader #4 for port 15094
2024-08-23 17:40:44,049 [Socket Reader #6 for port 15094] INFO  ipc.Server (Server.java:run(1323)) - Starting Socket Reader #6 for port 15094
2024-08-23 17:40:44,050 [Socket Reader #8 for port 15094] INFO  ipc.Server (Server.java:run(1323)) - Starting Socket Reader #8 for port 15094
2024-08-23 17:40:44,050 [Socket Reader #7 for port 15094] INFO  ipc.Server (Server.java:run(1323)) - Starting Socket Reader #7 for port 15094
2024-08-23 17:40:44,050 [Socket Reader #10 for port 15094] INFO  ipc.Server (Server.java:run(1323)) - Starting Socket Reader #10 for port 15094
2024-08-23 17:40:44,050 [Socket Reader #9 for port 15094] INFO  ipc.Server (Server.java:run(1323)) - Starting Socket Reader #9 for port 15094
2024-08-23 17:40:44,078 [main] INFO  impl.MetricsSystemImpl (MetricsSystemImpl.java:init(158)) - OzoneManager metrics system started (again)
2024-08-23 17:40:44,091 [main] INFO  om.OzoneManager (OzoneManager.java:start(1680)) - OzoneManager RPC server is listening at localhost/127.0.0.1:15094
2024-08-23 17:40:44,092 [main] INFO  ratis.OzoneManagerRatisServer (OzoneManagerRatisServer.java:start(595)) - Starting OzoneManagerRatisServer omNode-bootstrap-1 at port 15097
2024-08-23 17:40:44,092 [omNode-bootstrap-1-impl-thread1] INFO  server.RaftServerConfigKeys (ConfUtils.java:logGet(46)) - raft.server.storage.free-space.min = 0MB (=0) (default)
2024-08-23 17:40:44,092 [omNode-bootstrap-1-impl-thread1] INFO  server.RaftServerConfigKeys (ConfUtils.java:logGet(46)) - raft.server.log.corruption.policy = EXCEPTION (default)
2024-08-23 17:40:44,092 [omNode-bootstrap-1-impl-thread1] INFO  server.RaftServerConfigKeys (ConfUtils.java:logGet(46)) - raft.server.storage.dir = [/home/runner/work/ozone/ozone/hadoop-ozone/integration-test/target/test-dir/MiniOzoneClusterImpl-79f21b30-aaf8-43fb-84ca-e7a29640eabd/omNode-bootstrap-1/ratis] (custom)
2024-08-23 17:40:44,092 [omNode-bootstrap-1-impl-thread1] INFO  storage.RaftStorageDirectory (RaftStorageDirectoryImpl.java:analyzeStorage(138)) - The storage directory /home/runner/work/ozone/ozone/hadoop-ozone/integration-test/target/test-dir/MiniOzoneClusterImpl-79f21b30-aaf8-43fb-84ca-e7a29640eabd/omNode-bootstrap-1/ratis/0718e334-ffa1-36bc-8e9a-0aac5367b30e does not exist. Creating ...
2024-08-23 17:40:44,093 [omNode-bootstrap-1-impl-thread1] INFO  storage.RaftStorageDirectory (RaftStorageDirectoryImpl.java:tryLock(229)) - Lock on /home/runner/work/ozone/ozone/hadoop-ozone/integration-test/target/test-dir/MiniOzoneClusterImpl-79f21b30-aaf8-43fb-84ca-e7a29640eabd/omNode-bootstrap-1/ratis/0718e334-ffa1-36bc-8e9a-0aac5367b30e/in_use.lock acquired by nodename 126670@fv-az848-402
2024-08-23 17:40:44,094 [omNode-bootstrap-1-impl-thread1] INFO  storage.RaftStorage (RaftStorageImpl.java:format(98)) - Storage directory /home/runner/work/ozone/ozone/hadoop-ozone/integration-test/target/test-dir/MiniOzoneClusterImpl-79f21b30-aaf8-43fb-84ca-e7a29640eabd/omNode-bootstrap-1/ratis/0718e334-ffa1-36bc-8e9a-0aac5367b30e has been successfully formatted.
2024-08-23 17:40:44,095 [omNode-bootstrap-1-impl-thread1] INFO  server.RaftServerConfigKeys (ConfUtils.java:logGet(46)) - raft.server.log.use.memory = false (default)
2024-08-23 17:40:44,095 [omNode-bootstrap-1-impl-thread1] INFO  server.RaftServerConfigKeys (ConfUtils.java:logGet(46)) - raft.server.log.purge.gap = 1000000 (custom)
2024-08-23 17:40:44,095 [omNode-bootstrap-1-impl-thread1] INFO  server.RaftServerConfigKeys (ConfUtils.java:logGet(46)) - raft.server.log.appender.buffer.byte-limit = 4194304 (custom)
2024-08-23 17:40:44,095 [omNode-bootstrap-1-impl-thread1] INFO  server.RaftServerConfigKeys (ConfUtils.java:logGet(46)) - raft.server.log.statemachine.data.read.timeout = 1000ms (default)
2024-08-23 17:40:44,095 [omNode-bootstrap-1-impl-thread1] INFO  server.RaftServerConfigKeys (ConfUtils.java:logGet(46)) - raft.server.log.purge.preservation.log.num = 0 (default)
2024-08-23 17:40:44,096 [omNode-bootstrap-1-impl-thread1] INFO  server.RaftServerConfigKeys (ConfUtils.java:logGet(46)) - raft.server.log.segment.size.max = 4194304 (custom)
2024-08-23 17:40:44,096 [omNode-bootstrap-1-impl-thread1] INFO  server.RaftServerConfigKeys (ConfUtils.java:logGet(46)) - raft.server.log.segment.cache.num.max = 2 (custom)
2024-08-23 17:40:44,096 [omNode-bootstrap-1-impl-thread1] INFO  server.RaftServerConfigKeys (ConfUtils.java:logGet(46)) - raft.server.log.segment.cache.size.max = 200MB (=209715200) (default)
2024-08-23 17:40:44,096 [omNode-bootstrap-1-impl-thread1] INFO  server.RaftServerConfigKeys (ConfUtils.java:logGet(46)) - raft.server.log.appender.buffer.byte-limit = 4194304 (custom)
2024-08-23 17:40:44,097 [omNode-bootstrap-1-impl-thread1] INFO  util.AwaitToRun (AwaitToRun.java:start(81)) - Thread[omNode-bootstrap-1@group-0AAC5367B30E-cacheEviction-AwaitToRun,5,main] started
2024-08-23 17:40:44,097 [omNode-bootstrap-1-impl-thread1] INFO  segmented.SegmentedRaftLogWorker (SegmentedRaftLogWorker.java:<init>(184)) - new omNode-bootstrap-1@group-0AAC5367B30E-SegmentedRaftLogWorker for RaftStorageImpl:Storage Directory /home/runner/work/ozone/ozone/hadoop-ozone/integration-test/target/test-dir/MiniOzoneClusterImpl-79f21b30-aaf8-43fb-84ca-e7a29640eabd/omNode-bootstrap-1/ratis/0718e334-ffa1-36bc-8e9a-0aac5367b30e
2024-08-23 17:40:44,097 [omNode-bootstrap-1-impl-thread1] INFO  server.RaftServerConfigKeys (ConfUtils.java:logGet(46)) - raft.server.log.queue.byte-limit = 64MB (=67108864) (default)
2024-08-23 17:40:44,097 [omNode-bootstrap-1-impl-thread1] INFO  server.RaftServerConfigKeys (ConfUtils.java:logGet(46)) - raft.server.log.queue.element-limit = 4096 (default)
2024-08-23 17:40:44,097 [omNode-bootstrap-1-impl-thread1] INFO  server.RaftServerConfigKeys (ConfUtils.java:logGet(46)) - raft.server.log.segment.size.max = 4194304 (custom)
2024-08-23 17:40:44,097 [omNode-bootstrap-1-impl-thread1] INFO  server.RaftServerConfigKeys (ConfUtils.java:logGet(46)) - raft.server.log.preallocated.size = 4194304 (custom)
2024-08-23 17:40:44,097 [omNode-bootstrap-1-impl-thread1] INFO  server.RaftServerConfigKeys (ConfUtils.java:logGet(46)) - raft.server.log.force.sync.num = 128 (default)
2024-08-23 17:40:44,097 [omNode-bootstrap-1-impl-thread1] INFO  server.RaftServerConfigKeys (ConfUtils.java:logGet(46)) - raft.server.log.statemachine.data.sync = true (default)
2024-08-23 17:40:44,097 [omNode-bootstrap-1-impl-thread1] INFO  server.RaftServerConfigKeys (ConfUtils.java:logGet(46)) - raft.server.log.statemachine.data.sync.timeout = 10s (default)
2024-08-23 17:40:44,097 [omNode-bootstrap-1-impl-thread1] INFO  server.RaftServerConfigKeys (ConfUtils.java:logGet(46)) - raft.server.log.statemachine.data.sync.timeout.retry = -1 (default)
2024-08-23 17:40:44,097 [omNode-bootstrap-1-impl-thread1] INFO  server.RaftServerConfigKeys (ConfUtils.java:logGet(46)) - raft.server.log.write.buffer.size = 4194312 (custom)
2024-08-23 17:40:44,098 [omNode-bootstrap-1-impl-thread1] INFO  server.RaftServerConfigKeys (ConfUtils.java:logGet(46)) - raft.server.log.appender.buffer.byte-limit = 4194304 (custom)
2024-08-23 17:40:44,098 [omNode-bootstrap-1-impl-thread1] INFO  server.RaftServerConfigKeys (ConfUtils.java:logGet(46)) - raft.server.log.unsafe-flush.enabled = false (default)
2024-08-23 17:40:44,098 [omNode-bootstrap-1-impl-thread1] INFO  server.RaftServerConfigKeys (ConfUtils.java:logGet(46)) - raft.server.log.async-flush.enabled = false (default)
2024-08-23 17:40:44,098 [omNode-bootstrap-1-impl-thread1] INFO  server.RaftServerConfigKeys (ConfUtils.java:logGet(46)) - raft.server.log.statemachine.data.caching.enabled = false (default)
2024-08-23 17:40:44,098 [omNode-bootstrap-1-impl-thread1] INFO  segmented.SegmentedRaftLogWorker (SegmentedRaftLogWorker.java:lambda$new$0(135)) - omNode-bootstrap-1@group-0AAC5367B30E-SegmentedRaftLogWorker: flushIndex: setUnconditionally 0 -> -1
2024-08-23 17:40:44,098 [omNode-bootstrap-1-impl-thread1] INFO  segmented.SegmentedRaftLogWorker (SegmentedRaftLogWorker.java:lambda$new$0(135)) - omNode-bootstrap-1@group-0AAC5367B30E-SegmentedRaftLogWorker: safeCacheEvictIndex: setUnconditionally 0 -> -1
2024-08-23 17:40:44,099 [omNode-bootstrap-1-impl-thread1] INFO  server.RaftServer$Division (RaftServerImpl.java:start(395)) - omNode-bootstrap-1@group-0AAC5367B30E: start with initializing state, conf=conf: {index: -1, cur=peers:[]|listeners:[], old=null}
2024-08-23 17:40:44,099 [omNode-bootstrap-1-impl-thread1] INFO  server.RaftServer$Division (RaftServerImpl.java:setRole(376)) - omNode-bootstrap-1@group-0AAC5367B30E: changes role from      null to FOLLOWER at term 0 for start
2024-08-23 17:40:44,099 [omNode-bootstrap-1-impl-thread1] INFO  util.JmxRegister (JmxRegister.java:tryRegister(44)) - Successfully registered JMX Bean with object name Ratis:service=RaftServer,group=group-0AAC5367B30E,id=omNode-bootstrap-1
2024-08-23 17:40:44,099 [omNode-bootstrap-1-impl-thread1] INFO  util.JmxRegister (JmxRegister.java:register(58)) - register mxBean class org.apache.ratis.server.impl.RaftServerJmxAdapter as Ratis:service=RaftServer,group=group-0AAC5367B30E,id=omNode-bootstrap-1
2024-08-23 17:40:44,099 [omNode-bootstrap-1-impl-thread1] INFO  server.RaftServerConfigKeys (ConfUtils.java:logGet(46)) - raft.server.snapshot.trigger-when-stop.enabled = true (default)
2024-08-23 17:40:44,099 [omNode-bootstrap-1-impl-thread1] INFO  server.RaftServerConfigKeys (ConfUtils.java:logGet(46)) - raft.server.snapshot.trigger-when-remove.enabled = true (default)
2024-08-23 17:40:44,099 [omNode-bootstrap-1-impl-thread1] INFO  server.RaftServerConfigKeys (ConfUtils.java:logGet(46)) - raft.server.snapshot.auto.trigger.enabled = true (custom)
2024-08-23 17:40:44,099 [omNode-bootstrap-1-impl-thread1] INFO  server.RaftServerConfigKeys (ConfUtils.java:logGet(46)) - raft.server.snapshot.auto.trigger.threshold = 400000 (default)
2024-08-23 17:40:44,099 [omNode-bootstrap-1-impl-thread1] INFO  server.RaftServerConfigKeys (ConfUtils.java:logGet(46)) - raft.server.snapshot.retention.file.num = -1 (default)
2024-08-23 17:40:44,099 [omNode-bootstrap-1-impl-thread1] INFO  server.RaftServerConfigKeys (ConfUtils.java:logGet(46)) - raft.server.log.purge.upto.snapshot.index = true (custom)
2024-08-23 17:40:44,100 [main] INFO  server.RaftServer (RaftServerProxy.java:startImpl(408)) - omNode-bootstrap-1: start RPC server
2024-08-23 17:40:44,101 [main] INFO  server.GrpcService (GrpcService.java:startImpl(302)) - omNode-bootstrap-1: GrpcService started, listening on 15097
2024-08-23 17:40:44,101 [JvmPauseMonitor13] INFO  util.JvmPauseMonitor (JvmPauseMonitor.java:run(146)) - JvmPauseMonitor-omNode-bootstrap-1: Started
2024-08-23 17:40:44,102 [main] INFO  om.OzoneManager (OzoneManager.java:start(1695)) - Version File has different layout version (7) than OM DB (null). That is expected if this OM has never been finalized to a newer layout version.
2024-08-23 17:40:44,106 [main] INFO  client.ScmTopologyClient (ScmTopologyClient.java:start(72)) - Initial network topology fetched from SCM: /.
2024-08-23 17:40:44,106 [main] INFO  net.NodeSchemaLoader (NodeSchemaLoader.java:loadSchemaFromFile(129)) - Loading schema from [jar:file:/home/runner/work/ozone/ozone/hadoop-hdds/common/target/hdds-common-1.5.0-SNAPSHOT.jar!/network-topology-default.xml]
2024-08-23 17:40:44,106 [main] INFO  net.NodeSchemaLoader (NodeSchemaLoader.java:loadSchema(176)) - Loading network topology layer schema file
2024-08-23 17:40:44,112 [main] INFO  http.BaseHttpServer (BaseHttpServer.java:newHttpServer2BuilderForOzone(223)) - Starting Web-server for ozoneManager at: http://0.0.0.0:15095
2024-08-23 17:40:44,112 [main] INFO  http.BaseHttpServer (BaseHttpServer.java:<init>(110)) - Hadoop Security Enabled: false Ozone Security Enabled: false Ozone HTTP Security Enabled: false 
2024-08-23 17:40:44,113 [main] WARN  server.AuthenticationFilter (AuthenticationFilter.java:constructSecretProvider(240)) - Unable to initialize FileSignerSecretProvider, falling back to use random secrets. Reason: Could not read signature secret file: /home/runner/hadoop-http-auth-signature-secret
2024-08-23 17:40:44,114 [main] INFO  http.HttpRequestLog (HttpRequestLog.java:getRequestLog(86)) - Http request log for http.requests.ozoneManager is not defined
2024-08-23 17:40:44,115 [main] INFO  http.HttpServer2 (HttpServer2.java:addGlobalFilter(1035)) - Added global filter 'safety' (class=org.apache.hadoop.hdds.server.http.HttpServer2$QuotingInputFilter)
2024-08-23 17:40:44,116 [main] INFO  http.HttpServer2 (HttpServer2.java:addFilter(1011)) - Added filter static_user_filter (class=org.apache.hadoop.http.lib.StaticUserWebFilter$StaticUserFilter) to context ozoneManager
2024-08-23 17:40:44,116 [main] INFO  http.HttpServer2 (HttpServer2.java:addFilter(1019)) - Added filter static_user_filter (class=org.apache.hadoop.http.lib.StaticUserWebFilter$StaticUserFilter) to context static
2024-08-23 17:40:44,116 [main] INFO  http.HttpServer2 (HttpServer2.java:addFilter(1019)) - Added filter static_user_filter (class=org.apache.hadoop.http.lib.StaticUserWebFilter$StaticUserFilter) to context logs
2024-08-23 17:40:44,117 [main] INFO  http.BaseHttpServer (BaseHttpServer.java:<init>(189)) - HTTP server of ozoneManager uses base directory /home/runner/work/ozone/ozone/hadoop-ozone/integration-test/target/test-dir/MiniOzoneClusterImpl-79f21b30-aaf8-43fb-84ca-e7a29640eabd/omNode-bootstrap-1/webserver
2024-08-23 17:40:44,117 [main] INFO  http.HttpServer2 (HttpServer2.java:bindListener(1235)) - Jetty bound to port 15095
2024-08-23 17:40:44,117 [main] INFO  server.Server (Server.java:doStart(375)) - jetty-9.4.55.v20240627; built: 2024-06-27T15:05:37.765Z; git: 70015831e5195ba74da6383c4ab7c90c56bb08af; jvm 17.0.12+7
2024-08-23 17:40:44,119 [main] INFO  server.session (DefaultSessionIdManager.java:doStart(334)) - DefaultSessionIdManager workerName=node0
2024-08-23 17:40:44,119 [main] INFO  server.session (DefaultSessionIdManager.java:doStart(339)) - No SessionScavenger set, using defaults
2024-08-23 17:40:44,119 [main] INFO  server.session (HouseKeeper.java:startScavenging(132)) - node0 Scavenging every 600000ms
2024-08-23 17:40:44,121 [main] INFO  handler.ContextHandler (ContextHandler.java:doStart(921)) - Started o.e.j.s.ServletContextHandler@301576db{logs,/logs,file:///home/runner/work/ozone/ozone/hadoop-ozone/integration-test/target/log,AVAILABLE}
2024-08-23 17:40:44,121 [main] INFO  handler.ContextHandler (ContextHandler.java:doStart(921)) - Started o.e.j.s.ServletContextHandler@22057f80{static,/static,file:///home/runner/work/ozone/ozone/hadoop-ozone/integration-test/target/test-classes/webapps/static,AVAILABLE}
2024-08-23 17:40:44,126 [main] INFO  handler.ContextHandler (ContextHandler.java:doStart(921)) - Started o.e.j.w.WebAppContext@7a65bdb{ozoneManager,/,file:///home/runner/work/ozone/ozone/hadoop-ozone/integration-test/target/test-classes/webapps/ozoneManager/,AVAILABLE}{file:/home/runner/work/ozone/ozone/hadoop-ozone/integration-test/target/test-classes/webapps/ozoneManager}
2024-08-23 17:40:44,127 [main] INFO  server.AbstractConnector (AbstractConnector.java:doStart(333)) - Started ServerConnector@561306b2{HTTP/1.1, (http/1.1)}{0.0.0.0:15095}
2024-08-23 17:40:44,127 [main] INFO  server.Server (Server.java:doStart(415)) - Started @68111ms
2024-08-23 17:40:44,128 [main] WARN  impl.MetricsSystemImpl (MetricsSystemImpl.java:register(279)) - Sink prometheus already exists!
2024-08-23 17:40:44,128 [main] INFO  http.BaseHttpServer (BaseHttpServer.java:updateConnectorAddress(354)) - HTTP server of ozoneManager listening at http://0.0.0.0:15095
2024-08-23 17:40:44,130 [IPC Server Responder] INFO  ipc.Server (Server.java:run(1562)) - IPC Server Responder: starting
2024-08-23 17:40:44,130 [IPC Server listener on 15094] INFO  ipc.Server (Server.java:run(1402)) - IPC Server listener on 15094: starting
2024-08-23 17:40:44,135 [main] INFO  om.OzoneManager (OzoneManager.java:startTrashEmptier(2157)) - Trash Interval set to 0. Files deleted won't move to trash
2024-08-23 17:40:44,137 [IPC Server handler 1 on default port 15063] INFO  ratis.OzoneManagerRatisServer (OzoneManagerRatisServer.java:addOMToRatisRing(347)) - omNode-1: Submitting SetConfiguration request to Ratis server to add new OM peer omNode-bootstrap-1|localhost:15097 to the Ratis group group-0AAC5367B30E:[omNode-1|localhost:15066]
2024-08-23 17:40:44,138 [IPC Server handler 1 on default port 15063] INFO  server.RaftServer$Division (RaftServerImpl.java:setConfigurationAsync(1305)) - omNode-1@group-0AAC5367B30E: receive setConfiguration SetConfigurationRequest:client-58D165B4100C->omNode-1@group-0AAC5367B30E, cid=1, seq=null, RW, null, SET_UNCONDITIONALLY, servers:[omNode-1|localhost:15066, omNode-bootstrap-1|localhost:15097], listeners:[]
2024-08-23 17:40:44,138 [IPC Server handler 1 on default port 15063] INFO  server.RaftServer$Division (LeaderStateImpl.java:startSetConfiguration(488)) - omNode-1@group-0AAC5367B30E-LeaderStateImpl: startSetConfiguration SetConfigurationRequest:client-58D165B4100C->omNode-1@group-0AAC5367B30E, cid=1, seq=null, RW, null, SET_UNCONDITIONALLY, servers:[omNode-1|localhost:15066, omNode-bootstrap-1|localhost:15097], listeners:[]
2024-08-23 17:40:44,138 [IPC Server handler 1 on default port 15063] INFO  server.RaftServerConfigKeys (ConfUtils.java:logGet(46)) - raft.server.log.appender.snapshot.chunk.size.max = 16MB (=16777216) (default)
2024-08-23 17:40:44,138 [IPC Server handler 1 on default port 15063] INFO  server.RaftServerConfigKeys (ConfUtils.java:logGet(46)) - raft.server.log.appender.buffer.byte-limit = 4194304 (custom)
2024-08-23 17:40:44,138 [IPC Server handler 1 on default port 15063] INFO  server.RaftServerConfigKeys (ConfUtils.java:logGet(46)) - raft.server.log.appender.buffer.element-limit = 1024 (custom)
2024-08-23 17:40:44,138 [IPC Server handler 1 on default port 15063] INFO  server.RaftServerConfigKeys (ConfUtils.java:logGet(46)) - raft.server.log.appender.wait-time.min = 0ms (custom)
2024-08-23 17:40:44,138 [IPC Server handler 1 on default port 15063] INFO  grpc.GrpcConfigKeys (ConfUtils.java:logGet(46)) - raft.grpc.server.leader.outstanding.appends.max = 8 (default)
2024-08-23 17:40:44,139 [IPC Server handler 1 on default port 15063] INFO  server.RaftServerConfigKeys (ConfUtils.java:logGet(46)) - raft.server.rpc.request.timeout = 3000ms (default)
2024-08-23 17:40:44,139 [IPC Server handler 1 on default port 15063] INFO  grpc.GrpcConfigKeys (ConfUtils.java:logGet(46)) - raft.grpc.server.install_snapshot.request.element-limit = 8 (default)
2024-08-23 17:40:44,139 [IPC Server handler 1 on default port 15063] INFO  grpc.GrpcConfigKeys (ConfUtils.java:logGet(46)) - raft.grpc.server.install_snapshot.request.timeout = 3000ms (default)
2024-08-23 17:40:44,139 [IPC Server handler 1 on default port 15063] INFO  grpc.GrpcConfigKeys (ConfUtils.java:logGet(46)) - raft.grpc.server.log-message.batch.duration = 5s (default)
2024-08-23 17:40:44,139 [IPC Server handler 1 on default port 15063] INFO  server.RaftServerConfigKeys (ConfUtils.java:logGet(46)) - raft.server.log.appender.install.snapshot.enabled = false (custom)
2024-08-23 17:40:44,139 [IPC Server handler 1 on default port 15063] INFO  grpc.GrpcConfigKeys (ConfUtils.java:logGet(46)) - raft.grpc.server.heartbeat.channel = true (default)
2024-08-23 17:40:44,140 [omNode-1@group-0AAC5367B30E->omNode-bootstrap-1-GrpcLogAppender-LogAppenderDaemon] INFO  server.GrpcLogAppender (GrpcLogAppender.java:notifyInstallSnapshot(790)) - omNode-1@group-0AAC5367B30E->omNode-bootstrap-1-GrpcLogAppender: notifyInstallSnapshot with firstAvailable=(t:1, i:0), followerNextIndex=0
2024-08-23 17:40:44,140 [omNode-1@group-0AAC5367B30E->omNode-bootstrap-1-GrpcLogAppender-LogAppenderDaemon] INFO  server.GrpcLogAppender (GrpcLogAppender.java:notifyInstallSnapshot(798)) - omNode-1@group-0AAC5367B30E->omNode-bootstrap-1-GrpcLogAppender: send omNode-1->omNode-bootstrap-1#0-t1,notify:(t:1, i:0)
2024-08-23 17:40:44,140 [omNode-1@group-0AAC5367B30E->omNode-bootstrap-1-GrpcLogAppender-LogAppenderDaemon] INFO  server.GrpcServerProtocolClient (GrpcServerProtocolClient.java:<init>(65)) - Build channel for omNode-bootstrap-1|localhost:15097
2024-08-23 17:40:44,145 [grpc-default-executor-0] INFO  impl.SnapshotInstallationHandler (SnapshotInstallationHandler.java:installSnapshot(92)) - omNode-bootstrap-1@group-0AAC5367B30E: receive installSnapshot: omNode-1->omNode-bootstrap-1#0-t1,notify:(t:1, i:0)
2024-08-23 17:40:44,146 [grpc-default-executor-0] INFO  server.RaftServer$Division (RaftServerImpl.java:setFirstElection(549)) - omNode-bootstrap-1@group-0AAC5367B30E: set firstElectionSinceStartup to false for installSnapshot
2024-08-23 17:40:44,147 [grpc-default-executor-0] INFO  server.RaftServer$Division (ServerState.java:setLeader(272)) - omNode-bootstrap-1@group-0AAC5367B30E: change Leader from null to omNode-1 at term 1 for installSnapshot, leader elected after 451ms
2024-08-23 17:40:44,147 [grpc-default-executor-0] INFO  impl.SnapshotInstallationHandler (SnapshotInstallationHandler.java:notifyStateMachineToInstallSnapshot(222)) - omNode-bootstrap-1@group-0AAC5367B30E: Received notification to install snapshot at index 0
2024-08-23 17:40:44,147 [grpc-default-executor-0] INFO  impl.SnapshotInstallationHandler (SnapshotInstallationHandler.java:notifyStateMachineToInstallSnapshot(256)) - omNode-bootstrap-1@group-0AAC5367B30E: notifyInstallSnapshot: nextIndex is 0 but the leader's first available index is 0.
2024-08-23 17:40:44,147 [grpc-default-executor-0] INFO  ratis.OzoneManagerStateMachine (OzoneManagerStateMachine.java:notifyInstallSnapshotFromLeader(511)) - Received install snapshot notification from OM leader: omNode-1 with term index: (t:1, i:0)
2024-08-23 17:40:44,147 [omNode-bootstrap-1-InstallSnapshotThread] INFO  utils.RDBSnapshotProvider (RDBSnapshotProvider.java:downloadDBSnapshotFromLeader(110)) - Prepare to download the snapshot from leader OM omNode-1 and reloading state from the snapshot.
2024-08-23 17:40:44,147 [grpc-default-executor-0] INFO  impl.SnapshotInstallationHandler (SnapshotInstallationHandler.java:installSnapshotImpl(138)) - omNode-bootstrap-1@group-0AAC5367B30E: set new configuration configurationEntry {
  peers {
    id: "omNode-1"
    address: "localhost:15066"
    startupRole: FOLLOWER
  }
}
 from snapshot
2024-08-23 17:40:44,147 [grpc-default-executor-0] INFO  server.RaftServer$Division (ServerState.java:setRaftConf(386)) - omNode-bootstrap-1@group-0AAC5367B30E: set configuration conf: {index: 0, cur=peers:[omNode-1|localhost:15066]|listeners:[], old=null}
2024-08-23 17:40:44,148 [omNode-bootstrap-1-InstallSnapshotThread] INFO  ratis_snapshot.OmRatisSnapshotProvider (OmRatisSnapshotProvider.java:downloadSnapshot(146)) - Downloading latest checkpoint from Leader OM omNode-1. Checkpoint URL: http://127.0.0.1:15064/dbCheckpoint?includeSnapshotData=true&flushBeforeCheckpoint=true
2024-08-23 17:40:44,148 [grpc-default-executor-0] INFO  ratis.OzoneManagerStateMachine (OzoneManagerStateMachine.java:notifyConfigurationChanged(216)) - Received Configuration change notification from Ratis. New Peer list:
[id: "omNode-1"
address: "localhost:15066"
startupRole: FOLLOWER
]
2024-08-23 17:40:44,149 [grpc-default-executor-0] INFO  ratis.OzoneManagerRatisServer (OzoneManagerRatisServer.java:addRaftPeer(436)) - Added OM omNode-1 to Ratis Peers list.
2024-08-23 17:40:44,149 [grpc-default-executor-0] INFO  om.OzoneManager (OzoneManager.java:addOMNodeToPeers(2078)) - Added OM omNode-1 to the Peer list.
2024-08-23 17:40:44,149 [grpc-default-executor-0] INFO  impl.SnapshotInstallationHandler (SnapshotInstallationHandler.java:installSnapshot(103)) - omNode-bootstrap-1@group-0AAC5367B30E: reply installSnapshot: omNode-1<-omNode-bootstrap-1#0:FAIL-t0,IN_PROGRESS,snapshotIndex=0
2024-08-23 17:40:44,149 [grpc-default-executor-0] INFO  server.GrpcServerProtocolService (GrpcServerProtocolService.java:onCompleted(157)) - omNode-bootstrap-1: Completed INSTALL_SNAPSHOT, lastRequest: omNode-1->omNode-bootstrap-1#0-t1,notify:(t:1, i:0)
2024-08-23 17:40:44,149 [grpc-default-executor-0] INFO  server.GrpcServerProtocolService (GrpcServerProtocolService.java:lambda$onCompleted$5(159)) - omNode-bootstrap-1: Completed INSTALL_SNAPSHOT, lastReply: null
2024-08-23 17:40:44,149 [grpc-default-executor-1] INFO  server.GrpcLogAppender (GrpcLogAppender.java:onNext(649)) - omNode-1@group-0AAC5367B30E->omNode-bootstrap-1-InstallSnapshotResponseHandler: received the first reply omNode-1<-omNode-bootstrap-1#0:FAIL-t0,IN_PROGRESS,snapshotIndex=0
2024-08-23 17:40:44,149 [grpc-default-executor-1] INFO  server.GrpcLogAppender (GrpcLogAppender.java:onNext(665)) - omNode-1@group-0AAC5367B30E->omNode-bootstrap-1-InstallSnapshotResponseHandler: InstallSnapshot in progress.
2024-08-23 17:40:44,152 [qtp71820444-1685] INFO  utils.DBCheckpointServlet (DBCheckpointServlet.java:doPost(314)) - Received POST request to obtain DB checkpoint snapshot
2024-08-23 17:40:44,152 [qtp71820444-1685] WARN  utils.DBCheckpointServlet (DBCheckpointServlet.java:parseFormDataParameters(287)) - Exception occured during form data parsing Stream ended unexpectedly
2024-08-23 17:40:44,157 [omNode-1@group-0AAC5367B30E->omNode-bootstrap-1-GrpcLogAppender-LogAppenderDaemon] INFO  server.GrpcLogAppender (GrpcLogAppender.java:notifyInstallSnapshot(790)) - omNode-1@group-0AAC5367B30E->omNode-bootstrap-1-GrpcLogAppender: notifyInstallSnapshot with firstAvailable=(t:1, i:0), followerNextIndex=0
2024-08-23 17:40:44,158 [omNode-1@group-0AAC5367B30E->omNode-bootstrap-1-GrpcLogAppender-LogAppenderDaemon] INFO  server.GrpcLogAppender (GrpcLogAppender.java:notifyInstallSnapshot(798)) - omNode-1@group-0AAC5367B30E->omNode-bootstrap-1-GrpcLogAppender: send omNode-1->omNode-bootstrap-1#0-t1,notify:(t:1, i:0)
2024-08-23 17:40:44,158 [grpc-default-executor-0] INFO  impl.SnapshotInstallationHandler (SnapshotInstallationHandler.java:installSnapshot(92)) - omNode-bootstrap-1@group-0AAC5367B30E: receive installSnapshot: omNode-1->omNode-bootstrap-1#0-t1,notify:(t:1, i:0)
2024-08-23 17:40:44,159 [grpc-default-executor-0] INFO  impl.SnapshotInstallationHandler (SnapshotInstallationHandler.java:installSnapshotImpl(138)) - omNode-bootstrap-1@group-0AAC5367B30E: set new configuration configurationEntry {
  peers {
    id: "omNode-1"
    address: "localhost:15066"
    startupRole: FOLLOWER
  }
}
 from snapshot
2024-08-23 17:40:44,159 [grpc-default-executor-0] INFO  server.RaftServer$Division (ServerState.java:setRaftConf(386)) - omNode-bootstrap-1@group-0AAC5367B30E: set configuration conf: {index: 0, cur=peers:[omNode-1|localhost:15066]|listeners:[], old=null}
2024-08-23 17:40:44,159 [omNode-bootstrap-1-server-thread1] INFO  server.RaftServer$Division (RaftServerImpl.java:checkInconsistentAppendEntries(1629)) - omNode-bootstrap-1@group-0AAC5367B30E: Failed appendEntries as snapshot (0) installation is in progress
2024-08-23 17:40:44,159 [omNode-bootstrap-1-server-thread1] INFO  server.RaftServer$Division (RaftServerImpl.java:appendEntriesAsync(1584)) - omNode-bootstrap-1@group-0AAC5367B30E: appendEntries* reply omNode-1<-omNode-bootstrap-1#0:FAIL-t1,INCONSISTENCY,nextIndex=0,followerCommit=-1,matchIndex=-1
2024-08-23 17:40:44,160 [grpc-default-executor-0] INFO  ratis.OzoneManagerStateMachine (OzoneManagerStateMachine.java:notifyConfigurationChanged(216)) - Received Configuration change notification from Ratis. New Peer list:
[id: "omNode-1"
address: "localhost:15066"
startupRole: FOLLOWER
]
2024-08-23 17:40:44,160 [grpc-default-executor-0] INFO  impl.SnapshotInstallationHandler (SnapshotInstallationHandler.java:installSnapshot(103)) - omNode-bootstrap-1@group-0AAC5367B30E: reply installSnapshot: omNode-1<-omNode-bootstrap-1#0:FAIL-t1,IN_PROGRESS,snapshotIndex=0
2024-08-23 17:40:44,160 [grpc-default-executor-0] INFO  server.GrpcServerProtocolService (GrpcServerProtocolService.java:onCompleted(157)) - omNode-bootstrap-1: Completed INSTALL_SNAPSHOT, lastRequest: omNode-1->omNode-bootstrap-1#0-t1,notify:(t:1, i:0)
2024-08-23 17:40:44,160 [grpc-default-executor-0] INFO  server.GrpcServerProtocolService (GrpcServerProtocolService.java:lambda$onCompleted$5(159)) - omNode-bootstrap-1: Completed INSTALL_SNAPSHOT, lastReply: null
2024-08-23 17:40:44,160 [grpc-default-executor-2] INFO  server.GrpcLogAppender (GrpcLogAppender.java:onNext(649)) - omNode-1@group-0AAC5367B30E->omNode-bootstrap-1-InstallSnapshotResponseHandler: received a reply omNode-1<-omNode-bootstrap-1#0:FAIL-t1,IN_PROGRESS,snapshotIndex=0
2024-08-23 17:40:44,160 [grpc-default-executor-2] INFO  server.GrpcLogAppender (GrpcLogAppender.java:onNext(665)) - omNode-1@group-0AAC5367B30E->omNode-bootstrap-1-InstallSnapshotResponseHandler: InstallSnapshot in progress.
2024-08-23 17:40:44,161 [grpc-default-executor-2] WARN  server.GrpcLogAppender (GrpcLogAppender.java:onNextImpl(519)) - omNode-1@group-0AAC5367B30E->omNode-bootstrap-1-AppendLogResponseHandler: received INCONSISTENCY reply with nextIndex 0, errorCount=1, request=AppendEntriesRequest:cid=0,entriesCount=0
2024-08-23 17:40:44,161 [omNode-1@group-0AAC5367B30E->omNode-bootstrap-1-GrpcLogAppender-LogAppenderDaemon] INFO  server.GrpcLogAppender (GrpcLogAppender.java:notifyInstallSnapshot(790)) - omNode-1@group-0AAC5367B30E->omNode-bootstrap-1-GrpcLogAppender: notifyInstallSnapshot with firstAvailable=(t:1, i:0), followerNextIndex=0
2024-08-23 17:40:44,161 [omNode-1@group-0AAC5367B30E->omNode-bootstrap-1-GrpcLogAppender-LogAppenderDaemon] INFO  server.GrpcLogAppender (GrpcLogAppender.java:notifyInstallSnapshot(798)) - omNode-1@group-0AAC5367B30E->omNode-bootstrap-1-GrpcLogAppender: send omNode-1->omNode-bootstrap-1#0-t1,notify:(t:1, i:0)
2024-08-23 17:40:44,161 [omNode-bootstrap-1-server-thread1] INFO  server.RaftServer$Division (RaftServerImpl.java:checkInconsistentAppendEntries(1629)) - omNode-bootstrap-1@group-0AAC5367B30E: Failed appendEntries as snapshot (0) installation is in progress
2024-08-23 17:40:44,162 [omNode-bootstrap-1-server-thread1] INFO  server.RaftServer$Division (RaftServerImpl.java:appendEntriesAsync(1584)) - omNode-bootstrap-1@group-0AAC5367B30E: appendEntries* reply omNode-1<-omNode-bootstrap-1#1:FAIL-t1,INCONSISTENCY,nextIndex=0,followerCommit=-1,matchIndex=-1
2024-08-23 17:40:44,162 [grpc-default-executor-2] INFO  impl.SnapshotInstallationHandler (SnapshotInstallationHandler.java:installSnapshot(92)) - omNode-bootstrap-1@group-0AAC5367B30E: receive installSnapshot: omNode-1->omNode-bootstrap-1#0-t1,notify:(t:1, i:0)
2024-08-23 17:40:44,162 [grpc-default-executor-2] INFO  impl.SnapshotInstallationHandler (SnapshotInstallationHandler.java:installSnapshotImpl(138)) - omNode-bootstrap-1@group-0AAC5367B30E: set new configuration configurationEntry {
  peers {
    id: "omNode-1"
    address: "localhost:15066"
    startupRole: FOLLOWER
  }
}
 from snapshot
2024-08-23 17:40:44,162 [grpc-default-executor-2] INFO  server.RaftServer$Division (ServerState.java:setRaftConf(386)) - omNode-bootstrap-1@group-0AAC5367B30E: set configuration conf: {index: 0, cur=peers:[omNode-1|localhost:15066]|listeners:[], old=null}
2024-08-23 17:40:44,163 [grpc-default-executor-2] INFO  ratis.OzoneManagerStateMachine (OzoneManagerStateMachine.java:notifyConfigurationChanged(216)) - Received Configuration change notification from Ratis. New Peer list:
[id: "omNode-1"
address: "localhost:15066"
startupRole: FOLLOWER
]
2024-08-23 17:40:44,163 [grpc-default-executor-2] INFO  impl.SnapshotInstallationHandler (SnapshotInstallationHandler.java:installSnapshot(103)) - omNode-bootstrap-1@group-0AAC5367B30E: reply installSnapshot: omNode-1<-omNode-bootstrap-1#0:FAIL-t1,IN_PROGRESS,snapshotIndex=0
2024-08-23 17:40:44,163 [grpc-default-executor-0] WARN  server.GrpcLogAppender (GrpcLogAppender.java:onNextImpl(519)) - omNode-1@group-0AAC5367B30E->omNode-bootstrap-1-AppendLogResponseHandler: received INCONSISTENCY reply with nextIndex 0, errorCount=2, request=null
2024-08-23 17:40:44,163 [grpc-default-executor-2] INFO  server.GrpcServerProtocolService (GrpcServerProtocolService.java:onCompleted(157)) - omNode-bootstrap-1: Completed INSTALL_SNAPSHOT, lastRequest: omNode-1->omNode-bootstrap-1#0-t1,notify:(t:1, i:0)
2024-08-23 17:40:44,163 [grpc-default-executor-2] INFO  server.GrpcServerProtocolService (GrpcServerProtocolService.java:lambda$onCompleted$5(159)) - omNode-bootstrap-1: Completed INSTALL_SNAPSHOT, lastReply: null
2024-08-23 17:40:44,163 [grpc-default-executor-0] INFO  server.GrpcLogAppender (GrpcLogAppender.java:onNext(649)) - omNode-1@group-0AAC5367B30E->omNode-bootstrap-1-InstallSnapshotResponseHandler: received a reply omNode-1<-omNode-bootstrap-1#0:FAIL-t1,IN_PROGRESS,snapshotIndex=0
2024-08-23 17:40:44,164 [grpc-default-executor-0] INFO  server.GrpcLogAppender (GrpcLogAppender.java:onNext(665)) - omNode-1@group-0AAC5367B30E->omNode-bootstrap-1-InstallSnapshotResponseHandler: InstallSnapshot in progress.
2024-08-23 17:40:44,166 [omNode-1@group-0AAC5367B30E->omNode-bootstrap-1-GrpcLogAppender-LogAppenderDaemon] INFO  server.GrpcLogAppender (GrpcLogAppender.java:notifyInstallSnapshot(790)) - omNode-1@group-0AAC5367B30E->omNode-bootstrap-1-GrpcLogAppender: notifyInstallSnapshot with firstAvailable=(t:1, i:0), followerNextIndex=0
2024-08-23 17:40:44,167 [omNode-1@group-0AAC5367B30E->omNode-bootstrap-1-GrpcLogAppender-LogAppenderDaemon] INFO  server.GrpcLogAppender (GrpcLogAppender.java:notifyInstallSnapshot(798)) - omNode-1@group-0AAC5367B30E->omNode-bootstrap-1-GrpcLogAppender: send omNode-1->omNode-bootstrap-1#0-t1,notify:(t:1, i:0)
2024-08-23 17:40:44,169 [grpc-default-executor-1] INFO  impl.SnapshotInstallationHandler (SnapshotInstallationHandler.java:installSnapshot(92)) - omNode-bootstrap-1@group-0AAC5367B30E: receive installSnapshot: omNode-1->omNode-bootstrap-1#0-t1,notify:(t:1, i:0)
2024-08-23 17:40:44,169 [grpc-default-executor-1] INFO  impl.SnapshotInstallationHandler (SnapshotInstallationHandler.java:installSnapshotImpl(138)) - omNode-bootstrap-1@group-0AAC5367B30E: set new configuration configurationEntry {
  peers {
    id: "omNode-1"
    address: "localhost:15066"
    startupRole: FOLLOWER
  }
}
 from snapshot
2024-08-23 17:40:44,169 [grpc-default-executor-1] INFO  server.RaftServer$Division (ServerState.java:setRaftConf(386)) - omNode-bootstrap-1@group-0AAC5367B30E: set configuration conf: {index: 0, cur=peers:[omNode-1|localhost:15066]|listeners:[], old=null}
2024-08-23 17:40:44,170 [omNode-bootstrap-1-server-thread1] INFO  server.RaftServer$Division (RaftServerImpl.java:checkInconsistentAppendEntries(1629)) - omNode-bootstrap-1@group-0AAC5367B30E: Failed appendEntries as snapshot (0) installation is in progress
2024-08-23 17:40:44,170 [omNode-bootstrap-1-server-thread1] INFO  server.RaftServer$Division (RaftServerImpl.java:appendEntriesAsync(1584)) - omNode-bootstrap-1@group-0AAC5367B30E: appendEntries* reply omNode-1<-omNode-bootstrap-1#2:FAIL-t1,INCONSISTENCY,nextIndex=0,followerCommit=-1,matchIndex=-1
2024-08-23 17:40:44,171 [grpc-default-executor-0] WARN  server.GrpcLogAppender (GrpcLogAppender.java:onNextImpl(519)) - omNode-1@group-0AAC5367B30E->omNode-bootstrap-1-AppendLogResponseHandler: received INCONSISTENCY reply with nextIndex 0, errorCount=1, request=AppendEntriesRequest:cid=2,entriesCount=0
2024-08-23 17:40:44,173 [grpc-default-executor-1] INFO  ratis.OzoneManagerStateMachine (OzoneManagerStateMachine.java:notifyConfigurationChanged(216)) - Received Configuration change notification from Ratis. New Peer list:
[id: "omNode-1"
address: "localhost:15066"
startupRole: FOLLOWER
]
2024-08-23 17:40:44,173 [grpc-default-executor-1] INFO  impl.SnapshotInstallationHandler (SnapshotInstallationHandler.java:installSnapshot(103)) - omNode-bootstrap-1@group-0AAC5367B30E: reply installSnapshot: omNode-1<-omNode-bootstrap-1#0:FAIL-t1,IN_PROGRESS,snapshotIndex=0
2024-08-23 17:40:44,173 [grpc-default-executor-1] INFO  server.GrpcServerProtocolService (GrpcServerProtocolService.java:onCompleted(157)) - omNode-bootstrap-1: Completed INSTALL_SNAPSHOT, lastRequest: omNode-1->omNode-bootstrap-1#0-t1,notify:(t:1, i:0)
2024-08-23 17:40:44,173 [grpc-default-executor-1] INFO  server.GrpcServerProtocolService (GrpcServerProtocolService.java:lambda$onCompleted$5(159)) - omNode-bootstrap-1: Completed INSTALL_SNAPSHOT, lastReply: null
2024-08-23 17:40:44,173 [grpc-default-executor-2] INFO  server.GrpcLogAppender (GrpcLogAppender.java:onNext(649)) - omNode-1@group-0AAC5367B30E->omNode-bootstrap-1-InstallSnapshotResponseHandler: received a reply omNode-1<-omNode-bootstrap-1#0:FAIL-t1,IN_PROGRESS,snapshotIndex=0
2024-08-23 17:40:44,173 [grpc-default-executor-2] INFO  server.GrpcLogAppender (GrpcLogAppender.java:onNext(665)) - omNode-1@group-0AAC5367B30E->omNode-bootstrap-1-InstallSnapshotResponseHandler: InstallSnapshot in progress.
2024-08-23 17:40:44,178 [omNode-1@group-0AAC5367B30E->omNode-bootstrap-1-GrpcLogAppender-LogAppenderDaemon] INFO  server.GrpcLogAppender (GrpcLogAppender.java:notifyInstallSnapshot(790)) - omNode-1@group-0AAC5367B30E->omNode-bootstrap-1-GrpcLogAppender: notifyInstallSnapshot with firstAvailable=(t:1, i:0), followerNextIndex=0
2024-08-23 17:40:44,178 [omNode-bootstrap-1-server-thread1] INFO  server.RaftServer$Division (RaftServerImpl.java:checkInconsistentAppendEntries(1629)) - omNode-bootstrap-1@group-0AAC5367B30E: Failed appendEntries as snapshot (0) installation is in progress
2024-08-23 17:40:44,179 [omNode-bootstrap-1-server-thread1] INFO  server.RaftServer$Division (RaftServerImpl.java:appendEntriesAsync(1584)) - omNode-bootstrap-1@group-0AAC5367B30E: appendEntries* reply omNode-1<-omNode-bootstrap-1#3:FAIL-t1,INCONSISTENCY,nextIndex=0,followerCommit=-1,matchIndex=-1
2024-08-23 17:40:44,179 [omNode-1@group-0AAC5367B30E->omNode-bootstrap-1-GrpcLogAppender-LogAppenderDaemon] INFO  server.GrpcLogAppender (GrpcLogAppender.java:notifyInstallSnapshot(798)) - omNode-1@group-0AAC5367B30E->omNode-bootstrap-1-GrpcLogAppender: send omNode-1->omNode-bootstrap-1#0-t1,notify:(t:1, i:0)
2024-08-23 17:40:44,179 [grpc-default-executor-0] WARN  server.GrpcLogAppender (GrpcLogAppender.java:onNextImpl(519)) - omNode-1@group-0AAC5367B30E->omNode-bootstrap-1-AppendLogResponseHandler: received INCONSISTENCY reply with nextIndex 0, errorCount=1, request=AppendEntriesRequest:cid=3,entriesCount=0
2024-08-23 17:40:44,180 [grpc-default-executor-1] INFO  impl.SnapshotInstallationHandler (SnapshotInstallationHandler.java:installSnapshot(92)) - omNode-bootstrap-1@group-0AAC5367B30E: receive installSnapshot: omNode-1->omNode-bootstrap-1#0-t1,notify:(t:1, i:0)
2024-08-23 17:40:44,180 [grpc-default-executor-1] INFO  impl.SnapshotInstallationHandler (SnapshotInstallationHandler.java:installSnapshotImpl(138)) - omNode-bootstrap-1@group-0AAC5367B30E: set new configuration configurationEntry {
  peers {
    id: "omNode-1"
    address: "localhost:15066"
    startupRole: FOLLOWER
  }
}
 from snapshot
2024-08-23 17:40:44,180 [grpc-default-executor-1] INFO  server.RaftServer$Division (ServerState.java:setRaftConf(386)) - omNode-bootstrap-1@group-0AAC5367B30E: set configuration conf: {index: 0, cur=peers:[omNode-1|localhost:15066]|listeners:[], old=null}
2024-08-23 17:40:44,181 [grpc-default-executor-1] INFO  ratis.OzoneManagerStateMachine (OzoneManagerStateMachine.java:notifyConfigurationChanged(216)) - Received Configuration change notification from Ratis. New Peer list:
[id: "omNode-1"
address: "localhost:15066"
startupRole: FOLLOWER
]
2024-08-23 17:40:44,181 [grpc-default-executor-1] INFO  impl.SnapshotInstallationHandler (SnapshotInstallationHandler.java:installSnapshot(103)) - omNode-bootstrap-1@group-0AAC5367B30E: reply installSnapshot: omNode-1<-omNode-bootstrap-1#0:FAIL-t1,IN_PROGRESS,snapshotIndex=0
2024-08-23 17:40:44,181 [grpc-default-executor-1] INFO  server.GrpcServerProtocolService (GrpcServerProtocolService.java:onCompleted(157)) - omNode-bootstrap-1: Completed INSTALL_SNAPSHOT, lastRequest: omNode-1->omNode-bootstrap-1#0-t1,notify:(t:1, i:0)
2024-08-23 17:40:44,181 [grpc-default-executor-1] INFO  server.GrpcServerProtocolService (GrpcServerProtocolService.java:lambda$onCompleted$5(159)) - omNode-bootstrap-1: Completed INSTALL_SNAPSHOT, lastReply: null
2024-08-23 17:40:44,182 [grpc-default-executor-2] INFO  server.GrpcLogAppender (GrpcLogAppender.java:onNext(649)) - omNode-1@group-0AAC5367B30E->omNode-bootstrap-1-InstallSnapshotResponseHandler: received a reply omNode-1<-omNode-bootstrap-1#0:FAIL-t1,IN_PROGRESS,snapshotIndex=0
2024-08-23 17:40:44,182 [grpc-default-executor-2] INFO  server.GrpcLogAppender (GrpcLogAppender.java:onNext(665)) - omNode-1@group-0AAC5367B30E->omNode-bootstrap-1-InstallSnapshotResponseHandler: InstallSnapshot in progress.
2024-08-23 17:40:44,184 [omNode-bootstrap-1-server-thread1] INFO  server.RaftServer$Division (RaftServerImpl.java:checkInconsistentAppendEntries(1629)) - omNode-bootstrap-1@group-0AAC5367B30E: Failed appendEntries as snapshot (0) installation is in progress
2024-08-23 17:40:44,184 [omNode-bootstrap-1-server-thread1] INFO  server.RaftServer$Division (RaftServerImpl.java:appendEntriesAsync(1584)) - omNode-bootstrap-1@group-0AAC5367B30E: appendEntries* reply omNode-1<-omNode-bootstrap-1#4:FAIL-t1,INCONSISTENCY,nextIndex=0,followerCommit=-1,matchIndex=-1
2024-08-23 17:40:44,184 [grpc-default-executor-1] WARN  server.GrpcLogAppender (GrpcLogAppender.java:onNextImpl(519)) - omNode-1@group-0AAC5367B30E->omNode-bootstrap-1-AppendLogResponseHandler: received INCONSISTENCY reply with nextIndex 0, errorCount=1, request=AppendEntriesRequest:cid=4,entriesCount=0
2024-08-23 17:40:44,185 [omNode-1@group-0AAC5367B30E->omNode-bootstrap-1-GrpcLogAppender-LogAppenderDaemon] INFO  server.GrpcLogAppender (GrpcLogAppender.java:notifyInstallSnapshot(790)) - omNode-1@group-0AAC5367B30E->omNode-bootstrap-1-GrpcLogAppender: notifyInstallSnapshot with firstAvailable=(t:1, i:0), followerNextIndex=0
2024-08-23 17:40:44,185 [omNode-1@group-0AAC5367B30E->omNode-bootstrap-1-GrpcLogAppender-LogAppenderDaemon] INFO  server.GrpcLogAppender (GrpcLogAppender.java:notifyInstallSnapshot(798)) - omNode-1@group-0AAC5367B30E->omNode-bootstrap-1-GrpcLogAppender: send omNode-1->omNode-bootstrap-1#0-t1,notify:(t:1, i:0)
2024-08-23 17:40:44,186 [grpc-default-executor-2] INFO  impl.SnapshotInstallationHandler (SnapshotInstallationHandler.java:installSnapshot(92)) - omNode-bootstrap-1@group-0AAC5367B30E: receive installSnapshot: omNode-1->omNode-bootstrap-1#0-t1,notify:(t:1, i:0)
2024-08-23 17:40:44,186 [grpc-default-executor-2] INFO  impl.SnapshotInstallationHandler (SnapshotInstallationHandler.java:installSnapshotImpl(138)) - omNode-bootstrap-1@group-0AAC5367B30E: set new configuration configurationEntry {
  peers {
    id: "omNode-1"
    address: "localhost:15066"
    startupRole: FOLLOWER
  }
}
 from snapshot
2024-08-23 17:40:44,186 [grpc-default-executor-2] INFO  server.RaftServer$Division (ServerState.java:setRaftConf(386)) - omNode-bootstrap-1@group-0AAC5367B30E: set configuration conf: {index: 0, cur=peers:[omNode-1|localhost:15066]|listeners:[], old=null}
2024-08-23 17:40:44,187 [grpc-default-executor-2] INFO  ratis.OzoneManagerStateMachine (OzoneManagerStateMachine.java:notifyConfigurationChanged(216)) - Received Configuration change notification from Ratis. New Peer list:
[id: "omNode-1"
address: "localhost:15066"
startupRole: FOLLOWER
]
2024-08-23 17:40:44,187 [grpc-default-executor-2] INFO  impl.SnapshotInstallationHandler (SnapshotInstallationHandler.java:installSnapshot(103)) - omNode-bootstrap-1@group-0AAC5367B30E: reply installSnapshot: omNode-1<-omNode-bootstrap-1#0:FAIL-t1,IN_PROGRESS,snapshotIndex=0
2024-08-23 17:40:44,187 [grpc-default-executor-2] INFO  server.GrpcServerProtocolService (GrpcServerProtocolService.java:onCompleted(157)) - omNode-bootstrap-1: Completed INSTALL_SNAPSHOT, lastRequest: omNode-1->omNode-bootstrap-1#0-t1,notify:(t:1, i:0)
2024-08-23 17:40:44,187 [grpc-default-executor-2] INFO  server.GrpcServerProtocolService (GrpcServerProtocolService.java:lambda$onCompleted$5(159)) - omNode-bootstrap-1: Completed INSTALL_SNAPSHOT, lastReply: null
2024-08-23 17:40:44,187 [grpc-default-executor-2] INFO  server.GrpcLogAppender (GrpcLogAppender.java:onNext(649)) - omNode-1@group-0AAC5367B30E->omNode-bootstrap-1-InstallSnapshotResponseHandler: received a reply omNode-1<-omNode-bootstrap-1#0:FAIL-t1,IN_PROGRESS,snapshotIndex=0
2024-08-23 17:40:44,187 [grpc-default-executor-2] INFO  server.GrpcLogAppender (GrpcLogAppender.java:onNext(665)) - omNode-1@group-0AAC5367B30E->omNode-bootstrap-1-InstallSnapshotResponseHandler: InstallSnapshot in progress.
2024-08-23 17:40:44,477 [qtp71820444-1685] INFO  db.RDBCheckpointManager (RDBCheckpointManager.java:createCheckpoint(89)) - Created checkpoint in rocksDB at /home/runner/work/ozone/ozone/hadoop-ozone/integration-test/target/test-dir/MiniOzoneClusterImpl-79f21b30-aaf8-43fb-84ca-e7a29640eabd/omNode-1/db.checkpoints/om.db_checkpoint_1724434844475 in 2 milliseconds
2024-08-23 17:40:44,478 [qtp71820444-1685] INFO  helpers.OmKeyInfo (OmKeyInfo.java:getCodec(72)) - OmKeyInfo.getCodec ignorePipeline = true
2024-08-23 17:40:44,507 [qtp71820444-1685] INFO  rocksdiff.RocksDBCheckpointDiffer (RocksDBCheckpointDiffer.java:close(306)) - Shutting down CompactionDagPruningService.
2024-08-23 17:40:44,514 [qtp71820444-1685] INFO  utils.DBCheckpointServlet (DBCheckpointServlet.java:generateSnapshotCheckpoint(225)) - Time taken to write the checkpoint to response output stream: 36 milliseconds
2024-08-23 17:40:44,514 [qtp71820444-1685] INFO  utils.DBCheckpointServlet (DBCheckpointServlet.java:generateSnapshotCheckpoint(228)) - Excluded SST [] from the latest checkpoint.
2024-08-23 17:40:44,514 [omNode-bootstrap-1-InstallSnapshotThread] INFO  utils.RDBSnapshotProvider (RDBSnapshotProvider.java:downloadDBSnapshotFromLeader(118)) - Successfully download the latest snapshot /home/runner/work/ozone/ozone/hadoop-ozone/integration-test/target/test-dir/MiniOzoneClusterImpl-79f21b30-aaf8-43fb-84ca-e7a29640eabd/omNode-bootstrap-1/snapshot/om.db-omNode-1-1724434844147.tar from leader OM: omNode-1
2024-08-23 17:40:44,514 [qtp71820444-1685] INFO  db.RocksDBCheckpoint (RocksDBCheckpoint.java:cleanupCheckpoint(78)) - Cleaning up RocksDB checkpoint at /home/runner/work/ozone/ozone/hadoop-ozone/integration-test/target/test-dir/MiniOzoneClusterImpl-79f21b30-aaf8-43fb-84ca-e7a29640eabd/omNode-1/db.checkpoints/om.db_checkpoint_1724434844475
2024-08-23 17:40:44,522 [omNode-bootstrap-1-InstallSnapshotThread] INFO  utils.RDBSnapshotProvider (RDBSnapshotProvider.java:downloadDBSnapshotFromLeader(127)) - Successfully untar the downloaded snapshot /home/runner/work/ozone/ozone/hadoop-ozone/integration-test/target/test-dir/MiniOzoneClusterImpl-79f21b30-aaf8-43fb-84ca-e7a29640eabd/omNode-bootstrap-1/snapshot/om.db-omNode-1-1724434844147.tar at /home/runner/work/ozone/ozone/hadoop-ozone/integration-test/target/test-dir/MiniOzoneClusterImpl-79f21b30-aaf8-43fb-84ca-e7a29640eabd/omNode-bootstrap-1/snapshot/om.db.candidate.
2024-08-23 17:40:44,522 [omNode-bootstrap-1-InstallSnapshotThread] INFO  utils.RDBSnapshotProvider (RDBSnapshotProvider.java:downloadDBSnapshotFromLeader(130)) - Ratis snapshot transfer is complete.
2024-08-23 17:40:44,566 [omNode-bootstrap-1-InstallSnapshotThread] INFO  om.OzoneManager (OzoneManager.java:installCheckpoint(3899)) - Installing checkpoint with OMTransactionInfo 1#7
2024-08-23 17:40:44,566 [omNode-bootstrap-1-InstallSnapshotThread] INFO  utils.BackgroundService (BackgroundService.java:shutdown(163)) - Shutting down service KeyDeletingService
2024-08-23 17:40:44,566 [omNode-bootstrap-1-InstallSnapshotThread] INFO  utils.BackgroundService (BackgroundService.java:shutdown(163)) - Shutting down service DirectoryDeletingService
2024-08-23 17:40:44,566 [omNode-bootstrap-1-InstallSnapshotThread] INFO  utils.BackgroundService (BackgroundService.java:shutdown(163)) - Shutting down service OpenKeyCleanupService
2024-08-23 17:40:44,567 [omNode-bootstrap-1-InstallSnapshotThread] INFO  utils.BackgroundService (BackgroundService.java:shutdown(163)) - Shutting down service SstFilteringService
2024-08-23 17:40:44,567 [omNode-bootstrap-1-InstallSnapshotThread] INFO  utils.BackgroundService (BackgroundService.java:shutdown(163)) - Shutting down service SnapshotDeletingService
2024-08-23 17:40:44,567 [omNode-bootstrap-1-InstallSnapshotThread] INFO  utils.BackgroundService (BackgroundService.java:shutdown(163)) - Shutting down service MultipartUploadCleanupService
2024-08-23 17:40:44,567 [omNode-bootstrap-1-InstallSnapshotThread] INFO  utils.BackgroundService (BackgroundService.java:shutdown(163)) - Shutting down service SnapshotDirectoryCleaningService
2024-08-23 17:40:44,567 [omNode-bootstrap-1-InstallSnapshotThread] INFO  ratis.OzoneManagerStateMachine (OzoneManagerStateMachine.java:pause(409)) - OzoneManagerStateMachine is pausing
2024-08-23 17:40:44,567 [omNode-bootstrap-1-InstallSnapshotThread] INFO  ratis.OzoneManagerDoubleBuffer (OzoneManagerDoubleBuffer.java:stopDaemon(517)) - Stopping OMDoubleBuffer flush thread
2024-08-23 17:40:44,567 [omNode-bootstrap-1-OMDoubleBufferFlushThread] INFO  ratis.OzoneManagerDoubleBuffer (OzoneManagerDoubleBuffer.java:canFlush(581)) - OMDoubleBuffer flush thread omNode-bootstrap-1-OMDoubleBufferFlushThread is interrupted and will exit.
2024-08-23 17:40:44,568 [omNode-bootstrap-1-InstallSnapshotThread] INFO  ipc.Server (Server.java:stop(3523)) - Stopping server on 15094
2024-08-23 17:40:44,570 [IPC Server listener on 15094] INFO  ipc.Server (Server.java:run(1434)) - Stopping IPC Server listener on 15094
2024-08-23 17:40:44,570 [IPC Server Responder] INFO  ipc.Server (Server.java:run(1567)) - Stopping IPC Server Responder
2024-08-23 17:40:44,570 [omNode-bootstrap-1-InstallSnapshotThread] INFO  om.OzoneManager (OzoneManager.java:installCheckpoint(3950)) - RPC server is stopped. Spend 2 ms.
2024-08-23 17:40:44,570 [omNode-bootstrap-1-InstallSnapshotThread] INFO  rocksdiff.RocksDBCheckpointDiffer (RocksDBCheckpointDiffer.java:close(306)) - Shutting down CompactionDagPruningService.
2024-08-23 17:40:44,572 [omNode-bootstrap-1-InstallSnapshotThread] INFO  om.OzoneManager (OzoneManager.java:installCheckpoint(3957)) - metadataManager is stopped. Spend 1 ms.
2024-08-23 17:40:44,574 [omNode-bootstrap-1-InstallSnapshotThread] INFO  om.OzoneManager (OzoneManager.java:installCheckpoint(3971)) - Replaced DB with checkpoint from OM: omNode-1, term: 1, index: 7, time: 2 ms
2024-08-23 17:40:44,574 [omNode-bootstrap-1-InstallSnapshotThread] INFO  snapshot.SnapshotDiffManager (SnapshotDiffManager.java:closeExecutorService(1657)) - Shutting down executorService: 'SnapDiffExecutor'
2024-08-23 17:40:44,578 [omNode-bootstrap-1-InstallSnapshotThread] INFO  utils.BackgroundService (BackgroundService.java:shutdown(163)) - Shutting down service SnapshotDiffCleanupService
2024-08-23 17:40:44,580 [omNode-bootstrap-1-InstallSnapshotThread] WARN  server.ServerUtils (ServerUtils.java:getDBPath(299)) - ozone.om.db.dirs is not configured. We recommend adding this setting. Falling back to ozone.metadata.dirs instead.
2024-08-23 17:40:44,581 [omNode-bootstrap-1-InstallSnapshotThread] INFO  helpers.OmKeyInfo (OmKeyInfo.java:getCodec(72)) - OmKeyInfo.getCodec ignorePipeline = true
2024-08-23 17:40:44,627 [omNode-bootstrap-1-InstallSnapshotThread] INFO  om.OzoneManager (OzoneManager.java:instantiateServices(836)) - S3 Multi-Tenancy is disabled
2024-08-23 17:40:44,627 [omNode-bootstrap-1-InstallSnapshotThread] INFO  om.OmSnapshotManager (OmSnapshotManager.java:<init>(180)) - Ozone filesystem snapshot feature is enabled.
2024-08-23 17:40:44,627 [omNode-bootstrap-1-InstallSnapshotThread] WARN  server.ServerUtils (ServerUtils.java:getDBPath(299)) - ozone.om.snapshot.diff.db.dir is not configured. We recommend adding this setting. Falling back to ozone.metadata.dirs instead.
2024-08-23 17:40:44,638 [omNode-bootstrap-1-InstallSnapshotThread] INFO  utils.NativeLibraryLoader (NativeLibraryLoader.java:loadLibrary(111)) - Loading Library: ozone_rocksdb_tools
2024-08-23 17:40:44,638 [omNode-bootstrap-1-InstallSnapshotThread] ERROR snapshot.SnapshotDiffManager (SnapshotDiffManager.java:initNativeLibraryForEfficientDiff(287)) - Native Library for raw sst file reading loading failed.
org.apache.hadoop.hdds.utils.NativeLibraryNotLoadedException: Unable to load library ozone_rocksdb_tools from both java.library.path & resource file libozone_rocksdb_tools.so from jar.
	at org.apache.hadoop.hdds.utils.db.managed.ManagedRawSSTFileReader.loadLibrary(ManagedRawSSTFileReader.java:40)
	at org.apache.hadoop.ozone.om.snapshot.SnapshotDiffManager.initNativeLibraryForEfficientDiff(SnapshotDiffManager.java:285)
	at org.apache.hadoop.ozone.om.snapshot.SnapshotDiffManager.<init>(SnapshotDiffManager.java:259)
	at org.apache.hadoop.ozone.om.OmSnapshotManager.<init>(OmSnapshotManager.java:287)
	at org.apache.hadoop.ozone.om.OzoneManager.instantiateServices(OzoneManager.java:888)
	at org.apache.hadoop.ozone.om.OzoneManager.reloadOMState(OzoneManager.java:4153)
	at org.apache.hadoop.ozone.om.OzoneManager.installCheckpoint(OzoneManager.java:3996)
	at org.apache.hadoop.ozone.om.OzoneManager.installCheckpoint(OzoneManager.java:3902)
	at org.apache.hadoop.ozone.om.OzoneManager.installSnapshotFromLeader(OzoneManager.java:3879)
	at org.apache.hadoop.ozone.om.ratis.OzoneManagerStateMachine.lambda$5(OzoneManagerStateMachine.java:515)
	at java.base/java.util.concurrent.CompletableFuture$AsyncSupply.run(CompletableFuture.java:1768)
	at java.base/java.util.concurrent.ThreadPoolExecutor.runWorker(ThreadPoolExecutor.java:1136)
	at java.base/java.util.concurrent.ThreadPoolExecutor$Worker.run(ThreadPoolExecutor.java:635)
	at java.base/java.lang.Thread.run(Thread.java:840)
2024-08-23 17:40:44,641 [omNode-bootstrap-1-InstallSnapshotThread] INFO  om.OzoneManager (OzoneManager.java:startTrashEmptier(2157)) - Trash Interval set to 0. Files deleted won't move to trash
2024-08-23 17:40:44,642 [omNode-bootstrap-1-InstallSnapshotThread] INFO  ratis.OzoneManagerStateMachine (OzoneManagerStateMachine.java:unpause(430)) - OzoneManagerStateMachine is un-pausing
2024-08-23 17:40:44,643 [omNode-bootstrap-1-InstallSnapshotThread] INFO  om.OzoneManager (OzoneManager.java:installCheckpoint(4000)) - Reloaded OM state with Term: 1 and Index: 7. Spend 63 ms
2024-08-23 17:40:44,643 [omNode-bootstrap-1-InstallSnapshotThread] INFO  om.OzoneManager (OzoneManager.java:getRpcServer(1252)) - Creating RPC Server
2024-08-23 17:40:44,973 [omNode-bootstrap-1-InstallSnapshotThread] INFO  reflections.Reflections (Reflections.java:scan(219)) - Reflections took 330 ms to scan 20 urls, producing 59 keys and 6796 values
2024-08-23 17:40:44,974 [omNode-bootstrap-1-InstallSnapshotThread] INFO  ipc.CallQueueManager (CallQueueManager.java:<init>(90)) - Using callQueue: class java.util.concurrent.LinkedBlockingQueue, queueCapacity: 2000, scheduler: class org.apache.hadoop.ipc.DefaultRpcScheduler, ipcBackoff: false.
2024-08-23 17:40:44,974 [omNode-bootstrap-1-InstallSnapshotThread] INFO  ipc.Server (Server.java:<init>(1287)) - Listener at localhost:15094
2024-08-23 17:40:44,975 [Socket Reader #1 for port 15094] INFO  ipc.Server (Server.java:run(1323)) - Starting Socket Reader #1 for port 15094
2024-08-23 17:40:44,975 [Socket Reader #2 for port 15094] INFO  ipc.Server (Server.java:run(1323)) - Starting Socket Reader #2 for port 15094
2024-08-23 17:40:44,976 [Socket Reader #3 for port 15094] INFO  ipc.Server (Server.java:run(1323)) - Starting Socket Reader #3 for port 15094
2024-08-23 17:40:44,976 [Socket Reader #4 for port 15094] INFO  ipc.Server (Server.java:run(1323)) - Starting Socket Reader #4 for port 15094
2024-08-23 17:40:44,976 [Socket Reader #5 for port 15094] INFO  ipc.Server (Server.java:run(1323)) - Starting Socket Reader #5 for port 15094
2024-08-23 17:40:44,976 [Socket Reader #6 for port 15094] INFO  ipc.Server (Server.java:run(1323)) - Starting Socket Reader #6 for port 15094
2024-08-23 17:40:44,977 [Socket Reader #7 for port 15094] INFO  ipc.Server (Server.java:run(1323)) - Starting Socket Reader #7 for port 15094
2024-08-23 17:40:44,977 [Socket Reader #8 for port 15094] INFO  ipc.Server (Server.java:run(1323)) - Starting Socket Reader #8 for port 15094
2024-08-23 17:40:44,977 [Socket Reader #9 for port 15094] INFO  ipc.Server (Server.java:run(1323)) - Starting Socket Reader #9 for port 15094
2024-08-23 17:40:44,977 [Socket Reader #10 for port 15094] INFO  ipc.Server (Server.java:run(1323)) - Starting Socket Reader #10 for port 15094
2024-08-23 17:40:44,979 [IPC Server Responder] INFO  ipc.Server (Server.java:run(1562)) - IPC Server Responder: starting
2024-08-23 17:40:44,979 [IPC Server listener on 15094] INFO  ipc.Server (Server.java:run(1402)) - IPC Server listener on 15094: starting
2024-08-23 17:40:44,981 [omNode-bootstrap-1-InstallSnapshotThread] INFO  om.OzoneManager (OzoneManager.java:installCheckpoint(4023)) - RPC server is re-started. Spend 339 ms.
2024-08-23 17:40:44,983 [omNode-bootstrap-1-InstallSnapshotThread] INFO  om.OzoneManager (OzoneManager.java:installCheckpoint(4050)) - Install Checkpoint is finished with Term: 1 and Index: 7. Spend 417 ms.
2024-08-23 17:40:44,983 [omNode-bootstrap-1-InstallSnapshotThread] INFO  impl.SnapshotInstallationHandler (SnapshotInstallationHandler.java:lambda$notifyStateMachineToInstallSnapshot$2(279)) - omNode-bootstrap-1@group-0AAC5367B30E: StateMachine successfully installed snapshot index 7. Reloading the StateMachine.
2024-08-23 17:40:48,259 [main] ERROR om.OzoneManager (OzoneManager.java:bootstrap(1952)) - Failed to Bootstrap OM.
2024-08-23 17:40:48,261 [grpc-default-executor-1] INFO  server.GrpcServerProtocolService (GrpcServerProtocolService.java:onCompleted(157)) - omNode-bootstrap-1: Completed APPEND_ENTRIES, lastRequest: null
2024-08-23 17:40:48,261 [grpc-default-executor-1] INFO  server.GrpcServerProtocolService (GrpcServerProtocolService.java:lambda$onCompleted$5(159)) - omNode-bootstrap-1: Completed APPEND_ENTRIES, lastReply: null
2024-08-23 17:40:48,261 [grpc-default-executor-2] INFO  server.GrpcServerProtocolService (GrpcServerProtocolService.java:onCompleted(157)) - omNode-bootstrap-1: Completed APPEND_ENTRIES, lastRequest: null
2024-08-23 17:40:48,262 [grpc-default-executor-2] INFO  server.GrpcServerProtocolService (GrpcServerProtocolService.java:lambda$onCompleted$5(159)) - omNode-bootstrap-1: Completed APPEND_ENTRIES, lastReply: serverReply {
  requestorId: "omNode-1"
  replyId: "omNode-bootstrap-1"
  raftGroupId {
    id: "\a\030\3434\377\2416\274\216\232\n\254Sg\263\016"
  }
  callId: 4
}
term: 1
result: INCONSISTENCY
followerCommit: 18446744073709551615
matchIndex: 18446744073709551615
isHearbeat: true

2024-08-23 17:40:48,262 [grpc-default-executor-1] INFO  server.GrpcLogAppender (GrpcLogAppender.java:onCompleted(550)) - omNode-1@group-0AAC5367B30E->omNode-bootstrap-1-AppendLogResponseHandler: follower responses appendEntries COMPLETED
2024-08-23 17:40:48,263 [grpc-default-executor-1] INFO  server.GrpcLogAppender (GrpcLogAppender.java:onCompleted(550)) - omNode-1@group-0AAC5367B30E->omNode-bootstrap-1-AppendLogResponseHandler: follower responses appendEntries COMPLETED
2024-08-23 17:40:48,264 [main] INFO  ozone.MiniOzoneClusterImpl (MiniOzoneClusterImpl.java:shutdown(410)) - Shutting down the Mini Ozone Cluster
2024-08-23 17:40:48,264 [main] INFO  db.CodecTestUtil (CodecTestUtil.java:gc(50)) - gc 0
2024-08-23 17:40:48,437 [main] INFO  ozone.MiniOzoneHAClusterImpl (MiniOzoneHAClusterImpl.java:stop(288)) - Stopping the OzoneManager omNode-1
2024-08-23 17:40:48,438 [main] INFO  om.OzoneManager (OzoneManager.java:stop(2268)) - omNode-1[localhost:15063]: Stopping Ozone Manager
2024-08-23 17:40:48,438 [main] INFO  ipc.Server (Server.java:stop(3523)) - Stopping server on 15063
2024-08-23 17:40:48,440 [IPC Server Responder] INFO  ipc.Server (Server.java:run(1567)) - Stopping IPC Server Responder
2024-08-23 17:40:48,440 [IPC Server listener on 15063] INFO  ipc.Server (Server.java:run(1434)) - Stopping IPC Server listener on 15063
2024-08-23 17:40:48,441 [main] INFO  ratis.OzoneManagerRatisServer (OzoneManagerRatisServer.java:stop(601)) - Stopping org.apache.hadoop.ozone.om.ratis.OzoneManagerRatisServer@223d3190 at port 15066
2024-08-23 17:40:48,441 [main] INFO  server.RaftServer (RaftServerProxy.java:lambda$close$9(418)) - omNode-1: close
2024-08-23 17:40:48,441 [main] INFO  server.GrpcService (GrpcService.java:closeImpl(311)) - omNode-1: shutdown server GrpcServerProtocolService now
2024-08-23 17:40:48,442 [omNode-1-impl-thread1] INFO  server.RaftServer$Division (RaftServerImpl.java:lambda$close$1(501)) - omNode-1@group-0AAC5367B30E: shutdown
2024-08-23 17:40:48,442 [omNode-1-impl-thread1] INFO  util.JmxRegister (JmxRegister.java:unregister(74)) - Successfully un-registered JMX Bean with object name Ratis:service=RaftServer,group=group-0AAC5367B30E,id=omNode-1
2024-08-23 17:40:48,442 [omNode-1-impl-thread1] INFO  impl.RoleInfo (RoleInfo.java:shutdownLeaderState(103)) - omNode-1: shutdown omNode-1@group-0AAC5367B30E-LeaderStateImpl
2024-08-23 17:40:48,442 [omNode-1-impl-thread1] INFO  impl.PendingRequests (PendingRequests.java:sendNotLeaderResponses(287)) - omNode-1@group-0AAC5367B30E-PendingRequests: sendNotLeaderResponses
2024-08-23 17:40:48,442 [Thread-1773] INFO  server.GrpcServerProtocolClient (GrpcServerProtocolClient.java:close(103)) - omNode-bootstrap-1 Close channels
2024-08-23 17:40:48,442 [omNode-1-impl-thread1] INFO  impl.StateMachineUpdater (StateMachineUpdater.java:stopAndJoin(164)) - omNode-1@group-0AAC5367B30E-StateMachineUpdater: set stopIndex = 8
2024-08-23 17:40:48,443 [main] INFO  server.GrpcService (GrpcService.java:closeImpl(320)) - omNode-1: shutdown server GrpcServerProtocolService successfully
2024-08-23 17:40:48,444 [omNode-1@group-0AAC5367B30E-StateMachineUpdater] INFO  ratis.OzoneManagerStateMachine (OzoneManagerStateMachine.java:takeSnapshotImpl(485)) -  applied = (t:1, i:8)
2024-08-23 17:40:48,444 [omNode-1@group-0AAC5367B30E-StateMachineUpdater] INFO  ratis.OzoneManagerStateMachine (OzoneManagerStateMachine.java:takeSnapshotImpl(486)) -  skipped = 7
2024-08-23 17:40:48,444 [omNode-1@group-0AAC5367B30E-StateMachineUpdater] INFO  ratis.OzoneManagerStateMachine (OzoneManagerStateMachine.java:takeSnapshotImpl(487)) - notified = (t:1, i:8)
2024-08-23 17:40:48,444 [omNode-1@group-0AAC5367B30E-StateMachineUpdater] INFO  ratis.OzoneManagerStateMachine (OzoneManagerStateMachine.java:takeSnapshotImpl(488)) - snapshot = (t:1, i:8)
2024-08-23 17:40:48,449 [omNode-1@group-0AAC5367B30E-StateMachineUpdater] INFO  impl.StateMachineUpdater (StateMachineUpdater.java:takeSnapshot(303)) - omNode-1@group-0AAC5367B30E-StateMachineUpdater: Took a snapshot at index 8
2024-08-23 17:40:48,449 [omNode-1@group-0AAC5367B30E-StateMachineUpdater] INFO  impl.StateMachineUpdater (StateMachineUpdater.java:lambda$new$0(102)) - omNode-1@group-0AAC5367B30E-StateMachineUpdater: snapshotIndex: updateIncreasingly -1 -> 8
2024-08-23 17:40:48,449 [omNode-1@group-0AAC5367B30E-StateMachineUpdater] INFO  impl.StateMachineUpdater (StateMachineUpdater.java:stop(141)) - omNode-1@group-0AAC5367B30E-StateMachineUpdater: closing OzoneManagerStateMachine, lastApplied=(t:1, i:8)
2024-08-23 17:40:48,449 [omNode-1@group-0AAC5367B30E-StateMachineUpdater] INFO  ratis.OzoneManagerStateMachine (OzoneManagerStateMachine.java:close(531)) - Stopping OzoneManagerStateMachine:omNode-1:group-0AAC5367B30E.
2024-08-23 17:40:48,449 [omNode-1@group-0AAC5367B30E-StateMachineUpdater] INFO  ratis.OzoneManagerDoubleBuffer (OzoneManagerDoubleBuffer.java:stopDaemon(517)) - Stopping OMDoubleBuffer flush thread
2024-08-23 17:40:48,449 [omNode-1-OMDoubleBufferFlushThread] INFO  ratis.OzoneManagerDoubleBuffer (OzoneManagerDoubleBuffer.java:canFlush(581)) - OMDoubleBuffer flush thread omNode-1-OMDoubleBufferFlushThread is interrupted and will exit.
2024-08-23 17:40:48,450 [omNode-1@group-0AAC5367B30E-cacheEviction-AwaitToRun] INFO  util.AwaitToRun (AwaitToRun.java:run(49)) - omNode-1@group-0AAC5367B30E-cacheEviction-AwaitToRun-AwaitForSignal is interrupted
2024-08-23 17:40:48,459 [omNode-1-impl-thread1] INFO  segmented.SegmentedRaftLogWorker (SegmentedRaftLogWorker.java:close(248)) - omNode-1@group-0AAC5367B30E-SegmentedRaftLogWorker close()
2024-08-23 17:40:48,460 [JvmPauseMonitor9] INFO  util.JvmPauseMonitor (JvmPauseMonitor.java:run(152)) - JvmPauseMonitor-omNode-1: Stopped
2024-08-23 17:40:48,460 [main] INFO  utils.BackgroundService (BackgroundService.java:shutdown(163)) - Shutting down service KeyDeletingService
2024-08-23 17:40:48,460 [main] INFO  utils.BackgroundService (BackgroundService.java:shutdown(163)) - Shutting down service DirectoryDeletingService
2024-08-23 17:40:48,460 [main] INFO  utils.BackgroundService (BackgroundService.java:shutdown(163)) - Shutting down service OpenKeyCleanupService
2024-08-23 17:40:48,461 [main] INFO  utils.BackgroundService (BackgroundService.java:shutdown(163)) - Shutting down service SstFilteringService
2024-08-23 17:40:48,461 [main] INFO  utils.BackgroundService (BackgroundService.java:shutdown(163)) - Shutting down service SnapshotDeletingService
2024-08-23 17:40:48,461 [main] INFO  utils.BackgroundService (BackgroundService.java:shutdown(163)) - Shutting down service MultipartUploadCleanupService
2024-08-23 17:40:48,461 [main] INFO  utils.BackgroundService (BackgroundService.java:shutdown(163)) - Shutting down service SnapshotDirectoryCleaningService
2024-08-23 17:40:48,462 [main] INFO  handler.ContextHandler (ContextHandler.java:doStop(1159)) - Stopped o.e.j.w.WebAppContext@351b9520{ozoneManager,/,null,STOPPED}{file:/home/runner/work/ozone/ozone/hadoop-ozone/integration-test/target/test-classes/webapps/ozoneManager}
2024-08-23 17:40:48,463 [main] INFO  server.AbstractConnector (AbstractConnector.java:doStop(383)) - Stopped ServerConnector@2bbf9ee1{HTTP/1.1, (http/1.1)}{0.0.0.0:15064}
2024-08-23 17:40:48,463 [main] INFO  server.session (HouseKeeper.java:stopScavenging(149)) - node0 Stopped scavenging
2024-08-23 17:40:48,463 [main] INFO  handler.ContextHandler (ContextHandler.java:doStop(1159)) - Stopped o.e.j.s.ServletContextHandler@539f603f{static,/static,file:///home/runner/work/ozone/ozone/hadoop-ozone/integration-test/target/test-classes/webapps/static,STOPPED}
2024-08-23 17:40:48,463 [main] INFO  handler.ContextHandler (ContextHandler.java:doStop(1159)) - Stopped o.e.j.s.ServletContextHandler@62f1773d{logs,/logs,file:///home/runner/work/ozone/ozone/hadoop-ozone/integration-test/target/log,STOPPED}
2024-08-23 17:40:48,465 [main] INFO  rocksdiff.RocksDBCheckpointDiffer (RocksDBCheckpointDiffer.java:close(306)) - Shutting down CompactionDagPruningService.
2024-08-23 17:40:48,466 [main] INFO  snapshot.SnapshotDiffManager (SnapshotDiffManager.java:closeExecutorService(1657)) - Shutting down executorService: 'SnapDiffExecutor'
2024-08-23 17:40:48,466 [main] INFO  utils.BackgroundService (BackgroundService.java:shutdown(163)) - Shutting down service SnapshotDiffCleanupService
2024-08-23 17:40:48,467 [main] INFO  ozone.MiniOzoneHAClusterImpl (MiniOzoneHAClusterImpl.java:stop(288)) - Stopping the OzoneManager omNode-bootstrap-1
2024-08-23 17:40:48,467 [main] INFO  om.OzoneManager (OzoneManager.java:stop(2268)) - omNode-bootstrap-1[localhost:15094]: Stopping Ozone Manager
2024-08-23 17:40:48,467 [main] INFO  ipc.Server (Server.java:stop(3523)) - Stopping server on 15094
2024-08-23 17:40:48,472 [IPC Server listener on 15094] INFO  ipc.Server (Server.java:run(1434)) - Stopping IPC Server listener on 15094
2024-08-23 17:40:48,473 [IPC Server Responder] INFO  ipc.Server (Server.java:run(1567)) - Stopping IPC Server Responder
2024-08-23 17:40:48,474 [main] INFO  ratis.OzoneManagerRatisServer (OzoneManagerRatisServer.java:stop(601)) - Stopping org.apache.hadoop.ozone.om.ratis.OzoneManagerRatisServer@51132760 at port 15097
2024-08-23 17:40:48,474 [main] INFO  server.RaftServer (RaftServerProxy.java:lambda$close$9(418)) - omNode-bootstrap-1: close
2024-08-23 17:40:48,474 [omNode-bootstrap-1-impl-thread1] INFO  server.RaftServer$Division (RaftServerImpl.java:lambda$close$1(501)) - omNode-bootstrap-1@group-0AAC5367B30E: shutdown
2024-08-23 17:40:48,475 [omNode-bootstrap-1-impl-thread1] INFO  util.JmxRegister (JmxRegister.java:unregister(74)) - Successfully un-registered JMX Bean with object name Ratis:service=RaftServer,group=group-0AAC5367B30E,id=omNode-bootstrap-1
2024-08-23 17:40:48,475 [omNode-bootstrap-1-impl-thread1] INFO  impl.StateMachineUpdater (StateMachineUpdater.java:stopAndJoin(164)) - omNode-bootstrap-1@group-0AAC5367B30E-StateMachineUpdater: set stopIndex = -1
2024-08-23 17:40:48,475 [omNode-bootstrap-1@group-0AAC5367B30E-StateMachineUpdater] INFO  impl.StateMachineUpdater (StateMachineUpdater.java:stop(141)) - omNode-bootstrap-1@group-0AAC5367B30E-StateMachineUpdater: closing OzoneManagerStateMachine, lastApplied=(t:1, i:7)
2024-08-23 17:40:48,475 [omNode-bootstrap-1@group-0AAC5367B30E-StateMachineUpdater] INFO  ratis.OzoneManagerStateMachine (OzoneManagerStateMachine.java:close(531)) - Stopping OzoneManagerStateMachine:omNode-bootstrap-1:group-0AAC5367B30E.
2024-08-23 17:40:48,475 [omNode-bootstrap-1@group-0AAC5367B30E-StateMachineUpdater] INFO  ratis.OzoneManagerDoubleBuffer (OzoneManagerDoubleBuffer.java:stopDaemon(517)) - Stopping OMDoubleBuffer flush thread
2024-08-23 17:40:48,475 [omNode-bootstrap-1-OMDoubleBufferFlushThread] INFO  ratis.OzoneManagerDoubleBuffer (OzoneManagerDoubleBuffer.java:canFlush(581)) - OMDoubleBuffer flush thread omNode-bootstrap-1-OMDoubleBufferFlushThread is interrupted and will exit.
2024-08-23 17:40:48,475 [omNode-bootstrap-1@group-0AAC5367B30E-cacheEviction-AwaitToRun] INFO  util.AwaitToRun (AwaitToRun.java:run(49)) - omNode-bootstrap-1@group-0AAC5367B30E-cacheEviction-AwaitToRun-AwaitForSignal is interrupted
2024-08-23 17:40:48,475 [main] INFO  server.GrpcService (GrpcService.java:closeImpl(311)) - omNode-bootstrap-1: shutdown server GrpcServerProtocolService now
2024-08-23 17:40:48,477 [main] INFO  server.GrpcService (GrpcService.java:closeImpl(320)) - omNode-bootstrap-1: shutdown server GrpcServerProtocolService successfully
2024-08-23 17:40:49,099 [omNode-bootstrap-1-impl-thread1] INFO  segmented.SegmentedRaftLogWorker (SegmentedRaftLogWorker.java:close(248)) - omNode-bootstrap-1@group-0AAC5367B30E-SegmentedRaftLogWorker close()
2024-08-23 17:40:49,100 [JvmPauseMonitor13] INFO  util.JvmPauseMonitor (JvmPauseMonitor.java:run(152)) - JvmPauseMonitor-omNode-bootstrap-1: Stopped
2024-08-23 17:40:49,100 [main] INFO  utils.BackgroundService (BackgroundService.java:shutdown(163)) - Shutting down service KeyDeletingService
2024-08-23 17:40:49,101 [main] INFO  utils.BackgroundService (BackgroundService.java:shutdown(163)) - Shutting down service DirectoryDeletingService
2024-08-23 17:40:49,101 [main] INFO  utils.BackgroundService (BackgroundService.java:shutdown(163)) - Shutting down service OpenKeyCleanupService
2024-08-23 17:40:49,101 [main] INFO  utils.BackgroundService (BackgroundService.java:shutdown(163)) - Shutting down service SstFilteringService
2024-08-23 17:40:49,101 [main] INFO  utils.BackgroundService (BackgroundService.java:shutdown(163)) - Shutting down service SnapshotDeletingService
2024-08-23 17:40:49,101 [main] INFO  utils.BackgroundService (BackgroundService.java:shutdown(163)) - Shutting down service MultipartUploadCleanupService
2024-08-23 17:40:49,101 [main] INFO  utils.BackgroundService (BackgroundService.java:shutdown(163)) - Shutting down service SnapshotDirectoryCleaningService
2024-08-23 17:40:49,102 [main] INFO  handler.ContextHandler (ContextHandler.java:doStop(1159)) - Stopped o.e.j.w.WebAppContext@7a65bdb{ozoneManager,/,null,STOPPED}{file:/home/runner/work/ozone/ozone/hadoop-ozone/integration-test/target/test-classes/webapps/ozoneManager}
2024-08-23 17:40:49,103 [main] INFO  server.AbstractConnector (AbstractConnector.java:doStop(383)) - Stopped ServerConnector@561306b2{HTTP/1.1, (http/1.1)}{0.0.0.0:15095}
2024-08-23 17:40:49,103 [main] INFO  server.session (HouseKeeper.java:stopScavenging(149)) - node0 Stopped scavenging
2024-08-23 17:40:49,103 [main] INFO  handler.ContextHandler (ContextHandler.java:doStop(1159)) - Stopped o.e.j.s.ServletContextHandler@22057f80{static,/static,file:///home/runner/work/ozone/ozone/hadoop-ozone/integration-test/target/test-classes/webapps/static,STOPPED}
2024-08-23 17:40:49,103 [main] INFO  handler.ContextHandler (ContextHandler.java:doStop(1159)) - Stopped o.e.j.s.ServletContextHandler@301576db{logs,/logs,file:///home/runner/work/ozone/ozone/hadoop-ozone/integration-test/target/log,STOPPED}
2024-08-23 17:40:49,105 [main] INFO  rocksdiff.RocksDBCheckpointDiffer (RocksDBCheckpointDiffer.java:close(306)) - Shutting down CompactionDagPruningService.
2024-08-23 17:40:49,106 [main] INFO  snapshot.SnapshotDiffManager (SnapshotDiffManager.java:closeExecutorService(1657)) - Shutting down executorService: 'SnapDiffExecutor'
2024-08-23 17:40:49,106 [main] INFO  utils.BackgroundService (BackgroundService.java:shutdown(163)) - Shutting down service SnapshotDiffCleanupService
2024-08-23 17:40:49,107 [main] INFO  ozone.MiniOzoneHAClusterImpl (MiniOzoneHAClusterImpl.java:stop(295)) - Stopping the StorageContainerManager f4d24886-16e8-42a6-a606-6b9205f6426d
2024-08-23 17:40:49,107 [main] INFO  server.StorageContainerManager (StorageContainerManager.java:stop(1650)) - Container Balancer is not running.
2024-08-23 17:40:49,107 [main] INFO  server.StorageContainerManager (StorageContainerManager.java:stopReplicationManager(1788)) - Stopping Replication Manager Service.
2024-08-23 17:40:49,107 [main] INFO  replication.ReplicationManager (ReplicationManager.java:stop(329)) - Stopping Replication Monitor Thread.
2024-08-23 17:40:49,107 [scmNode-1-OverReplicatedProcessor] WARN  replication.UnhealthyReplicationProcessor (UnhealthyReplicationProcessor.java:run(180)) - scmNode-1-OverReplicatedProcessor interrupted. Exiting...
2024-08-23 17:40:49,107 [scmNode-1-ReplicationMonitor] INFO  replication.ReplicationManager (ReplicationManager.java:run(938)) - Replication Monitor Thread is stopped
2024-08-23 17:40:49,107 [scmNode-1-UnderReplicatedProcessor] WARN  replication.UnhealthyReplicationProcessor (UnhealthyReplicationProcessor.java:run(180)) - scmNode-1-UnderReplicatedProcessor interrupted. Exiting...
2024-08-23 17:40:49,107 [main] INFO  server.StorageContainerManager (StorageContainerManager.java:stop(1659)) - Stopping the Datanode Admin Monitor.
2024-08-23 17:40:49,107 [main] INFO  server.StorageContainerManager (StorageContainerManager.java:stop(1666)) - Stopping datanode service RPC server
2024-08-23 17:40:49,108 [main] INFO  server.SCMDatanodeProtocolServer (SCMDatanodeProtocolServer.java:stop(430)) - Stopping the RPC server for DataNodes
2024-08-23 17:40:49,108 [main] INFO  ipc.Server (Server.java:stop(3523)) - Stopping server on 15055
2024-08-23 17:40:49,111 [IPC Server Responder] INFO  ipc.Server (Server.java:run(1567)) - Stopping IPC Server Responder
2024-08-23 17:40:49,111 [IPC Server listener on 15055] INFO  ipc.Server (Server.java:run(1434)) - Stopping IPC Server listener on 15055
2024-08-23 17:40:49,138 [scmNode-1-SCMHeartbeatProcessor-0] WARN  node.NodeStateManager (NodeStateManager.java:scheduleNextHealthCheck(935)) - Current Thread is interrupted, shutting down HB processing thread for Node Manager.
2024-08-23 17:40:49,138 [main] INFO  server.StorageContainerManager (StorageContainerManager.java:stop(1674)) - Stopping block service RPC server
2024-08-23 17:40:49,138 [main] INFO  server.SCMBlockProtocolServer (SCMBlockProtocolServer.java:stop(181)) - Stopping the RPC server for Block Protocol
2024-08-23 17:40:49,138 [main] INFO  ipc.Server (Server.java:stop(3523)) - Stopping server on 15058
2024-08-23 17:40:49,144 [IPC Server listener on 15058] INFO  ipc.Server (Server.java:run(1434)) - Stopping IPC Server listener on 15058
2024-08-23 17:40:49,144 [IPC Server Responder] INFO  ipc.Server (Server.java:run(1567)) - Stopping IPC Server Responder
2024-08-23 17:40:49,144 [main] INFO  server.StorageContainerManager (StorageContainerManager.java:stop(1681)) - Stopping the StorageContainerLocationProtocol RPC server
2024-08-23 17:40:49,145 [main] INFO  server.SCMClientProtocolServer (SCMClientProtocolServer.java:stop(222)) - Stopping the RPC server for Client Protocol
2024-08-23 17:40:49,145 [main] INFO  ipc.Server (Server.java:stop(3523)) - Stopping server on 15056
2024-08-23 17:40:49,148 [IPC Server Responder] INFO  ipc.Server (Server.java:run(1567)) - Stopping IPC Server Responder
2024-08-23 17:40:49,148 [main] INFO  server.StorageContainerManager (StorageContainerManager.java:stop(1688)) - Stopping Storage Container Manager HTTP server.
2024-08-23 17:40:49,148 [IPC Server listener on 15056] INFO  ipc.Server (Server.java:run(1434)) - Stopping IPC Server listener on 15056
2024-08-23 17:40:49,149 [main] INFO  handler.ContextHandler (ContextHandler.java:doStop(1159)) - Stopped o.e.j.w.WebAppContext@2f62b8a3{scm,/,null,STOPPED}{file:/home/runner/work/ozone/ozone/hadoop-ozone/integration-test/target/test-classes/webapps/scm}
2024-08-23 17:40:49,149 [main] INFO  server.AbstractConnector (AbstractConnector.java:doStop(383)) - Stopped ServerConnector@63afc3e0{HTTP/1.1, (http/1.1)}{0.0.0.0:15051}
2024-08-23 17:40:49,149 [main] INFO  server.session (HouseKeeper.java:stopScavenging(149)) - node0 Stopped scavenging
2024-08-23 17:40:49,150 [main] INFO  handler.ContextHandler (ContextHandler.java:doStop(1159)) - Stopped o.e.j.s.ServletContextHandler@1bdfa51f{static,/static,file:///home/runner/work/ozone/ozone/hadoop-ozone/integration-test/target/test-classes/webapps/static,STOPPED}
2024-08-23 17:40:49,150 [main] INFO  handler.ContextHandler (ContextHandler.java:doStop(1159)) - Stopped o.e.j.s.ServletContextHandler@7f4f3ae4{logs,/logs,file:///home/runner/work/ozone/ozone/hadoop-ozone/integration-test/target/log,STOPPED}
2024-08-23 17:40:49,150 [main] INFO  server.StorageContainerManager (StorageContainerManager.java:stop(1696)) - Stopping SCM LayoutVersionManager Service.
2024-08-23 17:40:49,151 [main] INFO  server.StorageContainerManager (StorageContainerManager.java:stop(1708)) - Stopping Block Manager Service.
2024-08-23 17:40:49,151 [main] INFO  utils.BackgroundService (BackgroundService.java:shutdown(163)) - Shutting down service SCMBlockDeletingService
2024-08-23 17:40:49,151 [main] INFO  utils.BackgroundService (BackgroundService.java:shutdown(163)) - Shutting down service SCMBlockDeletingService
2024-08-23 17:40:49,151 [main] INFO  server.StorageContainerManager (StorageContainerManager.java:stop(1733)) - Stopping SCM Event Queue.
2024-08-23 17:40:49,152 [main] INFO  server.StorageContainerManager (StorageContainerManager.java:stop(1744)) - Stopping SCM HA services.
2024-08-23 17:40:49,152 [main] INFO  ha.SCMRatisServerImpl (SCMRatisServerImpl.java:stop(255)) - stopping ratis server 0.0.0.0:15054
2024-08-23 17:40:49,152 [main] INFO  server.RaftServer (RaftServerProxy.java:lambda$close$9(418)) - f4d24886-16e8-42a6-a606-6b9205f6426d: close
2024-08-23 17:40:49,152 [f4d24886-16e8-42a6-a606-6b9205f6426d-impl-thread1] INFO  server.RaftServer$Division (RaftServerImpl.java:lambda$close$1(501)) - f4d24886-16e8-42a6-a606-6b9205f6426d@group-E7A29640EABD: shutdown
2024-08-23 17:40:49,152 [main] INFO  server.GrpcService (GrpcService.java:closeImpl(311)) - f4d24886-16e8-42a6-a606-6b9205f6426d: shutdown server GrpcServerProtocolService now
2024-08-23 17:40:49,152 [f4d24886-16e8-42a6-a606-6b9205f6426d-impl-thread1] INFO  util.JmxRegister (JmxRegister.java:unregister(74)) - Successfully un-registered JMX Bean with object name Ratis:service=RaftServer,group=group-E7A29640EABD,id=f4d24886-16e8-42a6-a606-6b9205f6426d
2024-08-23 17:40:49,153 [f4d24886-16e8-42a6-a606-6b9205f6426d-impl-thread1] INFO  impl.RoleInfo (RoleInfo.java:shutdownLeaderState(103)) - f4d24886-16e8-42a6-a606-6b9205f6426d: shutdown f4d24886-16e8-42a6-a606-6b9205f6426d@group-E7A29640EABD-LeaderStateImpl
2024-08-23 17:40:49,153 [f4d24886-16e8-42a6-a606-6b9205f6426d-impl-thread1] INFO  impl.PendingRequests (PendingRequests.java:sendNotLeaderResponses(287)) - f4d24886-16e8-42a6-a606-6b9205f6426d@group-E7A29640EABD-PendingRequests: sendNotLeaderResponses
2024-08-23 17:40:49,153 [f4d24886-16e8-42a6-a606-6b9205f6426d-impl-thread1] INFO  ha.SCMStateMachine (SCMStateMachine.java:notifyNotLeader(212)) - current leader SCM steps down.
2024-08-23 17:40:49,153 [f4d24886-16e8-42a6-a606-6b9205f6426d-impl-thread1] INFO  ha.SCMContext (SCMContext.java:updateLeaderAndTerm(96)) - update <isLeader,term> from <true,2> to <false,0>
2024-08-23 17:40:49,153 [f4d24886-16e8-42a6-a606-6b9205f6426d-impl-thread1] INFO  ha.SCMContext (SCMContext.java:updateLeaderAndTerm(102)) - update <isLeaderReady> from <true> to <false>
2024-08-23 17:40:49,153 [f4d24886-16e8-42a6-a606-6b9205f6426d-impl-thread1] INFO  BackgroundPipelineScrubber (BackgroundSCMService.java:notifyStatusChanged(85)) - Service BackgroundPipelineScrubber transitions to PAUSING.
2024-08-23 17:40:49,153 [f4d24886-16e8-42a6-a606-6b9205f6426d-impl-thread1] INFO  ExpiredContainerReplicaOpScrubber (BackgroundSCMService.java:notifyStatusChanged(85)) - Service ExpiredContainerReplicaOpScrubber transitions to PAUSING.
2024-08-23 17:40:49,153 [f4d24886-16e8-42a6-a606-6b9205f6426d-impl-thread1] INFO  SCMHATransactionMonitor (BackgroundSCMService.java:notifyStatusChanged(85)) - Service SCMHATransactionMonitor transitions to PAUSING.
2024-08-23 17:40:49,154 [f4d24886-16e8-42a6-a606-6b9205f6426d-impl-thread1] INFO  impl.StateMachineUpdater (StateMachineUpdater.java:stopAndJoin(164)) - f4d24886-16e8-42a6-a606-6b9205f6426d@group-E7A29640EABD-StateMachineUpdater: set stopIndex = 30
2024-08-23 17:40:49,154 [f4d24886-16e8-42a6-a606-6b9205f6426d@group-E7A29640EABD-StateMachineUpdater] INFO  ha.SCMStateMachine (SCMStateMachine.java:takeSnapshot(331)) - Current Snapshot Index 30, takeSnapshot took 0 ms
2024-08-23 17:40:49,154 [f4d24886-16e8-42a6-a606-6b9205f6426d@group-E7A29640EABD-StateMachineUpdater] INFO  impl.StateMachineUpdater (StateMachineUpdater.java:takeSnapshot(303)) - f4d24886-16e8-42a6-a606-6b9205f6426d@group-E7A29640EABD-StateMachineUpdater: Took a snapshot at index 30
2024-08-23 17:40:49,154 [f4d24886-16e8-42a6-a606-6b9205f6426d@group-E7A29640EABD-StateMachineUpdater] INFO  impl.StateMachineUpdater (StateMachineUpdater.java:lambda$new$0(102)) - f4d24886-16e8-42a6-a606-6b9205f6426d@group-E7A29640EABD-StateMachineUpdater: snapshotIndex: updateIncreasingly -1 -> 30
2024-08-23 17:40:49,154 [f4d24886-16e8-42a6-a606-6b9205f6426d@group-E7A29640EABD-StateMachineUpdater] INFO  impl.StateMachineUpdater (StateMachineUpdater.java:stop(141)) - f4d24886-16e8-42a6-a606-6b9205f6426d@group-E7A29640EABD-StateMachineUpdater: closing SCMStateMachine, lastApplied=(t:2, i:30)
2024-08-23 17:40:49,155 [f4d24886-16e8-42a6-a606-6b9205f6426d@group-E7A29640EABD-cacheEviction-AwaitToRun] INFO  util.AwaitToRun (AwaitToRun.java:run(49)) - f4d24886-16e8-42a6-a606-6b9205f6426d@group-E7A29640EABD-cacheEviction-AwaitToRun-AwaitForSignal is interrupted
2024-08-23 17:40:49,159 [main] INFO  server.GrpcService (GrpcService.java:closeImpl(320)) - f4d24886-16e8-42a6-a606-6b9205f6426d: shutdown server GrpcServerProtocolService successfully
2024-08-23 17:40:49,428 [f4d24886-16e8-42a6-a606-6b9205f6426d-impl-thread1] INFO  segmented.SegmentedRaftLogWorker (SegmentedRaftLogWorker.java:close(248)) - f4d24886-16e8-42a6-a606-6b9205f6426d@group-E7A29640EABD-SegmentedRaftLogWorker close()
2024-08-23 17:40:49,428 [JvmPauseMonitor8] INFO  util.JvmPauseMonitor (JvmPauseMonitor.java:run(152)) - JvmPauseMonitor-f4d24886-16e8-42a6-a606-6b9205f6426d: Stopped
2024-08-23 17:40:49,428 [main] INFO  SCMHATransactionMonitor (BackgroundSCMService.java:stop(128)) - Stopping SCMHATransactionMonitor Service.
2024-08-23 17:40:49,429 [scmNode-1-SCMHATransactionMonitor] WARN  SCMHATransactionMonitor (BackgroundSCMService.java:run(112)) - SCMHATransactionMonitor is interrupted, exit
2024-08-23 17:40:49,429 [main] INFO  pipeline.BackgroundPipelineCreator (BackgroundPipelineCreator.java:stop(152)) - Stopping scmNode-1-RatisPipelineUtilsThread.
2024-08-23 17:40:49,429 [scmNode-1-RatisPipelineUtilsThread-0] WARN  pipeline.BackgroundPipelineCreator (BackgroundPipelineCreator.java:run(183)) - scmNode-1-RatisPipelineUtilsThread is interrupted.
2024-08-23 17:40:49,429 [main] INFO  BackgroundPipelineScrubber (BackgroundSCMService.java:stop(128)) - Stopping BackgroundPipelineScrubber Service.
2024-08-23 17:40:49,429 [scmNode-1-BackgroundPipelineScrubber] WARN  BackgroundPipelineScrubber (BackgroundSCMService.java:run(112)) - BackgroundPipelineScrubber is interrupted, exit
2024-08-23 17:40:49,429 [main] INFO  impl.MetricsSystemImpl (MetricsSystemImpl.java:stop(210)) - Stopping OzoneManager metrics system...
2024-08-23 17:40:49,431 [prometheus] INFO  impl.MetricsSinkAdapter (MetricsSinkAdapter.java:publishMetricsFromQueue(141)) - prometheus thread interrupted.
2024-08-23 17:40:49,431 [main] INFO  impl.MetricsSystemImpl (MetricsSystemImpl.java:stop(216)) - OzoneManager metrics system stopped.
2024-08-23 17:40:49,431 [main] WARN  pipeline.BackgroundPipelineCreator (BackgroundPipelineCreator.java:stop(148)) - scmNode-1-RatisPipelineUtilsThread is not running, just ignore.
2024-08-23 17:40:49,431 [main] INFO  BackgroundPipelineScrubber (BackgroundSCMService.java:stop(123)) - BackgroundPipelineScrubber Service is not running, skip stop.
2024-08-23 17:40:49,431 [main] INFO  ExpiredContainerReplicaOpScrubber (BackgroundSCMService.java:stop(128)) - Stopping ExpiredContainerReplicaOpScrubber Service.
2024-08-23 17:40:49,432 [scmNode-1-ExpiredContainerReplicaOpScrubber] WARN  ExpiredContainerReplicaOpScrubber (BackgroundSCMService.java:run(112)) - ExpiredContainerReplicaOpScrubber is interrupted, exit
2024-08-23 17:40:49,432 [main] INFO  utils.BackgroundService (BackgroundService.java:shutdown(163)) - Shutting down service SCMBlockDeletingService
2024-08-23 17:40:49,432 [main] INFO  replication.ReplicationManager (ReplicationManager.java:stop(339)) - Replication Monitor Thread is not running.
2024-08-23 17:40:49,432 [main] WARN  balancer.ContainerBalancer (ContainerBalancer.java:stop(349)) - Cannot stop Container Balancer because it's not running or stopping
2024-08-23 17:40:49,432 [main] INFO  SCMHATransactionMonitor (BackgroundSCMService.java:stop(123)) - SCMHATransactionMonitor Service is not running, skip stop.
2024-08-23 17:40:49,432 [main] INFO  server.StorageContainerManager (StorageContainerManager.java:stop(1779)) - Stopping SCM MetadataStore.
2024-08-23 17:40:49,432 [scmNode-1-LeaseManager#LeaseMonitor] WARN  lease.LeaseManager (LeaseManager.java:run(286)) - Lease manager is interrupted. Shutting down...
java.lang.InterruptedException
	at java.base/java.util.concurrent.locks.AbstractQueuedSynchronizer.tryAcquireSharedNanos(AbstractQueuedSynchronizer.java:1081)
	at java.base/java.util.concurrent.Semaphore.tryAcquire(Semaphore.java:415)
	at org.apache.hadoop.ozone.lease.LeaseManager$LeaseMonitor.run(LeaseManager.java:284)
	at java.base/java.lang.Thread.run(Thread.java:840)
2024-08-23 17:40:49,433 [main] INFO  ozone.MiniOzoneClusterImpl (MiniOzoneClusterImpl.java:stop(426)) - Stopping the Mini Ozone Cluster
2024-08-23 17:40:49,433 [main] INFO  ozone.MiniOzoneClusterImpl (MiniOzoneClusterImpl.java:stopDatanodes(485)) - Stopping the HddsDatanodes
2024-08-23 17:40:49,435 [ForkJoinPool.commonPool-worker-1] INFO  ozoneimpl.OzoneContainer (OzoneContainer.java:stop(497)) - Attempting to stop container services.
2024-08-23 17:40:49,436 [ContainerMetadataScanner] WARN  ozoneimpl.AbstractBackgroundContainerScanner (AbstractBackgroundContainerScanner.java:handleRemainingSleep(134)) - Background container scan was interrupted.
2024-08-23 17:40:49,436 [4c92e27b-ecd4-4d14-ba24-c9bbe0da28ff-EndpointStateMachineTaskThread-/127.0.0.1:15055-0 ] WARN  statemachine.EndpointStateMachine (EndpointStateMachine.java:logIfNeeded(237)) - Unable to communicate to SCM server at localhost:15055 for past 0 seconds.
java.io.EOFException: End of File Exception between local host is: "fv-az848-402/10.1.0.41"; destination host is: "localhost":15055; : java.io.EOFException; For more details see:  http://wiki.apache.org/hadoop/EOFException
	at java.base/jdk.internal.reflect.NativeConstructorAccessorImpl.newInstance0(Native Method)
	at java.base/jdk.internal.reflect.NativeConstructorAccessorImpl.newInstance(NativeConstructorAccessorImpl.java:77)
	at java.base/jdk.internal.reflect.DelegatingConstructorAccessorImpl.newInstance(DelegatingConstructorAccessorImpl.java:45)
	at java.base/java.lang.reflect.Constructor.newInstanceWithCaller(Constructor.java:500)
	at java.base/java.lang.reflect.Constructor.newInstance(Constructor.java:481)
	at org.apache.hadoop.net.NetUtils.wrapWithMessage(NetUtils.java:930)
	at org.apache.hadoop.net.NetUtils.wrapException(NetUtils.java:879)
	at org.apache.hadoop.ipc.Client.getRpcResponse(Client.java:1571)
	at org.apache.hadoop.ipc.Client.call(Client.java:1513)
	at org.apache.hadoop.ipc.Client.call(Client.java:1410)
	at org.apache.hadoop.ipc.ProtobufRpcEngine$Invoker.invoke(ProtobufRpcEngine.java:250)
	at org.apache.hadoop.ipc.ProtobufRpcEngine$Invoker.invoke(ProtobufRpcEngine.java:132)
	at jdk.proxy2/jdk.proxy2.$Proxy112.submitRequest(Unknown Source)
	at org.apache.hadoop.ozone.protocolPB.StorageContainerDatanodeProtocolClientSideTranslatorPB.submitRequest(StorageContainerDatanodeProtocolClientSideTranslatorPB.java:115)
	at org.apache.hadoop.ozone.protocolPB.StorageContainerDatanodeProtocolClientSideTranslatorPB.sendHeartbeat(StorageContainerDatanodeProtocolClientSideTranslatorPB.java:147)
	at org.apache.hadoop.ozone.container.common.states.endpoint.HeartbeatEndpointTask.call(HeartbeatEndpointTask.java:183)
	at org.apache.hadoop.ozone.container.common.states.endpoint.HeartbeatEndpointTask.call(HeartbeatEndpointTask.java:87)
	at java.base/java.util.concurrent.FutureTask.run(FutureTask.java:264)
	at java.base/java.util.concurrent.ThreadPoolExecutor.runWorker(ThreadPoolExecutor.java:1136)
	at java.base/java.util.concurrent.ThreadPoolExecutor$Worker.run(ThreadPoolExecutor.java:635)
	at java.base/java.lang.Thread.run(Thread.java:840)
Caused by: java.io.EOFException
	at java.base/java.io.DataInputStream.readInt(DataInputStream.java:386)
	at org.apache.hadoop.ipc.Client$IpcStreams.readResponse(Client.java:1906)
	at org.apache.hadoop.ipc.Client$Connection.receiveRpcResponse(Client.java:1187)
	at org.apache.hadoop.ipc.Client$Connection.run(Client.java:1078)
2024-08-23 17:40:49,436 [ContainerMetadataScanner] INFO  ozoneimpl.AbstractBackgroundContainerScanner (AbstractBackgroundContainerScanner.java:run(61)) - Thread[ContainerMetadataScanner,5,main] exiting.
2024-08-23 17:40:49,436 [ForkJoinPool.commonPool-worker-3] INFO  ozoneimpl.OzoneContainer (OzoneContainer.java:stop(497)) - Attempting to stop container services.
2024-08-23 17:40:49,436 [ContainerMetadataScanner] WARN  ozoneimpl.AbstractBackgroundContainerScanner (AbstractBackgroundContainerScanner.java:handleRemainingSleep(134)) - Background container scan was interrupted.
2024-08-23 17:40:49,436 [ForkJoinPool.commonPool-worker-1] INFO  ozoneimpl.BackgroundContainerDataScanner (BackgroundContainerDataScanner.java:shutdown(141)) - ContainerDataScanner(/home/runner/work/ozone/ozone/hadoop-ozone/integration-test/target/test-dir/MiniOzoneClusterImpl-79f21b30-aaf8-43fb-84ca-e7a29640eabd/ozone-meta/datanode-1/data-0/hdds) is shutting down. 
2024-08-23 17:40:49,436 [ContainerDataScanner(/home/runner/work/ozone/ozone/hadoop-ozone/integration-test/target/test-dir/MiniOzoneClusterImpl-79f21b30-aaf8-43fb-84ca-e7a29640eabd/ozone-meta/datanode-1/data-0/hdds)] WARN  ozoneimpl.AbstractBackgroundContainerScanner (AbstractBackgroundContainerScanner.java:handleRemainingSleep(134)) - Background container scan was interrupted.
2024-08-23 17:40:49,437 [ContainerDataScanner(/home/runner/work/ozone/ozone/hadoop-ozone/integration-test/target/test-dir/MiniOzoneClusterImpl-79f21b30-aaf8-43fb-84ca-e7a29640eabd/ozone-meta/datanode-1/data-0/hdds)] INFO  ozoneimpl.AbstractBackgroundContainerScanner (AbstractBackgroundContainerScanner.java:run(61)) - ContainerDataScanner(/home/runner/work/ozone/ozone/hadoop-ozone/integration-test/target/test-dir/MiniOzoneClusterImpl-79f21b30-aaf8-43fb-84ca-e7a29640eabd/ozone-meta/datanode-1/data-0/hdds, DS-4ff73f7a-f844-4687-8ff2-679edd3a2ca4) exiting.
2024-08-23 17:40:49,436 [ContainerMetadataScanner] INFO  ozoneimpl.AbstractBackgroundContainerScanner (AbstractBackgroundContainerScanner.java:run(61)) - Thread[ContainerMetadataScanner,5,main] exiting.
2024-08-23 17:40:49,437 [ForkJoinPool.commonPool-worker-3] INFO  ozoneimpl.BackgroundContainerDataScanner (BackgroundContainerDataScanner.java:shutdown(141)) - ContainerDataScanner(/home/runner/work/ozone/ozone/hadoop-ozone/integration-test/target/test-dir/MiniOzoneClusterImpl-79f21b30-aaf8-43fb-84ca-e7a29640eabd/ozone-meta/datanode-3/data-0/hdds) is shutting down. 
2024-08-23 17:40:49,437 [ContainerDataScanner(/home/runner/work/ozone/ozone/hadoop-ozone/integration-test/target/test-dir/MiniOzoneClusterImpl-79f21b30-aaf8-43fb-84ca-e7a29640eabd/ozone-meta/datanode-3/data-0/hdds)] WARN  ozoneimpl.AbstractBackgroundContainerScanner (AbstractBackgroundContainerScanner.java:handleRemainingSleep(134)) - Background container scan was interrupted.
2024-08-23 17:40:49,437 [ContainerDataScanner(/home/runner/work/ozone/ozone/hadoop-ozone/integration-test/target/test-dir/MiniOzoneClusterImpl-79f21b30-aaf8-43fb-84ca-e7a29640eabd/ozone-meta/datanode-3/data-0/hdds)] INFO  ozoneimpl.AbstractBackgroundContainerScanner (AbstractBackgroundContainerScanner.java:run(61)) - ContainerDataScanner(/home/runner/work/ozone/ozone/hadoop-ozone/integration-test/target/test-dir/MiniOzoneClusterImpl-79f21b30-aaf8-43fb-84ca-e7a29640eabd/ozone-meta/datanode-3/data-0/hdds, DS-ef12ddfd-4dde-4a5c-b443-a597efc478b9) exiting.
2024-08-23 17:40:49,437 [main] INFO  ozoneimpl.OzoneContainer (OzoneContainer.java:stop(497)) - Attempting to stop container services.
2024-08-23 17:40:49,437 [ForkJoinPool.commonPool-worker-1] INFO  ozoneimpl.OnDemandContainerDataScanner (OnDemandContainerDataScanner.java:shutdownScanner(206)) - On-demand container scanner is shutting down.
2024-08-23 17:40:49,438 [ContainerMetadataScanner] WARN  ozoneimpl.AbstractBackgroundContainerScanner (AbstractBackgroundContainerScanner.java:handleRemainingSleep(134)) - Background container scan was interrupted.
2024-08-23 17:40:49,438 [ContainerMetadataScanner] INFO  ozoneimpl.AbstractBackgroundContainerScanner (AbstractBackgroundContainerScanner.java:run(61)) - Thread[ContainerMetadataScanner,5,main] exiting.
2024-08-23 17:40:49,438 [ForkJoinPool.commonPool-worker-1] INFO  ratis.XceiverServerRatis (XceiverServerRatis.java:stop(596)) - Stopping XceiverServerRatis ab598a91-1760-425c-863f-c9c0150b23d9
2024-08-23 17:40:49,438 [main] INFO  ozoneimpl.BackgroundContainerDataScanner (BackgroundContainerDataScanner.java:shutdown(141)) - ContainerDataScanner(/home/runner/work/ozone/ozone/hadoop-ozone/integration-test/target/test-dir/MiniOzoneClusterImpl-79f21b30-aaf8-43fb-84ca-e7a29640eabd/ozone-meta/datanode-2/data-0/hdds) is shutting down. 
2024-08-23 17:40:49,438 [ContainerDataScanner(/home/runner/work/ozone/ozone/hadoop-ozone/integration-test/target/test-dir/MiniOzoneClusterImpl-79f21b30-aaf8-43fb-84ca-e7a29640eabd/ozone-meta/datanode-2/data-0/hdds)] WARN  ozoneimpl.AbstractBackgroundContainerScanner (AbstractBackgroundContainerScanner.java:handleRemainingSleep(134)) - Background container scan was interrupted.
2024-08-23 17:40:49,438 [ContainerDataScanner(/home/runner/work/ozone/ozone/hadoop-ozone/integration-test/target/test-dir/MiniOzoneClusterImpl-79f21b30-aaf8-43fb-84ca-e7a29640eabd/ozone-meta/datanode-2/data-0/hdds)] INFO  ozoneimpl.AbstractBackgroundContainerScanner (AbstractBackgroundContainerScanner.java:run(61)) - ContainerDataScanner(/home/runner/work/ozone/ozone/hadoop-ozone/integration-test/target/test-dir/MiniOzoneClusterImpl-79f21b30-aaf8-43fb-84ca-e7a29640eabd/ozone-meta/datanode-2/data-0/hdds, DS-1940adda-a11d-4365-812f-1ea8662ce544) exiting.
2024-08-23 17:40:49,438 [ForkJoinPool.commonPool-worker-3] INFO  ratis.XceiverServerRatis (XceiverServerRatis.java:stop(596)) - Stopping XceiverServerRatis 4c92e27b-ecd4-4d14-ba24-c9bbe0da28ff
2024-08-23 17:40:49,438 [ForkJoinPool.commonPool-worker-3] INFO  server.RaftServer (RaftServerProxy.java:lambda$close$9(418)) - 4c92e27b-ecd4-4d14-ba24-c9bbe0da28ff: close
2024-08-23 17:40:49,438 [4c92e27b-ecd4-4d14-ba24-c9bbe0da28ff-impl-thread1] INFO  server.RaftServer$Division (RaftServerImpl.java:lambda$close$1(501)) - 4c92e27b-ecd4-4d14-ba24-c9bbe0da28ff@group-09CD5A5C52E7: shutdown
2024-08-23 17:40:49,438 [4c92e27b-ecd4-4d14-ba24-c9bbe0da28ff-impl-thread1] INFO  util.JmxRegister (JmxRegister.java:unregister(74)) - Successfully un-registered JMX Bean with object name Ratis:service=RaftServer,group=group-09CD5A5C52E7,id=4c92e27b-ecd4-4d14-ba24-c9bbe0da28ff
2024-08-23 17:40:49,438 [4c92e27b-ecd4-4d14-ba24-c9bbe0da28ff-impl-thread1] INFO  impl.RoleInfo (RoleInfo.java:shutdownLeaderState(103)) - 4c92e27b-ecd4-4d14-ba24-c9bbe0da28ff: shutdown 4c92e27b-ecd4-4d14-ba24-c9bbe0da28ff@group-09CD5A5C52E7-LeaderStateImpl
2024-08-23 17:40:49,438 [4c92e27b-ecd4-4d14-ba24-c9bbe0da28ff-impl-thread2] INFO  server.RaftServer$Division (RaftServerImpl.java:lambda$close$1(501)) - 4c92e27b-ecd4-4d14-ba24-c9bbe0da28ff@group-3784CE077ECC: shutdown
2024-08-23 17:40:49,439 [4c92e27b-ecd4-4d14-ba24-c9bbe0da28ff-impl-thread1] INFO  impl.PendingRequests (PendingRequests.java:sendNotLeaderResponses(287)) - 4c92e27b-ecd4-4d14-ba24-c9bbe0da28ff@group-09CD5A5C52E7-PendingRequests: sendNotLeaderResponses
2024-08-23 17:40:49,439 [ForkJoinPool.commonPool-worker-3] INFO  server.GrpcService (GrpcService.java:closeImpl(311)) - 4c92e27b-ecd4-4d14-ba24-c9bbe0da28ff: shutdown server GrpcServerProtocolService now
2024-08-23 17:40:49,439 [4c92e27b-ecd4-4d14-ba24-c9bbe0da28ff-impl-thread3] INFO  server.RaftServer$Division (RaftServerImpl.java:lambda$close$1(501)) - 4c92e27b-ecd4-4d14-ba24-c9bbe0da28ff@group-4F5CF625C0F0: shutdown
2024-08-23 17:40:49,439 [4c92e27b-ecd4-4d14-ba24-c9bbe0da28ff-impl-thread3] INFO  util.JmxRegister (JmxRegister.java:unregister(74)) - Successfully un-registered JMX Bean with object name Ratis:service=RaftServer,group=group-4F5CF625C0F0,id=4c92e27b-ecd4-4d14-ba24-c9bbe0da28ff
2024-08-23 17:40:49,439 [4c92e27b-ecd4-4d14-ba24-c9bbe0da28ff-impl-thread3] INFO  impl.RoleInfo (RoleInfo.java:shutdownLeaderState(103)) - 4c92e27b-ecd4-4d14-ba24-c9bbe0da28ff: shutdown 4c92e27b-ecd4-4d14-ba24-c9bbe0da28ff@group-4F5CF625C0F0-LeaderStateImpl
2024-08-23 17:40:49,439 [4c92e27b-ecd4-4d14-ba24-c9bbe0da28ff-impl-thread3] INFO  impl.PendingRequests (PendingRequests.java:sendNotLeaderResponses(287)) - 4c92e27b-ecd4-4d14-ba24-c9bbe0da28ff@group-4F5CF625C0F0-PendingRequests: sendNotLeaderResponses
2024-08-23 17:40:49,438 [ForkJoinPool.commonPool-worker-1] INFO  server.RaftServer (RaftServerProxy.java:lambda$close$9(418)) - ab598a91-1760-425c-863f-c9c0150b23d9: close
2024-08-23 17:40:49,439 [4c92e27b-ecd4-4d14-ba24-c9bbe0da28ff@group-09CD5A5C52E7->ab598a91-1760-425c-863f-c9c0150b23d9-GrpcLogAppender-LogAppenderDaemon] WARN  server.GrpcLogAppender (GrpcLogAppender.java:mayWait(293)) - 4c92e27b-ecd4-4d14-ba24-c9bbe0da28ff@group-09CD5A5C52E7->ab598a91-1760-425c-863f-c9c0150b23d9-GrpcLogAppender: Wait interrupted by java.lang.InterruptedException
2024-08-23 17:40:49,439 [4c92e27b-ecd4-4d14-ba24-c9bbe0da28ff@group-09CD5A5C52E7->97398481-acd0-44c3-9c1f-2d1228ad6123-GrpcLogAppender-LogAppenderDaemon] WARN  server.GrpcLogAppender (GrpcLogAppender.java:mayWait(293)) - 4c92e27b-ecd4-4d14-ba24-c9bbe0da28ff@group-09CD5A5C52E7->97398481-acd0-44c3-9c1f-2d1228ad6123-GrpcLogAppender: Wait interrupted by java.lang.InterruptedException
2024-08-23 17:40:49,439 [4c92e27b-ecd4-4d14-ba24-c9bbe0da28ff-impl-thread2] INFO  util.JmxRegister (JmxRegister.java:unregister(74)) - Successfully un-registered JMX Bean with object name Ratis:service=RaftServer,group=group-3784CE077ECC,id=4c92e27b-ecd4-4d14-ba24-c9bbe0da28ff
2024-08-23 17:40:49,440 [4c92e27b-ecd4-4d14-ba24-c9bbe0da28ff-impl-thread2] INFO  impl.RoleInfo (RoleInfo.java:shutdownFollowerState(119)) - 4c92e27b-ecd4-4d14-ba24-c9bbe0da28ff: shutdown 4c92e27b-ecd4-4d14-ba24-c9bbe0da28ff@group-3784CE077ECC-FollowerState
2024-08-23 17:40:49,440 [4c92e27b-ecd4-4d14-ba24-c9bbe0da28ff-impl-thread2] INFO  impl.StateMachineUpdater (StateMachineUpdater.java:stopAndJoin(164)) - 4c92e27b-ecd4-4d14-ba24-c9bbe0da28ff@group-3784CE077ECC-StateMachineUpdater: set stopIndex = 0
2024-08-23 17:40:49,440 [4c92e27b-ecd4-4d14-ba24-c9bbe0da28ff@group-3784CE077ECC-FollowerState] INFO  impl.FollowerState (FollowerState.java:run(153)) - 4c92e27b-ecd4-4d14-ba24-c9bbe0da28ff@group-3784CE077ECC-FollowerState was interrupted
2024-08-23 17:40:49,440 [4c92e27b-ecd4-4d14-ba24-c9bbe0da28ff@group-3784CE077ECC-StateMachineUpdater] INFO  ratis.ContainerStateMachine (ContainerStateMachine.java:takeSnapshot(363)) - group-3784CE077ECC: Taking a snapshot at:(t:1, i:0) file /home/runner/work/ozone/ozone/hadoop-ozone/integration-test/target/test-dir/MiniOzoneClusterImpl-79f21b30-aaf8-43fb-84ca-e7a29640eabd/ozone-meta/datanode-3/ratis/aa54c26e-dc3d-466a-8ec7-3784ce077ecc/sm/snapshot.1_0
2024-08-23 17:40:49,440 [grpc-default-executor-1] INFO  server.GrpcServerProtocolService (GrpcServerProtocolService.java:onCompleted(157)) - 97398481-acd0-44c3-9c1f-2d1228ad6123: Completed APPEND_ENTRIES, lastRequest: 4c92e27b-ecd4-4d14-ba24-c9bbe0da28ff->97398481-acd0-44c3-9c1f-2d1228ad6123#1-t1,previous=(t:0, i:0),leaderCommit=-1,initializing? false,entries: size=1, first=(t:1, i:0), CONFIGURATIONENTRY(current:id:"ab598a91-1760-425c-863f-c9c0150b23d9"address:"127.0.0.1:15071"dataStreamAddress:"127.0.0.1:15074"clientAddress:"127.0.0.1:15071"adminAddress:"127.0.0.1:15071"startupRole:FOLLOWER, id:"4c92e27b-ecd4-4d14-ba24-c9bbe0da28ff"address:"127.0.0.1:15089"priority:1dataStreamAddress:"127.0.0.1:15092"clientAddress:"127.0.0.1:15089"adminAddress:"127.0.0.1:15089"startupRole:FOLLOWER, id:"97398481-acd0-44c3-9c1f-2d1228ad6123"address:"127.0.0.1:15080"dataStreamAddress:"127.0.0.1:15083"clientAddress:"127.0.0.1:15080"adminAddress:"127.0.0.1:15080"startupRole:FOLLOWER, old:)
2024-08-23 17:40:49,440 [grpc-default-executor-1] INFO  server.GrpcServerProtocolService (GrpcServerProtocolService.java:lambda$onCompleted$5(159)) - 97398481-acd0-44c3-9c1f-2d1228ad6123: Completed APPEND_ENTRIES, lastReply: null
2024-08-23 17:40:49,438 [main] INFO  ratis.XceiverServerRatis (XceiverServerRatis.java:stop(596)) - Stopping XceiverServerRatis 97398481-acd0-44c3-9c1f-2d1228ad6123
2024-08-23 17:40:49,440 [grpc-default-executor-0] INFO  server.GrpcServerProtocolService (GrpcServerProtocolService.java:onCompleted(157)) - ab598a91-1760-425c-863f-c9c0150b23d9: Completed APPEND_ENTRIES, lastRequest: null
2024-08-23 17:40:49,440 [grpc-default-executor-0] INFO  server.GrpcServerProtocolService (GrpcServerProtocolService.java:lambda$onCompleted$5(159)) - ab598a91-1760-425c-863f-c9c0150b23d9: Completed APPEND_ENTRIES, lastReply: serverReply {
  requestorId: "4c92e27b-ecd4-4d14-ba24-c9bbe0da28ff"
  replyId: "ab598a91-1760-425c-863f-c9c0150b23d9"
  raftGroupId {
    id: "\f\374<\313\337\034@\247\246\332\t\315Z\\R\347"
  }
  callId: 6
  success: true
}
term: 1
nextIndex: 1
matchIndex: 18446744073709551615
isHearbeat: true

2024-08-23 17:40:49,441 [ab598a91-1760-425c-863f-c9c0150b23d9-impl-thread2] INFO  server.RaftServer$Division (RaftServerImpl.java:lambda$close$1(501)) - ab598a91-1760-425c-863f-c9c0150b23d9@group-26B6F44DE0E3: shutdown
2024-08-23 17:40:49,440 [grpc-default-executor-2] INFO  server.GrpcServerProtocolService (GrpcServerProtocolService.java:onCompleted(157)) - ab598a91-1760-425c-863f-c9c0150b23d9: Completed APPEND_ENTRIES, lastRequest: 4c92e27b-ecd4-4d14-ba24-c9bbe0da28ff->ab598a91-1760-425c-863f-c9c0150b23d9#1-t1,previous=(t:0, i:0),leaderCommit=-1,initializing? false,entries: size=1, first=(t:1, i:0), CONFIGURATIONENTRY(current:id:"ab598a91-1760-425c-863f-c9c0150b23d9"address:"127.0.0.1:15071"dataStreamAddress:"127.0.0.1:15074"clientAddress:"127.0.0.1:15071"adminAddress:"127.0.0.1:15071"startupRole:FOLLOWER, id:"4c92e27b-ecd4-4d14-ba24-c9bbe0da28ff"address:"127.0.0.1:15089"priority:1dataStreamAddress:"127.0.0.1:15092"clientAddress:"127.0.0.1:15089"adminAddress:"127.0.0.1:15089"startupRole:FOLLOWER, id:"97398481-acd0-44c3-9c1f-2d1228ad6123"address:"127.0.0.1:15080"dataStreamAddress:"127.0.0.1:15083"clientAddress:"127.0.0.1:15080"adminAddress:"127.0.0.1:15080"startupRole:FOLLOWER, old:)
2024-08-23 17:40:49,441 [grpc-default-executor-2] INFO  server.GrpcServerProtocolService (GrpcServerProtocolService.java:lambda$onCompleted$5(159)) - ab598a91-1760-425c-863f-c9c0150b23d9: Completed APPEND_ENTRIES, lastReply: null
2024-08-23 17:40:49,440 [grpc-default-executor-3] INFO  server.GrpcServerProtocolService (GrpcServerProtocolService.java:onCompleted(157)) - 97398481-acd0-44c3-9c1f-2d1228ad6123: Completed APPEND_ENTRIES, lastRequest: null
2024-08-23 17:40:49,441 [grpc-default-executor-3] INFO  server.GrpcServerProtocolService (GrpcServerProtocolService.java:lambda$onCompleted$5(159)) - 97398481-acd0-44c3-9c1f-2d1228ad6123: Completed APPEND_ENTRIES, lastReply: serverReply {
  requestorId: "4c92e27b-ecd4-4d14-ba24-c9bbe0da28ff"
  replyId: "97398481-acd0-44c3-9c1f-2d1228ad6123"
  raftGroupId {
    id: "\f\374<\313\337\034@\247\246\332\t\315Z\\R\347"
  }
  callId: 5
  success: true
}
term: 1
nextIndex: 1
matchIndex: 18446744073709551615
isHearbeat: true

2024-08-23 17:40:49,439 [ab598a91-1760-425c-863f-c9c0150b23d9-impl-thread1] INFO  server.RaftServer$Division (RaftServerImpl.java:lambda$close$1(501)) - ab598a91-1760-425c-863f-c9c0150b23d9@group-09CD5A5C52E7: shutdown
2024-08-23 17:40:49,441 [4c92e27b-ecd4-4d14-ba24-c9bbe0da28ff@group-3784CE077ECC-StateMachineUpdater] INFO  ratis.ContainerStateMachine (ContainerStateMachine.java:takeSnapshot(374)) - group-3784CE077ECC: Finished taking a snapshot at:(t:1, i:0) file:/home/runner/work/ozone/ozone/hadoop-ozone/integration-test/target/test-dir/MiniOzoneClusterImpl-79f21b30-aaf8-43fb-84ca-e7a29640eabd/ozone-meta/datanode-3/ratis/aa54c26e-dc3d-466a-8ec7-3784ce077ecc/sm/snapshot.1_0 took: 1 ms
2024-08-23 17:40:49,442 [main] INFO  server.RaftServer (RaftServerProxy.java:lambda$close$9(418)) - 97398481-acd0-44c3-9c1f-2d1228ad6123: close
2024-08-23 17:40:49,442 [4c92e27b-ecd4-4d14-ba24-c9bbe0da28ff@group-3784CE077ECC-StateMachineUpdater] INFO  impl.StateMachineUpdater (StateMachineUpdater.java:takeSnapshot(303)) - 4c92e27b-ecd4-4d14-ba24-c9bbe0da28ff@group-3784CE077ECC-StateMachineUpdater: Took a snapshot at index 0
2024-08-23 17:40:49,442 [97398481-acd0-44c3-9c1f-2d1228ad6123-impl-thread1] INFO  server.RaftServer$Division (RaftServerImpl.java:lambda$close$1(501)) - 97398481-acd0-44c3-9c1f-2d1228ad6123@group-09CD5A5C52E7: shutdown
2024-08-23 17:40:49,442 [4c92e27b-ecd4-4d14-ba24-c9bbe0da28ff@group-3784CE077ECC-StateMachineUpdater] INFO  impl.StateMachineUpdater (StateMachineUpdater.java:lambda$new$0(102)) - 4c92e27b-ecd4-4d14-ba24-c9bbe0da28ff@group-3784CE077ECC-StateMachineUpdater: snapshotIndex: updateIncreasingly -1 -> 0
2024-08-23 17:40:49,442 [4c92e27b-ecd4-4d14-ba24-c9bbe0da28ff@group-3784CE077ECC-StateMachineUpdater] INFO  impl.StateMachineUpdater (StateMachineUpdater.java:stop(141)) - 4c92e27b-ecd4-4d14-ba24-c9bbe0da28ff@group-3784CE077ECC-StateMachineUpdater: closing ContainerStateMachine, lastApplied=(t:1, i:0)
2024-08-23 17:40:49,442 [ab598a91-1760-425c-863f-c9c0150b23d9-impl-thread1] INFO  util.JmxRegister (JmxRegister.java:unregister(74)) - Successfully un-registered JMX Bean with object name Ratis:service=RaftServer,group=group-09CD5A5C52E7,id=ab598a91-1760-425c-863f-c9c0150b23d9
2024-08-23 17:40:49,442 [ab598a91-1760-425c-863f-c9c0150b23d9-impl-thread1] INFO  impl.RoleInfo (RoleInfo.java:shutdownFollowerState(119)) - ab598a91-1760-425c-863f-c9c0150b23d9: shutdown ab598a91-1760-425c-863f-c9c0150b23d9@group-09CD5A5C52E7-FollowerState
2024-08-23 17:40:49,443 [ab598a91-1760-425c-863f-c9c0150b23d9-impl-thread1] INFO  impl.StateMachineUpdater (StateMachineUpdater.java:stopAndJoin(164)) - ab598a91-1760-425c-863f-c9c0150b23d9@group-09CD5A5C52E7-StateMachineUpdater: set stopIndex = 0
2024-08-23 17:40:49,443 [4c92e27b-ecd4-4d14-ba24-c9bbe0da28ff@group-3784CE077ECC-cacheEviction-AwaitToRun] INFO  util.AwaitToRun (AwaitToRun.java:run(49)) - 4c92e27b-ecd4-4d14-ba24-c9bbe0da28ff@group-3784CE077ECC-cacheEviction-AwaitToRun-AwaitForSignal is interrupted
2024-08-23 17:40:49,443 [ab598a91-1760-425c-863f-c9c0150b23d9@group-09CD5A5C52E7-FollowerState] INFO  impl.FollowerState (FollowerState.java:run(153)) - ab598a91-1760-425c-863f-c9c0150b23d9@group-09CD5A5C52E7-FollowerState was interrupted
2024-08-23 17:40:49,443 [ab598a91-1760-425c-863f-c9c0150b23d9@group-09CD5A5C52E7-StateMachineUpdater] INFO  ratis.ContainerStateMachine (ContainerStateMachine.java:takeSnapshot(363)) - group-09CD5A5C52E7: Taking a snapshot at:(t:1, i:0) file /home/runner/work/ozone/ozone/hadoop-ozone/integration-test/target/test-dir/MiniOzoneClusterImpl-79f21b30-aaf8-43fb-84ca-e7a29640eabd/ozone-meta/datanode-1/ratis/0cfc3ccb-df1c-40a7-a6da-09cd5a5c52e7/sm/snapshot.1_0
2024-08-23 17:40:49,443 [97398481-acd0-44c3-9c1f-2d1228ad6123-impl-thread1] INFO  util.JmxRegister (JmxRegister.java:unregister(74)) - Successfully un-registered JMX Bean with object name Ratis:service=RaftServer,group=group-09CD5A5C52E7,id=97398481-acd0-44c3-9c1f-2d1228ad6123
2024-08-23 17:40:49,443 [97398481-acd0-44c3-9c1f-2d1228ad6123-impl-thread1] INFO  impl.RoleInfo (RoleInfo.java:shutdownFollowerState(119)) - 97398481-acd0-44c3-9c1f-2d1228ad6123: shutdown 97398481-acd0-44c3-9c1f-2d1228ad6123@group-09CD5A5C52E7-FollowerState
2024-08-23 17:40:49,443 [ab598a91-1760-425c-863f-c9c0150b23d9@group-09CD5A5C52E7-StateMachineUpdater] INFO  ratis.ContainerStateMachine (ContainerStateMachine.java:takeSnapshot(374)) - group-09CD5A5C52E7: Finished taking a snapshot at:(t:1, i:0) file:/home/runner/work/ozone/ozone/hadoop-ozone/integration-test/target/test-dir/MiniOzoneClusterImpl-79f21b30-aaf8-43fb-84ca-e7a29640eabd/ozone-meta/datanode-1/ratis/0cfc3ccb-df1c-40a7-a6da-09cd5a5c52e7/sm/snapshot.1_0 took: 0 ms
2024-08-23 17:40:49,443 [97398481-acd0-44c3-9c1f-2d1228ad6123@group-09CD5A5C52E7-FollowerState] INFO  impl.FollowerState (FollowerState.java:run(153)) - 97398481-acd0-44c3-9c1f-2d1228ad6123@group-09CD5A5C52E7-FollowerState was interrupted
2024-08-23 17:40:49,443 [ab598a91-1760-425c-863f-c9c0150b23d9@group-09CD5A5C52E7-StateMachineUpdater] INFO  impl.StateMachineUpdater (StateMachineUpdater.java:takeSnapshot(303)) - ab598a91-1760-425c-863f-c9c0150b23d9@group-09CD5A5C52E7-StateMachineUpdater: Took a snapshot at index 0
2024-08-23 17:40:49,443 [ab598a91-1760-425c-863f-c9c0150b23d9@group-09CD5A5C52E7-StateMachineUpdater] INFO  impl.StateMachineUpdater (StateMachineUpdater.java:lambda$new$0(102)) - ab598a91-1760-425c-863f-c9c0150b23d9@group-09CD5A5C52E7-StateMachineUpdater: snapshotIndex: updateIncreasingly -1 -> 0
2024-08-23 17:40:49,443 [ab598a91-1760-425c-863f-c9c0150b23d9@group-09CD5A5C52E7-StateMachineUpdater] INFO  impl.StateMachineUpdater (StateMachineUpdater.java:stop(141)) - ab598a91-1760-425c-863f-c9c0150b23d9@group-09CD5A5C52E7-StateMachineUpdater: closing ContainerStateMachine, lastApplied=(t:1, i:0)
2024-08-23 17:40:49,444 [97398481-acd0-44c3-9c1f-2d1228ad6123@group-09CD5A5C52E7-StateMachineUpdater] INFO  ratis.ContainerStateMachine (ContainerStateMachine.java:takeSnapshot(363)) - group-09CD5A5C52E7: Taking a snapshot at:(t:1, i:0) file /home/runner/work/ozone/ozone/hadoop-ozone/integration-test/target/test-dir/MiniOzoneClusterImpl-79f21b30-aaf8-43fb-84ca-e7a29640eabd/ozone-meta/datanode-2/ratis/0cfc3ccb-df1c-40a7-a6da-09cd5a5c52e7/sm/snapshot.1_0
2024-08-23 17:40:49,444 [ab598a91-1760-425c-863f-c9c0150b23d9@group-09CD5A5C52E7-cacheEviction-AwaitToRun] INFO  util.AwaitToRun (AwaitToRun.java:run(49)) - ab598a91-1760-425c-863f-c9c0150b23d9@group-09CD5A5C52E7-cacheEviction-AwaitToRun-AwaitForSignal is interrupted
2024-08-23 17:40:49,444 [97398481-acd0-44c3-9c1f-2d1228ad6123@group-09CD5A5C52E7-StateMachineUpdater] INFO  ratis.ContainerStateMachine (ContainerStateMachine.java:takeSnapshot(374)) - group-09CD5A5C52E7: Finished taking a snapshot at:(t:1, i:0) file:/home/runner/work/ozone/ozone/hadoop-ozone/integration-test/target/test-dir/MiniOzoneClusterImpl-79f21b30-aaf8-43fb-84ca-e7a29640eabd/ozone-meta/datanode-2/ratis/0cfc3ccb-df1c-40a7-a6da-09cd5a5c52e7/sm/snapshot.1_0 took: 0 ms
2024-08-23 17:40:49,444 [4c92e27b-ecd4-4d14-ba24-c9bbe0da28ff-impl-thread1] INFO  impl.StateMachineUpdater (StateMachineUpdater.java:stopAndJoin(164)) - 4c92e27b-ecd4-4d14-ba24-c9bbe0da28ff@group-09CD5A5C52E7-StateMachineUpdater: set stopIndex = 0
2024-08-23 17:40:49,444 [97398481-acd0-44c3-9c1f-2d1228ad6123@group-09CD5A5C52E7-StateMachineUpdater] INFO  impl.StateMachineUpdater (StateMachineUpdater.java:takeSnapshot(303)) - 97398481-acd0-44c3-9c1f-2d1228ad6123@group-09CD5A5C52E7-StateMachineUpdater: Took a snapshot at index 0
2024-08-23 17:40:49,444 [97398481-acd0-44c3-9c1f-2d1228ad6123@group-09CD5A5C52E7-StateMachineUpdater] INFO  impl.StateMachineUpdater (StateMachineUpdater.java:lambda$new$0(102)) - 97398481-acd0-44c3-9c1f-2d1228ad6123@group-09CD5A5C52E7-StateMachineUpdater: snapshotIndex: updateIncreasingly -1 -> 0
2024-08-23 17:40:49,444 [97398481-acd0-44c3-9c1f-2d1228ad6123@group-09CD5A5C52E7-StateMachineUpdater] INFO  impl.StateMachineUpdater (StateMachineUpdater.java:stop(141)) - 97398481-acd0-44c3-9c1f-2d1228ad6123@group-09CD5A5C52E7-StateMachineUpdater: closing ContainerStateMachine, lastApplied=(t:1, i:0)
2024-08-23 17:40:49,445 [grpc-default-executor-0] INFO  server.GrpcLogAppender (GrpcLogAppender.java:onCompleted(550)) - 4c92e27b-ecd4-4d14-ba24-c9bbe0da28ff@group-09CD5A5C52E7->97398481-acd0-44c3-9c1f-2d1228ad6123-AppendLogResponseHandler: follower responses appendEntries COMPLETED
2024-08-23 17:40:49,443 [ab598a91-1760-425c-863f-c9c0150b23d9-impl-thread2] INFO  util.JmxRegister (JmxRegister.java:unregister(74)) - Successfully un-registered JMX Bean with object name Ratis:service=RaftServer,group=group-26B6F44DE0E3,id=ab598a91-1760-425c-863f-c9c0150b23d9
2024-08-23 17:40:49,445 [grpc-default-executor-3] INFO  server.GrpcLogAppender (GrpcLogAppender.java:onCompleted(550)) - 4c92e27b-ecd4-4d14-ba24-c9bbe0da28ff@group-09CD5A5C52E7->ab598a91-1760-425c-863f-c9c0150b23d9-AppendLogResponseHandler: follower responses appendEntries COMPLETED
2024-08-23 17:40:49,444 [4c92e27b-ecd4-4d14-ba24-c9bbe0da28ff@group-09CD5A5C52E7-StateMachineUpdater] INFO  ratis.ContainerStateMachine (ContainerStateMachine.java:takeSnapshot(363)) - group-09CD5A5C52E7: Taking a snapshot at:(t:1, i:0) file /home/runner/work/ozone/ozone/hadoop-ozone/integration-test/target/test-dir/MiniOzoneClusterImpl-79f21b30-aaf8-43fb-84ca-e7a29640eabd/ozone-meta/datanode-3/ratis/0cfc3ccb-df1c-40a7-a6da-09cd5a5c52e7/sm/snapshot.1_0
2024-08-23 17:40:49,443 [97398481-acd0-44c3-9c1f-2d1228ad6123-impl-thread1] INFO  impl.StateMachineUpdater (StateMachineUpdater.java:stopAndJoin(164)) - 97398481-acd0-44c3-9c1f-2d1228ad6123@group-09CD5A5C52E7-StateMachineUpdater: set stopIndex = 0
2024-08-23 17:40:49,445 [ab598a91-1760-425c-863f-c9c0150b23d9-impl-thread2] INFO  impl.RoleInfo (RoleInfo.java:shutdownLeaderState(103)) - ab598a91-1760-425c-863f-c9c0150b23d9: shutdown ab598a91-1760-425c-863f-c9c0150b23d9@group-26B6F44DE0E3-LeaderStateImpl
2024-08-23 17:40:49,445 [4c92e27b-ecd4-4d14-ba24-c9bbe0da28ff@group-09CD5A5C52E7-StateMachineUpdater] INFO  ratis.ContainerStateMachine (ContainerStateMachine.java:takeSnapshot(374)) - group-09CD5A5C52E7: Finished taking a snapshot at:(t:1, i:0) file:/home/runner/work/ozone/ozone/hadoop-ozone/integration-test/target/test-dir/MiniOzoneClusterImpl-79f21b30-aaf8-43fb-84ca-e7a29640eabd/ozone-meta/datanode-3/ratis/0cfc3ccb-df1c-40a7-a6da-09cd5a5c52e7/sm/snapshot.1_0 took: 2 ms
2024-08-23 17:40:49,445 [ForkJoinPool.commonPool-worker-1] INFO  server.GrpcService (GrpcService.java:closeImpl(311)) - ab598a91-1760-425c-863f-c9c0150b23d9: shutdown server GrpcServerProtocolService now
2024-08-23 17:40:49,445 [4c92e27b-ecd4-4d14-ba24-c9bbe0da28ff@group-09CD5A5C52E7-StateMachineUpdater] INFO  impl.StateMachineUpdater (StateMachineUpdater.java:takeSnapshot(303)) - 4c92e27b-ecd4-4d14-ba24-c9bbe0da28ff@group-09CD5A5C52E7-StateMachineUpdater: Took a snapshot at index 0
2024-08-23 17:40:49,445 [97398481-acd0-44c3-9c1f-2d1228ad6123@group-09CD5A5C52E7-cacheEviction-AwaitToRun] INFO  util.AwaitToRun (AwaitToRun.java:run(49)) - 97398481-acd0-44c3-9c1f-2d1228ad6123@group-09CD5A5C52E7-cacheEviction-AwaitToRun-AwaitForSignal is interrupted
2024-08-23 17:40:49,446 [ab598a91-1760-425c-863f-c9c0150b23d9-impl-thread3] INFO  server.RaftServer$Division (RaftServerImpl.java:lambda$close$1(501)) - ab598a91-1760-425c-863f-c9c0150b23d9@group-3784CE077ECC: shutdown
2024-08-23 17:40:49,446 [ab598a91-1760-425c-863f-c9c0150b23d9-impl-thread3] INFO  util.JmxRegister (JmxRegister.java:unregister(74)) - Successfully un-registered JMX Bean with object name Ratis:service=RaftServer,group=group-3784CE077ECC,id=ab598a91-1760-425c-863f-c9c0150b23d9
2024-08-23 17:40:49,446 [ab598a91-1760-425c-863f-c9c0150b23d9-impl-thread3] INFO  impl.RoleInfo (RoleInfo.java:shutdownFollowerState(119)) - ab598a91-1760-425c-863f-c9c0150b23d9: shutdown ab598a91-1760-425c-863f-c9c0150b23d9@group-3784CE077ECC-FollowerState
2024-08-23 17:40:49,446 [4c92e27b-ecd4-4d14-ba24-c9bbe0da28ff@group-09CD5A5C52E7-StateMachineUpdater] INFO  impl.StateMachineUpdater (StateMachineUpdater.java:lambda$new$0(102)) - 4c92e27b-ecd4-4d14-ba24-c9bbe0da28ff@group-09CD5A5C52E7-StateMachineUpdater: snapshotIndex: updateIncreasingly -1 -> 0
2024-08-23 17:40:49,445 [4c92e27b-ecd4-4d14-ba24-c9bbe0da28ff-impl-thread3] INFO  impl.StateMachineUpdater (StateMachineUpdater.java:stopAndJoin(164)) - 4c92e27b-ecd4-4d14-ba24-c9bbe0da28ff@group-4F5CF625C0F0-StateMachineUpdater: set stopIndex = 0
2024-08-23 17:40:49,445 [4c92e27b-ecd4-4d14-ba24-c9bbe0da28ff@group-4F5CF625C0F0-StateMachineUpdater] INFO  ratis.ContainerStateMachine (ContainerStateMachine.java:takeSnapshot(363)) - group-4F5CF625C0F0: Taking a snapshot at:(t:1, i:0) file /home/runner/work/ozone/ozone/hadoop-ozone/integration-test/target/test-dir/MiniOzoneClusterImpl-79f21b30-aaf8-43fb-84ca-e7a29640eabd/ozone-meta/datanode-3/ratis/09556f9f-9f24-4dd4-9dbc-4f5cf625c0f0/sm/snapshot.1_0
2024-08-23 17:40:49,445 [ab598a91-1760-425c-863f-c9c0150b23d9-impl-thread2] INFO  impl.PendingRequests (PendingRequests.java:sendNotLeaderResponses(287)) - ab598a91-1760-425c-863f-c9c0150b23d9@group-26B6F44DE0E3-PendingRequests: sendNotLeaderResponses
2024-08-23 17:40:49,446 [4c92e27b-ecd4-4d14-ba24-c9bbe0da28ff@group-4F5CF625C0F0-StateMachineUpdater] INFO  ratis.ContainerStateMachine (ContainerStateMachine.java:takeSnapshot(374)) - group-4F5CF625C0F0: Finished taking a snapshot at:(t:1, i:0) file:/home/runner/work/ozone/ozone/hadoop-ozone/integration-test/target/test-dir/MiniOzoneClusterImpl-79f21b30-aaf8-43fb-84ca-e7a29640eabd/ozone-meta/datanode-3/ratis/09556f9f-9f24-4dd4-9dbc-4f5cf625c0f0/sm/snapshot.1_0 took: 1 ms
2024-08-23 17:40:49,447 [grpc-default-executor-2] WARN  server.GrpcServerProtocolService (LogUtils.java:warn(121)) - ab598a91-1760-425c-863f-c9c0150b23d9: APPEND_ENTRIES onError, lastRequest: 97398481-acd0-44c3-9c1f-2d1228ad6123->ab598a91-1760-425c-863f-c9c0150b23d9#1-t1,previous=(t:0, i:0),leaderCommit=-1,initializing? false,entries: size=1, first=(t:1, i:0), CONFIGURATIONENTRY(current:id:"ab598a91-1760-425c-863f-c9c0150b23d9"address:"127.0.0.1:15071"dataStreamAddress:"127.0.0.1:15074"clientAddress:"127.0.0.1:15071"adminAddress:"127.0.0.1:15071"startupRole:FOLLOWER, id:"4c92e27b-ecd4-4d14-ba24-c9bbe0da28ff"address:"127.0.0.1:15089"dataStreamAddress:"127.0.0.1:15092"clientAddress:"127.0.0.1:15089"adminAddress:"127.0.0.1:15089"startupRole:FOLLOWER, id:"97398481-acd0-44c3-9c1f-2d1228ad6123"address:"127.0.0.1:15080"priority:1dataStreamAddress:"127.0.0.1:15083"clientAddress:"127.0.0.1:15080"adminAddress:"127.0.0.1:15080"startupRole:FOLLOWER, old:): org.apache.ratis.thirdparty.io.grpc.StatusRuntimeException: CANCELLED: client cancelled
2024-08-23 17:40:49,447 [grpc-default-executor-3] WARN  server.GrpcLogAppender (LogUtils.java:warn(121)) - 97398481-acd0-44c3-9c1f-2d1228ad6123@group-3784CE077ECC->ab598a91-1760-425c-863f-c9c0150b23d9-AppendLogResponseHandler: Failed appendEntries: org.apache.ratis.thirdparty.io.grpc.StatusRuntimeException: CANCELLED: RST_STREAM closed stream. HTTP/2 error code: CANCEL
2024-08-23 17:40:49,447 [grpc-default-executor-3] WARN  server.GrpcLogAppender (GrpcLogAppender.java:lambda$resetClient$1(221)) - 97398481-acd0-44c3-9c1f-2d1228ad6123@group-3784CE077ECC->ab598a91-1760-425c-863f-c9c0150b23d9-GrpcLogAppender: Follower failed (request=null, errorCount=1); keep nextIndex (1) unchanged and retry.
2024-08-23 17:40:49,447 [ab598a91-1760-425c-863f-c9c0150b23d9@group-26B6F44DE0E3-StateMachineUpdater] INFO  ratis.ContainerStateMachine (ContainerStateMachine.java:takeSnapshot(363)) - group-26B6F44DE0E3: Taking a snapshot at:(t:1, i:0) file /home/runner/work/ozone/ozone/hadoop-ozone/integration-test/target/test-dir/MiniOzoneClusterImpl-79f21b30-aaf8-43fb-84ca-e7a29640eabd/ozone-meta/datanode-1/ratis/aca7c363-b9df-461b-a88d-26b6f44de0e3/sm/snapshot.1_0
2024-08-23 17:40:49,447 [ab598a91-1760-425c-863f-c9c0150b23d9-impl-thread2] INFO  impl.StateMachineUpdater (StateMachineUpdater.java:stopAndJoin(164)) - ab598a91-1760-425c-863f-c9c0150b23d9@group-26B6F44DE0E3-StateMachineUpdater: set stopIndex = 0
2024-08-23 17:40:49,447 [ab598a91-1760-425c-863f-c9c0150b23d9@group-26B6F44DE0E3-StateMachineUpdater] INFO  ratis.ContainerStateMachine (ContainerStateMachine.java:takeSnapshot(374)) - group-26B6F44DE0E3: Finished taking a snapshot at:(t:1, i:0) file:/home/runner/work/ozone/ozone/hadoop-ozone/integration-test/target/test-dir/MiniOzoneClusterImpl-79f21b30-aaf8-43fb-84ca-e7a29640eabd/ozone-meta/datanode-1/ratis/aca7c363-b9df-461b-a88d-26b6f44de0e3/sm/snapshot.1_0 took: 1 ms
2024-08-23 17:40:49,448 [ab598a91-1760-425c-863f-c9c0150b23d9@group-26B6F44DE0E3-StateMachineUpdater] INFO  impl.StateMachineUpdater (StateMachineUpdater.java:takeSnapshot(303)) - ab598a91-1760-425c-863f-c9c0150b23d9@group-26B6F44DE0E3-StateMachineUpdater: Took a snapshot at index 0
2024-08-23 17:40:49,448 [ab598a91-1760-425c-863f-c9c0150b23d9@group-26B6F44DE0E3-StateMachineUpdater] INFO  impl.StateMachineUpdater (StateMachineUpdater.java:lambda$new$0(102)) - ab598a91-1760-425c-863f-c9c0150b23d9@group-26B6F44DE0E3-StateMachineUpdater: snapshotIndex: updateIncreasingly -1 -> 0
2024-08-23 17:40:49,448 [ab598a91-1760-425c-863f-c9c0150b23d9@group-26B6F44DE0E3-StateMachineUpdater] INFO  impl.StateMachineUpdater (StateMachineUpdater.java:stop(141)) - ab598a91-1760-425c-863f-c9c0150b23d9@group-26B6F44DE0E3-StateMachineUpdater: closing ContainerStateMachine, lastApplied=(t:1, i:0)
2024-08-23 17:40:49,448 [ab598a91-1760-425c-863f-c9c0150b23d9@group-26B6F44DE0E3-cacheEviction-AwaitToRun] INFO  util.AwaitToRun (AwaitToRun.java:run(49)) - ab598a91-1760-425c-863f-c9c0150b23d9@group-26B6F44DE0E3-cacheEviction-AwaitToRun-AwaitForSignal is interrupted
2024-08-23 17:40:49,448 [grpc-default-executor-3] WARN  server.GrpcServerProtocolService (LogUtils.java:warn(121)) - 4c92e27b-ecd4-4d14-ba24-c9bbe0da28ff: APPEND_ENTRIES onError, lastRequest: 97398481-acd0-44c3-9c1f-2d1228ad6123->4c92e27b-ecd4-4d14-ba24-c9bbe0da28ff#1-t1,previous=(t:0, i:0),leaderCommit=-1,initializing? false,entries: size=1, first=(t:1, i:0), CONFIGURATIONENTRY(current:id:"ab598a91-1760-425c-863f-c9c0150b23d9"address:"127.0.0.1:15071"dataStreamAddress:"127.0.0.1:15074"clientAddress:"127.0.0.1:15071"adminAddress:"127.0.0.1:15071"startupRole:FOLLOWER, id:"4c92e27b-ecd4-4d14-ba24-c9bbe0da28ff"address:"127.0.0.1:15089"dataStreamAddress:"127.0.0.1:15092"clientAddress:"127.0.0.1:15089"adminAddress:"127.0.0.1:15089"startupRole:FOLLOWER, id:"97398481-acd0-44c3-9c1f-2d1228ad6123"address:"127.0.0.1:15080"priority:1dataStreamAddress:"127.0.0.1:15083"clientAddress:"127.0.0.1:15080"adminAddress:"127.0.0.1:15080"startupRole:FOLLOWER, old:): org.apache.ratis.thirdparty.io.grpc.StatusRuntimeException: CANCELLED: client cancelled
2024-08-23 17:40:49,449 [grpc-default-executor-2] WARN  server.GrpcLogAppender (LogUtils.java:warn(121)) - 97398481-acd0-44c3-9c1f-2d1228ad6123@group-3784CE077ECC->4c92e27b-ecd4-4d14-ba24-c9bbe0da28ff-AppendLogResponseHandler: Failed appendEntries: org.apache.ratis.thirdparty.io.grpc.StatusRuntimeException: CANCELLED: RST_STREAM closed stream. HTTP/2 error code: CANCEL
2024-08-23 17:40:49,449 [grpc-default-executor-2] WARN  server.GrpcLogAppender (GrpcLogAppender.java:lambda$resetClient$1(221)) - 97398481-acd0-44c3-9c1f-2d1228ad6123@group-3784CE077ECC->4c92e27b-ecd4-4d14-ba24-c9bbe0da28ff-GrpcLogAppender: Follower failed (request=null, errorCount=1); keep nextIndex (1) unchanged and retry.
2024-08-23 17:40:49,446 [ab598a91-1760-425c-863f-c9c0150b23d9-impl-thread3] INFO  impl.StateMachineUpdater (StateMachineUpdater.java:stopAndJoin(164)) - ab598a91-1760-425c-863f-c9c0150b23d9@group-3784CE077ECC-StateMachineUpdater: set stopIndex = 0
2024-08-23 17:40:49,446 [4c92e27b-ecd4-4d14-ba24-c9bbe0da28ff@group-09CD5A5C52E7-StateMachineUpdater] INFO  impl.StateMachineUpdater (StateMachineUpdater.java:stop(141)) - 4c92e27b-ecd4-4d14-ba24-c9bbe0da28ff@group-09CD5A5C52E7-StateMachineUpdater: closing ContainerStateMachine, lastApplied=(t:1, i:0)
2024-08-23 17:40:49,450 [main] INFO  server.GrpcService (GrpcService.java:closeImpl(311)) - 97398481-acd0-44c3-9c1f-2d1228ad6123: shutdown server GrpcServerProtocolService now
2024-08-23 17:40:49,446 [ab598a91-1760-425c-863f-c9c0150b23d9@group-3784CE077ECC-StateMachineUpdater] INFO  ratis.ContainerStateMachine (ContainerStateMachine.java:takeSnapshot(363)) - group-3784CE077ECC: Taking a snapshot at:(t:1, i:0) file /home/runner/work/ozone/ozone/hadoop-ozone/integration-test/target/test-dir/MiniOzoneClusterImpl-79f21b30-aaf8-43fb-84ca-e7a29640eabd/ozone-meta/datanode-1/ratis/aa54c26e-dc3d-466a-8ec7-3784ce077ecc/sm/snapshot.1_0
2024-08-23 17:40:49,450 [4c92e27b-ecd4-4d14-ba24-c9bbe0da28ff@group-09CD5A5C52E7-cacheEviction-AwaitToRun] INFO  util.AwaitToRun (AwaitToRun.java:run(49)) - 4c92e27b-ecd4-4d14-ba24-c9bbe0da28ff@group-09CD5A5C52E7-cacheEviction-AwaitToRun-AwaitForSignal is interrupted
2024-08-23 17:40:49,446 [ab598a91-1760-425c-863f-c9c0150b23d9@group-3784CE077ECC-FollowerState] INFO  impl.FollowerState (FollowerState.java:run(153)) - ab598a91-1760-425c-863f-c9c0150b23d9@group-3784CE077ECC-FollowerState was interrupted
2024-08-23 17:40:49,446 [grpc-default-executor-0] WARN  server.GrpcServerProtocolService (LogUtils.java:warn(121)) - ab598a91-1760-425c-863f-c9c0150b23d9: APPEND_ENTRIES onError, lastRequest: null: org.apache.ratis.thirdparty.io.grpc.StatusRuntimeException: CANCELLED: client cancelled
2024-08-23 17:40:49,451 [97398481-acd0-44c3-9c1f-2d1228ad6123-impl-thread3] INFO  server.RaftServer$Division (RaftServerImpl.java:lambda$close$1(501)) - 97398481-acd0-44c3-9c1f-2d1228ad6123@group-3784CE077ECC: shutdown
2024-08-23 17:40:49,451 [97398481-acd0-44c3-9c1f-2d1228ad6123-impl-thread3] INFO  util.JmxRegister (JmxRegister.java:unregister(74)) - Successfully un-registered JMX Bean with object name Ratis:service=RaftServer,group=group-3784CE077ECC,id=97398481-acd0-44c3-9c1f-2d1228ad6123
2024-08-23 17:40:49,451 [97398481-acd0-44c3-9c1f-2d1228ad6123-impl-thread3] INFO  impl.RoleInfo (RoleInfo.java:shutdownLeaderState(103)) - 97398481-acd0-44c3-9c1f-2d1228ad6123: shutdown 97398481-acd0-44c3-9c1f-2d1228ad6123@group-3784CE077ECC-LeaderStateImpl
2024-08-23 17:40:49,451 [ab598a91-1760-425c-863f-c9c0150b23d9@group-3784CE077ECC-StateMachineUpdater] INFO  ratis.ContainerStateMachine (ContainerStateMachine.java:takeSnapshot(374)) - group-3784CE077ECC: Finished taking a snapshot at:(t:1, i:0) file:/home/runner/work/ozone/ozone/hadoop-ozone/integration-test/target/test-dir/MiniOzoneClusterImpl-79f21b30-aaf8-43fb-84ca-e7a29640eabd/ozone-meta/datanode-1/ratis/aa54c26e-dc3d-466a-8ec7-3784ce077ecc/sm/snapshot.1_0 took: 5 ms
2024-08-23 17:40:49,450 [97398481-acd0-44c3-9c1f-2d1228ad6123-impl-thread2] INFO  server.RaftServer$Division (RaftServerImpl.java:lambda$close$1(501)) - 97398481-acd0-44c3-9c1f-2d1228ad6123@group-B0D1DD2FC95C: shutdown
2024-08-23 17:40:49,451 [ab598a91-1760-425c-863f-c9c0150b23d9@group-3784CE077ECC-StateMachineUpdater] INFO  impl.StateMachineUpdater (StateMachineUpdater.java:takeSnapshot(303)) - ab598a91-1760-425c-863f-c9c0150b23d9@group-3784CE077ECC-StateMachineUpdater: Took a snapshot at index 0
2024-08-23 17:40:49,451 [ab598a91-1760-425c-863f-c9c0150b23d9@group-3784CE077ECC-StateMachineUpdater] INFO  impl.StateMachineUpdater (StateMachineUpdater.java:lambda$new$0(102)) - ab598a91-1760-425c-863f-c9c0150b23d9@group-3784CE077ECC-StateMachineUpdater: snapshotIndex: updateIncreasingly -1 -> 0
2024-08-23 17:40:49,451 [Thread-1793] INFO  server.GrpcServerProtocolClient (GrpcServerProtocolClient.java:close(103)) - ab598a91-1760-425c-863f-c9c0150b23d9 Close channels
2024-08-23 17:40:49,451 [ab598a91-1760-425c-863f-c9c0150b23d9@group-3784CE077ECC-StateMachineUpdater] INFO  impl.StateMachineUpdater (StateMachineUpdater.java:stop(141)) - ab598a91-1760-425c-863f-c9c0150b23d9@group-3784CE077ECC-StateMachineUpdater: closing ContainerStateMachine, lastApplied=(t:1, i:0)
2024-08-23 17:40:49,447 [4c92e27b-ecd4-4d14-ba24-c9bbe0da28ff@group-4F5CF625C0F0-StateMachineUpdater] INFO  impl.StateMachineUpdater (StateMachineUpdater.java:takeSnapshot(303)) - 4c92e27b-ecd4-4d14-ba24-c9bbe0da28ff@group-4F5CF625C0F0-StateMachineUpdater: Took a snapshot at index 0
2024-08-23 17:40:49,451 [4c92e27b-ecd4-4d14-ba24-c9bbe0da28ff@group-4F5CF625C0F0-StateMachineUpdater] INFO  impl.StateMachineUpdater (StateMachineUpdater.java:lambda$new$0(102)) - 4c92e27b-ecd4-4d14-ba24-c9bbe0da28ff@group-4F5CF625C0F0-StateMachineUpdater: snapshotIndex: updateIncreasingly -1 -> 0
2024-08-23 17:40:49,451 [4c92e27b-ecd4-4d14-ba24-c9bbe0da28ff@group-4F5CF625C0F0-StateMachineUpdater] INFO  impl.StateMachineUpdater (StateMachineUpdater.java:stop(141)) - 4c92e27b-ecd4-4d14-ba24-c9bbe0da28ff@group-4F5CF625C0F0-StateMachineUpdater: closing ContainerStateMachine, lastApplied=(t:1, i:0)
2024-08-23 17:40:49,452 [grpc-default-executor-0] INFO  server.GrpcLogAppender (GrpcLogAppender.java:onError(537)) - 97398481-acd0-44c3-9c1f-2d1228ad6123@group-3784CE077ECC->4c92e27b-ecd4-4d14-ba24-c9bbe0da28ff-GrpcLogAppender is already stopped
2024-08-23 17:40:49,452 [grpc-default-executor-0] INFO  server.GrpcLogAppender (GrpcLogAppender.java:onCompleted(550)) - 4c92e27b-ecd4-4d14-ba24-c9bbe0da28ff@group-09CD5A5C52E7->ab598a91-1760-425c-863f-c9c0150b23d9-AppendLogResponseHandler: follower responses appendEntries COMPLETED
2024-08-23 17:40:49,452 [grpc-default-executor-0] WARN  server.GrpcLogAppender (GrpcLogAppender.java:resetClient(230)) - 4c92e27b-ecd4-4d14-ba24-c9bbe0da28ff@group-09CD5A5C52E7->ab598a91-1760-425c-863f-c9c0150b23d9-GrpcLogAppender: Failed to getClient for ab598a91-1760-425c-863f-c9c0150b23d9
org.apache.ratis.protocol.exceptions.AlreadyClosedException: 4c92e27b-ecd4-4d14-ba24-c9bbe0da28ff is already CLOSED
	at org.apache.ratis.util.PeerProxyMap$PeerAndProxy.getProxy(PeerProxyMap.java:67)
	at org.apache.ratis.util.PeerProxyMap.getProxy(PeerProxyMap.java:124)
	at org.apache.ratis.grpc.server.GrpcLogAppender.getClient(GrpcLogAppender.java:200)
	at org.apache.ratis.grpc.server.GrpcLogAppender.resetClient(GrpcLogAppender.java:205)
	at org.apache.ratis.grpc.server.GrpcLogAppender.access$800(GrpcLogAppender.java:64)
	at org.apache.ratis.grpc.server.GrpcLogAppender$AppendLogResponseHandler.onCompleted(GrpcLogAppender.java:551)
	at org.apache.ratis.thirdparty.io.grpc.stub.ClientCalls$StreamObserverToCallListenerAdapter.onClose(ClientCalls.java:479)
	at org.apache.ratis.thirdparty.io.grpc.internal.ClientCallImpl.closeObserver(ClientCallImpl.java:567)
	at org.apache.ratis.thirdparty.io.grpc.internal.ClientCallImpl.access$300(ClientCallImpl.java:71)
	at org.apache.ratis.thirdparty.io.grpc.internal.ClientCallImpl$ClientStreamListenerImpl$1StreamClosed.runInternal(ClientCallImpl.java:735)
	at org.apache.ratis.thirdparty.io.grpc.internal.ClientCallImpl$ClientStreamListenerImpl$1StreamClosed.runInContext(ClientCallImpl.java:716)
	at org.apache.ratis.thirdparty.io.grpc.internal.ContextRunnable.run(ContextRunnable.java:37)
	at org.apache.ratis.thirdparty.io.grpc.internal.SerializingExecutor.run(SerializingExecutor.java:133)
	at java.base/java.util.concurrent.ThreadPoolExecutor.runWorker(ThreadPoolExecutor.java:1136)
	at java.base/java.util.concurrent.ThreadPoolExecutor$Worker.run(ThreadPoolExecutor.java:635)
	at java.base/java.lang.Thread.run(Thread.java:840)
2024-08-23 17:40:49,452 [grpc-default-executor-4] INFO  server.GrpcLogAppender (GrpcLogAppender.java:onCompleted(550)) - 4c92e27b-ecd4-4d14-ba24-c9bbe0da28ff@group-09CD5A5C52E7->97398481-acd0-44c3-9c1f-2d1228ad6123-AppendLogResponseHandler: follower responses appendEntries COMPLETED
2024-08-23 17:40:49,452 [grpc-default-executor-4] INFO  server.GrpcLogAppender (GrpcLogAppender.java:onError(537)) - 97398481-acd0-44c3-9c1f-2d1228ad6123@group-3784CE077ECC->ab598a91-1760-425c-863f-c9c0150b23d9-GrpcLogAppender is already stopped
2024-08-23 17:40:49,453 [grpc-default-executor-5] WARN  server.GrpcServerProtocolService (LogUtils.java:warn(121)) - 4c92e27b-ecd4-4d14-ba24-c9bbe0da28ff: APPEND_ENTRIES onError, lastRequest: null: org.apache.ratis.thirdparty.io.grpc.StatusRuntimeException: CANCELLED: client cancelled
2024-08-23 17:40:49,453 [Thread-1797] INFO  server.GrpcServerProtocolClient (GrpcServerProtocolClient.java:close(103)) - ab598a91-1760-425c-863f-c9c0150b23d9 Close channels
2024-08-23 17:40:49,453 [Thread-1800] INFO  server.GrpcServerProtocolClient (GrpcServerProtocolClient.java:close(103)) - 4c92e27b-ecd4-4d14-ba24-c9bbe0da28ff Close channels
2024-08-23 17:40:49,454 [main] INFO  server.GrpcService (GrpcService.java:closeImpl(320)) - 97398481-acd0-44c3-9c1f-2d1228ad6123: shutdown server GrpcServerProtocolService successfully
2024-08-23 17:40:49,454 [Thread-1799] INFO  server.GrpcServerProtocolClient (GrpcServerProtocolClient.java:close(103)) - 97398481-acd0-44c3-9c1f-2d1228ad6123 Close channels
2024-08-23 17:40:49,454 [ForkJoinPool.commonPool-worker-3] INFO  server.GrpcService (GrpcService.java:closeImpl(320)) - 4c92e27b-ecd4-4d14-ba24-c9bbe0da28ff: shutdown server GrpcServerProtocolService successfully
2024-08-23 17:40:49,455 [Thread-1803] INFO  server.GrpcServerProtocolClient (GrpcServerProtocolClient.java:close(103)) - 97398481-acd0-44c3-9c1f-2d1228ad6123 Close channels
2024-08-23 17:40:49,451 [97398481-acd0-44c3-9c1f-2d1228ad6123@group-3784CE077ECC->4c92e27b-ecd4-4d14-ba24-c9bbe0da28ff-GrpcLogAppender-LogAppenderDaemon] WARN  server.GrpcLogAppender (GrpcLogAppender.java:mayWait(293)) - 97398481-acd0-44c3-9c1f-2d1228ad6123@group-3784CE077ECC->4c92e27b-ecd4-4d14-ba24-c9bbe0da28ff-GrpcLogAppender: Wait interrupted by java.lang.InterruptedException
2024-08-23 17:40:49,451 [97398481-acd0-44c3-9c1f-2d1228ad6123-impl-thread2] INFO  util.JmxRegister (JmxRegister.java:unregister(74)) - Successfully un-registered JMX Bean with object name Ratis:service=RaftServer,group=group-B0D1DD2FC95C,id=97398481-acd0-44c3-9c1f-2d1228ad6123
2024-08-23 17:40:49,457 [97398481-acd0-44c3-9c1f-2d1228ad6123-impl-thread2] INFO  impl.RoleInfo (RoleInfo.java:shutdownLeaderState(103)) - 97398481-acd0-44c3-9c1f-2d1228ad6123: shutdown 97398481-acd0-44c3-9c1f-2d1228ad6123@group-B0D1DD2FC95C-LeaderStateImpl
2024-08-23 17:40:49,457 [97398481-acd0-44c3-9c1f-2d1228ad6123-impl-thread2] INFO  impl.PendingRequests (PendingRequests.java:sendNotLeaderResponses(287)) - 97398481-acd0-44c3-9c1f-2d1228ad6123@group-B0D1DD2FC95C-PendingRequests: sendNotLeaderResponses
2024-08-23 17:40:49,458 [97398481-acd0-44c3-9c1f-2d1228ad6123-impl-thread2] INFO  impl.StateMachineUpdater (StateMachineUpdater.java:stopAndJoin(164)) - 97398481-acd0-44c3-9c1f-2d1228ad6123@group-B0D1DD2FC95C-StateMachineUpdater: set stopIndex = 2
2024-08-23 17:40:49,451 [97398481-acd0-44c3-9c1f-2d1228ad6123-impl-thread3] INFO  impl.PendingRequests (PendingRequests.java:sendNotLeaderResponses(287)) - 97398481-acd0-44c3-9c1f-2d1228ad6123@group-3784CE077ECC-PendingRequests: sendNotLeaderResponses
2024-08-23 17:40:49,451 [97398481-acd0-44c3-9c1f-2d1228ad6123@group-3784CE077ECC->ab598a91-1760-425c-863f-c9c0150b23d9-GrpcLogAppender-LogAppenderDaemon] WARN  server.GrpcLogAppender (GrpcLogAppender.java:mayWait(293)) - 97398481-acd0-44c3-9c1f-2d1228ad6123@group-3784CE077ECC->ab598a91-1760-425c-863f-c9c0150b23d9-GrpcLogAppender: Wait interrupted by java.lang.InterruptedException
2024-08-23 17:40:49,458 [97398481-acd0-44c3-9c1f-2d1228ad6123@group-B0D1DD2FC95C-StateMachineUpdater] INFO  ratis.ContainerStateMachine (ContainerStateMachine.java:takeSnapshot(363)) - group-B0D1DD2FC95C: Taking a snapshot at:(t:1, i:2) file /home/runner/work/ozone/ozone/hadoop-ozone/integration-test/target/test-dir/MiniOzoneClusterImpl-79f21b30-aaf8-43fb-84ca-e7a29640eabd/ozone-meta/datanode-2/ratis/289afc9d-6f61-4593-ba54-b0d1dd2fc95c/sm/snapshot.1_2
2024-08-23 17:40:49,457 [4c92e27b-ecd4-4d14-ba24-c9bbe0da28ff@group-4F5CF625C0F0-cacheEviction-AwaitToRun] INFO  util.AwaitToRun (AwaitToRun.java:run(49)) - 4c92e27b-ecd4-4d14-ba24-c9bbe0da28ff@group-4F5CF625C0F0-cacheEviction-AwaitToRun-AwaitForSignal is interrupted
2024-08-23 17:40:49,458 [97398481-acd0-44c3-9c1f-2d1228ad6123-impl-thread3] INFO  impl.StateMachineUpdater (StateMachineUpdater.java:stopAndJoin(164)) - 97398481-acd0-44c3-9c1f-2d1228ad6123@group-3784CE077ECC-StateMachineUpdater: set stopIndex = 0
2024-08-23 17:40:49,459 [97398481-acd0-44c3-9c1f-2d1228ad6123@group-3784CE077ECC-StateMachineUpdater] INFO  ratis.ContainerStateMachine (ContainerStateMachine.java:takeSnapshot(363)) - group-3784CE077ECC: Taking a snapshot at:(t:1, i:0) file /home/runner/work/ozone/ozone/hadoop-ozone/integration-test/target/test-dir/MiniOzoneClusterImpl-79f21b30-aaf8-43fb-84ca-e7a29640eabd/ozone-meta/datanode-2/ratis/aa54c26e-dc3d-466a-8ec7-3784ce077ecc/sm/snapshot.1_0
2024-08-23 17:40:49,459 [97398481-acd0-44c3-9c1f-2d1228ad6123@group-B0D1DD2FC95C-StateMachineUpdater] INFO  ratis.ContainerStateMachine (ContainerStateMachine.java:takeSnapshot(374)) - group-B0D1DD2FC95C: Finished taking a snapshot at:(t:1, i:2) file:/home/runner/work/ozone/ozone/hadoop-ozone/integration-test/target/test-dir/MiniOzoneClusterImpl-79f21b30-aaf8-43fb-84ca-e7a29640eabd/ozone-meta/datanode-2/ratis/289afc9d-6f61-4593-ba54-b0d1dd2fc95c/sm/snapshot.1_2 took: 1 ms
2024-08-23 17:40:49,454 [Thread-1802] INFO  server.GrpcServerProtocolClient (GrpcServerProtocolClient.java:close(103)) - 4c92e27b-ecd4-4d14-ba24-c9bbe0da28ff Close channels
2024-08-23 17:40:49,451 [ab598a91-1760-425c-863f-c9c0150b23d9@group-3784CE077ECC-cacheEviction-AwaitToRun] INFO  util.AwaitToRun (AwaitToRun.java:run(49)) - ab598a91-1760-425c-863f-c9c0150b23d9@group-3784CE077ECC-cacheEviction-AwaitToRun-AwaitForSignal is interrupted
2024-08-23 17:40:49,459 [97398481-acd0-44c3-9c1f-2d1228ad6123@group-B0D1DD2FC95C-StateMachineUpdater] INFO  impl.StateMachineUpdater (StateMachineUpdater.java:takeSnapshot(303)) - 97398481-acd0-44c3-9c1f-2d1228ad6123@group-B0D1DD2FC95C-StateMachineUpdater: Took a snapshot at index 2
2024-08-23 17:40:49,459 [97398481-acd0-44c3-9c1f-2d1228ad6123@group-B0D1DD2FC95C-StateMachineUpdater] INFO  impl.StateMachineUpdater (StateMachineUpdater.java:lambda$new$0(102)) - 97398481-acd0-44c3-9c1f-2d1228ad6123@group-B0D1DD2FC95C-StateMachineUpdater: snapshotIndex: updateIncreasingly -1 -> 2
2024-08-23 17:40:49,459 [97398481-acd0-44c3-9c1f-2d1228ad6123@group-3784CE077ECC-StateMachineUpdater] INFO  ratis.ContainerStateMachine (ContainerStateMachine.java:takeSnapshot(374)) - group-3784CE077ECC: Finished taking a snapshot at:(t:1, i:0) file:/home/runner/work/ozone/ozone/hadoop-ozone/integration-test/target/test-dir/MiniOzoneClusterImpl-79f21b30-aaf8-43fb-84ca-e7a29640eabd/ozone-meta/datanode-2/ratis/aa54c26e-dc3d-466a-8ec7-3784ce077ecc/sm/snapshot.1_0 took: 0 ms
2024-08-23 17:40:49,459 [ForkJoinPool.commonPool-worker-1] INFO  server.GrpcService (GrpcService.java:closeImpl(320)) - ab598a91-1760-425c-863f-c9c0150b23d9: shutdown server GrpcServerProtocolService successfully
2024-08-23 17:40:49,459 [97398481-acd0-44c3-9c1f-2d1228ad6123@group-3784CE077ECC-StateMachineUpdater] INFO  impl.StateMachineUpdater (StateMachineUpdater.java:takeSnapshot(303)) - 97398481-acd0-44c3-9c1f-2d1228ad6123@group-3784CE077ECC-StateMachineUpdater: Took a snapshot at index 0
2024-08-23 17:40:49,459 [97398481-acd0-44c3-9c1f-2d1228ad6123@group-3784CE077ECC-StateMachineUpdater] INFO  impl.StateMachineUpdater (StateMachineUpdater.java:lambda$new$0(102)) - 97398481-acd0-44c3-9c1f-2d1228ad6123@group-3784CE077ECC-StateMachineUpdater: snapshotIndex: updateIncreasingly -1 -> 0
2024-08-23 17:40:49,460 [97398481-acd0-44c3-9c1f-2d1228ad6123@group-3784CE077ECC-StateMachineUpdater] INFO  impl.StateMachineUpdater (StateMachineUpdater.java:stop(141)) - 97398481-acd0-44c3-9c1f-2d1228ad6123@group-3784CE077ECC-StateMachineUpdater: closing ContainerStateMachine, lastApplied=(t:1, i:0)
2024-08-23 17:40:49,460 [97398481-acd0-44c3-9c1f-2d1228ad6123@group-3784CE077ECC-cacheEviction-AwaitToRun] INFO  util.AwaitToRun (AwaitToRun.java:run(49)) - 97398481-acd0-44c3-9c1f-2d1228ad6123@group-3784CE077ECC-cacheEviction-AwaitToRun-AwaitForSignal is interrupted
2024-08-23 17:40:49,459 [97398481-acd0-44c3-9c1f-2d1228ad6123@group-B0D1DD2FC95C-StateMachineUpdater] INFO  impl.StateMachineUpdater (StateMachineUpdater.java:stop(141)) - 97398481-acd0-44c3-9c1f-2d1228ad6123@group-B0D1DD2FC95C-StateMachineUpdater: closing ContainerStateMachine, lastApplied=(t:1, i:2)
2024-08-23 17:40:49,460 [97398481-acd0-44c3-9c1f-2d1228ad6123@group-B0D1DD2FC95C-cacheEviction-AwaitToRun] INFO  util.AwaitToRun (AwaitToRun.java:run(49)) - 97398481-acd0-44c3-9c1f-2d1228ad6123@group-B0D1DD2FC95C-cacheEviction-AwaitToRun-AwaitForSignal is interrupted
2024-08-23 17:40:49,471 [4c92e27b-ecd4-4d14-ba24-c9bbe0da28ff-NettyServerStreamRpc-bossGroup--thread1] INFO  logging.LoggingHandler (AbstractInternalLogger.java:log(148)) - [id: 0x5431e9e0, L:/0.0.0.0:15092] CLOSE
2024-08-23 17:40:49,471 [4c92e27b-ecd4-4d14-ba24-c9bbe0da28ff-NettyServerStreamRpc-bossGroup--thread1] INFO  logging.LoggingHandler (AbstractInternalLogger.java:log(148)) - [id: 0x5431e9e0, L:/0.0.0.0:15092] INACTIVE
2024-08-23 17:40:49,471 [4c92e27b-ecd4-4d14-ba24-c9bbe0da28ff-NettyServerStreamRpc-bossGroup--thread1] INFO  logging.LoggingHandler (AbstractInternalLogger.java:log(148)) - [id: 0x5431e9e0, L:/0.0.0.0:15092] UNREGISTERED
2024-08-23 17:40:49,475 [ab598a91-1760-425c-863f-c9c0150b23d9-NettyServerStreamRpc-bossGroup--thread1] INFO  logging.LoggingHandler (AbstractInternalLogger.java:log(148)) - [id: 0xd74af316, L:/0.0.0.0:15074] CLOSE
2024-08-23 17:40:49,476 [ab598a91-1760-425c-863f-c9c0150b23d9-NettyServerStreamRpc-bossGroup--thread1] INFO  logging.LoggingHandler (AbstractInternalLogger.java:log(148)) - [id: 0xd74af316, L:/0.0.0.0:15074] INACTIVE
2024-08-23 17:40:49,476 [ab598a91-1760-425c-863f-c9c0150b23d9-NettyServerStreamRpc-bossGroup--thread1] INFO  logging.LoggingHandler (AbstractInternalLogger.java:log(148)) - [id: 0xd74af316, L:/0.0.0.0:15074] UNREGISTERED
2024-08-23 17:40:49,480 [97398481-acd0-44c3-9c1f-2d1228ad6123-NettyServerStreamRpc-bossGroup--thread1] INFO  logging.LoggingHandler (AbstractInternalLogger.java:log(148)) - [id: 0x55c56753, L:/0.0.0.0:15083] CLOSE
2024-08-23 17:40:49,480 [97398481-acd0-44c3-9c1f-2d1228ad6123-NettyServerStreamRpc-bossGroup--thread1] INFO  logging.LoggingHandler (AbstractInternalLogger.java:log(148)) - [id: 0x55c56753, L:/0.0.0.0:15083] INACTIVE
2024-08-23 17:40:49,480 [97398481-acd0-44c3-9c1f-2d1228ad6123-NettyServerStreamRpc-bossGroup--thread1] INFO  logging.LoggingHandler (AbstractInternalLogger.java:log(148)) - [id: 0x55c56753, L:/0.0.0.0:15083] UNREGISTERED
2024-08-23 17:40:49,977 [ab598a91-1760-425c-863f-c9c0150b23d9-impl-thread2] INFO  segmented.SegmentedRaftLogWorker (SegmentedRaftLogWorker.java:close(248)) - ab598a91-1760-425c-863f-c9c0150b23d9@group-26B6F44DE0E3-SegmentedRaftLogWorker close()
2024-08-23 17:40:49,977 [ab598a91-1760-425c-863f-c9c0150b23d9-impl-thread2] INFO  ratis.ContainerStateMachine (ContainerStateMachine.java:notifyServerShutdown(956)) - group-26B6F44DE0E3 is closed by HddsDatanodeService
2024-08-23 17:40:50,064 [4c92e27b-ecd4-4d14-ba24-c9bbe0da28ff-impl-thread1] INFO  segmented.SegmentedRaftLogWorker (SegmentedRaftLogWorker.java:close(248)) - 4c92e27b-ecd4-4d14-ba24-c9bbe0da28ff@group-09CD5A5C52E7-SegmentedRaftLogWorker close()
2024-08-23 17:40:50,064 [4c92e27b-ecd4-4d14-ba24-c9bbe0da28ff-impl-thread1] INFO  ratis.ContainerStateMachine (ContainerStateMachine.java:notifyServerShutdown(956)) - group-09CD5A5C52E7 is closed by HddsDatanodeService
2024-08-23 17:40:50,085 [97398481-acd0-44c3-9c1f-2d1228ad6123-impl-thread1] INFO  segmented.SegmentedRaftLogWorker (SegmentedRaftLogWorker.java:close(248)) - 97398481-acd0-44c3-9c1f-2d1228ad6123@group-09CD5A5C52E7-SegmentedRaftLogWorker close()
2024-08-23 17:40:50,085 [97398481-acd0-44c3-9c1f-2d1228ad6123-impl-thread1] INFO  ratis.ContainerStateMachine (ContainerStateMachine.java:notifyServerShutdown(956)) - group-09CD5A5C52E7 is closed by HddsDatanodeService
2024-08-23 17:40:50,102 [ab598a91-1760-425c-863f-c9c0150b23d9-impl-thread1] INFO  segmented.SegmentedRaftLogWorker (SegmentedRaftLogWorker.java:close(248)) - ab598a91-1760-425c-863f-c9c0150b23d9@group-09CD5A5C52E7-SegmentedRaftLogWorker close()
2024-08-23 17:40:50,102 [ab598a91-1760-425c-863f-c9c0150b23d9-impl-thread1] INFO  ratis.ContainerStateMachine (ContainerStateMachine.java:notifyServerShutdown(956)) - group-09CD5A5C52E7 is closed by HddsDatanodeService
2024-08-23 17:40:50,124 [97398481-acd0-44c3-9c1f-2d1228ad6123-impl-thread3] INFO  segmented.SegmentedRaftLogWorker (SegmentedRaftLogWorker.java:close(248)) - 97398481-acd0-44c3-9c1f-2d1228ad6123@group-3784CE077ECC-SegmentedRaftLogWorker close()
2024-08-23 17:40:50,124 [97398481-acd0-44c3-9c1f-2d1228ad6123-impl-thread3] INFO  ratis.ContainerStateMachine (ContainerStateMachine.java:notifyServerShutdown(956)) - group-3784CE077ECC is closed by HddsDatanodeService
2024-08-23 17:40:50,155 [ab598a91-1760-425c-863f-c9c0150b23d9-impl-thread3] INFO  segmented.SegmentedRaftLogWorker (SegmentedRaftLogWorker.java:close(248)) - ab598a91-1760-425c-863f-c9c0150b23d9@group-3784CE077ECC-SegmentedRaftLogWorker close()
2024-08-23 17:40:50,155 [ab598a91-1760-425c-863f-c9c0150b23d9-impl-thread3] INFO  ratis.ContainerStateMachine (ContainerStateMachine.java:notifyServerShutdown(956)) - group-3784CE077ECC is closed by HddsDatanodeService
2024-08-23 17:40:50,156 [JvmPauseMonitor10] INFO  util.JvmPauseMonitor (JvmPauseMonitor.java:run(152)) - JvmPauseMonitor-ab598a91-1760-425c-863f-c9c0150b23d9: Stopped
2024-08-23 17:40:50,161 [4c92e27b-ecd4-4d14-ba24-c9bbe0da28ff-impl-thread2] INFO  segmented.SegmentedRaftLogWorker (SegmentedRaftLogWorker.java:close(248)) - 4c92e27b-ecd4-4d14-ba24-c9bbe0da28ff@group-3784CE077ECC-SegmentedRaftLogWorker close()
2024-08-23 17:40:50,161 [4c92e27b-ecd4-4d14-ba24-c9bbe0da28ff-impl-thread2] INFO  ratis.ContainerStateMachine (ContainerStateMachine.java:notifyServerShutdown(956)) - group-3784CE077ECC is closed by HddsDatanodeService
2024-08-23 17:40:50,450 [97398481-acd0-44c3-9c1f-2d1228ad6123-impl-thread2] INFO  segmented.SegmentedRaftLogWorker (SegmentedRaftLogWorker.java:close(248)) - 97398481-acd0-44c3-9c1f-2d1228ad6123@group-B0D1DD2FC95C-SegmentedRaftLogWorker close()
2024-08-23 17:40:50,450 [97398481-acd0-44c3-9c1f-2d1228ad6123-impl-thread2] INFO  ratis.ContainerStateMachine (ContainerStateMachine.java:notifyServerShutdown(956)) - group-B0D1DD2FC95C is closed by HddsDatanodeService
2024-08-23 17:40:50,450 [JvmPauseMonitor11] INFO  util.JvmPauseMonitor (JvmPauseMonitor.java:run(152)) - JvmPauseMonitor-97398481-acd0-44c3-9c1f-2d1228ad6123: Stopped
2024-08-23 17:40:50,452 [4c92e27b-ecd4-4d14-ba24-c9bbe0da28ff-impl-thread3] INFO  segmented.SegmentedRaftLogWorker (SegmentedRaftLogWorker.java:close(248)) - 4c92e27b-ecd4-4d14-ba24-c9bbe0da28ff@group-4F5CF625C0F0-SegmentedRaftLogWorker close()
2024-08-23 17:40:50,452 [4c92e27b-ecd4-4d14-ba24-c9bbe0da28ff-impl-thread3] INFO  ratis.ContainerStateMachine (ContainerStateMachine.java:notifyServerShutdown(956)) - group-4F5CF625C0F0 is closed by HddsDatanodeService
2024-08-23 17:40:50,453 [JvmPauseMonitor12] INFO  util.JvmPauseMonitor (JvmPauseMonitor.java:run(152)) - JvmPauseMonitor-4c92e27b-ecd4-4d14-ba24-c9bbe0da28ff: Stopped
2024-08-23 17:40:52,159 [ForkJoinPool.commonPool-worker-1] INFO  utils.DatanodeStoreCache (DatanodeStoreCache.java:shutdownCache(116)) - Skip clearing cache in mini cluster mode. Entries left: [/home/runner/work/ozone/ozone/hadoop-ozone/integration-test/target/test-dir/MiniOzoneClusterImpl-79f21b30-aaf8-43fb-84ca-e7a29640eabd/ozone-meta/datanode-1/data-0/hdds/79f21b30-aaf8-43fb-84ca-e7a29640eabd/DS-4ff73f7a-f844-4687-8ff2-679edd3a2ca4/container.db, /home/runner/work/ozone/ozone/hadoop-ozone/integration-test/target/test-dir/MiniOzoneClusterImpl-79f21b30-aaf8-43fb-84ca-e7a29640eabd/ozone-meta/datanode-2/data-0/hdds/79f21b30-aaf8-43fb-84ca-e7a29640eabd/DS-1940adda-a11d-4365-812f-1ea8662ce544/container.db, /home/runner/work/ozone/ozone/hadoop-ozone/integration-test/target/test-dir/MiniOzoneClusterImpl-79f21b30-aaf8-43fb-84ca-e7a29640eabd/ozone-meta/datanode-3/data-0/hdds/79f21b30-aaf8-43fb-84ca-e7a29640eabd/DS-ef12ddfd-4dde-4a5c-b443-a597efc478b9/container.db]
2024-08-23 17:40:52,160 [ForkJoinPool.commonPool-worker-1] INFO  utils.DatanodeStoreCache (DatanodeStoreCache.java:removeDB(110)) - Removed db /home/runner/work/ozone/ozone/hadoop-ozone/integration-test/target/test-dir/MiniOzoneClusterImpl-79f21b30-aaf8-43fb-84ca-e7a29640eabd/ozone-meta/datanode-1/data-0/hdds/79f21b30-aaf8-43fb-84ca-e7a29640eabd/DS-4ff73f7a-f844-4687-8ff2-679edd3a2ca4/container.db from cache
2024-08-23 17:40:52,160 [ForkJoinPool.commonPool-worker-1] INFO  volume.HddsVolume (HddsVolume.java:closeDbStore(462)) - SchemaV3 db is stopped at /home/runner/work/ozone/ozone/hadoop-ozone/integration-test/target/test-dir/MiniOzoneClusterImpl-79f21b30-aaf8-43fb-84ca-e7a29640eabd/ozone-meta/datanode-1/data-0/hdds/79f21b30-aaf8-43fb-84ca-e7a29640eabd/DS-4ff73f7a-f844-4687-8ff2-679edd3a2ca4/container.db for volume DS-4ff73f7a-f844-4687-8ff2-679edd3a2ca4
2024-08-23 17:40:52,160 [ForkJoinPool.commonPool-worker-1] INFO  utils.BackgroundService (BackgroundService.java:shutdown(163)) - Shutting down service BlockDeletingService
2024-08-23 17:40:52,161 [ForkJoinPool.commonPool-worker-1] INFO  utils.BackgroundService (BackgroundService.java:shutdown(163)) - Shutting down service StaleRecoveringContainerScrubbingService
2024-08-23 17:40:52,161 [ForkJoinPool.commonPool-worker-1] INFO  statemachine.DatanodeStateMachine (DatanodeStateMachine.java:stopDaemon(627)) - Ozone container server stopped.
2024-08-23 17:40:52,174 [ForkJoinPool.commonPool-worker-1] INFO  handler.ContextHandler (ContextHandler.java:doStop(1159)) - Stopped o.e.j.w.WebAppContext@1fbdd357{hddsDatanode,/,null,STOPPED}{jar:file:/home/runner/work/ozone/ozone/hadoop-hdds/container-service/target/hdds-container-service-1.5.0-SNAPSHOT.jar!/webapps/hddsDatanode}
2024-08-23 17:40:52,174 [ForkJoinPool.commonPool-worker-1] INFO  server.AbstractConnector (AbstractConnector.java:doStop(383)) - Stopped ServerConnector@54ab606b{HTTP/1.1, (http/1.1)}{0.0.0.0:15068}
2024-08-23 17:40:52,174 [ForkJoinPool.commonPool-worker-1] INFO  server.session (HouseKeeper.java:stopScavenging(149)) - node0 Stopped scavenging
2024-08-23 17:40:52,174 [ForkJoinPool.commonPool-worker-1] INFO  handler.ContextHandler (ContextHandler.java:doStop(1159)) - Stopped o.e.j.s.ServletContextHandler@7369aeec{static,/static,jar:file:/home/runner/work/ozone/ozone/hadoop-hdds/container-service/target/hdds-container-service-1.5.0-SNAPSHOT.jar!/webapps/static,STOPPED}
2024-08-23 17:40:52,175 [ForkJoinPool.commonPool-worker-1] INFO  handler.ContextHandler (ContextHandler.java:doStop(1159)) - Stopped o.e.j.s.ServletContextHandler@57e52459{logs,/logs,file:///home/runner/work/ozone/ozone/hadoop-ozone/integration-test/target/log,STOPPED}
2024-08-23 17:40:52,176 [ForkJoinPool.commonPool-worker-1] INFO  ozone.HddsDatanodeClientProtocolServer (HddsDatanodeClientProtocolServer.java:stop(85)) - Stopping the RPC server for Client Protocol
2024-08-23 17:40:52,177 [ForkJoinPool.commonPool-worker-1] INFO  ipc.Server (Server.java:stop(3523)) - Stopping server on 15069
2024-08-23 17:40:52,178 [IPC Server listener on 15069] INFO  ipc.Server (Server.java:run(1434)) - Stopping IPC Server listener on 15069
2024-08-23 17:40:52,178 [IPC Server Responder] INFO  ipc.Server (Server.java:run(1567)) - Stopping IPC Server Responder
2024-08-23 17:40:52,455 [main] INFO  utils.DatanodeStoreCache (DatanodeStoreCache.java:shutdownCache(116)) - Skip clearing cache in mini cluster mode. Entries left: [/home/runner/work/ozone/ozone/hadoop-ozone/integration-test/target/test-dir/MiniOzoneClusterImpl-79f21b30-aaf8-43fb-84ca-e7a29640eabd/ozone-meta/datanode-2/data-0/hdds/79f21b30-aaf8-43fb-84ca-e7a29640eabd/DS-1940adda-a11d-4365-812f-1ea8662ce544/container.db, /home/runner/work/ozone/ozone/hadoop-ozone/integration-test/target/test-dir/MiniOzoneClusterImpl-79f21b30-aaf8-43fb-84ca-e7a29640eabd/ozone-meta/datanode-3/data-0/hdds/79f21b30-aaf8-43fb-84ca-e7a29640eabd/DS-ef12ddfd-4dde-4a5c-b443-a597efc478b9/container.db]
2024-08-23 17:40:52,455 [ForkJoinPool.commonPool-worker-3] INFO  utils.DatanodeStoreCache (DatanodeStoreCache.java:shutdownCache(116)) - Skip clearing cache in mini cluster mode. Entries left: [/home/runner/work/ozone/ozone/hadoop-ozone/integration-test/target/test-dir/MiniOzoneClusterImpl-79f21b30-aaf8-43fb-84ca-e7a29640eabd/ozone-meta/datanode-3/data-0/hdds/79f21b30-aaf8-43fb-84ca-e7a29640eabd/DS-ef12ddfd-4dde-4a5c-b443-a597efc478b9/container.db]
2024-08-23 17:40:52,456 [main] INFO  utils.DatanodeStoreCache (DatanodeStoreCache.java:removeDB(110)) - Removed db /home/runner/work/ozone/ozone/hadoop-ozone/integration-test/target/test-dir/MiniOzoneClusterImpl-79f21b30-aaf8-43fb-84ca-e7a29640eabd/ozone-meta/datanode-2/data-0/hdds/79f21b30-aaf8-43fb-84ca-e7a29640eabd/DS-1940adda-a11d-4365-812f-1ea8662ce544/container.db from cache
2024-08-23 17:40:52,456 [main] INFO  volume.HddsVolume (HddsVolume.java:closeDbStore(462)) - SchemaV3 db is stopped at /home/runner/work/ozone/ozone/hadoop-ozone/integration-test/target/test-dir/MiniOzoneClusterImpl-79f21b30-aaf8-43fb-84ca-e7a29640eabd/ozone-meta/datanode-2/data-0/hdds/79f21b30-aaf8-43fb-84ca-e7a29640eabd/DS-1940adda-a11d-4365-812f-1ea8662ce544/container.db for volume DS-1940adda-a11d-4365-812f-1ea8662ce544
2024-08-23 17:40:52,456 [main] INFO  utils.BackgroundService (BackgroundService.java:shutdown(163)) - Shutting down service BlockDeletingService
2024-08-23 17:40:52,456 [ForkJoinPool.commonPool-worker-3] INFO  utils.DatanodeStoreCache (DatanodeStoreCache.java:removeDB(110)) - Removed db /home/runner/work/ozone/ozone/hadoop-ozone/integration-test/target/test-dir/MiniOzoneClusterImpl-79f21b30-aaf8-43fb-84ca-e7a29640eabd/ozone-meta/datanode-3/data-0/hdds/79f21b30-aaf8-43fb-84ca-e7a29640eabd/DS-ef12ddfd-4dde-4a5c-b443-a597efc478b9/container.db from cache
2024-08-23 17:40:52,457 [ForkJoinPool.commonPool-worker-3] INFO  volume.HddsVolume (HddsVolume.java:closeDbStore(462)) - SchemaV3 db is stopped at /home/runner/work/ozone/ozone/hadoop-ozone/integration-test/target/test-dir/MiniOzoneClusterImpl-79f21b30-aaf8-43fb-84ca-e7a29640eabd/ozone-meta/datanode-3/data-0/hdds/79f21b30-aaf8-43fb-84ca-e7a29640eabd/DS-ef12ddfd-4dde-4a5c-b443-a597efc478b9/container.db for volume DS-ef12ddfd-4dde-4a5c-b443-a597efc478b9
2024-08-23 17:40:52,457 [ForkJoinPool.commonPool-worker-3] INFO  utils.BackgroundService (BackgroundService.java:shutdown(163)) - Shutting down service BlockDeletingService
2024-08-23 17:40:52,457 [main] INFO  utils.BackgroundService (BackgroundService.java:shutdown(163)) - Shutting down service StaleRecoveringContainerScrubbingService
2024-08-23 17:40:52,457 [ForkJoinPool.commonPool-worker-3] INFO  utils.BackgroundService (BackgroundService.java:shutdown(163)) - Shutting down service StaleRecoveringContainerScrubbingService
2024-08-23 17:40:52,457 [main] INFO  statemachine.DatanodeStateMachine (DatanodeStateMachine.java:stopDaemon(627)) - Ozone container server stopped.
2024-08-23 17:40:52,458 [ForkJoinPool.commonPool-worker-3] INFO  statemachine.DatanodeStateMachine (DatanodeStateMachine.java:stopDaemon(627)) - Ozone container server stopped.
2024-08-23 17:40:52,470 [main] INFO  handler.ContextHandler (ContextHandler.java:doStop(1159)) - Stopped o.e.j.w.WebAppContext@4974318d{hddsDatanode,/,null,STOPPED}{jar:file:/home/runner/work/ozone/ozone/hadoop-hdds/container-service/target/hdds-container-service-1.5.0-SNAPSHOT.jar!/webapps/hddsDatanode}
2024-08-23 17:40:52,470 [ForkJoinPool.commonPool-worker-3] INFO  handler.ContextHandler (ContextHandler.java:doStop(1159)) - Stopped o.e.j.w.WebAppContext@6751f450{hddsDatanode,/,null,STOPPED}{jar:file:/home/runner/work/ozone/ozone/hadoop-hdds/container-service/target/hdds-container-service-1.5.0-SNAPSHOT.jar!/webapps/hddsDatanode}
2024-08-23 17:40:52,471 [ForkJoinPool.commonPool-worker-3] INFO  server.AbstractConnector (AbstractConnector.java:doStop(383)) - Stopped ServerConnector@44c93acc{HTTP/1.1, (http/1.1)}{0.0.0.0:15086}
2024-08-23 17:40:52,471 [main] INFO  server.AbstractConnector (AbstractConnector.java:doStop(383)) - Stopped ServerConnector@3766b982{HTTP/1.1, (http/1.1)}{0.0.0.0:15077}
2024-08-23 17:40:52,471 [ForkJoinPool.commonPool-worker-3] INFO  server.session (HouseKeeper.java:stopScavenging(149)) - node0 Stopped scavenging
2024-08-23 17:40:52,471 [main] INFO  server.session (HouseKeeper.java:stopScavenging(149)) - node0 Stopped scavenging
2024-08-23 17:40:52,471 [ForkJoinPool.commonPool-worker-3] INFO  handler.ContextHandler (ContextHandler.java:doStop(1159)) - Stopped o.e.j.s.ServletContextHandler@443253eb{static,/static,jar:file:/home/runner/work/ozone/ozone/hadoop-hdds/container-service/target/hdds-container-service-1.5.0-SNAPSHOT.jar!/webapps/static,STOPPED}
2024-08-23 17:40:52,471 [ForkJoinPool.commonPool-worker-3] INFO  handler.ContextHandler (ContextHandler.java:doStop(1159)) - Stopped o.e.j.s.ServletContextHandler@2d296418{logs,/logs,file:///home/runner/work/ozone/ozone/hadoop-ozone/integration-test/target/log,STOPPED}
2024-08-23 17:40:52,471 [main] INFO  handler.ContextHandler (ContextHandler.java:doStop(1159)) - Stopped o.e.j.s.ServletContextHandler@45f675a4{static,/static,jar:file:/home/runner/work/ozone/ozone/hadoop-hdds/container-service/target/hdds-container-service-1.5.0-SNAPSHOT.jar!/webapps/static,STOPPED}
2024-08-23 17:40:52,471 [ForkJoinPool.commonPool-worker-3] INFO  ozone.HddsDatanodeClientProtocolServer (HddsDatanodeClientProtocolServer.java:stop(85)) - Stopping the RPC server for Client Protocol
2024-08-23 17:40:52,472 [main] INFO  handler.ContextHandler (ContextHandler.java:doStop(1159)) - Stopped o.e.j.s.ServletContextHandler@77c9db55{logs,/logs,file:///home/runner/work/ozone/ozone/hadoop-ozone/integration-test/target/log,STOPPED}
2024-08-23 17:40:52,472 [ForkJoinPool.commonPool-worker-3] INFO  ipc.Server (Server.java:stop(3523)) - Stopping server on 15087
2024-08-23 17:40:52,473 [main] INFO  ozone.HddsDatanodeClientProtocolServer (HddsDatanodeClientProtocolServer.java:stop(85)) - Stopping the RPC server for Client Protocol
2024-08-23 17:40:52,473 [main] INFO  ipc.Server (Server.java:stop(3523)) - Stopping server on 15078
2024-08-23 17:40:52,474 [IPC Server listener on 15087] INFO  ipc.Server (Server.java:run(1434)) - Stopping IPC Server listener on 15087
2024-08-23 17:40:52,474 [IPC Server Responder] INFO  ipc.Server (Server.java:run(1567)) - Stopping IPC Server Responder
2024-08-23 17:40:52,474 [IPC Server Responder] INFO  ipc.Server (Server.java:run(1567)) - Stopping IPC Server Responder
2024-08-23 17:40:52,474 [IPC Server listener on 15078] INFO  ipc.Server (Server.java:run(1434)) - Stopping IPC Server listener on 15078
]]></system-out>
  </testcase>
  <testcase name="testDecommission" classname="org.apache.hadoop.ozone.om.TestAddRemoveOzoneManager" time="34.219"/>
</testsuite>