<?xml version="1.0" encoding="UTF-8"?>
<testsuite xmlns:xsi="http://www.w3.org/2001/XMLSchema-instance" xsi:noNamespaceSchemaLocation="https://maven.apache.org/surefire/maven-surefire-plugin/xsd/surefire-test-report-3.0.xsd" version="3.0" name="org.apache.hadoop.ozone.om.TestOzoneManagerPrepare" time="194.827" tests="1" errors="1" skipped="0" failures="0">
  <properties>
    <property name="awt.toolkit" value="sun.awt.X11.XToolkit"/>
    <property name="file.encoding.pkg" value="sun.io"/>
    <property name="java.specification.version" value="1.8"/>
    <property name="sun.cpu.isalist" value=""/>
    <property name="sun.jnu.encoding" value="UTF-8"/>
    <property name="java.class.path" value="/home/runner/work/ozone/ozone/hadoop-ozone/integration-test/target/test-classes:/home/runner/work/ozone/ozone/hadoop-ozone/integration-test/target/classes:/home/runner/.m2/repository/org/apache/ozone/ozone-common/1.3.0-SNAPSHOT/ozone-common-1.3.0-SNAPSHOT.jar:/home/runner/.m2/repository/io/grpc/grpc-netty/1.48.1/grpc-netty-1.48.1.jar:/home/runner/.m2/repository/io/grpc/grpc-core/1.48.1/grpc-core-1.48.1.jar:/home/runner/.m2/repository/com/google/android/annotations/4.1.1.4/annotations-4.1.1.4.jar:/home/runner/.m2/repository/org/codehaus/mojo/animal-sniffer-annotations/1.21/animal-sniffer-annotations-1.21.jar:/home/runner/.m2/repository/com/google/errorprone/error_prone_annotations/2.2.0/error_prone_annotations-2.2.0.jar:/home/runner/.m2/repository/io/perfmark/perfmark-api/0.25.0/perfmark-api-0.25.0.jar:/home/runner/.m2/repository/io/netty/netty-codec-http2/4.1.79.Final/netty-codec-http2-4.1.79.Final.jar:/home/runner/.m2/repository/io/netty/netty-common/4.1.79.Final/netty-common-4.1.79.Final.jar:/home/runner/.m2/repository/io/netty/netty-buffer/4.1.79.Final/netty-buffer-4.1.79.Final.jar:/home/runner/.m2/repository/io/netty/netty-codec-http/4.1.79.Final/netty-codec-http-4.1.79.Final.jar:/home/runner/.m2/repository/io/netty/netty-handler-proxy/4.1.79.Final/netty-handler-proxy-4.1.79.Final.jar:/home/runner/.m2/repository/io/netty/netty-codec-socks/4.1.79.Final/netty-codec-socks-4.1.79.Final.jar:/home/runner/.m2/repository/io/netty/netty-tcnative-boringssl-static/2.0.53.Final/netty-tcnative-boringssl-static-2.0.53.Final.jar:/home/runner/.m2/repository/io/netty/netty-tcnative-classes/2.0.53.Final/netty-tcnative-classes-2.0.53.Final.jar:/home/runner/.m2/repository/io/netty/netty-tcnative-boringssl-static/2.0.53.Final/netty-tcnative-boringssl-static-2.0.53.Final-linux-x86_64.jar:/home/runner/.m2/repository/io/netty/netty-tcnative-boringssl-static/2.0.53.Final/netty-tcnative-boringssl-static-2.0.53.Final-linux-aarch_64.jar:/home/runner/.m2/repository/io/netty/netty-tcnative-boringssl-static/2.0.53.Final/netty-tcnative-boringssl-static-2.0.53.Final-osx-x86_64.jar:/home/runner/.m2/repository/io/netty/netty-tcnative-boringssl-static/2.0.53.Final/netty-tcnative-boringssl-static-2.0.53.Final-osx-aarch_64.jar:/home/runner/.m2/repository/io/netty/netty-tcnative-boringssl-static/2.0.53.Final/netty-tcnative-boringssl-static-2.0.53.Final-windows-x86_64.jar:/home/runner/.m2/repository/org/apache/commons/commons-compress/1.21/commons-compress-1.21.jar:/home/runner/.m2/repository/org/apache/ozone/hdds-common/1.3.0-SNAPSHOT/hdds-common-1.3.0-SNAPSHOT.jar:/home/runner/.m2/repository/org/apache/ozone/hdds-client/1.3.0-SNAPSHOT/hdds-client-1.3.0-SNAPSHOT.jar:/home/runner/.m2/repository/org/apache/ozone/ozone-interface-client/1.3.0-SNAPSHOT/ozone-interface-client-1.3.0-SNAPSHOT.jar:/home/runner/.m2/repository/org/apache/ozone/hdds-test-utils/1.3.0-SNAPSHOT/hdds-test-utils-1.3.0-SNAPSHOT.jar:/home/runner/.m2/repository/com/google/guava/guava/31.1-jre/guava-31.1-jre.jar:/home/runner/.m2/repository/com/google/guava/failureaccess/1.0.1/failureaccess-1.0.1.jar:/home/runner/.m2/repository/com/google/guava/listenablefuture/9999.0-empty-to-avoid-conflict-with-guava/listenablefuture-9999.0-empty-to-avoid-conflict-with-guava.jar:/home/runner/.m2/repository/com/google/code/findbugs/jsr305/3.0.0/jsr305-3.0.0.jar:/home/runner/.m2/repository/org/checkerframework/checker-qual/3.12.0/checker-qual-3.12.0.jar:/home/runner/.m2/repository/com/google/j2objc/j2objc-annotations/1.3/j2objc-annotations-1.3.jar:/home/runner/.m2/repository/commons-io/commons-io/2.11.0/commons-io-2.11.0.jar:/home/runner/.m2/repository/commons-logging/commons-logging/1.2/commons-logging-1.2.jar:/home/runner/.m2/repository/log4j/log4j/1.2.17/log4j-1.2.17.jar:/home/runner/.m2/repository/org/slf4j/slf4j-api/1.7.30/slf4j-api-1.7.30.jar:/home/runner/.m2/repository/org/apache/ozone/hdds-server-scm/1.3.0-SNAPSHOT/hdds-server-scm-1.3.0-SNAPSHOT.jar:/home/runner/.m2/repository/org/apache/ozone/hdds-container-service/1.3.0-SNAPSHOT/hdds-container-service-1.3.0-SNAPSHOT.jar:/home/runner/.m2/repository/org/apache/ozone/hdds-hadoop-dependency-server/1.3.0-SNAPSHOT/hdds-hadoop-dependency-server-1.3.0-SNAPSHOT.jar:/home/runner/.m2/repository/org/apache/hadoop/hadoop-hdfs/3.3.1/hadoop-hdfs-3.3.1.jar:/home/runner/.m2/repository/org/apache/ozone/hdds-server-framework/1.3.0-SNAPSHOT/hdds-server-framework-1.3.0-SNAPSHOT.jar:/home/runner/.m2/repository/org/apache/ozone/hdds-interface-server/1.3.0-SNAPSHOT/hdds-interface-server-1.3.0-SNAPSHOT.jar:/home/runner/.m2/repository/org/apache/logging/log4j/log4j-core/2.17.1/log4j-core-2.17.1.jar:/home/runner/.m2/repository/com/lmax/disruptor/3.4.2/disruptor-3.4.2.jar:/home/runner/.m2/repository/org/eclipse/jetty/jetty-servlet/9.4.43.v20210629/jetty-servlet-9.4.43.v20210629.jar:/home/runner/.m2/repository/org/eclipse/jetty/jetty-security/9.4.43.v20210629/jetty-security-9.4.43.v20210629.jar:/home/runner/.m2/repository/org/rocksdb/rocksdbjni/6.29.5/rocksdbjni-6.29.5.jar:/home/runner/.m2/repository/io/prometheus/simpleclient_dropwizard/0.7.0/simpleclient_dropwizard-0.7.0.jar:/home/runner/.m2/repository/io/prometheus/simpleclient/0.7.0/simpleclient-0.7.0.jar:/home/runner/.m2/repository/io/prometheus/simpleclient_common/0.7.0/simpleclient_common-0.7.0.jar:/home/runner/.m2/repository/io/dropwizard/metrics/metrics-core/3.2.4/metrics-core-3.2.4.jar:/home/runner/.m2/repository/org/apache/hadoop/hadoop-hdfs-client/3.3.1/hadoop-hdfs-client-3.3.1.jar:/home/runner/.m2/repository/org/bouncycastle/bcprov-jdk15on/1.67/bcprov-jdk15on-1.67.jar:/home/runner/.m2/repository/com/google/protobuf/protobuf-java/2.5.0/protobuf-java-2.5.0.jar:/home/runner/.m2/repository/org/apache/ozone/ozone-manager/1.3.0-SNAPSHOT/ozone-manager-1.3.0-SNAPSHOT.jar:/home/runner/.m2/repository/org/aspectj/aspectjrt/1.9.7/aspectjrt-1.9.7.jar:/home/runner/.m2/repository/org/aspectj/aspectjweaver/1.9.7/aspectjweaver-1.9.7.jar:/home/runner/.m2/repository/org/apache/ozone/hdds-interface-client/1.3.0-SNAPSHOT/hdds-interface-client-1.3.0-SNAPSHOT.jar:/home/runner/.m2/repository/org/apache/hadoop/thirdparty/hadoop-shaded-protobuf_3_7/1.1.1/hadoop-shaded-protobuf_3_7-1.1.1.jar:/home/runner/.m2/repository/org/apache/ozone/ozone-interface-storage/1.3.0-SNAPSHOT/ozone-interface-storage-1.3.0-SNAPSHOT.jar:/home/runner/.m2/repository/org/reflections/reflections/0.9.11/reflections-0.9.11.jar:/home/runner/.m2/repository/com/sun/jersey/jersey-client/1.19/jersey-client-1.19.jar:/home/runner/.m2/repository/org/apache/ranger/ranger-intg/2.3.0/ranger-intg-2.3.0.jar:/home/runner/.m2/repository/org/apache/ranger/ranger-plugins-common/2.3.0/ranger-plugins-common-2.3.0.jar:/home/runner/.m2/repository/commons-lang/commons-lang/2.6/commons-lang-2.6.jar:/home/runner/.m2/repository/org/codehaus/jackson/jackson-jaxrs/1.9.13/jackson-jaxrs-1.9.13.jar:/home/runner/.m2/repository/org/apache/ranger/ranger-plugins-cred/2.3.0/ranger-plugins-cred-2.3.0.jar:/home/runner/.m2/repository/org/apache/ranger/ranger-plugins-audit/2.3.0/ranger-plugins-audit-2.3.0.jar:/home/runner/.m2/repository/org/apache/kafka/kafka-clients/2.8.1/kafka-clients-2.8.1.jar:/home/runner/.m2/repository/com/github/luben/zstd-jni/1.4.9-1/zstd-jni-1.4.9-1.jar:/home/runner/.m2/repository/org/apache/solr/solr-solrj/8.6.3/solr-solrj-8.6.3.jar:/home/runner/.m2/repository/org/slf4j/jcl-over-slf4j/1.7.24/jcl-over-slf4j-1.7.24.jar:/home/runner/.m2/repository/org/eclipse/jetty/jetty-client/9.4.31.v20200723/jetty-client-9.4.31.v20200723.jar:/home/runner/.m2/repository/org/apache/httpcomponents/httpmime/4.5.6/httpmime-4.5.6.jar:/home/runner/.m2/repository/org/apache/httpcomponents/httpcore-nio/4.4.6/httpcore-nio-4.4.6.jar:/home/runner/.m2/repository/org/apache/httpcomponents/httpasyncclient/4.1.3/httpasyncclient-4.1.3.jar:/home/runner/.m2/repository/com/carrotsearch/hppc/0.8.0/hppc-0.8.0.jar:/home/runner/.m2/repository/org/apache/hive/hive-storage-api/2.7.2/hive-storage-api-2.7.2.jar:/home/runner/.m2/repository/org/apache/orc/orc-core/1.5.8/orc-core-1.5.8.jar:/home/runner/.m2/repository/com/amazonaws/aws-java-sdk-bundle/1.12.125/aws-java-sdk-bundle-1.12.125.jar:/home/runner/.m2/repository/net/java/dev/jna/jna/5.2.0/jna-5.2.0.jar:/home/runner/.m2/repository/net/java/dev/jna/jna-platform/5.2.0/jna-platform-5.2.0.jar:/home/runner/.m2/repository/com/kstruct/gethostname4j/0.0.2/gethostname4j-0.0.2.jar:/home/runner/.m2/repository/org/apache/ranger/ranger-plugin-classloader/2.3.0/ranger-plugin-classloader-2.3.0.jar:/home/runner/.m2/repository/org/apache/hadoop/hadoop-minikdc/3.3.1/hadoop-minikdc-3.3.1.jar:/home/runner/.m2/repository/org/apache/kerby/kerb-simplekdc/1.0.1/kerb-simplekdc-1.0.1.jar:/home/runner/.m2/repository/org/apache/kerby/kerb-client/1.0.1/kerb-client-1.0.1.jar:/home/runner/.m2/repository/org/apache/kerby/kerby-config/1.0.1/kerby-config-1.0.1.jar:/home/runner/.m2/repository/org/apache/kerby/kerb-common/1.0.1/kerb-common-1.0.1.jar:/home/runner/.m2/repository/org/apache/kerby/kerb-crypto/1.0.1/kerb-crypto-1.0.1.jar:/home/runner/.m2/repository/org/apache/kerby/kerb-util/1.0.1/kerb-util-1.0.1.jar:/home/runner/.m2/repository/org/apache/kerby/token-provider/1.0.1/token-provider-1.0.1.jar:/home/runner/.m2/repository/org/apache/kerby/kerb-admin/1.0.1/kerb-admin-1.0.1.jar:/home/runner/.m2/repository/org/apache/kerby/kerb-server/1.0.1/kerb-server-1.0.1.jar:/home/runner/.m2/repository/org/apache/kerby/kerb-identity/1.0.1/kerb-identity-1.0.1.jar:/home/runner/.m2/repository/org/apache/kerby/kerby-xdr/1.0.1/kerby-xdr-1.0.1.jar:/home/runner/.m2/repository/org/slf4j/slf4j-log4j12/1.7.30/slf4j-log4j12-1.7.30.jar:/home/runner/.m2/repository/org/apache/ozone/ozone-s3gateway/1.3.0-SNAPSHOT/ozone-s3gateway-1.3.0-SNAPSHOT.jar:/home/runner/.m2/repository/org/javassist/javassist/3.21.0-GA/javassist-3.21.0-GA.jar:/home/runner/.m2/repository/org/jboss/weld/servlet/weld-servlet/2.4.7.Final/weld-servlet-2.4.7.Final.jar:/home/runner/.m2/repository/org/glassfish/jersey/containers/jersey-container-servlet-core/2.33/jersey-container-servlet-core-2.33.jar:/home/runner/.m2/repository/org/glassfish/hk2/external/jakarta.inject/2.6.1/jakarta.inject-2.6.1.jar:/home/runner/.m2/repository/org/glassfish/jersey/core/jersey-common/2.33/jersey-common-2.33.jar:/home/runner/.m2/repository/jakarta/ws/rs/jakarta.ws.rs-api/2.1.6/jakarta.ws.rs-api-2.1.6.jar:/home/runner/.m2/repository/org/glassfish/jersey/ext/cdi/jersey-cdi1x/2.33/jersey-cdi1x-2.33.jar:/home/runner/.m2/repository/org/glassfish/jersey/inject/jersey-hk2/2.33/jersey-hk2-2.33.jar:/home/runner/.m2/repository/org/glassfish/hk2/hk2-locator/2.6.1/hk2-locator-2.6.1.jar:/home/runner/.m2/repository/org/glassfish/jersey/media/jersey-media-jaxb/2.33/jersey-media-jaxb-2.33.jar:/home/runner/.m2/repository/org/glassfish/hk2/osgi-resource-locator/1.0.3/osgi-resource-locator-1.0.3.jar:/home/runner/.m2/repository/org/glassfish/hk2/hk2-api/2.5.0/hk2-api-2.5.0.jar:/home/runner/.m2/repository/org/glassfish/hk2/hk2-utils/2.5.0/hk2-utils-2.5.0.jar:/home/runner/.m2/repository/org/glassfish/hk2/external/aopalliance-repackaged/2.5.0/aopalliance-repackaged-2.5.0.jar:/home/runner/.m2/repository/com/fasterxml/jackson/dataformat/jackson-dataformat-xml/2.13.2/jackson-dataformat-xml-2.13.2.jar:/home/runner/.m2/repository/com/fasterxml/jackson/core/jackson-core/2.13.2/jackson-core-2.13.2.jar:/home/runner/.m2/repository/org/codehaus/woodstox/stax2-api/3.1.4/stax2-api-3.1.4.jar:/home/runner/.m2/repository/com/fasterxml/woodstox/woodstox-core/5.0.3/woodstox-core-5.0.3.jar:/home/runner/.m2/repository/com/fasterxml/jackson/module/jackson-module-jaxb-annotations/2.13.2/jackson-module-jaxb-annotations-2.13.2.jar:/home/runner/.m2/repository/jakarta/xml/bind/jakarta.xml.bind-api/2.3.3/jakarta.xml.bind-api-2.3.3.jar:/home/runner/.m2/repository/jakarta/activation/jakarta.activation-api/1.2.1/jakarta.activation-api-1.2.1.jar:/home/runner/.m2/repository/javax/enterprise/cdi-api/1.2/cdi-api-1.2.jar:/home/runner/.m2/repository/javax/el/javax.el-api/3.0.0/javax.el-api-3.0.0.jar:/home/runner/.m2/repository/javax/interceptor/javax.interceptor-api/1.2/javax.interceptor-api-1.2.jar:/home/runner/.m2/repository/javax/inject/javax.inject/1/javax.inject-1.jar:/home/runner/.m2/repository/javax/xml/bind/jaxb-api/2.3.0/jaxb-api-2.3.0.jar:/home/runner/.m2/repository/org/glassfish/jaxb/jaxb-runtime/2.3.0.1/jaxb-runtime-2.3.0.1.jar:/home/runner/.m2/repository/org/glassfish/jaxb/jaxb-core/2.3.0.1/jaxb-core-2.3.0.1.jar:/home/runner/.m2/repository/org/glassfish/jaxb/txw2/2.3.0.1/txw2-2.3.0.1.jar:/home/runner/.m2/repository/com/sun/istack/istack-commons-runtime/3.0.5/istack-commons-runtime-3.0.5.jar:/home/runner/.m2/repository/org/jvnet/staxex/stax-ex/1.7.8/stax-ex-1.7.8.jar:/home/runner/.m2/repository/com/sun/xml/fastinfoset/FastInfoset/1.2.13/FastInfoset-1.2.13.jar:/home/runner/.m2/repository/javax/activation/activation/1.1.1/activation-1.1.1.jar:/home/runner/.m2/repository/io/grpc/grpc-protobuf/1.48.1/grpc-protobuf-1.48.1.jar:/home/runner/.m2/repository/io/grpc/grpc-api/1.48.1/grpc-api-1.48.1.jar:/home/runner/.m2/repository/io/grpc/grpc-context/1.48.1/grpc-context-1.48.1.jar:/home/runner/.m2/repository/com/google/api/grpc/proto-google-common-protos/2.9.0/proto-google-common-protos-2.9.0.jar:/home/runner/.m2/repository/io/grpc/grpc-protobuf-lite/1.48.1/grpc-protobuf-lite-1.48.1.jar:/home/runner/.m2/repository/io/grpc/grpc-stub/1.48.1/grpc-stub-1.48.1.jar:/home/runner/.m2/repository/io/netty/netty-transport/4.1.79.Final/netty-transport-4.1.79.Final.jar:/home/runner/.m2/repository/io/netty/netty-resolver/4.1.79.Final/netty-resolver-4.1.79.Final.jar:/home/runner/.m2/repository/org/apache/ozone/ozone-csi/1.3.0-SNAPSHOT/ozone-csi-1.3.0-SNAPSHOT.jar:/home/runner/.m2/repository/com/google/protobuf/protobuf-java-util/3.19.2/protobuf-java-util-3.19.2.jar:/home/runner/.m2/repository/com/google/code/gson/gson/2.9.0/gson-2.9.0.jar:/home/runner/.m2/repository/org/apache/ozone/hdds-config/1.3.0-SNAPSHOT/hdds-config-1.3.0-SNAPSHOT.jar:/home/runner/.m2/repository/io/netty/netty-transport-native-epoll/4.1.79.Final/netty-transport-native-epoll-4.1.79.Final-linux-x86_64.jar:/home/runner/.m2/repository/io/netty/netty-transport-classes-epoll/4.1.79.Final/netty-transport-classes-epoll-4.1.79.Final.jar:/home/runner/.m2/repository/io/netty/netty-transport-native-unix-common/4.1.79.Final/netty-transport-native-unix-common-4.1.79.Final.jar:/home/runner/.m2/repository/org/apache/ozone/ozone-recon/1.3.0-SNAPSHOT/ozone-recon-1.3.0-SNAPSHOT.jar:/home/runner/.m2/repository/org/apache/ozone/ozone-reconcodegen/1.3.0-SNAPSHOT/ozone-reconcodegen-1.3.0-SNAPSHOT.jar:/home/runner/.m2/repository/com/google/inject/extensions/guice-multibindings/4.0/guice-multibindings-4.0.jar:/home/runner/.m2/repository/com/google/inject/guice/4.0/guice-4.0.jar:/home/runner/.m2/repository/aopalliance/aopalliance/1.0/aopalliance-1.0.jar:/home/runner/.m2/repository/com/google/inject/extensions/guice-assistedinject/4.0/guice-assistedinject-4.0.jar:/home/runner/.m2/repository/com/google/inject/extensions/guice-servlet/4.0/guice-servlet-4.0.jar:/home/runner/.m2/repository/org/glassfish/jersey/containers/jersey-container-servlet/2.33/jersey-container-servlet-2.33.jar:/home/runner/.m2/repository/org/glassfish/hk2/guice-bridge/2.5.0/guice-bridge-2.5.0.jar:/home/runner/.m2/repository/org/glassfish/jersey/core/jersey-server/2.33/jersey-server-2.33.jar:/home/runner/.m2/repository/org/glassfish/jersey/core/jersey-client/2.33/jersey-client-2.33.jar:/home/runner/.m2/repository/jakarta/annotation/jakarta.annotation-api/1.3.5/jakarta.annotation-api-1.3.5.jar:/home/runner/.m2/repository/jakarta/validation/jakarta.validation-api/2.0.2/jakarta.validation-api-2.0.2.jar:/home/runner/.m2/repository/org/glassfish/jersey/media/jersey-media-json-jackson/2.33/jersey-media-json-jackson-2.33.jar:/home/runner/.m2/repository/org/glassfish/jersey/ext/jersey-entity-filtering/2.33/jersey-entity-filtering-2.33.jar:/home/runner/.m2/repository/org/jooq/jooq/3.11.10/jooq-3.11.10.jar:/home/runner/.m2/repository/org/jooq/jooq-meta/3.11.10/jooq-meta-3.11.10.jar:/home/runner/.m2/repository/org/jooq/jooq-codegen/3.11.10/jooq-codegen-3.11.10.jar:/home/runner/.m2/repository/com/jolbox/bonecp/0.8.0.RELEASE/bonecp-0.8.0.RELEASE.jar:/home/runner/.m2/repository/org/apache/derby/derby/10.14.2.0/derby-10.14.2.0.jar:/home/runner/.m2/repository/org/xerial/sqlite-jdbc/3.25.2/sqlite-jdbc-3.25.2.jar:/home/runner/.m2/repository/org/springframework/spring-jdbc/5.2.20.RELEASE/spring-jdbc-5.2.20.RELEASE.jar:/home/runner/.m2/repository/org/springframework/spring-beans/5.2.20.RELEASE/spring-beans-5.2.20.RELEASE.jar:/home/runner/.m2/repository/org/springframework/spring-core/5.2.20.RELEASE/spring-core-5.2.20.RELEASE.jar:/home/runner/.m2/repository/org/springframework/spring-jcl/5.2.20.RELEASE/spring-jcl-5.2.20.RELEASE.jar:/home/runner/.m2/repository/org/springframework/spring-tx/5.2.20.RELEASE/spring-tx-5.2.20.RELEASE.jar:/home/runner/.m2/repository/org/apache/ozone/ozone-client/1.3.0-SNAPSHOT/ozone-client-1.3.0-SNAPSHOT.jar:/home/runner/.m2/repository/org/apache/ozone/hdds-erasurecode/1.3.0-SNAPSHOT/hdds-erasurecode-1.3.0-SNAPSHOT.jar:/home/runner/.m2/repository/com/github/spotbugs/spotbugs-annotations/3.1.12/spotbugs-annotations-3.1.12.jar:/home/runner/.m2/repository/org/apache/ozone/ozone-filesystem/1.3.0-SNAPSHOT/ozone-filesystem-1.3.0-SNAPSHOT.jar:/home/runner/.m2/repository/org/apache/ozone/ozone-filesystem-common/1.3.0-SNAPSHOT/ozone-filesystem-common-1.3.0-SNAPSHOT.jar:/home/runner/.m2/repository/org/apache/ozone/ozone-tools/1.3.0-SNAPSHOT/ozone-tools-1.3.0-SNAPSHOT.jar:/home/runner/.m2/repository/org/apache/ratis/ratis-tools/2.3.0/ratis-tools-2.3.0.jar:/home/runner/.m2/repository/com/amazonaws/aws-java-sdk-core/1.12.261/aws-java-sdk-core-1.12.261.jar:/home/runner/.m2/repository/org/apache/httpcomponents/httpclient/4.5.13/httpclient-4.5.13.jar:/home/runner/.m2/repository/org/apache/httpcomponents/httpcore/4.4.13/httpcore-4.4.13.jar:/home/runner/.m2/repository/software/amazon/ion/ion-java/1.0.2/ion-java-1.0.2.jar:/home/runner/.m2/repository/com/fasterxml/jackson/dataformat/jackson-dataformat-cbor/2.13.2/jackson-dataformat-cbor-2.13.2.jar:/home/runner/.m2/repository/joda-time/joda-time/2.8.1/joda-time-2.8.1.jar:/home/runner/.m2/repository/com/amazonaws/aws-java-sdk-s3/1.12.261/aws-java-sdk-s3-1.12.261.jar:/home/runner/.m2/repository/com/amazonaws/aws-java-sdk-kms/1.12.261/aws-java-sdk-kms-1.12.261.jar:/home/runner/.m2/repository/com/amazonaws/jmespath-java/1.12.261/jmespath-java-1.12.261.jar:/home/runner/.m2/repository/org/kohsuke/metainf-services/metainf-services/1.8/metainf-services-1.8.jar:/home/runner/.m2/repository/org/apache/ozone/hdds-tools/1.3.0-SNAPSHOT/hdds-tools-1.3.0-SNAPSHOT.jar:/home/runner/.m2/repository/commons-cli/commons-cli/1.2/commons-cli-1.2.jar:/home/runner/.m2/repository/org/apache/commons/commons-lang3/3.7/commons-lang3-3.7.jar:/home/runner/.m2/repository/org/apache/ozone/ozone-manager/1.3.0-SNAPSHOT/ozone-manager-1.3.0-SNAPSHOT-tests.jar:/home/runner/.m2/repository/org/apache/ozone/hdds-common/1.3.0-SNAPSHOT/hdds-common-1.3.0-SNAPSHOT-tests.jar:/home/runner/.m2/repository/org/apache/ozone/hdds-hadoop-dependency-client/1.3.0-SNAPSHOT/hdds-hadoop-dependency-client-1.3.0-SNAPSHOT.jar:/home/runner/.m2/repository/info/picocli/picocli/4.6.1/picocli-4.6.1.jar:/home/runner/.m2/repository/com/fasterxml/jackson/core/jackson-annotations/2.13.2/jackson-annotations-2.13.2.jar:/home/runner/.m2/repository/com/fasterxml/jackson/datatype/jackson-datatype-jsr310/2.13.2/jackson-datatype-jsr310-2.13.2.jar:/home/runner/.m2/repository/javax/annotation/javax.annotation-api/1.2/javax.annotation-api-1.2.jar:/home/runner/.m2/repository/org/apache/ratis/ratis-server/2.3.0/ratis-server-2.3.0.jar:/home/runner/.m2/repository/org/apache/ratis/ratis-client/2.3.0/ratis-client-2.3.0.jar:/home/runner/.m2/repository/org/apache/ratis/ratis-server-api/2.3.0/ratis-server-api-2.3.0.jar:/home/runner/.m2/repository/org/apache/ratis/ratis-metrics/2.3.0/ratis-metrics-2.3.0.jar:/home/runner/.m2/repository/org/apache/ratis/ratis-netty/2.3.0/ratis-netty-2.3.0.jar:/home/runner/.m2/repository/org/apache/ratis/ratis-grpc/2.3.0/ratis-grpc-2.3.0.jar:/home/runner/.m2/repository/org/apache/logging/log4j/log4j-api/2.17.1/log4j-api-2.17.1.jar:/home/runner/.m2/repository/org/apache/commons/commons-pool2/2.6.0/commons-pool2-2.6.0.jar:/home/runner/.m2/repository/org/bouncycastle/bcpkix-jdk15on/1.67/bcpkix-jdk15on-1.67.jar:/home/runner/.m2/repository/commons-validator/commons-validator/1.6/commons-validator-1.6.jar:/home/runner/.m2/repository/commons-beanutils/commons-beanutils/1.9.4/commons-beanutils-1.9.4.jar:/home/runner/.m2/repository/commons-digester/commons-digester/1.8.1/commons-digester-1.8.1.jar:/home/runner/.m2/repository/commons-collections/commons-collections/3.2.2/commons-collections-3.2.2.jar:/home/runner/.m2/repository/io/jaegertracing/jaeger-client/1.6.0/jaeger-client-1.6.0.jar:/home/runner/.m2/repository/io/jaegertracing/jaeger-thrift/1.6.0/jaeger-thrift-1.6.0.jar:/home/runner/.m2/repository/org/apache/thrift/libthrift/0.14.1/libthrift-0.14.1.jar:/home/runner/.m2/repository/com/squareup/okhttp3/okhttp/4.9.0/okhttp-4.9.0.jar:/home/runner/.m2/repository/com/squareup/okio/okio/2.8.0/okio-2.8.0.jar:/home/runner/.m2/repository/io/jaegertracing/jaeger-core/1.6.0/jaeger-core-1.6.0.jar:/home/runner/.m2/repository/io/jaegertracing/jaeger-tracerresolver/1.6.0/jaeger-tracerresolver-1.6.0.jar:/home/runner/.m2/repository/io/opentracing/contrib/opentracing-tracerresolver/0.1.8/opentracing-tracerresolver-0.1.8.jar:/home/runner/.m2/repository/org/jetbrains/kotlin/kotlin-stdlib/1.6.21/kotlin-stdlib-1.6.21.jar:/home/runner/.m2/repository/org/jetbrains/kotlin/kotlin-stdlib-common/1.6.21/kotlin-stdlib-common-1.6.21.jar:/home/runner/.m2/repository/org/jetbrains/annotations/13.0/annotations-13.0.jar:/home/runner/.m2/repository/io/opentracing/opentracing-util/0.33.0/opentracing-util-0.33.0.jar:/home/runner/.m2/repository/io/opentracing/opentracing-api/0.33.0/opentracing-api-0.33.0.jar:/home/runner/.m2/repository/io/opentracing/opentracing-noop/0.33.0/opentracing-noop-0.33.0.jar:/home/runner/.m2/repository/org/yaml/snakeyaml/1.26/snakeyaml-1.26.jar:/home/runner/.m2/repository/org/apache/ozone/hdds-interface-admin/1.3.0-SNAPSHOT/hdds-interface-admin-1.3.0-SNAPSHOT.jar:/home/runner/.m2/repository/junit/junit/4.13.1/junit-4.13.1.jar:/home/runner/.m2/repository/org/hamcrest/hamcrest-core/1.3/hamcrest-core-1.3.jar:/home/runner/.m2/repository/org/junit/jupiter/junit-jupiter-api/5.8.2/junit-jupiter-api-5.8.2.jar:/home/runner/.m2/repository/org/opentest4j/opentest4j/1.2.0/opentest4j-1.2.0.jar:/home/runner/.m2/repository/org/junit/platform/junit-platform-commons/1.8.2/junit-platform-commons-1.8.2.jar:/home/runner/.m2/repository/org/apiguardian/apiguardian-api/1.1.2/apiguardian-api-1.1.2.jar:/home/runner/.m2/repository/org/junit/jupiter/junit-jupiter-params/5.8.2/junit-jupiter-params-5.8.2.jar:/home/runner/.m2/repository/org/junit/jupiter/junit-jupiter-migrationsupport/5.8.2/junit-jupiter-migrationsupport-5.8.2.jar:/home/runner/.m2/repository/org/junit/jupiter/junit-jupiter-engine/5.8.2/junit-jupiter-engine-5.8.2.jar:/home/runner/.m2/repository/org/junit/platform/junit-platform-engine/1.8.2/junit-platform-engine-1.8.2.jar:/home/runner/.m2/repository/org/junit/vintage/junit-vintage-engine/5.8.2/junit-vintage-engine-5.8.2.jar:/home/runner/.m2/repository/org/junit/platform/junit-platform-launcher/1.8.2/junit-platform-launcher-1.8.2.jar:/home/runner/.m2/repository/org/mockito/mockito-core/2.28.2/mockito-core-2.28.2.jar:/home/runner/.m2/repository/net/bytebuddy/byte-buddy/1.9.10/byte-buddy-1.9.10.jar:/home/runner/.m2/repository/net/bytebuddy/byte-buddy-agent/1.9.10/byte-buddy-agent-1.9.10.jar:/home/runner/.m2/repository/org/objenesis/objenesis/1.0/objenesis-1.0.jar:/home/runner/.m2/repository/org/apache/hadoop/hadoop-kms/3.3.1/hadoop-kms-3.3.1.jar:/home/runner/.m2/repository/org/apache/hadoop/hadoop-auth/3.3.1/hadoop-auth-3.3.1.jar:/home/runner/.m2/repository/com/nimbusds/nimbus-jose-jwt/7.9/nimbus-jose-jwt-7.9.jar:/home/runner/.m2/repository/com/github/stephenc/jcip/jcip-annotations/1.0-1/jcip-annotations-1.0-1.jar:/home/runner/.m2/repository/net/minidev/json-smart/2.4.7/json-smart-2.4.7.jar:/home/runner/.m2/repository/net/minidev/accessors-smart/2.4.7/accessors-smart-2.4.7.jar:/home/runner/.m2/repository/org/ow2/asm/asm/5.0.4/asm-5.0.4.jar:/home/runner/.m2/repository/org/apache/zookeeper/zookeeper/3.5.6/zookeeper-3.5.6.jar:/home/runner/.m2/repository/org/apache/zookeeper/zookeeper-jute/3.5.6/zookeeper-jute-3.5.6.jar:/home/runner/.m2/repository/org/apache/yetus/audience-annotations/0.5.0/audience-annotations-0.5.0.jar:/home/runner/.m2/repository/org/apache/curator/curator-framework/4.2.0/curator-framework-4.2.0.jar:/home/runner/.m2/repository/org/apache/hadoop/thirdparty/hadoop-shaded-guava/1.1.1/hadoop-shaded-guava-1.1.1.jar:/home/runner/.m2/repository/com/sun/jersey/jersey-core/1.19/jersey-core-1.19.jar:/home/runner/.m2/repository/javax/ws/rs/jsr311-api/1.1.1/jsr311-api-1.1.1.jar:/home/runner/.m2/repository/com/sun/jersey/jersey-server/1.19/jersey-server-1.19.jar:/home/runner/.m2/repository/javax/servlet/javax.servlet-api/3.1.0/javax.servlet-api-3.1.0.jar:/home/runner/.m2/repository/org/eclipse/jetty/jetty-server/9.4.43.v20210629/jetty-server-9.4.43.v20210629.jar:/home/runner/.m2/repository/org/eclipse/jetty/jetty-http/9.4.43.v20210629/jetty-http-9.4.43.v20210629.jar:/home/runner/.m2/repository/org/eclipse/jetty/jetty-io/9.4.43.v20210629/jetty-io-9.4.43.v20210629.jar:/home/runner/.m2/repository/org/eclipse/jetty/jetty-webapp/9.4.43.v20210629/jetty-webapp-9.4.43.v20210629.jar:/home/runner/.m2/repository/org/eclipse/jetty/jetty-xml/9.4.43.v20210629/jetty-xml-9.4.43.v20210629.jar:/home/runner/.m2/repository/org/apache/hadoop/hadoop-common/3.3.1/hadoop-common-3.3.1.jar:/home/runner/.m2/repository/org/apache/commons/commons-math3/3.1.1/commons-math3-3.1.1.jar:/home/runner/.m2/repository/commons-net/commons-net/3.6/commons-net-3.6.jar:/home/runner/.m2/repository/com/sun/jersey/jersey-servlet/1.19/jersey-servlet-1.19.jar:/home/runner/.m2/repository/com/sun/jersey/jersey-json/1.19/jersey-json-1.19.jar:/home/runner/.m2/repository/org/codehaus/jettison/jettison/1.1/jettison-1.1.jar:/home/runner/.m2/repository/com/sun/xml/bind/jaxb-impl/2.2.3-1/jaxb-impl-2.2.3-1.jar:/home/runner/.m2/repository/org/codehaus/jackson/jackson-xc/1.9.2/jackson-xc-1.9.2.jar:/home/runner/.m2/repository/org/apache/commons/commons-configuration2/2.1.1/commons-configuration2-2.1.1.jar:/home/runner/.m2/repository/org/apache/commons/commons-text/1.4/commons-text-1.4.jar:/home/runner/.m2/repository/com/google/re2j/re2j/1.1/re2j-1.1.jar:/home/runner/.m2/repository/com/jcraft/jsch/0.1.54/jsch-0.1.54.jar:/home/runner/.m2/repository/org/apache/curator/curator-client/4.2.0/curator-client-4.2.0.jar:/home/runner/.m2/repository/org/apache/curator/curator-recipes/4.2.0/curator-recipes-4.2.0.jar:/home/runner/.m2/repository/org/apache/kerby/kerb-core/1.0.1/kerb-core-1.0.1.jar:/home/runner/.m2/repository/org/apache/kerby/kerby-pkix/1.0.1/kerby-pkix-1.0.1.jar:/home/runner/.m2/repository/org/apache/kerby/kerby-asn1/1.0.1/kerby-asn1-1.0.1.jar:/home/runner/.m2/repository/org/apache/kerby/kerby-util/1.0.1/kerby-util-1.0.1.jar:/home/runner/.m2/repository/dnsjava/dnsjava/2.1.7/dnsjava-2.1.7.jar:/home/runner/.m2/repository/org/xerial/snappy/snappy-java/1.1.8.2/snappy-java-1.1.8.2.jar:/home/runner/.m2/repository/org/slf4j/jul-to-slf4j/1.7.30/jul-to-slf4j-1.7.30.jar:/home/runner/.m2/repository/org/eclipse/jetty/jetty-util/9.4.43.v20210629/jetty-util-9.4.43.v20210629.jar:/home/runner/.m2/repository/com/fasterxml/jackson/core/jackson-databind/2.13.2.2/jackson-databind-2.13.2.2.jar:/home/runner/.m2/repository/org/apache/hadoop/hadoop-kms/3.3.1/hadoop-kms-3.3.1-tests.jar:/home/runner/.m2/repository/org/apache/ozone/hdds-server-scm/1.3.0-SNAPSHOT/hdds-server-scm-1.3.0-SNAPSHOT-tests.jar:/home/runner/.m2/repository/org/apache/ozone/hdds-container-service/1.3.0-SNAPSHOT/hdds-container-service-1.3.0-SNAPSHOT-tests.jar:/home/runner/.m2/repository/commons-codec/commons-codec/1.11/commons-codec-1.11.jar:/home/runner/.m2/repository/io/netty/netty-codec/4.1.79.Final/netty-codec-4.1.79.Final.jar:/home/runner/.m2/repository/io/netty/netty-handler/4.1.79.Final/netty-handler-4.1.79.Final.jar:/home/runner/.m2/repository/org/apache/ozone/hdds-hadoop-dependency-test/1.3.0-SNAPSHOT/hdds-hadoop-dependency-test-1.3.0-SNAPSHOT.jar:/home/runner/.m2/repository/org/apache/hadoop/hadoop-common/3.3.1/hadoop-common-3.3.1-tests.jar:/home/runner/.m2/repository/org/assertj/assertj-core/3.12.2/assertj-core-3.12.2.jar:/home/runner/.m2/repository/org/apache/hadoop/hadoop-hdfs/3.3.1/hadoop-hdfs-3.3.1-tests.jar:/home/runner/.m2/repository/org/eclipse/jetty/jetty-util-ajax/9.4.43.v20210629/jetty-util-ajax-9.4.43.v20210629.jar:/home/runner/.m2/repository/commons-daemon/commons-daemon/1.0.13/commons-daemon-1.0.13.jar:/home/runner/.m2/repository/io/netty/netty/3.10.6.Final/netty-3.10.6.Final.jar:/home/runner/.m2/repository/io/netty/netty-all/4.1.79.Final/netty-all-4.1.79.Final.jar:/home/runner/.m2/repository/io/netty/netty-codec-dns/4.1.79.Final/netty-codec-dns-4.1.79.Final.jar:/home/runner/.m2/repository/io/netty/netty-codec-haproxy/4.1.79.Final/netty-codec-haproxy-4.1.79.Final.jar:/home/runner/.m2/repository/io/netty/netty-codec-memcache/4.1.79.Final/netty-codec-memcache-4.1.79.Final.jar:/home/runner/.m2/repository/io/netty/netty-codec-mqtt/4.1.79.Final/netty-codec-mqtt-4.1.79.Final.jar:/home/runner/.m2/repository/io/netty/netty-codec-redis/4.1.79.Final/netty-codec-redis-4.1.79.Final.jar:/home/runner/.m2/repository/io/netty/netty-codec-smtp/4.1.79.Final/netty-codec-smtp-4.1.79.Final.jar:/home/runner/.m2/repository/io/netty/netty-codec-stomp/4.1.79.Final/netty-codec-stomp-4.1.79.Final.jar:/home/runner/.m2/repository/io/netty/netty-codec-xml/4.1.79.Final/netty-codec-xml-4.1.79.Final.jar:/home/runner/.m2/repository/io/netty/netty-resolver-dns/4.1.79.Final/netty-resolver-dns-4.1.79.Final.jar:/home/runner/.m2/repository/io/netty/netty-transport-rxtx/4.1.79.Final/netty-transport-rxtx-4.1.79.Final.jar:/home/runner/.m2/repository/io/netty/netty-transport-sctp/4.1.79.Final/netty-transport-sctp-4.1.79.Final.jar:/home/runner/.m2/repository/io/netty/netty-transport-udt/4.1.79.Final/netty-transport-udt-4.1.79.Final.jar:/home/runner/.m2/repository/io/netty/netty-transport-classes-kqueue/4.1.79.Final/netty-transport-classes-kqueue-4.1.79.Final.jar:/home/runner/.m2/repository/io/netty/netty-resolver-dns-classes-macos/4.1.79.Final/netty-resolver-dns-classes-macos-4.1.79.Final.jar:/home/runner/.m2/repository/io/netty/netty-transport-native-epoll/4.1.79.Final/netty-transport-native-epoll-4.1.79.Final-linux-aarch_64.jar:/home/runner/.m2/repository/io/netty/netty-transport-native-kqueue/4.1.79.Final/netty-transport-native-kqueue-4.1.79.Final-osx-x86_64.jar:/home/runner/.m2/repository/io/netty/netty-transport-native-kqueue/4.1.79.Final/netty-transport-native-kqueue-4.1.79.Final-osx-aarch_64.jar:/home/runner/.m2/repository/io/netty/netty-resolver-dns-native-macos/4.1.79.Final/netty-resolver-dns-native-macos-4.1.79.Final-osx-x86_64.jar:/home/runner/.m2/repository/io/netty/netty-resolver-dns-native-macos/4.1.79.Final/netty-resolver-dns-native-macos-4.1.79.Final-osx-aarch_64.jar:/home/runner/.m2/repository/org/apache/htrace/htrace-core4/4.1.0-incubating/htrace-core4-4.1.0-incubating.jar:/home/runner/.m2/repository/org/fusesource/leveldbjni/leveldbjni-all/1.8/leveldbjni-all-1.8.jar:/home/runner/.m2/repository/org/apache/hadoop/hadoop-distcp/3.3.1/hadoop-distcp-3.3.1.jar:/home/runner/.m2/repository/org/apache/hadoop/hadoop-mapreduce-client-jobclient/3.3.1/hadoop-mapreduce-client-jobclient-3.3.1.jar:/home/runner/.m2/repository/org/apache/hadoop/hadoop-mapreduce-client-common/3.3.1/hadoop-mapreduce-client-common-3.3.1.jar:/home/runner/.m2/repository/org/apache/hadoop/hadoop-yarn-common/3.3.1/hadoop-yarn-common-3.3.1.jar:/home/runner/.m2/repository/org/apache/hadoop/hadoop-yarn-api/3.3.1/hadoop-yarn-api-3.3.1.jar:/home/runner/.m2/repository/com/sun/jersey/contribs/jersey-guice/1.19/jersey-guice-1.19.jar:/home/runner/.m2/repository/com/fasterxml/jackson/jaxrs/jackson-jaxrs-json-provider/2.13.2/jackson-jaxrs-json-provider-2.13.2.jar:/home/runner/.m2/repository/com/fasterxml/jackson/jaxrs/jackson-jaxrs-base/2.13.2/jackson-jaxrs-base-2.13.2.jar:/home/runner/.m2/repository/org/apache/hadoop/hadoop-yarn-client/3.3.1/hadoop-yarn-client-3.3.1.jar:/home/runner/.m2/repository/org/eclipse/jetty/websocket/websocket-client/9.4.40.v20210413/websocket-client-9.4.40.v20210413.jar:/home/runner/.m2/repository/org/eclipse/jetty/websocket/websocket-common/9.4.40.v20210413/websocket-common-9.4.40.v20210413.jar:/home/runner/.m2/repository/org/eclipse/jetty/websocket/websocket-api/9.4.40.v20210413/websocket-api-9.4.40.v20210413.jar:/home/runner/.m2/repository/org/jline/jline/3.9.0/jline-3.9.0.jar:/home/runner/.m2/repository/org/apache/hadoop/hadoop-mapreduce-client-core/3.3.1/hadoop-mapreduce-client-core-3.3.1.jar:/home/runner/.m2/repository/org/apache/avro/avro/1.7.7/avro-1.7.7.jar:/home/runner/.m2/repository/org/codehaus/jackson/jackson-core-asl/1.9.13/jackson-core-asl-1.9.13.jar:/home/runner/.m2/repository/org/codehaus/jackson/jackson-mapper-asl/1.9.13/jackson-mapper-asl-1.9.13.jar:/home/runner/.m2/repository/com/thoughtworks/paranamer/paranamer/2.3/paranamer-2.3.jar:/home/runner/.m2/repository/org/apache/hadoop/hadoop-annotations/3.3.1/hadoop-annotations-3.3.1.jar:/usr/lib/jvm/temurin-8-jdk-amd64/jre/../lib/tools.jar:/home/runner/.m2/repository/org/apache/hadoop/hadoop-distcp/3.3.1/hadoop-distcp-3.3.1-tests.jar:/home/runner/.m2/repository/org/apache/ratis/ratis-common/2.3.0/ratis-common-2.3.0.jar:/home/runner/.m2/repository/org/apache/ratis/ratis-thirdparty-misc/1.0.0/ratis-thirdparty-misc-1.0.0.jar:/home/runner/.m2/repository/org/apache/ratis/ratis-proto/2.3.0/ratis-proto-2.3.0.jar:/home/runner/.m2/repository/org/apache/ozone/ozone-annotation-processing/1.3.0-SNAPSHOT/ozone-annotation-processing-1.3.0-SNAPSHOT.jar:"/>
    <property name="java.vm.vendor" value="Temurin"/>
    <property name="sun.arch.data.model" value="64"/>
    <property name="test.build.dir" value="/home/runner/work/ozone/ozone/hadoop-ozone/integration-test/target/test-dir"/>
    <property name="test.cache.data" value=""/>
    <property name="java.vendor.url" value="https://adoptium.net/"/>
    <property name="user.timezone" value="Etc/UTC"/>
    <property name="java.vm.specification.version" value="1.8"/>
    <property name="os.name" value="Linux"/>
    <property name="test.build.data" value="/home/runner/work/ozone/ozone/hadoop-ozone/integration-test/target/test-dir"/>
    <property name="sun.java.launcher" value="SUN_STANDARD"/>
    <property name="sun.boot.library.path" value="/usr/lib/jvm/temurin-8-jdk-amd64/jre/lib/amd64"/>
    <property name="sun.java.command" value="/home/runner/work/ozone/ozone/hadoop-ozone/integration-test/target/surefire/surefirebooter6367374969105118421.jar /home/runner/work/ozone/ozone/hadoop-ozone/integration-test/target/surefire 2022-08-10T20-25-32_397-jvmRun1 surefire3796586179721714405tmp surefire_46976760029111822040tmp"/>
    <property name="surefire.test.class.path" value="/home/runner/work/ozone/ozone/hadoop-ozone/integration-test/target/test-classes:/home/runner/work/ozone/ozone/hadoop-ozone/integration-test/target/classes:/home/runner/.m2/repository/org/apache/ozone/ozone-common/1.3.0-SNAPSHOT/ozone-common-1.3.0-SNAPSHOT.jar:/home/runner/.m2/repository/io/grpc/grpc-netty/1.48.1/grpc-netty-1.48.1.jar:/home/runner/.m2/repository/io/grpc/grpc-core/1.48.1/grpc-core-1.48.1.jar:/home/runner/.m2/repository/com/google/android/annotations/4.1.1.4/annotations-4.1.1.4.jar:/home/runner/.m2/repository/org/codehaus/mojo/animal-sniffer-annotations/1.21/animal-sniffer-annotations-1.21.jar:/home/runner/.m2/repository/com/google/errorprone/error_prone_annotations/2.2.0/error_prone_annotations-2.2.0.jar:/home/runner/.m2/repository/io/perfmark/perfmark-api/0.25.0/perfmark-api-0.25.0.jar:/home/runner/.m2/repository/io/netty/netty-codec-http2/4.1.79.Final/netty-codec-http2-4.1.79.Final.jar:/home/runner/.m2/repository/io/netty/netty-common/4.1.79.Final/netty-common-4.1.79.Final.jar:/home/runner/.m2/repository/io/netty/netty-buffer/4.1.79.Final/netty-buffer-4.1.79.Final.jar:/home/runner/.m2/repository/io/netty/netty-codec-http/4.1.79.Final/netty-codec-http-4.1.79.Final.jar:/home/runner/.m2/repository/io/netty/netty-handler-proxy/4.1.79.Final/netty-handler-proxy-4.1.79.Final.jar:/home/runner/.m2/repository/io/netty/netty-codec-socks/4.1.79.Final/netty-codec-socks-4.1.79.Final.jar:/home/runner/.m2/repository/io/netty/netty-tcnative-boringssl-static/2.0.53.Final/netty-tcnative-boringssl-static-2.0.53.Final.jar:/home/runner/.m2/repository/io/netty/netty-tcnative-classes/2.0.53.Final/netty-tcnative-classes-2.0.53.Final.jar:/home/runner/.m2/repository/io/netty/netty-tcnative-boringssl-static/2.0.53.Final/netty-tcnative-boringssl-static-2.0.53.Final-linux-x86_64.jar:/home/runner/.m2/repository/io/netty/netty-tcnative-boringssl-static/2.0.53.Final/netty-tcnative-boringssl-static-2.0.53.Final-linux-aarch_64.jar:/home/runner/.m2/repository/io/netty/netty-tcnative-boringssl-static/2.0.53.Final/netty-tcnative-boringssl-static-2.0.53.Final-osx-x86_64.jar:/home/runner/.m2/repository/io/netty/netty-tcnative-boringssl-static/2.0.53.Final/netty-tcnative-boringssl-static-2.0.53.Final-osx-aarch_64.jar:/home/runner/.m2/repository/io/netty/netty-tcnative-boringssl-static/2.0.53.Final/netty-tcnative-boringssl-static-2.0.53.Final-windows-x86_64.jar:/home/runner/.m2/repository/org/apache/commons/commons-compress/1.21/commons-compress-1.21.jar:/home/runner/.m2/repository/org/apache/ozone/hdds-common/1.3.0-SNAPSHOT/hdds-common-1.3.0-SNAPSHOT.jar:/home/runner/.m2/repository/org/apache/ozone/hdds-client/1.3.0-SNAPSHOT/hdds-client-1.3.0-SNAPSHOT.jar:/home/runner/.m2/repository/org/apache/ozone/ozone-interface-client/1.3.0-SNAPSHOT/ozone-interface-client-1.3.0-SNAPSHOT.jar:/home/runner/.m2/repository/org/apache/ozone/hdds-test-utils/1.3.0-SNAPSHOT/hdds-test-utils-1.3.0-SNAPSHOT.jar:/home/runner/.m2/repository/com/google/guava/guava/31.1-jre/guava-31.1-jre.jar:/home/runner/.m2/repository/com/google/guava/failureaccess/1.0.1/failureaccess-1.0.1.jar:/home/runner/.m2/repository/com/google/guava/listenablefuture/9999.0-empty-to-avoid-conflict-with-guava/listenablefuture-9999.0-empty-to-avoid-conflict-with-guava.jar:/home/runner/.m2/repository/com/google/code/findbugs/jsr305/3.0.0/jsr305-3.0.0.jar:/home/runner/.m2/repository/org/checkerframework/checker-qual/3.12.0/checker-qual-3.12.0.jar:/home/runner/.m2/repository/com/google/j2objc/j2objc-annotations/1.3/j2objc-annotations-1.3.jar:/home/runner/.m2/repository/commons-io/commons-io/2.11.0/commons-io-2.11.0.jar:/home/runner/.m2/repository/commons-logging/commons-logging/1.2/commons-logging-1.2.jar:/home/runner/.m2/repository/log4j/log4j/1.2.17/log4j-1.2.17.jar:/home/runner/.m2/repository/org/slf4j/slf4j-api/1.7.30/slf4j-api-1.7.30.jar:/home/runner/.m2/repository/org/apache/ozone/hdds-server-scm/1.3.0-SNAPSHOT/hdds-server-scm-1.3.0-SNAPSHOT.jar:/home/runner/.m2/repository/org/apache/ozone/hdds-container-service/1.3.0-SNAPSHOT/hdds-container-service-1.3.0-SNAPSHOT.jar:/home/runner/.m2/repository/org/apache/ozone/hdds-hadoop-dependency-server/1.3.0-SNAPSHOT/hdds-hadoop-dependency-server-1.3.0-SNAPSHOT.jar:/home/runner/.m2/repository/org/apache/hadoop/hadoop-hdfs/3.3.1/hadoop-hdfs-3.3.1.jar:/home/runner/.m2/repository/org/apache/ozone/hdds-server-framework/1.3.0-SNAPSHOT/hdds-server-framework-1.3.0-SNAPSHOT.jar:/home/runner/.m2/repository/org/apache/ozone/hdds-interface-server/1.3.0-SNAPSHOT/hdds-interface-server-1.3.0-SNAPSHOT.jar:/home/runner/.m2/repository/org/apache/logging/log4j/log4j-core/2.17.1/log4j-core-2.17.1.jar:/home/runner/.m2/repository/com/lmax/disruptor/3.4.2/disruptor-3.4.2.jar:/home/runner/.m2/repository/org/eclipse/jetty/jetty-servlet/9.4.43.v20210629/jetty-servlet-9.4.43.v20210629.jar:/home/runner/.m2/repository/org/eclipse/jetty/jetty-security/9.4.43.v20210629/jetty-security-9.4.43.v20210629.jar:/home/runner/.m2/repository/org/rocksdb/rocksdbjni/6.29.5/rocksdbjni-6.29.5.jar:/home/runner/.m2/repository/io/prometheus/simpleclient_dropwizard/0.7.0/simpleclient_dropwizard-0.7.0.jar:/home/runner/.m2/repository/io/prometheus/simpleclient/0.7.0/simpleclient-0.7.0.jar:/home/runner/.m2/repository/io/prometheus/simpleclient_common/0.7.0/simpleclient_common-0.7.0.jar:/home/runner/.m2/repository/io/dropwizard/metrics/metrics-core/3.2.4/metrics-core-3.2.4.jar:/home/runner/.m2/repository/org/apache/hadoop/hadoop-hdfs-client/3.3.1/hadoop-hdfs-client-3.3.1.jar:/home/runner/.m2/repository/org/bouncycastle/bcprov-jdk15on/1.67/bcprov-jdk15on-1.67.jar:/home/runner/.m2/repository/com/google/protobuf/protobuf-java/2.5.0/protobuf-java-2.5.0.jar:/home/runner/.m2/repository/org/apache/ozone/ozone-manager/1.3.0-SNAPSHOT/ozone-manager-1.3.0-SNAPSHOT.jar:/home/runner/.m2/repository/org/aspectj/aspectjrt/1.9.7/aspectjrt-1.9.7.jar:/home/runner/.m2/repository/org/aspectj/aspectjweaver/1.9.7/aspectjweaver-1.9.7.jar:/home/runner/.m2/repository/org/apache/ozone/hdds-interface-client/1.3.0-SNAPSHOT/hdds-interface-client-1.3.0-SNAPSHOT.jar:/home/runner/.m2/repository/org/apache/hadoop/thirdparty/hadoop-shaded-protobuf_3_7/1.1.1/hadoop-shaded-protobuf_3_7-1.1.1.jar:/home/runner/.m2/repository/org/apache/ozone/ozone-interface-storage/1.3.0-SNAPSHOT/ozone-interface-storage-1.3.0-SNAPSHOT.jar:/home/runner/.m2/repository/org/reflections/reflections/0.9.11/reflections-0.9.11.jar:/home/runner/.m2/repository/com/sun/jersey/jersey-client/1.19/jersey-client-1.19.jar:/home/runner/.m2/repository/org/apache/ranger/ranger-intg/2.3.0/ranger-intg-2.3.0.jar:/home/runner/.m2/repository/org/apache/ranger/ranger-plugins-common/2.3.0/ranger-plugins-common-2.3.0.jar:/home/runner/.m2/repository/commons-lang/commons-lang/2.6/commons-lang-2.6.jar:/home/runner/.m2/repository/org/codehaus/jackson/jackson-jaxrs/1.9.13/jackson-jaxrs-1.9.13.jar:/home/runner/.m2/repository/org/apache/ranger/ranger-plugins-cred/2.3.0/ranger-plugins-cred-2.3.0.jar:/home/runner/.m2/repository/org/apache/ranger/ranger-plugins-audit/2.3.0/ranger-plugins-audit-2.3.0.jar:/home/runner/.m2/repository/org/apache/kafka/kafka-clients/2.8.1/kafka-clients-2.8.1.jar:/home/runner/.m2/repository/com/github/luben/zstd-jni/1.4.9-1/zstd-jni-1.4.9-1.jar:/home/runner/.m2/repository/org/apache/solr/solr-solrj/8.6.3/solr-solrj-8.6.3.jar:/home/runner/.m2/repository/org/slf4j/jcl-over-slf4j/1.7.24/jcl-over-slf4j-1.7.24.jar:/home/runner/.m2/repository/org/eclipse/jetty/jetty-client/9.4.31.v20200723/jetty-client-9.4.31.v20200723.jar:/home/runner/.m2/repository/org/apache/httpcomponents/httpmime/4.5.6/httpmime-4.5.6.jar:/home/runner/.m2/repository/org/apache/httpcomponents/httpcore-nio/4.4.6/httpcore-nio-4.4.6.jar:/home/runner/.m2/repository/org/apache/httpcomponents/httpasyncclient/4.1.3/httpasyncclient-4.1.3.jar:/home/runner/.m2/repository/com/carrotsearch/hppc/0.8.0/hppc-0.8.0.jar:/home/runner/.m2/repository/org/apache/hive/hive-storage-api/2.7.2/hive-storage-api-2.7.2.jar:/home/runner/.m2/repository/org/apache/orc/orc-core/1.5.8/orc-core-1.5.8.jar:/home/runner/.m2/repository/com/amazonaws/aws-java-sdk-bundle/1.12.125/aws-java-sdk-bundle-1.12.125.jar:/home/runner/.m2/repository/net/java/dev/jna/jna/5.2.0/jna-5.2.0.jar:/home/runner/.m2/repository/net/java/dev/jna/jna-platform/5.2.0/jna-platform-5.2.0.jar:/home/runner/.m2/repository/com/kstruct/gethostname4j/0.0.2/gethostname4j-0.0.2.jar:/home/runner/.m2/repository/org/apache/ranger/ranger-plugin-classloader/2.3.0/ranger-plugin-classloader-2.3.0.jar:/home/runner/.m2/repository/org/apache/hadoop/hadoop-minikdc/3.3.1/hadoop-minikdc-3.3.1.jar:/home/runner/.m2/repository/org/apache/kerby/kerb-simplekdc/1.0.1/kerb-simplekdc-1.0.1.jar:/home/runner/.m2/repository/org/apache/kerby/kerb-client/1.0.1/kerb-client-1.0.1.jar:/home/runner/.m2/repository/org/apache/kerby/kerby-config/1.0.1/kerby-config-1.0.1.jar:/home/runner/.m2/repository/org/apache/kerby/kerb-common/1.0.1/kerb-common-1.0.1.jar:/home/runner/.m2/repository/org/apache/kerby/kerb-crypto/1.0.1/kerb-crypto-1.0.1.jar:/home/runner/.m2/repository/org/apache/kerby/kerb-util/1.0.1/kerb-util-1.0.1.jar:/home/runner/.m2/repository/org/apache/kerby/token-provider/1.0.1/token-provider-1.0.1.jar:/home/runner/.m2/repository/org/apache/kerby/kerb-admin/1.0.1/kerb-admin-1.0.1.jar:/home/runner/.m2/repository/org/apache/kerby/kerb-server/1.0.1/kerb-server-1.0.1.jar:/home/runner/.m2/repository/org/apache/kerby/kerb-identity/1.0.1/kerb-identity-1.0.1.jar:/home/runner/.m2/repository/org/apache/kerby/kerby-xdr/1.0.1/kerby-xdr-1.0.1.jar:/home/runner/.m2/repository/org/slf4j/slf4j-log4j12/1.7.30/slf4j-log4j12-1.7.30.jar:/home/runner/.m2/repository/org/apache/ozone/ozone-s3gateway/1.3.0-SNAPSHOT/ozone-s3gateway-1.3.0-SNAPSHOT.jar:/home/runner/.m2/repository/org/javassist/javassist/3.21.0-GA/javassist-3.21.0-GA.jar:/home/runner/.m2/repository/org/jboss/weld/servlet/weld-servlet/2.4.7.Final/weld-servlet-2.4.7.Final.jar:/home/runner/.m2/repository/org/glassfish/jersey/containers/jersey-container-servlet-core/2.33/jersey-container-servlet-core-2.33.jar:/home/runner/.m2/repository/org/glassfish/hk2/external/jakarta.inject/2.6.1/jakarta.inject-2.6.1.jar:/home/runner/.m2/repository/org/glassfish/jersey/core/jersey-common/2.33/jersey-common-2.33.jar:/home/runner/.m2/repository/jakarta/ws/rs/jakarta.ws.rs-api/2.1.6/jakarta.ws.rs-api-2.1.6.jar:/home/runner/.m2/repository/org/glassfish/jersey/ext/cdi/jersey-cdi1x/2.33/jersey-cdi1x-2.33.jar:/home/runner/.m2/repository/org/glassfish/jersey/inject/jersey-hk2/2.33/jersey-hk2-2.33.jar:/home/runner/.m2/repository/org/glassfish/hk2/hk2-locator/2.6.1/hk2-locator-2.6.1.jar:/home/runner/.m2/repository/org/glassfish/jersey/media/jersey-media-jaxb/2.33/jersey-media-jaxb-2.33.jar:/home/runner/.m2/repository/org/glassfish/hk2/osgi-resource-locator/1.0.3/osgi-resource-locator-1.0.3.jar:/home/runner/.m2/repository/org/glassfish/hk2/hk2-api/2.5.0/hk2-api-2.5.0.jar:/home/runner/.m2/repository/org/glassfish/hk2/hk2-utils/2.5.0/hk2-utils-2.5.0.jar:/home/runner/.m2/repository/org/glassfish/hk2/external/aopalliance-repackaged/2.5.0/aopalliance-repackaged-2.5.0.jar:/home/runner/.m2/repository/com/fasterxml/jackson/dataformat/jackson-dataformat-xml/2.13.2/jackson-dataformat-xml-2.13.2.jar:/home/runner/.m2/repository/com/fasterxml/jackson/core/jackson-core/2.13.2/jackson-core-2.13.2.jar:/home/runner/.m2/repository/org/codehaus/woodstox/stax2-api/3.1.4/stax2-api-3.1.4.jar:/home/runner/.m2/repository/com/fasterxml/woodstox/woodstox-core/5.0.3/woodstox-core-5.0.3.jar:/home/runner/.m2/repository/com/fasterxml/jackson/module/jackson-module-jaxb-annotations/2.13.2/jackson-module-jaxb-annotations-2.13.2.jar:/home/runner/.m2/repository/jakarta/xml/bind/jakarta.xml.bind-api/2.3.3/jakarta.xml.bind-api-2.3.3.jar:/home/runner/.m2/repository/jakarta/activation/jakarta.activation-api/1.2.1/jakarta.activation-api-1.2.1.jar:/home/runner/.m2/repository/javax/enterprise/cdi-api/1.2/cdi-api-1.2.jar:/home/runner/.m2/repository/javax/el/javax.el-api/3.0.0/javax.el-api-3.0.0.jar:/home/runner/.m2/repository/javax/interceptor/javax.interceptor-api/1.2/javax.interceptor-api-1.2.jar:/home/runner/.m2/repository/javax/inject/javax.inject/1/javax.inject-1.jar:/home/runner/.m2/repository/javax/xml/bind/jaxb-api/2.3.0/jaxb-api-2.3.0.jar:/home/runner/.m2/repository/org/glassfish/jaxb/jaxb-runtime/2.3.0.1/jaxb-runtime-2.3.0.1.jar:/home/runner/.m2/repository/org/glassfish/jaxb/jaxb-core/2.3.0.1/jaxb-core-2.3.0.1.jar:/home/runner/.m2/repository/org/glassfish/jaxb/txw2/2.3.0.1/txw2-2.3.0.1.jar:/home/runner/.m2/repository/com/sun/istack/istack-commons-runtime/3.0.5/istack-commons-runtime-3.0.5.jar:/home/runner/.m2/repository/org/jvnet/staxex/stax-ex/1.7.8/stax-ex-1.7.8.jar:/home/runner/.m2/repository/com/sun/xml/fastinfoset/FastInfoset/1.2.13/FastInfoset-1.2.13.jar:/home/runner/.m2/repository/javax/activation/activation/1.1.1/activation-1.1.1.jar:/home/runner/.m2/repository/io/grpc/grpc-protobuf/1.48.1/grpc-protobuf-1.48.1.jar:/home/runner/.m2/repository/io/grpc/grpc-api/1.48.1/grpc-api-1.48.1.jar:/home/runner/.m2/repository/io/grpc/grpc-context/1.48.1/grpc-context-1.48.1.jar:/home/runner/.m2/repository/com/google/api/grpc/proto-google-common-protos/2.9.0/proto-google-common-protos-2.9.0.jar:/home/runner/.m2/repository/io/grpc/grpc-protobuf-lite/1.48.1/grpc-protobuf-lite-1.48.1.jar:/home/runner/.m2/repository/io/grpc/grpc-stub/1.48.1/grpc-stub-1.48.1.jar:/home/runner/.m2/repository/io/netty/netty-transport/4.1.79.Final/netty-transport-4.1.79.Final.jar:/home/runner/.m2/repository/io/netty/netty-resolver/4.1.79.Final/netty-resolver-4.1.79.Final.jar:/home/runner/.m2/repository/org/apache/ozone/ozone-csi/1.3.0-SNAPSHOT/ozone-csi-1.3.0-SNAPSHOT.jar:/home/runner/.m2/repository/com/google/protobuf/protobuf-java-util/3.19.2/protobuf-java-util-3.19.2.jar:/home/runner/.m2/repository/com/google/code/gson/gson/2.9.0/gson-2.9.0.jar:/home/runner/.m2/repository/org/apache/ozone/hdds-config/1.3.0-SNAPSHOT/hdds-config-1.3.0-SNAPSHOT.jar:/home/runner/.m2/repository/io/netty/netty-transport-native-epoll/4.1.79.Final/netty-transport-native-epoll-4.1.79.Final-linux-x86_64.jar:/home/runner/.m2/repository/io/netty/netty-transport-classes-epoll/4.1.79.Final/netty-transport-classes-epoll-4.1.79.Final.jar:/home/runner/.m2/repository/io/netty/netty-transport-native-unix-common/4.1.79.Final/netty-transport-native-unix-common-4.1.79.Final.jar:/home/runner/.m2/repository/org/apache/ozone/ozone-recon/1.3.0-SNAPSHOT/ozone-recon-1.3.0-SNAPSHOT.jar:/home/runner/.m2/repository/org/apache/ozone/ozone-reconcodegen/1.3.0-SNAPSHOT/ozone-reconcodegen-1.3.0-SNAPSHOT.jar:/home/runner/.m2/repository/com/google/inject/extensions/guice-multibindings/4.0/guice-multibindings-4.0.jar:/home/runner/.m2/repository/com/google/inject/guice/4.0/guice-4.0.jar:/home/runner/.m2/repository/aopalliance/aopalliance/1.0/aopalliance-1.0.jar:/home/runner/.m2/repository/com/google/inject/extensions/guice-assistedinject/4.0/guice-assistedinject-4.0.jar:/home/runner/.m2/repository/com/google/inject/extensions/guice-servlet/4.0/guice-servlet-4.0.jar:/home/runner/.m2/repository/org/glassfish/jersey/containers/jersey-container-servlet/2.33/jersey-container-servlet-2.33.jar:/home/runner/.m2/repository/org/glassfish/hk2/guice-bridge/2.5.0/guice-bridge-2.5.0.jar:/home/runner/.m2/repository/org/glassfish/jersey/core/jersey-server/2.33/jersey-server-2.33.jar:/home/runner/.m2/repository/org/glassfish/jersey/core/jersey-client/2.33/jersey-client-2.33.jar:/home/runner/.m2/repository/jakarta/annotation/jakarta.annotation-api/1.3.5/jakarta.annotation-api-1.3.5.jar:/home/runner/.m2/repository/jakarta/validation/jakarta.validation-api/2.0.2/jakarta.validation-api-2.0.2.jar:/home/runner/.m2/repository/org/glassfish/jersey/media/jersey-media-json-jackson/2.33/jersey-media-json-jackson-2.33.jar:/home/runner/.m2/repository/org/glassfish/jersey/ext/jersey-entity-filtering/2.33/jersey-entity-filtering-2.33.jar:/home/runner/.m2/repository/org/jooq/jooq/3.11.10/jooq-3.11.10.jar:/home/runner/.m2/repository/org/jooq/jooq-meta/3.11.10/jooq-meta-3.11.10.jar:/home/runner/.m2/repository/org/jooq/jooq-codegen/3.11.10/jooq-codegen-3.11.10.jar:/home/runner/.m2/repository/com/jolbox/bonecp/0.8.0.RELEASE/bonecp-0.8.0.RELEASE.jar:/home/runner/.m2/repository/org/apache/derby/derby/10.14.2.0/derby-10.14.2.0.jar:/home/runner/.m2/repository/org/xerial/sqlite-jdbc/3.25.2/sqlite-jdbc-3.25.2.jar:/home/runner/.m2/repository/org/springframework/spring-jdbc/5.2.20.RELEASE/spring-jdbc-5.2.20.RELEASE.jar:/home/runner/.m2/repository/org/springframework/spring-beans/5.2.20.RELEASE/spring-beans-5.2.20.RELEASE.jar:/home/runner/.m2/repository/org/springframework/spring-core/5.2.20.RELEASE/spring-core-5.2.20.RELEASE.jar:/home/runner/.m2/repository/org/springframework/spring-jcl/5.2.20.RELEASE/spring-jcl-5.2.20.RELEASE.jar:/home/runner/.m2/repository/org/springframework/spring-tx/5.2.20.RELEASE/spring-tx-5.2.20.RELEASE.jar:/home/runner/.m2/repository/org/apache/ozone/ozone-client/1.3.0-SNAPSHOT/ozone-client-1.3.0-SNAPSHOT.jar:/home/runner/.m2/repository/org/apache/ozone/hdds-erasurecode/1.3.0-SNAPSHOT/hdds-erasurecode-1.3.0-SNAPSHOT.jar:/home/runner/.m2/repository/com/github/spotbugs/spotbugs-annotations/3.1.12/spotbugs-annotations-3.1.12.jar:/home/runner/.m2/repository/org/apache/ozone/ozone-filesystem/1.3.0-SNAPSHOT/ozone-filesystem-1.3.0-SNAPSHOT.jar:/home/runner/.m2/repository/org/apache/ozone/ozone-filesystem-common/1.3.0-SNAPSHOT/ozone-filesystem-common-1.3.0-SNAPSHOT.jar:/home/runner/.m2/repository/org/apache/ozone/ozone-tools/1.3.0-SNAPSHOT/ozone-tools-1.3.0-SNAPSHOT.jar:/home/runner/.m2/repository/org/apache/ratis/ratis-tools/2.3.0/ratis-tools-2.3.0.jar:/home/runner/.m2/repository/com/amazonaws/aws-java-sdk-core/1.12.261/aws-java-sdk-core-1.12.261.jar:/home/runner/.m2/repository/org/apache/httpcomponents/httpclient/4.5.13/httpclient-4.5.13.jar:/home/runner/.m2/repository/org/apache/httpcomponents/httpcore/4.4.13/httpcore-4.4.13.jar:/home/runner/.m2/repository/software/amazon/ion/ion-java/1.0.2/ion-java-1.0.2.jar:/home/runner/.m2/repository/com/fasterxml/jackson/dataformat/jackson-dataformat-cbor/2.13.2/jackson-dataformat-cbor-2.13.2.jar:/home/runner/.m2/repository/joda-time/joda-time/2.8.1/joda-time-2.8.1.jar:/home/runner/.m2/repository/com/amazonaws/aws-java-sdk-s3/1.12.261/aws-java-sdk-s3-1.12.261.jar:/home/runner/.m2/repository/com/amazonaws/aws-java-sdk-kms/1.12.261/aws-java-sdk-kms-1.12.261.jar:/home/runner/.m2/repository/com/amazonaws/jmespath-java/1.12.261/jmespath-java-1.12.261.jar:/home/runner/.m2/repository/org/kohsuke/metainf-services/metainf-services/1.8/metainf-services-1.8.jar:/home/runner/.m2/repository/org/apache/ozone/hdds-tools/1.3.0-SNAPSHOT/hdds-tools-1.3.0-SNAPSHOT.jar:/home/runner/.m2/repository/commons-cli/commons-cli/1.2/commons-cli-1.2.jar:/home/runner/.m2/repository/org/apache/commons/commons-lang3/3.7/commons-lang3-3.7.jar:/home/runner/.m2/repository/org/apache/ozone/ozone-manager/1.3.0-SNAPSHOT/ozone-manager-1.3.0-SNAPSHOT-tests.jar:/home/runner/.m2/repository/org/apache/ozone/hdds-common/1.3.0-SNAPSHOT/hdds-common-1.3.0-SNAPSHOT-tests.jar:/home/runner/.m2/repository/org/apache/ozone/hdds-hadoop-dependency-client/1.3.0-SNAPSHOT/hdds-hadoop-dependency-client-1.3.0-SNAPSHOT.jar:/home/runner/.m2/repository/info/picocli/picocli/4.6.1/picocli-4.6.1.jar:/home/runner/.m2/repository/com/fasterxml/jackson/core/jackson-annotations/2.13.2/jackson-annotations-2.13.2.jar:/home/runner/.m2/repository/com/fasterxml/jackson/datatype/jackson-datatype-jsr310/2.13.2/jackson-datatype-jsr310-2.13.2.jar:/home/runner/.m2/repository/javax/annotation/javax.annotation-api/1.2/javax.annotation-api-1.2.jar:/home/runner/.m2/repository/org/apache/ratis/ratis-server/2.3.0/ratis-server-2.3.0.jar:/home/runner/.m2/repository/org/apache/ratis/ratis-client/2.3.0/ratis-client-2.3.0.jar:/home/runner/.m2/repository/org/apache/ratis/ratis-server-api/2.3.0/ratis-server-api-2.3.0.jar:/home/runner/.m2/repository/org/apache/ratis/ratis-metrics/2.3.0/ratis-metrics-2.3.0.jar:/home/runner/.m2/repository/org/apache/ratis/ratis-netty/2.3.0/ratis-netty-2.3.0.jar:/home/runner/.m2/repository/org/apache/ratis/ratis-grpc/2.3.0/ratis-grpc-2.3.0.jar:/home/runner/.m2/repository/org/apache/logging/log4j/log4j-api/2.17.1/log4j-api-2.17.1.jar:/home/runner/.m2/repository/org/apache/commons/commons-pool2/2.6.0/commons-pool2-2.6.0.jar:/home/runner/.m2/repository/org/bouncycastle/bcpkix-jdk15on/1.67/bcpkix-jdk15on-1.67.jar:/home/runner/.m2/repository/commons-validator/commons-validator/1.6/commons-validator-1.6.jar:/home/runner/.m2/repository/commons-beanutils/commons-beanutils/1.9.4/commons-beanutils-1.9.4.jar:/home/runner/.m2/repository/commons-digester/commons-digester/1.8.1/commons-digester-1.8.1.jar:/home/runner/.m2/repository/commons-collections/commons-collections/3.2.2/commons-collections-3.2.2.jar:/home/runner/.m2/repository/io/jaegertracing/jaeger-client/1.6.0/jaeger-client-1.6.0.jar:/home/runner/.m2/repository/io/jaegertracing/jaeger-thrift/1.6.0/jaeger-thrift-1.6.0.jar:/home/runner/.m2/repository/org/apache/thrift/libthrift/0.14.1/libthrift-0.14.1.jar:/home/runner/.m2/repository/com/squareup/okhttp3/okhttp/4.9.0/okhttp-4.9.0.jar:/home/runner/.m2/repository/com/squareup/okio/okio/2.8.0/okio-2.8.0.jar:/home/runner/.m2/repository/io/jaegertracing/jaeger-core/1.6.0/jaeger-core-1.6.0.jar:/home/runner/.m2/repository/io/jaegertracing/jaeger-tracerresolver/1.6.0/jaeger-tracerresolver-1.6.0.jar:/home/runner/.m2/repository/io/opentracing/contrib/opentracing-tracerresolver/0.1.8/opentracing-tracerresolver-0.1.8.jar:/home/runner/.m2/repository/org/jetbrains/kotlin/kotlin-stdlib/1.6.21/kotlin-stdlib-1.6.21.jar:/home/runner/.m2/repository/org/jetbrains/kotlin/kotlin-stdlib-common/1.6.21/kotlin-stdlib-common-1.6.21.jar:/home/runner/.m2/repository/org/jetbrains/annotations/13.0/annotations-13.0.jar:/home/runner/.m2/repository/io/opentracing/opentracing-util/0.33.0/opentracing-util-0.33.0.jar:/home/runner/.m2/repository/io/opentracing/opentracing-api/0.33.0/opentracing-api-0.33.0.jar:/home/runner/.m2/repository/io/opentracing/opentracing-noop/0.33.0/opentracing-noop-0.33.0.jar:/home/runner/.m2/repository/org/yaml/snakeyaml/1.26/snakeyaml-1.26.jar:/home/runner/.m2/repository/org/apache/ozone/hdds-interface-admin/1.3.0-SNAPSHOT/hdds-interface-admin-1.3.0-SNAPSHOT.jar:/home/runner/.m2/repository/junit/junit/4.13.1/junit-4.13.1.jar:/home/runner/.m2/repository/org/hamcrest/hamcrest-core/1.3/hamcrest-core-1.3.jar:/home/runner/.m2/repository/org/junit/jupiter/junit-jupiter-api/5.8.2/junit-jupiter-api-5.8.2.jar:/home/runner/.m2/repository/org/opentest4j/opentest4j/1.2.0/opentest4j-1.2.0.jar:/home/runner/.m2/repository/org/junit/platform/junit-platform-commons/1.8.2/junit-platform-commons-1.8.2.jar:/home/runner/.m2/repository/org/apiguardian/apiguardian-api/1.1.2/apiguardian-api-1.1.2.jar:/home/runner/.m2/repository/org/junit/jupiter/junit-jupiter-params/5.8.2/junit-jupiter-params-5.8.2.jar:/home/runner/.m2/repository/org/junit/jupiter/junit-jupiter-migrationsupport/5.8.2/junit-jupiter-migrationsupport-5.8.2.jar:/home/runner/.m2/repository/org/junit/jupiter/junit-jupiter-engine/5.8.2/junit-jupiter-engine-5.8.2.jar:/home/runner/.m2/repository/org/junit/platform/junit-platform-engine/1.8.2/junit-platform-engine-1.8.2.jar:/home/runner/.m2/repository/org/junit/vintage/junit-vintage-engine/5.8.2/junit-vintage-engine-5.8.2.jar:/home/runner/.m2/repository/org/junit/platform/junit-platform-launcher/1.8.2/junit-platform-launcher-1.8.2.jar:/home/runner/.m2/repository/org/mockito/mockito-core/2.28.2/mockito-core-2.28.2.jar:/home/runner/.m2/repository/net/bytebuddy/byte-buddy/1.9.10/byte-buddy-1.9.10.jar:/home/runner/.m2/repository/net/bytebuddy/byte-buddy-agent/1.9.10/byte-buddy-agent-1.9.10.jar:/home/runner/.m2/repository/org/objenesis/objenesis/1.0/objenesis-1.0.jar:/home/runner/.m2/repository/org/apache/hadoop/hadoop-kms/3.3.1/hadoop-kms-3.3.1.jar:/home/runner/.m2/repository/org/apache/hadoop/hadoop-auth/3.3.1/hadoop-auth-3.3.1.jar:/home/runner/.m2/repository/com/nimbusds/nimbus-jose-jwt/7.9/nimbus-jose-jwt-7.9.jar:/home/runner/.m2/repository/com/github/stephenc/jcip/jcip-annotations/1.0-1/jcip-annotations-1.0-1.jar:/home/runner/.m2/repository/net/minidev/json-smart/2.4.7/json-smart-2.4.7.jar:/home/runner/.m2/repository/net/minidev/accessors-smart/2.4.7/accessors-smart-2.4.7.jar:/home/runner/.m2/repository/org/ow2/asm/asm/5.0.4/asm-5.0.4.jar:/home/runner/.m2/repository/org/apache/zookeeper/zookeeper/3.5.6/zookeeper-3.5.6.jar:/home/runner/.m2/repository/org/apache/zookeeper/zookeeper-jute/3.5.6/zookeeper-jute-3.5.6.jar:/home/runner/.m2/repository/org/apache/yetus/audience-annotations/0.5.0/audience-annotations-0.5.0.jar:/home/runner/.m2/repository/org/apache/curator/curator-framework/4.2.0/curator-framework-4.2.0.jar:/home/runner/.m2/repository/org/apache/hadoop/thirdparty/hadoop-shaded-guava/1.1.1/hadoop-shaded-guava-1.1.1.jar:/home/runner/.m2/repository/com/sun/jersey/jersey-core/1.19/jersey-core-1.19.jar:/home/runner/.m2/repository/javax/ws/rs/jsr311-api/1.1.1/jsr311-api-1.1.1.jar:/home/runner/.m2/repository/com/sun/jersey/jersey-server/1.19/jersey-server-1.19.jar:/home/runner/.m2/repository/javax/servlet/javax.servlet-api/3.1.0/javax.servlet-api-3.1.0.jar:/home/runner/.m2/repository/org/eclipse/jetty/jetty-server/9.4.43.v20210629/jetty-server-9.4.43.v20210629.jar:/home/runner/.m2/repository/org/eclipse/jetty/jetty-http/9.4.43.v20210629/jetty-http-9.4.43.v20210629.jar:/home/runner/.m2/repository/org/eclipse/jetty/jetty-io/9.4.43.v20210629/jetty-io-9.4.43.v20210629.jar:/home/runner/.m2/repository/org/eclipse/jetty/jetty-webapp/9.4.43.v20210629/jetty-webapp-9.4.43.v20210629.jar:/home/runner/.m2/repository/org/eclipse/jetty/jetty-xml/9.4.43.v20210629/jetty-xml-9.4.43.v20210629.jar:/home/runner/.m2/repository/org/apache/hadoop/hadoop-common/3.3.1/hadoop-common-3.3.1.jar:/home/runner/.m2/repository/org/apache/commons/commons-math3/3.1.1/commons-math3-3.1.1.jar:/home/runner/.m2/repository/commons-net/commons-net/3.6/commons-net-3.6.jar:/home/runner/.m2/repository/com/sun/jersey/jersey-servlet/1.19/jersey-servlet-1.19.jar:/home/runner/.m2/repository/com/sun/jersey/jersey-json/1.19/jersey-json-1.19.jar:/home/runner/.m2/repository/org/codehaus/jettison/jettison/1.1/jettison-1.1.jar:/home/runner/.m2/repository/com/sun/xml/bind/jaxb-impl/2.2.3-1/jaxb-impl-2.2.3-1.jar:/home/runner/.m2/repository/org/codehaus/jackson/jackson-xc/1.9.2/jackson-xc-1.9.2.jar:/home/runner/.m2/repository/org/apache/commons/commons-configuration2/2.1.1/commons-configuration2-2.1.1.jar:/home/runner/.m2/repository/org/apache/commons/commons-text/1.4/commons-text-1.4.jar:/home/runner/.m2/repository/com/google/re2j/re2j/1.1/re2j-1.1.jar:/home/runner/.m2/repository/com/jcraft/jsch/0.1.54/jsch-0.1.54.jar:/home/runner/.m2/repository/org/apache/curator/curator-client/4.2.0/curator-client-4.2.0.jar:/home/runner/.m2/repository/org/apache/curator/curator-recipes/4.2.0/curator-recipes-4.2.0.jar:/home/runner/.m2/repository/org/apache/kerby/kerb-core/1.0.1/kerb-core-1.0.1.jar:/home/runner/.m2/repository/org/apache/kerby/kerby-pkix/1.0.1/kerby-pkix-1.0.1.jar:/home/runner/.m2/repository/org/apache/kerby/kerby-asn1/1.0.1/kerby-asn1-1.0.1.jar:/home/runner/.m2/repository/org/apache/kerby/kerby-util/1.0.1/kerby-util-1.0.1.jar:/home/runner/.m2/repository/dnsjava/dnsjava/2.1.7/dnsjava-2.1.7.jar:/home/runner/.m2/repository/org/xerial/snappy/snappy-java/1.1.8.2/snappy-java-1.1.8.2.jar:/home/runner/.m2/repository/org/slf4j/jul-to-slf4j/1.7.30/jul-to-slf4j-1.7.30.jar:/home/runner/.m2/repository/org/eclipse/jetty/jetty-util/9.4.43.v20210629/jetty-util-9.4.43.v20210629.jar:/home/runner/.m2/repository/com/fasterxml/jackson/core/jackson-databind/2.13.2.2/jackson-databind-2.13.2.2.jar:/home/runner/.m2/repository/org/apache/hadoop/hadoop-kms/3.3.1/hadoop-kms-3.3.1-tests.jar:/home/runner/.m2/repository/org/apache/ozone/hdds-server-scm/1.3.0-SNAPSHOT/hdds-server-scm-1.3.0-SNAPSHOT-tests.jar:/home/runner/.m2/repository/org/apache/ozone/hdds-container-service/1.3.0-SNAPSHOT/hdds-container-service-1.3.0-SNAPSHOT-tests.jar:/home/runner/.m2/repository/commons-codec/commons-codec/1.11/commons-codec-1.11.jar:/home/runner/.m2/repository/io/netty/netty-codec/4.1.79.Final/netty-codec-4.1.79.Final.jar:/home/runner/.m2/repository/io/netty/netty-handler/4.1.79.Final/netty-handler-4.1.79.Final.jar:/home/runner/.m2/repository/org/apache/ozone/hdds-hadoop-dependency-test/1.3.0-SNAPSHOT/hdds-hadoop-dependency-test-1.3.0-SNAPSHOT.jar:/home/runner/.m2/repository/org/apache/hadoop/hadoop-common/3.3.1/hadoop-common-3.3.1-tests.jar:/home/runner/.m2/repository/org/assertj/assertj-core/3.12.2/assertj-core-3.12.2.jar:/home/runner/.m2/repository/org/apache/hadoop/hadoop-hdfs/3.3.1/hadoop-hdfs-3.3.1-tests.jar:/home/runner/.m2/repository/org/eclipse/jetty/jetty-util-ajax/9.4.43.v20210629/jetty-util-ajax-9.4.43.v20210629.jar:/home/runner/.m2/repository/commons-daemon/commons-daemon/1.0.13/commons-daemon-1.0.13.jar:/home/runner/.m2/repository/io/netty/netty/3.10.6.Final/netty-3.10.6.Final.jar:/home/runner/.m2/repository/io/netty/netty-all/4.1.79.Final/netty-all-4.1.79.Final.jar:/home/runner/.m2/repository/io/netty/netty-codec-dns/4.1.79.Final/netty-codec-dns-4.1.79.Final.jar:/home/runner/.m2/repository/io/netty/netty-codec-haproxy/4.1.79.Final/netty-codec-haproxy-4.1.79.Final.jar:/home/runner/.m2/repository/io/netty/netty-codec-memcache/4.1.79.Final/netty-codec-memcache-4.1.79.Final.jar:/home/runner/.m2/repository/io/netty/netty-codec-mqtt/4.1.79.Final/netty-codec-mqtt-4.1.79.Final.jar:/home/runner/.m2/repository/io/netty/netty-codec-redis/4.1.79.Final/netty-codec-redis-4.1.79.Final.jar:/home/runner/.m2/repository/io/netty/netty-codec-smtp/4.1.79.Final/netty-codec-smtp-4.1.79.Final.jar:/home/runner/.m2/repository/io/netty/netty-codec-stomp/4.1.79.Final/netty-codec-stomp-4.1.79.Final.jar:/home/runner/.m2/repository/io/netty/netty-codec-xml/4.1.79.Final/netty-codec-xml-4.1.79.Final.jar:/home/runner/.m2/repository/io/netty/netty-resolver-dns/4.1.79.Final/netty-resolver-dns-4.1.79.Final.jar:/home/runner/.m2/repository/io/netty/netty-transport-rxtx/4.1.79.Final/netty-transport-rxtx-4.1.79.Final.jar:/home/runner/.m2/repository/io/netty/netty-transport-sctp/4.1.79.Final/netty-transport-sctp-4.1.79.Final.jar:/home/runner/.m2/repository/io/netty/netty-transport-udt/4.1.79.Final/netty-transport-udt-4.1.79.Final.jar:/home/runner/.m2/repository/io/netty/netty-transport-classes-kqueue/4.1.79.Final/netty-transport-classes-kqueue-4.1.79.Final.jar:/home/runner/.m2/repository/io/netty/netty-resolver-dns-classes-macos/4.1.79.Final/netty-resolver-dns-classes-macos-4.1.79.Final.jar:/home/runner/.m2/repository/io/netty/netty-transport-native-epoll/4.1.79.Final/netty-transport-native-epoll-4.1.79.Final-linux-aarch_64.jar:/home/runner/.m2/repository/io/netty/netty-transport-native-kqueue/4.1.79.Final/netty-transport-native-kqueue-4.1.79.Final-osx-x86_64.jar:/home/runner/.m2/repository/io/netty/netty-transport-native-kqueue/4.1.79.Final/netty-transport-native-kqueue-4.1.79.Final-osx-aarch_64.jar:/home/runner/.m2/repository/io/netty/netty-resolver-dns-native-macos/4.1.79.Final/netty-resolver-dns-native-macos-4.1.79.Final-osx-x86_64.jar:/home/runner/.m2/repository/io/netty/netty-resolver-dns-native-macos/4.1.79.Final/netty-resolver-dns-native-macos-4.1.79.Final-osx-aarch_64.jar:/home/runner/.m2/repository/org/apache/htrace/htrace-core4/4.1.0-incubating/htrace-core4-4.1.0-incubating.jar:/home/runner/.m2/repository/org/fusesource/leveldbjni/leveldbjni-all/1.8/leveldbjni-all-1.8.jar:/home/runner/.m2/repository/org/apache/hadoop/hadoop-distcp/3.3.1/hadoop-distcp-3.3.1.jar:/home/runner/.m2/repository/org/apache/hadoop/hadoop-mapreduce-client-jobclient/3.3.1/hadoop-mapreduce-client-jobclient-3.3.1.jar:/home/runner/.m2/repository/org/apache/hadoop/hadoop-mapreduce-client-common/3.3.1/hadoop-mapreduce-client-common-3.3.1.jar:/home/runner/.m2/repository/org/apache/hadoop/hadoop-yarn-common/3.3.1/hadoop-yarn-common-3.3.1.jar:/home/runner/.m2/repository/org/apache/hadoop/hadoop-yarn-api/3.3.1/hadoop-yarn-api-3.3.1.jar:/home/runner/.m2/repository/com/sun/jersey/contribs/jersey-guice/1.19/jersey-guice-1.19.jar:/home/runner/.m2/repository/com/fasterxml/jackson/jaxrs/jackson-jaxrs-json-provider/2.13.2/jackson-jaxrs-json-provider-2.13.2.jar:/home/runner/.m2/repository/com/fasterxml/jackson/jaxrs/jackson-jaxrs-base/2.13.2/jackson-jaxrs-base-2.13.2.jar:/home/runner/.m2/repository/org/apache/hadoop/hadoop-yarn-client/3.3.1/hadoop-yarn-client-3.3.1.jar:/home/runner/.m2/repository/org/eclipse/jetty/websocket/websocket-client/9.4.40.v20210413/websocket-client-9.4.40.v20210413.jar:/home/runner/.m2/repository/org/eclipse/jetty/websocket/websocket-common/9.4.40.v20210413/websocket-common-9.4.40.v20210413.jar:/home/runner/.m2/repository/org/eclipse/jetty/websocket/websocket-api/9.4.40.v20210413/websocket-api-9.4.40.v20210413.jar:/home/runner/.m2/repository/org/jline/jline/3.9.0/jline-3.9.0.jar:/home/runner/.m2/repository/org/apache/hadoop/hadoop-mapreduce-client-core/3.3.1/hadoop-mapreduce-client-core-3.3.1.jar:/home/runner/.m2/repository/org/apache/avro/avro/1.7.7/avro-1.7.7.jar:/home/runner/.m2/repository/org/codehaus/jackson/jackson-core-asl/1.9.13/jackson-core-asl-1.9.13.jar:/home/runner/.m2/repository/org/codehaus/jackson/jackson-mapper-asl/1.9.13/jackson-mapper-asl-1.9.13.jar:/home/runner/.m2/repository/com/thoughtworks/paranamer/paranamer/2.3/paranamer-2.3.jar:/home/runner/.m2/repository/org/apache/hadoop/hadoop-annotations/3.3.1/hadoop-annotations-3.3.1.jar:/usr/lib/jvm/temurin-8-jdk-amd64/jre/../lib/tools.jar:/home/runner/.m2/repository/org/apache/hadoop/hadoop-distcp/3.3.1/hadoop-distcp-3.3.1-tests.jar:/home/runner/.m2/repository/org/apache/ratis/ratis-common/2.3.0/ratis-common-2.3.0.jar:/home/runner/.m2/repository/org/apache/ratis/ratis-thirdparty-misc/1.0.0/ratis-thirdparty-misc-1.0.0.jar:/home/runner/.m2/repository/org/apache/ratis/ratis-proto/2.3.0/ratis-proto-2.3.0.jar:/home/runner/.m2/repository/org/apache/ozone/ozone-annotation-processing/1.3.0-SNAPSHOT/ozone-annotation-processing-1.3.0-SNAPSHOT.jar:"/>
    <property name="sun.cpu.endian" value="little"/>
    <property name="user.home" value="/home/runner"/>
    <property name="user.language" value="en"/>
    <property name="java.specification.vendor" value="Oracle Corporation"/>
    <property name="java.home" value="/usr/lib/jvm/temurin-8-jdk-amd64/jre"/>
    <property name="java.security.krb5.conf" value="/home/runner/work/ozone/ozone/hadoop-ozone/integration-test/target/test-classes/krb5.conf"/>
    <property name="basedir" value="/home/runner/work/ozone/ozone/hadoop-ozone/integration-test"/>
    <property name="file.separator" value="/"/>
    <property name="line.separator" value="&#10;"/>
    <property name="java.vm.specification.vendor" value="Oracle Corporation"/>
    <property name="java.specification.name" value="Java Platform API Specification"/>
    <property name="java.awt.graphicsenv" value="sun.awt.X11GraphicsEnvironment"/>
    <property name="skip.installnpx" value="true"/>
    <property name="surefire.fork.timeout" value="3600"/>
    <property name="surefire.real.class.path" value="/home/runner/work/ozone/ozone/hadoop-ozone/integration-test/target/surefire/surefirebooter6367374969105118421.jar:/home/runner/.m2/repository/org/jacoco/org.jacoco.agent/0.8.5/org.jacoco.agent-0.8.5-runtime.jar"/>
    <property name="hadoop.log.dir" value="/home/runner/work/ozone/ozone/hadoop-ozone/integration-test/target/log"/>
    <property name="sun.boot.class.path" value="/usr/lib/jvm/temurin-8-jdk-amd64/jre/lib/resources.jar:/usr/lib/jvm/temurin-8-jdk-amd64/jre/lib/rt.jar:/usr/lib/jvm/temurin-8-jdk-amd64/jre/lib/sunrsasign.jar:/usr/lib/jvm/temurin-8-jdk-amd64/jre/lib/jsse.jar:/usr/lib/jvm/temurin-8-jdk-amd64/jre/lib/jce.jar:/usr/lib/jvm/temurin-8-jdk-amd64/jre/lib/charsets.jar:/usr/lib/jvm/temurin-8-jdk-amd64/jre/lib/jfr.jar:/usr/lib/jvm/temurin-8-jdk-amd64/jre/classes"/>
    <property name="sun.management.compiler" value="HotSpot 64-Bit Tiered Compilers"/>
    <property name="skip.npx" value="true"/>
    <property name="java.runtime.version" value="1.8.0_332-b09"/>
    <property name="java.net.preferIPv4Stack" value="true"/>
    <property name="user.name" value="runner"/>
    <property name="path.separator" value=":"/>
    <property name="java.security.egd" value="file:///dev/urandom"/>
    <property name="os.version" value="5.4.0-1086-azure"/>
    <property name="java.endorsed.dirs" value="/usr/lib/jvm/temurin-8-jdk-amd64/jre/lib/endorsed"/>
    <property name="java.runtime.name" value="OpenJDK Runtime Environment"/>
    <property name="file.encoding" value="UTF-8"/>
    <property name="java.vm.name" value="OpenJDK 64-Bit Server VM"/>
    <property name="test.build.webapps" value=""/>
    <property name="localRepository" value="/home/runner/.m2/repository"/>
    <property name="jetty.git.hash" value="526006ecfa3af7f1a27ef3a288e2bef7ea9dd7e8"/>
    <property name="java.vendor.url.bug" value="https://github.com/adoptium/adoptium-support/issues"/>
    <property name="java.io.tmpdir" value="/tmp"/>
    <property name="require.test.libhadoop" value=""/>
    <property name="surefire.rerunFailingTestsCount" value="5"/>
    <property name="java.version" value="1.8.0_332"/>
    <property name="user.dir" value="/home/runner/work/ozone/ozone/hadoop-ozone/integration-test"/>
    <property name="os.arch" value="amd64"/>
    <property name="java.vm.specification.name" value="Java Virtual Machine Specification"/>
    <property name="test.build.classes" value="/home/runner/work/ozone/ozone/hadoop-ozone/integration-test/target/test-classes"/>
    <property name="java.awt.printerjob" value="sun.print.PSPrinterJob"/>
    <property name="sun.os.patch.level" value="unknown"/>
    <property name="hadoop.tmp.dir" value="/home/runner/work/ozone/ozone/hadoop-ozone/integration-test/target/tmp"/>
    <property name="java.library.path" value="/usr/java/packages/lib/amd64:/usr/lib64:/lib64:/lib:/usr/lib"/>
    <property name="java.vm.info" value="mixed mode"/>
    <property name="java.vendor" value="Temurin"/>
    <property name="java.vm.version" value="25.332-b09"/>
    <property name="java.ext.dirs" value="/usr/lib/jvm/temurin-8-jdk-amd64/jre/lib/ext:/usr/java/packages/lib/ext"/>
    <property name="sun.io.unicode.encoding" value="UnicodeLittle"/>
    <property name="java.class.version" value="52.0"/>
  </properties>
  <testcase name="testPrepareWithMultipleThreads" classname="org.apache.hadoop.ozone.om.TestOzoneManagerPrepare" time="10.56">
    <flakyError type="java.util.concurrent.TimeoutException">
      <stackTrace><![CDATA[java.util.concurrent.TimeoutException: timeout: after 120000 millis
	at org.apache.ozone.test.LambdaTestUtils$GenerateTimeout.evaluate(LambdaTestUtils.java:677)
	at org.apache.ozone.test.LambdaTestUtils.await(LambdaTestUtils.java:154)
	at org.apache.ozone.test.LambdaTestUtils.await(LambdaTestUtils.java:192)
	at org.apache.hadoop.ozone.om.TestOzoneManagerPrepare.assertRatisLogsCleared(TestOzoneManagerPrepare.java:520)
	at org.apache.hadoop.ozone.om.TestOzoneManagerPrepare.assertRatisLogsCleared(TestOzoneManagerPrepare.java:514)
	at org.apache.hadoop.ozone.om.TestOzoneManagerPrepare.testPrepareWithMultipleThreads(TestOzoneManagerPrepare.java:273)
	at sun.reflect.NativeMethodAccessorImpl.invoke0(Native Method)
	at sun.reflect.NativeMethodAccessorImpl.invoke(NativeMethodAccessorImpl.java:62)
	at sun.reflect.DelegatingMethodAccessorImpl.invoke(DelegatingMethodAccessorImpl.java:43)
	at java.lang.reflect.Method.invoke(Method.java:498)
	at org.junit.platform.commons.util.ReflectionUtils.invokeMethod(ReflectionUtils.java:725)
	at org.junit.jupiter.engine.execution.MethodInvocation.proceed(MethodInvocation.java:60)
	at org.junit.jupiter.engine.execution.InvocationInterceptorChain$ValidatingInvocation.proceed(InvocationInterceptorChain.java:131)
	at org.junit.jupiter.engine.extension.TimeoutInvocation.proceed(TimeoutInvocation.java:46)
	at org.junit.jupiter.engine.extension.TimeoutExtension.intercept(TimeoutExtension.java:149)
	at org.junit.jupiter.engine.extension.TimeoutExtension.interceptTestableMethod(TimeoutExtension.java:140)
	at org.junit.jupiter.engine.extension.TimeoutExtension.interceptTestMethod(TimeoutExtension.java:84)
	at org.junit.jupiter.engine.execution.ExecutableInvoker$ReflectiveInterceptorCall.lambda$ofVoidMethod$0(ExecutableInvoker.java:115)
	at org.junit.jupiter.engine.execution.ExecutableInvoker.lambda$invoke$0(ExecutableInvoker.java:105)
	at org.junit.jupiter.engine.execution.InvocationInterceptorChain$InterceptedInvocation.proceed(InvocationInterceptorChain.java:106)
	at org.junit.jupiter.engine.execution.InvocationInterceptorChain.proceed(InvocationInterceptorChain.java:64)
	at org.junit.jupiter.engine.execution.InvocationInterceptorChain.chainAndInvoke(InvocationInterceptorChain.java:45)
	at org.junit.jupiter.engine.execution.InvocationInterceptorChain.invoke(InvocationInterceptorChain.java:37)
	at org.junit.jupiter.engine.execution.ExecutableInvoker.invoke(ExecutableInvoker.java:104)
	at org.junit.jupiter.engine.execution.ExecutableInvoker.invoke(ExecutableInvoker.java:98)
	at org.junit.jupiter.engine.descriptor.TestMethodTestDescriptor.lambda$invokeTestMethod$7(TestMethodTestDescriptor.java:214)
	at org.junit.platform.engine.support.hierarchical.ThrowableCollector.execute(ThrowableCollector.java:73)
	at org.junit.jupiter.engine.descriptor.TestMethodTestDescriptor.invokeTestMethod(TestMethodTestDescriptor.java:210)
	at org.junit.jupiter.engine.descriptor.TestMethodTestDescriptor.execute(TestMethodTestDescriptor.java:135)
	at org.junit.jupiter.engine.descriptor.TestMethodTestDescriptor.execute(TestMethodTestDescriptor.java:66)
	at org.junit.platform.engine.support.hierarchical.NodeTestTask.lambda$executeRecursively$6(NodeTestTask.java:151)
	at org.junit.platform.engine.support.hierarchical.ThrowableCollector.execute(ThrowableCollector.java:73)
	at org.junit.platform.engine.support.hierarchical.NodeTestTask.lambda$executeRecursively$8(NodeTestTask.java:141)
	at org.junit.platform.engine.support.hierarchical.Node.around(Node.java:137)
	at org.junit.platform.engine.support.hierarchical.NodeTestTask.lambda$executeRecursively$9(NodeTestTask.java:139)
	at org.junit.platform.engine.support.hierarchical.ThrowableCollector.execute(ThrowableCollector.java:73)
	at org.junit.platform.engine.support.hierarchical.NodeTestTask.executeRecursively(NodeTestTask.java:138)
	at org.junit.platform.engine.support.hierarchical.NodeTestTask.execute(NodeTestTask.java:95)
	at java.util.ArrayList.forEach(ArrayList.java:1259)
	at org.junit.platform.engine.support.hierarchical.SameThreadHierarchicalTestExecutorService.invokeAll(SameThreadHierarchicalTestExecutorService.java:41)
	at org.junit.platform.engine.support.hierarchical.NodeTestTask.lambda$executeRecursively$6(NodeTestTask.java:155)
	at org.junit.platform.engine.support.hierarchical.ThrowableCollector.execute(ThrowableCollector.java:73)
	at org.junit.platform.engine.support.hierarchical.NodeTestTask.lambda$executeRecursively$8(NodeTestTask.java:141)
	at org.junit.platform.engine.support.hierarchical.Node.around(Node.java:137)
	at org.junit.platform.engine.support.hierarchical.NodeTestTask.lambda$executeRecursively$9(NodeTestTask.java:139)
	at org.junit.platform.engine.support.hierarchical.ThrowableCollector.execute(ThrowableCollector.java:73)
	at org.junit.platform.engine.support.hierarchical.NodeTestTask.executeRecursively(NodeTestTask.java:138)
	at org.junit.platform.engine.support.hierarchical.NodeTestTask.execute(NodeTestTask.java:95)
	at java.util.ArrayList.forEach(ArrayList.java:1259)
	at org.junit.platform.engine.support.hierarchical.SameThreadHierarchicalTestExecutorService.invokeAll(SameThreadHierarchicalTestExecutorService.java:41)
	at org.junit.platform.engine.support.hierarchical.NodeTestTask.lambda$executeRecursively$6(NodeTestTask.java:155)
	at org.junit.platform.engine.support.hierarchical.ThrowableCollector.execute(ThrowableCollector.java:73)
	at org.junit.platform.engine.support.hierarchical.NodeTestTask.lambda$executeRecursively$8(NodeTestTask.java:141)
	at org.junit.platform.engine.support.hierarchical.Node.around(Node.java:137)
	at org.junit.platform.engine.support.hierarchical.NodeTestTask.lambda$executeRecursively$9(NodeTestTask.java:139)
	at org.junit.platform.engine.support.hierarchical.ThrowableCollector.execute(ThrowableCollector.java:73)
	at org.junit.platform.engine.support.hierarchical.NodeTestTask.executeRecursively(NodeTestTask.java:138)
	at org.junit.platform.engine.support.hierarchical.NodeTestTask.execute(NodeTestTask.java:95)
	at org.junit.platform.engine.support.hierarchical.SameThreadHierarchicalTestExecutorService.submit(SameThreadHierarchicalTestExecutorService.java:35)
	at org.junit.platform.engine.support.hierarchical.HierarchicalTestExecutor.execute(HierarchicalTestExecutor.java:57)
	at org.junit.platform.engine.support.hierarchical.HierarchicalTestEngine.execute(HierarchicalTestEngine.java:54)
	at org.junit.platform.launcher.core.EngineExecutionOrchestrator.execute(EngineExecutionOrchestrator.java:107)
	at org.junit.platform.launcher.core.EngineExecutionOrchestrator.execute(EngineExecutionOrchestrator.java:88)
	at org.junit.platform.launcher.core.EngineExecutionOrchestrator.lambda$execute$0(EngineExecutionOrchestrator.java:54)
	at org.junit.platform.launcher.core.EngineExecutionOrchestrator.withInterceptedStreams(EngineExecutionOrchestrator.java:67)
	at org.junit.platform.launcher.core.EngineExecutionOrchestrator.execute(EngineExecutionOrchestrator.java:52)
	at org.junit.platform.launcher.core.DefaultLauncher.execute(DefaultLauncher.java:114)
	at org.junit.platform.launcher.core.DefaultLauncher.execute(DefaultLauncher.java:86)
	at org.junit.platform.launcher.core.DefaultLauncherSession$DelegatingLauncher.execute(DefaultLauncherSession.java:86)
	at org.junit.platform.launcher.core.SessionPerRequestLauncher.execute(SessionPerRequestLauncher.java:53)
	at org.apache.maven.surefire.junitplatform.JUnitPlatformProvider.execute(JUnitPlatformProvider.java:188)
	at org.apache.maven.surefire.junitplatform.JUnitPlatformProvider.invokeAllTests(JUnitPlatformProvider.java:154)
	at org.apache.maven.surefire.junitplatform.JUnitPlatformProvider.invoke(JUnitPlatformProvider.java:124)
	at org.apache.maven.surefire.booter.ForkedBooter.runSuitesInProcess(ForkedBooter.java:428)
	at org.apache.maven.surefire.booter.ForkedBooter.execute(ForkedBooter.java:162)
	at org.apache.maven.surefire.booter.ForkedBooter.run(ForkedBooter.java:562)
	at org.apache.maven.surefire.booter.ForkedBooter.main(ForkedBooter.java:548)
]]></stackTrace>
      <system-out><![CDATA[2022-08-10 20:38:21,548 [main] WARN  server.ServerUtils (ServerUtils.java:getScmDbDir(148)) - ozone.scm.db.dirs is not configured. We recommend adding this setting. Falling back to ozone.metadata.dirs instead.
2022-08-10 20:38:21,638 [main] WARN  server.ServerUtils (ServerUtils.java:getScmDbDir(148)) - ozone.scm.db.dirs is not configured. We recommend adding this setting. Falling back to ozone.metadata.dirs instead.
2022-08-10 20:38:21,645 [main] INFO  ha.SCMHANodeDetails (SCMHANodeDetails.java:loadSCMHAConfig(209)) - ServiceID for StorageContainerManager is null
2022-08-10 20:38:21,659 [main] WARN  ha.SCMHANodeDetails (SCMHANodeDetails.java:validateSCMHAConfig(182)) - Invalid config ozone.scm.ratis.enable. The config was not specified, but the default value true conflicts with the expected config value false. Falling back to the expected value. Current State of SCM: SCM is running in Non-HA without Ratis Ratis SCM -> Non Ratis SCM or Non HA SCM -> HA SCM is not supported
2022-08-10 20:38:21,660 [main] INFO  ha.SCMHANodeDetails (SCMHANodeDetails.java:loadSCMHAConfig(214)) - ozone.scm.default.service.id is not defined, falling back to ozone.scm.service.ids to find serviceID for StorageContainerManager if it is HA enabled cluster
2022-08-10 20:38:22,167 [main] WARN  utils.HAUtils (HAUtils.java:getMetaDir(342)) - ozone.scm.db.dirs is not configured. We recommend adding this setting. Falling back to ozone.metadata.dirs instead.
2022-08-10 20:38:22,365 [main] WARN  db.DBStoreBuilder (DBStoreBuilder.java:applyDBDefinition(146)) - ozone.scm.db.dirs is not configured. We recommend adding this setting. Falling back to ozone.metadata.dirs instead.
2022-08-10 20:38:22,577 [main] INFO  net.NodeSchemaLoader (NodeSchemaLoader.java:loadSchemaFromFile(129)) - Loading schema from [jar:file:/home/runner/.m2/repository/org/apache/ozone/hdds-common/1.3.0-SNAPSHOT/hdds-common-1.3.0-SNAPSHOT.jar!/network-topology-default.xml]
2022-08-10 20:38:22,578 [main] INFO  net.NodeSchemaLoader (NodeSchemaLoader.java:loadSchema(176)) - Loading network topology layer schema file
2022-08-10 20:38:22,621 [main] INFO  metrics.MetricRegistries (MetricRegistriesLoader.java:load(64)) - Loaded MetricRegistries class org.apache.ratis.metrics.impl.MetricRegistriesImpl
2022-08-10 20:38:22,627 [main] INFO  upgrade.AbstractLayoutVersionManager (AbstractLayoutVersionManager.java:init(83)) - Initializing Layout version manager with metadata layout = DATANODE_SCHEMA_V3 (version = 4), software layout = DATANODE_SCHEMA_V3 (version = 4)
2022-08-10 20:38:22,805 [main] INFO  reflections.Reflections (Reflections.java:scan(232)) - Reflections took 114 ms to scan 7 urls, producing 132 keys and 321 values 
2022-08-10 20:38:22,898 [main] INFO  ha.SequenceIdGenerator (SequenceIdGenerator.java:upgradeToSequenceId(349)) - upgrade localId to 109611004723200000
2022-08-10 20:38:22,898 [main] INFO  ha.SequenceIdGenerator (SequenceIdGenerator.java:upgradeToSequenceId(359)) - upgrade delTxnId to 0
2022-08-10 20:38:22,901 [main] INFO  ha.SequenceIdGenerator (SequenceIdGenerator.java:upgradeToSequenceId(376)) - upgrade containerId to 0
2022-08-10 20:38:22,904 [main] INFO  ha.SequenceIdGenerator (SequenceIdGenerator.java:<init>(220)) - Init the HA SequenceIdGenerator.
2022-08-10 20:38:22,943 [main] WARN  server.ServerUtils (ServerUtils.java:sanitizeUserArgs(73)) - ozone.scm.stale.node.interval value = 300000 is larger than max = 100000 based on the key value of ozone.scm.heartbeat.thread.interval, reset to the max value 100000.
2022-08-10 20:38:22,944 [main] WARN  server.ServerUtils (ServerUtils.java:sanitizeUserArgs(73)) - ozone.scm.stale.node.interval value = 300000 is larger than max = 100000 based on the key value of ozone.scm.heartbeat.thread.interval, reset to the max value 100000.
2022-08-10 20:38:22,950 [main] INFO  node.SCMNodeManager (SCMNodeManager.java:<init>(149)) - Entering startup safe mode.
2022-08-10 20:38:23,014 [Finalizer] WARN  managed.ManagedRocksObjectUtils (ManagedRocksObjectUtils.java:assertClosed(39)) - ManagedColumnFamilyOptions is not closed properly
2022-08-10 20:38:23,014 [Finalizer] WARN  managed.ManagedRocksObjectUtils (ManagedRocksObjectUtils.java:assertClosed(39)) - ManagedColumnFamilyOptions is not closed properly
2022-08-10 20:38:23,014 [Finalizer] WARN  managed.ManagedRocksObjectUtils (ManagedRocksObjectUtils.java:assertClosed(39)) - ManagedColumnFamilyOptions is not closed properly
2022-08-10 20:38:23,014 [Finalizer] WARN  managed.ManagedRocksObjectUtils (ManagedRocksObjectUtils.java:assertClosed(39)) - ManagedColumnFamilyOptions is not closed properly
2022-08-10 20:38:23,014 [Finalizer] WARN  managed.ManagedRocksObjectUtils (ManagedRocksObjectUtils.java:assertClosed(39)) - ManagedColumnFamilyOptions is not closed properly
2022-08-10 20:38:23,014 [Finalizer] WARN  managed.ManagedRocksObjectUtils (ManagedRocksObjectUtils.java:assertClosed(39)) - ManagedColumnFamilyOptions is not closed properly
2022-08-10 20:38:23,014 [Finalizer] WARN  managed.ManagedRocksObjectUtils (ManagedRocksObjectUtils.java:assertClosed(39)) - ManagedColumnFamilyOptions is not closed properly
2022-08-10 20:38:23,015 [Finalizer] WARN  managed.ManagedRocksObjectUtils (ManagedRocksObjectUtils.java:assertClosed(39)) - ManagedColumnFamilyOptions is not closed properly
2022-08-10 20:38:23,015 [Finalizer] WARN  managed.ManagedRocksObjectUtils (ManagedRocksObjectUtils.java:assertClosed(39)) - ManagedColumnFamilyOptions is not closed properly
2022-08-10 20:38:23,015 [Finalizer] WARN  managed.ManagedRocksObjectUtils (ManagedRocksObjectUtils.java:assertClosed(39)) - ManagedColumnFamilyOptions is not closed properly
2022-08-10 20:38:23,015 [Finalizer] WARN  managed.ManagedRocksObjectUtils (ManagedRocksObjectUtils.java:assertClosed(39)) - ManagedColumnFamilyOptions is not closed properly
2022-08-10 20:38:23,015 [Finalizer] WARN  managed.ManagedRocksObjectUtils (ManagedRocksObjectUtils.java:assertClosed(39)) - ManagedColumnFamilyOptions is not closed properly
2022-08-10 20:38:23,015 [Finalizer] WARN  managed.ManagedRocksObjectUtils (ManagedRocksObjectUtils.java:assertClosed(39)) - ManagedColumnFamilyOptions is not closed properly
2022-08-10 20:38:23,015 [Finalizer] WARN  managed.ManagedRocksObjectUtils (ManagedRocksObjectUtils.java:assertClosed(39)) - ManagedColumnFamilyOptions is not closed properly
2022-08-10 20:38:23,015 [Finalizer] WARN  managed.ManagedRocksObjectUtils (ManagedRocksObjectUtils.java:assertClosed(39)) - ManagedColumnFamilyOptions is not closed properly
2022-08-10 20:38:23,015 [Finalizer] WARN  managed.ManagedRocksObjectUtils (ManagedRocksObjectUtils.java:assertClosed(39)) - ManagedColumnFamilyOptions is not closed properly
2022-08-10 20:38:23,044 [main] INFO  algorithms.ContainerPlacementPolicyFactory (ContainerPlacementPolicyFactory.java:getPolicyInternal(86)) - Create container placement policy of type org.apache.hadoop.hdds.scm.container.placement.algorithms.SCMContainerPlacementRandom
2022-08-10 20:38:23,046 [main] INFO  algorithms.ContainerPlacementPolicyFactory (ContainerPlacementPolicyFactory.java:getPolicyInternal(86)) - Create container placement policy of type org.apache.hadoop.hdds.scm.container.placement.algorithms.SCMContainerPlacementRackScatter
2022-08-10 20:38:23,060 [main] INFO  pipeline.PipelineStateManagerImpl (PipelineStateManagerImpl.java:initialize(78)) - No pipeline exists in current db
2022-08-10 20:38:23,099 [main] INFO  algorithms.LeaderChoosePolicyFactory (LeaderChoosePolicyFactory.java:getPolicy(57)) - Create leader choose policy of type org.apache.hadoop.hdds.scm.pipeline.leader.choose.algorithms.MinLeaderCountChoosePolicy
2022-08-10 20:38:23,099 [main] INFO  algorithms.ContainerPlacementPolicyFactory (ContainerPlacementPolicyFactory.java:getPolicyInternal(86)) - Create container placement policy of type org.apache.hadoop.hdds.scm.container.placement.algorithms.SCMContainerPlacementRackScatter
2022-08-10 20:38:23,109 [main] INFO  ha.SCMServiceManager (SCMServiceManager.java:register(42)) - Registering service BackgroundPipelineCreator.
2022-08-10 20:38:23,109 [main] INFO  pipeline.BackgroundPipelineCreator (BackgroundPipelineCreator.java:start(124)) - Starting RatisPipelineUtilsThread.
2022-08-10 20:38:23,122 [main] INFO  BackgroundPipelineScrubber (BackgroundSCMService.java:start(68)) - Starting BackgroundPipelineScrubber Service.
2022-08-10 20:38:23,123 [main] INFO  ha.SCMServiceManager (SCMServiceManager.java:register(42)) - Registering service BackgroundPipelineScrubber.
2022-08-10 20:38:23,137 [main] INFO  ExpiredContainerReplicaOpScrubber (BackgroundSCMService.java:start(68)) - Starting ExpiredContainerReplicaOpScrubber Service.
2022-08-10 20:38:23,139 [main] INFO  ha.SCMServiceManager (SCMServiceManager.java:register(42)) - Registering service ExpiredContainerReplicaOpScrubber.
2022-08-10 20:38:23,170 [main] INFO  algorithms.PipelineChoosePolicyFactory (PipelineChoosePolicyFactory.java:createPipelineChoosePolicyFromClass(73)) - Create pipeline choose policy of type org.apache.hadoop.hdds.scm.pipeline.choose.algorithms.RandomPipelineChoosePolicy
2022-08-10 20:38:23,198 [main] INFO  ha.SCMServiceManager (SCMServiceManager.java:register(42)) - Registering service SCMBlockDeletingService.
2022-08-10 20:38:23,243 [main] INFO  replication.ReplicationManager (ReplicationManager.java:start(206)) - Starting Replication Monitor Thread.
2022-08-10 20:38:23,250 [main] INFO  UnderReplicatedQueueThread (BackgroundSCMService.java:start(68)) - Starting UnderReplicatedQueueThread Service.
2022-08-10 20:38:23,251 [ReplicationMonitor] INFO  replication.ReplicationManager (ReplicationManager.java:processAll(255)) - Replication Manager is not ready to run until 3000ms after safemode exit
2022-08-10 20:38:23,252 [main] INFO  ha.SCMServiceManager (SCMServiceManager.java:register(42)) - Registering service UnderReplicatedQueueThread.
2022-08-10 20:38:23,253 [main] INFO  OverReplicatedQueueThread (BackgroundSCMService.java:start(68)) - Starting OverReplicatedQueueThread Service.
2022-08-10 20:38:23,254 [main] INFO  ha.SCMServiceManager (SCMServiceManager.java:register(42)) - Registering service OverReplicatedQueueThread.
2022-08-10 20:38:23,254 [main] INFO  ha.SCMServiceManager (SCMServiceManager.java:register(42)) - Registering service ReplicationManager.
2022-08-10 20:38:23,269 [main] INFO  safemode.ContainerSafeModeRule (ContainerSafeModeRule.java:<init>(89)) - containers with one replica threshold count 0
2022-08-10 20:38:23,274 [main] INFO  safemode.HealthyPipelineSafeModeRule (HealthyPipelineSafeModeRule.java:initializeRule(169)) - Total pipeline count is 0, healthy pipeline threshold count is 1
2022-08-10 20:38:23,277 [main] INFO  safemode.OneReplicaPipelineSafeModeRule (OneReplicaPipelineSafeModeRule.java:initializeRule(180)) - Total pipeline count is 0, pipeline's with at least one datanode reported threshold count is 0
2022-08-10 20:38:23,610 [main] INFO  audit.AuditLogger (AuditLogger.java:refreshDebugCmdSet(126)) - Refresh DebugCmdSet for SCMAudit to [].
2022-08-10 20:38:23,640 [main] INFO  ipc.CallQueueManager (CallQueueManager.java:<init>(90)) - Using callQueue: class java.util.concurrent.LinkedBlockingQueue, queueCapacity: 2000, scheduler: class org.apache.hadoop.ipc.DefaultRpcScheduler, ipcBackoff: false.
2022-08-10 20:38:23,680 [Socket Reader #1 for port 0] INFO  ipc.Server (Server.java:run(1265)) - Starting Socket Reader #1 for port 0
2022-08-10 20:38:23,737 [Listener at 0.0.0.0/33517] INFO  audit.AuditLogger (AuditLogger.java:refreshDebugCmdSet(126)) - Refresh DebugCmdSet for SCMAudit to [].
2022-08-10 20:38:23,743 [Listener at 0.0.0.0/33517] INFO  ipc.CallQueueManager (CallQueueManager.java:<init>(90)) - Using callQueue: class java.util.concurrent.LinkedBlockingQueue, queueCapacity: 2000, scheduler: class org.apache.hadoop.ipc.DefaultRpcScheduler, ipcBackoff: false.
2022-08-10 20:38:23,744 [Socket Reader #1 for port 0] INFO  ipc.Server (Server.java:run(1265)) - Starting Socket Reader #1 for port 0
2022-08-10 20:38:23,782 [Listener at 0.0.0.0/45591] INFO  audit.AuditLogger (AuditLogger.java:refreshDebugCmdSet(126)) - Refresh DebugCmdSet for SCMAudit to [].
2022-08-10 20:38:23,794 [Listener at 0.0.0.0/45591] INFO  ipc.CallQueueManager (CallQueueManager.java:<init>(90)) - Using callQueue: class java.util.concurrent.LinkedBlockingQueue, queueCapacity: 2000, scheduler: class org.apache.hadoop.ipc.DefaultRpcScheduler, ipcBackoff: false.
2022-08-10 20:38:23,796 [Socket Reader #1 for port 0] INFO  ipc.Server (Server.java:run(1265)) - Starting Socket Reader #1 for port 0
2022-08-10 20:38:23,871 [Listener at 0.0.0.0/40791] INFO  ha.SCMServiceManager (SCMServiceManager.java:register(42)) - Registering service ContainerBalancer.
2022-08-10 20:38:23,872 [Listener at 0.0.0.0/40791] INFO  server.StorageContainerManager (StorageContainerManager.java:<init>(406)) - 
Container Balancer status:
Key                            Value
Running                        false
Container Balancer Configuration values:
Key                                                Value
Threshold                                          10
Max Datanodes to Involve per Iteration(percent)    20
Max Size to Move per Iteration                     500GB
Max Size Entering Target per Iteration             26GB
Max Size Leaving Source per Iteration              26GB

2022-08-10 20:38:23,872 [Listener at 0.0.0.0/40791] WARN  events.EventQueue (EventQueue.java:fireEvent(216)) - No event handler registered for event TypedEvent{payloadType=SafeModeStatus, name='Safe mode status'}
2022-08-10 20:38:23,872 [Listener at 0.0.0.0/40791] INFO  ha.SCMContext (SCMContext.java:updateSafeModeStatus(228)) - Update SafeModeStatus from SafeModeStatus{safeModeStatus=true, preCheckPassed=false} to SafeModeStatus{safeModeStatus=true, preCheckPassed=false}.
2022-08-10 20:38:23,875 [Listener at 0.0.0.0/40791] INFO  server.StorageContainerManager (StorageContainerManager.java:start(1460)) - StorageContainerLocationProtocol RPC server is listening at /0.0.0.0:40791
2022-08-10 20:38:23,939 [Listener at 0.0.0.0/40791] WARN  impl.MetricsConfig (MetricsConfig.java:loadFirst(136)) - Cannot locate configuration: tried hadoop-metrics2-storagecontainermanager.properties,hadoop-metrics2.properties
2022-08-10 20:38:24,019 [Listener at 0.0.0.0/40791] INFO  impl.MetricsSystemImpl (MetricsSystemImpl.java:startTimer(378)) - Scheduled Metric snapshot period at 10 second(s).
2022-08-10 20:38:24,019 [Listener at 0.0.0.0/40791] INFO  impl.MetricsSystemImpl (MetricsSystemImpl.java:start(191)) - StorageContainerManager metrics system started
2022-08-10 20:38:24,261 [Listener at 0.0.0.0/40791] INFO  server.SCMClientProtocolServer (SCMClientProtocolServer.java:start(170)) - RPC server for Client  is listening at /0.0.0.0:40791
2022-08-10 20:38:24,262 [IPC Server Responder] INFO  ipc.Server (Server.java:run(1507)) - IPC Server Responder: starting
2022-08-10 20:38:24,263 [IPC Server listener on 0] INFO  ipc.Server (Server.java:run(1344)) - IPC Server listener on 0: starting
2022-08-10 20:38:24,268 [Listener at 0.0.0.0/40791] INFO  server.StorageContainerManager (StorageContainerManager.java:start(1475)) - ScmBlockLocationProtocol RPC server is listening at /0.0.0.0:45591
2022-08-10 20:38:24,268 [Listener at 0.0.0.0/40791] INFO  server.SCMBlockProtocolServer (SCMBlockProtocolServer.java:start(152)) - RPC server for Block Protocol is listening at /0.0.0.0:45591
2022-08-10 20:38:24,269 [IPC Server Responder] INFO  ipc.Server (Server.java:run(1507)) - IPC Server Responder: starting
2022-08-10 20:38:24,269 [IPC Server listener on 0] INFO  ipc.Server (Server.java:run(1344)) - IPC Server listener on 0: starting
2022-08-10 20:38:24,289 [Listener at 0.0.0.0/40791] INFO  server.SCMDatanodeProtocolServer (SCMDatanodeProtocolServer.java:start(186)) - ScmDatanodeProtocol RPC server for DataNodes is listening at /0.0.0.0:33517
2022-08-10 20:38:24,290 [IPC Server Responder] INFO  ipc.Server (Server.java:run(1507)) - IPC Server Responder: starting
2022-08-10 20:38:24,290 [IPC Server listener on 0] INFO  ipc.Server (Server.java:run(1344)) - IPC Server listener on 0: starting
2022-08-10 20:38:24,304 [org.apache.hadoop.util.JvmPauseMonitor$Monitor@6dde913e] INFO  util.JvmPauseMonitor (JvmPauseMonitor.java:run(188)) - Starting JVM pause monitor
2022-08-10 20:38:24,339 [Listener at 0.0.0.0/40791] INFO  http.BaseHttpServer (BaseHttpServer.java:newHttpServer2BuilderForOzone(209)) - Starting Web-server for scm at: http://0.0.0.0:0
2022-08-10 20:38:24,342 [Listener at 0.0.0.0/40791] INFO  http.BaseHttpServer (BaseHttpServer.java:<init>(107)) - Hadoop Security Enabled: false Ozone Security Enabled: false Ozone HTTP Security Enabled: false 
2022-08-10 20:38:24,373 [Listener at 0.0.0.0/40791] INFO  util.log (Log.java:initialized(170)) - Logging initialized @4436ms to org.eclipse.jetty.util.log.Slf4jLog
2022-08-10 20:38:24,490 [Listener at 0.0.0.0/40791] INFO  server.AuthenticationFilter (AuthenticationFilter.java:constructSecretProvider(240)) - Unable to initialize FileSignerSecretProvider, falling back to use random secrets.
2022-08-10 20:38:24,500 [Listener at 0.0.0.0/40791] WARN  http.HttpRequestLog (HttpRequestLog.java:getRequestLog(103)) - Jetty request log can only be enabled using Log4j
2022-08-10 20:38:24,507 [Listener at 0.0.0.0/40791] INFO  http.HttpServer2 (HttpServer2.java:addGlobalFilter(1029)) - Added global filter 'safety' (class=org.apache.hadoop.hdds.server.http.HttpServer2$QuotingInputFilter)
2022-08-10 20:38:24,510 [Listener at 0.0.0.0/40791] INFO  http.HttpServer2 (HttpServer2.java:addFilter(1005)) - Added filter static_user_filter (class=org.apache.hadoop.http.lib.StaticUserWebFilter$StaticUserFilter) to context scm
2022-08-10 20:38:24,510 [Listener at 0.0.0.0/40791] INFO  http.HttpServer2 (HttpServer2.java:addFilter(1013)) - Added filter static_user_filter (class=org.apache.hadoop.http.lib.StaticUserWebFilter$StaticUserFilter) to context static
2022-08-10 20:38:24,510 [Listener at 0.0.0.0/40791] INFO  http.HttpServer2 (HttpServer2.java:addFilter(1013)) - Added filter static_user_filter (class=org.apache.hadoop.http.lib.StaticUserWebFilter$StaticUserFilter) to context logs
2022-08-10 20:38:24,555 [Listener at 0.0.0.0/40791] INFO  http.HttpServer2 (HttpServer2.java:bindListener(1248)) - Jetty bound to port 44567
2022-08-10 20:38:24,557 [Listener at 0.0.0.0/40791] INFO  server.Server (Server.java:doStart(375)) - jetty-9.4.43.v20210629; built: 2021-06-30T11:07:22.254Z; git: 526006ecfa3af7f1a27ef3a288e2bef7ea9dd7e8; jvm 1.8.0_332-b09
2022-08-10 20:38:24,590 [Listener at 0.0.0.0/40791] INFO  server.session (DefaultSessionIdManager.java:doStart(334)) - DefaultSessionIdManager workerName=node0
2022-08-10 20:38:24,590 [Listener at 0.0.0.0/40791] INFO  server.session (DefaultSessionIdManager.java:doStart(339)) - No SessionScavenger set, using defaults
2022-08-10 20:38:24,592 [Listener at 0.0.0.0/40791] INFO  server.session (HouseKeeper.java:startScavenging(132)) - node0 Scavenging every 600000ms
2022-08-10 20:38:24,606 [Listener at 0.0.0.0/40791] INFO  handler.ContextHandler (ContextHandler.java:doStart(915)) - Started o.e.j.s.ServletContextHandler@1181526e{logs,/logs,file:///home/runner/work/ozone/ozone/hadoop-ozone/integration-test/target/log,AVAILABLE}
2022-08-10 20:38:24,607 [Listener at 0.0.0.0/40791] INFO  handler.ContextHandler (ContextHandler.java:doStart(915)) - Started o.e.j.s.ServletContextHandler@72c29d87{static,/static,file:///home/runner/work/ozone/ozone/hadoop-ozone/integration-test/target/test-classes/webapps/static,AVAILABLE}
2022-08-10 20:38:24,653 [Listener at 0.0.0.0/40791] INFO  handler.ContextHandler (ContextHandler.java:doStart(915)) - Started o.e.j.w.WebAppContext@77a1df4d{scm,/,file:///home/runner/work/ozone/ozone/hadoop-ozone/integration-test/target/test-classes/webapps/scm/,AVAILABLE}{file:/home/runner/work/ozone/ozone/hadoop-ozone/integration-test/target/test-classes/webapps/scm}
2022-08-10 20:38:24,664 [Listener at 0.0.0.0/40791] INFO  server.AbstractConnector (AbstractConnector.java:doStart(331)) - Started ServerConnector@309b8144{HTTP/1.1, (http/1.1)}{0.0.0.0:44567}
2022-08-10 20:38:24,665 [Listener at 0.0.0.0/40791] INFO  server.Server (Server.java:doStart(415)) - Started @4729ms
2022-08-10 20:38:24,669 [Listener at 0.0.0.0/40791] INFO  impl.MetricsSinkAdapter (MetricsSinkAdapter.java:start(204)) - Sink prometheus started
2022-08-10 20:38:24,670 [Listener at 0.0.0.0/40791] INFO  impl.MetricsSystemImpl (MetricsSystemImpl.java:registerSink(305)) - Registered sink prometheus
2022-08-10 20:38:24,671 [Listener at 0.0.0.0/40791] INFO  http.BaseHttpServer (BaseHttpServer.java:updateConnectorAddress(329)) - HTTP server of scm listening at http://0.0.0.0:44567
2022-08-10 20:38:24,725 [Listener at 0.0.0.0/40791] INFO  audit.AuditLogger (AuditLogger.java:refreshDebugCmdSet(126)) - Refresh DebugCmdSet for OMAudit to [].
2022-08-10 20:38:24,810 [Listener at 0.0.0.0/40791] INFO  ha.OMHANodeDetails (OMHANodeDetails.java:loadOMHAConfig(121)) - ServiceID for OzoneManager is om-service-test1
2022-08-10 20:38:24,816 [Listener at 0.0.0.0/40791] INFO  ha.OMHANodeDetails (OMHANodeDetails.java:loadOMHAConfig(201)) - Found matching OM address with OMServiceId: om-service-test1, OMNodeId: omNode-1, RPC Address: localhost:37787 and Ratis port: 38271
2022-08-10 20:38:24,816 [Listener at 0.0.0.0/40791] INFO  ha.OMHANodeDetails (ConfUtils.java:setNodeSpecificConfigs(97)) - Setting configuration key ozone.om.http-address with value of key ozone.om.http-address.om-service-test1.omNode-1: 127.0.0.1:46047
2022-08-10 20:38:24,817 [Listener at 0.0.0.0/40791] INFO  ha.OMHANodeDetails (ConfUtils.java:setNodeSpecificConfigs(97)) - Setting configuration key ozone.om.https-address with value of key ozone.om.https-address.om-service-test1.omNode-1: 127.0.0.1:34775
2022-08-10 20:38:24,817 [Listener at 0.0.0.0/40791] INFO  ha.OMHANodeDetails (ConfUtils.java:setNodeSpecificConfigs(97)) - Setting configuration key ozone.om.address with value of key ozone.om.address.om-service-test1.omNode-1: 127.0.0.1:37787
2022-08-10 20:38:24,817 [Listener at 0.0.0.0/40791] WARN  server.ServerUtils (ServerUtils.java:getDBPath(225)) - ozone.om.db.dirs is not configured. We recommend adding this setting. Falling back to ozone.metadata.dirs instead.
2022-08-10 20:38:24,828 [Listener at 0.0.0.0/40791] INFO  proxy.SCMBlockLocationFailoverProxyProvider (SCMBlockLocationFailoverProxyProvider.java:<init>(114)) - Created block location fail-over proxy with 1 nodes: [nodeId=scmNodeId,nodeAddress=/0.0.0.0:45591]
OM initialization succeeded.Current cluster id for sd=/home/runner/work/ozone/ozone/hadoop-ozone/integration-test/target/test-dir/MiniOzoneClusterImpl-6b5328db-83be-43cc-b602-c95cfe986a84/omNode-1/om;cid=6b5328db-83be-43cc-b602-c95cfe986a84;layoutVersion=3
2022-08-10 20:38:25,078 [Listener at 0.0.0.0/40791] INFO  ha.OMHANodeDetails (OMHANodeDetails.java:loadOMHAConfig(121)) - ServiceID for OzoneManager is om-service-test1
2022-08-10 20:38:25,079 [Listener at 0.0.0.0/40791] INFO  ha.OMHANodeDetails (OMHANodeDetails.java:loadOMHAConfig(201)) - Found matching OM address with OMServiceId: om-service-test1, OMNodeId: omNode-1, RPC Address: localhost:37787 and Ratis port: 38271
2022-08-10 20:38:25,079 [Listener at 0.0.0.0/40791] INFO  ha.OMHANodeDetails (ConfUtils.java:setNodeSpecificConfigs(97)) - Setting configuration key ozone.om.http-address with value of key ozone.om.http-address.om-service-test1.omNode-1: 127.0.0.1:46047
2022-08-10 20:38:25,080 [Listener at 0.0.0.0/40791] INFO  ha.OMHANodeDetails (ConfUtils.java:setNodeSpecificConfigs(97)) - Setting configuration key ozone.om.https-address with value of key ozone.om.https-address.om-service-test1.omNode-1: 127.0.0.1:34775
2022-08-10 20:38:25,080 [Listener at 0.0.0.0/40791] INFO  ha.OMHANodeDetails (ConfUtils.java:setNodeSpecificConfigs(97)) - Setting configuration key ozone.om.address with value of key ozone.om.address.om-service-test1.omNode-1: 127.0.0.1:37787
2022-08-10 20:38:25,080 [Listener at 0.0.0.0/40791] WARN  server.ServerUtils (ServerUtils.java:getDBPath(225)) - ozone.om.db.dirs is not configured. We recommend adding this setting. Falling back to ozone.metadata.dirs instead.
2022-08-10 20:38:25,082 [Listener at 0.0.0.0/40791] INFO  upgrade.AbstractLayoutVersionManager (AbstractLayoutVersionManager.java:init(83)) - Initializing Layout version manager with metadata layout = MULTITENANCY_SCHEMA (version = 3), software layout = MULTITENANCY_SCHEMA (version = 3)
2022-08-10 20:38:25,177 [Listener at 0.0.0.0/40791] INFO  reflections.Reflections (Reflections.java:scan(232)) - Reflections took 89 ms to scan 2 urls, producing 153 keys and 427 values [using 2 cores]
2022-08-10 20:38:25,183 [Listener at 0.0.0.0/40791] INFO  upgrade.OMLayoutVersionManager (OMLayoutVersionManager.java:lambda$0(115)) - Skipping Upgrade Action MockOmUpgradeAction since it has been finalized.
2022-08-10 20:38:25,184 [Listener at 0.0.0.0/40791] WARN  server.ServerUtils (ServerUtils.java:getDBPath(225)) - ozone.om.db.dirs is not configured. We recommend adding this setting. Falling back to ozone.metadata.dirs instead.
2022-08-10 20:38:25,326 [Listener at 0.0.0.0/40791] INFO  proxy.SCMBlockLocationFailoverProxyProvider (SCMBlockLocationFailoverProxyProvider.java:<init>(114)) - Created block location fail-over proxy with 1 nodes: [nodeId=scmNodeId,nodeAddress=/0.0.0.0:45591]
2022-08-10 20:38:25,331 [Listener at 0.0.0.0/40791] INFO  proxy.SCMBlockLocationFailoverProxyProvider (SCMBlockLocationFailoverProxyProvider.java:<init>(114)) - Created block location fail-over proxy with 1 nodes: [nodeId=scmNodeId,nodeAddress=/0.0.0.0:45591]
2022-08-10 20:38:25,370 [Listener at 0.0.0.0/40791] WARN  server.ServerUtils (ServerUtils.java:getDBPath(225)) - ozone.om.db.dirs is not configured. We recommend adding this setting. Falling back to ozone.metadata.dirs instead.
2022-08-10 20:38:25,378 [Listener at 0.0.0.0/40791] INFO  codec.OmKeyInfoCodec (OmKeyInfoCodec.java:<init>(49)) - OmKeyInfoCodec ignorePipeline = true
2022-08-10 20:38:25,379 [Listener at 0.0.0.0/40791] INFO  codec.RepeatedOmKeyInfoCodec (RepeatedOmKeyInfoCodec.java:<init>(41)) - RepeatedOmKeyInfoCodec ignorePipeline = true
2022-08-10 20:38:25,543 [Listener at 0.0.0.0/40791] INFO  om.OzoneManager (OzoneManager.java:instantiateServices(697)) - S3 Multi-Tenancy is disabled
2022-08-10 20:38:25,615 [Finalizer] WARN  managed.ManagedRocksObjectUtils (ManagedRocksObjectUtils.java:assertClosed(39)) - ManagedColumnFamilyOptions is not closed properly
2022-08-10 20:38:25,615 [Finalizer] WARN  managed.ManagedRocksObjectUtils (ManagedRocksObjectUtils.java:assertClosed(39)) - ManagedColumnFamilyOptions is not closed properly
2022-08-10 20:38:25,615 [Finalizer] WARN  managed.ManagedRocksObjectUtils (ManagedRocksObjectUtils.java:assertClosed(39)) - ManagedColumnFamilyOptions is not closed properly
2022-08-10 20:38:25,615 [Finalizer] WARN  managed.ManagedRocksObjectUtils (ManagedRocksObjectUtils.java:assertClosed(39)) - ManagedColumnFamilyOptions is not closed properly
2022-08-10 20:38:25,615 [Finalizer] WARN  managed.ManagedRocksObjectUtils (ManagedRocksObjectUtils.java:assertClosed(39)) - ManagedColumnFamilyOptions is not closed properly
2022-08-10 20:38:25,615 [Finalizer] WARN  managed.ManagedRocksObjectUtils (ManagedRocksObjectUtils.java:assertClosed(39)) - ManagedColumnFamilyOptions is not closed properly
2022-08-10 20:38:25,615 [Finalizer] WARN  managed.ManagedRocksObjectUtils (ManagedRocksObjectUtils.java:assertClosed(39)) - ManagedColumnFamilyOptions is not closed properly
2022-08-10 20:38:25,615 [Finalizer] WARN  managed.ManagedRocksObjectUtils (ManagedRocksObjectUtils.java:assertClosed(39)) - ManagedColumnFamilyOptions is not closed properly
2022-08-10 20:38:25,615 [Finalizer] WARN  managed.ManagedRocksObjectUtils (ManagedRocksObjectUtils.java:assertClosed(39)) - ManagedColumnFamilyOptions is not closed properly
2022-08-10 20:38:25,615 [Finalizer] WARN  managed.ManagedRocksObjectUtils (ManagedRocksObjectUtils.java:assertClosed(39)) - ManagedColumnFamilyOptions is not closed properly
2022-08-10 20:38:25,615 [Finalizer] WARN  managed.ManagedRocksObjectUtils (ManagedRocksObjectUtils.java:assertClosed(39)) - ManagedColumnFamilyOptions is not closed properly
2022-08-10 20:38:25,615 [Finalizer] WARN  managed.ManagedRocksObjectUtils (ManagedRocksObjectUtils.java:assertClosed(39)) - ManagedColumnFamilyOptions is not closed properly
2022-08-10 20:38:25,616 [Finalizer] WARN  managed.ManagedRocksObjectUtils (ManagedRocksObjectUtils.java:assertClosed(39)) - ManagedColumnFamilyOptions is not closed properly
2022-08-10 20:38:25,616 [Finalizer] WARN  managed.ManagedRocksObjectUtils (ManagedRocksObjectUtils.java:assertClosed(39)) - ManagedColumnFamilyOptions is not closed properly
2022-08-10 20:38:25,616 [Finalizer] WARN  managed.ManagedRocksObjectUtils (ManagedRocksObjectUtils.java:assertClosed(39)) - ManagedColumnFamilyOptions is not closed properly
2022-08-10 20:38:25,616 [Finalizer] WARN  managed.ManagedRocksObjectUtils (ManagedRocksObjectUtils.java:assertClosed(39)) - ManagedColumnFamilyOptions is not closed properly
2022-08-10 20:38:25,616 [Finalizer] WARN  managed.ManagedRocksObjectUtils (ManagedRocksObjectUtils.java:assertClosed(39)) - ManagedColumnFamilyOptions is not closed properly
2022-08-10 20:38:25,616 [Finalizer] WARN  managed.ManagedRocksObjectUtils (ManagedRocksObjectUtils.java:assertClosed(39)) - ManagedColumnFamilyOptions is not closed properly
2022-08-10 20:38:25,616 [Finalizer] WARN  managed.ManagedRocksObjectUtils (ManagedRocksObjectUtils.java:assertClosed(39)) - ManagedColumnFamilyOptions is not closed properly
2022-08-10 20:38:25,616 [Finalizer] WARN  managed.ManagedRocksObjectUtils (ManagedRocksObjectUtils.java:assertClosed(39)) - ManagedColumnFamilyOptions is not closed properly
2022-08-10 20:38:25,616 [Finalizer] WARN  managed.ManagedRocksObjectUtils (ManagedRocksObjectUtils.java:assertClosed(39)) - ManagedColumnFamilyOptions is not closed properly
2022-08-10 20:38:25,647 [Listener at 0.0.0.0/40791] INFO  om.OzoneManager (OzoneManager.java:addS3GVolumeToDB(4308)) - Created Volume s3v With Owner runner required for S3Gateway operations.
2022-08-10 20:38:25,698 [Listener at 0.0.0.0/40791] WARN  server.ServerUtils (ServerUtils.java:getDefaultRatisDirectory(237)) - Storage directory for Ratis is not configured. It is a good idea to map this to an SSD disk. Falling back to ozone.metadata.dirs
2022-08-10 20:38:25,698 [Listener at 0.0.0.0/40791] WARN  utils.OzoneManagerRatisUtils (OzoneManagerRatisUtils.java:getOMRatisSnapshotDirectory(434)) - ozone.om.ratis.snapshot.dir is not configured. Falling back to ozone.metadata.dirs config
2022-08-10 20:38:25,709 [Listener at 0.0.0.0/40791] INFO  snapshot.OzoneManagerSnapshotProvider (OzoneManagerSnapshotProvider.java:<init>(76)) - Initializing OM Snapshot Provider
2022-08-10 20:38:26,254 [Listener at 0.0.0.0/40791] WARN  server.ServerUtils (ServerUtils.java:getDefaultRatisDirectory(237)) - Storage directory for Ratis is not configured. It is a good idea to map this to an SSD disk. Falling back to ozone.metadata.dirs
2022-08-10 20:38:26,284 [Listener at 0.0.0.0/40791] INFO  ratis.OzoneManagerRatisServer (OzoneManagerRatisServer.java:<init>(159)) - Instantiating OM Ratis server with groupID: om-service-test1 and peers: localhost:38271, localhost:39235, localhost:35563
2022-08-10 20:38:26,295 [Listener at 0.0.0.0/40791] INFO  ratis.OzoneManagerStateMachine (OzoneManagerStateMachine.java:loadSnapshotInfoFromDB(632)) - LastAppliedIndex is set from TransactionInfo from OM DB as (t:0, i:~)
2022-08-10 20:38:26,345 [Listener at 0.0.0.0/40791] INFO  server.RaftServer (ConfUtils.java:logGet(46)) - raft.rpc.type = GRPC (default)
2022-08-10 20:38:26,436 [Listener at 0.0.0.0/40791] INFO  grpc.GrpcFactory (GrpcFactory.java:checkPooledByteBufAllocatorUseCacheForAllThreads(48)) - PERFORMANCE WARNING: useCacheForAllThreads is true that may cause Netty to create a lot garbage objects and, as a result, trigger GC.
	It is recommended to disable useCacheForAllThreads by setting -Dorg.apache.ratis.thirdparty.io.netty.allocator.useCacheForAllThreads=false in command line.
2022-08-10 20:38:26,440 [Listener at 0.0.0.0/40791] INFO  grpc.GrpcConfigKeys (ConfUtils.java:logGet(46)) - raft.grpc.admin.port = -1 (default)
2022-08-10 20:38:26,441 [Listener at 0.0.0.0/40791] INFO  grpc.GrpcConfigKeys (ConfUtils.java:logGet(46)) - raft.grpc.server.port = 38271 (custom)
2022-08-10 20:38:26,442 [Listener at 0.0.0.0/40791] INFO  grpc.GrpcConfigKeys (ConfUtils.java:logGet(46)) - raft.grpc.client.port = -1 (default)
2022-08-10 20:38:26,442 [Listener at 0.0.0.0/40791] INFO  grpc.GrpcConfigKeys (ConfUtils.java:logGet(46)) - raft.grpc.server.port = 38271 (custom)
2022-08-10 20:38:26,442 [Listener at 0.0.0.0/40791] INFO  grpc.GrpcConfigKeys (ConfUtils.java:logGet(46)) - raft.grpc.server.port = 38271 (custom)
2022-08-10 20:38:26,443 [Listener at 0.0.0.0/40791] INFO  server.GrpcService (ConfUtils.java:logGet(46)) - raft.grpc.message.size.max = 33554432 (custom)
2022-08-10 20:38:26,444 [Listener at 0.0.0.0/40791] INFO  server.RaftServerConfigKeys (ConfUtils.java:logGet(46)) - raft.server.log.appender.buffer.byte-limit = 33554432 (custom)
2022-08-10 20:38:26,444 [Listener at 0.0.0.0/40791] INFO  server.GrpcService (ConfUtils.java:logGet(46)) - raft.grpc.flow.control.window = 1MB (=1048576) (default)
2022-08-10 20:38:26,445 [Listener at 0.0.0.0/40791] INFO  server.RaftServerConfigKeys (ConfUtils.java:logGet(46)) - raft.server.rpc.request.timeout = 3000ms (default)
2022-08-10 20:38:26,465 [Listener at 0.0.0.0/40791] INFO  grpc.GrpcConfigKeys (ConfUtils.java:logGet(46)) - raft.grpc.server.async.request.thread.pool.cached = true (default)
2022-08-10 20:38:26,465 [Listener at 0.0.0.0/40791] INFO  grpc.GrpcConfigKeys (ConfUtils.java:logGet(46)) - raft.grpc.server.async.request.thread.pool.size = 32 (default)
2022-08-10 20:38:26,801 [Listener at 0.0.0.0/40791] INFO  impl.DataStreamServerImpl (ConfUtils.java:logGet(46)) - raft.datastream.type = DISABLED (default)
2022-08-10 20:38:26,804 [Listener at 0.0.0.0/40791] INFO  server.RaftServerConfigKeys (ConfUtils.java:logGet(46)) - raft.server.threadpool.proxy.cached = true (default)
2022-08-10 20:38:26,805 [Listener at 0.0.0.0/40791] INFO  server.RaftServerConfigKeys (ConfUtils.java:logGet(46)) - raft.server.threadpool.proxy.size = 0 (default)
2022-08-10 20:38:26,805 [Listener at 0.0.0.0/40791] INFO  server.RaftServerConfigKeys (ConfUtils.java:logGet(46)) - raft.server.rpc.slowness.timeout = 2s (custom)
2022-08-10 20:38:26,805 [Listener at 0.0.0.0/40791] INFO  server.RaftServerConfigKeys (ConfUtils.java:logGet(46)) - raft.server.leaderelection.leader.step-down.wait-time = 10s (default)
2022-08-10 20:38:26,809 [Listener at 0.0.0.0/40791] INFO  server.RaftServerConfigKeys (ConfUtils.java:logGet(46)) - raft.server.storage.dir = [/home/runner/work/ozone/ozone/hadoop-ozone/integration-test/target/test-dir/MiniOzoneClusterImpl-6b5328db-83be-43cc-b602-c95cfe986a84/omNode-1/ratis] (custom)
2022-08-10 20:38:26,819 [Listener at 0.0.0.0/40791] INFO  server.RaftServer (RaftServerProxy.java:addNew(96)) - omNode-1: addNew group-523986131536:[omNode-3|rpc:localhost:39235|priority:0, omNode-1|rpc:localhost:38271|priority:0, omNode-2|rpc:localhost:35563|priority:0] returns group-523986131536:java.util.concurrent.CompletableFuture@9a38c90[Not completed]
2022-08-10 20:38:26,820 [Listener at 0.0.0.0/40791] INFO  om.OzoneManager (OzoneManager.java:initializeRatisServer(1963)) - OzoneManager Ratis server initialized at port 38271
2022-08-10 20:38:26,836 [Listener at 0.0.0.0/40791] INFO  om.OzoneManager (OzoneManager.java:getRpcServer(1086)) - Creating RPC Server
2022-08-10 20:38:26,852 [pool-55-thread-1] INFO  server.RaftServer$Division (RaftServerImpl.java:<init>(190)) - omNode-1: new RaftServerImpl for group-523986131536:[omNode-3|rpc:localhost:39235|priority:0, omNode-1|rpc:localhost:38271|priority:0, omNode-2|rpc:localhost:35563|priority:0] with OzoneManagerStateMachine:uninitialized
2022-08-10 20:38:26,857 [pool-55-thread-1] INFO  server.RaftServerConfigKeys (ConfUtils.java:logGet(46)) - raft.server.rpc.timeout.min = 1s (custom)
2022-08-10 20:38:26,858 [pool-55-thread-1] INFO  server.RaftServerConfigKeys (ConfUtils.java:logGet(46)) - raft.server.rpc.timeout.max = 1200ms (custom)
2022-08-10 20:38:26,858 [pool-55-thread-1] INFO  server.RaftServerConfigKeys (ConfUtils.java:logGet(46)) - raft.server.rpc.sleep.time = 25ms (default)
2022-08-10 20:38:26,858 [pool-55-thread-1] INFO  server.RaftServerConfigKeys (ConfUtils.java:logGet(46)) - raft.server.rpc.slowness.timeout = 2s (custom)
2022-08-10 20:38:26,858 [pool-55-thread-1] INFO  server.RaftServerConfigKeys (ConfUtils.java:logGet(46)) - raft.server.leaderelection.leader.step-down.wait-time = 10s (default)
2022-08-10 20:38:26,859 [pool-55-thread-1] INFO  server.RaftServerConfigKeys (ConfUtils.java:logGet(46)) - raft.server.sleep.deviation.threshold = 300ms (default)
2022-08-10 20:38:26,867 [pool-55-thread-1] INFO  server.RaftServer$Division (ServerState.java:<init>(107)) - omNode-1@group-523986131536: ConfigurationManager, init=-1: [omNode-3|rpc:localhost:39235|priority:0, omNode-1|rpc:localhost:38271|priority:0, omNode-2|rpc:localhost:35563|priority:0], old=null, confs=<EMPTY_MAP>
2022-08-10 20:38:26,887 [pool-55-thread-1] INFO  server.RaftServerConfigKeys (ConfUtils.java:logGet(46)) - raft.server.storage.dir = [/home/runner/work/ozone/ozone/hadoop-ozone/integration-test/target/test-dir/MiniOzoneClusterImpl-6b5328db-83be-43cc-b602-c95cfe986a84/omNode-1/ratis] (custom)
2022-08-10 20:38:26,901 [pool-55-thread-1] INFO  server.RaftServerConfigKeys (ConfUtils.java:logGet(46)) - raft.server.log.corruption.policy = EXCEPTION (default)
2022-08-10 20:38:26,902 [pool-55-thread-1] INFO  server.RaftServerConfigKeys (ConfUtils.java:logGet(46)) - raft.server.storage.free-space.min = 0MB (=0) (default)
2022-08-10 20:38:26,903 [pool-55-thread-1] INFO  storage.RaftStorageDirectory (RaftStorageDirectoryImpl.java:analyzeStorage(135)) - The storage directory /home/runner/work/ozone/ozone/hadoop-ozone/integration-test/target/test-dir/MiniOzoneClusterImpl-6b5328db-83be-43cc-b602-c95cfe986a84/omNode-1/ratis/c9bc4cf4-3bc3-3c60-a66b-523986131536 does not exist. Creating ...
2022-08-10 20:38:26,914 [pool-55-thread-1] INFO  storage.RaftStorageDirectory (RaftStorageDirectoryImpl.java:tryLock(230)) - Lock on /home/runner/work/ozone/ozone/hadoop-ozone/integration-test/target/test-dir/MiniOzoneClusterImpl-6b5328db-83be-43cc-b602-c95cfe986a84/omNode-1/ratis/c9bc4cf4-3bc3-3c60-a66b-523986131536/in_use.lock acquired by nodename 17633@fv-az202-490
2022-08-10 20:38:26,963 [pool-55-thread-1] INFO  storage.RaftStorage (RaftStorageImpl.java:format(89)) - Storage directory /home/runner/work/ozone/ozone/hadoop-ozone/integration-test/target/test-dir/MiniOzoneClusterImpl-6b5328db-83be-43cc-b602-c95cfe986a84/omNode-1/ratis/c9bc4cf4-3bc3-3c60-a66b-523986131536 has been successfully formatted.
2022-08-10 20:38:26,970 [pool-55-thread-1] INFO  server.RaftServerConfigKeys (ConfUtils.java:logGet(46)) - raft.server.notification.no-leader.timeout = 2s (custom)
2022-08-10 20:38:26,972 [pool-55-thread-1] INFO  server.RaftServerConfigKeys (ConfUtils.java:logGet(46)) - raft.server.log.use.memory = false (default)
2022-08-10 20:38:27,002 [pool-55-thread-1] INFO  server.RaftServerConfigKeys (ConfUtils.java:logGet(46)) - raft.server.log.purge.gap = 50 (custom)
2022-08-10 20:38:27,003 [pool-55-thread-1] INFO  server.RaftServerConfigKeys (ConfUtils.java:logGet(46)) - raft.server.log.appender.buffer.byte-limit = 33554432 (custom)
2022-08-10 20:38:27,017 [pool-55-thread-1] INFO  server.RaftServerConfigKeys (ConfUtils.java:logGet(46)) - raft.server.log.statemachine.data.read.timeout = 1000ms (default)
2022-08-10 20:38:27,065 [pool-55-thread-1] INFO  server.RaftServerConfigKeys (ConfUtils.java:logGet(46)) - raft.server.log.segment.size.max = 4194304 (custom)
2022-08-10 20:38:27,101 [pool-55-thread-1] INFO  server.RaftServerConfigKeys (ConfUtils.java:logGet(46)) - raft.server.log.segment.cache.num.max = 2 (custom)
2022-08-10 20:38:27,103 [pool-55-thread-1] INFO  server.RaftServerConfigKeys (ConfUtils.java:logGet(46)) - raft.server.log.segment.cache.size.max = 200MB (=209715200) (default)
2022-08-10 20:38:27,110 [pool-55-thread-1] INFO  segmented.SegmentedRaftLogWorker (SegmentedRaftLogWorker.java:<init>(187)) - new omNode-1@group-523986131536-SegmentedRaftLogWorker for RaftStorageImpl:Storage Directory /home/runner/work/ozone/ozone/hadoop-ozone/integration-test/target/test-dir/MiniOzoneClusterImpl-6b5328db-83be-43cc-b602-c95cfe986a84/omNode-1/ratis/c9bc4cf4-3bc3-3c60-a66b-523986131536
2022-08-10 20:38:27,116 [pool-55-thread-1] INFO  server.RaftServerConfigKeys (ConfUtils.java:logGet(46)) - raft.server.log.queue.byte-limit = 64MB (=67108864) (default)
2022-08-10 20:38:27,116 [pool-55-thread-1] INFO  server.RaftServerConfigKeys (ConfUtils.java:logGet(46)) - raft.server.log.queue.element-limit = 4096 (default)
2022-08-10 20:38:27,117 [pool-55-thread-1] INFO  server.RaftServerConfigKeys (ConfUtils.java:logGet(46)) - raft.server.log.segment.size.max = 4194304 (custom)
2022-08-10 20:38:27,117 [pool-55-thread-1] INFO  server.RaftServerConfigKeys (ConfUtils.java:logGet(46)) - raft.server.log.preallocated.size = 4194304 (custom)
2022-08-10 20:38:27,118 [pool-55-thread-1] INFO  server.RaftServerConfigKeys (ConfUtils.java:logGet(46)) - raft.server.log.force.sync.num = 128 (default)
2022-08-10 20:38:27,119 [pool-55-thread-1] INFO  server.RaftServerConfigKeys (ConfUtils.java:logGet(46)) - raft.server.log.statemachine.data.sync = true (default)
2022-08-10 20:38:27,119 [pool-55-thread-1] INFO  server.RaftServerConfigKeys (ConfUtils.java:logGet(46)) - raft.server.log.statemachine.data.sync.timeout = 10s (default)
2022-08-10 20:38:27,119 [pool-55-thread-1] INFO  server.RaftServerConfigKeys (ConfUtils.java:logGet(46)) - raft.server.log.statemachine.data.sync.timeout.retry = -1 (default)
2022-08-10 20:38:27,140 [pool-55-thread-1] INFO  server.RaftServerConfigKeys (ConfUtils.java:logGet(46)) - raft.server.log.write.buffer.size = 64KB (=65536) (default)
2022-08-10 20:38:27,141 [pool-55-thread-1] INFO  server.RaftServerConfigKeys (ConfUtils.java:logGet(46)) - raft.server.log.unsafe-flush.enabled = false (default)
2022-08-10 20:38:27,141 [pool-55-thread-1] INFO  server.RaftServerConfigKeys (ConfUtils.java:logGet(46)) - raft.server.log.statemachine.data.caching.enabled = false (default)
2022-08-10 20:38:27,163 [pool-55-thread-1] INFO  segmented.SegmentedRaftLogWorker (SegmentedRaftLogWorker.java:lambda$new$0(135)) - omNode-1@group-523986131536-SegmentedRaftLogWorker: flushIndex: setUnconditionally 0 -> -1
2022-08-10 20:38:27,179 [pool-55-thread-1] INFO  segmented.SegmentedRaftLogWorker (SegmentedRaftLogWorker.java:lambda$new$0(135)) - omNode-1@group-523986131536-SegmentedRaftLogWorker: safeCacheEvictIndex: setUnconditionally 0 -> -1
2022-08-10 20:38:27,196 [pool-55-thread-1] INFO  server.RaftServerConfigKeys (ConfUtils.java:logGet(46)) - raft.server.snapshot.auto.trigger.enabled = true (custom)
2022-08-10 20:38:27,197 [pool-55-thread-1] INFO  server.RaftServerConfigKeys (ConfUtils.java:logGet(46)) - raft.server.snapshot.auto.trigger.threshold = 50 (custom)
2022-08-10 20:38:27,198 [pool-55-thread-1] INFO  server.RaftServerConfigKeys (ConfUtils.java:logGet(46)) - raft.server.snapshot.retention.file.num = -1 (default)
2022-08-10 20:38:27,199 [pool-55-thread-1] INFO  server.RaftServerConfigKeys (ConfUtils.java:logGet(46)) - raft.server.log.purge.upto.snapshot.index = true (custom)
2022-08-10 20:38:27,209 [pool-55-thread-1] INFO  server.RaftServerConfigKeys (ConfUtils.java:logGet(46)) - raft.server.retrycache.expirytime = 30000ms (custom)
2022-08-10 20:38:27,209 [pool-55-thread-1] INFO  server.RaftServerConfigKeys (ConfUtils.java:logGet(46)) - raft.server.retrycache.statistics.expirytime = 100μs (default)
2022-08-10 20:38:27,327 [pool-55-thread-1] INFO  server.RaftServerConfigKeys (ConfUtils.java:logGet(46)) - raft.server.log.appender.install.snapshot.enabled = false (custom)
2022-08-10 20:38:27,328 [pool-55-thread-1] INFO  server.RaftServerConfigKeys (ConfUtils.java:logGet(46)) - raft.server.threadpool.server.cached = true (default)
2022-08-10 20:38:27,328 [pool-55-thread-1] INFO  server.RaftServerConfigKeys (ConfUtils.java:logGet(46)) - raft.server.threadpool.server.size = 0 (default)
2022-08-10 20:38:27,328 [pool-55-thread-1] INFO  server.RaftServerConfigKeys (ConfUtils.java:logGet(46)) - raft.server.threadpool.client.cached = true (default)
2022-08-10 20:38:27,329 [pool-55-thread-1] INFO  server.RaftServerConfigKeys (ConfUtils.java:logGet(46)) - raft.server.threadpool.client.size = 0 (default)
2022-08-10 20:38:27,564 [Listener at 0.0.0.0/40791] INFO  reflections.Reflections (Reflections.java:scan(232)) - Reflections took 659 ms to scan 19 urls, producing 67 keys and 4152 values [using 2 cores]
2022-08-10 20:38:27,873 [Listener at 0.0.0.0/40791] INFO  ipc.CallQueueManager (CallQueueManager.java:<init>(90)) - Using callQueue: class java.util.concurrent.LinkedBlockingQueue, queueCapacity: 2000, scheduler: class org.apache.hadoop.ipc.DefaultRpcScheduler, ipcBackoff: false.
2022-08-10 20:38:27,874 [Socket Reader #1 for port 37787] INFO  ipc.Server (Server.java:run(1265)) - Starting Socket Reader #1 for port 37787
2022-08-10 20:38:27,902 [Listener at 127.0.0.1/37787] INFO  impl.MetricsSystemImpl (MetricsSystemImpl.java:init(158)) - OzoneManager metrics system started (again)
2022-08-10 20:38:27,918 [Listener at 127.0.0.1/37787] INFO  om.OzoneManager (OzoneManager.java:start(1470)) - OzoneManager RPC server is listening at localhost/127.0.0.1:37787
2022-08-10 20:38:27,918 [Listener at 127.0.0.1/37787] INFO  ratis.OzoneManagerRatisServer (OzoneManagerRatisServer.java:start(554)) - Starting OzoneManagerRatisServer omNode-1 at port 38271
2022-08-10 20:38:27,920 [omNode-1-impl-thread1] INFO  server.RaftServer$Division (RaftServerImpl.java:start(310)) - omNode-1@group-523986131536: start as a follower, conf=-1: [omNode-3|rpc:localhost:39235|priority:0, omNode-1|rpc:localhost:38271|priority:0, omNode-2|rpc:localhost:35563|priority:0], old=null
2022-08-10 20:38:27,921 [omNode-1-impl-thread1] INFO  server.RaftServer$Division (RaftServerImpl.java:setRole(299)) - omNode-1@group-523986131536: changes role from      null to FOLLOWER at term 0 for startAsFollower
2022-08-10 20:38:27,922 [omNode-1-impl-thread1] INFO  impl.RoleInfo (RoleInfo.java:updateAndGet(139)) - omNode-1: start omNode-1@group-523986131536-FollowerState
2022-08-10 20:38:27,923 [omNode-1-impl-thread1] INFO  util.JmxRegister (JmxRegister.java:tryRegister(44)) - Successfully registered JMX Bean with object name Ratis:service=RaftServer,group=group-523986131536,id=omNode-1
2022-08-10 20:38:27,930 [Listener at 127.0.0.1/37787] INFO  server.RaftServer (RaftServerProxy.java:lambda$start$6(382)) - omNode-1: start RPC server
2022-08-10 20:38:27,994 [Listener at 127.0.0.1/37787] INFO  server.GrpcService (GrpcService.java:startImpl(260)) - omNode-1: GrpcService started, listening on 38271
2022-08-10 20:38:27,996 [Listener at 127.0.0.1/37787] INFO  om.OzoneManager (OzoneManager.java:start(1486)) - Version File has different layout version (3) than OM DB (null). That is expected if this OM has never been finalized to a newer layout version.
2022-08-10 20:38:27,998 [org.apache.ratis.util.JvmPauseMonitor$$Lambda$703/1412835141@7b14953f] INFO  util.JvmPauseMonitor (JvmPauseMonitor.java:run(103)) - JvmPauseMonitor-omNode-1: Started
2022-08-10 20:38:28,023 [Listener at 127.0.0.1/37787] INFO  http.BaseHttpServer (BaseHttpServer.java:newHttpServer2BuilderForOzone(209)) - Starting Web-server for ozoneManager at: http://0.0.0.0:46047
2022-08-10 20:38:28,024 [Listener at 127.0.0.1/37787] INFO  http.BaseHttpServer (BaseHttpServer.java:<init>(107)) - Hadoop Security Enabled: false Ozone Security Enabled: false Ozone HTTP Security Enabled: false 
2022-08-10 20:38:28,025 [Listener at 127.0.0.1/37787] INFO  server.AuthenticationFilter (AuthenticationFilter.java:constructSecretProvider(240)) - Unable to initialize FileSignerSecretProvider, falling back to use random secrets.
2022-08-10 20:38:28,028 [Listener at 127.0.0.1/37787] WARN  http.HttpRequestLog (HttpRequestLog.java:getRequestLog(103)) - Jetty request log can only be enabled using Log4j
2022-08-10 20:38:28,030 [Listener at 127.0.0.1/37787] INFO  http.HttpServer2 (HttpServer2.java:addGlobalFilter(1029)) - Added global filter 'safety' (class=org.apache.hadoop.hdds.server.http.HttpServer2$QuotingInputFilter)
2022-08-10 20:38:28,031 [Listener at 127.0.0.1/37787] INFO  http.HttpServer2 (HttpServer2.java:addFilter(1005)) - Added filter static_user_filter (class=org.apache.hadoop.http.lib.StaticUserWebFilter$StaticUserFilter) to context ozoneManager
2022-08-10 20:38:28,031 [Listener at 127.0.0.1/37787] INFO  http.HttpServer2 (HttpServer2.java:addFilter(1013)) - Added filter static_user_filter (class=org.apache.hadoop.http.lib.StaticUserWebFilter$StaticUserFilter) to context logs
2022-08-10 20:38:28,032 [Listener at 127.0.0.1/37787] INFO  http.HttpServer2 (HttpServer2.java:addFilter(1013)) - Added filter static_user_filter (class=org.apache.hadoop.http.lib.StaticUserWebFilter$StaticUserFilter) to context static
2022-08-10 20:38:28,033 [Listener at 127.0.0.1/37787] INFO  http.HttpServer2 (HttpServer2.java:bindListener(1248)) - Jetty bound to port 46047
2022-08-10 20:38:28,034 [Listener at 127.0.0.1/37787] INFO  server.Server (Server.java:doStart(375)) - jetty-9.4.43.v20210629; built: 2021-06-30T11:07:22.254Z; git: 526006ecfa3af7f1a27ef3a288e2bef7ea9dd7e8; jvm 1.8.0_332-b09
2022-08-10 20:38:28,040 [Listener at 127.0.0.1/37787] INFO  server.session (DefaultSessionIdManager.java:doStart(334)) - DefaultSessionIdManager workerName=node0
2022-08-10 20:38:28,040 [Listener at 127.0.0.1/37787] INFO  server.session (DefaultSessionIdManager.java:doStart(339)) - No SessionScavenger set, using defaults
2022-08-10 20:38:28,040 [Listener at 127.0.0.1/37787] INFO  server.session (HouseKeeper.java:startScavenging(132)) - node0 Scavenging every 660000ms
2022-08-10 20:38:28,041 [Listener at 127.0.0.1/37787] INFO  handler.ContextHandler (ContextHandler.java:doStart(915)) - Started o.e.j.s.ServletContextHandler@111c2c9c{logs,/logs,file:///home/runner/work/ozone/ozone/hadoop-ozone/integration-test/target/log,AVAILABLE}
2022-08-10 20:38:28,042 [Listener at 127.0.0.1/37787] INFO  handler.ContextHandler (ContextHandler.java:doStart(915)) - Started o.e.j.s.ServletContextHandler@501904ff{static,/static,file:///home/runner/work/ozone/ozone/hadoop-ozone/integration-test/target/test-classes/webapps/static,AVAILABLE}
2022-08-10 20:38:28,045 [Listener at 127.0.0.1/37787] INFO  handler.ContextHandler (ContextHandler.java:doStart(915)) - Started o.e.j.w.WebAppContext@40c952f6{ozoneManager,/,file:///home/runner/work/ozone/ozone/hadoop-ozone/integration-test/target/test-classes/webapps/ozoneManager/,AVAILABLE}{file:/home/runner/work/ozone/ozone/hadoop-ozone/integration-test/target/test-classes/webapps/ozoneManager}
2022-08-10 20:38:28,046 [Listener at 127.0.0.1/37787] INFO  server.AbstractConnector (AbstractConnector.java:doStart(331)) - Started ServerConnector@7e1b80d3{HTTP/1.1, (http/1.1)}{0.0.0.0:46047}
2022-08-10 20:38:28,046 [Listener at 127.0.0.1/37787] INFO  server.Server (Server.java:doStart(415)) - Started @8110ms
2022-08-10 20:38:28,047 [Listener at 127.0.0.1/37787] WARN  impl.MetricsSystemImpl (MetricsSystemImpl.java:register(279)) - Sink prometheus already exists!
2022-08-10 20:38:28,047 [Listener at 127.0.0.1/37787] INFO  http.BaseHttpServer (BaseHttpServer.java:updateConnectorAddress(329)) - HTTP server of ozoneManager listening at http://0.0.0.0:46047
2022-08-10 20:38:28,048 [IPC Server Responder] INFO  ipc.Server (Server.java:run(1507)) - IPC Server Responder: starting
2022-08-10 20:38:28,048 [IPC Server listener on 37787] INFO  ipc.Server (Server.java:run(1344)) - IPC Server listener on 37787: starting
2022-08-10 20:38:28,053 [Listener at 127.0.0.1/37787] INFO  om.OzoneManager (OzoneManager.java:startTrashEmptier(1907)) - Trash Interval set to 0. Files deleted won't move to trash
2022-08-10 20:38:28,054 [Listener at 127.0.0.1/37787] INFO  ozone.MiniOzoneHAClusterImpl (MiniOzoneHAClusterImpl.java:createOMService(527)) - Started OzoneManager omNode-1 RPC server at localhost/127.0.0.1:37787
2022-08-10 20:38:28,055 [Listener at 127.0.0.1/37787] INFO  ha.OMHANodeDetails (OMHANodeDetails.java:loadOMHAConfig(121)) - ServiceID for OzoneManager is om-service-test1
2022-08-10 20:38:28,056 [Listener at 127.0.0.1/37787] INFO  ha.OMHANodeDetails (OMHANodeDetails.java:loadOMHAConfig(201)) - Found matching OM address with OMServiceId: om-service-test1, OMNodeId: omNode-2, RPC Address: localhost:36141 and Ratis port: 35563
2022-08-10 20:38:28,056 [Listener at 127.0.0.1/37787] INFO  ha.OMHANodeDetails (ConfUtils.java:setNodeSpecificConfigs(97)) - Setting configuration key ozone.om.http-address with value of key ozone.om.http-address.om-service-test1.omNode-2: 127.0.0.1:34965
2022-08-10 20:38:28,056 [Listener at 127.0.0.1/37787] INFO  ha.OMHANodeDetails (ConfUtils.java:setNodeSpecificConfigs(97)) - Setting configuration key ozone.om.https-address with value of key ozone.om.https-address.om-service-test1.omNode-2: 127.0.0.1:44149
2022-08-10 20:38:28,056 [Listener at 127.0.0.1/37787] INFO  ha.OMHANodeDetails (ConfUtils.java:setNodeSpecificConfigs(97)) - Setting configuration key ozone.om.address with value of key ozone.om.address.om-service-test1.omNode-2: 127.0.0.1:36141
2022-08-10 20:38:28,057 [Listener at 127.0.0.1/37787] WARN  server.ServerUtils (ServerUtils.java:getDBPath(225)) - ozone.om.db.dirs is not configured. We recommend adding this setting. Falling back to ozone.metadata.dirs instead.
2022-08-10 20:38:28,058 [Listener at 127.0.0.1/37787] INFO  proxy.SCMBlockLocationFailoverProxyProvider (SCMBlockLocationFailoverProxyProvider.java:<init>(114)) - Created block location fail-over proxy with 1 nodes: [nodeId=scmNodeId,nodeAddress=/0.0.0.0:45591]
2022-08-10 20:38:28,059 [org.apache.hadoop.util.JvmPauseMonitor$Monitor@1962d811] INFO  util.JvmPauseMonitor (JvmPauseMonitor.java:run(188)) - Starting JVM pause monitor
OM initialization succeeded.Current cluster id for sd=/home/runner/work/ozone/ozone/hadoop-ozone/integration-test/target/test-dir/MiniOzoneClusterImpl-6b5328db-83be-43cc-b602-c95cfe986a84/omNode-2/om;cid=6b5328db-83be-43cc-b602-c95cfe986a84;layoutVersion=3
2022-08-10 20:38:28,067 [Listener at 127.0.0.1/37787] INFO  ha.OMHANodeDetails (OMHANodeDetails.java:loadOMHAConfig(121)) - ServiceID for OzoneManager is om-service-test1
2022-08-10 20:38:28,068 [Listener at 127.0.0.1/37787] INFO  ha.OMHANodeDetails (OMHANodeDetails.java:loadOMHAConfig(201)) - Found matching OM address with OMServiceId: om-service-test1, OMNodeId: omNode-2, RPC Address: localhost:36141 and Ratis port: 35563
2022-08-10 20:38:28,068 [Listener at 127.0.0.1/37787] INFO  ha.OMHANodeDetails (ConfUtils.java:setNodeSpecificConfigs(97)) - Setting configuration key ozone.om.http-address with value of key ozone.om.http-address.om-service-test1.omNode-2: 127.0.0.1:34965
2022-08-10 20:38:28,068 [Listener at 127.0.0.1/37787] INFO  ha.OMHANodeDetails (ConfUtils.java:setNodeSpecificConfigs(97)) - Setting configuration key ozone.om.https-address with value of key ozone.om.https-address.om-service-test1.omNode-2: 127.0.0.1:44149
2022-08-10 20:38:28,068 [Listener at 127.0.0.1/37787] INFO  ha.OMHANodeDetails (ConfUtils.java:setNodeSpecificConfigs(97)) - Setting configuration key ozone.om.address with value of key ozone.om.address.om-service-test1.omNode-2: 127.0.0.1:36141
2022-08-10 20:38:28,069 [Listener at 127.0.0.1/37787] WARN  server.ServerUtils (ServerUtils.java:getDBPath(225)) - ozone.om.db.dirs is not configured. We recommend adding this setting. Falling back to ozone.metadata.dirs instead.
2022-08-10 20:38:28,069 [Listener at 127.0.0.1/37787] INFO  upgrade.AbstractLayoutVersionManager (AbstractLayoutVersionManager.java:init(83)) - Initializing Layout version manager with metadata layout = MULTITENANCY_SCHEMA (version = 3), software layout = MULTITENANCY_SCHEMA (version = 3)
2022-08-10 20:38:28,147 [Listener at 127.0.0.1/37787] INFO  reflections.Reflections (Reflections.java:scan(232)) - Reflections took 76 ms to scan 2 urls, producing 153 keys and 427 values [using 2 cores]
2022-08-10 20:38:28,148 [Listener at 127.0.0.1/37787] INFO  upgrade.OMLayoutVersionManager (OMLayoutVersionManager.java:lambda$0(115)) - Skipping Upgrade Action MockOmUpgradeAction since it has been finalized.
2022-08-10 20:38:28,148 [Listener at 127.0.0.1/37787] WARN  server.ServerUtils (ServerUtils.java:getDBPath(225)) - ozone.om.db.dirs is not configured. We recommend adding this setting. Falling back to ozone.metadata.dirs instead.
2022-08-10 20:38:28,149 [Listener at 127.0.0.1/37787] INFO  proxy.SCMBlockLocationFailoverProxyProvider (SCMBlockLocationFailoverProxyProvider.java:<init>(114)) - Created block location fail-over proxy with 1 nodes: [nodeId=scmNodeId,nodeAddress=/0.0.0.0:45591]
2022-08-10 20:38:28,151 [Listener at 127.0.0.1/37787] INFO  proxy.SCMBlockLocationFailoverProxyProvider (SCMBlockLocationFailoverProxyProvider.java:<init>(114)) - Created block location fail-over proxy with 1 nodes: [nodeId=scmNodeId,nodeAddress=/0.0.0.0:45591]
2022-08-10 20:38:28,160 [Listener at 127.0.0.1/37787] WARN  server.ServerUtils (ServerUtils.java:getDBPath(225)) - ozone.om.db.dirs is not configured. We recommend adding this setting. Falling back to ozone.metadata.dirs instead.
2022-08-10 20:38:28,161 [Listener at 127.0.0.1/37787] INFO  codec.OmKeyInfoCodec (OmKeyInfoCodec.java:<init>(49)) - OmKeyInfoCodec ignorePipeline = true
2022-08-10 20:38:28,161 [Listener at 127.0.0.1/37787] INFO  codec.RepeatedOmKeyInfoCodec (RepeatedOmKeyInfoCodec.java:<init>(41)) - RepeatedOmKeyInfoCodec ignorePipeline = true
2022-08-10 20:38:28,348 [Listener at 127.0.0.1/37787] INFO  om.OzoneManager (OzoneManager.java:instantiateServices(697)) - S3 Multi-Tenancy is disabled
2022-08-10 20:38:28,349 [Listener at 127.0.0.1/37787] INFO  om.OzoneManager (OzoneManager.java:addS3GVolumeToDB(4308)) - Created Volume s3v With Owner runner required for S3Gateway operations.
2022-08-10 20:38:28,349 [Listener at 127.0.0.1/37787] WARN  server.ServerUtils (ServerUtils.java:getDefaultRatisDirectory(237)) - Storage directory for Ratis is not configured. It is a good idea to map this to an SSD disk. Falling back to ozone.metadata.dirs
2022-08-10 20:38:28,350 [Listener at 127.0.0.1/37787] WARN  utils.OzoneManagerRatisUtils (OzoneManagerRatisUtils.java:getOMRatisSnapshotDirectory(434)) - ozone.om.ratis.snapshot.dir is not configured. Falling back to ozone.metadata.dirs config
2022-08-10 20:38:28,350 [Listener at 127.0.0.1/37787] INFO  snapshot.OzoneManagerSnapshotProvider (OzoneManagerSnapshotProvider.java:<init>(76)) - Initializing OM Snapshot Provider
2022-08-10 20:38:28,352 [Listener at 127.0.0.1/37787] WARN  impl.MetricRegistriesImpl (MetricRegistriesImpl.java:addReporterRegistration(111)) - New reporters are added after registries were created. Some metrics will be missing from the reporter. Please add reporter before adding any new registry.
2022-08-10 20:38:28,352 [Listener at 127.0.0.1/37787] WARN  impl.MetricRegistriesImpl (MetricRegistriesImpl.java:addReporterRegistration(111)) - New reporters are added after registries were created. Some metrics will be missing from the reporter. Please add reporter before adding any new registry.
2022-08-10 20:38:28,352 [Listener at 127.0.0.1/37787] WARN  server.ServerUtils (ServerUtils.java:getDefaultRatisDirectory(237)) - Storage directory for Ratis is not configured. It is a good idea to map this to an SSD disk. Falling back to ozone.metadata.dirs
2022-08-10 20:38:28,354 [Listener at 127.0.0.1/37787] INFO  ratis.OzoneManagerRatisServer (OzoneManagerRatisServer.java:<init>(159)) - Instantiating OM Ratis server with groupID: om-service-test1 and peers: localhost:35563, localhost:39235, localhost:38271
2022-08-10 20:38:28,354 [Listener at 127.0.0.1/37787] INFO  ratis.OzoneManagerStateMachine (OzoneManagerStateMachine.java:loadSnapshotInfoFromDB(632)) - LastAppliedIndex is set from TransactionInfo from OM DB as (t:0, i:~)
2022-08-10 20:38:28,359 [Listener at 127.0.0.1/37787] INFO  server.RaftServer (ConfUtils.java:logGet(46)) - raft.rpc.type = GRPC (default)
2022-08-10 20:38:28,359 [Listener at 127.0.0.1/37787] INFO  grpc.GrpcFactory (GrpcFactory.java:checkPooledByteBufAllocatorUseCacheForAllThreads(48)) - PERFORMANCE WARNING: useCacheForAllThreads is true that may cause Netty to create a lot garbage objects and, as a result, trigger GC.
	It is recommended to disable useCacheForAllThreads by setting -Dorg.apache.ratis.thirdparty.io.netty.allocator.useCacheForAllThreads=false in command line.
2022-08-10 20:38:28,360 [Listener at 127.0.0.1/37787] INFO  grpc.GrpcConfigKeys (ConfUtils.java:logGet(46)) - raft.grpc.admin.port = -1 (default)
2022-08-10 20:38:28,360 [Listener at 127.0.0.1/37787] INFO  grpc.GrpcConfigKeys (ConfUtils.java:logGet(46)) - raft.grpc.server.port = 35563 (custom)
2022-08-10 20:38:28,360 [Listener at 127.0.0.1/37787] INFO  grpc.GrpcConfigKeys (ConfUtils.java:logGet(46)) - raft.grpc.client.port = -1 (default)
2022-08-10 20:38:28,361 [Listener at 127.0.0.1/37787] INFO  grpc.GrpcConfigKeys (ConfUtils.java:logGet(46)) - raft.grpc.server.port = 35563 (custom)
2022-08-10 20:38:28,362 [Listener at 127.0.0.1/37787] INFO  grpc.GrpcConfigKeys (ConfUtils.java:logGet(46)) - raft.grpc.server.port = 35563 (custom)
2022-08-10 20:38:28,362 [Listener at 127.0.0.1/37787] INFO  server.GrpcService (ConfUtils.java:logGet(46)) - raft.grpc.message.size.max = 33554432 (custom)
2022-08-10 20:38:28,362 [Listener at 127.0.0.1/37787] INFO  server.RaftServerConfigKeys (ConfUtils.java:logGet(46)) - raft.server.log.appender.buffer.byte-limit = 33554432 (custom)
2022-08-10 20:38:28,362 [Listener at 127.0.0.1/37787] INFO  server.GrpcService (ConfUtils.java:logGet(46)) - raft.grpc.flow.control.window = 1MB (=1048576) (default)
2022-08-10 20:38:28,362 [Listener at 127.0.0.1/37787] INFO  server.RaftServerConfigKeys (ConfUtils.java:logGet(46)) - raft.server.rpc.request.timeout = 3000ms (default)
2022-08-10 20:38:28,363 [Listener at 127.0.0.1/37787] INFO  grpc.GrpcConfigKeys (ConfUtils.java:logGet(46)) - raft.grpc.server.async.request.thread.pool.cached = true (default)
2022-08-10 20:38:28,364 [Listener at 127.0.0.1/37787] INFO  grpc.GrpcConfigKeys (ConfUtils.java:logGet(46)) - raft.grpc.server.async.request.thread.pool.size = 32 (default)
2022-08-10 20:38:28,365 [Listener at 127.0.0.1/37787] INFO  impl.DataStreamServerImpl (ConfUtils.java:logGet(46)) - raft.datastream.type = DISABLED (default)
2022-08-10 20:38:28,368 [Listener at 127.0.0.1/37787] INFO  server.RaftServerConfigKeys (ConfUtils.java:logGet(46)) - raft.server.threadpool.proxy.cached = true (default)
2022-08-10 20:38:28,368 [Listener at 127.0.0.1/37787] INFO  server.RaftServerConfigKeys (ConfUtils.java:logGet(46)) - raft.server.threadpool.proxy.size = 0 (default)
2022-08-10 20:38:28,368 [Listener at 127.0.0.1/37787] INFO  server.RaftServerConfigKeys (ConfUtils.java:logGet(46)) - raft.server.rpc.slowness.timeout = 2s (custom)
2022-08-10 20:38:28,368 [Listener at 127.0.0.1/37787] INFO  server.RaftServerConfigKeys (ConfUtils.java:logGet(46)) - raft.server.leaderelection.leader.step-down.wait-time = 10s (default)
2022-08-10 20:38:28,369 [Listener at 127.0.0.1/37787] INFO  server.RaftServerConfigKeys (ConfUtils.java:logGet(46)) - raft.server.storage.dir = [/home/runner/work/ozone/ozone/hadoop-ozone/integration-test/target/test-dir/MiniOzoneClusterImpl-6b5328db-83be-43cc-b602-c95cfe986a84/omNode-2/ratis] (custom)
2022-08-10 20:38:28,369 [Listener at 127.0.0.1/37787] INFO  server.RaftServer (RaftServerProxy.java:addNew(96)) - omNode-2: addNew group-523986131536:[omNode-3|rpc:localhost:39235|priority:0, omNode-1|rpc:localhost:38271|priority:0, omNode-2|rpc:localhost:35563|priority:0] returns group-523986131536:java.util.concurrent.CompletableFuture@5e428dde[Not completed]
2022-08-10 20:38:28,369 [Listener at 127.0.0.1/37787] INFO  om.OzoneManager (OzoneManager.java:initializeRatisServer(1963)) - OzoneManager Ratis server initialized at port 35563
2022-08-10 20:38:28,371 [Listener at 127.0.0.1/37787] INFO  om.OzoneManager (OzoneManager.java:getRpcServer(1086)) - Creating RPC Server
2022-08-10 20:38:28,376 [pool-82-thread-1] INFO  server.RaftServer$Division (RaftServerImpl.java:<init>(190)) - omNode-2: new RaftServerImpl for group-523986131536:[omNode-3|rpc:localhost:39235|priority:0, omNode-1|rpc:localhost:38271|priority:0, omNode-2|rpc:localhost:35563|priority:0] with OzoneManagerStateMachine:uninitialized
2022-08-10 20:38:28,377 [pool-82-thread-1] INFO  server.RaftServerConfigKeys (ConfUtils.java:logGet(46)) - raft.server.rpc.timeout.min = 1s (custom)
2022-08-10 20:38:28,377 [pool-82-thread-1] INFO  server.RaftServerConfigKeys (ConfUtils.java:logGet(46)) - raft.server.rpc.timeout.max = 1200ms (custom)
2022-08-10 20:38:28,377 [pool-82-thread-1] INFO  server.RaftServerConfigKeys (ConfUtils.java:logGet(46)) - raft.server.rpc.sleep.time = 25ms (default)
2022-08-10 20:38:28,377 [pool-82-thread-1] INFO  server.RaftServerConfigKeys (ConfUtils.java:logGet(46)) - raft.server.rpc.slowness.timeout = 2s (custom)
2022-08-10 20:38:28,377 [pool-82-thread-1] INFO  server.RaftServerConfigKeys (ConfUtils.java:logGet(46)) - raft.server.leaderelection.leader.step-down.wait-time = 10s (default)
2022-08-10 20:38:28,377 [pool-82-thread-1] INFO  server.RaftServerConfigKeys (ConfUtils.java:logGet(46)) - raft.server.sleep.deviation.threshold = 300ms (default)
2022-08-10 20:38:28,377 [pool-82-thread-1] INFO  server.RaftServer$Division (ServerState.java:<init>(107)) - omNode-2@group-523986131536: ConfigurationManager, init=-1: [omNode-3|rpc:localhost:39235|priority:0, omNode-1|rpc:localhost:38271|priority:0, omNode-2|rpc:localhost:35563|priority:0], old=null, confs=<EMPTY_MAP>
2022-08-10 20:38:28,378 [pool-82-thread-1] INFO  server.RaftServerConfigKeys (ConfUtils.java:logGet(46)) - raft.server.storage.dir = [/home/runner/work/ozone/ozone/hadoop-ozone/integration-test/target/test-dir/MiniOzoneClusterImpl-6b5328db-83be-43cc-b602-c95cfe986a84/omNode-2/ratis] (custom)
2022-08-10 20:38:28,378 [pool-82-thread-1] INFO  server.RaftServerConfigKeys (ConfUtils.java:logGet(46)) - raft.server.log.corruption.policy = EXCEPTION (default)
2022-08-10 20:38:28,378 [pool-82-thread-1] INFO  server.RaftServerConfigKeys (ConfUtils.java:logGet(46)) - raft.server.storage.free-space.min = 0MB (=0) (default)
2022-08-10 20:38:28,378 [pool-82-thread-1] INFO  storage.RaftStorageDirectory (RaftStorageDirectoryImpl.java:analyzeStorage(135)) - The storage directory /home/runner/work/ozone/ozone/hadoop-ozone/integration-test/target/test-dir/MiniOzoneClusterImpl-6b5328db-83be-43cc-b602-c95cfe986a84/omNode-2/ratis/c9bc4cf4-3bc3-3c60-a66b-523986131536 does not exist. Creating ...
2022-08-10 20:38:28,387 [pool-82-thread-1] INFO  storage.RaftStorageDirectory (RaftStorageDirectoryImpl.java:tryLock(230)) - Lock on /home/runner/work/ozone/ozone/hadoop-ozone/integration-test/target/test-dir/MiniOzoneClusterImpl-6b5328db-83be-43cc-b602-c95cfe986a84/omNode-2/ratis/c9bc4cf4-3bc3-3c60-a66b-523986131536/in_use.lock acquired by nodename 17633@fv-az202-490
2022-08-10 20:38:28,391 [pool-82-thread-1] INFO  storage.RaftStorage (RaftStorageImpl.java:format(89)) - Storage directory /home/runner/work/ozone/ozone/hadoop-ozone/integration-test/target/test-dir/MiniOzoneClusterImpl-6b5328db-83be-43cc-b602-c95cfe986a84/omNode-2/ratis/c9bc4cf4-3bc3-3c60-a66b-523986131536 has been successfully formatted.
2022-08-10 20:38:28,391 [pool-82-thread-1] INFO  server.RaftServerConfigKeys (ConfUtils.java:logGet(46)) - raft.server.notification.no-leader.timeout = 2s (custom)
2022-08-10 20:38:28,391 [pool-82-thread-1] INFO  server.RaftServerConfigKeys (ConfUtils.java:logGet(46)) - raft.server.log.use.memory = false (default)
2022-08-10 20:38:28,391 [pool-82-thread-1] INFO  server.RaftServerConfigKeys (ConfUtils.java:logGet(46)) - raft.server.log.purge.gap = 50 (custom)
2022-08-10 20:38:28,391 [pool-82-thread-1] INFO  server.RaftServerConfigKeys (ConfUtils.java:logGet(46)) - raft.server.log.appender.buffer.byte-limit = 33554432 (custom)
2022-08-10 20:38:28,392 [pool-82-thread-1] INFO  server.RaftServerConfigKeys (ConfUtils.java:logGet(46)) - raft.server.log.statemachine.data.read.timeout = 1000ms (default)
2022-08-10 20:38:28,392 [pool-82-thread-1] INFO  server.RaftServerConfigKeys (ConfUtils.java:logGet(46)) - raft.server.log.segment.size.max = 4194304 (custom)
2022-08-10 20:38:28,392 [pool-82-thread-1] INFO  server.RaftServerConfigKeys (ConfUtils.java:logGet(46)) - raft.server.log.segment.cache.num.max = 2 (custom)
2022-08-10 20:38:28,392 [pool-82-thread-1] INFO  server.RaftServerConfigKeys (ConfUtils.java:logGet(46)) - raft.server.log.segment.cache.size.max = 200MB (=209715200) (default)
2022-08-10 20:38:28,392 [pool-82-thread-1] INFO  segmented.SegmentedRaftLogWorker (SegmentedRaftLogWorker.java:<init>(187)) - new omNode-2@group-523986131536-SegmentedRaftLogWorker for RaftStorageImpl:Storage Directory /home/runner/work/ozone/ozone/hadoop-ozone/integration-test/target/test-dir/MiniOzoneClusterImpl-6b5328db-83be-43cc-b602-c95cfe986a84/omNode-2/ratis/c9bc4cf4-3bc3-3c60-a66b-523986131536
2022-08-10 20:38:28,393 [pool-82-thread-1] INFO  server.RaftServerConfigKeys (ConfUtils.java:logGet(46)) - raft.server.log.queue.byte-limit = 64MB (=67108864) (default)
2022-08-10 20:38:28,393 [pool-82-thread-1] INFO  server.RaftServerConfigKeys (ConfUtils.java:logGet(46)) - raft.server.log.queue.element-limit = 4096 (default)
2022-08-10 20:38:28,393 [pool-82-thread-1] INFO  server.RaftServerConfigKeys (ConfUtils.java:logGet(46)) - raft.server.log.segment.size.max = 4194304 (custom)
2022-08-10 20:38:28,393 [pool-82-thread-1] INFO  server.RaftServerConfigKeys (ConfUtils.java:logGet(46)) - raft.server.log.preallocated.size = 4194304 (custom)
2022-08-10 20:38:28,393 [pool-82-thread-1] INFO  server.RaftServerConfigKeys (ConfUtils.java:logGet(46)) - raft.server.log.force.sync.num = 128 (default)
2022-08-10 20:38:28,393 [pool-82-thread-1] INFO  server.RaftServerConfigKeys (ConfUtils.java:logGet(46)) - raft.server.log.statemachine.data.sync = true (default)
2022-08-10 20:38:28,393 [pool-82-thread-1] INFO  server.RaftServerConfigKeys (ConfUtils.java:logGet(46)) - raft.server.log.statemachine.data.sync.timeout = 10s (default)
2022-08-10 20:38:28,393 [pool-82-thread-1] INFO  server.RaftServerConfigKeys (ConfUtils.java:logGet(46)) - raft.server.log.statemachine.data.sync.timeout.retry = -1 (default)
2022-08-10 20:38:28,394 [pool-82-thread-1] INFO  server.RaftServerConfigKeys (ConfUtils.java:logGet(46)) - raft.server.log.write.buffer.size = 64KB (=65536) (default)
2022-08-10 20:38:28,394 [pool-82-thread-1] INFO  server.RaftServerConfigKeys (ConfUtils.java:logGet(46)) - raft.server.log.unsafe-flush.enabled = false (default)
2022-08-10 20:38:28,394 [pool-82-thread-1] INFO  server.RaftServerConfigKeys (ConfUtils.java:logGet(46)) - raft.server.log.statemachine.data.caching.enabled = false (default)
2022-08-10 20:38:28,395 [pool-82-thread-1] INFO  segmented.SegmentedRaftLogWorker (SegmentedRaftLogWorker.java:lambda$new$0(135)) - omNode-2@group-523986131536-SegmentedRaftLogWorker: flushIndex: setUnconditionally 0 -> -1
2022-08-10 20:38:28,395 [pool-82-thread-1] INFO  segmented.SegmentedRaftLogWorker (SegmentedRaftLogWorker.java:lambda$new$0(135)) - omNode-2@group-523986131536-SegmentedRaftLogWorker: safeCacheEvictIndex: setUnconditionally 0 -> -1
2022-08-10 20:38:28,395 [pool-82-thread-1] INFO  server.RaftServerConfigKeys (ConfUtils.java:logGet(46)) - raft.server.snapshot.auto.trigger.enabled = true (custom)
2022-08-10 20:38:28,395 [pool-82-thread-1] INFO  server.RaftServerConfigKeys (ConfUtils.java:logGet(46)) - raft.server.snapshot.auto.trigger.threshold = 50 (custom)
2022-08-10 20:38:28,395 [pool-82-thread-1] INFO  server.RaftServerConfigKeys (ConfUtils.java:logGet(46)) - raft.server.snapshot.retention.file.num = -1 (default)
2022-08-10 20:38:28,395 [pool-82-thread-1] INFO  server.RaftServerConfigKeys (ConfUtils.java:logGet(46)) - raft.server.log.purge.upto.snapshot.index = true (custom)
2022-08-10 20:38:28,395 [pool-82-thread-1] INFO  server.RaftServerConfigKeys (ConfUtils.java:logGet(46)) - raft.server.retrycache.expirytime = 30000ms (custom)
2022-08-10 20:38:28,395 [pool-82-thread-1] INFO  server.RaftServerConfigKeys (ConfUtils.java:logGet(46)) - raft.server.retrycache.statistics.expirytime = 100μs (default)
2022-08-10 20:38:28,397 [pool-82-thread-1] INFO  server.RaftServerConfigKeys (ConfUtils.java:logGet(46)) - raft.server.log.appender.install.snapshot.enabled = false (custom)
2022-08-10 20:38:28,397 [pool-82-thread-1] INFO  server.RaftServerConfigKeys (ConfUtils.java:logGet(46)) - raft.server.threadpool.server.cached = true (default)
2022-08-10 20:38:28,397 [pool-82-thread-1] INFO  server.RaftServerConfigKeys (ConfUtils.java:logGet(46)) - raft.server.threadpool.server.size = 0 (default)
2022-08-10 20:38:28,397 [pool-82-thread-1] INFO  server.RaftServerConfigKeys (ConfUtils.java:logGet(46)) - raft.server.threadpool.client.cached = true (default)
2022-08-10 20:38:28,397 [pool-82-thread-1] INFO  server.RaftServerConfigKeys (ConfUtils.java:logGet(46)) - raft.server.threadpool.client.size = 0 (default)
2022-08-10 20:38:28,592 [Finalizer] WARN  managed.ManagedRocksObjectUtils (ManagedRocksObjectUtils.java:assertClosed(39)) - ManagedColumnFamilyOptions is not closed properly
2022-08-10 20:38:28,592 [Finalizer] WARN  managed.ManagedRocksObjectUtils (ManagedRocksObjectUtils.java:assertClosed(39)) - ManagedColumnFamilyOptions is not closed properly
2022-08-10 20:38:28,592 [Finalizer] WARN  managed.ManagedRocksObjectUtils (ManagedRocksObjectUtils.java:assertClosed(39)) - ManagedColumnFamilyOptions is not closed properly
2022-08-10 20:38:28,592 [Finalizer] WARN  managed.ManagedRocksObjectUtils (ManagedRocksObjectUtils.java:assertClosed(39)) - ManagedColumnFamilyOptions is not closed properly
2022-08-10 20:38:28,592 [Finalizer] WARN  managed.ManagedRocksObjectUtils (ManagedRocksObjectUtils.java:assertClosed(39)) - ManagedColumnFamilyOptions is not closed properly
2022-08-10 20:38:28,592 [Finalizer] WARN  managed.ManagedRocksObjectUtils (ManagedRocksObjectUtils.java:assertClosed(39)) - ManagedColumnFamilyOptions is not closed properly
2022-08-10 20:38:28,592 [Finalizer] WARN  managed.ManagedRocksObjectUtils (ManagedRocksObjectUtils.java:assertClosed(39)) - ManagedColumnFamilyOptions is not closed properly
2022-08-10 20:38:28,592 [Finalizer] WARN  managed.ManagedRocksObjectUtils (ManagedRocksObjectUtils.java:assertClosed(39)) - ManagedColumnFamilyOptions is not closed properly
2022-08-10 20:38:28,592 [Finalizer] WARN  managed.ManagedRocksObjectUtils (ManagedRocksObjectUtils.java:assertClosed(39)) - ManagedColumnFamilyOptions is not closed properly
2022-08-10 20:38:28,592 [Finalizer] WARN  managed.ManagedRocksObjectUtils (ManagedRocksObjectUtils.java:assertClosed(39)) - ManagedColumnFamilyOptions is not closed properly
2022-08-10 20:38:28,592 [Finalizer] WARN  managed.ManagedRocksObjectUtils (ManagedRocksObjectUtils.java:assertClosed(39)) - ManagedColumnFamilyOptions is not closed properly
2022-08-10 20:38:28,592 [Finalizer] WARN  managed.ManagedRocksObjectUtils (ManagedRocksObjectUtils.java:assertClosed(39)) - ManagedColumnFamilyOptions is not closed properly
2022-08-10 20:38:28,592 [Finalizer] WARN  managed.ManagedRocksObjectUtils (ManagedRocksObjectUtils.java:assertClosed(39)) - ManagedColumnFamilyOptions is not closed properly
2022-08-10 20:38:28,592 [Finalizer] WARN  managed.ManagedRocksObjectUtils (ManagedRocksObjectUtils.java:assertClosed(39)) - ManagedColumnFamilyOptions is not closed properly
2022-08-10 20:38:28,592 [Finalizer] WARN  managed.ManagedRocksObjectUtils (ManagedRocksObjectUtils.java:assertClosed(39)) - ManagedColumnFamilyOptions is not closed properly
2022-08-10 20:38:28,593 [Finalizer] WARN  managed.ManagedRocksObjectUtils (ManagedRocksObjectUtils.java:assertClosed(39)) - ManagedColumnFamilyOptions is not closed properly
2022-08-10 20:38:28,593 [Finalizer] WARN  managed.ManagedRocksObjectUtils (ManagedRocksObjectUtils.java:assertClosed(39)) - ManagedColumnFamilyOptions is not closed properly
2022-08-10 20:38:28,593 [Finalizer] WARN  managed.ManagedRocksObjectUtils (ManagedRocksObjectUtils.java:assertClosed(39)) - ManagedColumnFamilyOptions is not closed properly
2022-08-10 20:38:28,593 [Finalizer] WARN  managed.ManagedRocksObjectUtils (ManagedRocksObjectUtils.java:assertClosed(39)) - ManagedColumnFamilyOptions is not closed properly
2022-08-10 20:38:28,593 [Finalizer] WARN  managed.ManagedRocksObjectUtils (ManagedRocksObjectUtils.java:assertClosed(39)) - ManagedColumnFamilyOptions is not closed properly
2022-08-10 20:38:28,593 [Finalizer] WARN  managed.ManagedRocksObjectUtils (ManagedRocksObjectUtils.java:assertClosed(39)) - ManagedColumnFamilyOptions is not closed properly
2022-08-10 20:38:28,820 [Listener at 127.0.0.1/37787] INFO  reflections.Reflections (Reflections.java:scan(232)) - Reflections took 446 ms to scan 19 urls, producing 67 keys and 4152 values [using 2 cores]
2022-08-10 20:38:28,822 [Listener at 127.0.0.1/37787] INFO  ipc.CallQueueManager (CallQueueManager.java:<init>(90)) - Using callQueue: class java.util.concurrent.LinkedBlockingQueue, queueCapacity: 2000, scheduler: class org.apache.hadoop.ipc.DefaultRpcScheduler, ipcBackoff: false.
2022-08-10 20:38:28,823 [Socket Reader #1 for port 36141] INFO  ipc.Server (Server.java:run(1265)) - Starting Socket Reader #1 for port 36141
2022-08-10 20:38:28,847 [Listener at 127.0.0.1/36141] INFO  impl.MetricsSystemImpl (MetricsSystemImpl.java:init(158)) - OzoneManager metrics system started (again)
2022-08-10 20:38:28,859 [Listener at 127.0.0.1/36141] INFO  om.OzoneManager (OzoneManager.java:start(1470)) - OzoneManager RPC server is listening at localhost/127.0.0.1:36141
2022-08-10 20:38:28,860 [Listener at 127.0.0.1/36141] INFO  ratis.OzoneManagerRatisServer (OzoneManagerRatisServer.java:start(554)) - Starting OzoneManagerRatisServer omNode-2 at port 35563
2022-08-10 20:38:28,860 [omNode-2-impl-thread1] INFO  server.RaftServer$Division (RaftServerImpl.java:start(310)) - omNode-2@group-523986131536: start as a follower, conf=-1: [omNode-3|rpc:localhost:39235|priority:0, omNode-1|rpc:localhost:38271|priority:0, omNode-2|rpc:localhost:35563|priority:0], old=null
2022-08-10 20:38:28,860 [omNode-2-impl-thread1] INFO  server.RaftServer$Division (RaftServerImpl.java:setRole(299)) - omNode-2@group-523986131536: changes role from      null to FOLLOWER at term 0 for startAsFollower
2022-08-10 20:38:28,860 [omNode-2-impl-thread1] INFO  impl.RoleInfo (RoleInfo.java:updateAndGet(139)) - omNode-2: start omNode-2@group-523986131536-FollowerState
2022-08-10 20:38:28,861 [omNode-2-impl-thread1] INFO  util.JmxRegister (JmxRegister.java:tryRegister(44)) - Successfully registered JMX Bean with object name Ratis:service=RaftServer,group=group-523986131536,id=omNode-2
2022-08-10 20:38:28,864 [Listener at 127.0.0.1/36141] INFO  server.RaftServer (RaftServerProxy.java:lambda$start$6(382)) - omNode-2: start RPC server
2022-08-10 20:38:28,866 [Listener at 127.0.0.1/36141] INFO  server.GrpcService (GrpcService.java:startImpl(260)) - omNode-2: GrpcService started, listening on 35563
2022-08-10 20:38:28,867 [Listener at 127.0.0.1/36141] INFO  om.OzoneManager (OzoneManager.java:start(1486)) - Version File has different layout version (3) than OM DB (null). That is expected if this OM has never been finalized to a newer layout version.
2022-08-10 20:38:28,867 [org.apache.ratis.util.JvmPauseMonitor$$Lambda$703/1412835141@76372f7f] INFO  util.JvmPauseMonitor (JvmPauseMonitor.java:run(103)) - JvmPauseMonitor-omNode-2: Started
2022-08-10 20:38:28,871 [Listener at 127.0.0.1/36141] INFO  http.BaseHttpServer (BaseHttpServer.java:newHttpServer2BuilderForOzone(209)) - Starting Web-server for ozoneManager at: http://0.0.0.0:34965
2022-08-10 20:38:28,872 [Listener at 127.0.0.1/36141] INFO  http.BaseHttpServer (BaseHttpServer.java:<init>(107)) - Hadoop Security Enabled: false Ozone Security Enabled: false Ozone HTTP Security Enabled: false 
2022-08-10 20:38:28,873 [Listener at 127.0.0.1/36141] INFO  server.AuthenticationFilter (AuthenticationFilter.java:constructSecretProvider(240)) - Unable to initialize FileSignerSecretProvider, falling back to use random secrets.
2022-08-10 20:38:28,876 [Listener at 127.0.0.1/36141] WARN  http.HttpRequestLog (HttpRequestLog.java:getRequestLog(103)) - Jetty request log can only be enabled using Log4j
2022-08-10 20:38:28,878 [Listener at 127.0.0.1/36141] INFO  http.HttpServer2 (HttpServer2.java:addGlobalFilter(1029)) - Added global filter 'safety' (class=org.apache.hadoop.hdds.server.http.HttpServer2$QuotingInputFilter)
2022-08-10 20:38:28,878 [Listener at 127.0.0.1/36141] INFO  http.HttpServer2 (HttpServer2.java:addFilter(1005)) - Added filter static_user_filter (class=org.apache.hadoop.http.lib.StaticUserWebFilter$StaticUserFilter) to context ozoneManager
2022-08-10 20:38:28,879 [Listener at 127.0.0.1/36141] INFO  http.HttpServer2 (HttpServer2.java:addFilter(1013)) - Added filter static_user_filter (class=org.apache.hadoop.http.lib.StaticUserWebFilter$StaticUserFilter) to context logs
2022-08-10 20:38:28,879 [Listener at 127.0.0.1/36141] INFO  http.HttpServer2 (HttpServer2.java:addFilter(1013)) - Added filter static_user_filter (class=org.apache.hadoop.http.lib.StaticUserWebFilter$StaticUserFilter) to context static
2022-08-10 20:38:28,884 [Listener at 127.0.0.1/36141] INFO  http.HttpServer2 (HttpServer2.java:bindListener(1248)) - Jetty bound to port 34965
2022-08-10 20:38:28,886 [Listener at 127.0.0.1/36141] INFO  server.Server (Server.java:doStart(375)) - jetty-9.4.43.v20210629; built: 2021-06-30T11:07:22.254Z; git: 526006ecfa3af7f1a27ef3a288e2bef7ea9dd7e8; jvm 1.8.0_332-b09
2022-08-10 20:38:28,892 [Listener at 127.0.0.1/36141] INFO  server.session (DefaultSessionIdManager.java:doStart(334)) - DefaultSessionIdManager workerName=node0
2022-08-10 20:38:28,892 [Listener at 127.0.0.1/36141] INFO  server.session (DefaultSessionIdManager.java:doStart(339)) - No SessionScavenger set, using defaults
2022-08-10 20:38:28,893 [Listener at 127.0.0.1/36141] INFO  server.session (HouseKeeper.java:startScavenging(132)) - node0 Scavenging every 660000ms
2022-08-10 20:38:28,894 [Listener at 127.0.0.1/36141] INFO  handler.ContextHandler (ContextHandler.java:doStart(915)) - Started o.e.j.s.ServletContextHandler@6afa82fe{logs,/logs,file:///home/runner/work/ozone/ozone/hadoop-ozone/integration-test/target/log,AVAILABLE}
2022-08-10 20:38:28,894 [Listener at 127.0.0.1/36141] INFO  handler.ContextHandler (ContextHandler.java:doStart(915)) - Started o.e.j.s.ServletContextHandler@797b2044{static,/static,file:///home/runner/work/ozone/ozone/hadoop-ozone/integration-test/target/test-classes/webapps/static,AVAILABLE}
2022-08-10 20:38:28,899 [Listener at 127.0.0.1/36141] INFO  handler.ContextHandler (ContextHandler.java:doStart(915)) - Started o.e.j.w.WebAppContext@13008405{ozoneManager,/,file:///home/runner/work/ozone/ozone/hadoop-ozone/integration-test/target/test-classes/webapps/ozoneManager/,AVAILABLE}{file:/home/runner/work/ozone/ozone/hadoop-ozone/integration-test/target/test-classes/webapps/ozoneManager}
2022-08-10 20:38:28,901 [Listener at 127.0.0.1/36141] INFO  server.AbstractConnector (AbstractConnector.java:doStart(331)) - Started ServerConnector@4025832d{HTTP/1.1, (http/1.1)}{0.0.0.0:34965}
2022-08-10 20:38:28,901 [Listener at 127.0.0.1/36141] INFO  server.Server (Server.java:doStart(415)) - Started @8964ms
2022-08-10 20:38:28,901 [Listener at 127.0.0.1/36141] WARN  impl.MetricsSystemImpl (MetricsSystemImpl.java:register(279)) - Sink prometheus already exists!
2022-08-10 20:38:28,902 [Listener at 127.0.0.1/36141] INFO  http.BaseHttpServer (BaseHttpServer.java:updateConnectorAddress(329)) - HTTP server of ozoneManager listening at http://0.0.0.0:34965
2022-08-10 20:38:28,902 [IPC Server Responder] INFO  ipc.Server (Server.java:run(1507)) - IPC Server Responder: starting
2022-08-10 20:38:28,902 [IPC Server listener on 36141] INFO  ipc.Server (Server.java:run(1344)) - IPC Server listener on 36141: starting
2022-08-10 20:38:28,909 [Listener at 127.0.0.1/36141] INFO  om.OzoneManager (OzoneManager.java:startTrashEmptier(1907)) - Trash Interval set to 0. Files deleted won't move to trash
2022-08-10 20:38:28,910 [Listener at 127.0.0.1/36141] INFO  ozone.MiniOzoneHAClusterImpl (MiniOzoneHAClusterImpl.java:createOMService(527)) - Started OzoneManager omNode-2 RPC server at localhost/127.0.0.1:36141
2022-08-10 20:38:28,910 [org.apache.hadoop.util.JvmPauseMonitor$Monitor@36ab2c76] INFO  util.JvmPauseMonitor (JvmPauseMonitor.java:run(188)) - Starting JVM pause monitor
2022-08-10 20:38:28,911 [Listener at 127.0.0.1/36141] INFO  ha.OMHANodeDetails (OMHANodeDetails.java:loadOMHAConfig(121)) - ServiceID for OzoneManager is om-service-test1
2022-08-10 20:38:28,912 [Listener at 127.0.0.1/36141] INFO  ha.OMHANodeDetails (OMHANodeDetails.java:loadOMHAConfig(201)) - Found matching OM address with OMServiceId: om-service-test1, OMNodeId: omNode-3, RPC Address: localhost:39139 and Ratis port: 39235
2022-08-10 20:38:28,912 [Listener at 127.0.0.1/36141] INFO  ha.OMHANodeDetails (ConfUtils.java:setNodeSpecificConfigs(97)) - Setting configuration key ozone.om.http-address with value of key ozone.om.http-address.om-service-test1.omNode-3: 127.0.0.1:36913
2022-08-10 20:38:28,912 [Listener at 127.0.0.1/36141] INFO  ha.OMHANodeDetails (ConfUtils.java:setNodeSpecificConfigs(97)) - Setting configuration key ozone.om.https-address with value of key ozone.om.https-address.om-service-test1.omNode-3: 127.0.0.1:42545
2022-08-10 20:38:28,912 [Listener at 127.0.0.1/36141] INFO  ha.OMHANodeDetails (ConfUtils.java:setNodeSpecificConfigs(97)) - Setting configuration key ozone.om.address with value of key ozone.om.address.om-service-test1.omNode-3: 127.0.0.1:39139
2022-08-10 20:38:28,912 [Listener at 127.0.0.1/36141] WARN  server.ServerUtils (ServerUtils.java:getDBPath(225)) - ozone.om.db.dirs is not configured. We recommend adding this setting. Falling back to ozone.metadata.dirs instead.
2022-08-10 20:38:28,914 [Listener at 127.0.0.1/36141] INFO  proxy.SCMBlockLocationFailoverProxyProvider (SCMBlockLocationFailoverProxyProvider.java:<init>(114)) - Created block location fail-over proxy with 1 nodes: [nodeId=scmNodeId,nodeAddress=/0.0.0.0:45591]
OM initialization succeeded.Current cluster id for sd=/home/runner/work/ozone/ozone/hadoop-ozone/integration-test/target/test-dir/MiniOzoneClusterImpl-6b5328db-83be-43cc-b602-c95cfe986a84/omNode-3/om;cid=6b5328db-83be-43cc-b602-c95cfe986a84;layoutVersion=3
2022-08-10 20:38:28,922 [Listener at 127.0.0.1/36141] INFO  ha.OMHANodeDetails (OMHANodeDetails.java:loadOMHAConfig(121)) - ServiceID for OzoneManager is om-service-test1
2022-08-10 20:38:28,925 [Listener at 127.0.0.1/36141] INFO  ha.OMHANodeDetails (OMHANodeDetails.java:loadOMHAConfig(201)) - Found matching OM address with OMServiceId: om-service-test1, OMNodeId: omNode-3, RPC Address: localhost:39139 and Ratis port: 39235
2022-08-10 20:38:28,925 [Listener at 127.0.0.1/36141] INFO  ha.OMHANodeDetails (ConfUtils.java:setNodeSpecificConfigs(97)) - Setting configuration key ozone.om.http-address with value of key ozone.om.http-address.om-service-test1.omNode-3: 127.0.0.1:36913
2022-08-10 20:38:28,926 [Listener at 127.0.0.1/36141] INFO  ha.OMHANodeDetails (ConfUtils.java:setNodeSpecificConfigs(97)) - Setting configuration key ozone.om.https-address with value of key ozone.om.https-address.om-service-test1.omNode-3: 127.0.0.1:42545
2022-08-10 20:38:28,927 [Listener at 127.0.0.1/36141] INFO  ha.OMHANodeDetails (ConfUtils.java:setNodeSpecificConfigs(97)) - Setting configuration key ozone.om.address with value of key ozone.om.address.om-service-test1.omNode-3: 127.0.0.1:39139
2022-08-10 20:38:28,927 [Listener at 127.0.0.1/36141] WARN  server.ServerUtils (ServerUtils.java:getDBPath(225)) - ozone.om.db.dirs is not configured. We recommend adding this setting. Falling back to ozone.metadata.dirs instead.
2022-08-10 20:38:28,928 [Listener at 127.0.0.1/36141] INFO  upgrade.AbstractLayoutVersionManager (AbstractLayoutVersionManager.java:init(83)) - Initializing Layout version manager with metadata layout = MULTITENANCY_SCHEMA (version = 3), software layout = MULTITENANCY_SCHEMA (version = 3)
2022-08-10 20:38:28,998 [Listener at 127.0.0.1/36141] INFO  reflections.Reflections (Reflections.java:scan(232)) - Reflections took 69 ms to scan 2 urls, producing 153 keys and 427 values [using 2 cores]
2022-08-10 20:38:28,999 [Listener at 127.0.0.1/36141] INFO  upgrade.OMLayoutVersionManager (OMLayoutVersionManager.java:lambda$0(115)) - Skipping Upgrade Action MockOmUpgradeAction since it has been finalized.
2022-08-10 20:38:28,999 [Listener at 127.0.0.1/36141] WARN  server.ServerUtils (ServerUtils.java:getDBPath(225)) - ozone.om.db.dirs is not configured. We recommend adding this setting. Falling back to ozone.metadata.dirs instead.
2022-08-10 20:38:29,000 [Listener at 127.0.0.1/36141] INFO  proxy.SCMBlockLocationFailoverProxyProvider (SCMBlockLocationFailoverProxyProvider.java:<init>(114)) - Created block location fail-over proxy with 1 nodes: [nodeId=scmNodeId,nodeAddress=/0.0.0.0:45591]
2022-08-10 20:38:29,002 [Listener at 127.0.0.1/36141] INFO  proxy.SCMBlockLocationFailoverProxyProvider (SCMBlockLocationFailoverProxyProvider.java:<init>(114)) - Created block location fail-over proxy with 1 nodes: [nodeId=scmNodeId,nodeAddress=/0.0.0.0:45591]
2022-08-10 20:38:29,008 [Listener at 127.0.0.1/36141] WARN  server.ServerUtils (ServerUtils.java:getDBPath(225)) - ozone.om.db.dirs is not configured. We recommend adding this setting. Falling back to ozone.metadata.dirs instead.
2022-08-10 20:38:29,010 [Listener at 127.0.0.1/36141] INFO  codec.OmKeyInfoCodec (OmKeyInfoCodec.java:<init>(49)) - OmKeyInfoCodec ignorePipeline = true
2022-08-10 20:38:29,011 [Listener at 127.0.0.1/36141] INFO  codec.RepeatedOmKeyInfoCodec (RepeatedOmKeyInfoCodec.java:<init>(41)) - RepeatedOmKeyInfoCodec ignorePipeline = true
2022-08-10 20:38:29,134 [omNode-1@group-523986131536-FollowerState] INFO  impl.FollowerState (FollowerState.java:run(143)) - omNode-1@group-523986131536-FollowerState: change to CANDIDATE, lastRpcElapsedTime:1212057357ns, electionTimeout:1197ms
2022-08-10 20:38:29,135 [omNode-1@group-523986131536-FollowerState] INFO  impl.RoleInfo (RoleInfo.java:shutdownFollowerState(110)) - omNode-1: shutdown omNode-1@group-523986131536-FollowerState
2022-08-10 20:38:29,135 [omNode-1@group-523986131536-FollowerState] INFO  server.RaftServer$Division (RaftServerImpl.java:setRole(299)) - omNode-1@group-523986131536: changes role from  FOLLOWER to CANDIDATE at term 0 for changeToCandidate
2022-08-10 20:38:29,159 [omNode-1@group-523986131536-FollowerState] INFO  server.RaftServerConfigKeys (ConfUtils.java:logGet(46)) - raft.server.leaderelection.pre-vote = false (custom)
2022-08-10 20:38:29,159 [omNode-1@group-523986131536-FollowerState] INFO  impl.RoleInfo (RoleInfo.java:updateAndGet(139)) - omNode-1: start omNode-1@group-523986131536-LeaderElection1
2022-08-10 20:38:29,163 [omNode-1@group-523986131536-LeaderElection1] INFO  impl.LeaderElection (LeaderElection.java:askForVotes(310)) - omNode-1@group-523986131536-LeaderElection1 ELECTION round 0: submit vote requests at term 1 for -1: [omNode-3|rpc:localhost:39235|priority:0, omNode-1|rpc:localhost:38271|priority:0, omNode-2|rpc:localhost:35563|priority:0], old=null
2022-08-10 20:38:29,182 [Listener at 127.0.0.1/36141] INFO  om.OzoneManager (OzoneManager.java:instantiateServices(697)) - S3 Multi-Tenancy is disabled
2022-08-10 20:38:29,183 [Listener at 127.0.0.1/36141] INFO  om.OzoneManager (OzoneManager.java:addS3GVolumeToDB(4308)) - Created Volume s3v With Owner runner required for S3Gateway operations.
2022-08-10 20:38:29,184 [Listener at 127.0.0.1/36141] WARN  server.ServerUtils (ServerUtils.java:getDefaultRatisDirectory(237)) - Storage directory for Ratis is not configured. It is a good idea to map this to an SSD disk. Falling back to ozone.metadata.dirs
2022-08-10 20:38:29,184 [Listener at 127.0.0.1/36141] WARN  utils.OzoneManagerRatisUtils (OzoneManagerRatisUtils.java:getOMRatisSnapshotDirectory(434)) - ozone.om.ratis.snapshot.dir is not configured. Falling back to ozone.metadata.dirs config
2022-08-10 20:38:29,185 [Listener at 127.0.0.1/36141] INFO  snapshot.OzoneManagerSnapshotProvider (OzoneManagerSnapshotProvider.java:<init>(76)) - Initializing OM Snapshot Provider
2022-08-10 20:38:29,186 [Listener at 127.0.0.1/36141] WARN  impl.MetricRegistriesImpl (MetricRegistriesImpl.java:addReporterRegistration(111)) - New reporters are added after registries were created. Some metrics will be missing from the reporter. Please add reporter before adding any new registry.
2022-08-10 20:38:29,186 [Listener at 127.0.0.1/36141] WARN  impl.MetricRegistriesImpl (MetricRegistriesImpl.java:addReporterRegistration(111)) - New reporters are added after registries were created. Some metrics will be missing from the reporter. Please add reporter before adding any new registry.
2022-08-10 20:38:29,186 [Listener at 127.0.0.1/36141] WARN  server.ServerUtils (ServerUtils.java:getDefaultRatisDirectory(237)) - Storage directory for Ratis is not configured. It is a good idea to map this to an SSD disk. Falling back to ozone.metadata.dirs
2022-08-10 20:38:29,188 [Listener at 127.0.0.1/36141] INFO  ratis.OzoneManagerRatisServer (OzoneManagerRatisServer.java:<init>(159)) - Instantiating OM Ratis server with groupID: om-service-test1 and peers: localhost:39235, localhost:38271, localhost:35563
2022-08-10 20:38:29,188 [Listener at 127.0.0.1/36141] INFO  ratis.OzoneManagerStateMachine (OzoneManagerStateMachine.java:loadSnapshotInfoFromDB(632)) - LastAppliedIndex is set from TransactionInfo from OM DB as (t:0, i:~)
2022-08-10 20:38:29,191 [Listener at 127.0.0.1/36141] INFO  server.RaftServer (ConfUtils.java:logGet(46)) - raft.rpc.type = GRPC (default)
2022-08-10 20:38:29,192 [Listener at 127.0.0.1/36141] INFO  grpc.GrpcFactory (GrpcFactory.java:checkPooledByteBufAllocatorUseCacheForAllThreads(48)) - PERFORMANCE WARNING: useCacheForAllThreads is true that may cause Netty to create a lot garbage objects and, as a result, trigger GC.
	It is recommended to disable useCacheForAllThreads by setting -Dorg.apache.ratis.thirdparty.io.netty.allocator.useCacheForAllThreads=false in command line.
2022-08-10 20:38:29,193 [Listener at 127.0.0.1/36141] INFO  grpc.GrpcConfigKeys (ConfUtils.java:logGet(46)) - raft.grpc.admin.port = -1 (default)
2022-08-10 20:38:29,194 [Listener at 127.0.0.1/36141] INFO  grpc.GrpcConfigKeys (ConfUtils.java:logGet(46)) - raft.grpc.server.port = 39235 (custom)
2022-08-10 20:38:29,194 [Listener at 127.0.0.1/36141] INFO  grpc.GrpcConfigKeys (ConfUtils.java:logGet(46)) - raft.grpc.client.port = -1 (default)
2022-08-10 20:38:29,194 [Listener at 127.0.0.1/36141] INFO  grpc.GrpcConfigKeys (ConfUtils.java:logGet(46)) - raft.grpc.server.port = 39235 (custom)
2022-08-10 20:38:29,194 [Listener at 127.0.0.1/36141] INFO  grpc.GrpcConfigKeys (ConfUtils.java:logGet(46)) - raft.grpc.server.port = 39235 (custom)
2022-08-10 20:38:29,195 [Listener at 127.0.0.1/36141] INFO  server.GrpcService (ConfUtils.java:logGet(46)) - raft.grpc.message.size.max = 33554432 (custom)
2022-08-10 20:38:29,195 [Listener at 127.0.0.1/36141] INFO  server.RaftServerConfigKeys (ConfUtils.java:logGet(46)) - raft.server.log.appender.buffer.byte-limit = 33554432 (custom)
2022-08-10 20:38:29,195 [Listener at 127.0.0.1/36141] INFO  server.GrpcService (ConfUtils.java:logGet(46)) - raft.grpc.flow.control.window = 1MB (=1048576) (default)
2022-08-10 20:38:29,195 [Listener at 127.0.0.1/36141] INFO  server.RaftServerConfigKeys (ConfUtils.java:logGet(46)) - raft.server.rpc.request.timeout = 3000ms (default)
2022-08-10 20:38:29,195 [Listener at 127.0.0.1/36141] INFO  grpc.GrpcConfigKeys (ConfUtils.java:logGet(46)) - raft.grpc.server.async.request.thread.pool.cached = true (default)
2022-08-10 20:38:29,195 [Listener at 127.0.0.1/36141] INFO  grpc.GrpcConfigKeys (ConfUtils.java:logGet(46)) - raft.grpc.server.async.request.thread.pool.size = 32 (default)
2022-08-10 20:38:29,202 [Listener at 127.0.0.1/36141] INFO  impl.DataStreamServerImpl (ConfUtils.java:logGet(46)) - raft.datastream.type = DISABLED (default)
2022-08-10 20:38:29,202 [Listener at 127.0.0.1/36141] INFO  server.RaftServerConfigKeys (ConfUtils.java:logGet(46)) - raft.server.threadpool.proxy.cached = true (default)
2022-08-10 20:38:29,202 [Listener at 127.0.0.1/36141] INFO  server.RaftServerConfigKeys (ConfUtils.java:logGet(46)) - raft.server.threadpool.proxy.size = 0 (default)
2022-08-10 20:38:29,202 [Listener at 127.0.0.1/36141] INFO  server.RaftServerConfigKeys (ConfUtils.java:logGet(46)) - raft.server.rpc.slowness.timeout = 2s (custom)
2022-08-10 20:38:29,203 [Listener at 127.0.0.1/36141] INFO  server.RaftServerConfigKeys (ConfUtils.java:logGet(46)) - raft.server.leaderelection.leader.step-down.wait-time = 10s (default)
2022-08-10 20:38:29,206 [Listener at 127.0.0.1/36141] INFO  server.RaftServerConfigKeys (ConfUtils.java:logGet(46)) - raft.server.storage.dir = [/home/runner/work/ozone/ozone/hadoop-ozone/integration-test/target/test-dir/MiniOzoneClusterImpl-6b5328db-83be-43cc-b602-c95cfe986a84/omNode-3/ratis] (custom)
2022-08-10 20:38:29,215 [Listener at 127.0.0.1/36141] INFO  server.RaftServer (RaftServerProxy.java:addNew(96)) - omNode-3: addNew group-523986131536:[omNode-3|rpc:localhost:39235|priority:0, omNode-1|rpc:localhost:38271|priority:0, omNode-2|rpc:localhost:35563|priority:0] returns group-523986131536:java.util.concurrent.CompletableFuture@106960fe[Not completed]
2022-08-10 20:38:29,215 [Listener at 127.0.0.1/36141] INFO  om.OzoneManager (OzoneManager.java:initializeRatisServer(1963)) - OzoneManager Ratis server initialized at port 39235
2022-08-10 20:38:29,217 [Listener at 127.0.0.1/36141] INFO  om.OzoneManager (OzoneManager.java:getRpcServer(1086)) - Creating RPC Server
2022-08-10 20:38:29,235 [pool-107-thread-1] INFO  server.RaftServer$Division (RaftServerImpl.java:<init>(190)) - omNode-3: new RaftServerImpl for group-523986131536:[omNode-3|rpc:localhost:39235|priority:0, omNode-1|rpc:localhost:38271|priority:0, omNode-2|rpc:localhost:35563|priority:0] with OzoneManagerStateMachine:uninitialized
2022-08-10 20:38:29,235 [pool-107-thread-1] INFO  server.RaftServerConfigKeys (ConfUtils.java:logGet(46)) - raft.server.rpc.timeout.min = 1s (custom)
2022-08-10 20:38:29,235 [pool-107-thread-1] INFO  server.RaftServerConfigKeys (ConfUtils.java:logGet(46)) - raft.server.rpc.timeout.max = 1200ms (custom)
2022-08-10 20:38:29,236 [pool-107-thread-1] INFO  server.RaftServerConfigKeys (ConfUtils.java:logGet(46)) - raft.server.rpc.sleep.time = 25ms (default)
2022-08-10 20:38:29,236 [pool-107-thread-1] INFO  server.RaftServerConfigKeys (ConfUtils.java:logGet(46)) - raft.server.rpc.slowness.timeout = 2s (custom)
2022-08-10 20:38:29,236 [pool-107-thread-1] INFO  server.RaftServerConfigKeys (ConfUtils.java:logGet(46)) - raft.server.leaderelection.leader.step-down.wait-time = 10s (default)
2022-08-10 20:38:29,236 [pool-107-thread-1] INFO  server.RaftServerConfigKeys (ConfUtils.java:logGet(46)) - raft.server.sleep.deviation.threshold = 300ms (default)
2022-08-10 20:38:29,236 [pool-107-thread-1] INFO  server.RaftServer$Division (ServerState.java:<init>(107)) - omNode-3@group-523986131536: ConfigurationManager, init=-1: [omNode-3|rpc:localhost:39235|priority:0, omNode-1|rpc:localhost:38271|priority:0, omNode-2|rpc:localhost:35563|priority:0], old=null, confs=<EMPTY_MAP>
2022-08-10 20:38:29,236 [pool-107-thread-1] INFO  server.RaftServerConfigKeys (ConfUtils.java:logGet(46)) - raft.server.storage.dir = [/home/runner/work/ozone/ozone/hadoop-ozone/integration-test/target/test-dir/MiniOzoneClusterImpl-6b5328db-83be-43cc-b602-c95cfe986a84/omNode-3/ratis] (custom)
2022-08-10 20:38:29,236 [pool-107-thread-1] INFO  server.RaftServerConfigKeys (ConfUtils.java:logGet(46)) - raft.server.log.corruption.policy = EXCEPTION (default)
2022-08-10 20:38:29,236 [pool-107-thread-1] INFO  server.RaftServerConfigKeys (ConfUtils.java:logGet(46)) - raft.server.storage.free-space.min = 0MB (=0) (default)
2022-08-10 20:38:29,236 [pool-107-thread-1] INFO  storage.RaftStorageDirectory (RaftStorageDirectoryImpl.java:analyzeStorage(135)) - The storage directory /home/runner/work/ozone/ozone/hadoop-ozone/integration-test/target/test-dir/MiniOzoneClusterImpl-6b5328db-83be-43cc-b602-c95cfe986a84/omNode-3/ratis/c9bc4cf4-3bc3-3c60-a66b-523986131536 does not exist. Creating ...
2022-08-10 20:38:29,238 [pool-107-thread-1] INFO  storage.RaftStorageDirectory (RaftStorageDirectoryImpl.java:tryLock(230)) - Lock on /home/runner/work/ozone/ozone/hadoop-ozone/integration-test/target/test-dir/MiniOzoneClusterImpl-6b5328db-83be-43cc-b602-c95cfe986a84/omNode-3/ratis/c9bc4cf4-3bc3-3c60-a66b-523986131536/in_use.lock acquired by nodename 17633@fv-az202-490
2022-08-10 20:38:29,240 [pool-107-thread-1] INFO  storage.RaftStorage (RaftStorageImpl.java:format(89)) - Storage directory /home/runner/work/ozone/ozone/hadoop-ozone/integration-test/target/test-dir/MiniOzoneClusterImpl-6b5328db-83be-43cc-b602-c95cfe986a84/omNode-3/ratis/c9bc4cf4-3bc3-3c60-a66b-523986131536 has been successfully formatted.
2022-08-10 20:38:29,240 [pool-107-thread-1] INFO  server.RaftServerConfigKeys (ConfUtils.java:logGet(46)) - raft.server.notification.no-leader.timeout = 2s (custom)
2022-08-10 20:38:29,241 [pool-107-thread-1] INFO  server.RaftServerConfigKeys (ConfUtils.java:logGet(46)) - raft.server.log.use.memory = false (default)
2022-08-10 20:38:29,241 [pool-107-thread-1] INFO  server.RaftServerConfigKeys (ConfUtils.java:logGet(46)) - raft.server.log.purge.gap = 50 (custom)
2022-08-10 20:38:29,241 [pool-107-thread-1] INFO  server.RaftServerConfigKeys (ConfUtils.java:logGet(46)) - raft.server.log.appender.buffer.byte-limit = 33554432 (custom)
2022-08-10 20:38:29,241 [pool-107-thread-1] INFO  server.RaftServerConfigKeys (ConfUtils.java:logGet(46)) - raft.server.log.statemachine.data.read.timeout = 1000ms (default)
2022-08-10 20:38:29,241 [pool-107-thread-1] INFO  server.RaftServerConfigKeys (ConfUtils.java:logGet(46)) - raft.server.log.segment.size.max = 4194304 (custom)
2022-08-10 20:38:29,242 [pool-107-thread-1] INFO  server.RaftServerConfigKeys (ConfUtils.java:logGet(46)) - raft.server.log.segment.cache.num.max = 2 (custom)
2022-08-10 20:38:29,242 [pool-107-thread-1] INFO  server.RaftServerConfigKeys (ConfUtils.java:logGet(46)) - raft.server.log.segment.cache.size.max = 200MB (=209715200) (default)
2022-08-10 20:38:29,242 [pool-107-thread-1] INFO  segmented.SegmentedRaftLogWorker (SegmentedRaftLogWorker.java:<init>(187)) - new omNode-3@group-523986131536-SegmentedRaftLogWorker for RaftStorageImpl:Storage Directory /home/runner/work/ozone/ozone/hadoop-ozone/integration-test/target/test-dir/MiniOzoneClusterImpl-6b5328db-83be-43cc-b602-c95cfe986a84/omNode-3/ratis/c9bc4cf4-3bc3-3c60-a66b-523986131536
2022-08-10 20:38:29,242 [pool-107-thread-1] INFO  server.RaftServerConfigKeys (ConfUtils.java:logGet(46)) - raft.server.log.queue.byte-limit = 64MB (=67108864) (default)
2022-08-10 20:38:29,242 [pool-107-thread-1] INFO  server.RaftServerConfigKeys (ConfUtils.java:logGet(46)) - raft.server.log.queue.element-limit = 4096 (default)
2022-08-10 20:38:29,242 [pool-107-thread-1] INFO  server.RaftServerConfigKeys (ConfUtils.java:logGet(46)) - raft.server.log.segment.size.max = 4194304 (custom)
2022-08-10 20:38:29,242 [pool-107-thread-1] INFO  server.RaftServerConfigKeys (ConfUtils.java:logGet(46)) - raft.server.log.preallocated.size = 4194304 (custom)
2022-08-10 20:38:29,242 [pool-107-thread-1] INFO  server.RaftServerConfigKeys (ConfUtils.java:logGet(46)) - raft.server.log.force.sync.num = 128 (default)
2022-08-10 20:38:29,242 [pool-107-thread-1] INFO  server.RaftServerConfigKeys (ConfUtils.java:logGet(46)) - raft.server.log.statemachine.data.sync = true (default)
2022-08-10 20:38:29,242 [pool-107-thread-1] INFO  server.RaftServerConfigKeys (ConfUtils.java:logGet(46)) - raft.server.log.statemachine.data.sync.timeout = 10s (default)
2022-08-10 20:38:29,242 [pool-107-thread-1] INFO  server.RaftServerConfigKeys (ConfUtils.java:logGet(46)) - raft.server.log.statemachine.data.sync.timeout.retry = -1 (default)
2022-08-10 20:38:29,243 [pool-107-thread-1] INFO  server.RaftServerConfigKeys (ConfUtils.java:logGet(46)) - raft.server.log.write.buffer.size = 64KB (=65536) (default)
2022-08-10 20:38:29,244 [pool-107-thread-1] INFO  server.RaftServerConfigKeys (ConfUtils.java:logGet(46)) - raft.server.log.unsafe-flush.enabled = false (default)
2022-08-10 20:38:29,244 [pool-107-thread-1] INFO  server.RaftServerConfigKeys (ConfUtils.java:logGet(46)) - raft.server.log.statemachine.data.caching.enabled = false (default)
2022-08-10 20:38:29,244 [pool-107-thread-1] INFO  segmented.SegmentedRaftLogWorker (SegmentedRaftLogWorker.java:lambda$new$0(135)) - omNode-3@group-523986131536-SegmentedRaftLogWorker: flushIndex: setUnconditionally 0 -> -1
2022-08-10 20:38:29,244 [pool-107-thread-1] INFO  segmented.SegmentedRaftLogWorker (SegmentedRaftLogWorker.java:lambda$new$0(135)) - omNode-3@group-523986131536-SegmentedRaftLogWorker: safeCacheEvictIndex: setUnconditionally 0 -> -1
2022-08-10 20:38:29,259 [pool-107-thread-1] INFO  server.RaftServerConfigKeys (ConfUtils.java:logGet(46)) - raft.server.snapshot.auto.trigger.enabled = true (custom)
2022-08-10 20:38:29,259 [pool-107-thread-1] INFO  server.RaftServerConfigKeys (ConfUtils.java:logGet(46)) - raft.server.snapshot.auto.trigger.threshold = 50 (custom)
2022-08-10 20:38:29,259 [pool-107-thread-1] INFO  server.RaftServerConfigKeys (ConfUtils.java:logGet(46)) - raft.server.snapshot.retention.file.num = -1 (default)
2022-08-10 20:38:29,259 [pool-107-thread-1] INFO  server.RaftServerConfigKeys (ConfUtils.java:logGet(46)) - raft.server.log.purge.upto.snapshot.index = true (custom)
2022-08-10 20:38:29,259 [pool-107-thread-1] INFO  server.RaftServerConfigKeys (ConfUtils.java:logGet(46)) - raft.server.retrycache.expirytime = 30000ms (custom)
2022-08-10 20:38:29,260 [pool-107-thread-1] INFO  server.RaftServerConfigKeys (ConfUtils.java:logGet(46)) - raft.server.retrycache.statistics.expirytime = 100μs (default)
2022-08-10 20:38:29,261 [pool-107-thread-1] INFO  server.RaftServerConfigKeys (ConfUtils.java:logGet(46)) - raft.server.log.appender.install.snapshot.enabled = false (custom)
2022-08-10 20:38:29,261 [pool-107-thread-1] INFO  server.RaftServerConfigKeys (ConfUtils.java:logGet(46)) - raft.server.threadpool.server.cached = true (default)
2022-08-10 20:38:29,261 [pool-107-thread-1] INFO  server.RaftServerConfigKeys (ConfUtils.java:logGet(46)) - raft.server.threadpool.server.size = 0 (default)
2022-08-10 20:38:29,261 [pool-107-thread-1] INFO  server.RaftServerConfigKeys (ConfUtils.java:logGet(46)) - raft.server.threadpool.client.cached = true (default)
2022-08-10 20:38:29,261 [pool-107-thread-1] INFO  server.RaftServerConfigKeys (ConfUtils.java:logGet(46)) - raft.server.threadpool.client.size = 0 (default)
2022-08-10 20:38:29,532 [Finalizer] WARN  managed.ManagedRocksObjectUtils (ManagedRocksObjectUtils.java:assertClosed(39)) - ManagedColumnFamilyOptions is not closed properly
2022-08-10 20:38:29,532 [Finalizer] WARN  managed.ManagedRocksObjectUtils (ManagedRocksObjectUtils.java:assertClosed(39)) - ManagedColumnFamilyOptions is not closed properly
2022-08-10 20:38:29,532 [Finalizer] WARN  managed.ManagedRocksObjectUtils (ManagedRocksObjectUtils.java:assertClosed(39)) - ManagedColumnFamilyOptions is not closed properly
2022-08-10 20:38:29,532 [Finalizer] WARN  managed.ManagedRocksObjectUtils (ManagedRocksObjectUtils.java:assertClosed(39)) - ManagedColumnFamilyOptions is not closed properly
2022-08-10 20:38:29,532 [Finalizer] WARN  managed.ManagedRocksObjectUtils (ManagedRocksObjectUtils.java:assertClosed(39)) - ManagedColumnFamilyOptions is not closed properly
2022-08-10 20:38:29,532 [Finalizer] WARN  managed.ManagedRocksObjectUtils (ManagedRocksObjectUtils.java:assertClosed(39)) - ManagedColumnFamilyOptions is not closed properly
2022-08-10 20:38:29,532 [Finalizer] WARN  managed.ManagedRocksObjectUtils (ManagedRocksObjectUtils.java:assertClosed(39)) - ManagedColumnFamilyOptions is not closed properly
2022-08-10 20:38:29,532 [Finalizer] WARN  managed.ManagedRocksObjectUtils (ManagedRocksObjectUtils.java:assertClosed(39)) - ManagedColumnFamilyOptions is not closed properly
2022-08-10 20:38:29,532 [Finalizer] WARN  managed.ManagedRocksObjectUtils (ManagedRocksObjectUtils.java:assertClosed(39)) - ManagedColumnFamilyOptions is not closed properly
2022-08-10 20:38:29,532 [Finalizer] WARN  managed.ManagedRocksObjectUtils (ManagedRocksObjectUtils.java:assertClosed(39)) - ManagedColumnFamilyOptions is not closed properly
2022-08-10 20:38:29,532 [Finalizer] WARN  managed.ManagedRocksObjectUtils (ManagedRocksObjectUtils.java:assertClosed(39)) - ManagedColumnFamilyOptions is not closed properly
2022-08-10 20:38:29,532 [Finalizer] WARN  managed.ManagedRocksObjectUtils (ManagedRocksObjectUtils.java:assertClosed(39)) - ManagedColumnFamilyOptions is not closed properly
2022-08-10 20:38:29,532 [Finalizer] WARN  managed.ManagedRocksObjectUtils (ManagedRocksObjectUtils.java:assertClosed(39)) - ManagedColumnFamilyOptions is not closed properly
2022-08-10 20:38:29,532 [Finalizer] WARN  managed.ManagedRocksObjectUtils (ManagedRocksObjectUtils.java:assertClosed(39)) - ManagedColumnFamilyOptions is not closed properly
2022-08-10 20:38:29,532 [Finalizer] WARN  managed.ManagedRocksObjectUtils (ManagedRocksObjectUtils.java:assertClosed(39)) - ManagedColumnFamilyOptions is not closed properly
2022-08-10 20:38:29,532 [Finalizer] WARN  managed.ManagedRocksObjectUtils (ManagedRocksObjectUtils.java:assertClosed(39)) - ManagedColumnFamilyOptions is not closed properly
2022-08-10 20:38:29,532 [Finalizer] WARN  managed.ManagedRocksObjectUtils (ManagedRocksObjectUtils.java:assertClosed(39)) - ManagedColumnFamilyOptions is not closed properly
2022-08-10 20:38:29,532 [Finalizer] WARN  managed.ManagedRocksObjectUtils (ManagedRocksObjectUtils.java:assertClosed(39)) - ManagedColumnFamilyOptions is not closed properly
2022-08-10 20:38:29,532 [Finalizer] WARN  managed.ManagedRocksObjectUtils (ManagedRocksObjectUtils.java:assertClosed(39)) - ManagedColumnFamilyOptions is not closed properly
2022-08-10 20:38:29,533 [Finalizer] WARN  managed.ManagedRocksObjectUtils (ManagedRocksObjectUtils.java:assertClosed(39)) - ManagedColumnFamilyOptions is not closed properly
2022-08-10 20:38:29,533 [Finalizer] WARN  managed.ManagedRocksObjectUtils (ManagedRocksObjectUtils.java:assertClosed(39)) - ManagedColumnFamilyOptions is not closed properly
2022-08-10 20:38:29,929 [Listener at 127.0.0.1/36141] INFO  reflections.Reflections (Reflections.java:scan(232)) - Reflections took 711 ms to scan 19 urls, producing 67 keys and 4152 values [using 2 cores]
2022-08-10 20:38:29,931 [Listener at 127.0.0.1/36141] INFO  ipc.CallQueueManager (CallQueueManager.java:<init>(90)) - Using callQueue: class java.util.concurrent.LinkedBlockingQueue, queueCapacity: 2000, scheduler: class org.apache.hadoop.ipc.DefaultRpcScheduler, ipcBackoff: false.
2022-08-10 20:38:29,932 [Socket Reader #1 for port 39139] INFO  ipc.Server (Server.java:run(1265)) - Starting Socket Reader #1 for port 39139
2022-08-10 20:38:29,976 [omNode-2@group-523986131536-FollowerState] INFO  impl.FollowerState (FollowerState.java:run(143)) - omNode-2@group-523986131536-FollowerState: change to CANDIDATE, lastRpcElapsedTime:1116268688ns, electionTimeout:1113ms
2022-08-10 20:38:29,977 [omNode-2@group-523986131536-FollowerState] INFO  impl.RoleInfo (RoleInfo.java:shutdownFollowerState(110)) - omNode-2: shutdown omNode-2@group-523986131536-FollowerState
2022-08-10 20:38:29,977 [omNode-2@group-523986131536-FollowerState] INFO  server.RaftServer$Division (RaftServerImpl.java:setRole(299)) - omNode-2@group-523986131536: changes role from  FOLLOWER to CANDIDATE at term 0 for changeToCandidate
2022-08-10 20:38:29,978 [omNode-2@group-523986131536-FollowerState] INFO  server.RaftServerConfigKeys (ConfUtils.java:logGet(46)) - raft.server.leaderelection.pre-vote = false (custom)
2022-08-10 20:38:29,978 [omNode-2@group-523986131536-FollowerState] INFO  impl.RoleInfo (RoleInfo.java:updateAndGet(139)) - omNode-2: start omNode-2@group-523986131536-LeaderElection2
2022-08-10 20:38:29,987 [Listener at 127.0.0.1/39139] INFO  impl.MetricsSystemImpl (MetricsSystemImpl.java:init(158)) - OzoneManager metrics system started (again)
2022-08-10 20:38:30,002 [Listener at 127.0.0.1/39139] INFO  om.OzoneManager (OzoneManager.java:start(1470)) - OzoneManager RPC server is listening at localhost/127.0.0.1:39139
2022-08-10 20:38:30,002 [Listener at 127.0.0.1/39139] INFO  ratis.OzoneManagerRatisServer (OzoneManagerRatisServer.java:start(554)) - Starting OzoneManagerRatisServer omNode-3 at port 39235
2022-08-10 20:38:30,003 [omNode-3-impl-thread1] INFO  server.RaftServer$Division (RaftServerImpl.java:start(310)) - omNode-3@group-523986131536: start as a follower, conf=-1: [omNode-3|rpc:localhost:39235|priority:0, omNode-1|rpc:localhost:38271|priority:0, omNode-2|rpc:localhost:35563|priority:0], old=null
2022-08-10 20:38:30,003 [omNode-3-impl-thread1] INFO  server.RaftServer$Division (RaftServerImpl.java:setRole(299)) - omNode-3@group-523986131536: changes role from      null to FOLLOWER at term 0 for startAsFollower
2022-08-10 20:38:30,003 [omNode-3-impl-thread1] INFO  impl.RoleInfo (RoleInfo.java:updateAndGet(139)) - omNode-3: start omNode-3@group-523986131536-FollowerState
2022-08-10 20:38:30,005 [omNode-3-impl-thread1] INFO  util.JmxRegister (JmxRegister.java:tryRegister(44)) - Successfully registered JMX Bean with object name Ratis:service=RaftServer,group=group-523986131536,id=omNode-3
2022-08-10 20:38:30,015 [Listener at 127.0.0.1/39139] INFO  server.RaftServer (RaftServerProxy.java:lambda$start$6(382)) - omNode-3: start RPC server
2022-08-10 20:38:30,016 [omNode-2@group-523986131536-LeaderElection2] INFO  impl.LeaderElection (LeaderElection.java:askForVotes(310)) - omNode-2@group-523986131536-LeaderElection2 ELECTION round 0: submit vote requests at term 1 for -1: [omNode-3|rpc:localhost:39235|priority:0, omNode-1|rpc:localhost:38271|priority:0, omNode-2|rpc:localhost:35563|priority:0], old=null
2022-08-10 20:38:30,019 [Listener at 127.0.0.1/39139] INFO  server.GrpcService (GrpcService.java:startImpl(260)) - omNode-3: GrpcService started, listening on 39235
2022-08-10 20:38:30,020 [Listener at 127.0.0.1/39139] INFO  om.OzoneManager (OzoneManager.java:start(1486)) - Version File has different layout version (3) than OM DB (null). That is expected if this OM has never been finalized to a newer layout version.
2022-08-10 20:38:30,020 [org.apache.ratis.util.JvmPauseMonitor$$Lambda$703/1412835141@74121a9] INFO  util.JvmPauseMonitor (JvmPauseMonitor.java:run(103)) - JvmPauseMonitor-omNode-3: Started
2022-08-10 20:38:30,025 [Listener at 127.0.0.1/39139] INFO  http.BaseHttpServer (BaseHttpServer.java:newHttpServer2BuilderForOzone(209)) - Starting Web-server for ozoneManager at: http://0.0.0.0:36913
2022-08-10 20:38:30,025 [Listener at 127.0.0.1/39139] INFO  http.BaseHttpServer (BaseHttpServer.java:<init>(107)) - Hadoop Security Enabled: false Ozone Security Enabled: false Ozone HTTP Security Enabled: false 
2022-08-10 20:38:30,028 [Listener at 127.0.0.1/39139] INFO  server.AuthenticationFilter (AuthenticationFilter.java:constructSecretProvider(240)) - Unable to initialize FileSignerSecretProvider, falling back to use random secrets.
2022-08-10 20:38:30,029 [Listener at 127.0.0.1/39139] WARN  http.HttpRequestLog (HttpRequestLog.java:getRequestLog(103)) - Jetty request log can only be enabled using Log4j
2022-08-10 20:38:30,040 [Listener at 127.0.0.1/39139] INFO  http.HttpServer2 (HttpServer2.java:addGlobalFilter(1029)) - Added global filter 'safety' (class=org.apache.hadoop.hdds.server.http.HttpServer2$QuotingInputFilter)
2022-08-10 20:38:30,041 [Listener at 127.0.0.1/39139] INFO  http.HttpServer2 (HttpServer2.java:addFilter(1005)) - Added filter static_user_filter (class=org.apache.hadoop.http.lib.StaticUserWebFilter$StaticUserFilter) to context ozoneManager
2022-08-10 20:38:30,041 [Listener at 127.0.0.1/39139] INFO  http.HttpServer2 (HttpServer2.java:addFilter(1013)) - Added filter static_user_filter (class=org.apache.hadoop.http.lib.StaticUserWebFilter$StaticUserFilter) to context static
2022-08-10 20:38:30,041 [Listener at 127.0.0.1/39139] INFO  http.HttpServer2 (HttpServer2.java:addFilter(1013)) - Added filter static_user_filter (class=org.apache.hadoop.http.lib.StaticUserWebFilter$StaticUserFilter) to context logs
2022-08-10 20:38:30,042 [Listener at 127.0.0.1/39139] INFO  http.HttpServer2 (HttpServer2.java:bindListener(1248)) - Jetty bound to port 36913
2022-08-10 20:38:30,042 [Listener at 127.0.0.1/39139] INFO  server.Server (Server.java:doStart(375)) - jetty-9.4.43.v20210629; built: 2021-06-30T11:07:22.254Z; git: 526006ecfa3af7f1a27ef3a288e2bef7ea9dd7e8; jvm 1.8.0_332-b09
2022-08-10 20:38:30,077 [Listener at 127.0.0.1/39139] INFO  server.session (DefaultSessionIdManager.java:doStart(334)) - DefaultSessionIdManager workerName=node0
2022-08-10 20:38:30,077 [Listener at 127.0.0.1/39139] INFO  server.session (DefaultSessionIdManager.java:doStart(339)) - No SessionScavenger set, using defaults
2022-08-10 20:38:30,078 [Listener at 127.0.0.1/39139] INFO  server.session (HouseKeeper.java:startScavenging(132)) - node0 Scavenging every 600000ms
2022-08-10 20:38:30,095 [Listener at 127.0.0.1/39139] INFO  handler.ContextHandler (ContextHandler.java:doStart(915)) - Started o.e.j.s.ServletContextHandler@63098ef4{logs,/logs,file:///home/runner/work/ozone/ozone/hadoop-ozone/integration-test/target/log,AVAILABLE}
2022-08-10 20:38:30,098 [omNode-1@group-523986131536-LeaderElection1] INFO  impl.LeaderElection (LogUtils.java:infoOrTrace(137)) - omNode-1@group-523986131536-LeaderElection1 got exception when requesting votes: java.util.concurrent.ExecutionException: org.apache.ratis.thirdparty.io.grpc.StatusRuntimeException: UNAVAILABLE: io exception
2022-08-10 20:38:30,098 [Listener at 127.0.0.1/39139] INFO  handler.ContextHandler (ContextHandler.java:doStart(915)) - Started o.e.j.s.ServletContextHandler@30eb1fd2{static,/static,file:///home/runner/work/ozone/ozone/hadoop-ozone/integration-test/target/test-classes/webapps/static,AVAILABLE}
2022-08-10 20:38:30,113 [Listener at 127.0.0.1/39139] INFO  handler.ContextHandler (ContextHandler.java:doStart(915)) - Started o.e.j.w.WebAppContext@5a64f52b{ozoneManager,/,file:///home/runner/work/ozone/ozone/hadoop-ozone/integration-test/target/test-classes/webapps/ozoneManager/,AVAILABLE}{file:/home/runner/work/ozone/ozone/hadoop-ozone/integration-test/target/test-classes/webapps/ozoneManager}
2022-08-10 20:38:30,117 [Listener at 127.0.0.1/39139] INFO  server.AbstractConnector (AbstractConnector.java:doStart(331)) - Started ServerConnector@1b65076{HTTP/1.1, (http/1.1)}{0.0.0.0:36913}
2022-08-10 20:38:30,117 [Listener at 127.0.0.1/39139] INFO  server.Server (Server.java:doStart(415)) - Started @10181ms
2022-08-10 20:38:30,118 [Listener at 127.0.0.1/39139] WARN  impl.MetricsSystemImpl (MetricsSystemImpl.java:register(279)) - Sink prometheus already exists!
2022-08-10 20:38:30,121 [Listener at 127.0.0.1/39139] INFO  http.BaseHttpServer (BaseHttpServer.java:updateConnectorAddress(329)) - HTTP server of ozoneManager listening at http://0.0.0.0:36913
2022-08-10 20:38:30,122 [IPC Server Responder] INFO  ipc.Server (Server.java:run(1507)) - IPC Server Responder: starting
2022-08-10 20:38:30,122 [IPC Server listener on 39139] INFO  ipc.Server (Server.java:run(1344)) - IPC Server listener on 39139: starting
2022-08-10 20:38:30,127 [Listener at 127.0.0.1/39139] INFO  om.OzoneManager (OzoneManager.java:startTrashEmptier(1907)) - Trash Interval set to 0. Files deleted won't move to trash
2022-08-10 20:38:30,128 [Listener at 127.0.0.1/39139] INFO  ozone.MiniOzoneHAClusterImpl (MiniOzoneHAClusterImpl.java:createOMService(527)) - Started OzoneManager omNode-3 RPC server at localhost/127.0.0.1:39139
2022-08-10 20:38:30,135 [org.apache.hadoop.util.JvmPauseMonitor$Monitor@3b73dc75] INFO  util.JvmPauseMonitor (JvmPauseMonitor.java:run(188)) - Starting JVM pause monitor
2022-08-10 20:38:30,155 [grpc-default-executor-1] INFO  server.RaftServer$Division (RaftServerImpl.java:requestVote(1152)) - omNode-3@group-523986131536: receive requestVote(ELECTION, omNode-2, group-523986131536, 1, (t:0, i:~))
2022-08-10 20:38:30,158 [grpc-default-executor-1] INFO  impl.VoteContext (VoteContext.java:log(48)) - omNode-3@group-523986131536-FOLLOWER: accept ELECTION from omNode-2: our priority 0 <= candidate's priority 0
2022-08-10 20:38:30,158 [grpc-default-executor-1] INFO  server.RaftServer$Division (RaftServerImpl.java:setRole(299)) - omNode-3@group-523986131536: changes role from  FOLLOWER to FOLLOWER at term 1 for candidate:omNode-2
2022-08-10 20:38:30,158 [grpc-default-executor-1] INFO  impl.RoleInfo (RoleInfo.java:shutdownFollowerState(110)) - omNode-3: shutdown omNode-3@group-523986131536-FollowerState
2022-08-10 20:38:30,159 [grpc-default-executor-0] INFO  server.RaftServer$Division (RaftServerImpl.java:requestVote(1152)) - omNode-2@group-523986131536: receive requestVote(ELECTION, omNode-1, group-523986131536, 1, (t:0, i:~))
2022-08-10 20:38:30,159 [grpc-default-executor-0] INFO  impl.VoteContext (VoteContext.java:log(48)) - omNode-2@group-523986131536-CANDIDATE: reject ELECTION from omNode-1: already has voted for omNode-2 at current term 1
2022-08-10 20:38:30,164 [omNode-3@group-523986131536-FollowerState] INFO  impl.FollowerState (FollowerState.java:run(152)) - omNode-3@group-523986131536-FollowerState was interrupted
2022-08-10 20:38:30,164 [grpc-default-executor-1] INFO  impl.RoleInfo (RoleInfo.java:updateAndGet(139)) - omNode-3: start omNode-3@group-523986131536-FollowerState
2022-08-10 20:38:30,175 [grpc-default-executor-0] INFO  server.RaftServer$Division (RaftServerImpl.java:requestVote(1184)) - omNode-2@group-523986131536 replies to ELECTION vote request: omNode-1<-omNode-2#0:FAIL-t1. Peer's state: omNode-2@group-523986131536:t1, leader=null, voted=omNode-2, raftlog=omNode-2@group-523986131536-SegmentedRaftLog:OPENED:c-1, conf=-1: [omNode-3|rpc:localhost:39235|priority:0, omNode-1|rpc:localhost:38271|priority:0, omNode-2|rpc:localhost:35563|priority:0], old=null
2022-08-10 20:38:30,177 [grpc-default-executor-1] INFO  server.RaftServer$Division (RaftServerImpl.java:requestVote(1184)) - omNode-3@group-523986131536 replies to ELECTION vote request: omNode-2<-omNode-3#0:OK-t1. Peer's state: omNode-3@group-523986131536:t1, leader=null, voted=omNode-2, raftlog=omNode-3@group-523986131536-SegmentedRaftLog:OPENED:c-1, conf=-1: [omNode-3|rpc:localhost:39235|priority:0, omNode-1|rpc:localhost:38271|priority:0, omNode-2|rpc:localhost:35563|priority:0], old=null
2022-08-10 20:38:30,181 [grpc-default-executor-2] INFO  server.RaftServer$Division (RaftServerImpl.java:requestVote(1152)) - omNode-1@group-523986131536: receive requestVote(ELECTION, omNode-2, group-523986131536, 1, (t:0, i:~))
2022-08-10 20:38:30,181 [grpc-default-executor-2] INFO  impl.VoteContext (VoteContext.java:log(48)) - omNode-1@group-523986131536-CANDIDATE: reject ELECTION from omNode-2: already has voted for omNode-1 at current term 1
2022-08-10 20:38:30,181 [grpc-default-executor-2] INFO  server.RaftServer$Division (RaftServerImpl.java:requestVote(1184)) - omNode-1@group-523986131536 replies to ELECTION vote request: omNode-2<-omNode-1#0:FAIL-t1. Peer's state: omNode-1@group-523986131536:t1, leader=null, voted=omNode-1, raftlog=omNode-1@group-523986131536-SegmentedRaftLog:OPENED:c-1, conf=-1: [omNode-3|rpc:localhost:39235|priority:0, omNode-1|rpc:localhost:38271|priority:0, omNode-2|rpc:localhost:35563|priority:0], old=null
2022-08-10 20:38:30,194 [omNode-1@group-523986131536-LeaderElection1] INFO  impl.LeaderElection (LeaderElection.java:logAndReturn(90)) - omNode-1@group-523986131536-LeaderElection1: ELECTION REJECTED received 1 response(s) and 1 exception(s):
2022-08-10 20:38:30,194 [omNode-1@group-523986131536-LeaderElection1] INFO  impl.LeaderElection (LeaderElection.java:logAndReturn(94)) -   Response 0: omNode-1<-omNode-2#0:FAIL-t1
2022-08-10 20:38:30,194 [omNode-1@group-523986131536-LeaderElection1] INFO  impl.LeaderElection (LogUtils.java:infoOrTrace(137)) -   Exception 1: java.util.concurrent.ExecutionException: org.apache.ratis.thirdparty.io.grpc.StatusRuntimeException: UNAVAILABLE: io exception
2022-08-10 20:38:30,194 [omNode-1@group-523986131536-LeaderElection1] INFO  impl.LeaderElection (LeaderElection.java:askForVotes(312)) - omNode-1@group-523986131536-LeaderElection1 ELECTION round 0: result REJECTED
2022-08-10 20:38:30,195 [omNode-1@group-523986131536-LeaderElection1] INFO  server.RaftServer$Division (RaftServerImpl.java:setRole(299)) - omNode-1@group-523986131536: changes role from CANDIDATE to FOLLOWER at term 1 for REJECTED
2022-08-10 20:38:30,195 [omNode-1@group-523986131536-LeaderElection1] INFO  impl.RoleInfo (RoleInfo.java:shutdownLeaderElection(130)) - omNode-1: shutdown omNode-1@group-523986131536-LeaderElection1
2022-08-10 20:38:30,195 [omNode-1@group-523986131536-LeaderElection1] INFO  impl.RoleInfo (RoleInfo.java:updateAndGet(139)) - omNode-1: start omNode-1@group-523986131536-FollowerState
2022-08-10 20:38:30,203 [omNode-2@group-523986131536-LeaderElection2] INFO  impl.LeaderElection (LeaderElection.java:logAndReturn(90)) - omNode-2@group-523986131536-LeaderElection2: ELECTION PASSED received 2 response(s) and 0 exception(s):
2022-08-10 20:38:30,203 [omNode-2@group-523986131536-LeaderElection2] INFO  impl.LeaderElection (LeaderElection.java:logAndReturn(94)) -   Response 0: omNode-2<-omNode-3#0:OK-t1
2022-08-10 20:38:30,203 [omNode-2@group-523986131536-LeaderElection2] INFO  impl.LeaderElection (LeaderElection.java:logAndReturn(94)) -   Response 1: omNode-2<-omNode-1#0:FAIL-t1
2022-08-10 20:38:30,203 [omNode-2@group-523986131536-LeaderElection2] INFO  impl.LeaderElection (LeaderElection.java:askForVotes(312)) - omNode-2@group-523986131536-LeaderElection2 ELECTION round 0: result PASSED
2022-08-10 20:38:30,204 [omNode-2@group-523986131536-LeaderElection2] INFO  impl.RoleInfo (RoleInfo.java:shutdownLeaderElection(130)) - omNode-2: shutdown omNode-2@group-523986131536-LeaderElection2
2022-08-10 20:38:30,204 [omNode-2@group-523986131536-LeaderElection2] INFO  server.RaftServer$Division (RaftServerImpl.java:setRole(299)) - omNode-2@group-523986131536: changes role from CANDIDATE to LEADER at term 1 for changeToLeader
2022-08-10 20:38:30,204 [omNode-2@group-523986131536-LeaderElection2] INFO  server.RaftServer$Division (ServerState.java:setLeader(287)) - omNode-2@group-523986131536: change Leader from null to omNode-2 at term 1 for becomeLeader, leader elected after 1813ms
2022-08-10 20:38:30,210 [omNode-2@group-523986131536-LeaderElection2] INFO  server.RaftServerConfigKeys (ConfUtils.java:logGet(46)) - raft.server.staging.catchup.gap = 1000 (default)
2022-08-10 20:38:30,222 [omNode-2@group-523986131536-LeaderElection2] INFO  server.RaftServerConfigKeys (ConfUtils.java:logGet(46)) - raft.server.write.element-limit = 4096 (default)
2022-08-10 20:38:30,227 [omNode-2@group-523986131536-LeaderElection2] INFO  server.RaftServerConfigKeys (ConfUtils.java:logGet(46)) - raft.server.write.byte-limit = 64MB (=67108864) (default)
2022-08-10 20:38:30,234 [omNode-2@group-523986131536-LeaderElection2] INFO  server.RaftServerConfigKeys (ConfUtils.java:logGet(46)) - raft.server.watch.timeout = 10s (default)
2022-08-10 20:38:30,234 [omNode-2@group-523986131536-LeaderElection2] INFO  server.RaftServerConfigKeys (ConfUtils.java:logGet(46)) - raft.server.watch.timeout.denomination = 1s (default)
2022-08-10 20:38:30,234 [omNode-2@group-523986131536-LeaderElection2] INFO  server.RaftServerConfigKeys (ConfUtils.java:logGet(46)) - raft.server.watch.element-limit = 65536 (default)
2022-08-10 20:38:30,245 [omNode-2@group-523986131536-LeaderElection2] INFO  server.RaftServerConfigKeys (ConfUtils.java:logGet(46)) - raft.server.write.element-limit = 4096 (default)
2022-08-10 20:38:30,250 [omNode-2@group-523986131536-LeaderElection2] INFO  server.RaftServerConfigKeys (ConfUtils.java:logGet(46)) - raft.server.write.follower.gap.ratio.max = -1.0 (default)
2022-08-10 20:38:30,266 [omNode-2@group-523986131536-LeaderElection2] INFO  server.RaftServerConfigKeys (ConfUtils.java:logGet(46)) - raft.server.log.appender.snapshot.chunk.size.max = 16MB (=16777216) (default)
2022-08-10 20:38:30,268 [omNode-2@group-523986131536-LeaderElection2] INFO  server.RaftServerConfigKeys (ConfUtils.java:logGet(46)) - raft.server.log.appender.buffer.byte-limit = 33554432 (custom)
2022-08-10 20:38:30,268 [omNode-2@group-523986131536-LeaderElection2] INFO  server.RaftServerConfigKeys (ConfUtils.java:logGet(46)) - raft.server.log.appender.buffer.element-limit = 1024 (custom)
2022-08-10 20:38:30,271 [omNode-2@group-523986131536-LeaderElection2] INFO  grpc.GrpcConfigKeys (ConfUtils.java:logGet(46)) - raft.grpc.server.leader.outstanding.appends.max = 128 (default)
2022-08-10 20:38:30,272 [omNode-2@group-523986131536-LeaderElection2] INFO  server.RaftServerConfigKeys (ConfUtils.java:logGet(46)) - raft.server.rpc.request.timeout = 3000ms (default)
2022-08-10 20:38:30,272 [omNode-2@group-523986131536-LeaderElection2] INFO  server.RaftServerConfigKeys (ConfUtils.java:logGet(46)) - raft.server.log.appender.install.snapshot.enabled = false (custom)
2022-08-10 20:38:30,277 [omNode-2@group-523986131536-LeaderElection2] INFO  server.RaftServerConfigKeys (ConfUtils.java:logGet(46)) - raft.server.log.appender.snapshot.chunk.size.max = 16MB (=16777216) (default)
2022-08-10 20:38:30,277 [omNode-2@group-523986131536-LeaderElection2] INFO  server.RaftServerConfigKeys (ConfUtils.java:logGet(46)) - raft.server.log.appender.buffer.byte-limit = 33554432 (custom)
2022-08-10 20:38:30,277 [omNode-2@group-523986131536-LeaderElection2] INFO  server.RaftServerConfigKeys (ConfUtils.java:logGet(46)) - raft.server.log.appender.buffer.element-limit = 1024 (custom)
2022-08-10 20:38:30,278 [omNode-2@group-523986131536-LeaderElection2] INFO  grpc.GrpcConfigKeys (ConfUtils.java:logGet(46)) - raft.grpc.server.leader.outstanding.appends.max = 128 (default)
2022-08-10 20:38:30,278 [omNode-2@group-523986131536-LeaderElection2] INFO  server.RaftServerConfigKeys (ConfUtils.java:logGet(46)) - raft.server.rpc.request.timeout = 3000ms (default)
2022-08-10 20:38:30,278 [omNode-2@group-523986131536-LeaderElection2] INFO  server.RaftServerConfigKeys (ConfUtils.java:logGet(46)) - raft.server.log.appender.install.snapshot.enabled = false (custom)
2022-08-10 20:38:30,291 [omNode-2@group-523986131536-LeaderElection2] INFO  impl.RoleInfo (RoleInfo.java:updateAndGet(139)) - omNode-2: start omNode-2@group-523986131536-LeaderStateImpl
2022-08-10 20:38:30,318 [omNode-2@group-523986131536-LeaderElection2] INFO  segmented.SegmentedRaftLogWorker (SegmentedRaftLogWorker.java:startLogSegment(425)) - omNode-2@group-523986131536-SegmentedRaftLogWorker: Starting segment from index:0
2022-08-10 20:38:30,374 [omNode-2@group-523986131536-LeaderElection2] INFO  server.RaftServer$Division (ServerState.java:setRaftConf(393)) - omNode-2@group-523986131536: set configuration 0: [omNode-3|rpc:localhost:39235|admin:|client:|dataStream:|priority:0, omNode-1|rpc:localhost:38271|admin:|client:|dataStream:|priority:0, omNode-2|rpc:localhost:35563|admin:|client:|dataStream:|priority:0], old=null
2022-08-10 20:38:30,460 [Listener at 127.0.0.1/39139] WARN  impl.MetricRegistriesImpl (MetricRegistriesImpl.java:addReporterRegistration(111)) - New reporters are added after registries were created. Some metrics will be missing from the reporter. Please add reporter before adding any new registry.
2022-08-10 20:38:30,460 [Listener at 127.0.0.1/39139] WARN  impl.MetricRegistriesImpl (MetricRegistriesImpl.java:addReporterRegistration(111)) - New reporters are added after registries were created. Some metrics will be missing from the reporter. Please add reporter before adding any new registry.
2022-08-10 20:38:30,460 [Listener at 127.0.0.1/39139] INFO  impl.MetricsSystemImpl (MetricsSystemImpl.java:init(158)) - HddsDatanode metrics system started (again)
2022-08-10 20:38:30,530 [Listener at 127.0.0.1/39139] INFO  ozone.HddsDatanodeService (HddsDatanodeService.java:start(236)) - HddsDatanodeService host:fv-az202-490.gfb0ajewubbutj5gszi5w2qz2a.jx.internal.cloudapp.net ip:10.1.0.27
2022-08-10 20:38:30,537 [omNode-2@group-523986131536-SegmentedRaftLogWorker] INFO  segmented.SegmentedRaftLogWorker (SegmentedRaftLogWorker.java:execute(629)) - omNode-2@group-523986131536-SegmentedRaftLogWorker: created new log segment /home/runner/work/ozone/ozone/hadoop-ozone/integration-test/target/test-dir/MiniOzoneClusterImpl-6b5328db-83be-43cc-b602-c95cfe986a84/omNode-2/ratis/c9bc4cf4-3bc3-3c60-a66b-523986131536/current/log_inprogress_0
2022-08-10 20:38:30,549 [omNode-1-server-thread1] INFO  server.RaftServer$Division (ServerState.java:setLeader(287)) - omNode-1@group-523986131536: change Leader from null to omNode-2 at term 1 for appendEntries, leader elected after 3579ms
2022-08-10 20:38:30,551 [omNode-3-server-thread1] INFO  server.RaftServer$Division (ServerState.java:setLeader(287)) - omNode-3@group-523986131536: change Leader from null to omNode-2 at term 1 for appendEntries, leader elected after 1310ms
2022-08-10 20:38:30,593 [omNode-1-server-thread1] INFO  server.RaftServer$Division (ServerState.java:setRaftConf(393)) - omNode-1@group-523986131536: set configuration 0: [omNode-3|rpc:localhost:39235|admin:|client:|dataStream:|priority:0, omNode-1|rpc:localhost:38271|admin:|client:|dataStream:|priority:0, omNode-2|rpc:localhost:35563|admin:|client:|dataStream:|priority:0], old=null
2022-08-10 20:38:30,594 [omNode-1-server-thread1] INFO  segmented.SegmentedRaftLogWorker (SegmentedRaftLogWorker.java:startLogSegment(425)) - omNode-1@group-523986131536-SegmentedRaftLogWorker: Starting segment from index:0
2022-08-10 20:38:30,598 [Listener at 127.0.0.1/39139] INFO  upgrade.AbstractLayoutVersionManager (AbstractLayoutVersionManager.java:init(83)) - Initializing Layout version manager with metadata layout = DATANODE_SCHEMA_V3 (version = 4), software layout = DATANODE_SCHEMA_V3 (version = 4)
2022-08-10 20:38:30,598 [omNode-3-server-thread1] INFO  server.RaftServer$Division (ServerState.java:setRaftConf(393)) - omNode-3@group-523986131536: set configuration 0: [omNode-3|rpc:localhost:39235|admin:|client:|dataStream:|priority:0, omNode-1|rpc:localhost:38271|admin:|client:|dataStream:|priority:0, omNode-2|rpc:localhost:35563|admin:|client:|dataStream:|priority:0], old=null
2022-08-10 20:38:30,599 [omNode-3-server-thread1] INFO  segmented.SegmentedRaftLogWorker (SegmentedRaftLogWorker.java:startLogSegment(425)) - omNode-3@group-523986131536-SegmentedRaftLogWorker: Starting segment from index:0
2022-08-10 20:38:30,611 [omNode-1@group-523986131536-SegmentedRaftLogWorker] INFO  segmented.SegmentedRaftLogWorker (SegmentedRaftLogWorker.java:execute(629)) - omNode-1@group-523986131536-SegmentedRaftLogWorker: created new log segment /home/runner/work/ozone/ozone/hadoop-ozone/integration-test/target/test-dir/MiniOzoneClusterImpl-6b5328db-83be-43cc-b602-c95cfe986a84/omNode-1/ratis/c9bc4cf4-3bc3-3c60-a66b-523986131536/current/log_inprogress_0
2022-08-10 20:38:30,611 [omNode-3@group-523986131536-SegmentedRaftLogWorker] INFO  segmented.SegmentedRaftLogWorker (SegmentedRaftLogWorker.java:execute(629)) - omNode-3@group-523986131536-SegmentedRaftLogWorker: created new log segment /home/runner/work/ozone/ozone/hadoop-ozone/integration-test/target/test-dir/MiniOzoneClusterImpl-6b5328db-83be-43cc-b602-c95cfe986a84/omNode-3/ratis/c9bc4cf4-3bc3-3c60-a66b-523986131536/current/log_inprogress_0
2022-08-10 20:38:30,710 [Listener at 127.0.0.1/39139] INFO  reflections.Reflections (Reflections.java:scan(232)) - Reflections took 98 ms to scan 7 urls, producing 132 keys and 321 values 
2022-08-10 20:38:30,717 [Listener at 127.0.0.1/39139] INFO  statemachine.DatanodeStateMachine (DatanodeStateMachine.java:getEndPointTaskThreadPoolSize(237)) - Datanode State Machine Task Thread Pool size 2
2022-08-10 20:38:30,737 [omNode-2@group-523986131536-StateMachineUpdater] INFO  ratis.OzoneManagerStateMachine (OzoneManagerStateMachine.java:notifyConfigurationChanged(192)) - Received Configuration change notification from Ratis. New Peer list:
[id: "omNode-3"
address: "localhost:39235"
, id: "omNode-1"
address: "localhost:38271"
, id: "omNode-2"
address: "localhost:35563"
]
2022-08-10 20:38:30,798 [Listener at 127.0.0.1/39139] INFO  volume.HddsVolume (HddsVolume.java:<init>(116)) - Creating HddsVolume: /home/runner/work/ozone/ozone/hadoop-ozone/integration-test/target/test-dir/MiniOzoneClusterImpl-6b5328db-83be-43cc-b602-c95cfe986a84/datanode-0/data-0/containers/hdds of storage type : DISK capacity : 9223372036854775807
2022-08-10 20:38:30,802 [Listener at 127.0.0.1/39139] INFO  volume.MutableVolumeSet (MutableVolumeSet.java:initializeVolumeSet(174)) - Added Volume : /home/runner/work/ozone/ozone/hadoop-ozone/integration-test/target/test-dir/MiniOzoneClusterImpl-6b5328db-83be-43cc-b602-c95cfe986a84/datanode-0/data-0/containers/hdds to VolumeSet
2022-08-10 20:38:30,803 [Listener at 127.0.0.1/39139] INFO  volume.ThrottledAsyncChecker (ThrottledAsyncChecker.java:schedule(141)) - Scheduling a check for /home/runner/work/ozone/ozone/hadoop-ozone/integration-test/target/test-dir/MiniOzoneClusterImpl-6b5328db-83be-43cc-b602-c95cfe986a84/datanode-0/data-0/containers/hdds
2022-08-10 20:38:30,818 [Listener at 127.0.0.1/39139] INFO  volume.StorageVolumeChecker (StorageVolumeChecker.java:checkAllVolumes(202)) - Scheduled health check for volume /home/runner/work/ozone/ozone/hadoop-ozone/integration-test/target/test-dir/MiniOzoneClusterImpl-6b5328db-83be-43cc-b602-c95cfe986a84/datanode-0/data-0/containers/hdds
2022-08-10 20:38:30,840 [Listener at 127.0.0.1/39139] INFO  volume.MutableVolumeSet (MutableVolumeSet.java:initializeVolumeSet(174)) - Added Volume : /home/runner/work/ozone/ozone/hadoop-ozone/integration-test/target/test-dir/MiniOzoneClusterImpl-6b5328db-83be-43cc-b602-c95cfe986a84/datanode-0/data/ratis to VolumeSet
2022-08-10 20:38:30,841 [Listener at 127.0.0.1/39139] INFO  volume.ThrottledAsyncChecker (ThrottledAsyncChecker.java:schedule(141)) - Scheduling a check for /home/runner/work/ozone/ozone/hadoop-ozone/integration-test/target/test-dir/MiniOzoneClusterImpl-6b5328db-83be-43cc-b602-c95cfe986a84/datanode-0/data/ratis
2022-08-10 20:38:30,841 [Listener at 127.0.0.1/39139] INFO  volume.StorageVolumeChecker (StorageVolumeChecker.java:checkAllVolumes(202)) - Scheduled health check for volume /home/runner/work/ozone/ozone/hadoop-ozone/integration-test/target/test-dir/MiniOzoneClusterImpl-6b5328db-83be-43cc-b602-c95cfe986a84/datanode-0/data/ratis
2022-08-10 20:38:30,864 [Thread-244] INFO  ozoneimpl.ContainerReader (ContainerReader.java:readVolume(175)) - Finish verifying containers on volume /home/runner/work/ozone/ozone/hadoop-ozone/integration-test/target/test-dir/MiniOzoneClusterImpl-6b5328db-83be-43cc-b602-c95cfe986a84/datanode-0/data-0/containers/hdds
2022-08-10 20:38:30,864 [Listener at 127.0.0.1/39139] INFO  ozoneimpl.OzoneContainer (OzoneContainer.java:buildContainerSet(299)) - Build ContainerSet costs 0s
2022-08-10 20:38:30,911 [Listener at 127.0.0.1/39139] INFO  audit.AuditLogger (AuditLogger.java:refreshDebugCmdSet(126)) - Refresh DebugCmdSet for DNAudit to [].
2022-08-10 20:38:30,939 [Listener at 127.0.0.1/39139] INFO  server.RaftServer (ConfUtils.java:logGet(46)) - raft.rpc.type = GRPC (default)
2022-08-10 20:38:30,939 [Listener at 127.0.0.1/39139] INFO  grpc.GrpcFactory (GrpcFactory.java:checkPooledByteBufAllocatorUseCacheForAllThreads(48)) - PERFORMANCE WARNING: useCacheForAllThreads is true that may cause Netty to create a lot garbage objects and, as a result, trigger GC.
	It is recommended to disable useCacheForAllThreads by setting -Dorg.apache.ratis.thirdparty.io.netty.allocator.useCacheForAllThreads=false in command line.
2022-08-10 20:38:30,939 [Listener at 127.0.0.1/39139] INFO  grpc.GrpcConfigKeys (ConfUtils.java:logGet(46)) - raft.grpc.admin.port = 0 (custom)
2022-08-10 20:38:30,939 [Listener at 127.0.0.1/39139] INFO  grpc.GrpcConfigKeys (ConfUtils.java:logGet(46)) - raft.grpc.client.port = 0 (custom)
2022-08-10 20:38:30,939 [Listener at 127.0.0.1/39139] INFO  grpc.GrpcConfigKeys (ConfUtils.java:logGet(46)) - raft.grpc.server.port = 0 (default)
2022-08-10 20:38:30,940 [Listener at 127.0.0.1/39139] INFO  server.GrpcService (ConfUtils.java:logGet(46)) - raft.grpc.message.size.max = 32MB (=33554432) (custom)
2022-08-10 20:38:30,940 [Listener at 127.0.0.1/39139] INFO  server.RaftServerConfigKeys (ConfUtils.java:logGet(46)) - raft.server.log.appender.buffer.byte-limit = 33554432 (custom)
2022-08-10 20:38:30,940 [Listener at 127.0.0.1/39139] INFO  server.GrpcService (ConfUtils.java:logGet(46)) - raft.grpc.flow.control.window = 5MB (=5242880) (custom)
2022-08-10 20:38:30,940 [Listener at 127.0.0.1/39139] INFO  server.RaftServerConfigKeys (ConfUtils.java:logGet(46)) - raft.server.rpc.request.timeout = 60s (custom)
2022-08-10 20:38:30,940 [Listener at 127.0.0.1/39139] INFO  grpc.GrpcConfigKeys (ConfUtils.java:logGet(46)) - raft.grpc.server.async.request.thread.pool.cached = true (default)
2022-08-10 20:38:30,940 [Listener at 127.0.0.1/39139] INFO  grpc.GrpcConfigKeys (ConfUtils.java:logGet(46)) - raft.grpc.server.async.request.thread.pool.size = 32 (default)
2022-08-10 20:38:30,942 [Listener at 127.0.0.1/39139] INFO  impl.DataStreamServerImpl (ConfUtils.java:logGet(46)) - raft.datastream.type = DISABLED (default)
2022-08-10 20:38:30,942 [Listener at 127.0.0.1/39139] INFO  server.RaftServerConfigKeys (ConfUtils.java:logGet(46)) - raft.server.threadpool.proxy.cached = true (default)
2022-08-10 20:38:30,942 [Listener at 127.0.0.1/39139] INFO  server.RaftServerConfigKeys (ConfUtils.java:logGet(46)) - raft.server.threadpool.proxy.size = 0 (default)
2022-08-10 20:38:30,942 [Listener at 127.0.0.1/39139] INFO  server.RaftServerConfigKeys (ConfUtils.java:logGet(46)) - raft.server.rpc.slowness.timeout = 300s (custom)
2022-08-10 20:38:30,942 [Listener at 127.0.0.1/39139] INFO  server.RaftServerConfigKeys (ConfUtils.java:logGet(46)) - raft.server.leaderelection.leader.step-down.wait-time = 10s (default)
2022-08-10 20:38:30,943 [Listener at 127.0.0.1/39139] INFO  server.RaftServerConfigKeys (ConfUtils.java:logGet(46)) - raft.server.storage.dir = [/home/runner/work/ozone/ozone/hadoop-ozone/integration-test/target/test-dir/MiniOzoneClusterImpl-6b5328db-83be-43cc-b602-c95cfe986a84/datanode-0/data/ratis] (custom)
2022-08-10 20:38:30,961 [Listener at 127.0.0.1/39139] INFO  server.XceiverServerGrpc (XceiverServerGrpc.java:<init>(132)) - GrpcServer channel type EpollServerSocketChannel
2022-08-10 20:38:31,029 [Listener at 127.0.0.1/39139] INFO  http.BaseHttpServer (BaseHttpServer.java:newHttpServer2BuilderForOzone(209)) - Starting Web-server for hddsDatanode at: http://0.0.0.0:0
2022-08-10 20:38:31,029 [Listener at 127.0.0.1/39139] INFO  http.BaseHttpServer (BaseHttpServer.java:<init>(107)) - Hadoop Security Enabled: false Ozone Security Enabled: false Ozone HTTP Security Enabled: false 
2022-08-10 20:38:31,031 [Listener at 127.0.0.1/39139] INFO  server.AuthenticationFilter (AuthenticationFilter.java:constructSecretProvider(240)) - Unable to initialize FileSignerSecretProvider, falling back to use random secrets.
2022-08-10 20:38:31,032 [Listener at 127.0.0.1/39139] WARN  http.HttpRequestLog (HttpRequestLog.java:getRequestLog(103)) - Jetty request log can only be enabled using Log4j
2022-08-10 20:38:31,033 [Listener at 127.0.0.1/39139] INFO  http.HttpServer2 (HttpServer2.java:addGlobalFilter(1029)) - Added global filter 'safety' (class=org.apache.hadoop.hdds.server.http.HttpServer2$QuotingInputFilter)
2022-08-10 20:38:31,034 [Listener at 127.0.0.1/39139] INFO  http.HttpServer2 (HttpServer2.java:addFilter(1005)) - Added filter static_user_filter (class=org.apache.hadoop.http.lib.StaticUserWebFilter$StaticUserFilter) to context hddsDatanode
2022-08-10 20:38:31,035 [Listener at 127.0.0.1/39139] INFO  http.HttpServer2 (HttpServer2.java:addFilter(1013)) - Added filter static_user_filter (class=org.apache.hadoop.http.lib.StaticUserWebFilter$StaticUserFilter) to context static
2022-08-10 20:38:31,035 [Listener at 127.0.0.1/39139] INFO  http.HttpServer2 (HttpServer2.java:addFilter(1013)) - Added filter static_user_filter (class=org.apache.hadoop.http.lib.StaticUserWebFilter$StaticUserFilter) to context logs
2022-08-10 20:38:31,035 [Listener at 127.0.0.1/39139] INFO  http.HttpServer2 (HttpServer2.java:bindListener(1248)) - Jetty bound to port 41167
2022-08-10 20:38:31,036 [Listener at 127.0.0.1/39139] INFO  server.Server (Server.java:doStart(375)) - jetty-9.4.43.v20210629; built: 2021-06-30T11:07:22.254Z; git: 526006ecfa3af7f1a27ef3a288e2bef7ea9dd7e8; jvm 1.8.0_332-b09
2022-08-10 20:38:31,037 [Listener at 127.0.0.1/39139] INFO  server.session (DefaultSessionIdManager.java:doStart(334)) - DefaultSessionIdManager workerName=node0
2022-08-10 20:38:31,037 [Listener at 127.0.0.1/39139] INFO  server.session (DefaultSessionIdManager.java:doStart(339)) - No SessionScavenger set, using defaults
2022-08-10 20:38:31,038 [Listener at 127.0.0.1/39139] INFO  server.session (HouseKeeper.java:startScavenging(132)) - node0 Scavenging every 600000ms
2022-08-10 20:38:31,038 [Listener at 127.0.0.1/39139] INFO  handler.ContextHandler (ContextHandler.java:doStart(915)) - Started o.e.j.s.ServletContextHandler@5abac3d5{logs,/logs,file:///home/runner/work/ozone/ozone/hadoop-ozone/integration-test/target/log,AVAILABLE}
2022-08-10 20:38:31,039 [Listener at 127.0.0.1/39139] INFO  handler.ContextHandler (ContextHandler.java:doStart(915)) - Started o.e.j.s.ServletContextHandler@65988f4f{static,/static,jar:file:/home/runner/.m2/repository/org/apache/ozone/hdds-container-service/1.3.0-SNAPSHOT/hdds-container-service-1.3.0-SNAPSHOT.jar!/webapps/static,AVAILABLE}
2022-08-10 20:38:31,150 [omNode-1@group-523986131536-StateMachineUpdater] INFO  ratis.OzoneManagerStateMachine (OzoneManagerStateMachine.java:notifyConfigurationChanged(192)) - Received Configuration change notification from Ratis. New Peer list:
[id: "omNode-3"
address: "localhost:39235"
, id: "omNode-1"
address: "localhost:38271"
, id: "omNode-2"
address: "localhost:35563"
]
2022-08-10 20:38:31,173 [omNode-3@group-523986131536-StateMachineUpdater] INFO  ratis.OzoneManagerStateMachine (OzoneManagerStateMachine.java:notifyConfigurationChanged(192)) - Received Configuration change notification from Ratis. New Peer list:
[id: "omNode-3"
address: "localhost:39235"
, id: "omNode-1"
address: "localhost:38271"
, id: "omNode-2"
address: "localhost:35563"
]
2022-08-10 20:38:31,229 [Listener at 127.0.0.1/39139] INFO  handler.ContextHandler (ContextHandler.java:doStart(915)) - Started o.e.j.w.WebAppContext@4087fff9{hddsDatanode,/,file:///tmp/jetty-0_0_0_0-41167-hdds-container-service-1_3_0-SNAPSHOT_jar-_-any-8558363653597053665/webapp/,AVAILABLE}{jar:file:/home/runner/.m2/repository/org/apache/ozone/hdds-container-service/1.3.0-SNAPSHOT/hdds-container-service-1.3.0-SNAPSHOT.jar!/webapps/hddsDatanode}
2022-08-10 20:38:31,230 [Listener at 127.0.0.1/39139] INFO  server.AbstractConnector (AbstractConnector.java:doStart(331)) - Started ServerConnector@560a7823{HTTP/1.1, (http/1.1)}{0.0.0.0:41167}
2022-08-10 20:38:31,231 [Listener at 127.0.0.1/39139] INFO  server.Server (Server.java:doStart(415)) - Started @11294ms
2022-08-10 20:38:31,231 [Listener at 127.0.0.1/39139] WARN  impl.MetricsSystemImpl (MetricsSystemImpl.java:register(279)) - Sink prometheus already exists!
2022-08-10 20:38:31,231 [Listener at 127.0.0.1/39139] INFO  http.BaseHttpServer (BaseHttpServer.java:updateConnectorAddress(329)) - HTTP server of hddsDatanode listening at http://0.0.0.0:41167
2022-08-10 20:38:31,236 [Listener at 127.0.0.1/39139] WARN  impl.MetricRegistriesImpl (MetricRegistriesImpl.java:addReporterRegistration(111)) - New reporters are added after registries were created. Some metrics will be missing from the reporter. Please add reporter before adding any new registry.
2022-08-10 20:38:31,236 [Listener at 127.0.0.1/39139] WARN  impl.MetricRegistriesImpl (MetricRegistriesImpl.java:addReporterRegistration(111)) - New reporters are added after registries were created. Some metrics will be missing from the reporter. Please add reporter before adding any new registry.
2022-08-10 20:38:31,236 [Datanode State Machine Daemon Thread] INFO  statemachine.DatanodeStateMachine (DatanodeStateMachine.java:lambda$startDaemon$0(492)) - Ozone container server started.
2022-08-10 20:38:31,237 [Listener at 127.0.0.1/39139] INFO  impl.MetricsSystemImpl (MetricsSystemImpl.java:init(158)) - HddsDatanode metrics system started (again)
2022-08-10 20:38:31,249 [Listener at 127.0.0.1/39139] INFO  ozone.HddsDatanodeService (HddsDatanodeService.java:start(236)) - HddsDatanodeService host:fv-az202-490.gfb0ajewubbutj5gszi5w2qz2a.jx.internal.cloudapp.net ip:10.1.0.27
2022-08-10 20:38:31,265 [org.apache.hadoop.util.JvmPauseMonitor$Monitor@26620037] INFO  util.JvmPauseMonitor (JvmPauseMonitor.java:run(188)) - Starting JVM pause monitor
2022-08-10 20:38:31,285 [Listener at 127.0.0.1/39139] INFO  upgrade.AbstractLayoutVersionManager (AbstractLayoutVersionManager.java:init(83)) - Initializing Layout version manager with metadata layout = DATANODE_SCHEMA_V3 (version = 4), software layout = DATANODE_SCHEMA_V3 (version = 4)
2022-08-10 20:38:31,337 [Listener at 127.0.0.1/39139] INFO  reflections.Reflections (Reflections.java:scan(232)) - Reflections took 46 ms to scan 7 urls, producing 132 keys and 321 values 
2022-08-10 20:38:31,341 [Listener at 127.0.0.1/39139] INFO  statemachine.DatanodeStateMachine (DatanodeStateMachine.java:getEndPointTaskThreadPoolSize(237)) - Datanode State Machine Task Thread Pool size 2
2022-08-10 20:38:31,344 [Listener at 127.0.0.1/39139] INFO  volume.HddsVolume (HddsVolume.java:<init>(116)) - Creating HddsVolume: /home/runner/work/ozone/ozone/hadoop-ozone/integration-test/target/test-dir/MiniOzoneClusterImpl-6b5328db-83be-43cc-b602-c95cfe986a84/datanode-1/data-0/containers/hdds of storage type : DISK capacity : 9223372036854775807
2022-08-10 20:38:31,345 [Listener at 127.0.0.1/39139] INFO  volume.MutableVolumeSet (MutableVolumeSet.java:initializeVolumeSet(174)) - Added Volume : /home/runner/work/ozone/ozone/hadoop-ozone/integration-test/target/test-dir/MiniOzoneClusterImpl-6b5328db-83be-43cc-b602-c95cfe986a84/datanode-1/data-0/containers/hdds to VolumeSet
2022-08-10 20:38:31,345 [Listener at 127.0.0.1/39139] INFO  volume.ThrottledAsyncChecker (ThrottledAsyncChecker.java:schedule(141)) - Scheduling a check for /home/runner/work/ozone/ozone/hadoop-ozone/integration-test/target/test-dir/MiniOzoneClusterImpl-6b5328db-83be-43cc-b602-c95cfe986a84/datanode-1/data-0/containers/hdds
2022-08-10 20:38:31,359 [Listener at 127.0.0.1/39139] INFO  volume.StorageVolumeChecker (StorageVolumeChecker.java:checkAllVolumes(202)) - Scheduled health check for volume /home/runner/work/ozone/ozone/hadoop-ozone/integration-test/target/test-dir/MiniOzoneClusterImpl-6b5328db-83be-43cc-b602-c95cfe986a84/datanode-1/data-0/containers/hdds
2022-08-10 20:38:31,370 [Listener at 127.0.0.1/39139] INFO  volume.MutableVolumeSet (MutableVolumeSet.java:initializeVolumeSet(174)) - Added Volume : /home/runner/work/ozone/ozone/hadoop-ozone/integration-test/target/test-dir/MiniOzoneClusterImpl-6b5328db-83be-43cc-b602-c95cfe986a84/datanode-1/data/ratis to VolumeSet
2022-08-10 20:38:31,379 [Listener at 127.0.0.1/39139] INFO  volume.ThrottledAsyncChecker (ThrottledAsyncChecker.java:schedule(141)) - Scheduling a check for /home/runner/work/ozone/ozone/hadoop-ozone/integration-test/target/test-dir/MiniOzoneClusterImpl-6b5328db-83be-43cc-b602-c95cfe986a84/datanode-1/data/ratis
2022-08-10 20:38:31,380 [Listener at 127.0.0.1/39139] INFO  volume.StorageVolumeChecker (StorageVolumeChecker.java:checkAllVolumes(202)) - Scheduled health check for volume /home/runner/work/ozone/ozone/hadoop-ozone/integration-test/target/test-dir/MiniOzoneClusterImpl-6b5328db-83be-43cc-b602-c95cfe986a84/datanode-1/data/ratis
2022-08-10 20:38:31,395 [Datanode State Machine Task Thread - 0] INFO  datanode.InitDatanodeState (InitDatanodeState.java:persistContainerDatanodeDetails(138)) - DatanodeDetails is persisted to /home/runner/work/ozone/ozone/hadoop-ozone/integration-test/target/test-dir/MiniOzoneClusterImpl-6b5328db-83be-43cc-b602-c95cfe986a84/datanode-0/meta/datanode.id
2022-08-10 20:38:31,401 [Thread-259] INFO  ozoneimpl.ContainerReader (ContainerReader.java:readVolume(175)) - Finish verifying containers on volume /home/runner/work/ozone/ozone/hadoop-ozone/integration-test/target/test-dir/MiniOzoneClusterImpl-6b5328db-83be-43cc-b602-c95cfe986a84/datanode-1/data-0/containers/hdds
2022-08-10 20:38:31,402 [Listener at 127.0.0.1/39139] INFO  ozoneimpl.OzoneContainer (OzoneContainer.java:buildContainerSet(299)) - Build ContainerSet costs 0s
2022-08-10 20:38:31,406 [Listener at 127.0.0.1/39139] INFO  server.RaftServer (ConfUtils.java:logGet(46)) - raft.rpc.type = GRPC (default)
2022-08-10 20:38:31,406 [Listener at 127.0.0.1/39139] INFO  grpc.GrpcFactory (GrpcFactory.java:checkPooledByteBufAllocatorUseCacheForAllThreads(48)) - PERFORMANCE WARNING: useCacheForAllThreads is true that may cause Netty to create a lot garbage objects and, as a result, trigger GC.
	It is recommended to disable useCacheForAllThreads by setting -Dorg.apache.ratis.thirdparty.io.netty.allocator.useCacheForAllThreads=false in command line.
2022-08-10 20:38:31,406 [Listener at 127.0.0.1/39139] INFO  grpc.GrpcConfigKeys (ConfUtils.java:logGet(46)) - raft.grpc.admin.port = 0 (custom)
2022-08-10 20:38:31,407 [Listener at 127.0.0.1/39139] INFO  grpc.GrpcConfigKeys (ConfUtils.java:logGet(46)) - raft.grpc.client.port = 0 (custom)
2022-08-10 20:38:31,407 [Listener at 127.0.0.1/39139] INFO  grpc.GrpcConfigKeys (ConfUtils.java:logGet(46)) - raft.grpc.server.port = 0 (default)
2022-08-10 20:38:31,407 [Listener at 127.0.0.1/39139] INFO  server.GrpcService (ConfUtils.java:logGet(46)) - raft.grpc.message.size.max = 32MB (=33554432) (custom)
2022-08-10 20:38:31,407 [Listener at 127.0.0.1/39139] INFO  server.RaftServerConfigKeys (ConfUtils.java:logGet(46)) - raft.server.log.appender.buffer.byte-limit = 33554432 (custom)
2022-08-10 20:38:31,407 [Listener at 127.0.0.1/39139] INFO  server.GrpcService (ConfUtils.java:logGet(46)) - raft.grpc.flow.control.window = 5MB (=5242880) (custom)
2022-08-10 20:38:31,407 [Listener at 127.0.0.1/39139] INFO  server.RaftServerConfigKeys (ConfUtils.java:logGet(46)) - raft.server.rpc.request.timeout = 60s (custom)
2022-08-10 20:38:31,407 [Listener at 127.0.0.1/39139] INFO  grpc.GrpcConfigKeys (ConfUtils.java:logGet(46)) - raft.grpc.server.async.request.thread.pool.cached = true (default)
2022-08-10 20:38:31,408 [Listener at 127.0.0.1/39139] INFO  grpc.GrpcConfigKeys (ConfUtils.java:logGet(46)) - raft.grpc.server.async.request.thread.pool.size = 32 (default)
2022-08-10 20:38:31,409 [Listener at 127.0.0.1/39139] INFO  impl.DataStreamServerImpl (ConfUtils.java:logGet(46)) - raft.datastream.type = DISABLED (default)
2022-08-10 20:38:31,409 [Listener at 127.0.0.1/39139] INFO  server.RaftServerConfigKeys (ConfUtils.java:logGet(46)) - raft.server.threadpool.proxy.cached = true (default)
2022-08-10 20:38:31,409 [Listener at 127.0.0.1/39139] INFO  server.RaftServerConfigKeys (ConfUtils.java:logGet(46)) - raft.server.threadpool.proxy.size = 0 (default)
2022-08-10 20:38:31,409 [Listener at 127.0.0.1/39139] INFO  server.RaftServerConfigKeys (ConfUtils.java:logGet(46)) - raft.server.rpc.slowness.timeout = 300s (custom)
2022-08-10 20:38:31,409 [Listener at 127.0.0.1/39139] INFO  server.RaftServerConfigKeys (ConfUtils.java:logGet(46)) - raft.server.leaderelection.leader.step-down.wait-time = 10s (default)
2022-08-10 20:38:31,409 [Listener at 127.0.0.1/39139] INFO  server.RaftServerConfigKeys (ConfUtils.java:logGet(46)) - raft.server.storage.dir = [/home/runner/work/ozone/ozone/hadoop-ozone/integration-test/target/test-dir/MiniOzoneClusterImpl-6b5328db-83be-43cc-b602-c95cfe986a84/datanode-1/data/ratis] (custom)
2022-08-10 20:38:31,411 [Listener at 127.0.0.1/39139] INFO  server.XceiverServerGrpc (XceiverServerGrpc.java:<init>(132)) - GrpcServer channel type EpollServerSocketChannel
2022-08-10 20:38:31,415 [Listener at 127.0.0.1/39139] INFO  http.BaseHttpServer (BaseHttpServer.java:newHttpServer2BuilderForOzone(209)) - Starting Web-server for hddsDatanode at: http://0.0.0.0:0
2022-08-10 20:38:31,415 [Listener at 127.0.0.1/39139] INFO  http.BaseHttpServer (BaseHttpServer.java:<init>(107)) - Hadoop Security Enabled: false Ozone Security Enabled: false Ozone HTTP Security Enabled: false 
2022-08-10 20:38:31,417 [Listener at 127.0.0.1/39139] INFO  server.AuthenticationFilter (AuthenticationFilter.java:constructSecretProvider(240)) - Unable to initialize FileSignerSecretProvider, falling back to use random secrets.
2022-08-10 20:38:31,418 [Listener at 127.0.0.1/39139] WARN  http.HttpRequestLog (HttpRequestLog.java:getRequestLog(103)) - Jetty request log can only be enabled using Log4j
2022-08-10 20:38:31,419 [Listener at 127.0.0.1/39139] INFO  http.HttpServer2 (HttpServer2.java:addGlobalFilter(1029)) - Added global filter 'safety' (class=org.apache.hadoop.hdds.server.http.HttpServer2$QuotingInputFilter)
2022-08-10 20:38:31,420 [Listener at 127.0.0.1/39139] INFO  http.HttpServer2 (HttpServer2.java:addFilter(1005)) - Added filter static_user_filter (class=org.apache.hadoop.http.lib.StaticUserWebFilter$StaticUserFilter) to context hddsDatanode
2022-08-10 20:38:31,420 [Listener at 127.0.0.1/39139] INFO  http.HttpServer2 (HttpServer2.java:addFilter(1013)) - Added filter static_user_filter (class=org.apache.hadoop.http.lib.StaticUserWebFilter$StaticUserFilter) to context logs
2022-08-10 20:38:31,420 [Listener at 127.0.0.1/39139] INFO  http.HttpServer2 (HttpServer2.java:addFilter(1013)) - Added filter static_user_filter (class=org.apache.hadoop.http.lib.StaticUserWebFilter$StaticUserFilter) to context static
2022-08-10 20:38:31,421 [Listener at 127.0.0.1/39139] INFO  http.HttpServer2 (HttpServer2.java:bindListener(1248)) - Jetty bound to port 37103
2022-08-10 20:38:31,421 [Listener at 127.0.0.1/39139] INFO  server.Server (Server.java:doStart(375)) - jetty-9.4.43.v20210629; built: 2021-06-30T11:07:22.254Z; git: 526006ecfa3af7f1a27ef3a288e2bef7ea9dd7e8; jvm 1.8.0_332-b09
2022-08-10 20:38:31,428 [Listener at 127.0.0.1/39139] INFO  server.session (DefaultSessionIdManager.java:doStart(334)) - DefaultSessionIdManager workerName=node0
2022-08-10 20:38:31,428 [Listener at 127.0.0.1/39139] INFO  server.session (DefaultSessionIdManager.java:doStart(339)) - No SessionScavenger set, using defaults
2022-08-10 20:38:31,428 [Listener at 127.0.0.1/39139] INFO  server.session (HouseKeeper.java:startScavenging(132)) - node0 Scavenging every 660000ms
2022-08-10 20:38:31,429 [Listener at 127.0.0.1/39139] INFO  handler.ContextHandler (ContextHandler.java:doStart(915)) - Started o.e.j.s.ServletContextHandler@136efc8f{logs,/logs,file:///home/runner/work/ozone/ozone/hadoop-ozone/integration-test/target/log,AVAILABLE}
2022-08-10 20:38:31,430 [Listener at 127.0.0.1/39139] INFO  handler.ContextHandler (ContextHandler.java:doStart(915)) - Started o.e.j.s.ServletContextHandler@6bf2249b{static,/static,jar:file:/home/runner/.m2/repository/org/apache/ozone/hdds-container-service/1.3.0-SNAPSHOT/hdds-container-service-1.3.0-SNAPSHOT.jar!/webapps/static,AVAILABLE}
2022-08-10 20:38:31,615 [Listener at 127.0.0.1/39139] INFO  handler.ContextHandler (ContextHandler.java:doStart(915)) - Started o.e.j.w.WebAppContext@1208707b{hddsDatanode,/,file:///tmp/jetty-0_0_0_0-37103-hdds-container-service-1_3_0-SNAPSHOT_jar-_-any-8777842810098735910/webapp/,AVAILABLE}{jar:file:/home/runner/.m2/repository/org/apache/ozone/hdds-container-service/1.3.0-SNAPSHOT/hdds-container-service-1.3.0-SNAPSHOT.jar!/webapps/hddsDatanode}
2022-08-10 20:38:31,617 [Listener at 127.0.0.1/39139] INFO  server.AbstractConnector (AbstractConnector.java:doStart(331)) - Started ServerConnector@1801aaef{HTTP/1.1, (http/1.1)}{0.0.0.0:37103}
2022-08-10 20:38:31,617 [Listener at 127.0.0.1/39139] INFO  server.Server (Server.java:doStart(415)) - Started @11680ms
2022-08-10 20:38:31,617 [Listener at 127.0.0.1/39139] WARN  impl.MetricsSystemImpl (MetricsSystemImpl.java:register(279)) - Sink prometheus already exists!
2022-08-10 20:38:31,618 [Listener at 127.0.0.1/39139] INFO  http.BaseHttpServer (BaseHttpServer.java:updateConnectorAddress(329)) - HTTP server of hddsDatanode listening at http://0.0.0.0:37103
2022-08-10 20:38:31,618 [Listener at 127.0.0.1/39139] WARN  impl.MetricRegistriesImpl (MetricRegistriesImpl.java:addReporterRegistration(111)) - New reporters are added after registries were created. Some metrics will be missing from the reporter. Please add reporter before adding any new registry.
2022-08-10 20:38:31,619 [Listener at 127.0.0.1/39139] WARN  impl.MetricRegistriesImpl (MetricRegistriesImpl.java:addReporterRegistration(111)) - New reporters are added after registries were created. Some metrics will be missing from the reporter. Please add reporter before adding any new registry.
2022-08-10 20:38:31,619 [Listener at 127.0.0.1/39139] INFO  impl.MetricsSystemImpl (MetricsSystemImpl.java:init(158)) - HddsDatanode metrics system started (again)
2022-08-10 20:38:31,624 [Datanode State Machine Daemon Thread] INFO  statemachine.DatanodeStateMachine (DatanodeStateMachine.java:lambda$startDaemon$0(492)) - Ozone container server started.
2022-08-10 20:38:31,632 [Listener at 127.0.0.1/39139] INFO  ozone.HddsDatanodeService (HddsDatanodeService.java:start(236)) - HddsDatanodeService host:fv-az202-490.gfb0ajewubbutj5gszi5w2qz2a.jx.internal.cloudapp.net ip:10.1.0.27
2022-08-10 20:38:31,633 [org.apache.hadoop.util.JvmPauseMonitor$Monitor@68bc9847] INFO  util.JvmPauseMonitor (JvmPauseMonitor.java:run(188)) - Starting JVM pause monitor
2022-08-10 20:38:31,644 [Datanode State Machine Task Thread - 0] INFO  datanode.InitDatanodeState (InitDatanodeState.java:persistContainerDatanodeDetails(138)) - DatanodeDetails is persisted to /home/runner/work/ozone/ozone/hadoop-ozone/integration-test/target/test-dir/MiniOzoneClusterImpl-6b5328db-83be-43cc-b602-c95cfe986a84/datanode-1/meta/datanode.id
2022-08-10 20:38:31,662 [Listener at 127.0.0.1/39139] INFO  upgrade.AbstractLayoutVersionManager (AbstractLayoutVersionManager.java:init(83)) - Initializing Layout version manager with metadata layout = DATANODE_SCHEMA_V3 (version = 4), software layout = DATANODE_SCHEMA_V3 (version = 4)
2022-08-10 20:38:31,714 [Listener at 127.0.0.1/39139] INFO  reflections.Reflections (Reflections.java:scan(232)) - Reflections took 50 ms to scan 7 urls, producing 132 keys and 321 values 
2022-08-10 20:38:31,718 [Listener at 127.0.0.1/39139] INFO  statemachine.DatanodeStateMachine (DatanodeStateMachine.java:getEndPointTaskThreadPoolSize(237)) - Datanode State Machine Task Thread Pool size 2
2022-08-10 20:38:31,721 [Listener at 127.0.0.1/39139] INFO  volume.HddsVolume (HddsVolume.java:<init>(116)) - Creating HddsVolume: /home/runner/work/ozone/ozone/hadoop-ozone/integration-test/target/test-dir/MiniOzoneClusterImpl-6b5328db-83be-43cc-b602-c95cfe986a84/datanode-2/data-0/containers/hdds of storage type : DISK capacity : 9223372036854775807
2022-08-10 20:38:31,722 [Listener at 127.0.0.1/39139] INFO  volume.MutableVolumeSet (MutableVolumeSet.java:initializeVolumeSet(174)) - Added Volume : /home/runner/work/ozone/ozone/hadoop-ozone/integration-test/target/test-dir/MiniOzoneClusterImpl-6b5328db-83be-43cc-b602-c95cfe986a84/datanode-2/data-0/containers/hdds to VolumeSet
2022-08-10 20:38:31,722 [Listener at 127.0.0.1/39139] INFO  volume.ThrottledAsyncChecker (ThrottledAsyncChecker.java:schedule(141)) - Scheduling a check for /home/runner/work/ozone/ozone/hadoop-ozone/integration-test/target/test-dir/MiniOzoneClusterImpl-6b5328db-83be-43cc-b602-c95cfe986a84/datanode-2/data-0/containers/hdds
2022-08-10 20:38:31,727 [Listener at 127.0.0.1/39139] INFO  volume.StorageVolumeChecker (StorageVolumeChecker.java:checkAllVolumes(202)) - Scheduled health check for volume /home/runner/work/ozone/ozone/hadoop-ozone/integration-test/target/test-dir/MiniOzoneClusterImpl-6b5328db-83be-43cc-b602-c95cfe986a84/datanode-2/data-0/containers/hdds
2022-08-10 20:38:31,746 [Listener at 127.0.0.1/39139] INFO  volume.MutableVolumeSet (MutableVolumeSet.java:initializeVolumeSet(174)) - Added Volume : /home/runner/work/ozone/ozone/hadoop-ozone/integration-test/target/test-dir/MiniOzoneClusterImpl-6b5328db-83be-43cc-b602-c95cfe986a84/datanode-2/data/ratis to VolumeSet
2022-08-10 20:38:31,746 [Listener at 127.0.0.1/39139] INFO  volume.ThrottledAsyncChecker (ThrottledAsyncChecker.java:schedule(141)) - Scheduling a check for /home/runner/work/ozone/ozone/hadoop-ozone/integration-test/target/test-dir/MiniOzoneClusterImpl-6b5328db-83be-43cc-b602-c95cfe986a84/datanode-2/data/ratis
2022-08-10 20:38:31,746 [Listener at 127.0.0.1/39139] INFO  volume.StorageVolumeChecker (StorageVolumeChecker.java:checkAllVolumes(202)) - Scheduled health check for volume /home/runner/work/ozone/ozone/hadoop-ozone/integration-test/target/test-dir/MiniOzoneClusterImpl-6b5328db-83be-43cc-b602-c95cfe986a84/datanode-2/data/ratis
2022-08-10 20:38:31,759 [Thread-274] INFO  ozoneimpl.ContainerReader (ContainerReader.java:readVolume(175)) - Finish verifying containers on volume /home/runner/work/ozone/ozone/hadoop-ozone/integration-test/target/test-dir/MiniOzoneClusterImpl-6b5328db-83be-43cc-b602-c95cfe986a84/datanode-2/data-0/containers/hdds
2022-08-10 20:38:31,759 [Listener at 127.0.0.1/39139] INFO  ozoneimpl.OzoneContainer (OzoneContainer.java:buildContainerSet(299)) - Build ContainerSet costs 0s
2022-08-10 20:38:31,763 [Listener at 127.0.0.1/39139] INFO  server.RaftServer (ConfUtils.java:logGet(46)) - raft.rpc.type = GRPC (default)
2022-08-10 20:38:31,763 [Listener at 127.0.0.1/39139] INFO  grpc.GrpcFactory (GrpcFactory.java:checkPooledByteBufAllocatorUseCacheForAllThreads(48)) - PERFORMANCE WARNING: useCacheForAllThreads is true that may cause Netty to create a lot garbage objects and, as a result, trigger GC.
	It is recommended to disable useCacheForAllThreads by setting -Dorg.apache.ratis.thirdparty.io.netty.allocator.useCacheForAllThreads=false in command line.
2022-08-10 20:38:31,763 [Listener at 127.0.0.1/39139] INFO  grpc.GrpcConfigKeys (ConfUtils.java:logGet(46)) - raft.grpc.admin.port = 0 (custom)
2022-08-10 20:38:31,763 [Listener at 127.0.0.1/39139] INFO  grpc.GrpcConfigKeys (ConfUtils.java:logGet(46)) - raft.grpc.client.port = 0 (custom)
2022-08-10 20:38:31,764 [Listener at 127.0.0.1/39139] INFO  grpc.GrpcConfigKeys (ConfUtils.java:logGet(46)) - raft.grpc.server.port = 0 (default)
2022-08-10 20:38:31,764 [Listener at 127.0.0.1/39139] INFO  server.GrpcService (ConfUtils.java:logGet(46)) - raft.grpc.message.size.max = 32MB (=33554432) (custom)
2022-08-10 20:38:31,764 [Listener at 127.0.0.1/39139] INFO  server.RaftServerConfigKeys (ConfUtils.java:logGet(46)) - raft.server.log.appender.buffer.byte-limit = 33554432 (custom)
2022-08-10 20:38:31,764 [Listener at 127.0.0.1/39139] INFO  server.GrpcService (ConfUtils.java:logGet(46)) - raft.grpc.flow.control.window = 5MB (=5242880) (custom)
2022-08-10 20:38:31,764 [Listener at 127.0.0.1/39139] INFO  server.RaftServerConfigKeys (ConfUtils.java:logGet(46)) - raft.server.rpc.request.timeout = 60s (custom)
2022-08-10 20:38:31,764 [Listener at 127.0.0.1/39139] INFO  grpc.GrpcConfigKeys (ConfUtils.java:logGet(46)) - raft.grpc.server.async.request.thread.pool.cached = true (default)
2022-08-10 20:38:31,764 [Listener at 127.0.0.1/39139] INFO  grpc.GrpcConfigKeys (ConfUtils.java:logGet(46)) - raft.grpc.server.async.request.thread.pool.size = 32 (default)
2022-08-10 20:38:31,766 [Listener at 127.0.0.1/39139] INFO  impl.DataStreamServerImpl (ConfUtils.java:logGet(46)) - raft.datastream.type = DISABLED (default)
2022-08-10 20:38:31,766 [Listener at 127.0.0.1/39139] INFO  server.RaftServerConfigKeys (ConfUtils.java:logGet(46)) - raft.server.threadpool.proxy.cached = true (default)
2022-08-10 20:38:31,766 [Listener at 127.0.0.1/39139] INFO  server.RaftServerConfigKeys (ConfUtils.java:logGet(46)) - raft.server.threadpool.proxy.size = 0 (default)
2022-08-10 20:38:31,767 [Listener at 127.0.0.1/39139] INFO  server.RaftServerConfigKeys (ConfUtils.java:logGet(46)) - raft.server.rpc.slowness.timeout = 300s (custom)
2022-08-10 20:38:31,767 [Listener at 127.0.0.1/39139] INFO  server.RaftServerConfigKeys (ConfUtils.java:logGet(46)) - raft.server.leaderelection.leader.step-down.wait-time = 10s (default)
2022-08-10 20:38:31,767 [Listener at 127.0.0.1/39139] INFO  server.RaftServerConfigKeys (ConfUtils.java:logGet(46)) - raft.server.storage.dir = [/home/runner/work/ozone/ozone/hadoop-ozone/integration-test/target/test-dir/MiniOzoneClusterImpl-6b5328db-83be-43cc-b602-c95cfe986a84/datanode-2/data/ratis] (custom)
2022-08-10 20:38:31,769 [Listener at 127.0.0.1/39139] INFO  server.XceiverServerGrpc (XceiverServerGrpc.java:<init>(132)) - GrpcServer channel type EpollServerSocketChannel
2022-08-10 20:38:31,775 [Listener at 127.0.0.1/39139] INFO  http.BaseHttpServer (BaseHttpServer.java:newHttpServer2BuilderForOzone(209)) - Starting Web-server for hddsDatanode at: http://0.0.0.0:0
2022-08-10 20:38:31,776 [Listener at 127.0.0.1/39139] INFO  http.BaseHttpServer (BaseHttpServer.java:<init>(107)) - Hadoop Security Enabled: false Ozone Security Enabled: false Ozone HTTP Security Enabled: false 
2022-08-10 20:38:31,777 [Listener at 127.0.0.1/39139] INFO  server.AuthenticationFilter (AuthenticationFilter.java:constructSecretProvider(240)) - Unable to initialize FileSignerSecretProvider, falling back to use random secrets.
2022-08-10 20:38:31,778 [Listener at 127.0.0.1/39139] WARN  http.HttpRequestLog (HttpRequestLog.java:getRequestLog(103)) - Jetty request log can only be enabled using Log4j
2022-08-10 20:38:31,780 [Listener at 127.0.0.1/39139] INFO  http.HttpServer2 (HttpServer2.java:addGlobalFilter(1029)) - Added global filter 'safety' (class=org.apache.hadoop.hdds.server.http.HttpServer2$QuotingInputFilter)
2022-08-10 20:38:31,781 [Listener at 127.0.0.1/39139] INFO  http.HttpServer2 (HttpServer2.java:addFilter(1005)) - Added filter static_user_filter (class=org.apache.hadoop.http.lib.StaticUserWebFilter$StaticUserFilter) to context hddsDatanode
2022-08-10 20:38:31,781 [Listener at 127.0.0.1/39139] INFO  http.HttpServer2 (HttpServer2.java:addFilter(1013)) - Added filter static_user_filter (class=org.apache.hadoop.http.lib.StaticUserWebFilter$StaticUserFilter) to context logs
2022-08-10 20:38:31,781 [Listener at 127.0.0.1/39139] INFO  http.HttpServer2 (HttpServer2.java:addFilter(1013)) - Added filter static_user_filter (class=org.apache.hadoop.http.lib.StaticUserWebFilter$StaticUserFilter) to context static
2022-08-10 20:38:31,782 [Listener at 127.0.0.1/39139] INFO  http.HttpServer2 (HttpServer2.java:bindListener(1248)) - Jetty bound to port 35741
2022-08-10 20:38:31,782 [Listener at 127.0.0.1/39139] INFO  server.Server (Server.java:doStart(375)) - jetty-9.4.43.v20210629; built: 2021-06-30T11:07:22.254Z; git: 526006ecfa3af7f1a27ef3a288e2bef7ea9dd7e8; jvm 1.8.0_332-b09
2022-08-10 20:38:31,785 [Listener at 127.0.0.1/39139] INFO  server.session (DefaultSessionIdManager.java:doStart(334)) - DefaultSessionIdManager workerName=node0
2022-08-10 20:38:31,785 [Listener at 127.0.0.1/39139] INFO  server.session (DefaultSessionIdManager.java:doStart(339)) - No SessionScavenger set, using defaults
2022-08-10 20:38:31,785 [Listener at 127.0.0.1/39139] INFO  server.session (HouseKeeper.java:startScavenging(132)) - node0 Scavenging every 600000ms
2022-08-10 20:38:31,786 [Listener at 127.0.0.1/39139] INFO  handler.ContextHandler (ContextHandler.java:doStart(915)) - Started o.e.j.s.ServletContextHandler@26049ca2{logs,/logs,file:///home/runner/work/ozone/ozone/hadoop-ozone/integration-test/target/log,AVAILABLE}
2022-08-10 20:38:31,786 [Listener at 127.0.0.1/39139] INFO  handler.ContextHandler (ContextHandler.java:doStart(915)) - Started o.e.j.s.ServletContextHandler@3cd38685{static,/static,jar:file:/home/runner/.m2/repository/org/apache/ozone/hdds-container-service/1.3.0-SNAPSHOT/hdds-container-service-1.3.0-SNAPSHOT.jar!/webapps/static,AVAILABLE}
2022-08-10 20:38:31,951 [Listener at 127.0.0.1/39139] INFO  handler.ContextHandler (ContextHandler.java:doStart(915)) - Started o.e.j.w.WebAppContext@586f56d2{hddsDatanode,/,file:///tmp/jetty-0_0_0_0-35741-hdds-container-service-1_3_0-SNAPSHOT_jar-_-any-2397613247148794355/webapp/,AVAILABLE}{jar:file:/home/runner/.m2/repository/org/apache/ozone/hdds-container-service/1.3.0-SNAPSHOT/hdds-container-service-1.3.0-SNAPSHOT.jar!/webapps/hddsDatanode}
2022-08-10 20:38:31,952 [Listener at 127.0.0.1/39139] INFO  server.AbstractConnector (AbstractConnector.java:doStart(331)) - Started ServerConnector@10ecd658{HTTP/1.1, (http/1.1)}{0.0.0.0:35741}
2022-08-10 20:38:31,953 [Listener at 127.0.0.1/39139] INFO  server.Server (Server.java:doStart(415)) - Started @12016ms
2022-08-10 20:38:31,953 [Listener at 127.0.0.1/39139] WARN  impl.MetricsSystemImpl (MetricsSystemImpl.java:register(279)) - Sink prometheus already exists!
2022-08-10 20:38:31,954 [Listener at 127.0.0.1/39139] INFO  http.BaseHttpServer (BaseHttpServer.java:updateConnectorAddress(329)) - HTTP server of hddsDatanode listening at http://0.0.0.0:35741
2022-08-10 20:38:31,956 [Listener at 127.0.0.1/39139] INFO  ozone.MiniOzoneClusterImpl (MiniOzoneClusterImpl.java:lambda$waitForClusterToBeReady$0(216)) - Waiting for nodes to be ready. Got 0 of 3 DN Heartbeats.
2022-08-10 20:38:31,956 [Listener at 127.0.0.1/39139] INFO  ozone.MiniOzoneClusterImpl (MiniOzoneClusterImpl.java:lambda$waitForClusterToBeReady$0(219)) - Waiting for cluster to exit safe mode
2022-08-10 20:38:31,956 [Listener at 127.0.0.1/39139] INFO  ozone.MiniOzoneClusterImpl (MiniOzoneClusterImpl.java:lambda$waitForClusterToBeReady$0(221)) - SCM became leader
2022-08-10 20:38:31,956 [Datanode State Machine Daemon Thread] INFO  statemachine.DatanodeStateMachine (DatanodeStateMachine.java:lambda$startDaemon$0(492)) - Ozone container server started.
2022-08-10 20:38:31,966 [org.apache.hadoop.util.JvmPauseMonitor$Monitor@4b831141] INFO  util.JvmPauseMonitor (JvmPauseMonitor.java:run(188)) - Starting JVM pause monitor
2022-08-10 20:38:31,966 [Datanode State Machine Task Thread - 0] INFO  datanode.InitDatanodeState (InitDatanodeState.java:persistContainerDatanodeDetails(138)) - DatanodeDetails is persisted to /home/runner/work/ozone/ozone/hadoop-ozone/integration-test/target/test-dir/MiniOzoneClusterImpl-6b5328db-83be-43cc-b602-c95cfe986a84/datanode-2/meta/datanode.id
2022-08-10 20:38:32,956 [Listener at 127.0.0.1/39139] INFO  ozone.MiniOzoneClusterImpl (MiniOzoneClusterImpl.java:lambda$waitForClusterToBeReady$0(216)) - Waiting for nodes to be ready. Got 0 of 3 DN Heartbeats.
2022-08-10 20:38:32,957 [Listener at 127.0.0.1/39139] INFO  ozone.MiniOzoneClusterImpl (MiniOzoneClusterImpl.java:lambda$waitForClusterToBeReady$0(219)) - Waiting for cluster to exit safe mode
2022-08-10 20:38:32,957 [Listener at 127.0.0.1/39139] INFO  ozone.MiniOzoneClusterImpl (MiniOzoneClusterImpl.java:lambda$waitForClusterToBeReady$0(221)) - SCM became leader
2022-08-10 20:38:33,365 [EndpointStateMachine task thread for /0.0.0.0:33517 - 0 ] INFO  volume.HddsVolume (HddsVolume.java:createDbStore(309)) - SchemaV3 db is created and loaded at /home/runner/work/ozone/ozone/hadoop-ozone/integration-test/target/test-dir/MiniOzoneClusterImpl-6b5328db-83be-43cc-b602-c95cfe986a84/datanode-0/data-0/containers/hdds/6b5328db-83be-43cc-b602-c95cfe986a84/DS-1fc6d13f-e316-408d-9a1f-ac29c9864f9d/container.db for volume DS-1fc6d13f-e316-408d-9a1f-ac29c9864f9d
2022-08-10 20:38:33,370 [EndpointStateMachine task thread for /0.0.0.0:33517 - 0 ] INFO  volume.HddsVolume (HddsVolume.java:closeDbStore(340)) - SchemaV3 db is stopped at /home/runner/work/ozone/ozone/hadoop-ozone/integration-test/target/test-dir/MiniOzoneClusterImpl-6b5328db-83be-43cc-b602-c95cfe986a84/datanode-0/data-0/containers/hdds/6b5328db-83be-43cc-b602-c95cfe986a84/DS-1fc6d13f-e316-408d-9a1f-ac29c9864f9d/container.db for volume DS-1fc6d13f-e316-408d-9a1f-ac29c9864f9d
2022-08-10 20:38:33,370 [EndpointStateMachine task thread for /0.0.0.0:33517 - 0 ] INFO  ozoneimpl.OzoneContainer (OzoneContainer.java:start(377)) - Attempting to start container services.
2022-08-10 20:38:33,373 [EndpointStateMachine task thread for /0.0.0.0:33517 - 0 ] INFO  ozoneimpl.OzoneContainer (OzoneContainer.java:startContainerScrub(312)) - Background container scanner has been disabled.
2022-08-10 20:38:33,375 [EndpointStateMachine task thread for /0.0.0.0:33517 - 0 ] INFO  replication.ReplicationServer (ReplicationServer.java:start(111)) - ReplicationServer is started using port 46421
2022-08-10 20:38:33,378 [EndpointStateMachine task thread for /0.0.0.0:33517 - 0 ] INFO  ratis.XceiverServerRatis (XceiverServerRatis.java:start(481)) - Starting XceiverServerRatis af3b5617-f48d-41e9-a4c5-2957a0e3c3f7
2022-08-10 20:38:33,383 [EndpointStateMachine task thread for /0.0.0.0:33517 - 0 ] INFO  server.RaftServer (RaftServerProxy.java:lambda$start$6(382)) - af3b5617-f48d-41e9-a4c5-2957a0e3c3f7: start RPC server
2022-08-10 20:38:33,392 [EndpointStateMachine task thread for /0.0.0.0:33517 - 0 ] INFO  server.GrpcService (GrpcService.java:startImpl(260)) - af3b5617-f48d-41e9-a4c5-2957a0e3c3f7: GrpcService started, listening on 41069
2022-08-10 20:38:33,395 [EndpointStateMachine task thread for /0.0.0.0:33517 - 0 ] INFO  ratis.XceiverServerRatis (XceiverServerRatis.java:getRealPort(502)) - XceiverServerRatis af3b5617-f48d-41e9-a4c5-2957a0e3c3f7 is started using port 41069 for RATIS
2022-08-10 20:38:33,395 [EndpointStateMachine task thread for /0.0.0.0:33517 - 0 ] INFO  ratis.XceiverServerRatis (XceiverServerRatis.java:getRealPort(502)) - XceiverServerRatis af3b5617-f48d-41e9-a4c5-2957a0e3c3f7 is started using port 41069 for RATIS_ADMIN
2022-08-10 20:38:33,395 [EndpointStateMachine task thread for /0.0.0.0:33517 - 0 ] INFO  ratis.XceiverServerRatis (XceiverServerRatis.java:getRealPort(502)) - XceiverServerRatis af3b5617-f48d-41e9-a4c5-2957a0e3c3f7 is started using port 41069 for RATIS_SERVER
2022-08-10 20:38:33,395 [org.apache.ratis.util.JvmPauseMonitor$$Lambda$703/1412835141@6d5e0ab0] INFO  util.JvmPauseMonitor (JvmPauseMonitor.java:run(103)) - JvmPauseMonitor-af3b5617-f48d-41e9-a4c5-2957a0e3c3f7: Started
2022-08-10 20:38:33,402 [EndpointStateMachine task thread for /0.0.0.0:33517 - 0 ] INFO  server.XceiverServerGrpc (XceiverServerGrpc.java:start(180)) - XceiverServerGrpc af3b5617-f48d-41e9-a4c5-2957a0e3c3f7 is started using port 44043
2022-08-10 20:38:33,659 [EndpointStateMachine task thread for /0.0.0.0:33517 - 0 ] INFO  volume.HddsVolume (HddsVolume.java:createDbStore(309)) - SchemaV3 db is created and loaded at /home/runner/work/ozone/ozone/hadoop-ozone/integration-test/target/test-dir/MiniOzoneClusterImpl-6b5328db-83be-43cc-b602-c95cfe986a84/datanode-1/data-0/containers/hdds/6b5328db-83be-43cc-b602-c95cfe986a84/DS-fb7e81cc-ef24-408a-ae6b-865e1e430801/container.db for volume DS-fb7e81cc-ef24-408a-ae6b-865e1e430801
2022-08-10 20:38:33,660 [EndpointStateMachine task thread for /0.0.0.0:33517 - 0 ] INFO  volume.HddsVolume (HddsVolume.java:closeDbStore(340)) - SchemaV3 db is stopped at /home/runner/work/ozone/ozone/hadoop-ozone/integration-test/target/test-dir/MiniOzoneClusterImpl-6b5328db-83be-43cc-b602-c95cfe986a84/datanode-1/data-0/containers/hdds/6b5328db-83be-43cc-b602-c95cfe986a84/DS-fb7e81cc-ef24-408a-ae6b-865e1e430801/container.db for volume DS-fb7e81cc-ef24-408a-ae6b-865e1e430801
2022-08-10 20:38:33,660 [EndpointStateMachine task thread for /0.0.0.0:33517 - 0 ] INFO  ozoneimpl.OzoneContainer (OzoneContainer.java:start(377)) - Attempting to start container services.
2022-08-10 20:38:33,660 [EndpointStateMachine task thread for /0.0.0.0:33517 - 0 ] INFO  ozoneimpl.OzoneContainer (OzoneContainer.java:startContainerScrub(312)) - Background container scanner has been disabled.
2022-08-10 20:38:33,662 [EndpointStateMachine task thread for /0.0.0.0:33517 - 0 ] INFO  replication.ReplicationServer (ReplicationServer.java:start(111)) - ReplicationServer is started using port 36595
2022-08-10 20:38:33,662 [EndpointStateMachine task thread for /0.0.0.0:33517 - 0 ] INFO  ratis.XceiverServerRatis (XceiverServerRatis.java:start(481)) - Starting XceiverServerRatis eb7af48d-b4fa-4fc4-8235-6eb858e1f241
2022-08-10 20:38:33,663 [EndpointStateMachine task thread for /0.0.0.0:33517 - 0 ] INFO  server.RaftServer (RaftServerProxy.java:lambda$start$6(382)) - eb7af48d-b4fa-4fc4-8235-6eb858e1f241: start RPC server
2022-08-10 20:38:33,664 [EndpointStateMachine task thread for /0.0.0.0:33517 - 0 ] INFO  server.GrpcService (GrpcService.java:startImpl(260)) - eb7af48d-b4fa-4fc4-8235-6eb858e1f241: GrpcService started, listening on 44069
2022-08-10 20:38:33,665 [EndpointStateMachine task thread for /0.0.0.0:33517 - 0 ] INFO  ratis.XceiverServerRatis (XceiverServerRatis.java:getRealPort(502)) - XceiverServerRatis eb7af48d-b4fa-4fc4-8235-6eb858e1f241 is started using port 44069 for RATIS
2022-08-10 20:38:33,665 [org.apache.ratis.util.JvmPauseMonitor$$Lambda$703/1412835141@5aaa153d] INFO  util.JvmPauseMonitor (JvmPauseMonitor.java:run(103)) - JvmPauseMonitor-eb7af48d-b4fa-4fc4-8235-6eb858e1f241: Started
2022-08-10 20:38:33,665 [EndpointStateMachine task thread for /0.0.0.0:33517 - 0 ] INFO  ratis.XceiverServerRatis (XceiverServerRatis.java:getRealPort(502)) - XceiverServerRatis eb7af48d-b4fa-4fc4-8235-6eb858e1f241 is started using port 44069 for RATIS_ADMIN
2022-08-10 20:38:33,665 [EndpointStateMachine task thread for /0.0.0.0:33517 - 0 ] INFO  ratis.XceiverServerRatis (XceiverServerRatis.java:getRealPort(502)) - XceiverServerRatis eb7af48d-b4fa-4fc4-8235-6eb858e1f241 is started using port 44069 for RATIS_SERVER
2022-08-10 20:38:33,667 [EndpointStateMachine task thread for /0.0.0.0:33517 - 0 ] INFO  server.XceiverServerGrpc (XceiverServerGrpc.java:start(180)) - XceiverServerGrpc eb7af48d-b4fa-4fc4-8235-6eb858e1f241 is started using port 41335
2022-08-10 20:38:33,957 [Listener at 127.0.0.1/39139] INFO  ozone.MiniOzoneClusterImpl (MiniOzoneClusterImpl.java:lambda$waitForClusterToBeReady$0(216)) - Waiting for nodes to be ready. Got 0 of 3 DN Heartbeats.
2022-08-10 20:38:33,958 [Listener at 127.0.0.1/39139] INFO  ozone.MiniOzoneClusterImpl (MiniOzoneClusterImpl.java:lambda$waitForClusterToBeReady$0(219)) - Waiting for cluster to exit safe mode
2022-08-10 20:38:33,958 [Listener at 127.0.0.1/39139] INFO  ozone.MiniOzoneClusterImpl (MiniOzoneClusterImpl.java:lambda$waitForClusterToBeReady$0(221)) - SCM became leader
2022-08-10 20:38:33,999 [EndpointStateMachine task thread for /0.0.0.0:33517 - 0 ] INFO  volume.HddsVolume (HddsVolume.java:createDbStore(309)) - SchemaV3 db is created and loaded at /home/runner/work/ozone/ozone/hadoop-ozone/integration-test/target/test-dir/MiniOzoneClusterImpl-6b5328db-83be-43cc-b602-c95cfe986a84/datanode-2/data-0/containers/hdds/6b5328db-83be-43cc-b602-c95cfe986a84/DS-b969c34d-12c5-48e2-978b-ef6246d19429/container.db for volume DS-b969c34d-12c5-48e2-978b-ef6246d19429
2022-08-10 20:38:34,000 [EndpointStateMachine task thread for /0.0.0.0:33517 - 0 ] INFO  volume.HddsVolume (HddsVolume.java:closeDbStore(340)) - SchemaV3 db is stopped at /home/runner/work/ozone/ozone/hadoop-ozone/integration-test/target/test-dir/MiniOzoneClusterImpl-6b5328db-83be-43cc-b602-c95cfe986a84/datanode-2/data-0/containers/hdds/6b5328db-83be-43cc-b602-c95cfe986a84/DS-b969c34d-12c5-48e2-978b-ef6246d19429/container.db for volume DS-b969c34d-12c5-48e2-978b-ef6246d19429
2022-08-10 20:38:34,000 [EndpointStateMachine task thread for /0.0.0.0:33517 - 0 ] INFO  ozoneimpl.OzoneContainer (OzoneContainer.java:start(377)) - Attempting to start container services.
2022-08-10 20:38:34,000 [EndpointStateMachine task thread for /0.0.0.0:33517 - 0 ] INFO  ozoneimpl.OzoneContainer (OzoneContainer.java:startContainerScrub(312)) - Background container scanner has been disabled.
2022-08-10 20:38:34,004 [EndpointStateMachine task thread for /0.0.0.0:33517 - 0 ] INFO  replication.ReplicationServer (ReplicationServer.java:start(111)) - ReplicationServer is started using port 41571
2022-08-10 20:38:34,005 [EndpointStateMachine task thread for /0.0.0.0:33517 - 0 ] INFO  ratis.XceiverServerRatis (XceiverServerRatis.java:start(481)) - Starting XceiverServerRatis e0b21060-8445-402d-9ae3-38e47ae35866
2022-08-10 20:38:34,006 [EndpointStateMachine task thread for /0.0.0.0:33517 - 0 ] INFO  server.RaftServer (RaftServerProxy.java:lambda$start$6(382)) - e0b21060-8445-402d-9ae3-38e47ae35866: start RPC server
2022-08-10 20:38:34,007 [EndpointStateMachine task thread for /0.0.0.0:33517 - 0 ] INFO  server.GrpcService (GrpcService.java:startImpl(260)) - e0b21060-8445-402d-9ae3-38e47ae35866: GrpcService started, listening on 33113
2022-08-10 20:38:34,008 [EndpointStateMachine task thread for /0.0.0.0:33517 - 0 ] INFO  ratis.XceiverServerRatis (XceiverServerRatis.java:getRealPort(502)) - XceiverServerRatis e0b21060-8445-402d-9ae3-38e47ae35866 is started using port 33113 for RATIS
2022-08-10 20:38:34,008 [org.apache.ratis.util.JvmPauseMonitor$$Lambda$703/1412835141@457e1e80] INFO  util.JvmPauseMonitor (JvmPauseMonitor.java:run(103)) - JvmPauseMonitor-e0b21060-8445-402d-9ae3-38e47ae35866: Started
2022-08-10 20:38:34,008 [EndpointStateMachine task thread for /0.0.0.0:33517 - 0 ] INFO  ratis.XceiverServerRatis (XceiverServerRatis.java:getRealPort(502)) - XceiverServerRatis e0b21060-8445-402d-9ae3-38e47ae35866 is started using port 33113 for RATIS_ADMIN
2022-08-10 20:38:34,008 [EndpointStateMachine task thread for /0.0.0.0:33517 - 0 ] INFO  ratis.XceiverServerRatis (XceiverServerRatis.java:getRealPort(502)) - XceiverServerRatis e0b21060-8445-402d-9ae3-38e47ae35866 is started using port 33113 for RATIS_SERVER
2022-08-10 20:38:34,011 [EndpointStateMachine task thread for /0.0.0.0:33517 - 0 ] INFO  server.XceiverServerGrpc (XceiverServerGrpc.java:start(180)) - XceiverServerGrpc e0b21060-8445-402d-9ae3-38e47ae35866 is started using port 38857
2022-08-10 20:38:34,958 [Listener at 127.0.0.1/39139] INFO  ozone.MiniOzoneClusterImpl (MiniOzoneClusterImpl.java:lambda$waitForClusterToBeReady$0(216)) - Waiting for nodes to be ready. Got 0 of 3 DN Heartbeats.
2022-08-10 20:38:34,958 [Listener at 127.0.0.1/39139] INFO  ozone.MiniOzoneClusterImpl (MiniOzoneClusterImpl.java:lambda$waitForClusterToBeReady$0(219)) - Waiting for cluster to exit safe mode
2022-08-10 20:38:34,958 [Listener at 127.0.0.1/39139] INFO  ozone.MiniOzoneClusterImpl (MiniOzoneClusterImpl.java:lambda$waitForClusterToBeReady$0(221)) - SCM became leader
2022-08-10 20:38:35,300 [IPC Server handler 8 on default port 33517] INFO  net.NetworkTopologyImpl (NetworkTopologyImpl.java:add(112)) - Added a new node: /default-rack/af3b5617-f48d-41e9-a4c5-2957a0e3c3f7
2022-08-10 20:38:35,302 [IPC Server handler 8 on default port 33517] INFO  node.SCMNodeManager (SCMNodeManager.java:register(397)) - Registered Data node : af3b5617-f48d-41e9-a4c5-2957a0e3c3f7{ip: 10.1.0.27, host: fv-az202-490.gfb0ajewubbutj5gszi5w2qz2a.jx.internal.cloudapp.net, ports: [REPLICATION=46421, RATIS=41069, RATIS_ADMIN=41069, RATIS_SERVER=41069, STANDALONE=44043], networkLocation: /default-rack, certSerialId: null, persistedOpState: null, persistedOpStateExpiryEpochSec: 0}
2022-08-10 20:38:35,307 [EventQueue-NodeRegistrationContainerReportForDataNodeSafeModeRule] INFO  safemode.SCMSafeModeManager (DataNodeSafeModeRule.java:process(71)) - SCM in safe mode. 1 DataNodes registered, 3 required.
2022-08-10 20:38:35,307 [EventQueue-NewNodeForNewNodeHandler] INFO  pipeline.BackgroundPipelineCreator (BackgroundPipelineCreator.java:notifyEventTriggered(276)) - trigger a one-shot run on RatisPipelineUtilsThread.
2022-08-10 20:38:35,307 [EventQueue-NodeRegistrationContainerReportForContainerSafeModeRule] INFO  safemode.SCMSafeModeManager (SCMSafeModeManager.java:validateSafeModeExitRules(204)) - ContainerSafeModeRule rule is successfully validated
2022-08-10 20:38:35,316 [RatisPipelineUtilsThread - 0] INFO  pipeline.RatisPipelineProvider (RatisPipelineProvider.java:lambda$create$0(195)) - Sending CreatePipelineCommand for pipeline:PipelineID=ed10c06c-9c9c-40f3-a070-900aee5cf333 to datanode:af3b5617-f48d-41e9-a4c5-2957a0e3c3f7
2022-08-10 20:38:35,326 [EventQueue-PipelineReportForOneReplicaPipelineSafeModeRule] INFO  safemode.SCMSafeModeManager (SCMSafeModeManager.java:validateSafeModeExitRules(204)) - AtleastOneDatanodeReportedRule rule is successfully validated
2022-08-10 20:38:35,327 [RatisPipelineUtilsThread - 0] INFO  pipeline.PipelineStateManagerImpl (PipelineStateManagerImpl.java:addPipeline(103)) - Created pipeline Pipeline[ Id: ed10c06c-9c9c-40f3-a070-900aee5cf333, Nodes: af3b5617-f48d-41e9-a4c5-2957a0e3c3f7{ip: 10.1.0.27, host: fv-az202-490.gfb0ajewubbutj5gszi5w2qz2a.jx.internal.cloudapp.net, ports: [REPLICATION=46421, RATIS=41069, RATIS_ADMIN=41069, RATIS_SERVER=41069, STANDALONE=44043], networkLocation: /default-rack, certSerialId: null, persistedOpState: IN_SERVICE, persistedOpStateExpiryEpochSec: 0}, ReplicationConfig: RATIS/ONE, State:ALLOCATED, leaderId:, CreationTimestamp2022-08-10T20:38:35.313Z[Etc/UTC]].
2022-08-10 20:38:35,634 [IPC Server handler 0 on default port 33517] INFO  net.NetworkTopologyImpl (NetworkTopologyImpl.java:add(112)) - Added a new node: /default-rack/eb7af48d-b4fa-4fc4-8235-6eb858e1f241
2022-08-10 20:38:35,634 [IPC Server handler 0 on default port 33517] INFO  node.SCMNodeManager (SCMNodeManager.java:register(397)) - Registered Data node : eb7af48d-b4fa-4fc4-8235-6eb858e1f241{ip: 10.1.0.27, host: fv-az202-490.gfb0ajewubbutj5gszi5w2qz2a.jx.internal.cloudapp.net, ports: [REPLICATION=36595, RATIS=44069, RATIS_ADMIN=44069, RATIS_SERVER=44069, STANDALONE=41335], networkLocation: /default-rack, certSerialId: null, persistedOpState: null, persistedOpStateExpiryEpochSec: 0}
2022-08-10 20:38:35,635 [EventQueue-NewNodeForNewNodeHandler] INFO  pipeline.BackgroundPipelineCreator (BackgroundPipelineCreator.java:notifyEventTriggered(276)) - trigger a one-shot run on RatisPipelineUtilsThread.
2022-08-10 20:38:35,636 [EventQueue-NodeRegistrationContainerReportForDataNodeSafeModeRule] INFO  safemode.SCMSafeModeManager (DataNodeSafeModeRule.java:process(71)) - SCM in safe mode. 2 DataNodes registered, 3 required.
2022-08-10 20:38:35,637 [RatisPipelineUtilsThread - 0] INFO  pipeline.RatisPipelineProvider (RatisPipelineProvider.java:lambda$create$0(195)) - Sending CreatePipelineCommand for pipeline:PipelineID=1c873e21-45d4-40e4-9130-5e7424b08050 to datanode:eb7af48d-b4fa-4fc4-8235-6eb858e1f241
2022-08-10 20:38:35,638 [RatisPipelineUtilsThread - 0] INFO  pipeline.PipelineStateManagerImpl (PipelineStateManagerImpl.java:addPipeline(103)) - Created pipeline Pipeline[ Id: 1c873e21-45d4-40e4-9130-5e7424b08050, Nodes: eb7af48d-b4fa-4fc4-8235-6eb858e1f241{ip: 10.1.0.27, host: fv-az202-490.gfb0ajewubbutj5gszi5w2qz2a.jx.internal.cloudapp.net, ports: [REPLICATION=36595, RATIS=44069, RATIS_ADMIN=44069, RATIS_SERVER=44069, STANDALONE=41335], networkLocation: /default-rack, certSerialId: null, persistedOpState: IN_SERVICE, persistedOpStateExpiryEpochSec: 0}, ReplicationConfig: RATIS/ONE, State:ALLOCATED, leaderId:, CreationTimestamp2022-08-10T20:38:35.637Z[Etc/UTC]].
2022-08-10 20:38:35,959 [Listener at 127.0.0.1/39139] INFO  ozone.MiniOzoneClusterImpl (MiniOzoneClusterImpl.java:lambda$waitForClusterToBeReady$0(216)) - Waiting for nodes to be ready. Got 2 of 3 DN Heartbeats.
2022-08-10 20:38:35,959 [Listener at 127.0.0.1/39139] INFO  ozone.MiniOzoneClusterImpl (MiniOzoneClusterImpl.java:lambda$waitForClusterToBeReady$0(219)) - Waiting for cluster to exit safe mode
2022-08-10 20:38:35,959 [Listener at 127.0.0.1/39139] INFO  ozone.MiniOzoneClusterImpl (MiniOzoneClusterImpl.java:lambda$waitForClusterToBeReady$0(221)) - SCM became leader
2022-08-10 20:38:35,968 [IPC Server handler 2 on default port 33517] INFO  net.NetworkTopologyImpl (NetworkTopologyImpl.java:add(112)) - Added a new node: /default-rack/e0b21060-8445-402d-9ae3-38e47ae35866
2022-08-10 20:38:35,969 [IPC Server handler 2 on default port 33517] INFO  node.SCMNodeManager (SCMNodeManager.java:register(397)) - Registered Data node : e0b21060-8445-402d-9ae3-38e47ae35866{ip: 10.1.0.27, host: fv-az202-490.gfb0ajewubbutj5gszi5w2qz2a.jx.internal.cloudapp.net, ports: [REPLICATION=41571, RATIS=33113, RATIS_ADMIN=33113, RATIS_SERVER=33113, STANDALONE=38857], networkLocation: /default-rack, certSerialId: null, persistedOpState: null, persistedOpStateExpiryEpochSec: 0}
2022-08-10 20:38:35,969 [EventQueue-NewNodeForNewNodeHandler] INFO  pipeline.BackgroundPipelineCreator (BackgroundPipelineCreator.java:notifyEventTriggered(276)) - trigger a one-shot run on RatisPipelineUtilsThread.
2022-08-10 20:38:35,970 [EventQueue-NodeRegistrationContainerReportForDataNodeSafeModeRule] INFO  safemode.SCMSafeModeManager (DataNodeSafeModeRule.java:process(71)) - SCM in safe mode. 3 DataNodes registered, 3 required.
2022-08-10 20:38:35,970 [EventQueue-NodeRegistrationContainerReportForDataNodeSafeModeRule] INFO  safemode.SCMSafeModeManager (SCMSafeModeManager.java:validateSafeModeExitRules(204)) - DataNodeSafeModeRule rule is successfully validated
2022-08-10 20:38:35,970 [EventQueue-NodeRegistrationContainerReportForDataNodeSafeModeRule] INFO  safemode.SCMSafeModeManager (SCMSafeModeManager.java:completePreCheck(233)) - All SCM safe mode pre check rules have passed
2022-08-10 20:38:35,970 [EventQueue-NodeRegistrationContainerReportForDataNodeSafeModeRule] WARN  events.EventQueue (EventQueue.java:fireEvent(216)) - No event handler registered for event TypedEvent{payloadType=SafeModeStatus, name='Safe mode status'}
2022-08-10 20:38:35,970 [EventQueue-NodeRegistrationContainerReportForDataNodeSafeModeRule] INFO  ha.SCMContext (SCMContext.java:updateSafeModeStatus(228)) - Update SafeModeStatus from SafeModeStatus{safeModeStatus=true, preCheckPassed=false} to SafeModeStatus{safeModeStatus=true, preCheckPassed=true}.
2022-08-10 20:38:35,970 [EventQueue-NodeRegistrationContainerReportForDataNodeSafeModeRule] INFO  pipeline.BackgroundPipelineCreator (BackgroundPipelineCreator.java:notifyEventTriggered(276)) - trigger a one-shot run on RatisPipelineUtilsThread.
2022-08-10 20:38:35,972 [RatisPipelineUtilsThread - 0] INFO  pipeline.RatisPipelineProvider (RatisPipelineProvider.java:lambda$create$0(195)) - Sending CreatePipelineCommand for pipeline:PipelineID=789c805c-925e-4daf-921c-7294a4f35385 to datanode:e0b21060-8445-402d-9ae3-38e47ae35866
2022-08-10 20:38:35,973 [RatisPipelineUtilsThread - 0] INFO  pipeline.PipelineStateManagerImpl (PipelineStateManagerImpl.java:addPipeline(103)) - Created pipeline Pipeline[ Id: 789c805c-925e-4daf-921c-7294a4f35385, Nodes: e0b21060-8445-402d-9ae3-38e47ae35866{ip: 10.1.0.27, host: fv-az202-490.gfb0ajewubbutj5gszi5w2qz2a.jx.internal.cloudapp.net, ports: [REPLICATION=41571, RATIS=33113, RATIS_ADMIN=33113, RATIS_SERVER=33113, STANDALONE=38857], networkLocation: /default-rack, certSerialId: null, persistedOpState: IN_SERVICE, persistedOpStateExpiryEpochSec: 0}, ReplicationConfig: RATIS/ONE, State:ALLOCATED, leaderId:, CreationTimestamp2022-08-10T20:38:35.972Z[Etc/UTC]].
2022-08-10 20:38:35,977 [RatisPipelineUtilsThread - 0] INFO  pipeline.RatisPipelineProvider (RatisPipelineProvider.java:lambda$create$0(195)) - Sending CreatePipelineCommand for pipeline:PipelineID=e57205db-8960-4e3f-ada9-35252b3f087f to datanode:e0b21060-8445-402d-9ae3-38e47ae35866
2022-08-10 20:38:35,977 [RatisPipelineUtilsThread - 0] INFO  pipeline.RatisPipelineProvider (RatisPipelineProvider.java:lambda$create$0(195)) - Sending CreatePipelineCommand for pipeline:PipelineID=e57205db-8960-4e3f-ada9-35252b3f087f to datanode:eb7af48d-b4fa-4fc4-8235-6eb858e1f241
2022-08-10 20:38:35,977 [RatisPipelineUtilsThread - 0] INFO  pipeline.RatisPipelineProvider (RatisPipelineProvider.java:lambda$create$0(195)) - Sending CreatePipelineCommand for pipeline:PipelineID=e57205db-8960-4e3f-ada9-35252b3f087f to datanode:af3b5617-f48d-41e9-a4c5-2957a0e3c3f7
2022-08-10 20:38:35,980 [RatisPipelineUtilsThread - 0] INFO  pipeline.PipelineStateManagerImpl (PipelineStateManagerImpl.java:addPipeline(103)) - Created pipeline Pipeline[ Id: e57205db-8960-4e3f-ada9-35252b3f087f, Nodes: e0b21060-8445-402d-9ae3-38e47ae35866{ip: 10.1.0.27, host: fv-az202-490.gfb0ajewubbutj5gszi5w2qz2a.jx.internal.cloudapp.net, ports: [REPLICATION=41571, RATIS=33113, RATIS_ADMIN=33113, RATIS_SERVER=33113, STANDALONE=38857], networkLocation: /default-rack, certSerialId: null, persistedOpState: IN_SERVICE, persistedOpStateExpiryEpochSec: 0}eb7af48d-b4fa-4fc4-8235-6eb858e1f241{ip: 10.1.0.27, host: fv-az202-490.gfb0ajewubbutj5gszi5w2qz2a.jx.internal.cloudapp.net, ports: [REPLICATION=36595, RATIS=44069, RATIS_ADMIN=44069, RATIS_SERVER=44069, STANDALONE=41335], networkLocation: /default-rack, certSerialId: null, persistedOpState: IN_SERVICE, persistedOpStateExpiryEpochSec: 0}af3b5617-f48d-41e9-a4c5-2957a0e3c3f7{ip: 10.1.0.27, host: fv-az202-490.gfb0ajewubbutj5gszi5w2qz2a.jx.internal.cloudapp.net, ports: [REPLICATION=46421, RATIS=41069, RATIS_ADMIN=41069, RATIS_SERVER=41069, STANDALONE=44043], networkLocation: /default-rack, certSerialId: null, persistedOpState: IN_SERVICE, persistedOpStateExpiryEpochSec: 0}, ReplicationConfig: RATIS/THREE, State:ALLOCATED, leaderId:, CreationTimestamp2022-08-10T20:38:35.977Z[Etc/UTC]].
2022-08-10 20:38:35,981 [RatisPipelineUtilsThread - 0] INFO  pipeline.RatisPipelineProvider (RatisPipelineProvider.java:lambda$create$0(195)) - Sending CreatePipelineCommand for pipeline:PipelineID=55824934-fef0-4597-ab06-08ae96fd177a to datanode:e0b21060-8445-402d-9ae3-38e47ae35866
2022-08-10 20:38:35,981 [RatisPipelineUtilsThread - 0] INFO  pipeline.RatisPipelineProvider (RatisPipelineProvider.java:lambda$create$0(195)) - Sending CreatePipelineCommand for pipeline:PipelineID=55824934-fef0-4597-ab06-08ae96fd177a to datanode:af3b5617-f48d-41e9-a4c5-2957a0e3c3f7
2022-08-10 20:38:35,981 [RatisPipelineUtilsThread - 0] INFO  pipeline.RatisPipelineProvider (RatisPipelineProvider.java:lambda$create$0(195)) - Sending CreatePipelineCommand for pipeline:PipelineID=55824934-fef0-4597-ab06-08ae96fd177a to datanode:eb7af48d-b4fa-4fc4-8235-6eb858e1f241
2022-08-10 20:38:35,982 [RatisPipelineUtilsThread - 0] INFO  pipeline.PipelineStateManagerImpl (PipelineStateManagerImpl.java:addPipeline(103)) - Created pipeline Pipeline[ Id: 55824934-fef0-4597-ab06-08ae96fd177a, Nodes: e0b21060-8445-402d-9ae3-38e47ae35866{ip: 10.1.0.27, host: fv-az202-490.gfb0ajewubbutj5gszi5w2qz2a.jx.internal.cloudapp.net, ports: [REPLICATION=41571, RATIS=33113, RATIS_ADMIN=33113, RATIS_SERVER=33113, STANDALONE=38857], networkLocation: /default-rack, certSerialId: null, persistedOpState: IN_SERVICE, persistedOpStateExpiryEpochSec: 0}af3b5617-f48d-41e9-a4c5-2957a0e3c3f7{ip: 10.1.0.27, host: fv-az202-490.gfb0ajewubbutj5gszi5w2qz2a.jx.internal.cloudapp.net, ports: [REPLICATION=46421, RATIS=41069, RATIS_ADMIN=41069, RATIS_SERVER=41069, STANDALONE=44043], networkLocation: /default-rack, certSerialId: null, persistedOpState: IN_SERVICE, persistedOpStateExpiryEpochSec: 0}eb7af48d-b4fa-4fc4-8235-6eb858e1f241{ip: 10.1.0.27, host: fv-az202-490.gfb0ajewubbutj5gszi5w2qz2a.jx.internal.cloudapp.net, ports: [REPLICATION=36595, RATIS=44069, RATIS_ADMIN=44069, RATIS_SERVER=44069, STANDALONE=41335], networkLocation: /default-rack, certSerialId: null, persistedOpState: IN_SERVICE, persistedOpStateExpiryEpochSec: 0}, ReplicationConfig: RATIS/THREE, State:ALLOCATED, leaderId:, CreationTimestamp2022-08-10T20:38:35.981Z[Etc/UTC]].
2022-08-10 20:38:35,982 [RatisPipelineUtilsThread - 0] INFO  pipeline.PipelineManagerImpl (PipelineManagerImpl.java:recordMetricsForPipeline(796)) - Pipeline: PipelineID=55824934-fef0-4597-ab06-08ae96fd177a contains same datanodes as previous pipelines: PipelineID=e57205db-8960-4e3f-ada9-35252b3f087f nodeIds: e0b21060-8445-402d-9ae3-38e47ae35866, af3b5617-f48d-41e9-a4c5-2957a0e3c3f7, eb7af48d-b4fa-4fc4-8235-6eb858e1f241
2022-08-10 20:38:36,960 [Listener at 127.0.0.1/39139] INFO  ozone.MiniOzoneClusterImpl (MiniOzoneClusterImpl.java:lambda$waitForClusterToBeReady$0(216)) - Nodes are ready. Got 3 of 3 DN Heartbeats.
2022-08-10 20:38:36,961 [Listener at 127.0.0.1/39139] INFO  ozone.MiniOzoneClusterImpl (MiniOzoneClusterImpl.java:lambda$waitForClusterToBeReady$0(219)) - Waiting for cluster to exit safe mode
2022-08-10 20:38:36,962 [Listener at 127.0.0.1/39139] INFO  ozone.MiniOzoneClusterImpl (MiniOzoneClusterImpl.java:lambda$waitForClusterToBeReady$0(221)) - SCM became leader
2022-08-10 20:38:37,962 [Listener at 127.0.0.1/39139] INFO  ozone.MiniOzoneClusterImpl (MiniOzoneClusterImpl.java:lambda$waitForClusterToBeReady$0(216)) - Nodes are ready. Got 3 of 3 DN Heartbeats.
2022-08-10 20:38:37,963 [Listener at 127.0.0.1/39139] INFO  ozone.MiniOzoneClusterImpl (MiniOzoneClusterImpl.java:lambda$waitForClusterToBeReady$0(219)) - Waiting for cluster to exit safe mode
2022-08-10 20:38:37,963 [Listener at 127.0.0.1/39139] INFO  ozone.MiniOzoneClusterImpl (MiniOzoneClusterImpl.java:lambda$waitForClusterToBeReady$0(221)) - SCM became leader
2022-08-10 20:38:38,298 [Command processor thread] INFO  server.RaftServer (RaftServerProxy.java:addNew(96)) - af3b5617-f48d-41e9-a4c5-2957a0e3c3f7: addNew group-900AEE5CF333:[af3b5617-f48d-41e9-a4c5-2957a0e3c3f7|rpc:10.1.0.27:41069|priority:1] returns group-900AEE5CF333:java.util.concurrent.CompletableFuture@148548a5[Not completed]
2022-08-10 20:38:38,308 [pool-122-thread-1] INFO  server.RaftServer$Division (RaftServerImpl.java:<init>(190)) - af3b5617-f48d-41e9-a4c5-2957a0e3c3f7: new RaftServerImpl for group-900AEE5CF333:[af3b5617-f48d-41e9-a4c5-2957a0e3c3f7|rpc:10.1.0.27:41069|priority:1] with ContainerStateMachine:uninitialized
2022-08-10 20:38:38,308 [pool-122-thread-1] INFO  server.RaftServerConfigKeys (ConfUtils.java:logGet(46)) - raft.server.rpc.timeout.min = 5s (custom)
2022-08-10 20:38:38,308 [pool-122-thread-1] INFO  server.RaftServerConfigKeys (ConfUtils.java:logGet(46)) - raft.server.rpc.timeout.max = 5200ms (custom)
2022-08-10 20:38:38,308 [pool-122-thread-1] INFO  server.RaftServerConfigKeys (ConfUtils.java:logGet(46)) - raft.server.rpc.sleep.time = 25ms (default)
2022-08-10 20:38:38,308 [pool-122-thread-1] INFO  server.RaftServerConfigKeys (ConfUtils.java:logGet(46)) - raft.server.rpc.slowness.timeout = 300s (custom)
2022-08-10 20:38:38,308 [pool-122-thread-1] INFO  server.RaftServerConfigKeys (ConfUtils.java:logGet(46)) - raft.server.leaderelection.leader.step-down.wait-time = 10s (default)
2022-08-10 20:38:38,308 [pool-122-thread-1] INFO  server.RaftServerConfigKeys (ConfUtils.java:logGet(46)) - raft.server.sleep.deviation.threshold = 300ms (default)
2022-08-10 20:38:38,308 [pool-122-thread-1] INFO  server.RaftServer$Division (ServerState.java:<init>(107)) - af3b5617-f48d-41e9-a4c5-2957a0e3c3f7@group-900AEE5CF333: ConfigurationManager, init=-1: [af3b5617-f48d-41e9-a4c5-2957a0e3c3f7|rpc:10.1.0.27:41069|priority:1], old=null, confs=<EMPTY_MAP>
2022-08-10 20:38:38,308 [pool-122-thread-1] INFO  server.RaftServerConfigKeys (ConfUtils.java:logGet(46)) - raft.server.storage.dir = [/home/runner/work/ozone/ozone/hadoop-ozone/integration-test/target/test-dir/MiniOzoneClusterImpl-6b5328db-83be-43cc-b602-c95cfe986a84/datanode-0/data/ratis] (custom)
2022-08-10 20:38:38,308 [pool-122-thread-1] INFO  server.RaftServerConfigKeys (ConfUtils.java:logGet(46)) - raft.server.log.corruption.policy = EXCEPTION (default)
2022-08-10 20:38:38,308 [pool-122-thread-1] INFO  server.RaftServerConfigKeys (ConfUtils.java:logGet(46)) - raft.server.storage.free-space.min = 0MB (=0) (default)
2022-08-10 20:38:38,311 [pool-122-thread-1] INFO  storage.RaftStorageDirectory (RaftStorageDirectoryImpl.java:analyzeStorage(135)) - The storage directory /home/runner/work/ozone/ozone/hadoop-ozone/integration-test/target/test-dir/MiniOzoneClusterImpl-6b5328db-83be-43cc-b602-c95cfe986a84/datanode-0/data/ratis/ed10c06c-9c9c-40f3-a070-900aee5cf333 does not exist. Creating ...
2022-08-10 20:38:38,312 [pool-122-thread-1] INFO  storage.RaftStorageDirectory (RaftStorageDirectoryImpl.java:tryLock(230)) - Lock on /home/runner/work/ozone/ozone/hadoop-ozone/integration-test/target/test-dir/MiniOzoneClusterImpl-6b5328db-83be-43cc-b602-c95cfe986a84/datanode-0/data/ratis/ed10c06c-9c9c-40f3-a070-900aee5cf333/in_use.lock acquired by nodename 17633@fv-az202-490
2022-08-10 20:38:38,326 [pool-122-thread-1] INFO  storage.RaftStorage (RaftStorageImpl.java:format(89)) - Storage directory /home/runner/work/ozone/ozone/hadoop-ozone/integration-test/target/test-dir/MiniOzoneClusterImpl-6b5328db-83be-43cc-b602-c95cfe986a84/datanode-0/data/ratis/ed10c06c-9c9c-40f3-a070-900aee5cf333 has been successfully formatted.
2022-08-10 20:38:38,330 [pool-122-thread-1] INFO  ratis.ContainerStateMachine (ContainerStateMachine.java:loadSnapshot(236)) - group-900AEE5CF333: The snapshot info is null. Setting the last applied indexto:(t:0, i:~)
2022-08-10 20:38:38,331 [pool-122-thread-1] INFO  server.RaftServerConfigKeys (ConfUtils.java:logGet(46)) - raft.server.notification.no-leader.timeout = 300s (custom)
2022-08-10 20:38:38,331 [pool-122-thread-1] INFO  server.RaftServerConfigKeys (ConfUtils.java:logGet(46)) - raft.server.log.use.memory = false (default)
2022-08-10 20:38:38,331 [pool-122-thread-1] INFO  server.RaftServerConfigKeys (ConfUtils.java:logGet(46)) - raft.server.log.purge.gap = 1000000 (custom)
2022-08-10 20:38:38,331 [pool-122-thread-1] INFO  server.RaftServerConfigKeys (ConfUtils.java:logGet(46)) - raft.server.log.appender.buffer.byte-limit = 33554432 (custom)
2022-08-10 20:38:38,331 [pool-122-thread-1] INFO  server.RaftServerConfigKeys (ConfUtils.java:logGet(46)) - raft.server.log.statemachine.data.read.timeout = 1000ms (default)
2022-08-10 20:38:38,331 [pool-122-thread-1] INFO  server.RaftServerConfigKeys (ConfUtils.java:logGet(46)) - raft.server.log.segment.size.max = 1048576 (custom)
2022-08-10 20:38:38,332 [pool-122-thread-1] INFO  server.RaftServerConfigKeys (ConfUtils.java:logGet(46)) - raft.server.log.segment.cache.num.max = 2 (custom)
2022-08-10 20:38:38,332 [pool-122-thread-1] INFO  server.RaftServerConfigKeys (ConfUtils.java:logGet(46)) - raft.server.log.segment.cache.size.max = 200MB (=209715200) (default)
2022-08-10 20:38:38,332 [pool-122-thread-1] INFO  segmented.SegmentedRaftLogWorker (SegmentedRaftLogWorker.java:<init>(187)) - new af3b5617-f48d-41e9-a4c5-2957a0e3c3f7@group-900AEE5CF333-SegmentedRaftLogWorker for RaftStorageImpl:Storage Directory /home/runner/work/ozone/ozone/hadoop-ozone/integration-test/target/test-dir/MiniOzoneClusterImpl-6b5328db-83be-43cc-b602-c95cfe986a84/datanode-0/data/ratis/ed10c06c-9c9c-40f3-a070-900aee5cf333
2022-08-10 20:38:38,332 [pool-122-thread-1] INFO  server.RaftServerConfigKeys (ConfUtils.java:logGet(46)) - raft.server.log.queue.byte-limit = 4294967296 (custom)
2022-08-10 20:38:38,332 [pool-122-thread-1] INFO  server.RaftServerConfigKeys (ConfUtils.java:logGet(46)) - raft.server.log.queue.element-limit = 1024 (custom)
2022-08-10 20:38:38,332 [pool-122-thread-1] INFO  server.RaftServerConfigKeys (ConfUtils.java:logGet(46)) - raft.server.log.segment.size.max = 1048576 (custom)
2022-08-10 20:38:38,332 [pool-122-thread-1] INFO  server.RaftServerConfigKeys (ConfUtils.java:logGet(46)) - raft.server.log.preallocated.size = 16384 (custom)
2022-08-10 20:38:38,332 [pool-122-thread-1] INFO  server.RaftServerConfigKeys (ConfUtils.java:logGet(46)) - raft.server.log.force.sync.num = 128 (default)
2022-08-10 20:38:38,332 [pool-122-thread-1] INFO  server.RaftServerConfigKeys (ConfUtils.java:logGet(46)) - raft.server.log.statemachine.data.sync = true (default)
2022-08-10 20:38:38,332 [pool-122-thread-1] INFO  server.RaftServerConfigKeys (ConfUtils.java:logGet(46)) - raft.server.log.statemachine.data.sync.timeout = 10s (default)
2022-08-10 20:38:38,332 [pool-122-thread-1] INFO  server.RaftServerConfigKeys (ConfUtils.java:logGet(46)) - raft.server.log.statemachine.data.sync.timeout.retry = -1 (default)
2022-08-10 20:38:38,333 [pool-122-thread-1] INFO  server.RaftServerConfigKeys (ConfUtils.java:logGet(46)) - raft.server.log.write.buffer.size = 1048576 (custom)
2022-08-10 20:38:38,333 [pool-122-thread-1] INFO  server.RaftServerConfigKeys (ConfUtils.java:logGet(46)) - raft.server.log.unsafe-flush.enabled = false (default)
2022-08-10 20:38:38,333 [pool-122-thread-1] INFO  server.RaftServerConfigKeys (ConfUtils.java:logGet(46)) - raft.server.log.statemachine.data.caching.enabled = true (custom)
2022-08-10 20:38:38,334 [pool-122-thread-1] INFO  segmented.SegmentedRaftLogWorker (SegmentedRaftLogWorker.java:lambda$new$0(135)) - af3b5617-f48d-41e9-a4c5-2957a0e3c3f7@group-900AEE5CF333-SegmentedRaftLogWorker: flushIndex: setUnconditionally 0 -> -1
2022-08-10 20:38:38,334 [pool-122-thread-1] INFO  segmented.SegmentedRaftLogWorker (SegmentedRaftLogWorker.java:lambda$new$0(135)) - af3b5617-f48d-41e9-a4c5-2957a0e3c3f7@group-900AEE5CF333-SegmentedRaftLogWorker: safeCacheEvictIndex: setUnconditionally 0 -> -1
2022-08-10 20:38:38,341 [pool-122-thread-1] INFO  server.RaftServerConfigKeys (ConfUtils.java:logGet(46)) - raft.server.snapshot.auto.trigger.enabled = true (custom)
2022-08-10 20:38:38,341 [pool-122-thread-1] INFO  server.RaftServerConfigKeys (ConfUtils.java:logGet(46)) - raft.server.snapshot.auto.trigger.threshold = 10000 (custom)
2022-08-10 20:38:38,341 [pool-122-thread-1] INFO  server.RaftServerConfigKeys (ConfUtils.java:logGet(46)) - raft.server.snapshot.retention.file.num = 5 (custom)
2022-08-10 20:38:38,341 [pool-122-thread-1] INFO  server.RaftServerConfigKeys (ConfUtils.java:logGet(46)) - raft.server.log.purge.upto.snapshot.index = false (default)
2022-08-10 20:38:38,342 [pool-122-thread-1] INFO  server.RaftServerConfigKeys (ConfUtils.java:logGet(46)) - raft.server.retrycache.expirytime = 600000ms (custom)
2022-08-10 20:38:38,342 [pool-122-thread-1] INFO  server.RaftServerConfigKeys (ConfUtils.java:logGet(46)) - raft.server.retrycache.statistics.expirytime = 100μs (default)
2022-08-10 20:38:38,344 [EventQueue-PipelineReportForPipelineReportHandler] INFO  pipeline.PipelineManagerImpl (PipelineManagerImpl.java:openPipeline(367)) - Pipeline Pipeline[ Id: ed10c06c-9c9c-40f3-a070-900aee5cf333, Nodes: af3b5617-f48d-41e9-a4c5-2957a0e3c3f7{ip: 10.1.0.27, host: fv-az202-490.gfb0ajewubbutj5gszi5w2qz2a.jx.internal.cloudapp.net, ports: [REPLICATION=46421, RATIS=41069, RATIS_ADMIN=41069, RATIS_SERVER=41069, STANDALONE=44043], networkLocation: /default-rack, certSerialId: null, persistedOpState: IN_SERVICE, persistedOpStateExpiryEpochSec: 0}, ReplicationConfig: RATIS/ONE, State:ALLOCATED, leaderId:af3b5617-f48d-41e9-a4c5-2957a0e3c3f7, CreationTimestamp2022-08-10T20:38:35.313Z[Etc/UTC]] moved to OPEN state
2022-08-10 20:38:38,345 [pool-122-thread-1] INFO  server.RaftServerConfigKeys (ConfUtils.java:logGet(46)) - raft.server.log.appender.install.snapshot.enabled = false (custom)
2022-08-10 20:38:38,346 [EventQueue-OpenPipelineForHealthyPipelineSafeModeRule] INFO  safemode.SCMSafeModeManager (HealthyPipelineSafeModeRule.java:process(137)) - SCM in safe mode. Healthy pipelines reported count is 0, required healthy pipeline reported count is 1
2022-08-10 20:38:38,346 [pool-122-thread-1] INFO  server.RaftServerConfigKeys (ConfUtils.java:logGet(46)) - raft.server.threadpool.server.cached = true (default)
2022-08-10 20:38:38,346 [pool-122-thread-1] INFO  server.RaftServerConfigKeys (ConfUtils.java:logGet(46)) - raft.server.threadpool.server.size = 0 (default)
2022-08-10 20:38:38,347 [pool-122-thread-1] INFO  server.RaftServerConfigKeys (ConfUtils.java:logGet(46)) - raft.server.threadpool.client.cached = true (default)
2022-08-10 20:38:38,347 [pool-122-thread-1] INFO  server.RaftServerConfigKeys (ConfUtils.java:logGet(46)) - raft.server.threadpool.client.size = 0 (default)
2022-08-10 20:38:38,347 [pool-122-thread-1] INFO  server.RaftServer$Division (RaftServerImpl.java:start(310)) - af3b5617-f48d-41e9-a4c5-2957a0e3c3f7@group-900AEE5CF333: start as a follower, conf=-1: [af3b5617-f48d-41e9-a4c5-2957a0e3c3f7|rpc:10.1.0.27:41069|priority:1], old=null
2022-08-10 20:38:38,347 [pool-122-thread-1] INFO  server.RaftServer$Division (RaftServerImpl.java:setRole(299)) - af3b5617-f48d-41e9-a4c5-2957a0e3c3f7@group-900AEE5CF333: changes role from      null to FOLLOWER at term 0 for startAsFollower
2022-08-10 20:38:38,347 [pool-122-thread-1] INFO  impl.RoleInfo (RoleInfo.java:updateAndGet(139)) - af3b5617-f48d-41e9-a4c5-2957a0e3c3f7: start af3b5617-f48d-41e9-a4c5-2957a0e3c3f7@group-900AEE5CF333-FollowerState
2022-08-10 20:38:38,347 [pool-122-thread-1] INFO  util.JmxRegister (JmxRegister.java:tryRegister(44)) - Successfully registered JMX Bean with object name Ratis:service=RaftServer,group=group-900AEE5CF333,id=af3b5617-f48d-41e9-a4c5-2957a0e3c3f7
2022-08-10 20:38:38,355 [Command processor thread] INFO  ratis.XceiverServerRatis (XceiverServerRatis.java:addGroup(765)) - Created group PipelineID=ed10c06c-9c9c-40f3-a070-900aee5cf333
2022-08-10 20:38:38,356 [Command processor thread] INFO  commandhandler.CreatePipelineCommandHandler (CreatePipelineCommandHandler.java:handle(113)) - Created Pipeline RATIS ONE PipelineID=ed10c06c-9c9c-40f3-a070-900aee5cf333.
2022-08-10 20:38:38,356 [Command processor thread] INFO  server.RaftServer (RaftServerProxy.java:addNew(96)) - af3b5617-f48d-41e9-a4c5-2957a0e3c3f7: addNew group-35252B3F087F:[af3b5617-f48d-41e9-a4c5-2957a0e3c3f7|rpc:10.1.0.27:41069|priority:0, eb7af48d-b4fa-4fc4-8235-6eb858e1f241|rpc:10.1.0.27:44069|priority:1, e0b21060-8445-402d-9ae3-38e47ae35866|rpc:10.1.0.27:33113|priority:0] returns group-35252B3F087F:java.util.concurrent.CompletableFuture@5ac783b4[Not completed]
2022-08-10 20:38:38,358 [pool-122-thread-1] INFO  server.RaftServer$Division (RaftServerImpl.java:<init>(190)) - af3b5617-f48d-41e9-a4c5-2957a0e3c3f7: new RaftServerImpl for group-35252B3F087F:[af3b5617-f48d-41e9-a4c5-2957a0e3c3f7|rpc:10.1.0.27:41069|priority:0, eb7af48d-b4fa-4fc4-8235-6eb858e1f241|rpc:10.1.0.27:44069|priority:1, e0b21060-8445-402d-9ae3-38e47ae35866|rpc:10.1.0.27:33113|priority:0] with ContainerStateMachine:uninitialized
2022-08-10 20:38:38,358 [pool-122-thread-1] INFO  server.RaftServerConfigKeys (ConfUtils.java:logGet(46)) - raft.server.rpc.timeout.min = 5s (custom)
2022-08-10 20:38:38,358 [pool-122-thread-1] INFO  server.RaftServerConfigKeys (ConfUtils.java:logGet(46)) - raft.server.rpc.timeout.max = 5200ms (custom)
2022-08-10 20:38:38,358 [pool-122-thread-1] INFO  server.RaftServerConfigKeys (ConfUtils.java:logGet(46)) - raft.server.rpc.sleep.time = 25ms (default)
2022-08-10 20:38:38,358 [pool-122-thread-1] INFO  server.RaftServerConfigKeys (ConfUtils.java:logGet(46)) - raft.server.rpc.slowness.timeout = 300s (custom)
2022-08-10 20:38:38,358 [pool-122-thread-1] INFO  server.RaftServerConfigKeys (ConfUtils.java:logGet(46)) - raft.server.leaderelection.leader.step-down.wait-time = 10s (default)
2022-08-10 20:38:38,358 [pool-122-thread-1] INFO  server.RaftServerConfigKeys (ConfUtils.java:logGet(46)) - raft.server.sleep.deviation.threshold = 300ms (default)
2022-08-10 20:38:38,358 [pool-122-thread-1] INFO  server.RaftServer$Division (ServerState.java:<init>(107)) - af3b5617-f48d-41e9-a4c5-2957a0e3c3f7@group-35252B3F087F: ConfigurationManager, init=-1: [af3b5617-f48d-41e9-a4c5-2957a0e3c3f7|rpc:10.1.0.27:41069|priority:0, eb7af48d-b4fa-4fc4-8235-6eb858e1f241|rpc:10.1.0.27:44069|priority:1, e0b21060-8445-402d-9ae3-38e47ae35866|rpc:10.1.0.27:33113|priority:0], old=null, confs=<EMPTY_MAP>
2022-08-10 20:38:38,358 [pool-122-thread-1] INFO  server.RaftServerConfigKeys (ConfUtils.java:logGet(46)) - raft.server.storage.dir = [/home/runner/work/ozone/ozone/hadoop-ozone/integration-test/target/test-dir/MiniOzoneClusterImpl-6b5328db-83be-43cc-b602-c95cfe986a84/datanode-0/data/ratis] (custom)
2022-08-10 20:38:38,358 [pool-122-thread-1] INFO  server.RaftServerConfigKeys (ConfUtils.java:logGet(46)) - raft.server.log.corruption.policy = EXCEPTION (default)
2022-08-10 20:38:38,358 [pool-122-thread-1] INFO  server.RaftServerConfigKeys (ConfUtils.java:logGet(46)) - raft.server.storage.free-space.min = 0MB (=0) (default)
2022-08-10 20:38:38,359 [pool-122-thread-1] INFO  storage.RaftStorageDirectory (RaftStorageDirectoryImpl.java:analyzeStorage(135)) - The storage directory /home/runner/work/ozone/ozone/hadoop-ozone/integration-test/target/test-dir/MiniOzoneClusterImpl-6b5328db-83be-43cc-b602-c95cfe986a84/datanode-0/data/ratis/e57205db-8960-4e3f-ada9-35252b3f087f does not exist. Creating ...
2022-08-10 20:38:38,359 [pool-122-thread-1] INFO  storage.RaftStorageDirectory (RaftStorageDirectoryImpl.java:tryLock(230)) - Lock on /home/runner/work/ozone/ozone/hadoop-ozone/integration-test/target/test-dir/MiniOzoneClusterImpl-6b5328db-83be-43cc-b602-c95cfe986a84/datanode-0/data/ratis/e57205db-8960-4e3f-ada9-35252b3f087f/in_use.lock acquired by nodename 17633@fv-az202-490
2022-08-10 20:38:38,360 [pool-122-thread-1] INFO  storage.RaftStorage (RaftStorageImpl.java:format(89)) - Storage directory /home/runner/work/ozone/ozone/hadoop-ozone/integration-test/target/test-dir/MiniOzoneClusterImpl-6b5328db-83be-43cc-b602-c95cfe986a84/datanode-0/data/ratis/e57205db-8960-4e3f-ada9-35252b3f087f has been successfully formatted.
2022-08-10 20:38:38,361 [pool-122-thread-1] INFO  ratis.ContainerStateMachine (ContainerStateMachine.java:loadSnapshot(236)) - group-35252B3F087F: The snapshot info is null. Setting the last applied indexto:(t:0, i:~)
2022-08-10 20:38:38,361 [pool-122-thread-1] INFO  server.RaftServerConfigKeys (ConfUtils.java:logGet(46)) - raft.server.notification.no-leader.timeout = 300s (custom)
2022-08-10 20:38:38,361 [pool-122-thread-1] INFO  server.RaftServerConfigKeys (ConfUtils.java:logGet(46)) - raft.server.log.use.memory = false (default)
2022-08-10 20:38:38,361 [pool-122-thread-1] INFO  server.RaftServerConfigKeys (ConfUtils.java:logGet(46)) - raft.server.log.purge.gap = 1000000 (custom)
2022-08-10 20:38:38,361 [pool-122-thread-1] INFO  server.RaftServerConfigKeys (ConfUtils.java:logGet(46)) - raft.server.log.appender.buffer.byte-limit = 33554432 (custom)
2022-08-10 20:38:38,361 [pool-122-thread-1] INFO  server.RaftServerConfigKeys (ConfUtils.java:logGet(46)) - raft.server.log.statemachine.data.read.timeout = 1000ms (default)
2022-08-10 20:38:38,361 [pool-122-thread-1] INFO  server.RaftServerConfigKeys (ConfUtils.java:logGet(46)) - raft.server.log.segment.size.max = 1048576 (custom)
2022-08-10 20:38:38,364 [EventQueue-OpenPipelineForHealthyPipelineSafeModeRule] INFO  safemode.SCMSafeModeManager (HealthyPipelineSafeModeRule.java:process(137)) - SCM in safe mode. Healthy pipelines reported count is 0, required healthy pipeline reported count is 1
2022-08-10 20:38:38,364 [pool-122-thread-1] INFO  server.RaftServerConfigKeys (ConfUtils.java:logGet(46)) - raft.server.log.segment.cache.num.max = 2 (custom)
2022-08-10 20:38:38,364 [pool-122-thread-1] INFO  server.RaftServerConfigKeys (ConfUtils.java:logGet(46)) - raft.server.log.segment.cache.size.max = 200MB (=209715200) (default)
2022-08-10 20:38:38,365 [pool-122-thread-1] INFO  segmented.SegmentedRaftLogWorker (SegmentedRaftLogWorker.java:<init>(187)) - new af3b5617-f48d-41e9-a4c5-2957a0e3c3f7@group-35252B3F087F-SegmentedRaftLogWorker for RaftStorageImpl:Storage Directory /home/runner/work/ozone/ozone/hadoop-ozone/integration-test/target/test-dir/MiniOzoneClusterImpl-6b5328db-83be-43cc-b602-c95cfe986a84/datanode-0/data/ratis/e57205db-8960-4e3f-ada9-35252b3f087f
2022-08-10 20:38:38,365 [pool-122-thread-1] INFO  server.RaftServerConfigKeys (ConfUtils.java:logGet(46)) - raft.server.log.queue.byte-limit = 4294967296 (custom)
2022-08-10 20:38:38,365 [pool-122-thread-1] INFO  server.RaftServerConfigKeys (ConfUtils.java:logGet(46)) - raft.server.log.queue.element-limit = 1024 (custom)
2022-08-10 20:38:38,365 [pool-122-thread-1] INFO  server.RaftServerConfigKeys (ConfUtils.java:logGet(46)) - raft.server.log.segment.size.max = 1048576 (custom)
2022-08-10 20:38:38,365 [pool-122-thread-1] INFO  server.RaftServerConfigKeys (ConfUtils.java:logGet(46)) - raft.server.log.preallocated.size = 16384 (custom)
2022-08-10 20:38:38,365 [pool-122-thread-1] INFO  server.RaftServerConfigKeys (ConfUtils.java:logGet(46)) - raft.server.log.force.sync.num = 128 (default)
2022-08-10 20:38:38,365 [pool-122-thread-1] INFO  server.RaftServerConfigKeys (ConfUtils.java:logGet(46)) - raft.server.log.statemachine.data.sync = true (default)
2022-08-10 20:38:38,365 [pool-122-thread-1] INFO  server.RaftServerConfigKeys (ConfUtils.java:logGet(46)) - raft.server.log.statemachine.data.sync.timeout = 10s (default)
2022-08-10 20:38:38,365 [pool-122-thread-1] INFO  server.RaftServerConfigKeys (ConfUtils.java:logGet(46)) - raft.server.log.statemachine.data.sync.timeout.retry = -1 (default)
2022-08-10 20:38:38,366 [pool-122-thread-1] INFO  server.RaftServerConfigKeys (ConfUtils.java:logGet(46)) - raft.server.log.write.buffer.size = 1048576 (custom)
2022-08-10 20:38:38,366 [pool-122-thread-1] INFO  server.RaftServerConfigKeys (ConfUtils.java:logGet(46)) - raft.server.log.unsafe-flush.enabled = false (default)
2022-08-10 20:38:38,366 [pool-122-thread-1] INFO  server.RaftServerConfigKeys (ConfUtils.java:logGet(46)) - raft.server.log.statemachine.data.caching.enabled = true (custom)
2022-08-10 20:38:38,366 [pool-122-thread-1] INFO  segmented.SegmentedRaftLogWorker (SegmentedRaftLogWorker.java:lambda$new$0(135)) - af3b5617-f48d-41e9-a4c5-2957a0e3c3f7@group-35252B3F087F-SegmentedRaftLogWorker: flushIndex: setUnconditionally 0 -> -1
2022-08-10 20:38:38,366 [pool-122-thread-1] INFO  segmented.SegmentedRaftLogWorker (SegmentedRaftLogWorker.java:lambda$new$0(135)) - af3b5617-f48d-41e9-a4c5-2957a0e3c3f7@group-35252B3F087F-SegmentedRaftLogWorker: safeCacheEvictIndex: setUnconditionally 0 -> -1
2022-08-10 20:38:38,367 [pool-122-thread-1] INFO  server.RaftServerConfigKeys (ConfUtils.java:logGet(46)) - raft.server.snapshot.auto.trigger.enabled = true (custom)
2022-08-10 20:38:38,367 [pool-122-thread-1] INFO  server.RaftServerConfigKeys (ConfUtils.java:logGet(46)) - raft.server.snapshot.auto.trigger.threshold = 10000 (custom)
2022-08-10 20:38:38,367 [pool-122-thread-1] INFO  server.RaftServerConfigKeys (ConfUtils.java:logGet(46)) - raft.server.snapshot.retention.file.num = 5 (custom)
2022-08-10 20:38:38,367 [pool-122-thread-1] INFO  server.RaftServerConfigKeys (ConfUtils.java:logGet(46)) - raft.server.log.purge.upto.snapshot.index = false (default)
2022-08-10 20:38:38,367 [pool-122-thread-1] INFO  server.RaftServerConfigKeys (ConfUtils.java:logGet(46)) - raft.server.retrycache.expirytime = 600000ms (custom)
2022-08-10 20:38:38,367 [pool-122-thread-1] INFO  server.RaftServerConfigKeys (ConfUtils.java:logGet(46)) - raft.server.retrycache.statistics.expirytime = 100μs (default)
2022-08-10 20:38:38,368 [pool-122-thread-1] INFO  server.RaftServerConfigKeys (ConfUtils.java:logGet(46)) - raft.server.log.appender.install.snapshot.enabled = false (custom)
2022-08-10 20:38:38,368 [pool-122-thread-1] INFO  server.RaftServerConfigKeys (ConfUtils.java:logGet(46)) - raft.server.threadpool.server.cached = true (default)
2022-08-10 20:38:38,368 [pool-122-thread-1] INFO  server.RaftServerConfigKeys (ConfUtils.java:logGet(46)) - raft.server.threadpool.server.size = 0 (default)
2022-08-10 20:38:38,368 [pool-122-thread-1] INFO  server.RaftServerConfigKeys (ConfUtils.java:logGet(46)) - raft.server.threadpool.client.cached = true (default)
2022-08-10 20:38:38,368 [pool-122-thread-1] INFO  server.RaftServerConfigKeys (ConfUtils.java:logGet(46)) - raft.server.threadpool.client.size = 0 (default)
2022-08-10 20:38:38,372 [pool-122-thread-1] INFO  server.RaftServer$Division (RaftServerImpl.java:start(310)) - af3b5617-f48d-41e9-a4c5-2957a0e3c3f7@group-35252B3F087F: start as a follower, conf=-1: [af3b5617-f48d-41e9-a4c5-2957a0e3c3f7|rpc:10.1.0.27:41069|priority:0, eb7af48d-b4fa-4fc4-8235-6eb858e1f241|rpc:10.1.0.27:44069|priority:1, e0b21060-8445-402d-9ae3-38e47ae35866|rpc:10.1.0.27:33113|priority:0], old=null
2022-08-10 20:38:38,372 [pool-122-thread-1] INFO  server.RaftServer$Division (RaftServerImpl.java:setRole(299)) - af3b5617-f48d-41e9-a4c5-2957a0e3c3f7@group-35252B3F087F: changes role from      null to FOLLOWER at term 0 for startAsFollower
2022-08-10 20:38:38,372 [pool-122-thread-1] INFO  impl.RoleInfo (RoleInfo.java:updateAndGet(139)) - af3b5617-f48d-41e9-a4c5-2957a0e3c3f7: start af3b5617-f48d-41e9-a4c5-2957a0e3c3f7@group-35252B3F087F-FollowerState
2022-08-10 20:38:38,372 [pool-122-thread-1] INFO  util.JmxRegister (JmxRegister.java:tryRegister(44)) - Successfully registered JMX Bean with object name Ratis:service=RaftServer,group=group-35252B3F087F,id=af3b5617-f48d-41e9-a4c5-2957a0e3c3f7
2022-08-10 20:38:38,373 [Command processor thread] INFO  ratis.XceiverServerRatis (XceiverServerRatis.java:addGroup(765)) - Created group PipelineID=e57205db-8960-4e3f-ada9-35252b3f087f
2022-08-10 20:38:38,443 [grpc-default-executor-3] INFO  server.RaftServer (RaftServerProxy.java:addNew(96)) - e0b21060-8445-402d-9ae3-38e47ae35866: addNew group-35252B3F087F:[af3b5617-f48d-41e9-a4c5-2957a0e3c3f7|rpc:10.1.0.27:41069|dataStream:|priority:0, eb7af48d-b4fa-4fc4-8235-6eb858e1f241|rpc:10.1.0.27:44069|dataStream:|priority:1, e0b21060-8445-402d-9ae3-38e47ae35866|rpc:10.1.0.27:33113|dataStream:|priority:0] returns group-35252B3F087F:java.util.concurrent.CompletableFuture@335436bf[Not completed]
2022-08-10 20:38:38,447 [pool-168-thread-1] INFO  server.RaftServer$Division (RaftServerImpl.java:<init>(190)) - e0b21060-8445-402d-9ae3-38e47ae35866: new RaftServerImpl for group-35252B3F087F:[af3b5617-f48d-41e9-a4c5-2957a0e3c3f7|rpc:10.1.0.27:41069|dataStream:|priority:0, eb7af48d-b4fa-4fc4-8235-6eb858e1f241|rpc:10.1.0.27:44069|dataStream:|priority:1, e0b21060-8445-402d-9ae3-38e47ae35866|rpc:10.1.0.27:33113|dataStream:|priority:0] with ContainerStateMachine:uninitialized
2022-08-10 20:38:38,447 [pool-168-thread-1] INFO  server.RaftServerConfigKeys (ConfUtils.java:logGet(46)) - raft.server.rpc.timeout.min = 5s (custom)
2022-08-10 20:38:38,448 [pool-168-thread-1] INFO  server.RaftServerConfigKeys (ConfUtils.java:logGet(46)) - raft.server.rpc.timeout.max = 5200ms (custom)
2022-08-10 20:38:38,448 [pool-168-thread-1] INFO  server.RaftServerConfigKeys (ConfUtils.java:logGet(46)) - raft.server.rpc.sleep.time = 25ms (default)
2022-08-10 20:38:38,448 [pool-168-thread-1] INFO  server.RaftServerConfigKeys (ConfUtils.java:logGet(46)) - raft.server.rpc.slowness.timeout = 300s (custom)
2022-08-10 20:38:38,448 [pool-168-thread-1] INFO  server.RaftServerConfigKeys (ConfUtils.java:logGet(46)) - raft.server.leaderelection.leader.step-down.wait-time = 10s (default)
2022-08-10 20:38:38,448 [pool-168-thread-1] INFO  server.RaftServerConfigKeys (ConfUtils.java:logGet(46)) - raft.server.sleep.deviation.threshold = 300ms (default)
2022-08-10 20:38:38,448 [pool-168-thread-1] INFO  server.RaftServer$Division (ServerState.java:<init>(107)) - e0b21060-8445-402d-9ae3-38e47ae35866@group-35252B3F087F: ConfigurationManager, init=-1: [af3b5617-f48d-41e9-a4c5-2957a0e3c3f7|rpc:10.1.0.27:41069|dataStream:|priority:0, eb7af48d-b4fa-4fc4-8235-6eb858e1f241|rpc:10.1.0.27:44069|dataStream:|priority:1, e0b21060-8445-402d-9ae3-38e47ae35866|rpc:10.1.0.27:33113|dataStream:|priority:0], old=null, confs=<EMPTY_MAP>
2022-08-10 20:38:38,448 [pool-168-thread-1] INFO  server.RaftServerConfigKeys (ConfUtils.java:logGet(46)) - raft.server.storage.dir = [/home/runner/work/ozone/ozone/hadoop-ozone/integration-test/target/test-dir/MiniOzoneClusterImpl-6b5328db-83be-43cc-b602-c95cfe986a84/datanode-2/data/ratis] (custom)
2022-08-10 20:38:38,448 [pool-168-thread-1] INFO  server.RaftServerConfigKeys (ConfUtils.java:logGet(46)) - raft.server.log.corruption.policy = EXCEPTION (default)
2022-08-10 20:38:38,448 [pool-168-thread-1] INFO  server.RaftServerConfigKeys (ConfUtils.java:logGet(46)) - raft.server.storage.free-space.min = 0MB (=0) (default)
2022-08-10 20:38:38,448 [pool-168-thread-1] INFO  storage.RaftStorageDirectory (RaftStorageDirectoryImpl.java:analyzeStorage(135)) - The storage directory /home/runner/work/ozone/ozone/hadoop-ozone/integration-test/target/test-dir/MiniOzoneClusterImpl-6b5328db-83be-43cc-b602-c95cfe986a84/datanode-2/data/ratis/e57205db-8960-4e3f-ada9-35252b3f087f does not exist. Creating ...
2022-08-10 20:38:38,449 [pool-168-thread-1] INFO  storage.RaftStorageDirectory (RaftStorageDirectoryImpl.java:tryLock(230)) - Lock on /home/runner/work/ozone/ozone/hadoop-ozone/integration-test/target/test-dir/MiniOzoneClusterImpl-6b5328db-83be-43cc-b602-c95cfe986a84/datanode-2/data/ratis/e57205db-8960-4e3f-ada9-35252b3f087f/in_use.lock acquired by nodename 17633@fv-az202-490
2022-08-10 20:38:38,450 [pool-168-thread-1] INFO  storage.RaftStorage (RaftStorageImpl.java:format(89)) - Storage directory /home/runner/work/ozone/ozone/hadoop-ozone/integration-test/target/test-dir/MiniOzoneClusterImpl-6b5328db-83be-43cc-b602-c95cfe986a84/datanode-2/data/ratis/e57205db-8960-4e3f-ada9-35252b3f087f has been successfully formatted.
2022-08-10 20:38:38,452 [pool-168-thread-1] INFO  ratis.ContainerStateMachine (ContainerStateMachine.java:loadSnapshot(236)) - group-35252B3F087F: The snapshot info is null. Setting the last applied indexto:(t:0, i:~)
2022-08-10 20:38:38,453 [pool-168-thread-1] INFO  server.RaftServerConfigKeys (ConfUtils.java:logGet(46)) - raft.server.notification.no-leader.timeout = 300s (custom)
2022-08-10 20:38:38,453 [pool-168-thread-1] INFO  server.RaftServerConfigKeys (ConfUtils.java:logGet(46)) - raft.server.log.use.memory = false (default)
2022-08-10 20:38:38,453 [pool-168-thread-1] INFO  server.RaftServerConfigKeys (ConfUtils.java:logGet(46)) - raft.server.log.purge.gap = 1000000 (custom)
2022-08-10 20:38:38,453 [pool-168-thread-1] INFO  server.RaftServerConfigKeys (ConfUtils.java:logGet(46)) - raft.server.log.appender.buffer.byte-limit = 33554432 (custom)
2022-08-10 20:38:38,453 [pool-168-thread-1] INFO  server.RaftServerConfigKeys (ConfUtils.java:logGet(46)) - raft.server.log.statemachine.data.read.timeout = 1000ms (default)
2022-08-10 20:38:38,457 [pool-168-thread-1] INFO  server.RaftServerConfigKeys (ConfUtils.java:logGet(46)) - raft.server.log.segment.size.max = 1048576 (custom)
2022-08-10 20:38:38,457 [pool-168-thread-1] INFO  server.RaftServerConfigKeys (ConfUtils.java:logGet(46)) - raft.server.log.segment.cache.num.max = 2 (custom)
2022-08-10 20:38:38,458 [pool-168-thread-1] INFO  server.RaftServerConfigKeys (ConfUtils.java:logGet(46)) - raft.server.log.segment.cache.size.max = 200MB (=209715200) (default)
2022-08-10 20:38:38,458 [pool-168-thread-1] INFO  segmented.SegmentedRaftLogWorker (SegmentedRaftLogWorker.java:<init>(187)) - new e0b21060-8445-402d-9ae3-38e47ae35866@group-35252B3F087F-SegmentedRaftLogWorker for RaftStorageImpl:Storage Directory /home/runner/work/ozone/ozone/hadoop-ozone/integration-test/target/test-dir/MiniOzoneClusterImpl-6b5328db-83be-43cc-b602-c95cfe986a84/datanode-2/data/ratis/e57205db-8960-4e3f-ada9-35252b3f087f
2022-08-10 20:38:38,458 [pool-168-thread-1] INFO  server.RaftServerConfigKeys (ConfUtils.java:logGet(46)) - raft.server.log.queue.byte-limit = 4294967296 (custom)
2022-08-10 20:38:38,458 [pool-168-thread-1] INFO  server.RaftServerConfigKeys (ConfUtils.java:logGet(46)) - raft.server.log.queue.element-limit = 1024 (custom)
2022-08-10 20:38:38,458 [pool-168-thread-1] INFO  server.RaftServerConfigKeys (ConfUtils.java:logGet(46)) - raft.server.log.segment.size.max = 1048576 (custom)
2022-08-10 20:38:38,458 [pool-168-thread-1] INFO  server.RaftServerConfigKeys (ConfUtils.java:logGet(46)) - raft.server.log.preallocated.size = 16384 (custom)
2022-08-10 20:38:38,458 [pool-168-thread-1] INFO  server.RaftServerConfigKeys (ConfUtils.java:logGet(46)) - raft.server.log.force.sync.num = 128 (default)
2022-08-10 20:38:38,458 [pool-168-thread-1] INFO  server.RaftServerConfigKeys (ConfUtils.java:logGet(46)) - raft.server.log.statemachine.data.sync = true (default)
2022-08-10 20:38:38,458 [pool-168-thread-1] INFO  server.RaftServerConfigKeys (ConfUtils.java:logGet(46)) - raft.server.log.statemachine.data.sync.timeout = 10s (default)
2022-08-10 20:38:38,458 [pool-168-thread-1] INFO  server.RaftServerConfigKeys (ConfUtils.java:logGet(46)) - raft.server.log.statemachine.data.sync.timeout.retry = -1 (default)
2022-08-10 20:38:38,459 [pool-168-thread-1] INFO  server.RaftServerConfigKeys (ConfUtils.java:logGet(46)) - raft.server.log.write.buffer.size = 1048576 (custom)
2022-08-10 20:38:38,460 [pool-168-thread-1] INFO  server.RaftServerConfigKeys (ConfUtils.java:logGet(46)) - raft.server.log.unsafe-flush.enabled = false (default)
2022-08-10 20:38:38,460 [pool-168-thread-1] INFO  server.RaftServerConfigKeys (ConfUtils.java:logGet(46)) - raft.server.log.statemachine.data.caching.enabled = true (custom)
2022-08-10 20:38:38,460 [pool-168-thread-1] INFO  segmented.SegmentedRaftLogWorker (SegmentedRaftLogWorker.java:lambda$new$0(135)) - e0b21060-8445-402d-9ae3-38e47ae35866@group-35252B3F087F-SegmentedRaftLogWorker: flushIndex: setUnconditionally 0 -> -1
2022-08-10 20:38:38,460 [pool-168-thread-1] INFO  segmented.SegmentedRaftLogWorker (SegmentedRaftLogWorker.java:lambda$new$0(135)) - e0b21060-8445-402d-9ae3-38e47ae35866@group-35252B3F087F-SegmentedRaftLogWorker: safeCacheEvictIndex: setUnconditionally 0 -> -1
2022-08-10 20:38:38,462 [pool-168-thread-1] INFO  server.RaftServerConfigKeys (ConfUtils.java:logGet(46)) - raft.server.snapshot.auto.trigger.enabled = true (custom)
2022-08-10 20:38:38,462 [pool-168-thread-1] INFO  server.RaftServerConfigKeys (ConfUtils.java:logGet(46)) - raft.server.snapshot.auto.trigger.threshold = 10000 (custom)
2022-08-10 20:38:38,462 [pool-168-thread-1] INFO  server.RaftServerConfigKeys (ConfUtils.java:logGet(46)) - raft.server.snapshot.retention.file.num = 5 (custom)
2022-08-10 20:38:38,462 [pool-168-thread-1] INFO  server.RaftServerConfigKeys (ConfUtils.java:logGet(46)) - raft.server.log.purge.upto.snapshot.index = false (default)
2022-08-10 20:38:38,462 [pool-168-thread-1] INFO  server.RaftServerConfigKeys (ConfUtils.java:logGet(46)) - raft.server.retrycache.expirytime = 600000ms (custom)
2022-08-10 20:38:38,462 [pool-168-thread-1] INFO  server.RaftServerConfigKeys (ConfUtils.java:logGet(46)) - raft.server.retrycache.statistics.expirytime = 100μs (default)
2022-08-10 20:38:38,464 [pool-168-thread-1] INFO  server.RaftServerConfigKeys (ConfUtils.java:logGet(46)) - raft.server.log.appender.install.snapshot.enabled = false (custom)
2022-08-10 20:38:38,464 [pool-168-thread-1] INFO  server.RaftServerConfigKeys (ConfUtils.java:logGet(46)) - raft.server.threadpool.server.cached = true (default)
2022-08-10 20:38:38,464 [pool-168-thread-1] INFO  server.RaftServerConfigKeys (ConfUtils.java:logGet(46)) - raft.server.threadpool.server.size = 0 (default)
2022-08-10 20:38:38,464 [pool-168-thread-1] INFO  server.RaftServerConfigKeys (ConfUtils.java:logGet(46)) - raft.server.threadpool.client.cached = true (default)
2022-08-10 20:38:38,464 [pool-168-thread-1] INFO  server.RaftServerConfigKeys (ConfUtils.java:logGet(46)) - raft.server.threadpool.client.size = 0 (default)
2022-08-10 20:38:38,464 [pool-168-thread-1] INFO  server.RaftServer$Division (RaftServerImpl.java:start(310)) - e0b21060-8445-402d-9ae3-38e47ae35866@group-35252B3F087F: start as a follower, conf=-1: [af3b5617-f48d-41e9-a4c5-2957a0e3c3f7|rpc:10.1.0.27:41069|dataStream:|priority:0, eb7af48d-b4fa-4fc4-8235-6eb858e1f241|rpc:10.1.0.27:44069|dataStream:|priority:1, e0b21060-8445-402d-9ae3-38e47ae35866|rpc:10.1.0.27:33113|dataStream:|priority:0], old=null
2022-08-10 20:38:38,464 [pool-168-thread-1] INFO  server.RaftServer$Division (RaftServerImpl.java:setRole(299)) - e0b21060-8445-402d-9ae3-38e47ae35866@group-35252B3F087F: changes role from      null to FOLLOWER at term 0 for startAsFollower
2022-08-10 20:38:38,464 [pool-168-thread-1] INFO  impl.RoleInfo (RoleInfo.java:updateAndGet(139)) - e0b21060-8445-402d-9ae3-38e47ae35866: start e0b21060-8445-402d-9ae3-38e47ae35866@group-35252B3F087F-FollowerState
2022-08-10 20:38:38,464 [pool-168-thread-1] INFO  util.JmxRegister (JmxRegister.java:tryRegister(44)) - Successfully registered JMX Bean with object name Ratis:service=RaftServer,group=group-35252B3F087F,id=e0b21060-8445-402d-9ae3-38e47ae35866
2022-08-10 20:38:38,515 [grpc-default-executor-3] INFO  server.RaftServer (RaftServerProxy.java:addNew(96)) - eb7af48d-b4fa-4fc4-8235-6eb858e1f241: addNew group-35252B3F087F:[af3b5617-f48d-41e9-a4c5-2957a0e3c3f7|rpc:10.1.0.27:41069|dataStream:|priority:0, eb7af48d-b4fa-4fc4-8235-6eb858e1f241|rpc:10.1.0.27:44069|dataStream:|priority:1, e0b21060-8445-402d-9ae3-38e47ae35866|rpc:10.1.0.27:33113|dataStream:|priority:0] returns group-35252B3F087F:java.util.concurrent.CompletableFuture@605ef801[Not completed]
2022-08-10 20:38:38,517 [pool-145-thread-1] INFO  server.RaftServer$Division (RaftServerImpl.java:<init>(190)) - eb7af48d-b4fa-4fc4-8235-6eb858e1f241: new RaftServerImpl for group-35252B3F087F:[af3b5617-f48d-41e9-a4c5-2957a0e3c3f7|rpc:10.1.0.27:41069|dataStream:|priority:0, eb7af48d-b4fa-4fc4-8235-6eb858e1f241|rpc:10.1.0.27:44069|dataStream:|priority:1, e0b21060-8445-402d-9ae3-38e47ae35866|rpc:10.1.0.27:33113|dataStream:|priority:0] with ContainerStateMachine:uninitialized
2022-08-10 20:38:38,517 [pool-145-thread-1] INFO  server.RaftServerConfigKeys (ConfUtils.java:logGet(46)) - raft.server.rpc.timeout.min = 5s (custom)
2022-08-10 20:38:38,517 [pool-145-thread-1] INFO  server.RaftServerConfigKeys (ConfUtils.java:logGet(46)) - raft.server.rpc.timeout.max = 5200ms (custom)
2022-08-10 20:38:38,517 [pool-145-thread-1] INFO  server.RaftServerConfigKeys (ConfUtils.java:logGet(46)) - raft.server.rpc.sleep.time = 25ms (default)
2022-08-10 20:38:38,517 [pool-145-thread-1] INFO  server.RaftServerConfigKeys (ConfUtils.java:logGet(46)) - raft.server.rpc.slowness.timeout = 300s (custom)
2022-08-10 20:38:38,517 [pool-145-thread-1] INFO  server.RaftServerConfigKeys (ConfUtils.java:logGet(46)) - raft.server.leaderelection.leader.step-down.wait-time = 10s (default)
2022-08-10 20:38:38,517 [pool-145-thread-1] INFO  server.RaftServerConfigKeys (ConfUtils.java:logGet(46)) - raft.server.sleep.deviation.threshold = 300ms (default)
2022-08-10 20:38:38,517 [pool-145-thread-1] INFO  server.RaftServer$Division (ServerState.java:<init>(107)) - eb7af48d-b4fa-4fc4-8235-6eb858e1f241@group-35252B3F087F: ConfigurationManager, init=-1: [af3b5617-f48d-41e9-a4c5-2957a0e3c3f7|rpc:10.1.0.27:41069|dataStream:|priority:0, eb7af48d-b4fa-4fc4-8235-6eb858e1f241|rpc:10.1.0.27:44069|dataStream:|priority:1, e0b21060-8445-402d-9ae3-38e47ae35866|rpc:10.1.0.27:33113|dataStream:|priority:0], old=null, confs=<EMPTY_MAP>
2022-08-10 20:38:38,517 [pool-145-thread-1] INFO  server.RaftServerConfigKeys (ConfUtils.java:logGet(46)) - raft.server.storage.dir = [/home/runner/work/ozone/ozone/hadoop-ozone/integration-test/target/test-dir/MiniOzoneClusterImpl-6b5328db-83be-43cc-b602-c95cfe986a84/datanode-1/data/ratis] (custom)
2022-08-10 20:38:38,518 [pool-145-thread-1] INFO  server.RaftServerConfigKeys (ConfUtils.java:logGet(46)) - raft.server.log.corruption.policy = EXCEPTION (default)
2022-08-10 20:38:38,518 [pool-145-thread-1] INFO  server.RaftServerConfigKeys (ConfUtils.java:logGet(46)) - raft.server.storage.free-space.min = 0MB (=0) (default)
2022-08-10 20:38:38,518 [pool-145-thread-1] INFO  storage.RaftStorageDirectory (RaftStorageDirectoryImpl.java:analyzeStorage(135)) - The storage directory /home/runner/work/ozone/ozone/hadoop-ozone/integration-test/target/test-dir/MiniOzoneClusterImpl-6b5328db-83be-43cc-b602-c95cfe986a84/datanode-1/data/ratis/e57205db-8960-4e3f-ada9-35252b3f087f does not exist. Creating ...
2022-08-10 20:38:38,519 [pool-145-thread-1] INFO  storage.RaftStorageDirectory (RaftStorageDirectoryImpl.java:tryLock(230)) - Lock on /home/runner/work/ozone/ozone/hadoop-ozone/integration-test/target/test-dir/MiniOzoneClusterImpl-6b5328db-83be-43cc-b602-c95cfe986a84/datanode-1/data/ratis/e57205db-8960-4e3f-ada9-35252b3f087f/in_use.lock acquired by nodename 17633@fv-az202-490
2022-08-10 20:38:38,520 [pool-145-thread-1] INFO  storage.RaftStorage (RaftStorageImpl.java:format(89)) - Storage directory /home/runner/work/ozone/ozone/hadoop-ozone/integration-test/target/test-dir/MiniOzoneClusterImpl-6b5328db-83be-43cc-b602-c95cfe986a84/datanode-1/data/ratis/e57205db-8960-4e3f-ada9-35252b3f087f has been successfully formatted.
2022-08-10 20:38:38,525 [pool-145-thread-1] INFO  ratis.ContainerStateMachine (ContainerStateMachine.java:loadSnapshot(236)) - group-35252B3F087F: The snapshot info is null. Setting the last applied indexto:(t:0, i:~)
2022-08-10 20:38:38,525 [pool-145-thread-1] INFO  server.RaftServerConfigKeys (ConfUtils.java:logGet(46)) - raft.server.notification.no-leader.timeout = 300s (custom)
2022-08-10 20:38:38,525 [pool-145-thread-1] INFO  server.RaftServerConfigKeys (ConfUtils.java:logGet(46)) - raft.server.log.use.memory = false (default)
2022-08-10 20:38:38,525 [pool-145-thread-1] INFO  server.RaftServerConfigKeys (ConfUtils.java:logGet(46)) - raft.server.log.purge.gap = 1000000 (custom)
2022-08-10 20:38:38,525 [pool-145-thread-1] INFO  server.RaftServerConfigKeys (ConfUtils.java:logGet(46)) - raft.server.log.appender.buffer.byte-limit = 33554432 (custom)
2022-08-10 20:38:38,525 [pool-145-thread-1] INFO  server.RaftServerConfigKeys (ConfUtils.java:logGet(46)) - raft.server.log.statemachine.data.read.timeout = 1000ms (default)
2022-08-10 20:38:38,527 [pool-145-thread-1] INFO  server.RaftServerConfigKeys (ConfUtils.java:logGet(46)) - raft.server.log.segment.size.max = 1048576 (custom)
2022-08-10 20:38:38,527 [pool-145-thread-1] INFO  server.RaftServerConfigKeys (ConfUtils.java:logGet(46)) - raft.server.log.segment.cache.num.max = 2 (custom)
2022-08-10 20:38:38,527 [pool-145-thread-1] INFO  server.RaftServerConfigKeys (ConfUtils.java:logGet(46)) - raft.server.log.segment.cache.size.max = 200MB (=209715200) (default)
2022-08-10 20:38:38,528 [pool-145-thread-1] INFO  segmented.SegmentedRaftLogWorker (SegmentedRaftLogWorker.java:<init>(187)) - new eb7af48d-b4fa-4fc4-8235-6eb858e1f241@group-35252B3F087F-SegmentedRaftLogWorker for RaftStorageImpl:Storage Directory /home/runner/work/ozone/ozone/hadoop-ozone/integration-test/target/test-dir/MiniOzoneClusterImpl-6b5328db-83be-43cc-b602-c95cfe986a84/datanode-1/data/ratis/e57205db-8960-4e3f-ada9-35252b3f087f
2022-08-10 20:38:38,528 [pool-145-thread-1] INFO  server.RaftServerConfigKeys (ConfUtils.java:logGet(46)) - raft.server.log.queue.byte-limit = 4294967296 (custom)
2022-08-10 20:38:38,528 [pool-145-thread-1] INFO  server.RaftServerConfigKeys (ConfUtils.java:logGet(46)) - raft.server.log.queue.element-limit = 1024 (custom)
2022-08-10 20:38:38,528 [pool-145-thread-1] INFO  server.RaftServerConfigKeys (ConfUtils.java:logGet(46)) - raft.server.log.segment.size.max = 1048576 (custom)
2022-08-10 20:38:38,528 [pool-145-thread-1] INFO  server.RaftServerConfigKeys (ConfUtils.java:logGet(46)) - raft.server.log.preallocated.size = 16384 (custom)
2022-08-10 20:38:38,528 [pool-145-thread-1] INFO  server.RaftServerConfigKeys (ConfUtils.java:logGet(46)) - raft.server.log.force.sync.num = 128 (default)
2022-08-10 20:38:38,528 [pool-145-thread-1] INFO  server.RaftServerConfigKeys (ConfUtils.java:logGet(46)) - raft.server.log.statemachine.data.sync = true (default)
2022-08-10 20:38:38,528 [pool-145-thread-1] INFO  server.RaftServerConfigKeys (ConfUtils.java:logGet(46)) - raft.server.log.statemachine.data.sync.timeout = 10s (default)
2022-08-10 20:38:38,528 [pool-145-thread-1] INFO  server.RaftServerConfigKeys (ConfUtils.java:logGet(46)) - raft.server.log.statemachine.data.sync.timeout.retry = -1 (default)
2022-08-10 20:38:38,529 [pool-145-thread-1] INFO  server.RaftServerConfigKeys (ConfUtils.java:logGet(46)) - raft.server.log.write.buffer.size = 1048576 (custom)
2022-08-10 20:38:38,529 [pool-145-thread-1] INFO  server.RaftServerConfigKeys (ConfUtils.java:logGet(46)) - raft.server.log.unsafe-flush.enabled = false (default)
2022-08-10 20:38:38,529 [pool-145-thread-1] INFO  server.RaftServerConfigKeys (ConfUtils.java:logGet(46)) - raft.server.log.statemachine.data.caching.enabled = true (custom)
2022-08-10 20:38:38,529 [pool-145-thread-1] INFO  segmented.SegmentedRaftLogWorker (SegmentedRaftLogWorker.java:lambda$new$0(135)) - eb7af48d-b4fa-4fc4-8235-6eb858e1f241@group-35252B3F087F-SegmentedRaftLogWorker: flushIndex: setUnconditionally 0 -> -1
2022-08-10 20:38:38,529 [pool-145-thread-1] INFO  segmented.SegmentedRaftLogWorker (SegmentedRaftLogWorker.java:lambda$new$0(135)) - eb7af48d-b4fa-4fc4-8235-6eb858e1f241@group-35252B3F087F-SegmentedRaftLogWorker: safeCacheEvictIndex: setUnconditionally 0 -> -1
2022-08-10 20:38:38,535 [pool-145-thread-1] INFO  server.RaftServerConfigKeys (ConfUtils.java:logGet(46)) - raft.server.snapshot.auto.trigger.enabled = true (custom)
2022-08-10 20:38:38,535 [pool-145-thread-1] INFO  server.RaftServerConfigKeys (ConfUtils.java:logGet(46)) - raft.server.snapshot.auto.trigger.threshold = 10000 (custom)
2022-08-10 20:38:38,535 [pool-145-thread-1] INFO  server.RaftServerConfigKeys (ConfUtils.java:logGet(46)) - raft.server.snapshot.retention.file.num = 5 (custom)
2022-08-10 20:38:38,535 [pool-145-thread-1] INFO  server.RaftServerConfigKeys (ConfUtils.java:logGet(46)) - raft.server.log.purge.upto.snapshot.index = false (default)
2022-08-10 20:38:38,535 [pool-145-thread-1] INFO  server.RaftServerConfigKeys (ConfUtils.java:logGet(46)) - raft.server.retrycache.expirytime = 600000ms (custom)
2022-08-10 20:38:38,535 [pool-145-thread-1] INFO  server.RaftServerConfigKeys (ConfUtils.java:logGet(46)) - raft.server.retrycache.statistics.expirytime = 100μs (default)
2022-08-10 20:38:38,536 [pool-145-thread-1] INFO  server.RaftServerConfigKeys (ConfUtils.java:logGet(46)) - raft.server.log.appender.install.snapshot.enabled = false (custom)
2022-08-10 20:38:38,537 [pool-145-thread-1] INFO  server.RaftServerConfigKeys (ConfUtils.java:logGet(46)) - raft.server.threadpool.server.cached = true (default)
2022-08-10 20:38:38,537 [pool-145-thread-1] INFO  server.RaftServerConfigKeys (ConfUtils.java:logGet(46)) - raft.server.threadpool.server.size = 0 (default)
2022-08-10 20:38:38,537 [pool-145-thread-1] INFO  server.RaftServerConfigKeys (ConfUtils.java:logGet(46)) - raft.server.threadpool.client.cached = true (default)
2022-08-10 20:38:38,537 [pool-145-thread-1] INFO  server.RaftServerConfigKeys (ConfUtils.java:logGet(46)) - raft.server.threadpool.client.size = 0 (default)
2022-08-10 20:38:38,537 [pool-145-thread-1] INFO  server.RaftServer$Division (RaftServerImpl.java:start(310)) - eb7af48d-b4fa-4fc4-8235-6eb858e1f241@group-35252B3F087F: start as a follower, conf=-1: [af3b5617-f48d-41e9-a4c5-2957a0e3c3f7|rpc:10.1.0.27:41069|dataStream:|priority:0, eb7af48d-b4fa-4fc4-8235-6eb858e1f241|rpc:10.1.0.27:44069|dataStream:|priority:1, e0b21060-8445-402d-9ae3-38e47ae35866|rpc:10.1.0.27:33113|dataStream:|priority:0], old=null
2022-08-10 20:38:38,537 [pool-145-thread-1] INFO  server.RaftServer$Division (RaftServerImpl.java:setRole(299)) - eb7af48d-b4fa-4fc4-8235-6eb858e1f241@group-35252B3F087F: changes role from      null to FOLLOWER at term 0 for startAsFollower
2022-08-10 20:38:38,537 [pool-145-thread-1] INFO  impl.RoleInfo (RoleInfo.java:updateAndGet(139)) - eb7af48d-b4fa-4fc4-8235-6eb858e1f241: start eb7af48d-b4fa-4fc4-8235-6eb858e1f241@group-35252B3F087F-FollowerState
2022-08-10 20:38:38,538 [pool-145-thread-1] INFO  util.JmxRegister (JmxRegister.java:tryRegister(44)) - Successfully registered JMX Bean with object name Ratis:service=RaftServer,group=group-35252B3F087F,id=eb7af48d-b4fa-4fc4-8235-6eb858e1f241
2022-08-10 20:38:38,547 [Command processor thread] INFO  commandhandler.CreatePipelineCommandHandler (CreatePipelineCommandHandler.java:handle(113)) - Created Pipeline RATIS THREE PipelineID=e57205db-8960-4e3f-ada9-35252b3f087f.
2022-08-10 20:38:38,547 [Command processor thread] INFO  server.RaftServer (RaftServerProxy.java:addNew(96)) - af3b5617-f48d-41e9-a4c5-2957a0e3c3f7: addNew group-08AE96FD177A:[af3b5617-f48d-41e9-a4c5-2957a0e3c3f7|rpc:10.1.0.27:41069|priority:0, eb7af48d-b4fa-4fc4-8235-6eb858e1f241|rpc:10.1.0.27:44069|priority:0, e0b21060-8445-402d-9ae3-38e47ae35866|rpc:10.1.0.27:33113|priority:1] returns group-08AE96FD177A:java.util.concurrent.CompletableFuture@427b908d[Not completed]
2022-08-10 20:38:38,548 [pool-122-thread-1] INFO  server.RaftServer$Division (RaftServerImpl.java:<init>(190)) - af3b5617-f48d-41e9-a4c5-2957a0e3c3f7: new RaftServerImpl for group-08AE96FD177A:[af3b5617-f48d-41e9-a4c5-2957a0e3c3f7|rpc:10.1.0.27:41069|priority:0, eb7af48d-b4fa-4fc4-8235-6eb858e1f241|rpc:10.1.0.27:44069|priority:0, e0b21060-8445-402d-9ae3-38e47ae35866|rpc:10.1.0.27:33113|priority:1] with ContainerStateMachine:uninitialized
2022-08-10 20:38:38,549 [pool-122-thread-1] INFO  server.RaftServerConfigKeys (ConfUtils.java:logGet(46)) - raft.server.rpc.timeout.min = 5s (custom)
2022-08-10 20:38:38,549 [pool-122-thread-1] INFO  server.RaftServerConfigKeys (ConfUtils.java:logGet(46)) - raft.server.rpc.timeout.max = 5200ms (custom)
2022-08-10 20:38:38,549 [pool-122-thread-1] INFO  server.RaftServerConfigKeys (ConfUtils.java:logGet(46)) - raft.server.rpc.sleep.time = 25ms (default)
2022-08-10 20:38:38,549 [pool-122-thread-1] INFO  server.RaftServerConfigKeys (ConfUtils.java:logGet(46)) - raft.server.rpc.slowness.timeout = 300s (custom)
2022-08-10 20:38:38,549 [pool-122-thread-1] INFO  server.RaftServerConfigKeys (ConfUtils.java:logGet(46)) - raft.server.leaderelection.leader.step-down.wait-time = 10s (default)
2022-08-10 20:38:38,549 [pool-122-thread-1] INFO  server.RaftServerConfigKeys (ConfUtils.java:logGet(46)) - raft.server.sleep.deviation.threshold = 300ms (default)
2022-08-10 20:38:38,549 [pool-122-thread-1] INFO  server.RaftServer$Division (ServerState.java:<init>(107)) - af3b5617-f48d-41e9-a4c5-2957a0e3c3f7@group-08AE96FD177A: ConfigurationManager, init=-1: [af3b5617-f48d-41e9-a4c5-2957a0e3c3f7|rpc:10.1.0.27:41069|priority:0, eb7af48d-b4fa-4fc4-8235-6eb858e1f241|rpc:10.1.0.27:44069|priority:0, e0b21060-8445-402d-9ae3-38e47ae35866|rpc:10.1.0.27:33113|priority:1], old=null, confs=<EMPTY_MAP>
2022-08-10 20:38:38,549 [pool-122-thread-1] INFO  server.RaftServerConfigKeys (ConfUtils.java:logGet(46)) - raft.server.storage.dir = [/home/runner/work/ozone/ozone/hadoop-ozone/integration-test/target/test-dir/MiniOzoneClusterImpl-6b5328db-83be-43cc-b602-c95cfe986a84/datanode-0/data/ratis] (custom)
2022-08-10 20:38:38,549 [pool-122-thread-1] INFO  server.RaftServerConfigKeys (ConfUtils.java:logGet(46)) - raft.server.log.corruption.policy = EXCEPTION (default)
2022-08-10 20:38:38,549 [pool-122-thread-1] INFO  server.RaftServerConfigKeys (ConfUtils.java:logGet(46)) - raft.server.storage.free-space.min = 0MB (=0) (default)
2022-08-10 20:38:38,549 [pool-122-thread-1] INFO  storage.RaftStorageDirectory (RaftStorageDirectoryImpl.java:analyzeStorage(135)) - The storage directory /home/runner/work/ozone/ozone/hadoop-ozone/integration-test/target/test-dir/MiniOzoneClusterImpl-6b5328db-83be-43cc-b602-c95cfe986a84/datanode-0/data/ratis/55824934-fef0-4597-ab06-08ae96fd177a does not exist. Creating ...
2022-08-10 20:38:38,550 [pool-122-thread-1] INFO  storage.RaftStorageDirectory (RaftStorageDirectoryImpl.java:tryLock(230)) - Lock on /home/runner/work/ozone/ozone/hadoop-ozone/integration-test/target/test-dir/MiniOzoneClusterImpl-6b5328db-83be-43cc-b602-c95cfe986a84/datanode-0/data/ratis/55824934-fef0-4597-ab06-08ae96fd177a/in_use.lock acquired by nodename 17633@fv-az202-490
2022-08-10 20:38:38,551 [pool-122-thread-1] INFO  storage.RaftStorage (RaftStorageImpl.java:format(89)) - Storage directory /home/runner/work/ozone/ozone/hadoop-ozone/integration-test/target/test-dir/MiniOzoneClusterImpl-6b5328db-83be-43cc-b602-c95cfe986a84/datanode-0/data/ratis/55824934-fef0-4597-ab06-08ae96fd177a has been successfully formatted.
2022-08-10 20:38:38,552 [pool-122-thread-1] INFO  ratis.ContainerStateMachine (ContainerStateMachine.java:loadSnapshot(236)) - group-08AE96FD177A: The snapshot info is null. Setting the last applied indexto:(t:0, i:~)
2022-08-10 20:38:38,553 [pool-122-thread-1] INFO  server.RaftServerConfigKeys (ConfUtils.java:logGet(46)) - raft.server.notification.no-leader.timeout = 300s (custom)
2022-08-10 20:38:38,553 [pool-122-thread-1] INFO  server.RaftServerConfigKeys (ConfUtils.java:logGet(46)) - raft.server.log.use.memory = false (default)
2022-08-10 20:38:38,553 [pool-122-thread-1] INFO  server.RaftServerConfigKeys (ConfUtils.java:logGet(46)) - raft.server.log.purge.gap = 1000000 (custom)
2022-08-10 20:38:38,553 [pool-122-thread-1] INFO  server.RaftServerConfigKeys (ConfUtils.java:logGet(46)) - raft.server.log.appender.buffer.byte-limit = 33554432 (custom)
2022-08-10 20:38:38,553 [pool-122-thread-1] INFO  server.RaftServerConfigKeys (ConfUtils.java:logGet(46)) - raft.server.log.statemachine.data.read.timeout = 1000ms (default)
2022-08-10 20:38:38,557 [pool-122-thread-1] INFO  server.RaftServerConfigKeys (ConfUtils.java:logGet(46)) - raft.server.log.segment.size.max = 1048576 (custom)
2022-08-10 20:38:38,557 [pool-122-thread-1] INFO  server.RaftServerConfigKeys (ConfUtils.java:logGet(46)) - raft.server.log.segment.cache.num.max = 2 (custom)
2022-08-10 20:38:38,557 [pool-122-thread-1] INFO  server.RaftServerConfigKeys (ConfUtils.java:logGet(46)) - raft.server.log.segment.cache.size.max = 200MB (=209715200) (default)
2022-08-10 20:38:38,557 [pool-122-thread-1] INFO  segmented.SegmentedRaftLogWorker (SegmentedRaftLogWorker.java:<init>(187)) - new af3b5617-f48d-41e9-a4c5-2957a0e3c3f7@group-08AE96FD177A-SegmentedRaftLogWorker for RaftStorageImpl:Storage Directory /home/runner/work/ozone/ozone/hadoop-ozone/integration-test/target/test-dir/MiniOzoneClusterImpl-6b5328db-83be-43cc-b602-c95cfe986a84/datanode-0/data/ratis/55824934-fef0-4597-ab06-08ae96fd177a
2022-08-10 20:38:38,557 [pool-122-thread-1] INFO  server.RaftServerConfigKeys (ConfUtils.java:logGet(46)) - raft.server.log.queue.byte-limit = 4294967296 (custom)
2022-08-10 20:38:38,557 [pool-122-thread-1] INFO  server.RaftServerConfigKeys (ConfUtils.java:logGet(46)) - raft.server.log.queue.element-limit = 1024 (custom)
2022-08-10 20:38:38,557 [pool-122-thread-1] INFO  server.RaftServerConfigKeys (ConfUtils.java:logGet(46)) - raft.server.log.segment.size.max = 1048576 (custom)
2022-08-10 20:38:38,557 [pool-122-thread-1] INFO  server.RaftServerConfigKeys (ConfUtils.java:logGet(46)) - raft.server.log.preallocated.size = 16384 (custom)
2022-08-10 20:38:38,557 [pool-122-thread-1] INFO  server.RaftServerConfigKeys (ConfUtils.java:logGet(46)) - raft.server.log.force.sync.num = 128 (default)
2022-08-10 20:38:38,557 [pool-122-thread-1] INFO  server.RaftServerConfigKeys (ConfUtils.java:logGet(46)) - raft.server.log.statemachine.data.sync = true (default)
2022-08-10 20:38:38,557 [pool-122-thread-1] INFO  server.RaftServerConfigKeys (ConfUtils.java:logGet(46)) - raft.server.log.statemachine.data.sync.timeout = 10s (default)
2022-08-10 20:38:38,557 [pool-122-thread-1] INFO  server.RaftServerConfigKeys (ConfUtils.java:logGet(46)) - raft.server.log.statemachine.data.sync.timeout.retry = -1 (default)
2022-08-10 20:38:38,561 [EventQueue-OpenPipelineForHealthyPipelineSafeModeRule] INFO  safemode.SCMSafeModeManager (HealthyPipelineSafeModeRule.java:process(137)) - SCM in safe mode. Healthy pipelines reported count is 0, required healthy pipeline reported count is 1
2022-08-10 20:38:38,562 [pool-122-thread-1] INFO  server.RaftServerConfigKeys (ConfUtils.java:logGet(46)) - raft.server.log.write.buffer.size = 1048576 (custom)
2022-08-10 20:38:38,563 [pool-122-thread-1] INFO  server.RaftServerConfigKeys (ConfUtils.java:logGet(46)) - raft.server.log.unsafe-flush.enabled = false (default)
2022-08-10 20:38:38,564 [pool-122-thread-1] INFO  server.RaftServerConfigKeys (ConfUtils.java:logGet(46)) - raft.server.log.statemachine.data.caching.enabled = true (custom)
2022-08-10 20:38:38,564 [pool-122-thread-1] INFO  segmented.SegmentedRaftLogWorker (SegmentedRaftLogWorker.java:lambda$new$0(135)) - af3b5617-f48d-41e9-a4c5-2957a0e3c3f7@group-08AE96FD177A-SegmentedRaftLogWorker: flushIndex: setUnconditionally 0 -> -1
2022-08-10 20:38:38,564 [pool-122-thread-1] INFO  segmented.SegmentedRaftLogWorker (SegmentedRaftLogWorker.java:lambda$new$0(135)) - af3b5617-f48d-41e9-a4c5-2957a0e3c3f7@group-08AE96FD177A-SegmentedRaftLogWorker: safeCacheEvictIndex: setUnconditionally 0 -> -1
2022-08-10 20:38:38,567 [pool-122-thread-1] INFO  server.RaftServerConfigKeys (ConfUtils.java:logGet(46)) - raft.server.snapshot.auto.trigger.enabled = true (custom)
2022-08-10 20:38:38,567 [pool-122-thread-1] INFO  server.RaftServerConfigKeys (ConfUtils.java:logGet(46)) - raft.server.snapshot.auto.trigger.threshold = 10000 (custom)
2022-08-10 20:38:38,567 [pool-122-thread-1] INFO  server.RaftServerConfigKeys (ConfUtils.java:logGet(46)) - raft.server.snapshot.retention.file.num = 5 (custom)
2022-08-10 20:38:38,567 [pool-122-thread-1] INFO  server.RaftServerConfigKeys (ConfUtils.java:logGet(46)) - raft.server.log.purge.upto.snapshot.index = false (default)
2022-08-10 20:38:38,567 [pool-122-thread-1] INFO  server.RaftServerConfigKeys (ConfUtils.java:logGet(46)) - raft.server.retrycache.expirytime = 600000ms (custom)
2022-08-10 20:38:38,567 [pool-122-thread-1] INFO  server.RaftServerConfigKeys (ConfUtils.java:logGet(46)) - raft.server.retrycache.statistics.expirytime = 100μs (default)
2022-08-10 20:38:38,568 [pool-122-thread-1] INFO  server.RaftServerConfigKeys (ConfUtils.java:logGet(46)) - raft.server.log.appender.install.snapshot.enabled = false (custom)
2022-08-10 20:38:38,568 [pool-122-thread-1] INFO  server.RaftServerConfigKeys (ConfUtils.java:logGet(46)) - raft.server.threadpool.server.cached = true (default)
2022-08-10 20:38:38,568 [pool-122-thread-1] INFO  server.RaftServerConfigKeys (ConfUtils.java:logGet(46)) - raft.server.threadpool.server.size = 0 (default)
2022-08-10 20:38:38,568 [pool-122-thread-1] INFO  server.RaftServerConfigKeys (ConfUtils.java:logGet(46)) - raft.server.threadpool.client.cached = true (default)
2022-08-10 20:38:38,568 [pool-122-thread-1] INFO  server.RaftServerConfigKeys (ConfUtils.java:logGet(46)) - raft.server.threadpool.client.size = 0 (default)
2022-08-10 20:38:38,569 [pool-122-thread-1] INFO  server.RaftServer$Division (RaftServerImpl.java:start(310)) - af3b5617-f48d-41e9-a4c5-2957a0e3c3f7@group-08AE96FD177A: start as a follower, conf=-1: [af3b5617-f48d-41e9-a4c5-2957a0e3c3f7|rpc:10.1.0.27:41069|priority:0, eb7af48d-b4fa-4fc4-8235-6eb858e1f241|rpc:10.1.0.27:44069|priority:0, e0b21060-8445-402d-9ae3-38e47ae35866|rpc:10.1.0.27:33113|priority:1], old=null
2022-08-10 20:38:38,569 [pool-122-thread-1] INFO  server.RaftServer$Division (RaftServerImpl.java:setRole(299)) - af3b5617-f48d-41e9-a4c5-2957a0e3c3f7@group-08AE96FD177A: changes role from      null to FOLLOWER at term 0 for startAsFollower
2022-08-10 20:38:38,569 [pool-122-thread-1] INFO  impl.RoleInfo (RoleInfo.java:updateAndGet(139)) - af3b5617-f48d-41e9-a4c5-2957a0e3c3f7: start af3b5617-f48d-41e9-a4c5-2957a0e3c3f7@group-08AE96FD177A-FollowerState
2022-08-10 20:38:38,570 [pool-122-thread-1] INFO  util.JmxRegister (JmxRegister.java:tryRegister(44)) - Successfully registered JMX Bean with object name Ratis:service=RaftServer,group=group-08AE96FD177A,id=af3b5617-f48d-41e9-a4c5-2957a0e3c3f7
2022-08-10 20:38:38,571 [Command processor thread] INFO  ratis.XceiverServerRatis (XceiverServerRatis.java:addGroup(765)) - Created group PipelineID=55824934-fef0-4597-ab06-08ae96fd177a
2022-08-10 20:38:38,587 [grpc-default-executor-3] INFO  server.RaftServer (RaftServerProxy.java:addNew(96)) - e0b21060-8445-402d-9ae3-38e47ae35866: addNew group-08AE96FD177A:[af3b5617-f48d-41e9-a4c5-2957a0e3c3f7|rpc:10.1.0.27:41069|dataStream:|priority:0, eb7af48d-b4fa-4fc4-8235-6eb858e1f241|rpc:10.1.0.27:44069|dataStream:|priority:0, e0b21060-8445-402d-9ae3-38e47ae35866|rpc:10.1.0.27:33113|dataStream:|priority:1] returns group-08AE96FD177A:java.util.concurrent.CompletableFuture@8b00173[Not completed]
2022-08-10 20:38:38,588 [pool-168-thread-1] INFO  server.RaftServer$Division (RaftServerImpl.java:<init>(190)) - e0b21060-8445-402d-9ae3-38e47ae35866: new RaftServerImpl for group-08AE96FD177A:[af3b5617-f48d-41e9-a4c5-2957a0e3c3f7|rpc:10.1.0.27:41069|dataStream:|priority:0, eb7af48d-b4fa-4fc4-8235-6eb858e1f241|rpc:10.1.0.27:44069|dataStream:|priority:0, e0b21060-8445-402d-9ae3-38e47ae35866|rpc:10.1.0.27:33113|dataStream:|priority:1] with ContainerStateMachine:uninitialized
2022-08-10 20:38:38,588 [pool-168-thread-1] INFO  server.RaftServerConfigKeys (ConfUtils.java:logGet(46)) - raft.server.rpc.timeout.min = 5s (custom)
2022-08-10 20:38:38,588 [pool-168-thread-1] INFO  server.RaftServerConfigKeys (ConfUtils.java:logGet(46)) - raft.server.rpc.timeout.max = 5200ms (custom)
2022-08-10 20:38:38,588 [pool-168-thread-1] INFO  server.RaftServerConfigKeys (ConfUtils.java:logGet(46)) - raft.server.rpc.sleep.time = 25ms (default)
2022-08-10 20:38:38,588 [pool-168-thread-1] INFO  server.RaftServerConfigKeys (ConfUtils.java:logGet(46)) - raft.server.rpc.slowness.timeout = 300s (custom)
2022-08-10 20:38:38,588 [pool-168-thread-1] INFO  server.RaftServerConfigKeys (ConfUtils.java:logGet(46)) - raft.server.leaderelection.leader.step-down.wait-time = 10s (default)
2022-08-10 20:38:38,588 [pool-168-thread-1] INFO  server.RaftServerConfigKeys (ConfUtils.java:logGet(46)) - raft.server.sleep.deviation.threshold = 300ms (default)
2022-08-10 20:38:38,588 [pool-168-thread-1] INFO  server.RaftServer$Division (ServerState.java:<init>(107)) - e0b21060-8445-402d-9ae3-38e47ae35866@group-08AE96FD177A: ConfigurationManager, init=-1: [af3b5617-f48d-41e9-a4c5-2957a0e3c3f7|rpc:10.1.0.27:41069|dataStream:|priority:0, eb7af48d-b4fa-4fc4-8235-6eb858e1f241|rpc:10.1.0.27:44069|dataStream:|priority:0, e0b21060-8445-402d-9ae3-38e47ae35866|rpc:10.1.0.27:33113|dataStream:|priority:1], old=null, confs=<EMPTY_MAP>
2022-08-10 20:38:38,588 [pool-168-thread-1] INFO  server.RaftServerConfigKeys (ConfUtils.java:logGet(46)) - raft.server.storage.dir = [/home/runner/work/ozone/ozone/hadoop-ozone/integration-test/target/test-dir/MiniOzoneClusterImpl-6b5328db-83be-43cc-b602-c95cfe986a84/datanode-2/data/ratis] (custom)
2022-08-10 20:38:38,589 [pool-168-thread-1] INFO  server.RaftServerConfigKeys (ConfUtils.java:logGet(46)) - raft.server.log.corruption.policy = EXCEPTION (default)
2022-08-10 20:38:38,589 [pool-168-thread-1] INFO  server.RaftServerConfigKeys (ConfUtils.java:logGet(46)) - raft.server.storage.free-space.min = 0MB (=0) (default)
2022-08-10 20:38:38,589 [pool-168-thread-1] INFO  storage.RaftStorageDirectory (RaftStorageDirectoryImpl.java:analyzeStorage(135)) - The storage directory /home/runner/work/ozone/ozone/hadoop-ozone/integration-test/target/test-dir/MiniOzoneClusterImpl-6b5328db-83be-43cc-b602-c95cfe986a84/datanode-2/data/ratis/55824934-fef0-4597-ab06-08ae96fd177a does not exist. Creating ...
2022-08-10 20:38:38,590 [pool-168-thread-1] INFO  storage.RaftStorageDirectory (RaftStorageDirectoryImpl.java:tryLock(230)) - Lock on /home/runner/work/ozone/ozone/hadoop-ozone/integration-test/target/test-dir/MiniOzoneClusterImpl-6b5328db-83be-43cc-b602-c95cfe986a84/datanode-2/data/ratis/55824934-fef0-4597-ab06-08ae96fd177a/in_use.lock acquired by nodename 17633@fv-az202-490
2022-08-10 20:38:38,591 [pool-168-thread-1] INFO  storage.RaftStorage (RaftStorageImpl.java:format(89)) - Storage directory /home/runner/work/ozone/ozone/hadoop-ozone/integration-test/target/test-dir/MiniOzoneClusterImpl-6b5328db-83be-43cc-b602-c95cfe986a84/datanode-2/data/ratis/55824934-fef0-4597-ab06-08ae96fd177a has been successfully formatted.
2022-08-10 20:38:38,593 [pool-168-thread-1] INFO  ratis.ContainerStateMachine (ContainerStateMachine.java:loadSnapshot(236)) - group-08AE96FD177A: The snapshot info is null. Setting the last applied indexto:(t:0, i:~)
2022-08-10 20:38:38,593 [pool-168-thread-1] INFO  server.RaftServerConfigKeys (ConfUtils.java:logGet(46)) - raft.server.notification.no-leader.timeout = 300s (custom)
2022-08-10 20:38:38,593 [pool-168-thread-1] INFO  server.RaftServerConfigKeys (ConfUtils.java:logGet(46)) - raft.server.log.use.memory = false (default)
2022-08-10 20:38:38,593 [pool-168-thread-1] INFO  server.RaftServerConfigKeys (ConfUtils.java:logGet(46)) - raft.server.log.purge.gap = 1000000 (custom)
2022-08-10 20:38:38,593 [pool-168-thread-1] INFO  server.RaftServerConfigKeys (ConfUtils.java:logGet(46)) - raft.server.log.appender.buffer.byte-limit = 33554432 (custom)
2022-08-10 20:38:38,593 [pool-168-thread-1] INFO  server.RaftServerConfigKeys (ConfUtils.java:logGet(46)) - raft.server.log.statemachine.data.read.timeout = 1000ms (default)
2022-08-10 20:38:38,594 [pool-168-thread-1] INFO  server.RaftServerConfigKeys (ConfUtils.java:logGet(46)) - raft.server.log.segment.size.max = 1048576 (custom)
2022-08-10 20:38:38,594 [pool-168-thread-1] INFO  server.RaftServerConfigKeys (ConfUtils.java:logGet(46)) - raft.server.log.segment.cache.num.max = 2 (custom)
2022-08-10 20:38:38,594 [pool-168-thread-1] INFO  server.RaftServerConfigKeys (ConfUtils.java:logGet(46)) - raft.server.log.segment.cache.size.max = 200MB (=209715200) (default)
2022-08-10 20:38:38,595 [pool-168-thread-1] INFO  segmented.SegmentedRaftLogWorker (SegmentedRaftLogWorker.java:<init>(187)) - new e0b21060-8445-402d-9ae3-38e47ae35866@group-08AE96FD177A-SegmentedRaftLogWorker for RaftStorageImpl:Storage Directory /home/runner/work/ozone/ozone/hadoop-ozone/integration-test/target/test-dir/MiniOzoneClusterImpl-6b5328db-83be-43cc-b602-c95cfe986a84/datanode-2/data/ratis/55824934-fef0-4597-ab06-08ae96fd177a
2022-08-10 20:38:38,595 [pool-168-thread-1] INFO  server.RaftServerConfigKeys (ConfUtils.java:logGet(46)) - raft.server.log.queue.byte-limit = 4294967296 (custom)
2022-08-10 20:38:38,595 [pool-168-thread-1] INFO  server.RaftServerConfigKeys (ConfUtils.java:logGet(46)) - raft.server.log.queue.element-limit = 1024 (custom)
2022-08-10 20:38:38,595 [pool-168-thread-1] INFO  server.RaftServerConfigKeys (ConfUtils.java:logGet(46)) - raft.server.log.segment.size.max = 1048576 (custom)
2022-08-10 20:38:38,595 [pool-168-thread-1] INFO  server.RaftServerConfigKeys (ConfUtils.java:logGet(46)) - raft.server.log.preallocated.size = 16384 (custom)
2022-08-10 20:38:38,595 [pool-168-thread-1] INFO  server.RaftServerConfigKeys (ConfUtils.java:logGet(46)) - raft.server.log.force.sync.num = 128 (default)
2022-08-10 20:38:38,595 [pool-168-thread-1] INFO  server.RaftServerConfigKeys (ConfUtils.java:logGet(46)) - raft.server.log.statemachine.data.sync = true (default)
2022-08-10 20:38:38,595 [pool-168-thread-1] INFO  server.RaftServerConfigKeys (ConfUtils.java:logGet(46)) - raft.server.log.statemachine.data.sync.timeout = 10s (default)
2022-08-10 20:38:38,595 [pool-168-thread-1] INFO  server.RaftServerConfigKeys (ConfUtils.java:logGet(46)) - raft.server.log.statemachine.data.sync.timeout.retry = -1 (default)
2022-08-10 20:38:38,596 [pool-168-thread-1] INFO  server.RaftServerConfigKeys (ConfUtils.java:logGet(46)) - raft.server.log.write.buffer.size = 1048576 (custom)
2022-08-10 20:38:38,596 [pool-168-thread-1] INFO  server.RaftServerConfigKeys (ConfUtils.java:logGet(46)) - raft.server.log.unsafe-flush.enabled = false (default)
2022-08-10 20:38:38,596 [pool-168-thread-1] INFO  server.RaftServerConfigKeys (ConfUtils.java:logGet(46)) - raft.server.log.statemachine.data.caching.enabled = true (custom)
2022-08-10 20:38:38,596 [pool-168-thread-1] INFO  segmented.SegmentedRaftLogWorker (SegmentedRaftLogWorker.java:lambda$new$0(135)) - e0b21060-8445-402d-9ae3-38e47ae35866@group-08AE96FD177A-SegmentedRaftLogWorker: flushIndex: setUnconditionally 0 -> -1
2022-08-10 20:38:38,597 [pool-168-thread-1] INFO  segmented.SegmentedRaftLogWorker (SegmentedRaftLogWorker.java:lambda$new$0(135)) - e0b21060-8445-402d-9ae3-38e47ae35866@group-08AE96FD177A-SegmentedRaftLogWorker: safeCacheEvictIndex: setUnconditionally 0 -> -1
2022-08-10 20:38:38,597 [pool-168-thread-1] INFO  server.RaftServerConfigKeys (ConfUtils.java:logGet(46)) - raft.server.snapshot.auto.trigger.enabled = true (custom)
2022-08-10 20:38:38,598 [pool-168-thread-1] INFO  server.RaftServerConfigKeys (ConfUtils.java:logGet(46)) - raft.server.snapshot.auto.trigger.threshold = 10000 (custom)
2022-08-10 20:38:38,598 [pool-168-thread-1] INFO  server.RaftServerConfigKeys (ConfUtils.java:logGet(46)) - raft.server.snapshot.retention.file.num = 5 (custom)
2022-08-10 20:38:38,598 [pool-168-thread-1] INFO  server.RaftServerConfigKeys (ConfUtils.java:logGet(46)) - raft.server.log.purge.upto.snapshot.index = false (default)
2022-08-10 20:38:38,598 [pool-168-thread-1] INFO  server.RaftServerConfigKeys (ConfUtils.java:logGet(46)) - raft.server.retrycache.expirytime = 600000ms (custom)
2022-08-10 20:38:38,598 [pool-168-thread-1] INFO  server.RaftServerConfigKeys (ConfUtils.java:logGet(46)) - raft.server.retrycache.statistics.expirytime = 100μs (default)
2022-08-10 20:38:38,605 [pool-168-thread-1] INFO  server.RaftServerConfigKeys (ConfUtils.java:logGet(46)) - raft.server.log.appender.install.snapshot.enabled = false (custom)
2022-08-10 20:38:38,605 [pool-168-thread-1] INFO  server.RaftServerConfigKeys (ConfUtils.java:logGet(46)) - raft.server.threadpool.server.cached = true (default)
2022-08-10 20:38:38,605 [pool-168-thread-1] INFO  server.RaftServerConfigKeys (ConfUtils.java:logGet(46)) - raft.server.threadpool.server.size = 0 (default)
2022-08-10 20:38:38,605 [pool-168-thread-1] INFO  server.RaftServerConfigKeys (ConfUtils.java:logGet(46)) - raft.server.threadpool.client.cached = true (default)
2022-08-10 20:38:38,605 [pool-168-thread-1] INFO  server.RaftServerConfigKeys (ConfUtils.java:logGet(46)) - raft.server.threadpool.client.size = 0 (default)
2022-08-10 20:38:38,605 [pool-168-thread-1] INFO  server.RaftServer$Division (RaftServerImpl.java:start(310)) - e0b21060-8445-402d-9ae3-38e47ae35866@group-08AE96FD177A: start as a follower, conf=-1: [af3b5617-f48d-41e9-a4c5-2957a0e3c3f7|rpc:10.1.0.27:41069|dataStream:|priority:0, eb7af48d-b4fa-4fc4-8235-6eb858e1f241|rpc:10.1.0.27:44069|dataStream:|priority:0, e0b21060-8445-402d-9ae3-38e47ae35866|rpc:10.1.0.27:33113|dataStream:|priority:1], old=null
2022-08-10 20:38:38,605 [pool-168-thread-1] INFO  server.RaftServer$Division (RaftServerImpl.java:setRole(299)) - e0b21060-8445-402d-9ae3-38e47ae35866@group-08AE96FD177A: changes role from      null to FOLLOWER at term 0 for startAsFollower
2022-08-10 20:38:38,605 [pool-168-thread-1] INFO  impl.RoleInfo (RoleInfo.java:updateAndGet(139)) - e0b21060-8445-402d-9ae3-38e47ae35866: start e0b21060-8445-402d-9ae3-38e47ae35866@group-08AE96FD177A-FollowerState
2022-08-10 20:38:38,606 [pool-168-thread-1] INFO  util.JmxRegister (JmxRegister.java:tryRegister(44)) - Successfully registered JMX Bean with object name Ratis:service=RaftServer,group=group-08AE96FD177A,id=e0b21060-8445-402d-9ae3-38e47ae35866
2022-08-10 20:38:38,631 [grpc-default-executor-3] INFO  server.RaftServer (RaftServerProxy.java:addNew(96)) - eb7af48d-b4fa-4fc4-8235-6eb858e1f241: addNew group-08AE96FD177A:[af3b5617-f48d-41e9-a4c5-2957a0e3c3f7|rpc:10.1.0.27:41069|dataStream:|priority:0, eb7af48d-b4fa-4fc4-8235-6eb858e1f241|rpc:10.1.0.27:44069|dataStream:|priority:0, e0b21060-8445-402d-9ae3-38e47ae35866|rpc:10.1.0.27:33113|dataStream:|priority:1] returns group-08AE96FD177A:java.util.concurrent.CompletableFuture@f2ca39d[Not completed]
2022-08-10 20:38:38,633 [pool-145-thread-1] INFO  server.RaftServer$Division (RaftServerImpl.java:<init>(190)) - eb7af48d-b4fa-4fc4-8235-6eb858e1f241: new RaftServerImpl for group-08AE96FD177A:[af3b5617-f48d-41e9-a4c5-2957a0e3c3f7|rpc:10.1.0.27:41069|dataStream:|priority:0, eb7af48d-b4fa-4fc4-8235-6eb858e1f241|rpc:10.1.0.27:44069|dataStream:|priority:0, e0b21060-8445-402d-9ae3-38e47ae35866|rpc:10.1.0.27:33113|dataStream:|priority:1] with ContainerStateMachine:uninitialized
2022-08-10 20:38:38,633 [pool-145-thread-1] INFO  server.RaftServerConfigKeys (ConfUtils.java:logGet(46)) - raft.server.rpc.timeout.min = 5s (custom)
2022-08-10 20:38:38,633 [pool-145-thread-1] INFO  server.RaftServerConfigKeys (ConfUtils.java:logGet(46)) - raft.server.rpc.timeout.max = 5200ms (custom)
2022-08-10 20:38:38,633 [pool-145-thread-1] INFO  server.RaftServerConfigKeys (ConfUtils.java:logGet(46)) - raft.server.rpc.sleep.time = 25ms (default)
2022-08-10 20:38:38,633 [pool-145-thread-1] INFO  server.RaftServerConfigKeys (ConfUtils.java:logGet(46)) - raft.server.rpc.slowness.timeout = 300s (custom)
2022-08-10 20:38:38,633 [pool-145-thread-1] INFO  server.RaftServerConfigKeys (ConfUtils.java:logGet(46)) - raft.server.leaderelection.leader.step-down.wait-time = 10s (default)
2022-08-10 20:38:38,633 [pool-145-thread-1] INFO  server.RaftServerConfigKeys (ConfUtils.java:logGet(46)) - raft.server.sleep.deviation.threshold = 300ms (default)
2022-08-10 20:38:38,633 [pool-145-thread-1] INFO  server.RaftServer$Division (ServerState.java:<init>(107)) - eb7af48d-b4fa-4fc4-8235-6eb858e1f241@group-08AE96FD177A: ConfigurationManager, init=-1: [af3b5617-f48d-41e9-a4c5-2957a0e3c3f7|rpc:10.1.0.27:41069|dataStream:|priority:0, eb7af48d-b4fa-4fc4-8235-6eb858e1f241|rpc:10.1.0.27:44069|dataStream:|priority:0, e0b21060-8445-402d-9ae3-38e47ae35866|rpc:10.1.0.27:33113|dataStream:|priority:1], old=null, confs=<EMPTY_MAP>
2022-08-10 20:38:38,633 [pool-145-thread-1] INFO  server.RaftServerConfigKeys (ConfUtils.java:logGet(46)) - raft.server.storage.dir = [/home/runner/work/ozone/ozone/hadoop-ozone/integration-test/target/test-dir/MiniOzoneClusterImpl-6b5328db-83be-43cc-b602-c95cfe986a84/datanode-1/data/ratis] (custom)
2022-08-10 20:38:38,633 [pool-145-thread-1] INFO  server.RaftServerConfigKeys (ConfUtils.java:logGet(46)) - raft.server.log.corruption.policy = EXCEPTION (default)
2022-08-10 20:38:38,633 [pool-145-thread-1] INFO  server.RaftServerConfigKeys (ConfUtils.java:logGet(46)) - raft.server.storage.free-space.min = 0MB (=0) (default)
2022-08-10 20:38:38,634 [pool-145-thread-1] INFO  storage.RaftStorageDirectory (RaftStorageDirectoryImpl.java:analyzeStorage(135)) - The storage directory /home/runner/work/ozone/ozone/hadoop-ozone/integration-test/target/test-dir/MiniOzoneClusterImpl-6b5328db-83be-43cc-b602-c95cfe986a84/datanode-1/data/ratis/55824934-fef0-4597-ab06-08ae96fd177a does not exist. Creating ...
2022-08-10 20:38:38,635 [pool-145-thread-1] INFO  storage.RaftStorageDirectory (RaftStorageDirectoryImpl.java:tryLock(230)) - Lock on /home/runner/work/ozone/ozone/hadoop-ozone/integration-test/target/test-dir/MiniOzoneClusterImpl-6b5328db-83be-43cc-b602-c95cfe986a84/datanode-1/data/ratis/55824934-fef0-4597-ab06-08ae96fd177a/in_use.lock acquired by nodename 17633@fv-az202-490
2022-08-10 20:38:38,635 [Command processor thread] INFO  server.RaftServer (RaftServerProxy.java:addNew(96)) - eb7af48d-b4fa-4fc4-8235-6eb858e1f241: addNew group-5E7424B08050:[eb7af48d-b4fa-4fc4-8235-6eb858e1f241|rpc:10.1.0.27:44069|priority:1] returns group-5E7424B08050:java.util.concurrent.CompletableFuture@7feb59f6[Not completed]
2022-08-10 20:38:38,636 [pool-145-thread-1] INFO  storage.RaftStorage (RaftStorageImpl.java:format(89)) - Storage directory /home/runner/work/ozone/ozone/hadoop-ozone/integration-test/target/test-dir/MiniOzoneClusterImpl-6b5328db-83be-43cc-b602-c95cfe986a84/datanode-1/data/ratis/55824934-fef0-4597-ab06-08ae96fd177a has been successfully formatted.
2022-08-10 20:38:38,637 [pool-145-thread-1] INFO  ratis.ContainerStateMachine (ContainerStateMachine.java:loadSnapshot(236)) - group-08AE96FD177A: The snapshot info is null. Setting the last applied indexto:(t:0, i:~)
2022-08-10 20:38:38,637 [pool-145-thread-1] INFO  server.RaftServerConfigKeys (ConfUtils.java:logGet(46)) - raft.server.notification.no-leader.timeout = 300s (custom)
2022-08-10 20:38:38,637 [pool-145-thread-1] INFO  server.RaftServerConfigKeys (ConfUtils.java:logGet(46)) - raft.server.log.use.memory = false (default)
2022-08-10 20:38:38,637 [pool-145-thread-1] INFO  server.RaftServerConfigKeys (ConfUtils.java:logGet(46)) - raft.server.log.purge.gap = 1000000 (custom)
2022-08-10 20:38:38,637 [pool-145-thread-1] INFO  server.RaftServerConfigKeys (ConfUtils.java:logGet(46)) - raft.server.log.appender.buffer.byte-limit = 33554432 (custom)
2022-08-10 20:38:38,637 [pool-145-thread-1] INFO  server.RaftServerConfigKeys (ConfUtils.java:logGet(46)) - raft.server.log.statemachine.data.read.timeout = 1000ms (default)
2022-08-10 20:38:38,638 [pool-145-thread-1] INFO  server.RaftServerConfigKeys (ConfUtils.java:logGet(46)) - raft.server.log.segment.size.max = 1048576 (custom)
2022-08-10 20:38:38,639 [EventQueue-PipelineReportForPipelineReportHandler] INFO  pipeline.PipelineManagerImpl (PipelineManagerImpl.java:openPipeline(367)) - Pipeline Pipeline[ Id: 1c873e21-45d4-40e4-9130-5e7424b08050, Nodes: eb7af48d-b4fa-4fc4-8235-6eb858e1f241{ip: 10.1.0.27, host: fv-az202-490.gfb0ajewubbutj5gszi5w2qz2a.jx.internal.cloudapp.net, ports: [REPLICATION=36595, RATIS=44069, RATIS_ADMIN=44069, RATIS_SERVER=44069, STANDALONE=41335], networkLocation: /default-rack, certSerialId: null, persistedOpState: IN_SERVICE, persistedOpStateExpiryEpochSec: 0}, ReplicationConfig: RATIS/ONE, State:ALLOCATED, leaderId:eb7af48d-b4fa-4fc4-8235-6eb858e1f241, CreationTimestamp2022-08-10T20:38:35.637Z[Etc/UTC]] moved to OPEN state
2022-08-10 20:38:38,640 [EventQueue-OpenPipelineForHealthyPipelineSafeModeRule] INFO  safemode.SCMSafeModeManager (HealthyPipelineSafeModeRule.java:process(137)) - SCM in safe mode. Healthy pipelines reported count is 0, required healthy pipeline reported count is 1
2022-08-10 20:38:38,641 [pool-145-thread-1] INFO  server.RaftServerConfigKeys (ConfUtils.java:logGet(46)) - raft.server.log.segment.cache.num.max = 2 (custom)
2022-08-10 20:38:38,642 [pool-145-thread-1] INFO  server.RaftServerConfigKeys (ConfUtils.java:logGet(46)) - raft.server.log.segment.cache.size.max = 200MB (=209715200) (default)
2022-08-10 20:38:38,642 [pool-145-thread-1] INFO  segmented.SegmentedRaftLogWorker (SegmentedRaftLogWorker.java:<init>(187)) - new eb7af48d-b4fa-4fc4-8235-6eb858e1f241@group-08AE96FD177A-SegmentedRaftLogWorker for RaftStorageImpl:Storage Directory /home/runner/work/ozone/ozone/hadoop-ozone/integration-test/target/test-dir/MiniOzoneClusterImpl-6b5328db-83be-43cc-b602-c95cfe986a84/datanode-1/data/ratis/55824934-fef0-4597-ab06-08ae96fd177a
2022-08-10 20:38:38,642 [pool-145-thread-1] INFO  server.RaftServerConfigKeys (ConfUtils.java:logGet(46)) - raft.server.log.queue.byte-limit = 4294967296 (custom)
2022-08-10 20:38:38,642 [pool-145-thread-1] INFO  server.RaftServerConfigKeys (ConfUtils.java:logGet(46)) - raft.server.log.queue.element-limit = 1024 (custom)
2022-08-10 20:38:38,642 [pool-145-thread-1] INFO  server.RaftServerConfigKeys (ConfUtils.java:logGet(46)) - raft.server.log.segment.size.max = 1048576 (custom)
2022-08-10 20:38:38,642 [pool-145-thread-1] INFO  server.RaftServerConfigKeys (ConfUtils.java:logGet(46)) - raft.server.log.preallocated.size = 16384 (custom)
2022-08-10 20:38:38,642 [pool-145-thread-1] INFO  server.RaftServerConfigKeys (ConfUtils.java:logGet(46)) - raft.server.log.force.sync.num = 128 (default)
2022-08-10 20:38:38,642 [pool-145-thread-1] INFO  server.RaftServerConfigKeys (ConfUtils.java:logGet(46)) - raft.server.log.statemachine.data.sync = true (default)
2022-08-10 20:38:38,642 [pool-145-thread-1] INFO  server.RaftServerConfigKeys (ConfUtils.java:logGet(46)) - raft.server.log.statemachine.data.sync.timeout = 10s (default)
2022-08-10 20:38:38,642 [pool-145-thread-1] INFO  server.RaftServerConfigKeys (ConfUtils.java:logGet(46)) - raft.server.log.statemachine.data.sync.timeout.retry = -1 (default)
2022-08-10 20:38:38,643 [pool-145-thread-1] INFO  server.RaftServerConfigKeys (ConfUtils.java:logGet(46)) - raft.server.log.write.buffer.size = 1048576 (custom)
2022-08-10 20:38:38,643 [pool-145-thread-1] INFO  server.RaftServerConfigKeys (ConfUtils.java:logGet(46)) - raft.server.log.unsafe-flush.enabled = false (default)
2022-08-10 20:38:38,643 [pool-145-thread-1] INFO  server.RaftServerConfigKeys (ConfUtils.java:logGet(46)) - raft.server.log.statemachine.data.caching.enabled = true (custom)
2022-08-10 20:38:38,643 [pool-145-thread-1] INFO  segmented.SegmentedRaftLogWorker (SegmentedRaftLogWorker.java:lambda$new$0(135)) - eb7af48d-b4fa-4fc4-8235-6eb858e1f241@group-08AE96FD177A-SegmentedRaftLogWorker: flushIndex: setUnconditionally 0 -> -1
2022-08-10 20:38:38,643 [pool-145-thread-1] INFO  segmented.SegmentedRaftLogWorker (SegmentedRaftLogWorker.java:lambda$new$0(135)) - eb7af48d-b4fa-4fc4-8235-6eb858e1f241@group-08AE96FD177A-SegmentedRaftLogWorker: safeCacheEvictIndex: setUnconditionally 0 -> -1
2022-08-10 20:38:38,644 [pool-145-thread-1] INFO  server.RaftServerConfigKeys (ConfUtils.java:logGet(46)) - raft.server.snapshot.auto.trigger.enabled = true (custom)
2022-08-10 20:38:38,644 [pool-145-thread-1] INFO  server.RaftServerConfigKeys (ConfUtils.java:logGet(46)) - raft.server.snapshot.auto.trigger.threshold = 10000 (custom)
2022-08-10 20:38:38,644 [pool-145-thread-1] INFO  server.RaftServerConfigKeys (ConfUtils.java:logGet(46)) - raft.server.snapshot.retention.file.num = 5 (custom)
2022-08-10 20:38:38,644 [pool-145-thread-1] INFO  server.RaftServerConfigKeys (ConfUtils.java:logGet(46)) - raft.server.log.purge.upto.snapshot.index = false (default)
2022-08-10 20:38:38,644 [pool-145-thread-1] INFO  server.RaftServerConfigKeys (ConfUtils.java:logGet(46)) - raft.server.retrycache.expirytime = 600000ms (custom)
2022-08-10 20:38:38,644 [pool-145-thread-1] INFO  server.RaftServerConfigKeys (ConfUtils.java:logGet(46)) - raft.server.retrycache.statistics.expirytime = 100μs (default)
2022-08-10 20:38:38,645 [pool-145-thread-1] INFO  server.RaftServerConfigKeys (ConfUtils.java:logGet(46)) - raft.server.log.appender.install.snapshot.enabled = false (custom)
2022-08-10 20:38:38,645 [pool-145-thread-1] INFO  server.RaftServerConfigKeys (ConfUtils.java:logGet(46)) - raft.server.threadpool.server.cached = true (default)
2022-08-10 20:38:38,645 [pool-145-thread-1] INFO  server.RaftServerConfigKeys (ConfUtils.java:logGet(46)) - raft.server.threadpool.server.size = 0 (default)
2022-08-10 20:38:38,645 [pool-145-thread-1] INFO  server.RaftServerConfigKeys (ConfUtils.java:logGet(46)) - raft.server.threadpool.client.cached = true (default)
2022-08-10 20:38:38,645 [pool-145-thread-1] INFO  server.RaftServerConfigKeys (ConfUtils.java:logGet(46)) - raft.server.threadpool.client.size = 0 (default)
2022-08-10 20:38:38,646 [pool-145-thread-1] INFO  server.RaftServer$Division (RaftServerImpl.java:<init>(190)) - eb7af48d-b4fa-4fc4-8235-6eb858e1f241: new RaftServerImpl for group-5E7424B08050:[eb7af48d-b4fa-4fc4-8235-6eb858e1f241|rpc:10.1.0.27:44069|priority:1] with ContainerStateMachine:uninitialized
2022-08-10 20:38:38,646 [pool-145-thread-1] INFO  server.RaftServerConfigKeys (ConfUtils.java:logGet(46)) - raft.server.rpc.timeout.min = 5s (custom)
2022-08-10 20:38:38,646 [pool-145-thread-1] INFO  server.RaftServerConfigKeys (ConfUtils.java:logGet(46)) - raft.server.rpc.timeout.max = 5200ms (custom)
2022-08-10 20:38:38,647 [pool-145-thread-1] INFO  server.RaftServerConfigKeys (ConfUtils.java:logGet(46)) - raft.server.rpc.sleep.time = 25ms (default)
2022-08-10 20:38:38,647 [pool-145-thread-1] INFO  server.RaftServerConfigKeys (ConfUtils.java:logGet(46)) - raft.server.rpc.slowness.timeout = 300s (custom)
2022-08-10 20:38:38,647 [pool-145-thread-1] INFO  server.RaftServerConfigKeys (ConfUtils.java:logGet(46)) - raft.server.leaderelection.leader.step-down.wait-time = 10s (default)
2022-08-10 20:38:38,647 [pool-145-thread-1] INFO  server.RaftServerConfigKeys (ConfUtils.java:logGet(46)) - raft.server.sleep.deviation.threshold = 300ms (default)
2022-08-10 20:38:38,647 [pool-145-thread-1] INFO  server.RaftServer$Division (ServerState.java:<init>(107)) - eb7af48d-b4fa-4fc4-8235-6eb858e1f241@group-5E7424B08050: ConfigurationManager, init=-1: [eb7af48d-b4fa-4fc4-8235-6eb858e1f241|rpc:10.1.0.27:44069|priority:1], old=null, confs=<EMPTY_MAP>
2022-08-10 20:38:38,647 [pool-145-thread-1] INFO  server.RaftServerConfigKeys (ConfUtils.java:logGet(46)) - raft.server.storage.dir = [/home/runner/work/ozone/ozone/hadoop-ozone/integration-test/target/test-dir/MiniOzoneClusterImpl-6b5328db-83be-43cc-b602-c95cfe986a84/datanode-1/data/ratis] (custom)
2022-08-10 20:38:38,647 [pool-145-thread-1] INFO  server.RaftServerConfigKeys (ConfUtils.java:logGet(46)) - raft.server.log.corruption.policy = EXCEPTION (default)
2022-08-10 20:38:38,647 [pool-145-thread-1] INFO  server.RaftServerConfigKeys (ConfUtils.java:logGet(46)) - raft.server.storage.free-space.min = 0MB (=0) (default)
2022-08-10 20:38:38,647 [pool-145-thread-1] INFO  storage.RaftStorageDirectory (RaftStorageDirectoryImpl.java:analyzeStorage(135)) - The storage directory /home/runner/work/ozone/ozone/hadoop-ozone/integration-test/target/test-dir/MiniOzoneClusterImpl-6b5328db-83be-43cc-b602-c95cfe986a84/datanode-1/data/ratis/1c873e21-45d4-40e4-9130-5e7424b08050 does not exist. Creating ...
2022-08-10 20:38:38,648 [pool-145-thread-1] INFO  storage.RaftStorageDirectory (RaftStorageDirectoryImpl.java:tryLock(230)) - Lock on /home/runner/work/ozone/ozone/hadoop-ozone/integration-test/target/test-dir/MiniOzoneClusterImpl-6b5328db-83be-43cc-b602-c95cfe986a84/datanode-1/data/ratis/1c873e21-45d4-40e4-9130-5e7424b08050/in_use.lock acquired by nodename 17633@fv-az202-490
2022-08-10 20:38:38,653 [pool-145-thread-1] INFO  storage.RaftStorage (RaftStorageImpl.java:format(89)) - Storage directory /home/runner/work/ozone/ozone/hadoop-ozone/integration-test/target/test-dir/MiniOzoneClusterImpl-6b5328db-83be-43cc-b602-c95cfe986a84/datanode-1/data/ratis/1c873e21-45d4-40e4-9130-5e7424b08050 has been successfully formatted.
2022-08-10 20:38:38,656 [EventQueue-OpenPipelineForHealthyPipelineSafeModeRule] INFO  safemode.SCMSafeModeManager (HealthyPipelineSafeModeRule.java:process(137)) - SCM in safe mode. Healthy pipelines reported count is 0, required healthy pipeline reported count is 1
2022-08-10 20:38:38,657 [pool-145-thread-1] INFO  ratis.ContainerStateMachine (ContainerStateMachine.java:loadSnapshot(236)) - group-5E7424B08050: The snapshot info is null. Setting the last applied indexto:(t:0, i:~)
2022-08-10 20:38:38,658 [pool-145-thread-1] INFO  server.RaftServerConfigKeys (ConfUtils.java:logGet(46)) - raft.server.notification.no-leader.timeout = 300s (custom)
2022-08-10 20:38:38,658 [pool-145-thread-1] INFO  server.RaftServerConfigKeys (ConfUtils.java:logGet(46)) - raft.server.log.use.memory = false (default)
2022-08-10 20:38:38,658 [pool-145-thread-1] INFO  server.RaftServerConfigKeys (ConfUtils.java:logGet(46)) - raft.server.log.purge.gap = 1000000 (custom)
2022-08-10 20:38:38,658 [pool-145-thread-1] INFO  server.RaftServerConfigKeys (ConfUtils.java:logGet(46)) - raft.server.log.appender.buffer.byte-limit = 33554432 (custom)
2022-08-10 20:38:38,658 [pool-145-thread-1] INFO  server.RaftServerConfigKeys (ConfUtils.java:logGet(46)) - raft.server.log.statemachine.data.read.timeout = 1000ms (default)
2022-08-10 20:38:38,658 [pool-145-thread-1] INFO  server.RaftServerConfigKeys (ConfUtils.java:logGet(46)) - raft.server.log.segment.size.max = 1048576 (custom)
2022-08-10 20:38:38,659 [pool-145-thread-1] INFO  server.RaftServerConfigKeys (ConfUtils.java:logGet(46)) - raft.server.log.segment.cache.num.max = 2 (custom)
2022-08-10 20:38:38,659 [pool-145-thread-1] INFO  server.RaftServerConfigKeys (ConfUtils.java:logGet(46)) - raft.server.log.segment.cache.size.max = 200MB (=209715200) (default)
2022-08-10 20:38:38,659 [pool-145-thread-1] INFO  segmented.SegmentedRaftLogWorker (SegmentedRaftLogWorker.java:<init>(187)) - new eb7af48d-b4fa-4fc4-8235-6eb858e1f241@group-5E7424B08050-SegmentedRaftLogWorker for RaftStorageImpl:Storage Directory /home/runner/work/ozone/ozone/hadoop-ozone/integration-test/target/test-dir/MiniOzoneClusterImpl-6b5328db-83be-43cc-b602-c95cfe986a84/datanode-1/data/ratis/1c873e21-45d4-40e4-9130-5e7424b08050
2022-08-10 20:38:38,659 [pool-145-thread-1] INFO  server.RaftServerConfigKeys (ConfUtils.java:logGet(46)) - raft.server.log.queue.byte-limit = 4294967296 (custom)
2022-08-10 20:38:38,659 [pool-145-thread-1] INFO  server.RaftServerConfigKeys (ConfUtils.java:logGet(46)) - raft.server.log.queue.element-limit = 1024 (custom)
2022-08-10 20:38:38,659 [pool-145-thread-1] INFO  server.RaftServerConfigKeys (ConfUtils.java:logGet(46)) - raft.server.log.segment.size.max = 1048576 (custom)
2022-08-10 20:38:38,659 [pool-145-thread-1] INFO  server.RaftServerConfigKeys (ConfUtils.java:logGet(46)) - raft.server.log.preallocated.size = 16384 (custom)
2022-08-10 20:38:38,659 [pool-145-thread-1] INFO  server.RaftServerConfigKeys (ConfUtils.java:logGet(46)) - raft.server.log.force.sync.num = 128 (default)
2022-08-10 20:38:38,659 [pool-145-thread-1] INFO  server.RaftServerConfigKeys (ConfUtils.java:logGet(46)) - raft.server.log.statemachine.data.sync = true (default)
2022-08-10 20:38:38,659 [pool-145-thread-1] INFO  server.RaftServerConfigKeys (ConfUtils.java:logGet(46)) - raft.server.log.statemachine.data.sync.timeout = 10s (default)
2022-08-10 20:38:38,659 [pool-145-thread-1] INFO  server.RaftServerConfigKeys (ConfUtils.java:logGet(46)) - raft.server.log.statemachine.data.sync.timeout.retry = -1 (default)
2022-08-10 20:38:38,660 [pool-145-thread-1] INFO  server.RaftServerConfigKeys (ConfUtils.java:logGet(46)) - raft.server.log.write.buffer.size = 1048576 (custom)
2022-08-10 20:38:38,660 [pool-145-thread-1] INFO  server.RaftServerConfigKeys (ConfUtils.java:logGet(46)) - raft.server.log.unsafe-flush.enabled = false (default)
2022-08-10 20:38:38,660 [pool-145-thread-1] INFO  server.RaftServerConfigKeys (ConfUtils.java:logGet(46)) - raft.server.log.statemachine.data.caching.enabled = true (custom)
2022-08-10 20:38:38,660 [pool-145-thread-1] INFO  segmented.SegmentedRaftLogWorker (SegmentedRaftLogWorker.java:lambda$new$0(135)) - eb7af48d-b4fa-4fc4-8235-6eb858e1f241@group-5E7424B08050-SegmentedRaftLogWorker: flushIndex: setUnconditionally 0 -> -1
2022-08-10 20:38:38,660 [pool-145-thread-1] INFO  segmented.SegmentedRaftLogWorker (SegmentedRaftLogWorker.java:lambda$new$0(135)) - eb7af48d-b4fa-4fc4-8235-6eb858e1f241@group-5E7424B08050-SegmentedRaftLogWorker: safeCacheEvictIndex: setUnconditionally 0 -> -1
2022-08-10 20:38:38,663 [pool-145-thread-1] INFO  server.RaftServerConfigKeys (ConfUtils.java:logGet(46)) - raft.server.snapshot.auto.trigger.enabled = true (custom)
2022-08-10 20:38:38,663 [pool-145-thread-1] INFO  server.RaftServerConfigKeys (ConfUtils.java:logGet(46)) - raft.server.snapshot.auto.trigger.threshold = 10000 (custom)
2022-08-10 20:38:38,663 [pool-145-thread-1] INFO  server.RaftServerConfigKeys (ConfUtils.java:logGet(46)) - raft.server.snapshot.retention.file.num = 5 (custom)
2022-08-10 20:38:38,663 [pool-145-thread-1] INFO  server.RaftServerConfigKeys (ConfUtils.java:logGet(46)) - raft.server.log.purge.upto.snapshot.index = false (default)
2022-08-10 20:38:38,663 [pool-145-thread-1] INFO  server.RaftServerConfigKeys (ConfUtils.java:logGet(46)) - raft.server.retrycache.expirytime = 600000ms (custom)
2022-08-10 20:38:38,663 [pool-145-thread-1] INFO  server.RaftServerConfigKeys (ConfUtils.java:logGet(46)) - raft.server.retrycache.statistics.expirytime = 100μs (default)
2022-08-10 20:38:38,664 [pool-145-thread-1] INFO  server.RaftServerConfigKeys (ConfUtils.java:logGet(46)) - raft.server.log.appender.install.snapshot.enabled = false (custom)
2022-08-10 20:38:38,664 [pool-145-thread-1] INFO  server.RaftServerConfigKeys (ConfUtils.java:logGet(46)) - raft.server.threadpool.server.cached = true (default)
2022-08-10 20:38:38,664 [pool-145-thread-1] INFO  server.RaftServerConfigKeys (ConfUtils.java:logGet(46)) - raft.server.threadpool.server.size = 0 (default)
2022-08-10 20:38:38,664 [pool-145-thread-1] INFO  server.RaftServerConfigKeys (ConfUtils.java:logGet(46)) - raft.server.threadpool.client.cached = true (default)
2022-08-10 20:38:38,664 [pool-145-thread-1] INFO  server.RaftServerConfigKeys (ConfUtils.java:logGet(46)) - raft.server.threadpool.client.size = 0 (default)
2022-08-10 20:38:38,665 [pool-145-thread-1] INFO  server.RaftServer$Division (RaftServerImpl.java:start(310)) - eb7af48d-b4fa-4fc4-8235-6eb858e1f241@group-08AE96FD177A: start as a follower, conf=-1: [af3b5617-f48d-41e9-a4c5-2957a0e3c3f7|rpc:10.1.0.27:41069|dataStream:|priority:0, eb7af48d-b4fa-4fc4-8235-6eb858e1f241|rpc:10.1.0.27:44069|dataStream:|priority:0, e0b21060-8445-402d-9ae3-38e47ae35866|rpc:10.1.0.27:33113|dataStream:|priority:1], old=null
2022-08-10 20:38:38,665 [pool-145-thread-1] INFO  server.RaftServer$Division (RaftServerImpl.java:setRole(299)) - eb7af48d-b4fa-4fc4-8235-6eb858e1f241@group-08AE96FD177A: changes role from      null to FOLLOWER at term 0 for startAsFollower
2022-08-10 20:38:38,665 [pool-145-thread-1] INFO  impl.RoleInfo (RoleInfo.java:updateAndGet(139)) - eb7af48d-b4fa-4fc4-8235-6eb858e1f241: start eb7af48d-b4fa-4fc4-8235-6eb858e1f241@group-08AE96FD177A-FollowerState
2022-08-10 20:38:38,665 [pool-145-thread-1] INFO  util.JmxRegister (JmxRegister.java:tryRegister(44)) - Successfully registered JMX Bean with object name Ratis:service=RaftServer,group=group-08AE96FD177A,id=eb7af48d-b4fa-4fc4-8235-6eb858e1f241
2022-08-10 20:38:38,666 [pool-145-thread-1] INFO  server.RaftServer$Division (RaftServerImpl.java:start(310)) - eb7af48d-b4fa-4fc4-8235-6eb858e1f241@group-5E7424B08050: start as a follower, conf=-1: [eb7af48d-b4fa-4fc4-8235-6eb858e1f241|rpc:10.1.0.27:44069|priority:1], old=null
2022-08-10 20:38:38,666 [pool-145-thread-1] INFO  server.RaftServer$Division (RaftServerImpl.java:setRole(299)) - eb7af48d-b4fa-4fc4-8235-6eb858e1f241@group-5E7424B08050: changes role from      null to FOLLOWER at term 0 for startAsFollower
2022-08-10 20:38:38,666 [pool-145-thread-1] INFO  impl.RoleInfo (RoleInfo.java:updateAndGet(139)) - eb7af48d-b4fa-4fc4-8235-6eb858e1f241: start eb7af48d-b4fa-4fc4-8235-6eb858e1f241@group-5E7424B08050-FollowerState
2022-08-10 20:38:38,666 [pool-145-thread-1] INFO  util.JmxRegister (JmxRegister.java:tryRegister(44)) - Successfully registered JMX Bean with object name Ratis:service=RaftServer,group=group-5E7424B08050,id=eb7af48d-b4fa-4fc4-8235-6eb858e1f241
2022-08-10 20:38:38,672 [Command processor thread] INFO  ratis.XceiverServerRatis (XceiverServerRatis.java:addGroup(765)) - Created group PipelineID=1c873e21-45d4-40e4-9130-5e7424b08050
2022-08-10 20:38:38,672 [Command processor thread] INFO  commandhandler.CreatePipelineCommandHandler (CreatePipelineCommandHandler.java:handle(113)) - Created Pipeline RATIS ONE PipelineID=1c873e21-45d4-40e4-9130-5e7424b08050.
2022-08-10 20:38:38,677 [Command processor thread] INFO  commandhandler.CreatePipelineCommandHandler (CreatePipelineCommandHandler.java:handle(113)) - Created Pipeline RATIS THREE PipelineID=55824934-fef0-4597-ab06-08ae96fd177a.
2022-08-10 20:38:38,963 [Listener at 127.0.0.1/39139] INFO  ozone.MiniOzoneClusterImpl (MiniOzoneClusterImpl.java:lambda$waitForClusterToBeReady$0(216)) - Nodes are ready. Got 3 of 3 DN Heartbeats.
2022-08-10 20:38:38,963 [Listener at 127.0.0.1/39139] INFO  ozone.MiniOzoneClusterImpl (MiniOzoneClusterImpl.java:lambda$waitForClusterToBeReady$0(219)) - Waiting for cluster to exit safe mode
2022-08-10 20:38:38,963 [Listener at 127.0.0.1/39139] INFO  ozone.MiniOzoneClusterImpl (MiniOzoneClusterImpl.java:lambda$waitForClusterToBeReady$0(221)) - SCM became leader
2022-08-10 20:38:38,964 [Command processor thread] INFO  server.RaftServer (RaftServerProxy.java:addNew(96)) - e0b21060-8445-402d-9ae3-38e47ae35866: addNew group-7294A4F35385:[e0b21060-8445-402d-9ae3-38e47ae35866|rpc:10.1.0.27:33113|priority:1] returns group-7294A4F35385:java.util.concurrent.CompletableFuture@19757a52[Not completed]
2022-08-10 20:38:38,966 [pool-168-thread-1] INFO  server.RaftServer$Division (RaftServerImpl.java:<init>(190)) - e0b21060-8445-402d-9ae3-38e47ae35866: new RaftServerImpl for group-7294A4F35385:[e0b21060-8445-402d-9ae3-38e47ae35866|rpc:10.1.0.27:33113|priority:1] with ContainerStateMachine:uninitialized
2022-08-10 20:38:38,966 [pool-168-thread-1] INFO  server.RaftServerConfigKeys (ConfUtils.java:logGet(46)) - raft.server.rpc.timeout.min = 5s (custom)
2022-08-10 20:38:38,966 [pool-168-thread-1] INFO  server.RaftServerConfigKeys (ConfUtils.java:logGet(46)) - raft.server.rpc.timeout.max = 5200ms (custom)
2022-08-10 20:38:38,966 [pool-168-thread-1] INFO  server.RaftServerConfigKeys (ConfUtils.java:logGet(46)) - raft.server.rpc.sleep.time = 25ms (default)
2022-08-10 20:38:38,966 [pool-168-thread-1] INFO  server.RaftServerConfigKeys (ConfUtils.java:logGet(46)) - raft.server.rpc.slowness.timeout = 300s (custom)
2022-08-10 20:38:38,966 [pool-168-thread-1] INFO  server.RaftServerConfigKeys (ConfUtils.java:logGet(46)) - raft.server.leaderelection.leader.step-down.wait-time = 10s (default)
2022-08-10 20:38:38,966 [pool-168-thread-1] INFO  server.RaftServerConfigKeys (ConfUtils.java:logGet(46)) - raft.server.sleep.deviation.threshold = 300ms (default)
2022-08-10 20:38:38,967 [pool-168-thread-1] INFO  server.RaftServer$Division (ServerState.java:<init>(107)) - e0b21060-8445-402d-9ae3-38e47ae35866@group-7294A4F35385: ConfigurationManager, init=-1: [e0b21060-8445-402d-9ae3-38e47ae35866|rpc:10.1.0.27:33113|priority:1], old=null, confs=<EMPTY_MAP>
2022-08-10 20:38:38,967 [pool-168-thread-1] INFO  server.RaftServerConfigKeys (ConfUtils.java:logGet(46)) - raft.server.storage.dir = [/home/runner/work/ozone/ozone/hadoop-ozone/integration-test/target/test-dir/MiniOzoneClusterImpl-6b5328db-83be-43cc-b602-c95cfe986a84/datanode-2/data/ratis] (custom)
2022-08-10 20:38:38,967 [pool-168-thread-1] INFO  server.RaftServerConfigKeys (ConfUtils.java:logGet(46)) - raft.server.log.corruption.policy = EXCEPTION (default)
2022-08-10 20:38:38,967 [pool-168-thread-1] INFO  server.RaftServerConfigKeys (ConfUtils.java:logGet(46)) - raft.server.storage.free-space.min = 0MB (=0) (default)
2022-08-10 20:38:38,967 [pool-168-thread-1] INFO  storage.RaftStorageDirectory (RaftStorageDirectoryImpl.java:analyzeStorage(135)) - The storage directory /home/runner/work/ozone/ozone/hadoop-ozone/integration-test/target/test-dir/MiniOzoneClusterImpl-6b5328db-83be-43cc-b602-c95cfe986a84/datanode-2/data/ratis/789c805c-925e-4daf-921c-7294a4f35385 does not exist. Creating ...
2022-08-10 20:38:38,968 [pool-168-thread-1] INFO  storage.RaftStorageDirectory (RaftStorageDirectoryImpl.java:tryLock(230)) - Lock on /home/runner/work/ozone/ozone/hadoop-ozone/integration-test/target/test-dir/MiniOzoneClusterImpl-6b5328db-83be-43cc-b602-c95cfe986a84/datanode-2/data/ratis/789c805c-925e-4daf-921c-7294a4f35385/in_use.lock acquired by nodename 17633@fv-az202-490
2022-08-10 20:38:38,969 [pool-168-thread-1] INFO  storage.RaftStorage (RaftStorageImpl.java:format(89)) - Storage directory /home/runner/work/ozone/ozone/hadoop-ozone/integration-test/target/test-dir/MiniOzoneClusterImpl-6b5328db-83be-43cc-b602-c95cfe986a84/datanode-2/data/ratis/789c805c-925e-4daf-921c-7294a4f35385 has been successfully formatted.
2022-08-10 20:38:38,969 [pool-168-thread-1] INFO  ratis.ContainerStateMachine (ContainerStateMachine.java:loadSnapshot(236)) - group-7294A4F35385: The snapshot info is null. Setting the last applied indexto:(t:0, i:~)
2022-08-10 20:38:38,970 [pool-168-thread-1] INFO  server.RaftServerConfigKeys (ConfUtils.java:logGet(46)) - raft.server.notification.no-leader.timeout = 300s (custom)
2022-08-10 20:38:38,970 [pool-168-thread-1] INFO  server.RaftServerConfigKeys (ConfUtils.java:logGet(46)) - raft.server.log.use.memory = false (default)
2022-08-10 20:38:38,970 [pool-168-thread-1] INFO  server.RaftServerConfigKeys (ConfUtils.java:logGet(46)) - raft.server.log.purge.gap = 1000000 (custom)
2022-08-10 20:38:38,970 [pool-168-thread-1] INFO  server.RaftServerConfigKeys (ConfUtils.java:logGet(46)) - raft.server.log.appender.buffer.byte-limit = 33554432 (custom)
2022-08-10 20:38:38,970 [pool-168-thread-1] INFO  server.RaftServerConfigKeys (ConfUtils.java:logGet(46)) - raft.server.log.statemachine.data.read.timeout = 1000ms (default)
2022-08-10 20:38:38,971 [pool-168-thread-1] INFO  server.RaftServerConfigKeys (ConfUtils.java:logGet(46)) - raft.server.log.segment.size.max = 1048576 (custom)
2022-08-10 20:38:38,973 [EventQueue-PipelineReportForPipelineReportHandler] INFO  pipeline.PipelineManagerImpl (PipelineManagerImpl.java:openPipeline(367)) - Pipeline Pipeline[ Id: 789c805c-925e-4daf-921c-7294a4f35385, Nodes: e0b21060-8445-402d-9ae3-38e47ae35866{ip: 10.1.0.27, host: fv-az202-490.gfb0ajewubbutj5gszi5w2qz2a.jx.internal.cloudapp.net, ports: [REPLICATION=41571, RATIS=33113, RATIS_ADMIN=33113, RATIS_SERVER=33113, STANDALONE=38857], networkLocation: /default-rack, certSerialId: null, persistedOpState: IN_SERVICE, persistedOpStateExpiryEpochSec: 0}, ReplicationConfig: RATIS/ONE, State:ALLOCATED, leaderId:e0b21060-8445-402d-9ae3-38e47ae35866, CreationTimestamp2022-08-10T20:38:35.972Z[Etc/UTC]] moved to OPEN state
2022-08-10 20:38:38,974 [EventQueue-OpenPipelineForHealthyPipelineSafeModeRule] INFO  safemode.SCMSafeModeManager (HealthyPipelineSafeModeRule.java:process(137)) - SCM in safe mode. Healthy pipelines reported count is 0, required healthy pipeline reported count is 1
2022-08-10 20:38:38,974 [pool-168-thread-1] INFO  server.RaftServerConfigKeys (ConfUtils.java:logGet(46)) - raft.server.log.segment.cache.num.max = 2 (custom)
2022-08-10 20:38:38,975 [pool-168-thread-1] INFO  server.RaftServerConfigKeys (ConfUtils.java:logGet(46)) - raft.server.log.segment.cache.size.max = 200MB (=209715200) (default)
2022-08-10 20:38:38,975 [pool-168-thread-1] INFO  segmented.SegmentedRaftLogWorker (SegmentedRaftLogWorker.java:<init>(187)) - new e0b21060-8445-402d-9ae3-38e47ae35866@group-7294A4F35385-SegmentedRaftLogWorker for RaftStorageImpl:Storage Directory /home/runner/work/ozone/ozone/hadoop-ozone/integration-test/target/test-dir/MiniOzoneClusterImpl-6b5328db-83be-43cc-b602-c95cfe986a84/datanode-2/data/ratis/789c805c-925e-4daf-921c-7294a4f35385
2022-08-10 20:38:38,975 [pool-168-thread-1] INFO  server.RaftServerConfigKeys (ConfUtils.java:logGet(46)) - raft.server.log.queue.byte-limit = 4294967296 (custom)
2022-08-10 20:38:38,975 [pool-168-thread-1] INFO  server.RaftServerConfigKeys (ConfUtils.java:logGet(46)) - raft.server.log.queue.element-limit = 1024 (custom)
2022-08-10 20:38:38,975 [pool-168-thread-1] INFO  server.RaftServerConfigKeys (ConfUtils.java:logGet(46)) - raft.server.log.segment.size.max = 1048576 (custom)
2022-08-10 20:38:38,975 [pool-168-thread-1] INFO  server.RaftServerConfigKeys (ConfUtils.java:logGet(46)) - raft.server.log.preallocated.size = 16384 (custom)
2022-08-10 20:38:38,975 [pool-168-thread-1] INFO  server.RaftServerConfigKeys (ConfUtils.java:logGet(46)) - raft.server.log.force.sync.num = 128 (default)
2022-08-10 20:38:38,975 [pool-168-thread-1] INFO  server.RaftServerConfigKeys (ConfUtils.java:logGet(46)) - raft.server.log.statemachine.data.sync = true (default)
2022-08-10 20:38:38,975 [pool-168-thread-1] INFO  server.RaftServerConfigKeys (ConfUtils.java:logGet(46)) - raft.server.log.statemachine.data.sync.timeout = 10s (default)
2022-08-10 20:38:38,976 [pool-168-thread-1] INFO  server.RaftServerConfigKeys (ConfUtils.java:logGet(46)) - raft.server.log.statemachine.data.sync.timeout.retry = -1 (default)
2022-08-10 20:38:38,976 [pool-168-thread-1] INFO  server.RaftServerConfigKeys (ConfUtils.java:logGet(46)) - raft.server.log.write.buffer.size = 1048576 (custom)
2022-08-10 20:38:38,977 [pool-168-thread-1] INFO  server.RaftServerConfigKeys (ConfUtils.java:logGet(46)) - raft.server.log.unsafe-flush.enabled = false (default)
2022-08-10 20:38:38,977 [pool-168-thread-1] INFO  server.RaftServerConfigKeys (ConfUtils.java:logGet(46)) - raft.server.log.statemachine.data.caching.enabled = true (custom)
2022-08-10 20:38:38,977 [pool-168-thread-1] INFO  segmented.SegmentedRaftLogWorker (SegmentedRaftLogWorker.java:lambda$new$0(135)) - e0b21060-8445-402d-9ae3-38e47ae35866@group-7294A4F35385-SegmentedRaftLogWorker: flushIndex: setUnconditionally 0 -> -1
2022-08-10 20:38:38,977 [pool-168-thread-1] INFO  segmented.SegmentedRaftLogWorker (SegmentedRaftLogWorker.java:lambda$new$0(135)) - e0b21060-8445-402d-9ae3-38e47ae35866@group-7294A4F35385-SegmentedRaftLogWorker: safeCacheEvictIndex: setUnconditionally 0 -> -1
2022-08-10 20:38:38,977 [pool-168-thread-1] INFO  server.RaftServerConfigKeys (ConfUtils.java:logGet(46)) - raft.server.snapshot.auto.trigger.enabled = true (custom)
2022-08-10 20:38:38,977 [pool-168-thread-1] INFO  server.RaftServerConfigKeys (ConfUtils.java:logGet(46)) - raft.server.snapshot.auto.trigger.threshold = 10000 (custom)
2022-08-10 20:38:38,977 [pool-168-thread-1] INFO  server.RaftServerConfigKeys (ConfUtils.java:logGet(46)) - raft.server.snapshot.retention.file.num = 5 (custom)
2022-08-10 20:38:38,978 [pool-168-thread-1] INFO  server.RaftServerConfigKeys (ConfUtils.java:logGet(46)) - raft.server.log.purge.upto.snapshot.index = false (default)
2022-08-10 20:38:38,978 [pool-168-thread-1] INFO  server.RaftServerConfigKeys (ConfUtils.java:logGet(46)) - raft.server.retrycache.expirytime = 600000ms (custom)
2022-08-10 20:38:38,978 [pool-168-thread-1] INFO  server.RaftServerConfigKeys (ConfUtils.java:logGet(46)) - raft.server.retrycache.statistics.expirytime = 100μs (default)
2022-08-10 20:38:38,978 [pool-168-thread-1] INFO  server.RaftServerConfigKeys (ConfUtils.java:logGet(46)) - raft.server.log.appender.install.snapshot.enabled = false (custom)
2022-08-10 20:38:38,979 [pool-168-thread-1] INFO  server.RaftServerConfigKeys (ConfUtils.java:logGet(46)) - raft.server.threadpool.server.cached = true (default)
2022-08-10 20:38:38,979 [pool-168-thread-1] INFO  server.RaftServerConfigKeys (ConfUtils.java:logGet(46)) - raft.server.threadpool.server.size = 0 (default)
2022-08-10 20:38:38,979 [pool-168-thread-1] INFO  server.RaftServerConfigKeys (ConfUtils.java:logGet(46)) - raft.server.threadpool.client.cached = true (default)
2022-08-10 20:38:38,979 [pool-168-thread-1] INFO  server.RaftServerConfigKeys (ConfUtils.java:logGet(46)) - raft.server.threadpool.client.size = 0 (default)
2022-08-10 20:38:38,979 [pool-168-thread-1] INFO  server.RaftServer$Division (RaftServerImpl.java:start(310)) - e0b21060-8445-402d-9ae3-38e47ae35866@group-7294A4F35385: start as a follower, conf=-1: [e0b21060-8445-402d-9ae3-38e47ae35866|rpc:10.1.0.27:33113|priority:1], old=null
2022-08-10 20:38:38,979 [pool-168-thread-1] INFO  server.RaftServer$Division (RaftServerImpl.java:setRole(299)) - e0b21060-8445-402d-9ae3-38e47ae35866@group-7294A4F35385: changes role from      null to FOLLOWER at term 0 for startAsFollower
2022-08-10 20:38:38,979 [pool-168-thread-1] INFO  impl.RoleInfo (RoleInfo.java:updateAndGet(139)) - e0b21060-8445-402d-9ae3-38e47ae35866: start e0b21060-8445-402d-9ae3-38e47ae35866@group-7294A4F35385-FollowerState
2022-08-10 20:38:38,984 [pool-168-thread-1] INFO  util.JmxRegister (JmxRegister.java:tryRegister(44)) - Successfully registered JMX Bean with object name Ratis:service=RaftServer,group=group-7294A4F35385,id=e0b21060-8445-402d-9ae3-38e47ae35866
2022-08-10 20:38:38,985 [Command processor thread] INFO  ratis.XceiverServerRatis (XceiverServerRatis.java:addGroup(765)) - Created group PipelineID=789c805c-925e-4daf-921c-7294a4f35385
2022-08-10 20:38:38,985 [Command processor thread] INFO  commandhandler.CreatePipelineCommandHandler (CreatePipelineCommandHandler.java:handle(113)) - Created Pipeline RATIS ONE PipelineID=789c805c-925e-4daf-921c-7294a4f35385.
2022-08-10 20:38:39,964 [Listener at 127.0.0.1/39139] INFO  ozone.MiniOzoneClusterImpl (MiniOzoneClusterImpl.java:lambda$waitForClusterToBeReady$0(216)) - Nodes are ready. Got 3 of 3 DN Heartbeats.
2022-08-10 20:38:39,964 [Listener at 127.0.0.1/39139] INFO  ozone.MiniOzoneClusterImpl (MiniOzoneClusterImpl.java:lambda$waitForClusterToBeReady$0(219)) - Waiting for cluster to exit safe mode
2022-08-10 20:38:39,964 [Listener at 127.0.0.1/39139] INFO  ozone.MiniOzoneClusterImpl (MiniOzoneClusterImpl.java:lambda$waitForClusterToBeReady$0(221)) - SCM became leader
2022-08-10 20:38:40,965 [Listener at 127.0.0.1/39139] INFO  ozone.MiniOzoneClusterImpl (MiniOzoneClusterImpl.java:lambda$waitForClusterToBeReady$0(216)) - Nodes are ready. Got 3 of 3 DN Heartbeats.
2022-08-10 20:38:40,965 [Listener at 127.0.0.1/39139] INFO  ozone.MiniOzoneClusterImpl (MiniOzoneClusterImpl.java:lambda$waitForClusterToBeReady$0(219)) - Waiting for cluster to exit safe mode
2022-08-10 20:38:40,965 [Listener at 127.0.0.1/39139] INFO  ozone.MiniOzoneClusterImpl (MiniOzoneClusterImpl.java:lambda$waitForClusterToBeReady$0(221)) - SCM became leader
2022-08-10 20:38:41,965 [Listener at 127.0.0.1/39139] INFO  ozone.MiniOzoneClusterImpl (MiniOzoneClusterImpl.java:lambda$waitForClusterToBeReady$0(216)) - Nodes are ready. Got 3 of 3 DN Heartbeats.
2022-08-10 20:38:41,966 [Listener at 127.0.0.1/39139] INFO  ozone.MiniOzoneClusterImpl (MiniOzoneClusterImpl.java:lambda$waitForClusterToBeReady$0(219)) - Waiting for cluster to exit safe mode
2022-08-10 20:38:41,966 [Listener at 127.0.0.1/39139] INFO  ozone.MiniOzoneClusterImpl (MiniOzoneClusterImpl.java:lambda$waitForClusterToBeReady$0(221)) - SCM became leader
2022-08-10 20:38:42,966 [Listener at 127.0.0.1/39139] INFO  ozone.MiniOzoneClusterImpl (MiniOzoneClusterImpl.java:lambda$waitForClusterToBeReady$0(216)) - Nodes are ready. Got 3 of 3 DN Heartbeats.
2022-08-10 20:38:42,966 [Listener at 127.0.0.1/39139] INFO  ozone.MiniOzoneClusterImpl (MiniOzoneClusterImpl.java:lambda$waitForClusterToBeReady$0(219)) - Waiting for cluster to exit safe mode
2022-08-10 20:38:42,967 [Listener at 127.0.0.1/39139] INFO  ozone.MiniOzoneClusterImpl (MiniOzoneClusterImpl.java:lambda$waitForClusterToBeReady$0(221)) - SCM became leader
2022-08-10 20:38:43,472 [af3b5617-f48d-41e9-a4c5-2957a0e3c3f7@group-35252B3F087F-FollowerState] INFO  impl.FollowerState (FollowerState.java:run(143)) - af3b5617-f48d-41e9-a4c5-2957a0e3c3f7@group-35252B3F087F-FollowerState: change to CANDIDATE, lastRpcElapsedTime:5100053838ns, electionTimeout:5099ms
2022-08-10 20:38:43,472 [af3b5617-f48d-41e9-a4c5-2957a0e3c3f7@group-35252B3F087F-FollowerState] INFO  impl.RoleInfo (RoleInfo.java:shutdownFollowerState(110)) - af3b5617-f48d-41e9-a4c5-2957a0e3c3f7: shutdown af3b5617-f48d-41e9-a4c5-2957a0e3c3f7@group-35252B3F087F-FollowerState
2022-08-10 20:38:43,473 [af3b5617-f48d-41e9-a4c5-2957a0e3c3f7@group-35252B3F087F-FollowerState] INFO  server.RaftServer$Division (RaftServerImpl.java:setRole(299)) - af3b5617-f48d-41e9-a4c5-2957a0e3c3f7@group-35252B3F087F: changes role from  FOLLOWER to CANDIDATE at term 0 for changeToCandidate
2022-08-10 20:38:43,473 [af3b5617-f48d-41e9-a4c5-2957a0e3c3f7@group-35252B3F087F-FollowerState] INFO  server.RaftServerConfigKeys (ConfUtils.java:logGet(46)) - raft.server.leaderelection.pre-vote = false (custom)
2022-08-10 20:38:43,473 [af3b5617-f48d-41e9-a4c5-2957a0e3c3f7@group-35252B3F087F-FollowerState] INFO  impl.RoleInfo (RoleInfo.java:updateAndGet(139)) - af3b5617-f48d-41e9-a4c5-2957a0e3c3f7: start af3b5617-f48d-41e9-a4c5-2957a0e3c3f7@group-35252B3F087F-LeaderElection3
2022-08-10 20:38:43,476 [af3b5617-f48d-41e9-a4c5-2957a0e3c3f7@group-35252B3F087F-LeaderElection3] INFO  impl.LeaderElection (LeaderElection.java:askForVotes(310)) - af3b5617-f48d-41e9-a4c5-2957a0e3c3f7@group-35252B3F087F-LeaderElection3 ELECTION round 0: submit vote requests at term 1 for -1: [af3b5617-f48d-41e9-a4c5-2957a0e3c3f7|rpc:10.1.0.27:41069|priority:0, eb7af48d-b4fa-4fc4-8235-6eb858e1f241|rpc:10.1.0.27:44069|priority:1, e0b21060-8445-402d-9ae3-38e47ae35866|rpc:10.1.0.27:33113|priority:0], old=null
2022-08-10 20:38:43,491 [grpc-default-executor-3] INFO  server.RaftServer$Division (RaftServerImpl.java:requestVote(1152)) - eb7af48d-b4fa-4fc4-8235-6eb858e1f241@group-35252B3F087F: receive requestVote(ELECTION, af3b5617-f48d-41e9-a4c5-2957a0e3c3f7, group-35252B3F087F, 1, (t:0, i:0))
2022-08-10 20:38:43,491 [grpc-default-executor-3] INFO  impl.VoteContext (VoteContext.java:log(48)) - eb7af48d-b4fa-4fc4-8235-6eb858e1f241@group-35252B3F087F-FOLLOWER: reject ELECTION from af3b5617-f48d-41e9-a4c5-2957a0e3c3f7: our priority 1 > candidate's priority 0
2022-08-10 20:38:43,491 [grpc-default-executor-3] INFO  server.RaftServer$Division (RaftServerImpl.java:setRole(299)) - eb7af48d-b4fa-4fc4-8235-6eb858e1f241@group-35252B3F087F: changes role from  FOLLOWER to FOLLOWER at term 1 for candidate:af3b5617-f48d-41e9-a4c5-2957a0e3c3f7
2022-08-10 20:38:43,491 [grpc-default-executor-3] INFO  impl.RoleInfo (RoleInfo.java:shutdownFollowerState(110)) - eb7af48d-b4fa-4fc4-8235-6eb858e1f241: shutdown eb7af48d-b4fa-4fc4-8235-6eb858e1f241@group-35252B3F087F-FollowerState
2022-08-10 20:38:43,491 [grpc-default-executor-3] INFO  impl.RoleInfo (RoleInfo.java:updateAndGet(139)) - eb7af48d-b4fa-4fc4-8235-6eb858e1f241: start eb7af48d-b4fa-4fc4-8235-6eb858e1f241@group-35252B3F087F-FollowerState
2022-08-10 20:38:43,491 [eb7af48d-b4fa-4fc4-8235-6eb858e1f241@group-35252B3F087F-FollowerState] INFO  impl.FollowerState (FollowerState.java:run(152)) - eb7af48d-b4fa-4fc4-8235-6eb858e1f241@group-35252B3F087F-FollowerState was interrupted
2022-08-10 20:38:43,493 [grpc-default-executor-3] INFO  server.RaftServer$Division (RaftServerImpl.java:requestVote(1184)) - eb7af48d-b4fa-4fc4-8235-6eb858e1f241@group-35252B3F087F replies to ELECTION vote request: af3b5617-f48d-41e9-a4c5-2957a0e3c3f7<-eb7af48d-b4fa-4fc4-8235-6eb858e1f241#0:FAIL-t1. Peer's state: eb7af48d-b4fa-4fc4-8235-6eb858e1f241@group-35252B3F087F:t1, leader=null, voted=null, raftlog=eb7af48d-b4fa-4fc4-8235-6eb858e1f241@group-35252B3F087F-SegmentedRaftLog:OPENED:c-1, conf=-1: [af3b5617-f48d-41e9-a4c5-2957a0e3c3f7|rpc:10.1.0.27:41069|dataStream:|priority:0, eb7af48d-b4fa-4fc4-8235-6eb858e1f241|rpc:10.1.0.27:44069|dataStream:|priority:1, e0b21060-8445-402d-9ae3-38e47ae35866|rpc:10.1.0.27:33113|dataStream:|priority:0], old=null
2022-08-10 20:38:43,497 [grpc-default-executor-3] INFO  server.RaftServer$Division (RaftServerImpl.java:requestVote(1152)) - e0b21060-8445-402d-9ae3-38e47ae35866@group-35252B3F087F: receive requestVote(ELECTION, af3b5617-f48d-41e9-a4c5-2957a0e3c3f7, group-35252B3F087F, 1, (t:0, i:0))
2022-08-10 20:38:43,497 [grpc-default-executor-3] INFO  impl.VoteContext (VoteContext.java:log(48)) - e0b21060-8445-402d-9ae3-38e47ae35866@group-35252B3F087F-FOLLOWER: accept ELECTION from af3b5617-f48d-41e9-a4c5-2957a0e3c3f7: our priority 0 <= candidate's priority 0
2022-08-10 20:38:43,497 [grpc-default-executor-3] INFO  server.RaftServer$Division (RaftServerImpl.java:setRole(299)) - e0b21060-8445-402d-9ae3-38e47ae35866@group-35252B3F087F: changes role from  FOLLOWER to FOLLOWER at term 1 for candidate:af3b5617-f48d-41e9-a4c5-2957a0e3c3f7
2022-08-10 20:38:43,497 [grpc-default-executor-3] INFO  impl.RoleInfo (RoleInfo.java:shutdownFollowerState(110)) - e0b21060-8445-402d-9ae3-38e47ae35866: shutdown e0b21060-8445-402d-9ae3-38e47ae35866@group-35252B3F087F-FollowerState
2022-08-10 20:38:43,497 [grpc-default-executor-3] INFO  impl.RoleInfo (RoleInfo.java:updateAndGet(139)) - e0b21060-8445-402d-9ae3-38e47ae35866: start e0b21060-8445-402d-9ae3-38e47ae35866@group-35252B3F087F-FollowerState
2022-08-10 20:38:43,497 [e0b21060-8445-402d-9ae3-38e47ae35866@group-35252B3F087F-FollowerState] INFO  impl.FollowerState (FollowerState.java:run(152)) - e0b21060-8445-402d-9ae3-38e47ae35866@group-35252B3F087F-FollowerState was interrupted
2022-08-10 20:38:43,499 [af3b5617-f48d-41e9-a4c5-2957a0e3c3f7@group-35252B3F087F-LeaderElection3] INFO  impl.LeaderElection (LeaderElection.java:logAndReturn(90)) - af3b5617-f48d-41e9-a4c5-2957a0e3c3f7@group-35252B3F087F-LeaderElection3: ELECTION REJECTED received 1 response(s) and 0 exception(s):
2022-08-10 20:38:43,501 [af3b5617-f48d-41e9-a4c5-2957a0e3c3f7@group-35252B3F087F-LeaderElection3] INFO  impl.LeaderElection (LeaderElection.java:logAndReturn(94)) -   Response 0: af3b5617-f48d-41e9-a4c5-2957a0e3c3f7<-eb7af48d-b4fa-4fc4-8235-6eb858e1f241#0:FAIL-t1
2022-08-10 20:38:43,501 [af3b5617-f48d-41e9-a4c5-2957a0e3c3f7@group-35252B3F087F-LeaderElection3] INFO  impl.LeaderElection (LeaderElection.java:askForVotes(312)) - af3b5617-f48d-41e9-a4c5-2957a0e3c3f7@group-35252B3F087F-LeaderElection3 ELECTION round 0: result REJECTED
2022-08-10 20:38:43,500 [af3b5617-f48d-41e9-a4c5-2957a0e3c3f7@group-900AEE5CF333-FollowerState] INFO  impl.FollowerState (FollowerState.java:run(143)) - af3b5617-f48d-41e9-a4c5-2957a0e3c3f7@group-900AEE5CF333-FollowerState: change to CANDIDATE, lastRpcElapsedTime:5153611863ns, electionTimeout:5152ms
2022-08-10 20:38:43,501 [af3b5617-f48d-41e9-a4c5-2957a0e3c3f7@group-900AEE5CF333-FollowerState] INFO  impl.RoleInfo (RoleInfo.java:shutdownFollowerState(110)) - af3b5617-f48d-41e9-a4c5-2957a0e3c3f7: shutdown af3b5617-f48d-41e9-a4c5-2957a0e3c3f7@group-900AEE5CF333-FollowerState
2022-08-10 20:38:43,501 [af3b5617-f48d-41e9-a4c5-2957a0e3c3f7@group-900AEE5CF333-FollowerState] INFO  server.RaftServer$Division (RaftServerImpl.java:setRole(299)) - af3b5617-f48d-41e9-a4c5-2957a0e3c3f7@group-900AEE5CF333: changes role from  FOLLOWER to CANDIDATE at term 0 for changeToCandidate
2022-08-10 20:38:43,501 [grpc-default-executor-3] INFO  server.RaftServer$Division (RaftServerImpl.java:requestVote(1184)) - e0b21060-8445-402d-9ae3-38e47ae35866@group-35252B3F087F replies to ELECTION vote request: af3b5617-f48d-41e9-a4c5-2957a0e3c3f7<-e0b21060-8445-402d-9ae3-38e47ae35866#0:OK-t1. Peer's state: e0b21060-8445-402d-9ae3-38e47ae35866@group-35252B3F087F:t1, leader=null, voted=af3b5617-f48d-41e9-a4c5-2957a0e3c3f7, raftlog=e0b21060-8445-402d-9ae3-38e47ae35866@group-35252B3F087F-SegmentedRaftLog:OPENED:c-1, conf=-1: [af3b5617-f48d-41e9-a4c5-2957a0e3c3f7|rpc:10.1.0.27:41069|dataStream:|priority:0, eb7af48d-b4fa-4fc4-8235-6eb858e1f241|rpc:10.1.0.27:44069|dataStream:|priority:1, e0b21060-8445-402d-9ae3-38e47ae35866|rpc:10.1.0.27:33113|dataStream:|priority:0], old=null
2022-08-10 20:38:43,501 [af3b5617-f48d-41e9-a4c5-2957a0e3c3f7@group-35252B3F087F-LeaderElection3] INFO  server.RaftServer$Division (RaftServerImpl.java:setRole(299)) - af3b5617-f48d-41e9-a4c5-2957a0e3c3f7@group-35252B3F087F: changes role from CANDIDATE to FOLLOWER at term 1 for REJECTED
2022-08-10 20:38:43,501 [af3b5617-f48d-41e9-a4c5-2957a0e3c3f7@group-35252B3F087F-LeaderElection3] INFO  impl.RoleInfo (RoleInfo.java:shutdownLeaderElection(130)) - af3b5617-f48d-41e9-a4c5-2957a0e3c3f7: shutdown af3b5617-f48d-41e9-a4c5-2957a0e3c3f7@group-35252B3F087F-LeaderElection3
2022-08-10 20:38:43,501 [af3b5617-f48d-41e9-a4c5-2957a0e3c3f7@group-35252B3F087F-LeaderElection3] INFO  impl.RoleInfo (RoleInfo.java:updateAndGet(139)) - af3b5617-f48d-41e9-a4c5-2957a0e3c3f7: start af3b5617-f48d-41e9-a4c5-2957a0e3c3f7@group-35252B3F087F-FollowerState
2022-08-10 20:38:43,501 [af3b5617-f48d-41e9-a4c5-2957a0e3c3f7@group-900AEE5CF333-FollowerState] INFO  server.RaftServerConfigKeys (ConfUtils.java:logGet(46)) - raft.server.leaderelection.pre-vote = false (custom)
2022-08-10 20:38:43,506 [af3b5617-f48d-41e9-a4c5-2957a0e3c3f7@group-900AEE5CF333-FollowerState] INFO  impl.RoleInfo (RoleInfo.java:updateAndGet(139)) - af3b5617-f48d-41e9-a4c5-2957a0e3c3f7: start af3b5617-f48d-41e9-a4c5-2957a0e3c3f7@group-900AEE5CF333-LeaderElection4
2022-08-10 20:38:43,514 [af3b5617-f48d-41e9-a4c5-2957a0e3c3f7@group-900AEE5CF333-LeaderElection4] INFO  impl.LeaderElection (LeaderElection.java:askForVotes(310)) - af3b5617-f48d-41e9-a4c5-2957a0e3c3f7@group-900AEE5CF333-LeaderElection4 ELECTION round 0: submit vote requests at term 1 for -1: [af3b5617-f48d-41e9-a4c5-2957a0e3c3f7|rpc:10.1.0.27:41069|priority:1], old=null
2022-08-10 20:38:43,514 [af3b5617-f48d-41e9-a4c5-2957a0e3c3f7@group-900AEE5CF333-LeaderElection4] INFO  impl.LeaderElection (LeaderElection.java:askForVotes(312)) - af3b5617-f48d-41e9-a4c5-2957a0e3c3f7@group-900AEE5CF333-LeaderElection4 ELECTION round 0: result PASSED (term=1)
2022-08-10 20:38:43,514 [af3b5617-f48d-41e9-a4c5-2957a0e3c3f7@group-900AEE5CF333-LeaderElection4] INFO  impl.RoleInfo (RoleInfo.java:shutdownLeaderElection(130)) - af3b5617-f48d-41e9-a4c5-2957a0e3c3f7: shutdown af3b5617-f48d-41e9-a4c5-2957a0e3c3f7@group-900AEE5CF333-LeaderElection4
2022-08-10 20:38:43,514 [af3b5617-f48d-41e9-a4c5-2957a0e3c3f7@group-900AEE5CF333-LeaderElection4] INFO  server.RaftServer$Division (RaftServerImpl.java:setRole(299)) - af3b5617-f48d-41e9-a4c5-2957a0e3c3f7@group-900AEE5CF333: changes role from CANDIDATE to LEADER at term 1 for changeToLeader
2022-08-10 20:38:43,514 [af3b5617-f48d-41e9-a4c5-2957a0e3c3f7@group-900AEE5CF333-LeaderElection4] INFO  ratis.XceiverServerRatis (XceiverServerRatis.java:handleLeaderChangedNotification(863)) - Leader change notification received for group: group-900AEE5CF333 with new leaderId: af3b5617-f48d-41e9-a4c5-2957a0e3c3f7
2022-08-10 20:38:43,515 [af3b5617-f48d-41e9-a4c5-2957a0e3c3f7@group-900AEE5CF333-LeaderElection4] INFO  server.RaftServer$Division (ServerState.java:setLeader(287)) - af3b5617-f48d-41e9-a4c5-2957a0e3c3f7@group-900AEE5CF333: change Leader from null to af3b5617-f48d-41e9-a4c5-2957a0e3c3f7 at term 1 for becomeLeader, leader elected after 5183ms
2022-08-10 20:38:43,515 [af3b5617-f48d-41e9-a4c5-2957a0e3c3f7@group-900AEE5CF333-LeaderElection4] INFO  server.RaftServerConfigKeys (ConfUtils.java:logGet(46)) - raft.server.staging.catchup.gap = 1000 (default)
2022-08-10 20:38:43,516 [af3b5617-f48d-41e9-a4c5-2957a0e3c3f7@group-900AEE5CF333-LeaderElection4] INFO  server.RaftServerConfigKeys (ConfUtils.java:logGet(46)) - raft.server.write.element-limit = 1024 (custom)
2022-08-10 20:38:43,516 [af3b5617-f48d-41e9-a4c5-2957a0e3c3f7@group-900AEE5CF333-LeaderElection4] INFO  server.RaftServerConfigKeys (ConfUtils.java:logGet(46)) - raft.server.write.byte-limit = 1024 M (=1073741824) (custom)
2022-08-10 20:38:43,516 [af3b5617-f48d-41e9-a4c5-2957a0e3c3f7@group-900AEE5CF333-LeaderElection4] INFO  server.RaftServerConfigKeys (ConfUtils.java:logGet(46)) - raft.server.watch.timeout = 180s (custom)
2022-08-10 20:38:43,516 [af3b5617-f48d-41e9-a4c5-2957a0e3c3f7@group-900AEE5CF333-LeaderElection4] INFO  server.RaftServerConfigKeys (ConfUtils.java:logGet(46)) - raft.server.watch.timeout.denomination = 1s (default)
2022-08-10 20:38:43,516 [af3b5617-f48d-41e9-a4c5-2957a0e3c3f7@group-900AEE5CF333-LeaderElection4] INFO  server.RaftServerConfigKeys (ConfUtils.java:logGet(46)) - raft.server.watch.element-limit = 65536 (default)
2022-08-10 20:38:43,516 [af3b5617-f48d-41e9-a4c5-2957a0e3c3f7@group-900AEE5CF333-LeaderElection4] INFO  server.RaftServerConfigKeys (ConfUtils.java:logGet(46)) - raft.server.write.element-limit = 1024 (custom)
2022-08-10 20:38:43,516 [af3b5617-f48d-41e9-a4c5-2957a0e3c3f7@group-900AEE5CF333-LeaderElection4] INFO  server.RaftServerConfigKeys (ConfUtils.java:logGet(46)) - raft.server.write.follower.gap.ratio.max = -1.0 (default)
2022-08-10 20:38:43,520 [af3b5617-f48d-41e9-a4c5-2957a0e3c3f7@group-900AEE5CF333-LeaderElection4] INFO  impl.RoleInfo (RoleInfo.java:updateAndGet(139)) - af3b5617-f48d-41e9-a4c5-2957a0e3c3f7: start af3b5617-f48d-41e9-a4c5-2957a0e3c3f7@group-900AEE5CF333-LeaderStateImpl
2022-08-10 20:38:43,520 [af3b5617-f48d-41e9-a4c5-2957a0e3c3f7@group-900AEE5CF333-LeaderElection4] INFO  segmented.SegmentedRaftLogWorker (SegmentedRaftLogWorker.java:startLogSegment(425)) - af3b5617-f48d-41e9-a4c5-2957a0e3c3f7@group-900AEE5CF333-SegmentedRaftLogWorker: Starting segment from index:0
2022-08-10 20:38:43,521 [EventQueue-OpenPipelineForHealthyPipelineSafeModeRule] INFO  safemode.SCMSafeModeManager (HealthyPipelineSafeModeRule.java:process(137)) - SCM in safe mode. Healthy pipelines reported count is 0, required healthy pipeline reported count is 1
2022-08-10 20:38:43,525 [af3b5617-f48d-41e9-a4c5-2957a0e3c3f7@group-900AEE5CF333-SegmentedRaftLogWorker] INFO  segmented.SegmentedRaftLogWorker (SegmentedRaftLogWorker.java:execute(629)) - af3b5617-f48d-41e9-a4c5-2957a0e3c3f7@group-900AEE5CF333-SegmentedRaftLogWorker: created new log segment /home/runner/work/ozone/ozone/hadoop-ozone/integration-test/target/test-dir/MiniOzoneClusterImpl-6b5328db-83be-43cc-b602-c95cfe986a84/datanode-0/data/ratis/ed10c06c-9c9c-40f3-a070-900aee5cf333/current/log_inprogress_0
2022-08-10 20:38:43,525 [af3b5617-f48d-41e9-a4c5-2957a0e3c3f7@group-900AEE5CF333-LeaderElection4] INFO  server.RaftServer$Division (ServerState.java:setRaftConf(393)) - af3b5617-f48d-41e9-a4c5-2957a0e3c3f7@group-900AEE5CF333: set configuration 0: [af3b5617-f48d-41e9-a4c5-2957a0e3c3f7|rpc:10.1.0.27:41069|dataStream:|priority:1], old=null
2022-08-10 20:38:43,593 [af3b5617-f48d-41e9-a4c5-2957a0e3c3f7@group-08AE96FD177A-FollowerState] INFO  impl.FollowerState (FollowerState.java:run(143)) - af3b5617-f48d-41e9-a4c5-2957a0e3c3f7@group-08AE96FD177A-FollowerState: change to CANDIDATE, lastRpcElapsedTime:5024379729ns, electionTimeout:5022ms
2022-08-10 20:38:43,593 [af3b5617-f48d-41e9-a4c5-2957a0e3c3f7@group-08AE96FD177A-FollowerState] INFO  impl.RoleInfo (RoleInfo.java:shutdownFollowerState(110)) - af3b5617-f48d-41e9-a4c5-2957a0e3c3f7: shutdown af3b5617-f48d-41e9-a4c5-2957a0e3c3f7@group-08AE96FD177A-FollowerState
2022-08-10 20:38:43,594 [af3b5617-f48d-41e9-a4c5-2957a0e3c3f7@group-08AE96FD177A-FollowerState] INFO  server.RaftServer$Division (RaftServerImpl.java:setRole(299)) - af3b5617-f48d-41e9-a4c5-2957a0e3c3f7@group-08AE96FD177A: changes role from  FOLLOWER to CANDIDATE at term 0 for changeToCandidate
2022-08-10 20:38:43,594 [af3b5617-f48d-41e9-a4c5-2957a0e3c3f7@group-08AE96FD177A-FollowerState] INFO  server.RaftServerConfigKeys (ConfUtils.java:logGet(46)) - raft.server.leaderelection.pre-vote = false (custom)
2022-08-10 20:38:43,594 [af3b5617-f48d-41e9-a4c5-2957a0e3c3f7@group-08AE96FD177A-FollowerState] INFO  impl.RoleInfo (RoleInfo.java:updateAndGet(139)) - af3b5617-f48d-41e9-a4c5-2957a0e3c3f7: start af3b5617-f48d-41e9-a4c5-2957a0e3c3f7@group-08AE96FD177A-LeaderElection5
2022-08-10 20:38:43,597 [af3b5617-f48d-41e9-a4c5-2957a0e3c3f7@group-08AE96FD177A-LeaderElection5] INFO  impl.LeaderElection (LeaderElection.java:askForVotes(310)) - af3b5617-f48d-41e9-a4c5-2957a0e3c3f7@group-08AE96FD177A-LeaderElection5 ELECTION round 0: submit vote requests at term 1 for -1: [af3b5617-f48d-41e9-a4c5-2957a0e3c3f7|rpc:10.1.0.27:41069|priority:0, eb7af48d-b4fa-4fc4-8235-6eb858e1f241|rpc:10.1.0.27:44069|priority:0, e0b21060-8445-402d-9ae3-38e47ae35866|rpc:10.1.0.27:33113|priority:1], old=null
2022-08-10 20:38:43,603 [grpc-default-executor-0] INFO  server.RaftServer$Division (RaftServerImpl.java:requestVote(1152)) - e0b21060-8445-402d-9ae3-38e47ae35866@group-08AE96FD177A: receive requestVote(ELECTION, af3b5617-f48d-41e9-a4c5-2957a0e3c3f7, group-08AE96FD177A, 1, (t:0, i:0))
2022-08-10 20:38:43,604 [grpc-default-executor-0] INFO  impl.VoteContext (VoteContext.java:log(48)) - e0b21060-8445-402d-9ae3-38e47ae35866@group-08AE96FD177A-FOLLOWER: reject ELECTION from af3b5617-f48d-41e9-a4c5-2957a0e3c3f7: our priority 1 > candidate's priority 0
2022-08-10 20:38:43,604 [grpc-default-executor-0] INFO  server.RaftServer$Division (RaftServerImpl.java:setRole(299)) - e0b21060-8445-402d-9ae3-38e47ae35866@group-08AE96FD177A: changes role from  FOLLOWER to FOLLOWER at term 1 for candidate:af3b5617-f48d-41e9-a4c5-2957a0e3c3f7
2022-08-10 20:38:43,604 [grpc-default-executor-0] INFO  impl.RoleInfo (RoleInfo.java:shutdownFollowerState(110)) - e0b21060-8445-402d-9ae3-38e47ae35866: shutdown e0b21060-8445-402d-9ae3-38e47ae35866@group-08AE96FD177A-FollowerState
2022-08-10 20:38:43,604 [grpc-default-executor-0] INFO  impl.RoleInfo (RoleInfo.java:updateAndGet(139)) - e0b21060-8445-402d-9ae3-38e47ae35866: start e0b21060-8445-402d-9ae3-38e47ae35866@group-08AE96FD177A-FollowerState
2022-08-10 20:38:43,604 [e0b21060-8445-402d-9ae3-38e47ae35866@group-08AE96FD177A-FollowerState] INFO  impl.FollowerState (FollowerState.java:run(152)) - e0b21060-8445-402d-9ae3-38e47ae35866@group-08AE96FD177A-FollowerState was interrupted
2022-08-10 20:38:43,603 [grpc-default-executor-3] INFO  server.RaftServer$Division (RaftServerImpl.java:requestVote(1152)) - eb7af48d-b4fa-4fc4-8235-6eb858e1f241@group-08AE96FD177A: receive requestVote(ELECTION, af3b5617-f48d-41e9-a4c5-2957a0e3c3f7, group-08AE96FD177A, 1, (t:0, i:0))
2022-08-10 20:38:43,605 [grpc-default-executor-3] INFO  impl.VoteContext (VoteContext.java:log(48)) - eb7af48d-b4fa-4fc4-8235-6eb858e1f241@group-08AE96FD177A-FOLLOWER: accept ELECTION from af3b5617-f48d-41e9-a4c5-2957a0e3c3f7: our priority 0 <= candidate's priority 0
2022-08-10 20:38:43,606 [grpc-default-executor-3] INFO  server.RaftServer$Division (RaftServerImpl.java:setRole(299)) - eb7af48d-b4fa-4fc4-8235-6eb858e1f241@group-08AE96FD177A: changes role from  FOLLOWER to FOLLOWER at term 1 for candidate:af3b5617-f48d-41e9-a4c5-2957a0e3c3f7
2022-08-10 20:38:43,606 [grpc-default-executor-3] INFO  impl.RoleInfo (RoleInfo.java:shutdownFollowerState(110)) - eb7af48d-b4fa-4fc4-8235-6eb858e1f241: shutdown eb7af48d-b4fa-4fc4-8235-6eb858e1f241@group-08AE96FD177A-FollowerState
2022-08-10 20:38:43,606 [grpc-default-executor-3] INFO  impl.RoleInfo (RoleInfo.java:updateAndGet(139)) - eb7af48d-b4fa-4fc4-8235-6eb858e1f241: start eb7af48d-b4fa-4fc4-8235-6eb858e1f241@group-08AE96FD177A-FollowerState
2022-08-10 20:38:43,607 [eb7af48d-b4fa-4fc4-8235-6eb858e1f241@group-08AE96FD177A-FollowerState] INFO  impl.FollowerState (FollowerState.java:run(152)) - eb7af48d-b4fa-4fc4-8235-6eb858e1f241@group-08AE96FD177A-FollowerState was interrupted
2022-08-10 20:38:43,608 [grpc-default-executor-0] INFO  server.RaftServer$Division (RaftServerImpl.java:requestVote(1184)) - e0b21060-8445-402d-9ae3-38e47ae35866@group-08AE96FD177A replies to ELECTION vote request: af3b5617-f48d-41e9-a4c5-2957a0e3c3f7<-e0b21060-8445-402d-9ae3-38e47ae35866#0:FAIL-t1. Peer's state: e0b21060-8445-402d-9ae3-38e47ae35866@group-08AE96FD177A:t1, leader=null, voted=null, raftlog=e0b21060-8445-402d-9ae3-38e47ae35866@group-08AE96FD177A-SegmentedRaftLog:OPENED:c-1, conf=-1: [af3b5617-f48d-41e9-a4c5-2957a0e3c3f7|rpc:10.1.0.27:41069|dataStream:|priority:0, eb7af48d-b4fa-4fc4-8235-6eb858e1f241|rpc:10.1.0.27:44069|dataStream:|priority:0, e0b21060-8445-402d-9ae3-38e47ae35866|rpc:10.1.0.27:33113|dataStream:|priority:1], old=null
2022-08-10 20:38:43,610 [grpc-default-executor-3] INFO  server.RaftServer$Division (RaftServerImpl.java:requestVote(1184)) - eb7af48d-b4fa-4fc4-8235-6eb858e1f241@group-08AE96FD177A replies to ELECTION vote request: af3b5617-f48d-41e9-a4c5-2957a0e3c3f7<-eb7af48d-b4fa-4fc4-8235-6eb858e1f241#0:OK-t1. Peer's state: eb7af48d-b4fa-4fc4-8235-6eb858e1f241@group-08AE96FD177A:t1, leader=null, voted=af3b5617-f48d-41e9-a4c5-2957a0e3c3f7, raftlog=eb7af48d-b4fa-4fc4-8235-6eb858e1f241@group-08AE96FD177A-SegmentedRaftLog:OPENED:c-1, conf=-1: [af3b5617-f48d-41e9-a4c5-2957a0e3c3f7|rpc:10.1.0.27:41069|dataStream:|priority:0, eb7af48d-b4fa-4fc4-8235-6eb858e1f241|rpc:10.1.0.27:44069|dataStream:|priority:0, e0b21060-8445-402d-9ae3-38e47ae35866|rpc:10.1.0.27:33113|dataStream:|priority:1], old=null
2022-08-10 20:38:43,611 [af3b5617-f48d-41e9-a4c5-2957a0e3c3f7@group-08AE96FD177A-LeaderElection5] INFO  impl.LeaderElection (LeaderElection.java:logAndReturn(90)) - af3b5617-f48d-41e9-a4c5-2957a0e3c3f7@group-08AE96FD177A-LeaderElection5: ELECTION REJECTED received 1 response(s) and 0 exception(s):
2022-08-10 20:38:43,612 [af3b5617-f48d-41e9-a4c5-2957a0e3c3f7@group-08AE96FD177A-LeaderElection5] INFO  impl.LeaderElection (LeaderElection.java:logAndReturn(94)) -   Response 0: af3b5617-f48d-41e9-a4c5-2957a0e3c3f7<-e0b21060-8445-402d-9ae3-38e47ae35866#0:FAIL-t1
2022-08-10 20:38:43,612 [af3b5617-f48d-41e9-a4c5-2957a0e3c3f7@group-08AE96FD177A-LeaderElection5] INFO  impl.LeaderElection (LeaderElection.java:askForVotes(312)) - af3b5617-f48d-41e9-a4c5-2957a0e3c3f7@group-08AE96FD177A-LeaderElection5 ELECTION round 0: result REJECTED
2022-08-10 20:38:43,612 [af3b5617-f48d-41e9-a4c5-2957a0e3c3f7@group-08AE96FD177A-LeaderElection5] INFO  server.RaftServer$Division (RaftServerImpl.java:setRole(299)) - af3b5617-f48d-41e9-a4c5-2957a0e3c3f7@group-08AE96FD177A: changes role from CANDIDATE to FOLLOWER at term 1 for REJECTED
2022-08-10 20:38:43,612 [af3b5617-f48d-41e9-a4c5-2957a0e3c3f7@group-08AE96FD177A-LeaderElection5] INFO  impl.RoleInfo (RoleInfo.java:shutdownLeaderElection(130)) - af3b5617-f48d-41e9-a4c5-2957a0e3c3f7: shutdown af3b5617-f48d-41e9-a4c5-2957a0e3c3f7@group-08AE96FD177A-LeaderElection5
2022-08-10 20:38:43,612 [af3b5617-f48d-41e9-a4c5-2957a0e3c3f7@group-08AE96FD177A-LeaderElection5] INFO  impl.RoleInfo (RoleInfo.java:updateAndGet(139)) - af3b5617-f48d-41e9-a4c5-2957a0e3c3f7: start af3b5617-f48d-41e9-a4c5-2957a0e3c3f7@group-08AE96FD177A-FollowerState
2022-08-10 20:38:43,704 [eb7af48d-b4fa-4fc4-8235-6eb858e1f241@group-5E7424B08050-FollowerState] INFO  impl.FollowerState (FollowerState.java:run(143)) - eb7af48d-b4fa-4fc4-8235-6eb858e1f241@group-5E7424B08050-FollowerState: change to CANDIDATE, lastRpcElapsedTime:5037466290ns, electionTimeout:5037ms
2022-08-10 20:38:43,705 [eb7af48d-b4fa-4fc4-8235-6eb858e1f241@group-5E7424B08050-FollowerState] INFO  impl.RoleInfo (RoleInfo.java:shutdownFollowerState(110)) - eb7af48d-b4fa-4fc4-8235-6eb858e1f241: shutdown eb7af48d-b4fa-4fc4-8235-6eb858e1f241@group-5E7424B08050-FollowerState
2022-08-10 20:38:43,705 [eb7af48d-b4fa-4fc4-8235-6eb858e1f241@group-5E7424B08050-FollowerState] INFO  server.RaftServer$Division (RaftServerImpl.java:setRole(299)) - eb7af48d-b4fa-4fc4-8235-6eb858e1f241@group-5E7424B08050: changes role from  FOLLOWER to CANDIDATE at term 0 for changeToCandidate
2022-08-10 20:38:43,705 [eb7af48d-b4fa-4fc4-8235-6eb858e1f241@group-5E7424B08050-FollowerState] INFO  server.RaftServerConfigKeys (ConfUtils.java:logGet(46)) - raft.server.leaderelection.pre-vote = false (custom)
2022-08-10 20:38:43,705 [eb7af48d-b4fa-4fc4-8235-6eb858e1f241@group-5E7424B08050-FollowerState] INFO  impl.RoleInfo (RoleInfo.java:updateAndGet(139)) - eb7af48d-b4fa-4fc4-8235-6eb858e1f241: start eb7af48d-b4fa-4fc4-8235-6eb858e1f241@group-5E7424B08050-LeaderElection6
2022-08-10 20:38:43,708 [eb7af48d-b4fa-4fc4-8235-6eb858e1f241@group-5E7424B08050-LeaderElection6] INFO  impl.LeaderElection (LeaderElection.java:askForVotes(310)) - eb7af48d-b4fa-4fc4-8235-6eb858e1f241@group-5E7424B08050-LeaderElection6 ELECTION round 0: submit vote requests at term 1 for -1: [eb7af48d-b4fa-4fc4-8235-6eb858e1f241|rpc:10.1.0.27:44069|priority:1], old=null
2022-08-10 20:38:43,708 [eb7af48d-b4fa-4fc4-8235-6eb858e1f241@group-5E7424B08050-LeaderElection6] INFO  impl.LeaderElection (LeaderElection.java:askForVotes(312)) - eb7af48d-b4fa-4fc4-8235-6eb858e1f241@group-5E7424B08050-LeaderElection6 ELECTION round 0: result PASSED (term=1)
2022-08-10 20:38:43,708 [eb7af48d-b4fa-4fc4-8235-6eb858e1f241@group-5E7424B08050-LeaderElection6] INFO  impl.RoleInfo (RoleInfo.java:shutdownLeaderElection(130)) - eb7af48d-b4fa-4fc4-8235-6eb858e1f241: shutdown eb7af48d-b4fa-4fc4-8235-6eb858e1f241@group-5E7424B08050-LeaderElection6
2022-08-10 20:38:43,708 [eb7af48d-b4fa-4fc4-8235-6eb858e1f241@group-5E7424B08050-LeaderElection6] INFO  server.RaftServer$Division (RaftServerImpl.java:setRole(299)) - eb7af48d-b4fa-4fc4-8235-6eb858e1f241@group-5E7424B08050: changes role from CANDIDATE to LEADER at term 1 for changeToLeader
2022-08-10 20:38:43,708 [eb7af48d-b4fa-4fc4-8235-6eb858e1f241@group-5E7424B08050-LeaderElection6] INFO  ratis.XceiverServerRatis (XceiverServerRatis.java:handleLeaderChangedNotification(863)) - Leader change notification received for group: group-5E7424B08050 with new leaderId: eb7af48d-b4fa-4fc4-8235-6eb858e1f241
2022-08-10 20:38:43,709 [eb7af48d-b4fa-4fc4-8235-6eb858e1f241@group-5E7424B08050-LeaderElection6] INFO  server.RaftServer$Division (ServerState.java:setLeader(287)) - eb7af48d-b4fa-4fc4-8235-6eb858e1f241@group-5E7424B08050: change Leader from null to eb7af48d-b4fa-4fc4-8235-6eb858e1f241 at term 1 for becomeLeader, leader elected after 5050ms
2022-08-10 20:38:43,709 [eb7af48d-b4fa-4fc4-8235-6eb858e1f241@group-5E7424B08050-LeaderElection6] INFO  server.RaftServerConfigKeys (ConfUtils.java:logGet(46)) - raft.server.staging.catchup.gap = 1000 (default)
2022-08-10 20:38:43,712 [eb7af48d-b4fa-4fc4-8235-6eb858e1f241@group-5E7424B08050-LeaderElection6] INFO  server.RaftServerConfigKeys (ConfUtils.java:logGet(46)) - raft.server.write.element-limit = 1024 (custom)
2022-08-10 20:38:43,713 [eb7af48d-b4fa-4fc4-8235-6eb858e1f241@group-5E7424B08050-LeaderElection6] INFO  server.RaftServerConfigKeys (ConfUtils.java:logGet(46)) - raft.server.write.byte-limit = 1024 M (=1073741824) (custom)
2022-08-10 20:38:43,713 [eb7af48d-b4fa-4fc4-8235-6eb858e1f241@group-5E7424B08050-LeaderElection6] INFO  server.RaftServerConfigKeys (ConfUtils.java:logGet(46)) - raft.server.watch.timeout = 180s (custom)
2022-08-10 20:38:43,713 [eb7af48d-b4fa-4fc4-8235-6eb858e1f241@group-5E7424B08050-LeaderElection6] INFO  server.RaftServerConfigKeys (ConfUtils.java:logGet(46)) - raft.server.watch.timeout.denomination = 1s (default)
2022-08-10 20:38:43,713 [eb7af48d-b4fa-4fc4-8235-6eb858e1f241@group-5E7424B08050-LeaderElection6] INFO  server.RaftServerConfigKeys (ConfUtils.java:logGet(46)) - raft.server.watch.element-limit = 65536 (default)
2022-08-10 20:38:43,714 [eb7af48d-b4fa-4fc4-8235-6eb858e1f241@group-5E7424B08050-LeaderElection6] INFO  server.RaftServerConfigKeys (ConfUtils.java:logGet(46)) - raft.server.write.element-limit = 1024 (custom)
2022-08-10 20:38:43,714 [eb7af48d-b4fa-4fc4-8235-6eb858e1f241@group-5E7424B08050-LeaderElection6] INFO  server.RaftServerConfigKeys (ConfUtils.java:logGet(46)) - raft.server.write.follower.gap.ratio.max = -1.0 (default)
2022-08-10 20:38:43,714 [eb7af48d-b4fa-4fc4-8235-6eb858e1f241@group-5E7424B08050-LeaderElection6] INFO  impl.RoleInfo (RoleInfo.java:updateAndGet(139)) - eb7af48d-b4fa-4fc4-8235-6eb858e1f241: start eb7af48d-b4fa-4fc4-8235-6eb858e1f241@group-5E7424B08050-LeaderStateImpl
2022-08-10 20:38:43,714 [eb7af48d-b4fa-4fc4-8235-6eb858e1f241@group-5E7424B08050-LeaderElection6] INFO  segmented.SegmentedRaftLogWorker (SegmentedRaftLogWorker.java:startLogSegment(425)) - eb7af48d-b4fa-4fc4-8235-6eb858e1f241@group-5E7424B08050-SegmentedRaftLogWorker: Starting segment from index:0
2022-08-10 20:38:43,715 [EventQueue-OpenPipelineForHealthyPipelineSafeModeRule] INFO  safemode.SCMSafeModeManager (HealthyPipelineSafeModeRule.java:process(137)) - SCM in safe mode. Healthy pipelines reported count is 0, required healthy pipeline reported count is 1
2022-08-10 20:38:43,715 [eb7af48d-b4fa-4fc4-8235-6eb858e1f241@group-5E7424B08050-SegmentedRaftLogWorker] INFO  segmented.SegmentedRaftLogWorker (SegmentedRaftLogWorker.java:execute(629)) - eb7af48d-b4fa-4fc4-8235-6eb858e1f241@group-5E7424B08050-SegmentedRaftLogWorker: created new log segment /home/runner/work/ozone/ozone/hadoop-ozone/integration-test/target/test-dir/MiniOzoneClusterImpl-6b5328db-83be-43cc-b602-c95cfe986a84/datanode-1/data/ratis/1c873e21-45d4-40e4-9130-5e7424b08050/current/log_inprogress_0
2022-08-10 20:38:43,720 [eb7af48d-b4fa-4fc4-8235-6eb858e1f241@group-5E7424B08050-LeaderElection6] INFO  server.RaftServer$Division (ServerState.java:setRaftConf(393)) - eb7af48d-b4fa-4fc4-8235-6eb858e1f241@group-5E7424B08050: set configuration 0: [eb7af48d-b4fa-4fc4-8235-6eb858e1f241|rpc:10.1.0.27:44069|dataStream:|priority:1], old=null
2022-08-10 20:38:43,967 [Listener at 127.0.0.1/39139] INFO  ozone.MiniOzoneClusterImpl (MiniOzoneClusterImpl.java:lambda$waitForClusterToBeReady$0(216)) - Nodes are ready. Got 3 of 3 DN Heartbeats.
2022-08-10 20:38:43,967 [Listener at 127.0.0.1/39139] INFO  ozone.MiniOzoneClusterImpl (MiniOzoneClusterImpl.java:lambda$waitForClusterToBeReady$0(219)) - Waiting for cluster to exit safe mode
2022-08-10 20:38:43,967 [Listener at 127.0.0.1/39139] INFO  ozone.MiniOzoneClusterImpl (MiniOzoneClusterImpl.java:lambda$waitForClusterToBeReady$0(221)) - SCM became leader
2022-08-10 20:38:44,176 [e0b21060-8445-402d-9ae3-38e47ae35866@group-7294A4F35385-FollowerState] INFO  impl.FollowerState (FollowerState.java:run(143)) - e0b21060-8445-402d-9ae3-38e47ae35866@group-7294A4F35385-FollowerState: change to CANDIDATE, lastRpcElapsedTime:5197030687ns, electionTimeout:5191ms
2022-08-10 20:38:44,176 [e0b21060-8445-402d-9ae3-38e47ae35866@group-7294A4F35385-FollowerState] INFO  impl.RoleInfo (RoleInfo.java:shutdownFollowerState(110)) - e0b21060-8445-402d-9ae3-38e47ae35866: shutdown e0b21060-8445-402d-9ae3-38e47ae35866@group-7294A4F35385-FollowerState
2022-08-10 20:38:44,177 [e0b21060-8445-402d-9ae3-38e47ae35866@group-7294A4F35385-FollowerState] INFO  server.RaftServer$Division (RaftServerImpl.java:setRole(299)) - e0b21060-8445-402d-9ae3-38e47ae35866@group-7294A4F35385: changes role from  FOLLOWER to CANDIDATE at term 0 for changeToCandidate
2022-08-10 20:38:44,177 [e0b21060-8445-402d-9ae3-38e47ae35866@group-7294A4F35385-FollowerState] INFO  server.RaftServerConfigKeys (ConfUtils.java:logGet(46)) - raft.server.leaderelection.pre-vote = false (custom)
2022-08-10 20:38:44,177 [e0b21060-8445-402d-9ae3-38e47ae35866@group-7294A4F35385-FollowerState] INFO  impl.RoleInfo (RoleInfo.java:updateAndGet(139)) - e0b21060-8445-402d-9ae3-38e47ae35866: start e0b21060-8445-402d-9ae3-38e47ae35866@group-7294A4F35385-LeaderElection7
2022-08-10 20:38:44,181 [e0b21060-8445-402d-9ae3-38e47ae35866@group-7294A4F35385-LeaderElection7] INFO  impl.LeaderElection (LeaderElection.java:askForVotes(310)) - e0b21060-8445-402d-9ae3-38e47ae35866@group-7294A4F35385-LeaderElection7 ELECTION round 0: submit vote requests at term 1 for -1: [e0b21060-8445-402d-9ae3-38e47ae35866|rpc:10.1.0.27:33113|priority:1], old=null
2022-08-10 20:38:44,181 [e0b21060-8445-402d-9ae3-38e47ae35866@group-7294A4F35385-LeaderElection7] INFO  impl.LeaderElection (LeaderElection.java:askForVotes(312)) - e0b21060-8445-402d-9ae3-38e47ae35866@group-7294A4F35385-LeaderElection7 ELECTION round 0: result PASSED (term=1)
2022-08-10 20:38:44,181 [e0b21060-8445-402d-9ae3-38e47ae35866@group-7294A4F35385-LeaderElection7] INFO  impl.RoleInfo (RoleInfo.java:shutdownLeaderElection(130)) - e0b21060-8445-402d-9ae3-38e47ae35866: shutdown e0b21060-8445-402d-9ae3-38e47ae35866@group-7294A4F35385-LeaderElection7
2022-08-10 20:38:44,181 [e0b21060-8445-402d-9ae3-38e47ae35866@group-7294A4F35385-LeaderElection7] INFO  server.RaftServer$Division (RaftServerImpl.java:setRole(299)) - e0b21060-8445-402d-9ae3-38e47ae35866@group-7294A4F35385: changes role from CANDIDATE to LEADER at term 1 for changeToLeader
2022-08-10 20:38:44,181 [e0b21060-8445-402d-9ae3-38e47ae35866@group-7294A4F35385-LeaderElection7] INFO  ratis.XceiverServerRatis (XceiverServerRatis.java:handleLeaderChangedNotification(863)) - Leader change notification received for group: group-7294A4F35385 with new leaderId: e0b21060-8445-402d-9ae3-38e47ae35866
2022-08-10 20:38:44,182 [e0b21060-8445-402d-9ae3-38e47ae35866@group-7294A4F35385-LeaderElection7] INFO  server.RaftServer$Division (ServerState.java:setLeader(287)) - e0b21060-8445-402d-9ae3-38e47ae35866@group-7294A4F35385: change Leader from null to e0b21060-8445-402d-9ae3-38e47ae35866 at term 1 for becomeLeader, leader elected after 5211ms
2022-08-10 20:38:44,182 [e0b21060-8445-402d-9ae3-38e47ae35866@group-7294A4F35385-LeaderElection7] INFO  server.RaftServerConfigKeys (ConfUtils.java:logGet(46)) - raft.server.staging.catchup.gap = 1000 (default)
2022-08-10 20:38:44,182 [e0b21060-8445-402d-9ae3-38e47ae35866@group-7294A4F35385-LeaderElection7] INFO  server.RaftServerConfigKeys (ConfUtils.java:logGet(46)) - raft.server.write.element-limit = 1024 (custom)
2022-08-10 20:38:44,182 [e0b21060-8445-402d-9ae3-38e47ae35866@group-7294A4F35385-LeaderElection7] INFO  server.RaftServerConfigKeys (ConfUtils.java:logGet(46)) - raft.server.write.byte-limit = 1024 M (=1073741824) (custom)
2022-08-10 20:38:44,185 [EventQueue-OpenPipelineForHealthyPipelineSafeModeRule] INFO  safemode.SCMSafeModeManager (HealthyPipelineSafeModeRule.java:process(137)) - SCM in safe mode. Healthy pipelines reported count is 0, required healthy pipeline reported count is 1
2022-08-10 20:38:44,186 [e0b21060-8445-402d-9ae3-38e47ae35866@group-7294A4F35385-LeaderElection7] INFO  server.RaftServerConfigKeys (ConfUtils.java:logGet(46)) - raft.server.watch.timeout = 180s (custom)
2022-08-10 20:38:44,186 [e0b21060-8445-402d-9ae3-38e47ae35866@group-7294A4F35385-LeaderElection7] INFO  server.RaftServerConfigKeys (ConfUtils.java:logGet(46)) - raft.server.watch.timeout.denomination = 1s (default)
2022-08-10 20:38:44,186 [e0b21060-8445-402d-9ae3-38e47ae35866@group-7294A4F35385-LeaderElection7] INFO  server.RaftServerConfigKeys (ConfUtils.java:logGet(46)) - raft.server.watch.element-limit = 65536 (default)
2022-08-10 20:38:44,186 [e0b21060-8445-402d-9ae3-38e47ae35866@group-7294A4F35385-LeaderElection7] INFO  server.RaftServerConfigKeys (ConfUtils.java:logGet(46)) - raft.server.write.element-limit = 1024 (custom)
2022-08-10 20:38:44,186 [e0b21060-8445-402d-9ae3-38e47ae35866@group-7294A4F35385-LeaderElection7] INFO  server.RaftServerConfigKeys (ConfUtils.java:logGet(46)) - raft.server.write.follower.gap.ratio.max = -1.0 (default)
2022-08-10 20:38:44,186 [e0b21060-8445-402d-9ae3-38e47ae35866@group-7294A4F35385-LeaderElection7] INFO  impl.RoleInfo (RoleInfo.java:updateAndGet(139)) - e0b21060-8445-402d-9ae3-38e47ae35866: start e0b21060-8445-402d-9ae3-38e47ae35866@group-7294A4F35385-LeaderStateImpl
2022-08-10 20:38:44,186 [e0b21060-8445-402d-9ae3-38e47ae35866@group-7294A4F35385-LeaderElection7] INFO  segmented.SegmentedRaftLogWorker (SegmentedRaftLogWorker.java:startLogSegment(425)) - e0b21060-8445-402d-9ae3-38e47ae35866@group-7294A4F35385-SegmentedRaftLogWorker: Starting segment from index:0
2022-08-10 20:38:44,188 [e0b21060-8445-402d-9ae3-38e47ae35866@group-7294A4F35385-SegmentedRaftLogWorker] INFO  segmented.SegmentedRaftLogWorker (SegmentedRaftLogWorker.java:execute(629)) - e0b21060-8445-402d-9ae3-38e47ae35866@group-7294A4F35385-SegmentedRaftLogWorker: created new log segment /home/runner/work/ozone/ozone/hadoop-ozone/integration-test/target/test-dir/MiniOzoneClusterImpl-6b5328db-83be-43cc-b602-c95cfe986a84/datanode-2/data/ratis/789c805c-925e-4daf-921c-7294a4f35385/current/log_inprogress_0
2022-08-10 20:38:44,188 [e0b21060-8445-402d-9ae3-38e47ae35866@group-7294A4F35385-LeaderElection7] INFO  server.RaftServer$Division (ServerState.java:setRaftConf(393)) - e0b21060-8445-402d-9ae3-38e47ae35866@group-7294A4F35385: set configuration 0: [e0b21060-8445-402d-9ae3-38e47ae35866|rpc:10.1.0.27:33113|dataStream:|priority:1], old=null
2022-08-10 20:38:44,968 [Listener at 127.0.0.1/39139] INFO  ozone.MiniOzoneClusterImpl (MiniOzoneClusterImpl.java:lambda$waitForClusterToBeReady$0(216)) - Nodes are ready. Got 3 of 3 DN Heartbeats.
2022-08-10 20:38:44,968 [Listener at 127.0.0.1/39139] INFO  ozone.MiniOzoneClusterImpl (MiniOzoneClusterImpl.java:lambda$waitForClusterToBeReady$0(219)) - Waiting for cluster to exit safe mode
2022-08-10 20:38:44,968 [Listener at 127.0.0.1/39139] INFO  ozone.MiniOzoneClusterImpl (MiniOzoneClusterImpl.java:lambda$waitForClusterToBeReady$0(221)) - SCM became leader
2022-08-10 20:38:45,969 [Listener at 127.0.0.1/39139] INFO  ozone.MiniOzoneClusterImpl (MiniOzoneClusterImpl.java:lambda$waitForClusterToBeReady$0(216)) - Nodes are ready. Got 3 of 3 DN Heartbeats.
2022-08-10 20:38:45,969 [Listener at 127.0.0.1/39139] INFO  ozone.MiniOzoneClusterImpl (MiniOzoneClusterImpl.java:lambda$waitForClusterToBeReady$0(219)) - Waiting for cluster to exit safe mode
2022-08-10 20:38:45,969 [Listener at 127.0.0.1/39139] INFO  ozone.MiniOzoneClusterImpl (MiniOzoneClusterImpl.java:lambda$waitForClusterToBeReady$0(221)) - SCM became leader
2022-08-10 20:38:46,969 [Listener at 127.0.0.1/39139] INFO  ozone.MiniOzoneClusterImpl (MiniOzoneClusterImpl.java:lambda$waitForClusterToBeReady$0(216)) - Nodes are ready. Got 3 of 3 DN Heartbeats.
2022-08-10 20:38:46,970 [Listener at 127.0.0.1/39139] INFO  ozone.MiniOzoneClusterImpl (MiniOzoneClusterImpl.java:lambda$waitForClusterToBeReady$0(219)) - Waiting for cluster to exit safe mode
2022-08-10 20:38:46,970 [Listener at 127.0.0.1/39139] INFO  ozone.MiniOzoneClusterImpl (MiniOzoneClusterImpl.java:lambda$waitForClusterToBeReady$0(221)) - SCM became leader
2022-08-10 20:38:47,970 [Listener at 127.0.0.1/39139] INFO  ozone.MiniOzoneClusterImpl (MiniOzoneClusterImpl.java:lambda$waitForClusterToBeReady$0(216)) - Nodes are ready. Got 3 of 3 DN Heartbeats.
2022-08-10 20:38:47,971 [Listener at 127.0.0.1/39139] INFO  ozone.MiniOzoneClusterImpl (MiniOzoneClusterImpl.java:lambda$waitForClusterToBeReady$0(219)) - Waiting for cluster to exit safe mode
2022-08-10 20:38:47,971 [Listener at 127.0.0.1/39139] INFO  ozone.MiniOzoneClusterImpl (MiniOzoneClusterImpl.java:lambda$waitForClusterToBeReady$0(221)) - SCM became leader
2022-08-10 20:38:48,611 [eb7af48d-b4fa-4fc4-8235-6eb858e1f241@group-35252B3F087F-FollowerState] INFO  impl.FollowerState (FollowerState.java:run(143)) - eb7af48d-b4fa-4fc4-8235-6eb858e1f241@group-35252B3F087F-FollowerState: change to CANDIDATE, lastRpcElapsedTime:5119358576ns, electionTimeout:5116ms
2022-08-10 20:38:48,611 [eb7af48d-b4fa-4fc4-8235-6eb858e1f241@group-35252B3F087F-FollowerState] INFO  impl.RoleInfo (RoleInfo.java:shutdownFollowerState(110)) - eb7af48d-b4fa-4fc4-8235-6eb858e1f241: shutdown eb7af48d-b4fa-4fc4-8235-6eb858e1f241@group-35252B3F087F-FollowerState
2022-08-10 20:38:48,611 [eb7af48d-b4fa-4fc4-8235-6eb858e1f241@group-35252B3F087F-FollowerState] INFO  server.RaftServer$Division (RaftServerImpl.java:setRole(299)) - eb7af48d-b4fa-4fc4-8235-6eb858e1f241@group-35252B3F087F: changes role from  FOLLOWER to CANDIDATE at term 1 for changeToCandidate
2022-08-10 20:38:48,612 [eb7af48d-b4fa-4fc4-8235-6eb858e1f241@group-35252B3F087F-FollowerState] INFO  server.RaftServerConfigKeys (ConfUtils.java:logGet(46)) - raft.server.leaderelection.pre-vote = false (custom)
2022-08-10 20:38:48,612 [eb7af48d-b4fa-4fc4-8235-6eb858e1f241@group-35252B3F087F-FollowerState] INFO  impl.RoleInfo (RoleInfo.java:updateAndGet(139)) - eb7af48d-b4fa-4fc4-8235-6eb858e1f241: start eb7af48d-b4fa-4fc4-8235-6eb858e1f241@group-35252B3F087F-LeaderElection8
2022-08-10 20:38:48,616 [eb7af48d-b4fa-4fc4-8235-6eb858e1f241@group-35252B3F087F-LeaderElection8] INFO  impl.LeaderElection (LeaderElection.java:askForVotes(310)) - eb7af48d-b4fa-4fc4-8235-6eb858e1f241@group-35252B3F087F-LeaderElection8 ELECTION round 0: submit vote requests at term 2 for -1: [af3b5617-f48d-41e9-a4c5-2957a0e3c3f7|rpc:10.1.0.27:41069|dataStream:|priority:0, eb7af48d-b4fa-4fc4-8235-6eb858e1f241|rpc:10.1.0.27:44069|dataStream:|priority:1, e0b21060-8445-402d-9ae3-38e47ae35866|rpc:10.1.0.27:33113|dataStream:|priority:0], old=null
2022-08-10 20:38:48,647 [grpc-default-executor-3] INFO  server.RaftServer$Division (RaftServerImpl.java:requestVote(1152)) - e0b21060-8445-402d-9ae3-38e47ae35866@group-35252B3F087F: receive requestVote(ELECTION, eb7af48d-b4fa-4fc4-8235-6eb858e1f241, group-35252B3F087F, 2, (t:0, i:0))
2022-08-10 20:38:48,647 [grpc-default-executor-0] INFO  server.RaftServer$Division (RaftServerImpl.java:requestVote(1152)) - af3b5617-f48d-41e9-a4c5-2957a0e3c3f7@group-35252B3F087F: receive requestVote(ELECTION, eb7af48d-b4fa-4fc4-8235-6eb858e1f241, group-35252B3F087F, 2, (t:0, i:0))
2022-08-10 20:38:48,647 [grpc-default-executor-3] INFO  impl.VoteContext (VoteContext.java:log(48)) - e0b21060-8445-402d-9ae3-38e47ae35866@group-35252B3F087F-FOLLOWER: accept ELECTION from eb7af48d-b4fa-4fc4-8235-6eb858e1f241: our priority 0 <= candidate's priority 1
2022-08-10 20:38:48,648 [grpc-default-executor-0] INFO  impl.VoteContext (VoteContext.java:log(48)) - af3b5617-f48d-41e9-a4c5-2957a0e3c3f7@group-35252B3F087F-FOLLOWER: accept ELECTION from eb7af48d-b4fa-4fc4-8235-6eb858e1f241: our priority 0 <= candidate's priority 1
2022-08-10 20:38:48,648 [grpc-default-executor-3] INFO  server.RaftServer$Division (RaftServerImpl.java:setRole(299)) - e0b21060-8445-402d-9ae3-38e47ae35866@group-35252B3F087F: changes role from  FOLLOWER to FOLLOWER at term 2 for candidate:eb7af48d-b4fa-4fc4-8235-6eb858e1f241
2022-08-10 20:38:48,648 [grpc-default-executor-0] INFO  server.RaftServer$Division (RaftServerImpl.java:setRole(299)) - af3b5617-f48d-41e9-a4c5-2957a0e3c3f7@group-35252B3F087F: changes role from  FOLLOWER to FOLLOWER at term 2 for candidate:eb7af48d-b4fa-4fc4-8235-6eb858e1f241
2022-08-10 20:38:48,648 [grpc-default-executor-3] INFO  impl.RoleInfo (RoleInfo.java:shutdownFollowerState(110)) - e0b21060-8445-402d-9ae3-38e47ae35866: shutdown e0b21060-8445-402d-9ae3-38e47ae35866@group-35252B3F087F-FollowerState
2022-08-10 20:38:48,648 [grpc-default-executor-0] INFO  impl.RoleInfo (RoleInfo.java:shutdownFollowerState(110)) - af3b5617-f48d-41e9-a4c5-2957a0e3c3f7: shutdown af3b5617-f48d-41e9-a4c5-2957a0e3c3f7@group-35252B3F087F-FollowerState
2022-08-10 20:38:48,648 [grpc-default-executor-3] INFO  impl.RoleInfo (RoleInfo.java:updateAndGet(139)) - e0b21060-8445-402d-9ae3-38e47ae35866: start e0b21060-8445-402d-9ae3-38e47ae35866@group-35252B3F087F-FollowerState
2022-08-10 20:38:48,648 [grpc-default-executor-0] INFO  impl.RoleInfo (RoleInfo.java:updateAndGet(139)) - af3b5617-f48d-41e9-a4c5-2957a0e3c3f7: start af3b5617-f48d-41e9-a4c5-2957a0e3c3f7@group-35252B3F087F-FollowerState
2022-08-10 20:38:48,648 [e0b21060-8445-402d-9ae3-38e47ae35866@group-35252B3F087F-FollowerState] INFO  impl.FollowerState (FollowerState.java:run(152)) - e0b21060-8445-402d-9ae3-38e47ae35866@group-35252B3F087F-FollowerState was interrupted
2022-08-10 20:38:48,648 [af3b5617-f48d-41e9-a4c5-2957a0e3c3f7@group-35252B3F087F-FollowerState] INFO  impl.FollowerState (FollowerState.java:run(152)) - af3b5617-f48d-41e9-a4c5-2957a0e3c3f7@group-35252B3F087F-FollowerState was interrupted
2022-08-10 20:38:48,659 [grpc-default-executor-0] INFO  server.RaftServer$Division (RaftServerImpl.java:requestVote(1184)) - af3b5617-f48d-41e9-a4c5-2957a0e3c3f7@group-35252B3F087F replies to ELECTION vote request: eb7af48d-b4fa-4fc4-8235-6eb858e1f241<-af3b5617-f48d-41e9-a4c5-2957a0e3c3f7#0:OK-t2. Peer's state: af3b5617-f48d-41e9-a4c5-2957a0e3c3f7@group-35252B3F087F:t2, leader=null, voted=eb7af48d-b4fa-4fc4-8235-6eb858e1f241, raftlog=af3b5617-f48d-41e9-a4c5-2957a0e3c3f7@group-35252B3F087F-SegmentedRaftLog:OPENED:c-1, conf=-1: [af3b5617-f48d-41e9-a4c5-2957a0e3c3f7|rpc:10.1.0.27:41069|priority:0, eb7af48d-b4fa-4fc4-8235-6eb858e1f241|rpc:10.1.0.27:44069|priority:1, e0b21060-8445-402d-9ae3-38e47ae35866|rpc:10.1.0.27:33113|priority:0], old=null
2022-08-10 20:38:48,661 [eb7af48d-b4fa-4fc4-8235-6eb858e1f241@group-35252B3F087F-LeaderElection8] INFO  impl.LeaderElection (LeaderElection.java:logAndReturn(90)) - eb7af48d-b4fa-4fc4-8235-6eb858e1f241@group-35252B3F087F-LeaderElection8: ELECTION PASSED received 1 response(s) and 0 exception(s):
2022-08-10 20:38:48,661 [eb7af48d-b4fa-4fc4-8235-6eb858e1f241@group-35252B3F087F-LeaderElection8] INFO  impl.LeaderElection (LeaderElection.java:logAndReturn(94)) -   Response 0: eb7af48d-b4fa-4fc4-8235-6eb858e1f241<-af3b5617-f48d-41e9-a4c5-2957a0e3c3f7#0:OK-t2
2022-08-10 20:38:48,661 [eb7af48d-b4fa-4fc4-8235-6eb858e1f241@group-35252B3F087F-LeaderElection8] INFO  impl.LeaderElection (LeaderElection.java:askForVotes(312)) - eb7af48d-b4fa-4fc4-8235-6eb858e1f241@group-35252B3F087F-LeaderElection8 ELECTION round 0: result PASSED
2022-08-10 20:38:48,661 [eb7af48d-b4fa-4fc4-8235-6eb858e1f241@group-35252B3F087F-LeaderElection8] INFO  impl.RoleInfo (RoleInfo.java:shutdownLeaderElection(130)) - eb7af48d-b4fa-4fc4-8235-6eb858e1f241: shutdown eb7af48d-b4fa-4fc4-8235-6eb858e1f241@group-35252B3F087F-LeaderElection8
2022-08-10 20:38:48,664 [grpc-default-executor-3] INFO  server.RaftServer$Division (RaftServerImpl.java:requestVote(1184)) - e0b21060-8445-402d-9ae3-38e47ae35866@group-35252B3F087F replies to ELECTION vote request: eb7af48d-b4fa-4fc4-8235-6eb858e1f241<-e0b21060-8445-402d-9ae3-38e47ae35866#0:OK-t2. Peer's state: e0b21060-8445-402d-9ae3-38e47ae35866@group-35252B3F087F:t2, leader=null, voted=eb7af48d-b4fa-4fc4-8235-6eb858e1f241, raftlog=e0b21060-8445-402d-9ae3-38e47ae35866@group-35252B3F087F-SegmentedRaftLog:OPENED:c-1, conf=-1: [af3b5617-f48d-41e9-a4c5-2957a0e3c3f7|rpc:10.1.0.27:41069|dataStream:|priority:0, eb7af48d-b4fa-4fc4-8235-6eb858e1f241|rpc:10.1.0.27:44069|dataStream:|priority:1, e0b21060-8445-402d-9ae3-38e47ae35866|rpc:10.1.0.27:33113|dataStream:|priority:0], old=null
2022-08-10 20:38:48,665 [eb7af48d-b4fa-4fc4-8235-6eb858e1f241@group-35252B3F087F-LeaderElection8] INFO  server.RaftServer$Division (RaftServerImpl.java:setRole(299)) - eb7af48d-b4fa-4fc4-8235-6eb858e1f241@group-35252B3F087F: changes role from CANDIDATE to LEADER at term 2 for changeToLeader
2022-08-10 20:38:48,665 [eb7af48d-b4fa-4fc4-8235-6eb858e1f241@group-35252B3F087F-LeaderElection8] INFO  ratis.XceiverServerRatis (XceiverServerRatis.java:handleLeaderChangedNotification(863)) - Leader change notification received for group: group-35252B3F087F with new leaderId: eb7af48d-b4fa-4fc4-8235-6eb858e1f241
2022-08-10 20:38:48,665 [eb7af48d-b4fa-4fc4-8235-6eb858e1f241@group-35252B3F087F-LeaderElection8] INFO  server.RaftServer$Division (ServerState.java:setLeader(287)) - eb7af48d-b4fa-4fc4-8235-6eb858e1f241@group-35252B3F087F: change Leader from null to eb7af48d-b4fa-4fc4-8235-6eb858e1f241 at term 2 for becomeLeader, leader elected after 10140ms
2022-08-10 20:38:48,665 [eb7af48d-b4fa-4fc4-8235-6eb858e1f241@group-35252B3F087F-LeaderElection8] INFO  server.RaftServerConfigKeys (ConfUtils.java:logGet(46)) - raft.server.staging.catchup.gap = 1000 (default)
2022-08-10 20:38:48,666 [eb7af48d-b4fa-4fc4-8235-6eb858e1f241@group-35252B3F087F-LeaderElection8] INFO  server.RaftServerConfigKeys (ConfUtils.java:logGet(46)) - raft.server.write.element-limit = 1024 (custom)
2022-08-10 20:38:48,666 [eb7af48d-b4fa-4fc4-8235-6eb858e1f241@group-35252B3F087F-LeaderElection8] INFO  server.RaftServerConfigKeys (ConfUtils.java:logGet(46)) - raft.server.write.byte-limit = 1024 M (=1073741824) (custom)
2022-08-10 20:38:48,666 [eb7af48d-b4fa-4fc4-8235-6eb858e1f241@group-35252B3F087F-LeaderElection8] INFO  server.RaftServerConfigKeys (ConfUtils.java:logGet(46)) - raft.server.watch.timeout = 180s (custom)
2022-08-10 20:38:48,666 [eb7af48d-b4fa-4fc4-8235-6eb858e1f241@group-35252B3F087F-LeaderElection8] INFO  server.RaftServerConfigKeys (ConfUtils.java:logGet(46)) - raft.server.watch.timeout.denomination = 1s (default)
2022-08-10 20:38:48,666 [eb7af48d-b4fa-4fc4-8235-6eb858e1f241@group-35252B3F087F-LeaderElection8] INFO  server.RaftServerConfigKeys (ConfUtils.java:logGet(46)) - raft.server.watch.element-limit = 65536 (default)
2022-08-10 20:38:48,666 [eb7af48d-b4fa-4fc4-8235-6eb858e1f241@group-35252B3F087F-LeaderElection8] INFO  server.RaftServerConfigKeys (ConfUtils.java:logGet(46)) - raft.server.write.element-limit = 1024 (custom)
2022-08-10 20:38:48,666 [eb7af48d-b4fa-4fc4-8235-6eb858e1f241@group-35252B3F087F-LeaderElection8] INFO  server.RaftServerConfigKeys (ConfUtils.java:logGet(46)) - raft.server.write.follower.gap.ratio.max = -1.0 (default)
2022-08-10 20:38:48,667 [eb7af48d-b4fa-4fc4-8235-6eb858e1f241@group-35252B3F087F-LeaderElection8] INFO  server.RaftServerConfigKeys (ConfUtils.java:logGet(46)) - raft.server.log.appender.snapshot.chunk.size.max = 16MB (=16777216) (default)
2022-08-10 20:38:48,667 [eb7af48d-b4fa-4fc4-8235-6eb858e1f241@group-35252B3F087F-LeaderElection8] INFO  server.RaftServerConfigKeys (ConfUtils.java:logGet(46)) - raft.server.log.appender.buffer.byte-limit = 33554432 (custom)
2022-08-10 20:38:48,667 [eb7af48d-b4fa-4fc4-8235-6eb858e1f241@group-35252B3F087F-LeaderElection8] INFO  server.RaftServerConfigKeys (ConfUtils.java:logGet(46)) - raft.server.log.appender.buffer.element-limit = 1 (custom)
2022-08-10 20:38:48,667 [eb7af48d-b4fa-4fc4-8235-6eb858e1f241@group-35252B3F087F-LeaderElection8] INFO  grpc.GrpcConfigKeys (ConfUtils.java:logGet(46)) - raft.grpc.server.leader.outstanding.appends.max = 128 (default)
2022-08-10 20:38:48,667 [eb7af48d-b4fa-4fc4-8235-6eb858e1f241@group-35252B3F087F-LeaderElection8] INFO  server.RaftServerConfigKeys (ConfUtils.java:logGet(46)) - raft.server.rpc.request.timeout = 60s (custom)
2022-08-10 20:38:48,669 [EventQueue-PipelineReportForPipelineReportHandler] INFO  pipeline.PipelineManagerImpl (PipelineManagerImpl.java:openPipeline(367)) - Pipeline Pipeline[ Id: e57205db-8960-4e3f-ada9-35252b3f087f, Nodes: e0b21060-8445-402d-9ae3-38e47ae35866{ip: 10.1.0.27, host: fv-az202-490.gfb0ajewubbutj5gszi5w2qz2a.jx.internal.cloudapp.net, ports: [REPLICATION=41571, RATIS=33113, RATIS_ADMIN=33113, RATIS_SERVER=33113, STANDALONE=38857], networkLocation: /default-rack, certSerialId: null, persistedOpState: IN_SERVICE, persistedOpStateExpiryEpochSec: 0}eb7af48d-b4fa-4fc4-8235-6eb858e1f241{ip: 10.1.0.27, host: fv-az202-490.gfb0ajewubbutj5gszi5w2qz2a.jx.internal.cloudapp.net, ports: [REPLICATION=36595, RATIS=44069, RATIS_ADMIN=44069, RATIS_SERVER=44069, STANDALONE=41335], networkLocation: /default-rack, certSerialId: null, persistedOpState: IN_SERVICE, persistedOpStateExpiryEpochSec: 0}af3b5617-f48d-41e9-a4c5-2957a0e3c3f7{ip: 10.1.0.27, host: fv-az202-490.gfb0ajewubbutj5gszi5w2qz2a.jx.internal.cloudapp.net, ports: [REPLICATION=46421, RATIS=41069, RATIS_ADMIN=41069, RATIS_SERVER=41069, STANDALONE=44043], networkLocation: /default-rack, certSerialId: null, persistedOpState: IN_SERVICE, persistedOpStateExpiryEpochSec: 0}, ReplicationConfig: RATIS/THREE, State:ALLOCATED, leaderId:eb7af48d-b4fa-4fc4-8235-6eb858e1f241, CreationTimestamp2022-08-10T20:38:35.977Z[Etc/UTC]] moved to OPEN state
2022-08-10 20:38:48,669 [EventQueue-OpenPipelineForHealthyPipelineSafeModeRule] INFO  safemode.SCMSafeModeManager (HealthyPipelineSafeModeRule.java:process(137)) - SCM in safe mode. Healthy pipelines reported count is 0, required healthy pipeline reported count is 1
2022-08-10 20:38:48,670 [eb7af48d-b4fa-4fc4-8235-6eb858e1f241@group-35252B3F087F-LeaderElection8] INFO  server.RaftServerConfigKeys (ConfUtils.java:logGet(46)) - raft.server.log.appender.install.snapshot.enabled = false (custom)
2022-08-10 20:38:48,671 [EventQueue-OpenPipelineForHealthyPipelineSafeModeRule] INFO  safemode.SCMSafeModeManager (HealthyPipelineSafeModeRule.java:process(137)) - SCM in safe mode. Healthy pipelines reported count is 1, required healthy pipeline reported count is 1
2022-08-10 20:38:48,671 [EventQueue-OpenPipelineForHealthyPipelineSafeModeRule] INFO  safemode.SCMSafeModeManager (SCMSafeModeManager.java:validateSafeModeExitRules(204)) - HealthyPipelineSafeModeRule rule is successfully validated
2022-08-10 20:38:48,671 [EventQueue-OpenPipelineForHealthyPipelineSafeModeRule] INFO  safemode.SCMSafeModeManager (SCMSafeModeManager.java:validateSafeModeExitRules(219)) - ScmSafeModeManager, all rules are successfully validated
2022-08-10 20:38:48,671 [EventQueue-OpenPipelineForHealthyPipelineSafeModeRule] INFO  safemode.SCMSafeModeManager (SCMSafeModeManager.java:exitSafeMode(248)) - SCM exiting safe mode.
2022-08-10 20:38:48,671 [EventQueue-OpenPipelineForHealthyPipelineSafeModeRule] WARN  events.EventQueue (EventQueue.java:fireEvent(216)) - No event handler registered for event TypedEvent{payloadType=SafeModeStatus, name='Safe mode status'}
2022-08-10 20:38:48,671 [EventQueue-OpenPipelineForHealthyPipelineSafeModeRule] INFO  ha.SCMContext (SCMContext.java:updateSafeModeStatus(228)) - Update SafeModeStatus from SafeModeStatus{safeModeStatus=true, preCheckPassed=true} to SafeModeStatus{safeModeStatus=false, preCheckPassed=true}.
2022-08-10 20:38:48,671 [EventQueue-OpenPipelineForHealthyPipelineSafeModeRule] INFO  pipeline.BackgroundPipelineCreator (BackgroundPipelineCreator.java:notifyStatusChanged(254)) - Service BackgroundPipelineCreator transitions to RUNNING.
2022-08-10 20:38:48,671 [EventQueue-OpenPipelineForHealthyPipelineSafeModeRule] INFO  BackgroundPipelineScrubber (BackgroundSCMService.java:notifyStatusChanged(82)) - Service BackgroundPipelineScrubber transitions to RUNNING.
2022-08-10 20:38:48,671 [EventQueue-OpenPipelineForHealthyPipelineSafeModeRule] INFO  ExpiredContainerReplicaOpScrubber (BackgroundSCMService.java:notifyStatusChanged(82)) - Service ExpiredContainerReplicaOpScrubber transitions to RUNNING.
2022-08-10 20:38:48,671 [EventQueue-OpenPipelineForHealthyPipelineSafeModeRule] INFO  UnderReplicatedQueueThread (BackgroundSCMService.java:notifyStatusChanged(82)) - Service UnderReplicatedQueueThread transitions to RUNNING.
2022-08-10 20:38:48,671 [EventQueue-OpenPipelineForHealthyPipelineSafeModeRule] INFO  OverReplicatedQueueThread (BackgroundSCMService.java:notifyStatusChanged(82)) - Service OverReplicatedQueueThread transitions to RUNNING.
2022-08-10 20:38:48,671 [EventQueue-OpenPipelineForHealthyPipelineSafeModeRule] INFO  replication.ReplicationManager (ReplicationManager.java:notifyStatusChanged(719)) - Service ReplicationManager transitions to RUNNING.
2022-08-10 20:38:48,671 [eb7af48d-b4fa-4fc4-8235-6eb858e1f241@group-35252B3F087F-LeaderElection8] INFO  server.RaftServerConfigKeys (ConfUtils.java:logGet(46)) - raft.server.log.appender.snapshot.chunk.size.max = 16MB (=16777216) (default)
2022-08-10 20:38:48,672 [eb7af48d-b4fa-4fc4-8235-6eb858e1f241@group-35252B3F087F-LeaderElection8] INFO  server.RaftServerConfigKeys (ConfUtils.java:logGet(46)) - raft.server.log.appender.buffer.byte-limit = 33554432 (custom)
2022-08-10 20:38:48,672 [eb7af48d-b4fa-4fc4-8235-6eb858e1f241@group-35252B3F087F-LeaderElection8] INFO  server.RaftServerConfigKeys (ConfUtils.java:logGet(46)) - raft.server.log.appender.buffer.element-limit = 1 (custom)
2022-08-10 20:38:48,672 [eb7af48d-b4fa-4fc4-8235-6eb858e1f241@group-35252B3F087F-LeaderElection8] INFO  grpc.GrpcConfigKeys (ConfUtils.java:logGet(46)) - raft.grpc.server.leader.outstanding.appends.max = 128 (default)
2022-08-10 20:38:48,672 [eb7af48d-b4fa-4fc4-8235-6eb858e1f241@group-35252B3F087F-LeaderElection8] INFO  server.RaftServerConfigKeys (ConfUtils.java:logGet(46)) - raft.server.rpc.request.timeout = 60s (custom)
2022-08-10 20:38:48,672 [eb7af48d-b4fa-4fc4-8235-6eb858e1f241@group-35252B3F087F-LeaderElection8] INFO  server.RaftServerConfigKeys (ConfUtils.java:logGet(46)) - raft.server.log.appender.install.snapshot.enabled = false (custom)
2022-08-10 20:38:48,672 [EventQueue-OpenPipelineForHealthyPipelineSafeModeRule] WARN  balancer.ContainerBalancer (ContainerBalancer.java:shouldRun(904)) - Could not find persisted configuration for ContainerBalancer when checking if ContainerBalancer should run. ContainerBalancer should not run now.
2022-08-10 20:38:48,672 [eb7af48d-b4fa-4fc4-8235-6eb858e1f241@group-35252B3F087F-LeaderElection8] INFO  impl.RoleInfo (RoleInfo.java:updateAndGet(139)) - eb7af48d-b4fa-4fc4-8235-6eb858e1f241: start eb7af48d-b4fa-4fc4-8235-6eb858e1f241@group-35252B3F087F-LeaderStateImpl
2022-08-10 20:38:48,672 [eb7af48d-b4fa-4fc4-8235-6eb858e1f241@group-35252B3F087F-LeaderElection8] INFO  segmented.SegmentedRaftLogWorker (SegmentedRaftLogWorker.java:startLogSegment(425)) - eb7af48d-b4fa-4fc4-8235-6eb858e1f241@group-35252B3F087F-SegmentedRaftLogWorker: Starting segment from index:0
2022-08-10 20:38:48,676 [eb7af48d-b4fa-4fc4-8235-6eb858e1f241@group-35252B3F087F-SegmentedRaftLogWorker] INFO  segmented.SegmentedRaftLogWorker (SegmentedRaftLogWorker.java:execute(629)) - eb7af48d-b4fa-4fc4-8235-6eb858e1f241@group-35252B3F087F-SegmentedRaftLogWorker: created new log segment /home/runner/work/ozone/ozone/hadoop-ozone/integration-test/target/test-dir/MiniOzoneClusterImpl-6b5328db-83be-43cc-b602-c95cfe986a84/datanode-1/data/ratis/e57205db-8960-4e3f-ada9-35252b3f087f/current/log_inprogress_0
2022-08-10 20:38:48,688 [af3b5617-f48d-41e9-a4c5-2957a0e3c3f7-server-thread1] INFO  ratis.XceiverServerRatis (XceiverServerRatis.java:handleLeaderChangedNotification(863)) - Leader change notification received for group: group-35252B3F087F with new leaderId: eb7af48d-b4fa-4fc4-8235-6eb858e1f241
2022-08-10 20:38:48,688 [af3b5617-f48d-41e9-a4c5-2957a0e3c3f7-server-thread1] INFO  server.RaftServer$Division (ServerState.java:setLeader(287)) - af3b5617-f48d-41e9-a4c5-2957a0e3c3f7@group-35252B3F087F: change Leader from null to eb7af48d-b4fa-4fc4-8235-6eb858e1f241 at term 2 for appendEntries, leader elected after 10327ms
2022-08-10 20:38:48,692 [eb7af48d-b4fa-4fc4-8235-6eb858e1f241@group-35252B3F087F-LeaderElection8] INFO  server.RaftServer$Division (ServerState.java:setRaftConf(393)) - eb7af48d-b4fa-4fc4-8235-6eb858e1f241@group-35252B3F087F: set configuration 0: [af3b5617-f48d-41e9-a4c5-2957a0e3c3f7|rpc:10.1.0.27:41069|dataStream:|priority:0, eb7af48d-b4fa-4fc4-8235-6eb858e1f241|rpc:10.1.0.27:44069|dataStream:|priority:1, e0b21060-8445-402d-9ae3-38e47ae35866|rpc:10.1.0.27:33113|dataStream:|priority:0], old=null
2022-08-10 20:38:48,695 [af3b5617-f48d-41e9-a4c5-2957a0e3c3f7-server-thread1] INFO  server.RaftServer$Division (ServerState.java:setRaftConf(393)) - af3b5617-f48d-41e9-a4c5-2957a0e3c3f7@group-35252B3F087F: set configuration 0: [af3b5617-f48d-41e9-a4c5-2957a0e3c3f7|rpc:10.1.0.27:41069|dataStream:|priority:0, eb7af48d-b4fa-4fc4-8235-6eb858e1f241|rpc:10.1.0.27:44069|dataStream:|priority:1, e0b21060-8445-402d-9ae3-38e47ae35866|rpc:10.1.0.27:33113|dataStream:|priority:0], old=null
2022-08-10 20:38:48,696 [af3b5617-f48d-41e9-a4c5-2957a0e3c3f7-server-thread1] INFO  segmented.SegmentedRaftLogWorker (SegmentedRaftLogWorker.java:startLogSegment(425)) - af3b5617-f48d-41e9-a4c5-2957a0e3c3f7@group-35252B3F087F-SegmentedRaftLogWorker: Starting segment from index:0
2022-08-10 20:38:48,697 [af3b5617-f48d-41e9-a4c5-2957a0e3c3f7@group-35252B3F087F-SegmentedRaftLogWorker] INFO  segmented.SegmentedRaftLogWorker (SegmentedRaftLogWorker.java:execute(629)) - af3b5617-f48d-41e9-a4c5-2957a0e3c3f7@group-35252B3F087F-SegmentedRaftLogWorker: created new log segment /home/runner/work/ozone/ozone/hadoop-ozone/integration-test/target/test-dir/MiniOzoneClusterImpl-6b5328db-83be-43cc-b602-c95cfe986a84/datanode-0/data/ratis/e57205db-8960-4e3f-ada9-35252b3f087f/current/log_inprogress_0
2022-08-10 20:38:48,707 [e0b21060-8445-402d-9ae3-38e47ae35866-server-thread1] INFO  ratis.XceiverServerRatis (XceiverServerRatis.java:handleLeaderChangedNotification(863)) - Leader change notification received for group: group-35252B3F087F with new leaderId: eb7af48d-b4fa-4fc4-8235-6eb858e1f241
2022-08-10 20:38:48,708 [e0b21060-8445-402d-9ae3-38e47ae35866-server-thread1] INFO  server.RaftServer$Division (ServerState.java:setLeader(287)) - e0b21060-8445-402d-9ae3-38e47ae35866@group-35252B3F087F: change Leader from null to eb7af48d-b4fa-4fc4-8235-6eb858e1f241 at term 2 for appendEntries, leader elected after 10254ms
2022-08-10 20:38:48,720 [e0b21060-8445-402d-9ae3-38e47ae35866-server-thread1] INFO  server.RaftServer$Division (ServerState.java:setRaftConf(393)) - e0b21060-8445-402d-9ae3-38e47ae35866@group-35252B3F087F: set configuration 0: [af3b5617-f48d-41e9-a4c5-2957a0e3c3f7|rpc:10.1.0.27:41069|dataStream:|priority:0, eb7af48d-b4fa-4fc4-8235-6eb858e1f241|rpc:10.1.0.27:44069|dataStream:|priority:1, e0b21060-8445-402d-9ae3-38e47ae35866|rpc:10.1.0.27:33113|dataStream:|priority:0], old=null
2022-08-10 20:38:48,720 [e0b21060-8445-402d-9ae3-38e47ae35866-server-thread1] INFO  segmented.SegmentedRaftLogWorker (SegmentedRaftLogWorker.java:startLogSegment(425)) - e0b21060-8445-402d-9ae3-38e47ae35866@group-35252B3F087F-SegmentedRaftLogWorker: Starting segment from index:0
2022-08-10 20:38:48,720 [af3b5617-f48d-41e9-a4c5-2957a0e3c3f7@group-08AE96FD177A-FollowerState] INFO  impl.FollowerState (FollowerState.java:run(143)) - af3b5617-f48d-41e9-a4c5-2957a0e3c3f7@group-08AE96FD177A-FollowerState: change to CANDIDATE, lastRpcElapsedTime:5108102527ns, electionTimeout:5101ms
2022-08-10 20:38:48,721 [af3b5617-f48d-41e9-a4c5-2957a0e3c3f7@group-08AE96FD177A-FollowerState] INFO  impl.RoleInfo (RoleInfo.java:shutdownFollowerState(110)) - af3b5617-f48d-41e9-a4c5-2957a0e3c3f7: shutdown af3b5617-f48d-41e9-a4c5-2957a0e3c3f7@group-08AE96FD177A-FollowerState
2022-08-10 20:38:48,721 [af3b5617-f48d-41e9-a4c5-2957a0e3c3f7@group-08AE96FD177A-FollowerState] INFO  server.RaftServer$Division (RaftServerImpl.java:setRole(299)) - af3b5617-f48d-41e9-a4c5-2957a0e3c3f7@group-08AE96FD177A: changes role from  FOLLOWER to CANDIDATE at term 1 for changeToCandidate
2022-08-10 20:38:48,721 [af3b5617-f48d-41e9-a4c5-2957a0e3c3f7@group-08AE96FD177A-FollowerState] INFO  server.RaftServerConfigKeys (ConfUtils.java:logGet(46)) - raft.server.leaderelection.pre-vote = false (custom)
2022-08-10 20:38:48,721 [af3b5617-f48d-41e9-a4c5-2957a0e3c3f7@group-08AE96FD177A-FollowerState] INFO  impl.RoleInfo (RoleInfo.java:updateAndGet(139)) - af3b5617-f48d-41e9-a4c5-2957a0e3c3f7: start af3b5617-f48d-41e9-a4c5-2957a0e3c3f7@group-08AE96FD177A-LeaderElection9
2022-08-10 20:38:48,721 [e0b21060-8445-402d-9ae3-38e47ae35866@group-35252B3F087F-SegmentedRaftLogWorker] INFO  segmented.SegmentedRaftLogWorker (SegmentedRaftLogWorker.java:execute(629)) - e0b21060-8445-402d-9ae3-38e47ae35866@group-35252B3F087F-SegmentedRaftLogWorker: created new log segment /home/runner/work/ozone/ozone/hadoop-ozone/integration-test/target/test-dir/MiniOzoneClusterImpl-6b5328db-83be-43cc-b602-c95cfe986a84/datanode-2/data/ratis/e57205db-8960-4e3f-ada9-35252b3f087f/current/log_inprogress_0
2022-08-10 20:38:48,727 [eb7af48d-b4fa-4fc4-8235-6eb858e1f241@group-08AE96FD177A-FollowerState] INFO  impl.FollowerState (FollowerState.java:run(143)) - eb7af48d-b4fa-4fc4-8235-6eb858e1f241@group-08AE96FD177A-FollowerState: change to CANDIDATE, lastRpcElapsedTime:5117625725ns, electionTimeout:5110ms
2022-08-10 20:38:48,728 [eb7af48d-b4fa-4fc4-8235-6eb858e1f241@group-08AE96FD177A-FollowerState] INFO  impl.RoleInfo (RoleInfo.java:shutdownFollowerState(110)) - eb7af48d-b4fa-4fc4-8235-6eb858e1f241: shutdown eb7af48d-b4fa-4fc4-8235-6eb858e1f241@group-08AE96FD177A-FollowerState
2022-08-10 20:38:48,728 [eb7af48d-b4fa-4fc4-8235-6eb858e1f241@group-08AE96FD177A-FollowerState] INFO  server.RaftServer$Division (RaftServerImpl.java:setRole(299)) - eb7af48d-b4fa-4fc4-8235-6eb858e1f241@group-08AE96FD177A: changes role from  FOLLOWER to CANDIDATE at term 1 for changeToCandidate
2022-08-10 20:38:48,732 [eb7af48d-b4fa-4fc4-8235-6eb858e1f241@group-08AE96FD177A-FollowerState] INFO  server.RaftServerConfigKeys (ConfUtils.java:logGet(46)) - raft.server.leaderelection.pre-vote = false (custom)
2022-08-10 20:38:48,732 [eb7af48d-b4fa-4fc4-8235-6eb858e1f241@group-08AE96FD177A-FollowerState] INFO  impl.RoleInfo (RoleInfo.java:updateAndGet(139)) - eb7af48d-b4fa-4fc4-8235-6eb858e1f241: start eb7af48d-b4fa-4fc4-8235-6eb858e1f241@group-08AE96FD177A-LeaderElection10
2022-08-10 20:38:48,732 [af3b5617-f48d-41e9-a4c5-2957a0e3c3f7@group-08AE96FD177A-LeaderElection9] INFO  impl.LeaderElection (LeaderElection.java:askForVotes(310)) - af3b5617-f48d-41e9-a4c5-2957a0e3c3f7@group-08AE96FD177A-LeaderElection9 ELECTION round 0: submit vote requests at term 2 for -1: [af3b5617-f48d-41e9-a4c5-2957a0e3c3f7|rpc:10.1.0.27:41069|priority:0, eb7af48d-b4fa-4fc4-8235-6eb858e1f241|rpc:10.1.0.27:44069|priority:0, e0b21060-8445-402d-9ae3-38e47ae35866|rpc:10.1.0.27:33113|priority:1], old=null
2022-08-10 20:38:48,740 [grpc-default-executor-0] INFO  server.RaftServer$Division (RaftServerImpl.java:requestVote(1152)) - eb7af48d-b4fa-4fc4-8235-6eb858e1f241@group-08AE96FD177A: receive requestVote(ELECTION, af3b5617-f48d-41e9-a4c5-2957a0e3c3f7, group-08AE96FD177A, 2, (t:0, i:0))
2022-08-10 20:38:48,740 [eb7af48d-b4fa-4fc4-8235-6eb858e1f241@group-08AE96FD177A-LeaderElection10] INFO  impl.LeaderElection (LeaderElection.java:askForVotes(310)) - eb7af48d-b4fa-4fc4-8235-6eb858e1f241@group-08AE96FD177A-LeaderElection10 ELECTION round 0: submit vote requests at term 2 for -1: [af3b5617-f48d-41e9-a4c5-2957a0e3c3f7|rpc:10.1.0.27:41069|dataStream:|priority:0, eb7af48d-b4fa-4fc4-8235-6eb858e1f241|rpc:10.1.0.27:44069|dataStream:|priority:0, e0b21060-8445-402d-9ae3-38e47ae35866|rpc:10.1.0.27:33113|dataStream:|priority:1], old=null
2022-08-10 20:38:48,740 [grpc-default-executor-0] INFO  impl.VoteContext (VoteContext.java:log(48)) - eb7af48d-b4fa-4fc4-8235-6eb858e1f241@group-08AE96FD177A-CANDIDATE: reject ELECTION from af3b5617-f48d-41e9-a4c5-2957a0e3c3f7: already has voted for eb7af48d-b4fa-4fc4-8235-6eb858e1f241 at current term 2
2022-08-10 20:38:48,741 [grpc-default-executor-0] INFO  server.RaftServer$Division (RaftServerImpl.java:requestVote(1184)) - eb7af48d-b4fa-4fc4-8235-6eb858e1f241@group-08AE96FD177A replies to ELECTION vote request: af3b5617-f48d-41e9-a4c5-2957a0e3c3f7<-eb7af48d-b4fa-4fc4-8235-6eb858e1f241#0:FAIL-t2. Peer's state: eb7af48d-b4fa-4fc4-8235-6eb858e1f241@group-08AE96FD177A:t2, leader=null, voted=eb7af48d-b4fa-4fc4-8235-6eb858e1f241, raftlog=eb7af48d-b4fa-4fc4-8235-6eb858e1f241@group-08AE96FD177A-SegmentedRaftLog:OPENED:c-1, conf=-1: [af3b5617-f48d-41e9-a4c5-2957a0e3c3f7|rpc:10.1.0.27:41069|dataStream:|priority:0, eb7af48d-b4fa-4fc4-8235-6eb858e1f241|rpc:10.1.0.27:44069|dataStream:|priority:0, e0b21060-8445-402d-9ae3-38e47ae35866|rpc:10.1.0.27:33113|dataStream:|priority:1], old=null
2022-08-10 20:38:48,749 [e0b21060-8445-402d-9ae3-38e47ae35866@group-08AE96FD177A-FollowerState] INFO  impl.FollowerState (FollowerState.java:run(143)) - e0b21060-8445-402d-9ae3-38e47ae35866@group-08AE96FD177A-FollowerState: change to CANDIDATE, lastRpcElapsedTime:5145372103ns, electionTimeout:5141ms
2022-08-10 20:38:48,750 [e0b21060-8445-402d-9ae3-38e47ae35866@group-08AE96FD177A-FollowerState] INFO  impl.RoleInfo (RoleInfo.java:shutdownFollowerState(110)) - e0b21060-8445-402d-9ae3-38e47ae35866: shutdown e0b21060-8445-402d-9ae3-38e47ae35866@group-08AE96FD177A-FollowerState
2022-08-10 20:38:48,750 [e0b21060-8445-402d-9ae3-38e47ae35866@group-08AE96FD177A-FollowerState] INFO  server.RaftServer$Division (RaftServerImpl.java:setRole(299)) - e0b21060-8445-402d-9ae3-38e47ae35866@group-08AE96FD177A: changes role from  FOLLOWER to CANDIDATE at term 1 for changeToCandidate
2022-08-10 20:38:48,751 [e0b21060-8445-402d-9ae3-38e47ae35866@group-08AE96FD177A-FollowerState] INFO  server.RaftServerConfigKeys (ConfUtils.java:logGet(46)) - raft.server.leaderelection.pre-vote = false (custom)
2022-08-10 20:38:48,751 [e0b21060-8445-402d-9ae3-38e47ae35866@group-08AE96FD177A-FollowerState] INFO  impl.RoleInfo (RoleInfo.java:updateAndGet(139)) - e0b21060-8445-402d-9ae3-38e47ae35866: start e0b21060-8445-402d-9ae3-38e47ae35866@group-08AE96FD177A-LeaderElection11
2022-08-10 20:38:48,751 [grpc-default-executor-0] INFO  server.RaftServer$Division (RaftServerImpl.java:requestVote(1152)) - e0b21060-8445-402d-9ae3-38e47ae35866@group-08AE96FD177A: receive requestVote(ELECTION, af3b5617-f48d-41e9-a4c5-2957a0e3c3f7, group-08AE96FD177A, 2, (t:0, i:0))
2022-08-10 20:38:48,754 [grpc-default-executor-0] INFO  impl.VoteContext (VoteContext.java:log(48)) - e0b21060-8445-402d-9ae3-38e47ae35866@group-08AE96FD177A-CANDIDATE: reject ELECTION from af3b5617-f48d-41e9-a4c5-2957a0e3c3f7: our priority 1 > candidate's priority 0
2022-08-10 20:38:48,755 [grpc-default-executor-0] INFO  server.RaftServer$Division (RaftServerImpl.java:setRole(299)) - e0b21060-8445-402d-9ae3-38e47ae35866@group-08AE96FD177A: changes role from CANDIDATE to FOLLOWER at term 2 for candidate:af3b5617-f48d-41e9-a4c5-2957a0e3c3f7
2022-08-10 20:38:48,755 [grpc-default-executor-0] INFO  impl.RoleInfo (RoleInfo.java:shutdownLeaderElection(130)) - e0b21060-8445-402d-9ae3-38e47ae35866: shutdown e0b21060-8445-402d-9ae3-38e47ae35866@group-08AE96FD177A-LeaderElection11
2022-08-10 20:38:48,755 [grpc-default-executor-0] INFO  impl.RoleInfo (RoleInfo.java:updateAndGet(139)) - e0b21060-8445-402d-9ae3-38e47ae35866: start e0b21060-8445-402d-9ae3-38e47ae35866@group-08AE96FD177A-FollowerState
2022-08-10 20:38:48,760 [e0b21060-8445-402d-9ae3-38e47ae35866@group-08AE96FD177A-LeaderElection11] INFO  impl.LeaderElection (LeaderElection.java:run(231)) - e0b21060-8445-402d-9ae3-38e47ae35866@group-08AE96FD177A-LeaderElection11: skip running since this is already CLOSING
2022-08-10 20:38:48,766 [grpc-default-executor-3] INFO  server.RaftServer$Division (RaftServerImpl.java:requestVote(1152)) - af3b5617-f48d-41e9-a4c5-2957a0e3c3f7@group-08AE96FD177A: receive requestVote(ELECTION, eb7af48d-b4fa-4fc4-8235-6eb858e1f241, group-08AE96FD177A, 2, (t:0, i:0))
2022-08-10 20:38:48,766 [grpc-default-executor-0] INFO  server.RaftServer$Division (RaftServerImpl.java:requestVote(1184)) - e0b21060-8445-402d-9ae3-38e47ae35866@group-08AE96FD177A replies to ELECTION vote request: af3b5617-f48d-41e9-a4c5-2957a0e3c3f7<-e0b21060-8445-402d-9ae3-38e47ae35866#0:FAIL-t2. Peer's state: e0b21060-8445-402d-9ae3-38e47ae35866@group-08AE96FD177A:t2, leader=null, voted=null, raftlog=e0b21060-8445-402d-9ae3-38e47ae35866@group-08AE96FD177A-SegmentedRaftLog:OPENED:c-1, conf=-1: [af3b5617-f48d-41e9-a4c5-2957a0e3c3f7|rpc:10.1.0.27:41069|dataStream:|priority:0, eb7af48d-b4fa-4fc4-8235-6eb858e1f241|rpc:10.1.0.27:44069|dataStream:|priority:0, e0b21060-8445-402d-9ae3-38e47ae35866|rpc:10.1.0.27:33113|dataStream:|priority:1], old=null
2022-08-10 20:38:48,766 [grpc-default-executor-3] INFO  impl.VoteContext (VoteContext.java:log(48)) - af3b5617-f48d-41e9-a4c5-2957a0e3c3f7@group-08AE96FD177A-CANDIDATE: reject ELECTION from eb7af48d-b4fa-4fc4-8235-6eb858e1f241: already has voted for af3b5617-f48d-41e9-a4c5-2957a0e3c3f7 at current term 2
2022-08-10 20:38:48,767 [grpc-default-executor-3] INFO  server.RaftServer$Division (RaftServerImpl.java:requestVote(1184)) - af3b5617-f48d-41e9-a4c5-2957a0e3c3f7@group-08AE96FD177A replies to ELECTION vote request: eb7af48d-b4fa-4fc4-8235-6eb858e1f241<-af3b5617-f48d-41e9-a4c5-2957a0e3c3f7#0:FAIL-t2. Peer's state: af3b5617-f48d-41e9-a4c5-2957a0e3c3f7@group-08AE96FD177A:t2, leader=null, voted=af3b5617-f48d-41e9-a4c5-2957a0e3c3f7, raftlog=af3b5617-f48d-41e9-a4c5-2957a0e3c3f7@group-08AE96FD177A-SegmentedRaftLog:OPENED:c-1, conf=-1: [af3b5617-f48d-41e9-a4c5-2957a0e3c3f7|rpc:10.1.0.27:41069|priority:0, eb7af48d-b4fa-4fc4-8235-6eb858e1f241|rpc:10.1.0.27:44069|priority:0, e0b21060-8445-402d-9ae3-38e47ae35866|rpc:10.1.0.27:33113|priority:1], old=null
2022-08-10 20:38:48,768 [af3b5617-f48d-41e9-a4c5-2957a0e3c3f7@group-08AE96FD177A-LeaderElection9] INFO  impl.LeaderElection (LeaderElection.java:logAndReturn(90)) - af3b5617-f48d-41e9-a4c5-2957a0e3c3f7@group-08AE96FD177A-LeaderElection9: ELECTION REJECTED received 1 response(s) and 0 exception(s):
2022-08-10 20:38:48,769 [af3b5617-f48d-41e9-a4c5-2957a0e3c3f7@group-08AE96FD177A-LeaderElection9] INFO  impl.LeaderElection (LeaderElection.java:logAndReturn(94)) -   Response 0: af3b5617-f48d-41e9-a4c5-2957a0e3c3f7<-e0b21060-8445-402d-9ae3-38e47ae35866#0:FAIL-t2
2022-08-10 20:38:48,769 [af3b5617-f48d-41e9-a4c5-2957a0e3c3f7@group-08AE96FD177A-LeaderElection9] INFO  impl.LeaderElection (LeaderElection.java:askForVotes(312)) - af3b5617-f48d-41e9-a4c5-2957a0e3c3f7@group-08AE96FD177A-LeaderElection9 ELECTION round 0: result REJECTED
2022-08-10 20:38:48,770 [af3b5617-f48d-41e9-a4c5-2957a0e3c3f7@group-08AE96FD177A-LeaderElection9] INFO  server.RaftServer$Division (RaftServerImpl.java:setRole(299)) - af3b5617-f48d-41e9-a4c5-2957a0e3c3f7@group-08AE96FD177A: changes role from CANDIDATE to FOLLOWER at term 2 for REJECTED
2022-08-10 20:38:48,770 [af3b5617-f48d-41e9-a4c5-2957a0e3c3f7@group-08AE96FD177A-LeaderElection9] INFO  impl.RoleInfo (RoleInfo.java:shutdownLeaderElection(130)) - af3b5617-f48d-41e9-a4c5-2957a0e3c3f7: shutdown af3b5617-f48d-41e9-a4c5-2957a0e3c3f7@group-08AE96FD177A-LeaderElection9
2022-08-10 20:38:48,770 [af3b5617-f48d-41e9-a4c5-2957a0e3c3f7@group-08AE96FD177A-LeaderElection9] INFO  impl.RoleInfo (RoleInfo.java:updateAndGet(139)) - af3b5617-f48d-41e9-a4c5-2957a0e3c3f7: start af3b5617-f48d-41e9-a4c5-2957a0e3c3f7@group-08AE96FD177A-FollowerState
2022-08-10 20:38:48,792 [grpc-default-executor-3] INFO  server.RaftServer$Division (RaftServerImpl.java:requestVote(1152)) - e0b21060-8445-402d-9ae3-38e47ae35866@group-08AE96FD177A: receive requestVote(ELECTION, eb7af48d-b4fa-4fc4-8235-6eb858e1f241, group-08AE96FD177A, 2, (t:0, i:0))
2022-08-10 20:38:48,793 [grpc-default-executor-3] INFO  impl.VoteContext (VoteContext.java:log(48)) - e0b21060-8445-402d-9ae3-38e47ae35866@group-08AE96FD177A-FOLLOWER: reject ELECTION from eb7af48d-b4fa-4fc4-8235-6eb858e1f241: our priority 1 > candidate's priority 0
2022-08-10 20:38:48,793 [grpc-default-executor-3] INFO  server.RaftServer$Division (RaftServerImpl.java:setRole(299)) - e0b21060-8445-402d-9ae3-38e47ae35866@group-08AE96FD177A: changes role from  FOLLOWER to FOLLOWER at term 2 for candidate:eb7af48d-b4fa-4fc4-8235-6eb858e1f241
2022-08-10 20:38:48,793 [grpc-default-executor-3] INFO  impl.RoleInfo (RoleInfo.java:shutdownFollowerState(110)) - e0b21060-8445-402d-9ae3-38e47ae35866: shutdown e0b21060-8445-402d-9ae3-38e47ae35866@group-08AE96FD177A-FollowerState
2022-08-10 20:38:48,794 [grpc-default-executor-3] INFO  impl.RoleInfo (RoleInfo.java:updateAndGet(139)) - e0b21060-8445-402d-9ae3-38e47ae35866: start e0b21060-8445-402d-9ae3-38e47ae35866@group-08AE96FD177A-FollowerState
2022-08-10 20:38:48,794 [e0b21060-8445-402d-9ae3-38e47ae35866@group-08AE96FD177A-FollowerState] INFO  impl.FollowerState (FollowerState.java:run(152)) - e0b21060-8445-402d-9ae3-38e47ae35866@group-08AE96FD177A-FollowerState was interrupted
2022-08-10 20:38:48,796 [grpc-default-executor-3] INFO  server.RaftServer$Division (RaftServerImpl.java:requestVote(1184)) - e0b21060-8445-402d-9ae3-38e47ae35866@group-08AE96FD177A replies to ELECTION vote request: eb7af48d-b4fa-4fc4-8235-6eb858e1f241<-e0b21060-8445-402d-9ae3-38e47ae35866#0:FAIL-t2. Peer's state: e0b21060-8445-402d-9ae3-38e47ae35866@group-08AE96FD177A:t2, leader=null, voted=null, raftlog=e0b21060-8445-402d-9ae3-38e47ae35866@group-08AE96FD177A-SegmentedRaftLog:OPENED:c-1, conf=-1: [af3b5617-f48d-41e9-a4c5-2957a0e3c3f7|rpc:10.1.0.27:41069|dataStream:|priority:0, eb7af48d-b4fa-4fc4-8235-6eb858e1f241|rpc:10.1.0.27:44069|dataStream:|priority:0, e0b21060-8445-402d-9ae3-38e47ae35866|rpc:10.1.0.27:33113|dataStream:|priority:1], old=null
2022-08-10 20:38:48,798 [eb7af48d-b4fa-4fc4-8235-6eb858e1f241@group-08AE96FD177A-LeaderElection10] INFO  impl.LeaderElection (LeaderElection.java:logAndReturn(90)) - eb7af48d-b4fa-4fc4-8235-6eb858e1f241@group-08AE96FD177A-LeaderElection10: ELECTION REJECTED received 2 response(s) and 0 exception(s):
2022-08-10 20:38:48,798 [eb7af48d-b4fa-4fc4-8235-6eb858e1f241@group-08AE96FD177A-LeaderElection10] INFO  impl.LeaderElection (LeaderElection.java:logAndReturn(94)) -   Response 0: eb7af48d-b4fa-4fc4-8235-6eb858e1f241<-af3b5617-f48d-41e9-a4c5-2957a0e3c3f7#0:FAIL-t2
2022-08-10 20:38:48,798 [eb7af48d-b4fa-4fc4-8235-6eb858e1f241@group-08AE96FD177A-LeaderElection10] INFO  impl.LeaderElection (LeaderElection.java:logAndReturn(94)) -   Response 1: eb7af48d-b4fa-4fc4-8235-6eb858e1f241<-e0b21060-8445-402d-9ae3-38e47ae35866#0:FAIL-t2
2022-08-10 20:38:48,798 [eb7af48d-b4fa-4fc4-8235-6eb858e1f241@group-08AE96FD177A-LeaderElection10] INFO  impl.LeaderElection (LeaderElection.java:askForVotes(312)) - eb7af48d-b4fa-4fc4-8235-6eb858e1f241@group-08AE96FD177A-LeaderElection10 ELECTION round 0: result REJECTED
2022-08-10 20:38:48,798 [eb7af48d-b4fa-4fc4-8235-6eb858e1f241@group-08AE96FD177A-LeaderElection10] INFO  server.RaftServer$Division (RaftServerImpl.java:setRole(299)) - eb7af48d-b4fa-4fc4-8235-6eb858e1f241@group-08AE96FD177A: changes role from CANDIDATE to FOLLOWER at term 2 for REJECTED
2022-08-10 20:38:48,798 [eb7af48d-b4fa-4fc4-8235-6eb858e1f241@group-08AE96FD177A-LeaderElection10] INFO  impl.RoleInfo (RoleInfo.java:shutdownLeaderElection(130)) - eb7af48d-b4fa-4fc4-8235-6eb858e1f241: shutdown eb7af48d-b4fa-4fc4-8235-6eb858e1f241@group-08AE96FD177A-LeaderElection10
2022-08-10 20:38:48,798 [eb7af48d-b4fa-4fc4-8235-6eb858e1f241@group-08AE96FD177A-LeaderElection10] INFO  impl.RoleInfo (RoleInfo.java:updateAndGet(139)) - eb7af48d-b4fa-4fc4-8235-6eb858e1f241: start eb7af48d-b4fa-4fc4-8235-6eb858e1f241@group-08AE96FD177A-FollowerState
2022-08-10 20:38:48,971 [Listener at 127.0.0.1/39139] INFO  ozone.MiniOzoneClusterImpl (MiniOzoneClusterImpl.java:lambda$waitForClusterToBeReady$0(216)) - Nodes are ready. Got 3 of 3 DN Heartbeats.
2022-08-10 20:38:48,972 [Listener at 127.0.0.1/39139] INFO  ozone.MiniOzoneClusterImpl (MiniOzoneClusterImpl.java:lambda$waitForClusterToBeReady$0(219)) - Cluster exits safe mode
2022-08-10 20:38:48,973 [Listener at 127.0.0.1/39139] INFO  ozone.MiniOzoneClusterImpl (MiniOzoneClusterImpl.java:lambda$waitForClusterToBeReady$0(221)) - SCM became leader
2022-08-10 20:38:49,027 [Finalizer] WARN  managed.ManagedRocksObjectUtils (ManagedRocksObjectUtils.java:assertClosed(39)) - ManagedColumnFamilyOptions is not closed properly
2022-08-10 20:38:49,027 [Finalizer] WARN  managed.ManagedRocksObjectUtils (ManagedRocksObjectUtils.java:assertClosed(39)) - ManagedColumnFamilyOptions is not closed properly
2022-08-10 20:38:49,027 [Finalizer] WARN  managed.ManagedRocksObjectUtils (ManagedRocksObjectUtils.java:assertClosed(39)) - ManagedColumnFamilyOptions is not closed properly
2022-08-10 20:38:49,027 [Finalizer] WARN  managed.ManagedRocksObjectUtils (ManagedRocksObjectUtils.java:assertClosed(39)) - ManagedColumnFamilyOptions is not closed properly
2022-08-10 20:38:49,029 [Finalizer] WARN  managed.ManagedRocksObjectUtils (ManagedRocksObjectUtils.java:assertClosed(39)) - ManagedLRUCache is not closed properly
2022-08-10 20:38:49,029 [Finalizer] WARN  managed.ManagedRocksObjectUtils (ManagedRocksObjectUtils.java:assertClosed(39)) - ManagedBloomFilter is not closed properly
2022-08-10 20:38:49,029 [Finalizer] WARN  managed.ManagedRocksObjectUtils (ManagedRocksObjectUtils.java:assertClosed(39)) - ManagedLRUCache is not closed properly
2022-08-10 20:38:49,029 [Finalizer] WARN  managed.ManagedRocksObjectUtils (ManagedRocksObjectUtils.java:assertClosed(39)) - ManagedDBOptions is not closed properly
2022-08-10 20:38:49,029 [Finalizer] WARN  managed.ManagedRocksObjectUtils (ManagedRocksObjectUtils.java:assertClosed(39)) - ManagedColumnFamilyOptions is not closed properly
2022-08-10 20:38:49,029 [Finalizer] WARN  managed.ManagedRocksObjectUtils (ManagedRocksObjectUtils.java:assertClosed(39)) - ManagedLRUCache is not closed properly
2022-08-10 20:38:49,029 [Finalizer] WARN  managed.ManagedRocksObjectUtils (ManagedRocksObjectUtils.java:assertClosed(39)) - ManagedBloomFilter is not closed properly
2022-08-10 20:38:49,030 [Finalizer] WARN  managed.ManagedRocksObjectUtils (ManagedRocksObjectUtils.java:assertClosed(39)) - ManagedDBOptions is not closed properly
2022-08-10 20:38:49,030 [Finalizer] WARN  managed.ManagedRocksObjectUtils (ManagedRocksObjectUtils.java:assertClosed(39)) - ManagedColumnFamilyOptions is not closed properly
2022-08-10 20:38:49,030 [Finalizer] WARN  managed.ManagedRocksObjectUtils (ManagedRocksObjectUtils.java:assertClosed(39)) - ManagedLRUCache is not closed properly
2022-08-10 20:38:49,030 [Finalizer] WARN  managed.ManagedRocksObjectUtils (ManagedRocksObjectUtils.java:assertClosed(39)) - ManagedBloomFilter is not closed properly
2022-08-10 20:38:49,030 [Finalizer] WARN  managed.ManagedRocksObjectUtils (ManagedRocksObjectUtils.java:assertClosed(39)) - ManagedDBOptions is not closed properly
2022-08-10 20:38:49,030 [Finalizer] WARN  managed.ManagedRocksObjectUtils (ManagedRocksObjectUtils.java:assertClosed(39)) - ManagedColumnFamilyOptions is not closed properly
2022-08-10 20:38:49,030 [Finalizer] WARN  managed.ManagedRocksObjectUtils (ManagedRocksObjectUtils.java:assertClosed(39)) - ManagedLRUCache is not closed properly
2022-08-10 20:38:49,030 [Finalizer] WARN  managed.ManagedRocksObjectUtils (ManagedRocksObjectUtils.java:assertClosed(39)) - ManagedBloomFilter is not closed properly
2022-08-10 20:38:49,042 [Finalizer] WARN  managed.ManagedRocksObjectUtils (ManagedRocksObjectUtils.java:assertClosed(39)) - ManagedColumnFamilyOptions is not closed properly
2022-08-10 20:38:49,042 [Finalizer] WARN  managed.ManagedRocksObjectUtils (ManagedRocksObjectUtils.java:assertClosed(39)) - ManagedColumnFamilyOptions is not closed properly
2022-08-10 20:38:49,042 [Finalizer] WARN  managed.ManagedRocksObjectUtils (ManagedRocksObjectUtils.java:assertClosed(39)) - ManagedColumnFamilyOptions is not closed properly
2022-08-10 20:38:49,042 [Finalizer] WARN  managed.ManagedRocksObjectUtils (ManagedRocksObjectUtils.java:assertClosed(39)) - ManagedColumnFamilyOptions is not closed properly
2022-08-10 20:38:49,045 [Finalizer] WARN  managed.ManagedRocksObjectUtils (ManagedRocksObjectUtils.java:assertClosed(39)) - ManagedColumnFamilyOptions is not closed properly
2022-08-10 20:38:49,046 [Finalizer] WARN  managed.ManagedRocksObjectUtils (ManagedRocksObjectUtils.java:assertClosed(39)) - ManagedColumnFamilyOptions is not closed properly
2022-08-10 20:38:49,046 [Finalizer] WARN  managed.ManagedRocksObjectUtils (ManagedRocksObjectUtils.java:assertClosed(39)) - ManagedColumnFamilyOptions is not closed properly
2022-08-10 20:38:49,046 [Finalizer] WARN  managed.ManagedRocksObjectUtils (ManagedRocksObjectUtils.java:assertClosed(39)) - ManagedColumnFamilyOptions is not closed properly
2022-08-10 20:38:49,478 [Listener at 127.0.0.1/39139] INFO  om.TestOzoneManagerPrepare (TestOzoneManagerPrepare.java:initOM(95)) - Waiting for OM leader election
2022-08-10 20:38:49,526 [OM StateMachine ApplyTransaction Thread - 0] INFO  upgrade.OMCancelPrepareRequest (OMCancelPrepareRequest.java:validateAndUpdateCache(55)) - OM omNode-2 Received cancel prepare request with log index 1
2022-08-10 20:38:49,532 [OM StateMachine ApplyTransaction Thread - 0] INFO  upgrade.OMCancelPrepareRequest (OMCancelPrepareRequest.java:validateAndUpdateCache(84)) - OM omNode-2 prepare state cancelled at log index 1. Returning response 
2022-08-10 20:38:49,533 [OM StateMachine ApplyTransaction Thread - 0] INFO  upgrade.OMCancelPrepareRequest (OMCancelPrepareRequest.java:validateAndUpdateCache(55)) - OM omNode-3 Received cancel prepare request with log index 1
2022-08-10 20:38:49,530 [OM StateMachine ApplyTransaction Thread - 0] INFO  upgrade.OMCancelPrepareRequest (OMCancelPrepareRequest.java:validateAndUpdateCache(55)) - OM omNode-1 Received cancel prepare request with log index 1
2022-08-10 20:38:49,544 [OM StateMachine ApplyTransaction Thread - 0] INFO  upgrade.OMCancelPrepareRequest (OMCancelPrepareRequest.java:validateAndUpdateCache(84)) - OM omNode-3 prepare state cancelled at log index 1. Returning response 
2022-08-10 20:38:49,545 [OM StateMachine ApplyTransaction Thread - 0] INFO  upgrade.OMCancelPrepareRequest (OMCancelPrepareRequest.java:validateAndUpdateCache(84)) - OM omNode-1 prepare state cancelled at log index 1. Returning response 
2022-08-10 20:38:49,564 [Listener at 127.0.0.1/39139] INFO  rpc.RpcClient (RpcClient.java:createVolume(471)) - Creating Volume: vol, with runner as owner and space quota set to -1 bytes, counts quota set to -1
2022-08-10 20:38:49,588 [OM StateMachine ApplyTransaction Thread - 0] INFO  volume.OMVolumeCreateRequest (OMVolumeCreateRequest.java:validateAndUpdateCache(195)) - created volume:vol for user:runner
2022-08-10 20:38:49,590 [OM StateMachine ApplyTransaction Thread - 0] INFO  volume.OMVolumeCreateRequest (OMVolumeCreateRequest.java:validateAndUpdateCache(195)) - created volume:vol for user:runner
2022-08-10 20:38:49,591 [OM StateMachine ApplyTransaction Thread - 0] INFO  volume.OMVolumeCreateRequest (OMVolumeCreateRequest.java:validateAndUpdateCache(195)) - created volume:vol for user:runner
2022-08-10 20:38:49,625 [pool-201-thread-1] INFO  rpc.RpcClient (RpcClient.java:createVolume(471)) - Creating Volume: volume0, with runner as owner and space quota set to -1 bytes, counts quota set to -1
2022-08-10 20:38:49,626 [pool-201-thread-3] INFO  rpc.RpcClient (RpcClient.java:createVolume(471)) - Creating Volume: volume2, with runner as owner and space quota set to -1 bytes, counts quota set to -1
2022-08-10 20:38:49,625 [pool-201-thread-2] INFO  rpc.RpcClient (RpcClient.java:createVolume(471)) - Creating Volume: volume1, with runner as owner and space quota set to -1 bytes, counts quota set to -1
2022-08-10 20:38:49,627 [pool-201-thread-4] INFO  rpc.RpcClient (RpcClient.java:createVolume(471)) - Creating Volume: volume3, with runner as owner and space quota set to -1 bytes, counts quota set to -1
2022-08-10 20:38:49,635 [pool-201-thread-7] INFO  rpc.RpcClient (RpcClient.java:createVolume(471)) - Creating Volume: volume6, with runner as owner and space quota set to -1 bytes, counts quota set to -1
2022-08-10 20:38:49,637 [pool-201-thread-5] INFO  rpc.RpcClient (RpcClient.java:createVolume(471)) - Creating Volume: volume4, with runner as owner and space quota set to -1 bytes, counts quota set to -1
2022-08-10 20:38:49,637 [pool-201-thread-9] INFO  rpc.RpcClient (RpcClient.java:createVolume(471)) - Creating Volume: volume8, with runner as owner and space quota set to -1 bytes, counts quota set to -1
2022-08-10 20:38:49,638 [pool-201-thread-8] INFO  rpc.RpcClient (RpcClient.java:createVolume(471)) - Creating Volume: volume7, with runner as owner and space quota set to -1 bytes, counts quota set to -1
2022-08-10 20:38:49,638 [pool-201-thread-10] INFO  rpc.RpcClient (RpcClient.java:createVolume(471)) - Creating Volume: volume9, with runner as owner and space quota set to -1 bytes, counts quota set to -1
2022-08-10 20:38:49,644 [OM StateMachine ApplyTransaction Thread - 0] INFO  volume.OMVolumeCreateRequest (OMVolumeCreateRequest.java:validateAndUpdateCache(195)) - created volume:volume2 for user:runner
2022-08-10 20:38:49,653 [OM StateMachine ApplyTransaction Thread - 0] INFO  volume.OMVolumeCreateRequest (OMVolumeCreateRequest.java:validateAndUpdateCache(195)) - created volume:volume2 for user:runner
2022-08-10 20:38:49,663 [OM StateMachine ApplyTransaction Thread - 0] INFO  volume.OMVolumeCreateRequest (OMVolumeCreateRequest.java:validateAndUpdateCache(195)) - created volume:volume2 for user:runner
2022-08-10 20:38:49,667 [OM StateMachine ApplyTransaction Thread - 0] INFO  volume.OMVolumeCreateRequest (OMVolumeCreateRequest.java:validateAndUpdateCache(195)) - created volume:volume9 for user:runner
2022-08-10 20:38:49,683 [OM StateMachine ApplyTransaction Thread - 0] INFO  volume.OMVolumeCreateRequest (OMVolumeCreateRequest.java:validateAndUpdateCache(195)) - created volume:volume7 for user:runner
2022-08-10 20:38:49,694 [OM StateMachine ApplyTransaction Thread - 0] INFO  volume.OMVolumeCreateRequest (OMVolumeCreateRequest.java:validateAndUpdateCache(195)) - created volume:volume9 for user:runner
2022-08-10 20:38:49,697 [OM StateMachine ApplyTransaction Thread - 0] INFO  volume.OMVolumeCreateRequest (OMVolumeCreateRequest.java:validateAndUpdateCache(195)) - created volume:volume8 for user:runner
2022-08-10 20:38:49,697 [OM StateMachine ApplyTransaction Thread - 0] INFO  volume.OMVolumeCreateRequest (OMVolumeCreateRequest.java:validateAndUpdateCache(195)) - created volume:volume6 for user:runner
2022-08-10 20:38:49,698 [OM StateMachine ApplyTransaction Thread - 0] INFO  volume.OMVolumeCreateRequest (OMVolumeCreateRequest.java:validateAndUpdateCache(195)) - created volume:volume4 for user:runner
2022-08-10 20:38:49,702 [OM StateMachine ApplyTransaction Thread - 0] INFO  volume.OMVolumeCreateRequest (OMVolumeCreateRequest.java:validateAndUpdateCache(195)) - created volume:volume7 for user:runner
2022-08-10 20:38:49,704 [OM StateMachine ApplyTransaction Thread - 0] INFO  volume.OMVolumeCreateRequest (OMVolumeCreateRequest.java:validateAndUpdateCache(195)) - created volume:volume9 for user:runner
2022-08-10 20:38:49,707 [OM StateMachine ApplyTransaction Thread - 0] INFO  volume.OMVolumeCreateRequest (OMVolumeCreateRequest.java:validateAndUpdateCache(195)) - created volume:volume7 for user:runner
2022-08-10 20:38:49,709 [OM StateMachine ApplyTransaction Thread - 0] INFO  volume.OMVolumeCreateRequest (OMVolumeCreateRequest.java:validateAndUpdateCache(195)) - created volume:volume8 for user:runner
2022-08-10 20:38:49,709 [OM StateMachine ApplyTransaction Thread - 0] INFO  volume.OMVolumeCreateRequest (OMVolumeCreateRequest.java:validateAndUpdateCache(195)) - created volume:volume6 for user:runner
2022-08-10 20:38:49,710 [OM StateMachine ApplyTransaction Thread - 0] INFO  volume.OMVolumeCreateRequest (OMVolumeCreateRequest.java:validateAndUpdateCache(195)) - created volume:volume4 for user:runner
2022-08-10 20:38:49,718 [OM StateMachine ApplyTransaction Thread - 0] INFO  volume.OMVolumeCreateRequest (OMVolumeCreateRequest.java:validateAndUpdateCache(195)) - created volume:volume0 for user:runner
2022-08-10 20:38:49,721 [OM StateMachine ApplyTransaction Thread - 0] INFO  volume.OMVolumeCreateRequest (OMVolumeCreateRequest.java:validateAndUpdateCache(195)) - created volume:volume8 for user:runner
2022-08-10 20:38:49,721 [OM StateMachine ApplyTransaction Thread - 0] INFO  volume.OMVolumeCreateRequest (OMVolumeCreateRequest.java:validateAndUpdateCache(195)) - created volume:volume6 for user:runner
2022-08-10 20:38:49,721 [OM StateMachine ApplyTransaction Thread - 0] INFO  volume.OMVolumeCreateRequest (OMVolumeCreateRequest.java:validateAndUpdateCache(195)) - created volume:volume4 for user:runner
2022-08-10 20:38:49,727 [OM StateMachine ApplyTransaction Thread - 0] INFO  volume.OMVolumeCreateRequest (OMVolumeCreateRequest.java:validateAndUpdateCache(195)) - created volume:volume3 for user:runner
2022-08-10 20:38:49,727 [OM StateMachine ApplyTransaction Thread - 0] INFO  upgrade.OMPrepareRequest (OMPrepareRequest.java:validateAndUpdateCache(67)) - OM omNode-2 Received prepare request with log index 18
2022-08-10 20:38:49,731 [OM StateMachine ApplyTransaction Thread - 0] INFO  upgrade.OMPrepareRequest (OMPrepareRequest.java:waitForLogIndex(176)) - omNode-2 waiting for index 18 to flush to OM DB and index 19 to flush to Ratis state machine.
2022-08-10 20:38:49,736 [OM StateMachine ApplyTransaction Thread - 0] INFO  volume.OMVolumeCreateRequest (OMVolumeCreateRequest.java:validateAndUpdateCache(195)) - created volume:volume0 for user:runner
2022-08-10 20:38:49,742 [OM StateMachine ApplyTransaction Thread - 0] INFO  volume.OMVolumeCreateRequest (OMVolumeCreateRequest.java:validateAndUpdateCache(195)) - created volume:volume0 for user:runner
2022-08-10 20:38:49,746 [OM StateMachine ApplyTransaction Thread - 0] INFO  volume.OMVolumeCreateRequest (OMVolumeCreateRequest.java:validateAndUpdateCache(195)) - created volume:volume3 for user:runner
2022-08-10 20:38:49,746 [OM StateMachine ApplyTransaction Thread - 0] INFO  upgrade.OMPrepareRequest (OMPrepareRequest.java:validateAndUpdateCache(67)) - OM omNode-3 Received prepare request with log index 18
2022-08-10 20:38:49,752 [OM StateMachine ApplyTransaction Thread - 0] INFO  upgrade.OMPrepareRequest (OMPrepareRequest.java:waitForLogIndex(176)) - omNode-3 waiting for index 18 to flush to OM DB and index 19 to flush to Ratis state machine.
2022-08-10 20:38:49,753 [OM StateMachine ApplyTransaction Thread - 0] INFO  ratis.OzoneManagerStateMachine (OzoneManagerStateMachine.java:takeSnapshot(441)) - Current Snapshot Index (t:1, i:20)
2022-08-10 20:38:49,753 [OM StateMachine ApplyTransaction Thread - 0] INFO  segmented.SegmentedRaftLogWorker (SegmentedRaftLogWorker.java:lambda$new$0(135)) - omNode-3@group-523986131536-SegmentedRaftLogWorker: flushIndex: setUnconditionally 23 -> 20
2022-08-10 20:38:49,753 [OM StateMachine ApplyTransaction Thread - 0] INFO  segmented.SegmentedRaftLogWorker (SegmentedRaftLogWorker.java:lambda$new$0(135)) - omNode-3@group-523986131536-SegmentedRaftLogWorker: safeCacheEvictIndex: setUnconditionally -1 -> 20
2022-08-10 20:38:49,754 [OM StateMachine ApplyTransaction Thread - 0] INFO  raftlog.RaftLog (RaftLogBase.java:lambda$new$0(53)) - omNode-3@group-523986131536-SegmentedRaftLog: snapshotIndex: updateIncreasingly -1 -> 20
2022-08-10 20:38:49,754 [OM StateMachine ApplyTransaction Thread - 0] INFO  om.OzoneManagerPrepareState (OzoneManagerPrepareState.java:writePrepareMarkerFile(262)) - Prepare marker file written with log index 18 to file /home/runner/work/ozone/ozone/hadoop-ozone/integration-test/target/test-dir/MiniOzoneClusterImpl-6b5328db-83be-43cc-b602-c95cfe986a84/omNode-3/current/prepareMarker
2022-08-10 20:38:49,755 [OM StateMachine ApplyTransaction Thread - 0] INFO  upgrade.OMPrepareRequest (OMPrepareRequest.java:validateAndUpdateCache(120)) - OM omNode-3 prepared at log index 18. Returning response txnID: 18
 with log index 18
2022-08-10 20:38:49,758 [OM StateMachine ApplyTransaction Thread - 0] INFO  volume.OMVolumeCreateRequest (OMVolumeCreateRequest.java:validateAndUpdateCache(195)) - created volume:volume3 for user:runner
2022-08-10 20:38:49,758 [OM StateMachine ApplyTransaction Thread - 0] INFO  upgrade.OMPrepareRequest (OMPrepareRequest.java:validateAndUpdateCache(67)) - OM omNode-1 Received prepare request with log index 18
2022-08-10 20:38:49,758 [OM StateMachine ApplyTransaction Thread - 0] INFO  upgrade.OMPrepareRequest (OMPrepareRequest.java:waitForLogIndex(176)) - omNode-1 waiting for index 18 to flush to OM DB and index 19 to flush to Ratis state machine.
2022-08-10 20:38:53,254 [UnderReplicatedQueueThreadThread] INFO  replication.UnderReplicatedProcessor (UnderReplicatedProcessor.java:processAll(85)) - Processed 0 under replicated containers, failed processing 0
2022-08-10 20:38:53,267 [OverReplicatedQueueThreadThread] INFO  replication.OverReplicatedProcessor (OverReplicatedProcessor.java:processAll(83)) - Processed 0 over replicated containers, failed processing 0
2022-08-10 20:38:53,845 [eb7af48d-b4fa-4fc4-8235-6eb858e1f241@group-08AE96FD177A-FollowerState] INFO  impl.FollowerState (FollowerState.java:run(143)) - eb7af48d-b4fa-4fc4-8235-6eb858e1f241@group-08AE96FD177A-FollowerState: change to CANDIDATE, lastRpcElapsedTime:5046482592ns, electionTimeout:5040ms
2022-08-10 20:38:53,845 [eb7af48d-b4fa-4fc4-8235-6eb858e1f241@group-08AE96FD177A-FollowerState] INFO  impl.RoleInfo (RoleInfo.java:shutdownFollowerState(110)) - eb7af48d-b4fa-4fc4-8235-6eb858e1f241: shutdown eb7af48d-b4fa-4fc4-8235-6eb858e1f241@group-08AE96FD177A-FollowerState
2022-08-10 20:38:53,845 [eb7af48d-b4fa-4fc4-8235-6eb858e1f241@group-08AE96FD177A-FollowerState] INFO  server.RaftServer$Division (RaftServerImpl.java:setRole(299)) - eb7af48d-b4fa-4fc4-8235-6eb858e1f241@group-08AE96FD177A: changes role from  FOLLOWER to CANDIDATE at term 2 for changeToCandidate
2022-08-10 20:38:53,845 [eb7af48d-b4fa-4fc4-8235-6eb858e1f241@group-08AE96FD177A-FollowerState] INFO  server.RaftServerConfigKeys (ConfUtils.java:logGet(46)) - raft.server.leaderelection.pre-vote = false (custom)
2022-08-10 20:38:53,845 [eb7af48d-b4fa-4fc4-8235-6eb858e1f241@group-08AE96FD177A-FollowerState] INFO  impl.RoleInfo (RoleInfo.java:updateAndGet(139)) - eb7af48d-b4fa-4fc4-8235-6eb858e1f241: start eb7af48d-b4fa-4fc4-8235-6eb858e1f241@group-08AE96FD177A-LeaderElection12
2022-08-10 20:38:53,850 [af3b5617-f48d-41e9-a4c5-2957a0e3c3f7@group-08AE96FD177A-FollowerState] INFO  impl.FollowerState (FollowerState.java:run(143)) - af3b5617-f48d-41e9-a4c5-2957a0e3c3f7@group-08AE96FD177A-FollowerState: change to CANDIDATE, lastRpcElapsedTime:5080316495ns, electionTimeout:5079ms
2022-08-10 20:38:53,851 [af3b5617-f48d-41e9-a4c5-2957a0e3c3f7@group-08AE96FD177A-FollowerState] INFO  impl.RoleInfo (RoleInfo.java:shutdownFollowerState(110)) - af3b5617-f48d-41e9-a4c5-2957a0e3c3f7: shutdown af3b5617-f48d-41e9-a4c5-2957a0e3c3f7@group-08AE96FD177A-FollowerState
2022-08-10 20:38:53,851 [af3b5617-f48d-41e9-a4c5-2957a0e3c3f7@group-08AE96FD177A-FollowerState] INFO  server.RaftServer$Division (RaftServerImpl.java:setRole(299)) - af3b5617-f48d-41e9-a4c5-2957a0e3c3f7@group-08AE96FD177A: changes role from  FOLLOWER to CANDIDATE at term 2 for changeToCandidate
2022-08-10 20:38:53,851 [af3b5617-f48d-41e9-a4c5-2957a0e3c3f7@group-08AE96FD177A-FollowerState] INFO  server.RaftServerConfigKeys (ConfUtils.java:logGet(46)) - raft.server.leaderelection.pre-vote = false (custom)
2022-08-10 20:38:53,851 [af3b5617-f48d-41e9-a4c5-2957a0e3c3f7@group-08AE96FD177A-FollowerState] INFO  impl.RoleInfo (RoleInfo.java:updateAndGet(139)) - af3b5617-f48d-41e9-a4c5-2957a0e3c3f7: start af3b5617-f48d-41e9-a4c5-2957a0e3c3f7@group-08AE96FD177A-LeaderElection13
2022-08-10 20:38:53,851 [eb7af48d-b4fa-4fc4-8235-6eb858e1f241@group-08AE96FD177A-LeaderElection12] INFO  impl.LeaderElection (LeaderElection.java:askForVotes(310)) - eb7af48d-b4fa-4fc4-8235-6eb858e1f241@group-08AE96FD177A-LeaderElection12 ELECTION round 0: submit vote requests at term 3 for -1: [af3b5617-f48d-41e9-a4c5-2957a0e3c3f7|rpc:10.1.0.27:41069|dataStream:|priority:0, eb7af48d-b4fa-4fc4-8235-6eb858e1f241|rpc:10.1.0.27:44069|dataStream:|priority:0, e0b21060-8445-402d-9ae3-38e47ae35866|rpc:10.1.0.27:33113|dataStream:|priority:1], old=null
2022-08-10 20:38:53,855 [grpc-default-executor-3] INFO  server.RaftServer$Division (RaftServerImpl.java:requestVote(1152)) - af3b5617-f48d-41e9-a4c5-2957a0e3c3f7@group-08AE96FD177A: receive requestVote(ELECTION, eb7af48d-b4fa-4fc4-8235-6eb858e1f241, group-08AE96FD177A, 3, (t:0, i:0))
2022-08-10 20:38:53,857 [af3b5617-f48d-41e9-a4c5-2957a0e3c3f7@group-08AE96FD177A-LeaderElection13] INFO  impl.LeaderElection (LeaderElection.java:askForVotes(310)) - af3b5617-f48d-41e9-a4c5-2957a0e3c3f7@group-08AE96FD177A-LeaderElection13 ELECTION round 0: submit vote requests at term 3 for -1: [af3b5617-f48d-41e9-a4c5-2957a0e3c3f7|rpc:10.1.0.27:41069|priority:0, eb7af48d-b4fa-4fc4-8235-6eb858e1f241|rpc:10.1.0.27:44069|priority:0, e0b21060-8445-402d-9ae3-38e47ae35866|rpc:10.1.0.27:33113|priority:1], old=null
2022-08-10 20:38:53,857 [grpc-default-executor-3] INFO  impl.VoteContext (VoteContext.java:log(48)) - af3b5617-f48d-41e9-a4c5-2957a0e3c3f7@group-08AE96FD177A-CANDIDATE: reject ELECTION from eb7af48d-b4fa-4fc4-8235-6eb858e1f241: already has voted for af3b5617-f48d-41e9-a4c5-2957a0e3c3f7 at current term 3
2022-08-10 20:38:53,864 [grpc-default-executor-3] INFO  server.RaftServer$Division (RaftServerImpl.java:requestVote(1184)) - af3b5617-f48d-41e9-a4c5-2957a0e3c3f7@group-08AE96FD177A replies to ELECTION vote request: eb7af48d-b4fa-4fc4-8235-6eb858e1f241<-af3b5617-f48d-41e9-a4c5-2957a0e3c3f7#0:FAIL-t3. Peer's state: af3b5617-f48d-41e9-a4c5-2957a0e3c3f7@group-08AE96FD177A:t3, leader=null, voted=af3b5617-f48d-41e9-a4c5-2957a0e3c3f7, raftlog=af3b5617-f48d-41e9-a4c5-2957a0e3c3f7@group-08AE96FD177A-SegmentedRaftLog:OPENED:c-1, conf=-1: [af3b5617-f48d-41e9-a4c5-2957a0e3c3f7|rpc:10.1.0.27:41069|priority:0, eb7af48d-b4fa-4fc4-8235-6eb858e1f241|rpc:10.1.0.27:44069|priority:0, e0b21060-8445-402d-9ae3-38e47ae35866|rpc:10.1.0.27:33113|priority:1], old=null
2022-08-10 20:38:53,864 [grpc-default-executor-2] INFO  server.RaftServer$Division (RaftServerImpl.java:requestVote(1152)) - e0b21060-8445-402d-9ae3-38e47ae35866@group-08AE96FD177A: receive requestVote(ELECTION, eb7af48d-b4fa-4fc4-8235-6eb858e1f241, group-08AE96FD177A, 3, (t:0, i:0))
2022-08-10 20:38:53,865 [grpc-default-executor-2] INFO  impl.VoteContext (VoteContext.java:log(48)) - e0b21060-8445-402d-9ae3-38e47ae35866@group-08AE96FD177A-FOLLOWER: reject ELECTION from eb7af48d-b4fa-4fc4-8235-6eb858e1f241: our priority 1 > candidate's priority 0
2022-08-10 20:38:53,865 [grpc-default-executor-2] INFO  server.RaftServer$Division (RaftServerImpl.java:setRole(299)) - e0b21060-8445-402d-9ae3-38e47ae35866@group-08AE96FD177A: changes role from  FOLLOWER to FOLLOWER at term 3 for candidate:eb7af48d-b4fa-4fc4-8235-6eb858e1f241
2022-08-10 20:38:53,865 [grpc-default-executor-2] INFO  impl.RoleInfo (RoleInfo.java:shutdownFollowerState(110)) - e0b21060-8445-402d-9ae3-38e47ae35866: shutdown e0b21060-8445-402d-9ae3-38e47ae35866@group-08AE96FD177A-FollowerState
2022-08-10 20:38:53,867 [grpc-default-executor-2] INFO  impl.RoleInfo (RoleInfo.java:updateAndGet(139)) - e0b21060-8445-402d-9ae3-38e47ae35866: start e0b21060-8445-402d-9ae3-38e47ae35866@group-08AE96FD177A-FollowerState
2022-08-10 20:38:53,868 [e0b21060-8445-402d-9ae3-38e47ae35866@group-08AE96FD177A-FollowerState] INFO  impl.FollowerState (FollowerState.java:run(152)) - e0b21060-8445-402d-9ae3-38e47ae35866@group-08AE96FD177A-FollowerState was interrupted
2022-08-10 20:38:53,871 [grpc-default-executor-3] INFO  server.RaftServer$Division (RaftServerImpl.java:requestVote(1152)) - eb7af48d-b4fa-4fc4-8235-6eb858e1f241@group-08AE96FD177A: receive requestVote(ELECTION, af3b5617-f48d-41e9-a4c5-2957a0e3c3f7, group-08AE96FD177A, 3, (t:0, i:0))
2022-08-10 20:38:53,871 [grpc-default-executor-3] INFO  impl.VoteContext (VoteContext.java:log(48)) - eb7af48d-b4fa-4fc4-8235-6eb858e1f241@group-08AE96FD177A-CANDIDATE: reject ELECTION from af3b5617-f48d-41e9-a4c5-2957a0e3c3f7: already has voted for eb7af48d-b4fa-4fc4-8235-6eb858e1f241 at current term 3
2022-08-10 20:38:53,871 [grpc-default-executor-3] INFO  server.RaftServer$Division (RaftServerImpl.java:requestVote(1184)) - eb7af48d-b4fa-4fc4-8235-6eb858e1f241@group-08AE96FD177A replies to ELECTION vote request: af3b5617-f48d-41e9-a4c5-2957a0e3c3f7<-eb7af48d-b4fa-4fc4-8235-6eb858e1f241#0:FAIL-t3. Peer's state: eb7af48d-b4fa-4fc4-8235-6eb858e1f241@group-08AE96FD177A:t3, leader=null, voted=eb7af48d-b4fa-4fc4-8235-6eb858e1f241, raftlog=eb7af48d-b4fa-4fc4-8235-6eb858e1f241@group-08AE96FD177A-SegmentedRaftLog:OPENED:c-1, conf=-1: [af3b5617-f48d-41e9-a4c5-2957a0e3c3f7|rpc:10.1.0.27:41069|dataStream:|priority:0, eb7af48d-b4fa-4fc4-8235-6eb858e1f241|rpc:10.1.0.27:44069|dataStream:|priority:0, e0b21060-8445-402d-9ae3-38e47ae35866|rpc:10.1.0.27:33113|dataStream:|priority:1], old=null
2022-08-10 20:38:53,872 [grpc-default-executor-2] INFO  server.RaftServer$Division (RaftServerImpl.java:requestVote(1184)) - e0b21060-8445-402d-9ae3-38e47ae35866@group-08AE96FD177A replies to ELECTION vote request: eb7af48d-b4fa-4fc4-8235-6eb858e1f241<-e0b21060-8445-402d-9ae3-38e47ae35866#0:FAIL-t3. Peer's state: e0b21060-8445-402d-9ae3-38e47ae35866@group-08AE96FD177A:t3, leader=null, voted=null, raftlog=e0b21060-8445-402d-9ae3-38e47ae35866@group-08AE96FD177A-SegmentedRaftLog:OPENED:c-1, conf=-1: [af3b5617-f48d-41e9-a4c5-2957a0e3c3f7|rpc:10.1.0.27:41069|dataStream:|priority:0, eb7af48d-b4fa-4fc4-8235-6eb858e1f241|rpc:10.1.0.27:44069|dataStream:|priority:0, e0b21060-8445-402d-9ae3-38e47ae35866|rpc:10.1.0.27:33113|dataStream:|priority:1], old=null
2022-08-10 20:38:53,873 [eb7af48d-b4fa-4fc4-8235-6eb858e1f241@group-08AE96FD177A-LeaderElection12] INFO  impl.LeaderElection (LeaderElection.java:logAndReturn(90)) - eb7af48d-b4fa-4fc4-8235-6eb858e1f241@group-08AE96FD177A-LeaderElection12: ELECTION REJECTED received 2 response(s) and 0 exception(s):
2022-08-10 20:38:53,874 [eb7af48d-b4fa-4fc4-8235-6eb858e1f241@group-08AE96FD177A-LeaderElection12] INFO  impl.LeaderElection (LeaderElection.java:logAndReturn(94)) -   Response 0: eb7af48d-b4fa-4fc4-8235-6eb858e1f241<-af3b5617-f48d-41e9-a4c5-2957a0e3c3f7#0:FAIL-t3
2022-08-10 20:38:53,874 [eb7af48d-b4fa-4fc4-8235-6eb858e1f241@group-08AE96FD177A-LeaderElection12] INFO  impl.LeaderElection (LeaderElection.java:logAndReturn(94)) -   Response 1: eb7af48d-b4fa-4fc4-8235-6eb858e1f241<-e0b21060-8445-402d-9ae3-38e47ae35866#0:FAIL-t3
2022-08-10 20:38:53,874 [eb7af48d-b4fa-4fc4-8235-6eb858e1f241@group-08AE96FD177A-LeaderElection12] INFO  impl.LeaderElection (LeaderElection.java:askForVotes(312)) - eb7af48d-b4fa-4fc4-8235-6eb858e1f241@group-08AE96FD177A-LeaderElection12 ELECTION round 0: result REJECTED
2022-08-10 20:38:53,874 [eb7af48d-b4fa-4fc4-8235-6eb858e1f241@group-08AE96FD177A-LeaderElection12] INFO  server.RaftServer$Division (RaftServerImpl.java:setRole(299)) - eb7af48d-b4fa-4fc4-8235-6eb858e1f241@group-08AE96FD177A: changes role from CANDIDATE to FOLLOWER at term 3 for REJECTED
2022-08-10 20:38:53,874 [eb7af48d-b4fa-4fc4-8235-6eb858e1f241@group-08AE96FD177A-LeaderElection12] INFO  impl.RoleInfo (RoleInfo.java:shutdownLeaderElection(130)) - eb7af48d-b4fa-4fc4-8235-6eb858e1f241: shutdown eb7af48d-b4fa-4fc4-8235-6eb858e1f241@group-08AE96FD177A-LeaderElection12
2022-08-10 20:38:53,874 [eb7af48d-b4fa-4fc4-8235-6eb858e1f241@group-08AE96FD177A-LeaderElection12] INFO  impl.RoleInfo (RoleInfo.java:updateAndGet(139)) - eb7af48d-b4fa-4fc4-8235-6eb858e1f241: start eb7af48d-b4fa-4fc4-8235-6eb858e1f241@group-08AE96FD177A-FollowerState
2022-08-10 20:38:53,881 [grpc-default-executor-2] INFO  server.RaftServer$Division (RaftServerImpl.java:requestVote(1152)) - e0b21060-8445-402d-9ae3-38e47ae35866@group-08AE96FD177A: receive requestVote(ELECTION, af3b5617-f48d-41e9-a4c5-2957a0e3c3f7, group-08AE96FD177A, 3, (t:0, i:0))
2022-08-10 20:38:53,882 [grpc-default-executor-2] INFO  impl.VoteContext (VoteContext.java:log(48)) - e0b21060-8445-402d-9ae3-38e47ae35866@group-08AE96FD177A-FOLLOWER: reject ELECTION from af3b5617-f48d-41e9-a4c5-2957a0e3c3f7: our priority 1 > candidate's priority 0
2022-08-10 20:38:53,882 [grpc-default-executor-2] INFO  server.RaftServer$Division (RaftServerImpl.java:setRole(299)) - e0b21060-8445-402d-9ae3-38e47ae35866@group-08AE96FD177A: changes role from  FOLLOWER to FOLLOWER at term 3 for candidate:af3b5617-f48d-41e9-a4c5-2957a0e3c3f7
2022-08-10 20:38:53,882 [grpc-default-executor-2] INFO  impl.RoleInfo (RoleInfo.java:shutdownFollowerState(110)) - e0b21060-8445-402d-9ae3-38e47ae35866: shutdown e0b21060-8445-402d-9ae3-38e47ae35866@group-08AE96FD177A-FollowerState
2022-08-10 20:38:53,882 [grpc-default-executor-2] INFO  impl.RoleInfo (RoleInfo.java:updateAndGet(139)) - e0b21060-8445-402d-9ae3-38e47ae35866: start e0b21060-8445-402d-9ae3-38e47ae35866@group-08AE96FD177A-FollowerState
2022-08-10 20:38:53,883 [grpc-default-executor-2] INFO  server.RaftServer$Division (RaftServerImpl.java:requestVote(1184)) - e0b21060-8445-402d-9ae3-38e47ae35866@group-08AE96FD177A replies to ELECTION vote request: af3b5617-f48d-41e9-a4c5-2957a0e3c3f7<-e0b21060-8445-402d-9ae3-38e47ae35866#0:FAIL-t3. Peer's state: e0b21060-8445-402d-9ae3-38e47ae35866@group-08AE96FD177A:t3, leader=null, voted=null, raftlog=e0b21060-8445-402d-9ae3-38e47ae35866@group-08AE96FD177A-SegmentedRaftLog:OPENED:c-1, conf=-1: [af3b5617-f48d-41e9-a4c5-2957a0e3c3f7|rpc:10.1.0.27:41069|dataStream:|priority:0, eb7af48d-b4fa-4fc4-8235-6eb858e1f241|rpc:10.1.0.27:44069|dataStream:|priority:0, e0b21060-8445-402d-9ae3-38e47ae35866|rpc:10.1.0.27:33113|dataStream:|priority:1], old=null
2022-08-10 20:38:53,884 [af3b5617-f48d-41e9-a4c5-2957a0e3c3f7@group-08AE96FD177A-LeaderElection13] INFO  impl.LeaderElection (LeaderElection.java:logAndReturn(90)) - af3b5617-f48d-41e9-a4c5-2957a0e3c3f7@group-08AE96FD177A-LeaderElection13: ELECTION REJECTED received 2 response(s) and 0 exception(s):
2022-08-10 20:38:53,884 [af3b5617-f48d-41e9-a4c5-2957a0e3c3f7@group-08AE96FD177A-LeaderElection13] INFO  impl.LeaderElection (LeaderElection.java:logAndReturn(94)) -   Response 0: af3b5617-f48d-41e9-a4c5-2957a0e3c3f7<-eb7af48d-b4fa-4fc4-8235-6eb858e1f241#0:FAIL-t3
2022-08-10 20:38:53,884 [af3b5617-f48d-41e9-a4c5-2957a0e3c3f7@group-08AE96FD177A-LeaderElection13] INFO  impl.LeaderElection (LeaderElection.java:logAndReturn(94)) -   Response 1: af3b5617-f48d-41e9-a4c5-2957a0e3c3f7<-e0b21060-8445-402d-9ae3-38e47ae35866#0:FAIL-t3
2022-08-10 20:38:53,884 [af3b5617-f48d-41e9-a4c5-2957a0e3c3f7@group-08AE96FD177A-LeaderElection13] INFO  impl.LeaderElection (LeaderElection.java:askForVotes(312)) - af3b5617-f48d-41e9-a4c5-2957a0e3c3f7@group-08AE96FD177A-LeaderElection13 ELECTION round 0: result REJECTED
2022-08-10 20:38:53,884 [af3b5617-f48d-41e9-a4c5-2957a0e3c3f7@group-08AE96FD177A-LeaderElection13] INFO  server.RaftServer$Division (RaftServerImpl.java:setRole(299)) - af3b5617-f48d-41e9-a4c5-2957a0e3c3f7@group-08AE96FD177A: changes role from CANDIDATE to FOLLOWER at term 3 for REJECTED
2022-08-10 20:38:53,884 [af3b5617-f48d-41e9-a4c5-2957a0e3c3f7@group-08AE96FD177A-LeaderElection13] INFO  impl.RoleInfo (RoleInfo.java:shutdownLeaderElection(130)) - af3b5617-f48d-41e9-a4c5-2957a0e3c3f7: shutdown af3b5617-f48d-41e9-a4c5-2957a0e3c3f7@group-08AE96FD177A-LeaderElection13
2022-08-10 20:38:53,884 [af3b5617-f48d-41e9-a4c5-2957a0e3c3f7@group-08AE96FD177A-LeaderElection13] INFO  impl.RoleInfo (RoleInfo.java:updateAndGet(139)) - af3b5617-f48d-41e9-a4c5-2957a0e3c3f7: start af3b5617-f48d-41e9-a4c5-2957a0e3c3f7@group-08AE96FD177A-FollowerState
2022-08-10 20:38:53,888 [e0b21060-8445-402d-9ae3-38e47ae35866@group-08AE96FD177A-FollowerState] INFO  impl.FollowerState (FollowerState.java:run(152)) - e0b21060-8445-402d-9ae3-38e47ae35866@group-08AE96FD177A-FollowerState was interrupted
2022-08-10 20:38:54,731 [OM StateMachine ApplyTransaction Thread - 0] INFO  ratis.OzoneManagerStateMachine (OzoneManagerStateMachine.java:takeSnapshot(441)) - Current Snapshot Index (t:1, i:23)
2022-08-10 20:38:54,732 [OM StateMachine ApplyTransaction Thread - 0] INFO  segmented.SegmentedRaftLogWorker (SegmentedRaftLogWorker.java:lambda$new$0(135)) - omNode-2@group-523986131536-SegmentedRaftLogWorker: flushIndex: setUnconditionally 23 -> 23
2022-08-10 20:38:54,732 [OM StateMachine ApplyTransaction Thread - 0] INFO  segmented.SegmentedRaftLogWorker (SegmentedRaftLogWorker.java:lambda$new$0(135)) - omNode-2@group-523986131536-SegmentedRaftLogWorker: safeCacheEvictIndex: setUnconditionally -1 -> 23
2022-08-10 20:38:54,732 [OM StateMachine ApplyTransaction Thread - 0] INFO  segmented.SegmentedRaftLogWorker (SegmentedRaftLogWorker.java:closeLogSegment(446)) - omNode-2@group-523986131536-SegmentedRaftLogWorker: Closing segment log_inprogress_0 to index: 23
2022-08-10 20:38:54,735 [OM StateMachine ApplyTransaction Thread - 0] INFO  raftlog.RaftLog (RaftLogBase.java:lambda$new$0(53)) - omNode-2@group-523986131536-SegmentedRaftLog: snapshotIndex: updateIncreasingly -1 -> 23
2022-08-10 20:38:54,737 [omNode-2@group-523986131536-SegmentedRaftLogWorker] INFO  segmented.SegmentedRaftLogWorker (SegmentedRaftLogWorker.java:execute(586)) - omNode-2@group-523986131536-SegmentedRaftLogWorker: Rolled log segment from /home/runner/work/ozone/ozone/hadoop-ozone/integration-test/target/test-dir/MiniOzoneClusterImpl-6b5328db-83be-43cc-b602-c95cfe986a84/omNode-2/ratis/c9bc4cf4-3bc3-3c60-a66b-523986131536/current/log_inprogress_0 to /home/runner/work/ozone/ozone/hadoop-ozone/integration-test/target/test-dir/MiniOzoneClusterImpl-6b5328db-83be-43cc-b602-c95cfe986a84/omNode-2/ratis/c9bc4cf4-3bc3-3c60-a66b-523986131536/current/log_0-23
2022-08-10 20:38:54,738 [OM StateMachine ApplyTransaction Thread - 0] INFO  om.OzoneManagerPrepareState (OzoneManagerPrepareState.java:writePrepareMarkerFile(262)) - Prepare marker file written with log index 18 to file /home/runner/work/ozone/ozone/hadoop-ozone/integration-test/target/test-dir/MiniOzoneClusterImpl-6b5328db-83be-43cc-b602-c95cfe986a84/omNode-2/current/prepareMarker
2022-08-10 20:38:54,740 [OM StateMachine ApplyTransaction Thread - 0] INFO  upgrade.OMPrepareRequest (OMPrepareRequest.java:validateAndUpdateCache(120)) - OM omNode-2 prepared at log index 18. Returning response txnID: 18
 with log index 18
2022-08-10 20:38:54,743 [Listener at 127.0.0.1/39139] INFO  om.TestOzoneManagerPrepare (TestOzoneManagerPrepare.java:lambda$assertClusterPrepared$7(464)) - omNode-3 has prepare status: PREPARE_COMPLETED prepare index: 18.
2022-08-10 20:38:54,744 [Listener at 127.0.0.1/39139] INFO  om.TestOzoneManagerPrepare (TestOzoneManagerPrepare.java:lambda$assertClusterPrepared$7(464)) - omNode-1 has prepare status: NOT_PREPARED prepare index: -1.
2022-08-10 20:38:54,759 [OM StateMachine ApplyTransaction Thread - 0] INFO  ratis.OzoneManagerStateMachine (OzoneManagerStateMachine.java:takeSnapshot(441)) - Current Snapshot Index (t:1, i:23)
2022-08-10 20:38:54,759 [OM StateMachine ApplyTransaction Thread - 0] INFO  segmented.SegmentedRaftLogWorker (SegmentedRaftLogWorker.java:lambda$new$0(135)) - omNode-1@group-523986131536-SegmentedRaftLogWorker: flushIndex: setUnconditionally 23 -> 23
2022-08-10 20:38:54,759 [OM StateMachine ApplyTransaction Thread - 0] INFO  segmented.SegmentedRaftLogWorker (SegmentedRaftLogWorker.java:lambda$new$0(135)) - omNode-1@group-523986131536-SegmentedRaftLogWorker: safeCacheEvictIndex: setUnconditionally -1 -> 23
2022-08-10 20:38:54,759 [OM StateMachine ApplyTransaction Thread - 0] INFO  segmented.SegmentedRaftLogWorker (SegmentedRaftLogWorker.java:closeLogSegment(446)) - omNode-1@group-523986131536-SegmentedRaftLogWorker: Closing segment log_inprogress_0 to index: 23
2022-08-10 20:38:54,759 [OM StateMachine ApplyTransaction Thread - 0] INFO  raftlog.RaftLog (RaftLogBase.java:lambda$new$0(53)) - omNode-1@group-523986131536-SegmentedRaftLog: snapshotIndex: updateIncreasingly -1 -> 23
2022-08-10 20:38:54,762 [omNode-1@group-523986131536-SegmentedRaftLogWorker] INFO  segmented.SegmentedRaftLogWorker (SegmentedRaftLogWorker.java:execute(586)) - omNode-1@group-523986131536-SegmentedRaftLogWorker: Rolled log segment from /home/runner/work/ozone/ozone/hadoop-ozone/integration-test/target/test-dir/MiniOzoneClusterImpl-6b5328db-83be-43cc-b602-c95cfe986a84/omNode-1/ratis/c9bc4cf4-3bc3-3c60-a66b-523986131536/current/log_inprogress_0 to /home/runner/work/ozone/ozone/hadoop-ozone/integration-test/target/test-dir/MiniOzoneClusterImpl-6b5328db-83be-43cc-b602-c95cfe986a84/omNode-1/ratis/c9bc4cf4-3bc3-3c60-a66b-523986131536/current/log_0-23
2022-08-10 20:38:54,763 [OM StateMachine ApplyTransaction Thread - 0] INFO  om.OzoneManagerPrepareState (OzoneManagerPrepareState.java:writePrepareMarkerFile(262)) - Prepare marker file written with log index 18 to file /home/runner/work/ozone/ozone/hadoop-ozone/integration-test/target/test-dir/MiniOzoneClusterImpl-6b5328db-83be-43cc-b602-c95cfe986a84/omNode-1/current/prepareMarker
2022-08-10 20:38:54,763 [OM StateMachine ApplyTransaction Thread - 0] INFO  upgrade.OMPrepareRequest (OMPrepareRequest.java:validateAndUpdateCache(120)) - OM omNode-1 prepared at log index 18. Returning response txnID: 18
 with log index 18
2022-08-10 20:38:55,745 [Listener at 127.0.0.1/39139] INFO  om.TestOzoneManagerPrepare (TestOzoneManagerPrepare.java:lambda$assertClusterPrepared$7(464)) - omNode-1 has prepare status: PREPARE_COMPLETED prepare index: 18.
2022-08-10 20:38:55,746 [Listener at 127.0.0.1/39139] INFO  om.TestOzoneManagerPrepare (TestOzoneManagerPrepare.java:lambda$assertClusterPrepared$7(464)) - omNode-2 has prepare status: PREPARE_COMPLETED prepare index: 18.
2022-08-10 20:38:55,750 [Listener at 127.0.0.1/39139] INFO  rpc.RpcClient (RpcClient.java:createVolume(471)) - Creating Volume: vol, with runner as owner and space quota set to -1 bytes, counts quota set to -1
2022-08-10 20:38:55,753 [IPC Server handler 19 on default port 36141] INFO  ratis.OzoneManagerRatisServer (OzoneManagerRatisServer.java:submitRequest(250)) - Rejecting write request on OM omNode-2 because it is in prepare mode: CreateVolume
2022-08-10 20:38:59,011 [af3b5617-f48d-41e9-a4c5-2957a0e3c3f7@group-08AE96FD177A-FollowerState] INFO  impl.FollowerState (FollowerState.java:run(143)) - af3b5617-f48d-41e9-a4c5-2957a0e3c3f7@group-08AE96FD177A-FollowerState: change to CANDIDATE, lastRpcElapsedTime:5127010722ns, electionTimeout:5122ms
2022-08-10 20:38:59,011 [af3b5617-f48d-41e9-a4c5-2957a0e3c3f7@group-08AE96FD177A-FollowerState] INFO  impl.RoleInfo (RoleInfo.java:shutdownFollowerState(110)) - af3b5617-f48d-41e9-a4c5-2957a0e3c3f7: shutdown af3b5617-f48d-41e9-a4c5-2957a0e3c3f7@group-08AE96FD177A-FollowerState
2022-08-10 20:38:59,012 [af3b5617-f48d-41e9-a4c5-2957a0e3c3f7@group-08AE96FD177A-FollowerState] INFO  server.RaftServer$Division (RaftServerImpl.java:setRole(299)) - af3b5617-f48d-41e9-a4c5-2957a0e3c3f7@group-08AE96FD177A: changes role from  FOLLOWER to CANDIDATE at term 3 for changeToCandidate
2022-08-10 20:38:59,012 [af3b5617-f48d-41e9-a4c5-2957a0e3c3f7@group-08AE96FD177A-FollowerState] INFO  server.RaftServerConfigKeys (ConfUtils.java:logGet(46)) - raft.server.leaderelection.pre-vote = false (custom)
2022-08-10 20:38:59,012 [af3b5617-f48d-41e9-a4c5-2957a0e3c3f7@group-08AE96FD177A-FollowerState] INFO  impl.RoleInfo (RoleInfo.java:updateAndGet(139)) - af3b5617-f48d-41e9-a4c5-2957a0e3c3f7: start af3b5617-f48d-41e9-a4c5-2957a0e3c3f7@group-08AE96FD177A-LeaderElection14
2022-08-10 20:38:59,015 [af3b5617-f48d-41e9-a4c5-2957a0e3c3f7@group-08AE96FD177A-LeaderElection14] INFO  impl.LeaderElection (LeaderElection.java:askForVotes(310)) - af3b5617-f48d-41e9-a4c5-2957a0e3c3f7@group-08AE96FD177A-LeaderElection14 ELECTION round 0: submit vote requests at term 4 for -1: [af3b5617-f48d-41e9-a4c5-2957a0e3c3f7|rpc:10.1.0.27:41069|priority:0, eb7af48d-b4fa-4fc4-8235-6eb858e1f241|rpc:10.1.0.27:44069|priority:0, e0b21060-8445-402d-9ae3-38e47ae35866|rpc:10.1.0.27:33113|priority:1], old=null
2022-08-10 20:38:59,018 [grpc-default-executor-2] INFO  server.RaftServer$Division (RaftServerImpl.java:requestVote(1152)) - eb7af48d-b4fa-4fc4-8235-6eb858e1f241@group-08AE96FD177A: receive requestVote(ELECTION, af3b5617-f48d-41e9-a4c5-2957a0e3c3f7, group-08AE96FD177A, 4, (t:0, i:0))
2022-08-10 20:38:59,018 [grpc-default-executor-2] INFO  impl.VoteContext (VoteContext.java:log(48)) - eb7af48d-b4fa-4fc4-8235-6eb858e1f241@group-08AE96FD177A-FOLLOWER: accept ELECTION from af3b5617-f48d-41e9-a4c5-2957a0e3c3f7: our priority 0 <= candidate's priority 0
2022-08-10 20:38:59,019 [grpc-default-executor-2] INFO  server.RaftServer$Division (RaftServerImpl.java:setRole(299)) - eb7af48d-b4fa-4fc4-8235-6eb858e1f241@group-08AE96FD177A: changes role from  FOLLOWER to FOLLOWER at term 4 for candidate:af3b5617-f48d-41e9-a4c5-2957a0e3c3f7
2022-08-10 20:38:59,019 [grpc-default-executor-2] INFO  impl.RoleInfo (RoleInfo.java:shutdownFollowerState(110)) - eb7af48d-b4fa-4fc4-8235-6eb858e1f241: shutdown eb7af48d-b4fa-4fc4-8235-6eb858e1f241@group-08AE96FD177A-FollowerState
2022-08-10 20:38:59,019 [grpc-default-executor-2] INFO  impl.RoleInfo (RoleInfo.java:updateAndGet(139)) - eb7af48d-b4fa-4fc4-8235-6eb858e1f241: start eb7af48d-b4fa-4fc4-8235-6eb858e1f241@group-08AE96FD177A-FollowerState
2022-08-10 20:38:59,019 [eb7af48d-b4fa-4fc4-8235-6eb858e1f241@group-08AE96FD177A-FollowerState] INFO  impl.FollowerState (FollowerState.java:run(152)) - eb7af48d-b4fa-4fc4-8235-6eb858e1f241@group-08AE96FD177A-FollowerState was interrupted
2022-08-10 20:38:59,019 [grpc-default-executor-3] INFO  server.RaftServer$Division (RaftServerImpl.java:requestVote(1152)) - e0b21060-8445-402d-9ae3-38e47ae35866@group-08AE96FD177A: receive requestVote(ELECTION, af3b5617-f48d-41e9-a4c5-2957a0e3c3f7, group-08AE96FD177A, 4, (t:0, i:0))
2022-08-10 20:38:59,019 [grpc-default-executor-3] INFO  impl.VoteContext (VoteContext.java:log(48)) - e0b21060-8445-402d-9ae3-38e47ae35866@group-08AE96FD177A-FOLLOWER: reject ELECTION from af3b5617-f48d-41e9-a4c5-2957a0e3c3f7: our priority 1 > candidate's priority 0
2022-08-10 20:38:59,019 [grpc-default-executor-3] INFO  server.RaftServer$Division (RaftServerImpl.java:setRole(299)) - e0b21060-8445-402d-9ae3-38e47ae35866@group-08AE96FD177A: changes role from  FOLLOWER to FOLLOWER at term 4 for candidate:af3b5617-f48d-41e9-a4c5-2957a0e3c3f7
2022-08-10 20:38:59,019 [grpc-default-executor-3] INFO  impl.RoleInfo (RoleInfo.java:shutdownFollowerState(110)) - e0b21060-8445-402d-9ae3-38e47ae35866: shutdown e0b21060-8445-402d-9ae3-38e47ae35866@group-08AE96FD177A-FollowerState
2022-08-10 20:38:59,020 [grpc-default-executor-3] INFO  impl.RoleInfo (RoleInfo.java:updateAndGet(139)) - e0b21060-8445-402d-9ae3-38e47ae35866: start e0b21060-8445-402d-9ae3-38e47ae35866@group-08AE96FD177A-FollowerState
2022-08-10 20:38:59,020 [e0b21060-8445-402d-9ae3-38e47ae35866@group-08AE96FD177A-FollowerState] INFO  impl.FollowerState (FollowerState.java:run(152)) - e0b21060-8445-402d-9ae3-38e47ae35866@group-08AE96FD177A-FollowerState was interrupted
2022-08-10 20:38:59,021 [grpc-default-executor-2] INFO  server.RaftServer$Division (RaftServerImpl.java:requestVote(1184)) - eb7af48d-b4fa-4fc4-8235-6eb858e1f241@group-08AE96FD177A replies to ELECTION vote request: af3b5617-f48d-41e9-a4c5-2957a0e3c3f7<-eb7af48d-b4fa-4fc4-8235-6eb858e1f241#0:OK-t4. Peer's state: eb7af48d-b4fa-4fc4-8235-6eb858e1f241@group-08AE96FD177A:t4, leader=null, voted=af3b5617-f48d-41e9-a4c5-2957a0e3c3f7, raftlog=eb7af48d-b4fa-4fc4-8235-6eb858e1f241@group-08AE96FD177A-SegmentedRaftLog:OPENED:c-1, conf=-1: [af3b5617-f48d-41e9-a4c5-2957a0e3c3f7|rpc:10.1.0.27:41069|dataStream:|priority:0, eb7af48d-b4fa-4fc4-8235-6eb858e1f241|rpc:10.1.0.27:44069|dataStream:|priority:0, e0b21060-8445-402d-9ae3-38e47ae35866|rpc:10.1.0.27:33113|dataStream:|priority:1], old=null
2022-08-10 20:38:59,022 [grpc-default-executor-3] INFO  server.RaftServer$Division (RaftServerImpl.java:requestVote(1184)) - e0b21060-8445-402d-9ae3-38e47ae35866@group-08AE96FD177A replies to ELECTION vote request: af3b5617-f48d-41e9-a4c5-2957a0e3c3f7<-e0b21060-8445-402d-9ae3-38e47ae35866#0:FAIL-t4. Peer's state: e0b21060-8445-402d-9ae3-38e47ae35866@group-08AE96FD177A:t4, leader=null, voted=null, raftlog=e0b21060-8445-402d-9ae3-38e47ae35866@group-08AE96FD177A-SegmentedRaftLog:OPENED:c-1, conf=-1: [af3b5617-f48d-41e9-a4c5-2957a0e3c3f7|rpc:10.1.0.27:41069|dataStream:|priority:0, eb7af48d-b4fa-4fc4-8235-6eb858e1f241|rpc:10.1.0.27:44069|dataStream:|priority:0, e0b21060-8445-402d-9ae3-38e47ae35866|rpc:10.1.0.27:33113|dataStream:|priority:1], old=null
2022-08-10 20:38:59,023 [af3b5617-f48d-41e9-a4c5-2957a0e3c3f7@group-08AE96FD177A-LeaderElection14] INFO  impl.LeaderElection (LeaderElection.java:logAndReturn(90)) - af3b5617-f48d-41e9-a4c5-2957a0e3c3f7@group-08AE96FD177A-LeaderElection14: ELECTION REJECTED received 1 response(s) and 0 exception(s):
2022-08-10 20:38:59,026 [af3b5617-f48d-41e9-a4c5-2957a0e3c3f7@group-08AE96FD177A-LeaderElection14] INFO  impl.LeaderElection (LeaderElection.java:logAndReturn(94)) -   Response 0: af3b5617-f48d-41e9-a4c5-2957a0e3c3f7<-e0b21060-8445-402d-9ae3-38e47ae35866#0:FAIL-t4
2022-08-10 20:38:59,026 [af3b5617-f48d-41e9-a4c5-2957a0e3c3f7@group-08AE96FD177A-LeaderElection14] INFO  impl.LeaderElection (LeaderElection.java:askForVotes(312)) - af3b5617-f48d-41e9-a4c5-2957a0e3c3f7@group-08AE96FD177A-LeaderElection14 ELECTION round 0: result REJECTED
2022-08-10 20:38:59,026 [af3b5617-f48d-41e9-a4c5-2957a0e3c3f7@group-08AE96FD177A-LeaderElection14] INFO  server.RaftServer$Division (RaftServerImpl.java:setRole(299)) - af3b5617-f48d-41e9-a4c5-2957a0e3c3f7@group-08AE96FD177A: changes role from CANDIDATE to FOLLOWER at term 4 for REJECTED
2022-08-10 20:38:59,026 [af3b5617-f48d-41e9-a4c5-2957a0e3c3f7@group-08AE96FD177A-LeaderElection14] INFO  impl.RoleInfo (RoleInfo.java:shutdownLeaderElection(130)) - af3b5617-f48d-41e9-a4c5-2957a0e3c3f7: shutdown af3b5617-f48d-41e9-a4c5-2957a0e3c3f7@group-08AE96FD177A-LeaderElection14
2022-08-10 20:38:59,026 [af3b5617-f48d-41e9-a4c5-2957a0e3c3f7@group-08AE96FD177A-LeaderElection14] INFO  impl.RoleInfo (RoleInfo.java:updateAndGet(139)) - af3b5617-f48d-41e9-a4c5-2957a0e3c3f7: start af3b5617-f48d-41e9-a4c5-2957a0e3c3f7@group-08AE96FD177A-FollowerState
2022-08-10 20:39:04,038 [e0b21060-8445-402d-9ae3-38e47ae35866@group-08AE96FD177A-FollowerState] INFO  impl.FollowerState (FollowerState.java:run(143)) - e0b21060-8445-402d-9ae3-38e47ae35866@group-08AE96FD177A-FollowerState: change to CANDIDATE, lastRpcElapsedTime:5018003661ns, electionTimeout:5016ms
2022-08-10 20:39:04,040 [e0b21060-8445-402d-9ae3-38e47ae35866@group-08AE96FD177A-FollowerState] INFO  impl.RoleInfo (RoleInfo.java:shutdownFollowerState(110)) - e0b21060-8445-402d-9ae3-38e47ae35866: shutdown e0b21060-8445-402d-9ae3-38e47ae35866@group-08AE96FD177A-FollowerState
2022-08-10 20:39:04,041 [e0b21060-8445-402d-9ae3-38e47ae35866@group-08AE96FD177A-FollowerState] INFO  server.RaftServer$Division (RaftServerImpl.java:setRole(299)) - e0b21060-8445-402d-9ae3-38e47ae35866@group-08AE96FD177A: changes role from  FOLLOWER to CANDIDATE at term 4 for changeToCandidate
2022-08-10 20:39:04,041 [e0b21060-8445-402d-9ae3-38e47ae35866@group-08AE96FD177A-FollowerState] INFO  server.RaftServerConfigKeys (ConfUtils.java:logGet(46)) - raft.server.leaderelection.pre-vote = false (custom)
2022-08-10 20:39:04,041 [e0b21060-8445-402d-9ae3-38e47ae35866@group-08AE96FD177A-FollowerState] INFO  impl.RoleInfo (RoleInfo.java:updateAndGet(139)) - e0b21060-8445-402d-9ae3-38e47ae35866: start e0b21060-8445-402d-9ae3-38e47ae35866@group-08AE96FD177A-LeaderElection15
2022-08-10 20:39:04,068 [e0b21060-8445-402d-9ae3-38e47ae35866@group-08AE96FD177A-LeaderElection15] INFO  impl.LeaderElection (LeaderElection.java:askForVotes(310)) - e0b21060-8445-402d-9ae3-38e47ae35866@group-08AE96FD177A-LeaderElection15 ELECTION round 0: submit vote requests at term 5 for -1: [af3b5617-f48d-41e9-a4c5-2957a0e3c3f7|rpc:10.1.0.27:41069|dataStream:|priority:0, eb7af48d-b4fa-4fc4-8235-6eb858e1f241|rpc:10.1.0.27:44069|dataStream:|priority:0, e0b21060-8445-402d-9ae3-38e47ae35866|rpc:10.1.0.27:33113|dataStream:|priority:1], old=null
2022-08-10 20:39:04,082 [grpc-default-executor-3] INFO  server.RaftServer$Division (RaftServerImpl.java:requestVote(1152)) - af3b5617-f48d-41e9-a4c5-2957a0e3c3f7@group-08AE96FD177A: receive requestVote(ELECTION, e0b21060-8445-402d-9ae3-38e47ae35866, group-08AE96FD177A, 5, (t:0, i:0))
2022-08-10 20:39:04,083 [grpc-default-executor-3] INFO  impl.VoteContext (VoteContext.java:log(48)) - af3b5617-f48d-41e9-a4c5-2957a0e3c3f7@group-08AE96FD177A-FOLLOWER: accept ELECTION from e0b21060-8445-402d-9ae3-38e47ae35866: our priority 0 <= candidate's priority 1
2022-08-10 20:39:04,083 [grpc-default-executor-3] INFO  server.RaftServer$Division (RaftServerImpl.java:setRole(299)) - af3b5617-f48d-41e9-a4c5-2957a0e3c3f7@group-08AE96FD177A: changes role from  FOLLOWER to FOLLOWER at term 5 for candidate:e0b21060-8445-402d-9ae3-38e47ae35866
2022-08-10 20:39:04,083 [grpc-default-executor-3] INFO  impl.RoleInfo (RoleInfo.java:shutdownFollowerState(110)) - af3b5617-f48d-41e9-a4c5-2957a0e3c3f7: shutdown af3b5617-f48d-41e9-a4c5-2957a0e3c3f7@group-08AE96FD177A-FollowerState
2022-08-10 20:39:04,083 [grpc-default-executor-3] INFO  impl.RoleInfo (RoleInfo.java:updateAndGet(139)) - af3b5617-f48d-41e9-a4c5-2957a0e3c3f7: start af3b5617-f48d-41e9-a4c5-2957a0e3c3f7@group-08AE96FD177A-FollowerState
2022-08-10 20:39:04,083 [af3b5617-f48d-41e9-a4c5-2957a0e3c3f7@group-08AE96FD177A-FollowerState] INFO  impl.FollowerState (FollowerState.java:run(152)) - af3b5617-f48d-41e9-a4c5-2957a0e3c3f7@group-08AE96FD177A-FollowerState was interrupted
2022-08-10 20:39:04,089 [grpc-default-executor-3] INFO  server.RaftServer$Division (RaftServerImpl.java:requestVote(1184)) - af3b5617-f48d-41e9-a4c5-2957a0e3c3f7@group-08AE96FD177A replies to ELECTION vote request: e0b21060-8445-402d-9ae3-38e47ae35866<-af3b5617-f48d-41e9-a4c5-2957a0e3c3f7#0:OK-t5. Peer's state: af3b5617-f48d-41e9-a4c5-2957a0e3c3f7@group-08AE96FD177A:t5, leader=null, voted=e0b21060-8445-402d-9ae3-38e47ae35866, raftlog=af3b5617-f48d-41e9-a4c5-2957a0e3c3f7@group-08AE96FD177A-SegmentedRaftLog:OPENED:c-1, conf=-1: [af3b5617-f48d-41e9-a4c5-2957a0e3c3f7|rpc:10.1.0.27:41069|priority:0, eb7af48d-b4fa-4fc4-8235-6eb858e1f241|rpc:10.1.0.27:44069|priority:0, e0b21060-8445-402d-9ae3-38e47ae35866|rpc:10.1.0.27:33113|priority:1], old=null
2022-08-10 20:39:04,097 [e0b21060-8445-402d-9ae3-38e47ae35866@group-08AE96FD177A-LeaderElection15] INFO  impl.LeaderElection (LeaderElection.java:logAndReturn(90)) - e0b21060-8445-402d-9ae3-38e47ae35866@group-08AE96FD177A-LeaderElection15: ELECTION PASSED received 1 response(s) and 0 exception(s):
2022-08-10 20:39:04,097 [e0b21060-8445-402d-9ae3-38e47ae35866@group-08AE96FD177A-LeaderElection15] INFO  impl.LeaderElection (LeaderElection.java:logAndReturn(94)) -   Response 0: e0b21060-8445-402d-9ae3-38e47ae35866<-af3b5617-f48d-41e9-a4c5-2957a0e3c3f7#0:OK-t5
2022-08-10 20:39:04,097 [e0b21060-8445-402d-9ae3-38e47ae35866@group-08AE96FD177A-LeaderElection15] INFO  impl.LeaderElection (LeaderElection.java:askForVotes(312)) - e0b21060-8445-402d-9ae3-38e47ae35866@group-08AE96FD177A-LeaderElection15 ELECTION round 0: result PASSED
2022-08-10 20:39:04,097 [e0b21060-8445-402d-9ae3-38e47ae35866@group-08AE96FD177A-LeaderElection15] INFO  impl.RoleInfo (RoleInfo.java:shutdownLeaderElection(130)) - e0b21060-8445-402d-9ae3-38e47ae35866: shutdown e0b21060-8445-402d-9ae3-38e47ae35866@group-08AE96FD177A-LeaderElection15
2022-08-10 20:39:04,097 [e0b21060-8445-402d-9ae3-38e47ae35866@group-08AE96FD177A-LeaderElection15] INFO  server.RaftServer$Division (RaftServerImpl.java:setRole(299)) - e0b21060-8445-402d-9ae3-38e47ae35866@group-08AE96FD177A: changes role from CANDIDATE to LEADER at term 5 for changeToLeader
2022-08-10 20:39:04,097 [e0b21060-8445-402d-9ae3-38e47ae35866@group-08AE96FD177A-LeaderElection15] INFO  ratis.XceiverServerRatis (XceiverServerRatis.java:handleLeaderChangedNotification(863)) - Leader change notification received for group: group-08AE96FD177A with new leaderId: e0b21060-8445-402d-9ae3-38e47ae35866
2022-08-10 20:39:04,097 [e0b21060-8445-402d-9ae3-38e47ae35866@group-08AE96FD177A-LeaderElection15] INFO  server.RaftServer$Division (ServerState.java:setLeader(287)) - e0b21060-8445-402d-9ae3-38e47ae35866@group-08AE96FD177A: change Leader from null to e0b21060-8445-402d-9ae3-38e47ae35866 at term 5 for becomeLeader, leader elected after 25503ms
2022-08-10 20:39:04,097 [e0b21060-8445-402d-9ae3-38e47ae35866@group-08AE96FD177A-LeaderElection15] INFO  server.RaftServerConfigKeys (ConfUtils.java:logGet(46)) - raft.server.staging.catchup.gap = 1000 (default)
2022-08-10 20:39:04,097 [e0b21060-8445-402d-9ae3-38e47ae35866@group-08AE96FD177A-LeaderElection15] INFO  server.RaftServerConfigKeys (ConfUtils.java:logGet(46)) - raft.server.write.element-limit = 1024 (custom)
2022-08-10 20:39:04,097 [e0b21060-8445-402d-9ae3-38e47ae35866@group-08AE96FD177A-LeaderElection15] INFO  server.RaftServerConfigKeys (ConfUtils.java:logGet(46)) - raft.server.write.byte-limit = 1024 M (=1073741824) (custom)
2022-08-10 20:39:04,098 [e0b21060-8445-402d-9ae3-38e47ae35866@group-08AE96FD177A-LeaderElection15] INFO  server.RaftServerConfigKeys (ConfUtils.java:logGet(46)) - raft.server.watch.timeout = 180s (custom)
2022-08-10 20:39:04,098 [e0b21060-8445-402d-9ae3-38e47ae35866@group-08AE96FD177A-LeaderElection15] INFO  server.RaftServerConfigKeys (ConfUtils.java:logGet(46)) - raft.server.watch.timeout.denomination = 1s (default)
2022-08-10 20:39:04,098 [e0b21060-8445-402d-9ae3-38e47ae35866@group-08AE96FD177A-LeaderElection15] INFO  server.RaftServerConfigKeys (ConfUtils.java:logGet(46)) - raft.server.watch.element-limit = 65536 (default)
2022-08-10 20:39:04,098 [e0b21060-8445-402d-9ae3-38e47ae35866@group-08AE96FD177A-LeaderElection15] INFO  server.RaftServerConfigKeys (ConfUtils.java:logGet(46)) - raft.server.write.element-limit = 1024 (custom)
2022-08-10 20:39:04,098 [e0b21060-8445-402d-9ae3-38e47ae35866@group-08AE96FD177A-LeaderElection15] INFO  server.RaftServerConfigKeys (ConfUtils.java:logGet(46)) - raft.server.write.follower.gap.ratio.max = -1.0 (default)
2022-08-10 20:39:04,098 [e0b21060-8445-402d-9ae3-38e47ae35866@group-08AE96FD177A-LeaderElection15] INFO  server.RaftServerConfigKeys (ConfUtils.java:logGet(46)) - raft.server.log.appender.snapshot.chunk.size.max = 16MB (=16777216) (default)
2022-08-10 20:39:04,099 [e0b21060-8445-402d-9ae3-38e47ae35866@group-08AE96FD177A-LeaderElection15] INFO  server.RaftServerConfigKeys (ConfUtils.java:logGet(46)) - raft.server.log.appender.buffer.byte-limit = 33554432 (custom)
2022-08-10 20:39:04,099 [e0b21060-8445-402d-9ae3-38e47ae35866@group-08AE96FD177A-LeaderElection15] INFO  server.RaftServerConfigKeys (ConfUtils.java:logGet(46)) - raft.server.log.appender.buffer.element-limit = 1 (custom)
2022-08-10 20:39:04,099 [e0b21060-8445-402d-9ae3-38e47ae35866@group-08AE96FD177A-LeaderElection15] INFO  grpc.GrpcConfigKeys (ConfUtils.java:logGet(46)) - raft.grpc.server.leader.outstanding.appends.max = 128 (default)
2022-08-10 20:39:04,099 [e0b21060-8445-402d-9ae3-38e47ae35866@group-08AE96FD177A-LeaderElection15] INFO  server.RaftServerConfigKeys (ConfUtils.java:logGet(46)) - raft.server.rpc.request.timeout = 60s (custom)
2022-08-10 20:39:04,100 [e0b21060-8445-402d-9ae3-38e47ae35866@group-08AE96FD177A-LeaderElection15] INFO  server.RaftServerConfigKeys (ConfUtils.java:logGet(46)) - raft.server.log.appender.install.snapshot.enabled = false (custom)
2022-08-10 20:39:04,101 [EventQueue-PipelineReportForPipelineReportHandler] INFO  pipeline.PipelineManagerImpl (PipelineManagerImpl.java:openPipeline(367)) - Pipeline Pipeline[ Id: 55824934-fef0-4597-ab06-08ae96fd177a, Nodes: e0b21060-8445-402d-9ae3-38e47ae35866{ip: 10.1.0.27, host: fv-az202-490.gfb0ajewubbutj5gszi5w2qz2a.jx.internal.cloudapp.net, ports: [REPLICATION=41571, RATIS=33113, RATIS_ADMIN=33113, RATIS_SERVER=33113, STANDALONE=38857], networkLocation: /default-rack, certSerialId: null, persistedOpState: IN_SERVICE, persistedOpStateExpiryEpochSec: 0}af3b5617-f48d-41e9-a4c5-2957a0e3c3f7{ip: 10.1.0.27, host: fv-az202-490.gfb0ajewubbutj5gszi5w2qz2a.jx.internal.cloudapp.net, ports: [REPLICATION=46421, RATIS=41069, RATIS_ADMIN=41069, RATIS_SERVER=41069, STANDALONE=44043], networkLocation: /default-rack, certSerialId: null, persistedOpState: IN_SERVICE, persistedOpStateExpiryEpochSec: 0}eb7af48d-b4fa-4fc4-8235-6eb858e1f241{ip: 10.1.0.27, host: fv-az202-490.gfb0ajewubbutj5gszi5w2qz2a.jx.internal.cloudapp.net, ports: [REPLICATION=36595, RATIS=44069, RATIS_ADMIN=44069, RATIS_SERVER=44069, STANDALONE=41335], networkLocation: /default-rack, certSerialId: null, persistedOpState: IN_SERVICE, persistedOpStateExpiryEpochSec: 0}, ReplicationConfig: RATIS/THREE, State:ALLOCATED, leaderId:e0b21060-8445-402d-9ae3-38e47ae35866, CreationTimestamp2022-08-10T20:38:35.981Z[Etc/UTC]] moved to OPEN state
2022-08-10 20:39:04,103 [e0b21060-8445-402d-9ae3-38e47ae35866@group-08AE96FD177A-LeaderElection15] INFO  server.RaftServerConfigKeys (ConfUtils.java:logGet(46)) - raft.server.log.appender.snapshot.chunk.size.max = 16MB (=16777216) (default)
2022-08-10 20:39:04,103 [e0b21060-8445-402d-9ae3-38e47ae35866@group-08AE96FD177A-LeaderElection15] INFO  server.RaftServerConfigKeys (ConfUtils.java:logGet(46)) - raft.server.log.appender.buffer.byte-limit = 33554432 (custom)
2022-08-10 20:39:04,103 [e0b21060-8445-402d-9ae3-38e47ae35866@group-08AE96FD177A-LeaderElection15] INFO  server.RaftServerConfigKeys (ConfUtils.java:logGet(46)) - raft.server.log.appender.buffer.element-limit = 1 (custom)
2022-08-10 20:39:04,103 [e0b21060-8445-402d-9ae3-38e47ae35866@group-08AE96FD177A-LeaderElection15] INFO  grpc.GrpcConfigKeys (ConfUtils.java:logGet(46)) - raft.grpc.server.leader.outstanding.appends.max = 128 (default)
2022-08-10 20:39:04,103 [e0b21060-8445-402d-9ae3-38e47ae35866@group-08AE96FD177A-LeaderElection15] INFO  server.RaftServerConfigKeys (ConfUtils.java:logGet(46)) - raft.server.rpc.request.timeout = 60s (custom)
2022-08-10 20:39:04,103 [e0b21060-8445-402d-9ae3-38e47ae35866@group-08AE96FD177A-LeaderElection15] INFO  server.RaftServerConfigKeys (ConfUtils.java:logGet(46)) - raft.server.log.appender.install.snapshot.enabled = false (custom)
2022-08-10 20:39:04,103 [e0b21060-8445-402d-9ae3-38e47ae35866@group-08AE96FD177A-LeaderElection15] INFO  impl.RoleInfo (RoleInfo.java:updateAndGet(139)) - e0b21060-8445-402d-9ae3-38e47ae35866: start e0b21060-8445-402d-9ae3-38e47ae35866@group-08AE96FD177A-LeaderStateImpl
2022-08-10 20:39:04,103 [e0b21060-8445-402d-9ae3-38e47ae35866@group-08AE96FD177A-LeaderElection15] INFO  segmented.SegmentedRaftLogWorker (SegmentedRaftLogWorker.java:startLogSegment(425)) - e0b21060-8445-402d-9ae3-38e47ae35866@group-08AE96FD177A-SegmentedRaftLogWorker: Starting segment from index:0
2022-08-10 20:39:04,105 [e0b21060-8445-402d-9ae3-38e47ae35866@group-08AE96FD177A-SegmentedRaftLogWorker] INFO  segmented.SegmentedRaftLogWorker (SegmentedRaftLogWorker.java:execute(629)) - e0b21060-8445-402d-9ae3-38e47ae35866@group-08AE96FD177A-SegmentedRaftLogWorker: created new log segment /home/runner/work/ozone/ozone/hadoop-ozone/integration-test/target/test-dir/MiniOzoneClusterImpl-6b5328db-83be-43cc-b602-c95cfe986a84/datanode-2/data/ratis/55824934-fef0-4597-ab06-08ae96fd177a/current/log_inprogress_0
2022-08-10 20:39:04,119 [e0b21060-8445-402d-9ae3-38e47ae35866@group-08AE96FD177A-LeaderElection15] INFO  server.RaftServer$Division (ServerState.java:setRaftConf(393)) - e0b21060-8445-402d-9ae3-38e47ae35866@group-08AE96FD177A: set configuration 0: [af3b5617-f48d-41e9-a4c5-2957a0e3c3f7|rpc:10.1.0.27:41069|dataStream:|priority:0, eb7af48d-b4fa-4fc4-8235-6eb858e1f241|rpc:10.1.0.27:44069|dataStream:|priority:0, e0b21060-8445-402d-9ae3-38e47ae35866|rpc:10.1.0.27:33113|dataStream:|priority:1], old=null
2022-08-10 20:39:04,122 [grpc-default-executor-2] INFO  server.RaftServer$Division (RaftServerImpl.java:requestVote(1152)) - eb7af48d-b4fa-4fc4-8235-6eb858e1f241@group-08AE96FD177A: receive requestVote(ELECTION, e0b21060-8445-402d-9ae3-38e47ae35866, group-08AE96FD177A, 5, (t:0, i:0))
2022-08-10 20:39:04,123 [grpc-default-executor-2] INFO  impl.VoteContext (VoteContext.java:log(48)) - eb7af48d-b4fa-4fc4-8235-6eb858e1f241@group-08AE96FD177A-FOLLOWER: accept ELECTION from e0b21060-8445-402d-9ae3-38e47ae35866: our priority 0 <= candidate's priority 1
2022-08-10 20:39:04,123 [grpc-default-executor-2] INFO  server.RaftServer$Division (RaftServerImpl.java:setRole(299)) - eb7af48d-b4fa-4fc4-8235-6eb858e1f241@group-08AE96FD177A: changes role from  FOLLOWER to FOLLOWER at term 5 for candidate:e0b21060-8445-402d-9ae3-38e47ae35866
2022-08-10 20:39:04,123 [grpc-default-executor-2] INFO  impl.RoleInfo (RoleInfo.java:shutdownFollowerState(110)) - eb7af48d-b4fa-4fc4-8235-6eb858e1f241: shutdown eb7af48d-b4fa-4fc4-8235-6eb858e1f241@group-08AE96FD177A-FollowerState
2022-08-10 20:39:04,123 [grpc-default-executor-2] INFO  impl.RoleInfo (RoleInfo.java:updateAndGet(139)) - eb7af48d-b4fa-4fc4-8235-6eb858e1f241: start eb7af48d-b4fa-4fc4-8235-6eb858e1f241@group-08AE96FD177A-FollowerState
2022-08-10 20:39:04,123 [eb7af48d-b4fa-4fc4-8235-6eb858e1f241@group-08AE96FD177A-FollowerState] INFO  impl.FollowerState (FollowerState.java:run(152)) - eb7af48d-b4fa-4fc4-8235-6eb858e1f241@group-08AE96FD177A-FollowerState was interrupted
2022-08-10 20:39:04,129 [af3b5617-f48d-41e9-a4c5-2957a0e3c3f7-server-thread1] INFO  ratis.XceiverServerRatis (XceiverServerRatis.java:handleLeaderChangedNotification(863)) - Leader change notification received for group: group-08AE96FD177A with new leaderId: e0b21060-8445-402d-9ae3-38e47ae35866
2022-08-10 20:39:04,129 [af3b5617-f48d-41e9-a4c5-2957a0e3c3f7-server-thread1] INFO  server.RaftServer$Division (ServerState.java:setLeader(287)) - af3b5617-f48d-41e9-a4c5-2957a0e3c3f7@group-08AE96FD177A: change Leader from null to e0b21060-8445-402d-9ae3-38e47ae35866 at term 5 for appendEntries, leader elected after 25576ms
2022-08-10 20:39:04,133 [grpc-default-executor-2] INFO  server.RaftServer$Division (RaftServerImpl.java:requestVote(1184)) - eb7af48d-b4fa-4fc4-8235-6eb858e1f241@group-08AE96FD177A replies to ELECTION vote request: e0b21060-8445-402d-9ae3-38e47ae35866<-eb7af48d-b4fa-4fc4-8235-6eb858e1f241#0:OK-t5. Peer's state: eb7af48d-b4fa-4fc4-8235-6eb858e1f241@group-08AE96FD177A:t5, leader=null, voted=e0b21060-8445-402d-9ae3-38e47ae35866, raftlog=eb7af48d-b4fa-4fc4-8235-6eb858e1f241@group-08AE96FD177A-SegmentedRaftLog:OPENED:c-1, conf=-1: [af3b5617-f48d-41e9-a4c5-2957a0e3c3f7|rpc:10.1.0.27:41069|dataStream:|priority:0, eb7af48d-b4fa-4fc4-8235-6eb858e1f241|rpc:10.1.0.27:44069|dataStream:|priority:0, e0b21060-8445-402d-9ae3-38e47ae35866|rpc:10.1.0.27:33113|dataStream:|priority:1], old=null
2022-08-10 20:39:04,143 [af3b5617-f48d-41e9-a4c5-2957a0e3c3f7-server-thread1] INFO  server.RaftServer$Division (ServerState.java:setRaftConf(393)) - af3b5617-f48d-41e9-a4c5-2957a0e3c3f7@group-08AE96FD177A: set configuration 0: [af3b5617-f48d-41e9-a4c5-2957a0e3c3f7|rpc:10.1.0.27:41069|dataStream:|priority:0, eb7af48d-b4fa-4fc4-8235-6eb858e1f241|rpc:10.1.0.27:44069|dataStream:|priority:0, e0b21060-8445-402d-9ae3-38e47ae35866|rpc:10.1.0.27:33113|dataStream:|priority:1], old=null
2022-08-10 20:39:04,144 [af3b5617-f48d-41e9-a4c5-2957a0e3c3f7-server-thread1] INFO  segmented.SegmentedRaftLogWorker (SegmentedRaftLogWorker.java:startLogSegment(425)) - af3b5617-f48d-41e9-a4c5-2957a0e3c3f7@group-08AE96FD177A-SegmentedRaftLogWorker: Starting segment from index:0
2022-08-10 20:39:04,144 [eb7af48d-b4fa-4fc4-8235-6eb858e1f241-server-thread1] INFO  ratis.XceiverServerRatis (XceiverServerRatis.java:handleLeaderChangedNotification(863)) - Leader change notification received for group: group-08AE96FD177A with new leaderId: e0b21060-8445-402d-9ae3-38e47ae35866
2022-08-10 20:39:04,145 [eb7af48d-b4fa-4fc4-8235-6eb858e1f241-server-thread1] INFO  server.RaftServer$Division (ServerState.java:setLeader(287)) - eb7af48d-b4fa-4fc4-8235-6eb858e1f241@group-08AE96FD177A: change Leader from null to e0b21060-8445-402d-9ae3-38e47ae35866 at term 5 for appendEntries, leader elected after 25507ms
2022-08-10 20:39:04,145 [af3b5617-f48d-41e9-a4c5-2957a0e3c3f7@group-08AE96FD177A-SegmentedRaftLogWorker] INFO  segmented.SegmentedRaftLogWorker (SegmentedRaftLogWorker.java:execute(629)) - af3b5617-f48d-41e9-a4c5-2957a0e3c3f7@group-08AE96FD177A-SegmentedRaftLogWorker: created new log segment /home/runner/work/ozone/ozone/hadoop-ozone/integration-test/target/test-dir/MiniOzoneClusterImpl-6b5328db-83be-43cc-b602-c95cfe986a84/datanode-0/data/ratis/55824934-fef0-4597-ab06-08ae96fd177a/current/log_inprogress_0
2022-08-10 20:39:04,150 [eb7af48d-b4fa-4fc4-8235-6eb858e1f241-server-thread1] INFO  server.RaftServer$Division (ServerState.java:setRaftConf(393)) - eb7af48d-b4fa-4fc4-8235-6eb858e1f241@group-08AE96FD177A: set configuration 0: [af3b5617-f48d-41e9-a4c5-2957a0e3c3f7|rpc:10.1.0.27:41069|dataStream:|priority:0, eb7af48d-b4fa-4fc4-8235-6eb858e1f241|rpc:10.1.0.27:44069|dataStream:|priority:0, e0b21060-8445-402d-9ae3-38e47ae35866|rpc:10.1.0.27:33113|dataStream:|priority:1], old=null
2022-08-10 20:39:04,150 [eb7af48d-b4fa-4fc4-8235-6eb858e1f241-server-thread1] INFO  segmented.SegmentedRaftLogWorker (SegmentedRaftLogWorker.java:startLogSegment(425)) - eb7af48d-b4fa-4fc4-8235-6eb858e1f241@group-08AE96FD177A-SegmentedRaftLogWorker: Starting segment from index:0
2022-08-10 20:39:04,152 [eb7af48d-b4fa-4fc4-8235-6eb858e1f241@group-08AE96FD177A-SegmentedRaftLogWorker] INFO  segmented.SegmentedRaftLogWorker (SegmentedRaftLogWorker.java:execute(629)) - eb7af48d-b4fa-4fc4-8235-6eb858e1f241@group-08AE96FD177A-SegmentedRaftLogWorker: created new log segment /home/runner/work/ozone/ozone/hadoop-ozone/integration-test/target/test-dir/MiniOzoneClusterImpl-6b5328db-83be-43cc-b602-c95cfe986a84/datanode-1/data/ratis/55824934-fef0-4597-ab06-08ae96fd177a/current/log_inprogress_0
2022-08-10 20:39:23,256 [UnderReplicatedQueueThreadThread] INFO  replication.UnderReplicatedProcessor (UnderReplicatedProcessor.java:processAll(85)) - Processed 0 under replicated containers, failed processing 0
2022-08-10 20:39:23,267 [OverReplicatedQueueThreadThread] INFO  replication.OverReplicatedProcessor (OverReplicatedProcessor.java:processAll(83)) - Processed 0 over replicated containers, failed processing 0
2022-08-10 20:39:53,256 [UnderReplicatedQueueThreadThread] INFO  replication.UnderReplicatedProcessor (UnderReplicatedProcessor.java:processAll(85)) - Processed 0 under replicated containers, failed processing 0
2022-08-10 20:39:53,268 [OverReplicatedQueueThreadThread] INFO  replication.OverReplicatedProcessor (OverReplicatedProcessor.java:processAll(83)) - Processed 0 over replicated containers, failed processing 0
2022-08-10 20:40:23,257 [UnderReplicatedQueueThreadThread] INFO  replication.UnderReplicatedProcessor (UnderReplicatedProcessor.java:processAll(85)) - Processed 0 under replicated containers, failed processing 0
2022-08-10 20:40:23,268 [OverReplicatedQueueThreadThread] INFO  replication.OverReplicatedProcessor (OverReplicatedProcessor.java:processAll(83)) - Processed 0 over replicated containers, failed processing 0
2022-08-10 20:40:51,199 [org.apache.ratis.util.JvmPauseMonitor$$Lambda$703/1412835141@74121a9] WARN  util.JvmPauseMonitor (JvmPauseMonitor.java:detectPause(124)) - JvmPauseMonitor-omNode-3: Detected pause in JVM or host machine (eg GC): pause of approximately 122479847ns.
GC pool 'PS MarkSweep' had collection(s): count=1 time=230ms
GC pool 'PS Scavenge' had collection(s): count=1 time=74ms
2022-08-10 20:40:51,204 [org.apache.ratis.util.JvmPauseMonitor$$Lambda$703/1412835141@7b14953f] WARN  util.JvmPauseMonitor (JvmPauseMonitor.java:detectPause(124)) - JvmPauseMonitor-omNode-1: Detected pause in JVM or host machine (eg GC): pause of approximately 132373129ns.
GC pool 'PS MarkSweep' had collection(s): count=1 time=230ms
GC pool 'PS Scavenge' had collection(s): count=1 time=74ms
2022-08-10 20:40:51,204 [org.apache.ratis.util.JvmPauseMonitor$$Lambda$703/1412835141@457e1e80] WARN  util.JvmPauseMonitor (JvmPauseMonitor.java:detectPause(124)) - JvmPauseMonitor-e0b21060-8445-402d-9ae3-38e47ae35866: Detected pause in JVM or host machine (eg GC): pause of approximately 132433431ns.
GC pool 'PS MarkSweep' had collection(s): count=1 time=230ms
GC pool 'PS Scavenge' had collection(s): count=1 time=74ms
2022-08-10 20:40:51,204 [org.apache.ratis.util.JvmPauseMonitor$$Lambda$703/1412835141@6d5e0ab0] WARN  util.JvmPauseMonitor (JvmPauseMonitor.java:detectPause(124)) - JvmPauseMonitor-af3b5617-f48d-41e9-a4c5-2957a0e3c3f7: Detected pause in JVM or host machine (eg GC): pause of approximately 264370658ns.
GC pool 'PS MarkSweep' had collection(s): count=1 time=230ms
GC pool 'PS Scavenge' had collection(s): count=1 time=74ms
2022-08-10 20:40:51,204 [org.apache.ratis.util.JvmPauseMonitor$$Lambda$703/1412835141@76372f7f] WARN  util.JvmPauseMonitor (JvmPauseMonitor.java:detectPause(124)) - JvmPauseMonitor-omNode-2: Detected pause in JVM or host machine (eg GC): pause of approximately 264793865ns.
GC pool 'PS MarkSweep' had collection(s): count=1 time=230ms
GC pool 'PS Scavenge' had collection(s): count=1 time=74ms
2022-08-10 20:40:53,257 [UnderReplicatedQueueThreadThread] INFO  replication.UnderReplicatedProcessor (UnderReplicatedProcessor.java:processAll(85)) - Processed 0 under replicated containers, failed processing 0
2022-08-10 20:40:53,268 [OverReplicatedQueueThreadThread] INFO  replication.OverReplicatedProcessor (OverReplicatedProcessor.java:processAll(83)) - Processed 0 over replicated containers, failed processing 0
2022-08-10 20:40:55,795 [Listener at 127.0.0.1/39139] INFO  om.OzoneManager (OzoneManager.java:stop(2022)) - omNode-3[localhost:39139]: Stopping Ozone Manager
2022-08-10 20:40:55,795 [Listener at 127.0.0.1/39139] INFO  ipc.Server (Server.java:stop(3414)) - Stopping server on 39139
2022-08-10 20:40:55,797 [IPC Server listener on 39139] INFO  ipc.Server (Server.java:run(1376)) - Stopping IPC Server listener on 39139
2022-08-10 20:40:55,802 [IPC Server Responder] INFO  ipc.Server (Server.java:run(1512)) - Stopping IPC Server Responder
2022-08-10 20:40:55,803 [Listener at 127.0.0.1/39139] INFO  server.RaftServer (RaftServerProxy.java:lambda$close$7(398)) - omNode-3: close
2022-08-10 20:40:55,804 [Listener at 127.0.0.1/39139] INFO  server.RaftServer$Division (RaftServerImpl.java:lambda$close$4(434)) - omNode-3@group-523986131536: shutdown
2022-08-10 20:40:55,804 [Listener at 127.0.0.1/39139] INFO  util.JmxRegister (JmxRegister.java:unregister(73)) - Successfully un-registered JMX Bean with object name Ratis:service=RaftServer,group=group-523986131536,id=omNode-3
2022-08-10 20:40:55,804 [Listener at 127.0.0.1/39139] INFO  impl.RoleInfo (RoleInfo.java:shutdownFollowerState(110)) - omNode-3: shutdown omNode-3@group-523986131536-FollowerState
2022-08-10 20:40:55,804 [omNode-3@group-523986131536-FollowerState] INFO  impl.FollowerState (FollowerState.java:run(152)) - omNode-3@group-523986131536-FollowerState was interrupted
2022-08-10 20:40:55,805 [omNode-3@group-523986131536-StateMachineUpdater] INFO  ratis.OzoneManagerStateMachine (OzoneManagerStateMachine.java:takeSnapshot(441)) - Current Snapshot Index (t:1, i:20)
2022-08-10 20:40:55,806 [omNode-3@group-523986131536-StateMachineUpdater] INFO  impl.StateMachineUpdater (StateMachineUpdater.java:takeSnapshot(287)) - omNode-3@group-523986131536-StateMachineUpdater: Took a snapshot at index 20
2022-08-10 20:40:55,806 [omNode-3@group-523986131536-StateMachineUpdater] INFO  impl.StateMachineUpdater (StateMachineUpdater.java:lambda$new$0(92)) - omNode-3@group-523986131536-StateMachineUpdater: snapshotIndex: updateIncreasingly -1 -> 20
2022-08-10 20:40:55,806 [omNode-3@group-523986131536-StateMachineUpdater] INFO  ratis.OzoneManagerStateMachine (OzoneManagerStateMachine.java:close(495)) - StateMachine has shutdown. Shutdown OzoneManager if not already shutdown.
2022-08-10 20:40:55,806 [omNode-3@group-523986131536-StateMachineUpdater] INFO  ratis.OzoneManagerDoubleBuffer (OzoneManagerDoubleBuffer.java:stop(466)) - Stopping OMDoubleBuffer flush thread
2022-08-10 20:40:55,806 [Listener at 127.0.0.1/39139] INFO  impl.StateMachineUpdater (StateMachineUpdater.java:stopAndJoin(153)) - omNode-3@group-523986131536-StateMachineUpdater: set stopIndex = 20
2022-08-10 20:40:55,807 [OMDoubleBufferFlushThread] INFO  ratis.OzoneManagerDoubleBuffer (OzoneManagerDoubleBuffer.java:flushTransactions(385)) - OMDoubleBuffer flush thread OMDoubleBufferFlushThread is interrupted and will exit.
2022-08-10 20:40:55,808 [Listener at 127.0.0.1/39139] INFO  server.RaftServer$Division (ServerState.java:close(429)) - omNode-3@group-523986131536: closes. applyIndex: 20
2022-08-10 20:40:55,809 [omNode-3@group-523986131536-SegmentedRaftLogWorker] INFO  segmented.SegmentedRaftLogWorker (SegmentedRaftLogWorker.java:run(336)) - omNode-3@group-523986131536-SegmentedRaftLogWorker was interrupted, exiting. There are 0 tasks remaining in the queue.
2022-08-10 20:40:55,811 [Listener at 127.0.0.1/39139] INFO  segmented.SegmentedRaftLogWorker (SegmentedRaftLogWorker.java:close(246)) - omNode-3@group-523986131536-SegmentedRaftLogWorker close()
2022-08-10 20:40:55,812 [Listener at 127.0.0.1/39139] INFO  server.GrpcService (GrpcService.java:closeImpl(269)) - omNode-3: shutdown server with port 39235 now
2022-08-10 20:40:55,824 [grpc-default-executor-3] WARN  server.GrpcServerProtocolService (LogUtils.java:warn(122)) - omNode-3: installSnapshot onError, lastRequest: omNode-2->omNode-3#139-t1,previous=(t:1, i:21),leaderCommit=20,initializing? true,entries: size=2, first=(t:1, i:22), METADATAENTRY(c:16): org.apache.ratis.thirdparty.io.grpc.StatusRuntimeException: CANCELLED: client cancelled
2022-08-10 20:40:55,833 [Listener at 127.0.0.1/39139] INFO  server.GrpcService (GrpcService.java:closeImpl(278)) - omNode-3: shutdown server with port 39235 successfully
2022-08-10 20:40:55,833 [grpc-default-executor-3] WARN  server.GrpcLogAppender (LogUtils.java:warn(122)) - omNode-2@group-523986131536->omNode-3-AppendLogResponseHandler: Failed appendEntries: org.apache.ratis.thirdparty.io.grpc.StatusRuntimeException: CANCELLED: RST_STREAM closed stream. HTTP/2 error code: CANCEL
2022-08-10 20:40:55,833 [org.apache.ratis.util.JvmPauseMonitor$$Lambda$703/1412835141@74121a9] INFO  util.JvmPauseMonitor (JvmPauseMonitor.java:run(109)) - JvmPauseMonitor-omNode-3: Stopped
2022-08-10 20:40:55,833 [Listener at 127.0.0.1/39139] INFO  ratis.OzoneManagerStateMachine (OzoneManagerStateMachine.java:close(495)) - StateMachine has shutdown. Shutdown OzoneManager if not already shutdown.
2022-08-10 20:40:55,833 [Listener at 127.0.0.1/39139] INFO  ratis.OzoneManagerDoubleBuffer (OzoneManagerDoubleBuffer.java:stop(478)) - OMDoubleBuffer flush thread is not running.
2022-08-10 20:40:55,835 [Listener at 127.0.0.1/39139] INFO  utils.BackgroundService (BackgroundService.java:shutdown(141)) - Shutting down service KeyDeletingService
2022-08-10 20:40:55,835 [Listener at 127.0.0.1/39139] INFO  utils.BackgroundService (BackgroundService.java:shutdown(141)) - Shutting down service DirectoryDeletingService
2022-08-10 20:40:55,836 [Listener at 127.0.0.1/39139] INFO  utils.BackgroundService (BackgroundService.java:shutdown(141)) - Shutting down service OpenKeyCleanupService
2022-08-10 20:40:55,837 [grpc-default-executor-3] INFO  leader.FollowerInfo (FollowerInfoImpl.java:lambda$new$0(48)) - omNode-2@group-523986131536->omNode-3: nextIndex: updateUnconditionally 24 -> 23
2022-08-10 20:40:55,837 [omNode-2@group-523986131536->omNode-3-GrpcLogAppender-LogAppenderDaemon] ERROR leader.LogAppenderDaemon (LogAppenderDaemon.java:run(86)) - omNode-2@group-523986131536->omNode-3-GrpcLogAppender-LogAppenderDaemon failed
org.apache.ratis.server.raftlog.RaftLogIOException: Log entry not found: index = 23
	at org.apache.ratis.server.raftlog.segmented.SegmentedRaftLog.getEntryWithData(SegmentedRaftLog.java:288)
	at org.apache.ratis.server.leader.LogAppenderBase.newAppendEntriesRequest(LogAppenderBase.java:150)
	at org.apache.ratis.grpc.server.GrpcLogAppender.appendLog(GrpcLogAppender.java:206)
	at org.apache.ratis.grpc.server.GrpcLogAppender.run(GrpcLogAppender.java:148)
	at org.apache.ratis.server.leader.LogAppenderDaemon.run(LogAppenderDaemon.java:77)
	at java.lang.Thread.run(Thread.java:750)
2022-08-10 20:40:55,839 [omNode-2@group-523986131536->omNode-3-GrpcLogAppender-LogAppenderDaemon] INFO  server.RaftServer$Division (LeaderStateImpl.java:restart(532)) - omNode-2@group-523986131536-LeaderStateImpl: Restarting GrpcLogAppender for omNode-2@group-523986131536->omNode-3
2022-08-10 20:40:55,839 [omNode-2@group-523986131536->omNode-3-GrpcLogAppender-LogAppenderDaemon] INFO  server.RaftServerConfigKeys (ConfUtils.java:logGet(46)) - raft.server.log.appender.snapshot.chunk.size.max = 16MB (=16777216) (default)
2022-08-10 20:40:55,839 [omNode-2@group-523986131536->omNode-3-GrpcLogAppender-LogAppenderDaemon] INFO  server.RaftServerConfigKeys (ConfUtils.java:logGet(46)) - raft.server.log.appender.buffer.byte-limit = 33554432 (custom)
2022-08-10 20:40:55,839 [omNode-2@group-523986131536->omNode-3-GrpcLogAppender-LogAppenderDaemon] INFO  server.RaftServerConfigKeys (ConfUtils.java:logGet(46)) - raft.server.log.appender.buffer.element-limit = 1024 (custom)
2022-08-10 20:40:55,839 [omNode-2@group-523986131536->omNode-3-GrpcLogAppender-LogAppenderDaemon] INFO  grpc.GrpcConfigKeys (ConfUtils.java:logGet(46)) - raft.grpc.server.leader.outstanding.appends.max = 128 (default)
2022-08-10 20:40:55,839 [omNode-2@group-523986131536->omNode-3-GrpcLogAppender-LogAppenderDaemon] INFO  server.RaftServerConfigKeys (ConfUtils.java:logGet(46)) - raft.server.rpc.request.timeout = 3000ms (default)
2022-08-10 20:40:55,840 [omNode-2@group-523986131536->omNode-3-GrpcLogAppender-LogAppenderDaemon] INFO  server.RaftServerConfigKeys (ConfUtils.java:logGet(46)) - raft.server.log.appender.install.snapshot.enabled = false (custom)
2022-08-10 20:40:55,843 [Listener at 127.0.0.1/39139] INFO  handler.ContextHandler (ContextHandler.java:doStop(1153)) - Stopped o.e.j.w.WebAppContext@5a64f52b{ozoneManager,/,null,STOPPED}{file:/home/runner/work/ozone/ozone/hadoop-ozone/integration-test/target/test-classes/webapps/ozoneManager}
2022-08-10 20:40:55,841 [omNode-2@group-523986131536->omNode-3-GrpcLogAppender-LogAppenderDaemon] INFO  server.GrpcLogAppender (GrpcLogAppender.java:installSnapshot(541)) - omNode-2@group-523986131536->omNode-3-GrpcLogAppender: followerNextIndex = 0 but logStartIndex = -1, notify follower to install snapshot-(t:1, i:24)
2022-08-10 20:40:55,847 [Listener at 127.0.0.1/39139] INFO  server.AbstractConnector (AbstractConnector.java:doStop(381)) - Stopped ServerConnector@1b65076{HTTP/1.1, (http/1.1)}{0.0.0.0:36913}
2022-08-10 20:40:55,848 [Listener at 127.0.0.1/39139] INFO  server.session (HouseKeeper.java:stopScavenging(149)) - node0 Stopped scavenging
2022-08-10 20:40:55,848 [Listener at 127.0.0.1/39139] INFO  handler.ContextHandler (ContextHandler.java:doStop(1153)) - Stopped o.e.j.s.ServletContextHandler@30eb1fd2{static,/static,file:///home/runner/work/ozone/ozone/hadoop-ozone/integration-test/target/test-classes/webapps/static,STOPPED}
2022-08-10 20:40:55,848 [Listener at 127.0.0.1/39139] INFO  handler.ContextHandler (ContextHandler.java:doStop(1153)) - Stopped o.e.j.s.ServletContextHandler@63098ef4{logs,/logs,file:///home/runner/work/ozone/ozone/hadoop-ozone/integration-test/target/log,STOPPED}
2022-08-10 20:40:55,853 [Listener at 127.0.0.1/39139] INFO  om.OzoneManager (OzoneManager.java:restart(1559)) - OzoneManager RPC server is listening at localhost/127.0.0.1:39139
2022-08-10 20:40:55,853 [Listener at 127.0.0.1/39139] INFO  impl.MetricsSystemImpl (MetricsSystemImpl.java:init(158)) - OzoneManager metrics system started (again)
2022-08-10 20:40:55,856 [omNode-2@group-523986131536->omNode-3-GrpcLogAppender-LogAppenderDaemon] INFO  server.GrpcLogAppender (GrpcLogAppender.java:installSnapshot(549)) - omNode-2@group-523986131536->omNode-3-GrpcLogAppender: send omNode-2->omNode-3#0-t1,notify:(t:1, i:24)
2022-08-10 20:40:55,870 [grpc-default-executor-0] WARN  server.GrpcLogAppender (LogUtils.java:warn(122)) - omNode-2@group-523986131536->omNode-3-InstallSnapshotResponseHandler: Failed InstallSnapshot: org.apache.ratis.thirdparty.io.grpc.StatusRuntimeException: UNAVAILABLE: io exception
2022-08-10 20:40:55,871 [grpc-default-executor-0] WARN  server.GrpcLogAppender (GrpcLogAppender.java:resetClient(111)) - omNode-2@group-523986131536->omNode-3-GrpcLogAppender: Leader has not got in touch with Follower omNode-2@group-523986131536->omNode-3(c-1,m0,n0, attendVote=false, lastRpcSendTime=4, lastRpcResponseTime=1232) yet, just keep nextIndex unchanged and retry.
2022-08-10 20:40:55,878 [grpc-default-executor-0] WARN  server.GrpcLogAppender (LogUtils.java:warn(122)) - omNode-2@group-523986131536->omNode-3-AppendLogResponseHandler: Failed appendEntries: org.apache.ratis.thirdparty.io.grpc.StatusRuntimeException: UNAVAILABLE: io exception
2022-08-10 20:40:55,879 [grpc-default-executor-0] WARN  server.GrpcLogAppender (GrpcLogAppender.java:resetClient(111)) - omNode-2@group-523986131536->omNode-3-GrpcLogAppender: Leader has not got in touch with Follower omNode-2@group-523986131536->omNode-3(c-1,m0,n0, attendVote=false, lastRpcSendTime=12, lastRpcResponseTime=1239) yet, just keep nextIndex unchanged and retry.
2022-08-10 20:40:55,882 [omNode-2@group-523986131536->omNode-3-GrpcLogAppender-LogAppenderDaemon] INFO  server.GrpcLogAppender (GrpcLogAppender.java:installSnapshot(541)) - omNode-2@group-523986131536->omNode-3-GrpcLogAppender: followerNextIndex = 0 but logStartIndex = -1, notify follower to install snapshot-(t:1, i:24)
2022-08-10 20:40:55,884 [omNode-2@group-523986131536->omNode-3-GrpcLogAppender-LogAppenderDaemon] INFO  server.GrpcLogAppender (GrpcLogAppender.java:installSnapshot(549)) - omNode-2@group-523986131536->omNode-3-GrpcLogAppender: send omNode-2->omNode-3#0-t1,notify:(t:1, i:24)
2022-08-10 20:40:55,888 [grpc-default-executor-3] WARN  server.GrpcLogAppender (LogUtils.java:warn(122)) - omNode-2@group-523986131536->omNode-3-InstallSnapshotResponseHandler: Failed InstallSnapshot: org.apache.ratis.thirdparty.io.grpc.StatusRuntimeException: UNAVAILABLE: io exception
2022-08-10 20:40:55,896 [Listener at 127.0.0.1/39139] WARN  server.ServerUtils (ServerUtils.java:getDBPath(225)) - ozone.om.db.dirs is not configured. We recommend adding this setting. Falling back to ozone.metadata.dirs instead.
2022-08-10 20:40:55,896 [grpc-default-executor-3] WARN  server.GrpcLogAppender (GrpcLogAppender.java:resetClient(111)) - omNode-2@group-523986131536->omNode-3-GrpcLogAppender: Leader has not got in touch with Follower omNode-2@group-523986131536->omNode-3(c-1,m0,n0, attendVote=false, lastRpcSendTime=12, lastRpcResponseTime=1257) yet, just keep nextIndex unchanged and retry.
2022-08-10 20:40:55,897 [omNode-2@group-523986131536->omNode-3-GrpcLogAppender-LogAppenderDaemon] INFO  server.GrpcLogAppender (GrpcLogAppender.java:installSnapshot(541)) - omNode-2@group-523986131536->omNode-3-GrpcLogAppender: followerNextIndex = 0 but logStartIndex = -1, notify follower to install snapshot-(t:1, i:24)
2022-08-10 20:40:55,897 [omNode-2@group-523986131536->omNode-3-GrpcLogAppender-LogAppenderDaemon] INFO  server.GrpcLogAppender (GrpcLogAppender.java:installSnapshot(549)) - omNode-2@group-523986131536->omNode-3-GrpcLogAppender: send omNode-2->omNode-3#0-t1,notify:(t:1, i:24)
2022-08-10 20:40:55,897 [grpc-default-executor-0] WARN  server.GrpcLogAppender (LogUtils.java:warn(122)) - omNode-2@group-523986131536->omNode-3-InstallSnapshotResponseHandler: Failed InstallSnapshot: org.apache.ratis.thirdparty.io.grpc.StatusRuntimeException: UNAVAILABLE: io exception
2022-08-10 20:40:55,898 [Listener at 127.0.0.1/39139] INFO  codec.OmKeyInfoCodec (OmKeyInfoCodec.java:<init>(49)) - OmKeyInfoCodec ignorePipeline = true
2022-08-10 20:40:55,898 [Listener at 127.0.0.1/39139] INFO  codec.RepeatedOmKeyInfoCodec (RepeatedOmKeyInfoCodec.java:<init>(41)) - RepeatedOmKeyInfoCodec ignorePipeline = true
2022-08-10 20:40:55,897 [grpc-default-executor-3] WARN  server.GrpcLogAppender (LogUtils.java:warn(122)) - omNode-2@group-523986131536->omNode-3-AppendLogResponseHandler: Failed appendEntries: org.apache.ratis.thirdparty.io.grpc.StatusRuntimeException: UNAVAILABLE: io exception
2022-08-10 20:40:55,898 [grpc-default-executor-0] WARN  server.GrpcLogAppender (GrpcLogAppender.java:resetClient(111)) - omNode-2@group-523986131536->omNode-3-GrpcLogAppender: Leader has not got in touch with Follower omNode-2@group-523986131536->omNode-3(c-1,m0,n0, attendVote=false, lastRpcSendTime=0, lastRpcResponseTime=1258) yet, just keep nextIndex unchanged and retry.
2022-08-10 20:40:55,899 [grpc-default-executor-3] WARN  server.GrpcLogAppender (GrpcLogAppender.java:resetClient(111)) - omNode-2@group-523986131536->omNode-3-GrpcLogAppender: Leader has not got in touch with Follower omNode-2@group-523986131536->omNode-3(c-1,m0,n0, attendVote=false, lastRpcSendTime=1, lastRpcResponseTime=1259) yet, just keep nextIndex unchanged and retry.
2022-08-10 20:40:55,901 [omNode-2@group-523986131536->omNode-3-GrpcLogAppender-LogAppenderDaemon] INFO  server.GrpcLogAppender (GrpcLogAppender.java:installSnapshot(541)) - omNode-2@group-523986131536->omNode-3-GrpcLogAppender: followerNextIndex = 0 but logStartIndex = -1, notify follower to install snapshot-(t:1, i:24)
2022-08-10 20:40:55,901 [omNode-2@group-523986131536->omNode-3-GrpcLogAppender-LogAppenderDaemon] INFO  server.GrpcLogAppender (GrpcLogAppender.java:installSnapshot(549)) - omNode-2@group-523986131536->omNode-3-GrpcLogAppender: send omNode-2->omNode-3#0-t1,notify:(t:1, i:24)
2022-08-10 20:40:55,905 [grpc-default-executor-4] WARN  server.GrpcLogAppender (LogUtils.java:warn(122)) - omNode-2@group-523986131536->omNode-3-AppendLogResponseHandler: Failed appendEntries: org.apache.ratis.thirdparty.io.grpc.StatusRuntimeException: UNAVAILABLE: io exception
2022-08-10 20:40:55,906 [grpc-default-executor-0] WARN  server.GrpcLogAppender (LogUtils.java:warn(122)) - omNode-2@group-523986131536->omNode-3-InstallSnapshotResponseHandler: Failed InstallSnapshot: org.apache.ratis.thirdparty.io.grpc.StatusRuntimeException: UNAVAILABLE: io exception
2022-08-10 20:40:55,908 [grpc-default-executor-4] WARN  server.GrpcLogAppender (GrpcLogAppender.java:resetClient(111)) - omNode-2@group-523986131536->omNode-3-GrpcLogAppender: Leader has not got in touch with Follower omNode-2@group-523986131536->omNode-3(c-1,m0,n0, attendVote=false, lastRpcSendTime=2, lastRpcResponseTime=1269) yet, just keep nextIndex unchanged and retry.
2022-08-10 20:40:55,908 [grpc-default-executor-0] WARN  server.GrpcLogAppender (GrpcLogAppender.java:resetClient(111)) - omNode-2@group-523986131536->omNode-3-GrpcLogAppender: Leader has not got in touch with Follower omNode-2@group-523986131536->omNode-3(c-1,m0,n0, attendVote=false, lastRpcSendTime=3, lastRpcResponseTime=1269) yet, just keep nextIndex unchanged and retry.
2022-08-10 20:40:55,909 [omNode-2@group-523986131536->omNode-3-GrpcLogAppender-LogAppenderDaemon] INFO  server.GrpcLogAppender (GrpcLogAppender.java:installSnapshot(541)) - omNode-2@group-523986131536->omNode-3-GrpcLogAppender: followerNextIndex = 0 but logStartIndex = -1, notify follower to install snapshot-(t:1, i:24)
2022-08-10 20:40:55,909 [omNode-2@group-523986131536->omNode-3-GrpcLogAppender-LogAppenderDaemon] INFO  server.GrpcLogAppender (GrpcLogAppender.java:installSnapshot(549)) - omNode-2@group-523986131536->omNode-3-GrpcLogAppender: send omNode-2->omNode-3#0-t1,notify:(t:1, i:24)
2022-08-10 20:40:55,917 [grpc-default-executor-6] WARN  server.GrpcLogAppender (LogUtils.java:warn(122)) - omNode-2@group-523986131536->omNode-3-AppendLogResponseHandler: Failed appendEntries: org.apache.ratis.thirdparty.io.grpc.StatusRuntimeException: UNAVAILABLE: io exception
2022-08-10 20:40:55,917 [grpc-default-executor-5] WARN  server.GrpcLogAppender (LogUtils.java:warn(122)) - omNode-2@group-523986131536->omNode-3-InstallSnapshotResponseHandler: Failed InstallSnapshot: org.apache.ratis.thirdparty.io.grpc.StatusRuntimeException: UNAVAILABLE: io exception
2022-08-10 20:40:55,927 [grpc-default-executor-6] WARN  server.GrpcLogAppender (GrpcLogAppender.java:resetClient(111)) - omNode-2@group-523986131536->omNode-3-GrpcLogAppender: Leader has not got in touch with Follower omNode-2@group-523986131536->omNode-3(c-1,m0,n0, attendVote=false, lastRpcSendTime=17, lastRpcResponseTime=1287) yet, just keep nextIndex unchanged and retry.
2022-08-10 20:40:55,927 [grpc-default-executor-5] WARN  server.GrpcLogAppender (GrpcLogAppender.java:resetClient(111)) - omNode-2@group-523986131536->omNode-3-GrpcLogAppender: Leader has not got in touch with Follower omNode-2@group-523986131536->omNode-3(c-1,m0,n0, attendVote=false, lastRpcSendTime=18, lastRpcResponseTime=1288) yet, just keep nextIndex unchanged and retry.
2022-08-10 20:40:55,927 [omNode-2@group-523986131536->omNode-3-GrpcLogAppender-LogAppenderDaemon] INFO  server.GrpcLogAppender (GrpcLogAppender.java:installSnapshot(541)) - omNode-2@group-523986131536->omNode-3-GrpcLogAppender: followerNextIndex = 0 but logStartIndex = -1, notify follower to install snapshot-(t:1, i:24)
2022-08-10 20:40:55,928 [omNode-2@group-523986131536->omNode-3-GrpcLogAppender-LogAppenderDaemon] INFO  server.GrpcLogAppender (GrpcLogAppender.java:installSnapshot(549)) - omNode-2@group-523986131536->omNode-3-GrpcLogAppender: send omNode-2->omNode-3#0-t1,notify:(t:1, i:24)
2022-08-10 20:40:55,933 [grpc-default-executor-5] WARN  server.GrpcLogAppender (LogUtils.java:warn(122)) - omNode-2@group-523986131536->omNode-3-InstallSnapshotResponseHandler: Failed InstallSnapshot: org.apache.ratis.thirdparty.io.grpc.StatusRuntimeException: UNAVAILABLE: io exception
2022-08-10 20:40:55,933 [grpc-default-executor-0] WARN  server.GrpcLogAppender (LogUtils.java:warn(122)) - omNode-2@group-523986131536->omNode-3-AppendLogResponseHandler: Failed appendEntries: org.apache.ratis.thirdparty.io.grpc.StatusRuntimeException: UNAVAILABLE: io exception
2022-08-10 20:40:55,934 [grpc-default-executor-5] WARN  server.GrpcLogAppender (GrpcLogAppender.java:resetClient(111)) - omNode-2@group-523986131536->omNode-3-GrpcLogAppender: Leader has not got in touch with Follower omNode-2@group-523986131536->omNode-3(c-1,m0,n0, attendVote=false, lastRpcSendTime=5, lastRpcResponseTime=1295) yet, just keep nextIndex unchanged and retry.
2022-08-10 20:40:55,934 [grpc-default-executor-0] WARN  server.GrpcLogAppender (GrpcLogAppender.java:resetClient(111)) - omNode-2@group-523986131536->omNode-3-GrpcLogAppender: Leader has not got in touch with Follower omNode-2@group-523986131536->omNode-3(c-1,m0,n0, attendVote=false, lastRpcSendTime=5, lastRpcResponseTime=1295) yet, just keep nextIndex unchanged and retry.
2022-08-10 20:40:55,935 [omNode-2@group-523986131536->omNode-3-GrpcLogAppender-LogAppenderDaemon] INFO  server.GrpcLogAppender (GrpcLogAppender.java:installSnapshot(541)) - omNode-2@group-523986131536->omNode-3-GrpcLogAppender: followerNextIndex = 0 but logStartIndex = -1, notify follower to install snapshot-(t:1, i:24)
2022-08-10 20:40:55,936 [omNode-2@group-523986131536->omNode-3-GrpcLogAppender-LogAppenderDaemon] INFO  server.GrpcLogAppender (GrpcLogAppender.java:installSnapshot(549)) - omNode-2@group-523986131536->omNode-3-GrpcLogAppender: send omNode-2->omNode-3#0-t1,notify:(t:1, i:24)
2022-08-10 20:40:55,939 [grpc-default-executor-6] WARN  server.GrpcLogAppender (LogUtils.java:warn(122)) - omNode-2@group-523986131536->omNode-3-AppendLogResponseHandler: Failed appendEntries: org.apache.ratis.thirdparty.io.grpc.StatusRuntimeException: UNAVAILABLE: io exception
2022-08-10 20:40:55,939 [grpc-default-executor-6] WARN  server.GrpcLogAppender (GrpcLogAppender.java:resetClient(111)) - omNode-2@group-523986131536->omNode-3-GrpcLogAppender: Leader has not got in touch with Follower omNode-2@group-523986131536->omNode-3(c-1,m0,n0, attendVote=false, lastRpcSendTime=3, lastRpcResponseTime=1300) yet, just keep nextIndex unchanged and retry.
2022-08-10 20:40:55,939 [grpc-default-executor-6] WARN  server.GrpcLogAppender (LogUtils.java:warn(122)) - omNode-2@group-523986131536->omNode-3-InstallSnapshotResponseHandler: Failed InstallSnapshot: org.apache.ratis.thirdparty.io.grpc.StatusRuntimeException: UNAVAILABLE: io exception
2022-08-10 20:40:55,939 [grpc-default-executor-6] WARN  server.GrpcLogAppender (GrpcLogAppender.java:resetClient(111)) - omNode-2@group-523986131536->omNode-3-GrpcLogAppender: Leader has not got in touch with Follower omNode-2@group-523986131536->omNode-3(c-1,m0,n0, attendVote=false, lastRpcSendTime=3, lastRpcResponseTime=1300) yet, just keep nextIndex unchanged and retry.
2022-08-10 20:40:55,940 [omNode-2@group-523986131536->omNode-3-GrpcLogAppender-LogAppenderDaemon] INFO  server.GrpcLogAppender (GrpcLogAppender.java:installSnapshot(541)) - omNode-2@group-523986131536->omNode-3-GrpcLogAppender: followerNextIndex = 0 but logStartIndex = -1, notify follower to install snapshot-(t:1, i:24)
2022-08-10 20:40:55,940 [omNode-2@group-523986131536->omNode-3-GrpcLogAppender-LogAppenderDaemon] INFO  server.GrpcLogAppender (GrpcLogAppender.java:installSnapshot(549)) - omNode-2@group-523986131536->omNode-3-GrpcLogAppender: send omNode-2->omNode-3#0-t1,notify:(t:1, i:24)
2022-08-10 20:40:55,942 [grpc-default-executor-0] WARN  server.GrpcLogAppender (LogUtils.java:warn(122)) - omNode-2@group-523986131536->omNode-3-AppendLogResponseHandler: Failed appendEntries: org.apache.ratis.thirdparty.io.grpc.StatusRuntimeException: UNAVAILABLE: io exception
2022-08-10 20:40:55,942 [grpc-default-executor-0] WARN  server.GrpcLogAppender (GrpcLogAppender.java:resetClient(111)) - omNode-2@group-523986131536->omNode-3-GrpcLogAppender: Leader has not got in touch with Follower omNode-2@group-523986131536->omNode-3(c-1,m0,n0, attendVote=false, lastRpcSendTime=1, lastRpcResponseTime=1303) yet, just keep nextIndex unchanged and retry.
2022-08-10 20:40:55,943 [grpc-default-executor-0] WARN  server.GrpcLogAppender (LogUtils.java:warn(122)) - omNode-2@group-523986131536->omNode-3-InstallSnapshotResponseHandler: Failed InstallSnapshot: org.apache.ratis.thirdparty.io.grpc.StatusRuntimeException: UNAVAILABLE: io exception
2022-08-10 20:40:55,943 [grpc-default-executor-0] WARN  server.GrpcLogAppender (GrpcLogAppender.java:resetClient(111)) - omNode-2@group-523986131536->omNode-3-GrpcLogAppender: Leader has not got in touch with Follower omNode-2@group-523986131536->omNode-3(c-1,m0,n0, attendVote=false, lastRpcSendTime=2, lastRpcResponseTime=1303) yet, just keep nextIndex unchanged and retry.
2022-08-10 20:40:55,947 [omNode-2@group-523986131536->omNode-3-GrpcLogAppender-LogAppenderDaemon] INFO  server.GrpcLogAppender (GrpcLogAppender.java:installSnapshot(541)) - omNode-2@group-523986131536->omNode-3-GrpcLogAppender: followerNextIndex = 0 but logStartIndex = -1, notify follower to install snapshot-(t:1, i:24)
2022-08-10 20:40:55,947 [omNode-2@group-523986131536->omNode-3-GrpcLogAppender-LogAppenderDaemon] INFO  server.GrpcLogAppender (GrpcLogAppender.java:installSnapshot(549)) - omNode-2@group-523986131536->omNode-3-GrpcLogAppender: send omNode-2->omNode-3#0-t1,notify:(t:1, i:24)
2022-08-10 20:40:55,949 [grpc-default-executor-5] WARN  server.GrpcLogAppender (LogUtils.java:warn(122)) - omNode-2@group-523986131536->omNode-3-AppendLogResponseHandler: Failed appendEntries: org.apache.ratis.thirdparty.io.grpc.StatusRuntimeException: UNAVAILABLE: io exception
2022-08-10 20:40:55,950 [grpc-default-executor-5] WARN  server.GrpcLogAppender (GrpcLogAppender.java:resetClient(111)) - omNode-2@group-523986131536->omNode-3-GrpcLogAppender: Leader has not got in touch with Follower omNode-2@group-523986131536->omNode-3(c-1,m0,n0, attendVote=false, lastRpcSendTime=0, lastRpcResponseTime=1310) yet, just keep nextIndex unchanged and retry.
2022-08-10 20:40:55,950 [grpc-default-executor-0] WARN  server.GrpcLogAppender (LogUtils.java:warn(122)) - omNode-2@group-523986131536->omNode-3-InstallSnapshotResponseHandler: Failed InstallSnapshot: org.apache.ratis.thirdparty.io.grpc.StatusRuntimeException: UNAVAILABLE: io exception
2022-08-10 20:40:55,950 [grpc-default-executor-0] WARN  server.GrpcLogAppender (GrpcLogAppender.java:resetClient(111)) - omNode-2@group-523986131536->omNode-3-GrpcLogAppender: Leader has not got in touch with Follower omNode-2@group-523986131536->omNode-3(c-1,m0,n0, attendVote=false, lastRpcSendTime=0, lastRpcResponseTime=1311) yet, just keep nextIndex unchanged and retry.
2022-08-10 20:40:55,951 [omNode-2@group-523986131536->omNode-3-GrpcLogAppender-LogAppenderDaemon] INFO  server.GrpcLogAppender (GrpcLogAppender.java:installSnapshot(541)) - omNode-2@group-523986131536->omNode-3-GrpcLogAppender: followerNextIndex = 0 but logStartIndex = -1, notify follower to install snapshot-(t:1, i:24)
2022-08-10 20:40:55,951 [omNode-2@group-523986131536->omNode-3-GrpcLogAppender-LogAppenderDaemon] INFO  server.GrpcLogAppender (GrpcLogAppender.java:installSnapshot(549)) - omNode-2@group-523986131536->omNode-3-GrpcLogAppender: send omNode-2->omNode-3#0-t1,notify:(t:1, i:24)
2022-08-10 20:40:55,953 [grpc-default-executor-5] WARN  server.GrpcLogAppender (LogUtils.java:warn(122)) - omNode-2@group-523986131536->omNode-3-AppendLogResponseHandler: Failed appendEntries: org.apache.ratis.thirdparty.io.grpc.StatusRuntimeException: UNAVAILABLE: io exception
2022-08-10 20:40:55,953 [grpc-default-executor-5] WARN  server.GrpcLogAppender (GrpcLogAppender.java:resetClient(111)) - omNode-2@group-523986131536->omNode-3-GrpcLogAppender: Leader has not got in touch with Follower omNode-2@group-523986131536->omNode-3(c-1,m0,n0, attendVote=false, lastRpcSendTime=1, lastRpcResponseTime=1313) yet, just keep nextIndex unchanged and retry.
2022-08-10 20:40:55,955 [grpc-default-executor-5] WARN  server.GrpcLogAppender (LogUtils.java:warn(122)) - omNode-2@group-523986131536->omNode-3-InstallSnapshotResponseHandler: Failed InstallSnapshot: org.apache.ratis.thirdparty.io.grpc.StatusRuntimeException: UNAVAILABLE: io exception
2022-08-10 20:40:55,955 [grpc-default-executor-5] WARN  server.GrpcLogAppender (GrpcLogAppender.java:resetClient(111)) - omNode-2@group-523986131536->omNode-3-GrpcLogAppender: Leader has not got in touch with Follower omNode-2@group-523986131536->omNode-3(c-1,m0,n0, attendVote=false, lastRpcSendTime=0, lastRpcResponseTime=1316) yet, just keep nextIndex unchanged and retry.
2022-08-10 20:40:55,956 [omNode-2@group-523986131536->omNode-3-GrpcLogAppender-LogAppenderDaemon] INFO  server.GrpcLogAppender (GrpcLogAppender.java:installSnapshot(541)) - omNode-2@group-523986131536->omNode-3-GrpcLogAppender: followerNextIndex = 0 but logStartIndex = -1, notify follower to install snapshot-(t:1, i:24)
2022-08-10 20:40:55,956 [omNode-2@group-523986131536->omNode-3-GrpcLogAppender-LogAppenderDaemon] INFO  server.GrpcLogAppender (GrpcLogAppender.java:installSnapshot(549)) - omNode-2@group-523986131536->omNode-3-GrpcLogAppender: send omNode-2->omNode-3#0-t1,notify:(t:1, i:24)
2022-08-10 20:40:55,961 [Listener at 127.0.0.1/39139] INFO  om.OzoneManager (OzoneManager.java:instantiateServices(697)) - S3 Multi-Tenancy is disabled
2022-08-10 20:40:55,962 [Listener at 127.0.0.1/39139] WARN  om.OzoneManager (OzoneManager.java:instantiatePrepareStateOnStartup(4393)) - Prepare marker file index 20 does not match DB prepare index 18. Writing DB index to prepare file and maintaining prepared state.
2022-08-10 20:40:55,961 [grpc-default-executor-5] WARN  server.GrpcLogAppender (LogUtils.java:warn(122)) - omNode-2@group-523986131536->omNode-3-InstallSnapshotResponseHandler: Failed InstallSnapshot: org.apache.ratis.thirdparty.io.grpc.StatusRuntimeException: UNAVAILABLE: io exception
2022-08-10 20:40:55,962 [Listener at 127.0.0.1/39139] INFO  om.OzoneManagerPrepareState (OzoneManagerPrepareState.java:writePrepareMarkerFile(262)) - Prepare marker file written with log index 18 to file /home/runner/work/ozone/ozone/hadoop-ozone/integration-test/target/test-dir/MiniOzoneClusterImpl-6b5328db-83be-43cc-b602-c95cfe986a84/omNode-3/current/prepareMarker
2022-08-10 20:40:55,962 [grpc-default-executor-5] WARN  server.GrpcLogAppender (GrpcLogAppender.java:resetClient(111)) - omNode-2@group-523986131536->omNode-3-GrpcLogAppender: Leader has not got in touch with Follower omNode-2@group-523986131536->omNode-3(c-1,m0,n0, attendVote=false, lastRpcSendTime=6, lastRpcResponseTime=1323) yet, just keep nextIndex unchanged and retry.
2022-08-10 20:40:55,961 [grpc-default-executor-6] WARN  server.GrpcLogAppender (LogUtils.java:warn(122)) - omNode-2@group-523986131536->omNode-3-AppendLogResponseHandler: Failed appendEntries: org.apache.ratis.thirdparty.io.grpc.StatusRuntimeException: UNAVAILABLE: io exception
2022-08-10 20:40:55,963 [grpc-default-executor-6] WARN  server.GrpcLogAppender (GrpcLogAppender.java:resetClient(111)) - omNode-2@group-523986131536->omNode-3-GrpcLogAppender: Leader has not got in touch with Follower omNode-2@group-523986131536->omNode-3(c-1,m0,n0, attendVote=false, lastRpcSendTime=0, lastRpcResponseTime=1323) yet, just keep nextIndex unchanged and retry.
2022-08-10 20:40:55,963 [omNode-2@group-523986131536->omNode-3-GrpcLogAppender-LogAppenderDaemon] INFO  server.GrpcLogAppender (GrpcLogAppender.java:installSnapshot(541)) - omNode-2@group-523986131536->omNode-3-GrpcLogAppender: followerNextIndex = 0 but logStartIndex = -1, notify follower to install snapshot-(t:1, i:24)
2022-08-10 20:40:55,963 [omNode-2@group-523986131536->omNode-3-GrpcLogAppender-LogAppenderDaemon] INFO  server.GrpcLogAppender (GrpcLogAppender.java:installSnapshot(549)) - omNode-2@group-523986131536->omNode-3-GrpcLogAppender: send omNode-2->omNode-3#0-t1,notify:(t:1, i:24)
2022-08-10 20:40:55,967 [grpc-default-executor-0] WARN  server.GrpcLogAppender (LogUtils.java:warn(122)) - omNode-2@group-523986131536->omNode-3-AppendLogResponseHandler: Failed appendEntries: org.apache.ratis.thirdparty.io.grpc.StatusRuntimeException: UNAVAILABLE: io exception
2022-08-10 20:40:55,968 [grpc-default-executor-0] WARN  server.GrpcLogAppender (GrpcLogAppender.java:resetClient(111)) - omNode-2@group-523986131536->omNode-3-GrpcLogAppender: Leader has not got in touch with Follower omNode-2@group-523986131536->omNode-3(c-1,m0,n0, attendVote=false, lastRpcSendTime=4, lastRpcResponseTime=1328) yet, just keep nextIndex unchanged and retry.
2022-08-10 20:40:55,968 [grpc-default-executor-6] WARN  server.GrpcLogAppender (LogUtils.java:warn(122)) - omNode-2@group-523986131536->omNode-3-InstallSnapshotResponseHandler: Failed InstallSnapshot: org.apache.ratis.thirdparty.io.grpc.StatusRuntimeException: UNAVAILABLE: io exception
2022-08-10 20:40:55,968 [grpc-default-executor-6] WARN  server.GrpcLogAppender (GrpcLogAppender.java:resetClient(111)) - omNode-2@group-523986131536->omNode-3-GrpcLogAppender: Leader has not got in touch with Follower omNode-2@group-523986131536->omNode-3(c-1,m0,n0, attendVote=false, lastRpcSendTime=4, lastRpcResponseTime=1328) yet, just keep nextIndex unchanged and retry.
2022-08-10 20:40:55,969 [omNode-2@group-523986131536->omNode-3-GrpcLogAppender-LogAppenderDaemon] INFO  server.GrpcLogAppender (GrpcLogAppender.java:installSnapshot(541)) - omNode-2@group-523986131536->omNode-3-GrpcLogAppender: followerNextIndex = 0 but logStartIndex = -1, notify follower to install snapshot-(t:1, i:24)
2022-08-10 20:40:55,969 [omNode-2@group-523986131536->omNode-3-GrpcLogAppender-LogAppenderDaemon] INFO  server.GrpcLogAppender (GrpcLogAppender.java:installSnapshot(549)) - omNode-2@group-523986131536->omNode-3-GrpcLogAppender: send omNode-2->omNode-3#0-t1,notify:(t:1, i:24)
2022-08-10 20:40:55,972 [grpc-default-executor-5] WARN  server.GrpcLogAppender (LogUtils.java:warn(122)) - omNode-2@group-523986131536->omNode-3-AppendLogResponseHandler: Failed appendEntries: org.apache.ratis.thirdparty.io.grpc.StatusRuntimeException: UNAVAILABLE: io exception
2022-08-10 20:40:55,973 [grpc-default-executor-5] WARN  server.GrpcLogAppender (GrpcLogAppender.java:resetClient(111)) - omNode-2@group-523986131536->omNode-3-GrpcLogAppender: Leader has not got in touch with Follower omNode-2@group-523986131536->omNode-3(c-1,m0,n0, attendVote=false, lastRpcSendTime=3, lastRpcResponseTime=1333) yet, just keep nextIndex unchanged and retry.
2022-08-10 20:40:55,973 [grpc-default-executor-6] WARN  server.GrpcLogAppender (LogUtils.java:warn(122)) - omNode-2@group-523986131536->omNode-3-InstallSnapshotResponseHandler: Failed InstallSnapshot: org.apache.ratis.thirdparty.io.grpc.StatusRuntimeException: UNAVAILABLE: io exception
2022-08-10 20:40:55,973 [grpc-default-executor-6] WARN  server.GrpcLogAppender (GrpcLogAppender.java:resetClient(111)) - omNode-2@group-523986131536->omNode-3-GrpcLogAppender: Leader has not got in touch with Follower omNode-2@group-523986131536->omNode-3(c-1,m0,n0, attendVote=false, lastRpcSendTime=3, lastRpcResponseTime=1334) yet, just keep nextIndex unchanged and retry.
2022-08-10 20:40:55,973 [omNode-2@group-523986131536->omNode-3-GrpcLogAppender-LogAppenderDaemon] INFO  server.GrpcLogAppender (GrpcLogAppender.java:installSnapshot(541)) - omNode-2@group-523986131536->omNode-3-GrpcLogAppender: followerNextIndex = 0 but logStartIndex = -1, notify follower to install snapshot-(t:1, i:24)
2022-08-10 20:40:55,974 [omNode-2@group-523986131536->omNode-3-GrpcLogAppender-LogAppenderDaemon] INFO  server.GrpcLogAppender (GrpcLogAppender.java:installSnapshot(549)) - omNode-2@group-523986131536->omNode-3-GrpcLogAppender: send omNode-2->omNode-3#0-t1,notify:(t:1, i:24)
2022-08-10 20:40:55,979 [grpc-default-executor-0] WARN  server.GrpcLogAppender (LogUtils.java:warn(122)) - omNode-2@group-523986131536->omNode-3-AppendLogResponseHandler: Failed appendEntries: org.apache.ratis.thirdparty.io.grpc.StatusRuntimeException: UNAVAILABLE: io exception
2022-08-10 20:40:55,980 [grpc-default-executor-0] WARN  server.GrpcLogAppender (GrpcLogAppender.java:resetClient(111)) - omNode-2@group-523986131536->omNode-3-GrpcLogAppender: Leader has not got in touch with Follower omNode-2@group-523986131536->omNode-3(c-1,m0,n0, attendVote=false, lastRpcSendTime=4, lastRpcResponseTime=1340) yet, just keep nextIndex unchanged and retry.
2022-08-10 20:40:55,980 [grpc-default-executor-6] WARN  server.GrpcLogAppender (LogUtils.java:warn(122)) - omNode-2@group-523986131536->omNode-3-InstallSnapshotResponseHandler: Failed InstallSnapshot: org.apache.ratis.thirdparty.io.grpc.StatusRuntimeException: UNAVAILABLE: io exception
2022-08-10 20:40:55,980 [grpc-default-executor-6] WARN  server.GrpcLogAppender (GrpcLogAppender.java:resetClient(111)) - omNode-2@group-523986131536->omNode-3-GrpcLogAppender: Leader has not got in touch with Follower omNode-2@group-523986131536->omNode-3(c-1,m0,n0, attendVote=false, lastRpcSendTime=5, lastRpcResponseTime=1340) yet, just keep nextIndex unchanged and retry.
2022-08-10 20:40:55,981 [omNode-2@group-523986131536->omNode-3-GrpcLogAppender-LogAppenderDaemon] INFO  server.GrpcLogAppender (GrpcLogAppender.java:installSnapshot(541)) - omNode-2@group-523986131536->omNode-3-GrpcLogAppender: followerNextIndex = 0 but logStartIndex = -1, notify follower to install snapshot-(t:1, i:24)
2022-08-10 20:40:55,981 [omNode-2@group-523986131536->omNode-3-GrpcLogAppender-LogAppenderDaemon] INFO  server.GrpcLogAppender (GrpcLogAppender.java:installSnapshot(549)) - omNode-2@group-523986131536->omNode-3-GrpcLogAppender: send omNode-2->omNode-3#0-t1,notify:(t:1, i:24)
2022-08-10 20:40:55,981 [Listener at 127.0.0.1/39139] WARN  impl.MetricRegistriesImpl (MetricRegistriesImpl.java:addReporterRegistration(111)) - New reporters are added after registries were created. Some metrics will be missing from the reporter. Please add reporter before adding any new registry.
2022-08-10 20:40:55,981 [Listener at 127.0.0.1/39139] WARN  impl.MetricRegistriesImpl (MetricRegistriesImpl.java:addReporterRegistration(111)) - New reporters are added after registries were created. Some metrics will be missing from the reporter. Please add reporter before adding any new registry.
2022-08-10 20:40:55,981 [Listener at 127.0.0.1/39139] WARN  server.ServerUtils (ServerUtils.java:getDefaultRatisDirectory(237)) - Storage directory for Ratis is not configured. It is a good idea to map this to an SSD disk. Falling back to ozone.metadata.dirs
2022-08-10 20:40:55,988 [grpc-default-executor-5] WARN  server.GrpcLogAppender (LogUtils.java:warn(122)) - omNode-2@group-523986131536->omNode-3-AppendLogResponseHandler: Failed appendEntries: org.apache.ratis.thirdparty.io.grpc.StatusRuntimeException: UNAVAILABLE: io exception
2022-08-10 20:40:55,988 [grpc-default-executor-5] WARN  server.GrpcLogAppender (GrpcLogAppender.java:resetClient(111)) - omNode-2@group-523986131536->omNode-3-GrpcLogAppender: Leader has not got in touch with Follower omNode-2@group-523986131536->omNode-3(c-1,m0,n0, attendVote=false, lastRpcSendTime=7, lastRpcResponseTime=1349) yet, just keep nextIndex unchanged and retry.
2022-08-10 20:40:55,988 [grpc-default-executor-6] WARN  server.GrpcLogAppender (LogUtils.java:warn(122)) - omNode-2@group-523986131536->omNode-3-InstallSnapshotResponseHandler: Failed InstallSnapshot: org.apache.ratis.thirdparty.io.grpc.StatusRuntimeException: UNAVAILABLE: io exception
2022-08-10 20:40:55,988 [Listener at 127.0.0.1/39139] INFO  ratis.OzoneManagerRatisServer (OzoneManagerRatisServer.java:<init>(159)) - Instantiating OM Ratis server with groupID: om-service-test1 and peers: localhost:39235, localhost:38271, localhost:35563
2022-08-10 20:40:55,990 [Listener at 127.0.0.1/39139] INFO  ratis.OzoneManagerStateMachine (OzoneManagerStateMachine.java:loadSnapshotInfoFromDB(632)) - LastAppliedIndex is set from TransactionInfo from OM DB as (t:1, i:20)
2022-08-10 20:40:55,991 [Listener at 127.0.0.1/39139] INFO  server.RaftServer (ConfUtils.java:logGet(46)) - raft.rpc.type = GRPC (default)
2022-08-10 20:40:55,991 [Listener at 127.0.0.1/39139] INFO  grpc.GrpcFactory (GrpcFactory.java:checkPooledByteBufAllocatorUseCacheForAllThreads(48)) - PERFORMANCE WARNING: useCacheForAllThreads is true that may cause Netty to create a lot garbage objects and, as a result, trigger GC.
	It is recommended to disable useCacheForAllThreads by setting -Dorg.apache.ratis.thirdparty.io.netty.allocator.useCacheForAllThreads=false in command line.
2022-08-10 20:40:55,992 [Listener at 127.0.0.1/39139] INFO  grpc.GrpcConfigKeys (ConfUtils.java:logGet(46)) - raft.grpc.admin.port = -1 (default)
2022-08-10 20:40:55,992 [Listener at 127.0.0.1/39139] INFO  grpc.GrpcConfigKeys (ConfUtils.java:logGet(46)) - raft.grpc.server.port = 39235 (custom)
2022-08-10 20:40:55,992 [Listener at 127.0.0.1/39139] INFO  grpc.GrpcConfigKeys (ConfUtils.java:logGet(46)) - raft.grpc.client.port = -1 (default)
2022-08-10 20:40:55,992 [Listener at 127.0.0.1/39139] INFO  grpc.GrpcConfigKeys (ConfUtils.java:logGet(46)) - raft.grpc.server.port = 39235 (custom)
2022-08-10 20:40:55,992 [Listener at 127.0.0.1/39139] INFO  grpc.GrpcConfigKeys (ConfUtils.java:logGet(46)) - raft.grpc.server.port = 39235 (custom)
2022-08-10 20:40:55,992 [Listener at 127.0.0.1/39139] INFO  server.GrpcService (ConfUtils.java:logGet(46)) - raft.grpc.message.size.max = 33554432 (custom)
2022-08-10 20:40:55,992 [Listener at 127.0.0.1/39139] INFO  server.RaftServerConfigKeys (ConfUtils.java:logGet(46)) - raft.server.log.appender.buffer.byte-limit = 33554432 (custom)
2022-08-10 20:40:55,993 [Listener at 127.0.0.1/39139] INFO  server.GrpcService (ConfUtils.java:logGet(46)) - raft.grpc.flow.control.window = 1MB (=1048576) (default)
2022-08-10 20:40:55,993 [Listener at 127.0.0.1/39139] INFO  server.RaftServerConfigKeys (ConfUtils.java:logGet(46)) - raft.server.rpc.request.timeout = 3000ms (default)
2022-08-10 20:40:55,993 [Listener at 127.0.0.1/39139] INFO  grpc.GrpcConfigKeys (ConfUtils.java:logGet(46)) - raft.grpc.server.async.request.thread.pool.cached = true (default)
2022-08-10 20:40:55,993 [Listener at 127.0.0.1/39139] INFO  grpc.GrpcConfigKeys (ConfUtils.java:logGet(46)) - raft.grpc.server.async.request.thread.pool.size = 32 (default)
2022-08-10 20:40:55,995 [Listener at 127.0.0.1/39139] INFO  impl.DataStreamServerImpl (ConfUtils.java:logGet(46)) - raft.datastream.type = DISABLED (default)
2022-08-10 20:40:55,995 [Listener at 127.0.0.1/39139] INFO  server.RaftServerConfigKeys (ConfUtils.java:logGet(46)) - raft.server.threadpool.proxy.cached = true (default)
2022-08-10 20:40:55,995 [Listener at 127.0.0.1/39139] INFO  server.RaftServerConfigKeys (ConfUtils.java:logGet(46)) - raft.server.threadpool.proxy.size = 0 (default)
2022-08-10 20:40:55,995 [Listener at 127.0.0.1/39139] INFO  server.RaftServerConfigKeys (ConfUtils.java:logGet(46)) - raft.server.rpc.slowness.timeout = 2s (custom)
2022-08-10 20:40:55,995 [Listener at 127.0.0.1/39139] INFO  server.RaftServerConfigKeys (ConfUtils.java:logGet(46)) - raft.server.leaderelection.leader.step-down.wait-time = 10s (default)
2022-08-10 20:40:55,995 [Listener at 127.0.0.1/39139] INFO  server.RaftServerConfigKeys (ConfUtils.java:logGet(46)) - raft.server.storage.dir = [/home/runner/work/ozone/ozone/hadoop-ozone/integration-test/target/test-dir/MiniOzoneClusterImpl-6b5328db-83be-43cc-b602-c95cfe986a84/omNode-3/ratis] (custom)
2022-08-10 20:40:55,996 [omNode-3-impl-thread1] INFO  server.RaftServer (RaftServerProxy.java:initGroupDir(247)) - omNode-3: found a subdirectory /home/runner/work/ozone/ozone/hadoop-ozone/integration-test/target/test-dir/MiniOzoneClusterImpl-6b5328db-83be-43cc-b602-c95cfe986a84/omNode-3/ratis/c9bc4cf4-3bc3-3c60-a66b-523986131536
2022-08-10 20:40:55,996 [Listener at 127.0.0.1/39139] INFO  server.RaftServer (RaftServerProxy.java:addNew(96)) - omNode-3: addNew group-523986131536:[omNode-3|rpc:localhost:39235|priority:0, omNode-1|rpc:localhost:38271|priority:0, omNode-2|rpc:localhost:35563|priority:0] returns group-523986131536:java.util.concurrent.CompletableFuture@ce4051[Not completed]
2022-08-10 20:40:55,997 [Listener at 127.0.0.1/39139] INFO  om.OzoneManager (OzoneManager.java:initializeRatisServer(1963)) - OzoneManager Ratis server initialized at port 39235
2022-08-10 20:40:55,997 [Listener at 127.0.0.1/39139] INFO  ratis.OzoneManagerRatisServer (OzoneManagerRatisServer.java:start(554)) - Starting OzoneManagerRatisServer omNode-3 at port 39235
2022-08-10 20:40:55,997 [grpc-default-executor-6] WARN  server.GrpcLogAppender (GrpcLogAppender.java:resetClient(111)) - omNode-2@group-523986131536->omNode-3-GrpcLogAppender: Leader has not got in touch with Follower omNode-2@group-523986131536->omNode-3(c-1,m0,n0, attendVote=false, lastRpcSendTime=15, lastRpcResponseTime=1358) yet, just keep nextIndex unchanged and retry.
2022-08-10 20:40:55,997 [pool-223-thread-1] INFO  server.RaftServer$Division (RaftServerImpl.java:<init>(190)) - omNode-3: new RaftServerImpl for group-523986131536:[omNode-3|rpc:localhost:39235|priority:0, omNode-1|rpc:localhost:38271|priority:0, omNode-2|rpc:localhost:35563|priority:0] with OzoneManagerStateMachine:uninitialized
2022-08-10 20:40:55,997 [omNode-2@group-523986131536->omNode-3-GrpcLogAppender-LogAppenderDaemon] INFO  server.GrpcLogAppender (GrpcLogAppender.java:installSnapshot(541)) - omNode-2@group-523986131536->omNode-3-GrpcLogAppender: followerNextIndex = 0 but logStartIndex = -1, notify follower to install snapshot-(t:1, i:24)
2022-08-10 20:40:55,998 [omNode-2@group-523986131536->omNode-3-GrpcLogAppender-LogAppenderDaemon] INFO  server.GrpcLogAppender (GrpcLogAppender.java:installSnapshot(549)) - omNode-2@group-523986131536->omNode-3-GrpcLogAppender: send omNode-2->omNode-3#0-t1,notify:(t:1, i:24)
2022-08-10 20:40:55,998 [pool-223-thread-1] INFO  server.RaftServerConfigKeys (ConfUtils.java:logGet(46)) - raft.server.rpc.timeout.min = 1s (custom)
2022-08-10 20:40:55,998 [pool-223-thread-1] INFO  server.RaftServerConfigKeys (ConfUtils.java:logGet(46)) - raft.server.rpc.timeout.max = 1200ms (custom)
2022-08-10 20:40:55,998 [pool-223-thread-1] INFO  server.RaftServerConfigKeys (ConfUtils.java:logGet(46)) - raft.server.rpc.sleep.time = 25ms (default)
2022-08-10 20:40:55,998 [pool-223-thread-1] INFO  server.RaftServerConfigKeys (ConfUtils.java:logGet(46)) - raft.server.rpc.slowness.timeout = 2s (custom)
2022-08-10 20:40:55,998 [pool-223-thread-1] INFO  server.RaftServerConfigKeys (ConfUtils.java:logGet(46)) - raft.server.leaderelection.leader.step-down.wait-time = 10s (default)
2022-08-10 20:40:55,998 [pool-223-thread-1] INFO  server.RaftServerConfigKeys (ConfUtils.java:logGet(46)) - raft.server.sleep.deviation.threshold = 300ms (default)
2022-08-10 20:40:55,999 [pool-223-thread-1] INFO  server.RaftServer$Division (ServerState.java:<init>(107)) - omNode-3@group-523986131536: ConfigurationManager, init=-1: [omNode-3|rpc:localhost:39235|priority:0, omNode-1|rpc:localhost:38271|priority:0, omNode-2|rpc:localhost:35563|priority:0], old=null, confs=<EMPTY_MAP>
2022-08-10 20:40:56,004 [pool-223-thread-1] INFO  server.RaftServerConfigKeys (ConfUtils.java:logGet(46)) - raft.server.storage.dir = [/home/runner/work/ozone/ozone/hadoop-ozone/integration-test/target/test-dir/MiniOzoneClusterImpl-6b5328db-83be-43cc-b602-c95cfe986a84/omNode-3/ratis] (custom)
2022-08-10 20:40:56,004 [pool-223-thread-1] INFO  server.RaftServerConfigKeys (ConfUtils.java:logGet(46)) - raft.server.log.corruption.policy = EXCEPTION (default)
2022-08-10 20:40:56,010 [grpc-default-executor-0] WARN  server.GrpcLogAppender (LogUtils.java:warn(122)) - omNode-2@group-523986131536->omNode-3-AppendLogResponseHandler: Failed appendEntries: org.apache.ratis.thirdparty.io.grpc.StatusRuntimeException: UNAVAILABLE: io exception
2022-08-10 20:40:56,012 [grpc-default-executor-0] WARN  server.GrpcLogAppender (GrpcLogAppender.java:resetClient(111)) - omNode-2@group-523986131536->omNode-3-GrpcLogAppender: Leader has not got in touch with Follower omNode-2@group-523986131536->omNode-3(c-1,m0,n0, attendVote=false, lastRpcSendTime=13, lastRpcResponseTime=1372) yet, just keep nextIndex unchanged and retry.
2022-08-10 20:40:56,012 [pool-223-thread-1] INFO  server.RaftServerConfigKeys (ConfUtils.java:logGet(46)) - raft.server.storage.free-space.min = 0MB (=0) (default)
2022-08-10 20:40:56,014 [grpc-default-executor-0] WARN  server.GrpcLogAppender (LogUtils.java:warn(122)) - omNode-2@group-523986131536->omNode-3-InstallSnapshotResponseHandler: Failed InstallSnapshot: org.apache.ratis.thirdparty.io.grpc.StatusRuntimeException: UNAVAILABLE: io exception
2022-08-10 20:40:56,014 [grpc-default-executor-0] WARN  server.GrpcLogAppender (GrpcLogAppender.java:resetClient(111)) - omNode-2@group-523986131536->omNode-3-GrpcLogAppender: Leader has not got in touch with Follower omNode-2@group-523986131536->omNode-3(c-1,m0,n0, attendVote=false, lastRpcSendTime=16, lastRpcResponseTime=1375) yet, just keep nextIndex unchanged and retry.
2022-08-10 20:40:56,015 [omNode-2@group-523986131536->omNode-3-GrpcLogAppender-LogAppenderDaemon] INFO  server.GrpcLogAppender (GrpcLogAppender.java:installSnapshot(541)) - omNode-2@group-523986131536->omNode-3-GrpcLogAppender: followerNextIndex = 0 but logStartIndex = -1, notify follower to install snapshot-(t:1, i:24)
2022-08-10 20:40:56,015 [omNode-2@group-523986131536->omNode-3-GrpcLogAppender-LogAppenderDaemon] INFO  server.GrpcLogAppender (GrpcLogAppender.java:installSnapshot(549)) - omNode-2@group-523986131536->omNode-3-GrpcLogAppender: send omNode-2->omNode-3#0-t1,notify:(t:1, i:24)
2022-08-10 20:40:56,015 [pool-223-thread-1] INFO  storage.RaftStorageDirectory (RaftStorageDirectoryImpl.java:tryLock(230)) - Lock on /home/runner/work/ozone/ozone/hadoop-ozone/integration-test/target/test-dir/MiniOzoneClusterImpl-6b5328db-83be-43cc-b602-c95cfe986a84/omNode-3/ratis/c9bc4cf4-3bc3-3c60-a66b-523986131536/in_use.lock acquired by nodename 17633@fv-az202-490
2022-08-10 20:40:56,016 [pool-223-thread-1] INFO  storage.RaftStorage (RaftStorageImpl.java:analyzeAndRecoverStorage(110)) - Read RaftStorageMetadata{term=1, votedFor=omNode-2} from /home/runner/work/ozone/ozone/hadoop-ozone/integration-test/target/test-dir/MiniOzoneClusterImpl-6b5328db-83be-43cc-b602-c95cfe986a84/omNode-3/ratis/c9bc4cf4-3bc3-3c60-a66b-523986131536/current/raft-meta
2022-08-10 20:40:56,022 [grpc-default-executor-6] WARN  server.GrpcLogAppender (LogUtils.java:warn(122)) - omNode-2@group-523986131536->omNode-3-AppendLogResponseHandler: Failed appendEntries: org.apache.ratis.thirdparty.io.grpc.StatusRuntimeException: UNAVAILABLE: io exception
2022-08-10 20:40:56,023 [grpc-default-executor-6] WARN  server.GrpcLogAppender (GrpcLogAppender.java:resetClient(111)) - omNode-2@group-523986131536->omNode-3-GrpcLogAppender: Leader has not got in touch with Follower omNode-2@group-523986131536->omNode-3(c-1,m0,n0, attendVote=false, lastRpcSendTime=7, lastRpcResponseTime=1384) yet, just keep nextIndex unchanged and retry.
2022-08-10 20:40:56,024 [grpc-default-executor-6] WARN  server.GrpcLogAppender (LogUtils.java:warn(122)) - omNode-2@group-523986131536->omNode-3-InstallSnapshotResponseHandler: Failed InstallSnapshot: org.apache.ratis.thirdparty.io.grpc.StatusRuntimeException: UNAVAILABLE: io exception
2022-08-10 20:40:56,025 [grpc-default-executor-6] WARN  server.GrpcLogAppender (GrpcLogAppender.java:resetClient(111)) - omNode-2@group-523986131536->omNode-3-GrpcLogAppender: Leader has not got in touch with Follower omNode-2@group-523986131536->omNode-3(c-1,m0,n0, attendVote=false, lastRpcSendTime=9, lastRpcResponseTime=1385) yet, just keep nextIndex unchanged and retry.
2022-08-10 20:40:56,025 [omNode-2@group-523986131536->omNode-3-GrpcLogAppender-LogAppenderDaemon] INFO  server.GrpcLogAppender (GrpcLogAppender.java:installSnapshot(541)) - omNode-2@group-523986131536->omNode-3-GrpcLogAppender: followerNextIndex = 0 but logStartIndex = -1, notify follower to install snapshot-(t:1, i:24)
2022-08-10 20:40:56,025 [omNode-2@group-523986131536->omNode-3-GrpcLogAppender-LogAppenderDaemon] INFO  server.GrpcLogAppender (GrpcLogAppender.java:installSnapshot(549)) - omNode-2@group-523986131536->omNode-3-GrpcLogAppender: send omNode-2->omNode-3#0-t1,notify:(t:1, i:24)
2022-08-10 20:40:56,024 [pool-223-thread-1] INFO  server.RaftServer$Division (ServerState.java:setRaftConf(393)) - omNode-3@group-523986131536: set configuration 0: [omNode-3|rpc:localhost:39235|admin:|client:|dataStream:|priority:0, omNode-1|rpc:localhost:38271|admin:|client:|dataStream:|priority:0, omNode-2|rpc:localhost:35563|admin:|client:|dataStream:|priority:0], old=null
2022-08-10 20:40:56,026 [pool-223-thread-1] INFO  server.RaftServerConfigKeys (ConfUtils.java:logGet(46)) - raft.server.notification.no-leader.timeout = 2s (custom)
2022-08-10 20:40:56,026 [grpc-default-executor-0] WARN  server.GrpcLogAppender (LogUtils.java:warn(122)) - omNode-2@group-523986131536->omNode-3-InstallSnapshotResponseHandler: Failed InstallSnapshot: org.apache.ratis.thirdparty.io.grpc.StatusRuntimeException: UNAVAILABLE: io exception
2022-08-10 20:40:56,027 [grpc-default-executor-0] WARN  server.GrpcLogAppender (GrpcLogAppender.java:resetClient(111)) - omNode-2@group-523986131536->omNode-3-GrpcLogAppender: Leader has not got in touch with Follower omNode-2@group-523986131536->omNode-3(c-1,m0,n0, attendVote=false, lastRpcSendTime=1, lastRpcResponseTime=1387) yet, just keep nextIndex unchanged and retry.
2022-08-10 20:40:56,027 [omNode-2@group-523986131536->omNode-3-GrpcLogAppender-LogAppenderDaemon] INFO  server.GrpcLogAppender (GrpcLogAppender.java:installSnapshot(541)) - omNode-2@group-523986131536->omNode-3-GrpcLogAppender: followerNextIndex = 0 but logStartIndex = -1, notify follower to install snapshot-(t:1, i:24)
2022-08-10 20:40:56,027 [omNode-2@group-523986131536->omNode-3-GrpcLogAppender-LogAppenderDaemon] INFO  server.GrpcLogAppender (GrpcLogAppender.java:installSnapshot(549)) - omNode-2@group-523986131536->omNode-3-GrpcLogAppender: send omNode-2->omNode-3#0-t1,notify:(t:1, i:24)
2022-08-10 20:40:56,027 [grpc-default-executor-0] WARN  server.GrpcLogAppender (LogUtils.java:warn(122)) - omNode-2@group-523986131536->omNode-3-AppendLogResponseHandler: Failed appendEntries: org.apache.ratis.thirdparty.io.grpc.StatusRuntimeException: UNAVAILABLE: io exception
2022-08-10 20:40:56,027 [grpc-default-executor-0] WARN  server.GrpcLogAppender (GrpcLogAppender.java:resetClient(111)) - omNode-2@group-523986131536->omNode-3-GrpcLogAppender: Leader has not got in touch with Follower omNode-2@group-523986131536->omNode-3(c-1,m0,n0, attendVote=false, lastRpcSendTime=0, lastRpcResponseTime=1388) yet, just keep nextIndex unchanged and retry.
2022-08-10 20:40:56,026 [pool-223-thread-1] INFO  server.RaftServerConfigKeys (ConfUtils.java:logGet(46)) - raft.server.log.use.memory = false (default)
2022-08-10 20:40:56,028 [pool-223-thread-1] INFO  server.RaftServerConfigKeys (ConfUtils.java:logGet(46)) - raft.server.log.purge.gap = 50 (custom)
2022-08-10 20:40:56,028 [pool-223-thread-1] INFO  server.RaftServerConfigKeys (ConfUtils.java:logGet(46)) - raft.server.log.appender.buffer.byte-limit = 33554432 (custom)
2022-08-10 20:40:56,028 [pool-223-thread-1] INFO  server.RaftServerConfigKeys (ConfUtils.java:logGet(46)) - raft.server.log.statemachine.data.read.timeout = 1000ms (default)
2022-08-10 20:40:56,028 [pool-223-thread-1] INFO  server.RaftServerConfigKeys (ConfUtils.java:logGet(46)) - raft.server.log.segment.size.max = 4194304 (custom)
2022-08-10 20:40:56,029 [pool-223-thread-1] INFO  server.RaftServerConfigKeys (ConfUtils.java:logGet(46)) - raft.server.log.segment.cache.num.max = 2 (custom)
2022-08-10 20:40:56,029 [pool-223-thread-1] INFO  server.RaftServerConfigKeys (ConfUtils.java:logGet(46)) - raft.server.log.segment.cache.size.max = 200MB (=209715200) (default)
2022-08-10 20:40:56,029 [pool-223-thread-1] INFO  segmented.SegmentedRaftLogWorker (SegmentedRaftLogWorker.java:<init>(187)) - new omNode-3@group-523986131536-SegmentedRaftLogWorker for RaftStorageImpl:Storage Directory /home/runner/work/ozone/ozone/hadoop-ozone/integration-test/target/test-dir/MiniOzoneClusterImpl-6b5328db-83be-43cc-b602-c95cfe986a84/omNode-3/ratis/c9bc4cf4-3bc3-3c60-a66b-523986131536
2022-08-10 20:40:56,029 [pool-223-thread-1] INFO  server.RaftServerConfigKeys (ConfUtils.java:logGet(46)) - raft.server.log.queue.byte-limit = 64MB (=67108864) (default)
2022-08-10 20:40:56,029 [pool-223-thread-1] INFO  server.RaftServerConfigKeys (ConfUtils.java:logGet(46)) - raft.server.log.queue.element-limit = 4096 (default)
2022-08-10 20:40:56,029 [grpc-default-executor-5] WARN  server.GrpcLogAppender (LogUtils.java:warn(122)) - omNode-2@group-523986131536->omNode-3-InstallSnapshotResponseHandler: Failed InstallSnapshot: org.apache.ratis.thirdparty.io.grpc.StatusRuntimeException: UNAVAILABLE: io exception
2022-08-10 20:40:56,029 [pool-223-thread-1] INFO  server.RaftServerConfigKeys (ConfUtils.java:logGet(46)) - raft.server.log.segment.size.max = 4194304 (custom)
2022-08-10 20:40:56,029 [pool-223-thread-1] INFO  server.RaftServerConfigKeys (ConfUtils.java:logGet(46)) - raft.server.log.preallocated.size = 4194304 (custom)
2022-08-10 20:40:56,029 [pool-223-thread-1] INFO  server.RaftServerConfigKeys (ConfUtils.java:logGet(46)) - raft.server.log.force.sync.num = 128 (default)
2022-08-10 20:40:56,029 [pool-223-thread-1] INFO  server.RaftServerConfigKeys (ConfUtils.java:logGet(46)) - raft.server.log.statemachine.data.sync = true (default)
2022-08-10 20:40:56,029 [pool-223-thread-1] INFO  server.RaftServerConfigKeys (ConfUtils.java:logGet(46)) - raft.server.log.statemachine.data.sync.timeout = 10s (default)
2022-08-10 20:40:56,029 [pool-223-thread-1] INFO  server.RaftServerConfigKeys (ConfUtils.java:logGet(46)) - raft.server.log.statemachine.data.sync.timeout.retry = -1 (default)
2022-08-10 20:40:56,029 [grpc-default-executor-5] WARN  server.GrpcLogAppender (GrpcLogAppender.java:resetClient(111)) - omNode-2@group-523986131536->omNode-3-GrpcLogAppender: Leader has not got in touch with Follower omNode-2@group-523986131536->omNode-3(c-1,m0,n0, attendVote=false, lastRpcSendTime=2, lastRpcResponseTime=1390) yet, just keep nextIndex unchanged and retry.
2022-08-10 20:40:56,030 [omNode-2@group-523986131536->omNode-3-GrpcLogAppender-LogAppenderDaemon] INFO  server.GrpcLogAppender (GrpcLogAppender.java:installSnapshot(541)) - omNode-2@group-523986131536->omNode-3-GrpcLogAppender: followerNextIndex = 0 but logStartIndex = -1, notify follower to install snapshot-(t:1, i:24)
2022-08-10 20:40:56,030 [omNode-2@group-523986131536->omNode-3-GrpcLogAppender-LogAppenderDaemon] INFO  server.GrpcLogAppender (GrpcLogAppender.java:installSnapshot(549)) - omNode-2@group-523986131536->omNode-3-GrpcLogAppender: send omNode-2->omNode-3#0-t1,notify:(t:1, i:24)
2022-08-10 20:40:56,030 [pool-223-thread-1] INFO  server.RaftServerConfigKeys (ConfUtils.java:logGet(46)) - raft.server.log.write.buffer.size = 64KB (=65536) (default)
2022-08-10 20:40:56,030 [pool-223-thread-1] INFO  server.RaftServerConfigKeys (ConfUtils.java:logGet(46)) - raft.server.log.unsafe-flush.enabled = false (default)
2022-08-10 20:40:56,030 [pool-223-thread-1] INFO  server.RaftServerConfigKeys (ConfUtils.java:logGet(46)) - raft.server.log.statemachine.data.caching.enabled = false (default)
2022-08-10 20:40:56,030 [grpc-default-executor-5] WARN  server.GrpcLogAppender (LogUtils.java:warn(122)) - omNode-2@group-523986131536->omNode-3-AppendLogResponseHandler: Failed appendEntries: org.apache.ratis.thirdparty.io.grpc.StatusRuntimeException: UNAVAILABLE: io exception
2022-08-10 20:40:56,030 [grpc-default-executor-5] WARN  server.GrpcLogAppender (GrpcLogAppender.java:resetClient(111)) - omNode-2@group-523986131536->omNode-3-GrpcLogAppender: Leader has not got in touch with Follower omNode-2@group-523986131536->omNode-3(c-1,m0,n0, attendVote=false, lastRpcSendTime=0, lastRpcResponseTime=1391) yet, just keep nextIndex unchanged and retry.
2022-08-10 20:40:56,036 [grpc-default-executor-6] WARN  server.GrpcLogAppender (LogUtils.java:warn(122)) - omNode-2@group-523986131536->omNode-3-InstallSnapshotResponseHandler: Failed InstallSnapshot: org.apache.ratis.thirdparty.io.grpc.StatusRuntimeException: UNAVAILABLE: io exception
2022-08-10 20:40:56,037 [grpc-default-executor-0] WARN  server.GrpcLogAppender (LogUtils.java:warn(122)) - omNode-2@group-523986131536->omNode-3-AppendLogResponseHandler: Failed appendEntries: org.apache.ratis.thirdparty.io.grpc.StatusRuntimeException: UNAVAILABLE: io exception
2022-08-10 20:40:56,037 [grpc-default-executor-6] WARN  server.GrpcLogAppender (GrpcLogAppender.java:resetClient(111)) - omNode-2@group-523986131536->omNode-3-GrpcLogAppender: Leader has not got in touch with Follower omNode-2@group-523986131536->omNode-3(c-1,m0,n0, attendVote=false, lastRpcSendTime=7, lastRpcResponseTime=1398) yet, just keep nextIndex unchanged and retry.
2022-08-10 20:40:56,037 [grpc-default-executor-0] WARN  server.GrpcLogAppender (GrpcLogAppender.java:resetClient(111)) - omNode-2@group-523986131536->omNode-3-GrpcLogAppender: Leader has not got in touch with Follower omNode-2@group-523986131536->omNode-3(c-1,m0,n0, attendVote=false, lastRpcSendTime=7, lastRpcResponseTime=1398) yet, just keep nextIndex unchanged and retry.
2022-08-10 20:40:56,037 [omNode-2@group-523986131536->omNode-3-GrpcLogAppender-LogAppenderDaemon] INFO  server.GrpcLogAppender (GrpcLogAppender.java:installSnapshot(541)) - omNode-2@group-523986131536->omNode-3-GrpcLogAppender: followerNextIndex = 0 but logStartIndex = -1, notify follower to install snapshot-(t:1, i:24)
2022-08-10 20:40:56,037 [omNode-2@group-523986131536->omNode-3-GrpcLogAppender-LogAppenderDaemon] INFO  server.GrpcLogAppender (GrpcLogAppender.java:installSnapshot(549)) - omNode-2@group-523986131536->omNode-3-GrpcLogAppender: send omNode-2->omNode-3#0-t1,notify:(t:1, i:24)
2022-08-10 20:40:56,038 [pool-223-thread-1] INFO  server.RaftServer$Division (ServerState.java:setRaftConf(393)) - omNode-3@group-523986131536: set configuration 0: [omNode-3|rpc:localhost:39235|admin:|client:|dataStream:|priority:0, omNode-1|rpc:localhost:38271|admin:|client:|dataStream:|priority:0, omNode-2|rpc:localhost:35563|admin:|client:|dataStream:|priority:0], old=null
2022-08-10 20:40:56,039 [pool-223-thread-1] INFO  segmented.LogSegment (LogSegment.java:loadSegment(173)) - Successfully read 24 entries from segment file /home/runner/work/ozone/ozone/hadoop-ozone/integration-test/target/test-dir/MiniOzoneClusterImpl-6b5328db-83be-43cc-b602-c95cfe986a84/omNode-3/ratis/c9bc4cf4-3bc3-3c60-a66b-523986131536/current/log_inprogress_0
2022-08-10 20:40:56,039 [pool-223-thread-1] INFO  segmented.SegmentedRaftLogWorker (SegmentedRaftLogWorker.java:lambda$new$0(135)) - omNode-3@group-523986131536-SegmentedRaftLogWorker: flushIndex: setUnconditionally 0 -> 23
2022-08-10 20:40:56,039 [pool-223-thread-1] INFO  segmented.SegmentedRaftLogWorker (SegmentedRaftLogWorker.java:lambda$new$0(135)) - omNode-3@group-523986131536-SegmentedRaftLogWorker: safeCacheEvictIndex: setUnconditionally 0 -> -1
2022-08-10 20:40:56,039 [pool-223-thread-1] INFO  raftlog.RaftLog (RaftLogBase.java:lambda$new$0(53)) - omNode-3@group-523986131536-SegmentedRaftLog: commitIndex: updateToMax old=20, new=18, updated? false
2022-08-10 20:40:56,039 [pool-223-thread-1] INFO  server.RaftServerConfigKeys (ConfUtils.java:logGet(46)) - raft.server.snapshot.auto.trigger.enabled = true (custom)
2022-08-10 20:40:56,042 [pool-223-thread-1] INFO  server.RaftServerConfigKeys (ConfUtils.java:logGet(46)) - raft.server.snapshot.auto.trigger.threshold = 50 (custom)
2022-08-10 20:40:56,042 [pool-223-thread-1] INFO  server.RaftServerConfigKeys (ConfUtils.java:logGet(46)) - raft.server.snapshot.retention.file.num = -1 (default)
2022-08-10 20:40:56,042 [pool-223-thread-1] INFO  server.RaftServerConfigKeys (ConfUtils.java:logGet(46)) - raft.server.log.purge.upto.snapshot.index = true (custom)
2022-08-10 20:40:56,042 [pool-223-thread-1] INFO  server.RaftServerConfigKeys (ConfUtils.java:logGet(46)) - raft.server.retrycache.expirytime = 30000ms (custom)
2022-08-10 20:40:56,042 [pool-223-thread-1] INFO  server.RaftServerConfigKeys (ConfUtils.java:logGet(46)) - raft.server.retrycache.statistics.expirytime = 100μs (default)
2022-08-10 20:40:56,043 [grpc-default-executor-5] WARN  server.GrpcLogAppender (LogUtils.java:warn(122)) - omNode-2@group-523986131536->omNode-3-AppendLogResponseHandler: Failed appendEntries: org.apache.ratis.thirdparty.io.grpc.StatusRuntimeException: UNAVAILABLE: io exception
2022-08-10 20:40:56,043 [pool-223-thread-1] INFO  server.RaftServerConfigKeys (ConfUtils.java:logGet(46)) - raft.server.log.appender.install.snapshot.enabled = false (custom)
2022-08-10 20:40:56,043 [pool-223-thread-1] INFO  server.RaftServerConfigKeys (ConfUtils.java:logGet(46)) - raft.server.threadpool.server.cached = true (default)
2022-08-10 20:40:56,043 [pool-223-thread-1] INFO  server.RaftServerConfigKeys (ConfUtils.java:logGet(46)) - raft.server.threadpool.server.size = 0 (default)
2022-08-10 20:40:56,043 [pool-223-thread-1] INFO  server.RaftServerConfigKeys (ConfUtils.java:logGet(46)) - raft.server.threadpool.client.cached = true (default)
2022-08-10 20:40:56,043 [pool-223-thread-1] INFO  server.RaftServerConfigKeys (ConfUtils.java:logGet(46)) - raft.server.threadpool.client.size = 0 (default)
2022-08-10 20:40:56,043 [grpc-default-executor-5] WARN  server.GrpcLogAppender (GrpcLogAppender.java:resetClient(111)) - omNode-2@group-523986131536->omNode-3-GrpcLogAppender: Leader has not got in touch with Follower omNode-2@group-523986131536->omNode-3(c-1,m0,n0, attendVote=false, lastRpcSendTime=5, lastRpcResponseTime=1404) yet, just keep nextIndex unchanged and retry.
2022-08-10 20:40:56,043 [grpc-default-executor-0] WARN  server.GrpcLogAppender (LogUtils.java:warn(122)) - omNode-2@group-523986131536->omNode-3-InstallSnapshotResponseHandler: Failed InstallSnapshot: org.apache.ratis.thirdparty.io.grpc.StatusRuntimeException: UNAVAILABLE: io exception
2022-08-10 20:40:56,043 [grpc-default-executor-0] WARN  server.GrpcLogAppender (GrpcLogAppender.java:resetClient(111)) - omNode-2@group-523986131536->omNode-3-GrpcLogAppender: Leader has not got in touch with Follower omNode-2@group-523986131536->omNode-3(c-1,m0,n0, attendVote=false, lastRpcSendTime=5, lastRpcResponseTime=1404) yet, just keep nextIndex unchanged and retry.
2022-08-10 20:40:56,043 [omNode-2@group-523986131536->omNode-3-GrpcLogAppender-LogAppenderDaemon] INFO  server.GrpcLogAppender (GrpcLogAppender.java:installSnapshot(541)) - omNode-2@group-523986131536->omNode-3-GrpcLogAppender: followerNextIndex = 0 but logStartIndex = -1, notify follower to install snapshot-(t:1, i:24)
2022-08-10 20:40:56,044 [omNode-2@group-523986131536->omNode-3-GrpcLogAppender-LogAppenderDaemon] INFO  server.GrpcLogAppender (GrpcLogAppender.java:installSnapshot(549)) - omNode-2@group-523986131536->omNode-3-GrpcLogAppender: send omNode-2->omNode-3#0-t1,notify:(t:1, i:24)
2022-08-10 20:40:56,045 [grpc-default-executor-6] WARN  server.GrpcLogAppender (LogUtils.java:warn(122)) - omNode-2@group-523986131536->omNode-3-AppendLogResponseHandler: Failed appendEntries: org.apache.ratis.thirdparty.io.grpc.StatusRuntimeException: UNAVAILABLE: io exception
2022-08-10 20:40:56,045 [omNode-3-impl-thread1] INFO  server.RaftServer$Division (RaftServerImpl.java:start(310)) - omNode-3@group-523986131536: start as a follower, conf=0: [omNode-3|rpc:localhost:39235|admin:|client:|dataStream:|priority:0, omNode-1|rpc:localhost:38271|admin:|client:|dataStream:|priority:0, omNode-2|rpc:localhost:35563|admin:|client:|dataStream:|priority:0], old=null
2022-08-10 20:40:56,045 [omNode-3-impl-thread1] INFO  server.RaftServer$Division (RaftServerImpl.java:setRole(299)) - omNode-3@group-523986131536: changes role from      null to FOLLOWER at term 1 for startAsFollower
2022-08-10 20:40:56,045 [omNode-3-impl-thread1] INFO  impl.RoleInfo (RoleInfo.java:updateAndGet(139)) - omNode-3: start omNode-3@group-523986131536-FollowerState
2022-08-10 20:40:56,045 [grpc-default-executor-6] WARN  server.GrpcLogAppender (GrpcLogAppender.java:resetClient(111)) - omNode-2@group-523986131536->omNode-3-GrpcLogAppender: Leader has not got in touch with Follower omNode-2@group-523986131536->omNode-3(c-1,m0,n0, attendVote=false, lastRpcSendTime=1, lastRpcResponseTime=1406) yet, just keep nextIndex unchanged and retry.
2022-08-10 20:40:56,045 [grpc-default-executor-0] WARN  server.GrpcLogAppender (LogUtils.java:warn(122)) - omNode-2@group-523986131536->omNode-3-InstallSnapshotResponseHandler: Failed InstallSnapshot: org.apache.ratis.thirdparty.io.grpc.StatusRuntimeException: UNAVAILABLE: io exception
2022-08-10 20:40:56,045 [grpc-default-executor-0] WARN  server.GrpcLogAppender (GrpcLogAppender.java:resetClient(111)) - omNode-2@group-523986131536->omNode-3-GrpcLogAppender: Leader has not got in touch with Follower omNode-2@group-523986131536->omNode-3(c-1,m0,n0, attendVote=false, lastRpcSendTime=1, lastRpcResponseTime=1406) yet, just keep nextIndex unchanged and retry.
2022-08-10 20:40:56,045 [omNode-3-impl-thread1] INFO  util.JmxRegister (JmxRegister.java:tryRegister(44)) - Successfully registered JMX Bean with object name Ratis:service=RaftServer,group=group-523986131536,id=omNode-3
2022-08-10 20:40:56,045 [omNode-2@group-523986131536->omNode-3-GrpcLogAppender-LogAppenderDaemon] INFO  server.GrpcLogAppender (GrpcLogAppender.java:installSnapshot(541)) - omNode-2@group-523986131536->omNode-3-GrpcLogAppender: followerNextIndex = 0 but logStartIndex = -1, notify follower to install snapshot-(t:1, i:24)
2022-08-10 20:40:56,046 [omNode-2@group-523986131536->omNode-3-GrpcLogAppender-LogAppenderDaemon] INFO  server.GrpcLogAppender (GrpcLogAppender.java:installSnapshot(549)) - omNode-2@group-523986131536->omNode-3-GrpcLogAppender: send omNode-2->omNode-3#0-t1,notify:(t:1, i:24)
2022-08-10 20:40:56,047 [grpc-default-executor-6] WARN  server.GrpcLogAppender (LogUtils.java:warn(122)) - omNode-2@group-523986131536->omNode-3-AppendLogResponseHandler: Failed appendEntries: org.apache.ratis.thirdparty.io.grpc.StatusRuntimeException: UNAVAILABLE: io exception
2022-08-10 20:40:56,047 [grpc-default-executor-6] WARN  server.GrpcLogAppender (GrpcLogAppender.java:resetClient(111)) - omNode-2@group-523986131536->omNode-3-GrpcLogAppender: Leader has not got in touch with Follower omNode-2@group-523986131536->omNode-3(c-1,m0,n0, attendVote=false, lastRpcSendTime=0, lastRpcResponseTime=1407) yet, just keep nextIndex unchanged and retry.
2022-08-10 20:40:56,047 [grpc-default-executor-0] WARN  server.GrpcLogAppender (LogUtils.java:warn(122)) - omNode-2@group-523986131536->omNode-3-InstallSnapshotResponseHandler: Failed InstallSnapshot: org.apache.ratis.thirdparty.io.grpc.StatusRuntimeException: UNAVAILABLE: io exception
2022-08-10 20:40:56,047 [grpc-default-executor-0] WARN  server.GrpcLogAppender (GrpcLogAppender.java:resetClient(111)) - omNode-2@group-523986131536->omNode-3-GrpcLogAppender: Leader has not got in touch with Follower omNode-2@group-523986131536->omNode-3(c-1,m0,n0, attendVote=false, lastRpcSendTime=1, lastRpcResponseTime=1407) yet, just keep nextIndex unchanged and retry.
2022-08-10 20:40:56,047 [omNode-2@group-523986131536->omNode-3-GrpcLogAppender-LogAppenderDaemon] INFO  server.GrpcLogAppender (GrpcLogAppender.java:installSnapshot(541)) - omNode-2@group-523986131536->omNode-3-GrpcLogAppender: followerNextIndex = 0 but logStartIndex = -1, notify follower to install snapshot-(t:1, i:24)
2022-08-10 20:40:56,047 [omNode-2@group-523986131536->omNode-3-GrpcLogAppender-LogAppenderDaemon] INFO  server.GrpcLogAppender (GrpcLogAppender.java:installSnapshot(549)) - omNode-2@group-523986131536->omNode-3-GrpcLogAppender: send omNode-2->omNode-3#0-t1,notify:(t:1, i:24)
2022-08-10 20:40:56,047 [grpc-default-executor-0] WARN  server.GrpcLogAppender (LogUtils.java:warn(122)) - omNode-2@group-523986131536->omNode-3-AppendLogResponseHandler: Failed appendEntries: org.apache.ratis.thirdparty.io.grpc.StatusRuntimeException: UNAVAILABLE: io exception
2022-08-10 20:40:56,047 [grpc-default-executor-0] WARN  server.GrpcLogAppender (GrpcLogAppender.java:resetClient(111)) - omNode-2@group-523986131536->omNode-3-GrpcLogAppender: Leader has not got in touch with Follower omNode-2@group-523986131536->omNode-3(c-1,m0,n0, attendVote=false, lastRpcSendTime=0, lastRpcResponseTime=1408) yet, just keep nextIndex unchanged and retry.
2022-08-10 20:40:56,048 [grpc-default-executor-6] WARN  server.GrpcLogAppender (LogUtils.java:warn(122)) - omNode-2@group-523986131536->omNode-3-InstallSnapshotResponseHandler: Failed InstallSnapshot: org.apache.ratis.thirdparty.io.grpc.StatusRuntimeException: UNAVAILABLE: io exception
2022-08-10 20:40:56,048 [grpc-default-executor-6] WARN  server.GrpcLogAppender (GrpcLogAppender.java:resetClient(111)) - omNode-2@group-523986131536->omNode-3-GrpcLogAppender: Leader has not got in touch with Follower omNode-2@group-523986131536->omNode-3(c-1,m0,n0, attendVote=false, lastRpcSendTime=0, lastRpcResponseTime=1408) yet, just keep nextIndex unchanged and retry.
2022-08-10 20:40:56,048 [omNode-2@group-523986131536->omNode-3-GrpcLogAppender-LogAppenderDaemon] INFO  server.GrpcLogAppender (GrpcLogAppender.java:installSnapshot(541)) - omNode-2@group-523986131536->omNode-3-GrpcLogAppender: followerNextIndex = 0 but logStartIndex = -1, notify follower to install snapshot-(t:1, i:24)
2022-08-10 20:40:56,048 [omNode-2@group-523986131536->omNode-3-GrpcLogAppender-LogAppenderDaemon] INFO  server.GrpcLogAppender (GrpcLogAppender.java:installSnapshot(549)) - omNode-2@group-523986131536->omNode-3-GrpcLogAppender: send omNode-2->omNode-3#0-t1,notify:(t:1, i:24)
2022-08-10 20:40:56,048 [grpc-default-executor-0] WARN  server.GrpcLogAppender (LogUtils.java:warn(122)) - omNode-2@group-523986131536->omNode-3-InstallSnapshotResponseHandler: Failed InstallSnapshot: org.apache.ratis.thirdparty.io.grpc.StatusRuntimeException: UNAVAILABLE: io exception
2022-08-10 20:40:56,048 [grpc-default-executor-0] WARN  server.GrpcLogAppender (GrpcLogAppender.java:resetClient(111)) - omNode-2@group-523986131536->omNode-3-GrpcLogAppender: Leader has not got in touch with Follower omNode-2@group-523986131536->omNode-3(c-1,m0,n0, attendVote=false, lastRpcSendTime=0, lastRpcResponseTime=1409) yet, just keep nextIndex unchanged and retry.
2022-08-10 20:40:56,048 [grpc-default-executor-6] WARN  server.GrpcLogAppender (LogUtils.java:warn(122)) - omNode-2@group-523986131536->omNode-3-AppendLogResponseHandler: Failed appendEntries: org.apache.ratis.thirdparty.io.grpc.StatusRuntimeException: UNAVAILABLE: io exception
2022-08-10 20:40:56,048 [grpc-default-executor-6] WARN  server.GrpcLogAppender (GrpcLogAppender.java:resetClient(111)) - omNode-2@group-523986131536->omNode-3-GrpcLogAppender: Leader has not got in touch with Follower omNode-2@group-523986131536->omNode-3(c-1,m0,n0, attendVote=false, lastRpcSendTime=0, lastRpcResponseTime=1409) yet, just keep nextIndex unchanged and retry.
2022-08-10 20:40:56,048 [omNode-2@group-523986131536->omNode-3-GrpcLogAppender-LogAppenderDaemon] INFO  server.GrpcLogAppender (GrpcLogAppender.java:installSnapshot(541)) - omNode-2@group-523986131536->omNode-3-GrpcLogAppender: followerNextIndex = 0 but logStartIndex = -1, notify follower to install snapshot-(t:1, i:24)
2022-08-10 20:40:56,049 [omNode-2@group-523986131536->omNode-3-GrpcLogAppender-LogAppenderDaemon] INFO  server.GrpcLogAppender (GrpcLogAppender.java:installSnapshot(549)) - omNode-2@group-523986131536->omNode-3-GrpcLogAppender: send omNode-2->omNode-3#0-t1,notify:(t:1, i:24)
2022-08-10 20:40:56,049 [grpc-default-executor-0] WARN  server.GrpcLogAppender (LogUtils.java:warn(122)) - omNode-2@group-523986131536->omNode-3-InstallSnapshotResponseHandler: Failed InstallSnapshot: org.apache.ratis.thirdparty.io.grpc.StatusRuntimeException: UNAVAILABLE: io exception
2022-08-10 20:40:56,049 [grpc-default-executor-0] WARN  server.GrpcLogAppender (GrpcLogAppender.java:resetClient(111)) - omNode-2@group-523986131536->omNode-3-GrpcLogAppender: Leader has not got in touch with Follower omNode-2@group-523986131536->omNode-3(c-1,m0,n0, attendVote=false, lastRpcSendTime=0, lastRpcResponseTime=1409) yet, just keep nextIndex unchanged and retry.
2022-08-10 20:40:56,049 [grpc-default-executor-6] WARN  server.GrpcLogAppender (LogUtils.java:warn(122)) - omNode-2@group-523986131536->omNode-3-AppendLogResponseHandler: Failed appendEntries: org.apache.ratis.thirdparty.io.grpc.StatusRuntimeException: UNAVAILABLE: io exception
2022-08-10 20:40:56,049 [grpc-default-executor-6] WARN  server.GrpcLogAppender (GrpcLogAppender.java:resetClient(111)) - omNode-2@group-523986131536->omNode-3-GrpcLogAppender: Leader has not got in touch with Follower omNode-2@group-523986131536->omNode-3(c-1,m0,n0, attendVote=false, lastRpcSendTime=0, lastRpcResponseTime=1410) yet, just keep nextIndex unchanged and retry.
2022-08-10 20:40:56,053 [Listener at 127.0.0.1/39139] INFO  server.RaftServer (RaftServerProxy.java:lambda$start$6(382)) - omNode-3: start RPC server
2022-08-10 20:40:56,053 [omNode-2@group-523986131536->omNode-3-GrpcLogAppender-LogAppenderDaemon] INFO  server.GrpcLogAppender (GrpcLogAppender.java:installSnapshot(541)) - omNode-2@group-523986131536->omNode-3-GrpcLogAppender: followerNextIndex = 0 but logStartIndex = -1, notify follower to install snapshot-(t:1, i:24)
2022-08-10 20:40:56,054 [omNode-2@group-523986131536->omNode-3-GrpcLogAppender-LogAppenderDaemon] INFO  server.GrpcLogAppender (GrpcLogAppender.java:installSnapshot(549)) - omNode-2@group-523986131536->omNode-3-GrpcLogAppender: send omNode-2->omNode-3#0-t1,notify:(t:1, i:24)
2022-08-10 20:40:56,056 [Listener at 127.0.0.1/39139] INFO  server.GrpcService (GrpcService.java:startImpl(260)) - omNode-3: GrpcService started, listening on 39235
2022-08-10 20:40:56,056 [Listener at 127.0.0.1/39139] INFO  om.OzoneManager (OzoneManager.java:getRpcServer(1086)) - Creating RPC Server
2022-08-10 20:40:56,057 [grpc-default-executor-0] WARN  server.GrpcLogAppender (LogUtils.java:warn(122)) - omNode-2@group-523986131536->omNode-3-AppendLogResponseHandler: Failed appendEntries: org.apache.ratis.thirdparty.io.grpc.StatusRuntimeException: UNAVAILABLE: io exception
2022-08-10 20:40:56,057 [grpc-default-executor-0] WARN  server.GrpcLogAppender (GrpcLogAppender.java:resetClient(111)) - omNode-2@group-523986131536->omNode-3-GrpcLogAppender: Leader has not got in touch with Follower omNode-2@group-523986131536->omNode-3(c-1,m0,n0, attendVote=false, lastRpcSendTime=2, lastRpcResponseTime=1417) yet, just keep nextIndex unchanged and retry.
2022-08-10 20:40:56,057 [grpc-default-executor-6] WARN  server.GrpcLogAppender (LogUtils.java:warn(122)) - omNode-2@group-523986131536->omNode-3-InstallSnapshotResponseHandler: Failed InstallSnapshot: org.apache.ratis.thirdparty.io.grpc.StatusRuntimeException: UNAVAILABLE: io exception
2022-08-10 20:40:56,057 [grpc-default-executor-6] WARN  server.GrpcLogAppender (GrpcLogAppender.java:resetClient(111)) - omNode-2@group-523986131536->omNode-3-GrpcLogAppender: Leader has not got in touch with Follower omNode-2@group-523986131536->omNode-3(c-1,m0,n0, attendVote=false, lastRpcSendTime=3, lastRpcResponseTime=1418) yet, just keep nextIndex unchanged and retry.
2022-08-10 20:40:56,057 [omNode-2@group-523986131536->omNode-3-GrpcLogAppender-LogAppenderDaemon] INFO  server.GrpcLogAppender (GrpcLogAppender.java:installSnapshot(541)) - omNode-2@group-523986131536->omNode-3-GrpcLogAppender: followerNextIndex = 0 but logStartIndex = -1, notify follower to install snapshot-(t:1, i:24)
2022-08-10 20:40:56,057 [omNode-2@group-523986131536->omNode-3-GrpcLogAppender-LogAppenderDaemon] INFO  server.GrpcLogAppender (GrpcLogAppender.java:installSnapshot(549)) - omNode-2@group-523986131536->omNode-3-GrpcLogAppender: send omNode-2->omNode-3#0-t1,notify:(t:1, i:24)
2022-08-10 20:40:56,058 [grpc-default-executor-6] WARN  server.GrpcLogAppender (LogUtils.java:warn(122)) - omNode-2@group-523986131536->omNode-3-AppendLogResponseHandler: Failed appendEntries: org.apache.ratis.thirdparty.io.grpc.StatusRuntimeException: UNAVAILABLE: io exception
2022-08-10 20:40:56,058 [grpc-default-executor-6] WARN  server.GrpcLogAppender (GrpcLogAppender.java:resetClient(111)) - omNode-2@group-523986131536->omNode-3-GrpcLogAppender: Leader has not got in touch with Follower omNode-2@group-523986131536->omNode-3(c-1,m0,n0, attendVote=false, lastRpcSendTime=0, lastRpcResponseTime=1418) yet, just keep nextIndex unchanged and retry.
2022-08-10 20:40:56,058 [grpc-default-executor-0] WARN  server.GrpcLogAppender (LogUtils.java:warn(122)) - omNode-2@group-523986131536->omNode-3-InstallSnapshotResponseHandler: Failed InstallSnapshot: org.apache.ratis.thirdparty.io.grpc.StatusRuntimeException: UNAVAILABLE: io exception
2022-08-10 20:40:56,058 [grpc-default-executor-0] WARN  server.GrpcLogAppender (GrpcLogAppender.java:resetClient(111)) - omNode-2@group-523986131536->omNode-3-GrpcLogAppender: Leader has not got in touch with Follower omNode-2@group-523986131536->omNode-3(c-1,m0,n0, attendVote=false, lastRpcSendTime=0, lastRpcResponseTime=1418) yet, just keep nextIndex unchanged and retry.
2022-08-10 20:40:56,058 [omNode-2@group-523986131536->omNode-3-GrpcLogAppender-LogAppenderDaemon] INFO  server.GrpcLogAppender (GrpcLogAppender.java:installSnapshot(541)) - omNode-2@group-523986131536->omNode-3-GrpcLogAppender: followerNextIndex = 0 but logStartIndex = -1, notify follower to install snapshot-(t:1, i:24)
2022-08-10 20:40:56,058 [omNode-2@group-523986131536->omNode-3-GrpcLogAppender-LogAppenderDaemon] INFO  server.GrpcLogAppender (GrpcLogAppender.java:installSnapshot(549)) - omNode-2@group-523986131536->omNode-3-GrpcLogAppender: send omNode-2->omNode-3#0-t1,notify:(t:1, i:24)
2022-08-10 20:40:56,058 [grpc-default-executor-0] WARN  server.GrpcLogAppender (LogUtils.java:warn(122)) - omNode-2@group-523986131536->omNode-3-AppendLogResponseHandler: Failed appendEntries: org.apache.ratis.thirdparty.io.grpc.StatusRuntimeException: UNAVAILABLE: io exception
2022-08-10 20:40:56,058 [grpc-default-executor-0] WARN  server.GrpcLogAppender (GrpcLogAppender.java:resetClient(111)) - omNode-2@group-523986131536->omNode-3-GrpcLogAppender: Leader has not got in touch with Follower omNode-2@group-523986131536->omNode-3(c-1,m0,n0, attendVote=false, lastRpcSendTime=0, lastRpcResponseTime=1419) yet, just keep nextIndex unchanged and retry.
2022-08-10 20:40:56,059 [grpc-default-executor-6] WARN  server.GrpcLogAppender (LogUtils.java:warn(122)) - omNode-2@group-523986131536->omNode-3-InstallSnapshotResponseHandler: Failed InstallSnapshot: org.apache.ratis.thirdparty.io.grpc.StatusRuntimeException: UNAVAILABLE: io exception
2022-08-10 20:40:56,059 [grpc-default-executor-6] WARN  server.GrpcLogAppender (GrpcLogAppender.java:resetClient(111)) - omNode-2@group-523986131536->omNode-3-GrpcLogAppender: Leader has not got in touch with Follower omNode-2@group-523986131536->omNode-3(c-1,m0,n0, attendVote=false, lastRpcSendTime=0, lastRpcResponseTime=1419) yet, just keep nextIndex unchanged and retry.
2022-08-10 20:40:56,059 [grpc-default-executor-6] WARN  server.GrpcLogAppender (LogUtils.java:warn(122)) - omNode-2@group-523986131536->omNode-3-AppendLogResponseHandler: Failed appendEntries: org.apache.ratis.thirdparty.io.grpc.StatusRuntimeException: UNAVAILABLE: io exception
2022-08-10 20:40:56,059 [grpc-default-executor-6] WARN  server.GrpcLogAppender (GrpcLogAppender.java:resetClient(111)) - omNode-2@group-523986131536->omNode-3-GrpcLogAppender: Leader has not got in touch with Follower omNode-2@group-523986131536->omNode-3(c-1,m0,n0, attendVote=false, lastRpcSendTime=0, lastRpcResponseTime=1420) yet, just keep nextIndex unchanged and retry.
2022-08-10 20:40:56,059 [omNode-2@group-523986131536->omNode-3-GrpcLogAppender-LogAppenderDaemon] INFO  server.GrpcLogAppender (GrpcLogAppender.java:installSnapshot(541)) - omNode-2@group-523986131536->omNode-3-GrpcLogAppender: followerNextIndex = 0 but logStartIndex = -1, notify follower to install snapshot-(t:1, i:24)
2022-08-10 20:40:56,060 [omNode-2@group-523986131536->omNode-3-GrpcLogAppender-LogAppenderDaemon] INFO  server.GrpcLogAppender (GrpcLogAppender.java:installSnapshot(549)) - omNode-2@group-523986131536->omNode-3-GrpcLogAppender: send omNode-2->omNode-3#0-t1,notify:(t:1, i:24)
2022-08-10 20:40:56,063 [org.apache.ratis.util.JvmPauseMonitor$$Lambda$703/1412835141@43c66c44] INFO  util.JvmPauseMonitor (JvmPauseMonitor.java:run(103)) - JvmPauseMonitor-omNode-3: Started
2022-08-10 20:40:56,063 [grpc-default-executor-6] WARN  server.GrpcLogAppender (LogUtils.java:warn(122)) - omNode-2@group-523986131536->omNode-3-InstallSnapshotResponseHandler: Failed InstallSnapshot: org.apache.ratis.thirdparty.io.grpc.StatusRuntimeException: UNAVAILABLE: io exception
2022-08-10 20:40:56,063 [grpc-default-executor-6] WARN  server.GrpcLogAppender (GrpcLogAppender.java:resetClient(111)) - omNode-2@group-523986131536->omNode-3-GrpcLogAppender: Leader has not got in touch with Follower omNode-2@group-523986131536->omNode-3(c-1,m0,n0, attendVote=false, lastRpcSendTime=3, lastRpcResponseTime=1424) yet, just keep nextIndex unchanged and retry.
2022-08-10 20:40:56,064 [omNode-2@group-523986131536->omNode-3-GrpcLogAppender-LogAppenderDaemon] INFO  server.GrpcLogAppender (GrpcLogAppender.java:installSnapshot(541)) - omNode-2@group-523986131536->omNode-3-GrpcLogAppender: followerNextIndex = 0 but logStartIndex = -1, notify follower to install snapshot-(t:1, i:24)
2022-08-10 20:40:56,064 [omNode-2@group-523986131536->omNode-3-GrpcLogAppender-LogAppenderDaemon] INFO  server.GrpcLogAppender (GrpcLogAppender.java:installSnapshot(549)) - omNode-2@group-523986131536->omNode-3-GrpcLogAppender: send omNode-2->omNode-3#0-t1,notify:(t:1, i:24)
2022-08-10 20:40:56,072 [grpc-default-executor-0] INFO  impl.SnapshotInstallationHandler (SnapshotInstallationHandler.java:installSnapshot(84)) - omNode-3@group-523986131536: receive installSnapshot: omNode-2->omNode-3#0-t1,notify:(t:1, i:24)
2022-08-10 20:40:56,073 [grpc-default-executor-0] INFO  server.RaftServer$Division (ServerState.java:setLeader(287)) - omNode-3@group-523986131536: change Leader from null to omNode-2 at term 1 for installSnapshot, leader elected after 46ms
2022-08-10 20:40:56,073 [grpc-default-executor-0] INFO  impl.SnapshotInstallationHandler (SnapshotInstallationHandler.java:notifyStateMachineToInstallSnapshot(215)) - omNode-3@group-523986131536: Received notification to install snapshot at index 24
2022-08-10 20:40:56,089 [omNode-3-server-thread1] INFO  server.RaftServer$Division (RaftServerImpl.java:checkInconsistentAppendEntries(1402)) - omNode-3@group-523986131536: Failed appendEntries as snapshot (24) installation is in progress
2022-08-10 20:40:56,089 [grpc-default-executor-0] INFO  impl.SnapshotInstallationHandler (SnapshotInstallationHandler.java:notifyStateMachineToInstallSnapshot(248)) - omNode-3@group-523986131536: notifyInstallSnapshot: nextIndex is 24 but the leader's first available index is 24.
2022-08-10 20:40:56,090 [omNode-3-server-thread1] INFO  server.RaftServer$Division (RaftServerImpl.java:checkInconsistentAppendEntries(1394)) - omNode-3@group-523986131536: inconsistency entries. Reply:omNode-2<-omNode-3#29:FAIL-t1,INCONSISTENCY,nextIndex=24,followerCommit=20
2022-08-10 20:40:56,092 [grpc-default-executor-6] INFO  leader.FollowerInfo (FollowerInfoImpl.java:lambda$new$0(48)) - omNode-2@group-523986131536->omNode-3: nextIndex: updateUnconditionally 0 -> 24
2022-08-10 20:40:56,101 [grpc-default-executor-0] INFO  ratis.OzoneManagerStateMachine (OzoneManagerStateMachine.java:notifyInstallSnapshotFromLeader(470)) - Received install snapshot notification from OM leader: omNode-2 with term index: (t:1, i:24)
2022-08-10 20:40:56,104 [pool-222-thread-1] INFO  om.OzoneManager (OzoneManager.java:getDBCheckpointFromLeader(3803)) - Downloading checkpoint from leader OM omNode-2 and reloading state from the checkpoint.
2022-08-10 20:40:56,114 [pool-222-thread-1] INFO  snapshot.OzoneManagerSnapshotProvider (OzoneManagerSnapshotProvider.java:getOzoneManagerDBSnapshot(122)) - Downloading latest checkpoint from Leader OM omNode-2. Checkpoint URL: http://127.0.0.1:34965/dbCheckpoint?flushBeforeCheckpoint=true
2022-08-10 20:40:56,114 [grpc-default-executor-0] INFO  impl.SnapshotInstallationHandler (SnapshotInstallationHandler.java:installSnapshot(95)) - omNode-3@group-523986131536: reply installSnapshot: omNode-2<-omNode-3#0:FAIL-t1,IN_PROGRESS
2022-08-10 20:40:56,122 [grpc-default-executor-6] INFO  server.GrpcLogAppender (GrpcLogAppender.java:onNext(403)) - omNode-2@group-523986131536->omNode-3-InstallSnapshotResponseHandler: received a reply omNode-2<-omNode-3#0:FAIL-t1,IN_PROGRESS
2022-08-10 20:40:56,122 [grpc-default-executor-6] INFO  server.GrpcLogAppender (GrpcLogAppender.java:onNext(421)) - omNode-2@group-523986131536->omNode-3-InstallSnapshotResponseHandler: InstallSnapshot in progress.
2022-08-10 20:40:56,122 [grpc-default-executor-0] INFO  server.GrpcServerProtocolService (GrpcServerProtocolService.java:onCompleted(140)) - omNode-3: Completed INSTALL_SNAPSHOT, lastRequest: omNode-2->omNode-3#0-t1,notify:(t:1, i:24)
2022-08-10 20:40:56,137 [omNode-3-server-thread1] INFO  server.RaftServer$Division (RaftServerImpl.java:checkInconsistentAppendEntries(1402)) - omNode-3@group-523986131536: Failed appendEntries as snapshot (24) installation is in progress
2022-08-10 20:40:56,137 [omNode-3-server-thread1] INFO  server.RaftServer$Division (RaftServerImpl.java:checkInconsistentAppendEntries(1394)) - omNode-3@group-523986131536: inconsistency entries. Reply:omNode-2<-omNode-3#30:FAIL-t1,INCONSISTENCY,nextIndex=24,followerCommit=20
2022-08-10 20:40:56,137 [grpc-default-executor-6] INFO  leader.FollowerInfo (FollowerInfoImpl.java:lambda$new$0(48)) - omNode-2@group-523986131536->omNode-3: nextIndex: updateUnconditionally 24 -> 24
2022-08-10 20:40:56,306 [qtp795293305-194] INFO  utils.DBCheckpointServlet (DBCheckpointServlet.java:doGet(110)) - Received request to obtain DB checkpoint snapshot
2022-08-10 20:40:56,317 [qtp795293305-194] INFO  db.RDBCheckpointManager (RDBCheckpointManager.java:createCheckpoint(80)) - Created checkpoint at /home/runner/work/ozone/ozone/hadoop-ozone/integration-test/target/test-dir/MiniOzoneClusterImpl-6b5328db-83be-43cc-b602-c95cfe986a84/omNode-2/db.checkpoints/om.db_checkpoint_1660164056310 in 7 milliseconds
2022-08-10 20:40:56,375 [qtp795293305-194] INFO  utils.DBCheckpointServlet (DBCheckpointServlet.java:doGet(183)) - Time taken to write the checkpoint to response output stream: 56 milliseconds
2022-08-10 20:40:56,376 [qtp795293305-194] INFO  db.RocksDBCheckpoint (RocksDBCheckpoint.java:cleanupCheckpoint(78)) - Cleaning up RocksDB checkpoint at /home/runner/work/ozone/ozone/hadoop-ozone/integration-test/target/test-dir/MiniOzoneClusterImpl-6b5328db-83be-43cc-b602-c95cfe986a84/omNode-2/db.checkpoints/om.db_checkpoint_1660164056310
2022-08-10 20:40:56,448 [pool-222-thread-1] INFO  snapshot.OzoneManagerSnapshotProvider (OzoneManagerSnapshotProvider.java:getOzoneManagerDBSnapshot(154)) - Successfully downloaded latest checkpoint from leader OM: omNode-2
2022-08-10 20:40:56,448 [pool-222-thread-1] INFO  om.OzoneManager (OzoneManager.java:installSnapshotFromLeader(3620)) - Downloaded checkpoint from Leader omNode-2 to the location /home/runner/work/ozone/ozone/hadoop-ozone/integration-test/target/test-dir/MiniOzoneClusterImpl-6b5328db-83be-43cc-b602-c95cfe986a84/omNode-3/snapshot/om.db-omNode-2-1660164056113
2022-08-10 20:40:56,449 [pool-222-thread-1] INFO  codec.RepeatedOmKeyInfoCodec (RepeatedOmKeyInfoCodec.java:<init>(41)) - RepeatedOmKeyInfoCodec ignorePipeline = true
2022-08-10 20:40:56,450 [pool-222-thread-1] INFO  codec.OmKeyInfoCodec (OmKeyInfoCodec.java:<init>(49)) - OmKeyInfoCodec ignorePipeline = true
2022-08-10 20:40:56,452 [pool-222-thread-1] INFO  codec.OmKeyInfoCodec (OmKeyInfoCodec.java:<init>(49)) - OmKeyInfoCodec ignorePipeline = true
2022-08-10 20:40:56,452 [pool-222-thread-1] INFO  codec.OmKeyInfoCodec (OmKeyInfoCodec.java:<init>(49)) - OmKeyInfoCodec ignorePipeline = true
2022-08-10 20:40:56,452 [pool-222-thread-1] INFO  codec.OmKeyInfoCodec (OmKeyInfoCodec.java:<init>(49)) - OmKeyInfoCodec ignorePipeline = true
2022-08-10 20:40:56,452 [pool-222-thread-1] INFO  codec.OmKeyInfoCodec (OmKeyInfoCodec.java:<init>(49)) - OmKeyInfoCodec ignorePipeline = true
2022-08-10 20:40:56,551 [pool-222-thread-1] INFO  om.OzoneManager (OzoneManager.java:installCheckpoint(3645)) - Installing checkpoint with OMTransactionInfo 1#23
2022-08-10 20:40:56,551 [pool-222-thread-1] INFO  ratis.OzoneManagerStateMachine (OzoneManagerStateMachine.java:pause(389)) - OzoneManagerStateMachine is pausing
2022-08-10 20:40:56,551 [pool-222-thread-1] INFO  ratis.OzoneManagerDoubleBuffer (OzoneManagerDoubleBuffer.java:stop(466)) - Stopping OMDoubleBuffer flush thread
2022-08-10 20:40:56,552 [OMDoubleBufferFlushThread] INFO  ratis.OzoneManagerDoubleBuffer (OzoneManagerDoubleBuffer.java:flushTransactions(385)) - OMDoubleBuffer flush thread OMDoubleBufferFlushThread is interrupted and will exit.
2022-08-10 20:40:56,552 [pool-222-thread-1] INFO  ipc.Server (Server.java:stop(3414)) - Stopping server on 39139
2022-08-10 20:40:56,552 [pool-222-thread-1] INFO  om.OzoneManager (OzoneManager.java:installCheckpoint(3696)) - RPC server is stopped. Spend 0 ms.
2022-08-10 20:40:56,554 [pool-222-thread-1] INFO  om.OzoneManager (OzoneManager.java:installCheckpoint(3703)) - metadataManager is stopped. Spend 2 ms.
2022-08-10 20:40:56,574 [pool-222-thread-1] INFO  om.OzoneManager (OzoneManager.java:installCheckpoint(3717)) - Replaced DB with checkpoint from OM: omNode-2, term: 1, index: 23, time: 20 ms
2022-08-10 20:40:56,577 [pool-222-thread-1] WARN  server.ServerUtils (ServerUtils.java:getDBPath(225)) - ozone.om.db.dirs is not configured. We recommend adding this setting. Falling back to ozone.metadata.dirs instead.
2022-08-10 20:40:56,579 [pool-222-thread-1] INFO  codec.OmKeyInfoCodec (OmKeyInfoCodec.java:<init>(49)) - OmKeyInfoCodec ignorePipeline = true
2022-08-10 20:40:56,579 [pool-222-thread-1] INFO  codec.RepeatedOmKeyInfoCodec (RepeatedOmKeyInfoCodec.java:<init>(41)) - RepeatedOmKeyInfoCodec ignorePipeline = true
2022-08-10 20:40:56,622 [Listener at 127.0.0.1/39139] INFO  reflections.Reflections (Reflections.java:scan(232)) - Reflections took 564 ms to scan 19 urls, producing 67 keys and 4152 values [using 2 cores]
2022-08-10 20:40:56,625 [Listener at 127.0.0.1/39139] INFO  ipc.CallQueueManager (CallQueueManager.java:<init>(90)) - Using callQueue: class java.util.concurrent.LinkedBlockingQueue, queueCapacity: 2000, scheduler: class org.apache.hadoop.ipc.DefaultRpcScheduler, ipcBackoff: false.
2022-08-10 20:40:56,626 [Socket Reader #1 for port 39139] INFO  ipc.Server (Server.java:run(1265)) - Starting Socket Reader #1 for port 39139
2022-08-10 20:40:56,633 [Listener at localhost/39139] INFO  http.BaseHttpServer (BaseHttpServer.java:newHttpServer2BuilderForOzone(209)) - Starting Web-server for ozoneManager at: http://0.0.0.0:36913
2022-08-10 20:40:56,633 [Listener at localhost/39139] INFO  http.BaseHttpServer (BaseHttpServer.java:<init>(107)) - Hadoop Security Enabled: false Ozone Security Enabled: false Ozone HTTP Security Enabled: false 
2022-08-10 20:40:56,635 [Listener at localhost/39139] INFO  server.AuthenticationFilter (AuthenticationFilter.java:constructSecretProvider(240)) - Unable to initialize FileSignerSecretProvider, falling back to use random secrets.
2022-08-10 20:40:56,636 [Listener at localhost/39139] WARN  http.HttpRequestLog (HttpRequestLog.java:getRequestLog(103)) - Jetty request log can only be enabled using Log4j
2022-08-10 20:40:56,638 [Listener at localhost/39139] INFO  http.HttpServer2 (HttpServer2.java:addGlobalFilter(1029)) - Added global filter 'safety' (class=org.apache.hadoop.hdds.server.http.HttpServer2$QuotingInputFilter)
2022-08-10 20:40:56,639 [Listener at localhost/39139] INFO  http.HttpServer2 (HttpServer2.java:addFilter(1005)) - Added filter static_user_filter (class=org.apache.hadoop.http.lib.StaticUserWebFilter$StaticUserFilter) to context ozoneManager
2022-08-10 20:40:56,639 [Listener at localhost/39139] INFO  http.HttpServer2 (HttpServer2.java:addFilter(1013)) - Added filter static_user_filter (class=org.apache.hadoop.http.lib.StaticUserWebFilter$StaticUserFilter) to context static
2022-08-10 20:40:56,639 [Listener at localhost/39139] INFO  http.HttpServer2 (HttpServer2.java:addFilter(1013)) - Added filter static_user_filter (class=org.apache.hadoop.http.lib.StaticUserWebFilter$StaticUserFilter) to context logs
2022-08-10 20:40:56,640 [omNode-3-server-thread1] INFO  server.RaftServer$Division (RaftServerImpl.java:checkInconsistentAppendEntries(1402)) - omNode-3@group-523986131536: Failed appendEntries as snapshot (24) installation is in progress
2022-08-10 20:40:56,640 [omNode-3-server-thread1] INFO  server.RaftServer$Division (RaftServerImpl.java:checkInconsistentAppendEntries(1394)) - omNode-3@group-523986131536: inconsistency entries. Reply:omNode-2<-omNode-3#80:FAIL-t1,INCONSISTENCY,nextIndex=24,followerCommit=20
2022-08-10 20:40:56,641 [grpc-default-executor-6] INFO  leader.FollowerInfo (FollowerInfoImpl.java:lambda$new$0(48)) - omNode-2@group-523986131536->omNode-3: nextIndex: updateUnconditionally 24 -> 24
2022-08-10 20:40:56,642 [Listener at localhost/39139] INFO  http.HttpServer2 (HttpServer2.java:bindListener(1248)) - Jetty bound to port 36913
2022-08-10 20:40:56,643 [Listener at localhost/39139] INFO  server.Server (Server.java:doStart(375)) - jetty-9.4.43.v20210629; built: 2021-06-30T11:07:22.254Z; git: 526006ecfa3af7f1a27ef3a288e2bef7ea9dd7e8; jvm 1.8.0_332-b09
2022-08-10 20:40:56,644 [Listener at localhost/39139] INFO  server.session (DefaultSessionIdManager.java:doStart(334)) - DefaultSessionIdManager workerName=node0
2022-08-10 20:40:56,644 [Listener at localhost/39139] INFO  server.session (DefaultSessionIdManager.java:doStart(339)) - No SessionScavenger set, using defaults
2022-08-10 20:40:56,644 [Listener at localhost/39139] INFO  server.session (HouseKeeper.java:startScavenging(132)) - node0 Scavenging every 660000ms
2022-08-10 20:40:56,645 [Listener at localhost/39139] INFO  handler.ContextHandler (ContextHandler.java:doStart(915)) - Started o.e.j.s.ServletContextHandler@66ed73c1{logs,/logs,file:///home/runner/work/ozone/ozone/hadoop-ozone/integration-test/target/log,AVAILABLE}
2022-08-10 20:40:56,646 [Listener at localhost/39139] INFO  handler.ContextHandler (ContextHandler.java:doStart(915)) - Started o.e.j.s.ServletContextHandler@8d108a3{static,/static,file:///home/runner/work/ozone/ozone/hadoop-ozone/integration-test/target/test-classes/webapps/static,AVAILABLE}
2022-08-10 20:40:56,649 [Listener at localhost/39139] INFO  handler.ContextHandler (ContextHandler.java:doStart(915)) - Started o.e.j.w.WebAppContext@16529196{ozoneManager,/,file:///home/runner/work/ozone/ozone/hadoop-ozone/integration-test/target/test-classes/webapps/ozoneManager/,AVAILABLE}{file:/home/runner/work/ozone/ozone/hadoop-ozone/integration-test/target/test-classes/webapps/ozoneManager}
2022-08-10 20:40:56,660 [Listener at localhost/39139] INFO  server.AbstractConnector (AbstractConnector.java:doStart(331)) - Started ServerConnector@2e82489{HTTP/1.1, (http/1.1)}{0.0.0.0:36913}
2022-08-10 20:40:56,661 [Listener at localhost/39139] INFO  server.Server (Server.java:doStart(415)) - Started @156724ms
2022-08-10 20:40:56,661 [Listener at localhost/39139] WARN  impl.MetricsSystemImpl (MetricsSystemImpl.java:register(279)) - Sink prometheus already exists!
2022-08-10 20:40:56,661 [Listener at localhost/39139] INFO  http.BaseHttpServer (BaseHttpServer.java:updateConnectorAddress(329)) - HTTP server of ozoneManager listening at http://0.0.0.0:36913
2022-08-10 20:40:56,662 [IPC Server Responder] INFO  ipc.Server (Server.java:run(1507)) - IPC Server Responder: starting
2022-08-10 20:40:56,662 [IPC Server listener on 39139] INFO  ipc.Server (Server.java:run(1344)) - IPC Server listener on 39139: starting
2022-08-10 20:40:56,665 [Listener at localhost/39139] INFO  om.OzoneManager (OzoneManager.java:startTrashEmptier(1907)) - Trash Interval set to 0. Files deleted won't move to trash
2022-08-10 20:40:56,665 [Listener at localhost/39139] INFO  om.OzoneManager (OzoneManager.java:stop(2022)) - omNode-1[localhost:37787]: Stopping Ozone Manager
2022-08-10 20:40:56,666 [Listener at localhost/39139] INFO  ipc.Server (Server.java:stop(3414)) - Stopping server on 37787
2022-08-10 20:40:56,676 [org.apache.hadoop.util.JvmPauseMonitor$Monitor@69ab59f7] INFO  util.JvmPauseMonitor (JvmPauseMonitor.java:run(188)) - Starting JVM pause monitor
2022-08-10 20:40:56,678 [IPC Server listener on 37787] INFO  ipc.Server (Server.java:run(1376)) - Stopping IPC Server listener on 37787
2022-08-10 20:40:56,679 [Listener at localhost/39139] INFO  server.RaftServer (RaftServerProxy.java:lambda$close$7(398)) - omNode-1: close
2022-08-10 20:40:56,679 [Listener at localhost/39139] INFO  server.RaftServer$Division (RaftServerImpl.java:lambda$close$4(434)) - omNode-1@group-523986131536: shutdown
2022-08-10 20:40:56,679 [Listener at localhost/39139] INFO  util.JmxRegister (JmxRegister.java:unregister(73)) - Successfully un-registered JMX Bean with object name Ratis:service=RaftServer,group=group-523986131536,id=omNode-1
2022-08-10 20:40:56,679 [Listener at localhost/39139] INFO  impl.RoleInfo (RoleInfo.java:shutdownFollowerState(110)) - omNode-1: shutdown omNode-1@group-523986131536-FollowerState
2022-08-10 20:40:56,680 [Listener at localhost/39139] INFO  impl.StateMachineUpdater (StateMachineUpdater.java:stopAndJoin(153)) - omNode-1@group-523986131536-StateMachineUpdater: set stopIndex = 23
2022-08-10 20:40:56,680 [omNode-1@group-523986131536-FollowerState] INFO  impl.FollowerState (FollowerState.java:run(152)) - omNode-1@group-523986131536-FollowerState was interrupted
2022-08-10 20:40:56,681 [omNode-1@group-523986131536-StateMachineUpdater] INFO  ratis.OzoneManagerStateMachine (OzoneManagerStateMachine.java:takeSnapshot(441)) - Current Snapshot Index (t:1, i:23)
2022-08-10 20:40:56,681 [omNode-1@group-523986131536-StateMachineUpdater] INFO  impl.StateMachineUpdater (StateMachineUpdater.java:takeSnapshot(287)) - omNode-1@group-523986131536-StateMachineUpdater: Took a snapshot at index 23
2022-08-10 20:40:56,681 [omNode-1@group-523986131536-StateMachineUpdater] INFO  impl.StateMachineUpdater (StateMachineUpdater.java:lambda$new$0(92)) - omNode-1@group-523986131536-StateMachineUpdater: snapshotIndex: updateIncreasingly -1 -> 23
2022-08-10 20:40:56,681 [omNode-1@group-523986131536-StateMachineUpdater] INFO  ratis.OzoneManagerStateMachine (OzoneManagerStateMachine.java:close(495)) - StateMachine has shutdown. Shutdown OzoneManager if not already shutdown.
2022-08-10 20:40:56,681 [omNode-1@group-523986131536-StateMachineUpdater] INFO  ratis.OzoneManagerDoubleBuffer (OzoneManagerDoubleBuffer.java:stop(466)) - Stopping OMDoubleBuffer flush thread
2022-08-10 20:40:56,679 [IPC Server Responder] INFO  ipc.Server (Server.java:run(1512)) - Stopping IPC Server Responder
2022-08-10 20:40:56,681 [OMDoubleBufferFlushThread] INFO  ratis.OzoneManagerDoubleBuffer (OzoneManagerDoubleBuffer.java:flushTransactions(385)) - OMDoubleBuffer flush thread OMDoubleBufferFlushThread is interrupted and will exit.
2022-08-10 20:40:56,684 [Listener at localhost/39139] INFO  server.RaftServer$Division (ServerState.java:close(429)) - omNode-1@group-523986131536: closes. applyIndex: 23
2022-08-10 20:40:56,684 [omNode-1@group-523986131536-SegmentedRaftLogWorker] INFO  segmented.SegmentedRaftLogWorker (SegmentedRaftLogWorker.java:run(336)) - omNode-1@group-523986131536-SegmentedRaftLogWorker was interrupted, exiting. There are 0 tasks remaining in the queue.
2022-08-10 20:40:56,685 [Listener at localhost/39139] INFO  segmented.SegmentedRaftLogWorker (SegmentedRaftLogWorker.java:close(246)) - omNode-1@group-523986131536-SegmentedRaftLogWorker close()
2022-08-10 20:40:56,686 [Listener at localhost/39139] INFO  server.GrpcService (GrpcService.java:closeImpl(269)) - omNode-1: shutdown server with port 38271 now
2022-08-10 20:40:56,688 [grpc-default-executor-0] WARN  server.GrpcServerProtocolService (LogUtils.java:warn(122)) - omNode-1: installSnapshot onError, lastRequest: omNode-2->omNode-1#130-t1,previous=(t:1, i:21),leaderCommit=20,initializing? true,entries: size=2, first=(t:1, i:22), METADATAENTRY(c:16): org.apache.ratis.thirdparty.io.grpc.StatusRuntimeException: CANCELLED: client cancelled
2022-08-10 20:40:56,692 [grpc-default-executor-5] WARN  server.GrpcLogAppender (LogUtils.java:warn(122)) - omNode-2@group-523986131536->omNode-1-AppendLogResponseHandler: Failed appendEntries: org.apache.ratis.thirdparty.io.grpc.StatusRuntimeException: CANCELLED: RST_STREAM closed stream. HTTP/2 error code: CANCEL
2022-08-10 20:40:56,693 [grpc-default-executor-5] INFO  leader.FollowerInfo (FollowerInfoImpl.java:lambda$new$0(48)) - omNode-2@group-523986131536->omNode-1: nextIndex: updateUnconditionally 24 -> 23
2022-08-10 20:40:56,696 [omNode-2@group-523986131536->omNode-1-GrpcLogAppender-LogAppenderDaemon] INFO  server.GrpcLogAppender (GrpcLogAppender.java:installSnapshot(541)) - omNode-2@group-523986131536->omNode-1-GrpcLogAppender: followerNextIndex = 23 but logStartIndex = -1, notify follower to install snapshot-(t:1, i:24)
2022-08-10 20:40:56,696 [omNode-2@group-523986131536->omNode-1-GrpcLogAppender-LogAppenderDaemon] INFO  server.GrpcLogAppender (GrpcLogAppender.java:installSnapshot(549)) - omNode-2@group-523986131536->omNode-1-GrpcLogAppender: send omNode-2->omNode-1#0-t1,notify:(t:1, i:24)
2022-08-10 20:40:56,697 [Listener at localhost/39139] INFO  server.GrpcService (GrpcService.java:closeImpl(278)) - omNode-1: shutdown server with port 38271 successfully
2022-08-10 20:40:56,699 [grpc-default-executor-0] WARN  server.GrpcLogAppender (LogUtils.java:warn(122)) - omNode-2@group-523986131536->omNode-1-InstallSnapshotResponseHandler: Failed InstallSnapshot: org.apache.ratis.thirdparty.io.grpc.StatusRuntimeException: UNAVAILABLE: io exception
2022-08-10 20:40:56,699 [org.apache.ratis.util.JvmPauseMonitor$$Lambda$703/1412835141@7b14953f] INFO  util.JvmPauseMonitor (JvmPauseMonitor.java:run(109)) - JvmPauseMonitor-omNode-1: Stopped
2022-08-10 20:40:56,699 [Listener at localhost/39139] INFO  ratis.OzoneManagerStateMachine (OzoneManagerStateMachine.java:close(495)) - StateMachine has shutdown. Shutdown OzoneManager if not already shutdown.
2022-08-10 20:40:56,700 [Listener at localhost/39139] INFO  ratis.OzoneManagerDoubleBuffer (OzoneManagerDoubleBuffer.java:stop(478)) - OMDoubleBuffer flush thread is not running.
2022-08-10 20:40:56,700 [Listener at localhost/39139] INFO  utils.BackgroundService (BackgroundService.java:shutdown(141)) - Shutting down service KeyDeletingService
2022-08-10 20:40:56,700 [grpc-default-executor-0] INFO  leader.FollowerInfo (FollowerInfoImpl.java:lambda$new$0(48)) - omNode-2@group-523986131536->omNode-1: nextIndex: updateUnconditionally 23 -> 22
2022-08-10 20:40:56,703 [Listener at localhost/39139] INFO  utils.BackgroundService (BackgroundService.java:shutdown(141)) - Shutting down service DirectoryDeletingService
2022-08-10 20:40:56,703 [omNode-2@group-523986131536->omNode-1-GrpcLogAppender-LogAppenderDaemon] INFO  server.GrpcLogAppender (GrpcLogAppender.java:installSnapshot(541)) - omNode-2@group-523986131536->omNode-1-GrpcLogAppender: followerNextIndex = 22 but logStartIndex = -1, notify follower to install snapshot-(t:1, i:24)
2022-08-10 20:40:56,703 [omNode-2@group-523986131536->omNode-1-GrpcLogAppender-LogAppenderDaemon] INFO  server.GrpcLogAppender (GrpcLogAppender.java:installSnapshot(549)) - omNode-2@group-523986131536->omNode-1-GrpcLogAppender: send omNode-2->omNode-1#0-t1,notify:(t:1, i:24)
2022-08-10 20:40:56,703 [grpc-default-executor-6] WARN  server.GrpcLogAppender (LogUtils.java:warn(122)) - omNode-2@group-523986131536->omNode-1-InstallSnapshotResponseHandler: Failed InstallSnapshot: org.apache.ratis.thirdparty.io.grpc.StatusRuntimeException: UNAVAILABLE: io exception
2022-08-10 20:40:56,703 [grpc-default-executor-0] WARN  server.GrpcLogAppender (LogUtils.java:warn(122)) - omNode-2@group-523986131536->omNode-1-AppendLogResponseHandler: Failed appendEntries: org.apache.ratis.thirdparty.io.grpc.StatusRuntimeException: UNAVAILABLE: io exception
2022-08-10 20:40:56,704 [grpc-default-executor-6] INFO  leader.FollowerInfo (FollowerInfoImpl.java:lambda$new$0(48)) - omNode-2@group-523986131536->omNode-1: nextIndex: updateUnconditionally 22 -> 21
2022-08-10 20:40:56,704 [grpc-default-executor-0] INFO  leader.FollowerInfo (FollowerInfoImpl.java:lambda$new$0(48)) - omNode-2@group-523986131536->omNode-1: nextIndex: updateUnconditionally 21 -> 20
2022-08-10 20:40:56,704 [omNode-2@group-523986131536->omNode-1-GrpcLogAppender-LogAppenderDaemon] INFO  server.GrpcLogAppender (GrpcLogAppender.java:installSnapshot(541)) - omNode-2@group-523986131536->omNode-1-GrpcLogAppender: followerNextIndex = 20 but logStartIndex = -1, notify follower to install snapshot-(t:1, i:24)
2022-08-10 20:40:56,704 [omNode-2@group-523986131536->omNode-1-GrpcLogAppender-LogAppenderDaemon] INFO  server.GrpcLogAppender (GrpcLogAppender.java:installSnapshot(549)) - omNode-2@group-523986131536->omNode-1-GrpcLogAppender: send omNode-2->omNode-1#0-t1,notify:(t:1, i:24)
2022-08-10 20:40:56,705 [grpc-default-executor-5] WARN  server.GrpcLogAppender (LogUtils.java:warn(122)) - omNode-2@group-523986131536->omNode-1-AppendLogResponseHandler: Failed appendEntries: org.apache.ratis.thirdparty.io.grpc.StatusRuntimeException: UNAVAILABLE: io exception
2022-08-10 20:40:56,705 [Listener at localhost/39139] INFO  utils.BackgroundService (BackgroundService.java:shutdown(141)) - Shutting down service OpenKeyCleanupService
2022-08-10 20:40:56,705 [grpc-default-executor-5] INFO  leader.FollowerInfo (FollowerInfoImpl.java:lambda$new$0(48)) - omNode-2@group-523986131536->omNode-1: nextIndex: updateUnconditionally 20 -> 19
2022-08-10 20:40:56,706 [grpc-default-executor-0] WARN  server.GrpcLogAppender (LogUtils.java:warn(122)) - omNode-2@group-523986131536->omNode-1-InstallSnapshotResponseHandler: Failed InstallSnapshot: org.apache.ratis.thirdparty.io.grpc.StatusRuntimeException: UNAVAILABLE: io exception
2022-08-10 20:40:56,706 [grpc-default-executor-0] INFO  leader.FollowerInfo (FollowerInfoImpl.java:lambda$new$0(48)) - omNode-2@group-523986131536->omNode-1: nextIndex: updateUnconditionally 19 -> 18
2022-08-10 20:40:56,706 [omNode-2@group-523986131536->omNode-1-GrpcLogAppender-LogAppenderDaemon] INFO  server.GrpcLogAppender (GrpcLogAppender.java:installSnapshot(541)) - omNode-2@group-523986131536->omNode-1-GrpcLogAppender: followerNextIndex = 18 but logStartIndex = -1, notify follower to install snapshot-(t:1, i:24)
2022-08-10 20:40:56,706 [omNode-2@group-523986131536->omNode-1-GrpcLogAppender-LogAppenderDaemon] INFO  server.GrpcLogAppender (GrpcLogAppender.java:installSnapshot(549)) - omNode-2@group-523986131536->omNode-1-GrpcLogAppender: send omNode-2->omNode-1#0-t1,notify:(t:1, i:24)
2022-08-10 20:40:56,708 [Listener at localhost/39139] INFO  handler.ContextHandler (ContextHandler.java:doStop(1153)) - Stopped o.e.j.w.WebAppContext@40c952f6{ozoneManager,/,null,STOPPED}{file:/home/runner/work/ozone/ozone/hadoop-ozone/integration-test/target/test-classes/webapps/ozoneManager}
2022-08-10 20:40:56,709 [grpc-default-executor-0] WARN  server.GrpcLogAppender (LogUtils.java:warn(122)) - omNode-2@group-523986131536->omNode-1-InstallSnapshotResponseHandler: Failed InstallSnapshot: org.apache.ratis.thirdparty.io.grpc.StatusRuntimeException: UNAVAILABLE: io exception
2022-08-10 20:40:56,709 [grpc-default-executor-0] INFO  leader.FollowerInfo (FollowerInfoImpl.java:lambda$new$0(48)) - omNode-2@group-523986131536->omNode-1: nextIndex: updateUnconditionally 18 -> 17
2022-08-10 20:40:56,709 [omNode-2@group-523986131536->omNode-1-GrpcLogAppender-LogAppenderDaemon] INFO  server.GrpcLogAppender (GrpcLogAppender.java:installSnapshot(541)) - omNode-2@group-523986131536->omNode-1-GrpcLogAppender: followerNextIndex = 17 but logStartIndex = -1, notify follower to install snapshot-(t:1, i:24)
2022-08-10 20:40:56,709 [omNode-2@group-523986131536->omNode-1-GrpcLogAppender-LogAppenderDaemon] INFO  server.GrpcLogAppender (GrpcLogAppender.java:installSnapshot(549)) - omNode-2@group-523986131536->omNode-1-GrpcLogAppender: send omNode-2->omNode-1#0-t1,notify:(t:1, i:24)
2022-08-10 20:40:56,710 [Listener at localhost/39139] INFO  server.AbstractConnector (AbstractConnector.java:doStop(381)) - Stopped ServerConnector@7e1b80d3{HTTP/1.1, (http/1.1)}{0.0.0.0:46047}
2022-08-10 20:40:56,710 [grpc-default-executor-6] WARN  server.GrpcLogAppender (LogUtils.java:warn(122)) - omNode-2@group-523986131536->omNode-1-AppendLogResponseHandler: Failed appendEntries: org.apache.ratis.thirdparty.io.grpc.StatusRuntimeException: UNAVAILABLE: io exception
2022-08-10 20:40:56,710 [grpc-default-executor-6] INFO  leader.FollowerInfo (FollowerInfoImpl.java:lambda$new$0(48)) - omNode-2@group-523986131536->omNode-1: nextIndex: updateUnconditionally 17 -> 16
2022-08-10 20:40:56,710 [Listener at localhost/39139] INFO  server.session (HouseKeeper.java:stopScavenging(149)) - node0 Stopped scavenging
2022-08-10 20:40:56,712 [Listener at localhost/39139] INFO  handler.ContextHandler (ContextHandler.java:doStop(1153)) - Stopped o.e.j.s.ServletContextHandler@501904ff{static,/static,file:///home/runner/work/ozone/ozone/hadoop-ozone/integration-test/target/test-classes/webapps/static,STOPPED}
2022-08-10 20:40:56,712 [Listener at localhost/39139] INFO  handler.ContextHandler (ContextHandler.java:doStop(1153)) - Stopped o.e.j.s.ServletContextHandler@111c2c9c{logs,/logs,file:///home/runner/work/ozone/ozone/hadoop-ozone/integration-test/target/log,STOPPED}
2022-08-10 20:40:56,713 [grpc-default-executor-6] WARN  server.GrpcLogAppender (LogUtils.java:warn(122)) - omNode-2@group-523986131536->omNode-1-InstallSnapshotResponseHandler: Failed InstallSnapshot: org.apache.ratis.thirdparty.io.grpc.StatusRuntimeException: UNAVAILABLE: io exception
2022-08-10 20:40:56,714 [grpc-default-executor-6] INFO  leader.FollowerInfo (FollowerInfoImpl.java:lambda$new$0(48)) - omNode-2@group-523986131536->omNode-1: nextIndex: updateUnconditionally 16 -> 15
2022-08-10 20:40:56,714 [grpc-default-executor-5] WARN  server.GrpcLogAppender (LogUtils.java:warn(122)) - omNode-2@group-523986131536->omNode-1-AppendLogResponseHandler: Failed appendEntries: org.apache.ratis.thirdparty.io.grpc.StatusRuntimeException: UNAVAILABLE: io exception
2022-08-10 20:40:56,714 [grpc-default-executor-5] INFO  leader.FollowerInfo (FollowerInfoImpl.java:lambda$new$0(48)) - omNode-2@group-523986131536->omNode-1: nextIndex: updateUnconditionally 15 -> 14
2022-08-10 20:40:56,714 [omNode-2@group-523986131536->omNode-1-GrpcLogAppender-LogAppenderDaemon] INFO  server.GrpcLogAppender (GrpcLogAppender.java:installSnapshot(541)) - omNode-2@group-523986131536->omNode-1-GrpcLogAppender: followerNextIndex = 14 but logStartIndex = -1, notify follower to install snapshot-(t:1, i:24)
2022-08-10 20:40:56,714 [omNode-2@group-523986131536->omNode-1-GrpcLogAppender-LogAppenderDaemon] INFO  server.GrpcLogAppender (GrpcLogAppender.java:installSnapshot(549)) - omNode-2@group-523986131536->omNode-1-GrpcLogAppender: send omNode-2->omNode-1#0-t1,notify:(t:1, i:24)
2022-08-10 20:40:56,716 [grpc-default-executor-6] WARN  server.GrpcLogAppender (LogUtils.java:warn(122)) - omNode-2@group-523986131536->omNode-1-AppendLogResponseHandler: Failed appendEntries: org.apache.ratis.thirdparty.io.grpc.StatusRuntimeException: UNAVAILABLE: io exception
2022-08-10 20:40:56,716 [grpc-default-executor-6] INFO  leader.FollowerInfo (FollowerInfoImpl.java:lambda$new$0(48)) - omNode-2@group-523986131536->omNode-1: nextIndex: updateUnconditionally 14 -> 13
2022-08-10 20:40:56,717 [grpc-default-executor-5] WARN  server.GrpcLogAppender (LogUtils.java:warn(122)) - omNode-2@group-523986131536->omNode-1-InstallSnapshotResponseHandler: Failed InstallSnapshot: org.apache.ratis.thirdparty.io.grpc.StatusRuntimeException: UNAVAILABLE: io exception
2022-08-10 20:40:56,717 [grpc-default-executor-5] INFO  leader.FollowerInfo (FollowerInfoImpl.java:lambda$new$0(48)) - omNode-2@group-523986131536->omNode-1: nextIndex: updateUnconditionally 13 -> 12
2022-08-10 20:40:56,717 [grpc-default-executor-5] WARN  server.GrpcLogAppender (LogUtils.java:warn(122)) - omNode-2@group-523986131536->omNode-1-AppendLogResponseHandler: Failed appendEntries: org.apache.ratis.thirdparty.io.grpc.StatusRuntimeException: UNAVAILABLE: io exception
2022-08-10 20:40:56,717 [omNode-2@group-523986131536->omNode-1-GrpcLogAppender-LogAppenderDaemon] INFO  server.GrpcLogAppender (GrpcLogAppender.java:installSnapshot(541)) - omNode-2@group-523986131536->omNode-1-GrpcLogAppender: followerNextIndex = 12 but logStartIndex = -1, notify follower to install snapshot-(t:1, i:24)
2022-08-10 20:40:56,717 [grpc-default-executor-5] INFO  leader.FollowerInfo (FollowerInfoImpl.java:lambda$new$0(48)) - omNode-2@group-523986131536->omNode-1: nextIndex: updateUnconditionally 12 -> 11
2022-08-10 20:40:56,717 [omNode-2@group-523986131536->omNode-1-GrpcLogAppender-LogAppenderDaemon] INFO  server.GrpcLogAppender (GrpcLogAppender.java:installSnapshot(549)) - omNode-2@group-523986131536->omNode-1-GrpcLogAppender: send omNode-2->omNode-1#0-t1,notify:(t:1, i:24)
2022-08-10 20:40:56,717 [grpc-default-executor-5] WARN  server.GrpcLogAppender (LogUtils.java:warn(122)) - omNode-2@group-523986131536->omNode-1-InstallSnapshotResponseHandler: Failed InstallSnapshot: org.apache.ratis.thirdparty.io.grpc.StatusRuntimeException: UNAVAILABLE: io exception
2022-08-10 20:40:56,717 [grpc-default-executor-5] INFO  leader.FollowerInfo (FollowerInfoImpl.java:lambda$new$0(48)) - omNode-2@group-523986131536->omNode-1: nextIndex: updateUnconditionally 11 -> 10
2022-08-10 20:40:56,718 [omNode-2@group-523986131536->omNode-1-GrpcLogAppender-LogAppenderDaemon] INFO  server.GrpcLogAppender (GrpcLogAppender.java:installSnapshot(541)) - omNode-2@group-523986131536->omNode-1-GrpcLogAppender: followerNextIndex = 10 but logStartIndex = -1, notify follower to install snapshot-(t:1, i:24)
2022-08-10 20:40:56,718 [omNode-2@group-523986131536->omNode-1-GrpcLogAppender-LogAppenderDaemon] INFO  server.GrpcLogAppender (GrpcLogAppender.java:installSnapshot(549)) - omNode-2@group-523986131536->omNode-1-GrpcLogAppender: send omNode-2->omNode-1#0-t1,notify:(t:1, i:24)
2022-08-10 20:40:56,718 [grpc-default-executor-5] WARN  server.GrpcLogAppender (LogUtils.java:warn(122)) - omNode-2@group-523986131536->omNode-1-AppendLogResponseHandler: Failed appendEntries: org.apache.ratis.thirdparty.io.grpc.StatusRuntimeException: UNAVAILABLE: io exception
2022-08-10 20:40:56,718 [grpc-default-executor-5] INFO  leader.FollowerInfo (FollowerInfoImpl.java:lambda$new$0(48)) - omNode-2@group-523986131536->omNode-1: nextIndex: updateUnconditionally 10 -> 9
2022-08-10 20:40:56,718 [grpc-default-executor-6] WARN  server.GrpcLogAppender (LogUtils.java:warn(122)) - omNode-2@group-523986131536->omNode-1-InstallSnapshotResponseHandler: Failed InstallSnapshot: org.apache.ratis.thirdparty.io.grpc.StatusRuntimeException: UNAVAILABLE: io exception
2022-08-10 20:40:56,718 [grpc-default-executor-6] INFO  leader.FollowerInfo (FollowerInfoImpl.java:lambda$new$0(48)) - omNode-2@group-523986131536->omNode-1: nextIndex: updateUnconditionally 9 -> 8
2022-08-10 20:40:56,718 [omNode-2@group-523986131536->omNode-1-GrpcLogAppender-LogAppenderDaemon] INFO  server.GrpcLogAppender (GrpcLogAppender.java:installSnapshot(541)) - omNode-2@group-523986131536->omNode-1-GrpcLogAppender: followerNextIndex = 8 but logStartIndex = -1, notify follower to install snapshot-(t:1, i:24)
2022-08-10 20:40:56,718 [omNode-2@group-523986131536->omNode-1-GrpcLogAppender-LogAppenderDaemon] INFO  server.GrpcLogAppender (GrpcLogAppender.java:installSnapshot(549)) - omNode-2@group-523986131536->omNode-1-GrpcLogAppender: send omNode-2->omNode-1#0-t1,notify:(t:1, i:24)
2022-08-10 20:40:56,728 [Listener at localhost/39139] INFO  om.OzoneManager (OzoneManager.java:restart(1559)) - OzoneManager RPC server is listening at localhost/127.0.0.1:37787
2022-08-10 20:40:56,729 [Listener at localhost/39139] INFO  impl.MetricsSystemImpl (MetricsSystemImpl.java:init(158)) - OzoneManager metrics system started (again)
2022-08-10 20:40:56,729 [pool-222-thread-1] INFO  om.OzoneManager (OzoneManager.java:instantiateServices(697)) - S3 Multi-Tenancy is disabled
2022-08-10 20:40:56,732 [pool-222-thread-1] INFO  om.OzoneManagerPrepareState (OzoneManagerPrepareState.java:writePrepareMarkerFile(262)) - Prepare marker file written with log index 18 to file /home/runner/work/ozone/ozone/hadoop-ozone/integration-test/target/test-dir/MiniOzoneClusterImpl-6b5328db-83be-43cc-b602-c95cfe986a84/omNode-3/current/prepareMarker
2022-08-10 20:40:56,733 [grpc-default-executor-0] WARN  server.GrpcLogAppender (LogUtils.java:warn(122)) - omNode-2@group-523986131536->omNode-1-InstallSnapshotResponseHandler: Failed InstallSnapshot: org.apache.ratis.thirdparty.io.grpc.StatusRuntimeException: UNAVAILABLE: io exception
2022-08-10 20:40:56,733 [grpc-default-executor-0] INFO  leader.FollowerInfo (FollowerInfoImpl.java:lambda$new$0(48)) - omNode-2@group-523986131536->omNode-1: nextIndex: updateUnconditionally 8 -> 7
2022-08-10 20:40:56,734 [omNode-2@group-523986131536->omNode-1-GrpcLogAppender-LogAppenderDaemon] INFO  server.GrpcLogAppender (GrpcLogAppender.java:installSnapshot(541)) - omNode-2@group-523986131536->omNode-1-GrpcLogAppender: followerNextIndex = 7 but logStartIndex = -1, notify follower to install snapshot-(t:1, i:24)
2022-08-10 20:40:56,734 [omNode-2@group-523986131536->omNode-1-GrpcLogAppender-LogAppenderDaemon] INFO  server.GrpcLogAppender (GrpcLogAppender.java:installSnapshot(549)) - omNode-2@group-523986131536->omNode-1-GrpcLogAppender: send omNode-2->omNode-1#0-t1,notify:(t:1, i:24)
2022-08-10 20:40:56,734 [grpc-default-executor-0] WARN  server.GrpcLogAppender (LogUtils.java:warn(122)) - omNode-2@group-523986131536->omNode-1-AppendLogResponseHandler: Failed appendEntries: org.apache.ratis.thirdparty.io.grpc.StatusRuntimeException: UNAVAILABLE: io exception
2022-08-10 20:40:56,734 [grpc-default-executor-0] INFO  leader.FollowerInfo (FollowerInfoImpl.java:lambda$new$0(48)) - omNode-2@group-523986131536->omNode-1: nextIndex: updateUnconditionally 7 -> 6
2022-08-10 20:40:56,734 [pool-222-thread-1] INFO  om.OzoneManager (OzoneManager.java:startTrashEmptier(1907)) - Trash Interval set to 0. Files deleted won't move to trash
2022-08-10 20:40:56,735 [pool-222-thread-1] INFO  ratis.OzoneManagerStateMachine (OzoneManagerStateMachine.java:unpause(406)) - OzoneManagerStateMachine is un-pausing
2022-08-10 20:40:56,736 [pool-222-thread-1] INFO  om.OzoneManager (OzoneManager.java:installCheckpoint(3739)) - Reloaded OM state with Term: 1 and Index: 23. Spend 162 ms
2022-08-10 20:40:56,740 [pool-222-thread-1] ERROR om.OzoneManager (ExitUtils.java:terminate(133)) - Terminating with exit status 1: Failed to start RPC Server.
java.lang.IllegalThreadStateException
	at java.lang.Thread.start(Thread.java:710)
	at org.apache.hadoop.ipc.Server.start(Server.java:3396)
	at org.apache.hadoop.ozone.om.OzoneManager.installCheckpoint(OzoneManager.java:3761)
	at org.apache.hadoop.ozone.om.OzoneManager.installCheckpoint(OzoneManager.java:3648)
	at org.apache.hadoop.ozone.om.OzoneManager.installSnapshotFromLeader(OzoneManager.java:3625)
	at org.apache.hadoop.ozone.om.ratis.OzoneManagerStateMachine.lambda$6(OzoneManagerStateMachine.java:474)
	at java.util.concurrent.CompletableFuture$AsyncSupply.run(CompletableFuture.java:1604)
	at java.util.concurrent.ThreadPoolExecutor.runWorker(ThreadPoolExecutor.java:1149)
	at java.util.concurrent.ThreadPoolExecutor$Worker.run(ThreadPoolExecutor.java:624)
	at java.lang.Thread.run(Thread.java:750)
2022-08-10 20:40:56,740 [pool-222-thread-1] ERROR om.OzoneManager (OzoneManager.java:installSnapshotFromLeader(3627)) - Failed to install snapshot from Leader OM.
org.apache.ratis.util.ExitUtils$ExitException: Failed to start RPC Server.
	at org.apache.ratis.util.ExitUtils.terminate(ExitUtils.java:141)
	at org.apache.ratis.util.ExitUtils.terminate(ExitUtils.java:151)
	at org.apache.hadoop.hdds.ExitManager.exitSystem(ExitManager.java:32)
	at org.apache.hadoop.ozone.om.OzoneManager.installCheckpoint(OzoneManager.java:3767)
	at org.apache.hadoop.ozone.om.OzoneManager.installCheckpoint(OzoneManager.java:3648)
	at org.apache.hadoop.ozone.om.OzoneManager.installSnapshotFromLeader(OzoneManager.java:3625)
	at org.apache.hadoop.ozone.om.ratis.OzoneManagerStateMachine.lambda$6(OzoneManagerStateMachine.java:474)
	at java.util.concurrent.CompletableFuture$AsyncSupply.run(CompletableFuture.java:1604)
	at java.util.concurrent.ThreadPoolExecutor.runWorker(ThreadPoolExecutor.java:1149)
	at java.util.concurrent.ThreadPoolExecutor$Worker.run(ThreadPoolExecutor.java:624)
	at java.lang.Thread.run(Thread.java:750)
Caused by: java.lang.IllegalThreadStateException
	at java.lang.Thread.start(Thread.java:710)
	at org.apache.hadoop.ipc.Server.start(Server.java:3396)
	at org.apache.hadoop.ozone.om.OzoneManager.installCheckpoint(OzoneManager.java:3761)
	... 7 more
2022-08-10 20:40:56,741 [grpc-default-executor-5] WARN  server.GrpcLogAppender (LogUtils.java:warn(122)) - omNode-2@group-523986131536->omNode-1-AppendLogResponseHandler: Failed appendEntries: org.apache.ratis.thirdparty.io.grpc.StatusRuntimeException: UNAVAILABLE: io exception
2022-08-10 20:40:56,741 [grpc-default-executor-5] INFO  leader.FollowerInfo (FollowerInfoImpl.java:lambda$new$0(48)) - omNode-2@group-523986131536->omNode-1: nextIndex: updateUnconditionally 6 -> 5
2022-08-10 20:40:56,742 [grpc-default-executor-0] WARN  server.GrpcLogAppender (LogUtils.java:warn(122)) - omNode-2@group-523986131536->omNode-1-InstallSnapshotResponseHandler: Failed InstallSnapshot: org.apache.ratis.thirdparty.io.grpc.StatusRuntimeException: UNAVAILABLE: io exception
2022-08-10 20:40:56,742 [grpc-default-executor-0] INFO  leader.FollowerInfo (FollowerInfoImpl.java:lambda$new$0(48)) - omNode-2@group-523986131536->omNode-1: nextIndex: updateUnconditionally 5 -> 4
2022-08-10 20:40:56,742 [omNode-2@group-523986131536->omNode-1-GrpcLogAppender-LogAppenderDaemon] INFO  server.GrpcLogAppender (GrpcLogAppender.java:installSnapshot(541)) - omNode-2@group-523986131536->omNode-1-GrpcLogAppender: followerNextIndex = 4 but logStartIndex = -1, notify follower to install snapshot-(t:1, i:24)
2022-08-10 20:40:56,742 [omNode-2@group-523986131536->omNode-1-GrpcLogAppender-LogAppenderDaemon] INFO  server.GrpcLogAppender (GrpcLogAppender.java:installSnapshot(549)) - omNode-2@group-523986131536->omNode-1-GrpcLogAppender: send omNode-2->omNode-1#0-t1,notify:(t:1, i:24)
2022-08-10 20:40:56,743 [grpc-default-executor-6] WARN  server.GrpcLogAppender (LogUtils.java:warn(122)) - omNode-2@group-523986131536->omNode-1-AppendLogResponseHandler: Failed appendEntries: org.apache.ratis.thirdparty.io.grpc.StatusRuntimeException: UNAVAILABLE: io exception
2022-08-10 20:40:56,743 [grpc-default-executor-6] INFO  leader.FollowerInfo (FollowerInfoImpl.java:lambda$new$0(48)) - omNode-2@group-523986131536->omNode-1: nextIndex: updateUnconditionally 4 -> 3
2022-08-10 20:40:56,743 [grpc-default-executor-6] WARN  server.GrpcLogAppender (LogUtils.java:warn(122)) - omNode-2@group-523986131536->omNode-1-InstallSnapshotResponseHandler: Failed InstallSnapshot: org.apache.ratis.thirdparty.io.grpc.StatusRuntimeException: UNAVAILABLE: io exception
2022-08-10 20:40:56,743 [grpc-default-executor-6] INFO  leader.FollowerInfo (FollowerInfoImpl.java:lambda$new$0(48)) - omNode-2@group-523986131536->omNode-1: nextIndex: updateUnconditionally 3 -> 2
2022-08-10 20:40:56,744 [omNode-2@group-523986131536->omNode-1-GrpcLogAppender-LogAppenderDaemon] INFO  server.GrpcLogAppender (GrpcLogAppender.java:installSnapshot(541)) - omNode-2@group-523986131536->omNode-1-GrpcLogAppender: followerNextIndex = 2 but logStartIndex = -1, notify follower to install snapshot-(t:1, i:24)
2022-08-10 20:40:56,744 [omNode-2@group-523986131536->omNode-1-GrpcLogAppender-LogAppenderDaemon] INFO  server.GrpcLogAppender (GrpcLogAppender.java:installSnapshot(549)) - omNode-2@group-523986131536->omNode-1-GrpcLogAppender: send omNode-2->omNode-1#0-t1,notify:(t:1, i:24)
2022-08-10 20:40:56,744 [grpc-default-executor-0] WARN  server.GrpcLogAppender (LogUtils.java:warn(122)) - omNode-2@group-523986131536->omNode-1-AppendLogResponseHandler: Failed appendEntries: org.apache.ratis.thirdparty.io.grpc.StatusRuntimeException: UNAVAILABLE: io exception
2022-08-10 20:40:56,745 [grpc-default-executor-0] INFO  leader.FollowerInfo (FollowerInfoImpl.java:lambda$new$0(48)) - omNode-2@group-523986131536->omNode-1: nextIndex: updateUnconditionally 2 -> 1
2022-08-10 20:40:56,745 [grpc-default-executor-0] WARN  server.GrpcLogAppender (LogUtils.java:warn(122)) - omNode-2@group-523986131536->omNode-1-InstallSnapshotResponseHandler: Failed InstallSnapshot: org.apache.ratis.thirdparty.io.grpc.StatusRuntimeException: UNAVAILABLE: io exception
2022-08-10 20:40:56,745 [grpc-default-executor-0] INFO  leader.FollowerInfo (FollowerInfoImpl.java:lambda$new$0(48)) - omNode-2@group-523986131536->omNode-1: nextIndex: updateUnconditionally 1 -> 0
2022-08-10 20:40:56,745 [omNode-2@group-523986131536->omNode-1-GrpcLogAppender-LogAppenderDaemon] INFO  server.GrpcLogAppender (GrpcLogAppender.java:installSnapshot(541)) - omNode-2@group-523986131536->omNode-1-GrpcLogAppender: followerNextIndex = 0 but logStartIndex = -1, notify follower to install snapshot-(t:1, i:24)
2022-08-10 20:40:56,745 [omNode-2@group-523986131536->omNode-1-GrpcLogAppender-LogAppenderDaemon] INFO  server.GrpcLogAppender (GrpcLogAppender.java:installSnapshot(549)) - omNode-2@group-523986131536->omNode-1-GrpcLogAppender: send omNode-2->omNode-1#0-t1,notify:(t:1, i:24)
2022-08-10 20:40:56,759 [grpc-default-executor-6] WARN  server.GrpcLogAppender (LogUtils.java:warn(122)) - omNode-2@group-523986131536->omNode-1-AppendLogResponseHandler: Failed appendEntries: org.apache.ratis.thirdparty.io.grpc.StatusRuntimeException: UNAVAILABLE: io exception
2022-08-10 20:40:56,760 [grpc-default-executor-0] WARN  server.GrpcLogAppender (LogUtils.java:warn(122)) - omNode-2@group-523986131536->omNode-1-InstallSnapshotResponseHandler: Failed InstallSnapshot: org.apache.ratis.thirdparty.io.grpc.StatusRuntimeException: UNAVAILABLE: io exception
2022-08-10 20:40:56,760 [grpc-default-executor-6] INFO  leader.FollowerInfo (FollowerInfoImpl.java:lambda$new$0(48)) - omNode-2@group-523986131536->omNode-1: nextIndex: updateUnconditionally 0 -> 0
2022-08-10 20:40:56,760 [grpc-default-executor-0] INFO  leader.FollowerInfo (FollowerInfoImpl.java:lambda$new$0(48)) - omNode-2@group-523986131536->omNode-1: nextIndex: updateUnconditionally 0 -> 0
2022-08-10 20:40:56,761 [omNode-2@group-523986131536->omNode-1-GrpcLogAppender-LogAppenderDaemon] INFO  server.GrpcLogAppender (GrpcLogAppender.java:installSnapshot(541)) - omNode-2@group-523986131536->omNode-1-GrpcLogAppender: followerNextIndex = 0 but logStartIndex = -1, notify follower to install snapshot-(t:1, i:24)
2022-08-10 20:40:56,761 [omNode-2@group-523986131536->omNode-1-GrpcLogAppender-LogAppenderDaemon] INFO  server.GrpcLogAppender (GrpcLogAppender.java:installSnapshot(549)) - omNode-2@group-523986131536->omNode-1-GrpcLogAppender: send omNode-2->omNode-1#0-t1,notify:(t:1, i:24)
2022-08-10 20:40:56,761 [grpc-default-executor-5] WARN  server.GrpcLogAppender (LogUtils.java:warn(122)) - omNode-2@group-523986131536->omNode-1-AppendLogResponseHandler: Failed appendEntries: org.apache.ratis.thirdparty.io.grpc.StatusRuntimeException: UNAVAILABLE: io exception
2022-08-10 20:40:56,762 [grpc-default-executor-5] INFO  leader.FollowerInfo (FollowerInfoImpl.java:lambda$new$0(48)) - omNode-2@group-523986131536->omNode-1: nextIndex: updateUnconditionally 0 -> 0
2022-08-10 20:40:56,762 [grpc-default-executor-0] WARN  server.GrpcLogAppender (LogUtils.java:warn(122)) - omNode-2@group-523986131536->omNode-1-InstallSnapshotResponseHandler: Failed InstallSnapshot: org.apache.ratis.thirdparty.io.grpc.StatusRuntimeException: UNAVAILABLE: io exception
2022-08-10 20:40:56,762 [grpc-default-executor-0] INFO  leader.FollowerInfo (FollowerInfoImpl.java:lambda$new$0(48)) - omNode-2@group-523986131536->omNode-1: nextIndex: updateUnconditionally 0 -> 0
2022-08-10 20:40:56,762 [omNode-2@group-523986131536->omNode-1-GrpcLogAppender-LogAppenderDaemon] INFO  server.GrpcLogAppender (GrpcLogAppender.java:installSnapshot(541)) - omNode-2@group-523986131536->omNode-1-GrpcLogAppender: followerNextIndex = 0 but logStartIndex = -1, notify follower to install snapshot-(t:1, i:24)
2022-08-10 20:40:56,762 [omNode-2@group-523986131536->omNode-1-GrpcLogAppender-LogAppenderDaemon] INFO  server.GrpcLogAppender (GrpcLogAppender.java:installSnapshot(549)) - omNode-2@group-523986131536->omNode-1-GrpcLogAppender: send omNode-2->omNode-1#0-t1,notify:(t:1, i:24)
2022-08-10 20:40:56,763 [grpc-default-executor-6] WARN  server.GrpcLogAppender (LogUtils.java:warn(122)) - omNode-2@group-523986131536->omNode-1-AppendLogResponseHandler: Failed appendEntries: org.apache.ratis.thirdparty.io.grpc.StatusRuntimeException: UNAVAILABLE: io exception
2022-08-10 20:40:56,763 [grpc-default-executor-6] INFO  leader.FollowerInfo (FollowerInfoImpl.java:lambda$new$0(48)) - omNode-2@group-523986131536->omNode-1: nextIndex: updateUnconditionally 0 -> 0
2022-08-10 20:40:56,763 [grpc-default-executor-6] WARN  server.GrpcLogAppender (LogUtils.java:warn(122)) - omNode-2@group-523986131536->omNode-1-InstallSnapshotResponseHandler: Failed InstallSnapshot: org.apache.ratis.thirdparty.io.grpc.StatusRuntimeException: UNAVAILABLE: io exception
2022-08-10 20:40:56,764 [grpc-default-executor-6] INFO  leader.FollowerInfo (FollowerInfoImpl.java:lambda$new$0(48)) - omNode-2@group-523986131536->omNode-1: nextIndex: updateUnconditionally 0 -> 0
2022-08-10 20:40:56,764 [omNode-2@group-523986131536->omNode-1-GrpcLogAppender-LogAppenderDaemon] INFO  server.GrpcLogAppender (GrpcLogAppender.java:installSnapshot(541)) - omNode-2@group-523986131536->omNode-1-GrpcLogAppender: followerNextIndex = 0 but logStartIndex = -1, notify follower to install snapshot-(t:1, i:24)
2022-08-10 20:40:56,764 [omNode-2@group-523986131536->omNode-1-GrpcLogAppender-LogAppenderDaemon] INFO  server.GrpcLogAppender (GrpcLogAppender.java:installSnapshot(549)) - omNode-2@group-523986131536->omNode-1-GrpcLogAppender: send omNode-2->omNode-1#0-t1,notify:(t:1, i:24)
2022-08-10 20:40:56,764 [grpc-default-executor-5] WARN  server.GrpcLogAppender (LogUtils.java:warn(122)) - omNode-2@group-523986131536->omNode-1-InstallSnapshotResponseHandler: Failed InstallSnapshot: org.apache.ratis.thirdparty.io.grpc.StatusRuntimeException: UNAVAILABLE: io exception
2022-08-10 20:40:56,764 [grpc-default-executor-3] WARN  server.GrpcLogAppender (LogUtils.java:warn(122)) - omNode-2@group-523986131536->omNode-1-AppendLogResponseHandler: Failed appendEntries: org.apache.ratis.thirdparty.io.grpc.StatusRuntimeException: UNAVAILABLE: io exception
2022-08-10 20:40:56,765 [grpc-default-executor-5] INFO  leader.FollowerInfo (FollowerInfoImpl.java:lambda$new$0(48)) - omNode-2@group-523986131536->omNode-1: nextIndex: updateUnconditionally 0 -> 0
2022-08-10 20:40:56,765 [grpc-default-executor-3] INFO  leader.FollowerInfo (FollowerInfoImpl.java:lambda$new$0(48)) - omNode-2@group-523986131536->omNode-1: nextIndex: updateUnconditionally 0 -> 0
2022-08-10 20:40:56,765 [omNode-2@group-523986131536->omNode-1-GrpcLogAppender-LogAppenderDaemon] INFO  server.GrpcLogAppender (GrpcLogAppender.java:installSnapshot(541)) - omNode-2@group-523986131536->omNode-1-GrpcLogAppender: followerNextIndex = 0 but logStartIndex = -1, notify follower to install snapshot-(t:1, i:24)
2022-08-10 20:40:56,765 [omNode-2@group-523986131536->omNode-1-GrpcLogAppender-LogAppenderDaemon] INFO  server.GrpcLogAppender (GrpcLogAppender.java:installSnapshot(549)) - omNode-2@group-523986131536->omNode-1-GrpcLogAppender: send omNode-2->omNode-1#0-t1,notify:(t:1, i:24)
2022-08-10 20:40:56,765 [grpc-default-executor-0] WARN  server.GrpcLogAppender (LogUtils.java:warn(122)) - omNode-2@group-523986131536->omNode-1-InstallSnapshotResponseHandler: Failed InstallSnapshot: org.apache.ratis.thirdparty.io.grpc.StatusRuntimeException: UNAVAILABLE: io exception
2022-08-10 20:40:56,766 [grpc-default-executor-0] INFO  leader.FollowerInfo (FollowerInfoImpl.java:lambda$new$0(48)) - omNode-2@group-523986131536->omNode-1: nextIndex: updateUnconditionally 0 -> 0
2022-08-10 20:40:56,766 [omNode-2@group-523986131536->omNode-1-GrpcLogAppender-LogAppenderDaemon] INFO  server.GrpcLogAppender (GrpcLogAppender.java:installSnapshot(541)) - omNode-2@group-523986131536->omNode-1-GrpcLogAppender: followerNextIndex = 0 but logStartIndex = -1, notify follower to install snapshot-(t:1, i:24)
2022-08-10 20:40:56,766 [omNode-2@group-523986131536->omNode-1-GrpcLogAppender-LogAppenderDaemon] INFO  server.GrpcLogAppender (GrpcLogAppender.java:installSnapshot(549)) - omNode-2@group-523986131536->omNode-1-GrpcLogAppender: send omNode-2->omNode-1#0-t1,notify:(t:1, i:24)
2022-08-10 20:40:56,766 [grpc-default-executor-5] WARN  server.GrpcLogAppender (LogUtils.java:warn(122)) - omNode-2@group-523986131536->omNode-1-AppendLogResponseHandler: Failed appendEntries: org.apache.ratis.thirdparty.io.grpc.StatusRuntimeException: UNAVAILABLE: io exception
2022-08-10 20:40:56,766 [grpc-default-executor-5] INFO  leader.FollowerInfo (FollowerInfoImpl.java:lambda$new$0(48)) - omNode-2@group-523986131536->omNode-1: nextIndex: updateUnconditionally 0 -> 0
2022-08-10 20:40:56,775 [grpc-default-executor-4] WARN  server.GrpcLogAppender (LogUtils.java:warn(122)) - omNode-2@group-523986131536->omNode-1-AppendLogResponseHandler: Failed appendEntries: org.apache.ratis.thirdparty.io.grpc.StatusRuntimeException: UNAVAILABLE: io exception
2022-08-10 20:40:56,775 [grpc-default-executor-4] INFO  leader.FollowerInfo (FollowerInfoImpl.java:lambda$new$0(48)) - omNode-2@group-523986131536->omNode-1: nextIndex: updateUnconditionally 0 -> 0
2022-08-10 20:40:56,782 [Listener at localhost/39139] WARN  server.ServerUtils (ServerUtils.java:getDBPath(225)) - ozone.om.db.dirs is not configured. We recommend adding this setting. Falling back to ozone.metadata.dirs instead.
2022-08-10 20:40:56,783 [Listener at localhost/39139] INFO  codec.OmKeyInfoCodec (OmKeyInfoCodec.java:<init>(49)) - OmKeyInfoCodec ignorePipeline = true
2022-08-10 20:40:56,783 [Listener at localhost/39139] INFO  codec.RepeatedOmKeyInfoCodec (RepeatedOmKeyInfoCodec.java:<init>(41)) - RepeatedOmKeyInfoCodec ignorePipeline = true
2022-08-10 20:40:56,787 [grpc-default-executor-7] WARN  server.GrpcLogAppender (LogUtils.java:warn(122)) - omNode-2@group-523986131536->omNode-1-InstallSnapshotResponseHandler: Failed InstallSnapshot: org.apache.ratis.thirdparty.io.grpc.StatusRuntimeException: UNAVAILABLE: io exception
2022-08-10 20:40:56,788 [grpc-default-executor-7] INFO  leader.FollowerInfo (FollowerInfoImpl.java:lambda$new$0(48)) - omNode-2@group-523986131536->omNode-1: nextIndex: updateUnconditionally 0 -> 0
2022-08-10 20:40:56,788 [omNode-2@group-523986131536->omNode-1-GrpcLogAppender-LogAppenderDaemon] INFO  server.GrpcLogAppender (GrpcLogAppender.java:installSnapshot(541)) - omNode-2@group-523986131536->omNode-1-GrpcLogAppender: followerNextIndex = 0 but logStartIndex = -1, notify follower to install snapshot-(t:1, i:24)
2022-08-10 20:40:56,788 [omNode-2@group-523986131536->omNode-1-GrpcLogAppender-LogAppenderDaemon] INFO  server.GrpcLogAppender (GrpcLogAppender.java:installSnapshot(549)) - omNode-2@group-523986131536->omNode-1-GrpcLogAppender: send omNode-2->omNode-1#0-t1,notify:(t:1, i:24)
2022-08-10 20:40:56,792 [grpc-default-executor-0] WARN  server.GrpcLogAppender (LogUtils.java:warn(122)) - omNode-2@group-523986131536->omNode-1-InstallSnapshotResponseHandler: Failed InstallSnapshot: org.apache.ratis.thirdparty.io.grpc.StatusRuntimeException: UNAVAILABLE: io exception
2022-08-10 20:40:56,792 [grpc-default-executor-4] WARN  server.GrpcLogAppender (LogUtils.java:warn(122)) - omNode-2@group-523986131536->omNode-1-AppendLogResponseHandler: Failed appendEntries: org.apache.ratis.thirdparty.io.grpc.StatusRuntimeException: UNAVAILABLE: io exception
2022-08-10 20:40:56,792 [grpc-default-executor-0] INFO  leader.FollowerInfo (FollowerInfoImpl.java:lambda$new$0(48)) - omNode-2@group-523986131536->omNode-1: nextIndex: updateUnconditionally 0 -> 0
2022-08-10 20:40:56,793 [grpc-default-executor-4] INFO  leader.FollowerInfo (FollowerInfoImpl.java:lambda$new$0(48)) - omNode-2@group-523986131536->omNode-1: nextIndex: updateUnconditionally 0 -> 0
2022-08-10 20:40:56,793 [omNode-2@group-523986131536->omNode-1-GrpcLogAppender-LogAppenderDaemon] INFO  server.GrpcLogAppender (GrpcLogAppender.java:installSnapshot(541)) - omNode-2@group-523986131536->omNode-1-GrpcLogAppender: followerNextIndex = 0 but logStartIndex = -1, notify follower to install snapshot-(t:1, i:24)
2022-08-10 20:40:56,793 [omNode-2@group-523986131536->omNode-1-GrpcLogAppender-LogAppenderDaemon] INFO  server.GrpcLogAppender (GrpcLogAppender.java:installSnapshot(549)) - omNode-2@group-523986131536->omNode-1-GrpcLogAppender: send omNode-2->omNode-1#0-t1,notify:(t:1, i:24)
2022-08-10 20:40:56,794 [grpc-default-executor-4] WARN  server.GrpcLogAppender (LogUtils.java:warn(122)) - omNode-2@group-523986131536->omNode-1-InstallSnapshotResponseHandler: Failed InstallSnapshot: org.apache.ratis.thirdparty.io.grpc.StatusRuntimeException: UNAVAILABLE: io exception
2022-08-10 20:40:56,795 [grpc-default-executor-4] INFO  leader.FollowerInfo (FollowerInfoImpl.java:lambda$new$0(48)) - omNode-2@group-523986131536->omNode-1: nextIndex: updateUnconditionally 0 -> 0
2022-08-10 20:40:56,795 [omNode-2@group-523986131536->omNode-1-GrpcLogAppender-LogAppenderDaemon] INFO  server.GrpcLogAppender (GrpcLogAppender.java:installSnapshot(541)) - omNode-2@group-523986131536->omNode-1-GrpcLogAppender: followerNextIndex = 0 but logStartIndex = -1, notify follower to install snapshot-(t:1, i:24)
2022-08-10 20:40:56,795 [omNode-2@group-523986131536->omNode-1-GrpcLogAppender-LogAppenderDaemon] INFO  server.GrpcLogAppender (GrpcLogAppender.java:installSnapshot(549)) - omNode-2@group-523986131536->omNode-1-GrpcLogAppender: send omNode-2->omNode-1#0-t1,notify:(t:1, i:24)
2022-08-10 20:40:56,794 [grpc-default-executor-7] WARN  server.GrpcLogAppender (LogUtils.java:warn(122)) - omNode-2@group-523986131536->omNode-1-AppendLogResponseHandler: Failed appendEntries: org.apache.ratis.thirdparty.io.grpc.StatusRuntimeException: UNAVAILABLE: io exception
2022-08-10 20:40:56,795 [grpc-default-executor-7] INFO  leader.FollowerInfo (FollowerInfoImpl.java:lambda$new$0(48)) - omNode-2@group-523986131536->omNode-1: nextIndex: updateUnconditionally 0 -> 0
2022-08-10 20:40:56,796 [grpc-default-executor-0] WARN  server.GrpcLogAppender (LogUtils.java:warn(122)) - omNode-2@group-523986131536->omNode-1-AppendLogResponseHandler: Failed appendEntries: org.apache.ratis.thirdparty.io.grpc.StatusRuntimeException: UNAVAILABLE: io exception
2022-08-10 20:40:56,796 [grpc-default-executor-0] INFO  leader.FollowerInfo (FollowerInfoImpl.java:lambda$new$0(48)) - omNode-2@group-523986131536->omNode-1: nextIndex: updateUnconditionally 0 -> 0
2022-08-10 20:40:56,796 [grpc-default-executor-0] WARN  server.GrpcLogAppender (LogUtils.java:warn(122)) - omNode-2@group-523986131536->omNode-1-InstallSnapshotResponseHandler: Failed InstallSnapshot: org.apache.ratis.thirdparty.io.grpc.StatusRuntimeException: UNAVAILABLE: io exception
2022-08-10 20:40:56,796 [grpc-default-executor-0] INFO  leader.FollowerInfo (FollowerInfoImpl.java:lambda$new$0(48)) - omNode-2@group-523986131536->omNode-1: nextIndex: updateUnconditionally 0 -> 0
2022-08-10 20:40:56,796 [omNode-2@group-523986131536->omNode-1-GrpcLogAppender-LogAppenderDaemon] INFO  server.GrpcLogAppender (GrpcLogAppender.java:installSnapshot(541)) - omNode-2@group-523986131536->omNode-1-GrpcLogAppender: followerNextIndex = 0 but logStartIndex = -1, notify follower to install snapshot-(t:1, i:24)
2022-08-10 20:40:56,796 [omNode-2@group-523986131536->omNode-1-GrpcLogAppender-LogAppenderDaemon] INFO  server.GrpcLogAppender (GrpcLogAppender.java:installSnapshot(549)) - omNode-2@group-523986131536->omNode-1-GrpcLogAppender: send omNode-2->omNode-1#0-t1,notify:(t:1, i:24)
2022-08-10 20:40:56,797 [grpc-default-executor-0] WARN  server.GrpcLogAppender (LogUtils.java:warn(122)) - omNode-2@group-523986131536->omNode-1-InstallSnapshotResponseHandler: Failed InstallSnapshot: org.apache.ratis.thirdparty.io.grpc.StatusRuntimeException: UNAVAILABLE: io exception
2022-08-10 20:40:56,797 [grpc-default-executor-0] INFO  leader.FollowerInfo (FollowerInfoImpl.java:lambda$new$0(48)) - omNode-2@group-523986131536->omNode-1: nextIndex: updateUnconditionally 0 -> 0
2022-08-10 20:40:56,797 [grpc-default-executor-7] WARN  server.GrpcLogAppender (LogUtils.java:warn(122)) - omNode-2@group-523986131536->omNode-1-AppendLogResponseHandler: Failed appendEntries: org.apache.ratis.thirdparty.io.grpc.StatusRuntimeException: UNAVAILABLE: io exception
2022-08-10 20:40:56,798 [grpc-default-executor-7] INFO  leader.FollowerInfo (FollowerInfoImpl.java:lambda$new$0(48)) - omNode-2@group-523986131536->omNode-1: nextIndex: updateUnconditionally 0 -> 0
2022-08-10 20:40:56,800 [omNode-2@group-523986131536->omNode-1-GrpcLogAppender-LogAppenderDaemon] INFO  server.GrpcLogAppender (GrpcLogAppender.java:installSnapshot(541)) - omNode-2@group-523986131536->omNode-1-GrpcLogAppender: followerNextIndex = 0 but logStartIndex = -1, notify follower to install snapshot-(t:1, i:24)
2022-08-10 20:40:56,800 [omNode-2@group-523986131536->omNode-1-GrpcLogAppender-LogAppenderDaemon] INFO  server.GrpcLogAppender (GrpcLogAppender.java:installSnapshot(549)) - omNode-2@group-523986131536->omNode-1-GrpcLogAppender: send omNode-2->omNode-1#0-t1,notify:(t:1, i:24)
2022-08-10 20:40:56,803 [grpc-default-executor-0] WARN  server.GrpcLogAppender (LogUtils.java:warn(122)) - omNode-2@group-523986131536->omNode-1-AppendLogResponseHandler: Failed appendEntries: org.apache.ratis.thirdparty.io.grpc.StatusRuntimeException: UNAVAILABLE: io exception
2022-08-10 20:40:56,803 [grpc-default-executor-0] INFO  leader.FollowerInfo (FollowerInfoImpl.java:lambda$new$0(48)) - omNode-2@group-523986131536->omNode-1: nextIndex: updateUnconditionally 0 -> 0
2022-08-10 20:40:56,804 [grpc-default-executor-7] WARN  server.GrpcLogAppender (LogUtils.java:warn(122)) - omNode-2@group-523986131536->omNode-1-InstallSnapshotResponseHandler: Failed InstallSnapshot: org.apache.ratis.thirdparty.io.grpc.StatusRuntimeException: UNAVAILABLE: io exception
2022-08-10 20:40:56,804 [grpc-default-executor-7] INFO  leader.FollowerInfo (FollowerInfoImpl.java:lambda$new$0(48)) - omNode-2@group-523986131536->omNode-1: nextIndex: updateUnconditionally 0 -> 0
2022-08-10 20:40:56,804 [omNode-2@group-523986131536->omNode-1-GrpcLogAppender-LogAppenderDaemon] INFO  server.GrpcLogAppender (GrpcLogAppender.java:installSnapshot(541)) - omNode-2@group-523986131536->omNode-1-GrpcLogAppender: followerNextIndex = 0 but logStartIndex = -1, notify follower to install snapshot-(t:1, i:24)
2022-08-10 20:40:56,804 [omNode-2@group-523986131536->omNode-1-GrpcLogAppender-LogAppenderDaemon] INFO  server.GrpcLogAppender (GrpcLogAppender.java:installSnapshot(549)) - omNode-2@group-523986131536->omNode-1-GrpcLogAppender: send omNode-2->omNode-1#0-t1,notify:(t:1, i:24)
2022-08-10 20:40:56,804 [grpc-default-executor-0] WARN  server.GrpcLogAppender (LogUtils.java:warn(122)) - omNode-2@group-523986131536->omNode-1-InstallSnapshotResponseHandler: Failed InstallSnapshot: org.apache.ratis.thirdparty.io.grpc.StatusRuntimeException: UNAVAILABLE: io exception
2022-08-10 20:40:56,804 [grpc-default-executor-0] INFO  leader.FollowerInfo (FollowerInfoImpl.java:lambda$new$0(48)) - omNode-2@group-523986131536->omNode-1: nextIndex: updateUnconditionally 0 -> 0
2022-08-10 20:40:56,804 [grpc-default-executor-7] WARN  server.GrpcLogAppender (LogUtils.java:warn(122)) - omNode-2@group-523986131536->omNode-1-AppendLogResponseHandler: Failed appendEntries: org.apache.ratis.thirdparty.io.grpc.StatusRuntimeException: UNAVAILABLE: io exception
2022-08-10 20:40:56,804 [grpc-default-executor-7] INFO  leader.FollowerInfo (FollowerInfoImpl.java:lambda$new$0(48)) - omNode-2@group-523986131536->omNode-1: nextIndex: updateUnconditionally 0 -> 0
2022-08-10 20:40:56,805 [omNode-2@group-523986131536->omNode-1-GrpcLogAppender-LogAppenderDaemon] INFO  server.GrpcLogAppender (GrpcLogAppender.java:installSnapshot(541)) - omNode-2@group-523986131536->omNode-1-GrpcLogAppender: followerNextIndex = 0 but logStartIndex = -1, notify follower to install snapshot-(t:1, i:24)
2022-08-10 20:40:56,805 [omNode-2@group-523986131536->omNode-1-GrpcLogAppender-LogAppenderDaemon] INFO  server.GrpcLogAppender (GrpcLogAppender.java:installSnapshot(549)) - omNode-2@group-523986131536->omNode-1-GrpcLogAppender: send omNode-2->omNode-1#0-t1,notify:(t:1, i:24)
2022-08-10 20:40:56,805 [grpc-default-executor-0] WARN  server.GrpcLogAppender (LogUtils.java:warn(122)) - omNode-2@group-523986131536->omNode-1-InstallSnapshotResponseHandler: Failed InstallSnapshot: org.apache.ratis.thirdparty.io.grpc.StatusRuntimeException: UNAVAILABLE: io exception
2022-08-10 20:40:56,805 [grpc-default-executor-0] INFO  leader.FollowerInfo (FollowerInfoImpl.java:lambda$new$0(48)) - omNode-2@group-523986131536->omNode-1: nextIndex: updateUnconditionally 0 -> 0
2022-08-10 20:40:56,805 [grpc-default-executor-7] WARN  server.GrpcLogAppender (LogUtils.java:warn(122)) - omNode-2@group-523986131536->omNode-1-AppendLogResponseHandler: Failed appendEntries: org.apache.ratis.thirdparty.io.grpc.StatusRuntimeException: UNAVAILABLE: io exception
2022-08-10 20:40:56,805 [grpc-default-executor-7] INFO  leader.FollowerInfo (FollowerInfoImpl.java:lambda$new$0(48)) - omNode-2@group-523986131536->omNode-1: nextIndex: updateUnconditionally 0 -> 0
2022-08-10 20:40:56,805 [omNode-2@group-523986131536->omNode-1-GrpcLogAppender-LogAppenderDaemon] INFO  server.GrpcLogAppender (GrpcLogAppender.java:installSnapshot(541)) - omNode-2@group-523986131536->omNode-1-GrpcLogAppender: followerNextIndex = 0 but logStartIndex = -1, notify follower to install snapshot-(t:1, i:24)
2022-08-10 20:40:56,805 [omNode-2@group-523986131536->omNode-1-GrpcLogAppender-LogAppenderDaemon] INFO  server.GrpcLogAppender (GrpcLogAppender.java:installSnapshot(549)) - omNode-2@group-523986131536->omNode-1-GrpcLogAppender: send omNode-2->omNode-1#0-t1,notify:(t:1, i:24)
2022-08-10 20:40:56,806 [grpc-default-executor-0] WARN  server.GrpcLogAppender (LogUtils.java:warn(122)) - omNode-2@group-523986131536->omNode-1-InstallSnapshotResponseHandler: Failed InstallSnapshot: org.apache.ratis.thirdparty.io.grpc.StatusRuntimeException: UNAVAILABLE: io exception
2022-08-10 20:40:56,806 [grpc-default-executor-0] INFO  leader.FollowerInfo (FollowerInfoImpl.java:lambda$new$0(48)) - omNode-2@group-523986131536->omNode-1: nextIndex: updateUnconditionally 0 -> 0
2022-08-10 20:40:56,806 [grpc-default-executor-7] WARN  server.GrpcLogAppender (LogUtils.java:warn(122)) - omNode-2@group-523986131536->omNode-1-AppendLogResponseHandler: Failed appendEntries: org.apache.ratis.thirdparty.io.grpc.StatusRuntimeException: UNAVAILABLE: io exception
2022-08-10 20:40:56,806 [grpc-default-executor-7] INFO  leader.FollowerInfo (FollowerInfoImpl.java:lambda$new$0(48)) - omNode-2@group-523986131536->omNode-1: nextIndex: updateUnconditionally 0 -> 0
2022-08-10 20:40:56,806 [omNode-2@group-523986131536->omNode-1-GrpcLogAppender-LogAppenderDaemon] INFO  server.GrpcLogAppender (GrpcLogAppender.java:installSnapshot(541)) - omNode-2@group-523986131536->omNode-1-GrpcLogAppender: followerNextIndex = 0 but logStartIndex = -1, notify follower to install snapshot-(t:1, i:24)
2022-08-10 20:40:56,806 [omNode-2@group-523986131536->omNode-1-GrpcLogAppender-LogAppenderDaemon] INFO  server.GrpcLogAppender (GrpcLogAppender.java:installSnapshot(549)) - omNode-2@group-523986131536->omNode-1-GrpcLogAppender: send omNode-2->omNode-1#0-t1,notify:(t:1, i:24)
2022-08-10 20:40:56,806 [grpc-default-executor-0] WARN  server.GrpcLogAppender (LogUtils.java:warn(122)) - omNode-2@group-523986131536->omNode-1-InstallSnapshotResponseHandler: Failed InstallSnapshot: org.apache.ratis.thirdparty.io.grpc.StatusRuntimeException: UNAVAILABLE: io exception
2022-08-10 20:40:56,806 [grpc-default-executor-0] INFO  leader.FollowerInfo (FollowerInfoImpl.java:lambda$new$0(48)) - omNode-2@group-523986131536->omNode-1: nextIndex: updateUnconditionally 0 -> 0
2022-08-10 20:40:56,806 [grpc-default-executor-7] WARN  server.GrpcLogAppender (LogUtils.java:warn(122)) - omNode-2@group-523986131536->omNode-1-AppendLogResponseHandler: Failed appendEntries: org.apache.ratis.thirdparty.io.grpc.StatusRuntimeException: UNAVAILABLE: io exception
2022-08-10 20:40:56,806 [grpc-default-executor-7] INFO  leader.FollowerInfo (FollowerInfoImpl.java:lambda$new$0(48)) - omNode-2@group-523986131536->omNode-1: nextIndex: updateUnconditionally 0 -> 0
2022-08-10 20:40:56,807 [omNode-2@group-523986131536->omNode-1-GrpcLogAppender-LogAppenderDaemon] INFO  server.GrpcLogAppender (GrpcLogAppender.java:installSnapshot(541)) - omNode-2@group-523986131536->omNode-1-GrpcLogAppender: followerNextIndex = 0 but logStartIndex = -1, notify follower to install snapshot-(t:1, i:24)
2022-08-10 20:40:56,807 [omNode-2@group-523986131536->omNode-1-GrpcLogAppender-LogAppenderDaemon] INFO  server.GrpcLogAppender (GrpcLogAppender.java:installSnapshot(549)) - omNode-2@group-523986131536->omNode-1-GrpcLogAppender: send omNode-2->omNode-1#0-t1,notify:(t:1, i:24)
2022-08-10 20:40:56,807 [grpc-default-executor-7] WARN  server.GrpcLogAppender (LogUtils.java:warn(122)) - omNode-2@group-523986131536->omNode-1-AppendLogResponseHandler: Failed appendEntries: org.apache.ratis.thirdparty.io.grpc.StatusRuntimeException: UNAVAILABLE: io exception
2022-08-10 20:40:56,807 [grpc-default-executor-7] INFO  leader.FollowerInfo (FollowerInfoImpl.java:lambda$new$0(48)) - omNode-2@group-523986131536->omNode-1: nextIndex: updateUnconditionally 0 -> 0
2022-08-10 20:40:56,807 [grpc-default-executor-7] WARN  server.GrpcLogAppender (LogUtils.java:warn(122)) - omNode-2@group-523986131536->omNode-1-InstallSnapshotResponseHandler: Failed InstallSnapshot: org.apache.ratis.thirdparty.io.grpc.StatusRuntimeException: UNAVAILABLE: io exception
2022-08-10 20:40:56,807 [grpc-default-executor-7] INFO  leader.FollowerInfo (FollowerInfoImpl.java:lambda$new$0(48)) - omNode-2@group-523986131536->omNode-1: nextIndex: updateUnconditionally 0 -> 0
2022-08-10 20:40:56,808 [omNode-2@group-523986131536->omNode-1-GrpcLogAppender-LogAppenderDaemon] INFO  server.GrpcLogAppender (GrpcLogAppender.java:installSnapshot(541)) - omNode-2@group-523986131536->omNode-1-GrpcLogAppender: followerNextIndex = 0 but logStartIndex = -1, notify follower to install snapshot-(t:1, i:24)
2022-08-10 20:40:56,808 [omNode-2@group-523986131536->omNode-1-GrpcLogAppender-LogAppenderDaemon] INFO  server.GrpcLogAppender (GrpcLogAppender.java:installSnapshot(549)) - omNode-2@group-523986131536->omNode-1-GrpcLogAppender: send omNode-2->omNode-1#0-t1,notify:(t:1, i:24)
2022-08-10 20:40:56,808 [grpc-default-executor-0] WARN  server.GrpcLogAppender (LogUtils.java:warn(122)) - omNode-2@group-523986131536->omNode-1-InstallSnapshotResponseHandler: Failed InstallSnapshot: org.apache.ratis.thirdparty.io.grpc.StatusRuntimeException: UNAVAILABLE: io exception
2022-08-10 20:40:56,808 [grpc-default-executor-0] INFO  leader.FollowerInfo (FollowerInfoImpl.java:lambda$new$0(48)) - omNode-2@group-523986131536->omNode-1: nextIndex: updateUnconditionally 0 -> 0
2022-08-10 20:40:56,808 [grpc-default-executor-0] WARN  server.GrpcLogAppender (LogUtils.java:warn(122)) - omNode-2@group-523986131536->omNode-1-AppendLogResponseHandler: Failed appendEntries: org.apache.ratis.thirdparty.io.grpc.StatusRuntimeException: UNAVAILABLE: io exception
2022-08-10 20:40:56,808 [grpc-default-executor-0] INFO  leader.FollowerInfo (FollowerInfoImpl.java:lambda$new$0(48)) - omNode-2@group-523986131536->omNode-1: nextIndex: updateUnconditionally 0 -> 0
2022-08-10 20:40:56,808 [omNode-2@group-523986131536->omNode-1-GrpcLogAppender-LogAppenderDaemon] INFO  server.GrpcLogAppender (GrpcLogAppender.java:installSnapshot(541)) - omNode-2@group-523986131536->omNode-1-GrpcLogAppender: followerNextIndex = 0 but logStartIndex = -1, notify follower to install snapshot-(t:1, i:24)
2022-08-10 20:40:56,808 [omNode-2@group-523986131536->omNode-1-GrpcLogAppender-LogAppenderDaemon] INFO  server.GrpcLogAppender (GrpcLogAppender.java:installSnapshot(549)) - omNode-2@group-523986131536->omNode-1-GrpcLogAppender: send omNode-2->omNode-1#0-t1,notify:(t:1, i:24)
2022-08-10 20:40:56,809 [grpc-default-executor-7] WARN  server.GrpcLogAppender (LogUtils.java:warn(122)) - omNode-2@group-523986131536->omNode-1-AppendLogResponseHandler: Failed appendEntries: org.apache.ratis.thirdparty.io.grpc.StatusRuntimeException: UNAVAILABLE: io exception
2022-08-10 20:40:56,809 [grpc-default-executor-7] INFO  leader.FollowerInfo (FollowerInfoImpl.java:lambda$new$0(48)) - omNode-2@group-523986131536->omNode-1: nextIndex: updateUnconditionally 0 -> 0
2022-08-10 20:40:56,809 [grpc-default-executor-0] WARN  server.GrpcLogAppender (LogUtils.java:warn(122)) - omNode-2@group-523986131536->omNode-1-InstallSnapshotResponseHandler: Failed InstallSnapshot: org.apache.ratis.thirdparty.io.grpc.StatusRuntimeException: UNAVAILABLE: io exception
2022-08-10 20:40:56,809 [grpc-default-executor-0] INFO  leader.FollowerInfo (FollowerInfoImpl.java:lambda$new$0(48)) - omNode-2@group-523986131536->omNode-1: nextIndex: updateUnconditionally 0 -> 0
2022-08-10 20:40:56,809 [omNode-2@group-523986131536->omNode-1-GrpcLogAppender-LogAppenderDaemon] INFO  server.GrpcLogAppender (GrpcLogAppender.java:installSnapshot(541)) - omNode-2@group-523986131536->omNode-1-GrpcLogAppender: followerNextIndex = 0 but logStartIndex = -1, notify follower to install snapshot-(t:1, i:24)
2022-08-10 20:40:56,809 [grpc-default-executor-0] WARN  server.GrpcLogAppender (LogUtils.java:warn(122)) - omNode-2@group-523986131536->omNode-1-AppendLogResponseHandler: Failed appendEntries: org.apache.ratis.thirdparty.io.grpc.StatusRuntimeException: UNAVAILABLE: io exception
2022-08-10 20:40:56,809 [grpc-default-executor-0] INFO  leader.FollowerInfo (FollowerInfoImpl.java:lambda$new$0(48)) - omNode-2@group-523986131536->omNode-1: nextIndex: updateUnconditionally 0 -> 0
2022-08-10 20:40:56,809 [omNode-2@group-523986131536->omNode-1-GrpcLogAppender-LogAppenderDaemon] INFO  server.GrpcLogAppender (GrpcLogAppender.java:installSnapshot(549)) - omNode-2@group-523986131536->omNode-1-GrpcLogAppender: send omNode-2->omNode-1#0-t1,notify:(t:1, i:24)
2022-08-10 20:40:56,809 [grpc-default-executor-0] WARN  server.GrpcLogAppender (LogUtils.java:warn(122)) - omNode-2@group-523986131536->omNode-1-InstallSnapshotResponseHandler: Failed InstallSnapshot: org.apache.ratis.thirdparty.io.grpc.StatusRuntimeException: UNAVAILABLE: io exception
2022-08-10 20:40:56,809 [grpc-default-executor-0] INFO  leader.FollowerInfo (FollowerInfoImpl.java:lambda$new$0(48)) - omNode-2@group-523986131536->omNode-1: nextIndex: updateUnconditionally 0 -> 0
2022-08-10 20:40:56,810 [grpc-default-executor-0] WARN  server.GrpcLogAppender (LogUtils.java:warn(122)) - omNode-2@group-523986131536->omNode-1-AppendLogResponseHandler: Failed appendEntries: org.apache.ratis.thirdparty.io.grpc.StatusRuntimeException: UNAVAILABLE: io exception
2022-08-10 20:40:56,810 [grpc-default-executor-0] INFO  leader.FollowerInfo (FollowerInfoImpl.java:lambda$new$0(48)) - omNode-2@group-523986131536->omNode-1: nextIndex: updateUnconditionally 0 -> 0
2022-08-10 20:40:56,810 [omNode-2@group-523986131536->omNode-1-GrpcLogAppender-LogAppenderDaemon] INFO  server.GrpcLogAppender (GrpcLogAppender.java:installSnapshot(541)) - omNode-2@group-523986131536->omNode-1-GrpcLogAppender: followerNextIndex = 0 but logStartIndex = -1, notify follower to install snapshot-(t:1, i:24)
2022-08-10 20:40:56,810 [omNode-2@group-523986131536->omNode-1-GrpcLogAppender-LogAppenderDaemon] INFO  server.GrpcLogAppender (GrpcLogAppender.java:installSnapshot(549)) - omNode-2@group-523986131536->omNode-1-GrpcLogAppender: send omNode-2->omNode-1#0-t1,notify:(t:1, i:24)
2022-08-10 20:40:56,810 [grpc-default-executor-0] WARN  server.GrpcLogAppender (LogUtils.java:warn(122)) - omNode-2@group-523986131536->omNode-1-InstallSnapshotResponseHandler: Failed InstallSnapshot: org.apache.ratis.thirdparty.io.grpc.StatusRuntimeException: UNAVAILABLE: io exception
2022-08-10 20:40:56,810 [grpc-default-executor-0] INFO  leader.FollowerInfo (FollowerInfoImpl.java:lambda$new$0(48)) - omNode-2@group-523986131536->omNode-1: nextIndex: updateUnconditionally 0 -> 0
2022-08-10 20:40:56,810 [omNode-2@group-523986131536->omNode-1-GrpcLogAppender-LogAppenderDaemon] INFO  server.GrpcLogAppender (GrpcLogAppender.java:installSnapshot(541)) - omNode-2@group-523986131536->omNode-1-GrpcLogAppender: followerNextIndex = 0 but logStartIndex = -1, notify follower to install snapshot-(t:1, i:24)
2022-08-10 20:40:56,811 [omNode-2@group-523986131536->omNode-1-GrpcLogAppender-LogAppenderDaemon] INFO  server.GrpcLogAppender (GrpcLogAppender.java:installSnapshot(549)) - omNode-2@group-523986131536->omNode-1-GrpcLogAppender: send omNode-2->omNode-1#0-t1,notify:(t:1, i:24)
2022-08-10 20:40:56,811 [grpc-default-executor-4] WARN  server.GrpcLogAppender (LogUtils.java:warn(122)) - omNode-2@group-523986131536->omNode-1-InstallSnapshotResponseHandler: Failed InstallSnapshot: org.apache.ratis.thirdparty.io.grpc.StatusRuntimeException: UNAVAILABLE: io exception
2022-08-10 20:40:56,812 [grpc-default-executor-4] INFO  leader.FollowerInfo (FollowerInfoImpl.java:lambda$new$0(48)) - omNode-2@group-523986131536->omNode-1: nextIndex: updateUnconditionally 0 -> 0
2022-08-10 20:40:56,812 [grpc-default-executor-4] WARN  server.GrpcLogAppender (LogUtils.java:warn(122)) - omNode-2@group-523986131536->omNode-1-AppendLogResponseHandler: Failed appendEntries: org.apache.ratis.thirdparty.io.grpc.StatusRuntimeException: UNAVAILABLE: io exception
2022-08-10 20:40:56,812 [grpc-default-executor-4] INFO  leader.FollowerInfo (FollowerInfoImpl.java:lambda$new$0(48)) - omNode-2@group-523986131536->omNode-1: nextIndex: updateUnconditionally 0 -> 0
2022-08-10 20:40:56,812 [omNode-2@group-523986131536->omNode-1-GrpcLogAppender-LogAppenderDaemon] INFO  server.GrpcLogAppender (GrpcLogAppender.java:installSnapshot(541)) - omNode-2@group-523986131536->omNode-1-GrpcLogAppender: followerNextIndex = 0 but logStartIndex = -1, notify follower to install snapshot-(t:1, i:24)
2022-08-10 20:40:56,812 [omNode-2@group-523986131536->omNode-1-GrpcLogAppender-LogAppenderDaemon] INFO  server.GrpcLogAppender (GrpcLogAppender.java:installSnapshot(549)) - omNode-2@group-523986131536->omNode-1-GrpcLogAppender: send omNode-2->omNode-1#0-t1,notify:(t:1, i:24)
2022-08-10 20:40:56,813 [grpc-default-executor-0] WARN  server.GrpcLogAppender (LogUtils.java:warn(122)) - omNode-2@group-523986131536->omNode-1-AppendLogResponseHandler: Failed appendEntries: org.apache.ratis.thirdparty.io.grpc.StatusRuntimeException: UNAVAILABLE: io exception
2022-08-10 20:40:56,813 [grpc-default-executor-0] INFO  leader.FollowerInfo (FollowerInfoImpl.java:lambda$new$0(48)) - omNode-2@group-523986131536->omNode-1: nextIndex: updateUnconditionally 0 -> 0
2022-08-10 20:40:56,814 [grpc-default-executor-0] WARN  server.GrpcLogAppender (LogUtils.java:warn(122)) - omNode-2@group-523986131536->omNode-1-InstallSnapshotResponseHandler: Failed InstallSnapshot: org.apache.ratis.thirdparty.io.grpc.StatusRuntimeException: UNAVAILABLE: io exception
2022-08-10 20:40:56,815 [grpc-default-executor-0] INFO  leader.FollowerInfo (FollowerInfoImpl.java:lambda$new$0(48)) - omNode-2@group-523986131536->omNode-1: nextIndex: updateUnconditionally 0 -> 0
2022-08-10 20:40:56,816 [omNode-2@group-523986131536->omNode-1-GrpcLogAppender-LogAppenderDaemon] INFO  server.GrpcLogAppender (GrpcLogAppender.java:installSnapshot(541)) - omNode-2@group-523986131536->omNode-1-GrpcLogAppender: followerNextIndex = 0 but logStartIndex = -1, notify follower to install snapshot-(t:1, i:24)
2022-08-10 20:40:56,816 [omNode-2@group-523986131536->omNode-1-GrpcLogAppender-LogAppenderDaemon] INFO  server.GrpcLogAppender (GrpcLogAppender.java:installSnapshot(549)) - omNode-2@group-523986131536->omNode-1-GrpcLogAppender: send omNode-2->omNode-1#0-t1,notify:(t:1, i:24)
2022-08-10 20:40:56,816 [grpc-default-executor-0] WARN  server.GrpcLogAppender (LogUtils.java:warn(122)) - omNode-2@group-523986131536->omNode-1-AppendLogResponseHandler: Failed appendEntries: org.apache.ratis.thirdparty.io.grpc.StatusRuntimeException: UNAVAILABLE: io exception
2022-08-10 20:40:56,817 [grpc-default-executor-0] INFO  leader.FollowerInfo (FollowerInfoImpl.java:lambda$new$0(48)) - omNode-2@group-523986131536->omNode-1: nextIndex: updateUnconditionally 0 -> 0
2022-08-10 20:40:56,818 [grpc-default-executor-0] WARN  server.GrpcLogAppender (LogUtils.java:warn(122)) - omNode-2@group-523986131536->omNode-1-InstallSnapshotResponseHandler: Failed InstallSnapshot: org.apache.ratis.thirdparty.io.grpc.StatusRuntimeException: UNAVAILABLE: io exception
2022-08-10 20:40:56,819 [grpc-default-executor-0] INFO  leader.FollowerInfo (FollowerInfoImpl.java:lambda$new$0(48)) - omNode-2@group-523986131536->omNode-1: nextIndex: updateUnconditionally 0 -> 0
2022-08-10 20:40:56,823 [grpc-default-executor-0] WARN  server.GrpcLogAppender (LogUtils.java:warn(122)) - omNode-2@group-523986131536->omNode-1-AppendLogResponseHandler: Failed appendEntries: org.apache.ratis.thirdparty.io.grpc.StatusRuntimeException: UNAVAILABLE: io exception
2022-08-10 20:40:56,823 [grpc-default-executor-0] INFO  leader.FollowerInfo (FollowerInfoImpl.java:lambda$new$0(48)) - omNode-2@group-523986131536->omNode-1: nextIndex: updateUnconditionally 0 -> 0
2022-08-10 20:40:56,823 [omNode-2@group-523986131536->omNode-1-GrpcLogAppender-LogAppenderDaemon] INFO  server.GrpcLogAppender (GrpcLogAppender.java:installSnapshot(541)) - omNode-2@group-523986131536->omNode-1-GrpcLogAppender: followerNextIndex = 0 but logStartIndex = -1, notify follower to install snapshot-(t:1, i:24)
2022-08-10 20:40:56,825 [omNode-2@group-523986131536->omNode-1-GrpcLogAppender-LogAppenderDaemon] INFO  server.GrpcLogAppender (GrpcLogAppender.java:installSnapshot(549)) - omNode-2@group-523986131536->omNode-1-GrpcLogAppender: send omNode-2->omNode-1#0-t1,notify:(t:1, i:24)
2022-08-10 20:40:56,825 [grpc-default-executor-0] WARN  server.GrpcLogAppender (LogUtils.java:warn(122)) - omNode-2@group-523986131536->omNode-1-InstallSnapshotResponseHandler: Failed InstallSnapshot: org.apache.ratis.thirdparty.io.grpc.StatusRuntimeException: UNAVAILABLE: io exception
2022-08-10 20:40:56,825 [grpc-default-executor-0] INFO  leader.FollowerInfo (FollowerInfoImpl.java:lambda$new$0(48)) - omNode-2@group-523986131536->omNode-1: nextIndex: updateUnconditionally 0 -> 0
2022-08-10 20:40:56,826 [grpc-default-executor-0] WARN  server.GrpcLogAppender (LogUtils.java:warn(122)) - omNode-2@group-523986131536->omNode-1-AppendLogResponseHandler: Failed appendEntries: org.apache.ratis.thirdparty.io.grpc.StatusRuntimeException: UNAVAILABLE: io exception
2022-08-10 20:40:56,827 [grpc-default-executor-0] INFO  leader.FollowerInfo (FollowerInfoImpl.java:lambda$new$0(48)) - omNode-2@group-523986131536->omNode-1: nextIndex: updateUnconditionally 0 -> 0
2022-08-10 20:40:56,827 [omNode-2@group-523986131536->omNode-1-GrpcLogAppender-LogAppenderDaemon] INFO  server.GrpcLogAppender (GrpcLogAppender.java:installSnapshot(541)) - omNode-2@group-523986131536->omNode-1-GrpcLogAppender: followerNextIndex = 0 but logStartIndex = -1, notify follower to install snapshot-(t:1, i:24)
2022-08-10 20:40:56,827 [omNode-2@group-523986131536->omNode-1-GrpcLogAppender-LogAppenderDaemon] INFO  server.GrpcLogAppender (GrpcLogAppender.java:installSnapshot(549)) - omNode-2@group-523986131536->omNode-1-GrpcLogAppender: send omNode-2->omNode-1#0-t1,notify:(t:1, i:24)
2022-08-10 20:40:56,828 [grpc-default-executor-0] WARN  server.GrpcLogAppender (LogUtils.java:warn(122)) - omNode-2@group-523986131536->omNode-1-InstallSnapshotResponseHandler: Failed InstallSnapshot: org.apache.ratis.thirdparty.io.grpc.StatusRuntimeException: UNAVAILABLE: io exception
2022-08-10 20:40:56,828 [grpc-default-executor-0] INFO  leader.FollowerInfo (FollowerInfoImpl.java:lambda$new$0(48)) - omNode-2@group-523986131536->omNode-1: nextIndex: updateUnconditionally 0 -> 0
2022-08-10 20:40:56,828 [omNode-2@group-523986131536->omNode-1-GrpcLogAppender-LogAppenderDaemon] INFO  server.GrpcLogAppender (GrpcLogAppender.java:installSnapshot(541)) - omNode-2@group-523986131536->omNode-1-GrpcLogAppender: followerNextIndex = 0 but logStartIndex = -1, notify follower to install snapshot-(t:1, i:24)
2022-08-10 20:40:56,828 [omNode-2@group-523986131536->omNode-1-GrpcLogAppender-LogAppenderDaemon] INFO  server.GrpcLogAppender (GrpcLogAppender.java:installSnapshot(549)) - omNode-2@group-523986131536->omNode-1-GrpcLogAppender: send omNode-2->omNode-1#0-t1,notify:(t:1, i:24)
2022-08-10 20:40:56,829 [grpc-default-executor-4] WARN  server.GrpcLogAppender (LogUtils.java:warn(122)) - omNode-2@group-523986131536->omNode-1-AppendLogResponseHandler: Failed appendEntries: org.apache.ratis.thirdparty.io.grpc.StatusRuntimeException: UNAVAILABLE: io exception
2022-08-10 20:40:56,829 [grpc-default-executor-7] WARN  server.GrpcLogAppender (LogUtils.java:warn(122)) - omNode-2@group-523986131536->omNode-1-InstallSnapshotResponseHandler: Failed InstallSnapshot: org.apache.ratis.thirdparty.io.grpc.StatusRuntimeException: UNAVAILABLE: io exception
2022-08-10 20:40:56,829 [grpc-default-executor-4] INFO  leader.FollowerInfo (FollowerInfoImpl.java:lambda$new$0(48)) - omNode-2@group-523986131536->omNode-1: nextIndex: updateUnconditionally 0 -> 0
2022-08-10 20:40:56,829 [grpc-default-executor-7] INFO  leader.FollowerInfo (FollowerInfoImpl.java:lambda$new$0(48)) - omNode-2@group-523986131536->omNode-1: nextIndex: updateUnconditionally 0 -> 0
2022-08-10 20:40:56,830 [omNode-2@group-523986131536->omNode-1-GrpcLogAppender-LogAppenderDaemon] INFO  server.GrpcLogAppender (GrpcLogAppender.java:installSnapshot(541)) - omNode-2@group-523986131536->omNode-1-GrpcLogAppender: followerNextIndex = 0 but logStartIndex = -1, notify follower to install snapshot-(t:1, i:24)
2022-08-10 20:40:56,830 [omNode-2@group-523986131536->omNode-1-GrpcLogAppender-LogAppenderDaemon] INFO  server.GrpcLogAppender (GrpcLogAppender.java:installSnapshot(549)) - omNode-2@group-523986131536->omNode-1-GrpcLogAppender: send omNode-2->omNode-1#0-t1,notify:(t:1, i:24)
2022-08-10 20:40:56,830 [grpc-default-executor-0] WARN  server.GrpcLogAppender (LogUtils.java:warn(122)) - omNode-2@group-523986131536->omNode-1-InstallSnapshotResponseHandler: Failed InstallSnapshot: org.apache.ratis.thirdparty.io.grpc.StatusRuntimeException: UNAVAILABLE: io exception
2022-08-10 20:40:56,831 [grpc-default-executor-0] INFO  leader.FollowerInfo (FollowerInfoImpl.java:lambda$new$0(48)) - omNode-2@group-523986131536->omNode-1: nextIndex: updateUnconditionally 0 -> 0
2022-08-10 20:40:56,831 [grpc-default-executor-0] WARN  server.GrpcLogAppender (LogUtils.java:warn(122)) - omNode-2@group-523986131536->omNode-1-AppendLogResponseHandler: Failed appendEntries: org.apache.ratis.thirdparty.io.grpc.StatusRuntimeException: UNAVAILABLE: io exception
2022-08-10 20:40:56,831 [grpc-default-executor-0] INFO  leader.FollowerInfo (FollowerInfoImpl.java:lambda$new$0(48)) - omNode-2@group-523986131536->omNode-1: nextIndex: updateUnconditionally 0 -> 0
2022-08-10 20:40:56,832 [grpc-default-executor-0] WARN  server.GrpcLogAppender (LogUtils.java:warn(122)) - omNode-2@group-523986131536->omNode-1-AppendLogResponseHandler: Failed appendEntries: org.apache.ratis.thirdparty.io.grpc.StatusRuntimeException: UNAVAILABLE: io exception
2022-08-10 20:40:56,832 [omNode-2@group-523986131536->omNode-1-GrpcLogAppender-LogAppenderDaemon] INFO  server.GrpcLogAppender (GrpcLogAppender.java:installSnapshot(541)) - omNode-2@group-523986131536->omNode-1-GrpcLogAppender: followerNextIndex = 0 but logStartIndex = -1, notify follower to install snapshot-(t:1, i:24)
2022-08-10 20:40:56,832 [omNode-2@group-523986131536->omNode-1-GrpcLogAppender-LogAppenderDaemon] INFO  server.GrpcLogAppender (GrpcLogAppender.java:installSnapshot(549)) - omNode-2@group-523986131536->omNode-1-GrpcLogAppender: send omNode-2->omNode-1#0-t1,notify:(t:1, i:24)
2022-08-10 20:40:56,832 [grpc-default-executor-0] INFO  leader.FollowerInfo (FollowerInfoImpl.java:lambda$new$0(48)) - omNode-2@group-523986131536->omNode-1: nextIndex: updateUnconditionally 0 -> 0
2022-08-10 20:40:56,833 [grpc-default-executor-7] WARN  server.GrpcLogAppender (LogUtils.java:warn(122)) - omNode-2@group-523986131536->omNode-1-InstallSnapshotResponseHandler: Failed InstallSnapshot: org.apache.ratis.thirdparty.io.grpc.StatusRuntimeException: UNAVAILABLE: io exception
2022-08-10 20:40:56,834 [grpc-default-executor-7] INFO  leader.FollowerInfo (FollowerInfoImpl.java:lambda$new$0(48)) - omNode-2@group-523986131536->omNode-1: nextIndex: updateUnconditionally 0 -> 0
2022-08-10 20:40:56,835 [grpc-default-executor-7] WARN  server.GrpcLogAppender (LogUtils.java:warn(122)) - omNode-2@group-523986131536->omNode-1-AppendLogResponseHandler: Failed appendEntries: org.apache.ratis.thirdparty.io.grpc.StatusRuntimeException: UNAVAILABLE: io exception
2022-08-10 20:40:56,835 [grpc-default-executor-7] INFO  leader.FollowerInfo (FollowerInfoImpl.java:lambda$new$0(48)) - omNode-2@group-523986131536->omNode-1: nextIndex: updateUnconditionally 0 -> 0
2022-08-10 20:40:56,836 [omNode-2@group-523986131536->omNode-1-GrpcLogAppender-LogAppenderDaemon] INFO  server.GrpcLogAppender (GrpcLogAppender.java:installSnapshot(541)) - omNode-2@group-523986131536->omNode-1-GrpcLogAppender: followerNextIndex = 0 but logStartIndex = -1, notify follower to install snapshot-(t:1, i:24)
2022-08-10 20:40:56,836 [omNode-2@group-523986131536->omNode-1-GrpcLogAppender-LogAppenderDaemon] INFO  server.GrpcLogAppender (GrpcLogAppender.java:installSnapshot(549)) - omNode-2@group-523986131536->omNode-1-GrpcLogAppender: send omNode-2->omNode-1#0-t1,notify:(t:1, i:24)
2022-08-10 20:40:56,836 [grpc-default-executor-7] WARN  server.GrpcLogAppender (LogUtils.java:warn(122)) - omNode-2@group-523986131536->omNode-1-InstallSnapshotResponseHandler: Failed InstallSnapshot: org.apache.ratis.thirdparty.io.grpc.StatusRuntimeException: UNAVAILABLE: io exception
2022-08-10 20:40:56,836 [grpc-default-executor-7] INFO  leader.FollowerInfo (FollowerInfoImpl.java:lambda$new$0(48)) - omNode-2@group-523986131536->omNode-1: nextIndex: updateUnconditionally 0 -> 0
2022-08-10 20:40:56,837 [omNode-2@group-523986131536->omNode-1-GrpcLogAppender-LogAppenderDaemon] INFO  server.GrpcLogAppender (GrpcLogAppender.java:installSnapshot(541)) - omNode-2@group-523986131536->omNode-1-GrpcLogAppender: followerNextIndex = 0 but logStartIndex = -1, notify follower to install snapshot-(t:1, i:24)
2022-08-10 20:40:56,837 [omNode-2@group-523986131536->omNode-1-GrpcLogAppender-LogAppenderDaemon] INFO  server.GrpcLogAppender (GrpcLogAppender.java:installSnapshot(549)) - omNode-2@group-523986131536->omNode-1-GrpcLogAppender: send omNode-2->omNode-1#0-t1,notify:(t:1, i:24)
2022-08-10 20:40:56,838 [grpc-default-executor-4] WARN  server.GrpcLogAppender (LogUtils.java:warn(122)) - omNode-2@group-523986131536->omNode-1-InstallSnapshotResponseHandler: Failed InstallSnapshot: org.apache.ratis.thirdparty.io.grpc.StatusRuntimeException: UNAVAILABLE: io exception
2022-08-10 20:40:56,838 [grpc-default-executor-0] WARN  server.GrpcLogAppender (LogUtils.java:warn(122)) - omNode-2@group-523986131536->omNode-1-AppendLogResponseHandler: Failed appendEntries: org.apache.ratis.thirdparty.io.grpc.StatusRuntimeException: UNAVAILABLE: io exception
2022-08-10 20:40:56,838 [grpc-default-executor-4] INFO  leader.FollowerInfo (FollowerInfoImpl.java:lambda$new$0(48)) - omNode-2@group-523986131536->omNode-1: nextIndex: updateUnconditionally 0 -> 0
2022-08-10 20:40:56,838 [grpc-default-executor-0] INFO  leader.FollowerInfo (FollowerInfoImpl.java:lambda$new$0(48)) - omNode-2@group-523986131536->omNode-1: nextIndex: updateUnconditionally 0 -> 0
2022-08-10 20:40:56,841 [grpc-default-executor-0] WARN  server.GrpcLogAppender (LogUtils.java:warn(122)) - omNode-2@group-523986131536->omNode-1-AppendLogResponseHandler: Failed appendEntries: org.apache.ratis.thirdparty.io.grpc.StatusRuntimeException: UNAVAILABLE: io exception
2022-08-10 20:40:56,842 [grpc-default-executor-0] INFO  leader.FollowerInfo (FollowerInfoImpl.java:lambda$new$0(48)) - omNode-2@group-523986131536->omNode-1: nextIndex: updateUnconditionally 0 -> 0
2022-08-10 20:40:56,842 [omNode-2@group-523986131536->omNode-1-GrpcLogAppender-LogAppenderDaemon] INFO  server.GrpcLogAppender (GrpcLogAppender.java:installSnapshot(541)) - omNode-2@group-523986131536->omNode-1-GrpcLogAppender: followerNextIndex = 0 but logStartIndex = -1, notify follower to install snapshot-(t:1, i:24)
2022-08-10 20:40:56,842 [omNode-2@group-523986131536->omNode-1-GrpcLogAppender-LogAppenderDaemon] INFO  server.GrpcLogAppender (GrpcLogAppender.java:installSnapshot(549)) - omNode-2@group-523986131536->omNode-1-GrpcLogAppender: send omNode-2->omNode-1#0-t1,notify:(t:1, i:24)
2022-08-10 20:40:56,843 [grpc-default-executor-4] WARN  server.GrpcLogAppender (LogUtils.java:warn(122)) - omNode-2@group-523986131536->omNode-1-InstallSnapshotResponseHandler: Failed InstallSnapshot: org.apache.ratis.thirdparty.io.grpc.StatusRuntimeException: UNAVAILABLE: io exception
2022-08-10 20:40:56,844 [grpc-default-executor-4] INFO  leader.FollowerInfo (FollowerInfoImpl.java:lambda$new$0(48)) - omNode-2@group-523986131536->omNode-1: nextIndex: updateUnconditionally 0 -> 0
2022-08-10 20:40:56,844 [omNode-2@group-523986131536->omNode-1-GrpcLogAppender-LogAppenderDaemon] INFO  server.GrpcLogAppender (GrpcLogAppender.java:installSnapshot(541)) - omNode-2@group-523986131536->omNode-1-GrpcLogAppender: followerNextIndex = 0 but logStartIndex = -1, notify follower to install snapshot-(t:1, i:24)
2022-08-10 20:40:56,844 [grpc-default-executor-4] WARN  server.GrpcLogAppender (LogUtils.java:warn(122)) - omNode-2@group-523986131536->omNode-1-AppendLogResponseHandler: Failed appendEntries: org.apache.ratis.thirdparty.io.grpc.StatusRuntimeException: UNAVAILABLE: io exception
2022-08-10 20:40:56,845 [omNode-2@group-523986131536->omNode-1-GrpcLogAppender-LogAppenderDaemon] INFO  server.GrpcLogAppender (GrpcLogAppender.java:installSnapshot(549)) - omNode-2@group-523986131536->omNode-1-GrpcLogAppender: send omNode-2->omNode-1#0-t1,notify:(t:1, i:24)
2022-08-10 20:40:56,845 [grpc-default-executor-0] WARN  server.GrpcLogAppender (LogUtils.java:warn(122)) - omNode-2@group-523986131536->omNode-1-InstallSnapshotResponseHandler: Failed InstallSnapshot: org.apache.ratis.thirdparty.io.grpc.StatusRuntimeException: UNAVAILABLE: io exception
2022-08-10 20:40:56,845 [grpc-default-executor-4] INFO  leader.FollowerInfo (FollowerInfoImpl.java:lambda$new$0(48)) - omNode-2@group-523986131536->omNode-1: nextIndex: updateUnconditionally 0 -> 0
2022-08-10 20:40:56,846 [grpc-default-executor-0] INFO  leader.FollowerInfo (FollowerInfoImpl.java:lambda$new$0(48)) - omNode-2@group-523986131536->omNode-1: nextIndex: updateUnconditionally 0 -> 0
2022-08-10 20:40:56,847 [omNode-2@group-523986131536->omNode-1-GrpcLogAppender-LogAppenderDaemon] INFO  server.GrpcLogAppender (GrpcLogAppender.java:installSnapshot(541)) - omNode-2@group-523986131536->omNode-1-GrpcLogAppender: followerNextIndex = 0 but logStartIndex = -1, notify follower to install snapshot-(t:1, i:24)
2022-08-10 20:40:56,847 [omNode-2@group-523986131536->omNode-1-GrpcLogAppender-LogAppenderDaemon] INFO  server.GrpcLogAppender (GrpcLogAppender.java:installSnapshot(549)) - omNode-2@group-523986131536->omNode-1-GrpcLogAppender: send omNode-2->omNode-1#0-t1,notify:(t:1, i:24)
2022-08-10 20:40:56,847 [grpc-default-executor-4] WARN  server.GrpcLogAppender (LogUtils.java:warn(122)) - omNode-2@group-523986131536->omNode-1-AppendLogResponseHandler: Failed appendEntries: org.apache.ratis.thirdparty.io.grpc.StatusRuntimeException: UNAVAILABLE: io exception
2022-08-10 20:40:56,847 [grpc-default-executor-7] WARN  server.GrpcLogAppender (LogUtils.java:warn(122)) - omNode-2@group-523986131536->omNode-1-InstallSnapshotResponseHandler: Failed InstallSnapshot: org.apache.ratis.thirdparty.io.grpc.StatusRuntimeException: UNAVAILABLE: io exception
2022-08-10 20:40:56,848 [grpc-default-executor-4] INFO  leader.FollowerInfo (FollowerInfoImpl.java:lambda$new$0(48)) - omNode-2@group-523986131536->omNode-1: nextIndex: updateUnconditionally 0 -> 0
2022-08-10 20:40:56,848 [grpc-default-executor-7] INFO  leader.FollowerInfo (FollowerInfoImpl.java:lambda$new$0(48)) - omNode-2@group-523986131536->omNode-1: nextIndex: updateUnconditionally 0 -> 0
2022-08-10 20:40:56,848 [omNode-2@group-523986131536->omNode-1-GrpcLogAppender-LogAppenderDaemon] INFO  server.GrpcLogAppender (GrpcLogAppender.java:installSnapshot(541)) - omNode-2@group-523986131536->omNode-1-GrpcLogAppender: followerNextIndex = 0 but logStartIndex = -1, notify follower to install snapshot-(t:1, i:24)
2022-08-10 20:40:56,848 [omNode-2@group-523986131536->omNode-1-GrpcLogAppender-LogAppenderDaemon] INFO  server.GrpcLogAppender (GrpcLogAppender.java:installSnapshot(549)) - omNode-2@group-523986131536->omNode-1-GrpcLogAppender: send omNode-2->omNode-1#0-t1,notify:(t:1, i:24)
2022-08-10 20:40:56,849 [grpc-default-executor-0] WARN  server.GrpcLogAppender (LogUtils.java:warn(122)) - omNode-2@group-523986131536->omNode-1-AppendLogResponseHandler: Failed appendEntries: org.apache.ratis.thirdparty.io.grpc.StatusRuntimeException: UNAVAILABLE: io exception
2022-08-10 20:40:56,849 [grpc-default-executor-7] WARN  server.GrpcLogAppender (LogUtils.java:warn(122)) - omNode-2@group-523986131536->omNode-1-InstallSnapshotResponseHandler: Failed InstallSnapshot: org.apache.ratis.thirdparty.io.grpc.StatusRuntimeException: UNAVAILABLE: io exception
2022-08-10 20:40:56,849 [grpc-default-executor-0] INFO  leader.FollowerInfo (FollowerInfoImpl.java:lambda$new$0(48)) - omNode-2@group-523986131536->omNode-1: nextIndex: updateUnconditionally 0 -> 0
2022-08-10 20:40:56,849 [grpc-default-executor-7] INFO  leader.FollowerInfo (FollowerInfoImpl.java:lambda$new$0(48)) - omNode-2@group-523986131536->omNode-1: nextIndex: updateUnconditionally 0 -> 0
2022-08-10 20:40:56,850 [omNode-2@group-523986131536->omNode-1-GrpcLogAppender-LogAppenderDaemon] INFO  server.GrpcLogAppender (GrpcLogAppender.java:installSnapshot(541)) - omNode-2@group-523986131536->omNode-1-GrpcLogAppender: followerNextIndex = 0 but logStartIndex = -1, notify follower to install snapshot-(t:1, i:24)
2022-08-10 20:40:56,850 [omNode-2@group-523986131536->omNode-1-GrpcLogAppender-LogAppenderDaemon] INFO  server.GrpcLogAppender (GrpcLogAppender.java:installSnapshot(549)) - omNode-2@group-523986131536->omNode-1-GrpcLogAppender: send omNode-2->omNode-1#0-t1,notify:(t:1, i:24)
2022-08-10 20:40:56,850 [grpc-default-executor-4] WARN  server.GrpcLogAppender (LogUtils.java:warn(122)) - omNode-2@group-523986131536->omNode-1-AppendLogResponseHandler: Failed appendEntries: org.apache.ratis.thirdparty.io.grpc.StatusRuntimeException: UNAVAILABLE: io exception
2022-08-10 20:40:56,850 [grpc-default-executor-3] WARN  server.GrpcLogAppender (LogUtils.java:warn(122)) - omNode-2@group-523986131536->omNode-1-InstallSnapshotResponseHandler: Failed InstallSnapshot: org.apache.ratis.thirdparty.io.grpc.StatusRuntimeException: UNAVAILABLE: io exception
2022-08-10 20:40:56,851 [grpc-default-executor-4] INFO  leader.FollowerInfo (FollowerInfoImpl.java:lambda$new$0(48)) - omNode-2@group-523986131536->omNode-1: nextIndex: updateUnconditionally 0 -> 0
2022-08-10 20:40:56,851 [grpc-default-executor-3] INFO  leader.FollowerInfo (FollowerInfoImpl.java:lambda$new$0(48)) - omNode-2@group-523986131536->omNode-1: nextIndex: updateUnconditionally 0 -> 0
2022-08-10 20:40:56,851 [omNode-2@group-523986131536->omNode-1-GrpcLogAppender-LogAppenderDaemon] INFO  server.GrpcLogAppender (GrpcLogAppender.java:installSnapshot(541)) - omNode-2@group-523986131536->omNode-1-GrpcLogAppender: followerNextIndex = 0 but logStartIndex = -1, notify follower to install snapshot-(t:1, i:24)
2022-08-10 20:40:56,851 [omNode-2@group-523986131536->omNode-1-GrpcLogAppender-LogAppenderDaemon] INFO  server.GrpcLogAppender (GrpcLogAppender.java:installSnapshot(549)) - omNode-2@group-523986131536->omNode-1-GrpcLogAppender: send omNode-2->omNode-1#0-t1,notify:(t:1, i:24)
2022-08-10 20:40:56,852 [grpc-default-executor-4] WARN  server.GrpcLogAppender (LogUtils.java:warn(122)) - omNode-2@group-523986131536->omNode-1-AppendLogResponseHandler: Failed appendEntries: org.apache.ratis.thirdparty.io.grpc.StatusRuntimeException: UNAVAILABLE: io exception
2022-08-10 20:40:56,852 [grpc-default-executor-0] WARN  server.GrpcLogAppender (LogUtils.java:warn(122)) - omNode-2@group-523986131536->omNode-1-InstallSnapshotResponseHandler: Failed InstallSnapshot: org.apache.ratis.thirdparty.io.grpc.StatusRuntimeException: UNAVAILABLE: io exception
2022-08-10 20:40:56,852 [grpc-default-executor-4] INFO  leader.FollowerInfo (FollowerInfoImpl.java:lambda$new$0(48)) - omNode-2@group-523986131536->omNode-1: nextIndex: updateUnconditionally 0 -> 0
2022-08-10 20:40:56,853 [grpc-default-executor-0] INFO  leader.FollowerInfo (FollowerInfoImpl.java:lambda$new$0(48)) - omNode-2@group-523986131536->omNode-1: nextIndex: updateUnconditionally 0 -> 0
2022-08-10 20:40:56,853 [omNode-2@group-523986131536->omNode-1-GrpcLogAppender-LogAppenderDaemon] INFO  server.GrpcLogAppender (GrpcLogAppender.java:installSnapshot(541)) - omNode-2@group-523986131536->omNode-1-GrpcLogAppender: followerNextIndex = 0 but logStartIndex = -1, notify follower to install snapshot-(t:1, i:24)
2022-08-10 20:40:56,853 [omNode-2@group-523986131536->omNode-1-GrpcLogAppender-LogAppenderDaemon] INFO  server.GrpcLogAppender (GrpcLogAppender.java:installSnapshot(549)) - omNode-2@group-523986131536->omNode-1-GrpcLogAppender: send omNode-2->omNode-1#0-t1,notify:(t:1, i:24)
2022-08-10 20:40:56,853 [grpc-default-executor-4] WARN  server.GrpcLogAppender (LogUtils.java:warn(122)) - omNode-2@group-523986131536->omNode-1-AppendLogResponseHandler: Failed appendEntries: org.apache.ratis.thirdparty.io.grpc.StatusRuntimeException: UNAVAILABLE: io exception
2022-08-10 20:40:56,853 [grpc-default-executor-3] WARN  server.GrpcLogAppender (LogUtils.java:warn(122)) - omNode-2@group-523986131536->omNode-1-InstallSnapshotResponseHandler: Failed InstallSnapshot: org.apache.ratis.thirdparty.io.grpc.StatusRuntimeException: UNAVAILABLE: io exception
2022-08-10 20:40:56,854 [grpc-default-executor-4] INFO  leader.FollowerInfo (FollowerInfoImpl.java:lambda$new$0(48)) - omNode-2@group-523986131536->omNode-1: nextIndex: updateUnconditionally 0 -> 0
2022-08-10 20:40:56,859 [grpc-default-executor-3] INFO  leader.FollowerInfo (FollowerInfoImpl.java:lambda$new$0(48)) - omNode-2@group-523986131536->omNode-1: nextIndex: updateUnconditionally 0 -> 0
2022-08-10 20:40:56,859 [omNode-2@group-523986131536->omNode-1-GrpcLogAppender-LogAppenderDaemon] INFO  server.GrpcLogAppender (GrpcLogAppender.java:installSnapshot(541)) - omNode-2@group-523986131536->omNode-1-GrpcLogAppender: followerNextIndex = 0 but logStartIndex = -1, notify follower to install snapshot-(t:1, i:24)
2022-08-10 20:40:56,859 [omNode-2@group-523986131536->omNode-1-GrpcLogAppender-LogAppenderDaemon] INFO  server.GrpcLogAppender (GrpcLogAppender.java:installSnapshot(549)) - omNode-2@group-523986131536->omNode-1-GrpcLogAppender: send omNode-2->omNode-1#0-t1,notify:(t:1, i:24)
2022-08-10 20:40:56,860 [grpc-default-executor-0] WARN  server.GrpcLogAppender (LogUtils.java:warn(122)) - omNode-2@group-523986131536->omNode-1-InstallSnapshotResponseHandler: Failed InstallSnapshot: org.apache.ratis.thirdparty.io.grpc.StatusRuntimeException: UNAVAILABLE: io exception
2022-08-10 20:40:56,860 [grpc-default-executor-4] WARN  server.GrpcLogAppender (LogUtils.java:warn(122)) - omNode-2@group-523986131536->omNode-1-AppendLogResponseHandler: Failed appendEntries: org.apache.ratis.thirdparty.io.grpc.StatusRuntimeException: UNAVAILABLE: io exception
2022-08-10 20:40:56,861 [grpc-default-executor-0] INFO  leader.FollowerInfo (FollowerInfoImpl.java:lambda$new$0(48)) - omNode-2@group-523986131536->omNode-1: nextIndex: updateUnconditionally 0 -> 0
2022-08-10 20:40:56,861 [grpc-default-executor-4] INFO  leader.FollowerInfo (FollowerInfoImpl.java:lambda$new$0(48)) - omNode-2@group-523986131536->omNode-1: nextIndex: updateUnconditionally 0 -> 0
2022-08-10 20:40:56,862 [omNode-2@group-523986131536->omNode-1-GrpcLogAppender-LogAppenderDaemon] INFO  server.GrpcLogAppender (GrpcLogAppender.java:installSnapshot(541)) - omNode-2@group-523986131536->omNode-1-GrpcLogAppender: followerNextIndex = 0 but logStartIndex = -1, notify follower to install snapshot-(t:1, i:24)
2022-08-10 20:40:56,862 [omNode-2@group-523986131536->omNode-1-GrpcLogAppender-LogAppenderDaemon] INFO  server.GrpcLogAppender (GrpcLogAppender.java:installSnapshot(549)) - omNode-2@group-523986131536->omNode-1-GrpcLogAppender: send omNode-2->omNode-1#0-t1,notify:(t:1, i:24)
2022-08-10 20:40:56,862 [grpc-default-executor-3] WARN  server.GrpcLogAppender (LogUtils.java:warn(122)) - omNode-2@group-523986131536->omNode-1-AppendLogResponseHandler: Failed appendEntries: org.apache.ratis.thirdparty.io.grpc.StatusRuntimeException: UNAVAILABLE: io exception
2022-08-10 20:40:56,863 [grpc-default-executor-3] INFO  leader.FollowerInfo (FollowerInfoImpl.java:lambda$new$0(48)) - omNode-2@group-523986131536->omNode-1: nextIndex: updateUnconditionally 0 -> 0
2022-08-10 20:40:56,863 [grpc-default-executor-4] WARN  server.GrpcLogAppender (LogUtils.java:warn(122)) - omNode-2@group-523986131536->omNode-1-InstallSnapshotResponseHandler: Failed InstallSnapshot: org.apache.ratis.thirdparty.io.grpc.StatusRuntimeException: UNAVAILABLE: io exception
2022-08-10 20:40:56,863 [grpc-default-executor-4] INFO  leader.FollowerInfo (FollowerInfoImpl.java:lambda$new$0(48)) - omNode-2@group-523986131536->omNode-1: nextIndex: updateUnconditionally 0 -> 0
2022-08-10 20:40:56,863 [omNode-2@group-523986131536->omNode-1-GrpcLogAppender-LogAppenderDaemon] INFO  server.GrpcLogAppender (GrpcLogAppender.java:installSnapshot(541)) - omNode-2@group-523986131536->omNode-1-GrpcLogAppender: followerNextIndex = 0 but logStartIndex = -1, notify follower to install snapshot-(t:1, i:24)
2022-08-10 20:40:56,863 [omNode-2@group-523986131536->omNode-1-GrpcLogAppender-LogAppenderDaemon] INFO  server.GrpcLogAppender (GrpcLogAppender.java:installSnapshot(549)) - omNode-2@group-523986131536->omNode-1-GrpcLogAppender: send omNode-2->omNode-1#0-t1,notify:(t:1, i:24)
2022-08-10 20:40:56,863 [grpc-default-executor-0] WARN  server.GrpcLogAppender (LogUtils.java:warn(122)) - omNode-2@group-523986131536->omNode-1-AppendLogResponseHandler: Failed appendEntries: org.apache.ratis.thirdparty.io.grpc.StatusRuntimeException: UNAVAILABLE: io exception
2022-08-10 20:40:56,863 [grpc-default-executor-4] WARN  server.GrpcLogAppender (LogUtils.java:warn(122)) - omNode-2@group-523986131536->omNode-1-InstallSnapshotResponseHandler: Failed InstallSnapshot: org.apache.ratis.thirdparty.io.grpc.StatusRuntimeException: UNAVAILABLE: io exception
2022-08-10 20:40:56,864 [grpc-default-executor-0] INFO  leader.FollowerInfo (FollowerInfoImpl.java:lambda$new$0(48)) - omNode-2@group-523986131536->omNode-1: nextIndex: updateUnconditionally 0 -> 0
2022-08-10 20:40:56,864 [grpc-default-executor-4] INFO  leader.FollowerInfo (FollowerInfoImpl.java:lambda$new$0(48)) - omNode-2@group-523986131536->omNode-1: nextIndex: updateUnconditionally 0 -> 0
2022-08-10 20:40:56,864 [omNode-2@group-523986131536->omNode-1-GrpcLogAppender-LogAppenderDaemon] INFO  server.GrpcLogAppender (GrpcLogAppender.java:installSnapshot(541)) - omNode-2@group-523986131536->omNode-1-GrpcLogAppender: followerNextIndex = 0 but logStartIndex = -1, notify follower to install snapshot-(t:1, i:24)
2022-08-10 20:40:56,864 [omNode-2@group-523986131536->omNode-1-GrpcLogAppender-LogAppenderDaemon] INFO  server.GrpcLogAppender (GrpcLogAppender.java:installSnapshot(549)) - omNode-2@group-523986131536->omNode-1-GrpcLogAppender: send omNode-2->omNode-1#0-t1,notify:(t:1, i:24)
2022-08-10 20:40:56,865 [grpc-default-executor-3] WARN  server.GrpcLogAppender (LogUtils.java:warn(122)) - omNode-2@group-523986131536->omNode-1-AppendLogResponseHandler: Failed appendEntries: org.apache.ratis.thirdparty.io.grpc.StatusRuntimeException: UNAVAILABLE: io exception
2022-08-10 20:40:56,865 [grpc-default-executor-3] INFO  leader.FollowerInfo (FollowerInfoImpl.java:lambda$new$0(48)) - omNode-2@group-523986131536->omNode-1: nextIndex: updateUnconditionally 0 -> 0
2022-08-10 20:40:56,865 [grpc-default-executor-4] WARN  server.GrpcLogAppender (LogUtils.java:warn(122)) - omNode-2@group-523986131536->omNode-1-InstallSnapshotResponseHandler: Failed InstallSnapshot: org.apache.ratis.thirdparty.io.grpc.StatusRuntimeException: UNAVAILABLE: io exception
2022-08-10 20:40:56,865 [grpc-default-executor-4] INFO  leader.FollowerInfo (FollowerInfoImpl.java:lambda$new$0(48)) - omNode-2@group-523986131536->omNode-1: nextIndex: updateUnconditionally 0 -> 0
2022-08-10 20:40:56,865 [omNode-2@group-523986131536->omNode-1-GrpcLogAppender-LogAppenderDaemon] INFO  server.GrpcLogAppender (GrpcLogAppender.java:installSnapshot(541)) - omNode-2@group-523986131536->omNode-1-GrpcLogAppender: followerNextIndex = 0 but logStartIndex = -1, notify follower to install snapshot-(t:1, i:24)
2022-08-10 20:40:56,865 [omNode-2@group-523986131536->omNode-1-GrpcLogAppender-LogAppenderDaemon] INFO  server.GrpcLogAppender (GrpcLogAppender.java:installSnapshot(549)) - omNode-2@group-523986131536->omNode-1-GrpcLogAppender: send omNode-2->omNode-1#0-t1,notify:(t:1, i:24)
2022-08-10 20:40:56,866 [grpc-default-executor-0] WARN  server.GrpcLogAppender (LogUtils.java:warn(122)) - omNode-2@group-523986131536->omNode-1-AppendLogResponseHandler: Failed appendEntries: org.apache.ratis.thirdparty.io.grpc.StatusRuntimeException: UNAVAILABLE: io exception
2022-08-10 20:40:56,866 [grpc-default-executor-4] WARN  server.GrpcLogAppender (LogUtils.java:warn(122)) - omNode-2@group-523986131536->omNode-1-InstallSnapshotResponseHandler: Failed InstallSnapshot: org.apache.ratis.thirdparty.io.grpc.StatusRuntimeException: UNAVAILABLE: io exception
2022-08-10 20:40:56,866 [grpc-default-executor-0] INFO  leader.FollowerInfo (FollowerInfoImpl.java:lambda$new$0(48)) - omNode-2@group-523986131536->omNode-1: nextIndex: updateUnconditionally 0 -> 0
2022-08-10 20:40:56,866 [grpc-default-executor-4] INFO  leader.FollowerInfo (FollowerInfoImpl.java:lambda$new$0(48)) - omNode-2@group-523986131536->omNode-1: nextIndex: updateUnconditionally 0 -> 0
2022-08-10 20:40:56,866 [omNode-2@group-523986131536->omNode-1-GrpcLogAppender-LogAppenderDaemon] INFO  server.GrpcLogAppender (GrpcLogAppender.java:installSnapshot(541)) - omNode-2@group-523986131536->omNode-1-GrpcLogAppender: followerNextIndex = 0 but logStartIndex = -1, notify follower to install snapshot-(t:1, i:24)
2022-08-10 20:40:56,866 [omNode-2@group-523986131536->omNode-1-GrpcLogAppender-LogAppenderDaemon] INFO  server.GrpcLogAppender (GrpcLogAppender.java:installSnapshot(549)) - omNode-2@group-523986131536->omNode-1-GrpcLogAppender: send omNode-2->omNode-1#0-t1,notify:(t:1, i:24)
2022-08-10 20:40:56,867 [grpc-default-executor-3] WARN  server.GrpcLogAppender (LogUtils.java:warn(122)) - omNode-2@group-523986131536->omNode-1-AppendLogResponseHandler: Failed appendEntries: org.apache.ratis.thirdparty.io.grpc.StatusRuntimeException: UNAVAILABLE: io exception
2022-08-10 20:40:56,867 [grpc-default-executor-3] INFO  leader.FollowerInfo (FollowerInfoImpl.java:lambda$new$0(48)) - omNode-2@group-523986131536->omNode-1: nextIndex: updateUnconditionally 0 -> 0
2022-08-10 20:40:56,867 [grpc-default-executor-4] WARN  server.GrpcLogAppender (LogUtils.java:warn(122)) - omNode-2@group-523986131536->omNode-1-InstallSnapshotResponseHandler: Failed InstallSnapshot: org.apache.ratis.thirdparty.io.grpc.StatusRuntimeException: UNAVAILABLE: io exception
2022-08-10 20:40:56,867 [grpc-default-executor-4] INFO  leader.FollowerInfo (FollowerInfoImpl.java:lambda$new$0(48)) - omNode-2@group-523986131536->omNode-1: nextIndex: updateUnconditionally 0 -> 0
2022-08-10 20:40:56,867 [omNode-2@group-523986131536->omNode-1-GrpcLogAppender-LogAppenderDaemon] INFO  server.GrpcLogAppender (GrpcLogAppender.java:installSnapshot(541)) - omNode-2@group-523986131536->omNode-1-GrpcLogAppender: followerNextIndex = 0 but logStartIndex = -1, notify follower to install snapshot-(t:1, i:24)
2022-08-10 20:40:56,868 [omNode-2@group-523986131536->omNode-1-GrpcLogAppender-LogAppenderDaemon] INFO  server.GrpcLogAppender (GrpcLogAppender.java:installSnapshot(549)) - omNode-2@group-523986131536->omNode-1-GrpcLogAppender: send omNode-2->omNode-1#0-t1,notify:(t:1, i:24)
2022-08-10 20:40:56,870 [grpc-default-executor-3] WARN  server.GrpcLogAppender (LogUtils.java:warn(122)) - omNode-2@group-523986131536->omNode-1-AppendLogResponseHandler: Failed appendEntries: org.apache.ratis.thirdparty.io.grpc.StatusRuntimeException: UNAVAILABLE: io exception
2022-08-10 20:40:56,870 [grpc-default-executor-0] WARN  server.GrpcLogAppender (LogUtils.java:warn(122)) - omNode-2@group-523986131536->omNode-1-InstallSnapshotResponseHandler: Failed InstallSnapshot: org.apache.ratis.thirdparty.io.grpc.StatusRuntimeException: UNAVAILABLE: io exception
2022-08-10 20:40:56,870 [grpc-default-executor-3] INFO  leader.FollowerInfo (FollowerInfoImpl.java:lambda$new$0(48)) - omNode-2@group-523986131536->omNode-1: nextIndex: updateUnconditionally 0 -> 0
2022-08-10 20:40:56,870 [grpc-default-executor-0] INFO  leader.FollowerInfo (FollowerInfoImpl.java:lambda$new$0(48)) - omNode-2@group-523986131536->omNode-1: nextIndex: updateUnconditionally 0 -> 0
2022-08-10 20:40:56,871 [omNode-2@group-523986131536->omNode-1-GrpcLogAppender-LogAppenderDaemon] INFO  server.GrpcLogAppender (GrpcLogAppender.java:installSnapshot(541)) - omNode-2@group-523986131536->omNode-1-GrpcLogAppender: followerNextIndex = 0 but logStartIndex = -1, notify follower to install snapshot-(t:1, i:24)
2022-08-10 20:40:56,871 [omNode-2@group-523986131536->omNode-1-GrpcLogAppender-LogAppenderDaemon] INFO  server.GrpcLogAppender (GrpcLogAppender.java:installSnapshot(549)) - omNode-2@group-523986131536->omNode-1-GrpcLogAppender: send omNode-2->omNode-1#0-t1,notify:(t:1, i:24)
2022-08-10 20:40:56,871 [grpc-default-executor-0] WARN  server.GrpcLogAppender (LogUtils.java:warn(122)) - omNode-2@group-523986131536->omNode-1-InstallSnapshotResponseHandler: Failed InstallSnapshot: org.apache.ratis.thirdparty.io.grpc.StatusRuntimeException: UNAVAILABLE: io exception
2022-08-10 20:40:56,871 [grpc-default-executor-3] WARN  server.GrpcLogAppender (LogUtils.java:warn(122)) - omNode-2@group-523986131536->omNode-1-AppendLogResponseHandler: Failed appendEntries: org.apache.ratis.thirdparty.io.grpc.StatusRuntimeException: UNAVAILABLE: io exception
2022-08-10 20:40:56,871 [grpc-default-executor-0] INFO  leader.FollowerInfo (FollowerInfoImpl.java:lambda$new$0(48)) - omNode-2@group-523986131536->omNode-1: nextIndex: updateUnconditionally 0 -> 0
2022-08-10 20:40:56,871 [grpc-default-executor-3] INFO  leader.FollowerInfo (FollowerInfoImpl.java:lambda$new$0(48)) - omNode-2@group-523986131536->omNode-1: nextIndex: updateUnconditionally 0 -> 0
2022-08-10 20:40:56,872 [omNode-2@group-523986131536->omNode-1-GrpcLogAppender-LogAppenderDaemon] INFO  server.GrpcLogAppender (GrpcLogAppender.java:installSnapshot(541)) - omNode-2@group-523986131536->omNode-1-GrpcLogAppender: followerNextIndex = 0 but logStartIndex = -1, notify follower to install snapshot-(t:1, i:24)
2022-08-10 20:40:56,872 [omNode-2@group-523986131536->omNode-1-GrpcLogAppender-LogAppenderDaemon] INFO  server.GrpcLogAppender (GrpcLogAppender.java:installSnapshot(549)) - omNode-2@group-523986131536->omNode-1-GrpcLogAppender: send omNode-2->omNode-1#0-t1,notify:(t:1, i:24)
2022-08-10 20:40:56,872 [grpc-default-executor-4] WARN  server.GrpcLogAppender (LogUtils.java:warn(122)) - omNode-2@group-523986131536->omNode-1-AppendLogResponseHandler: Failed appendEntries: org.apache.ratis.thirdparty.io.grpc.StatusRuntimeException: UNAVAILABLE: io exception
2022-08-10 20:40:56,873 [grpc-default-executor-4] INFO  leader.FollowerInfo (FollowerInfoImpl.java:lambda$new$0(48)) - omNode-2@group-523986131536->omNode-1: nextIndex: updateUnconditionally 0 -> 0
2022-08-10 20:40:56,873 [grpc-default-executor-3] WARN  server.GrpcLogAppender (LogUtils.java:warn(122)) - omNode-2@group-523986131536->omNode-1-InstallSnapshotResponseHandler: Failed InstallSnapshot: org.apache.ratis.thirdparty.io.grpc.StatusRuntimeException: UNAVAILABLE: io exception
2022-08-10 20:40:56,873 [grpc-default-executor-3] INFO  leader.FollowerInfo (FollowerInfoImpl.java:lambda$new$0(48)) - omNode-2@group-523986131536->omNode-1: nextIndex: updateUnconditionally 0 -> 0
2022-08-10 20:40:56,873 [omNode-2@group-523986131536->omNode-1-GrpcLogAppender-LogAppenderDaemon] INFO  server.GrpcLogAppender (GrpcLogAppender.java:installSnapshot(541)) - omNode-2@group-523986131536->omNode-1-GrpcLogAppender: followerNextIndex = 0 but logStartIndex = -1, notify follower to install snapshot-(t:1, i:24)
2022-08-10 20:40:56,873 [omNode-2@group-523986131536->omNode-1-GrpcLogAppender-LogAppenderDaemon] INFO  server.GrpcLogAppender (GrpcLogAppender.java:installSnapshot(549)) - omNode-2@group-523986131536->omNode-1-GrpcLogAppender: send omNode-2->omNode-1#0-t1,notify:(t:1, i:24)
2022-08-10 20:40:56,874 [grpc-default-executor-0] WARN  server.GrpcLogAppender (LogUtils.java:warn(122)) - omNode-2@group-523986131536->omNode-1-AppendLogResponseHandler: Failed appendEntries: org.apache.ratis.thirdparty.io.grpc.StatusRuntimeException: UNAVAILABLE: io exception
2022-08-10 20:40:56,874 [grpc-default-executor-3] WARN  server.GrpcLogAppender (LogUtils.java:warn(122)) - omNode-2@group-523986131536->omNode-1-InstallSnapshotResponseHandler: Failed InstallSnapshot: org.apache.ratis.thirdparty.io.grpc.StatusRuntimeException: UNAVAILABLE: io exception
2022-08-10 20:40:56,875 [grpc-default-executor-0] INFO  leader.FollowerInfo (FollowerInfoImpl.java:lambda$new$0(48)) - omNode-2@group-523986131536->omNode-1: nextIndex: updateUnconditionally 0 -> 0
2022-08-10 20:40:56,875 [grpc-default-executor-3] INFO  leader.FollowerInfo (FollowerInfoImpl.java:lambda$new$0(48)) - omNode-2@group-523986131536->omNode-1: nextIndex: updateUnconditionally 0 -> 0
2022-08-10 20:40:56,875 [omNode-2@group-523986131536->omNode-1-GrpcLogAppender-LogAppenderDaemon] INFO  server.GrpcLogAppender (GrpcLogAppender.java:installSnapshot(541)) - omNode-2@group-523986131536->omNode-1-GrpcLogAppender: followerNextIndex = 0 but logStartIndex = -1, notify follower to install snapshot-(t:1, i:24)
2022-08-10 20:40:56,875 [omNode-2@group-523986131536->omNode-1-GrpcLogAppender-LogAppenderDaemon] INFO  server.GrpcLogAppender (GrpcLogAppender.java:installSnapshot(549)) - omNode-2@group-523986131536->omNode-1-GrpcLogAppender: send omNode-2->omNode-1#0-t1,notify:(t:1, i:24)
2022-08-10 20:40:56,876 [grpc-default-executor-0] WARN  server.GrpcLogAppender (LogUtils.java:warn(122)) - omNode-2@group-523986131536->omNode-1-AppendLogResponseHandler: Failed appendEntries: org.apache.ratis.thirdparty.io.grpc.StatusRuntimeException: UNAVAILABLE: io exception
2022-08-10 20:40:56,876 [grpc-default-executor-4] WARN  server.GrpcLogAppender (LogUtils.java:warn(122)) - omNode-2@group-523986131536->omNode-1-InstallSnapshotResponseHandler: Failed InstallSnapshot: org.apache.ratis.thirdparty.io.grpc.StatusRuntimeException: UNAVAILABLE: io exception
2022-08-10 20:40:56,876 [grpc-default-executor-0] INFO  leader.FollowerInfo (FollowerInfoImpl.java:lambda$new$0(48)) - omNode-2@group-523986131536->omNode-1: nextIndex: updateUnconditionally 0 -> 0
2022-08-10 20:40:56,876 [grpc-default-executor-4] INFO  leader.FollowerInfo (FollowerInfoImpl.java:lambda$new$0(48)) - omNode-2@group-523986131536->omNode-1: nextIndex: updateUnconditionally 0 -> 0
2022-08-10 20:40:56,876 [omNode-2@group-523986131536->omNode-1-GrpcLogAppender-LogAppenderDaemon] INFO  server.GrpcLogAppender (GrpcLogAppender.java:installSnapshot(541)) - omNode-2@group-523986131536->omNode-1-GrpcLogAppender: followerNextIndex = 0 but logStartIndex = -1, notify follower to install snapshot-(t:1, i:24)
2022-08-10 20:40:56,876 [omNode-2@group-523986131536->omNode-1-GrpcLogAppender-LogAppenderDaemon] INFO  server.GrpcLogAppender (GrpcLogAppender.java:installSnapshot(549)) - omNode-2@group-523986131536->omNode-1-GrpcLogAppender: send omNode-2->omNode-1#0-t1,notify:(t:1, i:24)
2022-08-10 20:40:56,877 [grpc-default-executor-3] WARN  server.GrpcLogAppender (LogUtils.java:warn(122)) - omNode-2@group-523986131536->omNode-1-AppendLogResponseHandler: Failed appendEntries: org.apache.ratis.thirdparty.io.grpc.StatusRuntimeException: UNAVAILABLE: io exception
2022-08-10 20:40:56,877 [grpc-default-executor-3] INFO  leader.FollowerInfo (FollowerInfoImpl.java:lambda$new$0(48)) - omNode-2@group-523986131536->omNode-1: nextIndex: updateUnconditionally 0 -> 0
2022-08-10 20:40:56,877 [grpc-default-executor-7] WARN  server.GrpcLogAppender (LogUtils.java:warn(122)) - omNode-2@group-523986131536->omNode-1-InstallSnapshotResponseHandler: Failed InstallSnapshot: org.apache.ratis.thirdparty.io.grpc.StatusRuntimeException: UNAVAILABLE: io exception
2022-08-10 20:40:56,877 [grpc-default-executor-7] INFO  leader.FollowerInfo (FollowerInfoImpl.java:lambda$new$0(48)) - omNode-2@group-523986131536->omNode-1: nextIndex: updateUnconditionally 0 -> 0
2022-08-10 20:40:56,878 [omNode-2@group-523986131536->omNode-1-GrpcLogAppender-LogAppenderDaemon] INFO  server.GrpcLogAppender (GrpcLogAppender.java:installSnapshot(541)) - omNode-2@group-523986131536->omNode-1-GrpcLogAppender: followerNextIndex = 0 but logStartIndex = -1, notify follower to install snapshot-(t:1, i:24)
2022-08-10 20:40:56,878 [omNode-2@group-523986131536->omNode-1-GrpcLogAppender-LogAppenderDaemon] INFO  server.GrpcLogAppender (GrpcLogAppender.java:installSnapshot(549)) - omNode-2@group-523986131536->omNode-1-GrpcLogAppender: send omNode-2->omNode-1#0-t1,notify:(t:1, i:24)
2022-08-10 20:40:56,881 [grpc-default-executor-0] WARN  server.GrpcLogAppender (LogUtils.java:warn(122)) - omNode-2@group-523986131536->omNode-1-AppendLogResponseHandler: Failed appendEntries: org.apache.ratis.thirdparty.io.grpc.StatusRuntimeException: UNAVAILABLE: io exception
2022-08-10 20:40:56,881 [grpc-default-executor-7] WARN  server.GrpcLogAppender (LogUtils.java:warn(122)) - omNode-2@group-523986131536->omNode-1-InstallSnapshotResponseHandler: Failed InstallSnapshot: org.apache.ratis.thirdparty.io.grpc.StatusRuntimeException: UNAVAILABLE: io exception
2022-08-10 20:40:56,882 [grpc-default-executor-0] INFO  leader.FollowerInfo (FollowerInfoImpl.java:lambda$new$0(48)) - omNode-2@group-523986131536->omNode-1: nextIndex: updateUnconditionally 0 -> 0
2022-08-10 20:40:56,882 [grpc-default-executor-7] INFO  leader.FollowerInfo (FollowerInfoImpl.java:lambda$new$0(48)) - omNode-2@group-523986131536->omNode-1: nextIndex: updateUnconditionally 0 -> 0
2022-08-10 20:40:56,882 [omNode-2@group-523986131536->omNode-1-GrpcLogAppender-LogAppenderDaemon] INFO  server.GrpcLogAppender (GrpcLogAppender.java:installSnapshot(541)) - omNode-2@group-523986131536->omNode-1-GrpcLogAppender: followerNextIndex = 0 but logStartIndex = -1, notify follower to install snapshot-(t:1, i:24)
2022-08-10 20:40:56,882 [omNode-2@group-523986131536->omNode-1-GrpcLogAppender-LogAppenderDaemon] INFO  server.GrpcLogAppender (GrpcLogAppender.java:installSnapshot(549)) - omNode-2@group-523986131536->omNode-1-GrpcLogAppender: send omNode-2->omNode-1#0-t1,notify:(t:1, i:24)
2022-08-10 20:40:56,883 [grpc-default-executor-3] WARN  server.GrpcLogAppender (LogUtils.java:warn(122)) - omNode-2@group-523986131536->omNode-1-InstallSnapshotResponseHandler: Failed InstallSnapshot: org.apache.ratis.thirdparty.io.grpc.StatusRuntimeException: UNAVAILABLE: io exception
2022-08-10 20:40:56,883 [grpc-default-executor-0] WARN  server.GrpcLogAppender (LogUtils.java:warn(122)) - omNode-2@group-523986131536->omNode-1-AppendLogResponseHandler: Failed appendEntries: org.apache.ratis.thirdparty.io.grpc.StatusRuntimeException: UNAVAILABLE: io exception
2022-08-10 20:40:56,883 [grpc-default-executor-3] INFO  leader.FollowerInfo (FollowerInfoImpl.java:lambda$new$0(48)) - omNode-2@group-523986131536->omNode-1: nextIndex: updateUnconditionally 0 -> 0
2022-08-10 20:40:56,883 [grpc-default-executor-0] INFO  leader.FollowerInfo (FollowerInfoImpl.java:lambda$new$0(48)) - omNode-2@group-523986131536->omNode-1: nextIndex: updateUnconditionally 0 -> 0
2022-08-10 20:40:56,883 [omNode-2@group-523986131536->omNode-1-GrpcLogAppender-LogAppenderDaemon] INFO  server.GrpcLogAppender (GrpcLogAppender.java:installSnapshot(541)) - omNode-2@group-523986131536->omNode-1-GrpcLogAppender: followerNextIndex = 0 but logStartIndex = -1, notify follower to install snapshot-(t:1, i:24)
2022-08-10 20:40:56,884 [omNode-2@group-523986131536->omNode-1-GrpcLogAppender-LogAppenderDaemon] INFO  server.GrpcLogAppender (GrpcLogAppender.java:installSnapshot(549)) - omNode-2@group-523986131536->omNode-1-GrpcLogAppender: send omNode-2->omNode-1#0-t1,notify:(t:1, i:24)
2022-08-10 20:40:56,884 [grpc-default-executor-3] WARN  server.GrpcLogAppender (LogUtils.java:warn(122)) - omNode-2@group-523986131536->omNode-1-AppendLogResponseHandler: Failed appendEntries: org.apache.ratis.thirdparty.io.grpc.StatusRuntimeException: UNAVAILABLE: io exception
2022-08-10 20:40:56,884 [grpc-default-executor-3] INFO  leader.FollowerInfo (FollowerInfoImpl.java:lambda$new$0(48)) - omNode-2@group-523986131536->omNode-1: nextIndex: updateUnconditionally 0 -> 0
2022-08-10 20:40:56,886 [grpc-default-executor-0] WARN  server.GrpcLogAppender (LogUtils.java:warn(122)) - omNode-2@group-523986131536->omNode-1-InstallSnapshotResponseHandler: Failed InstallSnapshot: org.apache.ratis.thirdparty.io.grpc.StatusRuntimeException: UNAVAILABLE: io exception
2022-08-10 20:40:56,886 [grpc-default-executor-0] INFO  leader.FollowerInfo (FollowerInfoImpl.java:lambda$new$0(48)) - omNode-2@group-523986131536->omNode-1: nextIndex: updateUnconditionally 0 -> 0
2022-08-10 20:40:56,886 [omNode-2@group-523986131536->omNode-1-GrpcLogAppender-LogAppenderDaemon] INFO  server.GrpcLogAppender (GrpcLogAppender.java:installSnapshot(541)) - omNode-2@group-523986131536->omNode-1-GrpcLogAppender: followerNextIndex = 0 but logStartIndex = -1, notify follower to install snapshot-(t:1, i:24)
2022-08-10 20:40:56,886 [omNode-2@group-523986131536->omNode-1-GrpcLogAppender-LogAppenderDaemon] INFO  server.GrpcLogAppender (GrpcLogAppender.java:installSnapshot(549)) - omNode-2@group-523986131536->omNode-1-GrpcLogAppender: send omNode-2->omNode-1#0-t1,notify:(t:1, i:24)
2022-08-10 20:40:56,886 [grpc-default-executor-3] WARN  server.GrpcLogAppender (LogUtils.java:warn(122)) - omNode-2@group-523986131536->omNode-1-InstallSnapshotResponseHandler: Failed InstallSnapshot: org.apache.ratis.thirdparty.io.grpc.StatusRuntimeException: UNAVAILABLE: io exception
2022-08-10 20:40:56,887 [grpc-default-executor-3] INFO  leader.FollowerInfo (FollowerInfoImpl.java:lambda$new$0(48)) - omNode-2@group-523986131536->omNode-1: nextIndex: updateUnconditionally 0 -> 0
2022-08-10 20:40:56,887 [grpc-default-executor-0] WARN  server.GrpcLogAppender (LogUtils.java:warn(122)) - omNode-2@group-523986131536->omNode-1-AppendLogResponseHandler: Failed appendEntries: org.apache.ratis.thirdparty.io.grpc.StatusRuntimeException: UNAVAILABLE: io exception
2022-08-10 20:40:56,887 [grpc-default-executor-0] INFO  leader.FollowerInfo (FollowerInfoImpl.java:lambda$new$0(48)) - omNode-2@group-523986131536->omNode-1: nextIndex: updateUnconditionally 0 -> 0
2022-08-10 20:40:56,887 [omNode-2@group-523986131536->omNode-1-GrpcLogAppender-LogAppenderDaemon] INFO  server.GrpcLogAppender (GrpcLogAppender.java:installSnapshot(541)) - omNode-2@group-523986131536->omNode-1-GrpcLogAppender: followerNextIndex = 0 but logStartIndex = -1, notify follower to install snapshot-(t:1, i:24)
2022-08-10 20:40:56,887 [omNode-2@group-523986131536->omNode-1-GrpcLogAppender-LogAppenderDaemon] INFO  server.GrpcLogAppender (GrpcLogAppender.java:installSnapshot(549)) - omNode-2@group-523986131536->omNode-1-GrpcLogAppender: send omNode-2->omNode-1#0-t1,notify:(t:1, i:24)
2022-08-10 20:40:56,887 [grpc-default-executor-3] WARN  server.GrpcLogAppender (LogUtils.java:warn(122)) - omNode-2@group-523986131536->omNode-1-InstallSnapshotResponseHandler: Failed InstallSnapshot: org.apache.ratis.thirdparty.io.grpc.StatusRuntimeException: UNAVAILABLE: io exception
2022-08-10 20:40:56,887 [grpc-default-executor-3] INFO  leader.FollowerInfo (FollowerInfoImpl.java:lambda$new$0(48)) - omNode-2@group-523986131536->omNode-1: nextIndex: updateUnconditionally 0 -> 0
2022-08-10 20:40:56,887 [grpc-default-executor-0] WARN  server.GrpcLogAppender (LogUtils.java:warn(122)) - omNode-2@group-523986131536->omNode-1-AppendLogResponseHandler: Failed appendEntries: org.apache.ratis.thirdparty.io.grpc.StatusRuntimeException: UNAVAILABLE: io exception
2022-08-10 20:40:56,887 [grpc-default-executor-0] INFO  leader.FollowerInfo (FollowerInfoImpl.java:lambda$new$0(48)) - omNode-2@group-523986131536->omNode-1: nextIndex: updateUnconditionally 0 -> 0
2022-08-10 20:40:56,887 [omNode-2@group-523986131536->omNode-1-GrpcLogAppender-LogAppenderDaemon] INFO  server.GrpcLogAppender (GrpcLogAppender.java:installSnapshot(541)) - omNode-2@group-523986131536->omNode-1-GrpcLogAppender: followerNextIndex = 0 but logStartIndex = -1, notify follower to install snapshot-(t:1, i:24)
2022-08-10 20:40:56,888 [omNode-2@group-523986131536->omNode-1-GrpcLogAppender-LogAppenderDaemon] INFO  server.GrpcLogAppender (GrpcLogAppender.java:installSnapshot(549)) - omNode-2@group-523986131536->omNode-1-GrpcLogAppender: send omNode-2->omNode-1#0-t1,notify:(t:1, i:24)
2022-08-10 20:40:56,888 [grpc-default-executor-3] WARN  server.GrpcLogAppender (LogUtils.java:warn(122)) - omNode-2@group-523986131536->omNode-1-InstallSnapshotResponseHandler: Failed InstallSnapshot: org.apache.ratis.thirdparty.io.grpc.StatusRuntimeException: UNAVAILABLE: io exception
2022-08-10 20:40:56,888 [grpc-default-executor-3] INFO  leader.FollowerInfo (FollowerInfoImpl.java:lambda$new$0(48)) - omNode-2@group-523986131536->omNode-1: nextIndex: updateUnconditionally 0 -> 0
2022-08-10 20:40:56,888 [grpc-default-executor-0] WARN  server.GrpcLogAppender (LogUtils.java:warn(122)) - omNode-2@group-523986131536->omNode-1-AppendLogResponseHandler: Failed appendEntries: org.apache.ratis.thirdparty.io.grpc.StatusRuntimeException: UNAVAILABLE: io exception
2022-08-10 20:40:56,888 [grpc-default-executor-0] INFO  leader.FollowerInfo (FollowerInfoImpl.java:lambda$new$0(48)) - omNode-2@group-523986131536->omNode-1: nextIndex: updateUnconditionally 0 -> 0
2022-08-10 20:40:56,888 [omNode-2@group-523986131536->omNode-1-GrpcLogAppender-LogAppenderDaemon] INFO  server.GrpcLogAppender (GrpcLogAppender.java:installSnapshot(541)) - omNode-2@group-523986131536->omNode-1-GrpcLogAppender: followerNextIndex = 0 but logStartIndex = -1, notify follower to install snapshot-(t:1, i:24)
2022-08-10 20:40:56,888 [omNode-2@group-523986131536->omNode-1-GrpcLogAppender-LogAppenderDaemon] INFO  server.GrpcLogAppender (GrpcLogAppender.java:installSnapshot(549)) - omNode-2@group-523986131536->omNode-1-GrpcLogAppender: send omNode-2->omNode-1#0-t1,notify:(t:1, i:24)
2022-08-10 20:40:56,888 [grpc-default-executor-3] WARN  server.GrpcLogAppender (LogUtils.java:warn(122)) - omNode-2@group-523986131536->omNode-1-InstallSnapshotResponseHandler: Failed InstallSnapshot: org.apache.ratis.thirdparty.io.grpc.StatusRuntimeException: UNAVAILABLE: io exception
2022-08-10 20:40:56,888 [grpc-default-executor-3] INFO  leader.FollowerInfo (FollowerInfoImpl.java:lambda$new$0(48)) - omNode-2@group-523986131536->omNode-1: nextIndex: updateUnconditionally 0 -> 0
2022-08-10 20:40:56,889 [grpc-default-executor-0] WARN  server.GrpcLogAppender (LogUtils.java:warn(122)) - omNode-2@group-523986131536->omNode-1-AppendLogResponseHandler: Failed appendEntries: org.apache.ratis.thirdparty.io.grpc.StatusRuntimeException: UNAVAILABLE: io exception
2022-08-10 20:40:56,889 [grpc-default-executor-0] INFO  leader.FollowerInfo (FollowerInfoImpl.java:lambda$new$0(48)) - omNode-2@group-523986131536->omNode-1: nextIndex: updateUnconditionally 0 -> 0
2022-08-10 20:40:56,889 [omNode-2@group-523986131536->omNode-1-GrpcLogAppender-LogAppenderDaemon] INFO  server.GrpcLogAppender (GrpcLogAppender.java:installSnapshot(541)) - omNode-2@group-523986131536->omNode-1-GrpcLogAppender: followerNextIndex = 0 but logStartIndex = -1, notify follower to install snapshot-(t:1, i:24)
2022-08-10 20:40:56,889 [omNode-2@group-523986131536->omNode-1-GrpcLogAppender-LogAppenderDaemon] INFO  server.GrpcLogAppender (GrpcLogAppender.java:installSnapshot(549)) - omNode-2@group-523986131536->omNode-1-GrpcLogAppender: send omNode-2->omNode-1#0-t1,notify:(t:1, i:24)
2022-08-10 20:40:56,889 [grpc-default-executor-3] WARN  server.GrpcLogAppender (LogUtils.java:warn(122)) - omNode-2@group-523986131536->omNode-1-InstallSnapshotResponseHandler: Failed InstallSnapshot: org.apache.ratis.thirdparty.io.grpc.StatusRuntimeException: UNAVAILABLE: io exception
2022-08-10 20:40:56,889 [grpc-default-executor-3] INFO  leader.FollowerInfo (FollowerInfoImpl.java:lambda$new$0(48)) - omNode-2@group-523986131536->omNode-1: nextIndex: updateUnconditionally 0 -> 0
2022-08-10 20:40:56,889 [grpc-default-executor-0] WARN  server.GrpcLogAppender (LogUtils.java:warn(122)) - omNode-2@group-523986131536->omNode-1-AppendLogResponseHandler: Failed appendEntries: org.apache.ratis.thirdparty.io.grpc.StatusRuntimeException: UNAVAILABLE: io exception
2022-08-10 20:40:56,889 [grpc-default-executor-0] INFO  leader.FollowerInfo (FollowerInfoImpl.java:lambda$new$0(48)) - omNode-2@group-523986131536->omNode-1: nextIndex: updateUnconditionally 0 -> 0
2022-08-10 20:40:56,889 [omNode-2@group-523986131536->omNode-1-GrpcLogAppender-LogAppenderDaemon] INFO  server.GrpcLogAppender (GrpcLogAppender.java:installSnapshot(541)) - omNode-2@group-523986131536->omNode-1-GrpcLogAppender: followerNextIndex = 0 but logStartIndex = -1, notify follower to install snapshot-(t:1, i:24)
2022-08-10 20:40:56,889 [omNode-2@group-523986131536->omNode-1-GrpcLogAppender-LogAppenderDaemon] INFO  server.GrpcLogAppender (GrpcLogAppender.java:installSnapshot(549)) - omNode-2@group-523986131536->omNode-1-GrpcLogAppender: send omNode-2->omNode-1#0-t1,notify:(t:1, i:24)
2022-08-10 20:40:56,890 [grpc-default-executor-3] WARN  server.GrpcLogAppender (LogUtils.java:warn(122)) - omNode-2@group-523986131536->omNode-1-InstallSnapshotResponseHandler: Failed InstallSnapshot: org.apache.ratis.thirdparty.io.grpc.StatusRuntimeException: UNAVAILABLE: io exception
2022-08-10 20:40:56,890 [grpc-default-executor-3] INFO  leader.FollowerInfo (FollowerInfoImpl.java:lambda$new$0(48)) - omNode-2@group-523986131536->omNode-1: nextIndex: updateUnconditionally 0 -> 0
2022-08-10 20:40:56,890 [grpc-default-executor-0] WARN  server.GrpcLogAppender (LogUtils.java:warn(122)) - omNode-2@group-523986131536->omNode-1-AppendLogResponseHandler: Failed appendEntries: org.apache.ratis.thirdparty.io.grpc.StatusRuntimeException: UNAVAILABLE: io exception
2022-08-10 20:40:56,890 [grpc-default-executor-0] INFO  leader.FollowerInfo (FollowerInfoImpl.java:lambda$new$0(48)) - omNode-2@group-523986131536->omNode-1: nextIndex: updateUnconditionally 0 -> 0
2022-08-10 20:40:56,890 [omNode-2@group-523986131536->omNode-1-GrpcLogAppender-LogAppenderDaemon] INFO  server.GrpcLogAppender (GrpcLogAppender.java:installSnapshot(541)) - omNode-2@group-523986131536->omNode-1-GrpcLogAppender: followerNextIndex = 0 but logStartIndex = -1, notify follower to install snapshot-(t:1, i:24)
2022-08-10 20:40:56,890 [omNode-2@group-523986131536->omNode-1-GrpcLogAppender-LogAppenderDaemon] INFO  server.GrpcLogAppender (GrpcLogAppender.java:installSnapshot(549)) - omNode-2@group-523986131536->omNode-1-GrpcLogAppender: send omNode-2->omNode-1#0-t1,notify:(t:1, i:24)
2022-08-10 20:40:56,890 [grpc-default-executor-0] WARN  server.GrpcLogAppender (LogUtils.java:warn(122)) - omNode-2@group-523986131536->omNode-1-AppendLogResponseHandler: Failed appendEntries: org.apache.ratis.thirdparty.io.grpc.StatusRuntimeException: UNAVAILABLE: io exception
2022-08-10 20:40:56,890 [grpc-default-executor-0] INFO  leader.FollowerInfo (FollowerInfoImpl.java:lambda$new$0(48)) - omNode-2@group-523986131536->omNode-1: nextIndex: updateUnconditionally 0 -> 0
2022-08-10 20:40:56,890 [grpc-default-executor-3] WARN  server.GrpcLogAppender (LogUtils.java:warn(122)) - omNode-2@group-523986131536->omNode-1-InstallSnapshotResponseHandler: Failed InstallSnapshot: org.apache.ratis.thirdparty.io.grpc.StatusRuntimeException: UNAVAILABLE: io exception
2022-08-10 20:40:56,890 [grpc-default-executor-3] INFO  leader.FollowerInfo (FollowerInfoImpl.java:lambda$new$0(48)) - omNode-2@group-523986131536->omNode-1: nextIndex: updateUnconditionally 0 -> 0
2022-08-10 20:40:56,890 [grpc-default-executor-3] WARN  server.GrpcLogAppender (LogUtils.java:warn(122)) - omNode-2@group-523986131536->omNode-1-AppendLogResponseHandler: Failed appendEntries: org.apache.ratis.thirdparty.io.grpc.StatusRuntimeException: UNAVAILABLE: io exception
2022-08-10 20:40:56,891 [grpc-default-executor-3] INFO  leader.FollowerInfo (FollowerInfoImpl.java:lambda$new$0(48)) - omNode-2@group-523986131536->omNode-1: nextIndex: updateUnconditionally 0 -> 0
2022-08-10 20:40:56,891 [omNode-2@group-523986131536->omNode-1-GrpcLogAppender-LogAppenderDaemon] INFO  server.GrpcLogAppender (GrpcLogAppender.java:installSnapshot(541)) - omNode-2@group-523986131536->omNode-1-GrpcLogAppender: followerNextIndex = 0 but logStartIndex = -1, notify follower to install snapshot-(t:1, i:24)
2022-08-10 20:40:56,891 [omNode-2@group-523986131536->omNode-1-GrpcLogAppender-LogAppenderDaemon] INFO  server.GrpcLogAppender (GrpcLogAppender.java:installSnapshot(549)) - omNode-2@group-523986131536->omNode-1-GrpcLogAppender: send omNode-2->omNode-1#0-t1,notify:(t:1, i:24)
2022-08-10 20:40:56,891 [grpc-default-executor-3] WARN  server.GrpcLogAppender (LogUtils.java:warn(122)) - omNode-2@group-523986131536->omNode-1-InstallSnapshotResponseHandler: Failed InstallSnapshot: org.apache.ratis.thirdparty.io.grpc.StatusRuntimeException: UNAVAILABLE: io exception
2022-08-10 20:40:56,891 [grpc-default-executor-3] INFO  leader.FollowerInfo (FollowerInfoImpl.java:lambda$new$0(48)) - omNode-2@group-523986131536->omNode-1: nextIndex: updateUnconditionally 0 -> 0
2022-08-10 20:40:56,891 [grpc-default-executor-3] WARN  server.GrpcLogAppender (LogUtils.java:warn(122)) - omNode-2@group-523986131536->omNode-1-AppendLogResponseHandler: Failed appendEntries: org.apache.ratis.thirdparty.io.grpc.StatusRuntimeException: UNAVAILABLE: io exception
2022-08-10 20:40:56,891 [grpc-default-executor-3] INFO  leader.FollowerInfo (FollowerInfoImpl.java:lambda$new$0(48)) - omNode-2@group-523986131536->omNode-1: nextIndex: updateUnconditionally 0 -> 0
2022-08-10 20:40:56,891 [omNode-2@group-523986131536->omNode-1-GrpcLogAppender-LogAppenderDaemon] INFO  server.GrpcLogAppender (GrpcLogAppender.java:installSnapshot(541)) - omNode-2@group-523986131536->omNode-1-GrpcLogAppender: followerNextIndex = 0 but logStartIndex = -1, notify follower to install snapshot-(t:1, i:24)
2022-08-10 20:40:56,891 [omNode-2@group-523986131536->omNode-1-GrpcLogAppender-LogAppenderDaemon] INFO  server.GrpcLogAppender (GrpcLogAppender.java:installSnapshot(549)) - omNode-2@group-523986131536->omNode-1-GrpcLogAppender: send omNode-2->omNode-1#0-t1,notify:(t:1, i:24)
2022-08-10 20:40:56,892 [grpc-default-executor-3] WARN  server.GrpcLogAppender (LogUtils.java:warn(122)) - omNode-2@group-523986131536->omNode-1-InstallSnapshotResponseHandler: Failed InstallSnapshot: org.apache.ratis.thirdparty.io.grpc.StatusRuntimeException: UNAVAILABLE: io exception
2022-08-10 20:40:56,892 [grpc-default-executor-3] INFO  leader.FollowerInfo (FollowerInfoImpl.java:lambda$new$0(48)) - omNode-2@group-523986131536->omNode-1: nextIndex: updateUnconditionally 0 -> 0
2022-08-10 20:40:56,892 [grpc-default-executor-3] WARN  server.GrpcLogAppender (LogUtils.java:warn(122)) - omNode-2@group-523986131536->omNode-1-AppendLogResponseHandler: Failed appendEntries: org.apache.ratis.thirdparty.io.grpc.StatusRuntimeException: UNAVAILABLE: io exception
2022-08-10 20:40:56,892 [grpc-default-executor-3] INFO  leader.FollowerInfo (FollowerInfoImpl.java:lambda$new$0(48)) - omNode-2@group-523986131536->omNode-1: nextIndex: updateUnconditionally 0 -> 0
2022-08-10 20:40:56,892 [omNode-2@group-523986131536->omNode-1-GrpcLogAppender-LogAppenderDaemon] INFO  server.GrpcLogAppender (GrpcLogAppender.java:installSnapshot(541)) - omNode-2@group-523986131536->omNode-1-GrpcLogAppender: followerNextIndex = 0 but logStartIndex = -1, notify follower to install snapshot-(t:1, i:24)
2022-08-10 20:40:56,892 [omNode-2@group-523986131536->omNode-1-GrpcLogAppender-LogAppenderDaemon] INFO  server.GrpcLogAppender (GrpcLogAppender.java:installSnapshot(549)) - omNode-2@group-523986131536->omNode-1-GrpcLogAppender: send omNode-2->omNode-1#0-t1,notify:(t:1, i:24)
2022-08-10 20:40:56,892 [grpc-default-executor-3] WARN  server.GrpcLogAppender (LogUtils.java:warn(122)) - omNode-2@group-523986131536->omNode-1-InstallSnapshotResponseHandler: Failed InstallSnapshot: org.apache.ratis.thirdparty.io.grpc.StatusRuntimeException: UNAVAILABLE: io exception
2022-08-10 20:40:56,892 [grpc-default-executor-3] INFO  leader.FollowerInfo (FollowerInfoImpl.java:lambda$new$0(48)) - omNode-2@group-523986131536->omNode-1: nextIndex: updateUnconditionally 0 -> 0
2022-08-10 20:40:56,892 [grpc-default-executor-3] WARN  server.GrpcLogAppender (LogUtils.java:warn(122)) - omNode-2@group-523986131536->omNode-1-AppendLogResponseHandler: Failed appendEntries: org.apache.ratis.thirdparty.io.grpc.StatusRuntimeException: UNAVAILABLE: io exception
2022-08-10 20:40:56,893 [grpc-default-executor-3] INFO  leader.FollowerInfo (FollowerInfoImpl.java:lambda$new$0(48)) - omNode-2@group-523986131536->omNode-1: nextIndex: updateUnconditionally 0 -> 0
2022-08-10 20:40:56,893 [omNode-2@group-523986131536->omNode-1-GrpcLogAppender-LogAppenderDaemon] INFO  server.GrpcLogAppender (GrpcLogAppender.java:installSnapshot(541)) - omNode-2@group-523986131536->omNode-1-GrpcLogAppender: followerNextIndex = 0 but logStartIndex = -1, notify follower to install snapshot-(t:1, i:24)
2022-08-10 20:40:56,893 [omNode-2@group-523986131536->omNode-1-GrpcLogAppender-LogAppenderDaemon] INFO  server.GrpcLogAppender (GrpcLogAppender.java:installSnapshot(549)) - omNode-2@group-523986131536->omNode-1-GrpcLogAppender: send omNode-2->omNode-1#0-t1,notify:(t:1, i:24)
2022-08-10 20:40:56,893 [grpc-default-executor-3] WARN  server.GrpcLogAppender (LogUtils.java:warn(122)) - omNode-2@group-523986131536->omNode-1-InstallSnapshotResponseHandler: Failed InstallSnapshot: org.apache.ratis.thirdparty.io.grpc.StatusRuntimeException: UNAVAILABLE: io exception
2022-08-10 20:40:56,893 [grpc-default-executor-3] INFO  leader.FollowerInfo (FollowerInfoImpl.java:lambda$new$0(48)) - omNode-2@group-523986131536->omNode-1: nextIndex: updateUnconditionally 0 -> 0
2022-08-10 20:40:56,893 [grpc-default-executor-3] WARN  server.GrpcLogAppender (LogUtils.java:warn(122)) - omNode-2@group-523986131536->omNode-1-AppendLogResponseHandler: Failed appendEntries: org.apache.ratis.thirdparty.io.grpc.StatusRuntimeException: UNAVAILABLE: io exception
2022-08-10 20:40:56,893 [grpc-default-executor-3] INFO  leader.FollowerInfo (FollowerInfoImpl.java:lambda$new$0(48)) - omNode-2@group-523986131536->omNode-1: nextIndex: updateUnconditionally 0 -> 0
2022-08-10 20:40:56,893 [omNode-2@group-523986131536->omNode-1-GrpcLogAppender-LogAppenderDaemon] INFO  server.GrpcLogAppender (GrpcLogAppender.java:installSnapshot(541)) - omNode-2@group-523986131536->omNode-1-GrpcLogAppender: followerNextIndex = 0 but logStartIndex = -1, notify follower to install snapshot-(t:1, i:24)
2022-08-10 20:40:56,893 [omNode-2@group-523986131536->omNode-1-GrpcLogAppender-LogAppenderDaemon] INFO  server.GrpcLogAppender (GrpcLogAppender.java:installSnapshot(549)) - omNode-2@group-523986131536->omNode-1-GrpcLogAppender: send omNode-2->omNode-1#0-t1,notify:(t:1, i:24)
2022-08-10 20:40:56,893 [grpc-default-executor-3] WARN  server.GrpcLogAppender (LogUtils.java:warn(122)) - omNode-2@group-523986131536->omNode-1-InstallSnapshotResponseHandler: Failed InstallSnapshot: org.apache.ratis.thirdparty.io.grpc.StatusRuntimeException: UNAVAILABLE: io exception
2022-08-10 20:40:56,896 [grpc-default-executor-3] INFO  leader.FollowerInfo (FollowerInfoImpl.java:lambda$new$0(48)) - omNode-2@group-523986131536->omNode-1: nextIndex: updateUnconditionally 0 -> 0
2022-08-10 20:40:56,897 [grpc-default-executor-3] WARN  server.GrpcLogAppender (LogUtils.java:warn(122)) - omNode-2@group-523986131536->omNode-1-AppendLogResponseHandler: Failed appendEntries: org.apache.ratis.thirdparty.io.grpc.StatusRuntimeException: UNAVAILABLE: io exception
2022-08-10 20:40:56,898 [grpc-default-executor-3] INFO  leader.FollowerInfo (FollowerInfoImpl.java:lambda$new$0(48)) - omNode-2@group-523986131536->omNode-1: nextIndex: updateUnconditionally 0 -> 0
2022-08-10 20:40:56,898 [omNode-2@group-523986131536->omNode-1-GrpcLogAppender-LogAppenderDaemon] INFO  server.GrpcLogAppender (GrpcLogAppender.java:installSnapshot(541)) - omNode-2@group-523986131536->omNode-1-GrpcLogAppender: followerNextIndex = 0 but logStartIndex = -1, notify follower to install snapshot-(t:1, i:24)
2022-08-10 20:40:56,899 [omNode-2@group-523986131536->omNode-1-GrpcLogAppender-LogAppenderDaemon] INFO  server.GrpcLogAppender (GrpcLogAppender.java:installSnapshot(549)) - omNode-2@group-523986131536->omNode-1-GrpcLogAppender: send omNode-2->omNode-1#0-t1,notify:(t:1, i:24)
2022-08-10 20:40:56,899 [grpc-default-executor-0] WARN  server.GrpcLogAppender (LogUtils.java:warn(122)) - omNode-2@group-523986131536->omNode-1-InstallSnapshotResponseHandler: Failed InstallSnapshot: org.apache.ratis.thirdparty.io.grpc.StatusRuntimeException: UNAVAILABLE: io exception
2022-08-10 20:40:56,899 [grpc-default-executor-0] INFO  leader.FollowerInfo (FollowerInfoImpl.java:lambda$new$0(48)) - omNode-2@group-523986131536->omNode-1: nextIndex: updateUnconditionally 0 -> 0
2022-08-10 20:40:56,899 [grpc-default-executor-3] WARN  server.GrpcLogAppender (LogUtils.java:warn(122)) - omNode-2@group-523986131536->omNode-1-AppendLogResponseHandler: Failed appendEntries: org.apache.ratis.thirdparty.io.grpc.StatusRuntimeException: UNAVAILABLE: io exception
2022-08-10 20:40:56,899 [omNode-2@group-523986131536->omNode-1-GrpcLogAppender-LogAppenderDaemon] INFO  server.GrpcLogAppender (GrpcLogAppender.java:installSnapshot(541)) - omNode-2@group-523986131536->omNode-1-GrpcLogAppender: followerNextIndex = 0 but logStartIndex = -1, notify follower to install snapshot-(t:1, i:24)
2022-08-10 20:40:56,900 [omNode-2@group-523986131536->omNode-1-GrpcLogAppender-LogAppenderDaemon] INFO  server.GrpcLogAppender (GrpcLogAppender.java:installSnapshot(549)) - omNode-2@group-523986131536->omNode-1-GrpcLogAppender: send omNode-2->omNode-1#0-t1,notify:(t:1, i:24)
2022-08-10 20:40:56,900 [grpc-default-executor-3] INFO  leader.FollowerInfo (FollowerInfoImpl.java:lambda$new$0(48)) - omNode-2@group-523986131536->omNode-1: nextIndex: updateUnconditionally 0 -> 0
2022-08-10 20:40:56,900 [grpc-default-executor-0] WARN  server.GrpcLogAppender (LogUtils.java:warn(122)) - omNode-2@group-523986131536->omNode-1-InstallSnapshotResponseHandler: Failed InstallSnapshot: org.apache.ratis.thirdparty.io.grpc.StatusRuntimeException: UNAVAILABLE: io exception
2022-08-10 20:40:56,900 [grpc-default-executor-0] INFO  leader.FollowerInfo (FollowerInfoImpl.java:lambda$new$0(48)) - omNode-2@group-523986131536->omNode-1: nextIndex: updateUnconditionally 0 -> 0
2022-08-10 20:40:56,900 [grpc-default-executor-0] WARN  server.GrpcLogAppender (LogUtils.java:warn(122)) - omNode-2@group-523986131536->omNode-1-AppendLogResponseHandler: Failed appendEntries: org.apache.ratis.thirdparty.io.grpc.StatusRuntimeException: UNAVAILABLE: io exception
2022-08-10 20:40:56,900 [grpc-default-executor-0] INFO  leader.FollowerInfo (FollowerInfoImpl.java:lambda$new$0(48)) - omNode-2@group-523986131536->omNode-1: nextIndex: updateUnconditionally 0 -> 0
2022-08-10 20:40:56,900 [omNode-2@group-523986131536->omNode-1-GrpcLogAppender-LogAppenderDaemon] INFO  server.GrpcLogAppender (GrpcLogAppender.java:installSnapshot(541)) - omNode-2@group-523986131536->omNode-1-GrpcLogAppender: followerNextIndex = 0 but logStartIndex = -1, notify follower to install snapshot-(t:1, i:24)
2022-08-10 20:40:56,900 [omNode-2@group-523986131536->omNode-1-GrpcLogAppender-LogAppenderDaemon] INFO  server.GrpcLogAppender (GrpcLogAppender.java:installSnapshot(549)) - omNode-2@group-523986131536->omNode-1-GrpcLogAppender: send omNode-2->omNode-1#0-t1,notify:(t:1, i:24)
2022-08-10 20:40:56,900 [grpc-default-executor-0] WARN  server.GrpcLogAppender (LogUtils.java:warn(122)) - omNode-2@group-523986131536->omNode-1-InstallSnapshotResponseHandler: Failed InstallSnapshot: org.apache.ratis.thirdparty.io.grpc.StatusRuntimeException: UNAVAILABLE: io exception
2022-08-10 20:40:56,901 [grpc-default-executor-0] INFO  leader.FollowerInfo (FollowerInfoImpl.java:lambda$new$0(48)) - omNode-2@group-523986131536->omNode-1: nextIndex: updateUnconditionally 0 -> 0
2022-08-10 20:40:56,901 [grpc-default-executor-0] WARN  server.GrpcLogAppender (LogUtils.java:warn(122)) - omNode-2@group-523986131536->omNode-1-AppendLogResponseHandler: Failed appendEntries: org.apache.ratis.thirdparty.io.grpc.StatusRuntimeException: UNAVAILABLE: io exception
2022-08-10 20:40:56,901 [grpc-default-executor-0] INFO  leader.FollowerInfo (FollowerInfoImpl.java:lambda$new$0(48)) - omNode-2@group-523986131536->omNode-1: nextIndex: updateUnconditionally 0 -> 0
2022-08-10 20:40:56,901 [omNode-2@group-523986131536->omNode-1-GrpcLogAppender-LogAppenderDaemon] INFO  server.GrpcLogAppender (GrpcLogAppender.java:installSnapshot(541)) - omNode-2@group-523986131536->omNode-1-GrpcLogAppender: followerNextIndex = 0 but logStartIndex = -1, notify follower to install snapshot-(t:1, i:24)
2022-08-10 20:40:56,901 [omNode-2@group-523986131536->omNode-1-GrpcLogAppender-LogAppenderDaemon] INFO  server.GrpcLogAppender (GrpcLogAppender.java:installSnapshot(549)) - omNode-2@group-523986131536->omNode-1-GrpcLogAppender: send omNode-2->omNode-1#0-t1,notify:(t:1, i:24)
2022-08-10 20:40:56,901 [grpc-default-executor-0] WARN  server.GrpcLogAppender (LogUtils.java:warn(122)) - omNode-2@group-523986131536->omNode-1-InstallSnapshotResponseHandler: Failed InstallSnapshot: org.apache.ratis.thirdparty.io.grpc.StatusRuntimeException: UNAVAILABLE: io exception
2022-08-10 20:40:56,901 [grpc-default-executor-0] INFO  leader.FollowerInfo (FollowerInfoImpl.java:lambda$new$0(48)) - omNode-2@group-523986131536->omNode-1: nextIndex: updateUnconditionally 0 -> 0
2022-08-10 20:40:56,901 [grpc-default-executor-0] WARN  server.GrpcLogAppender (LogUtils.java:warn(122)) - omNode-2@group-523986131536->omNode-1-AppendLogResponseHandler: Failed appendEntries: org.apache.ratis.thirdparty.io.grpc.StatusRuntimeException: UNAVAILABLE: io exception
2022-08-10 20:40:56,901 [grpc-default-executor-0] INFO  leader.FollowerInfo (FollowerInfoImpl.java:lambda$new$0(48)) - omNode-2@group-523986131536->omNode-1: nextIndex: updateUnconditionally 0 -> 0
2022-08-10 20:40:56,902 [omNode-2@group-523986131536->omNode-1-GrpcLogAppender-LogAppenderDaemon] INFO  server.GrpcLogAppender (GrpcLogAppender.java:installSnapshot(541)) - omNode-2@group-523986131536->omNode-1-GrpcLogAppender: followerNextIndex = 0 but logStartIndex = -1, notify follower to install snapshot-(t:1, i:24)
2022-08-10 20:40:56,902 [omNode-2@group-523986131536->omNode-1-GrpcLogAppender-LogAppenderDaemon] INFO  server.GrpcLogAppender (GrpcLogAppender.java:installSnapshot(549)) - omNode-2@group-523986131536->omNode-1-GrpcLogAppender: send omNode-2->omNode-1#0-t1,notify:(t:1, i:24)
2022-08-10 20:40:56,902 [grpc-default-executor-0] WARN  server.GrpcLogAppender (LogUtils.java:warn(122)) - omNode-2@group-523986131536->omNode-1-InstallSnapshotResponseHandler: Failed InstallSnapshot: org.apache.ratis.thirdparty.io.grpc.StatusRuntimeException: UNAVAILABLE: io exception
2022-08-10 20:40:56,902 [grpc-default-executor-0] INFO  leader.FollowerInfo (FollowerInfoImpl.java:lambda$new$0(48)) - omNode-2@group-523986131536->omNode-1: nextIndex: updateUnconditionally 0 -> 0
2022-08-10 20:40:56,902 [grpc-default-executor-0] WARN  server.GrpcLogAppender (LogUtils.java:warn(122)) - omNode-2@group-523986131536->omNode-1-AppendLogResponseHandler: Failed appendEntries: org.apache.ratis.thirdparty.io.grpc.StatusRuntimeException: UNAVAILABLE: io exception
2022-08-10 20:40:56,902 [grpc-default-executor-0] INFO  leader.FollowerInfo (FollowerInfoImpl.java:lambda$new$0(48)) - omNode-2@group-523986131536->omNode-1: nextIndex: updateUnconditionally 0 -> 0
2022-08-10 20:40:56,902 [omNode-2@group-523986131536->omNode-1-GrpcLogAppender-LogAppenderDaemon] INFO  server.GrpcLogAppender (GrpcLogAppender.java:installSnapshot(541)) - omNode-2@group-523986131536->omNode-1-GrpcLogAppender: followerNextIndex = 0 but logStartIndex = -1, notify follower to install snapshot-(t:1, i:24)
2022-08-10 20:40:56,902 [omNode-2@group-523986131536->omNode-1-GrpcLogAppender-LogAppenderDaemon] INFO  server.GrpcLogAppender (GrpcLogAppender.java:installSnapshot(549)) - omNode-2@group-523986131536->omNode-1-GrpcLogAppender: send omNode-2->omNode-1#0-t1,notify:(t:1, i:24)
2022-08-10 20:40:56,902 [grpc-default-executor-0] WARN  server.GrpcLogAppender (LogUtils.java:warn(122)) - omNode-2@group-523986131536->omNode-1-InstallSnapshotResponseHandler: Failed InstallSnapshot: org.apache.ratis.thirdparty.io.grpc.StatusRuntimeException: UNAVAILABLE: io exception
2022-08-10 20:40:56,902 [grpc-default-executor-0] INFO  leader.FollowerInfo (FollowerInfoImpl.java:lambda$new$0(48)) - omNode-2@group-523986131536->omNode-1: nextIndex: updateUnconditionally 0 -> 0
2022-08-10 20:40:56,903 [grpc-default-executor-0] WARN  server.GrpcLogAppender (LogUtils.java:warn(122)) - omNode-2@group-523986131536->omNode-1-AppendLogResponseHandler: Failed appendEntries: org.apache.ratis.thirdparty.io.grpc.StatusRuntimeException: UNAVAILABLE: io exception
2022-08-10 20:40:56,903 [grpc-default-executor-0] INFO  leader.FollowerInfo (FollowerInfoImpl.java:lambda$new$0(48)) - omNode-2@group-523986131536->omNode-1: nextIndex: updateUnconditionally 0 -> 0
2022-08-10 20:40:56,903 [omNode-2@group-523986131536->omNode-1-GrpcLogAppender-LogAppenderDaemon] INFO  server.GrpcLogAppender (GrpcLogAppender.java:installSnapshot(541)) - omNode-2@group-523986131536->omNode-1-GrpcLogAppender: followerNextIndex = 0 but logStartIndex = -1, notify follower to install snapshot-(t:1, i:24)
2022-08-10 20:40:56,903 [omNode-2@group-523986131536->omNode-1-GrpcLogAppender-LogAppenderDaemon] INFO  server.GrpcLogAppender (GrpcLogAppender.java:installSnapshot(549)) - omNode-2@group-523986131536->omNode-1-GrpcLogAppender: send omNode-2->omNode-1#0-t1,notify:(t:1, i:24)
2022-08-10 20:40:56,903 [grpc-default-executor-0] WARN  server.GrpcLogAppender (LogUtils.java:warn(122)) - omNode-2@group-523986131536->omNode-1-InstallSnapshotResponseHandler: Failed InstallSnapshot: org.apache.ratis.thirdparty.io.grpc.StatusRuntimeException: UNAVAILABLE: io exception
2022-08-10 20:40:56,903 [grpc-default-executor-0] INFO  leader.FollowerInfo (FollowerInfoImpl.java:lambda$new$0(48)) - omNode-2@group-523986131536->omNode-1: nextIndex: updateUnconditionally 0 -> 0
2022-08-10 20:40:56,907 [grpc-default-executor-0] WARN  server.GrpcLogAppender (LogUtils.java:warn(122)) - omNode-2@group-523986131536->omNode-1-AppendLogResponseHandler: Failed appendEntries: org.apache.ratis.thirdparty.io.grpc.StatusRuntimeException: UNAVAILABLE: io exception
2022-08-10 20:40:56,908 [grpc-default-executor-0] INFO  leader.FollowerInfo (FollowerInfoImpl.java:lambda$new$0(48)) - omNode-2@group-523986131536->omNode-1: nextIndex: updateUnconditionally 0 -> 0
2022-08-10 20:40:56,908 [omNode-2@group-523986131536->omNode-1-GrpcLogAppender-LogAppenderDaemon] INFO  server.GrpcLogAppender (GrpcLogAppender.java:installSnapshot(541)) - omNode-2@group-523986131536->omNode-1-GrpcLogAppender: followerNextIndex = 0 but logStartIndex = -1, notify follower to install snapshot-(t:1, i:24)
2022-08-10 20:40:56,908 [omNode-2@group-523986131536->omNode-1-GrpcLogAppender-LogAppenderDaemon] INFO  server.GrpcLogAppender (GrpcLogAppender.java:installSnapshot(549)) - omNode-2@group-523986131536->omNode-1-GrpcLogAppender: send omNode-2->omNode-1#0-t1,notify:(t:1, i:24)
2022-08-10 20:40:56,909 [grpc-default-executor-3] WARN  server.GrpcLogAppender (LogUtils.java:warn(122)) - omNode-2@group-523986131536->omNode-1-InstallSnapshotResponseHandler: Failed InstallSnapshot: org.apache.ratis.thirdparty.io.grpc.StatusRuntimeException: UNAVAILABLE: io exception
2022-08-10 20:40:56,909 [grpc-default-executor-3] INFO  leader.FollowerInfo (FollowerInfoImpl.java:lambda$new$0(48)) - omNode-2@group-523986131536->omNode-1: nextIndex: updateUnconditionally 0 -> 0
2022-08-10 20:40:56,911 [grpc-default-executor-3] WARN  server.GrpcLogAppender (LogUtils.java:warn(122)) - omNode-2@group-523986131536->omNode-1-AppendLogResponseHandler: Failed appendEntries: org.apache.ratis.thirdparty.io.grpc.StatusRuntimeException: UNAVAILABLE: io exception
2022-08-10 20:40:56,911 [grpc-default-executor-3] INFO  leader.FollowerInfo (FollowerInfoImpl.java:lambda$new$0(48)) - omNode-2@group-523986131536->omNode-1: nextIndex: updateUnconditionally 0 -> 0
2022-08-10 20:40:56,912 [omNode-2@group-523986131536->omNode-1-GrpcLogAppender-LogAppenderDaemon] INFO  server.GrpcLogAppender (GrpcLogAppender.java:installSnapshot(541)) - omNode-2@group-523986131536->omNode-1-GrpcLogAppender: followerNextIndex = 0 but logStartIndex = -1, notify follower to install snapshot-(t:1, i:24)
2022-08-10 20:40:56,912 [omNode-2@group-523986131536->omNode-1-GrpcLogAppender-LogAppenderDaemon] INFO  server.GrpcLogAppender (GrpcLogAppender.java:installSnapshot(549)) - omNode-2@group-523986131536->omNode-1-GrpcLogAppender: send omNode-2->omNode-1#0-t1,notify:(t:1, i:24)
2022-08-10 20:40:56,913 [grpc-default-executor-0] WARN  server.GrpcLogAppender (LogUtils.java:warn(122)) - omNode-2@group-523986131536->omNode-1-InstallSnapshotResponseHandler: Failed InstallSnapshot: org.apache.ratis.thirdparty.io.grpc.StatusRuntimeException: UNAVAILABLE: io exception
2022-08-10 20:40:56,913 [grpc-default-executor-0] INFO  leader.FollowerInfo (FollowerInfoImpl.java:lambda$new$0(48)) - omNode-2@group-523986131536->omNode-1: nextIndex: updateUnconditionally 0 -> 0
2022-08-10 20:40:56,914 [grpc-default-executor-0] WARN  server.GrpcLogAppender (LogUtils.java:warn(122)) - omNode-2@group-523986131536->omNode-1-AppendLogResponseHandler: Failed appendEntries: org.apache.ratis.thirdparty.io.grpc.StatusRuntimeException: UNAVAILABLE: io exception
2022-08-10 20:40:56,914 [grpc-default-executor-0] INFO  leader.FollowerInfo (FollowerInfoImpl.java:lambda$new$0(48)) - omNode-2@group-523986131536->omNode-1: nextIndex: updateUnconditionally 0 -> 0
2022-08-10 20:40:56,914 [omNode-2@group-523986131536->omNode-1-GrpcLogAppender-LogAppenderDaemon] INFO  server.GrpcLogAppender (GrpcLogAppender.java:installSnapshot(541)) - omNode-2@group-523986131536->omNode-1-GrpcLogAppender: followerNextIndex = 0 but logStartIndex = -1, notify follower to install snapshot-(t:1, i:24)
2022-08-10 20:40:56,914 [omNode-2@group-523986131536->omNode-1-GrpcLogAppender-LogAppenderDaemon] INFO  server.GrpcLogAppender (GrpcLogAppender.java:installSnapshot(549)) - omNode-2@group-523986131536->omNode-1-GrpcLogAppender: send omNode-2->omNode-1#0-t1,notify:(t:1, i:24)
2022-08-10 20:40:56,914 [grpc-default-executor-0] WARN  server.GrpcLogAppender (LogUtils.java:warn(122)) - omNode-2@group-523986131536->omNode-1-InstallSnapshotResponseHandler: Failed InstallSnapshot: org.apache.ratis.thirdparty.io.grpc.StatusRuntimeException: UNAVAILABLE: io exception
2022-08-10 20:40:56,914 [grpc-default-executor-0] INFO  leader.FollowerInfo (FollowerInfoImpl.java:lambda$new$0(48)) - omNode-2@group-523986131536->omNode-1: nextIndex: updateUnconditionally 0 -> 0
2022-08-10 20:40:56,915 [grpc-default-executor-0] WARN  server.GrpcLogAppender (LogUtils.java:warn(122)) - omNode-2@group-523986131536->omNode-1-AppendLogResponseHandler: Failed appendEntries: org.apache.ratis.thirdparty.io.grpc.StatusRuntimeException: UNAVAILABLE: io exception
2022-08-10 20:40:56,915 [grpc-default-executor-0] INFO  leader.FollowerInfo (FollowerInfoImpl.java:lambda$new$0(48)) - omNode-2@group-523986131536->omNode-1: nextIndex: updateUnconditionally 0 -> 0
2022-08-10 20:40:56,916 [omNode-2@group-523986131536->omNode-1-GrpcLogAppender-LogAppenderDaemon] INFO  server.GrpcLogAppender (GrpcLogAppender.java:installSnapshot(541)) - omNode-2@group-523986131536->omNode-1-GrpcLogAppender: followerNextIndex = 0 but logStartIndex = -1, notify follower to install snapshot-(t:1, i:24)
2022-08-10 20:40:56,917 [omNode-2@group-523986131536->omNode-1-GrpcLogAppender-LogAppenderDaemon] INFO  server.GrpcLogAppender (GrpcLogAppender.java:installSnapshot(549)) - omNode-2@group-523986131536->omNode-1-GrpcLogAppender: send omNode-2->omNode-1#0-t1,notify:(t:1, i:24)
2022-08-10 20:40:56,918 [grpc-default-executor-3] WARN  server.GrpcLogAppender (LogUtils.java:warn(122)) - omNode-2@group-523986131536->omNode-1-InstallSnapshotResponseHandler: Failed InstallSnapshot: org.apache.ratis.thirdparty.io.grpc.StatusRuntimeException: UNAVAILABLE: io exception
2022-08-10 20:40:56,918 [grpc-default-executor-3] INFO  leader.FollowerInfo (FollowerInfoImpl.java:lambda$new$0(48)) - omNode-2@group-523986131536->omNode-1: nextIndex: updateUnconditionally 0 -> 0
2022-08-10 20:40:56,918 [grpc-default-executor-3] WARN  server.GrpcLogAppender (LogUtils.java:warn(122)) - omNode-2@group-523986131536->omNode-1-AppendLogResponseHandler: Failed appendEntries: org.apache.ratis.thirdparty.io.grpc.StatusRuntimeException: UNAVAILABLE: io exception
2022-08-10 20:40:56,918 [grpc-default-executor-3] INFO  leader.FollowerInfo (FollowerInfoImpl.java:lambda$new$0(48)) - omNode-2@group-523986131536->omNode-1: nextIndex: updateUnconditionally 0 -> 0
2022-08-10 20:40:56,918 [omNode-2@group-523986131536->omNode-1-GrpcLogAppender-LogAppenderDaemon] INFO  server.GrpcLogAppender (GrpcLogAppender.java:installSnapshot(541)) - omNode-2@group-523986131536->omNode-1-GrpcLogAppender: followerNextIndex = 0 but logStartIndex = -1, notify follower to install snapshot-(t:1, i:24)
2022-08-10 20:40:56,919 [omNode-2@group-523986131536->omNode-1-GrpcLogAppender-LogAppenderDaemon] INFO  server.GrpcLogAppender (GrpcLogAppender.java:installSnapshot(549)) - omNode-2@group-523986131536->omNode-1-GrpcLogAppender: send omNode-2->omNode-1#0-t1,notify:(t:1, i:24)
2022-08-10 20:40:56,920 [grpc-default-executor-3] WARN  server.GrpcLogAppender (LogUtils.java:warn(122)) - omNode-2@group-523986131536->omNode-1-InstallSnapshotResponseHandler: Failed InstallSnapshot: org.apache.ratis.thirdparty.io.grpc.StatusRuntimeException: UNAVAILABLE: io exception
2022-08-10 20:40:56,920 [grpc-default-executor-3] INFO  leader.FollowerInfo (FollowerInfoImpl.java:lambda$new$0(48)) - omNode-2@group-523986131536->omNode-1: nextIndex: updateUnconditionally 0 -> 0
2022-08-10 20:40:56,922 [grpc-default-executor-3] WARN  server.GrpcLogAppender (LogUtils.java:warn(122)) - omNode-2@group-523986131536->omNode-1-AppendLogResponseHandler: Failed appendEntries: org.apache.ratis.thirdparty.io.grpc.StatusRuntimeException: UNAVAILABLE: io exception
2022-08-10 20:40:56,922 [grpc-default-executor-3] INFO  leader.FollowerInfo (FollowerInfoImpl.java:lambda$new$0(48)) - omNode-2@group-523986131536->omNode-1: nextIndex: updateUnconditionally 0 -> 0
2022-08-10 20:40:56,922 [omNode-2@group-523986131536->omNode-1-GrpcLogAppender-LogAppenderDaemon] INFO  server.GrpcLogAppender (GrpcLogAppender.java:installSnapshot(541)) - omNode-2@group-523986131536->omNode-1-GrpcLogAppender: followerNextIndex = 0 but logStartIndex = -1, notify follower to install snapshot-(t:1, i:24)
2022-08-10 20:40:56,922 [omNode-2@group-523986131536->omNode-1-GrpcLogAppender-LogAppenderDaemon] INFO  server.GrpcLogAppender (GrpcLogAppender.java:installSnapshot(549)) - omNode-2@group-523986131536->omNode-1-GrpcLogAppender: send omNode-2->omNode-1#0-t1,notify:(t:1, i:24)
2022-08-10 20:40:56,924 [grpc-default-executor-3] WARN  server.GrpcLogAppender (LogUtils.java:warn(122)) - omNode-2@group-523986131536->omNode-1-InstallSnapshotResponseHandler: Failed InstallSnapshot: org.apache.ratis.thirdparty.io.grpc.StatusRuntimeException: UNAVAILABLE: io exception
2022-08-10 20:40:56,924 [grpc-default-executor-3] INFO  leader.FollowerInfo (FollowerInfoImpl.java:lambda$new$0(48)) - omNode-2@group-523986131536->omNode-1: nextIndex: updateUnconditionally 0 -> 0
2022-08-10 20:40:56,924 [omNode-2@group-523986131536->omNode-1-GrpcLogAppender-LogAppenderDaemon] INFO  server.GrpcLogAppender (GrpcLogAppender.java:installSnapshot(541)) - omNode-2@group-523986131536->omNode-1-GrpcLogAppender: followerNextIndex = 0 but logStartIndex = -1, notify follower to install snapshot-(t:1, i:24)
2022-08-10 20:40:56,924 [omNode-2@group-523986131536->omNode-1-GrpcLogAppender-LogAppenderDaemon] INFO  server.GrpcLogAppender (GrpcLogAppender.java:installSnapshot(549)) - omNode-2@group-523986131536->omNode-1-GrpcLogAppender: send omNode-2->omNode-1#0-t1,notify:(t:1, i:24)
2022-08-10 20:40:56,924 [grpc-default-executor-0] WARN  server.GrpcLogAppender (LogUtils.java:warn(122)) - omNode-2@group-523986131536->omNode-1-AppendLogResponseHandler: Failed appendEntries: org.apache.ratis.thirdparty.io.grpc.StatusRuntimeException: UNAVAILABLE: io exception
2022-08-10 20:40:56,924 [grpc-default-executor-0] INFO  leader.FollowerInfo (FollowerInfoImpl.java:lambda$new$0(48)) - omNode-2@group-523986131536->omNode-1: nextIndex: updateUnconditionally 0 -> 0
2022-08-10 20:40:56,925 [grpc-default-executor-3] WARN  server.GrpcLogAppender (LogUtils.java:warn(122)) - omNode-2@group-523986131536->omNode-1-InstallSnapshotResponseHandler: Failed InstallSnapshot: org.apache.ratis.thirdparty.io.grpc.StatusRuntimeException: UNAVAILABLE: io exception
2022-08-10 20:40:56,925 [grpc-default-executor-3] INFO  leader.FollowerInfo (FollowerInfoImpl.java:lambda$new$0(48)) - omNode-2@group-523986131536->omNode-1: nextIndex: updateUnconditionally 0 -> 0
2022-08-10 20:40:56,925 [grpc-default-executor-3] WARN  server.GrpcLogAppender (LogUtils.java:warn(122)) - omNode-2@group-523986131536->omNode-1-AppendLogResponseHandler: Failed appendEntries: org.apache.ratis.thirdparty.io.grpc.StatusRuntimeException: UNAVAILABLE: io exception
2022-08-10 20:40:56,925 [grpc-default-executor-3] INFO  leader.FollowerInfo (FollowerInfoImpl.java:lambda$new$0(48)) - omNode-2@group-523986131536->omNode-1: nextIndex: updateUnconditionally 0 -> 0
2022-08-10 20:40:56,925 [omNode-2@group-523986131536->omNode-1-GrpcLogAppender-LogAppenderDaemon] INFO  server.GrpcLogAppender (GrpcLogAppender.java:installSnapshot(541)) - omNode-2@group-523986131536->omNode-1-GrpcLogAppender: followerNextIndex = 0 but logStartIndex = -1, notify follower to install snapshot-(t:1, i:24)
2022-08-10 20:40:56,925 [omNode-2@group-523986131536->omNode-1-GrpcLogAppender-LogAppenderDaemon] INFO  server.GrpcLogAppender (GrpcLogAppender.java:installSnapshot(549)) - omNode-2@group-523986131536->omNode-1-GrpcLogAppender: send omNode-2->omNode-1#0-t1,notify:(t:1, i:24)
2022-08-10 20:40:56,926 [grpc-default-executor-3] WARN  server.GrpcLogAppender (LogUtils.java:warn(122)) - omNode-2@group-523986131536->omNode-1-InstallSnapshotResponseHandler: Failed InstallSnapshot: org.apache.ratis.thirdparty.io.grpc.StatusRuntimeException: UNAVAILABLE: io exception
2022-08-10 20:40:56,926 [grpc-default-executor-3] INFO  leader.FollowerInfo (FollowerInfoImpl.java:lambda$new$0(48)) - omNode-2@group-523986131536->omNode-1: nextIndex: updateUnconditionally 0 -> 0
2022-08-10 20:40:56,927 [omNode-2@group-523986131536->omNode-1-GrpcLogAppender-LogAppenderDaemon] INFO  server.GrpcLogAppender (GrpcLogAppender.java:installSnapshot(541)) - omNode-2@group-523986131536->omNode-1-GrpcLogAppender: followerNextIndex = 0 but logStartIndex = -1, notify follower to install snapshot-(t:1, i:24)
2022-08-10 20:40:56,927 [omNode-2@group-523986131536->omNode-1-GrpcLogAppender-LogAppenderDaemon] INFO  server.GrpcLogAppender (GrpcLogAppender.java:installSnapshot(549)) - omNode-2@group-523986131536->omNode-1-GrpcLogAppender: send omNode-2->omNode-1#0-t1,notify:(t:1, i:24)
2022-08-10 20:40:56,929 [grpc-default-executor-0] WARN  server.GrpcLogAppender (LogUtils.java:warn(122)) - omNode-2@group-523986131536->omNode-1-AppendLogResponseHandler: Failed appendEntries: org.apache.ratis.thirdparty.io.grpc.StatusRuntimeException: UNAVAILABLE: io exception
2022-08-10 20:40:56,930 [grpc-default-executor-0] INFO  leader.FollowerInfo (FollowerInfoImpl.java:lambda$new$0(48)) - omNode-2@group-523986131536->omNode-1: nextIndex: updateUnconditionally 0 -> 0
2022-08-10 20:40:56,930 [grpc-default-executor-3] WARN  server.GrpcLogAppender (LogUtils.java:warn(122)) - omNode-2@group-523986131536->omNode-1-InstallSnapshotResponseHandler: Failed InstallSnapshot: org.apache.ratis.thirdparty.io.grpc.StatusRuntimeException: UNAVAILABLE: io exception
2022-08-10 20:40:56,930 [grpc-default-executor-3] INFO  leader.FollowerInfo (FollowerInfoImpl.java:lambda$new$0(48)) - omNode-2@group-523986131536->omNode-1: nextIndex: updateUnconditionally 0 -> 0
2022-08-10 20:40:56,930 [grpc-default-executor-3] WARN  server.GrpcLogAppender (LogUtils.java:warn(122)) - omNode-2@group-523986131536->omNode-1-AppendLogResponseHandler: Failed appendEntries: org.apache.ratis.thirdparty.io.grpc.StatusRuntimeException: UNAVAILABLE: io exception
2022-08-10 20:40:56,930 [grpc-default-executor-3] INFO  leader.FollowerInfo (FollowerInfoImpl.java:lambda$new$0(48)) - omNode-2@group-523986131536->omNode-1: nextIndex: updateUnconditionally 0 -> 0
2022-08-10 20:40:56,930 [omNode-2@group-523986131536->omNode-1-GrpcLogAppender-LogAppenderDaemon] INFO  server.GrpcLogAppender (GrpcLogAppender.java:installSnapshot(541)) - omNode-2@group-523986131536->omNode-1-GrpcLogAppender: followerNextIndex = 0 but logStartIndex = -1, notify follower to install snapshot-(t:1, i:24)
2022-08-10 20:40:56,930 [omNode-2@group-523986131536->omNode-1-GrpcLogAppender-LogAppenderDaemon] INFO  server.GrpcLogAppender (GrpcLogAppender.java:installSnapshot(549)) - omNode-2@group-523986131536->omNode-1-GrpcLogAppender: send omNode-2->omNode-1#0-t1,notify:(t:1, i:24)
2022-08-10 20:40:56,930 [grpc-default-executor-3] WARN  server.GrpcLogAppender (LogUtils.java:warn(122)) - omNode-2@group-523986131536->omNode-1-InstallSnapshotResponseHandler: Failed InstallSnapshot: org.apache.ratis.thirdparty.io.grpc.StatusRuntimeException: UNAVAILABLE: io exception
2022-08-10 20:40:56,931 [grpc-default-executor-3] INFO  leader.FollowerInfo (FollowerInfoImpl.java:lambda$new$0(48)) - omNode-2@group-523986131536->omNode-1: nextIndex: updateUnconditionally 0 -> 0
2022-08-10 20:40:56,931 [grpc-default-executor-3] WARN  server.GrpcLogAppender (LogUtils.java:warn(122)) - omNode-2@group-523986131536->omNode-1-AppendLogResponseHandler: Failed appendEntries: org.apache.ratis.thirdparty.io.grpc.StatusRuntimeException: UNAVAILABLE: io exception
2022-08-10 20:40:56,931 [grpc-default-executor-3] INFO  leader.FollowerInfo (FollowerInfoImpl.java:lambda$new$0(48)) - omNode-2@group-523986131536->omNode-1: nextIndex: updateUnconditionally 0 -> 0
2022-08-10 20:40:56,931 [omNode-2@group-523986131536->omNode-1-GrpcLogAppender-LogAppenderDaemon] INFO  server.GrpcLogAppender (GrpcLogAppender.java:installSnapshot(541)) - omNode-2@group-523986131536->omNode-1-GrpcLogAppender: followerNextIndex = 0 but logStartIndex = -1, notify follower to install snapshot-(t:1, i:24)
2022-08-10 20:40:56,931 [omNode-2@group-523986131536->omNode-1-GrpcLogAppender-LogAppenderDaemon] INFO  server.GrpcLogAppender (GrpcLogAppender.java:installSnapshot(549)) - omNode-2@group-523986131536->omNode-1-GrpcLogAppender: send omNode-2->omNode-1#0-t1,notify:(t:1, i:24)
2022-08-10 20:40:56,931 [grpc-default-executor-3] WARN  server.GrpcLogAppender (LogUtils.java:warn(122)) - omNode-2@group-523986131536->omNode-1-InstallSnapshotResponseHandler: Failed InstallSnapshot: org.apache.ratis.thirdparty.io.grpc.StatusRuntimeException: UNAVAILABLE: io exception
2022-08-10 20:40:56,931 [grpc-default-executor-3] INFO  leader.FollowerInfo (FollowerInfoImpl.java:lambda$new$0(48)) - omNode-2@group-523986131536->omNode-1: nextIndex: updateUnconditionally 0 -> 0
2022-08-10 20:40:56,931 [grpc-default-executor-3] WARN  server.GrpcLogAppender (LogUtils.java:warn(122)) - omNode-2@group-523986131536->omNode-1-AppendLogResponseHandler: Failed appendEntries: org.apache.ratis.thirdparty.io.grpc.StatusRuntimeException: UNAVAILABLE: io exception
2022-08-10 20:40:56,932 [grpc-default-executor-3] INFO  leader.FollowerInfo (FollowerInfoImpl.java:lambda$new$0(48)) - omNode-2@group-523986131536->omNode-1: nextIndex: updateUnconditionally 0 -> 0
2022-08-10 20:40:56,932 [omNode-2@group-523986131536->omNode-1-GrpcLogAppender-LogAppenderDaemon] INFO  server.GrpcLogAppender (GrpcLogAppender.java:installSnapshot(541)) - omNode-2@group-523986131536->omNode-1-GrpcLogAppender: followerNextIndex = 0 but logStartIndex = -1, notify follower to install snapshot-(t:1, i:24)
2022-08-10 20:40:56,932 [omNode-2@group-523986131536->omNode-1-GrpcLogAppender-LogAppenderDaemon] INFO  server.GrpcLogAppender (GrpcLogAppender.java:installSnapshot(549)) - omNode-2@group-523986131536->omNode-1-GrpcLogAppender: send omNode-2->omNode-1#0-t1,notify:(t:1, i:24)
2022-08-10 20:40:56,933 [grpc-default-executor-3] WARN  server.GrpcLogAppender (LogUtils.java:warn(122)) - omNode-2@group-523986131536->omNode-1-InstallSnapshotResponseHandler: Failed InstallSnapshot: org.apache.ratis.thirdparty.io.grpc.StatusRuntimeException: UNAVAILABLE: io exception
2022-08-10 20:40:56,933 [grpc-default-executor-3] INFO  leader.FollowerInfo (FollowerInfoImpl.java:lambda$new$0(48)) - omNode-2@group-523986131536->omNode-1: nextIndex: updateUnconditionally 0 -> 0
2022-08-10 20:40:56,933 [omNode-2@group-523986131536->omNode-1-GrpcLogAppender-LogAppenderDaemon] INFO  server.GrpcLogAppender (GrpcLogAppender.java:installSnapshot(541)) - omNode-2@group-523986131536->omNode-1-GrpcLogAppender: followerNextIndex = 0 but logStartIndex = -1, notify follower to install snapshot-(t:1, i:24)
2022-08-10 20:40:56,933 [omNode-2@group-523986131536->omNode-1-GrpcLogAppender-LogAppenderDaemon] INFO  server.GrpcLogAppender (GrpcLogAppender.java:installSnapshot(549)) - omNode-2@group-523986131536->omNode-1-GrpcLogAppender: send omNode-2->omNode-1#0-t1,notify:(t:1, i:24)
2022-08-10 20:40:56,935 [grpc-default-executor-0] WARN  server.GrpcLogAppender (LogUtils.java:warn(122)) - omNode-2@group-523986131536->omNode-1-AppendLogResponseHandler: Failed appendEntries: org.apache.ratis.thirdparty.io.grpc.StatusRuntimeException: UNAVAILABLE: io exception
2022-08-10 20:40:56,935 [grpc-default-executor-0] INFO  leader.FollowerInfo (FollowerInfoImpl.java:lambda$new$0(48)) - omNode-2@group-523986131536->omNode-1: nextIndex: updateUnconditionally 0 -> 0
2022-08-10 20:40:56,935 [grpc-default-executor-3] WARN  server.GrpcLogAppender (LogUtils.java:warn(122)) - omNode-2@group-523986131536->omNode-1-InstallSnapshotResponseHandler: Failed InstallSnapshot: org.apache.ratis.thirdparty.io.grpc.StatusRuntimeException: UNAVAILABLE: io exception
2022-08-10 20:40:56,935 [grpc-default-executor-3] INFO  leader.FollowerInfo (FollowerInfoImpl.java:lambda$new$0(48)) - omNode-2@group-523986131536->omNode-1: nextIndex: updateUnconditionally 0 -> 0
2022-08-10 20:40:56,935 [grpc-default-executor-3] WARN  server.GrpcLogAppender (LogUtils.java:warn(122)) - omNode-2@group-523986131536->omNode-1-AppendLogResponseHandler: Failed appendEntries: org.apache.ratis.thirdparty.io.grpc.StatusRuntimeException: UNAVAILABLE: io exception
2022-08-10 20:40:56,935 [grpc-default-executor-3] INFO  leader.FollowerInfo (FollowerInfoImpl.java:lambda$new$0(48)) - omNode-2@group-523986131536->omNode-1: nextIndex: updateUnconditionally 0 -> 0
2022-08-10 20:40:56,935 [omNode-2@group-523986131536->omNode-1-GrpcLogAppender-LogAppenderDaemon] INFO  server.GrpcLogAppender (GrpcLogAppender.java:installSnapshot(541)) - omNode-2@group-523986131536->omNode-1-GrpcLogAppender: followerNextIndex = 0 but logStartIndex = -1, notify follower to install snapshot-(t:1, i:24)
2022-08-10 20:40:56,935 [omNode-2@group-523986131536->omNode-1-GrpcLogAppender-LogAppenderDaemon] INFO  server.GrpcLogAppender (GrpcLogAppender.java:installSnapshot(549)) - omNode-2@group-523986131536->omNode-1-GrpcLogAppender: send omNode-2->omNode-1#0-t1,notify:(t:1, i:24)
2022-08-10 20:40:56,936 [grpc-default-executor-3] WARN  server.GrpcLogAppender (LogUtils.java:warn(122)) - omNode-2@group-523986131536->omNode-1-InstallSnapshotResponseHandler: Failed InstallSnapshot: org.apache.ratis.thirdparty.io.grpc.StatusRuntimeException: UNAVAILABLE: io exception
2022-08-10 20:40:56,936 [grpc-default-executor-3] INFO  leader.FollowerInfo (FollowerInfoImpl.java:lambda$new$0(48)) - omNode-2@group-523986131536->omNode-1: nextIndex: updateUnconditionally 0 -> 0
2022-08-10 20:40:56,937 [grpc-default-executor-3] WARN  server.GrpcLogAppender (LogUtils.java:warn(122)) - omNode-2@group-523986131536->omNode-1-AppendLogResponseHandler: Failed appendEntries: org.apache.ratis.thirdparty.io.grpc.StatusRuntimeException: UNAVAILABLE: io exception
2022-08-10 20:40:56,937 [grpc-default-executor-3] INFO  leader.FollowerInfo (FollowerInfoImpl.java:lambda$new$0(48)) - omNode-2@group-523986131536->omNode-1: nextIndex: updateUnconditionally 0 -> 0
2022-08-10 20:40:56,937 [omNode-2@group-523986131536->omNode-1-GrpcLogAppender-LogAppenderDaemon] INFO  server.GrpcLogAppender (GrpcLogAppender.java:installSnapshot(541)) - omNode-2@group-523986131536->omNode-1-GrpcLogAppender: followerNextIndex = 0 but logStartIndex = -1, notify follower to install snapshot-(t:1, i:24)
2022-08-10 20:40:56,937 [omNode-2@group-523986131536->omNode-1-GrpcLogAppender-LogAppenderDaemon] INFO  server.GrpcLogAppender (GrpcLogAppender.java:installSnapshot(549)) - omNode-2@group-523986131536->omNode-1-GrpcLogAppender: send omNode-2->omNode-1#0-t1,notify:(t:1, i:24)
2022-08-10 20:40:56,938 [Listener at localhost/39139] INFO  om.OzoneManager (OzoneManager.java:instantiateServices(697)) - S3 Multi-Tenancy is disabled
2022-08-10 20:40:56,939 [Listener at localhost/39139] WARN  om.OzoneManager (OzoneManager.java:instantiatePrepareStateOnStartup(4393)) - Prepare marker file index 23 does not match DB prepare index 18. Writing DB index to prepare file and maintaining prepared state.
2022-08-10 20:40:56,939 [Listener at localhost/39139] INFO  om.OzoneManagerPrepareState (OzoneManagerPrepareState.java:writePrepareMarkerFile(262)) - Prepare marker file written with log index 18 to file /home/runner/work/ozone/ozone/hadoop-ozone/integration-test/target/test-dir/MiniOzoneClusterImpl-6b5328db-83be-43cc-b602-c95cfe986a84/omNode-1/current/prepareMarker
2022-08-10 20:40:56,940 [grpc-default-executor-0] WARN  server.GrpcLogAppender (LogUtils.java:warn(122)) - omNode-2@group-523986131536->omNode-1-InstallSnapshotResponseHandler: Failed InstallSnapshot: org.apache.ratis.thirdparty.io.grpc.StatusRuntimeException: UNAVAILABLE: io exception
2022-08-10 20:40:56,940 [grpc-default-executor-0] INFO  leader.FollowerInfo (FollowerInfoImpl.java:lambda$new$0(48)) - omNode-2@group-523986131536->omNode-1: nextIndex: updateUnconditionally 0 -> 0
2022-08-10 20:40:56,940 [grpc-default-executor-0] WARN  server.GrpcLogAppender (LogUtils.java:warn(122)) - omNode-2@group-523986131536->omNode-1-AppendLogResponseHandler: Failed appendEntries: org.apache.ratis.thirdparty.io.grpc.StatusRuntimeException: UNAVAILABLE: io exception
2022-08-10 20:40:56,940 [grpc-default-executor-0] INFO  leader.FollowerInfo (FollowerInfoImpl.java:lambda$new$0(48)) - omNode-2@group-523986131536->omNode-1: nextIndex: updateUnconditionally 0 -> 0
2022-08-10 20:40:56,940 [omNode-2@group-523986131536->omNode-1-GrpcLogAppender-LogAppenderDaemon] INFO  server.GrpcLogAppender (GrpcLogAppender.java:installSnapshot(541)) - omNode-2@group-523986131536->omNode-1-GrpcLogAppender: followerNextIndex = 0 but logStartIndex = -1, notify follower to install snapshot-(t:1, i:24)
2022-08-10 20:40:56,940 [omNode-2@group-523986131536->omNode-1-GrpcLogAppender-LogAppenderDaemon] INFO  server.GrpcLogAppender (GrpcLogAppender.java:installSnapshot(549)) - omNode-2@group-523986131536->omNode-1-GrpcLogAppender: send omNode-2->omNode-1#0-t1,notify:(t:1, i:24)
2022-08-10 20:40:56,941 [grpc-default-executor-0] WARN  server.GrpcLogAppender (LogUtils.java:warn(122)) - omNode-2@group-523986131536->omNode-1-InstallSnapshotResponseHandler: Failed InstallSnapshot: org.apache.ratis.thirdparty.io.grpc.StatusRuntimeException: UNAVAILABLE: io exception
2022-08-10 20:40:56,941 [grpc-default-executor-0] INFO  leader.FollowerInfo (FollowerInfoImpl.java:lambda$new$0(48)) - omNode-2@group-523986131536->omNode-1: nextIndex: updateUnconditionally 0 -> 0
2022-08-10 20:40:56,941 [grpc-default-executor-0] WARN  server.GrpcLogAppender (LogUtils.java:warn(122)) - omNode-2@group-523986131536->omNode-1-AppendLogResponseHandler: Failed appendEntries: org.apache.ratis.thirdparty.io.grpc.StatusRuntimeException: UNAVAILABLE: io exception
2022-08-10 20:40:56,941 [grpc-default-executor-0] INFO  leader.FollowerInfo (FollowerInfoImpl.java:lambda$new$0(48)) - omNode-2@group-523986131536->omNode-1: nextIndex: updateUnconditionally 0 -> 0
2022-08-10 20:40:56,941 [omNode-2@group-523986131536->omNode-1-GrpcLogAppender-LogAppenderDaemon] INFO  server.GrpcLogAppender (GrpcLogAppender.java:installSnapshot(541)) - omNode-2@group-523986131536->omNode-1-GrpcLogAppender: followerNextIndex = 0 but logStartIndex = -1, notify follower to install snapshot-(t:1, i:24)
2022-08-10 20:40:56,941 [omNode-2@group-523986131536->omNode-1-GrpcLogAppender-LogAppenderDaemon] INFO  server.GrpcLogAppender (GrpcLogAppender.java:installSnapshot(549)) - omNode-2@group-523986131536->omNode-1-GrpcLogAppender: send omNode-2->omNode-1#0-t1,notify:(t:1, i:24)
2022-08-10 20:40:56,942 [grpc-default-executor-0] WARN  server.GrpcLogAppender (LogUtils.java:warn(122)) - omNode-2@group-523986131536->omNode-1-InstallSnapshotResponseHandler: Failed InstallSnapshot: org.apache.ratis.thirdparty.io.grpc.StatusRuntimeException: UNAVAILABLE: io exception
2022-08-10 20:40:56,942 [grpc-default-executor-0] INFO  leader.FollowerInfo (FollowerInfoImpl.java:lambda$new$0(48)) - omNode-2@group-523986131536->omNode-1: nextIndex: updateUnconditionally 0 -> 0
2022-08-10 20:40:56,942 [omNode-2@group-523986131536->omNode-1-GrpcLogAppender-LogAppenderDaemon] INFO  server.GrpcLogAppender (GrpcLogAppender.java:installSnapshot(541)) - omNode-2@group-523986131536->omNode-1-GrpcLogAppender: followerNextIndex = 0 but logStartIndex = -1, notify follower to install snapshot-(t:1, i:24)
2022-08-10 20:40:56,942 [omNode-2@group-523986131536->omNode-1-GrpcLogAppender-LogAppenderDaemon] INFO  server.GrpcLogAppender (GrpcLogAppender.java:installSnapshot(549)) - omNode-2@group-523986131536->omNode-1-GrpcLogAppender: send omNode-2->omNode-1#0-t1,notify:(t:1, i:24)
2022-08-10 20:40:56,944 [grpc-default-executor-3] WARN  server.GrpcLogAppender (LogUtils.java:warn(122)) - omNode-2@group-523986131536->omNode-1-AppendLogResponseHandler: Failed appendEntries: org.apache.ratis.thirdparty.io.grpc.StatusRuntimeException: UNAVAILABLE: io exception
2022-08-10 20:40:56,944 [grpc-default-executor-3] INFO  leader.FollowerInfo (FollowerInfoImpl.java:lambda$new$0(48)) - omNode-2@group-523986131536->omNode-1: nextIndex: updateUnconditionally 0 -> 0
2022-08-10 20:40:56,944 [grpc-default-executor-0] WARN  server.GrpcLogAppender (LogUtils.java:warn(122)) - omNode-2@group-523986131536->omNode-1-InstallSnapshotResponseHandler: Failed InstallSnapshot: org.apache.ratis.thirdparty.io.grpc.StatusRuntimeException: UNAVAILABLE: io exception
2022-08-10 20:40:56,944 [grpc-default-executor-0] INFO  leader.FollowerInfo (FollowerInfoImpl.java:lambda$new$0(48)) - omNode-2@group-523986131536->omNode-1: nextIndex: updateUnconditionally 0 -> 0
2022-08-10 20:40:56,944 [grpc-default-executor-0] WARN  server.GrpcLogAppender (LogUtils.java:warn(122)) - omNode-2@group-523986131536->omNode-1-AppendLogResponseHandler: Failed appendEntries: org.apache.ratis.thirdparty.io.grpc.StatusRuntimeException: UNAVAILABLE: io exception
2022-08-10 20:40:56,944 [grpc-default-executor-0] INFO  leader.FollowerInfo (FollowerInfoImpl.java:lambda$new$0(48)) - omNode-2@group-523986131536->omNode-1: nextIndex: updateUnconditionally 0 -> 0
2022-08-10 20:40:56,944 [omNode-2@group-523986131536->omNode-1-GrpcLogAppender-LogAppenderDaemon] INFO  server.GrpcLogAppender (GrpcLogAppender.java:installSnapshot(541)) - omNode-2@group-523986131536->omNode-1-GrpcLogAppender: followerNextIndex = 0 but logStartIndex = -1, notify follower to install snapshot-(t:1, i:24)
2022-08-10 20:40:56,944 [omNode-2@group-523986131536->omNode-1-GrpcLogAppender-LogAppenderDaemon] INFO  server.GrpcLogAppender (GrpcLogAppender.java:installSnapshot(549)) - omNode-2@group-523986131536->omNode-1-GrpcLogAppender: send omNode-2->omNode-1#0-t1,notify:(t:1, i:24)
2022-08-10 20:40:56,944 [grpc-default-executor-0] WARN  server.GrpcLogAppender (LogUtils.java:warn(122)) - omNode-2@group-523986131536->omNode-1-InstallSnapshotResponseHandler: Failed InstallSnapshot: org.apache.ratis.thirdparty.io.grpc.StatusRuntimeException: UNAVAILABLE: io exception
2022-08-10 20:40:56,944 [grpc-default-executor-0] INFO  leader.FollowerInfo (FollowerInfoImpl.java:lambda$new$0(48)) - omNode-2@group-523986131536->omNode-1: nextIndex: updateUnconditionally 0 -> 0
2022-08-10 20:40:56,945 [grpc-default-executor-0] WARN  server.GrpcLogAppender (LogUtils.java:warn(122)) - omNode-2@group-523986131536->omNode-1-AppendLogResponseHandler: Failed appendEntries: org.apache.ratis.thirdparty.io.grpc.StatusRuntimeException: UNAVAILABLE: io exception
2022-08-10 20:40:56,945 [grpc-default-executor-0] INFO  leader.FollowerInfo (FollowerInfoImpl.java:lambda$new$0(48)) - omNode-2@group-523986131536->omNode-1: nextIndex: updateUnconditionally 0 -> 0
2022-08-10 20:40:56,945 [Listener at localhost/39139] WARN  impl.MetricRegistriesImpl (MetricRegistriesImpl.java:addReporterRegistration(111)) - New reporters are added after registries were created. Some metrics will be missing from the reporter. Please add reporter before adding any new registry.
2022-08-10 20:40:56,945 [Listener at localhost/39139] WARN  impl.MetricRegistriesImpl (MetricRegistriesImpl.java:addReporterRegistration(111)) - New reporters are added after registries were created. Some metrics will be missing from the reporter. Please add reporter before adding any new registry.
2022-08-10 20:40:56,945 [Listener at localhost/39139] WARN  server.ServerUtils (ServerUtils.java:getDefaultRatisDirectory(237)) - Storage directory for Ratis is not configured. It is a good idea to map this to an SSD disk. Falling back to ozone.metadata.dirs
2022-08-10 20:40:56,946 [omNode-2@group-523986131536->omNode-1-GrpcLogAppender-LogAppenderDaemon] INFO  server.GrpcLogAppender (GrpcLogAppender.java:installSnapshot(541)) - omNode-2@group-523986131536->omNode-1-GrpcLogAppender: followerNextIndex = 0 but logStartIndex = -1, notify follower to install snapshot-(t:1, i:24)
2022-08-10 20:40:56,946 [omNode-2@group-523986131536->omNode-1-GrpcLogAppender-LogAppenderDaemon] INFO  server.GrpcLogAppender (GrpcLogAppender.java:installSnapshot(549)) - omNode-2@group-523986131536->omNode-1-GrpcLogAppender: send omNode-2->omNode-1#0-t1,notify:(t:1, i:24)
2022-08-10 20:40:56,947 [grpc-default-executor-0] WARN  server.GrpcLogAppender (LogUtils.java:warn(122)) - omNode-2@group-523986131536->omNode-1-InstallSnapshotResponseHandler: Failed InstallSnapshot: org.apache.ratis.thirdparty.io.grpc.StatusRuntimeException: UNAVAILABLE: io exception
2022-08-10 20:40:56,947 [grpc-default-executor-0] INFO  leader.FollowerInfo (FollowerInfoImpl.java:lambda$new$0(48)) - omNode-2@group-523986131536->omNode-1: nextIndex: updateUnconditionally 0 -> 0
2022-08-10 20:40:56,947 [grpc-default-executor-0] WARN  server.GrpcLogAppender (LogUtils.java:warn(122)) - omNode-2@group-523986131536->omNode-1-AppendLogResponseHandler: Failed appendEntries: org.apache.ratis.thirdparty.io.grpc.StatusRuntimeException: UNAVAILABLE: io exception
2022-08-10 20:40:56,947 [grpc-default-executor-0] INFO  leader.FollowerInfo (FollowerInfoImpl.java:lambda$new$0(48)) - omNode-2@group-523986131536->omNode-1: nextIndex: updateUnconditionally 0 -> 0
2022-08-10 20:40:56,947 [omNode-2@group-523986131536->omNode-1-GrpcLogAppender-LogAppenderDaemon] INFO  server.GrpcLogAppender (GrpcLogAppender.java:installSnapshot(541)) - omNode-2@group-523986131536->omNode-1-GrpcLogAppender: followerNextIndex = 0 but logStartIndex = -1, notify follower to install snapshot-(t:1, i:24)
2022-08-10 20:40:56,947 [omNode-2@group-523986131536->omNode-1-GrpcLogAppender-LogAppenderDaemon] INFO  server.GrpcLogAppender (GrpcLogAppender.java:installSnapshot(549)) - omNode-2@group-523986131536->omNode-1-GrpcLogAppender: send omNode-2->omNode-1#0-t1,notify:(t:1, i:24)
2022-08-10 20:40:56,947 [Listener at localhost/39139] INFO  ratis.OzoneManagerRatisServer (OzoneManagerRatisServer.java:<init>(159)) - Instantiating OM Ratis server with groupID: om-service-test1 and peers: localhost:38271, localhost:39235, localhost:35563
2022-08-10 20:40:56,948 [Listener at localhost/39139] INFO  ratis.OzoneManagerStateMachine (OzoneManagerStateMachine.java:loadSnapshotInfoFromDB(632)) - LastAppliedIndex is set from TransactionInfo from OM DB as (t:1, i:23)
2022-08-10 20:40:56,948 [grpc-default-executor-0] WARN  server.GrpcLogAppender (LogUtils.java:warn(122)) - omNode-2@group-523986131536->omNode-1-InstallSnapshotResponseHandler: Failed InstallSnapshot: org.apache.ratis.thirdparty.io.grpc.StatusRuntimeException: UNAVAILABLE: io exception
2022-08-10 20:40:56,948 [grpc-default-executor-0] INFO  leader.FollowerInfo (FollowerInfoImpl.java:lambda$new$0(48)) - omNode-2@group-523986131536->omNode-1: nextIndex: updateUnconditionally 0 -> 0
2022-08-10 20:40:56,948 [omNode-2@group-523986131536->omNode-1-GrpcLogAppender-LogAppenderDaemon] INFO  server.GrpcLogAppender (GrpcLogAppender.java:installSnapshot(541)) - omNode-2@group-523986131536->omNode-1-GrpcLogAppender: followerNextIndex = 0 but logStartIndex = -1, notify follower to install snapshot-(t:1, i:24)
2022-08-10 20:40:56,948 [omNode-2@group-523986131536->omNode-1-GrpcLogAppender-LogAppenderDaemon] INFO  server.GrpcLogAppender (GrpcLogAppender.java:installSnapshot(549)) - omNode-2@group-523986131536->omNode-1-GrpcLogAppender: send omNode-2->omNode-1#0-t1,notify:(t:1, i:24)
2022-08-10 20:40:56,949 [grpc-default-executor-3] WARN  server.GrpcLogAppender (LogUtils.java:warn(122)) - omNode-2@group-523986131536->omNode-1-AppendLogResponseHandler: Failed appendEntries: org.apache.ratis.thirdparty.io.grpc.StatusRuntimeException: UNAVAILABLE: io exception
2022-08-10 20:40:56,949 [grpc-default-executor-3] INFO  leader.FollowerInfo (FollowerInfoImpl.java:lambda$new$0(48)) - omNode-2@group-523986131536->omNode-1: nextIndex: updateUnconditionally 0 -> 0
2022-08-10 20:40:56,949 [grpc-default-executor-0] WARN  server.GrpcLogAppender (LogUtils.java:warn(122)) - omNode-2@group-523986131536->omNode-1-InstallSnapshotResponseHandler: Failed InstallSnapshot: org.apache.ratis.thirdparty.io.grpc.StatusRuntimeException: UNAVAILABLE: io exception
2022-08-10 20:40:56,949 [grpc-default-executor-0] INFO  leader.FollowerInfo (FollowerInfoImpl.java:lambda$new$0(48)) - omNode-2@group-523986131536->omNode-1: nextIndex: updateUnconditionally 0 -> 0
2022-08-10 20:40:56,949 [grpc-default-executor-0] WARN  server.GrpcLogAppender (LogUtils.java:warn(122)) - omNode-2@group-523986131536->omNode-1-AppendLogResponseHandler: Failed appendEntries: org.apache.ratis.thirdparty.io.grpc.StatusRuntimeException: UNAVAILABLE: io exception
2022-08-10 20:40:56,949 [grpc-default-executor-0] INFO  leader.FollowerInfo (FollowerInfoImpl.java:lambda$new$0(48)) - omNode-2@group-523986131536->omNode-1: nextIndex: updateUnconditionally 0 -> 0
2022-08-10 20:40:56,949 [omNode-2@group-523986131536->omNode-1-GrpcLogAppender-LogAppenderDaemon] INFO  server.GrpcLogAppender (GrpcLogAppender.java:installSnapshot(541)) - omNode-2@group-523986131536->omNode-1-GrpcLogAppender: followerNextIndex = 0 but logStartIndex = -1, notify follower to install snapshot-(t:1, i:24)
2022-08-10 20:40:56,950 [omNode-2@group-523986131536->omNode-1-GrpcLogAppender-LogAppenderDaemon] INFO  server.GrpcLogAppender (GrpcLogAppender.java:installSnapshot(549)) - omNode-2@group-523986131536->omNode-1-GrpcLogAppender: send omNode-2->omNode-1#0-t1,notify:(t:1, i:24)
2022-08-10 20:40:56,950 [grpc-default-executor-0] WARN  server.GrpcLogAppender (LogUtils.java:warn(122)) - omNode-2@group-523986131536->omNode-1-InstallSnapshotResponseHandler: Failed InstallSnapshot: org.apache.ratis.thirdparty.io.grpc.StatusRuntimeException: UNAVAILABLE: io exception
2022-08-10 20:40:56,950 [grpc-default-executor-0] INFO  leader.FollowerInfo (FollowerInfoImpl.java:lambda$new$0(48)) - omNode-2@group-523986131536->omNode-1: nextIndex: updateUnconditionally 0 -> 0
2022-08-10 20:40:56,950 [grpc-default-executor-0] WARN  server.GrpcLogAppender (LogUtils.java:warn(122)) - omNode-2@group-523986131536->omNode-1-AppendLogResponseHandler: Failed appendEntries: org.apache.ratis.thirdparty.io.grpc.StatusRuntimeException: UNAVAILABLE: io exception
2022-08-10 20:40:56,950 [grpc-default-executor-0] INFO  leader.FollowerInfo (FollowerInfoImpl.java:lambda$new$0(48)) - omNode-2@group-523986131536->omNode-1: nextIndex: updateUnconditionally 0 -> 0
2022-08-10 20:40:56,950 [omNode-2@group-523986131536->omNode-1-GrpcLogAppender-LogAppenderDaemon] INFO  server.GrpcLogAppender (GrpcLogAppender.java:installSnapshot(541)) - omNode-2@group-523986131536->omNode-1-GrpcLogAppender: followerNextIndex = 0 but logStartIndex = -1, notify follower to install snapshot-(t:1, i:24)
2022-08-10 20:40:56,950 [omNode-2@group-523986131536->omNode-1-GrpcLogAppender-LogAppenderDaemon] INFO  server.GrpcLogAppender (GrpcLogAppender.java:installSnapshot(549)) - omNode-2@group-523986131536->omNode-1-GrpcLogAppender: send omNode-2->omNode-1#0-t1,notify:(t:1, i:24)
2022-08-10 20:40:56,953 [Listener at localhost/39139] INFO  server.RaftServer (ConfUtils.java:logGet(46)) - raft.rpc.type = GRPC (default)
2022-08-10 20:40:56,953 [Listener at localhost/39139] INFO  grpc.GrpcFactory (GrpcFactory.java:checkPooledByteBufAllocatorUseCacheForAllThreads(48)) - PERFORMANCE WARNING: useCacheForAllThreads is true that may cause Netty to create a lot garbage objects and, as a result, trigger GC.
	It is recommended to disable useCacheForAllThreads by setting -Dorg.apache.ratis.thirdparty.io.netty.allocator.useCacheForAllThreads=false in command line.
2022-08-10 20:40:56,953 [Listener at localhost/39139] INFO  grpc.GrpcConfigKeys (ConfUtils.java:logGet(46)) - raft.grpc.admin.port = -1 (default)
2022-08-10 20:40:56,953 [grpc-default-executor-0] WARN  server.GrpcLogAppender (LogUtils.java:warn(122)) - omNode-2@group-523986131536->omNode-1-InstallSnapshotResponseHandler: Failed InstallSnapshot: org.apache.ratis.thirdparty.io.grpc.StatusRuntimeException: UNAVAILABLE: io exception
2022-08-10 20:40:56,954 [Listener at localhost/39139] INFO  grpc.GrpcConfigKeys (ConfUtils.java:logGet(46)) - raft.grpc.server.port = 38271 (custom)
2022-08-10 20:40:56,954 [Listener at localhost/39139] INFO  grpc.GrpcConfigKeys (ConfUtils.java:logGet(46)) - raft.grpc.client.port = -1 (default)
2022-08-10 20:40:56,954 [Listener at localhost/39139] INFO  grpc.GrpcConfigKeys (ConfUtils.java:logGet(46)) - raft.grpc.server.port = 38271 (custom)
2022-08-10 20:40:56,954 [grpc-default-executor-0] INFO  leader.FollowerInfo (FollowerInfoImpl.java:lambda$new$0(48)) - omNode-2@group-523986131536->omNode-1: nextIndex: updateUnconditionally 0 -> 0
2022-08-10 20:40:56,954 [Listener at localhost/39139] INFO  grpc.GrpcConfigKeys (ConfUtils.java:logGet(46)) - raft.grpc.server.port = 38271 (custom)
2022-08-10 20:40:56,954 [Listener at localhost/39139] INFO  server.GrpcService (ConfUtils.java:logGet(46)) - raft.grpc.message.size.max = 33554432 (custom)
2022-08-10 20:40:56,954 [Listener at localhost/39139] INFO  server.RaftServerConfigKeys (ConfUtils.java:logGet(46)) - raft.server.log.appender.buffer.byte-limit = 33554432 (custom)
2022-08-10 20:40:56,955 [Listener at localhost/39139] INFO  server.GrpcService (ConfUtils.java:logGet(46)) - raft.grpc.flow.control.window = 1MB (=1048576) (default)
2022-08-10 20:40:56,955 [Listener at localhost/39139] INFO  server.RaftServerConfigKeys (ConfUtils.java:logGet(46)) - raft.server.rpc.request.timeout = 3000ms (default)
2022-08-10 20:40:56,955 [Listener at localhost/39139] INFO  grpc.GrpcConfigKeys (ConfUtils.java:logGet(46)) - raft.grpc.server.async.request.thread.pool.cached = true (default)
2022-08-10 20:40:56,955 [Listener at localhost/39139] INFO  grpc.GrpcConfigKeys (ConfUtils.java:logGet(46)) - raft.grpc.server.async.request.thread.pool.size = 32 (default)
2022-08-10 20:40:56,955 [omNode-2@group-523986131536->omNode-1-GrpcLogAppender-LogAppenderDaemon] INFO  server.GrpcLogAppender (GrpcLogAppender.java:installSnapshot(541)) - omNode-2@group-523986131536->omNode-1-GrpcLogAppender: followerNextIndex = 0 but logStartIndex = -1, notify follower to install snapshot-(t:1, i:24)
2022-08-10 20:40:56,955 [grpc-default-executor-3] WARN  server.GrpcLogAppender (LogUtils.java:warn(122)) - omNode-2@group-523986131536->omNode-1-AppendLogResponseHandler: Failed appendEntries: org.apache.ratis.thirdparty.io.grpc.StatusRuntimeException: UNAVAILABLE: io exception
2022-08-10 20:40:56,955 [grpc-default-executor-3] INFO  leader.FollowerInfo (FollowerInfoImpl.java:lambda$new$0(48)) - omNode-2@group-523986131536->omNode-1: nextIndex: updateUnconditionally 0 -> 0
2022-08-10 20:40:56,956 [omNode-2@group-523986131536->omNode-1-GrpcLogAppender-LogAppenderDaemon] INFO  server.GrpcLogAppender (GrpcLogAppender.java:installSnapshot(549)) - omNode-2@group-523986131536->omNode-1-GrpcLogAppender: send omNode-2->omNode-1#0-t1,notify:(t:1, i:24)
2022-08-10 20:40:56,957 [grpc-default-executor-0] WARN  server.GrpcLogAppender (LogUtils.java:warn(122)) - omNode-2@group-523986131536->omNode-1-InstallSnapshotResponseHandler: Failed InstallSnapshot: org.apache.ratis.thirdparty.io.grpc.StatusRuntimeException: UNAVAILABLE: io exception
2022-08-10 20:40:56,957 [grpc-default-executor-0] INFO  leader.FollowerInfo (FollowerInfoImpl.java:lambda$new$0(48)) - omNode-2@group-523986131536->omNode-1: nextIndex: updateUnconditionally 0 -> 0
2022-08-10 20:40:56,957 [Listener at localhost/39139] INFO  impl.DataStreamServerImpl (ConfUtils.java:logGet(46)) - raft.datastream.type = DISABLED (default)
2022-08-10 20:40:56,957 [grpc-default-executor-0] WARN  server.GrpcLogAppender (LogUtils.java:warn(122)) - omNode-2@group-523986131536->omNode-1-AppendLogResponseHandler: Failed appendEntries: org.apache.ratis.thirdparty.io.grpc.StatusRuntimeException: UNAVAILABLE: io exception
2022-08-10 20:40:56,957 [Listener at localhost/39139] INFO  server.RaftServerConfigKeys (ConfUtils.java:logGet(46)) - raft.server.threadpool.proxy.cached = true (default)
2022-08-10 20:40:56,957 [Listener at localhost/39139] INFO  server.RaftServerConfigKeys (ConfUtils.java:logGet(46)) - raft.server.threadpool.proxy.size = 0 (default)
2022-08-10 20:40:56,957 [Listener at localhost/39139] INFO  server.RaftServerConfigKeys (ConfUtils.java:logGet(46)) - raft.server.rpc.slowness.timeout = 2s (custom)
2022-08-10 20:40:56,958 [Listener at localhost/39139] INFO  server.RaftServerConfigKeys (ConfUtils.java:logGet(46)) - raft.server.leaderelection.leader.step-down.wait-time = 10s (default)
2022-08-10 20:40:56,957 [omNode-2@group-523986131536->omNode-1-GrpcLogAppender-LogAppenderDaemon] INFO  server.GrpcLogAppender (GrpcLogAppender.java:installSnapshot(541)) - omNode-2@group-523986131536->omNode-1-GrpcLogAppender: followerNextIndex = 0 but logStartIndex = -1, notify follower to install snapshot-(t:1, i:24)
2022-08-10 20:40:56,957 [grpc-default-executor-0] INFO  leader.FollowerInfo (FollowerInfoImpl.java:lambda$new$0(48)) - omNode-2@group-523986131536->omNode-1: nextIndex: updateUnconditionally 0 -> 0
2022-08-10 20:40:56,958 [Listener at localhost/39139] INFO  server.RaftServerConfigKeys (ConfUtils.java:logGet(46)) - raft.server.storage.dir = [/home/runner/work/ozone/ozone/hadoop-ozone/integration-test/target/test-dir/MiniOzoneClusterImpl-6b5328db-83be-43cc-b602-c95cfe986a84/omNode-1/ratis] (custom)
2022-08-10 20:40:56,958 [omNode-2@group-523986131536->omNode-1-GrpcLogAppender-LogAppenderDaemon] INFO  server.GrpcLogAppender (GrpcLogAppender.java:installSnapshot(549)) - omNode-2@group-523986131536->omNode-1-GrpcLogAppender: send omNode-2->omNode-1#0-t1,notify:(t:1, i:24)
2022-08-10 20:40:56,961 [grpc-default-executor-3] WARN  server.GrpcLogAppender (LogUtils.java:warn(122)) - omNode-2@group-523986131536->omNode-1-InstallSnapshotResponseHandler: Failed InstallSnapshot: org.apache.ratis.thirdparty.io.grpc.StatusRuntimeException: UNAVAILABLE: io exception
2022-08-10 20:40:56,961 [grpc-default-executor-3] INFO  leader.FollowerInfo (FollowerInfoImpl.java:lambda$new$0(48)) - omNode-2@group-523986131536->omNode-1: nextIndex: updateUnconditionally 0 -> 0
2022-08-10 20:40:56,961 [grpc-default-executor-3] WARN  server.GrpcLogAppender (LogUtils.java:warn(122)) - omNode-2@group-523986131536->omNode-1-AppendLogResponseHandler: Failed appendEntries: org.apache.ratis.thirdparty.io.grpc.StatusRuntimeException: UNAVAILABLE: io exception
2022-08-10 20:40:56,961 [grpc-default-executor-3] INFO  leader.FollowerInfo (FollowerInfoImpl.java:lambda$new$0(48)) - omNode-2@group-523986131536->omNode-1: nextIndex: updateUnconditionally 0 -> 0
2022-08-10 20:40:56,961 [omNode-2@group-523986131536->omNode-1-GrpcLogAppender-LogAppenderDaemon] INFO  server.GrpcLogAppender (GrpcLogAppender.java:installSnapshot(541)) - omNode-2@group-523986131536->omNode-1-GrpcLogAppender: followerNextIndex = 0 but logStartIndex = -1, notify follower to install snapshot-(t:1, i:24)
2022-08-10 20:40:56,961 [omNode-2@group-523986131536->omNode-1-GrpcLogAppender-LogAppenderDaemon] INFO  server.GrpcLogAppender (GrpcLogAppender.java:installSnapshot(549)) - omNode-2@group-523986131536->omNode-1-GrpcLogAppender: send omNode-2->omNode-1#0-t1,notify:(t:1, i:24)
2022-08-10 20:40:56,962 [grpc-default-executor-3] WARN  server.GrpcLogAppender (LogUtils.java:warn(122)) - omNode-2@group-523986131536->omNode-1-InstallSnapshotResponseHandler: Failed InstallSnapshot: org.apache.ratis.thirdparty.io.grpc.StatusRuntimeException: UNAVAILABLE: io exception
2022-08-10 20:40:56,962 [grpc-default-executor-3] INFO  leader.FollowerInfo (FollowerInfoImpl.java:lambda$new$0(48)) - omNode-2@group-523986131536->omNode-1: nextIndex: updateUnconditionally 0 -> 0
2022-08-10 20:40:56,962 [grpc-default-executor-3] WARN  server.GrpcLogAppender (LogUtils.java:warn(122)) - omNode-2@group-523986131536->omNode-1-AppendLogResponseHandler: Failed appendEntries: org.apache.ratis.thirdparty.io.grpc.StatusRuntimeException: UNAVAILABLE: io exception
2022-08-10 20:40:56,962 [grpc-default-executor-3] INFO  leader.FollowerInfo (FollowerInfoImpl.java:lambda$new$0(48)) - omNode-2@group-523986131536->omNode-1: nextIndex: updateUnconditionally 0 -> 0
2022-08-10 20:40:56,962 [omNode-2@group-523986131536->omNode-1-GrpcLogAppender-LogAppenderDaemon] INFO  server.GrpcLogAppender (GrpcLogAppender.java:installSnapshot(541)) - omNode-2@group-523986131536->omNode-1-GrpcLogAppender: followerNextIndex = 0 but logStartIndex = -1, notify follower to install snapshot-(t:1, i:24)
2022-08-10 20:40:56,962 [omNode-2@group-523986131536->omNode-1-GrpcLogAppender-LogAppenderDaemon] INFO  server.GrpcLogAppender (GrpcLogAppender.java:installSnapshot(549)) - omNode-2@group-523986131536->omNode-1-GrpcLogAppender: send omNode-2->omNode-1#0-t1,notify:(t:1, i:24)
2022-08-10 20:40:56,962 [grpc-default-executor-3] WARN  server.GrpcLogAppender (LogUtils.java:warn(122)) - omNode-2@group-523986131536->omNode-1-InstallSnapshotResponseHandler: Failed InstallSnapshot: org.apache.ratis.thirdparty.io.grpc.StatusRuntimeException: UNAVAILABLE: io exception
2022-08-10 20:40:56,962 [grpc-default-executor-3] INFO  leader.FollowerInfo (FollowerInfoImpl.java:lambda$new$0(48)) - omNode-2@group-523986131536->omNode-1: nextIndex: updateUnconditionally 0 -> 0
2022-08-10 20:40:56,962 [grpc-default-executor-3] WARN  server.GrpcLogAppender (LogUtils.java:warn(122)) - omNode-2@group-523986131536->omNode-1-AppendLogResponseHandler: Failed appendEntries: org.apache.ratis.thirdparty.io.grpc.StatusRuntimeException: UNAVAILABLE: io exception
2022-08-10 20:40:56,963 [grpc-default-executor-3] INFO  leader.FollowerInfo (FollowerInfoImpl.java:lambda$new$0(48)) - omNode-2@group-523986131536->omNode-1: nextIndex: updateUnconditionally 0 -> 0
2022-08-10 20:40:56,963 [omNode-2@group-523986131536->omNode-1-GrpcLogAppender-LogAppenderDaemon] INFO  server.GrpcLogAppender (GrpcLogAppender.java:installSnapshot(541)) - omNode-2@group-523986131536->omNode-1-GrpcLogAppender: followerNextIndex = 0 but logStartIndex = -1, notify follower to install snapshot-(t:1, i:24)
2022-08-10 20:40:56,963 [omNode-2@group-523986131536->omNode-1-GrpcLogAppender-LogAppenderDaemon] INFO  server.GrpcLogAppender (GrpcLogAppender.java:installSnapshot(549)) - omNode-2@group-523986131536->omNode-1-GrpcLogAppender: send omNode-2->omNode-1#0-t1,notify:(t:1, i:24)
2022-08-10 20:40:56,963 [grpc-default-executor-3] WARN  server.GrpcLogAppender (LogUtils.java:warn(122)) - omNode-2@group-523986131536->omNode-1-InstallSnapshotResponseHandler: Failed InstallSnapshot: org.apache.ratis.thirdparty.io.grpc.StatusRuntimeException: UNAVAILABLE: io exception
2022-08-10 20:40:56,963 [grpc-default-executor-3] INFO  leader.FollowerInfo (FollowerInfoImpl.java:lambda$new$0(48)) - omNode-2@group-523986131536->omNode-1: nextIndex: updateUnconditionally 0 -> 0
2022-08-10 20:40:56,963 [grpc-default-executor-3] WARN  server.GrpcLogAppender (LogUtils.java:warn(122)) - omNode-2@group-523986131536->omNode-1-AppendLogResponseHandler: Failed appendEntries: org.apache.ratis.thirdparty.io.grpc.StatusRuntimeException: UNAVAILABLE: io exception
2022-08-10 20:40:56,963 [grpc-default-executor-3] INFO  leader.FollowerInfo (FollowerInfoImpl.java:lambda$new$0(48)) - omNode-2@group-523986131536->omNode-1: nextIndex: updateUnconditionally 0 -> 0
2022-08-10 20:40:56,963 [omNode-2@group-523986131536->omNode-1-GrpcLogAppender-LogAppenderDaemon] INFO  server.GrpcLogAppender (GrpcLogAppender.java:installSnapshot(541)) - omNode-2@group-523986131536->omNode-1-GrpcLogAppender: followerNextIndex = 0 but logStartIndex = -1, notify follower to install snapshot-(t:1, i:24)
2022-08-10 20:40:56,963 [omNode-2@group-523986131536->omNode-1-GrpcLogAppender-LogAppenderDaemon] INFO  server.GrpcLogAppender (GrpcLogAppender.java:installSnapshot(549)) - omNode-2@group-523986131536->omNode-1-GrpcLogAppender: send omNode-2->omNode-1#0-t1,notify:(t:1, i:24)
2022-08-10 20:40:56,963 [grpc-default-executor-3] WARN  server.GrpcLogAppender (LogUtils.java:warn(122)) - omNode-2@group-523986131536->omNode-1-InstallSnapshotResponseHandler: Failed InstallSnapshot: org.apache.ratis.thirdparty.io.grpc.StatusRuntimeException: UNAVAILABLE: io exception
2022-08-10 20:40:56,964 [grpc-default-executor-3] INFO  leader.FollowerInfo (FollowerInfoImpl.java:lambda$new$0(48)) - omNode-2@group-523986131536->omNode-1: nextIndex: updateUnconditionally 0 -> 0
2022-08-10 20:40:56,964 [grpc-default-executor-3] WARN  server.GrpcLogAppender (LogUtils.java:warn(122)) - omNode-2@group-523986131536->omNode-1-AppendLogResponseHandler: Failed appendEntries: org.apache.ratis.thirdparty.io.grpc.StatusRuntimeException: UNAVAILABLE: io exception
2022-08-10 20:40:56,964 [grpc-default-executor-3] INFO  leader.FollowerInfo (FollowerInfoImpl.java:lambda$new$0(48)) - omNode-2@group-523986131536->omNode-1: nextIndex: updateUnconditionally 0 -> 0
2022-08-10 20:40:56,964 [omNode-2@group-523986131536->omNode-1-GrpcLogAppender-LogAppenderDaemon] INFO  server.GrpcLogAppender (GrpcLogAppender.java:installSnapshot(541)) - omNode-2@group-523986131536->omNode-1-GrpcLogAppender: followerNextIndex = 0 but logStartIndex = -1, notify follower to install snapshot-(t:1, i:24)
2022-08-10 20:40:56,964 [omNode-2@group-523986131536->omNode-1-GrpcLogAppender-LogAppenderDaemon] INFO  server.GrpcLogAppender (GrpcLogAppender.java:installSnapshot(549)) - omNode-2@group-523986131536->omNode-1-GrpcLogAppender: send omNode-2->omNode-1#0-t1,notify:(t:1, i:24)
2022-08-10 20:40:56,965 [grpc-default-executor-3] WARN  server.GrpcLogAppender (LogUtils.java:warn(122)) - omNode-2@group-523986131536->omNode-1-InstallSnapshotResponseHandler: Failed InstallSnapshot: org.apache.ratis.thirdparty.io.grpc.StatusRuntimeException: UNAVAILABLE: io exception
2022-08-10 20:40:56,965 [grpc-default-executor-3] INFO  leader.FollowerInfo (FollowerInfoImpl.java:lambda$new$0(48)) - omNode-2@group-523986131536->omNode-1: nextIndex: updateUnconditionally 0 -> 0
2022-08-10 20:40:56,965 [omNode-2@group-523986131536->omNode-1-GrpcLogAppender-LogAppenderDaemon] INFO  server.GrpcLogAppender (GrpcLogAppender.java:installSnapshot(541)) - omNode-2@group-523986131536->omNode-1-GrpcLogAppender: followerNextIndex = 0 but logStartIndex = -1, notify follower to install snapshot-(t:1, i:24)
2022-08-10 20:40:56,965 [omNode-2@group-523986131536->omNode-1-GrpcLogAppender-LogAppenderDaemon] INFO  server.GrpcLogAppender (GrpcLogAppender.java:installSnapshot(549)) - omNode-2@group-523986131536->omNode-1-GrpcLogAppender: send omNode-2->omNode-1#0-t1,notify:(t:1, i:24)
2022-08-10 20:40:56,966 [grpc-default-executor-0] WARN  server.GrpcLogAppender (LogUtils.java:warn(122)) - omNode-2@group-523986131536->omNode-1-AppendLogResponseHandler: Failed appendEntries: org.apache.ratis.thirdparty.io.grpc.StatusRuntimeException: UNAVAILABLE: io exception
2022-08-10 20:40:56,966 [grpc-default-executor-0] INFO  leader.FollowerInfo (FollowerInfoImpl.java:lambda$new$0(48)) - omNode-2@group-523986131536->omNode-1: nextIndex: updateUnconditionally 0 -> 0
2022-08-10 20:40:56,966 [grpc-default-executor-3] WARN  server.GrpcLogAppender (LogUtils.java:warn(122)) - omNode-2@group-523986131536->omNode-1-InstallSnapshotResponseHandler: Failed InstallSnapshot: org.apache.ratis.thirdparty.io.grpc.StatusRuntimeException: UNAVAILABLE: io exception
2022-08-10 20:40:56,966 [grpc-default-executor-3] INFO  leader.FollowerInfo (FollowerInfoImpl.java:lambda$new$0(48)) - omNode-2@group-523986131536->omNode-1: nextIndex: updateUnconditionally 0 -> 0
2022-08-10 20:40:56,967 [grpc-default-executor-3] WARN  server.GrpcLogAppender (LogUtils.java:warn(122)) - omNode-2@group-523986131536->omNode-1-AppendLogResponseHandler: Failed appendEntries: org.apache.ratis.thirdparty.io.grpc.StatusRuntimeException: UNAVAILABLE: io exception
2022-08-10 20:40:56,967 [grpc-default-executor-3] INFO  leader.FollowerInfo (FollowerInfoImpl.java:lambda$new$0(48)) - omNode-2@group-523986131536->omNode-1: nextIndex: updateUnconditionally 0 -> 0
2022-08-10 20:40:56,967 [omNode-2@group-523986131536->omNode-1-GrpcLogAppender-LogAppenderDaemon] INFO  server.GrpcLogAppender (GrpcLogAppender.java:installSnapshot(541)) - omNode-2@group-523986131536->omNode-1-GrpcLogAppender: followerNextIndex = 0 but logStartIndex = -1, notify follower to install snapshot-(t:1, i:24)
2022-08-10 20:40:56,967 [omNode-2@group-523986131536->omNode-1-GrpcLogAppender-LogAppenderDaemon] INFO  server.GrpcLogAppender (GrpcLogAppender.java:installSnapshot(549)) - omNode-2@group-523986131536->omNode-1-GrpcLogAppender: send omNode-2->omNode-1#0-t1,notify:(t:1, i:24)
2022-08-10 20:40:56,967 [grpc-default-executor-3] WARN  server.GrpcLogAppender (LogUtils.java:warn(122)) - omNode-2@group-523986131536->omNode-1-InstallSnapshotResponseHandler: Failed InstallSnapshot: org.apache.ratis.thirdparty.io.grpc.StatusRuntimeException: UNAVAILABLE: io exception
2022-08-10 20:40:56,967 [grpc-default-executor-3] INFO  leader.FollowerInfo (FollowerInfoImpl.java:lambda$new$0(48)) - omNode-2@group-523986131536->omNode-1: nextIndex: updateUnconditionally 0 -> 0
2022-08-10 20:40:56,967 [grpc-default-executor-3] WARN  server.GrpcLogAppender (LogUtils.java:warn(122)) - omNode-2@group-523986131536->omNode-1-AppendLogResponseHandler: Failed appendEntries: org.apache.ratis.thirdparty.io.grpc.StatusRuntimeException: UNAVAILABLE: io exception
2022-08-10 20:40:56,967 [grpc-default-executor-3] INFO  leader.FollowerInfo (FollowerInfoImpl.java:lambda$new$0(48)) - omNode-2@group-523986131536->omNode-1: nextIndex: updateUnconditionally 0 -> 0
2022-08-10 20:40:56,967 [omNode-2@group-523986131536->omNode-1-GrpcLogAppender-LogAppenderDaemon] INFO  server.GrpcLogAppender (GrpcLogAppender.java:installSnapshot(541)) - omNode-2@group-523986131536->omNode-1-GrpcLogAppender: followerNextIndex = 0 but logStartIndex = -1, notify follower to install snapshot-(t:1, i:24)
2022-08-10 20:40:56,968 [omNode-2@group-523986131536->omNode-1-GrpcLogAppender-LogAppenderDaemon] INFO  server.GrpcLogAppender (GrpcLogAppender.java:installSnapshot(549)) - omNode-2@group-523986131536->omNode-1-GrpcLogAppender: send omNode-2->omNode-1#0-t1,notify:(t:1, i:24)
2022-08-10 20:40:56,968 [grpc-default-executor-3] WARN  server.GrpcLogAppender (LogUtils.java:warn(122)) - omNode-2@group-523986131536->omNode-1-InstallSnapshotResponseHandler: Failed InstallSnapshot: org.apache.ratis.thirdparty.io.grpc.StatusRuntimeException: UNAVAILABLE: io exception
2022-08-10 20:40:56,968 [grpc-default-executor-3] INFO  leader.FollowerInfo (FollowerInfoImpl.java:lambda$new$0(48)) - omNode-2@group-523986131536->omNode-1: nextIndex: updateUnconditionally 0 -> 0
2022-08-10 20:40:56,968 [grpc-default-executor-3] WARN  server.GrpcLogAppender (LogUtils.java:warn(122)) - omNode-2@group-523986131536->omNode-1-AppendLogResponseHandler: Failed appendEntries: org.apache.ratis.thirdparty.io.grpc.StatusRuntimeException: UNAVAILABLE: io exception
2022-08-10 20:40:56,969 [grpc-default-executor-3] INFO  leader.FollowerInfo (FollowerInfoImpl.java:lambda$new$0(48)) - omNode-2@group-523986131536->omNode-1: nextIndex: updateUnconditionally 0 -> 0
2022-08-10 20:40:56,969 [omNode-2@group-523986131536->omNode-1-GrpcLogAppender-LogAppenderDaemon] INFO  server.GrpcLogAppender (GrpcLogAppender.java:installSnapshot(541)) - omNode-2@group-523986131536->omNode-1-GrpcLogAppender: followerNextIndex = 0 but logStartIndex = -1, notify follower to install snapshot-(t:1, i:24)
2022-08-10 20:40:56,969 [omNode-2@group-523986131536->omNode-1-GrpcLogAppender-LogAppenderDaemon] INFO  server.GrpcLogAppender (GrpcLogAppender.java:installSnapshot(549)) - omNode-2@group-523986131536->omNode-1-GrpcLogAppender: send omNode-2->omNode-1#0-t1,notify:(t:1, i:24)
2022-08-10 20:40:56,969 [grpc-default-executor-0] WARN  server.GrpcLogAppender (LogUtils.java:warn(122)) - omNode-2@group-523986131536->omNode-1-InstallSnapshotResponseHandler: Failed InstallSnapshot: org.apache.ratis.thirdparty.io.grpc.StatusRuntimeException: UNAVAILABLE: io exception
2022-08-10 20:40:56,969 [grpc-default-executor-0] INFO  leader.FollowerInfo (FollowerInfoImpl.java:lambda$new$0(48)) - omNode-2@group-523986131536->omNode-1: nextIndex: updateUnconditionally 0 -> 0
2022-08-10 20:40:56,970 [grpc-default-executor-0] WARN  server.GrpcLogAppender (LogUtils.java:warn(122)) - omNode-2@group-523986131536->omNode-1-AppendLogResponseHandler: Failed appendEntries: org.apache.ratis.thirdparty.io.grpc.StatusRuntimeException: UNAVAILABLE: io exception
2022-08-10 20:40:56,970 [grpc-default-executor-0] INFO  leader.FollowerInfo (FollowerInfoImpl.java:lambda$new$0(48)) - omNode-2@group-523986131536->omNode-1: nextIndex: updateUnconditionally 0 -> 0
2022-08-10 20:40:56,970 [omNode-2@group-523986131536->omNode-1-GrpcLogAppender-LogAppenderDaemon] INFO  server.GrpcLogAppender (GrpcLogAppender.java:installSnapshot(541)) - omNode-2@group-523986131536->omNode-1-GrpcLogAppender: followerNextIndex = 0 but logStartIndex = -1, notify follower to install snapshot-(t:1, i:24)
2022-08-10 20:40:56,970 [omNode-2@group-523986131536->omNode-1-GrpcLogAppender-LogAppenderDaemon] INFO  server.GrpcLogAppender (GrpcLogAppender.java:installSnapshot(549)) - omNode-2@group-523986131536->omNode-1-GrpcLogAppender: send omNode-2->omNode-1#0-t1,notify:(t:1, i:24)
2022-08-10 20:40:56,970 [grpc-default-executor-0] WARN  server.GrpcLogAppender (LogUtils.java:warn(122)) - omNode-2@group-523986131536->omNode-1-InstallSnapshotResponseHandler: Failed InstallSnapshot: org.apache.ratis.thirdparty.io.grpc.StatusRuntimeException: UNAVAILABLE: io exception
2022-08-10 20:40:56,970 [grpc-default-executor-0] INFO  leader.FollowerInfo (FollowerInfoImpl.java:lambda$new$0(48)) - omNode-2@group-523986131536->omNode-1: nextIndex: updateUnconditionally 0 -> 0
2022-08-10 20:40:56,970 [grpc-default-executor-0] WARN  server.GrpcLogAppender (LogUtils.java:warn(122)) - omNode-2@group-523986131536->omNode-1-AppendLogResponseHandler: Failed appendEntries: org.apache.ratis.thirdparty.io.grpc.StatusRuntimeException: UNAVAILABLE: io exception
2022-08-10 20:40:56,970 [grpc-default-executor-0] INFO  leader.FollowerInfo (FollowerInfoImpl.java:lambda$new$0(48)) - omNode-2@group-523986131536->omNode-1: nextIndex: updateUnconditionally 0 -> 0
2022-08-10 20:40:56,970 [omNode-2@group-523986131536->omNode-1-GrpcLogAppender-LogAppenderDaemon] INFO  server.GrpcLogAppender (GrpcLogAppender.java:installSnapshot(541)) - omNode-2@group-523986131536->omNode-1-GrpcLogAppender: followerNextIndex = 0 but logStartIndex = -1, notify follower to install snapshot-(t:1, i:24)
2022-08-10 20:40:56,971 [omNode-2@group-523986131536->omNode-1-GrpcLogAppender-LogAppenderDaemon] INFO  server.GrpcLogAppender (GrpcLogAppender.java:installSnapshot(549)) - omNode-2@group-523986131536->omNode-1-GrpcLogAppender: send omNode-2->omNode-1#0-t1,notify:(t:1, i:24)
2022-08-10 20:40:56,976 [grpc-default-executor-0] WARN  server.GrpcLogAppender (LogUtils.java:warn(122)) - omNode-2@group-523986131536->omNode-1-InstallSnapshotResponseHandler: Failed InstallSnapshot: org.apache.ratis.thirdparty.io.grpc.StatusRuntimeException: UNAVAILABLE: io exception
2022-08-10 20:40:56,976 [grpc-default-executor-0] INFO  leader.FollowerInfo (FollowerInfoImpl.java:lambda$new$0(48)) - omNode-2@group-523986131536->omNode-1: nextIndex: updateUnconditionally 0 -> 0
2022-08-10 20:40:56,976 [omNode-2@group-523986131536->omNode-1-GrpcLogAppender-LogAppenderDaemon] INFO  server.GrpcLogAppender (GrpcLogAppender.java:installSnapshot(541)) - omNode-2@group-523986131536->omNode-1-GrpcLogAppender: followerNextIndex = 0 but logStartIndex = -1, notify follower to install snapshot-(t:1, i:24)
2022-08-10 20:40:56,976 [omNode-2@group-523986131536->omNode-1-GrpcLogAppender-LogAppenderDaemon] INFO  server.GrpcLogAppender (GrpcLogAppender.java:installSnapshot(549)) - omNode-2@group-523986131536->omNode-1-GrpcLogAppender: send omNode-2->omNode-1#0-t1,notify:(t:1, i:24)
2022-08-10 20:40:56,977 [omNode-1-impl-thread1] INFO  server.RaftServer (RaftServerProxy.java:initGroupDir(247)) - omNode-1: found a subdirectory /home/runner/work/ozone/ozone/hadoop-ozone/integration-test/target/test-dir/MiniOzoneClusterImpl-6b5328db-83be-43cc-b602-c95cfe986a84/omNode-1/ratis/c9bc4cf4-3bc3-3c60-a66b-523986131536
2022-08-10 20:40:56,977 [grpc-default-executor-3] WARN  server.GrpcLogAppender (LogUtils.java:warn(122)) - omNode-2@group-523986131536->omNode-1-AppendLogResponseHandler: Failed appendEntries: org.apache.ratis.thirdparty.io.grpc.StatusRuntimeException: UNAVAILABLE: io exception
2022-08-10 20:40:56,977 [grpc-default-executor-3] INFO  leader.FollowerInfo (FollowerInfoImpl.java:lambda$new$0(48)) - omNode-2@group-523986131536->omNode-1: nextIndex: updateUnconditionally 0 -> 0
2022-08-10 20:40:56,978 [grpc-default-executor-0] WARN  server.GrpcLogAppender (LogUtils.java:warn(122)) - omNode-2@group-523986131536->omNode-1-InstallSnapshotResponseHandler: Failed InstallSnapshot: org.apache.ratis.thirdparty.io.grpc.StatusRuntimeException: UNAVAILABLE: io exception
2022-08-10 20:40:56,978 [grpc-default-executor-0] INFO  leader.FollowerInfo (FollowerInfoImpl.java:lambda$new$0(48)) - omNode-2@group-523986131536->omNode-1: nextIndex: updateUnconditionally 0 -> 0
2022-08-10 20:40:56,978 [grpc-default-executor-0] WARN  server.GrpcLogAppender (LogUtils.java:warn(122)) - omNode-2@group-523986131536->omNode-1-AppendLogResponseHandler: Failed appendEntries: org.apache.ratis.thirdparty.io.grpc.StatusRuntimeException: UNAVAILABLE: io exception
2022-08-10 20:40:56,979 [grpc-default-executor-0] INFO  leader.FollowerInfo (FollowerInfoImpl.java:lambda$new$0(48)) - omNode-2@group-523986131536->omNode-1: nextIndex: updateUnconditionally 0 -> 0
2022-08-10 20:40:56,979 [omNode-2@group-523986131536->omNode-1-GrpcLogAppender-LogAppenderDaemon] INFO  server.GrpcLogAppender (GrpcLogAppender.java:installSnapshot(541)) - omNode-2@group-523986131536->omNode-1-GrpcLogAppender: followerNextIndex = 0 but logStartIndex = -1, notify follower to install snapshot-(t:1, i:24)
2022-08-10 20:40:56,979 [omNode-2@group-523986131536->omNode-1-GrpcLogAppender-LogAppenderDaemon] INFO  server.GrpcLogAppender (GrpcLogAppender.java:installSnapshot(549)) - omNode-2@group-523986131536->omNode-1-GrpcLogAppender: send omNode-2->omNode-1#0-t1,notify:(t:1, i:24)
2022-08-10 20:40:56,979 [grpc-default-executor-3] WARN  server.GrpcLogAppender (LogUtils.java:warn(122)) - omNode-2@group-523986131536->omNode-1-InstallSnapshotResponseHandler: Failed InstallSnapshot: org.apache.ratis.thirdparty.io.grpc.StatusRuntimeException: UNAVAILABLE: io exception
2022-08-10 20:40:56,979 [grpc-default-executor-3] INFO  leader.FollowerInfo (FollowerInfoImpl.java:lambda$new$0(48)) - omNode-2@group-523986131536->omNode-1: nextIndex: updateUnconditionally 0 -> 0
2022-08-10 20:40:56,980 [grpc-default-executor-3] WARN  server.GrpcLogAppender (LogUtils.java:warn(122)) - omNode-2@group-523986131536->omNode-1-AppendLogResponseHandler: Failed appendEntries: org.apache.ratis.thirdparty.io.grpc.StatusRuntimeException: UNAVAILABLE: io exception
2022-08-10 20:40:56,980 [grpc-default-executor-3] INFO  leader.FollowerInfo (FollowerInfoImpl.java:lambda$new$0(48)) - omNode-2@group-523986131536->omNode-1: nextIndex: updateUnconditionally 0 -> 0
2022-08-10 20:40:56,980 [omNode-2@group-523986131536->omNode-1-GrpcLogAppender-LogAppenderDaemon] INFO  server.GrpcLogAppender (GrpcLogAppender.java:installSnapshot(541)) - omNode-2@group-523986131536->omNode-1-GrpcLogAppender: followerNextIndex = 0 but logStartIndex = -1, notify follower to install snapshot-(t:1, i:24)
2022-08-10 20:40:56,980 [omNode-2@group-523986131536->omNode-1-GrpcLogAppender-LogAppenderDaemon] INFO  server.GrpcLogAppender (GrpcLogAppender.java:installSnapshot(549)) - omNode-2@group-523986131536->omNode-1-GrpcLogAppender: send omNode-2->omNode-1#0-t1,notify:(t:1, i:24)
2022-08-10 20:40:56,980 [grpc-default-executor-3] WARN  server.GrpcLogAppender (LogUtils.java:warn(122)) - omNode-2@group-523986131536->omNode-1-InstallSnapshotResponseHandler: Failed InstallSnapshot: org.apache.ratis.thirdparty.io.grpc.StatusRuntimeException: UNAVAILABLE: io exception
2022-08-10 20:40:56,980 [grpc-default-executor-3] INFO  leader.FollowerInfo (FollowerInfoImpl.java:lambda$new$0(48)) - omNode-2@group-523986131536->omNode-1: nextIndex: updateUnconditionally 0 -> 0
2022-08-10 20:40:56,980 [grpc-default-executor-3] WARN  server.GrpcLogAppender (LogUtils.java:warn(122)) - omNode-2@group-523986131536->omNode-1-AppendLogResponseHandler: Failed appendEntries: org.apache.ratis.thirdparty.io.grpc.StatusRuntimeException: UNAVAILABLE: io exception
2022-08-10 20:40:56,980 [grpc-default-executor-3] INFO  leader.FollowerInfo (FollowerInfoImpl.java:lambda$new$0(48)) - omNode-2@group-523986131536->omNode-1: nextIndex: updateUnconditionally 0 -> 0
2022-08-10 20:40:56,980 [omNode-2@group-523986131536->omNode-1-GrpcLogAppender-LogAppenderDaemon] INFO  server.GrpcLogAppender (GrpcLogAppender.java:installSnapshot(541)) - omNode-2@group-523986131536->omNode-1-GrpcLogAppender: followerNextIndex = 0 but logStartIndex = -1, notify follower to install snapshot-(t:1, i:24)
2022-08-10 20:40:56,981 [omNode-2@group-523986131536->omNode-1-GrpcLogAppender-LogAppenderDaemon] INFO  server.GrpcLogAppender (GrpcLogAppender.java:installSnapshot(549)) - omNode-2@group-523986131536->omNode-1-GrpcLogAppender: send omNode-2->omNode-1#0-t1,notify:(t:1, i:24)
2022-08-10 20:40:56,981 [grpc-default-executor-3] WARN  server.GrpcLogAppender (LogUtils.java:warn(122)) - omNode-2@group-523986131536->omNode-1-InstallSnapshotResponseHandler: Failed InstallSnapshot: org.apache.ratis.thirdparty.io.grpc.StatusRuntimeException: UNAVAILABLE: io exception
2022-08-10 20:40:56,981 [grpc-default-executor-3] INFO  leader.FollowerInfo (FollowerInfoImpl.java:lambda$new$0(48)) - omNode-2@group-523986131536->omNode-1: nextIndex: updateUnconditionally 0 -> 0
2022-08-10 20:40:56,981 [omNode-2@group-523986131536->omNode-1-GrpcLogAppender-LogAppenderDaemon] INFO  server.GrpcLogAppender (GrpcLogAppender.java:installSnapshot(541)) - omNode-2@group-523986131536->omNode-1-GrpcLogAppender: followerNextIndex = 0 but logStartIndex = -1, notify follower to install snapshot-(t:1, i:24)
2022-08-10 20:40:56,981 [omNode-2@group-523986131536->omNode-1-GrpcLogAppender-LogAppenderDaemon] INFO  server.GrpcLogAppender (GrpcLogAppender.java:installSnapshot(549)) - omNode-2@group-523986131536->omNode-1-GrpcLogAppender: send omNode-2->omNode-1#0-t1,notify:(t:1, i:24)
2022-08-10 20:40:56,982 [grpc-default-executor-0] WARN  server.GrpcLogAppender (LogUtils.java:warn(122)) - omNode-2@group-523986131536->omNode-1-AppendLogResponseHandler: Failed appendEntries: org.apache.ratis.thirdparty.io.grpc.StatusRuntimeException: UNAVAILABLE: io exception
2022-08-10 20:40:56,982 [grpc-default-executor-0] INFO  leader.FollowerInfo (FollowerInfoImpl.java:lambda$new$0(48)) - omNode-2@group-523986131536->omNode-1: nextIndex: updateUnconditionally 0 -> 0
2022-08-10 20:40:56,982 [grpc-default-executor-3] WARN  server.GrpcLogAppender (LogUtils.java:warn(122)) - omNode-2@group-523986131536->omNode-1-InstallSnapshotResponseHandler: Failed InstallSnapshot: org.apache.ratis.thirdparty.io.grpc.StatusRuntimeException: UNAVAILABLE: io exception
2022-08-10 20:40:56,982 [grpc-default-executor-3] INFO  leader.FollowerInfo (FollowerInfoImpl.java:lambda$new$0(48)) - omNode-2@group-523986131536->omNode-1: nextIndex: updateUnconditionally 0 -> 0
2022-08-10 20:40:56,983 [grpc-default-executor-3] WARN  server.GrpcLogAppender (LogUtils.java:warn(122)) - omNode-2@group-523986131536->omNode-1-AppendLogResponseHandler: Failed appendEntries: org.apache.ratis.thirdparty.io.grpc.StatusRuntimeException: UNAVAILABLE: io exception
2022-08-10 20:40:56,983 [grpc-default-executor-3] INFO  leader.FollowerInfo (FollowerInfoImpl.java:lambda$new$0(48)) - omNode-2@group-523986131536->omNode-1: nextIndex: updateUnconditionally 0 -> 0
2022-08-10 20:40:56,983 [omNode-2@group-523986131536->omNode-1-GrpcLogAppender-LogAppenderDaemon] INFO  server.GrpcLogAppender (GrpcLogAppender.java:installSnapshot(541)) - omNode-2@group-523986131536->omNode-1-GrpcLogAppender: followerNextIndex = 0 but logStartIndex = -1, notify follower to install snapshot-(t:1, i:24)
2022-08-10 20:40:56,983 [omNode-2@group-523986131536->omNode-1-GrpcLogAppender-LogAppenderDaemon] INFO  server.GrpcLogAppender (GrpcLogAppender.java:installSnapshot(549)) - omNode-2@group-523986131536->omNode-1-GrpcLogAppender: send omNode-2->omNode-1#0-t1,notify:(t:1, i:24)
2022-08-10 20:40:56,984 [grpc-default-executor-3] WARN  server.GrpcLogAppender (LogUtils.java:warn(122)) - omNode-2@group-523986131536->omNode-1-InstallSnapshotResponseHandler: Failed InstallSnapshot: org.apache.ratis.thirdparty.io.grpc.StatusRuntimeException: UNAVAILABLE: io exception
2022-08-10 20:40:56,984 [grpc-default-executor-3] INFO  leader.FollowerInfo (FollowerInfoImpl.java:lambda$new$0(48)) - omNode-2@group-523986131536->omNode-1: nextIndex: updateUnconditionally 0 -> 0
2022-08-10 20:40:56,986 [omNode-2@group-523986131536->omNode-1-GrpcLogAppender-LogAppenderDaemon] INFO  server.GrpcLogAppender (GrpcLogAppender.java:installSnapshot(541)) - omNode-2@group-523986131536->omNode-1-GrpcLogAppender: followerNextIndex = 0 but logStartIndex = -1, notify follower to install snapshot-(t:1, i:24)
2022-08-10 20:40:56,986 [omNode-2@group-523986131536->omNode-1-GrpcLogAppender-LogAppenderDaemon] INFO  server.GrpcLogAppender (GrpcLogAppender.java:installSnapshot(549)) - omNode-2@group-523986131536->omNode-1-GrpcLogAppender: send omNode-2->omNode-1#0-t1,notify:(t:1, i:24)
2022-08-10 20:40:56,987 [grpc-default-executor-0] WARN  server.GrpcLogAppender (LogUtils.java:warn(122)) - omNode-2@group-523986131536->omNode-1-AppendLogResponseHandler: Failed appendEntries: org.apache.ratis.thirdparty.io.grpc.StatusRuntimeException: UNAVAILABLE: io exception
2022-08-10 20:40:56,987 [grpc-default-executor-0] INFO  leader.FollowerInfo (FollowerInfoImpl.java:lambda$new$0(48)) - omNode-2@group-523986131536->omNode-1: nextIndex: updateUnconditionally 0 -> 0
2022-08-10 20:40:56,987 [grpc-default-executor-3] WARN  server.GrpcLogAppender (LogUtils.java:warn(122)) - omNode-2@group-523986131536->omNode-1-InstallSnapshotResponseHandler: Failed InstallSnapshot: org.apache.ratis.thirdparty.io.grpc.StatusRuntimeException: UNAVAILABLE: io exception
2022-08-10 20:40:56,987 [grpc-default-executor-3] INFO  leader.FollowerInfo (FollowerInfoImpl.java:lambda$new$0(48)) - omNode-2@group-523986131536->omNode-1: nextIndex: updateUnconditionally 0 -> 0
2022-08-10 20:40:56,987 [grpc-default-executor-3] WARN  server.GrpcLogAppender (LogUtils.java:warn(122)) - omNode-2@group-523986131536->omNode-1-AppendLogResponseHandler: Failed appendEntries: org.apache.ratis.thirdparty.io.grpc.StatusRuntimeException: UNAVAILABLE: io exception
2022-08-10 20:40:56,987 [grpc-default-executor-3] INFO  leader.FollowerInfo (FollowerInfoImpl.java:lambda$new$0(48)) - omNode-2@group-523986131536->omNode-1: nextIndex: updateUnconditionally 0 -> 0
2022-08-10 20:40:56,987 [omNode-2@group-523986131536->omNode-1-GrpcLogAppender-LogAppenderDaemon] INFO  server.GrpcLogAppender (GrpcLogAppender.java:installSnapshot(541)) - omNode-2@group-523986131536->omNode-1-GrpcLogAppender: followerNextIndex = 0 but logStartIndex = -1, notify follower to install snapshot-(t:1, i:24)
2022-08-10 20:40:56,987 [omNode-2@group-523986131536->omNode-1-GrpcLogAppender-LogAppenderDaemon] INFO  server.GrpcLogAppender (GrpcLogAppender.java:installSnapshot(549)) - omNode-2@group-523986131536->omNode-1-GrpcLogAppender: send omNode-2->omNode-1#0-t1,notify:(t:1, i:24)
2022-08-10 20:40:56,988 [grpc-default-executor-3] WARN  server.GrpcLogAppender (LogUtils.java:warn(122)) - omNode-2@group-523986131536->omNode-1-InstallSnapshotResponseHandler: Failed InstallSnapshot: org.apache.ratis.thirdparty.io.grpc.StatusRuntimeException: UNAVAILABLE: io exception
2022-08-10 20:40:56,988 [grpc-default-executor-3] INFO  leader.FollowerInfo (FollowerInfoImpl.java:lambda$new$0(48)) - omNode-2@group-523986131536->omNode-1: nextIndex: updateUnconditionally 0 -> 0
2022-08-10 20:40:56,989 [grpc-default-executor-3] WARN  server.GrpcLogAppender (LogUtils.java:warn(122)) - omNode-2@group-523986131536->omNode-1-AppendLogResponseHandler: Failed appendEntries: org.apache.ratis.thirdparty.io.grpc.StatusRuntimeException: UNAVAILABLE: io exception
2022-08-10 20:40:56,989 [grpc-default-executor-3] INFO  leader.FollowerInfo (FollowerInfoImpl.java:lambda$new$0(48)) - omNode-2@group-523986131536->omNode-1: nextIndex: updateUnconditionally 0 -> 0
2022-08-10 20:40:56,989 [omNode-2@group-523986131536->omNode-1-GrpcLogAppender-LogAppenderDaemon] INFO  server.GrpcLogAppender (GrpcLogAppender.java:installSnapshot(541)) - omNode-2@group-523986131536->omNode-1-GrpcLogAppender: followerNextIndex = 0 but logStartIndex = -1, notify follower to install snapshot-(t:1, i:24)
2022-08-10 20:40:56,989 [omNode-2@group-523986131536->omNode-1-GrpcLogAppender-LogAppenderDaemon] INFO  server.GrpcLogAppender (GrpcLogAppender.java:installSnapshot(549)) - omNode-2@group-523986131536->omNode-1-GrpcLogAppender: send omNode-2->omNode-1#0-t1,notify:(t:1, i:24)
2022-08-10 20:40:56,989 [Listener at localhost/39139] INFO  server.RaftServer (RaftServerProxy.java:addNew(96)) - omNode-1: addNew group-523986131536:[omNode-3|rpc:localhost:39235|priority:0, omNode-1|rpc:localhost:38271|priority:0, omNode-2|rpc:localhost:35563|priority:0] returns group-523986131536:java.util.concurrent.CompletableFuture@7c3c5f1e[Not completed]
2022-08-10 20:40:56,990 [Listener at localhost/39139] INFO  om.OzoneManager (OzoneManager.java:initializeRatisServer(1963)) - OzoneManager Ratis server initialized at port 38271
2022-08-10 20:40:56,990 [Listener at localhost/39139] INFO  ratis.OzoneManagerRatisServer (OzoneManagerRatisServer.java:start(554)) - Starting OzoneManagerRatisServer omNode-1 at port 38271
2022-08-10 20:40:56,990 [pool-267-thread-1] INFO  server.RaftServer$Division (RaftServerImpl.java:<init>(190)) - omNode-1: new RaftServerImpl for group-523986131536:[omNode-3|rpc:localhost:39235|priority:0, omNode-1|rpc:localhost:38271|priority:0, omNode-2|rpc:localhost:35563|priority:0] with OzoneManagerStateMachine:uninitialized
2022-08-10 20:40:56,990 [pool-267-thread-1] INFO  server.RaftServerConfigKeys (ConfUtils.java:logGet(46)) - raft.server.rpc.timeout.min = 1s (custom)
2022-08-10 20:40:56,990 [pool-267-thread-1] INFO  server.RaftServerConfigKeys (ConfUtils.java:logGet(46)) - raft.server.rpc.timeout.max = 1200ms (custom)
2022-08-10 20:40:56,990 [pool-267-thread-1] INFO  server.RaftServerConfigKeys (ConfUtils.java:logGet(46)) - raft.server.rpc.sleep.time = 25ms (default)
2022-08-10 20:40:56,990 [pool-267-thread-1] INFO  server.RaftServerConfigKeys (ConfUtils.java:logGet(46)) - raft.server.rpc.slowness.timeout = 2s (custom)
2022-08-10 20:40:56,990 [pool-267-thread-1] INFO  server.RaftServerConfigKeys (ConfUtils.java:logGet(46)) - raft.server.leaderelection.leader.step-down.wait-time = 10s (default)
2022-08-10 20:40:56,990 [pool-267-thread-1] INFO  server.RaftServerConfigKeys (ConfUtils.java:logGet(46)) - raft.server.sleep.deviation.threshold = 300ms (default)
2022-08-10 20:40:56,991 [pool-267-thread-1] INFO  server.RaftServer$Division (ServerState.java:<init>(107)) - omNode-1@group-523986131536: ConfigurationManager, init=-1: [omNode-3|rpc:localhost:39235|priority:0, omNode-1|rpc:localhost:38271|priority:0, omNode-2|rpc:localhost:35563|priority:0], old=null, confs=<EMPTY_MAP>
2022-08-10 20:40:56,991 [pool-267-thread-1] INFO  server.RaftServerConfigKeys (ConfUtils.java:logGet(46)) - raft.server.storage.dir = [/home/runner/work/ozone/ozone/hadoop-ozone/integration-test/target/test-dir/MiniOzoneClusterImpl-6b5328db-83be-43cc-b602-c95cfe986a84/omNode-1/ratis] (custom)
2022-08-10 20:40:56,991 [pool-267-thread-1] INFO  server.RaftServerConfigKeys (ConfUtils.java:logGet(46)) - raft.server.log.corruption.policy = EXCEPTION (default)
2022-08-10 20:40:56,991 [pool-267-thread-1] INFO  server.RaftServerConfigKeys (ConfUtils.java:logGet(46)) - raft.server.storage.free-space.min = 0MB (=0) (default)
2022-08-10 20:40:56,991 [grpc-default-executor-0] WARN  server.GrpcLogAppender (LogUtils.java:warn(122)) - omNode-2@group-523986131536->omNode-1-InstallSnapshotResponseHandler: Failed InstallSnapshot: org.apache.ratis.thirdparty.io.grpc.StatusRuntimeException: UNAVAILABLE: io exception
2022-08-10 20:40:56,991 [grpc-default-executor-0] INFO  leader.FollowerInfo (FollowerInfoImpl.java:lambda$new$0(48)) - omNode-2@group-523986131536->omNode-1: nextIndex: updateUnconditionally 0 -> 0
2022-08-10 20:40:56,991 [grpc-default-executor-0] WARN  server.GrpcLogAppender (LogUtils.java:warn(122)) - omNode-2@group-523986131536->omNode-1-AppendLogResponseHandler: Failed appendEntries: org.apache.ratis.thirdparty.io.grpc.StatusRuntimeException: UNAVAILABLE: io exception
2022-08-10 20:40:56,992 [grpc-default-executor-0] INFO  leader.FollowerInfo (FollowerInfoImpl.java:lambda$new$0(48)) - omNode-2@group-523986131536->omNode-1: nextIndex: updateUnconditionally 0 -> 0
2022-08-10 20:40:56,992 [omNode-2@group-523986131536->omNode-1-GrpcLogAppender-LogAppenderDaemon] INFO  server.GrpcLogAppender (GrpcLogAppender.java:installSnapshot(541)) - omNode-2@group-523986131536->omNode-1-GrpcLogAppender: followerNextIndex = 0 but logStartIndex = -1, notify follower to install snapshot-(t:1, i:24)
2022-08-10 20:40:56,992 [omNode-2@group-523986131536->omNode-1-GrpcLogAppender-LogAppenderDaemon] INFO  server.GrpcLogAppender (GrpcLogAppender.java:installSnapshot(549)) - omNode-2@group-523986131536->omNode-1-GrpcLogAppender: send omNode-2->omNode-1#0-t1,notify:(t:1, i:24)
2022-08-10 20:40:56,992 [grpc-default-executor-0] WARN  server.GrpcLogAppender (LogUtils.java:warn(122)) - omNode-2@group-523986131536->omNode-1-InstallSnapshotResponseHandler: Failed InstallSnapshot: org.apache.ratis.thirdparty.io.grpc.StatusRuntimeException: UNAVAILABLE: io exception
2022-08-10 20:40:56,992 [grpc-default-executor-0] INFO  leader.FollowerInfo (FollowerInfoImpl.java:lambda$new$0(48)) - omNode-2@group-523986131536->omNode-1: nextIndex: updateUnconditionally 0 -> 0
2022-08-10 20:40:56,992 [grpc-default-executor-0] WARN  server.GrpcLogAppender (LogUtils.java:warn(122)) - omNode-2@group-523986131536->omNode-1-AppendLogResponseHandler: Failed appendEntries: org.apache.ratis.thirdparty.io.grpc.StatusRuntimeException: UNAVAILABLE: io exception
2022-08-10 20:40:56,992 [grpc-default-executor-0] INFO  leader.FollowerInfo (FollowerInfoImpl.java:lambda$new$0(48)) - omNode-2@group-523986131536->omNode-1: nextIndex: updateUnconditionally 0 -> 0
2022-08-10 20:40:56,992 [omNode-2@group-523986131536->omNode-1-GrpcLogAppender-LogAppenderDaemon] INFO  server.GrpcLogAppender (GrpcLogAppender.java:installSnapshot(541)) - omNode-2@group-523986131536->omNode-1-GrpcLogAppender: followerNextIndex = 0 but logStartIndex = -1, notify follower to install snapshot-(t:1, i:24)
2022-08-10 20:40:56,992 [omNode-2@group-523986131536->omNode-1-GrpcLogAppender-LogAppenderDaemon] INFO  server.GrpcLogAppender (GrpcLogAppender.java:installSnapshot(549)) - omNode-2@group-523986131536->omNode-1-GrpcLogAppender: send omNode-2->omNode-1#0-t1,notify:(t:1, i:24)
2022-08-10 20:40:56,992 [grpc-default-executor-0] WARN  server.GrpcLogAppender (LogUtils.java:warn(122)) - omNode-2@group-523986131536->omNode-1-InstallSnapshotResponseHandler: Failed InstallSnapshot: org.apache.ratis.thirdparty.io.grpc.StatusRuntimeException: UNAVAILABLE: io exception
2022-08-10 20:40:56,992 [grpc-default-executor-0] INFO  leader.FollowerInfo (FollowerInfoImpl.java:lambda$new$0(48)) - omNode-2@group-523986131536->omNode-1: nextIndex: updateUnconditionally 0 -> 0
2022-08-10 20:40:56,993 [grpc-default-executor-0] WARN  server.GrpcLogAppender (LogUtils.java:warn(122)) - omNode-2@group-523986131536->omNode-1-AppendLogResponseHandler: Failed appendEntries: org.apache.ratis.thirdparty.io.grpc.StatusRuntimeException: UNAVAILABLE: io exception
2022-08-10 20:40:56,993 [grpc-default-executor-0] INFO  leader.FollowerInfo (FollowerInfoImpl.java:lambda$new$0(48)) - omNode-2@group-523986131536->omNode-1: nextIndex: updateUnconditionally 0 -> 0
2022-08-10 20:40:56,993 [omNode-2@group-523986131536->omNode-1-GrpcLogAppender-LogAppenderDaemon] INFO  server.GrpcLogAppender (GrpcLogAppender.java:installSnapshot(541)) - omNode-2@group-523986131536->omNode-1-GrpcLogAppender: followerNextIndex = 0 but logStartIndex = -1, notify follower to install snapshot-(t:1, i:24)
2022-08-10 20:40:56,993 [omNode-2@group-523986131536->omNode-1-GrpcLogAppender-LogAppenderDaemon] INFO  server.GrpcLogAppender (GrpcLogAppender.java:installSnapshot(549)) - omNode-2@group-523986131536->omNode-1-GrpcLogAppender: send omNode-2->omNode-1#0-t1,notify:(t:1, i:24)
2022-08-10 20:40:56,993 [grpc-default-executor-0] WARN  server.GrpcLogAppender (LogUtils.java:warn(122)) - omNode-2@group-523986131536->omNode-1-InstallSnapshotResponseHandler: Failed InstallSnapshot: org.apache.ratis.thirdparty.io.grpc.StatusRuntimeException: UNAVAILABLE: io exception
2022-08-10 20:40:56,993 [grpc-default-executor-0] INFO  leader.FollowerInfo (FollowerInfoImpl.java:lambda$new$0(48)) - omNode-2@group-523986131536->omNode-1: nextIndex: updateUnconditionally 0 -> 0
2022-08-10 20:40:56,993 [grpc-default-executor-0] WARN  server.GrpcLogAppender (LogUtils.java:warn(122)) - omNode-2@group-523986131536->omNode-1-AppendLogResponseHandler: Failed appendEntries: org.apache.ratis.thirdparty.io.grpc.StatusRuntimeException: UNAVAILABLE: io exception
2022-08-10 20:40:56,994 [grpc-default-executor-0] INFO  leader.FollowerInfo (FollowerInfoImpl.java:lambda$new$0(48)) - omNode-2@group-523986131536->omNode-1: nextIndex: updateUnconditionally 0 -> 0
2022-08-10 20:40:56,994 [omNode-2@group-523986131536->omNode-1-GrpcLogAppender-LogAppenderDaemon] INFO  server.GrpcLogAppender (GrpcLogAppender.java:installSnapshot(541)) - omNode-2@group-523986131536->omNode-1-GrpcLogAppender: followerNextIndex = 0 but logStartIndex = -1, notify follower to install snapshot-(t:1, i:24)
2022-08-10 20:40:56,994 [omNode-2@group-523986131536->omNode-1-GrpcLogAppender-LogAppenderDaemon] INFO  server.GrpcLogAppender (GrpcLogAppender.java:installSnapshot(549)) - omNode-2@group-523986131536->omNode-1-GrpcLogAppender: send omNode-2->omNode-1#0-t1,notify:(t:1, i:24)
2022-08-10 20:40:56,994 [grpc-default-executor-0] WARN  server.GrpcLogAppender (LogUtils.java:warn(122)) - omNode-2@group-523986131536->omNode-1-InstallSnapshotResponseHandler: Failed InstallSnapshot: org.apache.ratis.thirdparty.io.grpc.StatusRuntimeException: UNAVAILABLE: io exception
2022-08-10 20:40:56,994 [grpc-default-executor-0] INFO  leader.FollowerInfo (FollowerInfoImpl.java:lambda$new$0(48)) - omNode-2@group-523986131536->omNode-1: nextIndex: updateUnconditionally 0 -> 0
2022-08-10 20:40:56,995 [grpc-default-executor-0] WARN  server.GrpcLogAppender (LogUtils.java:warn(122)) - omNode-2@group-523986131536->omNode-1-AppendLogResponseHandler: Failed appendEntries: org.apache.ratis.thirdparty.io.grpc.StatusRuntimeException: UNAVAILABLE: io exception
2022-08-10 20:40:56,995 [grpc-default-executor-0] INFO  leader.FollowerInfo (FollowerInfoImpl.java:lambda$new$0(48)) - omNode-2@group-523986131536->omNode-1: nextIndex: updateUnconditionally 0 -> 0
2022-08-10 20:40:56,995 [omNode-2@group-523986131536->omNode-1-GrpcLogAppender-LogAppenderDaemon] INFO  server.GrpcLogAppender (GrpcLogAppender.java:installSnapshot(541)) - omNode-2@group-523986131536->omNode-1-GrpcLogAppender: followerNextIndex = 0 but logStartIndex = -1, notify follower to install snapshot-(t:1, i:24)
2022-08-10 20:40:56,995 [omNode-2@group-523986131536->omNode-1-GrpcLogAppender-LogAppenderDaemon] INFO  server.GrpcLogAppender (GrpcLogAppender.java:installSnapshot(549)) - omNode-2@group-523986131536->omNode-1-GrpcLogAppender: send omNode-2->omNode-1#0-t1,notify:(t:1, i:24)
2022-08-10 20:40:56,996 [pool-267-thread-1] INFO  storage.RaftStorageDirectory (RaftStorageDirectoryImpl.java:tryLock(230)) - Lock on /home/runner/work/ozone/ozone/hadoop-ozone/integration-test/target/test-dir/MiniOzoneClusterImpl-6b5328db-83be-43cc-b602-c95cfe986a84/omNode-1/ratis/c9bc4cf4-3bc3-3c60-a66b-523986131536/in_use.lock acquired by nodename 17633@fv-az202-490
2022-08-10 20:40:56,996 [pool-267-thread-1] INFO  storage.RaftStorage (RaftStorageImpl.java:analyzeAndRecoverStorage(110)) - Read RaftStorageMetadata{term=1, votedFor=omNode-1} from /home/runner/work/ozone/ozone/hadoop-ozone/integration-test/target/test-dir/MiniOzoneClusterImpl-6b5328db-83be-43cc-b602-c95cfe986a84/omNode-1/ratis/c9bc4cf4-3bc3-3c60-a66b-523986131536/current/raft-meta
2022-08-10 20:40:56,996 [pool-267-thread-1] INFO  server.RaftServer$Division (ServerState.java:setRaftConf(393)) - omNode-1@group-523986131536: set configuration 0: [omNode-3|rpc:localhost:39235|admin:|client:|dataStream:|priority:0, omNode-1|rpc:localhost:38271|admin:|client:|dataStream:|priority:0, omNode-2|rpc:localhost:35563|admin:|client:|dataStream:|priority:0], old=null
2022-08-10 20:40:56,996 [pool-267-thread-1] INFO  server.RaftServerConfigKeys (ConfUtils.java:logGet(46)) - raft.server.notification.no-leader.timeout = 2s (custom)
2022-08-10 20:40:56,997 [pool-267-thread-1] INFO  server.RaftServerConfigKeys (ConfUtils.java:logGet(46)) - raft.server.log.use.memory = false (default)
2022-08-10 20:40:56,997 [pool-267-thread-1] INFO  server.RaftServerConfigKeys (ConfUtils.java:logGet(46)) - raft.server.log.purge.gap = 50 (custom)
2022-08-10 20:40:56,997 [pool-267-thread-1] INFO  server.RaftServerConfigKeys (ConfUtils.java:logGet(46)) - raft.server.log.appender.buffer.byte-limit = 33554432 (custom)
2022-08-10 20:40:56,997 [pool-267-thread-1] INFO  server.RaftServerConfigKeys (ConfUtils.java:logGet(46)) - raft.server.log.statemachine.data.read.timeout = 1000ms (default)
2022-08-10 20:40:56,997 [pool-267-thread-1] INFO  server.RaftServerConfigKeys (ConfUtils.java:logGet(46)) - raft.server.log.segment.size.max = 4194304 (custom)
2022-08-10 20:40:56,997 [pool-267-thread-1] INFO  server.RaftServerConfigKeys (ConfUtils.java:logGet(46)) - raft.server.log.segment.cache.num.max = 2 (custom)
2022-08-10 20:40:56,997 [pool-267-thread-1] INFO  server.RaftServerConfigKeys (ConfUtils.java:logGet(46)) - raft.server.log.segment.cache.size.max = 200MB (=209715200) (default)
2022-08-10 20:40:56,997 [pool-267-thread-1] INFO  segmented.SegmentedRaftLogWorker (SegmentedRaftLogWorker.java:<init>(187)) - new omNode-1@group-523986131536-SegmentedRaftLogWorker for RaftStorageImpl:Storage Directory /home/runner/work/ozone/ozone/hadoop-ozone/integration-test/target/test-dir/MiniOzoneClusterImpl-6b5328db-83be-43cc-b602-c95cfe986a84/omNode-1/ratis/c9bc4cf4-3bc3-3c60-a66b-523986131536
2022-08-10 20:40:56,998 [pool-267-thread-1] INFO  server.RaftServerConfigKeys (ConfUtils.java:logGet(46)) - raft.server.log.queue.byte-limit = 64MB (=67108864) (default)
2022-08-10 20:40:56,998 [pool-267-thread-1] INFO  server.RaftServerConfigKeys (ConfUtils.java:logGet(46)) - raft.server.log.queue.element-limit = 4096 (default)
2022-08-10 20:40:56,998 [pool-267-thread-1] INFO  server.RaftServerConfigKeys (ConfUtils.java:logGet(46)) - raft.server.log.segment.size.max = 4194304 (custom)
2022-08-10 20:40:56,998 [pool-267-thread-1] INFO  server.RaftServerConfigKeys (ConfUtils.java:logGet(46)) - raft.server.log.preallocated.size = 4194304 (custom)
2022-08-10 20:40:56,998 [pool-267-thread-1] INFO  server.RaftServerConfigKeys (ConfUtils.java:logGet(46)) - raft.server.log.force.sync.num = 128 (default)
2022-08-10 20:40:56,998 [pool-267-thread-1] INFO  server.RaftServerConfigKeys (ConfUtils.java:logGet(46)) - raft.server.log.statemachine.data.sync = true (default)
2022-08-10 20:40:56,998 [pool-267-thread-1] INFO  server.RaftServerConfigKeys (ConfUtils.java:logGet(46)) - raft.server.log.statemachine.data.sync.timeout = 10s (default)
2022-08-10 20:40:56,998 [pool-267-thread-1] INFO  server.RaftServerConfigKeys (ConfUtils.java:logGet(46)) - raft.server.log.statemachine.data.sync.timeout.retry = -1 (default)
2022-08-10 20:40:56,998 [grpc-default-executor-3] WARN  server.GrpcLogAppender (LogUtils.java:warn(122)) - omNode-2@group-523986131536->omNode-1-InstallSnapshotResponseHandler: Failed InstallSnapshot: org.apache.ratis.thirdparty.io.grpc.StatusRuntimeException: UNAVAILABLE: io exception
2022-08-10 20:40:56,998 [grpc-default-executor-3] INFO  leader.FollowerInfo (FollowerInfoImpl.java:lambda$new$0(48)) - omNode-2@group-523986131536->omNode-1: nextIndex: updateUnconditionally 0 -> 0
2022-08-10 20:40:56,998 [grpc-default-executor-3] WARN  server.GrpcLogAppender (LogUtils.java:warn(122)) - omNode-2@group-523986131536->omNode-1-AppendLogResponseHandler: Failed appendEntries: org.apache.ratis.thirdparty.io.grpc.StatusRuntimeException: UNAVAILABLE: io exception
2022-08-10 20:40:56,998 [pool-267-thread-1] INFO  server.RaftServerConfigKeys (ConfUtils.java:logGet(46)) - raft.server.log.write.buffer.size = 64KB (=65536) (default)
2022-08-10 20:40:56,998 [omNode-2@group-523986131536->omNode-1-GrpcLogAppender-LogAppenderDaemon] INFO  server.GrpcLogAppender (GrpcLogAppender.java:installSnapshot(541)) - omNode-2@group-523986131536->omNode-1-GrpcLogAppender: followerNextIndex = 0 but logStartIndex = -1, notify follower to install snapshot-(t:1, i:24)
2022-08-10 20:40:56,998 [pool-267-thread-1] INFO  server.RaftServerConfigKeys (ConfUtils.java:logGet(46)) - raft.server.log.unsafe-flush.enabled = false (default)
2022-08-10 20:40:56,998 [grpc-default-executor-3] INFO  leader.FollowerInfo (FollowerInfoImpl.java:lambda$new$0(48)) - omNode-2@group-523986131536->omNode-1: nextIndex: updateUnconditionally 0 -> 0
2022-08-10 20:40:56,999 [omNode-2@group-523986131536->omNode-1-GrpcLogAppender-LogAppenderDaemon] INFO  server.GrpcLogAppender (GrpcLogAppender.java:installSnapshot(549)) - omNode-2@group-523986131536->omNode-1-GrpcLogAppender: send omNode-2->omNode-1#0-t1,notify:(t:1, i:24)
2022-08-10 20:40:56,999 [grpc-default-executor-3] WARN  server.GrpcLogAppender (LogUtils.java:warn(122)) - omNode-2@group-523986131536->omNode-1-InstallSnapshotResponseHandler: Failed InstallSnapshot: org.apache.ratis.thirdparty.io.grpc.StatusRuntimeException: UNAVAILABLE: io exception
2022-08-10 20:40:56,999 [grpc-default-executor-3] INFO  leader.FollowerInfo (FollowerInfoImpl.java:lambda$new$0(48)) - omNode-2@group-523986131536->omNode-1: nextIndex: updateUnconditionally 0 -> 0
2022-08-10 20:40:56,999 [omNode-2@group-523986131536->omNode-1-GrpcLogAppender-LogAppenderDaemon] INFO  server.GrpcLogAppender (GrpcLogAppender.java:installSnapshot(541)) - omNode-2@group-523986131536->omNode-1-GrpcLogAppender: followerNextIndex = 0 but logStartIndex = -1, notify follower to install snapshot-(t:1, i:24)
2022-08-10 20:40:57,000 [omNode-2@group-523986131536->omNode-1-GrpcLogAppender-LogAppenderDaemon] INFO  server.GrpcLogAppender (GrpcLogAppender.java:installSnapshot(549)) - omNode-2@group-523986131536->omNode-1-GrpcLogAppender: send omNode-2->omNode-1#0-t1,notify:(t:1, i:24)
2022-08-10 20:40:57,001 [grpc-default-executor-0] WARN  server.GrpcLogAppender (LogUtils.java:warn(122)) - omNode-2@group-523986131536->omNode-1-AppendLogResponseHandler: Failed appendEntries: org.apache.ratis.thirdparty.io.grpc.StatusRuntimeException: UNAVAILABLE: io exception
2022-08-10 20:40:57,001 [grpc-default-executor-0] INFO  leader.FollowerInfo (FollowerInfoImpl.java:lambda$new$0(48)) - omNode-2@group-523986131536->omNode-1: nextIndex: updateUnconditionally 0 -> 0
2022-08-10 20:40:57,001 [grpc-default-executor-3] WARN  server.GrpcLogAppender (LogUtils.java:warn(122)) - omNode-2@group-523986131536->omNode-1-InstallSnapshotResponseHandler: Failed InstallSnapshot: org.apache.ratis.thirdparty.io.grpc.StatusRuntimeException: UNAVAILABLE: io exception
2022-08-10 20:40:57,001 [grpc-default-executor-3] INFO  leader.FollowerInfo (FollowerInfoImpl.java:lambda$new$0(48)) - omNode-2@group-523986131536->omNode-1: nextIndex: updateUnconditionally 0 -> 0
2022-08-10 20:40:57,001 [grpc-default-executor-3] WARN  server.GrpcLogAppender (LogUtils.java:warn(122)) - omNode-2@group-523986131536->omNode-1-AppendLogResponseHandler: Failed appendEntries: org.apache.ratis.thirdparty.io.grpc.StatusRuntimeException: UNAVAILABLE: io exception
2022-08-10 20:40:57,001 [grpc-default-executor-3] INFO  leader.FollowerInfo (FollowerInfoImpl.java:lambda$new$0(48)) - omNode-2@group-523986131536->omNode-1: nextIndex: updateUnconditionally 0 -> 0
2022-08-10 20:40:57,001 [omNode-2@group-523986131536->omNode-1-GrpcLogAppender-LogAppenderDaemon] INFO  server.GrpcLogAppender (GrpcLogAppender.java:installSnapshot(541)) - omNode-2@group-523986131536->omNode-1-GrpcLogAppender: followerNextIndex = 0 but logStartIndex = -1, notify follower to install snapshot-(t:1, i:24)
2022-08-10 20:40:57,001 [omNode-2@group-523986131536->omNode-1-GrpcLogAppender-LogAppenderDaemon] INFO  server.GrpcLogAppender (GrpcLogAppender.java:installSnapshot(549)) - omNode-2@group-523986131536->omNode-1-GrpcLogAppender: send omNode-2->omNode-1#0-t1,notify:(t:1, i:24)
2022-08-10 20:40:57,001 [grpc-default-executor-3] WARN  server.GrpcLogAppender (LogUtils.java:warn(122)) - omNode-2@group-523986131536->omNode-1-InstallSnapshotResponseHandler: Failed InstallSnapshot: org.apache.ratis.thirdparty.io.grpc.StatusRuntimeException: UNAVAILABLE: io exception
2022-08-10 20:40:57,001 [grpc-default-executor-3] INFO  leader.FollowerInfo (FollowerInfoImpl.java:lambda$new$0(48)) - omNode-2@group-523986131536->omNode-1: nextIndex: updateUnconditionally 0 -> 0
2022-08-10 20:40:57,002 [grpc-default-executor-3] WARN  server.GrpcLogAppender (LogUtils.java:warn(122)) - omNode-2@group-523986131536->omNode-1-AppendLogResponseHandler: Failed appendEntries: org.apache.ratis.thirdparty.io.grpc.StatusRuntimeException: UNAVAILABLE: io exception
2022-08-10 20:40:57,002 [grpc-default-executor-3] INFO  leader.FollowerInfo (FollowerInfoImpl.java:lambda$new$0(48)) - omNode-2@group-523986131536->omNode-1: nextIndex: updateUnconditionally 0 -> 0
2022-08-10 20:40:57,002 [omNode-2@group-523986131536->omNode-1-GrpcLogAppender-LogAppenderDaemon] INFO  server.GrpcLogAppender (GrpcLogAppender.java:installSnapshot(541)) - omNode-2@group-523986131536->omNode-1-GrpcLogAppender: followerNextIndex = 0 but logStartIndex = -1, notify follower to install snapshot-(t:1, i:24)
2022-08-10 20:40:57,002 [omNode-2@group-523986131536->omNode-1-GrpcLogAppender-LogAppenderDaemon] INFO  server.GrpcLogAppender (GrpcLogAppender.java:installSnapshot(549)) - omNode-2@group-523986131536->omNode-1-GrpcLogAppender: send omNode-2->omNode-1#0-t1,notify:(t:1, i:24)
2022-08-10 20:40:56,999 [pool-267-thread-1] INFO  server.RaftServerConfigKeys (ConfUtils.java:logGet(46)) - raft.server.log.statemachine.data.caching.enabled = false (default)
2022-08-10 20:40:57,003 [grpc-default-executor-0] WARN  server.GrpcLogAppender (LogUtils.java:warn(122)) - omNode-2@group-523986131536->omNode-1-InstallSnapshotResponseHandler: Failed InstallSnapshot: org.apache.ratis.thirdparty.io.grpc.StatusRuntimeException: UNAVAILABLE: io exception
2022-08-10 20:40:57,003 [grpc-default-executor-0] INFO  leader.FollowerInfo (FollowerInfoImpl.java:lambda$new$0(48)) - omNode-2@group-523986131536->omNode-1: nextIndex: updateUnconditionally 0 -> 0
2022-08-10 20:40:57,003 [pool-267-thread-1] INFO  segmented.SegmentedRaftLogWorker (SegmentedRaftLogWorker.java:lambda$new$0(135)) - omNode-1@group-523986131536-SegmentedRaftLogWorker: flushIndex: setUnconditionally 0 -> 23
2022-08-10 20:40:57,003 [pool-267-thread-1] INFO  segmented.SegmentedRaftLogWorker (SegmentedRaftLogWorker.java:lambda$new$0(135)) - omNode-1@group-523986131536-SegmentedRaftLogWorker: safeCacheEvictIndex: setUnconditionally 0 -> -1
2022-08-10 20:40:57,003 [grpc-default-executor-0] WARN  server.GrpcLogAppender (LogUtils.java:warn(122)) - omNode-2@group-523986131536->omNode-1-AppendLogResponseHandler: Failed appendEntries: org.apache.ratis.thirdparty.io.grpc.StatusRuntimeException: UNAVAILABLE: io exception
2022-08-10 20:40:57,003 [grpc-default-executor-0] INFO  leader.FollowerInfo (FollowerInfoImpl.java:lambda$new$0(48)) - omNode-2@group-523986131536->omNode-1: nextIndex: updateUnconditionally 0 -> 0
2022-08-10 20:40:57,003 [omNode-2@group-523986131536->omNode-1-GrpcLogAppender-LogAppenderDaemon] INFO  server.GrpcLogAppender (GrpcLogAppender.java:installSnapshot(541)) - omNode-2@group-523986131536->omNode-1-GrpcLogAppender: followerNextIndex = 0 but logStartIndex = -1, notify follower to install snapshot-(t:1, i:24)
2022-08-10 20:40:57,004 [omNode-2@group-523986131536->omNode-1-GrpcLogAppender-LogAppenderDaemon] INFO  server.GrpcLogAppender (GrpcLogAppender.java:installSnapshot(549)) - omNode-2@group-523986131536->omNode-1-GrpcLogAppender: send omNode-2->omNode-1#0-t1,notify:(t:1, i:24)
2022-08-10 20:40:57,004 [grpc-default-executor-0] WARN  server.GrpcLogAppender (LogUtils.java:warn(122)) - omNode-2@group-523986131536->omNode-1-InstallSnapshotResponseHandler: Failed InstallSnapshot: org.apache.ratis.thirdparty.io.grpc.StatusRuntimeException: UNAVAILABLE: io exception
2022-08-10 20:40:57,004 [grpc-default-executor-0] INFO  leader.FollowerInfo (FollowerInfoImpl.java:lambda$new$0(48)) - omNode-2@group-523986131536->omNode-1: nextIndex: updateUnconditionally 0 -> 0
2022-08-10 20:40:57,005 [grpc-default-executor-0] WARN  server.GrpcLogAppender (LogUtils.java:warn(122)) - omNode-2@group-523986131536->omNode-1-AppendLogResponseHandler: Failed appendEntries: org.apache.ratis.thirdparty.io.grpc.StatusRuntimeException: UNAVAILABLE: io exception
2022-08-10 20:40:57,005 [grpc-default-executor-0] INFO  leader.FollowerInfo (FollowerInfoImpl.java:lambda$new$0(48)) - omNode-2@group-523986131536->omNode-1: nextIndex: updateUnconditionally 0 -> 0
2022-08-10 20:40:57,005 [omNode-2@group-523986131536->omNode-1-GrpcLogAppender-LogAppenderDaemon] INFO  server.GrpcLogAppender (GrpcLogAppender.java:installSnapshot(541)) - omNode-2@group-523986131536->omNode-1-GrpcLogAppender: followerNextIndex = 0 but logStartIndex = -1, notify follower to install snapshot-(t:1, i:24)
2022-08-10 20:40:57,005 [omNode-2@group-523986131536->omNode-1-GrpcLogAppender-LogAppenderDaemon] INFO  server.GrpcLogAppender (GrpcLogAppender.java:installSnapshot(549)) - omNode-2@group-523986131536->omNode-1-GrpcLogAppender: send omNode-2->omNode-1#0-t1,notify:(t:1, i:24)
2022-08-10 20:40:57,011 [grpc-default-executor-3] WARN  server.GrpcLogAppender (LogUtils.java:warn(122)) - omNode-2@group-523986131536->omNode-1-InstallSnapshotResponseHandler: Failed InstallSnapshot: org.apache.ratis.thirdparty.io.grpc.StatusRuntimeException: UNAVAILABLE: io exception
2022-08-10 20:40:57,011 [pool-267-thread-1] INFO  server.RaftServerConfigKeys (ConfUtils.java:logGet(46)) - raft.server.snapshot.auto.trigger.enabled = true (custom)
2022-08-10 20:40:57,011 [grpc-default-executor-3] INFO  leader.FollowerInfo (FollowerInfoImpl.java:lambda$new$0(48)) - omNode-2@group-523986131536->omNode-1: nextIndex: updateUnconditionally 0 -> 0
2022-08-10 20:40:57,011 [pool-267-thread-1] INFO  server.RaftServerConfigKeys (ConfUtils.java:logGet(46)) - raft.server.snapshot.auto.trigger.threshold = 50 (custom)
2022-08-10 20:40:57,011 [pool-267-thread-1] INFO  server.RaftServerConfigKeys (ConfUtils.java:logGet(46)) - raft.server.snapshot.retention.file.num = -1 (default)
2022-08-10 20:40:57,011 [pool-267-thread-1] INFO  server.RaftServerConfigKeys (ConfUtils.java:logGet(46)) - raft.server.log.purge.upto.snapshot.index = true (custom)
2022-08-10 20:40:57,011 [grpc-default-executor-3] WARN  server.GrpcLogAppender (LogUtils.java:warn(122)) - omNode-2@group-523986131536->omNode-1-AppendLogResponseHandler: Failed appendEntries: org.apache.ratis.thirdparty.io.grpc.StatusRuntimeException: UNAVAILABLE: io exception
2022-08-10 20:40:57,011 [pool-267-thread-1] INFO  server.RaftServerConfigKeys (ConfUtils.java:logGet(46)) - raft.server.retrycache.expirytime = 30000ms (custom)
2022-08-10 20:40:57,011 [grpc-default-executor-3] INFO  leader.FollowerInfo (FollowerInfoImpl.java:lambda$new$0(48)) - omNode-2@group-523986131536->omNode-1: nextIndex: updateUnconditionally 0 -> 0
2022-08-10 20:40:57,011 [pool-267-thread-1] INFO  server.RaftServerConfigKeys (ConfUtils.java:logGet(46)) - raft.server.retrycache.statistics.expirytime = 100μs (default)
2022-08-10 20:40:57,012 [omNode-2@group-523986131536->omNode-1-GrpcLogAppender-LogAppenderDaemon] INFO  server.GrpcLogAppender (GrpcLogAppender.java:installSnapshot(541)) - omNode-2@group-523986131536->omNode-1-GrpcLogAppender: followerNextIndex = 0 but logStartIndex = -1, notify follower to install snapshot-(t:1, i:24)
2022-08-10 20:40:57,012 [omNode-2@group-523986131536->omNode-1-GrpcLogAppender-LogAppenderDaemon] INFO  server.GrpcLogAppender (GrpcLogAppender.java:installSnapshot(549)) - omNode-2@group-523986131536->omNode-1-GrpcLogAppender: send omNode-2->omNode-1#0-t1,notify:(t:1, i:24)
2022-08-10 20:40:57,012 [pool-267-thread-1] INFO  server.RaftServerConfigKeys (ConfUtils.java:logGet(46)) - raft.server.log.appender.install.snapshot.enabled = false (custom)
2022-08-10 20:40:57,013 [pool-267-thread-1] INFO  server.RaftServerConfigKeys (ConfUtils.java:logGet(46)) - raft.server.threadpool.server.cached = true (default)
2022-08-10 20:40:57,013 [pool-267-thread-1] INFO  server.RaftServerConfigKeys (ConfUtils.java:logGet(46)) - raft.server.threadpool.server.size = 0 (default)
2022-08-10 20:40:57,013 [pool-267-thread-1] INFO  server.RaftServerConfigKeys (ConfUtils.java:logGet(46)) - raft.server.threadpool.client.cached = true (default)
2022-08-10 20:40:57,013 [pool-267-thread-1] INFO  server.RaftServerConfigKeys (ConfUtils.java:logGet(46)) - raft.server.threadpool.client.size = 0 (default)
2022-08-10 20:40:57,013 [grpc-default-executor-0] WARN  server.GrpcLogAppender (LogUtils.java:warn(122)) - omNode-2@group-523986131536->omNode-1-InstallSnapshotResponseHandler: Failed InstallSnapshot: org.apache.ratis.thirdparty.io.grpc.StatusRuntimeException: UNAVAILABLE: io exception
2022-08-10 20:40:57,013 [omNode-1-impl-thread1] INFO  server.RaftServer$Division (RaftServerImpl.java:start(310)) - omNode-1@group-523986131536: start as a follower, conf=0: [omNode-3|rpc:localhost:39235|admin:|client:|dataStream:|priority:0, omNode-1|rpc:localhost:38271|admin:|client:|dataStream:|priority:0, omNode-2|rpc:localhost:35563|admin:|client:|dataStream:|priority:0], old=null
2022-08-10 20:40:57,013 [grpc-default-executor-0] INFO  leader.FollowerInfo (FollowerInfoImpl.java:lambda$new$0(48)) - omNode-2@group-523986131536->omNode-1: nextIndex: updateUnconditionally 0 -> 0
2022-08-10 20:40:57,013 [omNode-1-impl-thread1] INFO  server.RaftServer$Division (RaftServerImpl.java:setRole(299)) - omNode-1@group-523986131536: changes role from      null to FOLLOWER at term 1 for startAsFollower
2022-08-10 20:40:57,013 [omNode-1-impl-thread1] INFO  impl.RoleInfo (RoleInfo.java:updateAndGet(139)) - omNode-1: start omNode-1@group-523986131536-FollowerState
2022-08-10 20:40:57,013 [grpc-default-executor-0] WARN  server.GrpcLogAppender (LogUtils.java:warn(122)) - omNode-2@group-523986131536->omNode-1-AppendLogResponseHandler: Failed appendEntries: org.apache.ratis.thirdparty.io.grpc.StatusRuntimeException: UNAVAILABLE: io exception
2022-08-10 20:40:57,013 [grpc-default-executor-0] INFO  leader.FollowerInfo (FollowerInfoImpl.java:lambda$new$0(48)) - omNode-2@group-523986131536->omNode-1: nextIndex: updateUnconditionally 0 -> 0
2022-08-10 20:40:57,013 [omNode-2@group-523986131536->omNode-1-GrpcLogAppender-LogAppenderDaemon] INFO  server.GrpcLogAppender (GrpcLogAppender.java:installSnapshot(541)) - omNode-2@group-523986131536->omNode-1-GrpcLogAppender: followerNextIndex = 0 but logStartIndex = -1, notify follower to install snapshot-(t:1, i:24)
2022-08-10 20:40:57,014 [omNode-2@group-523986131536->omNode-1-GrpcLogAppender-LogAppenderDaemon] INFO  server.GrpcLogAppender (GrpcLogAppender.java:installSnapshot(549)) - omNode-2@group-523986131536->omNode-1-GrpcLogAppender: send omNode-2->omNode-1#0-t1,notify:(t:1, i:24)
2022-08-10 20:40:57,014 [grpc-default-executor-0] WARN  server.GrpcLogAppender (LogUtils.java:warn(122)) - omNode-2@group-523986131536->omNode-1-InstallSnapshotResponseHandler: Failed InstallSnapshot: org.apache.ratis.thirdparty.io.grpc.StatusRuntimeException: UNAVAILABLE: io exception
2022-08-10 20:40:57,014 [grpc-default-executor-0] INFO  leader.FollowerInfo (FollowerInfoImpl.java:lambda$new$0(48)) - omNode-2@group-523986131536->omNode-1: nextIndex: updateUnconditionally 0 -> 0
2022-08-10 20:40:57,014 [grpc-default-executor-0] WARN  server.GrpcLogAppender (LogUtils.java:warn(122)) - omNode-2@group-523986131536->omNode-1-AppendLogResponseHandler: Failed appendEntries: org.apache.ratis.thirdparty.io.grpc.StatusRuntimeException: UNAVAILABLE: io exception
2022-08-10 20:40:57,014 [grpc-default-executor-0] INFO  leader.FollowerInfo (FollowerInfoImpl.java:lambda$new$0(48)) - omNode-2@group-523986131536->omNode-1: nextIndex: updateUnconditionally 0 -> 0
2022-08-10 20:40:57,014 [omNode-2@group-523986131536->omNode-1-GrpcLogAppender-LogAppenderDaemon] INFO  server.GrpcLogAppender (GrpcLogAppender.java:installSnapshot(541)) - omNode-2@group-523986131536->omNode-1-GrpcLogAppender: followerNextIndex = 0 but logStartIndex = -1, notify follower to install snapshot-(t:1, i:24)
2022-08-10 20:40:57,014 [omNode-2@group-523986131536->omNode-1-GrpcLogAppender-LogAppenderDaemon] INFO  server.GrpcLogAppender (GrpcLogAppender.java:installSnapshot(549)) - omNode-2@group-523986131536->omNode-1-GrpcLogAppender: send omNode-2->omNode-1#0-t1,notify:(t:1, i:24)
2022-08-10 20:40:57,014 [grpc-default-executor-0] WARN  server.GrpcLogAppender (LogUtils.java:warn(122)) - omNode-2@group-523986131536->omNode-1-InstallSnapshotResponseHandler: Failed InstallSnapshot: org.apache.ratis.thirdparty.io.grpc.StatusRuntimeException: UNAVAILABLE: io exception
2022-08-10 20:40:57,014 [grpc-default-executor-0] INFO  leader.FollowerInfo (FollowerInfoImpl.java:lambda$new$0(48)) - omNode-2@group-523986131536->omNode-1: nextIndex: updateUnconditionally 0 -> 0
2022-08-10 20:40:57,015 [grpc-default-executor-0] WARN  server.GrpcLogAppender (LogUtils.java:warn(122)) - omNode-2@group-523986131536->omNode-1-AppendLogResponseHandler: Failed appendEntries: org.apache.ratis.thirdparty.io.grpc.StatusRuntimeException: UNAVAILABLE: io exception
2022-08-10 20:40:57,015 [grpc-default-executor-0] INFO  leader.FollowerInfo (FollowerInfoImpl.java:lambda$new$0(48)) - omNode-2@group-523986131536->omNode-1: nextIndex: updateUnconditionally 0 -> 0
2022-08-10 20:40:57,015 [omNode-2@group-523986131536->omNode-1-GrpcLogAppender-LogAppenderDaemon] INFO  server.GrpcLogAppender (GrpcLogAppender.java:installSnapshot(541)) - omNode-2@group-523986131536->omNode-1-GrpcLogAppender: followerNextIndex = 0 but logStartIndex = -1, notify follower to install snapshot-(t:1, i:24)
2022-08-10 20:40:57,015 [omNode-2@group-523986131536->omNode-1-GrpcLogAppender-LogAppenderDaemon] INFO  server.GrpcLogAppender (GrpcLogAppender.java:installSnapshot(549)) - omNode-2@group-523986131536->omNode-1-GrpcLogAppender: send omNode-2->omNode-1#0-t1,notify:(t:1, i:24)
2022-08-10 20:40:57,015 [grpc-default-executor-0] WARN  server.GrpcLogAppender (LogUtils.java:warn(122)) - omNode-2@group-523986131536->omNode-1-InstallSnapshotResponseHandler: Failed InstallSnapshot: org.apache.ratis.thirdparty.io.grpc.StatusRuntimeException: UNAVAILABLE: io exception
2022-08-10 20:40:57,015 [grpc-default-executor-0] INFO  leader.FollowerInfo (FollowerInfoImpl.java:lambda$new$0(48)) - omNode-2@group-523986131536->omNode-1: nextIndex: updateUnconditionally 0 -> 0
2022-08-10 20:40:57,015 [grpc-default-executor-0] WARN  server.GrpcLogAppender (LogUtils.java:warn(122)) - omNode-2@group-523986131536->omNode-1-AppendLogResponseHandler: Failed appendEntries: org.apache.ratis.thirdparty.io.grpc.StatusRuntimeException: UNAVAILABLE: io exception
2022-08-10 20:40:57,015 [grpc-default-executor-0] INFO  leader.FollowerInfo (FollowerInfoImpl.java:lambda$new$0(48)) - omNode-2@group-523986131536->omNode-1: nextIndex: updateUnconditionally 0 -> 0
2022-08-10 20:40:57,015 [omNode-2@group-523986131536->omNode-1-GrpcLogAppender-LogAppenderDaemon] INFO  server.GrpcLogAppender (GrpcLogAppender.java:installSnapshot(541)) - omNode-2@group-523986131536->omNode-1-GrpcLogAppender: followerNextIndex = 0 but logStartIndex = -1, notify follower to install snapshot-(t:1, i:24)
2022-08-10 20:40:57,015 [omNode-2@group-523986131536->omNode-1-GrpcLogAppender-LogAppenderDaemon] INFO  server.GrpcLogAppender (GrpcLogAppender.java:installSnapshot(549)) - omNode-2@group-523986131536->omNode-1-GrpcLogAppender: send omNode-2->omNode-1#0-t1,notify:(t:1, i:24)
2022-08-10 20:40:57,015 [grpc-default-executor-0] WARN  server.GrpcLogAppender (LogUtils.java:warn(122)) - omNode-2@group-523986131536->omNode-1-InstallSnapshotResponseHandler: Failed InstallSnapshot: org.apache.ratis.thirdparty.io.grpc.StatusRuntimeException: UNAVAILABLE: io exception
2022-08-10 20:40:57,016 [grpc-default-executor-0] INFO  leader.FollowerInfo (FollowerInfoImpl.java:lambda$new$0(48)) - omNode-2@group-523986131536->omNode-1: nextIndex: updateUnconditionally 0 -> 0
2022-08-10 20:40:57,016 [grpc-default-executor-0] WARN  server.GrpcLogAppender (LogUtils.java:warn(122)) - omNode-2@group-523986131536->omNode-1-AppendLogResponseHandler: Failed appendEntries: org.apache.ratis.thirdparty.io.grpc.StatusRuntimeException: UNAVAILABLE: io exception
2022-08-10 20:40:57,016 [grpc-default-executor-0] INFO  leader.FollowerInfo (FollowerInfoImpl.java:lambda$new$0(48)) - omNode-2@group-523986131536->omNode-1: nextIndex: updateUnconditionally 0 -> 0
2022-08-10 20:40:57,016 [omNode-2@group-523986131536->omNode-1-GrpcLogAppender-LogAppenderDaemon] INFO  server.GrpcLogAppender (GrpcLogAppender.java:installSnapshot(541)) - omNode-2@group-523986131536->omNode-1-GrpcLogAppender: followerNextIndex = 0 but logStartIndex = -1, notify follower to install snapshot-(t:1, i:24)
2022-08-10 20:40:57,016 [omNode-2@group-523986131536->omNode-1-GrpcLogAppender-LogAppenderDaemon] INFO  server.GrpcLogAppender (GrpcLogAppender.java:installSnapshot(549)) - omNode-2@group-523986131536->omNode-1-GrpcLogAppender: send omNode-2->omNode-1#0-t1,notify:(t:1, i:24)
2022-08-10 20:40:57,019 [grpc-default-executor-3] WARN  server.GrpcLogAppender (LogUtils.java:warn(122)) - omNode-2@group-523986131536->omNode-1-InstallSnapshotResponseHandler: Failed InstallSnapshot: org.apache.ratis.thirdparty.io.grpc.StatusRuntimeException: UNAVAILABLE: io exception
2022-08-10 20:40:57,019 [grpc-default-executor-3] INFO  leader.FollowerInfo (FollowerInfoImpl.java:lambda$new$0(48)) - omNode-2@group-523986131536->omNode-1: nextIndex: updateUnconditionally 0 -> 0
2022-08-10 20:40:57,020 [grpc-default-executor-3] WARN  server.GrpcLogAppender (LogUtils.java:warn(122)) - omNode-2@group-523986131536->omNode-1-AppendLogResponseHandler: Failed appendEntries: org.apache.ratis.thirdparty.io.grpc.StatusRuntimeException: UNAVAILABLE: io exception
2022-08-10 20:40:57,020 [grpc-default-executor-3] INFO  leader.FollowerInfo (FollowerInfoImpl.java:lambda$new$0(48)) - omNode-2@group-523986131536->omNode-1: nextIndex: updateUnconditionally 0 -> 0
2022-08-10 20:40:57,020 [omNode-2@group-523986131536->omNode-1-GrpcLogAppender-LogAppenderDaemon] INFO  server.GrpcLogAppender (GrpcLogAppender.java:installSnapshot(541)) - omNode-2@group-523986131536->omNode-1-GrpcLogAppender: followerNextIndex = 0 but logStartIndex = -1, notify follower to install snapshot-(t:1, i:24)
2022-08-10 20:40:57,020 [omNode-2@group-523986131536->omNode-1-GrpcLogAppender-LogAppenderDaemon] INFO  server.GrpcLogAppender (GrpcLogAppender.java:installSnapshot(549)) - omNode-2@group-523986131536->omNode-1-GrpcLogAppender: send omNode-2->omNode-1#0-t1,notify:(t:1, i:24)
2022-08-10 20:40:57,020 [grpc-default-executor-3] WARN  server.GrpcLogAppender (LogUtils.java:warn(122)) - omNode-2@group-523986131536->omNode-1-InstallSnapshotResponseHandler: Failed InstallSnapshot: org.apache.ratis.thirdparty.io.grpc.StatusRuntimeException: UNAVAILABLE: io exception
2022-08-10 20:40:57,020 [grpc-default-executor-3] INFO  leader.FollowerInfo (FollowerInfoImpl.java:lambda$new$0(48)) - omNode-2@group-523986131536->omNode-1: nextIndex: updateUnconditionally 0 -> 0
2022-08-10 20:40:57,020 [grpc-default-executor-3] WARN  server.GrpcLogAppender (LogUtils.java:warn(122)) - omNode-2@group-523986131536->omNode-1-AppendLogResponseHandler: Failed appendEntries: org.apache.ratis.thirdparty.io.grpc.StatusRuntimeException: UNAVAILABLE: io exception
2022-08-10 20:40:57,020 [grpc-default-executor-3] INFO  leader.FollowerInfo (FollowerInfoImpl.java:lambda$new$0(48)) - omNode-2@group-523986131536->omNode-1: nextIndex: updateUnconditionally 0 -> 0
2022-08-10 20:40:57,020 [omNode-2@group-523986131536->omNode-1-GrpcLogAppender-LogAppenderDaemon] INFO  server.GrpcLogAppender (GrpcLogAppender.java:installSnapshot(541)) - omNode-2@group-523986131536->omNode-1-GrpcLogAppender: followerNextIndex = 0 but logStartIndex = -1, notify follower to install snapshot-(t:1, i:24)
2022-08-10 20:40:57,020 [omNode-2@group-523986131536->omNode-1-GrpcLogAppender-LogAppenderDaemon] INFO  server.GrpcLogAppender (GrpcLogAppender.java:installSnapshot(549)) - omNode-2@group-523986131536->omNode-1-GrpcLogAppender: send omNode-2->omNode-1#0-t1,notify:(t:1, i:24)
2022-08-10 20:40:57,021 [grpc-default-executor-3] WARN  server.GrpcLogAppender (LogUtils.java:warn(122)) - omNode-2@group-523986131536->omNode-1-InstallSnapshotResponseHandler: Failed InstallSnapshot: org.apache.ratis.thirdparty.io.grpc.StatusRuntimeException: UNAVAILABLE: io exception
2022-08-10 20:40:57,021 [grpc-default-executor-3] INFO  leader.FollowerInfo (FollowerInfoImpl.java:lambda$new$0(48)) - omNode-2@group-523986131536->omNode-1: nextIndex: updateUnconditionally 0 -> 0
2022-08-10 20:40:57,021 [grpc-default-executor-3] WARN  server.GrpcLogAppender (LogUtils.java:warn(122)) - omNode-2@group-523986131536->omNode-1-AppendLogResponseHandler: Failed appendEntries: org.apache.ratis.thirdparty.io.grpc.StatusRuntimeException: UNAVAILABLE: io exception
2022-08-10 20:40:57,021 [grpc-default-executor-3] INFO  leader.FollowerInfo (FollowerInfoImpl.java:lambda$new$0(48)) - omNode-2@group-523986131536->omNode-1: nextIndex: updateUnconditionally 0 -> 0
2022-08-10 20:40:57,021 [omNode-2@group-523986131536->omNode-1-GrpcLogAppender-LogAppenderDaemon] INFO  server.GrpcLogAppender (GrpcLogAppender.java:installSnapshot(541)) - omNode-2@group-523986131536->omNode-1-GrpcLogAppender: followerNextIndex = 0 but logStartIndex = -1, notify follower to install snapshot-(t:1, i:24)
2022-08-10 20:40:57,021 [omNode-2@group-523986131536->omNode-1-GrpcLogAppender-LogAppenderDaemon] INFO  server.GrpcLogAppender (GrpcLogAppender.java:installSnapshot(549)) - omNode-2@group-523986131536->omNode-1-GrpcLogAppender: send omNode-2->omNode-1#0-t1,notify:(t:1, i:24)
2022-08-10 20:40:57,022 [grpc-default-executor-3] WARN  server.GrpcLogAppender (LogUtils.java:warn(122)) - omNode-2@group-523986131536->omNode-1-InstallSnapshotResponseHandler: Failed InstallSnapshot: org.apache.ratis.thirdparty.io.grpc.StatusRuntimeException: UNAVAILABLE: io exception
2022-08-10 20:40:57,022 [grpc-default-executor-3] INFO  leader.FollowerInfo (FollowerInfoImpl.java:lambda$new$0(48)) - omNode-2@group-523986131536->omNode-1: nextIndex: updateUnconditionally 0 -> 0
2022-08-10 20:40:57,022 [omNode-2@group-523986131536->omNode-1-GrpcLogAppender-LogAppenderDaemon] INFO  server.GrpcLogAppender (GrpcLogAppender.java:installSnapshot(541)) - omNode-2@group-523986131536->omNode-1-GrpcLogAppender: followerNextIndex = 0 but logStartIndex = -1, notify follower to install snapshot-(t:1, i:24)
2022-08-10 20:40:57,022 [omNode-2@group-523986131536->omNode-1-GrpcLogAppender-LogAppenderDaemon] INFO  server.GrpcLogAppender (GrpcLogAppender.java:installSnapshot(549)) - omNode-2@group-523986131536->omNode-1-GrpcLogAppender: send omNode-2->omNode-1#0-t1,notify:(t:1, i:24)
2022-08-10 20:40:57,023 [grpc-default-executor-0] WARN  server.GrpcLogAppender (LogUtils.java:warn(122)) - omNode-2@group-523986131536->omNode-1-AppendLogResponseHandler: Failed appendEntries: org.apache.ratis.thirdparty.io.grpc.StatusRuntimeException: UNAVAILABLE: io exception
2022-08-10 20:40:57,023 [grpc-default-executor-0] INFO  leader.FollowerInfo (FollowerInfoImpl.java:lambda$new$0(48)) - omNode-2@group-523986131536->omNode-1: nextIndex: updateUnconditionally 0 -> 0
2022-08-10 20:40:57,024 [grpc-default-executor-3] WARN  server.GrpcLogAppender (LogUtils.java:warn(122)) - omNode-2@group-523986131536->omNode-1-InstallSnapshotResponseHandler: Failed InstallSnapshot: org.apache.ratis.thirdparty.io.grpc.StatusRuntimeException: UNAVAILABLE: io exception
2022-08-10 20:40:57,024 [grpc-default-executor-3] INFO  leader.FollowerInfo (FollowerInfoImpl.java:lambda$new$0(48)) - omNode-2@group-523986131536->omNode-1: nextIndex: updateUnconditionally 0 -> 0
2022-08-10 20:40:57,024 [grpc-default-executor-3] WARN  server.GrpcLogAppender (LogUtils.java:warn(122)) - omNode-2@group-523986131536->omNode-1-AppendLogResponseHandler: Failed appendEntries: org.apache.ratis.thirdparty.io.grpc.StatusRuntimeException: UNAVAILABLE: io exception
2022-08-10 20:40:57,024 [grpc-default-executor-3] INFO  leader.FollowerInfo (FollowerInfoImpl.java:lambda$new$0(48)) - omNode-2@group-523986131536->omNode-1: nextIndex: updateUnconditionally 0 -> 0
2022-08-10 20:40:57,025 [omNode-2@group-523986131536->omNode-1-GrpcLogAppender-LogAppenderDaemon] INFO  server.GrpcLogAppender (GrpcLogAppender.java:installSnapshot(541)) - omNode-2@group-523986131536->omNode-1-GrpcLogAppender: followerNextIndex = 0 but logStartIndex = -1, notify follower to install snapshot-(t:1, i:24)
2022-08-10 20:40:57,025 [omNode-2@group-523986131536->omNode-1-GrpcLogAppender-LogAppenderDaemon] INFO  server.GrpcLogAppender (GrpcLogAppender.java:installSnapshot(549)) - omNode-2@group-523986131536->omNode-1-GrpcLogAppender: send omNode-2->omNode-1#0-t1,notify:(t:1, i:24)
2022-08-10 20:40:57,025 [grpc-default-executor-0] WARN  server.GrpcLogAppender (LogUtils.java:warn(122)) - omNode-2@group-523986131536->omNode-1-InstallSnapshotResponseHandler: Failed InstallSnapshot: org.apache.ratis.thirdparty.io.grpc.StatusRuntimeException: UNAVAILABLE: io exception
2022-08-10 20:40:57,025 [grpc-default-executor-0] INFO  leader.FollowerInfo (FollowerInfoImpl.java:lambda$new$0(48)) - omNode-2@group-523986131536->omNode-1: nextIndex: updateUnconditionally 0 -> 0
2022-08-10 20:40:57,026 [grpc-default-executor-0] WARN  server.GrpcLogAppender (LogUtils.java:warn(122)) - omNode-2@group-523986131536->omNode-1-AppendLogResponseHandler: Failed appendEntries: org.apache.ratis.thirdparty.io.grpc.StatusRuntimeException: UNAVAILABLE: io exception
2022-08-10 20:40:57,026 [grpc-default-executor-0] INFO  leader.FollowerInfo (FollowerInfoImpl.java:lambda$new$0(48)) - omNode-2@group-523986131536->omNode-1: nextIndex: updateUnconditionally 0 -> 0
2022-08-10 20:40:57,026 [omNode-2@group-523986131536->omNode-1-GrpcLogAppender-LogAppenderDaemon] INFO  server.GrpcLogAppender (GrpcLogAppender.java:installSnapshot(541)) - omNode-2@group-523986131536->omNode-1-GrpcLogAppender: followerNextIndex = 0 but logStartIndex = -1, notify follower to install snapshot-(t:1, i:24)
2022-08-10 20:40:57,026 [omNode-2@group-523986131536->omNode-1-GrpcLogAppender-LogAppenderDaemon] INFO  server.GrpcLogAppender (GrpcLogAppender.java:installSnapshot(549)) - omNode-2@group-523986131536->omNode-1-GrpcLogAppender: send omNode-2->omNode-1#0-t1,notify:(t:1, i:24)
2022-08-10 20:40:57,026 [grpc-default-executor-0] WARN  server.GrpcLogAppender (LogUtils.java:warn(122)) - omNode-2@group-523986131536->omNode-1-InstallSnapshotResponseHandler: Failed InstallSnapshot: org.apache.ratis.thirdparty.io.grpc.StatusRuntimeException: UNAVAILABLE: io exception
2022-08-10 20:40:57,026 [grpc-default-executor-0] INFO  leader.FollowerInfo (FollowerInfoImpl.java:lambda$new$0(48)) - omNode-2@group-523986131536->omNode-1: nextIndex: updateUnconditionally 0 -> 0
2022-08-10 20:40:57,026 [grpc-default-executor-0] WARN  server.GrpcLogAppender (LogUtils.java:warn(122)) - omNode-2@group-523986131536->omNode-1-AppendLogResponseHandler: Failed appendEntries: org.apache.ratis.thirdparty.io.grpc.StatusRuntimeException: UNAVAILABLE: io exception
2022-08-10 20:40:57,026 [grpc-default-executor-0] INFO  leader.FollowerInfo (FollowerInfoImpl.java:lambda$new$0(48)) - omNode-2@group-523986131536->omNode-1: nextIndex: updateUnconditionally 0 -> 0
2022-08-10 20:40:57,026 [omNode-2@group-523986131536->omNode-1-GrpcLogAppender-LogAppenderDaemon] INFO  server.GrpcLogAppender (GrpcLogAppender.java:installSnapshot(541)) - omNode-2@group-523986131536->omNode-1-GrpcLogAppender: followerNextIndex = 0 but logStartIndex = -1, notify follower to install snapshot-(t:1, i:24)
2022-08-10 20:40:57,026 [omNode-2@group-523986131536->omNode-1-GrpcLogAppender-LogAppenderDaemon] INFO  server.GrpcLogAppender (GrpcLogAppender.java:installSnapshot(549)) - omNode-2@group-523986131536->omNode-1-GrpcLogAppender: send omNode-2->omNode-1#0-t1,notify:(t:1, i:24)
2022-08-10 20:40:57,027 [grpc-default-executor-0] WARN  server.GrpcLogAppender (LogUtils.java:warn(122)) - omNode-2@group-523986131536->omNode-1-InstallSnapshotResponseHandler: Failed InstallSnapshot: org.apache.ratis.thirdparty.io.grpc.StatusRuntimeException: UNAVAILABLE: io exception
2022-08-10 20:40:57,027 [grpc-default-executor-0] INFO  leader.FollowerInfo (FollowerInfoImpl.java:lambda$new$0(48)) - omNode-2@group-523986131536->omNode-1: nextIndex: updateUnconditionally 0 -> 0
2022-08-10 20:40:57,027 [omNode-2@group-523986131536->omNode-1-GrpcLogAppender-LogAppenderDaemon] INFO  server.GrpcLogAppender (GrpcLogAppender.java:installSnapshot(541)) - omNode-2@group-523986131536->omNode-1-GrpcLogAppender: followerNextIndex = 0 but logStartIndex = -1, notify follower to install snapshot-(t:1, i:24)
2022-08-10 20:40:57,027 [omNode-2@group-523986131536->omNode-1-GrpcLogAppender-LogAppenderDaemon] INFO  server.GrpcLogAppender (GrpcLogAppender.java:installSnapshot(549)) - omNode-2@group-523986131536->omNode-1-GrpcLogAppender: send omNode-2->omNode-1#0-t1,notify:(t:1, i:24)
2022-08-10 20:40:57,028 [grpc-default-executor-7] WARN  server.GrpcLogAppender (LogUtils.java:warn(122)) - omNode-2@group-523986131536->omNode-1-InstallSnapshotResponseHandler: Failed InstallSnapshot: org.apache.ratis.thirdparty.io.grpc.StatusRuntimeException: UNAVAILABLE: io exception
2022-08-10 20:40:57,028 [grpc-default-executor-7] INFO  leader.FollowerInfo (FollowerInfoImpl.java:lambda$new$0(48)) - omNode-2@group-523986131536->omNode-1: nextIndex: updateUnconditionally 0 -> 0
2022-08-10 20:40:57,029 [grpc-default-executor-7] WARN  server.GrpcLogAppender (LogUtils.java:warn(122)) - omNode-2@group-523986131536->omNode-1-AppendLogResponseHandler: Failed appendEntries: org.apache.ratis.thirdparty.io.grpc.StatusRuntimeException: UNAVAILABLE: io exception
2022-08-10 20:40:57,029 [grpc-default-executor-7] INFO  leader.FollowerInfo (FollowerInfoImpl.java:lambda$new$0(48)) - omNode-2@group-523986131536->omNode-1: nextIndex: updateUnconditionally 0 -> 0
2022-08-10 20:40:57,030 [grpc-default-executor-7] WARN  server.GrpcLogAppender (LogUtils.java:warn(122)) - omNode-2@group-523986131536->omNode-1-AppendLogResponseHandler: Failed appendEntries: org.apache.ratis.thirdparty.io.grpc.StatusRuntimeException: UNAVAILABLE: io exception
2022-08-10 20:40:57,030 [grpc-default-executor-7] INFO  leader.FollowerInfo (FollowerInfoImpl.java:lambda$new$0(48)) - omNode-2@group-523986131536->omNode-1: nextIndex: updateUnconditionally 0 -> 0
2022-08-10 20:40:57,030 [omNode-1-impl-thread1] INFO  util.JmxRegister (JmxRegister.java:tryRegister(44)) - Successfully registered JMX Bean with object name Ratis:service=RaftServer,group=group-523986131536,id=omNode-1
2022-08-10 20:40:57,030 [omNode-2@group-523986131536->omNode-1-GrpcLogAppender-LogAppenderDaemon] INFO  server.GrpcLogAppender (GrpcLogAppender.java:installSnapshot(541)) - omNode-2@group-523986131536->omNode-1-GrpcLogAppender: followerNextIndex = 0 but logStartIndex = -1, notify follower to install snapshot-(t:1, i:24)
2022-08-10 20:40:57,032 [Listener at localhost/39139] INFO  server.RaftServer (RaftServerProxy.java:lambda$start$6(382)) - omNode-1: start RPC server
2022-08-10 20:40:57,032 [omNode-2@group-523986131536->omNode-1-GrpcLogAppender-LogAppenderDaemon] INFO  server.GrpcLogAppender (GrpcLogAppender.java:installSnapshot(549)) - omNode-2@group-523986131536->omNode-1-GrpcLogAppender: send omNode-2->omNode-1#0-t1,notify:(t:1, i:24)
2022-08-10 20:40:57,035 [Listener at localhost/39139] INFO  server.GrpcService (GrpcService.java:startImpl(260)) - omNode-1: GrpcService started, listening on 38271
2022-08-10 20:40:57,035 [Listener at localhost/39139] INFO  om.OzoneManager (OzoneManager.java:getRpcServer(1086)) - Creating RPC Server
2022-08-10 20:40:57,037 [grpc-default-executor-0] WARN  server.GrpcLogAppender (LogUtils.java:warn(122)) - omNode-2@group-523986131536->omNode-1-InstallSnapshotResponseHandler: Failed InstallSnapshot: org.apache.ratis.thirdparty.io.grpc.StatusRuntimeException: UNAVAILABLE: io exception
2022-08-10 20:40:57,037 [org.apache.ratis.util.JvmPauseMonitor$$Lambda$703/1412835141@78ed3c71] INFO  util.JvmPauseMonitor (JvmPauseMonitor.java:run(103)) - JvmPauseMonitor-omNode-1: Started
2022-08-10 20:40:57,037 [grpc-default-executor-0] INFO  leader.FollowerInfo (FollowerInfoImpl.java:lambda$new$0(48)) - omNode-2@group-523986131536->omNode-1: nextIndex: updateUnconditionally 0 -> 0
2022-08-10 20:40:57,037 [omNode-2@group-523986131536->omNode-1-GrpcLogAppender-LogAppenderDaemon] INFO  server.GrpcLogAppender (GrpcLogAppender.java:installSnapshot(541)) - omNode-2@group-523986131536->omNode-1-GrpcLogAppender: followerNextIndex = 0 but logStartIndex = -1, notify follower to install snapshot-(t:1, i:24)
2022-08-10 20:40:57,038 [omNode-2@group-523986131536->omNode-1-GrpcLogAppender-LogAppenderDaemon] INFO  server.GrpcLogAppender (GrpcLogAppender.java:installSnapshot(549)) - omNode-2@group-523986131536->omNode-1-GrpcLogAppender: send omNode-2->omNode-1#0-t1,notify:(t:1, i:24)
2022-08-10 20:40:57,049 [grpc-default-executor-0] INFO  impl.SnapshotInstallationHandler (SnapshotInstallationHandler.java:installSnapshot(84)) - omNode-1@group-523986131536: receive installSnapshot: omNode-2->omNode-1#0-t1,notify:(t:1, i:24)
2022-08-10 20:40:57,049 [grpc-default-executor-0] INFO  server.RaftServer$Division (ServerState.java:setLeader(287)) - omNode-1@group-523986131536: change Leader from null to omNode-2 at term 1 for installSnapshot, leader elected after 52ms
2022-08-10 20:40:57,049 [grpc-default-executor-0] INFO  impl.SnapshotInstallationHandler (SnapshotInstallationHandler.java:notifyStateMachineToInstallSnapshot(215)) - omNode-1@group-523986131536: Received notification to install snapshot at index 24
2022-08-10 20:40:57,049 [grpc-default-executor-0] INFO  impl.SnapshotInstallationHandler (SnapshotInstallationHandler.java:notifyStateMachineToInstallSnapshot(224)) - omNode-1@group-523986131536: InstallSnapshot notification result: ALREADY_INSTALLED, current snapshot index: 23
2022-08-10 20:40:57,049 [grpc-default-executor-0] INFO  impl.SnapshotInstallationHandler (SnapshotInstallationHandler.java:installSnapshot(95)) - omNode-1@group-523986131536: reply installSnapshot: omNode-2<-omNode-1#0:FAIL-t1,ALREADY_INSTALLED,snapshotIndex=23
2022-08-10 20:40:57,049 [grpc-default-executor-0] INFO  server.GrpcServerProtocolService (GrpcServerProtocolService.java:onCompleted(140)) - omNode-1: Completed INSTALL_SNAPSHOT, lastRequest: omNode-2->omNode-1#0-t1,notify:(t:1, i:24)
2022-08-10 20:40:57,052 [grpc-default-executor-0] INFO  server.GrpcLogAppender (GrpcLogAppender.java:onNext(403)) - omNode-2@group-523986131536->omNode-1-InstallSnapshotResponseHandler: received the first reply omNode-2<-omNode-1#0:FAIL-t1,ALREADY_INSTALLED,snapshotIndex=23
2022-08-10 20:40:57,052 [grpc-default-executor-0] INFO  server.GrpcLogAppender (GrpcLogAppender.java:onNext(426)) - omNode-2@group-523986131536->omNode-1-InstallSnapshotResponseHandler: Follower snapshot is already at index 23.
2022-08-10 20:40:57,053 [grpc-default-executor-0] INFO  leader.FollowerInfo (FollowerInfoImpl.java:lambda$new$0(48)) - omNode-2@group-523986131536->omNode-1: snapshotIndex: setUnconditionally 0 -> 23
2022-08-10 20:40:57,053 [grpc-default-executor-0] INFO  leader.FollowerInfo (FollowerInfoImpl.java:lambda$new$0(48)) - omNode-2@group-523986131536->omNode-1: matchIndex: setUnconditionally 23 -> 23
2022-08-10 20:40:57,053 [grpc-default-executor-0] INFO  leader.FollowerInfo (FollowerInfoImpl.java:lambda$new$0(48)) - omNode-2@group-523986131536->omNode-1: nextIndex: setUnconditionally 0 -> 24
2022-08-10 20:40:57,053 [grpc-default-executor-0] INFO  leader.FollowerInfo (FollowerInfoImpl.java:setAttemptedToInstallSnapshot(118)) - Follower omNode-2@group-523986131536->omNode-1 acknowledged installing snapshot
2022-08-10 20:40:57,053 [grpc-default-executor-0] INFO  leader.FollowerInfo (FollowerInfoImpl.java:lambda$new$0(48)) - omNode-2@group-523986131536->omNode-1: nextIndex: updateToMax old=24, new=24, updated? false
2022-08-10 20:40:57,145 [Finalizer] WARN  managed.ManagedRocksObjectUtils (ManagedRocksObjectUtils.java:assertClosed(39)) - ManagedColumnFamilyOptions is not closed properly
2022-08-10 20:40:57,146 [Finalizer] WARN  managed.ManagedRocksObjectUtils (ManagedRocksObjectUtils.java:assertClosed(39)) - ManagedColumnFamilyOptions is not closed properly
2022-08-10 20:40:57,146 [Finalizer] WARN  managed.ManagedRocksObjectUtils (ManagedRocksObjectUtils.java:assertClosed(39)) - ManagedColumnFamilyOptions is not closed properly
2022-08-10 20:40:57,146 [Finalizer] WARN  managed.ManagedRocksObjectUtils (ManagedRocksObjectUtils.java:assertClosed(39)) - ManagedColumnFamilyOptions is not closed properly
2022-08-10 20:40:57,146 [Finalizer] WARN  managed.ManagedRocksObjectUtils (ManagedRocksObjectUtils.java:assertClosed(39)) - ManagedColumnFamilyOptions is not closed properly
2022-08-10 20:40:57,146 [Finalizer] WARN  managed.ManagedRocksObjectUtils (ManagedRocksObjectUtils.java:assertClosed(39)) - ManagedColumnFamilyOptions is not closed properly
2022-08-10 20:40:57,146 [Finalizer] WARN  managed.ManagedRocksObjectUtils (ManagedRocksObjectUtils.java:assertClosed(39)) - ManagedColumnFamilyOptions is not closed properly
2022-08-10 20:40:57,146 [Finalizer] WARN  managed.ManagedRocksObjectUtils (ManagedRocksObjectUtils.java:assertClosed(39)) - ManagedColumnFamilyOptions is not closed properly
2022-08-10 20:40:57,146 [Finalizer] WARN  managed.ManagedRocksObjectUtils (ManagedRocksObjectUtils.java:assertClosed(39)) - ManagedColumnFamilyOptions is not closed properly
2022-08-10 20:40:57,146 [Finalizer] WARN  managed.ManagedRocksObjectUtils (ManagedRocksObjectUtils.java:assertClosed(39)) - ManagedColumnFamilyOptions is not closed properly
2022-08-10 20:40:57,146 [Finalizer] WARN  managed.ManagedRocksObjectUtils (ManagedRocksObjectUtils.java:assertClosed(39)) - ManagedColumnFamilyOptions is not closed properly
2022-08-10 20:40:57,146 [Finalizer] WARN  managed.ManagedRocksObjectUtils (ManagedRocksObjectUtils.java:assertClosed(39)) - ManagedColumnFamilyOptions is not closed properly
2022-08-10 20:40:57,146 [Finalizer] WARN  managed.ManagedRocksObjectUtils (ManagedRocksObjectUtils.java:assertClosed(39)) - ManagedColumnFamilyOptions is not closed properly
2022-08-10 20:40:57,146 [Finalizer] WARN  managed.ManagedRocksObjectUtils (ManagedRocksObjectUtils.java:assertClosed(39)) - ManagedColumnFamilyOptions is not closed properly
2022-08-10 20:40:57,146 [Finalizer] WARN  managed.ManagedRocksObjectUtils (ManagedRocksObjectUtils.java:assertClosed(39)) - ManagedColumnFamilyOptions is not closed properly
2022-08-10 20:40:57,146 [Finalizer] WARN  managed.ManagedRocksObjectUtils (ManagedRocksObjectUtils.java:assertClosed(39)) - ManagedColumnFamilyOptions is not closed properly
2022-08-10 20:40:57,146 [Finalizer] WARN  managed.ManagedRocksObjectUtils (ManagedRocksObjectUtils.java:assertClosed(39)) - ManagedColumnFamilyOptions is not closed properly
2022-08-10 20:40:57,146 [Finalizer] WARN  managed.ManagedRocksObjectUtils (ManagedRocksObjectUtils.java:assertClosed(39)) - ManagedColumnFamilyOptions is not closed properly
2022-08-10 20:40:57,146 [Finalizer] WARN  managed.ManagedRocksObjectUtils (ManagedRocksObjectUtils.java:assertClosed(39)) - ManagedColumnFamilyOptions is not closed properly
2022-08-10 20:40:57,146 [Finalizer] WARN  managed.ManagedRocksObjectUtils (ManagedRocksObjectUtils.java:assertClosed(39)) - ManagedColumnFamilyOptions is not closed properly
2022-08-10 20:40:57,146 [Finalizer] WARN  managed.ManagedRocksObjectUtils (ManagedRocksObjectUtils.java:assertClosed(39)) - ManagedColumnFamilyOptions is not closed properly
2022-08-10 20:40:57,146 [Finalizer] WARN  managed.ManagedRocksObjectUtils (ManagedRocksObjectUtils.java:assertClosed(39)) - ManagedColumnFamilyOptions is not closed properly
2022-08-10 20:40:57,146 [Finalizer] WARN  managed.ManagedRocksObjectUtils (ManagedRocksObjectUtils.java:assertClosed(39)) - ManagedLRUCache is not closed properly
2022-08-10 20:40:57,146 [Finalizer] WARN  managed.ManagedRocksObjectUtils (ManagedRocksObjectUtils.java:assertClosed(39)) - ManagedBloomFilter is not closed properly
2022-08-10 20:40:57,146 [Finalizer] WARN  managed.ManagedRocksObjectUtils (ManagedRocksObjectUtils.java:assertClosed(39)) - ManagedColumnFamilyOptions is not closed properly
2022-08-10 20:40:57,146 [Finalizer] WARN  managed.ManagedRocksObjectUtils (ManagedRocksObjectUtils.java:assertClosed(39)) - ManagedLRUCache is not closed properly
2022-08-10 20:40:57,146 [Finalizer] WARN  managed.ManagedRocksObjectUtils (ManagedRocksObjectUtils.java:assertClosed(39)) - ManagedBloomFilter is not closed properly
2022-08-10 20:40:57,146 [Finalizer] WARN  managed.ManagedRocksObjectUtils (ManagedRocksObjectUtils.java:assertClosed(39)) - ManagedColumnFamilyOptions is not closed properly
2022-08-10 20:40:57,147 [Finalizer] WARN  managed.ManagedRocksObjectUtils (ManagedRocksObjectUtils.java:assertClosed(39)) - ManagedLRUCache is not closed properly
2022-08-10 20:40:57,147 [Finalizer] WARN  managed.ManagedRocksObjectUtils (ManagedRocksObjectUtils.java:assertClosed(39)) - ManagedBloomFilter is not closed properly
2022-08-10 20:40:57,147 [Finalizer] WARN  managed.ManagedRocksObjectUtils (ManagedRocksObjectUtils.java:assertClosed(39)) - ManagedColumnFamilyOptions is not closed properly
2022-08-10 20:40:57,147 [Finalizer] WARN  managed.ManagedRocksObjectUtils (ManagedRocksObjectUtils.java:assertClosed(39)) - ManagedLRUCache is not closed properly
2022-08-10 20:40:57,147 [Finalizer] WARN  managed.ManagedRocksObjectUtils (ManagedRocksObjectUtils.java:assertClosed(39)) - ManagedBloomFilter is not closed properly
2022-08-10 20:40:57,147 [Finalizer] WARN  managed.ManagedRocksObjectUtils (ManagedRocksObjectUtils.java:assertClosed(39)) - ManagedColumnFamilyOptions is not closed properly
2022-08-10 20:40:57,147 [Finalizer] WARN  managed.ManagedRocksObjectUtils (ManagedRocksObjectUtils.java:assertClosed(39)) - ManagedLRUCache is not closed properly
2022-08-10 20:40:57,147 [Finalizer] WARN  managed.ManagedRocksObjectUtils (ManagedRocksObjectUtils.java:assertClosed(39)) - ManagedBloomFilter is not closed properly
2022-08-10 20:40:57,147 [Finalizer] WARN  managed.ManagedRocksObjectUtils (ManagedRocksObjectUtils.java:assertClosed(39)) - ManagedColumnFamilyOptions is not closed properly
2022-08-10 20:40:57,147 [Finalizer] WARN  managed.ManagedRocksObjectUtils (ManagedRocksObjectUtils.java:assertClosed(39)) - ManagedLRUCache is not closed properly
2022-08-10 20:40:57,147 [Finalizer] WARN  managed.ManagedRocksObjectUtils (ManagedRocksObjectUtils.java:assertClosed(39)) - ManagedBloomFilter is not closed properly
2022-08-10 20:40:57,147 [Finalizer] WARN  managed.ManagedRocksObjectUtils (ManagedRocksObjectUtils.java:assertClosed(39)) - ManagedColumnFamilyOptions is not closed properly
2022-08-10 20:40:57,147 [Finalizer] WARN  managed.ManagedRocksObjectUtils (ManagedRocksObjectUtils.java:assertClosed(39)) - ManagedLRUCache is not closed properly
2022-08-10 20:40:57,147 [Finalizer] WARN  managed.ManagedRocksObjectUtils (ManagedRocksObjectUtils.java:assertClosed(39)) - ManagedBloomFilter is not closed properly
2022-08-10 20:40:57,147 [Finalizer] WARN  managed.ManagedRocksObjectUtils (ManagedRocksObjectUtils.java:assertClosed(39)) - ManagedColumnFamilyOptions is not closed properly
2022-08-10 20:40:57,147 [Finalizer] WARN  managed.ManagedRocksObjectUtils (ManagedRocksObjectUtils.java:assertClosed(39)) - ManagedLRUCache is not closed properly
2022-08-10 20:40:57,147 [Finalizer] WARN  managed.ManagedRocksObjectUtils (ManagedRocksObjectUtils.java:assertClosed(39)) - ManagedBloomFilter is not closed properly
2022-08-10 20:40:57,147 [Finalizer] WARN  managed.ManagedRocksObjectUtils (ManagedRocksObjectUtils.java:assertClosed(39)) - ManagedColumnFamilyOptions is not closed properly
2022-08-10 20:40:57,147 [Finalizer] WARN  managed.ManagedRocksObjectUtils (ManagedRocksObjectUtils.java:assertClosed(39)) - ManagedLRUCache is not closed properly
2022-08-10 20:40:57,147 [Finalizer] WARN  managed.ManagedRocksObjectUtils (ManagedRocksObjectUtils.java:assertClosed(39)) - ManagedBloomFilter is not closed properly
2022-08-10 20:40:57,147 [Finalizer] WARN  managed.ManagedRocksObjectUtils (ManagedRocksObjectUtils.java:assertClosed(39)) - ManagedColumnFamilyOptions is not closed properly
2022-08-10 20:40:57,147 [Finalizer] WARN  managed.ManagedRocksObjectUtils (ManagedRocksObjectUtils.java:assertClosed(39)) - ManagedLRUCache is not closed properly
2022-08-10 20:40:57,147 [Finalizer] WARN  managed.ManagedRocksObjectUtils (ManagedRocksObjectUtils.java:assertClosed(39)) - ManagedBloomFilter is not closed properly
2022-08-10 20:40:57,147 [Finalizer] WARN  managed.ManagedRocksObjectUtils (ManagedRocksObjectUtils.java:assertClosed(39)) - ManagedColumnFamilyOptions is not closed properly
2022-08-10 20:40:57,147 [Finalizer] WARN  managed.ManagedRocksObjectUtils (ManagedRocksObjectUtils.java:assertClosed(39)) - ManagedLRUCache is not closed properly
2022-08-10 20:40:57,147 [Finalizer] WARN  managed.ManagedRocksObjectUtils (ManagedRocksObjectUtils.java:assertClosed(39)) - ManagedBloomFilter is not closed properly
2022-08-10 20:40:57,147 [Finalizer] WARN  managed.ManagedRocksObjectUtils (ManagedRocksObjectUtils.java:assertClosed(39)) - ManagedColumnFamilyOptions is not closed properly
2022-08-10 20:40:57,147 [Finalizer] WARN  managed.ManagedRocksObjectUtils (ManagedRocksObjectUtils.java:assertClosed(39)) - ManagedLRUCache is not closed properly
2022-08-10 20:40:57,147 [Finalizer] WARN  managed.ManagedRocksObjectUtils (ManagedRocksObjectUtils.java:assertClosed(39)) - ManagedBloomFilter is not closed properly
2022-08-10 20:40:57,147 [Finalizer] WARN  managed.ManagedRocksObjectUtils (ManagedRocksObjectUtils.java:assertClosed(39)) - ManagedColumnFamilyOptions is not closed properly
2022-08-10 20:40:57,148 [Finalizer] WARN  managed.ManagedRocksObjectUtils (ManagedRocksObjectUtils.java:assertClosed(39)) - ManagedLRUCache is not closed properly
2022-08-10 20:40:57,148 [Finalizer] WARN  managed.ManagedRocksObjectUtils (ManagedRocksObjectUtils.java:assertClosed(39)) - ManagedBloomFilter is not closed properly
2022-08-10 20:40:57,148 [Finalizer] WARN  managed.ManagedRocksObjectUtils (ManagedRocksObjectUtils.java:assertClosed(39)) - ManagedColumnFamilyOptions is not closed properly
2022-08-10 20:40:57,148 [Finalizer] WARN  managed.ManagedRocksObjectUtils (ManagedRocksObjectUtils.java:assertClosed(39)) - ManagedLRUCache is not closed properly
2022-08-10 20:40:57,148 [Finalizer] WARN  managed.ManagedRocksObjectUtils (ManagedRocksObjectUtils.java:assertClosed(39)) - ManagedBloomFilter is not closed properly
2022-08-10 20:40:57,148 [Finalizer] WARN  managed.ManagedRocksObjectUtils (ManagedRocksObjectUtils.java:assertClosed(39)) - ManagedColumnFamilyOptions is not closed properly
2022-08-10 20:40:57,148 [Finalizer] WARN  managed.ManagedRocksObjectUtils (ManagedRocksObjectUtils.java:assertClosed(39)) - ManagedLRUCache is not closed properly
2022-08-10 20:40:57,148 [Finalizer] WARN  managed.ManagedRocksObjectUtils (ManagedRocksObjectUtils.java:assertClosed(39)) - ManagedBloomFilter is not closed properly
2022-08-10 20:40:57,148 [Finalizer] WARN  managed.ManagedRocksObjectUtils (ManagedRocksObjectUtils.java:assertClosed(39)) - ManagedColumnFamilyOptions is not closed properly
2022-08-10 20:40:57,148 [Finalizer] WARN  managed.ManagedRocksObjectUtils (ManagedRocksObjectUtils.java:assertClosed(39)) - ManagedLRUCache is not closed properly
2022-08-10 20:40:57,148 [Finalizer] WARN  managed.ManagedRocksObjectUtils (ManagedRocksObjectUtils.java:assertClosed(39)) - ManagedBloomFilter is not closed properly
2022-08-10 20:40:57,148 [Finalizer] WARN  managed.ManagedRocksObjectUtils (ManagedRocksObjectUtils.java:assertClosed(39)) - ManagedColumnFamilyOptions is not closed properly
2022-08-10 20:40:57,148 [Finalizer] WARN  managed.ManagedRocksObjectUtils (ManagedRocksObjectUtils.java:assertClosed(39)) - ManagedLRUCache is not closed properly
2022-08-10 20:40:57,148 [Finalizer] WARN  managed.ManagedRocksObjectUtils (ManagedRocksObjectUtils.java:assertClosed(39)) - ManagedBloomFilter is not closed properly
2022-08-10 20:40:57,148 [Finalizer] WARN  managed.ManagedRocksObjectUtils (ManagedRocksObjectUtils.java:assertClosed(39)) - ManagedColumnFamilyOptions is not closed properly
2022-08-10 20:40:57,148 [Finalizer] WARN  managed.ManagedRocksObjectUtils (ManagedRocksObjectUtils.java:assertClosed(39)) - ManagedLRUCache is not closed properly
2022-08-10 20:40:57,148 [Finalizer] WARN  managed.ManagedRocksObjectUtils (ManagedRocksObjectUtils.java:assertClosed(39)) - ManagedBloomFilter is not closed properly
2022-08-10 20:40:57,148 [Finalizer] WARN  managed.ManagedRocksObjectUtils (ManagedRocksObjectUtils.java:assertClosed(39)) - ManagedColumnFamilyOptions is not closed properly
2022-08-10 20:40:57,148 [Finalizer] WARN  managed.ManagedRocksObjectUtils (ManagedRocksObjectUtils.java:assertClosed(39)) - ManagedLRUCache is not closed properly
2022-08-10 20:40:57,148 [Finalizer] WARN  managed.ManagedRocksObjectUtils (ManagedRocksObjectUtils.java:assertClosed(39)) - ManagedBloomFilter is not closed properly
2022-08-10 20:40:57,148 [Finalizer] WARN  managed.ManagedRocksObjectUtils (ManagedRocksObjectUtils.java:assertClosed(39)) - ManagedColumnFamilyOptions is not closed properly
2022-08-10 20:40:57,148 [Finalizer] WARN  managed.ManagedRocksObjectUtils (ManagedRocksObjectUtils.java:assertClosed(39)) - ManagedLRUCache is not closed properly
2022-08-10 20:40:57,148 [Finalizer] WARN  managed.ManagedRocksObjectUtils (ManagedRocksObjectUtils.java:assertClosed(39)) - ManagedBloomFilter is not closed properly
2022-08-10 20:40:57,149 [Finalizer] WARN  managed.ManagedRocksObjectUtils (ManagedRocksObjectUtils.java:assertClosed(39)) - ManagedColumnFamilyOptions is not closed properly
2022-08-10 20:40:57,149 [Finalizer] WARN  managed.ManagedRocksObjectUtils (ManagedRocksObjectUtils.java:assertClosed(39)) - ManagedLRUCache is not closed properly
2022-08-10 20:40:57,149 [Finalizer] WARN  managed.ManagedRocksObjectUtils (ManagedRocksObjectUtils.java:assertClosed(39)) - ManagedBloomFilter is not closed properly
2022-08-10 20:40:57,149 [Finalizer] WARN  managed.ManagedRocksObjectUtils (ManagedRocksObjectUtils.java:assertClosed(39)) - ManagedColumnFamilyOptions is not closed properly
2022-08-10 20:40:57,149 [Finalizer] WARN  managed.ManagedRocksObjectUtils (ManagedRocksObjectUtils.java:assertClosed(39)) - ManagedColumnFamilyOptions is not closed properly
2022-08-10 20:40:57,149 [Finalizer] WARN  managed.ManagedRocksObjectUtils (ManagedRocksObjectUtils.java:assertClosed(39)) - ManagedColumnFamilyOptions is not closed properly
2022-08-10 20:40:57,149 [Finalizer] WARN  managed.ManagedRocksObjectUtils (ManagedRocksObjectUtils.java:assertClosed(39)) - ManagedColumnFamilyOptions is not closed properly
2022-08-10 20:40:57,149 [Finalizer] WARN  managed.ManagedRocksObjectUtils (ManagedRocksObjectUtils.java:assertClosed(39)) - ManagedColumnFamilyOptions is not closed properly
2022-08-10 20:40:57,149 [Finalizer] WARN  managed.ManagedRocksObjectUtils (ManagedRocksObjectUtils.java:assertClosed(39)) - ManagedColumnFamilyOptions is not closed properly
2022-08-10 20:40:57,149 [Finalizer] WARN  managed.ManagedRocksObjectUtils (ManagedRocksObjectUtils.java:assertClosed(39)) - ManagedColumnFamilyOptions is not closed properly
2022-08-10 20:40:57,149 [Finalizer] WARN  managed.ManagedRocksObjectUtils (ManagedRocksObjectUtils.java:assertClosed(39)) - ManagedColumnFamilyOptions is not closed properly
2022-08-10 20:40:57,149 [Finalizer] WARN  managed.ManagedRocksObjectUtils (ManagedRocksObjectUtils.java:assertClosed(39)) - ManagedColumnFamilyOptions is not closed properly
2022-08-10 20:40:57,150 [Finalizer] WARN  managed.ManagedRocksObjectUtils (ManagedRocksObjectUtils.java:assertClosed(39)) - ManagedColumnFamilyOptions is not closed properly
2022-08-10 20:40:57,150 [Finalizer] WARN  managed.ManagedRocksObjectUtils (ManagedRocksObjectUtils.java:assertClosed(39)) - ManagedColumnFamilyOptions is not closed properly
2022-08-10 20:40:57,150 [Finalizer] WARN  managed.ManagedRocksObjectUtils (ManagedRocksObjectUtils.java:assertClosed(39)) - ManagedColumnFamilyOptions is not closed properly
2022-08-10 20:40:57,150 [Finalizer] WARN  managed.ManagedRocksObjectUtils (ManagedRocksObjectUtils.java:assertClosed(39)) - ManagedColumnFamilyOptions is not closed properly
2022-08-10 20:40:57,150 [Finalizer] WARN  managed.ManagedRocksObjectUtils (ManagedRocksObjectUtils.java:assertClosed(39)) - ManagedColumnFamilyOptions is not closed properly
2022-08-10 20:40:57,150 [Finalizer] WARN  managed.ManagedRocksObjectUtils (ManagedRocksObjectUtils.java:assertClosed(39)) - ManagedColumnFamilyOptions is not closed properly
2022-08-10 20:40:57,150 [Finalizer] WARN  managed.ManagedRocksObjectUtils (ManagedRocksObjectUtils.java:assertClosed(39)) - ManagedColumnFamilyOptions is not closed properly
2022-08-10 20:40:57,150 [Finalizer] WARN  managed.ManagedRocksObjectUtils (ManagedRocksObjectUtils.java:assertClosed(39)) - ManagedColumnFamilyOptions is not closed properly
2022-08-10 20:40:57,150 [Finalizer] WARN  managed.ManagedRocksObjectUtils (ManagedRocksObjectUtils.java:assertClosed(39)) - ManagedColumnFamilyOptions is not closed properly
2022-08-10 20:40:57,150 [Finalizer] WARN  managed.ManagedRocksObjectUtils (ManagedRocksObjectUtils.java:assertClosed(39)) - ManagedColumnFamilyOptions is not closed properly
2022-08-10 20:40:57,150 [Finalizer] WARN  managed.ManagedRocksObjectUtils (ManagedRocksObjectUtils.java:assertClosed(39)) - ManagedColumnFamilyOptions is not closed properly
2022-08-10 20:40:57,150 [Finalizer] WARN  managed.ManagedRocksObjectUtils (ManagedRocksObjectUtils.java:assertClosed(39)) - ManagedColumnFamilyOptions is not closed properly
2022-08-10 20:40:57,150 [Finalizer] WARN  managed.ManagedRocksObjectUtils (ManagedRocksObjectUtils.java:assertClosed(39)) - ManagedLRUCache is not closed properly
2022-08-10 20:40:57,150 [Finalizer] WARN  managed.ManagedRocksObjectUtils (ManagedRocksObjectUtils.java:assertClosed(39)) - ManagedBloomFilter is not closed properly
2022-08-10 20:40:57,150 [Finalizer] WARN  managed.ManagedRocksObjectUtils (ManagedRocksObjectUtils.java:assertClosed(39)) - ManagedColumnFamilyOptions is not closed properly
2022-08-10 20:40:57,150 [Finalizer] WARN  managed.ManagedRocksObjectUtils (ManagedRocksObjectUtils.java:assertClosed(39)) - ManagedLRUCache is not closed properly
2022-08-10 20:40:57,150 [Finalizer] WARN  managed.ManagedRocksObjectUtils (ManagedRocksObjectUtils.java:assertClosed(39)) - ManagedBloomFilter is not closed properly
2022-08-10 20:40:57,150 [Finalizer] WARN  managed.ManagedRocksObjectUtils (ManagedRocksObjectUtils.java:assertClosed(39)) - ManagedColumnFamilyOptions is not closed properly
2022-08-10 20:40:57,150 [Finalizer] WARN  managed.ManagedRocksObjectUtils (ManagedRocksObjectUtils.java:assertClosed(39)) - ManagedLRUCache is not closed properly
2022-08-10 20:40:57,150 [Finalizer] WARN  managed.ManagedRocksObjectUtils (ManagedRocksObjectUtils.java:assertClosed(39)) - ManagedBloomFilter is not closed properly
2022-08-10 20:40:57,150 [Finalizer] WARN  managed.ManagedRocksObjectUtils (ManagedRocksObjectUtils.java:assertClosed(39)) - ManagedColumnFamilyOptions is not closed properly
2022-08-10 20:40:57,150 [Finalizer] WARN  managed.ManagedRocksObjectUtils (ManagedRocksObjectUtils.java:assertClosed(39)) - ManagedLRUCache is not closed properly
2022-08-10 20:40:57,150 [Finalizer] WARN  managed.ManagedRocksObjectUtils (ManagedRocksObjectUtils.java:assertClosed(39)) - ManagedBloomFilter is not closed properly
2022-08-10 20:40:57,150 [Finalizer] WARN  managed.ManagedRocksObjectUtils (ManagedRocksObjectUtils.java:assertClosed(39)) - ManagedColumnFamilyOptions is not closed properly
2022-08-10 20:40:57,150 [Finalizer] WARN  managed.ManagedRocksObjectUtils (ManagedRocksObjectUtils.java:assertClosed(39)) - ManagedLRUCache is not closed properly
2022-08-10 20:40:57,150 [Finalizer] WARN  managed.ManagedRocksObjectUtils (ManagedRocksObjectUtils.java:assertClosed(39)) - ManagedBloomFilter is not closed properly
2022-08-10 20:40:57,150 [Finalizer] WARN  managed.ManagedRocksObjectUtils (ManagedRocksObjectUtils.java:assertClosed(39)) - ManagedColumnFamilyOptions is not closed properly
2022-08-10 20:40:57,150 [Finalizer] WARN  managed.ManagedRocksObjectUtils (ManagedRocksObjectUtils.java:assertClosed(39)) - ManagedLRUCache is not closed properly
2022-08-10 20:40:57,150 [Finalizer] WARN  managed.ManagedRocksObjectUtils (ManagedRocksObjectUtils.java:assertClosed(39)) - ManagedBloomFilter is not closed properly
2022-08-10 20:40:57,150 [Finalizer] WARN  managed.ManagedRocksObjectUtils (ManagedRocksObjectUtils.java:assertClosed(39)) - ManagedColumnFamilyOptions is not closed properly
2022-08-10 20:40:57,150 [Finalizer] WARN  managed.ManagedRocksObjectUtils (ManagedRocksObjectUtils.java:assertClosed(39)) - ManagedLRUCache is not closed properly
2022-08-10 20:40:57,150 [Finalizer] WARN  managed.ManagedRocksObjectUtils (ManagedRocksObjectUtils.java:assertClosed(39)) - ManagedBloomFilter is not closed properly
2022-08-10 20:40:57,156 [omNode-3-server-thread1] INFO  server.RaftServer$Division (RaftServerImpl.java:checkInconsistentAppendEntries(1402)) - omNode-3@group-523986131536: Failed appendEntries as snapshot (24) installation is in progress
2022-08-10 20:40:57,156 [Finalizer] WARN  managed.ManagedRocksObjectUtils (ManagedRocksObjectUtils.java:assertClosed(39)) - ManagedColumnFamilyOptions is not closed properly
2022-08-10 20:40:57,156 [omNode-3-server-thread1] INFO  server.RaftServer$Division (RaftServerImpl.java:checkInconsistentAppendEntries(1394)) - omNode-3@group-523986131536: inconsistency entries. Reply:omNode-2<-omNode-3#122:FAIL-t1,INCONSISTENCY,nextIndex=24,followerCommit=20
2022-08-10 20:40:57,157 [Finalizer] WARN  managed.ManagedRocksObjectUtils (ManagedRocksObjectUtils.java:assertClosed(39)) - ManagedLRUCache is not closed properly
2022-08-10 20:40:57,157 [Finalizer] WARN  managed.ManagedRocksObjectUtils (ManagedRocksObjectUtils.java:assertClosed(39)) - ManagedBloomFilter is not closed properly
2022-08-10 20:40:57,157 [Finalizer] WARN  managed.ManagedRocksObjectUtils (ManagedRocksObjectUtils.java:assertClosed(39)) - ManagedColumnFamilyOptions is not closed properly
2022-08-10 20:40:57,157 [Finalizer] WARN  managed.ManagedRocksObjectUtils (ManagedRocksObjectUtils.java:assertClosed(39)) - ManagedLRUCache is not closed properly
2022-08-10 20:40:57,157 [Finalizer] WARN  managed.ManagedRocksObjectUtils (ManagedRocksObjectUtils.java:assertClosed(39)) - ManagedBloomFilter is not closed properly
2022-08-10 20:40:57,157 [Finalizer] WARN  managed.ManagedRocksObjectUtils (ManagedRocksObjectUtils.java:assertClosed(39)) - ManagedColumnFamilyOptions is not closed properly
2022-08-10 20:40:57,157 [Finalizer] WARN  managed.ManagedRocksObjectUtils (ManagedRocksObjectUtils.java:assertClosed(39)) - ManagedLRUCache is not closed properly
2022-08-10 20:40:57,157 [Finalizer] WARN  managed.ManagedRocksObjectUtils (ManagedRocksObjectUtils.java:assertClosed(39)) - ManagedBloomFilter is not closed properly
2022-08-10 20:40:57,157 [Finalizer] WARN  managed.ManagedRocksObjectUtils (ManagedRocksObjectUtils.java:assertClosed(39)) - ManagedColumnFamilyOptions is not closed properly
2022-08-10 20:40:57,157 [Finalizer] WARN  managed.ManagedRocksObjectUtils (ManagedRocksObjectUtils.java:assertClosed(39)) - ManagedLRUCache is not closed properly
2022-08-10 20:40:57,157 [Finalizer] WARN  managed.ManagedRocksObjectUtils (ManagedRocksObjectUtils.java:assertClosed(39)) - ManagedBloomFilter is not closed properly
2022-08-10 20:40:57,157 [Finalizer] WARN  managed.ManagedRocksObjectUtils (ManagedRocksObjectUtils.java:assertClosed(39)) - ManagedColumnFamilyOptions is not closed properly
2022-08-10 20:40:57,157 [Finalizer] WARN  managed.ManagedRocksObjectUtils (ManagedRocksObjectUtils.java:assertClosed(39)) - ManagedLRUCache is not closed properly
2022-08-10 20:40:57,157 [Finalizer] WARN  managed.ManagedRocksObjectUtils (ManagedRocksObjectUtils.java:assertClosed(39)) - ManagedBloomFilter is not closed properly
2022-08-10 20:40:57,157 [Finalizer] WARN  managed.ManagedRocksObjectUtils (ManagedRocksObjectUtils.java:assertClosed(39)) - ManagedColumnFamilyOptions is not closed properly
2022-08-10 20:40:57,157 [Finalizer] WARN  managed.ManagedRocksObjectUtils (ManagedRocksObjectUtils.java:assertClosed(39)) - ManagedLRUCache is not closed properly
2022-08-10 20:40:57,157 [Finalizer] WARN  managed.ManagedRocksObjectUtils (ManagedRocksObjectUtils.java:assertClosed(39)) - ManagedBloomFilter is not closed properly
2022-08-10 20:40:57,157 [Finalizer] WARN  managed.ManagedRocksObjectUtils (ManagedRocksObjectUtils.java:assertClosed(39)) - ManagedColumnFamilyOptions is not closed properly
2022-08-10 20:40:57,157 [Finalizer] WARN  managed.ManagedRocksObjectUtils (ManagedRocksObjectUtils.java:assertClosed(39)) - ManagedLRUCache is not closed properly
2022-08-10 20:40:57,157 [Finalizer] WARN  managed.ManagedRocksObjectUtils (ManagedRocksObjectUtils.java:assertClosed(39)) - ManagedBloomFilter is not closed properly
2022-08-10 20:40:57,157 [Finalizer] WARN  managed.ManagedRocksObjectUtils (ManagedRocksObjectUtils.java:assertClosed(39)) - ManagedColumnFamilyOptions is not closed properly
2022-08-10 20:40:57,157 [Finalizer] WARN  managed.ManagedRocksObjectUtils (ManagedRocksObjectUtils.java:assertClosed(39)) - ManagedLRUCache is not closed properly
2022-08-10 20:40:57,157 [Finalizer] WARN  managed.ManagedRocksObjectUtils (ManagedRocksObjectUtils.java:assertClosed(39)) - ManagedBloomFilter is not closed properly
2022-08-10 20:40:57,157 [Finalizer] WARN  managed.ManagedRocksObjectUtils (ManagedRocksObjectUtils.java:assertClosed(39)) - ManagedColumnFamilyOptions is not closed properly
2022-08-10 20:40:57,157 [Finalizer] WARN  managed.ManagedRocksObjectUtils (ManagedRocksObjectUtils.java:assertClosed(39)) - ManagedLRUCache is not closed properly
2022-08-10 20:40:57,157 [Finalizer] WARN  managed.ManagedRocksObjectUtils (ManagedRocksObjectUtils.java:assertClosed(39)) - ManagedBloomFilter is not closed properly
2022-08-10 20:40:57,157 [Finalizer] WARN  managed.ManagedRocksObjectUtils (ManagedRocksObjectUtils.java:assertClosed(39)) - ManagedColumnFamilyOptions is not closed properly
2022-08-10 20:40:57,157 [Finalizer] WARN  managed.ManagedRocksObjectUtils (ManagedRocksObjectUtils.java:assertClosed(39)) - ManagedLRUCache is not closed properly
2022-08-10 20:40:57,157 [Finalizer] WARN  managed.ManagedRocksObjectUtils (ManagedRocksObjectUtils.java:assertClosed(39)) - ManagedBloomFilter is not closed properly
2022-08-10 20:40:57,157 [Finalizer] WARN  managed.ManagedRocksObjectUtils (ManagedRocksObjectUtils.java:assertClosed(39)) - ManagedColumnFamilyOptions is not closed properly
2022-08-10 20:40:57,157 [Finalizer] WARN  managed.ManagedRocksObjectUtils (ManagedRocksObjectUtils.java:assertClosed(39)) - ManagedLRUCache is not closed properly
2022-08-10 20:40:57,157 [Finalizer] WARN  managed.ManagedRocksObjectUtils (ManagedRocksObjectUtils.java:assertClosed(39)) - ManagedBloomFilter is not closed properly
2022-08-10 20:40:57,157 [Finalizer] WARN  managed.ManagedRocksObjectUtils (ManagedRocksObjectUtils.java:assertClosed(39)) - ManagedColumnFamilyOptions is not closed properly
2022-08-10 20:40:57,158 [Finalizer] WARN  managed.ManagedRocksObjectUtils (ManagedRocksObjectUtils.java:assertClosed(39)) - ManagedLRUCache is not closed properly
2022-08-10 20:40:57,158 [Finalizer] WARN  managed.ManagedRocksObjectUtils (ManagedRocksObjectUtils.java:assertClosed(39)) - ManagedBloomFilter is not closed properly
2022-08-10 20:40:57,158 [Finalizer] WARN  managed.ManagedRocksObjectUtils (ManagedRocksObjectUtils.java:assertClosed(39)) - ManagedColumnFamilyOptions is not closed properly
2022-08-10 20:40:57,158 [Finalizer] WARN  managed.ManagedRocksObjectUtils (ManagedRocksObjectUtils.java:assertClosed(39)) - ManagedLRUCache is not closed properly
2022-08-10 20:40:57,158 [Finalizer] WARN  managed.ManagedRocksObjectUtils (ManagedRocksObjectUtils.java:assertClosed(39)) - ManagedBloomFilter is not closed properly
2022-08-10 20:40:57,158 [Finalizer] WARN  managed.ManagedRocksObjectUtils (ManagedRocksObjectUtils.java:assertClosed(39)) - ManagedColumnFamilyOptions is not closed properly
2022-08-10 20:40:57,158 [Finalizer] WARN  managed.ManagedRocksObjectUtils (ManagedRocksObjectUtils.java:assertClosed(39)) - ManagedColumnFamilyOptions is not closed properly
2022-08-10 20:40:57,158 [Finalizer] WARN  managed.ManagedRocksObjectUtils (ManagedRocksObjectUtils.java:assertClosed(39)) - ManagedColumnFamilyOptions is not closed properly
2022-08-10 20:40:57,158 [Finalizer] WARN  managed.ManagedRocksObjectUtils (ManagedRocksObjectUtils.java:assertClosed(39)) - ManagedColumnFamilyOptions is not closed properly
2022-08-10 20:40:57,158 [Finalizer] WARN  managed.ManagedRocksObjectUtils (ManagedRocksObjectUtils.java:assertClosed(39)) - ManagedColumnFamilyOptions is not closed properly
2022-08-10 20:40:57,158 [Finalizer] WARN  managed.ManagedRocksObjectUtils (ManagedRocksObjectUtils.java:assertClosed(39)) - ManagedColumnFamilyOptions is not closed properly
2022-08-10 20:40:57,158 [Finalizer] WARN  managed.ManagedRocksObjectUtils (ManagedRocksObjectUtils.java:assertClosed(39)) - ManagedColumnFamilyOptions is not closed properly
2022-08-10 20:40:57,158 [Finalizer] WARN  managed.ManagedRocksObjectUtils (ManagedRocksObjectUtils.java:assertClosed(39)) - ManagedColumnFamilyOptions is not closed properly
2022-08-10 20:40:57,158 [Finalizer] WARN  managed.ManagedRocksObjectUtils (ManagedRocksObjectUtils.java:assertClosed(39)) - ManagedColumnFamilyOptions is not closed properly
2022-08-10 20:40:57,158 [Finalizer] WARN  managed.ManagedRocksObjectUtils (ManagedRocksObjectUtils.java:assertClosed(39)) - ManagedColumnFamilyOptions is not closed properly
2022-08-10 20:40:57,158 [Finalizer] WARN  managed.ManagedRocksObjectUtils (ManagedRocksObjectUtils.java:assertClosed(39)) - ManagedColumnFamilyOptions is not closed properly
2022-08-10 20:40:57,158 [Finalizer] WARN  managed.ManagedRocksObjectUtils (ManagedRocksObjectUtils.java:assertClosed(39)) - ManagedColumnFamilyOptions is not closed properly
2022-08-10 20:40:57,158 [Finalizer] WARN  managed.ManagedRocksObjectUtils (ManagedRocksObjectUtils.java:assertClosed(39)) - ManagedColumnFamilyOptions is not closed properly
2022-08-10 20:40:57,158 [Finalizer] WARN  managed.ManagedRocksObjectUtils (ManagedRocksObjectUtils.java:assertClosed(39)) - ManagedColumnFamilyOptions is not closed properly
2022-08-10 20:40:57,158 [Finalizer] WARN  managed.ManagedRocksObjectUtils (ManagedRocksObjectUtils.java:assertClosed(39)) - ManagedColumnFamilyOptions is not closed properly
2022-08-10 20:40:57,158 [Finalizer] WARN  managed.ManagedRocksObjectUtils (ManagedRocksObjectUtils.java:assertClosed(39)) - ManagedColumnFamilyOptions is not closed properly
2022-08-10 20:40:57,158 [Finalizer] WARN  managed.ManagedRocksObjectUtils (ManagedRocksObjectUtils.java:assertClosed(39)) - ManagedColumnFamilyOptions is not closed properly
2022-08-10 20:40:57,158 [Finalizer] WARN  managed.ManagedRocksObjectUtils (ManagedRocksObjectUtils.java:assertClosed(39)) - ManagedColumnFamilyOptions is not closed properly
2022-08-10 20:40:57,158 [Finalizer] WARN  managed.ManagedRocksObjectUtils (ManagedRocksObjectUtils.java:assertClosed(39)) - ManagedColumnFamilyOptions is not closed properly
2022-08-10 20:40:57,158 [Finalizer] WARN  managed.ManagedRocksObjectUtils (ManagedRocksObjectUtils.java:assertClosed(39)) - ManagedColumnFamilyOptions is not closed properly
2022-08-10 20:40:57,158 [Finalizer] WARN  managed.ManagedRocksObjectUtils (ManagedRocksObjectUtils.java:assertClosed(39)) - ManagedColumnFamilyOptions is not closed properly
2022-08-10 20:40:57,158 [Finalizer] WARN  managed.ManagedRocksObjectUtils (ManagedRocksObjectUtils.java:assertClosed(39)) - ManagedColumnFamilyOptions is not closed properly
2022-08-10 20:40:57,158 [Finalizer] WARN  managed.ManagedRocksObjectUtils (ManagedRocksObjectUtils.java:assertClosed(39)) - ManagedLRUCache is not closed properly
2022-08-10 20:40:57,158 [Finalizer] WARN  managed.ManagedRocksObjectUtils (ManagedRocksObjectUtils.java:assertClosed(39)) - ManagedBloomFilter is not closed properly
2022-08-10 20:40:57,159 [Finalizer] WARN  managed.ManagedRocksObjectUtils (ManagedRocksObjectUtils.java:assertClosed(39)) - ManagedColumnFamilyOptions is not closed properly
2022-08-10 20:40:57,159 [Finalizer] WARN  managed.ManagedRocksObjectUtils (ManagedRocksObjectUtils.java:assertClosed(39)) - ManagedLRUCache is not closed properly
2022-08-10 20:40:57,159 [Finalizer] WARN  managed.ManagedRocksObjectUtils (ManagedRocksObjectUtils.java:assertClosed(39)) - ManagedBloomFilter is not closed properly
2022-08-10 20:40:57,159 [Finalizer] WARN  managed.ManagedRocksObjectUtils (ManagedRocksObjectUtils.java:assertClosed(39)) - ManagedColumnFamilyOptions is not closed properly
2022-08-10 20:40:57,159 [Finalizer] WARN  managed.ManagedRocksObjectUtils (ManagedRocksObjectUtils.java:assertClosed(39)) - ManagedLRUCache is not closed properly
2022-08-10 20:40:57,159 [Finalizer] WARN  managed.ManagedRocksObjectUtils (ManagedRocksObjectUtils.java:assertClosed(39)) - ManagedBloomFilter is not closed properly
2022-08-10 20:40:57,159 [Finalizer] WARN  managed.ManagedRocksObjectUtils (ManagedRocksObjectUtils.java:assertClosed(39)) - ManagedColumnFamilyOptions is not closed properly
2022-08-10 20:40:57,159 [Finalizer] WARN  managed.ManagedRocksObjectUtils (ManagedRocksObjectUtils.java:assertClosed(39)) - ManagedLRUCache is not closed properly
2022-08-10 20:40:57,159 [Finalizer] WARN  managed.ManagedRocksObjectUtils (ManagedRocksObjectUtils.java:assertClosed(39)) - ManagedBloomFilter is not closed properly
2022-08-10 20:40:57,159 [Finalizer] WARN  managed.ManagedRocksObjectUtils (ManagedRocksObjectUtils.java:assertClosed(39)) - ManagedColumnFamilyOptions is not closed properly
2022-08-10 20:40:57,159 [Finalizer] WARN  managed.ManagedRocksObjectUtils (ManagedRocksObjectUtils.java:assertClosed(39)) - ManagedLRUCache is not closed properly
2022-08-10 20:40:57,160 [Finalizer] WARN  managed.ManagedRocksObjectUtils (ManagedRocksObjectUtils.java:assertClosed(39)) - ManagedBloomFilter is not closed properly
2022-08-10 20:40:57,160 [Finalizer] WARN  managed.ManagedRocksObjectUtils (ManagedRocksObjectUtils.java:assertClosed(39)) - ManagedColumnFamilyOptions is not closed properly
2022-08-10 20:40:57,161 [Finalizer] WARN  managed.ManagedRocksObjectUtils (ManagedRocksObjectUtils.java:assertClosed(39)) - ManagedLRUCache is not closed properly
2022-08-10 20:40:57,161 [Finalizer] WARN  managed.ManagedRocksObjectUtils (ManagedRocksObjectUtils.java:assertClosed(39)) - ManagedBloomFilter is not closed properly
2022-08-10 20:40:57,161 [Finalizer] WARN  managed.ManagedRocksObjectUtils (ManagedRocksObjectUtils.java:assertClosed(39)) - ManagedColumnFamilyOptions is not closed properly
2022-08-10 20:40:57,161 [Finalizer] WARN  managed.ManagedRocksObjectUtils (ManagedRocksObjectUtils.java:assertClosed(39)) - ManagedLRUCache is not closed properly
2022-08-10 20:40:57,162 [Finalizer] WARN  managed.ManagedRocksObjectUtils (ManagedRocksObjectUtils.java:assertClosed(39)) - ManagedBloomFilter is not closed properly
2022-08-10 20:40:57,162 [Finalizer] WARN  managed.ManagedRocksObjectUtils (ManagedRocksObjectUtils.java:assertClosed(39)) - ManagedColumnFamilyOptions is not closed properly
2022-08-10 20:40:57,162 [Finalizer] WARN  managed.ManagedRocksObjectUtils (ManagedRocksObjectUtils.java:assertClosed(39)) - ManagedLRUCache is not closed properly
2022-08-10 20:40:57,162 [Finalizer] WARN  managed.ManagedRocksObjectUtils (ManagedRocksObjectUtils.java:assertClosed(39)) - ManagedBloomFilter is not closed properly
2022-08-10 20:40:57,162 [Finalizer] WARN  managed.ManagedRocksObjectUtils (ManagedRocksObjectUtils.java:assertClosed(39)) - ManagedColumnFamilyOptions is not closed properly
2022-08-10 20:40:57,163 [Finalizer] WARN  managed.ManagedRocksObjectUtils (ManagedRocksObjectUtils.java:assertClosed(39)) - ManagedLRUCache is not closed properly
2022-08-10 20:40:57,163 [Finalizer] WARN  managed.ManagedRocksObjectUtils (ManagedRocksObjectUtils.java:assertClosed(39)) - ManagedBloomFilter is not closed properly
2022-08-10 20:40:57,163 [Finalizer] WARN  managed.ManagedRocksObjectUtils (ManagedRocksObjectUtils.java:assertClosed(39)) - ManagedColumnFamilyOptions is not closed properly
2022-08-10 20:40:57,163 [Finalizer] WARN  managed.ManagedRocksObjectUtils (ManagedRocksObjectUtils.java:assertClosed(39)) - ManagedLRUCache is not closed properly
2022-08-10 20:40:57,163 [Finalizer] WARN  managed.ManagedRocksObjectUtils (ManagedRocksObjectUtils.java:assertClosed(39)) - ManagedBloomFilter is not closed properly
2022-08-10 20:40:57,163 [Finalizer] WARN  managed.ManagedRocksObjectUtils (ManagedRocksObjectUtils.java:assertClosed(39)) - ManagedColumnFamilyOptions is not closed properly
2022-08-10 20:40:57,163 [Finalizer] WARN  managed.ManagedRocksObjectUtils (ManagedRocksObjectUtils.java:assertClosed(39)) - ManagedLRUCache is not closed properly
2022-08-10 20:40:57,163 [Finalizer] WARN  managed.ManagedRocksObjectUtils (ManagedRocksObjectUtils.java:assertClosed(39)) - ManagedBloomFilter is not closed properly
2022-08-10 20:40:57,163 [Finalizer] WARN  managed.ManagedRocksObjectUtils (ManagedRocksObjectUtils.java:assertClosed(39)) - ManagedColumnFamilyOptions is not closed properly
2022-08-10 20:40:57,163 [Finalizer] WARN  managed.ManagedRocksObjectUtils (ManagedRocksObjectUtils.java:assertClosed(39)) - ManagedLRUCache is not closed properly
2022-08-10 20:40:57,163 [Finalizer] WARN  managed.ManagedRocksObjectUtils (ManagedRocksObjectUtils.java:assertClosed(39)) - ManagedBloomFilter is not closed properly
2022-08-10 20:40:57,163 [Finalizer] WARN  managed.ManagedRocksObjectUtils (ManagedRocksObjectUtils.java:assertClosed(39)) - ManagedColumnFamilyOptions is not closed properly
2022-08-10 20:40:57,163 [Finalizer] WARN  managed.ManagedRocksObjectUtils (ManagedRocksObjectUtils.java:assertClosed(39)) - ManagedLRUCache is not closed properly
2022-08-10 20:40:57,163 [Finalizer] WARN  managed.ManagedRocksObjectUtils (ManagedRocksObjectUtils.java:assertClosed(39)) - ManagedBloomFilter is not closed properly
2022-08-10 20:40:57,163 [Finalizer] WARN  managed.ManagedRocksObjectUtils (ManagedRocksObjectUtils.java:assertClosed(39)) - ManagedColumnFamilyOptions is not closed properly
2022-08-10 20:40:57,163 [Finalizer] WARN  managed.ManagedRocksObjectUtils (ManagedRocksObjectUtils.java:assertClosed(39)) - ManagedLRUCache is not closed properly
2022-08-10 20:40:57,163 [Finalizer] WARN  managed.ManagedRocksObjectUtils (ManagedRocksObjectUtils.java:assertClosed(39)) - ManagedBloomFilter is not closed properly
2022-08-10 20:40:57,163 [Finalizer] WARN  managed.ManagedRocksObjectUtils (ManagedRocksObjectUtils.java:assertClosed(39)) - ManagedColumnFamilyOptions is not closed properly
2022-08-10 20:40:57,163 [Finalizer] WARN  managed.ManagedRocksObjectUtils (ManagedRocksObjectUtils.java:assertClosed(39)) - ManagedLRUCache is not closed properly
2022-08-10 20:40:57,163 [Finalizer] WARN  managed.ManagedRocksObjectUtils (ManagedRocksObjectUtils.java:assertClosed(39)) - ManagedBloomFilter is not closed properly
2022-08-10 20:40:57,163 [Finalizer] WARN  managed.ManagedRocksObjectUtils (ManagedRocksObjectUtils.java:assertClosed(39)) - ManagedColumnFamilyOptions is not closed properly
2022-08-10 20:40:57,163 [Finalizer] WARN  managed.ManagedRocksObjectUtils (ManagedRocksObjectUtils.java:assertClosed(39)) - ManagedLRUCache is not closed properly
2022-08-10 20:40:57,163 [Finalizer] WARN  managed.ManagedRocksObjectUtils (ManagedRocksObjectUtils.java:assertClosed(39)) - ManagedBloomFilter is not closed properly
2022-08-10 20:40:57,163 [Finalizer] WARN  managed.ManagedRocksObjectUtils (ManagedRocksObjectUtils.java:assertClosed(39)) - ManagedColumnFamilyOptions is not closed properly
2022-08-10 20:40:57,163 [Finalizer] WARN  managed.ManagedRocksObjectUtils (ManagedRocksObjectUtils.java:assertClosed(39)) - ManagedLRUCache is not closed properly
2022-08-10 20:40:57,163 [Finalizer] WARN  managed.ManagedRocksObjectUtils (ManagedRocksObjectUtils.java:assertClosed(39)) - ManagedBloomFilter is not closed properly
2022-08-10 20:40:57,163 [Finalizer] WARN  managed.ManagedRocksObjectUtils (ManagedRocksObjectUtils.java:assertClosed(39)) - ManagedColumnFamilyOptions is not closed properly
2022-08-10 20:40:57,163 [Finalizer] WARN  managed.ManagedRocksObjectUtils (ManagedRocksObjectUtils.java:assertClosed(39)) - ManagedLRUCache is not closed properly
2022-08-10 20:40:57,163 [Finalizer] WARN  managed.ManagedRocksObjectUtils (ManagedRocksObjectUtils.java:assertClosed(39)) - ManagedBloomFilter is not closed properly
2022-08-10 20:40:57,163 [Finalizer] WARN  managed.ManagedRocksObjectUtils (ManagedRocksObjectUtils.java:assertClosed(39)) - ManagedColumnFamilyOptions is not closed properly
2022-08-10 20:40:57,163 [Finalizer] WARN  managed.ManagedRocksObjectUtils (ManagedRocksObjectUtils.java:assertClosed(39)) - ManagedLRUCache is not closed properly
2022-08-10 20:40:57,163 [Finalizer] WARN  managed.ManagedRocksObjectUtils (ManagedRocksObjectUtils.java:assertClosed(39)) - ManagedBloomFilter is not closed properly
2022-08-10 20:40:57,163 [Finalizer] WARN  managed.ManagedRocksObjectUtils (ManagedRocksObjectUtils.java:assertClosed(39)) - ManagedColumnFamilyOptions is not closed properly
2022-08-10 20:40:57,163 [Finalizer] WARN  managed.ManagedRocksObjectUtils (ManagedRocksObjectUtils.java:assertClosed(39)) - ManagedLRUCache is not closed properly
2022-08-10 20:40:57,163 [Finalizer] WARN  managed.ManagedRocksObjectUtils (ManagedRocksObjectUtils.java:assertClosed(39)) - ManagedBloomFilter is not closed properly
2022-08-10 20:40:57,164 [grpc-default-executor-7] INFO  leader.FollowerInfo (FollowerInfoImpl.java:lambda$new$0(48)) - omNode-2@group-523986131536->omNode-3: nextIndex: updateUnconditionally 24 -> 24
2022-08-10 20:40:57,165 [Finalizer] WARN  managed.ManagedRocksObjectUtils (ManagedRocksObjectUtils.java:assertClosed(39)) - ManagedColumnFamilyOptions is not closed properly
2022-08-10 20:40:57,165 [Finalizer] WARN  managed.ManagedRocksObjectUtils (ManagedRocksObjectUtils.java:assertClosed(39)) - ManagedColumnFamilyOptions is not closed properly
2022-08-10 20:40:57,166 [Finalizer] WARN  managed.ManagedRocksObjectUtils (ManagedRocksObjectUtils.java:assertClosed(39)) - ManagedColumnFamilyOptions is not closed properly
2022-08-10 20:40:57,166 [Finalizer] WARN  managed.ManagedRocksObjectUtils (ManagedRocksObjectUtils.java:assertClosed(39)) - ManagedColumnFamilyOptions is not closed properly
2022-08-10 20:40:57,166 [Finalizer] WARN  managed.ManagedRocksObjectUtils (ManagedRocksObjectUtils.java:assertClosed(39)) - ManagedColumnFamilyOptions is not closed properly
2022-08-10 20:40:57,166 [Finalizer] WARN  managed.ManagedRocksObjectUtils (ManagedRocksObjectUtils.java:assertClosed(39)) - ManagedColumnFamilyOptions is not closed properly
2022-08-10 20:40:57,166 [Finalizer] WARN  managed.ManagedRocksObjectUtils (ManagedRocksObjectUtils.java:assertClosed(39)) - ManagedColumnFamilyOptions is not closed properly
2022-08-10 20:40:57,166 [Finalizer] WARN  managed.ManagedRocksObjectUtils (ManagedRocksObjectUtils.java:assertClosed(39)) - ManagedColumnFamilyOptions is not closed properly
2022-08-10 20:40:57,166 [Finalizer] WARN  managed.ManagedRocksObjectUtils (ManagedRocksObjectUtils.java:assertClosed(39)) - ManagedColumnFamilyOptions is not closed properly
2022-08-10 20:40:57,166 [Finalizer] WARN  managed.ManagedRocksObjectUtils (ManagedRocksObjectUtils.java:assertClosed(39)) - ManagedColumnFamilyOptions is not closed properly
2022-08-10 20:40:57,166 [Finalizer] WARN  managed.ManagedRocksObjectUtils (ManagedRocksObjectUtils.java:assertClosed(39)) - ManagedColumnFamilyOptions is not closed properly
2022-08-10 20:40:57,166 [Finalizer] WARN  managed.ManagedRocksObjectUtils (ManagedRocksObjectUtils.java:assertClosed(39)) - ManagedColumnFamilyOptions is not closed properly
2022-08-10 20:40:57,166 [Finalizer] WARN  managed.ManagedRocksObjectUtils (ManagedRocksObjectUtils.java:assertClosed(39)) - ManagedColumnFamilyOptions is not closed properly
2022-08-10 20:40:57,166 [Finalizer] WARN  managed.ManagedRocksObjectUtils (ManagedRocksObjectUtils.java:assertClosed(39)) - ManagedColumnFamilyOptions is not closed properly
2022-08-10 20:40:57,166 [Finalizer] WARN  managed.ManagedRocksObjectUtils (ManagedRocksObjectUtils.java:assertClosed(39)) - ManagedColumnFamilyOptions is not closed properly
2022-08-10 20:40:57,166 [Finalizer] WARN  managed.ManagedRocksObjectUtils (ManagedRocksObjectUtils.java:assertClosed(39)) - ManagedColumnFamilyOptions is not closed properly
2022-08-10 20:40:57,166 [Finalizer] WARN  managed.ManagedRocksObjectUtils (ManagedRocksObjectUtils.java:assertClosed(39)) - ManagedColumnFamilyOptions is not closed properly
2022-08-10 20:40:57,166 [Finalizer] WARN  managed.ManagedRocksObjectUtils (ManagedRocksObjectUtils.java:assertClosed(39)) - ManagedColumnFamilyOptions is not closed properly
2022-08-10 20:40:57,166 [Finalizer] WARN  managed.ManagedRocksObjectUtils (ManagedRocksObjectUtils.java:assertClosed(39)) - ManagedColumnFamilyOptions is not closed properly
2022-08-10 20:40:57,166 [Finalizer] WARN  managed.ManagedRocksObjectUtils (ManagedRocksObjectUtils.java:assertClosed(39)) - ManagedColumnFamilyOptions is not closed properly
2022-08-10 20:40:57,166 [Finalizer] WARN  managed.ManagedRocksObjectUtils (ManagedRocksObjectUtils.java:assertClosed(39)) - ManagedColumnFamilyOptions is not closed properly
2022-08-10 20:40:57,166 [Finalizer] WARN  managed.ManagedRocksObjectUtils (ManagedRocksObjectUtils.java:assertClosed(39)) - ManagedColumnFamilyOptions is not closed properly
2022-08-10 20:40:57,166 [Finalizer] WARN  managed.ManagedRocksObjectUtils (ManagedRocksObjectUtils.java:assertClosed(39)) - ManagedLRUCache is not closed properly
2022-08-10 20:40:57,166 [Finalizer] WARN  managed.ManagedRocksObjectUtils (ManagedRocksObjectUtils.java:assertClosed(39)) - ManagedBloomFilter is not closed properly
2022-08-10 20:40:57,166 [Finalizer] WARN  managed.ManagedRocksObjectUtils (ManagedRocksObjectUtils.java:assertClosed(39)) - ManagedColumnFamilyOptions is not closed properly
2022-08-10 20:40:57,166 [Finalizer] WARN  managed.ManagedRocksObjectUtils (ManagedRocksObjectUtils.java:assertClosed(39)) - ManagedLRUCache is not closed properly
2022-08-10 20:40:57,166 [Finalizer] WARN  managed.ManagedRocksObjectUtils (ManagedRocksObjectUtils.java:assertClosed(39)) - ManagedBloomFilter is not closed properly
2022-08-10 20:40:57,166 [Finalizer] WARN  managed.ManagedRocksObjectUtils (ManagedRocksObjectUtils.java:assertClosed(39)) - ManagedColumnFamilyOptions is not closed properly
2022-08-10 20:40:57,166 [Finalizer] WARN  managed.ManagedRocksObjectUtils (ManagedRocksObjectUtils.java:assertClosed(39)) - ManagedLRUCache is not closed properly
2022-08-10 20:40:57,166 [Finalizer] WARN  managed.ManagedRocksObjectUtils (ManagedRocksObjectUtils.java:assertClosed(39)) - ManagedBloomFilter is not closed properly
2022-08-10 20:40:57,166 [Finalizer] WARN  managed.ManagedRocksObjectUtils (ManagedRocksObjectUtils.java:assertClosed(39)) - ManagedColumnFamilyOptions is not closed properly
2022-08-10 20:40:57,166 [Finalizer] WARN  managed.ManagedRocksObjectUtils (ManagedRocksObjectUtils.java:assertClosed(39)) - ManagedLRUCache is not closed properly
2022-08-10 20:40:57,166 [Finalizer] WARN  managed.ManagedRocksObjectUtils (ManagedRocksObjectUtils.java:assertClosed(39)) - ManagedBloomFilter is not closed properly
2022-08-10 20:40:57,166 [Finalizer] WARN  managed.ManagedRocksObjectUtils (ManagedRocksObjectUtils.java:assertClosed(39)) - ManagedColumnFamilyOptions is not closed properly
2022-08-10 20:40:57,166 [Finalizer] WARN  managed.ManagedRocksObjectUtils (ManagedRocksObjectUtils.java:assertClosed(39)) - ManagedLRUCache is not closed properly
2022-08-10 20:40:57,166 [Finalizer] WARN  managed.ManagedRocksObjectUtils (ManagedRocksObjectUtils.java:assertClosed(39)) - ManagedBloomFilter is not closed properly
2022-08-10 20:40:57,166 [Finalizer] WARN  managed.ManagedRocksObjectUtils (ManagedRocksObjectUtils.java:assertClosed(39)) - ManagedColumnFamilyOptions is not closed properly
2022-08-10 20:40:57,166 [Finalizer] WARN  managed.ManagedRocksObjectUtils (ManagedRocksObjectUtils.java:assertClosed(39)) - ManagedLRUCache is not closed properly
2022-08-10 20:40:57,167 [Finalizer] WARN  managed.ManagedRocksObjectUtils (ManagedRocksObjectUtils.java:assertClosed(39)) - ManagedBloomFilter is not closed properly
2022-08-10 20:40:57,167 [Finalizer] WARN  managed.ManagedRocksObjectUtils (ManagedRocksObjectUtils.java:assertClosed(39)) - ManagedColumnFamilyOptions is not closed properly
2022-08-10 20:40:57,167 [Finalizer] WARN  managed.ManagedRocksObjectUtils (ManagedRocksObjectUtils.java:assertClosed(39)) - ManagedLRUCache is not closed properly
2022-08-10 20:40:57,167 [Finalizer] WARN  managed.ManagedRocksObjectUtils (ManagedRocksObjectUtils.java:assertClosed(39)) - ManagedBloomFilter is not closed properly
2022-08-10 20:40:57,167 [Finalizer] WARN  managed.ManagedRocksObjectUtils (ManagedRocksObjectUtils.java:assertClosed(39)) - ManagedColumnFamilyOptions is not closed properly
2022-08-10 20:40:57,167 [Finalizer] WARN  managed.ManagedRocksObjectUtils (ManagedRocksObjectUtils.java:assertClosed(39)) - ManagedLRUCache is not closed properly
2022-08-10 20:40:57,167 [Finalizer] WARN  managed.ManagedRocksObjectUtils (ManagedRocksObjectUtils.java:assertClosed(39)) - ManagedBloomFilter is not closed properly
2022-08-10 20:40:57,167 [Finalizer] WARN  managed.ManagedRocksObjectUtils (ManagedRocksObjectUtils.java:assertClosed(39)) - ManagedColumnFamilyOptions is not closed properly
2022-08-10 20:40:57,167 [Finalizer] WARN  managed.ManagedRocksObjectUtils (ManagedRocksObjectUtils.java:assertClosed(39)) - ManagedLRUCache is not closed properly
2022-08-10 20:40:57,167 [Finalizer] WARN  managed.ManagedRocksObjectUtils (ManagedRocksObjectUtils.java:assertClosed(39)) - ManagedBloomFilter is not closed properly
2022-08-10 20:40:57,167 [Finalizer] WARN  managed.ManagedRocksObjectUtils (ManagedRocksObjectUtils.java:assertClosed(39)) - ManagedColumnFamilyOptions is not closed properly
2022-08-10 20:40:57,167 [Finalizer] WARN  managed.ManagedRocksObjectUtils (ManagedRocksObjectUtils.java:assertClosed(39)) - ManagedLRUCache is not closed properly
2022-08-10 20:40:57,167 [Finalizer] WARN  managed.ManagedRocksObjectUtils (ManagedRocksObjectUtils.java:assertClosed(39)) - ManagedBloomFilter is not closed properly
2022-08-10 20:40:57,167 [Finalizer] WARN  managed.ManagedRocksObjectUtils (ManagedRocksObjectUtils.java:assertClosed(39)) - ManagedColumnFamilyOptions is not closed properly
2022-08-10 20:40:57,167 [Finalizer] WARN  managed.ManagedRocksObjectUtils (ManagedRocksObjectUtils.java:assertClosed(39)) - ManagedLRUCache is not closed properly
2022-08-10 20:40:57,167 [Finalizer] WARN  managed.ManagedRocksObjectUtils (ManagedRocksObjectUtils.java:assertClosed(39)) - ManagedBloomFilter is not closed properly
2022-08-10 20:40:57,167 [Finalizer] WARN  managed.ManagedRocksObjectUtils (ManagedRocksObjectUtils.java:assertClosed(39)) - ManagedColumnFamilyOptions is not closed properly
2022-08-10 20:40:57,167 [Finalizer] WARN  managed.ManagedRocksObjectUtils (ManagedRocksObjectUtils.java:assertClosed(39)) - ManagedLRUCache is not closed properly
2022-08-10 20:40:57,167 [Finalizer] WARN  managed.ManagedRocksObjectUtils (ManagedRocksObjectUtils.java:assertClosed(39)) - ManagedBloomFilter is not closed properly
2022-08-10 20:40:57,167 [Finalizer] WARN  managed.ManagedRocksObjectUtils (ManagedRocksObjectUtils.java:assertClosed(39)) - ManagedColumnFamilyOptions is not closed properly
2022-08-10 20:40:57,167 [Finalizer] WARN  managed.ManagedRocksObjectUtils (ManagedRocksObjectUtils.java:assertClosed(39)) - ManagedLRUCache is not closed properly
2022-08-10 20:40:57,167 [Finalizer] WARN  managed.ManagedRocksObjectUtils (ManagedRocksObjectUtils.java:assertClosed(39)) - ManagedBloomFilter is not closed properly
2022-08-10 20:40:57,167 [Finalizer] WARN  managed.ManagedRocksObjectUtils (ManagedRocksObjectUtils.java:assertClosed(39)) - ManagedColumnFamilyOptions is not closed properly
2022-08-10 20:40:57,167 [Finalizer] WARN  managed.ManagedRocksObjectUtils (ManagedRocksObjectUtils.java:assertClosed(39)) - ManagedLRUCache is not closed properly
2022-08-10 20:40:57,167 [Finalizer] WARN  managed.ManagedRocksObjectUtils (ManagedRocksObjectUtils.java:assertClosed(39)) - ManagedBloomFilter is not closed properly
2022-08-10 20:40:57,167 [Finalizer] WARN  managed.ManagedRocksObjectUtils (ManagedRocksObjectUtils.java:assertClosed(39)) - ManagedColumnFamilyOptions is not closed properly
2022-08-10 20:40:57,167 [Finalizer] WARN  managed.ManagedRocksObjectUtils (ManagedRocksObjectUtils.java:assertClosed(39)) - ManagedLRUCache is not closed properly
2022-08-10 20:40:57,167 [Finalizer] WARN  managed.ManagedRocksObjectUtils (ManagedRocksObjectUtils.java:assertClosed(39)) - ManagedBloomFilter is not closed properly
2022-08-10 20:40:57,167 [Finalizer] WARN  managed.ManagedRocksObjectUtils (ManagedRocksObjectUtils.java:assertClosed(39)) - ManagedColumnFamilyOptions is not closed properly
2022-08-10 20:40:57,167 [Finalizer] WARN  managed.ManagedRocksObjectUtils (ManagedRocksObjectUtils.java:assertClosed(39)) - ManagedLRUCache is not closed properly
2022-08-10 20:40:57,167 [Finalizer] WARN  managed.ManagedRocksObjectUtils (ManagedRocksObjectUtils.java:assertClosed(39)) - ManagedBloomFilter is not closed properly
2022-08-10 20:40:57,167 [Finalizer] WARN  managed.ManagedRocksObjectUtils (ManagedRocksObjectUtils.java:assertClosed(39)) - ManagedColumnFamilyOptions is not closed properly
2022-08-10 20:40:57,167 [Finalizer] WARN  managed.ManagedRocksObjectUtils (ManagedRocksObjectUtils.java:assertClosed(39)) - ManagedLRUCache is not closed properly
2022-08-10 20:40:57,167 [Finalizer] WARN  managed.ManagedRocksObjectUtils (ManagedRocksObjectUtils.java:assertClosed(39)) - ManagedBloomFilter is not closed properly
2022-08-10 20:40:57,167 [Finalizer] WARN  managed.ManagedRocksObjectUtils (ManagedRocksObjectUtils.java:assertClosed(39)) - ManagedColumnFamilyOptions is not closed properly
2022-08-10 20:40:57,167 [Finalizer] WARN  managed.ManagedRocksObjectUtils (ManagedRocksObjectUtils.java:assertClosed(39)) - ManagedLRUCache is not closed properly
2022-08-10 20:40:57,168 [Finalizer] WARN  managed.ManagedRocksObjectUtils (ManagedRocksObjectUtils.java:assertClosed(39)) - ManagedBloomFilter is not closed properly
2022-08-10 20:40:57,168 [Finalizer] WARN  managed.ManagedRocksObjectUtils (ManagedRocksObjectUtils.java:assertClosed(39)) - ManagedColumnFamilyOptions is not closed properly
2022-08-10 20:40:57,168 [Finalizer] WARN  managed.ManagedRocksObjectUtils (ManagedRocksObjectUtils.java:assertClosed(39)) - ManagedLRUCache is not closed properly
2022-08-10 20:40:57,168 [Finalizer] WARN  managed.ManagedRocksObjectUtils (ManagedRocksObjectUtils.java:assertClosed(39)) - ManagedBloomFilter is not closed properly
2022-08-10 20:40:57,168 [Finalizer] WARN  managed.ManagedRocksObjectUtils (ManagedRocksObjectUtils.java:assertClosed(39)) - ManagedColumnFamilyOptions is not closed properly
2022-08-10 20:40:57,168 [Finalizer] WARN  managed.ManagedRocksObjectUtils (ManagedRocksObjectUtils.java:assertClosed(39)) - ManagedLRUCache is not closed properly
2022-08-10 20:40:57,168 [Finalizer] WARN  managed.ManagedRocksObjectUtils (ManagedRocksObjectUtils.java:assertClosed(39)) - ManagedBloomFilter is not closed properly
2022-08-10 20:40:57,440 [Listener at localhost/39139] INFO  reflections.Reflections (Reflections.java:scan(232)) - Reflections took 403 ms to scan 19 urls, producing 67 keys and 4152 values [using 2 cores]
2022-08-10 20:40:57,441 [Listener at localhost/39139] INFO  ipc.CallQueueManager (CallQueueManager.java:<init>(90)) - Using callQueue: class java.util.concurrent.LinkedBlockingQueue, queueCapacity: 2000, scheduler: class org.apache.hadoop.ipc.DefaultRpcScheduler, ipcBackoff: false.
2022-08-10 20:40:57,443 [Socket Reader #1 for port 37787] INFO  ipc.Server (Server.java:run(1265)) - Starting Socket Reader #1 for port 37787
2022-08-10 20:40:57,447 [Listener at localhost/37787] INFO  http.BaseHttpServer (BaseHttpServer.java:newHttpServer2BuilderForOzone(209)) - Starting Web-server for ozoneManager at: http://0.0.0.0:46047
2022-08-10 20:40:57,447 [Listener at localhost/37787] INFO  http.BaseHttpServer (BaseHttpServer.java:<init>(107)) - Hadoop Security Enabled: false Ozone Security Enabled: false Ozone HTTP Security Enabled: false 
2022-08-10 20:40:57,448 [Listener at localhost/37787] INFO  server.AuthenticationFilter (AuthenticationFilter.java:constructSecretProvider(240)) - Unable to initialize FileSignerSecretProvider, falling back to use random secrets.
2022-08-10 20:40:57,449 [Listener at localhost/37787] WARN  http.HttpRequestLog (HttpRequestLog.java:getRequestLog(103)) - Jetty request log can only be enabled using Log4j
2022-08-10 20:40:57,450 [Listener at localhost/37787] INFO  http.HttpServer2 (HttpServer2.java:addGlobalFilter(1029)) - Added global filter 'safety' (class=org.apache.hadoop.hdds.server.http.HttpServer2$QuotingInputFilter)
2022-08-10 20:40:57,451 [Listener at localhost/37787] INFO  http.HttpServer2 (HttpServer2.java:addFilter(1005)) - Added filter static_user_filter (class=org.apache.hadoop.http.lib.StaticUserWebFilter$StaticUserFilter) to context ozoneManager
2022-08-10 20:40:57,451 [Listener at localhost/37787] INFO  http.HttpServer2 (HttpServer2.java:addFilter(1013)) - Added filter static_user_filter (class=org.apache.hadoop.http.lib.StaticUserWebFilter$StaticUserFilter) to context static
2022-08-10 20:40:57,451 [Listener at localhost/37787] INFO  http.HttpServer2 (HttpServer2.java:addFilter(1013)) - Added filter static_user_filter (class=org.apache.hadoop.http.lib.StaticUserWebFilter$StaticUserFilter) to context logs
2022-08-10 20:40:57,452 [Listener at localhost/37787] INFO  http.HttpServer2 (HttpServer2.java:bindListener(1248)) - Jetty bound to port 46047
2022-08-10 20:40:57,452 [Listener at localhost/37787] INFO  server.Server (Server.java:doStart(375)) - jetty-9.4.43.v20210629; built: 2021-06-30T11:07:22.254Z; git: 526006ecfa3af7f1a27ef3a288e2bef7ea9dd7e8; jvm 1.8.0_332-b09
2022-08-10 20:40:57,453 [Listener at localhost/37787] INFO  server.session (DefaultSessionIdManager.java:doStart(334)) - DefaultSessionIdManager workerName=node0
2022-08-10 20:40:57,454 [Listener at localhost/37787] INFO  server.session (DefaultSessionIdManager.java:doStart(339)) - No SessionScavenger set, using defaults
2022-08-10 20:40:57,454 [Listener at localhost/37787] INFO  server.session (HouseKeeper.java:startScavenging(132)) - node0 Scavenging every 660000ms
2022-08-10 20:40:57,455 [Listener at localhost/37787] INFO  handler.ContextHandler (ContextHandler.java:doStart(915)) - Started o.e.j.s.ServletContextHandler@5c609f47{logs,/logs,file:///home/runner/work/ozone/ozone/hadoop-ozone/integration-test/target/log,AVAILABLE}
2022-08-10 20:40:57,456 [Listener at localhost/37787] INFO  handler.ContextHandler (ContextHandler.java:doStart(915)) - Started o.e.j.s.ServletContextHandler@2a4ca4ca{static,/static,file:///home/runner/work/ozone/ozone/hadoop-ozone/integration-test/target/test-classes/webapps/static,AVAILABLE}
2022-08-10 20:40:57,462 [Listener at localhost/37787] INFO  handler.ContextHandler (ContextHandler.java:doStart(915)) - Started o.e.j.w.WebAppContext@7a8c1916{ozoneManager,/,file:///home/runner/work/ozone/ozone/hadoop-ozone/integration-test/target/test-classes/webapps/ozoneManager/,AVAILABLE}{file:/home/runner/work/ozone/ozone/hadoop-ozone/integration-test/target/test-classes/webapps/ozoneManager}
2022-08-10 20:40:57,464 [Listener at localhost/37787] INFO  server.AbstractConnector (AbstractConnector.java:doStart(331)) - Started ServerConnector@624bc592{HTTP/1.1, (http/1.1)}{0.0.0.0:46047}
2022-08-10 20:40:57,464 [Listener at localhost/37787] INFO  server.Server (Server.java:doStart(415)) - Started @157528ms
2022-08-10 20:40:57,464 [Listener at localhost/37787] WARN  impl.MetricsSystemImpl (MetricsSystemImpl.java:register(279)) - Sink prometheus already exists!
2022-08-10 20:40:57,466 [Listener at localhost/37787] INFO  http.BaseHttpServer (BaseHttpServer.java:updateConnectorAddress(329)) - HTTP server of ozoneManager listening at http://0.0.0.0:46047
2022-08-10 20:40:57,467 [IPC Server Responder] INFO  ipc.Server (Server.java:run(1507)) - IPC Server Responder: starting
2022-08-10 20:40:57,467 [IPC Server listener on 37787] INFO  ipc.Server (Server.java:run(1344)) - IPC Server listener on 37787: starting
2022-08-10 20:40:57,474 [Listener at localhost/37787] INFO  om.OzoneManager (OzoneManager.java:startTrashEmptier(1907)) - Trash Interval set to 0. Files deleted won't move to trash
2022-08-10 20:40:57,474 [Listener at localhost/37787] INFO  om.OzoneManager (OzoneManager.java:stop(2022)) - omNode-2[localhost:36141]: Stopping Ozone Manager
2022-08-10 20:40:57,474 [Listener at localhost/37787] INFO  ipc.Server (Server.java:stop(3414)) - Stopping server on 36141
2022-08-10 20:40:57,477 [IPC Server listener on 36141] INFO  ipc.Server (Server.java:run(1376)) - Stopping IPC Server listener on 36141
2022-08-10 20:40:57,479 [IPC Server Responder] INFO  ipc.Server (Server.java:run(1512)) - Stopping IPC Server Responder
2022-08-10 20:40:57,479 [Listener at localhost/37787] INFO  server.RaftServer (RaftServerProxy.java:lambda$close$7(398)) - omNode-2: close
2022-08-10 20:40:57,479 [Listener at localhost/37787] INFO  server.RaftServer$Division (RaftServerImpl.java:lambda$close$4(434)) - omNode-2@group-523986131536: shutdown
2022-08-10 20:40:57,480 [Listener at localhost/37787] INFO  util.JmxRegister (JmxRegister.java:unregister(73)) - Successfully un-registered JMX Bean with object name Ratis:service=RaftServer,group=group-523986131536,id=omNode-2
2022-08-10 20:40:57,480 [Listener at localhost/37787] INFO  impl.RoleInfo (RoleInfo.java:shutdownLeaderState(93)) - omNode-2: shutdown omNode-2@group-523986131536-LeaderStateImpl
2022-08-10 20:40:57,480 [omNode-2@group-523986131536->omNode-1-GrpcLogAppender-LogAppenderDaemon] WARN  server.GrpcLogAppender (GrpcLogAppender.java:mayWait(171)) - omNode-2@group-523986131536->omNode-1-GrpcLogAppender: Wait interrupted by java.lang.InterruptedException
2022-08-10 20:40:57,480 [Listener at localhost/37787] INFO  impl.PendingRequests (PendingRequests.java:sendNotLeaderResponses(282)) - omNode-2@group-523986131536-PendingRequests: sendNotLeaderResponses
2022-08-10 20:40:57,481 [omNode-2@group-523986131536->omNode-3-GrpcLogAppender-LogAppenderDaemon] WARN  server.GrpcLogAppender (GrpcLogAppender.java:mayWait(171)) - omNode-2@group-523986131536->omNode-3-GrpcLogAppender: Wait interrupted by java.lang.InterruptedException
2022-08-10 20:40:57,481 [grpc-default-executor-0] INFO  server.GrpcServerProtocolService (GrpcServerProtocolService.java:onCompleted(140)) - omNode-3: Completed APPEND_ENTRIES, lastRequest: null
2022-08-10 20:40:57,481 [grpc-default-executor-7] INFO  server.GrpcServerProtocolService (GrpcServerProtocolService.java:onCompleted(140)) - omNode-1: Completed APPEND_ENTRIES, lastRequest: null
2022-08-10 20:40:57,484 [grpc-default-executor-3] INFO  server.GrpcLogAppender (GrpcLogAppender.java:onCompleted(339)) - omNode-2@group-523986131536->omNode-1-AppendLogResponseHandler: follower responses appendEntries COMPLETED
2022-08-10 20:40:57,486 [org.apache.hadoop.util.JvmPauseMonitor$Monitor@66f44bef] INFO  util.JvmPauseMonitor (JvmPauseMonitor.java:run(188)) - Starting JVM pause monitor
2022-08-10 20:40:57,486 [grpc-default-executor-3] INFO  leader.FollowerInfo (FollowerInfoImpl.java:lambda$new$0(48)) - omNode-2@group-523986131536->omNode-1: nextIndex: updateUnconditionally 24 -> 23
2022-08-10 20:40:57,486 [Listener at localhost/37787] INFO  impl.StateMachineUpdater (StateMachineUpdater.java:stopAndJoin(153)) - omNode-2@group-523986131536-StateMachineUpdater: set stopIndex = 23
2022-08-10 20:40:57,486 [omNode-2@group-523986131536-StateMachineUpdater] INFO  ratis.OzoneManagerStateMachine (OzoneManagerStateMachine.java:takeSnapshot(441)) - Current Snapshot Index (t:1, i:23)
2022-08-10 20:40:57,484 [grpc-default-executor-0] INFO  server.GrpcLogAppender (GrpcLogAppender.java:onCompleted(339)) - omNode-2@group-523986131536->omNode-3-AppendLogResponseHandler: follower responses appendEntries COMPLETED
2022-08-10 20:40:57,487 [grpc-default-executor-0] INFO  leader.FollowerInfo (FollowerInfoImpl.java:lambda$new$0(48)) - omNode-2@group-523986131536->omNode-3: nextIndex: updateUnconditionally 24 -> 1
2022-08-10 20:40:57,487 [omNode-2@group-523986131536-StateMachineUpdater] INFO  impl.StateMachineUpdater (StateMachineUpdater.java:takeSnapshot(287)) - omNode-2@group-523986131536-StateMachineUpdater: Took a snapshot at index 23
2022-08-10 20:40:57,487 [omNode-2@group-523986131536-StateMachineUpdater] INFO  impl.StateMachineUpdater (StateMachineUpdater.java:lambda$new$0(92)) - omNode-2@group-523986131536-StateMachineUpdater: snapshotIndex: updateIncreasingly -1 -> 23
2022-08-10 20:40:57,487 [omNode-2@group-523986131536-StateMachineUpdater] INFO  ratis.OzoneManagerStateMachine (OzoneManagerStateMachine.java:close(495)) - StateMachine has shutdown. Shutdown OzoneManager if not already shutdown.
2022-08-10 20:40:57,487 [omNode-2@group-523986131536-StateMachineUpdater] INFO  ratis.OzoneManagerDoubleBuffer (OzoneManagerDoubleBuffer.java:stop(466)) - Stopping OMDoubleBuffer flush thread
2022-08-10 20:40:57,487 [OMDoubleBufferFlushThread] INFO  ratis.OzoneManagerDoubleBuffer (OzoneManagerDoubleBuffer.java:flushTransactions(385)) - OMDoubleBuffer flush thread OMDoubleBufferFlushThread is interrupted and will exit.
2022-08-10 20:40:57,488 [Listener at localhost/37787] INFO  server.RaftServer$Division (ServerState.java:close(429)) - omNode-2@group-523986131536: closes. applyIndex: 23
2022-08-10 20:40:57,488 [omNode-2@group-523986131536-SegmentedRaftLogWorker] INFO  segmented.SegmentedRaftLogWorker (SegmentedRaftLogWorker.java:run(336)) - omNode-2@group-523986131536-SegmentedRaftLogWorker was interrupted, exiting. There are 0 tasks remaining in the queue.
2022-08-10 20:40:57,491 [Listener at localhost/37787] INFO  segmented.SegmentedRaftLogWorker (SegmentedRaftLogWorker.java:close(246)) - omNode-2@group-523986131536-SegmentedRaftLogWorker close()
2022-08-10 20:40:57,492 [Listener at localhost/37787] INFO  server.GrpcService (GrpcService.java:closeImpl(269)) - omNode-2: shutdown server with port 35563 now
2022-08-10 20:40:57,497 [Listener at localhost/37787] INFO  server.GrpcService (GrpcService.java:closeImpl(278)) - omNode-2: shutdown server with port 35563 successfully
2022-08-10 20:40:57,497 [org.apache.ratis.util.JvmPauseMonitor$$Lambda$703/1412835141@76372f7f] INFO  util.JvmPauseMonitor (JvmPauseMonitor.java:run(109)) - JvmPauseMonitor-omNode-2: Stopped
2022-08-10 20:40:57,497 [Listener at localhost/37787] INFO  ratis.OzoneManagerStateMachine (OzoneManagerStateMachine.java:close(495)) - StateMachine has shutdown. Shutdown OzoneManager if not already shutdown.
2022-08-10 20:40:57,498 [Listener at localhost/37787] INFO  ratis.OzoneManagerDoubleBuffer (OzoneManagerDoubleBuffer.java:stop(478)) - OMDoubleBuffer flush thread is not running.
2022-08-10 20:40:57,498 [Listener at localhost/37787] INFO  utils.BackgroundService (BackgroundService.java:shutdown(141)) - Shutting down service KeyDeletingService
2022-08-10 20:40:57,498 [Listener at localhost/37787] INFO  utils.BackgroundService (BackgroundService.java:shutdown(141)) - Shutting down service DirectoryDeletingService
2022-08-10 20:40:57,498 [Listener at localhost/37787] INFO  utils.BackgroundService (BackgroundService.java:shutdown(141)) - Shutting down service OpenKeyCleanupService
2022-08-10 20:40:57,499 [Listener at localhost/37787] INFO  handler.ContextHandler (ContextHandler.java:doStop(1153)) - Stopped o.e.j.w.WebAppContext@13008405{ozoneManager,/,null,STOPPED}{file:/home/runner/work/ozone/ozone/hadoop-ozone/integration-test/target/test-classes/webapps/ozoneManager}
2022-08-10 20:40:57,501 [Listener at localhost/37787] INFO  server.AbstractConnector (AbstractConnector.java:doStop(381)) - Stopped ServerConnector@4025832d{HTTP/1.1, (http/1.1)}{0.0.0.0:34965}
2022-08-10 20:40:57,501 [Listener at localhost/37787] INFO  server.session (HouseKeeper.java:stopScavenging(149)) - node0 Stopped scavenging
2022-08-10 20:40:57,501 [Listener at localhost/37787] INFO  handler.ContextHandler (ContextHandler.java:doStop(1153)) - Stopped o.e.j.s.ServletContextHandler@797b2044{static,/static,file:///home/runner/work/ozone/ozone/hadoop-ozone/integration-test/target/test-classes/webapps/static,STOPPED}
2022-08-10 20:40:57,501 [Listener at localhost/37787] INFO  handler.ContextHandler (ContextHandler.java:doStop(1153)) - Stopped o.e.j.s.ServletContextHandler@6afa82fe{logs,/logs,file:///home/runner/work/ozone/ozone/hadoop-ozone/integration-test/target/log,STOPPED}
2022-08-10 20:40:57,507 [Listener at localhost/37787] INFO  om.OzoneManager (OzoneManager.java:restart(1559)) - OzoneManager RPC server is listening at localhost/127.0.0.1:36141
2022-08-10 20:40:57,508 [Listener at localhost/37787] INFO  impl.MetricsSystemImpl (MetricsSystemImpl.java:init(158)) - OzoneManager metrics system started (again)
2022-08-10 20:40:57,519 [Listener at localhost/37787] WARN  server.ServerUtils (ServerUtils.java:getDBPath(225)) - ozone.om.db.dirs is not configured. We recommend adding this setting. Falling back to ozone.metadata.dirs instead.
2022-08-10 20:40:57,521 [Listener at localhost/37787] INFO  codec.OmKeyInfoCodec (OmKeyInfoCodec.java:<init>(49)) - OmKeyInfoCodec ignorePipeline = true
2022-08-10 20:40:57,521 [Listener at localhost/37787] INFO  codec.RepeatedOmKeyInfoCodec (RepeatedOmKeyInfoCodec.java:<init>(41)) - RepeatedOmKeyInfoCodec ignorePipeline = true
2022-08-10 20:40:57,561 [Listener at localhost/37787] INFO  om.OzoneManager (OzoneManager.java:instantiateServices(697)) - S3 Multi-Tenancy is disabled
2022-08-10 20:40:57,561 [Listener at localhost/37787] WARN  om.OzoneManager (OzoneManager.java:instantiatePrepareStateOnStartup(4393)) - Prepare marker file index 23 does not match DB prepare index 18. Writing DB index to prepare file and maintaining prepared state.
2022-08-10 20:40:57,562 [Listener at localhost/37787] INFO  om.OzoneManagerPrepareState (OzoneManagerPrepareState.java:writePrepareMarkerFile(262)) - Prepare marker file written with log index 18 to file /home/runner/work/ozone/ozone/hadoop-ozone/integration-test/target/test-dir/MiniOzoneClusterImpl-6b5328db-83be-43cc-b602-c95cfe986a84/omNode-2/current/prepareMarker
2022-08-10 20:40:57,564 [Listener at localhost/37787] WARN  impl.MetricRegistriesImpl (MetricRegistriesImpl.java:addReporterRegistration(111)) - New reporters are added after registries were created. Some metrics will be missing from the reporter. Please add reporter before adding any new registry.
2022-08-10 20:40:57,564 [Listener at localhost/37787] WARN  impl.MetricRegistriesImpl (MetricRegistriesImpl.java:addReporterRegistration(111)) - New reporters are added after registries were created. Some metrics will be missing from the reporter. Please add reporter before adding any new registry.
2022-08-10 20:40:57,564 [Listener at localhost/37787] WARN  server.ServerUtils (ServerUtils.java:getDefaultRatisDirectory(237)) - Storage directory for Ratis is not configured. It is a good idea to map this to an SSD disk. Falling back to ozone.metadata.dirs
2022-08-10 20:40:57,565 [Listener at localhost/37787] INFO  ratis.OzoneManagerRatisServer (OzoneManagerRatisServer.java:<init>(159)) - Instantiating OM Ratis server with groupID: om-service-test1 and peers: localhost:35563, localhost:39235, localhost:38271
2022-08-10 20:40:57,565 [Listener at localhost/37787] INFO  ratis.OzoneManagerStateMachine (OzoneManagerStateMachine.java:loadSnapshotInfoFromDB(632)) - LastAppliedIndex is set from TransactionInfo from OM DB as (t:1, i:23)
2022-08-10 20:40:57,566 [Listener at localhost/37787] INFO  server.RaftServer (ConfUtils.java:logGet(46)) - raft.rpc.type = GRPC (default)
2022-08-10 20:40:57,566 [Listener at localhost/37787] INFO  grpc.GrpcFactory (GrpcFactory.java:checkPooledByteBufAllocatorUseCacheForAllThreads(48)) - PERFORMANCE WARNING: useCacheForAllThreads is true that may cause Netty to create a lot garbage objects and, as a result, trigger GC.
	It is recommended to disable useCacheForAllThreads by setting -Dorg.apache.ratis.thirdparty.io.netty.allocator.useCacheForAllThreads=false in command line.
2022-08-10 20:40:57,566 [Listener at localhost/37787] INFO  grpc.GrpcConfigKeys (ConfUtils.java:logGet(46)) - raft.grpc.admin.port = -1 (default)
2022-08-10 20:40:57,566 [Listener at localhost/37787] INFO  grpc.GrpcConfigKeys (ConfUtils.java:logGet(46)) - raft.grpc.server.port = 35563 (custom)
2022-08-10 20:40:57,566 [Listener at localhost/37787] INFO  grpc.GrpcConfigKeys (ConfUtils.java:logGet(46)) - raft.grpc.client.port = -1 (default)
2022-08-10 20:40:57,567 [Listener at localhost/37787] INFO  grpc.GrpcConfigKeys (ConfUtils.java:logGet(46)) - raft.grpc.server.port = 35563 (custom)
2022-08-10 20:40:57,567 [Listener at localhost/37787] INFO  grpc.GrpcConfigKeys (ConfUtils.java:logGet(46)) - raft.grpc.server.port = 35563 (custom)
2022-08-10 20:40:57,567 [Listener at localhost/37787] INFO  server.GrpcService (ConfUtils.java:logGet(46)) - raft.grpc.message.size.max = 33554432 (custom)
2022-08-10 20:40:57,567 [Listener at localhost/37787] INFO  server.RaftServerConfigKeys (ConfUtils.java:logGet(46)) - raft.server.log.appender.buffer.byte-limit = 33554432 (custom)
2022-08-10 20:40:57,567 [Listener at localhost/37787] INFO  server.GrpcService (ConfUtils.java:logGet(46)) - raft.grpc.flow.control.window = 1MB (=1048576) (default)
2022-08-10 20:40:57,567 [Listener at localhost/37787] INFO  server.RaftServerConfigKeys (ConfUtils.java:logGet(46)) - raft.server.rpc.request.timeout = 3000ms (default)
2022-08-10 20:40:57,567 [Listener at localhost/37787] INFO  grpc.GrpcConfigKeys (ConfUtils.java:logGet(46)) - raft.grpc.server.async.request.thread.pool.cached = true (default)
2022-08-10 20:40:57,568 [Listener at localhost/37787] INFO  grpc.GrpcConfigKeys (ConfUtils.java:logGet(46)) - raft.grpc.server.async.request.thread.pool.size = 32 (default)
2022-08-10 20:40:57,569 [Listener at localhost/37787] INFO  impl.DataStreamServerImpl (ConfUtils.java:logGet(46)) - raft.datastream.type = DISABLED (default)
2022-08-10 20:40:57,569 [Listener at localhost/37787] INFO  server.RaftServerConfigKeys (ConfUtils.java:logGet(46)) - raft.server.threadpool.proxy.cached = true (default)
2022-08-10 20:40:57,569 [Listener at localhost/37787] INFO  server.RaftServerConfigKeys (ConfUtils.java:logGet(46)) - raft.server.threadpool.proxy.size = 0 (default)
2022-08-10 20:40:57,569 [Listener at localhost/37787] INFO  server.RaftServerConfigKeys (ConfUtils.java:logGet(46)) - raft.server.rpc.slowness.timeout = 2s (custom)
2022-08-10 20:40:57,570 [Listener at localhost/37787] INFO  server.RaftServerConfigKeys (ConfUtils.java:logGet(46)) - raft.server.leaderelection.leader.step-down.wait-time = 10s (default)
2022-08-10 20:40:57,570 [Listener at localhost/37787] INFO  server.RaftServerConfigKeys (ConfUtils.java:logGet(46)) - raft.server.storage.dir = [/home/runner/work/ozone/ozone/hadoop-ozone/integration-test/target/test-dir/MiniOzoneClusterImpl-6b5328db-83be-43cc-b602-c95cfe986a84/omNode-2/ratis] (custom)
2022-08-10 20:40:57,570 [omNode-2-impl-thread1] INFO  server.RaftServer (RaftServerProxy.java:initGroupDir(247)) - omNode-2: found a subdirectory /home/runner/work/ozone/ozone/hadoop-ozone/integration-test/target/test-dir/MiniOzoneClusterImpl-6b5328db-83be-43cc-b602-c95cfe986a84/omNode-2/ratis/c9bc4cf4-3bc3-3c60-a66b-523986131536
2022-08-10 20:40:57,571 [Listener at localhost/37787] INFO  server.RaftServer (RaftServerProxy.java:addNew(96)) - omNode-2: addNew group-523986131536:[omNode-3|rpc:localhost:39235|priority:0, omNode-1|rpc:localhost:38271|priority:0, omNode-2|rpc:localhost:35563|priority:0] returns group-523986131536:java.util.concurrent.CompletableFuture@7f824067[Not completed]
2022-08-10 20:40:57,571 [pool-291-thread-1] INFO  server.RaftServer$Division (RaftServerImpl.java:<init>(190)) - omNode-2: new RaftServerImpl for group-523986131536:[omNode-3|rpc:localhost:39235|priority:0, omNode-1|rpc:localhost:38271|priority:0, omNode-2|rpc:localhost:35563|priority:0] with OzoneManagerStateMachine:uninitialized
2022-08-10 20:40:57,571 [Listener at localhost/37787] INFO  om.OzoneManager (OzoneManager.java:initializeRatisServer(1963)) - OzoneManager Ratis server initialized at port 35563
2022-08-10 20:40:57,571 [pool-291-thread-1] INFO  server.RaftServerConfigKeys (ConfUtils.java:logGet(46)) - raft.server.rpc.timeout.min = 1s (custom)
2022-08-10 20:40:57,571 [Listener at localhost/37787] INFO  ratis.OzoneManagerRatisServer (OzoneManagerRatisServer.java:start(554)) - Starting OzoneManagerRatisServer omNode-2 at port 35563
2022-08-10 20:40:57,572 [pool-291-thread-1] INFO  server.RaftServerConfigKeys (ConfUtils.java:logGet(46)) - raft.server.rpc.timeout.max = 1200ms (custom)
2022-08-10 20:40:57,572 [pool-291-thread-1] INFO  server.RaftServerConfigKeys (ConfUtils.java:logGet(46)) - raft.server.rpc.sleep.time = 25ms (default)
2022-08-10 20:40:57,572 [pool-291-thread-1] INFO  server.RaftServerConfigKeys (ConfUtils.java:logGet(46)) - raft.server.rpc.slowness.timeout = 2s (custom)
2022-08-10 20:40:57,572 [pool-291-thread-1] INFO  server.RaftServerConfigKeys (ConfUtils.java:logGet(46)) - raft.server.leaderelection.leader.step-down.wait-time = 10s (default)
2022-08-10 20:40:57,572 [pool-291-thread-1] INFO  server.RaftServerConfigKeys (ConfUtils.java:logGet(46)) - raft.server.sleep.deviation.threshold = 300ms (default)
2022-08-10 20:40:57,572 [pool-291-thread-1] INFO  server.RaftServer$Division (ServerState.java:<init>(107)) - omNode-2@group-523986131536: ConfigurationManager, init=-1: [omNode-3|rpc:localhost:39235|priority:0, omNode-1|rpc:localhost:38271|priority:0, omNode-2|rpc:localhost:35563|priority:0], old=null, confs=<EMPTY_MAP>
2022-08-10 20:40:57,572 [pool-291-thread-1] INFO  server.RaftServerConfigKeys (ConfUtils.java:logGet(46)) - raft.server.storage.dir = [/home/runner/work/ozone/ozone/hadoop-ozone/integration-test/target/test-dir/MiniOzoneClusterImpl-6b5328db-83be-43cc-b602-c95cfe986a84/omNode-2/ratis] (custom)
2022-08-10 20:40:57,572 [pool-291-thread-1] INFO  server.RaftServerConfigKeys (ConfUtils.java:logGet(46)) - raft.server.log.corruption.policy = EXCEPTION (default)
2022-08-10 20:40:57,572 [pool-291-thread-1] INFO  server.RaftServerConfigKeys (ConfUtils.java:logGet(46)) - raft.server.storage.free-space.min = 0MB (=0) (default)
2022-08-10 20:40:57,573 [pool-291-thread-1] INFO  storage.RaftStorageDirectory (RaftStorageDirectoryImpl.java:tryLock(230)) - Lock on /home/runner/work/ozone/ozone/hadoop-ozone/integration-test/target/test-dir/MiniOzoneClusterImpl-6b5328db-83be-43cc-b602-c95cfe986a84/omNode-2/ratis/c9bc4cf4-3bc3-3c60-a66b-523986131536/in_use.lock acquired by nodename 17633@fv-az202-490
2022-08-10 20:40:57,573 [pool-291-thread-1] INFO  storage.RaftStorage (RaftStorageImpl.java:analyzeAndRecoverStorage(110)) - Read RaftStorageMetadata{term=1, votedFor=omNode-2} from /home/runner/work/ozone/ozone/hadoop-ozone/integration-test/target/test-dir/MiniOzoneClusterImpl-6b5328db-83be-43cc-b602-c95cfe986a84/omNode-2/ratis/c9bc4cf4-3bc3-3c60-a66b-523986131536/current/raft-meta
2022-08-10 20:40:57,573 [pool-291-thread-1] INFO  server.RaftServer$Division (ServerState.java:setRaftConf(393)) - omNode-2@group-523986131536: set configuration 0: [omNode-3|rpc:localhost:39235|admin:|client:|dataStream:|priority:0, omNode-1|rpc:localhost:38271|admin:|client:|dataStream:|priority:0, omNode-2|rpc:localhost:35563|admin:|client:|dataStream:|priority:0], old=null
2022-08-10 20:40:57,574 [pool-291-thread-1] INFO  server.RaftServerConfigKeys (ConfUtils.java:logGet(46)) - raft.server.notification.no-leader.timeout = 2s (custom)
2022-08-10 20:40:57,574 [pool-291-thread-1] INFO  server.RaftServerConfigKeys (ConfUtils.java:logGet(46)) - raft.server.log.use.memory = false (default)
2022-08-10 20:40:57,574 [pool-291-thread-1] INFO  server.RaftServerConfigKeys (ConfUtils.java:logGet(46)) - raft.server.log.purge.gap = 50 (custom)
2022-08-10 20:40:57,574 [pool-291-thread-1] INFO  server.RaftServerConfigKeys (ConfUtils.java:logGet(46)) - raft.server.log.appender.buffer.byte-limit = 33554432 (custom)
2022-08-10 20:40:57,574 [pool-291-thread-1] INFO  server.RaftServerConfigKeys (ConfUtils.java:logGet(46)) - raft.server.log.statemachine.data.read.timeout = 1000ms (default)
2022-08-10 20:40:57,574 [pool-291-thread-1] INFO  server.RaftServerConfigKeys (ConfUtils.java:logGet(46)) - raft.server.log.segment.size.max = 4194304 (custom)
2022-08-10 20:40:57,574 [pool-291-thread-1] INFO  server.RaftServerConfigKeys (ConfUtils.java:logGet(46)) - raft.server.log.segment.cache.num.max = 2 (custom)
2022-08-10 20:40:57,574 [pool-291-thread-1] INFO  server.RaftServerConfigKeys (ConfUtils.java:logGet(46)) - raft.server.log.segment.cache.size.max = 200MB (=209715200) (default)
2022-08-10 20:40:57,574 [pool-291-thread-1] INFO  segmented.SegmentedRaftLogWorker (SegmentedRaftLogWorker.java:<init>(187)) - new omNode-2@group-523986131536-SegmentedRaftLogWorker for RaftStorageImpl:Storage Directory /home/runner/work/ozone/ozone/hadoop-ozone/integration-test/target/test-dir/MiniOzoneClusterImpl-6b5328db-83be-43cc-b602-c95cfe986a84/omNode-2/ratis/c9bc4cf4-3bc3-3c60-a66b-523986131536
2022-08-10 20:40:57,574 [pool-291-thread-1] INFO  server.RaftServerConfigKeys (ConfUtils.java:logGet(46)) - raft.server.log.queue.byte-limit = 64MB (=67108864) (default)
2022-08-10 20:40:57,574 [pool-291-thread-1] INFO  server.RaftServerConfigKeys (ConfUtils.java:logGet(46)) - raft.server.log.queue.element-limit = 4096 (default)
2022-08-10 20:40:57,575 [pool-291-thread-1] INFO  server.RaftServerConfigKeys (ConfUtils.java:logGet(46)) - raft.server.log.segment.size.max = 4194304 (custom)
2022-08-10 20:40:57,575 [pool-291-thread-1] INFO  server.RaftServerConfigKeys (ConfUtils.java:logGet(46)) - raft.server.log.preallocated.size = 4194304 (custom)
2022-08-10 20:40:57,575 [pool-291-thread-1] INFO  server.RaftServerConfigKeys (ConfUtils.java:logGet(46)) - raft.server.log.force.sync.num = 128 (default)
2022-08-10 20:40:57,575 [pool-291-thread-1] INFO  server.RaftServerConfigKeys (ConfUtils.java:logGet(46)) - raft.server.log.statemachine.data.sync = true (default)
2022-08-10 20:40:57,575 [pool-291-thread-1] INFO  server.RaftServerConfigKeys (ConfUtils.java:logGet(46)) - raft.server.log.statemachine.data.sync.timeout = 10s (default)
2022-08-10 20:40:57,575 [pool-291-thread-1] INFO  server.RaftServerConfigKeys (ConfUtils.java:logGet(46)) - raft.server.log.statemachine.data.sync.timeout.retry = -1 (default)
2022-08-10 20:40:57,575 [pool-291-thread-1] INFO  server.RaftServerConfigKeys (ConfUtils.java:logGet(46)) - raft.server.log.write.buffer.size = 64KB (=65536) (default)
2022-08-10 20:40:57,575 [pool-291-thread-1] INFO  server.RaftServerConfigKeys (ConfUtils.java:logGet(46)) - raft.server.log.unsafe-flush.enabled = false (default)
2022-08-10 20:40:57,575 [pool-291-thread-1] INFO  server.RaftServerConfigKeys (ConfUtils.java:logGet(46)) - raft.server.log.statemachine.data.caching.enabled = false (default)
2022-08-10 20:40:57,576 [pool-291-thread-1] INFO  segmented.SegmentedRaftLogWorker (SegmentedRaftLogWorker.java:lambda$new$0(135)) - omNode-2@group-523986131536-SegmentedRaftLogWorker: flushIndex: setUnconditionally 0 -> 23
2022-08-10 20:40:57,576 [pool-291-thread-1] INFO  segmented.SegmentedRaftLogWorker (SegmentedRaftLogWorker.java:lambda$new$0(135)) - omNode-2@group-523986131536-SegmentedRaftLogWorker: safeCacheEvictIndex: setUnconditionally 0 -> -1
2022-08-10 20:40:57,576 [pool-291-thread-1] INFO  server.RaftServerConfigKeys (ConfUtils.java:logGet(46)) - raft.server.snapshot.auto.trigger.enabled = true (custom)
2022-08-10 20:40:57,576 [pool-291-thread-1] INFO  server.RaftServerConfigKeys (ConfUtils.java:logGet(46)) - raft.server.snapshot.auto.trigger.threshold = 50 (custom)
2022-08-10 20:40:57,576 [pool-291-thread-1] INFO  server.RaftServerConfigKeys (ConfUtils.java:logGet(46)) - raft.server.snapshot.retention.file.num = -1 (default)
2022-08-10 20:40:57,576 [pool-291-thread-1] INFO  server.RaftServerConfigKeys (ConfUtils.java:logGet(46)) - raft.server.log.purge.upto.snapshot.index = true (custom)
2022-08-10 20:40:57,576 [pool-291-thread-1] INFO  server.RaftServerConfigKeys (ConfUtils.java:logGet(46)) - raft.server.retrycache.expirytime = 30000ms (custom)
2022-08-10 20:40:57,576 [pool-291-thread-1] INFO  server.RaftServerConfigKeys (ConfUtils.java:logGet(46)) - raft.server.retrycache.statistics.expirytime = 100μs (default)
2022-08-10 20:40:57,577 [pool-291-thread-1] INFO  server.RaftServerConfigKeys (ConfUtils.java:logGet(46)) - raft.server.log.appender.install.snapshot.enabled = false (custom)
2022-08-10 20:40:57,577 [pool-291-thread-1] INFO  server.RaftServerConfigKeys (ConfUtils.java:logGet(46)) - raft.server.threadpool.server.cached = true (default)
2022-08-10 20:40:57,577 [pool-291-thread-1] INFO  server.RaftServerConfigKeys (ConfUtils.java:logGet(46)) - raft.server.threadpool.server.size = 0 (default)
2022-08-10 20:40:57,577 [pool-291-thread-1] INFO  server.RaftServerConfigKeys (ConfUtils.java:logGet(46)) - raft.server.threadpool.client.cached = true (default)
2022-08-10 20:40:57,577 [pool-291-thread-1] INFO  server.RaftServerConfigKeys (ConfUtils.java:logGet(46)) - raft.server.threadpool.client.size = 0 (default)
2022-08-10 20:40:57,578 [omNode-2-impl-thread1] INFO  server.RaftServer$Division (RaftServerImpl.java:start(310)) - omNode-2@group-523986131536: start as a follower, conf=0: [omNode-3|rpc:localhost:39235|admin:|client:|dataStream:|priority:0, omNode-1|rpc:localhost:38271|admin:|client:|dataStream:|priority:0, omNode-2|rpc:localhost:35563|admin:|client:|dataStream:|priority:0], old=null
2022-08-10 20:40:57,578 [omNode-2-impl-thread1] INFO  server.RaftServer$Division (RaftServerImpl.java:setRole(299)) - omNode-2@group-523986131536: changes role from      null to FOLLOWER at term 1 for startAsFollower
2022-08-10 20:40:57,578 [omNode-2-impl-thread1] INFO  impl.RoleInfo (RoleInfo.java:updateAndGet(139)) - omNode-2: start omNode-2@group-523986131536-FollowerState
2022-08-10 20:40:57,578 [omNode-2-impl-thread1] INFO  util.JmxRegister (JmxRegister.java:tryRegister(44)) - Successfully registered JMX Bean with object name Ratis:service=RaftServer,group=group-523986131536,id=omNode-2
2022-08-10 20:40:57,580 [Listener at localhost/37787] INFO  server.RaftServer (RaftServerProxy.java:lambda$start$6(382)) - omNode-2: start RPC server
2022-08-10 20:40:57,582 [Listener at localhost/37787] INFO  server.GrpcService (GrpcService.java:startImpl(260)) - omNode-2: GrpcService started, listening on 35563
2022-08-10 20:40:57,582 [Listener at localhost/37787] INFO  om.OzoneManager (OzoneManager.java:getRpcServer(1086)) - Creating RPC Server
2022-08-10 20:40:57,582 [org.apache.ratis.util.JvmPauseMonitor$$Lambda$703/1412835141@68ab9426] INFO  util.JvmPauseMonitor (JvmPauseMonitor.java:run(103)) - JvmPauseMonitor-omNode-2: Started
2022-08-10 20:40:57,822 [Finalizer] WARN  managed.ManagedRocksObjectUtils (ManagedRocksObjectUtils.java:assertClosed(39)) - ManagedColumnFamilyOptions is not closed properly
2022-08-10 20:40:57,822 [Finalizer] WARN  managed.ManagedRocksObjectUtils (ManagedRocksObjectUtils.java:assertClosed(39)) - ManagedColumnFamilyOptions is not closed properly
2022-08-10 20:40:57,822 [Finalizer] WARN  managed.ManagedRocksObjectUtils (ManagedRocksObjectUtils.java:assertClosed(39)) - ManagedColumnFamilyOptions is not closed properly
2022-08-10 20:40:57,822 [Finalizer] WARN  managed.ManagedRocksObjectUtils (ManagedRocksObjectUtils.java:assertClosed(39)) - ManagedColumnFamilyOptions is not closed properly
2022-08-10 20:40:57,822 [Finalizer] WARN  managed.ManagedRocksObjectUtils (ManagedRocksObjectUtils.java:assertClosed(39)) - ManagedColumnFamilyOptions is not closed properly
2022-08-10 20:40:57,823 [Finalizer] WARN  managed.ManagedRocksObjectUtils (ManagedRocksObjectUtils.java:assertClosed(39)) - ManagedColumnFamilyOptions is not closed properly
2022-08-10 20:40:57,823 [Finalizer] WARN  managed.ManagedRocksObjectUtils (ManagedRocksObjectUtils.java:assertClosed(39)) - ManagedColumnFamilyOptions is not closed properly
2022-08-10 20:40:57,823 [Finalizer] WARN  managed.ManagedRocksObjectUtils (ManagedRocksObjectUtils.java:assertClosed(39)) - ManagedColumnFamilyOptions is not closed properly
2022-08-10 20:40:57,823 [Finalizer] WARN  managed.ManagedRocksObjectUtils (ManagedRocksObjectUtils.java:assertClosed(39)) - ManagedColumnFamilyOptions is not closed properly
2022-08-10 20:40:57,823 [Finalizer] WARN  managed.ManagedRocksObjectUtils (ManagedRocksObjectUtils.java:assertClosed(39)) - ManagedColumnFamilyOptions is not closed properly
2022-08-10 20:40:57,823 [Finalizer] WARN  managed.ManagedRocksObjectUtils (ManagedRocksObjectUtils.java:assertClosed(39)) - ManagedColumnFamilyOptions is not closed properly
2022-08-10 20:40:57,823 [Finalizer] WARN  managed.ManagedRocksObjectUtils (ManagedRocksObjectUtils.java:assertClosed(39)) - ManagedColumnFamilyOptions is not closed properly
2022-08-10 20:40:57,823 [Finalizer] WARN  managed.ManagedRocksObjectUtils (ManagedRocksObjectUtils.java:assertClosed(39)) - ManagedColumnFamilyOptions is not closed properly
2022-08-10 20:40:57,823 [Finalizer] WARN  managed.ManagedRocksObjectUtils (ManagedRocksObjectUtils.java:assertClosed(39)) - ManagedColumnFamilyOptions is not closed properly
2022-08-10 20:40:57,823 [Finalizer] WARN  managed.ManagedRocksObjectUtils (ManagedRocksObjectUtils.java:assertClosed(39)) - ManagedColumnFamilyOptions is not closed properly
2022-08-10 20:40:57,823 [Finalizer] WARN  managed.ManagedRocksObjectUtils (ManagedRocksObjectUtils.java:assertClosed(39)) - ManagedColumnFamilyOptions is not closed properly
2022-08-10 20:40:57,823 [Finalizer] WARN  managed.ManagedRocksObjectUtils (ManagedRocksObjectUtils.java:assertClosed(39)) - ManagedColumnFamilyOptions is not closed properly
2022-08-10 20:40:57,823 [Finalizer] WARN  managed.ManagedRocksObjectUtils (ManagedRocksObjectUtils.java:assertClosed(39)) - ManagedColumnFamilyOptions is not closed properly
2022-08-10 20:40:57,823 [Finalizer] WARN  managed.ManagedRocksObjectUtils (ManagedRocksObjectUtils.java:assertClosed(39)) - ManagedColumnFamilyOptions is not closed properly
2022-08-10 20:40:57,823 [Finalizer] WARN  managed.ManagedRocksObjectUtils (ManagedRocksObjectUtils.java:assertClosed(39)) - ManagedColumnFamilyOptions is not closed properly
2022-08-10 20:40:57,823 [Finalizer] WARN  managed.ManagedRocksObjectUtils (ManagedRocksObjectUtils.java:assertClosed(39)) - ManagedColumnFamilyOptions is not closed properly
2022-08-10 20:40:57,823 [Finalizer] WARN  managed.ManagedRocksObjectUtils (ManagedRocksObjectUtils.java:assertClosed(39)) - ManagedColumnFamilyOptions is not closed properly
2022-08-10 20:40:57,823 [Finalizer] WARN  managed.ManagedRocksObjectUtils (ManagedRocksObjectUtils.java:assertClosed(39)) - ManagedLRUCache is not closed properly
2022-08-10 20:40:57,823 [Finalizer] WARN  managed.ManagedRocksObjectUtils (ManagedRocksObjectUtils.java:assertClosed(39)) - ManagedBloomFilter is not closed properly
2022-08-10 20:40:57,823 [Finalizer] WARN  managed.ManagedRocksObjectUtils (ManagedRocksObjectUtils.java:assertClosed(39)) - ManagedColumnFamilyOptions is not closed properly
2022-08-10 20:40:57,823 [Finalizer] WARN  managed.ManagedRocksObjectUtils (ManagedRocksObjectUtils.java:assertClosed(39)) - ManagedLRUCache is not closed properly
2022-08-10 20:40:57,823 [Finalizer] WARN  managed.ManagedRocksObjectUtils (ManagedRocksObjectUtils.java:assertClosed(39)) - ManagedBloomFilter is not closed properly
2022-08-10 20:40:57,823 [Finalizer] WARN  managed.ManagedRocksObjectUtils (ManagedRocksObjectUtils.java:assertClosed(39)) - ManagedColumnFamilyOptions is not closed properly
2022-08-10 20:40:57,823 [Finalizer] WARN  managed.ManagedRocksObjectUtils (ManagedRocksObjectUtils.java:assertClosed(39)) - ManagedLRUCache is not closed properly
2022-08-10 20:40:57,823 [Finalizer] WARN  managed.ManagedRocksObjectUtils (ManagedRocksObjectUtils.java:assertClosed(39)) - ManagedBloomFilter is not closed properly
2022-08-10 20:40:57,823 [Finalizer] WARN  managed.ManagedRocksObjectUtils (ManagedRocksObjectUtils.java:assertClosed(39)) - ManagedColumnFamilyOptions is not closed properly
2022-08-10 20:40:57,823 [Finalizer] WARN  managed.ManagedRocksObjectUtils (ManagedRocksObjectUtils.java:assertClosed(39)) - ManagedLRUCache is not closed properly
2022-08-10 20:40:57,823 [Finalizer] WARN  managed.ManagedRocksObjectUtils (ManagedRocksObjectUtils.java:assertClosed(39)) - ManagedBloomFilter is not closed properly
2022-08-10 20:40:57,824 [Finalizer] WARN  managed.ManagedRocksObjectUtils (ManagedRocksObjectUtils.java:assertClosed(39)) - ManagedColumnFamilyOptions is not closed properly
2022-08-10 20:40:57,824 [Finalizer] WARN  managed.ManagedRocksObjectUtils (ManagedRocksObjectUtils.java:assertClosed(39)) - ManagedLRUCache is not closed properly
2022-08-10 20:40:57,824 [Finalizer] WARN  managed.ManagedRocksObjectUtils (ManagedRocksObjectUtils.java:assertClosed(39)) - ManagedBloomFilter is not closed properly
2022-08-10 20:40:57,824 [Finalizer] WARN  managed.ManagedRocksObjectUtils (ManagedRocksObjectUtils.java:assertClosed(39)) - ManagedColumnFamilyOptions is not closed properly
2022-08-10 20:40:57,824 [Finalizer] WARN  managed.ManagedRocksObjectUtils (ManagedRocksObjectUtils.java:assertClosed(39)) - ManagedLRUCache is not closed properly
2022-08-10 20:40:57,824 [Finalizer] WARN  managed.ManagedRocksObjectUtils (ManagedRocksObjectUtils.java:assertClosed(39)) - ManagedBloomFilter is not closed properly
2022-08-10 20:40:57,824 [Finalizer] WARN  managed.ManagedRocksObjectUtils (ManagedRocksObjectUtils.java:assertClosed(39)) - ManagedColumnFamilyOptions is not closed properly
2022-08-10 20:40:57,824 [Finalizer] WARN  managed.ManagedRocksObjectUtils (ManagedRocksObjectUtils.java:assertClosed(39)) - ManagedLRUCache is not closed properly
2022-08-10 20:40:57,824 [Finalizer] WARN  managed.ManagedRocksObjectUtils (ManagedRocksObjectUtils.java:assertClosed(39)) - ManagedBloomFilter is not closed properly
2022-08-10 20:40:57,824 [Finalizer] WARN  managed.ManagedRocksObjectUtils (ManagedRocksObjectUtils.java:assertClosed(39)) - ManagedColumnFamilyOptions is not closed properly
2022-08-10 20:40:57,824 [Finalizer] WARN  managed.ManagedRocksObjectUtils (ManagedRocksObjectUtils.java:assertClosed(39)) - ManagedLRUCache is not closed properly
2022-08-10 20:40:57,824 [Finalizer] WARN  managed.ManagedRocksObjectUtils (ManagedRocksObjectUtils.java:assertClosed(39)) - ManagedBloomFilter is not closed properly
2022-08-10 20:40:57,824 [Finalizer] WARN  managed.ManagedRocksObjectUtils (ManagedRocksObjectUtils.java:assertClosed(39)) - ManagedColumnFamilyOptions is not closed properly
2022-08-10 20:40:57,824 [Finalizer] WARN  managed.ManagedRocksObjectUtils (ManagedRocksObjectUtils.java:assertClosed(39)) - ManagedLRUCache is not closed properly
2022-08-10 20:40:57,824 [Finalizer] WARN  managed.ManagedRocksObjectUtils (ManagedRocksObjectUtils.java:assertClosed(39)) - ManagedBloomFilter is not closed properly
2022-08-10 20:40:57,824 [Finalizer] WARN  managed.ManagedRocksObjectUtils (ManagedRocksObjectUtils.java:assertClosed(39)) - ManagedColumnFamilyOptions is not closed properly
2022-08-10 20:40:57,824 [Finalizer] WARN  managed.ManagedRocksObjectUtils (ManagedRocksObjectUtils.java:assertClosed(39)) - ManagedLRUCache is not closed properly
2022-08-10 20:40:57,824 [Finalizer] WARN  managed.ManagedRocksObjectUtils (ManagedRocksObjectUtils.java:assertClosed(39)) - ManagedBloomFilter is not closed properly
2022-08-10 20:40:57,824 [Finalizer] WARN  managed.ManagedRocksObjectUtils (ManagedRocksObjectUtils.java:assertClosed(39)) - ManagedColumnFamilyOptions is not closed properly
2022-08-10 20:40:57,824 [Finalizer] WARN  managed.ManagedRocksObjectUtils (ManagedRocksObjectUtils.java:assertClosed(39)) - ManagedLRUCache is not closed properly
2022-08-10 20:40:57,824 [Finalizer] WARN  managed.ManagedRocksObjectUtils (ManagedRocksObjectUtils.java:assertClosed(39)) - ManagedBloomFilter is not closed properly
2022-08-10 20:40:57,824 [Finalizer] WARN  managed.ManagedRocksObjectUtils (ManagedRocksObjectUtils.java:assertClosed(39)) - ManagedColumnFamilyOptions is not closed properly
2022-08-10 20:40:57,824 [Finalizer] WARN  managed.ManagedRocksObjectUtils (ManagedRocksObjectUtils.java:assertClosed(39)) - ManagedLRUCache is not closed properly
2022-08-10 20:40:57,824 [Finalizer] WARN  managed.ManagedRocksObjectUtils (ManagedRocksObjectUtils.java:assertClosed(39)) - ManagedBloomFilter is not closed properly
2022-08-10 20:40:57,824 [Finalizer] WARN  managed.ManagedRocksObjectUtils (ManagedRocksObjectUtils.java:assertClosed(39)) - ManagedColumnFamilyOptions is not closed properly
2022-08-10 20:40:57,824 [Finalizer] WARN  managed.ManagedRocksObjectUtils (ManagedRocksObjectUtils.java:assertClosed(39)) - ManagedLRUCache is not closed properly
2022-08-10 20:40:57,824 [Finalizer] WARN  managed.ManagedRocksObjectUtils (ManagedRocksObjectUtils.java:assertClosed(39)) - ManagedBloomFilter is not closed properly
2022-08-10 20:40:57,824 [Finalizer] WARN  managed.ManagedRocksObjectUtils (ManagedRocksObjectUtils.java:assertClosed(39)) - ManagedColumnFamilyOptions is not closed properly
2022-08-10 20:40:57,824 [Finalizer] WARN  managed.ManagedRocksObjectUtils (ManagedRocksObjectUtils.java:assertClosed(39)) - ManagedLRUCache is not closed properly
2022-08-10 20:40:57,824 [Finalizer] WARN  managed.ManagedRocksObjectUtils (ManagedRocksObjectUtils.java:assertClosed(39)) - ManagedBloomFilter is not closed properly
2022-08-10 20:40:57,824 [Finalizer] WARN  managed.ManagedRocksObjectUtils (ManagedRocksObjectUtils.java:assertClosed(39)) - ManagedColumnFamilyOptions is not closed properly
2022-08-10 20:40:57,824 [Finalizer] WARN  managed.ManagedRocksObjectUtils (ManagedRocksObjectUtils.java:assertClosed(39)) - ManagedLRUCache is not closed properly
2022-08-10 20:40:57,825 [Finalizer] WARN  managed.ManagedRocksObjectUtils (ManagedRocksObjectUtils.java:assertClosed(39)) - ManagedBloomFilter is not closed properly
2022-08-10 20:40:57,825 [Finalizer] WARN  managed.ManagedRocksObjectUtils (ManagedRocksObjectUtils.java:assertClosed(39)) - ManagedColumnFamilyOptions is not closed properly
2022-08-10 20:40:57,825 [Finalizer] WARN  managed.ManagedRocksObjectUtils (ManagedRocksObjectUtils.java:assertClosed(39)) - ManagedLRUCache is not closed properly
2022-08-10 20:40:57,825 [Finalizer] WARN  managed.ManagedRocksObjectUtils (ManagedRocksObjectUtils.java:assertClosed(39)) - ManagedBloomFilter is not closed properly
2022-08-10 20:40:57,825 [Finalizer] WARN  managed.ManagedRocksObjectUtils (ManagedRocksObjectUtils.java:assertClosed(39)) - ManagedColumnFamilyOptions is not closed properly
2022-08-10 20:40:57,825 [Finalizer] WARN  managed.ManagedRocksObjectUtils (ManagedRocksObjectUtils.java:assertClosed(39)) - ManagedLRUCache is not closed properly
2022-08-10 20:40:57,825 [Finalizer] WARN  managed.ManagedRocksObjectUtils (ManagedRocksObjectUtils.java:assertClosed(39)) - ManagedBloomFilter is not closed properly
2022-08-10 20:40:57,825 [Finalizer] WARN  managed.ManagedRocksObjectUtils (ManagedRocksObjectUtils.java:assertClosed(39)) - ManagedColumnFamilyOptions is not closed properly
2022-08-10 20:40:57,825 [Finalizer] WARN  managed.ManagedRocksObjectUtils (ManagedRocksObjectUtils.java:assertClosed(39)) - ManagedLRUCache is not closed properly
2022-08-10 20:40:57,825 [Finalizer] WARN  managed.ManagedRocksObjectUtils (ManagedRocksObjectUtils.java:assertClosed(39)) - ManagedBloomFilter is not closed properly
2022-08-10 20:40:57,825 [Finalizer] WARN  managed.ManagedRocksObjectUtils (ManagedRocksObjectUtils.java:assertClosed(39)) - ManagedColumnFamilyOptions is not closed properly
2022-08-10 20:40:57,825 [Finalizer] WARN  managed.ManagedRocksObjectUtils (ManagedRocksObjectUtils.java:assertClosed(39)) - ManagedLRUCache is not closed properly
2022-08-10 20:40:57,825 [Finalizer] WARN  managed.ManagedRocksObjectUtils (ManagedRocksObjectUtils.java:assertClosed(39)) - ManagedBloomFilter is not closed properly
2022-08-10 20:40:57,825 [Finalizer] WARN  managed.ManagedRocksObjectUtils (ManagedRocksObjectUtils.java:assertClosed(39)) - ManagedColumnFamilyOptions is not closed properly
2022-08-10 20:40:57,825 [Finalizer] WARN  managed.ManagedRocksObjectUtils (ManagedRocksObjectUtils.java:assertClosed(39)) - ManagedLRUCache is not closed properly
2022-08-10 20:40:57,826 [Finalizer] WARN  managed.ManagedRocksObjectUtils (ManagedRocksObjectUtils.java:assertClosed(39)) - ManagedBloomFilter is not closed properly
2022-08-10 20:40:57,937 [Listener at localhost/37787] INFO  reflections.Reflections (Reflections.java:scan(232)) - Reflections took 354 ms to scan 19 urls, producing 67 keys and 4152 values [using 2 cores]
2022-08-10 20:40:57,939 [Listener at localhost/37787] INFO  ipc.CallQueueManager (CallQueueManager.java:<init>(90)) - Using callQueue: class java.util.concurrent.LinkedBlockingQueue, queueCapacity: 2000, scheduler: class org.apache.hadoop.ipc.DefaultRpcScheduler, ipcBackoff: false.
2022-08-10 20:40:57,940 [Socket Reader #1 for port 36141] INFO  ipc.Server (Server.java:run(1265)) - Starting Socket Reader #1 for port 36141
2022-08-10 20:40:57,943 [Listener at localhost/36141] INFO  http.BaseHttpServer (BaseHttpServer.java:newHttpServer2BuilderForOzone(209)) - Starting Web-server for ozoneManager at: http://0.0.0.0:34965
2022-08-10 20:40:57,943 [Listener at localhost/36141] INFO  http.BaseHttpServer (BaseHttpServer.java:<init>(107)) - Hadoop Security Enabled: false Ozone Security Enabled: false Ozone HTTP Security Enabled: false 
2022-08-10 20:40:57,945 [Listener at localhost/36141] INFO  server.AuthenticationFilter (AuthenticationFilter.java:constructSecretProvider(240)) - Unable to initialize FileSignerSecretProvider, falling back to use random secrets.
2022-08-10 20:40:57,945 [Listener at localhost/36141] WARN  http.HttpRequestLog (HttpRequestLog.java:getRequestLog(103)) - Jetty request log can only be enabled using Log4j
2022-08-10 20:40:57,947 [Listener at localhost/36141] INFO  http.HttpServer2 (HttpServer2.java:addGlobalFilter(1029)) - Added global filter 'safety' (class=org.apache.hadoop.hdds.server.http.HttpServer2$QuotingInputFilter)
2022-08-10 20:40:57,948 [Listener at localhost/36141] INFO  http.HttpServer2 (HttpServer2.java:addFilter(1005)) - Added filter static_user_filter (class=org.apache.hadoop.http.lib.StaticUserWebFilter$StaticUserFilter) to context ozoneManager
2022-08-10 20:40:57,948 [Listener at localhost/36141] INFO  http.HttpServer2 (HttpServer2.java:addFilter(1013)) - Added filter static_user_filter (class=org.apache.hadoop.http.lib.StaticUserWebFilter$StaticUserFilter) to context logs
2022-08-10 20:40:57,948 [Listener at localhost/36141] INFO  http.HttpServer2 (HttpServer2.java:addFilter(1013)) - Added filter static_user_filter (class=org.apache.hadoop.http.lib.StaticUserWebFilter$StaticUserFilter) to context static
2022-08-10 20:40:57,949 [Listener at localhost/36141] INFO  http.HttpServer2 (HttpServer2.java:bindListener(1248)) - Jetty bound to port 34965
2022-08-10 20:40:57,949 [Listener at localhost/36141] INFO  server.Server (Server.java:doStart(375)) - jetty-9.4.43.v20210629; built: 2021-06-30T11:07:22.254Z; git: 526006ecfa3af7f1a27ef3a288e2bef7ea9dd7e8; jvm 1.8.0_332-b09
2022-08-10 20:40:57,951 [Listener at localhost/36141] INFO  server.session (DefaultSessionIdManager.java:doStart(334)) - DefaultSessionIdManager workerName=node0
2022-08-10 20:40:57,951 [Listener at localhost/36141] INFO  server.session (DefaultSessionIdManager.java:doStart(339)) - No SessionScavenger set, using defaults
2022-08-10 20:40:57,951 [Listener at localhost/36141] INFO  server.session (HouseKeeper.java:startScavenging(132)) - node0 Scavenging every 600000ms
2022-08-10 20:40:57,952 [Listener at localhost/36141] INFO  handler.ContextHandler (ContextHandler.java:doStart(915)) - Started o.e.j.s.ServletContextHandler@8cacdeb{logs,/logs,file:///home/runner/work/ozone/ozone/hadoop-ozone/integration-test/target/log,AVAILABLE}
2022-08-10 20:40:57,952 [Listener at localhost/36141] INFO  handler.ContextHandler (ContextHandler.java:doStart(915)) - Started o.e.j.s.ServletContextHandler@49425914{static,/static,file:///home/runner/work/ozone/ozone/hadoop-ozone/integration-test/target/test-classes/webapps/static,AVAILABLE}
2022-08-10 20:40:57,956 [Listener at localhost/36141] INFO  handler.ContextHandler (ContextHandler.java:doStart(915)) - Started o.e.j.w.WebAppContext@3bcfb8a4{ozoneManager,/,file:///home/runner/work/ozone/ozone/hadoop-ozone/integration-test/target/test-classes/webapps/ozoneManager/,AVAILABLE}{file:/home/runner/work/ozone/ozone/hadoop-ozone/integration-test/target/test-classes/webapps/ozoneManager}
2022-08-10 20:40:57,958 [Listener at localhost/36141] INFO  server.AbstractConnector (AbstractConnector.java:doStart(331)) - Started ServerConnector@44f9e70f{HTTP/1.1, (http/1.1)}{0.0.0.0:34965}
2022-08-10 20:40:57,958 [Listener at localhost/36141] INFO  server.Server (Server.java:doStart(415)) - Started @158021ms
2022-08-10 20:40:57,958 [Listener at localhost/36141] WARN  impl.MetricsSystemImpl (MetricsSystemImpl.java:register(279)) - Sink prometheus already exists!
2022-08-10 20:40:57,959 [Listener at localhost/36141] INFO  http.BaseHttpServer (BaseHttpServer.java:updateConnectorAddress(329)) - HTTP server of ozoneManager listening at http://0.0.0.0:34965
2022-08-10 20:40:57,959 [IPC Server Responder] INFO  ipc.Server (Server.java:run(1507)) - IPC Server Responder: starting
2022-08-10 20:40:57,964 [IPC Server listener on 36141] INFO  ipc.Server (Server.java:run(1344)) - IPC Server listener on 36141: starting
2022-08-10 20:40:57,973 [Listener at localhost/36141] INFO  om.OzoneManager (OzoneManager.java:startTrashEmptier(1907)) - Trash Interval set to 0. Files deleted won't move to trash
2022-08-10 20:40:57,973 [org.apache.hadoop.util.JvmPauseMonitor$Monitor@4c0a508e] INFO  util.JvmPauseMonitor (JvmPauseMonitor.java:run(188)) - Starting JVM pause monitor
]]></system-out>
    </flakyError>
  </testcase>
  <testcase name="testCancelPrepare" classname="org.apache.hadoop.ozone.om.TestOzoneManagerPrepare" time="122.983">
    <error type="java.util.concurrent.TimeoutException"><![CDATA[java.util.concurrent.TimeoutException: timeout: after 120000 millis
	at org.apache.ozone.test.LambdaTestUtils$GenerateTimeout.evaluate(LambdaTestUtils.java:677)
	at org.apache.ozone.test.LambdaTestUtils.await(LambdaTestUtils.java:154)
	at org.apache.ozone.test.LambdaTestUtils.await(LambdaTestUtils.java:192)
	at org.apache.hadoop.ozone.om.TestOzoneManagerPrepare.assertClusterNotPrepared(TestOzoneManagerPrepare.java:494)
	at org.apache.hadoop.ozone.om.TestOzoneManagerPrepare.assertClusterNotPrepared(TestOzoneManagerPrepare.java:488)
	at org.apache.hadoop.ozone.om.TestOzoneManagerPrepare.initOM(TestOzoneManagerPrepare.java:99)
	at sun.reflect.NativeMethodAccessorImpl.invoke0(Native Method)
	at sun.reflect.NativeMethodAccessorImpl.invoke(NativeMethodAccessorImpl.java:62)
	at sun.reflect.DelegatingMethodAccessorImpl.invoke(DelegatingMethodAccessorImpl.java:43)
	at java.lang.reflect.Method.invoke(Method.java:498)
	at org.junit.platform.commons.util.ReflectionUtils.invokeMethod(ReflectionUtils.java:725)
	at org.junit.jupiter.engine.execution.MethodInvocation.proceed(MethodInvocation.java:60)
	at org.junit.jupiter.engine.execution.InvocationInterceptorChain$ValidatingInvocation.proceed(InvocationInterceptorChain.java:131)
	at org.junit.jupiter.engine.extension.TimeoutExtension.intercept(TimeoutExtension.java:149)
	at org.junit.jupiter.engine.extension.TimeoutExtension.interceptLifecycleMethod(TimeoutExtension.java:126)
	at org.junit.jupiter.engine.extension.TimeoutExtension.interceptBeforeEachMethod(TimeoutExtension.java:76)
	at org.junit.jupiter.engine.execution.ExecutableInvoker$ReflectiveInterceptorCall.lambda$ofVoidMethod$0(ExecutableInvoker.java:115)
	at org.junit.jupiter.engine.execution.ExecutableInvoker.lambda$invoke$0(ExecutableInvoker.java:105)
	at org.junit.jupiter.engine.execution.InvocationInterceptorChain$InterceptedInvocation.proceed(InvocationInterceptorChain.java:106)
	at org.junit.jupiter.engine.execution.InvocationInterceptorChain.proceed(InvocationInterceptorChain.java:64)
	at org.junit.jupiter.engine.execution.InvocationInterceptorChain.chainAndInvoke(InvocationInterceptorChain.java:45)
	at org.junit.jupiter.engine.execution.InvocationInterceptorChain.invoke(InvocationInterceptorChain.java:37)
	at org.junit.jupiter.engine.execution.ExecutableInvoker.invoke(ExecutableInvoker.java:104)
	at org.junit.jupiter.engine.execution.ExecutableInvoker.invoke(ExecutableInvoker.java:98)
	at org.junit.jupiter.engine.descriptor.ClassBasedTestDescriptor.invokeMethodInExtensionContext(ClassBasedTestDescriptor.java:506)
	at org.junit.jupiter.engine.descriptor.ClassBasedTestDescriptor.lambda$synthesizeBeforeEachMethodAdapter$21(ClassBasedTestDescriptor.java:491)
	at org.junit.jupiter.engine.descriptor.TestMethodTestDescriptor.lambda$invokeBeforeEachMethods$3(TestMethodTestDescriptor.java:171)
	at org.junit.jupiter.engine.descriptor.TestMethodTestDescriptor.lambda$invokeBeforeMethodsOrCallbacksUntilExceptionOccurs$6(TestMethodTestDescriptor.java:199)
	at org.junit.platform.engine.support.hierarchical.ThrowableCollector.execute(ThrowableCollector.java:73)
	at org.junit.jupiter.engine.descriptor.TestMethodTestDescriptor.invokeBeforeMethodsOrCallbacksUntilExceptionOccurs(TestMethodTestDescriptor.java:199)
	at org.junit.jupiter.engine.descriptor.TestMethodTestDescriptor.invokeBeforeEachMethods(TestMethodTestDescriptor.java:168)
	at org.junit.jupiter.engine.descriptor.TestMethodTestDescriptor.execute(TestMethodTestDescriptor.java:131)
	at org.junit.jupiter.engine.descriptor.TestMethodTestDescriptor.execute(TestMethodTestDescriptor.java:66)
	at org.junit.platform.engine.support.hierarchical.NodeTestTask.lambda$executeRecursively$6(NodeTestTask.java:151)
	at org.junit.platform.engine.support.hierarchical.ThrowableCollector.execute(ThrowableCollector.java:73)
	at org.junit.platform.engine.support.hierarchical.NodeTestTask.lambda$executeRecursively$8(NodeTestTask.java:141)
	at org.junit.platform.engine.support.hierarchical.Node.around(Node.java:137)
	at org.junit.platform.engine.support.hierarchical.NodeTestTask.lambda$executeRecursively$9(NodeTestTask.java:139)
	at org.junit.platform.engine.support.hierarchical.ThrowableCollector.execute(ThrowableCollector.java:73)
	at org.junit.platform.engine.support.hierarchical.NodeTestTask.executeRecursively(NodeTestTask.java:138)
	at org.junit.platform.engine.support.hierarchical.NodeTestTask.execute(NodeTestTask.java:95)
	at java.util.ArrayList.forEach(ArrayList.java:1259)
	at org.junit.platform.engine.support.hierarchical.SameThreadHierarchicalTestExecutorService.invokeAll(SameThreadHierarchicalTestExecutorService.java:41)
	at org.junit.platform.engine.support.hierarchical.NodeTestTask.lambda$executeRecursively$6(NodeTestTask.java:155)
	at org.junit.platform.engine.support.hierarchical.ThrowableCollector.execute(ThrowableCollector.java:73)
	at org.junit.platform.engine.support.hierarchical.NodeTestTask.lambda$executeRecursively$8(NodeTestTask.java:141)
	at org.junit.platform.engine.support.hierarchical.Node.around(Node.java:137)
	at org.junit.platform.engine.support.hierarchical.NodeTestTask.lambda$executeRecursively$9(NodeTestTask.java:139)
	at org.junit.platform.engine.support.hierarchical.ThrowableCollector.execute(ThrowableCollector.java:73)
	at org.junit.platform.engine.support.hierarchical.NodeTestTask.executeRecursively(NodeTestTask.java:138)
	at org.junit.platform.engine.support.hierarchical.NodeTestTask.execute(NodeTestTask.java:95)
	at java.util.ArrayList.forEach(ArrayList.java:1259)
	at org.junit.platform.engine.support.hierarchical.SameThreadHierarchicalTestExecutorService.invokeAll(SameThreadHierarchicalTestExecutorService.java:41)
	at org.junit.platform.engine.support.hierarchical.NodeTestTask.lambda$executeRecursively$6(NodeTestTask.java:155)
	at org.junit.platform.engine.support.hierarchical.ThrowableCollector.execute(ThrowableCollector.java:73)
	at org.junit.platform.engine.support.hierarchical.NodeTestTask.lambda$executeRecursively$8(NodeTestTask.java:141)
	at org.junit.platform.engine.support.hierarchical.Node.around(Node.java:137)
	at org.junit.platform.engine.support.hierarchical.NodeTestTask.lambda$executeRecursively$9(NodeTestTask.java:139)
	at org.junit.platform.engine.support.hierarchical.ThrowableCollector.execute(ThrowableCollector.java:73)
	at org.junit.platform.engine.support.hierarchical.NodeTestTask.executeRecursively(NodeTestTask.java:138)
	at org.junit.platform.engine.support.hierarchical.NodeTestTask.execute(NodeTestTask.java:95)
	at org.junit.platform.engine.support.hierarchical.SameThreadHierarchicalTestExecutorService.submit(SameThreadHierarchicalTestExecutorService.java:35)
	at org.junit.platform.engine.support.hierarchical.HierarchicalTestExecutor.execute(HierarchicalTestExecutor.java:57)
	at org.junit.platform.engine.support.hierarchical.HierarchicalTestEngine.execute(HierarchicalTestEngine.java:54)
	at org.junit.platform.launcher.core.EngineExecutionOrchestrator.execute(EngineExecutionOrchestrator.java:107)
	at org.junit.platform.launcher.core.EngineExecutionOrchestrator.execute(EngineExecutionOrchestrator.java:88)
	at org.junit.platform.launcher.core.EngineExecutionOrchestrator.lambda$execute$0(EngineExecutionOrchestrator.java:54)
	at org.junit.platform.launcher.core.EngineExecutionOrchestrator.withInterceptedStreams(EngineExecutionOrchestrator.java:67)
	at org.junit.platform.launcher.core.EngineExecutionOrchestrator.execute(EngineExecutionOrchestrator.java:52)
	at org.junit.platform.launcher.core.DefaultLauncher.execute(DefaultLauncher.java:114)
	at org.junit.platform.launcher.core.DefaultLauncher.execute(DefaultLauncher.java:86)
	at org.junit.platform.launcher.core.DefaultLauncherSession$DelegatingLauncher.execute(DefaultLauncherSession.java:86)
	at org.junit.platform.launcher.core.SessionPerRequestLauncher.execute(SessionPerRequestLauncher.java:53)
	at org.apache.maven.surefire.junitplatform.JUnitPlatformProvider.execute(JUnitPlatformProvider.java:188)
	at org.apache.maven.surefire.junitplatform.JUnitPlatformProvider.invokeAllTests(JUnitPlatformProvider.java:154)
	at org.apache.maven.surefire.junitplatform.JUnitPlatformProvider.invoke(JUnitPlatformProvider.java:124)
	at org.apache.maven.surefire.booter.ForkedBooter.runSuitesInProcess(ForkedBooter.java:428)
	at org.apache.maven.surefire.booter.ForkedBooter.execute(ForkedBooter.java:162)
	at org.apache.maven.surefire.booter.ForkedBooter.run(ForkedBooter.java:562)
	at org.apache.maven.surefire.booter.ForkedBooter.main(ForkedBooter.java:548)
]]></error>
    <system-out><![CDATA[