<?xml version="1.0" encoding="UTF-8"?>
<testsuite xmlns:xsi="http://www.w3.org/2001/XMLSchema-instance" xsi:noNamespaceSchemaLocation="https://maven.apache.org/surefire/maven-surefire-plugin/xsd/surefire-test-report.xsd" name="org.apache.hadoop.ozone.client.rpc.Test2WayCommitInRatis" time="91.397" tests="1" errors="1" skipped="0" failures="0">
  <properties>
    <property name="awt.toolkit" value="sun.awt.X11.XToolkit"/>
    <property name="file.encoding.pkg" value="sun.io"/>
    <property name="java.specification.version" value="1.8"/>
    <property name="sun.cpu.isalist" value=""/>
    <property name="sun.jnu.encoding" value="ANSI_X3.4-1968"/>
    <property name="java.class.path" value="/github/workspace/mnt/ozone/hadoop-ozone/integration-test/target/test-classes:/github/workspace/mnt/ozone/hadoop-ozone/integration-test/target/classes:/home/user/.m2/repository/org/apache/hadoop/hadoop-ozone-common/0.6.0-SNAPSHOT/hadoop-ozone-common-0.6.0-SNAPSHOT.jar:/home/user/.m2/repository/org/apache/commons/commons-compress/1.4.1/commons-compress-1.4.1.jar:/home/user/.m2/repository/org/tukaani/xz/1.0/xz-1.0.jar:/home/user/.m2/repository/org/apache/hadoop/hadoop-hdds-common/0.6.0-SNAPSHOT/hadoop-hdds-common-0.6.0-SNAPSHOT.jar:/home/user/.m2/repository/info/picocli/picocli/3.9.6/picocli-3.9.6.jar:/home/user/.m2/repository/com/fasterxml/jackson/core/jackson-annotations/2.10.3/jackson-annotations-2.10.3.jar:/home/user/.m2/repository/javax/annotation/javax.annotation-api/1.2/javax.annotation-api-1.2.jar:/home/user/.m2/repository/org/apache/ratis/ratis-server/0.6.0-cac3336-SNAPSHOT/ratis-server-0.6.0-cac3336-SNAPSHOT.jar:/home/user/.m2/repository/org/apache/ratis/ratis-thirdparty-misc/0.4.0/ratis-thirdparty-misc-0.4.0.jar:/home/user/.m2/repository/org/apache/ratis/ratis-client/0.6.0-cac3336-SNAPSHOT/ratis-client-0.6.0-cac3336-SNAPSHOT.jar:/home/user/.m2/repository/org/apache/ratis/ratis-metrics/0.6.0-cac3336-SNAPSHOT/ratis-metrics-0.6.0-cac3336-SNAPSHOT.jar:/home/user/.m2/repository/org/apache/ratis/ratis-netty/0.6.0-cac3336-SNAPSHOT/ratis-netty-0.6.0-cac3336-SNAPSHOT.jar:/home/user/.m2/repository/org/apache/ratis/ratis-grpc/0.6.0-cac3336-SNAPSHOT/ratis-grpc-0.6.0-cac3336-SNAPSHOT.jar:/home/user/.m2/repository/org/apache/logging/log4j/log4j-api/2.11.0/log4j-api-2.11.0.jar:/home/user/.m2/repository/org/apache/logging/log4j/log4j-core/2.11.0/log4j-core-2.11.0.jar:/home/user/.m2/repository/com/lmax/disruptor/3.4.2/disruptor-3.4.2.jar:/home/user/.m2/repository/org/apache/commons/commons-pool2/2.6.0/commons-pool2-2.6.0.jar:/home/user/.m2/repository/org/bouncycastle/bcpkix-jdk15on/1.60/bcpkix-jdk15on-1.60.jar:/home/user/.m2/repository/commons-validator/commons-validator/1.6/commons-validator-1.6.jar:/home/user/.m2/repository/commons-digester/commons-digester/1.8.1/commons-digester-1.8.1.jar:/home/user/.m2/repository/io/jaegertracing/jaeger-client/1.2.0/jaeger-client-1.2.0.jar:/home/user/.m2/repository/io/jaegertracing/jaeger-thrift/1.2.0/jaeger-thrift-1.2.0.jar:/home/user/.m2/repository/org/apache/thrift/libthrift/0.13.0/libthrift-0.13.0.jar:/home/user/.m2/repository/com/squareup/okhttp3/okhttp/4.2.2/okhttp-4.2.2.jar:/home/user/.m2/repository/com/squareup/okio/okio/2.2.2/okio-2.2.2.jar:/home/user/.m2/repository/org/jetbrains/kotlin/kotlin-stdlib/1.3.50/kotlin-stdlib-1.3.50.jar:/home/user/.m2/repository/org/jetbrains/kotlin/kotlin-stdlib-common/1.3.50/kotlin-stdlib-common-1.3.50.jar:/home/user/.m2/repository/org/jetbrains/annotations/13.0/annotations-13.0.jar:/home/user/.m2/repository/io/jaegertracing/jaeger-core/1.2.0/jaeger-core-1.2.0.jar:/home/user/.m2/repository/io/jaegertracing/jaeger-tracerresolver/1.2.0/jaeger-tracerresolver-1.2.0.jar:/home/user/.m2/repository/io/opentracing/contrib/opentracing-tracerresolver/0.1.8/opentracing-tracerresolver-0.1.8.jar:/home/user/.m2/repository/io/opentracing/opentracing-util/0.33.0/opentracing-util-0.33.0.jar:/home/user/.m2/repository/io/opentracing/opentracing-api/0.33.0/opentracing-api-0.33.0.jar:/home/user/.m2/repository/io/opentracing/opentracing-noop/0.33.0/opentracing-noop-0.33.0.jar:/home/user/.m2/repository/org/apache/hadoop/hadoop-hdds-client/0.6.0-SNAPSHOT/hadoop-hdds-client-0.6.0-SNAPSHOT.jar:/home/user/.m2/repository/org/apache/hadoop/hadoop-hdds-test-utils/0.6.0-SNAPSHOT/hadoop-hdds-test-utils-0.6.0-SNAPSHOT.jar:/home/user/.m2/repository/com/google/guava/guava/28.2-jre/guava-28.2-jre.jar:/home/user/.m2/repository/com/google/guava/failureaccess/1.0.1/failureaccess-1.0.1.jar:/home/user/.m2/repository/com/google/guava/listenablefuture/9999.0-empty-to-avoid-conflict-with-guava/listenablefuture-9999.0-empty-to-avoid-conflict-with-guava.jar:/home/user/.m2/repository/com/google/code/findbugs/jsr305/3.0.0/jsr305-3.0.0.jar:/home/user/.m2/repository/org/checkerframework/checker-qual/2.10.0/checker-qual-2.10.0.jar:/home/user/.m2/repository/com/google/errorprone/error_prone_annotations/2.2.0/error_prone_annotations-2.2.0.jar:/home/user/.m2/repository/com/google/j2objc/j2objc-annotations/1.3/j2objc-annotations-1.3.jar:/home/user/.m2/repository/commons-io/commons-io/2.5/commons-io-2.5.jar:/home/user/.m2/repository/commons-logging/commons-logging/1.2/commons-logging-1.2.jar:/home/user/.m2/repository/log4j/log4j/1.2.17/log4j-1.2.17.jar:/home/user/.m2/repository/org/slf4j/slf4j-api/1.7.25/slf4j-api-1.7.25.jar:/home/user/.m2/repository/org/apache/hadoop/hadoop-hdds-server-scm/0.6.0-SNAPSHOT/hadoop-hdds-server-scm-0.6.0-SNAPSHOT.jar:/home/user/.m2/repository/org/apache/hadoop/hadoop-hdds-container-service/0.6.0-SNAPSHOT/hadoop-hdds-container-service-0.6.0-SNAPSHOT.jar:/home/user/.m2/repository/org/apache/hadoop/hadoop-hdds-hadoop-dependency-server/0.6.0-SNAPSHOT/hadoop-hdds-hadoop-dependency-server-0.6.0-SNAPSHOT.jar:/home/user/.m2/repository/org/apache/hadoop/hadoop-hdds-server-framework/0.6.0-SNAPSHOT/hadoop-hdds-server-framework-0.6.0-SNAPSHOT.jar:/home/user/.m2/repository/org/rocksdb/rocksdbjni/6.6.4/rocksdbjni-6.6.4.jar:/home/user/.m2/repository/io/prometheus/simpleclient_dropwizard/0.7.0/simpleclient_dropwizard-0.7.0.jar:/home/user/.m2/repository/io/prometheus/simpleclient/0.7.0/simpleclient-0.7.0.jar:/home/user/.m2/repository/io/prometheus/simpleclient_common/0.7.0/simpleclient_common-0.7.0.jar:/home/user/.m2/repository/com/fasterxml/jackson/datatype/jackson-datatype-jsr310/2.10.3/jackson-datatype-jsr310-2.10.3.jar:/home/user/.m2/repository/org/apache/hadoop/hadoop-hdds-docs/0.6.0-SNAPSHOT/hadoop-hdds-docs-0.6.0-SNAPSHOT.jar:/home/user/.m2/repository/io/dropwizard/metrics/metrics-core/3.2.4/metrics-core-3.2.4.jar:/home/user/.m2/repository/org/apache/hadoop/hadoop-hdfs-client/3.2.1/hadoop-hdfs-client-3.2.1.jar:/home/user/.m2/repository/org/bouncycastle/bcprov-jdk15on/1.60/bcprov-jdk15on-1.60.jar:/home/user/.m2/repository/org/apache/hadoop/hadoop-ozone-ozone-manager/0.6.0-SNAPSHOT/hadoop-ozone-ozone-manager-0.6.0-SNAPSHOT.jar:/home/user/.m2/repository/org/apache/hadoop/hadoop-minikdc/3.2.1/hadoop-minikdc-3.2.1.jar:/home/user/.m2/repository/org/apache/kerby/kerb-simplekdc/1.0.1/kerb-simplekdc-1.0.1.jar:/home/user/.m2/repository/org/apache/kerby/kerb-client/1.0.1/kerb-client-1.0.1.jar:/home/user/.m2/repository/org/apache/kerby/kerby-config/1.0.1/kerby-config-1.0.1.jar:/home/user/.m2/repository/org/apache/kerby/kerb-core/1.0.1/kerb-core-1.0.1.jar:/home/user/.m2/repository/org/apache/kerby/kerby-pkix/1.0.1/kerby-pkix-1.0.1.jar:/home/user/.m2/repository/org/apache/kerby/kerby-asn1/1.0.1/kerby-asn1-1.0.1.jar:/home/user/.m2/repository/org/apache/kerby/kerby-util/1.0.1/kerby-util-1.0.1.jar:/home/user/.m2/repository/org/apache/kerby/kerb-common/1.0.1/kerb-common-1.0.1.jar:/home/user/.m2/repository/org/apache/kerby/kerb-crypto/1.0.1/kerb-crypto-1.0.1.jar:/home/user/.m2/repository/org/apache/kerby/kerb-util/1.0.1/kerb-util-1.0.1.jar:/home/user/.m2/repository/org/apache/kerby/token-provider/1.0.1/token-provider-1.0.1.jar:/home/user/.m2/repository/org/apache/kerby/kerb-admin/1.0.1/kerb-admin-1.0.1.jar:/home/user/.m2/repository/org/apache/kerby/kerb-server/1.0.1/kerb-server-1.0.1.jar:/home/user/.m2/repository/org/apache/kerby/kerb-identity/1.0.1/kerb-identity-1.0.1.jar:/home/user/.m2/repository/org/apache/kerby/kerby-xdr/1.0.1/kerby-xdr-1.0.1.jar:/home/user/.m2/repository/org/slf4j/slf4j-log4j12/1.7.25/slf4j-log4j12-1.7.25.jar:/home/user/.m2/repository/org/apache/hadoop/hadoop-ozone-s3gateway/0.6.0-SNAPSHOT/hadoop-ozone-s3gateway-0.6.0-SNAPSHOT.jar:/home/user/.m2/repository/org/jboss/weld/servlet/weld-servlet/2.4.7.Final/weld-servlet-2.4.7.Final.jar:/home/user/.m2/repository/org/glassfish/jersey/containers/jersey-container-servlet-core/2.27/jersey-container-servlet-core-2.27.jar:/home/user/.m2/repository/org/glassfish/hk2/external/javax.inject/2.5.0-b42/javax.inject-2.5.0-b42.jar:/home/user/.m2/repository/org/glassfish/jersey/core/jersey-common/2.27/jersey-common-2.27.jar:/home/user/.m2/repository/org/glassfish/hk2/osgi-resource-locator/1.0.1/osgi-resource-locator-1.0.1.jar:/home/user/.m2/repository/javax/ws/rs/javax.ws.rs-api/2.1/javax.ws.rs-api-2.1.jar:/home/user/.m2/repository/org/glassfish/jersey/ext/cdi/jersey-cdi1x/2.27/jersey-cdi1x-2.27.jar:/home/user/.m2/repository/org/glassfish/jersey/inject/jersey-hk2/2.27/jersey-hk2-2.27.jar:/home/user/.m2/repository/org/glassfish/hk2/hk2-locator/2.5.0-b42/hk2-locator-2.5.0-b42.jar:/home/user/.m2/repository/org/javassist/javassist/3.22.0-CR2/javassist-3.22.0-CR2.jar:/home/user/.m2/repository/org/glassfish/hk2/hk2-api/2.5.0/hk2-api-2.5.0.jar:/home/user/.m2/repository/org/glassfish/hk2/external/jakarta.inject/2.5.0/jakarta.inject-2.5.0.jar:/home/user/.m2/repository/org/glassfish/hk2/hk2-utils/2.5.0/hk2-utils-2.5.0.jar:/home/user/.m2/repository/jakarta/annotation/jakarta.annotation-api/1.3.4/jakarta.annotation-api-1.3.4.jar:/home/user/.m2/repository/org/glassfish/hk2/external/aopalliance-repackaged/2.5.0/aopalliance-repackaged-2.5.0.jar:/home/user/.m2/repository/com/fasterxml/jackson/dataformat/jackson-dataformat-xml/2.10.3/jackson-dataformat-xml-2.10.3.jar:/home/user/.m2/repository/com/fasterxml/jackson/core/jackson-core/2.10.3/jackson-core-2.10.3.jar:/home/user/.m2/repository/com/fasterxml/jackson/module/jackson-module-jaxb-annotations/2.10.3/jackson-module-jaxb-annotations-2.10.3.jar:/home/user/.m2/repository/jakarta/xml/bind/jakarta.xml.bind-api/2.3.2/jakarta.xml.bind-api-2.3.2.jar:/home/user/.m2/repository/jakarta/activation/jakarta.activation-api/1.2.1/jakarta.activation-api-1.2.1.jar:/home/user/.m2/repository/org/codehaus/woodstox/stax2-api/3.1.4/stax2-api-3.1.4.jar:/home/user/.m2/repository/com/fasterxml/woodstox/woodstox-core/5.0.3/woodstox-core-5.0.3.jar:/home/user/.m2/repository/javax/enterprise/cdi-api/1.2/cdi-api-1.2.jar:/home/user/.m2/repository/javax/el/javax.el-api/3.0.0/javax.el-api-3.0.0.jar:/home/user/.m2/repository/javax/interceptor/javax.interceptor-api/1.2/javax.interceptor-api-1.2.jar:/home/user/.m2/repository/javax/inject/javax.inject/1/javax.inject-1.jar:/home/user/.m2/repository/com/sun/xml/bind/jaxb-impl/2.3.0.1/jaxb-impl-2.3.0.1.jar:/home/user/.m2/repository/com/sun/xml/bind/jaxb-core/2.3.0.1/jaxb-core-2.3.0.1.jar:/home/user/.m2/repository/javax/xml/bind/jaxb-api/2.3.0/jaxb-api-2.3.0.jar:/home/user/.m2/repository/javax/activation/activation/1.1.1/activation-1.1.1.jar:/home/user/.m2/repository/org/apache/hadoop/hadoop-ozone-csi/0.6.0-SNAPSHOT/hadoop-ozone-csi-0.6.0-SNAPSHOT.jar:/home/user/.m2/repository/com/google/protobuf/protobuf-java-util/3.11.0/protobuf-java-util-3.11.0.jar:/home/user/.m2/repository/com/google/code/gson/gson/2.2.4/gson-2.2.4.jar:/home/user/.m2/repository/org/apache/hadoop/hadoop-hdds-config/0.6.0-SNAPSHOT/hadoop-hdds-config-0.6.0-SNAPSHOT.jar:/home/user/.m2/repository/com/google/protobuf/protobuf-java/2.5.0/protobuf-java-2.5.0.jar:/home/user/.m2/repository/io/grpc/grpc-netty/1.28.1/grpc-netty-1.28.1.jar:/home/user/.m2/repository/io/grpc/grpc-core/1.28.1/grpc-core-1.28.1.jar:/home/user/.m2/repository/com/google/android/annotations/4.1.1.4/annotations-4.1.1.4.jar:/home/user/.m2/repository/io/perfmark/perfmark-api/0.19.0/perfmark-api-0.19.0.jar:/home/user/.m2/repository/io/netty/netty-codec-http2/4.1.45.Final/netty-codec-http2-4.1.45.Final.jar:/home/user/.m2/repository/io/netty/netty-codec/4.1.45.Final/netty-codec-4.1.45.Final.jar:/home/user/.m2/repository/io/netty/netty-handler/4.1.45.Final/netty-handler-4.1.45.Final.jar:/home/user/.m2/repository/io/netty/netty-codec-http/4.1.45.Final/netty-codec-http-4.1.45.Final.jar:/home/user/.m2/repository/io/netty/netty-handler-proxy/4.1.45.Final/netty-handler-proxy-4.1.45.Final.jar:/home/user/.m2/repository/io/netty/netty-codec-socks/4.1.45.Final/netty-codec-socks-4.1.45.Final.jar:/home/user/.m2/repository/io/netty/netty-transport-native-epoll/4.1.48.Final/netty-transport-native-epoll-4.1.48.Final.jar:/home/user/.m2/repository/io/netty/netty-common/4.1.48.Final/netty-common-4.1.48.Final.jar:/home/user/.m2/repository/io/netty/netty-buffer/4.1.48.Final/netty-buffer-4.1.48.Final.jar:/home/user/.m2/repository/io/netty/netty-transport/4.1.48.Final/netty-transport-4.1.48.Final.jar:/home/user/.m2/repository/io/netty/netty-resolver/4.1.48.Final/netty-resolver-4.1.48.Final.jar:/home/user/.m2/repository/io/netty/netty-transport-native-unix-common/4.1.48.Final/netty-transport-native-unix-common-4.1.48.Final.jar:/home/user/.m2/repository/io/grpc/grpc-protobuf/1.28.1/grpc-protobuf-1.28.1.jar:/home/user/.m2/repository/io/grpc/grpc-api/1.28.1/grpc-api-1.28.1.jar:/home/user/.m2/repository/io/grpc/grpc-context/1.28.1/grpc-context-1.28.1.jar:/home/user/.m2/repository/org/codehaus/mojo/animal-sniffer-annotations/1.18/animal-sniffer-annotations-1.18.jar:/home/user/.m2/repository/com/google/api/grpc/proto-google-common-protos/1.17.0/proto-google-common-protos-1.17.0.jar:/home/user/.m2/repository/io/grpc/grpc-protobuf-lite/1.28.1/grpc-protobuf-lite-1.28.1.jar:/home/user/.m2/repository/io/grpc/grpc-stub/1.28.1/grpc-stub-1.28.1.jar:/home/user/.m2/repository/org/apache/hadoop/hadoop-ozone-recon/0.6.0-SNAPSHOT/hadoop-ozone-recon-0.6.0-SNAPSHOT.jar:/home/user/.m2/repository/org/apache/hadoop/hadoop-ozone-reconcodegen/0.6.0-SNAPSHOT/hadoop-ozone-reconcodegen-0.6.0-SNAPSHOT.jar:/home/user/.m2/repository/com/google/inject/extensions/guice-multibindings/4.0/guice-multibindings-4.0.jar:/home/user/.m2/repository/com/google/inject/guice/4.0/guice-4.0.jar:/home/user/.m2/repository/aopalliance/aopalliance/1.0/aopalliance-1.0.jar:/home/user/.m2/repository/com/google/inject/extensions/guice-assistedinject/4.0/guice-assistedinject-4.0.jar:/home/user/.m2/repository/com/google/inject/extensions/guice-servlet/4.0/guice-servlet-4.0.jar:/home/user/.m2/repository/org/glassfish/jersey/containers/jersey-container-servlet/2.27/jersey-container-servlet-2.27.jar:/home/user/.m2/repository/org/glassfish/hk2/guice-bridge/2.5.0/guice-bridge-2.5.0.jar:/home/user/.m2/repository/org/glassfish/jersey/core/jersey-server/2.27/jersey-server-2.27.jar:/home/user/.m2/repository/org/glassfish/jersey/core/jersey-client/2.27/jersey-client-2.27.jar:/home/user/.m2/repository/org/glassfish/jersey/media/jersey-media-jaxb/2.27/jersey-media-jaxb-2.27.jar:/home/user/.m2/repository/javax/validation/validation-api/1.1.0.Final/validation-api-1.1.0.Final.jar:/home/user/.m2/repository/org/glassfish/jersey/media/jersey-media-json-jackson/2.27/jersey-media-json-jackson-2.27.jar:/home/user/.m2/repository/org/glassfish/jersey/ext/jersey-entity-filtering/2.27/jersey-entity-filtering-2.27.jar:/home/user/.m2/repository/org/jooq/jooq/3.11.10/jooq-3.11.10.jar:/home/user/.m2/repository/org/jooq/jooq-meta/3.11.10/jooq-meta-3.11.10.jar:/home/user/.m2/repository/org/jooq/jooq-codegen/3.11.10/jooq-codegen-3.11.10.jar:/home/user/.m2/repository/com/jolbox/bonecp/0.8.0.RELEASE/bonecp-0.8.0.RELEASE.jar:/home/user/.m2/repository/org/apache/derby/derby/10.14.2.0/derby-10.14.2.0.jar:/home/user/.m2/repository/org/xerial/sqlite-jdbc/3.25.2/sqlite-jdbc-3.25.2.jar:/home/user/.m2/repository/org/springframework/spring-jdbc/5.2.5.RELEASE/spring-jdbc-5.2.5.RELEASE.jar:/home/user/.m2/repository/org/springframework/spring-beans/5.2.5.RELEASE/spring-beans-5.2.5.RELEASE.jar:/home/user/.m2/repository/org/springframework/spring-core/5.2.5.RELEASE/spring-core-5.2.5.RELEASE.jar:/home/user/.m2/repository/org/springframework/spring-jcl/5.2.5.RELEASE/spring-jcl-5.2.5.RELEASE.jar:/home/user/.m2/repository/org/springframework/spring-tx/5.2.5.RELEASE/spring-tx-5.2.5.RELEASE.jar:/home/user/.m2/repository/org/apache/hadoop/hadoop-ozone-client/0.6.0-SNAPSHOT/hadoop-ozone-client-0.6.0-SNAPSHOT.jar:/home/user/.m2/repository/org/apache/hadoop/hadoop-ozone-filesystem/0.6.0-SNAPSHOT/hadoop-ozone-filesystem-0.6.0-SNAPSHOT.jar:/home/user/.m2/repository/org/apache/hadoop/hadoop-hdds-hadoop-dependency-client/0.6.0-SNAPSHOT/hadoop-hdds-hadoop-dependency-client-0.6.0-SNAPSHOT.jar:/home/user/.m2/repository/org/apache/hadoop/hadoop-ozone-tools/0.6.0-SNAPSHOT/hadoop-ozone-tools-0.6.0-SNAPSHOT.jar:/home/user/.m2/repository/org/apache/hadoop/hadoop-hdfs/3.2.1/hadoop-hdfs-3.2.1.jar:/home/user/.m2/repository/org/apache/ratis/ratis-tools/0.6.0-cac3336-SNAPSHOT/ratis-tools-0.6.0-cac3336-SNAPSHOT.jar:/home/user/.m2/repository/org/apache/ratis/ratis-proto/0.6.0-cac3336-SNAPSHOT/ratis-proto-0.6.0-cac3336-SNAPSHOT.jar:/home/user/.m2/repository/org/apache/ratis/ratis-common/0.6.0-cac3336-SNAPSHOT/ratis-common-0.6.0-cac3336-SNAPSHOT.jar:/home/user/.m2/repository/com/amazonaws/aws-java-sdk-core/1.11.615/aws-java-sdk-core-1.11.615.jar:/home/user/.m2/repository/org/apache/httpcomponents/httpclient/4.5.2/httpclient-4.5.2.jar:/home/user/.m2/repository/org/apache/httpcomponents/httpcore/4.4.4/httpcore-4.4.4.jar:/home/user/.m2/repository/software/amazon/ion/ion-java/1.0.2/ion-java-1.0.2.jar:/home/user/.m2/repository/com/fasterxml/jackson/dataformat/jackson-dataformat-cbor/2.10.3/jackson-dataformat-cbor-2.10.3.jar:/home/user/.m2/repository/joda-time/joda-time/2.8.1/joda-time-2.8.1.jar:/home/user/.m2/repository/com/amazonaws/aws-java-sdk-s3/1.11.615/aws-java-sdk-s3-1.11.615.jar:/home/user/.m2/repository/com/amazonaws/aws-java-sdk-kms/1.11.615/aws-java-sdk-kms-1.11.615.jar:/home/user/.m2/repository/com/amazonaws/jmespath-java/1.11.615/jmespath-java-1.11.615.jar:/home/user/.m2/repository/org/apache/hadoop/hadoop-hdds-tools/0.6.0-SNAPSHOT/hadoop-hdds-tools-0.6.0-SNAPSHOT.jar:/home/user/.m2/repository/commons-cli/commons-cli/1.2/commons-cli-1.2.jar:/home/user/.m2/repository/org/apache/commons/commons-lang3/3.7/commons-lang3-3.7.jar:/home/user/.m2/repository/org/apache/hadoop/hadoop-ozone-ozone-manager/0.6.0-SNAPSHOT/hadoop-ozone-ozone-manager-0.6.0-SNAPSHOT-tests.jar:/home/user/.m2/repository/junit/junit/4.11/junit-4.11.jar:/home/user/.m2/repository/org/hamcrest/hamcrest-core/1.3/hamcrest-core-1.3.jar:/home/user/.m2/repository/org/openjdk/jmh/jmh-core/1.19/jmh-core-1.19.jar:/home/user/.m2/repository/net/sf/jopt-simple/jopt-simple/4.6/jopt-simple-4.6.jar:/home/user/.m2/repository/org/apache/commons/commons-math3/3.1.1/commons-math3-3.1.1.jar:/home/user/.m2/repository/org/openjdk/jmh/jmh-generator-annprocess/1.19/jmh-generator-annprocess-1.19.jar:/home/user/.m2/repository/org/mockito/mockito-all/1.8.5/mockito-all-1.8.5.jar:/home/user/.m2/repository/org/apache/hadoop/hadoop-kms/3.2.1/hadoop-kms-3.2.1.jar:/home/user/.m2/repository/org/apache/hadoop/hadoop-auth/3.2.1/hadoop-auth-3.2.1.jar:/home/user/.m2/repository/com/nimbusds/nimbus-jose-jwt/7.9/nimbus-jose-jwt-7.9.jar:/home/user/.m2/repository/com/github/stephenc/jcip/jcip-annotations/1.0-1/jcip-annotations-1.0-1.jar:/home/user/.m2/repository/net/minidev/json-smart/2.3/json-smart-2.3.jar:/home/user/.m2/repository/net/minidev/accessors-smart/1.2/accessors-smart-1.2.jar:/home/user/.m2/repository/org/ow2/asm/asm/5.0.4/asm-5.0.4.jar:/home/user/.m2/repository/org/apache/zookeeper/zookeeper/3.4.13/zookeeper-3.4.13.jar:/home/user/.m2/repository/org/apache/yetus/audience-annotations/0.5.0/audience-annotations-0.5.0.jar:/home/user/.m2/repository/org/apache/curator/curator-framework/2.13.0/curator-framework-2.13.0.jar:/home/user/.m2/repository/com/sun/jersey/jersey-core/1.19/jersey-core-1.19.jar:/home/user/.m2/repository/javax/ws/rs/jsr311-api/1.1.1/jsr311-api-1.1.1.jar:/home/user/.m2/repository/com/sun/jersey/jersey-server/1.19/jersey-server-1.19.jar:/home/user/.m2/repository/javax/servlet/javax.servlet-api/3.1.0/javax.servlet-api-3.1.0.jar:/home/user/.m2/repository/org/eclipse/jetty/jetty-server/9.4.26.v20200117/jetty-server-9.4.26.v20200117.jar:/home/user/.m2/repository/org/eclipse/jetty/jetty-http/9.4.26.v20200117/jetty-http-9.4.26.v20200117.jar:/home/user/.m2/repository/org/eclipse/jetty/jetty-io/9.4.26.v20200117/jetty-io-9.4.26.v20200117.jar:/home/user/.m2/repository/org/eclipse/jetty/jetty-webapp/9.4.26.v20200117/jetty-webapp-9.4.26.v20200117.jar:/home/user/.m2/repository/org/eclipse/jetty/jetty-xml/9.4.26.v20200117/jetty-xml-9.4.26.v20200117.jar:/home/user/.m2/repository/org/eclipse/jetty/jetty-servlet/9.4.26.v20200117/jetty-servlet-9.4.26.v20200117.jar:/home/user/.m2/repository/org/eclipse/jetty/jetty-security/9.4.26.v20200117/jetty-security-9.4.26.v20200117.jar:/home/user/.m2/repository/org/apache/hadoop/hadoop-common/3.2.1/hadoop-common-3.2.1.jar:/home/user/.m2/repository/commons-net/commons-net/3.6/commons-net-3.6.jar:/home/user/.m2/repository/commons-collections/commons-collections/3.2.2/commons-collections-3.2.2.jar:/home/user/.m2/repository/com/sun/jersey/jersey-servlet/1.19/jersey-servlet-1.19.jar:/home/user/.m2/repository/com/sun/jersey/jersey-json/1.19/jersey-json-1.19.jar:/home/user/.m2/repository/org/codehaus/jettison/jettison/1.1/jettison-1.1.jar:/home/user/.m2/repository/org/codehaus/jackson/jackson-jaxrs/1.9.2/jackson-jaxrs-1.9.2.jar:/home/user/.m2/repository/org/codehaus/jackson/jackson-xc/1.9.2/jackson-xc-1.9.2.jar:/home/user/.m2/repository/commons-beanutils/commons-beanutils/1.9.4/commons-beanutils-1.9.4.jar:/home/user/.m2/repository/org/apache/commons/commons-configuration2/2.1.1/commons-configuration2-2.1.1.jar:/home/user/.m2/repository/org/apache/commons/commons-text/1.4/commons-text-1.4.jar:/home/user/.m2/repository/com/google/re2j/re2j/1.1/re2j-1.1.jar:/home/user/.m2/repository/com/jcraft/jsch/0.1.54/jsch-0.1.54.jar:/home/user/.m2/repository/org/apache/curator/curator-client/2.13.0/curator-client-2.13.0.jar:/home/user/.m2/repository/org/apache/curator/curator-recipes/2.13.0/curator-recipes-2.13.0.jar:/home/user/.m2/repository/dnsjava/dnsjava/2.1.7/dnsjava-2.1.7.jar:/home/user/.m2/repository/org/slf4j/jul-to-slf4j/1.7.25/jul-to-slf4j-1.7.25.jar:/home/user/.m2/repository/org/eclipse/jetty/jetty-util/9.4.26.v20200117/jetty-util-9.4.26.v20200117.jar:/home/user/.m2/repository/com/fasterxml/jackson/core/jackson-databind/2.10.3/jackson-databind-2.10.3.jar:/home/user/.m2/repository/org/apache/hadoop/hadoop-kms/3.2.1/hadoop-kms-3.2.1-tests.jar:/home/user/.m2/repository/org/apache/hadoop/hadoop-hdds-server-scm/0.6.0-SNAPSHOT/hadoop-hdds-server-scm-0.6.0-SNAPSHOT-tests.jar:/home/user/.m2/repository/org/apache/hadoop/hadoop-hdds-container-service/0.6.0-SNAPSHOT/hadoop-hdds-container-service-0.6.0-SNAPSHOT-tests.jar:/home/user/.m2/repository/org/apache/hadoop/hadoop-hdds-common/0.6.0-SNAPSHOT/hadoop-hdds-common-0.6.0-SNAPSHOT-tests.jar:/home/user/.m2/repository/org/yaml/snakeyaml/1.16/snakeyaml-1.16.jar:/home/user/.m2/repository/org/apache/hadoop/hadoop-hdds-hadoop-dependency-test/0.6.0-SNAPSHOT/hadoop-hdds-hadoop-dependency-test-0.6.0-SNAPSHOT.jar:/home/user/.m2/repository/org/apache/hadoop/hadoop-common/3.2.1/hadoop-common-3.2.1-tests.jar:/home/user/.m2/repository/javax/servlet/jsp/jsp-api/2.1/jsp-api-2.1.jar:/home/user/.m2/repository/org/apache/hadoop/hadoop-hdfs/3.2.1/hadoop-hdfs-3.2.1-tests.jar:/home/user/.m2/repository/org/eclipse/jetty/jetty-util-ajax/9.4.26.v20200117/jetty-util-ajax-9.4.26.v20200117.jar:/home/user/.m2/repository/commons-codec/commons-codec/1.11/commons-codec-1.11.jar:/home/user/.m2/repository/commons-daemon/commons-daemon/1.0.13/commons-daemon-1.0.13.jar:/home/user/.m2/repository/io/netty/netty/3.10.5.Final/netty-3.10.5.Final.jar:/home/user/.m2/repository/io/netty/netty-all/4.1.48.Final/netty-all-4.1.48.Final.jar:/home/user/.m2/repository/org/apache/htrace/htrace-core4/4.1.0-incubating/htrace-core4-4.1.0-incubating.jar:/home/user/.m2/repository/org/fusesource/leveldbjni/leveldbjni-all/1.8/leveldbjni-all-1.8.jar:/home/user/.m2/repository/org/apache/hadoop/hadoop-distcp/3.2.1/hadoop-distcp-3.2.1.jar:/home/user/.m2/repository/org/apache/hadoop/hadoop-mapreduce-client-jobclient/3.2.1/hadoop-mapreduce-client-jobclient-3.2.1.jar:/home/user/.m2/repository/org/apache/hadoop/hadoop-mapreduce-client-common/3.2.1/hadoop-mapreduce-client-common-3.2.1.jar:/home/user/.m2/repository/org/apache/hadoop/hadoop-yarn-common/3.2.1/hadoop-yarn-common-3.2.1.jar:/home/user/.m2/repository/org/apache/hadoop/hadoop-yarn-api/3.2.1/hadoop-yarn-api-3.2.1.jar:/home/user/.m2/repository/com/sun/jersey/jersey-client/1.19/jersey-client-1.19.jar:/home/user/.m2/repository/com/sun/jersey/contribs/jersey-guice/1.19/jersey-guice-1.19.jar:/home/user/.m2/repository/com/fasterxml/jackson/jaxrs/jackson-jaxrs-json-provider/2.10.3/jackson-jaxrs-json-provider-2.10.3.jar:/home/user/.m2/repository/com/fasterxml/jackson/jaxrs/jackson-jaxrs-base/2.10.3/jackson-jaxrs-base-2.10.3.jar:/home/user/.m2/repository/org/apache/hadoop/hadoop-yarn-client/3.2.1/hadoop-yarn-client-3.2.1.jar:/home/user/.m2/repository/org/apache/hadoop/hadoop-mapreduce-client-core/3.2.1/hadoop-mapreduce-client-core-3.2.1.jar:/home/user/.m2/repository/org/apache/avro/avro/1.7.7/avro-1.7.7.jar:/home/user/.m2/repository/org/codehaus/jackson/jackson-core-asl/1.9.13/jackson-core-asl-1.9.13.jar:/home/user/.m2/repository/org/codehaus/jackson/jackson-mapper-asl/1.9.13/jackson-mapper-asl-1.9.13.jar:/home/user/.m2/repository/com/thoughtworks/paranamer/paranamer/2.3/paranamer-2.3.jar:/home/user/.m2/repository/org/xerial/snappy/snappy-java/1.0.5/snappy-java-1.0.5.jar:/home/user/.m2/repository/org/apache/hadoop/hadoop-annotations/3.2.1/hadoop-annotations-3.2.1.jar:/usr/lib/jvm/java-1.8.0-openjdk-1.8.0.232.b09-0.el7_7.x86_64/jre/../lib/tools.jar:/home/user/.m2/repository/org/apache/hadoop/hadoop-distcp/3.2.1/hadoop-distcp-3.2.1-tests.jar:"/>
    <property name="java.vm.vendor" value="Oracle Corporation"/>
    <property name="sun.arch.data.model" value="64"/>
    <property name="test.build.dir" value="/github/workspace/mnt/ozone/hadoop-ozone/integration-test/target/test-dir"/>
    <property name="test.cache.data" value=""/>
    <property name="java.vendor.url" value="http://java.oracle.com/"/>
    <property name="user.timezone" value=""/>
    <property name="java.vm.specification.version" value="1.8"/>
    <property name="os.name" value="Linux"/>
    <property name="test.build.data" value="/github/workspace/mnt/ozone/hadoop-ozone/integration-test/target/test-dir"/>
    <property name="user.country" value="US"/>
    <property name="sun.java.launcher" value="SUN_STANDARD"/>
    <property name="sun.boot.library.path" value="/usr/lib/jvm/java-1.8.0-openjdk-1.8.0.232.b09-0.el7_7.x86_64/jre/lib/amd64"/>
    <property name="sun.java.command" value="/github/workspace/mnt/ozone/hadoop-ozone/integration-test/target/surefire/surefirebooter6096930781026823766.jar /github/workspace/mnt/ozone/hadoop-ozone/integration-test/target/surefire 2020-05-19T09-28-28_576-jvmRun1 surefire2292991463670948929tmp surefire_11037510732285997346tmp"/>
    <property name="surefire.test.class.path" value="/github/workspace/mnt/ozone/hadoop-ozone/integration-test/target/test-classes:/github/workspace/mnt/ozone/hadoop-ozone/integration-test/target/classes:/home/user/.m2/repository/org/apache/hadoop/hadoop-ozone-common/0.6.0-SNAPSHOT/hadoop-ozone-common-0.6.0-SNAPSHOT.jar:/home/user/.m2/repository/org/apache/commons/commons-compress/1.4.1/commons-compress-1.4.1.jar:/home/user/.m2/repository/org/tukaani/xz/1.0/xz-1.0.jar:/home/user/.m2/repository/org/apache/hadoop/hadoop-hdds-common/0.6.0-SNAPSHOT/hadoop-hdds-common-0.6.0-SNAPSHOT.jar:/home/user/.m2/repository/info/picocli/picocli/3.9.6/picocli-3.9.6.jar:/home/user/.m2/repository/com/fasterxml/jackson/core/jackson-annotations/2.10.3/jackson-annotations-2.10.3.jar:/home/user/.m2/repository/javax/annotation/javax.annotation-api/1.2/javax.annotation-api-1.2.jar:/home/user/.m2/repository/org/apache/ratis/ratis-server/0.6.0-cac3336-SNAPSHOT/ratis-server-0.6.0-cac3336-SNAPSHOT.jar:/home/user/.m2/repository/org/apache/ratis/ratis-thirdparty-misc/0.4.0/ratis-thirdparty-misc-0.4.0.jar:/home/user/.m2/repository/org/apache/ratis/ratis-client/0.6.0-cac3336-SNAPSHOT/ratis-client-0.6.0-cac3336-SNAPSHOT.jar:/home/user/.m2/repository/org/apache/ratis/ratis-metrics/0.6.0-cac3336-SNAPSHOT/ratis-metrics-0.6.0-cac3336-SNAPSHOT.jar:/home/user/.m2/repository/org/apache/ratis/ratis-netty/0.6.0-cac3336-SNAPSHOT/ratis-netty-0.6.0-cac3336-SNAPSHOT.jar:/home/user/.m2/repository/org/apache/ratis/ratis-grpc/0.6.0-cac3336-SNAPSHOT/ratis-grpc-0.6.0-cac3336-SNAPSHOT.jar:/home/user/.m2/repository/org/apache/logging/log4j/log4j-api/2.11.0/log4j-api-2.11.0.jar:/home/user/.m2/repository/org/apache/logging/log4j/log4j-core/2.11.0/log4j-core-2.11.0.jar:/home/user/.m2/repository/com/lmax/disruptor/3.4.2/disruptor-3.4.2.jar:/home/user/.m2/repository/org/apache/commons/commons-pool2/2.6.0/commons-pool2-2.6.0.jar:/home/user/.m2/repository/org/bouncycastle/bcpkix-jdk15on/1.60/bcpkix-jdk15on-1.60.jar:/home/user/.m2/repository/commons-validator/commons-validator/1.6/commons-validator-1.6.jar:/home/user/.m2/repository/commons-digester/commons-digester/1.8.1/commons-digester-1.8.1.jar:/home/user/.m2/repository/io/jaegertracing/jaeger-client/1.2.0/jaeger-client-1.2.0.jar:/home/user/.m2/repository/io/jaegertracing/jaeger-thrift/1.2.0/jaeger-thrift-1.2.0.jar:/home/user/.m2/repository/org/apache/thrift/libthrift/0.13.0/libthrift-0.13.0.jar:/home/user/.m2/repository/com/squareup/okhttp3/okhttp/4.2.2/okhttp-4.2.2.jar:/home/user/.m2/repository/com/squareup/okio/okio/2.2.2/okio-2.2.2.jar:/home/user/.m2/repository/org/jetbrains/kotlin/kotlin-stdlib/1.3.50/kotlin-stdlib-1.3.50.jar:/home/user/.m2/repository/org/jetbrains/kotlin/kotlin-stdlib-common/1.3.50/kotlin-stdlib-common-1.3.50.jar:/home/user/.m2/repository/org/jetbrains/annotations/13.0/annotations-13.0.jar:/home/user/.m2/repository/io/jaegertracing/jaeger-core/1.2.0/jaeger-core-1.2.0.jar:/home/user/.m2/repository/io/jaegertracing/jaeger-tracerresolver/1.2.0/jaeger-tracerresolver-1.2.0.jar:/home/user/.m2/repository/io/opentracing/contrib/opentracing-tracerresolver/0.1.8/opentracing-tracerresolver-0.1.8.jar:/home/user/.m2/repository/io/opentracing/opentracing-util/0.33.0/opentracing-util-0.33.0.jar:/home/user/.m2/repository/io/opentracing/opentracing-api/0.33.0/opentracing-api-0.33.0.jar:/home/user/.m2/repository/io/opentracing/opentracing-noop/0.33.0/opentracing-noop-0.33.0.jar:/home/user/.m2/repository/org/apache/hadoop/hadoop-hdds-client/0.6.0-SNAPSHOT/hadoop-hdds-client-0.6.0-SNAPSHOT.jar:/home/user/.m2/repository/org/apache/hadoop/hadoop-hdds-test-utils/0.6.0-SNAPSHOT/hadoop-hdds-test-utils-0.6.0-SNAPSHOT.jar:/home/user/.m2/repository/com/google/guava/guava/28.2-jre/guava-28.2-jre.jar:/home/user/.m2/repository/com/google/guava/failureaccess/1.0.1/failureaccess-1.0.1.jar:/home/user/.m2/repository/com/google/guava/listenablefuture/9999.0-empty-to-avoid-conflict-with-guava/listenablefuture-9999.0-empty-to-avoid-conflict-with-guava.jar:/home/user/.m2/repository/com/google/code/findbugs/jsr305/3.0.0/jsr305-3.0.0.jar:/home/user/.m2/repository/org/checkerframework/checker-qual/2.10.0/checker-qual-2.10.0.jar:/home/user/.m2/repository/com/google/errorprone/error_prone_annotations/2.2.0/error_prone_annotations-2.2.0.jar:/home/user/.m2/repository/com/google/j2objc/j2objc-annotations/1.3/j2objc-annotations-1.3.jar:/home/user/.m2/repository/commons-io/commons-io/2.5/commons-io-2.5.jar:/home/user/.m2/repository/commons-logging/commons-logging/1.2/commons-logging-1.2.jar:/home/user/.m2/repository/log4j/log4j/1.2.17/log4j-1.2.17.jar:/home/user/.m2/repository/org/slf4j/slf4j-api/1.7.25/slf4j-api-1.7.25.jar:/home/user/.m2/repository/org/apache/hadoop/hadoop-hdds-server-scm/0.6.0-SNAPSHOT/hadoop-hdds-server-scm-0.6.0-SNAPSHOT.jar:/home/user/.m2/repository/org/apache/hadoop/hadoop-hdds-container-service/0.6.0-SNAPSHOT/hadoop-hdds-container-service-0.6.0-SNAPSHOT.jar:/home/user/.m2/repository/org/apache/hadoop/hadoop-hdds-hadoop-dependency-server/0.6.0-SNAPSHOT/hadoop-hdds-hadoop-dependency-server-0.6.0-SNAPSHOT.jar:/home/user/.m2/repository/org/apache/hadoop/hadoop-hdds-server-framework/0.6.0-SNAPSHOT/hadoop-hdds-server-framework-0.6.0-SNAPSHOT.jar:/home/user/.m2/repository/org/rocksdb/rocksdbjni/6.6.4/rocksdbjni-6.6.4.jar:/home/user/.m2/repository/io/prometheus/simpleclient_dropwizard/0.7.0/simpleclient_dropwizard-0.7.0.jar:/home/user/.m2/repository/io/prometheus/simpleclient/0.7.0/simpleclient-0.7.0.jar:/home/user/.m2/repository/io/prometheus/simpleclient_common/0.7.0/simpleclient_common-0.7.0.jar:/home/user/.m2/repository/com/fasterxml/jackson/datatype/jackson-datatype-jsr310/2.10.3/jackson-datatype-jsr310-2.10.3.jar:/home/user/.m2/repository/org/apache/hadoop/hadoop-hdds-docs/0.6.0-SNAPSHOT/hadoop-hdds-docs-0.6.0-SNAPSHOT.jar:/home/user/.m2/repository/io/dropwizard/metrics/metrics-core/3.2.4/metrics-core-3.2.4.jar:/home/user/.m2/repository/org/apache/hadoop/hadoop-hdfs-client/3.2.1/hadoop-hdfs-client-3.2.1.jar:/home/user/.m2/repository/org/bouncycastle/bcprov-jdk15on/1.60/bcprov-jdk15on-1.60.jar:/home/user/.m2/repository/org/apache/hadoop/hadoop-ozone-ozone-manager/0.6.0-SNAPSHOT/hadoop-ozone-ozone-manager-0.6.0-SNAPSHOT.jar:/home/user/.m2/repository/org/apache/hadoop/hadoop-minikdc/3.2.1/hadoop-minikdc-3.2.1.jar:/home/user/.m2/repository/org/apache/kerby/kerb-simplekdc/1.0.1/kerb-simplekdc-1.0.1.jar:/home/user/.m2/repository/org/apache/kerby/kerb-client/1.0.1/kerb-client-1.0.1.jar:/home/user/.m2/repository/org/apache/kerby/kerby-config/1.0.1/kerby-config-1.0.1.jar:/home/user/.m2/repository/org/apache/kerby/kerb-core/1.0.1/kerb-core-1.0.1.jar:/home/user/.m2/repository/org/apache/kerby/kerby-pkix/1.0.1/kerby-pkix-1.0.1.jar:/home/user/.m2/repository/org/apache/kerby/kerby-asn1/1.0.1/kerby-asn1-1.0.1.jar:/home/user/.m2/repository/org/apache/kerby/kerby-util/1.0.1/kerby-util-1.0.1.jar:/home/user/.m2/repository/org/apache/kerby/kerb-common/1.0.1/kerb-common-1.0.1.jar:/home/user/.m2/repository/org/apache/kerby/kerb-crypto/1.0.1/kerb-crypto-1.0.1.jar:/home/user/.m2/repository/org/apache/kerby/kerb-util/1.0.1/kerb-util-1.0.1.jar:/home/user/.m2/repository/org/apache/kerby/token-provider/1.0.1/token-provider-1.0.1.jar:/home/user/.m2/repository/org/apache/kerby/kerb-admin/1.0.1/kerb-admin-1.0.1.jar:/home/user/.m2/repository/org/apache/kerby/kerb-server/1.0.1/kerb-server-1.0.1.jar:/home/user/.m2/repository/org/apache/kerby/kerb-identity/1.0.1/kerb-identity-1.0.1.jar:/home/user/.m2/repository/org/apache/kerby/kerby-xdr/1.0.1/kerby-xdr-1.0.1.jar:/home/user/.m2/repository/org/slf4j/slf4j-log4j12/1.7.25/slf4j-log4j12-1.7.25.jar:/home/user/.m2/repository/org/apache/hadoop/hadoop-ozone-s3gateway/0.6.0-SNAPSHOT/hadoop-ozone-s3gateway-0.6.0-SNAPSHOT.jar:/home/user/.m2/repository/org/jboss/weld/servlet/weld-servlet/2.4.7.Final/weld-servlet-2.4.7.Final.jar:/home/user/.m2/repository/org/glassfish/jersey/containers/jersey-container-servlet-core/2.27/jersey-container-servlet-core-2.27.jar:/home/user/.m2/repository/org/glassfish/hk2/external/javax.inject/2.5.0-b42/javax.inject-2.5.0-b42.jar:/home/user/.m2/repository/org/glassfish/jersey/core/jersey-common/2.27/jersey-common-2.27.jar:/home/user/.m2/repository/org/glassfish/hk2/osgi-resource-locator/1.0.1/osgi-resource-locator-1.0.1.jar:/home/user/.m2/repository/javax/ws/rs/javax.ws.rs-api/2.1/javax.ws.rs-api-2.1.jar:/home/user/.m2/repository/org/glassfish/jersey/ext/cdi/jersey-cdi1x/2.27/jersey-cdi1x-2.27.jar:/home/user/.m2/repository/org/glassfish/jersey/inject/jersey-hk2/2.27/jersey-hk2-2.27.jar:/home/user/.m2/repository/org/glassfish/hk2/hk2-locator/2.5.0-b42/hk2-locator-2.5.0-b42.jar:/home/user/.m2/repository/org/javassist/javassist/3.22.0-CR2/javassist-3.22.0-CR2.jar:/home/user/.m2/repository/org/glassfish/hk2/hk2-api/2.5.0/hk2-api-2.5.0.jar:/home/user/.m2/repository/org/glassfish/hk2/external/jakarta.inject/2.5.0/jakarta.inject-2.5.0.jar:/home/user/.m2/repository/org/glassfish/hk2/hk2-utils/2.5.0/hk2-utils-2.5.0.jar:/home/user/.m2/repository/jakarta/annotation/jakarta.annotation-api/1.3.4/jakarta.annotation-api-1.3.4.jar:/home/user/.m2/repository/org/glassfish/hk2/external/aopalliance-repackaged/2.5.0/aopalliance-repackaged-2.5.0.jar:/home/user/.m2/repository/com/fasterxml/jackson/dataformat/jackson-dataformat-xml/2.10.3/jackson-dataformat-xml-2.10.3.jar:/home/user/.m2/repository/com/fasterxml/jackson/core/jackson-core/2.10.3/jackson-core-2.10.3.jar:/home/user/.m2/repository/com/fasterxml/jackson/module/jackson-module-jaxb-annotations/2.10.3/jackson-module-jaxb-annotations-2.10.3.jar:/home/user/.m2/repository/jakarta/xml/bind/jakarta.xml.bind-api/2.3.2/jakarta.xml.bind-api-2.3.2.jar:/home/user/.m2/repository/jakarta/activation/jakarta.activation-api/1.2.1/jakarta.activation-api-1.2.1.jar:/home/user/.m2/repository/org/codehaus/woodstox/stax2-api/3.1.4/stax2-api-3.1.4.jar:/home/user/.m2/repository/com/fasterxml/woodstox/woodstox-core/5.0.3/woodstox-core-5.0.3.jar:/home/user/.m2/repository/javax/enterprise/cdi-api/1.2/cdi-api-1.2.jar:/home/user/.m2/repository/javax/el/javax.el-api/3.0.0/javax.el-api-3.0.0.jar:/home/user/.m2/repository/javax/interceptor/javax.interceptor-api/1.2/javax.interceptor-api-1.2.jar:/home/user/.m2/repository/javax/inject/javax.inject/1/javax.inject-1.jar:/home/user/.m2/repository/com/sun/xml/bind/jaxb-impl/2.3.0.1/jaxb-impl-2.3.0.1.jar:/home/user/.m2/repository/com/sun/xml/bind/jaxb-core/2.3.0.1/jaxb-core-2.3.0.1.jar:/home/user/.m2/repository/javax/xml/bind/jaxb-api/2.3.0/jaxb-api-2.3.0.jar:/home/user/.m2/repository/javax/activation/activation/1.1.1/activation-1.1.1.jar:/home/user/.m2/repository/org/apache/hadoop/hadoop-ozone-csi/0.6.0-SNAPSHOT/hadoop-ozone-csi-0.6.0-SNAPSHOT.jar:/home/user/.m2/repository/com/google/protobuf/protobuf-java-util/3.11.0/protobuf-java-util-3.11.0.jar:/home/user/.m2/repository/com/google/code/gson/gson/2.2.4/gson-2.2.4.jar:/home/user/.m2/repository/org/apache/hadoop/hadoop-hdds-config/0.6.0-SNAPSHOT/hadoop-hdds-config-0.6.0-SNAPSHOT.jar:/home/user/.m2/repository/com/google/protobuf/protobuf-java/2.5.0/protobuf-java-2.5.0.jar:/home/user/.m2/repository/io/grpc/grpc-netty/1.28.1/grpc-netty-1.28.1.jar:/home/user/.m2/repository/io/grpc/grpc-core/1.28.1/grpc-core-1.28.1.jar:/home/user/.m2/repository/com/google/android/annotations/4.1.1.4/annotations-4.1.1.4.jar:/home/user/.m2/repository/io/perfmark/perfmark-api/0.19.0/perfmark-api-0.19.0.jar:/home/user/.m2/repository/io/netty/netty-codec-http2/4.1.45.Final/netty-codec-http2-4.1.45.Final.jar:/home/user/.m2/repository/io/netty/netty-codec/4.1.45.Final/netty-codec-4.1.45.Final.jar:/home/user/.m2/repository/io/netty/netty-handler/4.1.45.Final/netty-handler-4.1.45.Final.jar:/home/user/.m2/repository/io/netty/netty-codec-http/4.1.45.Final/netty-codec-http-4.1.45.Final.jar:/home/user/.m2/repository/io/netty/netty-handler-proxy/4.1.45.Final/netty-handler-proxy-4.1.45.Final.jar:/home/user/.m2/repository/io/netty/netty-codec-socks/4.1.45.Final/netty-codec-socks-4.1.45.Final.jar:/home/user/.m2/repository/io/netty/netty-transport-native-epoll/4.1.48.Final/netty-transport-native-epoll-4.1.48.Final.jar:/home/user/.m2/repository/io/netty/netty-common/4.1.48.Final/netty-common-4.1.48.Final.jar:/home/user/.m2/repository/io/netty/netty-buffer/4.1.48.Final/netty-buffer-4.1.48.Final.jar:/home/user/.m2/repository/io/netty/netty-transport/4.1.48.Final/netty-transport-4.1.48.Final.jar:/home/user/.m2/repository/io/netty/netty-resolver/4.1.48.Final/netty-resolver-4.1.48.Final.jar:/home/user/.m2/repository/io/netty/netty-transport-native-unix-common/4.1.48.Final/netty-transport-native-unix-common-4.1.48.Final.jar:/home/user/.m2/repository/io/grpc/grpc-protobuf/1.28.1/grpc-protobuf-1.28.1.jar:/home/user/.m2/repository/io/grpc/grpc-api/1.28.1/grpc-api-1.28.1.jar:/home/user/.m2/repository/io/grpc/grpc-context/1.28.1/grpc-context-1.28.1.jar:/home/user/.m2/repository/org/codehaus/mojo/animal-sniffer-annotations/1.18/animal-sniffer-annotations-1.18.jar:/home/user/.m2/repository/com/google/api/grpc/proto-google-common-protos/1.17.0/proto-google-common-protos-1.17.0.jar:/home/user/.m2/repository/io/grpc/grpc-protobuf-lite/1.28.1/grpc-protobuf-lite-1.28.1.jar:/home/user/.m2/repository/io/grpc/grpc-stub/1.28.1/grpc-stub-1.28.1.jar:/home/user/.m2/repository/org/apache/hadoop/hadoop-ozone-recon/0.6.0-SNAPSHOT/hadoop-ozone-recon-0.6.0-SNAPSHOT.jar:/home/user/.m2/repository/org/apache/hadoop/hadoop-ozone-reconcodegen/0.6.0-SNAPSHOT/hadoop-ozone-reconcodegen-0.6.0-SNAPSHOT.jar:/home/user/.m2/repository/com/google/inject/extensions/guice-multibindings/4.0/guice-multibindings-4.0.jar:/home/user/.m2/repository/com/google/inject/guice/4.0/guice-4.0.jar:/home/user/.m2/repository/aopalliance/aopalliance/1.0/aopalliance-1.0.jar:/home/user/.m2/repository/com/google/inject/extensions/guice-assistedinject/4.0/guice-assistedinject-4.0.jar:/home/user/.m2/repository/com/google/inject/extensions/guice-servlet/4.0/guice-servlet-4.0.jar:/home/user/.m2/repository/org/glassfish/jersey/containers/jersey-container-servlet/2.27/jersey-container-servlet-2.27.jar:/home/user/.m2/repository/org/glassfish/hk2/guice-bridge/2.5.0/guice-bridge-2.5.0.jar:/home/user/.m2/repository/org/glassfish/jersey/core/jersey-server/2.27/jersey-server-2.27.jar:/home/user/.m2/repository/org/glassfish/jersey/core/jersey-client/2.27/jersey-client-2.27.jar:/home/user/.m2/repository/org/glassfish/jersey/media/jersey-media-jaxb/2.27/jersey-media-jaxb-2.27.jar:/home/user/.m2/repository/javax/validation/validation-api/1.1.0.Final/validation-api-1.1.0.Final.jar:/home/user/.m2/repository/org/glassfish/jersey/media/jersey-media-json-jackson/2.27/jersey-media-json-jackson-2.27.jar:/home/user/.m2/repository/org/glassfish/jersey/ext/jersey-entity-filtering/2.27/jersey-entity-filtering-2.27.jar:/home/user/.m2/repository/org/jooq/jooq/3.11.10/jooq-3.11.10.jar:/home/user/.m2/repository/org/jooq/jooq-meta/3.11.10/jooq-meta-3.11.10.jar:/home/user/.m2/repository/org/jooq/jooq-codegen/3.11.10/jooq-codegen-3.11.10.jar:/home/user/.m2/repository/com/jolbox/bonecp/0.8.0.RELEASE/bonecp-0.8.0.RELEASE.jar:/home/user/.m2/repository/org/apache/derby/derby/10.14.2.0/derby-10.14.2.0.jar:/home/user/.m2/repository/org/xerial/sqlite-jdbc/3.25.2/sqlite-jdbc-3.25.2.jar:/home/user/.m2/repository/org/springframework/spring-jdbc/5.2.5.RELEASE/spring-jdbc-5.2.5.RELEASE.jar:/home/user/.m2/repository/org/springframework/spring-beans/5.2.5.RELEASE/spring-beans-5.2.5.RELEASE.jar:/home/user/.m2/repository/org/springframework/spring-core/5.2.5.RELEASE/spring-core-5.2.5.RELEASE.jar:/home/user/.m2/repository/org/springframework/spring-jcl/5.2.5.RELEASE/spring-jcl-5.2.5.RELEASE.jar:/home/user/.m2/repository/org/springframework/spring-tx/5.2.5.RELEASE/spring-tx-5.2.5.RELEASE.jar:/home/user/.m2/repository/org/apache/hadoop/hadoop-ozone-client/0.6.0-SNAPSHOT/hadoop-ozone-client-0.6.0-SNAPSHOT.jar:/home/user/.m2/repository/org/apache/hadoop/hadoop-ozone-filesystem/0.6.0-SNAPSHOT/hadoop-ozone-filesystem-0.6.0-SNAPSHOT.jar:/home/user/.m2/repository/org/apache/hadoop/hadoop-hdds-hadoop-dependency-client/0.6.0-SNAPSHOT/hadoop-hdds-hadoop-dependency-client-0.6.0-SNAPSHOT.jar:/home/user/.m2/repository/org/apache/hadoop/hadoop-ozone-tools/0.6.0-SNAPSHOT/hadoop-ozone-tools-0.6.0-SNAPSHOT.jar:/home/user/.m2/repository/org/apache/hadoop/hadoop-hdfs/3.2.1/hadoop-hdfs-3.2.1.jar:/home/user/.m2/repository/org/apache/ratis/ratis-tools/0.6.0-cac3336-SNAPSHOT/ratis-tools-0.6.0-cac3336-SNAPSHOT.jar:/home/user/.m2/repository/org/apache/ratis/ratis-proto/0.6.0-cac3336-SNAPSHOT/ratis-proto-0.6.0-cac3336-SNAPSHOT.jar:/home/user/.m2/repository/org/apache/ratis/ratis-common/0.6.0-cac3336-SNAPSHOT/ratis-common-0.6.0-cac3336-SNAPSHOT.jar:/home/user/.m2/repository/com/amazonaws/aws-java-sdk-core/1.11.615/aws-java-sdk-core-1.11.615.jar:/home/user/.m2/repository/org/apache/httpcomponents/httpclient/4.5.2/httpclient-4.5.2.jar:/home/user/.m2/repository/org/apache/httpcomponents/httpcore/4.4.4/httpcore-4.4.4.jar:/home/user/.m2/repository/software/amazon/ion/ion-java/1.0.2/ion-java-1.0.2.jar:/home/user/.m2/repository/com/fasterxml/jackson/dataformat/jackson-dataformat-cbor/2.10.3/jackson-dataformat-cbor-2.10.3.jar:/home/user/.m2/repository/joda-time/joda-time/2.8.1/joda-time-2.8.1.jar:/home/user/.m2/repository/com/amazonaws/aws-java-sdk-s3/1.11.615/aws-java-sdk-s3-1.11.615.jar:/home/user/.m2/repository/com/amazonaws/aws-java-sdk-kms/1.11.615/aws-java-sdk-kms-1.11.615.jar:/home/user/.m2/repository/com/amazonaws/jmespath-java/1.11.615/jmespath-java-1.11.615.jar:/home/user/.m2/repository/org/apache/hadoop/hadoop-hdds-tools/0.6.0-SNAPSHOT/hadoop-hdds-tools-0.6.0-SNAPSHOT.jar:/home/user/.m2/repository/commons-cli/commons-cli/1.2/commons-cli-1.2.jar:/home/user/.m2/repository/org/apache/commons/commons-lang3/3.7/commons-lang3-3.7.jar:/home/user/.m2/repository/org/apache/hadoop/hadoop-ozone-ozone-manager/0.6.0-SNAPSHOT/hadoop-ozone-ozone-manager-0.6.0-SNAPSHOT-tests.jar:/home/user/.m2/repository/junit/junit/4.11/junit-4.11.jar:/home/user/.m2/repository/org/hamcrest/hamcrest-core/1.3/hamcrest-core-1.3.jar:/home/user/.m2/repository/org/openjdk/jmh/jmh-core/1.19/jmh-core-1.19.jar:/home/user/.m2/repository/net/sf/jopt-simple/jopt-simple/4.6/jopt-simple-4.6.jar:/home/user/.m2/repository/org/apache/commons/commons-math3/3.1.1/commons-math3-3.1.1.jar:/home/user/.m2/repository/org/openjdk/jmh/jmh-generator-annprocess/1.19/jmh-generator-annprocess-1.19.jar:/home/user/.m2/repository/org/mockito/mockito-all/1.8.5/mockito-all-1.8.5.jar:/home/user/.m2/repository/org/apache/hadoop/hadoop-kms/3.2.1/hadoop-kms-3.2.1.jar:/home/user/.m2/repository/org/apache/hadoop/hadoop-auth/3.2.1/hadoop-auth-3.2.1.jar:/home/user/.m2/repository/com/nimbusds/nimbus-jose-jwt/7.9/nimbus-jose-jwt-7.9.jar:/home/user/.m2/repository/com/github/stephenc/jcip/jcip-annotations/1.0-1/jcip-annotations-1.0-1.jar:/home/user/.m2/repository/net/minidev/json-smart/2.3/json-smart-2.3.jar:/home/user/.m2/repository/net/minidev/accessors-smart/1.2/accessors-smart-1.2.jar:/home/user/.m2/repository/org/ow2/asm/asm/5.0.4/asm-5.0.4.jar:/home/user/.m2/repository/org/apache/zookeeper/zookeeper/3.4.13/zookeeper-3.4.13.jar:/home/user/.m2/repository/org/apache/yetus/audience-annotations/0.5.0/audience-annotations-0.5.0.jar:/home/user/.m2/repository/org/apache/curator/curator-framework/2.13.0/curator-framework-2.13.0.jar:/home/user/.m2/repository/com/sun/jersey/jersey-core/1.19/jersey-core-1.19.jar:/home/user/.m2/repository/javax/ws/rs/jsr311-api/1.1.1/jsr311-api-1.1.1.jar:/home/user/.m2/repository/com/sun/jersey/jersey-server/1.19/jersey-server-1.19.jar:/home/user/.m2/repository/javax/servlet/javax.servlet-api/3.1.0/javax.servlet-api-3.1.0.jar:/home/user/.m2/repository/org/eclipse/jetty/jetty-server/9.4.26.v20200117/jetty-server-9.4.26.v20200117.jar:/home/user/.m2/repository/org/eclipse/jetty/jetty-http/9.4.26.v20200117/jetty-http-9.4.26.v20200117.jar:/home/user/.m2/repository/org/eclipse/jetty/jetty-io/9.4.26.v20200117/jetty-io-9.4.26.v20200117.jar:/home/user/.m2/repository/org/eclipse/jetty/jetty-webapp/9.4.26.v20200117/jetty-webapp-9.4.26.v20200117.jar:/home/user/.m2/repository/org/eclipse/jetty/jetty-xml/9.4.26.v20200117/jetty-xml-9.4.26.v20200117.jar:/home/user/.m2/repository/org/eclipse/jetty/jetty-servlet/9.4.26.v20200117/jetty-servlet-9.4.26.v20200117.jar:/home/user/.m2/repository/org/eclipse/jetty/jetty-security/9.4.26.v20200117/jetty-security-9.4.26.v20200117.jar:/home/user/.m2/repository/org/apache/hadoop/hadoop-common/3.2.1/hadoop-common-3.2.1.jar:/home/user/.m2/repository/commons-net/commons-net/3.6/commons-net-3.6.jar:/home/user/.m2/repository/commons-collections/commons-collections/3.2.2/commons-collections-3.2.2.jar:/home/user/.m2/repository/com/sun/jersey/jersey-servlet/1.19/jersey-servlet-1.19.jar:/home/user/.m2/repository/com/sun/jersey/jersey-json/1.19/jersey-json-1.19.jar:/home/user/.m2/repository/org/codehaus/jettison/jettison/1.1/jettison-1.1.jar:/home/user/.m2/repository/org/codehaus/jackson/jackson-jaxrs/1.9.2/jackson-jaxrs-1.9.2.jar:/home/user/.m2/repository/org/codehaus/jackson/jackson-xc/1.9.2/jackson-xc-1.9.2.jar:/home/user/.m2/repository/commons-beanutils/commons-beanutils/1.9.4/commons-beanutils-1.9.4.jar:/home/user/.m2/repository/org/apache/commons/commons-configuration2/2.1.1/commons-configuration2-2.1.1.jar:/home/user/.m2/repository/org/apache/commons/commons-text/1.4/commons-text-1.4.jar:/home/user/.m2/repository/com/google/re2j/re2j/1.1/re2j-1.1.jar:/home/user/.m2/repository/com/jcraft/jsch/0.1.54/jsch-0.1.54.jar:/home/user/.m2/repository/org/apache/curator/curator-client/2.13.0/curator-client-2.13.0.jar:/home/user/.m2/repository/org/apache/curator/curator-recipes/2.13.0/curator-recipes-2.13.0.jar:/home/user/.m2/repository/dnsjava/dnsjava/2.1.7/dnsjava-2.1.7.jar:/home/user/.m2/repository/org/slf4j/jul-to-slf4j/1.7.25/jul-to-slf4j-1.7.25.jar:/home/user/.m2/repository/org/eclipse/jetty/jetty-util/9.4.26.v20200117/jetty-util-9.4.26.v20200117.jar:/home/user/.m2/repository/com/fasterxml/jackson/core/jackson-databind/2.10.3/jackson-databind-2.10.3.jar:/home/user/.m2/repository/org/apache/hadoop/hadoop-kms/3.2.1/hadoop-kms-3.2.1-tests.jar:/home/user/.m2/repository/org/apache/hadoop/hadoop-hdds-server-scm/0.6.0-SNAPSHOT/hadoop-hdds-server-scm-0.6.0-SNAPSHOT-tests.jar:/home/user/.m2/repository/org/apache/hadoop/hadoop-hdds-container-service/0.6.0-SNAPSHOT/hadoop-hdds-container-service-0.6.0-SNAPSHOT-tests.jar:/home/user/.m2/repository/org/apache/hadoop/hadoop-hdds-common/0.6.0-SNAPSHOT/hadoop-hdds-common-0.6.0-SNAPSHOT-tests.jar:/home/user/.m2/repository/org/yaml/snakeyaml/1.16/snakeyaml-1.16.jar:/home/user/.m2/repository/org/apache/hadoop/hadoop-hdds-hadoop-dependency-test/0.6.0-SNAPSHOT/hadoop-hdds-hadoop-dependency-test-0.6.0-SNAPSHOT.jar:/home/user/.m2/repository/org/apache/hadoop/hadoop-common/3.2.1/hadoop-common-3.2.1-tests.jar:/home/user/.m2/repository/javax/servlet/jsp/jsp-api/2.1/jsp-api-2.1.jar:/home/user/.m2/repository/org/apache/hadoop/hadoop-hdfs/3.2.1/hadoop-hdfs-3.2.1-tests.jar:/home/user/.m2/repository/org/eclipse/jetty/jetty-util-ajax/9.4.26.v20200117/jetty-util-ajax-9.4.26.v20200117.jar:/home/user/.m2/repository/commons-codec/commons-codec/1.11/commons-codec-1.11.jar:/home/user/.m2/repository/commons-daemon/commons-daemon/1.0.13/commons-daemon-1.0.13.jar:/home/user/.m2/repository/io/netty/netty/3.10.5.Final/netty-3.10.5.Final.jar:/home/user/.m2/repository/io/netty/netty-all/4.1.48.Final/netty-all-4.1.48.Final.jar:/home/user/.m2/repository/org/apache/htrace/htrace-core4/4.1.0-incubating/htrace-core4-4.1.0-incubating.jar:/home/user/.m2/repository/org/fusesource/leveldbjni/leveldbjni-all/1.8/leveldbjni-all-1.8.jar:/home/user/.m2/repository/org/apache/hadoop/hadoop-distcp/3.2.1/hadoop-distcp-3.2.1.jar:/home/user/.m2/repository/org/apache/hadoop/hadoop-mapreduce-client-jobclient/3.2.1/hadoop-mapreduce-client-jobclient-3.2.1.jar:/home/user/.m2/repository/org/apache/hadoop/hadoop-mapreduce-client-common/3.2.1/hadoop-mapreduce-client-common-3.2.1.jar:/home/user/.m2/repository/org/apache/hadoop/hadoop-yarn-common/3.2.1/hadoop-yarn-common-3.2.1.jar:/home/user/.m2/repository/org/apache/hadoop/hadoop-yarn-api/3.2.1/hadoop-yarn-api-3.2.1.jar:/home/user/.m2/repository/com/sun/jersey/jersey-client/1.19/jersey-client-1.19.jar:/home/user/.m2/repository/com/sun/jersey/contribs/jersey-guice/1.19/jersey-guice-1.19.jar:/home/user/.m2/repository/com/fasterxml/jackson/jaxrs/jackson-jaxrs-json-provider/2.10.3/jackson-jaxrs-json-provider-2.10.3.jar:/home/user/.m2/repository/com/fasterxml/jackson/jaxrs/jackson-jaxrs-base/2.10.3/jackson-jaxrs-base-2.10.3.jar:/home/user/.m2/repository/org/apache/hadoop/hadoop-yarn-client/3.2.1/hadoop-yarn-client-3.2.1.jar:/home/user/.m2/repository/org/apache/hadoop/hadoop-mapreduce-client-core/3.2.1/hadoop-mapreduce-client-core-3.2.1.jar:/home/user/.m2/repository/org/apache/avro/avro/1.7.7/avro-1.7.7.jar:/home/user/.m2/repository/org/codehaus/jackson/jackson-core-asl/1.9.13/jackson-core-asl-1.9.13.jar:/home/user/.m2/repository/org/codehaus/jackson/jackson-mapper-asl/1.9.13/jackson-mapper-asl-1.9.13.jar:/home/user/.m2/repository/com/thoughtworks/paranamer/paranamer/2.3/paranamer-2.3.jar:/home/user/.m2/repository/org/xerial/snappy/snappy-java/1.0.5/snappy-java-1.0.5.jar:/home/user/.m2/repository/org/apache/hadoop/hadoop-annotations/3.2.1/hadoop-annotations-3.2.1.jar:/usr/lib/jvm/java-1.8.0-openjdk-1.8.0.232.b09-0.el7_7.x86_64/jre/../lib/tools.jar:/home/user/.m2/repository/org/apache/hadoop/hadoop-distcp/3.2.1/hadoop-distcp-3.2.1-tests.jar:"/>
    <property name="sun.cpu.endian" value="little"/>
    <property name="user.home" value="/home/user"/>
    <property name="user.language" value="en"/>
    <property name="java.specification.vendor" value="Oracle Corporation"/>
    <property name="java.home" value="/usr/lib/jvm/java-1.8.0-openjdk-1.8.0.232.b09-0.el7_7.x86_64/jre"/>
    <property name="java.security.krb5.conf" value="/github/workspace/mnt/ozone/hadoop-ozone/integration-test/target/test-classes/krb5.conf"/>
    <property name="basedir" value="/github/workspace/mnt/ozone/hadoop-ozone/integration-test"/>
    <property name="file.separator" value="/"/>
    <property name="line.separator" value="&#10;"/>
    <property name="java.vm.specification.vendor" value="Oracle Corporation"/>
    <property name="java.specification.name" value="Java Platform API Specification"/>
    <property name="java.awt.graphicsenv" value="sun.awt.X11GraphicsEnvironment"/>
    <property name="surefire.real.class.path" value="/github/workspace/mnt/ozone/hadoop-ozone/integration-test/target/surefire/surefirebooter6096930781026823766.jar:/home/user/.m2/repository/org/jacoco/org.jacoco.agent/0.8.3/org.jacoco.agent-0.8.3-runtime.jar"/>
    <property name="hadoop.log.dir" value="/github/workspace/mnt/ozone/hadoop-ozone/integration-test/target/log"/>
    <property name="sun.boot.class.path" value="/usr/lib/jvm/java-1.8.0-openjdk-1.8.0.232.b09-0.el7_7.x86_64/jre/lib/resources.jar:/usr/lib/jvm/java-1.8.0-openjdk-1.8.0.232.b09-0.el7_7.x86_64/jre/lib/rt.jar:/usr/lib/jvm/java-1.8.0-openjdk-1.8.0.232.b09-0.el7_7.x86_64/jre/lib/sunrsasign.jar:/usr/lib/jvm/java-1.8.0-openjdk-1.8.0.232.b09-0.el7_7.x86_64/jre/lib/jsse.jar:/usr/lib/jvm/java-1.8.0-openjdk-1.8.0.232.b09-0.el7_7.x86_64/jre/lib/jce.jar:/usr/lib/jvm/java-1.8.0-openjdk-1.8.0.232.b09-0.el7_7.x86_64/jre/lib/charsets.jar:/usr/lib/jvm/java-1.8.0-openjdk-1.8.0.232.b09-0.el7_7.x86_64/jre/lib/jfr.jar:/usr/lib/jvm/java-1.8.0-openjdk-1.8.0.232.b09-0.el7_7.x86_64/jre/classes"/>
    <property name="sun.management.compiler" value="HotSpot 64-Bit Tiered Compilers"/>
    <property name="java.runtime.version" value="1.8.0_232-b09"/>
    <property name="java.net.preferIPv4Stack" value="true"/>
    <property name="user.name" value="jenkins1001"/>
    <property name="path.separator" value=":"/>
    <property name="java.security.egd" value="file:///dev/urandom"/>
    <property name="os.version" value="5.3.0-1020-azure"/>
    <property name="java.endorsed.dirs" value="/usr/lib/jvm/java-1.8.0-openjdk-1.8.0.232.b09-0.el7_7.x86_64/jre/lib/endorsed"/>
    <property name="java.runtime.name" value="OpenJDK Runtime Environment"/>
    <property name="file.encoding" value="ANSI_X3.4-1968"/>
    <property name="java.vm.name" value="OpenJDK 64-Bit Server VM"/>
    <property name="test.build.webapps" value=""/>
    <property name="localRepository" value="/home/user/.m2/repository"/>
    <property name="java.vendor.url.bug" value="http://bugreport.sun.com/bugreport/"/>
    <property name="java.io.tmpdir" value="/tmp"/>
    <property name="require.test.libhadoop" value=""/>
    <property name="java.version" value="1.8.0_232"/>
    <property name="user.dir" value="/github/workspace/mnt/ozone/hadoop-ozone/integration-test"/>
    <property name="os.arch" value="amd64"/>
    <property name="java.vm.specification.name" value="Java Virtual Machine Specification"/>
    <property name="test.build.classes" value="/github/workspace/mnt/ozone/hadoop-ozone/integration-test/target/test-classes"/>
    <property name="java.awt.printerjob" value="sun.print.PSPrinterJob"/>
    <property name="sun.os.patch.level" value="unknown"/>
    <property name="hadoop.tmp.dir" value="/github/workspace/mnt/ozone/hadoop-ozone/integration-test/target/tmp"/>
    <property name="java.library.path" value="/usr/lib:/usr/java/packages/lib/amd64:/usr/lib64:/lib64:/lib:/usr/lib"/>
    <property name="java.vm.info" value="mixed mode"/>
    <property name="java.vendor" value="Oracle Corporation"/>
    <property name="java.vm.version" value="25.232-b09"/>
    <property name="java.ext.dirs" value="/usr/lib/jvm/java-1.8.0-openjdk-1.8.0.232.b09-0.el7_7.x86_64/jre/lib/ext:/usr/java/packages/lib/ext"/>
    <property name="sun.io.unicode.encoding" value="UnicodeLittle"/>
    <property name="java.class.version" value="52.0"/>
  </properties>
  <testcase name="test2WayCommitForRetryfailure" classname="org.apache.hadoop.ozone.client.rpc.Test2WayCommitInRatis" time="91.253">
    <error message="org.apache.ratis.protocol.RaftRetryFailureException: Failed RaftClientRequest:client-E86EC0EA4BED-&gt;c5696339-f7f1-498d-af08-21c1da000d10@group-7A3F6B1A5152, cid=9, seq=3*, RW, cmdType: CloseContainer&#10;traceID: &quot;&quot;&#10;containerID: 1&#10;datanodeUuid: &quot;da2ac404-9c11-49fb-ad63-5e4e1a7475af&quot;&#10;closeContainer {&#10;}&#10;, data.size=0 for 15 attempts with RetryLimited(maxAttempts=15, sleepTime=1000ms)" type="java.util.concurrent.ExecutionException">java.util.concurrent.ExecutionException: 
org.apache.ratis.protocol.RaftRetryFailureException: Failed RaftClientRequest:client-E86EC0EA4BED->c5696339-f7f1-498d-af08-21c1da000d10@group-7A3F6B1A5152, cid=9, seq=3*, RW, cmdType: CloseContainer
traceID: ""
containerID: 1
datanodeUuid: "da2ac404-9c11-49fb-ad63-5e4e1a7475af"
closeContainer {
}
, data.size=0 for 15 attempts with RetryLimited(maxAttempts=15, sleepTime=1000ms)
	at java.util.concurrent.CompletableFuture.reportGet(CompletableFuture.java:357)
	at java.util.concurrent.CompletableFuture.get(CompletableFuture.java:1908)
	at org.apache.hadoop.ozone.client.rpc.Test2WayCommitInRatis.test2WayCommitForRetryfailure(Test2WayCommitInRatis.java:178)
	at sun.reflect.NativeMethodAccessorImpl.invoke0(Native Method)
	at sun.reflect.NativeMethodAccessorImpl.invoke(NativeMethodAccessorImpl.java:62)
	at sun.reflect.DelegatingMethodAccessorImpl.invoke(DelegatingMethodAccessorImpl.java:43)
	at java.lang.reflect.Method.invoke(Method.java:498)
	at org.junit.runners.model.FrameworkMethod$1.runReflectiveCall(FrameworkMethod.java:47)
	at org.junit.internal.runners.model.ReflectiveCallable.run(ReflectiveCallable.java:12)
	at org.junit.runners.model.FrameworkMethod.invokeExplosively(FrameworkMethod.java:44)
	at org.junit.internal.runners.statements.InvokeMethod.evaluate(InvokeMethod.java:17)
	at org.junit.runners.ParentRunner.runLeaf(ParentRunner.java:271)
	at org.junit.runners.BlockJUnit4ClassRunner.runChild(BlockJUnit4ClassRunner.java:70)
	at org.junit.runners.BlockJUnit4ClassRunner.runChild(BlockJUnit4ClassRunner.java:50)
	at org.junit.runners.ParentRunner$3.run(ParentRunner.java:238)
	at org.junit.runners.ParentRunner$1.schedule(ParentRunner.java:63)
	at org.junit.runners.ParentRunner.runChildren(ParentRunner.java:236)
	at org.junit.runners.ParentRunner.access$000(ParentRunner.java:53)
	at org.junit.runners.ParentRunner$2.evaluate(ParentRunner.java:229)
	at org.junit.runners.ParentRunner.run(ParentRunner.java:309)
	at org.apache.maven.surefire.junit4.JUnit4Provider.execute(JUnit4Provider.java:365)
	at org.apache.maven.surefire.junit4.JUnit4Provider.executeWithRerun(JUnit4Provider.java:273)
	at org.apache.maven.surefire.junit4.JUnit4Provider.executeTestSet(JUnit4Provider.java:238)
	at org.apache.maven.surefire.junit4.JUnit4Provider.invoke(JUnit4Provider.java:159)
	at org.apache.maven.surefire.booter.ForkedBooter.invokeProviderInSameClassLoader(ForkedBooter.java:384)
	at org.apache.maven.surefire.booter.ForkedBooter.runSuitesInProcess(ForkedBooter.java:345)
	at org.apache.maven.surefire.booter.ForkedBooter.execute(ForkedBooter.java:126)
	at org.apache.maven.surefire.booter.ForkedBooter.main(ForkedBooter.java:418)
Caused by: org.apache.ratis.protocol.RaftRetryFailureException: Failed RaftClientRequest:client-E86EC0EA4BED->c5696339-f7f1-498d-af08-21c1da000d10@group-7A3F6B1A5152, cid=9, seq=3*, RW, cmdType: CloseContainer
traceID: ""
containerID: 1
datanodeUuid: "da2ac404-9c11-49fb-ad63-5e4e1a7475af"
closeContainer {
}
, data.size=0 for 15 attempts with RetryLimited(maxAttempts=15, sleepTime=1000ms)
	at org.apache.ratis.client.impl.RaftClientImpl.noMoreRetries(RaftClientImpl.java:330)
	at org.apache.ratis.client.impl.OrderedAsync.handleAsyncRetryFailure(OrderedAsync.java:151)
	at org.apache.ratis.client.impl.OrderedAsync.lambda$sendRequest$10(OrderedAsync.java:250)
	at java.util.concurrent.CompletableFuture.uniExceptionally(CompletableFuture.java:884)
	at java.util.concurrent.CompletableFuture$UniExceptionally.tryFire(CompletableFuture.java:866)
	at java.util.concurrent.CompletableFuture.postComplete(CompletableFuture.java:488)
	at java.util.concurrent.CompletableFuture.completeExceptionally(CompletableFuture.java:1990)
	at org.apache.ratis.grpc.client.GrpcClientProtocolClient$AsyncStreamObservers.completeReplyExceptionally(GrpcClientProtocolClient.java:358)
	at org.apache.ratis.grpc.client.GrpcClientProtocolClient$AsyncStreamObservers.access$000(GrpcClientProtocolClient.java:264)
	at org.apache.ratis.grpc.client.GrpcClientProtocolClient$AsyncStreamObservers$1.onNext(GrpcClientProtocolClient.java:278)
	at org.apache.ratis.grpc.client.GrpcClientProtocolClient$AsyncStreamObservers$1.onNext(GrpcClientProtocolClient.java:269)
	at org.apache.ratis.thirdparty.io.grpc.stub.ClientCalls$StreamObserverToCallListenerAdapter.onMessage(ClientCalls.java:436)
	at org.apache.ratis.thirdparty.io.grpc.internal.ClientCallImpl$ClientStreamListenerImpl$1MessagesAvailable.runInternal(ClientCallImpl.java:658)
	at org.apache.ratis.thirdparty.io.grpc.internal.ClientCallImpl$ClientStreamListenerImpl$1MessagesAvailable.runInContext(ClientCallImpl.java:643)
	at org.apache.ratis.thirdparty.io.grpc.internal.ContextRunnable.run(ContextRunnable.java:37)
	at org.apache.ratis.thirdparty.io.grpc.internal.SerializingExecutor.run(SerializingExecutor.java:123)
	at java.util.concurrent.ThreadPoolExecutor.runWorker(ThreadPoolExecutor.java:1149)
	at java.util.concurrent.ThreadPoolExecutor$Worker.run(ThreadPoolExecutor.java:624)
	at java.lang.Thread.run(Thread.java:748)
Caused by: org.apache.ratis.protocol.NotLeaderException: Server c5696339-f7f1-498d-af08-21c1da000d10@group-7A3F6B1A5152 is not the leader da2ac404-9c11-49fb-ad63-5e4e1a7475af:172.17.0.2:42475
	at org.apache.ratis.client.impl.ClientProtoUtils.toRaftClientReply(ClientProtoUtils.java:271)
	at org.apache.ratis.grpc.client.GrpcClientProtocolClient$AsyncStreamObservers$1.onNext(GrpcClientProtocolClient.java:274)
	... 9 more
</error>
    <system-out><![CDATA[2020-05-19 09:28:33,886 [main] WARN  server.ServerUtils (ServerUtils.java:getScmDbDir(148)) - ozone.scm.db.dirs is not configured. We recommend adding this setting. Falling back to ozone.metadata.dirs instead.
2020-05-19 09:28:34,023 [main] WARN  server.ServerUtils (ServerUtils.java:getScmDbDir(148)) - ozone.scm.db.dirs is not configured. We recommend adding this setting. Falling back to ozone.metadata.dirs instead.
2020-05-19 09:28:34,180 [main] WARN  db.DBStoreBuilder (DBStoreBuilder.java:createDBStoreBuilder(277)) - ozone.scm.db.dirs is not configured. We recommend adding this setting. Falling back to ozone.metadata.dirs instead.
2020-05-19 09:28:34,380 [main] INFO  net.NodeSchemaLoader (NodeSchemaLoader.java:loadSchemaFromFile(126)) - Loading file from sun.misc.CompoundEnumeration@5bf7f15f
2020-05-19 09:28:34,383 [main] INFO  net.NodeSchemaLoader (NodeSchemaLoader.java:loadSchema(172)) - Loading network topology layer schema file
2020-05-19 09:28:34,490 [main] WARN  server.ServerUtils (ServerUtils.java:sanitizeUserArgs(73)) - ozone.scm.stale.node.interval value = 60000000 is larger than max = 100000 based on the key value of ozone.scm.heartbeat.thread.interval, reset to the max value 100000.
2020-05-19 09:28:34,492 [main] WARN  server.ServerUtils (ServerUtils.java:sanitizeUserArgs(73)) - ozone.scm.stale.node.interval value = 60000000 is larger than max = 100000 based on the key value of ozone.scm.heartbeat.thread.interval, reset to the max value 100000.
2020-05-19 09:28:34,499 [main] INFO  node.SCMNodeManager (SCMNodeManager.java:<init>(116)) - Entering startup safe mode.
2020-05-19 09:28:34,719 [main] INFO  algorithms.ContainerPlacementPolicyFactory (ContainerPlacementPolicyFactory.java:getPolicy(60)) - Create container placement policy of type org.apache.hadoop.hdds.scm.container.placement.algorithms.SCMContainerPlacementRandom
2020-05-19 09:28:34,754 [main] INFO  pipeline.SCMPipelineManager (SCMPipelineManager.java:initializePipelineState(158)) - No pipeline exists in current db
2020-05-19 09:28:34,842 [main] INFO  safemode.HealthyPipelineSafeModeRule (HealthyPipelineSafeModeRule.java:<init>(89)) - Total pipeline count is 0, healthy pipeline threshold count is 0
2020-05-19 09:28:34,849 [main] INFO  safemode.OneReplicaPipelineSafeModeRule (OneReplicaPipelineSafeModeRule.java:<init>(79)) - Total pipeline count is 0, pipeline's with at least one datanode reported threshold count is 0
2020-05-19 09:28:34,909 [RatisPipelineUtilsThread] ERROR pipeline.SCMPipelineManager (SCMPipelineManager.java:createPipeline(222)) - Failed to create pipeline of type RATIS and factor ONE. Exception: Cannot create pipeline of factor 1 using 0 nodes. Used 0 nodes. Healthy nodes 0
2020-05-19 09:28:35,480 [main] INFO  ipc.CallQueueManager (CallQueueManager.java:<init>(84)) - Using callQueue: class java.util.concurrent.LinkedBlockingQueue, queueCapacity: 2000, scheduler: class org.apache.hadoop.ipc.DefaultRpcScheduler, ipcBackoff: false.
2020-05-19 09:28:35,526 [Socket Reader #1 for port 0] INFO  ipc.Server (Server.java:run(1219)) - Starting Socket Reader #1 for port 0
2020-05-19 09:28:35,605 [Listener at 0.0.0.0/42919] INFO  ipc.CallQueueManager (CallQueueManager.java:<init>(84)) - Using callQueue: class java.util.concurrent.LinkedBlockingQueue, queueCapacity: 2000, scheduler: class org.apache.hadoop.ipc.DefaultRpcScheduler, ipcBackoff: false.
2020-05-19 09:28:35,610 [Socket Reader #1 for port 0] INFO  ipc.Server (Server.java:run(1219)) - Starting Socket Reader #1 for port 0
2020-05-19 09:28:35,623 [Listener at 0.0.0.0/39707] INFO  ipc.CallQueueManager (CallQueueManager.java:<init>(84)) - Using callQueue: class java.util.concurrent.LinkedBlockingQueue, queueCapacity: 2000, scheduler: class org.apache.hadoop.ipc.DefaultRpcScheduler, ipcBackoff: false.
2020-05-19 09:28:35,625 [Socket Reader #1 for port 0] INFO  ipc.Server (Server.java:run(1219)) - Starting Socket Reader #1 for port 0
2020-05-19 09:28:35,662 [Listener at 0.0.0.0/39343] INFO  http.BaseHttpServer (BaseHttpServer.java:newHttpServer2BuilderForOzone(205)) - Starting Web-server for scm at: http://0.0.0.0:0
2020-05-19 09:28:35,662 [Listener at 0.0.0.0/39343] INFO  http.BaseHttpServer (BaseHttpServer.java:<init>(106)) - Hadoop Security Enabled: false Ozone Security Enabled: false Ozone HTTP Security Enabled: false 
2020-05-19 09:28:35,717 [Listener at 0.0.0.0/39343] INFO  util.log (Log.java:initialized(169)) - Logging initialized @3486ms to org.eclipse.jetty.util.log.Slf4jLog
2020-05-19 09:28:35,930 [Listener at 0.0.0.0/39343] INFO  server.AuthenticationFilter (AuthenticationFilter.java:constructSecretProvider(240)) - Unable to initialize FileSignerSecretProvider, falling back to use random secrets.
2020-05-19 09:28:35,953 [Listener at 0.0.0.0/39343] WARN  http.HttpRequestLog (HttpRequestLog.java:getRequestLog(103)) - Jetty request log can only be enabled using Log4j
2020-05-19 09:28:35,959 [Listener at 0.0.0.0/39343] INFO  http.HttpServer2 (HttpServer2.java:addGlobalFilter(993)) - Added global filter 'safety' (class=org.apache.hadoop.hdds.server.http.HttpServer2$QuotingInputFilter)
2020-05-19 09:28:35,961 [Listener at 0.0.0.0/39343] INFO  http.HttpServer2 (HttpServer2.java:addFilter(969)) - Added filter authentication (class=org.apache.hadoop.security.authentication.server.AuthenticationFilter) to context scm
2020-05-19 09:28:35,961 [Listener at 0.0.0.0/39343] INFO  http.HttpServer2 (HttpServer2.java:addFilter(977)) - Added filter authentication (class=org.apache.hadoop.security.authentication.server.AuthenticationFilter) to context logs
2020-05-19 09:28:35,962 [Listener at 0.0.0.0/39343] INFO  http.HttpServer2 (HttpServer2.java:addFilter(977)) - Added filter authentication (class=org.apache.hadoop.security.authentication.server.AuthenticationFilter) to context static
2020-05-19 09:28:36,066 [Listener at 0.0.0.0/39343] INFO  server.StorageContainerManager (StorageContainerManager.java:start(781)) - StorageContainerLocationProtocol RPC server is listening at /0.0.0.0:39343
2020-05-19 09:28:36,154 [Listener at 0.0.0.0/39343] WARN  impl.MetricsConfig (MetricsConfig.java:loadFirst(134)) - Cannot locate configuration: tried hadoop-metrics2-storagecontainermanager.properties,hadoop-metrics2.properties
2020-05-19 09:28:36,174 [Listener at 0.0.0.0/39343] INFO  impl.MetricsSystemImpl (MetricsSystemImpl.java:startTimer(374)) - Scheduled Metric snapshot period at 10 second(s).
2020-05-19 09:28:36,175 [Listener at 0.0.0.0/39343] INFO  impl.MetricsSystemImpl (MetricsSystemImpl.java:start(191)) - StorageContainerManager metrics system started
2020-05-19 09:28:36,634 [Listener at 0.0.0.0/39343] INFO  server.SCMClientProtocolServer (SCMClientProtocolServer.java:start(157)) - RPC server for Client  is listening at /0.0.0.0:39343
2020-05-19 09:28:36,635 [IPC Server Responder] INFO  ipc.Server (Server.java:run(1460)) - IPC Server Responder: starting
2020-05-19 09:28:36,636 [IPC Server listener on 0] INFO  ipc.Server (Server.java:run(1298)) - IPC Server listener on 0: starting
2020-05-19 09:28:36,641 [Listener at 0.0.0.0/39343] INFO  server.StorageContainerManager (StorageContainerManager.java:start(793)) - ScmBlockLocationProtocol RPC server is listening at /0.0.0.0:39707
2020-05-19 09:28:36,642 [Listener at 0.0.0.0/39343] INFO  server.SCMBlockProtocolServer (SCMBlockProtocolServer.java:start(149)) - RPC server for Block Protocol is listening at /0.0.0.0:39707
2020-05-19 09:28:36,643 [IPC Server Responder] INFO  ipc.Server (Server.java:run(1460)) - IPC Server Responder: starting
2020-05-19 09:28:36,643 [IPC Server listener on 0] INFO  ipc.Server (Server.java:run(1298)) - IPC Server listener on 0: starting
2020-05-19 09:28:36,648 [Listener at 0.0.0.0/39343] INFO  server.StorageContainerManager (StorageContainerManager.java:start(799)) - ScmDatanodeProtocl RPC server is listening at /0.0.0.0:42919
2020-05-19 09:28:36,648 [Listener at 0.0.0.0/39343] INFO  server.SCMDatanodeProtocolServer (SCMDatanodeProtocolServer.java:start(172)) - RPC server for DataNodes is listening at /0.0.0.0:42919
2020-05-19 09:28:36,649 [IPC Server Responder] INFO  ipc.Server (Server.java:run(1460)) - IPC Server Responder: starting
2020-05-19 09:28:36,650 [IPC Server listener on 0] INFO  ipc.Server (Server.java:run(1298)) - IPC Server listener on 0: starting
2020-05-19 09:28:36,661 [Listener at 0.0.0.0/39343] INFO  http.HttpServer2 (HttpServer2.java:bindListener(1211)) - Jetty bound to port 40429
2020-05-19 09:28:36,663 [Listener at 0.0.0.0/39343] INFO  server.Server (Server.java:doStart(359)) - jetty-9.4.26.v20200117; built: 2020-01-17T12:35:33.676Z; git: 7b38981d25d14afb4a12ff1f2596756144edf695; jvm 1.8.0_232-b09
2020-05-19 09:28:36,718 [Listener at 0.0.0.0/39343] INFO  server.session (DefaultSessionIdManager.java:doStart(333)) - DefaultSessionIdManager workerName=node0
2020-05-19 09:28:36,721 [Listener at 0.0.0.0/39343] INFO  server.session (DefaultSessionIdManager.java:doStart(338)) - No SessionScavenger set, using defaults
2020-05-19 09:28:36,725 [Listener at 0.0.0.0/39343] INFO  server.session (HouseKeeper.java:startScavenging(140)) - node0 Scavenging every 660000ms
2020-05-19 09:28:36,749 [Listener at 0.0.0.0/39343] INFO  server.AuthenticationFilter (AuthenticationFilter.java:constructSecretProvider(240)) - Unable to initialize FileSignerSecretProvider, falling back to use random secrets.
2020-05-19 09:28:36,753 [Listener at 0.0.0.0/39343] INFO  handler.ContextHandler (ContextHandler.java:doStart(825)) - Started o.e.j.s.ServletContextHandler@207b440f{logs,/logs,file:///github/workspace/mnt/ozone/hadoop-ozone/integration-test/target/log,AVAILABLE}
2020-05-19 09:28:36,756 [Listener at 0.0.0.0/39343] INFO  handler.ContextHandler (ContextHandler.java:doStart(825)) - Started o.e.j.s.ServletContextHandler@1569e9d7{static,/static,file:///github/workspace/mnt/ozone/hadoop-ozone/integration-test/target/test-classes/webapps/static,AVAILABLE}
2020-05-19 09:28:36,828 [Listener at 0.0.0.0/39343] INFO  handler.ContextHandler (ContextHandler.java:doStart(825)) - Started o.e.j.w.WebAppContext@10c4eb9a{scm,/,file:///github/workspace/mnt/ozone/hadoop-ozone/integration-test/target/test-classes/webapps/scm/,AVAILABLE}{file:/github/workspace/mnt/ozone/hadoop-ozone/integration-test/target/test-classes/webapps/scm}
2020-05-19 09:28:36,844 [Listener at 0.0.0.0/39343] INFO  server.AbstractConnector (AbstractConnector.java:doStart(330)) - Started ServerConnector@4bd47b75{HTTP/1.1,[http/1.1]}{0.0.0.0:40429}
2020-05-19 09:28:36,845 [Listener at 0.0.0.0/39343] INFO  server.Server (Server.java:doStart(399)) - Started @4613ms
2020-05-19 09:28:36,850 [Listener at 0.0.0.0/39343] INFO  impl.MetricsSinkAdapter (MetricsSinkAdapter.java:start(204)) - Sink prometheus started
2020-05-19 09:28:36,850 [Listener at 0.0.0.0/39343] INFO  impl.MetricsSystemImpl (MetricsSystemImpl.java:registerSink(301)) - Registered sink prometheus
2020-05-19 09:28:36,854 [Listener at 0.0.0.0/39343] INFO  http.BaseHttpServer (BaseHttpServer.java:updateConnectorAddress(325)) - HTTP server of scm listening at http://0.0.0.0:40429
2020-05-19 09:28:36,868 [Listener at 0.0.0.0/39343] WARN  server.ServerUtils (ServerUtils.java:getDBPath(225)) - ozone.om.db.dirs is not configured. We recommend adding this setting. Falling back to ozone.metadata.dirs instead.
2020-05-19 09:28:36,873 [org.apache.hadoop.util.JvmPauseMonitor$Monitor@14f8e7fd] INFO  util.JvmPauseMonitor (JvmPauseMonitor.java:run(188)) - Starting JVM pause monitor
2020-05-19 09:28:37,039 [Listener at 0.0.0.0/39343] INFO  ha.OMHANodeDetails (OMHANodeDetails.java:loadOMHAConfig(104)) - ozone.om.internal.service.id is not defined, falling back to ozone.om.service.ids to find serviceID for OzoneManager if it is HA enabled cluster
2020-05-19 09:28:37,044 [Listener at 0.0.0.0/39343] INFO  ha.OMHANodeDetails (OMHANodeDetails.java:loadOMHAConfig(207)) - Configuration either no ozone.om.address set. Falling back to the default OM address /127.0.0.1:0
2020-05-19 09:28:37,044 [Listener at 0.0.0.0/39343] INFO  ha.OMHANodeDetails (OMHANodeDetails.java:getOMNodeDetails(237)) - OM Service ID is not set. Setting it to the default ID: omServiceIdDefault
2020-05-19 09:28:37,047 [Listener at 0.0.0.0/39343] WARN  server.ServerUtils (ServerUtils.java:getDBPath(225)) - ozone.om.db.dirs is not configured. We recommend adding this setting. Falling back to ozone.metadata.dirs instead.
2020-05-19 09:28:37,049 [Listener at 0.0.0.0/39343] WARN  server.ServerUtils (ServerUtils.java:getDBPath(225)) - ozone.om.db.dirs is not configured. We recommend adding this setting. Falling back to ozone.metadata.dirs instead.
2020-05-19 09:28:37,901 [Listener at 0.0.0.0/39343] WARN  server.ServerUtils (ServerUtils.java:getDBPath(225)) - ozone.om.db.dirs is not configured. We recommend adding this setting. Falling back to ozone.metadata.dirs instead.
2020-05-19 09:28:38,040 [Listener at 0.0.0.0/39343] INFO  ipc.CallQueueManager (CallQueueManager.java:<init>(84)) - Using callQueue: class java.util.concurrent.LinkedBlockingQueue, queueCapacity: 2000, scheduler: class org.apache.hadoop.ipc.DefaultRpcScheduler, ipcBackoff: false.
2020-05-19 09:28:38,042 [Socket Reader #1 for port 0] INFO  ipc.Server (Server.java:run(1219)) - Starting Socket Reader #1 for port 0
2020-05-19 09:28:38,091 [Listener at 127.0.0.1/43761] INFO  impl.MetricsSystemImpl (MetricsSystemImpl.java:init(158)) - OzoneManager metrics system started (again)
2020-05-19 09:28:38,094 [Listener at 127.0.0.1/43761] INFO  om.OzoneManager (OzoneManager.java:start(1100)) - OzoneManager RPC server is listening at localhost/127.0.0.1:43761
2020-05-19 09:28:38,121 [IPC Server Responder] INFO  ipc.Server (Server.java:run(1460)) - IPC Server Responder: starting
2020-05-19 09:28:38,130 [IPC Server listener on 0] INFO  ipc.Server (Server.java:run(1298)) - IPC Server listener on 0: starting
2020-05-19 09:28:38,144 [Listener at 127.0.0.1/43761] INFO  http.BaseHttpServer (BaseHttpServer.java:newHttpServer2BuilderForOzone(205)) - Starting Web-server for ozoneManager at: http://0.0.0.0:0
2020-05-19 09:28:38,145 [Listener at 127.0.0.1/43761] INFO  http.BaseHttpServer (BaseHttpServer.java:<init>(106)) - Hadoop Security Enabled: false Ozone Security Enabled: false Ozone HTTP Security Enabled: false 
2020-05-19 09:28:38,149 [Listener at 127.0.0.1/43761] INFO  server.AuthenticationFilter (AuthenticationFilter.java:constructSecretProvider(240)) - Unable to initialize FileSignerSecretProvider, falling back to use random secrets.
2020-05-19 09:28:38,150 [Listener at 127.0.0.1/43761] WARN  http.HttpRequestLog (HttpRequestLog.java:getRequestLog(103)) - Jetty request log can only be enabled using Log4j
2020-05-19 09:28:38,152 [Listener at 127.0.0.1/43761] INFO  http.HttpServer2 (HttpServer2.java:addGlobalFilter(993)) - Added global filter 'safety' (class=org.apache.hadoop.hdds.server.http.HttpServer2$QuotingInputFilter)
2020-05-19 09:28:38,153 [Listener at 127.0.0.1/43761] INFO  http.HttpServer2 (HttpServer2.java:addFilter(969)) - Added filter authentication (class=org.apache.hadoop.security.authentication.server.AuthenticationFilter) to context ozoneManager
2020-05-19 09:28:38,153 [Listener at 127.0.0.1/43761] INFO  http.HttpServer2 (HttpServer2.java:addFilter(977)) - Added filter authentication (class=org.apache.hadoop.security.authentication.server.AuthenticationFilter) to context static
2020-05-19 09:28:38,153 [Listener at 127.0.0.1/43761] INFO  http.HttpServer2 (HttpServer2.java:addFilter(977)) - Added filter authentication (class=org.apache.hadoop.security.authentication.server.AuthenticationFilter) to context logs
2020-05-19 09:28:38,162 [Listener at 127.0.0.1/43761] INFO  http.HttpServer2 (HttpServer2.java:bindListener(1211)) - Jetty bound to port 32837
2020-05-19 09:28:38,162 [Listener at 127.0.0.1/43761] INFO  server.Server (Server.java:doStart(359)) - jetty-9.4.26.v20200117; built: 2020-01-17T12:35:33.676Z; git: 7b38981d25d14afb4a12ff1f2596756144edf695; jvm 1.8.0_232-b09
2020-05-19 09:28:38,164 [Listener at 127.0.0.1/43761] INFO  server.session (DefaultSessionIdManager.java:doStart(333)) - DefaultSessionIdManager workerName=node0
2020-05-19 09:28:38,164 [Listener at 127.0.0.1/43761] INFO  server.session (DefaultSessionIdManager.java:doStart(338)) - No SessionScavenger set, using defaults
2020-05-19 09:28:38,165 [Listener at 127.0.0.1/43761] INFO  server.session (HouseKeeper.java:startScavenging(140)) - node0 Scavenging every 600000ms
2020-05-19 09:28:38,167 [Listener at 127.0.0.1/43761] INFO  server.AuthenticationFilter (AuthenticationFilter.java:constructSecretProvider(240)) - Unable to initialize FileSignerSecretProvider, falling back to use random secrets.
2020-05-19 09:28:38,168 [Listener at 127.0.0.1/43761] INFO  handler.ContextHandler (ContextHandler.java:doStart(825)) - Started o.e.j.s.ServletContextHandler@1343574e{logs,/logs,file:///github/workspace/mnt/ozone/hadoop-ozone/integration-test/target/log,AVAILABLE}
2020-05-19 09:28:38,169 [Listener at 127.0.0.1/43761] INFO  handler.ContextHandler (ContextHandler.java:doStart(825)) - Started o.e.j.s.ServletContextHandler@26aec38f{static,/static,file:///github/workspace/mnt/ozone/hadoop-ozone/integration-test/target/test-classes/webapps/static,AVAILABLE}
2020-05-19 09:28:38,176 [Listener at 127.0.0.1/43761] INFO  handler.ContextHandler (ContextHandler.java:doStart(825)) - Started o.e.j.w.WebAppContext@6aa626ab{ozoneManager,/,file:///github/workspace/mnt/ozone/hadoop-ozone/integration-test/target/test-classes/webapps/ozoneManager/,AVAILABLE}{file:/github/workspace/mnt/ozone/hadoop-ozone/integration-test/target/test-classes/webapps/ozoneManager}
2020-05-19 09:28:38,186 [Listener at 127.0.0.1/43761] INFO  server.AbstractConnector (AbstractConnector.java:doStart(330)) - Started ServerConnector@5eca7517{HTTP/1.1,[http/1.1]}{0.0.0.0:32837}
2020-05-19 09:28:38,186 [Listener at 127.0.0.1/43761] INFO  server.Server (Server.java:doStart(399)) - Started @5954ms
2020-05-19 09:28:38,187 [Listener at 127.0.0.1/43761] WARN  impl.MetricsSystemImpl (MetricsSystemImpl.java:register(276)) - Sink prometheus already exists!
2020-05-19 09:28:38,190 [Listener at 127.0.0.1/43761] INFO  http.BaseHttpServer (BaseHttpServer.java:updateConnectorAddress(325)) - HTTP server of ozoneManager listening at http://0.0.0.0:32837
2020-05-19 09:28:38,205 [org.apache.hadoop.util.JvmPauseMonitor$Monitor@6c27f2a5] INFO  util.JvmPauseMonitor (JvmPauseMonitor.java:run(188)) - Starting JVM pause monitor
2020-05-19 09:28:38,343 [Listener at 127.0.0.1/43761] INFO  metrics.MetricRegistries (MetricRegistriesLoader.java:load(64)) - Loaded MetricRegistries class org.apache.ratis.metrics.impl.MetricRegistriesImpl
2020-05-19 09:28:38,344 [Listener at 127.0.0.1/43761] INFO  impl.MetricsSystemImpl (MetricsSystemImpl.java:init(158)) - HddsDatanode metrics system started (again)
2020-05-19 09:28:38,349 [Listener at 127.0.0.1/43761] INFO  ozone.HddsDatanodeService (HddsDatanodeService.java:start(204)) - HddsDatanodeService host:b7b621f2746c ip:172.17.0.2
2020-05-19 09:28:38,414 [Listener at 127.0.0.1/43761] INFO  volume.HddsVolume (HddsVolume.java:<init>(176)) - Creating Volume: /github/workspace/mnt/ozone/hadoop-ozone/integration-test/target/test-dir/MiniOzoneClusterImpl-5052868c-af14-42ec-a08a-76835f874d4b/datanode-0/data-0/containers/hdds of storage type : DISK and capacity : 9223372036854775807
2020-05-19 09:28:38,417 [Listener at 127.0.0.1/43761] INFO  volume.MutableVolumeSet (MutableVolumeSet.java:initializeVolumeSet(181)) - Added Volume : /github/workspace/mnt/ozone/hadoop-ozone/integration-test/target/test-dir/MiniOzoneClusterImpl-5052868c-af14-42ec-a08a-76835f874d4b/datanode-0/data-0/containers/hdds to VolumeSet
2020-05-19 09:28:38,418 [Listener at 127.0.0.1/43761] INFO  volume.ThrottledAsyncChecker (ThrottledAsyncChecker.java:schedule(141)) - Scheduling a check for /github/workspace/mnt/ozone/hadoop-ozone/integration-test/target/test-dir/MiniOzoneClusterImpl-5052868c-af14-42ec-a08a-76835f874d4b/datanode-0/data-0/containers/hdds
2020-05-19 09:28:38,442 [Listener at 127.0.0.1/43761] INFO  volume.HddsVolumeChecker (HddsVolumeChecker.java:checkAllVolumes(200)) - Scheduled health check for volume /github/workspace/mnt/ozone/hadoop-ozone/integration-test/target/test-dir/MiniOzoneClusterImpl-5052868c-af14-42ec-a08a-76835f874d4b/datanode-0/data-0/containers/hdds
2020-05-19 09:28:38,618 [Listener at 127.0.0.1/43761] INFO  impl.RaftServerProxy (ConfUtils.java:logGet(44)) - raft.rpc.type = GRPC (default)
2020-05-19 09:28:38,754 [Listener at 127.0.0.1/43761] INFO  grpc.GrpcFactory (GrpcFactory.java:checkPooledByteBufAllocatorUseCacheForAllThreads(45)) - PERFORMANCE WARNING: useCacheForAllThreads is true that may cause Netty to create a lot garbage objects and, as a result, trigger GC.
	It is recommended to disable useCacheForAllThreads by setting -Dorg.apache.ratis.thirdparty.io.netty.allocator.useCacheForAllThreads=false in command line.
2020-05-19 09:28:38,759 [Listener at 127.0.0.1/43761] INFO  grpc.GrpcConfigKeys (ConfUtils.java:logGet(44)) - raft.grpc.server.port = 0 (default)
2020-05-19 09:28:38,760 [Listener at 127.0.0.1/43761] INFO  server.GrpcService (ConfUtils.java:logGet(44)) - raft.grpc.message.size.max = 32MB (=33554432) (custom)
2020-05-19 09:28:38,761 [Listener at 127.0.0.1/43761] INFO  server.RaftServerConfigKeys (ConfUtils.java:logGet(44)) - raft.server.log.appender.buffer.byte-limit = 33554432 (custom)
2020-05-19 09:28:38,762 [Listener at 127.0.0.1/43761] INFO  server.GrpcService (ConfUtils.java:logGet(44)) - raft.grpc.flow.control.window = 5MB (=5242880) (custom)
2020-05-19 09:28:38,763 [Listener at 127.0.0.1/43761] INFO  server.RaftServerConfigKeys (ConfUtils.java:logGet(44)) - raft.server.rpc.request.timeout = 3s (default)
2020-05-19 09:28:39,043 [Listener at 127.0.0.1/43761] INFO  server.RaftServerConfigKeys (ConfUtils.java:logGet(44)) - raft.server.storage.dir = [/github/workspace/mnt/ozone/hadoop-ozone/integration-test/target/test-dir/MiniOzoneClusterImpl-5052868c-af14-42ec-a08a-76835f874d4b/datanode-0/data/ratis] (custom)
2020-05-19 09:28:39,140 [Listener at 127.0.0.1/43761] INFO  http.BaseHttpServer (BaseHttpServer.java:newHttpServer2BuilderForOzone(205)) - Starting Web-server for hddsDatanode at: http://0.0.0.0:0
2020-05-19 09:28:39,140 [Listener at 127.0.0.1/43761] INFO  http.BaseHttpServer (BaseHttpServer.java:<init>(106)) - Hadoop Security Enabled: false Ozone Security Enabled: false Ozone HTTP Security Enabled: false 
2020-05-19 09:28:39,142 [Listener at 127.0.0.1/43761] INFO  server.AuthenticationFilter (AuthenticationFilter.java:constructSecretProvider(240)) - Unable to initialize FileSignerSecretProvider, falling back to use random secrets.
2020-05-19 09:28:39,145 [Listener at 127.0.0.1/43761] WARN  http.HttpRequestLog (HttpRequestLog.java:getRequestLog(103)) - Jetty request log can only be enabled using Log4j
2020-05-19 09:28:39,146 [Listener at 127.0.0.1/43761] INFO  http.HttpServer2 (HttpServer2.java:addGlobalFilter(993)) - Added global filter 'safety' (class=org.apache.hadoop.hdds.server.http.HttpServer2$QuotingInputFilter)
2020-05-19 09:28:39,148 [Listener at 127.0.0.1/43761] INFO  http.HttpServer2 (HttpServer2.java:addFilter(969)) - Added filter authentication (class=org.apache.hadoop.security.authentication.server.AuthenticationFilter) to context hddsDatanode
2020-05-19 09:28:39,148 [Listener at 127.0.0.1/43761] INFO  http.HttpServer2 (HttpServer2.java:addFilter(977)) - Added filter authentication (class=org.apache.hadoop.security.authentication.server.AuthenticationFilter) to context logs
2020-05-19 09:28:39,148 [Listener at 127.0.0.1/43761] INFO  http.HttpServer2 (HttpServer2.java:addFilter(977)) - Added filter authentication (class=org.apache.hadoop.security.authentication.server.AuthenticationFilter) to context static
2020-05-19 09:28:39,151 [Listener at 127.0.0.1/43761] INFO  http.HttpServer2 (HttpServer2.java:bindListener(1211)) - Jetty bound to port 35457
2020-05-19 09:28:39,151 [Listener at 127.0.0.1/43761] INFO  server.Server (Server.java:doStart(359)) - jetty-9.4.26.v20200117; built: 2020-01-17T12:35:33.676Z; git: 7b38981d25d14afb4a12ff1f2596756144edf695; jvm 1.8.0_232-b09
2020-05-19 09:28:39,159 [Listener at 127.0.0.1/43761] INFO  server.session (DefaultSessionIdManager.java:doStart(333)) - DefaultSessionIdManager workerName=node0
2020-05-19 09:28:39,160 [Listener at 127.0.0.1/43761] INFO  server.session (DefaultSessionIdManager.java:doStart(338)) - No SessionScavenger set, using defaults
2020-05-19 09:28:39,160 [Listener at 127.0.0.1/43761] INFO  server.session (HouseKeeper.java:startScavenging(140)) - node0 Scavenging every 660000ms
2020-05-19 09:28:39,164 [Listener at 127.0.0.1/43761] INFO  server.AuthenticationFilter (AuthenticationFilter.java:constructSecretProvider(240)) - Unable to initialize FileSignerSecretProvider, falling back to use random secrets.
2020-05-19 09:28:39,165 [Listener at 127.0.0.1/43761] INFO  handler.ContextHandler (ContextHandler.java:doStart(825)) - Started o.e.j.s.ServletContextHandler@3ba16088{logs,/logs,file:///github/workspace/mnt/ozone/hadoop-ozone/integration-test/target/log,AVAILABLE}
2020-05-19 09:28:39,166 [Listener at 127.0.0.1/43761] INFO  handler.ContextHandler (ContextHandler.java:doStart(825)) - Started o.e.j.s.ServletContextHandler@77e52acb{static,/static,jar:file:/home/user/.m2/repository/org/apache/hadoop/hadoop-hdds-container-service/0.6.0-SNAPSHOT/hadoop-hdds-container-service-0.6.0-SNAPSHOT.jar!/webapps/static,AVAILABLE}
2020-05-19 09:28:39,217 [Listener at 127.0.0.1/43761] INFO  handler.ContextHandler (ContextHandler.java:doStart(825)) - Started o.e.j.w.WebAppContext@3ab5cab2{hddsDatanode,/,file:///tmp/jetty-0_0_0_0-35457-hadoop-hdds-container-service-0_6_0-SNAPSHOT_jar-_-any-2130980258268766187.dir/webapp/,AVAILABLE}{jar:file:/home/user/.m2/repository/org/apache/hadoop/hadoop-hdds-container-service/0.6.0-SNAPSHOT/hadoop-hdds-container-service-0.6.0-SNAPSHOT.jar!/webapps/hddsDatanode}
2020-05-19 09:28:39,219 [Listener at 127.0.0.1/43761] INFO  server.AbstractConnector (AbstractConnector.java:doStart(330)) - Started ServerConnector@5617e94b{HTTP/1.1,[http/1.1]}{0.0.0.0:35457}
2020-05-19 09:28:39,227 [Listener at 127.0.0.1/43761] INFO  server.Server (Server.java:doStart(399)) - Started @6996ms
2020-05-19 09:28:39,228 [Listener at 127.0.0.1/43761] WARN  impl.MetricsSystemImpl (MetricsSystemImpl.java:register(276)) - Sink prometheus already exists!
2020-05-19 09:28:39,233 [Listener at 127.0.0.1/43761] INFO  http.BaseHttpServer (BaseHttpServer.java:updateConnectorAddress(325)) - HTTP server of hddsDatanode listening at http://0.0.0.0:35457
2020-05-19 09:28:39,235 [Listener at 127.0.0.1/43761] INFO  impl.MetricsSystemImpl (MetricsSystemImpl.java:init(158)) - HddsDatanode metrics system started (again)
2020-05-19 09:28:39,237 [Listener at 127.0.0.1/43761] INFO  ozone.HddsDatanodeService (HddsDatanodeService.java:start(204)) - HddsDatanodeService host:b7b621f2746c ip:172.17.0.2
2020-05-19 09:28:39,238 [Listener at 127.0.0.1/43761] INFO  volume.HddsVolume (HddsVolume.java:<init>(176)) - Creating Volume: /github/workspace/mnt/ozone/hadoop-ozone/integration-test/target/test-dir/MiniOzoneClusterImpl-5052868c-af14-42ec-a08a-76835f874d4b/datanode-1/data-0/containers/hdds of storage type : DISK and capacity : 9223372036854775807
2020-05-19 09:28:39,239 [Listener at 127.0.0.1/43761] INFO  volume.MutableVolumeSet (MutableVolumeSet.java:initializeVolumeSet(181)) - Added Volume : /github/workspace/mnt/ozone/hadoop-ozone/integration-test/target/test-dir/MiniOzoneClusterImpl-5052868c-af14-42ec-a08a-76835f874d4b/datanode-1/data-0/containers/hdds to VolumeSet
2020-05-19 09:28:39,239 [Listener at 127.0.0.1/43761] INFO  volume.ThrottledAsyncChecker (ThrottledAsyncChecker.java:schedule(141)) - Scheduling a check for /github/workspace/mnt/ozone/hadoop-ozone/integration-test/target/test-dir/MiniOzoneClusterImpl-5052868c-af14-42ec-a08a-76835f874d4b/datanode-1/data-0/containers/hdds
2020-05-19 09:28:39,244 [Listener at 127.0.0.1/43761] INFO  volume.HddsVolumeChecker (HddsVolumeChecker.java:checkAllVolumes(200)) - Scheduled health check for volume /github/workspace/mnt/ozone/hadoop-ozone/integration-test/target/test-dir/MiniOzoneClusterImpl-5052868c-af14-42ec-a08a-76835f874d4b/datanode-1/data-0/containers/hdds
2020-05-19 09:28:39,281 [org.apache.hadoop.util.JvmPauseMonitor$Monitor@14b0654c] INFO  util.JvmPauseMonitor (JvmPauseMonitor.java:run(188)) - Starting JVM pause monitor
2020-05-19 09:28:39,293 [Listener at 127.0.0.1/43761] INFO  impl.RaftServerProxy (ConfUtils.java:logGet(44)) - raft.rpc.type = GRPC (default)
2020-05-19 09:28:39,293 [Listener at 127.0.0.1/43761] INFO  grpc.GrpcFactory (GrpcFactory.java:checkPooledByteBufAllocatorUseCacheForAllThreads(45)) - PERFORMANCE WARNING: useCacheForAllThreads is true that may cause Netty to create a lot garbage objects and, as a result, trigger GC.
	It is recommended to disable useCacheForAllThreads by setting -Dorg.apache.ratis.thirdparty.io.netty.allocator.useCacheForAllThreads=false in command line.
2020-05-19 09:28:39,301 [Listener at 127.0.0.1/43761] INFO  grpc.GrpcConfigKeys (ConfUtils.java:logGet(44)) - raft.grpc.server.port = 0 (default)
2020-05-19 09:28:39,302 [Listener at 127.0.0.1/43761] INFO  server.GrpcService (ConfUtils.java:logGet(44)) - raft.grpc.message.size.max = 32MB (=33554432) (custom)
2020-05-19 09:28:39,302 [Listener at 127.0.0.1/43761] INFO  server.RaftServerConfigKeys (ConfUtils.java:logGet(44)) - raft.server.log.appender.buffer.byte-limit = 33554432 (custom)
2020-05-19 09:28:39,302 [Listener at 127.0.0.1/43761] INFO  server.GrpcService (ConfUtils.java:logGet(44)) - raft.grpc.flow.control.window = 5MB (=5242880) (custom)
2020-05-19 09:28:39,302 [Listener at 127.0.0.1/43761] INFO  server.RaftServerConfigKeys (ConfUtils.java:logGet(44)) - raft.server.rpc.request.timeout = 3s (default)
2020-05-19 09:28:39,304 [Listener at 127.0.0.1/43761] INFO  server.RaftServerConfigKeys (ConfUtils.java:logGet(44)) - raft.server.storage.dir = [/github/workspace/mnt/ozone/hadoop-ozone/integration-test/target/test-dir/MiniOzoneClusterImpl-5052868c-af14-42ec-a08a-76835f874d4b/datanode-1/data/ratis] (custom)
2020-05-19 09:28:39,308 [Listener at 127.0.0.1/43761] INFO  http.BaseHttpServer (BaseHttpServer.java:newHttpServer2BuilderForOzone(205)) - Starting Web-server for hddsDatanode at: http://0.0.0.0:0
2020-05-19 09:28:39,308 [Listener at 127.0.0.1/43761] INFO  http.BaseHttpServer (BaseHttpServer.java:<init>(106)) - Hadoop Security Enabled: false Ozone Security Enabled: false Ozone HTTP Security Enabled: false 
2020-05-19 09:28:39,310 [Listener at 127.0.0.1/43761] INFO  server.AuthenticationFilter (AuthenticationFilter.java:constructSecretProvider(240)) - Unable to initialize FileSignerSecretProvider, falling back to use random secrets.
2020-05-19 09:28:39,317 [Listener at 127.0.0.1/43761] WARN  http.HttpRequestLog (HttpRequestLog.java:getRequestLog(103)) - Jetty request log can only be enabled using Log4j
2020-05-19 09:28:39,318 [Listener at 127.0.0.1/43761] INFO  http.HttpServer2 (HttpServer2.java:addGlobalFilter(993)) - Added global filter 'safety' (class=org.apache.hadoop.hdds.server.http.HttpServer2$QuotingInputFilter)
2020-05-19 09:28:39,319 [Listener at 127.0.0.1/43761] INFO  http.HttpServer2 (HttpServer2.java:addFilter(969)) - Added filter authentication (class=org.apache.hadoop.security.authentication.server.AuthenticationFilter) to context hddsDatanode
2020-05-19 09:28:39,319 [Listener at 127.0.0.1/43761] INFO  http.HttpServer2 (HttpServer2.java:addFilter(977)) - Added filter authentication (class=org.apache.hadoop.security.authentication.server.AuthenticationFilter) to context static
2020-05-19 09:28:39,320 [Listener at 127.0.0.1/43761] INFO  http.HttpServer2 (HttpServer2.java:addFilter(977)) - Added filter authentication (class=org.apache.hadoop.security.authentication.server.AuthenticationFilter) to context logs
2020-05-19 09:28:39,320 [Listener at 127.0.0.1/43761] INFO  http.HttpServer2 (HttpServer2.java:bindListener(1211)) - Jetty bound to port 37205
2020-05-19 09:28:39,320 [Listener at 127.0.0.1/43761] INFO  server.Server (Server.java:doStart(359)) - jetty-9.4.26.v20200117; built: 2020-01-17T12:35:33.676Z; git: 7b38981d25d14afb4a12ff1f2596756144edf695; jvm 1.8.0_232-b09
2020-05-19 09:28:39,325 [Listener at 127.0.0.1/43761] INFO  server.session (DefaultSessionIdManager.java:doStart(333)) - DefaultSessionIdManager workerName=node0
2020-05-19 09:28:39,326 [Listener at 127.0.0.1/43761] INFO  server.session (DefaultSessionIdManager.java:doStart(338)) - No SessionScavenger set, using defaults
2020-05-19 09:28:39,326 [Listener at 127.0.0.1/43761] INFO  server.session (HouseKeeper.java:startScavenging(140)) - node0 Scavenging every 660000ms
2020-05-19 09:28:39,327 [Listener at 127.0.0.1/43761] INFO  server.AuthenticationFilter (AuthenticationFilter.java:constructSecretProvider(240)) - Unable to initialize FileSignerSecretProvider, falling back to use random secrets.
2020-05-19 09:28:39,333 [Listener at 127.0.0.1/43761] INFO  handler.ContextHandler (ContextHandler.java:doStart(825)) - Started o.e.j.s.ServletContextHandler@2344c39b{logs,/logs,file:///github/workspace/mnt/ozone/hadoop-ozone/integration-test/target/log,AVAILABLE}
2020-05-19 09:28:39,334 [Listener at 127.0.0.1/43761] INFO  handler.ContextHandler (ContextHandler.java:doStart(825)) - Started o.e.j.s.ServletContextHandler@51782698{static,/static,jar:file:/home/user/.m2/repository/org/apache/hadoop/hadoop-hdds-container-service/0.6.0-SNAPSHOT/hadoop-hdds-container-service-0.6.0-SNAPSHOT.jar!/webapps/static,AVAILABLE}
2020-05-19 09:28:39,377 [Listener at 127.0.0.1/43761] INFO  handler.ContextHandler (ContextHandler.java:doStart(825)) - Started o.e.j.w.WebAppContext@a807d5b{hddsDatanode,/,file:///tmp/jetty-0_0_0_0-37205-hadoop-hdds-container-service-0_6_0-SNAPSHOT_jar-_-any-5874649807520037622.dir/webapp/,AVAILABLE}{jar:file:/home/user/.m2/repository/org/apache/hadoop/hadoop-hdds-container-service/0.6.0-SNAPSHOT/hadoop-hdds-container-service-0.6.0-SNAPSHOT.jar!/webapps/hddsDatanode}
2020-05-19 09:28:39,380 [Listener at 127.0.0.1/43761] INFO  server.AbstractConnector (AbstractConnector.java:doStart(330)) - Started ServerConnector@149684e0{HTTP/1.1,[http/1.1]}{0.0.0.0:37205}
2020-05-19 09:28:39,380 [Listener at 127.0.0.1/43761] INFO  server.Server (Server.java:doStart(399)) - Started @7148ms
2020-05-19 09:28:39,381 [Listener at 127.0.0.1/43761] WARN  impl.MetricsSystemImpl (MetricsSystemImpl.java:register(276)) - Sink prometheus already exists!
2020-05-19 09:28:39,384 [Listener at 127.0.0.1/43761] INFO  http.BaseHttpServer (BaseHttpServer.java:updateConnectorAddress(325)) - HTTP server of hddsDatanode listening at http://0.0.0.0:37205
2020-05-19 09:28:39,387 [Listener at 127.0.0.1/43761] INFO  impl.MetricsSystemImpl (MetricsSystemImpl.java:init(158)) - HddsDatanode metrics system started (again)
2020-05-19 09:28:39,388 [Listener at 127.0.0.1/43761] INFO  ozone.HddsDatanodeService (HddsDatanodeService.java:start(204)) - HddsDatanodeService host:b7b621f2746c ip:172.17.0.2
2020-05-19 09:28:39,406 [Listener at 127.0.0.1/43761] INFO  volume.HddsVolume (HddsVolume.java:<init>(176)) - Creating Volume: /github/workspace/mnt/ozone/hadoop-ozone/integration-test/target/test-dir/MiniOzoneClusterImpl-5052868c-af14-42ec-a08a-76835f874d4b/datanode-2/data-0/containers/hdds of storage type : DISK and capacity : 9223372036854775807
2020-05-19 09:28:39,406 [Listener at 127.0.0.1/43761] INFO  volume.MutableVolumeSet (MutableVolumeSet.java:initializeVolumeSet(181)) - Added Volume : /github/workspace/mnt/ozone/hadoop-ozone/integration-test/target/test-dir/MiniOzoneClusterImpl-5052868c-af14-42ec-a08a-76835f874d4b/datanode-2/data-0/containers/hdds to VolumeSet
2020-05-19 09:28:39,407 [Listener at 127.0.0.1/43761] INFO  volume.ThrottledAsyncChecker (ThrottledAsyncChecker.java:schedule(141)) - Scheduling a check for /github/workspace/mnt/ozone/hadoop-ozone/integration-test/target/test-dir/MiniOzoneClusterImpl-5052868c-af14-42ec-a08a-76835f874d4b/datanode-2/data-0/containers/hdds
2020-05-19 09:28:39,415 [Listener at 127.0.0.1/43761] INFO  volume.HddsVolumeChecker (HddsVolumeChecker.java:checkAllVolumes(200)) - Scheduled health check for volume /github/workspace/mnt/ozone/hadoop-ozone/integration-test/target/test-dir/MiniOzoneClusterImpl-5052868c-af14-42ec-a08a-76835f874d4b/datanode-2/data-0/containers/hdds
2020-05-19 09:28:39,465 [org.apache.hadoop.util.JvmPauseMonitor$Monitor@1e70a7b9] INFO  util.JvmPauseMonitor (JvmPauseMonitor.java:run(188)) - Starting JVM pause monitor
2020-05-19 09:28:39,483 [Listener at 127.0.0.1/43761] INFO  impl.RaftServerProxy (ConfUtils.java:logGet(44)) - raft.rpc.type = GRPC (default)
2020-05-19 09:28:39,484 [Listener at 127.0.0.1/43761] INFO  grpc.GrpcFactory (GrpcFactory.java:checkPooledByteBufAllocatorUseCacheForAllThreads(45)) - PERFORMANCE WARNING: useCacheForAllThreads is true that may cause Netty to create a lot garbage objects and, as a result, trigger GC.
	It is recommended to disable useCacheForAllThreads by setting -Dorg.apache.ratis.thirdparty.io.netty.allocator.useCacheForAllThreads=false in command line.
2020-05-19 09:28:39,484 [Listener at 127.0.0.1/43761] INFO  grpc.GrpcConfigKeys (ConfUtils.java:logGet(44)) - raft.grpc.server.port = 0 (default)
2020-05-19 09:28:39,484 [Listener at 127.0.0.1/43761] INFO  server.GrpcService (ConfUtils.java:logGet(44)) - raft.grpc.message.size.max = 32MB (=33554432) (custom)
2020-05-19 09:28:39,485 [Listener at 127.0.0.1/43761] INFO  server.RaftServerConfigKeys (ConfUtils.java:logGet(44)) - raft.server.log.appender.buffer.byte-limit = 33554432 (custom)
2020-05-19 09:28:39,485 [Listener at 127.0.0.1/43761] INFO  server.GrpcService (ConfUtils.java:logGet(44)) - raft.grpc.flow.control.window = 5MB (=5242880) (custom)
2020-05-19 09:28:39,485 [Listener at 127.0.0.1/43761] INFO  server.RaftServerConfigKeys (ConfUtils.java:logGet(44)) - raft.server.rpc.request.timeout = 3s (default)
2020-05-19 09:28:39,487 [Listener at 127.0.0.1/43761] INFO  server.RaftServerConfigKeys (ConfUtils.java:logGet(44)) - raft.server.storage.dir = [/github/workspace/mnt/ozone/hadoop-ozone/integration-test/target/test-dir/MiniOzoneClusterImpl-5052868c-af14-42ec-a08a-76835f874d4b/datanode-2/data/ratis] (custom)
2020-05-19 09:28:39,497 [Listener at 127.0.0.1/43761] INFO  http.BaseHttpServer (BaseHttpServer.java:newHttpServer2BuilderForOzone(205)) - Starting Web-server for hddsDatanode at: http://0.0.0.0:0
2020-05-19 09:28:39,498 [Listener at 127.0.0.1/43761] INFO  http.BaseHttpServer (BaseHttpServer.java:<init>(106)) - Hadoop Security Enabled: false Ozone Security Enabled: false Ozone HTTP Security Enabled: false 
2020-05-19 09:28:39,500 [Listener at 127.0.0.1/43761] INFO  server.AuthenticationFilter (AuthenticationFilter.java:constructSecretProvider(240)) - Unable to initialize FileSignerSecretProvider, falling back to use random secrets.
2020-05-19 09:28:39,501 [Listener at 127.0.0.1/43761] WARN  http.HttpRequestLog (HttpRequestLog.java:getRequestLog(103)) - Jetty request log can only be enabled using Log4j
2020-05-19 09:28:39,502 [Listener at 127.0.0.1/43761] INFO  http.HttpServer2 (HttpServer2.java:addGlobalFilter(993)) - Added global filter 'safety' (class=org.apache.hadoop.hdds.server.http.HttpServer2$QuotingInputFilter)
2020-05-19 09:28:39,503 [Listener at 127.0.0.1/43761] INFO  http.HttpServer2 (HttpServer2.java:addFilter(969)) - Added filter authentication (class=org.apache.hadoop.security.authentication.server.AuthenticationFilter) to context hddsDatanode
2020-05-19 09:28:39,503 [Listener at 127.0.0.1/43761] INFO  http.HttpServer2 (HttpServer2.java:addFilter(977)) - Added filter authentication (class=org.apache.hadoop.security.authentication.server.AuthenticationFilter) to context logs
2020-05-19 09:28:39,503 [Listener at 127.0.0.1/43761] INFO  http.HttpServer2 (HttpServer2.java:addFilter(977)) - Added filter authentication (class=org.apache.hadoop.security.authentication.server.AuthenticationFilter) to context static
2020-05-19 09:28:39,504 [Listener at 127.0.0.1/43761] INFO  http.HttpServer2 (HttpServer2.java:bindListener(1211)) - Jetty bound to port 37277
2020-05-19 09:28:39,504 [Listener at 127.0.0.1/43761] INFO  server.Server (Server.java:doStart(359)) - jetty-9.4.26.v20200117; built: 2020-01-17T12:35:33.676Z; git: 7b38981d25d14afb4a12ff1f2596756144edf695; jvm 1.8.0_232-b09
2020-05-19 09:28:39,515 [Listener at 127.0.0.1/43761] INFO  server.session (DefaultSessionIdManager.java:doStart(333)) - DefaultSessionIdManager workerName=node0
2020-05-19 09:28:39,515 [Listener at 127.0.0.1/43761] INFO  server.session (DefaultSessionIdManager.java:doStart(338)) - No SessionScavenger set, using defaults
2020-05-19 09:28:39,515 [Listener at 127.0.0.1/43761] INFO  server.session (HouseKeeper.java:startScavenging(140)) - node0 Scavenging every 600000ms
2020-05-19 09:28:39,518 [Listener at 127.0.0.1/43761] INFO  server.AuthenticationFilter (AuthenticationFilter.java:constructSecretProvider(240)) - Unable to initialize FileSignerSecretProvider, falling back to use random secrets.
2020-05-19 09:28:39,518 [Listener at 127.0.0.1/43761] INFO  handler.ContextHandler (ContextHandler.java:doStart(825)) - Started o.e.j.s.ServletContextHandler@19d9140c{logs,/logs,file:///github/workspace/mnt/ozone/hadoop-ozone/integration-test/target/log,AVAILABLE}
2020-05-19 09:28:39,519 [Listener at 127.0.0.1/43761] INFO  handler.ContextHandler (ContextHandler.java:doStart(825)) - Started o.e.j.s.ServletContextHandler@6efa2d96{static,/static,jar:file:/home/user/.m2/repository/org/apache/hadoop/hadoop-hdds-container-service/0.6.0-SNAPSHOT/hadoop-hdds-container-service-0.6.0-SNAPSHOT.jar!/webapps/static,AVAILABLE}
2020-05-19 09:28:39,570 [Datanode State Machine Thread - 0] INFO  datanode.InitDatanodeState (InitDatanodeState.java:persistContainerDatanodeDetails(145)) - DatanodeDetails is persisted to /github/workspace/mnt/ozone/hadoop-ozone/integration-test/target/test-dir/MiniOzoneClusterImpl-5052868c-af14-42ec-a08a-76835f874d4b/datanode-1/meta/datanode.id
2020-05-19 09:28:39,572 [Datanode State Machine Thread - 0] INFO  datanode.InitDatanodeState (InitDatanodeState.java:persistContainerDatanodeDetails(145)) - DatanodeDetails is persisted to /github/workspace/mnt/ozone/hadoop-ozone/integration-test/target/test-dir/MiniOzoneClusterImpl-5052868c-af14-42ec-a08a-76835f874d4b/datanode-0/meta/datanode.id
2020-05-19 09:28:39,583 [Listener at 127.0.0.1/43761] INFO  handler.ContextHandler (ContextHandler.java:doStart(825)) - Started o.e.j.w.WebAppContext@100044b4{hddsDatanode,/,file:///tmp/jetty-0_0_0_0-37277-hadoop-hdds-container-service-0_6_0-SNAPSHOT_jar-_-any-2180418607945478559.dir/webapp/,AVAILABLE}{jar:file:/home/user/.m2/repository/org/apache/hadoop/hadoop-hdds-container-service/0.6.0-SNAPSHOT/hadoop-hdds-container-service-0.6.0-SNAPSHOT.jar!/webapps/hddsDatanode}
2020-05-19 09:28:39,585 [Listener at 127.0.0.1/43761] INFO  server.AbstractConnector (AbstractConnector.java:doStart(330)) - Started ServerConnector@680d53b1{HTTP/1.1,[http/1.1]}{0.0.0.0:37277}
2020-05-19 09:28:39,590 [Listener at 127.0.0.1/43761] INFO  server.Server (Server.java:doStart(399)) - Started @7358ms
2020-05-19 09:28:39,590 [Listener at 127.0.0.1/43761] WARN  impl.MetricsSystemImpl (MetricsSystemImpl.java:register(276)) - Sink prometheus already exists!
2020-05-19 09:28:39,593 [Listener at 127.0.0.1/43761] INFO  http.BaseHttpServer (BaseHttpServer.java:updateConnectorAddress(325)) - HTTP server of hddsDatanode listening at http://0.0.0.0:37277
2020-05-19 09:28:39,594 [Listener at 127.0.0.1/43761] INFO  ozone.MiniOzoneClusterImpl (MiniOzoneClusterImpl.java:lambda$waitForClusterToBeReady$0(177)) - Waiting for nodes to be ready. Got 0 of 3 DN Heartbeats.
2020-05-19 09:28:39,594 [Listener at 127.0.0.1/43761] INFO  ozone.MiniOzoneClusterImpl (MiniOzoneClusterImpl.java:lambda$waitForClusterToBeReady$0(180)) - Waiting for cluster to exit safe mode
2020-05-19 09:28:39,597 [org.apache.hadoop.util.JvmPauseMonitor$Monitor@3ca9e7fa] INFO  util.JvmPauseMonitor (JvmPauseMonitor.java:run(188)) - Starting JVM pause monitor
2020-05-19 09:28:39,599 [Datanode State Machine Thread - 0] INFO  datanode.InitDatanodeState (InitDatanodeState.java:persistContainerDatanodeDetails(145)) - DatanodeDetails is persisted to /github/workspace/mnt/ozone/hadoop-ozone/integration-test/target/test-dir/MiniOzoneClusterImpl-5052868c-af14-42ec-a08a-76835f874d4b/datanode-2/meta/datanode.id
2020-05-19 09:28:40,595 [Listener at 127.0.0.1/43761] INFO  ozone.MiniOzoneClusterImpl (MiniOzoneClusterImpl.java:lambda$waitForClusterToBeReady$0(177)) - Waiting for nodes to be ready. Got 0 of 3 DN Heartbeats.
2020-05-19 09:28:40,595 [Listener at 127.0.0.1/43761] INFO  ozone.MiniOzoneClusterImpl (MiniOzoneClusterImpl.java:lambda$waitForClusterToBeReady$0(180)) - Waiting for cluster to exit safe mode
2020-05-19 09:28:41,348 [Datanode State Machine Thread - 0] INFO  ozoneimpl.OzoneContainer (OzoneContainer.java:start(232)) - Attempting to start container services.
2020-05-19 09:28:41,350 [Datanode State Machine Thread - 0] INFO  ozoneimpl.OzoneContainer (OzoneContainer.java:startContainerScrub(196)) - Background container scanner has been disabled.
2020-05-19 09:28:41,351 [Datanode State Machine Thread - 0] INFO  ratis.XceiverServerRatis (XceiverServerRatis.java:start(425)) - Starting XceiverServerRatis da2ac404-9c11-49fb-ad63-5e4e1a7475af at port 0
2020-05-19 09:28:41,369 [Datanode State Machine Thread - 0] INFO  impl.RaftServerProxy (RaftServerProxy.java:lambda$start$3(299)) - da2ac404-9c11-49fb-ad63-5e4e1a7475af: start RPC server
2020-05-19 09:28:41,455 [Datanode State Machine Thread - 0] INFO  server.GrpcService (GrpcService.java:startImpl(159)) - da2ac404-9c11-49fb-ad63-5e4e1a7475af: GrpcService started, listening on 0.0.0.0/0.0.0.0:42475
2020-05-19 09:28:41,456 [Datanode State Machine Thread - 0] INFO  ratis.XceiverServerRatis (XceiverServerRatis.java:start(437)) - XceiverServerRatis da2ac404-9c11-49fb-ad63-5e4e1a7475af is started using port 42475
2020-05-19 09:28:41,464 [Datanode State Machine Thread - 0] INFO  server.XceiverServerGrpc (XceiverServerGrpc.java:start(145)) - XceiverServerGrpc da2ac404-9c11-49fb-ad63-5e4e1a7475af is started using port 39729
2020-05-19 09:28:41,473 [Datanode State Machine Thread - 0] INFO  ozoneimpl.OzoneContainer (OzoneContainer.java:start(232)) - Attempting to start container services.
2020-05-19 09:28:41,476 [Datanode State Machine Thread - 0] INFO  ozoneimpl.OzoneContainer (OzoneContainer.java:startContainerScrub(196)) - Background container scanner has been disabled.
2020-05-19 09:28:41,476 [Datanode State Machine Thread - 0] INFO  ratis.XceiverServerRatis (XceiverServerRatis.java:start(425)) - Starting XceiverServerRatis e67ce902-a12d-42ec-a956-705ac53e1b06 at port 0
2020-05-19 09:28:41,486 [Datanode State Machine Thread - 0] INFO  impl.RaftServerProxy (RaftServerProxy.java:lambda$start$3(299)) - e67ce902-a12d-42ec-a956-705ac53e1b06: start RPC server
2020-05-19 09:28:41,490 [Datanode State Machine Thread - 0] INFO  server.GrpcService (GrpcService.java:startImpl(159)) - e67ce902-a12d-42ec-a956-705ac53e1b06: GrpcService started, listening on 0.0.0.0/0.0.0.0:35799
2020-05-19 09:28:41,490 [Datanode State Machine Thread - 0] INFO  ratis.XceiverServerRatis (XceiverServerRatis.java:start(437)) - XceiverServerRatis e67ce902-a12d-42ec-a956-705ac53e1b06 is started using port 35799
2020-05-19 09:28:41,493 [Datanode State Machine Thread - 0] INFO  server.XceiverServerGrpc (XceiverServerGrpc.java:start(145)) - XceiverServerGrpc e67ce902-a12d-42ec-a956-705ac53e1b06 is started using port 42239
2020-05-19 09:28:41,595 [Listener at 127.0.0.1/43761] INFO  ozone.MiniOzoneClusterImpl (MiniOzoneClusterImpl.java:lambda$waitForClusterToBeReady$0(177)) - Waiting for nodes to be ready. Got 0 of 3 DN Heartbeats.
2020-05-19 09:28:41,595 [Listener at 127.0.0.1/43761] INFO  ozone.MiniOzoneClusterImpl (MiniOzoneClusterImpl.java:lambda$waitForClusterToBeReady$0(180)) - Waiting for cluster to exit safe mode
2020-05-19 09:28:41,601 [Datanode State Machine Thread - 0] INFO  ozoneimpl.OzoneContainer (OzoneContainer.java:start(232)) - Attempting to start container services.
2020-05-19 09:28:41,601 [Datanode State Machine Thread - 0] INFO  ozoneimpl.OzoneContainer (OzoneContainer.java:startContainerScrub(196)) - Background container scanner has been disabled.
2020-05-19 09:28:41,602 [Datanode State Machine Thread - 0] INFO  ratis.XceiverServerRatis (XceiverServerRatis.java:start(425)) - Starting XceiverServerRatis c5696339-f7f1-498d-af08-21c1da000d10 at port 0
2020-05-19 09:28:41,605 [Datanode State Machine Thread - 0] INFO  impl.RaftServerProxy (RaftServerProxy.java:lambda$start$3(299)) - c5696339-f7f1-498d-af08-21c1da000d10: start RPC server
2020-05-19 09:28:41,617 [Datanode State Machine Thread - 0] INFO  server.GrpcService (GrpcService.java:startImpl(159)) - c5696339-f7f1-498d-af08-21c1da000d10: GrpcService started, listening on 0.0.0.0/0.0.0.0:44683
2020-05-19 09:28:41,617 [Datanode State Machine Thread - 0] INFO  ratis.XceiverServerRatis (XceiverServerRatis.java:start(437)) - XceiverServerRatis c5696339-f7f1-498d-af08-21c1da000d10 is started using port 44683
2020-05-19 09:28:41,620 [Datanode State Machine Thread - 0] INFO  server.XceiverServerGrpc (XceiverServerGrpc.java:start(145)) - XceiverServerGrpc c5696339-f7f1-498d-af08-21c1da000d10 is started using port 41817
2020-05-19 09:28:42,596 [Listener at 127.0.0.1/43761] INFO  ozone.MiniOzoneClusterImpl (MiniOzoneClusterImpl.java:lambda$waitForClusterToBeReady$0(177)) - Waiting for nodes to be ready. Got 0 of 3 DN Heartbeats.
2020-05-19 09:28:42,596 [Listener at 127.0.0.1/43761] INFO  ozone.MiniOzoneClusterImpl (MiniOzoneClusterImpl.java:lambda$waitForClusterToBeReady$0(180)) - Waiting for cluster to exit safe mode
2020-05-19 09:28:43,294 [IPC Server handler 1 on default port 42919] INFO  net.NetworkTopology (NetworkTopologyImpl.java:add(111)) - Added a new node: /default-rack/da2ac404-9c11-49fb-ad63-5e4e1a7475af
2020-05-19 09:28:43,294 [IPC Server handler 1 on default port 42919] INFO  node.SCMNodeManager (SCMNodeManager.java:register(268)) - Registered Data node : da2ac404-9c11-49fb-ad63-5e4e1a7475af{ip: 172.17.0.2, host: b7b621f2746c, networkLocation: /default-rack, certSerialId: null}
2020-05-19 09:28:43,312 [RatisPipelineUtilsThread] INFO  pipeline.RatisPipelineProvider (RatisPipelineProvider.java:lambda$create$0(138)) - Sending CreatePipelineCommand for pipeline:PipelineID=c4feb824-41f3-4674-a74d-3569b6b3c2e5 to datanode:da2ac404-9c11-49fb-ad63-5e4e1a7475af
2020-05-19 09:28:43,314 [EventQueue-NodeRegistrationContainerReportForDataNodeSafeModeRule] INFO  safemode.SCMSafeModeManager (DataNodeSafeModeRule.java:process(71)) - SCM in safe mode. 1 DataNodes registered, 1 required.
2020-05-19 09:28:43,316 [EventQueue-NodeRegistrationContainerReportForContainerSafeModeRule] INFO  safemode.SCMSafeModeManager (SCMSafeModeManager.java:validateSafeModeExitRules(213)) - ContainerSafeModeRule rule is successfully validated
2020-05-19 09:28:43,318 [EventQueue-NodeRegistrationContainerReportForDataNodeSafeModeRule] INFO  safemode.SCMSafeModeManager (SCMSafeModeManager.java:validateSafeModeExitRules(213)) - DataNodeSafeModeRule rule is successfully validated
2020-05-19 09:28:43,318 [EventQueue-NodeRegistrationContainerReportForDataNodeSafeModeRule] INFO  safemode.SCMSafeModeManager (SCMSafeModeManager.java:completePreCheck(241)) - All SCM safe mode pre check rules have passed
2020-05-19 09:28:43,333 [RatisPipelineUtilsThread] INFO  pipeline.PipelineStateManager (PipelineStateManager.java:addPipeline(54)) - Created pipeline Pipeline[ Id: c4feb824-41f3-4674-a74d-3569b6b3c2e5, Nodes: da2ac404-9c11-49fb-ad63-5e4e1a7475af{ip: 172.17.0.2, host: b7b621f2746c, networkLocation: /default-rack, certSerialId: null}, Type:RATIS, Factor:ONE, State:ALLOCATED, leaderId:null, CreationTimestamp2020-05-19T09:28:43.308Z]
2020-05-19 09:28:43,335 [RatisPipelineUtilsThread] ERROR pipeline.SCMPipelineManager (SCMPipelineManager.java:createPipeline(222)) - Failed to create pipeline of type RATIS and factor ONE. Exception: Cannot create pipeline of factor 1 using 0 nodes. Used 1 nodes. Healthy nodes 1
2020-05-19 09:28:43,336 [RatisPipelineUtilsThread] WARN  pipeline.PipelinePlacementPolicy (PipelinePlacementPolicy.java:filterViableNodes(133)) - Pipeline creation failed due to no sufficient healthy datanodes. Required 3. Found 1.
2020-05-19 09:28:43,336 [RatisPipelineUtilsThread] ERROR pipeline.SCMPipelineManager (SCMPipelineManager.java:createPipeline(222)) - Failed to create pipeline of type RATIS and factor THREE. Exception: Pipeline creation failed due to no sufficient healthy datanodes. Required 3. Found 1.
2020-05-19 09:28:43,470 [IPC Server handler 0 on default port 42919] INFO  net.NetworkTopology (NetworkTopologyImpl.java:add(111)) - Added a new node: /default-rack/e67ce902-a12d-42ec-a956-705ac53e1b06
2020-05-19 09:28:43,470 [IPC Server handler 0 on default port 42919] INFO  node.SCMNodeManager (SCMNodeManager.java:register(268)) - Registered Data node : e67ce902-a12d-42ec-a956-705ac53e1b06{ip: 172.17.0.2, host: b7b621f2746c, networkLocation: /default-rack, certSerialId: null}
2020-05-19 09:28:43,471 [EventQueue-NodeRegistrationContainerReportForContainerSafeModeRule] INFO  safemode.SCMSafeModeManager (SCMSafeModeManager.java:validateSafeModeExitRules(213)) - ContainerSafeModeRule rule is successfully validated
2020-05-19 09:28:43,471 [EventQueue-NodeRegistrationContainerReportForDataNodeSafeModeRule] INFO  safemode.SCMSafeModeManager (SCMSafeModeManager.java:validateSafeModeExitRules(213)) - DataNodeSafeModeRule rule is successfully validated
2020-05-19 09:28:43,475 [RatisPipelineUtilsThread] INFO  pipeline.RatisPipelineProvider (RatisPipelineProvider.java:lambda$create$0(138)) - Sending CreatePipelineCommand for pipeline:PipelineID=e574d11c-55cc-46f5-a45a-9f4fd99af1c3 to datanode:e67ce902-a12d-42ec-a956-705ac53e1b06
2020-05-19 09:28:43,475 [RatisPipelineUtilsThread] INFO  pipeline.PipelineStateManager (PipelineStateManager.java:addPipeline(54)) - Created pipeline Pipeline[ Id: e574d11c-55cc-46f5-a45a-9f4fd99af1c3, Nodes: e67ce902-a12d-42ec-a956-705ac53e1b06{ip: 172.17.0.2, host: b7b621f2746c, networkLocation: /default-rack, certSerialId: null}, Type:RATIS, Factor:ONE, State:ALLOCATED, leaderId:null, CreationTimestamp2020-05-19T09:28:43.474Z]
2020-05-19 09:28:43,476 [RatisPipelineUtilsThread] ERROR pipeline.SCMPipelineManager (SCMPipelineManager.java:createPipeline(222)) - Failed to create pipeline of type RATIS and factor ONE. Exception: Cannot create pipeline of factor 1 using 0 nodes. Used 2 nodes. Healthy nodes 2
2020-05-19 09:28:43,476 [RatisPipelineUtilsThread] WARN  pipeline.PipelinePlacementPolicy (PipelinePlacementPolicy.java:filterViableNodes(133)) - Pipeline creation failed due to no sufficient healthy datanodes. Required 3. Found 2.
2020-05-19 09:28:43,476 [RatisPipelineUtilsThread] ERROR pipeline.SCMPipelineManager (SCMPipelineManager.java:createPipeline(222)) - Failed to create pipeline of type RATIS and factor THREE. Exception: Pipeline creation failed due to no sufficient healthy datanodes. Required 3. Found 2.
2020-05-19 09:28:43,596 [Listener at 127.0.0.1/43761] INFO  ozone.MiniOzoneClusterImpl (MiniOzoneClusterImpl.java:lambda$waitForClusterToBeReady$0(177)) - Waiting for nodes to be ready. Got 2 of 3 DN Heartbeats.
2020-05-19 09:28:43,597 [Listener at 127.0.0.1/43761] INFO  ozone.MiniOzoneClusterImpl (MiniOzoneClusterImpl.java:lambda$waitForClusterToBeReady$0(180)) - Waiting for cluster to exit safe mode
2020-05-19 09:28:43,599 [IPC Server handler 2 on default port 42919] INFO  net.NetworkTopology (NetworkTopologyImpl.java:add(111)) - Added a new node: /default-rack/c5696339-f7f1-498d-af08-21c1da000d10
2020-05-19 09:28:43,599 [IPC Server handler 2 on default port 42919] INFO  node.SCMNodeManager (SCMNodeManager.java:register(268)) - Registered Data node : c5696339-f7f1-498d-af08-21c1da000d10{ip: 172.17.0.2, host: b7b621f2746c, networkLocation: /default-rack, certSerialId: null}
2020-05-19 09:28:43,599 [EventQueue-NodeRegistrationContainerReportForDataNodeSafeModeRule] INFO  safemode.SCMSafeModeManager (SCMSafeModeManager.java:validateSafeModeExitRules(213)) - DataNodeSafeModeRule rule is successfully validated
2020-05-19 09:28:43,599 [EventQueue-NodeRegistrationContainerReportForContainerSafeModeRule] INFO  safemode.SCMSafeModeManager (SCMSafeModeManager.java:validateSafeModeExitRules(213)) - ContainerSafeModeRule rule is successfully validated
2020-05-19 09:28:43,602 [RatisPipelineUtilsThread] INFO  pipeline.RatisPipelineProvider (RatisPipelineProvider.java:lambda$create$0(138)) - Sending CreatePipelineCommand for pipeline:PipelineID=8cfbee6a-78ea-4d07-befd-336697d969ae to datanode:c5696339-f7f1-498d-af08-21c1da000d10
2020-05-19 09:28:43,602 [RatisPipelineUtilsThread] INFO  pipeline.PipelineStateManager (PipelineStateManager.java:addPipeline(54)) - Created pipeline Pipeline[ Id: 8cfbee6a-78ea-4d07-befd-336697d969ae, Nodes: c5696339-f7f1-498d-af08-21c1da000d10{ip: 172.17.0.2, host: b7b621f2746c, networkLocation: /default-rack, certSerialId: null}, Type:RATIS, Factor:ONE, State:ALLOCATED, leaderId:null, CreationTimestamp2020-05-19T09:28:43.601Z]
2020-05-19 09:28:43,603 [RatisPipelineUtilsThread] ERROR pipeline.SCMPipelineManager (SCMPipelineManager.java:createPipeline(222)) - Failed to create pipeline of type RATIS and factor ONE. Exception: Cannot create pipeline of factor 1 using 0 nodes. Used 3 nodes. Healthy nodes 3
2020-05-19 09:28:43,607 [RatisPipelineUtilsThread] INFO  pipeline.RatisPipelineProvider (RatisPipelineProvider.java:lambda$create$0(138)) - Sending CreatePipelineCommand for pipeline:PipelineID=6230c762-da95-4005-98e7-7a3f6b1a5152 to datanode:da2ac404-9c11-49fb-ad63-5e4e1a7475af
2020-05-19 09:28:43,607 [RatisPipelineUtilsThread] INFO  pipeline.RatisPipelineProvider (RatisPipelineProvider.java:lambda$create$0(138)) - Sending CreatePipelineCommand for pipeline:PipelineID=6230c762-da95-4005-98e7-7a3f6b1a5152 to datanode:c5696339-f7f1-498d-af08-21c1da000d10
2020-05-19 09:28:43,607 [RatisPipelineUtilsThread] INFO  pipeline.RatisPipelineProvider (RatisPipelineProvider.java:lambda$create$0(138)) - Sending CreatePipelineCommand for pipeline:PipelineID=6230c762-da95-4005-98e7-7a3f6b1a5152 to datanode:e67ce902-a12d-42ec-a956-705ac53e1b06
2020-05-19 09:28:43,608 [RatisPipelineUtilsThread] INFO  pipeline.PipelineStateManager (PipelineStateManager.java:addPipeline(54)) - Created pipeline Pipeline[ Id: 6230c762-da95-4005-98e7-7a3f6b1a5152, Nodes: da2ac404-9c11-49fb-ad63-5e4e1a7475af{ip: 172.17.0.2, host: b7b621f2746c, networkLocation: /default-rack, certSerialId: null}c5696339-f7f1-498d-af08-21c1da000d10{ip: 172.17.0.2, host: b7b621f2746c, networkLocation: /default-rack, certSerialId: null}e67ce902-a12d-42ec-a956-705ac53e1b06{ip: 172.17.0.2, host: b7b621f2746c, networkLocation: /default-rack, certSerialId: null}, Type:RATIS, Factor:THREE, State:ALLOCATED, leaderId:null, CreationTimestamp2020-05-19T09:28:43.607Z]
2020-05-19 09:28:43,608 [RatisPipelineUtilsThread] ERROR pipeline.SCMPipelineManager (SCMPipelineManager.java:createPipeline(222)) - Failed to create pipeline of type RATIS and factor THREE. Exception: Pipeline creation failed because nodes are engaged in other pipelines and every node can only be engaged in max 2 pipelines. Required 3. Found 0
2020-05-19 09:28:44,597 [Listener at 127.0.0.1/43761] INFO  ozone.MiniOzoneClusterImpl (MiniOzoneClusterImpl.java:lambda$waitForClusterToBeReady$0(177)) - Nodes are ready. Got 3 of 3 DN Heartbeats.
2020-05-19 09:28:44,598 [Listener at 127.0.0.1/43761] INFO  ozone.MiniOzoneClusterImpl (MiniOzoneClusterImpl.java:lambda$waitForClusterToBeReady$0(180)) - Waiting for cluster to exit safe mode
2020-05-19 09:28:45,598 [Listener at 127.0.0.1/43761] INFO  ozone.MiniOzoneClusterImpl (MiniOzoneClusterImpl.java:lambda$waitForClusterToBeReady$0(177)) - Nodes are ready. Got 3 of 3 DN Heartbeats.
2020-05-19 09:28:45,598 [Listener at 127.0.0.1/43761] INFO  ozone.MiniOzoneClusterImpl (MiniOzoneClusterImpl.java:lambda$waitForClusterToBeReady$0(180)) - Waiting for cluster to exit safe mode
2020-05-19 09:28:46,308 [Command processor thread] INFO  impl.RaftServerProxy (RaftServerProxy.java:addNew(89)) - da2ac404-9c11-49fb-ad63-5e4e1a7475af: addNew group-3569B6B3C2E5:[da2ac404-9c11-49fb-ad63-5e4e1a7475af:172.17.0.2:42475] returns group-3569B6B3C2E5:java.util.concurrent.CompletableFuture@6f894a59[Not completed]
2020-05-19 09:28:46,341 [pool-35-thread-1] INFO  impl.RaftServerImpl (RaftServerImpl.java:<init>(98)) - da2ac404-9c11-49fb-ad63-5e4e1a7475af: new RaftServerImpl for group-3569B6B3C2E5:[da2ac404-9c11-49fb-ad63-5e4e1a7475af:172.17.0.2:42475] with ContainerStateMachine:uninitialized
2020-05-19 09:28:46,349 [pool-35-thread-1] INFO  server.RaftServerConfigKeys (ConfUtils.java:logGet(44)) - raft.server.rpc.timeout.min = 5s (custom)
2020-05-19 09:28:46,350 [pool-35-thread-1] INFO  server.RaftServerConfigKeys (ConfUtils.java:logGet(44)) - raft.server.rpc.timeout.max = 5200ms (custom)
2020-05-19 09:28:46,350 [pool-35-thread-1] INFO  server.RaftServerConfigKeys (ConfUtils.java:logGet(44)) - raft.server.rpcslowness.timeout = 300s (custom)
2020-05-19 09:28:46,351 [pool-35-thread-1] INFO  server.RaftServerConfigKeys (ConfUtils.java:logGet(44)) - raft.server.sleep.deviation.threshold = 300 (default)
2020-05-19 09:28:46,353 [pool-35-thread-1] INFO  server.RaftServerConfigKeys (ConfUtils.java:logGet(44)) - raft.server.log.appender.install.snapshot.enabled = false (custom)
2020-05-19 09:28:46,368 [pool-35-thread-1] INFO  impl.RaftServerImpl (ServerState.java:<init>(103)) - da2ac404-9c11-49fb-ad63-5e4e1a7475af@group-3569B6B3C2E5: ConfigurationManager, init=-1: [da2ac404-9c11-49fb-ad63-5e4e1a7475af:172.17.0.2:42475], old=null, confs=<EMPTY_MAP>
2020-05-19 09:28:46,369 [pool-35-thread-1] INFO  server.RaftServerConfigKeys (ConfUtils.java:logGet(44)) - raft.server.storage.dir = [/github/workspace/mnt/ozone/hadoop-ozone/integration-test/target/test-dir/MiniOzoneClusterImpl-5052868c-af14-42ec-a08a-76835f874d4b/datanode-0/data/ratis] (custom)
2020-05-19 09:28:46,375 [pool-35-thread-1] INFO  server.RaftServerConfigKeys (ConfUtils.java:logGet(44)) - raft.server.log.corruption.policy = EXCEPTION (default)
2020-05-19 09:28:46,378 [pool-35-thread-1] INFO  storage.RaftStorageDirectory (RaftStorageDirectory.java:analyzeStorage(261)) - The storage directory /github/workspace/mnt/ozone/hadoop-ozone/integration-test/target/test-dir/MiniOzoneClusterImpl-5052868c-af14-42ec-a08a-76835f874d4b/datanode-0/data/ratis/c4feb824-41f3-4674-a74d-3569b6b3c2e5 does not exist. Creating ...
2020-05-19 09:28:46,417 [pool-35-thread-1] INFO  storage.RaftStorageDirectory (RaftStorageDirectory.java:tryLock(343)) - Lock on /github/workspace/mnt/ozone/hadoop-ozone/integration-test/target/test-dir/MiniOzoneClusterImpl-5052868c-af14-42ec-a08a-76835f874d4b/datanode-0/data/ratis/c4feb824-41f3-4674-a74d-3569b6b3c2e5/in_use.lock acquired by nodename 399@b7b621f2746c
2020-05-19 09:28:46,424 [pool-35-thread-1] INFO  storage.RaftStorage (RaftStorage.java:format(84)) - Storage directory /github/workspace/mnt/ozone/hadoop-ozone/integration-test/target/test-dir/MiniOzoneClusterImpl-5052868c-af14-42ec-a08a-76835f874d4b/datanode-0/data/ratis/c4feb824-41f3-4674-a74d-3569b6b3c2e5 has been successfully formatted.
2020-05-19 09:28:46,437 [pool-35-thread-1] INFO  ratis.ContainerStateMachine (ContainerStateMachine.java:loadSnapshot(226)) - group-3569B6B3C2E5: The snapshot info is null. Setting the last applied indexto:(t:0, i:~)
2020-05-19 09:28:46,438 [pool-35-thread-1] INFO  server.RaftServerConfigKeys (ConfUtils.java:logGet(44)) - raft.server.notification.no-leader.timeout = 60s (default)
2020-05-19 09:28:46,459 [pool-35-thread-1] INFO  server.RaftServerConfigKeys (ConfUtils.java:logGet(44)) - raft.server.log.use.memory = false (default)
2020-05-19 09:28:46,466 [EventQueue-PipelineReportForPipelineReportHandler] INFO  pipeline.PipelineStateManager (PipelineStateManager.java:openPipeline(131)) - Pipeline Pipeline[ Id: c4feb824-41f3-4674-a74d-3569b6b3c2e5, Nodes: da2ac404-9c11-49fb-ad63-5e4e1a7475af{ip: 172.17.0.2, host: b7b621f2746c, networkLocation: /default-rack, certSerialId: null}, Type:RATIS, Factor:ONE, State:ALLOCATED, leaderId:da2ac404-9c11-49fb-ad63-5e4e1a7475af, CreationTimestamp2020-05-19T09:28:43.308Z] moved to OPEN state
2020-05-19 09:28:46,466 [pool-35-thread-1] INFO  server.RaftServerConfigKeys (ConfUtils.java:logGet(44)) - raft.server.log.purge.gap = 1000000 (custom)
2020-05-19 09:28:46,466 [pool-35-thread-1] INFO  server.RaftServerConfigKeys (ConfUtils.java:logGet(44)) - raft.server.log.appender.buffer.byte-limit = 33554432 (custom)
2020-05-19 09:28:46,468 [EventQueue-OpenPipelineForHealthyPipelineSafeModeRule] INFO  safemode.SCMSafeModeManager (HealthyPipelineSafeModeRule.java:process(132)) - SCM in safe mode. Healthy pipelines reported count is 0, required healthy pipeline reported count is 1
2020-05-19 09:28:46,469 [Command processor thread] INFO  impl.RaftServerProxy (RaftServerProxy.java:addNew(89)) - e67ce902-a12d-42ec-a956-705ac53e1b06: addNew group-9F4FD99AF1C3:[e67ce902-a12d-42ec-a956-705ac53e1b06:172.17.0.2:35799] returns group-9F4FD99AF1C3:java.util.concurrent.CompletableFuture@6531bca1[Not completed]
2020-05-19 09:28:46,470 [EventQueue-OpenPipelineForOneReplicaPipelineSafeModeRule] INFO  safemode.SCMSafeModeManager (SCMSafeModeManager.java:validateSafeModeExitRules(213)) - AtleastOneDatanodeReportedRule rule is successfully validated
2020-05-19 09:28:46,476 [pool-35-thread-1] INFO  server.RaftServerConfigKeys (ConfUtils.java:logGet(44)) - raft.server.log.segment.size.max = 1048576 (custom)
2020-05-19 09:28:46,481 [pool-35-thread-1] INFO  metrics.RatisMetrics (RatisMetrics.java:lambda$create$0(39)) - Creating Metrics Registry : ratis.log_worker.da2ac404-9c11-49fb-ad63-5e4e1a7475af
2020-05-19 09:28:46,483 [pool-51-thread-1] INFO  impl.RaftServerImpl (RaftServerImpl.java:<init>(98)) - e67ce902-a12d-42ec-a956-705ac53e1b06: new RaftServerImpl for group-9F4FD99AF1C3:[e67ce902-a12d-42ec-a956-705ac53e1b06:172.17.0.2:35799] with ContainerStateMachine:uninitialized
2020-05-19 09:28:46,496 [pool-51-thread-1] INFO  server.RaftServerConfigKeys (ConfUtils.java:logGet(44)) - raft.server.rpc.timeout.min = 5s (custom)
2020-05-19 09:28:46,496 [pool-51-thread-1] INFO  server.RaftServerConfigKeys (ConfUtils.java:logGet(44)) - raft.server.rpc.timeout.max = 5200ms (custom)
2020-05-19 09:28:46,496 [pool-51-thread-1] INFO  server.RaftServerConfigKeys (ConfUtils.java:logGet(44)) - raft.server.rpcslowness.timeout = 300s (custom)
2020-05-19 09:28:46,496 [pool-51-thread-1] INFO  server.RaftServerConfigKeys (ConfUtils.java:logGet(44)) - raft.server.sleep.deviation.threshold = 300 (default)
2020-05-19 09:28:46,496 [pool-51-thread-1] INFO  server.RaftServerConfigKeys (ConfUtils.java:logGet(44)) - raft.server.log.appender.install.snapshot.enabled = false (custom)
2020-05-19 09:28:46,496 [pool-51-thread-1] INFO  impl.RaftServerImpl (ServerState.java:<init>(103)) - e67ce902-a12d-42ec-a956-705ac53e1b06@group-9F4FD99AF1C3: ConfigurationManager, init=-1: [e67ce902-a12d-42ec-a956-705ac53e1b06:172.17.0.2:35799], old=null, confs=<EMPTY_MAP>
2020-05-19 09:28:46,496 [pool-51-thread-1] INFO  server.RaftServerConfigKeys (ConfUtils.java:logGet(44)) - raft.server.storage.dir = [/github/workspace/mnt/ozone/hadoop-ozone/integration-test/target/test-dir/MiniOzoneClusterImpl-5052868c-af14-42ec-a08a-76835f874d4b/datanode-1/data/ratis] (custom)
2020-05-19 09:28:46,497 [pool-51-thread-1] INFO  server.RaftServerConfigKeys (ConfUtils.java:logGet(44)) - raft.server.log.corruption.policy = EXCEPTION (default)
2020-05-19 09:28:46,497 [pool-51-thread-1] INFO  storage.RaftStorageDirectory (RaftStorageDirectory.java:analyzeStorage(261)) - The storage directory /github/workspace/mnt/ozone/hadoop-ozone/integration-test/target/test-dir/MiniOzoneClusterImpl-5052868c-af14-42ec-a08a-76835f874d4b/datanode-1/data/ratis/e574d11c-55cc-46f5-a45a-9f4fd99af1c3 does not exist. Creating ...
2020-05-19 09:28:46,499 [pool-51-thread-1] INFO  storage.RaftStorageDirectory (RaftStorageDirectory.java:tryLock(343)) - Lock on /github/workspace/mnt/ozone/hadoop-ozone/integration-test/target/test-dir/MiniOzoneClusterImpl-5052868c-af14-42ec-a08a-76835f874d4b/datanode-1/data/ratis/e574d11c-55cc-46f5-a45a-9f4fd99af1c3/in_use.lock acquired by nodename 399@b7b621f2746c
2020-05-19 09:28:46,500 [pool-51-thread-1] INFO  storage.RaftStorage (RaftStorage.java:format(84)) - Storage directory /github/workspace/mnt/ozone/hadoop-ozone/integration-test/target/test-dir/MiniOzoneClusterImpl-5052868c-af14-42ec-a08a-76835f874d4b/datanode-1/data/ratis/e574d11c-55cc-46f5-a45a-9f4fd99af1c3 has been successfully formatted.
2020-05-19 09:28:46,502 [pool-51-thread-1] INFO  ratis.ContainerStateMachine (ContainerStateMachine.java:loadSnapshot(226)) - group-9F4FD99AF1C3: The snapshot info is null. Setting the last applied indexto:(t:0, i:~)
2020-05-19 09:28:46,503 [pool-51-thread-1] INFO  server.RaftServerConfigKeys (ConfUtils.java:logGet(44)) - raft.server.notification.no-leader.timeout = 60s (default)
2020-05-19 09:28:46,503 [pool-51-thread-1] INFO  server.RaftServerConfigKeys (ConfUtils.java:logGet(44)) - raft.server.log.use.memory = false (default)
2020-05-19 09:28:46,503 [pool-51-thread-1] INFO  server.RaftServerConfigKeys (ConfUtils.java:logGet(44)) - raft.server.log.purge.gap = 1000000 (custom)
2020-05-19 09:28:46,509 [pool-51-thread-1] INFO  server.RaftServerConfigKeys (ConfUtils.java:logGet(44)) - raft.server.log.appender.buffer.byte-limit = 33554432 (custom)
2020-05-19 09:28:46,509 [pool-51-thread-1] INFO  server.RaftServerConfigKeys (ConfUtils.java:logGet(44)) - raft.server.log.segment.size.max = 1048576 (custom)
2020-05-19 09:28:46,509 [pool-51-thread-1] INFO  metrics.RatisMetrics (RatisMetrics.java:lambda$create$0(39)) - Creating Metrics Registry : ratis.log_worker.e67ce902-a12d-42ec-a956-705ac53e1b06
2020-05-19 09:28:46,512 [pool-51-thread-1] INFO  server.RaftServerConfigKeys (ConfUtils.java:logGet(44)) - raft.server.log.segment.cache.num.max = 2 (custom)
2020-05-19 09:28:46,512 [pool-35-thread-1] INFO  server.RaftServerConfigKeys (ConfUtils.java:logGet(44)) - raft.server.log.segment.cache.num.max = 2 (custom)
2020-05-19 09:28:46,510 [EventQueue-PipelineReportForPipelineReportHandler] INFO  pipeline.PipelineStateManager (PipelineStateManager.java:openPipeline(131)) - Pipeline Pipeline[ Id: e574d11c-55cc-46f5-a45a-9f4fd99af1c3, Nodes: e67ce902-a12d-42ec-a956-705ac53e1b06{ip: 172.17.0.2, host: b7b621f2746c, networkLocation: /default-rack, certSerialId: null}, Type:RATIS, Factor:ONE, State:ALLOCATED, leaderId:e67ce902-a12d-42ec-a956-705ac53e1b06, CreationTimestamp2020-05-19T09:28:43.474Z] moved to OPEN state
2020-05-19 09:28:46,518 [EventQueue-OpenPipelineForHealthyPipelineSafeModeRule] INFO  safemode.SCMSafeModeManager (HealthyPipelineSafeModeRule.java:process(132)) - SCM in safe mode. Healthy pipelines reported count is 0, required healthy pipeline reported count is 1
2020-05-19 09:28:46,518 [EventQueue-OpenPipelineForOneReplicaPipelineSafeModeRule] INFO  safemode.SCMSafeModeManager (SCMSafeModeManager.java:validateSafeModeExitRules(213)) - AtleastOneDatanodeReportedRule rule is successfully validated
2020-05-19 09:28:46,521 [pool-35-thread-1] INFO  segmented.SegmentedRaftLogWorker (SegmentedRaftLogWorker.java:<init>(176)) - new da2ac404-9c11-49fb-ad63-5e4e1a7475af@group-3569B6B3C2E5-SegmentedRaftLogWorker for RaftStorage:Storage Directory /github/workspace/mnt/ozone/hadoop-ozone/integration-test/target/test-dir/MiniOzoneClusterImpl-5052868c-af14-42ec-a08a-76835f874d4b/datanode-0/data/ratis/c4feb824-41f3-4674-a74d-3569b6b3c2e5
2020-05-19 09:28:46,522 [pool-35-thread-1] INFO  server.RaftServerConfigKeys (ConfUtils.java:logGet(44)) - raft.server.log.queue.byte-limit = 2147483647 (custom)
2020-05-19 09:28:46,522 [pool-35-thread-1] INFO  server.RaftServerConfigKeys (ConfUtils.java:logGet(44)) - raft.server.log.queue.element-limit = 1024 (custom)
2020-05-19 09:28:46,524 [pool-35-thread-1] INFO  server.RaftServerConfigKeys (ConfUtils.java:logGet(44)) - raft.server.log.segment.size.max = 1048576 (custom)
2020-05-19 09:28:46,524 [pool-35-thread-1] INFO  server.RaftServerConfigKeys (ConfUtils.java:logGet(44)) - raft.server.log.preallocated.size = 16384 (custom)
2020-05-19 09:28:46,525 [pool-35-thread-1] INFO  server.RaftServerConfigKeys (ConfUtils.java:logGet(44)) - raft.server.log.write.buffer.size = 1048576 (custom)
2020-05-19 09:28:46,522 [pool-51-thread-1] INFO  segmented.SegmentedRaftLogWorker (SegmentedRaftLogWorker.java:<init>(176)) - new e67ce902-a12d-42ec-a956-705ac53e1b06@group-9F4FD99AF1C3-SegmentedRaftLogWorker for RaftStorage:Storage Directory /github/workspace/mnt/ozone/hadoop-ozone/integration-test/target/test-dir/MiniOzoneClusterImpl-5052868c-af14-42ec-a08a-76835f874d4b/datanode-1/data/ratis/e574d11c-55cc-46f5-a45a-9f4fd99af1c3
2020-05-19 09:28:46,525 [pool-51-thread-1] INFO  server.RaftServerConfigKeys (ConfUtils.java:logGet(44)) - raft.server.log.queue.byte-limit = 2147483647 (custom)
2020-05-19 09:28:46,525 [pool-51-thread-1] INFO  server.RaftServerConfigKeys (ConfUtils.java:logGet(44)) - raft.server.log.queue.element-limit = 1024 (custom)
2020-05-19 09:28:46,526 [pool-51-thread-1] INFO  server.RaftServerConfigKeys (ConfUtils.java:logGet(44)) - raft.server.log.segment.size.max = 1048576 (custom)
2020-05-19 09:28:46,526 [pool-51-thread-1] INFO  server.RaftServerConfigKeys (ConfUtils.java:logGet(44)) - raft.server.log.preallocated.size = 16384 (custom)
2020-05-19 09:28:46,526 [pool-51-thread-1] INFO  server.RaftServerConfigKeys (ConfUtils.java:logGet(44)) - raft.server.log.write.buffer.size = 1048576 (custom)
2020-05-19 09:28:46,526 [pool-51-thread-1] INFO  server.RaftServerConfigKeys (ConfUtils.java:logGet(44)) - raft.server.log.force.sync.num = 128 (default)
2020-05-19 09:28:46,528 [pool-51-thread-1] INFO  server.RaftServerConfigKeys (ConfUtils.java:logGet(44)) - raft.server.log.statemachine.data.sync = true (default)
2020-05-19 09:28:46,528 [pool-51-thread-1] INFO  server.RaftServerConfigKeys (ConfUtils.java:logGet(44)) - raft.server.log.statemachine.data.sync.timeout = 10s (default)
2020-05-19 09:28:46,529 [pool-51-thread-1] INFO  server.RaftServerConfigKeys (ConfUtils.java:logGet(44)) - raft.server.log.statemachine.data.sync.timeout.retry = -1 (default)
2020-05-19 09:28:46,528 [pool-35-thread-1] INFO  server.RaftServerConfigKeys (ConfUtils.java:logGet(44)) - raft.server.log.force.sync.num = 128 (default)
2020-05-19 09:28:46,529 [pool-35-thread-1] INFO  server.RaftServerConfigKeys (ConfUtils.java:logGet(44)) - raft.server.log.statemachine.data.sync = true (default)
2020-05-19 09:28:46,529 [pool-35-thread-1] INFO  server.RaftServerConfigKeys (ConfUtils.java:logGet(44)) - raft.server.log.statemachine.data.sync.timeout = 10s (default)
2020-05-19 09:28:46,529 [pool-35-thread-1] INFO  server.RaftServerConfigKeys (ConfUtils.java:logGet(44)) - raft.server.log.statemachine.data.sync.timeout.retry = -1 (default)
2020-05-19 09:28:46,549 [pool-51-thread-1] INFO  server.RaftServerConfigKeys (ConfUtils.java:logGet(44)) - raft.server.log.statemachine.data.caching.enabled = true (custom)
2020-05-19 09:28:46,549 [pool-35-thread-1] INFO  server.RaftServerConfigKeys (ConfUtils.java:logGet(44)) - raft.server.log.statemachine.data.caching.enabled = true (custom)
2020-05-19 09:28:46,554 [pool-51-thread-1] INFO  segmented.SegmentedRaftLogWorker (SegmentedRaftLogWorker.java:lambda$new$0(129)) - e67ce902-a12d-42ec-a956-705ac53e1b06@group-9F4FD99AF1C3-SegmentedRaftLogWorker: flushIndex: setUnconditionally 0 -> -1
2020-05-19 09:28:46,557 [pool-35-thread-1] INFO  segmented.SegmentedRaftLogWorker (SegmentedRaftLogWorker.java:lambda$new$0(129)) - da2ac404-9c11-49fb-ad63-5e4e1a7475af@group-3569B6B3C2E5-SegmentedRaftLogWorker: flushIndex: setUnconditionally 0 -> -1
2020-05-19 09:28:46,559 [pool-51-thread-1] INFO  server.RaftServerConfigKeys (ConfUtils.java:logGet(44)) - raft.server.snapshot.auto.trigger.enabled = true (custom)
2020-05-19 09:28:46,559 [pool-51-thread-1] INFO  server.RaftServerConfigKeys (ConfUtils.java:logGet(44)) - raft.server.snapshot.auto.trigger.threshold = 10000 (custom)
2020-05-19 09:28:46,560 [pool-51-thread-1] INFO  server.RaftServerConfigKeys (ConfUtils.java:logGet(44)) - raft.server.snapshot.retention.file.num = 5 (custom)
2020-05-19 09:28:46,561 [pool-51-thread-1] INFO  server.RaftServerConfigKeys (ConfUtils.java:logGet(44)) - raft.server.log.purge.upto.snapshot.index = false (default)
2020-05-19 09:28:46,572 [pool-35-thread-1] INFO  server.RaftServerConfigKeys (ConfUtils.java:logGet(44)) - raft.server.snapshot.auto.trigger.enabled = true (custom)
2020-05-19 09:28:46,572 [pool-51-thread-1] INFO  server.RaftServerConfigKeys (ConfUtils.java:logGet(44)) - raft.server.retrycache.expirytime = 600000ms (custom)
2020-05-19 09:28:46,572 [pool-35-thread-1] INFO  server.RaftServerConfigKeys (ConfUtils.java:logGet(44)) - raft.server.snapshot.auto.trigger.threshold = 10000 (custom)
2020-05-19 09:28:46,573 [pool-35-thread-1] INFO  server.RaftServerConfigKeys (ConfUtils.java:logGet(44)) - raft.server.snapshot.retention.file.num = 5 (custom)
2020-05-19 09:28:46,573 [pool-35-thread-1] INFO  server.RaftServerConfigKeys (ConfUtils.java:logGet(44)) - raft.server.log.purge.upto.snapshot.index = false (default)
2020-05-19 09:28:46,573 [pool-35-thread-1] INFO  server.RaftServerConfigKeys (ConfUtils.java:logGet(44)) - raft.server.retrycache.expirytime = 600000ms (custom)
2020-05-19 09:28:46,598 [Command processor thread] INFO  impl.RaftServerProxy (RaftServerProxy.java:addNew(89)) - c5696339-f7f1-498d-af08-21c1da000d10: addNew group-336697D969AE:[c5696339-f7f1-498d-af08-21c1da000d10:172.17.0.2:44683] returns group-336697D969AE:java.util.concurrent.CompletableFuture@5033cf92[Not completed]
2020-05-19 09:28:46,599 [Listener at 127.0.0.1/43761] INFO  ozone.MiniOzoneClusterImpl (MiniOzoneClusterImpl.java:lambda$waitForClusterToBeReady$0(177)) - Nodes are ready. Got 3 of 3 DN Heartbeats.
2020-05-19 09:28:46,599 [Listener at 127.0.0.1/43761] INFO  ozone.MiniOzoneClusterImpl (MiniOzoneClusterImpl.java:lambda$waitForClusterToBeReady$0(180)) - Waiting for cluster to exit safe mode
2020-05-19 09:28:46,621 [pool-67-thread-1] INFO  impl.RaftServerImpl (RaftServerImpl.java:<init>(98)) - c5696339-f7f1-498d-af08-21c1da000d10: new RaftServerImpl for group-336697D969AE:[c5696339-f7f1-498d-af08-21c1da000d10:172.17.0.2:44683] with ContainerStateMachine:uninitialized
2020-05-19 09:28:46,622 [pool-51-thread-1] INFO  metrics.RatisMetrics (RatisMetrics.java:lambda$create$0(39)) - Creating Metrics Registry : ratis.leader_election.e67ce902-a12d-42ec-a956-705ac53e1b06@group-9F4FD99AF1C3
2020-05-19 09:28:46,622 [pool-35-thread-1] INFO  metrics.RatisMetrics (RatisMetrics.java:lambda$create$0(39)) - Creating Metrics Registry : ratis.leader_election.da2ac404-9c11-49fb-ad63-5e4e1a7475af@group-3569B6B3C2E5
2020-05-19 09:28:46,626 [pool-35-thread-1] INFO  metrics.RatisMetrics (RatisMetrics.java:lambda$create$0(39)) - Creating Metrics Registry : ratis.server.da2ac404-9c11-49fb-ad63-5e4e1a7475af@group-3569B6B3C2E5
2020-05-19 09:28:46,626 [pool-51-thread-1] INFO  metrics.RatisMetrics (RatisMetrics.java:lambda$create$0(39)) - Creating Metrics Registry : ratis.server.e67ce902-a12d-42ec-a956-705ac53e1b06@group-9F4FD99AF1C3
2020-05-19 09:28:46,632 [pool-35-thread-1] INFO  impl.RaftServerImpl (RaftServerImpl.java:start(184)) - da2ac404-9c11-49fb-ad63-5e4e1a7475af@group-3569B6B3C2E5: start as a follower, conf=-1: [da2ac404-9c11-49fb-ad63-5e4e1a7475af:172.17.0.2:42475], old=null
2020-05-19 09:28:46,634 [pool-51-thread-1] INFO  impl.RaftServerImpl (RaftServerImpl.java:start(184)) - e67ce902-a12d-42ec-a956-705ac53e1b06@group-9F4FD99AF1C3: start as a follower, conf=-1: [e67ce902-a12d-42ec-a956-705ac53e1b06:172.17.0.2:35799], old=null
2020-05-19 09:28:46,632 [pool-67-thread-1] INFO  server.RaftServerConfigKeys (ConfUtils.java:logGet(44)) - raft.server.rpc.timeout.min = 5s (custom)
2020-05-19 09:28:46,634 [pool-67-thread-1] INFO  server.RaftServerConfigKeys (ConfUtils.java:logGet(44)) - raft.server.rpc.timeout.max = 5200ms (custom)
2020-05-19 09:28:46,634 [pool-67-thread-1] INFO  server.RaftServerConfigKeys (ConfUtils.java:logGet(44)) - raft.server.rpcslowness.timeout = 300s (custom)
2020-05-19 09:28:46,634 [pool-67-thread-1] INFO  server.RaftServerConfigKeys (ConfUtils.java:logGet(44)) - raft.server.sleep.deviation.threshold = 300 (default)
2020-05-19 09:28:46,634 [pool-67-thread-1] INFO  server.RaftServerConfigKeys (ConfUtils.java:logGet(44)) - raft.server.log.appender.install.snapshot.enabled = false (custom)
2020-05-19 09:28:46,634 [pool-67-thread-1] INFO  impl.RaftServerImpl (ServerState.java:<init>(103)) - c5696339-f7f1-498d-af08-21c1da000d10@group-336697D969AE: ConfigurationManager, init=-1: [c5696339-f7f1-498d-af08-21c1da000d10:172.17.0.2:44683], old=null, confs=<EMPTY_MAP>
2020-05-19 09:28:46,635 [pool-67-thread-1] INFO  server.RaftServerConfigKeys (ConfUtils.java:logGet(44)) - raft.server.storage.dir = [/github/workspace/mnt/ozone/hadoop-ozone/integration-test/target/test-dir/MiniOzoneClusterImpl-5052868c-af14-42ec-a08a-76835f874d4b/datanode-2/data/ratis] (custom)
2020-05-19 09:28:46,635 [pool-67-thread-1] INFO  server.RaftServerConfigKeys (ConfUtils.java:logGet(44)) - raft.server.log.corruption.policy = EXCEPTION (default)
2020-05-19 09:28:46,635 [pool-67-thread-1] INFO  storage.RaftStorageDirectory (RaftStorageDirectory.java:analyzeStorage(261)) - The storage directory /github/workspace/mnt/ozone/hadoop-ozone/integration-test/target/test-dir/MiniOzoneClusterImpl-5052868c-af14-42ec-a08a-76835f874d4b/datanode-2/data/ratis/8cfbee6a-78ea-4d07-befd-336697d969ae does not exist. Creating ...
2020-05-19 09:28:46,638 [pool-67-thread-1] INFO  storage.RaftStorageDirectory (RaftStorageDirectory.java:tryLock(343)) - Lock on /github/workspace/mnt/ozone/hadoop-ozone/integration-test/target/test-dir/MiniOzoneClusterImpl-5052868c-af14-42ec-a08a-76835f874d4b/datanode-2/data/ratis/8cfbee6a-78ea-4d07-befd-336697d969ae/in_use.lock acquired by nodename 399@b7b621f2746c
2020-05-19 09:28:46,639 [pool-67-thread-1] INFO  storage.RaftStorage (RaftStorage.java:format(84)) - Storage directory /github/workspace/mnt/ozone/hadoop-ozone/integration-test/target/test-dir/MiniOzoneClusterImpl-5052868c-af14-42ec-a08a-76835f874d4b/datanode-2/data/ratis/8cfbee6a-78ea-4d07-befd-336697d969ae has been successfully formatted.
2020-05-19 09:28:46,642 [pool-67-thread-1] INFO  ratis.ContainerStateMachine (ContainerStateMachine.java:loadSnapshot(226)) - group-336697D969AE: The snapshot info is null. Setting the last applied indexto:(t:0, i:~)
2020-05-19 09:28:46,649 [pool-67-thread-1] INFO  server.RaftServerConfigKeys (ConfUtils.java:logGet(44)) - raft.server.notification.no-leader.timeout = 60s (default)
2020-05-19 09:28:46,649 [pool-67-thread-1] INFO  server.RaftServerConfigKeys (ConfUtils.java:logGet(44)) - raft.server.log.use.memory = false (default)
2020-05-19 09:28:46,649 [pool-67-thread-1] INFO  server.RaftServerConfigKeys (ConfUtils.java:logGet(44)) - raft.server.log.purge.gap = 1000000 (custom)
2020-05-19 09:28:46,649 [pool-67-thread-1] INFO  server.RaftServerConfigKeys (ConfUtils.java:logGet(44)) - raft.server.log.appender.buffer.byte-limit = 33554432 (custom)
2020-05-19 09:28:46,650 [pool-67-thread-1] INFO  server.RaftServerConfigKeys (ConfUtils.java:logGet(44)) - raft.server.log.segment.size.max = 1048576 (custom)
2020-05-19 09:28:46,650 [pool-67-thread-1] INFO  metrics.RatisMetrics (RatisMetrics.java:lambda$create$0(39)) - Creating Metrics Registry : ratis.log_worker.c5696339-f7f1-498d-af08-21c1da000d10
2020-05-19 09:28:46,649 [EventQueue-PipelineReportForPipelineReportHandler] INFO  pipeline.PipelineStateManager (PipelineStateManager.java:openPipeline(131)) - Pipeline Pipeline[ Id: 8cfbee6a-78ea-4d07-befd-336697d969ae, Nodes: c5696339-f7f1-498d-af08-21c1da000d10{ip: 172.17.0.2, host: b7b621f2746c, networkLocation: /default-rack, certSerialId: null}, Type:RATIS, Factor:ONE, State:ALLOCATED, leaderId:c5696339-f7f1-498d-af08-21c1da000d10, CreationTimestamp2020-05-19T09:28:43.601Z] moved to OPEN state
2020-05-19 09:28:46,650 [EventQueue-OpenPipelineForHealthyPipelineSafeModeRule] INFO  safemode.SCMSafeModeManager (HealthyPipelineSafeModeRule.java:process(132)) - SCM in safe mode. Healthy pipelines reported count is 0, required healthy pipeline reported count is 1
2020-05-19 09:28:46,651 [EventQueue-OpenPipelineForOneReplicaPipelineSafeModeRule] INFO  safemode.SCMSafeModeManager (SCMSafeModeManager.java:validateSafeModeExitRules(213)) - AtleastOneDatanodeReportedRule rule is successfully validated
2020-05-19 09:28:46,650 [pool-67-thread-1] INFO  server.RaftServerConfigKeys (ConfUtils.java:logGet(44)) - raft.server.log.segment.cache.num.max = 2 (custom)
2020-05-19 09:28:46,653 [pool-67-thread-1] INFO  segmented.SegmentedRaftLogWorker (SegmentedRaftLogWorker.java:<init>(176)) - new c5696339-f7f1-498d-af08-21c1da000d10@group-336697D969AE-SegmentedRaftLogWorker for RaftStorage:Storage Directory /github/workspace/mnt/ozone/hadoop-ozone/integration-test/target/test-dir/MiniOzoneClusterImpl-5052868c-af14-42ec-a08a-76835f874d4b/datanode-2/data/ratis/8cfbee6a-78ea-4d07-befd-336697d969ae
2020-05-19 09:28:46,653 [pool-67-thread-1] INFO  server.RaftServerConfigKeys (ConfUtils.java:logGet(44)) - raft.server.log.queue.byte-limit = 2147483647 (custom)
2020-05-19 09:28:46,656 [pool-67-thread-1] INFO  server.RaftServerConfigKeys (ConfUtils.java:logGet(44)) - raft.server.log.queue.element-limit = 1024 (custom)
2020-05-19 09:28:46,656 [pool-67-thread-1] INFO  server.RaftServerConfigKeys (ConfUtils.java:logGet(44)) - raft.server.log.segment.size.max = 1048576 (custom)
2020-05-19 09:28:46,656 [pool-67-thread-1] INFO  server.RaftServerConfigKeys (ConfUtils.java:logGet(44)) - raft.server.log.preallocated.size = 16384 (custom)
2020-05-19 09:28:46,656 [pool-67-thread-1] INFO  server.RaftServerConfigKeys (ConfUtils.java:logGet(44)) - raft.server.log.write.buffer.size = 1048576 (custom)
2020-05-19 09:28:46,657 [pool-67-thread-1] INFO  server.RaftServerConfigKeys (ConfUtils.java:logGet(44)) - raft.server.log.force.sync.num = 128 (default)
2020-05-19 09:28:46,657 [pool-67-thread-1] INFO  server.RaftServerConfigKeys (ConfUtils.java:logGet(44)) - raft.server.log.statemachine.data.sync = true (default)
2020-05-19 09:28:46,657 [pool-67-thread-1] INFO  server.RaftServerConfigKeys (ConfUtils.java:logGet(44)) - raft.server.log.statemachine.data.sync.timeout = 10s (default)
2020-05-19 09:28:46,657 [pool-67-thread-1] INFO  server.RaftServerConfigKeys (ConfUtils.java:logGet(44)) - raft.server.log.statemachine.data.sync.timeout.retry = -1 (default)
2020-05-19 09:28:46,660 [pool-67-thread-1] INFO  server.RaftServerConfigKeys (ConfUtils.java:logGet(44)) - raft.server.log.statemachine.data.caching.enabled = true (custom)
2020-05-19 09:28:46,657 [pool-51-thread-1] INFO  impl.RaftServerImpl (RaftServerImpl.java:setRole(173)) - e67ce902-a12d-42ec-a956-705ac53e1b06@group-9F4FD99AF1C3: changes role from      null to FOLLOWER at term 0 for startAsFollower
2020-05-19 09:28:46,660 [pool-35-thread-1] INFO  impl.RaftServerImpl (RaftServerImpl.java:setRole(173)) - da2ac404-9c11-49fb-ad63-5e4e1a7475af@group-3569B6B3C2E5: changes role from      null to FOLLOWER at term 0 for startAsFollower
2020-05-19 09:28:46,662 [pool-35-thread-1] INFO  impl.RoleInfo (RoleInfo.java:updateAndGet(143)) - da2ac404-9c11-49fb-ad63-5e4e1a7475af: start FollowerState
2020-05-19 09:28:46,664 [pool-67-thread-1] INFO  segmented.SegmentedRaftLogWorker (SegmentedRaftLogWorker.java:lambda$new$0(129)) - c5696339-f7f1-498d-af08-21c1da000d10@group-336697D969AE-SegmentedRaftLogWorker: flushIndex: setUnconditionally 0 -> -1
2020-05-19 09:28:46,670 [pool-35-thread-1] INFO  util.JmxRegister (JmxRegister.java:tryRegister(44)) - Successfully registered JMX Bean with object name Ratis:service=RaftServer,group=group-3569B6B3C2E5,id=da2ac404-9c11-49fb-ad63-5e4e1a7475af
2020-05-19 09:28:46,662 [pool-51-thread-1] INFO  impl.RoleInfo (RoleInfo.java:updateAndGet(143)) - e67ce902-a12d-42ec-a956-705ac53e1b06: start FollowerState
2020-05-19 09:28:46,675 [pool-35-thread-1] INFO  metrics.RatisMetrics (RatisMetrics.java:lambda$create$0(39)) - Creating Metrics Registry : ratis.state_machine.da2ac404-9c11-49fb-ad63-5e4e1a7475af@group-3569B6B3C2E5
2020-05-19 09:28:46,675 [pool-67-thread-1] INFO  server.RaftServerConfigKeys (ConfUtils.java:logGet(44)) - raft.server.snapshot.auto.trigger.enabled = true (custom)
2020-05-19 09:28:46,676 [pool-67-thread-1] INFO  server.RaftServerConfigKeys (ConfUtils.java:logGet(44)) - raft.server.snapshot.auto.trigger.threshold = 10000 (custom)
2020-05-19 09:28:46,676 [pool-67-thread-1] INFO  server.RaftServerConfigKeys (ConfUtils.java:logGet(44)) - raft.server.snapshot.retention.file.num = 5 (custom)
2020-05-19 09:28:46,676 [pool-67-thread-1] INFO  server.RaftServerConfigKeys (ConfUtils.java:logGet(44)) - raft.server.log.purge.upto.snapshot.index = false (default)
2020-05-19 09:28:46,679 [pool-51-thread-1] INFO  util.JmxRegister (JmxRegister.java:tryRegister(44)) - Successfully registered JMX Bean with object name Ratis:service=RaftServer,group=group-9F4FD99AF1C3,id=e67ce902-a12d-42ec-a956-705ac53e1b06
2020-05-19 09:28:46,686 [pool-51-thread-1] INFO  metrics.RatisMetrics (RatisMetrics.java:lambda$create$0(39)) - Creating Metrics Registry : ratis.state_machine.e67ce902-a12d-42ec-a956-705ac53e1b06@group-9F4FD99AF1C3
2020-05-19 09:28:46,688 [pool-67-thread-1] INFO  server.RaftServerConfigKeys (ConfUtils.java:logGet(44)) - raft.server.retrycache.expirytime = 600000ms (custom)
2020-05-19 09:28:46,689 [pool-67-thread-1] INFO  metrics.RatisMetrics (RatisMetrics.java:lambda$create$0(39)) - Creating Metrics Registry : ratis.leader_election.c5696339-f7f1-498d-af08-21c1da000d10@group-336697D969AE
2020-05-19 09:28:46,689 [pool-67-thread-1] INFO  metrics.RatisMetrics (RatisMetrics.java:lambda$create$0(39)) - Creating Metrics Registry : ratis.server.c5696339-f7f1-498d-af08-21c1da000d10@group-336697D969AE
2020-05-19 09:28:46,690 [pool-67-thread-1] INFO  impl.RaftServerImpl (RaftServerImpl.java:start(184)) - c5696339-f7f1-498d-af08-21c1da000d10@group-336697D969AE: start as a follower, conf=-1: [c5696339-f7f1-498d-af08-21c1da000d10:172.17.0.2:44683], old=null
2020-05-19 09:28:46,690 [pool-67-thread-1] INFO  impl.RaftServerImpl (RaftServerImpl.java:setRole(173)) - c5696339-f7f1-498d-af08-21c1da000d10@group-336697D969AE: changes role from      null to FOLLOWER at term 0 for startAsFollower
2020-05-19 09:28:46,690 [pool-67-thread-1] INFO  impl.RoleInfo (RoleInfo.java:updateAndGet(143)) - c5696339-f7f1-498d-af08-21c1da000d10: start FollowerState
2020-05-19 09:28:46,695 [pool-67-thread-1] INFO  util.JmxRegister (JmxRegister.java:tryRegister(44)) - Successfully registered JMX Bean with object name Ratis:service=RaftServer,group=group-336697D969AE,id=c5696339-f7f1-498d-af08-21c1da000d10
2020-05-19 09:28:46,695 [pool-67-thread-1] INFO  metrics.RatisMetrics (RatisMetrics.java:lambda$create$0(39)) - Creating Metrics Registry : ratis.state_machine.c5696339-f7f1-498d-af08-21c1da000d10@group-336697D969AE
2020-05-19 09:28:46,712 [Command processor thread] INFO  commandhandler.CreatePipelineCommandHandler (CreatePipelineCommandHandler.java:handle(109)) - Created Pipeline RATIS ONE #id: "8cfbee6a-78ea-4d07-befd-336697d969ae"
.
2020-05-19 09:28:46,712 [Command processor thread] INFO  impl.RaftServerProxy (RaftServerProxy.java:addNew(89)) - c5696339-f7f1-498d-af08-21c1da000d10: addNew group-7A3F6B1A5152:[e67ce902-a12d-42ec-a956-705ac53e1b06:172.17.0.2:35799, c5696339-f7f1-498d-af08-21c1da000d10:172.17.0.2:44683, da2ac404-9c11-49fb-ad63-5e4e1a7475af:172.17.0.2:42475] returns group-7A3F6B1A5152:java.util.concurrent.CompletableFuture@2055b569[Not completed]
2020-05-19 09:28:46,714 [pool-67-thread-1] INFO  impl.RaftServerImpl (RaftServerImpl.java:<init>(98)) - c5696339-f7f1-498d-af08-21c1da000d10: new RaftServerImpl for group-7A3F6B1A5152:[e67ce902-a12d-42ec-a956-705ac53e1b06:172.17.0.2:35799, c5696339-f7f1-498d-af08-21c1da000d10:172.17.0.2:44683, da2ac404-9c11-49fb-ad63-5e4e1a7475af:172.17.0.2:42475] with ContainerStateMachine:uninitialized
2020-05-19 09:28:46,714 [pool-67-thread-1] INFO  server.RaftServerConfigKeys (ConfUtils.java:logGet(44)) - raft.server.rpc.timeout.min = 5s (custom)
2020-05-19 09:28:46,714 [pool-67-thread-1] INFO  server.RaftServerConfigKeys (ConfUtils.java:logGet(44)) - raft.server.rpc.timeout.max = 5200ms (custom)
2020-05-19 09:28:46,714 [pool-67-thread-1] INFO  server.RaftServerConfigKeys (ConfUtils.java:logGet(44)) - raft.server.rpcslowness.timeout = 300s (custom)
2020-05-19 09:28:46,714 [pool-67-thread-1] INFO  server.RaftServerConfigKeys (ConfUtils.java:logGet(44)) - raft.server.sleep.deviation.threshold = 300 (default)
2020-05-19 09:28:46,714 [pool-67-thread-1] INFO  server.RaftServerConfigKeys (ConfUtils.java:logGet(44)) - raft.server.log.appender.install.snapshot.enabled = false (custom)
2020-05-19 09:28:46,714 [pool-67-thread-1] INFO  impl.RaftServerImpl (ServerState.java:<init>(103)) - c5696339-f7f1-498d-af08-21c1da000d10@group-7A3F6B1A5152: ConfigurationManager, init=-1: [e67ce902-a12d-42ec-a956-705ac53e1b06:172.17.0.2:35799, c5696339-f7f1-498d-af08-21c1da000d10:172.17.0.2:44683, da2ac404-9c11-49fb-ad63-5e4e1a7475af:172.17.0.2:42475], old=null, confs=<EMPTY_MAP>
2020-05-19 09:28:46,715 [pool-67-thread-1] INFO  server.RaftServerConfigKeys (ConfUtils.java:logGet(44)) - raft.server.storage.dir = [/github/workspace/mnt/ozone/hadoop-ozone/integration-test/target/test-dir/MiniOzoneClusterImpl-5052868c-af14-42ec-a08a-76835f874d4b/datanode-2/data/ratis] (custom)
2020-05-19 09:28:46,715 [Command processor thread] INFO  commandhandler.CreatePipelineCommandHandler (CreatePipelineCommandHandler.java:handle(109)) - Created Pipeline RATIS ONE #id: "e574d11c-55cc-46f5-a45a-9f4fd99af1c3"
.
2020-05-19 09:28:46,718 [pool-67-thread-1] INFO  server.RaftServerConfigKeys (ConfUtils.java:logGet(44)) - raft.server.log.corruption.policy = EXCEPTION (default)
2020-05-19 09:28:46,718 [pool-67-thread-1] INFO  storage.RaftStorageDirectory (RaftStorageDirectory.java:analyzeStorage(261)) - The storage directory /github/workspace/mnt/ozone/hadoop-ozone/integration-test/target/test-dir/MiniOzoneClusterImpl-5052868c-af14-42ec-a08a-76835f874d4b/datanode-2/data/ratis/6230c762-da95-4005-98e7-7a3f6b1a5152 does not exist. Creating ...
2020-05-19 09:28:46,719 [Command processor thread] INFO  impl.RaftServerProxy (RaftServerProxy.java:addNew(89)) - e67ce902-a12d-42ec-a956-705ac53e1b06: addNew group-7A3F6B1A5152:[e67ce902-a12d-42ec-a956-705ac53e1b06:172.17.0.2:35799, c5696339-f7f1-498d-af08-21c1da000d10:172.17.0.2:44683, da2ac404-9c11-49fb-ad63-5e4e1a7475af:172.17.0.2:42475] returns group-7A3F6B1A5152:java.util.concurrent.CompletableFuture@610e34df[Not completed]
2020-05-19 09:28:46,718 [Command processor thread] INFO  commandhandler.CreatePipelineCommandHandler (CreatePipelineCommandHandler.java:handle(109)) - Created Pipeline RATIS ONE #id: "c4feb824-41f3-4674-a74d-3569b6b3c2e5"
.
2020-05-19 09:28:46,719 [Command processor thread] INFO  impl.RaftServerProxy (RaftServerProxy.java:addNew(89)) - da2ac404-9c11-49fb-ad63-5e4e1a7475af: addNew group-7A3F6B1A5152:[e67ce902-a12d-42ec-a956-705ac53e1b06:172.17.0.2:35799, c5696339-f7f1-498d-af08-21c1da000d10:172.17.0.2:44683, da2ac404-9c11-49fb-ad63-5e4e1a7475af:172.17.0.2:42475] returns group-7A3F6B1A5152:java.util.concurrent.CompletableFuture@163f1ae6[Not completed]
2020-05-19 09:28:46,720 [pool-67-thread-1] INFO  storage.RaftStorageDirectory (RaftStorageDirectory.java:tryLock(343)) - Lock on /github/workspace/mnt/ozone/hadoop-ozone/integration-test/target/test-dir/MiniOzoneClusterImpl-5052868c-af14-42ec-a08a-76835f874d4b/datanode-2/data/ratis/6230c762-da95-4005-98e7-7a3f6b1a5152/in_use.lock acquired by nodename 399@b7b621f2746c
2020-05-19 09:28:46,721 [pool-67-thread-1] INFO  storage.RaftStorage (RaftStorage.java:format(84)) - Storage directory /github/workspace/mnt/ozone/hadoop-ozone/integration-test/target/test-dir/MiniOzoneClusterImpl-5052868c-af14-42ec-a08a-76835f874d4b/datanode-2/data/ratis/6230c762-da95-4005-98e7-7a3f6b1a5152 has been successfully formatted.
2020-05-19 09:28:46,721 [pool-67-thread-1] INFO  ratis.ContainerStateMachine (ContainerStateMachine.java:loadSnapshot(226)) - group-7A3F6B1A5152: The snapshot info is null. Setting the last applied indexto:(t:0, i:~)
2020-05-19 09:28:46,721 [pool-67-thread-1] INFO  server.RaftServerConfigKeys (ConfUtils.java:logGet(44)) - raft.server.notification.no-leader.timeout = 60s (default)
2020-05-19 09:28:46,722 [pool-67-thread-1] INFO  server.RaftServerConfigKeys (ConfUtils.java:logGet(44)) - raft.server.log.use.memory = false (default)
2020-05-19 09:28:46,722 [pool-67-thread-1] INFO  server.RaftServerConfigKeys (ConfUtils.java:logGet(44)) - raft.server.log.purge.gap = 1000000 (custom)
2020-05-19 09:28:46,722 [pool-67-thread-1] INFO  server.RaftServerConfigKeys (ConfUtils.java:logGet(44)) - raft.server.log.appender.buffer.byte-limit = 33554432 (custom)
2020-05-19 09:28:46,724 [pool-67-thread-1] INFO  server.RaftServerConfigKeys (ConfUtils.java:logGet(44)) - raft.server.log.segment.size.max = 1048576 (custom)
2020-05-19 09:28:46,725 [pool-67-thread-1] INFO  server.RaftServerConfigKeys (ConfUtils.java:logGet(44)) - raft.server.log.segment.cache.num.max = 2 (custom)
2020-05-19 09:28:46,725 [pool-67-thread-1] INFO  segmented.SegmentedRaftLogWorker (SegmentedRaftLogWorker.java:<init>(176)) - new c5696339-f7f1-498d-af08-21c1da000d10@group-7A3F6B1A5152-SegmentedRaftLogWorker for RaftStorage:Storage Directory /github/workspace/mnt/ozone/hadoop-ozone/integration-test/target/test-dir/MiniOzoneClusterImpl-5052868c-af14-42ec-a08a-76835f874d4b/datanode-2/data/ratis/6230c762-da95-4005-98e7-7a3f6b1a5152
2020-05-19 09:28:46,725 [pool-67-thread-1] INFO  server.RaftServerConfigKeys (ConfUtils.java:logGet(44)) - raft.server.log.queue.byte-limit = 2147483647 (custom)
2020-05-19 09:28:46,725 [pool-67-thread-1] INFO  server.RaftServerConfigKeys (ConfUtils.java:logGet(44)) - raft.server.log.queue.element-limit = 1024 (custom)
2020-05-19 09:28:46,725 [pool-67-thread-1] INFO  server.RaftServerConfigKeys (ConfUtils.java:logGet(44)) - raft.server.log.segment.size.max = 1048576 (custom)
2020-05-19 09:28:46,725 [pool-67-thread-1] INFO  server.RaftServerConfigKeys (ConfUtils.java:logGet(44)) - raft.server.log.preallocated.size = 16384 (custom)
2020-05-19 09:28:46,725 [pool-67-thread-1] INFO  server.RaftServerConfigKeys (ConfUtils.java:logGet(44)) - raft.server.log.write.buffer.size = 1048576 (custom)
2020-05-19 09:28:46,725 [pool-67-thread-1] INFO  server.RaftServerConfigKeys (ConfUtils.java:logGet(44)) - raft.server.log.force.sync.num = 128 (default)
2020-05-19 09:28:46,726 [pool-67-thread-1] INFO  server.RaftServerConfigKeys (ConfUtils.java:logGet(44)) - raft.server.log.statemachine.data.sync = true (default)
2020-05-19 09:28:46,726 [pool-35-thread-1] INFO  impl.RaftServerImpl (RaftServerImpl.java:<init>(98)) - da2ac404-9c11-49fb-ad63-5e4e1a7475af: new RaftServerImpl for group-7A3F6B1A5152:[e67ce902-a12d-42ec-a956-705ac53e1b06:172.17.0.2:35799, c5696339-f7f1-498d-af08-21c1da000d10:172.17.0.2:44683, da2ac404-9c11-49fb-ad63-5e4e1a7475af:172.17.0.2:42475] with ContainerStateMachine:uninitialized
2020-05-19 09:28:46,726 [pool-35-thread-1] INFO  server.RaftServerConfigKeys (ConfUtils.java:logGet(44)) - raft.server.rpc.timeout.min = 5s (custom)
2020-05-19 09:28:46,726 [pool-67-thread-1] INFO  server.RaftServerConfigKeys (ConfUtils.java:logGet(44)) - raft.server.log.statemachine.data.sync.timeout = 10s (default)
2020-05-19 09:28:46,727 [pool-51-thread-1] INFO  impl.RaftServerImpl (RaftServerImpl.java:<init>(98)) - e67ce902-a12d-42ec-a956-705ac53e1b06: new RaftServerImpl for group-7A3F6B1A5152:[e67ce902-a12d-42ec-a956-705ac53e1b06:172.17.0.2:35799, c5696339-f7f1-498d-af08-21c1da000d10:172.17.0.2:44683, da2ac404-9c11-49fb-ad63-5e4e1a7475af:172.17.0.2:42475] with ContainerStateMachine:uninitialized
2020-05-19 09:28:46,731 [pool-51-thread-1] INFO  server.RaftServerConfigKeys (ConfUtils.java:logGet(44)) - raft.server.rpc.timeout.min = 5s (custom)
2020-05-19 09:28:46,731 [pool-51-thread-1] INFO  server.RaftServerConfigKeys (ConfUtils.java:logGet(44)) - raft.server.rpc.timeout.max = 5200ms (custom)
2020-05-19 09:28:46,731 [pool-51-thread-1] INFO  server.RaftServerConfigKeys (ConfUtils.java:logGet(44)) - raft.server.rpcslowness.timeout = 300s (custom)
2020-05-19 09:28:46,731 [pool-51-thread-1] INFO  server.RaftServerConfigKeys (ConfUtils.java:logGet(44)) - raft.server.sleep.deviation.threshold = 300 (default)
2020-05-19 09:28:46,731 [pool-51-thread-1] INFO  server.RaftServerConfigKeys (ConfUtils.java:logGet(44)) - raft.server.log.appender.install.snapshot.enabled = false (custom)
2020-05-19 09:28:46,731 [pool-51-thread-1] INFO  impl.RaftServerImpl (ServerState.java:<init>(103)) - e67ce902-a12d-42ec-a956-705ac53e1b06@group-7A3F6B1A5152: ConfigurationManager, init=-1: [e67ce902-a12d-42ec-a956-705ac53e1b06:172.17.0.2:35799, c5696339-f7f1-498d-af08-21c1da000d10:172.17.0.2:44683, da2ac404-9c11-49fb-ad63-5e4e1a7475af:172.17.0.2:42475], old=null, confs=<EMPTY_MAP>
2020-05-19 09:28:46,731 [pool-51-thread-1] INFO  server.RaftServerConfigKeys (ConfUtils.java:logGet(44)) - raft.server.storage.dir = [/github/workspace/mnt/ozone/hadoop-ozone/integration-test/target/test-dir/MiniOzoneClusterImpl-5052868c-af14-42ec-a08a-76835f874d4b/datanode-1/data/ratis] (custom)
2020-05-19 09:28:46,732 [pool-51-thread-1] INFO  server.RaftServerConfigKeys (ConfUtils.java:logGet(44)) - raft.server.log.corruption.policy = EXCEPTION (default)
2020-05-19 09:28:46,732 [pool-51-thread-1] INFO  storage.RaftStorageDirectory (RaftStorageDirectory.java:analyzeStorage(261)) - The storage directory /github/workspace/mnt/ozone/hadoop-ozone/integration-test/target/test-dir/MiniOzoneClusterImpl-5052868c-af14-42ec-a08a-76835f874d4b/datanode-1/data/ratis/6230c762-da95-4005-98e7-7a3f6b1a5152 does not exist. Creating ...
2020-05-19 09:28:46,726 [pool-35-thread-1] INFO  server.RaftServerConfigKeys (ConfUtils.java:logGet(44)) - raft.server.rpc.timeout.max = 5200ms (custom)
2020-05-19 09:28:46,731 [pool-67-thread-1] INFO  server.RaftServerConfigKeys (ConfUtils.java:logGet(44)) - raft.server.log.statemachine.data.sync.timeout.retry = -1 (default)
2020-05-19 09:28:46,733 [pool-35-thread-1] INFO  server.RaftServerConfigKeys (ConfUtils.java:logGet(44)) - raft.server.rpcslowness.timeout = 300s (custom)
2020-05-19 09:28:46,733 [pool-35-thread-1] INFO  server.RaftServerConfigKeys (ConfUtils.java:logGet(44)) - raft.server.sleep.deviation.threshold = 300 (default)
2020-05-19 09:28:46,733 [pool-35-thread-1] INFO  server.RaftServerConfigKeys (ConfUtils.java:logGet(44)) - raft.server.log.appender.install.snapshot.enabled = false (custom)
2020-05-19 09:28:46,733 [pool-35-thread-1] INFO  impl.RaftServerImpl (ServerState.java:<init>(103)) - da2ac404-9c11-49fb-ad63-5e4e1a7475af@group-7A3F6B1A5152: ConfigurationManager, init=-1: [e67ce902-a12d-42ec-a956-705ac53e1b06:172.17.0.2:35799, c5696339-f7f1-498d-af08-21c1da000d10:172.17.0.2:44683, da2ac404-9c11-49fb-ad63-5e4e1a7475af:172.17.0.2:42475], old=null, confs=<EMPTY_MAP>
2020-05-19 09:28:46,733 [pool-35-thread-1] INFO  server.RaftServerConfigKeys (ConfUtils.java:logGet(44)) - raft.server.storage.dir = [/github/workspace/mnt/ozone/hadoop-ozone/integration-test/target/test-dir/MiniOzoneClusterImpl-5052868c-af14-42ec-a08a-76835f874d4b/datanode-0/data/ratis] (custom)
2020-05-19 09:28:46,733 [pool-67-thread-1] INFO  server.RaftServerConfigKeys (ConfUtils.java:logGet(44)) - raft.server.log.statemachine.data.caching.enabled = true (custom)
2020-05-19 09:28:46,733 [pool-51-thread-1] INFO  storage.RaftStorageDirectory (RaftStorageDirectory.java:tryLock(343)) - Lock on /github/workspace/mnt/ozone/hadoop-ozone/integration-test/target/test-dir/MiniOzoneClusterImpl-5052868c-af14-42ec-a08a-76835f874d4b/datanode-1/data/ratis/6230c762-da95-4005-98e7-7a3f6b1a5152/in_use.lock acquired by nodename 399@b7b621f2746c
2020-05-19 09:28:46,734 [pool-35-thread-1] INFO  server.RaftServerConfigKeys (ConfUtils.java:logGet(44)) - raft.server.log.corruption.policy = EXCEPTION (default)
2020-05-19 09:28:46,734 [pool-67-thread-1] INFO  segmented.SegmentedRaftLogWorker (SegmentedRaftLogWorker.java:lambda$new$0(129)) - c5696339-f7f1-498d-af08-21c1da000d10@group-7A3F6B1A5152-SegmentedRaftLogWorker: flushIndex: setUnconditionally 0 -> -1
2020-05-19 09:28:46,734 [pool-35-thread-1] INFO  storage.RaftStorageDirectory (RaftStorageDirectory.java:analyzeStorage(261)) - The storage directory /github/workspace/mnt/ozone/hadoop-ozone/integration-test/target/test-dir/MiniOzoneClusterImpl-5052868c-af14-42ec-a08a-76835f874d4b/datanode-0/data/ratis/6230c762-da95-4005-98e7-7a3f6b1a5152 does not exist. Creating ...
2020-05-19 09:28:46,735 [pool-51-thread-1] INFO  storage.RaftStorage (RaftStorage.java:format(84)) - Storage directory /github/workspace/mnt/ozone/hadoop-ozone/integration-test/target/test-dir/MiniOzoneClusterImpl-5052868c-af14-42ec-a08a-76835f874d4b/datanode-1/data/ratis/6230c762-da95-4005-98e7-7a3f6b1a5152 has been successfully formatted.
2020-05-19 09:28:46,736 [pool-35-thread-1] INFO  storage.RaftStorageDirectory (RaftStorageDirectory.java:tryLock(343)) - Lock on /github/workspace/mnt/ozone/hadoop-ozone/integration-test/target/test-dir/MiniOzoneClusterImpl-5052868c-af14-42ec-a08a-76835f874d4b/datanode-0/data/ratis/6230c762-da95-4005-98e7-7a3f6b1a5152/in_use.lock acquired by nodename 399@b7b621f2746c
2020-05-19 09:28:46,737 [pool-67-thread-1] INFO  server.RaftServerConfigKeys (ConfUtils.java:logGet(44)) - raft.server.snapshot.auto.trigger.enabled = true (custom)
2020-05-19 09:28:46,737 [pool-67-thread-1] INFO  server.RaftServerConfigKeys (ConfUtils.java:logGet(44)) - raft.server.snapshot.auto.trigger.threshold = 10000 (custom)
2020-05-19 09:28:46,737 [pool-67-thread-1] INFO  server.RaftServerConfigKeys (ConfUtils.java:logGet(44)) - raft.server.snapshot.retention.file.num = 5 (custom)
2020-05-19 09:28:46,737 [pool-67-thread-1] INFO  server.RaftServerConfigKeys (ConfUtils.java:logGet(44)) - raft.server.log.purge.upto.snapshot.index = false (default)
2020-05-19 09:28:46,738 [pool-51-thread-1] INFO  ratis.ContainerStateMachine (ContainerStateMachine.java:loadSnapshot(226)) - group-7A3F6B1A5152: The snapshot info is null. Setting the last applied indexto:(t:0, i:~)
2020-05-19 09:28:46,738 [pool-51-thread-1] INFO  server.RaftServerConfigKeys (ConfUtils.java:logGet(44)) - raft.server.notification.no-leader.timeout = 60s (default)
2020-05-19 09:28:46,738 [pool-51-thread-1] INFO  server.RaftServerConfigKeys (ConfUtils.java:logGet(44)) - raft.server.log.use.memory = false (default)
2020-05-19 09:28:46,738 [pool-51-thread-1] INFO  server.RaftServerConfigKeys (ConfUtils.java:logGet(44)) - raft.server.log.purge.gap = 1000000 (custom)
2020-05-19 09:28:46,738 [pool-51-thread-1] INFO  server.RaftServerConfigKeys (ConfUtils.java:logGet(44)) - raft.server.log.appender.buffer.byte-limit = 33554432 (custom)
2020-05-19 09:28:46,738 [pool-51-thread-1] INFO  server.RaftServerConfigKeys (ConfUtils.java:logGet(44)) - raft.server.log.segment.size.max = 1048576 (custom)
2020-05-19 09:28:46,739 [pool-51-thread-1] INFO  server.RaftServerConfigKeys (ConfUtils.java:logGet(44)) - raft.server.log.segment.cache.num.max = 2 (custom)
2020-05-19 09:28:46,739 [pool-51-thread-1] INFO  segmented.SegmentedRaftLogWorker (SegmentedRaftLogWorker.java:<init>(176)) - new e67ce902-a12d-42ec-a956-705ac53e1b06@group-7A3F6B1A5152-SegmentedRaftLogWorker for RaftStorage:Storage Directory /github/workspace/mnt/ozone/hadoop-ozone/integration-test/target/test-dir/MiniOzoneClusterImpl-5052868c-af14-42ec-a08a-76835f874d4b/datanode-1/data/ratis/6230c762-da95-4005-98e7-7a3f6b1a5152
2020-05-19 09:28:46,739 [pool-51-thread-1] INFO  server.RaftServerConfigKeys (ConfUtils.java:logGet(44)) - raft.server.log.queue.byte-limit = 2147483647 (custom)
2020-05-19 09:28:46,739 [pool-67-thread-1] INFO  server.RaftServerConfigKeys (ConfUtils.java:logGet(44)) - raft.server.retrycache.expirytime = 600000ms (custom)
2020-05-19 09:28:46,739 [pool-51-thread-1] INFO  server.RaftServerConfigKeys (ConfUtils.java:logGet(44)) - raft.server.log.queue.element-limit = 1024 (custom)
2020-05-19 09:28:46,739 [pool-67-thread-1] INFO  metrics.RatisMetrics (RatisMetrics.java:lambda$create$0(39)) - Creating Metrics Registry : ratis.leader_election.c5696339-f7f1-498d-af08-21c1da000d10@group-7A3F6B1A5152
2020-05-19 09:28:46,740 [pool-67-thread-1] INFO  metrics.RatisMetrics (RatisMetrics.java:lambda$create$0(39)) - Creating Metrics Registry : ratis.server.c5696339-f7f1-498d-af08-21c1da000d10@group-7A3F6B1A5152
2020-05-19 09:28:46,744 [pool-67-thread-1] INFO  impl.RaftServerImpl (RaftServerImpl.java:start(184)) - c5696339-f7f1-498d-af08-21c1da000d10@group-7A3F6B1A5152: start as a follower, conf=-1: [e67ce902-a12d-42ec-a956-705ac53e1b06:172.17.0.2:35799, c5696339-f7f1-498d-af08-21c1da000d10:172.17.0.2:44683, da2ac404-9c11-49fb-ad63-5e4e1a7475af:172.17.0.2:42475], old=null
2020-05-19 09:28:46,744 [pool-67-thread-1] INFO  impl.RaftServerImpl (RaftServerImpl.java:setRole(173)) - c5696339-f7f1-498d-af08-21c1da000d10@group-7A3F6B1A5152: changes role from      null to FOLLOWER at term 0 for startAsFollower
2020-05-19 09:28:46,744 [pool-67-thread-1] INFO  impl.RoleInfo (RoleInfo.java:updateAndGet(143)) - c5696339-f7f1-498d-af08-21c1da000d10: start FollowerState
2020-05-19 09:28:46,739 [pool-35-thread-1] INFO  storage.RaftStorage (RaftStorage.java:format(84)) - Storage directory /github/workspace/mnt/ozone/hadoop-ozone/integration-test/target/test-dir/MiniOzoneClusterImpl-5052868c-af14-42ec-a08a-76835f874d4b/datanode-0/data/ratis/6230c762-da95-4005-98e7-7a3f6b1a5152 has been successfully formatted.
2020-05-19 09:28:46,739 [pool-51-thread-1] INFO  server.RaftServerConfigKeys (ConfUtils.java:logGet(44)) - raft.server.log.segment.size.max = 1048576 (custom)
2020-05-19 09:28:46,745 [pool-51-thread-1] INFO  server.RaftServerConfigKeys (ConfUtils.java:logGet(44)) - raft.server.log.preallocated.size = 16384 (custom)
2020-05-19 09:28:46,745 [pool-51-thread-1] INFO  server.RaftServerConfigKeys (ConfUtils.java:logGet(44)) - raft.server.log.write.buffer.size = 1048576 (custom)
2020-05-19 09:28:46,745 [pool-51-thread-1] INFO  server.RaftServerConfigKeys (ConfUtils.java:logGet(44)) - raft.server.log.force.sync.num = 128 (default)
2020-05-19 09:28:46,745 [pool-51-thread-1] INFO  server.RaftServerConfigKeys (ConfUtils.java:logGet(44)) - raft.server.log.statemachine.data.sync = true (default)
2020-05-19 09:28:46,746 [pool-51-thread-1] INFO  server.RaftServerConfigKeys (ConfUtils.java:logGet(44)) - raft.server.log.statemachine.data.sync.timeout = 10s (default)
2020-05-19 09:28:46,746 [pool-51-thread-1] INFO  server.RaftServerConfigKeys (ConfUtils.java:logGet(44)) - raft.server.log.statemachine.data.sync.timeout.retry = -1 (default)
2020-05-19 09:28:46,751 [pool-67-thread-1] INFO  util.JmxRegister (JmxRegister.java:tryRegister(44)) - Successfully registered JMX Bean with object name Ratis:service=RaftServer,group=group-7A3F6B1A5152,id=c5696339-f7f1-498d-af08-21c1da000d10
2020-05-19 09:28:46,751 [pool-67-thread-1] INFO  metrics.RatisMetrics (RatisMetrics.java:lambda$create$0(39)) - Creating Metrics Registry : ratis.state_machine.c5696339-f7f1-498d-af08-21c1da000d10@group-7A3F6B1A5152
2020-05-19 09:28:46,751 [pool-35-thread-1] INFO  ratis.ContainerStateMachine (ContainerStateMachine.java:loadSnapshot(226)) - group-7A3F6B1A5152: The snapshot info is null. Setting the last applied indexto:(t:0, i:~)
2020-05-19 09:28:46,753 [pool-35-thread-1] INFO  server.RaftServerConfigKeys (ConfUtils.java:logGet(44)) - raft.server.notification.no-leader.timeout = 60s (default)
2020-05-19 09:28:46,754 [pool-35-thread-1] INFO  server.RaftServerConfigKeys (ConfUtils.java:logGet(44)) - raft.server.log.use.memory = false (default)
2020-05-19 09:28:46,754 [pool-35-thread-1] INFO  server.RaftServerConfigKeys (ConfUtils.java:logGet(44)) - raft.server.log.purge.gap = 1000000 (custom)
2020-05-19 09:28:46,754 [pool-35-thread-1] INFO  server.RaftServerConfigKeys (ConfUtils.java:logGet(44)) - raft.server.log.appender.buffer.byte-limit = 33554432 (custom)
2020-05-19 09:28:46,754 [pool-35-thread-1] INFO  server.RaftServerConfigKeys (ConfUtils.java:logGet(44)) - raft.server.log.segment.size.max = 1048576 (custom)
2020-05-19 09:28:46,754 [pool-35-thread-1] INFO  server.RaftServerConfigKeys (ConfUtils.java:logGet(44)) - raft.server.log.segment.cache.num.max = 2 (custom)
2020-05-19 09:28:46,754 [pool-35-thread-1] INFO  segmented.SegmentedRaftLogWorker (SegmentedRaftLogWorker.java:<init>(176)) - new da2ac404-9c11-49fb-ad63-5e4e1a7475af@group-7A3F6B1A5152-SegmentedRaftLogWorker for RaftStorage:Storage Directory /github/workspace/mnt/ozone/hadoop-ozone/integration-test/target/test-dir/MiniOzoneClusterImpl-5052868c-af14-42ec-a08a-76835f874d4b/datanode-0/data/ratis/6230c762-da95-4005-98e7-7a3f6b1a5152
2020-05-19 09:28:46,754 [pool-35-thread-1] INFO  server.RaftServerConfigKeys (ConfUtils.java:logGet(44)) - raft.server.log.queue.byte-limit = 2147483647 (custom)
2020-05-19 09:28:46,754 [pool-35-thread-1] INFO  server.RaftServerConfigKeys (ConfUtils.java:logGet(44)) - raft.server.log.queue.element-limit = 1024 (custom)
2020-05-19 09:28:46,754 [pool-35-thread-1] INFO  server.RaftServerConfigKeys (ConfUtils.java:logGet(44)) - raft.server.log.segment.size.max = 1048576 (custom)
2020-05-19 09:28:46,755 [pool-35-thread-1] INFO  server.RaftServerConfigKeys (ConfUtils.java:logGet(44)) - raft.server.log.preallocated.size = 16384 (custom)
2020-05-19 09:28:46,755 [pool-35-thread-1] INFO  server.RaftServerConfigKeys (ConfUtils.java:logGet(44)) - raft.server.log.write.buffer.size = 1048576 (custom)
2020-05-19 09:28:46,755 [pool-35-thread-1] INFO  server.RaftServerConfigKeys (ConfUtils.java:logGet(44)) - raft.server.log.force.sync.num = 128 (default)
2020-05-19 09:28:46,755 [pool-35-thread-1] INFO  server.RaftServerConfigKeys (ConfUtils.java:logGet(44)) - raft.server.log.statemachine.data.sync = true (default)
2020-05-19 09:28:46,755 [pool-35-thread-1] INFO  server.RaftServerConfigKeys (ConfUtils.java:logGet(44)) - raft.server.log.statemachine.data.sync.timeout = 10s (default)
2020-05-19 09:28:46,755 [pool-35-thread-1] INFO  server.RaftServerConfigKeys (ConfUtils.java:logGet(44)) - raft.server.log.statemachine.data.sync.timeout.retry = -1 (default)
2020-05-19 09:28:46,751 [pool-51-thread-1] INFO  server.RaftServerConfigKeys (ConfUtils.java:logGet(44)) - raft.server.log.statemachine.data.caching.enabled = true (custom)
2020-05-19 09:28:46,755 [pool-51-thread-1] INFO  segmented.SegmentedRaftLogWorker (SegmentedRaftLogWorker.java:lambda$new$0(129)) - e67ce902-a12d-42ec-a956-705ac53e1b06@group-7A3F6B1A5152-SegmentedRaftLogWorker: flushIndex: setUnconditionally 0 -> -1
2020-05-19 09:28:46,759 [pool-51-thread-1] INFO  server.RaftServerConfigKeys (ConfUtils.java:logGet(44)) - raft.server.snapshot.auto.trigger.enabled = true (custom)
2020-05-19 09:28:46,759 [pool-51-thread-1] INFO  server.RaftServerConfigKeys (ConfUtils.java:logGet(44)) - raft.server.snapshot.auto.trigger.threshold = 10000 (custom)
2020-05-19 09:28:46,759 [pool-51-thread-1] INFO  server.RaftServerConfigKeys (ConfUtils.java:logGet(44)) - raft.server.snapshot.retention.file.num = 5 (custom)
2020-05-19 09:28:46,759 [pool-51-thread-1] INFO  server.RaftServerConfigKeys (ConfUtils.java:logGet(44)) - raft.server.log.purge.upto.snapshot.index = false (default)
2020-05-19 09:28:46,760 [pool-51-thread-1] INFO  server.RaftServerConfigKeys (ConfUtils.java:logGet(44)) - raft.server.retrycache.expirytime = 600000ms (custom)
2020-05-19 09:28:46,760 [pool-51-thread-1] INFO  metrics.RatisMetrics (RatisMetrics.java:lambda$create$0(39)) - Creating Metrics Registry : ratis.leader_election.e67ce902-a12d-42ec-a956-705ac53e1b06@group-7A3F6B1A5152
2020-05-19 09:28:46,760 [pool-51-thread-1] INFO  metrics.RatisMetrics (RatisMetrics.java:lambda$create$0(39)) - Creating Metrics Registry : ratis.server.e67ce902-a12d-42ec-a956-705ac53e1b06@group-7A3F6B1A5152
2020-05-19 09:28:46,761 [pool-51-thread-1] INFO  impl.RaftServerImpl (RaftServerImpl.java:start(184)) - e67ce902-a12d-42ec-a956-705ac53e1b06@group-7A3F6B1A5152: start as a follower, conf=-1: [e67ce902-a12d-42ec-a956-705ac53e1b06:172.17.0.2:35799, c5696339-f7f1-498d-af08-21c1da000d10:172.17.0.2:44683, da2ac404-9c11-49fb-ad63-5e4e1a7475af:172.17.0.2:42475], old=null
2020-05-19 09:28:46,761 [pool-51-thread-1] INFO  impl.RaftServerImpl (RaftServerImpl.java:setRole(173)) - e67ce902-a12d-42ec-a956-705ac53e1b06@group-7A3F6B1A5152: changes role from      null to FOLLOWER at term 0 for startAsFollower
2020-05-19 09:28:46,762 [pool-51-thread-1] INFO  impl.RoleInfo (RoleInfo.java:updateAndGet(143)) - e67ce902-a12d-42ec-a956-705ac53e1b06: start FollowerState
2020-05-19 09:28:46,771 [pool-51-thread-1] INFO  util.JmxRegister (JmxRegister.java:tryRegister(44)) - Successfully registered JMX Bean with object name Ratis:service=RaftServer,group=group-7A3F6B1A5152,id=e67ce902-a12d-42ec-a956-705ac53e1b06
2020-05-19 09:28:46,771 [pool-35-thread-1] INFO  server.RaftServerConfigKeys (ConfUtils.java:logGet(44)) - raft.server.log.statemachine.data.caching.enabled = true (custom)
2020-05-19 09:28:46,772 [pool-51-thread-1] INFO  metrics.RatisMetrics (RatisMetrics.java:lambda$create$0(39)) - Creating Metrics Registry : ratis.state_machine.e67ce902-a12d-42ec-a956-705ac53e1b06@group-7A3F6B1A5152
2020-05-19 09:28:46,774 [pool-35-thread-1] INFO  segmented.SegmentedRaftLogWorker (SegmentedRaftLogWorker.java:lambda$new$0(129)) - da2ac404-9c11-49fb-ad63-5e4e1a7475af@group-7A3F6B1A5152-SegmentedRaftLogWorker: flushIndex: setUnconditionally 0 -> -1
2020-05-19 09:28:46,783 [pool-35-thread-1] INFO  server.RaftServerConfigKeys (ConfUtils.java:logGet(44)) - raft.server.snapshot.auto.trigger.enabled = true (custom)
2020-05-19 09:28:46,783 [pool-35-thread-1] INFO  server.RaftServerConfigKeys (ConfUtils.java:logGet(44)) - raft.server.snapshot.auto.trigger.threshold = 10000 (custom)
2020-05-19 09:28:46,783 [pool-35-thread-1] INFO  server.RaftServerConfigKeys (ConfUtils.java:logGet(44)) - raft.server.snapshot.retention.file.num = 5 (custom)
2020-05-19 09:28:46,783 [pool-35-thread-1] INFO  server.RaftServerConfigKeys (ConfUtils.java:logGet(44)) - raft.server.log.purge.upto.snapshot.index = false (default)
2020-05-19 09:28:46,783 [pool-35-thread-1] INFO  server.RaftServerConfigKeys (ConfUtils.java:logGet(44)) - raft.server.retrycache.expirytime = 600000ms (custom)
2020-05-19 09:28:46,783 [pool-35-thread-1] INFO  metrics.RatisMetrics (RatisMetrics.java:lambda$create$0(39)) - Creating Metrics Registry : ratis.leader_election.da2ac404-9c11-49fb-ad63-5e4e1a7475af@group-7A3F6B1A5152
2020-05-19 09:28:46,784 [pool-35-thread-1] INFO  metrics.RatisMetrics (RatisMetrics.java:lambda$create$0(39)) - Creating Metrics Registry : ratis.server.da2ac404-9c11-49fb-ad63-5e4e1a7475af@group-7A3F6B1A5152
2020-05-19 09:28:46,785 [pool-35-thread-1] INFO  impl.RaftServerImpl (RaftServerImpl.java:start(184)) - da2ac404-9c11-49fb-ad63-5e4e1a7475af@group-7A3F6B1A5152: start as a follower, conf=-1: [e67ce902-a12d-42ec-a956-705ac53e1b06:172.17.0.2:35799, c5696339-f7f1-498d-af08-21c1da000d10:172.17.0.2:44683, da2ac404-9c11-49fb-ad63-5e4e1a7475af:172.17.0.2:42475], old=null
2020-05-19 09:28:46,785 [pool-35-thread-1] INFO  impl.RaftServerImpl (RaftServerImpl.java:setRole(173)) - da2ac404-9c11-49fb-ad63-5e4e1a7475af@group-7A3F6B1A5152: changes role from      null to FOLLOWER at term 0 for startAsFollower
2020-05-19 09:28:46,785 [pool-35-thread-1] INFO  impl.RoleInfo (RoleInfo.java:updateAndGet(143)) - da2ac404-9c11-49fb-ad63-5e4e1a7475af: start FollowerState
2020-05-19 09:28:46,785 [pool-35-thread-1] INFO  util.JmxRegister (JmxRegister.java:tryRegister(44)) - Successfully registered JMX Bean with object name Ratis:service=RaftServer,group=group-7A3F6B1A5152,id=da2ac404-9c11-49fb-ad63-5e4e1a7475af
2020-05-19 09:28:46,785 [pool-35-thread-1] INFO  metrics.RatisMetrics (RatisMetrics.java:lambda$create$0(39)) - Creating Metrics Registry : ratis.state_machine.da2ac404-9c11-49fb-ad63-5e4e1a7475af@group-7A3F6B1A5152
2020-05-19 09:28:47,600 [Listener at 127.0.0.1/43761] INFO  ozone.MiniOzoneClusterImpl (MiniOzoneClusterImpl.java:lambda$waitForClusterToBeReady$0(177)) - Nodes are ready. Got 3 of 3 DN Heartbeats.
2020-05-19 09:28:47,600 [Listener at 127.0.0.1/43761] INFO  ozone.MiniOzoneClusterImpl (MiniOzoneClusterImpl.java:lambda$waitForClusterToBeReady$0(180)) - Waiting for cluster to exit safe mode
2020-05-19 09:28:47,706 [Command processor thread] INFO  commandhandler.CreatePipelineCommandHandler (CreatePipelineCommandHandler.java:handle(109)) - Created Pipeline RATIS THREE #id: "6230c762-da95-4005-98e7-7a3f6b1a5152"
.
2020-05-19 09:28:47,707 [Command processor thread] INFO  commandhandler.CreatePipelineCommandHandler (CreatePipelineCommandHandler.java:handle(109)) - Created Pipeline RATIS THREE #id: "6230c762-da95-4005-98e7-7a3f6b1a5152"
.
2020-05-19 09:28:47,709 [Command processor thread] INFO  commandhandler.CreatePipelineCommandHandler (CreatePipelineCommandHandler.java:handle(109)) - Created Pipeline RATIS THREE #id: "6230c762-da95-4005-98e7-7a3f6b1a5152"
.
2020-05-19 09:28:48,600 [Listener at 127.0.0.1/43761] INFO  ozone.MiniOzoneClusterImpl (MiniOzoneClusterImpl.java:lambda$waitForClusterToBeReady$0(177)) - Nodes are ready. Got 3 of 3 DN Heartbeats.
2020-05-19 09:28:48,600 [Listener at 127.0.0.1/43761] INFO  ozone.MiniOzoneClusterImpl (MiniOzoneClusterImpl.java:lambda$waitForClusterToBeReady$0(180)) - Waiting for cluster to exit safe mode
2020-05-19 09:28:49,601 [Listener at 127.0.0.1/43761] INFO  ozone.MiniOzoneClusterImpl (MiniOzoneClusterImpl.java:lambda$waitForClusterToBeReady$0(177)) - Nodes are ready. Got 3 of 3 DN Heartbeats.
2020-05-19 09:28:49,601 [Listener at 127.0.0.1/43761] INFO  ozone.MiniOzoneClusterImpl (MiniOzoneClusterImpl.java:lambda$waitForClusterToBeReady$0(180)) - Waiting for cluster to exit safe mode
2020-05-19 09:28:50,601 [Listener at 127.0.0.1/43761] INFO  ozone.MiniOzoneClusterImpl (MiniOzoneClusterImpl.java:lambda$waitForClusterToBeReady$0(177)) - Nodes are ready. Got 3 of 3 DN Heartbeats.
2020-05-19 09:28:50,602 [Listener at 127.0.0.1/43761] INFO  ozone.MiniOzoneClusterImpl (MiniOzoneClusterImpl.java:lambda$waitForClusterToBeReady$0(180)) - Waiting for cluster to exit safe mode
2020-05-19 09:28:51,602 [Listener at 127.0.0.1/43761] INFO  ozone.MiniOzoneClusterImpl (MiniOzoneClusterImpl.java:lambda$waitForClusterToBeReady$0(177)) - Nodes are ready. Got 3 of 3 DN Heartbeats.
2020-05-19 09:28:51,603 [Listener at 127.0.0.1/43761] INFO  ozone.MiniOzoneClusterImpl (MiniOzoneClusterImpl.java:lambda$waitForClusterToBeReady$0(180)) - Waiting for cluster to exit safe mode
2020-05-19 09:28:51,778 [Thread-179] INFO  impl.FollowerState (FollowerState.java:run(108)) - e67ce902-a12d-42ec-a956-705ac53e1b06@group-9F4FD99AF1C3-FollowerState: change to CANDIDATE, lastRpcTime:5116ms, electionTimeout:5072ms
2020-05-19 09:28:51,779 [Thread-179] INFO  impl.RoleInfo (RoleInfo.java:shutdownFollowerState(121)) - e67ce902-a12d-42ec-a956-705ac53e1b06: shutdown FollowerState
2020-05-19 09:28:51,779 [Thread-179] INFO  impl.RaftServerImpl (RaftServerImpl.java:setRole(173)) - e67ce902-a12d-42ec-a956-705ac53e1b06@group-9F4FD99AF1C3: changes role from  FOLLOWER to CANDIDATE at term 0 for changeToCandidate
2020-05-19 09:28:51,783 [Thread-179] INFO  impl.RoleInfo (RoleInfo.java:updateAndGet(143)) - e67ce902-a12d-42ec-a956-705ac53e1b06: start LeaderElection
2020-05-19 09:28:51,788 [e67ce902-a12d-42ec-a956-705ac53e1b06@group-9F4FD99AF1C3-LeaderElection1] INFO  impl.LeaderElection (LeaderElection.java:askForVotes(206)) - e67ce902-a12d-42ec-a956-705ac53e1b06@group-9F4FD99AF1C3-LeaderElection1: begin an election at term 1 for -1: [e67ce902-a12d-42ec-a956-705ac53e1b06:172.17.0.2:35799], old=null
2020-05-19 09:28:51,790 [e67ce902-a12d-42ec-a956-705ac53e1b06@group-9F4FD99AF1C3-LeaderElection1] INFO  impl.RoleInfo (RoleInfo.java:shutdownLeaderElection(134)) - e67ce902-a12d-42ec-a956-705ac53e1b06: shutdown LeaderElection
2020-05-19 09:28:51,790 [e67ce902-a12d-42ec-a956-705ac53e1b06@group-9F4FD99AF1C3-LeaderElection1] INFO  impl.RaftServerImpl (RaftServerImpl.java:setRole(173)) - e67ce902-a12d-42ec-a956-705ac53e1b06@group-9F4FD99AF1C3: changes role from CANDIDATE to LEADER at term 1 for changeToLeader
2020-05-19 09:28:51,790 [e67ce902-a12d-42ec-a956-705ac53e1b06@group-9F4FD99AF1C3-LeaderElection1] INFO  ratis.XceiverServerRatis (XceiverServerRatis.java:handleLeaderChangedNotification(762)) - Leader change notification received for group: group-9F4FD99AF1C3 with new leaderId: e67ce902-a12d-42ec-a956-705ac53e1b06
2020-05-19 09:28:51,791 [e67ce902-a12d-42ec-a956-705ac53e1b06@group-9F4FD99AF1C3-LeaderElection1] INFO  impl.RaftServerImpl (ServerState.java:setLeader(255)) - e67ce902-a12d-42ec-a956-705ac53e1b06@group-9F4FD99AF1C3: change Leader from null to e67ce902-a12d-42ec-a956-705ac53e1b06 at term 1 for becomeLeader, leader elected after 5287ms
2020-05-19 09:28:51,799 [e67ce902-a12d-42ec-a956-705ac53e1b06@group-9F4FD99AF1C3-LeaderElection1] INFO  server.RaftServerConfigKeys (ConfUtils.java:logGet(44)) - raft.server.staging.catchup.gap = 1000 (default)
2020-05-19 09:28:51,799 [e67ce902-a12d-42ec-a956-705ac53e1b06@group-9F4FD99AF1C3-LeaderElection1] INFO  server.RaftServerConfigKeys (ConfUtils.java:logGet(44)) - raft.server.rpc.sleep.time = 25ms (default)
2020-05-19 09:28:51,802 [e67ce902-a12d-42ec-a956-705ac53e1b06@group-9F4FD99AF1C3-LeaderElection1] INFO  metrics.RatisMetrics (RatisMetrics.java:lambda$create$0(39)) - Creating Metrics Registry : ratis.log_appender.e67ce902-a12d-42ec-a956-705ac53e1b06@group-9F4FD99AF1C3
2020-05-19 09:28:51,805 [e67ce902-a12d-42ec-a956-705ac53e1b06@group-9F4FD99AF1C3-LeaderElection1] INFO  server.RaftServerConfigKeys (ConfUtils.java:logGet(44)) - raft.server.write.element-limit = 1024 (custom)
2020-05-19 09:28:51,805 [e67ce902-a12d-42ec-a956-705ac53e1b06@group-9F4FD99AF1C3-LeaderElection1] INFO  server.RaftServerConfigKeys (ConfUtils.java:logGet(44)) - raft.server.write.byte-limit = 1073741824 (custom)
2020-05-19 09:28:51,814 [e67ce902-a12d-42ec-a956-705ac53e1b06@group-9F4FD99AF1C3-LeaderElection1] INFO  server.RaftServerConfigKeys (ConfUtils.java:logGet(44)) - raft.server.watch.timeout = 10s (default)
2020-05-19 09:28:51,814 [e67ce902-a12d-42ec-a956-705ac53e1b06@group-9F4FD99AF1C3-LeaderElection1] INFO  server.RaftServerConfigKeys (ConfUtils.java:logGet(44)) - raft.server.watch.timeout.denomination = 1s (default)
2020-05-19 09:28:51,815 [e67ce902-a12d-42ec-a956-705ac53e1b06@group-9F4FD99AF1C3-LeaderElection1] INFO  server.RaftServerConfigKeys (ConfUtils.java:logGet(44)) - raft.server.watch.element-limit = 65536 (default)
2020-05-19 09:28:51,823 [e67ce902-a12d-42ec-a956-705ac53e1b06@group-9F4FD99AF1C3-LeaderElection1] INFO  impl.RoleInfo (RoleInfo.java:updateAndGet(143)) - e67ce902-a12d-42ec-a956-705ac53e1b06: start LeaderState
2020-05-19 09:28:51,826 [Thread-180] INFO  impl.FollowerState (FollowerState.java:run(108)) - da2ac404-9c11-49fb-ad63-5e4e1a7475af@group-3569B6B3C2E5-FollowerState: change to CANDIDATE, lastRpcTime:5164ms, electionTimeout:5152ms
2020-05-19 09:28:51,828 [Thread-180] INFO  impl.RoleInfo (RoleInfo.java:shutdownFollowerState(121)) - da2ac404-9c11-49fb-ad63-5e4e1a7475af: shutdown FollowerState
2020-05-19 09:28:51,828 [Thread-180] INFO  impl.RaftServerImpl (RaftServerImpl.java:setRole(173)) - da2ac404-9c11-49fb-ad63-5e4e1a7475af@group-3569B6B3C2E5: changes role from  FOLLOWER to CANDIDATE at term 0 for changeToCandidate
2020-05-19 09:28:51,828 [Thread-180] INFO  impl.RoleInfo (RoleInfo.java:updateAndGet(143)) - da2ac404-9c11-49fb-ad63-5e4e1a7475af: start LeaderElection
2020-05-19 09:28:51,840 [da2ac404-9c11-49fb-ad63-5e4e1a7475af@group-3569B6B3C2E5-LeaderElection2] INFO  impl.LeaderElection (LeaderElection.java:askForVotes(206)) - da2ac404-9c11-49fb-ad63-5e4e1a7475af@group-3569B6B3C2E5-LeaderElection2: begin an election at term 1 for -1: [da2ac404-9c11-49fb-ad63-5e4e1a7475af:172.17.0.2:42475], old=null
2020-05-19 09:28:51,841 [da2ac404-9c11-49fb-ad63-5e4e1a7475af@group-3569B6B3C2E5-LeaderElection2] INFO  impl.RoleInfo (RoleInfo.java:shutdownLeaderElection(134)) - da2ac404-9c11-49fb-ad63-5e4e1a7475af: shutdown LeaderElection
2020-05-19 09:28:51,841 [da2ac404-9c11-49fb-ad63-5e4e1a7475af@group-3569B6B3C2E5-LeaderElection2] INFO  impl.RaftServerImpl (RaftServerImpl.java:setRole(173)) - da2ac404-9c11-49fb-ad63-5e4e1a7475af@group-3569B6B3C2E5: changes role from CANDIDATE to LEADER at term 1 for changeToLeader
2020-05-19 09:28:51,841 [da2ac404-9c11-49fb-ad63-5e4e1a7475af@group-3569B6B3C2E5-LeaderElection2] INFO  ratis.XceiverServerRatis (XceiverServerRatis.java:handleLeaderChangedNotification(762)) - Leader change notification received for group: group-3569B6B3C2E5 with new leaderId: da2ac404-9c11-49fb-ad63-5e4e1a7475af
2020-05-19 09:28:51,842 [da2ac404-9c11-49fb-ad63-5e4e1a7475af@group-3569B6B3C2E5-LeaderElection2] INFO  impl.RaftServerImpl (ServerState.java:setLeader(255)) - da2ac404-9c11-49fb-ad63-5e4e1a7475af@group-3569B6B3C2E5: change Leader from null to da2ac404-9c11-49fb-ad63-5e4e1a7475af at term 1 for becomeLeader, leader elected after 5403ms
2020-05-19 09:28:51,842 [da2ac404-9c11-49fb-ad63-5e4e1a7475af@group-3569B6B3C2E5-LeaderElection2] INFO  server.RaftServerConfigKeys (ConfUtils.java:logGet(44)) - raft.server.staging.catchup.gap = 1000 (default)
2020-05-19 09:28:51,842 [da2ac404-9c11-49fb-ad63-5e4e1a7475af@group-3569B6B3C2E5-LeaderElection2] INFO  server.RaftServerConfigKeys (ConfUtils.java:logGet(44)) - raft.server.rpc.sleep.time = 25ms (default)
2020-05-19 09:28:51,846 [da2ac404-9c11-49fb-ad63-5e4e1a7475af@group-3569B6B3C2E5-LeaderElection2] INFO  metrics.RatisMetrics (RatisMetrics.java:lambda$create$0(39)) - Creating Metrics Registry : ratis.log_appender.da2ac404-9c11-49fb-ad63-5e4e1a7475af@group-3569B6B3C2E5
2020-05-19 09:28:51,848 [da2ac404-9c11-49fb-ad63-5e4e1a7475af@group-3569B6B3C2E5-LeaderElection2] INFO  server.RaftServerConfigKeys (ConfUtils.java:logGet(44)) - raft.server.write.element-limit = 1024 (custom)
2020-05-19 09:28:51,848 [da2ac404-9c11-49fb-ad63-5e4e1a7475af@group-3569B6B3C2E5-LeaderElection2] INFO  server.RaftServerConfigKeys (ConfUtils.java:logGet(44)) - raft.server.write.byte-limit = 1073741824 (custom)
2020-05-19 09:28:51,849 [Thread-182] INFO  impl.FollowerState (FollowerState.java:run(108)) - c5696339-f7f1-498d-af08-21c1da000d10@group-336697D969AE-FollowerState: change to CANDIDATE, lastRpcTime:5159ms, electionTimeout:5154ms
2020-05-19 09:28:51,850 [Thread-182] INFO  impl.RoleInfo (RoleInfo.java:shutdownFollowerState(121)) - c5696339-f7f1-498d-af08-21c1da000d10: shutdown FollowerState
2020-05-19 09:28:51,850 [Thread-182] INFO  impl.RaftServerImpl (RaftServerImpl.java:setRole(173)) - c5696339-f7f1-498d-af08-21c1da000d10@group-336697D969AE: changes role from  FOLLOWER to CANDIDATE at term 0 for changeToCandidate
2020-05-19 09:28:51,850 [Thread-182] INFO  impl.RoleInfo (RoleInfo.java:updateAndGet(143)) - c5696339-f7f1-498d-af08-21c1da000d10: start LeaderElection
2020-05-19 09:28:51,851 [da2ac404-9c11-49fb-ad63-5e4e1a7475af@group-3569B6B3C2E5-LeaderElection2] INFO  server.RaftServerConfigKeys (ConfUtils.java:logGet(44)) - raft.server.watch.timeout = 10s (default)
2020-05-19 09:28:51,852 [da2ac404-9c11-49fb-ad63-5e4e1a7475af@group-3569B6B3C2E5-LeaderElection2] INFO  server.RaftServerConfigKeys (ConfUtils.java:logGet(44)) - raft.server.watch.timeout.denomination = 1s (default)
2020-05-19 09:28:51,852 [da2ac404-9c11-49fb-ad63-5e4e1a7475af@group-3569B6B3C2E5-LeaderElection2] INFO  server.RaftServerConfigKeys (ConfUtils.java:logGet(44)) - raft.server.watch.element-limit = 65536 (default)
2020-05-19 09:28:51,854 [da2ac404-9c11-49fb-ad63-5e4e1a7475af@group-3569B6B3C2E5-LeaderElection2] INFO  impl.RoleInfo (RoleInfo.java:updateAndGet(143)) - da2ac404-9c11-49fb-ad63-5e4e1a7475af: start LeaderState
2020-05-19 09:28:51,861 [c5696339-f7f1-498d-af08-21c1da000d10@group-336697D969AE-LeaderElection3] INFO  impl.LeaderElection (LeaderElection.java:askForVotes(206)) - c5696339-f7f1-498d-af08-21c1da000d10@group-336697D969AE-LeaderElection3: begin an election at term 1 for -1: [c5696339-f7f1-498d-af08-21c1da000d10:172.17.0.2:44683], old=null
2020-05-19 09:28:51,861 [c5696339-f7f1-498d-af08-21c1da000d10@group-336697D969AE-LeaderElection3] INFO  impl.RoleInfo (RoleInfo.java:shutdownLeaderElection(134)) - c5696339-f7f1-498d-af08-21c1da000d10: shutdown LeaderElection
2020-05-19 09:28:51,861 [c5696339-f7f1-498d-af08-21c1da000d10@group-336697D969AE-LeaderElection3] INFO  impl.RaftServerImpl (RaftServerImpl.java:setRole(173)) - c5696339-f7f1-498d-af08-21c1da000d10@group-336697D969AE: changes role from CANDIDATE to LEADER at term 1 for changeToLeader
2020-05-19 09:28:51,861 [c5696339-f7f1-498d-af08-21c1da000d10@group-336697D969AE-LeaderElection3] INFO  ratis.XceiverServerRatis (XceiverServerRatis.java:handleLeaderChangedNotification(762)) - Leader change notification received for group: group-336697D969AE with new leaderId: c5696339-f7f1-498d-af08-21c1da000d10
2020-05-19 09:28:51,864 [e67ce902-a12d-42ec-a956-705ac53e1b06@group-9F4FD99AF1C3-LeaderElection1] INFO  segmented.SegmentedRaftLogWorker (SegmentedRaftLogWorker.java:startLogSegment(391)) - e67ce902-a12d-42ec-a956-705ac53e1b06@group-9F4FD99AF1C3-SegmentedRaftLogWorker: Starting segment from index:0
2020-05-19 09:28:51,864 [c5696339-f7f1-498d-af08-21c1da000d10@group-336697D969AE-LeaderElection3] INFO  impl.RaftServerImpl (ServerState.java:setLeader(255)) - c5696339-f7f1-498d-af08-21c1da000d10@group-336697D969AE: change Leader from null to c5696339-f7f1-498d-af08-21c1da000d10 at term 1 for becomeLeader, leader elected after 5212ms
2020-05-19 09:28:51,864 [da2ac404-9c11-49fb-ad63-5e4e1a7475af@group-3569B6B3C2E5-LeaderElection2] INFO  segmented.SegmentedRaftLogWorker (SegmentedRaftLogWorker.java:startLogSegment(391)) - da2ac404-9c11-49fb-ad63-5e4e1a7475af@group-3569B6B3C2E5-SegmentedRaftLogWorker: Starting segment from index:0
2020-05-19 09:28:51,865 [c5696339-f7f1-498d-af08-21c1da000d10@group-336697D969AE-LeaderElection3] INFO  server.RaftServerConfigKeys (ConfUtils.java:logGet(44)) - raft.server.staging.catchup.gap = 1000 (default)
2020-05-19 09:28:51,865 [c5696339-f7f1-498d-af08-21c1da000d10@group-336697D969AE-LeaderElection3] INFO  server.RaftServerConfigKeys (ConfUtils.java:logGet(44)) - raft.server.rpc.sleep.time = 25ms (default)
2020-05-19 09:28:51,865 [c5696339-f7f1-498d-af08-21c1da000d10@group-336697D969AE-LeaderElection3] INFO  metrics.RatisMetrics (RatisMetrics.java:lambda$create$0(39)) - Creating Metrics Registry : ratis.log_appender.c5696339-f7f1-498d-af08-21c1da000d10@group-336697D969AE
2020-05-19 09:28:51,865 [c5696339-f7f1-498d-af08-21c1da000d10@group-336697D969AE-LeaderElection3] INFO  server.RaftServerConfigKeys (ConfUtils.java:logGet(44)) - raft.server.write.element-limit = 1024 (custom)
2020-05-19 09:28:51,865 [c5696339-f7f1-498d-af08-21c1da000d10@group-336697D969AE-LeaderElection3] INFO  server.RaftServerConfigKeys (ConfUtils.java:logGet(44)) - raft.server.write.byte-limit = 1073741824 (custom)
2020-05-19 09:28:51,866 [c5696339-f7f1-498d-af08-21c1da000d10@group-336697D969AE-LeaderElection3] INFO  server.RaftServerConfigKeys (ConfUtils.java:logGet(44)) - raft.server.watch.timeout = 10s (default)
2020-05-19 09:28:51,873 [c5696339-f7f1-498d-af08-21c1da000d10@group-336697D969AE-LeaderElection3] INFO  server.RaftServerConfigKeys (ConfUtils.java:logGet(44)) - raft.server.watch.timeout.denomination = 1s (default)
2020-05-19 09:28:51,874 [c5696339-f7f1-498d-af08-21c1da000d10@group-336697D969AE-LeaderElection3] INFO  server.RaftServerConfigKeys (ConfUtils.java:logGet(44)) - raft.server.watch.element-limit = 65536 (default)
2020-05-19 09:28:51,875 [c5696339-f7f1-498d-af08-21c1da000d10@group-336697D969AE-LeaderElection3] INFO  impl.RoleInfo (RoleInfo.java:updateAndGet(143)) - c5696339-f7f1-498d-af08-21c1da000d10: start LeaderState
2020-05-19 09:28:51,875 [c5696339-f7f1-498d-af08-21c1da000d10@group-336697D969AE-LeaderElection3] INFO  segmented.SegmentedRaftLogWorker (SegmentedRaftLogWorker.java:startLogSegment(391)) - c5696339-f7f1-498d-af08-21c1da000d10@group-336697D969AE-SegmentedRaftLogWorker: Starting segment from index:0
2020-05-19 09:28:51,888 [c5696339-f7f1-498d-af08-21c1da000d10@group-336697D969AE-LeaderElection3] INFO  impl.RaftServerImpl (ServerState.java:setRaftConf(356)) - c5696339-f7f1-498d-af08-21c1da000d10@group-336697D969AE: set configuration 0: [c5696339-f7f1-498d-af08-21c1da000d10:172.17.0.2:44683], old=null at 0
2020-05-19 09:28:51,894 [e67ce902-a12d-42ec-a956-705ac53e1b06@group-9F4FD99AF1C3-LeaderElection1] INFO  impl.RaftServerImpl (ServerState.java:setRaftConf(356)) - e67ce902-a12d-42ec-a956-705ac53e1b06@group-9F4FD99AF1C3: set configuration 0: [e67ce902-a12d-42ec-a956-705ac53e1b06:172.17.0.2:35799], old=null at 0
2020-05-19 09:28:51,894 [da2ac404-9c11-49fb-ad63-5e4e1a7475af@group-3569B6B3C2E5-LeaderElection2] INFO  impl.RaftServerImpl (ServerState.java:setRaftConf(356)) - da2ac404-9c11-49fb-ad63-5e4e1a7475af@group-3569B6B3C2E5: set configuration 0: [da2ac404-9c11-49fb-ad63-5e4e1a7475af:172.17.0.2:42475], old=null at 0
2020-05-19 09:28:51,904 [Thread-184] INFO  impl.FollowerState (FollowerState.java:run(108)) - c5696339-f7f1-498d-af08-21c1da000d10@group-7A3F6B1A5152-FollowerState: change to CANDIDATE, lastRpcTime:5159ms, electionTimeout:5146ms
2020-05-19 09:28:51,905 [Thread-184] INFO  impl.RoleInfo (RoleInfo.java:shutdownFollowerState(121)) - c5696339-f7f1-498d-af08-21c1da000d10: shutdown FollowerState
2020-05-19 09:28:51,905 [Thread-184] INFO  impl.RaftServerImpl (RaftServerImpl.java:setRole(173)) - c5696339-f7f1-498d-af08-21c1da000d10@group-7A3F6B1A5152: changes role from  FOLLOWER to CANDIDATE at term 0 for changeToCandidate
2020-05-19 09:28:51,905 [Thread-184] INFO  impl.RoleInfo (RoleInfo.java:updateAndGet(143)) - c5696339-f7f1-498d-af08-21c1da000d10: start LeaderElection
2020-05-19 09:28:51,909 [c5696339-f7f1-498d-af08-21c1da000d10@group-7A3F6B1A5152-LeaderElection4] INFO  impl.LeaderElection (LeaderElection.java:askForVotes(206)) - c5696339-f7f1-498d-af08-21c1da000d10@group-7A3F6B1A5152-LeaderElection4: begin an election at term 1 for -1: [e67ce902-a12d-42ec-a956-705ac53e1b06:172.17.0.2:35799, c5696339-f7f1-498d-af08-21c1da000d10:172.17.0.2:44683, da2ac404-9c11-49fb-ad63-5e4e1a7475af:172.17.0.2:42475], old=null
2020-05-19 09:28:51,938 [Thread-188] INFO  impl.FollowerState (FollowerState.java:run(108)) - da2ac404-9c11-49fb-ad63-5e4e1a7475af@group-7A3F6B1A5152-FollowerState: change to CANDIDATE, lastRpcTime:5153ms, electionTimeout:5152ms
2020-05-19 09:28:51,939 [Thread-188] INFO  impl.RoleInfo (RoleInfo.java:shutdownFollowerState(121)) - da2ac404-9c11-49fb-ad63-5e4e1a7475af: shutdown FollowerState
2020-05-19 09:28:51,939 [Thread-188] INFO  impl.RaftServerImpl (RaftServerImpl.java:setRole(173)) - da2ac404-9c11-49fb-ad63-5e4e1a7475af@group-7A3F6B1A5152: changes role from  FOLLOWER to CANDIDATE at term 0 for changeToCandidate
2020-05-19 09:28:51,939 [Thread-188] INFO  impl.RoleInfo (RoleInfo.java:updateAndGet(143)) - da2ac404-9c11-49fb-ad63-5e4e1a7475af: start LeaderElection
2020-05-19 09:28:51,941 [Thread-186] INFO  impl.FollowerState (FollowerState.java:run(108)) - e67ce902-a12d-42ec-a956-705ac53e1b06@group-7A3F6B1A5152-FollowerState: change to CANDIDATE, lastRpcTime:5179ms, electionTimeout:5167ms
2020-05-19 09:28:51,941 [Thread-186] INFO  impl.RoleInfo (RoleInfo.java:shutdownFollowerState(121)) - e67ce902-a12d-42ec-a956-705ac53e1b06: shutdown FollowerState
2020-05-19 09:28:51,941 [Thread-186] INFO  impl.RaftServerImpl (RaftServerImpl.java:setRole(173)) - e67ce902-a12d-42ec-a956-705ac53e1b06@group-7A3F6B1A5152: changes role from  FOLLOWER to CANDIDATE at term 0 for changeToCandidate
2020-05-19 09:28:51,941 [Thread-186] INFO  impl.RoleInfo (RoleInfo.java:updateAndGet(143)) - e67ce902-a12d-42ec-a956-705ac53e1b06: start LeaderElection
2020-05-19 09:28:51,957 [da2ac404-9c11-49fb-ad63-5e4e1a7475af@group-7A3F6B1A5152-LeaderElection5] INFO  impl.LeaderElection (LeaderElection.java:askForVotes(206)) - da2ac404-9c11-49fb-ad63-5e4e1a7475af@group-7A3F6B1A5152-LeaderElection5: begin an election at term 1 for -1: [e67ce902-a12d-42ec-a956-705ac53e1b06:172.17.0.2:35799, c5696339-f7f1-498d-af08-21c1da000d10:172.17.0.2:44683, da2ac404-9c11-49fb-ad63-5e4e1a7475af:172.17.0.2:42475], old=null
2020-05-19 09:28:51,958 [e67ce902-a12d-42ec-a956-705ac53e1b06@group-7A3F6B1A5152-LeaderElection6] INFO  impl.LeaderElection (LeaderElection.java:askForVotes(206)) - e67ce902-a12d-42ec-a956-705ac53e1b06@group-7A3F6B1A5152-LeaderElection6: begin an election at term 1 for -1: [e67ce902-a12d-42ec-a956-705ac53e1b06:172.17.0.2:35799, c5696339-f7f1-498d-af08-21c1da000d10:172.17.0.2:44683, da2ac404-9c11-49fb-ad63-5e4e1a7475af:172.17.0.2:42475], old=null
2020-05-19 09:28:52,079 [e67ce902-a12d-42ec-a956-705ac53e1b06@group-9F4FD99AF1C3-SegmentedRaftLogWorker] INFO  segmented.SegmentedRaftLogWorker (SegmentedRaftLogWorker.java:execute(583)) - e67ce902-a12d-42ec-a956-705ac53e1b06@group-9F4FD99AF1C3-SegmentedRaftLogWorker: created new log segment /github/workspace/mnt/ozone/hadoop-ozone/integration-test/target/test-dir/MiniOzoneClusterImpl-5052868c-af14-42ec-a08a-76835f874d4b/datanode-1/data/ratis/e574d11c-55cc-46f5-a45a-9f4fd99af1c3/current/log_inprogress_0
2020-05-19 09:28:52,081 [c5696339-f7f1-498d-af08-21c1da000d10@group-336697D969AE-SegmentedRaftLogWorker] INFO  segmented.SegmentedRaftLogWorker (SegmentedRaftLogWorker.java:execute(583)) - c5696339-f7f1-498d-af08-21c1da000d10@group-336697D969AE-SegmentedRaftLogWorker: created new log segment /github/workspace/mnt/ozone/hadoop-ozone/integration-test/target/test-dir/MiniOzoneClusterImpl-5052868c-af14-42ec-a08a-76835f874d4b/datanode-2/data/ratis/8cfbee6a-78ea-4d07-befd-336697d969ae/current/log_inprogress_0
2020-05-19 09:28:52,083 [da2ac404-9c11-49fb-ad63-5e4e1a7475af@group-3569B6B3C2E5-SegmentedRaftLogWorker] INFO  segmented.SegmentedRaftLogWorker (SegmentedRaftLogWorker.java:execute(583)) - da2ac404-9c11-49fb-ad63-5e4e1a7475af@group-3569B6B3C2E5-SegmentedRaftLogWorker: created new log segment /github/workspace/mnt/ozone/hadoop-ozone/integration-test/target/test-dir/MiniOzoneClusterImpl-5052868c-af14-42ec-a08a-76835f874d4b/datanode-0/data/ratis/c4feb824-41f3-4674-a74d-3569b6b3c2e5/current/log_inprogress_0
2020-05-19 09:28:52,091 [da2ac404-9c11-49fb-ad63-5e4e1a7475af@group-7A3F6B1A5152-LeaderElection5] INFO  impl.LeaderElection (LeaderElection.java:logAndReturn(61)) - da2ac404-9c11-49fb-ad63-5e4e1a7475af@group-7A3F6B1A5152-LeaderElection5: Election REJECTED; received 2 response(s) [da2ac404-9c11-49fb-ad63-5e4e1a7475af<-e67ce902-a12d-42ec-a956-705ac53e1b06#0:FAIL-t1, da2ac404-9c11-49fb-ad63-5e4e1a7475af<-c5696339-f7f1-498d-af08-21c1da000d10#0:FAIL-t1] and 0 exception(s); da2ac404-9c11-49fb-ad63-5e4e1a7475af@group-7A3F6B1A5152:t1, leader=null, voted=da2ac404-9c11-49fb-ad63-5e4e1a7475af, raftlog=da2ac404-9c11-49fb-ad63-5e4e1a7475af@group-7A3F6B1A5152-SegmentedRaftLog:OPENED:c-1,f-1,i0, conf=-1: [e67ce902-a12d-42ec-a956-705ac53e1b06:172.17.0.2:35799, c5696339-f7f1-498d-af08-21c1da000d10:172.17.0.2:44683, da2ac404-9c11-49fb-ad63-5e4e1a7475af:172.17.0.2:42475], old=null
2020-05-19 09:28:52,092 [da2ac404-9c11-49fb-ad63-5e4e1a7475af@group-7A3F6B1A5152-LeaderElection5] INFO  impl.RaftServerImpl (RaftServerImpl.java:setRole(173)) - da2ac404-9c11-49fb-ad63-5e4e1a7475af@group-7A3F6B1A5152: changes role from CANDIDATE to FOLLOWER at term 1 for DISCOVERED_A_NEW_TERM
2020-05-19 09:28:52,092 [da2ac404-9c11-49fb-ad63-5e4e1a7475af@group-7A3F6B1A5152-LeaderElection5] INFO  impl.RoleInfo (RoleInfo.java:shutdownLeaderElection(134)) - da2ac404-9c11-49fb-ad63-5e4e1a7475af: shutdown LeaderElection
2020-05-19 09:28:52,092 [da2ac404-9c11-49fb-ad63-5e4e1a7475af@group-7A3F6B1A5152-LeaderElection5] INFO  impl.RoleInfo (RoleInfo.java:updateAndGet(143)) - da2ac404-9c11-49fb-ad63-5e4e1a7475af: start FollowerState
2020-05-19 09:28:52,109 [c5696339-f7f1-498d-af08-21c1da000d10@group-7A3F6B1A5152-LeaderElection4] INFO  impl.LeaderElection (LeaderElection.java:logAndReturn(61)) - c5696339-f7f1-498d-af08-21c1da000d10@group-7A3F6B1A5152-LeaderElection4: Election REJECTED; received 2 response(s) [c5696339-f7f1-498d-af08-21c1da000d10<-e67ce902-a12d-42ec-a956-705ac53e1b06#0:FAIL-t1, c5696339-f7f1-498d-af08-21c1da000d10<-da2ac404-9c11-49fb-ad63-5e4e1a7475af#0:FAIL-t1] and 0 exception(s); c5696339-f7f1-498d-af08-21c1da000d10@group-7A3F6B1A5152:t1, leader=null, voted=c5696339-f7f1-498d-af08-21c1da000d10, raftlog=c5696339-f7f1-498d-af08-21c1da000d10@group-7A3F6B1A5152-SegmentedRaftLog:OPENED:c-1,f-1,i0, conf=-1: [e67ce902-a12d-42ec-a956-705ac53e1b06:172.17.0.2:35799, c5696339-f7f1-498d-af08-21c1da000d10:172.17.0.2:44683, da2ac404-9c11-49fb-ad63-5e4e1a7475af:172.17.0.2:42475], old=null
2020-05-19 09:28:52,111 [c5696339-f7f1-498d-af08-21c1da000d10@group-7A3F6B1A5152-LeaderElection4] INFO  impl.RaftServerImpl (RaftServerImpl.java:setRole(173)) - c5696339-f7f1-498d-af08-21c1da000d10@group-7A3F6B1A5152: changes role from CANDIDATE to FOLLOWER at term 1 for DISCOVERED_A_NEW_TERM
2020-05-19 09:28:52,111 [c5696339-f7f1-498d-af08-21c1da000d10@group-7A3F6B1A5152-LeaderElection4] INFO  impl.RoleInfo (RoleInfo.java:shutdownLeaderElection(134)) - c5696339-f7f1-498d-af08-21c1da000d10: shutdown LeaderElection
2020-05-19 09:28:52,111 [c5696339-f7f1-498d-af08-21c1da000d10@group-7A3F6B1A5152-LeaderElection4] INFO  impl.RoleInfo (RoleInfo.java:updateAndGet(143)) - c5696339-f7f1-498d-af08-21c1da000d10: start FollowerState
2020-05-19 09:28:52,121 [e67ce902-a12d-42ec-a956-705ac53e1b06@group-7A3F6B1A5152-LeaderElection6] INFO  impl.LeaderElection (LeaderElection.java:logAndReturn(61)) - e67ce902-a12d-42ec-a956-705ac53e1b06@group-7A3F6B1A5152-LeaderElection6: Election REJECTED; received 2 response(s) [e67ce902-a12d-42ec-a956-705ac53e1b06<-c5696339-f7f1-498d-af08-21c1da000d10#0:FAIL-t1, e67ce902-a12d-42ec-a956-705ac53e1b06<-da2ac404-9c11-49fb-ad63-5e4e1a7475af#0:FAIL-t1] and 0 exception(s); e67ce902-a12d-42ec-a956-705ac53e1b06@group-7A3F6B1A5152:t1, leader=null, voted=e67ce902-a12d-42ec-a956-705ac53e1b06, raftlog=e67ce902-a12d-42ec-a956-705ac53e1b06@group-7A3F6B1A5152-SegmentedRaftLog:OPENED:c-1,f-1,i0, conf=-1: [e67ce902-a12d-42ec-a956-705ac53e1b06:172.17.0.2:35799, c5696339-f7f1-498d-af08-21c1da000d10:172.17.0.2:44683, da2ac404-9c11-49fb-ad63-5e4e1a7475af:172.17.0.2:42475], old=null
2020-05-19 09:28:52,122 [e67ce902-a12d-42ec-a956-705ac53e1b06@group-7A3F6B1A5152-LeaderElection6] INFO  impl.RaftServerImpl (RaftServerImpl.java:setRole(173)) - e67ce902-a12d-42ec-a956-705ac53e1b06@group-7A3F6B1A5152: changes role from CANDIDATE to FOLLOWER at term 1 for DISCOVERED_A_NEW_TERM
2020-05-19 09:28:52,122 [e67ce902-a12d-42ec-a956-705ac53e1b06@group-7A3F6B1A5152-LeaderElection6] INFO  impl.RoleInfo (RoleInfo.java:shutdownLeaderElection(134)) - e67ce902-a12d-42ec-a956-705ac53e1b06: shutdown LeaderElection
2020-05-19 09:28:52,122 [e67ce902-a12d-42ec-a956-705ac53e1b06@group-7A3F6B1A5152-LeaderElection6] INFO  impl.RoleInfo (RoleInfo.java:updateAndGet(143)) - e67ce902-a12d-42ec-a956-705ac53e1b06: start FollowerState
2020-05-19 09:28:52,603 [Listener at 127.0.0.1/43761] INFO  ozone.MiniOzoneClusterImpl (MiniOzoneClusterImpl.java:lambda$waitForClusterToBeReady$0(177)) - Nodes are ready. Got 3 of 3 DN Heartbeats.
2020-05-19 09:28:52,604 [Listener at 127.0.0.1/43761] INFO  ozone.MiniOzoneClusterImpl (MiniOzoneClusterImpl.java:lambda$waitForClusterToBeReady$0(180)) - Waiting for cluster to exit safe mode
2020-05-19 09:28:53,604 [Listener at 127.0.0.1/43761] INFO  ozone.MiniOzoneClusterImpl (MiniOzoneClusterImpl.java:lambda$waitForClusterToBeReady$0(177)) - Nodes are ready. Got 3 of 3 DN Heartbeats.
2020-05-19 09:28:53,604 [Listener at 127.0.0.1/43761] INFO  ozone.MiniOzoneClusterImpl (MiniOzoneClusterImpl.java:lambda$waitForClusterToBeReady$0(180)) - Waiting for cluster to exit safe mode
2020-05-19 09:28:54,605 [Listener at 127.0.0.1/43761] INFO  ozone.MiniOzoneClusterImpl (MiniOzoneClusterImpl.java:lambda$waitForClusterToBeReady$0(177)) - Nodes are ready. Got 3 of 3 DN Heartbeats.
2020-05-19 09:28:54,605 [Listener at 127.0.0.1/43761] INFO  ozone.MiniOzoneClusterImpl (MiniOzoneClusterImpl.java:lambda$waitForClusterToBeReady$0(180)) - Waiting for cluster to exit safe mode
2020-05-19 09:28:55,609 [Listener at 127.0.0.1/43761] INFO  ozone.MiniOzoneClusterImpl (MiniOzoneClusterImpl.java:lambda$waitForClusterToBeReady$0(177)) - Nodes are ready. Got 3 of 3 DN Heartbeats.
2020-05-19 09:28:55,609 [Listener at 127.0.0.1/43761] INFO  ozone.MiniOzoneClusterImpl (MiniOzoneClusterImpl.java:lambda$waitForClusterToBeReady$0(180)) - Waiting for cluster to exit safe mode
2020-05-19 09:28:56,609 [Listener at 127.0.0.1/43761] INFO  ozone.MiniOzoneClusterImpl (MiniOzoneClusterImpl.java:lambda$waitForClusterToBeReady$0(177)) - Nodes are ready. Got 3 of 3 DN Heartbeats.
2020-05-19 09:28:56,609 [Listener at 127.0.0.1/43761] INFO  ozone.MiniOzoneClusterImpl (MiniOzoneClusterImpl.java:lambda$waitForClusterToBeReady$0(180)) - Waiting for cluster to exit safe mode
2020-05-19 09:28:57,125 [Thread-210] INFO  impl.FollowerState (FollowerState.java:run(108)) - da2ac404-9c11-49fb-ad63-5e4e1a7475af@group-7A3F6B1A5152-FollowerState: change to CANDIDATE, lastRpcTime:5032ms, electionTimeout:5014ms
2020-05-19 09:28:57,125 [Thread-210] INFO  impl.RoleInfo (RoleInfo.java:shutdownFollowerState(121)) - da2ac404-9c11-49fb-ad63-5e4e1a7475af: shutdown FollowerState
2020-05-19 09:28:57,125 [Thread-210] INFO  impl.RaftServerImpl (RaftServerImpl.java:setRole(173)) - da2ac404-9c11-49fb-ad63-5e4e1a7475af@group-7A3F6B1A5152: changes role from  FOLLOWER to CANDIDATE at term 1 for changeToCandidate
2020-05-19 09:28:57,125 [Thread-210] INFO  impl.RoleInfo (RoleInfo.java:updateAndGet(143)) - da2ac404-9c11-49fb-ad63-5e4e1a7475af: start LeaderElection
2020-05-19 09:28:57,127 [da2ac404-9c11-49fb-ad63-5e4e1a7475af@group-7A3F6B1A5152-LeaderElection7] INFO  impl.LeaderElection (LeaderElection.java:askForVotes(206)) - da2ac404-9c11-49fb-ad63-5e4e1a7475af@group-7A3F6B1A5152-LeaderElection7: begin an election at term 2 for -1: [e67ce902-a12d-42ec-a956-705ac53e1b06:172.17.0.2:35799, c5696339-f7f1-498d-af08-21c1da000d10:172.17.0.2:44683, da2ac404-9c11-49fb-ad63-5e4e1a7475af:172.17.0.2:42475], old=null
2020-05-19 09:28:57,134 [grpc-default-executor-1] INFO  impl.RaftServerImpl (RaftServerImpl.java:setRole(173)) - e67ce902-a12d-42ec-a956-705ac53e1b06@group-7A3F6B1A5152: changes role from  FOLLOWER to FOLLOWER at term 2 for recognizeCandidate:da2ac404-9c11-49fb-ad63-5e4e1a7475af
2020-05-19 09:28:57,134 [grpc-default-executor-1] INFO  impl.RoleInfo (RoleInfo.java:shutdownFollowerState(121)) - e67ce902-a12d-42ec-a956-705ac53e1b06: shutdown FollowerState
2020-05-19 09:28:57,134 [grpc-default-executor-1] INFO  impl.RoleInfo (RoleInfo.java:updateAndGet(143)) - e67ce902-a12d-42ec-a956-705ac53e1b06: start FollowerState
2020-05-19 09:28:57,135 [Thread-212] INFO  impl.FollowerState (FollowerState.java:run(117)) - e67ce902-a12d-42ec-a956-705ac53e1b06@group-7A3F6B1A5152-FollowerState was interrupted: java.lang.InterruptedException: sleep interrupted
2020-05-19 09:28:57,147 [grpc-default-executor-3] INFO  impl.RaftServerImpl (RaftServerImpl.java:setRole(173)) - c5696339-f7f1-498d-af08-21c1da000d10@group-7A3F6B1A5152: changes role from  FOLLOWER to FOLLOWER at term 2 for recognizeCandidate:da2ac404-9c11-49fb-ad63-5e4e1a7475af
2020-05-19 09:28:57,147 [grpc-default-executor-3] INFO  impl.RoleInfo (RoleInfo.java:shutdownFollowerState(121)) - c5696339-f7f1-498d-af08-21c1da000d10: shutdown FollowerState
2020-05-19 09:28:57,148 [grpc-default-executor-3] INFO  impl.RoleInfo (RoleInfo.java:updateAndGet(143)) - c5696339-f7f1-498d-af08-21c1da000d10: start FollowerState
2020-05-19 09:28:57,148 [Thread-211] INFO  impl.FollowerState (FollowerState.java:run(117)) - c5696339-f7f1-498d-af08-21c1da000d10@group-7A3F6B1A5152-FollowerState was interrupted: java.lang.InterruptedException: sleep interrupted
2020-05-19 09:28:57,156 [da2ac404-9c11-49fb-ad63-5e4e1a7475af@group-7A3F6B1A5152-LeaderElection7] INFO  impl.LeaderElection (LeaderElection.java:logAndReturn(61)) - da2ac404-9c11-49fb-ad63-5e4e1a7475af@group-7A3F6B1A5152-LeaderElection7: Election PASSED; received 1 response(s) [da2ac404-9c11-49fb-ad63-5e4e1a7475af<-c5696339-f7f1-498d-af08-21c1da000d10#0:OK-t2] and 0 exception(s); da2ac404-9c11-49fb-ad63-5e4e1a7475af@group-7A3F6B1A5152:t2, leader=null, voted=da2ac404-9c11-49fb-ad63-5e4e1a7475af, raftlog=da2ac404-9c11-49fb-ad63-5e4e1a7475af@group-7A3F6B1A5152-SegmentedRaftLog:OPENED:c-1,f-1,i0, conf=-1: [e67ce902-a12d-42ec-a956-705ac53e1b06:172.17.0.2:35799, c5696339-f7f1-498d-af08-21c1da000d10:172.17.0.2:44683, da2ac404-9c11-49fb-ad63-5e4e1a7475af:172.17.0.2:42475], old=null
2020-05-19 09:28:57,156 [da2ac404-9c11-49fb-ad63-5e4e1a7475af@group-7A3F6B1A5152-LeaderElection7] INFO  impl.RoleInfo (RoleInfo.java:shutdownLeaderElection(134)) - da2ac404-9c11-49fb-ad63-5e4e1a7475af: shutdown LeaderElection
2020-05-19 09:28:57,156 [da2ac404-9c11-49fb-ad63-5e4e1a7475af@group-7A3F6B1A5152-LeaderElection7] INFO  impl.RaftServerImpl (RaftServerImpl.java:setRole(173)) - da2ac404-9c11-49fb-ad63-5e4e1a7475af@group-7A3F6B1A5152: changes role from CANDIDATE to LEADER at term 2 for changeToLeader
2020-05-19 09:28:57,156 [da2ac404-9c11-49fb-ad63-5e4e1a7475af@group-7A3F6B1A5152-LeaderElection7] INFO  ratis.XceiverServerRatis (XceiverServerRatis.java:handleLeaderChangedNotification(762)) - Leader change notification received for group: group-7A3F6B1A5152 with new leaderId: da2ac404-9c11-49fb-ad63-5e4e1a7475af
2020-05-19 09:28:57,156 [da2ac404-9c11-49fb-ad63-5e4e1a7475af@group-7A3F6B1A5152-LeaderElection7] INFO  impl.RaftServerImpl (ServerState.java:setLeader(255)) - da2ac404-9c11-49fb-ad63-5e4e1a7475af@group-7A3F6B1A5152: change Leader from null to da2ac404-9c11-49fb-ad63-5e4e1a7475af at term 2 for becomeLeader, leader elected after 10402ms
2020-05-19 09:28:57,156 [da2ac404-9c11-49fb-ad63-5e4e1a7475af@group-7A3F6B1A5152-LeaderElection7] INFO  server.RaftServerConfigKeys (ConfUtils.java:logGet(44)) - raft.server.staging.catchup.gap = 1000 (default)
2020-05-19 09:28:57,156 [da2ac404-9c11-49fb-ad63-5e4e1a7475af@group-7A3F6B1A5152-LeaderElection7] INFO  server.RaftServerConfigKeys (ConfUtils.java:logGet(44)) - raft.server.rpc.sleep.time = 25ms (default)
2020-05-19 09:28:57,156 [da2ac404-9c11-49fb-ad63-5e4e1a7475af@group-7A3F6B1A5152-LeaderElection7] INFO  metrics.RatisMetrics (RatisMetrics.java:lambda$create$0(39)) - Creating Metrics Registry : ratis.log_appender.da2ac404-9c11-49fb-ad63-5e4e1a7475af@group-7A3F6B1A5152
2020-05-19 09:28:57,157 [da2ac404-9c11-49fb-ad63-5e4e1a7475af@group-7A3F6B1A5152-LeaderElection7] INFO  server.RaftServerConfigKeys (ConfUtils.java:logGet(44)) - raft.server.write.element-limit = 1024 (custom)
2020-05-19 09:28:57,157 [da2ac404-9c11-49fb-ad63-5e4e1a7475af@group-7A3F6B1A5152-LeaderElection7] INFO  server.RaftServerConfigKeys (ConfUtils.java:logGet(44)) - raft.server.write.byte-limit = 1073741824 (custom)
2020-05-19 09:28:57,157 [da2ac404-9c11-49fb-ad63-5e4e1a7475af@group-7A3F6B1A5152-LeaderElection7] INFO  server.RaftServerConfigKeys (ConfUtils.java:logGet(44)) - raft.server.watch.timeout = 10s (default)
2020-05-19 09:28:57,157 [da2ac404-9c11-49fb-ad63-5e4e1a7475af@group-7A3F6B1A5152-LeaderElection7] INFO  server.RaftServerConfigKeys (ConfUtils.java:logGet(44)) - raft.server.watch.timeout.denomination = 1s (default)
2020-05-19 09:28:57,157 [da2ac404-9c11-49fb-ad63-5e4e1a7475af@group-7A3F6B1A5152-LeaderElection7] INFO  server.RaftServerConfigKeys (ConfUtils.java:logGet(44)) - raft.server.watch.element-limit = 65536 (default)
2020-05-19 09:28:57,159 [EventQueue-PipelineReportForPipelineReportHandler] INFO  pipeline.PipelineStateManager (PipelineStateManager.java:openPipeline(131)) - Pipeline Pipeline[ Id: 6230c762-da95-4005-98e7-7a3f6b1a5152, Nodes: da2ac404-9c11-49fb-ad63-5e4e1a7475af{ip: 172.17.0.2, host: b7b621f2746c, networkLocation: /default-rack, certSerialId: null}c5696339-f7f1-498d-af08-21c1da000d10{ip: 172.17.0.2, host: b7b621f2746c, networkLocation: /default-rack, certSerialId: null}e67ce902-a12d-42ec-a956-705ac53e1b06{ip: 172.17.0.2, host: b7b621f2746c, networkLocation: /default-rack, certSerialId: null}, Type:RATIS, Factor:THREE, State:ALLOCATED, leaderId:da2ac404-9c11-49fb-ad63-5e4e1a7475af, CreationTimestamp2020-05-19T09:28:43.607Z] moved to OPEN state
2020-05-19 09:28:57,165 [da2ac404-9c11-49fb-ad63-5e4e1a7475af@group-7A3F6B1A5152-LeaderElection7] INFO  server.RaftServerConfigKeys (ConfUtils.java:logGet(44)) - raft.server.log.appender.snapshot.chunk.size.max = 16MB (=16777216) (default)
2020-05-19 09:28:57,165 [EventQueue-OpenPipelineForOneReplicaPipelineSafeModeRule] INFO  safemode.SCMSafeModeManager (SCMSafeModeManager.java:validateSafeModeExitRules(213)) - AtleastOneDatanodeReportedRule rule is successfully validated
2020-05-19 09:28:57,165 [da2ac404-9c11-49fb-ad63-5e4e1a7475af@group-7A3F6B1A5152-LeaderElection7] INFO  server.RaftServerConfigKeys (ConfUtils.java:logGet(44)) - raft.server.log.appender.buffer.byte-limit = 33554432 (custom)
2020-05-19 09:28:57,165 [EventQueue-OpenPipelineForHealthyPipelineSafeModeRule] INFO  safemode.SCMSafeModeManager (HealthyPipelineSafeModeRule.java:process(132)) - SCM in safe mode. Healthy pipelines reported count is 1, required healthy pipeline reported count is 1
2020-05-19 09:28:57,166 [EventQueue-OpenPipelineForHealthyPipelineSafeModeRule] INFO  safemode.SCMSafeModeManager (SCMSafeModeManager.java:validateSafeModeExitRules(213)) - HealthyPipelineSafeModeRule rule is successfully validated
2020-05-19 09:28:57,166 [EventQueue-OpenPipelineForHealthyPipelineSafeModeRule] INFO  safemode.SCMSafeModeManager (SCMSafeModeManager.java:validateSafeModeExitRules(227)) - ScmSafeModeManager, all rules are successfully validated
2020-05-19 09:28:57,166 [EventQueue-OpenPipelineForHealthyPipelineSafeModeRule] INFO  safemode.SCMSafeModeManager (SCMSafeModeManager.java:exitSafeMode(256)) - SCM exiting safe mode.
2020-05-19 09:28:57,167 [da2ac404-9c11-49fb-ad63-5e4e1a7475af@group-7A3F6B1A5152-LeaderElection7] INFO  server.RaftServerConfigKeys (ConfUtils.java:logGet(44)) - raft.server.log.appender.buffer.element-limit = 1 (custom)
2020-05-19 09:28:57,172 [da2ac404-9c11-49fb-ad63-5e4e1a7475af@group-7A3F6B1A5152-LeaderElection7] INFO  grpc.GrpcConfigKeys (ConfUtils.java:logGet(44)) - raft.grpc.server.leader.outstanding.appends.max = 128 (default)
2020-05-19 09:28:57,174 [da2ac404-9c11-49fb-ad63-5e4e1a7475af@group-7A3F6B1A5152-LeaderElection7] INFO  server.RaftServerConfigKeys (ConfUtils.java:logGet(44)) - raft.server.rpc.request.timeout = 3s (default)
2020-05-19 09:28:57,174 [da2ac404-9c11-49fb-ad63-5e4e1a7475af@group-7A3F6B1A5152-LeaderElection7] INFO  server.RaftServerConfigKeys (ConfUtils.java:logGet(44)) - raft.server.log.appender.install.snapshot.enabled = false (custom)
2020-05-19 09:28:57,179 [da2ac404-9c11-49fb-ad63-5e4e1a7475af@group-7A3F6B1A5152-LeaderElection7] INFO  server.RaftServerConfigKeys (ConfUtils.java:logGet(44)) - raft.server.log.appender.snapshot.chunk.size.max = 16MB (=16777216) (default)
2020-05-19 09:28:57,179 [da2ac404-9c11-49fb-ad63-5e4e1a7475af@group-7A3F6B1A5152-LeaderElection7] INFO  server.RaftServerConfigKeys (ConfUtils.java:logGet(44)) - raft.server.log.appender.buffer.byte-limit = 33554432 (custom)
2020-05-19 09:28:57,179 [da2ac404-9c11-49fb-ad63-5e4e1a7475af@group-7A3F6B1A5152-LeaderElection7] INFO  server.RaftServerConfigKeys (ConfUtils.java:logGet(44)) - raft.server.log.appender.buffer.element-limit = 1 (custom)
2020-05-19 09:28:57,179 [da2ac404-9c11-49fb-ad63-5e4e1a7475af@group-7A3F6B1A5152-LeaderElection7] INFO  grpc.GrpcConfigKeys (ConfUtils.java:logGet(44)) - raft.grpc.server.leader.outstanding.appends.max = 128 (default)
2020-05-19 09:28:57,179 [da2ac404-9c11-49fb-ad63-5e4e1a7475af@group-7A3F6B1A5152-LeaderElection7] INFO  server.RaftServerConfigKeys (ConfUtils.java:logGet(44)) - raft.server.rpc.request.timeout = 3s (default)
2020-05-19 09:28:57,179 [da2ac404-9c11-49fb-ad63-5e4e1a7475af@group-7A3F6B1A5152-LeaderElection7] INFO  server.RaftServerConfigKeys (ConfUtils.java:logGet(44)) - raft.server.log.appender.install.snapshot.enabled = false (custom)
2020-05-19 09:28:57,182 [da2ac404-9c11-49fb-ad63-5e4e1a7475af@group-7A3F6B1A5152-LeaderElection7] INFO  impl.RoleInfo (RoleInfo.java:updateAndGet(143)) - da2ac404-9c11-49fb-ad63-5e4e1a7475af: start LeaderState
2020-05-19 09:28:57,182 [da2ac404-9c11-49fb-ad63-5e4e1a7475af@group-7A3F6B1A5152-LeaderElection7] INFO  segmented.SegmentedRaftLogWorker (SegmentedRaftLogWorker.java:startLogSegment(391)) - da2ac404-9c11-49fb-ad63-5e4e1a7475af@group-7A3F6B1A5152-SegmentedRaftLogWorker: Starting segment from index:0
2020-05-19 09:28:57,184 [da2ac404-9c11-49fb-ad63-5e4e1a7475af@group-7A3F6B1A5152-SegmentedRaftLogWorker] INFO  segmented.SegmentedRaftLogWorker (SegmentedRaftLogWorker.java:execute(583)) - da2ac404-9c11-49fb-ad63-5e4e1a7475af@group-7A3F6B1A5152-SegmentedRaftLogWorker: created new log segment /github/workspace/mnt/ozone/hadoop-ozone/integration-test/target/test-dir/MiniOzoneClusterImpl-5052868c-af14-42ec-a08a-76835f874d4b/datanode-0/data/ratis/6230c762-da95-4005-98e7-7a3f6b1a5152/current/log_inprogress_0
2020-05-19 09:28:57,185 [da2ac404-9c11-49fb-ad63-5e4e1a7475af@group-7A3F6B1A5152-LeaderElection7] INFO  impl.RaftServerImpl (ServerState.java:setRaftConf(356)) - da2ac404-9c11-49fb-ad63-5e4e1a7475af@group-7A3F6B1A5152: set configuration 0: [e67ce902-a12d-42ec-a956-705ac53e1b06:172.17.0.2:35799, c5696339-f7f1-498d-af08-21c1da000d10:172.17.0.2:44683, da2ac404-9c11-49fb-ad63-5e4e1a7475af:172.17.0.2:42475], old=null at 0
2020-05-19 09:28:57,214 [grpc-default-executor-1] INFO  ratis.XceiverServerRatis (XceiverServerRatis.java:handleLeaderChangedNotification(762)) - Leader change notification received for group: group-7A3F6B1A5152 with new leaderId: da2ac404-9c11-49fb-ad63-5e4e1a7475af
2020-05-19 09:28:57,214 [grpc-default-executor-1] INFO  impl.RaftServerImpl (ServerState.java:setLeader(255)) - c5696339-f7f1-498d-af08-21c1da000d10@group-7A3F6B1A5152: change Leader from null to da2ac404-9c11-49fb-ad63-5e4e1a7475af at term 2 for appendEntries, leader elected after 10492ms
2020-05-19 09:28:57,216 [grpc-default-executor-3] INFO  ratis.XceiverServerRatis (XceiverServerRatis.java:handleLeaderChangedNotification(762)) - Leader change notification received for group: group-7A3F6B1A5152 with new leaderId: da2ac404-9c11-49fb-ad63-5e4e1a7475af
2020-05-19 09:28:57,216 [grpc-default-executor-3] INFO  impl.RaftServerImpl (ServerState.java:setLeader(255)) - e67ce902-a12d-42ec-a956-705ac53e1b06@group-7A3F6B1A5152: change Leader from null to da2ac404-9c11-49fb-ad63-5e4e1a7475af at term 2 for appendEntries, leader elected after 10477ms
2020-05-19 09:28:57,224 [grpc-default-executor-1] INFO  impl.RaftServerImpl (ServerState.java:setRaftConf(356)) - c5696339-f7f1-498d-af08-21c1da000d10@group-7A3F6B1A5152: set configuration 0: [e67ce902-a12d-42ec-a956-705ac53e1b06:172.17.0.2:35799, c5696339-f7f1-498d-af08-21c1da000d10:172.17.0.2:44683, da2ac404-9c11-49fb-ad63-5e4e1a7475af:172.17.0.2:42475], old=null at 0
2020-05-19 09:28:57,224 [grpc-default-executor-1] INFO  segmented.SegmentedRaftLogWorker (SegmentedRaftLogWorker.java:startLogSegment(391)) - c5696339-f7f1-498d-af08-21c1da000d10@group-7A3F6B1A5152-SegmentedRaftLogWorker: Starting segment from index:0
2020-05-19 09:28:57,226 [c5696339-f7f1-498d-af08-21c1da000d10@group-7A3F6B1A5152-SegmentedRaftLogWorker] INFO  segmented.SegmentedRaftLogWorker (SegmentedRaftLogWorker.java:execute(583)) - c5696339-f7f1-498d-af08-21c1da000d10@group-7A3F6B1A5152-SegmentedRaftLogWorker: created new log segment /github/workspace/mnt/ozone/hadoop-ozone/integration-test/target/test-dir/MiniOzoneClusterImpl-5052868c-af14-42ec-a08a-76835f874d4b/datanode-2/data/ratis/6230c762-da95-4005-98e7-7a3f6b1a5152/current/log_inprogress_0
2020-05-19 09:28:57,226 [grpc-default-executor-3] INFO  impl.RaftServerImpl (ServerState.java:setRaftConf(356)) - e67ce902-a12d-42ec-a956-705ac53e1b06@group-7A3F6B1A5152: set configuration 0: [e67ce902-a12d-42ec-a956-705ac53e1b06:172.17.0.2:35799, c5696339-f7f1-498d-af08-21c1da000d10:172.17.0.2:44683, da2ac404-9c11-49fb-ad63-5e4e1a7475af:172.17.0.2:42475], old=null at 0
2020-05-19 09:28:57,227 [grpc-default-executor-3] INFO  segmented.SegmentedRaftLogWorker (SegmentedRaftLogWorker.java:startLogSegment(391)) - e67ce902-a12d-42ec-a956-705ac53e1b06@group-7A3F6B1A5152-SegmentedRaftLogWorker: Starting segment from index:0
2020-05-19 09:28:57,228 [e67ce902-a12d-42ec-a956-705ac53e1b06@group-7A3F6B1A5152-SegmentedRaftLogWorker] INFO  segmented.SegmentedRaftLogWorker (SegmentedRaftLogWorker.java:execute(583)) - e67ce902-a12d-42ec-a956-705ac53e1b06@group-7A3F6B1A5152-SegmentedRaftLogWorker: created new log segment /github/workspace/mnt/ozone/hadoop-ozone/integration-test/target/test-dir/MiniOzoneClusterImpl-5052868c-af14-42ec-a08a-76835f874d4b/datanode-1/data/ratis/6230c762-da95-4005-98e7-7a3f6b1a5152/current/log_inprogress_0
2020-05-19 09:28:57,610 [Listener at 127.0.0.1/43761] INFO  ozone.MiniOzoneClusterImpl (MiniOzoneClusterImpl.java:lambda$waitForClusterToBeReady$0(177)) - Nodes are ready. Got 3 of 3 DN Heartbeats.
2020-05-19 09:28:57,610 [Listener at 127.0.0.1/43761] INFO  ozone.MiniOzoneClusterImpl (MiniOzoneClusterImpl.java:lambda$waitForClusterToBeReady$0(180)) - Cluster exits safe mode
2020-05-19 09:28:58,206 [Listener at 127.0.0.1/43761] INFO  rpc.RpcClient (RpcClient.java:createVolume(308)) - Creating Volume: watchforcommithandlingtest, with jenkins1001 as owner.
2020-05-19 09:28:58,280 [IPC Server handler 1 on default port 43761] INFO  volume.OMVolumeCreateRequest (OMVolumeCreateRequest.java:validateAndUpdateCache(204)) - created volume:watchforcommithandlingtest for user:jenkins1001
2020-05-19 09:28:58,302 [Listener at 127.0.0.1/43761] INFO  rpc.RpcClient (RpcClient.java:createBucket(448)) - Creating Bucket: watchforcommithandlingtest/watchforcommithandlingtest, with Versioning false and Storage Type set to DISK and Encryption set to false 
2020-05-19 09:28:58,315 [Listener at 127.0.0.1/43761] INFO  ozone.MiniOzoneClusterImpl (MiniOzoneClusterImpl.java:getStorageContainerLocationClient(289)) - Creating StorageContainerLocationProtocol RPC client with address /0.0.0.0:39343
2020-05-19 09:28:58,345 [Listener at 127.0.0.1/43761] INFO  impl.MetricsSystemImpl (MetricsSystemImpl.java:init(158)) - XceiverClientMetrics metrics system started (again)
2020-05-19 09:29:00,172 [EventQueue-Delayed safe mode statusForReplicationManager] INFO  container.ReplicationManager (ReplicationManager.java:start(167)) - Starting Replication Monitor Thread.
2020-05-19 09:29:00,176 [ReplicationMonitor] INFO  container.ReplicationManager (ReplicationManager.java:run(230)) - Replication Monitor Thread took 2 milliseconds for processing 1 containers.
2020-05-19 09:29:00,218 [java.util.concurrent.ThreadPoolExecutor$Worker@456eac62[State = -1, empty queue]] WARN  server.GrpcLogAppender (GrpcLogAppender.java:timeoutAppendRequest(213)) - da2ac404-9c11-49fb-ad63-5e4e1a7475af@group-7A3F6B1A5152->c5696339-f7f1-498d-af08-21c1da000d10-GrpcLogAppender:  appendEntries Timeout, request=AppendEntriesRequest:cid=1,entriesCount=1,lastEntry=(t:2, i:0)
2020-05-19 09:29:01,494 [java.util.concurrent.ThreadPoolExecutor$Worker@456eac62[State = -1, empty queue]] WARN  server.GrpcLogAppender (GrpcLogAppender.java:timeoutAppendRequest(213)) - da2ac404-9c11-49fb-ad63-5e4e1a7475af@group-7A3F6B1A5152->c5696339-f7f1-498d-af08-21c1da000d10-GrpcLogAppender:  appendEntries Timeout, request=AppendEntriesRequest:cid=2,entriesCount=1,lastEntry=(t:2, i:1)
2020-05-19 09:29:01,516 [java.util.concurrent.ThreadPoolExecutor$Worker@456eac62[State = -1, empty queue]] WARN  server.GrpcLogAppender (GrpcLogAppender.java:timeoutAppendRequest(213)) - da2ac404-9c11-49fb-ad63-5e4e1a7475af@group-7A3F6B1A5152->c5696339-f7f1-498d-af08-21c1da000d10-GrpcLogAppender:  appendEntries Timeout, request=AppendEntriesRequest:cid=3,entriesCount=1,lastEntry=(t:2, i:2)
2020-05-19 09:29:01,611 [Datanode State Machine Thread - 0] INFO  statemachine.DatanodeStateMachine (DatanodeStateMachine.java:lambda$startDaemon$0(376)) - Ozone container server started.
2020-05-19 09:29:06,028 [Listener at 127.0.0.1/43761] INFO  ozoneimpl.OzoneContainer (OzoneContainer.java:stop(246)) - Attempting to stop container services.
2020-05-19 09:29:06,030 [Listener at 127.0.0.1/43761] INFO  impl.RaftServerProxy (RaftServerProxy.java:lambda$close$4(314)) - e67ce902-a12d-42ec-a956-705ac53e1b06: close
2020-05-19 09:29:06,033 [Listener at 127.0.0.1/43761] INFO  impl.RaftServerImpl (RaftServerImpl.java:lambda$shutdown$3(250)) - e67ce902-a12d-42ec-a956-705ac53e1b06@group-7A3F6B1A5152: shutdown
2020-05-19 09:29:06,034 [Listener at 127.0.0.1/43761] INFO  util.JmxRegister (JmxRegister.java:unregister(73)) - Successfully un-registered JMX Bean with object name Ratis:service=RaftServer,group=group-7A3F6B1A5152,id=e67ce902-a12d-42ec-a956-705ac53e1b06
2020-05-19 09:29:06,034 [Listener at 127.0.0.1/43761] INFO  impl.RoleInfo (RoleInfo.java:shutdownFollowerState(121)) - e67ce902-a12d-42ec-a956-705ac53e1b06: shutdown FollowerState
2020-05-19 09:29:06,034 [Thread-216] INFO  impl.FollowerState (FollowerState.java:run(117)) - e67ce902-a12d-42ec-a956-705ac53e1b06@group-7A3F6B1A5152-FollowerState was interrupted: java.lang.InterruptedException: sleep interrupted
2020-05-19 09:29:06,034 [Listener at 127.0.0.1/43761] INFO  impl.StateMachineUpdater (StateMachineUpdater.java:stopAndJoin(142)) - e67ce902-a12d-42ec-a956-705ac53e1b06@group-7A3F6B1A5152-StateMachineUpdater: set stopIndex = 2
2020-05-19 09:29:06,036 [ForkJoinPool.commonPool-worker-0] INFO  impl.RaftServerImpl (RaftServerImpl.java:lambda$shutdown$3(250)) - e67ce902-a12d-42ec-a956-705ac53e1b06@group-9F4FD99AF1C3: shutdown
2020-05-19 09:29:06,036 [e67ce902-a12d-42ec-a956-705ac53e1b06@group-7A3F6B1A5152-StateMachineUpdater] INFO  ratis.ContainerStateMachine (ContainerStateMachine.java:takeSnapshot(288)) - group-7A3F6B1A5152: Taking a snapshot at:(t:2, i:2) file /github/workspace/mnt/ozone/hadoop-ozone/integration-test/target/test-dir/MiniOzoneClusterImpl-5052868c-af14-42ec-a08a-76835f874d4b/datanode-1/data/ratis/6230c762-da95-4005-98e7-7a3f6b1a5152/sm/snapshot.2_2
2020-05-19 09:29:06,036 [ForkJoinPool.commonPool-worker-0] INFO  util.JmxRegister (JmxRegister.java:unregister(73)) - Successfully un-registered JMX Bean with object name Ratis:service=RaftServer,group=group-9F4FD99AF1C3,id=e67ce902-a12d-42ec-a956-705ac53e1b06
2020-05-19 09:29:06,036 [ForkJoinPool.commonPool-worker-0] INFO  impl.RoleInfo (RoleInfo.java:shutdownLeaderState(104)) - e67ce902-a12d-42ec-a956-705ac53e1b06: shutdown LeaderState
2020-05-19 09:29:06,038 [ForkJoinPool.commonPool-worker-0] INFO  impl.PendingRequests (PendingRequests.java:sendNotLeaderResponses(242)) - e67ce902-a12d-42ec-a956-705ac53e1b06@group-9F4FD99AF1C3-PendingRequests: sendNotLeaderResponses
2020-05-19 09:29:06,042 [ForkJoinPool.commonPool-worker-0] INFO  metrics.RatisMetrics (RatisMetrics.java:unregister(46)) - Unregistering Metrics Registry : ratis.log_appender.e67ce902-a12d-42ec-a956-705ac53e1b06@group-9F4FD99AF1C3
2020-05-19 09:29:06,043 [e67ce902-a12d-42ec-a956-705ac53e1b06@group-9F4FD99AF1C3-StateMachineUpdater] INFO  ratis.ContainerStateMachine (ContainerStateMachine.java:takeSnapshot(288)) - group-9F4FD99AF1C3: Taking a snapshot at:(t:1, i:0) file /github/workspace/mnt/ozone/hadoop-ozone/integration-test/target/test-dir/MiniOzoneClusterImpl-5052868c-af14-42ec-a08a-76835f874d4b/datanode-1/data/ratis/e574d11c-55cc-46f5-a45a-9f4fd99af1c3/sm/snapshot.1_0
2020-05-19 09:29:06,043 [ForkJoinPool.commonPool-worker-0] INFO  impl.StateMachineUpdater (StateMachineUpdater.java:stopAndJoin(142)) - e67ce902-a12d-42ec-a956-705ac53e1b06@group-9F4FD99AF1C3-StateMachineUpdater: set stopIndex = 0
2020-05-19 09:29:06,146 [e67ce902-a12d-42ec-a956-705ac53e1b06@group-9F4FD99AF1C3-StateMachineUpdater] INFO  ratis.ContainerStateMachine (ContainerStateMachine.java:takeSnapshot(299)) - group-9F4FD99AF1C3: Finished taking a snapshot at:(t:1, i:0) file:/github/workspace/mnt/ozone/hadoop-ozone/integration-test/target/test-dir/MiniOzoneClusterImpl-5052868c-af14-42ec-a08a-76835f874d4b/datanode-1/data/ratis/e574d11c-55cc-46f5-a45a-9f4fd99af1c3/sm/snapshot.1_0 time:104
2020-05-19 09:29:06,149 [e67ce902-a12d-42ec-a956-705ac53e1b06@group-9F4FD99AF1C3-StateMachineUpdater] INFO  impl.StateMachineUpdater (StateMachineUpdater.java:takeSnapshot(277)) - e67ce902-a12d-42ec-a956-705ac53e1b06@group-9F4FD99AF1C3-StateMachineUpdater: Took a snapshot at index 0
2020-05-19 09:29:06,149 [e67ce902-a12d-42ec-a956-705ac53e1b06@group-9F4FD99AF1C3-StateMachineUpdater] INFO  impl.StateMachineUpdater (StateMachineUpdater.java:lambda$new$0(87)) - e67ce902-a12d-42ec-a956-705ac53e1b06@group-9F4FD99AF1C3-StateMachineUpdater: snapshotIndex: updateIncreasingly -1 -> 0
2020-05-19 09:29:06,151 [e67ce902-a12d-42ec-a956-705ac53e1b06@group-7A3F6B1A5152-StateMachineUpdater] INFO  ratis.ContainerStateMachine (ContainerStateMachine.java:takeSnapshot(299)) - group-7A3F6B1A5152: Finished taking a snapshot at:(t:2, i:2) file:/github/workspace/mnt/ozone/hadoop-ozone/integration-test/target/test-dir/MiniOzoneClusterImpl-5052868c-af14-42ec-a08a-76835f874d4b/datanode-1/data/ratis/6230c762-da95-4005-98e7-7a3f6b1a5152/sm/snapshot.2_2 time:115
2020-05-19 09:29:06,151 [e67ce902-a12d-42ec-a956-705ac53e1b06@group-7A3F6B1A5152-StateMachineUpdater] INFO  impl.StateMachineUpdater (StateMachineUpdater.java:takeSnapshot(277)) - e67ce902-a12d-42ec-a956-705ac53e1b06@group-7A3F6B1A5152-StateMachineUpdater: Took a snapshot at index 2
2020-05-19 09:29:06,152 [e67ce902-a12d-42ec-a956-705ac53e1b06@group-7A3F6B1A5152-StateMachineUpdater] INFO  impl.StateMachineUpdater (StateMachineUpdater.java:lambda$new$0(87)) - e67ce902-a12d-42ec-a956-705ac53e1b06@group-7A3F6B1A5152-StateMachineUpdater: snapshotIndex: updateIncreasingly -1 -> 2
2020-05-19 09:29:06,154 [e67ce902-a12d-42ec-a956-705ac53e1b06@group-7A3F6B1A5152-StateMachineUpdater] INFO  metrics.RatisMetrics (RatisMetrics.java:unregister(46)) - Unregistering Metrics Registry : ratis.state_machine.e67ce902-a12d-42ec-a956-705ac53e1b06@group-7A3F6B1A5152
2020-05-19 09:29:06,155 [Listener at 127.0.0.1/43761] INFO  impl.RaftServerImpl (ServerState.java:close(387)) - e67ce902-a12d-42ec-a956-705ac53e1b06@group-7A3F6B1A5152: closes. applyIndex: 2
2020-05-19 09:29:06,156 [e67ce902-a12d-42ec-a956-705ac53e1b06@group-7A3F6B1A5152-SegmentedRaftLogWorker] INFO  segmented.SegmentedRaftLogWorker (SegmentedRaftLogWorker.java:run(321)) - e67ce902-a12d-42ec-a956-705ac53e1b06@group-7A3F6B1A5152-SegmentedRaftLogWorker was interrupted, exiting. There are 0 tasks remaining in the queue.
2020-05-19 09:29:06,157 [Listener at 127.0.0.1/43761] INFO  segmented.SegmentedRaftLogWorker (SegmentedRaftLogWorker.java:close(229)) - e67ce902-a12d-42ec-a956-705ac53e1b06@group-7A3F6B1A5152-SegmentedRaftLogWorker close()
2020-05-19 09:29:06,157 [e67ce902-a12d-42ec-a956-705ac53e1b06@group-9F4FD99AF1C3-StateMachineUpdater] INFO  metrics.RatisMetrics (RatisMetrics.java:unregister(46)) - Unregistering Metrics Registry : ratis.state_machine.e67ce902-a12d-42ec-a956-705ac53e1b06@group-9F4FD99AF1C3
2020-05-19 09:29:06,158 [ForkJoinPool.commonPool-worker-0] INFO  impl.RaftServerImpl (ServerState.java:close(387)) - e67ce902-a12d-42ec-a956-705ac53e1b06@group-9F4FD99AF1C3: closes. applyIndex: 0
2020-05-19 09:29:06,158 [e67ce902-a12d-42ec-a956-705ac53e1b06@group-9F4FD99AF1C3-SegmentedRaftLogWorker] INFO  segmented.SegmentedRaftLogWorker (SegmentedRaftLogWorker.java:run(321)) - e67ce902-a12d-42ec-a956-705ac53e1b06@group-9F4FD99AF1C3-SegmentedRaftLogWorker was interrupted, exiting. There are 0 tasks remaining in the queue.
2020-05-19 09:29:06,158 [Listener at 127.0.0.1/43761] INFO  metrics.RatisMetrics (RatisMetrics.java:unregister(46)) - Unregistering Metrics Registry : ratis.log_worker.e67ce902-a12d-42ec-a956-705ac53e1b06
2020-05-19 09:29:06,159 [Listener at 127.0.0.1/43761] INFO  metrics.RatisMetrics (RatisMetrics.java:unregister(46)) - Unregistering Metrics Registry : ratis.leader_election.e67ce902-a12d-42ec-a956-705ac53e1b06@group-7A3F6B1A5152
2020-05-19 09:29:06,159 [Listener at 127.0.0.1/43761] INFO  metrics.RatisMetrics (RatisMetrics.java:unregister(46)) - Unregistering Metrics Registry : ratis.server.e67ce902-a12d-42ec-a956-705ac53e1b06@group-7A3F6B1A5152
2020-05-19 09:29:06,159 [ForkJoinPool.commonPool-worker-0] INFO  segmented.SegmentedRaftLogWorker (SegmentedRaftLogWorker.java:close(229)) - e67ce902-a12d-42ec-a956-705ac53e1b06@group-9F4FD99AF1C3-SegmentedRaftLogWorker close()
2020-05-19 09:29:06,160 [ForkJoinPool.commonPool-worker-0] INFO  metrics.RatisMetrics (RatisMetrics.java:unregister(46)) - Unregistering Metrics Registry : ratis.log_worker.e67ce902-a12d-42ec-a956-705ac53e1b06
2020-05-19 09:29:06,160 [ForkJoinPool.commonPool-worker-0] INFO  metrics.RatisMetrics (RatisMetrics.java:unregister(46)) - Unregistering Metrics Registry : ratis.leader_election.e67ce902-a12d-42ec-a956-705ac53e1b06@group-9F4FD99AF1C3
2020-05-19 09:29:06,160 [ForkJoinPool.commonPool-worker-0] INFO  metrics.RatisMetrics (RatisMetrics.java:unregister(46)) - Unregistering Metrics Registry : ratis.server.e67ce902-a12d-42ec-a956-705ac53e1b06@group-9F4FD99AF1C3
2020-05-19 09:29:06,160 [Listener at 127.0.0.1/43761] INFO  server.GrpcService (GrpcService.java:closeImpl(165)) - e67ce902-a12d-42ec-a956-705ac53e1b06: shutdown server with port 35799 now
2020-05-19 09:29:06,176 [grpc-default-executor-1] WARN  server.GrpcServerProtocolService (LogUtils.java:warn(122)) - e67ce902-a12d-42ec-a956-705ac53e1b06: installSnapshot onError, lastRequest: da2ac404-9c11-49fb-ad63-5e4e1a7475af->e67ce902-a12d-42ec-a956-705ac53e1b06#3-t2, previous=(t:2, i:1), leaderCommit=1, initializing? false, entries: size=1, first=(t:2, i:2), METADATAENTRY(c:1): org.apache.ratis.thirdparty.io.grpc.StatusRuntimeException: CANCELLED: cancelled before receiving half close
2020-05-19 09:29:06,180 [grpc-default-executor-0] WARN  server.GrpcLogAppender (LogUtils.java:warn(122)) - da2ac404-9c11-49fb-ad63-5e4e1a7475af@group-7A3F6B1A5152->e67ce902-a12d-42ec-a956-705ac53e1b06-AppendLogResponseHandler: Failed appendEntries: org.apache.ratis.thirdparty.io.grpc.StatusRuntimeException: CANCELLED: HTTP/2 error code: CANCEL
Received Rst Stream
2020-05-19 09:29:06,183 [Listener at 127.0.0.1/43761] INFO  server.GrpcService (GrpcService.java:closeImpl(173)) - e67ce902-a12d-42ec-a956-705ac53e1b06: shutdown server with port 35799 successfully
2020-05-19 09:29:06,191 [grpc-default-executor-0] INFO  impl.FollowerInfo (FollowerInfo.java:lambda$new$0(50)) - da2ac404-9c11-49fb-ad63-5e4e1a7475af@group-7A3F6B1A5152->e67ce902-a12d-42ec-a956-705ac53e1b06: nextIndex: updateUnconditionally 3 -> 2
2020-05-19 09:29:06,215 [Listener at 127.0.0.1/43761] INFO  utils.BackgroundService (BackgroundService.java:shutdown(157)) - Shutting down service BlockDeletingService
2020-05-19 09:29:06,233 [Listener at 127.0.0.1/43761] INFO  statemachine.DatanodeStateMachine (DatanodeStateMachine.java:stopDaemon(424)) - Ozone container server stopped.
2020-05-19 09:29:06,238 [Listener at 127.0.0.1/43761] INFO  handler.ContextHandler (ContextHandler.java:doStop(1016)) - Stopped o.e.j.w.WebAppContext@a807d5b{hddsDatanode,/,null,UNAVAILABLE}{jar:file:/home/user/.m2/repository/org/apache/hadoop/hadoop-hdds-container-service/0.6.0-SNAPSHOT/hadoop-hdds-container-service-0.6.0-SNAPSHOT.jar!/webapps/hddsDatanode}
2020-05-19 09:29:06,273 [Listener at 127.0.0.1/43761] INFO  server.AbstractConnector (AbstractConnector.java:doStop(380)) - Stopped ServerConnector@149684e0{HTTP/1.1,[http/1.1]}{0.0.0.0:0}
2020-05-19 09:29:06,273 [Listener at 127.0.0.1/43761] INFO  server.session (HouseKeeper.java:stopScavenging(158)) - node0 Stopped scavenging
2020-05-19 09:29:06,273 [Listener at 127.0.0.1/43761] INFO  handler.ContextHandler (ContextHandler.java:doStop(1016)) - Stopped o.e.j.s.ServletContextHandler@51782698{static,/static,jar:file:/home/user/.m2/repository/org/apache/hadoop/hadoop-hdds-container-service/0.6.0-SNAPSHOT/hadoop-hdds-container-service-0.6.0-SNAPSHOT.jar!/webapps/static,UNAVAILABLE}
2020-05-19 09:29:06,274 [Listener at 127.0.0.1/43761] INFO  handler.ContextHandler (ContextHandler.java:doStop(1016)) - Stopped o.e.j.s.ServletContextHandler@2344c39b{logs,/logs,file:///github/workspace/mnt/ozone/hadoop-ozone/integration-test/target/log,UNAVAILABLE}
2020-05-19 09:29:06,290 [grpc-default-executor-1] WARN  server.GrpcLogAppender (LogUtils.java:warn(122)) - da2ac404-9c11-49fb-ad63-5e4e1a7475af@group-7A3F6B1A5152->e67ce902-a12d-42ec-a956-705ac53e1b06-AppendLogResponseHandler: Failed appendEntries: org.apache.ratis.thirdparty.io.grpc.StatusRuntimeException: UNAVAILABLE: io exception
2020-05-19 09:29:06,291 [grpc-default-executor-1] INFO  impl.FollowerInfo (FollowerInfo.java:lambda$new$0(50)) - da2ac404-9c11-49fb-ad63-5e4e1a7475af@group-7A3F6B1A5152->e67ce902-a12d-42ec-a956-705ac53e1b06: nextIndex: updateUnconditionally 3 -> 2
2020-05-19 09:29:08,792 [grpc-default-executor-0] WARN  server.GrpcLogAppender (LogUtils.java:warn(122)) - da2ac404-9c11-49fb-ad63-5e4e1a7475af@group-7A3F6B1A5152->e67ce902-a12d-42ec-a956-705ac53e1b06-AppendLogResponseHandler: Failed appendEntries: org.apache.ratis.thirdparty.io.grpc.StatusRuntimeException: UNAVAILABLE: io exception
2020-05-19 09:29:08,793 [grpc-default-executor-0] INFO  impl.FollowerInfo (FollowerInfo.java:lambda$new$0(50)) - da2ac404-9c11-49fb-ad63-5e4e1a7475af@group-7A3F6B1A5152->e67ce902-a12d-42ec-a956-705ac53e1b06: nextIndex: updateUnconditionally 3 -> 2
2020-05-19 09:29:11,298 [grpc-default-executor-3] WARN  server.GrpcLogAppender (LogUtils.java:warn(122)) - da2ac404-9c11-49fb-ad63-5e4e1a7475af@group-7A3F6B1A5152->e67ce902-a12d-42ec-a956-705ac53e1b06-AppendLogResponseHandler: Failed appendEntries: org.apache.ratis.thirdparty.io.grpc.StatusRuntimeException: UNAVAILABLE: io exception
2020-05-19 09:29:11,302 [grpc-default-executor-3] INFO  impl.FollowerInfo (FollowerInfo.java:lambda$new$0(50)) - da2ac404-9c11-49fb-ad63-5e4e1a7475af@group-7A3F6B1A5152->e67ce902-a12d-42ec-a956-705ac53e1b06: nextIndex: updateUnconditionally 3 -> 2
2020-05-19 09:29:13,799 [grpc-default-executor-1] WARN  server.GrpcLogAppender (LogUtils.java:warn(122)) - da2ac404-9c11-49fb-ad63-5e4e1a7475af@group-7A3F6B1A5152->e67ce902-a12d-42ec-a956-705ac53e1b06-AppendLogResponseHandler: Failed appendEntries: org.apache.ratis.thirdparty.io.grpc.StatusRuntimeException: UNAVAILABLE: io exception
2020-05-19 09:29:13,801 [grpc-default-executor-1] INFO  impl.FollowerInfo (FollowerInfo.java:lambda$new$0(50)) - da2ac404-9c11-49fb-ad63-5e4e1a7475af@group-7A3F6B1A5152->e67ce902-a12d-42ec-a956-705ac53e1b06: nextIndex: updateUnconditionally 3 -> 2
2020-05-19 09:29:14,286 [java.util.concurrent.ThreadPoolExecutor$Worker@456eac62[State = -1, empty queue]] WARN  server.GrpcLogAppender (GrpcLogAppender.java:timeoutAppendRequest(213)) - da2ac404-9c11-49fb-ad63-5e4e1a7475af@group-7A3F6B1A5152->c5696339-f7f1-498d-af08-21c1da000d10-GrpcLogAppender:  appendEntries Timeout, request=AppendEntriesRequest:cid=7,entriesCount=1,lastEntry=(t:2, i:3)
2020-05-19 09:29:16,303 [grpc-default-executor-1] WARN  server.GrpcLogAppender (LogUtils.java:warn(122)) - da2ac404-9c11-49fb-ad63-5e4e1a7475af@group-7A3F6B1A5152->e67ce902-a12d-42ec-a956-705ac53e1b06-AppendLogResponseHandler: Failed appendEntries: org.apache.ratis.thirdparty.io.grpc.StatusRuntimeException: UNAVAILABLE: io exception
2020-05-19 09:29:16,304 [grpc-default-executor-1] INFO  impl.FollowerInfo (FollowerInfo.java:lambda$new$0(50)) - da2ac404-9c11-49fb-ad63-5e4e1a7475af@group-7A3F6B1A5152->e67ce902-a12d-42ec-a956-705ac53e1b06: nextIndex: updateUnconditionally 3 -> 2
2020-05-19 09:29:18,804 [grpc-default-executor-3] WARN  server.GrpcLogAppender (LogUtils.java:warn(122)) - da2ac404-9c11-49fb-ad63-5e4e1a7475af@group-7A3F6B1A5152->e67ce902-a12d-42ec-a956-705ac53e1b06-AppendLogResponseHandler: Failed appendEntries: org.apache.ratis.thirdparty.io.grpc.StatusRuntimeException: UNAVAILABLE: io exception
2020-05-19 09:29:18,805 [grpc-default-executor-3] INFO  impl.FollowerInfo (FollowerInfo.java:lambda$new$0(50)) - da2ac404-9c11-49fb-ad63-5e4e1a7475af@group-7A3F6B1A5152->e67ce902-a12d-42ec-a956-705ac53e1b06: nextIndex: updateUnconditionally 3 -> 2
2020-05-19 09:29:21,307 [grpc-default-executor-1] WARN  server.GrpcLogAppender (LogUtils.java:warn(122)) - da2ac404-9c11-49fb-ad63-5e4e1a7475af@group-7A3F6B1A5152->e67ce902-a12d-42ec-a956-705ac53e1b06-AppendLogResponseHandler: Failed appendEntries: org.apache.ratis.thirdparty.io.grpc.StatusRuntimeException: UNAVAILABLE: io exception
2020-05-19 09:29:21,309 [grpc-default-executor-1] INFO  impl.FollowerInfo (FollowerInfo.java:lambda$new$0(50)) - da2ac404-9c11-49fb-ad63-5e4e1a7475af@group-7A3F6B1A5152->e67ce902-a12d-42ec-a956-705ac53e1b06: nextIndex: updateUnconditionally 3 -> 2
2020-05-19 09:29:23,809 [grpc-default-executor-3] WARN  server.GrpcLogAppender (LogUtils.java:warn(122)) - da2ac404-9c11-49fb-ad63-5e4e1a7475af@group-7A3F6B1A5152->e67ce902-a12d-42ec-a956-705ac53e1b06-AppendLogResponseHandler: Failed appendEntries: org.apache.ratis.thirdparty.io.grpc.StatusRuntimeException: UNAVAILABLE: io exception
2020-05-19 09:29:23,811 [grpc-default-executor-3] INFO  impl.FollowerInfo (FollowerInfo.java:lambda$new$0(50)) - da2ac404-9c11-49fb-ad63-5e4e1a7475af@group-7A3F6B1A5152->e67ce902-a12d-42ec-a956-705ac53e1b06: nextIndex: updateUnconditionally 3 -> 2
2020-05-19 09:29:26,312 [grpc-default-executor-3] WARN  server.GrpcLogAppender (LogUtils.java:warn(122)) - da2ac404-9c11-49fb-ad63-5e4e1a7475af@group-7A3F6B1A5152->e67ce902-a12d-42ec-a956-705ac53e1b06-AppendLogResponseHandler: Failed appendEntries: org.apache.ratis.thirdparty.io.grpc.StatusRuntimeException: UNAVAILABLE: io exception
2020-05-19 09:29:26,313 [grpc-default-executor-3] INFO  impl.FollowerInfo (FollowerInfo.java:lambda$new$0(50)) - da2ac404-9c11-49fb-ad63-5e4e1a7475af@group-7A3F6B1A5152->e67ce902-a12d-42ec-a956-705ac53e1b06: nextIndex: updateUnconditionally 3 -> 2
2020-05-19 09:29:28,815 [grpc-default-executor-1] WARN  server.GrpcLogAppender (LogUtils.java:warn(122)) - da2ac404-9c11-49fb-ad63-5e4e1a7475af@group-7A3F6B1A5152->e67ce902-a12d-42ec-a956-705ac53e1b06-AppendLogResponseHandler: Failed appendEntries: org.apache.ratis.thirdparty.io.grpc.StatusRuntimeException: UNAVAILABLE: io exception
2020-05-19 09:29:28,818 [grpc-default-executor-1] INFO  impl.FollowerInfo (FollowerInfo.java:lambda$new$0(50)) - da2ac404-9c11-49fb-ad63-5e4e1a7475af@group-7A3F6B1A5152->e67ce902-a12d-42ec-a956-705ac53e1b06: nextIndex: updateUnconditionally 3 -> 2
2020-05-19 09:29:31,322 [grpc-default-executor-3] WARN  server.GrpcLogAppender (LogUtils.java:warn(122)) - da2ac404-9c11-49fb-ad63-5e4e1a7475af@group-7A3F6B1A5152->e67ce902-a12d-42ec-a956-705ac53e1b06-AppendLogResponseHandler: Failed appendEntries: org.apache.ratis.thirdparty.io.grpc.StatusRuntimeException: UNAVAILABLE: io exception
2020-05-19 09:29:31,330 [grpc-default-executor-3] INFO  impl.FollowerInfo (FollowerInfo.java:lambda$new$0(50)) - da2ac404-9c11-49fb-ad63-5e4e1a7475af@group-7A3F6B1A5152->e67ce902-a12d-42ec-a956-705ac53e1b06: nextIndex: updateUnconditionally 3 -> 2
2020-05-19 09:29:33,825 [grpc-default-executor-1] WARN  server.GrpcLogAppender (LogUtils.java:warn(122)) - da2ac404-9c11-49fb-ad63-5e4e1a7475af@group-7A3F6B1A5152->e67ce902-a12d-42ec-a956-705ac53e1b06-AppendLogResponseHandler: Failed appendEntries: org.apache.ratis.thirdparty.io.grpc.StatusRuntimeException: UNAVAILABLE: io exception
2020-05-19 09:29:33,826 [grpc-default-executor-1] INFO  impl.FollowerInfo (FollowerInfo.java:lambda$new$0(50)) - da2ac404-9c11-49fb-ad63-5e4e1a7475af@group-7A3F6B1A5152->e67ce902-a12d-42ec-a956-705ac53e1b06: nextIndex: updateUnconditionally 3 -> 2
2020-05-19 09:29:36,328 [grpc-default-executor-3] WARN  server.GrpcLogAppender (LogUtils.java:warn(122)) - da2ac404-9c11-49fb-ad63-5e4e1a7475af@group-7A3F6B1A5152->e67ce902-a12d-42ec-a956-705ac53e1b06-AppendLogResponseHandler: Failed appendEntries: org.apache.ratis.thirdparty.io.grpc.StatusRuntimeException: UNAVAILABLE: io exception
2020-05-19 09:29:36,329 [grpc-default-executor-3] INFO  impl.FollowerInfo (FollowerInfo.java:lambda$new$0(50)) - da2ac404-9c11-49fb-ad63-5e4e1a7475af@group-7A3F6B1A5152->e67ce902-a12d-42ec-a956-705ac53e1b06: nextIndex: updateUnconditionally 3 -> 2
2020-05-19 09:29:38,833 [grpc-default-executor-1] WARN  server.GrpcLogAppender (LogUtils.java:warn(122)) - da2ac404-9c11-49fb-ad63-5e4e1a7475af@group-7A3F6B1A5152->e67ce902-a12d-42ec-a956-705ac53e1b06-AppendLogResponseHandler: Failed appendEntries: org.apache.ratis.thirdparty.io.grpc.StatusRuntimeException: UNAVAILABLE: io exception
2020-05-19 09:29:38,834 [grpc-default-executor-1] INFO  impl.FollowerInfo (FollowerInfo.java:lambda$new$0(50)) - da2ac404-9c11-49fb-ad63-5e4e1a7475af@group-7A3F6B1A5152->e67ce902-a12d-42ec-a956-705ac53e1b06: nextIndex: updateUnconditionally 3 -> 2
2020-05-19 09:29:41,335 [grpc-default-executor-3] WARN  server.GrpcLogAppender (LogUtils.java:warn(122)) - da2ac404-9c11-49fb-ad63-5e4e1a7475af@group-7A3F6B1A5152->e67ce902-a12d-42ec-a956-705ac53e1b06-AppendLogResponseHandler: Failed appendEntries: org.apache.ratis.thirdparty.io.grpc.StatusRuntimeException: UNAVAILABLE: io exception
2020-05-19 09:29:41,336 [grpc-default-executor-3] INFO  impl.FollowerInfo (FollowerInfo.java:lambda$new$0(50)) - da2ac404-9c11-49fb-ad63-5e4e1a7475af@group-7A3F6B1A5152->e67ce902-a12d-42ec-a956-705ac53e1b06: nextIndex: updateUnconditionally 3 -> 2
2020-05-19 09:29:43,837 [grpc-default-executor-1] WARN  server.GrpcLogAppender (LogUtils.java:warn(122)) - da2ac404-9c11-49fb-ad63-5e4e1a7475af@group-7A3F6B1A5152->e67ce902-a12d-42ec-a956-705ac53e1b06-AppendLogResponseHandler: Failed appendEntries: org.apache.ratis.thirdparty.io.grpc.StatusRuntimeException: UNAVAILABLE: io exception
2020-05-19 09:29:43,839 [grpc-default-executor-1] INFO  impl.FollowerInfo (FollowerInfo.java:lambda$new$0(50)) - da2ac404-9c11-49fb-ad63-5e4e1a7475af@group-7A3F6B1A5152->e67ce902-a12d-42ec-a956-705ac53e1b06: nextIndex: updateUnconditionally 3 -> 2
2020-05-19 09:29:46,343 [grpc-default-executor-3] WARN  server.GrpcLogAppender (LogUtils.java:warn(122)) - da2ac404-9c11-49fb-ad63-5e4e1a7475af@group-7A3F6B1A5152->e67ce902-a12d-42ec-a956-705ac53e1b06-AppendLogResponseHandler: Failed appendEntries: org.apache.ratis.thirdparty.io.grpc.StatusRuntimeException: UNAVAILABLE: io exception
2020-05-19 09:29:46,344 [grpc-default-executor-3] INFO  impl.FollowerInfo (FollowerInfo.java:lambda$new$0(50)) - da2ac404-9c11-49fb-ad63-5e4e1a7475af@group-7A3F6B1A5152->e67ce902-a12d-42ec-a956-705ac53e1b06: nextIndex: updateUnconditionally 3 -> 2
2020-05-19 09:29:48,843 [grpc-default-executor-1] WARN  server.GrpcLogAppender (LogUtils.java:warn(122)) - da2ac404-9c11-49fb-ad63-5e4e1a7475af@group-7A3F6B1A5152->e67ce902-a12d-42ec-a956-705ac53e1b06-AppendLogResponseHandler: Failed appendEntries: org.apache.ratis.thirdparty.io.grpc.StatusRuntimeException: UNAVAILABLE: io exception
2020-05-19 09:29:48,844 [grpc-default-executor-1] INFO  impl.FollowerInfo (FollowerInfo.java:lambda$new$0(50)) - da2ac404-9c11-49fb-ad63-5e4e1a7475af@group-7A3F6B1A5152->e67ce902-a12d-42ec-a956-705ac53e1b06: nextIndex: updateUnconditionally 3 -> 2
2020-05-19 09:29:51,345 [grpc-default-executor-3] WARN  server.GrpcLogAppender (LogUtils.java:warn(122)) - da2ac404-9c11-49fb-ad63-5e4e1a7475af@group-7A3F6B1A5152->e67ce902-a12d-42ec-a956-705ac53e1b06-AppendLogResponseHandler: Failed appendEntries: org.apache.ratis.thirdparty.io.grpc.StatusRuntimeException: UNAVAILABLE: io exception
2020-05-19 09:29:51,347 [grpc-default-executor-3] INFO  impl.FollowerInfo (FollowerInfo.java:lambda$new$0(50)) - da2ac404-9c11-49fb-ad63-5e4e1a7475af@group-7A3F6B1A5152->e67ce902-a12d-42ec-a956-705ac53e1b06: nextIndex: updateUnconditionally 3 -> 2
2020-05-19 09:29:53,849 [grpc-default-executor-1] WARN  server.GrpcLogAppender (LogUtils.java:warn(122)) - da2ac404-9c11-49fb-ad63-5e4e1a7475af@group-7A3F6B1A5152->e67ce902-a12d-42ec-a956-705ac53e1b06-AppendLogResponseHandler: Failed appendEntries: org.apache.ratis.thirdparty.io.grpc.StatusRuntimeException: UNAVAILABLE: io exception
2020-05-19 09:29:53,852 [grpc-default-executor-1] INFO  impl.FollowerInfo (FollowerInfo.java:lambda$new$0(50)) - da2ac404-9c11-49fb-ad63-5e4e1a7475af@group-7A3F6B1A5152->e67ce902-a12d-42ec-a956-705ac53e1b06: nextIndex: updateUnconditionally 3 -> 2
2020-05-19 09:29:56,355 [grpc-default-executor-1] WARN  server.GrpcLogAppender (LogUtils.java:warn(122)) - da2ac404-9c11-49fb-ad63-5e4e1a7475af@group-7A3F6B1A5152->e67ce902-a12d-42ec-a956-705ac53e1b06-AppendLogResponseHandler: Failed appendEntries: org.apache.ratis.thirdparty.io.grpc.StatusRuntimeException: UNAVAILABLE: io exception
2020-05-19 09:29:56,356 [grpc-default-executor-1] INFO  impl.FollowerInfo (FollowerInfo.java:lambda$new$0(50)) - da2ac404-9c11-49fb-ad63-5e4e1a7475af@group-7A3F6B1A5152->e67ce902-a12d-42ec-a956-705ac53e1b06: nextIndex: updateUnconditionally 3 -> 2
2020-05-19 09:29:58,857 [grpc-default-executor-3] WARN  server.GrpcLogAppender (LogUtils.java:warn(122)) - da2ac404-9c11-49fb-ad63-5e4e1a7475af@group-7A3F6B1A5152->e67ce902-a12d-42ec-a956-705ac53e1b06-AppendLogResponseHandler: Failed appendEntries: org.apache.ratis.thirdparty.io.grpc.StatusRuntimeException: UNAVAILABLE: io exception
2020-05-19 09:29:58,859 [grpc-default-executor-3] INFO  impl.FollowerInfo (FollowerInfo.java:lambda$new$0(50)) - da2ac404-9c11-49fb-ad63-5e4e1a7475af@group-7A3F6B1A5152->e67ce902-a12d-42ec-a956-705ac53e1b06: nextIndex: updateUnconditionally 3 -> 2
2020-05-19 09:30:01,361 [grpc-default-executor-3] WARN  server.GrpcLogAppender (LogUtils.java:warn(122)) - da2ac404-9c11-49fb-ad63-5e4e1a7475af@group-7A3F6B1A5152->e67ce902-a12d-42ec-a956-705ac53e1b06-AppendLogResponseHandler: Failed appendEntries: org.apache.ratis.thirdparty.io.grpc.StatusRuntimeException: UNAVAILABLE: io exception
2020-05-19 09:30:01,362 [grpc-default-executor-3] INFO  impl.FollowerInfo (FollowerInfo.java:lambda$new$0(50)) - da2ac404-9c11-49fb-ad63-5e4e1a7475af@group-7A3F6B1A5152->e67ce902-a12d-42ec-a956-705ac53e1b06: nextIndex: updateUnconditionally 2 -> 1
2020-05-19 09:30:01,368 [grpc-default-executor-3] WARN  server.GrpcLogAppender (LogUtils.java:warn(122)) - da2ac404-9c11-49fb-ad63-5e4e1a7475af@group-7A3F6B1A5152->e67ce902-a12d-42ec-a956-705ac53e1b06-AppendLogResponseHandler: Failed appendEntries: org.apache.ratis.thirdparty.io.grpc.StatusRuntimeException: UNAVAILABLE: io exception
2020-05-19 09:30:01,370 [grpc-default-executor-3] INFO  impl.FollowerInfo (FollowerInfo.java:lambda$new$0(50)) - da2ac404-9c11-49fb-ad63-5e4e1a7475af@group-7A3F6B1A5152->e67ce902-a12d-42ec-a956-705ac53e1b06: nextIndex: updateUnconditionally 2 -> 1
2020-05-19 09:30:01,375 [grpc-default-executor-3] WARN  server.GrpcLogAppender (LogUtils.java:warn(122)) - da2ac404-9c11-49fb-ad63-5e4e1a7475af@group-7A3F6B1A5152->e67ce902-a12d-42ec-a956-705ac53e1b06-AppendLogResponseHandler: Failed appendEntries: org.apache.ratis.thirdparty.io.grpc.StatusRuntimeException: UNAVAILABLE: io exception
2020-05-19 09:30:01,376 [grpc-default-executor-3] INFO  impl.FollowerInfo (FollowerInfo.java:lambda$new$0(50)) - da2ac404-9c11-49fb-ad63-5e4e1a7475af@group-7A3F6B1A5152->e67ce902-a12d-42ec-a956-705ac53e1b06: nextIndex: updateUnconditionally 2 -> 1
2020-05-19 09:30:03,881 [grpc-default-executor-1] WARN  server.GrpcLogAppender (LogUtils.java:warn(122)) - da2ac404-9c11-49fb-ad63-5e4e1a7475af@group-7A3F6B1A5152->e67ce902-a12d-42ec-a956-705ac53e1b06-AppendLogResponseHandler: Failed appendEntries: org.apache.ratis.thirdparty.io.grpc.StatusRuntimeException: UNAVAILABLE: io exception
2020-05-19 09:30:03,882 [grpc-default-executor-1] INFO  impl.FollowerInfo (FollowerInfo.java:lambda$new$0(50)) - da2ac404-9c11-49fb-ad63-5e4e1a7475af@group-7A3F6B1A5152->e67ce902-a12d-42ec-a956-705ac53e1b06: nextIndex: updateUnconditionally 2 -> 1
]]></system-out>
    <system-err><![CDATA[ERROR StatusLogger No Log4j 2 configuration file found. Using default configuration (logging only errors to the console), or user programmatically provided configurations. Set system property 'log4j2.debug' to show Log4j 2 internal initialization logging. See https://logging.apache.org/log4j/2.x/manual/configuration.html for instructions on how to configure Log4j 2
May 19, 2020 9:29:06 AM org.apache.ratis.thirdparty.io.grpc.internal.SerializingExecutor run
SEVERE: Exception while executing runnable org.apache.ratis.thirdparty.io.grpc.internal.ServerImpl$JumpToApplicationThreadServerStreamListener$1Closed@d990823
org.apache.ratis.thirdparty.io.grpc.StatusRuntimeException: CANCELLED: call already cancelled
	at org.apache.ratis.thirdparty.io.grpc.Status.asRuntimeException(Status.java:524)
	at org.apache.ratis.thirdparty.io.grpc.stub.ServerCalls$ServerCallStreamObserverImpl.onCompleted(ServerCalls.java:368)
	at org.apache.ratis.grpc.server.GrpcServerProtocolService$ServerRequestStreamObserver.onError(GrpcServerProtocolService.java:145)
	at org.apache.ratis.thirdparty.io.grpc.stub.ServerCalls$StreamingServerCallHandler$StreamingServerCallListener.onCancel(ServerCalls.java:272)
	at org.apache.ratis.thirdparty.io.grpc.internal.ServerCallImpl$ServerStreamListenerImpl.closedInternal(ServerCallImpl.java:353)
	at org.apache.ratis.thirdparty.io.grpc.internal.ServerCallImpl$ServerStreamListenerImpl.closed(ServerCallImpl.java:341)
	at org.apache.ratis.thirdparty.io.grpc.internal.ServerImpl$JumpToApplicationThreadServerStreamListener$1Closed.runInContext(ServerImpl.java:867)
	at org.apache.ratis.thirdparty.io.grpc.internal.ContextRunnable.run(ContextRunnable.java:37)
	at org.apache.ratis.thirdparty.io.grpc.internal.SerializingExecutor.run(SerializingExecutor.java:123)
	at java.util.concurrent.ThreadPoolExecutor.runWorker(ThreadPoolExecutor.java:1149)
	at java.util.concurrent.ThreadPoolExecutor$Worker.run(ThreadPoolExecutor.java:624)
	at java.lang.Thread.run(Thread.java:748)

]]></system-err>
  </testcase>
</testsuite>