<?xml version="1.0" encoding="UTF-8"?>
<testsuite xmlns:xsi="http://www.w3.org/2001/XMLSchema-instance" xsi:noNamespaceSchemaLocation="https://maven.apache.org/surefire/maven-surefire-plugin/xsd/surefire-test-report.xsd" name="org.apache.hadoop.ozone.TestMiniOzoneCluster" time="176.622" tests="5" errors="3" skipped="0" failures="0">
  <properties>
    <property name="awt.toolkit" value="sun.awt.X11.XToolkit"/>
    <property name="file.encoding.pkg" value="sun.io"/>
    <property name="java.specification.version" value="1.8"/>
    <property name="sun.cpu.isalist" value=""/>
    <property name="sun.jnu.encoding" value="ANSI_X3.4-1968"/>
    <property name="java.class.path" value="/github/workspace/mnt/ozone/hadoop-ozone/integration-test/target/test-classes:/github/workspace/mnt/ozone/hadoop-ozone/integration-test/target/classes:/home/user/.m2/repository/org/apache/hadoop/hadoop-ozone-common/0.6.0-SNAPSHOT/hadoop-ozone-common-0.6.0-SNAPSHOT.jar:/home/user/.m2/repository/org/apache/commons/commons-compress/1.4.1/commons-compress-1.4.1.jar:/home/user/.m2/repository/org/tukaani/xz/1.0/xz-1.0.jar:/home/user/.m2/repository/org/apache/hadoop/hadoop-hdds-common/0.6.0-SNAPSHOT/hadoop-hdds-common-0.6.0-SNAPSHOT.jar:/home/user/.m2/repository/info/picocli/picocli/3.9.6/picocli-3.9.6.jar:/home/user/.m2/repository/com/fasterxml/jackson/core/jackson-annotations/2.10.3/jackson-annotations-2.10.3.jar:/home/user/.m2/repository/javax/annotation/javax.annotation-api/1.2/javax.annotation-api-1.2.jar:/home/user/.m2/repository/org/apache/ratis/ratis-server/0.6.0-cac3336-SNAPSHOT/ratis-server-0.6.0-cac3336-SNAPSHOT.jar:/home/user/.m2/repository/org/apache/ratis/ratis-thirdparty-misc/0.4.0/ratis-thirdparty-misc-0.4.0.jar:/home/user/.m2/repository/org/apache/ratis/ratis-client/0.6.0-cac3336-SNAPSHOT/ratis-client-0.6.0-cac3336-SNAPSHOT.jar:/home/user/.m2/repository/org/apache/ratis/ratis-metrics/0.6.0-cac3336-SNAPSHOT/ratis-metrics-0.6.0-cac3336-SNAPSHOT.jar:/home/user/.m2/repository/org/apache/ratis/ratis-netty/0.6.0-cac3336-SNAPSHOT/ratis-netty-0.6.0-cac3336-SNAPSHOT.jar:/home/user/.m2/repository/org/apache/ratis/ratis-grpc/0.6.0-cac3336-SNAPSHOT/ratis-grpc-0.6.0-cac3336-SNAPSHOT.jar:/home/user/.m2/repository/org/apache/logging/log4j/log4j-api/2.11.0/log4j-api-2.11.0.jar:/home/user/.m2/repository/org/apache/logging/log4j/log4j-core/2.11.0/log4j-core-2.11.0.jar:/home/user/.m2/repository/com/lmax/disruptor/3.4.2/disruptor-3.4.2.jar:/home/user/.m2/repository/org/apache/commons/commons-pool2/2.6.0/commons-pool2-2.6.0.jar:/home/user/.m2/repository/org/bouncycastle/bcpkix-jdk15on/1.60/bcpkix-jdk15on-1.60.jar:/home/user/.m2/repository/commons-validator/commons-validator/1.6/commons-validator-1.6.jar:/home/user/.m2/repository/commons-digester/commons-digester/1.8.1/commons-digester-1.8.1.jar:/home/user/.m2/repository/io/jaegertracing/jaeger-client/1.2.0/jaeger-client-1.2.0.jar:/home/user/.m2/repository/io/jaegertracing/jaeger-thrift/1.2.0/jaeger-thrift-1.2.0.jar:/home/user/.m2/repository/org/apache/thrift/libthrift/0.13.0/libthrift-0.13.0.jar:/home/user/.m2/repository/com/squareup/okhttp3/okhttp/4.2.2/okhttp-4.2.2.jar:/home/user/.m2/repository/com/squareup/okio/okio/2.2.2/okio-2.2.2.jar:/home/user/.m2/repository/org/jetbrains/kotlin/kotlin-stdlib/1.3.50/kotlin-stdlib-1.3.50.jar:/home/user/.m2/repository/org/jetbrains/kotlin/kotlin-stdlib-common/1.3.50/kotlin-stdlib-common-1.3.50.jar:/home/user/.m2/repository/org/jetbrains/annotations/13.0/annotations-13.0.jar:/home/user/.m2/repository/io/jaegertracing/jaeger-core/1.2.0/jaeger-core-1.2.0.jar:/home/user/.m2/repository/io/jaegertracing/jaeger-tracerresolver/1.2.0/jaeger-tracerresolver-1.2.0.jar:/home/user/.m2/repository/io/opentracing/contrib/opentracing-tracerresolver/0.1.8/opentracing-tracerresolver-0.1.8.jar:/home/user/.m2/repository/io/opentracing/opentracing-util/0.33.0/opentracing-util-0.33.0.jar:/home/user/.m2/repository/io/opentracing/opentracing-api/0.33.0/opentracing-api-0.33.0.jar:/home/user/.m2/repository/io/opentracing/opentracing-noop/0.33.0/opentracing-noop-0.33.0.jar:/home/user/.m2/repository/org/apache/hadoop/hadoop-hdds-client/0.6.0-SNAPSHOT/hadoop-hdds-client-0.6.0-SNAPSHOT.jar:/home/user/.m2/repository/org/apache/hadoop/hadoop-hdds-test-utils/0.6.0-SNAPSHOT/hadoop-hdds-test-utils-0.6.0-SNAPSHOT.jar:/home/user/.m2/repository/com/google/guava/guava/28.2-jre/guava-28.2-jre.jar:/home/user/.m2/repository/com/google/guava/failureaccess/1.0.1/failureaccess-1.0.1.jar:/home/user/.m2/repository/com/google/guava/listenablefuture/9999.0-empty-to-avoid-conflict-with-guava/listenablefuture-9999.0-empty-to-avoid-conflict-with-guava.jar:/home/user/.m2/repository/com/google/code/findbugs/jsr305/3.0.0/jsr305-3.0.0.jar:/home/user/.m2/repository/org/checkerframework/checker-qual/2.10.0/checker-qual-2.10.0.jar:/home/user/.m2/repository/com/google/errorprone/error_prone_annotations/2.2.0/error_prone_annotations-2.2.0.jar:/home/user/.m2/repository/com/google/j2objc/j2objc-annotations/1.3/j2objc-annotations-1.3.jar:/home/user/.m2/repository/commons-io/commons-io/2.5/commons-io-2.5.jar:/home/user/.m2/repository/commons-logging/commons-logging/1.2/commons-logging-1.2.jar:/home/user/.m2/repository/log4j/log4j/1.2.17/log4j-1.2.17.jar:/home/user/.m2/repository/org/slf4j/slf4j-api/1.7.25/slf4j-api-1.7.25.jar:/home/user/.m2/repository/org/apache/hadoop/hadoop-hdds-server-scm/0.6.0-SNAPSHOT/hadoop-hdds-server-scm-0.6.0-SNAPSHOT.jar:/home/user/.m2/repository/org/apache/hadoop/hadoop-hdds-container-service/0.6.0-SNAPSHOT/hadoop-hdds-container-service-0.6.0-SNAPSHOT.jar:/home/user/.m2/repository/org/apache/hadoop/hadoop-hdds-hadoop-dependency-server/0.6.0-SNAPSHOT/hadoop-hdds-hadoop-dependency-server-0.6.0-SNAPSHOT.jar:/home/user/.m2/repository/org/apache/hadoop/hadoop-hdds-server-framework/0.6.0-SNAPSHOT/hadoop-hdds-server-framework-0.6.0-SNAPSHOT.jar:/home/user/.m2/repository/org/rocksdb/rocksdbjni/6.6.4/rocksdbjni-6.6.4.jar:/home/user/.m2/repository/io/prometheus/simpleclient_dropwizard/0.7.0/simpleclient_dropwizard-0.7.0.jar:/home/user/.m2/repository/io/prometheus/simpleclient/0.7.0/simpleclient-0.7.0.jar:/home/user/.m2/repository/io/prometheus/simpleclient_common/0.7.0/simpleclient_common-0.7.0.jar:/home/user/.m2/repository/com/fasterxml/jackson/datatype/jackson-datatype-jsr310/2.10.3/jackson-datatype-jsr310-2.10.3.jar:/home/user/.m2/repository/org/apache/hadoop/hadoop-hdds-docs/0.6.0-SNAPSHOT/hadoop-hdds-docs-0.6.0-SNAPSHOT.jar:/home/user/.m2/repository/io/dropwizard/metrics/metrics-core/3.2.4/metrics-core-3.2.4.jar:/home/user/.m2/repository/org/apache/hadoop/hadoop-hdfs-client/3.2.1/hadoop-hdfs-client-3.2.1.jar:/home/user/.m2/repository/org/bouncycastle/bcprov-jdk15on/1.60/bcprov-jdk15on-1.60.jar:/home/user/.m2/repository/org/apache/hadoop/hadoop-ozone-ozone-manager/0.6.0-SNAPSHOT/hadoop-ozone-ozone-manager-0.6.0-SNAPSHOT.jar:/home/user/.m2/repository/org/apache/hadoop/hadoop-minikdc/3.2.1/hadoop-minikdc-3.2.1.jar:/home/user/.m2/repository/org/apache/kerby/kerb-simplekdc/1.0.1/kerb-simplekdc-1.0.1.jar:/home/user/.m2/repository/org/apache/kerby/kerb-client/1.0.1/kerb-client-1.0.1.jar:/home/user/.m2/repository/org/apache/kerby/kerby-config/1.0.1/kerby-config-1.0.1.jar:/home/user/.m2/repository/org/apache/kerby/kerb-core/1.0.1/kerb-core-1.0.1.jar:/home/user/.m2/repository/org/apache/kerby/kerby-pkix/1.0.1/kerby-pkix-1.0.1.jar:/home/user/.m2/repository/org/apache/kerby/kerby-asn1/1.0.1/kerby-asn1-1.0.1.jar:/home/user/.m2/repository/org/apache/kerby/kerby-util/1.0.1/kerby-util-1.0.1.jar:/home/user/.m2/repository/org/apache/kerby/kerb-common/1.0.1/kerb-common-1.0.1.jar:/home/user/.m2/repository/org/apache/kerby/kerb-crypto/1.0.1/kerb-crypto-1.0.1.jar:/home/user/.m2/repository/org/apache/kerby/kerb-util/1.0.1/kerb-util-1.0.1.jar:/home/user/.m2/repository/org/apache/kerby/token-provider/1.0.1/token-provider-1.0.1.jar:/home/user/.m2/repository/org/apache/kerby/kerb-admin/1.0.1/kerb-admin-1.0.1.jar:/home/user/.m2/repository/org/apache/kerby/kerb-server/1.0.1/kerb-server-1.0.1.jar:/home/user/.m2/repository/org/apache/kerby/kerb-identity/1.0.1/kerb-identity-1.0.1.jar:/home/user/.m2/repository/org/apache/kerby/kerby-xdr/1.0.1/kerby-xdr-1.0.1.jar:/home/user/.m2/repository/org/slf4j/slf4j-log4j12/1.7.25/slf4j-log4j12-1.7.25.jar:/home/user/.m2/repository/org/apache/hadoop/hadoop-ozone-s3gateway/0.6.0-SNAPSHOT/hadoop-ozone-s3gateway-0.6.0-SNAPSHOT.jar:/home/user/.m2/repository/org/jboss/weld/servlet/weld-servlet/2.4.7.Final/weld-servlet-2.4.7.Final.jar:/home/user/.m2/repository/org/glassfish/jersey/containers/jersey-container-servlet-core/2.27/jersey-container-servlet-core-2.27.jar:/home/user/.m2/repository/org/glassfish/hk2/external/javax.inject/2.5.0-b42/javax.inject-2.5.0-b42.jar:/home/user/.m2/repository/org/glassfish/jersey/core/jersey-common/2.27/jersey-common-2.27.jar:/home/user/.m2/repository/org/glassfish/hk2/osgi-resource-locator/1.0.1/osgi-resource-locator-1.0.1.jar:/home/user/.m2/repository/javax/ws/rs/javax.ws.rs-api/2.1/javax.ws.rs-api-2.1.jar:/home/user/.m2/repository/org/glassfish/jersey/ext/cdi/jersey-cdi1x/2.27/jersey-cdi1x-2.27.jar:/home/user/.m2/repository/org/glassfish/jersey/inject/jersey-hk2/2.27/jersey-hk2-2.27.jar:/home/user/.m2/repository/org/glassfish/hk2/hk2-locator/2.5.0-b42/hk2-locator-2.5.0-b42.jar:/home/user/.m2/repository/org/javassist/javassist/3.22.0-CR2/javassist-3.22.0-CR2.jar:/home/user/.m2/repository/org/glassfish/hk2/hk2-api/2.5.0/hk2-api-2.5.0.jar:/home/user/.m2/repository/org/glassfish/hk2/external/jakarta.inject/2.5.0/jakarta.inject-2.5.0.jar:/home/user/.m2/repository/org/glassfish/hk2/hk2-utils/2.5.0/hk2-utils-2.5.0.jar:/home/user/.m2/repository/jakarta/annotation/jakarta.annotation-api/1.3.4/jakarta.annotation-api-1.3.4.jar:/home/user/.m2/repository/org/glassfish/hk2/external/aopalliance-repackaged/2.5.0/aopalliance-repackaged-2.5.0.jar:/home/user/.m2/repository/com/fasterxml/jackson/dataformat/jackson-dataformat-xml/2.10.3/jackson-dataformat-xml-2.10.3.jar:/home/user/.m2/repository/com/fasterxml/jackson/core/jackson-core/2.10.3/jackson-core-2.10.3.jar:/home/user/.m2/repository/com/fasterxml/jackson/module/jackson-module-jaxb-annotations/2.10.3/jackson-module-jaxb-annotations-2.10.3.jar:/home/user/.m2/repository/jakarta/xml/bind/jakarta.xml.bind-api/2.3.2/jakarta.xml.bind-api-2.3.2.jar:/home/user/.m2/repository/jakarta/activation/jakarta.activation-api/1.2.1/jakarta.activation-api-1.2.1.jar:/home/user/.m2/repository/org/codehaus/woodstox/stax2-api/3.1.4/stax2-api-3.1.4.jar:/home/user/.m2/repository/com/fasterxml/woodstox/woodstox-core/5.0.3/woodstox-core-5.0.3.jar:/home/user/.m2/repository/javax/enterprise/cdi-api/1.2/cdi-api-1.2.jar:/home/user/.m2/repository/javax/el/javax.el-api/3.0.0/javax.el-api-3.0.0.jar:/home/user/.m2/repository/javax/interceptor/javax.interceptor-api/1.2/javax.interceptor-api-1.2.jar:/home/user/.m2/repository/javax/inject/javax.inject/1/javax.inject-1.jar:/home/user/.m2/repository/com/sun/xml/bind/jaxb-impl/2.3.0.1/jaxb-impl-2.3.0.1.jar:/home/user/.m2/repository/com/sun/xml/bind/jaxb-core/2.3.0.1/jaxb-core-2.3.0.1.jar:/home/user/.m2/repository/javax/xml/bind/jaxb-api/2.3.0/jaxb-api-2.3.0.jar:/home/user/.m2/repository/javax/activation/activation/1.1.1/activation-1.1.1.jar:/home/user/.m2/repository/org/apache/hadoop/hadoop-ozone-csi/0.6.0-SNAPSHOT/hadoop-ozone-csi-0.6.0-SNAPSHOT.jar:/home/user/.m2/repository/com/google/protobuf/protobuf-java-util/3.11.0/protobuf-java-util-3.11.0.jar:/home/user/.m2/repository/com/google/code/gson/gson/2.2.4/gson-2.2.4.jar:/home/user/.m2/repository/org/apache/hadoop/hadoop-hdds-config/0.6.0-SNAPSHOT/hadoop-hdds-config-0.6.0-SNAPSHOT.jar:/home/user/.m2/repository/com/google/protobuf/protobuf-java/2.5.0/protobuf-java-2.5.0.jar:/home/user/.m2/repository/io/grpc/grpc-netty/1.29.0/grpc-netty-1.29.0.jar:/home/user/.m2/repository/io/grpc/grpc-core/1.29.0/grpc-core-1.29.0.jar:/home/user/.m2/repository/com/google/android/annotations/4.1.1.4/annotations-4.1.1.4.jar:/home/user/.m2/repository/io/perfmark/perfmark-api/0.19.0/perfmark-api-0.19.0.jar:/home/user/.m2/repository/io/netty/netty-codec-http2/4.1.48.Final/netty-codec-http2-4.1.48.Final.jar:/home/user/.m2/repository/io/netty/netty-codec/4.1.48.Final/netty-codec-4.1.48.Final.jar:/home/user/.m2/repository/io/netty/netty-handler/4.1.48.Final/netty-handler-4.1.48.Final.jar:/home/user/.m2/repository/io/netty/netty-codec-http/4.1.48.Final/netty-codec-http-4.1.48.Final.jar:/home/user/.m2/repository/io/netty/netty-handler-proxy/4.1.48.Final/netty-handler-proxy-4.1.48.Final.jar:/home/user/.m2/repository/io/netty/netty-codec-socks/4.1.48.Final/netty-codec-socks-4.1.48.Final.jar:/home/user/.m2/repository/io/netty/netty-transport-native-epoll/4.1.48.Final/netty-transport-native-epoll-4.1.48.Final.jar:/home/user/.m2/repository/io/netty/netty-common/4.1.48.Final/netty-common-4.1.48.Final.jar:/home/user/.m2/repository/io/netty/netty-buffer/4.1.48.Final/netty-buffer-4.1.48.Final.jar:/home/user/.m2/repository/io/netty/netty-transport/4.1.48.Final/netty-transport-4.1.48.Final.jar:/home/user/.m2/repository/io/netty/netty-resolver/4.1.48.Final/netty-resolver-4.1.48.Final.jar:/home/user/.m2/repository/io/netty/netty-transport-native-unix-common/4.1.48.Final/netty-transport-native-unix-common-4.1.48.Final.jar:/home/user/.m2/repository/io/grpc/grpc-protobuf/1.29.0/grpc-protobuf-1.29.0.jar:/home/user/.m2/repository/io/grpc/grpc-api/1.29.0/grpc-api-1.29.0.jar:/home/user/.m2/repository/io/grpc/grpc-context/1.29.0/grpc-context-1.29.0.jar:/home/user/.m2/repository/org/codehaus/mojo/animal-sniffer-annotations/1.18/animal-sniffer-annotations-1.18.jar:/home/user/.m2/repository/com/google/api/grpc/proto-google-common-protos/1.17.0/proto-google-common-protos-1.17.0.jar:/home/user/.m2/repository/io/grpc/grpc-protobuf-lite/1.29.0/grpc-protobuf-lite-1.29.0.jar:/home/user/.m2/repository/io/grpc/grpc-stub/1.29.0/grpc-stub-1.29.0.jar:/home/user/.m2/repository/org/apache/hadoop/hadoop-ozone-recon/0.6.0-SNAPSHOT/hadoop-ozone-recon-0.6.0-SNAPSHOT.jar:/home/user/.m2/repository/org/apache/hadoop/hadoop-ozone-reconcodegen/0.6.0-SNAPSHOT/hadoop-ozone-reconcodegen-0.6.0-SNAPSHOT.jar:/home/user/.m2/repository/com/google/inject/extensions/guice-multibindings/4.0/guice-multibindings-4.0.jar:/home/user/.m2/repository/com/google/inject/guice/4.0/guice-4.0.jar:/home/user/.m2/repository/aopalliance/aopalliance/1.0/aopalliance-1.0.jar:/home/user/.m2/repository/com/google/inject/extensions/guice-assistedinject/4.0/guice-assistedinject-4.0.jar:/home/user/.m2/repository/com/google/inject/extensions/guice-servlet/4.0/guice-servlet-4.0.jar:/home/user/.m2/repository/org/glassfish/jersey/containers/jersey-container-servlet/2.27/jersey-container-servlet-2.27.jar:/home/user/.m2/repository/org/glassfish/hk2/guice-bridge/2.5.0/guice-bridge-2.5.0.jar:/home/user/.m2/repository/org/glassfish/jersey/core/jersey-server/2.27/jersey-server-2.27.jar:/home/user/.m2/repository/org/glassfish/jersey/core/jersey-client/2.27/jersey-client-2.27.jar:/home/user/.m2/repository/org/glassfish/jersey/media/jersey-media-jaxb/2.27/jersey-media-jaxb-2.27.jar:/home/user/.m2/repository/javax/validation/validation-api/1.1.0.Final/validation-api-1.1.0.Final.jar:/home/user/.m2/repository/org/glassfish/jersey/media/jersey-media-json-jackson/2.27/jersey-media-json-jackson-2.27.jar:/home/user/.m2/repository/org/glassfish/jersey/ext/jersey-entity-filtering/2.27/jersey-entity-filtering-2.27.jar:/home/user/.m2/repository/org/jooq/jooq/3.11.10/jooq-3.11.10.jar:/home/user/.m2/repository/org/jooq/jooq-meta/3.11.10/jooq-meta-3.11.10.jar:/home/user/.m2/repository/org/jooq/jooq-codegen/3.11.10/jooq-codegen-3.11.10.jar:/home/user/.m2/repository/com/jolbox/bonecp/0.8.0.RELEASE/bonecp-0.8.0.RELEASE.jar:/home/user/.m2/repository/org/apache/derby/derby/10.14.2.0/derby-10.14.2.0.jar:/home/user/.m2/repository/org/xerial/sqlite-jdbc/3.25.2/sqlite-jdbc-3.25.2.jar:/home/user/.m2/repository/org/springframework/spring-jdbc/5.2.5.RELEASE/spring-jdbc-5.2.5.RELEASE.jar:/home/user/.m2/repository/org/springframework/spring-beans/5.2.5.RELEASE/spring-beans-5.2.5.RELEASE.jar:/home/user/.m2/repository/org/springframework/spring-core/5.2.5.RELEASE/spring-core-5.2.5.RELEASE.jar:/home/user/.m2/repository/org/springframework/spring-jcl/5.2.5.RELEASE/spring-jcl-5.2.5.RELEASE.jar:/home/user/.m2/repository/org/springframework/spring-tx/5.2.5.RELEASE/spring-tx-5.2.5.RELEASE.jar:/home/user/.m2/repository/org/apache/hadoop/hadoop-ozone-client/0.6.0-SNAPSHOT/hadoop-ozone-client-0.6.0-SNAPSHOT.jar:/home/user/.m2/repository/org/apache/hadoop/hadoop-ozone-filesystem/0.6.0-SNAPSHOT/hadoop-ozone-filesystem-0.6.0-SNAPSHOT.jar:/home/user/.m2/repository/org/apache/hadoop/hadoop-hdds-hadoop-dependency-client/0.6.0-SNAPSHOT/hadoop-hdds-hadoop-dependency-client-0.6.0-SNAPSHOT.jar:/home/user/.m2/repository/org/apache/hadoop/hadoop-ozone-tools/0.6.0-SNAPSHOT/hadoop-ozone-tools-0.6.0-SNAPSHOT.jar:/home/user/.m2/repository/org/apache/hadoop/hadoop-hdfs/3.2.1/hadoop-hdfs-3.2.1.jar:/home/user/.m2/repository/org/apache/ratis/ratis-tools/0.6.0-cac3336-SNAPSHOT/ratis-tools-0.6.0-cac3336-SNAPSHOT.jar:/home/user/.m2/repository/org/apache/ratis/ratis-proto/0.6.0-cac3336-SNAPSHOT/ratis-proto-0.6.0-cac3336-SNAPSHOT.jar:/home/user/.m2/repository/org/apache/ratis/ratis-common/0.6.0-cac3336-SNAPSHOT/ratis-common-0.6.0-cac3336-SNAPSHOT.jar:/home/user/.m2/repository/com/amazonaws/aws-java-sdk-core/1.11.615/aws-java-sdk-core-1.11.615.jar:/home/user/.m2/repository/org/apache/httpcomponents/httpclient/4.5.2/httpclient-4.5.2.jar:/home/user/.m2/repository/org/apache/httpcomponents/httpcore/4.4.4/httpcore-4.4.4.jar:/home/user/.m2/repository/software/amazon/ion/ion-java/1.0.2/ion-java-1.0.2.jar:/home/user/.m2/repository/com/fasterxml/jackson/dataformat/jackson-dataformat-cbor/2.10.3/jackson-dataformat-cbor-2.10.3.jar:/home/user/.m2/repository/joda-time/joda-time/2.8.1/joda-time-2.8.1.jar:/home/user/.m2/repository/com/amazonaws/aws-java-sdk-s3/1.11.615/aws-java-sdk-s3-1.11.615.jar:/home/user/.m2/repository/com/amazonaws/aws-java-sdk-kms/1.11.615/aws-java-sdk-kms-1.11.615.jar:/home/user/.m2/repository/com/amazonaws/jmespath-java/1.11.615/jmespath-java-1.11.615.jar:/home/user/.m2/repository/org/apache/hadoop/hadoop-hdds-tools/0.6.0-SNAPSHOT/hadoop-hdds-tools-0.6.0-SNAPSHOT.jar:/home/user/.m2/repository/commons-cli/commons-cli/1.2/commons-cli-1.2.jar:/home/user/.m2/repository/org/apache/commons/commons-lang3/3.7/commons-lang3-3.7.jar:/home/user/.m2/repository/org/apache/hadoop/hadoop-ozone-ozone-manager/0.6.0-SNAPSHOT/hadoop-ozone-ozone-manager-0.6.0-SNAPSHOT-tests.jar:/home/user/.m2/repository/junit/junit/4.11/junit-4.11.jar:/home/user/.m2/repository/org/hamcrest/hamcrest-core/1.3/hamcrest-core-1.3.jar:/home/user/.m2/repository/org/openjdk/jmh/jmh-core/1.19/jmh-core-1.19.jar:/home/user/.m2/repository/net/sf/jopt-simple/jopt-simple/4.6/jopt-simple-4.6.jar:/home/user/.m2/repository/org/apache/commons/commons-math3/3.1.1/commons-math3-3.1.1.jar:/home/user/.m2/repository/org/openjdk/jmh/jmh-generator-annprocess/1.19/jmh-generator-annprocess-1.19.jar:/home/user/.m2/repository/org/mockito/mockito-all/1.8.5/mockito-all-1.8.5.jar:/home/user/.m2/repository/org/apache/hadoop/hadoop-kms/3.2.1/hadoop-kms-3.2.1.jar:/home/user/.m2/repository/org/apache/hadoop/hadoop-auth/3.2.1/hadoop-auth-3.2.1.jar:/home/user/.m2/repository/com/nimbusds/nimbus-jose-jwt/7.9/nimbus-jose-jwt-7.9.jar:/home/user/.m2/repository/com/github/stephenc/jcip/jcip-annotations/1.0-1/jcip-annotations-1.0-1.jar:/home/user/.m2/repository/net/minidev/json-smart/2.3/json-smart-2.3.jar:/home/user/.m2/repository/net/minidev/accessors-smart/1.2/accessors-smart-1.2.jar:/home/user/.m2/repository/org/ow2/asm/asm/5.0.4/asm-5.0.4.jar:/home/user/.m2/repository/org/apache/zookeeper/zookeeper/3.4.13/zookeeper-3.4.13.jar:/home/user/.m2/repository/org/apache/yetus/audience-annotations/0.5.0/audience-annotations-0.5.0.jar:/home/user/.m2/repository/org/apache/curator/curator-framework/2.13.0/curator-framework-2.13.0.jar:/home/user/.m2/repository/com/sun/jersey/jersey-core/1.19/jersey-core-1.19.jar:/home/user/.m2/repository/javax/ws/rs/jsr311-api/1.1.1/jsr311-api-1.1.1.jar:/home/user/.m2/repository/com/sun/jersey/jersey-server/1.19/jersey-server-1.19.jar:/home/user/.m2/repository/javax/servlet/javax.servlet-api/3.1.0/javax.servlet-api-3.1.0.jar:/home/user/.m2/repository/org/eclipse/jetty/jetty-server/9.4.26.v20200117/jetty-server-9.4.26.v20200117.jar:/home/user/.m2/repository/org/eclipse/jetty/jetty-http/9.4.26.v20200117/jetty-http-9.4.26.v20200117.jar:/home/user/.m2/repository/org/eclipse/jetty/jetty-io/9.4.26.v20200117/jetty-io-9.4.26.v20200117.jar:/home/user/.m2/repository/org/eclipse/jetty/jetty-webapp/9.4.26.v20200117/jetty-webapp-9.4.26.v20200117.jar:/home/user/.m2/repository/org/eclipse/jetty/jetty-xml/9.4.26.v20200117/jetty-xml-9.4.26.v20200117.jar:/home/user/.m2/repository/org/eclipse/jetty/jetty-servlet/9.4.26.v20200117/jetty-servlet-9.4.26.v20200117.jar:/home/user/.m2/repository/org/eclipse/jetty/jetty-security/9.4.26.v20200117/jetty-security-9.4.26.v20200117.jar:/home/user/.m2/repository/org/apache/hadoop/hadoop-common/3.2.1/hadoop-common-3.2.1.jar:/home/user/.m2/repository/commons-net/commons-net/3.6/commons-net-3.6.jar:/home/user/.m2/repository/commons-collections/commons-collections/3.2.2/commons-collections-3.2.2.jar:/home/user/.m2/repository/com/sun/jersey/jersey-servlet/1.19/jersey-servlet-1.19.jar:/home/user/.m2/repository/com/sun/jersey/jersey-json/1.19/jersey-json-1.19.jar:/home/user/.m2/repository/org/codehaus/jettison/jettison/1.1/jettison-1.1.jar:/home/user/.m2/repository/org/codehaus/jackson/jackson-jaxrs/1.9.2/jackson-jaxrs-1.9.2.jar:/home/user/.m2/repository/org/codehaus/jackson/jackson-xc/1.9.2/jackson-xc-1.9.2.jar:/home/user/.m2/repository/commons-beanutils/commons-beanutils/1.9.4/commons-beanutils-1.9.4.jar:/home/user/.m2/repository/org/apache/commons/commons-configuration2/2.1.1/commons-configuration2-2.1.1.jar:/home/user/.m2/repository/org/apache/commons/commons-text/1.4/commons-text-1.4.jar:/home/user/.m2/repository/com/google/re2j/re2j/1.1/re2j-1.1.jar:/home/user/.m2/repository/com/jcraft/jsch/0.1.54/jsch-0.1.54.jar:/home/user/.m2/repository/org/apache/curator/curator-client/2.13.0/curator-client-2.13.0.jar:/home/user/.m2/repository/org/apache/curator/curator-recipes/2.13.0/curator-recipes-2.13.0.jar:/home/user/.m2/repository/dnsjava/dnsjava/2.1.7/dnsjava-2.1.7.jar:/home/user/.m2/repository/org/slf4j/jul-to-slf4j/1.7.25/jul-to-slf4j-1.7.25.jar:/home/user/.m2/repository/org/eclipse/jetty/jetty-util/9.4.26.v20200117/jetty-util-9.4.26.v20200117.jar:/home/user/.m2/repository/com/fasterxml/jackson/core/jackson-databind/2.10.3/jackson-databind-2.10.3.jar:/home/user/.m2/repository/org/apache/hadoop/hadoop-kms/3.2.1/hadoop-kms-3.2.1-tests.jar:/home/user/.m2/repository/org/apache/hadoop/hadoop-hdds-server-scm/0.6.0-SNAPSHOT/hadoop-hdds-server-scm-0.6.0-SNAPSHOT-tests.jar:/home/user/.m2/repository/org/apache/hadoop/hadoop-hdds-container-service/0.6.0-SNAPSHOT/hadoop-hdds-container-service-0.6.0-SNAPSHOT-tests.jar:/home/user/.m2/repository/org/apache/hadoop/hadoop-hdds-common/0.6.0-SNAPSHOT/hadoop-hdds-common-0.6.0-SNAPSHOT-tests.jar:/home/user/.m2/repository/org/yaml/snakeyaml/1.16/snakeyaml-1.16.jar:/home/user/.m2/repository/org/apache/hadoop/hadoop-hdds-hadoop-dependency-test/0.6.0-SNAPSHOT/hadoop-hdds-hadoop-dependency-test-0.6.0-SNAPSHOT.jar:/home/user/.m2/repository/org/apache/hadoop/hadoop-common/3.2.1/hadoop-common-3.2.1-tests.jar:/home/user/.m2/repository/javax/servlet/jsp/jsp-api/2.1/jsp-api-2.1.jar:/home/user/.m2/repository/org/apache/hadoop/hadoop-hdfs/3.2.1/hadoop-hdfs-3.2.1-tests.jar:/home/user/.m2/repository/org/eclipse/jetty/jetty-util-ajax/9.4.26.v20200117/jetty-util-ajax-9.4.26.v20200117.jar:/home/user/.m2/repository/commons-codec/commons-codec/1.11/commons-codec-1.11.jar:/home/user/.m2/repository/commons-daemon/commons-daemon/1.0.13/commons-daemon-1.0.13.jar:/home/user/.m2/repository/io/netty/netty/3.10.5.Final/netty-3.10.5.Final.jar:/home/user/.m2/repository/io/netty/netty-all/4.1.48.Final/netty-all-4.1.48.Final.jar:/home/user/.m2/repository/org/apache/htrace/htrace-core4/4.1.0-incubating/htrace-core4-4.1.0-incubating.jar:/home/user/.m2/repository/org/fusesource/leveldbjni/leveldbjni-all/1.8/leveldbjni-all-1.8.jar:/home/user/.m2/repository/org/apache/hadoop/hadoop-distcp/3.2.1/hadoop-distcp-3.2.1.jar:/home/user/.m2/repository/org/apache/hadoop/hadoop-mapreduce-client-jobclient/3.2.1/hadoop-mapreduce-client-jobclient-3.2.1.jar:/home/user/.m2/repository/org/apache/hadoop/hadoop-mapreduce-client-common/3.2.1/hadoop-mapreduce-client-common-3.2.1.jar:/home/user/.m2/repository/org/apache/hadoop/hadoop-yarn-common/3.2.1/hadoop-yarn-common-3.2.1.jar:/home/user/.m2/repository/org/apache/hadoop/hadoop-yarn-api/3.2.1/hadoop-yarn-api-3.2.1.jar:/home/user/.m2/repository/com/sun/jersey/jersey-client/1.19/jersey-client-1.19.jar:/home/user/.m2/repository/com/sun/jersey/contribs/jersey-guice/1.19/jersey-guice-1.19.jar:/home/user/.m2/repository/com/fasterxml/jackson/jaxrs/jackson-jaxrs-json-provider/2.10.3/jackson-jaxrs-json-provider-2.10.3.jar:/home/user/.m2/repository/com/fasterxml/jackson/jaxrs/jackson-jaxrs-base/2.10.3/jackson-jaxrs-base-2.10.3.jar:/home/user/.m2/repository/org/apache/hadoop/hadoop-yarn-client/3.2.1/hadoop-yarn-client-3.2.1.jar:/home/user/.m2/repository/org/apache/hadoop/hadoop-mapreduce-client-core/3.2.1/hadoop-mapreduce-client-core-3.2.1.jar:/home/user/.m2/repository/org/apache/avro/avro/1.7.7/avro-1.7.7.jar:/home/user/.m2/repository/org/codehaus/jackson/jackson-core-asl/1.9.13/jackson-core-asl-1.9.13.jar:/home/user/.m2/repository/org/codehaus/jackson/jackson-mapper-asl/1.9.13/jackson-mapper-asl-1.9.13.jar:/home/user/.m2/repository/com/thoughtworks/paranamer/paranamer/2.3/paranamer-2.3.jar:/home/user/.m2/repository/org/xerial/snappy/snappy-java/1.0.5/snappy-java-1.0.5.jar:/home/user/.m2/repository/org/apache/hadoop/hadoop-annotations/3.2.1/hadoop-annotations-3.2.1.jar:/usr/lib/jvm/java-1.8.0-openjdk-1.8.0.232.b09-0.el7_7.x86_64/jre/../lib/tools.jar:/home/user/.m2/repository/org/apache/hadoop/hadoop-distcp/3.2.1/hadoop-distcp-3.2.1-tests.jar:"/>
    <property name="java.vm.vendor" value="Oracle Corporation"/>
    <property name="sun.arch.data.model" value="64"/>
    <property name="test.build.dir" value="/github/workspace/mnt/ozone/hadoop-ozone/integration-test/target/test-dir"/>
    <property name="test.cache.data" value=""/>
    <property name="java.vendor.url" value="http://java.oracle.com/"/>
    <property name="user.timezone" value=""/>
    <property name="java.vm.specification.version" value="1.8"/>
    <property name="os.name" value="Linux"/>
    <property name="test.build.data" value="/github/workspace/mnt/ozone/hadoop-ozone/integration-test/target/test-dir"/>
    <property name="user.country" value="US"/>
    <property name="sun.java.launcher" value="SUN_STANDARD"/>
    <property name="sun.boot.library.path" value="/usr/lib/jvm/java-1.8.0-openjdk-1.8.0.232.b09-0.el7_7.x86_64/jre/lib/amd64"/>
    <property name="sun.java.command" value="/github/workspace/mnt/ozone/hadoop-ozone/integration-test/target/surefire/surefirebooter1707814672232871775.jar /github/workspace/mnt/ozone/hadoop-ozone/integration-test/target/surefire 2020-06-02T21-19-43_058-jvmRun1 surefire797941079337328830tmp surefire_143844474637970773372tmp"/>
    <property name="surefire.test.class.path" value="/github/workspace/mnt/ozone/hadoop-ozone/integration-test/target/test-classes:/github/workspace/mnt/ozone/hadoop-ozone/integration-test/target/classes:/home/user/.m2/repository/org/apache/hadoop/hadoop-ozone-common/0.6.0-SNAPSHOT/hadoop-ozone-common-0.6.0-SNAPSHOT.jar:/home/user/.m2/repository/org/apache/commons/commons-compress/1.4.1/commons-compress-1.4.1.jar:/home/user/.m2/repository/org/tukaani/xz/1.0/xz-1.0.jar:/home/user/.m2/repository/org/apache/hadoop/hadoop-hdds-common/0.6.0-SNAPSHOT/hadoop-hdds-common-0.6.0-SNAPSHOT.jar:/home/user/.m2/repository/info/picocli/picocli/3.9.6/picocli-3.9.6.jar:/home/user/.m2/repository/com/fasterxml/jackson/core/jackson-annotations/2.10.3/jackson-annotations-2.10.3.jar:/home/user/.m2/repository/javax/annotation/javax.annotation-api/1.2/javax.annotation-api-1.2.jar:/home/user/.m2/repository/org/apache/ratis/ratis-server/0.6.0-cac3336-SNAPSHOT/ratis-server-0.6.0-cac3336-SNAPSHOT.jar:/home/user/.m2/repository/org/apache/ratis/ratis-thirdparty-misc/0.4.0/ratis-thirdparty-misc-0.4.0.jar:/home/user/.m2/repository/org/apache/ratis/ratis-client/0.6.0-cac3336-SNAPSHOT/ratis-client-0.6.0-cac3336-SNAPSHOT.jar:/home/user/.m2/repository/org/apache/ratis/ratis-metrics/0.6.0-cac3336-SNAPSHOT/ratis-metrics-0.6.0-cac3336-SNAPSHOT.jar:/home/user/.m2/repository/org/apache/ratis/ratis-netty/0.6.0-cac3336-SNAPSHOT/ratis-netty-0.6.0-cac3336-SNAPSHOT.jar:/home/user/.m2/repository/org/apache/ratis/ratis-grpc/0.6.0-cac3336-SNAPSHOT/ratis-grpc-0.6.0-cac3336-SNAPSHOT.jar:/home/user/.m2/repository/org/apache/logging/log4j/log4j-api/2.11.0/log4j-api-2.11.0.jar:/home/user/.m2/repository/org/apache/logging/log4j/log4j-core/2.11.0/log4j-core-2.11.0.jar:/home/user/.m2/repository/com/lmax/disruptor/3.4.2/disruptor-3.4.2.jar:/home/user/.m2/repository/org/apache/commons/commons-pool2/2.6.0/commons-pool2-2.6.0.jar:/home/user/.m2/repository/org/bouncycastle/bcpkix-jdk15on/1.60/bcpkix-jdk15on-1.60.jar:/home/user/.m2/repository/commons-validator/commons-validator/1.6/commons-validator-1.6.jar:/home/user/.m2/repository/commons-digester/commons-digester/1.8.1/commons-digester-1.8.1.jar:/home/user/.m2/repository/io/jaegertracing/jaeger-client/1.2.0/jaeger-client-1.2.0.jar:/home/user/.m2/repository/io/jaegertracing/jaeger-thrift/1.2.0/jaeger-thrift-1.2.0.jar:/home/user/.m2/repository/org/apache/thrift/libthrift/0.13.0/libthrift-0.13.0.jar:/home/user/.m2/repository/com/squareup/okhttp3/okhttp/4.2.2/okhttp-4.2.2.jar:/home/user/.m2/repository/com/squareup/okio/okio/2.2.2/okio-2.2.2.jar:/home/user/.m2/repository/org/jetbrains/kotlin/kotlin-stdlib/1.3.50/kotlin-stdlib-1.3.50.jar:/home/user/.m2/repository/org/jetbrains/kotlin/kotlin-stdlib-common/1.3.50/kotlin-stdlib-common-1.3.50.jar:/home/user/.m2/repository/org/jetbrains/annotations/13.0/annotations-13.0.jar:/home/user/.m2/repository/io/jaegertracing/jaeger-core/1.2.0/jaeger-core-1.2.0.jar:/home/user/.m2/repository/io/jaegertracing/jaeger-tracerresolver/1.2.0/jaeger-tracerresolver-1.2.0.jar:/home/user/.m2/repository/io/opentracing/contrib/opentracing-tracerresolver/0.1.8/opentracing-tracerresolver-0.1.8.jar:/home/user/.m2/repository/io/opentracing/opentracing-util/0.33.0/opentracing-util-0.33.0.jar:/home/user/.m2/repository/io/opentracing/opentracing-api/0.33.0/opentracing-api-0.33.0.jar:/home/user/.m2/repository/io/opentracing/opentracing-noop/0.33.0/opentracing-noop-0.33.0.jar:/home/user/.m2/repository/org/apache/hadoop/hadoop-hdds-client/0.6.0-SNAPSHOT/hadoop-hdds-client-0.6.0-SNAPSHOT.jar:/home/user/.m2/repository/org/apache/hadoop/hadoop-hdds-test-utils/0.6.0-SNAPSHOT/hadoop-hdds-test-utils-0.6.0-SNAPSHOT.jar:/home/user/.m2/repository/com/google/guava/guava/28.2-jre/guava-28.2-jre.jar:/home/user/.m2/repository/com/google/guava/failureaccess/1.0.1/failureaccess-1.0.1.jar:/home/user/.m2/repository/com/google/guava/listenablefuture/9999.0-empty-to-avoid-conflict-with-guava/listenablefuture-9999.0-empty-to-avoid-conflict-with-guava.jar:/home/user/.m2/repository/com/google/code/findbugs/jsr305/3.0.0/jsr305-3.0.0.jar:/home/user/.m2/repository/org/checkerframework/checker-qual/2.10.0/checker-qual-2.10.0.jar:/home/user/.m2/repository/com/google/errorprone/error_prone_annotations/2.2.0/error_prone_annotations-2.2.0.jar:/home/user/.m2/repository/com/google/j2objc/j2objc-annotations/1.3/j2objc-annotations-1.3.jar:/home/user/.m2/repository/commons-io/commons-io/2.5/commons-io-2.5.jar:/home/user/.m2/repository/commons-logging/commons-logging/1.2/commons-logging-1.2.jar:/home/user/.m2/repository/log4j/log4j/1.2.17/log4j-1.2.17.jar:/home/user/.m2/repository/org/slf4j/slf4j-api/1.7.25/slf4j-api-1.7.25.jar:/home/user/.m2/repository/org/apache/hadoop/hadoop-hdds-server-scm/0.6.0-SNAPSHOT/hadoop-hdds-server-scm-0.6.0-SNAPSHOT.jar:/home/user/.m2/repository/org/apache/hadoop/hadoop-hdds-container-service/0.6.0-SNAPSHOT/hadoop-hdds-container-service-0.6.0-SNAPSHOT.jar:/home/user/.m2/repository/org/apache/hadoop/hadoop-hdds-hadoop-dependency-server/0.6.0-SNAPSHOT/hadoop-hdds-hadoop-dependency-server-0.6.0-SNAPSHOT.jar:/home/user/.m2/repository/org/apache/hadoop/hadoop-hdds-server-framework/0.6.0-SNAPSHOT/hadoop-hdds-server-framework-0.6.0-SNAPSHOT.jar:/home/user/.m2/repository/org/rocksdb/rocksdbjni/6.6.4/rocksdbjni-6.6.4.jar:/home/user/.m2/repository/io/prometheus/simpleclient_dropwizard/0.7.0/simpleclient_dropwizard-0.7.0.jar:/home/user/.m2/repository/io/prometheus/simpleclient/0.7.0/simpleclient-0.7.0.jar:/home/user/.m2/repository/io/prometheus/simpleclient_common/0.7.0/simpleclient_common-0.7.0.jar:/home/user/.m2/repository/com/fasterxml/jackson/datatype/jackson-datatype-jsr310/2.10.3/jackson-datatype-jsr310-2.10.3.jar:/home/user/.m2/repository/org/apache/hadoop/hadoop-hdds-docs/0.6.0-SNAPSHOT/hadoop-hdds-docs-0.6.0-SNAPSHOT.jar:/home/user/.m2/repository/io/dropwizard/metrics/metrics-core/3.2.4/metrics-core-3.2.4.jar:/home/user/.m2/repository/org/apache/hadoop/hadoop-hdfs-client/3.2.1/hadoop-hdfs-client-3.2.1.jar:/home/user/.m2/repository/org/bouncycastle/bcprov-jdk15on/1.60/bcprov-jdk15on-1.60.jar:/home/user/.m2/repository/org/apache/hadoop/hadoop-ozone-ozone-manager/0.6.0-SNAPSHOT/hadoop-ozone-ozone-manager-0.6.0-SNAPSHOT.jar:/home/user/.m2/repository/org/apache/hadoop/hadoop-minikdc/3.2.1/hadoop-minikdc-3.2.1.jar:/home/user/.m2/repository/org/apache/kerby/kerb-simplekdc/1.0.1/kerb-simplekdc-1.0.1.jar:/home/user/.m2/repository/org/apache/kerby/kerb-client/1.0.1/kerb-client-1.0.1.jar:/home/user/.m2/repository/org/apache/kerby/kerby-config/1.0.1/kerby-config-1.0.1.jar:/home/user/.m2/repository/org/apache/kerby/kerb-core/1.0.1/kerb-core-1.0.1.jar:/home/user/.m2/repository/org/apache/kerby/kerby-pkix/1.0.1/kerby-pkix-1.0.1.jar:/home/user/.m2/repository/org/apache/kerby/kerby-asn1/1.0.1/kerby-asn1-1.0.1.jar:/home/user/.m2/repository/org/apache/kerby/kerby-util/1.0.1/kerby-util-1.0.1.jar:/home/user/.m2/repository/org/apache/kerby/kerb-common/1.0.1/kerb-common-1.0.1.jar:/home/user/.m2/repository/org/apache/kerby/kerb-crypto/1.0.1/kerb-crypto-1.0.1.jar:/home/user/.m2/repository/org/apache/kerby/kerb-util/1.0.1/kerb-util-1.0.1.jar:/home/user/.m2/repository/org/apache/kerby/token-provider/1.0.1/token-provider-1.0.1.jar:/home/user/.m2/repository/org/apache/kerby/kerb-admin/1.0.1/kerb-admin-1.0.1.jar:/home/user/.m2/repository/org/apache/kerby/kerb-server/1.0.1/kerb-server-1.0.1.jar:/home/user/.m2/repository/org/apache/kerby/kerb-identity/1.0.1/kerb-identity-1.0.1.jar:/home/user/.m2/repository/org/apache/kerby/kerby-xdr/1.0.1/kerby-xdr-1.0.1.jar:/home/user/.m2/repository/org/slf4j/slf4j-log4j12/1.7.25/slf4j-log4j12-1.7.25.jar:/home/user/.m2/repository/org/apache/hadoop/hadoop-ozone-s3gateway/0.6.0-SNAPSHOT/hadoop-ozone-s3gateway-0.6.0-SNAPSHOT.jar:/home/user/.m2/repository/org/jboss/weld/servlet/weld-servlet/2.4.7.Final/weld-servlet-2.4.7.Final.jar:/home/user/.m2/repository/org/glassfish/jersey/containers/jersey-container-servlet-core/2.27/jersey-container-servlet-core-2.27.jar:/home/user/.m2/repository/org/glassfish/hk2/external/javax.inject/2.5.0-b42/javax.inject-2.5.0-b42.jar:/home/user/.m2/repository/org/glassfish/jersey/core/jersey-common/2.27/jersey-common-2.27.jar:/home/user/.m2/repository/org/glassfish/hk2/osgi-resource-locator/1.0.1/osgi-resource-locator-1.0.1.jar:/home/user/.m2/repository/javax/ws/rs/javax.ws.rs-api/2.1/javax.ws.rs-api-2.1.jar:/home/user/.m2/repository/org/glassfish/jersey/ext/cdi/jersey-cdi1x/2.27/jersey-cdi1x-2.27.jar:/home/user/.m2/repository/org/glassfish/jersey/inject/jersey-hk2/2.27/jersey-hk2-2.27.jar:/home/user/.m2/repository/org/glassfish/hk2/hk2-locator/2.5.0-b42/hk2-locator-2.5.0-b42.jar:/home/user/.m2/repository/org/javassist/javassist/3.22.0-CR2/javassist-3.22.0-CR2.jar:/home/user/.m2/repository/org/glassfish/hk2/hk2-api/2.5.0/hk2-api-2.5.0.jar:/home/user/.m2/repository/org/glassfish/hk2/external/jakarta.inject/2.5.0/jakarta.inject-2.5.0.jar:/home/user/.m2/repository/org/glassfish/hk2/hk2-utils/2.5.0/hk2-utils-2.5.0.jar:/home/user/.m2/repository/jakarta/annotation/jakarta.annotation-api/1.3.4/jakarta.annotation-api-1.3.4.jar:/home/user/.m2/repository/org/glassfish/hk2/external/aopalliance-repackaged/2.5.0/aopalliance-repackaged-2.5.0.jar:/home/user/.m2/repository/com/fasterxml/jackson/dataformat/jackson-dataformat-xml/2.10.3/jackson-dataformat-xml-2.10.3.jar:/home/user/.m2/repository/com/fasterxml/jackson/core/jackson-core/2.10.3/jackson-core-2.10.3.jar:/home/user/.m2/repository/com/fasterxml/jackson/module/jackson-module-jaxb-annotations/2.10.3/jackson-module-jaxb-annotations-2.10.3.jar:/home/user/.m2/repository/jakarta/xml/bind/jakarta.xml.bind-api/2.3.2/jakarta.xml.bind-api-2.3.2.jar:/home/user/.m2/repository/jakarta/activation/jakarta.activation-api/1.2.1/jakarta.activation-api-1.2.1.jar:/home/user/.m2/repository/org/codehaus/woodstox/stax2-api/3.1.4/stax2-api-3.1.4.jar:/home/user/.m2/repository/com/fasterxml/woodstox/woodstox-core/5.0.3/woodstox-core-5.0.3.jar:/home/user/.m2/repository/javax/enterprise/cdi-api/1.2/cdi-api-1.2.jar:/home/user/.m2/repository/javax/el/javax.el-api/3.0.0/javax.el-api-3.0.0.jar:/home/user/.m2/repository/javax/interceptor/javax.interceptor-api/1.2/javax.interceptor-api-1.2.jar:/home/user/.m2/repository/javax/inject/javax.inject/1/javax.inject-1.jar:/home/user/.m2/repository/com/sun/xml/bind/jaxb-impl/2.3.0.1/jaxb-impl-2.3.0.1.jar:/home/user/.m2/repository/com/sun/xml/bind/jaxb-core/2.3.0.1/jaxb-core-2.3.0.1.jar:/home/user/.m2/repository/javax/xml/bind/jaxb-api/2.3.0/jaxb-api-2.3.0.jar:/home/user/.m2/repository/javax/activation/activation/1.1.1/activation-1.1.1.jar:/home/user/.m2/repository/org/apache/hadoop/hadoop-ozone-csi/0.6.0-SNAPSHOT/hadoop-ozone-csi-0.6.0-SNAPSHOT.jar:/home/user/.m2/repository/com/google/protobuf/protobuf-java-util/3.11.0/protobuf-java-util-3.11.0.jar:/home/user/.m2/repository/com/google/code/gson/gson/2.2.4/gson-2.2.4.jar:/home/user/.m2/repository/org/apache/hadoop/hadoop-hdds-config/0.6.0-SNAPSHOT/hadoop-hdds-config-0.6.0-SNAPSHOT.jar:/home/user/.m2/repository/com/google/protobuf/protobuf-java/2.5.0/protobuf-java-2.5.0.jar:/home/user/.m2/repository/io/grpc/grpc-netty/1.29.0/grpc-netty-1.29.0.jar:/home/user/.m2/repository/io/grpc/grpc-core/1.29.0/grpc-core-1.29.0.jar:/home/user/.m2/repository/com/google/android/annotations/4.1.1.4/annotations-4.1.1.4.jar:/home/user/.m2/repository/io/perfmark/perfmark-api/0.19.0/perfmark-api-0.19.0.jar:/home/user/.m2/repository/io/netty/netty-codec-http2/4.1.48.Final/netty-codec-http2-4.1.48.Final.jar:/home/user/.m2/repository/io/netty/netty-codec/4.1.48.Final/netty-codec-4.1.48.Final.jar:/home/user/.m2/repository/io/netty/netty-handler/4.1.48.Final/netty-handler-4.1.48.Final.jar:/home/user/.m2/repository/io/netty/netty-codec-http/4.1.48.Final/netty-codec-http-4.1.48.Final.jar:/home/user/.m2/repository/io/netty/netty-handler-proxy/4.1.48.Final/netty-handler-proxy-4.1.48.Final.jar:/home/user/.m2/repository/io/netty/netty-codec-socks/4.1.48.Final/netty-codec-socks-4.1.48.Final.jar:/home/user/.m2/repository/io/netty/netty-transport-native-epoll/4.1.48.Final/netty-transport-native-epoll-4.1.48.Final.jar:/home/user/.m2/repository/io/netty/netty-common/4.1.48.Final/netty-common-4.1.48.Final.jar:/home/user/.m2/repository/io/netty/netty-buffer/4.1.48.Final/netty-buffer-4.1.48.Final.jar:/home/user/.m2/repository/io/netty/netty-transport/4.1.48.Final/netty-transport-4.1.48.Final.jar:/home/user/.m2/repository/io/netty/netty-resolver/4.1.48.Final/netty-resolver-4.1.48.Final.jar:/home/user/.m2/repository/io/netty/netty-transport-native-unix-common/4.1.48.Final/netty-transport-native-unix-common-4.1.48.Final.jar:/home/user/.m2/repository/io/grpc/grpc-protobuf/1.29.0/grpc-protobuf-1.29.0.jar:/home/user/.m2/repository/io/grpc/grpc-api/1.29.0/grpc-api-1.29.0.jar:/home/user/.m2/repository/io/grpc/grpc-context/1.29.0/grpc-context-1.29.0.jar:/home/user/.m2/repository/org/codehaus/mojo/animal-sniffer-annotations/1.18/animal-sniffer-annotations-1.18.jar:/home/user/.m2/repository/com/google/api/grpc/proto-google-common-protos/1.17.0/proto-google-common-protos-1.17.0.jar:/home/user/.m2/repository/io/grpc/grpc-protobuf-lite/1.29.0/grpc-protobuf-lite-1.29.0.jar:/home/user/.m2/repository/io/grpc/grpc-stub/1.29.0/grpc-stub-1.29.0.jar:/home/user/.m2/repository/org/apache/hadoop/hadoop-ozone-recon/0.6.0-SNAPSHOT/hadoop-ozone-recon-0.6.0-SNAPSHOT.jar:/home/user/.m2/repository/org/apache/hadoop/hadoop-ozone-reconcodegen/0.6.0-SNAPSHOT/hadoop-ozone-reconcodegen-0.6.0-SNAPSHOT.jar:/home/user/.m2/repository/com/google/inject/extensions/guice-multibindings/4.0/guice-multibindings-4.0.jar:/home/user/.m2/repository/com/google/inject/guice/4.0/guice-4.0.jar:/home/user/.m2/repository/aopalliance/aopalliance/1.0/aopalliance-1.0.jar:/home/user/.m2/repository/com/google/inject/extensions/guice-assistedinject/4.0/guice-assistedinject-4.0.jar:/home/user/.m2/repository/com/google/inject/extensions/guice-servlet/4.0/guice-servlet-4.0.jar:/home/user/.m2/repository/org/glassfish/jersey/containers/jersey-container-servlet/2.27/jersey-container-servlet-2.27.jar:/home/user/.m2/repository/org/glassfish/hk2/guice-bridge/2.5.0/guice-bridge-2.5.0.jar:/home/user/.m2/repository/org/glassfish/jersey/core/jersey-server/2.27/jersey-server-2.27.jar:/home/user/.m2/repository/org/glassfish/jersey/core/jersey-client/2.27/jersey-client-2.27.jar:/home/user/.m2/repository/org/glassfish/jersey/media/jersey-media-jaxb/2.27/jersey-media-jaxb-2.27.jar:/home/user/.m2/repository/javax/validation/validation-api/1.1.0.Final/validation-api-1.1.0.Final.jar:/home/user/.m2/repository/org/glassfish/jersey/media/jersey-media-json-jackson/2.27/jersey-media-json-jackson-2.27.jar:/home/user/.m2/repository/org/glassfish/jersey/ext/jersey-entity-filtering/2.27/jersey-entity-filtering-2.27.jar:/home/user/.m2/repository/org/jooq/jooq/3.11.10/jooq-3.11.10.jar:/home/user/.m2/repository/org/jooq/jooq-meta/3.11.10/jooq-meta-3.11.10.jar:/home/user/.m2/repository/org/jooq/jooq-codegen/3.11.10/jooq-codegen-3.11.10.jar:/home/user/.m2/repository/com/jolbox/bonecp/0.8.0.RELEASE/bonecp-0.8.0.RELEASE.jar:/home/user/.m2/repository/org/apache/derby/derby/10.14.2.0/derby-10.14.2.0.jar:/home/user/.m2/repository/org/xerial/sqlite-jdbc/3.25.2/sqlite-jdbc-3.25.2.jar:/home/user/.m2/repository/org/springframework/spring-jdbc/5.2.5.RELEASE/spring-jdbc-5.2.5.RELEASE.jar:/home/user/.m2/repository/org/springframework/spring-beans/5.2.5.RELEASE/spring-beans-5.2.5.RELEASE.jar:/home/user/.m2/repository/org/springframework/spring-core/5.2.5.RELEASE/spring-core-5.2.5.RELEASE.jar:/home/user/.m2/repository/org/springframework/spring-jcl/5.2.5.RELEASE/spring-jcl-5.2.5.RELEASE.jar:/home/user/.m2/repository/org/springframework/spring-tx/5.2.5.RELEASE/spring-tx-5.2.5.RELEASE.jar:/home/user/.m2/repository/org/apache/hadoop/hadoop-ozone-client/0.6.0-SNAPSHOT/hadoop-ozone-client-0.6.0-SNAPSHOT.jar:/home/user/.m2/repository/org/apache/hadoop/hadoop-ozone-filesystem/0.6.0-SNAPSHOT/hadoop-ozone-filesystem-0.6.0-SNAPSHOT.jar:/home/user/.m2/repository/org/apache/hadoop/hadoop-hdds-hadoop-dependency-client/0.6.0-SNAPSHOT/hadoop-hdds-hadoop-dependency-client-0.6.0-SNAPSHOT.jar:/home/user/.m2/repository/org/apache/hadoop/hadoop-ozone-tools/0.6.0-SNAPSHOT/hadoop-ozone-tools-0.6.0-SNAPSHOT.jar:/home/user/.m2/repository/org/apache/hadoop/hadoop-hdfs/3.2.1/hadoop-hdfs-3.2.1.jar:/home/user/.m2/repository/org/apache/ratis/ratis-tools/0.6.0-cac3336-SNAPSHOT/ratis-tools-0.6.0-cac3336-SNAPSHOT.jar:/home/user/.m2/repository/org/apache/ratis/ratis-proto/0.6.0-cac3336-SNAPSHOT/ratis-proto-0.6.0-cac3336-SNAPSHOT.jar:/home/user/.m2/repository/org/apache/ratis/ratis-common/0.6.0-cac3336-SNAPSHOT/ratis-common-0.6.0-cac3336-SNAPSHOT.jar:/home/user/.m2/repository/com/amazonaws/aws-java-sdk-core/1.11.615/aws-java-sdk-core-1.11.615.jar:/home/user/.m2/repository/org/apache/httpcomponents/httpclient/4.5.2/httpclient-4.5.2.jar:/home/user/.m2/repository/org/apache/httpcomponents/httpcore/4.4.4/httpcore-4.4.4.jar:/home/user/.m2/repository/software/amazon/ion/ion-java/1.0.2/ion-java-1.0.2.jar:/home/user/.m2/repository/com/fasterxml/jackson/dataformat/jackson-dataformat-cbor/2.10.3/jackson-dataformat-cbor-2.10.3.jar:/home/user/.m2/repository/joda-time/joda-time/2.8.1/joda-time-2.8.1.jar:/home/user/.m2/repository/com/amazonaws/aws-java-sdk-s3/1.11.615/aws-java-sdk-s3-1.11.615.jar:/home/user/.m2/repository/com/amazonaws/aws-java-sdk-kms/1.11.615/aws-java-sdk-kms-1.11.615.jar:/home/user/.m2/repository/com/amazonaws/jmespath-java/1.11.615/jmespath-java-1.11.615.jar:/home/user/.m2/repository/org/apache/hadoop/hadoop-hdds-tools/0.6.0-SNAPSHOT/hadoop-hdds-tools-0.6.0-SNAPSHOT.jar:/home/user/.m2/repository/commons-cli/commons-cli/1.2/commons-cli-1.2.jar:/home/user/.m2/repository/org/apache/commons/commons-lang3/3.7/commons-lang3-3.7.jar:/home/user/.m2/repository/org/apache/hadoop/hadoop-ozone-ozone-manager/0.6.0-SNAPSHOT/hadoop-ozone-ozone-manager-0.6.0-SNAPSHOT-tests.jar:/home/user/.m2/repository/junit/junit/4.11/junit-4.11.jar:/home/user/.m2/repository/org/hamcrest/hamcrest-core/1.3/hamcrest-core-1.3.jar:/home/user/.m2/repository/org/openjdk/jmh/jmh-core/1.19/jmh-core-1.19.jar:/home/user/.m2/repository/net/sf/jopt-simple/jopt-simple/4.6/jopt-simple-4.6.jar:/home/user/.m2/repository/org/apache/commons/commons-math3/3.1.1/commons-math3-3.1.1.jar:/home/user/.m2/repository/org/openjdk/jmh/jmh-generator-annprocess/1.19/jmh-generator-annprocess-1.19.jar:/home/user/.m2/repository/org/mockito/mockito-all/1.8.5/mockito-all-1.8.5.jar:/home/user/.m2/repository/org/apache/hadoop/hadoop-kms/3.2.1/hadoop-kms-3.2.1.jar:/home/user/.m2/repository/org/apache/hadoop/hadoop-auth/3.2.1/hadoop-auth-3.2.1.jar:/home/user/.m2/repository/com/nimbusds/nimbus-jose-jwt/7.9/nimbus-jose-jwt-7.9.jar:/home/user/.m2/repository/com/github/stephenc/jcip/jcip-annotations/1.0-1/jcip-annotations-1.0-1.jar:/home/user/.m2/repository/net/minidev/json-smart/2.3/json-smart-2.3.jar:/home/user/.m2/repository/net/minidev/accessors-smart/1.2/accessors-smart-1.2.jar:/home/user/.m2/repository/org/ow2/asm/asm/5.0.4/asm-5.0.4.jar:/home/user/.m2/repository/org/apache/zookeeper/zookeeper/3.4.13/zookeeper-3.4.13.jar:/home/user/.m2/repository/org/apache/yetus/audience-annotations/0.5.0/audience-annotations-0.5.0.jar:/home/user/.m2/repository/org/apache/curator/curator-framework/2.13.0/curator-framework-2.13.0.jar:/home/user/.m2/repository/com/sun/jersey/jersey-core/1.19/jersey-core-1.19.jar:/home/user/.m2/repository/javax/ws/rs/jsr311-api/1.1.1/jsr311-api-1.1.1.jar:/home/user/.m2/repository/com/sun/jersey/jersey-server/1.19/jersey-server-1.19.jar:/home/user/.m2/repository/javax/servlet/javax.servlet-api/3.1.0/javax.servlet-api-3.1.0.jar:/home/user/.m2/repository/org/eclipse/jetty/jetty-server/9.4.26.v20200117/jetty-server-9.4.26.v20200117.jar:/home/user/.m2/repository/org/eclipse/jetty/jetty-http/9.4.26.v20200117/jetty-http-9.4.26.v20200117.jar:/home/user/.m2/repository/org/eclipse/jetty/jetty-io/9.4.26.v20200117/jetty-io-9.4.26.v20200117.jar:/home/user/.m2/repository/org/eclipse/jetty/jetty-webapp/9.4.26.v20200117/jetty-webapp-9.4.26.v20200117.jar:/home/user/.m2/repository/org/eclipse/jetty/jetty-xml/9.4.26.v20200117/jetty-xml-9.4.26.v20200117.jar:/home/user/.m2/repository/org/eclipse/jetty/jetty-servlet/9.4.26.v20200117/jetty-servlet-9.4.26.v20200117.jar:/home/user/.m2/repository/org/eclipse/jetty/jetty-security/9.4.26.v20200117/jetty-security-9.4.26.v20200117.jar:/home/user/.m2/repository/org/apache/hadoop/hadoop-common/3.2.1/hadoop-common-3.2.1.jar:/home/user/.m2/repository/commons-net/commons-net/3.6/commons-net-3.6.jar:/home/user/.m2/repository/commons-collections/commons-collections/3.2.2/commons-collections-3.2.2.jar:/home/user/.m2/repository/com/sun/jersey/jersey-servlet/1.19/jersey-servlet-1.19.jar:/home/user/.m2/repository/com/sun/jersey/jersey-json/1.19/jersey-json-1.19.jar:/home/user/.m2/repository/org/codehaus/jettison/jettison/1.1/jettison-1.1.jar:/home/user/.m2/repository/org/codehaus/jackson/jackson-jaxrs/1.9.2/jackson-jaxrs-1.9.2.jar:/home/user/.m2/repository/org/codehaus/jackson/jackson-xc/1.9.2/jackson-xc-1.9.2.jar:/home/user/.m2/repository/commons-beanutils/commons-beanutils/1.9.4/commons-beanutils-1.9.4.jar:/home/user/.m2/repository/org/apache/commons/commons-configuration2/2.1.1/commons-configuration2-2.1.1.jar:/home/user/.m2/repository/org/apache/commons/commons-text/1.4/commons-text-1.4.jar:/home/user/.m2/repository/com/google/re2j/re2j/1.1/re2j-1.1.jar:/home/user/.m2/repository/com/jcraft/jsch/0.1.54/jsch-0.1.54.jar:/home/user/.m2/repository/org/apache/curator/curator-client/2.13.0/curator-client-2.13.0.jar:/home/user/.m2/repository/org/apache/curator/curator-recipes/2.13.0/curator-recipes-2.13.0.jar:/home/user/.m2/repository/dnsjava/dnsjava/2.1.7/dnsjava-2.1.7.jar:/home/user/.m2/repository/org/slf4j/jul-to-slf4j/1.7.25/jul-to-slf4j-1.7.25.jar:/home/user/.m2/repository/org/eclipse/jetty/jetty-util/9.4.26.v20200117/jetty-util-9.4.26.v20200117.jar:/home/user/.m2/repository/com/fasterxml/jackson/core/jackson-databind/2.10.3/jackson-databind-2.10.3.jar:/home/user/.m2/repository/org/apache/hadoop/hadoop-kms/3.2.1/hadoop-kms-3.2.1-tests.jar:/home/user/.m2/repository/org/apache/hadoop/hadoop-hdds-server-scm/0.6.0-SNAPSHOT/hadoop-hdds-server-scm-0.6.0-SNAPSHOT-tests.jar:/home/user/.m2/repository/org/apache/hadoop/hadoop-hdds-container-service/0.6.0-SNAPSHOT/hadoop-hdds-container-service-0.6.0-SNAPSHOT-tests.jar:/home/user/.m2/repository/org/apache/hadoop/hadoop-hdds-common/0.6.0-SNAPSHOT/hadoop-hdds-common-0.6.0-SNAPSHOT-tests.jar:/home/user/.m2/repository/org/yaml/snakeyaml/1.16/snakeyaml-1.16.jar:/home/user/.m2/repository/org/apache/hadoop/hadoop-hdds-hadoop-dependency-test/0.6.0-SNAPSHOT/hadoop-hdds-hadoop-dependency-test-0.6.0-SNAPSHOT.jar:/home/user/.m2/repository/org/apache/hadoop/hadoop-common/3.2.1/hadoop-common-3.2.1-tests.jar:/home/user/.m2/repository/javax/servlet/jsp/jsp-api/2.1/jsp-api-2.1.jar:/home/user/.m2/repository/org/apache/hadoop/hadoop-hdfs/3.2.1/hadoop-hdfs-3.2.1-tests.jar:/home/user/.m2/repository/org/eclipse/jetty/jetty-util-ajax/9.4.26.v20200117/jetty-util-ajax-9.4.26.v20200117.jar:/home/user/.m2/repository/commons-codec/commons-codec/1.11/commons-codec-1.11.jar:/home/user/.m2/repository/commons-daemon/commons-daemon/1.0.13/commons-daemon-1.0.13.jar:/home/user/.m2/repository/io/netty/netty/3.10.5.Final/netty-3.10.5.Final.jar:/home/user/.m2/repository/io/netty/netty-all/4.1.48.Final/netty-all-4.1.48.Final.jar:/home/user/.m2/repository/org/apache/htrace/htrace-core4/4.1.0-incubating/htrace-core4-4.1.0-incubating.jar:/home/user/.m2/repository/org/fusesource/leveldbjni/leveldbjni-all/1.8/leveldbjni-all-1.8.jar:/home/user/.m2/repository/org/apache/hadoop/hadoop-distcp/3.2.1/hadoop-distcp-3.2.1.jar:/home/user/.m2/repository/org/apache/hadoop/hadoop-mapreduce-client-jobclient/3.2.1/hadoop-mapreduce-client-jobclient-3.2.1.jar:/home/user/.m2/repository/org/apache/hadoop/hadoop-mapreduce-client-common/3.2.1/hadoop-mapreduce-client-common-3.2.1.jar:/home/user/.m2/repository/org/apache/hadoop/hadoop-yarn-common/3.2.1/hadoop-yarn-common-3.2.1.jar:/home/user/.m2/repository/org/apache/hadoop/hadoop-yarn-api/3.2.1/hadoop-yarn-api-3.2.1.jar:/home/user/.m2/repository/com/sun/jersey/jersey-client/1.19/jersey-client-1.19.jar:/home/user/.m2/repository/com/sun/jersey/contribs/jersey-guice/1.19/jersey-guice-1.19.jar:/home/user/.m2/repository/com/fasterxml/jackson/jaxrs/jackson-jaxrs-json-provider/2.10.3/jackson-jaxrs-json-provider-2.10.3.jar:/home/user/.m2/repository/com/fasterxml/jackson/jaxrs/jackson-jaxrs-base/2.10.3/jackson-jaxrs-base-2.10.3.jar:/home/user/.m2/repository/org/apache/hadoop/hadoop-yarn-client/3.2.1/hadoop-yarn-client-3.2.1.jar:/home/user/.m2/repository/org/apache/hadoop/hadoop-mapreduce-client-core/3.2.1/hadoop-mapreduce-client-core-3.2.1.jar:/home/user/.m2/repository/org/apache/avro/avro/1.7.7/avro-1.7.7.jar:/home/user/.m2/repository/org/codehaus/jackson/jackson-core-asl/1.9.13/jackson-core-asl-1.9.13.jar:/home/user/.m2/repository/org/codehaus/jackson/jackson-mapper-asl/1.9.13/jackson-mapper-asl-1.9.13.jar:/home/user/.m2/repository/com/thoughtworks/paranamer/paranamer/2.3/paranamer-2.3.jar:/home/user/.m2/repository/org/xerial/snappy/snappy-java/1.0.5/snappy-java-1.0.5.jar:/home/user/.m2/repository/org/apache/hadoop/hadoop-annotations/3.2.1/hadoop-annotations-3.2.1.jar:/usr/lib/jvm/java-1.8.0-openjdk-1.8.0.232.b09-0.el7_7.x86_64/jre/../lib/tools.jar:/home/user/.m2/repository/org/apache/hadoop/hadoop-distcp/3.2.1/hadoop-distcp-3.2.1-tests.jar:"/>
    <property name="sun.cpu.endian" value="little"/>
    <property name="user.home" value="/home/user"/>
    <property name="user.language" value="en"/>
    <property name="java.specification.vendor" value="Oracle Corporation"/>
    <property name="java.home" value="/usr/lib/jvm/java-1.8.0-openjdk-1.8.0.232.b09-0.el7_7.x86_64/jre"/>
    <property name="java.security.krb5.conf" value="/github/workspace/mnt/ozone/hadoop-ozone/integration-test/target/test-classes/krb5.conf"/>
    <property name="basedir" value="/github/workspace/mnt/ozone/hadoop-ozone/integration-test"/>
    <property name="file.separator" value="/"/>
    <property name="line.separator" value="&#10;"/>
    <property name="java.vm.specification.vendor" value="Oracle Corporation"/>
    <property name="java.specification.name" value="Java Platform API Specification"/>
    <property name="java.awt.graphicsenv" value="sun.awt.X11GraphicsEnvironment"/>
    <property name="surefire.real.class.path" value="/github/workspace/mnt/ozone/hadoop-ozone/integration-test/target/surefire/surefirebooter1707814672232871775.jar:/home/user/.m2/repository/org/jacoco/org.jacoco.agent/0.8.5/org.jacoco.agent-0.8.5-runtime.jar"/>
    <property name="hadoop.log.dir" value="/github/workspace/mnt/ozone/hadoop-ozone/integration-test/target/log"/>
    <property name="sun.boot.class.path" value="/usr/lib/jvm/java-1.8.0-openjdk-1.8.0.232.b09-0.el7_7.x86_64/jre/lib/resources.jar:/usr/lib/jvm/java-1.8.0-openjdk-1.8.0.232.b09-0.el7_7.x86_64/jre/lib/rt.jar:/usr/lib/jvm/java-1.8.0-openjdk-1.8.0.232.b09-0.el7_7.x86_64/jre/lib/sunrsasign.jar:/usr/lib/jvm/java-1.8.0-openjdk-1.8.0.232.b09-0.el7_7.x86_64/jre/lib/jsse.jar:/usr/lib/jvm/java-1.8.0-openjdk-1.8.0.232.b09-0.el7_7.x86_64/jre/lib/jce.jar:/usr/lib/jvm/java-1.8.0-openjdk-1.8.0.232.b09-0.el7_7.x86_64/jre/lib/charsets.jar:/usr/lib/jvm/java-1.8.0-openjdk-1.8.0.232.b09-0.el7_7.x86_64/jre/lib/jfr.jar:/usr/lib/jvm/java-1.8.0-openjdk-1.8.0.232.b09-0.el7_7.x86_64/jre/classes"/>
    <property name="sun.management.compiler" value="HotSpot 64-Bit Tiered Compilers"/>
    <property name="java.runtime.version" value="1.8.0_232-b09"/>
    <property name="java.net.preferIPv4Stack" value="true"/>
    <property name="user.name" value="jenkins1001"/>
    <property name="path.separator" value=":"/>
    <property name="java.security.egd" value="file:///dev/urandom"/>
    <property name="os.version" value="5.3.0-1020-azure"/>
    <property name="java.endorsed.dirs" value="/usr/lib/jvm/java-1.8.0-openjdk-1.8.0.232.b09-0.el7_7.x86_64/jre/lib/endorsed"/>
    <property name="java.runtime.name" value="OpenJDK Runtime Environment"/>
    <property name="file.encoding" value="ANSI_X3.4-1968"/>
    <property name="java.vm.name" value="OpenJDK 64-Bit Server VM"/>
    <property name="test.build.webapps" value=""/>
    <property name="localRepository" value="/home/user/.m2/repository"/>
    <property name="java.vendor.url.bug" value="http://bugreport.sun.com/bugreport/"/>
    <property name="java.io.tmpdir" value="/tmp"/>
    <property name="require.test.libhadoop" value=""/>
    <property name="java.version" value="1.8.0_232"/>
    <property name="user.dir" value="/github/workspace/mnt/ozone/hadoop-ozone/integration-test"/>
    <property name="os.arch" value="amd64"/>
    <property name="java.vm.specification.name" value="Java Virtual Machine Specification"/>
    <property name="test.build.classes" value="/github/workspace/mnt/ozone/hadoop-ozone/integration-test/target/test-classes"/>
    <property name="java.awt.printerjob" value="sun.print.PSPrinterJob"/>
    <property name="sun.os.patch.level" value="unknown"/>
    <property name="hadoop.tmp.dir" value="/github/workspace/mnt/ozone/hadoop-ozone/integration-test/target/tmp"/>
    <property name="java.library.path" value="/usr/lib:/usr/java/packages/lib/amd64:/usr/lib64:/lib64:/lib:/usr/lib"/>
    <property name="java.vm.info" value="mixed mode"/>
    <property name="java.vendor" value="Oracle Corporation"/>
    <property name="java.vm.version" value="25.232-b09"/>
    <property name="java.ext.dirs" value="/usr/lib/jvm/java-1.8.0-openjdk-1.8.0.232.b09-0.el7_7.x86_64/jre/lib/ext:/usr/java/packages/lib/ext"/>
    <property name="sun.io.unicode.encoding" value="UnicodeLittle"/>
    <property name="java.class.version" value="52.0"/>
  </properties>
  <testcase name="testMultipleDataDirs" classname="org.apache.hadoop.ozone.TestMiniOzoneCluster" time="65.19">
    <error message="test timed out after 60000 milliseconds" type="java.lang.Exception">java.lang.Exception: test timed out after 60000 milliseconds
	at java.lang.Thread.sleep(Native Method)
	at org.apache.hadoop.test.GenericTestUtils.waitFor(GenericTestUtils.java:218)
	at org.apache.hadoop.ozone.MiniOzoneClusterImpl.waitForClusterToBeReady(MiniOzoneClusterImpl.java:172)
	at org.apache.hadoop.ozone.TestMiniOzoneCluster.testMultipleDataDirs(TestMiniOzoneCluster.java:346)
	at sun.reflect.NativeMethodAccessorImpl.invoke0(Native Method)
	at sun.reflect.NativeMethodAccessorImpl.invoke(NativeMethodAccessorImpl.java:62)
	at sun.reflect.DelegatingMethodAccessorImpl.invoke(DelegatingMethodAccessorImpl.java:43)
	at java.lang.reflect.Method.invoke(Method.java:498)
	at org.junit.runners.model.FrameworkMethod$1.runReflectiveCall(FrameworkMethod.java:47)
	at org.junit.internal.runners.model.ReflectiveCallable.run(ReflectiveCallable.java:12)
	at org.junit.runners.model.FrameworkMethod.invokeExplosively(FrameworkMethod.java:44)
	at org.junit.internal.runners.statements.InvokeMethod.evaluate(InvokeMethod.java:17)
	at org.junit.internal.runners.statements.FailOnTimeout$StatementThread.run(FailOnTimeout.java:74)
</error>
    <system-out><![CDATA[2020-06-02 21:43:35,455 [Thread-2] WARN  server.ServerUtils (ServerUtils.java:getScmDbDir(148)) - ozone.scm.db.dirs is not configured. We recommend adding this setting. Falling back to ozone.metadata.dirs instead.
2020-06-02 21:43:35,530 [Thread-2] WARN  server.ServerUtils (ServerUtils.java:getScmDbDir(148)) - ozone.scm.db.dirs is not configured. We recommend adding this setting. Falling back to ozone.metadata.dirs instead.
2020-06-02 21:43:35,658 [Thread-2] WARN  db.DBStoreBuilder (DBStoreBuilder.java:createDBStoreBuilder(277)) - ozone.scm.db.dirs is not configured. We recommend adding this setting. Falling back to ozone.metadata.dirs instead.
2020-06-02 21:43:35,837 [Thread-2] INFO  net.NodeSchemaLoader (NodeSchemaLoader.java:loadSchemaFromFile(126)) - Loading file from sun.misc.CompoundEnumeration@30d64e42
2020-06-02 21:43:35,838 [Thread-2] INFO  net.NodeSchemaLoader (NodeSchemaLoader.java:loadSchema(172)) - Loading network topology layer schema file
2020-06-02 21:43:35,907 [Thread-2] WARN  server.ServerUtils (ServerUtils.java:sanitizeUserArgs(73)) - ozone.scm.stale.node.interval value = 300000 is larger than max = 100000 based on the key value of ozone.scm.heartbeat.thread.interval, reset to the max value 100000.
2020-06-02 21:43:35,911 [Thread-2] WARN  server.ServerUtils (ServerUtils.java:sanitizeUserArgs(73)) - ozone.scm.stale.node.interval value = 300000 is larger than max = 100000 based on the key value of ozone.scm.heartbeat.thread.interval, reset to the max value 100000.
2020-06-02 21:43:35,918 [Thread-2] INFO  node.SCMNodeManager (SCMNodeManager.java:<init>(116)) - Entering startup safe mode.
2020-06-02 21:43:36,073 [Thread-2] INFO  algorithms.ContainerPlacementPolicyFactory (ContainerPlacementPolicyFactory.java:getPolicy(60)) - Create container placement policy of type org.apache.hadoop.hdds.scm.container.placement.algorithms.SCMContainerPlacementRandom
2020-06-02 21:43:36,113 [Thread-2] INFO  pipeline.SCMPipelineManager (SCMPipelineManager.java:initializePipelineState(158)) - No pipeline exists in current db
2020-06-02 21:43:36,205 [Thread-2] INFO  safemode.HealthyPipelineSafeModeRule (HealthyPipelineSafeModeRule.java:<init>(89)) - Total pipeline count is 0, healthy pipeline threshold count is 0
2020-06-02 21:43:36,212 [Thread-2] INFO  safemode.OneReplicaPipelineSafeModeRule (OneReplicaPipelineSafeModeRule.java:<init>(79)) - Total pipeline count is 0, pipeline's with at least one datanode reported threshold count is 0
2020-06-02 21:43:36,262 [RatisPipelineUtilsThread] ERROR pipeline.SCMPipelineManager (SCMPipelineManager.java:createPipeline(222)) - Failed to create pipeline of type RATIS and factor ONE. Exception: Cannot create pipeline of factor 1 using 0 nodes. Used 0 nodes. Healthy nodes 0
2020-06-02 21:43:36,658 [Thread-2] INFO  ipc.CallQueueManager (CallQueueManager.java:<init>(84)) - Using callQueue: class java.util.concurrent.LinkedBlockingQueue, queueCapacity: 2000, scheduler: class org.apache.hadoop.ipc.DefaultRpcScheduler, ipcBackoff: false.
2020-06-02 21:43:36,683 [Socket Reader #1 for port 0] INFO  ipc.Server (Server.java:run(1219)) - Starting Socket Reader #1 for port 0
2020-06-02 21:43:36,729 [Listener at 0.0.0.0/35267] INFO  ipc.CallQueueManager (CallQueueManager.java:<init>(84)) - Using callQueue: class java.util.concurrent.LinkedBlockingQueue, queueCapacity: 2000, scheduler: class org.apache.hadoop.ipc.DefaultRpcScheduler, ipcBackoff: false.
2020-06-02 21:43:36,733 [Socket Reader #1 for port 0] INFO  ipc.Server (Server.java:run(1219)) - Starting Socket Reader #1 for port 0
2020-06-02 21:43:36,747 [Listener at 0.0.0.0/46801] INFO  ipc.CallQueueManager (CallQueueManager.java:<init>(84)) - Using callQueue: class java.util.concurrent.LinkedBlockingQueue, queueCapacity: 2000, scheduler: class org.apache.hadoop.ipc.DefaultRpcScheduler, ipcBackoff: false.
2020-06-02 21:43:36,747 [Socket Reader #1 for port 0] INFO  ipc.Server (Server.java:run(1219)) - Starting Socket Reader #1 for port 0
2020-06-02 21:43:36,768 [Listener at 0.0.0.0/35893] INFO  http.BaseHttpServer (BaseHttpServer.java:newHttpServer2BuilderForOzone(205)) - Starting Web-server for scm at: http://0.0.0.0:0
2020-06-02 21:43:36,768 [Listener at 0.0.0.0/35893] INFO  http.BaseHttpServer (BaseHttpServer.java:<init>(106)) - Hadoop Security Enabled: false Ozone Security Enabled: false Ozone HTTP Security Enabled: false 
2020-06-02 21:43:36,796 [Listener at 0.0.0.0/35893] INFO  util.log (Log.java:initialized(169)) - Logging initialized @2370ms to org.eclipse.jetty.util.log.Slf4jLog
2020-06-02 21:43:36,943 [Listener at 0.0.0.0/35893] INFO  server.AuthenticationFilter (AuthenticationFilter.java:constructSecretProvider(240)) - Unable to initialize FileSignerSecretProvider, falling back to use random secrets.
2020-06-02 21:43:36,958 [Listener at 0.0.0.0/35893] WARN  http.HttpRequestLog (HttpRequestLog.java:getRequestLog(103)) - Jetty request log can only be enabled using Log4j
2020-06-02 21:43:36,964 [Listener at 0.0.0.0/35893] INFO  http.HttpServer2 (HttpServer2.java:addGlobalFilter(993)) - Added global filter 'safety' (class=org.apache.hadoop.hdds.server.http.HttpServer2$QuotingInputFilter)
2020-06-02 21:43:36,967 [Listener at 0.0.0.0/35893] INFO  http.HttpServer2 (HttpServer2.java:addFilter(969)) - Added filter authentication (class=org.apache.hadoop.security.authentication.server.AuthenticationFilter) to context scm
2020-06-02 21:43:36,968 [Listener at 0.0.0.0/35893] INFO  http.HttpServer2 (HttpServer2.java:addFilter(977)) - Added filter authentication (class=org.apache.hadoop.security.authentication.server.AuthenticationFilter) to context logs
2020-06-02 21:43:36,968 [Listener at 0.0.0.0/35893] INFO  http.HttpServer2 (HttpServer2.java:addFilter(977)) - Added filter authentication (class=org.apache.hadoop.security.authentication.server.AuthenticationFilter) to context static
2020-06-02 21:43:37,019 [Listener at 0.0.0.0/35893] INFO  server.StorageContainerManager (StorageContainerManager.java:start(781)) - StorageContainerLocationProtocol RPC server is listening at /0.0.0.0:35893
2020-06-02 21:43:37,075 [Listener at 0.0.0.0/35893] WARN  impl.MetricsConfig (MetricsConfig.java:loadFirst(134)) - Cannot locate configuration: tried hadoop-metrics2-storagecontainermanager.properties,hadoop-metrics2.properties
2020-06-02 21:43:37,090 [Listener at 0.0.0.0/35893] INFO  impl.MetricsSystemImpl (MetricsSystemImpl.java:startTimer(374)) - Scheduled Metric snapshot period at 10 second(s).
2020-06-02 21:43:37,090 [Listener at 0.0.0.0/35893] INFO  impl.MetricsSystemImpl (MetricsSystemImpl.java:start(191)) - StorageContainerManager metrics system started
2020-06-02 21:43:37,331 [Listener at 0.0.0.0/35893] INFO  server.SCMClientProtocolServer (SCMClientProtocolServer.java:start(157)) - RPC server for Client  is listening at /0.0.0.0:35893
2020-06-02 21:43:37,333 [IPC Server Responder] INFO  ipc.Server (Server.java:run(1460)) - IPC Server Responder: starting
2020-06-02 21:43:37,334 [IPC Server listener on 0] INFO  ipc.Server (Server.java:run(1298)) - IPC Server listener on 0: starting
2020-06-02 21:43:37,348 [Listener at 0.0.0.0/35893] INFO  server.StorageContainerManager (StorageContainerManager.java:start(793)) - ScmBlockLocationProtocol RPC server is listening at /0.0.0.0:46801
2020-06-02 21:43:37,349 [Listener at 0.0.0.0/35893] INFO  server.SCMBlockProtocolServer (SCMBlockProtocolServer.java:start(149)) - RPC server for Block Protocol is listening at /0.0.0.0:46801
2020-06-02 21:43:37,349 [IPC Server Responder] INFO  ipc.Server (Server.java:run(1460)) - IPC Server Responder: starting
2020-06-02 21:43:37,350 [IPC Server listener on 0] INFO  ipc.Server (Server.java:run(1298)) - IPC Server listener on 0: starting
2020-06-02 21:43:37,353 [Listener at 0.0.0.0/35893] INFO  server.StorageContainerManager (StorageContainerManager.java:start(799)) - ScmDatanodeProtocl RPC server is listening at /0.0.0.0:35267
2020-06-02 21:43:37,353 [Listener at 0.0.0.0/35893] INFO  server.SCMDatanodeProtocolServer (SCMDatanodeProtocolServer.java:start(172)) - RPC server for DataNodes is listening at /0.0.0.0:35267
2020-06-02 21:43:37,353 [IPC Server Responder] INFO  ipc.Server (Server.java:run(1460)) - IPC Server Responder: starting
2020-06-02 21:43:37,354 [IPC Server listener on 0] INFO  ipc.Server (Server.java:run(1298)) - IPC Server listener on 0: starting
2020-06-02 21:43:37,358 [Listener at 0.0.0.0/35893] INFO  http.HttpServer2 (HttpServer2.java:bindListener(1211)) - Jetty bound to port 46261
2020-06-02 21:43:37,359 [Listener at 0.0.0.0/35893] INFO  server.Server (Server.java:doStart(359)) - jetty-9.4.26.v20200117; built: 2020-01-17T12:35:33.676Z; git: 7b38981d25d14afb4a12ff1f2596756144edf695; jvm 1.8.0_232-b09
2020-06-02 21:43:37,387 [Listener at 0.0.0.0/35893] INFO  server.session (DefaultSessionIdManager.java:doStart(333)) - DefaultSessionIdManager workerName=node0
2020-06-02 21:43:37,387 [Listener at 0.0.0.0/35893] INFO  server.session (DefaultSessionIdManager.java:doStart(338)) - No SessionScavenger set, using defaults
2020-06-02 21:43:37,389 [Listener at 0.0.0.0/35893] INFO  server.session (HouseKeeper.java:startScavenging(140)) - node0 Scavenging every 660000ms
2020-06-02 21:43:37,405 [Listener at 0.0.0.0/35893] INFO  server.AuthenticationFilter (AuthenticationFilter.java:constructSecretProvider(240)) - Unable to initialize FileSignerSecretProvider, falling back to use random secrets.
2020-06-02 21:43:37,408 [Listener at 0.0.0.0/35893] INFO  handler.ContextHandler (ContextHandler.java:doStart(825)) - Started o.e.j.s.ServletContextHandler@30418740{logs,/logs,file:///github/workspace/mnt/ozone/hadoop-ozone/integration-test/target/log,AVAILABLE}
2020-06-02 21:43:37,408 [Listener at 0.0.0.0/35893] INFO  handler.ContextHandler (ContextHandler.java:doStart(825)) - Started o.e.j.s.ServletContextHandler@15e0903b{static,/static,file:///github/workspace/mnt/ozone/hadoop-ozone/integration-test/target/test-classes/webapps/static,AVAILABLE}
2020-06-02 21:43:37,446 [Listener at 0.0.0.0/35893] INFO  handler.ContextHandler (ContextHandler.java:doStart(825)) - Started o.e.j.w.WebAppContext@40b26c4c{scm,/,file:///github/workspace/mnt/ozone/hadoop-ozone/integration-test/target/test-classes/webapps/scm/,AVAILABLE}{file:/github/workspace/mnt/ozone/hadoop-ozone/integration-test/target/test-classes/webapps/scm}
2020-06-02 21:43:37,455 [Listener at 0.0.0.0/35893] INFO  server.AbstractConnector (AbstractConnector.java:doStart(330)) - Started ServerConnector@613df764{HTTP/1.1,[http/1.1]}{0.0.0.0:46261}
2020-06-02 21:43:37,455 [Listener at 0.0.0.0/35893] INFO  server.Server (Server.java:doStart(399)) - Started @3028ms
2020-06-02 21:43:37,457 [Listener at 0.0.0.0/35893] INFO  impl.MetricsSinkAdapter (MetricsSinkAdapter.java:start(204)) - Sink prometheus started
2020-06-02 21:43:37,457 [Listener at 0.0.0.0/35893] INFO  impl.MetricsSystemImpl (MetricsSystemImpl.java:registerSink(301)) - Registered sink prometheus
2020-06-02 21:43:37,461 [Listener at 0.0.0.0/35893] INFO  http.BaseHttpServer (BaseHttpServer.java:updateConnectorAddress(325)) - HTTP server of scm listening at http://0.0.0.0:46261
2020-06-02 21:43:37,470 [Listener at 0.0.0.0/35893] WARN  server.ServerUtils (ServerUtils.java:getDBPath(225)) - ozone.om.db.dirs is not configured. We recommend adding this setting. Falling back to ozone.metadata.dirs instead.
2020-06-02 21:43:37,477 [org.apache.hadoop.util.JvmPauseMonitor$Monitor@5bd3d35c] INFO  util.JvmPauseMonitor (JvmPauseMonitor.java:run(188)) - Starting JVM pause monitor
2020-06-02 21:43:37,573 [Listener at 0.0.0.0/35893] INFO  ha.OMHANodeDetails (OMHANodeDetails.java:loadOMHAConfig(104)) - ozone.om.internal.service.id is not defined, falling back to ozone.om.service.ids to find serviceID for OzoneManager if it is HA enabled cluster
2020-06-02 21:43:37,576 [Listener at 0.0.0.0/35893] INFO  ha.OMHANodeDetails (OMHANodeDetails.java:loadOMHAConfig(207)) - Configuration either no ozone.om.address set. Falling back to the default OM address /127.0.0.1:0
2020-06-02 21:43:37,576 [Listener at 0.0.0.0/35893] INFO  ha.OMHANodeDetails (OMHANodeDetails.java:getOMNodeDetails(237)) - OM Service ID is not set. Setting it to the default ID: omServiceIdDefault
2020-06-02 21:43:37,578 [Listener at 0.0.0.0/35893] WARN  server.ServerUtils (ServerUtils.java:getDBPath(225)) - ozone.om.db.dirs is not configured. We recommend adding this setting. Falling back to ozone.metadata.dirs instead.
2020-06-02 21:43:37,578 [Listener at 0.0.0.0/35893] WARN  server.ServerUtils (ServerUtils.java:getDBPath(225)) - ozone.om.db.dirs is not configured. We recommend adding this setting. Falling back to ozone.metadata.dirs instead.
2020-06-02 21:43:38,247 [Listener at 0.0.0.0/35893] WARN  server.ServerUtils (ServerUtils.java:getDBPath(225)) - ozone.om.db.dirs is not configured. We recommend adding this setting. Falling back to ozone.metadata.dirs instead.
2020-06-02 21:43:38,391 [Listener at 0.0.0.0/35893] INFO  ipc.CallQueueManager (CallQueueManager.java:<init>(84)) - Using callQueue: class java.util.concurrent.LinkedBlockingQueue, queueCapacity: 2000, scheduler: class org.apache.hadoop.ipc.DefaultRpcScheduler, ipcBackoff: false.
2020-06-02 21:43:38,397 [Socket Reader #1 for port 0] INFO  ipc.Server (Server.java:run(1219)) - Starting Socket Reader #1 for port 0
2020-06-02 21:43:38,422 [Listener at 127.0.0.1/39505] INFO  impl.MetricsSystemImpl (MetricsSystemImpl.java:init(158)) - OzoneManager metrics system started (again)
2020-06-02 21:43:38,423 [Listener at 127.0.0.1/39505] INFO  om.OzoneManager (OzoneManager.java:start(1097)) - OzoneManager RPC server is listening at localhost/127.0.0.1:39505
2020-06-02 21:43:38,442 [IPC Server Responder] INFO  ipc.Server (Server.java:run(1460)) - IPC Server Responder: starting
2020-06-02 21:43:38,442 [IPC Server listener on 0] INFO  ipc.Server (Server.java:run(1298)) - IPC Server listener on 0: starting
2020-06-02 21:43:38,451 [Listener at 127.0.0.1/39505] INFO  http.BaseHttpServer (BaseHttpServer.java:newHttpServer2BuilderForOzone(205)) - Starting Web-server for ozoneManager at: http://0.0.0.0:0
2020-06-02 21:43:38,452 [Listener at 127.0.0.1/39505] INFO  http.BaseHttpServer (BaseHttpServer.java:<init>(106)) - Hadoop Security Enabled: false Ozone Security Enabled: false Ozone HTTP Security Enabled: false 
2020-06-02 21:43:38,453 [Listener at 127.0.0.1/39505] INFO  server.AuthenticationFilter (AuthenticationFilter.java:constructSecretProvider(240)) - Unable to initialize FileSignerSecretProvider, falling back to use random secrets.
2020-06-02 21:43:38,453 [Listener at 127.0.0.1/39505] WARN  http.HttpRequestLog (HttpRequestLog.java:getRequestLog(103)) - Jetty request log can only be enabled using Log4j
2020-06-02 21:43:38,454 [Listener at 127.0.0.1/39505] INFO  http.HttpServer2 (HttpServer2.java:addGlobalFilter(993)) - Added global filter 'safety' (class=org.apache.hadoop.hdds.server.http.HttpServer2$QuotingInputFilter)
2020-06-02 21:43:38,455 [Listener at 127.0.0.1/39505] INFO  http.HttpServer2 (HttpServer2.java:addFilter(969)) - Added filter authentication (class=org.apache.hadoop.security.authentication.server.AuthenticationFilter) to context ozoneManager
2020-06-02 21:43:38,455 [Listener at 127.0.0.1/39505] INFO  http.HttpServer2 (HttpServer2.java:addFilter(977)) - Added filter authentication (class=org.apache.hadoop.security.authentication.server.AuthenticationFilter) to context static
2020-06-02 21:43:38,456 [Listener at 127.0.0.1/39505] INFO  http.HttpServer2 (HttpServer2.java:addFilter(977)) - Added filter authentication (class=org.apache.hadoop.security.authentication.server.AuthenticationFilter) to context logs
2020-06-02 21:43:38,458 [Listener at 127.0.0.1/39505] INFO  http.HttpServer2 (HttpServer2.java:bindListener(1211)) - Jetty bound to port 37101
2020-06-02 21:43:38,458 [Listener at 127.0.0.1/39505] INFO  server.Server (Server.java:doStart(359)) - jetty-9.4.26.v20200117; built: 2020-01-17T12:35:33.676Z; git: 7b38981d25d14afb4a12ff1f2596756144edf695; jvm 1.8.0_232-b09
2020-06-02 21:43:38,461 [Listener at 127.0.0.1/39505] INFO  server.session (DefaultSessionIdManager.java:doStart(333)) - DefaultSessionIdManager workerName=node0
2020-06-02 21:43:38,461 [Listener at 127.0.0.1/39505] INFO  server.session (DefaultSessionIdManager.java:doStart(338)) - No SessionScavenger set, using defaults
2020-06-02 21:43:38,461 [Listener at 127.0.0.1/39505] INFO  server.session (HouseKeeper.java:startScavenging(140)) - node0 Scavenging every 600000ms
2020-06-02 21:43:38,462 [Listener at 127.0.0.1/39505] INFO  server.AuthenticationFilter (AuthenticationFilter.java:constructSecretProvider(240)) - Unable to initialize FileSignerSecretProvider, falling back to use random secrets.
2020-06-02 21:43:38,462 [Listener at 127.0.0.1/39505] INFO  handler.ContextHandler (ContextHandler.java:doStart(825)) - Started o.e.j.s.ServletContextHandler@5349cdc4{logs,/logs,file:///github/workspace/mnt/ozone/hadoop-ozone/integration-test/target/log,AVAILABLE}
2020-06-02 21:43:38,463 [Listener at 127.0.0.1/39505] INFO  handler.ContextHandler (ContextHandler.java:doStart(825)) - Started o.e.j.s.ServletContextHandler@23d08e29{static,/static,file:///github/workspace/mnt/ozone/hadoop-ozone/integration-test/target/test-classes/webapps/static,AVAILABLE}
2020-06-02 21:43:38,467 [Listener at 127.0.0.1/39505] INFO  handler.ContextHandler (ContextHandler.java:doStart(825)) - Started o.e.j.w.WebAppContext@42368315{ozoneManager,/,file:///github/workspace/mnt/ozone/hadoop-ozone/integration-test/target/test-classes/webapps/ozoneManager/,AVAILABLE}{file:/github/workspace/mnt/ozone/hadoop-ozone/integration-test/target/test-classes/webapps/ozoneManager}
2020-06-02 21:43:38,468 [Listener at 127.0.0.1/39505] INFO  server.AbstractConnector (AbstractConnector.java:doStart(330)) - Started ServerConnector@42336237{HTTP/1.1,[http/1.1]}{0.0.0.0:37101}
2020-06-02 21:43:38,468 [Listener at 127.0.0.1/39505] INFO  server.Server (Server.java:doStart(399)) - Started @4041ms
2020-06-02 21:43:38,468 [Listener at 127.0.0.1/39505] WARN  impl.MetricsSystemImpl (MetricsSystemImpl.java:register(276)) - Sink prometheus already exists!
2020-06-02 21:43:38,472 [Listener at 127.0.0.1/39505] INFO  http.BaseHttpServer (BaseHttpServer.java:updateConnectorAddress(325)) - HTTP server of ozoneManager listening at http://0.0.0.0:37101
2020-06-02 21:43:38,481 [org.apache.hadoop.util.JvmPauseMonitor$Monitor@682bc2b] INFO  util.JvmPauseMonitor (JvmPauseMonitor.java:run(188)) - Starting JVM pause monitor
2020-06-02 21:43:38,596 [Listener at 127.0.0.1/39505] INFO  metrics.MetricRegistries (MetricRegistriesLoader.java:load(64)) - Loaded MetricRegistries class org.apache.ratis.metrics.impl.MetricRegistriesImpl
2020-06-02 21:43:38,598 [Listener at 127.0.0.1/39505] INFO  impl.MetricsSystemImpl (MetricsSystemImpl.java:init(158)) - HddsDatanode metrics system started (again)
2020-06-02 21:43:38,603 [Listener at 127.0.0.1/39505] INFO  ozone.HddsDatanodeService (HddsDatanodeService.java:start(205)) - HddsDatanodeService host:f720cdcd0861 ip:172.17.0.2
2020-06-02 21:43:38,670 [Listener at 127.0.0.1/39505] INFO  volume.HddsVolume (HddsVolume.java:<init>(176)) - Creating Volume: /github/workspace/mnt/ozone/hadoop-ozone/integration-test/target/test-dir/MiniOzoneClusterImpl-67089c58-c048-46d6-b487-14ab66622b4f/datanode-0/data-0/containers/hdds of storage type : DISK and capacity : 9223372036854775807
2020-06-02 21:43:38,673 [Listener at 127.0.0.1/39505] INFO  volume.MutableVolumeSet (MutableVolumeSet.java:initializeVolumeSet(181)) - Added Volume : /github/workspace/mnt/ozone/hadoop-ozone/integration-test/target/test-dir/MiniOzoneClusterImpl-67089c58-c048-46d6-b487-14ab66622b4f/datanode-0/data-0/containers/hdds to VolumeSet
2020-06-02 21:43:38,674 [Listener at 127.0.0.1/39505] INFO  volume.HddsVolume (HddsVolume.java:<init>(176)) - Creating Volume: /github/workspace/mnt/ozone/hadoop-ozone/integration-test/target/test-dir/MiniOzoneClusterImpl-67089c58-c048-46d6-b487-14ab66622b4f/datanode-0/data-1/containers/hdds of storage type : DISK and capacity : 9223372036854775807
2020-06-02 21:43:38,674 [Listener at 127.0.0.1/39505] INFO  volume.MutableVolumeSet (MutableVolumeSet.java:initializeVolumeSet(181)) - Added Volume : /github/workspace/mnt/ozone/hadoop-ozone/integration-test/target/test-dir/MiniOzoneClusterImpl-67089c58-c048-46d6-b487-14ab66622b4f/datanode-0/data-1/containers/hdds to VolumeSet
2020-06-02 21:43:38,675 [Listener at 127.0.0.1/39505] INFO  volume.HddsVolume (HddsVolume.java:<init>(176)) - Creating Volume: /github/workspace/mnt/ozone/hadoop-ozone/integration-test/target/test-dir/MiniOzoneClusterImpl-67089c58-c048-46d6-b487-14ab66622b4f/datanode-0/data-2/containers/hdds of storage type : DISK and capacity : 9223372036854775807
2020-06-02 21:43:38,675 [Listener at 127.0.0.1/39505] INFO  volume.MutableVolumeSet (MutableVolumeSet.java:initializeVolumeSet(181)) - Added Volume : /github/workspace/mnt/ozone/hadoop-ozone/integration-test/target/test-dir/MiniOzoneClusterImpl-67089c58-c048-46d6-b487-14ab66622b4f/datanode-0/data-2/containers/hdds to VolumeSet
2020-06-02 21:43:38,676 [Listener at 127.0.0.1/39505] INFO  volume.ThrottledAsyncChecker (ThrottledAsyncChecker.java:schedule(141)) - Scheduling a check for /github/workspace/mnt/ozone/hadoop-ozone/integration-test/target/test-dir/MiniOzoneClusterImpl-67089c58-c048-46d6-b487-14ab66622b4f/datanode-0/data-0/containers/hdds
2020-06-02 21:43:38,696 [Listener at 127.0.0.1/39505] INFO  volume.HddsVolumeChecker (HddsVolumeChecker.java:checkAllVolumes(200)) - Scheduled health check for volume /github/workspace/mnt/ozone/hadoop-ozone/integration-test/target/test-dir/MiniOzoneClusterImpl-67089c58-c048-46d6-b487-14ab66622b4f/datanode-0/data-0/containers/hdds
2020-06-02 21:43:38,702 [Listener at 127.0.0.1/39505] INFO  volume.ThrottledAsyncChecker (ThrottledAsyncChecker.java:schedule(141)) - Scheduling a check for /github/workspace/mnt/ozone/hadoop-ozone/integration-test/target/test-dir/MiniOzoneClusterImpl-67089c58-c048-46d6-b487-14ab66622b4f/datanode-0/data-1/containers/hdds
2020-06-02 21:43:38,702 [Listener at 127.0.0.1/39505] INFO  volume.HddsVolumeChecker (HddsVolumeChecker.java:checkAllVolumes(200)) - Scheduled health check for volume /github/workspace/mnt/ozone/hadoop-ozone/integration-test/target/test-dir/MiniOzoneClusterImpl-67089c58-c048-46d6-b487-14ab66622b4f/datanode-0/data-1/containers/hdds
2020-06-02 21:43:38,702 [Listener at 127.0.0.1/39505] INFO  volume.ThrottledAsyncChecker (ThrottledAsyncChecker.java:schedule(141)) - Scheduling a check for /github/workspace/mnt/ozone/hadoop-ozone/integration-test/target/test-dir/MiniOzoneClusterImpl-67089c58-c048-46d6-b487-14ab66622b4f/datanode-0/data-2/containers/hdds
2020-06-02 21:43:38,702 [Listener at 127.0.0.1/39505] INFO  volume.HddsVolumeChecker (HddsVolumeChecker.java:checkAllVolumes(200)) - Scheduled health check for volume /github/workspace/mnt/ozone/hadoop-ozone/integration-test/target/test-dir/MiniOzoneClusterImpl-67089c58-c048-46d6-b487-14ab66622b4f/datanode-0/data-2/containers/hdds
2020-06-02 21:43:38,868 [Listener at 127.0.0.1/39505] INFO  impl.RaftServerProxy (ConfUtils.java:logGet(44)) - raft.rpc.type = GRPC (default)
2020-06-02 21:43:38,935 [Listener at 127.0.0.1/39505] INFO  grpc.GrpcFactory (GrpcFactory.java:checkPooledByteBufAllocatorUseCacheForAllThreads(45)) - PERFORMANCE WARNING: useCacheForAllThreads is true that may cause Netty to create a lot garbage objects and, as a result, trigger GC.
	It is recommended to disable useCacheForAllThreads by setting -Dorg.apache.ratis.thirdparty.io.netty.allocator.useCacheForAllThreads=false in command line.
2020-06-02 21:43:38,939 [Listener at 127.0.0.1/39505] INFO  grpc.GrpcConfigKeys (ConfUtils.java:logGet(44)) - raft.grpc.server.port = 0 (default)
2020-06-02 21:43:38,941 [Listener at 127.0.0.1/39505] INFO  server.GrpcService (ConfUtils.java:logGet(44)) - raft.grpc.message.size.max = 32MB (=33554432) (custom)
2020-06-02 21:43:38,942 [Listener at 127.0.0.1/39505] INFO  server.RaftServerConfigKeys (ConfUtils.java:logGet(44)) - raft.server.log.appender.buffer.byte-limit = 33554432 (custom)
2020-06-02 21:43:38,943 [Listener at 127.0.0.1/39505] INFO  server.GrpcService (ConfUtils.java:logGet(44)) - raft.grpc.flow.control.window = 5MB (=5242880) (custom)
2020-06-02 21:43:38,944 [Listener at 127.0.0.1/39505] INFO  server.RaftServerConfigKeys (ConfUtils.java:logGet(44)) - raft.server.rpc.request.timeout = 60s (custom)
2020-06-02 21:43:39,120 [Listener at 127.0.0.1/39505] INFO  server.RaftServerConfigKeys (ConfUtils.java:logGet(44)) - raft.server.storage.dir = [/github/workspace/mnt/ozone/hadoop-ozone/integration-test/target/test-dir/MiniOzoneClusterImpl-67089c58-c048-46d6-b487-14ab66622b4f/datanode-0/data/ratis] (custom)
2020-06-02 21:43:39,200 [Listener at 127.0.0.1/39505] INFO  http.BaseHttpServer (BaseHttpServer.java:newHttpServer2BuilderForOzone(205)) - Starting Web-server for hddsDatanode at: http://0.0.0.0:0
2020-06-02 21:43:39,200 [Listener at 127.0.0.1/39505] INFO  http.BaseHttpServer (BaseHttpServer.java:<init>(106)) - Hadoop Security Enabled: false Ozone Security Enabled: false Ozone HTTP Security Enabled: false 
2020-06-02 21:43:39,202 [Listener at 127.0.0.1/39505] INFO  server.AuthenticationFilter (AuthenticationFilter.java:constructSecretProvider(240)) - Unable to initialize FileSignerSecretProvider, falling back to use random secrets.
2020-06-02 21:43:39,202 [Listener at 127.0.0.1/39505] WARN  http.HttpRequestLog (HttpRequestLog.java:getRequestLog(103)) - Jetty request log can only be enabled using Log4j
2020-06-02 21:43:39,203 [Listener at 127.0.0.1/39505] INFO  http.HttpServer2 (HttpServer2.java:addGlobalFilter(993)) - Added global filter 'safety' (class=org.apache.hadoop.hdds.server.http.HttpServer2$QuotingInputFilter)
2020-06-02 21:43:39,204 [Listener at 127.0.0.1/39505] INFO  http.HttpServer2 (HttpServer2.java:addFilter(969)) - Added filter authentication (class=org.apache.hadoop.security.authentication.server.AuthenticationFilter) to context hddsDatanode
2020-06-02 21:43:39,204 [Listener at 127.0.0.1/39505] INFO  http.HttpServer2 (HttpServer2.java:addFilter(977)) - Added filter authentication (class=org.apache.hadoop.security.authentication.server.AuthenticationFilter) to context logs
2020-06-02 21:43:39,204 [Listener at 127.0.0.1/39505] INFO  http.HttpServer2 (HttpServer2.java:addFilter(977)) - Added filter authentication (class=org.apache.hadoop.security.authentication.server.AuthenticationFilter) to context static
2020-06-02 21:43:39,204 [Listener at 127.0.0.1/39505] INFO  http.HttpServer2 (HttpServer2.java:bindListener(1211)) - Jetty bound to port 41649
2020-06-02 21:43:39,205 [Listener at 127.0.0.1/39505] INFO  server.Server (Server.java:doStart(359)) - jetty-9.4.26.v20200117; built: 2020-01-17T12:35:33.676Z; git: 7b38981d25d14afb4a12ff1f2596756144edf695; jvm 1.8.0_232-b09
2020-06-02 21:43:39,213 [Listener at 127.0.0.1/39505] INFO  server.session (DefaultSessionIdManager.java:doStart(333)) - DefaultSessionIdManager workerName=node0
2020-06-02 21:43:39,213 [Listener at 127.0.0.1/39505] INFO  server.session (DefaultSessionIdManager.java:doStart(338)) - No SessionScavenger set, using defaults
2020-06-02 21:43:39,214 [Listener at 127.0.0.1/39505] INFO  server.session (HouseKeeper.java:startScavenging(140)) - node0 Scavenging every 660000ms
2020-06-02 21:43:39,214 [Listener at 127.0.0.1/39505] INFO  server.AuthenticationFilter (AuthenticationFilter.java:constructSecretProvider(240)) - Unable to initialize FileSignerSecretProvider, falling back to use random secrets.
2020-06-02 21:43:39,215 [Listener at 127.0.0.1/39505] INFO  handler.ContextHandler (ContextHandler.java:doStart(825)) - Started o.e.j.s.ServletContextHandler@6d8a960e{logs,/logs,file:///github/workspace/mnt/ozone/hadoop-ozone/integration-test/target/log,AVAILABLE}
2020-06-02 21:43:39,215 [Listener at 127.0.0.1/39505] INFO  handler.ContextHandler (ContextHandler.java:doStart(825)) - Started o.e.j.s.ServletContextHandler@7078add3{static,/static,jar:file:/home/user/.m2/repository/org/apache/hadoop/hadoop-hdds-container-service/0.6.0-SNAPSHOT/hadoop-hdds-container-service-0.6.0-SNAPSHOT.jar!/webapps/static,AVAILABLE}
2020-06-02 21:43:39,257 [Listener at 127.0.0.1/39505] INFO  handler.ContextHandler (ContextHandler.java:doStart(825)) - Started o.e.j.w.WebAppContext@296f8c84{hddsDatanode,/,file:///tmp/jetty-0_0_0_0-41649-hadoop-hdds-container-service-0_6_0-SNAPSHOT_jar-_-any-2199383633366212302.dir/webapp/,AVAILABLE}{jar:file:/home/user/.m2/repository/org/apache/hadoop/hadoop-hdds-container-service/0.6.0-SNAPSHOT/hadoop-hdds-container-service-0.6.0-SNAPSHOT.jar!/webapps/hddsDatanode}
2020-06-02 21:43:39,258 [Listener at 127.0.0.1/39505] INFO  server.AbstractConnector (AbstractConnector.java:doStart(330)) - Started ServerConnector@355cd0ab{HTTP/1.1,[http/1.1]}{0.0.0.0:41649}
2020-06-02 21:43:39,258 [Listener at 127.0.0.1/39505] INFO  server.Server (Server.java:doStart(399)) - Started @4832ms
2020-06-02 21:43:39,259 [Listener at 127.0.0.1/39505] WARN  impl.MetricsSystemImpl (MetricsSystemImpl.java:register(276)) - Sink prometheus already exists!
2020-06-02 21:43:39,262 [Listener at 127.0.0.1/39505] INFO  http.BaseHttpServer (BaseHttpServer.java:updateConnectorAddress(325)) - HTTP server of hddsDatanode listening at http://0.0.0.0:41649
2020-06-02 21:43:39,263 [Listener at 127.0.0.1/39505] INFO  ozone.MiniOzoneClusterImpl (MiniOzoneClusterImpl.java:lambda$waitForClusterToBeReady$0(177)) - Waiting for nodes to be ready. Got 0 of 1 DN Heartbeats.
2020-06-02 21:43:39,263 [Listener at 127.0.0.1/39505] INFO  ozone.MiniOzoneClusterImpl (MiniOzoneClusterImpl.java:lambda$waitForClusterToBeReady$0(180)) - Waiting for cluster to exit safe mode
2020-06-02 21:43:39,281 [org.apache.hadoop.util.JvmPauseMonitor$Monitor@3deac2fd] INFO  util.JvmPauseMonitor (JvmPauseMonitor.java:run(188)) - Starting JVM pause monitor
2020-06-02 21:43:39,397 [Datanode State Machine Thread - 0] INFO  datanode.InitDatanodeState (InitDatanodeState.java:persistContainerDatanodeDetails(145)) - DatanodeDetails is persisted to /github/workspace/mnt/ozone/hadoop-ozone/integration-test/target/test-dir/MiniOzoneClusterImpl-67089c58-c048-46d6-b487-14ab66622b4f/datanode-0/meta/datanode.id
2020-06-02 21:43:40,264 [Listener at 127.0.0.1/39505] INFO  ozone.MiniOzoneClusterImpl (MiniOzoneClusterImpl.java:lambda$waitForClusterToBeReady$0(177)) - Waiting for nodes to be ready. Got 0 of 1 DN Heartbeats.
2020-06-02 21:43:40,264 [Listener at 127.0.0.1/39505] INFO  ozone.MiniOzoneClusterImpl (MiniOzoneClusterImpl.java:lambda$waitForClusterToBeReady$0(180)) - Waiting for cluster to exit safe mode
2020-06-02 21:43:41,264 [Listener at 127.0.0.1/39505] INFO  ozone.MiniOzoneClusterImpl (MiniOzoneClusterImpl.java:lambda$waitForClusterToBeReady$0(177)) - Waiting for nodes to be ready. Got 0 of 1 DN Heartbeats.
2020-06-02 21:43:41,265 [Listener at 127.0.0.1/39505] INFO  ozone.MiniOzoneClusterImpl (MiniOzoneClusterImpl.java:lambda$waitForClusterToBeReady$0(180)) - Waiting for cluster to exit safe mode
2020-06-02 21:43:41,344 [Datanode State Machine Thread - 0] INFO  ozoneimpl.OzoneContainer (OzoneContainer.java:start(232)) - Attempting to start container services.
2020-06-02 21:43:41,345 [Datanode State Machine Thread - 0] INFO  ozoneimpl.OzoneContainer (OzoneContainer.java:startContainerScrub(196)) - Background container scanner has been disabled.
2020-06-02 21:43:41,345 [Datanode State Machine Thread - 0] INFO  ratis.XceiverServerRatis (XceiverServerRatis.java:start(425)) - Starting XceiverServerRatis a668417c-eea7-4e40-a589-d76303ac3d09 at port 0
2020-06-02 21:43:41,371 [Datanode State Machine Thread - 0] INFO  impl.RaftServerProxy (RaftServerProxy.java:lambda$start$3(299)) - a668417c-eea7-4e40-a589-d76303ac3d09: start RPC server
2020-06-02 21:43:41,436 [Datanode State Machine Thread - 0] INFO  server.GrpcService (GrpcService.java:startImpl(159)) - a668417c-eea7-4e40-a589-d76303ac3d09: GrpcService started, listening on 0.0.0.0/0.0.0.0:43593
2020-06-02 21:43:41,436 [Datanode State Machine Thread - 0] INFO  ratis.XceiverServerRatis (XceiverServerRatis.java:start(437)) - XceiverServerRatis a668417c-eea7-4e40-a589-d76303ac3d09 is started using port 43593
2020-06-02 21:43:41,440 [Datanode State Machine Thread - 0] INFO  server.XceiverServerGrpc (XceiverServerGrpc.java:start(145)) - XceiverServerGrpc a668417c-eea7-4e40-a589-d76303ac3d09 is started using port 45035
2020-06-02 21:43:42,265 [Listener at 127.0.0.1/39505] INFO  ozone.MiniOzoneClusterImpl (MiniOzoneClusterImpl.java:lambda$waitForClusterToBeReady$0(177)) - Waiting for nodes to be ready. Got 0 of 1 DN Heartbeats.
2020-06-02 21:43:42,266 [Listener at 127.0.0.1/39505] INFO  ozone.MiniOzoneClusterImpl (MiniOzoneClusterImpl.java:lambda$waitForClusterToBeReady$0(180)) - Waiting for cluster to exit safe mode
2020-06-02 21:43:43,266 [Listener at 127.0.0.1/39505] INFO  ozone.MiniOzoneClusterImpl (MiniOzoneClusterImpl.java:lambda$waitForClusterToBeReady$0(177)) - Waiting for nodes to be ready. Got 0 of 1 DN Heartbeats.
2020-06-02 21:43:43,266 [Listener at 127.0.0.1/39505] INFO  ozone.MiniOzoneClusterImpl (MiniOzoneClusterImpl.java:lambda$waitForClusterToBeReady$0(180)) - Waiting for cluster to exit safe mode
2020-06-02 21:43:43,315 [IPC Server handler 0 on default port 35267] INFO  net.NetworkTopology (NetworkTopologyImpl.java:add(111)) - Added a new node: /default-rack/a668417c-eea7-4e40-a589-d76303ac3d09
2020-06-02 21:43:43,315 [IPC Server handler 0 on default port 35267] INFO  node.SCMNodeManager (SCMNodeManager.java:register(268)) - Registered Data node : a668417c-eea7-4e40-a589-d76303ac3d09{ip: 172.17.0.2, host: f720cdcd0861, networkLocation: /default-rack, certSerialId: null}
2020-06-02 21:43:43,320 [EventQueue-NodeRegistrationContainerReportForDataNodeSafeModeRule] INFO  safemode.SCMSafeModeManager (DataNodeSafeModeRule.java:process(71)) - SCM in safe mode. 1 DataNodes registered, 1 required.
2020-06-02 21:43:43,320 [EventQueue-NodeRegistrationContainerReportForDataNodeSafeModeRule] INFO  safemode.SCMSafeModeManager (SCMSafeModeManager.java:validateSafeModeExitRules(213)) - DataNodeSafeModeRule rule is successfully validated
2020-06-02 21:43:43,320 [EventQueue-NodeRegistrationContainerReportForDataNodeSafeModeRule] INFO  safemode.SCMSafeModeManager (SCMSafeModeManager.java:completePreCheck(241)) - All SCM safe mode pre check rules have passed
2020-06-02 21:43:43,324 [EventQueue-NodeRegistrationContainerReportForContainerSafeModeRule] INFO  safemode.SCMSafeModeManager (SCMSafeModeManager.java:validateSafeModeExitRules(213)) - ContainerSafeModeRule rule is successfully validated
2020-06-02 21:43:43,330 [RatisPipelineUtilsThread] INFO  pipeline.RatisPipelineProvider (RatisPipelineProvider.java:lambda$create$0(138)) - Sending CreatePipelineCommand for pipeline:PipelineID=4cf828ba-2da6-4c5d-96ac-c0b752f66faa to datanode:a668417c-eea7-4e40-a589-d76303ac3d09
2020-06-02 21:43:43,342 [RatisPipelineUtilsThread] INFO  pipeline.PipelineStateManager (PipelineStateManager.java:addPipeline(54)) - Created pipeline Pipeline[ Id: 4cf828ba-2da6-4c5d-96ac-c0b752f66faa, Nodes: a668417c-eea7-4e40-a589-d76303ac3d09{ip: 172.17.0.2, host: f720cdcd0861, networkLocation: /default-rack, certSerialId: null}, Type:RATIS, Factor:ONE, State:ALLOCATED, leaderId:null, CreationTimestamp2020-06-02T21:43:43.327Z]
2020-06-02 21:43:43,344 [RatisPipelineUtilsThread] ERROR pipeline.SCMPipelineManager (SCMPipelineManager.java:createPipeline(222)) - Failed to create pipeline of type RATIS and factor ONE. Exception: Cannot create pipeline of factor 1 using 0 nodes. Used 1 nodes. Healthy nodes 1
2020-06-02 21:43:43,344 [RatisPipelineUtilsThread] WARN  pipeline.PipelinePlacementPolicy (PipelinePlacementPolicy.java:filterViableNodes(133)) - Pipeline creation failed due to no sufficient healthy datanodes. Required 3. Found 1.
2020-06-02 21:43:43,344 [RatisPipelineUtilsThread] ERROR pipeline.SCMPipelineManager (SCMPipelineManager.java:createPipeline(222)) - Failed to create pipeline of type RATIS and factor THREE. Exception: Pipeline creation failed due to no sufficient healthy datanodes. Required 3. Found 1.
2020-06-02 21:43:44,267 [Listener at 127.0.0.1/39505] INFO  ozone.MiniOzoneClusterImpl (MiniOzoneClusterImpl.java:lambda$waitForClusterToBeReady$0(177)) - Nodes are ready. Got 1 of 1 DN Heartbeats.
2020-06-02 21:43:44,267 [Listener at 127.0.0.1/39505] INFO  ozone.MiniOzoneClusterImpl (MiniOzoneClusterImpl.java:lambda$waitForClusterToBeReady$0(180)) - Waiting for cluster to exit safe mode
2020-06-02 21:43:45,267 [Listener at 127.0.0.1/39505] INFO  ozone.MiniOzoneClusterImpl (MiniOzoneClusterImpl.java:lambda$waitForClusterToBeReady$0(177)) - Nodes are ready. Got 1 of 1 DN Heartbeats.
2020-06-02 21:43:45,268 [Listener at 127.0.0.1/39505] INFO  ozone.MiniOzoneClusterImpl (MiniOzoneClusterImpl.java:lambda$waitForClusterToBeReady$0(180)) - Waiting for cluster to exit safe mode
2020-06-02 21:43:46,268 [Listener at 127.0.0.1/39505] INFO  ozone.MiniOzoneClusterImpl (MiniOzoneClusterImpl.java:lambda$waitForClusterToBeReady$0(177)) - Nodes are ready. Got 1 of 1 DN Heartbeats.
2020-06-02 21:43:46,268 [Listener at 127.0.0.1/39505] INFO  ozone.MiniOzoneClusterImpl (MiniOzoneClusterImpl.java:lambda$waitForClusterToBeReady$0(180)) - Waiting for cluster to exit safe mode
2020-06-02 21:43:46,301 [Command processor thread] INFO  impl.RaftServerProxy (RaftServerProxy.java:addNew(89)) - a668417c-eea7-4e40-a589-d76303ac3d09: addNew group-C0B752F66FAA:[a668417c-eea7-4e40-a589-d76303ac3d09:172.17.0.2:43593] returns group-C0B752F66FAA:java.util.concurrent.CompletableFuture@146fb3cd[Not completed]
2020-06-02 21:43:46,323 [pool-43-thread-1] INFO  impl.RaftServerImpl (RaftServerImpl.java:<init>(98)) - a668417c-eea7-4e40-a589-d76303ac3d09: new RaftServerImpl for group-C0B752F66FAA:[a668417c-eea7-4e40-a589-d76303ac3d09:172.17.0.2:43593] with ContainerStateMachine:uninitialized
2020-06-02 21:43:46,324 [pool-43-thread-1] INFO  server.RaftServerConfigKeys (ConfUtils.java:logGet(44)) - raft.server.rpc.timeout.min = 5s (custom)
2020-06-02 21:43:46,324 [pool-43-thread-1] INFO  server.RaftServerConfigKeys (ConfUtils.java:logGet(44)) - raft.server.rpc.timeout.max = 5200ms (custom)
2020-06-02 21:43:46,325 [pool-43-thread-1] INFO  server.RaftServerConfigKeys (ConfUtils.java:logGet(44)) - raft.server.rpcslowness.timeout = 300s (custom)
2020-06-02 21:43:46,325 [pool-43-thread-1] INFO  server.RaftServerConfigKeys (ConfUtils.java:logGet(44)) - raft.server.sleep.deviation.threshold = 300 (default)
2020-06-02 21:43:46,326 [pool-43-thread-1] INFO  server.RaftServerConfigKeys (ConfUtils.java:logGet(44)) - raft.server.log.appender.install.snapshot.enabled = false (custom)
2020-06-02 21:43:46,331 [pool-43-thread-1] INFO  impl.RaftServerImpl (ServerState.java:<init>(103)) - a668417c-eea7-4e40-a589-d76303ac3d09@group-C0B752F66FAA: ConfigurationManager, init=-1: [a668417c-eea7-4e40-a589-d76303ac3d09:172.17.0.2:43593], old=null, confs=<EMPTY_MAP>
2020-06-02 21:43:46,332 [pool-43-thread-1] INFO  server.RaftServerConfigKeys (ConfUtils.java:logGet(44)) - raft.server.storage.dir = [/github/workspace/mnt/ozone/hadoop-ozone/integration-test/target/test-dir/MiniOzoneClusterImpl-67089c58-c048-46d6-b487-14ab66622b4f/datanode-0/data/ratis] (custom)
2020-06-02 21:43:46,338 [pool-43-thread-1] INFO  server.RaftServerConfigKeys (ConfUtils.java:logGet(44)) - raft.server.log.corruption.policy = EXCEPTION (default)
2020-06-02 21:43:46,339 [pool-43-thread-1] INFO  storage.RaftStorageDirectory (RaftStorageDirectory.java:analyzeStorage(261)) - The storage directory /github/workspace/mnt/ozone/hadoop-ozone/integration-test/target/test-dir/MiniOzoneClusterImpl-67089c58-c048-46d6-b487-14ab66622b4f/datanode-0/data/ratis/4cf828ba-2da6-4c5d-96ac-c0b752f66faa does not exist. Creating ...
2020-06-02 21:43:46,344 [pool-43-thread-1] INFO  storage.RaftStorageDirectory (RaftStorageDirectory.java:tryLock(343)) - Lock on /github/workspace/mnt/ozone/hadoop-ozone/integration-test/target/test-dir/MiniOzoneClusterImpl-67089c58-c048-46d6-b487-14ab66622b4f/datanode-0/data/ratis/4cf828ba-2da6-4c5d-96ac-c0b752f66faa/in_use.lock acquired by nodename 11745@f720cdcd0861
2020-06-02 21:43:46,348 [pool-43-thread-1] INFO  storage.RaftStorage (RaftStorage.java:format(84)) - Storage directory /github/workspace/mnt/ozone/hadoop-ozone/integration-test/target/test-dir/MiniOzoneClusterImpl-67089c58-c048-46d6-b487-14ab66622b4f/datanode-0/data/ratis/4cf828ba-2da6-4c5d-96ac-c0b752f66faa has been successfully formatted.
2020-06-02 21:43:46,354 [pool-43-thread-1] INFO  ratis.ContainerStateMachine (ContainerStateMachine.java:loadSnapshot(226)) - group-C0B752F66FAA: The snapshot info is null. Setting the last applied indexto:(t:0, i:~)
2020-06-02 21:43:46,354 [Datanode State Machine Thread - 0] ERROR statemachine.DatanodeStateMachine (DatanodeStateMachine.java:lambda$startDaemon$0(378)) - Unable to start the DatanodeState Machine
java.io.IOException: Unable to finish the execution.
	at org.apache.hadoop.ozone.container.common.statemachine.DatanodeStateMachine.start(DatanodeStateMachine.java:219)
	at org.apache.hadoop.ozone.container.common.statemachine.DatanodeStateMachine.lambda$startDaemon$0(DatanodeStateMachine.java:375)
	at java.lang.Thread.run(Thread.java:748)
Caused by: java.lang.InterruptedException: sleep interrupted
	at java.lang.Thread.sleep(Native Method)
	at org.apache.hadoop.ozone.container.common.statemachine.DatanodeStateMachine.start(DatanodeStateMachine.java:212)
	... 2 more
2020-06-02 21:43:46,355 [pool-43-thread-1] INFO  server.RaftServerConfigKeys (ConfUtils.java:logGet(44)) - raft.server.notification.no-leader.timeout = 60s (default)
2020-06-02 21:43:46,360 [pool-43-thread-1] INFO  server.RaftServerConfigKeys (ConfUtils.java:logGet(44)) - raft.server.log.use.memory = false (default)
2020-06-02 21:43:46,366 [pool-43-thread-1] INFO  server.RaftServerConfigKeys (ConfUtils.java:logGet(44)) - raft.server.log.purge.gap = 1000000 (custom)
2020-06-02 21:43:46,366 [pool-43-thread-1] INFO  server.RaftServerConfigKeys (ConfUtils.java:logGet(44)) - raft.server.log.appender.buffer.byte-limit = 33554432 (custom)
2020-06-02 21:43:46,368 [pool-43-thread-1] INFO  server.RaftServerConfigKeys (ConfUtils.java:logGet(44)) - raft.server.log.segment.size.max = 1048576 (custom)
2020-06-02 21:43:46,372 [pool-43-thread-1] INFO  metrics.RatisMetrics (RatisMetrics.java:lambda$create$0(39)) - Creating Metrics Registry : ratis.log_worker.a668417c-eea7-4e40-a589-d76303ac3d09
2020-06-02 21:43:46,383 [pool-43-thread-1] INFO  server.RaftServerConfigKeys (ConfUtils.java:logGet(44)) - raft.server.log.segment.cache.num.max = 2 (custom)
2020-06-02 21:43:46,387 [pool-43-thread-1] INFO  segmented.SegmentedRaftLogWorker (SegmentedRaftLogWorker.java:<init>(176)) - new a668417c-eea7-4e40-a589-d76303ac3d09@group-C0B752F66FAA-SegmentedRaftLogWorker for RaftStorage:Storage Directory /github/workspace/mnt/ozone/hadoop-ozone/integration-test/target/test-dir/MiniOzoneClusterImpl-67089c58-c048-46d6-b487-14ab66622b4f/datanode-0/data/ratis/4cf828ba-2da6-4c5d-96ac-c0b752f66faa
2020-06-02 21:43:46,388 [pool-43-thread-1] INFO  server.RaftServerConfigKeys (ConfUtils.java:logGet(44)) - raft.server.log.queue.byte-limit = 2147483647 (custom)
2020-06-02 21:43:46,390 [pool-43-thread-1] INFO  server.RaftServerConfigKeys (ConfUtils.java:logGet(44)) - raft.server.log.queue.element-limit = 1024 (custom)
2020-06-02 21:43:46,391 [pool-43-thread-1] INFO  server.RaftServerConfigKeys (ConfUtils.java:logGet(44)) - raft.server.log.segment.size.max = 1048576 (custom)
2020-06-02 21:43:46,391 [pool-43-thread-1] INFO  server.RaftServerConfigKeys (ConfUtils.java:logGet(44)) - raft.server.log.preallocated.size = 16384 (custom)
2020-06-02 21:43:46,392 [pool-43-thread-1] INFO  server.RaftServerConfigKeys (ConfUtils.java:logGet(44)) - raft.server.log.write.buffer.size = 1048576 (custom)
2020-06-02 21:43:46,392 [pool-43-thread-1] INFO  server.RaftServerConfigKeys (ConfUtils.java:logGet(44)) - raft.server.log.force.sync.num = 128 (default)
2020-06-02 21:43:46,398 [pool-43-thread-1] INFO  server.RaftServerConfigKeys (ConfUtils.java:logGet(44)) - raft.server.log.statemachine.data.sync = true (default)
2020-06-02 21:43:46,399 [pool-43-thread-1] INFO  server.RaftServerConfigKeys (ConfUtils.java:logGet(44)) - raft.server.log.statemachine.data.sync.timeout = 10s (default)
2020-06-02 21:43:46,403 [pool-43-thread-1] INFO  server.RaftServerConfigKeys (ConfUtils.java:logGet(44)) - raft.server.log.statemachine.data.sync.timeout.retry = -1 (default)
2020-06-02 21:43:46,415 [pool-43-thread-1] INFO  server.RaftServerConfigKeys (ConfUtils.java:logGet(44)) - raft.server.log.statemachine.data.caching.enabled = true (custom)
2020-06-02 21:43:46,418 [pool-43-thread-1] INFO  segmented.SegmentedRaftLogWorker (SegmentedRaftLogWorker.java:lambda$new$0(129)) - a668417c-eea7-4e40-a589-d76303ac3d09@group-C0B752F66FAA-SegmentedRaftLogWorker: flushIndex: setUnconditionally 0 -> -1
2020-06-02 21:43:46,421 [pool-43-thread-1] INFO  server.RaftServerConfigKeys (ConfUtils.java:logGet(44)) - raft.server.snapshot.auto.trigger.enabled = true (custom)
2020-06-02 21:43:46,425 [pool-43-thread-1] INFO  server.RaftServerConfigKeys (ConfUtils.java:logGet(44)) - raft.server.snapshot.auto.trigger.threshold = 10000 (custom)
2020-06-02 21:43:46,426 [pool-43-thread-1] INFO  server.RaftServerConfigKeys (ConfUtils.java:logGet(44)) - raft.server.snapshot.retention.file.num = 5 (custom)
2020-06-02 21:43:46,427 [pool-43-thread-1] INFO  server.RaftServerConfigKeys (ConfUtils.java:logGet(44)) - raft.server.log.purge.upto.snapshot.index = false (default)
2020-06-02 21:43:46,427 [pool-43-thread-1] INFO  server.RaftServerConfigKeys (ConfUtils.java:logGet(44)) - raft.server.retrycache.expirytime = 600000ms (custom)
2020-06-02 21:43:46,445 [pool-43-thread-1] INFO  metrics.RatisMetrics (RatisMetrics.java:lambda$create$0(39)) - Creating Metrics Registry : ratis.leader_election.a668417c-eea7-4e40-a589-d76303ac3d09@group-C0B752F66FAA
2020-06-02 21:43:46,448 [pool-43-thread-1] INFO  metrics.RatisMetrics (RatisMetrics.java:lambda$create$0(39)) - Creating Metrics Registry : ratis.server.a668417c-eea7-4e40-a589-d76303ac3d09@group-C0B752F66FAA
2020-06-02 21:43:46,454 [pool-43-thread-1] INFO  impl.RaftServerImpl (RaftServerImpl.java:start(184)) - a668417c-eea7-4e40-a589-d76303ac3d09@group-C0B752F66FAA: start as a follower, conf=-1: [a668417c-eea7-4e40-a589-d76303ac3d09:172.17.0.2:43593], old=null
2020-06-02 21:43:46,456 [pool-43-thread-1] INFO  impl.RaftServerImpl (RaftServerImpl.java:setRole(173)) - a668417c-eea7-4e40-a589-d76303ac3d09@group-C0B752F66FAA: changes role from      null to FOLLOWER at term 0 for startAsFollower
2020-06-02 21:43:46,457 [pool-43-thread-1] INFO  impl.RoleInfo (RoleInfo.java:updateAndGet(143)) - a668417c-eea7-4e40-a589-d76303ac3d09: start FollowerState
2020-06-02 21:43:46,458 [pool-43-thread-1] INFO  util.JmxRegister (JmxRegister.java:tryRegister(44)) - Successfully registered JMX Bean with object name Ratis:service=RaftServer,group=group-C0B752F66FAA,id=a668417c-eea7-4e40-a589-d76303ac3d09
2020-06-02 21:43:46,460 [pool-43-thread-1] INFO  metrics.RatisMetrics (RatisMetrics.java:lambda$create$0(39)) - Creating Metrics Registry : ratis.state_machine.a668417c-eea7-4e40-a589-d76303ac3d09@group-C0B752F66FAA
2020-06-02 21:43:46,479 [Command processor thread] INFO  commandhandler.CreatePipelineCommandHandler (CreatePipelineCommandHandler.java:handle(109)) - Created Pipeline RATIS ONE #id: "4cf828ba-2da6-4c5d-96ac-c0b752f66faa"
.
2020-06-02 21:43:47,269 [Listener at 127.0.0.1/39505] INFO  ozone.MiniOzoneClusterImpl (MiniOzoneClusterImpl.java:lambda$waitForClusterToBeReady$0(177)) - Nodes are ready. Got 1 of 1 DN Heartbeats.
2020-06-02 21:43:47,269 [Listener at 127.0.0.1/39505] INFO  ozone.MiniOzoneClusterImpl (MiniOzoneClusterImpl.java:lambda$waitForClusterToBeReady$0(180)) - Waiting for cluster to exit safe mode
2020-06-02 21:43:48,269 [Listener at 127.0.0.1/39505] INFO  ozone.MiniOzoneClusterImpl (MiniOzoneClusterImpl.java:lambda$waitForClusterToBeReady$0(177)) - Nodes are ready. Got 1 of 1 DN Heartbeats.
2020-06-02 21:43:48,270 [Listener at 127.0.0.1/39505] INFO  ozone.MiniOzoneClusterImpl (MiniOzoneClusterImpl.java:lambda$waitForClusterToBeReady$0(180)) - Waiting for cluster to exit safe mode
2020-06-02 21:43:49,270 [Listener at 127.0.0.1/39505] INFO  ozone.MiniOzoneClusterImpl (MiniOzoneClusterImpl.java:lambda$waitForClusterToBeReady$0(177)) - Nodes are ready. Got 1 of 1 DN Heartbeats.
2020-06-02 21:43:49,270 [Listener at 127.0.0.1/39505] INFO  ozone.MiniOzoneClusterImpl (MiniOzoneClusterImpl.java:lambda$waitForClusterToBeReady$0(180)) - Waiting for cluster to exit safe mode
2020-06-02 21:43:50,271 [Listener at 127.0.0.1/39505] INFO  ozone.MiniOzoneClusterImpl (MiniOzoneClusterImpl.java:lambda$waitForClusterToBeReady$0(177)) - Nodes are ready. Got 1 of 1 DN Heartbeats.
2020-06-02 21:43:50,271 [Listener at 127.0.0.1/39505] INFO  ozone.MiniOzoneClusterImpl (MiniOzoneClusterImpl.java:lambda$waitForClusterToBeReady$0(180)) - Waiting for cluster to exit safe mode
2020-06-02 21:43:51,271 [Listener at 127.0.0.1/39505] INFO  ozone.MiniOzoneClusterImpl (MiniOzoneClusterImpl.java:lambda$waitForClusterToBeReady$0(177)) - Nodes are ready. Got 1 of 1 DN Heartbeats.
2020-06-02 21:43:51,272 [Listener at 127.0.0.1/39505] INFO  ozone.MiniOzoneClusterImpl (MiniOzoneClusterImpl.java:lambda$waitForClusterToBeReady$0(180)) - Waiting for cluster to exit safe mode
2020-06-02 21:43:51,605 [Thread-154] INFO  impl.FollowerState (FollowerState.java:run(108)) - a668417c-eea7-4e40-a589-d76303ac3d09@group-C0B752F66FAA-FollowerState: change to CANDIDATE, lastRpcTime:5147ms, electionTimeout:5143ms
2020-06-02 21:43:51,608 [Thread-154] INFO  impl.RoleInfo (RoleInfo.java:shutdownFollowerState(121)) - a668417c-eea7-4e40-a589-d76303ac3d09: shutdown FollowerState
2020-06-02 21:43:51,609 [Thread-154] INFO  impl.RaftServerImpl (RaftServerImpl.java:setRole(173)) - a668417c-eea7-4e40-a589-d76303ac3d09@group-C0B752F66FAA: changes role from  FOLLOWER to CANDIDATE at term 0 for changeToCandidate
2020-06-02 21:43:51,611 [Thread-154] INFO  impl.RoleInfo (RoleInfo.java:updateAndGet(143)) - a668417c-eea7-4e40-a589-d76303ac3d09: start LeaderElection
2020-06-02 21:43:51,620 [a668417c-eea7-4e40-a589-d76303ac3d09@group-C0B752F66FAA-LeaderElection1] INFO  impl.LeaderElection (LeaderElection.java:askForVotes(206)) - a668417c-eea7-4e40-a589-d76303ac3d09@group-C0B752F66FAA-LeaderElection1: begin an election at term 1 for -1: [a668417c-eea7-4e40-a589-d76303ac3d09:172.17.0.2:43593], old=null
2020-06-02 21:43:51,621 [a668417c-eea7-4e40-a589-d76303ac3d09@group-C0B752F66FAA-LeaderElection1] INFO  impl.RoleInfo (RoleInfo.java:shutdownLeaderElection(134)) - a668417c-eea7-4e40-a589-d76303ac3d09: shutdown LeaderElection
2020-06-02 21:43:51,621 [a668417c-eea7-4e40-a589-d76303ac3d09@group-C0B752F66FAA-LeaderElection1] INFO  impl.RaftServerImpl (RaftServerImpl.java:setRole(173)) - a668417c-eea7-4e40-a589-d76303ac3d09@group-C0B752F66FAA: changes role from CANDIDATE to LEADER at term 1 for changeToLeader
2020-06-02 21:43:51,622 [a668417c-eea7-4e40-a589-d76303ac3d09@group-C0B752F66FAA-LeaderElection1] INFO  ratis.XceiverServerRatis (XceiverServerRatis.java:handleLeaderChangedNotification(762)) - Leader change notification received for group: group-C0B752F66FAA with new leaderId: a668417c-eea7-4e40-a589-d76303ac3d09
2020-06-02 21:43:51,622 [a668417c-eea7-4e40-a589-d76303ac3d09@group-C0B752F66FAA-LeaderElection1] INFO  impl.RaftServerImpl (ServerState.java:setLeader(255)) - a668417c-eea7-4e40-a589-d76303ac3d09@group-C0B752F66FAA: change Leader from null to a668417c-eea7-4e40-a589-d76303ac3d09 at term 1 for becomeLeader, leader elected after 5267ms
2020-06-02 21:43:51,625 [a668417c-eea7-4e40-a589-d76303ac3d09@group-C0B752F66FAA-LeaderElection1] INFO  server.RaftServerConfigKeys (ConfUtils.java:logGet(44)) - raft.server.staging.catchup.gap = 1000 (default)
2020-06-02 21:43:51,627 [a668417c-eea7-4e40-a589-d76303ac3d09@group-C0B752F66FAA-LeaderElection1] INFO  server.RaftServerConfigKeys (ConfUtils.java:logGet(44)) - raft.server.rpc.sleep.time = 25ms (default)
2020-06-02 21:43:51,631 [a668417c-eea7-4e40-a589-d76303ac3d09@group-C0B752F66FAA-LeaderElection1] INFO  metrics.RatisMetrics (RatisMetrics.java:lambda$create$0(39)) - Creating Metrics Registry : ratis.log_appender.a668417c-eea7-4e40-a589-d76303ac3d09@group-C0B752F66FAA
2020-06-02 21:43:51,635 [a668417c-eea7-4e40-a589-d76303ac3d09@group-C0B752F66FAA-LeaderElection1] INFO  server.RaftServerConfigKeys (ConfUtils.java:logGet(44)) - raft.server.write.element-limit = 1024 (custom)
2020-06-02 21:43:51,637 [a668417c-eea7-4e40-a589-d76303ac3d09@group-C0B752F66FAA-LeaderElection1] INFO  server.RaftServerConfigKeys (ConfUtils.java:logGet(44)) - raft.server.write.byte-limit = 1073741824 (custom)
2020-06-02 21:43:51,657 [a668417c-eea7-4e40-a589-d76303ac3d09@group-C0B752F66FAA-LeaderElection1] INFO  server.RaftServerConfigKeys (ConfUtils.java:logGet(44)) - raft.server.watch.timeout = 180s (custom)
2020-06-02 21:43:51,659 [a668417c-eea7-4e40-a589-d76303ac3d09@group-C0B752F66FAA-LeaderElection1] INFO  server.RaftServerConfigKeys (ConfUtils.java:logGet(44)) - raft.server.watch.timeout.denomination = 1s (default)
2020-06-02 21:43:51,663 [a668417c-eea7-4e40-a589-d76303ac3d09@group-C0B752F66FAA-LeaderElection1] INFO  server.RaftServerConfigKeys (ConfUtils.java:logGet(44)) - raft.server.watch.element-limit = 65536 (default)
2020-06-02 21:43:51,689 [a668417c-eea7-4e40-a589-d76303ac3d09@group-C0B752F66FAA-LeaderElection1] INFO  impl.RoleInfo (RoleInfo.java:updateAndGet(143)) - a668417c-eea7-4e40-a589-d76303ac3d09: start LeaderState
2020-06-02 21:43:51,724 [a668417c-eea7-4e40-a589-d76303ac3d09@group-C0B752F66FAA-LeaderElection1] INFO  segmented.SegmentedRaftLogWorker (SegmentedRaftLogWorker.java:startLogSegment(391)) - a668417c-eea7-4e40-a589-d76303ac3d09@group-C0B752F66FAA-SegmentedRaftLogWorker: Starting segment from index:0
2020-06-02 21:43:51,782 [a668417c-eea7-4e40-a589-d76303ac3d09@group-C0B752F66FAA-LeaderElection1] INFO  impl.RaftServerImpl (ServerState.java:setRaftConf(356)) - a668417c-eea7-4e40-a589-d76303ac3d09@group-C0B752F66FAA: set configuration 0: [a668417c-eea7-4e40-a589-d76303ac3d09:172.17.0.2:43593], old=null at 0
2020-06-02 21:43:51,899 [a668417c-eea7-4e40-a589-d76303ac3d09@group-C0B752F66FAA-SegmentedRaftLogWorker] INFO  segmented.SegmentedRaftLogWorker (SegmentedRaftLogWorker.java:execute(583)) - a668417c-eea7-4e40-a589-d76303ac3d09@group-C0B752F66FAA-SegmentedRaftLogWorker: created new log segment /github/workspace/mnt/ozone/hadoop-ozone/integration-test/target/test-dir/MiniOzoneClusterImpl-67089c58-c048-46d6-b487-14ab66622b4f/datanode-0/data/ratis/4cf828ba-2da6-4c5d-96ac-c0b752f66faa/current/log_inprogress_0
2020-06-02 21:43:52,272 [Listener at 127.0.0.1/39505] INFO  ozone.MiniOzoneClusterImpl (MiniOzoneClusterImpl.java:lambda$waitForClusterToBeReady$0(177)) - Nodes are ready. Got 1 of 1 DN Heartbeats.
2020-06-02 21:43:52,272 [Listener at 127.0.0.1/39505] INFO  ozone.MiniOzoneClusterImpl (MiniOzoneClusterImpl.java:lambda$waitForClusterToBeReady$0(180)) - Waiting for cluster to exit safe mode
2020-06-02 21:43:53,272 [Listener at 127.0.0.1/39505] INFO  ozone.MiniOzoneClusterImpl (MiniOzoneClusterImpl.java:lambda$waitForClusterToBeReady$0(177)) - Nodes are ready. Got 1 of 1 DN Heartbeats.
2020-06-02 21:43:53,273 [Listener at 127.0.0.1/39505] INFO  ozone.MiniOzoneClusterImpl (MiniOzoneClusterImpl.java:lambda$waitForClusterToBeReady$0(180)) - Waiting for cluster to exit safe mode
2020-06-02 21:43:54,273 [Listener at 127.0.0.1/39505] INFO  ozone.MiniOzoneClusterImpl (MiniOzoneClusterImpl.java:lambda$waitForClusterToBeReady$0(177)) - Nodes are ready. Got 1 of 1 DN Heartbeats.
2020-06-02 21:43:54,273 [Listener at 127.0.0.1/39505] INFO  ozone.MiniOzoneClusterImpl (MiniOzoneClusterImpl.java:lambda$waitForClusterToBeReady$0(180)) - Waiting for cluster to exit safe mode
2020-06-02 21:43:55,273 [Listener at 127.0.0.1/39505] INFO  ozone.MiniOzoneClusterImpl (MiniOzoneClusterImpl.java:lambda$waitForClusterToBeReady$0(177)) - Nodes are ready. Got 1 of 1 DN Heartbeats.
2020-06-02 21:43:55,274 [Listener at 127.0.0.1/39505] INFO  ozone.MiniOzoneClusterImpl (MiniOzoneClusterImpl.java:lambda$waitForClusterToBeReady$0(180)) - Waiting for cluster to exit safe mode
2020-06-02 21:43:56,274 [Listener at 127.0.0.1/39505] INFO  ozone.MiniOzoneClusterImpl (MiniOzoneClusterImpl.java:lambda$waitForClusterToBeReady$0(177)) - Nodes are ready. Got 1 of 1 DN Heartbeats.
2020-06-02 21:43:56,274 [Listener at 127.0.0.1/39505] INFO  ozone.MiniOzoneClusterImpl (MiniOzoneClusterImpl.java:lambda$waitForClusterToBeReady$0(180)) - Waiting for cluster to exit safe mode
2020-06-02 21:43:57,274 [Listener at 127.0.0.1/39505] INFO  ozone.MiniOzoneClusterImpl (MiniOzoneClusterImpl.java:lambda$waitForClusterToBeReady$0(177)) - Nodes are ready. Got 1 of 1 DN Heartbeats.
2020-06-02 21:43:57,275 [Listener at 127.0.0.1/39505] INFO  ozone.MiniOzoneClusterImpl (MiniOzoneClusterImpl.java:lambda$waitForClusterToBeReady$0(180)) - Waiting for cluster to exit safe mode
2020-06-02 21:43:58,275 [Listener at 127.0.0.1/39505] INFO  ozone.MiniOzoneClusterImpl (MiniOzoneClusterImpl.java:lambda$waitForClusterToBeReady$0(177)) - Nodes are ready. Got 1 of 1 DN Heartbeats.
2020-06-02 21:43:58,275 [Listener at 127.0.0.1/39505] INFO  ozone.MiniOzoneClusterImpl (MiniOzoneClusterImpl.java:lambda$waitForClusterToBeReady$0(180)) - Waiting for cluster to exit safe mode
2020-06-02 21:43:59,275 [Listener at 127.0.0.1/39505] INFO  ozone.MiniOzoneClusterImpl (MiniOzoneClusterImpl.java:lambda$waitForClusterToBeReady$0(177)) - Nodes are ready. Got 1 of 1 DN Heartbeats.
2020-06-02 21:43:59,275 [Listener at 127.0.0.1/39505] INFO  ozone.MiniOzoneClusterImpl (MiniOzoneClusterImpl.java:lambda$waitForClusterToBeReady$0(180)) - Waiting for cluster to exit safe mode
2020-06-02 21:44:00,276 [Listener at 127.0.0.1/39505] INFO  ozone.MiniOzoneClusterImpl (MiniOzoneClusterImpl.java:lambda$waitForClusterToBeReady$0(177)) - Nodes are ready. Got 1 of 1 DN Heartbeats.
2020-06-02 21:44:00,276 [Listener at 127.0.0.1/39505] INFO  ozone.MiniOzoneClusterImpl (MiniOzoneClusterImpl.java:lambda$waitForClusterToBeReady$0(180)) - Waiting for cluster to exit safe mode
2020-06-02 21:44:01,276 [Listener at 127.0.0.1/39505] INFO  ozone.MiniOzoneClusterImpl (MiniOzoneClusterImpl.java:lambda$waitForClusterToBeReady$0(177)) - Nodes are ready. Got 1 of 1 DN Heartbeats.
2020-06-02 21:44:01,277 [Listener at 127.0.0.1/39505] INFO  ozone.MiniOzoneClusterImpl (MiniOzoneClusterImpl.java:lambda$waitForClusterToBeReady$0(180)) - Waiting for cluster to exit safe mode
2020-06-02 21:44:02,277 [Listener at 127.0.0.1/39505] INFO  ozone.MiniOzoneClusterImpl (MiniOzoneClusterImpl.java:lambda$waitForClusterToBeReady$0(177)) - Nodes are ready. Got 1 of 1 DN Heartbeats.
2020-06-02 21:44:02,277 [Listener at 127.0.0.1/39505] INFO  ozone.MiniOzoneClusterImpl (MiniOzoneClusterImpl.java:lambda$waitForClusterToBeReady$0(180)) - Waiting for cluster to exit safe mode
2020-06-02 21:44:03,277 [Listener at 127.0.0.1/39505] INFO  ozone.MiniOzoneClusterImpl (MiniOzoneClusterImpl.java:lambda$waitForClusterToBeReady$0(177)) - Nodes are ready. Got 1 of 1 DN Heartbeats.
2020-06-02 21:44:03,278 [Listener at 127.0.0.1/39505] INFO  ozone.MiniOzoneClusterImpl (MiniOzoneClusterImpl.java:lambda$waitForClusterToBeReady$0(180)) - Waiting for cluster to exit safe mode
2020-06-02 21:44:04,278 [Listener at 127.0.0.1/39505] INFO  ozone.MiniOzoneClusterImpl (MiniOzoneClusterImpl.java:lambda$waitForClusterToBeReady$0(177)) - Nodes are ready. Got 1 of 1 DN Heartbeats.
2020-06-02 21:44:04,278 [Listener at 127.0.0.1/39505] INFO  ozone.MiniOzoneClusterImpl (MiniOzoneClusterImpl.java:lambda$waitForClusterToBeReady$0(180)) - Waiting for cluster to exit safe mode
2020-06-02 21:44:05,279 [Listener at 127.0.0.1/39505] INFO  ozone.MiniOzoneClusterImpl (MiniOzoneClusterImpl.java:lambda$waitForClusterToBeReady$0(177)) - Nodes are ready. Got 1 of 1 DN Heartbeats.
2020-06-02 21:44:05,279 [Listener at 127.0.0.1/39505] INFO  ozone.MiniOzoneClusterImpl (MiniOzoneClusterImpl.java:lambda$waitForClusterToBeReady$0(180)) - Waiting for cluster to exit safe mode
2020-06-02 21:44:06,279 [Listener at 127.0.0.1/39505] INFO  ozone.MiniOzoneClusterImpl (MiniOzoneClusterImpl.java:lambda$waitForClusterToBeReady$0(177)) - Nodes are ready. Got 1 of 1 DN Heartbeats.
2020-06-02 21:44:06,279 [Listener at 127.0.0.1/39505] INFO  ozone.MiniOzoneClusterImpl (MiniOzoneClusterImpl.java:lambda$waitForClusterToBeReady$0(180)) - Waiting for cluster to exit safe mode
2020-06-02 21:44:07,280 [Listener at 127.0.0.1/39505] INFO  ozone.MiniOzoneClusterImpl (MiniOzoneClusterImpl.java:lambda$waitForClusterToBeReady$0(177)) - Nodes are ready. Got 1 of 1 DN Heartbeats.
2020-06-02 21:44:07,281 [Listener at 127.0.0.1/39505] INFO  ozone.MiniOzoneClusterImpl (MiniOzoneClusterImpl.java:lambda$waitForClusterToBeReady$0(180)) - Waiting for cluster to exit safe mode
2020-06-02 21:44:08,282 [Listener at 127.0.0.1/39505] INFO  ozone.MiniOzoneClusterImpl (MiniOzoneClusterImpl.java:lambda$waitForClusterToBeReady$0(177)) - Nodes are ready. Got 1 of 1 DN Heartbeats.
2020-06-02 21:44:08,282 [Listener at 127.0.0.1/39505] INFO  ozone.MiniOzoneClusterImpl (MiniOzoneClusterImpl.java:lambda$waitForClusterToBeReady$0(180)) - Waiting for cluster to exit safe mode
2020-06-02 21:44:09,282 [Listener at 127.0.0.1/39505] INFO  ozone.MiniOzoneClusterImpl (MiniOzoneClusterImpl.java:lambda$waitForClusterToBeReady$0(177)) - Nodes are ready. Got 1 of 1 DN Heartbeats.
2020-06-02 21:44:09,283 [Listener at 127.0.0.1/39505] INFO  ozone.MiniOzoneClusterImpl (MiniOzoneClusterImpl.java:lambda$waitForClusterToBeReady$0(180)) - Waiting for cluster to exit safe mode
2020-06-02 21:44:10,283 [Listener at 127.0.0.1/39505] INFO  ozone.MiniOzoneClusterImpl (MiniOzoneClusterImpl.java:lambda$waitForClusterToBeReady$0(177)) - Nodes are ready. Got 1 of 1 DN Heartbeats.
2020-06-02 21:44:10,283 [Listener at 127.0.0.1/39505] INFO  ozone.MiniOzoneClusterImpl (MiniOzoneClusterImpl.java:lambda$waitForClusterToBeReady$0(180)) - Waiting for cluster to exit safe mode
2020-06-02 21:44:11,286 [Listener at 127.0.0.1/39505] INFO  ozone.MiniOzoneClusterImpl (MiniOzoneClusterImpl.java:lambda$waitForClusterToBeReady$0(177)) - Nodes are ready. Got 1 of 1 DN Heartbeats.
2020-06-02 21:44:11,286 [Listener at 127.0.0.1/39505] INFO  ozone.MiniOzoneClusterImpl (MiniOzoneClusterImpl.java:lambda$waitForClusterToBeReady$0(180)) - Waiting for cluster to exit safe mode
2020-06-02 21:44:12,287 [Listener at 127.0.0.1/39505] INFO  ozone.MiniOzoneClusterImpl (MiniOzoneClusterImpl.java:lambda$waitForClusterToBeReady$0(177)) - Nodes are ready. Got 1 of 1 DN Heartbeats.
2020-06-02 21:44:12,287 [Listener at 127.0.0.1/39505] INFO  ozone.MiniOzoneClusterImpl (MiniOzoneClusterImpl.java:lambda$waitForClusterToBeReady$0(180)) - Waiting for cluster to exit safe mode
2020-06-02 21:44:13,287 [Listener at 127.0.0.1/39505] INFO  ozone.MiniOzoneClusterImpl (MiniOzoneClusterImpl.java:lambda$waitForClusterToBeReady$0(177)) - Nodes are ready. Got 1 of 1 DN Heartbeats.
2020-06-02 21:44:13,288 [Listener at 127.0.0.1/39505] INFO  ozone.MiniOzoneClusterImpl (MiniOzoneClusterImpl.java:lambda$waitForClusterToBeReady$0(180)) - Waiting for cluster to exit safe mode
2020-06-02 21:44:14,288 [Listener at 127.0.0.1/39505] INFO  ozone.MiniOzoneClusterImpl (MiniOzoneClusterImpl.java:lambda$waitForClusterToBeReady$0(177)) - Nodes are ready. Got 1 of 1 DN Heartbeats.
2020-06-02 21:44:14,288 [Listener at 127.0.0.1/39505] INFO  ozone.MiniOzoneClusterImpl (MiniOzoneClusterImpl.java:lambda$waitForClusterToBeReady$0(180)) - Waiting for cluster to exit safe mode
2020-06-02 21:44:15,289 [Listener at 127.0.0.1/39505] INFO  ozone.MiniOzoneClusterImpl (MiniOzoneClusterImpl.java:lambda$waitForClusterToBeReady$0(177)) - Nodes are ready. Got 1 of 1 DN Heartbeats.
2020-06-02 21:44:15,289 [Listener at 127.0.0.1/39505] INFO  ozone.MiniOzoneClusterImpl (MiniOzoneClusterImpl.java:lambda$waitForClusterToBeReady$0(180)) - Waiting for cluster to exit safe mode
2020-06-02 21:44:16,289 [Listener at 127.0.0.1/39505] INFO  ozone.MiniOzoneClusterImpl (MiniOzoneClusterImpl.java:lambda$waitForClusterToBeReady$0(177)) - Nodes are ready. Got 1 of 1 DN Heartbeats.
2020-06-02 21:44:16,290 [Listener at 127.0.0.1/39505] INFO  ozone.MiniOzoneClusterImpl (MiniOzoneClusterImpl.java:lambda$waitForClusterToBeReady$0(180)) - Waiting for cluster to exit safe mode
2020-06-02 21:44:17,290 [Listener at 127.0.0.1/39505] INFO  ozone.MiniOzoneClusterImpl (MiniOzoneClusterImpl.java:lambda$waitForClusterToBeReady$0(177)) - Nodes are ready. Got 1 of 1 DN Heartbeats.
2020-06-02 21:44:17,290 [Listener at 127.0.0.1/39505] INFO  ozone.MiniOzoneClusterImpl (MiniOzoneClusterImpl.java:lambda$waitForClusterToBeReady$0(180)) - Waiting for cluster to exit safe mode
2020-06-02 21:44:18,290 [Listener at 127.0.0.1/39505] INFO  ozone.MiniOzoneClusterImpl (MiniOzoneClusterImpl.java:lambda$waitForClusterToBeReady$0(177)) - Nodes are ready. Got 1 of 1 DN Heartbeats.
2020-06-02 21:44:18,291 [Listener at 127.0.0.1/39505] INFO  ozone.MiniOzoneClusterImpl (MiniOzoneClusterImpl.java:lambda$waitForClusterToBeReady$0(180)) - Waiting for cluster to exit safe mode
2020-06-02 21:44:19,292 [Listener at 127.0.0.1/39505] INFO  ozone.MiniOzoneClusterImpl (MiniOzoneClusterImpl.java:lambda$waitForClusterToBeReady$0(177)) - Nodes are ready. Got 1 of 1 DN Heartbeats.
2020-06-02 21:44:19,296 [Listener at 127.0.0.1/39505] INFO  ozone.MiniOzoneClusterImpl (MiniOzoneClusterImpl.java:lambda$waitForClusterToBeReady$0(180)) - Waiting for cluster to exit safe mode
2020-06-02 21:44:20,297 [Listener at 127.0.0.1/39505] INFO  ozone.MiniOzoneClusterImpl (MiniOzoneClusterImpl.java:lambda$waitForClusterToBeReady$0(177)) - Nodes are ready. Got 1 of 1 DN Heartbeats.
2020-06-02 21:44:20,297 [Listener at 127.0.0.1/39505] INFO  ozone.MiniOzoneClusterImpl (MiniOzoneClusterImpl.java:lambda$waitForClusterToBeReady$0(180)) - Waiting for cluster to exit safe mode
2020-06-02 21:44:21,299 [Listener at 127.0.0.1/39505] INFO  ozone.MiniOzoneClusterImpl (MiniOzoneClusterImpl.java:lambda$waitForClusterToBeReady$0(177)) - Nodes are ready. Got 1 of 1 DN Heartbeats.
2020-06-02 21:44:21,299 [Listener at 127.0.0.1/39505] INFO  ozone.MiniOzoneClusterImpl (MiniOzoneClusterImpl.java:lambda$waitForClusterToBeReady$0(180)) - Waiting for cluster to exit safe mode
2020-06-02 21:44:22,299 [Listener at 127.0.0.1/39505] INFO  ozone.MiniOzoneClusterImpl (MiniOzoneClusterImpl.java:lambda$waitForClusterToBeReady$0(177)) - Nodes are ready. Got 1 of 1 DN Heartbeats.
2020-06-02 21:44:22,300 [Listener at 127.0.0.1/39505] INFO  ozone.MiniOzoneClusterImpl (MiniOzoneClusterImpl.java:lambda$waitForClusterToBeReady$0(180)) - Waiting for cluster to exit safe mode
2020-06-02 21:44:23,300 [Listener at 127.0.0.1/39505] INFO  ozone.MiniOzoneClusterImpl (MiniOzoneClusterImpl.java:lambda$waitForClusterToBeReady$0(177)) - Nodes are ready. Got 1 of 1 DN Heartbeats.
2020-06-02 21:44:23,300 [Listener at 127.0.0.1/39505] INFO  ozone.MiniOzoneClusterImpl (MiniOzoneClusterImpl.java:lambda$waitForClusterToBeReady$0(180)) - Waiting for cluster to exit safe mode
2020-06-02 21:44:24,301 [Listener at 127.0.0.1/39505] INFO  ozone.MiniOzoneClusterImpl (MiniOzoneClusterImpl.java:lambda$waitForClusterToBeReady$0(177)) - Nodes are ready. Got 1 of 1 DN Heartbeats.
2020-06-02 21:44:24,301 [Listener at 127.0.0.1/39505] INFO  ozone.MiniOzoneClusterImpl (MiniOzoneClusterImpl.java:lambda$waitForClusterToBeReady$0(180)) - Waiting for cluster to exit safe mode
2020-06-02 21:44:25,303 [Listener at 127.0.0.1/39505] INFO  ozone.MiniOzoneClusterImpl (MiniOzoneClusterImpl.java:lambda$waitForClusterToBeReady$0(177)) - Nodes are ready. Got 1 of 1 DN Heartbeats.
2020-06-02 21:44:25,303 [Listener at 127.0.0.1/39505] INFO  ozone.MiniOzoneClusterImpl (MiniOzoneClusterImpl.java:lambda$waitForClusterToBeReady$0(180)) - Waiting for cluster to exit safe mode
2020-06-02 21:44:26,303 [Listener at 127.0.0.1/39505] INFO  ozone.MiniOzoneClusterImpl (MiniOzoneClusterImpl.java:lambda$waitForClusterToBeReady$0(177)) - Nodes are ready. Got 1 of 1 DN Heartbeats.
2020-06-02 21:44:26,304 [Listener at 127.0.0.1/39505] INFO  ozone.MiniOzoneClusterImpl (MiniOzoneClusterImpl.java:lambda$waitForClusterToBeReady$0(180)) - Waiting for cluster to exit safe mode
2020-06-02 21:44:27,304 [Listener at 127.0.0.1/39505] INFO  ozone.MiniOzoneClusterImpl (MiniOzoneClusterImpl.java:lambda$waitForClusterToBeReady$0(177)) - Nodes are ready. Got 1 of 1 DN Heartbeats.
2020-06-02 21:44:27,304 [Listener at 127.0.0.1/39505] INFO  ozone.MiniOzoneClusterImpl (MiniOzoneClusterImpl.java:lambda$waitForClusterToBeReady$0(180)) - Waiting for cluster to exit safe mode
2020-06-02 21:44:28,305 [Listener at 127.0.0.1/39505] INFO  ozone.MiniOzoneClusterImpl (MiniOzoneClusterImpl.java:lambda$waitForClusterToBeReady$0(177)) - Nodes are ready. Got 1 of 1 DN Heartbeats.
2020-06-02 21:44:28,306 [Listener at 127.0.0.1/39505] INFO  ozone.MiniOzoneClusterImpl (MiniOzoneClusterImpl.java:lambda$waitForClusterToBeReady$0(180)) - Waiting for cluster to exit safe mode
2020-06-02 21:44:29,307 [Listener at 127.0.0.1/39505] INFO  ozone.MiniOzoneClusterImpl (MiniOzoneClusterImpl.java:lambda$waitForClusterToBeReady$0(177)) - Nodes are ready. Got 1 of 1 DN Heartbeats.
2020-06-02 21:44:29,307 [Listener at 127.0.0.1/39505] INFO  ozone.MiniOzoneClusterImpl (MiniOzoneClusterImpl.java:lambda$waitForClusterToBeReady$0(180)) - Waiting for cluster to exit safe mode
2020-06-02 21:44:30,307 [Listener at 127.0.0.1/39505] INFO  ozone.MiniOzoneClusterImpl (MiniOzoneClusterImpl.java:lambda$waitForClusterToBeReady$0(177)) - Nodes are ready. Got 1 of 1 DN Heartbeats.
2020-06-02 21:44:30,307 [Listener at 127.0.0.1/39505] INFO  ozone.MiniOzoneClusterImpl (MiniOzoneClusterImpl.java:lambda$waitForClusterToBeReady$0(180)) - Waiting for cluster to exit safe mode
2020-06-02 21:44:31,308 [Listener at 127.0.0.1/39505] INFO  ozone.MiniOzoneClusterImpl (MiniOzoneClusterImpl.java:lambda$waitForClusterToBeReady$0(177)) - Nodes are ready. Got 1 of 1 DN Heartbeats.
2020-06-02 21:44:31,308 [Listener at 127.0.0.1/39505] INFO  ozone.MiniOzoneClusterImpl (MiniOzoneClusterImpl.java:lambda$waitForClusterToBeReady$0(180)) - Waiting for cluster to exit safe mode
2020-06-02 21:44:32,308 [Listener at 127.0.0.1/39505] INFO  ozone.MiniOzoneClusterImpl (MiniOzoneClusterImpl.java:lambda$waitForClusterToBeReady$0(177)) - Nodes are ready. Got 1 of 1 DN Heartbeats.
2020-06-02 21:44:32,309 [Listener at 127.0.0.1/39505] INFO  ozone.MiniOzoneClusterImpl (MiniOzoneClusterImpl.java:lambda$waitForClusterToBeReady$0(180)) - Waiting for cluster to exit safe mode
2020-06-02 21:44:33,309 [Listener at 127.0.0.1/39505] INFO  ozone.MiniOzoneClusterImpl (MiniOzoneClusterImpl.java:lambda$waitForClusterToBeReady$0(177)) - Nodes are ready. Got 1 of 1 DN Heartbeats.
2020-06-02 21:44:33,310 [Listener at 127.0.0.1/39505] INFO  ozone.MiniOzoneClusterImpl (MiniOzoneClusterImpl.java:lambda$waitForClusterToBeReady$0(180)) - Waiting for cluster to exit safe mode
2020-06-02 21:44:34,310 [Listener at 127.0.0.1/39505] INFO  ozone.MiniOzoneClusterImpl (MiniOzoneClusterImpl.java:lambda$waitForClusterToBeReady$0(177)) - Nodes are ready. Got 1 of 1 DN Heartbeats.
2020-06-02 21:44:34,310 [Listener at 127.0.0.1/39505] INFO  ozone.MiniOzoneClusterImpl (MiniOzoneClusterImpl.java:lambda$waitForClusterToBeReady$0(180)) - Waiting for cluster to exit safe mode
2020-06-02 21:44:35,311 [Listener at 127.0.0.1/39505] INFO  ozone.MiniOzoneClusterImpl (MiniOzoneClusterImpl.java:lambda$waitForClusterToBeReady$0(177)) - Nodes are ready. Got 1 of 1 DN Heartbeats.
2020-06-02 21:44:35,311 [Listener at 127.0.0.1/39505] INFO  ozone.MiniOzoneClusterImpl (MiniOzoneClusterImpl.java:lambda$waitForClusterToBeReady$0(180)) - Waiting for cluster to exit safe mode
2020-06-02 21:44:35,404 [Thread-1] INFO  ozone.MiniOzoneClusterImpl (MiniOzoneClusterImpl.java:shutdown(387)) - Shutting down the Mini Ozone Cluster
2020-06-02 21:44:35,404 [Thread-1] INFO  ozone.MiniOzoneClusterImpl (MiniOzoneClusterImpl.java:stop(402)) - Stopping the Mini Ozone Cluster
2020-06-02 21:44:35,405 [Thread-1] INFO  ozone.MiniOzoneClusterImpl (MiniOzoneClusterImpl.java:stopOM(484)) - Stopping the OzoneManager
2020-06-02 21:44:35,405 [Thread-1] INFO  ipc.Server (Server.java:stop(3359)) - Stopping server on 39505
2020-06-02 21:44:35,410 [Thread-1] INFO  ratis.OzoneManagerDoubleBuffer (OzoneManagerDoubleBuffer.java:stop(410)) - Stopping OMDoubleBuffer flush thread
2020-06-02 21:44:35,410 [IPC Server listener on 0] INFO  ipc.Server (Server.java:run(1330)) - Stopping IPC Server listener on 0
2020-06-02 21:44:35,410 [IPC Server Responder] INFO  ipc.Server (Server.java:run(1465)) - Stopping IPC Server Responder
2020-06-02 21:44:35,411 [OMDoubleBufferFlushThread] INFO  ratis.OzoneManagerDoubleBuffer (OzoneManagerDoubleBuffer.java:flushTransactions(342)) - OMDoubleBuffer flush thread OMDoubleBufferFlushThread is interrupted and will exit. OMDoubleBufferFlushThread
2020-06-02 21:44:35,411 [Thread-1] INFO  utils.BackgroundService (BackgroundService.java:shutdown(157)) - Shutting down service KeyDeletingService
2020-06-02 21:44:35,416 [Thread-1] INFO  handler.ContextHandler (ContextHandler.java:doStop(1016)) - Stopped o.e.j.w.WebAppContext@42368315{ozoneManager,/,null,UNAVAILABLE}{file:/github/workspace/mnt/ozone/hadoop-ozone/integration-test/target/test-classes/webapps/ozoneManager}
2020-06-02 21:44:35,422 [Thread-1] INFO  server.AbstractConnector (AbstractConnector.java:doStop(380)) - Stopped ServerConnector@42336237{HTTP/1.1,[http/1.1]}{0.0.0.0:0}
2020-06-02 21:44:35,422 [Thread-1] INFO  server.session (HouseKeeper.java:stopScavenging(158)) - node0 Stopped scavenging
2020-06-02 21:44:35,422 [Thread-1] INFO  handler.ContextHandler (ContextHandler.java:doStop(1016)) - Stopped o.e.j.s.ServletContextHandler@23d08e29{static,/static,file:///github/workspace/mnt/ozone/hadoop-ozone/integration-test/target/test-classes/webapps/static,UNAVAILABLE}
2020-06-02 21:44:35,423 [Thread-1] INFO  handler.ContextHandler (ContextHandler.java:doStop(1016)) - Stopped o.e.j.s.ServletContextHandler@5349cdc4{logs,/logs,file:///github/workspace/mnt/ozone/hadoop-ozone/integration-test/target/log,UNAVAILABLE}
2020-06-02 21:44:35,428 [Thread-1] INFO  ozone.MiniOzoneClusterImpl (MiniOzoneClusterImpl.java:stopDatanodes(461)) - Stopping the HddsDatanodes
2020-06-02 21:44:40,431 [Thread-1] INFO  ozoneimpl.OzoneContainer (OzoneContainer.java:stop(246)) - Attempting to stop container services.
2020-06-02 21:44:40,432 [Thread-1] INFO  impl.RaftServerProxy (RaftServerProxy.java:lambda$close$4(314)) - a668417c-eea7-4e40-a589-d76303ac3d09: close
2020-06-02 21:44:40,434 [Thread-1] INFO  impl.RaftServerImpl (RaftServerImpl.java:lambda$shutdown$3(250)) - a668417c-eea7-4e40-a589-d76303ac3d09@group-C0B752F66FAA: shutdown
2020-06-02 21:44:40,434 [Thread-1] INFO  util.JmxRegister (JmxRegister.java:unregister(73)) - Successfully un-registered JMX Bean with object name Ratis:service=RaftServer,group=group-C0B752F66FAA,id=a668417c-eea7-4e40-a589-d76303ac3d09
2020-06-02 21:44:40,435 [Thread-1] INFO  impl.RoleInfo (RoleInfo.java:shutdownLeaderState(104)) - a668417c-eea7-4e40-a589-d76303ac3d09: shutdown LeaderState
2020-06-02 21:44:40,436 [Thread-1] INFO  impl.PendingRequests (PendingRequests.java:sendNotLeaderResponses(242)) - a668417c-eea7-4e40-a589-d76303ac3d09@group-C0B752F66FAA-PendingRequests: sendNotLeaderResponses
2020-06-02 21:44:40,437 [Thread-1] INFO  metrics.RatisMetrics (RatisMetrics.java:unregister(46)) - Unregistering Metrics Registry : ratis.log_appender.a668417c-eea7-4e40-a589-d76303ac3d09@group-C0B752F66FAA
2020-06-02 21:44:40,437 [Thread-1] INFO  impl.StateMachineUpdater (StateMachineUpdater.java:stopAndJoin(142)) - a668417c-eea7-4e40-a589-d76303ac3d09@group-C0B752F66FAA-StateMachineUpdater: set stopIndex = 0
2020-06-02 21:44:40,438 [a668417c-eea7-4e40-a589-d76303ac3d09@group-C0B752F66FAA-StateMachineUpdater] INFO  ratis.ContainerStateMachine (ContainerStateMachine.java:takeSnapshot(288)) - group-C0B752F66FAA: Taking a snapshot at:(t:1, i:0) file /github/workspace/mnt/ozone/hadoop-ozone/integration-test/target/test-dir/MiniOzoneClusterImpl-67089c58-c048-46d6-b487-14ab66622b4f/datanode-0/data/ratis/4cf828ba-2da6-4c5d-96ac-c0b752f66faa/sm/snapshot.1_0
2020-06-02 21:44:40,508 [a668417c-eea7-4e40-a589-d76303ac3d09@group-C0B752F66FAA-StateMachineUpdater] INFO  ratis.ContainerStateMachine (ContainerStateMachine.java:takeSnapshot(299)) - group-C0B752F66FAA: Finished taking a snapshot at:(t:1, i:0) file:/github/workspace/mnt/ozone/hadoop-ozone/integration-test/target/test-dir/MiniOzoneClusterImpl-67089c58-c048-46d6-b487-14ab66622b4f/datanode-0/data/ratis/4cf828ba-2da6-4c5d-96ac-c0b752f66faa/sm/snapshot.1_0 time:71
2020-06-02 21:44:40,509 [a668417c-eea7-4e40-a589-d76303ac3d09@group-C0B752F66FAA-StateMachineUpdater] INFO  impl.StateMachineUpdater (StateMachineUpdater.java:takeSnapshot(277)) - a668417c-eea7-4e40-a589-d76303ac3d09@group-C0B752F66FAA-StateMachineUpdater: Took a snapshot at index 0
2020-06-02 21:44:40,510 [a668417c-eea7-4e40-a589-d76303ac3d09@group-C0B752F66FAA-StateMachineUpdater] INFO  impl.StateMachineUpdater (StateMachineUpdater.java:lambda$new$0(87)) - a668417c-eea7-4e40-a589-d76303ac3d09@group-C0B752F66FAA-StateMachineUpdater: snapshotIndex: updateIncreasingly -1 -> 0
2020-06-02 21:44:40,513 [a668417c-eea7-4e40-a589-d76303ac3d09@group-C0B752F66FAA-StateMachineUpdater] INFO  metrics.RatisMetrics (RatisMetrics.java:unregister(46)) - Unregistering Metrics Registry : ratis.state_machine.a668417c-eea7-4e40-a589-d76303ac3d09@group-C0B752F66FAA
2020-06-02 21:44:40,513 [Thread-1] INFO  impl.RaftServerImpl (ServerState.java:close(387)) - a668417c-eea7-4e40-a589-d76303ac3d09@group-C0B752F66FAA: closes. applyIndex: 0
2020-06-02 21:44:40,515 [a668417c-eea7-4e40-a589-d76303ac3d09@group-C0B752F66FAA-SegmentedRaftLogWorker] INFO  segmented.SegmentedRaftLogWorker (SegmentedRaftLogWorker.java:run(321)) - a668417c-eea7-4e40-a589-d76303ac3d09@group-C0B752F66FAA-SegmentedRaftLogWorker was interrupted, exiting. There are 0 tasks remaining in the queue.
2020-06-02 21:44:40,516 [Thread-1] INFO  segmented.SegmentedRaftLogWorker (SegmentedRaftLogWorker.java:close(229)) - a668417c-eea7-4e40-a589-d76303ac3d09@group-C0B752F66FAA-SegmentedRaftLogWorker close()
2020-06-02 21:44:40,516 [Thread-1] INFO  metrics.RatisMetrics (RatisMetrics.java:unregister(46)) - Unregistering Metrics Registry : ratis.log_worker.a668417c-eea7-4e40-a589-d76303ac3d09
2020-06-02 21:44:40,516 [Thread-1] INFO  metrics.RatisMetrics (RatisMetrics.java:unregister(46)) - Unregistering Metrics Registry : ratis.leader_election.a668417c-eea7-4e40-a589-d76303ac3d09@group-C0B752F66FAA
2020-06-02 21:44:40,517 [Thread-1] INFO  metrics.RatisMetrics (RatisMetrics.java:unregister(46)) - Unregistering Metrics Registry : ratis.server.a668417c-eea7-4e40-a589-d76303ac3d09@group-C0B752F66FAA
2020-06-02 21:44:40,517 [Thread-1] INFO  server.GrpcService (GrpcService.java:closeImpl(165)) - a668417c-eea7-4e40-a589-d76303ac3d09: shutdown server with port 43593 now
2020-06-02 21:44:40,522 [Thread-1] INFO  server.GrpcService (GrpcService.java:closeImpl(173)) - a668417c-eea7-4e40-a589-d76303ac3d09: shutdown server with port 43593 successfully
2020-06-02 21:44:40,526 [Thread-1] INFO  utils.BackgroundService (BackgroundService.java:shutdown(157)) - Shutting down service BlockDeletingService
2020-06-02 21:44:40,527 [Thread-1] INFO  statemachine.DatanodeStateMachine (DatanodeStateMachine.java:stopDaemon(424)) - Ozone container server stopped.
2020-06-02 21:44:40,528 [Thread-1] INFO  handler.ContextHandler (ContextHandler.java:doStop(1016)) - Stopped o.e.j.w.WebAppContext@296f8c84{hddsDatanode,/,null,UNAVAILABLE}{jar:file:/home/user/.m2/repository/org/apache/hadoop/hadoop-hdds-container-service/0.6.0-SNAPSHOT/hadoop-hdds-container-service-0.6.0-SNAPSHOT.jar!/webapps/hddsDatanode}
2020-06-02 21:44:40,530 [Thread-1] INFO  server.AbstractConnector (AbstractConnector.java:doStop(380)) - Stopped ServerConnector@355cd0ab{HTTP/1.1,[http/1.1]}{0.0.0.0:0}
2020-06-02 21:44:40,530 [Thread-1] INFO  server.session (HouseKeeper.java:stopScavenging(158)) - node0 Stopped scavenging
2020-06-02 21:44:40,530 [Thread-1] INFO  handler.ContextHandler (ContextHandler.java:doStop(1016)) - Stopped o.e.j.s.ServletContextHandler@7078add3{static,/static,jar:file:/home/user/.m2/repository/org/apache/hadoop/hadoop-hdds-container-service/0.6.0-SNAPSHOT/hadoop-hdds-container-service-0.6.0-SNAPSHOT.jar!/webapps/static,UNAVAILABLE}
2020-06-02 21:44:40,531 [Thread-1] INFO  handler.ContextHandler (ContextHandler.java:doStop(1016)) - Stopped o.e.j.s.ServletContextHandler@6d8a960e{logs,/logs,file:///github/workspace/mnt/ozone/hadoop-ozone/integration-test/target/log,UNAVAILABLE}
2020-06-02 21:44:40,532 [Thread-1] INFO  ozone.MiniOzoneClusterImpl (MiniOzoneClusterImpl.java:stopSCM(476)) - Stopping the StorageContainerManager
2020-06-02 21:44:40,532 [Thread-1] INFO  server.StorageContainerManager (StorageContainerManager.java:stop(824)) - Stopping Replication Manager Service.
2020-06-02 21:44:40,532 [Thread-1] INFO  container.ReplicationManager (ReplicationManager.java:stop(215)) - Replication Monitor Thread is not running.
2020-06-02 21:44:40,533 [Thread-1] INFO  server.StorageContainerManager (StorageContainerManager.java:stop(831)) - Stopping Lease Manager of the command watchers
2020-06-02 21:44:40,533 [Thread-1] INFO  server.StorageContainerManager (StorageContainerManager.java:stop(838)) - Stopping datanode service RPC server
2020-06-02 21:44:40,533 [Thread-1] INFO  server.SCMDatanodeProtocolServer (SCMDatanodeProtocolServer.java:stop(361)) - Stopping the RPC server for DataNodes
2020-06-02 21:44:40,533 [CommandWatcher-LeaseManager#LeaseMonitor] ERROR lease.LeaseManager (LeaseManager.java:run(238)) - Execution was interrupted 
java.lang.InterruptedException: sleep interrupted
	at java.lang.Thread.sleep(Native Method)
	at org.apache.hadoop.ozone.lease.LeaseManager$LeaseMonitor.run(LeaseManager.java:234)
	at java.lang.Thread.run(Thread.java:748)
2020-06-02 21:44:40,533 [Thread-1] INFO  ipc.Server (Server.java:stop(3359)) - Stopping server on 35267
2020-06-02 21:44:40,539 [IPC Server listener on 0] INFO  ipc.Server (Server.java:run(1330)) - Stopping IPC Server listener on 0
2020-06-02 21:44:40,540 [IPC Server Responder] INFO  ipc.Server (Server.java:run(1465)) - Stopping IPC Server Responder
2020-06-02 21:44:40,553 [SCM Heartbeat Processing Thread - 0] WARN  node.NodeStateManager (NodeStateManager.java:scheduleNextHealthCheck(661)) - Current Thread is interrupted, shutting down HB processing thread for Node Manager.
2020-06-02 21:44:40,553 [Thread-1] INFO  server.StorageContainerManager (StorageContainerManager.java:stop(846)) - Stopping block service RPC server
2020-06-02 21:44:40,553 [Thread-1] INFO  server.SCMBlockProtocolServer (SCMBlockProtocolServer.java:stop(158)) - Stopping the RPC server for Block Protocol
2020-06-02 21:44:40,554 [Thread-1] INFO  ipc.Server (Server.java:stop(3359)) - Stopping server on 46801
2020-06-02 21:44:40,555 [IPC Server listener on 0] INFO  ipc.Server (Server.java:run(1330)) - Stopping IPC Server listener on 0
2020-06-02 21:44:40,555 [IPC Server Responder] INFO  ipc.Server (Server.java:run(1465)) - Stopping IPC Server Responder
2020-06-02 21:44:40,555 [Thread-1] INFO  server.StorageContainerManager (StorageContainerManager.java:stop(853)) - Stopping the StorageContainerLocationProtocol RPC server
2020-06-02 21:44:40,556 [Thread-1] INFO  server.SCMClientProtocolServer (SCMClientProtocolServer.java:stop(166)) - Stopping the RPC server for Client Protocol
2020-06-02 21:44:40,556 [Thread-1] INFO  ipc.Server (Server.java:stop(3359)) - Stopping server on 35893
2020-06-02 21:44:40,556 [IPC Server listener on 0] INFO  ipc.Server (Server.java:run(1330)) - Stopping IPC Server listener on 0
2020-06-02 21:44:40,558 [IPC Server Responder] INFO  ipc.Server (Server.java:run(1465)) - Stopping IPC Server Responder
2020-06-02 21:44:40,558 [Thread-1] INFO  server.StorageContainerManager (StorageContainerManager.java:stop(860)) - Stopping Storage Container Manager HTTP server.
2020-06-02 21:44:40,559 [Thread-1] INFO  handler.ContextHandler (ContextHandler.java:doStop(1016)) - Stopped o.e.j.w.WebAppContext@40b26c4c{scm,/,null,UNAVAILABLE}{file:/github/workspace/mnt/ozone/hadoop-ozone/integration-test/target/test-classes/webapps/scm}
2020-06-02 21:44:40,560 [Thread-1] INFO  server.AbstractConnector (AbstractConnector.java:doStop(380)) - Stopped ServerConnector@613df764{HTTP/1.1,[http/1.1]}{0.0.0.0:0}
2020-06-02 21:44:40,560 [Thread-1] INFO  server.session (HouseKeeper.java:stopScavenging(158)) - node0 Stopped scavenging
2020-06-02 21:44:40,560 [Thread-1] INFO  handler.ContextHandler (ContextHandler.java:doStop(1016)) - Stopped o.e.j.s.ServletContextHandler@15e0903b{static,/static,file:///github/workspace/mnt/ozone/hadoop-ozone/integration-test/target/test-classes/webapps/static,UNAVAILABLE}
2020-06-02 21:44:40,560 [Thread-1] INFO  handler.ContextHandler (ContextHandler.java:doStop(1016)) - Stopped o.e.j.s.ServletContextHandler@30418740{logs,/logs,file:///github/workspace/mnt/ozone/hadoop-ozone/integration-test/target/log,UNAVAILABLE}
2020-06-02 21:44:40,561 [Thread-1] INFO  server.StorageContainerManager (StorageContainerManager.java:stop(871)) - Stopping Block Manager Service.
2020-06-02 21:44:40,561 [Thread-1] INFO  utils.BackgroundService (BackgroundService.java:shutdown(157)) - Shutting down service SCMBlockDeletingService
2020-06-02 21:44:40,561 [Thread-1] INFO  utils.BackgroundService (BackgroundService.java:shutdown(157)) - Shutting down service SCMBlockDeletingService
2020-06-02 21:44:40,562 [Thread-1] INFO  server.StorageContainerManager (StorageContainerManager.java:stop(896)) - Stopping SCM Event Queue.
2020-06-02 21:44:40,565 [Thread-1] INFO  impl.MetricsSystemImpl (MetricsSystemImpl.java:stop(210)) - Stopping HddsDatanode metrics system...
2020-06-02 21:44:40,566 [prometheus] INFO  impl.MetricsSinkAdapter (MetricsSinkAdapter.java:publishMetricsFromQueue(141)) - prometheus thread interrupted.
2020-06-02 21:44:40,566 [Thread-1] INFO  impl.MetricsSystemImpl (MetricsSystemImpl.java:stop(216)) - HddsDatanode metrics system stopped.
]]></system-out>
    <system-err><![CDATA[ERROR StatusLogger No Log4j 2 configuration file found. Using default configuration (logging only errors to the console), or user programmatically provided configurations. Set system property 'log4j2.debug' to show Log4j 2 internal initialization logging. See https://logging.apache.org/log4j/2.x/manual/configuration.html for instructions on how to configure Log4j 2
]]></system-err>
  </testcase>
  <testcase name="testStartMultipleDatanodes" classname="org.apache.hadoop.ozone.TestMiniOzoneCluster" time="40.481">
    <error message="test timed out after 30000 milliseconds" type="java.lang.Exception">java.lang.Exception: test timed out after 30000 milliseconds
	at java.lang.Thread.sleep(Native Method)
	at org.apache.hadoop.test.GenericTestUtils.waitFor(GenericTestUtils.java:218)
	at org.apache.hadoop.ozone.MiniOzoneClusterImpl.waitForClusterToBeReady(MiniOzoneClusterImpl.java:172)
	at org.apache.hadoop.ozone.TestMiniOzoneCluster.testStartMultipleDatanodes(TestMiniOzoneCluster.java:111)
	at sun.reflect.NativeMethodAccessorImpl.invoke0(Native Method)
	at sun.reflect.NativeMethodAccessorImpl.invoke(NativeMethodAccessorImpl.java:62)
	at sun.reflect.DelegatingMethodAccessorImpl.invoke(DelegatingMethodAccessorImpl.java:43)
	at java.lang.reflect.Method.invoke(Method.java:498)
	at org.junit.runners.model.FrameworkMethod$1.runReflectiveCall(FrameworkMethod.java:47)
	at org.junit.internal.runners.model.ReflectiveCallable.run(ReflectiveCallable.java:12)
	at org.junit.runners.model.FrameworkMethod.invokeExplosively(FrameworkMethod.java:44)
	at org.junit.internal.runners.statements.InvokeMethod.evaluate(InvokeMethod.java:17)
	at org.junit.internal.runners.statements.FailOnTimeout$StatementThread.run(FailOnTimeout.java:74)
</error>
    <system-out><![CDATA[2020-06-02 21:44:40,596 [Thread-158] WARN  server.ServerUtils (ServerUtils.java:getScmDbDir(148)) - ozone.scm.db.dirs is not configured. We recommend adding this setting. Falling back to ozone.metadata.dirs instead.
2020-06-02 21:44:40,599 [Thread-158] WARN  server.ServerUtils (ServerUtils.java:getScmDbDir(148)) - ozone.scm.db.dirs is not configured. We recommend adding this setting. Falling back to ozone.metadata.dirs instead.
2020-06-02 21:44:40,599 [Thread-158] WARN  db.DBStoreBuilder (DBStoreBuilder.java:createDBStoreBuilder(277)) - ozone.scm.db.dirs is not configured. We recommend adding this setting. Falling back to ozone.metadata.dirs instead.
2020-06-02 21:44:40,630 [Thread-158] INFO  net.NodeSchemaLoader (NodeSchemaLoader.java:loadSchemaFromFile(126)) - Loading file from sun.misc.CompoundEnumeration@193e20bf
2020-06-02 21:44:40,630 [Thread-158] INFO  net.NodeSchemaLoader (NodeSchemaLoader.java:loadSchema(172)) - Loading network topology layer schema file
2020-06-02 21:44:40,633 [Thread-158] WARN  server.ServerUtils (ServerUtils.java:sanitizeUserArgs(73)) - ozone.scm.stale.node.interval value = 300000 is larger than max = 100000 based on the key value of ozone.scm.heartbeat.thread.interval, reset to the max value 100000.
2020-06-02 21:44:40,633 [Thread-158] WARN  server.ServerUtils (ServerUtils.java:sanitizeUserArgs(73)) - ozone.scm.stale.node.interval value = 300000 is larger than max = 100000 based on the key value of ozone.scm.heartbeat.thread.interval, reset to the max value 100000.
2020-06-02 21:44:40,633 [Thread-158] INFO  node.SCMNodeManager (SCMNodeManager.java:<init>(116)) - Entering startup safe mode.
2020-06-02 21:44:40,634 [Thread-158] INFO  algorithms.ContainerPlacementPolicyFactory (ContainerPlacementPolicyFactory.java:getPolicy(60)) - Create container placement policy of type org.apache.hadoop.hdds.scm.container.placement.algorithms.SCMContainerPlacementRandom
2020-06-02 21:44:40,634 [Thread-158] INFO  pipeline.SCMPipelineManager (SCMPipelineManager.java:initializePipelineState(158)) - No pipeline exists in current db
2020-06-02 21:44:40,636 [Thread-158] INFO  safemode.HealthyPipelineSafeModeRule (HealthyPipelineSafeModeRule.java:<init>(89)) - Total pipeline count is 0, healthy pipeline threshold count is 0
2020-06-02 21:44:40,636 [Thread-158] INFO  safemode.OneReplicaPipelineSafeModeRule (OneReplicaPipelineSafeModeRule.java:<init>(79)) - Total pipeline count is 0, pipeline's with at least one datanode reported threshold count is 0
2020-06-02 21:44:40,637 [Thread-158] INFO  ipc.CallQueueManager (CallQueueManager.java:<init>(84)) - Using callQueue: class java.util.concurrent.LinkedBlockingQueue, queueCapacity: 2000, scheduler: class org.apache.hadoop.ipc.DefaultRpcScheduler, ipcBackoff: false.
2020-06-02 21:44:40,638 [Socket Reader #1 for port 0] INFO  ipc.Server (Server.java:run(1219)) - Starting Socket Reader #1 for port 0
2020-06-02 21:44:40,639 [Listener at 0.0.0.0/33157] INFO  ipc.CallQueueManager (CallQueueManager.java:<init>(84)) - Using callQueue: class java.util.concurrent.LinkedBlockingQueue, queueCapacity: 2000, scheduler: class org.apache.hadoop.ipc.DefaultRpcScheduler, ipcBackoff: false.
2020-06-02 21:44:40,640 [Socket Reader #1 for port 0] INFO  ipc.Server (Server.java:run(1219)) - Starting Socket Reader #1 for port 0
2020-06-02 21:44:40,640 [Listener at 0.0.0.0/45209] INFO  ipc.CallQueueManager (CallQueueManager.java:<init>(84)) - Using callQueue: class java.util.concurrent.LinkedBlockingQueue, queueCapacity: 2000, scheduler: class org.apache.hadoop.ipc.DefaultRpcScheduler, ipcBackoff: false.
2020-06-02 21:44:40,641 [Socket Reader #1 for port 0] INFO  ipc.Server (Server.java:run(1219)) - Starting Socket Reader #1 for port 0
2020-06-02 21:44:40,648 [Listener at 0.0.0.0/35945] INFO  http.BaseHttpServer (BaseHttpServer.java:newHttpServer2BuilderForOzone(205)) - Starting Web-server for scm at: http://0.0.0.0:0
2020-06-02 21:44:40,648 [Listener at 0.0.0.0/35945] INFO  http.BaseHttpServer (BaseHttpServer.java:<init>(106)) - Hadoop Security Enabled: false Ozone Security Enabled: false Ozone HTTP Security Enabled: false 
2020-06-02 21:44:40,653 [Listener at 0.0.0.0/35945] INFO  server.AuthenticationFilter (AuthenticationFilter.java:constructSecretProvider(240)) - Unable to initialize FileSignerSecretProvider, falling back to use random secrets.
2020-06-02 21:44:40,654 [RatisPipelineUtilsThread] ERROR pipeline.SCMPipelineManager (SCMPipelineManager.java:createPipeline(222)) - Failed to create pipeline of type RATIS and factor ONE. Exception: Cannot create pipeline of factor 1 using 0 nodes. Used 0 nodes. Healthy nodes 0
2020-06-02 21:44:40,657 [Listener at 0.0.0.0/35945] WARN  http.HttpRequestLog (HttpRequestLog.java:getRequestLog(103)) - Jetty request log can only be enabled using Log4j
2020-06-02 21:44:40,658 [Listener at 0.0.0.0/35945] INFO  http.HttpServer2 (HttpServer2.java:addGlobalFilter(993)) - Added global filter 'safety' (class=org.apache.hadoop.hdds.server.http.HttpServer2$QuotingInputFilter)
2020-06-02 21:44:40,659 [Listener at 0.0.0.0/35945] INFO  http.HttpServer2 (HttpServer2.java:addFilter(969)) - Added filter authentication (class=org.apache.hadoop.security.authentication.server.AuthenticationFilter) to context scm
2020-06-02 21:44:40,659 [Listener at 0.0.0.0/35945] INFO  http.HttpServer2 (HttpServer2.java:addFilter(977)) - Added filter authentication (class=org.apache.hadoop.security.authentication.server.AuthenticationFilter) to context logs
2020-06-02 21:44:40,659 [Listener at 0.0.0.0/35945] INFO  http.HttpServer2 (HttpServer2.java:addFilter(977)) - Added filter authentication (class=org.apache.hadoop.security.authentication.server.AuthenticationFilter) to context static
2020-06-02 21:44:40,663 [Listener at 0.0.0.0/35945] INFO  server.StorageContainerManager (StorageContainerManager.java:start(781)) - StorageContainerLocationProtocol RPC server is listening at /0.0.0.0:35945
2020-06-02 21:44:40,665 [Listener at 0.0.0.0/35945] WARN  impl.MetricsConfig (MetricsConfig.java:loadFirst(134)) - Cannot locate configuration: tried hadoop-metrics2-storagecontainermanager.properties,hadoop-metrics2.properties
2020-06-02 21:44:40,667 [Listener at 0.0.0.0/35945] INFO  impl.MetricsSystemImpl (MetricsSystemImpl.java:startTimer(374)) - Scheduled Metric snapshot period at 10 second(s).
2020-06-02 21:44:40,667 [Listener at 0.0.0.0/35945] INFO  impl.MetricsSystemImpl (MetricsSystemImpl.java:start(191)) - StorageContainerManager metrics system started
2020-06-02 21:44:40,680 [Listener at 0.0.0.0/35945] WARN  impl.MetricsSystemImpl (MetricsSystemImpl.java:register(276)) - Sink prometheus already exists!
2020-06-02 21:44:40,690 [Listener at 0.0.0.0/35945] INFO  server.SCMClientProtocolServer (SCMClientProtocolServer.java:start(157)) - RPC server for Client  is listening at /0.0.0.0:35945
2020-06-02 21:44:40,692 [IPC Server Responder] INFO  ipc.Server (Server.java:run(1460)) - IPC Server Responder: starting
2020-06-02 21:44:40,692 [IPC Server listener on 0] INFO  ipc.Server (Server.java:run(1298)) - IPC Server listener on 0: starting
2020-06-02 21:44:40,701 [Listener at 0.0.0.0/35945] INFO  server.StorageContainerManager (StorageContainerManager.java:start(793)) - ScmBlockLocationProtocol RPC server is listening at /0.0.0.0:45209
2020-06-02 21:44:40,702 [Listener at 0.0.0.0/35945] INFO  server.SCMBlockProtocolServer (SCMBlockProtocolServer.java:start(149)) - RPC server for Block Protocol is listening at /0.0.0.0:45209
2020-06-02 21:44:40,703 [IPC Server Responder] INFO  ipc.Server (Server.java:run(1460)) - IPC Server Responder: starting
2020-06-02 21:44:40,703 [IPC Server listener on 0] INFO  ipc.Server (Server.java:run(1298)) - IPC Server listener on 0: starting
2020-06-02 21:44:40,713 [Listener at 0.0.0.0/35945] INFO  server.StorageContainerManager (StorageContainerManager.java:start(799)) - ScmDatanodeProtocl RPC server is listening at /0.0.0.0:33157
2020-06-02 21:44:40,713 [Listener at 0.0.0.0/35945] INFO  server.SCMDatanodeProtocolServer (SCMDatanodeProtocolServer.java:start(172)) - RPC server for DataNodes is listening at /0.0.0.0:33157
2020-06-02 21:44:40,714 [IPC Server Responder] INFO  ipc.Server (Server.java:run(1460)) - IPC Server Responder: starting
2020-06-02 21:44:40,714 [IPC Server listener on 0] INFO  ipc.Server (Server.java:run(1298)) - IPC Server listener on 0: starting
2020-06-02 21:44:40,724 [Listener at 0.0.0.0/35945] INFO  http.HttpServer2 (HttpServer2.java:bindListener(1211)) - Jetty bound to port 34615
2020-06-02 21:44:40,725 [Listener at 0.0.0.0/35945] INFO  server.Server (Server.java:doStart(359)) - jetty-9.4.26.v20200117; built: 2020-01-17T12:35:33.676Z; git: 7b38981d25d14afb4a12ff1f2596756144edf695; jvm 1.8.0_232-b09
2020-06-02 21:44:40,726 [Listener at 0.0.0.0/35945] INFO  server.session (DefaultSessionIdManager.java:doStart(333)) - DefaultSessionIdManager workerName=node0
2020-06-02 21:44:40,727 [Listener at 0.0.0.0/35945] INFO  server.session (DefaultSessionIdManager.java:doStart(338)) - No SessionScavenger set, using defaults
2020-06-02 21:44:40,727 [Listener at 0.0.0.0/35945] INFO  server.session (HouseKeeper.java:startScavenging(140)) - node0 Scavenging every 600000ms
2020-06-02 21:44:40,745 [Listener at 0.0.0.0/35945] INFO  server.AuthenticationFilter (AuthenticationFilter.java:constructSecretProvider(240)) - Unable to initialize FileSignerSecretProvider, falling back to use random secrets.
2020-06-02 21:44:40,746 [Listener at 0.0.0.0/35945] INFO  handler.ContextHandler (ContextHandler.java:doStart(825)) - Started o.e.j.s.ServletContextHandler@a518861{logs,/logs,file:///github/workspace/mnt/ozone/hadoop-ozone/integration-test/target/log,AVAILABLE}
2020-06-02 21:44:40,746 [Listener at 0.0.0.0/35945] INFO  handler.ContextHandler (ContextHandler.java:doStart(825)) - Started o.e.j.s.ServletContextHandler@6ac4a990{static,/static,file:///github/workspace/mnt/ozone/hadoop-ozone/integration-test/target/test-classes/webapps/static,AVAILABLE}
2020-06-02 21:44:40,750 [Listener at 0.0.0.0/35945] INFO  handler.ContextHandler (ContextHandler.java:doStart(825)) - Started o.e.j.w.WebAppContext@73135aba{scm,/,file:///github/workspace/mnt/ozone/hadoop-ozone/integration-test/target/test-classes/webapps/scm/,AVAILABLE}{file:/github/workspace/mnt/ozone/hadoop-ozone/integration-test/target/test-classes/webapps/scm}
2020-06-02 21:44:40,755 [Listener at 0.0.0.0/35945] INFO  server.AbstractConnector (AbstractConnector.java:doStart(330)) - Started ServerConnector@6ed226ed{HTTP/1.1,[http/1.1]}{0.0.0.0:34615}
2020-06-02 21:44:40,755 [Listener at 0.0.0.0/35945] INFO  server.Server (Server.java:doStart(399)) - Started @66328ms
2020-06-02 21:44:40,755 [Listener at 0.0.0.0/35945] WARN  impl.MetricsSystemImpl (MetricsSystemImpl.java:register(276)) - Sink prometheus already exists!
2020-06-02 21:44:40,763 [Listener at 0.0.0.0/35945] INFO  http.BaseHttpServer (BaseHttpServer.java:updateConnectorAddress(325)) - HTTP server of scm listening at http://0.0.0.0:34615
2020-06-02 21:44:40,763 [Listener at 0.0.0.0/35945] WARN  server.ServerUtils (ServerUtils.java:getDBPath(225)) - ozone.om.db.dirs is not configured. We recommend adding this setting. Falling back to ozone.metadata.dirs instead.
2020-06-02 21:44:40,764 [org.apache.hadoop.util.JvmPauseMonitor$Monitor@3badd7fd] INFO  util.JvmPauseMonitor (JvmPauseMonitor.java:run(188)) - Starting JVM pause monitor
2020-06-02 21:44:40,765 [Listener at 0.0.0.0/35945] INFO  ha.OMHANodeDetails (OMHANodeDetails.java:loadOMHAConfig(104)) - ozone.om.internal.service.id is not defined, falling back to ozone.om.service.ids to find serviceID for OzoneManager if it is HA enabled cluster
2020-06-02 21:44:40,766 [Listener at 0.0.0.0/35945] INFO  ha.OMHANodeDetails (OMHANodeDetails.java:loadOMHAConfig(207)) - Configuration either no ozone.om.address set. Falling back to the default OM address /127.0.0.1:0
2020-06-02 21:44:40,766 [Listener at 0.0.0.0/35945] INFO  ha.OMHANodeDetails (OMHANodeDetails.java:getOMNodeDetails(237)) - OM Service ID is not set. Setting it to the default ID: omServiceIdDefault
2020-06-02 21:44:40,766 [Listener at 0.0.0.0/35945] WARN  server.ServerUtils (ServerUtils.java:getDBPath(225)) - ozone.om.db.dirs is not configured. We recommend adding this setting. Falling back to ozone.metadata.dirs instead.
2020-06-02 21:44:40,766 [Listener at 0.0.0.0/35945] WARN  server.ServerUtils (ServerUtils.java:getDBPath(225)) - ozone.om.db.dirs is not configured. We recommend adding this setting. Falling back to ozone.metadata.dirs instead.
2020-06-02 21:44:40,774 [Listener at 0.0.0.0/35945] WARN  server.ServerUtils (ServerUtils.java:getDBPath(225)) - ozone.om.db.dirs is not configured. We recommend adding this setting. Falling back to ozone.metadata.dirs instead.
2020-06-02 21:44:40,843 [Listener at 0.0.0.0/35945] INFO  ipc.CallQueueManager (CallQueueManager.java:<init>(84)) - Using callQueue: class java.util.concurrent.LinkedBlockingQueue, queueCapacity: 2000, scheduler: class org.apache.hadoop.ipc.DefaultRpcScheduler, ipcBackoff: false.
2020-06-02 21:44:40,844 [Socket Reader #1 for port 0] INFO  ipc.Server (Server.java:run(1219)) - Starting Socket Reader #1 for port 0
2020-06-02 21:44:40,868 [Listener at 127.0.0.1/43959] INFO  impl.MetricsSystemImpl (MetricsSystemImpl.java:init(158)) - OzoneManager metrics system started (again)
2020-06-02 21:44:40,869 [Listener at 127.0.0.1/43959] INFO  om.OzoneManager (OzoneManager.java:start(1097)) - OzoneManager RPC server is listening at localhost/127.0.0.1:43959
2020-06-02 21:44:40,870 [IPC Server Responder] INFO  ipc.Server (Server.java:run(1460)) - IPC Server Responder: starting
2020-06-02 21:44:40,877 [IPC Server listener on 0] INFO  ipc.Server (Server.java:run(1298)) - IPC Server listener on 0: starting
2020-06-02 21:44:40,886 [Listener at 127.0.0.1/43959] INFO  http.BaseHttpServer (BaseHttpServer.java:newHttpServer2BuilderForOzone(205)) - Starting Web-server for ozoneManager at: http://0.0.0.0:0
2020-06-02 21:44:40,886 [Listener at 127.0.0.1/43959] INFO  http.BaseHttpServer (BaseHttpServer.java:<init>(106)) - Hadoop Security Enabled: false Ozone Security Enabled: false Ozone HTTP Security Enabled: false 
2020-06-02 21:44:40,887 [Listener at 127.0.0.1/43959] INFO  server.AuthenticationFilter (AuthenticationFilter.java:constructSecretProvider(240)) - Unable to initialize FileSignerSecretProvider, falling back to use random secrets.
2020-06-02 21:44:40,889 [Listener at 127.0.0.1/43959] WARN  http.HttpRequestLog (HttpRequestLog.java:getRequestLog(103)) - Jetty request log can only be enabled using Log4j
2020-06-02 21:44:40,890 [Listener at 127.0.0.1/43959] INFO  http.HttpServer2 (HttpServer2.java:addGlobalFilter(993)) - Added global filter 'safety' (class=org.apache.hadoop.hdds.server.http.HttpServer2$QuotingInputFilter)
2020-06-02 21:44:40,891 [Listener at 127.0.0.1/43959] INFO  http.HttpServer2 (HttpServer2.java:addFilter(969)) - Added filter authentication (class=org.apache.hadoop.security.authentication.server.AuthenticationFilter) to context ozoneManager
2020-06-02 21:44:40,891 [Listener at 127.0.0.1/43959] INFO  http.HttpServer2 (HttpServer2.java:addFilter(977)) - Added filter authentication (class=org.apache.hadoop.security.authentication.server.AuthenticationFilter) to context static
2020-06-02 21:44:40,891 [Listener at 127.0.0.1/43959] INFO  http.HttpServer2 (HttpServer2.java:addFilter(977)) - Added filter authentication (class=org.apache.hadoop.security.authentication.server.AuthenticationFilter) to context logs
2020-06-02 21:44:40,891 [Listener at 127.0.0.1/43959] INFO  http.HttpServer2 (HttpServer2.java:bindListener(1211)) - Jetty bound to port 43677
2020-06-02 21:44:40,891 [Listener at 127.0.0.1/43959] INFO  server.Server (Server.java:doStart(359)) - jetty-9.4.26.v20200117; built: 2020-01-17T12:35:33.676Z; git: 7b38981d25d14afb4a12ff1f2596756144edf695; jvm 1.8.0_232-b09
2020-06-02 21:44:40,898 [Listener at 127.0.0.1/43959] INFO  server.session (DefaultSessionIdManager.java:doStart(333)) - DefaultSessionIdManager workerName=node0
2020-06-02 21:44:40,898 [Listener at 127.0.0.1/43959] INFO  server.session (DefaultSessionIdManager.java:doStart(338)) - No SessionScavenger set, using defaults
2020-06-02 21:44:40,898 [Listener at 127.0.0.1/43959] INFO  server.session (HouseKeeper.java:startScavenging(140)) - node0 Scavenging every 660000ms
2020-06-02 21:44:40,900 [Listener at 127.0.0.1/43959] INFO  server.AuthenticationFilter (AuthenticationFilter.java:constructSecretProvider(240)) - Unable to initialize FileSignerSecretProvider, falling back to use random secrets.
2020-06-02 21:44:40,901 [Listener at 127.0.0.1/43959] INFO  handler.ContextHandler (ContextHandler.java:doStart(825)) - Started o.e.j.s.ServletContextHandler@1ef5eef7{logs,/logs,file:///github/workspace/mnt/ozone/hadoop-ozone/integration-test/target/log,AVAILABLE}
2020-06-02 21:44:40,901 [Listener at 127.0.0.1/43959] INFO  handler.ContextHandler (ContextHandler.java:doStart(825)) - Started o.e.j.s.ServletContextHandler@c4d70fc{static,/static,file:///github/workspace/mnt/ozone/hadoop-ozone/integration-test/target/test-classes/webapps/static,AVAILABLE}
2020-06-02 21:44:40,904 [Listener at 127.0.0.1/43959] INFO  handler.ContextHandler (ContextHandler.java:doStart(825)) - Started o.e.j.w.WebAppContext@5633ec8f{ozoneManager,/,file:///github/workspace/mnt/ozone/hadoop-ozone/integration-test/target/test-classes/webapps/ozoneManager/,AVAILABLE}{file:/github/workspace/mnt/ozone/hadoop-ozone/integration-test/target/test-classes/webapps/ozoneManager}
2020-06-02 21:44:40,905 [Listener at 127.0.0.1/43959] INFO  server.AbstractConnector (AbstractConnector.java:doStart(330)) - Started ServerConnector@1c4b6073{HTTP/1.1,[http/1.1]}{0.0.0.0:43677}
2020-06-02 21:44:40,905 [Listener at 127.0.0.1/43959] INFO  server.Server (Server.java:doStart(399)) - Started @66479ms
2020-06-02 21:44:40,905 [Listener at 127.0.0.1/43959] WARN  impl.MetricsSystemImpl (MetricsSystemImpl.java:register(276)) - Sink prometheus already exists!
2020-06-02 21:44:40,909 [Listener at 127.0.0.1/43959] INFO  http.BaseHttpServer (BaseHttpServer.java:updateConnectorAddress(325)) - HTTP server of ozoneManager listening at http://0.0.0.0:43677
2020-06-02 21:44:40,914 [org.apache.hadoop.util.JvmPauseMonitor$Monitor@3c96fca5] INFO  util.JvmPauseMonitor (JvmPauseMonitor.java:run(188)) - Starting JVM pause monitor
2020-06-02 21:44:40,919 [Listener at 127.0.0.1/43959] INFO  impl.MetricsSystemImpl (MetricsSystemImpl.java:init(158)) - HddsDatanode metrics system started (again)
2020-06-02 21:44:40,920 [Listener at 127.0.0.1/43959] INFO  ozone.HddsDatanodeService (HddsDatanodeService.java:start(205)) - HddsDatanodeService host:f720cdcd0861 ip:172.17.0.2
2020-06-02 21:44:40,922 [Listener at 127.0.0.1/43959] INFO  volume.HddsVolume (HddsVolume.java:<init>(176)) - Creating Volume: /github/workspace/mnt/ozone/hadoop-ozone/integration-test/target/test-dir/MiniOzoneClusterImpl-537e367d-239d-4fe9-82ba-0c32bb1b6ee4/datanode-0/data-0/containers/hdds of storage type : DISK and capacity : 9223372036854775807
2020-06-02 21:44:40,923 [Listener at 127.0.0.1/43959] INFO  volume.MutableVolumeSet (MutableVolumeSet.java:initializeVolumeSet(181)) - Added Volume : /github/workspace/mnt/ozone/hadoop-ozone/integration-test/target/test-dir/MiniOzoneClusterImpl-537e367d-239d-4fe9-82ba-0c32bb1b6ee4/datanode-0/data-0/containers/hdds to VolumeSet
2020-06-02 21:44:40,923 [Listener at 127.0.0.1/43959] INFO  volume.ThrottledAsyncChecker (ThrottledAsyncChecker.java:schedule(141)) - Scheduling a check for /github/workspace/mnt/ozone/hadoop-ozone/integration-test/target/test-dir/MiniOzoneClusterImpl-537e367d-239d-4fe9-82ba-0c32bb1b6ee4/datanode-0/data-0/containers/hdds
2020-06-02 21:44:40,929 [Listener at 127.0.0.1/43959] INFO  volume.HddsVolumeChecker (HddsVolumeChecker.java:checkAllVolumes(200)) - Scheduled health check for volume /github/workspace/mnt/ozone/hadoop-ozone/integration-test/target/test-dir/MiniOzoneClusterImpl-537e367d-239d-4fe9-82ba-0c32bb1b6ee4/datanode-0/data-0/containers/hdds
2020-06-02 21:44:40,947 [Listener at 127.0.0.1/43959] INFO  impl.RaftServerProxy (ConfUtils.java:logGet(44)) - raft.rpc.type = GRPC (default)
2020-06-02 21:44:40,953 [Listener at 127.0.0.1/43959] INFO  grpc.GrpcFactory (GrpcFactory.java:checkPooledByteBufAllocatorUseCacheForAllThreads(45)) - PERFORMANCE WARNING: useCacheForAllThreads is true that may cause Netty to create a lot garbage objects and, as a result, trigger GC.
	It is recommended to disable useCacheForAllThreads by setting -Dorg.apache.ratis.thirdparty.io.netty.allocator.useCacheForAllThreads=false in command line.
2020-06-02 21:44:40,953 [Listener at 127.0.0.1/43959] INFO  grpc.GrpcConfigKeys (ConfUtils.java:logGet(44)) - raft.grpc.server.port = 0 (default)
2020-06-02 21:44:40,953 [Listener at 127.0.0.1/43959] INFO  server.GrpcService (ConfUtils.java:logGet(44)) - raft.grpc.message.size.max = 32MB (=33554432) (custom)
2020-06-02 21:44:40,953 [Listener at 127.0.0.1/43959] INFO  server.RaftServerConfigKeys (ConfUtils.java:logGet(44)) - raft.server.log.appender.buffer.byte-limit = 33554432 (custom)
2020-06-02 21:44:40,953 [Listener at 127.0.0.1/43959] INFO  server.GrpcService (ConfUtils.java:logGet(44)) - raft.grpc.flow.control.window = 5MB (=5242880) (custom)
2020-06-02 21:44:40,954 [Listener at 127.0.0.1/43959] INFO  server.RaftServerConfigKeys (ConfUtils.java:logGet(44)) - raft.server.rpc.request.timeout = 60s (custom)
2020-06-02 21:44:40,955 [Listener at 127.0.0.1/43959] INFO  server.RaftServerConfigKeys (ConfUtils.java:logGet(44)) - raft.server.storage.dir = [/github/workspace/mnt/ozone/hadoop-ozone/integration-test/target/test-dir/MiniOzoneClusterImpl-537e367d-239d-4fe9-82ba-0c32bb1b6ee4/datanode-0/data/ratis] (custom)
2020-06-02 21:44:40,959 [Listener at 127.0.0.1/43959] INFO  http.BaseHttpServer (BaseHttpServer.java:newHttpServer2BuilderForOzone(205)) - Starting Web-server for hddsDatanode at: http://0.0.0.0:0
2020-06-02 21:44:40,959 [Listener at 127.0.0.1/43959] INFO  http.BaseHttpServer (BaseHttpServer.java:<init>(106)) - Hadoop Security Enabled: false Ozone Security Enabled: false Ozone HTTP Security Enabled: false 
2020-06-02 21:44:40,961 [Listener at 127.0.0.1/43959] INFO  server.AuthenticationFilter (AuthenticationFilter.java:constructSecretProvider(240)) - Unable to initialize FileSignerSecretProvider, falling back to use random secrets.
2020-06-02 21:44:40,965 [Listener at 127.0.0.1/43959] WARN  http.HttpRequestLog (HttpRequestLog.java:getRequestLog(103)) - Jetty request log can only be enabled using Log4j
2020-06-02 21:44:40,967 [Listener at 127.0.0.1/43959] INFO  http.HttpServer2 (HttpServer2.java:addGlobalFilter(993)) - Added global filter 'safety' (class=org.apache.hadoop.hdds.server.http.HttpServer2$QuotingInputFilter)
2020-06-02 21:44:40,968 [Listener at 127.0.0.1/43959] INFO  http.HttpServer2 (HttpServer2.java:addFilter(969)) - Added filter authentication (class=org.apache.hadoop.security.authentication.server.AuthenticationFilter) to context hddsDatanode
2020-06-02 21:44:40,968 [Listener at 127.0.0.1/43959] INFO  http.HttpServer2 (HttpServer2.java:addFilter(977)) - Added filter authentication (class=org.apache.hadoop.security.authentication.server.AuthenticationFilter) to context logs
2020-06-02 21:44:40,968 [Listener at 127.0.0.1/43959] INFO  http.HttpServer2 (HttpServer2.java:addFilter(977)) - Added filter authentication (class=org.apache.hadoop.security.authentication.server.AuthenticationFilter) to context static
2020-06-02 21:44:40,968 [Listener at 127.0.0.1/43959] INFO  http.HttpServer2 (HttpServer2.java:bindListener(1211)) - Jetty bound to port 34563
2020-06-02 21:44:40,969 [Listener at 127.0.0.1/43959] INFO  server.Server (Server.java:doStart(359)) - jetty-9.4.26.v20200117; built: 2020-01-17T12:35:33.676Z; git: 7b38981d25d14afb4a12ff1f2596756144edf695; jvm 1.8.0_232-b09
2020-06-02 21:44:40,970 [Listener at 127.0.0.1/43959] INFO  server.session (DefaultSessionIdManager.java:doStart(333)) - DefaultSessionIdManager workerName=node0
2020-06-02 21:44:40,970 [Listener at 127.0.0.1/43959] INFO  server.session (DefaultSessionIdManager.java:doStart(338)) - No SessionScavenger set, using defaults
2020-06-02 21:44:40,970 [Listener at 127.0.0.1/43959] INFO  server.session (HouseKeeper.java:startScavenging(140)) - node0 Scavenging every 660000ms
2020-06-02 21:44:40,971 [Listener at 127.0.0.1/43959] INFO  server.AuthenticationFilter (AuthenticationFilter.java:constructSecretProvider(240)) - Unable to initialize FileSignerSecretProvider, falling back to use random secrets.
2020-06-02 21:44:40,971 [Listener at 127.0.0.1/43959] INFO  handler.ContextHandler (ContextHandler.java:doStart(825)) - Started o.e.j.s.ServletContextHandler@417b4c7d{logs,/logs,file:///github/workspace/mnt/ozone/hadoop-ozone/integration-test/target/log,AVAILABLE}
2020-06-02 21:44:40,972 [Listener at 127.0.0.1/43959] INFO  handler.ContextHandler (ContextHandler.java:doStart(825)) - Started o.e.j.s.ServletContextHandler@1c43bd85{static,/static,jar:file:/home/user/.m2/repository/org/apache/hadoop/hadoop-hdds-container-service/0.6.0-SNAPSHOT/hadoop-hdds-container-service-0.6.0-SNAPSHOT.jar!/webapps/static,AVAILABLE}
2020-06-02 21:44:41,000 [Listener at 127.0.0.1/43959] INFO  handler.ContextHandler (ContextHandler.java:doStart(825)) - Started o.e.j.w.WebAppContext@37858238{hddsDatanode,/,file:///tmp/jetty-0_0_0_0-34563-hadoop-hdds-container-service-0_6_0-SNAPSHOT_jar-_-any-860479069439858245.dir/webapp/,AVAILABLE}{jar:file:/home/user/.m2/repository/org/apache/hadoop/hadoop-hdds-container-service/0.6.0-SNAPSHOT/hadoop-hdds-container-service-0.6.0-SNAPSHOT.jar!/webapps/hddsDatanode}
2020-06-02 21:44:41,002 [Listener at 127.0.0.1/43959] INFO  server.AbstractConnector (AbstractConnector.java:doStart(330)) - Started ServerConnector@760b9d39{HTTP/1.1,[http/1.1]}{0.0.0.0:34563}
2020-06-02 21:44:41,002 [Listener at 127.0.0.1/43959] INFO  server.Server (Server.java:doStart(399)) - Started @66575ms
2020-06-02 21:44:41,002 [Listener at 127.0.0.1/43959] WARN  impl.MetricsSystemImpl (MetricsSystemImpl.java:register(276)) - Sink prometheus already exists!
2020-06-02 21:44:41,005 [Listener at 127.0.0.1/43959] INFO  http.BaseHttpServer (BaseHttpServer.java:updateConnectorAddress(325)) - HTTP server of hddsDatanode listening at http://0.0.0.0:34563
2020-06-02 21:44:41,005 [Listener at 127.0.0.1/43959] INFO  impl.MetricsSystemImpl (MetricsSystemImpl.java:init(158)) - HddsDatanode metrics system started (again)
2020-06-02 21:44:41,007 [Listener at 127.0.0.1/43959] INFO  ozone.HddsDatanodeService (HddsDatanodeService.java:start(205)) - HddsDatanodeService host:f720cdcd0861 ip:172.17.0.2
2020-06-02 21:44:41,008 [Listener at 127.0.0.1/43959] INFO  volume.HddsVolume (HddsVolume.java:<init>(176)) - Creating Volume: /github/workspace/mnt/ozone/hadoop-ozone/integration-test/target/test-dir/MiniOzoneClusterImpl-537e367d-239d-4fe9-82ba-0c32bb1b6ee4/datanode-1/data-0/containers/hdds of storage type : DISK and capacity : 9223372036854775807
2020-06-02 21:44:41,008 [Listener at 127.0.0.1/43959] INFO  volume.MutableVolumeSet (MutableVolumeSet.java:initializeVolumeSet(181)) - Added Volume : /github/workspace/mnt/ozone/hadoop-ozone/integration-test/target/test-dir/MiniOzoneClusterImpl-537e367d-239d-4fe9-82ba-0c32bb1b6ee4/datanode-1/data-0/containers/hdds to VolumeSet
2020-06-02 21:44:41,008 [Listener at 127.0.0.1/43959] INFO  volume.ThrottledAsyncChecker (ThrottledAsyncChecker.java:schedule(141)) - Scheduling a check for /github/workspace/mnt/ozone/hadoop-ozone/integration-test/target/test-dir/MiniOzoneClusterImpl-537e367d-239d-4fe9-82ba-0c32bb1b6ee4/datanode-1/data-0/containers/hdds
2020-06-02 21:44:41,009 [Listener at 127.0.0.1/43959] INFO  volume.HddsVolumeChecker (HddsVolumeChecker.java:checkAllVolumes(200)) - Scheduled health check for volume /github/workspace/mnt/ozone/hadoop-ozone/integration-test/target/test-dir/MiniOzoneClusterImpl-537e367d-239d-4fe9-82ba-0c32bb1b6ee4/datanode-1/data-0/containers/hdds
2020-06-02 21:44:41,021 [org.apache.hadoop.util.JvmPauseMonitor$Monitor@4e39b42] INFO  util.JvmPauseMonitor (JvmPauseMonitor.java:run(188)) - Starting JVM pause monitor
2020-06-02 21:44:41,037 [Datanode State Machine Thread - 0] INFO  datanode.InitDatanodeState (InitDatanodeState.java:persistContainerDatanodeDetails(145)) - DatanodeDetails is persisted to /github/workspace/mnt/ozone/hadoop-ozone/integration-test/target/test-dir/MiniOzoneClusterImpl-537e367d-239d-4fe9-82ba-0c32bb1b6ee4/datanode-0/meta/datanode.id
2020-06-02 21:44:41,040 [Listener at 127.0.0.1/43959] INFO  impl.RaftServerProxy (ConfUtils.java:logGet(44)) - raft.rpc.type = GRPC (default)
2020-06-02 21:44:41,040 [Listener at 127.0.0.1/43959] INFO  grpc.GrpcFactory (GrpcFactory.java:checkPooledByteBufAllocatorUseCacheForAllThreads(45)) - PERFORMANCE WARNING: useCacheForAllThreads is true that may cause Netty to create a lot garbage objects and, as a result, trigger GC.
	It is recommended to disable useCacheForAllThreads by setting -Dorg.apache.ratis.thirdparty.io.netty.allocator.useCacheForAllThreads=false in command line.
2020-06-02 21:44:41,040 [Listener at 127.0.0.1/43959] INFO  grpc.GrpcConfigKeys (ConfUtils.java:logGet(44)) - raft.grpc.server.port = 0 (default)
2020-06-02 21:44:41,040 [Listener at 127.0.0.1/43959] INFO  server.GrpcService (ConfUtils.java:logGet(44)) - raft.grpc.message.size.max = 32MB (=33554432) (custom)
2020-06-02 21:44:41,040 [Listener at 127.0.0.1/43959] INFO  server.RaftServerConfigKeys (ConfUtils.java:logGet(44)) - raft.server.log.appender.buffer.byte-limit = 33554432 (custom)
2020-06-02 21:44:41,041 [Listener at 127.0.0.1/43959] INFO  server.GrpcService (ConfUtils.java:logGet(44)) - raft.grpc.flow.control.window = 5MB (=5242880) (custom)
2020-06-02 21:44:41,041 [Listener at 127.0.0.1/43959] INFO  server.RaftServerConfigKeys (ConfUtils.java:logGet(44)) - raft.server.rpc.request.timeout = 60s (custom)
2020-06-02 21:44:41,042 [Listener at 127.0.0.1/43959] INFO  server.RaftServerConfigKeys (ConfUtils.java:logGet(44)) - raft.server.storage.dir = [/github/workspace/mnt/ozone/hadoop-ozone/integration-test/target/test-dir/MiniOzoneClusterImpl-537e367d-239d-4fe9-82ba-0c32bb1b6ee4/datanode-1/data/ratis] (custom)
2020-06-02 21:44:41,048 [Listener at 127.0.0.1/43959] INFO  http.BaseHttpServer (BaseHttpServer.java:newHttpServer2BuilderForOzone(205)) - Starting Web-server for hddsDatanode at: http://0.0.0.0:0
2020-06-02 21:44:41,048 [Listener at 127.0.0.1/43959] INFO  http.BaseHttpServer (BaseHttpServer.java:<init>(106)) - Hadoop Security Enabled: false Ozone Security Enabled: false Ozone HTTP Security Enabled: false 
2020-06-02 21:44:41,049 [Listener at 127.0.0.1/43959] INFO  server.AuthenticationFilter (AuthenticationFilter.java:constructSecretProvider(240)) - Unable to initialize FileSignerSecretProvider, falling back to use random secrets.
2020-06-02 21:44:41,050 [Listener at 127.0.0.1/43959] WARN  http.HttpRequestLog (HttpRequestLog.java:getRequestLog(103)) - Jetty request log can only be enabled using Log4j
2020-06-02 21:44:41,051 [Listener at 127.0.0.1/43959] INFO  http.HttpServer2 (HttpServer2.java:addGlobalFilter(993)) - Added global filter 'safety' (class=org.apache.hadoop.hdds.server.http.HttpServer2$QuotingInputFilter)
2020-06-02 21:44:41,052 [Listener at 127.0.0.1/43959] INFO  http.HttpServer2 (HttpServer2.java:addFilter(969)) - Added filter authentication (class=org.apache.hadoop.security.authentication.server.AuthenticationFilter) to context hddsDatanode
2020-06-02 21:44:41,052 [Listener at 127.0.0.1/43959] INFO  http.HttpServer2 (HttpServer2.java:addFilter(977)) - Added filter authentication (class=org.apache.hadoop.security.authentication.server.AuthenticationFilter) to context logs
2020-06-02 21:44:41,052 [Listener at 127.0.0.1/43959] INFO  http.HttpServer2 (HttpServer2.java:addFilter(977)) - Added filter authentication (class=org.apache.hadoop.security.authentication.server.AuthenticationFilter) to context static
2020-06-02 21:44:41,053 [Listener at 127.0.0.1/43959] INFO  http.HttpServer2 (HttpServer2.java:bindListener(1211)) - Jetty bound to port 37253
2020-06-02 21:44:41,053 [Listener at 127.0.0.1/43959] INFO  server.Server (Server.java:doStart(359)) - jetty-9.4.26.v20200117; built: 2020-01-17T12:35:33.676Z; git: 7b38981d25d14afb4a12ff1f2596756144edf695; jvm 1.8.0_232-b09
2020-06-02 21:44:41,055 [Listener at 127.0.0.1/43959] INFO  server.session (DefaultSessionIdManager.java:doStart(333)) - DefaultSessionIdManager workerName=node0
2020-06-02 21:44:41,055 [Listener at 127.0.0.1/43959] INFO  server.session (DefaultSessionIdManager.java:doStart(338)) - No SessionScavenger set, using defaults
2020-06-02 21:44:41,055 [Listener at 127.0.0.1/43959] INFO  server.session (HouseKeeper.java:startScavenging(140)) - node0 Scavenging every 600000ms
2020-06-02 21:44:41,056 [Listener at 127.0.0.1/43959] INFO  server.AuthenticationFilter (AuthenticationFilter.java:constructSecretProvider(240)) - Unable to initialize FileSignerSecretProvider, falling back to use random secrets.
2020-06-02 21:44:41,057 [Listener at 127.0.0.1/43959] INFO  handler.ContextHandler (ContextHandler.java:doStart(825)) - Started o.e.j.s.ServletContextHandler@57cb0559{logs,/logs,file:///github/workspace/mnt/ozone/hadoop-ozone/integration-test/target/log,AVAILABLE}
2020-06-02 21:44:41,057 [Listener at 127.0.0.1/43959] INFO  handler.ContextHandler (ContextHandler.java:doStart(825)) - Started o.e.j.s.ServletContextHandler@c341673{static,/static,jar:file:/home/user/.m2/repository/org/apache/hadoop/hadoop-hdds-container-service/0.6.0-SNAPSHOT/hadoop-hdds-container-service-0.6.0-SNAPSHOT.jar!/webapps/static,AVAILABLE}
2020-06-02 21:44:41,087 [Listener at 127.0.0.1/43959] INFO  handler.ContextHandler (ContextHandler.java:doStart(825)) - Started o.e.j.w.WebAppContext@279971f9{hddsDatanode,/,file:///tmp/jetty-0_0_0_0-37253-hadoop-hdds-container-service-0_6_0-SNAPSHOT_jar-_-any-3983881555869669598.dir/webapp/,AVAILABLE}{jar:file:/home/user/.m2/repository/org/apache/hadoop/hadoop-hdds-container-service/0.6.0-SNAPSHOT/hadoop-hdds-container-service-0.6.0-SNAPSHOT.jar!/webapps/hddsDatanode}
2020-06-02 21:44:41,088 [Listener at 127.0.0.1/43959] INFO  server.AbstractConnector (AbstractConnector.java:doStart(330)) - Started ServerConnector@2cf95329{HTTP/1.1,[http/1.1]}{0.0.0.0:37253}
2020-06-02 21:44:41,088 [Listener at 127.0.0.1/43959] INFO  server.Server (Server.java:doStart(399)) - Started @66662ms
2020-06-02 21:44:41,088 [Listener at 127.0.0.1/43959] WARN  impl.MetricsSystemImpl (MetricsSystemImpl.java:register(276)) - Sink prometheus already exists!
2020-06-02 21:44:41,091 [Listener at 127.0.0.1/43959] INFO  http.BaseHttpServer (BaseHttpServer.java:updateConnectorAddress(325)) - HTTP server of hddsDatanode listening at http://0.0.0.0:37253
2020-06-02 21:44:41,091 [Listener at 127.0.0.1/43959] INFO  impl.MetricsSystemImpl (MetricsSystemImpl.java:init(158)) - HddsDatanode metrics system started (again)
2020-06-02 21:44:41,093 [Listener at 127.0.0.1/43959] INFO  ozone.HddsDatanodeService (HddsDatanodeService.java:start(205)) - HddsDatanodeService host:f720cdcd0861 ip:172.17.0.2
2020-06-02 21:44:41,094 [Listener at 127.0.0.1/43959] INFO  volume.HddsVolume (HddsVolume.java:<init>(176)) - Creating Volume: /github/workspace/mnt/ozone/hadoop-ozone/integration-test/target/test-dir/MiniOzoneClusterImpl-537e367d-239d-4fe9-82ba-0c32bb1b6ee4/datanode-2/data-0/containers/hdds of storage type : DISK and capacity : 9223372036854775807
2020-06-02 21:44:41,094 [Listener at 127.0.0.1/43959] INFO  volume.MutableVolumeSet (MutableVolumeSet.java:initializeVolumeSet(181)) - Added Volume : /github/workspace/mnt/ozone/hadoop-ozone/integration-test/target/test-dir/MiniOzoneClusterImpl-537e367d-239d-4fe9-82ba-0c32bb1b6ee4/datanode-2/data-0/containers/hdds to VolumeSet
2020-06-02 21:44:41,095 [Listener at 127.0.0.1/43959] INFO  volume.ThrottledAsyncChecker (ThrottledAsyncChecker.java:schedule(141)) - Scheduling a check for /github/workspace/mnt/ozone/hadoop-ozone/integration-test/target/test-dir/MiniOzoneClusterImpl-537e367d-239d-4fe9-82ba-0c32bb1b6ee4/datanode-2/data-0/containers/hdds
2020-06-02 21:44:41,095 [Listener at 127.0.0.1/43959] INFO  volume.HddsVolumeChecker (HddsVolumeChecker.java:checkAllVolumes(200)) - Scheduled health check for volume /github/workspace/mnt/ozone/hadoop-ozone/integration-test/target/test-dir/MiniOzoneClusterImpl-537e367d-239d-4fe9-82ba-0c32bb1b6ee4/datanode-2/data-0/containers/hdds
2020-06-02 21:44:41,115 [Listener at 127.0.0.1/43959] INFO  impl.RaftServerProxy (ConfUtils.java:logGet(44)) - raft.rpc.type = GRPC (default)
2020-06-02 21:44:41,117 [Listener at 127.0.0.1/43959] INFO  grpc.GrpcFactory (GrpcFactory.java:checkPooledByteBufAllocatorUseCacheForAllThreads(45)) - PERFORMANCE WARNING: useCacheForAllThreads is true that may cause Netty to create a lot garbage objects and, as a result, trigger GC.
	It is recommended to disable useCacheForAllThreads by setting -Dorg.apache.ratis.thirdparty.io.netty.allocator.useCacheForAllThreads=false in command line.
2020-06-02 21:44:41,117 [Listener at 127.0.0.1/43959] INFO  grpc.GrpcConfigKeys (ConfUtils.java:logGet(44)) - raft.grpc.server.port = 0 (default)
2020-06-02 21:44:41,117 [Listener at 127.0.0.1/43959] INFO  server.GrpcService (ConfUtils.java:logGet(44)) - raft.grpc.message.size.max = 32MB (=33554432) (custom)
2020-06-02 21:44:41,117 [Listener at 127.0.0.1/43959] INFO  server.RaftServerConfigKeys (ConfUtils.java:logGet(44)) - raft.server.log.appender.buffer.byte-limit = 33554432 (custom)
2020-06-02 21:44:41,117 [Listener at 127.0.0.1/43959] INFO  server.GrpcService (ConfUtils.java:logGet(44)) - raft.grpc.flow.control.window = 5MB (=5242880) (custom)
2020-06-02 21:44:41,117 [Listener at 127.0.0.1/43959] INFO  server.RaftServerConfigKeys (ConfUtils.java:logGet(44)) - raft.server.rpc.request.timeout = 60s (custom)
2020-06-02 21:44:41,118 [Listener at 127.0.0.1/43959] INFO  server.RaftServerConfigKeys (ConfUtils.java:logGet(44)) - raft.server.storage.dir = [/github/workspace/mnt/ozone/hadoop-ozone/integration-test/target/test-dir/MiniOzoneClusterImpl-537e367d-239d-4fe9-82ba-0c32bb1b6ee4/datanode-2/data/ratis] (custom)
2020-06-02 21:44:41,124 [Listener at 127.0.0.1/43959] INFO  http.BaseHttpServer (BaseHttpServer.java:newHttpServer2BuilderForOzone(205)) - Starting Web-server for hddsDatanode at: http://0.0.0.0:0
2020-06-02 21:44:41,124 [Listener at 127.0.0.1/43959] INFO  http.BaseHttpServer (BaseHttpServer.java:<init>(106)) - Hadoop Security Enabled: false Ozone Security Enabled: false Ozone HTTP Security Enabled: false 
2020-06-02 21:44:41,125 [Listener at 127.0.0.1/43959] INFO  server.AuthenticationFilter (AuthenticationFilter.java:constructSecretProvider(240)) - Unable to initialize FileSignerSecretProvider, falling back to use random secrets.
2020-06-02 21:44:41,129 [org.apache.hadoop.util.JvmPauseMonitor$Monitor@330b0615] INFO  util.JvmPauseMonitor (JvmPauseMonitor.java:run(188)) - Starting JVM pause monitor
2020-06-02 21:44:41,133 [Datanode State Machine Thread - 0] INFO  datanode.InitDatanodeState (InitDatanodeState.java:persistContainerDatanodeDetails(145)) - DatanodeDetails is persisted to /github/workspace/mnt/ozone/hadoop-ozone/integration-test/target/test-dir/MiniOzoneClusterImpl-537e367d-239d-4fe9-82ba-0c32bb1b6ee4/datanode-1/meta/datanode.id
2020-06-02 21:44:41,133 [Listener at 127.0.0.1/43959] WARN  http.HttpRequestLog (HttpRequestLog.java:getRequestLog(103)) - Jetty request log can only be enabled using Log4j
2020-06-02 21:44:41,134 [Listener at 127.0.0.1/43959] INFO  http.HttpServer2 (HttpServer2.java:addGlobalFilter(993)) - Added global filter 'safety' (class=org.apache.hadoop.hdds.server.http.HttpServer2$QuotingInputFilter)
2020-06-02 21:44:41,135 [Listener at 127.0.0.1/43959] INFO  http.HttpServer2 (HttpServer2.java:addFilter(969)) - Added filter authentication (class=org.apache.hadoop.security.authentication.server.AuthenticationFilter) to context hddsDatanode
2020-06-02 21:44:41,135 [Listener at 127.0.0.1/43959] INFO  http.HttpServer2 (HttpServer2.java:addFilter(977)) - Added filter authentication (class=org.apache.hadoop.security.authentication.server.AuthenticationFilter) to context logs
2020-06-02 21:44:41,135 [Listener at 127.0.0.1/43959] INFO  http.HttpServer2 (HttpServer2.java:addFilter(977)) - Added filter authentication (class=org.apache.hadoop.security.authentication.server.AuthenticationFilter) to context static
2020-06-02 21:44:41,136 [Listener at 127.0.0.1/43959] INFO  http.HttpServer2 (HttpServer2.java:bindListener(1211)) - Jetty bound to port 35009
2020-06-02 21:44:41,136 [Listener at 127.0.0.1/43959] INFO  server.Server (Server.java:doStart(359)) - jetty-9.4.26.v20200117; built: 2020-01-17T12:35:33.676Z; git: 7b38981d25d14afb4a12ff1f2596756144edf695; jvm 1.8.0_232-b09
2020-06-02 21:44:41,139 [Listener at 127.0.0.1/43959] INFO  server.session (DefaultSessionIdManager.java:doStart(333)) - DefaultSessionIdManager workerName=node0
2020-06-02 21:44:41,139 [Listener at 127.0.0.1/43959] INFO  server.session (DefaultSessionIdManager.java:doStart(338)) - No SessionScavenger set, using defaults
2020-06-02 21:44:41,139 [Listener at 127.0.0.1/43959] INFO  server.session (HouseKeeper.java:startScavenging(140)) - node0 Scavenging every 600000ms
2020-06-02 21:44:41,139 [Listener at 127.0.0.1/43959] INFO  server.AuthenticationFilter (AuthenticationFilter.java:constructSecretProvider(240)) - Unable to initialize FileSignerSecretProvider, falling back to use random secrets.
2020-06-02 21:44:41,141 [Listener at 127.0.0.1/43959] INFO  handler.ContextHandler (ContextHandler.java:doStart(825)) - Started o.e.j.s.ServletContextHandler@59b30d7e{logs,/logs,file:///github/workspace/mnt/ozone/hadoop-ozone/integration-test/target/log,AVAILABLE}
2020-06-02 21:44:41,141 [Listener at 127.0.0.1/43959] INFO  handler.ContextHandler (ContextHandler.java:doStart(825)) - Started o.e.j.s.ServletContextHandler@2e77385a{static,/static,jar:file:/home/user/.m2/repository/org/apache/hadoop/hadoop-hdds-container-service/0.6.0-SNAPSHOT/hadoop-hdds-container-service-0.6.0-SNAPSHOT.jar!/webapps/static,AVAILABLE}
2020-06-02 21:44:41,169 [Listener at 127.0.0.1/43959] INFO  handler.ContextHandler (ContextHandler.java:doStart(825)) - Started o.e.j.w.WebAppContext@25377710{hddsDatanode,/,file:///tmp/jetty-0_0_0_0-35009-hadoop-hdds-container-service-0_6_0-SNAPSHOT_jar-_-any-2408972635239149252.dir/webapp/,AVAILABLE}{jar:file:/home/user/.m2/repository/org/apache/hadoop/hadoop-hdds-container-service/0.6.0-SNAPSHOT/hadoop-hdds-container-service-0.6.0-SNAPSHOT.jar!/webapps/hddsDatanode}
2020-06-02 21:44:41,170 [Listener at 127.0.0.1/43959] INFO  server.AbstractConnector (AbstractConnector.java:doStart(330)) - Started ServerConnector@5472e954{HTTP/1.1,[http/1.1]}{0.0.0.0:35009}
2020-06-02 21:44:41,170 [Listener at 127.0.0.1/43959] INFO  server.Server (Server.java:doStart(399)) - Started @66744ms
2020-06-02 21:44:41,170 [Listener at 127.0.0.1/43959] WARN  impl.MetricsSystemImpl (MetricsSystemImpl.java:register(276)) - Sink prometheus already exists!
2020-06-02 21:44:41,173 [Listener at 127.0.0.1/43959] INFO  http.BaseHttpServer (BaseHttpServer.java:updateConnectorAddress(325)) - HTTP server of hddsDatanode listening at http://0.0.0.0:35009
2020-06-02 21:44:41,174 [Listener at 127.0.0.1/43959] INFO  ozone.MiniOzoneClusterImpl (MiniOzoneClusterImpl.java:lambda$waitForClusterToBeReady$0(177)) - Waiting for nodes to be ready. Got 0 of 3 DN Heartbeats.
2020-06-02 21:44:41,174 [Listener at 127.0.0.1/43959] INFO  ozone.MiniOzoneClusterImpl (MiniOzoneClusterImpl.java:lambda$waitForClusterToBeReady$0(180)) - Waiting for cluster to exit safe mode
2020-06-02 21:44:41,185 [org.apache.hadoop.util.JvmPauseMonitor$Monitor@7e2cee31] INFO  util.JvmPauseMonitor (JvmPauseMonitor.java:run(188)) - Starting JVM pause monitor
2020-06-02 21:44:41,186 [Datanode State Machine Thread - 0] INFO  datanode.InitDatanodeState (InitDatanodeState.java:persistContainerDatanodeDetails(145)) - DatanodeDetails is persisted to /github/workspace/mnt/ozone/hadoop-ozone/integration-test/target/test-dir/MiniOzoneClusterImpl-537e367d-239d-4fe9-82ba-0c32bb1b6ee4/datanode-2/meta/datanode.id
2020-06-02 21:44:42,175 [Listener at 127.0.0.1/43959] INFO  ozone.MiniOzoneClusterImpl (MiniOzoneClusterImpl.java:lambda$waitForClusterToBeReady$0(177)) - Waiting for nodes to be ready. Got 0 of 3 DN Heartbeats.
2020-06-02 21:44:42,175 [Listener at 127.0.0.1/43959] INFO  ozone.MiniOzoneClusterImpl (MiniOzoneClusterImpl.java:lambda$waitForClusterToBeReady$0(180)) - Waiting for cluster to exit safe mode
2020-06-02 21:44:43,031 [Datanode State Machine Thread - 0] INFO  ozoneimpl.OzoneContainer (OzoneContainer.java:start(232)) - Attempting to start container services.
2020-06-02 21:44:43,043 [Datanode State Machine Thread - 0] INFO  ozoneimpl.OzoneContainer (OzoneContainer.java:startContainerScrub(196)) - Background container scanner has been disabled.
2020-06-02 21:44:43,044 [Datanode State Machine Thread - 0] INFO  ratis.XceiverServerRatis (XceiverServerRatis.java:start(425)) - Starting XceiverServerRatis dffaa7c1-2551-4597-9377-3e56cf57267f at port 0
2020-06-02 21:44:43,048 [Datanode State Machine Thread - 0] INFO  impl.RaftServerProxy (RaftServerProxy.java:lambda$start$3(299)) - dffaa7c1-2551-4597-9377-3e56cf57267f: start RPC server
2020-06-02 21:44:43,052 [Datanode State Machine Thread - 0] INFO  server.GrpcService (GrpcService.java:startImpl(159)) - dffaa7c1-2551-4597-9377-3e56cf57267f: GrpcService started, listening on 0.0.0.0/0.0.0.0:43607
2020-06-02 21:44:43,052 [Datanode State Machine Thread - 0] INFO  ratis.XceiverServerRatis (XceiverServerRatis.java:start(437)) - XceiverServerRatis dffaa7c1-2551-4597-9377-3e56cf57267f is started using port 43607
2020-06-02 21:44:43,053 [Datanode State Machine Thread - 0] INFO  server.XceiverServerGrpc (XceiverServerGrpc.java:start(145)) - XceiverServerGrpc dffaa7c1-2551-4597-9377-3e56cf57267f is started using port 33951
2020-06-02 21:44:43,135 [Datanode State Machine Thread - 0] INFO  ozoneimpl.OzoneContainer (OzoneContainer.java:start(232)) - Attempting to start container services.
2020-06-02 21:44:43,135 [Datanode State Machine Thread - 0] INFO  ozoneimpl.OzoneContainer (OzoneContainer.java:startContainerScrub(196)) - Background container scanner has been disabled.
2020-06-02 21:44:43,136 [Datanode State Machine Thread - 0] INFO  ratis.XceiverServerRatis (XceiverServerRatis.java:start(425)) - Starting XceiverServerRatis 27f66865-7638-4d0a-890a-11c1e7f6335c at port 0
2020-06-02 21:44:43,137 [Datanode State Machine Thread - 0] INFO  impl.RaftServerProxy (RaftServerProxy.java:lambda$start$3(299)) - 27f66865-7638-4d0a-890a-11c1e7f6335c: start RPC server
2020-06-02 21:44:43,142 [Datanode State Machine Thread - 0] INFO  server.GrpcService (GrpcService.java:startImpl(159)) - 27f66865-7638-4d0a-890a-11c1e7f6335c: GrpcService started, listening on 0.0.0.0/0.0.0.0:35745
2020-06-02 21:44:43,143 [Datanode State Machine Thread - 0] INFO  ratis.XceiverServerRatis (XceiverServerRatis.java:start(437)) - XceiverServerRatis 27f66865-7638-4d0a-890a-11c1e7f6335c is started using port 35745
2020-06-02 21:44:43,144 [Datanode State Machine Thread - 0] INFO  server.XceiverServerGrpc (XceiverServerGrpc.java:start(145)) - XceiverServerGrpc 27f66865-7638-4d0a-890a-11c1e7f6335c is started using port 35839
2020-06-02 21:44:43,176 [Listener at 127.0.0.1/43959] INFO  ozone.MiniOzoneClusterImpl (MiniOzoneClusterImpl.java:lambda$waitForClusterToBeReady$0(177)) - Waiting for nodes to be ready. Got 0 of 3 DN Heartbeats.
2020-06-02 21:44:43,176 [Listener at 127.0.0.1/43959] INFO  ozone.MiniOzoneClusterImpl (MiniOzoneClusterImpl.java:lambda$waitForClusterToBeReady$0(180)) - Waiting for cluster to exit safe mode
2020-06-02 21:44:43,188 [Datanode State Machine Thread - 0] INFO  ozoneimpl.OzoneContainer (OzoneContainer.java:start(232)) - Attempting to start container services.
2020-06-02 21:44:43,189 [Datanode State Machine Thread - 0] INFO  ozoneimpl.OzoneContainer (OzoneContainer.java:startContainerScrub(196)) - Background container scanner has been disabled.
2020-06-02 21:44:43,189 [Datanode State Machine Thread - 0] INFO  ratis.XceiverServerRatis (XceiverServerRatis.java:start(425)) - Starting XceiverServerRatis 1a5d3f2a-b145-4882-855f-8f5c83a68c7b at port 0
2020-06-02 21:44:43,189 [Datanode State Machine Thread - 0] INFO  impl.RaftServerProxy (RaftServerProxy.java:lambda$start$3(299)) - 1a5d3f2a-b145-4882-855f-8f5c83a68c7b: start RPC server
2020-06-02 21:44:43,191 [Datanode State Machine Thread - 0] INFO  server.GrpcService (GrpcService.java:startImpl(159)) - 1a5d3f2a-b145-4882-855f-8f5c83a68c7b: GrpcService started, listening on 0.0.0.0/0.0.0.0:36811
2020-06-02 21:44:43,191 [Datanode State Machine Thread - 0] INFO  ratis.XceiverServerRatis (XceiverServerRatis.java:start(437)) - XceiverServerRatis 1a5d3f2a-b145-4882-855f-8f5c83a68c7b is started using port 36811
2020-06-02 21:44:43,192 [Datanode State Machine Thread - 0] INFO  server.XceiverServerGrpc (XceiverServerGrpc.java:start(145)) - XceiverServerGrpc 1a5d3f2a-b145-4882-855f-8f5c83a68c7b is started using port 36909
2020-06-02 21:44:44,176 [Listener at 127.0.0.1/43959] INFO  ozone.MiniOzoneClusterImpl (MiniOzoneClusterImpl.java:lambda$waitForClusterToBeReady$0(177)) - Waiting for nodes to be ready. Got 0 of 3 DN Heartbeats.
2020-06-02 21:44:44,176 [Listener at 127.0.0.1/43959] INFO  ozone.MiniOzoneClusterImpl (MiniOzoneClusterImpl.java:lambda$waitForClusterToBeReady$0(180)) - Waiting for cluster to exit safe mode
2020-06-02 21:44:45,024 [IPC Server handler 0 on default port 33157] INFO  net.NetworkTopology (NetworkTopologyImpl.java:add(111)) - Added a new node: /default-rack/dffaa7c1-2551-4597-9377-3e56cf57267f
2020-06-02 21:44:45,024 [IPC Server handler 0 on default port 33157] INFO  node.SCMNodeManager (SCMNodeManager.java:register(268)) - Registered Data node : dffaa7c1-2551-4597-9377-3e56cf57267f{ip: 172.17.0.2, host: f720cdcd0861, networkLocation: /default-rack, certSerialId: null}
2020-06-02 21:44:45,025 [EventQueue-NodeRegistrationContainerReportForContainerSafeModeRule] INFO  safemode.SCMSafeModeManager (SCMSafeModeManager.java:validateSafeModeExitRules(213)) - ContainerSafeModeRule rule is successfully validated
2020-06-02 21:44:45,026 [RatisPipelineUtilsThread] INFO  pipeline.RatisPipelineProvider (RatisPipelineProvider.java:lambda$create$0(138)) - Sending CreatePipelineCommand for pipeline:PipelineID=176804e3-09e0-42d7-872d-5af12799055c to datanode:dffaa7c1-2551-4597-9377-3e56cf57267f
2020-06-02 21:44:45,027 [EventQueue-NodeRegistrationContainerReportForDataNodeSafeModeRule] INFO  safemode.SCMSafeModeManager (DataNodeSafeModeRule.java:process(71)) - SCM in safe mode. 1 DataNodes registered, 1 required.
2020-06-02 21:44:45,028 [EventQueue-NodeRegistrationContainerReportForDataNodeSafeModeRule] INFO  safemode.SCMSafeModeManager (SCMSafeModeManager.java:validateSafeModeExitRules(213)) - DataNodeSafeModeRule rule is successfully validated
2020-06-02 21:44:45,028 [EventQueue-NodeRegistrationContainerReportForDataNodeSafeModeRule] INFO  safemode.SCMSafeModeManager (SCMSafeModeManager.java:completePreCheck(241)) - All SCM safe mode pre check rules have passed
2020-06-02 21:44:45,029 [RatisPipelineUtilsThread] INFO  pipeline.PipelineStateManager (PipelineStateManager.java:addPipeline(54)) - Created pipeline Pipeline[ Id: 176804e3-09e0-42d7-872d-5af12799055c, Nodes: dffaa7c1-2551-4597-9377-3e56cf57267f{ip: 172.17.0.2, host: f720cdcd0861, networkLocation: /default-rack, certSerialId: null}, Type:RATIS, Factor:ONE, State:ALLOCATED, leaderId:null, CreationTimestamp2020-06-02T21:44:45.026Z]
2020-06-02 21:44:45,029 [RatisPipelineUtilsThread] ERROR pipeline.SCMPipelineManager (SCMPipelineManager.java:createPipeline(222)) - Failed to create pipeline of type RATIS and factor ONE. Exception: Cannot create pipeline of factor 1 using 0 nodes. Used 1 nodes. Healthy nodes 1
2020-06-02 21:44:45,029 [RatisPipelineUtilsThread] ERROR pipeline.SCMPipelineManager (SCMPipelineManager.java:createPipeline(222)) - Failed to create pipeline of type RATIS and factor ONE. Exception: Cannot create pipeline of factor 1 using 0 nodes. Used 1 nodes. Healthy nodes 1
2020-06-02 21:44:45,029 [RatisPipelineUtilsThread] WARN  pipeline.PipelinePlacementPolicy (PipelinePlacementPolicy.java:filterViableNodes(133)) - Pipeline creation failed due to no sufficient healthy datanodes. Required 3. Found 1.
2020-06-02 21:44:45,029 [RatisPipelineUtilsThread] ERROR pipeline.SCMPipelineManager (SCMPipelineManager.java:createPipeline(222)) - Failed to create pipeline of type RATIS and factor THREE. Exception: Pipeline creation failed due to no sufficient healthy datanodes. Required 3. Found 1.
2020-06-02 21:44:45,131 [IPC Server handler 1 on default port 33157] INFO  net.NetworkTopology (NetworkTopologyImpl.java:add(111)) - Added a new node: /default-rack/27f66865-7638-4d0a-890a-11c1e7f6335c
2020-06-02 21:44:45,132 [IPC Server handler 1 on default port 33157] INFO  node.SCMNodeManager (SCMNodeManager.java:register(268)) - Registered Data node : 27f66865-7638-4d0a-890a-11c1e7f6335c{ip: 172.17.0.2, host: f720cdcd0861, networkLocation: /default-rack, certSerialId: null}
2020-06-02 21:44:45,132 [EventQueue-NodeRegistrationContainerReportForContainerSafeModeRule] INFO  safemode.SCMSafeModeManager (SCMSafeModeManager.java:validateSafeModeExitRules(213)) - ContainerSafeModeRule rule is successfully validated
2020-06-02 21:44:45,133 [EventQueue-NodeRegistrationContainerReportForDataNodeSafeModeRule] INFO  safemode.SCMSafeModeManager (SCMSafeModeManager.java:validateSafeModeExitRules(213)) - DataNodeSafeModeRule rule is successfully validated
2020-06-02 21:44:45,135 [RatisPipelineUtilsThread] INFO  pipeline.RatisPipelineProvider (RatisPipelineProvider.java:lambda$create$0(138)) - Sending CreatePipelineCommand for pipeline:PipelineID=aa3fb4b5-4e27-422d-aeaa-f251cded0800 to datanode:27f66865-7638-4d0a-890a-11c1e7f6335c
2020-06-02 21:44:45,136 [RatisPipelineUtilsThread] INFO  pipeline.PipelineStateManager (PipelineStateManager.java:addPipeline(54)) - Created pipeline Pipeline[ Id: aa3fb4b5-4e27-422d-aeaa-f251cded0800, Nodes: 27f66865-7638-4d0a-890a-11c1e7f6335c{ip: 172.17.0.2, host: f720cdcd0861, networkLocation: /default-rack, certSerialId: null}, Type:RATIS, Factor:ONE, State:ALLOCATED, leaderId:null, CreationTimestamp2020-06-02T21:44:45.135Z]
2020-06-02 21:44:45,137 [RatisPipelineUtilsThread] ERROR pipeline.SCMPipelineManager (SCMPipelineManager.java:createPipeline(222)) - Failed to create pipeline of type RATIS and factor ONE. Exception: Cannot create pipeline of factor 1 using 0 nodes. Used 2 nodes. Healthy nodes 2
2020-06-02 21:44:45,137 [RatisPipelineUtilsThread] WARN  pipeline.PipelinePlacementPolicy (PipelinePlacementPolicy.java:filterViableNodes(133)) - Pipeline creation failed due to no sufficient healthy datanodes. Required 3. Found 2.
2020-06-02 21:44:45,137 [RatisPipelineUtilsThread] ERROR pipeline.SCMPipelineManager (SCMPipelineManager.java:createPipeline(222)) - Failed to create pipeline of type RATIS and factor THREE. Exception: Pipeline creation failed due to no sufficient healthy datanodes. Required 3. Found 2.
2020-06-02 21:44:45,177 [Listener at 127.0.0.1/43959] INFO  ozone.MiniOzoneClusterImpl (MiniOzoneClusterImpl.java:lambda$waitForClusterToBeReady$0(177)) - Waiting for nodes to be ready. Got 2 of 3 DN Heartbeats.
2020-06-02 21:44:45,177 [Listener at 127.0.0.1/43959] INFO  ozone.MiniOzoneClusterImpl (MiniOzoneClusterImpl.java:lambda$waitForClusterToBeReady$0(180)) - Waiting for cluster to exit safe mode
2020-06-02 21:44:45,188 [IPC Server handler 3 on default port 33157] INFO  net.NetworkTopology (NetworkTopologyImpl.java:add(111)) - Added a new node: /default-rack/1a5d3f2a-b145-4882-855f-8f5c83a68c7b
2020-06-02 21:44:45,188 [IPC Server handler 3 on default port 33157] INFO  node.SCMNodeManager (SCMNodeManager.java:register(268)) - Registered Data node : 1a5d3f2a-b145-4882-855f-8f5c83a68c7b{ip: 172.17.0.2, host: f720cdcd0861, networkLocation: /default-rack, certSerialId: null}
2020-06-02 21:44:45,188 [EventQueue-NodeRegistrationContainerReportForContainerSafeModeRule] INFO  safemode.SCMSafeModeManager (SCMSafeModeManager.java:validateSafeModeExitRules(213)) - ContainerSafeModeRule rule is successfully validated
2020-06-02 21:44:45,189 [EventQueue-NodeRegistrationContainerReportForDataNodeSafeModeRule] INFO  safemode.SCMSafeModeManager (SCMSafeModeManager.java:validateSafeModeExitRules(213)) - DataNodeSafeModeRule rule is successfully validated
2020-06-02 21:44:45,190 [RatisPipelineUtilsThread] INFO  pipeline.RatisPipelineProvider (RatisPipelineProvider.java:lambda$create$0(138)) - Sending CreatePipelineCommand for pipeline:PipelineID=d699b01a-ffd1-412e-9d07-afa582544e10 to datanode:1a5d3f2a-b145-4882-855f-8f5c83a68c7b
2020-06-02 21:44:45,190 [RatisPipelineUtilsThread] INFO  pipeline.PipelineStateManager (PipelineStateManager.java:addPipeline(54)) - Created pipeline Pipeline[ Id: d699b01a-ffd1-412e-9d07-afa582544e10, Nodes: 1a5d3f2a-b145-4882-855f-8f5c83a68c7b{ip: 172.17.0.2, host: f720cdcd0861, networkLocation: /default-rack, certSerialId: null}, Type:RATIS, Factor:ONE, State:ALLOCATED, leaderId:null, CreationTimestamp2020-06-02T21:44:45.190Z]
2020-06-02 21:44:45,191 [RatisPipelineUtilsThread] ERROR pipeline.SCMPipelineManager (SCMPipelineManager.java:createPipeline(222)) - Failed to create pipeline of type RATIS and factor ONE. Exception: Cannot create pipeline of factor 1 using 0 nodes. Used 3 nodes. Healthy nodes 3
2020-06-02 21:44:45,194 [RatisPipelineUtilsThread] INFO  pipeline.RatisPipelineProvider (RatisPipelineProvider.java:lambda$create$0(138)) - Sending CreatePipelineCommand for pipeline:PipelineID=23a166fe-be5a-4bac-aed2-53572a115773 to datanode:27f66865-7638-4d0a-890a-11c1e7f6335c
2020-06-02 21:44:45,195 [RatisPipelineUtilsThread] INFO  pipeline.RatisPipelineProvider (RatisPipelineProvider.java:lambda$create$0(138)) - Sending CreatePipelineCommand for pipeline:PipelineID=23a166fe-be5a-4bac-aed2-53572a115773 to datanode:dffaa7c1-2551-4597-9377-3e56cf57267f
2020-06-02 21:44:45,195 [RatisPipelineUtilsThread] INFO  pipeline.RatisPipelineProvider (RatisPipelineProvider.java:lambda$create$0(138)) - Sending CreatePipelineCommand for pipeline:PipelineID=23a166fe-be5a-4bac-aed2-53572a115773 to datanode:1a5d3f2a-b145-4882-855f-8f5c83a68c7b
2020-06-02 21:44:45,195 [RatisPipelineUtilsThread] INFO  pipeline.PipelineStateManager (PipelineStateManager.java:addPipeline(54)) - Created pipeline Pipeline[ Id: 23a166fe-be5a-4bac-aed2-53572a115773, Nodes: 27f66865-7638-4d0a-890a-11c1e7f6335c{ip: 172.17.0.2, host: f720cdcd0861, networkLocation: /default-rack, certSerialId: null}dffaa7c1-2551-4597-9377-3e56cf57267f{ip: 172.17.0.2, host: f720cdcd0861, networkLocation: /default-rack, certSerialId: null}1a5d3f2a-b145-4882-855f-8f5c83a68c7b{ip: 172.17.0.2, host: f720cdcd0861, networkLocation: /default-rack, certSerialId: null}, Type:RATIS, Factor:THREE, State:ALLOCATED, leaderId:null, CreationTimestamp2020-06-02T21:44:45.194Z]
2020-06-02 21:44:45,196 [RatisPipelineUtilsThread] ERROR pipeline.SCMPipelineManager (SCMPipelineManager.java:createPipeline(222)) - Failed to create pipeline of type RATIS and factor THREE. Exception: Pipeline creation failed because nodes are engaged in other pipelines and every node can only be engaged in max 2 pipelines. Required 3. Found 0
2020-06-02 21:44:46,177 [Listener at 127.0.0.1/43959] INFO  ozone.MiniOzoneClusterImpl (MiniOzoneClusterImpl.java:lambda$waitForClusterToBeReady$0(177)) - Nodes are ready. Got 3 of 3 DN Heartbeats.
2020-06-02 21:44:46,178 [Listener at 127.0.0.1/43959] INFO  ozone.MiniOzoneClusterImpl (MiniOzoneClusterImpl.java:lambda$waitForClusterToBeReady$0(180)) - Waiting for cluster to exit safe mode
2020-06-02 21:44:47,179 [Listener at 127.0.0.1/43959] INFO  ozone.MiniOzoneClusterImpl (MiniOzoneClusterImpl.java:lambda$waitForClusterToBeReady$0(177)) - Nodes are ready. Got 3 of 3 DN Heartbeats.
2020-06-02 21:44:47,179 [Listener at 127.0.0.1/43959] INFO  ozone.MiniOzoneClusterImpl (MiniOzoneClusterImpl.java:lambda$waitForClusterToBeReady$0(180)) - Waiting for cluster to exit safe mode
2020-06-02 21:44:48,022 [Command processor thread] INFO  impl.RaftServerProxy (RaftServerProxy.java:addNew(89)) - dffaa7c1-2551-4597-9377-3e56cf57267f: addNew group-5AF12799055C:[dffaa7c1-2551-4597-9377-3e56cf57267f:172.17.0.2:43607] returns group-5AF12799055C:java.util.concurrent.CompletableFuture@5fa32dcd[Not completed]
2020-06-02 21:44:48,032 [pool-83-thread-1] INFO  impl.RaftServerImpl (RaftServerImpl.java:<init>(98)) - dffaa7c1-2551-4597-9377-3e56cf57267f: new RaftServerImpl for group-5AF12799055C:[dffaa7c1-2551-4597-9377-3e56cf57267f:172.17.0.2:43607] with ContainerStateMachine:uninitialized
2020-06-02 21:44:48,032 [pool-83-thread-1] INFO  server.RaftServerConfigKeys (ConfUtils.java:logGet(44)) - raft.server.rpc.timeout.min = 5s (custom)
2020-06-02 21:44:48,032 [pool-83-thread-1] INFO  server.RaftServerConfigKeys (ConfUtils.java:logGet(44)) - raft.server.rpc.timeout.max = 5200ms (custom)
2020-06-02 21:44:48,032 [pool-83-thread-1] INFO  server.RaftServerConfigKeys (ConfUtils.java:logGet(44)) - raft.server.rpcslowness.timeout = 300s (custom)
2020-06-02 21:44:48,032 [pool-83-thread-1] INFO  server.RaftServerConfigKeys (ConfUtils.java:logGet(44)) - raft.server.sleep.deviation.threshold = 300 (default)
2020-06-02 21:44:48,033 [pool-83-thread-1] INFO  server.RaftServerConfigKeys (ConfUtils.java:logGet(44)) - raft.server.log.appender.install.snapshot.enabled = false (custom)
2020-06-02 21:44:48,033 [pool-83-thread-1] INFO  impl.RaftServerImpl (ServerState.java:<init>(103)) - dffaa7c1-2551-4597-9377-3e56cf57267f@group-5AF12799055C: ConfigurationManager, init=-1: [dffaa7c1-2551-4597-9377-3e56cf57267f:172.17.0.2:43607], old=null, confs=<EMPTY_MAP>
2020-06-02 21:44:48,033 [pool-83-thread-1] INFO  server.RaftServerConfigKeys (ConfUtils.java:logGet(44)) - raft.server.storage.dir = [/github/workspace/mnt/ozone/hadoop-ozone/integration-test/target/test-dir/MiniOzoneClusterImpl-537e367d-239d-4fe9-82ba-0c32bb1b6ee4/datanode-0/data/ratis] (custom)
2020-06-02 21:44:48,033 [pool-83-thread-1] INFO  server.RaftServerConfigKeys (ConfUtils.java:logGet(44)) - raft.server.log.corruption.policy = EXCEPTION (default)
2020-06-02 21:44:48,033 [pool-83-thread-1] INFO  storage.RaftStorageDirectory (RaftStorageDirectory.java:analyzeStorage(261)) - The storage directory /github/workspace/mnt/ozone/hadoop-ozone/integration-test/target/test-dir/MiniOzoneClusterImpl-537e367d-239d-4fe9-82ba-0c32bb1b6ee4/datanode-0/data/ratis/176804e3-09e0-42d7-872d-5af12799055c does not exist. Creating ...
2020-06-02 21:44:48,034 [pool-83-thread-1] INFO  storage.RaftStorageDirectory (RaftStorageDirectory.java:tryLock(343)) - Lock on /github/workspace/mnt/ozone/hadoop-ozone/integration-test/target/test-dir/MiniOzoneClusterImpl-537e367d-239d-4fe9-82ba-0c32bb1b6ee4/datanode-0/data/ratis/176804e3-09e0-42d7-872d-5af12799055c/in_use.lock acquired by nodename 11745@f720cdcd0861
2020-06-02 21:44:48,037 [pool-83-thread-1] INFO  storage.RaftStorage (RaftStorage.java:format(84)) - Storage directory /github/workspace/mnt/ozone/hadoop-ozone/integration-test/target/test-dir/MiniOzoneClusterImpl-537e367d-239d-4fe9-82ba-0c32bb1b6ee4/datanode-0/data/ratis/176804e3-09e0-42d7-872d-5af12799055c has been successfully formatted.
2020-06-02 21:44:48,040 [pool-83-thread-1] INFO  ratis.ContainerStateMachine (ContainerStateMachine.java:loadSnapshot(226)) - group-5AF12799055C: The snapshot info is null. Setting the last applied indexto:(t:0, i:~)
2020-06-02 21:44:48,040 [Datanode State Machine Thread - 0] ERROR statemachine.DatanodeStateMachine (DatanodeStateMachine.java:lambda$startDaemon$0(378)) - Unable to start the DatanodeState Machine
java.io.IOException: Unable to finish the execution.
	at org.apache.hadoop.ozone.container.common.statemachine.DatanodeStateMachine.start(DatanodeStateMachine.java:219)
	at org.apache.hadoop.ozone.container.common.statemachine.DatanodeStateMachine.lambda$startDaemon$0(DatanodeStateMachine.java:375)
	at java.lang.Thread.run(Thread.java:748)
Caused by: java.lang.InterruptedException: sleep interrupted
	at java.lang.Thread.sleep(Native Method)
	at org.apache.hadoop.ozone.container.common.statemachine.DatanodeStateMachine.start(DatanodeStateMachine.java:212)
	... 2 more
2020-06-02 21:44:48,040 [pool-83-thread-1] INFO  server.RaftServerConfigKeys (ConfUtils.java:logGet(44)) - raft.server.notification.no-leader.timeout = 60s (default)
2020-06-02 21:44:48,041 [pool-83-thread-1] INFO  server.RaftServerConfigKeys (ConfUtils.java:logGet(44)) - raft.server.log.use.memory = false (default)
2020-06-02 21:44:48,041 [pool-83-thread-1] INFO  server.RaftServerConfigKeys (ConfUtils.java:logGet(44)) - raft.server.log.purge.gap = 1000000 (custom)
2020-06-02 21:44:48,041 [pool-83-thread-1] INFO  server.RaftServerConfigKeys (ConfUtils.java:logGet(44)) - raft.server.log.appender.buffer.byte-limit = 33554432 (custom)
2020-06-02 21:44:48,041 [pool-83-thread-1] INFO  server.RaftServerConfigKeys (ConfUtils.java:logGet(44)) - raft.server.log.segment.size.max = 1048576 (custom)
2020-06-02 21:44:48,041 [pool-83-thread-1] INFO  metrics.RatisMetrics (RatisMetrics.java:lambda$create$0(39)) - Creating Metrics Registry : ratis.log_worker.dffaa7c1-2551-4597-9377-3e56cf57267f
2020-06-02 21:44:48,042 [pool-83-thread-1] INFO  server.RaftServerConfigKeys (ConfUtils.java:logGet(44)) - raft.server.log.segment.cache.num.max = 2 (custom)
2020-06-02 21:44:48,042 [pool-83-thread-1] INFO  segmented.SegmentedRaftLogWorker (SegmentedRaftLogWorker.java:<init>(176)) - new dffaa7c1-2551-4597-9377-3e56cf57267f@group-5AF12799055C-SegmentedRaftLogWorker for RaftStorage:Storage Directory /github/workspace/mnt/ozone/hadoop-ozone/integration-test/target/test-dir/MiniOzoneClusterImpl-537e367d-239d-4fe9-82ba-0c32bb1b6ee4/datanode-0/data/ratis/176804e3-09e0-42d7-872d-5af12799055c
2020-06-02 21:44:48,042 [pool-83-thread-1] INFO  server.RaftServerConfigKeys (ConfUtils.java:logGet(44)) - raft.server.log.queue.byte-limit = 2147483647 (custom)
2020-06-02 21:44:48,042 [pool-83-thread-1] INFO  server.RaftServerConfigKeys (ConfUtils.java:logGet(44)) - raft.server.log.queue.element-limit = 1024 (custom)
2020-06-02 21:44:48,042 [pool-83-thread-1] INFO  server.RaftServerConfigKeys (ConfUtils.java:logGet(44)) - raft.server.log.segment.size.max = 1048576 (custom)
2020-06-02 21:44:48,042 [pool-83-thread-1] INFO  server.RaftServerConfigKeys (ConfUtils.java:logGet(44)) - raft.server.log.preallocated.size = 16384 (custom)
2020-06-02 21:44:48,042 [pool-83-thread-1] INFO  server.RaftServerConfigKeys (ConfUtils.java:logGet(44)) - raft.server.log.write.buffer.size = 1048576 (custom)
2020-06-02 21:44:48,042 [pool-83-thread-1] INFO  server.RaftServerConfigKeys (ConfUtils.java:logGet(44)) - raft.server.log.force.sync.num = 128 (default)
2020-06-02 21:44:48,042 [pool-83-thread-1] INFO  server.RaftServerConfigKeys (ConfUtils.java:logGet(44)) - raft.server.log.statemachine.data.sync = true (default)
2020-06-02 21:44:48,042 [pool-83-thread-1] INFO  server.RaftServerConfigKeys (ConfUtils.java:logGet(44)) - raft.server.log.statemachine.data.sync.timeout = 10s (default)
2020-06-02 21:44:48,043 [pool-83-thread-1] INFO  server.RaftServerConfigKeys (ConfUtils.java:logGet(44)) - raft.server.log.statemachine.data.sync.timeout.retry = -1 (default)
2020-06-02 21:44:48,044 [pool-83-thread-1] INFO  server.RaftServerConfigKeys (ConfUtils.java:logGet(44)) - raft.server.log.statemachine.data.caching.enabled = true (custom)
2020-06-02 21:44:48,044 [pool-83-thread-1] INFO  segmented.SegmentedRaftLogWorker (SegmentedRaftLogWorker.java:lambda$new$0(129)) - dffaa7c1-2551-4597-9377-3e56cf57267f@group-5AF12799055C-SegmentedRaftLogWorker: flushIndex: setUnconditionally 0 -> -1
2020-06-02 21:44:48,044 [pool-83-thread-1] INFO  server.RaftServerConfigKeys (ConfUtils.java:logGet(44)) - raft.server.snapshot.auto.trigger.enabled = true (custom)
2020-06-02 21:44:48,044 [pool-83-thread-1] INFO  server.RaftServerConfigKeys (ConfUtils.java:logGet(44)) - raft.server.snapshot.auto.trigger.threshold = 10000 (custom)
2020-06-02 21:44:48,045 [pool-83-thread-1] INFO  server.RaftServerConfigKeys (ConfUtils.java:logGet(44)) - raft.server.snapshot.retention.file.num = 5 (custom)
2020-06-02 21:44:48,045 [pool-83-thread-1] INFO  server.RaftServerConfigKeys (ConfUtils.java:logGet(44)) - raft.server.log.purge.upto.snapshot.index = false (default)
2020-06-02 21:44:48,045 [pool-83-thread-1] INFO  server.RaftServerConfigKeys (ConfUtils.java:logGet(44)) - raft.server.retrycache.expirytime = 600000ms (custom)
2020-06-02 21:44:48,045 [pool-83-thread-1] INFO  metrics.RatisMetrics (RatisMetrics.java:lambda$create$0(39)) - Creating Metrics Registry : ratis.leader_election.dffaa7c1-2551-4597-9377-3e56cf57267f@group-5AF12799055C
2020-06-02 21:44:48,045 [pool-83-thread-1] INFO  metrics.RatisMetrics (RatisMetrics.java:lambda$create$0(39)) - Creating Metrics Registry : ratis.server.dffaa7c1-2551-4597-9377-3e56cf57267f@group-5AF12799055C
2020-06-02 21:44:48,046 [pool-83-thread-1] INFO  impl.RaftServerImpl (RaftServerImpl.java:start(184)) - dffaa7c1-2551-4597-9377-3e56cf57267f@group-5AF12799055C: start as a follower, conf=-1: [dffaa7c1-2551-4597-9377-3e56cf57267f:172.17.0.2:43607], old=null
2020-06-02 21:44:48,047 [pool-83-thread-1] INFO  impl.RaftServerImpl (RaftServerImpl.java:setRole(173)) - dffaa7c1-2551-4597-9377-3e56cf57267f@group-5AF12799055C: changes role from      null to FOLLOWER at term 0 for startAsFollower
2020-06-02 21:44:48,047 [pool-83-thread-1] INFO  impl.RoleInfo (RoleInfo.java:updateAndGet(143)) - dffaa7c1-2551-4597-9377-3e56cf57267f: start FollowerState
2020-06-02 21:44:48,047 [pool-83-thread-1] INFO  util.JmxRegister (JmxRegister.java:tryRegister(44)) - Successfully registered JMX Bean with object name Ratis:service=RaftServer,group=group-5AF12799055C,id=dffaa7c1-2551-4597-9377-3e56cf57267f
2020-06-02 21:44:48,047 [pool-83-thread-1] INFO  metrics.RatisMetrics (RatisMetrics.java:lambda$create$0(39)) - Creating Metrics Registry : ratis.state_machine.dffaa7c1-2551-4597-9377-3e56cf57267f@group-5AF12799055C
2020-06-02 21:44:48,048 [Command processor thread] INFO  commandhandler.CreatePipelineCommandHandler (CreatePipelineCommandHandler.java:handle(109)) - Created Pipeline RATIS ONE #id: "176804e3-09e0-42d7-872d-5af12799055c"
.
2020-06-02 21:44:48,049 [Command processor thread] INFO  impl.RaftServerProxy (RaftServerProxy.java:addNew(89)) - dffaa7c1-2551-4597-9377-3e56cf57267f: addNew group-53572A115773:[1a5d3f2a-b145-4882-855f-8f5c83a68c7b:172.17.0.2:36811, 27f66865-7638-4d0a-890a-11c1e7f6335c:172.17.0.2:35745, dffaa7c1-2551-4597-9377-3e56cf57267f:172.17.0.2:43607] returns group-53572A115773:java.util.concurrent.CompletableFuture@5b9cb2e1[Not completed]
2020-06-02 21:44:48,050 [pool-83-thread-1] INFO  impl.RaftServerImpl (RaftServerImpl.java:<init>(98)) - dffaa7c1-2551-4597-9377-3e56cf57267f: new RaftServerImpl for group-53572A115773:[1a5d3f2a-b145-4882-855f-8f5c83a68c7b:172.17.0.2:36811, 27f66865-7638-4d0a-890a-11c1e7f6335c:172.17.0.2:35745, dffaa7c1-2551-4597-9377-3e56cf57267f:172.17.0.2:43607] with ContainerStateMachine:uninitialized
2020-06-02 21:44:48,050 [pool-83-thread-1] INFO  server.RaftServerConfigKeys (ConfUtils.java:logGet(44)) - raft.server.rpc.timeout.min = 5s (custom)
2020-06-02 21:44:48,050 [pool-83-thread-1] INFO  server.RaftServerConfigKeys (ConfUtils.java:logGet(44)) - raft.server.rpc.timeout.max = 5200ms (custom)
2020-06-02 21:44:48,050 [pool-83-thread-1] INFO  server.RaftServerConfigKeys (ConfUtils.java:logGet(44)) - raft.server.rpcslowness.timeout = 300s (custom)
2020-06-02 21:44:48,050 [pool-83-thread-1] INFO  server.RaftServerConfigKeys (ConfUtils.java:logGet(44)) - raft.server.sleep.deviation.threshold = 300 (default)
2020-06-02 21:44:48,050 [pool-83-thread-1] INFO  server.RaftServerConfigKeys (ConfUtils.java:logGet(44)) - raft.server.log.appender.install.snapshot.enabled = false (custom)
2020-06-02 21:44:48,051 [pool-83-thread-1] INFO  impl.RaftServerImpl (ServerState.java:<init>(103)) - dffaa7c1-2551-4597-9377-3e56cf57267f@group-53572A115773: ConfigurationManager, init=-1: [1a5d3f2a-b145-4882-855f-8f5c83a68c7b:172.17.0.2:36811, 27f66865-7638-4d0a-890a-11c1e7f6335c:172.17.0.2:35745, dffaa7c1-2551-4597-9377-3e56cf57267f:172.17.0.2:43607], old=null, confs=<EMPTY_MAP>
2020-06-02 21:44:48,051 [pool-83-thread-1] INFO  server.RaftServerConfigKeys (ConfUtils.java:logGet(44)) - raft.server.storage.dir = [/github/workspace/mnt/ozone/hadoop-ozone/integration-test/target/test-dir/MiniOzoneClusterImpl-537e367d-239d-4fe9-82ba-0c32bb1b6ee4/datanode-0/data/ratis] (custom)
2020-06-02 21:44:48,051 [pool-83-thread-1] INFO  server.RaftServerConfigKeys (ConfUtils.java:logGet(44)) - raft.server.log.corruption.policy = EXCEPTION (default)
2020-06-02 21:44:48,051 [pool-83-thread-1] INFO  storage.RaftStorageDirectory (RaftStorageDirectory.java:analyzeStorage(261)) - The storage directory /github/workspace/mnt/ozone/hadoop-ozone/integration-test/target/test-dir/MiniOzoneClusterImpl-537e367d-239d-4fe9-82ba-0c32bb1b6ee4/datanode-0/data/ratis/23a166fe-be5a-4bac-aed2-53572a115773 does not exist. Creating ...
2020-06-02 21:44:48,053 [pool-83-thread-1] INFO  storage.RaftStorageDirectory (RaftStorageDirectory.java:tryLock(343)) - Lock on /github/workspace/mnt/ozone/hadoop-ozone/integration-test/target/test-dir/MiniOzoneClusterImpl-537e367d-239d-4fe9-82ba-0c32bb1b6ee4/datanode-0/data/ratis/23a166fe-be5a-4bac-aed2-53572a115773/in_use.lock acquired by nodename 11745@f720cdcd0861
2020-06-02 21:44:48,055 [pool-83-thread-1] INFO  storage.RaftStorage (RaftStorage.java:format(84)) - Storage directory /github/workspace/mnt/ozone/hadoop-ozone/integration-test/target/test-dir/MiniOzoneClusterImpl-537e367d-239d-4fe9-82ba-0c32bb1b6ee4/datanode-0/data/ratis/23a166fe-be5a-4bac-aed2-53572a115773 has been successfully formatted.
2020-06-02 21:44:48,055 [pool-83-thread-1] INFO  ratis.ContainerStateMachine (ContainerStateMachine.java:loadSnapshot(226)) - group-53572A115773: The snapshot info is null. Setting the last applied indexto:(t:0, i:~)
2020-06-02 21:44:48,055 [pool-83-thread-1] INFO  server.RaftServerConfigKeys (ConfUtils.java:logGet(44)) - raft.server.notification.no-leader.timeout = 60s (default)
2020-06-02 21:44:48,055 [pool-83-thread-1] INFO  server.RaftServerConfigKeys (ConfUtils.java:logGet(44)) - raft.server.log.use.memory = false (default)
2020-06-02 21:44:48,055 [pool-83-thread-1] INFO  server.RaftServerConfigKeys (ConfUtils.java:logGet(44)) - raft.server.log.purge.gap = 1000000 (custom)
2020-06-02 21:44:48,055 [pool-83-thread-1] INFO  server.RaftServerConfigKeys (ConfUtils.java:logGet(44)) - raft.server.log.appender.buffer.byte-limit = 33554432 (custom)
2020-06-02 21:44:48,055 [pool-83-thread-1] INFO  server.RaftServerConfigKeys (ConfUtils.java:logGet(44)) - raft.server.log.segment.size.max = 1048576 (custom)
2020-06-02 21:44:48,055 [pool-83-thread-1] INFO  server.RaftServerConfigKeys (ConfUtils.java:logGet(44)) - raft.server.log.segment.cache.num.max = 2 (custom)
2020-06-02 21:44:48,055 [pool-83-thread-1] INFO  segmented.SegmentedRaftLogWorker (SegmentedRaftLogWorker.java:<init>(176)) - new dffaa7c1-2551-4597-9377-3e56cf57267f@group-53572A115773-SegmentedRaftLogWorker for RaftStorage:Storage Directory /github/workspace/mnt/ozone/hadoop-ozone/integration-test/target/test-dir/MiniOzoneClusterImpl-537e367d-239d-4fe9-82ba-0c32bb1b6ee4/datanode-0/data/ratis/23a166fe-be5a-4bac-aed2-53572a115773
2020-06-02 21:44:48,055 [pool-83-thread-1] INFO  server.RaftServerConfigKeys (ConfUtils.java:logGet(44)) - raft.server.log.queue.byte-limit = 2147483647 (custom)
2020-06-02 21:44:48,055 [pool-83-thread-1] INFO  server.RaftServerConfigKeys (ConfUtils.java:logGet(44)) - raft.server.log.queue.element-limit = 1024 (custom)
2020-06-02 21:44:48,055 [pool-83-thread-1] INFO  server.RaftServerConfigKeys (ConfUtils.java:logGet(44)) - raft.server.log.segment.size.max = 1048576 (custom)
2020-06-02 21:44:48,056 [pool-83-thread-1] INFO  server.RaftServerConfigKeys (ConfUtils.java:logGet(44)) - raft.server.log.preallocated.size = 16384 (custom)
2020-06-02 21:44:48,056 [pool-83-thread-1] INFO  server.RaftServerConfigKeys (ConfUtils.java:logGet(44)) - raft.server.log.write.buffer.size = 1048576 (custom)
2020-06-02 21:44:48,056 [pool-83-thread-1] INFO  server.RaftServerConfigKeys (ConfUtils.java:logGet(44)) - raft.server.log.force.sync.num = 128 (default)
2020-06-02 21:44:48,056 [pool-83-thread-1] INFO  server.RaftServerConfigKeys (ConfUtils.java:logGet(44)) - raft.server.log.statemachine.data.sync = true (default)
2020-06-02 21:44:48,056 [pool-83-thread-1] INFO  server.RaftServerConfigKeys (ConfUtils.java:logGet(44)) - raft.server.log.statemachine.data.sync.timeout = 10s (default)
2020-06-02 21:44:48,056 [pool-83-thread-1] INFO  server.RaftServerConfigKeys (ConfUtils.java:logGet(44)) - raft.server.log.statemachine.data.sync.timeout.retry = -1 (default)
2020-06-02 21:44:48,056 [pool-83-thread-1] INFO  server.RaftServerConfigKeys (ConfUtils.java:logGet(44)) - raft.server.log.statemachine.data.caching.enabled = true (custom)
2020-06-02 21:44:48,056 [pool-83-thread-1] INFO  segmented.SegmentedRaftLogWorker (SegmentedRaftLogWorker.java:lambda$new$0(129)) - dffaa7c1-2551-4597-9377-3e56cf57267f@group-53572A115773-SegmentedRaftLogWorker: flushIndex: setUnconditionally 0 -> -1
2020-06-02 21:44:48,057 [pool-83-thread-1] INFO  server.RaftServerConfigKeys (ConfUtils.java:logGet(44)) - raft.server.snapshot.auto.trigger.enabled = true (custom)
2020-06-02 21:44:48,057 [pool-83-thread-1] INFO  server.RaftServerConfigKeys (ConfUtils.java:logGet(44)) - raft.server.snapshot.auto.trigger.threshold = 10000 (custom)
2020-06-02 21:44:48,057 [pool-83-thread-1] INFO  server.RaftServerConfigKeys (ConfUtils.java:logGet(44)) - raft.server.snapshot.retention.file.num = 5 (custom)
2020-06-02 21:44:48,057 [pool-83-thread-1] INFO  server.RaftServerConfigKeys (ConfUtils.java:logGet(44)) - raft.server.log.purge.upto.snapshot.index = false (default)
2020-06-02 21:44:48,058 [pool-83-thread-1] INFO  server.RaftServerConfigKeys (ConfUtils.java:logGet(44)) - raft.server.retrycache.expirytime = 600000ms (custom)
2020-06-02 21:44:48,058 [pool-83-thread-1] INFO  metrics.RatisMetrics (RatisMetrics.java:lambda$create$0(39)) - Creating Metrics Registry : ratis.leader_election.dffaa7c1-2551-4597-9377-3e56cf57267f@group-53572A115773
2020-06-02 21:44:48,058 [pool-83-thread-1] INFO  metrics.RatisMetrics (RatisMetrics.java:lambda$create$0(39)) - Creating Metrics Registry : ratis.server.dffaa7c1-2551-4597-9377-3e56cf57267f@group-53572A115773
2020-06-02 21:44:48,059 [pool-83-thread-1] INFO  impl.RaftServerImpl (RaftServerImpl.java:start(184)) - dffaa7c1-2551-4597-9377-3e56cf57267f@group-53572A115773: start as a follower, conf=-1: [1a5d3f2a-b145-4882-855f-8f5c83a68c7b:172.17.0.2:36811, 27f66865-7638-4d0a-890a-11c1e7f6335c:172.17.0.2:35745, dffaa7c1-2551-4597-9377-3e56cf57267f:172.17.0.2:43607], old=null
2020-06-02 21:44:48,059 [pool-83-thread-1] INFO  impl.RaftServerImpl (RaftServerImpl.java:setRole(173)) - dffaa7c1-2551-4597-9377-3e56cf57267f@group-53572A115773: changes role from      null to FOLLOWER at term 0 for startAsFollower
2020-06-02 21:44:48,059 [pool-83-thread-1] INFO  impl.RoleInfo (RoleInfo.java:updateAndGet(143)) - dffaa7c1-2551-4597-9377-3e56cf57267f: start FollowerState
2020-06-02 21:44:48,060 [pool-83-thread-1] INFO  util.JmxRegister (JmxRegister.java:tryRegister(44)) - Successfully registered JMX Bean with object name Ratis:service=RaftServer,group=group-53572A115773,id=dffaa7c1-2551-4597-9377-3e56cf57267f
2020-06-02 21:44:48,060 [pool-83-thread-1] INFO  metrics.RatisMetrics (RatisMetrics.java:lambda$create$0(39)) - Creating Metrics Registry : ratis.state_machine.dffaa7c1-2551-4597-9377-3e56cf57267f@group-53572A115773
2020-06-02 21:44:48,131 [Command processor thread] INFO  impl.RaftServerProxy (RaftServerProxy.java:addNew(89)) - 27f66865-7638-4d0a-890a-11c1e7f6335c: addNew group-F251CDED0800:[27f66865-7638-4d0a-890a-11c1e7f6335c:172.17.0.2:35745] returns group-F251CDED0800:java.util.concurrent.CompletableFuture@1c314cf3[Not completed]
2020-06-02 21:44:48,144 [pool-99-thread-1] INFO  impl.RaftServerImpl (RaftServerImpl.java:<init>(98)) - 27f66865-7638-4d0a-890a-11c1e7f6335c: new RaftServerImpl for group-F251CDED0800:[27f66865-7638-4d0a-890a-11c1e7f6335c:172.17.0.2:35745] with ContainerStateMachine:uninitialized
2020-06-02 21:44:48,146 [pool-99-thread-1] INFO  server.RaftServerConfigKeys (ConfUtils.java:logGet(44)) - raft.server.rpc.timeout.min = 5s (custom)
2020-06-02 21:44:48,146 [pool-99-thread-1] INFO  server.RaftServerConfigKeys (ConfUtils.java:logGet(44)) - raft.server.rpc.timeout.max = 5200ms (custom)
2020-06-02 21:44:48,146 [pool-99-thread-1] INFO  server.RaftServerConfigKeys (ConfUtils.java:logGet(44)) - raft.server.rpcslowness.timeout = 300s (custom)
2020-06-02 21:44:48,146 [pool-99-thread-1] INFO  server.RaftServerConfigKeys (ConfUtils.java:logGet(44)) - raft.server.sleep.deviation.threshold = 300 (default)
2020-06-02 21:44:48,146 [pool-99-thread-1] INFO  server.RaftServerConfigKeys (ConfUtils.java:logGet(44)) - raft.server.log.appender.install.snapshot.enabled = false (custom)
2020-06-02 21:44:48,146 [pool-99-thread-1] INFO  impl.RaftServerImpl (ServerState.java:<init>(103)) - 27f66865-7638-4d0a-890a-11c1e7f6335c@group-F251CDED0800: ConfigurationManager, init=-1: [27f66865-7638-4d0a-890a-11c1e7f6335c:172.17.0.2:35745], old=null, confs=<EMPTY_MAP>
2020-06-02 21:44:48,146 [pool-99-thread-1] INFO  server.RaftServerConfigKeys (ConfUtils.java:logGet(44)) - raft.server.storage.dir = [/github/workspace/mnt/ozone/hadoop-ozone/integration-test/target/test-dir/MiniOzoneClusterImpl-537e367d-239d-4fe9-82ba-0c32bb1b6ee4/datanode-1/data/ratis] (custom)
2020-06-02 21:44:48,146 [pool-99-thread-1] INFO  server.RaftServerConfigKeys (ConfUtils.java:logGet(44)) - raft.server.log.corruption.policy = EXCEPTION (default)
2020-06-02 21:44:48,146 [pool-99-thread-1] INFO  storage.RaftStorageDirectory (RaftStorageDirectory.java:analyzeStorage(261)) - The storage directory /github/workspace/mnt/ozone/hadoop-ozone/integration-test/target/test-dir/MiniOzoneClusterImpl-537e367d-239d-4fe9-82ba-0c32bb1b6ee4/datanode-1/data/ratis/aa3fb4b5-4e27-422d-aeaa-f251cded0800 does not exist. Creating ...
2020-06-02 21:44:48,147 [pool-99-thread-1] INFO  storage.RaftStorageDirectory (RaftStorageDirectory.java:tryLock(343)) - Lock on /github/workspace/mnt/ozone/hadoop-ozone/integration-test/target/test-dir/MiniOzoneClusterImpl-537e367d-239d-4fe9-82ba-0c32bb1b6ee4/datanode-1/data/ratis/aa3fb4b5-4e27-422d-aeaa-f251cded0800/in_use.lock acquired by nodename 11745@f720cdcd0861
2020-06-02 21:44:48,148 [pool-99-thread-1] INFO  storage.RaftStorage (RaftStorage.java:format(84)) - Storage directory /github/workspace/mnt/ozone/hadoop-ozone/integration-test/target/test-dir/MiniOzoneClusterImpl-537e367d-239d-4fe9-82ba-0c32bb1b6ee4/datanode-1/data/ratis/aa3fb4b5-4e27-422d-aeaa-f251cded0800 has been successfully formatted.
2020-06-02 21:44:48,149 [pool-99-thread-1] INFO  ratis.ContainerStateMachine (ContainerStateMachine.java:loadSnapshot(226)) - group-F251CDED0800: The snapshot info is null. Setting the last applied indexto:(t:0, i:~)
2020-06-02 21:44:48,149 [Datanode State Machine Thread - 0] ERROR statemachine.DatanodeStateMachine (DatanodeStateMachine.java:lambda$startDaemon$0(378)) - Unable to start the DatanodeState Machine
java.io.IOException: Unable to finish the execution.
	at org.apache.hadoop.ozone.container.common.statemachine.DatanodeStateMachine.start(DatanodeStateMachine.java:219)
	at org.apache.hadoop.ozone.container.common.statemachine.DatanodeStateMachine.lambda$startDaemon$0(DatanodeStateMachine.java:375)
	at java.lang.Thread.run(Thread.java:748)
Caused by: java.lang.InterruptedException: sleep interrupted
	at java.lang.Thread.sleep(Native Method)
	at org.apache.hadoop.ozone.container.common.statemachine.DatanodeStateMachine.start(DatanodeStateMachine.java:212)
	... 2 more
2020-06-02 21:44:48,149 [pool-99-thread-1] INFO  server.RaftServerConfigKeys (ConfUtils.java:logGet(44)) - raft.server.notification.no-leader.timeout = 60s (default)
2020-06-02 21:44:48,150 [pool-99-thread-1] INFO  server.RaftServerConfigKeys (ConfUtils.java:logGet(44)) - raft.server.log.use.memory = false (default)
2020-06-02 21:44:48,150 [pool-99-thread-1] INFO  server.RaftServerConfigKeys (ConfUtils.java:logGet(44)) - raft.server.log.purge.gap = 1000000 (custom)
2020-06-02 21:44:48,150 [pool-99-thread-1] INFO  server.RaftServerConfigKeys (ConfUtils.java:logGet(44)) - raft.server.log.appender.buffer.byte-limit = 33554432 (custom)
2020-06-02 21:44:48,150 [pool-99-thread-1] INFO  server.RaftServerConfigKeys (ConfUtils.java:logGet(44)) - raft.server.log.segment.size.max = 1048576 (custom)
2020-06-02 21:44:48,150 [pool-99-thread-1] INFO  metrics.RatisMetrics (RatisMetrics.java:lambda$create$0(39)) - Creating Metrics Registry : ratis.log_worker.27f66865-7638-4d0a-890a-11c1e7f6335c
2020-06-02 21:44:48,150 [pool-99-thread-1] INFO  server.RaftServerConfigKeys (ConfUtils.java:logGet(44)) - raft.server.log.segment.cache.num.max = 2 (custom)
2020-06-02 21:44:48,150 [pool-99-thread-1] INFO  segmented.SegmentedRaftLogWorker (SegmentedRaftLogWorker.java:<init>(176)) - new 27f66865-7638-4d0a-890a-11c1e7f6335c@group-F251CDED0800-SegmentedRaftLogWorker for RaftStorage:Storage Directory /github/workspace/mnt/ozone/hadoop-ozone/integration-test/target/test-dir/MiniOzoneClusterImpl-537e367d-239d-4fe9-82ba-0c32bb1b6ee4/datanode-1/data/ratis/aa3fb4b5-4e27-422d-aeaa-f251cded0800
2020-06-02 21:44:48,150 [pool-99-thread-1] INFO  server.RaftServerConfigKeys (ConfUtils.java:logGet(44)) - raft.server.log.queue.byte-limit = 2147483647 (custom)
2020-06-02 21:44:48,150 [pool-99-thread-1] INFO  server.RaftServerConfigKeys (ConfUtils.java:logGet(44)) - raft.server.log.queue.element-limit = 1024 (custom)
2020-06-02 21:44:48,151 [pool-99-thread-1] INFO  server.RaftServerConfigKeys (ConfUtils.java:logGet(44)) - raft.server.log.segment.size.max = 1048576 (custom)
2020-06-02 21:44:48,151 [pool-99-thread-1] INFO  server.RaftServerConfigKeys (ConfUtils.java:logGet(44)) - raft.server.log.preallocated.size = 16384 (custom)
2020-06-02 21:44:48,151 [pool-99-thread-1] INFO  server.RaftServerConfigKeys (ConfUtils.java:logGet(44)) - raft.server.log.write.buffer.size = 1048576 (custom)
2020-06-02 21:44:48,151 [pool-99-thread-1] INFO  server.RaftServerConfigKeys (ConfUtils.java:logGet(44)) - raft.server.log.force.sync.num = 128 (default)
2020-06-02 21:44:48,151 [pool-99-thread-1] INFO  server.RaftServerConfigKeys (ConfUtils.java:logGet(44)) - raft.server.log.statemachine.data.sync = true (default)
2020-06-02 21:44:48,151 [pool-99-thread-1] INFO  server.RaftServerConfigKeys (ConfUtils.java:logGet(44)) - raft.server.log.statemachine.data.sync.timeout = 10s (default)
2020-06-02 21:44:48,151 [pool-99-thread-1] INFO  server.RaftServerConfigKeys (ConfUtils.java:logGet(44)) - raft.server.log.statemachine.data.sync.timeout.retry = -1 (default)
2020-06-02 21:44:48,152 [pool-99-thread-1] INFO  server.RaftServerConfigKeys (ConfUtils.java:logGet(44)) - raft.server.log.statemachine.data.caching.enabled = true (custom)
2020-06-02 21:44:48,152 [pool-99-thread-1] INFO  segmented.SegmentedRaftLogWorker (SegmentedRaftLogWorker.java:lambda$new$0(129)) - 27f66865-7638-4d0a-890a-11c1e7f6335c@group-F251CDED0800-SegmentedRaftLogWorker: flushIndex: setUnconditionally 0 -> -1
2020-06-02 21:44:48,161 [pool-99-thread-1] INFO  server.RaftServerConfigKeys (ConfUtils.java:logGet(44)) - raft.server.snapshot.auto.trigger.enabled = true (custom)
2020-06-02 21:44:48,161 [pool-99-thread-1] INFO  server.RaftServerConfigKeys (ConfUtils.java:logGet(44)) - raft.server.snapshot.auto.trigger.threshold = 10000 (custom)
2020-06-02 21:44:48,161 [pool-99-thread-1] INFO  server.RaftServerConfigKeys (ConfUtils.java:logGet(44)) - raft.server.snapshot.retention.file.num = 5 (custom)
2020-06-02 21:44:48,161 [pool-99-thread-1] INFO  server.RaftServerConfigKeys (ConfUtils.java:logGet(44)) - raft.server.log.purge.upto.snapshot.index = false (default)
2020-06-02 21:44:48,161 [pool-99-thread-1] INFO  server.RaftServerConfigKeys (ConfUtils.java:logGet(44)) - raft.server.retrycache.expirytime = 600000ms (custom)
2020-06-02 21:44:48,161 [pool-99-thread-1] INFO  metrics.RatisMetrics (RatisMetrics.java:lambda$create$0(39)) - Creating Metrics Registry : ratis.leader_election.27f66865-7638-4d0a-890a-11c1e7f6335c@group-F251CDED0800
2020-06-02 21:44:48,162 [pool-99-thread-1] INFO  metrics.RatisMetrics (RatisMetrics.java:lambda$create$0(39)) - Creating Metrics Registry : ratis.server.27f66865-7638-4d0a-890a-11c1e7f6335c@group-F251CDED0800
2020-06-02 21:44:48,163 [pool-99-thread-1] INFO  impl.RaftServerImpl (RaftServerImpl.java:start(184)) - 27f66865-7638-4d0a-890a-11c1e7f6335c@group-F251CDED0800: start as a follower, conf=-1: [27f66865-7638-4d0a-890a-11c1e7f6335c:172.17.0.2:35745], old=null
2020-06-02 21:44:48,163 [pool-99-thread-1] INFO  impl.RaftServerImpl (RaftServerImpl.java:setRole(173)) - 27f66865-7638-4d0a-890a-11c1e7f6335c@group-F251CDED0800: changes role from      null to FOLLOWER at term 0 for startAsFollower
2020-06-02 21:44:48,163 [pool-99-thread-1] INFO  impl.RoleInfo (RoleInfo.java:updateAndGet(143)) - 27f66865-7638-4d0a-890a-11c1e7f6335c: start FollowerState
2020-06-02 21:44:48,165 [pool-99-thread-1] INFO  util.JmxRegister (JmxRegister.java:tryRegister(44)) - Successfully registered JMX Bean with object name Ratis:service=RaftServer,group=group-F251CDED0800,id=27f66865-7638-4d0a-890a-11c1e7f6335c
2020-06-02 21:44:48,165 [pool-99-thread-1] INFO  metrics.RatisMetrics (RatisMetrics.java:lambda$create$0(39)) - Creating Metrics Registry : ratis.state_machine.27f66865-7638-4d0a-890a-11c1e7f6335c@group-F251CDED0800
2020-06-02 21:44:48,171 [Command processor thread] INFO  commandhandler.CreatePipelineCommandHandler (CreatePipelineCommandHandler.java:handle(109)) - Created Pipeline RATIS ONE #id: "aa3fb4b5-4e27-422d-aeaa-f251cded0800"
.
2020-06-02 21:44:48,172 [Command processor thread] INFO  impl.RaftServerProxy (RaftServerProxy.java:addNew(89)) - 27f66865-7638-4d0a-890a-11c1e7f6335c: addNew group-53572A115773:[1a5d3f2a-b145-4882-855f-8f5c83a68c7b:172.17.0.2:36811, 27f66865-7638-4d0a-890a-11c1e7f6335c:172.17.0.2:35745, dffaa7c1-2551-4597-9377-3e56cf57267f:172.17.0.2:43607] returns group-53572A115773:java.util.concurrent.CompletableFuture@180ecbad[Not completed]
2020-06-02 21:44:48,173 [pool-99-thread-1] INFO  impl.RaftServerImpl (RaftServerImpl.java:<init>(98)) - 27f66865-7638-4d0a-890a-11c1e7f6335c: new RaftServerImpl for group-53572A115773:[1a5d3f2a-b145-4882-855f-8f5c83a68c7b:172.17.0.2:36811, 27f66865-7638-4d0a-890a-11c1e7f6335c:172.17.0.2:35745, dffaa7c1-2551-4597-9377-3e56cf57267f:172.17.0.2:43607] with ContainerStateMachine:uninitialized
2020-06-02 21:44:48,173 [pool-99-thread-1] INFO  server.RaftServerConfigKeys (ConfUtils.java:logGet(44)) - raft.server.rpc.timeout.min = 5s (custom)
2020-06-02 21:44:48,173 [pool-99-thread-1] INFO  server.RaftServerConfigKeys (ConfUtils.java:logGet(44)) - raft.server.rpc.timeout.max = 5200ms (custom)
2020-06-02 21:44:48,173 [pool-99-thread-1] INFO  server.RaftServerConfigKeys (ConfUtils.java:logGet(44)) - raft.server.rpcslowness.timeout = 300s (custom)
2020-06-02 21:44:48,173 [pool-99-thread-1] INFO  server.RaftServerConfigKeys (ConfUtils.java:logGet(44)) - raft.server.sleep.deviation.threshold = 300 (default)
2020-06-02 21:44:48,173 [pool-99-thread-1] INFO  server.RaftServerConfigKeys (ConfUtils.java:logGet(44)) - raft.server.log.appender.install.snapshot.enabled = false (custom)
2020-06-02 21:44:48,173 [pool-99-thread-1] INFO  impl.RaftServerImpl (ServerState.java:<init>(103)) - 27f66865-7638-4d0a-890a-11c1e7f6335c@group-53572A115773: ConfigurationManager, init=-1: [1a5d3f2a-b145-4882-855f-8f5c83a68c7b:172.17.0.2:36811, 27f66865-7638-4d0a-890a-11c1e7f6335c:172.17.0.2:35745, dffaa7c1-2551-4597-9377-3e56cf57267f:172.17.0.2:43607], old=null, confs=<EMPTY_MAP>
2020-06-02 21:44:48,174 [pool-99-thread-1] INFO  server.RaftServerConfigKeys (ConfUtils.java:logGet(44)) - raft.server.storage.dir = [/github/workspace/mnt/ozone/hadoop-ozone/integration-test/target/test-dir/MiniOzoneClusterImpl-537e367d-239d-4fe9-82ba-0c32bb1b6ee4/datanode-1/data/ratis] (custom)
2020-06-02 21:44:48,174 [pool-99-thread-1] INFO  server.RaftServerConfigKeys (ConfUtils.java:logGet(44)) - raft.server.log.corruption.policy = EXCEPTION (default)
2020-06-02 21:44:48,174 [pool-99-thread-1] INFO  storage.RaftStorageDirectory (RaftStorageDirectory.java:analyzeStorage(261)) - The storage directory /github/workspace/mnt/ozone/hadoop-ozone/integration-test/target/test-dir/MiniOzoneClusterImpl-537e367d-239d-4fe9-82ba-0c32bb1b6ee4/datanode-1/data/ratis/23a166fe-be5a-4bac-aed2-53572a115773 does not exist. Creating ...
2020-06-02 21:44:48,178 [pool-99-thread-1] INFO  storage.RaftStorageDirectory (RaftStorageDirectory.java:tryLock(343)) - Lock on /github/workspace/mnt/ozone/hadoop-ozone/integration-test/target/test-dir/MiniOzoneClusterImpl-537e367d-239d-4fe9-82ba-0c32bb1b6ee4/datanode-1/data/ratis/23a166fe-be5a-4bac-aed2-53572a115773/in_use.lock acquired by nodename 11745@f720cdcd0861
2020-06-02 21:44:48,179 [Listener at 127.0.0.1/43959] INFO  ozone.MiniOzoneClusterImpl (MiniOzoneClusterImpl.java:lambda$waitForClusterToBeReady$0(177)) - Nodes are ready. Got 3 of 3 DN Heartbeats.
2020-06-02 21:44:48,179 [Listener at 127.0.0.1/43959] INFO  ozone.MiniOzoneClusterImpl (MiniOzoneClusterImpl.java:lambda$waitForClusterToBeReady$0(180)) - Waiting for cluster to exit safe mode
2020-06-02 21:44:48,179 [pool-99-thread-1] INFO  storage.RaftStorage (RaftStorage.java:format(84)) - Storage directory /github/workspace/mnt/ozone/hadoop-ozone/integration-test/target/test-dir/MiniOzoneClusterImpl-537e367d-239d-4fe9-82ba-0c32bb1b6ee4/datanode-1/data/ratis/23a166fe-be5a-4bac-aed2-53572a115773 has been successfully formatted.
2020-06-02 21:44:48,180 [pool-99-thread-1] INFO  ratis.ContainerStateMachine (ContainerStateMachine.java:loadSnapshot(226)) - group-53572A115773: The snapshot info is null. Setting the last applied indexto:(t:0, i:~)
2020-06-02 21:44:48,180 [pool-99-thread-1] INFO  server.RaftServerConfigKeys (ConfUtils.java:logGet(44)) - raft.server.notification.no-leader.timeout = 60s (default)
2020-06-02 21:44:48,180 [pool-99-thread-1] INFO  server.RaftServerConfigKeys (ConfUtils.java:logGet(44)) - raft.server.log.use.memory = false (default)
2020-06-02 21:44:48,180 [pool-99-thread-1] INFO  server.RaftServerConfigKeys (ConfUtils.java:logGet(44)) - raft.server.log.purge.gap = 1000000 (custom)
2020-06-02 21:44:48,180 [pool-99-thread-1] INFO  server.RaftServerConfigKeys (ConfUtils.java:logGet(44)) - raft.server.log.appender.buffer.byte-limit = 33554432 (custom)
2020-06-02 21:44:48,180 [pool-99-thread-1] INFO  server.RaftServerConfigKeys (ConfUtils.java:logGet(44)) - raft.server.log.segment.size.max = 1048576 (custom)
2020-06-02 21:44:48,180 [pool-99-thread-1] INFO  server.RaftServerConfigKeys (ConfUtils.java:logGet(44)) - raft.server.log.segment.cache.num.max = 2 (custom)
2020-06-02 21:44:48,180 [pool-99-thread-1] INFO  segmented.SegmentedRaftLogWorker (SegmentedRaftLogWorker.java:<init>(176)) - new 27f66865-7638-4d0a-890a-11c1e7f6335c@group-53572A115773-SegmentedRaftLogWorker for RaftStorage:Storage Directory /github/workspace/mnt/ozone/hadoop-ozone/integration-test/target/test-dir/MiniOzoneClusterImpl-537e367d-239d-4fe9-82ba-0c32bb1b6ee4/datanode-1/data/ratis/23a166fe-be5a-4bac-aed2-53572a115773
2020-06-02 21:44:48,180 [pool-99-thread-1] INFO  server.RaftServerConfigKeys (ConfUtils.java:logGet(44)) - raft.server.log.queue.byte-limit = 2147483647 (custom)
2020-06-02 21:44:48,180 [pool-99-thread-1] INFO  server.RaftServerConfigKeys (ConfUtils.java:logGet(44)) - raft.server.log.queue.element-limit = 1024 (custom)
2020-06-02 21:44:48,180 [pool-99-thread-1] INFO  server.RaftServerConfigKeys (ConfUtils.java:logGet(44)) - raft.server.log.segment.size.max = 1048576 (custom)
2020-06-02 21:44:48,180 [pool-99-thread-1] INFO  server.RaftServerConfigKeys (ConfUtils.java:logGet(44)) - raft.server.log.preallocated.size = 16384 (custom)
2020-06-02 21:44:48,180 [pool-99-thread-1] INFO  server.RaftServerConfigKeys (ConfUtils.java:logGet(44)) - raft.server.log.write.buffer.size = 1048576 (custom)
2020-06-02 21:44:48,181 [pool-99-thread-1] INFO  server.RaftServerConfigKeys (ConfUtils.java:logGet(44)) - raft.server.log.force.sync.num = 128 (default)
2020-06-02 21:44:48,181 [pool-99-thread-1] INFO  server.RaftServerConfigKeys (ConfUtils.java:logGet(44)) - raft.server.log.statemachine.data.sync = true (default)
2020-06-02 21:44:48,181 [pool-99-thread-1] INFO  server.RaftServerConfigKeys (ConfUtils.java:logGet(44)) - raft.server.log.statemachine.data.sync.timeout = 10s (default)
2020-06-02 21:44:48,181 [pool-99-thread-1] INFO  server.RaftServerConfigKeys (ConfUtils.java:logGet(44)) - raft.server.log.statemachine.data.sync.timeout.retry = -1 (default)
2020-06-02 21:44:48,181 [pool-99-thread-1] INFO  server.RaftServerConfigKeys (ConfUtils.java:logGet(44)) - raft.server.log.statemachine.data.caching.enabled = true (custom)
2020-06-02 21:44:48,181 [pool-99-thread-1] INFO  segmented.SegmentedRaftLogWorker (SegmentedRaftLogWorker.java:lambda$new$0(129)) - 27f66865-7638-4d0a-890a-11c1e7f6335c@group-53572A115773-SegmentedRaftLogWorker: flushIndex: setUnconditionally 0 -> -1
2020-06-02 21:44:48,183 [pool-99-thread-1] INFO  server.RaftServerConfigKeys (ConfUtils.java:logGet(44)) - raft.server.snapshot.auto.trigger.enabled = true (custom)
2020-06-02 21:44:48,183 [pool-99-thread-1] INFO  server.RaftServerConfigKeys (ConfUtils.java:logGet(44)) - raft.server.snapshot.auto.trigger.threshold = 10000 (custom)
2020-06-02 21:44:48,183 [pool-99-thread-1] INFO  server.RaftServerConfigKeys (ConfUtils.java:logGet(44)) - raft.server.snapshot.retention.file.num = 5 (custom)
2020-06-02 21:44:48,183 [pool-99-thread-1] INFO  server.RaftServerConfigKeys (ConfUtils.java:logGet(44)) - raft.server.log.purge.upto.snapshot.index = false (default)
2020-06-02 21:44:48,183 [pool-99-thread-1] INFO  server.RaftServerConfigKeys (ConfUtils.java:logGet(44)) - raft.server.retrycache.expirytime = 600000ms (custom)
2020-06-02 21:44:48,183 [pool-99-thread-1] INFO  metrics.RatisMetrics (RatisMetrics.java:lambda$create$0(39)) - Creating Metrics Registry : ratis.leader_election.27f66865-7638-4d0a-890a-11c1e7f6335c@group-53572A115773
2020-06-02 21:44:48,184 [pool-99-thread-1] INFO  metrics.RatisMetrics (RatisMetrics.java:lambda$create$0(39)) - Creating Metrics Registry : ratis.server.27f66865-7638-4d0a-890a-11c1e7f6335c@group-53572A115773
2020-06-02 21:44:48,185 [pool-99-thread-1] INFO  impl.RaftServerImpl (RaftServerImpl.java:start(184)) - 27f66865-7638-4d0a-890a-11c1e7f6335c@group-53572A115773: start as a follower, conf=-1: [1a5d3f2a-b145-4882-855f-8f5c83a68c7b:172.17.0.2:36811, 27f66865-7638-4d0a-890a-11c1e7f6335c:172.17.0.2:35745, dffaa7c1-2551-4597-9377-3e56cf57267f:172.17.0.2:43607], old=null
2020-06-02 21:44:48,185 [pool-99-thread-1] INFO  impl.RaftServerImpl (RaftServerImpl.java:setRole(173)) - 27f66865-7638-4d0a-890a-11c1e7f6335c@group-53572A115773: changes role from      null to FOLLOWER at term 0 for startAsFollower
2020-06-02 21:44:48,185 [pool-99-thread-1] INFO  impl.RoleInfo (RoleInfo.java:updateAndGet(143)) - 27f66865-7638-4d0a-890a-11c1e7f6335c: start FollowerState
2020-06-02 21:44:48,192 [pool-99-thread-1] INFO  util.JmxRegister (JmxRegister.java:tryRegister(44)) - Successfully registered JMX Bean with object name Ratis:service=RaftServer,group=group-53572A115773,id=27f66865-7638-4d0a-890a-11c1e7f6335c
2020-06-02 21:44:48,192 [pool-99-thread-1] INFO  metrics.RatisMetrics (RatisMetrics.java:lambda$create$0(39)) - Creating Metrics Registry : ratis.state_machine.27f66865-7638-4d0a-890a-11c1e7f6335c@group-53572A115773
2020-06-02 21:44:48,198 [Command processor thread] INFO  impl.RaftServerProxy (RaftServerProxy.java:addNew(89)) - 1a5d3f2a-b145-4882-855f-8f5c83a68c7b: addNew group-AFA582544E10:[1a5d3f2a-b145-4882-855f-8f5c83a68c7b:172.17.0.2:36811] returns group-AFA582544E10:java.util.concurrent.CompletableFuture@7bb1d0f3[Not completed]
2020-06-02 21:44:48,213 [pool-115-thread-1] INFO  impl.RaftServerImpl (RaftServerImpl.java:<init>(98)) - 1a5d3f2a-b145-4882-855f-8f5c83a68c7b: new RaftServerImpl for group-AFA582544E10:[1a5d3f2a-b145-4882-855f-8f5c83a68c7b:172.17.0.2:36811] with ContainerStateMachine:uninitialized
2020-06-02 21:44:48,215 [pool-115-thread-1] INFO  server.RaftServerConfigKeys (ConfUtils.java:logGet(44)) - raft.server.rpc.timeout.min = 5s (custom)
2020-06-02 21:44:48,216 [pool-115-thread-1] INFO  server.RaftServerConfigKeys (ConfUtils.java:logGet(44)) - raft.server.rpc.timeout.max = 5200ms (custom)
2020-06-02 21:44:48,216 [pool-115-thread-1] INFO  server.RaftServerConfigKeys (ConfUtils.java:logGet(44)) - raft.server.rpcslowness.timeout = 300s (custom)
2020-06-02 21:44:48,216 [pool-115-thread-1] INFO  server.RaftServerConfigKeys (ConfUtils.java:logGet(44)) - raft.server.sleep.deviation.threshold = 300 (default)
2020-06-02 21:44:48,216 [pool-115-thread-1] INFO  server.RaftServerConfigKeys (ConfUtils.java:logGet(44)) - raft.server.log.appender.install.snapshot.enabled = false (custom)
2020-06-02 21:44:48,216 [pool-115-thread-1] INFO  impl.RaftServerImpl (ServerState.java:<init>(103)) - 1a5d3f2a-b145-4882-855f-8f5c83a68c7b@group-AFA582544E10: ConfigurationManager, init=-1: [1a5d3f2a-b145-4882-855f-8f5c83a68c7b:172.17.0.2:36811], old=null, confs=<EMPTY_MAP>
2020-06-02 21:44:48,216 [pool-115-thread-1] INFO  server.RaftServerConfigKeys (ConfUtils.java:logGet(44)) - raft.server.storage.dir = [/github/workspace/mnt/ozone/hadoop-ozone/integration-test/target/test-dir/MiniOzoneClusterImpl-537e367d-239d-4fe9-82ba-0c32bb1b6ee4/datanode-2/data/ratis] (custom)
2020-06-02 21:44:48,217 [pool-115-thread-1] INFO  server.RaftServerConfigKeys (ConfUtils.java:logGet(44)) - raft.server.log.corruption.policy = EXCEPTION (default)
2020-06-02 21:44:48,217 [pool-115-thread-1] INFO  storage.RaftStorageDirectory (RaftStorageDirectory.java:analyzeStorage(261)) - The storage directory /github/workspace/mnt/ozone/hadoop-ozone/integration-test/target/test-dir/MiniOzoneClusterImpl-537e367d-239d-4fe9-82ba-0c32bb1b6ee4/datanode-2/data/ratis/d699b01a-ffd1-412e-9d07-afa582544e10 does not exist. Creating ...
2020-06-02 21:44:48,224 [pool-115-thread-1] INFO  storage.RaftStorageDirectory (RaftStorageDirectory.java:tryLock(343)) - Lock on /github/workspace/mnt/ozone/hadoop-ozone/integration-test/target/test-dir/MiniOzoneClusterImpl-537e367d-239d-4fe9-82ba-0c32bb1b6ee4/datanode-2/data/ratis/d699b01a-ffd1-412e-9d07-afa582544e10/in_use.lock acquired by nodename 11745@f720cdcd0861
2020-06-02 21:44:48,225 [pool-115-thread-1] INFO  storage.RaftStorage (RaftStorage.java:format(84)) - Storage directory /github/workspace/mnt/ozone/hadoop-ozone/integration-test/target/test-dir/MiniOzoneClusterImpl-537e367d-239d-4fe9-82ba-0c32bb1b6ee4/datanode-2/data/ratis/d699b01a-ffd1-412e-9d07-afa582544e10 has been successfully formatted.
2020-06-02 21:44:48,226 [pool-115-thread-1] INFO  ratis.ContainerStateMachine (ContainerStateMachine.java:loadSnapshot(226)) - group-AFA582544E10: The snapshot info is null. Setting the last applied indexto:(t:0, i:~)
2020-06-02 21:44:48,226 [Datanode State Machine Thread - 0] ERROR statemachine.DatanodeStateMachine (DatanodeStateMachine.java:lambda$startDaemon$0(378)) - Unable to start the DatanodeState Machine
java.io.IOException: Unable to finish the execution.
	at org.apache.hadoop.ozone.container.common.statemachine.DatanodeStateMachine.start(DatanodeStateMachine.java:219)
	at org.apache.hadoop.ozone.container.common.statemachine.DatanodeStateMachine.lambda$startDaemon$0(DatanodeStateMachine.java:375)
	at java.lang.Thread.run(Thread.java:748)
Caused by: java.lang.InterruptedException: sleep interrupted
	at java.lang.Thread.sleep(Native Method)
	at org.apache.hadoop.ozone.container.common.statemachine.DatanodeStateMachine.start(DatanodeStateMachine.java:212)
	... 2 more
2020-06-02 21:44:48,226 [pool-115-thread-1] INFO  server.RaftServerConfigKeys (ConfUtils.java:logGet(44)) - raft.server.notification.no-leader.timeout = 60s (default)
2020-06-02 21:44:48,227 [pool-115-thread-1] INFO  server.RaftServerConfigKeys (ConfUtils.java:logGet(44)) - raft.server.log.use.memory = false (default)
2020-06-02 21:44:48,227 [pool-115-thread-1] INFO  server.RaftServerConfigKeys (ConfUtils.java:logGet(44)) - raft.server.log.purge.gap = 1000000 (custom)
2020-06-02 21:44:48,227 [pool-115-thread-1] INFO  server.RaftServerConfigKeys (ConfUtils.java:logGet(44)) - raft.server.log.appender.buffer.byte-limit = 33554432 (custom)
2020-06-02 21:44:48,228 [pool-115-thread-1] INFO  server.RaftServerConfigKeys (ConfUtils.java:logGet(44)) - raft.server.log.segment.size.max = 1048576 (custom)
2020-06-02 21:44:48,228 [pool-115-thread-1] INFO  metrics.RatisMetrics (RatisMetrics.java:lambda$create$0(39)) - Creating Metrics Registry : ratis.log_worker.1a5d3f2a-b145-4882-855f-8f5c83a68c7b
2020-06-02 21:44:48,228 [pool-115-thread-1] INFO  server.RaftServerConfigKeys (ConfUtils.java:logGet(44)) - raft.server.log.segment.cache.num.max = 2 (custom)
2020-06-02 21:44:48,228 [pool-115-thread-1] INFO  segmented.SegmentedRaftLogWorker (SegmentedRaftLogWorker.java:<init>(176)) - new 1a5d3f2a-b145-4882-855f-8f5c83a68c7b@group-AFA582544E10-SegmentedRaftLogWorker for RaftStorage:Storage Directory /github/workspace/mnt/ozone/hadoop-ozone/integration-test/target/test-dir/MiniOzoneClusterImpl-537e367d-239d-4fe9-82ba-0c32bb1b6ee4/datanode-2/data/ratis/d699b01a-ffd1-412e-9d07-afa582544e10
2020-06-02 21:44:48,228 [pool-115-thread-1] INFO  server.RaftServerConfigKeys (ConfUtils.java:logGet(44)) - raft.server.log.queue.byte-limit = 2147483647 (custom)
2020-06-02 21:44:48,228 [pool-115-thread-1] INFO  server.RaftServerConfigKeys (ConfUtils.java:logGet(44)) - raft.server.log.queue.element-limit = 1024 (custom)
2020-06-02 21:44:48,228 [pool-115-thread-1] INFO  server.RaftServerConfigKeys (ConfUtils.java:logGet(44)) - raft.server.log.segment.size.max = 1048576 (custom)
2020-06-02 21:44:48,228 [pool-115-thread-1] INFO  server.RaftServerConfigKeys (ConfUtils.java:logGet(44)) - raft.server.log.preallocated.size = 16384 (custom)
2020-06-02 21:44:48,228 [pool-115-thread-1] INFO  server.RaftServerConfigKeys (ConfUtils.java:logGet(44)) - raft.server.log.write.buffer.size = 1048576 (custom)
2020-06-02 21:44:48,228 [pool-115-thread-1] INFO  server.RaftServerConfigKeys (ConfUtils.java:logGet(44)) - raft.server.log.force.sync.num = 128 (default)
2020-06-02 21:44:48,228 [pool-115-thread-1] INFO  server.RaftServerConfigKeys (ConfUtils.java:logGet(44)) - raft.server.log.statemachine.data.sync = true (default)
2020-06-02 21:44:48,228 [pool-115-thread-1] INFO  server.RaftServerConfigKeys (ConfUtils.java:logGet(44)) - raft.server.log.statemachine.data.sync.timeout = 10s (default)
2020-06-02 21:44:48,228 [pool-115-thread-1] INFO  server.RaftServerConfigKeys (ConfUtils.java:logGet(44)) - raft.server.log.statemachine.data.sync.timeout.retry = -1 (default)
2020-06-02 21:44:48,230 [pool-115-thread-1] INFO  server.RaftServerConfigKeys (ConfUtils.java:logGet(44)) - raft.server.log.statemachine.data.caching.enabled = true (custom)
2020-06-02 21:44:48,230 [pool-115-thread-1] INFO  segmented.SegmentedRaftLogWorker (SegmentedRaftLogWorker.java:lambda$new$0(129)) - 1a5d3f2a-b145-4882-855f-8f5c83a68c7b@group-AFA582544E10-SegmentedRaftLogWorker: flushIndex: setUnconditionally 0 -> -1
2020-06-02 21:44:48,241 [pool-115-thread-1] INFO  server.RaftServerConfigKeys (ConfUtils.java:logGet(44)) - raft.server.snapshot.auto.trigger.enabled = true (custom)
2020-06-02 21:44:48,241 [pool-115-thread-1] INFO  server.RaftServerConfigKeys (ConfUtils.java:logGet(44)) - raft.server.snapshot.auto.trigger.threshold = 10000 (custom)
2020-06-02 21:44:48,241 [pool-115-thread-1] INFO  server.RaftServerConfigKeys (ConfUtils.java:logGet(44)) - raft.server.snapshot.retention.file.num = 5 (custom)
2020-06-02 21:44:48,241 [pool-115-thread-1] INFO  server.RaftServerConfigKeys (ConfUtils.java:logGet(44)) - raft.server.log.purge.upto.snapshot.index = false (default)
2020-06-02 21:44:48,241 [pool-115-thread-1] INFO  server.RaftServerConfigKeys (ConfUtils.java:logGet(44)) - raft.server.retrycache.expirytime = 600000ms (custom)
2020-06-02 21:44:48,241 [pool-115-thread-1] INFO  metrics.RatisMetrics (RatisMetrics.java:lambda$create$0(39)) - Creating Metrics Registry : ratis.leader_election.1a5d3f2a-b145-4882-855f-8f5c83a68c7b@group-AFA582544E10
2020-06-02 21:44:48,242 [pool-115-thread-1] INFO  metrics.RatisMetrics (RatisMetrics.java:lambda$create$0(39)) - Creating Metrics Registry : ratis.server.1a5d3f2a-b145-4882-855f-8f5c83a68c7b@group-AFA582544E10
2020-06-02 21:44:48,243 [pool-115-thread-1] INFO  impl.RaftServerImpl (RaftServerImpl.java:start(184)) - 1a5d3f2a-b145-4882-855f-8f5c83a68c7b@group-AFA582544E10: start as a follower, conf=-1: [1a5d3f2a-b145-4882-855f-8f5c83a68c7b:172.17.0.2:36811], old=null
2020-06-02 21:44:48,243 [pool-115-thread-1] INFO  impl.RaftServerImpl (RaftServerImpl.java:setRole(173)) - 1a5d3f2a-b145-4882-855f-8f5c83a68c7b@group-AFA582544E10: changes role from      null to FOLLOWER at term 0 for startAsFollower
2020-06-02 21:44:48,243 [pool-115-thread-1] INFO  impl.RoleInfo (RoleInfo.java:updateAndGet(143)) - 1a5d3f2a-b145-4882-855f-8f5c83a68c7b: start FollowerState
2020-06-02 21:44:48,243 [pool-115-thread-1] INFO  util.JmxRegister (JmxRegister.java:tryRegister(44)) - Successfully registered JMX Bean with object name Ratis:service=RaftServer,group=group-AFA582544E10,id=1a5d3f2a-b145-4882-855f-8f5c83a68c7b
2020-06-02 21:44:48,243 [pool-115-thread-1] INFO  metrics.RatisMetrics (RatisMetrics.java:lambda$create$0(39)) - Creating Metrics Registry : ratis.state_machine.1a5d3f2a-b145-4882-855f-8f5c83a68c7b@group-AFA582544E10
2020-06-02 21:44:48,249 [Command processor thread] INFO  commandhandler.CreatePipelineCommandHandler (CreatePipelineCommandHandler.java:handle(109)) - Created Pipeline RATIS ONE #id: "d699b01a-ffd1-412e-9d07-afa582544e10"
.
2020-06-02 21:44:48,250 [Command processor thread] INFO  impl.RaftServerProxy (RaftServerProxy.java:addNew(89)) - 1a5d3f2a-b145-4882-855f-8f5c83a68c7b: addNew group-53572A115773:[1a5d3f2a-b145-4882-855f-8f5c83a68c7b:172.17.0.2:36811, 27f66865-7638-4d0a-890a-11c1e7f6335c:172.17.0.2:35745, dffaa7c1-2551-4597-9377-3e56cf57267f:172.17.0.2:43607] returns group-53572A115773:java.util.concurrent.CompletableFuture@7f8e4b5d[Not completed]
2020-06-02 21:44:48,251 [pool-115-thread-1] INFO  impl.RaftServerImpl (RaftServerImpl.java:<init>(98)) - 1a5d3f2a-b145-4882-855f-8f5c83a68c7b: new RaftServerImpl for group-53572A115773:[1a5d3f2a-b145-4882-855f-8f5c83a68c7b:172.17.0.2:36811, 27f66865-7638-4d0a-890a-11c1e7f6335c:172.17.0.2:35745, dffaa7c1-2551-4597-9377-3e56cf57267f:172.17.0.2:43607] with ContainerStateMachine:uninitialized
2020-06-02 21:44:48,251 [pool-115-thread-1] INFO  server.RaftServerConfigKeys (ConfUtils.java:logGet(44)) - raft.server.rpc.timeout.min = 5s (custom)
2020-06-02 21:44:48,251 [pool-115-thread-1] INFO  server.RaftServerConfigKeys (ConfUtils.java:logGet(44)) - raft.server.rpc.timeout.max = 5200ms (custom)
2020-06-02 21:44:48,251 [pool-115-thread-1] INFO  server.RaftServerConfigKeys (ConfUtils.java:logGet(44)) - raft.server.rpcslowness.timeout = 300s (custom)
2020-06-02 21:44:48,251 [pool-115-thread-1] INFO  server.RaftServerConfigKeys (ConfUtils.java:logGet(44)) - raft.server.sleep.deviation.threshold = 300 (default)
2020-06-02 21:44:48,251 [pool-115-thread-1] INFO  server.RaftServerConfigKeys (ConfUtils.java:logGet(44)) - raft.server.log.appender.install.snapshot.enabled = false (custom)
2020-06-02 21:44:48,251 [pool-115-thread-1] INFO  impl.RaftServerImpl (ServerState.java:<init>(103)) - 1a5d3f2a-b145-4882-855f-8f5c83a68c7b@group-53572A115773: ConfigurationManager, init=-1: [1a5d3f2a-b145-4882-855f-8f5c83a68c7b:172.17.0.2:36811, 27f66865-7638-4d0a-890a-11c1e7f6335c:172.17.0.2:35745, dffaa7c1-2551-4597-9377-3e56cf57267f:172.17.0.2:43607], old=null, confs=<EMPTY_MAP>
2020-06-02 21:44:48,251 [pool-115-thread-1] INFO  server.RaftServerConfigKeys (ConfUtils.java:logGet(44)) - raft.server.storage.dir = [/github/workspace/mnt/ozone/hadoop-ozone/integration-test/target/test-dir/MiniOzoneClusterImpl-537e367d-239d-4fe9-82ba-0c32bb1b6ee4/datanode-2/data/ratis] (custom)
2020-06-02 21:44:48,251 [pool-115-thread-1] INFO  server.RaftServerConfigKeys (ConfUtils.java:logGet(44)) - raft.server.log.corruption.policy = EXCEPTION (default)
2020-06-02 21:44:48,252 [pool-115-thread-1] INFO  storage.RaftStorageDirectory (RaftStorageDirectory.java:analyzeStorage(261)) - The storage directory /github/workspace/mnt/ozone/hadoop-ozone/integration-test/target/test-dir/MiniOzoneClusterImpl-537e367d-239d-4fe9-82ba-0c32bb1b6ee4/datanode-2/data/ratis/23a166fe-be5a-4bac-aed2-53572a115773 does not exist. Creating ...
2020-06-02 21:44:48,253 [pool-115-thread-1] INFO  storage.RaftStorageDirectory (RaftStorageDirectory.java:tryLock(343)) - Lock on /github/workspace/mnt/ozone/hadoop-ozone/integration-test/target/test-dir/MiniOzoneClusterImpl-537e367d-239d-4fe9-82ba-0c32bb1b6ee4/datanode-2/data/ratis/23a166fe-be5a-4bac-aed2-53572a115773/in_use.lock acquired by nodename 11745@f720cdcd0861
2020-06-02 21:44:48,255 [pool-115-thread-1] INFO  storage.RaftStorage (RaftStorage.java:format(84)) - Storage directory /github/workspace/mnt/ozone/hadoop-ozone/integration-test/target/test-dir/MiniOzoneClusterImpl-537e367d-239d-4fe9-82ba-0c32bb1b6ee4/datanode-2/data/ratis/23a166fe-be5a-4bac-aed2-53572a115773 has been successfully formatted.
2020-06-02 21:44:48,255 [pool-115-thread-1] INFO  ratis.ContainerStateMachine (ContainerStateMachine.java:loadSnapshot(226)) - group-53572A115773: The snapshot info is null. Setting the last applied indexto:(t:0, i:~)
2020-06-02 21:44:48,255 [pool-115-thread-1] INFO  server.RaftServerConfigKeys (ConfUtils.java:logGet(44)) - raft.server.notification.no-leader.timeout = 60s (default)
2020-06-02 21:44:48,255 [pool-115-thread-1] INFO  server.RaftServerConfigKeys (ConfUtils.java:logGet(44)) - raft.server.log.use.memory = false (default)
2020-06-02 21:44:48,255 [pool-115-thread-1] INFO  server.RaftServerConfigKeys (ConfUtils.java:logGet(44)) - raft.server.log.purge.gap = 1000000 (custom)
2020-06-02 21:44:48,255 [pool-115-thread-1] INFO  server.RaftServerConfigKeys (ConfUtils.java:logGet(44)) - raft.server.log.appender.buffer.byte-limit = 33554432 (custom)
2020-06-02 21:44:48,256 [pool-115-thread-1] INFO  server.RaftServerConfigKeys (ConfUtils.java:logGet(44)) - raft.server.log.segment.size.max = 1048576 (custom)
2020-06-02 21:44:48,256 [pool-115-thread-1] INFO  server.RaftServerConfigKeys (ConfUtils.java:logGet(44)) - raft.server.log.segment.cache.num.max = 2 (custom)
2020-06-02 21:44:48,256 [pool-115-thread-1] INFO  segmented.SegmentedRaftLogWorker (SegmentedRaftLogWorker.java:<init>(176)) - new 1a5d3f2a-b145-4882-855f-8f5c83a68c7b@group-53572A115773-SegmentedRaftLogWorker for RaftStorage:Storage Directory /github/workspace/mnt/ozone/hadoop-ozone/integration-test/target/test-dir/MiniOzoneClusterImpl-537e367d-239d-4fe9-82ba-0c32bb1b6ee4/datanode-2/data/ratis/23a166fe-be5a-4bac-aed2-53572a115773
2020-06-02 21:44:48,256 [pool-115-thread-1] INFO  server.RaftServerConfigKeys (ConfUtils.java:logGet(44)) - raft.server.log.queue.byte-limit = 2147483647 (custom)
2020-06-02 21:44:48,256 [pool-115-thread-1] INFO  server.RaftServerConfigKeys (ConfUtils.java:logGet(44)) - raft.server.log.queue.element-limit = 1024 (custom)
2020-06-02 21:44:48,256 [pool-115-thread-1] INFO  server.RaftServerConfigKeys (ConfUtils.java:logGet(44)) - raft.server.log.segment.size.max = 1048576 (custom)
2020-06-02 21:44:48,256 [pool-115-thread-1] INFO  server.RaftServerConfigKeys (ConfUtils.java:logGet(44)) - raft.server.log.preallocated.size = 16384 (custom)
2020-06-02 21:44:48,256 [pool-115-thread-1] INFO  server.RaftServerConfigKeys (ConfUtils.java:logGet(44)) - raft.server.log.write.buffer.size = 1048576 (custom)
2020-06-02 21:44:48,256 [pool-115-thread-1] INFO  server.RaftServerConfigKeys (ConfUtils.java:logGet(44)) - raft.server.log.force.sync.num = 128 (default)
2020-06-02 21:44:48,256 [pool-115-thread-1] INFO  server.RaftServerConfigKeys (ConfUtils.java:logGet(44)) - raft.server.log.statemachine.data.sync = true (default)
2020-06-02 21:44:48,256 [pool-115-thread-1] INFO  server.RaftServerConfigKeys (ConfUtils.java:logGet(44)) - raft.server.log.statemachine.data.sync.timeout = 10s (default)
2020-06-02 21:44:48,256 [pool-115-thread-1] INFO  server.RaftServerConfigKeys (ConfUtils.java:logGet(44)) - raft.server.log.statemachine.data.sync.timeout.retry = -1 (default)
2020-06-02 21:44:48,257 [pool-115-thread-1] INFO  server.RaftServerConfigKeys (ConfUtils.java:logGet(44)) - raft.server.log.statemachine.data.caching.enabled = true (custom)
2020-06-02 21:44:48,257 [pool-115-thread-1] INFO  segmented.SegmentedRaftLogWorker (SegmentedRaftLogWorker.java:lambda$new$0(129)) - 1a5d3f2a-b145-4882-855f-8f5c83a68c7b@group-53572A115773-SegmentedRaftLogWorker: flushIndex: setUnconditionally 0 -> -1
2020-06-02 21:44:48,264 [pool-115-thread-1] INFO  server.RaftServerConfigKeys (ConfUtils.java:logGet(44)) - raft.server.snapshot.auto.trigger.enabled = true (custom)
2020-06-02 21:44:48,264 [pool-115-thread-1] INFO  server.RaftServerConfigKeys (ConfUtils.java:logGet(44)) - raft.server.snapshot.auto.trigger.threshold = 10000 (custom)
2020-06-02 21:44:48,264 [pool-115-thread-1] INFO  server.RaftServerConfigKeys (ConfUtils.java:logGet(44)) - raft.server.snapshot.retention.file.num = 5 (custom)
2020-06-02 21:44:48,264 [pool-115-thread-1] INFO  server.RaftServerConfigKeys (ConfUtils.java:logGet(44)) - raft.server.log.purge.upto.snapshot.index = false (default)
2020-06-02 21:44:48,264 [pool-115-thread-1] INFO  server.RaftServerConfigKeys (ConfUtils.java:logGet(44)) - raft.server.retrycache.expirytime = 600000ms (custom)
2020-06-02 21:44:48,264 [pool-115-thread-1] INFO  metrics.RatisMetrics (RatisMetrics.java:lambda$create$0(39)) - Creating Metrics Registry : ratis.leader_election.1a5d3f2a-b145-4882-855f-8f5c83a68c7b@group-53572A115773
2020-06-02 21:44:48,265 [pool-115-thread-1] INFO  metrics.RatisMetrics (RatisMetrics.java:lambda$create$0(39)) - Creating Metrics Registry : ratis.server.1a5d3f2a-b145-4882-855f-8f5c83a68c7b@group-53572A115773
2020-06-02 21:44:48,266 [pool-115-thread-1] INFO  impl.RaftServerImpl (RaftServerImpl.java:start(184)) - 1a5d3f2a-b145-4882-855f-8f5c83a68c7b@group-53572A115773: start as a follower, conf=-1: [1a5d3f2a-b145-4882-855f-8f5c83a68c7b:172.17.0.2:36811, 27f66865-7638-4d0a-890a-11c1e7f6335c:172.17.0.2:35745, dffaa7c1-2551-4597-9377-3e56cf57267f:172.17.0.2:43607], old=null
2020-06-02 21:44:48,266 [pool-115-thread-1] INFO  impl.RaftServerImpl (RaftServerImpl.java:setRole(173)) - 1a5d3f2a-b145-4882-855f-8f5c83a68c7b@group-53572A115773: changes role from      null to FOLLOWER at term 0 for startAsFollower
2020-06-02 21:44:48,266 [pool-115-thread-1] INFO  impl.RoleInfo (RoleInfo.java:updateAndGet(143)) - 1a5d3f2a-b145-4882-855f-8f5c83a68c7b: start FollowerState
2020-06-02 21:44:48,273 [pool-115-thread-1] INFO  util.JmxRegister (JmxRegister.java:tryRegister(44)) - Successfully registered JMX Bean with object name Ratis:service=RaftServer,group=group-53572A115773,id=1a5d3f2a-b145-4882-855f-8f5c83a68c7b
2020-06-02 21:44:48,273 [pool-115-thread-1] INFO  metrics.RatisMetrics (RatisMetrics.java:lambda$create$0(39)) - Creating Metrics Registry : ratis.state_machine.1a5d3f2a-b145-4882-855f-8f5c83a68c7b@group-53572A115773
2020-06-02 21:44:48,554 [Command processor thread] INFO  commandhandler.CreatePipelineCommandHandler (CreatePipelineCommandHandler.java:handle(109)) - Created Pipeline RATIS THREE #id: "23a166fe-be5a-4bac-aed2-53572a115773"
.
2020-06-02 21:44:48,557 [Command processor thread] INFO  commandhandler.CreatePipelineCommandHandler (CreatePipelineCommandHandler.java:handle(109)) - Created Pipeline RATIS THREE #id: "23a166fe-be5a-4bac-aed2-53572a115773"
.
2020-06-02 21:44:48,558 [Command processor thread] INFO  commandhandler.CreatePipelineCommandHandler (CreatePipelineCommandHandler.java:handle(109)) - Created Pipeline RATIS THREE #id: "23a166fe-be5a-4bac-aed2-53572a115773"
.
2020-06-02 21:44:49,180 [Listener at 127.0.0.1/43959] INFO  ozone.MiniOzoneClusterImpl (MiniOzoneClusterImpl.java:lambda$waitForClusterToBeReady$0(177)) - Nodes are ready. Got 3 of 3 DN Heartbeats.
2020-06-02 21:44:49,180 [Listener at 127.0.0.1/43959] INFO  ozone.MiniOzoneClusterImpl (MiniOzoneClusterImpl.java:lambda$waitForClusterToBeReady$0(180)) - Waiting for cluster to exit safe mode
2020-06-02 21:44:50,180 [Listener at 127.0.0.1/43959] INFO  ozone.MiniOzoneClusterImpl (MiniOzoneClusterImpl.java:lambda$waitForClusterToBeReady$0(177)) - Nodes are ready. Got 3 of 3 DN Heartbeats.
2020-06-02 21:44:50,180 [Listener at 127.0.0.1/43959] INFO  ozone.MiniOzoneClusterImpl (MiniOzoneClusterImpl.java:lambda$waitForClusterToBeReady$0(180)) - Waiting for cluster to exit safe mode
2020-06-02 21:44:51,180 [Listener at 127.0.0.1/43959] INFO  ozone.MiniOzoneClusterImpl (MiniOzoneClusterImpl.java:lambda$waitForClusterToBeReady$0(177)) - Nodes are ready. Got 3 of 3 DN Heartbeats.
2020-06-02 21:44:51,181 [Listener at 127.0.0.1/43959] INFO  ozone.MiniOzoneClusterImpl (MiniOzoneClusterImpl.java:lambda$waitForClusterToBeReady$0(180)) - Waiting for cluster to exit safe mode
2020-06-02 21:44:52,181 [Listener at 127.0.0.1/43959] INFO  ozone.MiniOzoneClusterImpl (MiniOzoneClusterImpl.java:lambda$waitForClusterToBeReady$0(177)) - Nodes are ready. Got 3 of 3 DN Heartbeats.
2020-06-02 21:44:52,181 [Listener at 127.0.0.1/43959] INFO  ozone.MiniOzoneClusterImpl (MiniOzoneClusterImpl.java:lambda$waitForClusterToBeReady$0(180)) - Waiting for cluster to exit safe mode
2020-06-02 21:44:53,086 [Thread-332] INFO  impl.FollowerState (FollowerState.java:run(108)) - dffaa7c1-2551-4597-9377-3e56cf57267f@group-53572A115773-FollowerState: change to CANDIDATE, lastRpcTime:5027ms, electionTimeout:5026ms
2020-06-02 21:44:53,093 [Thread-332] INFO  impl.RoleInfo (RoleInfo.java:shutdownFollowerState(121)) - dffaa7c1-2551-4597-9377-3e56cf57267f: shutdown FollowerState
2020-06-02 21:44:53,093 [Thread-332] INFO  impl.RaftServerImpl (RaftServerImpl.java:setRole(173)) - dffaa7c1-2551-4597-9377-3e56cf57267f@group-53572A115773: changes role from  FOLLOWER to CANDIDATE at term 0 for changeToCandidate
2020-06-02 21:44:53,093 [Thread-332] INFO  impl.RoleInfo (RoleInfo.java:updateAndGet(143)) - dffaa7c1-2551-4597-9377-3e56cf57267f: start LeaderElection
2020-06-02 21:44:53,112 [dffaa7c1-2551-4597-9377-3e56cf57267f@group-53572A115773-LeaderElection2] INFO  impl.LeaderElection (LeaderElection.java:askForVotes(206)) - dffaa7c1-2551-4597-9377-3e56cf57267f@group-53572A115773-LeaderElection2: begin an election at term 1 for -1: [1a5d3f2a-b145-4882-855f-8f5c83a68c7b:172.17.0.2:36811, 27f66865-7638-4d0a-890a-11c1e7f6335c:172.17.0.2:35745, dffaa7c1-2551-4597-9377-3e56cf57267f:172.17.0.2:43607], old=null
2020-06-02 21:44:53,128 [Thread-330] INFO  impl.FollowerState (FollowerState.java:run(108)) - dffaa7c1-2551-4597-9377-3e56cf57267f@group-5AF12799055C-FollowerState: change to CANDIDATE, lastRpcTime:5081ms, electionTimeout:5077ms
2020-06-02 21:44:53,128 [Thread-330] INFO  impl.RoleInfo (RoleInfo.java:shutdownFollowerState(121)) - dffaa7c1-2551-4597-9377-3e56cf57267f: shutdown FollowerState
2020-06-02 21:44:53,128 [Thread-330] INFO  impl.RaftServerImpl (RaftServerImpl.java:setRole(173)) - dffaa7c1-2551-4597-9377-3e56cf57267f@group-5AF12799055C: changes role from  FOLLOWER to CANDIDATE at term 0 for changeToCandidate
2020-06-02 21:44:53,133 [Thread-330] INFO  impl.RoleInfo (RoleInfo.java:updateAndGet(143)) - dffaa7c1-2551-4597-9377-3e56cf57267f: start LeaderElection
2020-06-02 21:44:53,170 [dffaa7c1-2551-4597-9377-3e56cf57267f@group-5AF12799055C-LeaderElection3] INFO  impl.LeaderElection (LeaderElection.java:askForVotes(206)) - dffaa7c1-2551-4597-9377-3e56cf57267f@group-5AF12799055C-LeaderElection3: begin an election at term 1 for -1: [dffaa7c1-2551-4597-9377-3e56cf57267f:172.17.0.2:43607], old=null
2020-06-02 21:44:53,170 [dffaa7c1-2551-4597-9377-3e56cf57267f@group-5AF12799055C-LeaderElection3] INFO  impl.RoleInfo (RoleInfo.java:shutdownLeaderElection(134)) - dffaa7c1-2551-4597-9377-3e56cf57267f: shutdown LeaderElection
2020-06-02 21:44:53,170 [dffaa7c1-2551-4597-9377-3e56cf57267f@group-5AF12799055C-LeaderElection3] INFO  impl.RaftServerImpl (RaftServerImpl.java:setRole(173)) - dffaa7c1-2551-4597-9377-3e56cf57267f@group-5AF12799055C: changes role from CANDIDATE to LEADER at term 1 for changeToLeader
2020-06-02 21:44:53,170 [dffaa7c1-2551-4597-9377-3e56cf57267f@group-5AF12799055C-LeaderElection3] INFO  ratis.XceiverServerRatis (XceiverServerRatis.java:handleLeaderChangedNotification(762)) - Leader change notification received for group: group-5AF12799055C with new leaderId: dffaa7c1-2551-4597-9377-3e56cf57267f
2020-06-02 21:44:53,170 [dffaa7c1-2551-4597-9377-3e56cf57267f@group-5AF12799055C-LeaderElection3] INFO  impl.RaftServerImpl (ServerState.java:setLeader(255)) - dffaa7c1-2551-4597-9377-3e56cf57267f@group-5AF12799055C: change Leader from null to dffaa7c1-2551-4597-9377-3e56cf57267f at term 1 for becomeLeader, leader elected after 5130ms
2020-06-02 21:44:53,171 [dffaa7c1-2551-4597-9377-3e56cf57267f@group-5AF12799055C-LeaderElection3] INFO  server.RaftServerConfigKeys (ConfUtils.java:logGet(44)) - raft.server.staging.catchup.gap = 1000 (default)
2020-06-02 21:44:53,171 [dffaa7c1-2551-4597-9377-3e56cf57267f@group-5AF12799055C-LeaderElection3] INFO  server.RaftServerConfigKeys (ConfUtils.java:logGet(44)) - raft.server.rpc.sleep.time = 25ms (default)
2020-06-02 21:44:53,171 [dffaa7c1-2551-4597-9377-3e56cf57267f@group-5AF12799055C-LeaderElection3] INFO  metrics.RatisMetrics (RatisMetrics.java:lambda$create$0(39)) - Creating Metrics Registry : ratis.log_appender.dffaa7c1-2551-4597-9377-3e56cf57267f@group-5AF12799055C
2020-06-02 21:44:53,171 [dffaa7c1-2551-4597-9377-3e56cf57267f@group-5AF12799055C-LeaderElection3] INFO  server.RaftServerConfigKeys (ConfUtils.java:logGet(44)) - raft.server.write.element-limit = 1024 (custom)
2020-06-02 21:44:53,171 [dffaa7c1-2551-4597-9377-3e56cf57267f@group-5AF12799055C-LeaderElection3] INFO  server.RaftServerConfigKeys (ConfUtils.java:logGet(44)) - raft.server.write.byte-limit = 1073741824 (custom)
2020-06-02 21:44:53,171 [dffaa7c1-2551-4597-9377-3e56cf57267f@group-5AF12799055C-LeaderElection3] INFO  server.RaftServerConfigKeys (ConfUtils.java:logGet(44)) - raft.server.watch.timeout = 180s (custom)
2020-06-02 21:44:53,172 [dffaa7c1-2551-4597-9377-3e56cf57267f@group-5AF12799055C-LeaderElection3] INFO  server.RaftServerConfigKeys (ConfUtils.java:logGet(44)) - raft.server.watch.timeout.denomination = 1s (default)
2020-06-02 21:44:53,172 [dffaa7c1-2551-4597-9377-3e56cf57267f@group-5AF12799055C-LeaderElection3] INFO  server.RaftServerConfigKeys (ConfUtils.java:logGet(44)) - raft.server.watch.element-limit = 65536 (default)
2020-06-02 21:44:53,181 [Listener at 127.0.0.1/43959] INFO  ozone.MiniOzoneClusterImpl (MiniOzoneClusterImpl.java:lambda$waitForClusterToBeReady$0(177)) - Nodes are ready. Got 3 of 3 DN Heartbeats.
2020-06-02 21:44:53,181 [Listener at 127.0.0.1/43959] INFO  ozone.MiniOzoneClusterImpl (MiniOzoneClusterImpl.java:lambda$waitForClusterToBeReady$0(180)) - Waiting for cluster to exit safe mode
2020-06-02 21:44:53,181 [dffaa7c1-2551-4597-9377-3e56cf57267f@group-5AF12799055C-LeaderElection3] INFO  impl.RoleInfo (RoleInfo.java:updateAndGet(143)) - dffaa7c1-2551-4597-9377-3e56cf57267f: start LeaderState
2020-06-02 21:44:53,182 [dffaa7c1-2551-4597-9377-3e56cf57267f@group-5AF12799055C-LeaderElection3] INFO  segmented.SegmentedRaftLogWorker (SegmentedRaftLogWorker.java:startLogSegment(391)) - dffaa7c1-2551-4597-9377-3e56cf57267f@group-5AF12799055C-SegmentedRaftLogWorker: Starting segment from index:0
2020-06-02 21:44:53,182 [dffaa7c1-2551-4597-9377-3e56cf57267f@group-5AF12799055C-LeaderElection3] INFO  impl.RaftServerImpl (ServerState.java:setRaftConf(356)) - dffaa7c1-2551-4597-9377-3e56cf57267f@group-5AF12799055C: set configuration 0: [dffaa7c1-2551-4597-9377-3e56cf57267f:172.17.0.2:43607], old=null at 0
2020-06-02 21:44:53,185 [dffaa7c1-2551-4597-9377-3e56cf57267f@group-5AF12799055C-SegmentedRaftLogWorker] INFO  segmented.SegmentedRaftLogWorker (SegmentedRaftLogWorker.java:execute(583)) - dffaa7c1-2551-4597-9377-3e56cf57267f@group-5AF12799055C-SegmentedRaftLogWorker: created new log segment /github/workspace/mnt/ozone/hadoop-ozone/integration-test/target/test-dir/MiniOzoneClusterImpl-537e367d-239d-4fe9-82ba-0c32bb1b6ee4/datanode-0/data/ratis/176804e3-09e0-42d7-872d-5af12799055c/current/log_inprogress_0
2020-06-02 21:44:53,226 [grpc-default-executor-0] INFO  impl.RaftServerImpl (RaftServerImpl.java:setRole(173)) - 27f66865-7638-4d0a-890a-11c1e7f6335c@group-53572A115773: changes role from  FOLLOWER to FOLLOWER at term 1 for recognizeCandidate:dffaa7c1-2551-4597-9377-3e56cf57267f
2020-06-02 21:44:53,226 [grpc-default-executor-0] INFO  impl.RoleInfo (RoleInfo.java:shutdownFollowerState(121)) - 27f66865-7638-4d0a-890a-11c1e7f6335c: shutdown FollowerState
2020-06-02 21:44:53,226 [grpc-default-executor-0] INFO  impl.RoleInfo (RoleInfo.java:updateAndGet(143)) - 27f66865-7638-4d0a-890a-11c1e7f6335c: start FollowerState
2020-06-02 21:44:53,226 [Thread-336] INFO  impl.FollowerState (FollowerState.java:run(117)) - 27f66865-7638-4d0a-890a-11c1e7f6335c@group-53572A115773-FollowerState was interrupted: java.lang.InterruptedException: sleep interrupted
2020-06-02 21:44:53,242 [grpc-default-executor-2] INFO  impl.RaftServerImpl (RaftServerImpl.java:setRole(173)) - 1a5d3f2a-b145-4882-855f-8f5c83a68c7b@group-53572A115773: changes role from  FOLLOWER to FOLLOWER at term 1 for recognizeCandidate:dffaa7c1-2551-4597-9377-3e56cf57267f
2020-06-02 21:44:53,242 [grpc-default-executor-2] INFO  impl.RoleInfo (RoleInfo.java:shutdownFollowerState(121)) - 1a5d3f2a-b145-4882-855f-8f5c83a68c7b: shutdown FollowerState
2020-06-02 21:44:53,242 [grpc-default-executor-2] INFO  impl.RoleInfo (RoleInfo.java:updateAndGet(143)) - 1a5d3f2a-b145-4882-855f-8f5c83a68c7b: start FollowerState
2020-06-02 21:44:53,242 [Thread-340] INFO  impl.FollowerState (FollowerState.java:run(117)) - 1a5d3f2a-b145-4882-855f-8f5c83a68c7b@group-53572A115773-FollowerState was interrupted: java.lang.InterruptedException: sleep interrupted
2020-06-02 21:44:53,252 [dffaa7c1-2551-4597-9377-3e56cf57267f@group-53572A115773-LeaderElection2] INFO  impl.LeaderElection (LeaderElection.java:logAndReturn(61)) - dffaa7c1-2551-4597-9377-3e56cf57267f@group-53572A115773-LeaderElection2: Election PASSED; received 1 response(s) [dffaa7c1-2551-4597-9377-3e56cf57267f<-1a5d3f2a-b145-4882-855f-8f5c83a68c7b#0:OK-t1] and 0 exception(s); dffaa7c1-2551-4597-9377-3e56cf57267f@group-53572A115773:t1, leader=null, voted=dffaa7c1-2551-4597-9377-3e56cf57267f, raftlog=dffaa7c1-2551-4597-9377-3e56cf57267f@group-53572A115773-SegmentedRaftLog:OPENED:c-1,f-1,i0, conf=-1: [1a5d3f2a-b145-4882-855f-8f5c83a68c7b:172.17.0.2:36811, 27f66865-7638-4d0a-890a-11c1e7f6335c:172.17.0.2:35745, dffaa7c1-2551-4597-9377-3e56cf57267f:172.17.0.2:43607], old=null
2020-06-02 21:44:53,252 [dffaa7c1-2551-4597-9377-3e56cf57267f@group-53572A115773-LeaderElection2] INFO  impl.RoleInfo (RoleInfo.java:shutdownLeaderElection(134)) - dffaa7c1-2551-4597-9377-3e56cf57267f: shutdown LeaderElection
2020-06-02 21:44:53,252 [dffaa7c1-2551-4597-9377-3e56cf57267f@group-53572A115773-LeaderElection2] INFO  impl.RaftServerImpl (RaftServerImpl.java:setRole(173)) - dffaa7c1-2551-4597-9377-3e56cf57267f@group-53572A115773: changes role from CANDIDATE to LEADER at term 1 for changeToLeader
2020-06-02 21:44:53,252 [dffaa7c1-2551-4597-9377-3e56cf57267f@group-53572A115773-LeaderElection2] INFO  ratis.XceiverServerRatis (XceiverServerRatis.java:handleLeaderChangedNotification(762)) - Leader change notification received for group: group-53572A115773 with new leaderId: dffaa7c1-2551-4597-9377-3e56cf57267f
2020-06-02 21:44:53,252 [dffaa7c1-2551-4597-9377-3e56cf57267f@group-53572A115773-LeaderElection2] INFO  impl.RaftServerImpl (ServerState.java:setLeader(255)) - dffaa7c1-2551-4597-9377-3e56cf57267f@group-53572A115773: change Leader from null to dffaa7c1-2551-4597-9377-3e56cf57267f at term 1 for becomeLeader, leader elected after 5197ms
2020-06-02 21:44:53,252 [dffaa7c1-2551-4597-9377-3e56cf57267f@group-53572A115773-LeaderElection2] INFO  server.RaftServerConfigKeys (ConfUtils.java:logGet(44)) - raft.server.staging.catchup.gap = 1000 (default)
2020-06-02 21:44:53,252 [dffaa7c1-2551-4597-9377-3e56cf57267f@group-53572A115773-LeaderElection2] INFO  server.RaftServerConfigKeys (ConfUtils.java:logGet(44)) - raft.server.rpc.sleep.time = 25ms (default)
2020-06-02 21:44:53,253 [dffaa7c1-2551-4597-9377-3e56cf57267f@group-53572A115773-LeaderElection2] INFO  metrics.RatisMetrics (RatisMetrics.java:lambda$create$0(39)) - Creating Metrics Registry : ratis.log_appender.dffaa7c1-2551-4597-9377-3e56cf57267f@group-53572A115773
2020-06-02 21:44:53,253 [dffaa7c1-2551-4597-9377-3e56cf57267f@group-53572A115773-LeaderElection2] INFO  server.RaftServerConfigKeys (ConfUtils.java:logGet(44)) - raft.server.write.element-limit = 1024 (custom)
2020-06-02 21:44:53,253 [dffaa7c1-2551-4597-9377-3e56cf57267f@group-53572A115773-LeaderElection2] INFO  server.RaftServerConfigKeys (ConfUtils.java:logGet(44)) - raft.server.write.byte-limit = 1073741824 (custom)
2020-06-02 21:44:53,253 [dffaa7c1-2551-4597-9377-3e56cf57267f@group-53572A115773-LeaderElection2] INFO  server.RaftServerConfigKeys (ConfUtils.java:logGet(44)) - raft.server.watch.timeout = 180s (custom)
2020-06-02 21:44:53,253 [dffaa7c1-2551-4597-9377-3e56cf57267f@group-53572A115773-LeaderElection2] INFO  server.RaftServerConfigKeys (ConfUtils.java:logGet(44)) - raft.server.watch.timeout.denomination = 1s (default)
2020-06-02 21:44:53,253 [dffaa7c1-2551-4597-9377-3e56cf57267f@group-53572A115773-LeaderElection2] INFO  server.RaftServerConfigKeys (ConfUtils.java:logGet(44)) - raft.server.watch.element-limit = 65536 (default)
2020-06-02 21:44:53,265 [dffaa7c1-2551-4597-9377-3e56cf57267f@group-53572A115773-LeaderElection2] INFO  server.RaftServerConfigKeys (ConfUtils.java:logGet(44)) - raft.server.log.appender.snapshot.chunk.size.max = 16MB (=16777216) (default)
2020-06-02 21:44:53,265 [dffaa7c1-2551-4597-9377-3e56cf57267f@group-53572A115773-LeaderElection2] INFO  server.RaftServerConfigKeys (ConfUtils.java:logGet(44)) - raft.server.log.appender.buffer.byte-limit = 33554432 (custom)
2020-06-02 21:44:53,266 [dffaa7c1-2551-4597-9377-3e56cf57267f@group-53572A115773-LeaderElection2] INFO  server.RaftServerConfigKeys (ConfUtils.java:logGet(44)) - raft.server.log.appender.buffer.element-limit = 1 (custom)
2020-06-02 21:44:53,268 [dffaa7c1-2551-4597-9377-3e56cf57267f@group-53572A115773-LeaderElection2] INFO  grpc.GrpcConfigKeys (ConfUtils.java:logGet(44)) - raft.grpc.server.leader.outstanding.appends.max = 128 (default)
2020-06-02 21:44:53,268 [dffaa7c1-2551-4597-9377-3e56cf57267f@group-53572A115773-LeaderElection2] INFO  server.RaftServerConfigKeys (ConfUtils.java:logGet(44)) - raft.server.rpc.request.timeout = 60s (custom)
2020-06-02 21:44:53,268 [dffaa7c1-2551-4597-9377-3e56cf57267f@group-53572A115773-LeaderElection2] INFO  server.RaftServerConfigKeys (ConfUtils.java:logGet(44)) - raft.server.log.appender.install.snapshot.enabled = false (custom)
2020-06-02 21:44:53,272 [dffaa7c1-2551-4597-9377-3e56cf57267f@group-53572A115773-LeaderElection2] INFO  server.RaftServerConfigKeys (ConfUtils.java:logGet(44)) - raft.server.log.appender.snapshot.chunk.size.max = 16MB (=16777216) (default)
2020-06-02 21:44:53,273 [dffaa7c1-2551-4597-9377-3e56cf57267f@group-53572A115773-LeaderElection2] INFO  server.RaftServerConfigKeys (ConfUtils.java:logGet(44)) - raft.server.log.appender.buffer.byte-limit = 33554432 (custom)
2020-06-02 21:44:53,273 [dffaa7c1-2551-4597-9377-3e56cf57267f@group-53572A115773-LeaderElection2] INFO  server.RaftServerConfigKeys (ConfUtils.java:logGet(44)) - raft.server.log.appender.buffer.element-limit = 1 (custom)
2020-06-02 21:44:53,273 [dffaa7c1-2551-4597-9377-3e56cf57267f@group-53572A115773-LeaderElection2] INFO  grpc.GrpcConfigKeys (ConfUtils.java:logGet(44)) - raft.grpc.server.leader.outstanding.appends.max = 128 (default)
2020-06-02 21:44:53,273 [dffaa7c1-2551-4597-9377-3e56cf57267f@group-53572A115773-LeaderElection2] INFO  server.RaftServerConfigKeys (ConfUtils.java:logGet(44)) - raft.server.rpc.request.timeout = 60s (custom)
2020-06-02 21:44:53,273 [dffaa7c1-2551-4597-9377-3e56cf57267f@group-53572A115773-LeaderElection2] INFO  server.RaftServerConfigKeys (ConfUtils.java:logGet(44)) - raft.server.log.appender.install.snapshot.enabled = false (custom)
2020-06-02 21:44:53,275 [dffaa7c1-2551-4597-9377-3e56cf57267f@group-53572A115773-LeaderElection2] INFO  impl.RoleInfo (RoleInfo.java:updateAndGet(143)) - dffaa7c1-2551-4597-9377-3e56cf57267f: start LeaderState
2020-06-02 21:44:53,275 [dffaa7c1-2551-4597-9377-3e56cf57267f@group-53572A115773-LeaderElection2] INFO  segmented.SegmentedRaftLogWorker (SegmentedRaftLogWorker.java:startLogSegment(391)) - dffaa7c1-2551-4597-9377-3e56cf57267f@group-53572A115773-SegmentedRaftLogWorker: Starting segment from index:0
2020-06-02 21:44:53,276 [dffaa7c1-2551-4597-9377-3e56cf57267f@group-53572A115773-SegmentedRaftLogWorker] INFO  segmented.SegmentedRaftLogWorker (SegmentedRaftLogWorker.java:execute(583)) - dffaa7c1-2551-4597-9377-3e56cf57267f@group-53572A115773-SegmentedRaftLogWorker: created new log segment /github/workspace/mnt/ozone/hadoop-ozone/integration-test/target/test-dir/MiniOzoneClusterImpl-537e367d-239d-4fe9-82ba-0c32bb1b6ee4/datanode-0/data/ratis/23a166fe-be5a-4bac-aed2-53572a115773/current/log_inprogress_0
2020-06-02 21:44:53,293 [dffaa7c1-2551-4597-9377-3e56cf57267f@group-53572A115773-LeaderElection2] INFO  impl.RaftServerImpl (ServerState.java:setRaftConf(356)) - dffaa7c1-2551-4597-9377-3e56cf57267f@group-53572A115773: set configuration 0: [1a5d3f2a-b145-4882-855f-8f5c83a68c7b:172.17.0.2:36811, 27f66865-7638-4d0a-890a-11c1e7f6335c:172.17.0.2:35745, dffaa7c1-2551-4597-9377-3e56cf57267f:172.17.0.2:43607], old=null at 0
2020-06-02 21:44:53,307 [Thread-338] INFO  impl.FollowerState (FollowerState.java:run(108)) - 1a5d3f2a-b145-4882-855f-8f5c83a68c7b@group-AFA582544E10-FollowerState: change to CANDIDATE, lastRpcTime:5064ms, electionTimeout:5054ms
2020-06-02 21:44:53,307 [Thread-338] INFO  impl.RoleInfo (RoleInfo.java:shutdownFollowerState(121)) - 1a5d3f2a-b145-4882-855f-8f5c83a68c7b: shutdown FollowerState
2020-06-02 21:44:53,307 [Thread-338] INFO  impl.RaftServerImpl (RaftServerImpl.java:setRole(173)) - 1a5d3f2a-b145-4882-855f-8f5c83a68c7b@group-AFA582544E10: changes role from  FOLLOWER to CANDIDATE at term 0 for changeToCandidate
2020-06-02 21:44:53,308 [Thread-338] INFO  impl.RoleInfo (RoleInfo.java:updateAndGet(143)) - 1a5d3f2a-b145-4882-855f-8f5c83a68c7b: start LeaderElection
2020-06-02 21:44:53,329 [grpc-default-executor-1] INFO  ratis.XceiverServerRatis (XceiverServerRatis.java:handleLeaderChangedNotification(762)) - Leader change notification received for group: group-53572A115773 with new leaderId: dffaa7c1-2551-4597-9377-3e56cf57267f
2020-06-02 21:44:53,330 [grpc-default-executor-1] INFO  impl.RaftServerImpl (ServerState.java:setLeader(255)) - 1a5d3f2a-b145-4882-855f-8f5c83a68c7b@group-53572A115773: change Leader from null to dffaa7c1-2551-4597-9377-3e56cf57267f at term 1 for appendEntries, leader elected after 5074ms
2020-06-02 21:44:53,341 [1a5d3f2a-b145-4882-855f-8f5c83a68c7b@group-AFA582544E10-LeaderElection4] INFO  impl.LeaderElection (LeaderElection.java:askForVotes(206)) - 1a5d3f2a-b145-4882-855f-8f5c83a68c7b@group-AFA582544E10-LeaderElection4: begin an election at term 1 for -1: [1a5d3f2a-b145-4882-855f-8f5c83a68c7b:172.17.0.2:36811], old=null
2020-06-02 21:44:53,341 [1a5d3f2a-b145-4882-855f-8f5c83a68c7b@group-AFA582544E10-LeaderElection4] INFO  impl.RoleInfo (RoleInfo.java:shutdownLeaderElection(134)) - 1a5d3f2a-b145-4882-855f-8f5c83a68c7b: shutdown LeaderElection
2020-06-02 21:44:53,341 [1a5d3f2a-b145-4882-855f-8f5c83a68c7b@group-AFA582544E10-LeaderElection4] INFO  impl.RaftServerImpl (RaftServerImpl.java:setRole(173)) - 1a5d3f2a-b145-4882-855f-8f5c83a68c7b@group-AFA582544E10: changes role from CANDIDATE to LEADER at term 1 for changeToLeader
2020-06-02 21:44:53,341 [1a5d3f2a-b145-4882-855f-8f5c83a68c7b@group-AFA582544E10-LeaderElection4] INFO  ratis.XceiverServerRatis (XceiverServerRatis.java:handleLeaderChangedNotification(762)) - Leader change notification received for group: group-AFA582544E10 with new leaderId: 1a5d3f2a-b145-4882-855f-8f5c83a68c7b
2020-06-02 21:44:53,341 [1a5d3f2a-b145-4882-855f-8f5c83a68c7b@group-AFA582544E10-LeaderElection4] INFO  impl.RaftServerImpl (ServerState.java:setLeader(255)) - 1a5d3f2a-b145-4882-855f-8f5c83a68c7b@group-AFA582544E10: change Leader from null to 1a5d3f2a-b145-4882-855f-8f5c83a68c7b at term 1 for becomeLeader, leader elected after 5115ms
2020-06-02 21:44:53,341 [1a5d3f2a-b145-4882-855f-8f5c83a68c7b@group-AFA582544E10-LeaderElection4] INFO  server.RaftServerConfigKeys (ConfUtils.java:logGet(44)) - raft.server.staging.catchup.gap = 1000 (default)
2020-06-02 21:44:53,341 [1a5d3f2a-b145-4882-855f-8f5c83a68c7b@group-AFA582544E10-LeaderElection4] INFO  server.RaftServerConfigKeys (ConfUtils.java:logGet(44)) - raft.server.rpc.sleep.time = 25ms (default)
2020-06-02 21:44:53,342 [1a5d3f2a-b145-4882-855f-8f5c83a68c7b@group-AFA582544E10-LeaderElection4] INFO  metrics.RatisMetrics (RatisMetrics.java:lambda$create$0(39)) - Creating Metrics Registry : ratis.log_appender.1a5d3f2a-b145-4882-855f-8f5c83a68c7b@group-AFA582544E10
2020-06-02 21:44:53,342 [1a5d3f2a-b145-4882-855f-8f5c83a68c7b@group-AFA582544E10-LeaderElection4] INFO  server.RaftServerConfigKeys (ConfUtils.java:logGet(44)) - raft.server.write.element-limit = 1024 (custom)
2020-06-02 21:44:53,342 [1a5d3f2a-b145-4882-855f-8f5c83a68c7b@group-AFA582544E10-LeaderElection4] INFO  server.RaftServerConfigKeys (ConfUtils.java:logGet(44)) - raft.server.write.byte-limit = 1073741824 (custom)
2020-06-02 21:44:53,506 [Thread-334] INFO  impl.FollowerState (FollowerState.java:run(108)) - 27f66865-7638-4d0a-890a-11c1e7f6335c@group-F251CDED0800-FollowerState: change to CANDIDATE, lastRpcTime:5342ms, electionTimeout:5183ms
2020-06-02 21:44:53,523 [Thread-334] INFO  impl.RoleInfo (RoleInfo.java:shutdownFollowerState(121)) - 27f66865-7638-4d0a-890a-11c1e7f6335c: shutdown FollowerState
2020-06-02 21:44:53,524 [Thread-334] INFO  impl.RaftServerImpl (RaftServerImpl.java:setRole(173)) - 27f66865-7638-4d0a-890a-11c1e7f6335c@group-F251CDED0800: changes role from  FOLLOWER to CANDIDATE at term 0 for changeToCandidate
2020-06-02 21:44:53,524 [Thread-334] INFO  impl.RoleInfo (RoleInfo.java:updateAndGet(143)) - 27f66865-7638-4d0a-890a-11c1e7f6335c: start LeaderElection
2020-06-02 21:44:53,541 [grpc-default-executor-3] INFO  ratis.XceiverServerRatis (XceiverServerRatis.java:handleLeaderChangedNotification(762)) - Leader change notification received for group: group-53572A115773 with new leaderId: dffaa7c1-2551-4597-9377-3e56cf57267f
2020-06-02 21:44:53,542 [grpc-default-executor-3] INFO  impl.RaftServerImpl (ServerState.java:setLeader(255)) - 27f66865-7638-4d0a-890a-11c1e7f6335c@group-53572A115773: change Leader from null to dffaa7c1-2551-4597-9377-3e56cf57267f at term 1 for appendEntries, leader elected after 5361ms
2020-06-02 21:44:53,551 [1a5d3f2a-b145-4882-855f-8f5c83a68c7b@group-AFA582544E10-LeaderElection4] INFO  server.RaftServerConfigKeys (ConfUtils.java:logGet(44)) - raft.server.watch.timeout = 180s (custom)
2020-06-02 21:44:53,551 [1a5d3f2a-b145-4882-855f-8f5c83a68c7b@group-AFA582544E10-LeaderElection4] INFO  server.RaftServerConfigKeys (ConfUtils.java:logGet(44)) - raft.server.watch.timeout.denomination = 1s (default)
2020-06-02 21:44:53,551 [1a5d3f2a-b145-4882-855f-8f5c83a68c7b@group-AFA582544E10-LeaderElection4] INFO  server.RaftServerConfigKeys (ConfUtils.java:logGet(44)) - raft.server.watch.element-limit = 65536 (default)
2020-06-02 21:44:53,551 [1a5d3f2a-b145-4882-855f-8f5c83a68c7b@group-AFA582544E10-LeaderElection4] INFO  impl.RoleInfo (RoleInfo.java:updateAndGet(143)) - 1a5d3f2a-b145-4882-855f-8f5c83a68c7b: start LeaderState
2020-06-02 21:44:53,552 [1a5d3f2a-b145-4882-855f-8f5c83a68c7b@group-AFA582544E10-LeaderElection4] INFO  segmented.SegmentedRaftLogWorker (SegmentedRaftLogWorker.java:startLogSegment(391)) - 1a5d3f2a-b145-4882-855f-8f5c83a68c7b@group-AFA582544E10-SegmentedRaftLogWorker: Starting segment from index:0
2020-06-02 21:44:53,556 [grpc-default-executor-1] INFO  impl.RaftServerImpl (ServerState.java:setRaftConf(356)) - 1a5d3f2a-b145-4882-855f-8f5c83a68c7b@group-53572A115773: set configuration 0: [1a5d3f2a-b145-4882-855f-8f5c83a68c7b:172.17.0.2:36811, 27f66865-7638-4d0a-890a-11c1e7f6335c:172.17.0.2:35745, dffaa7c1-2551-4597-9377-3e56cf57267f:172.17.0.2:43607], old=null at 0
2020-06-02 21:44:53,559 [1a5d3f2a-b145-4882-855f-8f5c83a68c7b@group-AFA582544E10-SegmentedRaftLogWorker] INFO  segmented.SegmentedRaftLogWorker (SegmentedRaftLogWorker.java:execute(583)) - 1a5d3f2a-b145-4882-855f-8f5c83a68c7b@group-AFA582544E10-SegmentedRaftLogWorker: created new log segment /github/workspace/mnt/ozone/hadoop-ozone/integration-test/target/test-dir/MiniOzoneClusterImpl-537e367d-239d-4fe9-82ba-0c32bb1b6ee4/datanode-2/data/ratis/d699b01a-ffd1-412e-9d07-afa582544e10/current/log_inprogress_0
2020-06-02 21:44:53,557 [grpc-default-executor-3] INFO  impl.RaftServerImpl (ServerState.java:setRaftConf(356)) - 27f66865-7638-4d0a-890a-11c1e7f6335c@group-53572A115773: set configuration 0: [1a5d3f2a-b145-4882-855f-8f5c83a68c7b:172.17.0.2:36811, 27f66865-7638-4d0a-890a-11c1e7f6335c:172.17.0.2:35745, dffaa7c1-2551-4597-9377-3e56cf57267f:172.17.0.2:43607], old=null at 0
2020-06-02 21:44:53,560 [grpc-default-executor-3] INFO  segmented.SegmentedRaftLogWorker (SegmentedRaftLogWorker.java:startLogSegment(391)) - 27f66865-7638-4d0a-890a-11c1e7f6335c@group-53572A115773-SegmentedRaftLogWorker: Starting segment from index:0
2020-06-02 21:44:53,560 [grpc-default-executor-1] INFO  segmented.SegmentedRaftLogWorker (SegmentedRaftLogWorker.java:startLogSegment(391)) - 1a5d3f2a-b145-4882-855f-8f5c83a68c7b@group-53572A115773-SegmentedRaftLogWorker: Starting segment from index:0
2020-06-02 21:44:53,573 [1a5d3f2a-b145-4882-855f-8f5c83a68c7b@group-AFA582544E10-LeaderElection4] INFO  impl.RaftServerImpl (ServerState.java:setRaftConf(356)) - 1a5d3f2a-b145-4882-855f-8f5c83a68c7b@group-AFA582544E10: set configuration 0: [1a5d3f2a-b145-4882-855f-8f5c83a68c7b:172.17.0.2:36811], old=null at 0
2020-06-02 21:44:53,582 [27f66865-7638-4d0a-890a-11c1e7f6335c@group-F251CDED0800-LeaderElection5] INFO  impl.LeaderElection (LeaderElection.java:askForVotes(206)) - 27f66865-7638-4d0a-890a-11c1e7f6335c@group-F251CDED0800-LeaderElection5: begin an election at term 1 for -1: [27f66865-7638-4d0a-890a-11c1e7f6335c:172.17.0.2:35745], old=null
2020-06-02 21:44:53,582 [27f66865-7638-4d0a-890a-11c1e7f6335c@group-F251CDED0800-LeaderElection5] INFO  impl.RoleInfo (RoleInfo.java:shutdownLeaderElection(134)) - 27f66865-7638-4d0a-890a-11c1e7f6335c: shutdown LeaderElection
2020-06-02 21:44:53,583 [27f66865-7638-4d0a-890a-11c1e7f6335c@group-53572A115773-SegmentedRaftLogWorker] INFO  segmented.SegmentedRaftLogWorker (SegmentedRaftLogWorker.java:execute(583)) - 27f66865-7638-4d0a-890a-11c1e7f6335c@group-53572A115773-SegmentedRaftLogWorker: created new log segment /github/workspace/mnt/ozone/hadoop-ozone/integration-test/target/test-dir/MiniOzoneClusterImpl-537e367d-239d-4fe9-82ba-0c32bb1b6ee4/datanode-1/data/ratis/23a166fe-be5a-4bac-aed2-53572a115773/current/log_inprogress_0
2020-06-02 21:44:53,584 [1a5d3f2a-b145-4882-855f-8f5c83a68c7b@group-53572A115773-SegmentedRaftLogWorker] INFO  segmented.SegmentedRaftLogWorker (SegmentedRaftLogWorker.java:execute(583)) - 1a5d3f2a-b145-4882-855f-8f5c83a68c7b@group-53572A115773-SegmentedRaftLogWorker: created new log segment /github/workspace/mnt/ozone/hadoop-ozone/integration-test/target/test-dir/MiniOzoneClusterImpl-537e367d-239d-4fe9-82ba-0c32bb1b6ee4/datanode-2/data/ratis/23a166fe-be5a-4bac-aed2-53572a115773/current/log_inprogress_0
2020-06-02 21:44:53,596 [27f66865-7638-4d0a-890a-11c1e7f6335c@group-F251CDED0800-LeaderElection5] INFO  impl.RaftServerImpl (RaftServerImpl.java:setRole(173)) - 27f66865-7638-4d0a-890a-11c1e7f6335c@group-F251CDED0800: changes role from CANDIDATE to LEADER at term 1 for changeToLeader
2020-06-02 21:44:53,596 [27f66865-7638-4d0a-890a-11c1e7f6335c@group-F251CDED0800-LeaderElection5] INFO  ratis.XceiverServerRatis (XceiverServerRatis.java:handleLeaderChangedNotification(762)) - Leader change notification received for group: group-F251CDED0800 with new leaderId: 27f66865-7638-4d0a-890a-11c1e7f6335c
2020-06-02 21:44:53,598 [27f66865-7638-4d0a-890a-11c1e7f6335c@group-F251CDED0800-LeaderElection5] INFO  impl.RaftServerImpl (ServerState.java:setLeader(255)) - 27f66865-7638-4d0a-890a-11c1e7f6335c@group-F251CDED0800: change Leader from null to 27f66865-7638-4d0a-890a-11c1e7f6335c at term 1 for becomeLeader, leader elected after 5447ms
2020-06-02 21:44:53,599 [27f66865-7638-4d0a-890a-11c1e7f6335c@group-F251CDED0800-LeaderElection5] INFO  server.RaftServerConfigKeys (ConfUtils.java:logGet(44)) - raft.server.staging.catchup.gap = 1000 (default)
2020-06-02 21:44:53,599 [27f66865-7638-4d0a-890a-11c1e7f6335c@group-F251CDED0800-LeaderElection5] INFO  server.RaftServerConfigKeys (ConfUtils.java:logGet(44)) - raft.server.rpc.sleep.time = 25ms (default)
2020-06-02 21:44:53,599 [27f66865-7638-4d0a-890a-11c1e7f6335c@group-F251CDED0800-LeaderElection5] INFO  metrics.RatisMetrics (RatisMetrics.java:lambda$create$0(39)) - Creating Metrics Registry : ratis.log_appender.27f66865-7638-4d0a-890a-11c1e7f6335c@group-F251CDED0800
2020-06-02 21:44:53,599 [27f66865-7638-4d0a-890a-11c1e7f6335c@group-F251CDED0800-LeaderElection5] INFO  server.RaftServerConfigKeys (ConfUtils.java:logGet(44)) - raft.server.write.element-limit = 1024 (custom)
2020-06-02 21:44:53,599 [27f66865-7638-4d0a-890a-11c1e7f6335c@group-F251CDED0800-LeaderElection5] INFO  server.RaftServerConfigKeys (ConfUtils.java:logGet(44)) - raft.server.write.byte-limit = 1073741824 (custom)
2020-06-02 21:44:53,599 [27f66865-7638-4d0a-890a-11c1e7f6335c@group-F251CDED0800-LeaderElection5] INFO  server.RaftServerConfigKeys (ConfUtils.java:logGet(44)) - raft.server.watch.timeout = 180s (custom)
2020-06-02 21:44:53,599 [27f66865-7638-4d0a-890a-11c1e7f6335c@group-F251CDED0800-LeaderElection5] INFO  server.RaftServerConfigKeys (ConfUtils.java:logGet(44)) - raft.server.watch.timeout.denomination = 1s (default)
2020-06-02 21:44:53,599 [27f66865-7638-4d0a-890a-11c1e7f6335c@group-F251CDED0800-LeaderElection5] INFO  server.RaftServerConfigKeys (ConfUtils.java:logGet(44)) - raft.server.watch.element-limit = 65536 (default)
2020-06-02 21:44:53,600 [27f66865-7638-4d0a-890a-11c1e7f6335c@group-F251CDED0800-LeaderElection5] INFO  impl.RoleInfo (RoleInfo.java:updateAndGet(143)) - 27f66865-7638-4d0a-890a-11c1e7f6335c: start LeaderState
2020-06-02 21:44:53,600 [27f66865-7638-4d0a-890a-11c1e7f6335c@group-F251CDED0800-LeaderElection5] INFO  segmented.SegmentedRaftLogWorker (SegmentedRaftLogWorker.java:startLogSegment(391)) - 27f66865-7638-4d0a-890a-11c1e7f6335c@group-F251CDED0800-SegmentedRaftLogWorker: Starting segment from index:0
2020-06-02 21:44:53,601 [27f66865-7638-4d0a-890a-11c1e7f6335c@group-F251CDED0800-SegmentedRaftLogWorker] INFO  segmented.SegmentedRaftLogWorker (SegmentedRaftLogWorker.java:execute(583)) - 27f66865-7638-4d0a-890a-11c1e7f6335c@group-F251CDED0800-SegmentedRaftLogWorker: created new log segment /github/workspace/mnt/ozone/hadoop-ozone/integration-test/target/test-dir/MiniOzoneClusterImpl-537e367d-239d-4fe9-82ba-0c32bb1b6ee4/datanode-1/data/ratis/aa3fb4b5-4e27-422d-aeaa-f251cded0800/current/log_inprogress_0
2020-06-02 21:44:53,603 [27f66865-7638-4d0a-890a-11c1e7f6335c@group-F251CDED0800-LeaderElection5] INFO  impl.RaftServerImpl (ServerState.java:setRaftConf(356)) - 27f66865-7638-4d0a-890a-11c1e7f6335c@group-F251CDED0800: set configuration 0: [27f66865-7638-4d0a-890a-11c1e7f6335c:172.17.0.2:35745], old=null at 0
2020-06-02 21:44:54,181 [Listener at 127.0.0.1/43959] INFO  ozone.MiniOzoneClusterImpl (MiniOzoneClusterImpl.java:lambda$waitForClusterToBeReady$0(177)) - Nodes are ready. Got 3 of 3 DN Heartbeats.
2020-06-02 21:44:54,182 [Listener at 127.0.0.1/43959] INFO  ozone.MiniOzoneClusterImpl (MiniOzoneClusterImpl.java:lambda$waitForClusterToBeReady$0(180)) - Waiting for cluster to exit safe mode
2020-06-02 21:44:55,182 [Listener at 127.0.0.1/43959] INFO  ozone.MiniOzoneClusterImpl (MiniOzoneClusterImpl.java:lambda$waitForClusterToBeReady$0(177)) - Nodes are ready. Got 3 of 3 DN Heartbeats.
2020-06-02 21:44:55,182 [Listener at 127.0.0.1/43959] INFO  ozone.MiniOzoneClusterImpl (MiniOzoneClusterImpl.java:lambda$waitForClusterToBeReady$0(180)) - Waiting for cluster to exit safe mode
2020-06-02 21:44:56,182 [Listener at 127.0.0.1/43959] INFO  ozone.MiniOzoneClusterImpl (MiniOzoneClusterImpl.java:lambda$waitForClusterToBeReady$0(177)) - Nodes are ready. Got 3 of 3 DN Heartbeats.
2020-06-02 21:44:56,182 [Listener at 127.0.0.1/43959] INFO  ozone.MiniOzoneClusterImpl (MiniOzoneClusterImpl.java:lambda$waitForClusterToBeReady$0(180)) - Waiting for cluster to exit safe mode
2020-06-02 21:44:57,183 [Listener at 127.0.0.1/43959] INFO  ozone.MiniOzoneClusterImpl (MiniOzoneClusterImpl.java:lambda$waitForClusterToBeReady$0(177)) - Nodes are ready. Got 3 of 3 DN Heartbeats.
2020-06-02 21:44:57,183 [Listener at 127.0.0.1/43959] INFO  ozone.MiniOzoneClusterImpl (MiniOzoneClusterImpl.java:lambda$waitForClusterToBeReady$0(180)) - Waiting for cluster to exit safe mode
2020-06-02 21:44:58,183 [Listener at 127.0.0.1/43959] INFO  ozone.MiniOzoneClusterImpl (MiniOzoneClusterImpl.java:lambda$waitForClusterToBeReady$0(177)) - Nodes are ready. Got 3 of 3 DN Heartbeats.
2020-06-02 21:44:58,183 [Listener at 127.0.0.1/43959] INFO  ozone.MiniOzoneClusterImpl (MiniOzoneClusterImpl.java:lambda$waitForClusterToBeReady$0(180)) - Waiting for cluster to exit safe mode
2020-06-02 21:44:59,183 [Listener at 127.0.0.1/43959] INFO  ozone.MiniOzoneClusterImpl (MiniOzoneClusterImpl.java:lambda$waitForClusterToBeReady$0(177)) - Nodes are ready. Got 3 of 3 DN Heartbeats.
2020-06-02 21:44:59,183 [Listener at 127.0.0.1/43959] INFO  ozone.MiniOzoneClusterImpl (MiniOzoneClusterImpl.java:lambda$waitForClusterToBeReady$0(180)) - Waiting for cluster to exit safe mode
2020-06-02 21:45:00,184 [Listener at 127.0.0.1/43959] INFO  ozone.MiniOzoneClusterImpl (MiniOzoneClusterImpl.java:lambda$waitForClusterToBeReady$0(177)) - Nodes are ready. Got 3 of 3 DN Heartbeats.
2020-06-02 21:45:00,184 [Listener at 127.0.0.1/43959] INFO  ozone.MiniOzoneClusterImpl (MiniOzoneClusterImpl.java:lambda$waitForClusterToBeReady$0(180)) - Waiting for cluster to exit safe mode
2020-06-02 21:45:01,184 [Listener at 127.0.0.1/43959] INFO  ozone.MiniOzoneClusterImpl (MiniOzoneClusterImpl.java:lambda$waitForClusterToBeReady$0(177)) - Nodes are ready. Got 3 of 3 DN Heartbeats.
2020-06-02 21:45:01,184 [Listener at 127.0.0.1/43959] INFO  ozone.MiniOzoneClusterImpl (MiniOzoneClusterImpl.java:lambda$waitForClusterToBeReady$0(180)) - Waiting for cluster to exit safe mode
2020-06-02 21:45:02,184 [Listener at 127.0.0.1/43959] INFO  ozone.MiniOzoneClusterImpl (MiniOzoneClusterImpl.java:lambda$waitForClusterToBeReady$0(177)) - Nodes are ready. Got 3 of 3 DN Heartbeats.
2020-06-02 21:45:02,185 [Listener at 127.0.0.1/43959] INFO  ozone.MiniOzoneClusterImpl (MiniOzoneClusterImpl.java:lambda$waitForClusterToBeReady$0(180)) - Waiting for cluster to exit safe mode
2020-06-02 21:45:03,185 [Listener at 127.0.0.1/43959] INFO  ozone.MiniOzoneClusterImpl (MiniOzoneClusterImpl.java:lambda$waitForClusterToBeReady$0(177)) - Nodes are ready. Got 3 of 3 DN Heartbeats.
2020-06-02 21:45:03,185 [Listener at 127.0.0.1/43959] INFO  ozone.MiniOzoneClusterImpl (MiniOzoneClusterImpl.java:lambda$waitForClusterToBeReady$0(180)) - Waiting for cluster to exit safe mode
2020-06-02 21:45:04,185 [Listener at 127.0.0.1/43959] INFO  ozone.MiniOzoneClusterImpl (MiniOzoneClusterImpl.java:lambda$waitForClusterToBeReady$0(177)) - Nodes are ready. Got 3 of 3 DN Heartbeats.
2020-06-02 21:45:04,185 [Listener at 127.0.0.1/43959] INFO  ozone.MiniOzoneClusterImpl (MiniOzoneClusterImpl.java:lambda$waitForClusterToBeReady$0(180)) - Waiting for cluster to exit safe mode
2020-06-02 21:45:05,186 [Listener at 127.0.0.1/43959] INFO  ozone.MiniOzoneClusterImpl (MiniOzoneClusterImpl.java:lambda$waitForClusterToBeReady$0(177)) - Nodes are ready. Got 3 of 3 DN Heartbeats.
2020-06-02 21:45:05,186 [Listener at 127.0.0.1/43959] INFO  ozone.MiniOzoneClusterImpl (MiniOzoneClusterImpl.java:lambda$waitForClusterToBeReady$0(180)) - Waiting for cluster to exit safe mode
2020-06-02 21:45:06,186 [Listener at 127.0.0.1/43959] INFO  ozone.MiniOzoneClusterImpl (MiniOzoneClusterImpl.java:lambda$waitForClusterToBeReady$0(177)) - Nodes are ready. Got 3 of 3 DN Heartbeats.
2020-06-02 21:45:06,186 [Listener at 127.0.0.1/43959] INFO  ozone.MiniOzoneClusterImpl (MiniOzoneClusterImpl.java:lambda$waitForClusterToBeReady$0(180)) - Waiting for cluster to exit safe mode
2020-06-02 21:45:07,186 [Listener at 127.0.0.1/43959] INFO  ozone.MiniOzoneClusterImpl (MiniOzoneClusterImpl.java:lambda$waitForClusterToBeReady$0(177)) - Nodes are ready. Got 3 of 3 DN Heartbeats.
2020-06-02 21:45:07,186 [Listener at 127.0.0.1/43959] INFO  ozone.MiniOzoneClusterImpl (MiniOzoneClusterImpl.java:lambda$waitForClusterToBeReady$0(180)) - Waiting for cluster to exit safe mode
2020-06-02 21:45:08,187 [Listener at 127.0.0.1/43959] INFO  ozone.MiniOzoneClusterImpl (MiniOzoneClusterImpl.java:lambda$waitForClusterToBeReady$0(177)) - Nodes are ready. Got 3 of 3 DN Heartbeats.
2020-06-02 21:45:08,187 [Listener at 127.0.0.1/43959] INFO  ozone.MiniOzoneClusterImpl (MiniOzoneClusterImpl.java:lambda$waitForClusterToBeReady$0(180)) - Waiting for cluster to exit safe mode
2020-06-02 21:45:09,187 [Listener at 127.0.0.1/43959] INFO  ozone.MiniOzoneClusterImpl (MiniOzoneClusterImpl.java:lambda$waitForClusterToBeReady$0(177)) - Nodes are ready. Got 3 of 3 DN Heartbeats.
2020-06-02 21:45:09,187 [Listener at 127.0.0.1/43959] INFO  ozone.MiniOzoneClusterImpl (MiniOzoneClusterImpl.java:lambda$waitForClusterToBeReady$0(180)) - Waiting for cluster to exit safe mode
2020-06-02 21:45:10,187 [Listener at 127.0.0.1/43959] INFO  ozone.MiniOzoneClusterImpl (MiniOzoneClusterImpl.java:lambda$waitForClusterToBeReady$0(177)) - Nodes are ready. Got 3 of 3 DN Heartbeats.
2020-06-02 21:45:10,187 [Listener at 127.0.0.1/43959] INFO  ozone.MiniOzoneClusterImpl (MiniOzoneClusterImpl.java:lambda$waitForClusterToBeReady$0(180)) - Waiting for cluster to exit safe mode
2020-06-02 21:45:10,597 [Thread-157] INFO  ozone.MiniOzoneClusterImpl (MiniOzoneClusterImpl.java:shutdown(387)) - Shutting down the Mini Ozone Cluster
2020-06-02 21:45:10,598 [Thread-157] INFO  ozone.MiniOzoneClusterImpl (MiniOzoneClusterImpl.java:stop(402)) - Stopping the Mini Ozone Cluster
2020-06-02 21:45:10,598 [Thread-157] INFO  ozone.MiniOzoneClusterImpl (MiniOzoneClusterImpl.java:stopOM(484)) - Stopping the OzoneManager
2020-06-02 21:45:10,598 [Thread-157] INFO  ipc.Server (Server.java:stop(3359)) - Stopping server on 43959
2020-06-02 21:45:10,613 [IPC Server listener on 0] INFO  ipc.Server (Server.java:run(1330)) - Stopping IPC Server listener on 0
2020-06-02 21:45:10,613 [IPC Server Responder] INFO  ipc.Server (Server.java:run(1465)) - Stopping IPC Server Responder
2020-06-02 21:45:10,641 [Thread-157] INFO  ratis.OzoneManagerDoubleBuffer (OzoneManagerDoubleBuffer.java:stop(410)) - Stopping OMDoubleBuffer flush thread
2020-06-02 21:45:10,641 [OMDoubleBufferFlushThread] INFO  ratis.OzoneManagerDoubleBuffer (OzoneManagerDoubleBuffer.java:flushTransactions(342)) - OMDoubleBuffer flush thread OMDoubleBufferFlushThread is interrupted and will exit. OMDoubleBufferFlushThread
2020-06-02 21:45:10,645 [Thread-157] INFO  utils.BackgroundService (BackgroundService.java:shutdown(157)) - Shutting down service KeyDeletingService
2020-06-02 21:45:10,649 [Thread-157] INFO  handler.ContextHandler (ContextHandler.java:doStop(1016)) - Stopped o.e.j.w.WebAppContext@5633ec8f{ozoneManager,/,null,UNAVAILABLE}{file:/github/workspace/mnt/ozone/hadoop-ozone/integration-test/target/test-classes/webapps/ozoneManager}
2020-06-02 21:45:10,650 [Thread-157] INFO  server.AbstractConnector (AbstractConnector.java:doStop(380)) - Stopped ServerConnector@1c4b6073{HTTP/1.1,[http/1.1]}{0.0.0.0:0}
2020-06-02 21:45:10,651 [Thread-157] INFO  server.session (HouseKeeper.java:stopScavenging(158)) - node0 Stopped scavenging
2020-06-02 21:45:10,653 [Thread-157] INFO  handler.ContextHandler (ContextHandler.java:doStop(1016)) - Stopped o.e.j.s.ServletContextHandler@c4d70fc{static,/static,file:///github/workspace/mnt/ozone/hadoop-ozone/integration-test/target/test-classes/webapps/static,UNAVAILABLE}
2020-06-02 21:45:10,665 [Thread-157] INFO  handler.ContextHandler (ContextHandler.java:doStop(1016)) - Stopped o.e.j.s.ServletContextHandler@1ef5eef7{logs,/logs,file:///github/workspace/mnt/ozone/hadoop-ozone/integration-test/target/log,UNAVAILABLE}
2020-06-02 21:45:10,708 [Thread-157] INFO  ozone.MiniOzoneClusterImpl (MiniOzoneClusterImpl.java:stopDatanodes(461)) - Stopping the HddsDatanodes
2020-06-02 21:45:15,710 [Thread-157] INFO  ozoneimpl.OzoneContainer (OzoneContainer.java:stop(246)) - Attempting to stop container services.
2020-06-02 21:45:15,710 [Thread-157] INFO  impl.RaftServerProxy (RaftServerProxy.java:lambda$close$4(314)) - 27f66865-7638-4d0a-890a-11c1e7f6335c: close
2020-06-02 21:45:15,711 [Thread-157] INFO  impl.RaftServerImpl (RaftServerImpl.java:lambda$shutdown$3(250)) - 27f66865-7638-4d0a-890a-11c1e7f6335c@group-F251CDED0800: shutdown
2020-06-02 21:45:15,711 [Thread-157] INFO  util.JmxRegister (JmxRegister.java:unregister(73)) - Successfully un-registered JMX Bean with object name Ratis:service=RaftServer,group=group-F251CDED0800,id=27f66865-7638-4d0a-890a-11c1e7f6335c
2020-06-02 21:45:15,711 [Thread-157] INFO  impl.RoleInfo (RoleInfo.java:shutdownLeaderState(104)) - 27f66865-7638-4d0a-890a-11c1e7f6335c: shutdown LeaderState
2020-06-02 21:45:15,711 [Thread-157] INFO  impl.PendingRequests (PendingRequests.java:sendNotLeaderResponses(242)) - 27f66865-7638-4d0a-890a-11c1e7f6335c@group-F251CDED0800-PendingRequests: sendNotLeaderResponses
2020-06-02 21:45:15,712 [Thread-157] INFO  metrics.RatisMetrics (RatisMetrics.java:unregister(46)) - Unregistering Metrics Registry : ratis.log_appender.27f66865-7638-4d0a-890a-11c1e7f6335c@group-F251CDED0800
2020-06-02 21:45:15,712 [Thread-157] INFO  impl.StateMachineUpdater (StateMachineUpdater.java:stopAndJoin(142)) - 27f66865-7638-4d0a-890a-11c1e7f6335c@group-F251CDED0800-StateMachineUpdater: set stopIndex = 0
2020-06-02 21:45:15,713 [27f66865-7638-4d0a-890a-11c1e7f6335c@group-F251CDED0800-StateMachineUpdater] INFO  ratis.ContainerStateMachine (ContainerStateMachine.java:takeSnapshot(288)) - group-F251CDED0800: Taking a snapshot at:(t:1, i:0) file /github/workspace/mnt/ozone/hadoop-ozone/integration-test/target/test-dir/MiniOzoneClusterImpl-537e367d-239d-4fe9-82ba-0c32bb1b6ee4/datanode-1/data/ratis/aa3fb4b5-4e27-422d-aeaa-f251cded0800/sm/snapshot.1_0
2020-06-02 21:45:15,713 [27f66865-7638-4d0a-890a-11c1e7f6335c@group-F251CDED0800-StateMachineUpdater] INFO  ratis.ContainerStateMachine (ContainerStateMachine.java:takeSnapshot(299)) - group-F251CDED0800: Finished taking a snapshot at:(t:1, i:0) file:/github/workspace/mnt/ozone/hadoop-ozone/integration-test/target/test-dir/MiniOzoneClusterImpl-537e367d-239d-4fe9-82ba-0c32bb1b6ee4/datanode-1/data/ratis/aa3fb4b5-4e27-422d-aeaa-f251cded0800/sm/snapshot.1_0 time:1
2020-06-02 21:45:15,713 [ForkJoinPool.commonPool-worker-1] INFO  ozoneimpl.OzoneContainer (OzoneContainer.java:stop(246)) - Attempting to stop container services.
2020-06-02 21:45:15,714 [27f66865-7638-4d0a-890a-11c1e7f6335c@group-F251CDED0800-StateMachineUpdater] INFO  impl.StateMachineUpdater (StateMachineUpdater.java:takeSnapshot(277)) - 27f66865-7638-4d0a-890a-11c1e7f6335c@group-F251CDED0800-StateMachineUpdater: Took a snapshot at index 0
2020-06-02 21:45:15,714 [27f66865-7638-4d0a-890a-11c1e7f6335c@group-F251CDED0800-StateMachineUpdater] INFO  impl.StateMachineUpdater (StateMachineUpdater.java:lambda$new$0(87)) - 27f66865-7638-4d0a-890a-11c1e7f6335c@group-F251CDED0800-StateMachineUpdater: snapshotIndex: updateIncreasingly -1 -> 0
2020-06-02 21:45:15,714 [27f66865-7638-4d0a-890a-11c1e7f6335c@group-F251CDED0800-StateMachineUpdater] INFO  metrics.RatisMetrics (RatisMetrics.java:unregister(46)) - Unregistering Metrics Registry : ratis.state_machine.27f66865-7638-4d0a-890a-11c1e7f6335c@group-F251CDED0800
2020-06-02 21:45:15,714 [Thread-157] INFO  impl.RaftServerImpl (ServerState.java:close(387)) - 27f66865-7638-4d0a-890a-11c1e7f6335c@group-F251CDED0800: closes. applyIndex: 0
2020-06-02 21:45:15,714 [ForkJoinPool.commonPool-worker-1] INFO  impl.RaftServerProxy (RaftServerProxy.java:lambda$close$4(314)) - dffaa7c1-2551-4597-9377-3e56cf57267f: close
2020-06-02 21:45:15,715 [ForkJoinPool.commonPool-worker-1] INFO  impl.RaftServerImpl (RaftServerImpl.java:lambda$shutdown$3(250)) - dffaa7c1-2551-4597-9377-3e56cf57267f@group-5AF12799055C: shutdown
2020-06-02 21:45:15,715 [ForkJoinPool.commonPool-worker-1] INFO  util.JmxRegister (JmxRegister.java:unregister(73)) - Successfully un-registered JMX Bean with object name Ratis:service=RaftServer,group=group-5AF12799055C,id=dffaa7c1-2551-4597-9377-3e56cf57267f
2020-06-02 21:45:15,715 [ForkJoinPool.commonPool-worker-1] INFO  impl.RoleInfo (RoleInfo.java:shutdownLeaderState(104)) - dffaa7c1-2551-4597-9377-3e56cf57267f: shutdown LeaderState
2020-06-02 21:45:15,716 [ForkJoinPool.commonPool-worker-1] INFO  impl.PendingRequests (PendingRequests.java:sendNotLeaderResponses(242)) - dffaa7c1-2551-4597-9377-3e56cf57267f@group-5AF12799055C-PendingRequests: sendNotLeaderResponses
2020-06-02 21:45:15,716 [ForkJoinPool.commonPool-worker-1] INFO  metrics.RatisMetrics (RatisMetrics.java:unregister(46)) - Unregistering Metrics Registry : ratis.log_appender.dffaa7c1-2551-4597-9377-3e56cf57267f@group-5AF12799055C
2020-06-02 21:45:15,716 [ForkJoinPool.commonPool-worker-1] INFO  impl.StateMachineUpdater (StateMachineUpdater.java:stopAndJoin(142)) - dffaa7c1-2551-4597-9377-3e56cf57267f@group-5AF12799055C-StateMachineUpdater: set stopIndex = 0
2020-06-02 21:45:15,715 [27f66865-7638-4d0a-890a-11c1e7f6335c@group-F251CDED0800-SegmentedRaftLogWorker] INFO  segmented.SegmentedRaftLogWorker (SegmentedRaftLogWorker.java:run(321)) - 27f66865-7638-4d0a-890a-11c1e7f6335c@group-F251CDED0800-SegmentedRaftLogWorker was interrupted, exiting. There are 0 tasks remaining in the queue.
2020-06-02 21:45:15,716 [dffaa7c1-2551-4597-9377-3e56cf57267f@group-5AF12799055C-StateMachineUpdater] INFO  ratis.ContainerStateMachine (ContainerStateMachine.java:takeSnapshot(288)) - group-5AF12799055C: Taking a snapshot at:(t:1, i:0) file /github/workspace/mnt/ozone/hadoop-ozone/integration-test/target/test-dir/MiniOzoneClusterImpl-537e367d-239d-4fe9-82ba-0c32bb1b6ee4/datanode-0/data/ratis/176804e3-09e0-42d7-872d-5af12799055c/sm/snapshot.1_0
2020-06-02 21:45:15,718 [dffaa7c1-2551-4597-9377-3e56cf57267f@group-5AF12799055C-StateMachineUpdater] INFO  ratis.ContainerStateMachine (ContainerStateMachine.java:takeSnapshot(299)) - group-5AF12799055C: Finished taking a snapshot at:(t:1, i:0) file:/github/workspace/mnt/ozone/hadoop-ozone/integration-test/target/test-dir/MiniOzoneClusterImpl-537e367d-239d-4fe9-82ba-0c32bb1b6ee4/datanode-0/data/ratis/176804e3-09e0-42d7-872d-5af12799055c/sm/snapshot.1_0 time:1
2020-06-02 21:45:15,718 [dffaa7c1-2551-4597-9377-3e56cf57267f@group-5AF12799055C-StateMachineUpdater] INFO  impl.StateMachineUpdater (StateMachineUpdater.java:takeSnapshot(277)) - dffaa7c1-2551-4597-9377-3e56cf57267f@group-5AF12799055C-StateMachineUpdater: Took a snapshot at index 0
2020-06-02 21:45:15,718 [dffaa7c1-2551-4597-9377-3e56cf57267f@group-5AF12799055C-StateMachineUpdater] INFO  impl.StateMachineUpdater (StateMachineUpdater.java:lambda$new$0(87)) - dffaa7c1-2551-4597-9377-3e56cf57267f@group-5AF12799055C-StateMachineUpdater: snapshotIndex: updateIncreasingly -1 -> 0
2020-06-02 21:45:15,718 [dffaa7c1-2551-4597-9377-3e56cf57267f@group-5AF12799055C-StateMachineUpdater] INFO  metrics.RatisMetrics (RatisMetrics.java:unregister(46)) - Unregistering Metrics Registry : ratis.state_machine.dffaa7c1-2551-4597-9377-3e56cf57267f@group-5AF12799055C
2020-06-02 21:45:15,718 [ForkJoinPool.commonPool-worker-1] INFO  impl.RaftServerImpl (ServerState.java:close(387)) - dffaa7c1-2551-4597-9377-3e56cf57267f@group-5AF12799055C: closes. applyIndex: 0
2020-06-02 21:45:15,718 [dffaa7c1-2551-4597-9377-3e56cf57267f@group-5AF12799055C-SegmentedRaftLogWorker] INFO  segmented.SegmentedRaftLogWorker (SegmentedRaftLogWorker.java:run(321)) - dffaa7c1-2551-4597-9377-3e56cf57267f@group-5AF12799055C-SegmentedRaftLogWorker was interrupted, exiting. There are 0 tasks remaining in the queue.
2020-06-02 21:45:15,719 [ForkJoinPool.commonPool-worker-1] INFO  segmented.SegmentedRaftLogWorker (SegmentedRaftLogWorker.java:close(229)) - dffaa7c1-2551-4597-9377-3e56cf57267f@group-5AF12799055C-SegmentedRaftLogWorker close()
2020-06-02 21:45:15,719 [Thread-157] INFO  segmented.SegmentedRaftLogWorker (SegmentedRaftLogWorker.java:close(229)) - 27f66865-7638-4d0a-890a-11c1e7f6335c@group-F251CDED0800-SegmentedRaftLogWorker close()
2020-06-02 21:45:15,720 [ForkJoinPool.commonPool-worker-1] INFO  metrics.RatisMetrics (RatisMetrics.java:unregister(46)) - Unregistering Metrics Registry : ratis.log_worker.dffaa7c1-2551-4597-9377-3e56cf57267f
2020-06-02 21:45:15,720 [ForkJoinPool.commonPool-worker-1] INFO  metrics.RatisMetrics (RatisMetrics.java:unregister(46)) - Unregistering Metrics Registry : ratis.leader_election.dffaa7c1-2551-4597-9377-3e56cf57267f@group-5AF12799055C
2020-06-02 21:45:15,720 [ForkJoinPool.commonPool-worker-1] INFO  metrics.RatisMetrics (RatisMetrics.java:unregister(46)) - Unregistering Metrics Registry : ratis.server.dffaa7c1-2551-4597-9377-3e56cf57267f@group-5AF12799055C
2020-06-02 21:45:15,721 [ForkJoinPool.commonPool-worker-1] INFO  impl.RaftServerImpl (RaftServerImpl.java:lambda$shutdown$3(250)) - dffaa7c1-2551-4597-9377-3e56cf57267f@group-53572A115773: shutdown
2020-06-02 21:45:15,721 [ForkJoinPool.commonPool-worker-1] INFO  util.JmxRegister (JmxRegister.java:unregister(73)) - Successfully un-registered JMX Bean with object name Ratis:service=RaftServer,group=group-53572A115773,id=dffaa7c1-2551-4597-9377-3e56cf57267f
2020-06-02 21:45:15,721 [ForkJoinPool.commonPool-worker-1] INFO  impl.RoleInfo (RoleInfo.java:shutdownLeaderState(104)) - dffaa7c1-2551-4597-9377-3e56cf57267f: shutdown LeaderState
2020-06-02 21:45:15,721 [Thread-157] INFO  metrics.RatisMetrics (RatisMetrics.java:unregister(46)) - Unregistering Metrics Registry : ratis.log_worker.27f66865-7638-4d0a-890a-11c1e7f6335c
2020-06-02 21:45:15,722 [org.apache.ratis.server.impl.LogAppender$AppenderDaemon$$Lambda$477/991625325@450567e0] WARN  server.GrpcLogAppender (GrpcLogAppender.java:mayWait(153)) - dffaa7c1-2551-4597-9377-3e56cf57267f@group-53572A115773->27f66865-7638-4d0a-890a-11c1e7f6335c-GrpcLogAppender: Wait interrupted by java.lang.InterruptedException
2020-06-02 21:45:15,722 [org.apache.ratis.server.impl.LogAppender$AppenderDaemon$$Lambda$477/991625325@6b402c3a] WARN  server.GrpcLogAppender (GrpcLogAppender.java:mayWait(153)) - dffaa7c1-2551-4597-9377-3e56cf57267f@group-53572A115773->1a5d3f2a-b145-4882-855f-8f5c83a68c7b-GrpcLogAppender: Wait interrupted by java.lang.InterruptedException
2020-06-02 21:45:15,722 [ForkJoinPool.commonPool-worker-1] INFO  impl.PendingRequests (PendingRequests.java:sendNotLeaderResponses(242)) - dffaa7c1-2551-4597-9377-3e56cf57267f@group-53572A115773-PendingRequests: sendNotLeaderResponses
2020-06-02 21:45:15,728 [ForkJoinPool.commonPool-worker-1] INFO  metrics.RatisMetrics (RatisMetrics.java:unregister(46)) - Unregistering Metrics Registry : ratis.log_appender.dffaa7c1-2551-4597-9377-3e56cf57267f@group-53572A115773
2020-06-02 21:45:15,729 [ForkJoinPool.commonPool-worker-1] INFO  impl.StateMachineUpdater (StateMachineUpdater.java:stopAndJoin(142)) - dffaa7c1-2551-4597-9377-3e56cf57267f@group-53572A115773-StateMachineUpdater: set stopIndex = 0
2020-06-02 21:45:15,730 [grpc-default-executor-1] INFO  server.GrpcServerProtocolService (GrpcServerProtocolService.java:onCompleted(137)) - 27f66865-7638-4d0a-890a-11c1e7f6335c: Completed APPEND_ENTRIES, lastRequest: dffaa7c1-2551-4597-9377-3e56cf57267f->27f66865-7638-4d0a-890a-11c1e7f6335c#1-t1, previous=(t:0, i:0), leaderCommit=-1, initializing? false, entries: size=1, first=(t:1, i:0), CONFIGURATIONENTRY
2020-06-02 21:45:15,730 [dffaa7c1-2551-4597-9377-3e56cf57267f@group-53572A115773-StateMachineUpdater] INFO  ratis.ContainerStateMachine (ContainerStateMachine.java:takeSnapshot(288)) - group-53572A115773: Taking a snapshot at:(t:1, i:0) file /github/workspace/mnt/ozone/hadoop-ozone/integration-test/target/test-dir/MiniOzoneClusterImpl-537e367d-239d-4fe9-82ba-0c32bb1b6ee4/datanode-0/data/ratis/23a166fe-be5a-4bac-aed2-53572a115773/sm/snapshot.1_0
2020-06-02 21:45:15,727 [Thread-157] INFO  metrics.RatisMetrics (RatisMetrics.java:unregister(46)) - Unregistering Metrics Registry : ratis.leader_election.27f66865-7638-4d0a-890a-11c1e7f6335c@group-F251CDED0800
2020-06-02 21:45:15,731 [grpc-default-executor-2] INFO  server.GrpcLogAppender (GrpcLogAppender.java:onCompleted(309)) - dffaa7c1-2551-4597-9377-3e56cf57267f@group-53572A115773->27f66865-7638-4d0a-890a-11c1e7f6335c-AppendLogResponseHandler: follower responses appendEntries COMPLETED
2020-06-02 21:45:15,731 [dffaa7c1-2551-4597-9377-3e56cf57267f@group-53572A115773-StateMachineUpdater] INFO  ratis.ContainerStateMachine (ContainerStateMachine.java:takeSnapshot(299)) - group-53572A115773: Finished taking a snapshot at:(t:1, i:0) file:/github/workspace/mnt/ozone/hadoop-ozone/integration-test/target/test-dir/MiniOzoneClusterImpl-537e367d-239d-4fe9-82ba-0c32bb1b6ee4/datanode-0/data/ratis/23a166fe-be5a-4bac-aed2-53572a115773/sm/snapshot.1_0 time:1
2020-06-02 21:45:15,731 [dffaa7c1-2551-4597-9377-3e56cf57267f@group-53572A115773-StateMachineUpdater] INFO  impl.StateMachineUpdater (StateMachineUpdater.java:takeSnapshot(277)) - dffaa7c1-2551-4597-9377-3e56cf57267f@group-53572A115773-StateMachineUpdater: Took a snapshot at index 0
2020-06-02 21:45:15,731 [dffaa7c1-2551-4597-9377-3e56cf57267f@group-53572A115773-StateMachineUpdater] INFO  impl.StateMachineUpdater (StateMachineUpdater.java:lambda$new$0(87)) - dffaa7c1-2551-4597-9377-3e56cf57267f@group-53572A115773-StateMachineUpdater: snapshotIndex: updateIncreasingly -1 -> 0
2020-06-02 21:45:15,731 [dffaa7c1-2551-4597-9377-3e56cf57267f@group-53572A115773-StateMachineUpdater] INFO  metrics.RatisMetrics (RatisMetrics.java:unregister(46)) - Unregistering Metrics Registry : ratis.state_machine.dffaa7c1-2551-4597-9377-3e56cf57267f@group-53572A115773
2020-06-02 21:45:15,732 [Thread-157] INFO  metrics.RatisMetrics (RatisMetrics.java:unregister(46)) - Unregistering Metrics Registry : ratis.server.27f66865-7638-4d0a-890a-11c1e7f6335c@group-F251CDED0800
2020-06-02 21:45:15,732 [Thread-157] INFO  impl.RaftServerImpl (RaftServerImpl.java:lambda$shutdown$3(250)) - 27f66865-7638-4d0a-890a-11c1e7f6335c@group-53572A115773: shutdown
2020-06-02 21:45:15,732 [Thread-157] INFO  util.JmxRegister (JmxRegister.java:unregister(73)) - Successfully un-registered JMX Bean with object name Ratis:service=RaftServer,group=group-53572A115773,id=27f66865-7638-4d0a-890a-11c1e7f6335c
2020-06-02 21:45:15,732 [Thread-157] INFO  impl.RoleInfo (RoleInfo.java:shutdownFollowerState(121)) - 27f66865-7638-4d0a-890a-11c1e7f6335c: shutdown FollowerState
2020-06-02 21:45:15,732 [Thread-352] INFO  impl.FollowerState (FollowerState.java:run(117)) - 27f66865-7638-4d0a-890a-11c1e7f6335c@group-53572A115773-FollowerState was interrupted: java.lang.InterruptedException: sleep interrupted
2020-06-02 21:45:15,732 [27f66865-7638-4d0a-890a-11c1e7f6335c@group-53572A115773-StateMachineUpdater] INFO  ratis.ContainerStateMachine (ContainerStateMachine.java:takeSnapshot(288)) - group-53572A115773: Taking a snapshot at:(t:1, i:0) file /github/workspace/mnt/ozone/hadoop-ozone/integration-test/target/test-dir/MiniOzoneClusterImpl-537e367d-239d-4fe9-82ba-0c32bb1b6ee4/datanode-1/data/ratis/23a166fe-be5a-4bac-aed2-53572a115773/sm/snapshot.1_0
2020-06-02 21:45:15,733 [Thread-157] INFO  impl.StateMachineUpdater (StateMachineUpdater.java:stopAndJoin(142)) - 27f66865-7638-4d0a-890a-11c1e7f6335c@group-53572A115773-StateMachineUpdater: set stopIndex = 0
2020-06-02 21:45:15,734 [27f66865-7638-4d0a-890a-11c1e7f6335c@group-53572A115773-StateMachineUpdater] INFO  ratis.ContainerStateMachine (ContainerStateMachine.java:takeSnapshot(299)) - group-53572A115773: Finished taking a snapshot at:(t:1, i:0) file:/github/workspace/mnt/ozone/hadoop-ozone/integration-test/target/test-dir/MiniOzoneClusterImpl-537e367d-239d-4fe9-82ba-0c32bb1b6ee4/datanode-1/data/ratis/23a166fe-be5a-4bac-aed2-53572a115773/sm/snapshot.1_0 time:2
2020-06-02 21:45:15,734 [27f66865-7638-4d0a-890a-11c1e7f6335c@group-53572A115773-StateMachineUpdater] INFO  impl.StateMachineUpdater (StateMachineUpdater.java:takeSnapshot(277)) - 27f66865-7638-4d0a-890a-11c1e7f6335c@group-53572A115773-StateMachineUpdater: Took a snapshot at index 0
2020-06-02 21:45:15,734 [27f66865-7638-4d0a-890a-11c1e7f6335c@group-53572A115773-StateMachineUpdater] INFO  impl.StateMachineUpdater (StateMachineUpdater.java:lambda$new$0(87)) - 27f66865-7638-4d0a-890a-11c1e7f6335c@group-53572A115773-StateMachineUpdater: snapshotIndex: updateIncreasingly -1 -> 0
2020-06-02 21:45:15,735 [27f66865-7638-4d0a-890a-11c1e7f6335c@group-53572A115773-StateMachineUpdater] INFO  metrics.RatisMetrics (RatisMetrics.java:unregister(46)) - Unregistering Metrics Registry : ratis.state_machine.27f66865-7638-4d0a-890a-11c1e7f6335c@group-53572A115773
2020-06-02 21:45:15,730 [grpc-default-executor-3] INFO  server.GrpcServerProtocolService (GrpcServerProtocolService.java:onCompleted(137)) - 1a5d3f2a-b145-4882-855f-8f5c83a68c7b: Completed APPEND_ENTRIES, lastRequest: dffaa7c1-2551-4597-9377-3e56cf57267f->1a5d3f2a-b145-4882-855f-8f5c83a68c7b#1-t1, previous=(t:0, i:0), leaderCommit=-1, initializing? false, entries: size=1, first=(t:1, i:0), CONFIGURATIONENTRY
2020-06-02 21:45:15,736 [grpc-default-executor-3] INFO  server.GrpcLogAppender (GrpcLogAppender.java:onCompleted(309)) - dffaa7c1-2551-4597-9377-3e56cf57267f@group-53572A115773->1a5d3f2a-b145-4882-855f-8f5c83a68c7b-AppendLogResponseHandler: follower responses appendEntries COMPLETED
2020-06-02 21:45:15,736 [Thread-157] INFO  impl.RaftServerImpl (ServerState.java:close(387)) - 27f66865-7638-4d0a-890a-11c1e7f6335c@group-53572A115773: closes. applyIndex: 0
2020-06-02 21:45:15,736 [ForkJoinPool.commonPool-worker-1] INFO  impl.RaftServerImpl (ServerState.java:close(387)) - dffaa7c1-2551-4597-9377-3e56cf57267f@group-53572A115773: closes. applyIndex: 0
2020-06-02 21:45:15,737 [dffaa7c1-2551-4597-9377-3e56cf57267f@group-53572A115773-SegmentedRaftLogWorker] INFO  segmented.SegmentedRaftLogWorker (SegmentedRaftLogWorker.java:run(321)) - dffaa7c1-2551-4597-9377-3e56cf57267f@group-53572A115773-SegmentedRaftLogWorker was interrupted, exiting. There are 0 tasks remaining in the queue.
2020-06-02 21:45:15,736 [27f66865-7638-4d0a-890a-11c1e7f6335c@group-53572A115773-SegmentedRaftLogWorker] INFO  segmented.SegmentedRaftLogWorker (SegmentedRaftLogWorker.java:run(321)) - 27f66865-7638-4d0a-890a-11c1e7f6335c@group-53572A115773-SegmentedRaftLogWorker was interrupted, exiting. There are 0 tasks remaining in the queue.
2020-06-02 21:45:15,739 [grpc-default-executor-2] INFO  impl.FollowerInfo (FollowerInfo.java:lambda$new$0(50)) - dffaa7c1-2551-4597-9377-3e56cf57267f@group-53572A115773->27f66865-7638-4d0a-890a-11c1e7f6335c: nextIndex: updateUnconditionally 1 -> 0
2020-06-02 21:45:15,741 [ForkJoinPool.commonPool-worker-1] INFO  segmented.SegmentedRaftLogWorker (SegmentedRaftLogWorker.java:close(229)) - dffaa7c1-2551-4597-9377-3e56cf57267f@group-53572A115773-SegmentedRaftLogWorker close()
2020-06-02 21:45:15,742 [Thread-157] INFO  segmented.SegmentedRaftLogWorker (SegmentedRaftLogWorker.java:close(229)) - 27f66865-7638-4d0a-890a-11c1e7f6335c@group-53572A115773-SegmentedRaftLogWorker close()
2020-06-02 21:45:15,741 [grpc-default-executor-3] INFO  impl.FollowerInfo (FollowerInfo.java:lambda$new$0(50)) - dffaa7c1-2551-4597-9377-3e56cf57267f@group-53572A115773->1a5d3f2a-b145-4882-855f-8f5c83a68c7b: nextIndex: updateUnconditionally 1 -> 0
2020-06-02 21:45:15,743 [ForkJoinPool.commonPool-worker-1] INFO  metrics.RatisMetrics (RatisMetrics.java:unregister(46)) - Unregistering Metrics Registry : ratis.log_worker.dffaa7c1-2551-4597-9377-3e56cf57267f
2020-06-02 21:45:15,743 [Thread-157] INFO  metrics.RatisMetrics (RatisMetrics.java:unregister(46)) - Unregistering Metrics Registry : ratis.log_worker.27f66865-7638-4d0a-890a-11c1e7f6335c
2020-06-02 21:45:15,744 [ForkJoinPool.commonPool-worker-1] INFO  metrics.RatisMetrics (RatisMetrics.java:unregister(46)) - Unregistering Metrics Registry : ratis.leader_election.dffaa7c1-2551-4597-9377-3e56cf57267f@group-53572A115773
2020-06-02 21:45:15,744 [ForkJoinPool.commonPool-worker-1] INFO  metrics.RatisMetrics (RatisMetrics.java:unregister(46)) - Unregistering Metrics Registry : ratis.server.dffaa7c1-2551-4597-9377-3e56cf57267f@group-53572A115773
2020-06-02 21:45:15,744 [ForkJoinPool.commonPool-worker-1] INFO  server.GrpcService (GrpcService.java:closeImpl(165)) - dffaa7c1-2551-4597-9377-3e56cf57267f: shutdown server with port 43607 now
2020-06-02 21:45:15,749 [Thread-157] INFO  metrics.RatisMetrics (RatisMetrics.java:unregister(46)) - Unregistering Metrics Registry : ratis.leader_election.27f66865-7638-4d0a-890a-11c1e7f6335c@group-53572A115773
2020-06-02 21:45:15,749 [Thread-157] INFO  metrics.RatisMetrics (RatisMetrics.java:unregister(46)) - Unregistering Metrics Registry : ratis.server.27f66865-7638-4d0a-890a-11c1e7f6335c@group-53572A115773
2020-06-02 21:45:15,749 [Thread-157] INFO  server.GrpcService (GrpcService.java:closeImpl(165)) - 27f66865-7638-4d0a-890a-11c1e7f6335c: shutdown server with port 35745 now
2020-06-02 21:45:15,756 [ForkJoinPool.commonPool-worker-1] INFO  server.GrpcService (GrpcService.java:closeImpl(173)) - dffaa7c1-2551-4597-9377-3e56cf57267f: shutdown server with port 43607 successfully
2020-06-02 21:45:15,757 [Thread-157] INFO  server.GrpcService (GrpcService.java:closeImpl(173)) - 27f66865-7638-4d0a-890a-11c1e7f6335c: shutdown server with port 35745 successfully
2020-06-02 21:45:15,764 [ForkJoinPool.commonPool-worker-1] INFO  utils.BackgroundService (BackgroundService.java:shutdown(157)) - Shutting down service BlockDeletingService
2020-06-02 21:45:15,765 [Thread-157] INFO  utils.BackgroundService (BackgroundService.java:shutdown(157)) - Shutting down service BlockDeletingService
2020-06-02 21:45:15,781 [ForkJoinPool.commonPool-worker-1] INFO  statemachine.DatanodeStateMachine (DatanodeStateMachine.java:stopDaemon(424)) - Ozone container server stopped.
2020-06-02 21:45:15,782 [Thread-157] INFO  statemachine.DatanodeStateMachine (DatanodeStateMachine.java:stopDaemon(424)) - Ozone container server stopped.
2020-06-02 21:45:15,800 [ForkJoinPool.commonPool-worker-1] INFO  handler.ContextHandler (ContextHandler.java:doStop(1016)) - Stopped o.e.j.w.WebAppContext@37858238{hddsDatanode,/,null,UNAVAILABLE}{jar:file:/home/user/.m2/repository/org/apache/hadoop/hadoop-hdds-container-service/0.6.0-SNAPSHOT/hadoop-hdds-container-service-0.6.0-SNAPSHOT.jar!/webapps/hddsDatanode}
2020-06-02 21:45:15,801 [Thread-157] INFO  handler.ContextHandler (ContextHandler.java:doStop(1016)) - Stopped o.e.j.w.WebAppContext@279971f9{hddsDatanode,/,null,UNAVAILABLE}{jar:file:/home/user/.m2/repository/org/apache/hadoop/hadoop-hdds-container-service/0.6.0-SNAPSHOT/hadoop-hdds-container-service-0.6.0-SNAPSHOT.jar!/webapps/hddsDatanode}
2020-06-02 21:45:15,807 [Thread-157] INFO  server.AbstractConnector (AbstractConnector.java:doStop(380)) - Stopped ServerConnector@2cf95329{HTTP/1.1,[http/1.1]}{0.0.0.0:0}
2020-06-02 21:45:15,808 [Thread-157] INFO  server.session (HouseKeeper.java:stopScavenging(158)) - node0 Stopped scavenging
2020-06-02 21:45:15,807 [ForkJoinPool.commonPool-worker-1] INFO  server.AbstractConnector (AbstractConnector.java:doStop(380)) - Stopped ServerConnector@760b9d39{HTTP/1.1,[http/1.1]}{0.0.0.0:0}
2020-06-02 21:45:15,809 [ForkJoinPool.commonPool-worker-1] INFO  server.session (HouseKeeper.java:stopScavenging(158)) - node0 Stopped scavenging
2020-06-02 21:45:15,817 [ForkJoinPool.commonPool-worker-1] INFO  handler.ContextHandler (ContextHandler.java:doStop(1016)) - Stopped o.e.j.s.ServletContextHandler@1c43bd85{static,/static,jar:file:/home/user/.m2/repository/org/apache/hadoop/hadoop-hdds-container-service/0.6.0-SNAPSHOT/hadoop-hdds-container-service-0.6.0-SNAPSHOT.jar!/webapps/static,UNAVAILABLE}
2020-06-02 21:45:15,818 [Thread-157] INFO  handler.ContextHandler (ContextHandler.java:doStop(1016)) - Stopped o.e.j.s.ServletContextHandler@c341673{static,/static,jar:file:/home/user/.m2/repository/org/apache/hadoop/hadoop-hdds-container-service/0.6.0-SNAPSHOT/hadoop-hdds-container-service-0.6.0-SNAPSHOT.jar!/webapps/static,UNAVAILABLE}
2020-06-02 21:45:15,822 [ForkJoinPool.commonPool-worker-1] INFO  handler.ContextHandler (ContextHandler.java:doStop(1016)) - Stopped o.e.j.s.ServletContextHandler@417b4c7d{logs,/logs,file:///github/workspace/mnt/ozone/hadoop-ozone/integration-test/target/log,UNAVAILABLE}
2020-06-02 21:45:15,822 [Thread-157] INFO  handler.ContextHandler (ContextHandler.java:doStop(1016)) - Stopped o.e.j.s.ServletContextHandler@57cb0559{logs,/logs,file:///github/workspace/mnt/ozone/hadoop-ozone/integration-test/target/log,UNAVAILABLE}
2020-06-02 21:45:18,937 [Thread-353] INFO  impl.FollowerState (FollowerState.java:run(108)) - 1a5d3f2a-b145-4882-855f-8f5c83a68c7b@group-53572A115773-FollowerState: change to CANDIDATE, lastRpcTime:5212ms, electionTimeout:5183ms
2020-06-02 21:45:18,937 [Thread-353] INFO  impl.RoleInfo (RoleInfo.java:shutdownFollowerState(121)) - 1a5d3f2a-b145-4882-855f-8f5c83a68c7b: shutdown FollowerState
2020-06-02 21:45:18,937 [Thread-353] INFO  impl.RaftServerImpl (RaftServerImpl.java:setRole(173)) - 1a5d3f2a-b145-4882-855f-8f5c83a68c7b@group-53572A115773: changes role from  FOLLOWER to CANDIDATE at term 1 for changeToCandidate
2020-06-02 21:45:18,937 [Thread-353] INFO  impl.RoleInfo (RoleInfo.java:updateAndGet(143)) - 1a5d3f2a-b145-4882-855f-8f5c83a68c7b: start LeaderElection
2020-06-02 21:45:18,938 [1a5d3f2a-b145-4882-855f-8f5c83a68c7b@group-53572A115773-LeaderElection6] INFO  impl.RaftServerImpl (ServerState.java:setLeader(255)) - 1a5d3f2a-b145-4882-855f-8f5c83a68c7b@group-53572A115773: change Leader from dffaa7c1-2551-4597-9377-3e56cf57267f to null at term 1 for initElection
2020-06-02 21:45:18,939 [1a5d3f2a-b145-4882-855f-8f5c83a68c7b@group-53572A115773-LeaderElection6] INFO  impl.LeaderElection (LeaderElection.java:askForVotes(206)) - 1a5d3f2a-b145-4882-855f-8f5c83a68c7b@group-53572A115773-LeaderElection6: begin an election at term 2 for 0: [1a5d3f2a-b145-4882-855f-8f5c83a68c7b:172.17.0.2:36811, 27f66865-7638-4d0a-890a-11c1e7f6335c:172.17.0.2:35745, dffaa7c1-2551-4597-9377-3e56cf57267f:172.17.0.2:43607], old=null
2020-06-02 21:45:18,956 [1a5d3f2a-b145-4882-855f-8f5c83a68c7b@group-53572A115773-LeaderElection6] INFO  impl.LeaderElection (LogUtils.java:infoOrTrace(137)) - 1a5d3f2a-b145-4882-855f-8f5c83a68c7b@group-53572A115773-LeaderElection6 got exception when requesting votes: java.util.concurrent.ExecutionException: org.apache.ratis.thirdparty.io.grpc.StatusRuntimeException: UNAVAILABLE: io exception
2020-06-02 21:45:18,960 [1a5d3f2a-b145-4882-855f-8f5c83a68c7b@group-53572A115773-LeaderElection6] INFO  impl.LeaderElection (LogUtils.java:infoOrTrace(137)) - 1a5d3f2a-b145-4882-855f-8f5c83a68c7b@group-53572A115773-LeaderElection6 got exception when requesting votes: java.util.concurrent.ExecutionException: org.apache.ratis.thirdparty.io.grpc.StatusRuntimeException: UNAVAILABLE: io exception
2020-06-02 21:45:18,960 [1a5d3f2a-b145-4882-855f-8f5c83a68c7b@group-53572A115773-LeaderElection6] INFO  impl.LeaderElection (LeaderElection.java:logAndReturn(61)) - 1a5d3f2a-b145-4882-855f-8f5c83a68c7b@group-53572A115773-LeaderElection6: Election REJECTED; received 0 response(s) [] and 2 exception(s); 1a5d3f2a-b145-4882-855f-8f5c83a68c7b@group-53572A115773:t2, leader=null, voted=1a5d3f2a-b145-4882-855f-8f5c83a68c7b, raftlog=1a5d3f2a-b145-4882-855f-8f5c83a68c7b@group-53572A115773-SegmentedRaftLog:OPENED:c0,f0,i0, conf=0: [1a5d3f2a-b145-4882-855f-8f5c83a68c7b:172.17.0.2:36811, 27f66865-7638-4d0a-890a-11c1e7f6335c:172.17.0.2:35745, dffaa7c1-2551-4597-9377-3e56cf57267f:172.17.0.2:43607], old=null
2020-06-02 21:45:18,960 [1a5d3f2a-b145-4882-855f-8f5c83a68c7b@group-53572A115773-LeaderElection6] INFO  impl.LeaderElection (LogUtils.java:infoOrTrace(137)) -   Exception 0: java.util.concurrent.ExecutionException: org.apache.ratis.thirdparty.io.grpc.StatusRuntimeException: UNAVAILABLE: io exception
2020-06-02 21:45:18,961 [1a5d3f2a-b145-4882-855f-8f5c83a68c7b@group-53572A115773-LeaderElection6] INFO  impl.LeaderElection (LogUtils.java:infoOrTrace(137)) -   Exception 1: java.util.concurrent.ExecutionException: org.apache.ratis.thirdparty.io.grpc.StatusRuntimeException: UNAVAILABLE: io exception
2020-06-02 21:45:18,961 [1a5d3f2a-b145-4882-855f-8f5c83a68c7b@group-53572A115773-LeaderElection6] INFO  impl.RaftServerImpl (RaftServerImpl.java:setRole(173)) - 1a5d3f2a-b145-4882-855f-8f5c83a68c7b@group-53572A115773: changes role from CANDIDATE to FOLLOWER at term 2 for DISCOVERED_A_NEW_TERM
2020-06-02 21:45:18,961 [1a5d3f2a-b145-4882-855f-8f5c83a68c7b@group-53572A115773-LeaderElection6] INFO  impl.RoleInfo (RoleInfo.java:shutdownLeaderElection(134)) - 1a5d3f2a-b145-4882-855f-8f5c83a68c7b: shutdown LeaderElection
2020-06-02 21:45:18,961 [1a5d3f2a-b145-4882-855f-8f5c83a68c7b@group-53572A115773-LeaderElection6] INFO  impl.RoleInfo (RoleInfo.java:updateAndGet(143)) - 1a5d3f2a-b145-4882-855f-8f5c83a68c7b: start FollowerState
2020-06-02 21:45:20,831 [ForkJoinPool.commonPool-worker-1] INFO  ozoneimpl.OzoneContainer (OzoneContainer.java:stop(246)) - Attempting to stop container services.
2020-06-02 21:45:20,835 [ForkJoinPool.commonPool-worker-1] INFO  impl.RaftServerProxy (RaftServerProxy.java:lambda$close$4(314)) - 1a5d3f2a-b145-4882-855f-8f5c83a68c7b: close
2020-06-02 21:45:20,835 [ForkJoinPool.commonPool-worker-1] INFO  impl.RaftServerImpl (RaftServerImpl.java:lambda$shutdown$3(250)) - 1a5d3f2a-b145-4882-855f-8f5c83a68c7b@group-AFA582544E10: shutdown
2020-06-02 21:45:20,835 [ForkJoinPool.commonPool-worker-1] INFO  util.JmxRegister (JmxRegister.java:unregister(73)) - Successfully un-registered JMX Bean with object name Ratis:service=RaftServer,group=group-AFA582544E10,id=1a5d3f2a-b145-4882-855f-8f5c83a68c7b
2020-06-02 21:45:20,835 [ForkJoinPool.commonPool-worker-1] INFO  impl.RoleInfo (RoleInfo.java:shutdownLeaderState(104)) - 1a5d3f2a-b145-4882-855f-8f5c83a68c7b: shutdown LeaderState
2020-06-02 21:45:20,836 [ForkJoinPool.commonPool-worker-1] INFO  impl.PendingRequests (PendingRequests.java:sendNotLeaderResponses(242)) - 1a5d3f2a-b145-4882-855f-8f5c83a68c7b@group-AFA582544E10-PendingRequests: sendNotLeaderResponses
2020-06-02 21:45:20,837 [ForkJoinPool.commonPool-worker-1] INFO  metrics.RatisMetrics (RatisMetrics.java:unregister(46)) - Unregistering Metrics Registry : ratis.log_appender.1a5d3f2a-b145-4882-855f-8f5c83a68c7b@group-AFA582544E10
2020-06-02 21:45:20,837 [ForkJoinPool.commonPool-worker-1] INFO  impl.StateMachineUpdater (StateMachineUpdater.java:stopAndJoin(142)) - 1a5d3f2a-b145-4882-855f-8f5c83a68c7b@group-AFA582544E10-StateMachineUpdater: set stopIndex = 0
2020-06-02 21:45:20,839 [1a5d3f2a-b145-4882-855f-8f5c83a68c7b@group-AFA582544E10-StateMachineUpdater] INFO  ratis.ContainerStateMachine (ContainerStateMachine.java:takeSnapshot(288)) - group-AFA582544E10: Taking a snapshot at:(t:1, i:0) file /github/workspace/mnt/ozone/hadoop-ozone/integration-test/target/test-dir/MiniOzoneClusterImpl-537e367d-239d-4fe9-82ba-0c32bb1b6ee4/datanode-2/data/ratis/d699b01a-ffd1-412e-9d07-afa582544e10/sm/snapshot.1_0
2020-06-02 21:45:20,842 [1a5d3f2a-b145-4882-855f-8f5c83a68c7b@group-AFA582544E10-StateMachineUpdater] INFO  ratis.ContainerStateMachine (ContainerStateMachine.java:takeSnapshot(299)) - group-AFA582544E10: Finished taking a snapshot at:(t:1, i:0) file:/github/workspace/mnt/ozone/hadoop-ozone/integration-test/target/test-dir/MiniOzoneClusterImpl-537e367d-239d-4fe9-82ba-0c32bb1b6ee4/datanode-2/data/ratis/d699b01a-ffd1-412e-9d07-afa582544e10/sm/snapshot.1_0 time:3
2020-06-02 21:45:20,843 [1a5d3f2a-b145-4882-855f-8f5c83a68c7b@group-AFA582544E10-StateMachineUpdater] INFO  impl.StateMachineUpdater (StateMachineUpdater.java:takeSnapshot(277)) - 1a5d3f2a-b145-4882-855f-8f5c83a68c7b@group-AFA582544E10-StateMachineUpdater: Took a snapshot at index 0
2020-06-02 21:45:20,843 [1a5d3f2a-b145-4882-855f-8f5c83a68c7b@group-AFA582544E10-StateMachineUpdater] INFO  impl.StateMachineUpdater (StateMachineUpdater.java:lambda$new$0(87)) - 1a5d3f2a-b145-4882-855f-8f5c83a68c7b@group-AFA582544E10-StateMachineUpdater: snapshotIndex: updateIncreasingly -1 -> 0
2020-06-02 21:45:20,844 [1a5d3f2a-b145-4882-855f-8f5c83a68c7b@group-AFA582544E10-StateMachineUpdater] INFO  metrics.RatisMetrics (RatisMetrics.java:unregister(46)) - Unregistering Metrics Registry : ratis.state_machine.1a5d3f2a-b145-4882-855f-8f5c83a68c7b@group-AFA582544E10
2020-06-02 21:45:20,844 [ForkJoinPool.commonPool-worker-1] INFO  impl.RaftServerImpl (ServerState.java:close(387)) - 1a5d3f2a-b145-4882-855f-8f5c83a68c7b@group-AFA582544E10: closes. applyIndex: 0
2020-06-02 21:45:20,845 [1a5d3f2a-b145-4882-855f-8f5c83a68c7b@group-AFA582544E10-SegmentedRaftLogWorker] INFO  segmented.SegmentedRaftLogWorker (SegmentedRaftLogWorker.java:run(321)) - 1a5d3f2a-b145-4882-855f-8f5c83a68c7b@group-AFA582544E10-SegmentedRaftLogWorker was interrupted, exiting. There are 0 tasks remaining in the queue.
2020-06-02 21:45:20,848 [ForkJoinPool.commonPool-worker-1] INFO  segmented.SegmentedRaftLogWorker (SegmentedRaftLogWorker.java:close(229)) - 1a5d3f2a-b145-4882-855f-8f5c83a68c7b@group-AFA582544E10-SegmentedRaftLogWorker close()
2020-06-02 21:45:20,850 [ForkJoinPool.commonPool-worker-1] INFO  metrics.RatisMetrics (RatisMetrics.java:unregister(46)) - Unregistering Metrics Registry : ratis.log_worker.1a5d3f2a-b145-4882-855f-8f5c83a68c7b
2020-06-02 21:45:20,851 [ForkJoinPool.commonPool-worker-1] INFO  metrics.RatisMetrics (RatisMetrics.java:unregister(46)) - Unregistering Metrics Registry : ratis.leader_election.1a5d3f2a-b145-4882-855f-8f5c83a68c7b@group-AFA582544E10
2020-06-02 21:45:20,851 [ForkJoinPool.commonPool-worker-1] INFO  metrics.RatisMetrics (RatisMetrics.java:unregister(46)) - Unregistering Metrics Registry : ratis.server.1a5d3f2a-b145-4882-855f-8f5c83a68c7b@group-AFA582544E10
2020-06-02 21:45:20,851 [ForkJoinPool.commonPool-worker-1] INFO  impl.RaftServerImpl (RaftServerImpl.java:lambda$shutdown$3(250)) - 1a5d3f2a-b145-4882-855f-8f5c83a68c7b@group-53572A115773: shutdown
2020-06-02 21:45:20,852 [ForkJoinPool.commonPool-worker-1] INFO  util.JmxRegister (JmxRegister.java:unregister(73)) - Successfully un-registered JMX Bean with object name Ratis:service=RaftServer,group=group-53572A115773,id=1a5d3f2a-b145-4882-855f-8f5c83a68c7b
2020-06-02 21:45:20,852 [ForkJoinPool.commonPool-worker-1] INFO  impl.RoleInfo (RoleInfo.java:shutdownFollowerState(121)) - 1a5d3f2a-b145-4882-855f-8f5c83a68c7b: shutdown FollowerState
2020-06-02 21:45:20,852 [Thread-385] INFO  impl.FollowerState (FollowerState.java:run(117)) - 1a5d3f2a-b145-4882-855f-8f5c83a68c7b@group-53572A115773-FollowerState was interrupted: java.lang.InterruptedException: sleep interrupted
2020-06-02 21:45:20,855 [1a5d3f2a-b145-4882-855f-8f5c83a68c7b@group-53572A115773-StateMachineUpdater] INFO  ratis.ContainerStateMachine (ContainerStateMachine.java:takeSnapshot(288)) - group-53572A115773: Taking a snapshot at:(t:1, i:0) file /github/workspace/mnt/ozone/hadoop-ozone/integration-test/target/test-dir/MiniOzoneClusterImpl-537e367d-239d-4fe9-82ba-0c32bb1b6ee4/datanode-2/data/ratis/23a166fe-be5a-4bac-aed2-53572a115773/sm/snapshot.1_0
2020-06-02 21:45:20,858 [1a5d3f2a-b145-4882-855f-8f5c83a68c7b@group-53572A115773-StateMachineUpdater] INFO  ratis.ContainerStateMachine (ContainerStateMachine.java:takeSnapshot(299)) - group-53572A115773: Finished taking a snapshot at:(t:1, i:0) file:/github/workspace/mnt/ozone/hadoop-ozone/integration-test/target/test-dir/MiniOzoneClusterImpl-537e367d-239d-4fe9-82ba-0c32bb1b6ee4/datanode-2/data/ratis/23a166fe-be5a-4bac-aed2-53572a115773/sm/snapshot.1_0 time:3
2020-06-02 21:45:20,859 [ForkJoinPool.commonPool-worker-1] INFO  impl.StateMachineUpdater (StateMachineUpdater.java:stopAndJoin(142)) - 1a5d3f2a-b145-4882-855f-8f5c83a68c7b@group-53572A115773-StateMachineUpdater: set stopIndex = 0
2020-06-02 21:45:20,859 [1a5d3f2a-b145-4882-855f-8f5c83a68c7b@group-53572A115773-StateMachineUpdater] INFO  impl.StateMachineUpdater (StateMachineUpdater.java:takeSnapshot(277)) - 1a5d3f2a-b145-4882-855f-8f5c83a68c7b@group-53572A115773-StateMachineUpdater: Took a snapshot at index 0
2020-06-02 21:45:20,864 [1a5d3f2a-b145-4882-855f-8f5c83a68c7b@group-53572A115773-StateMachineUpdater] INFO  impl.StateMachineUpdater (StateMachineUpdater.java:lambda$new$0(87)) - 1a5d3f2a-b145-4882-855f-8f5c83a68c7b@group-53572A115773-StateMachineUpdater: snapshotIndex: updateIncreasingly -1 -> 0
2020-06-02 21:45:20,865 [1a5d3f2a-b145-4882-855f-8f5c83a68c7b@group-53572A115773-StateMachineUpdater] INFO  metrics.RatisMetrics (RatisMetrics.java:unregister(46)) - Unregistering Metrics Registry : ratis.state_machine.1a5d3f2a-b145-4882-855f-8f5c83a68c7b@group-53572A115773
2020-06-02 21:45:20,866 [ForkJoinPool.commonPool-worker-1] INFO  impl.RaftServerImpl (ServerState.java:close(387)) - 1a5d3f2a-b145-4882-855f-8f5c83a68c7b@group-53572A115773: closes. applyIndex: 0
2020-06-02 21:45:20,867 [1a5d3f2a-b145-4882-855f-8f5c83a68c7b@group-53572A115773-SegmentedRaftLogWorker] INFO  segmented.SegmentedRaftLogWorker (SegmentedRaftLogWorker.java:run(321)) - 1a5d3f2a-b145-4882-855f-8f5c83a68c7b@group-53572A115773-SegmentedRaftLogWorker was interrupted, exiting. There are 0 tasks remaining in the queue.
2020-06-02 21:45:20,868 [ForkJoinPool.commonPool-worker-1] INFO  segmented.SegmentedRaftLogWorker (SegmentedRaftLogWorker.java:close(229)) - 1a5d3f2a-b145-4882-855f-8f5c83a68c7b@group-53572A115773-SegmentedRaftLogWorker close()
2020-06-02 21:45:20,871 [ForkJoinPool.commonPool-worker-1] INFO  metrics.RatisMetrics (RatisMetrics.java:unregister(46)) - Unregistering Metrics Registry : ratis.log_worker.1a5d3f2a-b145-4882-855f-8f5c83a68c7b
2020-06-02 21:45:20,872 [ForkJoinPool.commonPool-worker-1] INFO  metrics.RatisMetrics (RatisMetrics.java:unregister(46)) - Unregistering Metrics Registry : ratis.leader_election.1a5d3f2a-b145-4882-855f-8f5c83a68c7b@group-53572A115773
2020-06-02 21:45:20,872 [ForkJoinPool.commonPool-worker-1] INFO  metrics.RatisMetrics (RatisMetrics.java:unregister(46)) - Unregistering Metrics Registry : ratis.server.1a5d3f2a-b145-4882-855f-8f5c83a68c7b@group-53572A115773
2020-06-02 21:45:20,872 [ForkJoinPool.commonPool-worker-1] INFO  server.GrpcService (GrpcService.java:closeImpl(165)) - 1a5d3f2a-b145-4882-855f-8f5c83a68c7b: shutdown server with port 36811 now
2020-06-02 21:45:20,878 [ForkJoinPool.commonPool-worker-1] INFO  server.GrpcService (GrpcService.java:closeImpl(173)) - 1a5d3f2a-b145-4882-855f-8f5c83a68c7b: shutdown server with port 36811 successfully
2020-06-02 21:45:20,884 [ForkJoinPool.commonPool-worker-1] INFO  utils.BackgroundService (BackgroundService.java:shutdown(157)) - Shutting down service BlockDeletingService
2020-06-02 21:45:20,890 [ForkJoinPool.commonPool-worker-1] INFO  statemachine.DatanodeStateMachine (DatanodeStateMachine.java:stopDaemon(424)) - Ozone container server stopped.
2020-06-02 21:45:20,897 [ForkJoinPool.commonPool-worker-1] INFO  handler.ContextHandler (ContextHandler.java:doStop(1016)) - Stopped o.e.j.w.WebAppContext@25377710{hddsDatanode,/,null,UNAVAILABLE}{jar:file:/home/user/.m2/repository/org/apache/hadoop/hadoop-hdds-container-service/0.6.0-SNAPSHOT/hadoop-hdds-container-service-0.6.0-SNAPSHOT.jar!/webapps/hddsDatanode}
2020-06-02 21:45:20,902 [ForkJoinPool.commonPool-worker-1] INFO  server.AbstractConnector (AbstractConnector.java:doStop(380)) - Stopped ServerConnector@5472e954{HTTP/1.1,[http/1.1]}{0.0.0.0:0}
2020-06-02 21:45:20,903 [ForkJoinPool.commonPool-worker-1] INFO  server.session (HouseKeeper.java:stopScavenging(158)) - node0 Stopped scavenging
2020-06-02 21:45:20,906 [ForkJoinPool.commonPool-worker-1] INFO  handler.ContextHandler (ContextHandler.java:doStop(1016)) - Stopped o.e.j.s.ServletContextHandler@2e77385a{static,/static,jar:file:/home/user/.m2/repository/org/apache/hadoop/hadoop-hdds-container-service/0.6.0-SNAPSHOT/hadoop-hdds-container-service-0.6.0-SNAPSHOT.jar!/webapps/static,UNAVAILABLE}
2020-06-02 21:45:20,914 [ForkJoinPool.commonPool-worker-1] INFO  handler.ContextHandler (ContextHandler.java:doStop(1016)) - Stopped o.e.j.s.ServletContextHandler@59b30d7e{logs,/logs,file:///github/workspace/mnt/ozone/hadoop-ozone/integration-test/target/log,UNAVAILABLE}
2020-06-02 21:45:20,918 [Thread-157] INFO  ozone.MiniOzoneClusterImpl (MiniOzoneClusterImpl.java:stopSCM(476)) - Stopping the StorageContainerManager
2020-06-02 21:45:20,919 [Thread-157] INFO  server.StorageContainerManager (StorageContainerManager.java:stop(824)) - Stopping Replication Manager Service.
2020-06-02 21:45:20,919 [Thread-157] INFO  container.ReplicationManager (ReplicationManager.java:stop(215)) - Replication Monitor Thread is not running.
2020-06-02 21:45:20,919 [Thread-157] INFO  server.StorageContainerManager (StorageContainerManager.java:stop(831)) - Stopping Lease Manager of the command watchers
2020-06-02 21:45:20,920 [Thread-157] INFO  server.StorageContainerManager (StorageContainerManager.java:stop(838)) - Stopping datanode service RPC server
2020-06-02 21:45:20,920 [Thread-157] INFO  server.SCMDatanodeProtocolServer (SCMDatanodeProtocolServer.java:stop(361)) - Stopping the RPC server for DataNodes
2020-06-02 21:45:20,920 [CommandWatcher-LeaseManager#LeaseMonitor] ERROR lease.LeaseManager (LeaseManager.java:run(238)) - Execution was interrupted 
java.lang.InterruptedException: sleep interrupted
	at java.lang.Thread.sleep(Native Method)
	at org.apache.hadoop.ozone.lease.LeaseManager$LeaseMonitor.run(LeaseManager.java:234)
	at java.lang.Thread.run(Thread.java:748)
2020-06-02 21:45:20,923 [Thread-157] INFO  ipc.Server (Server.java:stop(3359)) - Stopping server on 33157
2020-06-02 21:45:20,932 [IPC Server Responder] INFO  ipc.Server (Server.java:run(1465)) - Stopping IPC Server Responder
2020-06-02 21:45:20,932 [IPC Server listener on 0] INFO  ipc.Server (Server.java:run(1330)) - Stopping IPC Server listener on 0
2020-06-02 21:45:20,995 [SCM Heartbeat Processing Thread - 0] WARN  node.NodeStateManager (NodeStateManager.java:scheduleNextHealthCheck(661)) - Current Thread is interrupted, shutting down HB processing thread for Node Manager.
2020-06-02 21:45:20,999 [Thread-157] INFO  server.StorageContainerManager (StorageContainerManager.java:stop(846)) - Stopping block service RPC server
2020-06-02 21:45:21,001 [Thread-157] INFO  server.SCMBlockProtocolServer (SCMBlockProtocolServer.java:stop(158)) - Stopping the RPC server for Block Protocol
2020-06-02 21:45:21,003 [Thread-157] INFO  ipc.Server (Server.java:stop(3359)) - Stopping server on 45209
2020-06-02 21:45:21,010 [IPC Server listener on 0] INFO  ipc.Server (Server.java:run(1330)) - Stopping IPC Server listener on 0
2020-06-02 21:45:21,015 [IPC Server Responder] INFO  ipc.Server (Server.java:run(1465)) - Stopping IPC Server Responder
2020-06-02 21:45:21,016 [Thread-157] INFO  server.StorageContainerManager (StorageContainerManager.java:stop(853)) - Stopping the StorageContainerLocationProtocol RPC server
2020-06-02 21:45:21,017 [Thread-157] INFO  server.SCMClientProtocolServer (SCMClientProtocolServer.java:stop(166)) - Stopping the RPC server for Client Protocol
2020-06-02 21:45:21,018 [Thread-157] INFO  ipc.Server (Server.java:stop(3359)) - Stopping server on 35945
2020-06-02 21:45:21,030 [IPC Server listener on 0] INFO  ipc.Server (Server.java:run(1330)) - Stopping IPC Server listener on 0
2020-06-02 21:45:21,032 [IPC Server Responder] INFO  ipc.Server (Server.java:run(1465)) - Stopping IPC Server Responder
2020-06-02 21:45:21,034 [Thread-157] INFO  server.StorageContainerManager (StorageContainerManager.java:stop(860)) - Stopping Storage Container Manager HTTP server.
2020-06-02 21:45:21,039 [Thread-157] INFO  handler.ContextHandler (ContextHandler.java:doStop(1016)) - Stopped o.e.j.w.WebAppContext@73135aba{scm,/,null,UNAVAILABLE}{file:/github/workspace/mnt/ozone/hadoop-ozone/integration-test/target/test-classes/webapps/scm}
2020-06-02 21:45:21,042 [Thread-157] INFO  server.AbstractConnector (AbstractConnector.java:doStop(380)) - Stopped ServerConnector@6ed226ed{HTTP/1.1,[http/1.1]}{0.0.0.0:0}
2020-06-02 21:45:21,043 [Thread-157] INFO  server.session (HouseKeeper.java:stopScavenging(158)) - node0 Stopped scavenging
2020-06-02 21:45:21,046 [Thread-157] INFO  handler.ContextHandler (ContextHandler.java:doStop(1016)) - Stopped o.e.j.s.ServletContextHandler@6ac4a990{static,/static,file:///github/workspace/mnt/ozone/hadoop-ozone/integration-test/target/test-classes/webapps/static,UNAVAILABLE}
2020-06-02 21:45:21,048 [Thread-157] INFO  handler.ContextHandler (ContextHandler.java:doStop(1016)) - Stopped o.e.j.s.ServletContextHandler@a518861{logs,/logs,file:///github/workspace/mnt/ozone/hadoop-ozone/integration-test/target/log,UNAVAILABLE}
2020-06-02 21:45:21,051 [Thread-157] INFO  server.StorageContainerManager (StorageContainerManager.java:stop(871)) - Stopping Block Manager Service.
2020-06-02 21:45:21,052 [Thread-157] INFO  utils.BackgroundService (BackgroundService.java:shutdown(157)) - Shutting down service SCMBlockDeletingService
2020-06-02 21:45:21,054 [Thread-157] INFO  utils.BackgroundService (BackgroundService.java:shutdown(157)) - Shutting down service SCMBlockDeletingService
2020-06-02 21:45:21,054 [Thread-157] INFO  server.StorageContainerManager (StorageContainerManager.java:stop(896)) - Stopping SCM Event Queue.
2020-06-02 21:45:21,057 [Thread-157] INFO  impl.MetricsSystemImpl (MetricsSystemImpl.java:stop(210)) - Stopping HddsDatanode metrics system...
2020-06-02 21:45:21,058 [Thread-157] INFO  impl.MetricsSystemImpl (MetricsSystemImpl.java:stop(216)) - HddsDatanode metrics system stopped.
]]></system-out>
  </testcase>
  <testcase name="testDNstartAfterSCM" classname="org.apache.hadoop.ozone.TestMiniOzoneCluster" time="70.353">
    <error message="test timed out after 60000 milliseconds" type="java.lang.Exception">java.lang.Exception: test timed out after 60000 milliseconds
	at java.lang.Thread.sleep(Native Method)
	at org.apache.hadoop.test.GenericTestUtils.waitFor(GenericTestUtils.java:218)
	at org.apache.hadoop.ozone.MiniOzoneClusterImpl.waitForClusterToBeReady(MiniOzoneClusterImpl.java:172)
	at org.apache.hadoop.ozone.TestMiniOzoneCluster.testDNstartAfterSCM(TestMiniOzoneCluster.java:299)
	at sun.reflect.NativeMethodAccessorImpl.invoke0(Native Method)
	at sun.reflect.NativeMethodAccessorImpl.invoke(NativeMethodAccessorImpl.java:62)
	at sun.reflect.DelegatingMethodAccessorImpl.invoke(DelegatingMethodAccessorImpl.java:43)
	at java.lang.reflect.Method.invoke(Method.java:498)
	at org.junit.runners.model.FrameworkMethod$1.runReflectiveCall(FrameworkMethod.java:47)
	at org.junit.internal.runners.model.ReflectiveCallable.run(ReflectiveCallable.java:12)
	at org.junit.runners.model.FrameworkMethod.invokeExplosively(FrameworkMethod.java:44)
	at org.junit.internal.runners.statements.InvokeMethod.evaluate(InvokeMethod.java:17)
	at org.junit.internal.runners.statements.FailOnTimeout$StatementThread.run(FailOnTimeout.java:74)
</error>
    <system-out><![CDATA[2020-06-02 21:45:21,095 [Thread-387] WARN  server.ServerUtils (ServerUtils.java:getScmDbDir(148)) - ozone.scm.db.dirs is not configured. We recommend adding this setting. Falling back to ozone.metadata.dirs instead.
2020-06-02 21:45:21,097 [Thread-387] WARN  server.ServerUtils (ServerUtils.java:getScmDbDir(148)) - ozone.scm.db.dirs is not configured. We recommend adding this setting. Falling back to ozone.metadata.dirs instead.
2020-06-02 21:45:21,097 [Thread-387] WARN  db.DBStoreBuilder (DBStoreBuilder.java:createDBStoreBuilder(277)) - ozone.scm.db.dirs is not configured. We recommend adding this setting. Falling back to ozone.metadata.dirs instead.
2020-06-02 21:45:21,125 [Thread-387] INFO  net.NodeSchemaLoader (NodeSchemaLoader.java:loadSchemaFromFile(126)) - Loading file from sun.misc.CompoundEnumeration@40b979ac
2020-06-02 21:45:21,125 [Thread-387] INFO  net.NodeSchemaLoader (NodeSchemaLoader.java:loadSchema(172)) - Loading network topology layer schema file
2020-06-02 21:45:21,129 [Thread-387] WARN  server.ServerUtils (ServerUtils.java:sanitizeUserArgs(73)) - ozone.scm.stale.node.interval value = 300000 is larger than max = 100000 based on the key value of ozone.scm.heartbeat.thread.interval, reset to the max value 100000.
2020-06-02 21:45:21,129 [Thread-387] WARN  server.ServerUtils (ServerUtils.java:sanitizeUserArgs(73)) - ozone.scm.stale.node.interval value = 300000 is larger than max = 100000 based on the key value of ozone.scm.heartbeat.thread.interval, reset to the max value 100000.
2020-06-02 21:45:21,129 [Thread-387] INFO  node.SCMNodeManager (SCMNodeManager.java:<init>(116)) - Entering startup safe mode.
2020-06-02 21:45:21,130 [Thread-387] INFO  algorithms.ContainerPlacementPolicyFactory (ContainerPlacementPolicyFactory.java:getPolicy(60)) - Create container placement policy of type org.apache.hadoop.hdds.scm.container.placement.algorithms.SCMContainerPlacementRandom
2020-06-02 21:45:21,130 [Thread-387] INFO  pipeline.SCMPipelineManager (SCMPipelineManager.java:initializePipelineState(158)) - No pipeline exists in current db
2020-06-02 21:45:21,133 [Thread-387] INFO  safemode.HealthyPipelineSafeModeRule (HealthyPipelineSafeModeRule.java:<init>(89)) - Total pipeline count is 0, healthy pipeline threshold count is 0
2020-06-02 21:45:21,133 [Thread-387] INFO  safemode.OneReplicaPipelineSafeModeRule (OneReplicaPipelineSafeModeRule.java:<init>(79)) - Total pipeline count is 0, pipeline's with at least one datanode reported threshold count is 0
2020-06-02 21:45:21,134 [Thread-387] INFO  ipc.CallQueueManager (CallQueueManager.java:<init>(84)) - Using callQueue: class java.util.concurrent.LinkedBlockingQueue, queueCapacity: 2000, scheduler: class org.apache.hadoop.ipc.DefaultRpcScheduler, ipcBackoff: false.
2020-06-02 21:45:21,134 [RatisPipelineUtilsThread] ERROR pipeline.SCMPipelineManager (SCMPipelineManager.java:createPipeline(222)) - Failed to create pipeline of type RATIS and factor ONE. Exception: Cannot create pipeline of factor 1 using 0 nodes. Used 0 nodes. Healthy nodes 0
2020-06-02 21:45:21,136 [Socket Reader #1 for port 0] INFO  ipc.Server (Server.java:run(1219)) - Starting Socket Reader #1 for port 0
2020-06-02 21:45:21,138 [Listener at 0.0.0.0/46497] INFO  ipc.CallQueueManager (CallQueueManager.java:<init>(84)) - Using callQueue: class java.util.concurrent.LinkedBlockingQueue, queueCapacity: 2000, scheduler: class org.apache.hadoop.ipc.DefaultRpcScheduler, ipcBackoff: false.
2020-06-02 21:45:21,140 [Socket Reader #1 for port 0] INFO  ipc.Server (Server.java:run(1219)) - Starting Socket Reader #1 for port 0
2020-06-02 21:45:21,145 [Listener at 0.0.0.0/44563] INFO  ipc.CallQueueManager (CallQueueManager.java:<init>(84)) - Using callQueue: class java.util.concurrent.LinkedBlockingQueue, queueCapacity: 2000, scheduler: class org.apache.hadoop.ipc.DefaultRpcScheduler, ipcBackoff: false.
2020-06-02 21:45:21,145 [Socket Reader #1 for port 0] INFO  ipc.Server (Server.java:run(1219)) - Starting Socket Reader #1 for port 0
2020-06-02 21:45:21,149 [Listener at 0.0.0.0/44273] INFO  http.BaseHttpServer (BaseHttpServer.java:newHttpServer2BuilderForOzone(205)) - Starting Web-server for scm at: http://0.0.0.0:0
2020-06-02 21:45:21,149 [Listener at 0.0.0.0/44273] INFO  http.BaseHttpServer (BaseHttpServer.java:<init>(106)) - Hadoop Security Enabled: false Ozone Security Enabled: false Ozone HTTP Security Enabled: false 
2020-06-02 21:45:21,151 [Listener at 0.0.0.0/44273] INFO  server.AuthenticationFilter (AuthenticationFilter.java:constructSecretProvider(240)) - Unable to initialize FileSignerSecretProvider, falling back to use random secrets.
2020-06-02 21:45:21,151 [Listener at 0.0.0.0/44273] WARN  http.HttpRequestLog (HttpRequestLog.java:getRequestLog(103)) - Jetty request log can only be enabled using Log4j
2020-06-02 21:45:21,152 [Listener at 0.0.0.0/44273] INFO  http.HttpServer2 (HttpServer2.java:addGlobalFilter(993)) - Added global filter 'safety' (class=org.apache.hadoop.hdds.server.http.HttpServer2$QuotingInputFilter)
2020-06-02 21:45:21,153 [Listener at 0.0.0.0/44273] INFO  http.HttpServer2 (HttpServer2.java:addFilter(969)) - Added filter authentication (class=org.apache.hadoop.security.authentication.server.AuthenticationFilter) to context scm
2020-06-02 21:45:21,153 [Listener at 0.0.0.0/44273] INFO  http.HttpServer2 (HttpServer2.java:addFilter(977)) - Added filter authentication (class=org.apache.hadoop.security.authentication.server.AuthenticationFilter) to context logs
2020-06-02 21:45:21,153 [Listener at 0.0.0.0/44273] INFO  http.HttpServer2 (HttpServer2.java:addFilter(977)) - Added filter authentication (class=org.apache.hadoop.security.authentication.server.AuthenticationFilter) to context static
2020-06-02 21:45:21,155 [Listener at 0.0.0.0/44273] INFO  server.StorageContainerManager (StorageContainerManager.java:start(781)) - StorageContainerLocationProtocol RPC server is listening at /0.0.0.0:44273
2020-06-02 21:45:21,157 [Listener at 0.0.0.0/44273] WARN  impl.MetricsConfig (MetricsConfig.java:loadFirst(134)) - Cannot locate configuration: tried hadoop-metrics2-storagecontainermanager.properties,hadoop-metrics2.properties
2020-06-02 21:45:21,158 [Listener at 0.0.0.0/44273] INFO  impl.MetricsSystemImpl (MetricsSystemImpl.java:startTimer(374)) - Scheduled Metric snapshot period at 10 second(s).
2020-06-02 21:45:21,158 [Listener at 0.0.0.0/44273] INFO  impl.MetricsSystemImpl (MetricsSystemImpl.java:start(191)) - StorageContainerManager metrics system started
2020-06-02 21:45:21,169 [Listener at 0.0.0.0/44273] WARN  impl.MetricsSystemImpl (MetricsSystemImpl.java:register(276)) - Sink prometheus already exists!
2020-06-02 21:45:21,174 [Listener at 0.0.0.0/44273] INFO  server.SCMClientProtocolServer (SCMClientProtocolServer.java:start(157)) - RPC server for Client  is listening at /0.0.0.0:44273
2020-06-02 21:45:21,177 [IPC Server Responder] INFO  ipc.Server (Server.java:run(1460)) - IPC Server Responder: starting
2020-06-02 21:45:21,177 [IPC Server listener on 0] INFO  ipc.Server (Server.java:run(1298)) - IPC Server listener on 0: starting
2020-06-02 21:45:21,186 [Listener at 0.0.0.0/44273] INFO  server.StorageContainerManager (StorageContainerManager.java:start(793)) - ScmBlockLocationProtocol RPC server is listening at /0.0.0.0:44563
2020-06-02 21:45:21,187 [Listener at 0.0.0.0/44273] INFO  server.SCMBlockProtocolServer (SCMBlockProtocolServer.java:start(149)) - RPC server for Block Protocol is listening at /0.0.0.0:44563
2020-06-02 21:45:21,187 [IPC Server Responder] INFO  ipc.Server (Server.java:run(1460)) - IPC Server Responder: starting
2020-06-02 21:45:21,187 [IPC Server listener on 0] INFO  ipc.Server (Server.java:run(1298)) - IPC Server listener on 0: starting
2020-06-02 21:45:21,195 [Listener at 0.0.0.0/44273] INFO  server.StorageContainerManager (StorageContainerManager.java:start(799)) - ScmDatanodeProtocl RPC server is listening at /0.0.0.0:46497
2020-06-02 21:45:21,195 [Listener at 0.0.0.0/44273] INFO  server.SCMDatanodeProtocolServer (SCMDatanodeProtocolServer.java:start(172)) - RPC server for DataNodes is listening at /0.0.0.0:46497
2020-06-02 21:45:21,195 [IPC Server Responder] INFO  ipc.Server (Server.java:run(1460)) - IPC Server Responder: starting
2020-06-02 21:45:21,197 [IPC Server listener on 0] INFO  ipc.Server (Server.java:run(1298)) - IPC Server listener on 0: starting
2020-06-02 21:45:21,203 [Listener at 0.0.0.0/44273] INFO  http.HttpServer2 (HttpServer2.java:bindListener(1211)) - Jetty bound to port 37469
2020-06-02 21:45:21,203 [Listener at 0.0.0.0/44273] INFO  server.Server (Server.java:doStart(359)) - jetty-9.4.26.v20200117; built: 2020-01-17T12:35:33.676Z; git: 7b38981d25d14afb4a12ff1f2596756144edf695; jvm 1.8.0_232-b09
2020-06-02 21:45:21,205 [Listener at 0.0.0.0/44273] INFO  server.session (DefaultSessionIdManager.java:doStart(333)) - DefaultSessionIdManager workerName=node0
2020-06-02 21:45:21,205 [Listener at 0.0.0.0/44273] INFO  server.session (DefaultSessionIdManager.java:doStart(338)) - No SessionScavenger set, using defaults
2020-06-02 21:45:21,205 [Listener at 0.0.0.0/44273] INFO  server.session (HouseKeeper.java:startScavenging(140)) - node0 Scavenging every 600000ms
2020-06-02 21:45:21,206 [Listener at 0.0.0.0/44273] INFO  server.AuthenticationFilter (AuthenticationFilter.java:constructSecretProvider(240)) - Unable to initialize FileSignerSecretProvider, falling back to use random secrets.
2020-06-02 21:45:21,206 [Listener at 0.0.0.0/44273] INFO  handler.ContextHandler (ContextHandler.java:doStart(825)) - Started o.e.j.s.ServletContextHandler@34457d8{logs,/logs,file:///github/workspace/mnt/ozone/hadoop-ozone/integration-test/target/log,AVAILABLE}
2020-06-02 21:45:21,207 [Listener at 0.0.0.0/44273] INFO  handler.ContextHandler (ContextHandler.java:doStart(825)) - Started o.e.j.s.ServletContextHandler@481c7832{static,/static,file:///github/workspace/mnt/ozone/hadoop-ozone/integration-test/target/test-classes/webapps/static,AVAILABLE}
2020-06-02 21:45:21,210 [Listener at 0.0.0.0/44273] INFO  handler.ContextHandler (ContextHandler.java:doStart(825)) - Started o.e.j.w.WebAppContext@1c6cfc01{scm,/,file:///github/workspace/mnt/ozone/hadoop-ozone/integration-test/target/test-classes/webapps/scm/,AVAILABLE}{file:/github/workspace/mnt/ozone/hadoop-ozone/integration-test/target/test-classes/webapps/scm}
2020-06-02 21:45:21,211 [Listener at 0.0.0.0/44273] INFO  server.AbstractConnector (AbstractConnector.java:doStart(330)) - Started ServerConnector@740a936b{HTTP/1.1,[http/1.1]}{0.0.0.0:37469}
2020-06-02 21:45:21,211 [Listener at 0.0.0.0/44273] INFO  server.Server (Server.java:doStart(399)) - Started @106784ms
2020-06-02 21:45:21,211 [Listener at 0.0.0.0/44273] WARN  impl.MetricsSystemImpl (MetricsSystemImpl.java:register(276)) - Sink prometheus already exists!
2020-06-02 21:45:21,215 [Listener at 0.0.0.0/44273] INFO  http.BaseHttpServer (BaseHttpServer.java:updateConnectorAddress(325)) - HTTP server of scm listening at http://0.0.0.0:37469
2020-06-02 21:45:21,217 [Listener at 0.0.0.0/44273] WARN  server.ServerUtils (ServerUtils.java:getDBPath(225)) - ozone.om.db.dirs is not configured. We recommend adding this setting. Falling back to ozone.metadata.dirs instead.
2020-06-02 21:45:21,218 [org.apache.hadoop.util.JvmPauseMonitor$Monitor@2cf47398] INFO  util.JvmPauseMonitor (JvmPauseMonitor.java:run(188)) - Starting JVM pause monitor
2020-06-02 21:45:21,219 [Listener at 0.0.0.0/44273] INFO  ha.OMHANodeDetails (OMHANodeDetails.java:loadOMHAConfig(104)) - ozone.om.internal.service.id is not defined, falling back to ozone.om.service.ids to find serviceID for OzoneManager if it is HA enabled cluster
2020-06-02 21:45:21,219 [Listener at 0.0.0.0/44273] INFO  ha.OMHANodeDetails (OMHANodeDetails.java:loadOMHAConfig(207)) - Configuration either no ozone.om.address set. Falling back to the default OM address /127.0.0.1:0
2020-06-02 21:45:21,219 [Listener at 0.0.0.0/44273] INFO  ha.OMHANodeDetails (OMHANodeDetails.java:getOMNodeDetails(237)) - OM Service ID is not set. Setting it to the default ID: omServiceIdDefault
2020-06-02 21:45:21,219 [Listener at 0.0.0.0/44273] WARN  server.ServerUtils (ServerUtils.java:getDBPath(225)) - ozone.om.db.dirs is not configured. We recommend adding this setting. Falling back to ozone.metadata.dirs instead.
2020-06-02 21:45:21,219 [Listener at 0.0.0.0/44273] WARN  server.ServerUtils (ServerUtils.java:getDBPath(225)) - ozone.om.db.dirs is not configured. We recommend adding this setting. Falling back to ozone.metadata.dirs instead.
2020-06-02 21:45:21,230 [Listener at 0.0.0.0/44273] WARN  server.ServerUtils (ServerUtils.java:getDBPath(225)) - ozone.om.db.dirs is not configured. We recommend adding this setting. Falling back to ozone.metadata.dirs instead.
2020-06-02 21:45:21,282 [Listener at 0.0.0.0/44273] INFO  ipc.CallQueueManager (CallQueueManager.java:<init>(84)) - Using callQueue: class java.util.concurrent.LinkedBlockingQueue, queueCapacity: 2000, scheduler: class org.apache.hadoop.ipc.DefaultRpcScheduler, ipcBackoff: false.
2020-06-02 21:45:21,282 [Socket Reader #1 for port 0] INFO  ipc.Server (Server.java:run(1219)) - Starting Socket Reader #1 for port 0
2020-06-02 21:45:21,297 [Listener at 127.0.0.1/43557] INFO  impl.MetricsSystemImpl (MetricsSystemImpl.java:init(158)) - OzoneManager metrics system started (again)
2020-06-02 21:45:21,298 [Listener at 127.0.0.1/43557] INFO  om.OzoneManager (OzoneManager.java:start(1097)) - OzoneManager RPC server is listening at localhost/127.0.0.1:43557
2020-06-02 21:45:21,300 [IPC Server Responder] INFO  ipc.Server (Server.java:run(1460)) - IPC Server Responder: starting
2020-06-02 21:45:21,300 [IPC Server listener on 0] INFO  ipc.Server (Server.java:run(1298)) - IPC Server listener on 0: starting
2020-06-02 21:45:21,310 [Listener at 127.0.0.1/43557] INFO  http.BaseHttpServer (BaseHttpServer.java:newHttpServer2BuilderForOzone(205)) - Starting Web-server for ozoneManager at: http://0.0.0.0:0
2020-06-02 21:45:21,310 [Listener at 127.0.0.1/43557] INFO  http.BaseHttpServer (BaseHttpServer.java:<init>(106)) - Hadoop Security Enabled: false Ozone Security Enabled: false Ozone HTTP Security Enabled: false 
2020-06-02 21:45:21,312 [Listener at 127.0.0.1/43557] INFO  server.AuthenticationFilter (AuthenticationFilter.java:constructSecretProvider(240)) - Unable to initialize FileSignerSecretProvider, falling back to use random secrets.
2020-06-02 21:45:21,313 [Listener at 127.0.0.1/43557] WARN  http.HttpRequestLog (HttpRequestLog.java:getRequestLog(103)) - Jetty request log can only be enabled using Log4j
2020-06-02 21:45:21,314 [Listener at 127.0.0.1/43557] INFO  http.HttpServer2 (HttpServer2.java:addGlobalFilter(993)) - Added global filter 'safety' (class=org.apache.hadoop.hdds.server.http.HttpServer2$QuotingInputFilter)
2020-06-02 21:45:21,314 [Listener at 127.0.0.1/43557] INFO  http.HttpServer2 (HttpServer2.java:addFilter(969)) - Added filter authentication (class=org.apache.hadoop.security.authentication.server.AuthenticationFilter) to context ozoneManager
2020-06-02 21:45:21,314 [Listener at 127.0.0.1/43557] INFO  http.HttpServer2 (HttpServer2.java:addFilter(977)) - Added filter authentication (class=org.apache.hadoop.security.authentication.server.AuthenticationFilter) to context static
2020-06-02 21:45:21,314 [Listener at 127.0.0.1/43557] INFO  http.HttpServer2 (HttpServer2.java:addFilter(977)) - Added filter authentication (class=org.apache.hadoop.security.authentication.server.AuthenticationFilter) to context logs
2020-06-02 21:45:21,315 [Listener at 127.0.0.1/43557] INFO  http.HttpServer2 (HttpServer2.java:bindListener(1211)) - Jetty bound to port 42507
2020-06-02 21:45:21,315 [Listener at 127.0.0.1/43557] INFO  server.Server (Server.java:doStart(359)) - jetty-9.4.26.v20200117; built: 2020-01-17T12:35:33.676Z; git: 7b38981d25d14afb4a12ff1f2596756144edf695; jvm 1.8.0_232-b09
2020-06-02 21:45:21,316 [Listener at 127.0.0.1/43557] INFO  server.session (DefaultSessionIdManager.java:doStart(333)) - DefaultSessionIdManager workerName=node0
2020-06-02 21:45:21,316 [Listener at 127.0.0.1/43557] INFO  server.session (DefaultSessionIdManager.java:doStart(338)) - No SessionScavenger set, using defaults
2020-06-02 21:45:21,317 [Listener at 127.0.0.1/43557] INFO  server.session (HouseKeeper.java:startScavenging(140)) - node0 Scavenging every 600000ms
2020-06-02 21:45:21,317 [Listener at 127.0.0.1/43557] INFO  server.AuthenticationFilter (AuthenticationFilter.java:constructSecretProvider(240)) - Unable to initialize FileSignerSecretProvider, falling back to use random secrets.
2020-06-02 21:45:21,319 [Listener at 127.0.0.1/43557] INFO  handler.ContextHandler (ContextHandler.java:doStart(825)) - Started o.e.j.s.ServletContextHandler@2f7cb7cd{logs,/logs,file:///github/workspace/mnt/ozone/hadoop-ozone/integration-test/target/log,AVAILABLE}
2020-06-02 21:45:21,319 [Listener at 127.0.0.1/43557] INFO  handler.ContextHandler (ContextHandler.java:doStart(825)) - Started o.e.j.s.ServletContextHandler@5cad2a3d{static,/static,file:///github/workspace/mnt/ozone/hadoop-ozone/integration-test/target/test-classes/webapps/static,AVAILABLE}
2020-06-02 21:45:21,323 [Listener at 127.0.0.1/43557] INFO  handler.ContextHandler (ContextHandler.java:doStart(825)) - Started o.e.j.w.WebAppContext@6db511bb{ozoneManager,/,file:///github/workspace/mnt/ozone/hadoop-ozone/integration-test/target/test-classes/webapps/ozoneManager/,AVAILABLE}{file:/github/workspace/mnt/ozone/hadoop-ozone/integration-test/target/test-classes/webapps/ozoneManager}
2020-06-02 21:45:21,324 [Listener at 127.0.0.1/43557] INFO  server.AbstractConnector (AbstractConnector.java:doStart(330)) - Started ServerConnector@700138bb{HTTP/1.1,[http/1.1]}{0.0.0.0:42507}
2020-06-02 21:45:21,324 [Listener at 127.0.0.1/43557] INFO  server.Server (Server.java:doStart(399)) - Started @106897ms
2020-06-02 21:45:21,324 [Listener at 127.0.0.1/43557] WARN  impl.MetricsSystemImpl (MetricsSystemImpl.java:register(276)) - Sink prometheus already exists!
2020-06-02 21:45:21,330 [Listener at 127.0.0.1/43557] INFO  http.BaseHttpServer (BaseHttpServer.java:updateConnectorAddress(325)) - HTTP server of ozoneManager listening at http://0.0.0.0:42507
2020-06-02 21:45:21,338 [org.apache.hadoop.util.JvmPauseMonitor$Monitor@60a4db69] INFO  util.JvmPauseMonitor (JvmPauseMonitor.java:run(188)) - Starting JVM pause monitor
2020-06-02 21:45:21,342 [Listener at 127.0.0.1/43557] INFO  impl.MetricsSystemImpl (MetricsSystemImpl.java:init(158)) - HddsDatanode metrics system started (again)
2020-06-02 21:45:21,343 [Listener at 127.0.0.1/43557] INFO  ozone.HddsDatanodeService (HddsDatanodeService.java:start(205)) - HddsDatanodeService host:f720cdcd0861 ip:172.17.0.2
2020-06-02 21:45:21,344 [Listener at 127.0.0.1/43557] INFO  volume.HddsVolume (HddsVolume.java:<init>(176)) - Creating Volume: /github/workspace/mnt/ozone/hadoop-ozone/integration-test/target/test-dir/MiniOzoneClusterImpl-39d74104-fe92-41ad-97bc-67d3c75ba87b/datanode-0/data-0/containers/hdds of storage type : DISK and capacity : 9223372036854775807
2020-06-02 21:45:21,344 [Listener at 127.0.0.1/43557] INFO  volume.MutableVolumeSet (MutableVolumeSet.java:initializeVolumeSet(181)) - Added Volume : /github/workspace/mnt/ozone/hadoop-ozone/integration-test/target/test-dir/MiniOzoneClusterImpl-39d74104-fe92-41ad-97bc-67d3c75ba87b/datanode-0/data-0/containers/hdds to VolumeSet
2020-06-02 21:45:21,344 [Listener at 127.0.0.1/43557] INFO  volume.ThrottledAsyncChecker (ThrottledAsyncChecker.java:schedule(141)) - Scheduling a check for /github/workspace/mnt/ozone/hadoop-ozone/integration-test/target/test-dir/MiniOzoneClusterImpl-39d74104-fe92-41ad-97bc-67d3c75ba87b/datanode-0/data-0/containers/hdds
2020-06-02 21:45:21,345 [Listener at 127.0.0.1/43557] INFO  volume.HddsVolumeChecker (HddsVolumeChecker.java:checkAllVolumes(200)) - Scheduled health check for volume /github/workspace/mnt/ozone/hadoop-ozone/integration-test/target/test-dir/MiniOzoneClusterImpl-39d74104-fe92-41ad-97bc-67d3c75ba87b/datanode-0/data-0/containers/hdds
2020-06-02 21:45:21,362 [Listener at 127.0.0.1/43557] INFO  impl.RaftServerProxy (ConfUtils.java:logGet(44)) - raft.rpc.type = GRPC (default)
2020-06-02 21:45:21,363 [Listener at 127.0.0.1/43557] INFO  grpc.GrpcFactory (GrpcFactory.java:checkPooledByteBufAllocatorUseCacheForAllThreads(45)) - PERFORMANCE WARNING: useCacheForAllThreads is true that may cause Netty to create a lot garbage objects and, as a result, trigger GC.
	It is recommended to disable useCacheForAllThreads by setting -Dorg.apache.ratis.thirdparty.io.netty.allocator.useCacheForAllThreads=false in command line.
2020-06-02 21:45:21,363 [Listener at 127.0.0.1/43557] INFO  grpc.GrpcConfigKeys (ConfUtils.java:logGet(44)) - raft.grpc.server.port = 0 (default)
2020-06-02 21:45:21,363 [Listener at 127.0.0.1/43557] INFO  server.GrpcService (ConfUtils.java:logGet(44)) - raft.grpc.message.size.max = 32MB (=33554432) (custom)
2020-06-02 21:45:21,363 [Listener at 127.0.0.1/43557] INFO  server.RaftServerConfigKeys (ConfUtils.java:logGet(44)) - raft.server.log.appender.buffer.byte-limit = 33554432 (custom)
2020-06-02 21:45:21,363 [Listener at 127.0.0.1/43557] INFO  server.GrpcService (ConfUtils.java:logGet(44)) - raft.grpc.flow.control.window = 5MB (=5242880) (custom)
2020-06-02 21:45:21,363 [Listener at 127.0.0.1/43557] INFO  server.RaftServerConfigKeys (ConfUtils.java:logGet(44)) - raft.server.rpc.request.timeout = 60s (custom)
2020-06-02 21:45:21,364 [Listener at 127.0.0.1/43557] INFO  server.RaftServerConfigKeys (ConfUtils.java:logGet(44)) - raft.server.storage.dir = [/github/workspace/mnt/ozone/hadoop-ozone/integration-test/target/test-dir/MiniOzoneClusterImpl-39d74104-fe92-41ad-97bc-67d3c75ba87b/datanode-0/data/ratis] (custom)
2020-06-02 21:45:21,368 [Listener at 127.0.0.1/43557] INFO  http.BaseHttpServer (BaseHttpServer.java:newHttpServer2BuilderForOzone(205)) - Starting Web-server for hddsDatanode at: http://0.0.0.0:0
2020-06-02 21:45:21,368 [Listener at 127.0.0.1/43557] INFO  http.BaseHttpServer (BaseHttpServer.java:<init>(106)) - Hadoop Security Enabled: false Ozone Security Enabled: false Ozone HTTP Security Enabled: false 
2020-06-02 21:45:21,370 [Listener at 127.0.0.1/43557] INFO  server.AuthenticationFilter (AuthenticationFilter.java:constructSecretProvider(240)) - Unable to initialize FileSignerSecretProvider, falling back to use random secrets.
2020-06-02 21:45:21,370 [Listener at 127.0.0.1/43557] WARN  http.HttpRequestLog (HttpRequestLog.java:getRequestLog(103)) - Jetty request log can only be enabled using Log4j
2020-06-02 21:45:21,371 [Listener at 127.0.0.1/43557] INFO  http.HttpServer2 (HttpServer2.java:addGlobalFilter(993)) - Added global filter 'safety' (class=org.apache.hadoop.hdds.server.http.HttpServer2$QuotingInputFilter)
2020-06-02 21:45:21,372 [Listener at 127.0.0.1/43557] INFO  http.HttpServer2 (HttpServer2.java:addFilter(969)) - Added filter authentication (class=org.apache.hadoop.security.authentication.server.AuthenticationFilter) to context hddsDatanode
2020-06-02 21:45:21,372 [Listener at 127.0.0.1/43557] INFO  http.HttpServer2 (HttpServer2.java:addFilter(977)) - Added filter authentication (class=org.apache.hadoop.security.authentication.server.AuthenticationFilter) to context static
2020-06-02 21:45:21,372 [Listener at 127.0.0.1/43557] INFO  http.HttpServer2 (HttpServer2.java:addFilter(977)) - Added filter authentication (class=org.apache.hadoop.security.authentication.server.AuthenticationFilter) to context logs
2020-06-02 21:45:21,372 [Listener at 127.0.0.1/43557] INFO  http.HttpServer2 (HttpServer2.java:bindListener(1211)) - Jetty bound to port 38377
2020-06-02 21:45:21,372 [Listener at 127.0.0.1/43557] INFO  server.Server (Server.java:doStart(359)) - jetty-9.4.26.v20200117; built: 2020-01-17T12:35:33.676Z; git: 7b38981d25d14afb4a12ff1f2596756144edf695; jvm 1.8.0_232-b09
2020-06-02 21:45:21,374 [Listener at 127.0.0.1/43557] INFO  server.session (DefaultSessionIdManager.java:doStart(333)) - DefaultSessionIdManager workerName=node0
2020-06-02 21:45:21,374 [Listener at 127.0.0.1/43557] INFO  server.session (DefaultSessionIdManager.java:doStart(338)) - No SessionScavenger set, using defaults
2020-06-02 21:45:21,374 [Listener at 127.0.0.1/43557] INFO  server.session (HouseKeeper.java:startScavenging(140)) - node0 Scavenging every 660000ms
2020-06-02 21:45:21,375 [Listener at 127.0.0.1/43557] INFO  server.AuthenticationFilter (AuthenticationFilter.java:constructSecretProvider(240)) - Unable to initialize FileSignerSecretProvider, falling back to use random secrets.
2020-06-02 21:45:21,375 [Listener at 127.0.0.1/43557] INFO  handler.ContextHandler (ContextHandler.java:doStart(825)) - Started o.e.j.s.ServletContextHandler@51054828{logs,/logs,file:///github/workspace/mnt/ozone/hadoop-ozone/integration-test/target/log,AVAILABLE}
2020-06-02 21:45:21,376 [Listener at 127.0.0.1/43557] INFO  handler.ContextHandler (ContextHandler.java:doStart(825)) - Started o.e.j.s.ServletContextHandler@693ebe7b{static,/static,jar:file:/home/user/.m2/repository/org/apache/hadoop/hadoop-hdds-container-service/0.6.0-SNAPSHOT/hadoop-hdds-container-service-0.6.0-SNAPSHOT.jar!/webapps/static,AVAILABLE}
2020-06-02 21:45:21,406 [Listener at 127.0.0.1/43557] INFO  handler.ContextHandler (ContextHandler.java:doStart(825)) - Started o.e.j.w.WebAppContext@62c64f9b{hddsDatanode,/,file:///tmp/jetty-0_0_0_0-38377-hadoop-hdds-container-service-0_6_0-SNAPSHOT_jar-_-any-6597890712234590953.dir/webapp/,AVAILABLE}{jar:file:/home/user/.m2/repository/org/apache/hadoop/hadoop-hdds-container-service/0.6.0-SNAPSHOT/hadoop-hdds-container-service-0.6.0-SNAPSHOT.jar!/webapps/hddsDatanode}
2020-06-02 21:45:21,408 [Listener at 127.0.0.1/43557] INFO  server.AbstractConnector (AbstractConnector.java:doStart(330)) - Started ServerConnector@be73218{HTTP/1.1,[http/1.1]}{0.0.0.0:38377}
2020-06-02 21:45:21,409 [Listener at 127.0.0.1/43557] INFO  server.Server (Server.java:doStart(399)) - Started @106981ms
2020-06-02 21:45:21,409 [Listener at 127.0.0.1/43557] WARN  impl.MetricsSystemImpl (MetricsSystemImpl.java:register(276)) - Sink prometheus already exists!
2020-06-02 21:45:21,412 [Listener at 127.0.0.1/43557] INFO  http.BaseHttpServer (BaseHttpServer.java:updateConnectorAddress(325)) - HTTP server of hddsDatanode listening at http://0.0.0.0:38377
2020-06-02 21:45:21,413 [Listener at 127.0.0.1/43557] INFO  impl.MetricsSystemImpl (MetricsSystemImpl.java:init(158)) - HddsDatanode metrics system started (again)
2020-06-02 21:45:21,420 [Listener at 127.0.0.1/43557] INFO  ozone.HddsDatanodeService (HddsDatanodeService.java:start(205)) - HddsDatanodeService host:f720cdcd0861 ip:172.17.0.2
2020-06-02 21:45:21,422 [org.apache.hadoop.util.JvmPauseMonitor$Monitor@67315978] INFO  util.JvmPauseMonitor (JvmPauseMonitor.java:run(188)) - Starting JVM pause monitor
2020-06-02 21:45:21,423 [Datanode State Machine Thread - 0] INFO  datanode.InitDatanodeState (InitDatanodeState.java:persistContainerDatanodeDetails(145)) - DatanodeDetails is persisted to /github/workspace/mnt/ozone/hadoop-ozone/integration-test/target/test-dir/MiniOzoneClusterImpl-39d74104-fe92-41ad-97bc-67d3c75ba87b/datanode-0/meta/datanode.id
2020-06-02 21:45:21,423 [Listener at 127.0.0.1/43557] INFO  volume.HddsVolume (HddsVolume.java:<init>(176)) - Creating Volume: /github/workspace/mnt/ozone/hadoop-ozone/integration-test/target/test-dir/MiniOzoneClusterImpl-39d74104-fe92-41ad-97bc-67d3c75ba87b/datanode-1/data-0/containers/hdds of storage type : DISK and capacity : 9223372036854775807
2020-06-02 21:45:21,424 [Listener at 127.0.0.1/43557] INFO  volume.MutableVolumeSet (MutableVolumeSet.java:initializeVolumeSet(181)) - Added Volume : /github/workspace/mnt/ozone/hadoop-ozone/integration-test/target/test-dir/MiniOzoneClusterImpl-39d74104-fe92-41ad-97bc-67d3c75ba87b/datanode-1/data-0/containers/hdds to VolumeSet
2020-06-02 21:45:21,424 [Listener at 127.0.0.1/43557] INFO  volume.ThrottledAsyncChecker (ThrottledAsyncChecker.java:schedule(141)) - Scheduling a check for /github/workspace/mnt/ozone/hadoop-ozone/integration-test/target/test-dir/MiniOzoneClusterImpl-39d74104-fe92-41ad-97bc-67d3c75ba87b/datanode-1/data-0/containers/hdds
2020-06-02 21:45:21,425 [Listener at 127.0.0.1/43557] INFO  volume.HddsVolumeChecker (HddsVolumeChecker.java:checkAllVolumes(200)) - Scheduled health check for volume /github/workspace/mnt/ozone/hadoop-ozone/integration-test/target/test-dir/MiniOzoneClusterImpl-39d74104-fe92-41ad-97bc-67d3c75ba87b/datanode-1/data-0/containers/hdds
2020-06-02 21:45:21,442 [Listener at 127.0.0.1/43557] INFO  impl.RaftServerProxy (ConfUtils.java:logGet(44)) - raft.rpc.type = GRPC (default)
2020-06-02 21:45:21,443 [Listener at 127.0.0.1/43557] INFO  grpc.GrpcFactory (GrpcFactory.java:checkPooledByteBufAllocatorUseCacheForAllThreads(45)) - PERFORMANCE WARNING: useCacheForAllThreads is true that may cause Netty to create a lot garbage objects and, as a result, trigger GC.
	It is recommended to disable useCacheForAllThreads by setting -Dorg.apache.ratis.thirdparty.io.netty.allocator.useCacheForAllThreads=false in command line.
2020-06-02 21:45:21,443 [Listener at 127.0.0.1/43557] INFO  grpc.GrpcConfigKeys (ConfUtils.java:logGet(44)) - raft.grpc.server.port = 0 (default)
2020-06-02 21:45:21,443 [Listener at 127.0.0.1/43557] INFO  server.GrpcService (ConfUtils.java:logGet(44)) - raft.grpc.message.size.max = 32MB (=33554432) (custom)
2020-06-02 21:45:21,443 [Listener at 127.0.0.1/43557] INFO  server.RaftServerConfigKeys (ConfUtils.java:logGet(44)) - raft.server.log.appender.buffer.byte-limit = 33554432 (custom)
2020-06-02 21:45:21,443 [Listener at 127.0.0.1/43557] INFO  server.GrpcService (ConfUtils.java:logGet(44)) - raft.grpc.flow.control.window = 5MB (=5242880) (custom)
2020-06-02 21:45:21,443 [Listener at 127.0.0.1/43557] INFO  server.RaftServerConfigKeys (ConfUtils.java:logGet(44)) - raft.server.rpc.request.timeout = 60s (custom)
2020-06-02 21:45:21,444 [Listener at 127.0.0.1/43557] INFO  server.RaftServerConfigKeys (ConfUtils.java:logGet(44)) - raft.server.storage.dir = [/github/workspace/mnt/ozone/hadoop-ozone/integration-test/target/test-dir/MiniOzoneClusterImpl-39d74104-fe92-41ad-97bc-67d3c75ba87b/datanode-1/data/ratis] (custom)
2020-06-02 21:45:21,449 [Listener at 127.0.0.1/43557] INFO  http.BaseHttpServer (BaseHttpServer.java:newHttpServer2BuilderForOzone(205)) - Starting Web-server for hddsDatanode at: http://0.0.0.0:0
2020-06-02 21:45:21,449 [Listener at 127.0.0.1/43557] INFO  http.BaseHttpServer (BaseHttpServer.java:<init>(106)) - Hadoop Security Enabled: false Ozone Security Enabled: false Ozone HTTP Security Enabled: false 
2020-06-02 21:45:21,450 [Listener at 127.0.0.1/43557] INFO  server.AuthenticationFilter (AuthenticationFilter.java:constructSecretProvider(240)) - Unable to initialize FileSignerSecretProvider, falling back to use random secrets.
2020-06-02 21:45:21,451 [Listener at 127.0.0.1/43557] WARN  http.HttpRequestLog (HttpRequestLog.java:getRequestLog(103)) - Jetty request log can only be enabled using Log4j
2020-06-02 21:45:21,452 [Listener at 127.0.0.1/43557] INFO  http.HttpServer2 (HttpServer2.java:addGlobalFilter(993)) - Added global filter 'safety' (class=org.apache.hadoop.hdds.server.http.HttpServer2$QuotingInputFilter)
2020-06-02 21:45:21,452 [Listener at 127.0.0.1/43557] INFO  http.HttpServer2 (HttpServer2.java:addFilter(969)) - Added filter authentication (class=org.apache.hadoop.security.authentication.server.AuthenticationFilter) to context hddsDatanode
2020-06-02 21:45:21,452 [Listener at 127.0.0.1/43557] INFO  http.HttpServer2 (HttpServer2.java:addFilter(977)) - Added filter authentication (class=org.apache.hadoop.security.authentication.server.AuthenticationFilter) to context logs
2020-06-02 21:45:21,453 [Listener at 127.0.0.1/43557] INFO  http.HttpServer2 (HttpServer2.java:addFilter(977)) - Added filter authentication (class=org.apache.hadoop.security.authentication.server.AuthenticationFilter) to context static
2020-06-02 21:45:21,453 [Listener at 127.0.0.1/43557] INFO  http.HttpServer2 (HttpServer2.java:bindListener(1211)) - Jetty bound to port 33509
2020-06-02 21:45:21,453 [Listener at 127.0.0.1/43557] INFO  server.Server (Server.java:doStart(359)) - jetty-9.4.26.v20200117; built: 2020-01-17T12:35:33.676Z; git: 7b38981d25d14afb4a12ff1f2596756144edf695; jvm 1.8.0_232-b09
2020-06-02 21:45:21,454 [Listener at 127.0.0.1/43557] INFO  server.session (DefaultSessionIdManager.java:doStart(333)) - DefaultSessionIdManager workerName=node0
2020-06-02 21:45:21,455 [Listener at 127.0.0.1/43557] INFO  server.session (DefaultSessionIdManager.java:doStart(338)) - No SessionScavenger set, using defaults
2020-06-02 21:45:21,455 [Listener at 127.0.0.1/43557] INFO  server.session (HouseKeeper.java:startScavenging(140)) - node0 Scavenging every 600000ms
2020-06-02 21:45:21,455 [Listener at 127.0.0.1/43557] INFO  server.AuthenticationFilter (AuthenticationFilter.java:constructSecretProvider(240)) - Unable to initialize FileSignerSecretProvider, falling back to use random secrets.
2020-06-02 21:45:21,456 [Listener at 127.0.0.1/43557] INFO  handler.ContextHandler (ContextHandler.java:doStart(825)) - Started o.e.j.s.ServletContextHandler@447ba36a{logs,/logs,file:///github/workspace/mnt/ozone/hadoop-ozone/integration-test/target/log,AVAILABLE}
2020-06-02 21:45:21,456 [Listener at 127.0.0.1/43557] INFO  handler.ContextHandler (ContextHandler.java:doStart(825)) - Started o.e.j.s.ServletContextHandler@347bfd11{static,/static,jar:file:/home/user/.m2/repository/org/apache/hadoop/hadoop-hdds-container-service/0.6.0-SNAPSHOT/hadoop-hdds-container-service-0.6.0-SNAPSHOT.jar!/webapps/static,AVAILABLE}
2020-06-02 21:45:21,485 [Listener at 127.0.0.1/43557] INFO  handler.ContextHandler (ContextHandler.java:doStart(825)) - Started o.e.j.w.WebAppContext@4bbc128c{hddsDatanode,/,file:///tmp/jetty-0_0_0_0-33509-hadoop-hdds-container-service-0_6_0-SNAPSHOT_jar-_-any-8522576471096224088.dir/webapp/,AVAILABLE}{jar:file:/home/user/.m2/repository/org/apache/hadoop/hadoop-hdds-container-service/0.6.0-SNAPSHOT/hadoop-hdds-container-service-0.6.0-SNAPSHOT.jar!/webapps/hddsDatanode}
2020-06-02 21:45:21,486 [Listener at 127.0.0.1/43557] INFO  server.AbstractConnector (AbstractConnector.java:doStart(330)) - Started ServerConnector@290bcd54{HTTP/1.1,[http/1.1]}{0.0.0.0:33509}
2020-06-02 21:45:21,486 [Listener at 127.0.0.1/43557] INFO  server.Server (Server.java:doStart(399)) - Started @107059ms
2020-06-02 21:45:21,486 [Listener at 127.0.0.1/43557] WARN  impl.MetricsSystemImpl (MetricsSystemImpl.java:register(276)) - Sink prometheus already exists!
2020-06-02 21:45:21,489 [Listener at 127.0.0.1/43557] INFO  http.BaseHttpServer (BaseHttpServer.java:updateConnectorAddress(325)) - HTTP server of hddsDatanode listening at http://0.0.0.0:33509
2020-06-02 21:45:21,490 [Listener at 127.0.0.1/43557] INFO  impl.MetricsSystemImpl (MetricsSystemImpl.java:init(158)) - HddsDatanode metrics system started (again)
2020-06-02 21:45:21,491 [Listener at 127.0.0.1/43557] INFO  ozone.HddsDatanodeService (HddsDatanodeService.java:start(205)) - HddsDatanodeService host:f720cdcd0861 ip:172.17.0.2
2020-06-02 21:45:21,492 [Listener at 127.0.0.1/43557] INFO  volume.HddsVolume (HddsVolume.java:<init>(176)) - Creating Volume: /github/workspace/mnt/ozone/hadoop-ozone/integration-test/target/test-dir/MiniOzoneClusterImpl-39d74104-fe92-41ad-97bc-67d3c75ba87b/datanode-2/data-0/containers/hdds of storage type : DISK and capacity : 9223372036854775807
2020-06-02 21:45:21,492 [Listener at 127.0.0.1/43557] INFO  volume.MutableVolumeSet (MutableVolumeSet.java:initializeVolumeSet(181)) - Added Volume : /github/workspace/mnt/ozone/hadoop-ozone/integration-test/target/test-dir/MiniOzoneClusterImpl-39d74104-fe92-41ad-97bc-67d3c75ba87b/datanode-2/data-0/containers/hdds to VolumeSet
2020-06-02 21:45:21,493 [Listener at 127.0.0.1/43557] INFO  volume.ThrottledAsyncChecker (ThrottledAsyncChecker.java:schedule(141)) - Scheduling a check for /github/workspace/mnt/ozone/hadoop-ozone/integration-test/target/test-dir/MiniOzoneClusterImpl-39d74104-fe92-41ad-97bc-67d3c75ba87b/datanode-2/data-0/containers/hdds
2020-06-02 21:45:21,493 [Listener at 127.0.0.1/43557] INFO  volume.HddsVolumeChecker (HddsVolumeChecker.java:checkAllVolumes(200)) - Scheduled health check for volume /github/workspace/mnt/ozone/hadoop-ozone/integration-test/target/test-dir/MiniOzoneClusterImpl-39d74104-fe92-41ad-97bc-67d3c75ba87b/datanode-2/data-0/containers/hdds
2020-06-02 21:45:21,525 [org.apache.hadoop.util.JvmPauseMonitor$Monitor@1278eaf8] INFO  util.JvmPauseMonitor (JvmPauseMonitor.java:run(188)) - Starting JVM pause monitor
2020-06-02 21:45:21,533 [Datanode State Machine Thread - 0] INFO  datanode.InitDatanodeState (InitDatanodeState.java:persistContainerDatanodeDetails(145)) - DatanodeDetails is persisted to /github/workspace/mnt/ozone/hadoop-ozone/integration-test/target/test-dir/MiniOzoneClusterImpl-39d74104-fe92-41ad-97bc-67d3c75ba87b/datanode-1/meta/datanode.id
2020-06-02 21:45:21,536 [Listener at 127.0.0.1/43557] INFO  impl.RaftServerProxy (ConfUtils.java:logGet(44)) - raft.rpc.type = GRPC (default)
2020-06-02 21:45:21,536 [Listener at 127.0.0.1/43557] INFO  grpc.GrpcFactory (GrpcFactory.java:checkPooledByteBufAllocatorUseCacheForAllThreads(45)) - PERFORMANCE WARNING: useCacheForAllThreads is true that may cause Netty to create a lot garbage objects and, as a result, trigger GC.
	It is recommended to disable useCacheForAllThreads by setting -Dorg.apache.ratis.thirdparty.io.netty.allocator.useCacheForAllThreads=false in command line.
2020-06-02 21:45:21,536 [Listener at 127.0.0.1/43557] INFO  grpc.GrpcConfigKeys (ConfUtils.java:logGet(44)) - raft.grpc.server.port = 0 (default)
2020-06-02 21:45:21,536 [Listener at 127.0.0.1/43557] INFO  server.GrpcService (ConfUtils.java:logGet(44)) - raft.grpc.message.size.max = 32MB (=33554432) (custom)
2020-06-02 21:45:21,537 [Listener at 127.0.0.1/43557] INFO  server.RaftServerConfigKeys (ConfUtils.java:logGet(44)) - raft.server.log.appender.buffer.byte-limit = 33554432 (custom)
2020-06-02 21:45:21,537 [Listener at 127.0.0.1/43557] INFO  server.GrpcService (ConfUtils.java:logGet(44)) - raft.grpc.flow.control.window = 5MB (=5242880) (custom)
2020-06-02 21:45:21,537 [Listener at 127.0.0.1/43557] INFO  server.RaftServerConfigKeys (ConfUtils.java:logGet(44)) - raft.server.rpc.request.timeout = 60s (custom)
2020-06-02 21:45:21,538 [Listener at 127.0.0.1/43557] INFO  server.RaftServerConfigKeys (ConfUtils.java:logGet(44)) - raft.server.storage.dir = [/github/workspace/mnt/ozone/hadoop-ozone/integration-test/target/test-dir/MiniOzoneClusterImpl-39d74104-fe92-41ad-97bc-67d3c75ba87b/datanode-2/data/ratis] (custom)
2020-06-02 21:45:21,542 [Listener at 127.0.0.1/43557] INFO  http.BaseHttpServer (BaseHttpServer.java:newHttpServer2BuilderForOzone(205)) - Starting Web-server for hddsDatanode at: http://0.0.0.0:0
2020-06-02 21:45:21,542 [Listener at 127.0.0.1/43557] INFO  http.BaseHttpServer (BaseHttpServer.java:<init>(106)) - Hadoop Security Enabled: false Ozone Security Enabled: false Ozone HTTP Security Enabled: false 
2020-06-02 21:45:21,544 [Listener at 127.0.0.1/43557] INFO  server.AuthenticationFilter (AuthenticationFilter.java:constructSecretProvider(240)) - Unable to initialize FileSignerSecretProvider, falling back to use random secrets.
2020-06-02 21:45:21,544 [Listener at 127.0.0.1/43557] WARN  http.HttpRequestLog (HttpRequestLog.java:getRequestLog(103)) - Jetty request log can only be enabled using Log4j
2020-06-02 21:45:21,545 [Listener at 127.0.0.1/43557] INFO  http.HttpServer2 (HttpServer2.java:addGlobalFilter(993)) - Added global filter 'safety' (class=org.apache.hadoop.hdds.server.http.HttpServer2$QuotingInputFilter)
2020-06-02 21:45:21,546 [Listener at 127.0.0.1/43557] INFO  http.HttpServer2 (HttpServer2.java:addFilter(969)) - Added filter authentication (class=org.apache.hadoop.security.authentication.server.AuthenticationFilter) to context hddsDatanode
2020-06-02 21:45:21,546 [Listener at 127.0.0.1/43557] INFO  http.HttpServer2 (HttpServer2.java:addFilter(977)) - Added filter authentication (class=org.apache.hadoop.security.authentication.server.AuthenticationFilter) to context logs
2020-06-02 21:45:21,546 [Listener at 127.0.0.1/43557] INFO  http.HttpServer2 (HttpServer2.java:addFilter(977)) - Added filter authentication (class=org.apache.hadoop.security.authentication.server.AuthenticationFilter) to context static
2020-06-02 21:45:21,546 [Listener at 127.0.0.1/43557] INFO  http.HttpServer2 (HttpServer2.java:bindListener(1211)) - Jetty bound to port 36147
2020-06-02 21:45:21,546 [Listener at 127.0.0.1/43557] INFO  server.Server (Server.java:doStart(359)) - jetty-9.4.26.v20200117; built: 2020-01-17T12:35:33.676Z; git: 7b38981d25d14afb4a12ff1f2596756144edf695; jvm 1.8.0_232-b09
2020-06-02 21:45:21,548 [Listener at 127.0.0.1/43557] INFO  server.session (DefaultSessionIdManager.java:doStart(333)) - DefaultSessionIdManager workerName=node0
2020-06-02 21:45:21,548 [Listener at 127.0.0.1/43557] INFO  server.session (DefaultSessionIdManager.java:doStart(338)) - No SessionScavenger set, using defaults
2020-06-02 21:45:21,548 [Listener at 127.0.0.1/43557] INFO  server.session (HouseKeeper.java:startScavenging(140)) - node0 Scavenging every 660000ms
2020-06-02 21:45:21,549 [Listener at 127.0.0.1/43557] INFO  server.AuthenticationFilter (AuthenticationFilter.java:constructSecretProvider(240)) - Unable to initialize FileSignerSecretProvider, falling back to use random secrets.
2020-06-02 21:45:21,549 [Listener at 127.0.0.1/43557] INFO  handler.ContextHandler (ContextHandler.java:doStart(825)) - Started o.e.j.s.ServletContextHandler@2505123c{logs,/logs,file:///github/workspace/mnt/ozone/hadoop-ozone/integration-test/target/log,AVAILABLE}
2020-06-02 21:45:21,550 [Listener at 127.0.0.1/43557] INFO  handler.ContextHandler (ContextHandler.java:doStart(825)) - Started o.e.j.s.ServletContextHandler@7a2298af{static,/static,jar:file:/home/user/.m2/repository/org/apache/hadoop/hadoop-hdds-container-service/0.6.0-SNAPSHOT/hadoop-hdds-container-service-0.6.0-SNAPSHOT.jar!/webapps/static,AVAILABLE}
2020-06-02 21:45:21,581 [Listener at 127.0.0.1/43557] INFO  handler.ContextHandler (ContextHandler.java:doStart(825)) - Started o.e.j.w.WebAppContext@2487a193{hddsDatanode,/,file:///tmp/jetty-0_0_0_0-36147-hadoop-hdds-container-service-0_6_0-SNAPSHOT_jar-_-any-4953755079913143154.dir/webapp/,AVAILABLE}{jar:file:/home/user/.m2/repository/org/apache/hadoop/hadoop-hdds-container-service/0.6.0-SNAPSHOT/hadoop-hdds-container-service-0.6.0-SNAPSHOT.jar!/webapps/hddsDatanode}
2020-06-02 21:45:21,582 [Listener at 127.0.0.1/43557] INFO  server.AbstractConnector (AbstractConnector.java:doStart(330)) - Started ServerConnector@457b7d1e{HTTP/1.1,[http/1.1]}{0.0.0.0:36147}
2020-06-02 21:45:21,583 [Listener at 127.0.0.1/43557] INFO  server.Server (Server.java:doStart(399)) - Started @107156ms
2020-06-02 21:45:21,583 [Listener at 127.0.0.1/43557] WARN  impl.MetricsSystemImpl (MetricsSystemImpl.java:register(276)) - Sink prometheus already exists!
2020-06-02 21:45:21,588 [Listener at 127.0.0.1/43557] INFO  http.BaseHttpServer (BaseHttpServer.java:updateConnectorAddress(325)) - HTTP server of hddsDatanode listening at http://0.0.0.0:36147
2020-06-02 21:45:21,588 [Listener at 127.0.0.1/43557] INFO  ozone.MiniOzoneClusterImpl (MiniOzoneClusterImpl.java:lambda$waitForClusterToBeReady$0(177)) - Waiting for nodes to be ready. Got 0 of 3 DN Heartbeats.
2020-06-02 21:45:21,588 [Listener at 127.0.0.1/43557] INFO  ozone.MiniOzoneClusterImpl (MiniOzoneClusterImpl.java:lambda$waitForClusterToBeReady$0(180)) - Waiting for cluster to exit safe mode
2020-06-02 21:45:21,593 [org.apache.hadoop.util.JvmPauseMonitor$Monitor@65966f8f] INFO  util.JvmPauseMonitor (JvmPauseMonitor.java:run(188)) - Starting JVM pause monitor
2020-06-02 21:45:21,595 [Datanode State Machine Thread - 0] INFO  datanode.InitDatanodeState (InitDatanodeState.java:persistContainerDatanodeDetails(145)) - DatanodeDetails is persisted to /github/workspace/mnt/ozone/hadoop-ozone/integration-test/target/test-dir/MiniOzoneClusterImpl-39d74104-fe92-41ad-97bc-67d3c75ba87b/datanode-2/meta/datanode.id
2020-06-02 21:45:22,589 [Listener at 127.0.0.1/43557] INFO  ozone.MiniOzoneClusterImpl (MiniOzoneClusterImpl.java:lambda$waitForClusterToBeReady$0(177)) - Waiting for nodes to be ready. Got 0 of 3 DN Heartbeats.
2020-06-02 21:45:22,589 [Listener at 127.0.0.1/43557] INFO  ozone.MiniOzoneClusterImpl (MiniOzoneClusterImpl.java:lambda$waitForClusterToBeReady$0(180)) - Waiting for cluster to exit safe mode
2020-06-02 21:45:23,435 [Datanode State Machine Thread - 0] INFO  ozoneimpl.OzoneContainer (OzoneContainer.java:start(232)) - Attempting to start container services.
2020-06-02 21:45:23,435 [Datanode State Machine Thread - 0] INFO  ozoneimpl.OzoneContainer (OzoneContainer.java:startContainerScrub(196)) - Background container scanner has been disabled.
2020-06-02 21:45:23,435 [Datanode State Machine Thread - 0] INFO  ratis.XceiverServerRatis (XceiverServerRatis.java:start(425)) - Starting XceiverServerRatis 697886cf-90a3-42a4-855b-3afc29536108 at port 0
2020-06-02 21:45:23,436 [Datanode State Machine Thread - 0] INFO  impl.RaftServerProxy (RaftServerProxy.java:lambda$start$3(299)) - 697886cf-90a3-42a4-855b-3afc29536108: start RPC server
2020-06-02 21:45:23,441 [Datanode State Machine Thread - 0] INFO  server.GrpcService (GrpcService.java:startImpl(159)) - 697886cf-90a3-42a4-855b-3afc29536108: GrpcService started, listening on 0.0.0.0/0.0.0.0:38677
2020-06-02 21:45:23,441 [Datanode State Machine Thread - 0] INFO  ratis.XceiverServerRatis (XceiverServerRatis.java:start(437)) - XceiverServerRatis 697886cf-90a3-42a4-855b-3afc29536108 is started using port 38677
2020-06-02 21:45:23,442 [Datanode State Machine Thread - 0] INFO  server.XceiverServerGrpc (XceiverServerGrpc.java:start(145)) - XceiverServerGrpc 697886cf-90a3-42a4-855b-3afc29536108 is started using port 39067
2020-06-02 21:45:23,531 [Datanode State Machine Thread - 0] INFO  ozoneimpl.OzoneContainer (OzoneContainer.java:start(232)) - Attempting to start container services.
2020-06-02 21:45:23,531 [Datanode State Machine Thread - 0] INFO  ozoneimpl.OzoneContainer (OzoneContainer.java:startContainerScrub(196)) - Background container scanner has been disabled.
2020-06-02 21:45:23,532 [Datanode State Machine Thread - 0] INFO  ratis.XceiverServerRatis (XceiverServerRatis.java:start(425)) - Starting XceiverServerRatis cfcc32ee-7213-461f-a0aa-ad0f2e8f62af at port 0
2020-06-02 21:45:23,533 [Datanode State Machine Thread - 0] INFO  impl.RaftServerProxy (RaftServerProxy.java:lambda$start$3(299)) - cfcc32ee-7213-461f-a0aa-ad0f2e8f62af: start RPC server
2020-06-02 21:45:23,538 [Datanode State Machine Thread - 0] INFO  server.GrpcService (GrpcService.java:startImpl(159)) - cfcc32ee-7213-461f-a0aa-ad0f2e8f62af: GrpcService started, listening on 0.0.0.0/0.0.0.0:45029
2020-06-02 21:45:23,538 [Datanode State Machine Thread - 0] INFO  ratis.XceiverServerRatis (XceiverServerRatis.java:start(437)) - XceiverServerRatis cfcc32ee-7213-461f-a0aa-ad0f2e8f62af is started using port 45029
2020-06-02 21:45:23,539 [Datanode State Machine Thread - 0] INFO  server.XceiverServerGrpc (XceiverServerGrpc.java:start(145)) - XceiverServerGrpc cfcc32ee-7213-461f-a0aa-ad0f2e8f62af is started using port 38311
2020-06-02 21:45:23,589 [Listener at 127.0.0.1/43557] INFO  ozone.MiniOzoneClusterImpl (MiniOzoneClusterImpl.java:lambda$waitForClusterToBeReady$0(177)) - Waiting for nodes to be ready. Got 0 of 3 DN Heartbeats.
2020-06-02 21:45:23,589 [Listener at 127.0.0.1/43557] INFO  ozone.MiniOzoneClusterImpl (MiniOzoneClusterImpl.java:lambda$waitForClusterToBeReady$0(180)) - Waiting for cluster to exit safe mode
2020-06-02 21:45:23,597 [Datanode State Machine Thread - 0] INFO  ozoneimpl.OzoneContainer (OzoneContainer.java:start(232)) - Attempting to start container services.
2020-06-02 21:45:23,597 [Datanode State Machine Thread - 0] INFO  ozoneimpl.OzoneContainer (OzoneContainer.java:startContainerScrub(196)) - Background container scanner has been disabled.
2020-06-02 21:45:23,597 [Datanode State Machine Thread - 0] INFO  ratis.XceiverServerRatis (XceiverServerRatis.java:start(425)) - Starting XceiverServerRatis b5c2ec00-3fae-4232-b683-9e5d794bf00b at port 0
2020-06-02 21:45:23,598 [Datanode State Machine Thread - 0] INFO  impl.RaftServerProxy (RaftServerProxy.java:lambda$start$3(299)) - b5c2ec00-3fae-4232-b683-9e5d794bf00b: start RPC server
2020-06-02 21:45:23,599 [Datanode State Machine Thread - 0] INFO  server.GrpcService (GrpcService.java:startImpl(159)) - b5c2ec00-3fae-4232-b683-9e5d794bf00b: GrpcService started, listening on 0.0.0.0/0.0.0.0:39617
2020-06-02 21:45:23,599 [Datanode State Machine Thread - 0] INFO  ratis.XceiverServerRatis (XceiverServerRatis.java:start(437)) - XceiverServerRatis b5c2ec00-3fae-4232-b683-9e5d794bf00b is started using port 39617
2020-06-02 21:45:23,600 [Datanode State Machine Thread - 0] INFO  server.XceiverServerGrpc (XceiverServerGrpc.java:start(145)) - XceiverServerGrpc b5c2ec00-3fae-4232-b683-9e5d794bf00b is started using port 45267
2020-06-02 21:45:24,590 [Listener at 127.0.0.1/43557] INFO  ozone.MiniOzoneClusterImpl (MiniOzoneClusterImpl.java:lambda$waitForClusterToBeReady$0(177)) - Waiting for nodes to be ready. Got 0 of 3 DN Heartbeats.
2020-06-02 21:45:24,590 [Listener at 127.0.0.1/43557] INFO  ozone.MiniOzoneClusterImpl (MiniOzoneClusterImpl.java:lambda$waitForClusterToBeReady$0(180)) - Waiting for cluster to exit safe mode
2020-06-02 21:45:25,426 [IPC Server handler 0 on default port 46497] INFO  net.NetworkTopology (NetworkTopologyImpl.java:add(111)) - Added a new node: /default-rack/697886cf-90a3-42a4-855b-3afc29536108
2020-06-02 21:45:25,426 [IPC Server handler 0 on default port 46497] INFO  node.SCMNodeManager (SCMNodeManager.java:register(268)) - Registered Data node : 697886cf-90a3-42a4-855b-3afc29536108{ip: 172.17.0.2, host: f720cdcd0861, networkLocation: /default-rack, certSerialId: null}
2020-06-02 21:45:25,427 [EventQueue-NodeRegistrationContainerReportForContainerSafeModeRule] INFO  safemode.SCMSafeModeManager (SCMSafeModeManager.java:validateSafeModeExitRules(213)) - ContainerSafeModeRule rule is successfully validated
2020-06-02 21:45:25,428 [EventQueue-NodeRegistrationContainerReportForDataNodeSafeModeRule] INFO  safemode.SCMSafeModeManager (DataNodeSafeModeRule.java:process(71)) - SCM in safe mode. 1 DataNodes registered, 1 required.
2020-06-02 21:45:25,428 [RatisPipelineUtilsThread] INFO  pipeline.RatisPipelineProvider (RatisPipelineProvider.java:lambda$create$0(138)) - Sending CreatePipelineCommand for pipeline:PipelineID=cdb04f22-3d98-4c01-bd99-ee3d28ed07bc to datanode:697886cf-90a3-42a4-855b-3afc29536108
2020-06-02 21:45:25,430 [RatisPipelineUtilsThread] INFO  pipeline.PipelineStateManager (PipelineStateManager.java:addPipeline(54)) - Created pipeline Pipeline[ Id: cdb04f22-3d98-4c01-bd99-ee3d28ed07bc, Nodes: 697886cf-90a3-42a4-855b-3afc29536108{ip: 172.17.0.2, host: f720cdcd0861, networkLocation: /default-rack, certSerialId: null}, Type:RATIS, Factor:ONE, State:ALLOCATED, leaderId:null, CreationTimestamp2020-06-02T21:45:25.428Z]
2020-06-02 21:45:25,430 [RatisPipelineUtilsThread] ERROR pipeline.SCMPipelineManager (SCMPipelineManager.java:createPipeline(222)) - Failed to create pipeline of type RATIS and factor ONE. Exception: Cannot create pipeline of factor 1 using 0 nodes. Used 1 nodes. Healthy nodes 1
2020-06-02 21:45:25,431 [EventQueue-NodeRegistrationContainerReportForDataNodeSafeModeRule] INFO  safemode.SCMSafeModeManager (SCMSafeModeManager.java:validateSafeModeExitRules(213)) - DataNodeSafeModeRule rule is successfully validated
2020-06-02 21:45:25,431 [EventQueue-NodeRegistrationContainerReportForDataNodeSafeModeRule] INFO  safemode.SCMSafeModeManager (SCMSafeModeManager.java:completePreCheck(241)) - All SCM safe mode pre check rules have passed
2020-06-02 21:45:25,431 [RatisPipelineUtilsThread] ERROR pipeline.SCMPipelineManager (SCMPipelineManager.java:createPipeline(222)) - Failed to create pipeline of type RATIS and factor ONE. Exception: Cannot create pipeline of factor 1 using 0 nodes. Used 1 nodes. Healthy nodes 1
2020-06-02 21:45:25,431 [RatisPipelineUtilsThread] WARN  pipeline.PipelinePlacementPolicy (PipelinePlacementPolicy.java:filterViableNodes(133)) - Pipeline creation failed due to no sufficient healthy datanodes. Required 3. Found 1.
2020-06-02 21:45:25,431 [RatisPipelineUtilsThread] ERROR pipeline.SCMPipelineManager (SCMPipelineManager.java:createPipeline(222)) - Failed to create pipeline of type RATIS and factor THREE. Exception: Pipeline creation failed due to no sufficient healthy datanodes. Required 3. Found 1.
2020-06-02 21:45:25,527 [IPC Server handler 1 on default port 46497] INFO  net.NetworkTopology (NetworkTopologyImpl.java:add(111)) - Added a new node: /default-rack/cfcc32ee-7213-461f-a0aa-ad0f2e8f62af
2020-06-02 21:45:25,528 [IPC Server handler 1 on default port 46497] INFO  node.SCMNodeManager (SCMNodeManager.java:register(268)) - Registered Data node : cfcc32ee-7213-461f-a0aa-ad0f2e8f62af{ip: 172.17.0.2, host: f720cdcd0861, networkLocation: /default-rack, certSerialId: null}
2020-06-02 21:45:25,528 [RatisPipelineUtilsThread] INFO  pipeline.RatisPipelineProvider (RatisPipelineProvider.java:lambda$create$0(138)) - Sending CreatePipelineCommand for pipeline:PipelineID=e5ef578b-2358-4073-82b4-90b06b44ce90 to datanode:cfcc32ee-7213-461f-a0aa-ad0f2e8f62af
2020-06-02 21:45:25,528 [EventQueue-NodeRegistrationContainerReportForContainerSafeModeRule] INFO  safemode.SCMSafeModeManager (SCMSafeModeManager.java:validateSafeModeExitRules(213)) - ContainerSafeModeRule rule is successfully validated
2020-06-02 21:45:25,529 [EventQueue-NodeRegistrationContainerReportForDataNodeSafeModeRule] INFO  safemode.SCMSafeModeManager (SCMSafeModeManager.java:validateSafeModeExitRules(213)) - DataNodeSafeModeRule rule is successfully validated
2020-06-02 21:45:25,529 [RatisPipelineUtilsThread] INFO  pipeline.PipelineStateManager (PipelineStateManager.java:addPipeline(54)) - Created pipeline Pipeline[ Id: e5ef578b-2358-4073-82b4-90b06b44ce90, Nodes: cfcc32ee-7213-461f-a0aa-ad0f2e8f62af{ip: 172.17.0.2, host: f720cdcd0861, networkLocation: /default-rack, certSerialId: null}, Type:RATIS, Factor:ONE, State:ALLOCATED, leaderId:null, CreationTimestamp2020-06-02T21:45:25.528Z]
2020-06-02 21:45:25,529 [RatisPipelineUtilsThread] ERROR pipeline.SCMPipelineManager (SCMPipelineManager.java:createPipeline(222)) - Failed to create pipeline of type RATIS and factor ONE. Exception: Cannot create pipeline of factor 1 using 0 nodes. Used 2 nodes. Healthy nodes 2
2020-06-02 21:45:25,529 [RatisPipelineUtilsThread] WARN  pipeline.PipelinePlacementPolicy (PipelinePlacementPolicy.java:filterViableNodes(133)) - Pipeline creation failed due to no sufficient healthy datanodes. Required 3. Found 2.
2020-06-02 21:45:25,530 [RatisPipelineUtilsThread] ERROR pipeline.SCMPipelineManager (SCMPipelineManager.java:createPipeline(222)) - Failed to create pipeline of type RATIS and factor THREE. Exception: Pipeline creation failed due to no sufficient healthy datanodes. Required 3. Found 2.
2020-06-02 21:45:25,590 [Listener at 127.0.0.1/43557] INFO  ozone.MiniOzoneClusterImpl (MiniOzoneClusterImpl.java:lambda$waitForClusterToBeReady$0(177)) - Waiting for nodes to be ready. Got 2 of 3 DN Heartbeats.
2020-06-02 21:45:25,590 [Listener at 127.0.0.1/43557] INFO  ozone.MiniOzoneClusterImpl (MiniOzoneClusterImpl.java:lambda$waitForClusterToBeReady$0(180)) - Waiting for cluster to exit safe mode
2020-06-02 21:45:25,596 [IPC Server handler 3 on default port 46497] INFO  net.NetworkTopology (NetworkTopologyImpl.java:add(111)) - Added a new node: /default-rack/b5c2ec00-3fae-4232-b683-9e5d794bf00b
2020-06-02 21:45:25,596 [IPC Server handler 3 on default port 46497] INFO  node.SCMNodeManager (SCMNodeManager.java:register(268)) - Registered Data node : b5c2ec00-3fae-4232-b683-9e5d794bf00b{ip: 172.17.0.2, host: f720cdcd0861, networkLocation: /default-rack, certSerialId: null}
2020-06-02 21:45:25,596 [RatisPipelineUtilsThread] INFO  pipeline.RatisPipelineProvider (RatisPipelineProvider.java:lambda$create$0(138)) - Sending CreatePipelineCommand for pipeline:PipelineID=a776997c-4247-4c2f-9a4e-9a7393e4aaff to datanode:b5c2ec00-3fae-4232-b683-9e5d794bf00b
2020-06-02 21:45:25,597 [EventQueue-NodeRegistrationContainerReportForContainerSafeModeRule] INFO  safemode.SCMSafeModeManager (SCMSafeModeManager.java:validateSafeModeExitRules(213)) - ContainerSafeModeRule rule is successfully validated
2020-06-02 21:45:25,597 [EventQueue-NodeRegistrationContainerReportForDataNodeSafeModeRule] INFO  safemode.SCMSafeModeManager (SCMSafeModeManager.java:validateSafeModeExitRules(213)) - DataNodeSafeModeRule rule is successfully validated
2020-06-02 21:45:25,597 [RatisPipelineUtilsThread] INFO  pipeline.PipelineStateManager (PipelineStateManager.java:addPipeline(54)) - Created pipeline Pipeline[ Id: a776997c-4247-4c2f-9a4e-9a7393e4aaff, Nodes: b5c2ec00-3fae-4232-b683-9e5d794bf00b{ip: 172.17.0.2, host: f720cdcd0861, networkLocation: /default-rack, certSerialId: null}, Type:RATIS, Factor:ONE, State:ALLOCATED, leaderId:null, CreationTimestamp2020-06-02T21:45:25.596Z]
2020-06-02 21:45:25,598 [RatisPipelineUtilsThread] ERROR pipeline.SCMPipelineManager (SCMPipelineManager.java:createPipeline(222)) - Failed to create pipeline of type RATIS and factor ONE. Exception: Cannot create pipeline of factor 1 using 0 nodes. Used 3 nodes. Healthy nodes 3
2020-06-02 21:45:25,599 [RatisPipelineUtilsThread] INFO  pipeline.RatisPipelineProvider (RatisPipelineProvider.java:lambda$create$0(138)) - Sending CreatePipelineCommand for pipeline:PipelineID=cb8d75b6-4be9-422d-8899-fe370b887547 to datanode:b5c2ec00-3fae-4232-b683-9e5d794bf00b
2020-06-02 21:45:25,599 [RatisPipelineUtilsThread] INFO  pipeline.RatisPipelineProvider (RatisPipelineProvider.java:lambda$create$0(138)) - Sending CreatePipelineCommand for pipeline:PipelineID=cb8d75b6-4be9-422d-8899-fe370b887547 to datanode:cfcc32ee-7213-461f-a0aa-ad0f2e8f62af
2020-06-02 21:45:25,599 [RatisPipelineUtilsThread] INFO  pipeline.RatisPipelineProvider (RatisPipelineProvider.java:lambda$create$0(138)) - Sending CreatePipelineCommand for pipeline:PipelineID=cb8d75b6-4be9-422d-8899-fe370b887547 to datanode:697886cf-90a3-42a4-855b-3afc29536108
2020-06-02 21:45:25,600 [RatisPipelineUtilsThread] INFO  pipeline.PipelineStateManager (PipelineStateManager.java:addPipeline(54)) - Created pipeline Pipeline[ Id: cb8d75b6-4be9-422d-8899-fe370b887547, Nodes: b5c2ec00-3fae-4232-b683-9e5d794bf00b{ip: 172.17.0.2, host: f720cdcd0861, networkLocation: /default-rack, certSerialId: null}cfcc32ee-7213-461f-a0aa-ad0f2e8f62af{ip: 172.17.0.2, host: f720cdcd0861, networkLocation: /default-rack, certSerialId: null}697886cf-90a3-42a4-855b-3afc29536108{ip: 172.17.0.2, host: f720cdcd0861, networkLocation: /default-rack, certSerialId: null}, Type:RATIS, Factor:THREE, State:ALLOCATED, leaderId:null, CreationTimestamp2020-06-02T21:45:25.599Z]
2020-06-02 21:45:25,600 [RatisPipelineUtilsThread] ERROR pipeline.SCMPipelineManager (SCMPipelineManager.java:createPipeline(222)) - Failed to create pipeline of type RATIS and factor THREE. Exception: Pipeline creation failed because nodes are engaged in other pipelines and every node can only be engaged in max 2 pipelines. Required 3. Found 0
2020-06-02 21:45:26,591 [Listener at 127.0.0.1/43557] INFO  ozone.MiniOzoneClusterImpl (MiniOzoneClusterImpl.java:lambda$waitForClusterToBeReady$0(177)) - Nodes are ready. Got 3 of 3 DN Heartbeats.
2020-06-02 21:45:26,592 [Listener at 127.0.0.1/43557] INFO  ozone.MiniOzoneClusterImpl (MiniOzoneClusterImpl.java:lambda$waitForClusterToBeReady$0(180)) - Waiting for cluster to exit safe mode
2020-06-02 21:45:27,592 [Listener at 127.0.0.1/43557] INFO  ozone.MiniOzoneClusterImpl (MiniOzoneClusterImpl.java:lambda$waitForClusterToBeReady$0(177)) - Nodes are ready. Got 3 of 3 DN Heartbeats.
2020-06-02 21:45:27,592 [Listener at 127.0.0.1/43557] INFO  ozone.MiniOzoneClusterImpl (MiniOzoneClusterImpl.java:lambda$waitForClusterToBeReady$0(180)) - Waiting for cluster to exit safe mode
2020-06-02 21:45:28,423 [Command processor thread] INFO  impl.RaftServerProxy (RaftServerProxy.java:addNew(89)) - 697886cf-90a3-42a4-855b-3afc29536108: addNew group-EE3D28ED07BC:[697886cf-90a3-42a4-855b-3afc29536108:172.17.0.2:38677] returns group-EE3D28ED07BC:java.util.concurrent.CompletableFuture@5da3471b[Not completed]
2020-06-02 21:45:28,429 [pool-154-thread-1] INFO  impl.RaftServerImpl (RaftServerImpl.java:<init>(98)) - 697886cf-90a3-42a4-855b-3afc29536108: new RaftServerImpl for group-EE3D28ED07BC:[697886cf-90a3-42a4-855b-3afc29536108:172.17.0.2:38677] with ContainerStateMachine:uninitialized
2020-06-02 21:45:28,429 [pool-154-thread-1] INFO  server.RaftServerConfigKeys (ConfUtils.java:logGet(44)) - raft.server.rpc.timeout.min = 5s (custom)
2020-06-02 21:45:28,430 [pool-154-thread-1] INFO  server.RaftServerConfigKeys (ConfUtils.java:logGet(44)) - raft.server.rpc.timeout.max = 5200ms (custom)
2020-06-02 21:45:28,430 [pool-154-thread-1] INFO  server.RaftServerConfigKeys (ConfUtils.java:logGet(44)) - raft.server.rpcslowness.timeout = 300s (custom)
2020-06-02 21:45:28,430 [pool-154-thread-1] INFO  server.RaftServerConfigKeys (ConfUtils.java:logGet(44)) - raft.server.sleep.deviation.threshold = 300 (default)
2020-06-02 21:45:28,430 [pool-154-thread-1] INFO  server.RaftServerConfigKeys (ConfUtils.java:logGet(44)) - raft.server.log.appender.install.snapshot.enabled = false (custom)
2020-06-02 21:45:28,430 [pool-154-thread-1] INFO  impl.RaftServerImpl (ServerState.java:<init>(103)) - 697886cf-90a3-42a4-855b-3afc29536108@group-EE3D28ED07BC: ConfigurationManager, init=-1: [697886cf-90a3-42a4-855b-3afc29536108:172.17.0.2:38677], old=null, confs=<EMPTY_MAP>
2020-06-02 21:45:28,430 [pool-154-thread-1] INFO  server.RaftServerConfigKeys (ConfUtils.java:logGet(44)) - raft.server.storage.dir = [/github/workspace/mnt/ozone/hadoop-ozone/integration-test/target/test-dir/MiniOzoneClusterImpl-39d74104-fe92-41ad-97bc-67d3c75ba87b/datanode-0/data/ratis] (custom)
2020-06-02 21:45:28,430 [pool-154-thread-1] INFO  server.RaftServerConfigKeys (ConfUtils.java:logGet(44)) - raft.server.log.corruption.policy = EXCEPTION (default)
2020-06-02 21:45:28,430 [pool-154-thread-1] INFO  storage.RaftStorageDirectory (RaftStorageDirectory.java:analyzeStorage(261)) - The storage directory /github/workspace/mnt/ozone/hadoop-ozone/integration-test/target/test-dir/MiniOzoneClusterImpl-39d74104-fe92-41ad-97bc-67d3c75ba87b/datanode-0/data/ratis/cdb04f22-3d98-4c01-bd99-ee3d28ed07bc does not exist. Creating ...
2020-06-02 21:45:28,432 [pool-154-thread-1] INFO  storage.RaftStorageDirectory (RaftStorageDirectory.java:tryLock(343)) - Lock on /github/workspace/mnt/ozone/hadoop-ozone/integration-test/target/test-dir/MiniOzoneClusterImpl-39d74104-fe92-41ad-97bc-67d3c75ba87b/datanode-0/data/ratis/cdb04f22-3d98-4c01-bd99-ee3d28ed07bc/in_use.lock acquired by nodename 11745@f720cdcd0861
2020-06-02 21:45:28,433 [pool-154-thread-1] INFO  storage.RaftStorage (RaftStorage.java:format(84)) - Storage directory /github/workspace/mnt/ozone/hadoop-ozone/integration-test/target/test-dir/MiniOzoneClusterImpl-39d74104-fe92-41ad-97bc-67d3c75ba87b/datanode-0/data/ratis/cdb04f22-3d98-4c01-bd99-ee3d28ed07bc has been successfully formatted.
2020-06-02 21:45:28,434 [pool-154-thread-1] INFO  ratis.ContainerStateMachine (ContainerStateMachine.java:loadSnapshot(226)) - group-EE3D28ED07BC: The snapshot info is null. Setting the last applied indexto:(t:0, i:~)
2020-06-02 21:45:28,434 [pool-154-thread-1] INFO  server.RaftServerConfigKeys (ConfUtils.java:logGet(44)) - raft.server.notification.no-leader.timeout = 60s (default)
2020-06-02 21:45:28,434 [pool-154-thread-1] INFO  server.RaftServerConfigKeys (ConfUtils.java:logGet(44)) - raft.server.log.use.memory = false (default)
2020-06-02 21:45:28,434 [pool-154-thread-1] INFO  server.RaftServerConfigKeys (ConfUtils.java:logGet(44)) - raft.server.log.purge.gap = 1000000 (custom)
2020-06-02 21:45:28,435 [pool-154-thread-1] INFO  server.RaftServerConfigKeys (ConfUtils.java:logGet(44)) - raft.server.log.appender.buffer.byte-limit = 33554432 (custom)
2020-06-02 21:45:28,435 [pool-154-thread-1] INFO  server.RaftServerConfigKeys (ConfUtils.java:logGet(44)) - raft.server.log.segment.size.max = 1048576 (custom)
2020-06-02 21:45:28,435 [pool-154-thread-1] INFO  metrics.RatisMetrics (RatisMetrics.java:lambda$create$0(39)) - Creating Metrics Registry : ratis.log_worker.697886cf-90a3-42a4-855b-3afc29536108
2020-06-02 21:45:28,439 [Datanode State Machine Thread - 0] ERROR statemachine.DatanodeStateMachine (DatanodeStateMachine.java:lambda$startDaemon$0(378)) - Unable to start the DatanodeState Machine
java.io.IOException: Unable to finish the execution.
	at org.apache.hadoop.ozone.container.common.statemachine.DatanodeStateMachine.start(DatanodeStateMachine.java:219)
	at org.apache.hadoop.ozone.container.common.statemachine.DatanodeStateMachine.lambda$startDaemon$0(DatanodeStateMachine.java:375)
	at java.lang.Thread.run(Thread.java:748)
Caused by: java.lang.InterruptedException: sleep interrupted
	at java.lang.Thread.sleep(Native Method)
	at org.apache.hadoop.ozone.container.common.statemachine.DatanodeStateMachine.start(DatanodeStateMachine.java:212)
	... 2 more
2020-06-02 21:45:28,439 [pool-154-thread-1] INFO  server.RaftServerConfigKeys (ConfUtils.java:logGet(44)) - raft.server.log.segment.cache.num.max = 2 (custom)
2020-06-02 21:45:28,439 [pool-154-thread-1] INFO  segmented.SegmentedRaftLogWorker (SegmentedRaftLogWorker.java:<init>(176)) - new 697886cf-90a3-42a4-855b-3afc29536108@group-EE3D28ED07BC-SegmentedRaftLogWorker for RaftStorage:Storage Directory /github/workspace/mnt/ozone/hadoop-ozone/integration-test/target/test-dir/MiniOzoneClusterImpl-39d74104-fe92-41ad-97bc-67d3c75ba87b/datanode-0/data/ratis/cdb04f22-3d98-4c01-bd99-ee3d28ed07bc
2020-06-02 21:45:28,439 [pool-154-thread-1] INFO  server.RaftServerConfigKeys (ConfUtils.java:logGet(44)) - raft.server.log.queue.byte-limit = 2147483647 (custom)
2020-06-02 21:45:28,439 [pool-154-thread-1] INFO  server.RaftServerConfigKeys (ConfUtils.java:logGet(44)) - raft.server.log.queue.element-limit = 1024 (custom)
2020-06-02 21:45:28,440 [pool-154-thread-1] INFO  server.RaftServerConfigKeys (ConfUtils.java:logGet(44)) - raft.server.log.segment.size.max = 1048576 (custom)
2020-06-02 21:45:28,440 [pool-154-thread-1] INFO  server.RaftServerConfigKeys (ConfUtils.java:logGet(44)) - raft.server.log.preallocated.size = 16384 (custom)
2020-06-02 21:45:28,440 [pool-154-thread-1] INFO  server.RaftServerConfigKeys (ConfUtils.java:logGet(44)) - raft.server.log.write.buffer.size = 1048576 (custom)
2020-06-02 21:45:28,440 [pool-154-thread-1] INFO  server.RaftServerConfigKeys (ConfUtils.java:logGet(44)) - raft.server.log.force.sync.num = 128 (default)
2020-06-02 21:45:28,440 [pool-154-thread-1] INFO  server.RaftServerConfigKeys (ConfUtils.java:logGet(44)) - raft.server.log.statemachine.data.sync = true (default)
2020-06-02 21:45:28,440 [pool-154-thread-1] INFO  server.RaftServerConfigKeys (ConfUtils.java:logGet(44)) - raft.server.log.statemachine.data.sync.timeout = 10s (default)
2020-06-02 21:45:28,440 [pool-154-thread-1] INFO  server.RaftServerConfigKeys (ConfUtils.java:logGet(44)) - raft.server.log.statemachine.data.sync.timeout.retry = -1 (default)
2020-06-02 21:45:28,442 [pool-154-thread-1] INFO  server.RaftServerConfigKeys (ConfUtils.java:logGet(44)) - raft.server.log.statemachine.data.caching.enabled = true (custom)
2020-06-02 21:45:28,442 [pool-154-thread-1] INFO  segmented.SegmentedRaftLogWorker (SegmentedRaftLogWorker.java:lambda$new$0(129)) - 697886cf-90a3-42a4-855b-3afc29536108@group-EE3D28ED07BC-SegmentedRaftLogWorker: flushIndex: setUnconditionally 0 -> -1
2020-06-02 21:45:28,442 [pool-154-thread-1] INFO  server.RaftServerConfigKeys (ConfUtils.java:logGet(44)) - raft.server.snapshot.auto.trigger.enabled = true (custom)
2020-06-02 21:45:28,442 [pool-154-thread-1] INFO  server.RaftServerConfigKeys (ConfUtils.java:logGet(44)) - raft.server.snapshot.auto.trigger.threshold = 10000 (custom)
2020-06-02 21:45:28,442 [pool-154-thread-1] INFO  server.RaftServerConfigKeys (ConfUtils.java:logGet(44)) - raft.server.snapshot.retention.file.num = 5 (custom)
2020-06-02 21:45:28,442 [pool-154-thread-1] INFO  server.RaftServerConfigKeys (ConfUtils.java:logGet(44)) - raft.server.log.purge.upto.snapshot.index = false (default)
2020-06-02 21:45:28,442 [pool-154-thread-1] INFO  server.RaftServerConfigKeys (ConfUtils.java:logGet(44)) - raft.server.retrycache.expirytime = 600000ms (custom)
2020-06-02 21:45:28,442 [pool-154-thread-1] INFO  metrics.RatisMetrics (RatisMetrics.java:lambda$create$0(39)) - Creating Metrics Registry : ratis.leader_election.697886cf-90a3-42a4-855b-3afc29536108@group-EE3D28ED07BC
2020-06-02 21:45:28,443 [pool-154-thread-1] INFO  metrics.RatisMetrics (RatisMetrics.java:lambda$create$0(39)) - Creating Metrics Registry : ratis.server.697886cf-90a3-42a4-855b-3afc29536108@group-EE3D28ED07BC
2020-06-02 21:45:28,444 [pool-154-thread-1] INFO  impl.RaftServerImpl (RaftServerImpl.java:start(184)) - 697886cf-90a3-42a4-855b-3afc29536108@group-EE3D28ED07BC: start as a follower, conf=-1: [697886cf-90a3-42a4-855b-3afc29536108:172.17.0.2:38677], old=null
2020-06-02 21:45:28,444 [pool-154-thread-1] INFO  impl.RaftServerImpl (RaftServerImpl.java:setRole(173)) - 697886cf-90a3-42a4-855b-3afc29536108@group-EE3D28ED07BC: changes role from      null to FOLLOWER at term 0 for startAsFollower
2020-06-02 21:45:28,444 [pool-154-thread-1] INFO  impl.RoleInfo (RoleInfo.java:updateAndGet(143)) - 697886cf-90a3-42a4-855b-3afc29536108: start FollowerState
2020-06-02 21:45:28,445 [pool-154-thread-1] INFO  util.JmxRegister (JmxRegister.java:tryRegister(44)) - Successfully registered JMX Bean with object name Ratis:service=RaftServer,group=group-EE3D28ED07BC,id=697886cf-90a3-42a4-855b-3afc29536108
2020-06-02 21:45:28,445 [pool-154-thread-1] INFO  metrics.RatisMetrics (RatisMetrics.java:lambda$create$0(39)) - Creating Metrics Registry : ratis.state_machine.697886cf-90a3-42a4-855b-3afc29536108@group-EE3D28ED07BC
2020-06-02 21:45:28,446 [Command processor thread] INFO  commandhandler.CreatePipelineCommandHandler (CreatePipelineCommandHandler.java:handle(109)) - Created Pipeline RATIS ONE #id: "cdb04f22-3d98-4c01-bd99-ee3d28ed07bc"
.
2020-06-02 21:45:28,447 [pool-154-thread-1] INFO  impl.RaftServerImpl (RaftServerImpl.java:<init>(98)) - 697886cf-90a3-42a4-855b-3afc29536108: new RaftServerImpl for group-FE370B887547:[b5c2ec00-3fae-4232-b683-9e5d794bf00b:172.17.0.2:39617, 697886cf-90a3-42a4-855b-3afc29536108:172.17.0.2:38677, cfcc32ee-7213-461f-a0aa-ad0f2e8f62af:172.17.0.2:45029] with ContainerStateMachine:uninitialized
2020-06-02 21:45:28,448 [pool-154-thread-1] INFO  server.RaftServerConfigKeys (ConfUtils.java:logGet(44)) - raft.server.rpc.timeout.min = 5s (custom)
2020-06-02 21:45:28,448 [pool-154-thread-1] INFO  server.RaftServerConfigKeys (ConfUtils.java:logGet(44)) - raft.server.rpc.timeout.max = 5200ms (custom)
2020-06-02 21:45:28,448 [pool-154-thread-1] INFO  server.RaftServerConfigKeys (ConfUtils.java:logGet(44)) - raft.server.rpcslowness.timeout = 300s (custom)
2020-06-02 21:45:28,448 [pool-154-thread-1] INFO  server.RaftServerConfigKeys (ConfUtils.java:logGet(44)) - raft.server.sleep.deviation.threshold = 300 (default)
2020-06-02 21:45:28,448 [pool-154-thread-1] INFO  server.RaftServerConfigKeys (ConfUtils.java:logGet(44)) - raft.server.log.appender.install.snapshot.enabled = false (custom)
2020-06-02 21:45:28,448 [pool-154-thread-1] INFO  impl.RaftServerImpl (ServerState.java:<init>(103)) - 697886cf-90a3-42a4-855b-3afc29536108@group-FE370B887547: ConfigurationManager, init=-1: [b5c2ec00-3fae-4232-b683-9e5d794bf00b:172.17.0.2:39617, 697886cf-90a3-42a4-855b-3afc29536108:172.17.0.2:38677, cfcc32ee-7213-461f-a0aa-ad0f2e8f62af:172.17.0.2:45029], old=null, confs=<EMPTY_MAP>
2020-06-02 21:45:28,448 [pool-154-thread-1] INFO  server.RaftServerConfigKeys (ConfUtils.java:logGet(44)) - raft.server.storage.dir = [/github/workspace/mnt/ozone/hadoop-ozone/integration-test/target/test-dir/MiniOzoneClusterImpl-39d74104-fe92-41ad-97bc-67d3c75ba87b/datanode-0/data/ratis] (custom)
2020-06-02 21:45:28,448 [pool-154-thread-1] INFO  server.RaftServerConfigKeys (ConfUtils.java:logGet(44)) - raft.server.log.corruption.policy = EXCEPTION (default)
2020-06-02 21:45:28,448 [pool-154-thread-1] INFO  storage.RaftStorageDirectory (RaftStorageDirectory.java:analyzeStorage(261)) - The storage directory /github/workspace/mnt/ozone/hadoop-ozone/integration-test/target/test-dir/MiniOzoneClusterImpl-39d74104-fe92-41ad-97bc-67d3c75ba87b/datanode-0/data/ratis/cb8d75b6-4be9-422d-8899-fe370b887547 does not exist. Creating ...
2020-06-02 21:45:28,454 [Command processor thread] INFO  impl.RaftServerProxy (RaftServerProxy.java:addNew(89)) - 697886cf-90a3-42a4-855b-3afc29536108: addNew group-FE370B887547:[b5c2ec00-3fae-4232-b683-9e5d794bf00b:172.17.0.2:39617, 697886cf-90a3-42a4-855b-3afc29536108:172.17.0.2:38677, cfcc32ee-7213-461f-a0aa-ad0f2e8f62af:172.17.0.2:45029] returns group-FE370B887547:java.util.concurrent.CompletableFuture@599cd877[Not completed]
2020-06-02 21:45:28,454 [pool-154-thread-1] INFO  storage.RaftStorageDirectory (RaftStorageDirectory.java:tryLock(343)) - Lock on /github/workspace/mnt/ozone/hadoop-ozone/integration-test/target/test-dir/MiniOzoneClusterImpl-39d74104-fe92-41ad-97bc-67d3c75ba87b/datanode-0/data/ratis/cb8d75b6-4be9-422d-8899-fe370b887547/in_use.lock acquired by nodename 11745@f720cdcd0861
2020-06-02 21:45:28,456 [pool-154-thread-1] INFO  storage.RaftStorage (RaftStorage.java:format(84)) - Storage directory /github/workspace/mnt/ozone/hadoop-ozone/integration-test/target/test-dir/MiniOzoneClusterImpl-39d74104-fe92-41ad-97bc-67d3c75ba87b/datanode-0/data/ratis/cb8d75b6-4be9-422d-8899-fe370b887547 has been successfully formatted.
2020-06-02 21:45:28,456 [pool-154-thread-1] INFO  ratis.ContainerStateMachine (ContainerStateMachine.java:loadSnapshot(226)) - group-FE370B887547: The snapshot info is null. Setting the last applied indexto:(t:0, i:~)
2020-06-02 21:45:28,456 [pool-154-thread-1] INFO  server.RaftServerConfigKeys (ConfUtils.java:logGet(44)) - raft.server.notification.no-leader.timeout = 60s (default)
2020-06-02 21:45:28,456 [pool-154-thread-1] INFO  server.RaftServerConfigKeys (ConfUtils.java:logGet(44)) - raft.server.log.use.memory = false (default)
2020-06-02 21:45:28,456 [pool-154-thread-1] INFO  server.RaftServerConfigKeys (ConfUtils.java:logGet(44)) - raft.server.log.purge.gap = 1000000 (custom)
2020-06-02 21:45:28,456 [pool-154-thread-1] INFO  server.RaftServerConfigKeys (ConfUtils.java:logGet(44)) - raft.server.log.appender.buffer.byte-limit = 33554432 (custom)
2020-06-02 21:45:28,456 [pool-154-thread-1] INFO  server.RaftServerConfigKeys (ConfUtils.java:logGet(44)) - raft.server.log.segment.size.max = 1048576 (custom)
2020-06-02 21:45:28,456 [pool-154-thread-1] INFO  server.RaftServerConfigKeys (ConfUtils.java:logGet(44)) - raft.server.log.segment.cache.num.max = 2 (custom)
2020-06-02 21:45:28,457 [pool-154-thread-1] INFO  segmented.SegmentedRaftLogWorker (SegmentedRaftLogWorker.java:<init>(176)) - new 697886cf-90a3-42a4-855b-3afc29536108@group-FE370B887547-SegmentedRaftLogWorker for RaftStorage:Storage Directory /github/workspace/mnt/ozone/hadoop-ozone/integration-test/target/test-dir/MiniOzoneClusterImpl-39d74104-fe92-41ad-97bc-67d3c75ba87b/datanode-0/data/ratis/cb8d75b6-4be9-422d-8899-fe370b887547
2020-06-02 21:45:28,457 [pool-154-thread-1] INFO  server.RaftServerConfigKeys (ConfUtils.java:logGet(44)) - raft.server.log.queue.byte-limit = 2147483647 (custom)
2020-06-02 21:45:28,457 [pool-154-thread-1] INFO  server.RaftServerConfigKeys (ConfUtils.java:logGet(44)) - raft.server.log.queue.element-limit = 1024 (custom)
2020-06-02 21:45:28,457 [pool-154-thread-1] INFO  server.RaftServerConfigKeys (ConfUtils.java:logGet(44)) - raft.server.log.segment.size.max = 1048576 (custom)
2020-06-02 21:45:28,457 [pool-154-thread-1] INFO  server.RaftServerConfigKeys (ConfUtils.java:logGet(44)) - raft.server.log.preallocated.size = 16384 (custom)
2020-06-02 21:45:28,457 [pool-154-thread-1] INFO  server.RaftServerConfigKeys (ConfUtils.java:logGet(44)) - raft.server.log.write.buffer.size = 1048576 (custom)
2020-06-02 21:45:28,457 [pool-154-thread-1] INFO  server.RaftServerConfigKeys (ConfUtils.java:logGet(44)) - raft.server.log.force.sync.num = 128 (default)
2020-06-02 21:45:28,457 [pool-154-thread-1] INFO  server.RaftServerConfigKeys (ConfUtils.java:logGet(44)) - raft.server.log.statemachine.data.sync = true (default)
2020-06-02 21:45:28,457 [pool-154-thread-1] INFO  server.RaftServerConfigKeys (ConfUtils.java:logGet(44)) - raft.server.log.statemachine.data.sync.timeout = 10s (default)
2020-06-02 21:45:28,457 [pool-154-thread-1] INFO  server.RaftServerConfigKeys (ConfUtils.java:logGet(44)) - raft.server.log.statemachine.data.sync.timeout.retry = -1 (default)
2020-06-02 21:45:28,458 [pool-154-thread-1] INFO  server.RaftServerConfigKeys (ConfUtils.java:logGet(44)) - raft.server.log.statemachine.data.caching.enabled = true (custom)
2020-06-02 21:45:28,458 [pool-154-thread-1] INFO  segmented.SegmentedRaftLogWorker (SegmentedRaftLogWorker.java:lambda$new$0(129)) - 697886cf-90a3-42a4-855b-3afc29536108@group-FE370B887547-SegmentedRaftLogWorker: flushIndex: setUnconditionally 0 -> -1
2020-06-02 21:45:28,458 [pool-154-thread-1] INFO  server.RaftServerConfigKeys (ConfUtils.java:logGet(44)) - raft.server.snapshot.auto.trigger.enabled = true (custom)
2020-06-02 21:45:28,458 [pool-154-thread-1] INFO  server.RaftServerConfigKeys (ConfUtils.java:logGet(44)) - raft.server.snapshot.auto.trigger.threshold = 10000 (custom)
2020-06-02 21:45:28,458 [pool-154-thread-1] INFO  server.RaftServerConfigKeys (ConfUtils.java:logGet(44)) - raft.server.snapshot.retention.file.num = 5 (custom)
2020-06-02 21:45:28,458 [pool-154-thread-1] INFO  server.RaftServerConfigKeys (ConfUtils.java:logGet(44)) - raft.server.log.purge.upto.snapshot.index = false (default)
2020-06-02 21:45:28,459 [pool-154-thread-1] INFO  server.RaftServerConfigKeys (ConfUtils.java:logGet(44)) - raft.server.retrycache.expirytime = 600000ms (custom)
2020-06-02 21:45:28,459 [pool-154-thread-1] INFO  metrics.RatisMetrics (RatisMetrics.java:lambda$create$0(39)) - Creating Metrics Registry : ratis.leader_election.697886cf-90a3-42a4-855b-3afc29536108@group-FE370B887547
2020-06-02 21:45:28,459 [pool-154-thread-1] INFO  metrics.RatisMetrics (RatisMetrics.java:lambda$create$0(39)) - Creating Metrics Registry : ratis.server.697886cf-90a3-42a4-855b-3afc29536108@group-FE370B887547
2020-06-02 21:45:28,460 [pool-154-thread-1] INFO  impl.RaftServerImpl (RaftServerImpl.java:start(184)) - 697886cf-90a3-42a4-855b-3afc29536108@group-FE370B887547: start as a follower, conf=-1: [b5c2ec00-3fae-4232-b683-9e5d794bf00b:172.17.0.2:39617, 697886cf-90a3-42a4-855b-3afc29536108:172.17.0.2:38677, cfcc32ee-7213-461f-a0aa-ad0f2e8f62af:172.17.0.2:45029], old=null
2020-06-02 21:45:28,460 [pool-154-thread-1] INFO  impl.RaftServerImpl (RaftServerImpl.java:setRole(173)) - 697886cf-90a3-42a4-855b-3afc29536108@group-FE370B887547: changes role from      null to FOLLOWER at term 0 for startAsFollower
2020-06-02 21:45:28,460 [pool-154-thread-1] INFO  impl.RoleInfo (RoleInfo.java:updateAndGet(143)) - 697886cf-90a3-42a4-855b-3afc29536108: start FollowerState
2020-06-02 21:45:28,460 [pool-154-thread-1] INFO  util.JmxRegister (JmxRegister.java:tryRegister(44)) - Successfully registered JMX Bean with object name Ratis:service=RaftServer,group=group-FE370B887547,id=697886cf-90a3-42a4-855b-3afc29536108
2020-06-02 21:45:28,460 [pool-154-thread-1] INFO  metrics.RatisMetrics (RatisMetrics.java:lambda$create$0(39)) - Creating Metrics Registry : ratis.state_machine.697886cf-90a3-42a4-855b-3afc29536108@group-FE370B887547
2020-06-02 21:45:28,481 [grpc-default-executor-0] INFO  impl.RaftServerProxy (RaftServerProxy.java:addNew(89)) - b5c2ec00-3fae-4232-b683-9e5d794bf00b: addNew group-FE370B887547:[b5c2ec00-3fae-4232-b683-9e5d794bf00b:172.17.0.2:39617, 697886cf-90a3-42a4-855b-3afc29536108:172.17.0.2:38677, cfcc32ee-7213-461f-a0aa-ad0f2e8f62af:172.17.0.2:45029] returns group-FE370B887547:java.util.concurrent.CompletableFuture@3a4ffdb2[Not completed]
2020-06-02 21:45:28,484 [pool-186-thread-1] INFO  impl.RaftServerImpl (RaftServerImpl.java:<init>(98)) - b5c2ec00-3fae-4232-b683-9e5d794bf00b: new RaftServerImpl for group-FE370B887547:[b5c2ec00-3fae-4232-b683-9e5d794bf00b:172.17.0.2:39617, 697886cf-90a3-42a4-855b-3afc29536108:172.17.0.2:38677, cfcc32ee-7213-461f-a0aa-ad0f2e8f62af:172.17.0.2:45029] with ContainerStateMachine:uninitialized
2020-06-02 21:45:28,489 [pool-186-thread-1] INFO  server.RaftServerConfigKeys (ConfUtils.java:logGet(44)) - raft.server.rpc.timeout.min = 5s (custom)
2020-06-02 21:45:28,489 [pool-186-thread-1] INFO  server.RaftServerConfigKeys (ConfUtils.java:logGet(44)) - raft.server.rpc.timeout.max = 5200ms (custom)
2020-06-02 21:45:28,489 [pool-186-thread-1] INFO  server.RaftServerConfigKeys (ConfUtils.java:logGet(44)) - raft.server.rpcslowness.timeout = 300s (custom)
2020-06-02 21:45:28,489 [pool-186-thread-1] INFO  server.RaftServerConfigKeys (ConfUtils.java:logGet(44)) - raft.server.sleep.deviation.threshold = 300 (default)
2020-06-02 21:45:28,489 [pool-186-thread-1] INFO  server.RaftServerConfigKeys (ConfUtils.java:logGet(44)) - raft.server.log.appender.install.snapshot.enabled = false (custom)
2020-06-02 21:45:28,489 [pool-186-thread-1] INFO  impl.RaftServerImpl (ServerState.java:<init>(103)) - b5c2ec00-3fae-4232-b683-9e5d794bf00b@group-FE370B887547: ConfigurationManager, init=-1: [b5c2ec00-3fae-4232-b683-9e5d794bf00b:172.17.0.2:39617, 697886cf-90a3-42a4-855b-3afc29536108:172.17.0.2:38677, cfcc32ee-7213-461f-a0aa-ad0f2e8f62af:172.17.0.2:45029], old=null, confs=<EMPTY_MAP>
2020-06-02 21:45:28,490 [pool-186-thread-1] INFO  server.RaftServerConfigKeys (ConfUtils.java:logGet(44)) - raft.server.storage.dir = [/github/workspace/mnt/ozone/hadoop-ozone/integration-test/target/test-dir/MiniOzoneClusterImpl-39d74104-fe92-41ad-97bc-67d3c75ba87b/datanode-2/data/ratis] (custom)
2020-06-02 21:45:28,490 [pool-186-thread-1] INFO  server.RaftServerConfigKeys (ConfUtils.java:logGet(44)) - raft.server.log.corruption.policy = EXCEPTION (default)
2020-06-02 21:45:28,490 [pool-186-thread-1] INFO  storage.RaftStorageDirectory (RaftStorageDirectory.java:analyzeStorage(261)) - The storage directory /github/workspace/mnt/ozone/hadoop-ozone/integration-test/target/test-dir/MiniOzoneClusterImpl-39d74104-fe92-41ad-97bc-67d3c75ba87b/datanode-2/data/ratis/cb8d75b6-4be9-422d-8899-fe370b887547 does not exist. Creating ...
2020-06-02 21:45:28,493 [pool-186-thread-1] INFO  storage.RaftStorageDirectory (RaftStorageDirectory.java:tryLock(343)) - Lock on /github/workspace/mnt/ozone/hadoop-ozone/integration-test/target/test-dir/MiniOzoneClusterImpl-39d74104-fe92-41ad-97bc-67d3c75ba87b/datanode-2/data/ratis/cb8d75b6-4be9-422d-8899-fe370b887547/in_use.lock acquired by nodename 11745@f720cdcd0861
2020-06-02 21:45:28,494 [pool-186-thread-1] INFO  storage.RaftStorage (RaftStorage.java:format(84)) - Storage directory /github/workspace/mnt/ozone/hadoop-ozone/integration-test/target/test-dir/MiniOzoneClusterImpl-39d74104-fe92-41ad-97bc-67d3c75ba87b/datanode-2/data/ratis/cb8d75b6-4be9-422d-8899-fe370b887547 has been successfully formatted.
2020-06-02 21:45:28,495 [pool-186-thread-1] INFO  ratis.ContainerStateMachine (ContainerStateMachine.java:loadSnapshot(226)) - group-FE370B887547: The snapshot info is null. Setting the last applied indexto:(t:0, i:~)
2020-06-02 21:45:28,495 [Datanode State Machine Thread - 0] ERROR statemachine.DatanodeStateMachine (DatanodeStateMachine.java:lambda$startDaemon$0(378)) - Unable to start the DatanodeState Machine
java.io.IOException: Unable to finish the execution.
	at org.apache.hadoop.ozone.container.common.statemachine.DatanodeStateMachine.start(DatanodeStateMachine.java:219)
	at org.apache.hadoop.ozone.container.common.statemachine.DatanodeStateMachine.lambda$startDaemon$0(DatanodeStateMachine.java:375)
	at java.lang.Thread.run(Thread.java:748)
Caused by: java.lang.InterruptedException: sleep interrupted
	at java.lang.Thread.sleep(Native Method)
	at org.apache.hadoop.ozone.container.common.statemachine.DatanodeStateMachine.start(DatanodeStateMachine.java:212)
	... 2 more
2020-06-02 21:45:28,495 [pool-186-thread-1] INFO  server.RaftServerConfigKeys (ConfUtils.java:logGet(44)) - raft.server.notification.no-leader.timeout = 60s (default)
2020-06-02 21:45:28,495 [pool-186-thread-1] INFO  server.RaftServerConfigKeys (ConfUtils.java:logGet(44)) - raft.server.log.use.memory = false (default)
2020-06-02 21:45:28,495 [pool-186-thread-1] INFO  server.RaftServerConfigKeys (ConfUtils.java:logGet(44)) - raft.server.log.purge.gap = 1000000 (custom)
2020-06-02 21:45:28,496 [pool-186-thread-1] INFO  server.RaftServerConfigKeys (ConfUtils.java:logGet(44)) - raft.server.log.appender.buffer.byte-limit = 33554432 (custom)
2020-06-02 21:45:28,496 [pool-186-thread-1] INFO  server.RaftServerConfigKeys (ConfUtils.java:logGet(44)) - raft.server.log.segment.size.max = 1048576 (custom)
2020-06-02 21:45:28,496 [pool-186-thread-1] INFO  metrics.RatisMetrics (RatisMetrics.java:lambda$create$0(39)) - Creating Metrics Registry : ratis.log_worker.b5c2ec00-3fae-4232-b683-9e5d794bf00b
2020-06-02 21:45:28,496 [pool-186-thread-1] INFO  server.RaftServerConfigKeys (ConfUtils.java:logGet(44)) - raft.server.log.segment.cache.num.max = 2 (custom)
2020-06-02 21:45:28,496 [pool-186-thread-1] INFO  segmented.SegmentedRaftLogWorker (SegmentedRaftLogWorker.java:<init>(176)) - new b5c2ec00-3fae-4232-b683-9e5d794bf00b@group-FE370B887547-SegmentedRaftLogWorker for RaftStorage:Storage Directory /github/workspace/mnt/ozone/hadoop-ozone/integration-test/target/test-dir/MiniOzoneClusterImpl-39d74104-fe92-41ad-97bc-67d3c75ba87b/datanode-2/data/ratis/cb8d75b6-4be9-422d-8899-fe370b887547
2020-06-02 21:45:28,496 [pool-186-thread-1] INFO  server.RaftServerConfigKeys (ConfUtils.java:logGet(44)) - raft.server.log.queue.byte-limit = 2147483647 (custom)
2020-06-02 21:45:28,496 [pool-186-thread-1] INFO  server.RaftServerConfigKeys (ConfUtils.java:logGet(44)) - raft.server.log.queue.element-limit = 1024 (custom)
2020-06-02 21:45:28,496 [pool-186-thread-1] INFO  server.RaftServerConfigKeys (ConfUtils.java:logGet(44)) - raft.server.log.segment.size.max = 1048576 (custom)
2020-06-02 21:45:28,496 [pool-186-thread-1] INFO  server.RaftServerConfigKeys (ConfUtils.java:logGet(44)) - raft.server.log.preallocated.size = 16384 (custom)
2020-06-02 21:45:28,497 [pool-186-thread-1] INFO  server.RaftServerConfigKeys (ConfUtils.java:logGet(44)) - raft.server.log.write.buffer.size = 1048576 (custom)
2020-06-02 21:45:28,497 [pool-186-thread-1] INFO  server.RaftServerConfigKeys (ConfUtils.java:logGet(44)) - raft.server.log.force.sync.num = 128 (default)
2020-06-02 21:45:28,497 [pool-186-thread-1] INFO  server.RaftServerConfigKeys (ConfUtils.java:logGet(44)) - raft.server.log.statemachine.data.sync = true (default)
2020-06-02 21:45:28,497 [pool-186-thread-1] INFO  server.RaftServerConfigKeys (ConfUtils.java:logGet(44)) - raft.server.log.statemachine.data.sync.timeout = 10s (default)
2020-06-02 21:45:28,497 [pool-186-thread-1] INFO  server.RaftServerConfigKeys (ConfUtils.java:logGet(44)) - raft.server.log.statemachine.data.sync.timeout.retry = -1 (default)
2020-06-02 21:45:28,499 [pool-186-thread-1] INFO  server.RaftServerConfigKeys (ConfUtils.java:logGet(44)) - raft.server.log.statemachine.data.caching.enabled = true (custom)
2020-06-02 21:45:28,500 [pool-186-thread-1] INFO  segmented.SegmentedRaftLogWorker (SegmentedRaftLogWorker.java:lambda$new$0(129)) - b5c2ec00-3fae-4232-b683-9e5d794bf00b@group-FE370B887547-SegmentedRaftLogWorker: flushIndex: setUnconditionally 0 -> -1
2020-06-02 21:45:28,501 [pool-186-thread-1] INFO  server.RaftServerConfigKeys (ConfUtils.java:logGet(44)) - raft.server.snapshot.auto.trigger.enabled = true (custom)
2020-06-02 21:45:28,501 [pool-186-thread-1] INFO  server.RaftServerConfigKeys (ConfUtils.java:logGet(44)) - raft.server.snapshot.auto.trigger.threshold = 10000 (custom)
2020-06-02 21:45:28,501 [pool-186-thread-1] INFO  server.RaftServerConfigKeys (ConfUtils.java:logGet(44)) - raft.server.snapshot.retention.file.num = 5 (custom)
2020-06-02 21:45:28,501 [pool-186-thread-1] INFO  server.RaftServerConfigKeys (ConfUtils.java:logGet(44)) - raft.server.log.purge.upto.snapshot.index = false (default)
2020-06-02 21:45:28,501 [pool-186-thread-1] INFO  server.RaftServerConfigKeys (ConfUtils.java:logGet(44)) - raft.server.retrycache.expirytime = 600000ms (custom)
2020-06-02 21:45:28,501 [pool-186-thread-1] INFO  metrics.RatisMetrics (RatisMetrics.java:lambda$create$0(39)) - Creating Metrics Registry : ratis.leader_election.b5c2ec00-3fae-4232-b683-9e5d794bf00b@group-FE370B887547
2020-06-02 21:45:28,502 [pool-186-thread-1] INFO  metrics.RatisMetrics (RatisMetrics.java:lambda$create$0(39)) - Creating Metrics Registry : ratis.server.b5c2ec00-3fae-4232-b683-9e5d794bf00b@group-FE370B887547
2020-06-02 21:45:28,503 [pool-186-thread-1] INFO  impl.RaftServerImpl (RaftServerImpl.java:start(184)) - b5c2ec00-3fae-4232-b683-9e5d794bf00b@group-FE370B887547: start as a follower, conf=-1: [b5c2ec00-3fae-4232-b683-9e5d794bf00b:172.17.0.2:39617, 697886cf-90a3-42a4-855b-3afc29536108:172.17.0.2:38677, cfcc32ee-7213-461f-a0aa-ad0f2e8f62af:172.17.0.2:45029], old=null
2020-06-02 21:45:28,504 [pool-186-thread-1] INFO  impl.RaftServerImpl (RaftServerImpl.java:setRole(173)) - b5c2ec00-3fae-4232-b683-9e5d794bf00b@group-FE370B887547: changes role from      null to FOLLOWER at term 0 for startAsFollower
2020-06-02 21:45:28,504 [pool-186-thread-1] INFO  impl.RoleInfo (RoleInfo.java:updateAndGet(143)) - b5c2ec00-3fae-4232-b683-9e5d794bf00b: start FollowerState
2020-06-02 21:45:28,505 [pool-186-thread-1] INFO  util.JmxRegister (JmxRegister.java:tryRegister(44)) - Successfully registered JMX Bean with object name Ratis:service=RaftServer,group=group-FE370B887547,id=b5c2ec00-3fae-4232-b683-9e5d794bf00b
2020-06-02 21:45:28,505 [pool-186-thread-1] INFO  metrics.RatisMetrics (RatisMetrics.java:lambda$create$0(39)) - Creating Metrics Registry : ratis.state_machine.b5c2ec00-3fae-4232-b683-9e5d794bf00b@group-FE370B887547
2020-06-02 21:45:28,526 [Command processor thread] INFO  impl.RaftServerProxy (RaftServerProxy.java:addNew(89)) - cfcc32ee-7213-461f-a0aa-ad0f2e8f62af: addNew group-90B06B44CE90:[cfcc32ee-7213-461f-a0aa-ad0f2e8f62af:172.17.0.2:45029] returns group-90B06B44CE90:java.util.concurrent.CompletableFuture@249db454[Not completed]
2020-06-02 21:45:28,533 [pool-170-thread-1] INFO  impl.RaftServerImpl (RaftServerImpl.java:<init>(98)) - cfcc32ee-7213-461f-a0aa-ad0f2e8f62af: new RaftServerImpl for group-90B06B44CE90:[cfcc32ee-7213-461f-a0aa-ad0f2e8f62af:172.17.0.2:45029] with ContainerStateMachine:uninitialized
2020-06-02 21:45:28,535 [pool-170-thread-1] INFO  server.RaftServerConfigKeys (ConfUtils.java:logGet(44)) - raft.server.rpc.timeout.min = 5s (custom)
2020-06-02 21:45:28,536 [pool-170-thread-1] INFO  server.RaftServerConfigKeys (ConfUtils.java:logGet(44)) - raft.server.rpc.timeout.max = 5200ms (custom)
2020-06-02 21:45:28,536 [pool-170-thread-1] INFO  server.RaftServerConfigKeys (ConfUtils.java:logGet(44)) - raft.server.rpcslowness.timeout = 300s (custom)
2020-06-02 21:45:28,536 [pool-170-thread-1] INFO  server.RaftServerConfigKeys (ConfUtils.java:logGet(44)) - raft.server.sleep.deviation.threshold = 300 (default)
2020-06-02 21:45:28,536 [pool-170-thread-1] INFO  server.RaftServerConfigKeys (ConfUtils.java:logGet(44)) - raft.server.log.appender.install.snapshot.enabled = false (custom)
2020-06-02 21:45:28,536 [pool-170-thread-1] INFO  impl.RaftServerImpl (ServerState.java:<init>(103)) - cfcc32ee-7213-461f-a0aa-ad0f2e8f62af@group-90B06B44CE90: ConfigurationManager, init=-1: [cfcc32ee-7213-461f-a0aa-ad0f2e8f62af:172.17.0.2:45029], old=null, confs=<EMPTY_MAP>
2020-06-02 21:45:28,536 [pool-170-thread-1] INFO  server.RaftServerConfigKeys (ConfUtils.java:logGet(44)) - raft.server.storage.dir = [/github/workspace/mnt/ozone/hadoop-ozone/integration-test/target/test-dir/MiniOzoneClusterImpl-39d74104-fe92-41ad-97bc-67d3c75ba87b/datanode-1/data/ratis] (custom)
2020-06-02 21:45:28,536 [pool-170-thread-1] INFO  server.RaftServerConfigKeys (ConfUtils.java:logGet(44)) - raft.server.log.corruption.policy = EXCEPTION (default)
2020-06-02 21:45:28,536 [pool-170-thread-1] INFO  storage.RaftStorageDirectory (RaftStorageDirectory.java:analyzeStorage(261)) - The storage directory /github/workspace/mnt/ozone/hadoop-ozone/integration-test/target/test-dir/MiniOzoneClusterImpl-39d74104-fe92-41ad-97bc-67d3c75ba87b/datanode-1/data/ratis/e5ef578b-2358-4073-82b4-90b06b44ce90 does not exist. Creating ...
2020-06-02 21:45:28,549 [pool-170-thread-1] INFO  storage.RaftStorageDirectory (RaftStorageDirectory.java:tryLock(343)) - Lock on /github/workspace/mnt/ozone/hadoop-ozone/integration-test/target/test-dir/MiniOzoneClusterImpl-39d74104-fe92-41ad-97bc-67d3c75ba87b/datanode-1/data/ratis/e5ef578b-2358-4073-82b4-90b06b44ce90/in_use.lock acquired by nodename 11745@f720cdcd0861
2020-06-02 21:45:28,553 [pool-170-thread-1] INFO  storage.RaftStorage (RaftStorage.java:format(84)) - Storage directory /github/workspace/mnt/ozone/hadoop-ozone/integration-test/target/test-dir/MiniOzoneClusterImpl-39d74104-fe92-41ad-97bc-67d3c75ba87b/datanode-1/data/ratis/e5ef578b-2358-4073-82b4-90b06b44ce90 has been successfully formatted.
2020-06-02 21:45:28,555 [pool-170-thread-1] INFO  ratis.ContainerStateMachine (ContainerStateMachine.java:loadSnapshot(226)) - group-90B06B44CE90: The snapshot info is null. Setting the last applied indexto:(t:0, i:~)
2020-06-02 21:45:28,555 [Datanode State Machine Thread - 0] ERROR statemachine.DatanodeStateMachine (DatanodeStateMachine.java:lambda$startDaemon$0(378)) - Unable to start the DatanodeState Machine
java.io.IOException: Unable to finish the execution.
	at org.apache.hadoop.ozone.container.common.statemachine.DatanodeStateMachine.start(DatanodeStateMachine.java:219)
	at org.apache.hadoop.ozone.container.common.statemachine.DatanodeStateMachine.lambda$startDaemon$0(DatanodeStateMachine.java:375)
	at java.lang.Thread.run(Thread.java:748)
Caused by: java.lang.InterruptedException: sleep interrupted
	at java.lang.Thread.sleep(Native Method)
	at org.apache.hadoop.ozone.container.common.statemachine.DatanodeStateMachine.start(DatanodeStateMachine.java:212)
	... 2 more
2020-06-02 21:45:28,555 [pool-170-thread-1] INFO  server.RaftServerConfigKeys (ConfUtils.java:logGet(44)) - raft.server.notification.no-leader.timeout = 60s (default)
2020-06-02 21:45:28,555 [pool-170-thread-1] INFO  server.RaftServerConfigKeys (ConfUtils.java:logGet(44)) - raft.server.log.use.memory = false (default)
2020-06-02 21:45:28,555 [pool-170-thread-1] INFO  server.RaftServerConfigKeys (ConfUtils.java:logGet(44)) - raft.server.log.purge.gap = 1000000 (custom)
2020-06-02 21:45:28,555 [pool-170-thread-1] INFO  server.RaftServerConfigKeys (ConfUtils.java:logGet(44)) - raft.server.log.appender.buffer.byte-limit = 33554432 (custom)
2020-06-02 21:45:28,555 [pool-170-thread-1] INFO  server.RaftServerConfigKeys (ConfUtils.java:logGet(44)) - raft.server.log.segment.size.max = 1048576 (custom)
2020-06-02 21:45:28,555 [pool-170-thread-1] INFO  metrics.RatisMetrics (RatisMetrics.java:lambda$create$0(39)) - Creating Metrics Registry : ratis.log_worker.cfcc32ee-7213-461f-a0aa-ad0f2e8f62af
2020-06-02 21:45:28,556 [pool-170-thread-1] INFO  server.RaftServerConfigKeys (ConfUtils.java:logGet(44)) - raft.server.log.segment.cache.num.max = 2 (custom)
2020-06-02 21:45:28,556 [pool-170-thread-1] INFO  segmented.SegmentedRaftLogWorker (SegmentedRaftLogWorker.java:<init>(176)) - new cfcc32ee-7213-461f-a0aa-ad0f2e8f62af@group-90B06B44CE90-SegmentedRaftLogWorker for RaftStorage:Storage Directory /github/workspace/mnt/ozone/hadoop-ozone/integration-test/target/test-dir/MiniOzoneClusterImpl-39d74104-fe92-41ad-97bc-67d3c75ba87b/datanode-1/data/ratis/e5ef578b-2358-4073-82b4-90b06b44ce90
2020-06-02 21:45:28,556 [pool-170-thread-1] INFO  server.RaftServerConfigKeys (ConfUtils.java:logGet(44)) - raft.server.log.queue.byte-limit = 2147483647 (custom)
2020-06-02 21:45:28,556 [pool-170-thread-1] INFO  server.RaftServerConfigKeys (ConfUtils.java:logGet(44)) - raft.server.log.queue.element-limit = 1024 (custom)
2020-06-02 21:45:28,556 [pool-170-thread-1] INFO  server.RaftServerConfigKeys (ConfUtils.java:logGet(44)) - raft.server.log.segment.size.max = 1048576 (custom)
2020-06-02 21:45:28,556 [pool-170-thread-1] INFO  server.RaftServerConfigKeys (ConfUtils.java:logGet(44)) - raft.server.log.preallocated.size = 16384 (custom)
2020-06-02 21:45:28,556 [pool-170-thread-1] INFO  server.RaftServerConfigKeys (ConfUtils.java:logGet(44)) - raft.server.log.write.buffer.size = 1048576 (custom)
2020-06-02 21:45:28,556 [pool-170-thread-1] INFO  server.RaftServerConfigKeys (ConfUtils.java:logGet(44)) - raft.server.log.force.sync.num = 128 (default)
2020-06-02 21:45:28,556 [pool-170-thread-1] INFO  server.RaftServerConfigKeys (ConfUtils.java:logGet(44)) - raft.server.log.statemachine.data.sync = true (default)
2020-06-02 21:45:28,556 [pool-170-thread-1] INFO  server.RaftServerConfigKeys (ConfUtils.java:logGet(44)) - raft.server.log.statemachine.data.sync.timeout = 10s (default)
2020-06-02 21:45:28,556 [pool-170-thread-1] INFO  server.RaftServerConfigKeys (ConfUtils.java:logGet(44)) - raft.server.log.statemachine.data.sync.timeout.retry = -1 (default)
2020-06-02 21:45:28,557 [pool-170-thread-1] INFO  server.RaftServerConfigKeys (ConfUtils.java:logGet(44)) - raft.server.log.statemachine.data.caching.enabled = true (custom)
2020-06-02 21:45:28,557 [pool-170-thread-1] INFO  segmented.SegmentedRaftLogWorker (SegmentedRaftLogWorker.java:lambda$new$0(129)) - cfcc32ee-7213-461f-a0aa-ad0f2e8f62af@group-90B06B44CE90-SegmentedRaftLogWorker: flushIndex: setUnconditionally 0 -> -1
2020-06-02 21:45:28,558 [grpc-default-executor-0] INFO  impl.RaftServerProxy (RaftServerProxy.java:addNew(89)) - cfcc32ee-7213-461f-a0aa-ad0f2e8f62af: addNew group-FE370B887547:[b5c2ec00-3fae-4232-b683-9e5d794bf00b:172.17.0.2:39617, 697886cf-90a3-42a4-855b-3afc29536108:172.17.0.2:38677, cfcc32ee-7213-461f-a0aa-ad0f2e8f62af:172.17.0.2:45029] returns group-FE370B887547:java.util.concurrent.CompletableFuture@7f4d749f[Not completed]
2020-06-02 21:45:28,561 [pool-170-thread-1] INFO  server.RaftServerConfigKeys (ConfUtils.java:logGet(44)) - raft.server.snapshot.auto.trigger.enabled = true (custom)
2020-06-02 21:45:28,561 [pool-170-thread-1] INFO  server.RaftServerConfigKeys (ConfUtils.java:logGet(44)) - raft.server.snapshot.auto.trigger.threshold = 10000 (custom)
2020-06-02 21:45:28,561 [pool-170-thread-1] INFO  server.RaftServerConfigKeys (ConfUtils.java:logGet(44)) - raft.server.snapshot.retention.file.num = 5 (custom)
2020-06-02 21:45:28,561 [pool-170-thread-1] INFO  server.RaftServerConfigKeys (ConfUtils.java:logGet(44)) - raft.server.log.purge.upto.snapshot.index = false (default)
2020-06-02 21:45:28,561 [pool-170-thread-1] INFO  server.RaftServerConfigKeys (ConfUtils.java:logGet(44)) - raft.server.retrycache.expirytime = 600000ms (custom)
2020-06-02 21:45:28,561 [pool-170-thread-1] INFO  metrics.RatisMetrics (RatisMetrics.java:lambda$create$0(39)) - Creating Metrics Registry : ratis.leader_election.cfcc32ee-7213-461f-a0aa-ad0f2e8f62af@group-90B06B44CE90
2020-06-02 21:45:28,562 [pool-170-thread-1] INFO  metrics.RatisMetrics (RatisMetrics.java:lambda$create$0(39)) - Creating Metrics Registry : ratis.server.cfcc32ee-7213-461f-a0aa-ad0f2e8f62af@group-90B06B44CE90
2020-06-02 21:45:28,563 [pool-170-thread-1] INFO  impl.RaftServerImpl (RaftServerImpl.java:<init>(98)) - cfcc32ee-7213-461f-a0aa-ad0f2e8f62af: new RaftServerImpl for group-FE370B887547:[b5c2ec00-3fae-4232-b683-9e5d794bf00b:172.17.0.2:39617, 697886cf-90a3-42a4-855b-3afc29536108:172.17.0.2:38677, cfcc32ee-7213-461f-a0aa-ad0f2e8f62af:172.17.0.2:45029] with ContainerStateMachine:uninitialized
2020-06-02 21:45:28,563 [pool-170-thread-1] INFO  server.RaftServerConfigKeys (ConfUtils.java:logGet(44)) - raft.server.rpc.timeout.min = 5s (custom)
2020-06-02 21:45:28,563 [pool-170-thread-1] INFO  server.RaftServerConfigKeys (ConfUtils.java:logGet(44)) - raft.server.rpc.timeout.max = 5200ms (custom)
2020-06-02 21:45:28,563 [pool-170-thread-1] INFO  server.RaftServerConfigKeys (ConfUtils.java:logGet(44)) - raft.server.rpcslowness.timeout = 300s (custom)
2020-06-02 21:45:28,564 [pool-170-thread-1] INFO  server.RaftServerConfigKeys (ConfUtils.java:logGet(44)) - raft.server.sleep.deviation.threshold = 300 (default)
2020-06-02 21:45:28,564 [pool-170-thread-1] INFO  server.RaftServerConfigKeys (ConfUtils.java:logGet(44)) - raft.server.log.appender.install.snapshot.enabled = false (custom)
2020-06-02 21:45:28,564 [pool-170-thread-1] INFO  impl.RaftServerImpl (ServerState.java:<init>(103)) - cfcc32ee-7213-461f-a0aa-ad0f2e8f62af@group-FE370B887547: ConfigurationManager, init=-1: [b5c2ec00-3fae-4232-b683-9e5d794bf00b:172.17.0.2:39617, 697886cf-90a3-42a4-855b-3afc29536108:172.17.0.2:38677, cfcc32ee-7213-461f-a0aa-ad0f2e8f62af:172.17.0.2:45029], old=null, confs=<EMPTY_MAP>
2020-06-02 21:45:28,564 [pool-170-thread-1] INFO  server.RaftServerConfigKeys (ConfUtils.java:logGet(44)) - raft.server.storage.dir = [/github/workspace/mnt/ozone/hadoop-ozone/integration-test/target/test-dir/MiniOzoneClusterImpl-39d74104-fe92-41ad-97bc-67d3c75ba87b/datanode-1/data/ratis] (custom)
2020-06-02 21:45:28,564 [pool-170-thread-1] INFO  server.RaftServerConfigKeys (ConfUtils.java:logGet(44)) - raft.server.log.corruption.policy = EXCEPTION (default)
2020-06-02 21:45:28,564 [pool-170-thread-1] INFO  storage.RaftStorageDirectory (RaftStorageDirectory.java:analyzeStorage(261)) - The storage directory /github/workspace/mnt/ozone/hadoop-ozone/integration-test/target/test-dir/MiniOzoneClusterImpl-39d74104-fe92-41ad-97bc-67d3c75ba87b/datanode-1/data/ratis/cb8d75b6-4be9-422d-8899-fe370b887547 does not exist. Creating ...
2020-06-02 21:45:28,566 [pool-170-thread-1] INFO  storage.RaftStorageDirectory (RaftStorageDirectory.java:tryLock(343)) - Lock on /github/workspace/mnt/ozone/hadoop-ozone/integration-test/target/test-dir/MiniOzoneClusterImpl-39d74104-fe92-41ad-97bc-67d3c75ba87b/datanode-1/data/ratis/cb8d75b6-4be9-422d-8899-fe370b887547/in_use.lock acquired by nodename 11745@f720cdcd0861
2020-06-02 21:45:28,566 [pool-170-thread-1] INFO  storage.RaftStorage (RaftStorage.java:format(84)) - Storage directory /github/workspace/mnt/ozone/hadoop-ozone/integration-test/target/test-dir/MiniOzoneClusterImpl-39d74104-fe92-41ad-97bc-67d3c75ba87b/datanode-1/data/ratis/cb8d75b6-4be9-422d-8899-fe370b887547 has been successfully formatted.
2020-06-02 21:45:28,567 [pool-170-thread-1] INFO  ratis.ContainerStateMachine (ContainerStateMachine.java:loadSnapshot(226)) - group-FE370B887547: The snapshot info is null. Setting the last applied indexto:(t:0, i:~)
2020-06-02 21:45:28,567 [pool-170-thread-1] INFO  server.RaftServerConfigKeys (ConfUtils.java:logGet(44)) - raft.server.notification.no-leader.timeout = 60s (default)
2020-06-02 21:45:28,567 [pool-170-thread-1] INFO  server.RaftServerConfigKeys (ConfUtils.java:logGet(44)) - raft.server.log.use.memory = false (default)
2020-06-02 21:45:28,567 [pool-170-thread-1] INFO  server.RaftServerConfigKeys (ConfUtils.java:logGet(44)) - raft.server.log.purge.gap = 1000000 (custom)
2020-06-02 21:45:28,567 [pool-170-thread-1] INFO  server.RaftServerConfigKeys (ConfUtils.java:logGet(44)) - raft.server.log.appender.buffer.byte-limit = 33554432 (custom)
2020-06-02 21:45:28,567 [pool-170-thread-1] INFO  server.RaftServerConfigKeys (ConfUtils.java:logGet(44)) - raft.server.log.segment.size.max = 1048576 (custom)
2020-06-02 21:45:28,567 [pool-170-thread-1] INFO  server.RaftServerConfigKeys (ConfUtils.java:logGet(44)) - raft.server.log.segment.cache.num.max = 2 (custom)
2020-06-02 21:45:28,567 [pool-170-thread-1] INFO  segmented.SegmentedRaftLogWorker (SegmentedRaftLogWorker.java:<init>(176)) - new cfcc32ee-7213-461f-a0aa-ad0f2e8f62af@group-FE370B887547-SegmentedRaftLogWorker for RaftStorage:Storage Directory /github/workspace/mnt/ozone/hadoop-ozone/integration-test/target/test-dir/MiniOzoneClusterImpl-39d74104-fe92-41ad-97bc-67d3c75ba87b/datanode-1/data/ratis/cb8d75b6-4be9-422d-8899-fe370b887547
2020-06-02 21:45:28,567 [pool-170-thread-1] INFO  server.RaftServerConfigKeys (ConfUtils.java:logGet(44)) - raft.server.log.queue.byte-limit = 2147483647 (custom)
2020-06-02 21:45:28,568 [pool-170-thread-1] INFO  server.RaftServerConfigKeys (ConfUtils.java:logGet(44)) - raft.server.log.queue.element-limit = 1024 (custom)
2020-06-02 21:45:28,568 [pool-170-thread-1] INFO  server.RaftServerConfigKeys (ConfUtils.java:logGet(44)) - raft.server.log.segment.size.max = 1048576 (custom)
2020-06-02 21:45:28,568 [pool-170-thread-1] INFO  server.RaftServerConfigKeys (ConfUtils.java:logGet(44)) - raft.server.log.preallocated.size = 16384 (custom)
2020-06-02 21:45:28,568 [pool-170-thread-1] INFO  server.RaftServerConfigKeys (ConfUtils.java:logGet(44)) - raft.server.log.write.buffer.size = 1048576 (custom)
2020-06-02 21:45:28,568 [pool-170-thread-1] INFO  server.RaftServerConfigKeys (ConfUtils.java:logGet(44)) - raft.server.log.force.sync.num = 128 (default)
2020-06-02 21:45:28,568 [pool-170-thread-1] INFO  server.RaftServerConfigKeys (ConfUtils.java:logGet(44)) - raft.server.log.statemachine.data.sync = true (default)
2020-06-02 21:45:28,568 [pool-170-thread-1] INFO  server.RaftServerConfigKeys (ConfUtils.java:logGet(44)) - raft.server.log.statemachine.data.sync.timeout = 10s (default)
2020-06-02 21:45:28,568 [pool-170-thread-1] INFO  server.RaftServerConfigKeys (ConfUtils.java:logGet(44)) - raft.server.log.statemachine.data.sync.timeout.retry = -1 (default)
2020-06-02 21:45:28,568 [pool-170-thread-1] INFO  server.RaftServerConfigKeys (ConfUtils.java:logGet(44)) - raft.server.log.statemachine.data.caching.enabled = true (custom)
2020-06-02 21:45:28,569 [pool-170-thread-1] INFO  segmented.SegmentedRaftLogWorker (SegmentedRaftLogWorker.java:lambda$new$0(129)) - cfcc32ee-7213-461f-a0aa-ad0f2e8f62af@group-FE370B887547-SegmentedRaftLogWorker: flushIndex: setUnconditionally 0 -> -1
2020-06-02 21:45:28,573 [pool-170-thread-1] INFO  server.RaftServerConfigKeys (ConfUtils.java:logGet(44)) - raft.server.snapshot.auto.trigger.enabled = true (custom)
2020-06-02 21:45:28,573 [pool-170-thread-1] INFO  server.RaftServerConfigKeys (ConfUtils.java:logGet(44)) - raft.server.snapshot.auto.trigger.threshold = 10000 (custom)
2020-06-02 21:45:28,573 [pool-170-thread-1] INFO  server.RaftServerConfigKeys (ConfUtils.java:logGet(44)) - raft.server.snapshot.retention.file.num = 5 (custom)
2020-06-02 21:45:28,573 [pool-170-thread-1] INFO  server.RaftServerConfigKeys (ConfUtils.java:logGet(44)) - raft.server.log.purge.upto.snapshot.index = false (default)
2020-06-02 21:45:28,573 [pool-170-thread-1] INFO  server.RaftServerConfigKeys (ConfUtils.java:logGet(44)) - raft.server.retrycache.expirytime = 600000ms (custom)
2020-06-02 21:45:28,573 [pool-170-thread-1] INFO  metrics.RatisMetrics (RatisMetrics.java:lambda$create$0(39)) - Creating Metrics Registry : ratis.leader_election.cfcc32ee-7213-461f-a0aa-ad0f2e8f62af@group-FE370B887547
2020-06-02 21:45:28,574 [pool-170-thread-1] INFO  metrics.RatisMetrics (RatisMetrics.java:lambda$create$0(39)) - Creating Metrics Registry : ratis.server.cfcc32ee-7213-461f-a0aa-ad0f2e8f62af@group-FE370B887547
2020-06-02 21:45:28,575 [pool-170-thread-1] INFO  impl.RaftServerImpl (RaftServerImpl.java:start(184)) - cfcc32ee-7213-461f-a0aa-ad0f2e8f62af@group-90B06B44CE90: start as a follower, conf=-1: [cfcc32ee-7213-461f-a0aa-ad0f2e8f62af:172.17.0.2:45029], old=null
2020-06-02 21:45:28,575 [pool-170-thread-1] INFO  impl.RaftServerImpl (RaftServerImpl.java:setRole(173)) - cfcc32ee-7213-461f-a0aa-ad0f2e8f62af@group-90B06B44CE90: changes role from      null to FOLLOWER at term 0 for startAsFollower
2020-06-02 21:45:28,575 [pool-170-thread-1] INFO  impl.RoleInfo (RoleInfo.java:updateAndGet(143)) - cfcc32ee-7213-461f-a0aa-ad0f2e8f62af: start FollowerState
2020-06-02 21:45:28,577 [pool-170-thread-1] INFO  util.JmxRegister (JmxRegister.java:tryRegister(44)) - Successfully registered JMX Bean with object name Ratis:service=RaftServer,group=group-90B06B44CE90,id=cfcc32ee-7213-461f-a0aa-ad0f2e8f62af
2020-06-02 21:45:28,577 [pool-170-thread-1] INFO  metrics.RatisMetrics (RatisMetrics.java:lambda$create$0(39)) - Creating Metrics Registry : ratis.state_machine.cfcc32ee-7213-461f-a0aa-ad0f2e8f62af@group-90B06B44CE90
2020-06-02 21:45:28,578 [pool-170-thread-1] INFO  impl.RaftServerImpl (RaftServerImpl.java:start(184)) - cfcc32ee-7213-461f-a0aa-ad0f2e8f62af@group-FE370B887547: start as a follower, conf=-1: [b5c2ec00-3fae-4232-b683-9e5d794bf00b:172.17.0.2:39617, 697886cf-90a3-42a4-855b-3afc29536108:172.17.0.2:38677, cfcc32ee-7213-461f-a0aa-ad0f2e8f62af:172.17.0.2:45029], old=null
2020-06-02 21:45:28,578 [pool-170-thread-1] INFO  impl.RaftServerImpl (RaftServerImpl.java:setRole(173)) - cfcc32ee-7213-461f-a0aa-ad0f2e8f62af@group-FE370B887547: changes role from      null to FOLLOWER at term 0 for startAsFollower
2020-06-02 21:45:28,578 [Command processor thread] INFO  commandhandler.CreatePipelineCommandHandler (CreatePipelineCommandHandler.java:handle(109)) - Created Pipeline RATIS ONE #id: "e5ef578b-2358-4073-82b4-90b06b44ce90"
.
2020-06-02 21:45:28,578 [pool-170-thread-1] INFO  impl.RoleInfo (RoleInfo.java:updateAndGet(143)) - cfcc32ee-7213-461f-a0aa-ad0f2e8f62af: start FollowerState
2020-06-02 21:45:28,579 [pool-170-thread-1] INFO  util.JmxRegister (JmxRegister.java:tryRegister(44)) - Successfully registered JMX Bean with object name Ratis:service=RaftServer,group=group-FE370B887547,id=cfcc32ee-7213-461f-a0aa-ad0f2e8f62af
2020-06-02 21:45:28,579 [pool-170-thread-1] INFO  metrics.RatisMetrics (RatisMetrics.java:lambda$create$0(39)) - Creating Metrics Registry : ratis.state_machine.cfcc32ee-7213-461f-a0aa-ad0f2e8f62af@group-FE370B887547
2020-06-02 21:45:28,590 [Command processor thread] INFO  commandhandler.CreatePipelineCommandHandler (CreatePipelineCommandHandler.java:handle(109)) - Created Pipeline RATIS THREE #id: "cb8d75b6-4be9-422d-8899-fe370b887547"
.
2020-06-02 21:45:28,593 [Listener at 127.0.0.1/43557] INFO  ozone.MiniOzoneClusterImpl (MiniOzoneClusterImpl.java:lambda$waitForClusterToBeReady$0(177)) - Nodes are ready. Got 3 of 3 DN Heartbeats.
2020-06-02 21:45:28,593 [Listener at 127.0.0.1/43557] INFO  ozone.MiniOzoneClusterImpl (MiniOzoneClusterImpl.java:lambda$waitForClusterToBeReady$0(180)) - Waiting for cluster to exit safe mode
2020-06-02 21:45:28,593 [Command processor thread] INFO  impl.RaftServerProxy (RaftServerProxy.java:addNew(89)) - b5c2ec00-3fae-4232-b683-9e5d794bf00b: addNew group-9A7393E4AAFF:[b5c2ec00-3fae-4232-b683-9e5d794bf00b:172.17.0.2:39617] returns group-9A7393E4AAFF:java.util.concurrent.CompletableFuture@14876866[Not completed]
2020-06-02 21:45:28,594 [pool-186-thread-1] INFO  impl.RaftServerImpl (RaftServerImpl.java:<init>(98)) - b5c2ec00-3fae-4232-b683-9e5d794bf00b: new RaftServerImpl for group-9A7393E4AAFF:[b5c2ec00-3fae-4232-b683-9e5d794bf00b:172.17.0.2:39617] with ContainerStateMachine:uninitialized
2020-06-02 21:45:28,594 [pool-186-thread-1] INFO  server.RaftServerConfigKeys (ConfUtils.java:logGet(44)) - raft.server.rpc.timeout.min = 5s (custom)
2020-06-02 21:45:28,595 [pool-186-thread-1] INFO  server.RaftServerConfigKeys (ConfUtils.java:logGet(44)) - raft.server.rpc.timeout.max = 5200ms (custom)
2020-06-02 21:45:28,595 [pool-186-thread-1] INFO  server.RaftServerConfigKeys (ConfUtils.java:logGet(44)) - raft.server.rpcslowness.timeout = 300s (custom)
2020-06-02 21:45:28,595 [pool-186-thread-1] INFO  server.RaftServerConfigKeys (ConfUtils.java:logGet(44)) - raft.server.sleep.deviation.threshold = 300 (default)
2020-06-02 21:45:28,595 [pool-186-thread-1] INFO  server.RaftServerConfigKeys (ConfUtils.java:logGet(44)) - raft.server.log.appender.install.snapshot.enabled = false (custom)
2020-06-02 21:45:28,595 [pool-186-thread-1] INFO  impl.RaftServerImpl (ServerState.java:<init>(103)) - b5c2ec00-3fae-4232-b683-9e5d794bf00b@group-9A7393E4AAFF: ConfigurationManager, init=-1: [b5c2ec00-3fae-4232-b683-9e5d794bf00b:172.17.0.2:39617], old=null, confs=<EMPTY_MAP>
2020-06-02 21:45:28,595 [pool-186-thread-1] INFO  server.RaftServerConfigKeys (ConfUtils.java:logGet(44)) - raft.server.storage.dir = [/github/workspace/mnt/ozone/hadoop-ozone/integration-test/target/test-dir/MiniOzoneClusterImpl-39d74104-fe92-41ad-97bc-67d3c75ba87b/datanode-2/data/ratis] (custom)
2020-06-02 21:45:28,595 [pool-186-thread-1] INFO  server.RaftServerConfigKeys (ConfUtils.java:logGet(44)) - raft.server.log.corruption.policy = EXCEPTION (default)
2020-06-02 21:45:28,595 [pool-186-thread-1] INFO  storage.RaftStorageDirectory (RaftStorageDirectory.java:analyzeStorage(261)) - The storage directory /github/workspace/mnt/ozone/hadoop-ozone/integration-test/target/test-dir/MiniOzoneClusterImpl-39d74104-fe92-41ad-97bc-67d3c75ba87b/datanode-2/data/ratis/a776997c-4247-4c2f-9a4e-9a7393e4aaff does not exist. Creating ...
2020-06-02 21:45:28,597 [pool-186-thread-1] INFO  storage.RaftStorageDirectory (RaftStorageDirectory.java:tryLock(343)) - Lock on /github/workspace/mnt/ozone/hadoop-ozone/integration-test/target/test-dir/MiniOzoneClusterImpl-39d74104-fe92-41ad-97bc-67d3c75ba87b/datanode-2/data/ratis/a776997c-4247-4c2f-9a4e-9a7393e4aaff/in_use.lock acquired by nodename 11745@f720cdcd0861
2020-06-02 21:45:28,598 [pool-186-thread-1] INFO  storage.RaftStorage (RaftStorage.java:format(84)) - Storage directory /github/workspace/mnt/ozone/hadoop-ozone/integration-test/target/test-dir/MiniOzoneClusterImpl-39d74104-fe92-41ad-97bc-67d3c75ba87b/datanode-2/data/ratis/a776997c-4247-4c2f-9a4e-9a7393e4aaff has been successfully formatted.
2020-06-02 21:45:28,598 [pool-186-thread-1] INFO  ratis.ContainerStateMachine (ContainerStateMachine.java:loadSnapshot(226)) - group-9A7393E4AAFF: The snapshot info is null. Setting the last applied indexto:(t:0, i:~)
2020-06-02 21:45:28,598 [pool-186-thread-1] INFO  server.RaftServerConfigKeys (ConfUtils.java:logGet(44)) - raft.server.notification.no-leader.timeout = 60s (default)
2020-06-02 21:45:28,598 [pool-186-thread-1] INFO  server.RaftServerConfigKeys (ConfUtils.java:logGet(44)) - raft.server.log.use.memory = false (default)
2020-06-02 21:45:28,598 [pool-186-thread-1] INFO  server.RaftServerConfigKeys (ConfUtils.java:logGet(44)) - raft.server.log.purge.gap = 1000000 (custom)
2020-06-02 21:45:28,599 [pool-186-thread-1] INFO  server.RaftServerConfigKeys (ConfUtils.java:logGet(44)) - raft.server.log.appender.buffer.byte-limit = 33554432 (custom)
2020-06-02 21:45:28,599 [pool-186-thread-1] INFO  server.RaftServerConfigKeys (ConfUtils.java:logGet(44)) - raft.server.log.segment.size.max = 1048576 (custom)
2020-06-02 21:45:28,599 [pool-186-thread-1] INFO  server.RaftServerConfigKeys (ConfUtils.java:logGet(44)) - raft.server.log.segment.cache.num.max = 2 (custom)
2020-06-02 21:45:28,599 [pool-186-thread-1] INFO  segmented.SegmentedRaftLogWorker (SegmentedRaftLogWorker.java:<init>(176)) - new b5c2ec00-3fae-4232-b683-9e5d794bf00b@group-9A7393E4AAFF-SegmentedRaftLogWorker for RaftStorage:Storage Directory /github/workspace/mnt/ozone/hadoop-ozone/integration-test/target/test-dir/MiniOzoneClusterImpl-39d74104-fe92-41ad-97bc-67d3c75ba87b/datanode-2/data/ratis/a776997c-4247-4c2f-9a4e-9a7393e4aaff
2020-06-02 21:45:28,599 [pool-186-thread-1] INFO  server.RaftServerConfigKeys (ConfUtils.java:logGet(44)) - raft.server.log.queue.byte-limit = 2147483647 (custom)
2020-06-02 21:45:28,599 [pool-186-thread-1] INFO  server.RaftServerConfigKeys (ConfUtils.java:logGet(44)) - raft.server.log.queue.element-limit = 1024 (custom)
2020-06-02 21:45:28,599 [pool-186-thread-1] INFO  server.RaftServerConfigKeys (ConfUtils.java:logGet(44)) - raft.server.log.segment.size.max = 1048576 (custom)
2020-06-02 21:45:28,599 [pool-186-thread-1] INFO  server.RaftServerConfigKeys (ConfUtils.java:logGet(44)) - raft.server.log.preallocated.size = 16384 (custom)
2020-06-02 21:45:28,599 [pool-186-thread-1] INFO  server.RaftServerConfigKeys (ConfUtils.java:logGet(44)) - raft.server.log.write.buffer.size = 1048576 (custom)
2020-06-02 21:45:28,599 [pool-186-thread-1] INFO  server.RaftServerConfigKeys (ConfUtils.java:logGet(44)) - raft.server.log.force.sync.num = 128 (default)
2020-06-02 21:45:28,600 [pool-186-thread-1] INFO  server.RaftServerConfigKeys (ConfUtils.java:logGet(44)) - raft.server.log.statemachine.data.sync = true (default)
2020-06-02 21:45:28,600 [pool-186-thread-1] INFO  server.RaftServerConfigKeys (ConfUtils.java:logGet(44)) - raft.server.log.statemachine.data.sync.timeout = 10s (default)
2020-06-02 21:45:28,600 [pool-186-thread-1] INFO  server.RaftServerConfigKeys (ConfUtils.java:logGet(44)) - raft.server.log.statemachine.data.sync.timeout.retry = -1 (default)
2020-06-02 21:45:28,602 [pool-186-thread-1] INFO  server.RaftServerConfigKeys (ConfUtils.java:logGet(44)) - raft.server.log.statemachine.data.caching.enabled = true (custom)
2020-06-02 21:45:28,602 [pool-186-thread-1] INFO  segmented.SegmentedRaftLogWorker (SegmentedRaftLogWorker.java:lambda$new$0(129)) - b5c2ec00-3fae-4232-b683-9e5d794bf00b@group-9A7393E4AAFF-SegmentedRaftLogWorker: flushIndex: setUnconditionally 0 -> -1
2020-06-02 21:45:28,605 [pool-186-thread-1] INFO  server.RaftServerConfigKeys (ConfUtils.java:logGet(44)) - raft.server.snapshot.auto.trigger.enabled = true (custom)
2020-06-02 21:45:28,605 [pool-186-thread-1] INFO  server.RaftServerConfigKeys (ConfUtils.java:logGet(44)) - raft.server.snapshot.auto.trigger.threshold = 10000 (custom)
2020-06-02 21:45:28,605 [pool-186-thread-1] INFO  server.RaftServerConfigKeys (ConfUtils.java:logGet(44)) - raft.server.snapshot.retention.file.num = 5 (custom)
2020-06-02 21:45:28,605 [pool-186-thread-1] INFO  server.RaftServerConfigKeys (ConfUtils.java:logGet(44)) - raft.server.log.purge.upto.snapshot.index = false (default)
2020-06-02 21:45:28,605 [pool-186-thread-1] INFO  server.RaftServerConfigKeys (ConfUtils.java:logGet(44)) - raft.server.retrycache.expirytime = 600000ms (custom)
2020-06-02 21:45:28,605 [pool-186-thread-1] INFO  metrics.RatisMetrics (RatisMetrics.java:lambda$create$0(39)) - Creating Metrics Registry : ratis.leader_election.b5c2ec00-3fae-4232-b683-9e5d794bf00b@group-9A7393E4AAFF
2020-06-02 21:45:28,606 [pool-186-thread-1] INFO  metrics.RatisMetrics (RatisMetrics.java:lambda$create$0(39)) - Creating Metrics Registry : ratis.server.b5c2ec00-3fae-4232-b683-9e5d794bf00b@group-9A7393E4AAFF
2020-06-02 21:45:28,607 [pool-186-thread-1] INFO  impl.RaftServerImpl (RaftServerImpl.java:start(184)) - b5c2ec00-3fae-4232-b683-9e5d794bf00b@group-9A7393E4AAFF: start as a follower, conf=-1: [b5c2ec00-3fae-4232-b683-9e5d794bf00b:172.17.0.2:39617], old=null
2020-06-02 21:45:28,607 [pool-186-thread-1] INFO  impl.RaftServerImpl (RaftServerImpl.java:setRole(173)) - b5c2ec00-3fae-4232-b683-9e5d794bf00b@group-9A7393E4AAFF: changes role from      null to FOLLOWER at term 0 for startAsFollower
2020-06-02 21:45:28,607 [pool-186-thread-1] INFO  impl.RoleInfo (RoleInfo.java:updateAndGet(143)) - b5c2ec00-3fae-4232-b683-9e5d794bf00b: start FollowerState
2020-06-02 21:45:28,608 [pool-186-thread-1] INFO  util.JmxRegister (JmxRegister.java:tryRegister(44)) - Successfully registered JMX Bean with object name Ratis:service=RaftServer,group=group-9A7393E4AAFF,id=b5c2ec00-3fae-4232-b683-9e5d794bf00b
2020-06-02 21:45:28,608 [pool-186-thread-1] INFO  metrics.RatisMetrics (RatisMetrics.java:lambda$create$0(39)) - Creating Metrics Registry : ratis.state_machine.b5c2ec00-3fae-4232-b683-9e5d794bf00b@group-9A7393E4AAFF
2020-06-02 21:45:28,609 [Command processor thread] INFO  commandhandler.CreatePipelineCommandHandler (CreatePipelineCommandHandler.java:handle(109)) - Created Pipeline RATIS ONE #id: "a776997c-4247-4c2f-9a4e-9a7393e4aaff"
.
2020-06-02 21:45:29,593 [Listener at 127.0.0.1/43557] INFO  ozone.MiniOzoneClusterImpl (MiniOzoneClusterImpl.java:lambda$waitForClusterToBeReady$0(177)) - Nodes are ready. Got 3 of 3 DN Heartbeats.
2020-06-02 21:45:29,594 [Listener at 127.0.0.1/43557] INFO  ozone.MiniOzoneClusterImpl (MiniOzoneClusterImpl.java:lambda$waitForClusterToBeReady$0(180)) - Waiting for cluster to exit safe mode
2020-06-02 21:45:30,594 [Listener at 127.0.0.1/43557] INFO  ozone.MiniOzoneClusterImpl (MiniOzoneClusterImpl.java:lambda$waitForClusterToBeReady$0(177)) - Nodes are ready. Got 3 of 3 DN Heartbeats.
2020-06-02 21:45:30,595 [Listener at 127.0.0.1/43557] INFO  ozone.MiniOzoneClusterImpl (MiniOzoneClusterImpl.java:lambda$waitForClusterToBeReady$0(180)) - Waiting for cluster to exit safe mode
2020-06-02 21:45:31,595 [Listener at 127.0.0.1/43557] INFO  ozone.MiniOzoneClusterImpl (MiniOzoneClusterImpl.java:lambda$waitForClusterToBeReady$0(177)) - Nodes are ready. Got 3 of 3 DN Heartbeats.
2020-06-02 21:45:31,595 [Listener at 127.0.0.1/43557] INFO  ozone.MiniOzoneClusterImpl (MiniOzoneClusterImpl.java:lambda$waitForClusterToBeReady$0(180)) - Waiting for cluster to exit safe mode
2020-06-02 21:45:32,595 [Listener at 127.0.0.1/43557] INFO  ozone.MiniOzoneClusterImpl (MiniOzoneClusterImpl.java:lambda$waitForClusterToBeReady$0(177)) - Nodes are ready. Got 3 of 3 DN Heartbeats.
2020-06-02 21:45:32,595 [Listener at 127.0.0.1/43557] INFO  ozone.MiniOzoneClusterImpl (MiniOzoneClusterImpl.java:lambda$waitForClusterToBeReady$0(180)) - Waiting for cluster to exit safe mode
2020-06-02 21:45:33,475 [Thread-561] INFO  impl.FollowerState (FollowerState.java:run(108)) - 697886cf-90a3-42a4-855b-3afc29536108@group-FE370B887547-FollowerState: change to CANDIDATE, lastRpcTime:5015ms, electionTimeout:5014ms
2020-06-02 21:45:33,475 [Thread-561] INFO  impl.RoleInfo (RoleInfo.java:shutdownFollowerState(121)) - 697886cf-90a3-42a4-855b-3afc29536108: shutdown FollowerState
2020-06-02 21:45:33,475 [Thread-561] INFO  impl.RaftServerImpl (RaftServerImpl.java:setRole(173)) - 697886cf-90a3-42a4-855b-3afc29536108@group-FE370B887547: changes role from  FOLLOWER to CANDIDATE at term 0 for changeToCandidate
2020-06-02 21:45:33,476 [Thread-561] INFO  impl.RoleInfo (RoleInfo.java:updateAndGet(143)) - 697886cf-90a3-42a4-855b-3afc29536108: start LeaderElection
2020-06-02 21:45:33,513 [697886cf-90a3-42a4-855b-3afc29536108@group-FE370B887547-LeaderElection7] INFO  impl.LeaderElection (LeaderElection.java:askForVotes(206)) - 697886cf-90a3-42a4-855b-3afc29536108@group-FE370B887547-LeaderElection7: begin an election at term 1 for -1: [b5c2ec00-3fae-4232-b683-9e5d794bf00b:172.17.0.2:39617, 697886cf-90a3-42a4-855b-3afc29536108:172.17.0.2:38677, cfcc32ee-7213-461f-a0aa-ad0f2e8f62af:172.17.0.2:45029], old=null
2020-06-02 21:45:33,585 [grpc-default-executor-0] INFO  impl.RaftServerImpl (RaftServerImpl.java:setRole(173)) - b5c2ec00-3fae-4232-b683-9e5d794bf00b@group-FE370B887547: changes role from  FOLLOWER to FOLLOWER at term 1 for recognizeCandidate:697886cf-90a3-42a4-855b-3afc29536108
2020-06-02 21:45:33,585 [grpc-default-executor-0] INFO  impl.RoleInfo (RoleInfo.java:shutdownFollowerState(121)) - b5c2ec00-3fae-4232-b683-9e5d794bf00b: shutdown FollowerState
2020-06-02 21:45:33,585 [grpc-default-executor-0] INFO  impl.RoleInfo (RoleInfo.java:updateAndGet(143)) - b5c2ec00-3fae-4232-b683-9e5d794bf00b: start FollowerState
2020-06-02 21:45:33,586 [Thread-563] INFO  impl.FollowerState (FollowerState.java:run(117)) - b5c2ec00-3fae-4232-b683-9e5d794bf00b@group-FE370B887547-FollowerState was interrupted: java.lang.InterruptedException: sleep interrupted
2020-06-02 21:45:33,586 [Thread-568] INFO  impl.FollowerState (FollowerState.java:run(108)) - cfcc32ee-7213-461f-a0aa-ad0f2e8f62af@group-FE370B887547-FollowerState: change to CANDIDATE, lastRpcTime:5007ms, electionTimeout:5007ms
2020-06-02 21:45:33,586 [Thread-568] INFO  impl.RoleInfo (RoleInfo.java:shutdownFollowerState(121)) - cfcc32ee-7213-461f-a0aa-ad0f2e8f62af: shutdown FollowerState
2020-06-02 21:45:33,586 [Thread-568] INFO  impl.RaftServerImpl (RaftServerImpl.java:setRole(173)) - cfcc32ee-7213-461f-a0aa-ad0f2e8f62af@group-FE370B887547: changes role from  FOLLOWER to CANDIDATE at term 0 for changeToCandidate
2020-06-02 21:45:33,586 [Thread-568] INFO  impl.RoleInfo (RoleInfo.java:updateAndGet(143)) - cfcc32ee-7213-461f-a0aa-ad0f2e8f62af: start LeaderElection
2020-06-02 21:45:33,593 [Thread-559] INFO  impl.FollowerState (FollowerState.java:run(108)) - 697886cf-90a3-42a4-855b-3afc29536108@group-EE3D28ED07BC-FollowerState: change to CANDIDATE, lastRpcTime:5148ms, electionTimeout:5147ms
2020-06-02 21:45:33,593 [Thread-559] INFO  impl.RoleInfo (RoleInfo.java:shutdownFollowerState(121)) - 697886cf-90a3-42a4-855b-3afc29536108: shutdown FollowerState
2020-06-02 21:45:33,593 [Thread-559] INFO  impl.RaftServerImpl (RaftServerImpl.java:setRole(173)) - 697886cf-90a3-42a4-855b-3afc29536108@group-EE3D28ED07BC: changes role from  FOLLOWER to CANDIDATE at term 0 for changeToCandidate
2020-06-02 21:45:33,595 [Listener at 127.0.0.1/43557] INFO  ozone.MiniOzoneClusterImpl (MiniOzoneClusterImpl.java:lambda$waitForClusterToBeReady$0(177)) - Nodes are ready. Got 3 of 3 DN Heartbeats.
2020-06-02 21:45:33,595 [Listener at 127.0.0.1/43557] INFO  ozone.MiniOzoneClusterImpl (MiniOzoneClusterImpl.java:lambda$waitForClusterToBeReady$0(180)) - Waiting for cluster to exit safe mode
2020-06-02 21:45:33,606 [Thread-559] INFO  impl.RoleInfo (RoleInfo.java:updateAndGet(143)) - 697886cf-90a3-42a4-855b-3afc29536108: start LeaderElection
2020-06-02 21:45:33,627 [697886cf-90a3-42a4-855b-3afc29536108@group-FE370B887547-LeaderElection7] INFO  impl.LeaderElection (LeaderElection.java:logAndReturn(61)) - 697886cf-90a3-42a4-855b-3afc29536108@group-FE370B887547-LeaderElection7: Election PASSED; received 1 response(s) [697886cf-90a3-42a4-855b-3afc29536108<-b5c2ec00-3fae-4232-b683-9e5d794bf00b#0:OK-t1] and 0 exception(s); 697886cf-90a3-42a4-855b-3afc29536108@group-FE370B887547:t1, leader=null, voted=697886cf-90a3-42a4-855b-3afc29536108, raftlog=697886cf-90a3-42a4-855b-3afc29536108@group-FE370B887547-SegmentedRaftLog:OPENED:c-1,f-1,i0, conf=-1: [b5c2ec00-3fae-4232-b683-9e5d794bf00b:172.17.0.2:39617, 697886cf-90a3-42a4-855b-3afc29536108:172.17.0.2:38677, cfcc32ee-7213-461f-a0aa-ad0f2e8f62af:172.17.0.2:45029], old=null
2020-06-02 21:45:33,627 [697886cf-90a3-42a4-855b-3afc29536108@group-FE370B887547-LeaderElection7] INFO  impl.RoleInfo (RoleInfo.java:shutdownLeaderElection(134)) - 697886cf-90a3-42a4-855b-3afc29536108: shutdown LeaderElection
2020-06-02 21:45:33,627 [697886cf-90a3-42a4-855b-3afc29536108@group-FE370B887547-LeaderElection7] INFO  impl.RaftServerImpl (RaftServerImpl.java:setRole(173)) - 697886cf-90a3-42a4-855b-3afc29536108@group-FE370B887547: changes role from CANDIDATE to LEADER at term 1 for changeToLeader
2020-06-02 21:45:33,627 [697886cf-90a3-42a4-855b-3afc29536108@group-FE370B887547-LeaderElection7] INFO  ratis.XceiverServerRatis (XceiverServerRatis.java:handleLeaderChangedNotification(762)) - Leader change notification received for group: group-FE370B887547 with new leaderId: 697886cf-90a3-42a4-855b-3afc29536108
2020-06-02 21:45:33,627 [697886cf-90a3-42a4-855b-3afc29536108@group-FE370B887547-LeaderElection7] INFO  impl.RaftServerImpl (ServerState.java:setLeader(255)) - 697886cf-90a3-42a4-855b-3afc29536108@group-FE370B887547: change Leader from null to 697886cf-90a3-42a4-855b-3afc29536108 at term 1 for becomeLeader, leader elected after 5170ms
2020-06-02 21:45:33,627 [697886cf-90a3-42a4-855b-3afc29536108@group-FE370B887547-LeaderElection7] INFO  server.RaftServerConfigKeys (ConfUtils.java:logGet(44)) - raft.server.staging.catchup.gap = 1000 (default)
2020-06-02 21:45:33,627 [697886cf-90a3-42a4-855b-3afc29536108@group-FE370B887547-LeaderElection7] INFO  server.RaftServerConfigKeys (ConfUtils.java:logGet(44)) - raft.server.rpc.sleep.time = 25ms (default)
2020-06-02 21:45:33,627 [697886cf-90a3-42a4-855b-3afc29536108@group-FE370B887547-LeaderElection7] INFO  metrics.RatisMetrics (RatisMetrics.java:lambda$create$0(39)) - Creating Metrics Registry : ratis.log_appender.697886cf-90a3-42a4-855b-3afc29536108@group-FE370B887547
2020-06-02 21:45:33,628 [697886cf-90a3-42a4-855b-3afc29536108@group-FE370B887547-LeaderElection7] INFO  server.RaftServerConfigKeys (ConfUtils.java:logGet(44)) - raft.server.write.element-limit = 1024 (custom)
2020-06-02 21:45:33,628 [697886cf-90a3-42a4-855b-3afc29536108@group-FE370B887547-LeaderElection7] INFO  server.RaftServerConfigKeys (ConfUtils.java:logGet(44)) - raft.server.write.byte-limit = 1073741824 (custom)
2020-06-02 21:45:33,628 [697886cf-90a3-42a4-855b-3afc29536108@group-FE370B887547-LeaderElection7] INFO  server.RaftServerConfigKeys (ConfUtils.java:logGet(44)) - raft.server.watch.timeout = 180s (custom)
2020-06-02 21:45:33,628 [697886cf-90a3-42a4-855b-3afc29536108@group-FE370B887547-LeaderElection7] INFO  server.RaftServerConfigKeys (ConfUtils.java:logGet(44)) - raft.server.watch.timeout.denomination = 1s (default)
2020-06-02 21:45:33,628 [697886cf-90a3-42a4-855b-3afc29536108@group-FE370B887547-LeaderElection7] INFO  server.RaftServerConfigKeys (ConfUtils.java:logGet(44)) - raft.server.watch.element-limit = 65536 (default)
2020-06-02 21:45:33,628 [697886cf-90a3-42a4-855b-3afc29536108@group-FE370B887547-LeaderElection7] INFO  server.RaftServerConfigKeys (ConfUtils.java:logGet(44)) - raft.server.log.appender.snapshot.chunk.size.max = 16MB (=16777216) (default)
2020-06-02 21:45:33,628 [697886cf-90a3-42a4-855b-3afc29536108@group-FE370B887547-LeaderElection7] INFO  server.RaftServerConfigKeys (ConfUtils.java:logGet(44)) - raft.server.log.appender.buffer.byte-limit = 33554432 (custom)
2020-06-02 21:45:33,628 [697886cf-90a3-42a4-855b-3afc29536108@group-FE370B887547-LeaderElection7] INFO  server.RaftServerConfigKeys (ConfUtils.java:logGet(44)) - raft.server.log.appender.buffer.element-limit = 1 (custom)
2020-06-02 21:45:33,629 [697886cf-90a3-42a4-855b-3afc29536108@group-FE370B887547-LeaderElection7] INFO  grpc.GrpcConfigKeys (ConfUtils.java:logGet(44)) - raft.grpc.server.leader.outstanding.appends.max = 128 (default)
2020-06-02 21:45:33,629 [697886cf-90a3-42a4-855b-3afc29536108@group-FE370B887547-LeaderElection7] INFO  server.RaftServerConfigKeys (ConfUtils.java:logGet(44)) - raft.server.rpc.request.timeout = 60s (custom)
2020-06-02 21:45:33,629 [697886cf-90a3-42a4-855b-3afc29536108@group-FE370B887547-LeaderElection7] INFO  server.RaftServerConfigKeys (ConfUtils.java:logGet(44)) - raft.server.log.appender.install.snapshot.enabled = false (custom)
2020-06-02 21:45:33,635 [cfcc32ee-7213-461f-a0aa-ad0f2e8f62af@group-FE370B887547-LeaderElection8] INFO  impl.LeaderElection (LeaderElection.java:askForVotes(206)) - cfcc32ee-7213-461f-a0aa-ad0f2e8f62af@group-FE370B887547-LeaderElection8: begin an election at term 1 for -1: [b5c2ec00-3fae-4232-b683-9e5d794bf00b:172.17.0.2:39617, 697886cf-90a3-42a4-855b-3afc29536108:172.17.0.2:38677, cfcc32ee-7213-461f-a0aa-ad0f2e8f62af:172.17.0.2:45029], old=null
2020-06-02 21:45:33,637 [697886cf-90a3-42a4-855b-3afc29536108@group-EE3D28ED07BC-LeaderElection9] INFO  impl.LeaderElection (LeaderElection.java:askForVotes(206)) - 697886cf-90a3-42a4-855b-3afc29536108@group-EE3D28ED07BC-LeaderElection9: begin an election at term 1 for -1: [697886cf-90a3-42a4-855b-3afc29536108:172.17.0.2:38677], old=null
2020-06-02 21:45:33,637 [697886cf-90a3-42a4-855b-3afc29536108@group-EE3D28ED07BC-LeaderElection9] INFO  impl.RoleInfo (RoleInfo.java:shutdownLeaderElection(134)) - 697886cf-90a3-42a4-855b-3afc29536108: shutdown LeaderElection
2020-06-02 21:45:33,637 [697886cf-90a3-42a4-855b-3afc29536108@group-EE3D28ED07BC-LeaderElection9] INFO  impl.RaftServerImpl (RaftServerImpl.java:setRole(173)) - 697886cf-90a3-42a4-855b-3afc29536108@group-EE3D28ED07BC: changes role from CANDIDATE to LEADER at term 1 for changeToLeader
2020-06-02 21:45:33,637 [697886cf-90a3-42a4-855b-3afc29536108@group-EE3D28ED07BC-LeaderElection9] INFO  ratis.XceiverServerRatis (XceiverServerRatis.java:handleLeaderChangedNotification(762)) - Leader change notification received for group: group-EE3D28ED07BC with new leaderId: 697886cf-90a3-42a4-855b-3afc29536108
2020-06-02 21:45:33,638 [697886cf-90a3-42a4-855b-3afc29536108@group-FE370B887547-LeaderElection7] INFO  server.RaftServerConfigKeys (ConfUtils.java:logGet(44)) - raft.server.log.appender.snapshot.chunk.size.max = 16MB (=16777216) (default)
2020-06-02 21:45:33,638 [697886cf-90a3-42a4-855b-3afc29536108@group-FE370B887547-LeaderElection7] INFO  server.RaftServerConfigKeys (ConfUtils.java:logGet(44)) - raft.server.log.appender.buffer.byte-limit = 33554432 (custom)
2020-06-02 21:45:33,638 [697886cf-90a3-42a4-855b-3afc29536108@group-FE370B887547-LeaderElection7] INFO  server.RaftServerConfigKeys (ConfUtils.java:logGet(44)) - raft.server.log.appender.buffer.element-limit = 1 (custom)
2020-06-02 21:45:33,645 [697886cf-90a3-42a4-855b-3afc29536108@group-FE370B887547-LeaderElection7] INFO  grpc.GrpcConfigKeys (ConfUtils.java:logGet(44)) - raft.grpc.server.leader.outstanding.appends.max = 128 (default)
2020-06-02 21:45:33,645 [697886cf-90a3-42a4-855b-3afc29536108@group-FE370B887547-LeaderElection7] INFO  server.RaftServerConfigKeys (ConfUtils.java:logGet(44)) - raft.server.rpc.request.timeout = 60s (custom)
2020-06-02 21:45:33,645 [697886cf-90a3-42a4-855b-3afc29536108@group-FE370B887547-LeaderElection7] INFO  server.RaftServerConfigKeys (ConfUtils.java:logGet(44)) - raft.server.log.appender.install.snapshot.enabled = false (custom)
2020-06-02 21:45:33,646 [697886cf-90a3-42a4-855b-3afc29536108@group-FE370B887547-LeaderElection7] INFO  impl.RoleInfo (RoleInfo.java:updateAndGet(143)) - 697886cf-90a3-42a4-855b-3afc29536108: start LeaderState
2020-06-02 21:45:33,646 [697886cf-90a3-42a4-855b-3afc29536108@group-FE370B887547-LeaderElection7] INFO  segmented.SegmentedRaftLogWorker (SegmentedRaftLogWorker.java:startLogSegment(391)) - 697886cf-90a3-42a4-855b-3afc29536108@group-FE370B887547-SegmentedRaftLogWorker: Starting segment from index:0
2020-06-02 21:45:33,646 [697886cf-90a3-42a4-855b-3afc29536108@group-EE3D28ED07BC-LeaderElection9] INFO  impl.RaftServerImpl (ServerState.java:setLeader(255)) - 697886cf-90a3-42a4-855b-3afc29536108@group-EE3D28ED07BC: change Leader from null to 697886cf-90a3-42a4-855b-3afc29536108 at term 1 for becomeLeader, leader elected after 5202ms
2020-06-02 21:45:33,646 [697886cf-90a3-42a4-855b-3afc29536108@group-EE3D28ED07BC-LeaderElection9] INFO  server.RaftServerConfigKeys (ConfUtils.java:logGet(44)) - raft.server.staging.catchup.gap = 1000 (default)
2020-06-02 21:45:33,646 [697886cf-90a3-42a4-855b-3afc29536108@group-EE3D28ED07BC-LeaderElection9] INFO  server.RaftServerConfigKeys (ConfUtils.java:logGet(44)) - raft.server.rpc.sleep.time = 25ms (default)
2020-06-02 21:45:33,646 [697886cf-90a3-42a4-855b-3afc29536108@group-EE3D28ED07BC-LeaderElection9] INFO  metrics.RatisMetrics (RatisMetrics.java:lambda$create$0(39)) - Creating Metrics Registry : ratis.log_appender.697886cf-90a3-42a4-855b-3afc29536108@group-EE3D28ED07BC
2020-06-02 21:45:33,646 [697886cf-90a3-42a4-855b-3afc29536108@group-EE3D28ED07BC-LeaderElection9] INFO  server.RaftServerConfigKeys (ConfUtils.java:logGet(44)) - raft.server.write.element-limit = 1024 (custom)
2020-06-02 21:45:33,647 [697886cf-90a3-42a4-855b-3afc29536108@group-EE3D28ED07BC-LeaderElection9] INFO  server.RaftServerConfigKeys (ConfUtils.java:logGet(44)) - raft.server.write.byte-limit = 1073741824 (custom)
2020-06-02 21:45:33,647 [697886cf-90a3-42a4-855b-3afc29536108@group-EE3D28ED07BC-LeaderElection9] INFO  server.RaftServerConfigKeys (ConfUtils.java:logGet(44)) - raft.server.watch.timeout = 180s (custom)
2020-06-02 21:45:33,647 [697886cf-90a3-42a4-855b-3afc29536108@group-EE3D28ED07BC-LeaderElection9] INFO  server.RaftServerConfigKeys (ConfUtils.java:logGet(44)) - raft.server.watch.timeout.denomination = 1s (default)
2020-06-02 21:45:33,647 [697886cf-90a3-42a4-855b-3afc29536108@group-EE3D28ED07BC-LeaderElection9] INFO  server.RaftServerConfigKeys (ConfUtils.java:logGet(44)) - raft.server.watch.element-limit = 65536 (default)
2020-06-02 21:45:33,647 [697886cf-90a3-42a4-855b-3afc29536108@group-EE3D28ED07BC-LeaderElection9] INFO  impl.RoleInfo (RoleInfo.java:updateAndGet(143)) - 697886cf-90a3-42a4-855b-3afc29536108: start LeaderState
2020-06-02 21:45:33,647 [697886cf-90a3-42a4-855b-3afc29536108@group-EE3D28ED07BC-LeaderElection9] INFO  segmented.SegmentedRaftLogWorker (SegmentedRaftLogWorker.java:startLogSegment(391)) - 697886cf-90a3-42a4-855b-3afc29536108@group-EE3D28ED07BC-SegmentedRaftLogWorker: Starting segment from index:0
2020-06-02 21:45:33,647 [697886cf-90a3-42a4-855b-3afc29536108@group-FE370B887547-SegmentedRaftLogWorker] INFO  segmented.SegmentedRaftLogWorker (SegmentedRaftLogWorker.java:execute(583)) - 697886cf-90a3-42a4-855b-3afc29536108@group-FE370B887547-SegmentedRaftLogWorker: created new log segment /github/workspace/mnt/ozone/hadoop-ozone/integration-test/target/test-dir/MiniOzoneClusterImpl-39d74104-fe92-41ad-97bc-67d3c75ba87b/datanode-0/data/ratis/cb8d75b6-4be9-422d-8899-fe370b887547/current/log_inprogress_0
2020-06-02 21:45:33,649 [697886cf-90a3-42a4-855b-3afc29536108@group-FE370B887547-LeaderElection7] INFO  impl.RaftServerImpl (ServerState.java:setRaftConf(356)) - 697886cf-90a3-42a4-855b-3afc29536108@group-FE370B887547: set configuration 0: [b5c2ec00-3fae-4232-b683-9e5d794bf00b:172.17.0.2:39617, 697886cf-90a3-42a4-855b-3afc29536108:172.17.0.2:38677, cfcc32ee-7213-461f-a0aa-ad0f2e8f62af:172.17.0.2:45029], old=null at 0
2020-06-02 21:45:33,654 [697886cf-90a3-42a4-855b-3afc29536108@group-EE3D28ED07BC-LeaderElection9] INFO  impl.RaftServerImpl (ServerState.java:setRaftConf(356)) - 697886cf-90a3-42a4-855b-3afc29536108@group-EE3D28ED07BC: set configuration 0: [697886cf-90a3-42a4-855b-3afc29536108:172.17.0.2:38677], old=null at 0
2020-06-02 21:45:33,656 [697886cf-90a3-42a4-855b-3afc29536108@group-EE3D28ED07BC-SegmentedRaftLogWorker] INFO  segmented.SegmentedRaftLogWorker (SegmentedRaftLogWorker.java:execute(583)) - 697886cf-90a3-42a4-855b-3afc29536108@group-EE3D28ED07BC-SegmentedRaftLogWorker: created new log segment /github/workspace/mnt/ozone/hadoop-ozone/integration-test/target/test-dir/MiniOzoneClusterImpl-39d74104-fe92-41ad-97bc-67d3c75ba87b/datanode-0/data/ratis/cdb04f22-3d98-4c01-bd99-ee3d28ed07bc/current/log_inprogress_0
2020-06-02 21:45:33,697 [grpc-default-executor-0] INFO  impl.RaftServerImpl (RaftServerImpl.java:requestVote(818)) - 697886cf-90a3-42a4-855b-3afc29536108@group-FE370B887547-   LEADER: Withhold vote from candidate cfcc32ee-7213-461f-a0aa-ad0f2e8f62af with term 1. State: leader=697886cf-90a3-42a4-855b-3afc29536108, term=1, lastRpcElapsed=null
2020-06-02 21:45:33,700 [grpc-default-executor-1] INFO  ratis.XceiverServerRatis (XceiverServerRatis.java:handleLeaderChangedNotification(762)) - Leader change notification received for group: group-FE370B887547 with new leaderId: 697886cf-90a3-42a4-855b-3afc29536108
2020-06-02 21:45:33,700 [grpc-default-executor-1] INFO  impl.RaftServerImpl (ServerState.java:setLeader(255)) - b5c2ec00-3fae-4232-b683-9e5d794bf00b@group-FE370B887547: change Leader from null to 697886cf-90a3-42a4-855b-3afc29536108 at term 1 for appendEntries, leader elected after 5205ms
2020-06-02 21:45:33,707 [Thread-567] INFO  impl.FollowerState (FollowerState.java:run(108)) - cfcc32ee-7213-461f-a0aa-ad0f2e8f62af@group-90B06B44CE90-FollowerState: change to CANDIDATE, lastRpcTime:5131ms, electionTimeout:5129ms
2020-06-02 21:45:33,707 [Thread-567] INFO  impl.RoleInfo (RoleInfo.java:shutdownFollowerState(121)) - cfcc32ee-7213-461f-a0aa-ad0f2e8f62af: shutdown FollowerState
2020-06-02 21:45:33,707 [Thread-567] INFO  impl.RaftServerImpl (RaftServerImpl.java:setRole(173)) - cfcc32ee-7213-461f-a0aa-ad0f2e8f62af@group-90B06B44CE90: changes role from  FOLLOWER to CANDIDATE at term 0 for changeToCandidate
2020-06-02 21:45:33,707 [Thread-567] INFO  impl.RoleInfo (RoleInfo.java:updateAndGet(143)) - cfcc32ee-7213-461f-a0aa-ad0f2e8f62af: start LeaderElection
2020-06-02 21:45:33,722 [grpc-default-executor-1] INFO  impl.RaftServerImpl (RaftServerImpl.java:requestVote(818)) - b5c2ec00-3fae-4232-b683-9e5d794bf00b@group-FE370B887547- FOLLOWER: Withhold vote from candidate cfcc32ee-7213-461f-a0aa-ad0f2e8f62af with term 1. State: leader=697886cf-90a3-42a4-855b-3afc29536108, term=1, lastRpcElapsed=14ms
2020-06-02 21:45:33,750 [grpc-default-executor-2] INFO  impl.RaftServerImpl (RaftServerImpl.java:setRole(173)) - cfcc32ee-7213-461f-a0aa-ad0f2e8f62af@group-FE370B887547: changes role from CANDIDATE to FOLLOWER at term 1 for appendEntries
2020-06-02 21:45:33,750 [grpc-default-executor-2] INFO  impl.RoleInfo (RoleInfo.java:shutdownLeaderElection(134)) - cfcc32ee-7213-461f-a0aa-ad0f2e8f62af: shutdown LeaderElection
2020-06-02 21:45:33,750 [grpc-default-executor-2] INFO  impl.RoleInfo (RoleInfo.java:updateAndGet(143)) - cfcc32ee-7213-461f-a0aa-ad0f2e8f62af: start FollowerState
2020-06-02 21:45:33,751 [grpc-default-executor-3] INFO  impl.RaftServerImpl (ServerState.java:setRaftConf(356)) - b5c2ec00-3fae-4232-b683-9e5d794bf00b@group-FE370B887547: set configuration 0: [b5c2ec00-3fae-4232-b683-9e5d794bf00b:172.17.0.2:39617, 697886cf-90a3-42a4-855b-3afc29536108:172.17.0.2:38677, cfcc32ee-7213-461f-a0aa-ad0f2e8f62af:172.17.0.2:45029], old=null at 0
2020-06-02 21:45:33,751 [grpc-default-executor-3] INFO  segmented.SegmentedRaftLogWorker (SegmentedRaftLogWorker.java:startLogSegment(391)) - b5c2ec00-3fae-4232-b683-9e5d794bf00b@group-FE370B887547-SegmentedRaftLogWorker: Starting segment from index:0
2020-06-02 21:45:33,754 [grpc-default-executor-2] INFO  ratis.XceiverServerRatis (XceiverServerRatis.java:handleLeaderChangedNotification(762)) - Leader change notification received for group: group-FE370B887547 with new leaderId: 697886cf-90a3-42a4-855b-3afc29536108
2020-06-02 21:45:33,754 [grpc-default-executor-2] INFO  impl.RaftServerImpl (ServerState.java:setLeader(255)) - cfcc32ee-7213-461f-a0aa-ad0f2e8f62af@group-FE370B887547: change Leader from null to 697886cf-90a3-42a4-855b-3afc29536108 at term 1 for appendEntries, leader elected after 5186ms
2020-06-02 21:45:33,755 [cfcc32ee-7213-461f-a0aa-ad0f2e8f62af@group-90B06B44CE90-LeaderElection10] INFO  impl.LeaderElection (LeaderElection.java:askForVotes(206)) - cfcc32ee-7213-461f-a0aa-ad0f2e8f62af@group-90B06B44CE90-LeaderElection10: begin an election at term 1 for -1: [cfcc32ee-7213-461f-a0aa-ad0f2e8f62af:172.17.0.2:45029], old=null
2020-06-02 21:45:33,756 [cfcc32ee-7213-461f-a0aa-ad0f2e8f62af@group-90B06B44CE90-LeaderElection10] INFO  impl.RoleInfo (RoleInfo.java:shutdownLeaderElection(134)) - cfcc32ee-7213-461f-a0aa-ad0f2e8f62af: shutdown LeaderElection
2020-06-02 21:45:33,756 [cfcc32ee-7213-461f-a0aa-ad0f2e8f62af@group-90B06B44CE90-LeaderElection10] INFO  impl.RaftServerImpl (RaftServerImpl.java:setRole(173)) - cfcc32ee-7213-461f-a0aa-ad0f2e8f62af@group-90B06B44CE90: changes role from CANDIDATE to LEADER at term 1 for changeToLeader
2020-06-02 21:45:33,756 [cfcc32ee-7213-461f-a0aa-ad0f2e8f62af@group-90B06B44CE90-LeaderElection10] INFO  ratis.XceiverServerRatis (XceiverServerRatis.java:handleLeaderChangedNotification(762)) - Leader change notification received for group: group-90B06B44CE90 with new leaderId: cfcc32ee-7213-461f-a0aa-ad0f2e8f62af
2020-06-02 21:45:33,757 [cfcc32ee-7213-461f-a0aa-ad0f2e8f62af@group-90B06B44CE90-LeaderElection10] INFO  impl.RaftServerImpl (ServerState.java:setLeader(255)) - cfcc32ee-7213-461f-a0aa-ad0f2e8f62af@group-90B06B44CE90: change Leader from null to cfcc32ee-7213-461f-a0aa-ad0f2e8f62af at term 1 for becomeLeader, leader elected after 5200ms
2020-06-02 21:45:33,761 [cfcc32ee-7213-461f-a0aa-ad0f2e8f62af@group-FE370B887547-LeaderElection8] INFO  impl.LeaderElection (LeaderElection.java:logAndReturn(61)) - cfcc32ee-7213-461f-a0aa-ad0f2e8f62af@group-FE370B887547-LeaderElection8: Election REJECTED; received 1 response(s) [cfcc32ee-7213-461f-a0aa-ad0f2e8f62af<-697886cf-90a3-42a4-855b-3afc29536108#0:FAIL-t1] and 0 exception(s); cfcc32ee-7213-461f-a0aa-ad0f2e8f62af@group-FE370B887547:t1, leader=697886cf-90a3-42a4-855b-3afc29536108, voted=cfcc32ee-7213-461f-a0aa-ad0f2e8f62af, raftlog=cfcc32ee-7213-461f-a0aa-ad0f2e8f62af@group-FE370B887547-SegmentedRaftLog:OPENED:c-1,f-1,i0, conf=-1: [b5c2ec00-3fae-4232-b683-9e5d794bf00b:172.17.0.2:39617, 697886cf-90a3-42a4-855b-3afc29536108:172.17.0.2:38677, cfcc32ee-7213-461f-a0aa-ad0f2e8f62af:172.17.0.2:45029], old=null
2020-06-02 21:45:33,761 [cfcc32ee-7213-461f-a0aa-ad0f2e8f62af@group-90B06B44CE90-LeaderElection10] INFO  server.RaftServerConfigKeys (ConfUtils.java:logGet(44)) - raft.server.staging.catchup.gap = 1000 (default)
2020-06-02 21:45:33,762 [cfcc32ee-7213-461f-a0aa-ad0f2e8f62af@group-90B06B44CE90-LeaderElection10] INFO  server.RaftServerConfigKeys (ConfUtils.java:logGet(44)) - raft.server.rpc.sleep.time = 25ms (default)
2020-06-02 21:45:33,762 [cfcc32ee-7213-461f-a0aa-ad0f2e8f62af@group-90B06B44CE90-LeaderElection10] INFO  metrics.RatisMetrics (RatisMetrics.java:lambda$create$0(39)) - Creating Metrics Registry : ratis.log_appender.cfcc32ee-7213-461f-a0aa-ad0f2e8f62af@group-90B06B44CE90
2020-06-02 21:45:33,762 [cfcc32ee-7213-461f-a0aa-ad0f2e8f62af@group-90B06B44CE90-LeaderElection10] INFO  server.RaftServerConfigKeys (ConfUtils.java:logGet(44)) - raft.server.write.element-limit = 1024 (custom)
2020-06-02 21:45:33,762 [cfcc32ee-7213-461f-a0aa-ad0f2e8f62af@group-90B06B44CE90-LeaderElection10] INFO  server.RaftServerConfigKeys (ConfUtils.java:logGet(44)) - raft.server.write.byte-limit = 1073741824 (custom)
2020-06-02 21:45:33,762 [cfcc32ee-7213-461f-a0aa-ad0f2e8f62af@group-90B06B44CE90-LeaderElection10] INFO  server.RaftServerConfigKeys (ConfUtils.java:logGet(44)) - raft.server.watch.timeout = 180s (custom)
2020-06-02 21:45:33,762 [cfcc32ee-7213-461f-a0aa-ad0f2e8f62af@group-90B06B44CE90-LeaderElection10] INFO  server.RaftServerConfigKeys (ConfUtils.java:logGet(44)) - raft.server.watch.timeout.denomination = 1s (default)
2020-06-02 21:45:33,762 [cfcc32ee-7213-461f-a0aa-ad0f2e8f62af@group-90B06B44CE90-LeaderElection10] INFO  server.RaftServerConfigKeys (ConfUtils.java:logGet(44)) - raft.server.watch.element-limit = 65536 (default)
2020-06-02 21:45:33,766 [cfcc32ee-7213-461f-a0aa-ad0f2e8f62af@group-90B06B44CE90-LeaderElection10] INFO  impl.RoleInfo (RoleInfo.java:updateAndGet(143)) - cfcc32ee-7213-461f-a0aa-ad0f2e8f62af: start LeaderState
2020-06-02 21:45:33,766 [cfcc32ee-7213-461f-a0aa-ad0f2e8f62af@group-90B06B44CE90-LeaderElection10] INFO  segmented.SegmentedRaftLogWorker (SegmentedRaftLogWorker.java:startLogSegment(391)) - cfcc32ee-7213-461f-a0aa-ad0f2e8f62af@group-90B06B44CE90-SegmentedRaftLogWorker: Starting segment from index:0
2020-06-02 21:45:33,768 [grpc-default-executor-3] INFO  impl.RaftServerImpl (ServerState.java:setRaftConf(356)) - cfcc32ee-7213-461f-a0aa-ad0f2e8f62af@group-FE370B887547: set configuration 0: [b5c2ec00-3fae-4232-b683-9e5d794bf00b:172.17.0.2:39617, 697886cf-90a3-42a4-855b-3afc29536108:172.17.0.2:38677, cfcc32ee-7213-461f-a0aa-ad0f2e8f62af:172.17.0.2:45029], old=null at 0
2020-06-02 21:45:33,782 [grpc-default-executor-3] INFO  segmented.SegmentedRaftLogWorker (SegmentedRaftLogWorker.java:startLogSegment(391)) - cfcc32ee-7213-461f-a0aa-ad0f2e8f62af@group-FE370B887547-SegmentedRaftLogWorker: Starting segment from index:0
2020-06-02 21:45:33,771 [Thread-571] INFO  impl.FollowerState (FollowerState.java:run(108)) - b5c2ec00-3fae-4232-b683-9e5d794bf00b@group-9A7393E4AAFF-FollowerState: change to CANDIDATE, lastRpcTime:5163ms, electionTimeout:5162ms
2020-06-02 21:45:33,782 [Thread-571] INFO  impl.RoleInfo (RoleInfo.java:shutdownFollowerState(121)) - b5c2ec00-3fae-4232-b683-9e5d794bf00b: shutdown FollowerState
2020-06-02 21:45:33,782 [Thread-571] INFO  impl.RaftServerImpl (RaftServerImpl.java:setRole(173)) - b5c2ec00-3fae-4232-b683-9e5d794bf00b@group-9A7393E4AAFF: changes role from  FOLLOWER to CANDIDATE at term 0 for changeToCandidate
2020-06-02 21:45:33,782 [Thread-571] INFO  impl.RoleInfo (RoleInfo.java:updateAndGet(143)) - b5c2ec00-3fae-4232-b683-9e5d794bf00b: start LeaderElection
2020-06-02 21:45:33,770 [cfcc32ee-7213-461f-a0aa-ad0f2e8f62af@group-90B06B44CE90-SegmentedRaftLogWorker] INFO  segmented.SegmentedRaftLogWorker (SegmentedRaftLogWorker.java:execute(583)) - cfcc32ee-7213-461f-a0aa-ad0f2e8f62af@group-90B06B44CE90-SegmentedRaftLogWorker: created new log segment /github/workspace/mnt/ozone/hadoop-ozone/integration-test/target/test-dir/MiniOzoneClusterImpl-39d74104-fe92-41ad-97bc-67d3c75ba87b/datanode-1/data/ratis/e5ef578b-2358-4073-82b4-90b06b44ce90/current/log_inprogress_0
2020-06-02 21:45:33,793 [cfcc32ee-7213-461f-a0aa-ad0f2e8f62af@group-FE370B887547-SegmentedRaftLogWorker] INFO  segmented.SegmentedRaftLogWorker (SegmentedRaftLogWorker.java:execute(583)) - cfcc32ee-7213-461f-a0aa-ad0f2e8f62af@group-FE370B887547-SegmentedRaftLogWorker: created new log segment /github/workspace/mnt/ozone/hadoop-ozone/integration-test/target/test-dir/MiniOzoneClusterImpl-39d74104-fe92-41ad-97bc-67d3c75ba87b/datanode-1/data/ratis/cb8d75b6-4be9-422d-8899-fe370b887547/current/log_inprogress_0
2020-06-02 21:45:33,768 [b5c2ec00-3fae-4232-b683-9e5d794bf00b@group-FE370B887547-SegmentedRaftLogWorker] INFO  segmented.SegmentedRaftLogWorker (SegmentedRaftLogWorker.java:execute(583)) - b5c2ec00-3fae-4232-b683-9e5d794bf00b@group-FE370B887547-SegmentedRaftLogWorker: created new log segment /github/workspace/mnt/ozone/hadoop-ozone/integration-test/target/test-dir/MiniOzoneClusterImpl-39d74104-fe92-41ad-97bc-67d3c75ba87b/datanode-2/data/ratis/cb8d75b6-4be9-422d-8899-fe370b887547/current/log_inprogress_0
2020-06-02 21:45:33,789 [cfcc32ee-7213-461f-a0aa-ad0f2e8f62af@group-90B06B44CE90-LeaderElection10] INFO  impl.RaftServerImpl (ServerState.java:setRaftConf(356)) - cfcc32ee-7213-461f-a0aa-ad0f2e8f62af@group-90B06B44CE90: set configuration 0: [cfcc32ee-7213-461f-a0aa-ad0f2e8f62af:172.17.0.2:45029], old=null at 0
2020-06-02 21:45:33,830 [b5c2ec00-3fae-4232-b683-9e5d794bf00b@group-9A7393E4AAFF-LeaderElection11] INFO  impl.LeaderElection (LeaderElection.java:askForVotes(206)) - b5c2ec00-3fae-4232-b683-9e5d794bf00b@group-9A7393E4AAFF-LeaderElection11: begin an election at term 1 for -1: [b5c2ec00-3fae-4232-b683-9e5d794bf00b:172.17.0.2:39617], old=null
2020-06-02 21:45:33,831 [b5c2ec00-3fae-4232-b683-9e5d794bf00b@group-9A7393E4AAFF-LeaderElection11] INFO  impl.RoleInfo (RoleInfo.java:shutdownLeaderElection(134)) - b5c2ec00-3fae-4232-b683-9e5d794bf00b: shutdown LeaderElection
2020-06-02 21:45:33,831 [b5c2ec00-3fae-4232-b683-9e5d794bf00b@group-9A7393E4AAFF-LeaderElection11] INFO  impl.RaftServerImpl (RaftServerImpl.java:setRole(173)) - b5c2ec00-3fae-4232-b683-9e5d794bf00b@group-9A7393E4AAFF: changes role from CANDIDATE to LEADER at term 1 for changeToLeader
2020-06-02 21:45:33,831 [b5c2ec00-3fae-4232-b683-9e5d794bf00b@group-9A7393E4AAFF-LeaderElection11] INFO  ratis.XceiverServerRatis (XceiverServerRatis.java:handleLeaderChangedNotification(762)) - Leader change notification received for group: group-9A7393E4AAFF with new leaderId: b5c2ec00-3fae-4232-b683-9e5d794bf00b
2020-06-02 21:45:33,831 [b5c2ec00-3fae-4232-b683-9e5d794bf00b@group-9A7393E4AAFF-LeaderElection11] INFO  impl.RaftServerImpl (ServerState.java:setLeader(255)) - b5c2ec00-3fae-4232-b683-9e5d794bf00b@group-9A7393E4AAFF: change Leader from null to b5c2ec00-3fae-4232-b683-9e5d794bf00b at term 1 for becomeLeader, leader elected after 5232ms
2020-06-02 21:45:33,831 [b5c2ec00-3fae-4232-b683-9e5d794bf00b@group-9A7393E4AAFF-LeaderElection11] INFO  server.RaftServerConfigKeys (ConfUtils.java:logGet(44)) - raft.server.staging.catchup.gap = 1000 (default)
2020-06-02 21:45:33,831 [b5c2ec00-3fae-4232-b683-9e5d794bf00b@group-9A7393E4AAFF-LeaderElection11] INFO  server.RaftServerConfigKeys (ConfUtils.java:logGet(44)) - raft.server.rpc.sleep.time = 25ms (default)
2020-06-02 21:45:33,831 [b5c2ec00-3fae-4232-b683-9e5d794bf00b@group-9A7393E4AAFF-LeaderElection11] INFO  metrics.RatisMetrics (RatisMetrics.java:lambda$create$0(39)) - Creating Metrics Registry : ratis.log_appender.b5c2ec00-3fae-4232-b683-9e5d794bf00b@group-9A7393E4AAFF
2020-06-02 21:45:33,832 [b5c2ec00-3fae-4232-b683-9e5d794bf00b@group-9A7393E4AAFF-LeaderElection11] INFO  server.RaftServerConfigKeys (ConfUtils.java:logGet(44)) - raft.server.write.element-limit = 1024 (custom)
2020-06-02 21:45:33,832 [b5c2ec00-3fae-4232-b683-9e5d794bf00b@group-9A7393E4AAFF-LeaderElection11] INFO  server.RaftServerConfigKeys (ConfUtils.java:logGet(44)) - raft.server.write.byte-limit = 1073741824 (custom)
2020-06-02 21:45:33,832 [b5c2ec00-3fae-4232-b683-9e5d794bf00b@group-9A7393E4AAFF-LeaderElection11] INFO  server.RaftServerConfigKeys (ConfUtils.java:logGet(44)) - raft.server.watch.timeout = 180s (custom)
2020-06-02 21:45:33,832 [b5c2ec00-3fae-4232-b683-9e5d794bf00b@group-9A7393E4AAFF-LeaderElection11] INFO  server.RaftServerConfigKeys (ConfUtils.java:logGet(44)) - raft.server.watch.timeout.denomination = 1s (default)
2020-06-02 21:45:33,832 [b5c2ec00-3fae-4232-b683-9e5d794bf00b@group-9A7393E4AAFF-LeaderElection11] INFO  server.RaftServerConfigKeys (ConfUtils.java:logGet(44)) - raft.server.watch.element-limit = 65536 (default)
2020-06-02 21:45:33,832 [b5c2ec00-3fae-4232-b683-9e5d794bf00b@group-9A7393E4AAFF-LeaderElection11] INFO  impl.RoleInfo (RoleInfo.java:updateAndGet(143)) - b5c2ec00-3fae-4232-b683-9e5d794bf00b: start LeaderState
2020-06-02 21:45:33,832 [b5c2ec00-3fae-4232-b683-9e5d794bf00b@group-9A7393E4AAFF-LeaderElection11] INFO  segmented.SegmentedRaftLogWorker (SegmentedRaftLogWorker.java:startLogSegment(391)) - b5c2ec00-3fae-4232-b683-9e5d794bf00b@group-9A7393E4AAFF-SegmentedRaftLogWorker: Starting segment from index:0
2020-06-02 21:45:33,834 [b5c2ec00-3fae-4232-b683-9e5d794bf00b@group-9A7393E4AAFF-SegmentedRaftLogWorker] INFO  segmented.SegmentedRaftLogWorker (SegmentedRaftLogWorker.java:execute(583)) - b5c2ec00-3fae-4232-b683-9e5d794bf00b@group-9A7393E4AAFF-SegmentedRaftLogWorker: created new log segment /github/workspace/mnt/ozone/hadoop-ozone/integration-test/target/test-dir/MiniOzoneClusterImpl-39d74104-fe92-41ad-97bc-67d3c75ba87b/datanode-2/data/ratis/a776997c-4247-4c2f-9a4e-9a7393e4aaff/current/log_inprogress_0
2020-06-02 21:45:33,837 [b5c2ec00-3fae-4232-b683-9e5d794bf00b@group-9A7393E4AAFF-LeaderElection11] INFO  impl.RaftServerImpl (ServerState.java:setRaftConf(356)) - b5c2ec00-3fae-4232-b683-9e5d794bf00b@group-9A7393E4AAFF: set configuration 0: [b5c2ec00-3fae-4232-b683-9e5d794bf00b:172.17.0.2:39617], old=null at 0
2020-06-02 21:45:34,596 [Listener at 127.0.0.1/43557] INFO  ozone.MiniOzoneClusterImpl (MiniOzoneClusterImpl.java:lambda$waitForClusterToBeReady$0(177)) - Nodes are ready. Got 3 of 3 DN Heartbeats.
2020-06-02 21:45:34,596 [Listener at 127.0.0.1/43557] INFO  ozone.MiniOzoneClusterImpl (MiniOzoneClusterImpl.java:lambda$waitForClusterToBeReady$0(180)) - Waiting for cluster to exit safe mode
2020-06-02 21:45:35,596 [Listener at 127.0.0.1/43557] INFO  ozone.MiniOzoneClusterImpl (MiniOzoneClusterImpl.java:lambda$waitForClusterToBeReady$0(177)) - Nodes are ready. Got 3 of 3 DN Heartbeats.
2020-06-02 21:45:35,597 [Listener at 127.0.0.1/43557] INFO  ozone.MiniOzoneClusterImpl (MiniOzoneClusterImpl.java:lambda$waitForClusterToBeReady$0(180)) - Waiting for cluster to exit safe mode
2020-06-02 21:45:36,598 [Listener at 127.0.0.1/43557] INFO  ozone.MiniOzoneClusterImpl (MiniOzoneClusterImpl.java:lambda$waitForClusterToBeReady$0(177)) - Nodes are ready. Got 3 of 3 DN Heartbeats.
2020-06-02 21:45:36,599 [Listener at 127.0.0.1/43557] INFO  ozone.MiniOzoneClusterImpl (MiniOzoneClusterImpl.java:lambda$waitForClusterToBeReady$0(180)) - Waiting for cluster to exit safe mode
2020-06-02 21:45:37,599 [Listener at 127.0.0.1/43557] INFO  ozone.MiniOzoneClusterImpl (MiniOzoneClusterImpl.java:lambda$waitForClusterToBeReady$0(177)) - Nodes are ready. Got 3 of 3 DN Heartbeats.
2020-06-02 21:45:37,599 [Listener at 127.0.0.1/43557] INFO  ozone.MiniOzoneClusterImpl (MiniOzoneClusterImpl.java:lambda$waitForClusterToBeReady$0(180)) - Waiting for cluster to exit safe mode
2020-06-02 21:45:38,600 [Listener at 127.0.0.1/43557] INFO  ozone.MiniOzoneClusterImpl (MiniOzoneClusterImpl.java:lambda$waitForClusterToBeReady$0(177)) - Nodes are ready. Got 3 of 3 DN Heartbeats.
2020-06-02 21:45:38,600 [Listener at 127.0.0.1/43557] INFO  ozone.MiniOzoneClusterImpl (MiniOzoneClusterImpl.java:lambda$waitForClusterToBeReady$0(180)) - Waiting for cluster to exit safe mode
2020-06-02 21:45:39,600 [Listener at 127.0.0.1/43557] INFO  ozone.MiniOzoneClusterImpl (MiniOzoneClusterImpl.java:lambda$waitForClusterToBeReady$0(177)) - Nodes are ready. Got 3 of 3 DN Heartbeats.
2020-06-02 21:45:39,602 [Listener at 127.0.0.1/43557] INFO  ozone.MiniOzoneClusterImpl (MiniOzoneClusterImpl.java:lambda$waitForClusterToBeReady$0(180)) - Waiting for cluster to exit safe mode
2020-06-02 21:45:40,602 [Listener at 127.0.0.1/43557] INFO  ozone.MiniOzoneClusterImpl (MiniOzoneClusterImpl.java:lambda$waitForClusterToBeReady$0(177)) - Nodes are ready. Got 3 of 3 DN Heartbeats.
2020-06-02 21:45:40,603 [Listener at 127.0.0.1/43557] INFO  ozone.MiniOzoneClusterImpl (MiniOzoneClusterImpl.java:lambda$waitForClusterToBeReady$0(180)) - Waiting for cluster to exit safe mode
2020-06-02 21:45:41,604 [Listener at 127.0.0.1/43557] INFO  ozone.MiniOzoneClusterImpl (MiniOzoneClusterImpl.java:lambda$waitForClusterToBeReady$0(177)) - Nodes are ready. Got 3 of 3 DN Heartbeats.
2020-06-02 21:45:41,605 [Listener at 127.0.0.1/43557] INFO  ozone.MiniOzoneClusterImpl (MiniOzoneClusterImpl.java:lambda$waitForClusterToBeReady$0(180)) - Waiting for cluster to exit safe mode
2020-06-02 21:45:42,605 [Listener at 127.0.0.1/43557] INFO  ozone.MiniOzoneClusterImpl (MiniOzoneClusterImpl.java:lambda$waitForClusterToBeReady$0(177)) - Nodes are ready. Got 3 of 3 DN Heartbeats.
2020-06-02 21:45:42,605 [Listener at 127.0.0.1/43557] INFO  ozone.MiniOzoneClusterImpl (MiniOzoneClusterImpl.java:lambda$waitForClusterToBeReady$0(180)) - Waiting for cluster to exit safe mode
2020-06-02 21:45:43,605 [Listener at 127.0.0.1/43557] INFO  ozone.MiniOzoneClusterImpl (MiniOzoneClusterImpl.java:lambda$waitForClusterToBeReady$0(177)) - Nodes are ready. Got 3 of 3 DN Heartbeats.
2020-06-02 21:45:43,607 [Listener at 127.0.0.1/43557] INFO  ozone.MiniOzoneClusterImpl (MiniOzoneClusterImpl.java:lambda$waitForClusterToBeReady$0(180)) - Waiting for cluster to exit safe mode
2020-06-02 21:45:44,607 [Listener at 127.0.0.1/43557] INFO  ozone.MiniOzoneClusterImpl (MiniOzoneClusterImpl.java:lambda$waitForClusterToBeReady$0(177)) - Nodes are ready. Got 3 of 3 DN Heartbeats.
2020-06-02 21:45:44,607 [Listener at 127.0.0.1/43557] INFO  ozone.MiniOzoneClusterImpl (MiniOzoneClusterImpl.java:lambda$waitForClusterToBeReady$0(180)) - Waiting for cluster to exit safe mode
2020-06-02 21:45:45,607 [Listener at 127.0.0.1/43557] INFO  ozone.MiniOzoneClusterImpl (MiniOzoneClusterImpl.java:lambda$waitForClusterToBeReady$0(177)) - Nodes are ready. Got 3 of 3 DN Heartbeats.
2020-06-02 21:45:45,608 [Listener at 127.0.0.1/43557] INFO  ozone.MiniOzoneClusterImpl (MiniOzoneClusterImpl.java:lambda$waitForClusterToBeReady$0(180)) - Waiting for cluster to exit safe mode
2020-06-02 21:45:46,608 [Listener at 127.0.0.1/43557] INFO  ozone.MiniOzoneClusterImpl (MiniOzoneClusterImpl.java:lambda$waitForClusterToBeReady$0(177)) - Nodes are ready. Got 3 of 3 DN Heartbeats.
2020-06-02 21:45:46,609 [Listener at 127.0.0.1/43557] INFO  ozone.MiniOzoneClusterImpl (MiniOzoneClusterImpl.java:lambda$waitForClusterToBeReady$0(180)) - Waiting for cluster to exit safe mode
2020-06-02 21:45:47,611 [Listener at 127.0.0.1/43557] INFO  ozone.MiniOzoneClusterImpl (MiniOzoneClusterImpl.java:lambda$waitForClusterToBeReady$0(177)) - Nodes are ready. Got 3 of 3 DN Heartbeats.
2020-06-02 21:45:47,613 [Listener at 127.0.0.1/43557] INFO  ozone.MiniOzoneClusterImpl (MiniOzoneClusterImpl.java:lambda$waitForClusterToBeReady$0(180)) - Waiting for cluster to exit safe mode
2020-06-02 21:45:48,614 [Listener at 127.0.0.1/43557] INFO  ozone.MiniOzoneClusterImpl (MiniOzoneClusterImpl.java:lambda$waitForClusterToBeReady$0(177)) - Nodes are ready. Got 3 of 3 DN Heartbeats.
2020-06-02 21:45:48,615 [Listener at 127.0.0.1/43557] INFO  ozone.MiniOzoneClusterImpl (MiniOzoneClusterImpl.java:lambda$waitForClusterToBeReady$0(180)) - Waiting for cluster to exit safe mode
2020-06-02 21:45:49,615 [Listener at 127.0.0.1/43557] INFO  ozone.MiniOzoneClusterImpl (MiniOzoneClusterImpl.java:lambda$waitForClusterToBeReady$0(177)) - Nodes are ready. Got 3 of 3 DN Heartbeats.
2020-06-02 21:45:49,615 [Listener at 127.0.0.1/43557] INFO  ozone.MiniOzoneClusterImpl (MiniOzoneClusterImpl.java:lambda$waitForClusterToBeReady$0(180)) - Waiting for cluster to exit safe mode
2020-06-02 21:45:50,616 [Listener at 127.0.0.1/43557] INFO  ozone.MiniOzoneClusterImpl (MiniOzoneClusterImpl.java:lambda$waitForClusterToBeReady$0(177)) - Nodes are ready. Got 3 of 3 DN Heartbeats.
2020-06-02 21:45:50,618 [Listener at 127.0.0.1/43557] INFO  ozone.MiniOzoneClusterImpl (MiniOzoneClusterImpl.java:lambda$waitForClusterToBeReady$0(180)) - Waiting for cluster to exit safe mode
2020-06-02 21:45:51,619 [Listener at 127.0.0.1/43557] INFO  ozone.MiniOzoneClusterImpl (MiniOzoneClusterImpl.java:lambda$waitForClusterToBeReady$0(177)) - Nodes are ready. Got 3 of 3 DN Heartbeats.
2020-06-02 21:45:51,619 [Listener at 127.0.0.1/43557] INFO  ozone.MiniOzoneClusterImpl (MiniOzoneClusterImpl.java:lambda$waitForClusterToBeReady$0(180)) - Waiting for cluster to exit safe mode
2020-06-02 21:45:52,619 [Listener at 127.0.0.1/43557] INFO  ozone.MiniOzoneClusterImpl (MiniOzoneClusterImpl.java:lambda$waitForClusterToBeReady$0(177)) - Nodes are ready. Got 3 of 3 DN Heartbeats.
2020-06-02 21:45:52,619 [Listener at 127.0.0.1/43557] INFO  ozone.MiniOzoneClusterImpl (MiniOzoneClusterImpl.java:lambda$waitForClusterToBeReady$0(180)) - Waiting for cluster to exit safe mode
2020-06-02 21:45:53,620 [Listener at 127.0.0.1/43557] INFO  ozone.MiniOzoneClusterImpl (MiniOzoneClusterImpl.java:lambda$waitForClusterToBeReady$0(177)) - Nodes are ready. Got 3 of 3 DN Heartbeats.
2020-06-02 21:45:53,620 [Listener at 127.0.0.1/43557] INFO  ozone.MiniOzoneClusterImpl (MiniOzoneClusterImpl.java:lambda$waitForClusterToBeReady$0(180)) - Waiting for cluster to exit safe mode
2020-06-02 21:45:54,620 [Listener at 127.0.0.1/43557] INFO  ozone.MiniOzoneClusterImpl (MiniOzoneClusterImpl.java:lambda$waitForClusterToBeReady$0(177)) - Nodes are ready. Got 3 of 3 DN Heartbeats.
2020-06-02 21:45:54,621 [Listener at 127.0.0.1/43557] INFO  ozone.MiniOzoneClusterImpl (MiniOzoneClusterImpl.java:lambda$waitForClusterToBeReady$0(180)) - Waiting for cluster to exit safe mode
2020-06-02 21:45:55,621 [Listener at 127.0.0.1/43557] INFO  ozone.MiniOzoneClusterImpl (MiniOzoneClusterImpl.java:lambda$waitForClusterToBeReady$0(177)) - Nodes are ready. Got 3 of 3 DN Heartbeats.
2020-06-02 21:45:55,622 [Listener at 127.0.0.1/43557] INFO  ozone.MiniOzoneClusterImpl (MiniOzoneClusterImpl.java:lambda$waitForClusterToBeReady$0(180)) - Waiting for cluster to exit safe mode
2020-06-02 21:45:56,622 [Listener at 127.0.0.1/43557] INFO  ozone.MiniOzoneClusterImpl (MiniOzoneClusterImpl.java:lambda$waitForClusterToBeReady$0(177)) - Nodes are ready. Got 3 of 3 DN Heartbeats.
2020-06-02 21:45:56,622 [Listener at 127.0.0.1/43557] INFO  ozone.MiniOzoneClusterImpl (MiniOzoneClusterImpl.java:lambda$waitForClusterToBeReady$0(180)) - Waiting for cluster to exit safe mode
2020-06-02 21:45:57,622 [Listener at 127.0.0.1/43557] INFO  ozone.MiniOzoneClusterImpl (MiniOzoneClusterImpl.java:lambda$waitForClusterToBeReady$0(177)) - Nodes are ready. Got 3 of 3 DN Heartbeats.
2020-06-02 21:45:57,622 [Listener at 127.0.0.1/43557] INFO  ozone.MiniOzoneClusterImpl (MiniOzoneClusterImpl.java:lambda$waitForClusterToBeReady$0(180)) - Waiting for cluster to exit safe mode
2020-06-02 21:45:58,622 [Listener at 127.0.0.1/43557] INFO  ozone.MiniOzoneClusterImpl (MiniOzoneClusterImpl.java:lambda$waitForClusterToBeReady$0(177)) - Nodes are ready. Got 3 of 3 DN Heartbeats.
2020-06-02 21:45:58,623 [Listener at 127.0.0.1/43557] INFO  ozone.MiniOzoneClusterImpl (MiniOzoneClusterImpl.java:lambda$waitForClusterToBeReady$0(180)) - Waiting for cluster to exit safe mode
2020-06-02 21:45:59,623 [Listener at 127.0.0.1/43557] INFO  ozone.MiniOzoneClusterImpl (MiniOzoneClusterImpl.java:lambda$waitForClusterToBeReady$0(177)) - Nodes are ready. Got 3 of 3 DN Heartbeats.
2020-06-02 21:45:59,624 [Listener at 127.0.0.1/43557] INFO  ozone.MiniOzoneClusterImpl (MiniOzoneClusterImpl.java:lambda$waitForClusterToBeReady$0(180)) - Waiting for cluster to exit safe mode
2020-06-02 21:46:00,624 [Listener at 127.0.0.1/43557] INFO  ozone.MiniOzoneClusterImpl (MiniOzoneClusterImpl.java:lambda$waitForClusterToBeReady$0(177)) - Nodes are ready. Got 3 of 3 DN Heartbeats.
2020-06-02 21:46:00,626 [Listener at 127.0.0.1/43557] INFO  ozone.MiniOzoneClusterImpl (MiniOzoneClusterImpl.java:lambda$waitForClusterToBeReady$0(180)) - Waiting for cluster to exit safe mode
2020-06-02 21:46:01,626 [Listener at 127.0.0.1/43557] INFO  ozone.MiniOzoneClusterImpl (MiniOzoneClusterImpl.java:lambda$waitForClusterToBeReady$0(177)) - Nodes are ready. Got 3 of 3 DN Heartbeats.
2020-06-02 21:46:01,627 [Listener at 127.0.0.1/43557] INFO  ozone.MiniOzoneClusterImpl (MiniOzoneClusterImpl.java:lambda$waitForClusterToBeReady$0(180)) - Waiting for cluster to exit safe mode
2020-06-02 21:46:02,627 [Listener at 127.0.0.1/43557] INFO  ozone.MiniOzoneClusterImpl (MiniOzoneClusterImpl.java:lambda$waitForClusterToBeReady$0(177)) - Nodes are ready. Got 3 of 3 DN Heartbeats.
2020-06-02 21:46:02,628 [Listener at 127.0.0.1/43557] INFO  ozone.MiniOzoneClusterImpl (MiniOzoneClusterImpl.java:lambda$waitForClusterToBeReady$0(180)) - Waiting for cluster to exit safe mode
2020-06-02 21:46:03,628 [Listener at 127.0.0.1/43557] INFO  ozone.MiniOzoneClusterImpl (MiniOzoneClusterImpl.java:lambda$waitForClusterToBeReady$0(177)) - Nodes are ready. Got 3 of 3 DN Heartbeats.
2020-06-02 21:46:03,629 [Listener at 127.0.0.1/43557] INFO  ozone.MiniOzoneClusterImpl (MiniOzoneClusterImpl.java:lambda$waitForClusterToBeReady$0(180)) - Waiting for cluster to exit safe mode
2020-06-02 21:46:04,629 [Listener at 127.0.0.1/43557] INFO  ozone.MiniOzoneClusterImpl (MiniOzoneClusterImpl.java:lambda$waitForClusterToBeReady$0(177)) - Nodes are ready. Got 3 of 3 DN Heartbeats.
2020-06-02 21:46:04,629 [Listener at 127.0.0.1/43557] INFO  ozone.MiniOzoneClusterImpl (MiniOzoneClusterImpl.java:lambda$waitForClusterToBeReady$0(180)) - Waiting for cluster to exit safe mode
2020-06-02 21:46:05,630 [Listener at 127.0.0.1/43557] INFO  ozone.MiniOzoneClusterImpl (MiniOzoneClusterImpl.java:lambda$waitForClusterToBeReady$0(177)) - Nodes are ready. Got 3 of 3 DN Heartbeats.
2020-06-02 21:46:05,631 [Listener at 127.0.0.1/43557] INFO  ozone.MiniOzoneClusterImpl (MiniOzoneClusterImpl.java:lambda$waitForClusterToBeReady$0(180)) - Waiting for cluster to exit safe mode
2020-06-02 21:46:06,632 [Listener at 127.0.0.1/43557] INFO  ozone.MiniOzoneClusterImpl (MiniOzoneClusterImpl.java:lambda$waitForClusterToBeReady$0(177)) - Nodes are ready. Got 3 of 3 DN Heartbeats.
2020-06-02 21:46:06,632 [Listener at 127.0.0.1/43557] INFO  ozone.MiniOzoneClusterImpl (MiniOzoneClusterImpl.java:lambda$waitForClusterToBeReady$0(180)) - Waiting for cluster to exit safe mode
2020-06-02 21:46:07,632 [Listener at 127.0.0.1/43557] INFO  ozone.MiniOzoneClusterImpl (MiniOzoneClusterImpl.java:lambda$waitForClusterToBeReady$0(177)) - Nodes are ready. Got 3 of 3 DN Heartbeats.
2020-06-02 21:46:07,632 [Listener at 127.0.0.1/43557] INFO  ozone.MiniOzoneClusterImpl (MiniOzoneClusterImpl.java:lambda$waitForClusterToBeReady$0(180)) - Waiting for cluster to exit safe mode
2020-06-02 21:46:08,632 [Listener at 127.0.0.1/43557] INFO  ozone.MiniOzoneClusterImpl (MiniOzoneClusterImpl.java:lambda$waitForClusterToBeReady$0(177)) - Nodes are ready. Got 3 of 3 DN Heartbeats.
2020-06-02 21:46:08,633 [Listener at 127.0.0.1/43557] INFO  ozone.MiniOzoneClusterImpl (MiniOzoneClusterImpl.java:lambda$waitForClusterToBeReady$0(180)) - Waiting for cluster to exit safe mode
2020-06-02 21:46:09,633 [Listener at 127.0.0.1/43557] INFO  ozone.MiniOzoneClusterImpl (MiniOzoneClusterImpl.java:lambda$waitForClusterToBeReady$0(177)) - Nodes are ready. Got 3 of 3 DN Heartbeats.
2020-06-02 21:46:09,633 [Listener at 127.0.0.1/43557] INFO  ozone.MiniOzoneClusterImpl (MiniOzoneClusterImpl.java:lambda$waitForClusterToBeReady$0(180)) - Waiting for cluster to exit safe mode
2020-06-02 21:46:10,633 [Listener at 127.0.0.1/43557] INFO  ozone.MiniOzoneClusterImpl (MiniOzoneClusterImpl.java:lambda$waitForClusterToBeReady$0(177)) - Nodes are ready. Got 3 of 3 DN Heartbeats.
2020-06-02 21:46:10,633 [Listener at 127.0.0.1/43557] INFO  ozone.MiniOzoneClusterImpl (MiniOzoneClusterImpl.java:lambda$waitForClusterToBeReady$0(180)) - Waiting for cluster to exit safe mode
2020-06-02 21:46:11,633 [Listener at 127.0.0.1/43557] INFO  ozone.MiniOzoneClusterImpl (MiniOzoneClusterImpl.java:lambda$waitForClusterToBeReady$0(177)) - Nodes are ready. Got 3 of 3 DN Heartbeats.
2020-06-02 21:46:11,634 [Listener at 127.0.0.1/43557] INFO  ozone.MiniOzoneClusterImpl (MiniOzoneClusterImpl.java:lambda$waitForClusterToBeReady$0(180)) - Waiting for cluster to exit safe mode
2020-06-02 21:46:12,634 [Listener at 127.0.0.1/43557] INFO  ozone.MiniOzoneClusterImpl (MiniOzoneClusterImpl.java:lambda$waitForClusterToBeReady$0(177)) - Nodes are ready. Got 3 of 3 DN Heartbeats.
2020-06-02 21:46:12,634 [Listener at 127.0.0.1/43557] INFO  ozone.MiniOzoneClusterImpl (MiniOzoneClusterImpl.java:lambda$waitForClusterToBeReady$0(180)) - Waiting for cluster to exit safe mode
2020-06-02 21:46:13,634 [Listener at 127.0.0.1/43557] INFO  ozone.MiniOzoneClusterImpl (MiniOzoneClusterImpl.java:lambda$waitForClusterToBeReady$0(177)) - Nodes are ready. Got 3 of 3 DN Heartbeats.
2020-06-02 21:46:13,634 [Listener at 127.0.0.1/43557] INFO  ozone.MiniOzoneClusterImpl (MiniOzoneClusterImpl.java:lambda$waitForClusterToBeReady$0(180)) - Waiting for cluster to exit safe mode
2020-06-02 21:46:14,634 [Listener at 127.0.0.1/43557] INFO  ozone.MiniOzoneClusterImpl (MiniOzoneClusterImpl.java:lambda$waitForClusterToBeReady$0(177)) - Nodes are ready. Got 3 of 3 DN Heartbeats.
2020-06-02 21:46:14,635 [Listener at 127.0.0.1/43557] INFO  ozone.MiniOzoneClusterImpl (MiniOzoneClusterImpl.java:lambda$waitForClusterToBeReady$0(180)) - Waiting for cluster to exit safe mode
2020-06-02 21:46:15,635 [Listener at 127.0.0.1/43557] INFO  ozone.MiniOzoneClusterImpl (MiniOzoneClusterImpl.java:lambda$waitForClusterToBeReady$0(177)) - Nodes are ready. Got 3 of 3 DN Heartbeats.
2020-06-02 21:46:15,635 [Listener at 127.0.0.1/43557] INFO  ozone.MiniOzoneClusterImpl (MiniOzoneClusterImpl.java:lambda$waitForClusterToBeReady$0(180)) - Waiting for cluster to exit safe mode
2020-06-02 21:46:16,635 [Listener at 127.0.0.1/43557] INFO  ozone.MiniOzoneClusterImpl (MiniOzoneClusterImpl.java:lambda$waitForClusterToBeReady$0(177)) - Nodes are ready. Got 3 of 3 DN Heartbeats.
2020-06-02 21:46:16,635 [Listener at 127.0.0.1/43557] INFO  ozone.MiniOzoneClusterImpl (MiniOzoneClusterImpl.java:lambda$waitForClusterToBeReady$0(180)) - Waiting for cluster to exit safe mode
2020-06-02 21:46:17,635 [Listener at 127.0.0.1/43557] INFO  ozone.MiniOzoneClusterImpl (MiniOzoneClusterImpl.java:lambda$waitForClusterToBeReady$0(177)) - Nodes are ready. Got 3 of 3 DN Heartbeats.
2020-06-02 21:46:17,636 [Listener at 127.0.0.1/43557] INFO  ozone.MiniOzoneClusterImpl (MiniOzoneClusterImpl.java:lambda$waitForClusterToBeReady$0(180)) - Waiting for cluster to exit safe mode
2020-06-02 21:46:18,636 [Listener at 127.0.0.1/43557] INFO  ozone.MiniOzoneClusterImpl (MiniOzoneClusterImpl.java:lambda$waitForClusterToBeReady$0(177)) - Nodes are ready. Got 3 of 3 DN Heartbeats.
2020-06-02 21:46:18,636 [Listener at 127.0.0.1/43557] INFO  ozone.MiniOzoneClusterImpl (MiniOzoneClusterImpl.java:lambda$waitForClusterToBeReady$0(180)) - Waiting for cluster to exit safe mode
2020-06-02 21:46:19,636 [Listener at 127.0.0.1/43557] INFO  ozone.MiniOzoneClusterImpl (MiniOzoneClusterImpl.java:lambda$waitForClusterToBeReady$0(177)) - Nodes are ready. Got 3 of 3 DN Heartbeats.
2020-06-02 21:46:19,636 [Listener at 127.0.0.1/43557] INFO  ozone.MiniOzoneClusterImpl (MiniOzoneClusterImpl.java:lambda$waitForClusterToBeReady$0(180)) - Waiting for cluster to exit safe mode
2020-06-02 21:46:20,636 [Listener at 127.0.0.1/43557] INFO  ozone.MiniOzoneClusterImpl (MiniOzoneClusterImpl.java:lambda$waitForClusterToBeReady$0(177)) - Nodes are ready. Got 3 of 3 DN Heartbeats.
2020-06-02 21:46:20,637 [Listener at 127.0.0.1/43557] INFO  ozone.MiniOzoneClusterImpl (MiniOzoneClusterImpl.java:lambda$waitForClusterToBeReady$0(180)) - Waiting for cluster to exit safe mode
2020-06-02 21:46:21,101 [Thread-386] INFO  ozone.MiniOzoneClusterImpl (MiniOzoneClusterImpl.java:shutdown(387)) - Shutting down the Mini Ozone Cluster
2020-06-02 21:46:21,101 [Thread-386] INFO  ozone.MiniOzoneClusterImpl (MiniOzoneClusterImpl.java:stop(402)) - Stopping the Mini Ozone Cluster
2020-06-02 21:46:21,101 [Thread-386] INFO  ozone.MiniOzoneClusterImpl (MiniOzoneClusterImpl.java:stopOM(484)) - Stopping the OzoneManager
2020-06-02 21:46:21,113 [Thread-386] INFO  ipc.Server (Server.java:stop(3359)) - Stopping server on 43557
2020-06-02 21:46:21,117 [IPC Server listener on 0] INFO  ipc.Server (Server.java:run(1330)) - Stopping IPC Server listener on 0
2020-06-02 21:46:21,117 [IPC Server Responder] INFO  ipc.Server (Server.java:run(1465)) - Stopping IPC Server Responder
2020-06-02 21:46:21,138 [Thread-386] INFO  ratis.OzoneManagerDoubleBuffer (OzoneManagerDoubleBuffer.java:stop(410)) - Stopping OMDoubleBuffer flush thread
2020-06-02 21:46:21,138 [OMDoubleBufferFlushThread] INFO  ratis.OzoneManagerDoubleBuffer (OzoneManagerDoubleBuffer.java:flushTransactions(342)) - OMDoubleBuffer flush thread OMDoubleBufferFlushThread is interrupted and will exit. OMDoubleBufferFlushThread
2020-06-02 21:46:21,147 [Thread-386] INFO  utils.BackgroundService (BackgroundService.java:shutdown(157)) - Shutting down service KeyDeletingService
2020-06-02 21:46:21,174 [Thread-386] INFO  handler.ContextHandler (ContextHandler.java:doStop(1016)) - Stopped o.e.j.w.WebAppContext@6db511bb{ozoneManager,/,null,UNAVAILABLE}{file:/github/workspace/mnt/ozone/hadoop-ozone/integration-test/target/test-classes/webapps/ozoneManager}
2020-06-02 21:46:21,193 [Thread-386] INFO  server.AbstractConnector (AbstractConnector.java:doStop(380)) - Stopped ServerConnector@700138bb{HTTP/1.1,[http/1.1]}{0.0.0.0:0}
2020-06-02 21:46:21,193 [Thread-386] INFO  server.session (HouseKeeper.java:stopScavenging(158)) - node0 Stopped scavenging
2020-06-02 21:46:21,200 [Thread-386] INFO  handler.ContextHandler (ContextHandler.java:doStop(1016)) - Stopped o.e.j.s.ServletContextHandler@5cad2a3d{static,/static,file:///github/workspace/mnt/ozone/hadoop-ozone/integration-test/target/test-classes/webapps/static,UNAVAILABLE}
2020-06-02 21:46:21,200 [Thread-386] INFO  handler.ContextHandler (ContextHandler.java:doStop(1016)) - Stopped o.e.j.s.ServletContextHandler@2f7cb7cd{logs,/logs,file:///github/workspace/mnt/ozone/hadoop-ozone/integration-test/target/log,UNAVAILABLE}
2020-06-02 21:46:21,249 [Thread-386] INFO  ozone.MiniOzoneClusterImpl (MiniOzoneClusterImpl.java:stopDatanodes(461)) - Stopping the HddsDatanodes
2020-06-02 21:46:26,253 [Thread-386] INFO  ozoneimpl.OzoneContainer (OzoneContainer.java:stop(246)) - Attempting to stop container services.
2020-06-02 21:46:26,254 [Thread-386] INFO  impl.RaftServerProxy (RaftServerProxy.java:lambda$close$4(314)) - cfcc32ee-7213-461f-a0aa-ad0f2e8f62af: close
2020-06-02 21:46:26,254 [Thread-386] INFO  impl.RaftServerImpl (RaftServerImpl.java:lambda$shutdown$3(250)) - cfcc32ee-7213-461f-a0aa-ad0f2e8f62af@group-FE370B887547: shutdown
2020-06-02 21:46:26,254 [Thread-386] INFO  util.JmxRegister (JmxRegister.java:unregister(73)) - Successfully un-registered JMX Bean with object name Ratis:service=RaftServer,group=group-FE370B887547,id=cfcc32ee-7213-461f-a0aa-ad0f2e8f62af
2020-06-02 21:46:26,254 [Thread-386] INFO  impl.RoleInfo (RoleInfo.java:shutdownFollowerState(121)) - cfcc32ee-7213-461f-a0aa-ad0f2e8f62af: shutdown FollowerState
2020-06-02 21:46:26,254 [Thread-386] INFO  impl.StateMachineUpdater (StateMachineUpdater.java:stopAndJoin(142)) - cfcc32ee-7213-461f-a0aa-ad0f2e8f62af@group-FE370B887547-StateMachineUpdater: set stopIndex = 0
2020-06-02 21:46:26,255 [Thread-587] INFO  impl.FollowerState (FollowerState.java:run(117)) - cfcc32ee-7213-461f-a0aa-ad0f2e8f62af@group-FE370B887547-FollowerState was interrupted: java.lang.InterruptedException: sleep interrupted
2020-06-02 21:46:26,255 [cfcc32ee-7213-461f-a0aa-ad0f2e8f62af@group-FE370B887547-StateMachineUpdater] INFO  ratis.ContainerStateMachine (ContainerStateMachine.java:takeSnapshot(288)) - group-FE370B887547: Taking a snapshot at:(t:1, i:0) file /github/workspace/mnt/ozone/hadoop-ozone/integration-test/target/test-dir/MiniOzoneClusterImpl-39d74104-fe92-41ad-97bc-67d3c75ba87b/datanode-1/data/ratis/cb8d75b6-4be9-422d-8899-fe370b887547/sm/snapshot.1_0
2020-06-02 21:46:26,257 [cfcc32ee-7213-461f-a0aa-ad0f2e8f62af@group-FE370B887547-StateMachineUpdater] INFO  ratis.ContainerStateMachine (ContainerStateMachine.java:takeSnapshot(299)) - group-FE370B887547: Finished taking a snapshot at:(t:1, i:0) file:/github/workspace/mnt/ozone/hadoop-ozone/integration-test/target/test-dir/MiniOzoneClusterImpl-39d74104-fe92-41ad-97bc-67d3c75ba87b/datanode-1/data/ratis/cb8d75b6-4be9-422d-8899-fe370b887547/sm/snapshot.1_0 time:2
2020-06-02 21:46:26,257 [cfcc32ee-7213-461f-a0aa-ad0f2e8f62af@group-FE370B887547-StateMachineUpdater] INFO  impl.StateMachineUpdater (StateMachineUpdater.java:takeSnapshot(277)) - cfcc32ee-7213-461f-a0aa-ad0f2e8f62af@group-FE370B887547-StateMachineUpdater: Took a snapshot at index 0
2020-06-02 21:46:26,257 [cfcc32ee-7213-461f-a0aa-ad0f2e8f62af@group-FE370B887547-StateMachineUpdater] INFO  impl.StateMachineUpdater (StateMachineUpdater.java:lambda$new$0(87)) - cfcc32ee-7213-461f-a0aa-ad0f2e8f62af@group-FE370B887547-StateMachineUpdater: snapshotIndex: updateIncreasingly -1 -> 0
2020-06-02 21:46:26,257 [cfcc32ee-7213-461f-a0aa-ad0f2e8f62af@group-FE370B887547-StateMachineUpdater] INFO  metrics.RatisMetrics (RatisMetrics.java:unregister(46)) - Unregistering Metrics Registry : ratis.state_machine.cfcc32ee-7213-461f-a0aa-ad0f2e8f62af@group-FE370B887547
2020-06-02 21:46:26,258 [ForkJoinPool.commonPool-worker-0] INFO  ozoneimpl.OzoneContainer (OzoneContainer.java:stop(246)) - Attempting to stop container services.
2020-06-02 21:46:26,258 [ForkJoinPool.commonPool-worker-0] INFO  impl.RaftServerProxy (RaftServerProxy.java:lambda$close$4(314)) - 697886cf-90a3-42a4-855b-3afc29536108: close
2020-06-02 21:46:26,258 [ForkJoinPool.commonPool-worker-0] INFO  impl.RaftServerImpl (RaftServerImpl.java:lambda$shutdown$3(250)) - 697886cf-90a3-42a4-855b-3afc29536108@group-EE3D28ED07BC: shutdown
2020-06-02 21:46:26,259 [ForkJoinPool.commonPool-worker-0] INFO  util.JmxRegister (JmxRegister.java:unregister(73)) - Successfully un-registered JMX Bean with object name Ratis:service=RaftServer,group=group-EE3D28ED07BC,id=697886cf-90a3-42a4-855b-3afc29536108
2020-06-02 21:46:26,259 [ForkJoinPool.commonPool-worker-0] INFO  impl.RoleInfo (RoleInfo.java:shutdownLeaderState(104)) - 697886cf-90a3-42a4-855b-3afc29536108: shutdown LeaderState
2020-06-02 21:46:26,259 [ForkJoinPool.commonPool-worker-0] INFO  impl.PendingRequests (PendingRequests.java:sendNotLeaderResponses(242)) - 697886cf-90a3-42a4-855b-3afc29536108@group-EE3D28ED07BC-PendingRequests: sendNotLeaderResponses
2020-06-02 21:46:26,259 [ForkJoinPool.commonPool-worker-0] INFO  metrics.RatisMetrics (RatisMetrics.java:unregister(46)) - Unregistering Metrics Registry : ratis.log_appender.697886cf-90a3-42a4-855b-3afc29536108@group-EE3D28ED07BC
2020-06-02 21:46:26,259 [ForkJoinPool.commonPool-worker-0] INFO  impl.StateMachineUpdater (StateMachineUpdater.java:stopAndJoin(142)) - 697886cf-90a3-42a4-855b-3afc29536108@group-EE3D28ED07BC-StateMachineUpdater: set stopIndex = 0
2020-06-02 21:46:26,260 [697886cf-90a3-42a4-855b-3afc29536108@group-EE3D28ED07BC-StateMachineUpdater] INFO  ratis.ContainerStateMachine (ContainerStateMachine.java:takeSnapshot(288)) - group-EE3D28ED07BC: Taking a snapshot at:(t:1, i:0) file /github/workspace/mnt/ozone/hadoop-ozone/integration-test/target/test-dir/MiniOzoneClusterImpl-39d74104-fe92-41ad-97bc-67d3c75ba87b/datanode-0/data/ratis/cdb04f22-3d98-4c01-bd99-ee3d28ed07bc/sm/snapshot.1_0
2020-06-02 21:46:26,260 [Thread-386] INFO  impl.RaftServerImpl (ServerState.java:close(387)) - cfcc32ee-7213-461f-a0aa-ad0f2e8f62af@group-FE370B887547: closes. applyIndex: 0
2020-06-02 21:46:26,260 [cfcc32ee-7213-461f-a0aa-ad0f2e8f62af@group-FE370B887547-SegmentedRaftLogWorker] INFO  segmented.SegmentedRaftLogWorker (SegmentedRaftLogWorker.java:run(321)) - cfcc32ee-7213-461f-a0aa-ad0f2e8f62af@group-FE370B887547-SegmentedRaftLogWorker was interrupted, exiting. There are 0 tasks remaining in the queue.
2020-06-02 21:46:26,261 [697886cf-90a3-42a4-855b-3afc29536108@group-EE3D28ED07BC-StateMachineUpdater] INFO  ratis.ContainerStateMachine (ContainerStateMachine.java:takeSnapshot(299)) - group-EE3D28ED07BC: Finished taking a snapshot at:(t:1, i:0) file:/github/workspace/mnt/ozone/hadoop-ozone/integration-test/target/test-dir/MiniOzoneClusterImpl-39d74104-fe92-41ad-97bc-67d3c75ba87b/datanode-0/data/ratis/cdb04f22-3d98-4c01-bd99-ee3d28ed07bc/sm/snapshot.1_0 time:1
2020-06-02 21:46:26,261 [697886cf-90a3-42a4-855b-3afc29536108@group-EE3D28ED07BC-StateMachineUpdater] INFO  impl.StateMachineUpdater (StateMachineUpdater.java:takeSnapshot(277)) - 697886cf-90a3-42a4-855b-3afc29536108@group-EE3D28ED07BC-StateMachineUpdater: Took a snapshot at index 0
2020-06-02 21:46:26,261 [697886cf-90a3-42a4-855b-3afc29536108@group-EE3D28ED07BC-StateMachineUpdater] INFO  impl.StateMachineUpdater (StateMachineUpdater.java:lambda$new$0(87)) - 697886cf-90a3-42a4-855b-3afc29536108@group-EE3D28ED07BC-StateMachineUpdater: snapshotIndex: updateIncreasingly -1 -> 0
2020-06-02 21:46:26,261 [697886cf-90a3-42a4-855b-3afc29536108@group-EE3D28ED07BC-StateMachineUpdater] INFO  metrics.RatisMetrics (RatisMetrics.java:unregister(46)) - Unregistering Metrics Registry : ratis.state_machine.697886cf-90a3-42a4-855b-3afc29536108@group-EE3D28ED07BC
2020-06-02 21:46:26,262 [ForkJoinPool.commonPool-worker-0] INFO  impl.RaftServerImpl (ServerState.java:close(387)) - 697886cf-90a3-42a4-855b-3afc29536108@group-EE3D28ED07BC: closes. applyIndex: 0
2020-06-02 21:46:26,262 [697886cf-90a3-42a4-855b-3afc29536108@group-EE3D28ED07BC-SegmentedRaftLogWorker] INFO  segmented.SegmentedRaftLogWorker (SegmentedRaftLogWorker.java:run(321)) - 697886cf-90a3-42a4-855b-3afc29536108@group-EE3D28ED07BC-SegmentedRaftLogWorker was interrupted, exiting. There are 0 tasks remaining in the queue.
2020-06-02 21:46:26,262 [ForkJoinPool.commonPool-worker-0] INFO  segmented.SegmentedRaftLogWorker (SegmentedRaftLogWorker.java:close(229)) - 697886cf-90a3-42a4-855b-3afc29536108@group-EE3D28ED07BC-SegmentedRaftLogWorker close()
2020-06-02 21:46:26,263 [ForkJoinPool.commonPool-worker-0] INFO  metrics.RatisMetrics (RatisMetrics.java:unregister(46)) - Unregistering Metrics Registry : ratis.log_worker.697886cf-90a3-42a4-855b-3afc29536108
2020-06-02 21:46:26,263 [ForkJoinPool.commonPool-worker-0] INFO  metrics.RatisMetrics (RatisMetrics.java:unregister(46)) - Unregistering Metrics Registry : ratis.leader_election.697886cf-90a3-42a4-855b-3afc29536108@group-EE3D28ED07BC
2020-06-02 21:46:26,263 [ForkJoinPool.commonPool-worker-0] INFO  metrics.RatisMetrics (RatisMetrics.java:unregister(46)) - Unregistering Metrics Registry : ratis.server.697886cf-90a3-42a4-855b-3afc29536108@group-EE3D28ED07BC
2020-06-02 21:46:26,263 [ForkJoinPool.commonPool-worker-0] INFO  impl.RaftServerImpl (RaftServerImpl.java:lambda$shutdown$3(250)) - 697886cf-90a3-42a4-855b-3afc29536108@group-FE370B887547: shutdown
2020-06-02 21:46:26,264 [ForkJoinPool.commonPool-worker-0] INFO  util.JmxRegister (JmxRegister.java:unregister(73)) - Successfully un-registered JMX Bean with object name Ratis:service=RaftServer,group=group-FE370B887547,id=697886cf-90a3-42a4-855b-3afc29536108
2020-06-02 21:46:26,264 [ForkJoinPool.commonPool-worker-0] INFO  impl.RoleInfo (RoleInfo.java:shutdownLeaderState(104)) - 697886cf-90a3-42a4-855b-3afc29536108: shutdown LeaderState
2020-06-02 21:46:26,264 [Thread-386] INFO  segmented.SegmentedRaftLogWorker (SegmentedRaftLogWorker.java:close(229)) - cfcc32ee-7213-461f-a0aa-ad0f2e8f62af@group-FE370B887547-SegmentedRaftLogWorker close()
2020-06-02 21:46:26,264 [org.apache.ratis.server.impl.LogAppender$AppenderDaemon$$Lambda$477/991625325@6cc461ec] WARN  server.GrpcLogAppender (GrpcLogAppender.java:mayWait(153)) - 697886cf-90a3-42a4-855b-3afc29536108@group-FE370B887547->b5c2ec00-3fae-4232-b683-9e5d794bf00b-GrpcLogAppender: Wait interrupted by java.lang.InterruptedException
2020-06-02 21:46:26,266 [Thread-386] INFO  metrics.RatisMetrics (RatisMetrics.java:unregister(46)) - Unregistering Metrics Registry : ratis.log_worker.cfcc32ee-7213-461f-a0aa-ad0f2e8f62af
2020-06-02 21:46:26,266 [Thread-386] INFO  metrics.RatisMetrics (RatisMetrics.java:unregister(46)) - Unregistering Metrics Registry : ratis.leader_election.cfcc32ee-7213-461f-a0aa-ad0f2e8f62af@group-FE370B887547
2020-06-02 21:46:26,266 [Thread-386] INFO  metrics.RatisMetrics (RatisMetrics.java:unregister(46)) - Unregistering Metrics Registry : ratis.server.cfcc32ee-7213-461f-a0aa-ad0f2e8f62af@group-FE370B887547
2020-06-02 21:46:26,266 [Thread-386] INFO  impl.RaftServerImpl (RaftServerImpl.java:lambda$shutdown$3(250)) - cfcc32ee-7213-461f-a0aa-ad0f2e8f62af@group-90B06B44CE90: shutdown
2020-06-02 21:46:26,265 [grpc-default-executor-2] INFO  server.GrpcServerProtocolService (GrpcServerProtocolService.java:onCompleted(137)) - b5c2ec00-3fae-4232-b683-9e5d794bf00b: Completed APPEND_ENTRIES, lastRequest: 697886cf-90a3-42a4-855b-3afc29536108->b5c2ec00-3fae-4232-b683-9e5d794bf00b#1-t1, previous=(t:0, i:0), leaderCommit=0, initializing? false, entries: size=1, first=(t:1, i:0), CONFIGURATIONENTRY
2020-06-02 21:46:26,267 [grpc-default-executor-3] INFO  server.GrpcLogAppender (GrpcLogAppender.java:onCompleted(309)) - 697886cf-90a3-42a4-855b-3afc29536108@group-FE370B887547->b5c2ec00-3fae-4232-b683-9e5d794bf00b-AppendLogResponseHandler: follower responses appendEntries COMPLETED
2020-06-02 21:46:26,267 [org.apache.ratis.server.impl.LogAppender$AppenderDaemon$$Lambda$477/991625325@1bfc608e] WARN  server.GrpcLogAppender (GrpcLogAppender.java:mayWait(153)) - 697886cf-90a3-42a4-855b-3afc29536108@group-FE370B887547->cfcc32ee-7213-461f-a0aa-ad0f2e8f62af-GrpcLogAppender: Wait interrupted by java.lang.InterruptedException
2020-06-02 21:46:26,267 [ForkJoinPool.commonPool-worker-0] INFO  impl.PendingRequests (PendingRequests.java:sendNotLeaderResponses(242)) - 697886cf-90a3-42a4-855b-3afc29536108@group-FE370B887547-PendingRequests: sendNotLeaderResponses
2020-06-02 21:46:26,268 [ForkJoinPool.commonPool-worker-0] INFO  metrics.RatisMetrics (RatisMetrics.java:unregister(46)) - Unregistering Metrics Registry : ratis.log_appender.697886cf-90a3-42a4-855b-3afc29536108@group-FE370B887547
2020-06-02 21:46:26,268 [grpc-default-executor-4] INFO  server.GrpcServerProtocolService (GrpcServerProtocolService.java:onCompleted(137)) - cfcc32ee-7213-461f-a0aa-ad0f2e8f62af: Completed APPEND_ENTRIES, lastRequest: 697886cf-90a3-42a4-855b-3afc29536108->cfcc32ee-7213-461f-a0aa-ad0f2e8f62af#1-t1, previous=(t:0, i:0), leaderCommit=0, initializing? false, entries: size=1, first=(t:1, i:0), CONFIGURATIONENTRY
2020-06-02 21:46:26,269 [grpc-default-executor-1] INFO  server.GrpcLogAppender (GrpcLogAppender.java:onCompleted(309)) - 697886cf-90a3-42a4-855b-3afc29536108@group-FE370B887547->cfcc32ee-7213-461f-a0aa-ad0f2e8f62af-AppendLogResponseHandler: follower responses appendEntries COMPLETED
2020-06-02 21:46:26,270 [Thread-386] INFO  util.JmxRegister (JmxRegister.java:unregister(73)) - Successfully un-registered JMX Bean with object name Ratis:service=RaftServer,group=group-90B06B44CE90,id=cfcc32ee-7213-461f-a0aa-ad0f2e8f62af
2020-06-02 21:46:26,270 [Thread-386] INFO  impl.RoleInfo (RoleInfo.java:shutdownLeaderState(104)) - cfcc32ee-7213-461f-a0aa-ad0f2e8f62af: shutdown LeaderState
2020-06-02 21:46:26,270 [Thread-386] INFO  impl.PendingRequests (PendingRequests.java:sendNotLeaderResponses(242)) - cfcc32ee-7213-461f-a0aa-ad0f2e8f62af@group-90B06B44CE90-PendingRequests: sendNotLeaderResponses
2020-06-02 21:46:26,271 [ForkJoinPool.commonPool-worker-0] INFO  impl.StateMachineUpdater (StateMachineUpdater.java:stopAndJoin(142)) - 697886cf-90a3-42a4-855b-3afc29536108@group-FE370B887547-StateMachineUpdater: set stopIndex = 0
2020-06-02 21:46:26,272 [Thread-386] INFO  metrics.RatisMetrics (RatisMetrics.java:unregister(46)) - Unregistering Metrics Registry : ratis.log_appender.cfcc32ee-7213-461f-a0aa-ad0f2e8f62af@group-90B06B44CE90
2020-06-02 21:46:26,272 [697886cf-90a3-42a4-855b-3afc29536108@group-FE370B887547-StateMachineUpdater] INFO  ratis.ContainerStateMachine (ContainerStateMachine.java:takeSnapshot(288)) - group-FE370B887547: Taking a snapshot at:(t:1, i:0) file /github/workspace/mnt/ozone/hadoop-ozone/integration-test/target/test-dir/MiniOzoneClusterImpl-39d74104-fe92-41ad-97bc-67d3c75ba87b/datanode-0/data/ratis/cb8d75b6-4be9-422d-8899-fe370b887547/sm/snapshot.1_0
2020-06-02 21:46:26,274 [cfcc32ee-7213-461f-a0aa-ad0f2e8f62af@group-90B06B44CE90-StateMachineUpdater] INFO  ratis.ContainerStateMachine (ContainerStateMachine.java:takeSnapshot(288)) - group-90B06B44CE90: Taking a snapshot at:(t:1, i:0) file /github/workspace/mnt/ozone/hadoop-ozone/integration-test/target/test-dir/MiniOzoneClusterImpl-39d74104-fe92-41ad-97bc-67d3c75ba87b/datanode-1/data/ratis/e5ef578b-2358-4073-82b4-90b06b44ce90/sm/snapshot.1_0
2020-06-02 21:46:26,274 [Thread-386] INFO  impl.StateMachineUpdater (StateMachineUpdater.java:stopAndJoin(142)) - cfcc32ee-7213-461f-a0aa-ad0f2e8f62af@group-90B06B44CE90-StateMachineUpdater: set stopIndex = 0
2020-06-02 21:46:26,274 [697886cf-90a3-42a4-855b-3afc29536108@group-FE370B887547-StateMachineUpdater] INFO  ratis.ContainerStateMachine (ContainerStateMachine.java:takeSnapshot(299)) - group-FE370B887547: Finished taking a snapshot at:(t:1, i:0) file:/github/workspace/mnt/ozone/hadoop-ozone/integration-test/target/test-dir/MiniOzoneClusterImpl-39d74104-fe92-41ad-97bc-67d3c75ba87b/datanode-0/data/ratis/cb8d75b6-4be9-422d-8899-fe370b887547/sm/snapshot.1_0 time:3
2020-06-02 21:46:26,274 [697886cf-90a3-42a4-855b-3afc29536108@group-FE370B887547-StateMachineUpdater] INFO  impl.StateMachineUpdater (StateMachineUpdater.java:takeSnapshot(277)) - 697886cf-90a3-42a4-855b-3afc29536108@group-FE370B887547-StateMachineUpdater: Took a snapshot at index 0
2020-06-02 21:46:26,275 [697886cf-90a3-42a4-855b-3afc29536108@group-FE370B887547-StateMachineUpdater] INFO  impl.StateMachineUpdater (StateMachineUpdater.java:lambda$new$0(87)) - 697886cf-90a3-42a4-855b-3afc29536108@group-FE370B887547-StateMachineUpdater: snapshotIndex: updateIncreasingly -1 -> 0
2020-06-02 21:46:26,275 [697886cf-90a3-42a4-855b-3afc29536108@group-FE370B887547-StateMachineUpdater] INFO  metrics.RatisMetrics (RatisMetrics.java:unregister(46)) - Unregistering Metrics Registry : ratis.state_machine.697886cf-90a3-42a4-855b-3afc29536108@group-FE370B887547
2020-06-02 21:46:26,275 [grpc-default-executor-3] INFO  impl.FollowerInfo (FollowerInfo.java:lambda$new$0(50)) - 697886cf-90a3-42a4-855b-3afc29536108@group-FE370B887547->b5c2ec00-3fae-4232-b683-9e5d794bf00b: nextIndex: updateUnconditionally 1 -> 0
2020-06-02 21:46:26,275 [grpc-default-executor-1] INFO  impl.FollowerInfo (FollowerInfo.java:lambda$new$0(50)) - 697886cf-90a3-42a4-855b-3afc29536108@group-FE370B887547->cfcc32ee-7213-461f-a0aa-ad0f2e8f62af: nextIndex: updateUnconditionally 1 -> 0
2020-06-02 21:46:26,275 [ForkJoinPool.commonPool-worker-0] INFO  impl.RaftServerImpl (ServerState.java:close(387)) - 697886cf-90a3-42a4-855b-3afc29536108@group-FE370B887547: closes. applyIndex: 0
2020-06-02 21:46:26,275 [697886cf-90a3-42a4-855b-3afc29536108@group-FE370B887547-SegmentedRaftLogWorker] INFO  segmented.SegmentedRaftLogWorker (SegmentedRaftLogWorker.java:run(321)) - 697886cf-90a3-42a4-855b-3afc29536108@group-FE370B887547-SegmentedRaftLogWorker was interrupted, exiting. There are 0 tasks remaining in the queue.
2020-06-02 21:46:26,276 [cfcc32ee-7213-461f-a0aa-ad0f2e8f62af@group-90B06B44CE90-StateMachineUpdater] INFO  ratis.ContainerStateMachine (ContainerStateMachine.java:takeSnapshot(299)) - group-90B06B44CE90: Finished taking a snapshot at:(t:1, i:0) file:/github/workspace/mnt/ozone/hadoop-ozone/integration-test/target/test-dir/MiniOzoneClusterImpl-39d74104-fe92-41ad-97bc-67d3c75ba87b/datanode-1/data/ratis/e5ef578b-2358-4073-82b4-90b06b44ce90/sm/snapshot.1_0 time:2
2020-06-02 21:46:26,276 [ForkJoinPool.commonPool-worker-0] INFO  segmented.SegmentedRaftLogWorker (SegmentedRaftLogWorker.java:close(229)) - 697886cf-90a3-42a4-855b-3afc29536108@group-FE370B887547-SegmentedRaftLogWorker close()
2020-06-02 21:46:26,278 [ForkJoinPool.commonPool-worker-0] INFO  metrics.RatisMetrics (RatisMetrics.java:unregister(46)) - Unregistering Metrics Registry : ratis.log_worker.697886cf-90a3-42a4-855b-3afc29536108
2020-06-02 21:46:26,278 [cfcc32ee-7213-461f-a0aa-ad0f2e8f62af@group-90B06B44CE90-StateMachineUpdater] INFO  impl.StateMachineUpdater (StateMachineUpdater.java:takeSnapshot(277)) - cfcc32ee-7213-461f-a0aa-ad0f2e8f62af@group-90B06B44CE90-StateMachineUpdater: Took a snapshot at index 0
2020-06-02 21:46:26,278 [cfcc32ee-7213-461f-a0aa-ad0f2e8f62af@group-90B06B44CE90-StateMachineUpdater] INFO  impl.StateMachineUpdater (StateMachineUpdater.java:lambda$new$0(87)) - cfcc32ee-7213-461f-a0aa-ad0f2e8f62af@group-90B06B44CE90-StateMachineUpdater: snapshotIndex: updateIncreasingly -1 -> 0
2020-06-02 21:46:26,278 [ForkJoinPool.commonPool-worker-0] INFO  metrics.RatisMetrics (RatisMetrics.java:unregister(46)) - Unregistering Metrics Registry : ratis.leader_election.697886cf-90a3-42a4-855b-3afc29536108@group-FE370B887547
2020-06-02 21:46:26,278 [cfcc32ee-7213-461f-a0aa-ad0f2e8f62af@group-90B06B44CE90-StateMachineUpdater] INFO  metrics.RatisMetrics (RatisMetrics.java:unregister(46)) - Unregistering Metrics Registry : ratis.state_machine.cfcc32ee-7213-461f-a0aa-ad0f2e8f62af@group-90B06B44CE90
2020-06-02 21:46:26,278 [Thread-386] INFO  impl.RaftServerImpl (ServerState.java:close(387)) - cfcc32ee-7213-461f-a0aa-ad0f2e8f62af@group-90B06B44CE90: closes. applyIndex: 0
2020-06-02 21:46:26,278 [cfcc32ee-7213-461f-a0aa-ad0f2e8f62af@group-90B06B44CE90-SegmentedRaftLogWorker] INFO  segmented.SegmentedRaftLogWorker (SegmentedRaftLogWorker.java:run(321)) - cfcc32ee-7213-461f-a0aa-ad0f2e8f62af@group-90B06B44CE90-SegmentedRaftLogWorker was interrupted, exiting. There are 0 tasks remaining in the queue.
2020-06-02 21:46:26,279 [Thread-386] INFO  segmented.SegmentedRaftLogWorker (SegmentedRaftLogWorker.java:close(229)) - cfcc32ee-7213-461f-a0aa-ad0f2e8f62af@group-90B06B44CE90-SegmentedRaftLogWorker close()
2020-06-02 21:46:26,278 [ForkJoinPool.commonPool-worker-0] INFO  metrics.RatisMetrics (RatisMetrics.java:unregister(46)) - Unregistering Metrics Registry : ratis.server.697886cf-90a3-42a4-855b-3afc29536108@group-FE370B887547
2020-06-02 21:46:26,279 [ForkJoinPool.commonPool-worker-0] INFO  server.GrpcService (GrpcService.java:closeImpl(165)) - 697886cf-90a3-42a4-855b-3afc29536108: shutdown server with port 38677 now
2020-06-02 21:46:26,280 [Thread-386] INFO  metrics.RatisMetrics (RatisMetrics.java:unregister(46)) - Unregistering Metrics Registry : ratis.log_worker.cfcc32ee-7213-461f-a0aa-ad0f2e8f62af
2020-06-02 21:46:26,280 [Thread-386] INFO  metrics.RatisMetrics (RatisMetrics.java:unregister(46)) - Unregistering Metrics Registry : ratis.leader_election.cfcc32ee-7213-461f-a0aa-ad0f2e8f62af@group-90B06B44CE90
2020-06-02 21:46:26,280 [Thread-386] INFO  metrics.RatisMetrics (RatisMetrics.java:unregister(46)) - Unregistering Metrics Registry : ratis.server.cfcc32ee-7213-461f-a0aa-ad0f2e8f62af@group-90B06B44CE90
2020-06-02 21:46:26,280 [Thread-386] INFO  server.GrpcService (GrpcService.java:closeImpl(165)) - cfcc32ee-7213-461f-a0aa-ad0f2e8f62af: shutdown server with port 45029 now
2020-06-02 21:46:26,281 [ForkJoinPool.commonPool-worker-0] INFO  server.GrpcService (GrpcService.java:closeImpl(173)) - 697886cf-90a3-42a4-855b-3afc29536108: shutdown server with port 38677 successfully
2020-06-02 21:46:26,284 [ForkJoinPool.commonPool-worker-0] INFO  utils.BackgroundService (BackgroundService.java:shutdown(157)) - Shutting down service BlockDeletingService
2020-06-02 21:46:26,291 [Thread-386] INFO  server.GrpcService (GrpcService.java:closeImpl(173)) - cfcc32ee-7213-461f-a0aa-ad0f2e8f62af: shutdown server with port 45029 successfully
2020-06-02 21:46:26,293 [ForkJoinPool.commonPool-worker-0] INFO  statemachine.DatanodeStateMachine (DatanodeStateMachine.java:stopDaemon(424)) - Ozone container server stopped.
2020-06-02 21:46:26,294 [ForkJoinPool.commonPool-worker-0] INFO  handler.ContextHandler (ContextHandler.java:doStop(1016)) - Stopped o.e.j.w.WebAppContext@62c64f9b{hddsDatanode,/,null,UNAVAILABLE}{jar:file:/home/user/.m2/repository/org/apache/hadoop/hadoop-hdds-container-service/0.6.0-SNAPSHOT/hadoop-hdds-container-service-0.6.0-SNAPSHOT.jar!/webapps/hddsDatanode}
2020-06-02 21:46:26,294 [Thread-386] INFO  utils.BackgroundService (BackgroundService.java:shutdown(157)) - Shutting down service BlockDeletingService
2020-06-02 21:46:26,295 [ForkJoinPool.commonPool-worker-0] INFO  server.AbstractConnector (AbstractConnector.java:doStop(380)) - Stopped ServerConnector@be73218{HTTP/1.1,[http/1.1]}{0.0.0.0:0}
2020-06-02 21:46:26,295 [ForkJoinPool.commonPool-worker-0] INFO  server.session (HouseKeeper.java:stopScavenging(158)) - node0 Stopped scavenging
2020-06-02 21:46:26,296 [ForkJoinPool.commonPool-worker-0] INFO  handler.ContextHandler (ContextHandler.java:doStop(1016)) - Stopped o.e.j.s.ServletContextHandler@693ebe7b{static,/static,jar:file:/home/user/.m2/repository/org/apache/hadoop/hadoop-hdds-container-service/0.6.0-SNAPSHOT/hadoop-hdds-container-service-0.6.0-SNAPSHOT.jar!/webapps/static,UNAVAILABLE}
2020-06-02 21:46:26,296 [ForkJoinPool.commonPool-worker-0] INFO  handler.ContextHandler (ContextHandler.java:doStop(1016)) - Stopped o.e.j.s.ServletContextHandler@51054828{logs,/logs,file:///github/workspace/mnt/ozone/hadoop-ozone/integration-test/target/log,UNAVAILABLE}
2020-06-02 21:46:26,303 [Thread-386] INFO  statemachine.DatanodeStateMachine (DatanodeStateMachine.java:stopDaemon(424)) - Ozone container server stopped.
2020-06-02 21:46:26,304 [Thread-386] INFO  handler.ContextHandler (ContextHandler.java:doStop(1016)) - Stopped o.e.j.w.WebAppContext@4bbc128c{hddsDatanode,/,null,UNAVAILABLE}{jar:file:/home/user/.m2/repository/org/apache/hadoop/hadoop-hdds-container-service/0.6.0-SNAPSHOT/hadoop-hdds-container-service-0.6.0-SNAPSHOT.jar!/webapps/hddsDatanode}
2020-06-02 21:46:26,305 [Thread-386] INFO  server.AbstractConnector (AbstractConnector.java:doStop(380)) - Stopped ServerConnector@290bcd54{HTTP/1.1,[http/1.1]}{0.0.0.0:0}
2020-06-02 21:46:26,305 [Thread-386] INFO  server.session (HouseKeeper.java:stopScavenging(158)) - node0 Stopped scavenging
2020-06-02 21:46:26,305 [Thread-386] INFO  handler.ContextHandler (ContextHandler.java:doStop(1016)) - Stopped o.e.j.s.ServletContextHandler@347bfd11{static,/static,jar:file:/home/user/.m2/repository/org/apache/hadoop/hadoop-hdds-container-service/0.6.0-SNAPSHOT/hadoop-hdds-container-service-0.6.0-SNAPSHOT.jar!/webapps/static,UNAVAILABLE}
2020-06-02 21:46:26,306 [Thread-386] INFO  handler.ContextHandler (ContextHandler.java:doStop(1016)) - Stopped o.e.j.s.ServletContextHandler@447ba36a{logs,/logs,file:///github/workspace/mnt/ozone/hadoop-ozone/integration-test/target/log,UNAVAILABLE}
2020-06-02 21:46:29,633 [Thread-575] INFO  impl.FollowerState (FollowerState.java:run(108)) - b5c2ec00-3fae-4232-b683-9e5d794bf00b@group-FE370B887547-FollowerState: change to CANDIDATE, lastRpcTime:5420ms, electionTimeout:5144ms
2020-06-02 21:46:29,634 [Thread-575] INFO  impl.RoleInfo (RoleInfo.java:shutdownFollowerState(121)) - b5c2ec00-3fae-4232-b683-9e5d794bf00b: shutdown FollowerState
2020-06-02 21:46:29,634 [Thread-575] INFO  impl.RaftServerImpl (RaftServerImpl.java:setRole(173)) - b5c2ec00-3fae-4232-b683-9e5d794bf00b@group-FE370B887547: changes role from  FOLLOWER to CANDIDATE at term 1 for changeToCandidate
2020-06-02 21:46:29,634 [Thread-575] INFO  impl.RoleInfo (RoleInfo.java:updateAndGet(143)) - b5c2ec00-3fae-4232-b683-9e5d794bf00b: start LeaderElection
2020-06-02 21:46:29,635 [b5c2ec00-3fae-4232-b683-9e5d794bf00b@group-FE370B887547-LeaderElection12] INFO  impl.RaftServerImpl (ServerState.java:setLeader(255)) - b5c2ec00-3fae-4232-b683-9e5d794bf00b@group-FE370B887547: change Leader from 697886cf-90a3-42a4-855b-3afc29536108 to null at term 1 for initElection
2020-06-02 21:46:29,637 [b5c2ec00-3fae-4232-b683-9e5d794bf00b@group-FE370B887547-LeaderElection12] INFO  impl.LeaderElection (LeaderElection.java:askForVotes(206)) - b5c2ec00-3fae-4232-b683-9e5d794bf00b@group-FE370B887547-LeaderElection12: begin an election at term 2 for 0: [b5c2ec00-3fae-4232-b683-9e5d794bf00b:172.17.0.2:39617, 697886cf-90a3-42a4-855b-3afc29536108:172.17.0.2:38677, cfcc32ee-7213-461f-a0aa-ad0f2e8f62af:172.17.0.2:45029], old=null
2020-06-02 21:46:29,650 [b5c2ec00-3fae-4232-b683-9e5d794bf00b@group-FE370B887547-LeaderElection12] INFO  impl.LeaderElection (LogUtils.java:infoOrTrace(137)) - b5c2ec00-3fae-4232-b683-9e5d794bf00b@group-FE370B887547-LeaderElection12 got exception when requesting votes: java.util.concurrent.ExecutionException: org.apache.ratis.thirdparty.io.grpc.StatusRuntimeException: UNAVAILABLE: io exception
2020-06-02 21:46:29,651 [b5c2ec00-3fae-4232-b683-9e5d794bf00b@group-FE370B887547-LeaderElection12] INFO  impl.LeaderElection (LogUtils.java:infoOrTrace(137)) - b5c2ec00-3fae-4232-b683-9e5d794bf00b@group-FE370B887547-LeaderElection12 got exception when requesting votes: java.util.concurrent.ExecutionException: org.apache.ratis.thirdparty.io.grpc.StatusRuntimeException: UNAVAILABLE: io exception
2020-06-02 21:46:29,651 [b5c2ec00-3fae-4232-b683-9e5d794bf00b@group-FE370B887547-LeaderElection12] INFO  impl.LeaderElection (LeaderElection.java:logAndReturn(61)) - b5c2ec00-3fae-4232-b683-9e5d794bf00b@group-FE370B887547-LeaderElection12: Election REJECTED; received 0 response(s) [] and 2 exception(s); b5c2ec00-3fae-4232-b683-9e5d794bf00b@group-FE370B887547:t2, leader=null, voted=b5c2ec00-3fae-4232-b683-9e5d794bf00b, raftlog=b5c2ec00-3fae-4232-b683-9e5d794bf00b@group-FE370B887547-SegmentedRaftLog:OPENED:c0,f0,i0, conf=0: [b5c2ec00-3fae-4232-b683-9e5d794bf00b:172.17.0.2:39617, 697886cf-90a3-42a4-855b-3afc29536108:172.17.0.2:38677, cfcc32ee-7213-461f-a0aa-ad0f2e8f62af:172.17.0.2:45029], old=null
2020-06-02 21:46:29,652 [b5c2ec00-3fae-4232-b683-9e5d794bf00b@group-FE370B887547-LeaderElection12] INFO  impl.LeaderElection (LogUtils.java:infoOrTrace(137)) -   Exception 0: java.util.concurrent.ExecutionException: org.apache.ratis.thirdparty.io.grpc.StatusRuntimeException: UNAVAILABLE: io exception
2020-06-02 21:46:29,652 [b5c2ec00-3fae-4232-b683-9e5d794bf00b@group-FE370B887547-LeaderElection12] INFO  impl.LeaderElection (LogUtils.java:infoOrTrace(137)) -   Exception 1: java.util.concurrent.ExecutionException: org.apache.ratis.thirdparty.io.grpc.StatusRuntimeException: UNAVAILABLE: io exception
2020-06-02 21:46:29,652 [b5c2ec00-3fae-4232-b683-9e5d794bf00b@group-FE370B887547-LeaderElection12] INFO  impl.RaftServerImpl (RaftServerImpl.java:setRole(173)) - b5c2ec00-3fae-4232-b683-9e5d794bf00b@group-FE370B887547: changes role from CANDIDATE to FOLLOWER at term 2 for DISCOVERED_A_NEW_TERM
2020-06-02 21:46:29,652 [b5c2ec00-3fae-4232-b683-9e5d794bf00b@group-FE370B887547-LeaderElection12] INFO  impl.RoleInfo (RoleInfo.java:shutdownLeaderElection(134)) - b5c2ec00-3fae-4232-b683-9e5d794bf00b: shutdown LeaderElection
2020-06-02 21:46:29,652 [b5c2ec00-3fae-4232-b683-9e5d794bf00b@group-FE370B887547-LeaderElection12] INFO  impl.RoleInfo (RoleInfo.java:updateAndGet(143)) - b5c2ec00-3fae-4232-b683-9e5d794bf00b: start FollowerState
2020-06-02 21:46:31,297 [ForkJoinPool.commonPool-worker-0] INFO  ozoneimpl.OzoneContainer (OzoneContainer.java:stop(246)) - Attempting to stop container services.
2020-06-02 21:46:31,299 [ForkJoinPool.commonPool-worker-0] INFO  impl.RaftServerProxy (RaftServerProxy.java:lambda$close$4(314)) - b5c2ec00-3fae-4232-b683-9e5d794bf00b: close
2020-06-02 21:46:31,299 [ForkJoinPool.commonPool-worker-0] INFO  impl.RaftServerImpl (RaftServerImpl.java:lambda$shutdown$3(250)) - b5c2ec00-3fae-4232-b683-9e5d794bf00b@group-9A7393E4AAFF: shutdown
2020-06-02 21:46:31,299 [ForkJoinPool.commonPool-worker-0] INFO  util.JmxRegister (JmxRegister.java:unregister(73)) - Successfully un-registered JMX Bean with object name Ratis:service=RaftServer,group=group-9A7393E4AAFF,id=b5c2ec00-3fae-4232-b683-9e5d794bf00b
2020-06-02 21:46:31,299 [ForkJoinPool.commonPool-worker-0] INFO  impl.RoleInfo (RoleInfo.java:shutdownLeaderState(104)) - b5c2ec00-3fae-4232-b683-9e5d794bf00b: shutdown LeaderState
2020-06-02 21:46:31,299 [ForkJoinPool.commonPool-worker-0] INFO  impl.PendingRequests (PendingRequests.java:sendNotLeaderResponses(242)) - b5c2ec00-3fae-4232-b683-9e5d794bf00b@group-9A7393E4AAFF-PendingRequests: sendNotLeaderResponses
2020-06-02 21:46:31,300 [ForkJoinPool.commonPool-worker-0] INFO  metrics.RatisMetrics (RatisMetrics.java:unregister(46)) - Unregistering Metrics Registry : ratis.log_appender.b5c2ec00-3fae-4232-b683-9e5d794bf00b@group-9A7393E4AAFF
2020-06-02 21:46:31,300 [ForkJoinPool.commonPool-worker-0] INFO  impl.StateMachineUpdater (StateMachineUpdater.java:stopAndJoin(142)) - b5c2ec00-3fae-4232-b683-9e5d794bf00b@group-9A7393E4AAFF-StateMachineUpdater: set stopIndex = 0
2020-06-02 21:46:31,301 [b5c2ec00-3fae-4232-b683-9e5d794bf00b@group-9A7393E4AAFF-StateMachineUpdater] INFO  ratis.ContainerStateMachine (ContainerStateMachine.java:takeSnapshot(288)) - group-9A7393E4AAFF: Taking a snapshot at:(t:1, i:0) file /github/workspace/mnt/ozone/hadoop-ozone/integration-test/target/test-dir/MiniOzoneClusterImpl-39d74104-fe92-41ad-97bc-67d3c75ba87b/datanode-2/data/ratis/a776997c-4247-4c2f-9a4e-9a7393e4aaff/sm/snapshot.1_0
2020-06-02 21:46:31,302 [b5c2ec00-3fae-4232-b683-9e5d794bf00b@group-9A7393E4AAFF-StateMachineUpdater] INFO  ratis.ContainerStateMachine (ContainerStateMachine.java:takeSnapshot(299)) - group-9A7393E4AAFF: Finished taking a snapshot at:(t:1, i:0) file:/github/workspace/mnt/ozone/hadoop-ozone/integration-test/target/test-dir/MiniOzoneClusterImpl-39d74104-fe92-41ad-97bc-67d3c75ba87b/datanode-2/data/ratis/a776997c-4247-4c2f-9a4e-9a7393e4aaff/sm/snapshot.1_0 time:1
2020-06-02 21:46:31,302 [b5c2ec00-3fae-4232-b683-9e5d794bf00b@group-9A7393E4AAFF-StateMachineUpdater] INFO  impl.StateMachineUpdater (StateMachineUpdater.java:takeSnapshot(277)) - b5c2ec00-3fae-4232-b683-9e5d794bf00b@group-9A7393E4AAFF-StateMachineUpdater: Took a snapshot at index 0
2020-06-02 21:46:31,302 [b5c2ec00-3fae-4232-b683-9e5d794bf00b@group-9A7393E4AAFF-StateMachineUpdater] INFO  impl.StateMachineUpdater (StateMachineUpdater.java:lambda$new$0(87)) - b5c2ec00-3fae-4232-b683-9e5d794bf00b@group-9A7393E4AAFF-StateMachineUpdater: snapshotIndex: updateIncreasingly -1 -> 0
2020-06-02 21:46:31,302 [b5c2ec00-3fae-4232-b683-9e5d794bf00b@group-9A7393E4AAFF-StateMachineUpdater] INFO  metrics.RatisMetrics (RatisMetrics.java:unregister(46)) - Unregistering Metrics Registry : ratis.state_machine.b5c2ec00-3fae-4232-b683-9e5d794bf00b@group-9A7393E4AAFF
2020-06-02 21:46:31,302 [ForkJoinPool.commonPool-worker-0] INFO  impl.RaftServerImpl (ServerState.java:close(387)) - b5c2ec00-3fae-4232-b683-9e5d794bf00b@group-9A7393E4AAFF: closes. applyIndex: 0
2020-06-02 21:46:31,303 [b5c2ec00-3fae-4232-b683-9e5d794bf00b@group-9A7393E4AAFF-SegmentedRaftLogWorker] INFO  segmented.SegmentedRaftLogWorker (SegmentedRaftLogWorker.java:run(321)) - b5c2ec00-3fae-4232-b683-9e5d794bf00b@group-9A7393E4AAFF-SegmentedRaftLogWorker was interrupted, exiting. There are 0 tasks remaining in the queue.
2020-06-02 21:46:31,303 [ForkJoinPool.commonPool-worker-0] INFO  segmented.SegmentedRaftLogWorker (SegmentedRaftLogWorker.java:close(229)) - b5c2ec00-3fae-4232-b683-9e5d794bf00b@group-9A7393E4AAFF-SegmentedRaftLogWorker close()
2020-06-02 21:46:31,303 [ForkJoinPool.commonPool-worker-0] INFO  metrics.RatisMetrics (RatisMetrics.java:unregister(46)) - Unregistering Metrics Registry : ratis.log_worker.b5c2ec00-3fae-4232-b683-9e5d794bf00b
2020-06-02 21:46:31,303 [ForkJoinPool.commonPool-worker-0] INFO  metrics.RatisMetrics (RatisMetrics.java:unregister(46)) - Unregistering Metrics Registry : ratis.leader_election.b5c2ec00-3fae-4232-b683-9e5d794bf00b@group-9A7393E4AAFF
2020-06-02 21:46:31,303 [ForkJoinPool.commonPool-worker-0] INFO  metrics.RatisMetrics (RatisMetrics.java:unregister(46)) - Unregistering Metrics Registry : ratis.server.b5c2ec00-3fae-4232-b683-9e5d794bf00b@group-9A7393E4AAFF
2020-06-02 21:46:31,304 [ForkJoinPool.commonPool-worker-0] INFO  impl.RaftServerImpl (RaftServerImpl.java:lambda$shutdown$3(250)) - b5c2ec00-3fae-4232-b683-9e5d794bf00b@group-FE370B887547: shutdown
2020-06-02 21:46:31,304 [ForkJoinPool.commonPool-worker-0] INFO  util.JmxRegister (JmxRegister.java:unregister(73)) - Successfully un-registered JMX Bean with object name Ratis:service=RaftServer,group=group-FE370B887547,id=b5c2ec00-3fae-4232-b683-9e5d794bf00b
2020-06-02 21:46:31,304 [ForkJoinPool.commonPool-worker-0] INFO  impl.RoleInfo (RoleInfo.java:shutdownFollowerState(121)) - b5c2ec00-3fae-4232-b683-9e5d794bf00b: shutdown FollowerState
2020-06-02 21:46:31,304 [ForkJoinPool.commonPool-worker-0] INFO  impl.StateMachineUpdater (StateMachineUpdater.java:stopAndJoin(142)) - b5c2ec00-3fae-4232-b683-9e5d794bf00b@group-FE370B887547-StateMachineUpdater: set stopIndex = 0
2020-06-02 21:46:31,304 [Thread-640] INFO  impl.FollowerState (FollowerState.java:run(117)) - b5c2ec00-3fae-4232-b683-9e5d794bf00b@group-FE370B887547-FollowerState was interrupted: java.lang.InterruptedException: sleep interrupted
2020-06-02 21:46:31,304 [b5c2ec00-3fae-4232-b683-9e5d794bf00b@group-FE370B887547-StateMachineUpdater] INFO  ratis.ContainerStateMachine (ContainerStateMachine.java:takeSnapshot(288)) - group-FE370B887547: Taking a snapshot at:(t:1, i:0) file /github/workspace/mnt/ozone/hadoop-ozone/integration-test/target/test-dir/MiniOzoneClusterImpl-39d74104-fe92-41ad-97bc-67d3c75ba87b/datanode-2/data/ratis/cb8d75b6-4be9-422d-8899-fe370b887547/sm/snapshot.1_0
2020-06-02 21:46:31,305 [b5c2ec00-3fae-4232-b683-9e5d794bf00b@group-FE370B887547-StateMachineUpdater] INFO  ratis.ContainerStateMachine (ContainerStateMachine.java:takeSnapshot(299)) - group-FE370B887547: Finished taking a snapshot at:(t:1, i:0) file:/github/workspace/mnt/ozone/hadoop-ozone/integration-test/target/test-dir/MiniOzoneClusterImpl-39d74104-fe92-41ad-97bc-67d3c75ba87b/datanode-2/data/ratis/cb8d75b6-4be9-422d-8899-fe370b887547/sm/snapshot.1_0 time:1
2020-06-02 21:46:31,305 [b5c2ec00-3fae-4232-b683-9e5d794bf00b@group-FE370B887547-StateMachineUpdater] INFO  impl.StateMachineUpdater (StateMachineUpdater.java:takeSnapshot(277)) - b5c2ec00-3fae-4232-b683-9e5d794bf00b@group-FE370B887547-StateMachineUpdater: Took a snapshot at index 0
2020-06-02 21:46:31,305 [b5c2ec00-3fae-4232-b683-9e5d794bf00b@group-FE370B887547-StateMachineUpdater] INFO  impl.StateMachineUpdater (StateMachineUpdater.java:lambda$new$0(87)) - b5c2ec00-3fae-4232-b683-9e5d794bf00b@group-FE370B887547-StateMachineUpdater: snapshotIndex: updateIncreasingly -1 -> 0
2020-06-02 21:46:31,306 [b5c2ec00-3fae-4232-b683-9e5d794bf00b@group-FE370B887547-StateMachineUpdater] INFO  metrics.RatisMetrics (RatisMetrics.java:unregister(46)) - Unregistering Metrics Registry : ratis.state_machine.b5c2ec00-3fae-4232-b683-9e5d794bf00b@group-FE370B887547
2020-06-02 21:46:31,306 [ForkJoinPool.commonPool-worker-0] INFO  impl.RaftServerImpl (ServerState.java:close(387)) - b5c2ec00-3fae-4232-b683-9e5d794bf00b@group-FE370B887547: closes. applyIndex: 0
2020-06-02 21:46:31,306 [b5c2ec00-3fae-4232-b683-9e5d794bf00b@group-FE370B887547-SegmentedRaftLogWorker] INFO  segmented.SegmentedRaftLogWorker (SegmentedRaftLogWorker.java:run(321)) - b5c2ec00-3fae-4232-b683-9e5d794bf00b@group-FE370B887547-SegmentedRaftLogWorker was interrupted, exiting. There are 0 tasks remaining in the queue.
2020-06-02 21:46:31,306 [ForkJoinPool.commonPool-worker-0] INFO  segmented.SegmentedRaftLogWorker (SegmentedRaftLogWorker.java:close(229)) - b5c2ec00-3fae-4232-b683-9e5d794bf00b@group-FE370B887547-SegmentedRaftLogWorker close()
2020-06-02 21:46:31,307 [ForkJoinPool.commonPool-worker-0] INFO  metrics.RatisMetrics (RatisMetrics.java:unregister(46)) - Unregistering Metrics Registry : ratis.log_worker.b5c2ec00-3fae-4232-b683-9e5d794bf00b
2020-06-02 21:46:31,307 [ForkJoinPool.commonPool-worker-0] INFO  metrics.RatisMetrics (RatisMetrics.java:unregister(46)) - Unregistering Metrics Registry : ratis.leader_election.b5c2ec00-3fae-4232-b683-9e5d794bf00b@group-FE370B887547
2020-06-02 21:46:31,307 [ForkJoinPool.commonPool-worker-0] INFO  metrics.RatisMetrics (RatisMetrics.java:unregister(46)) - Unregistering Metrics Registry : ratis.server.b5c2ec00-3fae-4232-b683-9e5d794bf00b@group-FE370B887547
2020-06-02 21:46:31,307 [ForkJoinPool.commonPool-worker-0] INFO  server.GrpcService (GrpcService.java:closeImpl(165)) - b5c2ec00-3fae-4232-b683-9e5d794bf00b: shutdown server with port 39617 now
2020-06-02 21:46:31,312 [ForkJoinPool.commonPool-worker-0] INFO  server.GrpcService (GrpcService.java:closeImpl(173)) - b5c2ec00-3fae-4232-b683-9e5d794bf00b: shutdown server with port 39617 successfully
2020-06-02 21:46:31,313 [ForkJoinPool.commonPool-worker-0] INFO  utils.BackgroundService (BackgroundService.java:shutdown(157)) - Shutting down service BlockDeletingService
2020-06-02 21:46:31,314 [ForkJoinPool.commonPool-worker-0] INFO  statemachine.DatanodeStateMachine (DatanodeStateMachine.java:stopDaemon(424)) - Ozone container server stopped.
2020-06-02 21:46:31,315 [ForkJoinPool.commonPool-worker-0] INFO  handler.ContextHandler (ContextHandler.java:doStop(1016)) - Stopped o.e.j.w.WebAppContext@2487a193{hddsDatanode,/,null,UNAVAILABLE}{jar:file:/home/user/.m2/repository/org/apache/hadoop/hadoop-hdds-container-service/0.6.0-SNAPSHOT/hadoop-hdds-container-service-0.6.0-SNAPSHOT.jar!/webapps/hddsDatanode}
2020-06-02 21:46:31,315 [ForkJoinPool.commonPool-worker-0] INFO  server.AbstractConnector (AbstractConnector.java:doStop(380)) - Stopped ServerConnector@457b7d1e{HTTP/1.1,[http/1.1]}{0.0.0.0:0}
2020-06-02 21:46:31,315 [ForkJoinPool.commonPool-worker-0] INFO  server.session (HouseKeeper.java:stopScavenging(158)) - node0 Stopped scavenging
2020-06-02 21:46:31,315 [ForkJoinPool.commonPool-worker-0] INFO  handler.ContextHandler (ContextHandler.java:doStop(1016)) - Stopped o.e.j.s.ServletContextHandler@7a2298af{static,/static,jar:file:/home/user/.m2/repository/org/apache/hadoop/hadoop-hdds-container-service/0.6.0-SNAPSHOT/hadoop-hdds-container-service-0.6.0-SNAPSHOT.jar!/webapps/static,UNAVAILABLE}
2020-06-02 21:46:31,315 [ForkJoinPool.commonPool-worker-0] INFO  handler.ContextHandler (ContextHandler.java:doStop(1016)) - Stopped o.e.j.s.ServletContextHandler@2505123c{logs,/logs,file:///github/workspace/mnt/ozone/hadoop-ozone/integration-test/target/log,UNAVAILABLE}
2020-06-02 21:46:31,319 [Thread-386] INFO  ozone.MiniOzoneClusterImpl (MiniOzoneClusterImpl.java:stopSCM(476)) - Stopping the StorageContainerManager
2020-06-02 21:46:31,319 [Thread-386] INFO  server.StorageContainerManager (StorageContainerManager.java:stop(824)) - Stopping Replication Manager Service.
2020-06-02 21:46:31,319 [Thread-386] INFO  container.ReplicationManager (ReplicationManager.java:stop(215)) - Replication Monitor Thread is not running.
2020-06-02 21:46:31,319 [Thread-386] INFO  server.StorageContainerManager (StorageContainerManager.java:stop(831)) - Stopping Lease Manager of the command watchers
2020-06-02 21:46:31,319 [Thread-386] INFO  server.StorageContainerManager (StorageContainerManager.java:stop(838)) - Stopping datanode service RPC server
2020-06-02 21:46:31,319 [CommandWatcher-LeaseManager#LeaseMonitor] ERROR lease.LeaseManager (LeaseManager.java:run(238)) - Execution was interrupted 
java.lang.InterruptedException: sleep interrupted
	at java.lang.Thread.sleep(Native Method)
	at org.apache.hadoop.ozone.lease.LeaseManager$LeaseMonitor.run(LeaseManager.java:234)
	at java.lang.Thread.run(Thread.java:748)
2020-06-02 21:46:31,319 [Thread-386] INFO  server.SCMDatanodeProtocolServer (SCMDatanodeProtocolServer.java:stop(361)) - Stopping the RPC server for DataNodes
2020-06-02 21:46:31,319 [Thread-386] INFO  ipc.Server (Server.java:stop(3359)) - Stopping server on 46497
2020-06-02 21:46:31,321 [IPC Server Responder] INFO  ipc.Server (Server.java:run(1465)) - Stopping IPC Server Responder
2020-06-02 21:46:31,322 [IPC Server listener on 0] INFO  ipc.Server (Server.java:run(1330)) - Stopping IPC Server listener on 0
2020-06-02 21:46:31,411 [SCM Heartbeat Processing Thread - 0] WARN  node.NodeStateManager (NodeStateManager.java:scheduleNextHealthCheck(661)) - Current Thread is interrupted, shutting down HB processing thread for Node Manager.
2020-06-02 21:46:31,412 [Thread-386] INFO  server.StorageContainerManager (StorageContainerManager.java:stop(846)) - Stopping block service RPC server
2020-06-02 21:46:31,412 [Thread-386] INFO  server.SCMBlockProtocolServer (SCMBlockProtocolServer.java:stop(158)) - Stopping the RPC server for Block Protocol
2020-06-02 21:46:31,413 [Thread-386] INFO  ipc.Server (Server.java:stop(3359)) - Stopping server on 44563
2020-06-02 21:46:31,415 [IPC Server listener on 0] INFO  ipc.Server (Server.java:run(1330)) - Stopping IPC Server listener on 0
2020-06-02 21:46:31,415 [IPC Server Responder] INFO  ipc.Server (Server.java:run(1465)) - Stopping IPC Server Responder
2020-06-02 21:46:31,416 [Thread-386] INFO  server.StorageContainerManager (StorageContainerManager.java:stop(853)) - Stopping the StorageContainerLocationProtocol RPC server
2020-06-02 21:46:31,416 [Thread-386] INFO  server.SCMClientProtocolServer (SCMClientProtocolServer.java:stop(166)) - Stopping the RPC server for Client Protocol
2020-06-02 21:46:31,417 [Thread-386] INFO  ipc.Server (Server.java:stop(3359)) - Stopping server on 44273
2020-06-02 21:46:31,419 [IPC Server listener on 0] INFO  ipc.Server (Server.java:run(1330)) - Stopping IPC Server listener on 0
2020-06-02 21:46:31,419 [IPC Server Responder] INFO  ipc.Server (Server.java:run(1465)) - Stopping IPC Server Responder
2020-06-02 21:46:31,420 [Thread-386] INFO  server.StorageContainerManager (StorageContainerManager.java:stop(860)) - Stopping Storage Container Manager HTTP server.
2020-06-02 21:46:31,421 [Thread-386] INFO  handler.ContextHandler (ContextHandler.java:doStop(1016)) - Stopped o.e.j.w.WebAppContext@1c6cfc01{scm,/,null,UNAVAILABLE}{file:/github/workspace/mnt/ozone/hadoop-ozone/integration-test/target/test-classes/webapps/scm}
2020-06-02 21:46:31,422 [Thread-386] INFO  server.AbstractConnector (AbstractConnector.java:doStop(380)) - Stopped ServerConnector@740a936b{HTTP/1.1,[http/1.1]}{0.0.0.0:0}
2020-06-02 21:46:31,422 [Thread-386] INFO  server.session (HouseKeeper.java:stopScavenging(158)) - node0 Stopped scavenging
2020-06-02 21:46:31,422 [Thread-386] INFO  handler.ContextHandler (ContextHandler.java:doStop(1016)) - Stopped o.e.j.s.ServletContextHandler@481c7832{static,/static,file:///github/workspace/mnt/ozone/hadoop-ozone/integration-test/target/test-classes/webapps/static,UNAVAILABLE}
2020-06-02 21:46:31,423 [Thread-386] INFO  handler.ContextHandler (ContextHandler.java:doStop(1016)) - Stopped o.e.j.s.ServletContextHandler@34457d8{logs,/logs,file:///github/workspace/mnt/ozone/hadoop-ozone/integration-test/target/log,UNAVAILABLE}
2020-06-02 21:46:31,424 [Thread-386] INFO  server.StorageContainerManager (StorageContainerManager.java:stop(871)) - Stopping Block Manager Service.
2020-06-02 21:46:31,424 [Thread-386] INFO  utils.BackgroundService (BackgroundService.java:shutdown(157)) - Shutting down service SCMBlockDeletingService
2020-06-02 21:46:31,424 [Thread-386] INFO  utils.BackgroundService (BackgroundService.java:shutdown(157)) - Shutting down service SCMBlockDeletingService
2020-06-02 21:46:31,425 [Thread-386] INFO  server.StorageContainerManager (StorageContainerManager.java:stop(896)) - Stopping SCM Event Queue.
2020-06-02 21:46:31,428 [Thread-386] INFO  impl.MetricsSystemImpl (MetricsSystemImpl.java:stop(210)) - Stopping HddsDatanode metrics system...
2020-06-02 21:46:31,429 [Thread-386] INFO  impl.MetricsSystemImpl (MetricsSystemImpl.java:stop(216)) - HddsDatanode metrics system stopped.
]]></system-out>
    <system-err><![CDATA[====> TEST TIMED OUT. PRINTING THREAD DUMP. <====

Timestamp: 2020-06-02 09:44:40,592

"main"  prio=5 tid=1 runnable
java.lang.Thread.State: RUNNABLE
        at java.lang.Thread.dumpThreads(Native Method)
        at java.lang.Thread.getAllStackTraces(Thread.java:1610)
        at org.apache.hadoop.test.TimedOutTestsListener.buildThreadDump(TimedOutTestsListener.java:93)
        at org.apache.hadoop.test.TimedOutTestsListener.buildThreadDiagnosticString(TimedOutTestsListener.java:79)
        at org.apache.hadoop.test.TimedOutTestsListener.testFailure(TimedOutTestsListener.java:67)
        at org.junit.runner.notification.RunNotifier$4.notifyListener(RunNotifier.java:139)
        at org.junit.runner.notification.RunNotifier$SafeNotifier.run(RunNotifier.java:61)
        at org.junit.runner.notification.RunNotifier.fireTestFailures(RunNotifier.java:134)
        at org.junit.runner.notification.RunNotifier.fireTestFailure(RunNotifier.java:128)
        at org.apache.maven.surefire.common.junit4.Notifier.fireTestFailure(Notifier.java:114)
        at org.junit.internal.runners.model.EachTestNotifier.addFailure(EachTestNotifier.java:23)
        at org.junit.runners.ParentRunner.runLeaf(ParentRunner.java:275)
        at org.junit.runners.BlockJUnit4ClassRunner.runChild(BlockJUnit4ClassRunner.java:70)
        at org.junit.runners.BlockJUnit4ClassRunner.runChild(BlockJUnit4ClassRunner.java:50)
        at org.junit.runners.ParentRunner$3.run(ParentRunner.java:238)
        at org.junit.runners.ParentRunner$1.schedule(ParentRunner.java:63)
        at org.junit.runners.ParentRunner.runChildren(ParentRunner.java:236)
        at org.junit.runners.ParentRunner.access$000(ParentRunner.java:53)
        at org.junit.runners.ParentRunner$2.evaluate(ParentRunner.java:229)
        at org.junit.internal.runners.statements.RunBefores.evaluate(RunBefores.java:26)
        at org.junit.internal.runners.statements.RunAfters.evaluate(RunAfters.java:27)
        at org.junit.runners.ParentRunner.run(ParentRunner.java:309)
        at org.apache.maven.surefire.junit4.JUnit4Provider.execute(JUnit4Provider.java:365)
        at org.apache.maven.surefire.junit4.JUnit4Provider.executeWithRerun(JUnit4Provider.java:273)
        at org.apache.maven.surefire.junit4.JUnit4Provider.executeTestSet(JUnit4Provider.java:238)
        at org.apache.maven.surefire.junit4.JUnit4Provider.invoke(JUnit4Provider.java:159)
        at org.apache.maven.surefire.booter.ForkedBooter.invokeProviderInSameClassLoader(ForkedBooter.java:384)
        at org.apache.maven.surefire.booter.ForkedBooter.runSuitesInProcess(ForkedBooter.java:345)
        at org.apache.maven.surefire.booter.ForkedBooter.execute(ForkedBooter.java:126)
        at org.apache.maven.surefire.booter.ForkedBooter.main(ForkedBooter.java:418)
"Thread-156" daemon prio=5 tid=207 timed_waiting
java.lang.Thread.State: TIMED_WAITING
        at sun.misc.Unsafe.park(Native Method)
        at java.util.concurrent.locks.LockSupport.parkNanos(LockSupport.java:215)
        at java.util.concurrent.locks.AbstractQueuedSynchronizer$ConditionObject.awaitNanos(AbstractQueuedSynchronizer.java:2078)
        at java.util.concurrent.ArrayBlockingQueue.poll(ArrayBlockingQueue.java:418)
        at org.apache.ratis.server.impl.LeaderState$EventQueue.poll(LeaderState.java:121)
        at org.apache.ratis.server.impl.LeaderState$EventProcessor.run(LeaderState.java:496)
"Datanode ReportManager Thread - 2" daemon prio=5 tid=175 in Object.wait()
java.lang.Thread.State: WAITING (on object monitor)
        at sun.misc.Unsafe.park(Native Method)
        at java.util.concurrent.locks.LockSupport.park(LockSupport.java:175)
        at java.util.concurrent.locks.AbstractQueuedSynchronizer$ConditionObject.await(AbstractQueuedSynchronizer.java:2039)
        at java.util.concurrent.ScheduledThreadPoolExecutor$DelayedWorkQueue.take(ScheduledThreadPoolExecutor.java:1088)
        at java.util.concurrent.ScheduledThreadPoolExecutor$DelayedWorkQueue.take(ScheduledThreadPoolExecutor.java:809)
        at java.util.concurrent.ThreadPoolExecutor.getTask(ThreadPoolExecutor.java:1074)
        at java.util.concurrent.ThreadPoolExecutor.runWorker(ThreadPoolExecutor.java:1134)
        at java.util.concurrent.ThreadPoolExecutor$Worker.run(ThreadPoolExecutor.java:624)
        at java.lang.Thread.run(Thread.java:748)
"Datanode ReportManager Thread - 3" daemon prio=5 tid=176 in Object.wait()
java.lang.Thread.State: WAITING (on object monitor)
        at sun.misc.Unsafe.park(Native Method)
        at java.util.concurrent.locks.LockSupport.park(LockSupport.java:175)
        at java.util.concurrent.locks.AbstractQueuedSynchronizer$ConditionObject.await(AbstractQueuedSynchronizer.java:2039)
        at java.util.concurrent.ScheduledThreadPoolExecutor$DelayedWorkQueue.take(ScheduledThreadPoolExecutor.java:1088)
        at java.util.concurrent.ScheduledThreadPoolExecutor$DelayedWorkQueue.take(ScheduledThreadPoolExecutor.java:809)
        at java.util.concurrent.ThreadPoolExecutor.getTask(ThreadPoolExecutor.java:1074)
        at java.util.concurrent.ThreadPoolExecutor.runWorker(ThreadPoolExecutor.java:1134)
        at java.util.concurrent.ThreadPoolExecutor$Worker.run(ThreadPoolExecutor.java:624)
        at java.lang.Thread.run(Thread.java:748)
"process reaper" daemon prio=10 tid=11 timed_waiting
java.lang.Thread.State: TIMED_WAITING
        at sun.misc.Unsafe.park(Native Method)
        at java.util.concurrent.locks.LockSupport.parkNanos(LockSupport.java:215)
        at java.util.concurrent.SynchronousQueue$TransferStack.awaitFulfill(SynchronousQueue.java:460)
        at java.util.concurrent.SynchronousQueue$TransferStack.transfer(SynchronousQueue.java:362)
        at java.util.concurrent.SynchronousQueue.poll(SynchronousQueue.java:941)
        at java.util.concurrent.ThreadPoolExecutor.getTask(ThreadPoolExecutor.java:1073)
        at java.util.concurrent.ThreadPoolExecutor.runWorker(ThreadPoolExecutor.java:1134)
        at java.util.concurrent.ThreadPoolExecutor$Worker.run(ThreadPoolExecutor.java:624)
        at java.lang.Thread.run(Thread.java:748)
"Datanode ReportManager Thread - 1" daemon prio=5 tid=174 in Object.wait()
java.lang.Thread.State: WAITING (on object monitor)
        at sun.misc.Unsafe.park(Native Method)
        at java.util.concurrent.locks.LockSupport.park(LockSupport.java:175)
        at java.util.concurrent.locks.AbstractQueuedSynchronizer$ConditionObject.await(AbstractQueuedSynchronizer.java:2039)
        at java.util.concurrent.ScheduledThreadPoolExecutor$DelayedWorkQueue.take(ScheduledThreadPoolExecutor.java:1088)
        at java.util.concurrent.ScheduledThreadPoolExecutor$DelayedWorkQueue.take(ScheduledThreadPoolExecutor.java:809)
        at java.util.concurrent.ThreadPoolExecutor.getTask(ThreadPoolExecutor.java:1074)
        at java.util.concurrent.ThreadPoolExecutor.runWorker(ThreadPoolExecutor.java:1134)
        at java.util.concurrent.ThreadPoolExecutor$Worker.run(ThreadPoolExecutor.java:624)
        at java.lang.Thread.run(Thread.java:748)
"Reference Handler" daemon prio=10 tid=2 in Object.wait()
java.lang.Thread.State: WAITING (on object monitor)
        at java.lang.Object.wait(Native Method)
        at java.lang.Object.wait(Object.java:502)
        at java.lang.ref.Reference.tryHandlePending(Reference.java:191)
        at java.lang.ref.Reference$ReferenceHandler.run(Reference.java:153)
"Datanode ReportManager Thread - 0" daemon prio=5 tid=173 timed_waiting
java.lang.Thread.State: TIMED_WAITING
        at sun.misc.Unsafe.park(Native Method)
        at java.util.concurrent.locks.LockSupport.parkNanos(LockSupport.java:215)
        at java.util.concurrent.locks.AbstractQueuedSynchronizer$ConditionObject.awaitNanos(AbstractQueuedSynchronizer.java:2078)
        at java.util.concurrent.ScheduledThreadPoolExecutor$DelayedWorkQueue.take(ScheduledThreadPoolExecutor.java:1093)
        at java.util.concurrent.ScheduledThreadPoolExecutor$DelayedWorkQueue.take(ScheduledThreadPoolExecutor.java:809)
        at java.util.concurrent.ThreadPoolExecutor.getTask(ThreadPoolExecutor.java:1074)
        at java.util.concurrent.ThreadPoolExecutor.runWorker(ThreadPoolExecutor.java:1134)
        at java.util.concurrent.ThreadPoolExecutor$Worker.run(ThreadPoolExecutor.java:624)
        at java.lang.Thread.run(Thread.java:748)
"surefire-forkedjvm-command-thread" daemon prio=5 tid=9 runnable
java.lang.Thread.State: RUNNABLE
        at java.io.FileInputStream.readBytes(Native Method)
        at java.io.FileInputStream.read(FileInputStream.java:255)
        at java.io.BufferedInputStream.fill(BufferedInputStream.java:246)
        at java.io.BufferedInputStream.read(BufferedInputStream.java:265)
        at java.io.DataInputStream.readInt(DataInputStream.java:387)
        at org.apache.maven.surefire.booter.MasterProcessCommand.decode(MasterProcessCommand.java:115)
        at org.apache.maven.surefire.booter.CommandReader$CommandRunnable.run(CommandReader.java:390)
        at java.lang.Thread.run(Thread.java:748)
"grpc-nio-boss-ELG-1-1" daemon prio=5 tid=193 runnable
java.lang.Thread.State: RUNNABLE
        at sun.nio.ch.EPollArrayWrapper.epollWait(Native Method)
        at sun.nio.ch.EPollArrayWrapper.poll(EPollArrayWrapper.java:269)
        at sun.nio.ch.EPollSelectorImpl.doSelect(EPollSelectorImpl.java:93)
        at sun.nio.ch.SelectorImpl.lockAndDoSelect(SelectorImpl.java:86)
        at sun.nio.ch.SelectorImpl.select(SelectorImpl.java:97)
        at sun.nio.ch.SelectorImpl.select(SelectorImpl.java:101)
        at org.apache.ratis.thirdparty.io.netty.channel.nio.SelectedSelectionKeySetSelector.select(SelectedSelectionKeySetSelector.java:68)
        at org.apache.ratis.thirdparty.io.netty.channel.nio.NioEventLoop.select(NioEventLoop.java:803)
        at org.apache.ratis.thirdparty.io.netty.channel.nio.NioEventLoop.run(NioEventLoop.java:457)
        at org.apache.ratis.thirdparty.io.netty.util.concurrent.SingleThreadEventExecutor$4.run(SingleThreadEventExecutor.java:989)
        at org.apache.ratis.thirdparty.io.netty.util.internal.ThreadExecutorMap$2.run(ThreadExecutorMap.java:74)
        at org.apache.ratis.thirdparty.io.netty.util.concurrent.FastThreadLocalRunnable.run(FastThreadLocalRunnable.java:30)
        at java.lang.Thread.run(Thread.java:748)
"grpc-shared-destroyer-0" daemon prio=5 tid=208 timed_waiting
java.lang.Thread.State: TIMED_WAITING
        at sun.misc.Unsafe.park(Native Method)
        at java.util.concurrent.locks.LockSupport.parkNanos(LockSupport.java:215)
        at java.util.concurrent.locks.AbstractQueuedSynchronizer$ConditionObject.awaitNanos(AbstractQueuedSynchronizer.java:2078)
        at java.util.concurrent.ScheduledThreadPoolExecutor$DelayedWorkQueue.take(ScheduledThreadPoolExecutor.java:1093)
        at java.util.concurrent.ScheduledThreadPoolExecutor$DelayedWorkQueue.take(ScheduledThreadPoolExecutor.java:809)
        at java.util.concurrent.ThreadPoolExecutor.getTask(ThreadPoolExecutor.java:1074)
        at java.util.concurrent.ThreadPoolExecutor.runWorker(ThreadPoolExecutor.java:1134)
        at java.util.concurrent.ThreadPoolExecutor$Worker.run(ThreadPoolExecutor.java:624)
        at java.lang.Thread.run(Thread.java:748)
"surefire-forkedjvm-ping-30s" daemon prio=5 tid=10 timed_waiting
java.lang.Thread.State: TIMED_WAITING
        at sun.misc.Unsafe.park(Native Method)
        at java.util.concurrent.locks.LockSupport.parkNanos(LockSupport.java:215)
        at java.util.concurrent.locks.AbstractQueuedSynchronizer$ConditionObject.awaitNanos(AbstractQueuedSynchronizer.java:2078)
        at java.util.concurrent.ScheduledThreadPoolExecutor$DelayedWorkQueue.take(ScheduledThreadPoolExecutor.java:1093)
        at java.util.concurrent.ScheduledThreadPoolExecutor$DelayedWorkQueue.take(ScheduledThreadPoolExecutor.java:809)
        at java.util.concurrent.ThreadPoolExecutor.getTask(ThreadPoolExecutor.java:1074)
        at java.util.concurrent.ThreadPoolExecutor.runWorker(ThreadPoolExecutor.java:1134)
        at java.util.concurrent.ThreadPoolExecutor$Worker.run(ThreadPoolExecutor.java:624)
        at java.lang.Thread.run(Thread.java:748)
"Finalizer" daemon prio=8 tid=3 in Object.wait()
java.lang.Thread.State: WAITING (on object monitor)
        at java.lang.Object.wait(Native Method)
        at java.lang.ref.ReferenceQueue.remove(ReferenceQueue.java:144)
        at java.lang.ref.ReferenceQueue.remove(ReferenceQueue.java:165)
        at java.lang.ref.Finalizer$FinalizerThread.run(Finalizer.java:216)
"Signal Dispatcher" daemon prio=9 tid=4 runnable
java.lang.Thread.State: RUNNABLE
"IPC Parameter Sending Thread #0" daemon prio=5 tid=112 timed_waiting
java.lang.Thread.State: TIMED_WAITING
        at sun.misc.Unsafe.park(Native Method)
        at java.util.concurrent.locks.LockSupport.parkNanos(LockSupport.java:215)
        at java.util.concurrent.SynchronousQueue$TransferStack.awaitFulfill(SynchronousQueue.java:460)
        at java.util.concurrent.SynchronousQueue$TransferStack.transfer(SynchronousQueue.java:362)
        at java.util.concurrent.SynchronousQueue.poll(SynchronousQueue.java:941)
        at java.util.concurrent.ThreadPoolExecutor.getTask(ThreadPoolExecutor.java:1073)
        at java.util.concurrent.ThreadPoolExecutor.runWorker(ThreadPoolExecutor.java:1134)
        at java.util.concurrent.ThreadPoolExecutor$Worker.run(ThreadPoolExecutor.java:624)
        at java.lang.Thread.run(Thread.java:748)

====> TEST TIMED OUT. PRINTING THREAD DUMP. <====

Timestamp: 2020-06-02 09:45:21,076

"grpc-default-executor-3" daemon prio=5 tid=489 timed_waiting
java.lang.Thread.State: TIMED_WAITING
        at sun.misc.Unsafe.park(Native Method)
        at java.util.concurrent.locks.LockSupport.parkNanos(LockSupport.java:215)
        at java.util.concurrent.SynchronousQueue$TransferStack.awaitFulfill(SynchronousQueue.java:460)
        at java.util.concurrent.SynchronousQueue$TransferStack.transfer(SynchronousQueue.java:362)
        at java.util.concurrent.SynchronousQueue.poll(SynchronousQueue.java:941)
        at java.util.concurrent.ThreadPoolExecutor.getTask(ThreadPoolExecutor.java:1073)
        at java.util.concurrent.ThreadPoolExecutor.runWorker(ThreadPoolExecutor.java:1134)
        at java.util.concurrent.ThreadPoolExecutor$Worker.run(ThreadPoolExecutor.java:624)
        at java.lang.Thread.run(Thread.java:748)
"Datanode ReportManager Thread - 0" daemon prio=5 tid=387 in Object.wait()
java.lang.Thread.State: WAITING (on object monitor)
        at sun.misc.Unsafe.park(Native Method)
        at java.util.concurrent.locks.LockSupport.park(LockSupport.java:175)
        at java.util.concurrent.locks.AbstractQueuedSynchronizer$ConditionObject.await(AbstractQueuedSynchronizer.java:2039)
        at java.util.concurrent.ScheduledThreadPoolExecutor$DelayedWorkQueue.take(ScheduledThreadPoolExecutor.java:1088)
        at java.util.concurrent.ScheduledThreadPoolExecutor$DelayedWorkQueue.take(ScheduledThreadPoolExecutor.java:809)
        at java.util.concurrent.ThreadPoolExecutor.getTask(ThreadPoolExecutor.java:1074)
        at java.util.concurrent.ThreadPoolExecutor.runWorker(ThreadPoolExecutor.java:1134)
        at java.util.concurrent.ThreadPoolExecutor$Worker.run(ThreadPoolExecutor.java:624)
        at java.lang.Thread.run(Thread.java:748)
"ForkJoinPool.commonPool-worker-1" daemon prio=5 tid=509 timed_waiting
java.lang.Thread.State: TIMED_WAITING
        at sun.misc.Unsafe.park(Native Method)
        at java.util.concurrent.ForkJoinPool.awaitWork(ForkJoinPool.java:1824)
        at java.util.concurrent.ForkJoinPool.runWorker(ForkJoinPool.java:1693)
        at java.util.concurrent.ForkJoinWorkerThread.run(ForkJoinWorkerThread.java:157)
"grpc-default-executor-0" daemon prio=5 tid=459 timed_waiting
java.lang.Thread.State: TIMED_WAITING
        at sun.misc.Unsafe.park(Native Method)
        at java.util.concurrent.locks.LockSupport.parkNanos(LockSupport.java:215)
        at java.util.concurrent.SynchronousQueue$TransferStack.awaitFulfill(SynchronousQueue.java:460)
        at java.util.concurrent.SynchronousQueue$TransferStack.transfer(SynchronousQueue.java:362)
        at java.util.concurrent.SynchronousQueue.poll(SynchronousQueue.java:941)
        at java.util.concurrent.ThreadPoolExecutor.getTask(ThreadPoolExecutor.java:1073)
        at java.util.concurrent.ThreadPoolExecutor.runWorker(ThreadPoolExecutor.java:1134)
        at java.util.concurrent.ThreadPoolExecutor$Worker.run(ThreadPoolExecutor.java:624)
        at java.lang.Thread.run(Thread.java:748)
"Datanode ReportManager Thread - 2" daemon prio=5 tid=413 timed_waiting
java.lang.Thread.State: TIMED_WAITING
        at sun.misc.Unsafe.park(Native Method)
        at java.util.concurrent.locks.LockSupport.parkNanos(LockSupport.java:215)
        at java.util.concurrent.locks.AbstractQueuedSynchronizer$ConditionObject.awaitNanos(AbstractQueuedSynchronizer.java:2078)
        at java.util.concurrent.ScheduledThreadPoolExecutor$DelayedWorkQueue.take(ScheduledThreadPoolExecutor.java:1093)
        at java.util.concurrent.ScheduledThreadPoolExecutor$DelayedWorkQueue.take(ScheduledThreadPoolExecutor.java:809)
        at java.util.concurrent.ThreadPoolExecutor.getTask(ThreadPoolExecutor.java:1074)
        at java.util.concurrent.ThreadPoolExecutor.runWorker(ThreadPoolExecutor.java:1134)
        at java.util.concurrent.ThreadPoolExecutor$Worker.run(ThreadPoolExecutor.java:624)
        at java.lang.Thread.run(Thread.java:748)
"grpc-default-executor-1" daemon prio=5 tid=462 timed_waiting
java.lang.Thread.State: TIMED_WAITING
        at sun.misc.Unsafe.park(Native Method)
        at java.util.concurrent.locks.LockSupport.parkNanos(LockSupport.java:215)
        at java.util.concurrent.SynchronousQueue$TransferStack.awaitFulfill(SynchronousQueue.java:460)
        at java.util.concurrent.SynchronousQueue$TransferStack.transfer(SynchronousQueue.java:362)
        at java.util.concurrent.SynchronousQueue.poll(SynchronousQueue.java:941)
        at java.util.concurrent.ThreadPoolExecutor.getTask(ThreadPoolExecutor.java:1073)
        at java.util.concurrent.ThreadPoolExecutor.runWorker(ThreadPoolExecutor.java:1134)
        at java.util.concurrent.ThreadPoolExecutor$Worker.run(ThreadPoolExecutor.java:624)
        at java.lang.Thread.run(Thread.java:748)
"Reference Handler" daemon prio=10 tid=2 in Object.wait()
java.lang.Thread.State: WAITING (on object monitor)
        at java.lang.Object.wait(Native Method)
        at java.lang.Object.wait(Object.java:502)
        at java.lang.ref.Reference.tryHandlePending(Reference.java:191)
        at java.lang.ref.Reference$ReferenceHandler.run(Reference.java:153)
"surefire-forkedjvm-command-thread" daemon prio=5 tid=9 runnable
java.lang.Thread.State: RUNNABLE
        at java.io.FileInputStream.readBytes(Native Method)
        at java.io.FileInputStream.read(FileInputStream.java:255)
        at java.io.BufferedInputStream.fill(BufferedInputStream.java:246)
        at java.io.BufferedInputStream.read(BufferedInputStream.java:265)
        at java.io.DataInputStream.readInt(DataInputStream.java:387)
        at org.apache.maven.surefire.booter.MasterProcessCommand.decode(MasterProcessCommand.java:115)
        at org.apache.maven.surefire.booter.CommandReader$CommandRunnable.run(CommandReader.java:390)
        at java.lang.Thread.run(Thread.java:748)
"grpc-nio-worker-ELG-3-1" daemon prio=5 tid=455 runnable
java.lang.Thread.State: RUNNABLE
        at sun.nio.ch.EPollArrayWrapper.epollWait(Native Method)
        at sun.nio.ch.EPollArrayWrapper.poll(EPollArrayWrapper.java:269)
        at sun.nio.ch.EPollSelectorImpl.doSelect(EPollSelectorImpl.java:93)
        at sun.nio.ch.SelectorImpl.lockAndDoSelect(SelectorImpl.java:86)
        at sun.nio.ch.SelectorImpl.select(SelectorImpl.java:97)
        at org.apache.ratis.thirdparty.io.netty.channel.nio.SelectedSelectionKeySetSelector.select(SelectedSelectionKeySetSelector.java:62)
        at org.apache.ratis.thirdparty.io.netty.channel.nio.NioEventLoop.select(NioEventLoop.java:807)
        at org.apache.ratis.thirdparty.io.netty.channel.nio.NioEventLoop.run(NioEventLoop.java:457)
        at org.apache.ratis.thirdparty.io.netty.util.concurrent.SingleThreadEventExecutor$4.run(SingleThreadEventExecutor.java:989)
        at org.apache.ratis.thirdparty.io.netty.util.internal.ThreadExecutorMap$2.run(ThreadExecutorMap.java:74)
        at org.apache.ratis.thirdparty.io.netty.util.concurrent.FastThreadLocalRunnable.run(FastThreadLocalRunnable.java:30)
        at java.lang.Thread.run(Thread.java:748)
"Datanode ReportManager Thread - 0" daemon prio=5 tid=411 in Object.wait()
java.lang.Thread.State: WAITING (on object monitor)
        at sun.misc.Unsafe.park(Native Method)
        at java.util.concurrent.locks.LockSupport.park(LockSupport.java:175)
        at java.util.concurrent.locks.AbstractQueuedSynchronizer$ConditionObject.await(AbstractQueuedSynchronizer.java:2039)
        at java.util.concurrent.ScheduledThreadPoolExecutor$DelayedWorkQueue.take(ScheduledThreadPoolExecutor.java:1088)
        at java.util.concurrent.ScheduledThreadPoolExecutor$DelayedWorkQueue.take(ScheduledThreadPoolExecutor.java:809)
        at java.util.concurrent.ThreadPoolExecutor.getTask(ThreadPoolExecutor.java:1074)
        at java.util.concurrent.ThreadPoolExecutor.runWorker(ThreadPoolExecutor.java:1134)
        at java.util.concurrent.ThreadPoolExecutor$Worker.run(ThreadPoolExecutor.java:624)
        at java.lang.Thread.run(Thread.java:748)
"grpc-nio-boss-ELG-1-1" daemon prio=5 tid=193 runnable
java.lang.Thread.State: RUNNABLE
        at sun.nio.ch.EPollArrayWrapper.epollWait(Native Method)
        at sun.nio.ch.EPollArrayWrapper.poll(EPollArrayWrapper.java:269)
        at sun.nio.ch.EPollSelectorImpl.doSelect(EPollSelectorImpl.java:93)
        at sun.nio.ch.SelectorImpl.lockAndDoSelect(SelectorImpl.java:86)
        at sun.nio.ch.SelectorImpl.select(SelectorImpl.java:97)
        at sun.nio.ch.SelectorImpl.select(SelectorImpl.java:101)
        at org.apache.ratis.thirdparty.io.netty.channel.nio.SelectedSelectionKeySetSelector.select(SelectedSelectionKeySetSelector.java:68)
        at org.apache.ratis.thirdparty.io.netty.channel.nio.NioEventLoop.select(NioEventLoop.java:803)
        at org.apache.ratis.thirdparty.io.netty.channel.nio.NioEventLoop.run(NioEventLoop.java:457)
        at org.apache.ratis.thirdparty.io.netty.util.concurrent.SingleThreadEventExecutor$4.run(SingleThreadEventExecutor.java:989)
        at org.apache.ratis.thirdparty.io.netty.util.internal.ThreadExecutorMap$2.run(ThreadExecutorMap.java:74)
        at org.apache.ratis.thirdparty.io.netty.util.concurrent.FastThreadLocalRunnable.run(FastThreadLocalRunnable.java:30)
        at java.lang.Thread.run(Thread.java:748)
"Datanode ReportManager Thread - 2" daemon prio=5 tid=369 in Object.wait()
java.lang.Thread.State: WAITING (on object monitor)
        at sun.misc.Unsafe.park(Native Method)
        at java.util.concurrent.locks.LockSupport.park(LockSupport.java:175)
        at java.util.concurrent.locks.AbstractQueuedSynchronizer$ConditionObject.await(AbstractQueuedSynchronizer.java:2039)
        at java.util.concurrent.ScheduledThreadPoolExecutor$DelayedWorkQueue.take(ScheduledThreadPoolExecutor.java:1088)
        at java.util.concurrent.ScheduledThreadPoolExecutor$DelayedWorkQueue.take(ScheduledThreadPoolExecutor.java:809)
        at java.util.concurrent.ThreadPoolExecutor.getTask(ThreadPoolExecutor.java:1074)
        at java.util.concurrent.ThreadPoolExecutor.runWorker(ThreadPoolExecutor.java:1134)
        at java.util.concurrent.ThreadPoolExecutor$Worker.run(ThreadPoolExecutor.java:624)
        at java.lang.Thread.run(Thread.java:748)
"java.util.concurrent.ThreadPoolExecutor$Worker@479b5fff[State = -1, empty queue]" daemon prio=5 tid=487 timed_waiting
java.lang.Thread.State: TIMED_WAITING
        at sun.misc.Unsafe.park(Native Method)
        at java.util.concurrent.locks.LockSupport.parkNanos(LockSupport.java:215)
        at java.util.concurrent.locks.AbstractQueuedSynchronizer$ConditionObject.awaitNanos(AbstractQueuedSynchronizer.java:2078)
        at java.util.concurrent.ScheduledThreadPoolExecutor$DelayedWorkQueue.take(ScheduledThreadPoolExecutor.java:1093)
        at java.util.concurrent.ScheduledThreadPoolExecutor$DelayedWorkQueue.take(ScheduledThreadPoolExecutor.java:809)
        at java.util.concurrent.ThreadPoolExecutor.getTask(ThreadPoolExecutor.java:1074)
        at java.util.concurrent.ThreadPoolExecutor.runWorker(ThreadPoolExecutor.java:1134)
        at java.util.concurrent.ThreadPoolExecutor$Worker.run(ThreadPoolExecutor.java:624)
        at java.lang.Thread.run(Thread.java:748)
"grpc-shared-destroyer-0" daemon prio=5 tid=208 timed_waiting
java.lang.Thread.State: TIMED_WAITING
        at sun.misc.Unsafe.park(Native Method)
        at java.util.concurrent.locks.LockSupport.parkNanos(LockSupport.java:215)
        at java.util.concurrent.locks.AbstractQueuedSynchronizer$ConditionObject.awaitNanos(AbstractQueuedSynchronizer.java:2078)
        at java.util.concurrent.ScheduledThreadPoolExecutor$DelayedWorkQueue.take(ScheduledThreadPoolExecutor.java:1093)
        at java.util.concurrent.ScheduledThreadPoolExecutor$DelayedWorkQueue.take(ScheduledThreadPoolExecutor.java:809)
        at java.util.concurrent.ThreadPoolExecutor.getTask(ThreadPoolExecutor.java:1074)
        at java.util.concurrent.ThreadPoolExecutor.runWorker(ThreadPoolExecutor.java:1134)
        at java.util.concurrent.ThreadPoolExecutor$Worker.run(ThreadPoolExecutor.java:624)
        at java.lang.Thread.run(Thread.java:748)
"surefire-forkedjvm-ping-30s" daemon prio=5 tid=10 timed_waiting
java.lang.Thread.State: TIMED_WAITING
        at sun.misc.Unsafe.park(Native Method)
        at java.util.concurrent.locks.LockSupport.parkNanos(LockSupport.java:215)
        at java.util.concurrent.locks.AbstractQueuedSynchronizer$ConditionObject.awaitNanos(AbstractQueuedSynchronizer.java:2078)
        at java.util.concurrent.ScheduledThreadPoolExecutor$DelayedWorkQueue.take(ScheduledThreadPoolExecutor.java:1093)
        at java.util.concurrent.ScheduledThreadPoolExecutor$DelayedWorkQueue.take(ScheduledThreadPoolExecutor.java:809)
        at java.util.concurrent.ThreadPoolExecutor.getTask(ThreadPoolExecutor.java:1074)
        at java.util.concurrent.ThreadPoolExecutor.runWorker(ThreadPoolExecutor.java:1134)
        at java.util.concurrent.ThreadPoolExecutor$Worker.run(ThreadPoolExecutor.java:624)
        at java.lang.Thread.run(Thread.java:748)
"Datanode ReportManager Thread - 3" daemon prio=5 tid=370 in Object.wait()
java.lang.Thread.State: WAITING (on object monitor)
        at sun.misc.Unsafe.park(Native Method)
        at java.util.concurrent.locks.LockSupport.park(LockSupport.java:175)
        at java.util.concurrent.locks.AbstractQueuedSynchronizer$ConditionObject.await(AbstractQueuedSynchronizer.java:2039)
        at java.util.concurrent.ScheduledThreadPoolExecutor$DelayedWorkQueue.take(ScheduledThreadPoolExecutor.java:1088)
        at java.util.concurrent.ScheduledThreadPoolExecutor$DelayedWorkQueue.take(ScheduledThreadPoolExecutor.java:809)
        at java.util.concurrent.ThreadPoolExecutor.getTask(ThreadPoolExecutor.java:1074)
        at java.util.concurrent.ThreadPoolExecutor.runWorker(ThreadPoolExecutor.java:1134)
        at java.util.concurrent.ThreadPoolExecutor$Worker.run(ThreadPoolExecutor.java:624)
        at java.lang.Thread.run(Thread.java:748)
"Finalizer" daemon prio=8 tid=3 in Object.wait()
java.lang.Thread.State: WAITING (on object monitor)
        at java.lang.Object.wait(Native Method)
        at java.lang.ref.ReferenceQueue.remove(ReferenceQueue.java:144)
        at java.lang.ref.ReferenceQueue.remove(ReferenceQueue.java:165)
        at java.lang.ref.Finalizer$FinalizerThread.run(Finalizer.java:216)
"IPC Parameter Sending Thread #0" daemon prio=5 tid=112 timed_waiting
java.lang.Thread.State: TIMED_WAITING
        at sun.misc.Unsafe.park(Native Method)
        at java.util.concurrent.locks.LockSupport.parkNanos(LockSupport.java:215)
        at java.util.concurrent.SynchronousQueue$TransferStack.awaitFulfill(SynchronousQueue.java:460)
        at java.util.concurrent.SynchronousQueue$TransferStack.transfer(SynchronousQueue.java:362)
        at java.util.concurrent.SynchronousQueue.poll(SynchronousQueue.java:941)
        at java.util.concurrent.ThreadPoolExecutor.getTask(ThreadPoolExecutor.java:1073)
        at java.util.concurrent.ThreadPoolExecutor.runWorker(ThreadPoolExecutor.java:1134)
        at java.util.concurrent.ThreadPoolExecutor$Worker.run(ThreadPoolExecutor.java:624)
        at java.lang.Thread.run(Thread.java:748)
"Datanode ReportManager Thread - 1" daemon prio=5 tid=368 in Object.wait()
java.lang.Thread.State: WAITING (on object monitor)
        at sun.misc.Unsafe.park(Native Method)
        at java.util.concurrent.locks.LockSupport.park(LockSupport.java:175)
        at java.util.concurrent.locks.AbstractQueuedSynchronizer$ConditionObject.await(AbstractQueuedSynchronizer.java:2039)
        at java.util.concurrent.ScheduledThreadPoolExecutor$DelayedWorkQueue.take(ScheduledThreadPoolExecutor.java:1088)
        at java.util.concurrent.ScheduledThreadPoolExecutor$DelayedWorkQueue.take(ScheduledThreadPoolExecutor.java:809)
        at java.util.concurrent.ThreadPoolExecutor.getTask(ThreadPoolExecutor.java:1074)
        at java.util.concurrent.ThreadPoolExecutor.runWorker(ThreadPoolExecutor.java:1134)
        at java.util.concurrent.ThreadPoolExecutor$Worker.run(ThreadPoolExecutor.java:624)
        at java.lang.Thread.run(Thread.java:748)
"main"  prio=5 tid=1 runnable
java.lang.Thread.State: RUNNABLE
        at java.lang.Thread.dumpThreads(Native Method)
        at java.lang.Thread.getAllStackTraces(Thread.java:1610)
        at org.apache.hadoop.test.TimedOutTestsListener.buildThreadDump(TimedOutTestsListener.java:93)
        at org.apache.hadoop.test.TimedOutTestsListener.buildThreadDiagnosticString(TimedOutTestsListener.java:79)
        at org.apache.hadoop.test.TimedOutTestsListener.testFailure(TimedOutTestsListener.java:67)
        at org.junit.runner.notification.RunNotifier$4.notifyListener(RunNotifier.java:139)
        at org.junit.runner.notification.RunNotifier$SafeNotifier.run(RunNotifier.java:61)
        at org.junit.runner.notification.RunNotifier.fireTestFailures(RunNotifier.java:134)
        at org.junit.runner.notification.RunNotifier.fireTestFailure(RunNotifier.java:128)
        at org.apache.maven.surefire.common.junit4.Notifier.fireTestFailure(Notifier.java:114)
        at org.junit.internal.runners.model.EachTestNotifier.addFailure(EachTestNotifier.java:23)
        at org.junit.runners.ParentRunner.runLeaf(ParentRunner.java:275)
        at org.junit.runners.BlockJUnit4ClassRunner.runChild(BlockJUnit4ClassRunner.java:70)
        at org.junit.runners.BlockJUnit4ClassRunner.runChild(BlockJUnit4ClassRunner.java:50)
        at org.junit.runners.ParentRunner$3.run(ParentRunner.java:238)
        at org.junit.runners.ParentRunner$1.schedule(ParentRunner.java:63)
        at org.junit.runners.ParentRunner.runChildren(ParentRunner.java:236)
        at org.junit.runners.ParentRunner.access$000(ParentRunner.java:53)
        at org.junit.runners.ParentRunner$2.evaluate(ParentRunner.java:229)
        at org.junit.internal.runners.statements.RunBefores.evaluate(RunBefores.java:26)
        at org.junit.internal.runners.statements.RunAfters.evaluate(RunAfters.java:27)
        at org.junit.runners.ParentRunner.run(ParentRunner.java:309)
        at org.apache.maven.surefire.junit4.JUnit4Provider.execute(JUnit4Provider.java:365)
        at org.apache.maven.surefire.junit4.JUnit4Provider.executeWithRerun(JUnit4Provider.java:273)
        at org.apache.maven.surefire.junit4.JUnit4Provider.executeTestSet(JUnit4Provider.java:238)
        at org.apache.maven.surefire.junit4.JUnit4Provider.invoke(JUnit4Provider.java:159)
        at org.apache.maven.surefire.booter.ForkedBooter.invokeProviderInSameClassLoader(ForkedBooter.java:384)
        at org.apache.maven.surefire.booter.ForkedBooter.runSuitesInProcess(ForkedBooter.java:345)
        at org.apache.maven.surefire.booter.ForkedBooter.execute(ForkedBooter.java:126)
        at org.apache.maven.surefire.booter.ForkedBooter.main(ForkedBooter.java:418)
"Datanode ReportManager Thread - 1" daemon prio=5 tid=412 in Object.wait()
java.lang.Thread.State: WAITING (on object monitor)
        at sun.misc.Unsafe.park(Native Method)
        at java.util.concurrent.locks.LockSupport.park(LockSupport.java:175)
        at java.util.concurrent.locks.AbstractQueuedSynchronizer$ConditionObject.await(AbstractQueuedSynchronizer.java:2039)
        at java.util.concurrent.ScheduledThreadPoolExecutor$DelayedWorkQueue.take(ScheduledThreadPoolExecutor.java:1088)
 ]]></system-err>
  </testcase>
  <testcase name="testDatanodeIDPersistent" classname="org.apache.hadoop.ozone.TestMiniOzoneCluster" time="0.045"/>
  <testcase name="testContainerRandomPort" classname="org.apache.hadoop.ozone.TestMiniOzoneCluster" time="0.19"/>
</testsuite>